<?xml version="1.0"?>
<opencv_storage>
<filter_type>0</filter_type>
<only_luma>0</only_luma>
<r1>1</r1>
<r2>2</r2>
<L2_diff>2.1096528150385316e+03</L2_diff>
<test_img type_id="opencv-matrix">
  <rows>128</rows>
  <cols>256</cols>
  <dt>"3u"</dt>
  <data>
    116 198 96 167 63 48 99 47 72 113 88 191 75 23 239 123 118 248 90
    106 246 164 219 66 215 9 12 221 31 221 4 63 57 5 175 160 4 144 254
    179 115 130 112 102 74 190 175 179 149 104 0 227 237 114 95 201 126
    190 159 131 167 126 48 159 76 223 155 107 47 130 131 169 37 232 101
    116 129 191 61 146 10 233 22 33 175 255 73 190 8 13 236 160 213 103
    193 63 75 242 44 202 199 157 188 205 197 184 104 90 142 16 136 31 75
    101 85 212 166 148 138 5 198 77 167 1 253 58 182 188 9 161 203 117
    89 8 113 105 42 45 198 140 86 157 202 86 88 62 111 79 76 61 70 11
    121 56 46 157 193 213 90 44 110 174 32 7 227 84 208 146 165 134 189
    31 191 61 114 17 210 188 31 53 226 147 219 81 28 19 230 164 15 143
    165 141 131 26 99 235 63 39 184 124 153 47 34 171 145 78 86 79 101
    162 99 237 253 167 123 233 143 179 65 70 22 235 155 193 40 188 139
    74 147 205 207 188 63 180 20 4 204 118 28 69 66 153 54 149 103 50
    169 219 167 163 36 195 248 69 211 173 189 115 147 179 104 82 151 69
    242 190 130 242 114 222 252 185 109 123 31 39 240 253 35 96 212 234
    155 208 85 212 77 249 226 220 92 57 33 39 107 100 81 116 16 45 74
    137 239 152 14 20 92 64 169 29 26 51 151 166 125 91 212 218 11 163
    251 232 250 134 202 5 199 105 143 213 157 184 24 163 132 188 22 68
    47 190 110 86 102 125 119 203 234 6 20 40 190 229 88 120 142 198 240
    212 139 150 214 79 106 156 76 157 173 192 252 64 254 151 126 227 235
    27 64 142 150 239 188 188 183 177 227 63 195 121 173 71 136 144 206
    255 176 10 240 118 176 237 225 146 81 86 100 141 217 238 170 151 125
    117 142 143 2 19 214 71 126 17 106 192 207 148 147 44 147 66 215 177
    119 116 142 38 235 34 88 54 251 202 42 154 88 213 162 226 63 254 4
    41 228 39 203 253 78 185 63 83 223 12 116 5 30 22 30 155 79 61 102
    56 237 127 144 242 161 168 33 165 158 228 93 218 179 134 23 202 13
    131 208 95 249 249 254 252 16 199 209 149 105 157 114 108 136 18 121
    149 247 51 135 97 57 217 27 187 146 167 177 31 97 80 29 83 27 154
    213 115 74 112 46 134 143 156 198 245 180 160 156 249 168 37 229 44
    92 250 232 84 214 117 24 82 20 21 135 76 183 148 245 25 107 99 89 39
    186 152 113 83 204 59 110 28 41 239 140 101 168 6 167 38 56 231 234
    223 177 16 219 226 87 27 181 0 63 26 11 239 202 2 198 31 135 43 84
    24 0 153 39 29 75 138 78 50 44 252 70 35 123 104 231 179 54 38 236
    132 223 24 191 233 68 228 219 175 53 55 68 215 90 55 151 98 17 90 53
    244 164 254 179 45 68 133 173 219 81 48 94 135 244 179 82 231 227 38
    35 49 11 179 151 221 195 119 133 57 32 234 101 20 95 15 45 11 126 30
    221 192 57 86 70 167 203 95 36 231 123 205 161 245 250 15 50 196 172
    222 217 18 108 74 52 40 216 102 174 205 244 40 186 48 167 214 155 32
    221 95 114 84 139 64 140 86 29 252 136 122 168 92 233 57 234 161 29
    134 188 57 132 115 96 223 207 124 233 139 37 172 240 217 241 221 192
    82 185 251 2 187 182 180 60 240 12 163 100 90 106 77 230 27 213 227
    172 59 201 72 85 181 50 214 207 235 154 56 25 108 229 126 113 252
    206 182 175 59 146 66 13 202 33 16 18 17 54 68 255 90 201 69 49 111
    244 70 158 162 71 101 126 209 95 2 69 98 250 37 36 239 16 89 234 57
    212 229 110 54 164 83 139 42 103 153 238 52 204 84 63 8 198 115 204
    129 168 124 123 120 63 10 62 97 57 57 185 204 10 117 176 75 156 144
    35 118 47 169 25 94 98 125 142 54 114 244 107 98 23 46 181 100 89
    165 0 255 172 84 135 128 182 150 163 200 42 50 25 253 133 91 72 108
    233 21 98 137 118 222 165 209 31 92 197 233 165 46 67 243 178 180
    245 176 201 53 45 194 212 172 161 177 162 156 158 26 68 95 227 136
    186 67 69 178 119 188 105 31 70 159 43 116 124 128 252 136 209 254
    183 46 197 78 0 173 231 18 66 72 86 52 128 118 227 51 123 172 246 89
    167 129 236 180 31 227 182 142 2 198 12 233 82 4 245 63 84 245 105
    162 130 67 180 79 166 197 162 253 20 72 239 155 111 9 25 179 96 181
    39 31 87 207 253 183 127 76 31 7 220 240 146 154 40 146 238 73 219
    204 147 115 117 29 149 133 28 50 22 234 1 81 172 176 155 3 77 84 73
    194 222 201 233 76 140 225 59 228 81 122 153 126 178 159 141 187 50
    26 220 79 18 255 231 212 36 236 146 139 247 155 96 16 145 128 56 49
    222 189 125 241 42 49 179 8 242 196 134 86 140 6 107 111 230 96 18
    78 197 255 213 60 75 79 117 55 232 121 178 238 51 219 252 77 91 73
    170 21 78 82 10 52 102 181 111 236 99 106 20 22 143 51 148 189 55
    143 84 5 233 95 15 39 183 22 51 208 244 56 177 232 167 160 227 205
    85 40 195 68 160 240 202 52 244 91 9 5 1 159 42 5 95 233 72 205 59
    108 124 178 190 129 77 168 241 69 10 55 74 176 246 112 120 21 101 23
    225 49 83 247 131 173 152 42 152 69 35 64 21 244 0 175 187 180 202
    219 178 161 136 69 244 241 206 157 179 99 32 96 93 171 230 209 96
    214 97 8 187 238 228 182 77 127 105 157 95 208 167 143 229 13 41 106
    174 61 163 212 110 193 254 147 124 226 5 69 46 61 216 100 91 248 91
    113 13 88 210 166 151 161 100 141 128 200 89 30 2 212 167 200 38 140
    119 247 203 111 204 245 219 244 37 196 66 42 108 175 2 131 4 195 128
    28 113 52 121 69 13 139 118 17 4 20 249 153 202 125 99 52 37 115 141
    191 14 41 246 143 2 122 176 53 32 167 43 218 165 40 70 188 126 180
    160 40 103 92 168 237 36 47 14 17 76 181 26 135 186 111 101 233 188
    158 244 137 214 245 136 15 181 126 220 231 240 120 56 233 21 141 224
    22 27 22 168 173 215 128 241 119 92 2 145 185 62 83 135 124 47 167
    174 114 245 162 204 42 225 179 131 176 146 224 148 57 169 134 194 49
    18 25 26 63 71 181 101 90 229 113 189 126 143 235 117 109 147 104
    203 219 78 69 181 205 113 88 55 150 191 177 166 72 224 157 235 164
    18 68 213 175 110 181 2 40 192 195 216 124 104 109 55 7 87 101 34
    221 209 21 241 47 90 192 185 199 135 189 71 87 152 2 255 84 247 253
    1 40 205 134 127 111 1 97 91 151 37 83 115 131 118 142 137 156 100
    119 249 45 84 90 82 30 31 17 103 207 182 241 173 81 76 6 46 10 137
    94 36 174 183 199 144 227 12 236 202 247 156 118 214 186 145 229 236
    124 161 16 229 41 80 86 36 193 208 150 28 127 103 90 235 93 86 136
    195 49 49 214 153 199 92 15 40 168 43 161 179 184 121 94 253 162 133
    59 81 132 32 145 249 176 23 128 14 164 95 124 96 125 214 67 85 120
    24 236 206 39 49 230 250 97 244 64 123 31 46 55 254 159 59 36 30 210
    55 30 219 138 244 172 136 172 114 196 235 14 99 226 138 49 248 56
    206 81 88 241 40 103 6 126 234 208 5 115 104 15 208 81 97 239 55 162
    145 173 246 39 22 53 191 192 43 114 42 0 187 11 77 231 106 239 185
    223 242 64 59 32 179 164 239 112 246 9 92 37 212 163 128 62 9 204
    199 5 230 139 136 168 12 101 164 166 204 152 225 54 201 96 179 62
    160 165 30 144 105 164 108 122 217 102 107 133 217 126 22 189 40 244
    182 6 35 158 197 144 132 156 255 236 253 114 98 12 26 163 101 216
    110 221 115 33 8 59 18 253 71 237 242 86 90 12 33 121 205 38 136 17
    248 204 59 240 144 38 162 68 216 155 164 73 65 178 104 101 131 204
    110 144 204 46 254 27 60 209 73 20 16 140 181 15 86 49 222 221 204
    242 39 27 71 143 206 185 82 122 72 72 184 153 126 24 125 69 196 68
    110 195 13 224 132 86 222 253 139 60 229 233 44 94 193 77 70 174 156
    128 162 116 36 156 120 213 28 83 14 185 159 197 152 39 216 231 248
    253 204 99 239 161 19 205 109 12 252 92 77 111 87 136 12 82 147 121
    142 78 166 13 82 205 182 51 131 56 245 186 3 195 209 36 138 160 164
    41 45 246 45 160 231 207 115 93 201 163 25 253 233 117 109 46 255 55
    166 214 22 86 236 166 13 11 22 58 165 189 51 189 12 244 74 34 30 37
    187 185 78 39 77 244 233 251 131 81 174 45 209 220 218 29 180 161
    172 201 91 87 134 235 181 198 253 145 224 55 177 250 46 205 57 161
    134 142 6 168 154 77 177 152 180 138 197 115 234 152 184 0 234 127
    50 44 252 126 185 108 73 71 58 134 148 162 61 116 28 71 221 68 187
    24 193 83 74 178 231 114 197 97 109 248 226 146 151 246 252 224 119
    169 132 255 211 103 45 31 234 111 161 179 245 145 103 203 53 81 249
    240 165 93 110 237 178 168 206 193 176 33 91 87 35 145 214 45 58 30
    213 184 103 210 188 111 66 70 83 165 26 219 4 80 136 56 163 188 184
    81 77 116 25 45 212 132 42 33 169 255 238 248 146 190 244 232 126 18
    149 6 229 57 226 102 24 221 246 158 127 140 209 185 101 28 236 128
    130 45 64 225 145 180 29 62 176 18 26 172 36 243 202 35 130 74 180
    62 106 167 142 148 242 182 52 24 55 182 107 90 183 114 174 102 40
    252 228 83 89 189 223 5 144 106 56 227 99 13 140 112 227 184 89 158
    216 140 1 183 227 40 61 66 126 50 135 230 53 89 12 7 113 8 146 56
    154 188 156 65 4 102 208 253 209 157 51 188 120 184 155 148 22 55
    116 98 97 79 93 56 216 146 175 41 27 158 117 32 165 6 206 249 28 12
    179 8 224 189 206 161 233 165 16 8 133 238 14 234 35 224 95 125 168
    181 1 237 203 252 60 217 5 184 237 213 36 254 86 61 241 27 253 67
    193 192 123 29 51 51 205 171 149 232 244 46 98 8 199 198 148 27 171
    233 200 87 135 54 10 100 11 181 213 99 120 253 19 34 74 14 37 17 139
    250 58 85 6 175 6 132 111 101 18 243 156 13 74 154 236 221 65 15 82
    224 22 228 77 15 158 116 48 3 57 231 182 174 91 206 174 176 39 179
    114 26 206 43 177 237 15 10 52 62 148 174 27 118 102 222 85 228 156
    49 254 29 3 253 236 171 86 184 236 165 76 156 106 90 254 230 53 122
    141 234 158 222 211 42 31 238 178 87 149 36 60 106 118 26 53 22 243
    59 93 161 201 65 41 154 76 147 254 126 126 72 26 222 101 159 55 57
    145 189 11 168 231 135 239 112 145 159 183 231 245 80 20 58 252 42
    24 69 190 49 231 247 189 240 6 168 95 216 70 134 164 132 194 142 102
    123 118 211 148 13 227 204 74 231 153 83 48 87 89 42 40 195 22 122
    101 32 69 130 214 154 121 25 39 7 158 238 77 121 61 18 36 176 166
    213 26 223 44 25 84 38 156 60 50 175 1 168 245 116 229 254 179 139
    103 116 96 20 76 87 154 13 91 73 64 103 94 241 118 39 128 159 62 100
    93 186 229 136 87 187 35 134 111 104 1 246 130 213 213 228 196 227
    119 11 166 129 231 154 19 62 39 87 61 102 109 217 228 45 86 98 253
    199 16 41 152 124 157 198 177 18 144 186 53 236 3 211 207 124 116
    240 131 249 97 124 184 202 186 247 34 201 150 133 133 76 68 231 213
    146 136 160 186 136 204 112 58 83 79 242 177 192 240 60 206 209 115
    74 139 45 115 31 252 42 132 234 121 127 76 24 159 224 121 2 238 98
    81 161 217 149 104 177 192 142 222 20 10 18 47 175 134 87 131 64 17
    55 213 83 188 239 93 254 151 96 240 179 170 38 145 0 252 171 242 9
    62 237 141 175 153 203 49 58 166 20 146 132 125 166 249 200 31 47
    116 246 175 112 71 242 108 167 108 73 178 128 130 161 74 77 223 41
    42 13 113 79 171 114 114 232 252 203 238 131 5 217 162 180 157 105
    116 200 84 83 49 158 203 37 53 229 254 238 12 16 74 205 179 95 207
    35 48 138 59 84 121 184 77 245 213 136 213 146 14 191 140 66 118 24
    55 42 20 106 47 138 94 180 187 95 144 139 55 77 150 174 105 180 154
    193 111 124 243 42 21 152 176 185 231 146 135 122 166 31 5 218 144
    27 28 144 228 181 156 155 71 48 81 221 191 175 54 75 213 45 184 52
    34 195 69 49 115 63 173 15 194 187 98 209 190 18 105 144 157 179 39
    190 4 71 175 159 126 221 176 23 162 183 107 127 151 6 16 218 152 141
    229 25 161 212 150 180 248 91 218 198 167 84 63 199 73 169 35 164
    135 135 9 86 140 176 44 205 100 146 231 177 79 124 58 46 184 202 80
    56 228 45 169 193 245 44 19 95 149 88 57 69 224 50 92 98 117 78 135
    71 153 251 204 36 244 200 81 29 243 229 163 189 162 113 143 229 202
    209 79 15 22 29 145 166 169 194 45 39 238 199 45 123 75 225 170 109
    136 167 180 238 11 213 168 148 136 176 42 22 195 218 143 33 183 204
    179 196 117 111 197 0 60 124 90 230 52 131 23 177 196 237 212 139 15
    182 58 221 107 207 252 53 150 34 243 105 230 162 35 49 80 20 187 0
    183 107 128 15 38 100 106 15 111 218 68 67 128 87 109 153 147 70 215
    16 198 132 168 252 37 171 93 51 132 223 10 22 225 60 40 36 134 97
    220 1 26 144 92 63 114 163 139 237 87 212 40 46 0 8 121 7 157 75 149
    61 143 196 244 222 102 219 123 128 228 86 253 144 163 93 51 97 251 3
    238 40 195 12 221 37 226 158 63 42 61 31 67 111 77 231 174 62 213 98
    31 6 176 48 166 71 182 226 145 146 228 249 163 132 35 141 72 133 30
    190 166 103 81 80 170 226 121 168 40 88 35 125 81 180 176 163 173
    151 234 11 65 138 32 186 209 191 73 228 28 237 251 208 98 15 205 237
    96 76 187 26 30 164 19 44 153 19 138 222 217 223 93 76 137 134 111
    111 218 21 39 153 103 202 175 21 16 134 0 0 91 23 213 198 142 156
    192 19 137 177 210 25 15 102 193 248 105 74 193 64 205 117 99 64 183
    41 175 206 167 177 114 154 0 99 180 171 20 56 26 106 130 48 35 28
    232 214 3 252 153 43 163 18 156 253 68 187 178 235 59 154 16 63 228
    88 95 227 205 87 93 190 140 95 137 152 37 111 94 241 211 127 177 184
    136 214 89 162 71 168 10 84 133 66 102 54 90 42 242 51 43 254 188
    126 102 4 161 112 192 21 254 10 246 248 205 119 118 185 133 244 211
    19 41 172 106 118 80 210 15 10 248 207 119 55 55 217 228 247 143 142
    67 33 60 242 88 250 241 88 44 10 210 211 51 218 55 247 123 43 133 41
    147 149 4 234 179 250 117 73 142 102 138 123 222 102 63 109 224 136
    176 161 69 113 228 174 74 41 128 129 128 214 199 33 164 25 214 224
    115 97 101 228 0 92 249 93 183 91 204 155 255 47 157 82 96 9 137 114
    228 56 183 22 6 130 85 13 58 133 32 124 109 197 254 114 88 26 126
    170 225 87 72 152 77 210 130 42 220 199 14 45 247 36 59 242 84 112
    21 226 91 37 216 14 30 102 133 95 76 168 122 145 173 216 52 133 67
    54 129 27 16 53 177 206 161 62 13 68 68 142 202 241 234 136 167 235
    89 239 139 74 131 106 114 10 68 215 47 14 10 34 251 241 48 14 49 176
    68 81 222 194 163 158 179 32 50 218 113 108 125 246 215 133 59 29
    174 232 4 80 106 71 87 245 182 89 181 230 175 47 122 118 161 88 0 5
    100 109 204 142 201 132 191 114 96 80 197 123 233 53 176 90 104 1 24
    36 189 110 4 34 158 155 130 134 179 229 38 64 237 6 214 253 43 125
    146 57 67 181 219 81 51 40 255 228 83 103 113 58 146 4 224 214 81
    248 30 207 217 62 138 117 201 168 244 133 59 90 70 140 217 133 15
    142 120 8 204 61 34 243 136 48 167 154 170 220 137 79 162 158 134
    255 203 23 154 81 151 29 247 65 113 8 99 3 106 193 232 57 0 83 66
    146 13 16 216 1 210 30 173 185 163 46 38 59 169 138 177 41 16 104
    129 90 198 145 170 216 103 9 135 116 10 22 93 176 208 101 158 112
    157 66 197 224 80 166 79 250 40 47 20 220 30 115 153 180 247 36 79
    159 205 85 77 228 237 190 34 35 188 142 231 64 115 163 148 119 220
    63 65 7 199 44 88 207 128 182 196 6 75 99 211 8 194 31 173 53 52 59
    88 213 42 109 48 154 62 206 83 28 191 31 207 234 215 77 215 56 247
    249 30 207 8 239 199 20 56 185 16 125 254 184 54 67 218 158 118 217
    50 42 228 230 41 190 105 230 244 124 168 72 234 186 98 254 195 1 47
    20 103 28 48 69 28 122 200 39 55 86 9 133 43 179 209 116 247 156 17
    233 4 185 116 68 184 139 26 26 162 163 187 45 80 56 202 167 131 60
    182 73 89 120 119 201 118 233 150 47 138 95 149 191 27 20 228 160
    124 94 28 81 178 110 46 32 217 185 20 51 151 32 74 22 205 100 49 8
    114 139 249 231 109 105 172 89 128 116 71 152 65 71 77 151 229 216
    60 224 134 91 84 21 20 221 28 164 117 95 58 111 85 146 33 96 49 173
    173 131 32 10 10 195 182 159 223 125 216 163 107 192 227 187 200 48
    134 11 245 103 134 207 79 168 235 13 40 183 249 105 254 92 237 149
    206 2 130 255 140 215 62 20 8 198 8 187 108 184 134 66 148 199 135
    106 85 3 107 105 74 234 176 17 61 138 243 217 187 193 35 224 121 199
    175 61 235 184 34 139 139 169 132 66 241 118 224 206 10 213 147 224
    227 220 59 215 131 59 102 172 26 69 246 162 134 122 235 114 212 135
    149 34 99 221 250 105 161 90 80 172 126 17 148 122 40 235 166 17 95
    114 43 83 109 71 108 83 84 170 48 211 118 201 9 113 75 240 31 228 60
    220 62 123 62 59 155 79 237 179 190 63 166 197 140 105 97 113 153 65
    189 114 16 44 92 118 35 169 215 11 135 189 56 215 199 118 55 209 154
    218 198 114 172 160 21 41 213 217 155 145 48 1 150 16 150 164 84 0
    88 220 243 159 214 183 182 7 182 200 0 31 39 36 235 63 38 238 211 57
    26 158 181 224 63 219 181 83 64 130 76 111 9 189 72 78 107 138 22
    217 126 162 167 54 140 169 232 213 72 177 27 227 18 32 202 196 31 70
    245 10 40 67 40 80 24 106 3 5 234 70 204 45 179 207 217 241 173 145
    74 95 34 123 89 235 171 202 226 101 9 1 138 27 235 115 206 205 204
    234 109 42 177 5 223 89 215 168 157 201 144 11 131 4 253 202 137 246
    20 214 132 251 182 160 248 47 127 159 141 214 101 20 252 156 80 45
    165 74 167 199 228 9 243 224 160 14 9 215 171 150 133 90 69 8 23 191
    141 213 219 151 29 127 44 209 220 190 74 84 156 110 181 21 255 237
    253 172 41 12 195 163 147 40 42 49 225 238 80 60 126 91 150 152 150
    163 192 233 134 214 170 198 140 178 72 81 49 206 253 154 56 142 136
    185 91 118 105 228 182 10 51 177 22 134 107 121 90 17 77 78 217 181
    156 199 139 17 199 170 98 173 85 98 226 205 30 58 236 201 203 40 188
    98 124 240 227 20 222 18 42 165 209 147 212 129 177 64 16 192 167 14
    28 171 127 116 27 166 66 54 78 116 116 94 91 181 86 29 109 122 130
    210 162 50 183 131 122 38 189 47 220 196 4 43 227 211 191 70 100 85
    3 41 192 91 94 12 233 55 48 181 253 194 214 63 2 8 194 79 134 241 18
    77 153 248 117 227 110 80 35 50 40 73 32 213 145 243 3 193 238 162
    179 72 230 5 196 178 40 51 10 84 173 160 96 62 87 222 250 65 247 97
    174 211 77 182 118 88 184 62 91 159 59 131 226 135 43 203 165 245 31
    165 101 225 221 223 169 181 207 124 42 212 10 121 7 167 214 73 77
    177 19 61 53 238 226 129 78 0 65 7 232 44 206 140 41 61 140 15 81
    215 194 36 241 112 227 76 44 119 132 92 217 10 166 21 81 147 204 75
    233 74 227 224 123 251 176 31 80 67 131 147 144 221 147 181 52 7 241
    219 78 152 19 163 110 17 36 211 193 148 91 170 252 170 88 114 101 8
    205 154 165 152 254 173 236 185 177 63 16 64 165 65 30 162 238 249
    75 70 14 65 102 207 143 246 195 123 2 88 80 156 10 178 174 61 229 91
    183 15 71 168 222 54 0 141 124 128 10 203 153 23 88 69 149 137 28
    146 48 129 59 53 181 110 200 239 117 37 206 170 232 63 218 220 41 54
    247 38 170 21 219 1 6 185 142 246 218 62 103 45 68 18 20 74 133 69
    156 50 125 239 141 164 68 157 255 137 64 175 27 113 37 100 108 198
    202 11 192 149 88 182 47 117 14 71 64 184 69 109 18 140 161 215 160
    7 223 55 31 16 35 32 26 131 105 6 178 25 98 160 103 164 202 252 26 0
    94 22 243 245 62 101 97 46 16 82 183 98 158 58 207 158 249 108 95 52
    243 159 37 150 206 161 233 97 88 156 254 31 144 182 2 207 30 101 43
    175 200 111 236 90 56 31 140 232 214 111 127 140 13 115 101 124 145
    195 229 135 54 203 234 58 175 13 212 239 69 65 198 126 235 10 136
    111 63 193 77 202 170 81 109 251 63 89 221 165 191 1 122 6 144 110
    73 134 217 205 87 96 155 88 168 26 90 81 105 120 24 171 146 189 63
    206 144 239 164 113 192 220 134 117 34 203 22 128 214 212 199 48 79
    222 252 91 82 230 151 206 97 115 98 71 56 83 172 1 207 244 234 180
    194 247 105 182 140 28 34 179 34 20 183 135 174 85 3 172 220 152 176
    43 247 222 244 100 24 32 241 244 64 192 162 88 177 127 250 163 128
    12 173 129 201 66 27 175 183 22 27 7 77 108 174 73 110 2 137 154 164
    217 207 117 67 234 127 0 48 150 82 125 125 120 154 75 47 21 235 232
    210 93 65 10 176 72 97 22 210 195 42 236 55 165 199 121 189 160 61
    204 174 237 43 236 177 216 129 10 89 242 114 80 107 70 77 126 93 103
    152 27 187 34 74 6 159 37 27 185 136 85 214 10 13 17 107 207 78 3
    124 86 40 95 116 127 190 188 13 122 141 36 225 18 244 123 252 218
    166 251 38 37 107 215 11 25 239 193 32 94 160 172 97 178 153 168 57
    148 65 103 18 7 85 133 42 138 60 26 0 6 109 161 229 96 5 11 10 238
    146 207 216 26 241 60 128 80 62 67 235 77 41 196 131 240 200 184 167
    163 81 195 117 99 195 244 195 148 74 174 190 27 200 23 82 247 80 221
    134 29 12 89 95 53 123 20 191 155 46 243 104 96 234 245 125 89 217
    163 24 199 83 128 130 47 15 71 55 16 102 195 102 53 179 164 103 201
    59 110 147 22 72 101 54 241 157 54 231 55 244 68 178 11 248 225 226
    243 225 83 159 43 226 119 136 218 44 59 156 234 251 163 186 152 87
    233 250 138 70 98 141 190 76 100 134 164 175 116 133 109 185 41 242
    193 122 147 83 32 208 142 100 204 17 252 176 163 213 113 199 28 101
    205 246 58 112 107 213 62 230 50 160 38 229 61 121 9 159 187 123 122
    172 157 180 223 79 222 33 122 211 152 170 244 48 158 31 2 144 150
    122 170 121 185 130 160 180 1 237 84 250 14 221 95 153 228 77 109
    249 251 14 59 163 168 76 190 0 195 151 181 218 255 223 125 6 72 111
    97 234 76 189 218 254 108 53 188 164 7 220 185 244 19 107 209 252 79
    45 148 139 41 203 233 100 246 229 35 153 255 150 186 38 209 52 240
    112 88 60 204 234 104 13 125 174 158 187 89 29 113 199 37 190 155
    175 223 178 31 123 46 149 148 200 131 207 53 9 205 94 24 231 215 99
    254 104 163 223 141 52 80 53 244 65 5 121 206 213 116 145 13 19 76
    128 168 248 150 67 96 37 208 115 240 146 192 120 156 222 182 73 140
    122 183 246 164 85 126 167 185 153 168 72 21 104 251 184 87 130 178
    174 169 22 43 234 98 109 113 196 250 228 236 71 165 37 210 179 100
    148 30 172 168 146 144 159 110 240 156 162 174 126 233 96 63 137 158
    111 35 235 191 215 133 240 71 215 174 43 197 20 203 253 44 48 206
    145 0 121 158 223 209 146 95 89 229 114 202 229 69 195 92 185 184 84
    243 225 229 57 76 186 80 126 212 179 11 216 125 125 169 18 142 18
    106 17 12 116 92 230 72 62 84 0 27 225 122 138 64 237 208 123 98 88
    242 138 251 103 212 77 210 77 4 116 81 74 106 20 127 31 84 25 3 94
    132 97 33 153 211 34 170 30 43 54 136 140 38 40 150 68 217 3 5 249
    219 131 152 23 219 91 82 115 244 222 131 52 102 104 63 186 189 70
    224 127 45 101 60 239 243 72 144 173 236 144 163 215 139 173 209 159
    128 97 158 130 141 1 95 243 120 92 172 183 185 80 6 194 72 38 26 205
    161 127 177 7 41 93 205 24 231 89 153 15 104 238 167 233 237 243 121
    140 239 183 255 39 0 137 40 200 151 251 89 92 7 13 17 92 224 64 251
    134 47 121 78 192 188 187 99 185 115 172 62 221 160 186 54 109 84
    169 58 50 204 40 90 27 224 191 53 202 10 60 243 1 186 89 68 94 11
    141 8 100 164 81 255 239 216 169 232 116 53 238 167 127 24 36 23 86
    106 251 142 237 27 140 97 117 180 63 0 216 45 169 196 7 25 188 163
    102 69 116 210 221 234 65 178 229 98 222 36 168 106 37 76 92 179 205
    148 149 175 224 233 195 152 164 36 125 243 73 120 142 96 88 115 41
    28 98 118 131 33 170 166 87 83 164 231 53 251 172 4 221 218 146 30
    95 191 75 245 179 12 254 29 236 213 192 224 165 40 108 188 22 219
    126 226 191 127 207 216 139 211 37 10 33 183 188 143 117 18 39 171 6
    96 215 57 242 76 254 163 219 142 85 87 31 59 130 110 114 206 68 151
    135 172 189 45 185 14 10 243 188 48 248 101 27 135 124 0 204 102 163
    247 175 169 207 201 111 234 239 106 230 57 12 242 129 26 43 166 199
    178 101 145 88 215 55 106 232 246 27 138 131 194 171 31 159 139 24
    245 42 45 203 147 194 120 105 19 131 41 225 194 145 67 233 225 174
    23 231 221 14 32 19 72 53 123 197 128 183 174 75 86 236 201 109 103
    124 214 34 36 125 76 30 47 56 6 145 156 248 234 138 40 249 87 38 249
    57 88 28 149 70 83 219 168 221 179 151 72 155 197 156 127 183 152 20
    172 135 52 165 8 220 209 219 149 123 117 68 170 45 54 178 194 73 255
    24 24 132 13 119 227 240 193 186 55 196 10 239 124 14 240 198 14 35
    76 51 159 152 227 99 193 232 200 179 11 242 55 88 232 218 213 251
    112 79 166 126 127 241 252 67 216 4 87 106 240 151 91 129 159 96 132
    196 252 5 27 43 13 150 243 121 162 189 138 165 208 57 23 224 70 51
    201 121 105 171 71 216 103 94 6 135 99 128 213 145 32 231 73 70 150
    87 143 193 36 109 139 32 106 249 53 168 198 220 52 162 182 33 73 143
    191 18 250 25 141 235 247 232 66 107 170 162 232 145 74 121 215 201
    43 217 5 77 75 212 133 34 141 8 121 75 117 14 54 149 214 191 174 235
    100 144 94 223 238 244 175 152 221 133 196 177 72 245 228 142 161
    210 230 232 136 172 168 180 68 156 160 96 51 137 160 230 72 153 148
    160 116 116 113 21 184 31 187 90 56 157 166 11 17 138 18 44 123 66
    153 97 43 9 180 195 142 159 205 140 114 3 117 150 25 72 127 242 81
    24 232 57 38 159 142 99 144 23 159 61 106 108 78 155 245 154 212 254
    250 57 32 61 202 0 81 69 163 128 116 37 226 177 160 87 155 123 1 108
    211 35 250 178 34 45 73 91 213 140 60 150 94 93 196 161 32 219 152
    221 155 55 116 78 174 15 19 176 158 233 180 247 43 74 9 220 89 30
    213 8 190 21 86 72 176 248 23 144 27 21 145 223 157 42 52 188 198 72
    243 243 170 140 224 11 100 82 145 135 8 93 170 176 86 19 16 241 193
    203 149 95 125 219 231 175 29 178 99 1 224 86 125 51 95 241 246 221
    162 86 76 203 204 55 152 143 85 92 222 153 99 126 142 156 144 187 3
    208 178 209 238 209 12 38 241 98 154 118 169 231 127 76 84 85 47 161
    198 170 179 67 103 1 23 147 222 179 112 6 153 149 58 184 115 201 9
    233 26 182 60 145 188 89 44 9 227 251 137 68 67 220 142 247 26 40
    182 73 83 80 21 81 112 243 204 220 205 139 86 153 178 244 1 75 2 52
    52 236 160 69 97 111 220 166 38 255 18 104 47 134 146 165 243 150 26
    20 153 207 197 63 136 3 40 95 198 38 61 13 209 104 98 225 229 111
    166 44 230 17 176 87 158 239 178 230 195 189 145 146 8 74 199 144
    183 118 131 63 236 80 121 93 38 130 179 88 229 114 86 20 133 232 45
    174 164 76 42 179 87 4 142 192 94 39 96 120 82 37 214 93 147 31 181
    142 230 196 116 38 91 111 177 119 234 46 174 255 252 217 153 8 19 4
    67 146 27 174 53 18 20 97 231 6 180 9 41 21 176 216 88 124 143 133
    25 31 121 96 107 244 108 252 111 38 169 42 150 122 145 6 58 57 95 40
    93 57 126 178 31 115 38 38 230 245 188 101 187 62 18 133 97 3 166 59
    136 68 180 213 132 221 218 230 149 63 238 218 150 74 109 141 201 238
    83 73 184 243 58 87 137 36 241 181 181 29 218 102 50 208 251 181 51
    60 100 141 14 20 56 50 60 79 128 174 0 15 30 64 216 23 49 123 44 117
    120 40 143 167 78 23 102 143 78 63 174 3 58 11 138 54 230 148 147
    122 238 254 213 133 72 81 97 191 55 119 188 94 225 150 149 237 79
    240 109 150 250 173 14 246 209 57 64 220 130 58 232 17 27 80 69 173
    208 249 177 130 209 62 197 144 136 13 43 91 183 12 197 214 31 140 14
    89 28 136 166 110 223 73 100 174 91 217 169 57 68 4 50 62 84 72 65
    234 200 41 129 206 146 56 149 239 219 237 226 52 197 220 17 108 109
    189 214 128 85 157 67 178 132 242 86 169 45 41 136 120 155 43 135
    187 21 101 43 241 224 114 205 33 168 221 112 244 124 6 64 159 234 17
    144 160 202 165 145 175 209 234 54 71 138 144 163 240 239 216 77 46
    181 239 25 190 76 61 40 247 28 251 82 165 255 208 233 103 155 25 7
    146 67 46 23 77 170 192 227 209 252 207 254 170 188 46 239 82 177
    183 127 2 35 222 1 122 183 142 3 18 1 93 173 241 35 237 115 104 160
    149 52 23 235 226 148 117 12 110 231 193 108 73 146 57 204 215 183
    63 95 74 170 136 168 132 148 196 99 245 248 6 251 107 156 150 125 48
    102 33 64 15 142 107 139 156 149 4 198 30 227 159 250 215 241 122 83
    186 137 69 141 26 21 180 206 52 57 150 161 194 250 58 164 122 91 182
    123 189 141 199 172 189 234 21 93 165 91 177 160 65 171 61 157 34
    110 117 182 61 32 6 45 144 201 166 216 200 164 143 60 240 255 164 9
    202 245 53 230 42 243 56 18 23 4 214 34 136 188 69 123 107 233 225
    15 172 147 246 140 149 17 120 227 23 21 218 133 123 91 234 229 176
    140 153 201 30 133 171 63 63 120 14 103 67 252 79 124 137 76 26 42
    130 60 227 214 251 137 24 66 122 204 119 255 11 78 223 16 213 104 64
    173 14 84 194 246 146 235 139 177 107 4 200 99 131 15 6 170 57 189
    59 22 134 103 105 102 217 61 176 34 83 205 131 86 243 112 157 106 78
    125 134 148 117 250 74 157 132 23 155 174 23 140 42 14 102 216 208
    108 166 159 174 34 157 177 238 101 47 104 71 57 19 184 125 104 103
    229 80 159 181 116 140 35 217 94 167 95 219 125 23 40 162 110 61 36
    139 167 237 124 190 200 108 207 139 122 200 27 235 72 146 54 251 209
    175 104 142 126 194 30 188 26 0 133 181 199 111 14 115 212 28 201 13
    162 149 191 55 21 188 149 20 126 222 207 140 240 145 33 200 139 192
    91 191 126 89 82 193 15 125 101 53 87 84 124 95 47 122 169 12 20 9 8
    255 192 103 6 186 239 59 238 61 100 8 177 136 142 31 211 249 31 126
    242 63 99 76 34 74 119 4 65 27 197 198 112 222 144 174 46 42 254 213
    120 0 215 64 227 161 159 218 81 114 148 67 219 144 241 121 250 227
    225 61 184 203 194 134 146 68 174 54 33 55 239 89 194 70 207 195 165
    203 105 127 193 11 95 151 38 34 79 3 211 149 111 133 20 238 110 167
    1 44 184 232 192 6 210 190 124 141 188 55 229 48 163 194 249 237 175
    204 141 223 235 140 135 95 218 26 104 85 89 82 188 192 38 162 236 41
    43 48 51 152 55 33 221 104 74 215 155 164 14 54 62 195 36 65 103 44
    158 19 106 79 222 227 171 46 129 45 122 188 36 189 95 244 120 86 131
    180 5 10 19 76 31 65 229 83 9 208 137 71 80 120 103 82 64 219 160
    156 101 244 186 151 134 55 142 206 179 171 35 30 177 216 36 106 176
    238 5 78 237 92 199 251 33 89 181 176 199 183 211 227 28 146 171 115
    95 12 6 208 58 18 145 250 55 130 182 89 114 239 255 91 57 117 165 69
    196 86 9 31 225 183 176 80 38 237 122 212 82 34 28 81 101 191 152
    188 127 223 125 176 237 131 124 81 7 114 90 16 63 246 94 196 130 166
    76 22 248 100 205 43 124 160 185 82 38 11 78 205 163 112 238 17 205
    223 18 80 190 114 31 42 218 17 2 105 181 229 122 164 127 249 0 57 94
    164 70 168 170 212 187 158 91 38 152 127 53 244 24 5 9 6 48 198 10
    39 94 137 186 252 107 210 102 6 239 225 203 104 246 113 92 24 51 11
    216 116 145 191 241 93 226 199 131 54 63 169 41 147 158 34 114 191
    80 64 111 193 208 107 141 161 164 81 251 195 39 157 104 108 72 54
    129 227 189 38 226 95 200 27 241 176 23 65 92 26 154 210 4 173 249
    173 23 189 222 153 66 59 49 159 26 183 74 92 32 81 127 89 185 198
    183 11 198 205 87 253 1 139 24 89 0 155 161 27 44 228 166 14 86 83
    97 254 35 209 102 115 118 249 46 155 41 142 64 94 221 86 18 240 179
    187 23 76 136 195 93 168 109 16 137 254 227 80 204 56 252 191 243 1
    118 242 219 236 85 184 73 76 247 202 196 23 225 192 240 140 9 19 106
    34 250 89 100 77 160 121 156 74 13 1 146 166 180 32 169 26 108 146
    19 128 214 237 209 84 146 184 9 211 149 10 240 46 169 180 200 104 22
    147 207 16 206 161 3 214 31 60 182 53 166 216 135 53 91 127 6 245
    146 5 207 200 120 164 198 163 184 26 159 179 195 47 165 253 37 226
    23 33 127 248 116 252 184 38 3 104 95 126 48 4 61 123 1 113 92 107
    202 108 16 48 166 128 136 24 131 8 139 102 212 77 192 221 105 26 56
    242 156 214 71 55 50 9 19 204 236 249 53 62 195 255 186 52 21 24 135
    117 2 70 228 77 31 123 115 238 87 57 73 153 87 204 172 153 69 132
    211 249 160 76 106 136 23 162 107 61 17 251 212 181 240 219 39 244
    90 192 255 67 217 98 73 2 17 96 111 69 94 252 230 230 1 76 21 199
    177 75 97 143 206 84 175 19 202 187 96 140 207 45 51 222 30 79 200
    206 27 74 70 234 254 149 145 130 165 47 97 67 24 9 113 71 20 120 45
    63 12 158 105 63 109 129 118 20 228 57 255 79 94 77 79 6 131 110 185
    81 6 93 86 7 139 211 18 179 163 127 221 4 54 153 198 215 38 166 3 68
    66 1 253 149 191 242 144 52 248 148 252 113 219 40 123 61 32 51 10
    172 236 231 169 122 208 205 59 217 17 114 16 58 206 192 151 253 15
    129 125 210 209 164 106 2 131 246 115 41 247 50 113 11 8 29 29 52
    248 184 109 59 35 61 98 184 140 238 184 94 62 253 222 50 34 208 103
    110 205 229 61 207 229 40 204 152 249 110 28 157 179 61 121 61 71 20
    0 121 42 236 237 194 29 129 75 227 225 2 11 175 98 140 83 162 12 100
    105 204 211 173 43 154 46 25 19 223 149 66 78 113 55 245 202 67 191
    183 42 49 48 113 120 242 105 138 247 150 50 186 41 83 93 203 85 55
    116 236 134 203 15 233 234 230 151 1 92 133 210 51 75 86 251 98 250
    37 230 38 130 39 47 110 142 103 213 88 13 236 44 118 182 250 97 2
    143 244 42 113 127 92 193 193 58 92 81 145 106 83 1 194 186 12 80
    219 116 191 243 147 104 48 199 92 194 223 144 224 98 179 230 38 32
    219 67 171 218 14 253 0 192 6 91 100 140 232 95 201 59 65 114 48 24
    35 124 12 254 84 78 144 76 229 138 244 104 246 188 221 251 242 102
    13 205 132 199 32 235 131 152 195 156 110 151 221 23 212 192 77 12
    191 23 236 119 40 41 87 232 15 124 116 29 203 156 133 35 45 196 95
    105 70 76 32 40 29 234 42 10 127 149 66 218 64 11 135 34 38 188 6 43
    250 106 219 135 86 9 48 214 140 210 100 17 51 239 131 235 128 11 19
    143 78 19 19 173 58 203 37 254 158 179 44 102 172 168 138 129 65 181
    13 52 46 158 62 102 230 34 106 229 47 73 100 203 132 168 64 35 108
    36 105 127 5 142 244 91 165 226 65 113 201 87 255 222 113 7 55 53
    145 145 20 129 1 63 98 125 14 188 158 218 68 251 244 61 122 4 121
    178 112 5 144 75 138 243 91 41 86 28 2 21 235 174 79 20 71 245 245
    99 177 66 161 61 186 19 149 7 103 46 253 56 193 240 136 93 216 107
    54 11 142 144 176 160 192 14 158 188 39 169 243 186 174 130 111 167
    244 186 0 24 89 37 189 60 14 135 2 5 198 246 171 51 33 230 187 20
    169 34 144 69 205 222 186 200 247 213 93 203 33 156 216 237 86 30 43
    56 239 44 57 140 17 220 228 99 131 71 52 144 70 229 205 187 170 96
    197 189 19 123 11 238 96 90 190 38 230 183 216 68 95 32 193 182 212
    254 51 21 223 71 248 182 147 170 238 245 64 86 228 250 159 56 130 66
    6 6 104 223 221 44 93 128 127 78 4 7 4 58 65 198 249 184 197 37 174
    203 200 109 67 36 15 197 209 7 144 204 65 151 44 212 178 57 153 127
    138 210 217 173 91 159 159 2 97 122 215 220 118 147 40 13 161 209
    205 164 56 4 125 163 172 3 28 165 210 63 97 110 136 185 68 176 198
    97 240 73 147 156 219 99 57 36 1 12 150 238 233 107 224 103 245 192
    50 6 135 105 160 23 23 8 79 187 190 117 201 61 44 4 204 17 68 164 83
    122 202 194 200 125 238 10 129 163 17 25 208 4 68 12 143 235 3 144
    187 110 85 176 46 25 213 224 79 50 96 158 231 159 173 38 181 251 11
    99 171 154 219 239 201 77 133 99 134 230 88 53 230 154 26 98 210 83
    70 65 195 140 249 46 97 51 120 34 189 230 252 158 18 21 12 5 250 37
    57 24 27 30 86 153 71 250 35 243 115 160 91 93 222 203 180 228 198
    177 16 112 52 74 232 66 183 237 60 129 21 167 57 165 25 172 91 179
    242 38 130 167 31 83 160 147 198 203 120 227 211 101 103 30 97 235
    236 127 164 102 162 160 57 159 114 178 197 92 217 78 48 8 228 124
    190 249 88 224 201 15 236 42 123 23 88 107 204 203 105 91 236 196 61
    171 12 21 74 2 176 179 10 49 98 106 112 200 129 144 52 155 78 16 13
    174 4 39 132 3 129 210 3 97 184 0 182 13 150 232 190 182 166 205 156
    145 123 107 183 112 243 184 51 126 92 203 165 71 81 224 35 144 176
    112 143 114 198 232 68 185 133 252 134 106 84 237 80 13 88 230 233
    255 106 185 200 111 218 48 203 70 200 87 224 249 135 36 148 35 49
    214 113 101 134 163 214 76 254 154 248 113 226 60 171 22 64 213 94
    117 100 148 231 210 60 102 219 161 174 194 99 64 115 131 245 45 141
    49 42 189 12 175 19 171 9 49 218 182 245 210 152 244 130 162 40 155
    174 59 157 161 65 103 128 244 146 129 169 50 236 115 193 199 14 140
    151 245 187 192 59 252 74 119 10 122 227 157 88 208 56 79 186 161
    141 47 187 230 171 234 58 79 19 195 224 40 59 169 185 58 105 73 219
    12 116 223 189 79 150 52 216 244 231 190 5 187 229 220 83 55 167 15
    106 129 143 34 242 233 234 112 130 77 183 101 53 158 178 193 199 38
    144 23 224 222 109 185 232 207 116 171 191 48 223 124 243 97 214 221
    243 238 36 142 246 234 196 226 44 73 239 174 135 201 95 220 185 51
    137 176 73 236 150 188 5 22 109 68 51 178 226 213 164 77 172 138 146
    6 134 215 248 248 45 212 106 213 26 103 187 102 107 106 139 218 236
    132 141 175 43 161 239 191 49 125 129 38 70 129 167 149 199 24 26
    101 32 64 178 124 202 49 173 247 30 158 166 16 217 226 54 255 25 80
    107 77 250 40 206 107 185 104 127 128 93 11 139 176 38 167 81 11 3
    163 96 162 132 110 135 199 172 47 249 218 77 251 251 7 59 54 81 6
    219 4 104 47 133 30 246 115 214 33 30 62 91 56 96 40 200 246 46 12
    181 49 164 69 105 115 254 214 154 107 241 46 157 125 108 173 242 30
    249 233 238 213 108 48 26 170 112 19 200 31 138 143 216 138 193 170
    191 77 154 122 168 172 174 69 73 141 211 249 14 56 112 82 33 103 196
    235 26 234 157 210 119 215 185 252 199 144 27 216 3 57 28 120 195
    153 115 92 67 127 112 132 202 194 191 64 25 128 245 207 235 120 17
    13 37 236 239 119 241 177 120 121 159 69 36 34 74 53 67 252 120 74
    141 198 113 226 120 237 36 149 163 248 100 167 52 115 214 62 130 223
    12 191 196 79 221 158 66 176 253 4 199 35 94 55 227 89 83 44 29 52
    146 51 223 248 251 163 32 93 249 81 203 182 165 44 58 131 156 199
    102 37 110 249 217 243 110 28 80 232 233 48 169 137 60 37 36 113 159
    165 17 53 243 252 148 29 208 22 231 160 71 252 184 224 253 4 74 202
    189 225 255 178 177 179 247 91 210 172 77 192 209 177 186 221 24 162
    248 208 236 95 81 75 72 158 254 110 231 129 233 201 245 140 214 91
    254 116 251 90 206 97 161 255 118 156 12 95 248 96 237 95 35 114 249
    4 214 180 132 4 62 180 154 84 3 178 98 145 135 238 121 225 65 34 54
    254 217 108 1 30 85 142 16 177 186 61 180 205 185 56 99 201 246 76
    208 49 228 31 186 131 255 138 4 9 159 247 107 216 120 203 217 53 222
    136 151 120 55 133 179 66 175 33 1 141 223 106 209 4 44 108 31 10
    167 78 143 207 246 153 237 179 94 94 162 230 231 195 114 196 160 98
    189 235 70 140 105 118 22 99 50 171 137 242 134 81 249 167 202 108
    111 197 53 124 5 230 67 45 191 195 72 242 131 126 112 250 98 21 129
    62 246 184 72 130 70 226 132 71 55 158 66 44 185 227 172 250 3 239
    67 20 64 13 232 188 154 24 151 116 10 23 128 241 131 2 111 196 99
    164 187 10 158 226 191 22 193 99 108 247 24 14 94 47 248 24 246 224
    208 185 59 136 232 205 134 127 121 90 24 13 182 126 97 229 208 42 76
    53 156 90 39 113 239 217 166 67 147 20 87 194 25 10 35 254 133 138
    225 234 235 182 140 74 191 172 213 227 34 99 114 91 103 110 27 1 151
    153 202 242 7 62 139 234 217 131 150 249 146 8 182 130 8 104 98 254
    251 221 203 214 55 14 66 250 118 129 231 233 116 165 211 200 105 130
    158 171 42 117 53 147 97 222 39 152 102 111 45 157 23 24 129 131 206
    196 111 221 7 249 176 93 26 138 171 0 16 23 92 228 226 110 26 182 45
    124 249 108 34 243 109 148 46 81 92 128 208 57 65 209 37 233 144 156
    117 106 216 42 170 141 61 128 155 137 146 134 13 179 112 110 240 76
    87 16 75 87 82 64 69 8 71 142 104 179 83 38 153 68 54 78 52 108 119
    73 25 70 38 90 156 73 255 17 76 154 63 2 17 47 79 89 169 149 168 43
    60 6 168 201 180 146 19 174 111 11 88 156 158 111 251 40 103 119 122
    245 226 56 12 69 155 10 35 74 226 74 146 121 104 160 46 248 163 78
    86 105 64 186 143 176 172 183 137 182 211 164 243 225 175 165 49 181
    226 31 48 112 167 154 136 118 168 5 8 185 219 223 201 235 151 5 199
    57 169 143 190 197 89 19 158 181 11 190 80 244 86 200 120 225 218
    203 69 14 140 26 218 193 166 83 20 33 223 191 249 72 140 157 233 206
    9 79 69 25 132 29 34 190 142 153 188 218 23 10 18 141 177 39 97 20
    181 103 128 35 81 54 109 252 246 160 161 16 195 184 225 8 195 82 98
    19 151 130 114 22 197 139 238 166 17 34 158 24 90 84 105 153 245 98
    193 195 142 162 225 181 188 19 115 171 182 23 196 222 224 61 224 84
    41 42 213 26 145 88 163 246 176 189 94 48 135 252 137 164 16 212 44
    230 223 226 64 163 58 133 90 52 45 234 163 164 90 52 206 61 104 104
    26 218 111 92 239 104 91 31 233 196 154 71 98 29 241 241 95 181 85
    34 29 79 123 17 55 214 215 15 230 107 194 38 192 44 73 32 222 240
    255 183 133 36 22 160 180 92 37 88 203 81 216 175 8 184 131 164 208
    97 205 17 120 152 145 80 224 187 113 74 116 245 89 110 83 15 44 41
    219 42 21 62 44 62 56 120 118 82 69 155 48 27 55 239 227 57 12 111
    80 169 178 31 45 228 211 234 2 62 84 251 29 156 122 123 43 39 4 180
    220 130 161 102 52 201 158 122 65 216 84 121 248 196 216 51 1 214 83
    9 66 148 142 157 34 215 48 192 254 175 65 223 180 0 129 57 16 141 26
    135 77 232 73 250 118 6 175 161 171 116 21 218 144 70 211 203 76 58
    117 91 45 207 122 166 119 180 173 235 250 66 76 180 132 237 241 24
    144 216 159 138 232 176 158 30 211 205 33 96 133 243 136 0 25 127
    121 30 204 111 145 172 200 128 171 60 171 254 15 202 29 62 6 163 243
    42 88 237 69 16 241 245 210 127 216 147 112 161 15 83 174 245 248 19
    44 152 25 101 183 21 11 255 249 113 231 65 41 162 182 79 120 184 215
    157 144 70 152 137 123 129 188 185 222 53 34 178 90 143 233 53 9 167
    114 145 143 157 145 12 227 137 218 168 51 89 233 254 172 185 230 49
    45 241 85 117 183 177 22 244 84 5 110 197 117 29 186 222 48 221 231
    3 98 166 99 152 173 251 35 99 107 0 21 229 51 205 115 52 49 206 146
    154 126 44 101 56 153 244 14 237 203 178 131 171 70 172 31 47 181
    217 103 242 252 217 124 186 21 152 65 65 222 47 98 100 100 108 66
    251 70 225 118 110 74 110 163 125 30 113 93 91 215 115 156 20 83 208
    106 113 240 230 37 125 90 100 213 78 251 109 166 245 8 155 63 122
    217 51 158 52 157 212 45 173 166 78 172 26 187 139 238 127 56 77 61
    228 191 112 24 92 167 42 227 176 100 186 197 98 144 209 241 188 16
    225 180 87 63 6 67 250 239 140 150 152 179 211 225 87 155 30 181 216
    182 170 70 135 43 43 182 193 200 68 146 206 103 120 96 11 146 97 254
    241 124 139 161 81 150 192 110 7 83 61 224 34 241 159 27 155 127 80
    15 180 181 108 100 98 123 169 28 117 229 213 87 229 125 173 17 218
    111 254 240 2 31 252 150 72 36 7 225 79 227 112 205 12 17 248 0 240
    136 116 145 80 183 130 243 187 1 188 57 68 79 43 119 240 209 16 1
    237 121 119 41 48 249 44 109 111 78 37 163 10 151 249 11 172 77 211
    118 24 78 59 36 39 116 166 68 202 10 39 142 239 201 250 64 100 85
    141 73 99 12 42 170 211 229 30 36 108 113 5 248 112 18 174 119 139
    183 0 248 110 48 69 62 58 136 254 155 77 50 72 121 247 241 125 56 17
    241 226 50 235 252 13 194 63 53 136 20 254 10 152 88 248 176 155 26
    7 12 118 98 82 151 201 86 255 91 13 102 189 252 2 39 70 44 84 91 103
    90 119 249 245 132 136 70 8 85 244 142 0 34 203 3 207 107 181 156
    123 252 101 91 132 251 218 228 52 77 239 189 29 238 236 51 76 94 168
    16 10 117 25 202 158 171 222 74 1 130 237 24 15 183 102 17 159 53
    171 19 143 101 109 69 70 255 207 157 230 53 101 127 133 159 110 202
    154 65 71 69 23 104 90 92 202 36 160 186 180 0 192 79 72 252 10 159
    153 114 11 153 155 170 164 109 25 151 246 174 49 61 138 3 170 139
    201 201 79 254 38 229 12 178 252 232 20 28 228 33 151 81 159 180 89
    244 204 39 154 6 142 217 144 55 152 98 35 80 214 182 204 137 149 5
    20 41 162 70 60 150 142 249 94 167 237 64 217 207 35 163 56 87 36
    214 119 38 33 192 238 191 28 226 12 57 58 121 244 180 141 197 6 217
    29 226 213 253 35 88 99 48 65 7 186 221 23 164 253 137 124 107 9 251
    156 8 67 140 168 242 197 152 170 29 238 131 136 125 193 205 176 214
    129 1 180 214 238 97 140 38 30 104 32 69 129 53 75 16 159 124 104 30
    219 63 52 91 194 239 29 193 148 150 18 104 32 239 165 106 246 125
    192 147 91 53 48 237 28 86 48 193 104 159 21 116 30 27 108 155 212
    89 169 13 73 180 61 24 214 182 87 242 146 173 77 201 42 56 23 249
    200 135 43 251 77 209 80 121 109 23 13 94 28 181 235 141 101 223 86
    191 78 68 67 109 221 93 200 96 161 89 119 223 248 212 203 70 87 45
    13 25 68 104 28 200 131 86 117 110 136 27 84 165 187 176 131 237 162
    162 212 122 213 98 99 227 184 162 161 114 92 24 6 36 91 127 117 81
    151 253 42 65 180 75 230 42 125 89 195 252 125 142 153 178 111 188
    248 121 66 68 24 137 134 90 221 239 94 207 146 148 163 71 169 148
    221 215 128 94 52 178 14 76 107 73 237 61 219 80 191 49 8 14 176 55
    248 75 131 166 38 55 138 111 207 69 140 210 173 74 148 154 92 215
    106 39 60 236 254 144 132 177 77 168 214 214 197 186 143 22 174 159
    167 21 213 89 255 156 163 160 33 106 248 141 202 46 164 78 195 191
    227 77 198 108 77 131 175 188 88 242 15 144 211 62 248 101 172 43
    158 101 31 245 70 229 193 243 187 34 42 171 111 221 120 155 146 198
    166 124 28 205 255 65 186 68 20 147 115 195 36 239 245 40 242 158
    122 44 126 47 136 221 72 98 211 60 10 119 206 229 39 91 139 8 143
    142 35 79 126 252 254 124 100 161 90 253 157 241 197 2 205 174 124
    43 220 140 155 137 112 34 220 123 89 107 235 118 238 136 184 202 59
    229 12 254 203 187 64 63 117 60 119 86 230 250 42 243 88 170 39 1 38
    136 226 121 183 185 248 175 241 167 195 129 157 72 138 50 46 57 244
    231 185 127 251 84 117 142 172 27 19 126 8 137 235 73 153 44 107 236
    73 99 196 39 229 120 74 140 216 96 148 6 40 50 114 64 113 204 20 204
    9 69 45 10 122 219 148 98 185 32 149 167 157 111 154 220 93 9 87 137
    28 144 212 65 184 199 26 226 146 45 102 214 62 43 205 101 169 188
    230 213 94 176 71 30 249 186 143 46 241 138 143 191 237 100 204 212
    74 21 25 131 74 37 199 141 104 213 137 233 11 149 253 58 112 109 183
    150 253 217 64 122 89 94 63 42 233 50 106 14 113 241 36 10 114 148
    153 159 93 47 76 162 250 28 242 39 48 205 145 31 252 3 152 195 182
    171 27 167 12 201 241 137 70 173 49 160 94 57 241 113 187 97 21 134
    83 8 36 37 14 86 19 89 217 224 126 214 15 125 176 85 157 181 242 183
    222 255 113 40 129 132 105 100 157 131 84 117 79 240 52 33 199 220
    55 226 114 22 188 173 152 23 115 87 47 238 127 163 217 160 121 86
    244 157 231 213 189 196 8 128 39 30 93 182 206 116 13 210 185 150 59
    104 245 121 213 56 147 11 223 134 105 45 122 254 97 217 245 151 76
    95 79 112 217 231 3 188 199 172 31 142 19 11 89 208 230 167 65 62 59
    90 34 190 51 92 32 79 106 174 216 107 9 191 186 234 92 142 247 134
    109 43 252 13 79 22 89 219 159 44 28 24 155 216 48 174 139 170 50 63
    173 221 13 89 228 74 32 58 133 148 176 102 46 233 109 233 219 98 94
    245 205 211 43 116 238 189 1 34 54 174 189 190 176 203 11 30 29 0
    130 21 252 21 101 89 68 147 82 51 106 28 153 100 251 205 210 3 238
    88 54 230 50 173 202 120 138 192 112 7 201 35 245 107 0 51 24 146
    194 51 91 6 118 169 253 190 167 45 165 152 0 100 105 148 238 183 207
    189 134 17 187 33 248 186 31 129 192 200 72 180 99 205 240 20 1 117
    5 19 95 107 3 178 194 237 122 205 77 179 28 176 21 191 170 121 183
    254 130 209 89 65 163 68 134 191 183 232 69 115 199 90 124 208 4 197
    183 202 91 85 134 34 17 191 58 58 197 184 216 156 198 186 221 120
    190 166 182 214 175 183 148 147 98 245 30 211 119 24 85 26 169 61
    204 9 111 184 242 91 31 106 159 105 47 9 15 69 188 30 33 180 168 145
    105 203 44 88 120 12 128 24 225 30 220 32 220 84 171 17 100 197 131
    20 29 188 57 71 184 75 8 147 47 174 244 26 29 108 16 161 132 37 186
    113 62 77 115 37 147 123 234 141 111 165 112 46 168 174 79 40 132
    106 8 76 143 97 24 119 66 23 154 232 41 138 190 201 10 31 133 42 45
    158 76 59 10 18 120 160 107 122 161 13 73 54 151 94 117 40 21 77 247
    187 253 217 222 113 34 120 138 20 103 236 167 72 109 75 63 208 180
    195 235 10 62 34 33 237 65 106 98 155 154 25 225 36 73 94 69 145 81
    28 230 143 198 153 190 152 119 32 46 224 157 192 194 113 170 110 31
    26 45 230 44 135 206 79 44 251 95 191 94 169 25 85 183 89 150 88 2
    106 49 165 104 128 82 236 211 1 170 28 94 27 112 157 94 54 228 104
    174 15 190 99 53 244 5 55 159 218 111 69 138 107 102 2 146 30 226 29
    4 120 233 148 250 175 126 160 24 153 237 81 175 186 6 158 80 109 248
    142 196 218 231 167 0 104 136 121 242 62 94 186 202 71 110 29 42 94
    129 219 182 10 88 147 22 122 58 149 232 12 203 91 117 210 185 153
    142 230 115 89 161 255 179 50 197 172 64 206 63 220 252 158 138 176
    143 2 126 150 4 103 76 112 222 231 189 186 183 186 157 72 192 69 125
    197 74 193 136 153 177 108 207 226 55 49 148 223 60 75 76 75 253 15
    166 238 172 4 243 218 102 169 12 54 6 179 108 86 94 246 93 124 73
    173 226 54 194 209 110 163 119 102 105 1 90 216 130 238 67 182 75 90
    174 215 55 120 238 106 248 69 125 20 52 34 173 30 146 224 167 5 80
    141 20 246 45 125 159 219 233 33 87 150 149 80 212 118 71 103 233
    125 15 152 194 211 201 6 50 244 248 240 99 19 12 63 236 225 1 185 93
    102 168 106 136 152 116 70 47 25 112 136 141 142 1 173 70 121 49 141
    37 39 211 245 186 185 104 69 65 155 17 9 23 215 7 154 36 153 240 75
    75 163 216 39 224 67 181 118 171 2 24 151 247 57 42 243 152 116 94
    242 142 115 252 219 130 241 133 35 66 189 241 99 63 120 82 9 246 253
    36 66 0 65 60 188 183 192 161 230 196 70 106 251 97 93 102 21 196 93
    200 82 151 236 18 192 17 61 171 163 211 217 190 214 220 132 84 211
    168 83 16 147 212 112 67 50 61 159 12 190 186 150 211 198 40 26 159
    151 146 178 250 99 219 27 207 207 235 101 181 153 135 243 216 173 29
    130 237 251 178 131 80 118 234 113 45 143 79 60 37 86 4 98 15 174 18
    199 6 18 200 188 119 105 78 191 97 179 50 191 68 217 187 233 224 61
    128 215 225 228 183 31 170 139 10 119 229 50 4 232 228 60 163 129 1
    17 6 238 90 73 197 73 145 123 9 81 209 73 96 253 141 245 82 19 189
    34 154 209 39 153 180 130 50 72 34 54 85 121 79 18 164 57 112 219
    150 50 202 25 54 9 43 203 218 129 138 65 161 95 74 9 135 103 16 224
    207 153 232 99 25 110 201 21 224 9 123 112 104 138 224 124 108 171
    246 242 222 231 153 42 112 7 235 57 91 63 238 164 1 177 93 139 218
    240 74 212 246 251 220 66 130 35 121 49 107 75 75 181 135 237 105
    154 0 81 5 235 233 3 69 193 205 153 115 207 141 255 219 251 53 221
    73 47 55 159 180 37 235 192 4 247 116 186 47 195 39 233 13 71 105
    193 148 13 226 58 89 164 14 43 11 104 33 59 231 41 0 167 233 248 101
    231 87 86 134 20 38 25 112 40 33 230 91 2 226 91 235 98 75 153 161
    112 33 125 249 165 34 22 122 39 40 205 164 196 82 135 230 204 148 86
    52 163 224 172 164 18 165 125 172 146 168 220 2 69 121 1 5 105 228
    181 118 225 49 33 237 191 143 18 203 176 89 68 106 67 212 150 236
    111 186 131 29 157 231 251 102 148 174 170 164 253 149 119 42 183
    209 157 136 79 83 123 107 240 132 244 112 3 23 64 152 198 231 172
    186 179 104 192 149 75 9 20 35 165 215 12 161 243 83 132 77 221 145
    155 224 131 140 10 56 154 120 203 154 106 92 212 207 238 10 58 66
    125 166 153 18 97 120 94 118 21 171 38 210 122 161 159 14 82 251 125
    6 148 202 120 80 195 204 198 27 185 89 249 144 66 131 230 126 242 26
    151 227 110 94 239 223 162 246 162 250 89 158 195 74 121 136 211 180
    49 36 81 244 34 15 147 251 224 214 225 72 238 197 255 3 60 153 199
    157 148 245 178 51 99 65 98 162 208 1 159 136 120 230 144 99 110 70
    205 104 190 80 224 191 182 112 95 146 195 153 43 103 236 29 24 49
    210 55 163 159 30 233 63 183 44 90 213 232 44 211 187 28 168 153 156
    59 122 10 191 143 56 14 88 124 246 223 28 52 41 249 218 25 213 118
    136 236 149 139 198 178 7 215 197 90 133 182 247 109 79 178 3 50 104
    183 45 54 15 89 206 222 120 251 186 39 241 75 36 215 105 36 159 191
    213 117 195 133 228 150 112 225 232 137 146 220 41 255 194 211 152
    101 70 7 10 22 203 143 243 185 248 74 115 148 221 211 216 201 16 48
    190 135 81 24 176 241 11 33 217 129 211 250 85 190 236 227 50 79 0
    151 199 253 227 7 93 51 191 76 73 24 222 179 90 104 116 230 72 146
    120 145 181 99 121 238 187 182 232 176 7 25 7 239 1 238 58 177 129
    190 96 40 173 76 15 131 189 157 250 166 33 134 100 217 95 33 215 249
    125 64 127 5 208 32 242 85 11 91 170 150 13 167 233 38 235 227 7 39
    145 196 3 120 128 15 178 34 200 120 212 123 18 38 223 155 231 240
    242 168 31 131 166 52 188 74 172 99 183 247 243 60 130 8 4 89 172 10
    140 76 100 225 62 188 82 24 117 77 218 47 180 113 220 201 77 97 72
    172 128 29 39 6 186 109 128 71 218 161 48 172 20 191 121 210 40 242
    139 90 15 252 14 204 165 163 142 171 66 62 87 192 149 157 22 41 4
    235 1 52 71 207 201 163 9 74 242 109 46 110 35 141 174 8 238 78 219
    229 86 94 20 207 183 79 86 93 170 227 10 181 55 92 208 89 107 63 229
    190 137 241 231 182 14 196 75 185 96 14 151 10 3 247 196 17 81 196
    57 153 205 51 87 44 175 51 121 96 162 38 201 14 140 117 55 45 30 66
    106 210 47 27 243 208 112 70 158 49 96 79 155 197 34 215 128 128 228
    239 55 121 189 44 173 195 112 10 32 45 9 239 153 246 206 7 109 224
    229 38 27 89 42 69 22 63 122 79 92 31 168 122 138 232 103 243 152
    176 227 17 243 155 160 97 134 17 187 198 154 68 187 153 233 169 116
    63 31 57 174 181 18 243 14 205 51 56 49 188 122 44 14 102 33 50 69
    80 89 184 44 150 31 135 199 12 231 197 77 131 248 132 207 188 87 244
    226 24 84 249 219 221 119 63 209 143 38 136 36 71 26 85 228 196 108
    98 55 100 6 143 187 236 251 95 75 43 26 33 101 131 76 22 34 189 193
    195 18 46 179 34 86 234 18 42 131 149 44 18 16 62 153 207 119 77 140
    54 204 230 8 133 165 84 179 68 176 173 89 54 150 149 154 78 55 47
    129 46 131 84 16 249 163 159 167 236 156 194 234 51 141 233 78 186
    229 237 113 15 178 109 120 193 109 80 232 158 2 221 156 42 164 206
    46 65 153 1 108 137 229 182 178 254 60 92 83 111 10 0 173 95 84 48
    48 194 232 167 5 218 221 10 142 130 8 90 142 159 77 138 242 174 252
    150 161 220 49 161 93 13 78 106 0 180 106 84 72 247 220 66 27 198
    214 252 218 203 123 24 26 239 127 36 112 98 154 5 156 33 14 201 157
    150 95 188 243 17 149 62 205 234 59 161 75 91 71 21 132 137 230 40
    100 208 77 140 174 69 230 226 26 34 209 39 248 164 200 222 152 206
    70 75 81 99 26 66 218 111 94 251 203 154 177 77 198 70 131 107 117
    160 144 125 8 79 192 18 237 96 206 198 102 97 13 24 149 103 19 166
    198 149 206 234 26 87 195 92 202 185 104 173 59 148 154 8 38 255 9
    104 116 138 193 144 106 182 137 87 230 115 97 205 116 142 29 96 63
    175 243 100 236 163 255 179 3 188 89 61 119 185 127 244 154 98 125
    25 181 173 5 221 79 143 168 4 69 96 198 0 208 227 121 76 129 180 204
    176 80 244 180 191 195 144 174 194 254 212 176 94 112 220 145 76 221
    172 84 129 179 122 203 184 83 17 221 255 172 166 245 218 228 137 126
    41 137 191 180 49 33 82 21 218 140 96 234 33 166 144 108 44 209 75
    235 65 50 245 5 221 206 45 72 247 141 243 142 62 80 49 67 49 115 214
    11 200 219 35 119 194 155 23 103 104 88 110 224 165 17 16 86 18 247
    176 156 12 125 88 31 253 193 182 111 237 230 208 253 96 97 30 140 16
    38 153 37 165 204 131 23 142 121 90 60 84 42 74 233 166 186 118 208
    254 24 229 175 155 214 69 120 178 208 110 87 146 108 120 133 249 179
    103 69 45 8 91 212 122 94 24 94 62 163 111 87 89 66 254 45 235 206
    71 0 210 169 65 136 111 122 48 242 184 14 176 98 108 169 180 186 252
    95 218 217 169 114 183 105 156 83 90 213 55 124 196 93 234 115 35 78
    27 149 185 84 77 245 83 57 231 30 64 253 127 17 229 74 167 158 140
    206 210 59 146 142 105 234 209 15 51 186 241 189 219 68 87 48 232
    149 31 117 242 21 45 157 194 10 97 219 189 9 28 71 143 204 27 241
    110 15 87 79 149 197 62 10 228 82 119 241 185 193 194 227 78 126 52
    5 195 41 244 2 233 46 185 189 201 51 148 76 68 32 66 124 236 22 14
    136 210 252 252 127 131 108 68 1 208 171 252 154 147 191 186 141 83
    123 235 167 108 69 184 152 151 187 62 146 149 12 64 255 144 24 218
    187 83 229 249 48 99 217 8 27 121 253 68 17 245 245 181 13 200 118
    67 215 42 167 21 136 151 109 146 84 209 88 57 178 21 22 8 201 236
    170 217 110 96 141 159 244 200 245 5 120 172 20 183 39 185 208 220
    132 172 227 97 81 169 56 9 49 188 140 199 115 121 70 9 163 246 134
    170 244 60 194 125 165 181 145 12 243 53 126 220 46 89 200 38 108 34
    115 86 236 204 254 36 88 54 28 93 249 38 166 79 86 51 33 135 209 241
    140 93 88 228 125 166 147 167 152 252 87 147 100 45 7 212 67 42 83
    169 98 3 176 226 190 133 127 85 183 87 72 125 44 231 176 15 247 37
    160 3 52 67 240 193 159 198 175 106 120 5 223 201 162 81 208 33 156
    223 84 172 134 62 248 213 105 39 247 53 139 156 57 234 79 169 83 208
    135 248 80 147 122 139 131 204 114 139 244 237 16 155 218 100 244 16
    49 10 145 196 81 77 27 207 198 133 131 227 122 134 110 68 191 45 248
    142 105 170 191 27 206 21 222 102 9 16 182 239 236 184 71 211 75 55
    216 7 119 245 42 252 117 2 127 46 126 101 60 214 140 62 180 240 136
    35 110 239 98 49 237 89 252 206 168 60 217 149 219 13 1 83 192 200
    154 200 75 170 107 105 27 70 12 20 79 149 118 86 199 60 65 150 12
    158 222 41 136 55 121 208 103 202 71 152 77 201 149 23 171 228 80
    142 173 1 139 220 62 146 168 234 147 245 66 62 175 216 79 14 78 108
    91 135 37 74 135 233 58 73 82 11 188 44 67 91 234 247 42 184 80 217
    162 218 29 167 173 49 81 163 143 36 3 59 224 210 210 170 197 132 34
    82 243 230 210 184 98 197 255 84 247 174 170 113 177 45 138 27 100
    186 217 167 212 161 230 154 93 202 135 19 23 166 168 193 233 195 106
    3 109 22 17 22 165 77 122 152 233 219 206 73 104 238 82 75 144 51
    154 182 33 177 113 61 213 70 34 158 170 125 187 112 223 2 26 31 52
    229 82 112 63 246 212 87 91 25 249 215 126 60 26 127 87 225 219 224
    161 85 101 8 177 74 190 104 14 157 4 144 65 212 238 4 138 142 16 77
    178 133 131 50 237 45 96 119 175 93 211 241 45 17 80 57 22 182 88
    240 96 96 223 8 246 86 176 91 97 31 169 133 230 68 134 169 182 145
    26 210 123 31 145 75 201 142 218 197 76 155 127 100 159 44 155 221
    240 187 230 14 134 89 166 102 217 135 139 61 218 202 237 102 68 163
    16 82 130 133 85 21 22 237 138 2 127 230 54 144 207 84 0 161 174 65
    153 93 83 10 85 66 204 36 129 199 143 34 205 170 50 40 8 203 254 235
    203 15 107 158 158 98 24 7 28 229 151 163 96 40 78 170 94 91 238 110
    232 205 236 179 38 35 139 114 215 5 219 108 1 134 204 26 182 192 157
    127 160 173 118 212 33 20 232 103 228 31 0 137 184 248 52 132 29 234
    98 160 67 105 189 185 206 142 31 236 125 185 68 214 87 159 38 149
    230 127 81 17 142 73 225 11 53 7 252 80 93 247 49 202 247 212 7 127
    205 78 133 114 100 101 80 126 91 33 3 73 110 167 231 231 160 48 171
    175 44 156 191 232 234 115 14 234 161 69 173 211 176 239 72 68 221
    177 30 41 51 250 149 153 194 105 10 34 73 121 251 230 9 124 179 247
    23 34 46 52 15 111 216 124 39 192 177 162 172 43 234 162 141 179 33
    233 120 187 110 137 29 26 109 117 42 137 196 209 55 94 237 21 140 72
    168 233 163 90 88 196 116 116 50 239 10 158 243 161 41 37 12 6 80
    105 251 104 116 80 25 196 9 141 115 5 99 17 110 17 11 65 172 115 26
    189 125 220 42 244 155 102 20 47 170 237 100 15 71 114 87 252 205
    129 2 163 219 138 113 212 251 231 25 39 116 185 128 152 196 225 53
    230 253 19 136 215 234 209 139 237 96 226 58 131 106 60 210 129 180
    227 234 108 133 80 107 254 185 24 174 130 17 119 154 178 4 61 252
    249 156 202 160 224 253 126 112 227 162 47 151 149 6 206 190 212 117
    222 169 45 107 116 194 94 40 203 58 97 219 62 152 163 114 45 111 66
    26 219 156 212 26 196 173 82 32 80 50 174 249 79 0 75 31 74 35 156
    199 193 102 77 171 95 85 210 162 147 120 185 99 51 162 240 80 6 109
    97 235 229 187 238 209 153 143 152 127 248 7 184 85 181 154 8 54 62
    139 212 45 81 33 206 132 190 65 37 40 5 7 72 117 20 61 176 40 174
    239 39 152 20 117 134 22 170 171 255 163 221 71 13 76 76 143 186 129
    71 175 39 100 177 39 155 170 58 62 23 72 231 104 175 243 234 203 44
    57 53 185 127 89 194 72 25 7 14 194 167 60 0 63 237 150 189 254 114
    96 48 62 223 151 68 70 28 111 152 233 72 4 244 206 85 133 109 35 150
    182 113 173 175 2 82 33 205 226 127 221 174 213 118 164 172 94 227
    93 152 14 78 36 238 220 36 205 176 70 167 86 86 84 29 191 135 14 244
    51 33 130 179 125 134 35 214 132 26 59 249 7 133 179 205 237 222 220
    235 227 51 162 220 110 46 252 233 214 29 212 124 236 40 99 114 158
    66 211 251 120 22 210 108 163 75 160 58 240 116 38 54 199 46 163 124
    120 114 242 120 97 210 33 96 35 140 213 8 176 147 94 175 154 228 175
    77 53 135 59 42 223 104 253 148 174 117 73 209 100 68 173 171 244 83
    198 53 216 255 188 123 97 248 159 86 5 242 41 207 177 206 118 11 215
    115 5 131 78 154 9 15 76 234 75 85 162 145 219 7 252 255 121 81 0 27
    101 131 135 106 102 47 37 217 213 243 47 190 101 175 39 37 138 116
    169 134 114 144 173 76 38 59 71 156 203 33 93 79 56 134 53 174 140
    197 188 21 16 216 39 192 221 225 32 171 22 119 90 206 246 98 242 79
    18 187 97 78 39 224 29 162 31 236 116 32 110 75 183 60 95 202 223
    128 97 62 66 164 196 167 141 215 239 49 238 251 28 250 116 151 141
    186 123 200 47 163 139 193 145 13 138 2 254 204 1 7 6 154 80 125 249
    208 251 206 64 145 114 150 253 158 28 182 254 73 193 248 112 239 68
    109 220 129 18 75 202 252 10 150 74 130 178 74 136 128 17 69 92 10
    75 33 35 10 142 65 192 222 93 4 163 200 160 137 242 227 55 218 161
    83 89 49 74 180 15 217 251 105 102 203 76 42 62 156 136 158 186 242
    8 178 147 1 185 239 246 168 167 96 104 80 228 105 102 182 85 85 8
    248 171 148 30 242 90 108 74 119 188 156 190 53 199 117 0 246 79 133
    167 193 119 29 23 158 240 103 95 97 197 104 73 96 137 207 73 37 42
    11 58 40 72 106 20 152 121 47 160 228 139 20 222 90 74 88 135 2 154
    180 193 50 213 89 194 136 149 25 248 36 149 194 222 139 246 184 119
    250 10 202 96 113 239 193 65 55 191 214 83 70 229 162 232 65 210 141
    162 188 193 111 201 209 232 46 129 71 15 163 182 214 123 5 57 242
    199 223 211 212 211 233 172 4 130 174 124 206 245 193 225 46 49 60
    90 254 129 156 82 74 245 100 37 76 69 31 222 231 40 252 150 200 56
    233 25 232 57 179 127 125 84 157 101 125 226 105 46 195 194 5 250 10
    22 138 1 54 55 212 132 10 49 108 41 125 65 117 183 10 247 213 224
    169 136 65 180 143 164 6 150 215 216 226 35 126 50 28 87 178 87 111
    238 129 37 138 184 163 64 220 187 23 21 170 6 102 154 161 55 218 228
    149 128 97 146 243 180 31 71 175 189 246 135 115 105 7 54 146 73 55
    217 149 228 238 156 187 228 8 239 63 137 0 209 181 134 101 21 5 135
    70 98 245 219 242 67 191 254 35 107 153 232 208 21 18 167 168 129
    226 68 200 235 87 147 207 9 162 202 35 23 242 20 36 150 131 206 128
    127 95 219 185 22 204 168 29 67 4 41 173 87 241 127 177 156 174 167
    189 12 11 151 5 67 121 9 177 167 90 44 89 209 34 144 101 102 59 0 21
    122 139 145 185 125 13 3 32 156 207 11 140 76 82 46 96 45 185 36 20
    24 83 99 132 40 23 116 91 184 95 182 106 146 0 27 217 152 148 175
    231 32 128 66 151 11 215 176 8 112 135 116 224 148 17 235 177 127 98
    15 104 172 188 121 245 46 142 244 29 128 14 230 57 131 101 36 233 45
    212 15 74 64 173 211 180 152 48 214 214 210 131 234 29 27 13 38 141
    11 140 53 185 24 137 212 152 111 94 211 217 147 89 75 153 131 11 253
    102 190 15 58 51 177 186 251 199 69 172 67 196 222 202 43 213 36 238
    29 254 46 110 214 201 44 2 186 114 80 206 168 86 100 153 81 95 215
    166 38 59 244 79 95 245 141 146 12 184 88 87 206 163 181 49 248 162
    214 99 78 139 164 114 94 65 79 85 120 177 173 144 133 61 172 17 214
    236 139 212 46 62 219 19 229 101 10 59 210 216 107 82 80 95 254 241
    152 139 104 23 126 240 144 167 132 145 48 59 2 138 37 106 230 222
    185 201 251 76 254 211 133 21 23 125 94 30 135 193 152 223 116 210
    122 84 27 109 142 207 215 154 82 131 113 143 73 63 141 215 127 47 14
    225 107 44 51 208 192 148 191 92 172 47 39 27 218 239 59 236 216 91
    19 185 239 172 130 118 173 194 68 244 75 113 119 21 242 133 206 125
    232 215 60 67 81 95 246 131 79 163 158 156 27 71 194 175 228 173 155
    62 153 176 223 251 247 97 101 66 56 105 224 36 187 107 159 158 186
    13 171 167 58 46 149 221 134 117 145 139 116 203 250 70 45 71 93 187
    8 183 18 197 180 255 43 112 49 134 1 114 218 150 201 245 254 230 105
    77 194 101 81 209 93 194 87 237 56 61 117 237 229 212 48 212 248 62
    220 78 10 54 192 205 26 222 86 167 68 225 51 193 239 174 37 142 19
    91 74 112 122 155 164 127 188 22 120 132 218 168 134 209 87 9 170
    128 44 87 216 39 100 0 194 200 2 34 250 252 221 191 23 174 1 234 211
    64 27 164 214 178 250 49 91 199 192 216 213 55 124 108 190 249 12 46
    13 110 11 192 116 76 220 197 64 120 242 214 83 218 151 129 144 189
    57 188 162 73 171 82 255 16 143 61 110 174 20 66 201 48 7 77 124 8
    177 195 172 82 104 156 54 179 35 42 98 172 168 117 135 166 59 88 76
    63 12 185 27 127 56 128 250 22 115 254 104 14 62 198 21 71 85 0 191
    25 58 148 112 144 141 160 245 240 175 159 114 13 10 135 245 151 127
    131 80 219 253 186 155 171 238 113 84 222 40 216 86 151 186 196 108
    72 151 55 219 16 68 222 115 171 250 132 143 36 238 146 208 125 149
    221 253 110 41 124 71 220 172 30 135 241 207 129 19 178 126 210 29
    228 94 240 65 251 45 29 223 100 12 162 184 242 170 22 166 196 246
    150 117 24 133 158 52 163 215 152 206 171 13 128 89 30 226 181 209
    141 165 184 147 115 30 75 78 118 29 66 145 226 240 239 25 214 210 0
    146 204 219 97 81 231 108 155 74 133 137 243 232 206 216 197 63 83
    189 41 205 162 242 28 101 97 92 199 145 21 51 111 224 197 87 161 60
    96 232 92 14 241 131 233 231 242 233 97 91 117 93 189 82 168 96 242
    38 182 173 108 26 118 157 250 68 220 155 88 198 126 7 196 193 115
    248 230 8 245 14 77 243 138 73 184 92 248 33 136 152 39 184 101 144
    241 235 178 167 181 181 144 210 140 242 21 226 146 240 75 110 138 25
    43 44 206 61 122 200 123 196 51 11 82 77 174 185 158 167 192 42 206
    122 73 48 97 174 131 63 133 118 70 120 26 91 232 50 180 167 86 232
    41 220 230 108 70 238 140 79 246 252 122 120 229 60 79 34 225 233
    212 68 142 103 103 174 36 67 199 27 165 230 186 51 70 187 9 2 46 65
    49 240 102 68 109 10 44 78 189 55 232 128 144 73 241 241 163 112 80
    218 156 22 110 45 120 49 35 221 66 60 23 216 182 185 228 7 206 166
    22 152 76 182 189 87 249 28 24 219 245 238 129 144 85 176 60 223 177
    105 156 121 9 165 4 144 72 144 37 55 141 163 163 123 220 245 208 41
    35 210 70 138 37 135 49 145 240 110 100 115 168 19 175 178 100 154
    174 181 41 141 104 42 109 128 241 59 37 244 11 24 123 164 29 183 144
    134 90 87 26 0 149 186 114 98 247 115 103 121 184 145 35 241 244 32
    192 190 189 207 33 38 99 143 36 129 48 21 56 133 189 200 109 24 64
    63 157 104 111 159 10 142 199 99 213 209 202 80 162 151 62 243 197
    14 76 68 25 160 10 123 109 131 181 202 145 11 14 132 19 143 70 172
    126 61 209 33 138 35 5 22 138 212 178 104 154 25 126 82 109 184 64
    223 1 241 170 10 0 199 157 165 171 3 119 127 92 32 192 48 192 178 67
    198 253 108 75 25 105 197 157 210 8 166 223 162 220 145 38 66 125
    195 254 34 69 184 117 87 79 89 198 67 103 188 137 49 147 31 79 154
    81 199 131 253 235 247 203 247 198 254 130 47 248 120 169 246 30 76
    129 95 126 211 15 118 110 228 6 52 192 6 42 236 157 18 244 85 97 161
    97 80 36 139 113 231 221 214 12 95 232 40 106 134 37 74 59 123 51 84
    112 87 22 246 255 114 230 150 94 174 220 70 43 198 131 167 82 179 20
    50 106 217 198 41 84 240 126 233 255 217 20 227 89 234 75 127 165
    255 178 20 103 219 230 68 189 238 72 210 101 30 128 134 134 247 135
    235 4 142 44 221 22 203 5 99 196 94 167 60 34 161 113 170 201 153
    239 107 218 4 148 21 56 85 249 223 169 184 102 121 42 145 52 122 199
    123 64 249 157 249 220 96 87 166 128 180 17 50 177 98 76 218 128 218
    66 3 220 21 76 148 251 128 186 187 19 136 189 234 55 210 190 17 110
    54 234 99 197 234 121 128 183 252 235 41 74 143 145 219 0 53 246 249
    147 114 8 218 97 186 52 85 55 246 111 97 165 16 192 76 55 12 8 149
    59 208 255 130 198 165 142 2 24 77 112 94 160 29 150 89 27 53 70 51
    91 31 204 183 29 32 55 47 217 184 240 218 107 59 19 136 49 28 95 220
    218 95 161 79 125 192 183 32 67 232 152 26 248 23 2 92 156 142 44
    167 108 181 128 84 3 105 224 250 60 223 14 167 91 112 244 73 27 90
    100 219 170 18 32 253 128 2 14 103 231 87 121 4 196 218 131 231 103
    0 83 195 247 231 63 124 8 90 101 172 211 72 59 78 25 80 148 246 97
    153 200 54 71 60 34 93 236 180 62 179 17 143 206 192 181 74 101 196
    23 194 91 77 46 59 192 75 85 37 187 183 67 79 31 94 235 203 135 228
    21 123 68 163 50 17 13 92 53 198 201 239 142 176 214 221 251 166 34
    156 128 127 209 150 178 181 101 224 95 58 75 210 146 28 126 141 31
    134 212 143 170 110 1 97 132 143 41 207 62 15 173 185 211 32 205 198
    110 129 175 71 125 137 194 214 49 123 11 210 16 101 103 62 14 68 190
    150 10 176 181 3 118 99 208 252 75 114 61 68 95 241 54 43 245 150 10
    160 163 145 253 0 33 156 136 115 41 192 203 188 42 79 101 157 250
    118 252 53 72 113 6 206 22 54 33 95 228 223 105 246 71 165 19 231 13
    126 27 3 219 50 25 62 163 20 143 218 219 160 230 22 80 179 12 167
    146 8 188 38 42 118 148 104 52 155 100 105 127 227 40 253 216 142 7
    30 212 103 47 117 36 204 75 243 253 213 102 95 108 222 245 43 189
    178 181 133 94 36 92 188 68 230 116 130 111 49 1 143 165 103 252 60
    244 107 56 226 165 49 35 212 109 107 140 208 21 248 144 72 33 123 0
    21 95 250 31 141 60 47 209 154 91 248 13 58 176 223 28 136 94 181 61
    64 34 28 172 149 17 239 67 130 45 180 109 58 120 129 91 34 214 52
    213 15 152 249 189 131 183 254 179 88 169 96 82 137 248 118 52 16
    186 91 64 248 178 89 121 104 177 39 247 117 23 109 223 209 207 203
    247 44 242 107 244 16 70 253 115 91 4 242 36 162 112 2 180 102 166
    88 197 86 225 120 111 185 205 101 157 101 72 40 201 47 123 14 177
    180 209 213 31 110 171 112 149 98 65 163 71 113 154 177 134 165 159
    240 176 224 114 91 155 19 7 180 95 163 174 24 24 141 244 106 187 21
    245 208 140 142 182 217 172 223 86 153 247 2 87 20 9 195 6 9 130 109
    160 194 44 86 92 144 148 252 125 234 213 75 2 246 186 113 57 100 120
    130 142 60 198 247 189 54 160 76 176 158 53 116 250 112 20 30 166
    207 179 130 153 142 88 171 243 74 0 191 183 29 244 18 185 129 71 118
    108 202 221 124 62 59 56 137 104 17 115 56 97 89 226 65 207 115 4 73
    221 41 202 218 42 126 71 102 151 48 21 53 73 224 245 228 172 169 199
    36 21 7 197 229 142 237 68 101 201 244 80 129 32 36 126 179 86 59 44
    44 215 55 229 108 219 28 75 22 48 214 149 150 240 54 29 31 0 102 121
    26 115 253 91 51 108 136 148 117 65 237 240 108 189 104 45 58 169
    141 110 29 192 72 27 180 83 122 253 153 28 231 72 59 141 138 112 23
    70 62 42 90 184 84 176 21 203 182 93 122 201 213 86 190 85 42 49 207
    110 198 200 150 144 56 145 182 153 187 51 72 36 98 66 231 206 191
    107 1 237 185 85 93 35 166 243 38 176 46 227 227 217 144 3 229 198
    21 139 13 137 148 168 90 234 223 223 14 152 255 213 74 180 83 8 227
    64 184 143 88 120 58 198 61 208 216 195 11 115 60 150 73 71 121 244
    76 198 244 71 116 40 5 210 181 97 43 205 199 207 174 249 122 230 27
    12 171 90 93 29 130 178 136 67 63 244 214 122 40 13 216 81 153 162
    125 51 142 21 206 35 231 54 67 40 121 252 108 254 7 189 182 150 27
    171 174 209 116 120 201 146 101 177 84 117 1 130 27 100 32 144 95
    244 176 112 107 89 142 140 15 51 192 160 158 127 62 60 32 21 143 13
    179 164 42 117 245 103 151 83 242 32 7 48 195 62 162 126 222 168 43
    57 100 250 112 55 92 231 74 145 105 202 204 233 223 12 2 105 165 5
    168 250 11 4 46 102 56 63 34 99 246 0 167 79 162 228 144 158 44 22
    47 187 53 130 1 52 142 139 248 181 45 180 13 84 132 70 191 52 152
    227 187 147 186 7 233 227 35 212 31 171 95 0 231 247 65 245 124 201
    167 225 29 117 209 86 234 52 110 41 187 247 138 70 183 3 109 198 160
    1 35 95 113 173 201 103 105 241 3 143 232 27 255 161 58 10 137 36
    193 19 172 189 78 54 73 236 232 242 251 47 26 163 0 187 230 97 7 15
    126 176 22 14 101 126 184 224 244 118 154 32 81 96 255 129 7 204 197
    33 184 66 105 75 149 189 241 114 136 171 141 66 238 240 204 200 20
    44 73 52 77 182 139 82 242 186 155 232 95 172 250 16 33 238 100 239
    136 27 158 4 116 184 111 193 230 95 184 139 0 209 119 231 84 95 254
    86 201 151 238 122 117 159 215 120 227 12 23 40 40 24 238 3 59 171
    92 19 210 33 43 231 96 25 56 139 143 35 204 64 214 129 235 72 29 162
    232 110 20 192 160 143 252 15 8 215 11 94 202 30 23 251 127 19 184
    94 158 113 120 170 1 81 96 158 178 112 164 251 102 194 99 49 251 165
    50 29 202 107 212 234 113 159 1 165 245 218 63 171 68 186 120 60 189
    213 139 105 239 93 69 31 164 177 51 24 147 77 102 165 234 242 163
    156 116 10 82 157 205 224 176 105 48 125 217 10 18 249 53 61 179 17
    97 9 62 91 11 230 21 230 20 238 0 18 10 56 37 230 57 106 11 238 181
    59 186 241 224 83 190 102 241 42 103 44 66 178 147 14 191 108 1 169
    34 205 63 0 105 99 19 190 159 91 72 27 210 233 180 88 83 50 160 130
    152 73 42 46 166 48 48 3 12 126 80 184 176 9 239 251 24 14 33 221
    157 199 243 23 121 73 201 67 93 193 71 225 145 76 51 124 204 91 193
    218 209 236 177 1 79 142 24 115 242 228 19 141 226 208 122 107 24
    195 255 145 25 126 145 71 102 131 45 221 162 62 24 169 99 243 131 43
    238 37 157 43 99 31 147 137 40 140 138 16 102 136 221 252 65 22 139
    253 4 58 62 24 9 85 183 31 64 22 197 223 67 19 207 141 62 255 4 29
    232 169 172 122 201 97 175 60 102 49 23 113 90 77 245 149 212 75 79
    95 153 182 2 254 210 183 203 124 8 234 10 75 206 124 234 247 123 177
    227 236 83 11 53 20 220 197 151 100 112 50 46 132 81 56 107 82 136 1
    20 131 36 238 195 75 134 15 183 180 118 254 153 197 156 168 179 227
    242 5 59 189 25 62 247 250 120 32 83 162 200 84 179 173 134 96 107
    93 179 83 240 101 17 165 101 71 84 20 215 146 211 108 43 143 172 144
    25 33 56 175 27 243 111 118 184 178 241 144 17 234 175 207 90 192 32
    195 232 40 54 153 244 91 63 124 195 90 167 240 91 25 28 213 196 228
    169 127 149 184 254 170 163 6 204 111 5 101 119 116 22 54 95 217 41
    31 253 95 134 33 209 216 217 27 49 197 76 73 87 150 82 167 173 9 219
    7 117 183 32 159 227 140 162 99 52 98 1 239 16 22 114 202 144 145
    177 220 101 5 251 96 10 239 193 222 233 100 133 148 147 19 150 200
    201 156 161 168 89 232 235 37 96 207 126 191 144 38 140 178 207 116
    133 227 2 152 119 115 26 85 148 247 96 211 18 154 122 97 47 65 199
    95 250 160 21 189 0 182 127 234 107 225 186 13 165 247 51 211 31 236
    183 47 157 217 238 237 153 52 101 125 158 133 172 25 140 105 228 35
    77 192 22 110 90 115 2 39 255 155 155 118 103 189 252 96 83 88 123
    94 114 103 115 230 236 2 48 226 252 60 142 158 255 89 126 48 99 46
    63 137 232 129 203 76 165 251 94 240 21 205 25 47 248 169 147 138
    239 51 52 198 241 208 81 196 64 2 130 242 255 180 18 12 245 172 164
    50 48 157 81 157 139 197 229 20 167 124 33 138 134 55 224 225 171
    161 39 136 8 149 47 241 91 5 126 195 242 54 69 194 73 56 20 14 70
    149 232 172 175 249 176 76 147 142 53 17 217 217 197 42 111 146 16
    20 157 231 17 236 212 200 92 80 100 160 97 182 98 184 96 135 202 213
    14 178 176 175 62 129 133 98 94 179 210 2 217 21 68 43 47 150 63 160
    126 182 21 129 14 34 211 4 159 189 9 69 7 160 132 188 139 41 90 31
    215 32 46 237 246 136 208 149 136 229 165 105 70 172 253 21 203 171
    52 145 193 103 198 14 26 171 45 91 18 154 173 146 248 203 53 144 105
    94 63 112 186 29 171 99 191 69 205 254 237 8 165 232 234 242 78 170
    104 118 53 136 180 126 159 135 151 19 156 12 93 64 89 119 230 204
    125 40 121 246 124 235 216 80 61 141 16 14 44 68 173 27 15 50 153
    138 249 117 223 156 138 160 7 82 92 245 118 241 186 220 183 64 166
    148 119 13 154 36 196 104 168 41 198 48 210 140 201 239 49 194 78
    150 179 40 194 126 166 83 33 7 188 240 107 11 87 40 126 149 151 157
    3 225 219 199 53 209 41 183 123 41 99 233 160 12 205 133 33 56 150
    131 191 185 113 133 182 57 225 110 170 217 78 115 223 226 156 171
    150 9 143 172 164 219 159 96 167 75 224 44 6 83 208 65 21 246 60 140
    250 215 136 52 106 229 97 215 94 135 146 157 85 206 16 3 123 229 42
    86 3 146 169 152 81 193 98 180 103 242 150 219 99 162 232 17 204 58
    48 93 118 252 48 116 125 74 243 70 118 121 190 184 23 162 64 89 233
    125 4 90 144 188 193 75 136 177 55 32 248 247 194 133 215 133 200 4
    89 94 54 117 85 139 38 15 114 1 248 146 199 59 254 127 16 240 137 93
    158 139 71 15 222 87 96 10 114 96 49 104 76 193 87 96 220 146 235 73
    184 174 143 158 7 127 36 73 60 31 8 157 174 227 22 93 206 238 9 173
    66 55 180 72 79 38 115 185 24 162 65 2 34 21 253 79 98 29 157 36 135
    6 47 169 145 187 22 82 3 217 42 68 45 252 239 218 231 163 18 69 20
    110 68 218 223 49 37 183 161 133 70 171 156 220 166 130 42 172 79
    178 247 246 184 83 6 128 109 136 100 60 115 79 168 227 194 235 41 43
    10 167 80 183 204 176 16 79 142 81 253 94 132 216 12 155 64 109 212
    138 101 218 166 11 197 192 116 24 214 60 227 110 76 75 200 149 185
    236 44 226 104 233 18 64 242 219 235 220 2 93 245 165 169 152 70 8
    75 27 81 138 101 130 52 44 219 248 117 125 230 57 155 22 162 142 183
    114 93 49 30 151 92 30 102 65 79 110 233 54 238 250 162 87 217 146
    57 249 147 61 108 176 150 188 228 64 103 234 219 97 29 165 131 148
    48 240 6 207 174 63 252 240 71 194 14 251 197 20 222 4 170 116 164
    250 76 165 24 206 108 57 164 213 38 234 13 100 46 213 157 136 195 94
    243 198 212 214 158 161 241 102 97 188 37 29 166 112 5 115 138 94
    228 61 91 207 250 30 73 217 101 159 111 92 3 236 143 171 195 102 68
    178 11 84 196 66 200 240 190 139 96 121 137 142 15 113 114 33 37 176
    26 117 19 86 179 54 65 143 134 133 56 2 178 174 188 40 19 247 226
    254 43 223 151 23 127 84 252 49 169 97 170 114 228 253 123 79 206
    137 84 216 68 216 93 235 166 52 208 102 37 113 149 49 119 226 101
    206 55 234 236 169 117 57 131 245 130 19 235 118 4 243 203 56 234 54
    63 56 186 70 94 15 200 219 89 221 121 16 160 74 99 75 12 237 22 197
    92 193 159 207 31 36 199 88 43 146 182 47 7 61 84 110 67 197 225 221
    38 138 148 216 251 190 189 141 251 12 15 228 89 124 211 157 252 82
    103 162 105 166 48 114 192 105 148 143 220 200 172 117 28 64 204 131
    185 218 197 123 150 150 165 228 82 53 164 206 74 210 239 255 230 18
    73 246 188 97 243 79 235 74 101 90 176 96 74 25 90 89 68 99 69 156
    229 148 122 148 164 73 67 72 66 208 114 103 111 188 86 231 92 32 228
    223 251 37 102 238 233 251 142 42 68 238 133 146 89 168 96 48 241 4
    222 120 1 2 206 114 57 121 70 18 72 198 252 115 169 98 254 229 195
    205 39 204 198 212 36 200 216 253 107 2 15 175 159 85 3 219 249 183
    32 156 57 240 20 19 232 199 36 197 80 137 87 241 26 191 97 81 243 19
    39 28 42 152 245 213 121 3 19 147 89 211 87 251 107 130 175 145 198
    201 90 68 162 140 147 204 149 4 77 219 131 100 212 152 90 127 16 148
    72 96 62 69 135 63 248 212 175 66 162 255 220 128 182 123 6 153 254
    54 216 186 144 139 156 22 101 220 181 249 107 235 29 64 12 149 176
    156 179 82 170 244 116 80 161 198 55 149 55 62 162 141 6 174 161 110
    58 92 111 5 113 13 146 148 68 115 251 20 25 19 52 221 163 51 235 198
    170 50 3 114 228 132 104 43 226 176 36 32 21 79 140 19 164 182 102
    243 27 82 245 31 110 107 2 103 147 77 179 20 67 186 17 9 231 2 73 8
    86 221 157 22 88 175 245 190 116 105 254 244 187 68 113 1 219 31 153
    219 146 5 152 203 51 100 248 97 145 81 110 184 195 37 138 199 34 108
    213 29 27 156 4 1 224 173 31 130 129 34 151 32 158 36 45 172 102 3
    105 97 45 241 122 183 148 172 154 6 169 129 32 157 104 229 103 92
    117 147 188 150 32 137 202 203 210 188 252 153 186 64 49 110 245 108
    13 13 7 0 207 70 46 242 121 167 40 80 103 33 250 51 72 94 196 16 214
    181 64 190 129 62 197 148 184 31 29 41 214 79 243 124 41 69 233 22
    41 52 29 81 223 139 158 26 207 19 210 28 231 1 159 223 15 14 190 149
    18 194 102 47 7 188 179 90 232 85 108 72 137 166 128 245 64 94 95 81
    120 217 253 46 242 111 116 20 199 130 246 253 201 237 2 75 117 181
    206 66 171 190 199 212 46 94 103 99 251 167 29 103 240 96 72 94 76
    220 94 107 42 117 7 19 240 76 14 142 19 193 211 149 192 234 93 51
    158 167 253 169 146 89 108 61 69 199 164 108 229 163 10 21 146 125
    129 134 60 226 243 191 228 201 54 31 90 217 118 177 168 25 29 176 6
    12 126 222 98 150 212 223 146 248 84 190 76 137 109 192 81 50 165 2
    147 12 114 145 42 7 15 76 40 5 188 200 160 15 240 219 44 85 115 8 6
    92 140 89 102 188 189 68 81 243 52 147 246 167 193 213 77 112 206
    113 19 178 185 81 94 120 39 170 127 46 121 231 27 76 248 5 121 31 61
    4 223 9 32 202 225 226 14 195 110 245 177 241 54 216 21 246 43 146
    33 127 183 110 13 130 50 24 168 72 212 126 87 186 50 197 23 250 112
    240 48 162 3 168 249 224 213 74 190 51 143 218 243 56 238 254 105 10
    18 85 134 233 199 139 172 123 150 95 56 159 148 132 2 83 218 114 48
    210 175 200 115 182 86 126 5 158 218 136 41 100 100 25 110 112 116
    179 219 120 184 93 141 165 219 147 62 232 46 104 14 113 72 252 97 17
    6 166 189 213 120 8 242 108 226 97 135 255 190 170 103 198 107 145
    160 227 219 156 60 46 2 187 167 221 214 62 51 168 141 149 232 0 17
    169 185 3 34 184 178 5 62 31 43 154 252 189 140 120 93 210 123 153
    244 95 249 50 44 16 187 255 195 217 209 32 65 116 98 230 214 24 160
    198 86 38 238 247 169 7 231 71 68 192 255 177 192 107 205 81 143 74
    141 211 43 120 222 23 134 148 227 254 161 12 115 107 201 85 43 187
    248 35 135 78 222 162 184 35 40 147 250 60 153 237 45 98 202 74 118
    132 89 215 117 98 73 57 60 34 144 1 243 208 47 145 187 38 253 254
    168 25 173 24 8 89 75 239 80 95 69 61 126 231 77 21 9 37 253 56 6
    172 21 9 117 98 28 25 17 86 201 144 190 166 174 66 92 226 118 202
    231 31 124 247 228 224 93 17 27 123 188 35 190 126 116 205 227 221
    249 118 205 45 170 144 123 149 46 199 5 22 46 73 135 61 178 178 66
    96 241 27 46 51 46 189 66 138 3 133 183 133 76 62 107 91 184 183 166
    129 76 220 125 88 34 155 137 117 243 11 140 65 29 217 222 130 136
    152 93 16 29 215 4 158 67 87 98 35 85 34 79 100 191 61 153 114 0 198
    35 88 221 143 24 112 89 144 115 181 65 155 240 241 3 21 100 92 85
    249 98 78 13 113 204 99 187 187 234 171 190 105 144 57 144 146 0 213
    223 144 245 83 61 49 12 188 164 49 242 150 219 187 94 92 165 7 158
    51 123 192 78 52 18 245 213 55 201 198 72 222 132 151 83 173 162 129
    229 25 189 155 10 67 119 235 67 61 17 24 2 36 48 123 251 214 162 81
    49 154 185 176 213 239 25 103 189 76 141 23 254 189 175 238 37 93
    175 49 23 76 111 109 131 13 157 130 142 26 184 123 209 111 16 159 15
    45 74 6 126 222 66 39 67 213 194 59 205 189 164 55 172 59 60 105 168
    55 183 236 231 140 18 242 155 240 155 251 197 63 6 107 128 10 96 22
    185 118 24 1 177 194 23 6 95 6 215 207 133 131 38 229 176 86 164 215
    106 127 119 173 253 144 35 217 213 55 239 170 137 197 234 23 113 195
    8 180 206 176 236 19 48 163 229 16 29 42 54 51 69 129 236 119 162
    226 222 254 39 79 130 80 135 51 115 195 43 143 74 166 65 75 42 180
    89 201 1 131 125 221 139 66 16 41 235 200 91 195 136 165 239 97 30
    89 73 186 101 125 174 1 102 35 207 243 13 72 131 40 25 224 157 153
    194 161 68 147 244 81 241 158 25 131 249 161 63 236 185 230 135 105
    50 178 39 146 189 20 26 192 82 139 71 87 8 252 34 135 167 219 111
    233 145 131 116 185 74 96 123 8 197 43 27 33 159 131 177 114 27 38
    17 173 158 75 69 92 67 133 168 186 159 23 21 131 254 225 23 212 181
    241 242 177 238 22 45 136 21 89 194 162 208 255 66 76 56 1 144 245
    255 125 212 30 149 215 231 88 26 135 253 164 79 241 194 66 48 111 94
    137 114 73 61 0 141 115 15 190 213 120 56 110 151 30 168 241 126 150
    112 174 107 78 241 93 42 180 61 154 86 78 132 68 192 72 50 4 117 58
    202 197 11 72 94 173 88 243 12 94 129 204 98 121 90 181 228 153 231
    167 236 187 135 142 65 139 223 144 34 92 203 226 74 45 109 169 238
    139 234 135 150 56 36 167 184 22 3 74 149 132 68 143 57 30 99 88 244
    18 132 251 101 1 63 70 29 86 193 63 43 2 28 207 88 203 86 90 142 99
    133 43 217 64 66 176 149 114 69 217 34 236 156 141 122 114 129 22
    237 187 172 213 184 247 145 18 106 19 252 49 58 193 114 248 113 141
    243 2 246 232 241 132 182 231 240 101 193 179 185 251 187 70 30 61
    135 78 168 156 228 188 110 139 1 99 101 57 57 14 180 79 75 7 56 174
    218 115 193 57 197 62 243 108 225 87 67 213 155 16 163 97 68 162 189
    236 165 199 146 194 229 238 29 60 192 66 151 75 142 189 68 26 174
    145 60 27 130 19 255 255 165 116 233 123 39 219 19 164 234 123 72 69
    207 49 114 138 197 94 217 158 156 202 223 244 217 38 134 178 144 221
    31 143 87 129 123 157 64 1 11 145 30 112 96 211 52 142 40 193 39 109
    89 102 254 117 156 244 68 207 127 140 25 136 21 185 147 150 222 204
    125 106 148 62 202 219 103 234 201 249 114 85 4 36 220 224 125 126
    95 250 240 55 117 200 70 128 16 96 83 69 221 69 188 147 8 33 252 32
    123 90 218 58 157 132 198 73 74 255 190 154 193 43 240 178 184 176
    219 48 232 7 185 72 58 243 193 70 152 47 110 22 171 12 187 183 148
    235 9 95 42 34 20 152 17 184 126 46 141 236 201 41 255 9 39 180 250
    246 170 200 192 192 104 154 119 22 121 188 228 155 111 149 98 59 133
    243 32 87 50 39 199 36 174 92 187 221 1 242 164 160 182 63 75 109 75
    112 37 248 115 89 84 224 125 173 209 189 21 96 148 35 237 255 48 122
    158 50 182 110 110 205 16 196 0 123 135 177 255 160 252 86 36 27 9
    107 50 65 16 150 229 52 242 8 41 135 202 113 233 252 241 199 230 91
    241 199 229 119 117 85 185 144 50 223 88 39 87 110 110 209 182 202
    140 120 51 35 197 37 168 86 195 60 202 174 28 34 107 57 89 91 195
    218 25 253 137 2 46 249 142 203 237 211 186 34 150 214 248 31 148
    250 75 187 68 0 76 220 143 73 110 165 198 88 146 148 35 215 49 175
    220 127 212 135 13 188 198 188 55 221 102 157 67 45 41 93 33 77 60
    52 80 187 164 169 228 154 54 32 137 207 165 2 78 246 175 35 237 17
    227 160 249 166 187 60 55 160 49 220 148 90 83 187 99 94 59 13 154
    26 214 81 47 98 97 199 244 175 178 115 191 240 105 13 167 4 112 53 2
    183 71 98 211 171 226 191 51 30 136 55 119 0 159 95 227 166 134 212
    112 3 99 182 103 131 217 144 72 11 134 149 173 221 199 192 133 112
    26 137 182 46 56 216 169 196 255 127 84 0 78 216 66 247 247 141 198
    77 77 11 55 250 125 211 227 186 45 225 21 126 2 46 61 26 98 252 240
    107 155 133 147 142 157 87 63 16 7 90 64 83 6 156 206 34 126 94 157
    200 97 48 115 36 171 134 158 154 255 0 179 71 64 130 17 227 65 0 85
    247 223 84 155 108 144 35 156 42 23 114 155 181 66 41 44 186 157 176
    7 33 255 125 197 134 186 41 57 205 16 64 213 22 131 225 12 103 126
    181 23 127 108 207 12 64 11 78 137 155 77 146 92 71 147 4 248 197
    220 95 213 114 166 27 133 119 73 106 25 50 162 236 245 28 238 234
    144 152 66 160 42 125 218 242 211 83 174 19 56 170 166 35 233 14 52
    15 207 248 181 63 57 247 2 174 176 194 135 62 108 109 214 213 216
    147 243 54 105 21 53 201 135 3 123 149 235 150 129 210 179 244 53
    179 134 113 235 73 230 229 219 93 128 80 199 95 36 233 110 252 126
    212 58 93 187 249 68 180 180 37 178 174 172 137 165 13 172 186 112
    183 27 141 39 96 154 148 164 160 165 123 9 11 14 218 145 250 238 217
    43 117 94 227 138 173 234 185 27 243 184 69 218 80 43 239 131 229 55
    113 161 206 26 85 48 132 93 240 145 196 28 232 185 220 232 241 135
    129 16 235 254 191 138 35 104 235 30 63 244 160 77 61 156 58 136 163
    214 255 210 217 237 54 108 255 75 35 5 195 150 117 254 233 195 221
    112 136 173 132 16 88 39 53 214 150 48 247 234 236 111 20 218 5 72 2
    123 5 139 165 20 30 8 190 88 147 102 247 23 180 235 143 152 142 107
    79 22 83 80 149 49 157 178 244 239 223 157 89 61 203 222 30 216 168
    54 208 24 154 133 48 130 206 159 133 2 200 37 246 39 124 228 227 206
    122 58 135 183 59 118 139 211 60 225 168 36 11 124 154 24 95 199 66
    6 106 70 242 65 35 252 217 78 183 106 149 149 142 162 154 119 145 12
    231 154 119 251 140 106 156 6 64 111 158 139 197 66 95 32 121 216
    105 232 96 140 4 160 107 177 118 111 50 86 192 45 41 73 61 61 35 94
    36 253 3 191 210 65 50 136 80 241 83 29 243 197 91 2 69 73 96 208
    244 8 93 66 210 148 53 240 114 149 173 106 189 78 144 107 38 189 11
    226 227 131 67 35 114 71 180 180 122 3 236 237 64 180 209 74 255 86
    93 71 34 176 152 155 47 31 166 173 60 214 255 209 157 127 255 164
    224 137 155 139 22 97 133 40 183 139 140 229 179 120 217 34 188 237
    209 112 70 75 50 90 89 80 180 188 171 156 123 111 229 166 124 21 69
    110 223 97 93 17 48 74 78 83 99 57 102 90 59 255 84 104 7 51 52 65
    207 223 170 119 151 129 101 156 15 159 72 253 156 18 179 62 11 31 50
    93 201 119 120 142 80 10 222 179 238 81 129 120 132 224 185 31 249
    238 108 180 62 141 182 82 137 178 248 84 27 72 174 118 22 57 188 65
    132 245 237 42 54 65 120 62 31 149 213 119 37 199 55 62 212 170 128
    78 0 25 152 121 134 15 188 4 237 224 60 1 105 203 70 142 117 213 119
    183 22 101 253 235 29 249 80 24 184 218 122 142 218 41 62 62 193 59
    109 127 118 154 58 33 173 9 161 196 171 71 212 14 193 158 195 181
    242 39 233 215 180 168 94 142 163 135 155 224 44 73 179 190 73 40
    239 67 163 180 207 126 136 152 245 228 122 42 5 176 140 115 173 97
    253 61 154 158 75 122 250 143 76 121 85 215 200 109 145 124 169 192
    42 176 239 155 143 4 167 141 143 73 177 93 232 11 237 99 51 33 208
    155 133 102 107 135 219 164 170 124 177 180 161 25 216 175 164 241
    49 102 114 191 70 80 95 64 244 110 164 170 168 247 204 45 136 48 153
    101 100 100 162 19 237 38 76 136 18 90 100 5 226 255 89 35 222 241
    80 29 98 61 156 42 102 248 98 61 98 14 89 198 145 137 175 229 63 213
    20 238 201 157 131 188 171 6 127 182 219 145 109 67 225 161 140 191
    35 45 218 237 230 246 86 103 108 215 32 36 201 3 97 36 154 163 192
    185 161 239 247 86 12 60 26 236 69 181 136 25 170 163 95 54 197 228
    159 43 209 59 236 226 2 220 24 147 243 103 152 76 167 137 152 121 93
    145 144 175 144 133 169 23 242 108 245 131 183 236 55 103 35 114 185
    177 97 186 22 11 193 114 45 187 250 225 102 35 136 225 112 173 62
    214 108 208 200 164 140 172 199 210 140 56 198 41 79 249 117 160 207
    168 248 238 182 169 137 45 74 18 136 255 203 247 193 246 253 69 39
    65 34 148 37 252 0 29 77 5 77 248 188 30 34 126 126 255 67 192 228
    253 199 56 136 145 140 164 116 20 77 145 196 147 8 132 167 55 157 67
    221 193 203 106 101 21 226 6 54 186 133 54 35 225 50 2 195 96 137 71
    23 6 232 165 30 238 114 66 91 193 214 84 57 137 254 90 54 116 78 76
    227 136 136 147 70 7 33 114 5 39 101 100 134 182 241 234 196 204 91
    195 218 32 214 73 14 228 40 180 162 10 214 208 4 73 11 43 237 117 44
    174 108 217 103 198 200 116 157 179 193 162 237 37 233 0 229 20 237
    189 106 118 148 23 52 81 218 225 103 241 151 178 202 173 166 199 60
    82 157 99 246 81 81 217 204 251 99 65 132 51 173 34 77 27 149 34 244
    55 245 116 13 142 204 172 78 23 138 217 217 5 43 218 50 201 75 164
    156 228 161 128 55 91 113 163 56 132 249 111 174 26 39 70 156 198 63
    106 180 86 183 20 60 22 5 211 120 207 166 226 29 176 232 119 219 207
    30 246 209 234 193 74 83 201 123 25 94 84 156 25 7 224 147 96 98 62
    248 247 155 128 151 87 131 217 65 193 224 156 221 199 111 101 218
    216 43 16 227 45 150 134 253 14 40 152 92 60 34 186 214 106 222 16
    69 47 42 251 116 44 68 170 223 166 245 71 109 245 29 141 53 136 175
    92 203 199 106 230 239 77 69 120 78 247 25 21 34 190 121 190 117 244
    28 84 105 229 42 181 150 113 204 40 191 219 129 155 152 154 158 142
    239 31 47 202 78 162 78 13 205 55 24 51 190 237 224 188 52 224 7 32
    197 136 247 143 57 22 26 249 85 91 63 13 164 99 69 200 154 248 114
    26 25 19 188 158 86 87 136 243 141 43 49 165 226 155 158 179 7 6 73
    71 207 17 22 248 121 35 209 104 99 252 60 220 64 179 253 153 54 93
    140 18 197 108 37 215 182 0 254 142 236 239 157 29 189 27 177 113 34
    130 224 246 196 244 181 219 123 250 101 254 179 5 45 1 42 58 181 58
    179 107 12 98 166 135 29 196 206 205 138 165 152 222 225 24 132 238
    214 249 1 86 63 139 166 210 64 3 67 66 224 95 229 25 7 178 106 143
    158 71 217 141 96 197 35 204 122 114 231 234 192 217 74 208 60 34 44
    143 75 160 182 255 88 120 106 66 152 247 82 154 107 10 205 139 40 95
    5 143 51 111 107 92 212 174 112 120 51 198 205 7 175 114 7 133 128
    110 70 220 101 248 251 137 139 136 92 163 116 89 110 242 199 113 221
    38 97 84 182 218 139 244 79 239 167 23 253 238 175 55 50 184 126 53
    80 193 124 18 114 126 49 62 148 117 208 49 132 44 88 27 162 16 115
    47 187 124 79 124 23 104 95 160 98 190 47 135 48 120 31 36 92 251
    156 43 191 211 1 136 120 2 65 83 226 242 233 195 109 122 106 38 235
    20 79 36 217 91 67 243 63 27 195 130 32 234 142 55 64 232 204 140
    249 6 114 27 158 238 246 162 155 174 107 191 7 84 231 220 250 179
    224 69 143 129 29 241 69 88 53 130 191 106 3 50 122 243 174 17 94 98
    131 164 111 14 116 146 155 128 246 78 66 168 134 197 96 114 36 111
    78 243 210 84 209 126 77 192 152 35 194 122 66 220 59 156 84 152 204
    219 212 27 19 41 60 178 210 12 230 216 192 31 118 180 114 14 121 93
    25 196 93 36 237 190 74 131 95 243 87 192 219 41 63 242 96 39 17 19
    144 213 110 252 94 94 216 217 126 233 221 108 222 100 56 107 153 185
    105 75 13 153 135 33 128 25 208 74 156 40 1 205 243 8 176 219 109 52
    239 10 62 33 122 66 79 182 124 28 16 114 71 253 242 130 118 51 133
    160 110 118 32 65 8 243 203 105 58 41 19 207 210 207 142 59 248 41
    110 235 51 164 81 154 215 38 138 78 67 246 248 234 160 207 155 67
    253 88 156 225 133 255 87 134 41 189 194 219 196 193 31 172 217 110
    131 101 152 161 80 241 240 141 124 2 31 56 211 155 84 117 254 158
    233 68 23 116 229 171 19 208 87 143 44 82 67 210 91 201 60 163 18 86
    136 99 225 160 85 217 58 4 115 138 69 92 39 240 168 253 116 173 139
    120 227 25 15 191 233 244 91 9 208 155 234 163 162 236 174 2 108 193
    41 139 139 113 156 209 235 24 45 208 196 78 126 39 111 27 128 111 1
    35 58 84 71 119 45 199 147 74 13 209 137 31 174 209 190 217 110 204
    241 148 159 75 185 5 98 144 11 22 231 117 244 210 68 153 94 168 165
    86 68 141 87 134 13 192 206 18 225 155 209 13 255 11 20 0 230 143
    147 202 145 1 23 52 192 62 161 141 213 226 83 135 149 129 193 109
    144 116 145 221 61 224 160 129 209 30 223 100 35 249 196 196 39 100
    120 117 121 136 215 81 211 214 226 203 39 13 58 69 86 212 169 241 43
    238 10 242 170 74 117 221 178 45 1 253 211 20 70 220 174 50 15 50
    112 179 157 179 148 112 168 217 232 224 182 102 200 146 71 168 111
    172 97 131 63 170 255 129 95 42 187 95 217 65 35 18 159 130 19 33
    178 60 254 20 23 76 72 163 98 91 68 108 128 239 118 181 60 226 192
    110 213 48 194 103 205 142 73 238 62 171 41 226 14 33 144 224 138
    165 190 57 106 16 48 66 196 158 78 30 254 242 226 200 204 98 187 150
    239 88 136 13 122 192 179 62 182 34 154 145 16 102 9 99 131 139 247
    171 158 188 229 15 198 219 142 152 37 166 182 41 135 247 109 146 80
    37 177 25 161 46 8 191 248 13 227 42 199 173 140 228 198 82 66 10 31
    173 244 24 177 138 21 69 126 19 60 185 78 118 226 150 96 217 106 217
    118 92 45 225 153 150 102 58 212 191 65 22 4 82 142 25 200 244 215
    45 45 27 25 100 197 5 5 19 237 131 249 83 113 97 136 231 27 4 64 141
    150 12 65 81 61 125 75 70 5 158 47 41 75 164 93 5 170 191 150 170
    235 69 12 214 242 226 197 157 4 87 157 201 191 182 198 155 122 88
    242 178 248 181 195 66 69 24 147 0 249 193 218 249 168 130 100 80
    248 219 21 220 25 198 232 188 152 19 70 51 55 210 232 227 54 16 165
    37 57 126 3 120 30 51 123 118 189 178 87 94 15 194 243 32 210 178
    190 50 239 126 60 76 33 176 121 85 163 31 234 255 1 82 97 141 79 195
    236 70 45 119 81 118 171 251 30 81 244 44 90 48 88 55 158 129 226
    133 32 77 134 254 90 247 198 93 192 151 100 161 94 37 205 231 223 56
    26 66 19 151 173 160 221 4 251 61 222 154 226 100 35 108 122 251 48
    67 11 17 13 13 25 2 247 170 192 163 68 252 117 68 11 88 177 224 85
    241 17 241 46 188 213 240 68 54 54 217 186 26 97 151 54 70 137 13
    119 45 153 199 175 33 250 141 203 205 106 218 11 3 100 172 147 235
    151 164 255 158 97 54 61 192 169 168 121 34 184 215 251 88 219 249
    248 85 239 116 136 159 234 121 188 162 184 242 203 137 162 132 235
    217 246 133 251 176 93 123 125 73 199 68 30 133 152 102 4 228 131 18
    87 156 205 26 233 26 219 98 134 250 75 9 120 87 176 149 173 186 66
    218 204 22 135 110 172 119 242 158 207 108 66 120 46 140 191 75 20
    100 161 140 6 246 97 50 79 25 209 189 5 234 64 58 155 163 85 136 70
    164 63 21 12 53 114 50 126 160 136 229 238 31 84 141 50 122 201 87
    68 153 122 99 148 51 236 56 234 165 15 3 66 227 142 231 87 81 173 45
    77 148 46 252 33 200 105 32 251 36 49 89 65 3 108 222 246 244 246
    144 100 105 154 154 18 236 248 28 157 12 94 131 75 134 72 207 29 227
    156 88 69 171 25 231 154 76 37 72 168 162 20 40 221 81 3 153 202 147
    10 167 53 254 167 64 120 8 229 6 79 125 115 107 82 7 25 65 150 123
    47 222 75 51 176 3 76 5 162 103 115 52 168 165 150 35 166 57 39 93
    206 50 48 241 149 182 142 122 53 42 188 42 124 190 143 161 146 66 60
    16 29 81 178 94 188 199 54 198 112 178 121 144 8 110 136 222 4 15
    243 211 106 102 20 176 128 239 4 118 91 55 15 32 114 91 215 92 58 86
    235 248 196 105 215 125 103 139 238 16 47 30 155 121 35 163 183 194
    211 73 204 34 206 151 70 172 77 29 231 20 23 247 93 166 63 157 39 1
    81 186 48 185 177 67 2 103 11 39 104 186 106 122 195 54 182 211 210
    64 254 148 0 175 250 85 2 9 243 238 144 67 216 204 154 238 185 170
    240 25 19 65 84 56 101 117 73 77 131 54 191 95 210 22 188 76 28 12
    179 38 45 131 250 37 134 143 29 98 167 131 118 138 203 167 200 202
    51 39 244 253 95 217 227 40 5 162 154 50 171 29 148 165 68 158 105
    229 231 246 160 65 23 25 21 57 23 15 212 23 123 14 34 38 212 118 78
    120 113 15 43 206 97 26 32 110 27 78 64 245 29 220 38 62 129 213 153
    165 226 66 151 180 149 10 250 146 180 72 166 17 174 17 111 209 250
    111 28 29 64 130 7 172 61 152 164 201 246 103 34 189 155 146 159 90
    104 212 122 51 107 138 105 224 23 134 231 126 200 240 44 159 201 117
    38 21 192 71 223 1 65 140 58 40 184 97 86 180 7 167 116 230 246 144
    191 174 72 221 142 196 254 85 84 203 125 167 169 134 155 237 84 243
    40 235 238 124 200 45 20 209 192 132 220 117 180 192 242 87 128 242
    151 142 114 234 127 87 239 191 253 142 201 129 205 207 141 6 88 202
    52 82 46 240 82 178 156 170 40 5 43 126 225 182 246 58 47 18 20 42
    135 125 143 162 27 249 44 172 220 109 95 49 152 145 80 165 243 35
    188 225 81 92 92 116 159 21 36 78 100 158 41 48 89 195 152 160 48
    200 157 211 215 34 32 168 7 193 216 166 250 1 223 66 167 12 203 40
    49 172 196 67 236 122 227 179 165 95 55 33 26 117 50 198 38 127 221
    98 5 158 94 95 33 41 232 107 141 164 147 114 59 148 189 17 96 1 91
    19 222 57 234 90 227 16 238 129 189 220 218 139 152 130 107 2 191
    136 186 150 94 244 132 183 92 236 253 90 11 13 237 188 24 72 63 67 0
    133 118 206 110 38 70 226 46 250 225 196 212 139 81 17 109 28 90 190
    124 140 33 240 50 222 189 197 52 249 129 45 131 189 255 125 32 62
    165 137 133 191 137 11 76 19 167 55 222 113 225 51 3 239 112 129 250
    189 227 166 45 142 104 5 105 231 249 219 168 69 86 236 87 64 247 81
    139 64 33 212 81 24 243 254 240 2 138 57 100 141 209 206 250 35 69 1
    82 76 177 156 144 252 217 232 207 27 146 164 124 247 51 48 105 233
    214 161 74 0 62 198 129 229 174 23 70 0 146 194 69 96 0 8 42 15 231
    186 23 46 252 26 194 207 147 232 186 30 7 106 226 232 119 134 94 165
    45 70 207 68 67 169 171 85 59 91 96 141 170 227 163 183 109 252 95
    205 47 64 69 141 115 133 63 103 94 192 97 97 135 247 118 102 92 175
    6 19 78 12 20 255 238 212 47 97 213 239 34 57 248 35 198 121 186 77
    22 179 251 16 202 101 224 173 228 33 79 95 1 239 234 50 56 251 69
    253 60 171 10 57 235 101 1 148 194 81 157 70 234 55 7 55 97 144 247
    167 5 197 188 1 248 11 173 8 174 172 26 118 85 210 13 5 220 43 83 24
    182 110 64 13 122 77 181 21 0 232 234 67 18 19 242 171 137 22 31 184
    235 241 97 33 229 8 194 17 83 14 191 227 122 6 166 199 196 232 220
    165 7 41 123 210 76 98 61 91 116 168 56 234 41 127 97 60 89 180 51
    246 4 221 55 113 215 58 98 57 15 152 74 107 246 27 14 53 200 13 242
    32 230 175 115 60 166 118 23 83 190 222 69 143 72 123 51 207 55 210
    86 162 104 168 37 183 225 25 157 134 14 218 29 11 92 116 121 182 123
    203 41 230 2 91 138 19 136 206 72 121 22 136 33 139 198 98 246 169
    165 92 119 145 133 50 233 32 153 14 112 75 10 204 150 55 75 18 105
    172 53 145 138 188 89 165 204 174 48 204 171 151 11 18 254 197 49
    241 175 168 132 134 51 52 95 131 24 149 230 181 194 220 246 182 33
    16 38 145 175 215 68 5 252 233 234 252 196 150 201 115 252 225 171
    106 78 61 103 208 137 123 96 30 198 107 89 104 232 196 90 27 216 223
    249 197 28 251 1 206 6 185 14 124 175 121 95 170 178 104 39 134 62
    154 11 84 114 101 115 76 63 25 75 85 182 17 86 232 11 242 181 90 167
    157 183 1 224 117 51 255 83 136 98 226 211 118 119 222 35 191 18 101
    242 208 253 251 85 239 72 61 176 127 174 203 99 225 239 151 78 145
    104 216 52 216 206 201 64 112 87 70 237 123 69 243 187 157 44 187
    146 6 170 117 230 72 158 28 183 163 19 135 203 150 221 140 158 221
    233 120 72 77 82 76 214 91 18 9 2 249 231 167 18 136 165 132 249 146
    86 193 153 60 32 236 117 70 212 141 143 177 78 53 244 254 118 71 136
    192 251 32 59 22 15 12 137 188 176 14 68 242 56 21 122 156 228 102
    175 182 11 52 125 193 242 112 224 33 138 50 161 21 38 40 167 111 123
    199 97 199 7 240 128 69 184 44 237 46 86 5 61 18 52 217 29 29 70 57
    165 147 194 110 16 174 215 247 99 232 20 216 115 171 98 143 92 237
    254 44 113 240 110 108 128 49 194 242 45 193 96 44 107 46 247 51 77
    233 248 221 232 54 73 34 52 245 111 193 129 26 62 179 247 70 0 62
    244 213 13 244 85 86 115 37 105 19 121 148 156 94 100 66 34 20 224
    96 94 155 73 149 204 123 8 246 89 255 44 140 173 135 253 221 110 128
    224 58 2 33 198 32 134 32 23 47 166 36 61 185 230 176 19 228 50 244
    104 146 104 108 2 180 25 97 150 243 59 97 34 119 157 155 172 244 224
    152 21 38 163 100 90 99 132 81 126 167 84 102 73 180 34 83 136 158
    69 36 171 253 28 107 108 118 124 157 136 255 26 117 151 36 15 63 101
    249 117 12 132 21 15 145 156 66 122 183 196 117 151 131 65 68 157 67
    207 28 36 185 17 69 15 19 22 25 6 209 230 255 213 20 167 154 157 38
    39 24 68 96 247 151 223 60 186 2 188 188 104 182 51 43 253 53 44 10
    8 190 194 9 110 221 237 62 23 67 117 137 74 135 53 191 235 136 234
    171 99 109 92 125 188 84 252 29 143 151 116 52 95 23 111 20 133 150
    159 189 20 254 252 21 59 54 241 80 54 119 60 7 82 65 62 159 94 161
    227 213 224 100 217 194 215 10 10 81 1 106 113 188 93 82 65 149 35
    182 6 43 250 226 11 146 130 179 124 130 99 246 231 252 239 5 62 158
    243 253 199 29 186 40 69 1 5 163 26 30 41 157 139 113 186 64 131 239
    204 210 9 169 162 148 93 207 90 211 235 113 194 15 46 162 111 77 27
    101 174 186 152 181 165 16 6 11 34 97 96 103 54 140 98 49 235 82 155
    63 94 208 218 204 212 181 240 51 61 201 138 3 221 127 159 159 27 201
    127 125 237 85 50 146 20 224 55 100 248 114 135 152 73 87 247 66 146
    159 74 11 10 227 125 66 181 210 32 226 183 164 201 249 212 253 227
    104 28 23 118 13 174 145 39 103 116 182 193 203 77 220 179 137 66
    126 193 131 136 202 40 129 55 147 38 233 91 132 56 6 221 117 224 181
    43 92 196 7 118 181 67 68 58 222 99 217 32 155 79 63 54 2 200 65 121
    195 89 3 138 121 170 106 36 231 222 179 93 130 99 99 254 135 156 56
    39 140 151 166 176 54 157 153 100 66 38 99 1 154 189 118 33 4 91 52
    20 0 107 173 111 223 230 190 213 63 232 233 113 202 75 186 230 131
    225 194 211 165 18 205 233 203 194 44 172 233 170 193 131 111 198
    245 120 138 234 107 162 231 146 44 241 160 212 230 52 214 19 125 146
    157 63 133 124 205 163 126 178 153 151 125 82 225 247 69 254 120 201
    244 69 105 4 148 48 149 60 42 53 80 104 218 216 198 23 29 78 110 198
    87 201 181 208 251 127 203 8 86 217 153 123 211 16 192 39 119 230
    202 215 151 237 225 10 148 170 31 93 194 117 45 71 165 91 92 161 63
    13 173 175 101 78 220 175 84 67 34 222 122 20 149 137 92 44 44 24 89
    204 239 150 172 45 188 58 22 250 180 128 35 30 39 24 248 230 154 225
    218 205 210 229 170 68 67 51 218 139 225 120 108 160 64 190 248 117
    92 252 154 58 193 157 175 230 211 115 49 240 135 94 89 74 147 71 48
    107 19 161 214 40 110 243 74 12 245 20 189 22 152 55 180 142 145 193
    254 72 20 142 223 3 60 39 98 56 127 67 135 244 239 203 80 183 156
    249 245 12 118 189 74 224 247 135 203 166 90 197 208 208 217 251 93
    71 211 180 245 30 246 96 168 103 58 157 162 116 188 90 242 182 204
    168 236 195 73 144 33 8 106 164 16 68 83 241 51 70 242 127 200 225
    45 73 241 139 101 102 190 59 91 116 152 137 184 250 71 89 168 181
    122 203 179 230 246 49 228 125 58 98 125 165 135 128 60 202 79 171
    196 85 186 237 123 220 205 249 183 141 26 175 11 150 29 54 255 49
    176 204 136 160 114 172 75 60 132 24 95 26 42 62 38 241 254 82 113
    75 217 57 224 43 244 163 176 42 186 216 229 221 20 22 246 60 37 52
    64 50 251 213 228 178 143 16 48 125 103 237 242 194 83 170 10 61 110
    91 193 145 138 142 44 195 239 86 42 44 229 79 90 195 171 161 155 58
    225 77 30 168 97 85 129 164 187 212 247 14 125 166 125 142 191 162
    145 71 203 57 206 188 30 145 195 70 244 204 58 226 158 87 57 168 182
    128 98 58 47 157 138 255 90 50 98 5 195 83 66 187 165 36 49 129 91
    220 72 159 33 101 188 69 80 188 12 10 112 17 162 108 211 209 97 191
    11 178 59 194 207 91 122 222 102 143 147 222 27 171 15 180 101 47 67
    51 57 172 106 44 130 140 129 200 90 25 118 157 21 241 255 1 93 239
    22 83 241 192 73 31 22 135 96 2 7 251 195 24 208 156 194 82 30 141
    114 173 254 34 175 45 236 130 19 216 228 90 197 0 34 32 128 105 63
    200 139 132 239 109 181 241 0 244 242 176 168 35 61 212 47 137 28 33
    137 80 139 108 21 248 104 199 29 166 118 48 113 196 97 129 73 80 151
    219 68 29 99 15 160 101 221 214 242 171 62 20 131 251 218 151 242 53
    176 126 190 110 142 97 15 224 255 175 169 176 239 221 183 182 240 56
    35 15 80 102 164 106 207 205 90 122 234 193 125 122 51 84 35 74 47
    43 70 38 200 113 230 17 185 61 86 182 22 161 31 243 106 126 194 95 9
    197 84 172 186 77 149 21 173 38 123 152 13 25 30 2 130 152 237 14
    147 233 77 241 186 214 5 128 17 139 9 52 166 92 123 230 175 241 245
    132 29 177 163 47 59 80 245 88 153 82 83 108 124 17 29 86 70 45 117
    113 36 82 209 6 255 188 210 187 175 118 175 102 115 248 243 80 96
    149 124 114 203 89 194 183 150 12 75 134 196 70 232 95 70 132 230 94
    142 0 99 148 33 191 13 36 153 224 118 74 119 47 29 130 74 121 253
    156 100 216 48 47 133 140 111 116 26 237 48 74 164 53 233 203 215 72
    40 130 164 102 99 164 61 175 38 125 224 110 179 176 115 107 95 13
    108 63 238 240 247 253 96 212 237 229 107 127 82 46 103 175 203 152
    175 18 14 220 254 142 2 191 158 238 75 137 57 50 90 60 49 143 28 86
    29 221 18 88 49 215 226 145 213 111 139 46 13 157 148 40 43 196 223
    121 24 79 137 97 49 82 10 22 16 84 212 234 80 237 28 142 169 11 79
    135 153 5 255 250 18 119 253 136 253 207 197 15 156 109 67 233 93 37
    181 88 167 128 156 176 158 14 252 50 165 3 165 203 92 193 230 179
    132 105 232 190 220 65 210 219 221 17 243 243 56 71 244 217 176 80
    109 174 78 211 35 69 153 129 116 199 62 14 94 56 206 200 218 229 204
    148 142 199 67 144 53 12 15 21 226 90 63 137 129 189 168 62 197 165
    182 211 11 164 123 199 223 5 71 111 59 163 93 11 134 140 53 103 206
    213 110 45 73 114 202 52 212 80 32 94 61 85 226 163 13 136 23 91 47
    46 167 90 171 84 74 111 162 214 162 237 178 152 38 111 227 99 205 46
    75 153 76 42 89 141 29 213 49 158 188 234 144 134 67 81 27 202 189
    202 120 223 4 132 158 49 190 13 239 114 133 220 134 145 205 22 187
    98 32 217 177 246 147 139 135 56 74 172 171 80 85 167 92 215 174 176
    121 18 5 70 189 163 115 33 158 188 63 174 49 199 192 15 188 158 151
    80 217 142 217 7 190 85 75 30 98 135 120 130 38 171 142 19 198 114
    161 92 54 27 98 47 221 72 120 38 120 21 54 57 194 75 64 212 209 138
    7 244 125 22 60 226 160 242 113 160 89 148 9 230 162 83 59 6 101 39
    153 147 250 156 29 142 184 185 131 97 135 73 15 62 85 213 208 148 82
    97 193 166 213 170 173 63 180 171 248 169 230 82 41 173 70 43 25 154
    52 171 220 222 195 85 14 34 255 182 211 186 191 20 209 93 30 8 93 93
    5 178 33 10 19 33 237 110 105 202 141 158 105 178 56 250 107 49 205
    236 197 48 26 94 174 128 254 139 229 252 198 121 101 166 174 81 5
    123 29 252 248 39 42 173 167 115 157 27 157 208 228 221 154 59 7 177
    67 125 103 104 160 164 163 128 117 105 172 55 23 191 13 162 7 43 21
    42 120 212 85 208 220 161 219 6 37 34 87 243 243 27 93 121 39 186 55
    244 119 154 115 36 46 130 91 89 253 227 149 157 21 133 239 168 137
    139 205 234 147 75 134 91 87 15 87 103 18 1 127 27 248 237 3 72 158
    11 224 63 136 49 246 84 106 99 46 181 148 105 187 125 153 40 68 110
    5 113 240 89 245 173 65 146 6 189 88 155 128 139 222 68 14 97 200
    171 25 217 150 232 196 204 148 183 19 133 199 220 192 38 244 161 238
    182 221 29 148 206 5 26 29 124 127 150 192 33 89 234 84 85 185 127
    147 48 41 236 109 233 108 255 208 165 91 7 225 170 148 0 211 74 101
    144 151 175 97 162 44 34 231 40 175 48 137 161 165 157 234 7 221 221
    96 74 39 96 165 22 17 24 94 144 69 84 32 129 4 224 211 172 180 150
    27 46 13 139 63 150 33 154 42 110 194 138 22 63 255 253 28 175 86
    254 73 212 76 163 56 121 178 3 237 64 252 220 10 0 223 196 219 244
    122 118 163 8 76 86 171 210 80 65 37 98 100 162 176 156 81 104 123
    163 145 79 10 216 86 54 99 24 143 220 140 210 19 17 163 153 135 155
    210 119 98 75 148 195 174 137 65 238 251 192 71 214 124 22 62 171 90
    102 109 43 212 89 15 7 41 58 159 219 33 191 165 54 200 219 122 17
    231 6 1 61 239 242 129 83 224 3 255 15 97 87 144 131 125 238 207 125
    243 15 177 155 95 46 227 92 248 160 41 132 116 70 251 121 216 169
    196 38 184 202 206 19 31 49 89 7 38 36 81 249 220 84 160 218 8 187
    252 126 143 218 44 77 25 29 155 40 154 93 77 62 22 136 126 186 173
    50 102 65 225 162 2 225 193 95 66 32 149 218 14 79 102 114 15 23 250
    224 155 35 80 36 250 79 53 46 8 110 191 109 201 122 206 81 3 38 112
    101 135 237 37 231 240 62 237 80 61 63 209 197 12 238 29 156 193 160
    1 161 233 144 29 10 134 53 170 209 206 14 34 9 230 11 17 135 62 170
    185 164 101 149 82 180 73 139 151 54 170 82 156 106 253 75 217 218
    173 164 132 199 131 7 169 9 123 218 56 65 107 61 89 126 14 1 209 118
    227 48 138 196 74 150 98 129 75 6 197 152 215 202 13 219 21 195 8
    171 118 87 95 64 236 226 112 222 80 110 170 14 203 174 181 248 105
    17 223 179 92 223 118 60 242 239 21 27 123 22 214 65 33 103 151 39
    57 125 194 177 181 104 113 87 3 131 215 14 75 203 157 102 160 101
    161 197 184 29 125 136 208 154 78 7 131 124 123 204 67 123 76 81 188
    251 110 196 7 194 201 249 114 112 31 14 181 199 253 195 52 192 97 87
    198 254 255 161 203 218 252 42 106 40 138 147 244 42 204 252 194 104
    180 85 60 127 113 202 98 42 131 143 86 161 241 118 56 41 41 166 246
    203 171 64 244 29 65 25 107 248 226 40 254 106 193 65 64 104 22 234
    47 122 180 182 231 157 221 106 125 147 189 53 188 64 213 52 171 48
    190 202 79 179 144 77 121 0 10 106 13 50 145 163 115 237 13 218 253
    231 72 93 179 98 70 217 195 205 109 193 156 110 139 98 72 234 46 217
    103 120 182 103 141 194 164 217 45 147 241 20 250 166 122 224 229
    105 50 143 187 24 245 215 178 147 4 1 199 131 132 105 96 202 24 149
    215 135 45 157 59 98 205 5 234 173 242 147 23 176 242 34 86 128 180
    100 49 7 188 195 158 6 215 250 34 250 165 98 179 85 211 123 82 201
    27 111 35 247 49 137 56 158 225 211 249 53 210 59 127 110 211 238 31
    226 64 139 174 199 51 29 178 108 25 101 111 121 38 20 1 85 209 118
    241 247 213 142 62 24 197 66 136 146 215 101 34 201 77 104 187 14
    242 249 165 18 81 140 251 234 91 54 27 135 76 47 88 57 152 13 116 30
    165 240 205 225 244 44 62 164 177 135 211 192 78 166 144 209 39 83
    37 88 78 89 110 234 227 162 132 180 59 24 94 57 149 243 157 110 165
    126 170 232 20 41 130 115 112 29 131 54 228 39 20 4 200 62 47 218
    254 84 76 2 199 86 239 105 201 220 27 215 204 113 169 161 238 150
    108 73 200 28 242 45 40 216 1 137 205 213 15 47 222 86 155 176 229
    60 238 150 166 38 120 134 127 222 217 156 254 126 52 173 195 21 197
    249 145 0 16 228 224 221 187 166 120 67 108 161 94 82 137 168 32 107
    226 161 10 82 148 226 132 127 246 178 202 208 36 110 82 97 111 73 36
    115 249 190 129 128 87 106 218 216 12 79 174 223 33 3 158 11 77 33
    105 37 108 7 51 243 210 41 184 211 9 127 225 35 25 70 117 99 107 189
    162 215 108 3 99 1 49 242 223 160 34 172 207 246 76 167 12 220 80 56
    59 56 113 225 41 74 76 204 39 65 93 78 46 30 140 182 46 182 116 154
    35 216 89 65 85 73 124 250 24 244 128 124 120 61 61 0 15 143 109 138
    76 198 134 131 18 140 227 52 219 143 7 120 181 215 27 95 186 119 113
    93 225 32 188 138 217 90 12 150 76 17 141 189 17 48 104 104 120 11
    167 98 73 163 188 235 60 220 36 111 38 235 248 207 232 27 202 124
    148 113 116 112 213 92 231 56 131 165 103 79 0 89 121 9 145 139 40
    128 105 109 109 137 221 227 179 208 184 102 204 104 241 28 95 117
    197 74 215 90 140 78 159 126 7 68 36 218 142 11 60 140 196 130 75
    238 225 203 189 24 62 33 181 104 54 68 46 121 101 241 2 31 75 80 213
    14 129 171 233 154 14 232 148 165 32 52 57 79 194 169 213 171 205
    175 143 90 133 173 173 156 230 212 111 44 112 78 60 200 85 183 87 29
    157 8 106 73 173 74 144 50 153 183 71 6 100 164 124 146 216 31 36 71
    9 203 238 99 157 5 12 52 64 2 47 137 8 95 237 73 34 80 5 87 104 137
    64 100 170 71 163 196 107 226 36 135 220 22 4 170 76 42 49 124 229
    25 217 138 17 243 71 17 229 195 162 79 207 48 58 44 185 90 80 19 241
    104 163 138 140 236 0 250 250 2 104 124 222 151 43 243 72 89 180 67
    189 197 24 8 116 74 154 232 81 197 55 123 63 24 250 73 2 217 34 18
    188 216 130 206 41 168 24 13 168 161 24 230 141 184 133 24 49 146
    107 141 24 70 147 169 190 62 231 156 44 150 126 179 28 192 255 35 43
    104 59 100 167 94 24 81 213 165 217 11 99 137 176 23 170 110 225 244
    87 243 104 193 209 43 20 60 142 24 184 33 52 74 228 87 43 179 27 123
    191 139 46 154 121 163 62 233 53 114 244 93 22 100 240 136 1 125 158
    156 34 14 146 168 5 4 106 19 12 82 100 58 247 90 109 247 104 183 219
    215 209 149 9 57 108 249 16 23 200 234 1 176 138 171 116 59 102 129
    136 2 225 62 33 197 183 85 113 2 130 34 197 11 244 4 104 34 7 113
    112 53 251 104 48 76 165 83 20 228 136 214 160 124 149 35 227 121
    114 174 39 44 250 30 67 230 155 67 241 237 169 158 0 67 134 49 181
    133 3 242 45 140 105 64 200 54 23 87 129 174 197 218 131 193 103 60
    116 228 69 215 230 64 51 67 200 125 116 11 76 140 147 116 235 142
    212 206 128 67 115 140 199 67 172 116 222 10 28 43 221 11 18 181 189
    196 123 58 94 23 4 88 89 165 10 14 44 162 156 232 243 35 71 63 34
    182 12 30 37 217 168 22 164 139 208 147 21 15 123 191 154 86 37 175
    253 143 135 129 186 0 21 173 58 91 123 189 25 50 54 102 4 11 99 55
    146 201 58 112 45 255 226 94 234 27 116 78 234 250 237 225 27 51 254
    150 25 236 108 202 117 136 33 236 104 55 43 226 220 85 176 211 103
    76 141 146 126 14 177 192 104 118 164 46 57 20 170 10 116 180 184
    143 26 80 227 221 226 179 159 4 54 147 150 252 118 125 149 167 254
    241 85 128 22 254 244 127 23 120 177 17 215 154 29 164 65 127 26 80
    81 108 99 72 244 14 98 180 239 46 219 75 189 234 114 125 35 96 86
    125 149 173 208 86 179 28 125 160 23 255 56 115 148 204 41 53 129
    248 230 101 20 64 108 160 200 56 191 168 151 38 54 223 63 238 213 19
    135 101 114 3 102 84 48 55 211 106 248 112 63 65 117 98 201 137 221
    180 1 21 225 188 2 155 140 62 228 164 22 158 223 79 106 159 46 112
    56 160 2 162 126 219 160 114 117 245 70 96 35 12 165 98 221 150 29
    240 43 172 138 106 1 121 108 185 44 213 151 87 95 86 1 237 121 227
    197 100 107 168 77 143 59 157 55 29 3 172 117 10 109 253 47 67 230
    162 216 46 75 111 54 195 44 209 12 230 115 65 133 200 72 104 230 191
    150 168 126 197 211 80 37 57 35 91 39 181 245 100 207 216 160 171 26
    140 248 44 8 216 183 48 154 114 77 21 99 49 124 91 48 132 248 189
    172 176 90 231 109 52 105 238 59 87 142 94 56 44 1 68 78 176 158 153
    123 6 133 147 21 150 240 137 232 96 168 67 7 186 232 224 195 215 92
    154 29 251 38 202 184 47 117 114 65 214 87 140 227 94 70 148 86 85
    102 203 246 121 242 100 39 101 106 207 102 237 194 77 103 37 168 112
    15 98 201 180 200 106 185 7 79 94 17 184 38 197 20 173 84 204 229
    209 87 113 129 97 25 169 214 213 90 208 123 145 226 215 235 213 108
    204 100 45 40 49 3 127 247 70 255 54 49 213 93 24 195 49 128 97 170
    73 222 160 29 243 141 110 111 226 177 190 142 168 9 234 116 10 109
    164 189 146 204 108 245 42 178 48 41 139 94 33 231 242 209 3 3 172
    87 6 147 54 99 103 104 123 78 68 88 192 163 135 186 124 172 119 95 5
    71 198 73 173 71 4 62 229 12 0 151 109 144 123 43 46 59 238 48 241
    145 173 84 77 205 249 255 220 232 54 10 252 140 143 8 229 174 12 181
    41 147 201 228 49 184 112 130 152 17 141 89 148 246 53 32 48 179 185
    133 125 208 152 193 231 125 8 145 128 57 154 114 43 226 102 209 172
    62 50 183 38 123 150 109 112 138 128 73 27 162 99 144 60 127 128 127
    195 113 1 168 211 231 173 129 205 166 73 105 142 95 149 186 254 16
    213 135 111 203 85 167 200 233 14 211 189 5 122 237 46 5 42 197 66 0
    64 176 55 15 9 98 86 129 175 6 66 92 26 165 166 205 110 79 56 165
    207 255 104 30 208 128 47 231 139 183 88 183 88 47 214 43 3 57 32 35
    167 187 141 239 69 211 67 67 10 142 161 153 198 198 237 95 135 225
    220 2 119 29 23 45 152 219 91 62 157 234 163 107 152 78 61 169 51 76
    147 81 177 254 226 242 138 74 6 186 243 81 144 166 56 84 133 152 136
    255 19 32 184 128 128 239 221 2 74 242 188 18 96 202 17 32 55 182
    192 1 252 143 160 214 119 51 171 10 174 183 0 98 234 244 57 233 43 5
    153 218 110 185 184 134 136 37 249 184 135 94 91 18 130 15 184 203
    61 240 250 245 131 185 68 163 196 232 49 114 115 228 133 137 114 5
    157 53 235 14 167 29 215 217 29 75 111 213 18 123 198 199 110 110
    191 23 168 152 250 115 215 66 50 217 210 60 48 23 90 14 180 201 71
    214 55 81 5 51 29 11 241 32 220 110 83 134 108 19 55 11 29 156 127
    166 215 113 94 104 115 112 20 135 101 51 203 167 43 80 168 35 100 40
    223 128 201 33 134 72 193 36 189 57 86 248 108 176 217 124 114 173
    31 11 61 169 111 71 130 164 155 193 36 143 246 113 250 58 151 162 51
    14 192 247 62 10 54 119 74 198 147 19 60 59 68 217 96 133 82 166 250
    58 29 14 161 27 194 47 20 39 147 192 202 32 24 154 118 162 19 214
    237 129 15 213 75 193 196 178 10 85 128 26 58 15 183 244 123 232 2
    99 71 148 151 73 3 149 191 35 137 11 54 87 175 224 243 255 12 103 13
    119 43 76 135 201 221 16 197 11 175 23 8 173 57 108 244 74 26 244 55
    245 1 239 170 194 38 165 36 108 102 240 107 150 212 28 39 0 237 235
    182 43 223 203 218 25 49 59 168 253 66 159 151 25 116 134 186 185 7
    85 165 242 71 182 42 211 180 210 237 82 210 128 215 60 239 42 85 43
    180 239 190 244 88 53 121 237 82 175 90 116 149 199 205 24 255 19
    184 114 139 226 186 182 123 85 92 64 244 49 33 27 247 177 18 207 180
    88 165 127 37 117 220 234 115 171 204 149 23 228 88 125 80 43 154 64
    117 199 2 199 118 98 174 133 130 114 233 244 24 200 6 120 17 228 11
    187 156 197 60 244 82 225 144 129 21 220 208 230 225 38 20 200 176 3
    5 5 232 68 244 76 208 130 38 50 195 60 231 213 56 130 38 212 181 183
    17 73 198 1 1 16 85 229 78 138 122 196 52 193 218 135 47 4 150 145
    101 229 200 198 61 101 151 77 244 97 215 86 226 15 149 117 82 44 203
    105 195 245 70 126 123 7 100 41 52 222 133 198 232 240 23 189 17 248
    179 110 23 71 131 39 85 109 161 129 200 25 210 227 154 212 25 188
    213 205 11 181 104 2 226 88 105 147 234 230 112 81 51 17 62 234 251
    238 153 25 93 135 89 98 239 182 142 247 140 167 129 200 148 60 95
    196 146 217 0 139 204 215 134 123 186 143 183 58 75 194 79 78 14 245
    165 152 177 164 162 78 53 115 160 139 16 7 30 127 188 120 61 88 193
    251 159 137 196 222 171 128 40 143 141 181 113 107 130 77 44 252 129
    15 227 102 150 217 37 145 144 242 78 142 225 196 19 213 65 107 71
    237 144 60 227 14 231 253 211 194 96 18 193 233 66 115 51 14 84 241
    127 163 24 69 196 174 118 104 215 153 117 31 83 254 75 62 99 191 64
    239 11 206 80 160 84 68 141 199 203 32 19 57 23 12 229 27 117 7 161
    35 113 85 4 243 12 219 145 204 82 145 4 217 113 86 238 55 71 60 254
    234 206 140 243 82 235 163 137 135 157 194 9 213 60 55 182 152 178
    144 212 244 98 210 38 100 8 169 104 144 108 26 139 215 151 241 67
    227 29 245 65 180 209 225 226 210 150 44 108 179 10 194 225 236 158
    170 78 173 89 31 165 35 44 195 136 214 131 109 54 15 216 139 192 79
    207 124 130 76 204 51 164 255 150 68 215 37 89 14 191 226 137 227
    155 162 253 24 173 53 149 24 95 229 100 143 240 84 220 48 226 96 145
    15 61 186 36 203 9 142 144 31 102 232 199 147 94 96 100 52 45 94 160
    51 22 75 144 0 136 148 38 207 199 81 246 80 76 209 24 28 34 60 31 34
    16 127 22 65 196 219 10 36 119 74 195 207 41 95 169 97 45 52 250 60
    105 179 186 241 207 24 165 190 90 189 100 216 239 87 46 235 71 8 121
    25 90 232 117 130 45 112 79 40 86 79 17 253 44 75 156 145 189 97 104
    54 1 95 150 48 118 176 158 154 114 58 152 84 69 98 138 148 129 240
    107 170 194 30 3 30 16 253 4 136 205 134 25 34 3 14 122 124 46 225
    253 139 144 165 6 25 104 195 121 82 197 124 47 62 222 111 144 167 73
    159 214 58 152 221 111 217 211 235 134 194 143 4 63 10 129 89 13 41
    238 247 208 204 43 210 107 139 134 253 174 75 79 178 13 92 8 199 82
    151 8 238 13 234 65 26 44 73 241 224 118 59 3 212 229 101 74 84 94
    42 66 201 77 243 214 65 50 54 153 237 5 253 23 142 82 18 107 214 49
    217 60 68 247 63 90 237 109 220 55 116 66 246 105 225 211 8 80 195
    22 104 13 3 171 119 150 248 254 139 50 4 13 3 174 42 49 39 63 82 52
    159 17 233 91 223 206 200 73 178 220 217 211 82 66 54 142 147 207 97
    25 93 187 44 216 156 82 180 10 62 106 2 109 248 118 209 112 96 226
    237 89 50 210 220 164 150 67 108 87 156 99 38 218 8 191 47 86 167
    194 64 107 174 199 122 62 204 97 215 7 204 31 6 135 191 185 87 31 2
    124 50 103 188 92 208 32 211 200 86 50 13 107 204 122 227 190 101
    250 98 173 188 121 169 60 90 70 25 166 159 192 42 254 215 159 91 134
    218 188 197 66 228 181 177 63 90 94 36 26 25 107 210 187 113 142 35
    98 156 156 106 209 205 48 73 114 250 80 65 42 69 11 55 117 144 220
    118 164 111 166 10 157 226 75 148 93 112 144 10 54 150 201 147 152
    74 127 12 61 147 137 225 206 191 113 99 203 70 5 126 53 22 249 106
    180 173 144 202 58 47 219 99 131 150 135 61 113 153 146 41 101 71
    138 199 192 40 46 215 227 52 79 10 244 216 18 197 63 30 174 202 131
    153 27 121 174 132 57 219 40 50 209 122 16 110 255 158 54 142 147 10
    27 65 59 99 58 140 100 2 79 225 167 12 154 89 115 103 126 210 83 239
    33 79 0 5 108 80 208 169 227 113 170 160 188 21 60 196 198 115 209
    251 126 227 248 225 11 223 229 19 125 7 18 19 58 63 168 186 85 22
    202 44 48 243 115 114 146 236 209 211 26 94 154 139 205 138 57 76 43
    207 191 130 203 86 27 54 105 21 97 50 216 82 97 180 143 74 217 130
    147 40 110 180 17 85 14 137 226 73 155 251 201 26 41 133 251 130 106
    92 99 249 181 177 184 23 136 241 80 95 25 211 9 78 193 237 153 96
    166 195 32 19 16 224 119 190 159 106 209 130 117 241 61 22 2 241 113
    21 215 179 182 59 54 220 99 155 100 67 65 107 237 132 231 121 25 160
    199 1 227 99 19 89 199 131 249 120 197 241 14 196 143 76 223 60 84
    80 164 216 243 3 47 97 143 242 62 45 149 98 177 179 203 167 152 100
    154 100 15 152 13 71 244 55 149 93 172 78 106 198 217 80 167 51 157
    48 156 150 157 125 160 137 238 56 136 4 186 208 93 243 177 43 141 91
    91 76 247 79 11 154 92 13 50 164 112 51 36 196 40 119 23 113 47 194
    10 79 204 126 191 254 79 214 93 34 154 130 4 222 4 18 232 223 173
    151 79 164 242 21 119 247 139 59 7 46 188 183 124 215 157 72 211 41
    47 186 238 30 92 124 115 9 173 92 61 224 78 189 249 236 173 134 155
    213 73 198 135 31 60 136 22 16 12 221 231 28 55 22 24 225 135 233 24
    247 205 101 200 99 247 145 66 250 48 16 152 25 123 166 177 60 208
    183 104 75 154 190 55 104 7 30 233 1 245 175 128 202 196 236 55 84
    32 218 89 211 246 236 103 0 204 195 47 162 66 81 46 158 193 32 192
    163 218 243 14 83 225 127 83 216 213 14 161 126 113 103 56 11 105 30
    207 167 136 54 146 229 169 235 254 80 58 12 77 84 162 234 141 151
    191 83 229 204 81 36 80 231 255 162 204 53 91 228 22 66 162 172 196
    253 191 238 101 164 70 141 101 150 181 10 63 89 27 8 253 105 120 237
    52 123 208 12 54 95 221 183 186 189 46 149 28 82 68 122 28 65 250 23
    193 212 104 83 122 81 30 55 240 145 153 110 23 136 242 84 219 93 3
    77 241 87 178 226 245 246 246 57 91 75 70 191 255 187 125 147 66 106
    217 103 180 255 217 199 166 238 102 206 41 48 246 42 250 142 123 60
    161 101 77 174 154 231 152 242 242 188 117 115 77 41 121 229 177 9
    158 3 133 5 1 251 224 164 105 106 116 52 106 137 108 153 43 32 85
    171 221 4 32 196 7 139 169 251 189 183 75 34 39 211 144 226 108 44
    43 187 16 230 37 108 178 87 227 180 254 192 120 105 206 202 68 15
    136 174 22 18 158 213 167 60 212 229 150 249 253 145 195 68 57 134
    99 72 99 197 128 211 100 85 236 208 163 31 246 62 20 243 142 31 92
    64 144 242 118 99 196 87 76 82 100 21 156 150 142 215 200 177 242
    212 50 203 122 125 74 28 46 163 128 191 161 84 226 13 29 154 228 150
    48 238 32 95 35 111 176 78 237 192 179 132 233 151 66 17 147 8 95 8
    249 247 240 168 168 29 180 15 114 101 172 244 149 108 63 176 45 116
    102 103 190 5 234 130 47 142 99 123 163 218 99 86 88 146 55 43 61
    223 49 197 140 216 50 47 75 189 103 43 124 87 123 59 139 157 65 215
    139 31 96 111 121 217 229 193 7 252 219 158 135 58 206 208 5 240 245
    177 109 203 35 195 38 106 118 203 219 213 65 106 62 35 120 42 232
    112 158 65 51 7 33 136 191 189 65 132 58 250 244 212 109 163 220 82
    87 150 38 46 19 199 104 81 188 238 129 69 122 176 155 37 232 39 193
    142 227 105 138 252 73 99 166 229 49 186 192 108 228 69 73 240 200
    136 117 53 131 42 183 220 59 107 172 6 244 24 193 81 109 4 182 104
    148 161 236 120 95 205 176 196 65 240 247 21 25 128 83 148 61 77 65
    233 104 57 68 7 51 122 166 109 53 99 91 43 215 203 78 53 197 95 220
    41 46 117 209 120 0 56 105 71 206 3 237 183 209 108 172 156 85 57
    155 190 200 240 20 133 75 81 252 5 212 106 205 249 113 18 80 226 24
    69 78 194 16 150 36 248 254 251 209 1 77 244 201 74 130 49 20 190 96
    94 115 163 55 112 243 241 51 227 240 27 55 86 114 123 87 234 111 164
    208 32 29 31 77 218 120 173 0 58 67 242 84 75 70 100 189 137 121 238
    115 101 195 175 24 57 107 180 77 82 157 122 129 137 224 40 236 5 152
    179 127 35 242 10 151 61 152 131 28 21 138 126 34 184 14 41 183 112
    219 6 9 153 2 78 51 189 37 117 16 242 214 110 133 53 139 247 120 50
    89 240 143 135 148 125 106 132 124 37 154 37 239 93 112 238 33 188
    254 142 47 1 11 68 25 103 30 71 40 52 49 98 111 145 230 183 245 149
    200 10 89 128 115 239 72 107 129 221 53 55 118 194 139 223 206 20 61
    40 79 56 231 184 215 226 68 46 98 200 160 64 111 234 193 32 7 216 56
    189 198 28 64 113 52 157 217 211 127 102 233 235 195 98 113 136 158
    201 96 72 138 154 241 115 135 22 89 244 75 217 216 194 53 76 232 134
    82 202 136 240 99 14 150 8 150 235 9 185 12 180 187 98 184 25 89 20
    0 114 115 52 183 206 83 211 73 171 28 4 125 111 64 235 118 124 97
    167 123 42 27 18 32 28 18 117 24 70 4 145 238 140 180 66 91 151 191
    56 82 135 24 247 238 166 127 23 5 129 185 220 106 116 40 11 44 230
    185 64 197 245 235 186 118 230 129 31 21 129 127 51 61 206 158 140
    187 234 232 242 148 37 65 4 121 124 13 231 207 209 144 27 96 133 202
    30 79 116 216 114 11 233 187 118 205 123 137 191 242 140 213 40 82
    180 35 7 25 190 231 13 54 115 164 48 173 83 192 54 168 134 157 226
    34 26 170 221 54 226 222 170 11 100 109 176 135 99 93 30 94 192 113
    62 210 218 105 242 181 106 253 237 226 187 199 209 163 41 220 130
    177 24 62 51 15 25 110 14 157 159 95 8 22 46 23 188 65 4 67 255 167
    84 167 157 228 3 231 114 22 118 132 65 239 93 173 151 173 163 114
    221 25 205 110 110 108 145 137 177 230 32 71 247 102 117 67 191 6 42
    237 50 144 171 118 149 103 192 205 164 64 81 186 179 72 13 67 177
    232 91 194 141 2 40 31 189 201 184 165 193 113 245 202 143 32 199
    111 181 153 95 175 220 148 28 106 223 237 226 158 1 126 161 239 202
    124 91 100 104 197 234 154 75 104 108 141 224 222 63 91 45 94 243
    165 176 140 124 182 51 105 130 11 137 172 73 222 207 231 121 101 91
    132 231 134 97 149 6 234 44 8 183 237 150 168 19 151 201 195 100 52
    117 212 157 124 78 34 237 186 234 65 145 123 12 19 4 158 224 178 77
    135 86 175 144 243 28 225 211 112 201 23 105 202 184 218 45 140 102
    160 239 12 99 215 108 253 58 10 116 243 191 4 131 12 29 190 9 71 209
    169 43 120 55 124 178 27 229 44 19 105 235 19 83 132 10 64 172 64 83
    157 69 22 177 31 179 40 18 164 104 54 59 249 110 143 12 101 255 54
    182 155 24 243 32 127 76 218 50 95 194 80 99 54 102 3 43 180 179 65
    214 134 146 17 138 97 62 24 223 121 40 212 238 110 25 14 102 29 50
    13 42 185 25 255 142 74 190 55 242 232 149 164 19 213 140 96 249 165
    45 179 39 29 223 20 221 206 86 187 219 218 3 248 202 184 88 231 206
    122 36 115 102 177 243 225 241 176 40 52 233 159 170 26 181 175 108
    75 74 193 152 169 8 34 17 61 196 101 66 199 119 125 102 156 169 148
    8 168 224 44 20 199 226 75 54 66 73 51 34 243 87 58 87 80 143 65 38
    110 167 65 242 16 16 123 195 179 102 224 152 119 218 23 44 130 203
    242 145 165 63 239 199 206 163 23 100 238 86 216 174 134 30 179 211
    84 226 83 134 213 67 195 143 48 139 137 172 66 194 107 58 4 20 227
    89 119 47 63 89 178 28 70 57 3 68 47 48 84 235 108 5 113 101 168 205
    74 133 224 155 42 225 244 46 83 35 34 57 205 84 244 181 187 206 48
    70 250 35 81 86 52 191 171 14 63 142 38 191 161 238 62 120 135 67
    185 115 116 149 45 5 80 211 87 108 33 162 219 183 134 0 118 101 122
    34 20 60 145 246 135 48 67 22 155 217 182 130 55 11 7 156 133 53 231
    90 40 251 194 145 122 197 188 255 114 223 28 84 39 2 150 216 162 246
    218 25 31 59 211 35 7 210 208 195 99 105 215 1 122 46 107 245 149 33
    248 170 42 136 85 44 98 69 32 167 240 113 51 48 48 232 50 243 143
    103 85 2 34 225 104 14 147 65 202 120 57 148 104 136 65 173 144 236
    163 253 236 79 85 172 219 253 70 250 165 236 243 130 170 203 88 121
    149 108 13 98 235 237 218 139 155 116 121 180 133 54 154 102 222 232
    216 150 34 191 167 136 168 24 29 193 223 69 136 33 120 248 124 247
    226 109 4 133 8 9 71 211 80 172 57 51 24 204 116 2 225 206 17 239 50
    217 115 29 61 68 167 190 178 198 126 33 251 215 121 100 115 156 136
    122 148 127 146 231 93 230 77 239 221 56 147 34 141 103 47 71 52 193
    31 82 141 52 200 173 66 173 122 12 253 68 142 41 191 119 153 194 97
    167 154 155 216 231 88 200 216 239 45 26 109 162 251 209 10 123 218
    45 231 111 51 11 186 181 152 210 169 161 224 59 180 192 25 130 22
    147 227 16 54 106 88 171 35 173 49 102 78 96 170 93 137 90 49 50 208
    194 123 102 101 73 8 127 198 49 241 117 5 255 148 108 102 193 10 233
    181 57 155 20 59 95 232 66 98 3 104 37 39 181 94 181 222 46 160 54
    163 86 228 92 83 31 130 93 77 134 179 112 141 59 147 211 100 172 196
    224 174 108 32 240 40 183 19 20 186 125 76 36 82 233 217 51 222 233
    30 74 99 237 143 169 181 219 169 227 14 254 145 162 68 66 42 193 152
    145 168 175 67 60 156 220 26 15 60 112 49 159 131 89 191 35 153 119
    179 238 156 15 148 131 119 230 174 68 29 9 214 208 2 3 160 134 95
    242 106 155 22 141 213 157 26 27 7 95 79 18 54 234 218 173 200 116
    43 120 214 6 171 165 173 224 132 15 144 97 77 129 252 16 61 139 108
    24 91 217 145 90 154 225 212 173 130 21 73 42 69 98 187 205 224 202
    78 176 167 4 41 16 169 191 119 22 117 148 14 34 103 157 143 238 154
    137 218 128 34 32 252 127 67 4 152 213 78 3 47 146 56 114 111 19 132
    219 15 197 192 101 215 204 75 97 27 22 194 48 202 211 31 237 238 123
    35 144 9 109 211 79 232 205 105 250 154 88 67 108 103 132 159 54 81
    13 196 152 209 230 181 188 105 151 240 144 122 118 201 101 186 196
    66 199 255 251 41 151 15 122 18 241 133 171 51 180 64 185 217 252 23
    169 163 88 195 6 163 154 254 42 237 253 106 32 90 221 100 227 96 32
    32 172 250 103 232 249 160 123 185 16 219 185 196 192 111 199 171
    144 95 6 21 108 40 56 244 127 185 202 232 107 59 187 24 213 186 93
    136 135 44 80 253 22 131 207 39 186 4 219 85 186 255 194 141 245 89
    138 100 35 68 244 114 117 30 0 2 42 136 12 102 243 43 108 9 247 24
    251 206 125 158 98 166 239 7 158 132 131 120 103 104 0 76 124 40 154
    14 125 191 228 143 176 198 232 90 87 13 199 130 85 45 128 254 210
    218 69 129 31 242 210 80 102 32 220 214 184 19 155 156 222 95 81 1
    135 154 191 196 174 102 190 152 195 161 193 44 10 0 58 236 16 136 36
    134 83 46 14 63 241 130 249 66 45 170 214 9 236 88 55 32 182 33 43
    53 86 75 192 124 51 38 94 74 143 99 249 151 136 207 140 177 237 236
    152 201 165 71 24 150 152 171 192 125 99 43 215 119 42 196 125 243
    252 5 82 144 7 208 166 224 23 7 163 206 99 101 158 254 204 87 35 215
    172 207 113 68 180 34 181 42 91 248 252 130 247 214 124 189 44 106
    208 91 255 4 199 167 160 113 126 32 250 167 243 195 135 199 130 135
    197 143 130 126 153 11 150 43 84 109 173 71 78 231 253 79 94 244 17
    18 46 172 231 38 240 97 122 29 61 180 113 58 200 124 189 208 2 215
    140 28 89 108 143 56 121 40 23 170 221 81 46 254 87 54 203 185 112
    147 216 117 232 239 52 216 200 19 55 39 229 238 173 68 214 244 143
    186 41 211 145 200 99 193 91 158 233 196 58 237 74 229 88 197 227 62
    102 25 56 57 140 169 25 59 4 71 130 204 149 208 216 241 203 156 29
    190 234 140 69 9 224 193 39 88 247 222 164 144 90 146 239 228 11 14
    94 87 188 146 208 195 229 46 225 223 45 238 43 244 55 73 255 148 40
    37 153 196 245 30 174 92 80 254 181 169 210 127 4 114 3 136 219 186
    41 16 122 1 174 108 78 170 16 38 88 75 24 209 63 139 167 127 82 28
    169 222 183 187 134 252 87 15 207 73 26 75 79 248 99 218 28 80 51 29
    188 224 166 166 224 107 2 150 0 196 138 249 34 37 175 54 229 208 141
    227 45 238 180 48 15 111 233 240 176 121 253 186 28 155 227 175 179
    189 23 229 80 173 230 226 94 110 224 22 31 80 156 196 54 51 231 246
    65 254 199 182 145 45 143 244 231 218 36 76 4 36 24 206 191 130 177
    105 6 99 90 195 120 82 203 42 112 143 205 149 220 122 143 78 23 27
    134 123 159 102 142 238 62 255 40 36 44 247 229 11 17 87 118 252 78
    179 3 145 47 82 127 189 141 224 241 241 196 143 190 143 81 163 228
    122 242 230 105 108 122 135 44 237 127 232 72 108 235 14 1 146 63
    231 165 217 168 146 254 38 157 78 15 163 241 14 115 224 107 252 179
    6 206 70 161 125 119 115 224 73 136 223 135 219 252 13 220 40 194
    251 230 23 23 39 191 78 225 26 108 253 41 189 89 150 73 184 126 206
    90 151 250 181 29 155 181 59 212 23 175 132 87 161 32 92 231 107 190
    180 254 247 89 98 61 35 50 105 209 121 248 162 86 51 66 77 145 83
    163 46 148 153 76 79 249 0 8 17 9 44 221 132 218 43 102 87 1 45 112
    104 122 195 200 213 95 88 188 173 49 157 56 54 23 145 136 210 22 213
    174 58 121 66 206 115 226 73 114 22 201 197 243 161 60 187 61 19 152
    197 161 112 245 16 204 232 95 3 11 244 107 51 220 136 146 123 120
    188 167 126 35 82 204 233 57 153 45 191 135 218 199 233 228 64 237
    179 59 51 44 130 42 53 137 159 130 94 124 142 17 99 26 118 243 52
    178 52 166 216 195 219 5 88 98 166 74 131 56 222 187 54 137 41 95 57
    9 39 146 48 52 102 167 245 154 182 245 10 66 174 83 129 47 20 135 70
    70 13 15 251 208 232 86 249 208 70 18 24 132 34 19 225 145 15 236
    166 226 242 46 246 148 230 62 29 223 173 198 132 225 52 61 243 124
    108 247 167 60 182 1 253 79 154 47 39 238 225 81 103 169 174 35 3
    152 21 184 3 35 248 253 232 6 123 25 77 65 217 251 213 209 101 157
    122 100 195 117 254 182 36 172 231 209 231 118 238 184 1 98 177 71
    117 4 104 47 231 2 26 202 71 243 244 160 44 51 26 110 242 41 185 66
    18 222 198 99 184 136 199 36 220 218 179 223 95 8 120 106 137 176 59
    132 49 133 143 208 199 183 102 101 207 207 76 123 161 200 162 147 53
    10 34 135 155 37 124 219 153 216 147 129 223 61 7 151 14 247 189 114
    178 121 220 224 109 7 191 221 102 180 53 207 250 116 254 232 232 148
    162 67 37 187 247 202 224 221 189 226 136 137 42 167 179 10 49 111
    94 61 53 251 31 202 196 252 242 168 20 179 122 105 207 244 204 167
    146 152 231 253 55 133 178 25 45 179 61 17 176 180 177 81 78 41 217
    241 108 40 223 118 61 154 115 110 115 59 114 133 23 34 220 215 58
    238 216 188 249 111 50 230 244 147 173 252 121 255 68 167 135 125 75
    67 117 94 235 32 202 186 197 38 14 148 151 194 40 89 56 93 147 249
    56 220 11 68 80 208 108 162 181 105 123 114 125 193 191 43 243 204
    23 2 13 147 105 75 184 88 56 144 204 145 235 202 147 225 163 19 118
    28 150 212 16 94 244 190 97 235 1 106 237 183 36 128 196 241 174 118
    114 138 211 37 162 91 242 61 36 134 115 198 200 72 81 140 247 60 251
    83 114 99 62 65 213 38 99 231 64 123 147 135 9 233 141 137 127 6 230
    100 34 139 104 190 170 66 122 108 209 196 8 85 205 207 20 7 187 241
    20 97 121 172 47 144 157 219 122 25 187 45 47 49 38 110 65 172 108
    225 50 35 171 155 199 205 50 55 54 84 125 208 80 14 71 219 52 136 44
    219 55 143 216 129 217 69 234 44 191 150 122 64 40 211 164 57 182
    112 119 243 135 187 240 247 11 134 61 162 67 23 97 182 97 151 154
    234 198 163 78 220 48 209 161 5 30 119 170 156 211 104 145 112 50
    159 16 109 214 74 173 186 221 201 34 115 255 114 213 109 159 80 54
    154 162 156 239 80 117 145 87 228 150 23 243 58 169 76 245 74 21 113
    251 152 115 187 104 171 26 66 59 80 178 137 126 39 157 124 204 26
    242 241 28 9 221 196 60 161 170 115 186 95 175 13 52 155 206 137 56
    116 40 231 178 119 240 11 237 239 164 58 3 239 32 194 210 204 82 68
    244 46 95 68 195 82 45 171 250 199 16 191 81 200 129 0 241 182 191
    178 155 50 9 157 156 230 104 250 34 33 243 209 108 17 129 67 96 246
    242 65 130 127 218 107 15 244 201 70 155 181 140 221 146 52 132 47
    249 174 67 50 147 247 169 152 89 136 76 55 52 51 169 27 89 241 212
    178 107 155 96 13 147 4 160 118 65 237 42 25 62 203 116 99 144 187
    210 57 188 200 165 201 70 2 113 187 1 177 15 41 146 48 19 233 236
    185 71 18 42 212 203 182 122 138 18 239 45 79 143 119 246 166 31 19
    214 22 72 215 74 12 219 74 10 61 72 41 42 253 121 138 133 85 9 187
    10 61 115 84 229 154 240 71 28 40 140 35 49 75 163 219 3 119 252 213
    29 98 156 4 88 155 177 180 193 188 35 61 164 206 27 80 182 64 165
    215 32 175 243 222 8 179 59 220 48 92 188 87 53 135 98 74 173 249 65
    245 195 133 214 105 156 70 237 216 106 28 153 34 220 172 105 16 48
    185 170 77 176 59 3 49 86 3 214 165 240 167 87 143 110 194 62 244 3
    139 182 195 104 221 121 71 95 42 195 229 215 37 179 45 93 148 88 135
    15 160 9 82 121 96 54 92 228 50 195 230 107 171 213 63 203 79 190
    214 69 107 38 133 232 104 52 29 243 0 212 122 81 3 197 136 198 62 5
    72 88 190 213 158 103 97 116 58 120 7 150 164 77 234 246 193 214 5
    206 240 36 54 15 144 236 62 231 158 37 33 36 74 201 247 108 120 137
    196 112 210 204 9 231 94 135 159 21 227 86 193 201 161 19 252 4 24
    72 180 61 235 135 169 35 66 29 218 74 196 186 168 139 162 236 162
    211 207 237 43 249 75 147 217 147 132 2 139 195 151 135 66 115 50
    198 208 158 69 17 224 150 132 238 106 61 102 201 52 229 31 28 155
    249 250 249 211 141 191 130 133 42 170 112 80 9 156 2 200 11 163 169
    62 156 172 86 150 8 236 74 59 5 129 245 177 58 60 54 182 132 173 64
    198 87 123 206 5 28 53 108 118 164 94 73 176 76 68 169 223 232 200
    172 75 105 236 108 208 135 246 230 114 188 246 177 11 118 137 14 143
    244 76 27 101 158 222 152 92 142 71 253 246 166 186 77 30 176 1 148
    236 139 238 33 130 3 8 50 118 231 144 251 85 211 185 83 136 202 217
    111 42 65 125 128 182 119 228 154 197 54 155 169 208 0 237 142 255
    211 58 148 94 225 161 72 222 216 89 134 239 32 113 179 131 4 65 231
    72 220 135 223 166 177 118 27 204 24 243 89 231 164 235 90 171 139
    12 98 152 96 192 13 67 252 90 83 219 136 238 122 146 209 247 50 139
    42 221 77 40 28 185 227 83 26 120 116 44 214 31 190 214 145 214 130
    58 95 207 2 248 104 19 108 15 152 27 210 220 77 96 61 250 223 193
    184 163 235 58 187 136 205 179 177 133 15 137 131 77 57 104 122 169
    92 187 71 30 64 113 62 204 95 41 89 28 206 106 235 146 9 59 175 187
    151 57 92 230 210 222 8 212 207 75 148 219 40 27 170 234 114 143 235
    54 105 149 73 222 72 61 192 213 168 143 123 93 239 188 0 89 20 167
    143 36 109 3 116 207 156 128 34 139 56 27 165 86 25 152 173 181 127
    2 198 52 80 93 33 248 176 120 64 66 122 137 30 169 46 105 160 175
    235 90 66 251 126 80 228 43 137 93 180 212 127 174 126 246 63 83 242
    101 11 95 49 37 39 246 63 250 34 188 90 2 88 108 86 93 239 190 54
    253 171 183 77 239 20 9 177 55 107 161 103 39 23 250 206 52 5 208
    171 20 214 164 194 199 235 209 250 111 182 22 204 112 132 250 33 168
    5 121 18 169 74 53 203 2 22 117 181 34 147 161 125 170 64 138 57 139
    230 17 202 91 240 219 108 121 244 226 96 208 92 191 88 75 234 129 45
    69 131 50 171 62 239 216 138 64 165 67 231 94 189 240 98 224 138 7
    129 185 195 17 130 137 113 8 211 166 212 20 169 49 239 138 154 117
    86 242 188 68 123 142 77 38 169 49 14 248 136 233 125 67 225 226 61
    125 31 144 249 225 174 148 143 79 65 208 14 164 176 16 67 168 188
    175 121 188 28 51 37 110 51 96 224 26 70 202 83 81 139 253 200 69
    119 247 248 207 186 172 97 217 185 91 15 191 177 146 101 4 120 93
    135 190 126 139 58 15 126 124 255 88 91 19 230 8 118 124 43 148 108
    149 127 148 208 106 7 25 186 249 200 49 64 17 120 103 36 114 99 232
    177 80 56 228 221 122 80 230 244 83 90 80 119 161 97 250 75 186 117
    219 61 219 229 140 187 138 150 69 197 75 46 196 15 54 18 82 71 86
    140 211 96 202 231 219 181 92 21 213 61 157 121 147 227 47 51 99 45
    252 99 235 31 103 178 227 45 41 189 47 167 55 48 155 111 211 203 93
    39 82 136 163 204 248 165 117 94 41 123 64 14 226 6 214 224 133 169
    117 60 132 16 233 70 186 165 154 17 14 190 170 187 246 2 175 194 88
    31 129 9 178 0 156 1 198 77 98 9 108 34 52 87 98 170 6 179 189 166
    212 196 87 99 231 186 104 68 188 65 141 83 165 170 138 115 54 1 9 75
    63 223 38 118 225 98 30 231 85 201 94 135 0 102 153 181 189 83 181 7
    52 238 19 208 194 251 42 220 189 175 142 231 7 28 140 102 56 93 148
    190 126 107 17 102 120 215 16 246 152 248 125 201 3 188 19 242 229
    109 155 6 152 232 171 43 53 19 122 179 152 152 150 116 5 113 87 70
    48 27 105 169 24 192 164 184 174 141 232 22 222 36 191 244 4 64 146
    179 152 209 201 32 107 28 122 214 147 30 227 95 76 113 218 81 148
    148 8 139 246 235 150 255 113 22 130 65 6 17 107 211 85 58 196 233
    243 55 40 132 187 34 178 198 136 91 144 218 170 239 46 100 101 17 76
    143 110 3 180 132 78 216 98 191 2 220 99 255 253 130 16 102 101 238
    55 171 100 163 52 55 219 161 226 62 39 173 223 75 108 247 70 24 92
    231 155 49 36 96 190 97 24 254 148 41 189 213 197 100 74 18 56 75
    159 239 49 49 212 202 175 132 188 118 46 164 109 126 170 58 60 193
    149 141 121 113 59 88 141 91 71 29 51 137 115 50 146 117 131 238 144
    120 116 183 37 206 230 71 225 157 189 85 28 147 142 197 223 126 126
    129 189 58 117 250 132 253 96 40 206 135 47 76 34 237 57 126 15 82
    54 234 101 96 243 91 107 112 194 41 8 79 145 126 57 226 179 126 131
    252 69 226 142 40 125 110 238 82 240 29 34 226 43 127 100 53 144 163
    248 193 53 167 45 175 192 236 149 185 125 25 137 39 238 134 240 161
    6 234 123 66 202 145 218 136 209 80 25 176 33 155 98 139 240 242 186
    99 217 86 122 1 106 28 122 86 244 251 70 73 144 232 28 5 134 174 143
    99 159 232 9 60 40 107 5 213 148 30 183 195 85 108 248 42 186 245 77
    126 249 211 131 231 210 94 225 226 143 242 167 170 174 71 144 178 33
    11 170 158 81 46 57 87 45 38 240 252 113 226 204 17 90 209 168 20 49
    223 246 221 66 83 12 157 107 228 41 43 161 32 152 89 148 206 9 126
    125 220 146 68 46 169 252 77 17 166 28 54 232 34 38 211 236 59 142
    138 27 213 143 150 182 220 8 161 51 159 125 234 73 102 46 239 181
    251 184 16 29 0 12 98 248 143 221 167 174 110 112 74 188 208 203 210
    8 53 34 212 59 206 57 29 43 137 61 53 0 57 95 102 159 5 100 13 120
    77 123 1 238 164 74 27 67 76 180 22 82 245 124 99 60 148 242 26 61
    174 10 216 27 17 241 164 14 243 44 218 65 72 36 232 119 134 236 172
    98 230 162 121 51 217 66 9 83 34 28 136 176 125 199 21 181 237 178
    241 89 238 147 143 75 233 59 155 200 249 62 216 157 147 206 155 68 8
    125 54 198 81 231 250 151 97 57 102 28 108 114 110 78 243 75 174 170
    220 90 9 119 24 189 39 102 80 52 4 152 156 197 36 83 158 194 168 204
    210 233 92 135 114 129 49 249 51 171 79 175 251 17 132 35 22 91 226
    180 133 205 136 204 154 56 35 178 200 211 72 120 59 216 180 103 237
    152 216 207 91 127 125 128 106 117 25 214 28 248 21 71 239 49 80 68
    154 66 49 197 141 194 210 150 112 172 99 157 16 145 101 51 24 98 160
    20 89 59 242 105 244 54 81 183 159 102 53 222 90 144 170 79 10 50 29
    160 7 200 52 217 224 114 103 130 140 6 56 49 170 230 160 81 208 54
    13 13 194 169 14 235 250 175 158 157 195 245 182 232 32 196 5 212 99
    230 156 168 79 94 48 171 30 251 78 197 170 167 149 194 174 168 218
    43 85 9 73 21 130 235 231 225 83 127 196 124 220 173 103 117 145 30
    106 16 7 199 127 29 90 89 153 99 46 98 76 123 160 215 218 116 220
    210 223 185 139 64 190 70 177 32 216 148 161 140 62 45 187 251 200
    24 112 242 23 248 73 159 73 53 150 20 5 105 231 83 191 165 216 136
    155 74 237 67 225 157 247 115 189 223 247 93 33 108 44 31 100 97 203
    84 166 58 114 236 175 129 56 250 60 242 181 247 175 92 49 185 28 228
    11 154 173 105 39 148 67 177 92 54 2 179 83 15 165 5 180 41 99 232
    174 137 197 21 129 69 33 145 116 91 9 177 50 153 3 247 87 56 93 217
    65 126 95 159 39 50 85 4 254 2 222 215 38 243 137 26 136 183 25 218
    20 249 46 123 72 97 147 121 83 166 140 230 201 120 34 50 201 201 22
    155 190 107 1 112 130 41 223 22 35 1 96 197 88 110 251 27 134 55 140
    122 213 125 15 152 6 119 133 180 198 160 44 88 185 215 178 195 18 9
    113 114 104 6 32 152 241 78 76 22 91 249 85 218 111 96 206 97 134 10
    101 184 72 96 214 12 54 37 35 140 27 49 128 149 247 26 137 47 155
    198 138 92 79 74 119 126 112 206 147 61 165 64 206 88 161 196 95 55
    7 189 132 228 191 147 180 196 167 206 202 197 49 75 175 137 138 84
    201 227 163 147 8 197 239 61 110 29 179 240 35 77 130 181 19 170 241
    71 194 41 230 54 165 148 165 163 199 45 203 14 213 171 77 209 100
    147 63 230 116 127 14 133 10 112 173 106 232 59 151 0 142 125 157
    103 7 121 57 106 191 168 63 85 242 110 193 232 146 178 174 245 212
    116 132 107 80 158 196 122 127 15 218 178 53 151 208 159 240 238 25
    36 5 202 115 88 4 227 226 237 147 124 105 28 136 105 39 222 242 240
    94 191 84 47 222 195 25 177 58 82 72 83 222 115 162 80 89 15 140 221
    229 91 128 30 254 175 190 32 86 0 152 130 114 27 252 102 181 190 39
    52 139 44 182 18 35 233 31 255 150 193 41 168 67 167 206 162 125 136
    80 251 194 45 145 66 217 13 208 228 73 149 111 70 253 68 240 57 55
    18 161 132 134 22 14 116 212 147 217 214 119 36 97 186 133 107 134
    234 136 227 75 39 73 197 216 131 39 47 213 101 255 144 3 78 128 3
    183 134 134 104 167 49 200 141 146 185 122 90 236 192 249 162 50 24
    46 101 92 149 128 201 133 30 138 220 124 21 84 37 185 51 248 56 45
    67 108 76 252 147 134 49 33 9 156 207 237 192 197 218 209 192 250
    224 93 25 241 129 44 148 71 128 229 138 238 69 187 22 200 125 158
    155 112 78 24 41 111 114 192 101 52 30 240 62 157 234 134 130 213 19
    171 87 77 42 88 77 61 222 195 115 251 212 155 88 22 204 122 187 208
    97 15 175 149 163 106 17 23 66 218 46 90 24 162 216 96 203 84 129 10
    189 168 182 80 107 146 22 115 210 8 27 56 32 235 191 176 39 164 180
    50 233 45 136 175 50 115 149 186 217 56 232 136 9 30 100 17 138 132
    128 6 219 214 25 83 24 50 76 75 150 216 214 76 69 237 20 252 28 28
    17 119 159 157 224 67 184 179 81 201 107 148 203 49 70 44 231 157
    225 88 170 118 168 135 132 243 126 172 13 89 42 38 100 51 144 7 93
    39 32 186 212 17 179 131 85 234 140 220 156 27 193 158 27 135 123
    162 190 25 170 31 145 97 235 7 183 130 80 239 167 220 104 246 140
    115 151 42 93 64 0 58 82 190 22 117 14 192 233 220 208 240 99 75 43
    253 112 49 187 0 2 223 126 11 83 2 102 85 243 240 116 206 226 89 92
    80 230 80 48 177 224 119 179 161 143 252 80 228 112 16 212 136 77
    241 154 195 14 133 0 14 29 37 154 203 147 162 22 216 101 240 93 97
    156 225 8 244 195 64 103 251 197 247 181 132 27 35 50 83 53 244 222
    239 154 52 222 88 66 253 134 161 211 122 100 179 224 215 221 190 221
    208 59 13 51 203 148 221 43 226 198 168 222 120 175 168 3 8 229 228
    166 58 92 7 42 9 25 17 1 197 254 81 177 145 246 61 46 64 11 104 150
    128 170 1 14 177 49 90 184 234 120 225 212 203 60 236 166 233 3 33
    77 182 113 2 24 221 231 166 120 174 213 218 128 42 51 0 68 89 36 21
    128 102 222 185 153 243 83 146 233 39 96 13 92 57 109 205 24 72 15
    142 219 197 150 58 30 102 14 251 157 40 64 202 186 105 77 192 165 74
    207 107 81 85 12 81 51 42 244 206 8 99 0 155 88 189 247 27 112 46
    221 84 151 12 72 226 37 43 35 103 234 209 151 242 126 76 181 236 125
    219 234 41 46 40 91 119 113 65 17 134 242 29 136 239 246 170 117 79
    201 251 134 230 43 59 41 48 0 201 158 234 25 184 162 55 138 198 55
    131 78 136 222 115 223 2 216 47 89 158 201 148 237 181 104 38 214
    234 12 236 58 225 58 119 67 48 147 239 108 91 133 131 225 62 118 189
    14 57 216 17 220 26 174 162 251 2 162 124 155 32 1 7 8 6 168 92 227
    39 168 219 231 14 181 174 6 52 176 31 210 2 229 167 57 221 113 95 69
    28 214 14 244 185 212 138 89 183 167 225 173 8 252 137 243 150 152
    112 78 49 241 123 100 202 222 60 250 235 196 175 53 204 127 130 34
    195 115 200 23 227 229 12 249 138 215 84 73 158 242 34 89 58 237 46
    11 99 159 72 125 142 189 174 38 75 177 144 197 135 201 46 27 17 43
    145 71 237 79 222 26 100 32 81 142 112 244 91 225 198 176 176 142 89
    91 134 18 106 124 216 235 221 152 158 78 173 141 102 2 75 139 155
    130 88 99 186 50 47 239 1 65 146 164 84 223 9 220 234 163 2 95 12
    241 115 151 171 35 213 14 82 87 17 3 243 69 2 207 137 67 234 152 194
    19 185 176 208 153 229 218 46 127 2 93 254 97 222 73 186 128 72 106
    128 174 4 86 170 222 58 132 30 70 168 189 133 28 76 77 232 133 165 8
    84 210 76 88 21 49 101 83 164 82 186 37 31 84 119 14 184 29 104 150
    164 127 222 193 1 131 67 121 115 13 139 201 238 108 134 210 132 231
    98 87 54 113 7 79 138 193 25 120 120 180 114 68 251 36 68 38 88 148
    27 93 214 80 53 52 224 175 75 55 97 18 185 232 47 62 212 92 56 132
    148 107 147 106 187 198 255 133 8 72 54 157 158 222 226 29 34 79 73
    88 98 107 208 82 175 248 101 136 49 205 134 206 176 133 241 173 186
    2 184 96 130 20 177 116 108 72 161 99 207 8 11 39 123 78 100 222 40
    253 101 24 80 152 98 73 233 186 25 18 79 23 202 166 125 222 230 0
    185 26 143 203 237 118 83 23 29 85 248 209 232 43 95 93 220 254 102
    205 172 89 68 13 109 167 219 107 21 49 4 1 204 136 231 125 241 139
    34 192 159 35 222 63 157 235 229 236 4 238 170 124 163 60 110 81 62
    220 194 28 204 136 1 13 105 32 14 128 8 148 137 53 186 68 196 245 61
    38 239 205 87 18 119 246 247 6 218 63 18 43 255 188 207 170 248 86
    185 182 251 215 138 28 92 75 232 206 9 24 137 177 145 175 129 94 95
    179 205 48 69 199 108 252 246 210 157 254 19 65 17 42 117 211 107
    179 34 163 146 63 32 103 43 244 247 50 25 241 177 3 65 233 195 179
    82 139 111 43 237 115 188 60 123 254 162 137 251 27 242 107 177 35
    132 104 93 29 51 216 41 0 151 237 68 233 179 64 228 132 93 72 49 172
    229 208 169 48 203 24 192 121 234 7 61 252 136 10 24 141 149 149 20
    27 135 176 35 181 185 191 36 52 25 117 194 85 237 192 152 200 186
    205 15 78 92 157 120 188 251 92 231 38 216 53 135 190 128 102 252 96
    37 170 193 87 97 123 132 103 58 172 219 240 112 33 215 82 118 16 118
    18 255 49 89 14 27 131 121 117 253 133 1 14 62 224 13 166 4 174 25
    39 12 231 78 201 126 57 77 2 12 65 120 237 15 144 9 108 16 185 13
    205 85 110 206 196 78 63 126 202 223 88 116 158 114 38 39 218 123
    136 27 41 21 215 171 210 183 95 235 28 77 36 137 201 216 95 99 139
    82 8 137 121 111 209 234 192 35 243 85 224 173 71 18 121 61 131 140
    225 40 103 168 255 137 119 8 26 163 23 48 101 83 155 96 95 31 207 99
    25 91 72 29 244 150 254 35 235 153 195 126 254 111 230 67 53 122 190
    150 93 26 250 70 220 248 229 75 36 169 48 137 114 27 197 246 91 68
    103 147 30 233 40 155 213 62 18 223 63 224 227 41 31 8 113 210 188
    110 206 30 113 162 56 53 105 167 182 138 254 47 83 44 183 100 212 76
    67 68 67 95 45 91 4 187 75 183 225 97 174 176 130 149 199 22 43 203
    239 120 114 141 155 50 18 219 26 214 150 189 69 74 134 113 147 166
    203 52 169 142 162 165 131 73 78 92 103 5 88 129 55 189 98 141 21
    245 253 10 31 91 248 212 98 74 58 220 156 33 174 49 179 163 191 130
    160 155 4 25 148 250 134 141 91 174 219 220 69 206 164 46 28 62 91
    255 133 117 180 216 155 164 217 251 38 217 113 125 241 96 255 33 84
    86 107 227 49 172 55 36 241 247 90 166 240 200 221 76 80 250 191 89
    26 154 134 35 121 70 72 228 225 188 77 144 41 238 209 3 138 50 83 53
    64 168 117 101 144 31 31 18 211 5 63 101 125 118 54 60 52 23 228 12
    132 175 17 6 193 14 141 49 69 217 152 27 223 22 6 176 123 9 185 254
    142 107 219 169 208 112 30 124 8 119 183 134 28 247 134 185 172 145
    92 227 24 228 47 219 204 41 118 83 133 48 136 178 14 119 191 189 34
    52 23 254 48 166 111 98 100 114 214 97 118 172 173 38 13 87 100 204
    72 64 74 243 232 42 174 143 187 144 105 50 82 69 113 28 229 42 76
    154 250 1 128 253 193 191 233 169 7 231 154 38 76 63 226 176 213 123
    116 192 191 46 98 13 140 47 139 193 24 109 65 195 32 77 85 194 147
    29 96 76 162 193 208 146 46 60 247 87 141 185 158 249 174 16 245 184
    46 131 231 155 210 29 115 42 147 65 228 138 98 112 157 102 66 205
    105 3 229 119 66 227 37 149 160 241 222 203 110 242 39 53 28 119 20
    133 88 87 76 192 88 56 119 72 60 205 147 199 77 168 45 220 105 243
    89 6 144 220 254 124 6 4 217 62 251 82 184 167 108 26 1 166 218 227
    122 172 155 96 138 38 194 120 42 154 33 86 121 63 94 113 170 38 135
    10 47 160 0 79 160 247 190 81 37 183 52 72 244 179 66 110 220 85 67
    9 255 89 229 18 75 167 127 165 221 102 118 186 35 32 71 27 75 169
    162 23 31 70 187 63 99 40 251 73 138 16 152 26 242 163 9 226 47 227
    30 113 122 91 210 168 55 175 79 18 217 178 29 146 233 161 123 126 50
    97 121 222 41 56 73 119 179 184 103 91 145 231 51 254 122 59 230 205
    54 186 133 221 11 45 48 73 111 105 210 17 37 214 71 210 66 236 1 155
    15 105 152 172 231 37 150 167 20 50 189 95 73 164 48 61 247 162 60
    182 113 40 131 47 182 36 74 176 242 163 244 21 119 119 118 234 43 30
    103 188 69 160 163 52 48 125 12 85 197 255 193 168 242 84 113 185 66
    160 122 13 129 125 213 6 175 235 176 187 153 100 191 78 114 246 9
    199 121 159 28 3 237 244 147 104 255 183 214 46 26 7 181 146 57 240
    162 217 105 31 142 103 29 145 149 71 154 52 132 213 24 58 210 222 8
    126 162 91 136 216 32 7 217 39 89 93 21 15 53 45 122 49 152 177 236
    180 240 83 79 190 169 47 17 244 16 48 61 89 115 37 151 102 163 78 57
    107 136 238 62 255 19 250 37 42 14 72 98 63 118 116 5 240 30 22 193
    178 49 46 59 17 4 17 147 18 35 207 4 186 58 178 234 19 20 28 192 74
    231 31 153 146 107 49 167 219 123 242 33 156 205 100 94 227 171 194
    133 96 134 121 18 236 20 12 75 115 98 142 114 196 154 181 116 99 36
    68 47 164 136 69 128 182 121 192 148 55 66 195 254 248 37 4 154 114
    160 236 45 216 129 178 206 222 52 224 123 90 6 70 102 213 236 118 75
    70 200 211 243 160 201 32 207 182 73 18 80 163 79 221 111 65 176 51
    195 109 29 167 97 62 181 5 4 214 32 68 102 230 144 236 191 31 237 11
    215 12 242 231 31 80 229 38 243 8 126 211 151 25 231 193 103 219 43
    83 180 74 240 183 140 155 57 47 34 139 57 185 118 21 55 216 54 20 27
    11 27 146 212 2 153 33 56 120 236 27 149 230 22 128 71 159 207 13 87
    148 99 75 35 254 14 75 190 152 149 118 88 141 116 107 25 214 220 192
    40 140 198 63 238 161 210 62 156 127 67 144 26 235 75 129 15 89 45 0
    12 215 72 123 249 3 34 136 172 137 177 34 155 141 131 8 138 13 176
    87 61 114 84 143 191 80 133 109 88 116 133 87 206 13 55 41 117 40 14
    49 112 93 245 216 7 211 217 10 28 94 58 50 85 53 22 220 72 239 29
    216 22 51 216 124 164 3 48 48 103 235 180 177 2 121 45 205 101 196
    99 253 189 149 170 110 57 84 204 49 21 253 228 83 246 71 70 165 151
    140 119 249 216 228 119 123 145 13 64 179 161 82 41 12 139 236 2 112
    90 9 151 107 184 188 72 134 10 124 111 121 16 109 0 148 52 132 227
    190 12 85 84 233 97 162 62 1 52 83 96 21 60 88 241 240 235 65 11 170
    67 234 104 201 8 18 19 164 254 77 255 187 143 95 191 243 179 232 236
    73 246 14 169 25 241 134 157 167 112 153 135 61 182 105 188 188 237
    27 178 203 12 0 26 4 41 159 131 159 162 70 194 8 158 105 116 101 204
    153 196 17 47 203 189 148 21 248 200 206 231 128 49 193 207 65 39
    250 226 105 68 105 5 129 208 130 85 80 89 188 58 99 83 129 239 118
    140 158 4 224 180 205 71 161 109 150 226 233 153 133 62 252 242 205
    143 3 218 167 107 211 203 13 56 102 210 174 127 133 232 166 101 112
    125 252 16 8 19 130 15 138 164 225 103 214 164 113 142 121 130 149
    200 124 64 52 133 162 249 0 42 49 0 157 228 60 77 255 81 156 235 75
    238 119 40 252 21 197 38 221 131 117 107 110 36 145 85 136 105 8 104
    109 130 149 92 207 39 252 132 12 94 247 98 137 132 241 204 159 76 95
    29 84 50 56 170 83 11 208 64 174 32 255 210 10 40 70 193 118 212 74
    5 112 192 139 121 169 161 146 171 112 38 179 94 114 88 205 150 106
    138 28 221 178 170 246 254 155 230 221 161 194 9 60 2 54 115 211 65
    52 25 69 4 37 60 19 183 132 167 65 64 251 141 92 177 26 32 154 15
    244 226 210 248 152 101 46 143 245 167 203 186 205 180 11 70 26 226
    246 14 38 146 103 39 17 71 109 109 250 112 37 164 214 12 202 75 134
    44 178 48 183 15 166 220 247 11 210 43 26 126 149 0 65 80 127 56 183
    60 146 41 21 119 3 157 181 187 170 71 7 144 15 245 219 121 134 22
    184 52 233 244 11 17 159 15 164 122 1 231 27 45 254 181 152 213 6
    137 152 107 193 127 141 136 114 9 196 222 221 87 200 202 53 247 53
    245 241 113 100 101 11 165 20 62 194 28 169 16 144 132 171 76 140
    209 142 130 194 119 106 208 59 98 209 55 39 102 202 69 207 187 34 33
    219 189 154 189 220 245 125 64 243 136 0 148 158 80 82 87 59 106 203
    180 113 84 57 91 84 210 5 171 124 211 178 105 50 51 33 26 187 190
    229 75 46 102 23 1 120 35 89 22 219 186 201 83 127 224 180 130 9 14
    99 166 233 157 66 121 114 110 91 181 188 245 236 132 0 200 106 29
    204 71 106 42 97 108 165 41 232 52 96 102 224 89 178 33 73 175 31
    203 216 50 170 43 160 129 112 14 73 161 61 35 179 24 191 172 9 158
    61 68 35 141 64 194 7 163 227 114 9 181 7 40 193 133 239 63 77 61
    101 41 67 10 156 176 238 162 177 212 246 75 199 84 115 217 243 49
    237 6 33 126 63 133 187 47 24 203 170 174 162 177 103 72 174 74 253
    61 105 150 206 150 195 52 48 192 130 241 131 156 104 254 232 60 12
    187 218 110 212 189 229 205 50 190 13 102 11 79 14 83 140 236 203 69
    178 206 111 189 75 190 201 52 248 167 160 72 27 250 115 192 104 212
    82 89 89 133 152 69 48 252 11 19 132 102 75 52 200 96 139 96 233 29
    205 111 130 51 138 34 201 172 185 212 31 234 7 124 150 173 194 91
    153 42 236 94 140 37 85 22 148 229 88 6 192 55 85 149 60 30 75 136
    24 234 51 129 113 241 160 127 244 105 193 153 105 3 87 188 211 45
    168 37 211 80 218 231 151 0 58 236 158 81 124 246 104 248 95 191 21
    99 109 103 31 89 86 203 33 12 195 176 138 59 156 14 135 105 127 255
    13 76 45 15 240 176 35 99 18 93 153 198 63 184 140 200 50 78 214 96
    169 94 100 25 143 163 5 48 208 53 73 239 137 228 108 149 18 20 99
    208 180 59 246 101 122 133 20 16 166 45 81 252 15 215 68 91 102 81
    57 153 147 233 82 87 251 111 83 241 68 98 3 189 8 184 226 169 119 92
    72 17 115 84 156 86 144 38 211 23 106 21 150 231 173 71 85 34 8 112
    50 110 5 150 142 66 197 240 172 235 221 50 227 110 157 87 120 178 56
    177 191 149 185 89 222 132 11 76 133 155 206 211 192 247 179 147 242
    133 123 35 229 187 104 29 213 88 132 222 126 149 117 48 162 223 48
    15 214 74 64 166 232 201 216 36 179 13 220 87 50 229 172 114 94 56
    228 131 158 112 12 199 247 62 209 220 208 80 84 19 12 250 220 149
    252 223 6 139 111 97 58 231 204 208 23 165 46 219 26 139 205 76 57
    242 195 188 71 164 212 68 173 111 91 216 220 77 20 38 252 68 217 113
    0 63 27 183 87 33 212 159 249 173 38 117 16 42 14 44 1 79 92 126 81
    26 32 54 77 16 230 243 87 234 185 78 42 16 207 216 222 120 4 130 42
    217 202 111 34 64 82 111 224 215 201 76 48 77 113 154 98 32 141 162
    60 42 235 106 85 209 233 64 121 86 175 56 44 193 3 196 145 116 165
    124 142 204 77 192 105 13 246 248 206 28 30 160 232 203 110 126 83
    128 139 82 245 191 26 163 38 211 157 156 32 62 86 139 59 121 36 173
    158 153 241 98 147 78 160 209 75 119 197 76 153 221 148 43 215 32
    156 80 145 110 248 13 22 154 80 154 131 167 178 123 236 126 163 162
    81 236 127 232 70 54 8 203 24 175 254 39 22 89 115 41 162 157 39 157
    13 208 145 88 195 113 191 60 81 10 89 165 252 58 79 33 184 244 66 53
    183 183 213 146 77 255 19 20 98 37 217 126 215 179 134 36 32 240 185
    137 192 74 107 132 41 102 231 148 166 146 11 170 1 246 104 149 189
    79 96 148 85 225 254 82 172 182 229 42 216 29 109 103 135 218 142
    254 12 15 155 35 206 165 173 165 143 43 32 32 10 63 244 146 239 114
    136 132 93 234 24 81 212 30 3 19 212 103 219 55 69 197 84 7 226 196
    190 171 161 6 81 230 104 218 228 148 135 69 86 176 199 125 221 180
    148 27 67 31 28 170 24 5 108 57 244 215 13 42 68 168 200 187 137 177
    108 96 99 204 182 235 232 112 12 120 61 148 209 237 68 40 240 93 216
    200 77 58 228 73 245 99 44 217 205 10 86 223 200 121 149 18 219 192
    185 24 130 161 192 124 47 167 243 36 247 52 182 208 221 198 55 18
    135 108 220 26 179 253 119 217 195 81 229 214 12 177 114 237 63 235
    73 163 16 116 159 201 226 194 100 56 130 103 111 212 124 228 14 1
    184 102 117 245 155 219 157 133 106 7 67 101 109 74 36 229 28 17 56
    71 198 99 230 170 169 106 95 104 18 7 74 151 228 131 68 28 129 127
    127 129 155 61 114 209 12 237 1 43 75 110 205 45 175 211 214 49 245
    75 188 210 201 42 90 70 77 254 226 169 221 122 97 220 146 58 115 71
    250 191 201 9 130 127 238 26 126 31 28 163 142 171 102 41 20 63 120
    184 66 233 40 195 164 204 237 123 242 94 9 199 42 89 208 171 237 21
    247 170 97 227 16 223 250 22 64 209 126 43 57 165 232 82 249 30 48
    64 29 104 136 69 208 202 248 108 116 184 195 36 100 16 50 78 252 4
    142 118 75 130 81 51 147 7 254 177 224 207 202 167 118 232 9 209 208
    187 8 39 162 33 222 105 134 22 103 102 112 26 96 159 46 145 215 200
    183 5 111 26 139 141 87 106 132 97 255 153 246 0 75 13 129 179 44
    168 146 217 204 12 169 231 38 86 189 5 28 48 181 85 94 140 35 103 6
    149 234 180 221 29 73 169 184 173 58 4 155 176 233 127 108 187 171 0
    77 37 206 171 24 196 19 53 69 47 29 224 15 210 222 183 67 197 244
    108 21 0 163 15 79 57 57 108 84 145 0 13 192 100 215 70 117 244 59
    232 149 255 93 7 61 48 97 194 246 91 155 43 117 1 170 118 195 154 72
    63 198 135 190 253 2 225 10 15 170 247 253 16 30 174 30 146 43 164
    100 140 111 241 177 3 117 157 198 111 174 177 6 72 116 80 47 29 44
    82 90 226 151 73 111 186 76 208 118 145 198 127 175 56 10 174 13 228
    74 183 68 238 21 127 236 137 121 166 154 93 102 141 241 43 135 246
    252 23 179 184 13 97 89 111 70 12 84 23 212 180 59 171 225 62 14 190
    231 180 74 6 249 65 6 40 204 204 34 118 231 220 146 63 176 236 145
    222 156 82 49 29 103 7 24 131 124 33 117 32 165 255 41 109 68 77 149
    98 225 7 78 228 133 93 16 96 91 53 237 205 88 234 114 109 43 248 117
    106 83 191 75 236 223 54 156 106 29 69 87 1 251 164 167 78 193 98
    107 170 12 96 39 193 126 158 228 173 98 227 136 0 232 79 6 131 60
    149 194 249 254 150 34 90 16 192 199 50 134 81 49 68 141 22 172 205
    0 18 69 252 195 86 26 198 166 44 51 35 169 129 56 183 17 182 18 197
    15 203 254 230 207 167 70 206 222 161 152 21 110 178 56 140 6 184 58
    245 73 39 233 234 114 94 17 168 197 206 13 218 124 179 245 56 233 84
    249 92 123 140 38 226 99 157 66 210 239 197 33 120 139 192 146 202
    247 188 228 40 169 57 60 155 198 82 229 106 120 149 58 161 170 222
    71 100 59 29 25 206 126 105 12 126 39 53 37 135 138 100 214 1 83 205
    68 236 28 68 76 199 86 164 82 15 55 232 52 17 158 49 67 158 206 141
    97 129 224 123 208 214 47 1 163 253 64 97 179 148 227 66 82 18 193
    253 35 117 171 198 204 250 173 194 128 250 163 251 23 8 144 160 71
    95 111 50 45 119 94 224 250 111 194 104 68 31 255 224 131 209 96 106
    60 180 57 234 74 96 224 88 79 70 88 131 248 170 67 112 86 159 40 96
    18 213 59 106 66 114 105 134 208 64 144 124 195 102 58 156 24 3 205
    90 77 169 155 110 150 122 141 30 248 250 26 206 20 85 196 156 72 58
    91 36 51 34 215 98 248 111 111 4 0 42 136 114 156 177 220 123 153
    136 194 115 68 248 47 14 165 28 223 131 63 233 39 97 34 68 36 41 178
    135 88 180 204 116 162 68 251 222 153 142 124 38 145 93 228 211 89
    236 27 59 75 88 222 74 162 35 155 132 139 249 78 42 110 160 98 195
    216 201 253 249 182 86 152 146 209 134 177 60 95 247 168 57 124 104
    127 187 95 255 207 166 210 144 20 138 81 171 63 14 241 32 146 84 143
    177 146 113 45 189 152 182 206 5 85 199 138 17 84 89 14 198 82 194
    201 181 228 61 68 34 35 14 254 133 96 174 59 255 205 58 83 120 93
    150 241 234 161 66 39 40 77 19 192 1 193 129 218 215 46 54 232 214
    198 7 169 232 130 10 188 254 55 10 4 19 40 232 169 16 208 40 179 79
    73 193 32 1 80 19 71 76 222 179 6 185 97 158 107 111 68 1 191 157
    173 48 187 162 4 230 173 234 85 42 136 131 188 24 46 114 192 37 46
    255 250 166 95 137 106 23 73 154 150 149 53 67 56 220 119 14 74 207
    204 157 82 105 103 31 119 78 248 43 71 10 200 115 231 74 230 91 0
    183 21 77 202 255 187 202 86 59 185 140 218 229 240 207 6 146 104
    145 162 225 172 167 199 196 225 107 197 163 124 93 159 1 76 104 180
    113 97 64 168 129 54 243 153 95 11 123 22 237 233 222 223 64 142 75
    50 149 175 205 9 174 32 96 171 77 64 184 130 159 216 50 109 107 207
    165 195 202 198 233 224 82 244 112 138 83 106 45 129 73 244 144 180
    1 193 92 111 56 15 155 94 18 174 182 19 53 102 159 12 73 87 233 180
    249 46 19 141 178 248 159 100 194 16 8 248 204 144 29 64 37 198 223
    34 205 144 165 191 133 89 187 223 91 198 130 202 240 212 42 77 16
    246 117 63 78 102 136 113 0 38 160 41 153 187 11 87 78 242 5 123 88
    140 138 160 58 188 163 26 110 192 35 122 62 69 183 157 227 142 162
    153 16 246 104 136 125 81 45 142 220 250 82 190 177 251 67 236 252
    202 27 166 206 189 181 53 203 33 70 72 79 47 217 30 11 60 78 164 164
    162 229 56 100 63 142 140 253 177 218 48 173 101 239 232 231 212 158
    122 141 61 68 69 73 41 19 77 18 26 217 143 59 160 187 184 163 2 78
    232 59 164 81 127 238 82 125 255 190 228 255 229 113 20 247 67 247
    87 102 147 141 36 181 133 239 152 216 107 13 253 19 166 176 113 107
    126 48 253 133 152 92 215 140 15 218 142 84 198 210 44 70 217 32 252
    19 216 255 0 218 9 185 131 48 201 167 81 234 74 231 149 236 45 198
    187 180 61 241 119 239 127 171 63 226 210 76 71 154 138 233 145 204
    11 195 148 41 185 224 81 149 223 186 243 44 84 212 118 152 175 5 4
    181 193 195 68 34 17 0 107 194 123 173 158 150 106 35 22 213 133 99
    180 219 99 135 229 123 171 185 188 168 65 106 102 100 33 229 182 72
    69 201 59 78 206 186 169 211 1 64 110 188 169 184 142 132 163 7 77
    63 170 106 158 140 124 52 168 238 143 73 190 241 39 55 128 145 35
    111 91 137 164 28 66 136 182 32 55 85 215 113 185 134 159 24 208 152
    64 117 108 11 175 194 131 210 136 45 148 169 199 35 1 174 244 227 75
    119 202 115 230 35 141 178 44 40 72 164 78 134 253 136 212 124 98 49
    245 130 1 161 215 127 226 161 236 119 83 68 111 116 178 178 124 64
    146 111 176 152 115 150 128 85 17 20 146 19 35 25 144 252 83 224 240
    193 195 253 127 75 62 177 48 137 246 149 234 39 95 33 187 3 41 46 77
    232 108 221 146 3 205 179 53 238 9 118 139 237 231 24 78 225 151 57
    225 207 104 22 182 134 180 192 244 186 170 227 2 67 226 7 73 40 4 25
    128 242 89 63 186 49 13 8 213 177 243 20 219 23 132 50 232 227 152
    41 57 24 48 199 186 102 156 183 160 218 195 224 74 100 159 4 215 235
    45 10 146 233 99 126 105 151 7 136 219 154 64 181 186 198 54 216 77
    40 135 104 167 243 122 174 68 234 124 128 116 194 103 131 237 71 101
    249 1 132 133 179 32 105 90 11 113 70 37 245 229 216 131 214 50 215
    26 132 130 149 151 191 67 211 213 85 225 114 84 170 71 229 84 224
    189 101 160 113 45 218 168 114 192 113 58 126 197 168 181 245 27 166
    63 180 80 192 162 158 112 189 52 165 26 168 182 145 109 158 190 130
    110 94 214 244 67 67 191 194 146 212 100 245 70 69 236 16 106 55 53
    210 241 59 1 46 132 36 97 74 84 15 3 130 86 155 216 176 66 123 197
    180 200 246 28 95 193 13 21 21 137 200 222 173 3 110 105 24 122 84 1
    93 187 168 106 55 115 57 160 113 163 195 131 39 105 7 26 251 86 83
    10 145 22 231 74 110 63 115 90 1 110 188 142 215 185 219 211 142 73
    198 205 157 26 148 47 204 203 65 142 155 27 185 245 181 251 255 171
    110 254 41 238 173 12 229 94 182 12 96 230 120 68 122 241 195 43 47
    176 117 91 235 182 188 35 52 174 161 100 128 148 34 214 122 216 220
    169 250 39 4 80 139 62 221 102 35 9 161 237 50 177 47 26 94 25 32
    105 51 7 151 236 34 33 45 57 0 85 94 172 83 50 0 89 124 32 11 255 19
    115 209 184 158 197 173 232 178 124 80 175 45 169 205 250 48 100 137
    56 104 207 33 114 206 106 242 137 114 217 36 106 242 147 90 222 60
    88 60 246 250 115 221 162 91 163 205 169 106 110 136 33 177 143 198
    146 109 136 102 122 27 46 235 39 206 224 90 121 8 41 228 235 103 200
    109 193 46 25 226 0 202 4 118 246 68 142 7 35 176 53 11 28 28 39 123
    70 182 40 5 60 146 186 20 240 161 155 23 249 2 222 137 9 6 254 71 52
    237 41 198 62 73 250 249 49 133 133 100 44 131 48 193 127 96 237 151
    182 182 46 62 201 24 153 88 104 89 84 184 6 246 96 232 234 72 39 161
    61 207 168 255 8 165 5 249 134 96 237 61 215 183 14 186 72 158 161
    183 130 90 170 20 59 216 183 151 231 104 92 120 111 24 38 156 68 52
    248 212 28 232 15 162 51 19 203 136 118 2 16 159 27 84 68 215 234
    158 21 74 183 49 162 221 20 0 112 45 154 189 63 82 60 182 197 225
    134 111 184 143 198 156 62 13 196 243 42 171 16 65 6 54 144 184 83
    176 24 85 120 99 141 94 128 71 10 108 188 172 61 38 240 40 62 99 175
    160 103 162 47 190 125 222 212 52 131 68 139 243 122 162 103 86 161
    190 18 140 159 127 220 237 175 80 237 135 193 84 50 95 177 128 12
    134 60 206 32 146 243 143 202 199 227 142 21 134 118 17 180 102 54
    102 217 195 18 191 230 147 253 133 64 54 253 58 5 179 141 21 227 212
    50 195 128 181 19 169 66 42 191 161 171 33 2 57 61 175 8 155 148 157
    102 217 168 48 181 234 147 27 14 201 69 145 253 99 170 206 7 82 117
    55 6 38 111 73 7 49 77 59 223 122 232 74 37 128 251 82 171 19 32 42
    209 21 105 220 104 46 211 62 84 104 134 32 132 178 48 137 226 71 246
    30 211 89 18 153 119 91 103 180 102 69 33 99 210 243 45 80 249 130
    228 183 65 199 154 78 204 210 107 160 127 135 40 195 196 148 204 71
    101 49 1 37 48 244 160 45 86 107 106 194 45 172 19 166 36 92 244 203
    75 179 21 165 59 59 107 100 52 7 179 191 166 34 244 63 175 114 174
    249 57 127 63 54 218 212 211 37 97 144 215 43 193 186 206 183 106
    157 78 56 11 236 69 185 14 147 82 60 25 197 51 190 24 76 228 102 51
    128 177 0 179 94 214 3 35 12 184 195 88 161 55 186 52 23 4 124 17 4
    130 55 33 103 24 99 179 124 200 221 61 69 51 170 83 110 219 114 200
    55 181 139 32 137 63 115 88 54 160 104 180 190 28 43 110 43 160 128
    203 193 237 96 46 22 235 144 139 251 18 246 213 51 193 15 224 182
    161 92 155 213 112 56 217 225 251 233 2 6 80 143 96 244 214 216 181
    173 127 71 153 181 250 20 87 167 1 244 34 64 136 182 62 172 27 119
    179 228 243 126 190 116 133 106 28 190 57 11 62 234 245 20 37 216 85
    171 254 43 95 1 185 135 98 101 204 97 49 176 235 67 68 14 61 255 158
    254 127 57 195 100 219 110 6 148 72 24 186 22 14 173 235 35 169 20
    157 199 36 94 140 123 77 50 81 232 140 80 97 234 14 120 175 29 52
    105 2 3 1 142 92 109 182 3 178 253 194 68 58 100 33 250 158 68 4 204
    64 16 36 132 244 8 72 225 69 93 118 188 64 228 33 201 229 254 24 217
    55 38 242 122 56 187 75 244 93 254 92 158 38 193 200 195 13 138 116
    58 197 96 254 168 186 85 134 218 253 140 12 105 136 151 46 147 160
    174 193 52 116 70 50 126 198 77 234 72 46 143 84 227 2 107 179 167
    138 40 84 17 23 73 140 133 150 145 53 205 218 169 207 96 32 165 112
    218 90 248 2 25 182 183 33 66 28 161 103 61 242 40 95 127 201 199
    166 133 54 66 193 21 103 33 12 179 36 190 213 196 4 111 93 177 27
    175 112 0 55 182 193 131 175 168 254 46 0 140 3 220 67 206 217 152
    59 225 28 179 219 117 248 83 38 159 221 51 74 102 251 6 172 38 226
    140 97 76 227 32 105 118 231 123 193 145 144 85 37 61 169 142 83 239
    85 60 81 184 172 110 128 182 119 44 225 90 19 93 64 139 100 159 79
    252 200 186 100 70 110 63 14 96 68 7 107 179 197 42 223 108 124 246
    184 154 81 187 162 196 82 34 196 195 201 98 203 31 27 17 115 170 27
    3 150 164 226 60 254 1 110 218 177 240 157 219 107 129 159 47 47 209
    147 225 227 168 106 42 41 111 22 58 223 6 22 46 100 159 185 66 208
    165 48 170 7 66 234 4 184 141 113 117 180 216 73 165 179 40 223 41
    11 71 202 251 249 148 175 91 189 105 233 80 98 4 110 227 1 57 146
    192 88 129 139 237 37 107 221 9 251 116 138 31 233 147 251 193 179
    210 243 26 61 51 42 86 238 119 156 125 167 240 157 209 206 169 35
    191 36 52 6 103 161 213 157 218 47 32 78 130 53 119 15 149 227 25 27
    250 210 175 122 23 182 66 255 3 183 167 83 176 35 152 9 207 164 45
    207 207 63 195 222 32 15 38 58 76 69 58 142 124 93 42 253 86 69 62
    241 74 177 232 214 183 153 204 156 78 104 223 43 249 68 79 239 185
    70 151 92 34 90 217 165 228 36 128 0 224 60 53 40 56 68 59 36 209
    217 119 134 218 183 123 207 10 227 249 227 54 246 56 227 191 6 205
    171 231 145 246 140 123 48 128 50 93 58 184 42 175 238 159 143 61 12
    11 228 135 144 115 212 18 5 196 51 89 183 16 81 168 74 168 42 168 38
    102 45 206 18 166 179 50 153 122 154 138 175 139 67 188 61 26 33 232
    40 170 3 34 239 168 227 63 61 255 5 197 199 236 231 41 188 204 167
    31 3 193 161 203 254 23 101 8 125 72 51 41 65 47 240 103 82 221 154
    178 76 197 155 41 149 88 72 184 98 73 25 122 189 122 47 62 239 156
    59 141 251 242 34 245 36 71 14 148 59 65 164 157 4 219 187 114 194
    65 227 127 94 252 78 111 199 7 212 139 193 86 51 147 89 13 165 115
    26 31 65 104 78 204 28 137 137 11 109 186 103 71 101 135 40 107 178
    131 10 75 140 198 14 64 171 169 148 252 112 238 158 2 11 47 233 178
    139 180 140 104 154 0 4 67 254 197 171 229 106 110 197 112 18 148 54
    124 226 237 45 67 194 81 219 85 82 88 18 123 152 226 78 102 160 224
    117 251 193 102 14 19 112 27 164 133 214 13 16 2 7 94 60 131 109 113
    113 102 249 142 97 224 40 36 184 72 226 242 154 140 78 71 29 102 222
    222 66 244 117 52 116 178 109 142 123 22 183 121 199 250 58 201 178
    65 73 160 66 93 53 245 66 210 210 181 235 37 146 61 24 157 133 153
    117 62 149 207 7 35 166 30 209 13 14 162 215 229 11 192 239 220 103
    143 56 34 139 101 66 30 131 252 64 162 136 86 197 161 178 26 251 74
    238 26 207 167 246 233 200 30 150 116 151 108 221 209 196 238 219 69
    137 151 171 53 207 65 195 186 224 35 16 188 206 108 188 31 136 29
    128 40 94 36 171 67 254 67 56 179 157 109 197 72 178 224 135 240 225
    227 146 243 244 25 123 71 172 251 22 21 208 76 222 138 191 236 6 224
    77 217 125 63 187 113 36 17 90 101 254 37 75 80 231 14 107 254 98
    152 167 23 10 143 78 35 105 171 200 188 169 37 52 3 19 248 65 254 76
    89 75 233 227 189 188 208 44 246 229 169 224 40 109 144 141 16 243
    142 216 174 165 203 151 57 221 216 214 146 141 63 126 128 70 128 153
    161 20 51 110 138 87 114 175 148 142 36 184 153 3 31 117 86 81 210
    94 202 122 104 207 32 35 58 197 39 81 219 157 41 104 205 122 67 121
    120 46 149 10 44 158 235 63 139 85 118 52 95 45 229 194 255 34 192
    162 182 64 201 10 67 87 127 26 2 244 170 179 51 58 58 55 244 23 143
    21 156 96 116 168 218 15 52 145 234 95 42 136 124 160 35 140 222 252
    2 99 32 241 110 216 65 52 120 18 42 62 199 218 253 176 17 167 198
    240 140 216 46 123 90 169 130 193 123 77 50 107 226 21 217 152 189
    134 130 166 35 128 239 207 111 55 253 207 218 151 72 2 0 10 230 129
    219 71 17 129 27 131 82 14 218 66 186 96 95 101 170 128 187 22 9 68
    56 34 239 104 196 164 84 129 64 224 3 155 251 135 9 59 249 131 12 51
    165 76 13 193 31 145 68 149 107 87 162 210 99 45 58 190 254 122 113
    205 205 125 248 245 144 254 6 9 207 66 173 34 233 171 76 93 224 64
    113 115 64 137 28 160 225 104 227 128 183 101 19 93 148 245 28 240
    25 170 199 189 230 209 146 157 83 143 138 30 173 241 16 13 133 34 80
    63 139 110 225 217 21 97 40 202 173 63 146 146 244 143 242 79 234
    243 82 72 56 204 173 235 223 230 173 50 127 250 126 248 5 234 58 174
    63 157 0 247 18 184 74 70 191 231 13 80 93 180 84 213 135 77 147 223
    96 29 212 93 154 84 19 197 249 147 91 137 175 152 47 41 221 93 43
    164 49 112 81 136 7 254 210 132 189 70 100 152 200 35 150 188 249
    157 178 143 76 155 56 127 142 18 81 63 36 250 167 111 212 232 141
    254 35 116 7 235 82 147 169 131 121 225 175 77 29 122 132 65 230 154
    222 58 59 142 187 144 235 152 239 144 29 98 173 39 79 11 102 99 39
    200 70 207 11 94 39 226 239 209 156 164 159 194 110 32 221 196 88
    166 250 123 111 125 173 180 33 87 211 4 102 248 70 3 69 20 157 136
    16 10 34 237 196 147 162 235 133 66 174 54 132 223 194 161 163 33
    143 196 111 47 147 211 48 27 4 34 231 152 167 232 136 180 130 112
    176 156 255 255 117 169 254 85 78 224 132 219 38 236 132 12 104 255
    188 166 99 16 227 64 79 77 66 234 241 154 217 151 64 124 228 145 230
    1 250 53 6 125 147 159 123 195 237 13 244 151 229 91 206 19 73 51 78
    156 82 12 15 195 153 166 26 128 20 141 69 68 75 200 107 36 33 28 84
    79 240 74 154 167 3 221 254 116 134 195 176 15 83 83 242 87 58 122
    84 30 165 187 31 116 96 124 210 241 67 122 141 228 117 120 203 140
    64 153 244 9 189 181 25 58 228 155 115 17 197 141 64 217 234 9 192
    63 106 53 152 180 171 230 129 253 191 78 124 62 247 140 36 226 179
    235 81 45 9 213 177 183 97 98 126 67 255 28 252 98 123 228 67 201 59
    60 68 224 55 198 165 227 13 165 35 233 101 111 44 247 206 170 191
    250 133 149 236 114 215 9 243 145 238 44 167 211 26 96 1 23 145 42
    220 17 1 196 13 223 93 192 230 78 49 11 151 152 148 118 204 228 211
    248 59 36 243 10 93 29 82 120 206 93 17 209 63 171 83 252 125 164
    187 45 253 75 99 225 26 233 223 43 67 41 218 181 131 76 131 178 33 5
    77 44 201 91 56 108 234 229 30 127 203 221 165 151 113 147 122 201
    195 176 171 153 144 242 109 145 145 137 141 249 247 247 111 91 75 28
    12 31 20 56 138 220 46 88 29 92 117 189 109 11 219 225 171 51 133
    167 8 69 72 72 245 78 239 36 50 189 68 9 160 179 248 20 9 199 138 60
    174 96 241 207 47 127 88 13 88 119 218 92 151 186 72 200 50 80 51
    128 24 132 138 200 218 228 183 164 39 22 205 208 52 225 231 82 190
    72 108 127 186 122 131 33 174 44 239 6 3 180 240 114 241 155 122 206
    128 238 220 194 31 184 150 134 4 117 174 159 175 115 144 226 231 188
    74 81 75 191 133 52 198 1 125 208 72 54 58 40 106 228 185 83 74 248
    248 131 78 33 37 139 231 84 128 13 66 18 160 91 162 230 165 246 218
    105 99 213 48 58 165 243 112 250 177 10 171 124 161 76 59 16 249 209
    118 221 213 245 219 141 166 234 213 72 166 146 131 170 159 48 85 184
    159 17 156 201 151 88 202 75 96 247 211 14 177 147 16 183 117 59 179
    110 140 244 78 78 1 188 116 209 171 155 114 219 145 40 223 166 146 5
    228 25 123 46 207 161 85 176 113 34 239 135 117 169 118 102 96 47
    199 115 193 76 22 153 62 67 82 230 125 28 237 255 95 44 99 171 172
    138 150 247 106 113 8 74 80 144 93 177 183 21 241 103 152 44 216 150
    132 207 227 27 234 235 232 179 6 78 246 243 178 142 187 121 137 108
    227 195 215 14 158 125 75 139 199 180 205 170 238 163 254 4 33 3 139
    56 178 205 154 185 17 138 58 99 213 227 216 169 222 140 56 76 120
    133 5 56 143 70 70 181 234 70 140 93 235 57 70 186 151 50 176 178 90
    134 61 142 4 253 200 70 123 64 157 43 195 81 253 206 167 189 203 61
    38 165 30 113 66 210 86 245 222 110 163 68 164 9 205 40 150 30 168
    100 113 239 223 240 91 215 194 200 207 46 222 65 85 87 103 78 212
    212 153 28 166 210 131 167 149 135 50 72 34 25 132 180 10 245 65 136
    21 27 217 128 38 208 64 132 255 12 83 193 184 167 69 102 2 8 85 48
    68 227 21 17 10 132 88 30 141 117 140 169 241 97 18 148 115 19 81 27
    47 180 147 44 51 133 129 214 35 13 89 210 67 162 46 155 163 153 9
    187 18 163 98 82 67 241 183 163 189 73 221 30 182 179 110 164 241
    106 138 227 93 85 134 211 83 187 203 44 213 236 241 215 66 20 229
    201 22 38 110 55 248 231 57 54 35 102 192 14 81 12 54 58 42 216 28
    187 100 117 129 145 205 135 130 56 226 5 42 64 95 18 85 91 147 13 7
    67 207 103 68 112 231 136 193 43 219 190 55 115 188 119 79 89 135
    233 102 63 96 109 40 221 213 202 251 109 201 55 39 196 220 16 57 177
    44 76 26 2 169 39 43 75 174 230 166 28 235 183 112 71 207 215 36 104
    162 93 29 58 192 200 54 0 235 237 96 209 56 76 213 222 134 96 160
    253 197 101 167 86 203 82 82 248 61 92 56 229 234 109 175 123 12 36
    57 71 249 158 16 216 67 126 120 122 77 113 139 45 92 65 249 164 74
    126 209 55 95 221 53 150 52 39 56 107 218 3 208 126 203 102 60 240
    233 110 10 45 125 111 153 183 82 244 139 53 255 90 43 121 206 1 144
    32 191 188 132 109 63 206 193 54 88 32 9 74 30 154 158 214 100 203
    248 252 68 103 26 214 201 252 2 210 56 50 245 24 15 131 110 51 60
    162 228 159 102 85 79 232 69 220 70 48 211 169 52 56 191 212 120 241
    174 27 128 194 12 55 176 109 15 14 188 86 183 55 215 132 154 153 24
    189 88 240 19 100 115 18 192 187 243 73 252 239 68 107 81 65 58 80
    29 56 125 156 200 180 134 190 135 117 36 94 68 120 218 51 232 159 17
    87 101 114 231 131 224 40 145 251 142 24 131 133 49 201 130 120 158
    221 112 197 226 75 219 106 174 150 253 86 158 19 158 131 52 18 0 126
    219 139 120 77 244 107 223 177 167 137 165 149 230 112 72 49 248 197
    52 26 244 4 113 150 112 42 202 70 48 181 193 117 32 4 24 222 0 89
    153 108 212 187 198 73 65 196 225 190 242 151 64 79 251 126 240 160
    143 57 31 255 11 97 188 88 147 118 253 209 113 241 250 36 230 170
    156 43 242 224 171 76 112 241 140 108 64 60 201 243 18 133 44 149
    232 119 8 39 165 119 115 159 202 89 60 81 230 246 105 230 63 43 255
    219 220 193 161 209 101 81 195 104 168 216 62 75 3 150 44 181 148
    136 117 109 43 159 132 102 67 207 117 136 28 222 167 48 170 107 171
    30 242 157 89 219 205 105 224 165 238 137 214 185 49 230 36 92 58
    202 186 176 254 227 32 113 43 216 86 250 104 242 69 165 178 205 211
    219 240 141 228 45 208 248 12 113 161 238 106 86 65 36 181 217 117
    138 228 197 126 10 97 90 219 136 193 115 145 108 5 139 167 118 33 39
    209 228 25 250 123 222 224 181 153 68 158 235 53 185 187 50 161 100
    123 100 137 156 141 145 19 131 56 18 140 177 183 199 103 85 245 57
    126 146 160 177 116 119 34 94 174 15 86 115 107 153 135 144 43 77
    205 238 150 202 152 234 134 218 198 44 92 241 67 102 235 160 13 246
    71 78 195 134 53 164 249 196 26 123 250 127 187 121 204 23 183 105
    47 154 154 224 216 190 190 111 190 94 54 50 122 161 225 201 90 151
    249 65 147 72 50 76 80 207 46 240 72 157 147 74 22 206 55 93 104 6
    156 136 129 156 143 90 126 249 89 19 234 4 211 90 119 163 126 31 122
    81 133 14 121 215 71 123 21 245 253 229 238 208 105 81 50 43 135 243
    228 176 60 41 59 83 10 105 143 18 25 228 100 9 53 26 77 206 128 149
    76 180 44 29 92 59 38 253 139 109 97 132 71 192 219 107 22 33 201
    203 239 99 168 154 185 161 167 14 80 72 151 0 184 200 197 224 178
    178 51 234 7 19 229 103 183 133 35 255 38 162 225 72 120 157 72 201
    126 47 240 56 54 196 241 158 65 83 211 132 155 244 147 248 25 27 82
    200 132 155 227 103 29 67 197 251 254 13 138 31 227 53 117 20 154
    112 221 105 250 144 238 190 76 19 145 251 253 135 251 6 155 251 159
    14 102 43 119 138 193 190 184 10 122 209 192 76 44 253 245 87 203
    179 197 200 193 155 129 136 10 245 123 131 252 203 111 148 153 15
    197 218 134 213 82 95 122 59 238 241 225 89 196 195 161 54 103 149
    107 21 158 231 77 50 171 172 68 60 177 204 81 64 103 229 90 55 85
    246 251 202 86 65 179 138 135 40 69 230 87 201 24 5 196 133 137 124
    199 75 71 220 97 250 211 19 247 230 149 43 11 206 47 222 237 79 133
    177 149 25 230 151 188 184 177 58 133 112 242 46 154 135 161 88 216
    86 44 170 215 89 107 192 70 190 221 16 161 36 16 199 182 174 197 16
    148 34 28 42 44 62 40 121 110 32 71 97 77 202 224 78 144 171 75 194
    112 175 58 223 93 148 28 211 100 226 216 191 87 121 89 193 79 254
    221 5 117 9 244 236 213 31 172 82 53 178 58 222 64 172 107 228 142
    93 17 203 72 111 78 25 72 75 188 57 182 8 186 113 182 109 105 15 84
    12 158 29 121 234 142 190 5 101 193 190 59 131 163 170 143 134 162
    18 249 53 12 223 73 118 178 1 111 232 248 192 128 79 146 136 20 132
    22 54 164 114 80 55 211 26 73 144 127 70 203 31 194 105 95 199 50
    243 50 197 4 162 173 114 149 15 166 30 223 212 98 7 136 3 200 10 182
    77 207 106 236 217 100 209 214 12 222 214 76 206 90 135 45 195 99
    156 82 130 180 211 85 43 72 45 229 217 201 124 52 50 106 146 17 131
    94 253 19 211 138 185 254 226 107 62 89 133 109 201 19 153 71 126
    205 76 255 117 198 231 147 79 157 41 143 154 217 83 125 9 209 38 154
    70 232 25 171 109 234 139 66 216 197 221 163 183 71 220 90 200 252
    70 73 166 28 219 157 47 58 140 10 149 204 158 22 199 17 55 6 203 22
    239 199 27 72 35 143 82 97 201 228 29 34 124 190 123 72 9 205 24 209
    96 80 195 53 96 16 26 52 123 73 28 89 61 150 80 219 0 237 171 34 57
    161 10 255 139 122 105 25 230 252 8 144 125 76 101 63 208 178 248 28
    174 64 135 13 111 234 53 108 131 117 51 90 91 70 160 168 244 31 85
    97 94 160 63 153 59 46 5 125 155 52 53 0 124 248 204 40 251 64 209
    34 192 69 163 149 106 79 93 72 200 80 140 181 180 207 28 66 14 155
    203 230 109 192 120 185 220 14 195 195 122 143 92 144 230 55 245 171
    155 138 201 169 20 125 94 125 87 231 160 60 83 66 187 71 104 147 46
    45 38 37 250 18 58 116 77 154 39 255 165 215 223 73 98 198 43 84 103
    201 46 65 139 242 174 77 69 177 11 72 196 82 82 25 35 50 82 87 154
    131 196 137 152 241 36 72 22 180 223 84 232 49 193 186 104 101 62 92
    52 148 88 37 80 47 5 233 241 215 102 100 172 90 204 47 17 140 188 54
    73 217 16 44 30 237 186 162 220 24 29 58 66 109 177 97 78 94 199 121
    89 235 47 255 2 231 224 24 151 103 18 179 169 121 16 251 194 70 238
    131 159 233 223 153 112 28 40 160 84 112 87 217 169 98 213 237 5 187
    214 161 76 216 146 33 154 238 5 145 174 113 245 253 129 98 0 237 209
    99 31 148 96 199 21 219 122 255 54 155 7 129 107 56 90 117 85 230
    203 128 148 83 193 90 236 234 48 189 223 50 216 22 134 117 117 196
    143 130 42 235 88 213 217 7 92 198 182 48 235 75 26 142 42 248 116
    62 162 152 172 248 175 99 51 50 97 88 45 80 165 97 143 108 218 120
    209 221 100 206 214 2 89 149 234 175 97 12 147 146 65 206 253 69 109
    240 206 42 155 191 193 185 116 127 82 167 177 134 48 226 107 15 204
    217 28 255 154 186 130 103 205 245 141 172 255 38 109 29 198 98 109
    164 194 116 187 244 203 67 170 88 218 88 37 147 101 172 114 148 35
    104 177 248 6 115 196 106 253 64 203 51 247 31 222 29 170 126 12 105
    211 68 69 232 169 102 29 154 46 251 172 64 28 62 169 97 4 216 60 235
    193 30 154 31 201 6 134 67 205 31 248 249 175 19 235 100 105 181 66
    44 17 105 118 69 242 66 92 255 63 28 104 212 207 18 31 130 63 60 103
    16 172 9 4 234 213 246 33 197 55 222 32 207 228 169 234 131 102 239
    212 94 90 202 235 70 134 120 146 76 186 130 20 96 177 227 97 85 198
    0 155 14 111 146 224 214 225 107 225 220 10 252 67 34 212 199 198 45
    111 34 113 87 140 44 113 88 127 33 229 35 47 245 235 158 143 156 104
    118 168 89 238 189 200 33 38 219 205 151 243 22 231 104 46 225 232
    23 124 109 57 94 140 192 72 12 30 160 32 251 91 96 125 240 217 189
    19 179 183 86 204 122 52 159 52 30 213 175 127 140 47 178 177 152
    243 158 168 152 233 33 237 69 164 148 192 19 171 67 44 247 181 57 34
    40 36 85 226 72 67 87 139 90 254 159 90 20 199 225 184 158 241 155
    62 30 10 178 249 214 145 246 100 147 193 211 113 195 69 54 195 74
    117 119 30 90 28 137 173 83 46 3 21 150 179 190 131 166 78 48 123 91
    161 232 40 75 203 86 228 81 111 34 83 205 74 192 74 124 36 129 153
    140 43 40 83 251 244 183 180 12 36 85 245 250 0 119 176 141 241 115
    69 3 241 194 65 134 23 232 111 33 223 232 249 124 6 6 31 254 173 153
    53 177 138 225 133 6 4 251 64 228 30 170 235 183 163 182 183 28 82 2
    69 183 116 226 158 246 169 239 11 224 125 179 227 255 171 99 84 42
    152 247 15 113 163 175 211 238 228 91 241 191 139 247 170 58 27 196
    190 181 162 64 211 130 144 250 90 86 215 132 192 54 238 217 138 227
    139 156 93 252 191 184 13 26 201 64 181 198 72 1 221 157 13 175 137
    115 54 13 91 7 70 99 254 127 201 249 175 165 36 158 13 51 203 153 55
    174 59 88 28 1 96 67 176 136 161 125 164 22 209 196 45 230 27 120 74
    174 8 119 53 49 108 10 26 77 186 38 88 117 153 194 245 174 149 56 76
    109 129 59 48 173 229 28 161 113 118 75 196 90 54 203 19 197 162 116
    170 4 78 45 189 124 202 55 161 194 151 114 139 214 234 61 168 134
    120 31 38 15 43 246 196 214 104 237 41 218 24 122 78 185 165 175 190
    181 186 147 172 156 169 109 226 22 204 157 197 193 199 18 35 137 60
    28 130 14 57 61 192 121 54 18 72 112 212 248 53 131 25 83 99 8 19
    176 103 231 238 133 243 231 232 3 70 162 121 55 68 1 134 247 64 234
    64 227 118 1 231 144 111 216 255 134 169 11 134 142 118 22 63 129 8
    168 101 211 153 198 64 41 143 191 250 141 225 191 17 88 255 146 242
    7 73 91 122 168 6 194 192 28 245 37 106 221 23 21 0 126 115 95 135
    67 177 122 175 92 210 26 88 102 26 52 95 117 70 200 130 204 11 47
    154 27 192 108 61 182 178 178 120 189 236 113 88 46 86 142 82 100
    107 249 95 92 50 240 209 35 239 144 248 123 140 85 79 77 1 250 217
    216 88 38 105 141 42 99 224 177 95 254 147 89 208 23 5 9 160 234 117
    5 16 53 118 150 12 216 94 43 44 217 28 188 34 30 255 188 150 217 102
    27 244 114 89 107 59 69 145 141 53 193 16 79 168 211 177 254 113 11
    208 218 192 122 87 64 112 196 82 97 182 169 39 229 109 74 88 188 20
    57 69 71 122 33 87 176 171 49 124 71 198 35 36 94 18 251 74 138 172
    22 190 250 229 71 160 8 178 153 145 206 98 63 75 171 119 146 225 27
    215 12 216 75 150 18 90 15 207 207 42 155 50 58 221 88 213 128 235
    94 133 184 156 42 174 73 65 226 154 138 47 241 253 60 194 245 41 255
    80 187 144 215 62 21 55 244 229 99 169 242 143 74 108 86 237 100 145
    13 147 230 214 131 139 16 229 116 176 58 102 96 127 52 91 175 68 17
    153 111 204 190 111 87 138 66 146 161 141 222 49 68 120 234 99 236
    240 194 60 21 143 192 13 178 154 241 201 69 35 139 226 189 52 176 39
    113 16 121 159 57 222 97 182 164 125 110 123 84 76 31 9 241 16 27 22
    151 112 195 0 134 124 197 174 178 52 150 168 204 123 135 189 52 251
    217 134 160 25 63 122 107 111 132 254 211 32 35 178 60 50 205 253
    180 77 243 109 98 69 247 215 132 136 58 125 198 101 253 208 214 65
    107 125 42 142 249 174 86 193 174 125 48 228 110 11 205 227 67 118
    199 110 72 146 234 85 83 55 224 60 235 197 228 110 129 228 86 101
    249 228 10 47 174 129 133 0 127 142 205 77 165 36 229 161 44 163 44
    24 62 117 170 153 213 200 178 237 75 101 20 198 113 3 237 27 50 163
    122 208 107 59 73 70 28 32 86 34 223 109 212 240 75 119 246 193 208
    21 193 208 98 20 65 109 61 111 249 45 106 8 184 35 19 88 28 127 0
    234 122 36 121 18 142 6 199 158 216 25 43 106 49 169 205 6 162 153
    121 78 122 145 160 220 225 23 167 255 150 31 20 73 5 106 211 176 5
    170 90 224 86 42 254 45 45 75 6 171 29 243 253 97 172 39 235 154 164
    87 225 191 164 2 72 171 255 85 67 202 129 36 188 200 43 160 89 81 1
    218 173 171 187 222 58 221 178 241 238 6 205 21 35 110 163 82 249
    218 186 133 156 161 100 231 241 196 127 91 66 172 216 203 53 175 12
    110 33 183 247 111 184 115 85 159 223 95 242 107 124 55 238 44 33
    166 244 16 12 38 126 75 44 84 9 201 211 51 243 21 219 111 106 212 26
    25 152 57 191 189 7 61 126 225 136 82 65 37 189 241 153 161 211 9 35
    146 212 32 205 177 245 100 151 71 164 110 170 52 42 34 58 87 36 185
    227 46 142 17 240 169 21 209 148 137 166 238 160 93 226 191 215 244
    216 250 10 131 36 246 4 70 208 158 80 153 226 200 166 3 213 78 125
    152 98 237 86 44 7 82 47 72 201 25 74 65 227 115 84 139 87 67 74 198
    89 150 118 216 179 84 246 72 146 2 86 46 155 66 9 107 163 86 50 124
    148 228 96 243 37 174 9 19 226 60 214 27 72 222 253 237 72 246 150 7
    178 83 164 239 160 58 243 248 122 177 238 30 187 97 100 82 242 6 187
    92 181 128 113 104 179 42 172 87 4 181 145 80 207 28 178 63 121 71
    43 75 28 231 223 184 16 101 231 23 35 209 85 125 119 201 5 140 219
    14 246 10 82 140 8 237 99 70 104 147 155 1 131 53 239 132 211 220
    213 199 96 223 149 195 157 130 165 83 20 111 70 64 104 31 190 198
    222 151 126 2 198 44 8 62 250 146 199 108 38 179 79 5 17 247 58 87
    226 191 46 128 110 157 60 147 71 183 158 251 41 203 83 166 142 217
    237 145 84 197 168 105 7 190 21 226 216 201 132 47 88 117 163 252 9
    5 128 99 254 148 38 79 205 179 30 30 118 70 239 48 0 150 215 53 19
    198 225 146 240 67 78 103 165 141 211 19 125 189 210 173 213 151 127
    22 255 126 173 150 39 192 117 89 138 248 158 171 32 76 9 95 138 216
    25 177 49 93 222 63 144 122 133 143 86 180 251 32 119 37 233 220 13
    125 221 106 164 120 110 8 103 41 245 4 88 142 28 1 204 81 160 98 82
    6 45 156 13 176 5 225 33 49 243 127 75 232 211 244 223 89 164 209
    156 167 119 210 181 255 44 169 80 3 72 20 94 140 213 152 115 158 108
    60 39 97 6 88 33 16 3 211 7 94 214 178 73 152 20 155 226 32 21 229
    107 8 139 188 220 229 41 186 232 109 128 225 18 178 35 250 5 43 92
    176 66 33 8 233 42 199 112 9 4 153 188 144 129 29 174 39 174 148 79
    169 148 152 231 176 230 53 168 9 59 54 144 44 167 71 125 12 202 30
    234 132 247 198 223 10 131 1 92 182 36 50 246 5 16 42 180 88 24 207
    5 3 87 222 60 234 158 180 179 178 41 31 229 223 239 104 97 106 135
    236 80 7 15 39 3 249 119 136 3 30 153 15 171 88 169 161 120 201 28
    87 205 91 85 250 247 81 194 77 111 101 211 149 165 99 52 100 178 150
    121 27 37 73 0 255 251 193 11 5 99 15 134 154 162 134 113 151 1 10
    54 121 254 64 21 163 206 32 3 27 85 234 165 132 82 190 54 117 92 184
    140 134 201 213 24 157 34 184 149 148 82 76 195 140 233 133 104 206
    142 98 181 176 217 32 77 165 244 171 121 65 73 185 151 237 180 140 9
    133 200 234 122 202 240 180 210 121 103 23 157 9 75 8 171 32 251 227
    170 38 145 191 73 36 19 200 6 202 216 245 252 58 22 186 4 165 24 112
    195 154 54 25 233 21 172 132 56 26 252 239 22 61 108 18 37 138 251
    212 99 31 56 129 254 236 57 48 34 217 185 40 212 175 92 4 31 250 71
    208 10 161 101 146 252 116 174 32 128 185 8 54 232 215 68 66 209 251
    172 76 231 194 213 148 52 130 236 131 7 33 183 152 166 199 147 49
    161 54 236 155 63 213 12 10 214 33 172 116 253 255 55 205 40 123 149
    52 186 87 80 178 180 47 212 2 198 116 242 244 66 99 25 228 33 238 37
    5 241 34 226 77 110 149 165 148 237 186 217 120 70 43 67 20 40 156
    198 175 218 167 163 237 171 201 103 187 127 99 145 164 95 242 35 225
    139 204 24 255 44 80 153 102 170 85 49 158 187 3 98 106 162 108 177
    187 56 47 248 4 180 218 190 192 198 207 37 141 35 77 118 207 143 32
    240 70 176 139 87 246 244 180 138 159 179 59 83 182 38 110 25 3 87
    198 190 144 144 203 145 136 182 74 55 220 6 91 70 51 106 247 248 65
    121 130 54 160 51 105 86 234 200 78 248 120 166 39 160 198 182 62
    191 184 198 41 31 172 6 55 64 145 246 70 44 131 233 19 144 146 125
    65 222 142 84 195 228 75 177 204 175 106 204 217 45 72 205 30 173 45
    53 197 29 46 47 56 195 92 12 161 163 166 211 4 148 101 254 143 42
    111 82 101 91 175 45 109 187 252 62 160 169 122 22 98 238 215 75 9
    155 137 39 196 127 23 235 1 226 230 188 139 48 163 36 70 23 137 219
    24 36 28 69 39 219 217 139 39 4 224 175 139 235 145 213 159 132 139
    15 238 232 247 9 32 37 104 52 196 116 247 126 134 57 224 118 94 58
    26 206 145 72 1 18 102 89 168 78 145 163 181 14 33 7 79 214 34 165
    58 182 151 56 86 47 206 137 31 23 103 75 31 193 58 14 39 18 186 30
    147 59 175 117 1 10 219 139 103 172 202 11 186 99 142 147 184 21 86
    154 236 122 33 121 39 173 149 35 181 69 222 31 106 135 176 213 178
    127 64 191 63 191 236 21 8 172 43 59 84 151 118 94 147 90 52 100 18
    169 217 54 25 24 124 189 140 12 130 191 168 195 33 52 208 3 9 184 37
    52 145 79 142 165 103 162 148 191 44 8 128 86 190 194 196 64 80 136
    162 239 66 233 142 129 86 108 104 147 159 3 198 154 227 73 53 26 252
    209 154 78 173 196 174 215 176 7 175 77 219 18 70 238 33 57 65 127
    251 223 209 31 111 130 252 41 71 55 122 10 132 161 86 55 214 88 125
    83 142 218 147 30 193 141 51 9 123 250 250 67 96 146 220 139 119 207
    196 10 215 110 212 101 251 204 131 186 218 20 239 61 175 251 234 230
    213 115 162 152 77 182 123 130 64 17 75 249 7 148 226 129 231 239
    143 217 111 92 50 121 85 216 0 80 38 30 35 126 55 128 246 10 204 135
    16 17 21 181 254 36 11 111 177 234 216 127 116 232 120 134 187 187
    35 19 70 19 106 110 204 45 98 246 117 199 209 231 106 39 11 139 173
    39 144 2 123 175 97 187 181 180 110 114 153 21 117 206 141 151 139
    79 30 254 246 194 29 116 112 8 133 76 126 57 159 115 112 203 169 151
    252 34 253 150 98 220 128 25 110 30 203 146 95 224 128 110 247 158
    135 245 121 240 182 219 22 93 3 168 215 196 154 234 103 177 0 96 144
    200 122 88 204 246 227 40 182 98 89 115 29 52 27 213 97 103 53 51
    106 171 150 222 62 26 235 6 172 19 112 141 173 192 5 92 29 6 119 93
    206 207 98 160 107 58 141 136 219 24 248 150 187 73 157 161 216 235
    18 3 25 34 210 86 76 23 135 70 77 93 46 175 27 193 59 152 159 70 136
    101 226 211 98 167 15 213 223 56 237 78 37 97 191 167 116 116 175
    156 162 87 26 164 240 214 185 177 61 92 147 211 24 59 200 183 105
    187 191 52 186 103 5 190 105 200 63 109 110 184 25 177 104 149 86 58
    147 210 125 243 91 101 24 158 182 84 169 161 119 120 120 142 237 202
    87 177 185 143 98 243 6 30 238 225 225 60 103 8 226 1 9 15 119 144
    216 128 129 28 49 172 33 179 161 48 155 248 175 34 50 87 81 237 131
    205 214 192 106 63 60 251 178 78 246 34 105 123 124 95 123 177 84 23
    239 187 206 219 35 151 49 103 87 35 38 36 241 157 162 135 5 68 203
    168 177 181 0 76 34 65 136 16 236 50 148 151 62 88 151 115 221 133
    72 101 21 238 19 122 203 227 172 152 217 222 199 43 5 233 112 164 52
    128 53 113 44 55 237 168 225 7 54 247 247 242 86 25 56 144 221 159
    195 203 199 195 179 151 157 145 76 45 185 28 12 226 168 14 9 249 209
    62 145 113 240 182 228 121 233 200 222 40 196 179 240 95 237 194 201
    25 194 51 159 245 10 227 251 238 187 199 72 60 178 78 217 182 173 87
    47 54 54 30 164 73 169 87 237 75 191 0 44 82 42 158 163 186 251 100
    147 124 127 186 144 148 65 8 213 43 77 115 147 168 99 130 205 189 17
    246 72 133 251 68 63 42 180 113 42 193 197 205 228 121 5 43 79 117 0
    115 41 23 139 59 217 173 255 247 45 50 92 202 9 117 145 112 240 120
    99 239 25 82 224 129 58 131 205 38 64 6 254 246 54 177 183 145 59 12
    130 150 143 83 162 227 170 208 203 84 154 130 59 8 32 25 245 251 153
    11 38 215 27 114 243 36 228 6 234 163 167 109 191 157 52 42 238 147
    101 67 100 61 172 10 73 41 111 67 215 87 159 138 214 245 126 48 76
    12 30 84 33 223 168 189 35 106 147 233 116 60 85 224 254 220 193 220
    64 250 20 228 179 253 106 113 211 237 131 130 57 158 8 123 148 88 29
    202 199 129 33 226 255 127 118 70 106 16 42 247 143 224 103 234 117
    5 197 14 93 33 232 87 31 202 45 144 170 134 211 113 126 15 253 158
    120 110 67 97 123 61 15 234 11 96 245 176 74 185 103 251 199 96 132
    227 15 120 92 161 240 16 92 0 222 1 175 229 224 51 138 44 124 15 80
    210 87 120 210 71 119 250 28 228 207 122 236 78 27 103 224 38 194 25
    209 32 186 11 146 145 95 20 214 92 84 15 200 2 158 117 112 249 84 49
    117 64 102 30 54 76 141 31 122 113 194 14 147 78 25 1 60 240 220 160
    29 96 93 249 118 213 241 52 44 44 217 96 130 32 188 118 200 232 211
    177 137 21 168 97 206 35 13 130 14 19 193 231 199 22 120 118 104 69
    53 85 132 153 101 53 120 191 114 90 17 136 214 122 97 114 228 14 236
    56 37 130 1 124 252 42 177 131 68 76 207 212 216 131 7 159 170 49
    205 158 189 86 69 17 110 148 193 135 18 201 199 81 167 245 162 227
    29 248 195 116 71 35 124 92 137 151 49 134 219 14 240 199 121 138 37
    247 139 67 173 57 110 244 193 120 175 55 26 168 19 165 185 101 44
    209 198 110 173 55 33 179 45 28 211 142 43 9 236 108 47 221 216 252
    241 113 50 30 224 87 136 39 59 103 183 2 72 184 240 189 0 99 5 159
    62 24 175 96 45 132 173 30 189 32 185 201 255 14 39 189 70 125 177
    250 13 163 7 202 136 105 167 131 79 35 187 94 116 181 18 202 112 177
    79 132 240 102 63 235 17 204 166 10 0 55 189 127 220 94 253 188 219
    182 151 81 235 20 205 186 57 223 13 184 58 176 9 106 34 83 72 36 117
    9 43 47 241 169 80 75 106 53 235 154 194 222 246 32 36 241 193 25
    182 168 167 89 104 59 143 68 114 40 26 199 198 101 51 139 97 47 42
    237 226 158 211 187 220 49 79 28 66 138 167 214 82 167 180 62 106
    179 24 189 243 136 61 4 137 18 137 201 206 93 89 45 180 4 229 189
    113 152 9 176 203 136 71 74 19 187 91 141 154 88 162 184 129 225 148
    133 65 175 207 244 80 73 107 123 185 156 160 199 102 40 23 42 145 11
    54 28 201 97 21 122 69 228 120 237 234 138 93 130 230 212 61 10 4 41
    196 2 149 149 112 249 229 45 152 114 15 46 239 104 213 101 248 228
    101 9 66 206 78 193 26 158 50 194 1 112 248 252 201 225 148 57 93
    220 231 16 72 15 0 222 227 61 6 69 146 58 81 22 230 226 175 101 89 6
    220 185 232 59 143 131 67 58 22 186 204 132 118 155 223 175 163 234
    171 106 10 94 29 247 69 127 106 62 160 74 253 184 230 105 167 199 45
    67 123 29 202 164 121 179 181 67 199 103 20 236 140 204 143 176 91
    90 26 93 104 190 148 227 25 61 82 95 21 128 174 164 32 101 243 35
    252 37 47 10 158 160 104 61 131 146 245 124 56 242 9 11 230 244 3
    156 90 225 42 191 23 18 67 73 184 121 167 65 144 6 240 207 39 113 4
    79 101 131 43 56 58 15 254 127 254 21 142 101 182 229 173 223 171 37
    229 54 139 114 129 136 141 206 202 113 35 204 222 208 101 39 155 228
    86 38 178 66 38 170 161 28 69 112 36 147 99 197 149 107 133 186 59
    41 229 114 30 75 94 119 153 44 99 172 81 208 134 187 119 56 237 216
    46 66 60 25 205 228 159 245 182 214 165 108 34 124 124 117 45 142
    151 160 25 164 231 232 34 169 99 227 104 211 132 221 104 83 10 168
    64 0 16 172 218 94 108 155 67 29 106 41 78 133 170 89 136 108 145
    248 26 58 18 191 27 192 158 240 191 233 107 242 184 92 242 170 249
    87 175 99 84 216 234 55 57 123 43 254 56 53 154 127 151 202 219 237
    197 74 212 232 16 236 87 86 97 183 112 217 132 58 235 129 170 93 40
    36 123 114 158 64 119 24 203 67 139 120 87 188 86 255 250 194 134
    154 89 139 203 73 79 172 150 177 184 188 133 107 229 118 178 72 71
    98 146 93 255 46 177 129 100 109 150 137 54 180 141 213 84 183 239
    82 90 204 4 62 50 140 201 17 24 209 136 207 59 26 92 202 210 196 130
    235 145 58 34 105 161 91 12 30 32 8 125 222 174 26 10 40 131 139 72
    113 241 207 217 222 62 166 21 2 175 167 126 69 5 183 225 127 177 252
    54 110 60 165 111 181 79 55 231 119 211 202 205 237 28 51 172 165 57
    17 252 170 54 142 48 62 250 246 252 41 139 195 56 171 47 217 194 147
    122 11 52 192 71 249 199 52 15 52 17 64 181 160 173 178 133 205 153
    66 188 231 123 45 15 62 78 25 43 133 218 56 216 228 39 64 55 61 88
    183 122 49 222 223 182 253 160 186 84 249 71 37 227 100 225 186 138
    174 213 86 228 206 6 96 44 194 150 128 248 248 236 24 164 132 67 159
    142 87 118 241 69 45 222 232 13 226 80 234 33 192 151 137 213 163
    145 50 6 217 227 122 90 104 87 83 95 9 22 100 142 106 174 21 197 52
    5 118 59 148 29 137 93 223 113 224 142 75 173 98 201 192 148 224 222
    146 132 213 236 76 99 170 186 145 193 107 36 2 235 194 231 52 92 78
    87 83 236 65 168 160 219 13 246 129 250 2 168 103 5 87 67 111 135
    194 7 10 49 151 165 119 39 219 184 108 7 175 151 230 33 139 195 238
    98 60 44 7 27 207 186 22 55 41 253 71 140 122 103 57 140 0 178 80
    220 158 72 247 37 180 169 68 225 236 49 108 162 170 130 14 243 119
    224 111 144 213 6 40 89 47 200 175 136 204 216 77 115 9 126 161 26
    36 94 19 170 140 163 216 70 59 103 22 16 119 66 4 31 100 77 193 142
    87 128 42 94 43 68 34 133 230 199 152 61 246 233 249 255 176 135 130
    196 14 217 27 4 37 0 8 167 41 79 117 131 84 14 66 85 178 60 69 70 19
    79 168 55 196 232 248 100 54 184 241 145 235 53 226 52 149 73 11 6
    47 187 216 64 60 235 71 247 25 104 109 187 57 162 121 103 130 198 67
    238 50 123 191 178 29 205 121 176 193 251 140 62 126 41 126 142 180
    105 163 221 102 61 188 199 88 7 32 92 132 33 111 204 203 49 31 111
    214 185 172 22 68 192 8 38 247 191 106 37 198 233 18 105 114 97 39
    231 57 59 43 19 191 189 197 34 228 230 177 160 214 92 17 231 251 131
    18 130 104 65 154 192 204 234 11 132 206 47 61 231 134 197 158 133
    16 17 205 234 190 191 30 174 65 195 204 212 56 170 89 45 15 92 119
    100 25 125 238 112 102 15 69 6 142 11 68 251 226 209 38 143 249 186
    244 36 253 165 245 219 137 142 226 171 179 251 251 244 83 23 233 3
    222 198 29 94 37 101 126 53 214 104 108 15 37 139 80 215 166 149 4
    180 102 97 178 66 187 67 77 13 93 72 232 121 104 239 215 138 125 199
    211 14 170 178 209 48 192 141 127 182 18 5 100 134 4 234 68 78 173
    219 126 174 179 159 97 211 135 143 213 96 201 185 12 70 234 217 181
    118 90 173 227 138 76 35 50 197 170 184 254 237 118 90 108 174 67
    219 10 49 102 161 216 163 10 105 137 228 113 102 85 57 103 103 96
    207 118 204 178 211 187 91 48 212 71 135 171 133 161 32 64 110 68
    205 93 156 179 188 176 48 108 46 143 175 90 217 86 118 164 120 214
    140 31 146 37 116 89 86 45 151 54 242 177 88 103 178 129 197 197 37
    106 228 217 52 194 219 142 94 236 198 142 40 217 215 70 188 2 181
    248 61 116 23 200 203 16 14 135 184 108 8 67 43 120 158 100 2 21 63
    178 106 6 167 216 249 124 240 254 220 159 23 193 121 107 26 28 28
    176 157 182 149 66 104 175 225 50 147 151 207 110 228 255 61 130 179
    181 241 84 136 161 14 104 174 23 225 139 35 39 193 223 82 173 190 55
    39 44 215 218 235 83 34 158 145 202 214 150 150 101 193 223 79 103 6
    106 168 87 159 107 61 217 71 140 38 22 49 58 227 229 221 12 235 185
    220 3 120 74 212 247 155 25 94 94 81 246 11 121 163 120 42 204 194
    78 206 115 226 203 61 102 179 229 44 113 68 96 199 26 3 147 127 36
    205 173 138 242 240 176 120 155 180 31 102 181 74 67 79 88 234 23 60
    9 0 20 209 129 135 72 219 225 82 186 184 190 206 87 119 8 203 69 66
    96 163 240 190 64 135 120 249 219 109 235 92 193 131 125 207 217 220
    116 99 70 131 148 110 235 8 61 63 174 122 229 87 236 221 140 43 139
    1 163 191 238 15 103 185 11 6 151 78 244 60 187 81 245 128 36 70 81
    104 216 62 54 33 191 140 188 98 138 34 1 145 86 210 27 170 50 122 52
    7 96 46 145 186 212 142 55 223 28 103 126 111 125 242 40 149 3 223
    64 218 207 120 40 247 135 167 226 100 227 39 137 137 248 228 121 132
    74 198 181 110 244 63 117 155 48 93 183 242 211 71 195 105 139 34
    178 166 252 119 21 245 162 251 230 40 170 245 220 182 20 59 34 228
    227 95 110 193 200 45 123 155 179 243 78 117 207 145 38 21 252 70
    151 153 197 211 226 44 28 9 45 3 111 9 179 19 121 181 9 223 139 51
    112 107 232 101 206 197 44 255 191 199 194 232 210 56 78 146 177 193
    107 68 208 4 140 8 193 244 221 108 247 244 26 82 126 16 36 156 161
    208 105 122 140 2 217 154 250 14 159 175 139 213 175 212 6 171 245
    45 169 0 117 129 133 192 251 91 182 90 141 169 39 150 150 69 200 221
    246 83 65 30 28 87 160 66 55 2 46 73 197 46 204 186 121 179 129 227
    140 219 99 35 69 178 223 131 166 37 250 129 64 6 16 100 209 129 213
    34 224 49 2 185 135 8 71 123 180 121 179 221 119 179 234 219 124 202
    215 163 138 174 129 163 10 205 103 204 165 253 92 228 179 226 138
    235 241 180 151 248 85 34 158 68 30 187 111 145 229 23 166 66 250
    189 29 28 147 129 200 202 250 174 97 220 21 247 165 102 161 248 232
    44 53 43 105 100 163 254 104 189 243 185 14 244 73 217 245 28 9 106
    67 82 142 245 239 52 175 46 13 43 64 17 248 255 159 218 219 86 255
    184 122 55 118 84 81 131 125 142 173 227 133 53 252 170 6 8 16 23 77
    76 3 137 166 255 242 21 56 77 18 19 36 131 164 40 24 127 126 109 48
    174 104 224 124 5 113 7 43 36 170 82 176 95 110 156 195 23 202 39
    255 254 195 13 28 52 155 68 174 36 116 179 3 16 18 198 168 187 167
    63 38 215 137 8 47 90 170 163 124 88 96 7 115 246 52 17 199 66 212
    60 54 34 198 189 145 232 62 255 251 22 27 184 85 27 59 114 122 196
    83 22 252 101 12 61 111 29 151 124 205 51 205 79 233 138 80 73 168
    20 151 55 81 244 83 181 220 253 153 90 22 57 42 96 188 89 255 201 61
    236 49 54 77 52 51 107 30 154 186 168 233 196 57 38 154 88 93 166
    199 113 224 187 240 5 17 140 132 254 53 186 73 41 216 49 190 65 242
    31 230 202 250 92 166 119 215 123 187 216 179 197 38 46 243 59 48
    173 105 77 159 192 12 61 241 141 47 11 198 54 66 117 69 140 87 133
    106 87 90 223 40 60 185 93 227 163 238 177 253 214 114 212 54 122
    110 98 213 130 225 194 251 224 69 188 112 146 123 163 92 88 151 108
    29 56 65 66 253 232 175 31 237 134 123 242 131 46 14 41 9 47 235 91
    201 56 103 253 218 138 151 219 246 119 254 127 95 255 207 18 17 236
    96 136 133 243 128 113 127 155 48 151 132 54 90 110 63 179 179 15 43
    21 218 170 159 109 131 239 123 87 85 214 1 156 177 247 181 57 91 136
    188 163 157 22 116 60 248 199 177 136 141 37 238 199 220 16 20 66
    237 241 81 95 24 231 40 203 88 75 78 60 249 230 219 49 81 24 171 70
    83 166 94 145 62 215 248 226 20 18 47 174 88 180 217 176 236 205 207
    99 236 255 82 59 118 73 20 102 233 152 196 114 192 1 36 63 106 48
    160 65 32 102 75 90 246 203 243 16 8 128 127 202 116 120 230 137 71
    56 127 76 136 17 238 86 188 118 186 208 139 126 195 239 23 4 48 142
    91 206 158 81 88 249 71 20 1 211 10 140 38 96 239 160 188 156 175
    220 168 145 204 214 254 108 170 238 120 216 155 237 140 14 197 249
    115 182 3 137 62 94 180 23 213 219 156 115 45 143 139 181 12 148 1
    84 192 146 80 163 207 79 156 248 66 169 71 243 138 30 148 191 29 56
    120 227 73 85 79 1 205 88 160 76 169 236 82 116 187 232 167 220 250
    138 97 108 233 103 13 46 172 126 37 175 127 218 111 80 169 86 246
    220 234 3 186 62 51 255 162 223 212 108 111 55 35 131 121 66 170 83
    212 249 76 47 242 101 236 201 183 217 20 3 52 72 218 206 68 228 59
    166 88 228 239 124 159 33 136 185 202 33 154 171 189 64 182 3 112
    108 18 77 97 6 209 85 48 177 61 4 178 57 246 115 109 231 216 102 155
    111 62 226 106 228 121 254 38 107 146 213 53 249 70 28 136 244 74 8
    36 231 97 88 243 157 28 26 178 222 180 178 28 185 79 68 122 134 226
    218 35 148 30 177 17 247 89 239 56 180 255 20 70 29 145 54 96 32 148
    88 238 122 216 234 97 69 118 10 2 22 14 20 114 204 178 159 255 174
    140 53 205 51 201 50 224 216 68 86 24 150 238 142 90 51 237 92 238
    84 224 185 94 39 74 212 16 60 128 108 36 239 8 234 32 91 231 187 168
    137 25 31 121 255 201 109 102 54 159 156 168 112 210 77 9 99 2 125
    98 123 18 49 184 251 198 214 63 11 252 184 95 191 248 78 51 47 124
    27 39 24 60 107 113 34 240 65 22 208 126 202 212 151 199 184 105 231
    11 233 202 192 250 18 41 226 12 186 107 78 117 178 107 253 167 254
    14 27 243 155 232 67 89 74 111 126 17 122 218 191 253 117 135 248 31
    154 57 243 255 197 123 173 138 95 4 82 199 245 78 192 34 26 163 159
    65 71 84 104 193 115 165 198 171 162 228 151 98 243 140 202 113 129
    9 212 61 116 167 12 39 215 30 193 60 215 70 63 19 78 10 177 42 177
    161 194 77 251 215 22 186 108 78 151 180 16 9 69 50 179 213 66 19 54
    229 12 201 7 90 28 162 70 127 155 254 164 165 184 211 120 146 134 71
    129 109 189 238 184 61 218 196 63 48 47 110 30 105 229 51 39 180 215
    23 228 53 4 169 188 36 60 117 249 16 184 164 120 63 183 116 39 252
    246 234 66 90 240 247 136 126 98 172 210 196 173 166 182 255 190 60
    7 251 196 27 128 149 102 12 103 10 64 13 229 175 229 171 232 191 50
    184 124 73 251 114 129 152 94 147 141 191 234 69 138 35 218 205 198
    122 6 25 124 168 19 74 15 2 181 45 77 68 100 26 59 29 154 97 91 160
    111 220 142 235 105 196 164 213 239 255 167 2 208 240 134 101 111 64
    41 236 27 78 76 243 253 237 214 72 116 76 159 139 40 24 248 133 216
    77 69 102 185 21 225 181 66 218 228 25 97 34 245 217 144 247 217 214
    147 204 11 239 84 49 24 119 217 7 128 109 75 38 237 99 103 164 182
    27 36 188 245 84 87 17 23 161 0 106 103 21 204 95 62 134 99 29 113
    165 244 24 83 218 215 224 95 206 124 124 81 148 24 204 246 216 247
    234 76 244 9 129 12 55 107 134 129 98 143 95 193 225 201 230 56 5 90
    249 218 147 29 246 49 7 200 145 164 210 80 56 0 134 87 184 188 121
    217 60 3 228 152 66 28 208 228 249 94 143 227 214 67 125 202 175 164
    117 56 184 152 180 134 133 17 37 38 179 108 148 125 216 210 223 154
    217 165 54 56 187 146 219 242 42 232 217 224 198 39 34 203 66 229
    123 152 26 221 184 254 151 120 253 157 33 67 180 29 157 13 84 245 4
    59 253 164 240 5 153 179 178 54 84 199 216 174 103 238 67 76 29 113
    191 92 79 83 80 224 168 58 188 53 209 157 230 236 25 164 148 242 67
    37 37 117 4 109 149 239 183 203 147 74 56 206 234 99 195 90 5 253
    212 41 48 147 105 116 150 0 108 65 119 33 63 56 27 39 34 96 197 13
    165 244 44 156 121 251 82 150 53 214 182 168 67 121 203 236 101 139
    239 82 26 64 190 235 23 39 11 15 5 25 209 177 161 112 169 221 198 64
    58 139 76 33 0 143 235 152 152 251 202 98 153 171 235 25 226 248 4
    249 22 216 49 239 134 108 103 13 96 146 239 241 133 90 150 43 141
    245 55 226 16 145 28 170 202 19 133 191 67 175 133 37 162 24 53 237
    135 104 218 240 248 117 51 70 225 187 56 214 229 149 81 199 202 106
    62 225 74 173 186 168 216 159 240 247 135 101 253 246 66 171 208 88
    217 216 33 47 25 135 181 217 156 103 49 89 222 34 129 9 182 40 167
    74 88 109 71 31 241 221 236 181 189 32 245 31 16 225 41 226 7 92 153
    9 27 223 157 247 169 25 102 210 97 155 158 172 44 150 46 21 15 70 29
    20 186 233 119 245 30 102 89 190 17 137 102 33 60 170 199 224 72 116
    201 35 211 119 135 133 80 76 66 162 51 55 70 195 2 72 252 98 97 245
    141 211 237 0 76 228 191 151 204 238 98 242 15 176 145 177 10 137
    131 13 128 82 201 122 91 126 95 1 134 143 14 179 172 70 97 195 156
    183 23 242 21 29 201 173 48 45 8 251 198 47 33 63 164 131 237 209 71
    88 195 143 247 249 207 117 220 30 252 94 130 238 42 96 196 89 3 90
    123 180 85 36 106 38 179 121 33 132 44 80 172 155 248 74 177 146 252
    78 232 148 218 156 226 197 207 89 142 183 92 22 32 154 164 205 137
    192 151 179 185 224 131 148 146 204 188 0 81 251 110 98 23 57 44 21
    193 2 235 161 235 211 69 239 82 234 134 197 64 193 23 230 30 232 244
    122 63 167 214 145 42 152 204 92 232 61 152 110 185 80 248 135 115
    144 176 215 103 86 233 44 219 168 8 218 14 116 21 191 155 82 152 181
    176 67 86 53 164 59 244 73 216 134 175 23 238 181 223 132 73 13 162
    32 142 94 72 111 236 172 251 73 174 174 177 209 223 61 14 188 200
    180 180 231 2 196 140 226 82 220 122 86 96 199 222 103 225 88 74 154
    241 4 95 3 129 158 140 37 132 246 205 213 214 50 70 175 146 53 101
    160 9 245 144 176 53 208 44 149 110 198 135 104 189 163 196 140 119
    230 224 83 31 95 179 199 69 88 194 236 62 88 92 186 91 81 148 170
    221 248 93 231 240 26 182 92 25 48 244 12 194 234 49 88 71 245 9 130
    153 59 61 104 89 87 49 33 156 245 176 124 178 240 120 255 172 138
    134 228 125 89 242 172 190 193 112 117 170 164 203 150 131 124 90 76
    23 36 39 24 84 222 47 136 56 17 241 2 9 108 235 87 127 246 10 203
    145 147 67 50 181 187 72 166 26 61 183 89 22 19 111 56 219 250 33
    130 54 17 245 83 213 177 181 23 201 131 179 157 3 196 110 210 248
    196 202 203 62 2 47 229 250 244 148 132 44 137 82 32 254 128 170 16
    160 57 101 132 158 109 198 143 32 58 105 228 229 120 226 118 132 198
    114 175 0 162 5 107 111 245 0 228 16 120 12 157 213 66 244 221 117
    242 24 132 75 77 195 168 14 230 18 76 199 98 205 24 185 245 246 197
    14 64 64 5 244 44 178 32 110 168 123 163 87 210 189 87 62 34 179 127
    217 237 148 21 35 93 8 172 200 202 226 220 166 246 81 163 50 58 162
    108 64 115 133 91 212 78 224 244 45 1 43 110 15 97 171 190 238 135
    192 142 67 149 141 196 232 153 43 156 139 142 234 84 173 58 239 89
    108 114 244 97 186 65 150 123 42 143 12 171 26 255 8 237 248 137 69
    90 188 179 245 132 10 113 232 232 105 58 48 255 234 187 42 152 82
    189 98 94 162 46 207 121 140 126 133 166 193 243 185 91 104 182 128
    20 115 50 28 144 206 53 203 110 156 195 47 67 23 67 87 199 36 108 42
    148 254 9 164 111 114 102 117 225 177 164 132 71 70 112 15 241 151
    169 153 25 185 169 129 90 61 95 13 195 185 84 33 170 61 26 189 87
    123 7 134 192 180 198 122 174 190 225 160 76 162 111 137 124 65 214
    182 182 175 123 194 2 20 223 172 250 135 137 158 237 230 29 175 42
    41 136 109 117 45 99 106 85 12 118 116 236 197 118 251 69 49 49 135
    242 238 205 57 152 12 26 166 117 21 89 33 113 114 164 1 7 186 211
    106 62 176 134 158 17 108 68 30 224 134 95 78 253 171 93 79 95 129
    110 10 21 48 176 79 97 162 194 118 142 68 139 35 178 140 15 33 100
    12 74 128 210 103 90 178 15 196 195 102 105 51 28 45 248 180 121 109
    226 118 131 76 114 13 227 111 147 233 81 54 238 161 51 28 191 42 226
    175 242 136 183 253 144 149 61 177 157 38 183 1 192 196 152 41 165
    201 247 32 188 250 153 188 107 180 54 222 239 74 33 155 140 94 148
    191 69 127 62 87 235 210 106 119 155 67 44 222 222 162 209 10 3 27
    64 122 172 250 45 41 245 173 156 42 168 71 158 144 32 26 143 103 145
    137 206 92 65 184 95 54 138 101 252 205 122 134 208 136 239 241 235
    11 220 194 67 76 165 54 180 78 101 120 187 88 174 212 14 188 228 45
    177 81 88 229 35 151 26 220 247 200 127 217 194 160 242 8 111 35 33
    138 7 70 1 127 49 191 204 253 51 25 39 24 201 229 239 161 59 144 30
    117 152 242 133 168 126 221 6 199 24 222 89 163 50 227 77 203 107
    183 156 7 25 86 136 119 45 188 39 212 245 108 79 2 185 6 67 196 56
    82 252 119 31 101 192 125 96 21 154 175 181 122 218 46 162 137 208
    134 24 71 172 229 190 117 220 217 139 214 158 172 8 166 164 114 6 50
    0 106 243 41 0 198 2 12 210 237 91 109 88 41 227 212 193 199 144 0
    219 54 215 241 234 58 16 85 206 41 133 179 6 21 141 174 244 151 51
    11 38 48 23 210 184 84 189 224 208 242 42 228 188 251 178 160 105
    163 221 110 48 43 134 149 157 105 67 70 214 214 27 119 114 218 247
    221 129 20 183 42 135 193 18 83 184 179 55 17 108 234 131 1 177 37
    21 116 15 23 110 118 54 238 121 216 91 41 4 254 19 135 120 175 26
    141 241 18 107 198 142 186 165 210 2 15 249 138 21 17 75 44 107 121
    120 213 86 207 241 161 55 236 203 251 42 217 227 184 18 159 99 107
    175 174 32 1 0 153 8 156 180 234 152 19 187 189 87 160 227 183 210
    29 75 171 177 107 119 54 143 214 249 237 95 219 189 115 29 67 102
    220 38 107 82 52 239 132 187 238 169 106 73 73 227 74 53 32 158 250
    248 122 75 126 194 242 143 149 36 230 182 170 221 100 9 122 163 219
    77 246 154 238 110 38 61 73 89 61 179 110 23 48 166 59 68 210 24 34
    56 70 220 198 46 227 154 156 246 74 16 61 101 226 6 10 51 206 227
    215 226 237 233 183 42 213 25 242 207 185 31 74 156 71 206 86 149 54
    5 49 138 20 40 9 132 91 1 201 117 183 206 206 82 127 187 69 207 37
    73 201 140 110 10 64 248 40 205 32 32 120 253 49 30 240 9 169 66 232
    26 202 8 20 8 9 32 252 3 236 35 73 74 215 230 176 170 239 104 32 115
    136 41 47 8 124 30 3 247 217 219 92 131 86 176 148 76 3 161 140 178
    41 116 194 45 68 214 191 247 190 95 118 164 12 103 167 195 250 15
    211 252 123 235 172 91 9 213 65 132 127 4 18 30 181 207 242 199 126
    2 131 72 63 142 251 237 43 202 167 227 116 37 24 23 192 60 188 177
    169 187 125 198 137 12 109 243 225 107 77 60 242 35 43 188 88 236
    157 139 172 165 177 166 142 139 185 34 64 188 206 165 202 114 76 226
    71 238 223 247 86 219 207 142 50 34 121 48 215 100 191 33 23 111 99
    157 190 0 59 89 102 205 248 36 191 184 199 91 249 66 26 117 91 29 52
    199 51 198 86 194 82 70 194 21 192 163 106 117 218 60 215 52 209 15
    115 232 134 9 73 35 205 54 236 168 220 232 21 41 42 213 218 37 131
    247 40 104 30 178 67 223 83 9 234 48 212 82 173 246 213 13 104 155
    165 229 9 254 147 15 128 178 237 241 139 178 235 91 113 230 15 64
    242 202 174 45 100 199 252 0 51 26 228 232 189 222 140 42 255 109
    253 237 222 233 115 144 171 108 98 252 166 110 7 222 158 91 172 139
    23 219 89 143 27 2 87 19 223 16 222 158 165 249 212 86 230 5 134 162
    213 254 81 197 228 102 197 22 75 123 244 43 255 176 196 88 146 64
    130 73 234 129 17 232 47 243 202 197 199 24 148 119 211 129 36 146
    244 190 131 162 210 94 193 55 124 200 126 88 220 234 16 41 64 252
    112 103 18 41 137 247 228 161 250 165 54 169 139 15 214 99 34 51 171
    205 176 60 164 35 28 53 163 30 24 213 93 164 103 76 176 131 35 106
    43 135 183 19 14 152 242 16 73 7 216 136 105 185 167 118 67 2 203 92
    106 220 90 11 49 62 219 220 49 54 175 58 143 36 7 177 232 254 131
    109 185 109 126 121 5 209 24 70 155 168 216 19 197 236 200 121 7 60
    35 165 52 218 104 23 190 167 105 41 171 102 116 232 51 191 125 44 7
    131 209 180 168 168 184 71 2 75 31 39 168 89 69 76 16 121 169 194 13
    252 85 185 205 63 204 217 11 245 210 125 195 158 233 71 153 33 134
    155 23 155 158 180 159 102 165 109 93 222 108 55 44 8 117 127 94 134
    78 21 179 136 194 207 186 232 44 121 241 234 254 88 205 226 160 205
    197 31 190 254 141 50 152 234 160 194 56 5 112 1 89 240 232 165 168
    174 87 239 232 135 50 158 111 59 184 210 162 94 231 59 196 254 214
    214 114 184 62 85 72 195 42 58 233 86 146 240 78 84 18 81 83 202 204
    72 244 66 138 251 250 35 43 24 248 78 11 159 130 196 114 92 228 72
    178 228 72 23 233 10 199 23 153 233 233 100 186 0 47 50 43 140 191
    226 93 16 239 69 72 79 111 41 142 217 138 48 198 128 174 217 112 33
    106 172 72 145 186 84 7 6 98 157 181 168 11 164 235 131 219 95 243
    241 127 96 101 208 81 143 39 10 56 187 252 56 177 206 230 82 134 119
    196 11 87 156 67 250 22 254 235 184 197 229 147 70 118 144 111 10
    231 6 180 174 118 67 171 246 47 237 58 113 196 109 202 11 189 52 100
    15 25 44 65 120 174 70 173 7 20 246 136 184 221 27 225 34 30 237 230
    16 15 147 236 130 169 112 49 99 239 90 12 239 4 111 167 102 197 10
    68 220 41 57 217 204 254 138 70 160 1 208 168 149 14 137 179 228 126
    92 150 56 91 228 108 12 14 201 212 41 95 213 142 2 8 145 9 9 40 195
    232 128 233 152 43 220 79 124 46 76 32 40 213 232 150 214 151 176 67
    137 156 158 47 23 238 21 178 255 163 196 125 231 91 140 5 242 142
    212 94 44 132 132 138 49 147 19 43 40 95 17 120 163 208 23 189 70
    190 40 77 222 100 196 31 225 93 34 94 32 205 210 40 18 253 183 243
    22 43 18 139 150 198 31 76 224 204 207 248 102 66 74 201 218 243 244
    172 253 155 182 113 79 14 112 50 34 43 159 201 71 224 44 44 187 85
    121 209 181 19 192 134 5 45 204 135 176 33 73 178 69 204 225 140 77
    167 174 156 247 239 21 246 81 226 96 6 60 89 223 207 230 31 47 154
    208 7 91 178 70 146 71 45 181 33 139 238 231 219 235 238 51 197 107
    88 128 18 181 248 196 132 120 160 91 250 117 93 234 116 110 166 221
    125 190 7 119 152 228 170 116 110 175 232 153 240 212 34 44 33 167 4
    174 56 246 187 220 143 222 22 208 195 188 51 28 91 118 203 65 16 235
    117 164 206 195 63 159 104 68 99 64 13 24 90 23 30 19 117 130 173
    104 254 57 143 181 127 127 9 54 161 204 253 224 11 214 17 120 42 49
    91 197 214 43 88 55 200 173 112 27 100 64 126 95 154 35 13 97 104
    229 199 46 85 240 58 180 217 125 134 127 135 142 24 221 159 163 246
    120 221 105 112 61 163 123 4 122 91 250 173 16 163 134 84 41 43 247
    167 103 230 102 206 164 221 88 249 200 222 177 78 221 223 29 97 172
    1 112 212 130 145 134 4 115 16 134 196 82 153 73 254 40 60 235 78
    149 20 226 145 133 217 252 213 53 17 49 17 206 25 31 9 114 118 143
    92 162 25 79 183 47 140 160 88 13 171 206 69 28 47 93 172 170 41 113
    192 228 81 131 223 145 165 133 69 201 25 173 117 8 108 157 221 106
    36 2 81 70 202 39 123 225 26 143 24 46 26 200 89 142 134 19 253 226
    63 206 115 228 120 202 230 90 95 17 97 190 209 128 9 160 136 7 60
    209 91 184 234 152 146 90 193 15 57 63 203 177 165 185 177 97 126
    250 191 191 76 223 28 207 15 146 32 143 35 194 73 114 64 28 93 54
    240 154 35 132 176 134 22 196 218 136 106 132 102 6 226 250 1 176
    207 24 236 87 181 132 111 10 57 171 122 222 68 89 39 134 201 180 136
    36 234 32 207 2 14 66 213 34 126 88 11 169 222 102 115 246 150 183
    216 69 66 255 92 246 200 187 81 155 74 197 238 145 2 246 114 221 107
    211 161 35 119 214 39 127 18 253 84 145 118 236 235 189 233 47 161
    181 181 141 85 168 107 167 208 144 163 122 118 215 237 208 152 222
    147 240 6 158 221 102 86 79 137 85 200 132 245 170 141 186 26 96 179
    253 170 61 121 210 8 189 111 238 80 11 137 151 254 169 161 26 60 38
    130 7 29 231 117 66 27 47 102 48 172 244 76 104 57 12 227 218 138
    229 195 249 201 123 163 132 14 47 236 135 3 120 125 74 105 78 219 98
    15 169 246 247 194 85 145 149 252 184 9 7 142 129 248 63 222 34 148
    18 21 203 239 229 61 41 22 27 22 111 204 189 190 5 160 57 198 189 71
    84 249 69 204 196 212 100 11 113 121 138 114 193 241 58 108 147 150
    92 235 81 161 249 222 223 152 77 78 175 63 64 144 82 185 34 251 131
    232 21 212 89 144 138 213 42 203 204 120 49 73 250 104 221 28 72 212
    190 12 42 198 65 101 46 1 230 228 32 160 243 31 141 31 72 188 242
    174 179 185 155 232 206 241 152 19 66 144 190 220 12 45 122 212 131
    170 52 24 7 74 71 252 131 155 198 105 218 249 79 175 4 168 247 217
    180 254 162 44 18 114 135 168 212 94 30 164 81 161 116 129 255 174 5
    243 5 125 47 71 36 127 24 173 191 132 3 171 159 163 84 101 214 161
    139 162 230 41 247 222 2 25 21 8 193 101 51 105 22 13 177 6 200 219
    103 169 166 26 194 164 126 203 3 131 63 130 158 89 55 145 28 97 1
    176 182 50 81 251 157 71 63 173 120 102 130 232 169 155 64 162 233
    84 199 58 146 47 77 156 193 249 86 82 22 222 11 224 17 212 155 158
    104 212 138 246 54 191 246 240 108 227 242 34 103 89 174 204 162 70
    159 85 7 253 226 8 6 23 120 128 167 80 176 248 20 225 192 3 132 232
    167 113 31 233 153 123 192 229 1 46 8 238 7 138 38 159 241 245 109
    197 47 140 11 213 136 15 174 144 97 35 222 87 165 86 135 143 97 37
    155 113 143 158 145 37 238 235 92 195 69 160 222 84 179 85 26 111
    224 64 133 87 60 46 40 86 216 196 21 189 114 122 173 210 167 198 138
    154 87 144 163 43 201 252 122 88 209 220 87 28 140 128 15 59 249 75
    65 171 235 230 122 20 26 143 0 118 227 198 158 78 73 80 104 197 3
    166 83 211 239 147 162 28 129 144 77 186 112 30 109 233 134 197 65 3
    226 10 74 222 160 88 224 241 2 27 248 219 184 13 46 10 131 130 177
    170 174 228 131 96 243 114 238 66 211 33 41 227 44 125 132 195 125
    255 176 41 100 20 19 201 25 66 171 72 55 133 99 80 113 95 104 247 14
    190 191 73 104 53 89 77 230 80 63 177 153 173 93 108 128 44 83 18 39
    210 10 62 49 103 15 45 42 211 186 208 212 145 253 57 147 89 225 96
    218 89 218 153 58 28 223 29 145 39 25 42 121 39 239 176 136 32 53
    125 219 90 179 220 149 181 115 248 91 28 109 81 15 233 140 115 105
    196 72 51 66 101 176 162 153 171 5 159 107 9 255 119 85 157 36 228
    161 203 141 150 250 44 36 169 44 20 83 108 161 186 228 150 47 219
    197 167 76 174 97 28 231 105 157 9 229 31 121 51 255 173 190 148 148
    126 103 152 207 186 167 16 36 88 134 152 25 250 87 138 110 89 54 197
    192 131 238 208 206 224 193 145 53 61 207 88 244 203 38 146 47 20
    142 157 129 188 165 38 131 230 230 142 120 202 224 167 26 98 47 27
    109 56 251 89 121 253 209 63 6 88 66 163 39 253 254 191 72 170 197
    206 21 14 121 230 107 91 218 104 199 73 181 144 163 85 67 24 112 213
    47 132 75 227 127 199 155 243 136 87 230 190 40 62 140 191 230 78
    122 124 209 80 163 29 219 73 198 36 129 32 241 143 156 90 101 250
    155 25 249 241 165 32 151 48 43 80 199 34 76 50 125 1 35 13 197 155
    122 179 213 110 63 167 212 234 204 92 247 4 44 171 120 52 106 144
    141 123 245 133 88 255 27 182 93 252 101 137 87 9 15 178 33 212 216
    222 236 179 74 103 75 134 172 171 147 49 75 133 182 108 194 138 53
    122 174 45 234 249 172 51 36 151 73 70 18 49 75 120 108 146 128 142
    204 28 224 102 150 218 71 240 181 32 3 171 119 96 81 49 68 41 154 16
    55 244 137 123 124 67 119 158 43 210 17 131 182 156 56 253 205 56
    180 40 184 9 2 209 80 52 151 191 230 180 128 31 255 237 95 15 18 101
    22 107 209 165 76 54 4 131 101 113 169 92 69 2 96 100 24 221 118 205
    152 199 98 8 221 153 177 172 139 62 245 106 0 2 112 184 82 36 222
    106 15 78 193 39 201 130 15 116 108 242 50 150 162 255 220 74 210 45
    2 206 50 161 20 227 147 192 55 188 212 148 7 146 96 105 138 89 74
    190 99 130 173 78 134 133 23 227 175 154 211 239 212 187 93 168 253
    177 8 85 12 73 179 55 239 248 169 110 197 159 188 14 126 124 242 25
    210 247 233 138 132 57 209 109 141 88 155 193 51 221 128 112 232 202
    222 205 150 86 92 79 230 49 164 53 75 255 68 252 109 82 229 56 38
    173 73 189 200 179 92 134 233 155 235 206 15 69 33 203 168 250 89 28
    61 73 197 27 82 163 136 154 114 22 155 156 20 152 165 163 71 177 16
    211 41 82 95 186 26 127 66 225 43 130 224 175 82 232 32 60 153 211
    219 89 102 51 96 10 213 168 223 104 205 186 129 133 45 54 116 88 76
    64 7 212 69 98 160 222 203 11 219 140 186 117 245 156 23 155 122 191
    19 155 161 239 60 151 163 38 13 0 4 6 58 19 139 136 229 161 254 153
    157 183 192 176 53 177 128 75 193 224 255 86 23 200 159 234 65 34
    165 206 119 91 54 56 107 187 42 202 233 70 253 105 100 84 179 5 240
    146 7 158 119 176 181 200 254 96 222 104 60 185 85 201 154 213 112
    31 115 203 37 97 90 131 241 0 126 154 149 80 248 245 130 22 88 101
    105 156 168 110 203 36 48 31 194 174 95 247 34 54 78 186 223 52 61
    184 122 51 97 157 83 26 99 74 235 65 23 182 217 224 93 68 129 81 153
    55 106 241 140 191 86 183 221 75 5 99 121 220 183 95 213 13 62 177
    46 186 2 8 10 16 77 107 134 30 113 168 63 60 64 14 9 2 167 228 9 81
    88 202 225 12 187 149 79 44 224 22 134 143 135 150 45 66 245 133 100
    149 55 135 50 69 116 236 170 93 186 45 196 149 161 125 243 130 206
    76 242 186 85 248 216 246 173 150 182 182 57 25 89 91 209 38 113 36
    222 69 114 140 56 56 116 18 84 84 65 72 124 239 186 72 145 124 127
    119 206 10 93 94 83 45 99 87 29 94 85 175 65 155 155 114 141 80 35
    126 139 203 93 111 244 37 231 216 225 71 191 255 90 115 249 112 42
    240 128 108 124 64 205 81 54 63 176 249 188 113 241 22 141 181 206
    83 252 50 59 146 3 114 80 152 166 43 198 147 168 139 44 138 201 253
    99 77 144 2 129 99 7 209 131 51 0 125 50 150 221 85 68 89 66 235 232
    180 28 4 226 79 79 108 189 88 152 131 48 53 207 101 62 207 21 50 84
    3 251 214 202 36 85 218 14 244 187 2 156 125 227 61 214 253 128 112
    248 96 225 74 220 130 110 159 247 16 173 147 75 183 181 193 22 99
    164 41 22 97 255 160 106 220 80 105 83 221 154 236 105 39 49 103 40
    193 112 90 195 46 3 208 121 220 229 28 73 254 186 72 47 255 160 143
    84 77 17 122 173 8 136 104 39 58 157 225 216 4 152 26 192 229 191 31
    229 19 98 23 6 25 171 179 176 25 131 62 187 77 152 164 163 213 165
    217 211 173 209 188 55 238 100 120 49 116 179 90 26 19 192 117 212
    26 62 28 156 66 40 139 75 22 28 161 51 85 30 211 212 38 234 245 245
    40 15 227 242 17 49 22 181 49 152 142 30 248 58 22 242 9 234 85 238
    154 25 213 195 22 204 61 115 222 104 167 173 44 89 122 212 176 172
    124 215 146 241 1 111 11 8 99 202 224 239 84 66 54 11 119 60 14 7
    153 184 24 252 200 234 216 20 65 226 242 46 111 70 50 125 116 152 11
    96 146 132 92 154 103 167 242 59 240 55 64 190 116 233 85 194 32 76
    172 92 188 177 126 184 88 129 208 106 44 128 186 149 168 117 66 139
    141 79 162 105 184 127 216 151 16 138 144 188 96 233 56 80 5 244 243
    73 82 118 235 109 62 249 216 47 132 8 182 151 132 107 73 121 229 39
    12 10 24 70 223 54 119 72 122 6 186 187 75 221 16 84 156 87 188 161
    37 231 37 40 61 215 207 144 42 168 76 63 83 3 202 188 129 41 252 245
    2 244 183 5 130 126 147 71 242 213 56 237 254 140 235 154 241 135 69
    205 231 14 211 106 62 25 233 4 33 224 182 3 2 140 179 2 165 82 64
    242 78 164 178 135 168 224 160 76 50 103 24 194 211 48 121 36 79 52
    194 114 82 7 160 32 17 140 139 213 194 38 112 94 57 153 48 88 233 14
    194 133 157 154 52 254 20 222 48 236 218 79 56 29 15 63 196 166 27
    13 20 145 244 91 54 111 74 76 106 235 95 203 181 47 218 242 105 35
    187 183 247 124 87 230 22 47 178 143 144 34 243 74 175 59 165 128 38
    26 72 109 188 163 7 227 178 1 219 167 72 132 43 247 74 188 88 108 95
    84 45 130 223 210 215 209 246 158 23 20 48 97 108 37 117 55 29 222
    222 171 171 27 132 221 48 171 155 219 227 19 231 62 250 189 137 115
    60 136 94 245 250 145 46 59 239 182 187 92 28 87 72 253 97 10 84 200
    247 181 199 206 227 164 55 33 75 229 81 21 54 23 138 182 163 103 85
    163 116 14 138 130 35 154 234 9 217 158 248 113 94 217 40 242 212
    233 78 62 152 166 129 201 252 41 81 126 24 150 211 138 116 12 181
    233 182 177 14 28 37 149 183 181 19 81 41 191 180 90 219 125 178 130
    80 42 127 154 137 221 193 158 104 20 199 254 205 33 54 80 86 138 178
    241 117 246 106 37 7 174 168 188 212 99 229 89 94 1 175 224 156 226
    171 49 105 89 158 39 38 101 10 247 205 141 219 235 80 23 108 139 198
    240 163 96 220 53 113 196 147 237 26 51 199 112 152 6 83 26 25 240
    143 111 251 254 38 109 251 22 21 172 164 196 83 26 111 36 140 87 162
    4 105 54 251 68 168 37 48 248 199 225 173 151 30 223 191 115 94 82
    63 68 209 26 180 236 241 28 5 57 74 106 60 177 63 215 247 88 221 46
    75 254 144 107 184 248 231 175 212 247 213 113 94 241 242 56 116 63
    90 17 45 202 213 200 38 6 112 239 166 197 219 194 164 185 14 246 89
    211 174 154 34 221 17 208 240 114 148 250 125 32 20 197 180 118 26
    133 180 138 88 196 8 159 119 236 110 178 138 32 72 241 203 70 100
    176 140 226 57 169 248 206 95 10 223 247 233 71 206 77 239 91 146 42
    222 29 137 182 56 88 210 186 123 33 31 75 79 231 152 19 63 88 182
    162 192 201 193 177 207 16 160 38 254 115 17 192 138 98 128 1 92 174
    85 95 59 34 223 229 46 195 235 53 205 125 235 190 248 239 149 72 95
    175 211 216 41 208 218 203 120 190 101 89 15 76 216 187 186 120 62
    146 217 177 14 123 98 152 145 7 88 142 16 129 209 130 176 192 16 238
    18 240 86 49 152 131 133 247 253 91 91 31 251 15 110 57 137 245 167
    3 35 106 235 116 250 75 102 165 192 167 71 89 68 219 79 27 87 98 57
    31 8 156 42 255 199 130 64 182 33 134 129 255 93 159 200 188 75 238
    30 61 185 104 226 92 85 187 35 104 108 133 212 174 199 96 118 222
    246 231 142 186 143 244 140 202 164 124 46 216 95 254 202 188 136 60
    80 83 187 90 22 165 236 55 197 228 123 251 126 55 5 23 83 47 138 150
    49 179 114 117 1 23 209 20 76 123 51 191 195 234 148 108 179 203 0
    60 19 84 38 153 124 66 223 32 249 153 117 176 203 186 74 155 76 107
    58 66 101 109 17 204 227 82 16 186 20 111 113 168 20 245 188 220 120
    231 107 5 2 40 80 253 247 53 90 178 33 0 210 95 197 81 83 161 146
    138 70 218 213 136 182 244 93 25 33 254 200 96 74 253 216 28 252 47
    126 109 199 173 121 30 172 25 27 53 205 240 221 156 23 22 189 2 123
    154 180 138 204 116 184 113 186 193 20 171 205 88 199 0 250 54 122
    55 39 35 80 38 82 150 30 33 205 179 168 178 248 33 176 47 129 230 75
    67 190 83 24 219 111 240 89 228 53 34 69 59 120 128 104 173 197 18
    197 70 244 22 152 24 152 177 125 17 30 37 216 86 234 37 36 62 227
    221 223 192 136 219 172 218 249 203 38 229 137 220 185 50 39 235 120
    183 136 225 114 197 218 248 22 22 169 52 64 236 224 34 226 209 246
    174 138 32 63 1 37 17 173 209 252 112 180 47 41 113 21 94 235 227
    242 182 122 217 177 45 29 70 123 246 66 143 96 210 49 146 110 175
    217 74 235 218 46 101 168 216 231 226 80 224 77 249 217 123 130 106
    101 237 37 67 62 28 109 245 181 114 142 12 59 242 117 20 88 98 250
    57 10 51 79 159 181 198 131 81 163 237 4 254 212 40 64 134 250 63
    203 112 12 147 99 114 26 54 22 55 58 244 28 173 116 32 69 117 57 10
    171 84 12 114 97 161 56 193 247 255 21 144 172 56 0 36 216 183 249
    155 82 215 234 74 25 168 223 194 88 73 139 249 182 208 110 166 251
    65 209 249 167 52 218 180 150 54 60 34 137 78 192 13 76 219 203 20
    178 168 206 74 156 15 72 223 80 169 200 214 92 165 133 0 24 156 22
    86 57 250 168 197 79 9 224 48 139 141 119 30 126 107 2 25 64 73 55
    139 231 37 125 240 114 215 100 109 2 73 132 163 238 102 249 220 214
    178 174 151 240 16 238 164 76 69 0 192 197 143 114 232 44 154 189 85
    30 147 67 30 92 65 15 232 115 22 220 73 87 150 156 206 226 3 74 47
    240 102 93 37 166 62 96 151 165 96 18 129 98 77 125 89 233 174 25
    108 134 123 195 65 210 74 53 201 106 202 119 145 148 88 40 69 161
    194 80 7 201 18 27 165 26 131 225 73 192 72 3 44 150 217 39 44 44
    150 75 41 101 107 172 151 0 180 42 8 38 158 91 180 135 67 2 61 205
    65 82 87 150 37 69 61 161 200 211 6 108 65 229 189 86 45 116 211 158
    35 97 96 125 101 128 245 148 69 124 173 172 31 64 67 211 24 80 128
    185 86 222 193 160 75 45 154 251 56 99 226 220 88 48 250 203 185 236
    81 180 139 170 18 249 173 109 191 65 31 249 15 52 182 241 249 165
    154 48 131 34 229 174 196 219 170 6 36 169 126 244 238 178 174 14
    233 68 174 167 29 172 8 173 165 71 163 50 66 218 123 64 194 195 150
    65 113 158 221 56 136 46 87 162 87 47 3 121 188 37 68 129 206 57 222
    69 98 242 20 242 139 242 107 104 12 118 248 21 102 174 145 3 253 100
    138 74 16 204 46 100 90 175 246 2 122 203 190 59 126 214 9 100 27
    187 70 201 247 12 198 203 46 98 183 200 238 240 13 65 49 205 236 139
    234 147 190 64 84 81 235 216 133 80 25 28 208 64 53 94 59 115 148
    212 164 59 60 149 207 50 235 122 108 86 126 91 224 108 33 202 245
    235 65 246 119 100 32 74 186 199 51 92 62 119 234 62 82 160 240 226
    194 176 150 12 231 57 13 16 55 177 246 209 180 250 68 142 165 95 140
    25 85 152 9 52 104 34 250 171 32 190 33 221 171 179 124 32 184 150
    222 51 128 228 195 145 218 230 208 224 121 47 111 30 192 175 124 240
    160 92 153 250 58 212 99 205 176 86 65 254 127 3 143 207 98 128 191
    68 182 217 132 15 53 109 214 33 173 77 179 133 105 10 110 102 51 209
    208 87 201 219 239 117 224 89 252 128 82 179 26 49 70 30 166 76 5 71
    10 175 14 157 108 108 152 216 41 29 195 78 241 72 6 63 39 145 35 156
    29 114 60 152 232 201 9 23 98 219 46 179 191 167 32 34 215 44 232
    243 36 251 105 194 87 11 164 46 253 228 186 17 73 64 88 151 137 47
    119 165 229 205 131 139 87 8 149 143 69 51 191 26 0 157 130 253 17
    251 192 38 250 174 165 91 121 15 62 12 119 152 14 218 165 32 176 2
    25 55 144 235 252 27 179 194 215 148 67 198 233 173 233 134 160 117
    251 231 109 64 131 195 214 181 210 184 182 107 206 129 159 122 187
    106 147 99 191 94 246 200 168 7 212 217 185 178 118 230 24 221 130
    238 114 248 0 117 30 159 117 109 92 186 248 108 8 232 145 216 55 24
    18 38 159 47 158 139 218 77 164 133 151 40 144 162 116 61 21 224 56
    42 200 20 164 93 57 181 155 34 247 66 255 188 234 139 54 253 242 9
    25 210 97 131 236 187 222 235 166 230 218 183 153 97 83 77 107 144
    240 50 42 241 143 130 116 82 158 254 23 218 57 85 62 213 42 158 232
    115 10 155 95 231 179 248 140 74 58 216 25 234 186 230 49 210 169
    241 245 92 184 46 123 186 201 65 78 5 146 206 203 21 191 167 235 245
    41 64 55 34 61 139 136 36 96 6 95 184 95 178 58 168 153 105 112 229
    77 207 3 71 188 149 193 185 148 211 152 92 87 7 88 221 204 232 122
    32 96 17 172 141 22 234 143 121 216 107 241 219 167 66 44 52 128 133
    226 43 166 130 145 93 137 155 157 14 237 47 193 222 95 211 147 218
    219 76 231 152 67 5 156 81 38 12 228 77 141 133 24 88 136 243 213
    173 206 172 110 139 223 184 106 254 75 51 192 67 183 99 131 55 90
    162 109 14 237 44 12 80 25 48 42 138 118 41 6 18 10 85 75 32 12 159
    196 19 226 211 116 178 240 11 74 78 109 164 159 206 85 177 144 41
    213 156 131 88 205 245 131 115 146 75 126 246 252 217 26 241 126 89
    100 129 251 238 86 220 65 167 14 175 176 113 234 119 60 11 49 125
    145 115 79 51 13 25 225 28 222 173 111 33 130 219 60 116 238 80 174
    40 228 239 100 235 241 123 69 75 183 27 56 172 112 205 239 207 168
    85 97 145 10 28 233 239 145 64 99 168 2 211 44 58 51 220 33 28 242
    38 113 2 253 223 80 251 102 207 104 81 26 31 27 132 57 246 109 204
    35 165 165 210 11 33 47 155 170 43 152 223 73 135 38 154 26 75 156
    199 49 123 7 126 91 152 142 91 127 152 24 217 17 225 248 229 111 242
    118 232 150 112 185 36 237 49 31 12 44 87 118 142 115 164 234 115 45
    208 53 175 168 139 22 235 66 240 34 175 94 245 124 78 199 37 188 127
    151 235 10 32 55 126 143 55 118 182 5 32 176 134 179 226 109 201 118
    12 159 17 50 114 102 86 252 60 142 153 27 121 240 118 139 252 198 46
    242 6 251 8 44 53 104 192 178 127 43 143 139 106 119 1 59 129 232
    167 121 233 255 111 24 186 226 166 108 50 86 171 219 178 70 177 230
    154 248 21 60 97 31 154 21 71 230 74 93 117 27 102 36 45 250 221 92
    145 26 202 196 147 37 232 51 89 212 154 51 23 117 103 144 173 60 6
    80 11 186 27 175 149 26 110 224 158 224 13 229 216 27 236 128 17 199
    67 80 159 0 213 74 202 11 134 200 220 115 18 139 148 28 30 247 93
    169 130 59 85 240 30 144 146 146 198 78 229 215 31 236 71 221 122
    207 27 106 209 191 236 251 13 136 193 120 14 18 171 150 177 128 53
    129 203 129 133 114 193 101 169 48 112 77 132 218 118 125 221 112
    185 206 27 20 241 33 1 15 77 113 250 235 248 3 25 154 95 27 96 208
    84 50 38 168 16 38 177 227 213 79 162 231 224 122 109 171 165 4 138
    38 191 126 7 132 214 15 175 108 17 84 168 167 34 92 169 54 14 84 49
    224 160 76 226 73 141 42 64 27 4 182 78 57 182 144 223 114 250 121
    14 22 106 119 167 25 103 36 50 236 215 214 66 116 97 152 165 111 88
    0 2 79 0 28 34 158 100 152 198 142 154 210 164 90 193 133 59 214 48
    250 113 157 250 10 195 27 25 130 16 255 89 146 7 176 63 72 34 1 52
    27 123 199 229 169 57 121 196 216 191 113 85 36 28 80 136 78 95 186
    109 194 62 132 228 56 49 149 221 239 69 61 148 117 141 32 17 192 213
    132 249 44 96 181 200 2 61 17 56 136 143 99 145 89 200 59 119 69 177
    179 217 159 11 45 234 98 236 125 72 197 192 136 134 186 166 170 178
    182 59 96 179 190 69 229 231 88 215 160 160 35 248 22 153 181 208 59
    113 85 78 11 215 8 234 116 210 44 111 146 151 161 186 159 84 170 240
    3 140 124 213 30 58 32 199 13 99 35 106 199 107 251 141 128 186 101
    123 54 129 71 152 142 8 182 45 59 57 8 109 19 183 76 218 99 118 51
    17 142 71 216 112 142 210 190 72 191 153 64 113 138 189 134 140 11
    101 88 91 146 134 129 206 174 247 155 14 238 146 242 46 70 125 8 107
    238 148 135 72 39 149 64 226 57 54 34 147 36 191 187 101 71 246 201
    12 129 37 65 96 69 43 50 51 76 81 3 66 10 216 234 175 128 221 49 203
    35 55 178 101 212 78 240 34 230 227 168 116 1 76 54 230 130 218 226
    26 34 105 152 92 61 173 12 120 143 238 74 171 249 159 201 92 138 139
    31 213 225 29 34 231 46 130 237 89 143 39 19 214 240 50 113 96 59 93
    198 99 210 255 215 18 240 18 205 9 166 119 171 235 22 246 82 207 35
    149 90 242 99 16 223 227 101 175 109 5 224 108 240 127 194 122 226
    201 182 104 32 26 223 220 81 102 60 187 211 35 11 40 170 222 199 205
    148 37 149 247 72 71 84 192 180 106 169 85 60 11 175 57 140 249 3 41
    191 190 12 101 14 82 10 1 144 252 145 43 15 207 209 208 9 26 54 242
    91 116 228 76 204 30 49 15 169 114 152 21 103 46 158 202 248 172 105
    94 244 17 136 35 161 207 219 40 234 252 244 204 46 110 149 212 99 44
    132 139 159 106 214 50 183 61 7 180 223 123 123 126 237 170 46 228
    148 69 230 24 33 169 152 98 255 155 162 146 132 2 11 104 6 251 20 95
    162 141 67 207 116 12 123 95 140 27 40 138 193 15 67 172 139 80 46 8
    215 132 53 92 253 57 78 77 106 200 40 252 121 190 37 236 119 45 111
    222 209 212 52 12 160 234 126 151 36 62 231 200 138 207 212 3 57 60
    90 248 34 129 142 166 244 25 180 69 35 170 161 195 204 233 80 51 66
    19 124 50 214 93 76 211 20 31 228 97 57 63 192 221 88 190 233 39 201
    156 110 226 54 45 31 19 209 222 144 25 9 119 205 101 191 205 16 139
    185 38 242 250 122 196 208 184 244 146 129 113 191 26 40 200 159 137
    251 94 109 70 69 164 58 25 223 125 23 51 10 54 240 46 224 98 73 232
    95 208 190 246 107 124 170 158 117 47 97 86 113 139 205 148 185 174
    134 105 118 85 167 252 215 146 244 82 29 139 64 50 171 30 230 144
    197 75 169 11 24 243 231 246 131 171 72 118 55 50 213 197 242 234
    251 66 26 72 24 11 136 128 47 2 110 226 201 224 88 241 163 37 112
    177 95 93 22 98 107 246 108 41 22 245 255 108 107 229 92 6 196 73 97
    179 58 63 187 174 16 144 252 169 142 121 244 236 6 108 87 235 211 11
    114 75 116 5 43 66 62 60 127 57 228 99 176 150 210 145 98 198 173 24
    12 195 7 122 247 182 157 124 184 102 9 161 117 207 54 237 177 84 82
    120 38 151 142 191 87 38 13 23 6 181 129 109 136 214 230 226 246 189
    163 23 7 92 109 42 190 199 129 119 230 185 54 60 135 105 169 19 219
    198 161 153 38 114 46 187 95 234 73 194 35 60 106 151 197 152 108
    112 173 142 161 102 249 131 20 158 104 94 163 49 30 236 198 178 9 97
    153 68 53 62 24 69 92 127 145 252 141 37 148 220 103 123 237 178 50
    201 62 208 42 143 18 11 145 56 93 81 53 1 240 168 73 255 200 92 113
    137 92 137 21 194 140 203 225 91 236 2 50 92 133 222 66 162 0 103
    204 38 204 250 41 134 16 79 116 247 209 41 40 28 29 103 34 84 108 31
    169 42 32 39 236 190 208 77 153 146 1 134 104 98 221 110 79 196 62
    107 202 34 81 185 0 214 84 69 93 216 198 225 165 196 142 81 84 6 43
    125 120 59 227 196 212 102 200 236 251 225 176 44 88 169 174 208 45
    17 78 202 134 242 32 180 90 3 59 10 66 116 108 234 78 196 91 175 13
    241 4 25 27 195 168 119 120 11 243 51 133 248 126 139 55 116 44 192
    29 90 124 27 1 98 50 41 147 124 196 72 5 185 249 11 98 134 25 177 39
    8 178 215 128 250 112 187 40 41 243 121 142 239 5 99 112 7 19 36 55
    223 52 121 254 90 231 135 16 3 69 177 73 21 155 97 98 207 39 106 96
    103 133 226 132 3 193 71 196 129 11 11 83 157 114 246 14 32 116 29
    129 184 92 113 17 226 71 197 19 76 88 9 194 205 217 98 159 233 225
    178 97 22 40 64 233 135 142 41 120 34 174 38 129 30 246 189 63 89
    170 56 18 80 225 205 1 37 37 136 180 20 167 137 177 28 218 249 87
    131 168 40 136 239 17 78 192 67 58 214 41 154 110 222 115 93 196 237
    27 88 206 120 229 251 87 65 209 52 90 222 30 77 191 72 143 14 76 180
    132 52 86 216 186 107 255 68 13 55 50 253 107 179 91 182 210 185 211
    90 34 117 165 72 150 82 52 238 39 130 87 115 143 213 86 15 213 249 4
    180 130 12 26 215 248 39 106 44 111 246 56 176 93 99 233 65 143 169
    80 11 200 86 212 36 77 173 11 180 148 94 35 238 49 210 248 79 95 99
    253 113 130 119 65 59 205 162 77 105 209 186 230 4 185 103 206 66
    226 83 116 49 243 43 98 192 131 160 150 227 71 171 192 70 99 107 238
    16 149 165 208 118 19 64 69 124 118 101 96 66 205 115 140 159 179
    158 21 228 118 253 251 85 233 243 19 92 236 9 211 97 10 200 114 217
    200 88 42 43 249 216 17 124 219 122 189 134 35 128 30 102 36 118 4
    188 141 94 191 103 203 24 16 162 194 140 199 180 65 62 32 108 242
    164 162 170 135 9 140 0 27 100 216 242 245 37 87 246 191 252 221 237
    251 39 76 77 79 147 222 93 119 56 15 209 113 22 190 149 189 21 164
    36 214 41 137 229 249 107 187 193 207 56 240 180 194 205 40 54 187
    147 93 39 161 6 83 113 169 235 153 72 76 13 161 128 59 255 137 122
    149 167 88 155 113 49 196 102 173 250 59 28 178 51 131 248 122 243
    76 182 70 83 44 237 17 2 241 102 0 82 99 25 36 43 106 248 27 28 79
    89 20 230 126 24 8 121 117 93 232 209 29 181 96 220 15 94 129 119 25
    186 210 53 43 218 60 16 165 158 133 183 13 250 235 201 19 174 20 248
    43 191 155 178 97 142 41 217 105 45 193 60 70 104 136 203 197 83 203
    103 5 255 47 234 138 145 96 180 218 136 28 200 14 221 153 102 144 61
    254 58 85 141 171 169 89 75 123 81 64 144 99 68 92 0 112 251 75 250
    120 155 29 138 204 15 135 77 77 99 133 75 139 177 189 219 171 155
    130 147 94 98 120 17 176 62 235 16 142 117 175 160 182 150 170 175
    85 8 142 215 67 243 8 104 9 97 240 28 119 179 3 21 1 16 229 206 239
    204 194 166 64 144 78 152 124 99 80 118 216 168 210 228 94 76 105
    167 155 17 172 251 183 22 4 127 234 169 7 94 75 138 195 158 204 28
    194 221 123 193 224 10 68 20 234 243 156 131 67 244 177 160 115 22
    135 156 21 136 22 229 94 15 118 22 173 128 214 62 100 220 126 192
    168 163 186 237 193 235 150 55 252 131 23 108 225 147 225 33 65 85
    48 84 107 98 181 14 60 228 29 234 3 122 117 13 38 218 137 198 205 90
    38 157 18 135 150 169 231 77 239 27 135 48 198 58 113 216 209 196
    239 179 179 203 204 121 71 2 80 44 161 25 151 121 84 190 103 160 85
    103 60 15 74 32 201 85 193 42 84 210 128 99 129 148 128 0 254 30 176
    162 159 31 220 39 132 159 183 28 105 167 170 198 110 100 159 196 171
    249 200 89 68 250 38 18 184 255 26 150 63 102 212 141 231 173 230
    112 55 1 165 187 16 190 238 37 1 236 185 202 151 71 143 2 182 127 7
    45 183 206 243 104 34 66 42 181 47 232 93 7 100 10 180 245 203 223
    205 174 91 127 206 26 166 227 56 16 13 197 26 146 81 218 45 53 43
    246 212 142 8 213 170 95 116 22 136 132 245 234 80 17 22 147 213 162
    22 238 109 135 231 6 175 82 30 161 174 232 235 236 176 165 65 235
    255 187 178 191 164 205 145 203 173 17 121 139 156 62 139 251 248
    151 74 188 236 4 164 205 164 87 250 2 25 168 113 38 164 125 124 13
    24 244 22 156 129 193 70 88 138 84 180 253 105 18 77 121 135 214 253
    192 1 73 186 188 254 237 230 19 129 183 147 109 32 178 199 155 195
    144 209 143 150 23 56 200 79 142 176 44 51 6 135 85 152 17 143 168
    66 115 188 208 10 92 161 248 45 181 197 61 210 91 246 253 69 159 182
    117 134 114 250 56 3 91 50 133 189 113 39 50 121 75 51 205 5 95 154
    213 81 37 254 11 216 55 109 54 198 226 165 102 196 181 174 252 224 3
    228 109 150 151 143 97 62 7 181 95 90 133 188 245 27 21 228 222 179
    189 2 49 205 198 168 232 106 213 114 15 70 112 183 25 184 134 202
    113 11 126 58 68 205 140 20 100 231 85 221 91 51 96 195 123 56 165
    119 209 87 6 93 212 239 169 158 231 135 195 169 143 141 230 18 10 73
    144 232 147 191 171 157 250 176 125 2 159 3 197 10 142 2 164 138 180
    137 200 18 129 51 211 18 15 210 32 32 189 68 118 62 98 134 222 78
    176 47 89 97 85 6 184 211 32 159 244 180 148 73 70 161 36 228 24 166
    96 219 114 190 37 239 3 121 233 18 108 170 143 158 57 72 111 99 5 77
    16 131 4 94 19 153 124 118 49 250 232 62 181 195 207 10 30 234 88
    131 19 178 224 59 61 246 175 245 90 181 44 144 105 47 70 171 145 119
    185 195 32 37 65 233 113 245 146 46 167 38 168 103 123 253 198 139
    187 7 150 87 233 255 105 7 102 33 97 79 218 69 0 185 123 200 165 2
    29 120 172 104 44 42 228 114 4 169 141 31 156 161 74 235 229 175 102
    17 230 252 141 105 99 156 210 37 164 20 109 183 94 159 71 114 121
    170 110 35 244 33 216 200 158 170 250 74 244 223 106 173 131 129 137
    224 118 49 220 97 200 94 129 79 199 150 210 148 48 220 154 112 87 5
    84 137 97 193 243 224 196 118 88 33 2 70 194 119 206 118 125 25 2 41
    172 196 232 58 203 98 62 127 135 113 185 73 143 149 194 203 185 11
    31 211 211 244 220 32 235 130 246 47 114 46 245 51 128 149 26 229
    110 185 188 55 77 67 81 57 167 8 51 8 229 213 4 47 15 98 54 56 45
    245 84 17 226 148 183 172 244 206 43 98 194 13 71 188 211 78 9 135
    229 32 89 100 215 75 129 214 5 76 153 180 120 69 160 179 237 87 201
    6 126 211 96 10 71 184 40 252 127 6 100 196 13 64 50 240 101 14 96
    234 73 198 24 153 28 16 228 246 130 93 125 130 83 254 118 118 42 202
    246 33 34 191 8 167 12 26 143 2 103 125 151 27 119 254 61 80 22 140
    222 29 172 231 23 82 192 141 209 51 147 69 220 65 174 102 239 122
    226 254 190 118 198 182 219 160 152 35 36 126 77 217 145 133 47 130
    0 43 234 159 116 243 4 225 174 208 245 152 234 243 83 206 248 6 133
    209 118 152 0 96 40 86 50 155 140 46 57 216 92 38 47 58 105 2 254
    227 96 200 29 171 204 121 93 96 157 222 227 40 105 211 18 246 167
    188 251 202 40 30 130 107 205 198 108 117 214 182 212 147 37 90 140
    201 27 128 205 188 229 80 168 74 170 139 76 121 80 189 59 174 48 133
    219 116 97 199 217 100 12 229 204 162 58 136 84 248 143 141 32 184
    110 53 4 23 174 192 114 239 127 151 34 204 126 124 99 146 44 165 253
    169 112 23 145 142 146 9 35 151 69 177 63 201 15 249 148 136 217 15
    251 135 65 172 200 9 73 192 79 220 228 144 237 133 10 164 15 120 8
    148 97 77 134 193 115 100 151 17 96 107 185 23 32 86 115 31 20 61
    177 29 196 163 246 57 238 62 254 238 16 200 11 237 157 122 133 116
    141 156 34 86 56 205 149 79 176 135 133 30 86 48 45 6 122 15 56 10
    26 23 48 25 194 203 30 126 137 206 42 3 29 28 143 171 42 189 229 186
    60 57 178 111 112 70 25 52 229 95 26 17 143 176 253 129 151 251 246
    58 169 43 40 129 236 236 56 68 94 106 43 25 152 139 30 69 103 134
    253 53 131 201 64 69 153 128 13 118 237 25 17 246 212 249 126 165
    205 60 92 91 78 163 12 108 254 132 111 52 9 107 18 96 235 173 44 34
    146 77 255 110 103 60 10 185 240 255 189 64 255 138 229 48 181 34 65
    41 33 212 236 222 230 92 105 159 2 51 209 125 173 78 249 232 84 202
    190 241 251 150 73 70 74 166 116 110 117 206 59 77 26 170 20 183 158
    194 225 123 223 13 128 203 187 40 96 98 252 88 221 250 6 113 120 203
    246 71 40 26 118 0 64 100 91 38 21 49 137 131 68 18 180 194 218 123
    98 28 218 203 50 153 183 179 253 22 102 238 0 25 106 57 160 231 253
    83 203 235 138 176 75 123 4 159 215 28 130 156 118 252 88 105 30 75
    234 143 102 211 189 44 23 79 211 137 183 244 226 3 23 41 48 242 82
    83 51 126 142 150 66 163 184 195 37 56 150 187 194 212 122 210 130
    78 185 186 216 114 178 2 86 196 155 85 147 119 202 56 101 157 87 172
    148 104 55 104 126 222 38 67 48 230 160 221 245 213 59 72 231 217 73
    204 247 177 11 56 243 152 42 144 117 39 246 92 255 191 119 108 186
    151 211 45 178 184 229 141 189 96 164 113 188 139 241 113 122 138
    240 205 168 204 118 195 148 250 212 120 230 129 48 221 228 66 231
    162 65 139 128 248 70 242 214 69 105 151 74 58 185 10 8 94 208 167
    131 220 222 16 105 174 243 166 24 126 42 118 116 156 57 246 219 100
    227 56 142 104 140 17 57 95 7 126 219 32 40 126 95 82 97 42 57 17 95
    18 95 125 127 25 230 71 168 64 173 146 180 52 214 169 12 211 71 95
    242 114 17 180 113 63 21 222 185 170 201 167 213 200 200 157 64 32
    162 54 131 150 143 93 101 32 8 86 73 151 109 172 132 80 45 100 100
    13 153 199 208 229 232 136 251 26 182 57 184 163 20 254 119 65 93
    170 160 123 161 18 136 58 178 62 6 238 33 153 13 205 165 186 175 210
    119 11 126 189 55 223 242 11 150 3 25 82 126 99 221 30 80 44 190 173
    238 199 46 218 61 25 50 9 253 234 77 221 56 212 24 188 159 57 108 67
    174 93 10 105 86 124 213 251 76 42 114 180 98 54 186 47 182 76 103
    225 21 151 197 31 194 231 227 7 220 91 20 137 63 103 28 253 125 15
    120 212 208 33 227 151 224 172 43 101 42 5 249 245 0 206 42 64 114
    48 220 175 96 85 157 159 231 79 82 193 51 100 190 110 114 62 52 192
    56 99 162 239 229 187 224 141 188 139 44 113 144 0 160 178 189 226
    166 235 104 45 238 79 244 2 249 11 15 0 109 43 92 255 148 112 70 230
    82 38 86 72 176 118 170 225 47 17 4 184 17 220 51 96 129 172 193 34
    54 175 79 10 85 244 220 199 167 41 9 196 234 190 95 253 150 93 65 86
    101 39 92 243 16 71 85 2 158 126 189 250 231 60 131 78 82 94 172 137
    224 248 133 251 205 106 27 103 98 131 186 117 238 30 50 99 5 21 167
    224 222 222 19 200 16 11 114 66 211 104 176 173 187 159 201 117 118
    117 24 178 137 181 163 20 16 221 3 47 195 134 151 79 233 14 157 244
    187 47 108 251 8 230 232 124 114 35 213 65 240 4 55 161 162 200 245
    137 5 180 99 92 107 58 134 213 218 31 194 161 191 115 155 57 172 126
    178 126 100 82 38 254 143 45 212 96 40 34 141 138 96 83 118 131 44
    105 216 239 119 77 111 16 149 20 44 240 157 81 73 230 213 18 246 111
    133 39 160 98 80 21 215 199 250 86 248 25 168 235 165 102 252 46 36
    4 174 112 35 59 210 196 203 82 246 223 25 34 117 200 114 20 24 150
    221 253 73 103 111 223 255 200 111 232 224 181 132 166 230 146 10
    119 66 122 76 85 139 4 242 97 176 35 34 132 186 41 109 4 92 89 78 88
    152 234 140 225 242 181 67 159 167 13 72 121 16 37 162 88 129 119 54
    63 35 148 9 63 255 188 146 196 54 226 179 52 92 139 106 89 101 85
    205 80 195 191 155 194 34 211 149 60 183 118 149 240 254 140 136 236
    200 24 170 183 131 41 209 178 10 138 144 176 66 41 228 32 47 224 83
    71 174 27 111 12 54 73 8 25 20 117 251 142 109 136 75 28 224 123 47
    6 115 164 82 50 147 109 31 211 219 165 147 246 29 228 135 197 37 68
    111 122 178 108 208 252 183 47 181 32 140 36 185 83 240 48 137 156
    187 207 136 7 9 24 126 18 45 210 189 37 58 88 179 68 48 28 255 20 15
    106 76 44 204 71 13 254 167 176 113 133 161 64 54 101 7 247 34 80
    100 249 195 155 210 32 107 108 74 233 154 196 254 90 157 24 27 136
    126 3 116 74 23 208 223 53 163 216 18 110 224 167 222 2 215 177 123
    242 238 127 76 93 212 231 43 49 35 64 3 174 199 191 57 238 6 175 34
    70 101 22 135 240 43 230 205 65 172 10 225 103 211 176 14 150 38 60
    157 219 115 110 68 145 107 124 166 142 56 128 209 199 224 68 225 42
    211 190 83 127 254 229 146 227 166 221 168 215 123 130 216 242 132
    166 80 76 203 108 133 241 157 199 62 192 204 145 125 235 43 1 234
    253 237 160 136 63 54 128 30 122 54 251 171 171 16 123 147 207 185
    27 195 147 11 229 40 13 120 204 42 233 186 68 9 71 21 207 209 87 42
    199 84 36 220 4 212 60 116 100 136 211 242 60 181 85 43 121 84 172
    123 40 218 50 165 166 142 31 6 64 239 113 252 211 46 169 210 183 78
    113 138 165 230 46 173 37 221 225 7 109 67 99 147 32 139 107 92 4
    119 205 254 39 67 168 236 245 214 57 150 151 190 43 96 126 17 64 109
    135 153 136 198 64 82 223 142 167 115 205 239 111 209 100 154 181
    131 201 255 128 9 17 67 36 108 225 131 192 65 133 17 194 217 196 229
    216 245 161 177 185 185 93 49 248 173 67 197 197 184 210 32 51 207
    116 213 139 20 18 8 123 145 217 211 71 195 218 102 53 79 248 65 224
    251 28 212 28 89 162 186 74 232 97 238 95 45 217 187 15 98 146 108
    169 136 125 57 160 98 160 141 198 146 135 11 138 190 30 89 103 0 7
    254 166 178 50 217 223 218 64 212 72 174 172 22 236 8 176 27 83 131
    100 16 235 157 252 86 122 122 170 171 145 57 102 74 174 250 103 185
    129 136 248 252 51 219 8 66 67 176 249 79 178 185 112 55 24 199 146
    50 5 253 100 49 193 135 16 73 157 0 138 207 250 215 29 255 156 49
    119 161 93 88 159 179 126 221 219 22 59 56 111 43 212 170 198 201
    237 39 29 74 179 161 145 90 133 34 36 86 184 73 81 5 217 94 127 92
    244 175 54 115 139 134 236 172 234 131 51 109 150 152 76 254 147 233
    206 212 202 35 47 46 107 167 193 85 82 5 109 69 57 193 167 241 17
    101 160 88 159 222 222 190 225 130 222 203 36 74 196 233 211 218 228
    238 207 46 45 250 208 187 119 51 97 125 24 251 28 37 57 76 185 44
    247 72 187 133 100 243 175 14 107 185 73 229 242 181 40 207 236 226
    217 234 164 220 58 176 183 68 185 181 143 28 189 154 13 228 215 108
    148 115 224 10 242 215 110 116 221 38 241 8 39 49 190 180 250 212
    180 133 28 0 56 112 165 30 199 178 191 10 14 204 80 114 18 193 239
    135 125 20 80 105 131 15 162 187 106 235 176 31 164 164 252 252 67
    23 161 24 41 53 26 217 79 22 142 130 6 145 37 228 82 245 160 111 52
    45 147 71 124 113 70 162 139 175 143 231 123 8 17 21 207 109 195 135
    165 14 120 131 112 81 156 134 248 89 166 191 32 47 219 183 125 210
    129 68 155 107 133 120 107 223 102 51 226 50 159 226 119 197 91 18
    203 17 254 240 233 165 144 197 24 99 216 29 178 50 67 59 192 212 249
    83 19 85 192 121 208 124 133 203 249 199 187 63 58 208 77 79 220 65
    164 220 36 171 237 197 253 92 73 120 189 184 5 204 14 41 210 49 218
    19 96 168 72 2 100 254 211 178 200 143 123 116 155 155 15 37 209 143
    226 95 22 189 214 92 8 30 232 224 64 72 173 10 186 31 142 15 9 174
    242 154 20 208 20 130 11 83 117 76 116 222 139 241 110 35 46 239 170
    58 206 97 218 243 131 154 240 212 242 161 219 55 187 184 64 55 218
    33 39 4 199 1 217 5 206 246 41 98 111 250 114 98 187 170 216 215 75
    191 249 195 38 209 127 201 20 85 68 83 206 197 227 192 127 52 213 44
    67 148 238 225 73 88 158 166 153 190 97 11 239 67 192 255 111 150
    162 162 103 98 217 191 176 115 154 44 236 172 31 43 143 176 112 72
    149 143 176 141 158 85 86 196 136 146 195 185 117 145 42 113 133 98
    216 185 93 138 5 117 57 2 212 143 231 120 165 208 254 12 138 56 125
    178 64 165 81 12 36 181 237 101 90 36 36 104 144 231 106 127 31 168
    244 64 241 170 194 9 159 248 1 114 126 51 209 119 93 224 165 191 90
    15 82 101 213 140 34 98 150 116 123 148 194 84 252 234 88 178 92 30
    142 160 29 16 225 128 162 70 218 188 47 89 175 152 10 224 9 248 2 75
    140 232 129 175 129 172 50 59 48 238 160 254 92 157 157 133 115 172
    145 252 106 251 63 141 195 120 187 198 145 21 252 107 172 188 149 59
    109 212 218 178 239 66 77 181 43 81 40 164 173 137 91 82 210 251 147
    182 247 29 181 20 167 65 127 50 35 187 137 51 210 160 84 109 83 174
    39 53 41 246 104 36 207 18 238 130 120 123 210 122 38 72 119 83 105
    212 3 108 164 31 18 2 233 28 12 41 4 78 0 33 6 126 248 162 167 181
    235 105 207 193 150 100 12 49 126 219 60 130 100 115 212 226 230 97
    211 200 206 190 173 90 154 158 3 3 179 132 78 20 178 168 91 59 175
    132 80 203 199 89 21 125 200 206 174 201 110 19 79 151 169 148 63
    153 108 59 74 115 43 160 16 10 30 88 248 84 82 164 235 36 142 192 83
    196 1 219 123 37 36 176 40 248 140 17 234 202 31 176 6 84 81 221 196
    2 240 64 177 125 75 191 200 242 21 80 41 83 119 214 46 50 146 2 178
    114 104 92 138 148 187 172 244 59 87 225 106 48 36 82 222 47 189 168
    66 30 48 232 201 194 115 179 213 113 120 79 239 100 41 184 255 185
    135 223 44 148 145 184 200 162 147 113 150 110 234 9 212 120 249 0
    241 67 66 169 60 197 29 110 243 2 86 30 126 49 21 255 174 126 100
    132 164 237 23 189 20 215 147 127 10 35 61 45 125 11 29 52 96 55 53
    92 48 84 167 1 74 60 82 87 68 123 87 190 20 102 127 206 92 153 243
    140 185 29 181 91 70 151 199 176 148 36 116 122 214 201 135 190 192
    121 196 102 40 186 196 173 158 133 44 209 38 237 204 253 206 225 231
    32 104 217 48 13 156 126 124 200 212 220 1 79 34 219 14 73 72 19 78
    195 4 20 18 152 155 82 210 120 186 85 197 29 203 241 203 55 15 125
    76 82 153 18 38 80 202 94 35 246 72 140 120 156 145 136 92 239 195
    238 215 205 74 165 222 29 248 57 112 105 41 65 204 37 43 58 131 158
    177 33 219 13 226 35 220 164 193 131 135 100 65 221 155 89 107 243
    33 147 139 17 176 198 132 194 139 97 89 104 214 90 12 10 57 187 118
    59 39 208 207 145 30 245 223 74 95 153 81 120 64 58 124 80 181 221
    205 249 53 238 94 148 39 22 28 107 13 166 35 215 81 62 172 13 8 144
    98 195 92 247 198 254 247 25 138 162 207 93 72 100 28 191 169 34 148
    58 172 136 26 140 106 221 5 55 70 9 205 31 246 188 45 214 90 4 61
    253 175 80 232 142 10 164 233 196 3 183 154 164 181 103 129 243 30
    175 82 11 177 24 119 127 74 81 189 159 110 186 165 160 111 198 138
    105 224 0 66 195 247 58 99 196 71 28 207 147 75 81 240 89 122 106
    157 171 116 106 144 79 208 1 198 45 147 28 199 155 239 29 100 178 72
    14 93 44 119 143 221 168 140 193 112 8 78 38 117 212 143 251 196 159
    183 56 49 169 34 95 210 124 215 112 113 56 159 65 5 153 71 236 113
    103 214 170 174 154 79 104 221 85 105 34 109 195 219 178 172 89 90
    202 80 51 250 54 132 146 135 204 181 195 192 142 127 158 23 103 56
    100 230 188 109 250 129 199 31 230 236 254 251 74 87 253 168 156 97
    58 178 97 104 74 83 171 70 249 91 85 152 234 90 181 20 46 116 140
    148 131 36 209 89 179 238 147 215 148 100 60 30 212 217 185 122 71
    124 253 194 2 190 113 121 74 10 128 42 240 70 245 218 75 37 74 134
    184 73 26 149 132 29 10 228 185 149 225 133 136 167 95 101 171 210
    209 111 188 31 13 101 83 229 123 97 79 202 240 241 114 157 157 65 76
    104 182 157 171 102 202 61 159 229 160 52 99 213 33 13 69 133 61 55
    210 234 167 163 209 168 157 195 72 156 147 62 213 29 157 122 65 7
    198 120 138 252 111 132 224 249 28 198 49 170 80 240 193 184 35 175
    60 128 96 0 224 46 246 173 223 8 60 137 1 38 89 115 128 2 129 210 97
    133 92 42 102 210 49 6 91 200 125 66 9 209 203 185 31 246 125 125
    192 13 230 234 122 226 62 0 148 13 217 35 193 190 99 14 250 59 236
    46 172 54 230 48 28 31 247 49 161 43 254 123 146 188 223 7 125 171
    186 71 201 126 228 232 96 18 250 166 231 220 86 162 247 143 150 181
    212 124 195 164 13 174 43 209 73 0 253 28 35 89 203 141 31 74 35 33
    118 252 43 192 235 226 133 21 236 239 42 216 82 171 104 204 210 133
    36 225 2 115 19 16 207 100 13 62 130 207 9 1 10 184 203 18 59 209
    152 127 255 254 160 204 159 53 99 133 6 55 44 148 51 155 212 190 128
    78 143 213 127 199 129 205 229 156 144 38 167 75 246 169 6 46 95 110
    227 204 206 230 147 82 52 188 105 143 248 47 201 126 131 184 130 90
    38 41 165 225 106 89 124 247 241 90 85 77 98 126 205 208 218 171 2
    245 76 202 176 223 229 139 110 113 248 172 176 76 77 215 209 144 184
    84 198 172 109 155 57 24 251 34 185 184 236 60 5 171 33 188 248 5
    195 135 110 86 100 39 153 117 16 176 163 183 248 140 116 191 147 116
    45 48 15 183 176 71 88 234 26 231 255 32 218 160 3 51 36 170 254 74
    220 182 18 90 26 127 79 42 157 115 0 52 50 184 100 233 46 216 229 7
    81 152 57 215 53 228 190 169 16 127 117 197 89 27 69 144 224 51 168
    14 17 82 168 238 251 90 181 34 15 198 119 240 200 209 158 29 48 28
    188 220 165 218 200 234 112 60 14 85 115 98 42 23 116 43 130 64 76
    90 230 3 14 254 44 83 56 117 59 191 141 106 23 224 173 163 66 89 112
    119 199 250 222 162 25 42 124 138 205 166 56 159 236 93 117 75 89 61
    98 173 138 50 163 93 19 113 3 141 23 12 87 109 215 157 122 185 213
    181 196 51 41 47 72 227 48 20 89 80 65 142 127 234 26 226 231 196
    239 132 74 21 158 2 20 164 135 170 82 239 53 225 129 175 51 162 72
    193 6 86 78 160 4 231 59 69 202 38 29 52 55 206 252 205 15 120 177 9
    67 102 205 221 89 58 117 52 230 152 33 205 167 120 233 164 69 162
    203 250 213 7 155 242 168 11 180 166 41 174 36 173 178 90 135 40 175
    200 16 87 176 172 161 246 25 160 214 123 120 156 156 99 131 25 63
    174 198 9 42 197 99 57 30 214 245 17 238 211 112 190 43 235 89 219
    109 69 182 151 17 73 128 236 120 145 145 223 137 236 207 248 151 152
    27 231 120 99 134 121 182 63 91 82 143 38 214 244 159 152 84 182 252
    135 224 90 14 221 46 169 178 16 227 9 22 199 48 98 189 179 229 10 61
    173 53 244 63 148 171 16 249 158 89 113 4 217 107 125 17 233 9 81
    246 53 83 76 47 232 61 15 30 193 201 126 59 228 185 158 22 147 253
    227 28 163 30 20 49 77 64 195 64 160 238 8 164 165 97 206 212 69 228
    126 158 104 57 147 22 191 161 61 75 10 101 218 177 91 38 7 62 253 75
    249 116 204 23 137 1 48 74 49 0 67 166 234 212 176 51 35 226 14 30
    37 121 197 174 206 230 208 246 157 65 151 115 159 195 66 47 184 71
    122 70 105 86 159 30 240 227 210 16 37 168 36 236 170 87 224 175 232
    37 126 200 61 20 59 92 183 58 145 72 250 33 218 19 118 170 141 244
    226 133 190 172 111 107 251 60 193 118 50 60 21 240 134 74 146 74
    168 191 82 140 156 163 1 174 105 160 204 89 82 139 154 126 179 158
    44 198 248 123 239 239 19 11 128 126 153 48 161 127 40 110 105 250
    175 134 83 229 95 19 62 226 118 49 173 130 46 184 82 108 228 30 127
    154 152 85 16 21 235 134 246 9 69 48 16 170 235 219 240 169 183 66
    51 52 55 201 161 52 151 182 73 158 0 74 176 26 67 126 255 6 4 59 45
    40 14 24 92 124 100 30 78 27 252 221 1 26 19 144 105 152 79 57 188
    188 153 202 192 95 213 39 141 22 20 103 48 250 212 22 139 81 215 182
    11 234 74 56 38 66 114 29 110 202 251 163 227 108 190 68 96 144 109
    166 177 66 102 169 32 103 187 172 143 105 88 61 111 189 247 191 22
    42 189 175 155 174 59 106 94 135 106 5 156 194 168 47 139 120 126 41
    237 191 250 7 54 241 147 67 213 49 22 142 139 94 22 255 34 33 109 19
    28 70 206 4 145 24 230 104 52 13 213 156 9 129 242 137 63 191 171 60
    131 234 240 103 32 57 44 19 239 186 124 77 250 80 146 222 135 220
    177 175 213 172 72 138 179 237 119 12 207 38 193 74 178 213 149 190
    0 207 201 178 159 109 191 176 147 138 95 158 109 120 228 79 73 160
    229 77 166 154 100 79 104 249 31 44 90 20 72 132 17 128 159 103 55
    115 84 224 223 144 30 54 88 65 162 119 62 152 190 244 239 186 150 63
    105 247 83 60 228 8 118 172 150 204 168 172 61 12 221 85 234 87 207
    152 157 83 242 204 113 174 158 247 86 3 53 54 51 108 165 176 62 186
    107 28 74 62 201 85 210 114 184 76 66 228 121 88 226 30 172 254 45
    152 20 98 143 37 176 205 5 1 181 76 129 139 39 222 63 173 159 143 72
    114 42 222 129 142 216 130 37 149 192 188 105 82 48 228 0 32 162 80
    2 144 252 149 44 108 61 54 104 12 129 175 244 162 7 197 52 50 141
    202 255 64 202 253 180 22 53 236 244 68 65 174 249 247 80 73 1 91 80
    20 142 136 172 130 87 31 49 18 179 93 42 50 123 249 148 224 104 198
    54 32 75 229 61 222 20 0 201 210 30 186 80 51 67 200 233 226 163 164
    211 167 176 32 23 175 97 236 153 246 226 128 21 246 26 155 110 132
    94 224 84 60 98 14 163 245 105 159 141 91 49 157 55 57 158 244 204
    61 70 179 248 38 14 237 50 221 127 64 230 97 183 188 176 155 43 112
    218 133 57 198 119 141 110 138 41 90 136 1 105 192 133 56 152 151
    245 1 30 69 111 210 57 180 91 84 250 250 93 32 144 53 14 225 104 214
    23 23 132 21 174 124 170 178 255 114 143 60 210 128 21 217 86 52 16
    42 110 226 139 236 66 127 227 199 222 147 185 239 69 130 230 86 91
    232 211 88 26 23 204 21 160 60 113 252 73 90 97 167 28 246 122 20 70
    50 46 173 86 57 85 228 109 33 154 244 28 142 48 216 9 66 240 62 156
    160 199 40 139 239 84 174 236 152 180 106 159 175 82 237 20 185 191
    230 19 212 30 250 125 127 167 41 175 29 39 209 173 105 119 74 14 182
    236 122 30 165 78 253 88 205 130 120 191 245 207 8 52 4 6 187 175
    234 51 19 190 250 53 210 250 81 116 237 71 57 157 106 174 44 7 190
    57 190 195 40 203 121 130 10 39 251 174 166 175 228 191 206 175 100
    162 185 149 178 213 36 36 225 22 19 64 219 137 3 159 52 111 122 231
    247 64 200 187 15 251 50 236 115 25 222 247 161 86 221 34 127 45 33
    47 216 241 243 7 233 201 233 151 127 72 68 200 221 10 69 173 37 160
    124 254 254 89 237 11 48 124 92 109 21 77 4 37 50 206 49 214 1 185
    226 242 233 229 90 121 22 221 84 28 232 63 232 26 22 113 90 115 85
    148 197 185 193 215 219 242 186 119 170 69 86 182 60 55 64 197 154
    21 115 242 163 114 6 58 106 8 206 203 59 239 167 157 1 56 58 231 29
    76 15 229 43 215 100 144 204 145 218 28 24 7 37 180 33 113 19 118
    247 167 81 159 181 38 110 221 132 15 79 184 109 48 76 78 13 69 65
    187 118 235 96 112 2 109 119 214 130 191 73 192 10 141 231 232 116
    110 131 196 64 40 63 241 223 77 88 127 148 50 98 59 56 73 78 153 83
    89 189 193 191 98 7 195 139 31 90 138 92 110 12 106 219 115 247 193
    141 132 51 87 174 115 16 71 159 78 194 127 209 23 9 200 146 159 227
    36 103 8 130 238 229 205 114 151 91 160 191 186 220 43 193 151 88
    171 189 65 45 111 124 232 219 195 173 103 210 115 222 123 208 189
    178 50 254 5 177 200 103 43 231 6 9 182 198 227 245 62 17 73 240 26
    49 57 225 169 64 161 24 97 13 76 206 164 88 230 210 228 163 175 201
    14 241 220 206 145 235 223 43 151 136 32 136 47 132 204 245 211 143
    173 68 184 51 174 136 205 81 175 241 219 18 121 123 114 28 72 91 73
    15 155 91 120 73 115 94 24 44 71 243 5 19 84 124 139 220 199 208 165
    153 221 216 13 31 35 157 201 156 224 198 94 201 63 135 198 13 90 82
    213 99 185 193 175 230 31 124 30 64 97 56 133 190 87 31 14 12 130 25
    213 165 148 239 222 37 23 24 151 167 129 46 154 84 101 146 68 250
    171 22 48 124 50 105 106 161 203 199 145 64 121 92 113 85 34 158 148
    101 221 76 46 158 178 151 108 122 1 200 25 37 21 182 80 18 70 101
    182 56 19 192 70 142 173 150 182 206 72 142 241 229 175 119 161 241
    19 75 163 188 231 135 102 80 235 137 85 187 44 128 121 76 218 69 205
    217 43 172 214 142 32 36 193 114 33 30 231 154 54 117 20 63 26 182
    160 30 1 155 68 150 217 182 145 161 167 186 133 114 6 10 46 132 69
    158 52 174 223 49 107 114 97 75 72 227 191 161 204 201 52 126 242
    182 30 121 139 149 37 146 246 27 125 41 69 210 245 191 159 94 33 79
    171 218 43 10 44 151 23 32 72 236 18 62 123 223 243 194 95 255 105
    80 165 60 83 191 8 198 73 188 144 214 246 23 120 40 164 104 144 11
    213 222 181 19 180 213 232 83 72 6 38 92 153 108 0 235 17 16 6 163
    227 204 132 6 255 6 95 142 166 38 126 22 186 3 201 134 116 218 224
    48 193 127 131 130 105 142 111 139 183 223 212 216 129 26 20 168 9
    213 11 167 0 229 12 226 234 196 12 206 156 165 112 253 182 47 165 31
    81 32 117 33 72 114 177 36 227 14 74 14 113 90 24 232 150 131 151 67
    66 53 201 206 125 30 62 48 254 166 128 73 105 223 228 246 248 41 116
    33 245 101 55 190 194 139 83 106 146 63 130 131 202 52 181 253 103
    235 186 41 233 99 181 150 75 107 135 127 169 59 98 251 52 115 42 177
    65 4 199 3 34 75 55 204 227 208 62 205 67 19 33 101 215 85 66 42 83
    148 195 23 19 158 103 161 193 223 229 197 157 184 133 69 7 158 40
    180 236 162 214 173 0 150 43 50 232 212 72 99 131 174 236 96 180 157
    63 139 213 13 194 151 159 4 97 63 20 60 222 188 167 194 75 184 123
    61 123 229 81 254 146 155 213 119 142 216 13 249 47 250 111 100 98 7
    52 69 156 136 102 245 210 51 85 62 183 83 4 129 111 3 6 213 105 50
    253 130 82 37 204 246 6 227 155 180 27 16 175 244 56 206 217 15 137
    227 79 198 220 202 50 106 102 127 225 150 23 236 40 170 46 237 222
    108 105 212 193 9 218 209 32 190 195 176 139 252 138 47 44 3 182 20
    248 141 68 200 144 231 177 153 129 187 35 12 156 156 177 252 58 17
    170 68 115 187 158 213 153 140 147 134 70 83 240 241 80 149 81 52
    138 125 58 193 91 66 135 242 81 74 183 255 143 79 4 140 158 73 25 55
    122 210 29 164 159 138 3 35 241 109 5 129 31 152 253 203 247 34 122
    254 87 16 228 212 199 156 104 199 23 187 33 106 171 235 178 68 73 74
    32 238 195 120 146 12 167 94 83 169 108 73 38 250 239 82 170 233 169
    177 29 226 66 39 11 164 121 207 32 45 248 81 94 89 54 17 45 143 77
    14 94 232 41 114 254 26 128 247 129 37 168 88 119 188 210 159 169 57
    95 188 222 84 151 178 215 14 8 41 243 139 37 84 186 103 45 207 162
    48 66 175 35 213 41 34 147 96 159 136 187 154 224 69 240 149 29 87
    148 142 246 129 4 9 171 55 60 238 45 231 180 251 171 193 143 45 136
    68 173 164 239 208 235 57 19 55 132 7 151 73 78 154 178 54 247 184
    52 5 63 79 106 153 162 210 89 168 156 217 153 170 97 135 206 121 118
    21 186 142 181 180 185 151 223 169 21 25 44 88 140 196 81 168 187 94
    40 134 243 231 115 245 25 92 31 104 41 83 3 2 211 67 89 241 102 247
    151 13 7 88 192 232 153 186 117 248 161 107 29 65 39 9 84 81 57 16
    144 244 60 57 203 200 32 142 254 145 100 132 126 225 183 151 82 190
    198 23 153 216 170 162 117 12 37 9 96 132 204 181 121 115 172 205
    160 113 118 12 32 77 99 8 76 55 170 193 93 211 222 167 3 18 33 146
    168 74 200 120 175 26 190 217 45 168 239 147 161 12 159 67 108 141
    44 201 193 28 149 197 85 187 133 48 80 144 47 206 73 36 104 165 32
    199 1 42 6 255 88 245 211 103 79 187 29 158 24 233 184 177 225 86
    153 169 220 138 76 242 27 11 75 1 39 5 213 224 64 77 42 55 229 204
    76 96 137 51 22 240 255 60 229 186 59 243 28 231 29 171 242 241 76
    43 231 95 15 19 25 87 134 60 10 175 144 10 62 213 126 91 175 21 236
    51 6 12 102 138 109 90 118 214 143 207 159 132 72 42 171 103 134 38
    93 230 108 207 10 181 149 37 154 203 118 99 200 215 184 66 196 123
    86 81 255 55 45 53 156 184 12 175 10 131 216 131 21 167 87 122 14 10
    15 163 79 3 143 175 156 159 109 32 106 147 163 186 73 250 237 162 30
    175 9 106 60 83 122 169 101 23 143 239 63 112 214 239 4 175 151 219
    116 129 42 23 93 59 54 104 119 50 109 213 209 84 31 169 126 196 107
    223 58 161 52 118 147 114 85 174 157 147 114 231 153 108 64 110 183
    182 154 10 221 157 166 232 208 34 58 129 16 208 134 122 167 161 250
    28 170 213 55 21 34 16 191 204 67 31 165 223 121 235 146 247 43 84
    139 77 191 222 11 96 251 104 43 124 171 114 51 254 25 104 216 43 17
    132 93 51 187 59 109 78 33 246 49 91 96 157 78 184 195 64 253 172
    185 187 166 60 55 12 99 235 128 73 241 3 70 155 155 113 216 219 44
    167 26 254 23 169 180 212 182 60 132 7 171 111 178 125 242 116 134
    20 44 35 236 125 10 186 142 152 74 18 23 26 67 95 31 181 27 113 218
    167 33 25 142 181 142 235 40 213 25 186 177 94 181 91 196 64 186 50
    129 188 124 43 62 62 181 124 142 3 148 129 177 130 8 54 234 6 22 134
    191 98 132 89 116 66 99 136 103 222 237 199 151 114 231 211 60 207
    99 5 75 251 74 188 86 216 202 222 24 248 86 105 160 164 74 229 191
    163 26 188 4 88 183 216 29 94 151 157 92 42 153 196 252 227 210 14
    162 106 16 28 211 200 30 174 112 75 1 164 220 49 162 161 113 227 203
    13 42 187 119 112 125 124 197 126 44 10 174 122 246 29 126 180 193
    71 4 249 109 78 112 177 41 5 4 51 221 201 78 53 92 224 255 131 41
    222 23 166 252 24 240 155 49 173 30 216 136 235 114 252 64 6 158 213
    158 212 36 243 194 98 177 239 174 195 164 31 219 31 93 148 233 98
    137 236 70 235 211 253 223 235 220 121 252 152 221 59 220 158 1 69
    126 199 176 196 233 44 250 118 245 208 54 233 172 185 157 134 220
    157 113 116 92 95 42 248 135 51 23 29 23 183 180 130 200 185 187 112
    56 8 37 247 249 191 185 172 106 220 110 250 166 80 38 61 46 192 98
    208 3 142 203 106 54 248 174 136 24 55 172 205 84 199 123 245 154 7
    9 170 140 139 61 31 215 112 181 161 209 232 237 166 176 186 146 230
    139 41 29 211 152 156 0 71 9 108 181 152 172 223 238 178 26 209 61
    157 181 239 48 95 175 45 162 146 236 111 96 148 29 14 82 208 177 237
    174 255 95 206 82 99 241 145 92 176 36 182 173 114 204 97 26 6 137
    99 66 145 242 239 183 149 105 61 100 4 189 67 176 85 62 238 217 74
    146 65 255 55 23 173 215 193 230 204 82 17 188 225 11 171 235 5 211
    4 245 248 58 142 26 24 141 253 186 87 39 32 110 210 27 53 104 213
    182 77 79 168 195 53 226 124 136 2 212 33 97 193 212 39 129 211 196
    132 36 30 218 120 26 166 200 221 165 196 169 199 137 200 89 135 224
    182 99 213 122 66 254 105 5 54 151 210 44 154 207 61 188 170 197 15
    180 202 243 110 45 236 128 238 11 70 9 79 57 240 111 120 241 250 240
    160 69 67 142 40 93 156 158 155 128 238 224 36 183 0 109 181 209 212
    84 214 222 167 250 180 162 168 46 48 167 222 102 12 3 105 241 5 237
    252 205 98 178 222 241 96 228 140 47 240 171 253 117 175 202 146 179
    121 141 153 163 172 252 158 124 218 165 229 198 161 168 154 13 108
    145 191 143 231 163 125 41 168 232 136 222 80 11 230 204 75 28 216
    23 198 178 136 230 141 208 82 196 133 46 35 124 144 22 121 125 96 99
    69 64 243 96 112 70 180 228 1 184 219 217 30 216 195 152 200 214 222
    198 121 72 31 33 147 189 223 50 119 194 88 178 10 246 73 159 158 159
    113 188 89 109 131 63 249 107 15 38 147 142 57 123 220 199 119 181
    140 39 154 47 196 167 189 132 82 121 174 222 192 11 162 247 29 222
    15 19 51 48 201 146 114 178 136 224 113 77 190 138 202 190 236 99
    108 71 72 159 247 164 235 192 63 108 62 37 230 163 225 254 158 10
    234 128 21 55 75 47 148 235 106 82 243 2 144 24 232 18 125 24 221 12
    28 210 51 50 52 104 164 225 191 207 50 154 41 30 35 175 4 112 167 37
    198 78 173 83 6 45 121 161 145 176 195 96 146 87 49 253 88 106 142
    83 94 173 222 183 17 199 230 86 140 152 123 203 186 46 139 61 47 223
    153 175 42 247 144 13 167 112 221 196 227 198 119 225 167 209 91 185
    230 161 102 250 100 29 247 211 224 62 114 230 10 245 114 117 146 44
    46 232 208 165 220 198 125 34 20 72 192 173 185 239 192 99 151 51 66
    97 52 4 110 193 237 124 8 225 60 1 138 36 132 49 218 19 116 184 150
    90 224 90 4 171 147 157 72 18 3 145 201 160 182 178 107 228 101 113
    6 121 242 96 118 213 182 148 7 223 189 185 151 92 153 233 138 240 18
    52 52 44 63 32 221 19 219 35 122 108 229 57 203 134 180 0 224 91 71
    227 7 70 32 22 196 216 117 56 0 2 31 188 122 100 24 150 3 116 5 115
    134 124 93 160 118 114 82 79 74 96 8 18 193 227 177 160 219 28 2 40
    35 240 246 62 82 222 235 27 247 52 109 177 222 255 155 149 127 146
    186 223 26 1 70 138 103 60 131 199 208 62 235 182 31 109 35 213 184
    111 151 154 19 157 21 39 12 119 44 136 19 232 160 149 177 52 194 26
    57 111 158 38 107 38 45 120 219 236 102 105 96 112 12 210 79 82 199
    17 70 211 190 91 103 209 159 64 38 151 137 253 172 108 216 93 23 212
    170 176 190 19 91 203 69 123 68 193 232 20 134 251 26 187 212 77 147
    136 248 125 118 137 44 88 208 245 23 73 93 4 176 114 240 113 84 254
    73 45 163 144 103 199 122 148 2 131 131 174 232 152 70 106 219 77 54
    126 44 112 46 166 85 65 105 40 181 142 113 85 230 138 90 222 59 137
    181 4 43 242 76 40 31 30 206 153 86 175 104 80 196 221 52 171 98 200
    8 227 232 84 249 41 46 194 211 144 166 78 99 14 189 68 150 174 148
    138 234 254 228 114 121 204 126 253 122 17 56 233 31 119 202 61 43
    180 194 240 207 26 200 237 174 84 152 182 1 83 25 88 52 105 102 82
    194 144 233 107 147 74 192 105 52 191 43 169 130 11 255 90 133 253
    115 152 80 241 138 99 63 122 69 21 240 98 5 49 33 64 41 237 108 159
    17 39 63 173 229 24 91 224 91 155 138 158 227 15 115 8 209 239 61 62
    36 192 201 230 12 215 102 110 138 161 238 128 189 163 207 45 123 149
    248 246 63 230 53 229 253 82 36 109 224 12 11 178 79 87 95 207 40
    192 148 169 213 174 14 249 175 74 12 107 44 124 241 201 130 71 22
    221 236 1 88 141 130 170 166 125 72 48 129 203 158 76 72 4 120 162
    173 208 92 218 75 140 114 252 103 119 239 42 202 248 173 103 27 115
    90 103 254 36 59 228 172 226 88 88 104 45 199 24 181 249 154 64 169
    214 48 88 163 222 40 31 117 225 83 13 93 92 121 231 215 33 69 217 74
    89 41 181 190 223 11 141 47 33 108 233 19 230 101 42 206 225 251 248
    105 178 248 108 41 60 254 255 204 28 245 64 218 176 39 2 222 191 148
    99 153 84 187 179 250 58 64 225 90 246 32 5 154 108 34 157 196 255
    54 98 32 11 171 132 142 104 25 112 190 139 5 0 85 78 184 5 18 79 110
    30 40 3 221 195 20 253 52 195 0 57 203 131 187 228 70 129 134 193 11
    105 71 17 163 147 200 135 99 66 204 44 200 206 175 127 185 99 126
    200 53 94 217 243 88 66 99 223 136 147 167 156 111 211 176 211 26 80
    230 206 65 230 166 217 220 121 49 118 238 105 66 176 64 95 190 165
    167 115 241 51 197 143 250 69 64 145 60 13 131 123 37 243 218 111 77
    88 117 48 182 7 38 5 71 92 63 77 152 45 160 7 207 17 52 1 160 206 65
    32 200 175 4 144 167 242 168 145 174 66 49 17 204 160 199 62 87 38
    219 233 149 19 173 214 93 151 198 93 64 179 90 158 73 91 140 186 21
    223 78 89 247 254 106 240 184 255 42 34 135 83 253 13 206 149 141
    250 183 99 185 5 12 221 205 175 232 73 7 134 224 144 112 168 254 135
    132 69 35 75 157 34 159 18 58 215 25 42 42 156 146 220 201 204 71
    151 140 95 91 160 13 227 171 79 152 30 56 169 4 56 176 100 18 0 160
    97 74 155 88 134 26 219 100 201 59 183 88 124 75 139 35 45 96 45 75
    234 230 129 225 143 21 220 215 126 210 205 59 123 154 197 156 130
    204 184 240 2 130 82 186 205 122 108 7 88 35 219 194 248 86 21 85 61
    215 115 247 205 188 71 217 194 36 57 57 50 193 227 35 196 104 103
    173 191 105 151 142 124 27 247 213 182 3 18 89 83 228 105 123 187
    133 59 180 76 174 188 151 229 124 64 24 239 202 80 10 149 212 247 53
    73 191 143 165 168 38 227 13 76 186 182 70 177 40 90 243 182 144 99
    31 221 161 159 147 120 3 168 139 227 188 150 23 155 129 57 34 67 223
    98 183 144 208 224 96 48 6 181 62 186 148 56 216 17 162 78 90 81 65
    154 27 117 105 202 157 124 162 63 215 220 116 217 185 239 149 142 13
    246 245 150 205 49 58 179 77 224 94 237 233 74 50 111 147 183 116
    216 181 69 142 152 95 98 245 75 70 46 241 173 206 102 51 141 133 100
    34 234 16 30 223 143 12 167 82 176 41 239 75 33 252 236 134 232 25
    132 56 213 183 28 238 202 132 111 52 113 67 169 152 226 69 68 138 1
    231 88 132 8 201 33 228 45 215 94 179 20 6 55 24 248 66 92 198 124
    210 3 64 42 171 106 167 65 123 197 215 95 189 184 187 48 223 16 58
    107 186 209 237 2 98 236 37 74 169 62 218 174 157 230 63 166 48 113
    223 182 83 13 135 137 161 91 48 250 163 185 78 131 211 20 151 28 65
    48 54 146 244 117 127 158 45 170 108 112 182 197 211 124 52 54 138
    42 249 73 52 76 181 155 45 200 20 154 111 104 74 128 251 73 6 154
    235 205 7 76 252 38 33 231 169 92 29 219 241 81 179 79 45 25 123 236
    26 214 231 238 47 57 146 194 186 39 16 168 236 79 114 131 179 166
    108 69 103 5 58 168 28 125 6 98 176 147 168 227 152 99 17 77 146 89
    93 91 72 227 242 112 231 198 178 94 172 93 71 254 9 208 43 145 8 180
    244 125 203 131 236 39 73 229 77 151 45 50 100 84 149 73 29 143 188
    116 26 176 51 18 57 129 184 170 150 171 219 27 127 184 102 57 6 6
    161 129 115 71 194 216 26 90 57 20 231 115 173 38 64 109 14 248 109
    160 17 77 156 208 24 215 169 162 196 192 3 2 194 34 170 117 6 132
    200 227 75 110 119 48 76 246 168 189 245 181 140 43 32 127 18 245
    255 111 253 44 122 150 157 73 10 183 255 52 109 232 158 248 2 20 79
    40 136 14 105 245 192 191 71 177 95 71 47 202 182 237 188 114 27 136
    40 31 57 49 32 250 27 242 136 171 109 4 44 88 221 118 152 204 221
    148 207 161 116 163 118 25 110 103 77 22 177 208 200 234 201 27 188
    189 69 125 59 154 79 201 188 107 192 59 58 223 168 37 27 90 35 32
    111 225 99 102 194 239 143 193 40 128 95 141 34 215 213 121 173 18 2
    223 237 244 5 42 35 114 135 168 93 43 203 29 188 153 4 35 225 231
    201 55 102 50 227 108 227 210 144 138 186 20 170 162 207 88 205 240
    243 143 11 210 56 38 110 107 191 91 140 62 40 193 36 189 46 121 161
    31 35 246 231 199 188 104 136 28 54 1 243 133 46 36 235 236 151 199
    99 41 121 165 252 127 166 42 198 204 121 77 50 109 8 127 70 199 253
    210 188 120 99 183 120 130 113 68 20 70 65 159 150 97 241 87 108 124
    131 182 46 61 28 142 76 191 17 200 42 104 46 235 186 10 113 54 149
    137 101 143 24 252 161 70 175 255 198 59 62 19 54 3 55 79 199 15 87
    139 17 123 74 19 72 57 206 214 211 2 162 15 150 172 165 45 132 145
    73 178 199 135 229 69 210 172 85 93 68 160 163 2 69 170 156 12 62
    128 129 213 205 224 35 23 182 96 211 128 171 165 226 249 57 69 237
    82 43 47 98 50 55 220 18 132 127 118 74 30 8 183 15 172 38 225 188
    180 58 81 166 249 200 84 114 238 3 151 143 22 163 219 248 97 186 77
    166 27 47 78 85 20 194 46 242 168 45 134 0 199 3 23 208 58 56 215
    189 23 114 54 117 199 217 255 181 11 59 217 222 198 122 131 150 155
    252 112 152 148 114 51 138 70 233 144 113 220 61 29 56 45 255 84 71
    151 151 125 66 157 81 220 5 158 8 72 220 184 82 182 170 123 182 0
    158 218 150 104 40 153 2 74 239 124 152 187 250 37 219 218 229 85
    175 138 86 103 166 8 96 125 28 245 39 94 156 122 209 12 206 35 75 42
    86 43 232 33 230 54 1 63 56 102 194 97 11 109 0 164 29 11 177 110 82
    171 98 61 93 82 160 146 161 247 134 82 66 141 215 225 156 57 81 49
    91 80 216 126 111 58 190 185 124 43 89 54 32 237 238 34 89 122 156
    82 129 78 52 51 8 255 65 212 11 104 211 132 217 206 7 2 175 175 128
    185 237 154 0 201 226 76 37 130 211 193 184 32 65 135 77 83 111 129
    15 157 171 182 193 212 165 44 152 109 99 228 32 196 247 194 62 232
    222 143 210 88 215 198 180 62 244 226 255 232 231 224 157 133 255
    178 238 72 98 162 222 190 48 138 85 186 208 229 174 150 34 107 149
    72 76 19 193 125 155 221 23 58 234 198 184 170 43 196 15 252 229 144
    156 133 97 231 238 56 97 78 63 7 194 27 221 60 228 58 36 174 193 189
    81 105 224 67 240 12 112 138 227 133 67 174 136 215 133 76 13 147 8
    51 217 96 155 97 201 164 105 37 172 219 247 244 211 179 61 63 209 99
    109 235 5 40 162 197 228 194 86 3 11 207 131 68 224 55 41 69 68 118
    200 166 175 248 93 71 67 226 163 152 124 89 41 149 31 81 4 167 200
    37 208 192 19 91 235 180 41 74 16 162 190 140 216 72 249 225 204 230
    139 240 78 90 13 199 31 200 230 162 253 6 15 165 145 4 133 176 253
    173 180 141 85 52 199 252 40 9 90 171 19 101 6 121 16 242 44 33 240
    205 169 52 197 156 129 7 92 216 60 10 68 115 247 83 48 71 231 64 235
    217 204 79 43 131 11 222 18 246 35 93 130 180 80 97 88 57 69 185 208
    140 231 188 99 223 88 199 88 25 104 192 214 121 213 3 248 0 179 186
    188 178 29 5 144 82 151 128 16 243 60 97 152 29 3 44 6 15 68 211 178
    210 159 63 253 78 101 97 241 129 118 193 139 136 162 51 82 203 246
    220 116 228 132 189 183 147 91 58 125 52 132 11 25 142 208 206 208
    36 107 246 29 31 41 103 127 61 187 157 34 229 98 32 1 139 203 110
    225 163 91 87 103 7 196 145 33 135 148 111 24 9 136 146 144 38 240
    61 154 66 211 213 111 35 248 220 145 233 15 167 139 75 232 118 63
    124 127 91 208 177 214 238 66 138 16 246 17 12 246 223 222 254 18 69
    143 158 29 173 227 255 165 7 188 86 45 7 12 204 254 79 109 79 198
    134 148 229 219 101 171 175 124 102 155 60 169 126 145 121 147 218 6
    34 72 111 219 162 104 65 82 124 223 172 6 33 106 117 140 234 7 57 1
    48 83 20 69 13 93 246 136 210 116 203 96 246 89 158 42 76 182 96 184
    147 119 78 64 121 220 70 99 193 87 42 0 248 74 91 82 47 229 191 56
    202 245 141 171 23 171 86 253 79 148 145 114 43 8 38 195 129 88 83
    110 207 129 119 7 5 46 203 102 63 90 52 201 207 43 33 188 60 76 74
    64 187 229 148 215 80 47 5 240 184 104 61 87 40 179 237 21 224 142 2
    243 73 232 189 185 231 243 220 127 165 210 234 242 145 190 58 119
    126 38 60 169 30 169 220 219 188 97 131 62 138 185 101 66 151 94 78
    132 92 19 48 73 179 3 78 215 228 15 128 44 252 173 10 221 248 83 222
    223 96 67 137 121 107 145 33 66 64 32 188 119 56 231 178 157 12 149
    75 243 127 210 119 162 19 204 67 112 1 160 202 216 218 28 231 152 65
    103 15 117 133 235 204 124 77 138 84 94 225 152 193 122 17 61 135
    156 230 230 30 96 251 187 227 238 71 37 146 46 88 174 64 50 137 243
    195 78 155 152 71 178 172 59 86 169 37 89 167 242 252 65 83 158 67
    59 23 170 72 21 216 183 190 75 84 96 87 73 158 194 201 5 94 130 37
    124 25 85 160 133 135 17 182 218 221 76 177 141 8 0 32 240 57 240
    161 12 8 226 26 93 197 237 173 116 76 145 130 135 64 115 35 156 208
    74 28 175 231 92 162 72 53 186 236 238 32 11 188 82 84 76 54 152 88
    30 138 106 161 129 99 222 228 129 243 112 2 181 129 67 137 181 22
    181 189 112 68 129 228 84 99 10 250 203 43 19 120 114 48 28 124 13
    72 84 144 100 225 180 6 73 220 203 25 79 185 158 204 162 170 81 155
    17 190 119 90 39 146 250 171 30 49 162 181 244 215 123 158 76 228
    135 74 247 133 251 222 22 218 176 130 205 230 227 82 93 250 86 66 96
    12 124 63 92 75 150 191 171 105 55 132 202 74 229 250 11 117 205 16
    96 19 75 133 51 20 88 18 206 62 15 169 99 252 93 150 221 197 147 224
    111 121 125 70 68 110 244 138 114 156 71 59 47 101 25 121 243 45 44
    53 157 90 186 85 23 56 133 2 181 215 175 6 43 26 70 179 129 167 236
    59 255 186 156 186 167 3 77 45 113 195 122 240 110 40 29 155 224 150
    10 194 26 44 77 100 218 20 162 137 9 183 78 193 175 185 137 70 79 12
    181 249 38 235 172 152 145 25 48 118 22 100 128 142 48 71 190 155
    143 1 246 57 161 65 110 231 195 126 131 4 221 121 145 1 139 186 146
    107 228 91 153 131 88 138 243 87 28 150 72 105 19 102 16 149 193 184
    226 22 33 166 89 146 235 141 15 83 204 129 61 101 106 152 88 159 47
    153 169 16 240 112 243 17 245 165 103 51 213 129 237 87 124 148 192
    197 21 156 185 50 144 190 138 67 34 128 189 225 53 73 209 211 42 212
    110 108 3 185 29 204 224 153 152 80 67 248 134 205 107 101 236 135
    105 251 22 31 29 23 197 52 95 20 236 45 5 136 166 85 203 81 222 60
    209 59 84 118 169 154 225 157 14 76 245 163 249 7 138 36 52 213 190
    155 220 51 34 143 15 201 23 29 251 6 220 254 176 149 70 7 98 42 25
    226 6 188 139 245 244 6 230 145 16 204 212 171 106 31 165 70 172 233
    79 175 30 25 82 38 8 104 78 39 173 45 108 90 10 96 148 89 62 206 20
    139 161 243 177 162 3 95 168 159 222 139 211 64 235 244 206 109 209
    110 126 127 215 212 181 7 49 130 244 194 213 23 111 181 9 113 6 255
    248 112 30 173 112 180 53 141 72 183 80 216 117 254 174 13 173 240
    203 253 159 55 226 167 189 17 150 184 227 127 8 87 101 221 165 195
    153 125 89 113 246 50 113 231 40 226 149 25 84 69 151 62 40 186 51
    122 42 200 140 147 252 109 190 157 123 170 17 142 62 195 218 22 227
    228 18 36 176 79 71 9 55 105 229 47 124 194 46 204 193 166 255 57
    114 1 248 232 89 42 139 5 10 3 161 142 207 44 77 75 213 24 152 226
    218 191 251 104 170 63 104 183 17 27 85 59 243 8 212 13 157 117 20
    95 85 36 84 183 19 167 116 88 146 199 158 200 124 42 22 32 222 26 91
    42 179 81 178 174 211 40 175 116 219 49 246 104 90 55 241 44 2 117
    194 62 115 38 235 141 250 228 54 150 201 144 214 43 76 194 128 155
    254 177 97 121 254 106 243 249 90 26 25 192 196 136 179 212 174 5
    107 255 194 25 117 33 60 243 245 213 15 110 225 148 133 87 138 107
    228 25 90 165 87 212 236 244 159 42 31 81 244 57 86 171 224 230 125
    251 101 153 121 250 226 73 205 90 66 26 25 1 206 231 109 126 22 79
    178 13 97 95 144 190 149 93 173 196 120 82 108 210 25 70 96 102 239
    113 18 127 139 125 223 13 129 253 181 0 7 187 87 208 234 125 42 224
    131 252 248 166 71 49 254 180 68 238 95 233 248 170 34 105 103 77
    207 184 219 120 84 157 13 255 36 105 62 199 215 94 73 162 178 164
    169 22 172 135 126 18 201 196 182 192 147 146 163 108 233 88 32 181
    97 240 85 152 244 21 212 254 123 48 139 83 218 3 145 36 15 251 208
    245 38 37 103 223 57 118 30 128 7 230 146 241 221 236 167 30 21 215
    205 111 120 202 28 92 245 103 95 59 111 129 139 125 126 27 101 118
    54 8 85 7 110 119 152 243 3 101 82 117 147 31 61 34 68 243 138 152
    136 125 112 144 47 224 84 93 2 172 164 183 64 211 242 121 180 255 2
    90 158 7 142 112 114 151 169 153 84 118 100 184 45 114 93 33 115 215
    175 212 1 173 215 220 79 39 210 97 51 180 1 34 163 145 41 28 131 203
    8 13 84 218 151 1 164 194 172 240 229 134 236 253 32 200 37 87 96 51
    250 57 163 79 198 254 35 226 224 93 226 144 232 39 144 40 196 113
    167 115 124 239 26 76 1 40 85 227 28 227 215 233 192 123 153 127 28
    32 221 173 29 93 174 208 235 29 142 63 7 162 80 64 210 114 41 151
    228 187 17 223 209 23 12 66 217 42 110 110 20 169 82 238 31 104 159
    173 140 36 58 252 188 251 56 157 163 80 110 53 22 81 17 24 204 197
    66 27 24 90 164 71 136 60 154 225 192 233 95 96 96 168 41 60 22 123
    210 66 128 145 147 214 227 161 84 130 38 50 218 96 144 233 166 207
    95 43 51 1 99 139 131 83 241 152 145 88 32 73 32 48 130 53 77 178
    123 142 94 28 159 19 247 145 124 225 224 55 32 66 11 81 166 165 18 1
    171 163 58 35 40 218 180 253 44 133 111 107 183 60 181 174 43 199
    198 138 176 61 201 159 109 102 154 69 92 171 105 213 190 20 136 194
    254 126 11 51 196 46 181 125 66 102 229 141 26 42 166 213 109 16 197
    176 151 170 13 143 178 187 20 206 235 211 235 60 215 68 214 42 77 96
    250 252 255 183 130 41 189 253 84 113 220 233 53 253 41 156 149 216
    97 225 221 108 174 224 184 79 219 247 127 224 141 54 13 182 246 54 3
    23 36 40 117 171 88 77 70 216 124 0 148 145 190 160 53 252 162 45 47
    195 209 212 237 253 126 43 76 121 219 178 10 236 92 128 26 253 207
    102 53 190 224 104 57 223 19 141 95 115 212 190 109 109 25 146 34
    125 47 201 29 216 73 130 224 121 176 175 176 46 126 152 87 89 170
    104 173 33 125 207 184 40 251 197 224 87 11 235 153 99 137 241 212
    62 118 47 6 87 79 85 144 5 65 108 117 227 218 144 215 236 71 9 168
    79 199 74 75 14 239 98 19 41 214 196 177 8 221 101 143 254 109 207
    207 151 181 51 2 230 227 235 214 122 124 198 222 133 58 216 201 129
    213 54 151 8 173 47 99 36 106 97 55 35 208 228 52 151 191 190 227 77
    163 254 74 169 85 229 11 123 243 101 60 212 48 242 231 155 156 21 87
    177 28 121 85 163 17 213 8 9 55 36 80 74 58 122 110 31 210 61 235
    127 245 110 65 189 214 164 205 212 43 114 247 110 77 255 193 149 111
    240 220 182 86 85 38 218 101 231 252 89 114 63 195 238 171 216 122
    57 144 219 51 162 254 128 28 36 35 170 203 218 80 188 97 56 182 196
    127 171 103 181 134 11 97 40 17 158 34 113 85 194 209 83 188 2 249
    252 166 196 84 75 72 190 133 227 82 12 148 120 121 23 92 75 191 252
    96 2 5 156 156 29 213 146 253 247 117 39 210 86 40 215 189 167 24
    245 167 254 251 75 233 25 24 204 53 13 252 172 15 229 232 152 85 193
    29 152 177 230 31 243 96 243 134 166 36 188 198 129 208 60 221 186
    128 120 49 208 166 204 60 160 240 169 65 188 149 6 187 172 112 26 19
    192 154 75 8 141 163 146 183 60 54 184 192 227 212 242 238 76 70 143
    68 104 139 50 234 242 111 246 2 140 233 147 74 182 187 107 57 156
    120 232 177 170 159 203 223 132 60 14 36 134 21 118 135 80 97 224 51
    113 172 113 194 249 165 61 168 250 10 109 54 208 124 44 210 166 108
    248 213 167 147 97 198 177 253 127 105 183 1 10 69 58 243 100 171 25
    184 57 10 193 23 206 228 11 3 166 125 173 173 62 97 44 159 7 217 3 8
    251 150 39 152 25 173 121 152 216 116 100 103 15 185 31 120 128 242
    193 108 142 114 87 98 70 52 32 211 70 45 16 192 250 79 25 131 233 7
    176 129 135 101 103 77 110 208 72 68 11 3 148 249 174 209 225 166
    185 169 191 244 125 65 122 76 40 44 51 103 174 144 20 186 23 17 166
    199 27 143 51 54 184 87 154 47 123 243 202 150 46 98 132 161 243 145
    175 204 171 233 185 211 118 5 50 26 164 95 107 211 36 26 241 74 70
    79 103 70 99 74 151 78 83 180 79 14 241 41 124 118 65 152 65 125 144
    180 85 37 185 76 19 3 175 207 39 211 25 63 235 75 168 251 128 124
    244 125 82 182 59 15 182 221 40 120 82 169 229 109 135 170 38 171 86
    144 63 205 73 187 110 20 186 241 191 52 219 179 144 10 95 185 64 253
    164 198 214 156 227 150 38 231 213 147 207 149 106 195 216 185 101
    207 101 110 127 42 65 69 164 188 73 208 103 17 89 54 127 132 137 107
    196 7 145 57 117 242 46 135 14 120 54 170 71 14 23 85 85 237 243 45
    191 139 189 50 47 1 3 225 125 104 88 247 209 11 210 130 214 44 16
    167 28 98 126 159 36 178 197 1 66 206 34 215 125 137 21 145 125 178
    100 189 129 25 105 232 0 84 95 175 124 164 148 68 135 38 254 109 187
    176 141 26 186 169 143 229 157 101 197 148 184 178 64 30 195 51 48
    255 96 153 57 94 123 255 165 170 4 173 236 62 134 94 158 21 111 95
    188 102 62 109 139 245 249 42 147 216 220 214 192 24 59 170 199 92
    124 104 39 251 200 110 110 61 229 8 236 17 54 25 150 62 191 246 71
    19 9 104 237 146 142 8 107 241 152 157 233 11 247 102 149 193 107
    206 253 0 150 27 203 96 172 52 122 110 223 76 85 135 141 251 17 164
    83 127 234 95 213 29 237 202 123 116 58 172 144 17 97 236 123 165 8
    63 40 152 210 148 99 101 9 176 171 27 65 238 80 230 7 158 32 0 26 79
    115 41 47 198 157 221 224 226 144 33 78 52 109 3 122 224 60 237 162
    150 136 64 141 63 130 63 4 79 241 83 88 137 141 40 216 242 178 175 2
    44 98 59 88 90 185 183 52 94 107 144 62 215 148 106 250 39 91 77 37
    210 229 179 136 250 92 193 11 144 111 152 210 212 70 239 44 88 145
    32 228 82 162 181 177 70 22 68 110 111 230 211 154 84 48 162 166 143
    252 213 21 201 139 206 235 160 229 195 73 185 82 126 10 109 208 251
    29 139 68 112 122 233 204 44 214 127 47 16 77 90 102 241 204 83 144
    227 6 23 86 221 248 97 106 71 207 239 180 32 206 40 0 17 139 163 50
    116 147 129 234 22 151 188 31 81 0 157 141 56 228 246 233 234 186 1
    145 128 230 208 231 153 21 106 29 94 200 241 149 21 59 150 215 111
    200 73 248 242 171 196 231 214 65 128 205 255 61 226 4 207 42 216
    191 182 26 173 44 255 86 234 76 185 196 223 60 238 73 238 127 246 26
    188 225 22 214 50 99 154 253 22 99 77 69 16 188 173 74 121 169 167
    37 143 53 72 132 151 35 61 242 186 125 150 165 129 12 45 182 239 41
    234 53 4 208 214 51 68 222 25 94 23 234 247 114 253 101 31 156 37
    117 106 222 95 245 245 30 113 134 142 149 160 227 99 161 108 222 84
    132 192 46 105 246 13 15 195 78 3 134 150 189 44 220 209 204 238 96
    4 175 121 215 215 184 106 201 64 153 130 185 192 254 110 58 223 166
    254 153 108 192 5 208 30 27 140 233 121 189 16 212 212 191 45 125
    255 51 201 247 123 245 27 202 141 108 147 54 100 229 108 55 118 246
    126 207 18 122 14 97 251 25 106 167 44 35 20 125 196 160 143 150 19
    142 78 86 20 81 176 176 35 95 219 189 168 206 79 61 42 145 124 149
    51 104 203 167 27 123 192 212 248 216 123 213 159 134 21 175 120 149
    12 34 35 115 155 228 111 167 58 106 146 169 10 111 112 53 239 7 59
    57 64 227 2 192 218 251 61 194 168 123 169 115 242 240 36 250 179
    210 85 58 70 45 116 172 138 108 215 214 142 218 148 192 211 86 157
    63 27 224 101 213 127 94 250 71 177 85 131 186 235 41 160 231 171
    237 41 170 80 236 61 226 132 235 128 21 218 64 253 98 184 13 121 8
    162 138 78 37 176 110 195 234 239 181 237 160 123 252 28 104 208 142
    24 45 33 224 85 76 33 121 225 124 20 150 203 35 237 241 2 233 152 48
    181 129 44 58 59 58 145 238 106 156 31 48 150 220 38 48 201 41 103
    176 188 238 88 248 116 165 31 163 197 247 151 164 224 232 106 162
    218 177 247 158 66 9 154 145 84 51 254 18 125 195 164 154 131 239 54
    8 223 235 247 255 111 180 190 251 223 134 194 124 213 149 193 70 30
    144 231 80 86 73 198 129 66 123 185 106 160 143 255 168 151 152 100
    46 79 198 250 47 157 60 234 92 133 230 192 103 129 92 131 147 247 15
    67 176 168 236 159 150 185 210 8 99 30 255 108 237 203 162 85 165
    192 61 126 49 63 143 99 147 127 130 200 186 64 39 122 138 134 198
    211 3 229 50 78 61 221 166 205 4 230 234 101 27 26 137 20 31 65 237
    201 47 111 254 197 109 91 80 201 46 59 81 200 6 203 152 32 14 139 53
    229 112 239 235 144 239 73 164 49 108 194 91 191 122 206 124 158 185
    132 79 46 72 224 165 10 224 26 215 174 246 0 63 171 56 216 234 67
    224 137 161 148 72 85 157 118 162 119 249 198 141 27 230 18 198 138
    74 218 93 150 161 99 221 25 7 78 156 174 71 161 21 89 97 105 2 250
    208 163 26 240 134 19 4 113 96 215 132 132 100 120 178 250 130 224
    164 208 157 2 92 12 236 51 145 151 45 125 208 133 109 124 154 211
    153 30 189 186 101 106 17 251 95 169 195 70 51 100 252 23 154 180
    199 223 121 13 205 177 103 49 0 160 83 110 224 239 12 54 3 83 97 144
    151 81 14 209 31 157 71 156 167 194 233 73 210 65 13 144 229 137 83
    171 179 116 162 82 107 33 170 211 46 134 8 65 237 64 204 56 129 140
    121 6 45 79 232 4 74 217 11 34 169 94 118 23 48 246 213 213 200 168
    32 69 176 40 32 109 42 104 86 121 48 124 208 227 253 41 165 11 162
    219 221 157 40 29 195 254 0 159 211 237 210 78 205 56 83 47 206 89
    26 231 220 130 88 15 124 240 78 8 86 228 122 55 248 180 82 58 152
    195 11 66 43 252 15 188 155 58 197 125 8 72 225 121 72 29 150 213 47
    104 24 208 198 141 237 139 45 71 160 210 178 245 140 217 213 218 146
    181 49 87 190 231 75 148 73 70 229 145 103 58 232 240 250 88 123 236
    177 198 92 239 244 65 87 125 115 20 19 39 90 214 127 209 35 86 237
    180 135 157 89 191 31 20 23 93 230 247 221 68 44 9 105 179 35 117 66
    197 130 73 124 209 57 94 143 5 18 255 52 220 106 48 136 83 121 191
    170 93 118 227 126 88 91 31 202 43 95 64 59 21 197 230 12 200 217
    218 208 132 154 127 47 202 206 192 228 91 146 69 65 212 84 137 126
    112 219 162 140 77 65 125 116 19 235 120 47 229 182 68 80 204 152
    205 189 28 77 41 116 36 2 97 84 54 199 30 167 179 136 90 22 53 194
    130 144 109 82 238 110 123 211 36 236 56 43 16 22 123 125 30 229 48
    152 97 220 147 198 168 43 116 183 68 21 84 86 131 23 36 177 207 104
    116 229 70 248 203 249 175 90 182 106 48 227 112 252 90 73 133 116
    38 224 131 74 109 108 45 83 175 151 201 95 59 51 66 224 234 211 205
    124 210 109 11 41 111 204 158 245 106 37 97 0 74 27 136 104 49 227
    114 31 73 143 197 110 98 233 150 211 27 212 174 106 36 80 174 238 46
    213 28 188 171 20 87 109 18 114 228 102 117 217 126 73 26 134 158 44
    84 96 184 131 119 221 100 178 76 230 153 65 90 69 196 13 223 216 63
    241 133 65 151 145 85 148 235 15 88 62 170 31 69 160 218 185 60 181
    52 54 79 24 35 238 153 251 198 151 74 245 165 234 80 139 187 248 94
    64 110 234 3 35 136 163 77 97 237 113 178 243 109 104 181 134 209
    112 156 161 22 83 205 141 44 82 72 80 153 62 240 124 112 141 24 183
    121 130 95 109 159 2 132 58 109 50 92 109 236 126 171 38 17 158 232
    26 201 117 229 133 162 87 18 198 179 131 80 215 7 46 51 29 249 208
    80 219 53 68 144 147 63 193 186 131 33 53 160 131 107 95 170 163 255
    229 134 234 164 43 173 148 37 225 108 71 220 172 153 181 33 254 64
    117 210 134 9 233 191 120 228 216 145 130 154 116 198 53 137 186 91
    57 244 213 148 138 0 200 56 55 130 79 242 219 42 15 193 2 99 8 7 5
    35 82 141 229 42 205 197 193 203 255 0 28 84 24 210 209 41 86 113
    233 11 180 77 170 26 226 189 140 113 84 102 103 161 203 240 100 71
    243 10 137 89 57 221 158 221 50 157 155 23 25 64 21 16 177 196 169
    237 117 179 217 222 214 144 41 77 0 126 102 227 100 75 142 209 42 54
    214 128 196 23 220 174 176 36 245 39 182 1 164 141 112 211 154 215
    48 134 186 93 56 45 17 34 89 83 212 180 176 191 118 8 212 3 111 156
    122 68 50 100 80 34 42 252 152 200 195 119 26 223 39 246 219 22 95
    148 186 40 38 72 54 96 228 88 222 120 97 13 120 210 97 92 241 93 184
    136 30 130 108 147 113 36 133 82 52 190 15 181 6 244 252 167 106 239
    77 239 199 252 157 186 119 149 244 71 155 29 155 42 225 218 109 93
    32 97 159 32 120 185 66 42 159 32 127 120 167 221 176 22 7 59 146 17
    78 248 67 161 3 224 233 81 199 175 226 73 8 172 60 230 247 181 131
    210 78 105 144 23 47 255 178 10 130 224 23 15 122 24 31 13 249 0 87
    206 42 180 198 54 210 167 220 201 212 210 80 41 65 246 155 228 167
    72 98 248 231 28 184 60 176 44 20 104 173 51 67 152 71 60 28 164 71
    157 137 133 155 150 207 138 242 51 253 108 36 22 36 236 52 16 133
    234 183 43 64 224 82 115 221 128 26 232 226 86 22 143 251 239 41 109
    212 130 247 60 81 192 74 21 103 181 88 196 246 154 156 122 34 189
    251 138 108 155 61 186 41 31 221 127 97 222 96 153 220 17 165 161 51
    152 58 64 116 154 114 164 62 143 9 95 223 79 126 88 153 38 220 89
    172 243 253 178 13 142 158 33 79 233 229 219 185 150 63 147 229 154
    137 124 147 171 107 153 215 176 127 187 118 88 15 22 227 54 171 150
    224 65 43 152 88 94 101 116 197 76 169 202 17 52 167 144 26 204 95
    92 145 210 87 158 179 249 30 201 217 66 95 74 206 85 1 45 6 183 12
    60 25 232 100 73 164 235 20 116 122 141 121 196 25 183 12 32 245 56
    251 48 122 57 54 140 183 236 221 246 106 67 54 136 148 189 170 132
    36 239 125 193 103 132 232 124 138 233 67 229 51 171 13 218 164 247
    156 53 251 83 181 112 20 175 81 141 93 36 29 255 3 130 32 208 54 163
    172 145 148 72 249 183 188 97 125 96 45 145 92 33 160 109 102 201
    147 23 31 149 16 221 206 209 206 221 28 169 71 173 13 182 45 16 2
    119 107 92 243 181 102 116 251 17 204 204 96 23 146 240 158 112 247
    107 215 151 98 152 41 132 45 35 234 66 191 203 251 232 11 54 133 230
    232 250 188 91 98 165 11 9 229 37 125 215 134 143 171 4 28 5 37 122
    41 98 215 124 234 203 232 129 137 5 153 113 113 226 206 47 98 233
    157 127 154 69 230 154 86 217 143 230 97 45 10 5 239 185 101 36 193
    203 148 17 199 39 102 122 148 2 101 236 206 154 14 197 219 24 94 230
    90 154 69 104 224 7 243 8 192 45 199 170 102 176 102 253 99 147 239
    122 15 68 114 150 227 252 175 207 31 156 108 225 218 255 164 11 179
    84 162 68 246 65 112 192 41 246 252 187 147 222 198 49 49 37 80 190
    60 152 14 93 168 43 27 143 40 219 134 241 231 200 162 207 245 159 28
    51 150 26 158 143 163 110 239 204 151 20 133 70 73 228 12 88 213 135
    34 151 181 247 173 92 160 139 176 197 226 206 35 181 4 117 185 133
    119 168 34 77 98 95 118 169 102 76 109 25 20 16 63 132 135 138 66
    251 135 116 162 235 13 111 72 112 137 22 121 54 51 213 10 165 178
    215 62 183 1 159 183 154 90 217 154 216 152 124 72 155 103 74 119
    212 163 104 92 28 0 75 56 78 21 121 180 99 151 192 228 31 47 112 66
    195 10 15 121 148 245 41 90 190 95 108 4 137 48 115 12 124 245 69
    182 6 55 65 194 199 95 14 218 71 249 241 41 117 28 199 42 214 39 64
    45 122 203 14 219 166 123 43 182 253 152 202 0 217 11 254 207 217
    215 172 129 240 244 81 8 47 238 187 73 130 239 21 188 151 241 248
    252 21 167 179 153 254 114 28 230 117 208 34 239 254 236 232 81 243
    107 38 145 23 30 122 207 21 59 210 144 74 26 108 160 228 41 9 199 10
    65 59 28 59 145 239 118 209 225 106 75 211 44 69 197 123 144 24 46
    146 17 102 194 140 91 105 0 209 186 123 166 240 73 233 203 53 201 53
    130 255 215 176 132 126 101 117 64 6 221 131 117 98 164 155 8 220 40
    185 92 121 149 133 112 191 246 182 104 171 197 175 6 65 6 239 238
    223 80 60 77 7 29 53 46 88 101 235 143 129 226 217 4 211 104 105 180
    42 248 72 8 237 184 26 252 212 157 234 80 137 117 215 15 75 228 12
    228 241 145 155 202 248 218 247 82 189 85 221 254 154 23 197 14 37 0
    223 193 135 231 49 191 75 73 181 66 121 141 73 33 39 117 12 8 142 39
    171 222 55 133 187 54 187 105 77 144 174 168 1 245 25 154 12 213 148
    245 210 67 151 201 58 217 245 109 47 94 94 199 81 63 78 104 194 148
    206 35 135 118 124 58 19 212 164 128 210 175 215 149 251 155 216 116
    46 53 219 112 106 163 193 69 68 173 72 240 154 236 56 69 182 178 160
    10 28 166 77 29 225 159 119 55 39 188 73 218 77 13 7 86 224 198 11
    200 167 134 234 162 121 200 81 188 234 40 123 39 85 242 213 163 138
    108 70 68 47 111 143 235 186 165 95 210 103 174 6 18 128 100 14 201
    146 92 104 56 99 205 197 138 13 96 55 148 215 194 19 246 106 25 194
    11 245 14 31 101 130 70 177 7 85 39 62 135 58 12 4 95 252 154 78 252
    113 244 40 225 130 222 154 54 18 100 110 146 127 107 100 174 184 130
    190 175 129 185 98 158 140 52 195 166 191 12 253 40 236 193 135 66
    179 33 31 154 0 135 208 2 239 151 206 142 134 17 95 103 130 0 243
    119 113 252 235 28 29 171 247 111 243 171 7 119 134 87 44 195 191 36
    251 146 171 148 73 173 242 159 250 5 160 5 61 156 48 94 187 27 201
    10 16 208 239 135 39 207 57 203 176 38 201 145 103 229 51 70 104 193
    117 153 58 110 16 37 250 206 90 178 238 219 13 89 39 195 29 51 114
    46 150 166 155 99 115 165 116 145 182 98 110 74 94 65 83 192 66 69
    215 35 204 128 239 91 232 86 31 171 87 229 19 74 129 85 209 244 196
    215 210 206 183 162 80 132 19 151 171 117 104 32 28 10 43 217 84 113
    232 220 174 96 43 155 64 241 30 7 222 157 185 51 193 193 214 189 41
    212 248 79 152 49 242 255 164 146 152 106 18 38 57 25 141 165 192 75
    54 154 180 227 51 74 112 73 236 245 112 210 37 214 206 83 229 53 17
    154 185 201 35 25 71 62 86 68 186 200 77 57 66 61 180 41 88 117 138
    143 69 140 226 111 250 213 68 227 176 53 117 196 7 30 10 147 34 18
    61 146 203 16 90 73 26 136 199 9 212 200 244 128 4 140 225 136 214
    20 254 99 118 246 97 31 2 41 36 116 22 12 50 171 106 196 170 196 101
    137 185 100 85 141 242 21 13 18 185 41 155 35 177 81 58 243 74 197
    244 194 122 11 238 110 141 5 208 35 32 209 138 57 173 238 229 135
    197 243 167 198 18 26 24 15 11 223 23 132 117 13 136 254 158 154 103
    182 41 247 139 68 116 10 5 10 239 212 65 140 148 27 115 232 133 208
    151 73 43 165 181 159 132 95 234 16 167 74 115 72 71 188 223 161 126
    112 71 60 0 242 69 87 225 149 197 61 52 60 174 1 192 42 201 222 89
    32 69 6 150 185 38 0 163 198 70 253 189 88 215 13 55 213 216 181 119
    233 90 56 231 228 39 69 143 184 146 116 232 71 91 129 15 135 130 61
    193 136 117 35 76 168 158 177 23 155 94 120 178 161 146 104 12 155
    201 121 167 163 49 230 116 111 108 180 87 76 27 168 219 88 245 223
    67 59 219 73 184 91 37 1 32 104 212 151 189 234 140 179 67 159 6 242
    41 26 115 203 38 56 102 136 221 196 88 66 244 243 64 250 193 79 67
    142 171 163 164 33 140 244 194 116 142 132 67 227 153 221 17 157 237
    128 109 168 24 227 197 215 241 239 200 186 150 179 47 86 4 238 90 7
    55 101 40 58 243 33 99 28 252 212 50 109 28 214 228 145 45 121 133
    108 239 241 159 210 142 12 220 143 196 128 164 42 161 158 245 99 3
    97 233 14 232 164 77 254 62 240 91 89 170 139 91 49 147 99 19 186
    170 164 77 221 220 7 253 149 214 101 170 155 69 255 37 235 129 69 34
    34 168 162 253 140 137 249 64 128 227 88 121 204 54 245 88 46 48 165
    223 164 63 171 95 65 79 136 88 89 209 189 1 13 145 32 140 179 2 65
    93 188 146 132 98 9 129 158 180 61 88 215 50 69 79 178 193 215 251
    230 16 2 174 39 250 110 133 185 240 104 33 127 126 28 218 233 252
    174 211 9 152 124 185 81 90 38 93 223 122 58 222 174 65 2 235 49 136
    206 158 4 165 175 242 91 100 168 125 135 91 30 205 140 6 168 136 246
    151 116 84 44 174 96 157 76 174 219 87 96 211 76 128 167 243 144 18
    214 74 102 2 65 179 154 115 35 212 175 110 208 79 159 222 185 75 156
    221 224 244 203 203 78 121 176 239 78 242 159 203 184 239 147 232 15
    227 56 79 51 146 65 98 155 40 121 225 213 96 220 46 180 90 30 21 52
    63 0 112 138 54 186 122 2 120 239 86 56 62 68 240 2 153 207 170 25
    90 195 116 96 151 67 37 72 50 8 74 130 131 158 83 114 174 212 37 54
    42 233 104 20 239 103 28 164 237 43 233 148 108 133 143 3 196 187 46
    170 155 12 32 209 74 216 76 119 229 228 165 21 139 123 10 160 95 166
    98 114 227 4 196 50 146 221 84 84 81 148 40 69 82 54 167 174 160 68
    200 141 151 201 25 137 132 98 157 193 213 210 173 16 101 3 126 213
    107 182 67 208 18 113 140 173 168 138 153 36 206 104 65 86 81 144 69
    40 41 175 26 201 27 15 236 38 28 173 184 113 225 232 202 187 238 43
    162 131 124 210 255 240 60 223 141 196 113 108 86 132 161 10 185 125
    207 42 74 142 143 28 79 200 91 127 78 132 47 103 244 199 183 2 81
    192 156 38 38 140 16 239 77 149 163 47 86 213 230 92 175 219 224 227
    64 225 228 205 208 205 198 217 81 47 52 81 185 175 115 74 83 17 191
    106 191 71 201 2 144 49 32 10 190 77 144 141 70 53 71 145 83 255 226
    171 148 6 233 73 125 244 191 165 50 239 122 63 42 173 86 243 44 209
    62 145 241 103 36 253 179 19 198 144 148 240 225 119 159 93 172 47
    65 181 81 11 25 0 131 203 13 161 72 229 146 157 170 10 77 191 222
    122 197 44 249 166 94 36 173 53 246 128 224 178 55 49 59 15 136 248
    86 142 115 106 191 41 186 32 249 203 165 250 164 181 94 114 198 49
    92 158 65 149 123 85 182 125 27 110 47 46 95 129 251 223 234 44 5 14
    4 90 91 35 94 140 245 201 8 22 75 150 218 213 67 216 123 156 189 16
    86 241 231 118 23 132 201 27 198 48 235 64 10 147 184 104 162 134
    124 150 181 164 88 128 92 83 161 189 159 124 163 235 7 152 152 216
    101 94 250 142 146 51 45 77 20 108 73 42 185 218 108 79 91 175 94
    103 245 40 237 67 189 170 162 46 180 83 195 24 130 2 133 167 208 185
    43 161 24 7 51 17 15 211 238 2 172 188 81 2 23 249 83 196 175 97 132
    187 194 115 101 213 85 56 79 180 252 48 187 177 171 193 30 50 246 10
    135 215 47 196 167 215 17 7 253 237 111 197 236 43 134 175 178 76
    195 236 109 69 77 192 55 175 72 248 209 149 156 239 216 144 64 49
    207 53 12 178 89 229 252 162 125 74 33 128 91 153 235 235 122 40 39
    181 148 105 251 66 183 37 189 226 54 98 246 209 233 24 196 210 27
    192 60 182 252 25 177 215 102 113 179 31 48 217 31 43 40 187 201 17
    124 79 235 173 173 227 177 139 243 208 56 136 224 13 74 166 218 239
    122 16 132 150 117 7 37 26 68 190 20 23 28 19 122 184 114 98 110 84
    96 222 83 197 180 241 92 163 151 149 217 3 32 186 236 1 52 98 213
    112 87 192 249 121 178 207 246 99 239 24 12 93 244 63 222 91 169 157
    176 0 203 144 139 49 101 109 18 51 186 205 236 18 137 118 27 83 63
    179 250 211 51 140 52 176 87 141 97 234 81 179 191 156 197 221 12
    190 58 94 191 105 204 161 123 59 66 200 37 250 193 215 215 211 156
    154 239 193 46 235 247 53 146 28 4 40 109 28 121 211 109 39 90 214
    105 97 169 85 105 210 252 89 75 31 39 28 204 109 89 237 205 12 117
    155 52 46 34 251 97 204 191 92 30 202 237 2 64 68 198 57 244 127 186
    188 202 187 214 147 193 218 187 110 128 207 202 85 253 1 12 68 0 162
    177 53 53 207 146 234 126 247 249 121 136 178 243 73 199 236 79 71
    79 153 95 6 185 159 157 191 188 248 161 253 254 143 152 155 222 143
    26 137 232 202 48 175 3 83 107 234 119 12 235 168 43 133 155 187 243
    91 245 137 90 173 222 4 89 109 170 172 24 157 145 204 155 69 200 221
    55 96 66 44 171 244 102 50 89 242 163 209 85 26 231 163 139 161 107
    100 57 135 210 147 15 117 236 16 149 236 138 0 246 30 255 95 50 15 1
    88 222 216 79 99 179 35 245 133 39 143 188 153 66 82 57 113 35 120
    95 90 247 202 152 89 125 79 225 40 197 165 47 185 246 12 23 116 145
    166 7 167 206 167 248 97 233 252 69 122 194 32 226 43 29 97 208 159
    126 239 98 252 27 133 118 185 13 250 125 242 95 136 170 5 196 37 237
    173 237 224 152 177 125 61 240 169 28 209 36 113 135 206 252 226 174
    244 174 170 230 244 99 246 27 67 186 1 57 231 204 179 190 241 31 100
    103 240 216 127 207 245 225 53 211 119 205 254 210 132 138 130 108
    137 138 193 123 165 184 18 231 40 40 192 4 113 99 244 0 114 233 106
    129 76 49 111 74 127 238 155 39 225 147 193 218 135 167 135 234 204
    113 112 117 97 210 7 151 35 189 106 28 135 229 97 105 195 156 93 89
    213 118 117 147 203 211 158 28 1 21 15 224 95 40 182 212 115 103 97
    145 185 165 97 4 169 95 104 124 223 197 232 127 50 226 33 54 105 87
    35 206 130 63 132 39 52 8 157 8 100 84 108 155 212 57 212 163 210
    171 138 170 213 20 105 161 224 191 244 14 61 226 104 16 72 59 26 7
    36 212 148 210 9 97 153 227 244 150 239 153 85 50 125 13 19 14 140
    65 136 133 171 164 197 183 94 159 248 75 238 139 174 23 67 43 44 182
    74 142 232 214 37 18 250 184 169 132 74 14 73 152 45 113 60 232 126
    77 224 119 72 207 240 111 118 234 135 182 251 202 145 32 1 220 246
    115 40 72 141 58 78 37 184 222 94 252 151 224 74 191 163 143 170 239
    95 140 210 76 142 203 75 232 17 219 30 85 97 19 94 132 137 60 149
    156 124 65 80 242 202 218 208 85 211 104 116 145 203 68 58 58 102
    250 226 241 126 23 68 225 238 107 80 228 246 254 228 254 73 136 123
    111 208 129 171 89 175 200 49 178 125 221 146 120 124 87 243 199 51
    128 198 6 252 249 198 189 130 49 8 8 163 244 124 82 116 132 99 175
    47 130 165 158 126 24 116 111 37 77 219 240 220 98 149 119 122 6 197
    206 144 194 47 129 97 90 13 174 1 76 158 169 55 99 154 44 91 126 106
    201 235 187 171 120 183 65 135 202 36 149 191 32 181 236 105 182 94
    242 249 206 158 153 131 36 141 124 35 248 214 235 168 204 191 201 22
    156 173 15 96 93 50 61 192 214 231 231 6 149 178 203 11 40 247 97
    141 65 96 176 6 199 206 53 169 3 142 134 28 35 187 255 164 23 66 162
    104 244 17 143 1 248 39 11 148 228 115 111 48 165 41 215 242 225 101
    21 248 7 143 23 237 54 115 134 74 49 233 1 120 114 194 148 144 65 63
    111 235 115 132 1 77 59 182 226 124 200 120 133 216 116 156 62 5 39
    226 117 29 135 222 190 49 196 100 77 105 114 244 118 231 218 174 88
    9 37 175 47 193 70 96 195 247 224 219 108 120 243 212 170 217 224
    144 154 213 75 172 67 152 244 91 221 251 0 54 232 5 255 233 48 70
    181 43 226 75 242 119 88 203 207 41 251 101 185 188 27 180 254 122
    124 207 64 127 150 65 142 175 10 221 59 206 218 199 132 244 42 43 28
    13 134 26 62 164 14 100 95 210 16 39 34 234 106 54 97 67 248 44 248
    48 101 133 116 117 135 208 122 129 157 80 143 24 118 121 173 120 215
    184 227 3 15 223 78 113 50 21 206 93 73 160 109 113 100 92 50 88 11
    145 76 246 114 139 80 234 23 177 247 252 117 219 9 107 243 103 90 77
    238 21 84 96 44 161 88 136 236 158 7 65 234 23 13 189 33 233 103 68
    209 92 169 233 11 13 71 49 108 176 28 39 104 176 181 217 41 150 214
    19 111 163 168 65 74 26 88 155 30 69 125 139 107 29 165 141 238 107
    108 207 58 72 230 176 192 164 87 182 148 146 237 58 127 3 53 80 57
    253 209 191 176 38 239 137 18 127 160 158 102 193 152 126 243 193
    174 6 107 224 100 117 169 24 138 129 63 28 92 178 115 82 164 15 135
    22 144 135 163 37 187 102 24 168 111 17 51 149 228 221 14 9 22 65 46
    38 251 177 44 190 2 72 94 208 17 249 111 250 60 59 239 162 18 0 223
    135 255 15 43 158 121 233 96 80 3 203 58 228 61 224 124 210 208 208
    236 167 133 175 77 211 186 72 123 248 42 89 158 68 145 174 245 124
    143 72 84 148 128 20 184 63 107 173 116 72 254 65 190 134 170 198
    184 106 133 45 139 182 105 163 66 103 18 4 167 109 91 62 169 179 5
    147 115 98 194 29 210 62 137 134 237 87 49 87 240 90 183 58 110 193
    241 104 59 66 65 250 200 150 114 221 217 106 174 196 107 238 70 124
    180 91 7 92 137 173 143 218 154 172 173 223 10 154 95 100 224 131
    171 85 86 62 40 130 119 15 235 159 75 214 169 186 160 175 9 248 219
    123 174 92 9 84 34 172 34 190 237 191 199 115 26 209 185 80 229 101
    203 24 121 137 252 217 21 88 217 81 122 46 27 24 64 208 109 99 138
    47 243 176 159 57 67 184 145 35 161 19 81 54 106 0 223 104 31 0 161
    84 16 254 168 6 27 9 219 244 87 40 46 177 217 9 65 232 118 227 144
    137 2 8 226 146 79 130 209 147 75 250 115 243 233 87 31 44 77 44 164
    30 245 203 71 89 190 87 175 231 54 144 29 218 228 190 225 161 69 70
    66 77 206 51 185 101 82 5 226 50 82 133 181 134 170 121 43 230 148
    178 54 241 99 81 209 196 165 45 236 123 242 25 87 255 188 20 41 243
    178 29 127 148 57 0 13 160 186 246 158 29 154 202 153 36 157 204 250
    15 105 193 13 51 57 20 171 176 186 204 9 115 78 103 165 133 75 45 41
    155 106 25 46 75 46 75 45 75 217 255 16 205 137 103 232 12 185 68
    176 90 183 144 129 227 47 163 0 59 238 101 80 26 94 63 88 253 97 58
    154 199 231 2 37 188 193 70 249 233 63 215 10 162 222 48 14 105 141
    98 56 75 252 34 227 252 74 17 92 188 131 242 184 220 101 246 230 113
    201 128 51 21 116 181 187 150 43 23 156 150 248 178 206 44 208 102
    93 140 180 201 11 147 235 185 223 216 94 248 15 245 189 124 28 193
    186 28 129 71 212 118 48 182 140 104 91 191 254 72 32 222 186 2 143
    233 219 79 208 32 192 46 102 136 210 0 36 121 104 1 172 207 149 37
    84 47 219 35 223 196 251 83 95 36 158 66 225 218 15 15 183 65 60 206
    234 108 104 222 106 47 198 87 101 19 214 68 156 138 213 108 50 44 22
    84 227 224 204 149 171 222 95 166 233 100 51 152 197 29 181 0 252
    209 168 208 135 73 128 61 247 73 2 174 62 234 29 102 245 109 192 236
    92 78 91 116 16 173 23 41 6 54 159 74 157 138 111 191 132 215 245 25
    243 235 17 185 209 198 235 186 191 198 254 147 103 81 19 245 131 120
    24 107 139 195 115 35 162 157 51 86 247 186 56 49 104 43 229 122 48
    15 16 11 222 151 124 88 158 20 245 29 48 132 60 107 192 144 88 188
    239 20 173 162 57 173 80 175 9 195 234 130 215 169 208 71 195 158
    177 18 73 137 246 170 152 74 208 151 190 219 44 188 173 110 180 105
    121 70 230 114 62 131 135 128 208 161 185 56 87 220 166 207 200 32
    37 92 170 175 181 143 47 99 56 36 82 164 123 180 45 185 173 224 49
    26 125 206 250 229 242 53 208 251 46 155 144 240 183 231 42 6 35 121
    153 12 202 91 111 149 226 127 198 57 247 69 188 254 188 218 56 122 1
    182 24 174 55 214 29 148 230 174 93 251 38 91 135 118 56 64 164 43
    168 163 248 185 20 73 170 155 117 129 44 255 126 207 139 248 1 33 40
    222 156 168 152 58 228 203 252 200 124 136 167 226 84 242 189 29 107
    94 152 124 48 113 163 203 10 113 202 252 11 10 142 112 142 90 70 219
    212 46 172 231 2 185 136 233 113 42 9 87 163 161 10 190 105 199 111
    140 211 191 155 57 67 38 96 160 16 141 231 252 101 141 13 63 109 132
    79 77 247 16 73 49 106 91 43 238 159 140 236 112 148 244 180 109 233
    231 147 65 3 161 47 247 140 248 116 218 204 49 215 126 13 62 181 225
    199 83 70 64 207 177 253 245 107 10 241 63 8 118 81 221 118 11 205
    47 159 203 24 34 69 234 49 62 63 76 151 91 193 24 54 30 18 218 255
    129 175 93 13 61 89 97 225 161 36 73 142 227 205 50 174 102 234 113
    144 85 243 30 218 79 127 76 67 209 131 45 230 91 190 114 193 128 182
    178 205 124 175 165 202 51 222 81 20 43 22 48 79 242 213 188 224 101
    34 117 49 159 251 169 99 126 9 9 197 17 114 173 247 79 146 35 9 24
    158 150 150 247 45 202 81 32 131 124 139 45 156 194 45 100 169 85
    154 204 37 214 227 218 144 216 57 250 212 15 181 196 30 153 3 236 42
    177 124 25 43 22 150 101 219 153 187 55 68 64 59 33 111 88 242 28 8
    2 53 69 210 28 229 143 253 210 226 3 219 169 64 110 70 6 224 72 217
    65 81 65 225 142 181 172 216 123 14 86 89 4 24 88 79 237 248 87 74
    230 92 247 19 139 52 72 101 6 98 181 138 22 45 175 225 30 84 51 126
    69 120 196 101 164 90 139 223 163 125 138 48 244 74 226 31 27 120
    241 194 176 63 113 212 17 190 103 1 108 79 191 56 108 183 32 96 49
    80 209 98 216 147 118 95 221 139 201 151 248 111 235 190 128 28 184
    226 69 247 217 202 83 214 248 196 231 217 188 215 23 173 127 156 238
    5 202 46 242 180 131 145 4 243 11 195 39 169 137 120 88 143 135 23
    209 213 69 83 126 83 170 111 117 66 179 39 146 126 199 254 142 228
    42 214 210 47 18 186 7 169 144 81 16 0 45 54 135 134 208 87 94 120
    237 41 73 206 28 125 30 184 133 171 128 173 33 66 161 73 61 244 61
    35 158 148 72 208 168 166 93 249 249 92 109 130 178 100 81 110 101 2
    103 127 52 81 200 169 253 157 145 240 135 27 176 83 59 234 7 215 176
    74 144 147 236 227 89 66 44 125 211 160 79 106 214 191 156 103 226
    182 16 151 84 12 120 179 1 144 158 106 245 190 41 146 88 54 41 152
    63 201 4 15 30 211 17 146 30 52 73 172 150 18 11 123 4 79 154 160
    125 211 226 187 137 218 37 206 189 198 230 230 40 145 73 12 55 224
    194 70 161 86 197 161 212 243 114 48 90 188 211 86 194 132 61 255
    189 211 174 178 224 39 188 193 6 202 42 210 30 117 36 5 185 170 230
    250 165 205 139 65 170 108 229 6 160 166 97 171 165 88 80 125 50 78
    55 70 21 65 57 73 89 160 169 160 241 70 139 212 166 19 251 178 182
    131 93 138 45 19 240 248 229 0 11 103 233 205 135 73 139 82 50 44
    198 190 101 111 46 183 85 160 190 23 136 121 0 36 188 227 130 86 31
    249 91 77 130 240 115 65 250 235 139 207 156 107 183 185 108 120 110
    148 116 36 142 123 205 13 34 180 26 28 238 169 116 190 62 129 24 11
    111 51 226 127 221 107 205 179 153 121 34 150 149 112 97 5 48 151
    153 130 0 50 127 57 201 20 243 59 214 255 192 101 130 20 70 28 200
    60 85 147 221 155 120 136 125 155 62 251 90 11 173 230 192 27 239
    220 83 22 3 205 113 79 108 240 29 142 144 18 195 56 226 154 12 67
    199 122 12 195 219 144 245 177 6 188 165 117 216 158 59 114 227 107
    255 77 157 10 86 182 174 225 188 101 203 154 73 207 102 184 89 178
    63 71 237 163 45 57 70 103 151 22 228 121 134 224 243 50 104 187 135
    212 76 105 199 218 36 158 78 1 33 115 61 19 88 190 79 210 136 194 9
    56 178 132 5 98 125 89 173 68 182 115 49 53 8 215 16 64 40 146 93
    226 205 90 37 253 50 133 136 33 12 104 160 71 19 67 249 47 185 24
    207 115 27 220 178 24 198 86 13 229 136 88 193 93 69 176 95 214 80
    22 205 244 94 150 53 173 119 132 195 123 132 254 28 251 122 10 15 0
    157 218 43 137 2 215 242 53 184 158 36 99 28 247 103 140 56 129 167
    0 123 47 115 98 118 218 195 59 10 33 164 133 88 176 154 188 137 2
    125 87 56 162 120 209 65 194 16 86 106 116 230 104 191 21 145 225
    136 240 205 178 89 100 68 108 89 29 197 68 104 160 240 195 155 119
    182 49 120 60 215 249 115 59 54 239 70 179 226 75 56 215 96 120 2
    120 97 167 249 20 113 40 186 250 29 83 15 73 31 226 2 71 196 193 8
    216 228 189 94 167 89 144 188 153 128 71 100 77 184 7 38 251 18 196
    204 245 179 165 203 109 108 236 112 40 86 120 227 120 212 93 205 196
    154 241 180 7 151 171 61 170 118 75 102 9 224 121 77 116 170 207 101
    136 196 180 230 238 167 66 107 109 215 213 186 215 178 127 2 0 141
    60 123 165 213 80 240 157 83 227 136 247 202 227 214 141 144 234 59
    83 14 37 8 47 186 131 206 251 92 156 99 123 113 24 46 230 35 180 182
    196 112 56 159 114 243 55 93 47 178 200 58 130 107 181 164 211 115
    168 53 194 167 4 198 255 12 213 245 58 169 31 249 100 77 87 189 4 13
    135 5 222 130 230 60 168 41 155 207 160 251 145 88 27 108 180 159 2
    4 99 27 254 65 199 227 196 129 94 92 190 75 253 211 32 220 131 73
    249 215 184 214 221 171 78 132 106 105 36 203 46 21 147 37 120 48 63
    228 240 22 46 172 46 112 17 143 249 115 89 39 11 36 91 110 4 16 93
    59 50 202 211 138 86 22 86 191 16 173 201 25 121 184 72 208 253 193
    246 248 16 112 229 197 152 65 169 122 134 156 73 99 227 69 84 36 7
    105 118 125 197 113 49 117 30 103 18 4 229 139 159 40 242 219 162
    146 244 203 93 109 105 103 199 170 19 151 172 93 16 181 114 162 177
    166 70 30 101 78 79 156 135 15 161 6 53 88 24 189 80 156 136 224 184
    114 215 72 26 147 203 126 90 141 223 87 44 239 127 86 170 174 135
    171 73 235 143 43 207 85 233 160 74 156 123 85 177 155 132 230 207
    113 215 100 186 9 232 170 141 253 98 95 39 137 89 165 106 244 161
    250 2 56 70 226 172 233 239 169 204 177 124 103 32 84 159 73 55 21
    252 149 86 173 250 31 249 94 110 186 181 195 83 173 92 185 72 96 219
    225 61 72 69 206 5 219 171 147 7 174 170 192 223 141 227 178 215 212
    118 169 11 50 85 233 108 73 184 172 239 240 111 151 163 33 218 174
    232 73 126 241 249 54 42 223 212 147 93 180 67 233 102 213 162 85
    158 32 48 135 27 83 107 78 204 200 17 176 58 31 152 23 72 121 7 74
    161 202 202 119 66 191 176 55 32 28 70 252 146 124 126 25 205 181
    173 245 173 57 67 52 172 68 190 193 91 67 255 222 219 29 74 228 229
    91 148 237 109 121 16 250 180 113 207 131 118 237 220 172 206 129 81
    112 85 143 180 17 149 61 81 143 245 83 211 148 170 54 254 21 143 115
    57 223 156 135 115 253 137 141 207 235 53 47 85 252 125 203 75 167
    51 74 27 249 127 120 138 149 238 239 210 4 246 148 155 239 209 125
    230 131 116 201 113 160 43 173 205 184 233 89 43 163 248 159 2 175
    149 141 57 22 37 7 97 249 93 216 53 243 232 40 125 155 2 179 165 54
    170 131 248 202 249 239 115 84 245 171 110 45 64 176 2 142 229 24 18
    34 74 76 102 214 164 144 191 134 110 66 175 160 177 19 70 121 144
    201 186 194 221 121 72 103 51 100 45 226 215 107 58 216 35 85 57 183
    222 254 116 1 37 183 112 199 180 41 191 76 89 208 74 81 157 191 209
    227 212 205 194 145 169 160 76 235 84 112 15 162 207 93 227 53 103
    204 64 67 180 107 46 249 2 62 250 209 61 221 225 29 70 165 2 217 52
    187 56 25 191 183 216 48 137 62 252 15 150 118 30 119 179 245 118
    253 115 211 57 58 217 187 30 10 20 177 181 242 60 238 79 188 127 158
    96 240 70 93 238 128 13 213 180 228 104 48 174 96 112 235 229 170
    138 49 88 101 43 90 73 151 149 174 151 129 192 245 207 153 23 225 19
    102 167 59 163 238 246 113 135 75 228 205 79 151 220 32 23 154 58 35
    123 191 103 93 33 138 136 46 116 202 114 239 242 143 114 30 119 179
    228 66 18 141 37 158 184 150 81 27 70 148 28 143 100 170 44 12 242
    114 6 25 57 92 16 62 217 22 153 194 218 6 103 225 155 15 7 66 64 43
    8 41 231 160 210 167 206 176 22 139 174 43 178 234 120 106 140 232
    165 71 199 185 28 55 154 173 106 8 97 207 164 179 121 10 171 201 174
    87 182 127 14 88 105 104 197 30 117 136 81 74 52 111 150 121 10 215
    190 242 45 27 251 89 244 113 201 210 119 89 61 229 41 219 174 198 14
    156 248 230 193 24 44 226 65 162 196 210 223 49 191 7 212 165 159
    204 203 252 182 83 248 35 74 173 0 79 4 220 33 209 194 91 0 149 245
    48 10 69 50 230 28 152 153 75 103 119 240 199 109 2 58 65 117 180
    233 237 110 164 245 171 171 69 246 163 243 100 101 24 6 23 204 8 108
    124 2 215 38 132 82 163 207 128 45 112 153 117 232 211 91 158 253
    193 170 10 8 150 131 226 99 4 121 114 57 4 113 29 140 201 20 140 195
    201 193 216 44 29 108 127 185 142 134 105 100 103 138 251 27 49 84
    17 151 184 216 109 229 116 208 223 152 69 57 98 17 220 151 53 46 249
    119 209 23 232 86 170 218 12 239 115 164 44 35 248 137 115 107 152
    64 2 55 153 214 171 146 99 90 178 107 202 153 131 226 2 146 194 174
    20 13 54 204 184 1 143 34 42 38 143 25 223 211 50 145 204 132 149
    152 230 68 51 163 117 67 54 140 18 245 65 6 167 209 190 7 151 55 178
    126 244 86 33 220 65 198 213 190 36 175 122 183 231 27 112 79 222
    179 240 204 6 39 160 183 0 197 142 76 66 79 211 96 45 226 98 59 0
    235 75 46 107 173 110 57 110 41 157 141 192 152 236 72 25 136 227
    120 100 62 99 179 131 118 215 18 98 217 112 207 243 200 220 63 27
    130 75 133 196 56 214 210 216 42 208 109 183 239 78 98 94 252 78 14
    91 5 37 165 2 118 201 75 68 35 36 121 224 154 70 140 172 173 63 91
    102 110 1 22 52 10 86 189 216 87 113 163 190 49 40 205 165 176 14
    123 229 113 111 148 75 181 21 60 30 205 90 147 99 133 132 163 237
    241 3 237 89 248 153 136 130 160 203 28 104 134 123 211 206 220 81
    247 119 81 92 5 98 190 57 45 139 24 50 232 145 217 130 79 153 152 24
    153 181 147 186 144 46 128 105 20 204 96 91 64 1 238 255 95 50 36
    177 129 164 115 80 71 61 168 252 184 204 193 24 179 177 6 128 150 9
    10 210 46 145 41 62 208 48 196 150 12 1 2 130 93 18 163 78 112 208
    109 61 184 230 182 245 230 194 55 151 144 149 108 45 169 253 39 165
    201 179 75 59 82 99 26 46 241 155 30 28 246 68 132 244 22 113 164 23
    208 154 174 149 75 164 205 14 200 161 44 194 78 139 225 118 224 235
    43 114 51 197 86 241 121 62 234 89 124 12 30 155 204 160 181 55 120
    176 230 50 182 11 207 22 135 236 195 88 101 171 118 79 163 136 217
    90 90 2 130 129 144 32 60 114 0 249 246 183 137 66 183 103 133 98
    255 181 224 126 97 90 115 12 124 37 93 201 154 63 185 72 39 34 255
    20 221 225 74 242 160 165 4 46 56 225 143 69 150 89 31 53 92 29 61
    210 165 63 229 101 67 142 11 240 28 200 195 37 159 70 179 119 220 66
    16 143 111 0 181 232 116 30 73 68 134 3 215 177 38 179 244 8 157 5
    165 141 94 52 240 219 132 85 31 248 22 139 14 144 104 187 96 187 29
    76 138 36 251 74 173 113 182 4 248 51 95 151 136 216 106 201 165 194
    42 204 109 202 221 4 85 9 193 36 227 76 201 190 161 228 25 68 31 113
    14 161 106 90 250 0 151 100 2 103 122 24 26 253 166 245 101 148 137
    189 68 115 212 230 153 2 104 34 58 60 143 76 177 15 134 133 32 199
    26 174 25 22 104 170 211 148 152 57 49 112 175 238 235 103 38 119 97
    254 249 163 2 40 141 26 120 30 125 7 117 234 242 134 198 119 54 72
    218 252 8 175 227 211 206 255 190 27 158 176 141 67 185 230 159 16
    84 139 129 189 147 242 187 57 233 189 23 194 175 228 177 111 190 170
    170 179 243 34 196 133 104 40 52 195 240 236 248 254 223 237 180 197
    37 207 47 58 230 160 204 84 239 243 61 19 95 47 205 151 182 94 95 10
    57 113 88 123 118 108 83 36 199 22 218 38 110 168 134 97 16 3 36 11
    169 231 25 252 189 12 254 162 181 26 212 203 253 129 54 133 207 220
    80 35 247 118 171 6 31 63 188 66 60 54 220 254 162 53 14 215 168 45
    78 255 55 196 152 1 100 226 244 172 52 231 69 13 134 50 168 122 141
    204 244 33 76 212 78 100 130 61 207 102 242 224 36 157 208 151 174
    149 233 0 26 210 11 87 219 197 254 221 172 108 197 95 249 137 86 76
    164 166 226 251 229 170 174 169 154 43 134 7 52 123 139 189 51 195
    47 17 0 103 181 77 129 140 149 153 134 89 71 172 145 56 81 191 153
    15 203 236 199 212 35 143 119 157 71 125 249 82 200 41 93 238 172 54
    122 99 160 197 65 9 20 127 19 193 255 180 205 195 143 96 3 129 77
    213 137 97 75 83 237 175 56 239 133 44 88 120 31 82 94 129 153 105
    197 57 203 178 166 75 41 9 162 75 25 111 82 224 252 180 173 124 138
    236 81 143 180 193 137 166 201 6 145 93 213 174 63 194 200 220 63
    240 0 194 117 230 139 238 152 49 130 54 233 79 254 213 70 217 8 76
    133 232 27 124 70 234 120 254 222 252 229 162 212 223 43 143 222 220
    104 162 177 110 250 218 132 146 163 185 188 152 225 68 91 24 41 89
    175 190 54 201 9 3 104 211 100 116 146 181 59 83 88 12 89 231 58 247
    158 19 164 162 110 37 159 161 154 56 122 63 248 244 73 121 40 152 53
    29 0 23 101 133 228 12 43 19 172 162 33 243 55 82 35 60 19 68 122
    113 89 29 24 26 106 27 60 55 154 226 86 239 187 79 124 28 205 220
    204 222 220 97 118 247 26 135 169 127 176 73 60 235 221 199 245 158
    220 235 99 109 50 192 102 175 90 186 184 188 217 13 133 133 122 36
    246 2 149 143 56 249 224 105 70 76 46 67 126 53 52 131 50 77 225 203
    97 106 48 6 229 104 155 226 79 23 254 161 157 31 32 183 234 53 52 16
    133 15 14 121 139 161 254 227 193 168 3 63 231 90 253 60 201 7 1 192
    219 146 168 195 161 247 117 219 188 175 185 215 43 48 75 112 20 207
    86 202 100 119 73 60 40 136 220 201 160 226 146 167 132 89 128 226
    173 84 157 5 177 161 27 90 214 145 156 124 168 136 142 245 148 214
    152 144 62 127 126 221 217 207 159 126 144 108 207 244 75 25 80 121
    219 140 195 133 180 211 164 32 92 112 81 255 223 185 237 93 96 156
    161 87 168 201 126 194 185 26 66 86 7 146 12 119 205 206 84 142 159
    2 46 75 124 253 245 241 202 10 14 95 153 192 16 103 169 212 246 122
    45 105 106 179 22 19 37 26 89 195 57 12 53 112 14 53 66 221 218 168
    91 74 206 210 21 238 242 26 45 118 38 187 156 7 105 246 113 57 235
    242 246 179 40 254 31 47 73 48 229 48 44 199 73 82 208 237 37 146 16
    147 110 182 225 220 217 33 12 238 52 151 40 96 231 181 177 240 177
    145 97 9 252 228 29 85 160 61 213 101 93 81 19 238 52 239 218 69 182
    29 184 137 190 238 53 120 203 67 189 227 253 41 35 226 61 56 183 184
    51 216 52 220 6 102 88 89 224 5 236 109 232 156 65 90 93 182 237 173
    179 255 55 9 114 143 200 1 131 56 77 103 32 154 214 183 246 199 8
    126 218 91 123 137 38 155 52 88 3 77 185 77 125 248 74 227 40 205 39
    105 171 99 37 153 231 157 14 6 7 164 253 27 47 198 239 89 252 143
    183 165 162 160 20 92 25 200 125 171 74 68 189 38 9 153 79 217 18
    103 18 204 157 231 188 182 118 30 122 14 44 18 203 74 226 156 211
    154 87 197 20 182 90 176 172 147 62 230 168 211 228 211 24 222 103
    122 69 25 84 168 196 153 188 159 244 243 75 135 180 37 65 172 101 41
    159 22 37 112 30 30 120 122 153 121 120 34 24 155 36 139 184 149 189
    35 70 235 131 85 66 197 5 52 12 51 173 17 28 27 232 13 2 13 149 42
    215 147 212 126 39 219 173 252 31 251 32 76 14 201 14 132 100 17 153
    52 104 95 95 231 237 64 56 89 170 222 254 175 230 6 107 66 128 178
    29 41 184 153 24 69 83 28 143 114 241 36 249 116 100 165 106 233 66
    116 42 97 89 44 53 165 36 86 90 132 94 180 231 205 142 174 71 153
    245 45 235 1 157 239 227 65 70 97 16 202 113 255 96 58 218 147 83
    227 110 128 179 254 10 207 48 101 133 233 107 110 237 228 96 189 193
    121 183 55 108 38 100 199 224 205 96 207 193 14 224 244 8 87 13 153
    123 46 155 59 157 51 185 131 105 210 161 201 163 218 67 116 8 68 215
    65 204 69 110 192 82 117 89 54 103 196 165 193 184 159 122 253 41
    238 158 156 146 182 51 222 32 86 110 163 206 218 246 22 221 144 111
    99 60 243 8 220 154 103 154 106 250 192 93 100 95 49 48 66 143 87
    174 200 225 203 11 151 39 143 71 93 95 128 57 230 22 44 185 52 112
    240 242 179 13 37 41 217 213 96 162 201 90 200 202 170 74 220 19 89
    246 244 203 180 93 255 157 222 19 74 34 107 34 108 137 236 249 29
    113 86 207 40 169 156 103 161 39 112 203 204 58 205 110 170 53 60
    143 249 22 99 49 242 251 166 214 89 49 45 58 168 190 161 236 255 153
    206 174 2 233 215 140 188 77 140 240 177 198 98 113 207 176 132 231
    190 184 115 212 237 143 58 116 230 251 73 1 203 75 157 231 169 116
    169 48 87 164 236 188 241 69 101 205 241 244 131 149 142 187 92 101
    39 24 22 27 65 245 23 182 218 211 10 206 114 224 147 63 16 92 110 31
    12 200 128 77 249 37 211 205 50 185 93 141 84 21 45 143 114 29 196
    47 154 92 241 238 72 252 116 212 91 174 142 71 240 239 106 215 20 32
    107 150 224 235 103 99 98 220 67 176 93 203 99 173 5 75 91 44 216
    120 242 255 189 172 95 236 35 27 63 206 179 206 201 240 154 127 222
    128 19 169 110 148 248 103 89 24 35 236 170 236 130 102 56 116 117
    117 86 105 184 63 75 61 1 124 2 211 255 77 188 235 85 80 228 13 108
    204 127 215 154 94 24 211 222 105 104 244 251 220 90 215 157 93 200
    3 227 183 127 148 84 2 162 93 77 18 231 209 91 159 217 2 91 61 17
    112 151 29 143 79 239 255 221 112 0 196 156 19 60 170 94 13 99 147
    80 57 64 15 121 160 72 152 244 13 118 205 198 247 185 16 203 124 12
    35 51 173 236 160 132 67 195 249 113 207 69 94 128 206 244 36 157
    137 86 74 185 101 18 120 152 193 171 86 118 229 106 39 244 113 255
    252 96 32 81 60 226 126 166 167 126 225 173 83 172 86 147 179 84 17
    191 67 250 91 249 218 200 36 135 16 255 144 16 138 63 74 128 147 106
    127 28 51 180 197 129 158 64 152 98 153 72 169 47 48 233 242 200 77
    119 178 218 109 131 235 69 92 83 236 146 236 76 233 8 249 150 105
    174 27 104 109 13 197 251 78 69 171 84 243 26 213 28 138 232 166 229
    24 9 94 138 33 49 203 32 198 9 60 113 5 234 166 251 62 70 14 62 144
    186 2 63 50 43 222 41 188 68 202 219 15 251 88 1 251 249 99 156 112
    93 167 115 166 137 227 83 239 87 31 101 34 15 101 143 89 36 58 186
    123 62 72 119 95 113 215 213 42 176 78 13 56 200 230 204 92 0 33 211
    158 229 195 255 82 81 17 30 206 253 82 74 185 204 62 34 71 87 57 129
    205 46 172 156 169 166 149 78 237 117 208 68 241 176 70 55 148 24 58
    197 249 92 204 205 34 10 120 234 78 122 138 202 29 73 69 3 14 95 134
    198 177 14 160 175 222 89 1 152 61 231 190 77 149 145 75 112 228 126
    79 19 251 35 46 6 196 67 54 43 66 172 141 63 76 133 75 195 75 148
    212 128 51 80 125 33 207 176 99 102 147 165 175 184 43 62 91 174 193
    241 71 192 172 164 223 116 3 65 52 238 229 74 65 220 240 21 220 7 54
    117 186 38 145 157 133 206 20 115 100 33 52 206 157 160 39 190 21
    140 65 39 188 16 76 107 94 147 198 255 28 93 237 132 173 42 51 254
    204 109 250 80 63 176 242 157 201 230 170 187 107 245 141 136 106
    254 196 254 167 67 150 242 7 37 47 251 164 201 31 219 14 42 40 77
    124 27 196 73 82 10 160 230 160 91 244 39 219 152 254 122 233 70 178
    47 107 248 254 112 51 153 156 252 27 176 124 246 187 146 148 76 244
    222 150 165 222 245 107 88 217 156 129 102 112 134 221 71 224 129
    155 114 78 24 29 217 120 35 222 181 99 188 118 207 65 223 54 250 133
    64 168 176 199 16 228 162 7 89 173 35 172 116 225 188 109 214 217 9
    215 180 106 180 139 173 144 34 173 147 236 88 219 98 113 7 61 193
    200 245 238 210 204 233 252 157 123 190 10 240 168 34 142 41 154 42
    18 199 165 51 97 161 51 183 106 51 97 0 15 97 107 163 118 217 201 83
    72 157 125 199 145 70 179 36 31 234 108 90 228 228 2 112 127 3 109
    10 191 201 123 225 181 238 247 101 53 18 50 206 200 163 235 160 139
    77 182 63 87 231 92 86 8 16 73 193 178 26 197 211 61 132 66 60 174
    34 27 132 150 0 186 250 61 7 131 174 185 36 16 80 0 31 150 73 134
    172 125 220 173 53 246 194 30 87 195 119 48 203 194 117 173 99 34
    227 23 169 168 189 203 13 229 98 158 100 39 54 42 106 59 140 194 245
    57 121 76 231 7 25 54 151 3 10 207 164 45 102 84 114 43 197 179 119
    170 102 184 206 50 139 209 202 195 152 199 110 127 151 137 200 237
    209 163 198 118 204 94 32 36 129 111 78 85 209 139 246 53 125 100
    219 166 225 119 133 99 174 139 191 154 71 175 211 110 177 7 99 97 27
    110 230 225 242 201 169 142 56 163 87 57 205 214 170 22 225 195 203
    159 176 198 15 77 153 201 184 28 39 104 143 180 104 70 84 8 27 154
    52 173 57 42 95 56 120 137 8 69 210 236 176 74 47 211 29 81 177 80
    212 124 56 148 183 157 230 8 82 90 196 47 48 218 104 127 44 33 155
    230 46 111 68 69 83 131 156 247 150 172 126 47 100 174 183 144 166
    245 71 168 157 144 254 54 235 189 176 233 50 134 130 20 215 168 233
    159 117 67 56 132 128 213 37 121 89 21 194 103 124 230 55 10 110 170
    114 65 74 225 93 113 136 180 119 28 134 169 228 2 153 116 18 46 152
    244 68 220 65 159 93 227 172 178 214 20 0 125 74 76 253 7 117 160
    210 51 231 223 209 86 89 244 226 161 158 198 115 197 93 206 50 10
    237 18 38 172 159 34 5 189 131 89 167 146 12 239 175 24 27 105 123 2
    123 24 13 240 244 176 167 161 86 101 207 254 151 177 54 5 176 86 17
    78 101 185 145 155 100 109 242 49 142 162 61 22 129 123 166 117 73
    237 147 108 251 232 151 1 22 91 23 182 143 159 24 225 4 63 111 205
    223 152 250 71 157 216 255 38 191 195 50 35 91 4 129 91 75 65 64 212
    76 50 243 53 38 40 122 246 238 55 247 195 155 151 222 132 228 224
    127 122 245 125 235 245 75 225 253 122 11 212 248 3 191 239 177 175
    166 67 133 184 127 183 151 222 173 17 19 65 249 174 1 180 184 182 28
    53 191 126 158 19 22 200 182 123 61 185 244 36 15 135 44 59 143 77
    127 112 70 30 138 119 184 110 107 197 192 225 54 53 147 6 35 155 136
    114 176 212 81 105 23 17 211 8 211 233 164 218 39 99 89 76 54 218
    116 143 179 231 70 24 164 254 136 86 181 17 186 253 241 211 146 229
    132 142 12 86 109 178 181 8 180 151 93 111 247 181 16 73 186 222 204
    204 236 232 194 128 162 138 93 32 193 195 254 250 97 234 136 151 57
    158 64 119 154 97 175 96 85 126 34 66 112 165 224 184 213 144 114
    143 101 110 46 152 241 223 118 116 169 155 32 173 219 110 255 214 90
    122 160 69 242 68 56 228 105 251 238 87 8 114 181 78 179 213 108 99
    144 213 68 68 229 20 33 184 47 246 237 58 116 110 158 35 98 74 152
    112 153 26 95 171 18 158 214 169 44 179 31 158 95 250 12 204 66 97
    11 60 67 107 43 100 222 253 227 59 5 162 217 108 104 245 118 91 176
    150 178 33 70 214 65 79 179 202 86 58 111 139 175 110 161 229 170 70
    99 178 110 191 183 78 51 92 67 123 29 210 43 66 183 50 162 204 20
    150 38 187 254 100 231 80 54 228 21 69 49 254 217 241 27 49 222 8
    132 108 215 109 215 186 118 54 8 85 81 184 154 235 215 136 182 47 46
    182 109 77 190 140 83 7 221 109 136 150 95 130 78 204 243 68 214 6
    39 79 244 70 178 112 97 137 52 123 255 124 85 85 164 229 231 166 140
    86 249 232 146 127 131 20 10 173 81 94 70 24 118 158 244 126 176 0
    106 245 178 127 212 186 166 71 120 68 196 28 110 87 40 101 14 54 90
    189 78 167 247 135 222 249 47 137 76 49 252 250 232 194 166 155 251
    201 93 60 225 11 123 20 229 71 79 129 168 163 29 83 191 46 47 57 116
    251 133 84 141 140 121 150 198 189 195 98 5 254 173 163 107 239 8
    105 103 208 253 192 203 162 181 40 242 135 39 72 156 239 37 39 111
    217 128 144 240 220 101 169 160 11 156 109 227 243 59 33 240 158 207
    210 64 84 221 67 31 95 103 198 141 235 66 108 218 254 204 107 15 229
    49 205 160 7 194 158 208 80 226 227 174 222 58 105 241 167 55 26 86
    216 120 190 228 29 248 210 232 145 16 37 179 4 191 79 194 162 69 176
    253 44 188 27 227 179 241 175 125 249 195 159 178 204 131 47 175 61
    10 62 244 135 101 70 207 243 191 20 3 93 253 214 146 226 185 64 85
    253 73 108 153 222 138 198 126 90 43 222 140 243 57 135 193 169 87
    24 14 228 178 27 253 69 59 10 141 187 128 190 218 206 45 3 150 67 42
    167 192 207 200 212 11 179 137 186 109 120 170 15 195 112 241 120 75
    214 55 207 95 55 202 137 55 77 162 6 221 76 90 212 241 86 18 64 64
    167 145 67 7 234 63 94 72 174 62 7 184 231 245 132 64 185 133 151
    238 32 140 185 73 99 182 173 5 205 105 44 120 164 25 155 133 82 52
    222 214 230 22 167 36 123 74 96 43 126 32 89 61 210 83 30 22 89 4
    197 227 178 113 186 117 196 136 237 250 58 232 144 163 74 190 17 183
    205 237 26 38 139 21 253 181 43 30 96 21 61 11 123 198 136 111 228
    70 68 75 254 14 89 22 133 151 197 89 72 41 183 34 244 25 228 111 7
    104 168 121 214 114 8 175 165 130 96 35 125 111 161 92 226 242 124
    182 101 54 64 130 150 105 92 215 191 150 169 240 206 153 195 237 236
    140 48 65 87 33 9 135 22 31 224 137 165 0 35 136 14 23 236 96 116
    238 152 214 118 226 184 242 68 196 239 213 113 43 95 44 82 164 200
    129 224 79 151 180 133 64 199 183 173 64 150 163 101 245 170 179 221
    180 16 252 240 161 53 151 55 188 54 244 185 4 23 225 130 56 18 0 103
    131 212 190 71 162 136 193 49 235 157 214 158 107 218 136 232 109 38
    44 4 126 206 230 42 161 152 236 211 185 112 125 119 76 159 134 240
    68 184 111 188 40 119 153 178 119 2 166 28 242 1 234 225 199 147 58
    88 165 92 123 26 40 5 207 183 234 187 154 91 49 229 138 11 122 123
    242 97 113 106 112 55 153 3 88 172 52 240 61 21 218 109 59 236 172
    219 12 131 39 41 220 171 50 152 49 66 125 29 193 78 35 237 229 91
    237 96 171 17 31 239 157 194 30 186 103 159 250 14 34 241 67 56 57
    17 204 206 79 119 56 170 254 26 82 41 65 33 56 183 225 52 30 44 179
    209 171 20 185 153 163 110 167 29 105 183 129 159 245 79 151 92 225
    6 205 193 78 202 211 222 36 172 162 176 183 253 220 227 71 1 18 192
    25 3 162 108 244 201 238 154 110 24 209 225 164 46 237 215 228 183
    163 93 255 150 1 235 159 76 3 87 204 53 199 115 172 187 42 193 166
    127 216 81 138 104 253 224 254 114 167 130 153 234 177 18 34 230 5
    251 156 31 185 186 153 110 68 189 101 15 42 0 39 209 252 158 218 9
    132 59 219 248 201 153 158 15 188 188 115 115 102 150 235 229 247 6
    108 89 70 242 167 34 170 83 49 19 21 74 185 59 111 141 170 162 206
    188 150 223 246 137 86 171 28 233 22 69 84 49 21 179 121 182 146 247
    2 203 187 53 188 33 105 142 3 64 134 217 195 196 213 156 210 2 94
    242 25 62 135 140 156 45 122 53 231 235 18 56 247 37 172 139 135 55
    145 221 115 186 207 201 189 75 96 88 52 65 67 48 75 211 86 166 81 92
    92 233 146 58 139 166 37 1 80 21 226 119 44 135 223 220 97 255 21
    106 50 184 172 77 207 27 40 255 20 177 149 37 78 175 173 70 249 84
    56 198 163 94 224 236 59 98 177 247 215 169 35 128 10 243 44 208 70
    163 118 127 199 137 223 163 116 212 150 4 106 73 130 201 217 28 4 7
    158 39 32 242 216 94 67 187 102 86 66 224 228 115 178 50 177 125 93
    60 183 201 250 26 70 42 96 48 77 90 126 101 87 113 183 211 60 155
    211 196 49 102 94 166 133 171 33 94 202 198 180 97 193 206 237 176
    103 8 125 24 74 88 13 212 70 65 159 243 149 13 82 200 127 192 94 42
    208 184 166 117 81 240 65 54 191 90 136 172 124 184 9 10 15 249 139
    84 149 110 53 75 64 121 129 122 223 222 160 250 109 180 37 88 183 25
    28 248 81 32 142 128 250 61 148 88 201 157 241 182 164 111 209 119
    127 37 30 183 2 35 31 134 170 175 209 134 27 250 4 200 253 185 75
    244 199 115 27 115 25 84 183 79 109 12 117 92 175 249 128 212 114
    182 81 129 73 198 222 202 188 39 192 20 190 76 221 202 59 195 51 136
    151 14 195 78 118 213 127 229 55 111 245 138 47 71 174 220 188 32
    167 151 145 116 115 146 45 21 85 25 193 86 154 64 203 184 163 159
    242 59 118 237 133 15 41 203 59 96 155 96 11 168 207 119 68 66 124
    92 231 183 101 77 148 202 159 191 233 217 14 205 206 220 2 211 34
    115 11 7 147 170 245 197 210 88 145 37 125 175 171 184 59 77 195 7 1
    225 23 177 236 75 184 133 148 54 94 121 107 3 225 124 49 213 34 218
    233 45 246 101 152 167 61 7 114 15 128 1 201 53 13 217 232 66 60 140
    99 223 204 209 196 28 190 213 165 86 59 158 202 73 179 26 166 169
    176 210 107 30 64 54 131 224 232 218 90 250 195 248 2 99 230 33 20
    23 3 170 130 55 215 4 248 135 186 168 76 232 151 116 222 241 22 187
    51 84 32 53 84 144 204 105 92 152 254 85 175 229 25 214 194 232 219
    34 122 158 183 71 104 9 73 33 133 57 161 225 40 173 140 73 64 73 25
    126 82 26 99 2 44 117 130 207 135 48 141 6 43 221 186 93 249 170 195
    8 59 52 238 168 122 148 133 194 86 145 121 159 83 129 191 14 167 103
    144 120 164 205 31 230 255 50 10 58 8 101 7 170 174 74 156 85 69 120
    175 94 160 252 92 82 147 44 133 180 56 16 124 61 251 255 243 77 214
    121 234 201 139 49 136 39 71 213 124 211 148 131 41 244 238 171 2 38
    113 109 238 80 86 249 77 233 93 3 29 63 160 102 143 125 17 158 221
    218 242 193 185 24 203 11 13 204 24 10 1 171 131 214 184 150 79 99
    61 182 177 207 102 102 187 39 157 7 109 210 210 100 94 128 209 223
    104 144 186 203 144 59 196 61 64 49 178 58 100 17 167 142 45 130 199
    142 232 167 138 230 129 231 229 60 3 86 208 25 135 81 49 225 218 155
    181 207 192 237 98 189 136 230 121 243 63 84 8 218 251 7 131 108 210
    110 103 219 41 88 205 176 75 211 246 143 69 246 65 102 211 15 102
    127 156 111 49 34 212 26 6 135 204 99 241 189 178 34 41 119 133 17 5
    66 8 121 65 37 19 20 90 143 132 200 21 236 58 163 227 104 54 93 57
    97 214 4 74 161 99 151 180 203 42 215 93 145 140 8 191 96 62 96 47
    239 36 193 36 199 213 149 237 77 132 35 193 228 236 227 84 137 167
    233 92 198 88 243 65 123 101 169 177 52 154 21 212 194 57 142 162 84
    184 75 78 32 183 139 177 190 68 19 84 229 120 67 99 207 195 69 226
    53 164 165 233 119 133 111 203 225 140 211 21 60 236 99 18 84 198 48
    180 214 149 27 39 52 122 107 16 27 74 45 205 61 133 254 251 177 120
    113 238 29 32 7 82 58 111 14 220 221 252 100 12 18 208 130 177 80
    253 5 54 143 130 4 240 91 148 62 252 255 200 245 160 171 139 176 201
    39 139 19 202 77 124 193 61 205 153 136 47 239 3 38 92 86 174 234
    250 44 182 27 31 111 155 173 86 172 139 95 108 141 157 32 130 65 19
    254 120 137 180 141 46 87 32 101 57 45 182 2 196 45 178 73 89 189
    133 238 43 172 208 33 77 249 156 242 59 10 72 65 78 91 142 0 242 174
    94 90 39 119 114 163 67 214 199 24 115 163 166 128 211 149 12 49 93
    188 28 140 217 168 106 56 59 11 188 192 243 140 234 97 54 94 94 90
    66 7 92 228 7 154 70 147 76 107 125 155 137 113 233 41 81 106 133 41
    209 0 231 1 14 98 9 60 236 127 147 172 190 55 135 29 105 70 242 224
    205 168 42 163 221 69 135 219 200 235 233 202 182 244 106 254 151
    203 94 154 182 244 78 9 100 255 51 4 1 113 110 8 223 54 86 213 159
    117 164 61 30 109 234 202 112 114 131 187 70 32 185 150 125 25 198
    241 4 255 131 253 34 72 54 127 240 155 56 156 212 252 239 89 183 97
    207 129 238 87 35 240 54 132 213 189 228 190 159 190 249 121 65 203
    182 2 219 55 5 63 126 160 84 100 178 167 125 113 18 54 219 28 253
    230 244 18 96 94 35 127 31 193 226 240 134 70 117 35 81 227 107 209
    16 152 112 114 104 127 56 186 91 155 11 169 237 25 130 47 4 196 91
    200 171 0 113 155 170 169 11 90 60 84 163 14 106 22 10 238 153 183
    87 117 67 13 233 206 118 117 130 210 219 56 52 173 228 106 14 232
    216 210 247 121 80 49 103 158 142 36 16 49 255 135 81 81 84 182 27
    100 141 185 30 46 176 104 187 81 8 86 215 26 120 62 232 141 104 25
    202 20 162 85 236 129 184 236 95 143 145 133 143 177 15 184 249 81
    254 253 206 69 102 92 79 167 252 220 160 10 157 100 0 196 233 28 222
    179 126 37 67 127 45 230 140 232 214 243 255 74 252 91 119 28 17 146
    250 80 41 245 15 150 24 57 12 100 107 32 251 128 52 66 178 42 35 233
    111 194 227 230 139 80 123 92 42 182 17 167 203 183 39 62 101 53 152
    78 209 2 185 38 193 216 246 132 199 235 130 28 241 56 52 13 19 80 4
    77 221 85 157 214 15 17 108 190 131 6 160 197 232 192 169 213 53 54
    247 246 98 247 218 189 185 50 211 216 55 168 127 144 37 32 213 130
    185 2 252 212 110 130 75 41 90 129 254 71 110 59 40 105 23 61 112 32
    14 75 164 98 230 27 88 139 73 158 124 145 120 69 43 19 251 221 42 97
    43 103 224 58 221 62 120 126 148 227 124 58 112 91 120 19 63 81 225
    98 61 244 154 24 203 227 102 117 48 155 237 46 74 94 244 218 219 25
    186 31 190 165 124 142 139 23 125 189 202 180 94 196 202 71 19 49 79
    74 166 120 93 72 67 6 56 194 126 159 69 249 233 81 190 181 46 121 44
    133 76 229 40 121 212 103 29 27 90 168 246 208 211 148 46 69 224 25
    239 137 39 228 142 123 203 198 42 137 235 73 82 242 90 43 165 167 31
    55 89 50 183 168 255 178 251 64 23 218 105 152 98 86 38 22 30 142
    209 118 220 198 1 205 206 69 85 53 113 223 209 147 168 61 34 152 219
    74 222 170 145 116 13 203 253 71 251 239 172 246 209 32 36 0 163 183
    189 116 27 62 173 6 206 143 162 35 110 195 33 60 102 122 133 50 225
    210 245 192 193 16 132 168 249 53 64 122 167 16 18 191 232 180 202
    202 143 152 65 78 46 216 102 68 2 40 211 128 70 231 138 187 75 143 3
    66 183 153 223 149 97 145 58 175 181 233 182 206 28 64 253 84 124
    182 7 241 39 118 205 192 115 217 11 194 27 191 209 207 178 110 233
    38 27 207 65 66 203 77 10 79 100 179 177 31 98 59 146 71 155 54 135
    4 66 117 242 84 129 54 115 228 41 238 178 46 35 86 182 54 48 205 84
    238 91 195 135 78 103 252 91 180 17 168 179 207 151 232 23 26 72 243
    115 146 29 248 161 71 1 127 110 36 249 253 35 166 12 71 58 68 163
    107 208 240 238 150 10 169 6 120 223 80 116 31 139 145 22 153 145
    232 223 76 112 237 209 223 132 136 33 38 109 42 161 198 131 188 128
    67 185 85 200 120 165 81 246 194 132 250 236 67 75 186 173 143 55
    172 39 142 245 222 2 26 42 22 122 224 102 84 230 56 88 152 106 186
    229 51 233 117 225 1 78 28 18 50 124 38 172 126 23 102 173 78 141 4
    192 3 133 42 65 106 79 10 91 172 107 100 5 105 64 44 131 53 189 180
    211 26 60 121 145 177 233 171 88 65 11 183 121 138 18 124 157 109
    141 1 216 173 221 74 8 183 140 176 61 136 216 99 160 241 91 237 37
    205 58 171 249 41 232 167 45 75 159 137 131 210 48 181 99 70 2 49
    234 49 96 181 217 199 43 113 172 210 71 112 225 45 89 15 254 46 122
    197 64 65 86 166 125 143 217 168 172 176 12 196 150 252 225 78 251
    181 136 176 161 161 250 0 134 185 26 96 223 27 183 143 49 3 1 174
    147 11 178 252 102 93 87 163 198 36 173 235 232 21 27 165 121 169 41
    245 125 136 12 61 41 188 197 215 135 118 199 38 177 209 22 107 212
    120 37 58 119 83 53 71 107 250 7 114 181 115 137 23 190 122 60 83
    114 65 105 255 113 215 48 138 135 82 181 189 119 246 57 37 157 70
    211 133 144 215 75 139 204 234 136 211 89 6 110 37 120 174 200 151
    101 19 35 221 17 207 233 100 163 101 213 159 139 126 156 17 62 0 64
    156 86 243 237 10 203 115 20 60 115 63 34 115 241 163 111 253 217 73
    183 82 209 180 225 118 208 237 98 53 212 208 76 209 169 50 179 217
    199 146 36 200 44 49 69 176 87 236 160 32 66 141 6 158 194 3 196 135
    43 165 23 145 21 150 8 161 199 208 61 112 148 77 72 15 172 240 22
    115 148 190 29 71 26 102 227 253 120 119 186 112 200 58 55 32 13 49
    108 66 130 108 162 56 235 196 181 234 45 241 0 203 14 7 251 32 245
    221 213 110 241 195 118 32 242 122 51 78 15 123 151 199 156 215 7
    125 205 234 159 219 46 1 190 69 149 34 44 227 180 78 101 15 72 176
    251 97 242 174 166 89 18 129 188 210 226 172 164 171 200 241 66 171
    57 209 199 122 47 121 209 108 50 226 172 19 0 11 14 36 73 200 225
    158 233 149 51 170 40 7 102 207 84 221 164 182 143 82 210 132 59 118
    114 16 110 18 131 169 93 55 68 120 82 19 87 112 39 84 173 181 33 138
    217 10 193 13 54 51 22 154 114 76 76 146 35 187 4 14 205 251 8 228
    226 42 197 254 48 61 8 142 129 10 218 65 75 114 14 252 61 0 20 119
    44 1 79 126 241 235 214 217 219 57 110 162 74 24 209 48 232 144 72
    12 240 6 78 35 93 108 180 206 54 135 19 190 116 33 201 88 220 37 169
    147 217 98 124 245 231 51 173 203 93 164 188 107 86 155 83 121 177
    191 249 4 233 248 24 225 48 1 102 113 60 137 137 133 120 117 44 187
    36 76 48 43 143 79 178 175 241 227 205 23 87 88 224 199 173 105 146
    174 144 169 252 117 245 94 42 53 169 111 21 159 150 237 41 231 217
    113 178 160 99 56 144 101 62 37 162 33 213 74 123 161 80 179 201 223
    110 93 128 251 56 255 57 222 150 64 161 30 90 189 175 154 158 255
    240 231 178 162 38 208 159 22 38 109 220 86 54 97 28 101 178 185 56
    125 58 158 225 88 144 145 180 82 209 242 248 183 156 182 66 255 194
    46 4 136 167 174 132 87 121 34 184 1 111 88 43 79 182 47 224 39 19
    215 196 155 143 205 52 177 164 150 204 12 24 86 114 60 44 2 20 16
    165 212 16 193 177 122 22 73 191 89 26 241 32 62 157 0 244 6 216 8
    167 28 197 249 215 42 116 217 74 157 56 48 28 36 30 255 14 6 203 208
    164 4 28 176 3 251 183 133 164 182 197 183 149 229 97 247 129 160
    123 15 63 63 137 209 93 110 86 234 189 29 34 160 58 1 150 191 108 45
    228 150 113 75 215 169 242 13 183 127 58 192 203 74 60 229 106 177
    164 15 31 23 108 132 170 79 246 192 222 90 173 149 29 203 169 10 187
    37 118 185 251 234 144 106 46 159 37 228 83 200 175 153 248 219 255
    140 120 215 31 107 76 153 212 78 252 191 43 13 43 109 105 26 135 137
    176 95 49 64 234 187 155 43 211 142 150 26 123 215 83 251 128 107
    168 134 156 38 94 204 199 85 148 135 105 30 30 83 40 16 64 156 151
    219 49 235 195 184 139 97 155 41 248 27 43 19 133 211 224 181 80 52
    230 4 186 208 71 71 126 78 12 33 96 3 247 178 154 92 160 120 79 199
    132 97 237 141 173 49 190 248 141 242 215 159 171 215 36 251 162 84
    237 100 124 212 103 112 73 40 157 87 188 56 175 65 241 219 2 191 232
    204 43 105 187 201 69 242 70 171 190 166 16 91 216 32 251 189 76 126
    249 54 22 165 132 14 225 67 191 2 250 193 43 205 167 57 233 222 148
    6 118 165 68 159 188 241 22 211 36 21 23 86 230 61 162 42 116 10 92
    199 234 254 134 125 11 250 194 72 42 225 190 232 0 240 108 72 37 235
    195 230 198 245 236 195 5 27 206 117 103 14 185 138 127 58 98 193 31
    5 60 126 222 58 123 42 62 141 159 87 54 100 78 27 26 15 19 176 243
    88 118 65 238 129 144 73 235 248 240 138 18 207 215 206 229 228 171
    117 173 199 42 7 84 92 146 0 5 79 11 191 224 242 200 32 254 94 40
    124 88 185 156 6 110 31 218 50 250 58 40 169 144 225 54 15 26 91 216
    119 236 139 213 3 21 0 191 62 104 242 96 177 107 65 248 15 126 197
    85 14 146 228 55 116 173 7 104 229 230 31 78 29 198 197 114 227 51
    60 28 221 210 147 126 163 3 22 52 253 184 31 212 249 73 140 94 206
    111 16 44 208 88 66 131 135 189 218 78 107 98 88 151 31 167 79 68
    219 156 33 52 124 229 27 13 61 99 231 24 162 188 35 5 11 87 92 121
    243 139 245 139 125 241 50 187 8 77 220 16 55 206 228 68 131 234 145
    68 217 136 111 252 24 153 44 38 158 208 164 158 58 232 3 123 76 114
    18 65 126 25 234 228 92 180 28 14 118 22 126 7 220 207 85 242 71 51
    36 245 1 152 182 228 118 23 225 217 72 17 177 130 58 134 153 104 37
    145 233 43 186 154 202 255 87 29 27 198 27 102 220 177 203 191 216
    54 229 139 17 126 78 148 83 48 169 43 16 191 137 254 247 92 139 229
    28 158 2 252 65 217 186 194 217 142 176 64 67 185 95 234 122 52 154
    234 119 254 157 201 50 111 92 196 89 168 109 251 233 40 180 158 114
    48 3 156 210 205 207 73 71 248 173 236 219 189 219 174 115 62 105
    149 36 21 32 249 155 178 44 200 207 174 138 40 142 190 18 134 181
    190 174 24 39 205 33 83 211 125 48 174 118 215 23 62 211 39 53 164
    220 159 157 105 200 121 90 43 84 243 67 205 75 95 119 183 201 96 5
    55 134 148 3 118 155 116 232 144 121 47 194 218 244 183 61 23 241
    211 186 63 205 5 27 116 245 69 140 63 194 103 106 186 116 179 165 36
    90 27 48 193 81 120 36 53 61 118 57 253 121 178 131 129 96 33 127 22
    42 20 23 191 246 193 217 31 192 97 91 57 80 232 129 193 127 189 56
    175 216 70 102 47 196 166 118 192 203 32 83 127 36 98 133 147 228
    207 125 218 224 8 121 200 162 243 40 166 69 14 22 251 19 14 125 82
    34 111 124 103 167 15 50 195 215 92 117 2 102 153 174 89 194 189 160
    94 136 230 107 52 144 230 213 29 202 51 202 82 110 190 145 249 65 92
    176 217 111 185 146 82 84 235 218 244 249 66 77 211 77 157 162 194
    166 22 9 152 48 206 180 147 223 16 11 130 24 160 17 26 81 116 156
    249 173 101 78 114 130 62 2 88 24 247 24 15 24 230 199 162 75 49 86
    152 0 227 188 175 230 21 227 89 93 76 91 50 130 49 38 128 1 31 118
    22 250 83 30 164 143 243 246 19 229 212 44 95 100 13 204 93 0 49 13
    27 122 208 107 146 242 204 22 2 152 74 176 83 230 76 42 15 2 116 37
    1 218 9 134 18 143 65 206 44 72 76 144 63 106 186 77 250 35 205 217
    163 235 210 44 247 229 174 9 44 238 3 15 73 38 122 97 91 64 26 62
    106 44 213 240 248 136 207 178 88 102 165 28 97 90 23 50 185 93 131
    78 232 58 122 87 143 184 200 58 147 148 59 51 172 167 246 59 34 120
    124 207 168 162 213 247 215 70 203 220 109 60 147 227 84 27 13 33 25
    137 111 82 119 231 147 111 205 133 131 28 206 105 135 235 16 69 141
    70 145 98 143 198 161 63 209 50 225 208 242 72 150 118 233 80 48 238
    161 55 131 17 182 55 60 253 17 3 171 68 108 187 157 255 215 193 206
    253 171 207 210 210 137 97 191 123 249 54 89 93 48 123 5 93 51 234
    47 236 170 54 50 38 176 198 248 241 247 236 231 50 246 176 32 49 241
    83 157 157 229 79 142 79 245 29 167 62 197 122 141 23 21 99 61 237
    174 225 184 210 171 80 95 186 84 143 87 114 253 144 63 174 132 163
    177 152 171 40 161 111 224 156 44 237 254 131 200 139 161 83 96 114
    149 99 70 204 202 37 215 123 182 92 209 204 147 23 233 143 81 77 3
    191 10 201 131 199 0 55 149 164 96 55 146 108 109 151 89 9 228 152
    42 72 68 64 247 211 43 241 57 220 201 14 168 209 241 247 77 95 53
    154 139 39 83 166 140 47 73 160 150 188 252 132 241 245 37 67 193
    146 220 204 29 197 250 163 214 81 209 194 119 125 128 161 207 239
    189 228 187 225 181 139 219 197 59 94 11 54 57 44 69 154 56 42 61 21
    188 131 24 181 131 92 195 45 212 220 65 178 175 50 133 83 239 152
    186 115 135 29 61 42 31 200 64 197 50 120 130 50 19 161 41 49 213
    137 146 65 160 65 30 174 52 162 133 230 105 222 150 162 78 212 72 5
    138 222 206 203 7 236 57 111 157 203 229 97 18 82 54 80 97 5 57 37
    178 52 246 25 153 89 229 197 168 155 111 202 92 59 205 223 43 36 235
    155 70 70 199 109 246 54 98 12 51 130 21 184 50 5 192 0 152 244 82
    179 132 138 246 135 229 56 147 75 104 72 244 62 166 97 108 200 25 63
    229 210 200 192 220 101 242 44 231 86 242 106 190 173 129 59 159 130
    184 178 117 243 141 188 168 192 203 49 75 178 166 157 249 174 52 88
    118 166 224 177 52 3 185 111 100 232 192 191 195 164 90 148 103 52
    49 7 87 108 101 140 14 83 62 173 198 172 36 103 142 151 248 50 218
    230 72 96 59 196 50 37 34 242 193 229 79 255 166 164 68 76 127 62
    201 210 221 239 61 194 63 251 247 117 56 70 182 26 64 215 115 130
    183 89 107 247 165 203 108 8 127 5 137 76 71 207 230 100 109 62 221
    71 229 43 116 180 171 101 142 228 154 82 243 90 249 81 251 7 209 187
    253 60 131 154 183 57 26 154 78 107 54 59 8 235 64 233 144 167 208 7
    135 224 147 157 249 11 104 104 151 8 199 19 127 96 128 136 234 151
    195 212 5 151 87 138 207 254 95 23 119 28 98 204 41 234 202 76 100
    167 195 150 101 204 115 233 148 233 158 157 154 87 87 90 98 243 8
    166 35 99 49 31 149 48 227 63 21 22 148 197 130 228 113 1 90 148 103
    5 121 74 247 247 5 98 122 226 32 185 95 20 242 61 211 58 60 200 132
    191 24 59 110 116 175 164 200 177 65 185 126 9 60 196 252 155 171
    251 187 75 85 115 3 214 175 60 24 181 53 97 3 185 226 156 96 124 104
    156 120 119 240 183 102 5 204 107 15 39 135 242 186 169 155 74 49
    138 172 252 130 158 150 90 42 45 50 176 79 89 155 110 90 70 232 146
    14 111 175 123 178 36 180 31 144 216 248 214 197 130 166 139 229 150
    4 176 162 86 79 40 188 15 40 46 100 40 1 114 221 124 8 228 38 177
    142 113 193 76 143 227 51 252 228 151 166 189 177 209 235 10 110 252
    196 105 178 141 99 13 153 203 25 66 63 111 15 238 157 16 58 237 204
    66 46 206 33 125 226 231 38 132 75 48 39 175 68 77 208 9 217 165 153
    125 99 158 14 101 239 106 251 245 119 201 252 16 71 91 154 54 186 29
    70 34 205 36 245 41 82 32 126 56 106 216 74 136 88 158 123 109 60
    120 226 208 132 195 70 222 45 204 106 212 146 247 191 71 246 47 39
    53 114 189 49 158 31 156 205 172 45 113 112 80 116 203 205 185 246
    166 68 151 59 6 247 143 119 5 68 106 44 47 169 160 221 16 186 86 31
    205 248 49 228 185 197 1 46 213 45 88 57 26 69 51 35 77 96 187 156
    47 236 164 2 224 186 84 33 42 89 68 17 108 15 207 220 24 219 95 47
    66 26 128 236 190 35 87 91 225 135 82 5 51 90 183 224 254 131 193 78
    92 165 5 79 142 1 46 99 179 2 249 232 48 116 255 215 230 3 164 51
    249 12 249 8 217 121 25 69 206 42 56 202 22 32 115 250 97 62 106 71
    25 125 2 37 47 41 225 174 244 91 45 182 126 96 246 82 165 139 155 4
    167 123 34 219 221 60 187 31 175 129 188 140 39 252 89 246 253 100
    25 202 155 244 50 152 83 35 181 196 160 134 192 104 38 81 181 107
    207 79 101 129 253 124 53 208 48 232 41 41 172 0 37 62 228 84 243
    174 180 184 180 239 213 222 111 190 118 128 104 202 175 45 120 247
    78 208 180 174 158 255 201 130 14 130 10 219 124 144 250 174 41 3
    150 62 238 9 218 157 125 63 158 186 58 33 145 205 233 60 194 57 137
    250 210 219 129 60 218 196 181 16 214 198 140 206 65 192 66 209 182
    42 63 13 190 135 178 143 120 64 18 44 183 116 133 112 37 236 30 45
    227 173 191 26 179 180 89 10 247 151 95 18 200 235 82 103 169 181
    116 242 100 93 152 107 105 106 202 230 178 1 60 155 35 35 155 255
    213 121 203 30 109 181 88 47 70 251 79 131 163 139 111 227 69 124
    206 201 104 233 166 5 87 86 18 185 198 28 255 222 124 72 73 246 197
    35 167 196 59 142 171 229 43 251 235 55 138 128 165 199 107 215 92
    85 171 142 221 169 61 199 175 103 213 16 166 203 180 252 245 13 254
    199 28 2 171 203 130 139 82 125 0 209 170 219 242 40 6 140 241 13
    165 50 197 97 238 60 106 112 182 169 23 103 197 195 90 174 207 71
    180 82 135 244 211 207 51 226 67 91 113 89 54 173 143 141 5 156 158
    94 30 68 9 207 244 87 215 218 229 8 61 161 207 180 100 195 26 42 39
    55 141 163 175 150 69 131 74 220 167 69 199 35 65 8 112 55 230 92 66
    160 255 212 224 206 73 231 79 21 143 75 36 39 142 239 126 197 209 31
    128 119 224 239 65 67 86 180 88 156 252 212 150 91 220 106 226 9 122
    12 32 183 212 116 175 215 25 240 200 24 199 108 1 204 104 0 33 42
    183 32 222 7 247 114 55 179 12 37 10 12 210 45 119 208 63 207 186
    253 211 135 25 250 37 179 126 111 17 247 219 58 135 146 112 14 134
    152 92 41 121 104 148 211 69 209 21 190 71 4 239 1 106 211 202 15
    219 70 164 198 98 219 6 241 190 203 217 190 226 193 200 203 163 55
    130 248 111 38 84 111 108 27 115 210 59 236 162 135 157 169 80 100
    141 193 232 117 123 17 235 56 52 237 140 8 214 48 58 204 35 78 29
    216 1 135 4 175 142 143 51 153 40 62 49 122 151 199 93 113 129 38
    128 142 84 79 147 255 63 3 74 99 112 122 124 76 38 97 14 34 82 4 167
    230 7 62 102 58 203 9 95 189 198 100 22 112 223 118 53 94 54 84 161
    16 223 74 131 110 109 145 22 156 218 98 28 160 86 173 88 86 13 44
    236 61 168 8 49 131 80 110 167 51 85 59 27 233 95 45 4 199 18 156 34
    120 174 97 32 173 252 96 91 87 107 122 249 101 107 80 33 147 158 115
    158 118 50 82 117 251 215 106 179 78 46 60 20 252 230 111 179 87 201
    85 84 31 88 160 250 255 106 192 213 191 46 175 18 42 5 52 210 68 199
    123 91 200 133 119 38 181 33 86 190 247 159 62 135 34 86 170 222 7
    171 122 55 199 136 147 81 28 223 109 228 118 170 145 192 40 74 41
    251 11 41 223 129 153 11 218 20 231 246 151 179 252 94 124 103 232
    216 194 81 185 76 240 16 240 138 222 255 99 57 233 207 55 120 201 79
    147 97 130 174 166 150 95 245 155 152 17 25 115 66 202 108 92 82 53
    82 212 171 17 163 254 180 202 92 220 128 141 172 107 126 130 166 151
    31 165 99 230 69 75 111 198 79 51 217 7 42 129 49 54 214 164 212 195
    162 146 68 247 26 221 38 241 154 88 51 252 17 96 4 157 180 131 17
    228 235 222 44 16 80 6 244 92 97 168 88 29 235 128 150 48 120 17 6
    152 105 235 163 4 85 82 179 204 130 8 67 247 40 2 103 99 246 182 121
    239 129 174 112 35 226 232 218 199 82 110 152 216 255 146 153 192 36
    167 162 240 29 234 157 9 45 131 48 16 36 227 5 78 175 204 160 40 131
    177 41 248 177 109 233 143 37 146 190 75 213 200 158 2 26 150 188
    143 169 99 90 174 7 136 11 142 132 193 217 236 185 242 145 127 234
    158 197 69 141 172 119 109 21 253 194 224 199 11 207 57 227 246 145
    219 152 81 25 232 249 188 222 4 204 171 32 238 188 149 163 219 239
    41 122 183 159 235 202 23 226 119 24 29 59 141 1 33 184 61 105 233
    39 62 68 97 131 65 164 38 193 105 79 109 96 117 247 30 8 181 174 52
    230 142 212 9 188 209 64 195 227 62 112 120 137 97 232 59 126 89 77
    98 198 44 187 16 127 151 173 61 223 127 216 234 13 172 152 161 132
    161 110 45 236 68 248 202 125 97 124 178 69 234 36 237 204 133 25
    182 191 152 231 110 207 164 180 52 246 78 71 109 29 68 248 201 115 3
    37 43 182 31 239 4 65 41 59 242 3 159 11 123 90 169 148 65 6 37 196
    97 64 5 13 216 117 45 24 35 114 33 211 17 5 129 68 37 115 235 21 156
    193 66 89 16 105 32 40 37 16 100 203 185 69 43 156 45 144 105 251 94
    159 100 79 150 23 126 63 186 16 243 168 181 116 78 36 116 219 146
    118 242 108 91 241 15 120 61 123 0 210 145 147 29 68 106 77 140 173
    186 136 142 8 238 40 130 242 35 214 199 121 222 9 101 143 105 251
    124 160 0 208 255 187 102 240 14 17 44 52 245 32 226 191 31 164 118
    152 5 249 205 251 94 88 108 49 4 176 183 151 140 158 39 87 226 216
    111 241 227 212 95 83 231 59 15 135 25 39 117 1 2 101 209 182 89 146
    37 235 149 64 63 164 208 195 35 1 205 7 149 47 242 130 100 2 24 219
    66 206 115 205 144 22 253 85 108 160 71 16 161 128 204 195 159 180
    35 107 229 34 62 55 41 10 44 6 18 32 79 179 197 103 232 244 154 73
    145 128 124 54 135 111 164 169 138 170 156 166 135 84 137 100 127
    136 215 63 138 96 243 216 92 190 181 71 241 128 188 224 75 14 19 38
    45 210 168 225 6 128 222 143 176 189 128 214 80 164 53 228 141 47 85
    104 45 219 182 45 39 82 38 109 137 192 49 65 152 166 245 76 236 160
    165 127 213 148 104 142 91 62 215 117 145 51 3 226 161 200 5 172 120
    41 154 39 6 57 103 69 171 178 246 159 44 74 29 138 102 130 198 52
    123 28 55 65 102 13 157 57 94 129 168 87 151 208 156 180 154 124 244
    164 141 14 199 134 51 201 15 11 56 202 171 247 67 150 107 42 156 134
    248 21 141 80 74 97 146 223 14 10 170 70 80 248 198 102 13 220 2 214
    201 210 18 154 134 185 62 179 172 115 148 79 58 46 173 73 165 192 21
    183 89 88 102 24 73 70 155 47 17 42 223 3 98 109 85 116 255 81 130
    115 244 96 93 143 185 254 50 98 152 115 12 1 62 3 210 236 223 108
    187 84 39 148 243 130 230 106 146 223 28 131 165 248 45 38 220 244
    178 204 141 161 216 186 242 226 34 51 142 147 222 123 197 34 74 251
    85 213 240 90 119 62 129 123 196 72 173 205 193 108 232 75 63 174 20
    92 98 32 78 203 104</data></test_img>
<my_img type_id="opencv-matrix">
  <rows>128</rows>
  <cols>256</cols>
  <dt>"3u"</dt>
  <data>
    24 255 106 255 0 0 0 21 0 237 106 255 0 0 255 0 255 255 35 0 255 207
    255 0 255 0 0 255 0 255 0 0 0 0 255 255 0 216 255 255 92 86 0 0 0
    255 255 255 212 0 0 255 255 215 0 255 0 255 255 202 255 129 0 168 0
    255 143 131 0 229 0 255 0 255 0 255 37 255 0 255 0 255 0 0 255 255
    185 255 0 0 255 255 255 0 233 0 0 255 0 255 251 228 255 255 255 168
    80 0 198 0 140 0 0 0 0 255 255 255 195 0 255 0 255 0 255 0 255 118 0
    235 255 44 0 0 255 0 0 0 255 255 0 255 255 67 27 0 242 0 92 0 0 0
    183 0 0 234 255 255 0 0 0 255 0 0 255 0 255 107 255 0 255 0 255 0 0
    0 255 255 0 0 255 255 255 0 0 0 255 255 0 137 255 255 0 0 0 255 0 0
    255 255 101 0 0 255 255 31 0 0 0 255 16 255 255 255 0 255 117 255 0
    0 0 255 255 255 0 255 190 0 0 255 255 255 0 163 0 0 255 255 0 0 0
    255 0 237 0 0 255 255 255 188 0 255 255 48 255 21 255 0 255 255 215
    0 18 0 255 255 123 255 0 255 255 255 20 0 0 0 255 255 0 18 255 255
    255 255 0 255 0 255 255 255 10 0 0 0 89 255 165 74 0 0 0 255 255 255
    0 0 0 0 255 0 0 0 255 211 62 0 255 235 0 33 255 255 255 88 255 0 255
    0 196 255 151 255 0 255 106 255 0 0 0 255 149 152 0 30 100 255 255 0
    0 0 255 255 0 56 0 255 255 255 231 65 255 0 0 192 0 255 255 255 255
    0 255 202 255 255 255 0 0 0 255 255 255 255 255 255 255 0 255 143
    255 0 240 255 255 255 255 0 255 94 255 255 255 183 0 0 0 255 255 255
    255 141 0 255 255 168 0 0 255 0 195 0 70 255 255 133 255 0 122 0 255
    255 255 0 251 0 255 0 0 0 255 255 0 255 0 255 0 255 0 255 0 0 255 0
    255 255 105 231 0 0 255 0 181 0 0 0 0 255 171 0 0 0 255 136 138 255
    255 210 0 246 101 255 0 255 255 255 0 221 0 63 255 0 255 255 255 255
    0 255 255 255 114 196 133 10 0 0 146 100 255 0 57 0 0 255 0 255 228
    255 255 0 0 77 0 0 0 255 255 213 0 0 0 145 41 255 255 255 224 189
    241 255 255 0 255 0 26 255 255 11 255 0 0 0 0 0 255 0 255 90 255 0
    93 0 85 0 255 183 255 99 255 0 0 0 0 255 255 91 255 0 255 0 0 255
    255 255 255 0 255 255 249 0 255 0 0 0 0 255 255 0 255 0 255 0 0 0 0
    255 0 0 0 255 0 0 0 255 81 0 0 187 255 255 0 0 255 229 255 0 225 255
    0 255 255 255 0 0 0 255 173 22 59 160 0 0 0 255 255 255 255 0 0 255
    255 255 0 0 0 255 255 255 0 255 255 0 0 0 0 255 255 255 255 255 0 0
    0 255 255 0 89 0 27 0 152 0 255 255 0 0 0 255 255 48 0 255 101 255
    235 255 255 0 0 211 255 255 255 0 51 0 0 0 255 0 255 255 255 0 255 0
    255 255 193 0 255 0 171 7 255 0 86 0 0 255 100 85 255 0 255 0 255 53
    0 0 255 0 14 22 0 255 255 207 255 0 0 146 255 255 255 255 250 0 255
    255 0 255 108 255 0 255 0 255 0 148 255 0 255 0 255 255 255 0 255 0
    0 255 0 255 255 255 255 0 0 0 255 8 44 255 255 255 255 0 101 0 0 255
    0 0 0 0 0 0 255 82 255 0 0 0 255 0 255 171 0 55 255 255 0 0 0 0 255
    0 0 255 0 0 255 0 255 255 134 0 249 0 224 0 255 58 255 0 255 0 64 0
    255 0 255 167 255 0 189 113 1 0 0 0 0 71 255 255 0 0 244 64 223 255
    0 149 0 255 0 155 95 255 181 4 53 255 106 0 0 0 255 255 0 255 0 255
    176 131 0 61 255 255 255 255 0 0 0 255 231 0 0 54 255 0 0 120 175
    255 255 255 0 0 255 255 255 0 0 255 255 255 255 255 255 0 0 255 255
    255 62 146 205 255 255 0 0 0 255 255 201 0 0 255 59 255 0 0 9 255 0
    89 80 106 255 64 255 255 255 0 255 0 0 255 255 0 0 0 0 0 255 158 255
    0 201 107 255 0 253 2 255 246 0 255 255 188 0 255 0 255 0 0 255 0 0
    255 79 252 208 48 255 0 255 255 255 255 0 0 255 255 117 0 0 255 162
    255 0 0 0 255 255 255 138 0 0 0 255 255 191 84 0 55 255 0 255 255
    255 0 113 0 209 69 0 0 0 255 0 0 255 255 255 0 0 0 0 255 255 255 255
    0 0 255 42 255 0 93 0 71 255 255 255 255 0 0 255 39 0 255 255 255 0
    255 255 176 255 166 0 0 180 255 0 0 255 255 177 255 0 0 170 0 255
    255 255 0 163 0 223 189 255 0 0 0 255 255 255 0 0 0 58 0 255 64 255
    255 0 255 255 0 62 0 255 0 1 0 0 0 0 255 0 255 146 0 0 0 101 0 147
    255 0 76 0 0 255 0 0 0 255 0 0 255 255 0 226 255 148 229 255 255 0 0
    204 0 255 255 255 0 255 23 0 0 0 255 0 0 0 255 0 255 0 0 65 255 255
    66 0 255 255 117 0 0 0 255 255 102 185 0 47 0 255 0 0 255 255 255
    125 0 186 0 0 0 0 255 0 255 179 255 255 255 255 43 7 0 255 255 255
    255 237 0 0 0 0 255 255 255 24 255 0 0 255 255 255 255 0 109 0 221 0
    255 255 218 255 0 0 0 255 0 193 255 28 255 255 255 0 255 0 0 0 0 255
    50 0 255 0 0 0 0 255 255 102 249 15 255 169 255 0 0 0 255 255 255 0
    0 0 255 236 80 255 255 255 255 0 255 0 56 102 255 0 198 0 255 154 0
    0 0 246 0 0 255 255 0 0 0 255 255 255 20 0 0 0 255 255 255 0 0 255
    255 0 184 255 0 0 212 0 255 255 0 0 144 222 255 173 0 0 164 255 255
    47 0 0 0 0 255 0 255 255 61 0 255 255 255 255 0 255 255 152 0 30 212
    255 255 255 0 0 255 0 255 255 0 0 0 255 255 255 108 255 0 0 0 237
    255 0 0 0 63 0 155 255 101 255 43 255 0 255 255 255 231 255 255 139
    0 150 201 255 0 0 0 0 0 0 255 223 113 255 241 255 0 255 255 255 25 0
    222 255 255 0 0 255 255 92 0 0 22 255 227 255 0 255 255 255 195 0 0
    255 255 101 255 0 0 255 255 255 255 70 0 0 0 0 171 0 255 255 0 255 0
    0 255 250 255 0 255 109 0 166 0 255 0 255 255 0 0 255 255 255 0 0 0
    0 201 0 0 0 17 255 54 167 172 12 107 255 0 0 0 97 0 0 0 0 255 255
    255 207 59 0 0 0 0 150 0 0 255 255 255 0 255 0 255 255 255 0 85 255
    219 255 255 255 216 255 0 255 0 0 0 0 255 255 255 0 21 96 0 255 53
    91 33 255 0 0 255 255 255 20 0 0 255 0 255 255 255 115 0 255 255 209
    0 0 0 0 255 255 255 0 245 0 255 3 253 29 255 255 0 0 52 0 255 255 0
    0 255 255 167 255 0 71 0 0 0 255 255 0 0 0 255 0 0 255 133 255 195
    165 113 0 255 255 0 72 255 255 0 255 0 255 0 65 255 0 84 0 171 255
    255 0 0 0 0 255 0 64 255 0 36 255 255 255 0 0 0 255 255 0 0 0 0 244
    0 0 255 0 255 255 255 255 0 0 0 255 255 255 0 255 0 110 0 255 255
    224 0 0 255 255 0 255 233 204 99 0 0 90 255 255 86 255 0 255 0 255 0
    255 255 0 212 0 255 102 96 255 0 0 255 255 255 0 81 0 255 255 0 0 67
    255 213 0 44 255 255 255 89 0 0 0 255 105 255 0 255 51 0 0 0 0 255
    89 255 255 58 0 0 0 99 255 0 134 0 255 255 0 255 240 0 255 0 255 255
    255 0 0 255 15 197 183 255 245 72 255 0 255 0 0 255 0 0 0 255 255 0
    0 0 255 255 255 255 0 0 0 255 255 255 1 20 0 0 255 255 92 0 242 0
    255 0 218 200 0 255 0 0 255 255 134 0 255 255 0 0 255 0 0 255 255
    255 170 0 0 255 125 255 0 0 0 255 255 255 68 0 240 255 255 255 255 0
    255 255 0 251 126 0 255 145 14 0 0 255 0 75 255 151 255 0 155 0 101
    255 255 0 17 0 255 255 0 255 255 0 174 255 255 0 0 255 0 255 255 255
    0 0 255 53 0 255 255 86 0 0 255 0 244 255 0 151 255 255 0 0 0 18 255
    255 0 255 0 255 0 0 0 0 255 255 0 0 0 255 255 255 12 0 171 0 255 255
    255 0 255 172 255 255 0 27 6 255 255 255 255 0 255 0 110 255 0 255 0
    255 4 255 0 88 186 0 255 152 255 146 255 0 255 0 255 0 255 0 0 0 255
    255 255 0 0 0 0 144 255 255 0 62 0 0 255 0 255 0 255 0 0 255 255 55
    255 0 145 255 255 174 48 255 255 255 0 120 18 255 255 0 0 0 255 23
    255 255 255 114 0 175 0 0 255 255 255 0 0 255 255 166 255 255 255 0
    0 0 14 224 255 0 0 0 255 255 69 255 255 35 0 70 0 255 0 255 0 0 76 0
    255 255 255 0 0 0 0 0 255 255 0 0 255 255 255 255 0 255 255 255 157
    0 255 0 255 0 255 0 0 255 255 255 0 81 255 229 0 0 255 43 136 0 0
    255 255 255 0 38 207 0 0 46 0 255 255 0 245 0 255 0 97 189 218 255
    255 255 0 0 0 255 233 0 255 252 255 0 0 255 255 0 0 255 255 0 0 0 0
    255 0 0 60 255 255 201 0 255 255 246 0 255 255 0 0 0 109 0 186 255 0
    0 0 0 35 0 255 0 255 255 255 0 0 0 255 255 255 67 0 255 0 255 255
    255 0 0 0 167 81 0 40 0 255 255 248 0 0 217 255 0 255 0 255 255 0 0
    4 0 255 159 255 145 255 90 0 0 0 255 0 255 0 255 24 255 94 255 0 255
    255 255 0 255 0 255 255 255 0 255 0 0 255 0 255 0 255 255 114 0 0 0
    255 101 255 255 255 0 0 0 255 255 137 0 255 255 255 0 0 0 0 0 0 255
    255 184 32 255 0 0 0 0 0 0 246 255 0 119 0 255 0 255 0 0 0 255 167 0
    0 255 255 255 0 0 0 255 0 255 0 0 255 255 0 0 0 255 255 255 0 255
    255 255 0 139 0 0 255 0 255 255 0 0 0 72 216 255 0 91 0 255 0 255
    255 0 255 0 0 255 255 255 0 255 255 248 0 86 65 23 255 255 0 0 0 255
    255 255 235 0 0 255 255 0 54 0 0 44 255 0 0 0 255 0 167 158 255 0 0
    174 55 255 255 255 11 0 0 255 14 228 0 58 239 255 0 153 255 255 255
    0 69 98 255 255 255 0 0 0 255 0 0 0 255 0 255 255 255 255 0 255 0
    255 0 71 255 210 255 255 0 17 200 255 218 0 255 255 0 255 135 44 0
    47 0 0 0 255 0 251 0 0 0 255 255 255 255 0 0 0 255 255 164 0 0 0 0
    255 255 255 0 255 0 0 0 0 255 116 0 121 0 250 255 27 255 255 255 70
    12 0 6 0 0 0 255 0 161 0 0 184 89 255 0 0 150 255 0 54 0 255 255 255
    0 255 0 255 0 233 0 255 0 255 183 255 255 255 45 0 165 255 255 253 0
    0 0 48 0 12 0 255 255 0 0 0 255 255 0 0 224 255 255 255 255 0 0 255
    0 255 0 255 255 44 0 255 62 255 0 202 48 255 255 255 0 255 240 255 0
    0 0 255 255 218 130 61 255 255 255 0 0 0 0 255 255 255 255 0 255 255
    32 0 255 0 136 0 255 0 255 255 255 116 0 0 255 255 137 0 255 92 15
    176 255 255 0 255 255 255 255 0 0 0 0 255 255 197 255 0 0 0 255 0
    255 255 0 255 87 0 255 255 255 0 0 0 255 235 255 0 0 255 255 255 255
    255 0 0 255 0 255 0 255 255 255 255 0 0 68 255 255 0 0 255 157 255 0
    55 255 185 105 169 0 0 255 0 0 0 74 0 195 0 0 255 255 255 255 0 0
    255 255 255 166 0 255 255 0 0 0 255 255 0 0 255 255 255 0 0 0 255
    255 255 255 0 0 146 0 0 0 255 0 255 255 241 255 226 0 255 255 0 0 0
    0 0 0 220 0 255 0 255 255 175 212 3 0 0 111 255 0 255 165 255 91 255
    255 0 0 17 255 255 255 149 217 183 213 0 0 255 255 0 0 23 255 255
    175 255 0 0 0 255 255 255 0 0 255 0 255 0 0 255 81 0 169 0 255 0 255
    255 240 255 255 0 0 255 255 255 0 255 0 0 255 255 255 255 83 0 255
    255 142 217 24 0 0 255 255 255 255 0 255 142 251 255 255 0 255 239
    241 78 0 255 0 255 0 255 162 255 0 186 78 255 0 255 111 255 255 255
    60 115 0 8 255 255 0 0 255 0 255 255 255 0 0 42 255 0 0 0 255 0 0 0
    255 0 0 0 255 255 255 0 255 255 0 0 255 255 255 177 56 0 237 255 255
    255 56 0 0 0 228 255 255 255 0 0 255 255 0 0 0 255 255 190 25 255
    139 255 0 255 227 255 105 255 0 0 255 255 255 0 255 255 255 255 90
    71 255 0 0 182 29 255 0 255 0 159 255 255 255 255 0 196 0 255 0 255
    255 0 90 0 255 50 255 14 0 0 62 0 255 0 255 0 255 0 0 0 6 0 134 255
    34 0 0 151 0 217 255 0 255 0 253 233 255 255 0 137 0 0 174 255 0 0
    255 101 0 0 255 210 255 0 0 200 255 0 0 255 91 255 0 255 0 0 0 0 229
    0 255 0 255 0 250 255 255 255 88 255 0 105 255 0 255 147 255 0 0 0
    255 0 255 0 255 0 255 0 255 255 0 0 0 0 0 63 75 255 255 144 255 0 0
    0 255 0 255 0 255 255 255 255 255 255 194 0 0 255 0 255 0 255 255 0
    0 0 255 255 132 255 0 0 0 88 17 255 255 45 255 128 255 0 0 0 0 255
    255 255 0 255 0 255 255 255 0 0 255 255 15 0 255 0 0 141 0 0 53 0
    255 255 255 255 0 0 127 2 212 198 255 0 0 155 74 255 168 0 0 255 0 0
    0 0 255 255 255 183 255 0 207 254 255 0 0 0 255 255 110 0 255 0 255
    0 96 0 255 0 164 255 255 255 77 116 0 75 255 255 0 0 0 214 255 0 0 0
    255 255 0 255 255 0 5 0 246 255 0 255 255 255 0 0 0 0 255 32 107 255
    255 26 0 255 255 143 40 189 0 0 0 255 255 117 208 255 167 255 0 255
    0 255 0 30 255 0 157 0 97 0 255 0 0 255 255 89 48 0 255 0 255 0 255
    0 255 255 255 0 0 203 171 255 255 0 0 218 142 255 82 255 0 0 255 255
    124 0 0 255 255 255 234 255 0 0 0 255 0 255 255 0 0 0 255 255 0 255
    0 255 12 0 17 0 226 230 0 255 255 255 15 0 116 0 204 20 255 0 0 0
    255 212 255 210 0 196 255 255 0 0 0 255 255 255 255 0 180 0 255 255
    6 99 0 255 0 0 255 159 255 0 255 216 255 0 255 0 0 0 211 0 255 0 255
    0 0 255 21 0 0 255 0 234 241 255 255 172 0 0 255 255 255 66 0 181 0
    255 0 0 255 255 0 0 255 0 0 255 0 5 0 255 154 113 255 0 0 0 28 0 0
    253 74 255 212 255 0 32 0 0 194 0 0 0 255 255 255 0 0 0 0 236 255
    255 255 115 0 255 0 255 0 0 255 86 0 0 0 255 0 0 0 0 255 255 0 0 0
    255 0 0 255 255 255 223 235 0 0 255 98 0 0 255 255 55 0 0 224 255 0
    0 0 0 0 255 236 0 255 255 255 0 50 114 255 0 0 0 0 0 255 255 255 95
    255 0 0 0 255 0 255 0 255 0 115 0 0 0 255 40 0 0 255 232 107 255 255
    255 0 0 255 0 255 255 49 0 0 0 0 255 255 0 0 0 255 255 109 48 19 0
    142 0 255 255 0 255 0 255 255 0 0 0 255 255 255 83 0 0 0 255 255 255
    0 0 87 0 255 0 82 255 146 0 115 255 255 255 196 0 21 255 255 255 255
    0 255 0 255 0 255 0 255 0 66 0 142 255 255 0 0 0 0 141 0 0 255 0 255
    0 255 255 255 0 0 0 255 255 255 0 0 0 149 1 232 255 255 255 0 0 168
    72 0 0 0 255 255 0 255 46 182 0 255 255 0 255 0 255 0 0 0 255 0 207
    134 255 255 0 45 255 255 0 0 255 255 255 0 0 255 255 255 0 129 0 255
    85 255 0 0 0 255 0 49 255 181 255 255 0 0 0 255 0 255 0 255 0 0 0 48
    255 0 0 0 255 151 255 0 0 255 0 255 255 255 0 123 0 255 255 0 255 0
    255 210 0 0 255 0 255 255 255 0 0 255 255 186 255 0 0 255 255 0 255
    0 255 255 2 52 0 255 255 97 255 255 0 0 0 140 0 0 0 0 189 255 0 0 36
    0 119 0 255 255 120 255 255 0 255 0 255 0 133 255 172 0 0 255 255
    255 0 0 0 255 255 62 0 193 0 5 143 73 255 142 255 0 0 0 216 255 255
    0 0 255 255 255 0 0 36 255 0 0 0 255 255 0 0 189 0 0 0 255 32 0 0 0
    160 255 255 129 0 255 63 204 16 1 255 0 0 0 255 255 255 0 255 255
    213 0 0 0 255 0 255 0 255 0 229 32 255 0 30 0 255 255 113 0 0 0 255
    255 255 255 186 255 255 37 255 255 255 255 0 174 0 255 0 255 255 115
    255 255 0 0 207 255 84 255 0 255 158 255 0 255 255 255 255 0 0 0 255
    0 255 0 255 0 7 255 255 255 0 0 0 0 194 0 255 255 0 0 122 255 255
    255 255 0 255 108 255 225 0 255 255 0 140 132 255 210 0 255 76 255
    255 0 255 0 255 255 255 0 255 0 0 79 173 0 15 255 255 255 0 255 99
    255 0 70 0 0 255 255 204 178 0 0 255 114 0 184 0 0 255 255 0 0 76 0
    0 12 116 22 203 0 255 0 255 0 255 0 255 0 255 0 255 0 255 0 71 0 0
    255 0 255 165 255 0 255 255 255 0 70 0 255 0 255 22 0 0 0 116 0 255
    255 0 200 255 0 255 255 0 0 255 255 255 219 0 255 54 0 0 255 255 255
    109 0 0 255 0 255 241 0 0 0 255 255 255 255 255 255 0 255 255 0 0 0
    0 255 0 0 255 255 0 0 123 255 255 0 255 163 0 0 191 0 39 0 255 0 44
    0 255 0 255 0 255 228 0 67 255 255 255 0 255 0 255 0 0 255 255 28 0
    255 0 0 0 0 135 0 157 0 0 255 0 255 0 255 255 255 255 216 255 0 18 0
    209 0 255 255 255 255 0 0 0 48 0 255 121 255 255 255 255 3 0 255 0
    255 0 255 255 255 255 255 0 0 0 255 255 255 255 0 255 0 255 255 255
    255 0 95 81 255 255 0 0 255 255 164 0 255 11 255 255 255 0 255 255
    255 0 0 255 255 255 155 12 0 0 0 255 243 255 255 202 0 27 0 255 255
    255 0 0 255 0 255 0 255 255 255 155 0 0 255 255 255 0 0 0 255 255 0
    0 0 0 255 255 245 255 255 255 16 255 255 255 192 255 0 0 0 255 255
    255 0 4 62 255 0 0 164 255 255 0 0 255 0 208 64 209 0 0 0 0 255 255
    255 252 66 0 255 255 155 255 0 121 255 255 0 0 255 255 255 0 255 0
    221 255 255 0 255 0 0 15 255 255 255 167 217 0 0 255 255 0 0 255 155
    219 0 255 0 0 0 0 40 230 0 255 0 0 0 187 255 255 255 0 255 0 124 0
    255 0 255 255 0 0 255 255 255 0 0 0 0 0 255 41 69 0 255 0 0 120 255
    255 255 0 0 0 255 228 255 255 0 0 128 255 86 255 0 15 0 0 0 0 0 255
    255 255 0 255 255 215 255 0 255 0 255 255 0 0 0 171 255 255 0 0 64
    255 255 0 255 44 255 255 0 255 0 200 255 0 0 219 0 157 255 46 0 255
    255 255 0 255 0 255 255 255 255 255 255 78 0 255 0 10 0 255 255 255
    0 255 0 0 0 255 255 243 0 0 0 0 255 0 255 140 14 0 255 0 0 255 255 0
    255 39 255 0 0 12 112 5 255 0 248 0 0 24 255 0 255 0 255 255 208 255
    255 0 0 0 216 255 241 255 255 235 0 0 255 255 27 44 0 255 0 0 0 255
    255 63 0 255 255 255 62 0 0 0 255 255 255 226 255 201 255 255 255 0
    0 0 255 0 0 206 255 255 1 0 0 0 0 255 200 255 255 135 0 13 0 255 0
    255 255 0 255 0 255 0 0 255 255 0 0 255 1 198 0 255 255 0 0 0 255
    241 0 214 0 183 0 0 186 0 255 255 86 0 255 255 255 0 255 255 0 0 255
    0 255 0 255 0 0 255 240 255 255 0 45 0 0 0 0 0 255 0 181 0 17 255
    126 224 0 255 255 255 0 220 0 51 0 25 255 255 255 0 215 255 0 255 0
    255 0 0 0 255 29 103 0 70 255 255 255 0 255 14 0 0 0 0 0 255 255 0
    255 0 0 255 0 255 255 255 0 0 0 0 255 255 0 105 0 0 0 5 255 0 255 0
    255 255 255 0 131 0 255 178 0 0 255 255 255 0 0 109 255 0 0 255 0
    255 0 0 0 223 255 210 255 0 0 0 222 255 255 124 142 241 0 97 105 140
    215 255 255 149 0 255 255 0 255 0 255 255 18 0 255 74 255 0 255 0 0
    212 2 255 255 0 101 255 0 0 255 255 255 0 65 0 255 0 0 102 255 255 0
    0 255 0 255 0 34 0 0 190 0 255 175 255 0 255 255 255 110 0 255 255 0
    91 0 255 0 5 255 255 255 0 0 255 255 0 0 255 255 255 0 4 0 0 0 0 255
    0 255 255 255 255 66 255 139 205 0 0 0 255 0 0 255 255 246 0 0 255
    255 255 255 0 255 255 255 0 0 0 255 255 0 255 114 0 126 70 255 128
    171 0 255 255 255 0 0 255 255 0 0 0 59 255 255 35 225 0 160 197 255
    255 255 76 0 255 95 0 0 148 17 84 142 4 255 0 0 0 255 255 255 4 0 0
    255 0 0 0 255 255 0 255 0 255 168 255 250 30 0 255 155 255 0 255 255
    255 0 0 0 255 79 0 0 60 0 106 190 0 255 0 255 0 77 0 187 0 0 201 241
    255 255 0 0 0 255 255 28 0 144 118 0 35 152 255 255 255 0 0 255 0
    255 0 255 30 255 255 255 255 0 0 0 255 0 0 255 255 0 0 90 255 16 255
    112 252 0 255 0 56 0 0 0 208 0 161 0 0 0 0 95 255 255 255 0 0 0 255
    255 255 255 0 255 0 223 0 0 69 255 0 0 255 173 255 255 255 188 248 0
    255 0 6 255 255 255 137 0 201 255 0 229 0 0 255 0 255 0 0 0 0 191 0
    0 0 207 255 60 255 0 136 255 255 0 0 255 255 0 255 122 255 21 0 0 0
    0 0 137 255 55 0 255 233 224 255 0 106 109 0 0 132 0 255 255 0 255 0
    255 0 255 0 255 255 255 255 255 0 255 0 255 173 255 255 0 0 115 255
    255 255 125 0 98 255 255 255 0 0 255 255 0 0 0 150 255 141 176 0 255
    0 255 255 255 0 7 0 232 255 0 255 0 255 212 224 255 110 255 0 141
    255 255 0 41 0 255 0 255 0 255 0 255 0 217 0 250 255 255 0 255 255
    198 255 0 255 0 0 255 255 255 255 0 129 0 0 0 255 255 255 234 255
    255 48 255 0 255 0 255 0 255 0 255 255 0 165 255 255 0 0 42 255 0
    255 0 255 225 255 255 255 255 93 0 0 214 39 255 0 255 255 255 255 0
    76 202 0 255 255 255 0 91 255 255 48 0 17 131 0 255 255 61 255 255 0
    0 255 255 255 0 255 0 255 41 0 0 255 255 80 0 0 255 255 255 11 0 0
    255 0 198 43 255 255 255 0 210 0 255 204 255 88 212 0 0 255 26 0 255
    255 44 255 0 255 255 255 0 0 0 255 0 0 8 255 255 255 255 0 0 0 255
    255 255 255 0 0 0 255 0 255 65 255 17 219 255 255 0 0 0 255 255 62 0
    58 125 255 206 255 0 0 128 255 255 0 0 255 255 255 0 0 255 0 13 0
    255 255 255 255 0 178 0 255 255 223 193 0 255 216 255 108 207 0 255
    178 255 216 234 255 37 0 65 255 37 0 255 255 255 0 255 0 255 255 0
    255 0 255 255 0 0 255 145 0 5 255 255 255 255 0 0 255 228 255 255 0
    255 0 255 22 0 255 255 255 0 0 255 0 255 255 255 0 255 255 223 255 0
    255 0 194 0 0 0 190 255 0 0 0 0 0 255 43 186 0 255 255 74 0 0 255
    255 255 0 255 0 255 28 0 103 0 0 96 0 255 0 164 0 0 0 130 0 0 221
    255 0 255 0 0 0 147 255 0 0 255 0 255 0 0 255 255 255 202 0 255 0 0
    67 255 255 40 0 72 0 88 255 255 83 255 118 0 0 0 255 255 0 235 166
    255 255 197 255 136 255 255 255 32 0 249 107 108 0 30 255 121 0 96
    255 255 0 0 255 0 0 0 255 255 255 255 0 0 0 255 0 255 13 255 0 174
    255 111 255 255 255 0 0 255 255 255 0 0 12 0 255 255 255 0 200 0 0 0
    0 255 0 255 0 0 0 11 255 208 255 0 255 58 255 0 255 152 255 0 15 0
    233 0 0 255 0 185 0 255 255 0 255 0 0 255 0 255 0 0 0 0 255 0 0 197
    0 255 255 255 205 255 0 0 255 255 229 0 0 0 186 38 255 255 255 0 57
    0 255 78 101 0 255 0 255 238 0 0 255 255 86 0 0 255 255 255 0 74 255
    0 255 0 255 52 0 0 0 255 255 255 239 255 255 255 255 62 132 0 0 255
    216 228 53 65 175 236 0 0 255 70 252 0 255 166 16 0 66 255 0 255 56
    0 255 255 255 0 0 255 9 255 255 0 255 0 255 255 255 255 255 0 0 250
    0 255 241 255 255 187 255 255 255 255 0 0 0 255 255 255 0 0 0 255 0
    0 255 0 255 0 255 255 255 250 101 0 0 0 138 224 114 255 0 38 12 255
    255 0 255 0 0 255 255 0 255 0 0 16 4 0 255 0 255 255 255 255 255 255
    111 255 255 186 245 0 0 255 75 0 0 218 255 255 0 127 103 255 0 237
    255 255 0 165 255 255 255 0 234 255 0 255 0 0 255 255 255 214 201 0
    255 0 255 255 111 0 255 255 237 0 255 255 0 0 0 0 0 255 255 255 255
    0 0 0 255 255 0 0 64 255 0 0 0 97 0 0 0 0 218 255 255 255 32 0 255 0
    0 255 0 0 0 255 0 4 255 245 255 255 255 0 120 255 94 170 217 232 0
    110 125 0 255 0 255 255 255 210 0 252 0 255 0 92 170 255 54 255 0 0
    0 0 82 255 255 255 255 0 255 0 255 3 0 255 255 0 0 0 0 255 122 255 0
    255 255 255 177 0 255 0 0 225 255 255 255 0 0 147 0 235 255 255 80
    255 0 0 0 255 99 107 166 255 0 205 255 255 0 0 0 0 123 255 255 255
    115 93 255 255 0 0 255 0 0 253 91 163 255 0 255 0 0 0 0 0 255 255
    255 0 255 0 2 198 19 255 191 0 118 0 0 0 255 0 255 255 255 0 255 255
    0 0 0 255 0 255 0 53 255 255 255 0 0 91 255 255 107 0 9 255 255 0
    255 0 139 43 255 163 0 255 0 236 0 152 0 0 255 255 255 255 255 0 131
    0 255 255 255 133 123 255 83 244 151 0 255 255 150 0 255 255 255 65
    150 19 255 0 255 255 0 0 221 255 255 0 255 83 255 224 0 127 0 255 0
    255 0 0 255 196 0 0 36 0 0 209 71 255 0 0 0 255 255 244 145 255 255
    0 0 219 190 0 0 255 255 0 0 255 0 0 39 255 78 143 0 214 0 151 54 0
    195 255 255 255 255 255 0 0 0 255 0 0 0 255 0 0 0 255 255 152 0 31
    145 0 0 255 0 255 213 0 0 0 167 255 255 0 98 48 184 255 197 0 255
    255 255 167 0 255 0 255 0 0 55 91 255 255 255 0 0 0 255 88 0 255 0
    255 0 0 0 255 255 0 255 0 0 255 255 230 0 0 255 255 0 255 255 255
    255 255 0 171 0 255 255 0 217 255 255 0 0 0 255 255 255 199 0 0 255
    255 255 0 255 0 0 255 32 56 0 21 255 255 255 89 0 0 255 255 0 190 0
    0 0 255 245 0 50 0 255 88 255 0 255 200 255 255 255 0 0 255 0 255 18
    255 255 237 0 0 0 0 255 255 255 255 6 0 0 0 179 255 255 0 0 165 238
    0 255 0 255 0 255 0 255 0 242 255 5 0 0 255 255 108 0 0 255 255 255
    0 0 255 0 123 0 0 0 0 255 255 255 255 10 0 202 255 255 0 0 0 0 0 255
    255 0 0 255 255 255 0 255 0 54 0 248 255 255 255 230 0 0 255 255 255
    0 234 0 0 62 255 0 68 0 255 0 137 255 255 0 255 0 255 0 255 0 255
    255 226 255 255 255 19 175 0 0 255 255 255 0 111 0 255 0 255 0 0 200
    255 148 255 0 0 0 137 255 0 255 145 0 0 255 0 0 118 255 130 0 0 187
    23 0 255 0 255 0 255 255 255 255 0 0 0 0 255 48 255 0 255 255 255
    255 87 0 0 0 0 255 0 255 0 0 0 0 255 0 255 0 0 0 255 255 0 255 46
    255 0 0 25 0 0 255 255 255 0 0 183 0 255 0 255 0 0 0 41 0 0 0 167
    255 0 0 0 0 255 255 255 0 255 0 0 217 32 0 255 0 255 0 249 255 255
    255 255 255 4 0 255 255 255 0 0 69 255 255 0 0 255 255 52 0 0 0 255
    255 255 0 255 0 0 255 255 255 0 0 10 183 0 0 0 0 0 255 255 255 0 0 0
    83 255 0 0 0 0 128 140 0 255 220 24 0 0 205 146 0 255 0 0 0 232 0
    255 255 164 0 255 255 255 0 0 25 0 255 0 0 255 121 255 162 56 255 0
    255 67 255 255 255 0 255 255 0 0 255 255 0 255 0 0 0 0 255 255 255
    255 0 255 0 255 247 255 0 0 0 255 0 255 255 0 195 0 169 0 184 255
    158 255 0 22 123 187 255 203 0 0 0 59 0 82 0 35 255 255 0 211 255
    255 0 0 255 255 255 255 0 255 255 0 0 64 255 255 134 0 171 0 255 150
    255 0 222 0 0 34 255 255 0 33 255 0 0 0 255 255 106 255 0 255 255
    207 255 0 0 0 255 255 0 135 120 255 243 252 255 255 255 0 0 51 74
    239 255 255 255 0 0 47 255 0 255 0 69 0 255 0 255 0 255 255 255 255
    0 142 0 0 255 118 0 0 0 255 255 255 255 255 255 255 0 196 0 255 0
    255 255 0 0 0 255 0 255 255 255 0 0 0 177 251 255 0 255 0 182 255
    255 0 0 255 255 255 0 0 0 255 255 0 0 81 0 255 255 255 0 0 0 255 214
    255 92 0 134 38 255 255 0 255 0 255 162 255 0 185 0 0 0 255 0 255
    255 255 0 255 0 255 57 255 255 255 0 68 255 255 55 152 0 0 255 255 0
    0 0 255 255 255 0 237 66 0 255 132 255 0 255 255 255 255 0 0 255 109
    255 211 0 255 0 255 0 103 39 255 0 0 0 0 255 255 255 255 255 83 86 0
    255 255 255 0 255 255 0 255 0 255 0 0 0 0 255 25 255 255 0 0 108 255
    255 0 183 16 255 136 106 0 38 255 0 0 255 27 255 0 255 255 141 225
    96 255 0 255 98 47 0 58 0 177 0 255 139 144 0 28 0 0 176 0 255 255
    255 89 0 0 0 255 0 255 0 0 255 0 255 0 47 255 0 0 255 255 255 255 81
    255 0 0 255 55 154 0 0 255 0 255 0 0 255 0 255 0 255 0 131 0 156 255
    64 0 255 128 255 18 29 110 0 253 0 255 0 174 0 0 218 255 0 70 0 0
    154 255 255 79 255 146 116 0 255 255 255 143 0 0 0 0 0 255 89 238 0
    255 0 255 255 23 237 0 255 0 255 0 255 231 0 0 255 0 0 0 255 255 255
    219 255 255 5 255 0 11 255 0 255 0 215 0 255 255 255 0 167 0 255 0
    255 0 0 158 255 255 0 0 0 255 0 255 0 255 123 255 0 0 255 255 0 59
    255 255 255 255 255 0 255 117 255 18 255 100 181 0 255 0 255 0 0 0 0
    122 31 0 255 255 0 0 0 0 255 255 31 0 100 255 0 255 0 0 0 255 98 124
    0 255 255 0 159 255 119 0 0 0 0 255 0 0 0 255 255 0 255 255 255 0 0
    255 255 164 0 255 0 255 255 255 255 13 47 181 0 255 0 255 0 255 255
    255 0 116 255 255 55 90 0 255 0 0 0 255 48 255 0 255 255 255 255 0
    255 255 0 175 255 0 0 0 0 255 255 67 255 0 255 163 255 0 0 255 255
    255 0 255 255 165 150 255 0 255 0 255 255 255 255 255 255 248 255
    255 0 209 0 255 0 100 0 119 90 255 255 0 255 255 0 0 0 0 93 0 0 255
    67 4 255 255 255 0 0 0 255 0 0 52 0 255 0 0 0 255 255 255 0 0 0 74
    255 0 255 8 255 132 255 229 255 0 0 0 0 0 52 255 182 0 255 223 69 0
    196 0 32 0 255 166 255 0 255 255 255 0 0 117 255 255 246 0 0 255 255
    0 92 230 255 0 0 255 139 255 255 0 0 165 255 255 255 255 255 0 255
    255 149 0 0 0 255 0 0 58 255 0 151 250 0 182 255 255 0 0 0 255 46
    255 0 0 0 255 255 255 0 0 255 255 255 19 0 0 0 93 255 109 255 0 255
    137 255 255 237 124 0 0 75 0 0 0 255 0 255 48 150 0 0 255 0 255 0 56
    255 255 0 0 0 0 255 255 0 255 0 255 255 0 0 255 150 0 0 255 0 0 9
    255 255 39 255 201 255 0 0 0 255 0 255 255 255 255 255 0 0 113 255
    44 255 0 0 0 0 0 255 0 0 0 255 255 255 0 255 0 0 255 255 255 0 255
    231 162 0 0 0 255 65 163 255 255 0 255 255 255 0 0 255 0 255 79 0 80
    255 0 0 0 255 255 108 0 217 255 0 255 255 0 176 235 142 0 0 255 255
    255 0 255 0 255 0 255 255 0 0 0 0 255 255 0 255 255 255 0 255 255
    255 0 0 0 255 0 255 0 0 0 0 173 0 255 255 255 0 216 255 0 255 0 255
    0 233 0 255 250 0 0 255 255 0 0 33 0 255 0 255 0 130 0 255 0 154 0
    181 0 249 255 0 0 255 255 255 0 0 0 255 195 255 0 0 145 255 255 0
    255 0 255 255 255 0 48 255 255 255 0 255 0 63 255 255 255 0 255 255
    255 38 0 0 51 0 255 0 63 0 182 81 255 0 0 0 238 255 255 0 255 0 255
    0 0 130 255 255 255 0 0 206 0 255 224 0 255 0 255 255 255 0 0 92 255
    0 255 237 0 255 0 0 96 0 255 255 255 0 0 128 0 255 130 0 255 255 174
    255 255 168 255 0 255 67 255 0 255 255 0 255 0 0 0 255 255 255 255 0
    0 255 255 255 0 0 0 87 0 0 188 144 255 0 0 0 255 255 238 0 255 0 255
    17 255 0 255 255 115 0 0 255 255 255 0 0 0 0 0 255 255 255 0 0 255
    255 255 0 0 0 249 238 0 0 255 0 0 106 117 255 62 0 0 132 0 255 255
    198 0 69 255 255 255 0 0 255 0 255 20 0 0 255 255 255 255 255 0 255
    118 255 255 0 255 56 27 0 0 0 0 0 0 255 255 255 0 0 0 255 255 0 0 0
    255 0 255 0 255 255 255 239 255 0 0 255 0 199 255 255 0 0 0 255 255
    242 199 32 255 0 62 0 0 0 100 0 0 255 0 0 0 226 0 0 208 0 255 0 255
    0 255 0 129 0 61 0 245 255 255 0 0 0 0 0 255 255 0 255 132 250 255 0
    0 255 255 255 0 255 0 0 0 0 255 255 255 255 61 0 255 255 255 0 255 0
    79 0 0 0 0 255 255 255 187 68 128 255 0 255 0 134 0 30 255 255 148
    255 0 0 0 255 255 201 0 0 101 255 122 0 255 0 226 0 0 0 0 0 255 255
    167 0 0 0 0 255 255 255 255 57 0 255 255 0 0 255 0 87 255 255 0 255
    255 0 255 109 255 0 0 124 255 97 94 0 0 0 0 0 0 255 255 255 0 0 0
    255 255 0 0 255 122 255 0 255 0 33 144 255 255 255 0 255 0 0 0 255
    220 0 0 0 0 255 255 50 255 255 0 0 0 255 65 255 0 255 255 255 0 255
    0 0 17 255 0 0 0 255 192 255 0 255 255 255 0 0 157 143 255 0 0 0 255
    0 255 0 255 0 255 0 0 0 200 255 255 0 0 255 0 255 255 255 0 0 100
    255 0 0 0 42 255 255 0 8 0 255 0 0 0 255 255 0 0 255 165 255 255 113
    115 0 255 0 255 255 218 255 0 255 255 0 0 255 69 255 255 0 255 0 255
    0 0 93 255 255 129 255 0 107 203 0 0 0 207 0 255 0 0 0 0 255 36 255
    0 255 172 255 255 255 0 0 255 0 255 0 255 144 255 255 143 74 116 255
    0 255 236 76 0 255 0 255 72 0 0 0 255 0 226 0 0 255 255 146 0 0 255
    0 77 0 66 0 0 0 255 0 0 0 255 45 255 0 0 0 0 0 255 0 0 255 255 255
    209 0 0 0 255 255 255 0 0 0 255 170 255 38 0 0 255 0 0 0 255 0 255 0
    255 255 255 0 0 255 255 194 255 0 255 0 0 0 247 0 196 255 0 175 255
    0 0 17 255 248 255 0 0 0 0 130 77 0 113 255 153 255 255 0 0 255 22
    255 255 255 0 0 26 255 255 0 161 0 0 0 225 0 255 16 255 0 255 255 46
    30 0 255 255 84 0 255 0 255 255 0 0 0 0 0 0 255 255 0 0 0 255 255 0
    255 0 255 0 255 0 255 0 6 0 255 0 255 255 255 0 255 72 0 0 253 255
    255 202 255 0 158 197 0 255 255 255 255 0 0 255 255 255 0 0 0 0 255
    77 0 185 0 0 255 255 255 0 0 255 255 0 255 0 255 0 255 255 255 255
    255 255 0 255 0 255 255 255 29 0 0 0 255 111 0 0 0 255 255 232 81 0
    0 216 0 255 255 255 36 0 255 255 0 38 0 255 0 34 141 0 255 255 255 0
    0 0 255 255 255 255 0 0 255 0 255 119 136 125 255 255 0 0 255 255
    255 0 113 0 0 0 255 255 255 0 0 99 255 96 0 0 0 0 0 255 255 255 255
    0 255 255 255 221 0 0 0 255 255 0 255 255 0 168 0 255 255 0 176 0
    105 255 255 255 152 255 255 0 0 0 255 255 179 102 0 0 255 255 255
    255 0 0 255 255 255 0 0 255 255 9 0 110 205 255 0 255 255 150 255 0
    39 160 255 148 0 0 0 0 255 255 255 0 255 0 255 255 0 0 51 0 255 0 0
    0 20 255 255 214 255 0 0 0 255 0 121 255 0 0 255 255 255 66 255 0
    255 0 0 0 255 0 0 0 156 255 0 114 141 255 0 255 0 0 255 255 0 0 0
    220 255 255 199 0 255 255 0 0 230 255 255 255 255 0 0 0 255 255 0 0
    255 255 0 21 255 0 0 0 255 255 255 0 56 0 0 0 255 255 255 255 0 0 0
    0 255 0 0 0 0 0 57 255 0 255 0 255 115 255 0 0 255 255 255 255 255
    255 0 0 0 0 255 0 255 255 0 145 0 255 0 255 0 255 0 255 255 0 255
    255 0 0 159 255 255 255 0 255 255 0 0 0 191 255 255 255 198 0 255
    255 0 255 48 255 255 50 255 0 0 0 255 55 255 255 0 255 255 0 255 0
    55 0 41 0 255 255 0 0 255 255 27 255 0 0 0 0 255 255 0 0 0 195 36
    255 46 108 0 255 0 0 0 255 0 0 104 0 174 255 0 0 255 0 255 0 99 255
    255 255 255 255 114 103 176 0 255 255 255 255 0 0 0 255 255 0 0 255
    0 255 255 210 0 125 255 255 0 218 0 255 0 0 0 255 0 0 0 255 255 255
    0 124 255 0 255 0 255 0 255 26 255 255 242 0 130 0 0 255 115 0 9 255
    255 0 255 162 255 0 255 0 255 0 0 255 116 71 0 255 255 255 0 5 255
    255 255 255 21 0 155 78 255 0 0 0 0 255 0 255 0 255 0 0 255 255 255
    255 255 255 128 240 0 106 255 33 187 210 0 0 152 255 255 149 255 0
    255 210 255 255 0 0 0 255 242 255 0 255 0 78 0 10 255 255 0 192 0 0
    255 235 244 0 255 255 255 255 0 0 0 255 255 0 0 255 255 0 123 0 255
    0 218 255 255 0 212 0 255 255 255 255 0 255 255 255 104 0 255 0 126
    0 255 0 255 255 255 0 218 0 187 34 0 64 255 255 255 0 48 0 255 255
    94 205 255 255 64 252 255 0 255 17 255 0 255 255 255 255 0 5 255 255
    255 255 0 0 255 255 255 255 51 255 255 0 0 255 0 255 255 255 0 0 0 0
    0 255 255 255 255 0 255 203 115 0 0 255 255 255 0 255 0 255 0 149
    255 118 0 0 255 255 255 255 0 235 0 255 255 255 0 9 69 0 0 255 255
    255 255 0 0 0 0 0 255 126 255 0 255 255 0 40 135 0 255 255 0 255 0 0
    0 0 255 0 255 0 255 144 216 148 0 0 128 255 0 255 4 0 0 235 0 255 0
    255 109 255 255 0 255 255 68 255 255 0 0 0 255 0 255 0 175 0 255 0
    255 255 255 0 0 0 183 0 0 10 255 255 0 0 245 0 255 0 6 0 255 255 255
    0 255 0 255 0 233 185 255 0 255 255 255 255 0 0 0 255 255 0 255 0
    219 0 255 105 255 255 255 0 192 0 255 255 255 0 0 204 255 255 0 0 0
    0 0 89 255 255 0 255 0 255 0 255 140 255 255 255 0 255 0 0 0 245 255
    255 28 0 0 213 0 190 255 255 255 0 0 68 255 255 255 0 0 0 0 255 255
    165 255 239 255 0 152 0 0 0 0 0 93 255 126 0 0 255 26 255 0 255 0
    255 226 255 28 244 0 21 255 68 71 255 0 255 255 124 255 96 27 116
    255 0 255 0 44 0 255 0 0 0 0 0 46 0 255 255 255 155 0 0 255 0 255
    255 255 0 0 189 255 255 0 0 0 255 255 255 0 0 0 255 255 0 255 147 0
    0 0 255 255 255 0 0 255 255 255 0 255 0 255 255 0 255 255 255 255 0
    0 255 255 255 255 255 255 81 255 0 255 255 0 171 255 255 255 255 0 0
    255 255 255 0 0 0 0 201 255 0 255 0 255 255 255 0 255 0 255 0 255 0
    255 0 241 255 0 180 0 0 255 255 255 0 0 0 255 0 255 255 210 0 0 255
    255 236 0 255 66 255 175 255 255 255 0 0 0 255 255 37 0 0 0 128 0
    255 255 0 255 255 255 0 109 255 255 0 255 0 255 0 255 178 255 127 0
    0 169 255 19 255 0 255 255 0 255 255 255 0 0 8 255 0 255 0 0 34 255
    255 255 0 0 0 0 0 255 45 153 253 255 77 255 201 0 0 0 255 255 255 85
    255 0 0 255 255 0 146 18 138 0 149 0 255 81 255 255 0 255 255 255 17
    124 255 0 174 0 255 0 0 255 255 0 255 0 93 150 255 0 0 0 0 255 255 0
    37 0 255 126 0 0 255 0 0 160 255 255 255 0 255 0 0 0 0 255 255 232 0
    229 0 0 0 255 255 218 0 0 255 255 70 255 0 255 255 255 0 200 0 255
    255 0 0 0 0 255 0 255 255 255 255 0 255 255 255 255 73 138 0 0 0 191
    90 56 255 255 0 0 0 255 0 0 0 255 255 255 0 233 0 0 255 0 0 0 255
    182 103 255 255 255 255 30 0 255 255 255 255 0 0 0 0 52 0 0 0 110
    255 255 255 0 0 0 255 255 247 255 255 217 0 148 126 0 0 0 255 255
    255 255 255 0 0 0 255 206 222 255 255 0 255 255 255 88 145 121 255 0
    255 0 255 0 255 0 255 51 70 0 255 0 0 0 255 255 255 0 255 0 255 188
    0 0 255 255 0 0 0 255 255 255 0 0 255 0 255 255 46 0 255 0 255 0 0 0
    255 255 0 0 255 0 255 6 255 20 0 255 0 255 138 0 20 130 199 108 216
    0 255 0 161 255 0 0 0 0 103 0 0 0 0 0 255 220 255 0 0 255 0 0 0 0
    168 145 0 0 0 0 0 255 0 255 0 0 255 56 0 0 0 62 247 255 255 255 0 0
    0 255 255 255 108 0 255 1 0 0 70 255 45 255 0 59 0 196 255 255 0 0
    30 255 0 0 0 255 159 221 188 57 255 0 255 185 221 0 0 25 255 184 255
    157 255 213 181 255 255 255 255 212 114 0 255 255 0 0 0 255 255 255
    98 255 0 0 255 255 255 255 255 255 0 255 0 223 255 255 255 0 0 0 255
    0 255 0 255 0 255 0 255 255 255 0 0 0 0 255 255 255 0 0 0 255 255
    255 0 0 255 255 255 0 0 0 0 149 0 0 255 255 255 255 255 0 0 0 151
    255 0 42 0 255 0 202 0 0 0 168 255 255 255 86 0 255 242 255 0 255 0
    93 0 255 214 167 0 255 255 255 212 0 0 92 0 146 0 0 54 255 0 255 14
    43 255 255 196 255 0 249 183 255 0 255 255 255 0 255 0 0 0 255 0 255
    0 172 255 255 255 0 0 255 255 85 255 0 255 0 255 255 255 0 255 0 255
    0 0 0 255 255 255 0 0 255 0 122 0 0 255 61 0 255 0 0 0 255 255 255 0
    0 0 255 255 176 255 0 0 0 0 99 0 0 255 255 0 255 0 255 0 255 0 0 0
    255 255 255 255 34 0 0 255 255 0 0 0 255 119 255 138 0 111 56 255
    255 0 255 0 174 0 255 0 255 255 76 0 225 255 43 78 0 0 0 0 255 0 0 0
    0 0 0 255 212 68 0 255 0 0 0 255 255 31 0 0 178 255 221 0 0 255 255
    255 0 0 0 255 0 255 160 255 0 0 0 255 255 255 15 0 0 255 111 255 0
    255 0 160 255 255 255 0 0 255 0 0 0 255 255 255 0 255 0 255 255 255
    0 255 255 0 240 0 0 255 0 219 0 255 143 255 19 0 255 255 255 179 0
    255 146 47 255 255 0 0 0 169 0 255 0 255 0 255 255 255 255 0 0 243
    255 255 255 0 79 255 255 155 255 255 70 0 255 255 0 0 101 255 255 0
    0 67 29 0 255 153 255 255 255 255 13 0 247 255 0 255 0 0 0 255 255 0
    0 255 0 0 255 255 255 0 255 255 177 230 0 0 255 255 255 0 0 129 0 35
    94 0 0 255 255 255 255 0 0 255 255 0 123 235 255 251 255 0 211 145
    55 78 255 255 255 0 0 0 114 255 255 0 0 254 61 252 255 188 255 0 255
    255 255 216 0 0 255 255 255 255 255 0 0 255 0 255 177 255 0 255 0 0
    0 255 99 0 182 255 10 255 255 0 0 233 0 255 255 255 0 0 0 0 0 255 0
    255 0 0 0 255 255 255 191 0 0 90 255 255 0 255 255 255 0 255 0 255 0
    0 255 255 16 255 255 255 0 255 0 74 0 0 255 0 0 0 0 68 0 255 0 255 0
    64 0 227 255 138 0 0 129 0 255 2 104 0 0 147 0 235 255 255 0 0 0 0
    255 0 255 33 255 255 0 54 0 255 255 0 255 0 249 255 0 248 255 0 255
    0 255 127 255 0 0 0 0 255 255 55 0 0 220 0 255 255 44 83 255 0 102
    255 255 255 0 255 255 84 0 0 0 255 255 55 255 36 198 255 255 0 179 0
    255 255 255 255 0 115 0 0 255 255 255 0 48 255 96 166 0 0 55 0 255
    255 255 0 185 0 255 255 28 0 0 0 255 0 255 255 0 255 107 0 0 255 255
    255 0 201 82 235 0 203 255 255 60 255 70 255 0 255 0 255 255 0 0 255
    255 0 0 0 255 0 255 34 255 0 0 255 0 255 255 177 187 0 255 163 255
    255 0 255 0 0 0 0 159 255 255 0 0 255 255 164 0 0 255 0 255 0 170 0
    152 0 255 255 0 255 0 255 123 0 0 0 0 0 7 255 77 255 0 0 0 255 255
    255 0 0 0 255 0 142 0 0 255 255 255 0 0 0 25 0 255 39 0 140 180 255
    255 0 255 0 0 0 0 0 238 255 255 0 0 0 217 255 255 0 0 0 255 255 0
    255 255 0 255 0 0 71 0 255 0 255 0 255 255 232 0 0 0 12 109 49 147
    255 36 255 0 0 30 255 255 0 0 0 0 3 10 0 0 203 255 255 255 255 0 0
    163 255 255 0 0 255 0 255 0 255 255 201 255 47 0 84 255 255 255 0 0
    255 255 0 255 255 0 0 12 255 0 0 55 0 255 255 255 255 0 0 0 255 0 0
    231 11 0 247 0 255 0 119 0 0 0 0 255 255 255 255 0 0 120 198 210 254
    255 109 0 0 0 0 19 96 0 255 0 255 255 255 0 255 0 0 255 0 255 45 150
    0 0 122 255 255 0 0 255 255 255 0 0 150 0 255 98 255 255 0 255 0 255
    0 255 255 255 0 0 255 0 255 0 181 255 161 255 255 0 0 0 255 255 253
    0 255 0 0 0 255 255 255 60 255 0 0 0 255 0 0 255 255 255 109 83 255
    63 255 255 0 255 0 21 0 255 52 0 0 255 255 255 0 255 0 0 0 250 255
    255 91 255 0 255 0 255 255 255 0 0 0 0 0 0 255 255 0 247 255 255 0 0
    0 255 223 0 0 0 255 255 255 164 255 0 255 52 109 0 255 255 255 255 5
    0 255 255 255 74 255 0 0 88 0 163 255 0 0 0 211 3 225 0 255 0 0 0
    255 255 0 255 56 255 0 83 0 255 144 77 255 199 255 122 0 0 0 255 0 0
    0 255 127 255 0 57 0 0 54 255 255 0 98 0 22 255 0 0 255 255 80 255
    125 255 0 255 0 0 0 255 255 255 0 255 0 255 61 255 0 0 0 0 0 255 255
    174 0 255 0 255 0 0 0 43 255 0 255 0 255 0 0 255 255 255 255 0 0 0 0
    0 0 133 0 255 228 112 157 0 214 0 0 222 255 255 1 255 106 124 255
    149 255 0 0 255 255 255 255 21 87 0 0 0 253 225 0 0 191 255 0 0 109
    0 255 0 90 0 255 255 226 152 0 255 15 255 255 215 0 0 0 124 21 255
    255 255 4 255 34 255 88 0 60 255 255 255 183 194 0 255 0 0 60 8 255
    0 255 0 255 0 0 0 255 0 255 0 181 200 0 0 168 255 255 0 64 255 255 0
    0 255 0 255 0 0 0 255 255 255 13 220 0 255 255 255 255 192 191 0 255
    75 255 0 255 0 255 161 255 82 0 64 255 242 255 0 97 0 255 255 255 0
    255 0 0 126 33 255 0 255 0 54 255 0 255 0 255 0 104 25 0 255 0 255
    255 255 173 0 0 255 105 255 54 255 195 255 255 0 0 255 255 0 255 0 0
    244 0 255 0 255 255 0 255 255 124 0 80 0 192 255 0 9 255 0 0 0 255
    255 0 0 145 0 255 72 0 0 255 255 255 212 0 210 72 255 255 255 213 0
    255 56 186 0 255 255 255 135 124 0 255 0 0 0 255 175 255 255 255 255
    0 255 0 255 255 255 0 0 0 0 0 116 255 255 0 255 0 255 0 0 0 148 255
    130 255 152 255 84 255 67 255 140 72 0 68 0 0 0 255 255 255 0 255 0
    149 197 255 0 0 75 0 210 255 30 0 0 156 255 212 0 255 0 255 98 0 69
    255 5 116 0 0 0 34 53 126 255 0 255 0 0 0 0 178 255 255 0 162 0 143
    255 255 78 255 255 42 0 0 0 0 34 255 49 255 255 0 255 80 0 0 255 0 0
    255 0 255 255 255 255 46 42 0 0 255 255 222 0 255 0 255 255 255 0
    255 255 0 0 0 9 37 0 255 228 0 255 170 255 0 255 255 0 144 0 255 255
    255 255 0 0 0 0 63 0 255 0 71 0 255 255 0 0 0 255 255 255 0 0 0 255
    255 0 255 0 101 255 255 0 255 0 218 255 255 255 0 171 0 255 255 255
    0 255 0 175 140 0 255 188 255 61 0 187 23 0 0 0 0 0 0 6 255 255 86
    255 0 53 247 0 202 255 255 255 255 255 0 0 219 0 77 9 255 255 0 210
    0 255 0 0 255 255 84 255 137 0 255 255 255 0 0 0 0 255 121 255 255
    138 51 0 255 243 255 255 255 255 0 192 0 0 0 255 255 0 0 255 255 134
    0 0 255 110 255 0 227 0 255 49 158 0 0 255 102 255 255 255 0 0 0 250
    255 255 0 255 255 255 0 231 0 0 0 255 255 255 0 0 0 101 0 255 0 7 0
    0 47 255 255 47 0 229 255 255 63 181 255 0 204 0 255 0 0 0 174 255
    255 0 0 0 154 255 0 255 160 255 0 0 186 255 0 51 255 23 0 0 87 255
    255 0 0 255 43 255 255 0 0 255 255 255 0 72 255 255 0 0 0 255 255
    255 255 255 0 0 0 0 255 0 255 0 147 0 170 207 74 0 0 0 255 0 255 255
    255 0 255 0 32 255 0 255 255 13 134 255 224 0 255 0 255 0 0 0 0 255
    255 0 83 0 112 255 255 221 255 0 255 255 0 36 0 169 255 255 255 255
    255 0 255 0 255 248 0 65 255 255 0 48 83 255 255 0 0 106 0 0 0 0 0
    255 255 255 166 255 0 255 0 255 0 255 102 164 255 255 196 255 0 0 92
    0 108 255 255 255 0 0 106 65 0 255 0 255 255 255 0 0 55 0 0 255 0 0
    255 255 255 0 255 75 255 0 118 246 255 255 255 255 0 255 0 255 0 255
    213 0 62 0 255 0 255 0 255 255 255 0 0 0 255 135 0 0 0 0 255 0 0 255
    179 255 0 255 35 0 123 0 254 0 255 0 255 0 255 0 255 0 0 255 233 0 0
    255 165 138 255 139 0 205 0 255 255 0 0 0 0 255 57 12 255 127 86 0
    168 0 219 255 255 145 0 251 22 0 255 255 104 0 101 0 0 58 236 195 0
    0 0 0 234 255 0 255 255 255 0 0 0 0 0 255 0 0 0 0 3 255 255 255 255
    0 0 0 247 118 138 0 0 0 255 255 255 255 255 0 0 145 0 0 0 255 255 0
    0 0 0 255 255 255 255 0 0 0 0 255 0 69 40 104 253 0 255 0 0 0 0 114
    16 0 255 246 255 113 255 255 0 0 0 255 255 255 255 81 255 193 0 0 0
    255 0 114 255 33 0 255 0 255 0 255 0 0 255 140 255 0 0 0 0 255 0 140
    29 255 255 0 201 0 139 0 246 255 1 0 255 91 255 0 203 21 0 255 0 0
    255 255 0 0 255 20 90 0 255 0 255 0 0 0 255 210 255 255 255 26 0 233
    255 0 93 255 0 38 0 125 255 132 255 255 255 235 0 0 230 255 255 0
    146 255 255 0 37 0 0 0 174 255 255 0 0 60 0 43 0 255 255 0 255 0 42
    255 255 255 235 255 0 0 255 255 255 0 255 255 0 255 0 255 255 255
    137 255 105 0 91 184 0 0 0 148 255 255 255 255 167 255 163 0 255 0 0
    255 0 255 255 255 108 92 255 255 0 0 202 255 91 0 0 0 255 0 255 255
    235 0 255 255 130 248 0 0 0 255 0 255 0 255 12 0 0 98 255 0 203 255
    232 255 19 115 0 0 0 255 156 255 0 255 0 37 255 255 0 0 255 181 255
    0 215 0 0 0 255 0 216 255 255 0 0 247 0 255 0 217 255 255 255 0 87 0
    255 0 255 0 6 0 255 0 0 53 255 255 255 0 0 255 255 255 0 0 0 0 255
    255 0 212 0 0 255 146 253 255 141 0 0 0 119 255 255 255 0 255 0 245
    0 203 0 0 255 255 255 255 0 0 0 255 0 0 0 255 0 255 0 255 255 0 0
    130 255 0 255 0 255 12 255 0 0 157 255 0 0 255 234 114 0 255 255 0
    255 255 255 255 7 0 0 255 255 255 0 0 0 0 255 255 0 0 0 0 0 255 255
    255 210 255 255 0 0 255 243 0 24 0 255 0 255 0 165 255 0 255 0 0 255
    255 255 255 255 255 209 0 54 255 255 0 0 186 255 209 0 0 0 255 0 255
    255 255 255 255 0 0 151 29 255 255 255 0 255 0 255 255 255 0 118 112
    255 255 255 255 0 134 255 255 255 0 0 130 255 146 0 219 0 0 0 5 0
    255 0 255 0 255 0 0 255 255 122 227 0 255 0 255 0 255 0 255 255 255
    255 0 0 255 255 255 255 0 36 109 0 171 255 0 0 255 255 0 227 255 0 0
    0 255 255 56 255 0 187 21 0 0 255 32 0 255 255 255 0 0 255 0 246 255
    0 255 216 255 0 0 0 21 43 46 202 0 192 0 255 255 255 0 255 0 0 0 0
    255 255 255 255 0 255 0 10 0 230 0 0 255 255 255 255 0 0 0 255 0 255
    0 249 0 58 156 255 6 46 255 255 255 255 255 255 0 0 0 255 0 61 3 255
    255 0 249 0 255 255 255 0 255 255 255 255 0 0 0 255 0 16 0 0 255 255
    255 0 255 0 0 0 255 255 0 0 255 255 255 0 255 0 255 255 255 0 255 0
    0 0 255 255 0 255 255 0 255 0 255 0 255 0 255 0 0 0 255 255 0 255 0
    70 255 0 0 0 120 0 0 255 0 0 120 255 255 87 255 80 104 197 0 0 0 150
    0 0 255 34 0 255 0 255 0 17 255 255 0 0 255 255 255 0 0 0 0 0 255
    255 255 0 113 255 255 103 0 0 255 255 255 255 0 255 94 255 255 255
    255 0 0 35 0 0 56 255 255 255 255 0 0 255 255 206 0 255 255 242 0 0
    0 255 55 255 86 255 0 0 148 255 255 0 106 67 255 255 255 218 0 0 255
    255 255 0 41 0 97 101 255 247 255 0 0 0 0 255 255 255 255 240 255 18
    255 241 113 0 0 0 255 255 0 255 255 0 255 0 255 255 225 255 255 255
    0 0 255 196 255 228 0 0 255 255 255 0 0 0 255 255 255 0 68 230 52
    114 0 255 0 255 196 243 17 0 0 255 255 0 64 255 209 0 255 255 255 0
    255 0 255 151 0 0 255 146 255 0 170 255 89 0 255 255 209 255 139 255
    0 219 255 0 0 65 255 255 0 0 63 255 0 0 0 255 255 255 255 0 255 255
    255 0 0 208 255 255 255 255 255 0 0 0 149 255 255 0 133 26 126 255
    255 0 0 0 255 0 255 0 255 255 255 0 0 255 255 125 0 21 255 0 0 0 255
    0 100 148 0 255 0 255 0 143 255 255 0 255 241 0 224 135 255 0 0 0
    255 242 0 0 0 255 255 255 0 0 0 255 255 0 107 0 255 255 255 255 241
    251 0 255 225 5 92 255 255 10 104 124 0 0 0 255 0 0 0 190 255 255
    113 255 255 0 255 0 0 255 0 0 162 255 255 0 255 76 255 56 148 255
    255 255 24 255 0 255 224 255 170 0 0 0 0 0 255 142 255 177 255 0 0 2
    255 255 255 255 0 0 255 215 0 0 238 255 0 0 255 255 255 255 0 255
    255 255 0 0 0 255 255 255 255 0 0 0 255 15 0 0 255 255 44 0 0 255 0
    53 0 255 255 19 35 255 255 255 255 255 0 0 0 255 0 255 0 255 255 242
    0 0 255 0 0 0 255 255 255 255 0 157 147 255 0 0 255 255 255 0 0 0
    255 0 255 0 0 0 255 255 0 0 255 0 255 255 0 0 70 255 0 6 93 0 255 0
    255 58 255 0 0 0 255 224 255 255 255 255 0 146 255 0 255 0 255 0 255
    255 255 0 103 0 0 94 255 0 152 31 10 255 37 255 0 0 31 0 255 0 255 0
    255 255 0 0 0 255 255 0 0 0 255 0 227 0 255 255 0 255 0 255 0 255 0
    255 58 0 0 255 0 255 255 255 255 255 0 0 0 255 255 255 0 0 0 255 0 0
    0 255 255 233 0 0 255 82 0 0 0 51 255 0 255 0 255 255 0 0 0 255 255
    58 0 17 255 255 0 255 0 188 255 9 170 0 255 255 76 255 255 255 0 255
    0 255 24 0 255 0 0 255 255 0 0 198 36 255 255 0 145 0 255 0 255 0
    255 0 255 0 255 21 62 0 0 0 84 255 0 0 255 255 248 0 255 0 0 79 218
    255 0 255 0 255 255 255 70 0 247 0 255 255 146 0 0 0 0 255 254 255
    255 0 0 255 255 0 0 0 33 0 0 113 118 70 0 0 153 190 95 255 0 255 255
    255 255 0 255 255 255 0 0 0 255 255 255 0 243 255 255 255 247 0 0 0
    255 255 0 255 0 255 0 0 0 255 255 74 0 0 0 0 0 198 0 255 0 169 0 191
    171 0 255 255 0 0 255 255 255 255 0 255 255 0 0 255 255 255 47 0 255
    123 0 255 0 0 0 54 255 255 164 65 0 121 0 183 255 255 255 0 0 0 0 0
    181 255 0 0 0 255 255 255 0 0 194 0 63 255 0 0 23 255 0 0 0 0 255
    255 255 0 94 0 255 255 0 243 255 112 255 14 255 115 0 0 99 255 255 0
    0 0 255 0 0 6 0 255 255 239 108 255 211 255 255 0 0 255 0 255 255
    255 21 0 124 0 251 255 15 0 255 250 0 255 179 0 50 255 0 0 201 0 0
    186 255 255 255 255 0 124 0 0 0 0 255 155 0 0 0 255 255 255 0 255
    255 0 56 36 0 70 210 255 0 160 255 239 255 183 187 255 0 255 0 0 0 0
    0 255 0 78 0 255 255 0 0 128 255 255 255 255 0 0 0 255 255 0 0 38
    254 0 115 0 0 255 96 255 190 255 255 0 0 0 255 255 0 255 0 0 0 0 255
    115 255 0 0 255 90 84 213 0 255 255 0 0 255 0 255 6 255 255 219 255
    0 0 0 0 0 0 255 168 0 255 255 255 255 0 255 0 144 130 56 255 255 72
    0 0 255 0 255 8 255 255 108 0 0 0 199 114 0 231 255 255 255 255 0 0
    184 57 255 255 77 227 0 252 155 0 0 255 0 0 0 255 255 182 115 255 61
    0 255 0 102 255 26 255 0 0 0 255 255 0 255 255 255 255 0 163 0 0 0
    255 255 255 228 73 52 0 171 255 0 255 109 255 255 0 140 28 255 0 255
    255 72 0 0 255 255 255 0 255 255 255 224 0 221 255 255 255 25 0 126
    255 57 0 255 204 0 0 255 201 255 190 0 0 255 255 210 151 255 255 255
    14 0 0 252 255 255 0 0 0 0 255 255 255 255 0 255 140 201 0 255 0 255
    0 0 255 0 255 255 0 0 255 240 255 84 6 0 0 0 37 0 255 0 255 255 0
    255 255 255 0 0 0 0 184 255 255 0 0 0 0 255 255 255 0 4 0 0 255 255
    255 0 255 255 255 255 0 0 0 255 0 0 104 0 255 255 27 0 195 33 255 0
    0 0 0 255 255 255 122 255 255 0 255 249 241 255 0 60 255 255 181 0
    137 0 255 89 255 255 107 0 0 0 0 255 203 0 0 123 0 255 255 0 127 0
    255 0 255 118 0 0 255 255 0 0 0 18 0 255 255 0 183 20 255 255 255
    235 255 0 255 255 255 25 255 0 171 0 0 255 0 72 255 108 255 0 0 0 0
    255 255 0 0 255 0 0 255 0 0 255 115 0 255 0 255 57 255 255 255 0 0
    217 255 255 248 0 0 255 255 255 255 0 0 0 255 245 0 205 255 0 0 170
    255 0 0 255 255 0 0 0 255 255 0 255 0 0 0 119 255 215 0 0 255 0 124
    255 255 255 255 255 0 75 0 0 255 0 255 0 255 0 255 255 255 0 210 0 0
    0 73 255 255 0 0 0 255 255 255 145 217 0 0 0 255 255 255 180 243 183
    255 201 0 90 255 221 0 0 245 255 78 255 0 241 12 0 0 255 255 0 219
    253 171 255 255 0 0 255 0 0 131 255 0 0 255 255 255 0 255 255 0 255
    0 255 0 87 255 37 202 0 255 0 0 255 0 0 0 255 255 255 255 0 0 93 255
    255 255 255 0 0 255 0 255 0 255 255 255 249 255 255 224 65 255 0 0 0
    255 255 255 184 2 0 0 255 255 255 255 255 0 255 24 255 223 212 0 255
    0 255 250 0 49 255 0 0 0 189 0 255 255 255 0 0 0 0 0 255 0 255 0 0 0
    0 69 255 255 28 0 0 255 129 255 0 255 137 255 56 255 0 0 0 255 0 0
    97 249 50 0 255 255 255 39 150 0 255 0 0 63 0 255 255 0 255 0 255 0
    0 0 255 255 255 255 255 0 0 0 255 255 255 0 255 0 255 255 48 252 0 0
    255 255 20 0 255 0 171 186 0 255 0 255 0 255 239 255 0 255 0 187 168
    240 0 255 255 255 0 12 255 255 255 0 0 0 255 255 7 0 0 255 255 255 0
    255 116 147 87 0 255 0 255 0 147 205 255 0 255 0 255 0 0 0 255 255
    255 255 0 255 95 0 255 0 93 255 140 255 148 0 0 0 42 152 48 255 123
    0 255 255 93 0 164 255 163 0 255 0 255 255 255 0 255 198 255 0 0 0
    255 255 255 255 0 255 0 43 0 29 0 0 0 255 191 52 255 0 0 175 0 255
    255 0 225 0 3 255 0 255 0 238 0 255 144 0 255 255 239 182 0 0 255
    255 0 205 65 255 255 255 0 0 255 255 79 0 0 140 0 255 0 0 48 255 0 0
    26 0 255 0 44 0 255 255 0 254 0 255 194 255 0 255 255 0 0 255 255 0
    0 0 255 255 255 255 255 0 0 0 255 255 255 174 0 118 255 0 255 107
    255 0 255 0 45 0 0 168 255 255 255 255 255 198 59 255 43 0 0 186 255
    255 255 255 73 0 0 0 0 0 255 81 0 116 255 255 255 0 0 255 109 0 87 0
    255 255 0 255 0 0 255 0 0 0 255 215 255 57 255 0 0 0 0 255 0 162 0
    255 255 0 0 0 255 255 154 0 0 0 0 255 255 255 255 0 62 0 255 15 255
    0 0 255 0 255 0 255 255 0 255 58 0 0 255 80 230 0 255 0 5 0 255 194
    255 255 0 0 0 11 0 255 95 255 0 0 255 0 255 0 255 0 42 0 255 124 255
    0 94 255 255 156 0 255 81 0 50 0 255 255 255 255 0 185 168 95 255 0
    245 255 255 255 255 0 255 0 255 0 255 27 0 0 255 255 255 0 0 69 0 26
    255 213 0 0 0 255 148 0 26 255 0 255 255 85 0 190 255 0 255 0 0 0 0
    0 255 0 255 181 255 0 255 255 0 0 0 255 255 255 255 0 0 175 255 172
    0 0 0 255 255 249 0 0 0 202 92 0 255 0 255 255 255 255 0 0 255 0 255
    0 255 0 0 9 255 0 255 255 255 0 188 255 54 255 0 0 255 255 255 0 0
    185 255 255 0 51 0 255 75 255 0 0 212 255 255 91 0 255 31 255 0 255
    65 235 0 255 255 155 0 0 255 47 255 0 0 0 255 10 94 255 0 255 255
    255 0 0 255 84 0 0 1 0 0 255 147 0 0 0 215 186 255 255 255 0 91 167
    0 174 255 255 255 0 0 255 255 0 137 255 255 255 0 0 255 255 0 0 0
    255 255 255 255 80 0 0 0 255 255 255 0 10 255 255 0 0 0 0 0 255 255
    196 0 255 255 255 84 0 255 255 18 255 0 255 0 255 125 17 0 0 12 0 0
    204 255 255 0 0 255 0 199 0 255 255 255 39 0 255 0 255 0 255 0 255
    255 255 0 0 0 0 0 255 255 80 77 0 0 255 0 119 31 0 0 0 188 0 0 176
    255 77 0 255 0 255 0 255 255 0 0 0 255 255 63 0 0 0 109 255 255 255
    0 46 255 96 0 255 255 255 0 0 0 255 0 255 255 255 0 255 255 0 29 255
    255 255 0 255 0 255 0 202 32 0 255 129 255 255 255 0 32 0 120 255
    255 0 206 100 0 183 255 255 0 0 255 255 152 194 207 255 255 155 158
    255 255 0 0 227 0 255 255 255 30 255 171 0 23 95 255 198 0 240 0 0
    255 0 255 165 212 0 0 0 0 255 224 255 0 255 255 171 0 0 0 255 255 0
    0 0 0 0 0 255 255 255 8 0 0 0 51 255 255 255 0 255 0 0 184 255 0 0 0
    0 255 255 255 255 255 255 0 255 0 255 0 255 0 255 186 0 0 0 182 255
    0 0 0 255 156 255 0 0 0 0 0 67 255 0 0 243 0 255 255 0 239 0 189 0 0
    255 153 255 255 255 0 0 0 10 255 255 111 0 255 0 0 255 0 255 255 37
    0 0 0 255 43 245 255 255 255 0 0 0 255 217 173 255 0 0 0 0 255 255 0
    0 0 255 255 255 255 65 0 0 0 255 255 144 0 0 183 255 255 0 0 255 255
    89 92 0 0 191 255 255 255 220 0 0 0 255 255 156 255 255 255 0 240
    236 72 255 0 255 0 0 0 255 255 0 255 124 21 116 181 0 0 0 255 197 0
    255 0 0 0 255 0 209 0 255 205 0 0 255 0 0 255 255 255 255 255 255
    255 0 205 255 53 0 255 255 255 0 255 131 255 0 35 0 113 0 255 255
    191 0 255 0 255 0 255 0 255 0 0 0 255 0 255 0 42 123 255 3 25 255 0
    0 0 214 255 0 255 248 0 255 255 255 254 0 0 0 0 0 255 93 255 166 227
    0 0 255 0 0 255 255 255 0 255 0 255 255 255 0 0 255 97 190 0 255 0
    255 255 255 35 0 255 134 0 160 0 255 0 0 45 255 0 0 255 209 255 0
    255 255 252 0 0 0 225 255 255 197 103 0 0 255 255 255 0 255 0 255 0
    0 255 255 255 196 13 252 255 0 0 0 98 255 255 0 0 0 0 141 0 255 255
    255 255 0 0 255 0 255 255 255 0 255 0 20 0 255 255 155 255 0 0 255 0
    2 0 255 0 255 0 255 19 0 102 0 255 0 77 255 255 222 0 0 0 255 255
    255 107 255 255 0 255 255 0 255 0 242 0 255 69 255 0 255 246 255 151
    0 0 0 255 255 0 0 0 255 101 34 255 255 255 255 0 0 0 255 255 145 0
    213 255 0 255 255 94 255 0 207 255 197 0 0 255 255 0 0 0 180 255 0
    255 46 0 0 66 0 0 0 0 0 17 0 255 255 0 0 255 255 255 168 255 255 0
    255 255 0 0 0 0 134 0 255 255 207 11 255 0 0 0 223 85 255 255 255 0
    246 0 0 255 255 255 248 255 0 0 0 255 95 57 255 0 0 0 255 255 255 0
    255 0 0 0 180 255 255 255 0 208 0 0 255 0 60 178 255 108 0 0 103 255
    163 0 0 255 69 0 0 255 255 0 0 0 0 0 0 0 0 0 255 79 0 255 255 255 0
    255 0 68 0 124 0 255 172 255 0 255 0 255 0 255 0 255 0 216 255 255
    255 255 255 192 255 0 255 0 255 255 255 0 0 255 255 0 0 255 142 255
    0 255 0 255 254 237 0 255 255 255 0 181 0 0 255 255 255 0 0 0 255
    255 255 255 255 255 255 255 0 0 255 255 255 255 255 255 0 0 0 53 255
    227 195 0 54 255 84 0 0 0 0 255 255 0 255 0 255 0 255 0 255 0 255 0
    119 0 135 71 210 255 195 0 62 255 0 255 0 0 123 0 0 0 255 139 0 0 6
    0 161 3 0 255 0 255 255 255 159 255 0 255 41 255 0 35 255 255 255 0
    74 0 0 74 213 0 142 255 203 0 0 135 229 0 255 255 0 0 230 0 188 136
    197 0 255 255 255 0 0 227 255 255 0 0 226 255 255 255 18 0 0 0 102 0
    0 255 223 255 255 255 190 255 0 255 0 255 0 255 255 255 0 0 0 0 0 81
    255 255 255 0 255 255 0 0 164 255 255 0 0 207 255 76 255 0 255 255
    81 0 255 0 255 255 0 0 255 0 0 157 201 255 45 197 74 255 255 0 255
    255 0 0 0 0 255 34 255 16 255 130 255 255 187 0 0 126 0 63 0 0 255
    253 23 0 0 255 0 255 5 133 0 0 0 150 98 255 255 44 0 0 0 255 255 0
    255 0 14 0 255 6 255 0 0 0 133 255 161 0 0 0 68 255 83 255 0 82 0 0
    255 255 255 175 255 0 113 0 255 0 255 255 0 0 212 255 255 255 0 255
    255 56 0 0 0 196 255 0 255 0 0 255 0 255 0 255 0 154 0 0 255 0 255 0
    0 0 255 255 255 255 0 255 255 255 165 255 0 0 0 0 255 0 255 0 255 0
    255 255 114 0 0 255 255 253 0 0 156 100 0 255 136 255 0 0 0 255 255
    255 255 0 113 0 255 255 255 0 255 0 255 0 255 0 234 255 255 0 0 184
    0 0 255 255 0 0 226 0 20 255 255 0 0 255 37 0 255 123 255 0 255 0 37
    255 155 158 0 255 255 255 0 0 255 255 193 0 0 0 5 60 250 255 130 196
    0 167 0 255 255 255 255 0 0 255 0 255 0 0 0 255 255 208 0 0 0 255
    255 255 144 0 0 0 255 255 255 246 255 0 0 0 255 0 52 255 255 255 89
    255 0 255 255 255 0 0 193 66 0 80 255 147 255 241 255 144 0 0 64 220
    255 255 182 0 0 0 93 0 0 255 255 65 0 0 255 180 0 0 255 255 202 255
    0 241 0 0 0 255 255 0 255 255 0 0 134 255 255 126 203 244 255 0 255
    0 0 96 0 255 41 255 92 255 255 0 0 0 85 255 9 0 220 255 202 0 0 255
    255 255 133 101 0 5 223 255 255 255 94 0 0 0 104 255 0 255 0 255 249
    255 0 203 88 0 0 23 255 205 0 100 0 255 255 255 0 0 0 0 255 0 255 0
    255 174 255 0 48 0 142 0 180 255 214 255 255 255 255 0 0 255 177 0
    255 0 255 0 255 0 0 0 255 255 255 0 187 255 0 255 0 0 0 255 255 0
    255 0 255 0 255 0 255 255 255 0 99 0 77 0 169 201 255 212 33 255 0
    70 159 255 165 255 255 0 0 255 147 0 26 255 0 0 0 255 255 0 0 255
    255 255 255 0 255 0 255 255 0 0 84 255 255 255 0 0 136 255 255 255 0
    67 147 255 255 0 0 0 255 0 255 0 255 255 255 0 13 255 255 0 255 0
    255 0 255 0 250 255 0 255 0 255 0 152 0 0 173 0 0 255 0 0 0 16 0 255
    255 255 0 0 255 0 255 0 0 0 255 255 63 124 255 0 0 0 117 0 255 0 134
    0 33 255 0 189 255 0 0 0 255 0 0 13 0 255 0 0 5 0 103 0 255 255 255
    255 212 0 0 0 255 255 255 0 0 0 255 255 255 217 214 255 115 0 255 0
    255 0 236 255 255 238 0 255 0 255 0 0 248 68 255 255 255 255 0 255
    224 255 0 255 255 255 152 0 0 119 255 129 0 47 255 255 0 0 255 0 255
    0 255 0 255 0 255 0 0 255 82 0 114 255 255 222 0 169 255 255 40 144
    0 73 255 0 255 255 255 255 255 0 0 0 0 255 255 255 75 182 255 255 0
    0 0 0 200 0 0 255 255 255 255 0 255 255 0 176 255 255 27 0 255 0 255
    0 61 0 255 255 255 255 255 0 0 166 0 255 255 255 0 0 0 0 255 255 0 0
    84 255 255 67 0 0 230 255 45 0 255 0 255 255 255 255 102 0 48 0 255
    0 255 0 255 0 255 154 249 0 255 255 255 0 255 44 167 255 40 0 255
    255 255 255 255 0 255 0 0 255 255 0 255 0 255 0 175 182 0 255 0 200
    255 255 255 255 255 255 133 255 0 255 0 255 84 255 0 206 220 0 0 0
    255 0 176 255 255 255 0 0 0 0 255 255 255 255 255 0 255 0 0 0 161
    255 255 36 53 195 174 55 0 0 255 0 255 255 0 255 0 255 255 73 0 255
    0 0 255 255 197 0 255 0 0 0 255 255 255 0 0 137 255 255 0 0 255 0
    255 255 252 0 0 255 0 0 0 0 12 255 255 99 0 0 0 0 255 0 255 0 194 0
    255 255 152 0 101 255 255 0 125 0 87 0 0 255 0 0 0 255 255 255 255 0
    255 255 0 232 0 255 255 16 255 0 0 255 255 255 37 217 0 255 0 255
    255 37 151 143 0 140 0 255 0 212 0 0 65 255 247 0 255 255 255 0 0
    255 0 255 0 152 0 255 255 151 0 0 131 0 255 189 74 255 255 255 0 176
    0 0 255 32 255 0 0 255 0 0 0 255 0 255 255 255 0 0 0 0 255 255 39 0
    255 9 33 94 255 255 0 255 255 0 255 249 255 255 0 0 0 255 0 255 0 0
    0 255 255 255 0 0 0 0 255 165 62 209 0 75 255 64 255 255 255 36 109
    124 0 255 255 0 0 0 0 255 0 100 12 200 255 255 208 0 0 183 0 255 0
    255 255 0 255 0 255 0 0 0 245 255 255 79 197 0 124 0 0 255 0 255 0
    255 204 0 0 255 255 255 243 0 65 65 129 0 255 0 255 178 0 255 255 0
    0 0 0 255 255 255 0 0 255 255 255 127 0 0 255 255 255 0 0 255 217 0
    0 0 255 0 0 137 255 0 140 0 0 255 0 255 0 255 255 255 255 255 255
    255 39 0 255 45 255 255 0 0 0 0 210 255 0 255 91 255 0 0 255 0 0 255
    255 0 255 0 136 251 23 104 0 27 13 255 255 255 0 50 255 0 0 10 0 34
    0 255 0 191 79 0 0 255 255 248 255 26 83 255 255 0 0 255 255 255 0
    255 0 0 156 255 255 0 0 255 131 255 255 255 0 255 0 255 0 31 255 255
    229 0 0 255 255 0 72 255 0 255 0 0 54 237 0 255 211 255 0 255 0 255
    0 255 0 206 255 10 255 0 0 242 8 255 255 255 255 0 255 0 255 0 0 0
    255 255 255 255 76 81 0 255 0 127 255 178 0 255 255 255 255 0 0 255
    255 255 0 0 201 69 0 255 255 255 1 0 255 0 0 125 255 64 255 255 0
    197 255 255 0 255 255 0 57 0 255 185 255 255 17 0 255 255 255 0 0
    255 255 255 0 0 255 255 189 91 0 255 0 255 0 0 0 255 166 0 81 0 255
    20 0 0 0 191 63 255 255 255 255 255 105 0 0 0 255 0 255 0 255 53 0 0
    0 0 0 0 255 255 0 0 0 0 255 255 255 255 0 0 0 255 0 0 0 255 255 0 98
    0 221 255 212 0 24 255 255 0 255 0 0 0 255 255 0 155 65 255 0 0 0 74
    255 255 0 255 0 195 0 255 255 14 0 0 224 255 197 0 0 255 255 0 0 0
    255 0 29 0 255 255 255 255 0 0 0 255 255 255 0 49 0 0 0 255 255 0 0
    0 0 0 255 255 0 255 255 87 0 0 0 213 255 255 0 45 0 255 255 255 193
    0 0 255 0 255 0 15 0 5 255 0 0 0 255 255 0 0 0 0 255 255 206 255 0
    37 0 255 0 0 0 0 0 255 242 255 159 93 255 255 255 255 0 83 0 48 255
    255 255 255 51 255 0 0 0 255 255 0 83 71 0 0 255 255 255 0 0 105 142
    255 0 255 0 0 255 255 255 0 255 255 92 85 202 0 6 255 255 255 0 205
    0 255 0 231 97 0 0 72 255 255 0 255 255 0 0 0 255 255 0 0 0 0 61 255
    0 0 255 255 0 55 255 255 255 0 0 255 148 76 0 255 255 255 0 0 0 156
    255 255 255 0 0 34 0 255 0 0 0 87 255 255 32 255 0 255 0 255 0 68 0
    0 255 0 0 0 255 0 255 255 255 255 255 0 0 255 0 107 213 0 255 0 0 0
    255 219 0 121 0 162 0 255 0 255 255 0 0 0 255 155 0 0 0 255 0 255
    255 255 0 0 30 255 255 0 255 233 255 166 0 0 0 255 0 255 34 255 118
    0 0 91 255 49 255 0 255 0 0 255 197 0 0 255 152 84 50 255 0 255 26
    163 0 0 0 0 76 255 18 178 0 0 255 255 153 255 0 0 255 255 0 232 55
    255 0 0 0 0 249 255 0 255 0 255 0 255 77 0 158 33 154 0 255 0 255 0
    255 255 255 238 170 255 255 0 255 0 0 245 255 112 0 0 244 0 41 255
    247 88 48 0 255 0 255 12 0 0 255 255 255 255 255 0 255 0 255 0 0 255
    0 196 0 255 0 255 0 0 255 28 255 0 255 20 255 0 227 218 255 0 148 0
    56 0 255 0 67 0 255 255 255 255 0 0 255 255 156 0 0 225 0 244 255
    255 69 255 156 255 171 255 0 127 255 0 0 255 0 255 255 0 0 76 255 0
    147 0 255 255 223 3 255 255 255 255 0 160 255 0 0 0 0 255 0 0 131
    255 255 255 0 0 0 255 255 255 47 255 255 0 0 255 255 239 0 124 255 0
    158 0 255 255 255 0 114 0 255 2 0 129 255 94 0 0 157 255 255 141 255
    13 110 255 255 0 0 236 255 0 255 0 255 0 0 0 0 255 255 179 0 0 0 87
    157 0 102 0 0 0 255 0 255 0 0 0 255 0 255 255 0 105 0 30 255 52 0 0
    0 255 255 255 255 212 255 0 0 0 255 255 255 255 0 39 255 255 0 50 0
    0 0 255 125 0 0 0 255 0 255 33 255 0 0 0 0 255 255 255 255 0 0 0 0
    73 157 0 255 255 34 0 57 252 182 0 0 255 255 52 255 0 0 0 255 255 90
    0 255 0 0 255 0 255 255 255 0 255 0 0 255 185 14 0 56 0 0 0 255 0
    255 0 255 253 0 112 255 255 0 255 0 0 0 255 120 255 255 112 178 0
    200 255 255 255 0 0 0 0 0 255 255 255 0 0 255 255 0 0 0 255 255 0
    205 0 255 255 255 111 0 255 255 0 67 0 255 213 255 0 255 255 255 0
    255 255 255 0 57 0 0 255 0 255 168 0 188 0 255 0 255 255 255 0 0 0
    243 0 0 0 255 158 255 255 181 17 0 0 255 255 0 0 255 255 255 134 255
    0 255 0 0 175 32 0 0 216 255 255 0 0 255 255 245 0 0 255 195 255 126
    255 0 255 0 255 0 255 0 0 0 15 255 0 255 0 255 176 255 0 201 255 255
    0 160 255 255 0 255 0 18 0 255 0 168 0 136 0 255 255 255 0 0 255 0 0
    0 255 255 255 172 0 0 0 0 215 0 255 77 0 0 255 163 255 0 255 0 0 0
    255 0 224 226 255 255 0 0 0 255 7 0 0 255 0 0 0 255 255 255 255 0 0
    0 132 0 255 255 0 0 0 85 42 0 0 228 255 0 255 0 255 255 255 255 0 0
    0 255 23 236 0 0 209 255 255 255 0 240 0 24 214 0 255 0 255 255 255
    255 120 0 255 255 0 255 0 255 0 0 255 255 0 255 0 255 123 255 0 0
    255 177 255 0 0 0 255 255 255 0 255 0 86 255 255 0 0 0 179 255 255
    93 27 255 0 0 255 0 255 255 0 0 210 0 255 0 255 255 0 0 0 255 255
    255 255 0 0 65 0 255 255 39 0 0 72 255 0 0 50 146 255 255 255 0 255
    0 81 141 255 70 0 255 255 0 255 0 0 0 243 255 255 217 255 150 178 0
    255 255 255 255 0 0 0 0 111 255 18 0 255 255 232 255 124 255 255 0 0
    255 15 255 216 0 218 0 120 185 255 229 255 0 209 77 0 255 136 255 0
    0 255 0 255 184 255 48 25 255 255 255 255 0 0 0 0 0 255 0 84 255 0 0
    255 0 0 255 165 0 0 146 255 0 255 0 255 255 255 0 0 255 255 103 0
    127 255 255 255 0 0 255 0 116 243 0 0 255 59 0 255 0 255 207 255 194
    0 0 0 236 255 154 115 255 197 255 0 0 255 178 0 0 255 0 255 255 0 0
    0 165 255 255 0 255 0 255 0 0 253 255 229 136 255 0 0 0 255 255 0 0
    148 0 0 64 255 255 255 255 80 0 0 255 255 255 245 0 0 255 255 0 0
    255 0 0 255 0 213 0 0 0 0 255 0 255 0 255 0 0 0 203 0 255 0 34 0 255
    219 0 255 255 255 0 255 0 255 0 0 0 0 255 255 0 255 255 0 255 0 255
    0 0 0 0 0 255 255 0 0 0 255 255 255 0 0 0 255 106 255 0 0 0 255 0 0
    0 0 32 221 255 245 0 255 255 0 0 0 255 255 255 255 0 59 0 255 0 0
    157 0 255 50 0 0 0 255 0 255 255 255 255 255 0 0 14 0 255 255 255 0
    11 255 255 39 0 0 255 255 255 0 0 255 0 0 160 0 255 255 0 0 255 234
    255 75 0 255 0 255 0 81 0 255 158 0 57 132 0 0 202 255 255 0 0 159
    255 0 0 0 0 0 0 255 0 0 0 255 255 14 0 255 255 0 255 0 0 255 255 255
    78 255 2 255 0 164 0 0 55 21 84 255 190 255 0 0 89 255 212 0 255 255
    255 255 255 0 255 0 0 255 255 255 255 120 234 255 255 0 0 0 0 255
    255 255 0 203 0 0 255 91 0 181 66 129 0 0 182 0 255 255 0 36 0 255
    255 117 255 115 255 203 247 255 255 255 0 0 255 0 0 255 255 148 0 0
    99 255 0 255 249 255 0 93 20 255 0 255 0 0 201 218 0 0 0 255 162 255
    0 0 83 255 255 0 0 0 255 0 255 72 30 255 255 255 0 0 255 255 255 0
    255 0 255 255 0 0 45 255 0 0 126 255 0 255 255 0 0 0 255 255 255 73
    0 188 255 255 252 255 0 255 0 0 0 201 225 0 0 172 255 0 0 255 0 222
    0 255 255 255 0 0 255 32 0 0 185 0 56 255 0 255 0 95 244 0 27 255
    255 255 94 0 0 0 255 0 0 0 255 255 241 255 255 0 0 255 0 0 255 255
    255 255 0 174 200 255 0 255 255 255 255 0 0 48 255 255 0 0 255 166
    255 220 0 48 255 255 248 10 255 0 255 154 10 0 7 255 255 161 255 0
    255 0 0 0 0 255 51 255 255 0 255 0 255 11 255 208 255 255 0 35 255 0
    255 0 255 255 0 222 255 255 255 175 0 0 50 255 71 224 0 246 0 255 0
    1 255 0 255 62 0 0 0 255 255 223 0 0 255 255 0 0 0 74 0 184 0 212
    255 255 0 0 255 255 0 0 255 255 0 49 0 35 0 0 238 255 106 255 20 255
    255 50 255 0 255 0 0 255 255 255 230 255 0 0 255 255 255 0 255 0 0
    153 255 255 255 0 0 255 255 255 0 0 181 0 158 255 255 255 0 255 27 0
    0 44 0 255 255 255 255 0 253 0 255 0 255 0 0 96 255 255 0 0 255 0 0
    0 0 0 255 255 131 243 255 255 54 255 209 0 0 255 255 255 0 74 0 0 0
    0 255 0 255 255 255 0 0 0 255 0 255 53 255 0 255 255 255 0 255 255
    255 0 170 0 0 0 173 255 0 255 0 0 0 0 255 0 255 255 255 0 181 0 0
    255 0 255 255 0 0 0 255 255 255 213 0 0 0 255 0 0 255 255 205 157 6
    222 255 194 0 0 249 255 0 255 109 0 84 255 0 255 0 0 255 0 46 0 228
    255 255 255 255 0 201 0 0 0 1 255 0 255 0 255 0 255 255 255 0 149
    255 255 255 0 242 0 0 0 0 255 255 223 0 227 0 240 0 25 0 0 158 255
    255 0 0 0 255 170 255 255 100 0 255 0 0 0 0 255 0 0 0 255 244 255 0
    255 255 58 239 0 0 0 255 79 255 255 255 255 0 255 255 255 0 255 0
    255 0 255 0 255 0 255 0 255 255 0 255 0 255 255 0 255 0 255 0 0 0
    255 255 255 0 0 0 112 255 255 247 0 255 255 255 0 219 0 255 0 0 0
    255 255 0 255 169 0 0 235 255 255 248 166 0 227 0 255 0 255 255 0 0
    255 255 255 255 0 0 0 255 255 255 255 0 245 11 255 0 0 25 255 0 0
    255 0 255 255 255 106 0 0 255 250 255 0 136 11 255 84 255 0 0 182
    255 0 0 0 255 255 255 0 255 66 255 0 255 219 255 0 255 255 0 255 0 0
    0 125 255 0 184 149 0 255 0 32 119 255 255 0 215 0 255 255 255 0 0
    255 255 255 0 253 255 0 0 255 255 255 106 255 182 255 0 0 0 0 255 35
    255 0 0 178 0 255 211 255 0 255 0 0 255 255 0 80 0 0 0 255 0 172 0
    60 183 0 41 0 255 0 0 255 245 255 0 148 255 219 255 0 198 0 181 0 0
    0 255 255 255 0 0 255 255 0 231 0 42 255 0 0 0 30 255 0 255 0 0 0 0
    255 0 255 0 255 0 203 0 0 255 255 255 0 0 0 255 0 0 0 255 255 255
    255 188 0 0 0 136 0 255 255 0 0 255 255 255 0 255 254 255 255 0 0
    162 0 255 255 255 255 0 0 55 116 255 47 0 0 0 255 255 255 255 0 0 0
    255 0 255 255 255 0 0 11 7 255 137 246 255 0 122 0 255 255 255 170
    255 150 0 255 255 255 0 255 0 255 0 0 0 255 221 228 255 0 255 36 255
    0 0 255 255 255 255 0 110 255 196 255 255 0 0 0 0 16 255 187 0 0 0
    255 255 223 0 255 0 236 0 189 154 255 45 0 0 0 255 184 0 0 0 89 0
    255 0 255 255 255 0 255 255 0 255 255 0 0 255 255 255 255 0 4 255
    255 0 0 255 146 255 0 255 0 255 208 0 255 255 0 255 0 255 255 0 255
    0 255 0 255 255 0 255 0 255 0 0 161 255 0 255 0 246 0 255 255 4 199
    0 255 255 255 255 242 255 255 18 0 255 0 0 255 255 0 0 255 255 255 0
    136 255 255 0 0 255 60 255 0 37 0 255 255 255 185 255 0 85 0 24 255
    0 255 255 255 143 0 141 255 251 0 149 30 0 0 255 0 9 0 0 255 24 0 80
    255 208 0 0 255 255 255 0 0 255 255 255 0 255 148 0 235 0 255 0 255
    0 255 0 255 255 192 0 149 255 0 255 0 255 0 255 76 0 255 0 0 0 255 0
    117 255 83 255 0 255 255 255 0 0 204 255 255 0 255 52 0 255 255 0
    255 0 0 0 255 0 0 0 255 255 247 255 148 0 255 0 7 0 0 255 0 255 0
    255 255 255 0 0 255 0 0 211 255 0 0 0 0 10 0 255 255 255 0 47 0 255
    255 255 255 185 255 0 0 244 158 207 255 255 255 0 0 255 78 255 0 60
    255 0 97 140 255 255 255 0 0 0 220 138 255 255 255 0 0 145 255 255 0
    0 38 255 0 255 255 255 255 0 0 255 255 81 255 0 255 0 0 0 255 25 0 0
    69 37 0 52 0 255 255 255 0 0 168 0 0 0 0 255 134 0 0 255 82 255 0 0
    255 255 255 0 0 255 255 255 0 0 0 255 125 255 0 146 65 0 255 0 255 0
    0 0 255 177 0 255 0 0 0 255 255 0 0 0 255 255 255 255 0 255 255 255
    0 255 255 255 0 0 0 255 255 0 0 255 255 255 0 255 0 255 0 0 255 255
    0 255 0 255 0 255 0 255 19 255 255 0 0 0 0 255 255 255 29 0 0 255 0
    255 0 255 132 10 255 255 255 255 0 0 183 242 255 255 46 0 0 255 255
    0 255 255 0 210 0 124 0 0 0 0 184 0 255 255 224 0 190 255 255 155 86
    0 0 255 255 0 255 255 255 0 255 0 0 255 255 255 0 255 0 0 0 255 255
    255 255 0 255 255 174 0 187 255 54 214 0 6 222 113 0 255 255 0 0 0
    255 0 0 0 163 255 119 246 255 0 0 0 0 255 255 0 255 255 255 0 0 47
    255 255 0 0 255 255 0 0 0 6 255 0 255 255 0 255 0 0 255 0 50 0 0 0
    255 0 255 0 111 255 0 0 255 0 0 0 0 255 255 0 0 255 255 255 0 21 255
    255 255 0 0 0 255 0 255 255 255 0 57 255 0 0 255 0 204 0 244 255 255
    0 215 255 18 166 255 0 0 195 0 0 255 255 0 69 177 0 255 0 240 0 0
    255 255 0 0 5 0 255 226 255 255 255 255 0 218 4 0 245 228 255 23 0 0
    255 255 76 0 0 255 255 255 255 255 158 255 0 0 253 255 225 0 0 0 0
    255 0 0 255 229 255 0 0 34 0 255 0 231 0 255 0 255 255 60 247 0 0
    255 158 255 0 0 0 255 37 255 0 0 0 255 0 0 0 0 0 255 53 255 0 255 0
    255 0 255 0 255 255 0 0 142 255 0 255 2 0 0 250 255 0 255 0 4 0 173
    255 126 255 0 0 0 0 74 255 255 0 255 0 192 0 255 172 255 255 255 255
    0 0 0 255 255 0 78 255 255 255 0 0 0 242 255 222 0 0 255 56 0 0 0
    255 0 151 0 0 0 0 255 0 0 123 0 255 255 244 255 255 0 0 29 255 255
    255 136 0 33 0 6 255 183 255 255 176 0 0 255 179 27 255 0 255 255
    255 255 255 0 0 23 255 255 255 89 0 0 205 0 0 17 255 73 211 146 255
    84 255 0 251 0 254 14 255 130 0 255 0 255 0 255 255 0 0 0 0 0 0 255
    255 255 0 255 255 0 0 187 0 0 64 112 105 255 255 255 0 0 255 0 183
    255 255 255 255 0 114 255 57 0 255 255 148 75 40 0 255 82 0 113 255
    0 0 255 0 255 0 82 0 255 0 0 255 255 255 0 255 0 255 0 255 0 255 0
    255 0 185 0 255 180 166 0 0 0 0 255 0 255 223 0 255 0 255 0 255 67
    255 0 123 0 235 255 255 255 0 251 0 255 255 255 0 255 255 139 0 0 0
    255 255 255 255 246 255 202 0 0 255 239 173 0 73 255 145 0 237 255
    255 18 255 0 0 0 255 255 255 0 0 0 0 129 38 255 255 255 2 255 0 197
    215 255 255 0 255 0 106 0 255 74 255 81 0 0 255 255 255 74 0 255 0
    255 0 106 255 255 255 0 189 0 255 255 255 255 255 0 0 0 255 255 255
    255 0 0 251 255 255 255 0 0 255 255 0 0 255 255 0 0 0 0 255 255 255
    31 107 0 255 138 121 255 0 255 0 0 0 255 255 255 255 255 0 0 0 77
    255 255 0 205 175 0 0 255 255 255 0 255 0 0 216 255 255 255 0 255 0
    80 0 255 255 0 222 255 0 238 255 255 255 255 0 110 139 255 0 0 255
    255 0 0 0 255 255 255 0 0 170 255 0 236 255 0 0 255 0 0 62 41 255
    118 98 0 0 0 0 255 0 255 255 0 0 255 0 255 255 255 0 255 0 0 50 178
    255 189 0 0 0 255 255 61 0 0 0 255 0 0 202 0 0 0 7 0 0 0 0 255 104
    255 255 255 0 0 255 217 255 255 0 148 255 255 255 0 0 0 76 255 0 255
    47 0 214 255 255 255 0 255 0 255 255 134 199 0 255 0 0 0 0 146 0 255
    60 110 0 255 0 0 0 0 255 0 0 0 255 255 107 0 0 47 0 255 255 255 66 0
    255 62 66 0 255 255 255 255 0 175 0 0 255 255 255 197 215 0 0 0 255
    0 255 0 54 0 0 0 0 0 79 255 122 255 22 0 255 0 187 255 255 0 130 0
    255 50 234 0 255 255 255 0 0 0 0 183 255 0 0 0 231 255 18 255 255
    255 103 255 0 95 0 44 0 0 255 255 255 255 0 0 0 0 255 255 0 255 255
    255 255 0 0 255 0 124 0 255 255 0 0 0 255 255 0 255 255 0 255 143
    255 0 246 255 168 255 0 255 159 0 41 37 255 151 0 0 0 0 0 0 240 255
    255 255 0 0 0 247 255 255 255 0 0 255 0 161 0 255 255 255 255 0 195
    255 0 0 0 247 100 201 0 213 174 255 0 255 171 255 191 0 255 0 0 0 0
    255 255 0 0 0 255 255 0 255 255 255 0 255 0 0 31 100 0 255 255 255
    255 0 255 160 255 222 255 255 4 0 0 203 0 0 0 255 60 0 0 255 255 0 0
    0 0 255 255 175 0 0 255 255 49 129 255 0 0 137 255 255 92 0 246 255
    0 255 104 255 255 255 0 0 125 0 255 255 255 255 0 0 255 255 0 0 0 0
    0 27 255 255 0 233 255 255 255 0 0 32 9 80 0 61 255 0 255 0 255 0 0
    0 255 0 255 0 99 206 255 211 0 0 0 255 255 44 241 70 255 255 53 0 0
    28 255 102 255 255 0 80 0 255 255 0 0 0 0 0 255 255 255 255 255 0 29
    255 134 255 0 0 198 255 190 0 255 255 255 113 153 0 225 0 255 211 0
    0 255 163 255 0 255 0 255 0 255 0 255 45 255 3 35 141 255 0 18 183 0
    255 0 0 0 255 255 255 0 0 0 0 255 255 32 0 0 0 72 255 255 191 0 0
    211 255 255 0 255 255 255 255 255 255 0 0 183 0 94 199 255 255 255 0
    0 0 0 251 255 255 91 255 0 255 255 255 0 0 238 255 243 0 255 255 25
    0 140 0 255 255 0 0 0 255 10 0 255 255 96 50 0 0 0 170 255 50 255 41
    80 33 116 255 21 0 255 104 255 0 0 212 0 255 0 0 0 249 0 255 255 0 0
    0 255 79 255 0 0 0 255 0 8 0 255 255 184 255 255 255 255 97 0 0 255
    255 98 0 0 255 255 0 0 0 63 255 249 255 255 255 0 0 255 255 0 0 0
    253 255 0 255 0 0 197 0 255 0 255 255 202 0 0 0 0 21 255 158 0 0 0
    255 0 255 0 0 88 0 150 0 255 0 0 255 255 173 0 255 0 255 187 255 0 0
    0 0 255 179 255 255 255 255 186 0 3 0 255 0 0 255 0 255 133 92 255 0
    255 255 255 0 255 255 255 0 160 255 255 255 255 0 0 0 243 0 241 204
    255 255 111 38 0 0 0 0 0 0 255 0 0 0 0 255 255 0 255 0 255 0 255 0
    255 0 0 255 255 0 45 0 0 13 255 255 35 255 3 255 255 255 0 0 255 67
    255 0 255 255 0 0 255 255 0 0 0 0 255 255 255 45 255 255 0 134 0 255
    255 133 0 0 255 0 203 8 255 8 255 66 255 255 255 255 255 0 140 255
    104 255 0 255 0 255 255 255 0 0 0 255 0 220 0 255 0 255 0 255 0 36 0
    46 255 81 137 255 0 255 0 255 0 105 0 255 110 182 255 255 255 0 0 0
    255 255 84 255 255 255 121 0 0 0 255 255 255 0 0 255 255 0 0 255 0
    135 0 0 0 0 255 27 255 47 0 0 255 0 255 0 255 0 201 172 255 0 0 255
    255 206 255 0 255 208 255 224 255 0 255 0 255 0 48 255 255 0 209 0
    141 0 255 0 255 255 255 255 0 57 0 0 0 255 0 255 17 0 222 255 255 0
    255 0 0 96 255 255 215 255 255 255 60 255 0 0 0 255 255 255 111 255
    0 0 236 255 0 0 0 0 255 0 237 9 255 255 0 255 255 255 255 0 0 98 0 0
    0 255 0 94 0 255 0 255 255 255 0 0 215 0 255 255 85 0 171 4 255 131
    182 255 0 255 0 229 94 255 255 255 255 0 0 0 0 152 0 0 0 14 255 0
    255 0 0 129 255 74 255 255 255 255 255 0 255 255 255 0 0 0 255 255
    36 255 22 0 0 0 55 255 255 255 151 0 0 0 255 0 255 0 255 0 255 255 0
    0 0 0 118 0 255 255 0 255 0 0 0 255 255 255 255 255 209 0 255 255
    255 0 157 255 0 255 0 0 0 255 255 0 0 249 255 0 102 255 0 255 0 245
    255 1 255 209 0 255 255 255 0 255 0 255 0 0 0 25 0 0 0 0 0 255 255
    255 255 230 0 0 48 255 255 0 0 255 255 0 255 0 255 255 255 255 255 0
    0 171 0 255 255 0 0 255 255 0 0 0 232 0 255 8 0 0 0 255 255 255 29
    107 255 255 98 0 192 0 166 0 0 255 0 0 255 255 255 255 0 0 205 0 122
    0 255 0 255 255 135 255 116 0 0 227 147 53 255 11 0 0 40 116 255 255
    255 255 146 0 0 255 255 0 0 255 255 255 255 6 0 0 0 255 0 255 255
    255 255 70 0 0 0 255 172 255 255 255 0 255 0 101 0 0 0 0 55 255 255
    0 98 76 255 255 206 0 0 0 0 0 0 0 0 255 255 0 242 0 255 255 114 0 20
    0 255 192 255 0 255 0 255 0 0 30 0 255 0 0 0 255 255 0 108 25 255 0
    255 0 0 111 255 255 0 0 0 255 255 255 0 0 255 240 255 0 255 0 0 255
    0 0 255 0 191 255 0 0 0 255 0 255 42 255 0 0 0 145 212 255 211 255 9
    0 167 0 255 255 255 0 255 0 255 0 29 80 51 0 0 0 255 255 255 0 255
    255 255 255 0 0 0 73 255 255 255 0 9 0 0 186 255 0 255 0 0 0 255 255
    255 0 0 255 0 255 91 255 79 0 7 23 255 255 255 133 255 0 91 0 121
    255 191 0 0 255 255 106 16 255 255 255 0 153 83 75 255 0 255 255 255
    0 171 0 255 0 0 255 0 255 17 255 0 68 255 255 0 255 255 0 255 232
    255 0 0 0 255 255 0 255 0 146 0 80 68 157 252 246 255 168 0 0 0 255
    255 255 255 255 0 0 0 255 49 255 255 255 0 255 255 132 255 0 0 255
    23 255 0 255 183 255 0 47 0 255 0 255 193 255 0 255 255 255 255 255
    0 0 0 255 255 255 0 0 0 255 0 0 255 255 0 0 250 0 102 255 255 255
    255 255 249 0 143 255 86 0 0 255 224 183 255 255 255 255 0 180 243
    214 0 0 0 0 255 255 0 255 255 255 79 0 255 0 75 0 255 0 255 255 0 0
    0 255 0 255 93 255 0 255 255 255 147 202 0 0 0 0 0 255 0 112 255 255
    255 255 0 0 0 255 255 0 255 255 0 255 0 100 20 0 185 255 110 171 0
    255 0 255 0 129 255 255 255 0 0 26 255 0 0 112 255 0 255 255 0 0 9
    255 0 136 255 0 0 27 0 255 0 0 255 255 0 255 0 125 0 255 219 255 0
    164 0 255 255 255 255 249 182 151 0 50 0 255 216 255 19 0 0 56 255
    158 255 0 161 0 255 0 255 142 0 0 141 255 0 0 0 0 0 0 255 0 255 0
    255 255 0 0 190 0 255 0 0 255 255 146 0 0 0 255 255 255 0 0 0 255
    123 0 255 60 255 255 0 255 117 83 136 0 255 0 255 255 225 0 0 0 0
    255 185 0 0 255 255 128 34 255 0 255 0 0 0 0 255 255 255 0 0 225 255
    0 255 255 255 250 80 255 93 255 60 255 255 0 0 232 0 221 98 255 255
    255 0 175 0 255 255 255 0 0 0 0 20 0 0 255 255 216 112 0 0 255 255
    255 0 11 0 255 0 104 0 0 66 177 0 232 0 0 0 0 255 0 53 0 0 0 0 255
    255 206 70 255 108 0 147 0 255 0 255 255 0 255 0 0 0 0 0 255 235 212
    5 0 0 255 255 255 0 241 86 182 255 215 0 255 255 0 119 0 255 255 40
    179 255 255 0 0 0 255 168 0 0 197 0 255 255 255 0 0 0 0 0 0 103 255
    247 0 217 0 0 255 255 255 0 0 0 255 241 255 0 255 0 255 255 0 0 0
    255 0 150 0 255 0 255 0 53 255 255 0 255 0 0 255 255 239 143 255 0 0
    0 255 63 255 190 255 255 0 0 255 0 255 255 255 0 255 0 255 68 255 40
    255 0 255 255 255 22 0 90 168 255 255 255 0 0 255 255 0 0 255 0 255
    255 255 1 0 255 255 255 45 0 0 255 255 148 147 0 255 0 255 34 0 255
    255 255 0 0 0 255 255 0 105 157 255 182 0 255 255 255 177 0 255 226
    255 0 255 0 255 0 255 0 0 0 255 255 255 0 0 100 255 148 255 0 255
    230 255 0 181 255 255 255 0 0 49 255 0 0 0 0 255 226 255 163 255 255
    255 0 67 0 255 177 147 0 255 0 255 0 104 233 0 0 0 0 255 255 0 0 255
    255 0 0 0 0 208 0 162 255 241 0 0 0 22 255 255 255 255 255 0 255 0
    255 255 255 255 255 255 0 40 255 255 0 0 0 255 255 255 255 0 0 255
    255 255 255 0 4 0 255 0 0 255 0 184 0 255 255 255 187 255 255 255
    131 0 0 0 255 0 255 105 0 255 30 0 0 255 255 255 0 255 0 255 255 0
    255 0 255 255 66 237 0 255 255 255 30 0 88 255 255 201 0 255 0 255 0
    255 158 255 255 0 0 0 232 255 255 45 255 0 0 255 6 0 255 255 255 0 0
    0 255 51 255 0 255 0 255 255 129 63 199 255 255 255 0 101 0 0 255 99
    252 221 255 255 255 255 255 126 0 0 0 198 255 255 255 255 255 255 0
    0 0 0 255 0 255 0 0 0 0 34 255 255 0 0 0 57 255 0 255 255 255 255 0
    7 198 167 255 171 0 0 255 255 255 0 18 255 0 77 0 255 255 255 0 50 0
    255 0 0 255 208 0 0 255 0 0 255 168 255 0 0 0 255 255 0 255 0 0 0
    255 255 0 0 227 255 127 44 0 0 65 255 255 255 180 0 0 0 255 0 0 0 0
    204 255 255 255 255 255 0 255 255 0 155 0 0 255 0 255 0 0 255 255 0
    0 0 9 255 144 0 181 0 255 61 255 187 137 48 255 255 31 255 0 255 0
    255 0 255 255 137 0 255 0 0 0 255 255 79 255 33 251 255 255 255 255
    0 0 255 0 255 0 0 255 255 255 0 0 0 0 255 0 11 0 255 0 255 0 255 0 0
    23 255 255 0 0 191 255 255 0 0 255 0 255 0 255 110 255 255 24 0 150
    5 255 0 161 255 255 255 0 0 0 255 255 0 48 255 132 255 0 0 0 0 255
    203 255 255 255 0 88 255 255 255 255 0 255 255 255 214 0 0 255 27 0
    0 108 255 0 0 255 255 72 0 0 255 255 255 0 75 44 0 255 0 255 255 255
    255 255 0 152 255 255 0 0 255 0 255 230 255 0 0 62 0 0 0 255 255 228
    255 0 0 0 0 255 31 0 0 151 255 255 255 0 0 255 0 180 0 255 255 111
    255 252 0 255 255 0 0 108 0 255 0 0 0 255 0 255 179 255 0 118 0 255
    0 255 255 4 255 0 255 255 255 154 169 255 255 35 255 0 0 255 71 255
    103 0 255 0 0 0 255 255 255 255 0 255 0 0 255 255 255 255 0 0 0 255
    0 0 0 0 249 205 0 255 255 255 254 0 0 0 255 255 0 0 198 255 255 0 0
    255 255 255 255 243 0 0 0 80 255 0 0 255 58 0 255 37 0 255 0 255 0
    255 255 255 0 0 161 0 255 49 0 255 255 0 255 102 255 255 255 0 220 0
    255 0 0 0 255 255 255 255 89 255 0 255 0 255 255 0 0 0 22 0 255 0
    255 16 0 102 208 73 0 255 255 255 0 84 255 255 255 0 0 255 255 255 0
    0 0 255 255 255 63 0 0 0 255 255 255 0 0 95 29 255 255 0 255 111 0
    255 0 255 18 159 255 255 255 255 0 255 0 0 0 113 0 255 255 255 0 0 0
    0 215 255 80 46 0 0 255 255 0 53 0 251 0 200 0 255 255 255 22 145 0
    255 255 0 188 19 0 159 0 87 0 255 33 255 255 255 55 0 124 255 13 0
    199 255 255 253 255 0 0 0 255 255 18 255 0 255 188 0 255 255 255 0 0
    255 149 0 0 255 143 0 0 15 0 0 95 0 255 0 255 0 72 0 255 0 108 0 255
    255 55 60 0 0 0 255 163 255 0 120 0 255 0 0 71 255 174 0 255 255 0
    255 24 0 0 0 255 255 255 255 0 0 142 0 255 0 0 0 255 132 0 255 0 0
    246 184 0 255 0 0 0 255 255 31 255 0 0 0 255 255 255 255 104 255 49
    255 0 0 255 255 255 255 255 0 0 194 0 255 0 0 0 255 255 0 0 0 145
    255 255 0 0 0 255 255 0 0 10 214 255 255 255 0 0 152 235 255 0 183 0
    0 0 255 255 122 255 0 106 255 255 0 255 178 0 255 0 168 0 116 255
    255 255 0 0 0 0 255 255 0 255 255 255 0 10 255 255 0 39 0 0 255 0 0
    255 255 0 253 0 255 73 255 255 0 0 255 140 0 0 0 255 255 211 255 0 0
    216 255 0 255 255 159 255 0 0 20 255 255 0 0 0 255 189 0 8 0 255 0
    211 0 0 255 255 0 255 185 191 0 255 0 0 0 0 0 0 255 255 0 0 0 0 255
    255 247 0 0 199 255 246 255 0 0 0 255 255 255 0 0 0 255 255 255 255
    0 255 0 53 255 0 95 0 255 255 0 27 0 0 255 255 255 255 186 255 0 255
    67 224 255 255 255 4 54 0 255 255 255 255 148 0 101 255 193 10 0 131
    136 0 255 255 255 82 0 0 0 255 212 0 0 255 255 255 0 0 0 255 255 0
    255 0 255 0 99 0 255 0 255 0 255 0 0 116 96 255 255 0 255 0 0 71 255
    0 0 0 255 255 255 0 209 255 255 255 0 0 255 255 255 0 0 255 204 255
    0 244 255 255 0 0 255 0 165 0 0 255 255 255 0 0 255 255 0 61 0 146 0
    255 202 0 0 0 86 0 11 0 255 165 0 0 255 205 0 115 255 255 255 31 255
    255 255 255 0 255 0 236 0 0 0 255 255 255 255 0 223 0 255 255 0 0
    169 0 205 0 255 255 0 255 48 255 0 255 0 0 0 255 255 255 255 255 0 0
    0 255 0 245 255 255 255 0 0 106 175 255 0 35 0 26 255 0 255 255 0
    255 0 255 0 0 255 255 255 0 0 195 93 255 47 255 5 255 255 255 255 0
    0 0 0 0 255 255 255 0 255 0 255 153 0 14 255 255 0 0 255 255 0 0 255
    255 0 0 0 49 255 255 255 131 0 120 255 255 255 255 174 255 115 0 215
    44 255 198 129 34 255 255 248 0 0 255 91 255 0 0 0 255 255 0 0 255
    86 255 0 0 0 56 255 0 0 0 0 176 255 0 255 0 255 255 0 255 0 255 48
    255 148 0 255 0 255 0 255 0 0 10 255 255 255 255 0 0 0 0 0 255 118 0
    0 255 255 255 244 255 0 179 0 255 0 0 0 255 230 255 0 223 0 255 255
    0 9 0 0 0 175 255 255 255 255 255 0 255 255 179 192 0 255 252 0 19
    255 175 49 14 0 255 0 255 0 0 255 255 0 255 0 255 195 255 255 255 0
    0 0 0 255 255 0 255 106 0 0 0 0 0 255 0 209 255 255 0 255 185 255 0
    0 0 255 255 255 0 0 255 255 44 0 0 0 245 0 255 255 255 0 0 0 0 52
    255 0 0 0 255 255 255 0 0 0 255 255 0 0 0 255 255 0 0 4 0 255 0 0 0
    231 0 0 0 255 0 0 255 188 255 228 255 0 0 255 255 255 255 197 0 0
    236 255 255 203 255 200 0 0 255 255 255 255 255 0 0 0 146 0 255 255
    255 255 255 0 0 0 255 255 0 255 0 255 255 255 255 0 0 0 0 255 255
    255 0 0 255 0 0 255 0 211 0 0 0 220 255 255 0 0 0 255 255 0 255 68
    255 0 255 255 0 0 0 255 255 0 77 0 255 255 0 0 0 255 0 255 255 0 0 0
    0 255 255 255 0 0 255 0 0 0 0 0 255 116 255 92 0 0 0 255 54 255 255
    20 175 255 227 138 0 0 255 255 255 0 0 0 0 255 255 245 255 0 255 0
    255 255 255 0 0 87 201 255 0 0 0 0 0 0 0 0 255 255 255 255 0 255 0
    11 0 107 255 255 0 255 0 255 0 255 255 255 0 0 0 255 255 0 11 152 0
    0 255 0 0 0 255 255 233 0 255 110 255 255 255 255 0 0 0 255 255 255
    163 109 255 149 0 0 0 255 255 255 0 0 255 255 255 0 255 255 255 0
    255 0 189 255 255 0 41 240 255 255 255 77 0 10 255 255 255 252 255
    255 0 24 140 77 255 0 0 203 96 109 0 255 242 0 45 255 255 0 255 0
    255 72 255 255 0 0 0 47 255 255 255 103 27 255 255 0 0 64 255 118
    255 165 255 0 0 0 0 255 255 4 0 0 207 76 0 255 72 0 0 0 255 255 0
    255 0 0 60 255 0 255 24 255 0 0 0 51 255 46 0 99 255 255 255 0 0 183
    0 156 255 46 0 182 191 0 255 0 255 0 255 216 0 0 0 255 255 255 0 0
    194 0 0 255 0 255 0 255 102 0 255 0 0 0 0 0 0 255 255 255 255 0 0
    119 119 164 0 255 255 0 109 0 82 131 23 233 0 255 0 255 147 107 0
    125 0 255 188 0 0 102 255 255 0 0 255 22 0 236 255 255 0 255 0 255
    255 0 87 0 255 0 0 60 255 32 0 0 0 20 255 255 0 255 17 0 215 0 1 0
    255 48 233 0 255 255 255 0 255 0 0 232 255 0 0 255 144 255 255 155 0
    0 255 0 52 255 255 255 150 0 0 0 0 0 255 231 255 255 0 255 55 255 0
    80 0 179 255 255 0 0 255 255 75 0 0 255 255 255 0 103 0 15 0 0 16 0
    255 0 0 0 255 255 255 0 255 0 235 27 255 0 0 0 255 94 0 224 255 232
    255 0 255 0 255 255 174 255 87 0 255 0 0 255 106 255 0 255 0 0 0 255
    0 255 255 0 0 0 0 0 0 255 255 159 255 0 255 255 255 0 255 0 0 255
    255 97 0 0 255 255 255 0 255 255 255 255 255 235 255 0 0 0 0 59 14
    116 0 0 216 0 255 0 255 0 255 0 0 0 255 0 0 127 255 22 182 255 0 97
    255 61 97 238 255 255 255 191 0 0 255 255 68 255 255 0 0 16 255 0
    255 0 124 207 17 68 0 255 255 255 248 0 0 0 0 0 0 0 255 0 255 0 0 0
    255 51 53 0 93 0 0 255 0 0 0 48 0 201 0 255 0 255 0 0 0 255 255 255
    255 0 138 255 255 0 255 150 255 0 255 0 255 0 173 255 255 0 0 0 0
    255 0 255 0 187 255 255 255 0 0 255 255 255 138 47 8 255 104 0 0 255
    133 255 0 128 255 255 255 255 0 255 255 251 0 0 255 0 255 0 0 55 0 0
    255 73 113 255 0 244 0 255 255 117 255 238 0 255 125 255 255 0 0 153
    0 219 130 159 255 255 0 255 0 255 255 255 255 0 0 255 255 36 255 0
    255 255 255 98 0 255 0 134 0 255 19 0 255 255 255 0 255 0 255 255 0
    0 9 255 0 0 0 255 86 255 255 255 0 0 0 88 255 255 255 0 0 0 0 0 255
    148 64 255 0 255 0 255 255 170 0 0 255 140 59 208 255 0 255 255 238
    19 0 134 255 0 0 0 255 255 0 0 0 255 255 255 0 255 255 255 255 0 0
    247 0 255 255 255 255 0 255 0 255 0 255 0 59 20 255 0 255 0 255 255
    255 151 0 0 0 115 0 255 0 255 255 57 0 255 255 0 0 0 255 56 255 255
    255 56 0 255 255 0 0 0 200 0 255 0 255 0 255 0 255 0 255 255 255 165
    78 0 115 0 255 41 255 255 0 255 168 253 0 255 255 50 0 0 255 255 0 0
    0 0 0 30 255 255 0 0 0 255 0 255 255 255 255 241 86 0 0 0 78 255 95
    196 0 255 0 255 119 255 0 255 0 0 0 255 255 39 0 0 255 255 232 255
    160 0 0 0 255 0 255 87 255 0 0 255 240 38 255 255 255 140 0 180 11 0
    0 255 255 255 120 0 0 255 38 0 255 46 222 0 0 255 0 0 255 255 255 0
    39 0 0 0 255 255 255 0 0 0 0 0 255 255 143 255 255 255 255 0 146 255
    185 255 0 0 0 255 255 255 0 0 0 255 255 255 255 0 0 0 255 255 136 0
    0 0 0 0 255 255 0 0 255 0 255 255 255 255 151 0 0 40 255 255 101 134
    0 244 0 12 255 0 0 255 255 8 0 0 0 255 255 255 120 255 4 255 112 255
    0 0 0 230 71 255 0 82 105 255 0 110 171 255 0 102 0 255 0 0 0 0 0
    255 255 255 0 0 255 255 0 0 255 0 255 145 255 0 0 100 255 0 255 0
    255 250 255 0 0 0 0 255 255 0 0 255 0 255 0 255 0 0 255 69 0 216 255
    61 255 0 255 0 0 0 60 255 255 255 0 207 255 0 255 0 255 0 255 174 0
    29 0 255 0 0 255 0 0 0 255 239 90 0 255 77 255 0 0 255 255 0 0 0 255
    255 255 0 0 255 255 255 0 0 255 0 255 0 0 0 255 255 195 0 255 255
    255 255 255 233 0 0 111 255 18 49 0 95 91 255 0 255 0 255 0 24 0 255
    0 255 0 255 0 255 255 0 17 0 0 255 0 255 255 0 0 0 255 0 255 0 255
    57 255 0 147 104 0 0 255 255 0 255 0 210 0 255 0 255 0 255 0 171 0
    253 255 0 181 158 0 255 0 0 0 201 119 255 0 255 0 255 0 31 0 0 255
    255 0 222 0 230 0 201 255 68 255 255 255 0 159 56 255 0 255 0 255 0
    71 0 0 255 255 15 0 0 58 255 0 255 10 213 0 255 255 255 0 255 255
    255 0 0 255 255 0 255 255 255 100 0 0 0 76 219 0 255 255 255 255 255
    255 255 0 0 0 255 255 255 0 0 255 255 255 255 255 36 255 126 255 255
    255 0 0 0 46 255 211 0 0 0 255 0 0 20 255 255 0 0 255 255 255 255 0
    255 0 255 0 255 0 156 255 48 55 255 255 0 0 240 0 255 0 0 35 255 121
    0 0 0 123 0 255 0 0 255 0 255 192 0 255 95 255 0 255 173 0 255 0 255
    0 255 255 173 0 255 0 255 0 0 255 255 255 255 0 255 0 0 255 239 252
    255 0 255 255 204 0 49 0 255 0 255 255 255 0 0 0 0 255 13 0 255 190
    255 0 161 204 0 255 8 255 0 255 0 255 202 0 0 255 255 255 0 140 255
    255 134 0 0 80 174 255 9 0 0 0 255 255 255 0 0 83 135 255 182 146
    255 255 33 0 255 113 0 255 222 255 9 0 0 255 255 0 0 85 255 255 0 0
    0 0 0 255 255 255 0 0 255 0 0 0 255 255 0 255 222 0 0 59 255 255 128
    255 0 255 0 255 0 0 0 231 140 169 255 0 255 0 255 181 0 255 0 255 0
    61 0 0 0 128 255 0 0 0 0 255 255 255 0 0 255 255 255 0 255 0 255 0
    255 0 80 0 255 255 0 0 255 69 86 0 0 234 255 0 255 0 0 0 0 255 0 0
    255 255 255 255 0 0 0 0 255 221 255 0 0 0 255 255 0 0 0 255 255 0
    255 0 55 132 0 94 0 203 240 255 0 0 0 0 0 255 254 95 5 0 255 255 142
    0 255 0 255 0 0 30 230 255 255 0 202 255 0 0 0 255 0 251 0 0 0 255 0
    0 255 255 255 0 255 0 255 0 255 0 216 0 249 0 243 164 255 0 0 0 220
    255 149 255 255 255 255 0 0 255 0 168 69 75 0 132 255 0 49 0 255 0 0
    0 255 0 0 255 255 0 47 0 110 0 168 25 255 0 127 255 0 0 0 115 255 93
    0 22 0 0 163 255 0 29 255 255 255 163 0 0 0 255 0 255 0 0 255 0 86 0
    0 0 0 0 255 255 255 255 0 104 39 255 0 0 0 0 0 255 255 255 0 255 0
    255 255 234 133 0 0 255 0 0 0 0 255 255 0 101 255 255 0 0 0 39 255 0
    128 0 205 255 255 255 188 192 55 0 171 255 0 255 0 255 123 246 0 82
    0 95 0 238 255 227 255 0 255 255 0 0 0 255 0 0 117 0 0 0 0 0 255 0
    253 255 255 255 0 255 255 255 0 0 0 0 217 45 255 0 89 0 255 0 196 0
    0 255 255 0 114 0 255 24 255 0 255 255 255 255 0 0 139 255 255 255 0
    255 0 0 0 0 255 0 0 0 255 151 98 255 0 90 255 255 255 0 255 0 255 0
    255 0 255 255 255 255 0 0 194 255 98 0 0 255 255 255 255 255 0 0 0 0
    223 69 255 0 83 201 0 255 0 255 0 15 255 255 255 255 255 255 0 0 255
    200 0 255 255 255 209 0 255 226 253 255 89 0 216 0 255 0 255 255 69
    155 191 0 0 255 0 255 175 0 0 0 255 216 0 242 255 0 255 109 255 176
    255 255 255 255 144 0 0 177 0 255 88 0 0 213 255 255 255 0 255 255
    255 0 73 255 216 132 255 0 218 0 255 0 255 148 178 0 0 255 255 255
    255 79 0 255 0 255 255 0 0 0 255 0 255 0 255 0 0 0 0 255 0 255 255 0
    0 208 210 255 0 0 255 255 255 0 0 75 14 255 232 255 0 0 116 255 255
    255 0 255 127 255 0 0 0 0 255 255 173 0 0 0 0 0 0 33 255 148 255 255
    255 255 0 255 255 93 248 0 164 255 255 255 255 255 28 0 255 255 255
    255 0 255 255 255 255 8 0 255 255 213 122 255 0 255 255 133 0 255
    255 255 255 0 255 0 255 223 246 0 0 0 255 255 158 247 255 78 0 0 255
    255 0 255 0 255 255 0 0 0 255 62 255 0 0 0 0 0 255 255 255 0 0 0 41
    255 0 230 226 255 255 246 255 0 0 255 255 82 255 0 255 0 184 255 255
    255 255 255 255 0 255 40 0 0 255 16 0 0 171 217 102 218 0 0 255 255
    53 0 255 255 19 0 0 255 255 0 255 255 151 0 0 0 35 255 255 82 255 0
    255 0 0 255 255 212 0 0 0 0 255 255 255 255 221 255 255 255 255 0 0
    0 255 255 255 5 0 137 0 255 255 255 26 255 248 0 151 66 255 255 255
    0 0 255 164 0 0 32 241 0 0 65 0 255 255 0 69 255 33 0 255 0 255 0
    255 0 255 204 255 255 255 0 0 138 255 0 0 0 206 0 189 0 227 255 255
    255 0 255 220 255 255 0 0 196 0 255 255 234 231 66 0 255 255 255 255
    255 0 0 255 255 255 0 255 0 255 0 0 83 255 155 255 0 255 255 255 255
    255 255 0 0 0 0 209 255 0 80 0 255 0 0 255 220 255 255 0 0 255 249
    80 45 255 0 45 0 220 255 255 255 0 0 92 255 0 255 255 255 255 0 255
    0 0 0 194 255 255 106 0 255 0 255 255 0 255 255 0 255 255 255 105
    255 0 255 0 119 0 0 255 0 255 255 45 255 124 255 0 0 133 0 0 0 0 0 0
    255 255 32 10 0 255 0 255 0 255 255 253 0 255 255 255 255 0 0 255
    103 0 0 0 0 255 255 255 255 118 0 0 111 81 255 255 255 7 255 0 0 0
    113 255 255 167 25 0 255 255 0 0 0 255 0 92 255 255 247 255 0 255 0
    0 255 26 0 0 180 255 255 255 0 80 206 175 216 255 93 191 0 255 0 255
    255 0 109 255 0 255 255 0 255 215 21 0 220 255 255 0 0 0 255 255 255
    110 0 0 0 255 0 101 255 222 0 0 231 121 255 0 82 0 24 251 164 28 255
    0 0 151 0 255 0 255 255 0 255 0 255 0 255 255 82 49 255 134 234 170
    255 0 255 0 255 44 0 0 0 0 255 100 0 0 255 255 255 0 0 62 252 0 255
    255 0 56 255 0 123 255 255 0 0 0 255 0 0 0 255 255 0 255 208 255 0 0
    0 255 255 255 0 255 0 255 44 0 255 255 169 255 0 0 0 10 182 0 255
    255 255 255 73 75 255 0 255 255 255 167 0 0 255 0 255 0 0 168 97 145
    66 0 255 128 255 0 255 0 0 16 255 128 151 0 50 255 255 0 0 0 0 255
    76 255 255 255 210 0 0 0 255 255 255 255 0 255 97 255 158 0 0 0 255
    255 255 154 255 255 255 255 255 255 0 0 0 5 0 255 24 255 255 0 27
    255 255 0 0 0 0 0 0 0 0 2 0 255 138 255 0 255 0 0 255 0 252 0 255 0
    191 255 123 0 255 0 255 255 57 213 0 255 0 255 209 0 0 0 0 255 154
    255 0 0 255 0 255 122 255 0 255 0 255 0 0 255 0 160 255 255 255 255
    144 0 255 255 0 0 0 255 198 226 0 115 30 255 0 0 128 63 0 157 0 6 0
    255 0 255 255 255 255 251 0 255 13 255 255 255 0 85 38 236 59 255 0
    255 255 209 0 0 0 255 0 255 0 0 0 255 0 87 0 0 255 0 255 0 0 44 255
    95 0 8 0 0 150 0 156 255 255 21 255 0 0 73 252 0 191 0 255 0 0 78 0
    255 255 255 0 0 134 255 38 0 255 0 255 0 0 255 41 209 255 249 169 0
    0 0 0 255 255 255 255 0 255 255 255 186 46 0 0 40 255 255 255 214 0
    0 255 255 102 0 255 135 255 0 179 0 0 0 0 0 255 0 111 0 255 0 89 0
    255 255 255 255 94 176 0 0 255 82 0 0 255 255 204 0 0 200 69 0 105 0
    0 0 165 255 255 0 255 0 199 95 0 29 144 255 0 255 255 0 0 255 255
    255 178 255 0 0 0 0 255 54 0 255 111 249 122 255 248 255 0 255 0 234
    0 255 255 22 255 255 252 100 0 255 255 255 0 255 255 255 0 255 255 0
    0 255 255 255 3 0 255 0 255 0 85 158 255 154 255 0 0 0 0 255 255 255
    255 255 215 240 255 0 255 0 0 0 0 255 0 13 0 255 255 100 0 255 255
    255 255 0 255 62 255 255 0 0 17 28 255 0 0 176 86 0 71 255 255 64 0
    0 0 255 0 255 0 0 0 0 106 255 255 0 45 0 103 0 0 255 254 255 0 0 0
    191 255 240 255 255 172 0 32 255 162 255 0 5 159 0 0 0 201 0 255 0
    255 255 255 255 6 0 0 0 255 255 255 46 255 0 0 255 0 255 0 255 147
    118 245 230 0 255 0 167 0 0 255 255 255 191 151 0 0 0 255 255 9 0
    215 0 255 255 255 31 0 0 0 255 255 60 0 125 255 0 255 0 255 224 0
    255 142 228 0 255 12 255 0 255 43 65 0 88 255 81 74 0 255 135 0 255
    53 255 0 0 0 129 0 255 67 241 0 25 0 0 0 255 0 0 255 255 255 0 255 0
    0 0 255 255 255 0 255 0 45 0 255 255 56 0 0 0 0 255 255 255 158 0 6
    255 255 181 188 181 0 0 0 0 255 255 229 0 0 255 240 255 255 92 0 255
    255 255 255 255 0 0 255 0 0 0 240 0 255 255 255 255 0 0 0 255 255
    255 255 255 0 255 0 0 0 0 255 0 255 0 0 0 0 255 0 255 255 0 255 0
    255 0 255 0 0 255 255 255 0 0 0 255 236 255 0 255 255 255 0 0 255
    255 56 0 0 0 255 255 0 0 55 255 69 0 0 255 255 255 255 44 0 0 230 0
    255 0 3 221 255 255 0 228 17 72 0 0 255 0 255 0 0 0 0 0 255 165 255
    255 255 255 0 0 0 114 255 255 0 0 57 0 255 0 255 147 255 0 0 0 126 0
    0 255 255 255 0 0 43 255 255 0 50 255 255 198 0 221 31 0 0 244 46 0
    0 0 0 255 255 0 0 255 0 255 0 255 0 255 100 0 0 0 255 161 87 255 161
    98 0 0 0 0 0 255 0 255 255 0 255 0 255 0 255 95 248 255 0 0 0 255
    255 0 255 252 255 255 255 189 255 0 0 255 255 237 0 255 46 255 222
    255 0 255 255 0 0 0 143 255 255 255 0 0 255 0 0 255 178 255 0 0 255
    0 255 0 255 255 133 0 0 255 255 255 0 255 0 190 255 125 255 164 194
    0 0 255 0 255 0 249 255 255 255 255 0 255 255 255 0 0 237 255 0 0 0
    139 255 0 212 0 255 0 255 255 255 250 195 0 0 0 255 0 255 0 255 0
    231 255 255 0 0 255 255 0 255 0 255 0 255 0 255 0 0 255 0 255 0 255
    228 0 0 255 255 255 255 193 166 255 0 0 0 255 255 106 0 0 0 14 255
    255 255 0 0 255 255 159 36 0 255 76 0 0 0 158 255 255 255 0 0 255
    255 141 181 255 133 0 0 255 255 255 186 0 255 255 255 0 255 0 0 0
    255 78 155 157 0 255 44 0 0 0 0 235 255 0 255 180 0 255 255 255 0
    255 0 0 0 255 255 255 0 255 0 255 0 84 0 178 36 235 255 255 88 255 0
    255 0 99 0 255 91 255 144 0 14 204 0 255 0 255 0 255 0 255 255 255 0
    0 0 128 0 0 0 162 255 255 55 0 255 0 255 255 255 203 255 0 0 0 0 255
    0 255 80 0 0 0 255 255 255 255 0 0 0 255 255 0 255 255 123 0 0 255
    255 0 0 0 0 0 0 255 255 255 0 0 0 255 0 0 0 0 55 255 40 255 255 255
    0 0 0 24 147 81 255 0 255 255 0 255 0 0 0 255 255 0 255 0 255 194
    255 0 255 255 255 0 0 0 0 255 255 255 0 0 0 255 0 0 109 22 255 239
    255 0 204 0 255 0 255 219 0 255 0 255 0 255 0 255 255 255 255 255
    255 102 0 128 0 236 255 34 0 0 0 169 110 0 0 255 170 255 0 142 255 0
    255 66 60 0 0 255 255 255 255 0 255 0 255 0 255 55 0 0 0 255 255 55
    255 0 172 62 0 255 255 255 255 0 0 241 255 255 255 0 0 255 255 0 0
    225 0 255 0 0 0 255 0 0 44 255 255 255 166 0 0 0 255 255 0 0 255 255
    0 172 14 255 255 255 0 0 234 255 255 0 0 5 255 255 255 0 157 0 0 255
    255 0 255 0 255 255 255 184 112 0 0 255 255 255 255 0 202 0 51 255
    255 255 66 255 242 255 0 0 0 255 0 255 0 255 255 255 0 255 0 0 228
    255 255 0 0 40 3 207 255 255 62 0 0 0 255 255 255 255 0 255 0 0 0
    140 255 255 0 255 36 255 0 0 0 0 255 0 28 255 255 255 147 255 0 0 69
    255 0 255 0 255 0 255 0 255 255 0 255 255 151 51 0 0 0 0 0 255 255 0
    255 0 255 255 255 0 0 207 0 0 255 251 255 0 255 255 152 0 21 0 255 0
    255 0 59 255 0 0 255 255 255 0 0 255 0 255 31 255 255 255 21 0 29
    255 0 255 255 255 56 0 0 255 204 193 0 0 255 0 255 255 255 0 0 126
    26 255 0 255 255 255 0 0 255 255 0 0 255 255 130 0 0 255 255 255 0
    255 255 0 255 127 87 255 108 255 166 11 255 0 93 0 255 0 209 0 96
    255 255 255 0 255 0 0 97 255 255 0 255 0 255 255 255 0 0 255 69 0
    120 203 255 0 0 0 0 255 35 255 255 255 103 0 0 255 136 255 9 255 0 0
    255 0 11 255 0 255 255 255 0 0 238 255 255 50 0 0 185 97 0 0 0 255 0
    7 0 255 255 255 255 255 0 0 194 255 255 255 255 0 193 251 255 0 11 0
    118 0 60 122 255 255 255 173 255 0 0 0 0 255 255 255 0 130 255 255
    255 0 0 77 255 46 0 255 0 255 0 0 0 255 0 0 255 255 0 0 0 255 0 255
    201 255 247 0 255 255 102 255 255 255 255 111 0 255 0 255 0 0 255 0
    255 255 255 0 0 255 0 255 219 255 0 255 55 255 0 89 88 153 247 255
    255 255 0 0 117 255 0 255 255 157 0 0 255 255 255 255 255 0 0 16 255
    0 142 138 255 0 159 255 255 0 0 189 255 141 119 255 255 255 255 0 0
    0 167 66 0 0 153 255 255 37 0 0 59 255 255 0 0 255 255 0 0 255 0 116
    0 234 0 0 0 0 255 255 0 207 255 0 21 255 0 0 0 63 94 86 255 255 255
    12 0 0 0 0 255 255 210 0 255 255 255 0 239 0 255 28 8 0 0 0 255 0 0
    0 255 0 0 0 0 0 0 128 255 0 255 0 255 0 255 0 0 0 70 0 255 0 255 0
    255 0 0 0 0 0 255 255 255 0 255 83 0 0 105 255 0 255 0 0 116 255 255
    0 0 255 95 123 0 255 0 255 255 255 38 0 108 0 0 255 255 0 0 180 5
    255 0 255 0 0 157 255 255 0 255 0 0 0 255 255 255 255 0 255 50 255 0
    255 42 255 0 255 0 169 255 255 38 0 0 36 0 255 127 0 129 0 0 117 108
    255 255 255 177 255 0 255 0 255 0 0 0 255 45 255 0 255 0 255 255 0 0
    0 255 255 0 0 173 255 157 0 255 255 255 255 0 0 0 255 255 0 0 0 255
    0 255 0 0 0 0 255 0 137 255 255 188 0 255 255 255 0 0 0 0 255 255
    255 255 255 186 255 0 0 226 255 255 255 255 99 0 0 0 0 255 218 255
    80 0 255 0 7 0 255 0 255 0 255 255 0 0 0 137 255 255 255 0 0 0 0 255
    255 134 255 0 0 0 0 0 0 244 0 243 255 129 0 0 0 127 42 255 80 8 255
    0 255 255 152 255 0 255 255 0 0 255 0 0 0 4 255 0 255 58 0 255 0 0
    255 255 255 0 255 0 74 0 255 0 0 0 255 232 255 37 0 255 0 255 255 0
    0 0 255 255 0 255 0 61 243 0 255 255 0 0 0 0 255 255 0 255 0 11 0 0
    255 184 0 255 0 0 182 255 177 255 0 255 0 0 184 255 0 255 255 255 78
    0 0 255 99 211 0 0 255 255 255 0 255 255 0 111 0 255 0 255 255 0 0
    45 0 255 255 23 0 0 255 255 255 0 18 48 255 0 254 0 255 255 0 255
    108 255 255 0 0 0 255 0 255 0 0 0 255 102 0 171 0 255 255 255 0 135
    0 255 0 255 0 198 255 0 0 0 255 122 0 255 245 255 0 0 227 255 0 0 0
    0 0 0 30 0 255 95 0 255 0 255 255 255 255 170 0 0 196 255 0 0 255
    255 0 180 0 255 123 0 0 197 255 0 255 0 0 255 255 0 41 0 136 0 255 0
    255 0 6 0 0 0 103 0 255 90 0 0 255 30 0 255 233 255 190 118 71 0 255
    241 188 129 0 0 255 0 0 255 255 0 255 255 255 106 0 0 110 83 255 255
    0 255 0 36 0 107 255 0 0 0 167 255 171 255 209 255 0 0 0 255 0 255
    255 0 0 0 255 44 255 0 83 191 255 93 255 255 255 255 8 0 30 8 255 0
    255 255 255 0 0 0 255 0 0 255 255 255 186 0 68 0 0 191 214 255 0 0 0
    255 255 255 255 0 0 0 0 255 0 0 0 255 255 0 255 255 255 227 0 0 11
    255 255 0 0 255 255 100 63 255 255 0 0 255 0 255 186 255 0 0 0 89 0
    0 0 0 255 255 0 69 0 255 255 0 255 0 0 0 255 255 255 255 0 0 255 255
    0 255 0 255 0 220 0 255 0 0 0 255 255 0 166 255 12 0 122 255 223 0
    198 255 163 0 255 0 0 0 255 0 214 255 255 55 0 0 255 255 255 208 94
    0 0 225 255 255 189 82 159 255 255 255 0 0 0 255 255 253 0 6 230 0
    255 234 0 255 0 255 0 205 0 136 245 0 255 0 241 26 255 0 255 0 255
    255 141 181 0 0 0 94 255 255 255 0 255 0 61 255 0 255 0 255 229 255
    0 0 100 255 255 12 0 0 211 255 255 0 255 255 255 0 0 255 155 255 255
    0 96 0 255 0 179 0 0 0 255 255 255 0 0 0 255 0 255 249 255 255 0 0
    255 255 0 160 118 0 255 255 0 79 255 255 0 255 0 136 0 255 0 255 144
    255 255 98 0 255 0 58 0 0 255 125 255 255 0 255 0 255 214 221 0 237
    0 255 0 255 193 142 0 0 0 255 180 255 255 0 0 255 0 255 0 255 0 0 0
    255 0 0 0 255 0 0 255 255 255 0 0 54 0 255 0 255 0 255 0 0 0 255 0 0
    255 255 183 255 205 255 255 99 0 0 0 0 0 255 255 226 255 255 176 255
    0 255 255 0 0 203 255 0 216 49 166 0 67 0 255 0 0 53 255 255 255 255
    0 255 0 7 0 255 0 0 255 0 0 0 0 0 0 255 255 255 0 0 93 0 0 255 255
    76 255 59 80 0 0 255 255 255 255 255 0 239 0 255 0 255 221 0 0 145 0
    255 10 255 255 255 0 129 0 0 0 255 255 160 255 0 0 56 0 255 92 255
    255 0 0 0 255 79 0 0 255 255 255 0 255 0 3 127 0 255 0 255 0 140 0
    255 255 255 0 103 141 0 0 255 255 255 0 255 0 0 255 255 255 255 117
    255 15 0 0 0 0 128 255 227 255 0 0 255 218 0 255 0 64 0 255 23 255
    187 0 255 150 40 0 255 255 255 109 255 0 255 0 0 0 233 255 130 255
    49 255 0 255 0 0 36 0 0 255 255 255 0 0 255 139 0 255 0 116 0 136
    204 21 0 0 255 255 255 255 0 255 255 0 0 17 255 142 255 0 0 0 255 0
    0 255 255 255 60 0 0 0 255 0 255 213 236 0 0 215 255 255 255 255 0 0
    255 12 255 0 255 255 0 76 0 255 255 255 0 255 61 239 255 0 176 0 255
    255 0 0 0 255 255 106 0 255 255 255 255 217 0 62 184 112 192 0 0 255
    134 255 255 30 0 255 0 25 226 163 0 255 142 0 0 255 0 255 0 16 97
    255 255 0 0 255 255 255 255 32 255 255 0 0 212 0 255 255 255 0 255
    29 255 255 0 255 255 255 0 255 255 0 154 255 0 0 0 255 0 0 0 255 0 0
    0 0 210 255 255 0 0 0 0 255 255 255 106 0 0 255 255 255 0 0 255 255
    0 255 218 255 0 255 0 14 255 0 0 0 0 0 255 255 255 255 0 255 0 0 0
    255 58 215 255 255 255 0 173 255 255 0 157 0 0 0 255 255 0 0 75 255
    255 0 119 0 17 255 0 0 198 0 255 255 255 255 0 0 0 255 255 4 255 255
    0 0 0 255 255 255 0 0 184 0 255 255 255 0 0 255 255 0 0 255 0 0 0
    219 255 0 255 255 255 255 164 0 76 0 255 255 0 22 255 255 0 255 0 0
    69 255 170 255 255 80 145 0 255 255 246 0 0 0 3 0 255 255 0 255 255
    255 0 146 0 255 255 255 0 13 0 255 200 255 51 0 199 0 255 0 239 0
    255 255 0 0 117 255 0 255 255 255 174 0 255 0 255 217 255 0 255 0 0
    255 255 100 0 0 0 0 255 255 246 255 0 81 0 0 0 0 255 0 255 64 0 255
    60 0 0 0 0 255 255 255 255 105 0 4 0 252 0 41 47 85 255 255 25 0 255
    0 201 0 255 177 255 0 255 0 255 0 255 0 0 255 169 255 255 255 73 255
    0 0 0 255 62 40 83 255 244 255 0 142 255 30 255 0 255 147 0 0 255
    255 0 0 0 39 255 255 255 0 0 0 58 255 0 0 0 255 255 0 0 0 255 0 255
    0 0 0 255 255 255 0 0 250 68 255 0 255 255 111 0 255 0 255 255 255 0
    159 156 0 0 0 255 255 48 255 0 0 0 255 255 0 0 255 255 0 255 0 0 0
    255 255 255 255 0 0 0 255 0 72 62 255 255 0 255 0 255 0 0 255 0 255
    255 54 0 255 0 255 0 255 220 255 0 84 0 178 2 255 97 255 255 0 0 0
    255 255 255 0 255 255 255 0 0 0 255 255 0 255 231 0 123 255 255 255
    0 0 92 255 0 255 0 255 255 255 255 0 255 0 255 0 255 0 60 0 255 255
    255 255 0 0 0 255 0 255 0 134 166 255 255 0 255 0 255 84 210 255 255
    255 162 0 117 29 255 0 0 0 255 255 0 218 255 255 105 0 0 0 255 255
    68 255 208 255 0 255 10 255 0 0 38 87 96 255 0 255 48 68 255 0 98 0
    255 255 0 255 0 255 0 255 0 255 128 255 0 255 0 255 0 68 0 255 255
    255 255 0 0 255 255 0 0 0 255 0 255 0 255 99 0 0 255 139 255 255 0
    57 0 255 255 255 0 0 255 0 0 0 147 255 103 255 0 227 0 255 255 255 0
    0 206 177 45 255 255 255 0 0 220 15 255 0 255 0 255 0 205 0 0 0 253
    247 255 255 0 0 90 0 0 0 0 255 135 255 255 255 0 255 0 255 255 174 0
    0 255 0 0 45 255 120 255 0 255 255 185 255 0 255 255 255 0 255 91 0
    255 0 7 173 255 255 66 26 0 0 0 255 255 255 123 0 0 225 0 0 255 255
    255 255 0 88 0 255 255 0 0 255 255 255 0 191 255 255 255 0 201 120
    255 0 0 255 0 68 0 255 255 198 255 255 255 0 0 252 255 255 0 0 0 223
    255 0 0 0 255 255 255 15 255 255 176 128 0 88 244 255 135 45 0 0 0
    255 255 0 255 0 255 255 0 255 41 255 30 255 255 255 0 255 0 184 0
    255 255 0 255 0 255 255 255 200 0 0 255 255 0 0 0 0 0 255 239 168 0
    9 255 255 197 186 255 255 0 0 94 255 0 0 0 255 0 255 0 255 0 255 0 0
    231 255 255 0 0 0 0 0 255 0 255 0 255 0 46 28 0 255 0 255 225 255 0
    113 0 255 37 0 255 0 0 0 255 255 255 0 255 0 255 84 0 255 173 255 0
    255 0 0 255 255 219 27 255 255 40 255 0 0 0 255 182 255 0 0 0 255
    255 255 0 255 0 255 0 255 255 255 255 255 13 0 103 255 0 255 255 255
    118 255 0 84 0 12 255 0 0 255 255 255 104 94 0 0 255 53 255 0 255
    114 255 0 255 0 198 255 255 0 255 0 0 0 255 255 158 255 232 255 255
    0 255 0 241 0 0 255 72 193 255 0 255 0 255 0 255 0 0 255 0 255 0 190
    60 0 57 255 255 255 0 26 52 0 0 18 255 0 0 0 255 0 9 0 0 255 255 234
    255 0 17 255 0 0 0 0 0 0 0 221 0 255 255 255 0 0 107 192 255 255 0 9
    188 90 0 0 255 0 0 255 255 255 255 0 95 255 0 204 51 255 255 0 0 255
    0 0 0 0 134 255 220 255 0 255 0 0 0 211 0 255 0 0 106 255 255 0 0 0
    0 30 159 0 244 255 255 255 47 0 255 0 0 0 122 238 27 255 0 255 255 0
    0 0 0 255 0 255 255 255 0 0 0 0 255 87 0 255 255 255 255 255 0 0 197
    255 229 151 255 72 0 0 255 80 79 124 158 255 255 0 255 250 0 255 255
    255 255 255 218 0 0 0 255 0 0 0 255 255 255 208 0 255 0 255 157 255
    255 0 0 255 0 205 0 255 0 255 0 255 0 255 0 0 0 0 255 255 0 0 0 255
    255 147 7 0 41 0 0 255 71 255 255 0 0 0 24 255 0 255 0 255 0 0 15
    255 0 255 0 12 255 0 0 255 75 255 0 255 0 255 40 255 255 0 0 255 0
    80 0 0 255 133 255 255 255 255 0 0 0 0 255 0 0 0 0 38 0 255 0 255 0
    255 174 255 0 255 255 255 255 0 0 0 165 246 255 0 0 0 255 0 255 255
    0 254 0 0 0 0 0 255 255 255 0 0 255 255 0 0 255 255 255 107 0 34 0
    255 42 0 255 0 255 0 173 255 255 0 23 255 255 54 0 255 0 255 0 255 0
    0 255 255 255 0 0 0 255 0 110 255 0 255 0 255 255 0 0 0 0 255 93 255
    255 0 255 0 255 255 0 255 0 72 0 0 255 255 255 0 255 255 255 0 70
    255 187 255 0 255 255 255 0 155 84 0 0 0 164 255 255 0 0 0 0 255 255
    0 255 255 0 0 95 255 0 24 0 0 0 0 72 255 255 40 255 0 83 0 89 255
    133 110 0 255 248 0 0 69 255 165 205 0 92 0 0 0 75 255 255 255 107
    150 255 0 0 0 0 0 255 0 255 195 255 255 0 0 255 113 194 169 0 0 101
    255 184 0 0 0 255 255 255 0 0 255 255 0 0 0 255 255 0 255 0 0 255
    255 212 0 0 255 255 251 0 255 0 0 255 0 0 0 255 255 0 181 255 0 0 0
    8 64 0 253 0 0 0 255 255 0 161 0 108 78 255 255 0 255 0 58 0 0 128 0
    255 168 255 0 255 175 255 0 0 255 255 99 255 255 99 255 255 255 0
    255 255 0 188 0 0 0 0 0 255 255 195 0 255 0 0 255 0 217 0 255 255
    255 0 0 124 255 255 140 0 0 0 255 255 255 255 26 0 0 44 0 0 0 255 40
    112 0 255 0 255 98 189 0 251 255 0 0 0 255 255 0 226 255 255 0 0 255
    255 255 0 0 0 255 255 255 255 0 160 255 0 0 0 255 0 0 255 255 229 72
    255 255 0 0 0 255 123 255 138 124 255 173 134 255 0 0 0 255 0 0 255
    255 255 0 0 255 255 255 0 0 0 4 255 255 255 0 0 0 255 0 255 0 0 0
    255 24 255 0 255 255 0 255 152 83 255 0 0 0 255 255 255 0 0 76 255
    255 0 0 157 0 255 255 255 255 212 0 43 137 0 237 0 0 255 0 255 0 255
    0 25 255 255 0 212 0 255 0 237 255 255 0 255 204 255 0 206 0 255 255
    78 255 255 0 174 0 188 0 255 0 0 194 0 0 0 255 0 0 0 255 0 255 0 255
    0 255 0 0 204 255 255 255 45 255 0 0 0 255 0 255 0 0 255 255 255 121
    101 217 255 0 0 255 255 0 0 0 255 255 255 255 255 0 255 0 0 255 255
    0 0 0 126 0 255 0 0 255 0 255 255 255 255 76 116 255 0 255 124 0 0
    215 0 0 0 255 255 0 0 0 0 255 210 255 0 255 255 35 255 0 255 255 0
    255 0 0 115 0 255 255 255 0 255 255 23 0 237 255 0 83 0 0 255 0 255
    126 0 255 255 255 0 0 0 255 0 255 255 255 0 0 255 255 0 255 0 0 0
    251 255 0 210 255 255 255 0 0 255 214 8 255 255 0 137 0 165 0 0 0
    103 0 255 255 192 0 37 255 255 255 255 0 0 0 0 0 255 255 255 0 255 0
    255 255 0 0 0 255 255 255 255 0 68 255 0 0 128 255 255 255 255 255 0
    255 0 146 147 255 255 0 0 0 0 0 255 181 255 255 96 229 255 0 0 0 255
    255 255 255 0 255 0 0 0 0 0 0 255 0 255 255 20 0 157 0 0 0 255 255
    218 0 0 0 255 69 255 0 0 0 255 16 255 255 255 255 255 0 0 0 0 255
    255 255 190 81 0 0 255 0 255 255 255 255 66 255 36 255 0 0 255 0 255
    0 255 0 178 103 0 118 67 255 73 255 255 255 178 155 0 0 86 255 255 0
    255 0 133 0 0 255 255 255 0 0 51 0 0 131 203 226 0 0 160 255 255 0 0
    255 0 253 187 255 255 255 0 0 0 255 255 255 0 0 0 255 0 255 0 52 138
    0 255 255 255 255 30 0 255 255 0 0 255 255 0 0 255 255 255 0 255 255
    244 255 255 164 255 0 0 85 145 0 0 255 218 255 0 0 255 255 255 0 255
    0 0 255 255 0 0 0 246 255 255 0 255 31 182 0 140 0 26 255 204 255
    255 255 255 255 0 255 213 255 0 0 0 255 255 255 245 98 255 0 0 255
    255 255 0 255 0 0 0 0 255 0 255 255 255 70 255 161 0 0 255 0 0 0 255
    255 255 255 255 0 246 0 72 14 255 255 79 49 0 255 0 167 109 2 238 0
    255 119 0 40 0 91 255 255 17 40 0 255 0 0 0 255 0 255 183 255 0 0 0
    255 100 0 196 122 122 0 255 200 0 255 180 0 0 0 32 255 255 255 0 255
    255 255 148 0 255 255 0 255 255 255 0 255 0 255 0 178 0 255 255 255
    0 0 0 0 22 0 255 61 255 0 0 0 0 255 255 255 0 0 0 255 255 255 155
    125 255 0 76 144 0 0 0 255 11 0 255 255 211 0 168 134 255 0 255 0
    255 51 255 155 220 255 0 54 231 255 0 255 255 111 255 0 0 255 255
    255 235 0 0 0 255 255 0 0 255 0 255 0 255 0 191 0 255 0 255 255 255
    0 0 255 255 255 0 255 255 0 0 90 134 255 0 117 80 255 196 0 0 0 0
    255 255 60 10 42 128 0 255 255 0 0 255 102 255 0 0 61 255 255 0 0 69
    0 255 0 255 255 255 0 255 96 0 0 0 255 255 255 0 0 0 0 255 0 255 69
    255 255 0 0 0 255 0 112 0 255 0 203 0 255 255 255 255 0 0 255 255
    165 167 0 0 255 0 255 0 255 0 214 255 255 0 255 255 0 0 35 0 73 0
    255 174 255 255 0 0 0 0 255 255 255 0 5 0 255 106 0 0 200 255 151
    133 255 0 44 255 255 0 0 108 255 0 0 255 52 255 14 255 0 255 0 255
    117 255 0 255 0 255 0 255 122 0 0 0 255 0 255 0 0 255 118 255 0 0
    255 0 141 0 255 0 201 0 255 255 181 0 0 255 255 145 0 0 255 255 251
    177 68 0 0 211 0 166 0 255 0 0 255 0 255 255 255 0 0 0 54 0 236 0 0
    0 0 0 0 63 139 255 255 255 139 255 0 0 114 244 255 0 134 0 255 0 0 0
    255 255 255 255 0 0 0 0 0 255 255 255 255 0 0 125 255 255 0 99 255
    255 0 0 255 0 255 255 0 0 0 0 255 255 255 11 0 255 255 255 0 0 7 255
    255 0 0 174 255 255 29 59 0 0 255 0 255 255 255 0 0 255 51 0 255 255
    255 86 0 6 0 255 255 0 255 0 255 255 255 255 0 0 0 0 132 207 0 255
    255 0 255 0 255 0 0 84 20 18 255 64 218 0 255 255 0 0 0 0 0 0 76 0 0
    0 255 255 255 164 0 3 54 255 0 0 34 0 255 255 255 0 0 0 102 255 255
    50 131 0 0 0 255 255 0 255 255 255 255 0 255 255 0 0 232 52 0 0 255
    36 255 255 255 255 255 123 0 0 0 255 109 0 255 255 255 59 0 18 153
    255 0 0 255 255 56 0 255 255 165 255 56 255 255 255 60 255 0 0 255 0
    0 0 255 255 0 0 40 255 0 255 0 255 0 230 41 255 255 0 0 151 255 0
    255 255 255 0 0 0 255 255 0 24 0 18 255 0 0 255 255 127 255 153 0
    255 255 255 177 255 138 255 0 255 99 255 0 0 0 0 0 124 0 255 255 48
    0 0 41 0 255 0 0 0 255 255 0 144 50 255 0 255 0 0 32 255 0 255 0 255
    144 255 255 0 255 0 255 27 55 0 255 243 255 255 0 0 255 83 255 0 255
    0 0 255 0 239 192 46 26 0 255 255 255 0 0 255 255 0 0 0 255 255 255
    255 248 0 0 0 255 255 255 196 255 0 255 255 255 0 255 61 255 0 0 255
    255 128 0 0 255 255 255 0 0 2 254 255 255 222 0 0 0 255 255 255 0 0
    0 243 255 255 1 0 0 41 255 255 255 74 0 255 0 31 0 0 249 255 0 255
    255 255 0 0 0 211 255 255 61 255 0 255 0 0 255 255 255 164 0 230 255
    255 0 0 0 255 217 0 0 0 255 255 255 69 255 0 0 0 0 255 255 255 0 0 0
    255 120 255 0 255 255 253 255 0 0 255 255 255 0 30 138 255 255 0 0
    255 253 255 0 0 31 255 255 0 0 0 0 255 0 34 255 255 0 0 0 96 255 0
    255 0 0 0 255 0 0 37 0 0 255 34 84 218 0 0 255 0 255 0 0 255 0 0 0
    255 216 0 0 120 255 0 255 177 0 255 0 255 35 255 0 96 255 0 255 0 0
    0 0 255 255 0 255 253 255 0 255 0 47 0 255 170 0 255 255 255 0 0 169
    0 0 0 0 255 0 255 255 0 255 0 255 255 255 148 0 255 163 102 255 255
    0 81 0 0 255 0 255 255 34 255 255 255 0 255 177 255 0 255 255 190 0
    0 0 255 255 255 255 163 0 0 255 255 255 0 255 214 0 0 0 255 154 255
    0 0 0 111 255 177 18 255 3 85 0 178 62 203 0 226 255 0 0 255 255 84
    0 0 0 0 8 255 165 0 0 0 247 0 0 0 255 128 255 0 0 0 255 255 0 255
    255 1 255 0 0 141 255 255 55 181 0 255 255 255 53 0 0 255 59 255 174
    17 0 255 255 102 255 0 255 255 0 255 73 0 146 141 255 0 255 176 0 0
    0 255 31 255 0 62 0 255 0 0 0 0 0 0 0 67 255 105 0 0 0 255 255 0 219
    255 255 0 255 255 0 0 0 0 0 255 0 255 255 255 213 0 0 255 0 0 0 5
    255 255 0 0 38 0 255 255 255 0 0 89 0 255 164 255 255 0 0 0 255 0
    138 0 255 255 255 46 0 92 80 255 0 0 0 255 255 255 0 0 0 255 255 255
    107 0 0 0 255 255 0 255 0 0 255 243 122 0 255 223 255 0 255 0 60 0 0
    8 255 255 255 255 0 0 0 255 0 0 255 255 255 58 0 255 0 0 0 255 255
    173 0 255 255 0 0 0 13 0 0 0 255 255 191 0 0 0 255 0 255 255 13 0 0
    0 255 255 0 181 0 255 0 0 255 87 255 0 255 146 255 255 255 255 0 0
    217 255 255 0 255 240 255 255 178 255 203 0 178 86 0 0 0 255 255 255
    177 146 0 255 121 165 0 132 0 255 255 255 0 0 255 255 255 114 0 0
    255 255 0 0 0 12 255 160 255 255 255 0 157 0 0 0 255 49 255 0 0 0
    255 28 0 255 255 0 255 0 255 0 0 0 0 180 255 255 255 0 0 255 255 233
    0 0 255 162 160 0 255 8 255 0 255 0 255 255 0 190 0 255 91 0 0 0 255
    0 0 0 0 255 255 0 148 135 0 255 0 176 0 255 0 154 255 0 139 0 164
    255 255 0 255 255 255 0 0 0 255 255 255 0 74 255 0 255 88 0 0 255
    255 255 255 255 0 255 0 255 255 0 59 0 255 255 0 0 200 0 255 0 255 0
    20 9 0 255 55 255 0 0 0 255 255 53 199 0 0 0 94 255 0 255 14 0 255
    34 255 0 255 0 255 255 0 135 0 0 15 255 103 255 0 0 0 0 214 255 255
    255 0 136 0 255 0 255 0 0 0 184 0 0 173 255 61 137 0 192 255 0 140
    255 255 114 255 0 255 0 255 0 0 255 255 0 0 0 255 255 0 255 255 0 0
    0 255 255 103 30 255 28 255 0 255 255 255 0 0 0 255 221 255 255 255
    0 0 255 255 0 0 0 255 0 255 255 0 255 0 127 24 255 255 213 0 142 185
    255 255 255 0 0 0 255 255 0 0 191 255 51 255 86 226 0 255 255 255 0
    0 0 255 0 0 0 255 255 255 203 0 0 0 255 0 188 12 255 255 0 0 6 0 209
    255 255 0 0 149 187 0 22 255 255 0 0 255 255 255 113 0 29 0 0 159
    255 255 255 255 0 255 255 0 0 0 255 255 255 0 214 115 0 0 0 255 255
    255 223 178 255 28 0 0 255 244 0 0 255 255 87 0 0 255 0 108 0 0 111
    255 0 255 196 0 255 255 0 0 0 0 255 0 255 255 0 255 255 106 0 56 0 0
    255 142 255 255 138 255 97 0 0 0 156 184 255 0 0 0 255 195 255 255
    255 255 0 164 255 183 255 0 255 10 255 87 0 255 255 255 0 255 0 108
    0 255 35 255 0 119 0 255 255 255 0 177 253 0 255 0 255 56 255 0 255
    255 0 0 0 255 255 255 0 0 0 255 255 160 255 255 255 0 211 0 255 255
    255 249 148 255 255 255 66 0 0 0 0 0 255 53 255 255 255 0 0 218 0
    255 255 67 0 0 0 0 255 0 187 255 0 255 0 255 0 255 255 255 81 255 51
    255 0 0 0 255 255 255 0 0 0 0 135 0 59 255 0 197 0 255 0 255 255 104
    152 124 255 255 0 255 151 255 255 51 0 0 0 200 62 255 0 255 255 255
    230 255 255 255 0 0 0 255 0 0 0 0 255 255 255 0 157 0 255 255 0 0 0
    255 255 255 0 255 204 255 104 0 0 172 255 255 255 255 0 231 223 255
    255 255 0 0 0 0 255 0 255 0 255 27 0 0 0 255 255 255 0 0 240 255 0
    255 0 0 0 255 0 21 0 0 0 255 255 0 0 0 0 255 0 255 255 0 124 0 244
    255 255 73 255 118 0 0 237 255 255 255 0 0 0 255 255 0 58 255 255
    255 0 0 0 0 255 255 255 0 0 146 255 65 0 255 255 255 0 0 255 255 255
    43 0 255 0 255 0 0 255 255 93 255 255 255 249 0 0 255 0 255 0 255
    255 255 0 25 0 255 255 255 255 0 172 104 102 255 206 100 199 82 0
    165 0 87 0 164 0 74 255 255 185 0 255 0 0 0 194 255 0 255 0 255 0 0
    109 0 0 241 255 255 255 0 255 193 0 0 7 255 0 233 0 0 255 255 0 0
    255 0 84 255 255 73 13 240 160 255 255 0 255 255 0 0 0 255 255 186 0
    255 255 188 227 0 255 107 255 0 228 0 255 255 255 0 255 0 255 0 255
    255 50 0 0 0 0 255 255 0 0 0 84 82 255 93 255 255 255 255 62 0 255
    255 250 0 0 255 255 0 0 255 255 255 123 0 250 255 255 0 0 0 0 243
    255 255 255 255 0 255 255 0 255 0 255 0 106 255 155 0 0 173 255 255
    0 214 0 0 255 255 255 255 20 0 0 0 255 255 255 0 0 186 0 255 216 164
    207 0 0 0 87 0 255 0 255 255 199 0 0 255 255 255 255 141 255 0 0 255
    153 0 0 0 255 248 255 0 0 0 0 255 255 255 255 255 62 0 67 0 255 255
    255 0 0 93 0 255 255 255 255 0 255 255 0 0 0 255 255 255 0 255 255 0
    106 255 255 255 255 0 255 0 255 255 255 0 0 255 0 0 0 255 255 0 0
    255 255 0 255 252 255 0 0 0 255 255 255 0 0 0 0 0 255 255 255 141
    166 0 94 0 255 157 0 255 0 225 0 255 120 255 104 255 0 0 0 203 94
    255 166 80 255 0 255 0 0 0 255 255 0 0 9 77 255 0 255 0 255 0 109 28
    255 0 255 255 255 255 180 255 0 30 67 255 201 255 255 144 0 0 193 0
    255 175 255 0 49 255 0 0 26 0 255 154 255 242 39 255 0 255 0 0 206
    255 0 0 255 255 255 255 0 255 0 255 0 243 57 255 71 246 255 255 255
    255 0 255 0 255 255 255 0 0 0 255 0 255 0 109 255 0 255 0 255 0 255
    0 255 0 177 255 255 0 60 255 0 255 0 255 50 51 255 0 0 255 4 255 255
    255 255 105 0 0 0 0 17 255 152 255 255 0 0 0 0 255 0 251 0 170 17 96
    125 255 0 0 0 0 0 255 120 255 0 117 0 0 0 0 62 165 255 255 255 0 125
    146 255 0 202 0 0 0 255 255 255 0 255 255 0 185 0 255 65 255 0 0 0
    255 255 255 255 0 201 0 0 34 255 255 0 255 0 255 255 0 0 0 255 227 0
    255 255 255 44 95 255 255 0 0 0 255 255 0 255 0 255 19 255 255 255
    255 0 255 255 0 0 0 255 0 0 93 252 123 157 0 255 0 0 0 81 255 0 255
    0 255 255 255 255 0 0 0 255 0 255 0 255 255 0 143 0 199 0 0 31 255 0
    0 0 255 255 255 255 255 0 0 255 185 90 0 0 238 0 0 0 0 255 255 255 0
    255 255 0 0 0 235 0 0 255 235 0 255 255 255 255 0 255 92 255 0 0 255
    255 255 34 255 0 0 255 137 94 255 255 0 255 0 255 11 139 0 0 255 255
    81 43 255 255 0 0 255 0 255 0 0 255 255 255 0 179 0 0 0 255 255 255
    255 0 132 184 0 255 145 255 40 0 18 255 255 255 79 255 131 0 0 255
    181 197 0 188 0 255 0 0 238 0 255 255 255 0 0 0 9 255 0 172 0 0 255
    255 0 255 56 255 0 255 255 255 255 0 0 0 141 255 255 0 63 0 254 147
    255 255 128 0 0 255 255 0 0 240 255 255 177 0 0 0 179 255 0 0 255
    255 255 241 211 255 0 0 55 0 255 255 112 175 0 255 255 0 0 208 255
    13 255 0 255 255 90 255 255 255 16 93 0 0 236 255 255 255 255 255
    255 0 146 0 255 255 0 0 0 0 0 0 255 0 255 255 255 255 255 0 168 0 0
    255 255 255 26 0 255 255 255 0 255 221 0 0 255 15 0 226 255 255 0 0
    0 255 255 0 0 255 0 0 124 0 90 0 0 99 0 0 0 255 255 2 255 255 255
    255 0 0 255 255 243 86 255 42 255 0 255 158 77 0 0 255 0 255 0 255
    255 255 0 0 255 255 255 0 83 0 157 175 255 0 255 0 0 0 255 0 255 173
    174 0 0 255 136 255 0 255 255 0 0 0 255 225 89 255 0 0 15 255 255
    255 255 255 255 255 0 0 0 255 255 0 115 255 255 99 255 0 135 255 255
    0 54 255 255 255 0 0 86 255 0 255 0 255 0 0 160 255 255 255 0 0 0
    255 0 255 0 52 0 23 0 255 0 0 255 0 255 0 255 0 255 255 128 0 0 255
    111 0 0 255 255 255 0 0 51 255 234 0 50 255 255 0 0 255 255 0 0 0
    255 0 255 255 255 255 0 255 0 0 0 0 0 0 255 19 255 0 0 255 255 255
    255 0 0 0 101 255 255 0 0 0 255 0 255 0 255 0 120 255 95 255 0 255 0
    255 237 125 0 0 255 255 0 255 6 188 255 0 255 255 255 0 255 0 255 0
    0 0 255 0 245 115 255 255 255 0 255 0 255 171 0 0 0 255 211 255 178
    158 77 0 88 0 71 255 0 245 255 255 255 0 0 255 0 255 23 174 0 0 0
    255 255 255 0 49 36 19 255 255 0 255 0 255 0 255 0 0 0 255 255 0 255
    187 255 0 0 0 77 255 214 255 0 255 0 255 0 255 255 0 0 255 255 0 109
    179 255 255 112 255 0 0 170 255 242 0 0 0 255 255 0 255 0 255 255
    203 0 0 255 0 255 255 255 0 0 255 0 100 0 255 0 0 255 255 255 0 255
    106 255 156 0 255 213 255 255 193 0 0 169 255 255 74 255 0 0 255 255
    255 0 83 0 176 255 255 0 0 139 255 0 0 255 255 0 0 255 255 255 163 0
    0 0 255 255 0 0 139 255 255 61 37 177 150 0 0 0 255 0 0 255 255 255
    0 221 39 0 255 0 254 168 236 255 0 0 0 255 0 0 229 255 255 0 255 255
    255 255 0 0 0 255 0 255 0 0 0 0 0 255 255 255 0 0 0 255 255 255 0 88
    0 255 0 0 16 255 255 93 0 0 255 0 0 255 0 0 255 0 0 0 0 0 0 255 255
    255 107 161 0 255 0 0 50 0 255 255 255 0 0 0 255 0 0 0 255 255 0 189
    255 255 0 0 0 0 0 172 255 255 255 255 0 0 255 255 0 0 250 0 255 222
    0 255 255 255 0 255 0 255 0 0 255 0 0 36 0 37 255 255 0 255 255 255
    255 0 142 0 255 255 143 0 148 0 255 255 212 0 0 255 255 175 255 0 0
    0 0 0 255 255 255 235 0 0 0 255 0 255 0 255 155 255 175 255 0 0 0 0
    255 255 255 0 97 0 86 255 12 255 0 255 0 0 165 0 0 0 255 0 255 255
    30 255 255 0 255 0 255 255 0 0 0 255 255 0 0 0 255 0 255 0 111 0 255
    255 255 0 0 0 0 255 255 233 0 0 255 0 0 0 251 255 0 255 255 255 255
    0 255 255 0 0 0 242 255 34 255 119 0 0 0 70 255 255 36 0 113 255 16
    255 255 0 255 0 173 129 0 255 0 255 255 255 0 255 0 0 0 255 0 255
    255 255 0 0 0 255 86 255 255 255 255 54 255 180 255 200 255 0 255 0
    255 255 118 0 0 15 255 255 187 0 96 0 255 255 255 0 0 255 255 255
    255 35 0 0 255 0 255 0 0 94 255 255 255 255 105 255 0 90 0 255 44 89
    0 255 0 255 0 255 203 0 48 255 0 255 0 255 0 0 0 240 255 255 0 0 0
    255 0 255 0 255 0 250 255 0 0 0 143 167 255 0 117 175 0 0 255 255
    255 255 41 0 0 255 0 255 21 255 255 6 255 255 255 0 0 25 0 255 255 0
    0 0 255 255 197 0 15 0 255 255 255 88 90 0 186 0 161 255 255 255 0
    202 0 0 0 0 255 255 255 0 255 255 0 154 255 255 193 0 0 90 0 255 134
    255 0 255 0 255 165 255 0 255 33 255 255 0 42 0 255 255 68 255 255
    128 65 255 0 147 255 175 0 0 255 65 255 60 255 134 255 242 0 255 0
    255 0 255 223 255 31 202 100 0 0 255 106 255 0 3 255 182 48 255 148
    255 0 255 255 255 0 230 0 255 0 0 0 255 255 0 0 89 255 0 255 0 255
    255 255 255 0 0 0 255 0 255 0 0 85 0 255 0 255 255 0 0 0 255 255 255
    255 107 255 0 255 0 255 255 255 3 0 184 81 0 0 0 197 255 121 255 0 0
    0 138 0 255 0 0 0 0 255 156 255 108 0 0 255 255 110 0 0 255 255 255
    0 255 255 193 213 255 0 0 158 255 255 101 255 0 0 255 0 255 0 0 224
    255 255 102 0 3 255 255 0 0 0 255 255 0 0 0 163 255 255 200 0 100 0
    0 255 147 0 80 255 255 76 0 255 0 0 0 0 255 255 255 0 0 255 0 0 226
    0 40 224 255 255 73 0 255 255 0 255 0 212 0 255 255 200 255 112 255
    0 0 255 124 0 0 0 0 0 255 0 255 0 255 0 0 90 14 0 88 255 255 0 255 0
    255 0 255 0 0 144 0 119 255 0 0 0 255 255 0 0 255 242 0 255 19 255
    255 255 255 255 0 255 0 255 41 214 255 0 255 0 255 0 255 61 108 255
    0 0 8 255 0 131 255 223 255 0 110 0 151 255 0 255 0 255 255 0 73 255
    255 0 255 0 255 0 0 255 222 0 0 255 0 255 0 255 255 255 0 255 0 255
    0 255 255 47 255 86 0 200 255 255 0 109 67 112 0 255 255 255 0 255 0
    255 113 255 0 0 255 255 0 140 27 0 0 236 0 0 255 237 255 0 0 255 255
    0 50 0 255 255 255 255 48 255 0 0 255 0 255 255 0 0 255 255 255 117
    255 0 0 0 0 52 233 255 0 0 255 0 0 0 255 255 0 0 255 255 255 60 255
    62 255 232 0 0 184 255 252 0 0 0 82 159 255 255 135 0 0 114 255 255
    0 197 0 255 0 12 116 0 255 122 255 62 255 255 0 0 0 255 255 255 0 0
    0 255 88 0 0 127 255 172 0 0 255 255 53 0 255 255 93 0 0 0 255 0 255
    0 255 0 255 0 255 255 255 255 0 255 0 255 64 0 255 0 0 0 0 0 48 70
    255 74 255 255 255 199 0 0 255 0 255 125 255 255 0 0 0 0 255 36 255
    0 135 255 255 0 0 255 0 213 0 0 248 0 255 255 37 0 0 0 255 255 255
    255 0 101 0 0 0 0 255 0 255 255 192 154 142 0 177 0 255 0 255 255
    172 0 0 255 255 255 255 0 255 255 89 0 228 0 255 0 255 0 255 0 143 0
    135 0 0 81 0 255 0 255 255 255 255 255 0 37 255 255 156 0 255 0 255
    0 255 255 255 190 0 0 0 0 0 255 0 101 255 0 0 255 0 255 0 89 0 0 188
    255 255 120 145 0 0 255 0 255 145 255 0 255 233 255 247 255 0 0 119
    151 0 0 177 255 131 13 0 94 0 255 0 255 116 255 52 255 0 255 0 255
    255 57 108 0 255 255 255 0 0 0 99 255 255 255 37 94 0 42 0 0 0 0 0
    255 0 255 255 255 255 0 255 0 255 0 255 255 0 0 153 255 255 255 255
    0 0 0 255 255 240 0 255 0 72 0 255 24 255 0 0 0 255 255 255 255 98 0
    64 0 0 0 229 255 0 0 255 255 255 0 0 0 227 0 255 255 0 0 0 255 255
    255 0 143 0 0 11 208 108 0 249 190 50 255 68 255 0 255 0 255 255 76
    0 46 0 255 0 255 0 255 0 0 255 255 255 0 0 255 255 188 150 255 0 0 0
    255 255 0 0 0 185 213 0 255 183 0 255 255 255 8 0 0 0 64 255 255 0 0
    255 255 255 71 255 177 0 255 0 255 255 0 0 255 255 246 63 0 0 152
    255 26 0 0 0 0 255 0 164 0 184 255 162 255 0 255 0 255 255 0 255 255
    255 0 0 81 191 255 255 91 220 112 255 0 0 255 255 255 14 0 255 255 0
    0 0 255 0 255 0 0 0 255 17 65 255 0 127 160 255 0 0 0 160 123 0 255
    255 157 0 255 0 255 181 0 3 56 255 84 255 0 0 255 42 180 0 0 217 255
    255 255 0 39 0 255 255 255 158 255 151 0 239 0 255 255 255 124 0 255
    56 0 255 124 255 255 255 0 0 255 0 255 0 255 255 255 255 0 255 0 217
    0 36 0 0 0 255 255 0 0 198 255 0 0 0 255 0 202 246 255 0 38 0 119 0
    255 189 0 255 255 45 0 255 21 255 255 0 15 255 255 255 255 253 0 255
    255 65 255 255 137 170 0 233 231 0 0 255 255 255 0 0 0 0 0 255 255
    151 255 255 0 0 255 255 0 0 255 255 255 0 0 0 255 166 255 0 0 231 0
    229 0 255 255 0 67 0 255 145 0 0 255 255 0 0 212 0 0 255 0 0 255 255
    0 47 0 0 255 255 255 166 255 0 108 0 255 0 255 0 0 0 255 255 255 255
    0 0 0 0 0 255 255 255 183 249 0 0 0 227 255 255 255 0 0 0 255 0 255
    0 0 0 255 26 0 0 0 174 75 255 0 220 0 255 0 127 0 255 255 89 0 0 0
    255 0 0 255 113 45 0 255 255 0 0 255 0 255 0 0 255 255 0 255 0 255 0
    0 0 255 211 255 255 255 0 255 255 85 0 255 0 0 0 0 0 180 255 33 255
    0 255 255 255 255 0 255 76 255 0 255 0 255 255 255 0 236 0 255 255
    255 113 0 79 0 255 0 255 255 255 0 0 0 0 84 0 159 0 255 0 255 255
    255 0 0 128 0 255 0 108 0 0 0 255 255 255 0 0 255 255 255 255 255
    255 0 200 0 255 0 255 0 255 0 255 255 0 138 0 0 0 255 255 255 255
    255 255 80 0 0 255 255 255 0 162 0 255 243 139 255 255 255 246 0 17
    178 255 43 80 0 255 0 255 0 184 255 0 241 0 255 0 0 255 144 255 255
    198 143 168 85 250 0 255 118 0 0 0 255 0 104 0 255 167 255 0 57 255
    255 0 0 255 109 255 255 92 0 0 0 255 0 255 0 255 255 138 68 255 255
    0 0 0 255 255 255 0 255 0 0 0 255 255 0 255 255 255 0 145 255 255
    255 255 0 255 0 255 0 255 255 255 0 0 0 255 0 255 0 255 180 210 0
    255 206 255 255 0 0 0 0 0 179 255 255 255 0 0 255 255 255 169 139 60
    160 0 0 0 0 255 96 0 0 0 255 81 0 25 0 98 255 255 255 61 255 255 255
    157 59 0 255 0 255 0 255 209 255 255 0 0 255 255 255 0 0 255 0 255 0
    255 0 0 227 0 0 0 255 0 255 138 255 0 255 0 255 0 255 0 255 0 255
    255 255 0 0 43 0 0 249 0 255 53 255 0 0 255 255 182 0 255 0 255 187
    255 255 0 0 255 0 255 0 255 215 255 0 255 0 255 0 0 0 236 136 0 136
    0 255 0 11 255 255 0 255 0 71 0 0 255 150 221 0 255 0 255 0 255 0 0
    0 255 0 255 0 255 0 0 0 0 255 0 255 255 48 255 0 0 97 255 0 255 0
    255 0 255 0 47 79 174 38 255 80 255 255 0 0 0 255 255 0 255 255 157
    0 0 255 0 255 0 0 0 36 255 217 149 255 0 170 0 255 255 255 255 0 255
    0 217 45 255 255 104 0 0 255 255 255 255 0 0 181 255 25 0 0 255 255
    0 0 0 61 255 70 255 0 70 255 152 62 0 125 255 0 59 255 0 0 0 0 255 0
    0 255 192 255 0 13 0 255 255 128 0 0 0 211 58 231 255 255 0 255 0
    255 102 255 255 0 0 0 255 189 255 167 255 72 161 214 255 255 255 0 0
    255 180 120 0 255 255 56 98 0 255 255 0 0 0 255 255 0 113 37 255 0
    128 255 0 255 0 255 0 255 150 255 247 255 0 255 0 255 192 0 255 0
    207 0 255 20 255 0 153 0 255 255 255 255 0 255 0 255 235 255 0 0 0 0
    158 255 174 0 0 255 0 255 255 123 168 118 255 255 0 62 0 0 255 255
    134 135 0 255 255 0 84 255 246 255 255 0 0 0 255 72 0 0 255 255 255
    38 79 5 0 149 0 0 255 255 255 31 250 0 0 255 255 0 214 0 0 0 0 255
    84 255 0 0 0 255 255 255 0 0 0 255 255 255 0 0 0 255 15 48 0 255 77
    255 185 0 0 255 27 228 0 0 255 0 255 255 255 0 77 0 255 255 255 0
    130 44 255 255 0 116 0 255 0 255 255 0 156 0 0 255 87 255 0 0 0 255
    188 255 0 0 0 255 255 255 255 0 0 31 255 103 0 14 255 131 255 0 0 0
    255 255 169 0 0 255 255 255 88 0 0 118 0 255 146 255 0 255 0 255 17
    255 255 35 0 255 255 255 255 0 0 0 212 82 255 141 255 255 0 94 255
    78 0 0 0 255 0 255 0 0 0 42 12 255 255 184 0 0 0 255 255 255 255 255
    198 255 255 255 255 0 0 255 255 0 3 0 255 255 185 255 0 255 0 255 0
    255 255 255 20 0 0 56 215 255 34 0 0 255 0 231 255 255 37 255 0 255
    0 237 0 0 0 0 255 255 123 255 255 96 0 0 221 191 255 255 45 0 255
    255 255 192 0 0 0 255 0 0 0 255 255 148 255 0 160 0 255 255 255 0 0
    242 0 105 255 0 0 0 0 255 255 255 0 38 255 0 255 0 160 222 0 113 255
    255 255 0 255 48 0 0 48 0 255 162 119 0 255 255 0 0 0 0 0 0 255 255
    255 0 0 255 0 255 0 0 0 26 255 255 255 0 233 197 101 255 214 255 255
    0 0 0 255 194 255 0 249 0 191 0 0 255 192 255 0 0 0 0 14 0 255 0 31
    0 0 255 255 0 255 125 0 255 165 255 255 0 255 218 0 60 0 210 255 0
    255 0 255 0 255 0 255 99 142 255 255 255 0 255 255 254 164 0 158 0 0
    0 0 255 0 48 0 255 255 255 255 255 0 0 0 255 255 0 175 0 0 255 255 0
    0 0 87 0 255 255 90 255 255 0 83 0 255 0 0 126 255 0 255 67 169 255
    106 255 0 0 255 0 0 255 96 255 0 255 0 0 0 0 255 255 255 252 0 255 0
    255 0 225 0 255 0 255 53 0 0 255 255 255 137 255 0 0 0 10 0 255 255
    255 221 0 255 37 0 255 211 212 255 128 0 112 255 255 255 255 255 255
    0 0 0 255 209 255 0 255 148 255 255 55 255 82 0 0 255 255 255 0 190
    0 0 0 0 0 0 255 255 0 255 172 255 4 0 0 0 3 255 255 255 0 0 199 0 0
    255 255 5 255 255 255 0 255 255 255 0 0 0 255 108 0 0 255 255 255 0
    66 255 255 219 0 0 0 0 236 0 0 90 68 255 255 255 255 65 80 255 0 0 0
    105 0 250 255 0 0 0 198 255 255 255 0 0 0 0 255 255 0 0 255 255 77 0
    240 255 0 255 255 82 11 0 0 0 61 255 255 0 13 0 255 0 255 255 0 0 0
    255 0 220 0 170 255 0 0 0 151 255 255 255 255 0 0 11 255 251 255 255
    0 0 0 0 255 228 0 0 169 255 0 93 255 255 255 0 0 255 255 255 255 0 0
    0 0 0 255 187 255 0 255 198 0 255 255 0 19 0 0 255 43 255 0 255 0 15
    219 255 255 255 234 0 0 255 255 0 255 0 255 0 76 0 0 255 255 103 0
    148 255 255 0 209 255 0 0 255 0 255 0 255 101 255 0 246 125 255 0 0
    0 0 0 255 40 255 0 255 231 255 0 255 255 0 0 255 0 255 0 255 218 0
    255 216 0 42 0 255 0 255 157 255 0 0 255 255 255 237 0 255 192 255
    255 255 0 0 0 255 59 194 241 255 0 255 255 255 144 0 255 166 255 0
    255 43 255 0 255 255 0 255 252 255 0 19 155 255 0 0 0 255 0 0 0 255
    43 167 88 255 229 0 0 255 213 255 213 255 0 0 0 0 255 0 255 0 255 0
    0 0 75 255 13 255 0 255 255 255 107 0 24 0 194 0 0 0 255 255 255 0
    245 0 255 254 57 0 0 214 255 255 13 44 56 0 0 255 0 0 0 255 0 255 0
    255 255 255 0 0 0 255 0 183 187 0 255 0 109 0 0 0 255 0 0 255 240 0
    255 255 255 0 255 165 255 255 255 255 0 0 0 0 255 57 255 4 255 0 0
    27 159 255 0 0 106 255 0 255 0 0 255 255 255 0 0 0 255 255 250 0 0
    255 147 0 0 0 210 42 255 110 255 0 0 0 255 0 255 0 239 21 255 255
    255 255 0 124 14 165 160 0 95 255 255 0 0 255 255 255 0 0 0 202 0
    133 189 255 0 255 69 255 11 0 255 0 0 0 0 208 0 0 255 0 0 0 255 255
    0 0 0 0 255 255 17 14 207 26 0 151 255 12 241 0 255 255 255 201 0 0
    0 234 255 255 255 0 0 0 170 0 54 0 255 0 255 255 66 234 0 255 255
    255 132 0 255 255 211 0 255 0 255 0 255 0 226 0 255 0 255 0 0 0 45 0
    113 255 41 255 0 0 0 232 53 27 255 255 0 0 0 0 255 255 255 255 255 0
    255 0 255 255 255 65 0 0 0 0 255 255 255 0 0 0 255 255 164 255 255 0
    0 0 180 255 255 30 0 0 0 0 255 39 255 217 255 128 0 186 255 0 255 0
    214 255 255 255 0 255 229 185 189 0 0 0 91 255 255 0 255 47 0 0 0 0
    0 210 0 255 255 0 77 0 255 255 0 0 255 255 0 0 40 255 255 0 255 0 0
    0 255 255 255 60 255 0 179 255 255 255 214 0 0 105 255 255 0 0 132
    255 231 255 0 0 0 255 255 0 0 255 146 255 255 255 111 255 0 0 0 0
    169 255 68 255 0 255 231 0 0 0 0 255 255 0 0 255 254 0 0 255 255 255
    0 105 208 0 255 55 255 0 111 255 255 89 255 0 255 119 255 0 205 0 0
    0 0 255 0 0 111 255 0 255 255 0 255 136 71 0 0 255 255 255 255 0 255
    0 255 147 255 0 0 255 248 0 0 255 255 255 0 0 255 255 0 255 255 255
    0 0 0 121 255 0 255 255 255 255 255 255 0 0 9 241 161 255 255 0 255
    0 255 0 255 139 255 186 255 0 0 255 255 69 34 71 28 0 0 255 255 255
    0 0 255 73 255 0 166 0 255 0 170 0 0 220 255 255 255 238 0 0 0 255 0
    255 0 255 0 0 0 255 242 255 78 0 0 0 0 5 255 255 0 255 0 240 0 255 0
    255 0 187 255 255 0 0 255 255 255 0 129 255 0 0 0 255 190 54 0 0 0
    255 255 255 255 52 255 0 0 0 139 255 255 69 11 44 0 0 132 17 185 255
    255 255 0 255 115 255 255 0 0 0 0 120 212 255 0 0 215 255 76 190 0 0
    255 0 0 0 0 255 3 103 0 255 28 0 0 78 0 255 255 255 0 255 32 255 47
    255 0 255 0 0 102 255 255 46 0 255 0 255 255 255 0 0 142 74 222 0 0
    255 255 0 0 0 255 0 255 0 255 228 0 0 248 0 255 255 0 0 0 70 255 255
    91 255 0 232 151 0 0 0 255 255 158 255 0 0 0 255 76 255 0 0 0 0 140
    0 0 0 246 0 255 255 0 69 124 255 255 220 0 0 255 255 140 177 171 71
    0 0 255 0 255 255 255 0 0 0 40 255 255 255 0 228 71 255 255 135 0
    121 123 201 0 0 111 0 255 0 148 0 255 255 0 0 0 255 255 51 0 0 255
    255 0 255 0 255 255 255 255 255 255 0 0 255 255 192 253 0 255 255
    255 0 255 84 0 0 0 86 255 112 253 0 255 116 255 255 255 0 255 74 130
    255 19 255 0 0 0 236 255 0 172 0 0 255 255 5 19 255 255 255 0 0 255
    255 0 0 255 255 0 18 0 0 255 255 255 0 76 0 255 255 0 94 0 191 0 0
    189 255 105 255 0 0 0 255 0 0 12 255 167 38 0 18 0 255 0 255 255 18
    0 255 0 106 0 77 255 255 0 255 0 0 192 7 0 255 255 146 0 255 255 255
    136 0 142 0 255 255 255 0 255 5 255 255 255 0 255 0 255 0 255 255 0
    236 0 177 0 255 255 0 255 255 255 0 0 0 255 0 255 33 29 0 70 255 22
    192 255 255 0 0 0 239 255 0 0 0 255 255 0 206 131 255 146 174 0 0 0
    255 0 255 0 0 166 255 0 0 255 255 255 255 140 0 255 255 0 0 0 255
    255 255 175 180 255 255 0 0 0 57 0 255 255 0 142 0 255 0 27 167 255
    255 0 0 0 186 255 255 51 0 0 255 0 216 255 255 255 255 0 255 195 0 0
    255 255 255 0 83 0 255 0 255 255 137 0 81 209 0 255 160 0 255 0 0
    255 0 255 0 255 255 255 0 255 0 0 0 255 0 255 0 59 0 255 0 55 0 0 5
    255 255 255 0 255 0 255 61 255 0 0 142 255 255 0 0 0 255 0 255 0 255
    255 25 0 0 176 255 255 255 56 115 0 189 0 255 139 0 99 0 27 102 0
    186 0 255 0 255 0 0 231 0 0 255 255 255 0 0 207 0 0 255 227 0 0 255
    0 9 0 255 0 255 0 0 184 245 255 255 255 234 255 0 0 0 0 0 255 255 0
    0 0 255 0 194 0 255 0 255 0 255 0 255 255 0 255 0 255 0 7 116 186
    255 255 0 255 0 0 255 255 0 255 255 255 227 0 0 153 113 255 0 0 0 85
    255 255 10 0 59 255 62 255 0 0 255 255 0 255 136 255 0 0 0 0 180 243
    255 0 0 255 0 255 0 255 0 255 0 23 255 255 255 0 255 87 0 0 255 0 6
    158 0 0 255 255 0 206 255 0 75 0 255 0 0 176 255 255 255 0 0 82 255
    255 0 0 0 255 24 216 255 0 0 83 0 0 255 255 255 255 255 45 0 255 2
    255 101 0 255 255 255 0 179 255 255 255 255 0 255 16 0 255 0 255 233
    255 0 0 255 255 255 0 255 255 255 0 0 0 255 255 0 255 255 255 26 0
    37 222 0 255 255 0 93 0 255 255 0 0 255 255 0 0 233 138 255 255 7 0
    255 0 203 0 0 0 0 0 194 0 255 255 255 255 255 0 0 255 255 0 0 255 0
    0 0 108 255 0 242 36 255 0 0 95 88 255 0 255 0 255 0 0 0 169 0 116
    38 72 0 255 0 0 255 255 0 0 0 0 0 0 255 0 0 255 0 255 0 255 255 0 0
    0 255 29 255 0 255 79 183 0 206 255 255 255 0 168 253 115 0 255 255
    255 10 75 0 255 0 255 0 0 0 72 31 136 0 255 255 255 0 40 0 0 0 255
    255 0 103 255 255 255 208 0 0 255 255 255 0 0 3 255 255 255 0 255 0
    255 224 255 0 255 246 49 0 0 43 255 255 129 0 0 255 255 255 162 255
    0 255 255 9 0 0 255 94 255 255 0 255 0 255 0 0 255 230 95 95 0 0 255
    0 0 0 255 255 255 255 0 255 0 255 0 255 255 0 0 255 0 255 0 255 255
    255 0 255 255 255 255 0 0 236 0 255 255 255 255 0 0 0 112 0 255 0 0
    0 255 13 0 0 0 0 151 255 0 77 0 121 0 255 0 213 255 0 0 0 255 255 0
    0 225 0 27 0 255 0 0 255 255 255 0 0 255 104 144 0 255 255 255 0 117
    255 0 255 255 255 0 255 124 0 118 0 255 0 255 0 151 0 0 0 255 0 255
    255 0 0 0 255 255 198 0 255 2 255 0 72 0 255 93 0 23 0 255 255 0 162
    0 21 0 255 0 255 0 0 0 255 0 0 0 185 198 255 255 0 255 255 0 0 0 80
    0 0 0 0 255 49 255 0 255 0 0 255 255 255 0 0 0 51 255 255 255 0 0 0
    255 0 255 0 255 255 255 153 0 0 26 255 0 0 255 255 197 255 0 0 255
    255 0 0 255 255 255 255 29 28 0 0 255 255 0 0 0 255 255 0 31 0 0 255
    239 255 255 60 98 0 126 200 255 0 37 0 255 0 255 255 255 0 0 0 255 0
    255 0 0 0 13 128 0 0 0 255 255 255 0 0 255 0 255 80 255 0 0 0 255
    255 0 255 250 191 20 214 255 255 255 255 0 255 0 255 0 255 0 255 255
    255 164 220 0 255 0 255 255 255 0 255 255 0 0 0 0 0 255 255 94 255 0
    255 0 255 0 120 0 255 255 244 0 0 255 255 255 0 255 255 255 255 0 0
    255 255 0 0 255 255 255 0 0 0 255 255 255 0 0 0 255 0 13 24 76 255
    255 166 0 0 255 255 255 0 255 0 255 255 255 0 0 0 255 255 255 0 0
    255 95 255 255 255 0 0 0 255 255 147 142 255 187 0 255 255 255 0 0 0
    238 0 255 191 255 0 255 197 0 151 0 255 99 255 112 0 0 182 255 255 0
    0 0 0 255 255 9 0 255 0 123 255 0 255 0 0 255 0 255 0 255 189 192 0
    0 0 247 0 234 0 0 0 0 222 255 69 255 0 255 0 0 0 255 61 62 86 255
    255 194 0 43 0 23 0 42 188 59 0 255 0 255 0 255 255 0 0 0 255 255
    255 0 0 167 255 230 97 229 255 255 202 115 0 255 1 51 0 255 255 153
    87 0 255 255 255 255 255 227 255 255 255 255 0 0 0 0 107 255 0 0 0
    165 0 0 0 0 255 255 255 0 0 255 255 252 255 0 0 0 0 255 255 255 255
    34 0 0 73 255 208 255 255 255 255 0 0 0 255 255 0 0 255 211 0 0 0
    178 221 255 0 0 140 255 0 255 0 238 0 255 0 255 0 255 255 255 0 255
    0 0 220 255 0 68 0 255 0 255 0 255 0 0 0 0 255 255 255 255 0 0 118 0
    255 255 34 220 0 251 0 255 255 0 0 0 0 255 255 0 255 0 0 255 255 255
    255 0 0 64 216 255 184 255 125 123 0 255 255 255 128 255 255 0 255 0
    255 255 220 0 0 0 221 0 0 255 0 255 0 179 205 255 0 255 255 199 68
    107 203 127 255 0 83 255 0 0 0 255 28 255 145 0 0 255 255 176 255
    255 255 2 0 255 29 0 157 183 119 0 0 0 0 255 255 198 0 0 7 0 255 0
    255 0 255 255 168 0 0 0 0 255 255 255 0 0 57 0 0 130 0 0 0 255 255
    255 0 95 255 255 180 0 0 111 255 255 255 0 106 0 85 0 242 255 255
    255 253 0 255 94 0 255 0 143 0 255 0 255 0 255 0 80 0 255 27 255 0 0
    112 0 255 255 0 213 0 255 97 61 0 0 255 45 0 255 0 255 255 0 255 0 0
    0 255 1 255 0 255 255 167 0 236 0 0 255 110 255 0 0 0 243 0 0 0 255
    255 255 216 255 255 255 11 255 0 54 255 255 0 255 0 0 0 0 255 255 0
    0 255 255 255 244 170 13 0 255 0 255 0 0 175 255 255 255 0 0 255 92
    255 0 143 37 255 255 0 0 233 255 0 255 255 255 255 0 255 0 222 0 42
    0 0 246 255 255 0 219 255 98 148 0 255 255 0 255 255 255 0 0 255 0
    255 0 255 8 60 0 255 255 0 7 255 0 0 0 171 0 0 255 0 255 0 255 0 255
    0 124 0 162 0 255 255 255 255 0 255 0 0 255 255 255 0 255 0 255 166
    208 0 0 0 255 255 10 0 241 0 50 192 0 0 0 255 0 255 0 80 0 255 255
    119 255 67 255 255 93 0 0 255 255 0 255 0 255 0 255 255 255 0 0 255
    255 0 0 255 0 255 0 255 0 213 255 157 0 118 86 255 0 0 226 255 255 0
    255 0 0 230 255 255 0 0 0 0 255 255 0 0 0 112 210 255 0 255 143 255
    0 0 255 0 255 0 0 0 255 255 0 0 255 0 0 255 255 255 0 255 0 0 59 255
    255 0 255 0 255 0 0 0 255 35 0 255 0 255 0 255 0 0 0 255 223 255 0 0
    255 156 0 255 0 255 0 255 0 255 255 255 10 0 0 0 242 102 255 0 255 0
    255 0 0 0 255 255 255 0 0 0 0 255 0 89 0 210 192 0 255 255 255 255
    255 0 255 0 162 0 242 255 0 194 255 213 255 0 255 241 0 0 0 255 255
    255 255 255 255 209 255 0 52 0 255 255 209 0 255 0 255 255 255 255 0
    0 255 255 0 0 255 0 0 223 255 255 255 0 255 0 255 0 0 255 255 206 0
    0 255 255 255 6 0 255 255 0 255 255 255 0 0 0 0 255 255 255 255 255
    0 40 0 127 0 255 255 255 0 255 0 255 0 181 255 145 0 255 255 255 0
    65 255 66 255 0 145 255 255 0 0 0 255 126 255 0 0 0 0 255 0 0 255
    255 255 255 0 0 0 0 0 0 0 0 0 230 0 0 0 0 0 0 255 255 0 255 255 48 0
    0 255 255 255 57 0 47 0 255 255 110 0 0 0 226 255 255 255 0 0 0 56
    255 199 0 60 106 0 0 255 0 162 255 255 0 0 0 255 0 0 255 0 255 255
    195 51 253 248 255 0 255 0 0 255 255 255 0 0 255 255 255 0 155 0 146
    255 122 255 255 0 99 0 255 255 255 0 0 49 255 0 0 0 255 245 255 255
    0 255 0 113 255 0 182 178 7 255 255 255 0 255 0 255 0 255 0 255 0 0
    210 0 255 255 251 255 65 255 0 61 161 0 255 207 255 0 0 0 255 0 255
    255 0 0 0 255 25 255 240 0 255 0 255 120 176 255 172 255 0 0 0 168
    255 255 0 0 0 255 255 0 0 255 255 255 255 0 255 0 0 0 0 255 25 255
    156 106 0 0 255 255 255 255 0 17 0 0 0 255 255 200 255 0 255 0 255
    143 255 255 0 0 35 148 255 255 0 255 130 255 0 255 0 15 0 44 255 255
    255 0 0 0 0 255 197 255 255 255 0 0 0 0 0 255 255 255 0 83 111 70
    255 0 124 255 0 0 0 255 255 255 0 70 196 0 0 255 255 255 255 73 0 0
    255 241 255 255 255 0 0 0 255 255 133 255 255 255 0 0 0 0 255 0 0 0
    0 255 255 0 0 0 243 255 255 23 255 0 0 0 255 255 255 255 3 0 90 0
    255 255 255 0 0 255 39 255 96 0 0 255 56 255 0 0 255 255 0 0 255 255
    0 86 0 255 255 255 0 93 255 255 44 0 152 255 0 255 0 255 255 255 255
    0 0 255 0 255 0 255 255 112 255 255 0 255 255 0 255 0 255 0 255 0
    255 0 80 255 255 255 195 0 0 46 0 0 255 255 255 0 0 148 140 0 255
    255 255 255 247 106 0 0 160 64 0 0 255 0 0 0 0 255 0 255 255 255 158
    0 50 0 0 0 255 255 255 0 0 6 105 255 10 204 0 35 255 0 255 0 0 0 255
    255 0 255 255 255 0 255 0 255 255 255 0 0 0 0 255 255 255 255 0 97
    255 255 0 0 0 255 255 255 0 176 159 255 0 0 0 0 255 255 255 0 0 0 0
    173 255 0 255 0 255 255 255 255 80 255 78 0 255 0 26 255 186 255 0
    255 232 0 255 0 255 255 0 0 255 255 0 0 237 255 0 255 0 0 0 0 32 255
    0 255 255 255 0 69 221 255 0 55 0 0 0 255 0 133 138 208 82 66 0 128
    0 255 255 255 240 255 255 0 255 0 255 255 255 0 0 249 0 255 35 255 0
    242 0 153 0 0 195 0 255 255 255 255 0 66 0 255 197 82 0 134 0 255
    255 255 0 0 0 130 255 0 255 141 255 255 0 219 255 0 120 255 0 0 0
    255 138 122 255 0 0 0 83 255 255 255 0 0 255 255 255 0 0 255 255 255
    146 105 255 255 0 0 0 255 255 0 255 0 0 0 44 0 255 0 255 230 255 0
    255 255 145 0 0 255 0 84 0 0 98 84 232 0 0 255 71 255 0 0 255 0 255
    75 255 0 0 0 0 169 255 255 109 255 0 184 0 255 255 255 53 0 0 255
    255 255 255 0 255 0 0 255 255 255 0 0 194 0 187 0 255 35 165 191 255
    255 0 46 33 255 194 255 255 0 0 6 37 0 0 0 53 84 255 97 48 0 255 33
    255 6 147 255 255 151 0 0 255 0 255 0 255 0 255 0 255 255 225 255
    255 255 0 44 151 255 0 255 255 255 0 255 255 0 12 0 134 82 0 23 0
    255 255 142 255 255 0 0 255 255 255 0 0 255 0 0 0 255 255 0 182 255
    255 228 0 103 255 255 255 138 0 153 0 112 0 0 241 174 0 0 0 255 255
    0 160 0 0 255 206 255 0 0 255 255 0 0 0 0 0 255 255 6 255 0 4 0 255
    111 130 0 255 0 255 255 0 81 0 0 0 0 0 255 150 255 0 255 165 136 255
    0 0 0 255 145 255 255 255 0 255 255 0 255 0 0 0 0 144 255 255 255
    139 0 0 0 255 255 0 255 0 80 0 124 3 255 255 0 0 0 255 255 0 0 255
    255 0 0 0 255 255 0 255 0 255 0 255 0 255 255 255 255 59 0 241 255
    255 152 0 194 255 0 255 0 255 0 255 0 0 255 255 65 0 0 255 255 255 0
    255 0 255 255 0 255 0 255 0 157 133 0 255 0 255 0 255 255 255 0 0 0
    255 5 255 255 255 255 0 211 0 121 164 255 15 255 0 65 0 0 255 255
    255 0 166 0 0 0 255 194 125 0 38 0 0 0 168 255 212 255 0 0 255 118
    255 0 27 0 255 153 255 0 0 0 255 75 0 65 0 0 255 255 88 0 71 255 78
    255 255 0 0 255 255 0 0 255 255 255 0 0 0 255 255 0 0 33 255 255 255
    255 255 0 255 212 255 0 0 203 255 0 0 66 0 0 134 16 255 255 229 255
    0 0 0 255 255 170 255 0 0 0 255 0 255 0 41 255 117 0 0 0 249 255 255
    0 151 0 255 0 0 0 255 0 237 0 78 27 255 255 0 234 0 255 216 0 0 0 0
    255 0 0 28 255 50 255 0 0 0 255 255 0 255 0 60 255 255 0 0 39 0 0 0
    255 0 255 0 43 0 0 0 196 130 255 255 255 0 255 197 255 240 0 255 0 0
    162 0 255 255 155 255 0 216 0 0 0 0 255 84 0 238 255 0 167 0 255 255
    255 134 0 0 0 168 255 255 0 255 0 0 0 0 255 0 255 0 170 0 255 255 0
    0 0 49 0 255 255 255 255 255 137 0 143 222 255 255 186 0 12 255 255
    0 82 149 77 255 12 255 255 255 255 0 0 150 0 255 0 0 255 0 254 0 143
    255 88 199 0 196 255 255 255 0 0 255 255 0 0 0 0 255 0 255 255 255
    255 1 0 0 0 0 255 136 0 177 0 255 255 0 0 0 59 247 255 255 255 0 0 0
    102 0 255 0 255 56 255 209 0 0 255 255 255 0 176 255 255 0 255 255 0
    0 0 0 0 255 255 0 255 0 255 0 0 255 0 0 0 0 0 4 255 255 0 255 0 255
    0 153 0 0 255 122 255 0 213 146 0 255 255 255 0 0 41 255 255 0 0 83
    255 0 0 255 255 255 0 0 0 0 0 253 255 255 0 0 0 255 0 0 0 255 255
    255 0 0 7 0 232 0 255 0 0 0 255 0 255 0 255 0 0 76 0 31 255 255 255
    255 0 0 255 251 255 255 255 255 0 52 0 255 183 255 255 0 255 255 255
    192 255 255 255 0 60 0 16 111 255 255 0 0 255 148 0 255 209 209 0 0
    0 255 255 255 255 0 0 0 0 169 255 255 0 215 0 36 255 0 0 255 255 255
    255 0 0 0 255 227 255 255 255 255 255 0 255 0 255 0 31 0 200 0 255
    68 255 0 255 0 218 0 0 221 0 0 255 247 0 0 7 255 0 0 0 255 255 255 0
    0 0 255 255 255 0 102 0 0 255 255 255 0 0 0 255 255 0 245 0 255 255
    104 0 227 255 0 212 115 255 255 255 0 0 0 255 92 0 0 112 255 253 0 0
    255 0 255 255 0 168 0 255 0 232 6 255 0 255 4 255 255 0 0 255 0 42 0
    0 255 255 255 245 255 28 0 255 4 255 0 0 0 179 255 255 0 255 0 255 0
    255 255 255 0 163 255 242 255 0 255 0 0 0 0 0 255 0 0 0 0 242 255
    255 255 0 0 0 255 240 255 255 255 0 0 0 255 255 255 255 255 71 146 0
    0 0 50 0 0 0 0 52 255 255 0 0 255 255 218 0 0 255 120 255 0 255 255
    52 0 255 255 255 255 255 20 0 255 0 255 0 244 0 255 0 255 0 255 255
    255 178 0 255 0 227 18 255 0 171 0 255 0 255 0 255 131 0 255 0 95
    255 255 0 0 255 0 255 0 255 255 0 255 0 255 0 0 255 255 0 255 0 255
    136 255 0 255 126 255 0 255 0 255 96 179 0 255 255 0 0 255 215 255
    191 255 0 255 42 0 255 255 0 193 255 255 255 0 0 194 255 255 255 0 0
    255 255 255 0 0 0 0 143 255 255 255 121 255 26 0 0 255 41 0 255 255
    0 26 255 42 255 255 255 255 0 66 0 0 0 255 240 0 0 255 0 0 255 255
    255 255 0 0 0 255 255 255 255 255 255 0 0 0 255 147 255 150 20 0 255
    255 51 0 255 255 0 0 128 199 0 0 0 255 255 0 0 255 255 0 0 0 255 106
    255 0 255 0 255 255 0 0 0 0 103 255 255 255 72 0 255 255 255 0 0 255
    255 255 0 0 255 38 255 0 255 204 0 0 0 255 0 128 255 251 255 0 0 0
    255 106 0 169 255 255 255 255 255 123 0 0 0 55 255 255 180 0 255 26
    255 255 43 255 243 0 0 0 255 0 0 0 255 255 0 255 255 255 255 255 89
    0 0 145 0 148 255 255 255 0 0 0 255 0 0 0 79 255 192 255 0 0 179 255
    0 255 0 182 152 255 255 0 0 255 166 0 255 255 0 0 218 84 255 255 255
    255 255 255 0 0 255 0 0 0 0 0 208 255 248 0 255 0 0 0 255 255 255 0
    255 0 39 0 255 255 255 0 0 0 0 255 255 150 239 250 255 255 255 255 0
    0 107 0 255 255 0 0 29 255 132 109 52 10 0 255 255 255 0 255 244 255
    0 255 0 0 32 202 255 255 0 255 0 255 0 255 0 255 0 182 255 0 49 255
    0 61 45 255 0 116 0 0 0 0 0 255 255 255 44 255 0 255 0 255 159 255
    108 255 70 255 255 0 255 99 0 255 0 255 0 255 237 120 140 0 0 255
    255 230 255 0 0 47 255 255 255 255 0 255 0 255 0 255 255 255 0 255 0
    161 0 255 255 119 45 255 255 6 0 1 255 255 0 0 255 255 82 255 6 255
    0 0 255 0 0 0 30 255 255 0 0 0 255 0 103 32 0 0 0 0 0 255 255 255 0
    0 240 255 255 255 0 2 255 0 0 0 255 255 255 255 0 0 0 0 129 0 0 37
    255 255 0 0 196 0 255 0 255 255 176 0 0 0 0 255 0 0 0 255 0 255 0
    255 0 17 0 0 0 255 136 255 255 255 255 0 0 255 255 255 0 85 0 255
    255 109 143 78 0 255 255 255 255 255 255 0 255 0 255 255 0 255 176
    255 0 135 255 252 0 0 255 255 0 0 152 0 0 255 255 255 0 0 225 186
    130 143 255 0 255 0 255 255 255 255 0 0 0 225 0 255 0 0 0 33 255 105
    255 0 0 0 0 0 174 0 0 255 255 0 0 0 0 0 141 192 255 48 0 0 178 0 0 0
    255 0 255 255 255 255 255 255 255 91 152 0 255 0 255 255 255 0 42 0
    2 203 255 0 0 255 7 255 58 73 112 0 112 255 255 0 255 0 0 0 255 255
    236 255 255 0 255 255 255 184 0 61 0 173 255 255 209 0 177 25 5 0 0
    255 0 255 255 0 0 0 0 255 255 117 255 47 255 0 0 255 0 255 0 206 255
    48 204 0 0 255 0 0 0 0 0 110 69 255 0 0 0 174 255 0 255 0 255 0 255
    0 255 0 0 0 255 0 0 255 0 255 0 125 255 255 0 218 159 215 0 42 0 255
    0 0 255 139 255 209 0 0 255 0 255 0 0 216 0 255 0 255 43 255 255 15
    0 160 0 255 255 255 0 164 0 255 113 0 255 0 255 225 0 144 0 255 238
    255 229 0 185 0 0 255 255 255 255 92 36 0 114 0 0 0 0 0 255 255 0
    255 0 255 0 0 255 239 147 0 0 255 0 0 0 255 255 202 0 0 255 0 255
    255 0 0 0 0 255 255 0 0 0 255 255 255 17 0 252 255 255 110 0 0 255
    255 0 255 0 0 0 0 222 255 0 255 0 27 126 225 255 219 40 0 0 165 255
    255 0 0 255 0 0 0 255 255 0 255 0 255 207 255 255 0 51 0 120 255 178
    255 0 106 116 255 0 147 0 199 255 255 255 0 255 252 255 0 0 168 255
    169 0 255 0 255 0 134 255 255 255 255 255 255 0 0 51 0 255 0 0 152
    255 255 0 255 255 255 255 0 0 0 255 0 0 85 164 0 255 255 0 255 0 255
    0 244 0 0 255 255 255 0 0 0 0 255 0 255 103 255 41 255 184 0 166 255
    108 0 0 255 122 212 255 75 213 255 0 0 183 0 0 31 255 198 0 0 13 0
    255 255 255 0 0 0 255 161 255 0 0 0 255 0 133 255 56 0 255 0 117 0
    182 0 0 159 0 0 255 0 255 0 255 0 0 255 198 0 144 255 94 0 0 255 255
    255 0 0 255 255 255 255 0 255 0 0 255 255 28 255 0 79 0 255 255 150
    255 0 106 0 0 0 0 255 255 0 0 0 0 255 0 255 0 255 0 77 255 255 0 255
    0 231 0 93 45 142 0 0 255 255 255 0 255 0 255 0 255 255 0 122 0 0
    255 255 255 0 131 23 255 0 255 255 255 229 56 255 0 0 0 255 55 255 0
    255 0 0 0 255 0 255 0 133 255 0 0 0 255 0 255 149 255 0 0 0 255 255
    0 255 0 255 0 0 0 0 0 0 211 0 0 0 0 31 255 224 255 255 0 0 0 255 64
    0 255 0 255 0 255 117 0 201 0 124 0 0 255 0 255 255 0 0 0 0 255 0
    255 255 255 0 0 0 255 255 255 255 0 255 255 0 255 0 255 255 255 0
    255 255 78 0 255 255 255 255 0 0 0 219 77 255 255 255 255 216 223 0
    214 255 255 0 0 255 0 255 0 15 0 255 0 255 0 0 255 255 255 106 255 0
    104 0 0 255 0 0 0 255 255 0 0 125 106 255 255 0 0 0 255 140 255 0
    255 0 0 255 255 0 0 0 0 255 255 255 0 0 209 61 255 41 0 151 209 0
    255 0 0 255 255 0 181 0 255 255 0 0 85 238 0 0 0 255 238 106 0 255 0
    107 254 0 0 47 0 0 0 245 255 123 230 0 255 255 255 0 0 36 0 255 255
    118 0 255 145 0 0 255 255 0 0 255 40 78 0 255 0 255 0 255 255 255 0
    255 0 0 255 160 0 198 0 255 0 255 0 255 0 255 255 255 0 126 102 0
    255 0 255 217 255 0 47 255 255 255 0 0 39 255 0 113 255 255 255 0 14
    0 0 0 255 0 255 0 0 192 37 255 0 50 255 255 206 0 42 0 0 0 255 255
    112 248 0 255 255 255 255 0 0 255 0 255 78 255 0 0 255 255 0 0 0 255
    228 0 255 0 64 128 255 255 255 68 0 0 255 0 0 0 0 194 0 255 255 255
    0 65 49 255 0 255 0 0 0 255 255 255 255 144 255 0 0 255 0 255 0 255
    255 255 0 255 0 255 255 255 255 0 0 131 255 0 46 0 255 0 255 0 255 0
    147 0 255 0 49 0 255 185 255 66 186 0 0 0 155 255 59 255 0 0 0 255
    255 132 172 255 183 0 255 65 0 0 0 255 0 255 0 255 255 255 0 0 123 0
    0 0 0 0 72 255 255 0 255 0 200 255 255 50 0 255 255 255 0 0 255 255
    255 118 255 0 0 0 255 255 0 0 255 219 255 0 255 0 18 255 255 255 178
    255 196 203 255 0 0 255 132 255 255 255 112 0 0 0 0 0 255 0 0 0 72
    175 255 92 255 255 0 255 0 0 255 0 255 0 0 104 255 255 0 244 255 0
    255 0 0 0 255 255 255 0 184 0 255 0 255 0 0 0 97 255 0 0 4 255 57
    255 229 255 0 0 255 0 255 0 141 0 255 45 255 255 255 255 255 0 0 0
    45 22 255 9 72 0 255 255 109 255 255 255 0 255 0 0 0 32 255 255 255
    255 0 0 0 255 0 18 0 255 255 0 0 255 255 255 37 0 255 0 255 0 255
    255 195 255 0 255 0 255 146 0 255 255 34 255 255 0 0 0 3 0 0 0 164 0
    0 0 255 0 0 0 255 0 255 255 255 255 179 255 177 0 0 255 0 255 0 222
    255 255 85 62 0 0 0 255 255 255 0 234 0 255 0 0 0 0 0 0 0 255 255
    158 59 255 255 55 255 0 255 255 255 0 255 0 255 255 0 255 20 255 130
    255 94 127 0 163 0 0 0 255 0 255 255 255 249 0 0 0 255 232 197 13
    255 0 0 255 0 237 255 0 0 255 0 255 0 255 0 255 0 255 0 255 255 0
    255 55 140 162 255 231 0 255 0 0 0 255 0 255 0 0 255 255 255 0 0 255
    0 255 255 255 255 0 255 255 255 0 0 255 255 255 255 0 0 0 190 13 22
    0 0 0 255 0 112 255 255 255 0 255 255 0 2 0 0 255 140 0 0 255 255 0
    0 0 255 137 0 255 255 255 0 255 0 0 0 255 0 5 221 250 0 255 255 120
    255 0 255 241 123 255 0 17 167 0 255 255 255 0 0 0 17 0 255 211 0 0
    0 63 0 255 0 35 60 0 0 255 0 0 123 177 0 179 255 161 0 0 255 255 0 0
    242 255 0 255 155 255 255 0 0 0 255 255 255 147 255 95 255 0 0 0 255
    255 255 255 166 167 255 158 0 0 0 255 255 255 0 0 238 0 255 95 0 0 0
    255 142 255 0 27 0 255 255 255 255 0 0 0 182 0 255 255 255 0 0 0 0
    104 0 255 211 0 0 39 255 255 137 255 0 0 155 0 255 255 255 0 0 0 0 0
    255 255 0 255 0 0 180 255 255 116 58 0 213 255 255 255 0 255 222 0 2
    255 0 174 0 255 0 255 255 255 255 0 204 0 0 253 255 255 74 0 255 255
    0 0 255 0 255 0 0 255 255 255 0 255 255 255 0 62 0 0 182 59 0 0 255
    255 0 255 0 0 255 218 255 0 255 0 255 0 255 54 255 255 255 0 36 0
    170 0 255 255 255 255 255 0 208 150 255 0 255 0 255 255 255 0 0 255
    255 189 255 0 255 0 255 0 0 0 255 30 255 0 0 171 255 0 255 30 194
    255 110 255 255 255 115 255 255 0 0 0 255 255 0 0 255 0 255 217 255
    255 0 255 0 255 52 0 255 19 0 0 77 206 255 0 13 0 255 0 117 255 47
    255 255 0 0 12 0 0 0 213 255 255 255 0 0 0 0 255 0 255 0 19 0 255
    255 255 244 255 0 255 255 255 255 0 212 68 251 0 255 128 255 255 255
    255 191 0 255 255 255 255 172 0 0 206 0 109 246 255 0 0 109 255 0 0
    255 139 211 0 255 211 0 0 0 129 0 255 0 255 170 137 255 0 0 0 255 0
    0 255 255 0 0 255 178 42 44 54 0 197 0 0 255 255 0 243 0 234 0 0 0
    255 240 255 0 255 0 255 0 255 0 0 13 160 0 0 255 255 255 0 0 0 0 255
    0 255 0 255 0 255 255 255 0 0 125 255 51 0 176 136 138 0 255 255 255
    0 0 0 255 44 255 0 0 95 0 0 0 255 255 255 255 0 73 253 255 89 255 0
    29 0 255 173 255 116 0 0 0 255 0 255 24 255 52 110 38 0 0 255 255 0
    0 255 255 255 255 0 0 0 0 255 255 255 0 0 104 0 0 0 0 255 84 255 0 0
    0 255 255 255 0 0 0 0 0 255 119 255 185 0 206 0 255 0 255 255 0 0 0
    255 174 0 0 255 255 0 255 0 220 0 100 0 64 255 255 0 0 0 255 255 108
    33 255 255 91 255 255 255 255 0 0 255 0 255 0 255 255 0 0 255 0 0
    221 0 169 0 26 255 161 255 116 255 0 0 0 57 255 0 255 0 255 255 255
    255 255 216 255 0 18 88 0 255 255 0 0 234 0 0 0 255 156 255 255 0 5
    0 255 255 0 57 0 255 255 255 0 255 255 0 0 0 255 254 255 255 255 255
    0 0 255 138 255 0 255 0 255 0 255 0 255 0 255 0 250 255 255 0 0 0
    255 0 255 44 0 184 255 35 0 255 88 141 0 0 255 255 255 0 206 255 39
    0 0 255 255 0 255 0 255 0 0 0 255 255 248 255 0 0 33 255 0 196 255
    255 255 255 226 50 255 0 168 255 0 0 0 0 255 108 166 255 255 239 255
    0 81 0 255 0 255 255 98 119 255 255 9 0 0 0 0 255 255 255 0 0 133
    255 93 255 255 255 0 0 0 255 0 0 0 0 255 0 255 0 255 0 0 0 255 255
    255 255 91 245 255 0 0 255 255 0 255 255 139 0 21 255 255 0 0 255 0
    164 255 145 0 0 0 255 255 0 0 0 255 255 255 52 255 255 0 255 0 0 255
    255 197 108 0 255 255 242 0 230 255 0 0 0 0 255 255 255 255 151 214
    0 0 137 242 255 255 144 255 255 131 0 255 0 255 0 255 0 0 0 255 255
    255 90 0 255 0 0 0 90 255 255 255 255 144 0 0 255 135 255 0 255 0 0
    33 255 204 164 252 255 0 255 149 255 0 255 0 0 0 0 255 0 0 0 255 254
    255 0 197 0 255 0 0 0 255 255 0 0 0 136 143 255 0 204 132 0 255 255
    138 244 255 255 0 0 8 255 114 0 132 16 0 255 255 0 178 0 240 255 255
    0 0 0 255 0 255 255 10 35 192 255 0 255 255 0 0 255 255 119 0 255 0
    7 255 255 0 255 0 69 0 217 255 255 255 235 255 255 0 0 0 255 185 0
    255 255 255 0 0 0 255 255 255 0 0 149 0 255 0 255 0 255 255 0 255 0
    0 0 255 0 255 193 255 0 128 0 255 0 3 0 255 255 181 255 255 254 0
    255 63 255 0 255 85 255 0 109 255 0 0 0 0 255 0 255 0 0 255 0 255 0
    255 255 0 0 0 210 188 255 0 255 255 255 255 0 0 255 0 0 0 210 198
    255 191 0 255 0 255 0 255 94 13 255 0 255 28 0 255 0 255 255 0 0 0
    255 255 231 0 102 255 0 0 50 0 255 0 0 0 255 255 0 0 255 255 255 196
    0 13 143 255 255 255 19 255 255 255 0 255 143 50 0 255 255 255 0 0 0
    0 0 0 0 0 255 255 0 0 0 0 107 255 33 0 255 255 255 0 255 255 0 0 0 0
    255 84 255 0 0 163 0 0 255 255 255 0 0 255 255 0 85 30 255 255 0 62
    5 0 134 245 255 121 93 255 0 255 0 19 0 255 0 126 0 255 255 255 255
    150 0 0 183 255 0 255 255 0 255 0 140 129 255 109 255 0 255 0 255 0
    0 178 255 99 255 41 0 255 43 255 255 255 0 255 255 232 0 100 255 255
    99 0 20 255 255 255 0 0 0 255 255 0 125 0 255 255 75 25 0 0 62 255
    255 0 0 255 255 255 0 0 0 171 255 127 160 0 0 0 255 83 255 255 165
    255 209 0 43 255 0 0 119 255 98 255 255 0 255 156 255 0 0 0 255 255
    185 251 255 255 255 22 195 255 255 0 197 92 169 236 212 0 0 255 97 0
    255 255 255 30 123 0 197 255 255 0 255 155 0 255 155 0 174 0 255 255
    0 0 0 255 0 255 255 212 72 255 181 0 255 71 255 0 255 0 255 0 255
    255 90 255 53 0 255 255 249 255 211 0 29 0 255 192 255 0 0 255 0 0 0
    255 0 0 255 255 0 0 0 255 255 51 255 255 37 0 0 0 0 52 212 203 255 0
    255 0 255 0 255 0 255 196 255 0 255 255 255 255 0 0 255 255 255 12
    255 0 187 73 255 255 255 0 209 0 0 175 255 255 255 109 255 255 255 0
    0 0 255 0 255 255 255 207 0 0 0 0 255 255 255 255 255 0 0 0 39 255 0
    0 222 0 0 255 255 0 255 0 255 0 0 110 196 0 255 255 6 198 0 127 0
    255 255 0 110 0 255 0 255 0 255 255 255 255 255 0 0 174 0 87 0 255
    44 255 255 217 255 0 255 0 255 0 255 0 255 0 61 255 255 255 0 255
    255 255 255 0 255 0 9 0 0 0 255 255 150 0 202 255 91 255 171 168 0
    26 0 0 0 255 0 255 0 151 0 0 255 244 0 255 0 245 255 0 0 255 255 255
    0 0 0 0 0 0 138 255 0 0 0 97 50 0 34 72 232 255 255 0 0 132 212 0 0
    0 0 255 255 0 0 2 203 255 0 0 0 255 18 255 0 255 159 255 0 255 0 255
    0 0 0 255 255 154 255 0 255 0 255 102 139 192 255 0 160 255 0 0 0
    255 0 255 255 0 255 255 255 255 0 0 255 255 0 0 0 0 255 255 0 0 0
    255 255 0 0 0 0 0 0 255 0 173 0 217 0 197 255 172 255 0 255 0 0 0
    175 0 111 0 255 0 0 0 255 0 0 0 255 82 255 0 255 185 0 0 255 255 0 0
    255 255 0 0 0 146 0 255 255 255 255 253 188 0 0 255 255 0 0 255 0 0
    0 0 255 0 0 0 255 255 142 0 255 246 149 0 255 255 0 48 218 0 0 36
    255 255 0 0 255 255 100 255 0 0 255 255 0 0 255 255 255 0 255 0 255
    0 0 255 0 0 0 255 255 150 255 220 0 0 0 42 255 255 0 255 0 255 23
    213 0 255 255 0 93 0 255 155 0 148 255 0 0 255 0 252 0 0 0 0 255 0
    255 255 255 0 0 255 255 42 0 0 245 255 197 255 0 255 36 20 255 0 0 0
    255 0 0 0 255 255 193 0 0 255 255 0 0 0 0 55 0 255 255 255 0 255 255
    255 0 0 0 255 255 255 0 255 0 0 255 0 0 0 185 0 0 255 255 255 0 0 0
    255 0 255 0 54 255 255 0 0 255 255 255 255 255 0 158 255 0 0 255 123
    0 0 255 0 255 0 255 227 255 215 0 255 0 255 0 0 0 0 255 115 255 40
    255 255 0 0 0 70 0 99 0 0 89 255 255 255 218 255 209 210 0 0 76 89
    255 0 255 173 0 0 0 255 255 88 255 0 234 255 255 0 0 237 0 255 23
    216 213 255 0 255 255 0 255 0 255 84 255 0 132 0 255 80 11 0 0 255
    255 102 0 0 255 54 255 114 255 0 255 255 255 0 0 0 255 255 9 0 255 0
    236 233 186 0 255 0 0 180 255 185 0 0 0 255 0 110 62 255 255 255 255
    0 0 255 255 255 255 97 0 0 255 148 255 66 8 0 0 255 0 0 255 0 255 78
    255 255 211 255 255 0 255 174 255 0 255 255 204 0 45 255 255 33 0 0
    255 255 0 0 0 255 255 85 0 0 247 238 161 222 255 0 0 0 255 255 6 255
    0 0 255 255 255 255 191 255 0 0 255 255 252 255 0 88 0 255 0 255 40
    255 94 0 0 255 0 32 0 255 53 144 0 255 255 0 255 0 255 0 255 202 218
    250 255 12 255 0 255 255 255 255 0 255 0 0 0 255 255 255 255 255 0
    19 0 255 0 255 0 255 0 255 88 255 255 255 255 0 255 0 255 255 0 0
    204 255 44 0 0 0 217 255 103 255 255 255 72 0 0 0 255 38 255 180 52
    51 0 255 255 112 0 0 255 255 0 255 135 255 255 255 0 0 85 255 1 255
    255 0 255 0 235 43 255 255 80 255 0 222 0 0 175 255 255 255 105 0
    255 0 255 0 255 255 106 0 0 41 255 0 0 92 51 230 236 79 0 0 255 255
    255 255 83 255 108 255 101 0 0 255 0 201 255 255 0 255 0 0 255 0 0
    204 255 255 0 0 255 255 255 20 255 0 255 6 0 0 251 255 255 255 255
    80 255 0 0 0 165 255 255 255 0 0 255 0 255 0 0 16 0 255 0 255 0 255
    0 0 0 255 0 174 104 0 255 255 255 236 255 133 255 255 132 0 255 0
    255 0 247 255 255 0 234 0 255 0 168 255 0 135 0 255 255 255 255 255
    117 0 0 0 157 255 255 255 0 0 0 32 0 171 255 0 0 255 223 0 0 0 0 255
    255 255 0 255 0 0 0 0 0 255 255 160 0 211 0 255 255 0 0 0 255 255
    255 0 245 255 255 132 255 0 73 0 116 0 255 255 255 255 255 255 56
    255 0 0 255 115 199 255 0 255 0 255 255 40 109 255 0 255 125 0 255 0
    0 255 255 255 0 0 255 255 77 255 255 255 0 0 0 255 240 255 255 16 0
    0 255 255 255 0 7 0 255 0 255 0 158 129 255 0 255 131 255 255 0 0
    161 255 255 103 255 0 178 255 255 0 0 0 255 65 255 255 255 0 0 255
    255 0 0 255 255 0 255 255 255 255 255 255 0 0 0 255 1 230 255 255
    106 0 77 0 255 255 177 255 0 0 132 0 255 255 255 0 255 255 255 0 137
    149 0 0 255 255 0 0 148 255 0 0 214 255 6 0 0 255 0 0 0 255 255 255
    0 0 255 178 255 0 0 255 255 255 0 0 255 72 255 0 255 0 0 255 255 255
    252 0 255 255 181 0 0 255 0 255 255 0 224 133 255 0 255 28 255 121
    255 0 61 0 255 0 255 0 240 0 255 0 0 255 255 135 96 255 73 255 255 0
    0 0 0 255 255 255 255 0 255 0 0 0 0 0 0 103 252 0 0 19 0 255 255 166
    43 255 38 255 0 255 0 255 0 255 0 255 119 255 255 255 0 107 0 255 68
    255 255 0 0 0 255 255 255 0 181 0 0 255 0 255 0 255 0 255 0 0 0 255
    54 200 0 0 0 0 255 0 255 0 255 0 255 80 241 0 0 0 196 0 247 255 230
    255 0 16 255 255 0 46 227 255 255 0 247 0 255 0 0 255 226 220 255 0
    0 255 255 255 0 0 65 185 0 0 0 0 255 187 29 0 255 0 166 49 230 33
    255 0 255 106 0 255 0 255 0 255 0 255 255 146 255 0 255 0 255 255 70
    0 214 0 255 0 255 0 255 117 255 255 0 255 255 0 255 255 70 255 0 244
    0 255 0 109 0 61 255 255 1 0 0 0 255 255 255 175 0 0 50 250 0 255 0
    255 0 255 8 255 255 255 0 0 0 179 60 255 0 255 0 26 255 0 255 0 255
    255 111 0 0 0 255 84 255 0 119 0 255 0 255 0 255 0 255 45 255 12 0
    255 255 255 199 255 0 255 0 255 255 0 0 145 0 255 255 84 0 108 0 255
    255 255 0 255 0 51 0 255 0 255 255 0 0 0 216 0 0 255 255 0 0 0 255
    57 105 0 255 0 255 0 0 255 0 0 0 0 0 255 255 0 0 0 255 0 255 0 255
    125 37 0 16 0 255 255 103 0 0 255 255 0 216 120 157 0 0 255 255 255
    0 255 0 152 0 36 255 0 0 92 184 0 64 0 0 255 255 255 0 0 0 0 255 0
    255 0 0 0 255 255 0 0 0 255 255 255 0 255 0 255 0 255 0 255 232 136
    0 0 0 255 0 184 255 255 255 0 0 0 255 255 255 0 255 91 255 255 0 255
    255 238 255 0 255 255 0 255 244 186 0 255 255 0 0 0 207 0 255 255 0
    0 0 255 71 89 227 0 0 0 0 255 0 0 0 0 92 0 255 255 255 255 0 66 255
    0 186 19 255 0 0 172 255 255 19 0 255 0 49 255 99 23 0 0 0 0 50 173
    219 255 186 255 255 0 0 0 255 255 0 255 0 255 255 0 65 0 192 0 151 0
    0 0 0 0 255 255 255 0 0 255 255 255 0 0 199 255 0 122 255 0 0 0 255
    255 255 255 0 0 0 0 238 255 19 0 144 206 184 0 255 0 255 0 255 255
    50 182 0 0 255 200 104 0 255 255 0 255 0 255 255 255 255 0 0 0 100
    104 90 0 255 234 0 255 255 0 255 241 255 0 255 125 0 188 255 0 0 214
    190 255 255 0 0 0 255 255 177 0 213 0 255 0 255 221 255 0 203 0 76
    96 118 0 0 0 255 255 33 255 0 255 0 255 255 0 181 255 0 255 0 42 122
    169 255 6 0 0 255 255 255 255 0 50 255 255 0 255 0 0 149 0 255 51 0
    143 255 255 255 255 0 0 0 0 4 0 0 255 30 92 0 255 0 255 255 142 255
    255 0 0 200 255 255 0 0 245 0 0 255 255 0 0 255 255 0 122 255 255
    255 0 0 0 255 255 255 0 255 0 0 255 255 0 255 187 255 0 0 255 255
    255 255 255 0 117 0 255 0 105 255 255 0 255 255 255 0 188 0 255 0 0
    165 6 255 0 206 0 255 255 255 0 0 255 109 255 0 255 0 255 0 255 0
    255 0 0 0 255 0 0 255 255 10 0 156 0 255 255 0 0 7 255 105 0 255 50
    255 255 0 231 0 255 0 255 0 255 0 255 255 255 0 255 0 136 255 0 0 0
    0 164 0 255 0 113 255 0 0 0 255 255 0 0 49 0 0 165 0 166 0 0 255 255
    255 0 255 0 255 0 255 255 255 255 115 0 255 255 0 0 255 255 0 0 47
    225 0 255 0 0 0 255 255 255 0 255 0 206 0 157 24 255 255 255 94 188
    255 0 255 0 0 255 255 255 0 0 0 166 0 255 0 255 7 242 0 255 0 0 255
    255 201 49 162 56 0 213 0 255 255 255 0 0 255 255 39 255 0 255 0 0
    255 255 0 42 0 0 155 255 255 0 0 0 255 0 255 24 0 0 255 255 255 0
    174 255 49 255 109 0 140 0 0 255 255 196 0 0 103 255 255 255 93 255
    57 255 0 255 0 255 17 255 0 166 0 0 255 255 0 0 0 0 86 255 0 0 0 33
    214 255 114 0 0 255 255 255 255 255 225 0 0 0 255 255 255 223 255 0
    65 228 255 160 255 0 0 255 0 165 73 0 0 0 255 255 0 0 0 0 140 255
    255 95 97 0 0 0 42 255 255 0 0 255 77 255 5 0 0 0 255 25 255 0 56 0
    255 255 255 0 0 0 255 255 255 255 0 0 40 255 255 0 0 255 255 255 0 0
    0 255 255 63 0 0 255 0 0 255 255 255 241 0 0 0 255 255 223 0 148 255
    255 0 0 0 255 113 255 0 255 255 255 255 255 255 0 0 0 0 255 89 255
    32 255 94 255 0 255 0 255 255 255 255 0 0 0 255 255 0 0 0 255 255
    255 255 0 255 255 255 255 238 0 0 255 255 255 255 0 255 255 213 255
    0 55 255 173 255 0 255 255 255 255 0 255 0 255 255 166 0 0 255 0 255
    174 0 0 255 227 0 255 149 21 0 0 0 0 0 0 255 176 255 255 255 255 0
    114 0 0 255 255 0 255 0 0 0 0 131 0 255 212 255 0 20 0 255 255 0 255
    0 51 0 255 0 255 0 0 98 0 0 0 255 0 0 0 255 255 255 255 255 0 0 24
    227 0 13 255 255 0 237 0 255 11 255 0 0 255 0 255 179 188 255 0 0 0
    255 174 255 0 255 255 255 0 171 255 255 0 129 47 255 0 0 0 0 255 255
    255 0 255 0 255 0 155 0 229 236 255 255 255 255 148 255 217 255 14
    255 0 255 12 255 255 255 0 0 104 0 0 164 0 0 0 255 129 0 0 0 167 255
    255 0 75 0 186 6 0 0 255 53 255 255 0 255 255 255 0 0 225 150 0 0 0
    153 255 0 255 42 255 0 0 255 10 152 255 255 114 80 0 255 212 138 0 0
    0 0 223 122 255 255 255 0 0 179 255 255 255 255 174 0 0 255 255 255
    0 0 0 126 255 0 255 255 0 255 0 92 255 0 0 0 95 31 131 255 0 255 95
    255 0 255 0 157 0 0 0 5 90 0 255 183 255 0 0 255 0 255 124 0 255 255
    255 59 255 255 17 0 0 0 255 0 0 0 255 0 0 0 255 255 0 255 183 255 52
    133 0 0 0 0 255 255 255 0 0 0 155 0 0 255 255 30 255 255 0 255 0 0 0
    255 255 187 0 0 0 177 255 0 255 0 0 0 255 0 175 0 0 255 255 255 255
    109 0 255 38 127 0 0 20 243 255 0 255 0 0 0 255 255 255 0 0 255 255
    255 6 0 0 0 255 0 0 99 255 0 255 0 0 0 255 0 0 0 0 172 0 208 255 255
    0 3 108 255 0 0 0 0 255 0 28 5 0 255 255 255 0 255 0 255 187 255 255
    0 0 0 37 255 255 255 0 255 0 255 0 255 0 0 0 255 255 111 0 0 0 255 0
    255 0 255 0 19 184 208 0 255 0 0 255 150 145 0 255 255 0 255 255 0
    255 0 255 87 255 0 0 0 255 255 255 255 255 200 0 0 0 255 0 255 0 255
    255 255 52 150 0 255 145 255 0 196 124 133 0 39 255 0 0 255 0 255
    255 3 0 0 0 164 255 124 255 0 0 0 255 0 255 255 255 0 0 255 255 0
    255 233 255 255 0 0 211 255 255 0 255 0 100 0 241 255 0 255 0 255
    255 106 0 184 143 0 0 0 255 0 0 0 255 166 255 0 104 0 255 240 255 0
    255 247 255 73 42 255 0 255 255 255 68 0 9 131 28 101 255 255 255 0
    0 187 0 0 255 255 255 0 255 0 0 0 255 255 255 181 0 0 255 76 255 255
    255 0 0 0 0 255 255 255 0 255 255 255 0 255 45 0 255 255 187 85 255
    67 0 95 255 0 3 0 255 0 255 255 255 0 22 255 0 149 255 255 0 0 255
    255 255 0 181 123 255 0 255 0 255 255 0 183 0 0 0 0 171 255 255 255
    248 255 0 68 0 255 32 0 255 0 0 255 255 255 0 0 0 78 41 0 0 0 255
    255 255 255 0 0 255 255 255 0 255 255 136 0 0 0 37 38 255 0 255 0
    255 0 0 0 0 135 0 255 149 0 46 0 60 0 255 255 255 0 0 0 19 255 255 0
    92 77 255 0 0 142 255 255 255 0 255 255 229 0 0 0 0 176 255 255 0
    198 91 255 0 0 255 0 0 0 0 255 0 255 255 199 255 0 255 160 141 0 255
    255 255 0 0 255 255 0 109 255 137 0 227 255 0 224 0 0 0 255 209 255
    255 255 0 255 255 255 255 0 255 0 0 0 255 10 255 255 255 0 36 255 0
    255 255 255 1 0 0 255 255 255 0 255 0 60 0 255 255 76 255 0 0 74 255
    74 255 0 255 0 255 0 0 204 255 0 0 0 255 224 0 0 0 255 255 0 255 0
    255 64 177 255 0 0 18 52 255 255 0 0 235 255 255 0 0 0 255 255 220
    130 255 0 0 150 255 0 255 255 255 0 113 0 255 169 255 0 0 0 0 0 53
    255 255 0 126 0 255 255 0 255 195 225 255 255 174 0 255 255 255 255
    255 255 0 226 0 255 0 0 255 255 0 120 255 191 255 0 255 0 255 149
    171 255 2 0 0 0 0 135 255 0 0 0 255 25 0 255 0 0 0 255 0 176 110 255
    255 89 255 0 242 0 0 0 255 0 0 110 255 0 0 104 0 255 0 255 0 60 0 0
    255 0 255 0 0 255 255 255 69 255 122 0 194 0 255 255 229 0 255 255
    255 60 255 0 255 0 255 0 255 0 255 0 255 0 176 51 255 0 255 0 0 255
    255 1 255 0 255 0 198 0 0 0 0 255 255 255 0 7 255 0 0 255 0 255 0
    255 0 130 255 0 255 0 0 63 0 255 0 0 0 246 255 0 0 0 255 124 255 255
    255 255 9 255 0 255 255 255 255 0 0 255 0 0 0 0 255 255 255 232 255
    0 255 0 0 0 255 255 255 0 0 255 0 0 0 255 0 219 255 255 0 154 0 255
    0 29 0 255 255 255 0 255 0 255 46 255 255 255 0 255 212 115 0 255 0
    255 255 255 49 0 0 114 255 255 0 0 0 165 255 255 0 0 255 255 0 0 0 0
    255 0 0 220 255 0 0 255 255 255 255 0 0 0 255 142 255 0 222 255 255
    255 255 49 0 0 255 255 255 71 0 230 0 0 210 255 255 255 0 0 0 255
    193 255 0 255 0 0 255 0 229 42 28 137 0 255 255 0 75 0 255 255 0 0
    255 28 255 135 196 0 118 0 255 0 99 0 0 0 255 0 255 0 0 0 0 255 0
    255 0 255 0 0 255 103 0 255 255 255 255 0 148 255 90 224 9 255 255
    255 0 212 0 0 0 0 0 255 255 196 131 255 38 107 0 0 0 204 0 0 0 255 0
    191 255 255 0 0 0 255 255 0 0 255 45 0 0 255 255 255 0 255 255 255
    139 255 0 255 0 255 0 0 0 255 0 0 0 255 0 255 7 0 0 183 255 255 83 0
    255 0 255 0 0 181 180 87 255 235 255 0 255 0 0 0 255 0 255 0 255 0
    255 0 255 23 255 255 255 0 17 0 64 90 0 0 255 0 0 0 255 0 0 255 0 0
    0 255 0 255 121 255 255 204 0 0 255 255 255 0 0 0 163 255 63 0 0 0 0
    255 150 255 0 0 247 0 196 0 255 255 255 255 0 28 188 27 0 255 255 0
    255 0 177 0 255 255 252 63 0 30 255 199 255 0 0 0 0 255 255 255 0 0
    0 0 255 255 255 255 174 255 0 0 0 255 255 0 0 238 255 0 0 0 0 255
    255 255 29 255 0 32 0 255 69 255 255 255 0 160 0 255 255 255 0 0 235
    255 255 146 45 255 255 0 255 255 255 0 0 120 255 255 84 0 0 255 189
    255 255 51 0 29 255 255 0 255 255 255 255 0 139 0 158 0 0 0 165 0
    255 255 234 0 102 255 0 0 0 255 0 255 255 255 255 0 0 255 0 255 0
    195 255 255 0 0 255 0 255 0 0 0 255 255 0 0 0 0 0 93 255 255 0 0 0
    253 255 255 0 0 0 255 255 0 255 255 100 0 0 255 0 255 0 180 23 230
    255 40 62 0 255 255 0 0 255 255 0 0 255 255 255 0 255 255 255 13 0
    220 255 255 0 0 255 255 255 255 164 0 204 0 255 255 28 199 0 0 255 0
    250 0 255 255 0 255 0 43 64 47 255 0 0 255 255 0 255 0 255 59 255
    255 0 128 0 255 0 255 0 0 255 0 255 0 71 59 255 28 255 255 255 14 0
    0 0 0 0 195 255 255 255 255 89 255 206 255 0 203 75 196 0 255 0 255
    0 255 52 255 0 255 0 125 209 255 255 0 0 255 255 0 0 66 255 27 255
    220 0 0 255 0 255 255 255 255 255 255 0 217 0 38 3 255 255 0 255 0
    255 0 53 255 255 255 136 169 132 0 0 255 0 94 0 0 0 255 255 164 65
    242 212 255 176 0 0 255 0 255 0 0 209 255 255 0 0 111 0 255 0 16 0
    255 255 0 255 38 171 0 255 255 255 0 255 255 255 0 0 255 0 0 0 255
    255 0 0 12 255 0 237 0 255 0 255 96 0 255 255 0 255 130 255 43 255
    255 0 0 255 0 212 0 0 255 0 0 0 0 255 46 0 60 255 255 255 0 179 0
    255 221 0 0 0 71 0 255 0 111 255 255 0 251 245 43 0 57 255 255 0 0
    107 255 0 221 255 0 255 0 255 255 255 196 0 189 0 0 0 210 255 0 0 0
    0 0 255 255 239 0 0 255 255 150 255 227 255 255 106 0 0 255 255 255
    0 0 0 111 0 255 66 255 0 115 0 255 255 0 0 0 255 254 0 0 0 255 178
    255 0 255 255 255 0 0 0 0 255 0 221 0 255 255 0 0 0 255 255 0 0 0 0
    0 255 0 0 0 0 255 0 255 53 255 0 0 0 255 214 255 255 255 0 255 0 255
    3 255 0 0 248 255 191 0 102 0 255 255 0 255 0 255 0 220 0 255 255
    238 255 0 255 0 255 255 0 0 255 0 0 0 255 109 62 68 81 0 0 0 255 255
    0 0 0 85 255 190 0 187 255 255 255 0 0 255 0 0 255 0 0 163 189 255
    255 0 255 163 255 0 0 57 0 255 255 255 0 0 160 153 255 0 255 167 132
    0 110 173 17 225 0 255 255 255 0 0 0 255 255 255 0 255 255 255 255
    255 0 255 121 255 0 0 255 0 0 0 75 255 255 255 0 13 124 255 0 42 0
    255 0 255 255 255 0 255 0 95 0 255 255 255 0 255 116 0 0 255 255 255
    0 0 99 255 255 175 255 255 0 255 47 255 28 255 255 220 72 255 0 255
    0 255 255 255 255 255 45 56 211 0 255 215 255 0 0 0 255 0 255 255
    197 255 255 192 255 0 97 0 255 8 255 0 0 0 0 0 88 56 255 255 0 255
    212 0 0 0 255 255 0 0 47 255 255 255 0 0 255 188 171 255 255 0 0 0 0
    98 255 255 0 0 255 45 255 255 255 23 0 0 255 255 0 255 0 185 255 0
    255 233 255 88 0 62 0 110 255 255 255 0 0 0 255 255 255 0 0 0 0 255
    0 103 0 248 147 150 230 255 145 255 0 255 88 126 255 113 0 0 0 255
    211 0 255 0 0 255 255 233 255 109 255 255 255 0 0 0 255 255 255 72
    255 158 255 0 133 182 255 0 0 255 255 255 0 165 196 1 0 0 0 0 255
    222 143 0 0 69 244 241 255 0 0 255 0 255 0 0 255 255 255 0 0 0 0 215
    125 255 255 88 99 0 0 255 186 255 0 255 112 255 0 204 255 255 255 0
    0 0 0 255 36 0 0 190 0 0 32 0 255 0 255 0 255 255 0 13 211 255 255 0
    19 0 255 255 0 255 0 0 0 255 255 255 0 255 255 247 0 0 255 255 255
    255 168 0 0 255 255 0 0 255 255 255 116 255 0 143 143 0 255 0 255 0
    255 0 255 0 255 50 255 0 0 0 255 223 255 0 0 0 255 255 131 255 222
    122 0 0 255 255 255 0 255 255 255 78 255 0 0 255 255 255 0 49 0 255
    0 0 0 197 255 255 255 28 0 0 255 0 255 79 0 255 255 255 0 0 0 0 255
    0 255 255 255 0 0 0 255 255 0 255 0 102 8 164 20 199 89 0 0 255 255
    255 255 0 223 0 255 156 0 0 0 255 255 255 0 0 0 255 255 255 255 0 0
    0 0 153 0 255 0 255 89 0 0 255 180 255 49 0 0 0 255 0 101 255 255
    255 127 255 255 255 0 0 255 133 255 0 116 0 4 0 0 255 255 255 0 0
    255 255 255 0 0 0 255 255 216 255 162 239 255 255 161 255 142 0 0
    144 0 0 255 255 0 0 255 255 0 102 0 255 190 255 0 255 255 255 0 255
    255 255 0 255 255 255 0 255 0 194 255 0 255 255 255 255 255 0 0 138
    0 255 255 255 0 0 0 0 0 255 0 255 0 255 0 255 0 0 0 0 42 245 255 255
    112 110 0 179 255 255 125 0 0 255 0 0 0 148 255 114 255 255 255 0
    255 0 255 255 0 0 0 255 11 0 147 255 255 255 221 0 0 0 255 0 0 0 0
    255 0 255 255 255 255 0 0 0 255 0 169 150 255 255 247 94 255 0 0 255
    255 75 107 255 0 0 0 255 255 28 255 255 211 0 0 153 255 106 0 143
    255 255 255 255 0 255 180 149 0 0 0 255 255 255 0 0 255 0 148 255 0
    255 0 255 0 255 31 255 255 0 0 255 255 177 0 23 0 255 0 0 0 255 0
    255 0 255 255 255 255 255 0 0 0 0 0 0 255 255 255 0 0 255 255 46 0 0
    255 255 255 249 255 0 255 0 255 255 255 0 4 255 255 0 0 0 212 0 255
    89 0 0 255 255 144 0 255 255 255 171 0 0 0 0 255 255 255 0 255 137 0
    255 0 50 0 255 0 0 255 0 183 220 255 255 0 9 0 255 255 255 90 0 255
    61 0 0 255 0 195 255 255 0 205 78 255 255 29 80 255 0 0 0 255 255 0
    0 0 255 0 255 255 255 0 0 0 51 0 62 255 75 255 197 52 0 255 0 255
    255 255 255 0 0 0 255 0 255 0 255 0 255 0 217 67 0 0 255 0 164 0 255
    0 255 61 255 255 62 0 184 0 244 0 0 0 224 0 255 121 255 0 255 0 0 0
    0 255 255 255 0 0 0 255 184 255 255 0 0 0 255 9 184 0 255 0 255 255
    255 73 166 0 255 114 255 0 0 187 0 0 255 255 255 0 54 17 201 46 0 0
    187 245 0 0 182 255 101 0 0 255 255 255 170 36 255 0 255 0 0 0 0 116
    255 0 191 0 0 0 255 255 255 246 0 61 255 0 255 255 255 0 0 0 154 255
    255 0 0 255 255 2 0 255 116 255 0 255 255 255 0 0 174 235 60 0 0 111
    255 0 255 255 63 218 0 255 255 0 255 0 63 255 255 231 255 0 0 225 0
    255 255 95 0 255 255 221 255 0 0 213 0 0 255 38 0 0 255 83 0 255 255
    255 255 0 0 0 255 27 255 0 93 90 255 0 0 255 255 255 0 0 0 196 17 0
    255 0 0 40 255 0 173 0 255 255 255 0 0 255 0 255 248 255 0 255 0 255
    144 124 255 158 52 0 255 114 0 197 0 255 20 182 34 234 255 94 0 255
    0 255 255 0 0 0 255 78 255 0 255 255 255 145 255 0 255 0 255 255 0
    255 0 255 0 255 0 93 0 0 0 0 162 0 0 0 255 137 0 0 0 0 255 255 255
    255 255 0 0 255 255 0 255 255 255 0 0 0 255 99 27 0 0 255 255 255 0
    78 0 0 0 255 255 204 255 255 255 0 0 0 0 127 255 255 0 255 218 0 43
    202 0 255 255 255 0 0 44 0 255 255 255 0 0 0 255 0 255 255 83 71 0
    255 255 255 0 0 0 255 187 212 226 24 39 255 51 255 255 133 0 255 255
    255 0 0 0 26 255 236 255 255 51 0 0 0 255 0 0 0 255 189 0 0 0 255
    202 255 255 32 0 132 255 255 0 0 0 0 255 0 203 61 241 255 255 0 158
    0 0 0 255 178 255 0 255 255 0 0 0 255 0 255 0 255 0 255 0 161 255
    255 255 255 0 0 0 255 255 0 0 0 0 255 255 0 0 0 255 0 0 0 255 255
    255 0 0 0 255 255 255 0 255 222 0 0 0 255 255 124 0 255 255 255 255
    255 255 43 0 73 0 255 0 130 0 0 186 0 255 255 255 83 232 255 0 0 0 0
    255 144 255 235 245 0 255 0 0 255 255 255 0 255 0 50 0 51 91 255 255
    255 0 82 0 3 0 181 255 241 0 21 255 0 255 0 0 0 219 255 160 0 249
    255 255 255 6 255 0 0 255 255 0 34 0 255 0 255 0 0 0 0 255 255 255 0
    157 0 255 255 0 83 0 99 255 255 0 0 0 0 255 204 255 0 0 0 247 255
    255 255 210 0 255 0 255 69 102 177 255 255 255 116 0 255 255 255 0 0
    255 255 155 0 27 0 0 255 255 0 0 0 0 41 0 255 158 134 138 93 0 0 255
    0 0 0 96 13 255 0 0 255 0 255 235 255 0 0 255 255 77 0 0 0 255 255
    255 255 195 255 255 0 0 96 185 253 0 255 255 45 0 255 255 255 0 255
    0 255 23 255 0 255 62 0 0 255 0 0 0 255 255 255 0 225 2 0 0 0 0 183
    255 0 77 113 190 255 0 0 0 255 0 255 17 255 255 255 0 255 139 12 255
    255 255 0 130 0 0 255 255 0 0 243 0 255 0 0 0 73 183 255 255 255 116
    0 249 255 0 255 0 168 0 255 3 255 0 0 255 255 255 16 0 0 241 235 255
    0 146 0 255 0 243 83 0 255 0 255 255 255 0 196 0 255 255 0 0 181 255
    255 255 255 34 0 255 245 255 0 0 0 255 62 255 0 255 0 150 176 25 109
    0 240 0 255 0 255 255 83 0 255 0 0 0 255 255 0 0 255 255 255 0 0 0
    255 255 255 255 255 255 0 0 178 255 232 0 0 0 0 174 255 255 0 0 0
    255 161 0 0 255 255 255 255 0 50 0 0 255 255 171 0 0 255 255 255 255
    255 0 0 0 255 193 232 0 0 255 0 255 255 255 255 0 0 255 255 0 0 255
    255 0 19 0 0 255 255 255 0 207 255 0 253 0 255 255 255 0 0 0 255 255
    255 255 0 0 0 0 0 255 255 255 255 255 255 84 0 255 255 209 0 0 33 45
    0 0 0 255 60 255 255 0 0 0 0 105 255 101 0 255 255 229 255 102 255
    64 255 0 0 255 82 255 255 132 255 255 107 255 255 0 0 0 255 96 59
    255 255 255 0 255 0 14 255 91 80 73 255 0 0 255 255 0 255 0 255 0
    255 36 219 255 233 148 0 0 255 255 255 0 0 0 0 0 0 0 0 255 11 255 0
    255 0 0 16 0 241 0 221 0 255 188 255 207 0 255 130 255 255 204 255
    255 61 33 255 255 0 0 36 255 255 255 0 0 0 255 255 255 0 19 0 94 0
    255 0 255 38 255 0 255 65 255 0 255 0 0 0 0 255 213 255 0 0 0 255
    255 96 0 255 255 143 0 255 255 255 0 255 255 255 96 0 0 0 0 255 255
    0 0 0 255 0 242 0 255 0 195 0 255 0 255 140 0 255 0 255 2 0 255 255
    0 0 255 255 123 0 255 37 255 0 255 255 0 0 0 0 255 255 166 255 255 0
    0 0 251 254 0 0 0 0 136 171 255 255 0 0 74 0 0 241 0 0 0 0 37 255
    255 0 182 0 181 0 0 0 213 255 255 121 0 255 255 255 255 137 205 11
    255 0 255 0 0 0 0 0 255 0 0 0 118 46 0 0 216 255 0 0 0 0 0 255 0 255
    255 255 0 0 240 255 0 255 0 255 0 255 0 0 0 0 255 255 82 0 255 0 255
    0 46 0 255 0 255 0 151 0 255 0 255 0 137 195 255 0 255 0 255 255 255
    255 0 0 0 84 19 255 15 255 255 0 0 255 255 56 0 0 162 159 0 20 255
    255 0 0 0 255 255 255 0 0 255 0 0 255 255 0 0 255 255 0 84 0 150 0
    255 0 0 0 0 255 255 255 0 255 255 255 255 255 0 0 255 255 148 0 0 0
    0 255 255 255 255 0 187 255 0 0 255 255 255 255 0 0 0 255 255 255
    255 0 235 0 255 255 255 0 255 0 0 0 16 190 17 0 240 255 42 0 0 86 0
    195 0 0 255 255 255 0 40 255 255 255 0 255 91 255 255 0 0 255 164
    255 255 255 255 77 0 255 0 255 255 0 0 0 82 232 0 255 103 0 0 0 143
    0 255 28 220 0 255 0 45 255 0 255 0 0 0 2 0 255 102 140 255 255 255
    126 255 255 0 226 100 255 0 255 255 255 255 0 0 0 255 0 255 0 84 255
    255 248 255 208 255 0 255 255 236 251 225 255 255 0 0 255 255 220 0
    0 247 255 255 0 0 0 255 255 255 255 255 13 0 11 255 0 255 0 0 37 255
    255 255 0 0 13 255 205 0 0 53 0 0 81 255 0 255 163 255 255 0 0 255 0
    194 255 152 195 0 0 0 43 255 41 255 255 255 255 0 0 0 244 255 21 255
    0 0 185 255 255 255 0 105 0 255 0 90 0 255 0 255 255 0 0 8 255 255
    255 0 130 255 255 0 213 255 186 0 255 255 242 0 255 255 37 255 0 255
    255 0 0 0 255 255 0 0 63 255 63 0 0 0 255 255 157 0 0 11 255 220 0
    255 255 255 0 255 255 255 45 0 255 58 62 0 0 0 255 255 255 173 0 103
    255 255 0 148 16 255 78 255 255 0 0 255 255 255 106 47 202 0 0 232 0
    255 187 0 0 255 255 0 236 255 0 0 0 255 255 255 0 0 36 255 255 255 0
    0 0 255 255 0 0 0 0 255 224 255 93 0 255 0 255 0 0 0 0 255 255 255 0
    255 255 255 0 49 0 255 255 255 0 0 0 0 255 0 255 58 0 0 255 255 0
    186 0 255 255 0 0 255 255 0 0 0 120 255 0 0 113 154 0 255 255 255
    255 255 255 58 0 137 0 15 255 0 0 0 134 255 0 0 0 0 0 255 109 214 0
    255 255 0 252 255 255 255 0 194 0 255 0 0 0 255 255 255 0 0 120 255
    255 0 255 0 255 123 117 255 255 255 0 0 0 167 238 207 255 0 0 0 255
    40 255 0 255 255 255 0 119 0 255 255 255 0 4 255 0 0 234 0 255 0 255
    0 255 0 0 0 0 210 255 0 0 0 255 255 255 191 243 0 0 222 0 255 0 255
    0 120 0 0 0 0 255 255 255 255 0 255 0 54 0 255 127 255 0 255 0 255 6
    255 255 6 0 255 175 255 255 0 255 0 255 0 255 255 0 98 0 255 255 0
    255 0 106 41 0 0 255 255 255 0 255 0 90 0 255 255 255 0 0 255 255
    255 255 0 228 255 255 255 0 0 0 255 255 0 49 255 255 0 0 255 255 255
    0 255 255 70 0 0 255 0 255 163 255 255 255 0 0 0 0 0 202 0 255 0 37
    255 0 255 255 0 22 0 255 129 255 255 0 255 176 255 255 255 255 0 0
    178 255 255 255 0 255 0 0 0 255 255 255 75 255 255 0 0 0 0 0 255 255
    255 199 0 0 0 255 0 255 0 161 245 124 255 255 255 0 255 255 0 255 0
    230 0 255 255 255 0 189 0 112 229 0 162 32 0 255 255 255 18 0 0 0
    146 255 0 0 0 0 0 255 0 255 255 0 255 0 255 163 255 0 0 0 255 255 72
    170 0 255 172 0 0 0 0 255 59 255 0 255 0 0 255 255 0 0 179 200 28
    255 255 0 255 255 255 0 255 255 255 99 255 0 164 0 255 58 255 169
    255 0 255 217 255 0 255 255 255 136 255 0 0 177 0 0 231 44 83 255 0
    255 17 255 255 0 0 205 37 255 255 255 255 0 255 0 255 88 0 64 255
    255 0 0 0 0 165 240 255 0 255 255 255 0 255 0 255 255 0 0 60 0 51
    255 255 255 0 255 0 0 0 0 0 255 255 255 193 255 0 255 255 255 0 5 0
    0 221 118 255 255 255 162 0 255 255 0 0 0 0 52 0 0 168 255 255 255 0
    0 0 0 0 6 255 255 0 0 155 108 255 0 193 154 255 48 0 9 0 0 0 255 0
    255 0 183 255 255 0 255 0 255 255 255 0 0 0 255 0 255 0 0 255 0 0 0
    255 255 255 255 0 0 255 63 0 0 0 255 255 255 0 0 0 244 255 0 0 255 0
    255 0 0 0 255 255 202 255 0 255 255 0 0 255 56 0 0 84 154 255 0 0
    255 63 0 0 231 0 255 70 255 0 255 0 255 0 204 0 255 0 255 0 140 255
    0 255 255 255 255 0 0 0 0 0 255 139 255 255 11 255 0 0 0 75 0 3 0
    255 255 255 255 255 0 0 81 0 44 255 255 0 255 255 255 0 0 120 255
    255 0 255 0 0 255 0 255 0 255 0 255 153 255 0 132 0 255 16 255 255
    255 210 0 0 255 0 0 54 60 58 255 224 0 0 255 188 0 0 255 0 0 28 0
    255 0 122 0 0 0 255 0 0 255 98 255 0 255 255 255 255 41 255 0 185 37
    0 255 0 255 255 255 255 0 255 0 255 119 255 0 35 255 181 0 0 0 0 255
    255 255 0 255 137 255 255 127 0 0 0 0 0 255 111 255 0 166 255 255
    176 165 255 255 196 255 0 25 255 255 0 0 255 0 189 85 255 0 182 44
    205 0 255 12 5 6 0 0 255 255 0 0 0 255 255 255 62 193 255 92 8 0 255
    0 255 255 255 255 0 0 0 255 255 255 0 0 0 255 255 255 0 95 0 255 255
    255 0 0 0 255 255 0 0 0 255 0 255 0 0 0 0 255 255 255 0 18 0 255 65
    0 255 103 146 0 255 255 255 0 0 0 255 83 255 255 179 255 255 255 0
    255 255 0 0 0 0 0 0 255 255 255 222 255 0 0 0 255 10 255 0 0 0 0 0
    255 255 255 0 0 0 255 255 17 255 255 196 0 0 59 0 255 0 255 0 255 0
    255 198 238 255 255 255 0 0 0 181 81 255 121 0 0 255 0 0 0 255 0 176
    0 0 255 255 255 246 255 255 174 33 255 255 255 0 0 255 0 255 255 255
    0 0 95 255 255 174 0 0 0 175 255 0 255 255 255 12 0 98 21 255 0 96 0
    126 255 255 0 195 255 119 157 255 0 255 0 255 0 0 91 255 0 0 212 255
    47 0 0 0 255 97 255 0 255 255 0 110 255 255 181 255 255 40 0 0 255 0
    0 0 224 192 0 255 215 255 183 0 50 0 255 255 255 0 178 0 0 255 255
    255 255 74 0 0 0 19 255 0 180 216 255 255 0 0 255 15 255 255 255 255
    0 0 0 0 255 255 0 255 0 181 0 255 255 138 174 0 255 226 255 0 82 168
    255 0 255 0 255 135 0 0 232 0 255 17 0 255 0 0 255 0 255 0 170 255
    255 161 14 0 0 255 0 255 0 255 0 255 0 255 0 255 0 0 150 255 0 0 0
    255 153 107 255 148 0 0 255 255 255 169 0 195 0 0 41 212 255 255 0
    101 0 255 0 255 0 255 0 255 255 0 0 0 255 0 227 0 181 0 255 0 255
    255 43 0 0 0 0 0 0 0 56 255 255 180 255 66 255 0 255 0 255 0 255 255
    0 0 0 255 255 214 0 0 255 0 255 0 255 255 0 0 0 255 0 10 34 255 0
    255 0 255 0 52 255 255 255 255 0 0 159 255 255 87 0 0 255 190 255 61
    255 59 0 0 0 216 51 204 0 0 255 255 255 255 0 0 255 239 101 152 255
    48 0 0 255 0 0 0 15 46 253 0 255 0 0 255 99 255 255 255 255 255 32
    255 0 255 255 255 255 0 0 255 0 255 0 0 0 255 99 255 255 255 0 0 255
    251 255 0 1 0 188 0 0 170 255 255 255 206 192 255 0 216 0 255 255
    255 0 255 255 0 0 0 255 255 207 255 0 0 255 255 125 0 0 221 255 73
    255 255 255 224 255 160 0 255 0 255 0 255 0 255 0 255 73 0 0 255 0
    255 0 255 0 45 0 187 0 255 0 255 124 255 0 255 255 0 238 0 0 255 216
    0 0 0 0 255 255 0 0 0 255 0 255 0 103 0 255 0 152 168 255 137 166
    183 255 29 31 141 0 121 14 255 255 255 0 255 255 74 0 0 0 0 0 255 0
    0 195 255 0 255 0 0 255 255 0 0 0 255 0 255 69 246 0 155 0 0 255 255
    255 0 0 255 255 166 0 0 255 255 255 255 107 255 255 255 0 0 255 255
    0 9 38 177 0 0 0 0 0 255 202 255 107 255 135 0 193 104 0 255 6 130
    203 64 59 255 255 255 0 117 0 255 255 255 0 0 0 0 255 0 37 0 0 255 0
    35 0 174 0 0 0 226 42 0 162 0 255 124 255 0 255 158 255 255 255 243
    0 255 255 255 0 0 0 0 255 0 0 0 255 255 255 255 0 0 0 255 119 0 0
    255 255 255 0 0 0 255 0 255 192 0 255 255 0 0 0 255 255 255 255 229
    255 25 255 0 255 0 0 0 142 255 0 11 0 148 0 255 173 199 215 255 0 0
    255 255 71 0 0 0 255 0 159 0 0 255 35 21 66 0 0 255 255 255 0 0 255
    255 255 0 255 60 23 0 98 0 255 255 255 255 255 0 255 0 180 0 78 209
    255 255 0 69 66 255 255 255 255 0 0 0 255 255 255 0 255 0 0 255 255
    255 255 0 0 0 138 111 255 255 255 255 0 0 255 3 43 0 255 255 255 0
    49 255 255 0 0 255 255 143 218 0 255 204 255 93 85 0 0 0 255 0 38 0
    255 255 255 125 255 167 0 0 218 255 255 255 0 255 255 255 255 0 0
    255 0 255 0 255 0 255 255 255 251 60 255 208 0 0 255 0 255 0 160 255
    0 0 255 255 255 0 255 138 255 0 0 255 255 255 147 255 0 0 0 245 255
    91 0 0 0 255 255 0 245 0 255 255 255 255 0 255 172 255 0 0 0 64 0
    211 77 255 255 255 0 0 0 255 255 7 154 0 0 255 255 0 0 79 255 255
    206 0 115 0 255 0 0 0 0 0 0 70 255 0 255 255 0 137 0 255 0 139 0 255
    255 255 0 136 255 255 0 255 255 0 0 0 255 255 0 0 0 0 0 0 255 255
    255 0 255 255 255 0 0 145 0 0 0 255 255 255 212 255 255 0 136 0 255
    0 255 255 0 255 0 255 0 255 255 255 0 0 0 255 255 255 255 0 0 0 24
    255 0 255 0 255 0 255 255 0 79 255 46 255 255 0 255 0 45 255 69 0
    255 255 255 0 0 5 255 255 0 255 255 28 0 255 255 255 0 255 67 255
    255 153 255 255 255 255 1 56 255 255 0 140 169 41 255 255 0 0 0 255
    255 255 185 0 0 0 255 0 232 0 255 0 255 0 104 0 0 0 255 255 255 205
    255 0 255 0 0 255 0 255 0 46 0 0 0 255 255 255 93 0 54 255 180 255
    255 255 0 255 0 0 0 0 0 0 228 255 140 255 0 144 0 255 0 255 90 0 0
    255 255 255 0 98 255 0 255 50 176 103 0 0 0 255 0 0 0 255 0 0 255 28
    111 255 255 255 255 0 0 255 255 230 255 255 0 255 0 255 222 255 0
    255 255 0 151 0 255 60 134 0 1 0 112 10 0 255 255 0 0 255 255 255 0
    255 0 0 255 255 0 0 0 255 255 0 0 0 238 255 255 255 0 0 244 0 255
    255 255 0 255 0 255 0 255 255 0 0 255 0 0 0 219 255 246 0 0 0 255
    171 0 61 0 0 255 255 255 0 255 0 255 0 255 131 255 0 255 255 255 0
    195 255 0 0 0 255 255 255 198 255 0 255 170 255 20 2 187 255 255 0 0
    255 111 149 0 0 0 0 255 0 255 255 255 255 0 255 0 255 10 255 0 255 0
    255 0 255 255 0 0 255 255 173 0 0 255 126 255 0 255 0 255 0 255 0
    109 94 255 255 0 0 255 0 255 156 0 255 0 27 0 255 255 0 255 255 255
    0 107 0 255 0 255 0 255 87 255 0 255 205 255 0 0 0 255 0 255 0 0 0
    255 255 255 0 168 255 255 255 255 0 0 255 255 255 255 255 0 255 137
    255 0 255 0 0 0 255 255 124 255 0 61 219 255 0 0 0 255 255 110 0 63
    255 255 255 238 0 0 255 231 0 0 88 0 255 205 255 0 255 0 89 0 255 72
    0 255 255 255 0 54 255 255 0 0 0 255 255 0 53 255 255 0 0 0 255 0 0
    45 255 255 255 255 255 255 0 255 0 0 0 255 0 255 255 0 0 0 255 0 251
    104 146 0 177 255 13 0 0 255 255 203 23 0 255 86 255 0 52 0 255 0 0
    255 255 255 255 0 0 186 255 255 200 0 255 16 84 0 0 0 0 130 255 57
    27 0 0 255 0 0 27 255 90 0 255 0 255 255 255 0 0 255 255 75 255 0 3
    255 29 0 0 0 203 255 255 0 132 0 0 255 0 255 70 255 0 255 255 255 61
    0 255 0 255 255 255 255 255 0 0 0 255 255 255 0 0 0 87 0 0 255 255
    255 0 214 0 164 38 255 188 255 255 0 0 0 255 255 24 255 0 21 255 0
    255 0 255 0 255 0 255 0 255 0 0 0 255 252 0 255 255 167 255 0 255 0
    66 255 255 0 255 0 0 255 101 255 0 255 255 255 255 0 0 0 0 255 0 245
    0 169 255 0 92 0 255 255 43 0 0 203 109 255 255 135 0 0 0 0 255 255
    255 255 255 205 255 20 255 0 5 255 255 0 0 162 88 255 2 255 255 0 0
    0 220 0 0 255 255 255 0 255 0 0 0 45 255 255 255 0 0 172 255 255 0
    255 0 255 0 255 101 255 74 255 0 255 108 0 255 0 255 0 255 0 255 255
    255 0 0 255 255 255 0 0 107 255 255 0 0 0 255 255 255 0 182 0 255 0
    7 165 0 255 156 229 0 159 255 255 255 200 0 129 255 255 0 45 0 0 255
    255 0 255 81 255 255 0 38 0 0 0 255 0 0 0 247 255 0 255 0 140 0 40
    255 255 255 53 0 0 0 0 255 255 255 127 0 255 189 140 136 0 0 0 255
    255 167 0 47 36 0 255 101 198 0 48 255 255 255 0 255 255 255 255 0
    43 19 255 0 0 255 255 255 255 209 184 0 0 255 255 255 49 0 255 255
    255 0 250 0 0 153 0 255 0 0 110 0 0 0 161 255 255 238 255 0 0 0 151
    255 255 255 0 140 0 0 255 165 0 0 0 154 68 235 0 0 255 255 0 0 255
    255 255 0 17 0 0 255 220 0 0 255 165 124 0 0 191 121 0 0 0 255 0 139
    236 255 205 73 0 67 0 255 255 0 0 56 0 35 31 255 120 0 181 0 255 255
    255 96 0 0 0 255 254 91 0 255 255 255 0 0 0 255 221 170 255 0 9 255
    255 0 0 255 0 255 94 255 0 96 255 255 81 0 141 255 0 50 0 255 255
    255 0 255 255 255 0 255 255 255 255 0 233 0 255 255 0 0 0 255 140
    255 255 0 0 0 0 255 255 70 0 17 0 0 255 255 255 255 0 0 0 0 255 255
    255 0 0 255 255 245 0 255 59 255 212 0 0 255 11 255 119 255 0 0 111
    66 0 0 0 255 255 0 0 255 103 255 255 255 0 255 252 0 0 255 0 255 0
    198 0 255 156 220 255 0 139 255 0 255 0 0 255 0 151 0 255 255 255 0
    255 255 255 255 0 0 0 0 182 0 166 0 196 0 255 255 255 0 0 0 0 255
    255 255 255 0 28 0 37 255 255 165 255 0 255 0 255 0 255 0 255 0 255
    0 255 0 255 184 0 0 54 153 255 0 254 0 255 255 0 58 0 255 0 0 197 0
    50 255 151 0 0 255 202 0 0 255 255 255 5 255 0 255 167 255 184 0 0
    255 255 200 99 255 255 99 255 182 255 0 255 255 255 0 0 0 255 255 0
    0 255 0 0 255 255 96 0 0 0 255 255 255 157 104 0 192 0 255 255 255 0
    0 0 255 0 157 255 0 0 55 255 255 255 0 0 0 0 0 255 255 0 37 255 255
    255 0 255 66 255 116 47 0 255 255 0 0 0 229 255 255 0 0 0 255 255 0
    0 0 255 255 255 255 0 255 0 255 255 0 0 255 255 0 0 66 255 123 0 211
    0 0 0 0 0 0 222 0 255 255 255 0 0 0 255 0 255 0 255 0 255 255 0 0
    139 140 255 255 255 0 0 255 255 0 0 0 0 0 80 52 255 87 255 255 52 0
    255 255 255 0 255 255 255 0 0 35 179 255 255 0 0 0 255 0 255 255 255
    121 0 170 90 80 228 255 255 255 0 0 255 255 92 0 0 71 255 255 255 0
    255 255 0 0 0 0 255 0 0 0 0 255 255 255 255 255 0 0 0 255 0 0 0 255
    255 255 56 0 0 255 255 110 147 0 255 255 255 255 0 0 243 255 255 0
    255 108 255 46 0 0 0 30 0 255 0 0 0 56 86 0 255 0 0 0 0 255 255 0
    227 255 255 255 0 0 0 155 255 0 0 0 255 255 255 255 255 255 255 0
    255 0 255 255 255 0 0 255 0 255 0 255 0 0 0 255 0 0 0 255 156 0 255
    73 255 255 255 0 0 255 101 255 0 0 255 255 0 0 0 255 0 255 0 0 0 255
    0 0 255 0 255 0 255 0 255 0 0 0 0 0 255 0 255 0 0 0 255 255 255 255
    255 0 0 87 255 0 0 0 159 0 0 255 255 255 0 170 79 255 0 104 0 255
    252 255 0 2 255 0 0 255 255 255 255 0 46 74 0 0 255 255 255 0 255
    255 255 255 59 7 0 255 13 255 156 0 0 0 255 255 255 255 104 0 33 0 0
    218 255 255 0 255 255 255 35 0 0 0 255 65 255 255 255 197 93 255 0 0
    0 255 255 0 0 0 255 0 0 255 66 255 215 102 255 255 157 172 17 255
    255 0 0 161 255 255 255 0 0 255 0 255 255 255 0 255 255 95 0 0 22 0
    255 215 255 0 0 123 255 255 255 0 0 0 255 255 255 0 255 147 255 0
    255 14 0 0 0 0 0 255 0 255 0 255 16 0 255 0 255 56 198 83 255 0 255
    0 255 0 229 255 255 0 0 0 255 0 255 255 255 255 0 0 0 255 255 0 0
    255 0 6 0 255 0 255 73 0 255 0 255 0 255 255 255 0 0 255 255 255 0
    255 161 0 0 255 255 255 73 65 255 0 0 255 0 0 255 255 255 0 191 255
    255 0 0 0 255 255 255 255 250 0 255 0 255 255 255 255 0 113 192 0
    109 255 255 35 0 255 187 255 255 139 0 255 172 255 0 0 15 0 255 0
    255 153 255 255 255 0 255 0 115 157 255 255 0 239 255 26 255 0 0 0
    255 0 255 255 255 0 255 0 255 37 255 186 0 255 0 255 255 255 255 0
    248 32 255 38 0 237 255 255 80 104 255 0 255 0 184 255 85 162 255
    255 0 0 0 255 196 0 0 0 233 255 255 255 255 0 0 219 57 0 255 0 0 0
    255 255 255 0 255 0 0 0 255 0 0 255 0 255 0 0 255 255 0 0 0 255 255
    0 0 219 255 0 0 0 255 147 59 255 255 0 0 0 255 62 255 255 250 0 0 0
    255 255 0 0 255 0 167 0 0 255 255 255 81 0 255 242 51 145 0 255 0 0
    241 255 255 0 255 255 255 240 0 0 0 255 0 255 0 0 255 227 152 0 176
    140 146 255 0 255 0 0 0 255 255 255 255 255 255 131 0 0 0 0 255 119
    54 0 0 255 255 255 0 255 0 255 255 17 226 255 0 255 255 92 255 54
    255 0 216 0 238 244 0 238 255 255 140 135 178 0 0 255 126 0 0 0 255
    232 216 213 9 0 255 247 255 255 255 255 0 0 255 255 255 0 255 255
    255 255 161 0 255 255 173 0 57 255 255 255 0 0 0 0 146 255 255 255
    53 19 0 255 255 94 0 173 57 0 255 255 255 0 255 0 252 255 255 255 0
    255 0 125 0 207 0 0 255 142 255 255 0 0 0 0 25 255 255 0 255 0 255
    255 255 0 0 0 255 0 0 144 255 255 214 0 255 0 255 194 0 0 255 0 255
    0 255 255 255 94 255 0 0 0 0 251 255 255 0 0 255 0 82 0 231 0 112
    255 255 0 255 111 255 255 0 0 0 194 47 255 255 0 0 0 0 255 255 164 0
    72 255 255 255 0 255 255 61 107 13 255 110 255 0 0 0 255 255 0 255
    255 255 0 221 0 255 0 0 243 0 255 0 255 255 255 255 255 156 0 0 165
    255 0 255 0 255 255 45 0 255 255 0 255 0 226 255 11 255 0 255 0 212
    0 0 0 0 162 255 165 255 0 0 255 255 255 255 0 255 0 0 255 255 0 0
    247 255 144 255 0 0 236 255 135 0 255 0 225 255 255 255 0 0 255 0 0
    255 255 255 161 0 0 0 255 255 255 0 175 255 255 169 78 106 0 0 255 0
    0 0 255 255 0 56 255 181 0 0 255 0 0 0 255 255 238 255 164 0 255 0
    255 0 0 0 0 255 255 251 255 183 255 0 202 255 111 0 0 255 0 255 255
    80 255 85 255 0 171 0 255 230 255 0 0 62 140 255 26 255 0 0 0 0 0
    255 126 255 0 255 49 255 0 0 255 0 255 0 255 80 0 0 0 255 255 0 0
    255 255 255 0 0 0 255 255 255 0 0 255 255 255 255 0 0 0 255 255 255
    255 255 255 170 255 0 0 0 124 0 0 0 255 255 75 255 0 0 255 0 255 255
    255 0 255 0 0 0 255 255 255 0 0 255 0 255 255 255 0 24 255 255 255
    255 0 255 19 255 0 0 0 0 255 255 255 0 0 89 255 0 0 255 0 255 0 0
    231 0 201 255 255 255 255 255 0 255 39 0 31 0 255 255 255 0 0 83 0
    255 46 0 255 199 0 170 255 64 255 0 0 230 255 68 0 48 229 255 255
    255 255 0 0 0 255 0 255 0 255 79 255 0 255 0 255 255 255 0 0 0 255
    255 0 0 255 68 248 225 255 0 221 0 162 0 0 0 0 134 0 0 0 255 182 255
    109 255 0 255 238 199 102 0 0 255 255 255 255 0 255 0 174 0 0 132
    255 255 0 0 0 255 255 249 0 16 0 138 212 255 0 0 0 27 255 255 0 0
    255 0 255 255 85 0 82 110 46 0 255 255 255 255 114 255 0 22 0 255
    136 0 0 184 255 255 0 255 0 0 0 0 255 255 0 255 104 255 159 255 0
    255 255 255 224 0 255 255 0 0 255 0 0 255 255 255 140 0 29 0 247 255
    0 167 88 255 0 0 255 38 255 0 255 89 70 255 255 255 0 0 0 0 255 0 0
    0 255 0 255 93 255 0 0 195 0 255 169 0 0 255 255 0 0 0 179 255 255 0
    129 255 255 0 255 255 148 220 192 0 255 0 255 95 0 0 255 255 81 0 0
    45 6 255 0 141 255 0 255 0 0 0 255 1 77 0 0 255 255 0 255 0 255 139
    255 255 0 0 0 98 255 255 77 0 255 97 0 0 191 0 255 255 255 173 0 255
    0 0 0 255 255 255 255 255 0 8 255 255 255 0 255 0 255 0 255 0 255 0
    255 0 255 0 0 2 0 255 255 0 128 48 168 0 255 255 101 87 149 0 0 255
    255 0 23 255 0 255 65 255 169 41 0 0 255 255 255 0 0 0 102 255 255
    255 0 255 0 255 0 0 0 255 0 0 0 0 255 255 130 0 255 255 255 208 0 0
    255 0 255 255 255 0 0 0 255 255 255 0 255 0 255 8 255 0 0 226 255 0
    107 0 255 0 255 0 255 255 255 255 0 109 255 255 157 0 242 8 255 255
    255 137 0 0 255 255 255 0 255 44 255 0 255 255 0 0 0 239 0 255 58
    255 255 255 135 0 0 255 255 255 45 41 255 0 255 191 255 0 0 0 255
    255 255 255 0 0 0 250 0 0 255 255 0 0 0 0 0 255 255 113 0 0 0 255
    255 219 255 255 255 159 67 255 0 0 0 255 241 0 206 101 0 93 0 255 0
    0 151 255 255 255 0 0 220 255 255 0 0 129 195 255 0 255 0 129 0 0
    255 255 255 0 0 0 0 0 255 255 255 255 0 255 0 255 255 0 0 255 0 255
    255 255 0 0 53 11 164 31 255 255 0 81 20 255 0 255 0 255 255 255 255
    0 0 38 255 0 0 255 0 255 0 255 0 255 0 255 0 255 10 255 0 255 255 60
    0 0 255 188 255 0 35 255 255 0 0 255 133 0 0 0 255 255 0 121 255 0
    164 0 0 255 255 255 247 183 159 255 255 255 186 0 0 255 255 255 0 0
    0 255 255 255 0 0 0 0 135 255 227 226 255 141 255 255 0 108 0 255
    255 255 255 255 255 0 0 0 255 255 255 41 0 255 0 95 0 254 255 255 0
    255 0 202 0 214 0 87 0 255 255 255 0 249 255 239 0 0 255 186 209 0
    255 0 255 255 0 0 0 0 255 11 43 0 0 0 228 0 255 255 195 212 255 0
    255 255 198 255 0 115 0 255 255 0 0 245 0 0 0 255 255 0 0 255 255 63
    0 255 0 16 0 255 255 148 0 255 255 18 255 0 177 0 0 255 255 255 0 0
    0 255 0 255 0 255 160 255 0 255 0 255 0 255 255 255 106 255 255 0 0
    0 255 255 255 0 110 0 0 255 255 0 0 0 159 39 255 92 250 255 0 255
    255 0 43 255 211 0 0 255 154 255 255 255 0 0 0 255 0 255 0 255 255
    255 0 255 0 174 0 255 255 0 255 86 255 0 255 0 255 0 223 0 147 0 255
    136 255 177 104 0 255 255 0 255 0 255 255 179 255 0 0 0 255 92 255 0
    0 0 0 37 255 255 0 180 0 255 162 255 144 255 45 199 0 168 107 0 255
    255 59 0 255 255 0 0 245 58 0 0 255 0 0 185 255 255 0 0 0 10 0 67
    255 255 255 0 0 0 0 255 0 81 0 255 255 240 90 0 16 255 52 255 47 0 0
    255 255 255 0 0 255 0 0 255 175 22 255 255 0 0 255 255 255 0 0 0 186
    100 255 170 238 255 206 20 255 8 255 0 255 0 0 255 0 213 0 255 132
    255 255 0 0 0 0 255 0 77 255 153 0 178 0 26 0 0 0 255 0 255 255 45
    59 0 0 142 255 0 0 255 255 255 0 203 255 0 0 0 0 255 0 149 0 255 0 0
    0 255 255 255 255 64 255 0 167 0 255 0 255 0 255 85 0 0 255 0 255 0
    0 0 249 0 255 255 255 0 0 150 255 53 255 255 255 255 62 255 0 0 0 0
    0 255 8 255 0 255 0 0 0 182 255 255 211 255 0 188 167 0 255 0 0 241
    0 255 168 255 76 210 255 0 0 255 0 0 0 19 243 255 255 6 0 255 255
    255 34 255 0 0 255 95 255 0 255 0 187 0 255 255 255 91 255 147 0 0
    255 255 255 0 0 0 96 255 0 255 0 255 0 13 0 255 255 20 255 255 255
    255 255 0 0 0 255 32 255 255 0 146 0 0 0 255 255 255 95 0 0 255 255
    0 0 255 255 255 0 0 0 0 14 0 255 0 101 255 255 0 0 0 0 255 0 255 255
    255 0 202 255 255 0 0 55 255 241 0 255 0 255 0 255 255 255 0 0 0 2
    255 0 185 0 255 28 255 242 255 56 0 255 255 0 0 199 255 255 0 84 112
    255 0 255 0 255 0 255 0 255 0 255 255 18 0 0 255 236 0 255 255 255 0
    143 0 0 0 255 0 93 0 232 0 0 0 255 203 255 255 255 0 0 255 255 255
    255 0 255 0 0 255 255 0 0 0 185 140 255 255 25 255 0 255 0 255 255
    255 0 0 0 255 0 255 255 255 255 172 0 68 0 74 255 255 228 0 0 73 255
    185 255 0 0 13 98 0 255 255 255 0 0 255 49 69 0 0 0 172 0 200 255
    143 255 0 255 0 255 255 0 255 255 0 0 255 130 168 0 0 0 0 226 0 0
    255 255 255 0 0 51 255 0 255 0 255 163 255 0 255 255 0 255 0 255 0 0
    255 83 0 146 255 255 255 0 0 255 255 255 0 0 110 0 167 255 255 0 0 0
    0 222 255 255 86 0 0 0 0 0 255 78 255 192 255 0 0 255 197 255 189
    231 0 255 0 0 0 198 255 14 0 255 117 0 0 255 0 255 94 0 112 165 255
    0 247 255 255 255 141 90 0 0 255 0 255 0 255 255 255 0 255 255 255 0
    150 44 129 56 132 0 255 35 0 255 0 195 123 0 255 215 255 255 255 255
    123 0 255 255 255 0 0 0 0 255 0 255 255 255 0 255 255 255 0 168 2
    255 0 255 255 255 6 80 0 255 0 211 0 255 255 0 255 68 0 255 251 255
    255 0 0 51 0 255 0 232 0 0 255 0 255 36 207 255 0 0 205 70 255 255
    255 0 0 255 255 255 255 0 0 0 255 255 255 0 0 0 10 255 0 38 255 255
    219 181 0 255 140 0 160 255 255 0 255 0 255 0 223 0 255 0 220 0 255
    0 162 255 255 0 255 0 0 96 255 255 0 0 0 106 0 255 255 255 0 255 255
    255 54 0 0 168 237 0 11 0 255 0 0 255 255 255 0 255 18 255 0 255 197
    0 255 84 255 0 255 255 255 0 255 255 0 0 0 0 0 0 0 255 149 255 46
    255 130 255 255 255 255 0 255 0 0 255 255 255 0 0 255 255 255 0 0
    255 255 231 0 0 0 19 255 0 255 255 0 255 0 152 0 255 0 255 157 0 0
    123 255 173 255 255 48 255 27 0 176 0 255 255 255 0 0 0 255 0 0 0
    255 255 0 255 0 201 0 255 255 46 0 0 99 255 193 255 255 255 0 0 0
    255 255 119 255 0 0 0 255 255 0 0 255 90 0 0 255 200 0 0 43 255 0 0
    255 255 255 101 0 167 7 255 0 107 255 175 167 0 255 255 0 0 0 196
    255 255 124 197 0 0 212 0 255 0 0 0 0 158 255 255 0 0 255 114 92 74
    0 0 0 255 255 0 0 71 255 255 0 255 0 255 0 255 0 255 156 255 255 0 0
    255 255 84 127 0 171 0 0 56 255 255 0 255 0 255 0 255 0 255 21 255 0
    255 255 0 255 255 255 126 255 255 249 0 0 24 0 255 0 132 0 255 30 28
    138 0 0 81 0 0 0 0 0 255 255 255 0 0 95 255 163 255 0 102 0 43 0 98
    0 0 15 0 255 0 185 88 75 182 0 0 177 255 255 0 0 255 0 255 255 255 0
    255 255 0 106 255 0 0 255 255 0 0 0 255 0 0 0 255 255 255 76 255 0
    60 206 255 0 255 0 0 0 0 133 0 225 176 0 255 255 255 0 0 170 255 255
    102 0 119 0 159 87 0 255 94 0 0 111 0 255 255 16 0 0 0 255 255 238 0
    0 255 0 16 10 255 129 213 116 0 0 255 142 0 255 0 0 0 0 255 255 255
    0 0 255 0 255 186 0 255 60 255 0 255 255 205 0 255 93 255 0 255 0
    141 4 255 0 255 126 0 255 244 255 0 254 255 0 0 0 255 255 0 255 0
    112 0 255 255 255 0 0 0 73 0 255 237 110 255 0 0 255 255 255 255 0 0
    255 255 0 0 255 255 255 0 0 0 29 255 0 255 0 0 0 255 255 255 0 204 0
    255 255 255 0 255 0 255 0 0 0 255 255 255 0 240 0 255 0 255 104 225
    255 255 255 255 255 255 255 0 255 0 115 0 255 255 0 0 0 255 143 255
    0 0 0 255 0 0 236 0 0 0 255 0 38 0 255 255 0 255 255 255 0 0 255 255
    0 0 0 255 0 255 255 0 255 0 0 255 0 255 11 255 153 0 255 255 0 255 0
    96 255 0 255 104 0 0 51 255 255 255 0 255 172 255 0 73 0 0 0 255 255
    255 42 0 0 0 30 0 0 0 6 255 0 255 255 255 255 0 0 255 255 0 4 0 0 36
    67 255 0 0 255 255 0 53 41 245 255 0 255 0 0 255 0 255 0 255 0 0 255
    105 255 239 20 255 0 255 255 0 0 0 255 255 255 0 0 0 255 0 255 0 255
    0 255 6 0 186 199 255 0 255 0 0 0 255 255 0 0 0 255 0 0 255 255 0 43
    0 255 207 255 0 0 255 255 0 0 0 0 0 255 0 182 0 11 0 255 255 111 255
    0 0 205 255 199 255 0 255 0 0 0 255 255 255 0 255 21 0 0 0 255 255
    18 0 255 255 0 255 220 0 233 0 143 0 255 255 0 255 255 139 255 112
    255 124 27 242 255 0 255 0 44 0 255 0 0 255 255 0 0 88 255 0 255 12
    33 255 0 255 138 115 255 255 88 0 0 0 0 255 255 0 31 0 51 0 255 72 0
    0 255 0 0 181 255 255 255 0 0 54 0 168 0 0 255 0 255 135 135 255 0
    255 0 255 0 255 255 39 0 0 0 40 255 255 0 0 0 255 255 255 0 0 0 122
    0 255 255 219 212 0 255 255 237 0 255 255 255 164 0 255 0 0 255 158
    251 0 255 0 255 0 255 255 0 0 0 255 255 255 0 255 255 0 255 255 0 0
    0 255 0 255 0 87 0 0 0 87 255 255 255 255 255 207 0 0 0 19 255 0 45
    0 0 255 255 255 29 0 46 255 0 229 255 255 255 0 255 0 255 255 226 31
    0 74 0 255 255 79 0 0 255 255 255 0 0 0 40 255 119 0 0 255 255 255
    255 255 255 255 0 0 114 255 13 0 0 0 255 255 255 0 0 255 136 0 70 0
    103 161 255 0 255 0 255 60 0 255 0 255 255 255 0 0 0 255 255 255 255
    0 0 0 0 255 255 52 44 0 253 255 255 255 0 0 0 255 255 255 0 0 0 255
    255 119 255 32 255 0 0 0 179 158 255 255 255 255 0 0 255 255 255 0 0
    0 0 189 255 255 255 255 0 0 0 255 255 255 255 60 255 0 0 0 255 255
    255 255 246 0 70 35 255 0 0 0 0 255 255 204 255 255 0 0 0 255 255
    255 255 0 221 0 0 255 255 255 0 0 255 52 255 0 0 0 0 255 121 255 255
    255 0 128 255 0 0 249 255 255 0 0 0 0 255 145 255 0 115 0 255 0 255
    0 0 255 255 255 229 150 0 255 255 188 0 0 0 0 243 0 255 255 255 0 0
    0 0 109 0 255 0 255 255 0 255 0 0 255 187 60 255 255 255 246 255 255
    255 0 0 255 255 0 110 0 0 0 0 255 255 255 0 0 0 255 255 255 255 255
    196 255 0 255 0 255 85 255 0 255 0 255 255 50 145 255 0 0 0 255 255
    34 0 147 255 255 5 255 0 255 51 255 112 255 0 0 0 255 255 0 0 255
    255 255 0 233 255 255 0 0 255 255 255 0 255 0 255 0 255 0 255 0 255
    106 0 0 255 255 228 0 0 7 168 255 255 0 0 0 255 255 255 255 255 181
    255 0 175 0 255 33 0 255 211 180 26 0 3 255 176 0 0 0 255 255 0 255
    255 0 255 16 255 255 255 255 174 0 0 255 255 255 0 255 255 255 60
    255 0 0 0 0 255 255 255 0 0 255 255 255 0 0 245 242 134 0 0 177 0 55
    255 185 255 255 0 255 0 255 0 0 0 0 171 255 255 0 0 0 255 0 91 0 255
    255 255 0 0 0 255 255 255 0 18 255 255 255 0 0 0 255 0 0 0 90 0 0 0
    255 0 255 255 217 0 255 0 255 0 255 0 255 23 255 0 255 0 0 255 70
    255 0 182 255 0 0 0 238 255 255 255 0 0 255 255 255 0 205 55 255 110
    255 119 255 0 255 0 255 255 255 124 0 0 0 255 0 0 255 255 0 121 255
    255 255 0 0 0 0 0 0 140 255 0 255 237 12 0 0 255 0 39 53 0 255 255
    255 78 66 255 255 0 0 0 0 0 215 240 0 255 0 255 43 84 255 255 255 0
    184 0 141 0 112 0 23 0 255 255 92 0 151 0 125 0 255 0 255 255 255 0
    255 10 0 0 0 0 255 255 0 103 143 0 0 255 149 255 0 0 255 208 137 0
    255 255 253 255 255 0 0 0 255 255 0 0 255 255 0 255 0 255 0 255 181
    85 0 255 0 0 0 255 255 255 255 0 0 255 0 62 37 255 202 255 22 255 0
    255 255 0 255 255 0 255 0 255 0 255 0 0 0 0 0 184 255 0 0 255 250
    255 255 255 0 139 0 255 255 0 80 255 0 0 255 0 255 0 255 0 0 0 0 38
    98 140 255 255 0 255 0 255 0 207 0 255 255 243 0 0 0 255 23 255 0 0
    0 255 255 255 203 2 255 255 255 255 255 0 255 86 255 222 0 0 255 64
    255 0 255 99 255 255 255 0 0 197 0 70 255 255 0 255 255 255 211 255
    0 0 0 0 0 255 255 255 140 190 0 0 0 0 0 255 255 255 255 87 255 255 0
    0 0 255 255 0 255 0 255 0 25 106 206 255 0 255 255 0 0 142 255 255
    255 0 239 0 255 255 143 0 48 0 255 0 0 0 0 18 255 255 102 23 0 22
    255 169 0 0 133 255 0 0 0 0 255 255 255 14 0 0 255 0 255 255 0 0 0
    255 119 255 0 0 255 78 255 0 0 0 113 0 255 0 255 0 0 0 0 0 0 255 0 0
    207 0 255 0 255 255 255 0 171 255 0 0 0 255 255 255 0 0 255 255 0 0
    187 255 255 0 0 6 255 255 255 0 184 255 0 255 255 255 0 255 255 255
    0 0 0 255 0 255 0 37 255 255 0 255 228 255 0 150 0 0 255 0 255 255
    255 35 182 0 0 0 255 0 104 0 255 255 255 0 0 255 0 255 135 254 0 116
    147 0 0 0 0 0 255 255 0 0 255 6 255 93 21 0 0 216 255 255 0 255 255
    255 70 215 217 255 0 255 255 0 0 0 255 255 255 0 255 0 224 211 55 0
    119 0 0 0 0 0 255 255 0 255 0 0 219 255 255 255 0 0 0 255 97 178 0
    255 0 0 151 255 0 0 0 123 0 0 11 255 153 0 0 0 171 255 0 255 0 0 248
    0 255 255 255 208 0 0 0 255 255 61 0 255 0 0 154 0 0 255 156 255 0 0
    0 255 255 0 0 0 255 0 0 0 255 255 255 0 255 0 0 0 255 195 255 255 0
    0 0 255 130 196 11 255 0 0 0 255 255 255 0 0 0 255 255 0 0 32 255
    189 0 0 0 166 0 191 255 255 0 14 255 255 0 0 0 255 0 0 128 255 0 255
    255 183 0 0 255 255 0 0 255 255 0 0 255 255 255 255 0 255 0 255 0
    255 255 255 86 0 0 255 0 0 214 255 255 255 115 0 13 0 255 154 255
    255 28 0 0 255 214 255 255 226 199 0 255 0 255 255 0 255 0 255 125 0
    255 0 0 255 252 0 255 255 255 0 114 255 255 0 28 0 52 255 90 0 0 235
    255 0 0 5 255 0 255 0 0 255 0 255 25 255 0 25 0 196 255 0 133 0 255
    0 255 150 255 0 0 255 0 0 141 255 255 0 3 255 255 0 59 255 0 0 0 255
    0 255 255 0 255 255 0 0 152 255 255 255 0 0 0 255 255 169 255 174
    255 0 0 0 255 255 255 0 0 0 255 60 5 0 0 204 255 255 177 0 0 0 255 0
    255 151 196 0 198 94 255 13 0 255 255 255 0 255 0 34 0 109 255 255 0
    0 0 255 255 0 0 24 255 255 255 137 158 0 255 54 0 0 0 255 255 255
    255 255 0 167 158 0 234 0 41 255 0 0 0 0 255 255 0 197 0 255 255 255
    27 0 227 227 255 0 0 255 255 255 255 255 255 255 255 0 0 0 255 255
    255 255 255 206 10 255 0 255 0 255 196 0 78 255 137 0 0 255 252 108
    255 0 255 255 252 0 0 30 255 0 255 0 255 233 87 0 0 102 0 255 255 0
    255 255 255 0 255 0 255 48 0 255 0 0 0 0 255 171 0 0 0 255 0 255 0
    235 255 255 0 0 255 0 255 0 0 0 0 255 0 255 0 151 0 255 255 255 0 0
    0 255 0 255 255 255 0 0 255 0 255 255 0 255 0 255 0 0 62 0 255 255
    255 0 0 0 3 255 255 0 0 255 255 255 255 90 0 0 255 49 44 0 255 0 0
    255 137 255 0 255 255 0 255 255 255 0 0 0 0 0 0 132 0 255 255 0 255
    0 0 0 255 255 255 0 255 255 255 76 0 255 255 255 255 0 116 149 255
    255 0 0 44 255 255 255 255 255 255 100 255 89 255 0 255 0 255 0 255
    24 255 255 255 0 255 255 255 255 0 255 0 255 0 255 0 255 0 54 0 255
    69 17 102 255 255 191 0 255 255 255 0 0 0 0 255 0 255 208 255 0 255
    0 255 0 255 255 72 0 0 255 0 0 252 0 255 0 174 255 255 0 255 0 255
    255 255 0 0 255 255 0 0 255 136 133 255 255 255 255 100 255 255 229
    153 0 0 0 0 255 255 0 0 255 255 241 0 0 91 255 0 255 0 0 0 255 0 255
    255 215 0 19 0 255 255 255 184 0 0 255 0 255 209 255 0 255 255 255
    255 0 216 0 242 255 255 0 0 0 255 255 255 0 238 235 255 255 0 0 0 0
    110 255 255 0 0 0 0 255 112 253 0 159 226 0 0 255 0 255 0 0 246 255
    255 255 255 255 255 0 0 0 54 255 255 255 105 0 0 0 255 238 0 255 160
    0 255 22 255 255 255 0 0 0 255 255 255 0 255 86 255 0 255 150 255 0
    255 0 255 255 0 238 182 255 255 0 255 166 0 0 255 0 9 0 255 71 255
    87 0 0 182 255 255 255 255 53 0 145 255 255 255 255 0 0 255 13 255 0
    255 0 173 216 255 0 255 0 0 0 0 0 0 255 255 114 0 0 0 255 61 0 0 255
    255 0 255 192 255 255 255 0 0 0 248 255 151 255 0 255 22 0 255 76 0
    0 255 255 255 0 78 0 5 255 255 255 0 255 137 0 0 153 255 255 0 255 0
    255 0 255 255 255 255 0 0 0 0 75 255 213 0 0 0 0 255 0 255 211 180 0
    120 255 0 12 255 0 169 0 255 255 0 255 255 207 0 0 255 0 0 53 117
    255 255 255 217 0 0 0 0 0 255 255 142 0 0 255 0 255 0 0 0 255 0 0
    255 0 97 0 255 255 0 255 192 255 0 17 0 0 0 255 0 255 78 255 0 255
    255 255 0 0 0 255 171 17 228 255 20 255 0 251 0 113 255 255 0 255 0
    12 0 255 255 0 0 255 0 255 0 255 255 255 0 255 0 255 225 0 255 0 255
    0 0 0 0 22 117 55 32 255 255 243 0 255 0 255 0 255 0 255 0 255 0 255
    0 255 250 0 255 0 255 255 255 255 0 0 0 200 170 6 183 255 0 0 255
    126 255 255 104 255 195 0 255 0 0 0 220 0 255 50 255 107 0 0 255 44
    172 255 255 0 255 0 255 0 0 0 99 255 255 127 0 104 255 253 137 0 0
    121 255 255 8 255 255 0 0 177 255 247 0 0 0 255 255 255 0 145 255
    200 255 0 0 0 0 105 0 122 255 92 0 0 0 0 0 0 255 255 121 0 0 255 183
    255 0 255 0 184 255 200 0 0 0 255 255 255 0 0 0 0 255 0 255 227 0 0
    255 255 255 0 255 255 0 255 0 0 251 0 0 255 0 255 0 255 0 255 255
    255 0 0 249 102 3 0 255 183 255 0 0 0 255 0 0 188 101 255 16 255 255
    0 255 0 255 60 255 0 0 222 255 255 255 0 255 255 215 0 0 255 244 255
    0 0 204 255 104 0 4 255 0 255 0 0 0 255 255 198 15 255 93 255 255 0
    0 255 0 0 0 0 0 255 255 255 0 0 255 77 0 0 255 0 0 0 255 0 0 255 255
    255 0 255 255 255 56 0 86 255 0 255 0 255 255 0 25 255 0 255 0 0 0
    218 255 0 0 255 0 0 0 0 255 255 0 255 0 255 0 0 0 0 255 0 0 255 9
    255 130 255 27 0 0 10 255 255 0 0 0 0 255 255 255 0 0 0 255 255 255
    17 0 0 113 0 0 0 217 165 255 255 125 162 255 255 121 255 121 0 255 0
    255 142 131 255 0 255 0 0 241 0 255 0 255 0 255 64 55 0 0 0 0 220
    255 255 255 0 0 255 255 255 0 0 0 0 0 138 0 0 255 8 255 0 94 255 0 0
    135 255 255 0 0 255 255 192 0 0 255 255 255 255 0 0 255 255 0 0 0 0
    136 255 32 223 0 255 0 0 0 255 255 255 255 0 0 255 195 255 0 0 172
    255 249 160 255 255 255 255 255 0 0 151 255 0 255 255 0 255 177 255
    0 255 0 255 255 255 0 224 0 128 0 255 0 255 48 255 0 0 184 90 255
    255 103 0 239 255 0 95 30 255 0 55 0 255 0 0 0 12 255 193 255 161
    184 255 0 45 0 161 0 226 253 0 255 0 10 0 0 255 0 255 0 255 0 175 0
    0 7 0 255 0 255 255 255 0 255 255 0 0 251 255 238 255 0 179 0 53 255
    61 199 255 255 255 12 0 255 137 255 0 0 0 0 0 255 255 0 0 0 255 0
    255 0 0 0 255 0 255 255 0 82 255 255 0 51 0 232 103 157 0 0 141 193
    70 0 0 0 255 255 255 0 255 0 255 0 0 255 0 255 0 255 0 255 255 255
    69 0 0 0 255 255 255 255 0 0 0 255 132 0 255 0 255 115 255 0 255 255
    255 255 0 103 148 0 255 255 0 0 255 0 255 255 208 216 0 0 255 255 0
    128 0 0 0 255 0 255 255 255 0 255 0 255 0 255 224 255 255 0 255 0
    255 0 255 0 255 0 0 255 255 255 255 0 0 255 16 255 0 255 0 255 255
    255 0 0 0 255 255 8 0 0 255 255 0 0 0 255 255 255 255 19 0 255 255 0
    0 0 255 255 135 255 3 0 0 242 149 250 255 0 0 255 255 0 149 0 0 0 0
    255 255 246 0 0 255 255 255 0 0 0 255 0 53 255 0 255 0 0 0 255 168
    255 0 58 0 255 255 255 79 164 0 255 0 105 0 255 255 255 0 255 255
    255 255 0 0 255 255 46 0 11 255 255 0 255 0 255 0 0 255 255 63 40 0
    255 255 0 255 156 0 255 0 0 255 255 196 255 139 255 248 62 0 0 2 0
    255 0 35 209 137 0 255 76 0 0 255 255 0 0 45 255 0 0 255 255 0 0 0
    255 221 0 0 255 0 0 0 186 255 0 255 26 255 0 255 0 0 0 255 255 255 0
    0 255 255 255 48 0 0 255 255 255 255 255 0 0 0 0 255 0 117 168 255
    255 0 255 0 0 150 220 255 255 255 0 0 0 0 255 0 255 192 94 255 0 0
    255 62 0 0 244 255 0 182 255 0 255 248 149 255 0 0 0 0 255 255 255 0
    0 0 255 255 255 255 0 144 181 0 255 255 255 255 185 255 255 51 254 0
    255 0 0 255 255 255 255 26 0 0 0 255 0 0 255 255 0 0 0 0 255 0 255 0
    0 255 0 255 255 255 28 20 240 175 82 0 24 0 0 43 255 35 255 255 155
    69 65 0 255 255 255 255 255 0 0 10 15 0 229 0 255 248 255 0 255 0 0
    255 255 255 0 255 0 0 0 0 255 255 255 255 255 0 0 0 0 0 255 0 0 0 14
    255 255 255 0 255 185 0 23 255 168 42 0 78 129 255 0 0 0 255 255 255
    0 255 100 0 255 0 232 179 0 0 255 255 0 122 255 255 195 255 255 255
    0 0 45 255 255 0 199 0 255 0 0 0 103 0 80 0 255 0 255 50 255 118 97
    255 255 0 0 255 0 110 255 255 255 11 255 28 0 255 0 255 0 255 255 17
    0 56 0 255 255 255 21 0 0 0 0 255 122 14 24 255 255 255 255 255 255
    0 0 0 0 0 255 248 144 166 255 240 0 0 255 2 255 0 255 255 255 146 0
    0 0 255 0 255 52 255 0 0 0 255 255 85 83 0 255 79 255 2 255 158 0
    255 218 87 190 0 0 255 255 255 0 0 209 0 0 0 0 71 0 229 194 255 0 0
    102 255 0 107 255 255 0 255 0 255 0 152 0 0 255 0 205 0 0 0 255 255
    125 255 255 0 0 176 0 26 0 255 255 255 255 108 255 0 0 0 255 255 0
    255 0 0 255 0 255 255 0 199 0 0 29 255 255 0 0 0 0 100 0 11 125 0
    255 0 0 0 255 255 255 0 143 77 0 0 0 97 255 249 0 212 11 99 255 0 0
    255 0 255 0 0 0 255 255 255 164 255 69 0 0 0 0 0 10 0 255 255 255 0
    255 255 255 255 255 0 0 255 255 255 0 0 0 255 255 255 0 255 12 0 0 0
    0 164 126 255 51 255 0 255 0 255 0 0 0 255 255 176 0 0 255 0 76 255
    56 223 0 146 0 255 0 185 24 0 0 89 0 0 255 202 255 0 0 255 255 0 0
    191 0 255 0 0 255 255 92 255 141 185 0 0 255 255 251 255 0 89 0 0 0
    0 0 255 0 53 255 0 255 234 0 0 0 255 0 0 152 0 255 255 0 0 0 45 255
    255 175 0 156 0 255 82 0 0 0 255 255 255 0 0 0 0 133 255 22 255 0
    255 0 255 0 0 0 0 255 255 255 0 171 255 255 255 0 0 0 0 255 78 229 0
    53 0 255 0 41 0 255 170 170 124 255 0 0 0 255 255 0 0 0 14 255 0 255
    0 237 0 255 255 177 0 16 0 163 255 0 19 245 100 0 255 0 255 0 255 0
    44 255 255 0 0 63 233 255 255 37 0 98 0 0 255 0 0 255 0 136 0 36 255
    142 0 0 255 255 235 255 0 0 0 0 255 11 255 0 255 255 255 255 0 0 75
    255 92 219 0 0 255 0 116 0 255 255 255 0 0 255 255 0 255 0 0 0 255
    255 0 0 0 46 255 0 255 0 0 255 0 255 226 0 0 255 37 255 0 0 255 0
    255 210 16 0 255 0 255 255 0 0 0 255 25 255 10 0 0 255 255 0 0 255
    255 255 0 251 0 255 0 255 0 255 0 255 0 0 255 202 255 255 255 0 255
    255 0 107 68 255 0 255 255 255 66 0 0 0 255 16 79 75 0 255 0 223 255
    123 255 0 255 13 255 255 134 255 255 0 0 255 0 255 0 0 255 6 255 255
    0 0 0 255 255 0 0 255 176 255 43 0 89 0 255 0 107 0 255 49 35 255
    175 255 0 0 255 255 255 255 255 0 0 0 176 255 255 255 113 255 0 121
    0 0 0 255 255 255 0 0 255 255 255 255 255 255 0 0 0 72 255 255 0 0 0
    0 255 155 0 255 255 255 0 255 0 255 0 235 255 255 0 255 101 255 0
    255 255 255 255 0 0 255 182 92 0 255 0 146 91 255 255 255 0 0 0 66
    171 0 255 47 255 150 255 13 255 46 0 255 0 255 255 0 0 0 0 156 255
    255 255 0 255 0 86 0 255 0 0 255 234 0 0 114 0 0 0 255 255 0 0 0 100
    0 255 255 0 0 93 159 255 255 255 0 255 0 255 0 114 0 128 0 255 255 0
    0 255 0 0 72 255 178 255 0 255 255 255 0 188 0 255 0 255 94 255 0 72
    0 255 223 0 255 0 0 0 255 255 255 0 242 82 0 255 0 255 144 255 0 255
    255 255 0 216 0 255 200 0 241 0 255 0 0 0 255 255 160 0 0 0 0 212
    223 0 0 0 25 255 0 255 0 255 0 212 255 0 255 0 158 0 48 0 177 95 255
    255 255 255 7 245 116 0 143 0 255 0 255 0 253 2 255 69 255 157 255
    255 0 0 118 255 176 255 0 105 0 59 255 0 255 255 0 0 0 0 255 255 255
    255 255 255 0 36 0 181 75 0 0 192 255 255 255 255 0 0 131 255 41 0
    255 255 255 0 0 146 255 255 0 0 0 255 255 173 255 0 255 255 179 255
    255 0 0 0 255 255 255 0 0 255 255 255 0 0 253 255 0 255 0 255 0 0
    216 0 255 170 255 0 0 255 142 255 228 255 231 255 255 255 127 0 255
    0 0 0 255 255 255 0 0 0 0 0 193 14 255 0 0 255 0 255 0 255 33 0 0
    255 255 255 255 0 0 221 0 181 255 246 255 0 255 0 174 0 255 0 62 255
    255 255 255 218 255 255 255 36 0 0 0 0 255 0 255 255 0 255 69 255
    213 50 0 0 57 0 255 29 255 0 0 255 255 0 92 148 255 0 255 0 255 0
    255 0 255 0 255 195 255 0 0 231 255 255 0 0 172 255 255 255 255 138
    0 255 0 0 255 255 0 17 0 0 255 255 255 255 255 0 0 0 197 255 0 255
    255 0 0 255 255 255 255 0 255 0 255 0 0 0 255 255 255 43 0 0 0 255 0
    255 0 0 0 0 255 255 255 255 255 200 0 121 255 0 195 255 0 0 0 255 0
    255 0 255 0 0 0 255 255 255 0 255 255 163 0 0 136 128 255 255 0 0 0
    255 255 255 0 255 147 255 255 0 255 0 0 61 255 255 255 255 0 0 0 255
    255 255 112 190 255 255 142 255 255 0 241 29 188 0 80 255 255 239 0
    255 255 0 255 242 255 0 255 0 0 96 85 0 255 255 22 0 0 255 0 255 25
    255 0 0 86 0 255 255 0 0 0 0 143 255 255 196 0 0 255 255 255 255 255
    0 58 255 228 18 0 255 255 255 255 189 255 243 255 0 0 255 149 255
    255 0 0 0 203 0 255 0 200 133 0 255 255 255 0 0 217 255 0 207 255 0
    255 30 255 255 0 156 255 84 182 255 255 0 0 0 0 255 255 197 0 0 163
    30 0 255 0 41 114 255 255 0 255 0 255 0 23 0 255 255 255 0 212 246
    255 255 255 0 255 67 255 79 255 0 0 0 213 0 130 88 255 255 0 0 255
    255 255 202 0 0 255 255 250 255 213 255 62 0 23 13 255 0 255 229 255
    207 0 0 0 130 255 59 0 0 255 87 255 0 0 0 255 255 0 255 194 255 0 0
    0 255 255 255 123 255 138 255 86 70 139 255 0 0 0 124 255 223 255
    136 255 255 255 255 0 255 0 255 0 255 0 255 119 255 0 255 0 88 0 255
    0 0 224 0 0 255 0 26 0 232 208 255 0 255 0 0 0 36 0 255 255 0 221
    255 255 73 0 0 255 0 255 0 255 0 255 0 255 0 255 0 216 255 0 0 255
    255 255 0 168 19 255 0 0 0 255 0 100 0 255 53 39 0 255 255 0 255 255
    255 0 0 255 0 255 0 255 255 47 0 255 255 255 0 255 0 255 0 0 0 255
    255 255 255 255 0 0 0 255 144 255 228 0 79 0 191 0 58 255 255 246
    242 0 0 0 255 255 255 0 24 0 124 13 255 0 0 255 223 255 102 0 0 239
    255 0 0 0 255 161 0 230 143 0 99 67 0 255 255 204 0 0 255 255 249 0
    0 219 255 0 255 0 43 255 0 223 0 255 225 101 228 0 255 0 255 255 255
    34 255 0 255 255 161 255 0 175 255 255 230 0 255 0 255 0 162 0 255
    240 255 172 0 255 255 145 0 0 0 234 0 255 255 255 255 88 0 0 0 0 255
    44 255 0 49 0 0 0 255 255 255 0 255 0 0 0 208 0 255 0 109 201 255
    255 255 0 0 255 255 255 255 0 255 89 255 0 146 0 255 0 255 70 0 255
    37 255 255 0 0 0 0 0 255 0 0 0 255 255 0 0 0 255 0 33 0 255 104 0
    255 222 255 255 255 255 0 24 154 0 0 255 255 0 0 173 255 0 92 0 255
    0 80 255 0 0 255 255 240 0 250 223 255 0 174 0 99 255 104 0 0 255 0
    255 0 0 0 255 0 15 0 255 0 0 0 255 126 255 0 253 0 0 255 255 76 0 0
    197 0 255 0 27 0 255 255 0 0 255 0 255 0 0 127 0 181 241 255 0 255
    255 40 0 0 197 255 0 255 255 0 0 255 58 255 0 217 0 255 0 255 0 255
    33 255 255 255 0 140 255 255 189 195 0 0 124 0 255 142 255 0 0 0 0
    255 255 102 255 0 255 255 255 255 255 255 255 0 255 255 0 172 255 66
    255 0 85 0 0 85 255 74 50 0 255 0 0 0 0 174 0 255 255 47 196 0 255
    255 27 0 0 174 255 255 0 0 255 0 255 0 255 255 255 0 0 0 255 255 255
    102 40 255 255 255 255 0 0 255 255 0 25 255 255 255 0 255 0 255 0 0
    167 0 255 0 201 0 221 255 255 0 255 255 0 0 255 255 255 0 0 0 255 0
    255 0 255 74 0 0 0 255 255 255 255 0 229 0 255 0 188 0 0 0 255 255
    222 234 0 255 255 255 0 0 255 68 255 0 255 0 255 111 145 255 0 255 0
    0 241 255 0 0 255 0 255 255 255 255 0 0 250 0 255 0 255 0 0 82 255
    172 0 218 0 41 6 255 0 0 0 86 0 0 0 255 0 255 148 255 0 255 0 255
    255 0 177 0 255 255 97 8 255 202 255 0 0 0 255 84 0 255 141 255 0
    151 0 0 0 255 0 102 0 0 0 0 0 255 255 0 255 227 255 0 0 0 0 255 151
    0 255 255 255 0 0 255 255 215 0 0 0 255 0 0 0 241 255 255 136 255
    255 255 0 138 0 0 255 255 255 0 0 0 194 0 0 255 127 0 0 0 255 255 0
    199 255 18 0 194 6 0 255 255 0 0 255 255 255 75 255 255 0 0 106 53
    44 0 255 255 255 0 0 0 0 0 167 255 255 0 0 4 44 255 18 0 0 0 255 255
    255 255 0 255 104 255 0 255 0 0 0 0 255 255 255 255 64 48 69 0 0 255
    220 255 0 255 255 0 246 155 255 255 255 0 0 0 255 0 255 224 255 0
    238 0 255 0 255 219 255 255 215 255 0 255 255 255 0 0 0 255 0 255
    255 0 0 0 255 255 0 0 0 200 0 16 143 255 0 0 0 255 255 0 0 255 255
    255 0 0 0 255 255 0 195 255 255 255 0 92 255 0 0 0 0 255 255 255 0
    255 255 125 255 0 0 0 255 255 0 76 255 183 255 86 0 0 0 255 255 0
    255 255 0 0 0 255 255 255 255 255 0 0 0 32 255 0 4 0 255 255 255 0
    255 255 255 0 0 89 255 255 255 86 255 29 0 255 255 255 0 255 0 0 255
    255 0 75 0 255 0 0 232 0 255 175 251 0 68 125 255 0 0 0 255 255 255
    255 255 0 0 255 255 0 255 255 255 0 0 255 255 0 0 208 0 255 83 255
    255 210 0 255 132 255 0 255 236 255 150 255 0 255 0 255 0 255 0 0
    131 255 255 255 255 0 255 0 255 255 255 255 28 0 255 255 85 255 148
    0 214 0 255 0 255 255 0 0 151 0 0 255 0 0 0 255 255 98 255 255 0 0
    255 255 255 0 0 0 42 92 159 0 255 255 212 255 0 255 0 255 0 0 0 0
    255 255 0 0 108 255 8 101 0 0 0 57 0 82 0 255 0 255 0 255 0 255 202
    255 0 255 255 0 255 0 142 255 0 0 255 0 0 0 255 255 195 214 197 255
    255 255 91 0 0 255 0 255 43 255 175 44 0 0 155 0 122 41 255 177 0 0
    0 167 0 255 255 255 255 255 74 255 0 255 0 255 249 0 255 0 99 0 175
    255 0 255 0 255 50 255 0 0 255 0 141 0 255 220 255 225 255 0 0 38
    255 0 255 255 0 255 0 0 0 255 248 255 0 0 0 255 255 255 255 0 255 0
    0 0 0 255 255 0 255 0 255 0 255 109 0 0 0 255 0 0 0 0 255 255 255 0
    0 0 255 14 0 255 0 255 0 63 255 0 152 199 0 255 255 255 0 255 0 0
    255 0 79 0 255 139 0 0 255 255 0 255 182 255 255 0 0 0 0 255 255 0
    255 0 0 0 0 255 255 148 0 100 239 255 0 0 255 0 0 255 226 24 0 0 255
    0 0 77 255 255 255 255 127 255 14 11 66 176 0 219 164 255 255 255
    255 0 0 255 0 255 0 255 0 0 0 80 0 158 255 61 97 0 255 54 0 0 0 255
    187 255 255 0 0 0 255 0 255 0 0 99 255 255 0 0 255 0 0 36 255 255
    255 0 0 0 255 255 255 0 255 227 0 0 0 0 0 39 255 0 0 25 0 255 0 255
    255 255 0 25 0 5 0 255 189 255 255 205 255 255 20 0 12 0 255 255 207
    255 0 0 0 0 0 255 255 255 255 0 255 0 0 76 0 255 117 255 91 255 255
    255 0 0 188 0 255 255 255 133 0 0 255 0 0 255 190 255 0 255 0 255
    255 255 0 0 255 0 255 255 31 0 0 255 0 255 0 0 66 255 255 255 112 0
    255 65 0 0 0 255 255 255 0 255 155 255 29 143 0 255 231 255 167 0 0
    0 255 255 31 255 0 0 0 255 249 246 52 125 158 0 3 255 255 255 0 0 0
    80 0 0 255 255 0 0 255 255 0 255 0 220 0 255 0 98 0 255 255 255 0
    255 0 255 255 255 218 255 0 0 0 255 3 0 0 255 255 255 0 255 255 0 0
    0 255 0 0 0 168 255 255 0 0 0 255 255 250 0 255 255 180 3 255 255
    255 0 0 8 0 0 0 255 0 255 32 255 0 0 0 255 0 52 0 23 0 0 0 217 255
    179 255 255 183 61 169 235 0 0 191 0 0 255 255 255 59 0 14 0 255 0 0
    255 255 74 246 0 255 255 0 0 0 91 0 80 0 255 81 255 255 255 255 0
    255 143 0 66 67 114 255 255 15 230 255 255 0 255 255 210 0 255 224 0
    167 240 255 0 0 255 0 0 255 198 0 255 0 97 0 0 75 0 0 0 60 255 255
    255 0 0 0 255 133 0 0 255 255 25 0 0 0 0 255 255 255 0 255 0 255 165
    255 0 0 0 47 255 0 255 255 255 0 255 0 255 0 255 0 255 0 255 255 255
    255 219 0 0 0 151 0 0 255 255 0 0 0 255 0 0 0 255 0 0 0 0 0 255 0 0
    255 255 255 0 255 255 0 0 0 0 255 0 13 0 255 255 244 255 0 0 0 0 255
    255 255 255 0 98 0 0 255 255 0 0 0 0 255 255 21 255 212 0 0 255 255
    255 0 255 125 147 255 255 186 0 6 255 255 0 0 0 0 0 255 255 255 0
    255 0 255 0 0 0 0 0 255 0 255 255 0 255 0 255 139 255 255 0 217 0 0
    255 255 255 63 0 255 90 255 180 255 0 0 255 255 255 0 255 0 255 255
    0 0 255 255 55 255 255 255 173 255 0 1 255 255 209 177 0 0 183 73
    238 255 157 255 0 255 255 255 255 255 0 0 255 255 255 237 69 0 0 174
    0 218 0 255 230 255 0 0 110 255 255 0 212 171 0 255 0 0 0 255 0 255
    255 142 0 0 0 255 255 0 0 255 178 0 255 0 255 0 103 0 255 255 255 0
    255 0 0 173 92 255 153 0 255 0 255 255 255 0 0 0 255 151 255 255 0
    255 255 253 0 0 235 168 255 0 68 0 255 255 0 0 0 151 209 0 188 0 132
    0 234 255 255 0 0 175 255 255 255 0 255 42 255 0 0 8 0 0 0 255 255
    127 255 0 9 255 128 255 32 255 255 243 208 0 0 255 255 255 255 255 0
    0 0 0 230 255 134 255 0 50 0 255 255 255 255 255 255 92 255 255 185
    0 0 255 255 0 255 255 255 235 0 0 255 255 255 123 0 0 0 255 255 255
    255 0 255 255 0 0 0 255 0 255 255 0 255 0 214 156 255 0 255 107 255
    0 0 255 255 0 0 206 56 255 255 255 0 235 114 170 255 255 173 52 0
    211 255 0 149 0 0 0 255 255 255 0 255 255 255 0 255 0 255 255 0 255
    0 255 0 0 66 78 0 255 255 255 0 0 0 255 255 255 0 0 0 255 255 0 144
    0 224 255 255 0 255 0 0 0 255 255 163 255 255 183 0 0 255 109 48 0
    255 224 0 255 118 0 0 70 0 69 255 255 255 0 255 57 0 8 174 109 120
    118 255 255 255 255 0 0 0 101 0 255 151 255 255 255 0 0 0 255 255
    255 0 255 0 0 0 255 0 0 0 255 0 255 6 255 255 0 0 0 100 255 255 255
    0 0 0 255 255 0 255 126 255 255 255 255 0 0 0 215 255 255 0 0 0 0 0
    0 255 255 255 0 0 38 43 255 255 255 255 255 3 255 255 0 0 255 255
    255 255 255 255 255 0 0 255 255 255 90 0 0 126 0 255 0 0 0 0 255 0
    255 0 255 33 0 255 255 0 0 255 107 255 255 255 0 255 255 255 255 255
    141 255 0 144 150 0 255 120 255 0 223 55 0 255 255 195 255 185 255 0
    255 255 255 0 255 0 255 0 0 0 255 255 255 255 255 17 0 0 0 0 255 0
    255 255 255 0 0 255 90 4 0 255 255 255 148 0 0 28 250 0 90 255 92
    255 255 0 85 255 255 255 14 0 255 0 0 0 0 255 0 12 33 168 0 255 0
    255 0 255 175 0 0 0 255 0 216 75 0 255 95 255 255 255 225 0 0 0 255
    196 255 180 255 0 154 0 197 0 255 255 255 155 255 219 0 0 255 255
    255 206 160 0 255 28 65 125 235 255 36 0 255 0 255 255 59 255 0 0
    255 0 255 255 255 255 230 255 0 0 255 0 255 0 0 0 255 255 255 0 0 0
    255 96 255 81 214 251 255 255 175 0 0 255 37 0 255 67 255 255 0 255
    255 255 255 0 0 255 255 255 0 255 0 0 255 7 255 0 101 255 0 0 0 255
    255 236 255 0 121 53 255 141 0 0 255 255 255 0 0 255 255 28 0 0 255
    255 129 0 255 0 255 0 112 0 0 255 255 255 0 255 0 246 0 33 0 129 35
    255 255 255 0 0 0 255 255 11 168 119 255 255 255 0 255 255 255 0 255
    0 255 116 119 0 255 0 0 0 255 0 255 0 255 255 0 0 5 255 0 83 223 255
    255 255 0 255 255 255 0 255 117 255 0 0 0 2 255 255 255 255 165 0
    255 0 0 227 255 255 0 0 12 255 255 255 0 0 255 0 255 255 127 176 57
    217 0 0 255 255 255 0 213 0 255 255 0 0 127 255 27 0 255 242 255 255
    105 0 0 255 10 255 218 255 209 219 0 116 0 22 255 255 0 255 0 0 0 0
    255 141 255 0 245 255 255 0 140 0 106 255 0 255 0 0 0 255 255 202 44
    0 0 34 194 255 0 55 0 79 255 0 255 167 255 0 255 255 0 0 0 0 255 0 0
    255 255 255 0 0 0 188 255 0 0 0 197 58 10 27 255 0 255 255 213 151 0
    0 255 140 0 0 255 149 255 0 255 255 0 0 169 255 0 255 0 255 0 46 46
    255 53 255 215 255 0 0 0 255 202 255 0 255 155 83 0 128 55 255 0 255
    0 153 255 159 255 255 255 0 255 47 255 255 226 0 0 255 255 255 255 0
    0 255 0 0 0 255 255 250 0 0 255 255 198 28 255 0 255 0 255 0 250 0 0
    189 255 0 255 234 0 38 4 255 0 0 0 255 156 0 255 0 255 0 162 119 255
    24 0 0 2 227 255 255 0 82 255 0 0 0 255 0 0 0 0 126 0 0 0 255 255
    255 255 241 255 16 255 255 255 0 0 0 209 255 0 15 0 0 255 255 255 0
    255 217 255 237 255 78 255 170 0 0 255 245 101 0 255 255 91 0 255 0
    0 255 255 0 0 0 255 255 255 255 0 0 17 179 255 255 0 168 0 2 0 22 0
    239 0 0 0 56 255 84 43 13 255 0 70 255 8 255 0 255 91 0 0 255 39 255
    12 0 255 255 0 221 0 0 0 255 255 0 255 0 255 0 0 255 255 255 0 0 0
    21 255 255 0 0 111 0 255 209 189 0 178 189 255 255 255 0 0 255 201 0
    0 0 255 0 255 244 0 0 0 255 255 255 79 255 255 0 10 0 255 0 0 255
    255 255 0 255 0 255 34 255 255 9 159 0 255 0 255 0 255 47 255 0 255
    0 0 255 0 255 0 32 255 0 32 0 0 0 0 255 255 58 0 41 153 255 0 255 0
    255 118 194 0 0 0 0 90 0 0 0 88 0 0 0 0 125 255 0 119 0 0 0 0 177 0
    255 0 246 159 255 0 218 255 31 255 0 255 0 0 136 255 255 89 0 0 59
    255 255 225 255 255 34 255 0 0 255 255 255 0 122 0 255 0 255 255 255
    255 255 255 0 0 255 71 0 191 32 219 255 255 255 0 108 0 255 0 0 0 0
    0 255 0 0 0 255 255 9 255 51 255 0 228 0 255 255 255 0 0 99 0 14 255
    0 0 147 255 151 0 255 0 255 0 255 161 195 0 255 255 255 229 255 0 55
    255 0 255 0 35 0 0 0 255 0 0 0 255 255 255 0 255 0 255 0 255 79 255
    36 181 0 0 255 26 104 0 255 0 95 38 0 255 255 249 255 0 0 0 37 255
    119 0 0 0 255 255 0 0 255 255 183 0 255 255 196 0 255 94 157 0 0 0 0
    255 255 255 255 0 255 0 255 0 0 0 96 0 255 0 255 0 0 255 0 0 0 73
    255 0 255 255 255 255 0 255 154 255 126 0 0 0 255 255 0 187 0 255 82
    0 69 48 255 0 0 0 0 255 0 255 255 0 255 0 0 0 255 255 43 255 0 0 255
    255 255 0 255 108 255 92 244 0 255 0 255 0 0 255 0 123 93 0 0 255
    255 0 255 255 141 99 255 255 208 255 0 0 255 255 0 136 255 0 0 255
    187 0 0 255 0 48 0 232 232 178 0 145 0 255 0 255 0 255 0 255 255 255
    0 0 255 0 0 0 0 255 255 255 255 237 255 118 0 0 0 0 255 255 255 255
    255 144 0 0 176 0 35 255 177 255 0 86 0 255 0 0 246 0 255 0 38 255
    255 174 234 0 76 255 0 11 0 128 255 255 255 81 0 0 255 0 0 255 0 147
    145 164 255 255 255 236 154 80 255 0 0 0 40 255 255 0 255 0 174 0
    255 255 255 255 0 0 255 255 190 0 0 255 109 0 0 0 197 93 255 0 182 0
    255 142 255 0 0 0 255 154 255 0 255 0 255 255 255 255 0 86 0 0 255
    255 255 1 0 190 255 255 0 235 0 225 0 0 63 0 255 0 255 255 0 0 0 179
    255 0 0 255 174 0 0 255 255 255 255 150 60 117 0 0 255 255 255 255
    255 0 0 0 0 255 192 0 0 255 255 255 158 84 255 0 0 17 255 255 255 0
    255 0 255 255 255 0 0 255 0 0 0 121 0 0 255 255 236 171 255 240 229
    255 0 225 255 0 255 0 255 0 59 0 255 0 255 255 129 255 255 255 0 255
    0 157 0 255 255 255 0 255 0 172 67 0 255 0 255 255 255 0 0 43 0 0 0
    8 59 0 35 255 244 29 0 0 250 255 0 0 0 255 168 0 0 255 255 255 0 255
    175 255 181 0 255 255 255 255 0 0 202 0 255 0 255 127 219 0 255 0
    255 0 255 0 255 0 0 0 255 0 255 0 255 65 255 255 255 0 103 255 255 0
    224 162 255 255 0 0 255 255 255 255 0 217 255 0 255 40 255 255 255
    255 0 255 0 255 0 0 255 0 0 0 255 255 0 0 0 0 18 255 0 255 255 255 0
    0 255 255 0 255 0 255 0 255 255 255 0 255 0 0 0 0 255 212 0 0 255
    255 0 0 0 255 255 0 0 229 255 75 255 255 255 255 48 0 205 111 0 0 0
    255 0 255 255 255 9 0 187 255 148 255 83 255 255 255 117 0 240 16
    255 242 0 0 0 255 255 255 255 255 255 44 0 255 190 186 255 0 255 10
    251 255 225 0 0 0 255 255 150 0 0 255 255 69 0 0 0 0 255 255 255 255
    0 255 0 255 255 255 255 0 25 22 255 255 255 0 0 255 255 43 255 0 255
    193 160 116 0 0 255 0 255 218 255 0 0 0 8 255 255 0 255 139 255 0 29
    0 97 197 0 195 255 255 255 183 42 255 177 232 0 0 0 255 255 0 0 255
    0 255 255 0 255 157 0 0 0 255 255 4 255 255 0 0 0 255 0 3 255 98 0 0
    0 255 0 255 0 255 255 0 0 225 0 255 0 255 255 255 0 0 249 255 1 0 0
    63 255 0 255 0 0 0 255 255 255 0 125 0 0 255 200 255 255 255 255 0 0
    0 255 255 165 255 255 255 141 0 0 25 255 96 0 0 255 0 125 0 15 118
    255 0 0 255 0 210 0 171 0 255 98 10 0 255 255 255 0 0 0 84 255 255
    255 255 0 0 47 255 255 253 0 255 255 79 133 0 0 0 110 185 255 0 228
    78 0 244 0 255 0 0 0 210 255 184 42 255 255 255 255 0 0 0 198 255 0
    0 0 18 0 255 181 255 0 255 255 255 255 157 0 0 123 0 0 255 73 255 0
    255 0 255 5 255 0 255 53 255 0 36 0 255 0 255 0 67 255 0 0 0 0 255
    255 255 0 0 255 0 0 0 255 255 94 0 0 0 255 250 0 255 255 255 255 245
    0 136 255 255 255 0 255 255 255 0 255 255 0 255 0 255 255 0 127 0
    255 255 0 0 180 255 255 255 0 255 255 128 50 158 255 179 96 0 98 255
    255 0 0 255 125 0 0 255 255 0 255 255 144 255 0 255 0 255 0 0 255
    255 0 0 52 255 0 112 9 255 0 255 255 255 36 182 0 255 0 64 91 66 255
    0 0 0 249 0 255 255 255 155 0 255 255 255 255 0 0 202 0 255 255 0
    255 0 0 255 0 112 255 255 255 0 0 255 0 255 0 205 212 0 255 255 0 0
    0 255 0 255 0 255 0 24 255 0 0 0 0 255 0 0 0 255 255 130 0 255 255
    255 0 255 255 255 0 255 0 0 0 157 0 255 0 255 255 0 255 255 225 255
    255 0 255 119 255 0 0 255 0 255 223 62 0 0 255 255 255 0 0 0 0 255 0
    255 0 255 0 255 0 31 0 0 0 0 173 255 255 229 0 0 255 0 0 0 255 255
    255 255 255 255 255 255 0 0 73 255 255 0 0 255 0 255 0 111 0 255 0
    255 255 255 0 0 2 0 255 119 0 255 255 255 0 135 255 0 0 0 52 255 0
    255 0 255 0 255 0 0 255 255 255 255 34 255 88 0 0 255 0 255 116 0 0
    0 255 123 20 197 0 255 255 0 255 32 255 0 255 149 255 242 0 0 50 255
    255 255 121 0 255 255 231 255 255 0 0 255 151 255 0 255 133 0 0 208
    255 255 0 0 255 0 0 0 255 255 0 211 212 0 167 0 17 255 0 255 247 255
    0 0 0 255 255 255 0 0 0 0 255 255 255 255 253 255 0 0 0 0 255 255 0
    255 255 180 255 0 97 255 0 0 120 255 0 0 0 0 0 0 0 117 232 134 0 0 0
    255 255 0 0 0 255 255 255 0 0 255 255 226 255 255 0 255 0 255 0 0 0
    0 255 255 0 0 76 255 255 0 255 0 0 0 0 54 0 0 255 255 139 255 0 255
    0 130 76 115 254 255 104 11 255 0 0 255 255 255 0 0 0 0 255 255 255
    0 0 240 255 252 255 0 221 109 64 0 0 255 255 255 0 255 47 74 0 255
    255 255 0 0 255 255 127 255 0 0 163 163 115 0 255 0 0 0 0 0 0 255 0
    255 0 255 0 0 0 255 94 0 133 255 95 0 255 242 0 95 255 255 0 0 0 0 0
    255 255 255 0 255 0 12 206 75 255 149 255 255 255 0 123 255 255 197
    0 255 0 255 0 255 255 72 255 0 255 255 235 223 0 255 255 189 186 2
    82 255 98 255 0 73 125 255 103 176 193 0 0 253 255 0 0 0 0 0 0 0 255
    255 255 0 91 70 255 255 236 0 0 0 53 255 0 0 0 255 255 255 255 0 0 0
    255 103 0 255 0 94 31 139 255 255 221 0 0 255 7 255 0 255 1 252 0
    255 255 57 255 255 255 126 0 0 0 0 255 255 255 0 255 120 0 0 0 255 0
    255 0 255 0 0 255 116 0 255 0 255 255 0 233 0 0 171 0 255 255 0 0
    255 116 159 189 0 255 0 255 255 255 0 131 0 255 111 255 255 85 0 216
    255 255 0 0 0 255 0 0 255 59 0 220 255 255 0 0 0 0 37 0 237 255 255
    255 0 255 0 0 2 255 255 0 255 255 255 0 0 255 255 0 0 255 255 255 0
    0 0 82 138 0 255 224 255 255 81 0 0 0 255 32 0 0 170 255 255 255 0
    255 0 0 0 255 0 255 0 0 255 255 0 255 0 0 0 255 255 255 189 188 255
    255 255 0 0 255 0 255 255 255 255 158 0 255 0 255 0 255 0 255 121 0
    0 0 255 255 251 255 105 41 0 255 0 0 255 255 255 0 0 255 255 0 0 255
    10 255 98 0 255 5 255 255 255 154 0 0 255 135 0 255 120 255 0 133 0
    0 90 0 255 255 185 0 255 255 255 0 0 0 33 255 0 236 0 38 255 255 115
    0 206 0 0 255 227 255 0 0 0 0 255 0 255 255 255 67 178 0 255 0 0 255
    3 0 0 0 17 255 129 255 0 17 255 255 255 255 184 255 0 255 255 0 73
    255 255 0 0 0 255 0 255 0 64 255 0 254 0 255 0 255 67 0 0 0 0 255 0
    0 34 255 0 0 103 255 0 255 0 255 0 0 255 0 244 28 255 0 255 255 0
    255 255 234 255 0 255 255 0 255 0 255 255 255 0 255 0 255 172 173
    255 0 255 0 0 255 255 206 0 0 0 255 255 255 0 74 0 255 0 255 0 182
    255 255 255 0 0 0 0 255 255 255 0 0 108 255 0 255 255 211 0 255 52 0
    251 221 255 0 0 255 0 255 244 0 255 0 115 0 0 255 209 255 126 255
    255 255 134 0 207 255 255 201 255 0 0 255 0 0 0 255 255 0 255 0 0 19
    255 255 34 255 255 0 255 0 255 0 0 255 255 255 43 255 0 215 0 0 0
    255 255 255 0 255 255 255 255 0 0 0 255 255 0 0 255 0 199 0 255 255
    0 255 0 0 30 130 255 0 0 0 0 0 255 0 255 0 255 255 255 255 255 0 162
    0 255 0 0 255 0 255 0 0 35 83 38 0 255 255 255 255 255 255 255 255
    224 255 0 0 255 0 0 39 255 190 0 155 255 255 133 0 0 0 0 255 255 0
    255 255 251 0 0 0 255 0 204 0 255 0 255 0 27 255 255 255 0 0 0 0 255
    0 69 0 0 255 255 0 208 255 0 0 255 164 0 0 255 255 0 0 0 0 0 0 255 0
    255 0 32 0 115 230 255 33 255 0 255 0 245 255 255 51 64 177 255 0 0
    0 255 255 0 0 0 255 0 0 0 0 0 59 255 0 0 255 255 255 47 0 255 255 0
    0 242 253 0 0 0 255 187 255 255 255 226 0 0 255 255 0 0 255 5 255 68
    255 0 0 255 255 255 255 0 0 0 126 255 255 255 0 71 0 25 255 255 255
    0 172 204 133 255 255 0 0 0 79 255 255 255 73 0 255 0 255 0 255 239
    255 0 255 0 255 48 255 0 255 0 0 239 255 255 255 0 0 0 255 0 0 0 255
    255 0 255 0 115 0 107 255 255 0 255 255 255 255 134 191 0 255 255
    255 83 255 255 0 110 106 0 77 0 255 255 255 255 109 255 0 255 0 255
    152 255 0 255 255 255 0 28 0 255 0 23 0 13 0 255 77 253 0 51 34 0 0
    106 255 0 0 0 202 254 255 255 255 255 87 255 255 0 0 0 101 255 255
    255 255 0 255 0 78 255 0 16 0 255 84 255 255 255 255 0 151 0 0 77 0
    255 255 45 0 0 0 173 0 255 174 255 255 255 0 0 0 255 255 99 0 232 0
    0 200 0 255 255 0 0 93 0 0 74 255 255 255 177 0 0 0 48 0 0 128 255
    253 255 0 0 212 255 255 92 75 0 255 0 0 0 255 0 0 0 202 255 0 0 255
    0 195 255 255 255 255 0 255 255 255 255 56 255 255 0 0 155 255 255
    94 0 0 255 162 0 225 0 147 20 0 255 0 255 255 0 255 255 214 0 0 255
    37 0 0 255 255 0 255 0 10 0 255 255 0 0 114 0 236 255 255 228 193
    255 255 255 104 0 0 0 255 0 83 0 255 255 0 0 75 0 0 0 255 255 255
    255 255 0 58 255 255 0 188 151 255 0 68 255 0 13 0 0 255 255 255 255
    0 0 0 255 255 0 0 0 255 0 0 0 255 0 0 9 255 255 255 0 255 74 33 49
    72 0 255 0 255 0 255 255 255 255 0 96 0 255 0 255 0 255 255 230 0
    255 255 255 0 0 0 0 0 237 255 0 255 0 0 0 255 255 255 255 0 255 0
    255 0 255 0 240 0 255 0 255 191 255 255 255 0 255 0 255 0 52 48 121
    255 146 255 255 255 0 0 0 254 0 255 0 255 0 255 0 255 255 255 0 255
    0 255 202 255 255 0 255 0 2 0 253 0 243 0 255 0 255 0 143 0 69 94 0
    255 255 255 239 0 0 0 255 255 211 0 0 0 255 226 0 0 32 255 255 255
    255 0 0 0 255 0 0 255 255 255 0 0 255 0 255 0 255 0 255 255 199 255
    255 0 255 18 255 0 0 0 255 193 199 0 0 255 0 215 0 255 38 0 255 0 0
    0 0 255 255 255 0 255 0 0 0 255 255 102 0 0 74 255 255 0 0 0 101 255
    255 255 255 255 82 228 248 0 0 172 0 255 255 255 255 142 0 0 0 0 255
    255 0 0 67 159 255 142 212 140 54 176 255 0 255 141 255 0 0 0 0 0
    255 255 175 255 0 255 0 0 100 255 30 255 255 255 255 255 0 255 0 255
    0 255 29 170 0 0 0 0 218 255 138 255 255 0 0 0 255 0 0 39 122 0 0
    255 202 0 255 255 0 0 255 255 0 255 148 255 0 0 24 255 24 255 255 0
    62 255 127 255 255 255 0 0 18 255 255 194 0 255 0 243 0 255 255 0
    239 255 255 0 255 255 0 255 255 255 93 255 255 0 0 0 255 0 255 246 0
    255 57 255 255 255 0 255 0 0 0 255 255 255 0 0 235 0 115 242 255 255
    234 255 135 0 0 0 255 255 0 0 0 0 67 98 0 255 0 0 212 255 0 0 255
    255 117 0 0 255 255 0 0 0 255 255 0 255 255 169 0 0 255 138 0 0 0
    255 255 255 255 0 156 255 0 0 255 255 255 255 0 255 0 255 0 127 255
    255 255 0 0 0 0 255 255 181 109 0 177 0 15 255 0 0 0 255 255 22 255
    255 255 255 0 255 0 0 0 255 255 255 0 0 255 0 216 0 0 0 0 255 11 0
    19 255 0 0 255 0 250 255 255 0 27 0 218 125 255 255 141 0 26 255 255
    0 130 255 255 0 0 0 255 214 0 0 168 0 0 255 93 21 0 255 0 255 0 0
    255 168 255 19 255 102 255 0 255 211 0 0 255 255 255 17 0 0 69 0 0
    255 0 255 255 255 255 255 172 0 76 0 255 118 255 255 255 0 0 0 255 0
    112 0 0 0 255 0 255 255 0 0 0 0 182 255 255 255 0 255 0 255 255 1 0
    231 255 243 0 0 255 162 255 162 255 255 255 196 0 0 0 183 242 255 0
    255 193 0 0 138 255 255 90 255 0 105 0 180 0 0 0 0 255 0 0 255 255
    255 163 0 0 0 255 255 178 237 16 255 255 142 0 0 0 0 61 0 0 0 255
    255 0 0 255 190 0 126 255 255 0 0 140 255 255 112 0 255 255 0 255
    255 255 255 89 0 0 0 0 211 255 255 0 93 255 255 255 122 192 0 0 54
    255 0 0 0 255 255 0 255 255 255 0 0 0 116 255 0 255 227 255 0 255
    255 0 173 255 255 255 0 224 0 216 94 0 255 255 0 201 255 0 255 215 0
    0 255 0 255 0 72 0 255 0 255 0 0 0 255 66 255 255 150 0 255 0 210 0
    255 255 255 255 0 190 121 255 181 0 255 0 0 0 0 0 0 255 255 36 0 0 0
    255 255 0 19 0 0 0 255 255 0 255 255 0 255 0 255 0 255 255 255 0 0
    255 0 0 0 0 180 107 0 0 255 34 0 0 255 209 83 255 0 255 0 0 0 169
    134 0 0 0 255 200 255 255 156 0 0 255 115 183 0 0 255 64 255 0 255
    146 0 249 255 98 0 255 255 255 0 255 0 0 0 255 0 0 0 255 255 0 255 0
    255 255 255 0 255 52 255 0 0 0 235 0 0 79 255 255 255 0 0 0 255 255
    255 0 255 255 255 0 157 0 0 0 123 157 255 0 0 255 255 0 130 255 255
    0 255 158 255 116 106 0 0 59 0 0 255 0 0 0 255 255 0 0 202 0 255 0
    255 0 255 0 123 146 134 0 255 212 255 55 255 35 0 0 0 255 255 255 0
    255 207 255 255 255 0 0 133 0 255 154 0 207 159 255 0 255 255 51 0 0
    0 255 255 0 0 0 255 255 255 133 255 0 0 135 181 255 255 0 36 255 45
    0 66 207 255 0 255 0 212 255 0 0 125 0 0 255 0 0 0 0 255 0 0 0 62 0
    255 255 0 255 255 255 255 255 0 0 0 182 255 255 0 255 0 44 0 255 179
    255 255 0 255 0 255 0 255 255 255 255 0 0 0 255 109 255 70 255 0 255
    0 0 0 255 189 0 255 189 255 0 0 0 0 0 174 0 255 0 232 255 255 0 0 85
    255 227 255 0 255 0 255 185 54 255 0 255 0 169 0 220 255 20 0 0 0
    255 169 75 0 220 176 255 0 0 0 255 0 0 190 255 96 254 0 77 0 0 145 0
    255 255 255 52 0 255 255 0 255 0 0 0 255 34 255 0 255 255 255 0 255
    0 34 191 255 0 255 255 255 0 189 0 255 255 255 0 0 255 255 0 0 255
    255 255 255 255 0 255 0 0 0 255 255 0 255 0 0 0 152 255 0 87 82 255
    255 255 0 0 254 67 71 91 255 255 0 0 0 255 255 255 0 114 255 255 0 0
    255 26 42 117 255 0 0 0 0 255 255 0 0 7 255 255 255 0 255 0 255 255
    0 255 233 0 255 0 255 26 255 0 255 0 0 81 255 255 255 0 255 149 3
    164 255 255 255 232 0 255 0 0 193 255 67 31 255 0 255 158 255 255
    255 255 0 255 0 255 0 255 187 0 0 0 255 255 255 255 0 255 84 255 255
    0 255 73 255 255 141 255 255 167 45 0 0 0 255 226 0 0 0 0 255 255
    232 255 255 255 106 0 0 0 255 255 255 255 189 0 255 13 255 255 20 0
    0 0 255 13 255 0 255 255 0 0 255 255 129 0 0 198 255 0 255 71 255 0
    0 0 250 255 255 0 0 255 0 255 94 255 255 255 255 0 91 255 255 22 0 0
    255 255 255 0 0 0 183 255 228 255 255 255 255 0 255 0 255 255 255 0
    0 75 0 255 231 255 252 37 219 0 0 0 255 255 255 101 255 1 254 0 109
    255 255 0 195 0 255 255 213 255 0 0 0 188 0 0 255 255 255 255 90 74
    0 0 0 255 0 255 0 0 255 255 0 255 0 255 0 0 89 255 255 255 218 0 0
    255 255 0 171 255 0 255 0 255 255 149 6 0 0 177 255 255 0 0 0 162
    255 0 0 67 255 255 0 0 182 255 0 255 0 255 0 255 0 175 251 255 0 132
    255 255 43 0 0 255 75 0 95 255 255 169 255 125 255 96 255 0 255 255
    255 255 255 158 92 255 132 0 0 191 255 0 255 255 0 255 127 255 0 255
    255 255 141 0 255 242 255 0 0 0 0 0 255 0 169 255 255 255 171 15 0
    252 0 0 255 255 255 194 255 255 0 106 0 0 255 255 255 0 255 255 255
    255 255 255 0 0 0 255 255 0 0 0 112 255 0 255 255 255 0 255 255 255
    12 255 41 0 255 182 255 0 227 255 255 205 141 218 40 179 255 255 255
    0 255 255 255 255 255 246 139 0 147 255 255 200 255 237 3 0 176 255
    255 255 0 0 255 255 0 0 255 0 255 255 141 255 75 255 0 255 220 0 0
    255 255 0 0 182 131 0 0 0 255 165 64 0 255 255 0 255 255 255 0 230
    255 255 255 255 255 255 42 0 0 0 255 255 255 0 0 255 0 255 0 255 0
    255 199 255 7 255 194 0 102 3 255 0 0 0 255 255 0 107 255 255 18 26
    222 0 0 0 255 255 255 97 0 0 255 255 216 0 0 255 0 255 0 0 0 0 255
    255 48 217 255 255 0 0 255 192 255 255 255 0 6 0 0 247 255 255 255
    255 0 0 0 0 255 255 255 255 255 0 255 0 0 0 0 0 255 255 255 0 255 0
    255 0 255 0 255 0 255 0 0 255 0 0 0 189 190 255 255 255 0 255 0 0 0
    255 0 0 249 0 255 107 255 0 0 0 0 255 255 255 255 52 249 5 0 255 24
    130 5 0 0 255 255 255 0 255 255 74 21 224 107 255 255 0 0 0 0 255
    255 255 0 255 255 0 199 0 255 255 255 255 0 255 205 255 0 255 255
    255 91 255 0 0 255 255 255 0 0 255 0 255 0 172 74 0 0 255 255 255
    255 255 0 0 0 0 255 255 255 255 255 96 227 0 0 0 0 0 0 255 255 255 0
    255 0 0 232 0 255 0 255 0 224 3 255 31 255 0 0 255 255 255 0 0 0 255
    255 255 167 219 72 255 0 4 0 178 255 29 0 255 247 235 0 255 255 255
    177 0 0 255 255 255 0 0 0 0 0 0 255 0 255 0 255 0 255 0 255 0 255 0
    255 0 63 255 0 0 0 0 255 255 255 0 0 0 0 255 205 255 0 255 0 109 0
    187 156 242 0 189 230 43 0 0 0 0 0 0 255 255 255 138 255 0 0 0 0 255
    255 0 0 192 255 0 255 0 48 133 255 255 143 209 0 255 255 255 0 0 0
    200 72 0 28 237 255 0 255 255 0 0 0 255 255 255 0 236 0 255 0 59 0
    148 0 112 0 255 255 255 255 0 255 0 0 0 255 0 81 0 0 142 255 255 94
    61 0 222 0 255 0 0 255 0 0 255 255 0 0 255 255 0 0 54 215 255 255
    228 255 0 0 255 255 255 237 0 0 255 0 0 0 255 255 0 29 255 0 255 255
    0 255 182 255 198 70 0 0 0 255 255 0 0 0 0 255 68 255 44 70 255 57 0
    154 103 63 255 0 255 0 141 57 255 255 82 0 32 255 0 0 0 0 255 0 255
    0 0 0 0 255 207 255 0 255 255 0 255 0 190 215 0 0 255 109 0 0 0 255
    255 0 40 0 47 255 255 0 255 0 255 0 255 255 111 255 0 0 255 255 240
    255 0 255 0 222 0 255 254 255 0 255 255 255 138 0 255 155 255 95 0 0
    255 0 255 191 0 0 154 255 255 255 0 255 255 255 0 255 255 0 0 0 255
    0 55 0 54 255 177 255 0 255 0 255 0 0 255 0 190 0 0 255 41 255 255 0
    255 0 255 0 207 0 0 0 0 255 175 0 0 0 0 0 255 103 255 0 0 0 255 255
    0 0 255 90 50 153 231 255 0 28 0 255 255 0 0 0 255 255 255 0 255 0
    171 15 255 255 163 255 86 255 0 0 155 255 255 0 255 0 255 255 6 0 0
    255 0 0 255 26 130 0 255 0 224 199 255 255 255 0 255 168 37 0 0 0
    132 255 255 0 0 0 255 255 0 0 0 122 255 255 255 0 0 130 255 255 0 0
    0 101 255 255 255 0 255 0 133 0 255 3 125 255 0 255 255 255 10 0 0
    150 255 255 0 0 255 255 255 0 0 184 0 255 0 255 255 255 0 255 255 0
    0 255 255 0 0 79 255 61 0 0 0 255 255 255 0 0 255 0 0 0 255 255 255
    0 198 0 0 0 255 0 255 0 0 255 255 255 255 0 255 255 0 0 0 255 255
    255 0 255 0 255 240 0 0 255 255 255 0 177 0 255 255 255 0 0 255 255
    255 0 0 144 0 0 255 255 255 0 0 0 0 221 255 255 86 0 220 255 255 0 0
    18 32 255 0 0 0 241 0 0 0 255 255 0 255 0 255 0 0 231 255 253 255 0
    255 0 255 0 21 0 0 255 123 255 10 250 0 255 0 255 255 255 0 255 46
    255 246 0 73 255 255 0 0 0 255 255 255 240 255 0 255 255 255 0 0 255
    255 0 255 255 255 255 0 0 0 255 65 0 205 0 0 255 255 255 39 255 0
    255 1 255 0 0 120 0 0 31 100 0 255 255 2 0 0 108 0 255 0 0 0 142 0
    130 93 255 0 255 0 255 0 0 0 255 255 0 0 255 196 0 66 122 255 255
    252 255 0 0 0 255 255 255 0 0 0 255 255 253 0 255 255 0 163 255 2 0
    255 0 255 0 85 0 255 0 255 0 66 255 255 0 255 242 255 0 0 255 0 255
    0 255 40 255 255 255 36 255 0 0 255 255 255 255 0 0 0 255 170 4 255
    255 255 36 0 0 0 255 0 255 0 0 255 0 0 0 255 89 255 255 255 0 255 62
    191 0 135 0 255 255 94 0 0 0 255 0 74 255 80 0 0 255 70 83 255 0 255
    0 255 0 255 0 255 0 255 0 224 0 0 0 0 0 255 255 255 255 176 0 255
    255 255 255 182 0 152 13 255 166 20 255 255 255 0 79 0 255 255 255
    179 0 0 0 255 255 255 0 0 0 0 255 178 255 208 255 0 255 255 0 0 0 5
    255 255 0 255 0 50 255 255 0 255 9 106 0 255 255 255 0 0 0 0 255 44
    189 255 177 0 255 0 255 255 255 255 0 0 0 255 255 0 0 206 255 255 0
    0 255 255 255 255 0 255 0 0 148 255 35 172 0 0 255 255 63 0 0 255
    255 255 0 4 0 255 0 255 255 255 0 255 135 0 0 0 255 76 255 153 255
    255 68 0 0 255 0 255 250 0 255 0 255 0 0 0 0 255 0 40 0 255 255 43
    194 0 255 255 41 255 255 255 0 68 0 255 255 255 255 0 0 255 0 255
    103 255 255 0 0 19 158 255 255 255 255 0 0 0 197 0 255 0 0 0 255 255
    255 0 0 118 116 215 0 255 0 0 255 255 0 179 0 255 0 255 0 0 255 255
    255 255 0 81 0 255 255 0 255 255 255 35 0 0 0 255 147 255 0 0 223 0
    255 0 255 0 255 0 255 0 255 81 255 0 0 0 0 255 6 0 255 175 255 0 0 0
    255 0 255 0 178 255 255 17 255 255 255 0 255 0 0 0 255 255 255 0 67
    255 0 0 255 0 255 255 255 255 0 244 0 6 255 255 39 0 0 183 255 0 0
    255 217 255 0 0 255 0 255 0 0 0 0 245 255 248 12 255 0 160 45 0 255
    255 255 61 0 0 76 0 255 0 0 0 255 255 0 255 0 255 0 0 0 131 255 0 0
    207 255 255 0 0 255 0 0 255 195 52 0 255 255 89 255 0 0 0 145 255 0
    255 255 255 0 0 246 255 255 0 0 255 255 0 0 0 255 255 0 0 0 0 26 255
    0 36 0 114 255 216 255 255 210 37 0 17 255 255 0 0 0 255 255 38 255
    255 255 0 255 142 0 255 0 255 0 242 0 255 255 174 255 0 255 0 29 255
    98 255 0 0 74 216 243 0 0 255 255 239 0 166 0 0 0 203 255 255 255
    249 255 0 41 255 4 0 0 0 255 236 0 0 255 255 0 0 0 0 255 230 255 0 0
    0 0 255 42 255 0 6 168 255 0 255 255 255 255 255 0 0 255 0 255 0 0
    255 255 255 0 129 0 0 0 255 255 255 255 255 255 0 0 0 0 255 255 122
    255 0 255 193 255 0 0 255 255 0 0 255 255 255 0 0 0 40 125 0 100 255
    255 255 0 204 0 0 0 255 255 255 255 0 0 255 0 0 0 0 0 255 0 255 148
    255 0 0 0 0 255 125 255 255 255 145 255 44 255 255 6 0 118 8 0 0 255
    255 255 255 255 0 255 255 0 36 0 245 0 255 255 189 206 0 0 255 255 0
    0 0 0 0 67 255 0 121 255 255 255 255 0 228 0 255 0 255 255 214 82 0
    0 255 255 255 0 0 0 183 255 255 96 0 255 0 255 115 0 0 255 255 255 0
    0 0 255 78 255 255 255 96 255 0 255 124 255 0 255 255 255 168 0 255
    0 0 0 169 255 0 161 0 0 255 0 255 0 150 74 0 0 255 255 255 255 0 220
    0 0 0 255 161 0 0 255 255 255 255 0 0 143 255 255 0 170 0 255 255
    244 0 0 141 0 48 0 255 255 255 192 0 33 255 255 229 119 43 0 0 0 183
    255 88 255 0 206 0 180 255 0 0 0 255 0 255 0 255 0 193 0 255 255 0 0
    0 255 227 0 104 0 255 193 0 241 255 255 0 0 0 0 0 39 61 255 0 7 249
    0 244 0 0 0 0 255 255 255 0 202 0 255 255 255 0 24 154 56 226 255
    132 255 0 255 121 3 0 0 255 255 0 0 255 255 0 0 0 186 255 255 255 0
    0 255 0 255 82 248 255 255 255 0 0 255 50 0 0 0 23 0 255 0 139 218
    255 0 0 0 255 0 255 0 255 255 255 0 0 255 255 255 6 0 255 0 50 54 0
    232 255 255 0 255 0 238 0 0 0 176 0 255 0 255 255 0 241 0 255 0 0
    255 0 0 255 255 0 0 0 0 255 255 255 214 0 0 255 255 255 0 0 240 255
    255 46 255 0 0 0 152 0 255 137 36 255 0 0 0 0 255 0 72 149 208 220 0
    255 0 255 0 145 0 0 255 255 0 162 255 78 217 0 255 255 255 151 0 202
    0 14 255 0 255 255 255 0 255 255 255 0 255 0 52 92 153 0 0 121 0 255
    0 0 124 119 255 0 255 0 165 0 178 0 255 0 255 0 0 0 0 185 255 228 0
    255 0 255 0 0 141 255 236 255 87 0 0 0 255 233 255 255 145 0 0 172
    255 255 255 0 0 0 0 0 255 215 0 0 255 255 80 0 0 0 0 255 255 0 0 109
    255 0 132 0 0 0 0 255 0 255 0 24 255 255 255 255 0 0 236 255 255 255
    255 214 0 255 255 0 0 86 255 255 255 0 0 49 104 215 0 174 0 160 225
    255 255 255 140 0 133 208 0 255 0 255 255 255 0 255 255 148 255 0
    255 146 113 0 255 255 255 255 255 255 54 16 255 255 255 0 0 255 255
    255 0 0 0 255 255 255 255 199 0 69 209 0 20 0 255 219 255 255 0 0
    255 255 255 255 0 255 0 255 255 255 37 0 17 255 255 15 157 0 0 0 255
    0 255 0 255 0 0 208 255 255 0 0 255 0 255 0 255 189 255 56 0 170 145
    255 32 0 0 82 0 0 255 0 255 0 255 255 0 0 37 255 255 255 255 255 0 0
    255 196 200 255 0 0 83 255 255 255 0 0 0 255 255 100 255 0 0 0 0 221
    255 255 255 255 0 0 0 255 255 240 135 24 0 212 0 0 0 255 255 0 255
    255 0 34 255 255 0 0 0 225 255 204 255 0 255 255 255 255 0 255 0 181
    0 255 0 255 255 255 255 0 0 110 255 0 81 255 255 255 255 0 0 0 255
    255 0 0 0 255 0 114 0 196 0 255 0 0 255 255 255 0 255 255 188 0 245
    255 43 0 0 32 255 0 0 0 255 0 255 255 255 0 0 204 0 255 0 255 0 62
    141 255 0 28 0 0 0 255 255 144 255 255 0 255 27 255 0 0 0 255 255 0
    255 0 255 0 255 255 255 255 0 0 255 0 255 229 0 255 0 124 240 0 0 0
    0 0 0 255 255 255 255 0 255 0 247 0 255 139 134 235 255 255 42 0 0
    255 255 255 0 255 0 255 255 255 0 0 116 0 124 0 0 194 255 255 255 0
    0 255 0 0 0 0 255 119 255 242 0 255 0 0 0 0 255 65 255 235 25 0 105
    0 255 70 0 250 214 223 0 0 255 255 255 0 255 0 255 0 255 255 143 0
    255 255 154 255 0 194 14 161 255 97 0 0 45 0 255 255 255 255 0 255 0
    255 0 0 255 255 255 255 0 0 32 255 0 255 255 255 255 0 255 0 0 0 0
    255 255 0 155 0 255 87 203 255 255 0 255 154 223 0 207 0 255 3 77
    138 255 255 0 0 0 255 255 255 120 0 0 255 255 255 0 0 0 255 255 255
    0 0 0 0 3 0 0 0 0 255 43 255 0 255 0 255 0 255 0 0 255 190 255 107
    41 0 0 129 255 0 0 255 0 0 0 255 64 0 0 0 255 206 0 255 255 255 255
    0 255 0 255 0 255 255 153 0 0 0 255 255 0 0 75 255 219 75 0 0 0 255
    152 0 0 0 255 255 0 0 250 0 0 0 0 255 255 255 255 0 0 0 255 255 182
    0 0 0 255 255 0 255 2 0 255 0 255 255 255 255 255 255 0 0 255 255
    255 100 255 0 213 35 0 0 123 0 255 255 255 255 0 124 0 255 255 0 0
    255 82 255 196 206 0 0 0 255 0 70 255 255 0 0 0 255 18 0 255 255 35
    255 255 249 0 40 83 255 255 0 0 0 0 255 116 0 255 255 255 0 95 0 255
    0 255 0 255 0 255 0 89 0 255 255 255 255 0 255 110 105 0 0 11 255
    255 255 83 0 19 37 142 255 255 255 124 0 0 18 255 255 255 0 0 255
    255 255 255 0 0 17 0 0 255 0 0 186 255 255 0 255 255 0 255 255 0 0
    221 0 0 161 255 255 0 27 255 0 0 0 255 0 0 255 255 255 0 6 0 0 0 255
    255 255 0 0 48 0 255 0 0 255 244 16 0 255 255 255 0 255 255 0 0 0
    255 151 255 178 0 0 255 0 160 255 255 255 0 0 226 255 255 0 0 0 255
    255 0 0 255 255 132 236 0 0 255 255 255 0 0 255 0 12 0 0 200 125 0
    44 18 255 0 0 255 255 255 255 0 0 246 74 0 0 255 0 255 255 0 0 130
    255 0 0 0 255 255 0 0 42 255 0 0 65 0 0 0 255 252 255 120 0 0 255
    255 0 0 255 173 255 60 255 0 174 0 255 0 0 0 255 255 255 0 0 0 255
    255 255 0 148 0 255 153 0 255 255 255 255 0 255 189 200 255 255 255
    0 0 255 118 0 0 0 49 0 0 0 255 255 255 0 0 0 255 209 255 255 0 133
    255 0 50 0 145 255 0 0 16 0 255 45 0 201 0 255 0 255 255 255 255 255
    223 189 23 0 0 0 255 255 54 165 28 0 0 0 0 202 255 0 0 0 209 32 255
    0 0 0 194 0 255 255 255 0 0 0 78 255 255 255 255 0 255 255 255 242
    255 0 0 0 67 255 255 255 0 0 0 255 255 255 0 255 0 0 0 57 255 0 255
    164 0 255 0 255 255 255 4 0 0 0 255 255 0 255 255 255 79 0 0 16 0 0
    255 179 0 0 255 240 255 0 255 0 212 0 0 255 255 0 189 0 255 255 255
    0 225 209 210 7 255 98 188 0 46 255 255 97 0 255 0 145 0 0 0 255 255
    255 255 0 0 240 173 255 255 15 0 0 255 255 0 50 0 255 0 217 0 132
    255 0 255 0 255 0 255 105 179 0 255 20 255 0 6 255 255 255 0 221 255
    0 85 255 255 0 0 255 255 255 0 13 255 255 0 255 0 255 0 255 0 255
    255 255 7 0 0 255 146 255 0 0 255 255 255 255 0 0 0 0 255 0 158 0
    255 0 0 67 255 0 255 0 255 0 255 0 0 0 255 255 255 102 0 0 255 255
    255 0 51 0 0 255 255 255 255 0 0 255 0 255 0 0 255 0 255 255 255 123
    0 0 59 0 0 255 0 255 84 255 255 0 255 30 0 255 255 255 0 0 98 0 255
    255 48 190 0 0 0 0 0 0 192 0 255 0 1 0 0 175 109 157 0 255 0 186 255
    255 255 255 0 0 255 192 255 0 255 0 255 255 255 0 255 0 0 107 255
    255 255 0 0 0 255 255 255 0 77 255 0 0 0 255 255 239 0 157 154 255 0
    255 0 255 0 255 0 255 139 0 103 255 255 255 0 0 255 255 255 0 210
    255 255 255 0 0 0 255 255 255 40 0 104 14 255 16 103 255 0 255 0 0 0
    33 255 49 0 255 0 133 0 255 255 13 255 0 255 255 0 255 0 0 0 255 255
    0 255 255 0 0 255 31 0 0 0 3 255 0 69 255 0 255 255 255 255 0 0 0
    255 255 203 0 193 0 0 0 255 255 255 0 0 0 255 0 255 255 255 140 255
    126 137 0 255 255 0 0 23 0 255 0 255 0 255 80 0 0 0 76 0 255 0 255 0
    174 0 255 255 255 13 0 0 0 255 0 39 0 255 0 255 134 255 0 255 0 255
    0 255 0 109 0 255 0 0 0 255 0 0 0 255 255 255 255 0 220 255 242 255
    0 0 203 255 255 255 225 0 0 255 0 255 255 0 0 0 255 255 208 255 255
    255 0 0 255 255 0 0 0 0 255 255 255 0 0 255 255 210 0 255 154 255 0
    0 172 0 255 255 255 127 0 0 0 255 0 0 139 255 255 0 255 0 0 0 255
    255 0 255 0 0 0 0 0 255 255 120 0 0 0 255 0 0 0 255 255 195 0 255
    255 0 56 71 255 0 0 0 196 255 0 0 85 255 94 255 0 255 255 255 0 0
    255 187 255 255 195 0 216 26 255 255 255 0 0 255 255 0 255 0 255 255
    255 0 0 0 0 255 255 255 255 0 158 0 255 0 17 0 255 255 0 0 0 255 255
    255 0 255 65 144 0 255 255 255 172 99 85 255 146 255 0 0 255 0 255
    178 173 255 0 255 255 255 0 185 0 255 0 48 0 0 255 255 255 0 0 0 255
    0 212 0 67 0 255 104 255 255 255 47 0 0 255 255 255 51 255 0 145 255
    0 89 0 114 255 255 248 125 0 255 175 0 0 0 0 46 255 255 255 0 0 0
    255 219 0 0 0 30 255 230 255 0 120 0 237 0 255 0 0 0 255 114 255 0
    255 255 255 255 255 0 0 155 0 191 0 184 255 255 255 0 0 0 255 0 46 0
    0 39 255 255 255 0 255 255 255 0 0 255 255 0 195 0 0 255 216 0 0 255
    255 0 0 0 255 255 0 255 204 255 255 255 255 255 255 0 246 0 0 0 0
    255 0 245 0 255 255 0 255 255 102 255 76 255 0 101 0 255 146 201 184
    214 255 0 0 0 0 0 255 0 255 255 255 167 211 255 75 0 0 255 255 0 0
    255 255 255 0 223 0 0 164 0 178 255 85 0 234 255 255 0 255 255 0 0 0
    255 0 162 0 0 255 0 255 0 12 134 255 0 0 0 255 255 255 0 255 255 0
    33 0 0 0 0 0 255 255 0 0 0 0 255 0 108 0 24 255 255 255 0 89 158 255
    0 0 0 255 255 0 162 0 255 255 255 255 0 0 0 0 255 166 255 255 255
    255 28 0 0 0 239 123 156 1 255 255 255 88 0 0 0 0 19 0 0 255 255 230
    0 0 135 0 255 224 255 255 255 0 0 0 0 130 255 213 0 0 234 255 0 0 0
    255 255 255 0 150 197 0 255 0 255 25 0 255 255 206 255 0 255 130 111
    0 119 0 0 240 126 255 255 0 110 255 255 0 0 0 255 7 255 0 91 142 255
    220 0 0 255 255 149 0 255 255 255 243 0 189 255 255 0 255 255 255
    255 0 255 0 255 0 0 0 255 255 255 103 0 0 255 255 0 95 255 255 0 255
    0 255 0 255 98 255 255 0 255 255 255 0 255 255 169 255 0 0 0 255 255
    132 0 0 0 71 190 255 0 0 0 255 255 0 0 255 255 255 0 255 45 0 0 210
    255 255 255 255 37 0 0 221 255 255 0 255 0 26 0 255 255 87 0 255 255
    230 0 255 0 184 0 255 255 255 96 255 0 255 0 255 0 255 0 255 0 63
    255 90 255 220 107 0 210 255 0 0 255 74 255 0 255 255 255 0 255 255
    255 0 0 255 224 0 162 255 255 9 67 0 0 0 80 255 255 0 0 0 78 255 255
    255 255 255 0 0 255 0 255 0 0 0 255 0 0 0 255 255 255 0 255 71 255
    255 38 255 255 255 6 0 0 255 255 255 255 0 133 255 255 173 0 255 255
    230 255 0 108 0 255 0 255 0 95 0 0 0 255 255 0 0 255 255 255 0 0 255
    0 255 0 255 0 163 255 255 0 217 0 255 255 241 134 0 0 255 0 136 0
    255 0 255 0 0 0 0 68 0 0 255 246 0 255 0 255 0 255 0 0 236 255 255
    255 255 0 0 255 0 0 255 255 91 0 255 255 255 0 0 0 255 48 255 255 0
    0 0 242 255 255 255 0 0 41 255 0 255 255 255 0 0 0 255 255 255 0 255
    0 0 255 255 64 255 0 255 194 0 0 0 0 148 0 193 0 255 255 0 86 0 255
    255 255 255 0 0 0 255 79 255 0 0 255 227 78 0 0 0 255 255 220 0 0
    255 255 0 255 219 255 255 152 0 198 0 0 255 255 255 0 255 255 255
    255 38 255 0 0 255 0 0 255 101 0 255 255 255 0 255 0 255 254 255 0
    255 0 255 223 140 0 123 255 120 255 0 255 255 248 0 0 255 255 255 0
    118 255 255 65 50 0 0 255 255 120 0 0 255 253 73 0 235 255 255 248 0
    0 255 255 255 255 255 255 0 0 0 0 55 0 0 255 255 58 255 0 47 255 180
    0 255 255 0 0 93 162 255 255 147 94 255 255 85 0 0 0 167 0 235 8 255
    51 255 0 0 68 31 255 255 255 0 198 255 0 167 0 255 0 0 255 98 89 255
    255 255 0 0 255 255 255 246 138 255 0 0 0 0 255 204 255 0 255 0 0
    132 0 255 255 0 0 44 255 255 255 0 196 0 255 0 255 0 0 255 255 0 0 0
    146 97 255 255 179 0 0 0 255 0 35 0 255 255 132 76 112 0 65 0 0 0
    255 0 0 0 255 255 0 0 79 255 0 228 0 255 32 0 0 168 255 0 0 0 0 110
    255 255 255 255 156 220 255 255 255 92 0 5 166 0 0 0 173 255 255 0
    255 0 0 124 255 0 166 0 0 255 73 255 0 216 255 255 255 0 0 149 255
    255 179 255 255 255 255 255 255 0 0 0 0 255 156 211 255 0 0 255 0 0
    0 0 0 28 88 255 139 162 135 0 0 255 0 141 43 0 255 0 255 255 255 134
    0 255 0 0 0 255 255 0 255 0 0 255 0 255 255 172 175 255 12 0 255 0 0
    255 255 0 40 0 255 255 255 116 216 0 255 0 255 0 255 0 255 0 0 255
    255 255 0 255 255 98 0 0 255 0 255 83 255 255 255 255 170 0 255 255
    255 255 0 0 160 255 255 136 255 224 41 96 0 0 0 255 255 3 255 0 0 0
    0 83 196 255 42 255 0 144 0 13 255 0 236 0 43 0 255 0 0 0 0 0 255
    255 0 255 35 255 0 0 0 0 255 0 161 0 255 255 0 255 166 255 0 0 208 0
    31 0 255 0 255 255 0 0 255 0 255 87 255 0 255 0 255 76 255 0 0 243
    255 0 0 0 255 198 255 255 0 53 0 255 0 255 91 149 0 149 217 230 255
    0 0 255 255 255 78 0 0 255 0 0 255 32 255 0 0 48 255 245 197 0 255
    255 0 183 0 255 0 97 103 255 0 0 0 255 255 255 0 0 255 255 255 255 0
    0 162 255 111 0 0 0 255 255 86 0 0 255 0 255 0 0 0 255 94 255 255 43
    0 0 179 255 255 0 0 0 255 255 255 255 0 255 0 255 179 255 255 255 0
    255 0 255 0 255 0 103 49 255 0 0 208 255 255 0 242 0 67 255 0 255 0
    255 255 235 82 0 239 233 0 0 255 255 255 0 0 0 255 255 255 0 0 0 255
    255 0 0 255 16 255 0 255 0 0 0 255 182 0 0 255 82 255 255 255 46 0
    77 0 55 0 0 255 0 255 148 255 255 0 255 0 255 0 0 0 255 33 30 0 55 0
    255 255 255 197 0 0 0 40 92 0 255 255 0 0 0 255 0 255 255 41 255 0 0
    0 0 255 255 255 118 255 0 255 0 176 0 255 255 255 0 255 0 112 255 0
    255 0 255 255 255 0 0 0 0 128 255 255 163 0 0 121 255 255 255 255 0
    255 0 255 255 255 255 255 0 255 0 42 0 255 255 255 0 234 0 19 224
    255 255 0 255 109 0 0 0 50 104 255 255 0 255 255 0 0 0 255 255 79 0
    0 255 255 255 0 255 0 0 0 255 255 0 121 255 0 255 0 255 255 0 0 0
    255 97 0 255 255 255 255 81 0 43 0 255 255 255 204 0 0 0 0 255 255
    93 0 0 255 255 0 255 0 255 255 255 255 255 255 0 102 140 255 0 255 0
    255 0 255 255 255 0 142 0 255 0 255 0 255 160 255 0 255 0 255 0 255
    0 255 255 0 255 0 191 255 255 0 47 0 0 0 255 255 0 0 255 255 0 126 0
    79 183 255 0 0 255 255 97 203 255 115 0 0 255 255 0 255 0 0 255 255
    137 0 255 0 0 0 255 255 206 255 0 0 245 0 86 0 255 111 255 255 0 0
    137 211 244 255 255 13 232 0 255 12 189 128 0 140 255 0 0 255 201 0
    255 230 255 0 255 255 255 255 0 0 117 18 255 255 255 68 255 0 118 0
    255 255 255 0 0 255 255 255 255 0 255 0 255 0 0 219 255 0 255 0 255
    255 255 0 0 255 0 255 255 67 255 0 255 126 37 52 0 107 255 50 0 0
    255 188 255 0 0 0 156 255 0 52 255 0 0 0 126 255 255 93 255 0 237 0
    0 0 29 255 255 0 0 255 255 255 255 0 0 0 255 18 163 0 62 255 255 0 0
    255 255 255 255 189 255 255 190 0 255 255 255 0 0 0 225 255 255 82
    183 0 74 255 255 0 62 243 30 255 0 0 0 0 255 0 255 255 255 0 255 255
    0 255 182 255 255 0 255 255 255 0 0 0 0 123 255 108 0 255 255 119
    255 222 255 255 0 135 0 0 255 123 255 189 0 255 0 255 0 189 255 255
    0 133 255 255 255 0 193 0 255 0 255 161 255 92 0 255 0 255 0 255 0
    88 0 255 162 181 0 255 38 255 255 255 255 255 211 126 255 0 24 255
    255 0 0 0 255 0 0 0 255 255 255 0 108 255 16 255 255 0 255 219 0 255
    111 0 0 0 41 102 255 201 176 0 0 255 255 0 0 255 0 0 255 255 255 0
    255 0 255 0 255 255 255 0 255 255 255 0 183 255 255 255 104 0 0 255
    255 230 0 255 0 103 191 255 255 255 255 0 0 255 255 255 255 0 223
    222 255 255 35 255 0 255 255 255 0 0 150 255 0 0 0 255 139 0 0 255
    122 131 2 255 255 255 188 0 0 0 255 255 0 255 0 255 0 255 255 255 29
    0 0 255 255 255 0 0 224 255 255 141 216 248 255 0 0 0 255 100 255
    255 162 0 174 255 0 255 0 0 196 0 122 218 161 255 255 0 0 152 0 255
    255 255 0 255 0 114 0 255 156 255 0 255 255 90 0 0 255 0 0 0 255 255
    0 0 255 255 0 62 0 255 0 84 0 255 0 255 108 0 0 112 0 255 184 255
    255 205 255 0 255 0 0 255 0 255 123 255 211 189 255 255 0 0 101 255
    255 0 255 0 255 216 255 0 0 126 0 255 255 0 255 58 255 0 0 0 255 93
    164 223 255 255 157 0 255 0 255 214 0 255 0 119 255 111 255 0 0 0
    255 255 79 237 0 7 0 0 0 255 255 255 0 255 180 0 0 0 76 255 118 0 0
    50 255 255 112 255 255 255 255 0 0 0 255 0 212 2 0 255 255 224 0 112
    132 255 119 0 255 255 0 0 0 255 230 255 255 0 0 0 255 0 255 255 255
    255 62 0 255 255 101 0 0 205 0 237 255 255 0 0 0 0 121 255 166 0 0
    255 0 131 0 255 255 255 255 48 255 0 0 92 255 255 0 255 255 255 255
    0 61 0 246 255 0 105 0 0 255 0 255 0 255 255 190 0 0 0 255 0 0 255 0
    0 255 19 90 0 0 255 255 255 255 255 0 0 233 0 0 0 0 105 0 62 0 35
    255 255 255 0 159 0 255 255 255 0 0 0 255 255 0 118 255 255 255 0
    255 0 0 0 255 0 0 255 255 140 0 0 21 255 0 0 0 255 179 7 255 255 0 0
    255 255 0 0 0 255 0 255 17 116 255 0 0 0 255 243 0 0 255 255 0 0 0
    255 255 255 255 0 0 0 96 255 255 255 0 255 255 255 255 255 0 126 255
    255 0 166 0 0 255 150 0 0 255 255 255 0 0 255 83 255 0 255 255 0 0
    255 255 0 0 0 23 255 239 255 0 0 255 255 76 255 48 255 0 0 0 0 255
    255 255 0 0 0 12 255 0 0 0 255 0 0 0 255 0 109 0 0 0 255 0 255 0 0 0
    0 242 224 255 0 0 255 96 0 0 0 255 0 253 0 0 0 255 255 0 255 255 255
    255 255 100 0 0 255 255 255 255 0 188 0 0 255 10 149 0 39 255 255
    255 0 0 61 151 0 255 0 0 255 255 0 0 255 255 255 255 0 0 0 161 0 0 0
    95 0 255 0 255 255 225 0 0 0 255 255 147 0 0 255 143 147 255 0 255 0
    0 0 0 0 255 0 255 0 150 0 255 255 255 193 0 133 255 0 0 0 0 186 0 0
    255 255 235 0 255 0 255 255 255 250 0 244 0 0 255 30 255 0 0 0 29 0
    255 168 45 0 0 0 0 255 255 255 90 0 0 0 255 255 255 255 88 255 0 0 0
    0 255 255 255 0 0 0 0 0 0 150 101 73 255 0 0 0 237 255 92 0 255 160
    255 0 255 188 0 0 10 255 255 0 255 0 255 199 0 0 0 0 255 255 109 175
    255 33 0 0 255 255 0 0 132 255 188 199 255 0 255 0 255 255 0 0 0 255
    0 255 255 126 255 0 0 223 0 41 39 255 0 0 0 255 0 0 159 255 255 0
    255 0 19 0 0 0 255 215 255 252 185 0 255 255 255 0 76 175 255 0 0 73
    255 0 0 33 255 0 0 255 75 255 255 0 0 255 179 255 115 255 62 0 11
    255 255 0 0 0 0 255 0 255 102 0 200 0 255 116 136 0 0 255 0 169 0
    255 0 0 148 255 197 255 0 0 62 255 0 255 0 255 97 157 0 0 255 255
    241 0 255 0 0 0 0 255 255 0 255 0 0 97 218 0 255 255 120 0 0 93 227
    34 0 113 255 255 255 0 255 255 0 255 169 0 255 90 0 255 255 83 115 0
    255 0 255 255 255 0 255 215 255 255 255 255 42 255 218 255 0 54 119
    0 0 255 255 227 37 0 255 0 0 0 15 255 255 0 0 255 0 231 0 0 0 0 134
    233 255 0 255 179 255 255 255 0 0 0 0 255 255 0 17 0 255 0 255 0 255
    0 255 255 255 3 0 0 0 255 255 255 88 0 255 0 102 0 0 255 255 255 0
    255 255 0 0 0 0 0 255 255 255 255 61 132 255 255 255 200 0 0 0 111
    104 255 0 13 185 255 0 0 255 153 255 0 255 192 255 0 255 0 255 0 255
    62 63 255 255 255 0 255 255 218 0 0 0 0 0 0 255 255 255 255 107 0
    255 0 255 243 255 0 0 28 0 0 0 255 255 255 254 255 0 255 0 255 255 0
    0 90 255 0 0 0 84 0 255 138 255 0 0 0 44 255 120 0 255 0 255 0 0 71
    0 255 20 0 0 61 0 255 0 255 0 255 255 255 0 255 0 255 200 255 182 62
    0 0 255 0 255 0 102 0 255 255 128 0 0 0 255 0 108 255 0 0 118 0 151
    0 255 255 255 0 0 0 255 0 0 255 0 255 0 255 255 0 255 255 255 0 0 46
    0 255 255 255 98 255 54 0 116 0 0 255 255 0 228 255 0 0 164 0 52 0
    255 0 0 255 18 255 177 0 255 255 255 255 255 255 0 0 0 255 255 255
    255 0 34 255 255 0 255 0 255 0 0 0 255 0 0 153 59 0 0 255 0 234 188
    255 171 124 255 141 255 0 255 0 0 0 0 255 0 0 167 255 255 0 0 255
    104 39 255 220 0 255 255 0 0 120 255 255 0 13 255 255 255 0 65 255 0
    0 0 221 117 255 255 255 17 0 0 255 255 255 147 5 0 246 0 0 255 255
    107 255 100 255 255 0 255 255 0 255 0 0 130 255 82 255 0 0 0 0 255 0
    145 0 255 0 255 0 255 255 255 255 0 99 247 0 0 255 255 255 217 83 0
    242 255 255 188 187 89 189 40 56 255 255 196 255 182 0 0 0 255 0 255
    229 255 0 0 165 0 154 57 0 255 66 255 255 0 0 112 255 0 255 0 168 83
    255 0 255 255 255 0 255 255 0 0 0 255 188 0 0 0 255 0 71 0 255 0 225
    186 255 0 25 0 255 2 255 0 245 0 0 255 0 255 0 145 0 0 175 255 255
    255 255 0 0 0 178 255 255 193 255 0 255 110 255 0 192 255 255 49 255
    0 255 0 255 0 255 255 255 81 0 255 27 255 0 0 255 216 255 0 0 0 255
    0 255 0 255 0 255 255 255 88 0 255 255 255 42 0 0 0 255 0 0 212 117
    255 255 222 0 0 64 0 255 255 255 255 255 0 255 0 255 0 255 0 0 0 0
    120 44 255 255 255 0 255 0 255 255 0 0 171 255 255 0 255 60 255 137
    133 255 0 0 0 0 255 0 255 255 255 255 0 0 0 255 255 255 207 0 0 143
    0 0 255 0 186 255 208 226 255 0 0 0 43 170 0 94 255 0 255 255 255
    133 57 0 141 0 194 255 255 0 16 255 255 160 72 0 255 216 0 255 239
    255 12 0 0 0 255 255 10 0 255 255 255 0 255 0 255 0 255 0 25 255 255
    103 0 255 255 0 0 255 161 255 0 0 255 0 255 0 255 0 255 68 0 255 0
    255 0 255 255 255 0 0 0 255 255 255 223 255 0 34 0 255 255 255 126 0
    255 0 255 0 255 0 0 158 0 255 255 255 90 255 255 0 0 0 0 255 0 99 0
    40 222 0 0 174 0 255 62 255 255 135 0 255 255 255 0 0 255 0 255 0
    201 7 255 255 255 0 0 129 178 255 0 0 212 255 0 135 255 255 237 0
    255 195 255 255 255 255 0 255 0 255 255 255 31 255 0 0 0 46 255 255
    170 0 14 0 0 0 0 255 58 255 0 255 91 163 202 255 0 223 0 255 255 0 0
    0 0 255 0 255 141 255 0 198 0 255 255 255 0 255 255 255 226 0 0 255
    0 0 109 255 255 191 0 0 0 173 0 103 0 87 255 0 255 255 255 0 0 0 207
    255 0 0 239 255 255 0 0 255 0 255 0 255 0 48 0 84 255 37 255 0 0 0
    255 255 87 0 255 0 255 255 0 105 0 255 0 255 0 0 0 233 255 0 255 189
    0 0 255 255 221 255 0 255 0 255 255 255 255 23 22 255 255 0 0 0 255
    255 83 0 255 0 255 0 255 255 255 0 160 176 255 255 0 0 255 0 255 0
    255 255 255 255 0 255 34 0 91 0 0 255 255 0 0 255 255 0 0 244 255
    255 0 0 255 0 190 0 0 0 0 255 138 255 255 240 0 245 0 0 255 254 255
    0 0 248 0 207 255 255 0 0 0 255 255 255 131 255 97 255 255 0 255 0
    211 255 255 255 0 90 0 0 0 0 255 255 204 0 193 223 0 255 0 255 0 255
    5 180 5 255 255 255 0 255 255 255 0 0 0 255 255 255 16 0 0 0 0 0 0
    77 0 255 215 255 255 255 0 255 0 1 255 0 255 0 0 255 255 0 255 255
    146 255 0 255 0 255 0 0 255 0 255 255 255 0 255 255 255 255 0 255 0
    255 255 255 0 255 0 0 0 255 255 98 255 0 239 0 12 255 0 255 255 110
    0 0 255 0 0 208 0 255 255 0 136 255 0 255 0 39 255 255 255 0 255 0
    239 0 255 121 255 255 0 96 255 0 255 255 109 0 0 0 255 0 0 0 0 255
    180 255 0 123 99 95 0 0 255 255 0 255 125 255 0 255 255 255 0 0 0
    255 0 255 104 255 0 0 255 0 255 156 255 0 0 255 255 255 0 0 255 0 0
    255 255 216 0 0 255 29 255 0 0 0 252 255 255 0 255 31 255 255 255 0
    255 0 255 255 0 60 0 20 255 255 255 194 68 0 0 0 0 186 255 255 255 0
    255 0 247 0 0 0 184 0 255 255 0 0 0 0 255 255 255 0 0 0 255 255 255
    0 255 57 0 255 0 255 0 0 0 255 31 255 0 0 0 0 255 0 0 0 16 255 255 0
    255 0 255 0 255 2 255 255 0 0 0 37 255 254 166 0 255 255 139 208 168
    49 255 0 255 48 0 255 248 255 0 255 0 255 225 242 0 255 0 0 4 0 101
    255 0 255 70 255 0 88 0 0 0 159 0 255 9 255 255 255 0 0 0 255 255
    255 255 0 20 0 0 0 255 255 0 255 116 255 0 0 90 255 211 255 0 255 0
    21 255 0 0 255 0 255 0 0 255 255 255 0 255 0 255 255 0 170 255 190
    255 0 0 0 255 151 255 0 78 0 0 255 255 0 255 255 255 0 0 0 255 0 0 0
    0 255 255 91 0 0 255 78 148 255 183 0 0 0 0 13 255 191 0 255 0 255 0
    255 0 255 0 0 255 118 255 0 0 6 0 255 255 241 255 255 255 255 255 0
    0 0 255 255 255 108 0 0 0 0 255 0 106 255 255 255 0 0 180 0 255 0 0
    255 255 255 0 255 255 255 255 0 255 255 0 0 0 255 255 252 121 243
    195 0 0 0 0 255 255 255 0 0 255 255 255 0 0 0 77 255 255 0 255 0 255
    255 57 255 0 0 90 255 255 0 0 0 0 2 0 255 255 0 0 0 0 255 0 0 206
    255 92 1 165 255 223 255 255 0 255 37 53 131 255 0 0 0 255 0 0 43
    255 255 0 0 0 0 108 255 0 255 255 255 0 0 0 255 63 255 0 255 65 255
    255 86 0 0 0 0 255 0 0 0 255 43 255 255 255 78 255 206 0 92 255 255
    0 0 0 255 0 255 0 255 80 0 255 0 255 255 255 138 0 255 0 255 0 255 0
    0 255 156 0 255 255 255 0 129 255 255 255 0 0 0 0 0 255 0 255 29 0
    147 255 255 255 0 255 0 255 214 54 0 0 0 0 255 255 0 0 18 0 0 255
    255 255 55 0 0 226 255 99 176 0 255 0 255 0 31 0 0 255 255 255 162
    66 0 0 0 255 0 0 255 255 255 0 0 0 255 0 255 0 255 255 255 0 0 0 255
    255 0 0 84 255 198 255 255 107 255 0 0 255 255 255 249 255 0 0 255
    255 0 0 146 255 255 239 255 0 0 0 0 93 0 73 255 223 68 0 4 255 161
    255 0 173 0 180 255 255 255 0 0 255 255 191 136 255 0 255 45 175 0
    255 0 0 0 120 255 191 255 255 0 0 255 213 255 0 0 0 0 42 255 255 255
    255 65 255 0 255 0 255 0 0 0 255 0 0 0 139 255 255 0 0 255 255 0 255
    255 0 0 255 161 255 255 0 255 255 255 32 0 14 0 255 35 255 0 225 255
    255 0 203 0 255 255 255 255 255 255 255 130 255 0 0 0 255 0 0 0 132
    0 0 255 0 0 0 255 255 0 0 0 255 255 255 0 0 50 0 255 255 255 255 158
    0 255 20 255 143 161 0 255 228 255 0 0 0 255 0 255 255 0 255 0 255 0
    217 255 158 0 0 140 0 0 255 131 180 0 255 255 0 255 215 255 0 200
    220 0 255 0 255 111 0 0 0 255 255 255 182 182 255 0 185 255 139 31
    255 0 255 0 0 0 255 255 251 0 255 0 75 0 12 0 0 255 255 0 0 119 0
    255 255 0 0 11 255 255 177 0 0 200 255 255 0 70 255 0 0 0 183 255
    255 255 255 0 0 255 0 255 0 255 255 255 93 0 0 0 0 255 255 255 253
    244 0 255 0 255 72 0 0 0 255 191 31 255 255 0 0 255 0 255 255 255 0
    255 255 255 0 85 172 255 0 0 0 255 111 0 254 255 255 255 0 0 0 255 0
    141 0 255 255 96 0 255 0 56 255 255 255 0 255 0 23 0 0 255 255 0 0
    255 255 255 236 0 255 255 255 0 132 255 255 255 255 255 0 0 102 255
    0 255 204 255 65 255 105 255 0 255 0 0 0 255 0 0 255 0 110 255 255
    72 255 0 255 0 0 0 0 0 0 210 255 0 255 0 0 156 255 0 0 0 0 255 0 255
    255 255 0 0 255 184 255 255 0 0 0 0 0 71 255 137 102 0 0 171 255 0 0
    0 255 135 0 255 57 0 29 255 0 255 36 221 0 10 0 255 255 0 255 144 0
    0 255 0 255 0 26 255 255 255 0 169 0 0 255 0 255 154 61 255 0 206 0
    187 255 0 0 0 255 0 0 0 0 255 255 255 0 255 234 255 255 0 61 26 112
    224 255 255 255 255 0 0 0 162 255 0 255 0 255 0 18 49 255 255 148
    231 0 255 124 0 0 105 255 0 38 0 255 0 255 0 0 255 0 0 231 255 227
    255 255 255 195 255 0 141 0 51 255 255 255 0 255 75 255 0 87 13 215
    161 0 255 168 255 0 0 255 255 0 0 255 219 202 0 47 0 0 255 255 255 0
    0 255 255 20 0 223 0 255 11 255 62 0 72 255 255 0 223 255 255 255 0
    255 255 255 177 255 255 255 0 0 0 0 255 255 235 0 70 0 255 121 255 0
    255 0 255 0 0 0 255 0 255 57 0 0 0 255 0 255 255 255 45 0 255 0 255
    255 183 255 0 255 0 16 0 255 0 255 0 255 0 255 255 0 0 255 255 0 146
    100 255 255 255 68 255 0 255 0 104 255 0 0 0 0 255 255 0 154 0 255
    255 255 255 0 0 241 255 9 246 0 255 116 123 0 210 0 255 212 255 255
    0 0 0 0 217 255 38 218 126 0 255 0 255 0 255 255 255 255 255 255 0
    70 255 0 0 255 0 255 0 106 255 136 0 72 0 0 0 0 255 255 255 0 0 0 0
    158 0 0 0 255 255 255 0 0 0 255 255 255 0 255 88 231 255 0 0 255 255
    36 0 0 255 0 255 0 255 0 0 109 255 105 255 78 199 255 255 255 0 46 0
    4 255 255 83 45 255 255 0 255 255 255 111 77 255 255 255 0 0 0 0 54
    0 0 255 255 211 0 0 244 116 0 255 0 255 0 255 42 255 0 255 0 255 0
    230 0 255 255 255 255 0 255 0 0 0 0 0 255 255 0 255 255 0 0 0 255 0
    255 255 75 62 186 255 97 173 255 0 0 0 255 255 0 113 237 255 219 0 0
    255 0 143 255 0 255 255 255 0 0 255 255 43 255 255 0 126 138 255 0
    255 255 0 0 0 255 0 255 0 255 255 36 142 255 255 11 0 0 255 0 0 47 0
    255 255 255 0 0 0 36 0 110 255 255 0 0 0 255 255 46 255 0 255 0 255
    255 0 0 255 255 255 0 255 255 0 255 0 253 255 0 212 255 231 176 246
    0 0 255 0 0 0 255 255 0 0 0 255 154 255 255 255 185 255 255 0 0 255
    0 0 199 255 255 79 0 207 255 204 0 0 0 218 255 0 0 0 0 222 255 239 0
    0 71 0 255 0 255 249 255 0 20 195 255 255 0 0 255 255 0 0 0 255 61 0
    193 255 86 228 183 255 0 255 0 0 0 255 0 255 0 255 115 255 0 255 173
    255 0 14 0 0 0 255 255 255 0 0 189 0 0 0 255 255 255 0 217 0 255 0
    157 0 255 0 255 255 255 204 255 0 255 0 54 149 251 255 255 0 0 0 255
    0 255 255 255 255 255 42 232 255 255 0 255 255 0 210 0 0 0 0 0 233
    255 99 0 0 255 14 68 114 0 25 255 255 22 0 0 0 0 255 126 59 255 255
    0 146 255 0 0 0 255 184 255 255 0 0 255 255 0 0 0 255 0 255 2 255 69
    255 255 255 103 255 255 255 0 0 255 255 0 255 0 0 0 0 255 255 0 0
    255 224 255 152 255 255 0 102 137 255 0 255 255 0 0 77 255 0 0 122
    255 181 255 255 255 68 255 255 61 24 255 255 0 0 77 255 255 0 181 0
    162 67 255 255 0 255 194 0 0 157 255 255 117 255 0 137 255 255 0 46
    130 255 255 0 247 255 255 91 0 255 255 0 0 0 0 255 255 0 0 0 255 255
    255 0 0 255 255 255 188 46 0 0 196 255 255 0 0 255 0 255 255 255 0
    255 0 255 0 6 0 0 208 255 255 168 0 248 0 255 0 0 40 240 255 0 0 0
    87 0 0 10 0 255 255 255 0 253 0 255 0 255 71 0 255 255 0 0 110 255
    168 0 247 255 255 255 0 255 255 0 100 255 0 255 0 0 0 255 212 163
    255 0 255 0 178 0 255 0 255 0 255 126 65 218 0 255 0 255 159 255 255
    255 120 0 0 255 255 0 255 0 0 0 255 255 255 223 255 255 255 255 255
    0 255 0 88 143 0 0 255 255 255 255 255 0 0 0 255 255 136 255 255 255
    0 255 0 255 255 255 110 145 0 0 239 195 255 146 255 255 0 255 0 0
    255 0 255 0 255 0 12 255 249 255 64 0 0 80 255 255 148 0 255 255 255
    255 0 199 0 255 255 24 0 41 23 255 0 83 0 255 0 0 174 255 53 65 255
    255 0 0 255 42 20 54 255 255 211 0 0 0 0 255 0 0 255 255 0 41 0 232
    255 232 0 0 255 0 201 40 255 255 255 0 0 255 0 65 0 0 0 255 250 0 47
    0 61 0 255 0 0 0 96 255 255 0 255 212 255 108 255 255 255 0 0 35 255
    255 255 0 0 255 209 0 0 0 0 0 0 255 255 255 0 0 112 255 255 255 255
    189 0 0 21 0 0 0 216 0 213 213 255 255 255 255 97 38 255 0 255 135
    255 0 0 0 0 255 0 216 255 255 0 0 255 255 255 88 17 0 0 255 0 154 0
    255 216 193 255 0 0 255 255 255 88 255 255 255 255 255 0 0 0 255 255
    54 0 0 239 0 16 0 255 255 0 255 77 255 0 255 255 255 255 255 0 232
    255 0 76 255 0 255 0 255 0 0 56 0 131 155 255 0 255 231 145 0 0 255
    255 255 192 0 255 0 179 21 255 0 0 0 0 255 255 255 0 0 0 255 255 186
    0 255 255 255 255 255 0 130 0 48 255 0 255 0 255 255 0 255 177 255
    53 0 87 0 255 255 0 31 216 0 255 255 255 255 119 0 0 0 255 255 255 0
    0 206 255 244 0 108 255 255 28 0 85 0 0 0 255 255 255 0 252 0 0 0
    255 255 255 255 0 255 0 146 0 255 0 106 255 255 0 75 255 0 0 0 0 255
    255 255 146 0 255 0 53 169 65 255 138 0 255 255 133 96 0 255 255 255
    255 119 15 0 72 0 0 255 255 255 255 255 255 255 0 255 255 0 0 0 0 0
    255 255 255 255 0 91 255 255 0 0 255 255 147 0 0 244 0 255 255 0 255
    0 135 136 0 0 255 255 255 0 0 255 190 255 0 255 0 255 0 0 133 255 44
    32 0 197 0 255 255 255 0 0 255 0 255 0 255 0 243 0 41 0 255 0 236 52
    255 255 217 0 0 131 255 27 251 0 0 0 255 255 217 255 0 0 255 255 255
    0 0 0 255 167 0 194 255 255 0 255 1 0 115 0 255 0 255 255 255 0 0 0
    255 0 255 0 0 249 255 255 255 0 126 255 255 255 255 255 255 118 255
    0 107 0 216 255 60 255 255 0 0 255 0 255 255 0 0 255 0 255 0 255 0
    121 255 255 0 255 0 255 172 0 226 255 255 0 255 0 175 151 100 99 255
    0 255 0 255 255 255 29 255 0 0 0 0 255 0 0 255 0 161 0 255 0 0 0 255
    101 0 0 0 255 0 255 0 171 0 160 78 255 255 5 49 255 0 142 0 160 0
    255 0 255 255 255 0 0 255 0 190 0 0 255 91 0 255 0 112 185 140 0 0 0
    159 0 255 0 255 0 255 0 255 255 255 211 255 0 20 255 113 65 0 255 0
    0 0 0 255 0 255 255 181 0 0 255 52 0 255 0 255 69 0 128 150 255 255
    0 0 0 0 206 255 0 0 0 255 255 255 0 44 255 0 79 255 255 0 0 0 0 176
    0 0 198 255 0 0 190 243 255 0 0 171 0 0 255 255 255 128 0 255 153
    196 255 0 100 0 0 0 0 255 255 193 255 0 255 255 0 0 96 255 0 178 255
    155 255 255 222 0 0 255 200 102 108 0 255 104 0 0 0 255 182 0 255 0
    255 0 255 95 255 0 255 38 27 255 52 0 0 255 255 255 0 0 0 0 0 0 255
    255 0 162 0 0 0 255 0 255 0 255 0 0 255 255 0 0 255 255 255 0 0 240
    117 255 0 0 0 255 0 255 0 255 0 255 255 255 255 255 86 190 0 255 255
    0 0 255 0 22 0 0 95 255 255 86 131 0 68 0 119 0 255 0 65 255 255 0
    255 0 255 0 255 255 255 159 135 0 255 255 223 255 0 0 0 0 255 0 0 0
    255 255 0 180 43 0 255 0 255 0 232 167 255 0 0 0 255 217 255 0 130
    255 255 0 0 0 0 255 255 251 85 255 255 255 255 255 134 255 0 97 247
    0 0 0 69 212 196 255 2 255 255 255 0 168 0 0 255 0 255 0 0 0 0 34
    229 0 255 209 0 255 255 255 0 184 0 255 255 255 90 0 0 0 0 255 0 255
    255 255 255 0 0 255 255 0 255 0 255 0 99 186 255 255 0 0 255 65 52 0
    0 0 0 255 245 0 5 0 255 255 190 0 0 255 255 0 255 0 94 0 104 0 255
    50 0 0 138 0 0 255 255 0 0 0 255 255 0 0 0 255 255 0 0 255 199 255
    235 60 0 0 255 31 0 0 171 255 0 255 181 255 255 0 0 0 59 0 198 0 255
    255 0 0 255 32 255 255 0 0 0 255 255 255 255 255 0 0 0 0 255 0 255 0
    8 0 255 0 104 0 255 201 255 0 0 255 89 255 0 255 0 0 255 255 255 0
    255 194 255 0 13 255 255 0 0 255 255 0 164 255 0 0 0 255 255 255 174
    0 91 255 183 0 250 255 255 0 0 255 0 0 0 0 194 255 255 255 0 1 0 158
    255 233 0 0 0 255 86 0 0 0 0 0 0 53 255 255 0 255 255 0 255 0 255 0
    255 0 255 255 255 255 0 255 0 21 255 255 0 0 0 0 255 255 0 0 255 255
    255 0 0 168 255 119 255 255 0 255 0 255 255 0 0 29 255 68 0 0 255 0
    255 255 31 0 0 255 255 255 255 255 0 255 255 0 255 0 0 0 0 255 255
    231 0 0 90 152 255 255 255 0 255 0 0 173 255 255 0 49 255 255 255
    255 0 255 0 255 169 255 0 255 255 0 51 0 255 2 0 255 255 0 0 255 255
    0 0 255 255 0 124 255 255 0 255 0 255 0 26 255 255 0 0 33 60 0 255
    255 255 0 178 0 255 0 255 225 255 0 0 0 222 72 255 255 0 0 100 0 0
    255 255 153 174 255 8 0 255 0 255 0 255 0 255 83 255 48 0 0 0 0 255
    255 255 255 255 255 90 255 255 0 0 46 255 0 255 0 255 255 255 255
    225 0 0 117 255 0 0 255 0 255 0 0 255 251 255 255 0 79 0 130 0 255 0
    0 0 71 255 0 255 166 37 255 147 255 255 0 255 255 0 255 255 255 255
    255 255 255 255 255 0 0 0 255 168 117 0 0 255 255 0 0 255 192 0 66
    255 255 0 0 0 0 255 143 0 0 0 0 255 255 255 0 255 0 255 0 0 0 0 174
    255 255 157 255 255 0 255 121 0 255 0 245 0 255 255 46 255 163 255 0
    255 255 255 0 0 181 255 255 137 0 163 255 255 255 0 255 203 0 255 0
    128 0 255 3 0 79 148 255 255 255 255 0 0 255 255 255 255 0 0 0 255
    255 255 130 0 0 0 0 0 255 149 255 0 255 242 255 0 0 6 255 255 255
    255 0 255 255 0 164 0 255 255 255 0 0 0 3 255 0 255 0 152 0 255 138
    255 0 255 0 255 255 255 255 0 76 0 255 0 255 0 255 0 255 255 255 60
    255 0 29 0 168 90 0 238 0 255 255 255 255 0 0 255 255 122 28 0 255 0
    255 167 255 0 0 0 255 255 175 181 0 255 255 255 255 0 220 200 255
    114 255 255 0 0 0 255 0 0 201 255 255 0 57 255 255 0 0 80 255 206 0
    0 255 255 0 255 255 0 255 255 255 0 0 0 162 255 255 0 255 0 255 0
    162 255 255 255 0 0 0 32 245 0 255 255 255 98 54 0 0 0 85 85 0 255 0
    0 0 62 0 0 255 255 255 255 0 129 255 255 0 255 255 85 0 0 255 0 255
    26 255 0 255 255 0 255 0 0 0 255 255 255 0 0 0 255 255 255 255 0 0
    255 46 0 153 255 255 255 0 255 0 255 255 0 0 0 255 0 0 0 109 255 76
    255 0 0 0 0 255 255 255 255 81 0 0 0 244 255 255 0 0 87 255 255 0
    255 114 255 0 255 0 255 0 255 0 255 0 0 255 252 0 255 0 255 136 248
    0 255 255 255 0 253 255 255 0 255 0 0 0 0 0 0 255 255 255 255 0 0 0
    0 255 255 255 255 0 0 0 255 0 22 77 255 0 185 0 0 0 207 255 255 255
    0 255 0 0 255 198 255 0 132 255 0 79 255 174 97 255 0 255 255 255 84
    255 0 255 255 0 239 255 0 255 0 255 0 255 22 0 0 0 255 0 255 255 255
    0 0 0 0 0 255 176 255 0 0 0 0 0 255 0 255 123 255 183 255 0 255 255
    59 0 0 0 255 0 255 0 62 0 255 213 255 239 255 187 0 0 0 0 0 13 185
    255 255 187 0 255 25 255 0 171 0 137 0 0 76 255 173 0 0 255 255 0
    169 0 0 41 109 255 0 235 0 13 255 255 0 82 0 255 48 255 0 0 0 255
    255 179 0 0 255 0 255 58 0 78 53 255 0 107 255 0 0 0 0 255 56 255 0
    0 0 255 33 255 0 255 0 255 187 0 0 255 255 0 255 255 255 0 255 255
    255 255 255 255 255 0 201 54 179 255 0 255 0 255 255 113 236 0 255 0
    255 0 255 177 91 17 255 114 0 255 255 0 0 122 141 255 0 218 0 255 0
    153 0 255 255 217 255 0 255 255 0 0 255 0 255 129 0 0 0 0 0 255 255
    255 0 135 137 255 0 41 255 0 182 0 255 242 255 143 182 0 0 0 20 69
    255 0 0 160 255 87 255 255 42 0 255 255 0 0 0 255 0 49 0 0 0 0 0 0 0
    255 255 255 48 255 255 94 0 93 102 0 255 0 255 255 5 56 255 255 255
    49 0 0 219 255 255 0 0 255 255 255 251 255 255 0 246 0 0 108 255 0
    12 68 157 255 255 0 255 0 0 0 255 0 255 0 0 0 255 0 255 0 0 0 255
    255 0 0 62 0 24 180 255 204 255 255 255 114 255 0 237 255 255 255
    255 0 200 0 0 0 255 255 0 172 0 255 226 255 255 0 0 0 194 255 87 214
    31 0 255 255 255 219 102 255 0 255 255 0 255 0 255 0 124 0 0 255 255
    255 255 255 255 0 0 255 0 255 0 255 112 195 255 255 8 0 226 0 0 0 0
    0 0 0 0 0 159 255 255 255 0 181 255 255 0 255 255 255 145 0 0 0 0
    255 255 255 0 0 0 255 255 166 0 255 0 0 0 255 255 0 87 0 255 59 255
    255 0 255 0 0 0 255 255 154 0 0 255 39 0 0 255 0 0 255 255 247 255 0
    52 179 255 0 0 0 255 0 0 233 255 255 0 0 255 0 0 255 255 64 255 0 25
    0 0 0 0 255 75 255 6 255 255 242 103 0 160 255 87 0 0 0 243 255 133
    0 0 186 0 255 0 255 0 255 255 255 80 74 0 0 0 255 0 0 246 255 255 51
    228 46 255 0 255 0 0 180 255 255 0 255 255 20 0 0 255 0 151 0 255 0
    120 229 0 255 0 255 163 0 0 255 158 0 127 255 255 255 255 0 198 255
    251 255 60 0 0 255 0 255 0 30 0 0 181 255 255 239 62 224 67 0 255 0
    255 0 255 0 0 255 255 0 0 0 0 255 0 255 0 230 255 255 0 0 239 255
    250 0 104 255 255 0 206 0 0 0 97 0 0 0 255 0 255 148 255 0 15 255
    255 0 0 85 0 255 0 255 138 0 0 0 255 0 51 0 211 89 255 255 155 0 255
    0 255 100 0 0 0 255 0 0 0 255 0 255 0 255 88 0 255 255 0 201 0 0 255
    130 0 255 0 0 255 16 255 0 0 255 255 30 155 0 255 0 17 189 134 131
    255 0 255 55 0 0 0 255 255 0 0 0 255 255 0 255 255 0 24 0 255 118
    255 0 230 245 0 162 0 112 0 255 255 255 0 0 0 255 255 0 255 255 255
    21 0 0 5 0 255 121 255 0 255 0 0 0 242 255 71 255 0 168 255 153 255
    255 255 0 0 0 119 9 0 255 0 106 233 255 255 255 0 255 0 22 0 255 255
    24 0 0 255 0 255 255 0 0 255 55 255 0 0 16 255 255 0 0 0 255 255 0 0
    0 105 0 255 0 63 63 255 0 255 255 255 0 101 0 255 255 255 220 0 0 0
    255 0 0 255 0 255 168 255 255 185 255 18 0 255 0 0 0 28 255 166 255
    0 253 255 255 255 255 0 237 255 0 255 128 0 0 0 255 0 0 136 255 255
    0 15 255 255 255 255 212 0 0 0 255 255 255 255 255 255 0 0 255 0 127
    139 255 0 255 104 0 255 0 255 255 255 255 174 142 255 0 0 0 0 0 0
    255 128 255 255 140 222 0 255 0 0 0 255 0 255 255 255 115 0 255 238
    255 0 0 0 255 255 0 0 0 255 255 255 0 255 0 255 255 0 255 255 0 255
    255 0 255 0 255 0 22 0 255 0 0 0 0 255 132 255 0 178 0 185 255 255
    255 173 0 0 255 255 255 0 0 0 0 255 0 255 255 255 117 0 0 255 94 255
    255 0 255 92 0 255 255 255 255 255 255 0 155 0 15 0 255 0 0 228 0
    103 0 95 255 255 0 0 255 0 0 0 255 255 123 0 0 0 0 6 255 0 0 0 0 0
    255 255 255 0 0 0 255 0 255 255 0 0 255 0 255 255 255 255 255 0 0
    255 255 201 0 255 255 143 181 0 121 255 75 0 0 0 0 113 255 255 57 0
    71 0 34 0 0 255 255 255 0 255 255 255 74 255 255 0 0 22 150 255 234
    0 234 224 154 0 156 9 255 243 198 0 0 0 29 17 250 255 0 255 0 0 10 0
    255 0 206 152 255 255 37 255 0 0 241 255 157 0 151 255 33 0 255 158
    0 255 255 205 255 0 255 83 0 251 0 255 108 0 135 224 0 255 43 180
    255 255 0 255 0 255 0 255 255 255 255 0 0 0 255 0 255 0 255 255 255
    0 0 0 255 255 255 255 255 255 255 224 0 0 0 255 48 0 0 255 255 125
    195 255 0 255 0 83 255 255 255 0 255 0 255 0 7 255 255 0 0 0 255 0
    255 255 255 0 255 127 255 255 129 255 248 255 255 180 146 0 0 0 255
    0 0 99 255 255 255 170 128 67 0 255 255 255 0 166 255 255 0 0 255
    255 255 0 255 0 255 138 255 255 145 69 0 0 255 0 0 0 177 255 255 0
    241 0 0 255 0 0 0 0 68 224 255 255 50 0 255 255 0 0 0 97 255 255 221
    0 0 255 255 255 255 255 0 0 0 255 0 255 106 0 0 255 255 255 0 0 255
    255 108 195 255 0 52 0 255 255 157 255 85 86 255 255 255 255 33 0 0
    49 255 255 0 255 0 162 169 255 0 255 0 255 0 255 0 255 0 0 255 255
    255 145 255 208 255 255 255 0 0 0 255 12 255 0 255 0 31 0 255 82 159
    0 137 255 255 255 0 255 102 255 255 255 138 255 0 0 255 0 255 0 255
    255 255 255 0 0 255 255 255 0 240 255 255 0 0 0 0 70 255 0 255 0 255
    255 0 90 105 0 255 255 0 209 0 255 255 255 255 0 0 255 255 96 0 0
    255 0 255 255 5 0 0 0 27 45 255 255 56 255 2 47 0 255 255 255 0 0
    185 255 255 255 255 255 175 0 0 0 0 0 255 255 46 0 255 0 0 0 255 255
    255 0 0 0 255 108 255 255 0 255 0 181 255 0 0 255 255 255 255 255
    198 255 235 141 255 0 255 0 0 0 231 255 93 255 0 192 237 33 0 162
    136 0 255 0 35 255 255 0 255 255 0 0 255 0 255 0 255 0 0 255 255 255
    0 7 0 255 0 255 106 0 89 255 255 0 255 0 255 0 0 255 255 0 0 0 255
    255 255 0 255 0 255 0 255 0 255 0 74 255 89 0 255 255 255 74 0 172 0
    98 255 255 244 4 0 0 42 0 28 0 255 135 255 210 0 255 255 255 255 0
    255 0 154 86 0 255 255 255 0 105 0 255 255 0 217 255 0 0 185 39 0
    113 255 18 0 0 112 8 0 0 255 23 255 255 36 0 0 79 255 255 157 0 108
    0 255 255 255 0 0 0 255 0 255 76 255 0 0 255 39 0 0 39 0 0 0 255 0
    255 255 255 0 0 255 255 0 0 48 0 0 0 0 255 172 255 255 255 57 0 0
    255 0 255 255 153 0 198 255 172 106 255 255 0 0 255 255 82 0 0 255
    255 255 0 0 255 255 255 143 255 255 0 0 3 0 255 0 176 150 6 0 0 23
    255 141 0 255 255 255 0 0 255 13 255 0 255 255 191 0 0 255 0 255 154
    255 0 128 255 255 255 0 0 255 36 255 255 255 255 0 255 0 255 255 255
    255 255 255 255 0 255 0 0 255 0 25 0 255 0 255 253 0 0 78 255 0 0 0
    0 255 0 180 105 26 0 72 255 255 141 0 0 0 29 255 255 255 0 63 255
    255 255 0 255 255 255 210 0 0 0 0 255 0 0 0 0 255 0 105 0 255 255 28
    0 0 24 196 255 255 0 0 255 255 255 0 0 252 255 255 1 0 157 239 111 0
    108 0 255 255 0 121 156 255 255 255 0 0 0 255 255 255 48 0 38 0 220
    255 0 0 0 0 255 169 255 14 255 0 255 255 255 0 0 0 0 255 245 0 0 255
    35 255 0 255 0 255 255 0 255 182 255 0 0 255 231 231 24 92 0 0 0 98
    255 255 26 0 0 255 40 255 255 255 255 0 255 255 255 0 0 0 255 255 0
    222 0 0 0 126 0 255 255 0 255 255 0 110 190 255 0 0 255 63 0 0 255 0
    255 0 0 191 255 255 0 39 0 255 255 255 50 0 255 0 255 255 255 0 255
    139 255 255 0 0 0 255 255 255 255 0 0 120 255 0 255 253 0 0 0 255
    119 0 255 0 56 0 255 0 0 124 255 25 0 6 0 255 47 255 255 255 0 0 164
    255 19 0 0 0 255 255 255 255 0 0 255 121 255 255 255 255 0 0 0 155
    255 255 0 255 255 255 0 255 0 255 255 0 0 0 255 187 0 0 0 0 255 0 53
    255 0 0 0 0 166 255 176 0 195 255 255 0 0 205 73 0 0 0 0 18 255 255
    0 79 188 255 0 0 255 255 255 0 107 255 45 0 213 0 255 0 0 0 255 0
    255 0 167 0 255 255 255 0 255 0 255 0 0 150 193 255 0 0 0 24 255 255
    255 0 255 58 0 0 0 156 255 78 0 0 0 0 255 255 255 0 69 255 255 0 255
    255 255 255 255 0 0 0 0 255 208 0 0 0 255 255 0 0 0 255 152 255 19 0
    0 0 255 255 255 255 206 0 255 255 0 255 89 0 0 255 0 255 0 0 255 0
    255 255 0 0 0 248 94 0 196 12 255 255 100 0 235 255 255 255 255 208
    0 110 204 241 0 0 255 255 0 255 255 255 0 0 0 0 0 0 255 187 0 0 255
    0 205 255 0 0 69 0 255 255 255 87 70 248 255 0 255 255 0 92 0 255
    255 255 255 255 0 145 0 255 143 255 0 0 255 23 255 0 0 179 255 255
    255 0 0 255 255 0 255 0 255 0 255 255 255 0 58 123 112 0 243 187 255
    0 152 0 255 228 170 0 0 0 0 255 255 255 69 0 255 0 63 0 255 255 255
    0 145 6 163 0 197 0 75 255 255 15 255 0 29 0 255 0 255 255 0 255 205
    255 0 0 0 255 255 151 128 0 0 0 0 0 0 255 255 0 255 0 0 207 0 255 0
    255 255 0 156 0 255 156 255 0 0 0 68 0 255 255 179 0 0 0 55 0 255
    255 50 253 255 0 161 0 255 67 122 0 255 255 148 0 0 255 0 255 0 255
    171 255 31 255 0 0 127 0 255 0 255 0 255 0 255 0 45 255 183 255 0
    255 183 255 0 255 0 255 255 0 0 0 255 0 255 0 255 255 255 255 0 0 0
    255 0 96 35 0 255 0 185 0 0 13 0 0 0 255 255 255 0 255 103 250 0 154
    255 255 220 0 180 0 0 0 255 113 212 0 107 150 0 255 0 255 0 0 141
    255 255 207 239 0 0 0 255 255 255 0 0 0 0 255 255 255 0 0 203 0 142
    0 133 0 79 255 255 255 255 0 0 0 255 255 0 173 252 255 255 255 128 0
    255 255 195 0 255 255 183 0 0 44 86 255 247 255 255 0 255 183 0 221
    255 255 52 34 136 252 227 190 255 0 255 164 48 0 0 255 255 255 255
    255 255 255 226 255 0 255 0 0 255 214 241 0 255 255 0 0 0 0 255 255
    255 0 109 0 0 161 140 223 254 0 90 0 255 0 255 0 201 237 255 153 0 0
    0 0 203 255 0 255 175 0 255 217 255 0 255 255 255 25 0 16 255 255 0
    0 255 255 255 0 0 0 255 0 0 0 255 255 255 0 0 255 171 27 0 255 0 255
    0 0 0 255 255 255 0 255 0 0 0 0 255 0 255 255 255 0 0 255 47 0 93 0
    255 122 255 255 0 67 255 201 255 233 255 0 0 255 0 0 255 255 255 255
    255 0 255 0 255 149 0 0 163 255 255 255 255 131 255 255 255 0 121 0
    0 200 255 255 0 255 0 0 0 190 255 0 255 255 255 255 0 0 0 255 255 0
    0 255 245 0 255 255 255 255 0 255 0 255 0 254 255 76 255 0 0 255 255
    0 0 0 255 255 0 0 0 224 0 255 255 255 255 255 203 0 0 122 31 255 15
    23 0 0 255 255 0 255 174 0 0 80 0 0 0 36 255 0 255 0 255 255 255 0 0
    0 255 8 0 59 0 255 255 240 103 154 255 255 0 14 231 255 255 255 255
    0 211 0 255 255 0 255 255 255 0 255 0 255 0 255 166 255 175 0 0 0
    255 0 255 255 0 255 0 57 168 255 0 255 0 255 83 255 255 255 255 255
    255 255 0 195 255 255 2 0 255 9 255 255 87 0 217 255 255 255 255 0
    99 0 0 126 255 255 51 255 0 0 0 255 115 11 243 255 0 0 0 0 0 255 99
    255 255 0 234 184 60 0 118 174 255 0 109 0 255 255 0 121 0 255 0 0 0
    0 176 255 255 0 0 0 255 255 0 255 0 62 0 0 0 75 230 244 255 0 0 0
    168 0 0 0 150 255 174 255 255 0 0 0 255 255 255 255 255 0 51 255 0
    39 240 140 106 0 0 255 255 255 255 255 255 255 81 87 0 255 0 255 0
    255 255 255 255 0 164 0 255 0 255 0 202 0 19 255 255 224 0 0 0 0 255
    0 0 0 0 0 255 255 110 0 0 0 255 0 255 255 0 0 255 255 209 0 0 255
    255 0 0 0 183 0 0 0 104 255 255 255 255 28 0 0 255 0 255 0 255 0 0
    185 255 216 148 255 209 255 0 255 35 255 255 255 0 0 0 255 0 255 0
    255 0 255 0 0 0 255 255 255 94 255 155 255 0 0 161 255 255 0 163 0
    255 255 0 0 255 252 255 0 80 255 0 255 252 255 255 161 0 0 55 255
    255 255 195 0 0 168 255 255 0 0 0 0 255 170 255 108 255 255 255 0 0
    0 0 255 255 255 255 0 0 230 68 0 185 255 255 255 255 0 0 0 0 83 0
    222 255 255 134 255 57 0 0 0 0 255 255 255 255 0 0 0 255 255 0 0 255
    255 255 0 0 123 202 255 0 0 0 0 108 255 0 0 0 255 0 0 0 255 255 255
    0 46 255 255 0 255 255 0 0 0 0 255 104 0 39 255 4 0 255 255 255 255
    0 255 0 0 0 0 255 0 0 255 0 53 255 255 0 255 0 86 0 255 255 255 255
    0 0 255 0 170 0 0 255 255 199 255 255 196 0 0 255 255 0 0 255 0 255
    71 0 0 0 255 0 255 255 0 60 0 255 0 255 255 0 0 236 0 255 255 255 0
    0 255 0 0 232 255 0 255 0 255 0 0 0 0 255 0 255 0 255 101 0 0 0 255
    255 255 255 255 0 0 34 194 255 0 103 0 26 0 0 216 255 255 255 255 0
    0 255 199 172 118 0 249 0 0 0 63 255 0 89 255 0 255 0 255 0 255 152
    159 0 232 255 255 0 0 0 255 255 0 0 186 255 0 255 0 255 255 185 171
    0 0 0 255 166 255 0 25 138 0 0 255 0 255 0 39 0 255 171 255 255 255
    253 0 71 0 0 0 255 0 255 255 255 69 0 255 0 255 4 255 111 255 0 255
    255 255 255 255 0 255 139 255 0 0 0 255 255 150 255 255 255 255 0
    149 50 0 108 60 255 15 41 0 0 0 0 0 3 250 255 187 10 0 0 218 0 130
    255 255 255 0 0 255 231 157 0 255 0 0 0 0 255 0 34 0 255 0 0 0 206 0
    255 255 255 0 0 255 212 255 0 255 0 69 0 255 0 255 0 0 255 0 0 0 102
    255 255 0 0 0 255 255 255 255 255 0 0 0 255 230 0 0 255 255 0 0 0 0
    255 0 255 0 255 0 0 213 104 255 0 255 0 243 119 0 0 255 0 164 0 161
    0 255 255 255 255 154 0 236 255 0 255 0 195 255 255 9 0 0 0 255 34
    255 0 0 255 255 0 255 0 240 255 255 0 255 0 20 255 255 0 58 255 255
    0 255 255 36 255 0 0 0 79 255 255 255 63 163 255 0 255 255 0 0 0 112
    11 0 255 0 255 0 214 110 115 255 93 255 94 255 0 0 0 0 255 22 255 0
    120 255 207 93 0 0 86 255 255 255 255 255 0 255 0 255 255 255 0 255
    0 255 0 0 0 255 255 255 255 0 255 96 0 0 0 255 0 255 207 0 212 0 255
    255 143 112 0 0 0 12 255 0 255 255 255 255 0 255 0 255 0 255 0 255 0
    255 0 0 189 0 33 255 255 255 0 0 0 255 255 255 81 122 0 255 255 255
    0 153 0 0 255 255 255 255 0 255 66 255 0 0 0 0 0 60 255 255 255 0 87
    0 255 0 157 255 75 186 0 255 255 255 0 255 8 219 0 0 255 255 0 0 0
    255 255 255 255 0 0 0 0 255 255 255 255 255 255 219 96 0 255 255 184
    255 0 0 255 255 255 0 0 255 255 95 255 255 78 0 255 255 255 0 0 255
    255 0 0 255 0 255 255 255 158 15 0 0 151 255 255 255 0 0 255 255 255
    0 255 0 255 34 144 0 0 0 0 0 255 0 255 255 255 0 255 8 255 141 0 0
    113 48 0 0 255 254 0 255 0 255 255 0 255 0 255 0 0 0 126 255 0 255 0
    90 0 255 255 0 255 0 255 44 255 0 0 255 255 255 255 0 0 27 255 255
    255 0 0 0 255 0 255 0 255 157 255 0 0 0 0 255 69 255 255 255 255 43
    255 0 0 0 255 255 255 255 255 0 140 255 0 0 255 21 255 255 181 0 0 0
    255 255 255 4 0 0 113 255 150 125 205 255 129 28 7 0 82 0 255 255 4
    250 255 236 0 255 0 0 189 255 255 135 0 0 255 255 0 0 255 255 255 0
    255 244 0 146 0 255 255 255 0 0 0 245 0 0 0 255 255 85 255 255 0 0 0
    0 24 255 0 0 0 255 255 255 0 0 255 125 0 0 255 104 0 0 255 76 0 0 0
    196 255 224 255 255 0 0 177 255 255 255 0 255 137 0 0 0 255 255 170
    0 0 255 255 163 255 0 0 29 255 255 0 142 70 87 37 255 35 0 0 255 255
    255 65 173 255 29 0 255 115 255 255 122 0 0 0 255 211 255 255 106
    255 255 0 90 0 206 255 59 0 255 0 255 0 255 255 255 0 81 0 255 255 0
    164 0 77 14 255 150 0 0 0 255 255 102 255 0 255 0 233 0 255 0 0 255
    255 255 0 29 255 255 255 78 255 0 0 0 255 255 255 0 255 0 255 184
    255 215 0 0 0 0 255 255 5 0 255 41 255 0 255 0 29 255 255 255 0 0
    170 128 0 0 255 0 255 0 0 0 0 255 255 255 0 0 0 221 255 255 0 0 0 0
    255 0 255 0 255 255 0 255 0 0 255 255 166 135 0 77 216 64 255 0 255
    146 255 0 0 21 0 0 90 255 28 0 0 255 255 0 0 82 186 255 255 255 0
    255 0 0 0 255 255 255 0 0 0 255 255 255 255 255 42 0 0 0 255 255 53
    0 255 255 0 0 0 0 0 5 255 0 255 190 255 0 0 0 255 167 255 0 255 203
    70 0 0 0 56 255 255 117 255 255 0 0 0 255 40 105 82 255 0 6 2 0 0
    110 255 255 255 0 255 255 255 6 0 21 0 255 255 0 0 107 0 109 255 0 0
    0 255 0 3 0 255 0 0 0 0 255 234 0 0 130 0 255 0 241 255 206 0 0 31 0
    255 207 184 0 246 248 255 255 0 0 0 255 255 255 0 179 255 255 255 0
    0 0 0 255 255 17 0 255 255 0 255 0 0 0 255 0 120 177 255 255 0 130 0
    0 0 255 255 255 0 255 0 243 0 0 255 0 0 0 69 167 255 255 0 0 255 255
    255 0 0 255 255 89 255 0 0 243 255 255 255 255 255 164 0 255 0 128 0
    255 255 255 160 0 186 255 0 0 0 255 255 255 0 255 0 0 0 0 230 0 255
    0 0 0 255 255 255 0 255 0 255 7 255 40 255 0 149 0 72 255 255 0 0
    229 255 255 0 255 0 255 255 0 35 0 255 255 255 255 255 255 0 0 255
    156 19 11 47 12 255 0 255 100 255 0 0 0 0 255 109 0 255 255 113 255
    0 255 0 255 0 255 0 0 147 255 255 0 255 237 0 0 105 0 255 0 255 255
    152 255 255 0 255 251 82 255 112 255 122 0 255 196 255 0 255 0 0 0 0
    255 255 255 255 255 255 255 255 192 0 134 0 255 255 0 156 0 104 0 0
    255 255 0 0 255 0 255 103 0 0 0 0 137 152 255 55 255 255 0 0 255 88
    255 117 0 255 0 0 255 122 255 255 255 0 0 255 0 0 0 255 255 39 255
    255 255 255 106 0 0 0 255 255 168 255 255 168 0 255 0 0 255 201 0 0
    0 0 255 255 0 255 255 0 0 0 0 255 0 0 98 186 0 255 255 49 0 216 255
    255 0 0 0 0 0 194 0 255 255 214 255 223 0 255 255 0 0 255 97 0 255
    255 91 103 0 0 255 0 189 132 255 255 0 255 121 255 62 0 0 0 104 0
    255 255 255 0 43 0 255 0 0 0 147 0 0 255 255 0 0 0 255 0 255 255 174
    14 0 255 255 0 0 255 255 255 121 255 0 0 3 170 255 255 255 192 255
    80 255 0 0 0 146 182 119 0 255 255 255 0 0 0 255 255 255 0 71 0 255
    181 255 222 0 171 255 225 255 0 0 0 0 0 255 255 255 255 6 0 0 255 0
    0 255 255 255 0 255 230 255 255 255 168 0 0 230 255 255 0 0 185 255
    255 95 0 0 0 0 255 0 255 0 0 0 0 255 246 0 0 255 255 255 0 0 255 0 0
    255 0 255 0 0 208 255 255 255 0 0 0 255 0 0 255 0 47 0 0 255 255 0 0
    0 0 0 153 179 255 255 255 2 0 0 255 255 229 255 255 0 223 226 218
    255 0 255 224 255 255 0 0 0 0 255 255 255 255 192 0 0 135 255 255 0
    0 0 0 255 251 232 255 0 0 0 255 181 0 0 255 41 0 255 255 0 0 216 255
    255 0 255 32 0 0 255 255 112 255 0 255 0 255 255 255 255 0 0 0 0 55
    255 0 255 27 255 0 255 255 255 0 0 255 255 164 0 255 0 255 0 255 0 0
    255 0 8 172 255 0 0 255 255 250 102 255 0 255 255 0 0 69 255 0 93 0
    0 255 255 255 255 204 0 0 255 255 255 238 0 0 255 0 0 0 0 255 255 41
    0 77 255 0 255 172 0 0 159 255 255 0 0 255 178 0 255 255 255 0 0 0 0
    255 180 255 0 255 0 0 0 255 255 199 255 0 255 255 255 0 255 255 0 0
    0 0 255 142 0 0 0 255 65 0 255 0 0 0 255 255 255 0 255 255 255 144
    255 27 255 255 248 0 255 255 255 255 47 255 255 88 0 255 255 0 255
    255 255 232 234 0 68 255 162 255 255 255 255 0 0 0 255 240 0 255 255
    255 0 0 255 255 163 0 0 255 255 196 0 255 255 0 0 54 0 0 255 0 255 0
    0 0 255 186 255 78 0 255 255 255 0 0 149 0 0 255 249 197 255 255 0 0
    0 0 255 0 255 255 255 255 0 0 0 0 0 255 0 187 255 255 0 0 147 255
    255 0 0 0 255 255 255 255 0 255 0 38 0 0 76 255 255 0 255 225 0 141
    255 255 0 0 255 255 255 255 255 255 255 17 255 72 0 0 255 255 255
    255 0 255 43 143 0 90 0 218 224 78 255 35 0 145 0 0 0 243 255 255
    255 128 124 53 0 0 0 135 255 255 155 0 140 131 0 255 255 179 255 255
    0 0 205 0 255 0 0 255 212 255 255 45 0 0 164 22 255 255 0 0 237 255
    0 0 255 0 0 255 0 255 255 0 95 0 255 0 0 0 255 43 255 0 0 130 0 255
    255 255 0 179 0 255 0 255 0 255 0 128 0 0 0 7 0 0 255 255 255 0 0
    117 255 89 123 255 40 141 255 156 255 0 0 255 0 0 255 255 156 0 0
    255 255 110 255 255 255 0 0 255 173 255 255 0 0 197 0 255 0 255 0
    108 255 0 255 255 0 64 0 255 255 221 255 0 0 255 0 0 0 255 255 255 0
    0 255 0 255 15 255 11 255 255 218 0 0 0 0 255 228 255 255 189 255 0
    0 255 0 0 255 91 0 0 255 1 210 190 123 168 0 255 255 0 255 0 0 0 255
    0 255 0 0 118 0 14 255 242 0 0 255 255 255 255 0 0 255 255 255 142
    52 0 0 255 193 114 0 0 222 255 255 3 0 0 0 255 255 255 255 255 255 0
    218 0 255 0 164 26 0 112 0 0 0 255 0 250 255 255 255 255 0 0 0 0 255
    255 255 255 68 72 255 255 0 0 255 0 206 0 255 0 106 69 255 255 0 98
    255 0 0 0 79 255 255 0 0 177 0 227 255 255 255 0 0 255 234 255 0 255
    0 0 0 255 255 255 255 12 255 0 255 71 0 0 255 255 0 0 0 255 231 255
    255 255 51 235 225 0 36 71 255 255 0 0 255 255 255 205 0 0 255 20 0
    0 59 255 153 255 0 120 255 255 255 68 0 255 0 255 255 0 255 141 255
    0 255 255 255 255 0 0 255 255 0 0 0 255 255 255 255 0 255 255 255 0
    0 0 255 0 255 0 255 53 21 125 255 0 255 0 255 255 255 137 0 255 255
    242 255 255 70 0 255 0 0 0 255 255 68 0 255 255 255 0 0 0 255 255
    255 255 255 0 0 255 0 42 44 255 255 255 0 0 0 255 177 255 0 255 255
    255 0 0 0 255 255 0 255 0 0 0 183 255 255 255 255 255 0 0 58 0 0 255
    255 255 208 255 0 255 2 255 119 0 255 0 255 44 255 97 0 255 0 255 0
    0 255 197 0 0 255 0 255 0 118 255 255 81 0 0 0 255 255 0 0 255 0 156
    0 255 0 0 255 255 255 216 0 134 255 223 255 0 255 255 0 216 250 255
    0 255 0 40 0 255 0 255 5 0 0 255 255 255 0 255 0 255 24 47 0 255 0 0
    0 255 0 0 0 0 0 255 255 255 0 255 0 255 255 255 255 0 255 110 255 0
    255 0 255 255 255 0 0 55 0 255 255 0 0 0 0 0 0 255 255 255 16 255 0
    0 0 255 0 0 0 255 255 255 0 0 0 255 0 255 0 255 0 0 0 255 255 255 0
    0 255 255 168 59 0 255 0 255 29 255 255 164 255 0 0 0 157 121 76 0
    255 255 255 246 255 255 206 255 255 255 255 0 0 0 0 0 156 0 0 255
    255 255 0 0 230 0 0 255 136 0 255 218 255 86 255 255 255 0 255 255
    255 189 0 0 0 0 255 255 38 255 0 255 255 0 0 255 255 255 0 15 137 0
    255 255 255 255 255 0 255 255 255 0 35 0 255 0 255 255 0 0 255 255 0
    0 0 0 140 255 255 0 255 0 255 0 255 207 255 0 0 255 255 255 57 0 0 0
    209 255 255 0 247 249 255 255 255 0 0 0 0 209 71 255 0 255 0 255 0
    226 255 255 255 0 217 0 255 0 255 255 255 35 0 0 255 0 255 0 0 0 255
    255 255 255 0 0 0 255 78 0 41 67 255 17 160 0 194 0 128 0 0 255 0
    255 0 0 255 143 0 255 255 255 0 32 0 0 255 255 30 231 0 0 255 0 255
    0 0 255 255 136 255 0 117 0 0 255 255 255 0 255 0 255 255 0 0 255 40
    0 0 0 255 255 0 0 0 255 255 0 0 0 0 0 0 255 255 0 0 0 255 255 255 0
    255 219 255 0 255 0 0 201 255 253 255 0 255 0 255 0 255 255 0 255
    255 255 0 91 0 182 255 255 255 255 0 0 0 255 0 0 255 0 255 255 255
    95 0 0 255 255 255 0 255 255 255 255 231 33 255 255 0 255 255 0 0 0
    255 0 255 237 197 255 0 255 255 255 255 0 111 0 255 255 255 0 231 0
    255 255 192 0 0 255 0 255 109 0 223 255 255 0 0 255 221 0 0 0 0 255
    255 255 255 0 0 0 255 255 255 145 189 0 255 255 68 0 0 57 255 255
    255 0 0 0 0 255 255 0 255 0 0 0 0 0 255 0 55 0 216 118 255 221 163
    255 255 255 0 255 0 255 0 23 0 0 0 255 57 255 157 255 0 255 255 0
    255 0 0 184 0 0 171 255 255 255 255 226 255 0 0 255 0 0 7 255 255 0
    0 0 255 255 0 0 255 0 255 66 199 0 28 255 197 191 255 255 255 0 0 0
    21 24 0 0 0 255 127 255 0 0 163 255 255 0 180 255 0 0 0 0 255 0 0 0
    255 255 0 255 0 26 0 255 255 0 186 0 0 255 0 255 168 0 0 18 255 0
    255 0 0 255 109 189 255 255 0 0 127 255 255 255 0 173 0 255 0 255 0
    255 0 0 255 135 255 100 66 255 157 0 0 0 255 255 255 0 0 0 173 0 0
    255 255 144 0 255 0 0 0 255 255 52 255 0 255 0 60 0 255 255 255 0 0
    0 56 0 0 0 144 192 88 144 255 255 0 255 255 255 0 0 0 255 43 223 0
    74 255 255 255 0 255 255 255 255 126 0 0 0 0 0 0 255 0 0 128 255 255
    0 0 255 255 255 0 0 255 255 255 67 0 255 0 0 128 0 174 255 255 255 0
    0 0 255 255 86 210 78 0 0 0 66 0 189 255 255 245 255 0 255 0 31 255
    0 0 255 65 0 100 255 255 0 255 0 255 153 255 106 122 0 255 0 149 0 0
    255 0 0 0 255 255 255 255 255 0 255 0 255 255 255 0 255 255 255 0 0
    0 98 255 0 194 0 0 18 255 255 0 255 48 255 0 45 0 255 255 255 255 0
    255 0 255 0 255 255 0 255 0 18 255 0 255 0 71 255 220 255 0 157 255
    111 0 0 255 255 255 0 255 140 255 255 0 255 0 0 0 0 255 0 255 0 255
    176 255 205 255 0 65 255 163 0 0 255 0 57 0 0 0 168 255 21 0 0 71 0
    255 255 0 0 255 255 255 255 255 255 0 255 255 255 0 255 0 213 0 0 0
    243 255 255 255 0 70 0 125 255 255 255 0 0 255 0 0 255 0 255 255 0
    255 7 255 0 0 0 0 0 255 161 0 255 0 255 255 0 255 24 255 232 0 0 239
    0 106 0 255 0 0 255 255 0 0 130 0 255 255 255 131 0 255 255 255 0 0
    186 255 0 255 0 255 255 255 255 120 0 0 0 88 255 255 255 0 255 255
    255 0 0 255 0 0 0 0 251 255 0 255 0 255 255 255 169 0 255 197 194
    255 255 0 255 0 140 0 0 0 255 255 82 76 130 255 59 234 255 0 255 255
    255 255 0 36 255 255 0 58 0 124 0 0 0 255 255 0 211 143 48 0 53 0
    138 143 0 187 0 0 187 255 255 255 0 21 0 0 255 255 164 255 255 255 0
    0 0 255 255 0 255 86 255 0 255 23 255 0 66 255 0 255 0 152 233 255
    255 0 255 255 0 0 0 0 24 0 255 255 182 226 0 0 0 211 255 255 255 193
    0 0 0 194 255 0 0 0 0 255 255 255 0 255 0 255 255 100 0 0 0 7 255
    182 255 217 45 0 255 255 255 0 0 97 255 255 0 0 255 0 255 0 0 0 0
    190 84 255 0 0 237 255 255 255 255 255 0 255 0 0 255 0 0 0 255 172
    255 204 118 0 0 0 255 255 255 0 102 255 0 255 0 246 255 255 0 0 2
    255 255 0 162 255 255 255 0 244 0 0 0 255 0 0 0 255 11 0 47 255 255
    255 176 160 255 56 255 255 0 0 0 255 0 0 0 0 255 255 255 255 255 177
    255 0 255 0 255 103 255 0 0 0 255 255 0 69 0 255 170 162 255 0 0 255
    255 0 255 255 151 0 255 0 203 255 0 73 249 255 0 0 0 255 0 0 129 255
    50 255 255 255 0 0 123 255 0 0 0 0 255 0 0 0 0 4 255 15 255 0 255 0
    255 255 165 0 0 0 255 255 0 0 20 108 255 241 255 0 255 29 255 84 0
    255 220 0 226 0 255 0 255 0 253 255 241 255 0 187 0 255 255 255 255
    0 0 178 255 0 255 0 255 0 72 0 255 255 0 20 0 255 255 82 0 222 0 255
    0 90 0 255 233 255 233 0 0 0 255 144 0 0 255 255 0 255 0 255 255 255
    0 0 2 255 255 255 255 0 0 255 64 0 0 255 0 255 255 255 0 0 0 170 150
    0 0 0 0 255 0 151 255 255 255 227 0 255 0 0 0 12 0 58 0 255 255 255
    0 0 0 255 152 255 38 255 0 0 90 251 0 255 0 255 0 255 255 255 255
    111 50 148 255 255 0 44 0 255 0 102 255 0 255 0 252 0 255 0 0 0 45
    255 255 255 0 255 0 0 149 255 215 0 255 157 0 255 255 255 0 0 0 0
    255 176 195 255 140 0 0 0 188 0 0 255 0 255 0 255 0 0 255 104 255 0
    255 255 0 0 255 255 255 0 0 0 0 255 0 98 0 255 255 224 0 0 203 0 255
    0 255 255 0 71 255 255 255 255 255 0 0 0 255 0 14 255 255 230 0 0 0
    255 255 255 18 255 0 0 72 73 0 0 0 140 255 0 255 0 255 0 224 175 10
    255 0 255 0 0 0 255 0 255 0 255 0 0 0 0 0 255 255 255 255 255 0 2 0
    82 0 255 255 255 138 0 255 255 0 122 255 255 255 255 255 154 255 0
    255 18 255 0 255 255 255 0 0 20 255 0 0 0 15 59 0 255 0 0 255 255 8
    228 0 0 76 255 255 0 0 172 255 0 0 255 255 139 0 255 255 0 255 111
    255 0 0 0 255 255 255 0 130 255 255 255 0 255 0 255 176 255 0 0 255
    0 218 255 255 255 255 238 255 255 157 0 255 255 0 255 0 0 0 255 255
    0 0 232 255 70 0 0 0 255 0 255 255 255 0 0 0 0 0 0 255 255 255 170 0
    0 0 0 255 145 255 0 255 0 255 0 255 0 255 0 190 0 255 255 0 0 0 0
    255 212 255 123 0 43 196 255 255 0 0 31 110 255 0 20 0 0 255 255 255
    0 0 0 0 255 255 156 0 0 255 255 0 0 255 255 39 0 255 255 255 255 37
    0 0 183 255 255 0 0 0 255 255 0 0 0 255 0 195 255 255 0 0 182 169
    255 3 0 0 255 0 73 0 255 96 255 0 255 0 255 0 255 255 255 255 0 99
    107 105 232 125 0 255 255 0 255 255 255 0 0 0 0 255 255 255 146 0
    172 0 0 255 255 0 255 165 255 0 0 193 0 255 0 255 255 255 255 0 255
    0 126 0 0 219 255 75 0 255 0 207 0 0 0 117 26 0 255 60 25 0 248 0 0
    255 165 255 255 255 146 0 0 0 0 255 0 255 255 255 0 0 68 0 255 0 255
    0 255 0 255 255 255 82 255 255 48 0 255 0 0 0 0 57 0 0 255 143 255
    255 0 0 33 255 46 0 49 255 255 255 255 255 0 0 255 255 0 255 255 255
    64 0 255 255 0 255 189 45 0 0 255 243 255 0 255 255 255 80 0 0 25 88
    255 0 197 0 0 0 0 0 255 0 0 0 255 255 255 0 0 116 0 173 255 255 192
    0 0 0 255 255 0 0 0 92 255 80 255 0 51 108 255 255 29 0 73 0 76 0 0
    0 255 36 145 255 61 0 255 255 110 0 0 255 255 0 0 0 255 255 255 0
    255 0 255 181 255 177 79 0 0 255 255 255 0 255 255 0 0 0 0 35 255
    255 122 0 0 0 0 255 173 224 16 255 255 0 117 255 0 133 0 110 0 255 0
    154 255 30 0 0 0 249 255 255 255 82 0 0 255 0 255 0 0 255 0 255 255
    255 0 255 255 0 0 255 0 0 255 255 0 0 0 0 255 255 255 255 255 0 0
    255 174 255 0 51 0 0 0 255 255 255 255 255 0 255 255 4 0 0 255 255
    255 255 255 0 0 138 255 116 255 113 189 0 0 255 255 0 255 255 255
    255 255 0 0 0 255 255 255 0 0 0 255 0 255 255 255 0 0 255 0 0 0 233
    33 0 255 255 255 255 216 0 142 255 255 0 0 231 255 0 0 175 255 255
    255 255 255 255 0 0 0 255 0 0 0 0 255 144 0 255 160 255 0 135 0 0
    255 255 255 255 0 0 0 255 141 255 255 255 0 0 255 227 73 255 0 255 0
    255 255 255 94 255 0 255 0 255 255 255 255 0 255 0 0 255 0 3 255 115
    0 0 154 255 255 0 0 0 255 0 255 0 255 0 0 0 255 0 71 0 0 255 0 255
    215 0 0 111 255 107 0 255 0 255 0 255 0 0 0 255 15 255 0 115 255 255
    255 255 0 0 0 255 0 230 0 255 211 0 0 22 0 0 255 255 16 255 0 11 0 0
    255 0 255 255 255 255 0 156 0 162 255 0 93 0 32 153 0 1 148 255 255
    0 0 255 255 255 67 0 0 0 0 0 255 255 255 251 255 0 255 0 255 122 255
    0 255 201 210 255 255 0 0 255 188 255 0 242 0 255 255 255 0 0 0 0
    255 255 251 0 255 0 0 140 255 241 255 0 255 122 255 0 0 0 0 0 62 0
    255 204 0 0 255 0 255 0 255 0 255 0 49 179 0 0 0 255 173 114 0 0 0 0
    122 0 255 255 255 0 0 0 180 255 255 255 0 0 0 255 255 255 0 0 231 42
    240 0 255 255 255 0 0 255 246 255 0 191 255 47 129 255 0 255 0 255 0
    255 255 0 255 54 0 0 216 255 178 255 0 255 0 0 0 0 255 0 97 255 255
    255 0 57 255 255 0 52 255 0 123 0 255 0 228 255 0 0 0 224 123 85 255
    255 243 255 0 255 181 255 255 0 255 255 143 135 255 255 255 0 210
    255 0 0 255 0 255 255 0 0 0 255 142 0 255 255 0 0 0 255 255 0 255
    255 255 0 0 181 139 255 0 255 212 255 0 0 0 255 255 255 48 0 255 0
    255 255 0 74 255 255 0 0 180 0 0 149 0 255 0 81 255 180 255 0 255 94
    0 0 0 0 0 255 83 255 0 51 0 66 243 255 255 255 0 0 253 0 255 242 89
    255 0 98 254 255 255 255 0 0 0 0 231 255 255 255 0 0 0 255 0 255 255
    17 116 0 255 255 181 152 255 0 0 0 0 183 205 255 255 0 220 0 0 0 77
    0 0 107 255 255 0 255 255 26 124 0 255 255 255 29 255 255 0 0 255
    255 0 249 134 0 255 255 255 255 0 255 0 0 0 255 201 255 178 0 0 95 0
    191 255 0 255 255 0 254 0 255 0 229 0 255 255 255 0 27 255 0 0 0 255
    255 0 118 253 255 0 0 0 234 255 255 104 0 255 162 255 0 0 0 0 0 121
    0 255 0 255 0 255 255 255 255 0 255 0 255 0 0 255 0 255 138 255 0
    255 158 0 0 255 155 0 0 0 184 234 255 255 255 0 168 255 255 255 255
    0 0 255 27 61 0 14 255 255 15 0 0 0 255 255 191 255 255 255 0 0 0
    255 255 255 200 107 255 255 255 0 224 0 255 255 179 0 87 255 0 0 255
    255 0 0 0 0 0 0 255 255 255 255 255 0 88 0 0 0 255 0 255 255 255 146
    0 255 127 0 73 111 0 5 0 255 255 120 0 0 19 72 0 99 77 0 142 255 255
    0 60 255 0 255 0 0 0 0 255 13 145 0 255 0 255 0 0 255 255 0 255 255
    0 255 255 0 0 0 163 255 0 255 90 0 0 0 255 0 0 0 255 0 0 0 117 255
    255 255 255 255 0 0 187 0 0 255 0 255 231 21 0 255 0 0 0 0 255 255
    255 0 123 0 255 149 0 255 0 255 0 255 255 255 0 189 255 255 0 111
    255 0 255 255 255 0 255 0 0 255 255 255 0 255 255 0 255 0 0 0 143 0
    244 255 87 194 108 0 255 0 0 0 0 239 0 255 100 255 255 255 0 0 0 255
    255 255 2 204 255 255 106 255 255 255 0 0 0 255 170 0 255 184 255 0
    255 255 185 255 0 98 0 255 131 1 0 219 0 255 0 85 34 0 255 255 255 0
    0 0 255 0 255 0 255 255 0 213 0 112 255 255 84 136 255 255 255 178
    111 0 255 86 0 0 51 255 188 0 0 0 161 255 255 0 28 0 214 255 0 217
    69 255 0 255 255 255 255 114 197 0 255 255 0 0 83 255 255 242 23 255
    0 255 0 147 0 0 0 255 0 255 0 0 255 247 255 0 255 0 255 255 255 255
    0 0 0 255 111 0 0 0 0 255 255 0 255 255 75 0 45 255 0 0 255 0 0 255
    0 255 0 255 0 255 0 255 255 255 0 0 255 71 255 0 84 0 26 0 255 0 0
    255 255 255 0 0 255 0 255 255 255 233 255 255 255 0 255 0 255 225
    255 0 0 0 0 255 255 0 0 0 255 255 0 0 255 0 0 158 255 189 0 255 168
    163 0 255 255 255 0 255 0 0 255 255 0 0 255 0 255 255 0 0 0 64 154
    255 0 255 255 255 2 133 138 0 255 247 0 255 0 172 255 255 255 62 3 0
    255 0 255 0 255 255 218 255 255 255 76 6 255 0 0 0 141 255 0 255 255
    0 0 0 45 132 0 0 255 255 0 0 0 255 255 229 0 255 255 255 0 0 255 0
    255 42 0 255 255 141 0 0 255 255 124 255 125 0 0 0 0 0 0 0 255 255
    255 0 255 255 255 0 0 225 0 255 0 0 0 193 255 255 229 111 0 255 0
    255 255 42 0 203 162 0 0 133 0 255 255 255 0 146 0 0 214 245 0 255
    150 255 0 255 255 247 255 255 255 191 255 0 255 145 0 255 2 255 255
    191 66 0 0 255 0 255 0 255 0 255 255 0 255 255 255 0 0 255 255 0 255
    0 255 255 255 0 0 255 0 255 130 64 253 255 0 0 227 254 0 255 0 255 0
    255 255 0 255 169 0 255 255 207 0 0 145 0 255 255 255 0 255 0 0 0 0
    255 24 255 0 1 0 0 255 255 255 15 0 0 255 255 0 0 255 255 255 0 255
    0 0 0 255 255 255 197 255 255 255 0 0 255 53 118 0 255 255 255 0 9
    255 0 0 0 253 255 0 162 0 0 255 255 0 0 138 0 0 0 0 0 255 255 0 76 0
    255 77 0 0 255 255 255 50 0 133 255 255 255 255 217 181 255 255 0 0
    0 130 255 0 0 0 0 255 255 255 255 0 255 0 0 0 0 255 255 0 154 0 255
    0 255 0 0 218 255 255 0 0 0 0 255 0 255 0 255 0 0 0 255 0 255 255 0
    255 71 0 255 0 255 255 0 0 177 255 0 50 34 0 255 255 255 0 0 0 255
    255 146 255 0 0 0 255 255 255 20 255 0 0 0 255 255 0 255 255 0 247 0
    255 124 0 0 255 56 0 0 255 255 255 0 45 149 0 253 0 237 0 59 255 255
    0 0 177 255 0 0 0 106 255 0 255 255 0 0 0 0 87 178 255 255 255 232
    148 255 0 255 0 159 255 0 0 218 255 0 83 255 139 0 255 134 77 255 0
    255 0 0 255 255 255 255 0 255 0 255 0 255 0 0 123 0 255 255 255 186
    0 0 101 0 0 0 255 255 83 255 0 0 0 255 0 255 255 255 0 0 255 255 0 0
    112 255 74 255 255 112 0 180 255 0 255 255 255 255 0 0 0 255 0 0 255
    189 255 236 255 0 255 44 0 0 0 222 0 0 255 0 0 255 255 255 255 76 52
    255 0 255 0 255 0 255 255 255 255 198 255 0 0 255 160 255 0 0 0 255
    19 255 49 255 0 61 0 255 0 255 0 255 255 0 255 164 247 0 0 230 255
    255 255 0 0 255 255 255 255 255 255 255 0 0 89 255 0 0 0 255 75 255
    0 255 255 255 142 0 148 205 0 47 255 255 218 0 0 255 0 0 255 255 0
    255 50 255 0 0 255 0 0 194 255 255 255 0 255 0 0 0 0 255 0 255 0 0 0
    255 255 0 0 0 255 224 0 0 255 255 255 47 0 0 255 255 255 255 0 0 255
    255 255 0 255 0 0 0 255 0 255 0 255 0 0 255 255 255 255 0 0 0 0 255
    125 255 0 10 0 181 0 255 246 255 53 255 0 0 180 0 0 0 0 255 255 255
    255 0 255 0 81 0 0 255 153 255 0 255 0 255 255 0 0 0 255 248 255 255
    255 0 0 125 0 0 0 85 255 255 255 255 255 0 0 255 255 255 0 255 0 0 0
    255 0 0 179 0 0 0 226 28 255 0 0 255 255 0 157 0 0 32 255 0 255 255
    240 0 121 255 0 0 255 255 255 0 255 0 255 0 86 255 244 255 0 0 196
    255 133 255 0 0 0 255 255 255 255 0 0 161 0 255 255 255 255 0 0 164
    0 255 255 255 255 0 0 249 0 255 0 0 0 147 255 255 255 91 0 255 211 0
    0 35 0 255 0 0 0 255 255 255 0 0 0 255 0 255 255 255 255 0 255 0 255
    0 78 0 255 0 0 255 0 0 179 0 255 0 0 74 255 255 255 0 255 230 0 0 48
    0 255 179 0 0 0 0 139 255 0 255 255 255 0 0 202 0 255 0 255 0 0 0 0
    19 87 0 255 0 255 0 207 0 255 0 0 0 34 0 0 255 0 255 0 255 255 255
    255 255 0 255 255 255 0 0 255 0 0 0 0 255 154 177 0 0 0 0 0 255 255
    255 0 255 160 0 0 255 0 247 0 0 0 255 39 255 0 255 0 242 0 190 255
    255 0 255 87 0 0 255 255 255 0 0 0 62 255 255 60 255 255 255 0 255
    255 203 0 182 255 223 0 0 0 0 255 155 0 174 255 255 103 255 27 255 0
    255 86 253 255 0 0 59 154 255 0 255 255 236 0 255 0 255 255 255 0
    164 0 255 0 0 255 255 0 0 0 255 0 74 255 0 0 255 0 61 255 255 255
    255 255 136 255 35 255 255 255 216 0 255 103 255 0 0 0 0 224 0 255 0
    255 0 255 255 3 0 0 164 255 255 255 255 255 255 0 255 130 0 0 255 0
    255 228 255 0 172 0 255 0 255 0 255 102 255 0 0 0 0 255 237 255 255
    255 216 0 22 255 167 0 0 104 255 225 0 255 196 125 255 251 123 0 255
    49 255 153 0 255 255 237 255 173 255 0 0 0 159 74 0 255 255 0 255 76
    255 0 255 255 255 0 255 255 121 55 0 255 0 255 125 255 0 0 168 255
    194 0 90 26 255 214 0 0 255 255 45 0 0 156 255 255 0 255 0 255 251 0
    202 255 255 255 0 0 0 255 136 0 0 255 138 0 0 240 255 255 255 205
    255 255 0 0 255 255 255 255 0 170 255 127 255 0 255 255 255 0 0 255
    255 255 255 255 255 255 61 255 255 255 0 39 0 0 0 91 0 255 135 0 0 0
    255 132 0 255 99 71 255 0 255 255 0 174 255 0 73 3 255 193 255 5 255
    0 0 0 0 255 0 255 0 125 0 106 0 255 0 0 255 215 255 0 151 0 0 255 0
    255 0 255 42 255 0 255 0 255 0 0 0 255 255 255 0 255 0 49 255 255
    255 0 0 0 0 0 0 0 0 0 255 0 255 0 125 0 255 255 240 255 0 255 0 0
    255 255 0 0 255 255 0 0 255 0 255 0 114 0 0 90 55 255 0 0 255 0 255
    255 65 234 0 123 255 0 255 0 114 0 24 0 255 0 241 0 255 255 0 0 255
    255 255 255 255 0 255 0 255 0 255 0 255 189 229 0 255 100 255 255 0
    255 0 255 255 255 255 0 0 54 255 255 255 94 0 0 158 255 255 255 0 0
    156 30 28 255 255 255 255 255 0 255 61 0 0 0 0 255 202 255 0 0 0 255
    255 255 0 0 250 185 255 0 255 255 0 10 0 255 0 0 0 255 251 255 0 255
    255 255 0 0 67 0 255 255 255 255 0 255 0 255 255 53 0 0 131 0 0 255
    205 179 82 0 0 255 255 255 0 0 200 0 219 0 0 255 255 0 236 0 255 0
    255 0 255 173 232 33 255 255 187 0 255 0 255 0 255 0 255 98 255 0
    220 48 255 0 0 191 0 198 0 0 0 255 0 255 255 255 153 0 0 207 255 255
    255 0 0 0 255 0 255 0 248 0 175 124 255 255 255 255 0 171 0 255 255
    255 0 0 0 0 0 255 0 255 255 0 0 255 253 255 48 255 0 255 54 255 255
    255 164 105 0 0 0 255 0 255 0 133 0 0 255 0 255 0 0 0 212 255 255
    255 116 0 0 255 158 0 0 0 255 255 0 0 46 255 0 255 72 0 255 0 255 0
    0 255 248 255 0 0 112 58 255 255 255 255 21 255 0 0 0 255 255 195
    255 255 255 0 0 108 0 255 255 0 0 255 0 145 0 255 255 255 0 20 0 96
    0 255 255 167 28 0 255 235 0 0 129 255 255 255 42 0 0 30 234 255 201
    255 213 76 0 0 0 255 6 186 135 125 0 32 255 168 0 0 255 35 255 0 255
    0 213 255 255 255 143 0 229 157 255 0 0 210 204 0 0 0 255 0 0 0 113
    0 0 255 255 255 0 255 0 255 118 73 255 0 0 255 0 255 255 187 178 195
    255 255 255 0 43 255 255 83 255 255 0 0 198 255 0 0 0 204 0 255 255
    0 0 255 255 129 0 255 0 160 255 255 0 180 0 0 0 255 0 0 255 0 255
    255 255 170 58 219 0 0 255 255 255 255 255 255 255 0 0 0 255 0 255 0
    92 0 255 0 255 0 55 0 68 0 6 255 0 255 0 255 104 46 0 180 255 255 0
    255 0 255 0 255 0 255 255 255 255 0 255 0 0 0 0 255 0 255 0 255 255
    255 0 0 25 0 0 242 255 255 255 255 0 0 0 0 255 255 82 0 0 0 0 0 255
    255 255 0 255 0 0 255 255 0 255 255 255 0 0 255 0 98 0 0 17 0 0 0 59
    252 255 36 255 255 0 255 255 11 0 0 41 192 0 0 0 255 255 0 255 0 0 0
    0 203 255 255 0 0 0 255 255 79 0 0 0 255 255 255 131 255 0 0 195 0 0
    240 0 0 56 255 0 255 255 0 0 255 255 255 0 255 0 255 0 255 0 255 0 0
    0 255 0 0 255 0 0 0 255 231 0 0 144 0 202 0 0 0 0 255 255 255 0 0
    134 213 58 255 0 255 15 255 0 255 53 0 255 255 0 255 0 255 156 255
    185 0 255 0 255 255 0 0 255 255 255 0 0 0 0 255 255 255 255 255 120
    0 0 255 237 255 0 0 112 255 253 0 255 0 255 0 0 176 0 0 0 255 0 255
    255 255 255 255 255 255 255 107 255 34 102 16 255 255 0 0 255 0 255
    96 255 255 255 255 255 0 0 0 255 161 255 255 146 0 0 255 0 255 0 255
    240 179 0 255 255 0 0 188 255 255 0 162 0 255 255 255 255 0 0 255
    255 255 0 255 255 255 255 0 255 0 255 255 0 0 0 255 172 255 113 88 0
    0 0 255 93 30 121 0 255 0 0 255 255 255 0 255 255 85 0 255 255 0 0
    255 255 27 11 255 255 141 255 0 0 36 0 0 0 255 255 255 0 0 183 0 0
    255 255 255 55 207 0 0 255 0 0 0 255 7 175 82 243 0 255 0 255 255
    255 117 255 126 0 0 0 0 255 255 0 255 255 0 0 0 255 255 0 137 224 0
    255 154 255 0 255 255 0 42 18 255 255 0 255 0 0 255 255 255 245 0
    255 255 0 255 0 183 194 255 255 255 0 255 213 0 0 177 255 255 184 0
    17 0 255 255 255 255 0 0 146 255 0 255 0 255 9 255 0 192 119 255 255
    0 0 255 255 33 255 255 0 200 0 255 255 255 255 0 255 0 90 45 0 0 255
    88 188 0 255 250 255 0 0 0 255 255 10 255 255 255 0 0 231 255 255 0
    255 0 0 0 0 255 255 255 254 0 0 0 255 255 71 255 0 0 0 255 0 255 0 0
    84 255 255 255 255 0 255 0 0 255 0 0 0 240 255 255 255 255 0 66 162
    255 255 0 0 0 255 0 255 255 255 37 0 255 134 255 0 182 0 0 232 255
    215 99 255 0 255 255 0 177 0 0 255 187 0 0 0 255 0 255 0 255 138 0
    255 0 0 0 0 255 0 84 255 0 227 255 255 255 213 0 255 0 255 0 12 0
    255 255 0 116 205 0 0 138 255 12 0 180 255 255 255 0 255 0 255 0 0
    255 0 151 217 255 0 255 0 255 255 0 255 0 255 253 255 255 105 255
    255 255 255 76 0 255 255 255 0 0 204 213 0 113 255 0 255 21 255 126
    255 0 0 255 255 255 0 0 0 255 0 39 255 255 0 255 0 0 255 0 87 0 255
    0 207 0 255 255 255 0 255 0 0 0 215 148 255 59 205 0 0 255 146 0 125
    255 255 83 0 0 161 225 93 255 0 0 0 0 0 0 0 255 255 0 0 0 0 255 0
    135 255 255 0 0 0 255 229 0 0 4 0 255 0 255 0 255 0 0 114 0 255 255
    240 0 255 0 255 0 0 0 0 255 22 255 0 0 94 0 172 255 0 0 0 0 255 0 0
    0 255 0 255 0 255 236 38 0 255 255 0 0 0 12 179 255 93 112 0 0 255
    255 209 255 126 0 0 0 255 255 176 255 4 0 0 0 255 255 34 255 0 255 0
    0 0 0 255 255 255 0 255 255 255 0 255 0 0 0 0 255 117 255 15 113 255
    45 255 0 208 0 0 255 255 255 0 0 0 0 255 255 0 59 0 0 255 255 255 0
    0 255 0 255 0 255 184 255 0 0 0 255 0 0 255 0 255 0 255 0 255 255
    255 166 255 0 79 0 255 255 255 0 255 0 255 0 255 255 255 255 0 0 255
    255 0 171 255 138 249 24 255 255 91 218 0 255 255 255 0 0 103 0 255
    121 215 0 0 13 255 229 0 99 255 255 255 0 255 56 12 255 0 1 255 255
    85 0 116 113 255 0 134 0 255 0 0 255 0 0 0 0 0 255 255 255 255 0 255
    0 255 0 255 0 255 91 255 0 255 0 0 0 255 255 103 0 255 255 255 0 0 0
    0 255 27 101 255 8 0 255 108 83 0 96 0 0 180 255 255 255 0 0 0 255
    255 205 0 0 255 0 0 0 71 255 255 0 255 155 255 0 0 255 255 255 255 0
    0 30 255 255 255 0 168 0 255 58 255 0 255 174 0 0 149 0 0 0 255 0 0
    255 255 255 0 18 255 0 255 255 132 255 5 0 109 249 0 255 255 255 0 0
    222 255 255 255 49 0 255 0 100 0 115 164 255 255 255 240 255 33 84
    255 32 255 0 179 255 50 0 0 255 255 255 255 0 255 0 255 255 255 255
    37 0 0 255 255 255 255 0 135 186 0 255 255 255 246 255 255 0 0 255
    255 255 255 0 255 0 0 0 0 239 0 0 255 0 255 255 0 0 0 0 197 0 255 0
    255 6 37 0 0 245 255 0 0 191 255 0 255 84 255 0 148 255 0 255 255 0
    0 0 255 89 255 0 255 0 0 0 255 0 255 0 226 255 255 0 255 255 255 255
    0 255 97 255 255 152 25 0 255 0 255 255 56 0 0 255 0 255 0 255 255
    159 0 255 255 150 255 0 255 7 255 0 255 0 198 0 0 0 255 255 132 0 0
    0 255 0 255 0 0 0 0 255 0 255 0 135 53 255 255 0 0 0 255 189 0 0 0
    255 206 0 0 0 13 0 255 0 0 0 0 0 62 255 0 255 255 0 39 0 180 0 0 0 0
    36 255 255 40 0 163 0 255 0 255 92 151 91 0 255 0 255 0 255 0 255
    255 255 0 0 0 188 255 255 183 255 132 4 255 0 255 0 101 0 255 255
    255 0 0 87 58 255 255 255 0 255 0 255 0 0 255 0 255 255 192 255 0 0
    138 30 255 55 229 0 255 255 255 69 255 0 0 0 0 255 0 255 255 0 255 0
    102 0 255 255 255 36 0 0 0 0 255 234 255 186 0 0 0 255 255 0 255 255
    255 0 0 255 0 0 118 0 0 179 0 0 26 255 255 0 109 0 255 187 0 0 255
    255 255 0 0 255 0 255 0 255 175 132 0 0 255 0 255 0 255 68 0 255 64
    255 107 0 0 135 255 255 255 255 151 0 69 255 0 29 0 0 0 0 0 0 0 60
    255 255 0 255 255 255 0 165 176 214 0 14 255 255 255 224 140 255 211
    0 0 31 112 177 0 255 0 87 5 255 255 255 122 255 0 255 140 255 255 0
    0 0 0 0 255 255 255 0 254 255 255 255 255 210 255 0 255 0 255 230 0
    0 0 0 255 255 0 0 0 0 255 168 255 0 0 202 255 255 0 255 100 255 0
    255 132 226 142 0 0 255 147 167 0 0 255 255 255 0 255 44 8 255 0 0 0
    149 0 255 255 255 255 0 0 0 111 102 211 255 0 203 0 0 0 255 0 255 0
    255 54 255 94 93 255 255 255 79 212 255 233 0 0 255 255 92 255 0 0 0
    255 255 255 0 96 0 0 255 0 255 0 255 0 0 48 255 255 0 0 255 44 0 255
    255 238 0 255 0 255 255 255 0 255 22 255 0 255 171 147 255 0 0 0 175
    0 153 248 0 255 0 107 0 0 9 57 255 0 0 0 255 0 45 0 100 130 255 0
    228 125 255 0 0 178 255 255 0 72 255 128 0 0 0 0 255 255 255 0 255 0
    0 0 255 248 255 0 25 255 0 132 255 255 0 0 255 255 255 255 0 35 255
    255 255 255 0 0 0 255 255 173 255 0 0 255 0 255 255 0 0 0 180 66 255
    0 191 255 255 39 255 0 0 255 0 171 0 0 0 255 255</data></my_img>
<your_img type_id="opencv-matrix">
  <rows>128</rows>
  <cols>256</cols>
  <dt>"3u"</dt>
  <data>
    34 255 0 255 0 0 0 0 0 247 200 255 39 0 255 0 153 255 113 0 255 255
    255 0 255 0 0 255 0 255 0 0 0 0 255 255 0 255 255 255 0 184 93 0 0
    255 255 255 186 0 0 255 255 255 0 255 0 255 255 3 255 217 0 255 0
    255 255 220 0 255 38 255 0 255 0 255 0 255 0 255 0 255 0 0 116 255
    73 255 0 0 255 255 255 90 193 0 50 255 0 255 236 255 255 255 255 252
    249 0 255 0 205 0 0 0 32 255 255 255 39 0 255 0 255 0 255 0 255 228
    0 234 255 63 95 0 255 0 0 0 255 240 0 255 255 0 0 0 78 0 245 0 0 0
    57 0 0 88 255 255 0 0 0 255 0 0 255 0 255 0 255 0 255 0 255 0 0 0
    255 255 0 0 255 255 255 0 0 0 255 255 0 98 131 255 0 0 0 255 0 0 255
    177 93 0 0 255 255 151 0 0 0 255 3 255 255 255 0 255 6 255 0 0 0 255
    255 255 0 172 133 115 0 255 255 255 0 165 0 0 255 255 0 0 0 128 111
    255 0 0 255 255 255 40 0 235 255 58 255 56 191 0 226 255 255 7 0 0
    255 255 255 255 0 255 255 255 0 0 0 0 255 255 0 0 255 255 255 255 0
    255 0 255 255 255 26 0 0 0 0 255 41 0 0 0 0 255 255 255 0 0 0 0 255
    0 0 0 255 82 0 0 255 242 0 75 255 255 255 188 255 0 255 68 82 255
    255 163 0 255 50 255 0 0 0 255 77 252 0 59 43 255 255 0 0 0 255 255
    52 12 35 255 255 255 62 0 255 0 0 239 0 255 255 255 255 0 255 164
    255 255 255 0 0 75 255 255 255 255 255 124 255 0 255 232 192 0 255
    255 255 255 255 0 220 77 255 255 255 134 0 0 0 255 255 255 255 0 0
    255 52 194 0 0 255 0 255 0 121 221 255 77 255 0 162 0 255 255 255 0
    17 0 255 0 52 0 255 255 0 255 0 255 0 255 0 255 0 0 255 29 255 255
    198 255 8 0 255 0 101 0 0 0 0 255 45 0 0 0 255 58 138 255 255 255 0
    229 0 255 0 255 255 255 0 147 0 19 255 0 255 255 255 255 0 255 178
    255 136 228 55 192 48 0 226 88 255 0 61 0 37 255 0 255 50 255 255 0
    53 0 0 0 0 255 255 180 0 0 0 0 180 255 255 255 161 34 255 255 255 0
    240 0 0 255 255 0 255 0 0 0 0 0 255 0 255 108 255 0 122 0 26 0 255
    189 231 85 255 101 0 0 0 255 255 193 255 0 221 0 23 255 255 255 255
    0 255 255 255 0 255 0 0 0 0 255 255 0 255 0 255 0 0 0 0 255 5 33 20
    245 57 0 0 255 0 0 0 80 255 255 0 0 255 255 255 0 155 255 0 255 255
    255 0 0 0 255 243 146 114 1 0 0 0 255 255 255 228 0 0 239 255 255 43
    0 0 255 255 250 0 255 255 0 0 0 0 217 255 255 255 144 0 0 0 255 255
    0 88 0 0 0 0 0 255 255 0 0 0 255 255 74 0 255 119 255 197 255 255 0
    0 213 255 255 255 0 0 0 0 0 255 78 255 255 255 0 255 0 255 255 200 0
    255 0 255 45 255 0 255 0 0 255 20 254 255 0 255 0 255 6 0 130 255
    156 0 12 0 244 255 255 255 0 0 164 255 255 255 255 255 1 255 255 0
    255 145 255 0 255 0 255 0 246 255 0 255 0 255 255 255 0 255 0 0 255
    0 255 255 255 255 0 0 0 255 8 44 255 255 255 255 0 101 0 0 255 0 0 0
    0 0 0 255 82 255 0 0 0 255 0 255 171 0 55 255 255 0 0 0 0 255 0 0
    255 0 0 255 0 255 255 134 0 249 0 224 0 255 58 255 0 255 0 64 0 255
    0 255 167 255 0 189 113 1 0 0 0 0 71 255 255 0 0 244 64 223 255 0
    149 0 255 0 155 95 255 181 4 53 255 106 0 0 0 255 255 0 255 0 255
    176 131 0 61 255 255 255 255 0 0 0 255 231 0 0 54 255 0 0 120 175
    255 255 255 0 0 255 255 255 0 0 255 255 255 255 255 255 0 0 255 255
    255 62 146 205 255 255 0 0 0 255 255 201 0 0 255 59 255 0 0 9 255 0
    89 80 106 255 64 255 255 255 0 255 0 0 255 255 0 0 0 0 0 255 158 255
    0 201 107 255 0 253 2 255 246 0 255 255 188 0 255 0 255 0 0 255 0 0
    255 79 252 208 48 255 0 255 255 255 255 0 0 255 255 117 0 0 255 162
    255 0 0 0 255 255 255 138 0 0 0 255 255 191 84 0 55 255 0 255 255
    255 0 113 0 209 69 0 0 0 255 0 0 255 255 255 0 0 0 0 255 255 255 255
    0 0 255 42 255 0 93 0 71 255 255 255 255 0 0 255 39 0 255 255 255 0
    255 255 176 255 166 0 0 180 255 0 0 255 255 177 255 0 0 170 0 255
    255 255 0 163 0 223 189 255 0 0 0 255 255 255 0 0 0 58 0 255 64 255
    255 0 255 255 0 62 0 255 0 1 0 0 0 0 255 0 255 146 0 0 0 101 0 147
    255 0 76 0 0 255 0 0 0 255 0 0 255 255 0 226 255 148 229 255 255 0 0
    204 0 255 255 255 0 255 23 0 0 0 255 0 0 0 255 0 255 0 0 65 255 255
    66 0 255 255 117 0 0 0 255 255 102 185 0 47 0 255 0 0 255 255 255
    125 0 186 0 0 0 0 255 0 255 179 255 255 255 255 43 7 0 255 255 255
    255 237 0 0 0 0 255 255 255 24 255 0 0 255 255 255 255 0 109 0 221 0
    255 255 218 255 0 0 0 255 0 193 255 28 255 255 255 0 255 0 0 0 0 255
    50 0 255 0 0 0 0 255 255 102 249 15 255 169 255 0 0 0 255 255 255 0
    0 0 255 236 80 255 255 255 255 0 255 0 56 102 255 0 198 0 255 154 0
    0 0 246 0 0 255 255 0 0 0 255 255 255 20 0 0 0 255 255 255 0 0 255
    255 0 184 255 0 0 212 0 255 255 0 0 144 222 255 173 0 0 164 255 255
    47 0 0 0 0 255 0 255 255 61 0 255 255 255 255 0 255 255 152 0 30 212
    255 255 255 0 0 255 0 255 255 0 0 0 255 255 255 108 255 0 0 0 237
    255 0 0 0 63 0 155 255 101 255 43 255 0 255 255 255 231 255 255 139
    0 150 201 255 0 0 0 0 0 0 255 223 113 255 241 255 0 255 255 255 25 0
    222 255 255 0 0 255 255 92 0 0 22 255 227 255 0 255 255 255 195 0 0
    255 255 101 255 0 0 255 255 255 255 70 0 0 0 0 171 0 255 255 0 255 0
    0 255 250 255 0 255 109 0 166 0 255 0 255 255 0 0 255 255 255 0 0 0
    0 201 0 0 0 17 255 54 167 172 12 107 255 0 0 0 147 0 0 0 0 255 255
    255 207 59 0 0 0 0 150 0 0 255 255 255 0 255 0 255 255 255 0 85 255
    219 255 255 255 216 255 0 255 0 0 0 0 255 255 255 0 21 96 0 255 53
    91 33 255 0 0 255 255 255 20 0 0 255 0 255 255 255 115 0 255 255 209
    0 0 0 0 255 255 255 0 245 0 255 3 253 29 255 255 0 0 52 0 255 255 0
    0 255 255 167 255 0 71 0 0 0 255 255 0 0 0 255 0 0 255 133 255 195
    165 113 0 255 255 0 72 255 255 0 255 0 255 0 65 255 0 84 0 171 255
    255 0 0 0 0 255 0 64 255 0 36 255 255 255 0 0 0 255 255 0 0 0 0 244
    0 0 255 0 255 255 255 255 0 0 0 255 255 255 0 255 0 110 0 255 255
    224 0 0 255 255 0 255 233 204 99 0 0 90 255 255 86 255 0 255 0 255 0
    255 255 0 212 0 255 102 96 255 0 0 255 255 255 0 81 0 255 255 0 0 67
    255 213 0 44 255 255 255 89 0 0 0 255 105 255 0 255 51 0 0 0 0 255
    89 255 255 58 0 0 0 99 255 0 134 0 255 255 0 255 240 0 255 0 255 255
    255 0 0 255 15 197 183 255 245 72 255 0 255 0 0 255 0 0 0 255 255 0
    0 0 255 255 255 255 0 0 0 255 255 255 1 20 0 0 255 255 92 0 242 0
    255 0 218 200 0 255 0 0 255 255 134 0 255 255 0 0 255 0 0 255 255
    255 170 0 0 255 125 255 0 0 0 255 255 255 68 0 240 255 255 255 255 0
    255 255 0 251 126 0 255 145 14 0 0 255 0 75 255 151 255 0 155 0 101
    255 255 0 17 0 255 255 0 255 255 0 174 255 255 0 0 255 0 255 255 255
    0 0 255 53 0 255 255 86 0 0 255 0 244 255 0 151 255 255 0 0 0 18 255
    255 0 255 0 255 0 0 0 0 255 255 0 0 0 255 255 255 12 0 171 0 255 255
    255 0 255 172 255 255 0 27 6 255 255 255 255 0 255 0 110 255 0 255 0
    255 4 255 0 88 186 0 255 152 255 146 255 0 255 0 255 0 255 0 0 0 255
    255 255 0 0 0 0 144 255 255 0 62 0 0 255 0 255 0 255 0 0 255 255 55
    255 0 145 255 255 174 48 255 255 255 0 120 18 255 255 0 0 0 255 23
    255 255 255 114 0 175 0 0 255 255 255 0 0 255 255 166 255 255 255 0
    0 0 14 224 255 0 0 0 255 255 69 255 255 35 0 70 0 255 0 255 0 0 76 0
    255 255 255 0 0 0 0 0 255 255 0 0 255 255 255 255 0 255 255 255 157
    0 255 0 255 0 255 0 0 255 255 255 0 81 255 229 0 0 255 43 136 0 0
    255 255 255 0 38 207 0 0 46 0 255 255 0 245 0 255 0 97 189 218 255
    255 255 0 0 0 255 233 0 255 252 255 0 0 255 255 0 0 255 255 0 0 0 0
    255 0 0 60 255 255 201 0 255 255 246 0 255 255 0 0 0 109 0 186 255 0
    0 0 0 35 0 255 0 255 255 255 0 0 0 255 255 255 67 0 255 0 255 255
    255 0 0 0 167 81 0 40 0 255 255 248 0 0 217 255 0 255 0 255 255 0 0
    4 0 255 159 255 145 255 90 0 0 0 255 0 255 0 255 24 255 94 255 0 255
    255 255 0 255 0 255 255 255 0 255 0 0 255 0 255 0 255 255 216 0 0 0
    255 101 255 255 255 0 0 0 255 255 137 0 255 255 255 0 0 0 0 0 0 255
    255 184 32 255 0 0 0 0 0 0 246 255 0 119 0 255 0 255 0 0 0 255 167 0
    0 255 255 255 0 0 0 255 0 255 0 0 255 255 0 0 0 255 255 255 0 255
    255 255 0 139 0 0 255 0 255 255 0 0 0 72 216 255 0 91 0 255 0 255
    255 0 255 0 0 255 255 255 0 255 255 248 0 86 65 23 255 255 0 0 0 255
    255 255 235 0 0 255 255 0 54 0 0 44 255 0 0 0 255 0 167 158 255 0 0
    174 55 255 255 255 11 0 0 255 14 228 0 58 239 255 0 153 255 255 255
    0 69 98 255 255 255 0 0 0 255 0 0 0 255 0 255 255 255 255 0 255 0
    255 0 71 255 210 255 255 0 17 200 255 218 0 255 255 0 255 135 44 0
    47 0 0 0 255 0 251 0 0 0 255 255 255 255 0 0 0 255 255 164 0 0 0 0
    255 255 255 0 255 0 0 0 0 255 116 0 121 0 250 255 27 255 255 255 70
    12 0 6 0 0 0 255 0 161 0 0 184 89 255 0 0 150 255 0 54 0 255 255 255
    0 255 0 255 0 233 0 255 0 255 183 255 255 255 45 0 165 255 255 253 0
    0 0 48 0 12 0 255 255 0 0 0 255 255 0 0 224 255 255 255 255 0 0 255
    0 255 0 255 255 44 0 255 62 255 0 202 48 255 255 255 0 255 240 255 0
    0 0 255 255 218 130 61 255 255 255 0 0 0 0 255 255 255 255 0 255 255
    32 0 255 0 136 0 255 0 255 255 255 116 0 0 255 255 137 0 255 92 15
    176 255 255 0 255 255 255 255 0 0 0 0 255 255 197 255 0 0 0 255 0
    255 255 0 255 87 0 255 255 255 0 0 0 255 235 255 0 0 255 255 255 255
    255 0 0 255 0 255 0 255 255 255 255 0 0 68 255 255 0 0 255 157 255 0
    55 255 185 105 169 0 0 255 0 0 0 74 0 195 0 0 255 255 255 255 0 0
    255 255 255 166 0 255 255 0 0 0 255 255 0 0 255 255 255 0 0 0 255
    255 255 255 0 0 146 0 0 0 255 0 255 255 241 255 226 0 255 255 0 0 0
    0 0 0 220 0 255 0 255 255 175 212 3 0 0 111 255 0 255 165 255 91 255
    255 0 0 17 255 255 255 149 217 183 213 0 0 255 255 0 0 23 255 255
    175 255 0 0 0 255 255 255 0 0 255 0 255 0 0 255 81 0 169 0 255 0 255
    255 240 255 255 0 0 255 255 255 0 255 0 0 255 255 255 255 83 0 255
    255 142 217 24 0 0 255 255 255 255 0 255 142 251 255 255 0 255 239
    241 78 0 255 0 255 0 255 162 255 0 186 78 255 0 255 111 255 255 255
    60 115 0 8 255 255 0 0 255 0 255 255 255 0 0 42 255 0 0 0 255 0 0 0
    255 0 0 0 255 255 255 0 255 255 0 0 255 255 255 177 56 0 237 255 255
    255 56 0 0 0 228 255 255 255 0 0 255 255 0 0 0 255 255 190 25 255
    139 255 0 255 227 255 105 255 0 0 255 255 255 0 255 255 255 255 90
    71 255 0 0 182 29 255 0 255 0 159 255 255 255 255 0 196 0 255 0 255
    255 0 90 0 255 50 255 14 0 0 62 0 255 0 255 0 255 0 0 0 6 0 134 255
    34 0 0 151 0 212 255 0 255 0 191 233 255 255 0 137 0 0 174 255 0 0
    255 101 0 0 255 210 255 0 0 200 255 0 0 255 91 255 0 255 0 0 0 0 229
    0 255 0 255 0 250 255 255 255 88 255 0 105 255 0 255 147 255 0 0 0
    255 0 255 0 255 0 255 0 255 255 0 0 0 0 0 63 75 255 255 144 255 0 0
    0 255 0 255 0 255 255 255 255 255 255 194 0 0 255 0 255 0 255 255 0
    0 0 255 255 132 255 0 0 0 88 17 255 255 45 255 128 255 0 0 0 0 255
    255 255 0 255 0 255 255 255 0 0 255 255 15 0 255 0 0 141 0 0 53 0
    255 255 255 255 0 0 127 2 212 198 255 0 0 155 74 255 168 0 0 255 0 0
    0 0 255 255 255 183 255 0 207 254 255 0 0 0 255 255 110 0 255 0 255
    0 96 0 255 0 164 255 255 255 77 116 0 75 255 255 0 0 0 214 255 0 0 0
    255 255 0 255 255 0 5 0 246 255 0 255 255 255 0 0 0 0 255 32 107 255
    255 26 0 255 255 143 40 189 0 0 0 255 255 117 208 255 167 255 0 255
    0 255 0 30 255 0 157 0 97 0 255 0 0 255 255 89 48 0 255 0 255 0 255
    0 255 255 255 0 0 203 171 255 255 0 0 218 142 255 82 255 0 0 255 255
    124 0 0 255 255 255 234 255 0 0 0 255 0 255 255 0 0 0 255 255 0 255
    0 255 12 0 17 0 226 230 0 255 255 255 15 0 116 0 204 20 255 0 0 0
    255 212 255 210 0 196 255 255 0 0 0 255 255 255 255 0 180 0 255 255
    6 99 0 255 0 0 255 159 255 0 255 216 255 0 255 0 0 0 211 0 255 0 255
    0 0 255 21 0 0 255 0 234 241 255 255 172 0 0 255 255 255 66 0 181 0
    255 0 0 255 255 0 0 255 0 0 255 0 5 0 255 154 113 255 0 0 0 28 0 0
    253 74 255 212 255 0 32 0 0 194 0 0 0 255 255 255 0 0 0 0 236 255
    255 255 115 0 255 0 255 0 0 255 86 0 0 0 255 0 0 0 0 255 255 0 0 0
    255 0 0 255 255 255 223 235 0 0 255 98 0 0 255 255 55 0 0 224 255 0
    0 0 0 0 255 236 0 255 255 255 0 50 114 255 0 0 0 0 0 255 255 255 95
    255 0 0 0 255 0 255 0 255 0 115 0 0 0 255 40 0 0 255 232 107 255 255
    255 0 0 255 0 255 255 49 0 0 0 0 255 255 0 0 0 255 255 109 48 19 0
    142 0 255 255 0 255 0 255 255 0 0 0 255 255 255 83 0 0 0 255 255 255
    0 0 87 0 255 0 82 255 146 0 115 255 255 255 196 0 21 255 255 255 255
    0 255 0 255 0 255 0 255 0 66 0 142 255 255 0 0 0 0 141 0 0 255 0 255
    0 255 255 255 0 0 0 255 255 255 0 0 0 149 1 232 255 255 255 0 0 168
    72 0 0 0 255 255 0 255 46 182 0 255 255 0 255 0 255 0 0 0 255 0 207
    134 255 255 0 45 255 255 0 0 255 255 255 0 0 255 255 255 0 129 0 255
    85 255 0 0 0 255 0 49 255 181 255 255 0 0 0 255 0 255 0 255 0 0 0 48
    255 0 0 0 255 151 255 0 0 255 0 255 255 255 0 123 0 255 255 0 255 0
    255 210 0 0 255 0 255 255 255 0 0 255 255 186 255 0 0 255 255 0 255
    0 255 255 2 52 0 255 255 97 255 255 0 0 0 140 0 0 0 0 189 255 0 0 36
    0 119 0 255 255 120 255 255 0 255 0 255 0 133 255 172 0 0 255 255
    255 0 0 0 255 255 62 0 193 0 5 143 73 255 142 255 0 0 0 216 255 255
    0 0 255 255 255 0 0 36 255 0 0 0 255 255 0 0 189 0 0 0 255 32 0 0 0
    160 255 255 129 0 255 63 204 16 1 255 0 0 0 255 255 255 0 255 255
    213 0 0 0 255 0 255 0 255 0 229 32 255 0 30 0 255 255 113 0 0 0 255
    255 255 255 186 255 255 37 255 255 255 255 0 174 0 255 0 255 255 115
    255 255 0 0 207 255 84 255 0 255 158 255 0 255 255 255 255 0 0 0 255
    0 255 0 255 0 7 255 255 255 0 0 0 0 194 0 255 255 0 0 122 255 255
    255 255 0 255 108 255 225 0 255 255 0 140 132 255 210 0 255 76 255
    255 0 255 0 255 255 255 0 255 0 0 79 173 0 15 255 255 255 0 255 99
    255 0 70 0 0 255 255 204 178 0 0 255 114 0 184 0 0 255 255 0 0 76 0
    0 12 116 22 203 0 255 0 255 0 255 0 255 0 255 0 255 0 255 0 71 0 0
    255 0 255 165 255 0 255 255 255 0 70 0 255 0 255 22 0 0 0 116 0 255
    255 0 200 255 0 255 255 0 0 255 255 255 219 0 255 54 0 0 255 255 255
    109 0 0 255 0 255 241 0 0 0 255 255 255 255 255 255 0 255 255 0 0 0
    0 255 0 0 255 255 0 0 123 255 255 0 255 163 0 0 191 0 39 0 255 0 44
    0 255 0 255 0 255 228 0 67 255 255 255 0 255 0 255 0 0 255 255 28 0
    255 0 0 0 0 135 0 157 0 0 255 0 255 0 255 255 255 255 216 255 0 18 0
    209 0 255 255 255 255 0 0 0 48 0 255 121 255 255 255 255 3 0 255 0
    255 0 255 255 255 255 255 0 0 0 255 255 255 255 0 255 0 255 255 255
    255 0 95 81 255 255 0 0 255 255 164 0 255 11 255 255 255 0 255 255
    255 0 0 255 255 255 155 12 0 0 0 255 243 255 255 202 0 27 0 255 255
    255 0 0 255 0 255 0 255 255 255 155 0 0 255 255 255 0 0 0 255 255 0
    0 0 0 255 255 245 255 255 255 16 255 255 255 192 255 0 0 0 255 255
    255 0 4 62 255 0 0 164 255 255 0 0 255 0 208 64 209 0 0 0 0 255 255
    255 252 66 0 255 255 155 255 0 121 255 255 0 0 255 255 255 0 255 0
    221 255 255 0 255 0 0 15 255 255 255 167 217 0 0 255 255 0 0 255 155
    219 0 255 0 0 0 0 40 230 0 255 0 0 0 187 255 255 255 0 255 0 124 0
    255 0 255 255 0 0 255 255 255 0 0 0 0 0 255 41 69 0 255 0 0 120 255
    255 255 0 0 0 255 228 255 255 0 0 128 255 86 255 0 15 0 0 0 0 0 255
    255 255 0 255 255 215 255 0 255 0 255 255 0 0 0 171 255 255 0 0 64
    255 255 0 255 44 255 255 0 255 0 200 255 0 0 219 0 157 255 46 0 255
    255 255 0 255 0 255 255 255 255 255 255 78 0 255 0 10 0 255 255 255
    0 255 0 0 0 255 255 243 0 0 0 0 255 0 255 140 14 0 255 0 0 255 255 0
    255 39 255 0 0 12 112 66 255 0 177 0 0 24 255 0 255 0 255 255 208
    255 255 0 0 0 216 255 241 255 255 235 0 0 255 255 27 44 0 255 0 0 0
    255 255 63 0 255 255 255 62 0 0 0 255 255 255 226 255 201 255 255
    255 0 0 0 255 0 0 206 255 255 1 0 0 0 0 255 200 255 255 135 0 13 0
    255 0 255 255 0 255 0 255 0 0 255 255 0 0 255 1 198 0 255 255 0 0 0
    255 241 0 214 0 183 0 0 186 0 255 255 86 0 255 255 255 0 255 255 0 0
    255 0 255 0 255 0 0 255 240 255 255 0 45 0 0 0 0 0 255 0 181 0 17
    255 126 224 0 255 255 255 0 220 0 51 0 25 255 255 255 0 215 255 0
    255 0 255 0 0 0 255 29 103 0 70 255 255 255 0 255 14 0 0 0 0 0 255
    255 0 255 0 0 255 0 255 255 255 0 0 0 0 255 255 0 105 0 0 0 5 255 0
    255 0 255 255 255 0 131 0 255 178 0 0 255 255 255 0 0 109 255 0 0
    255 0 255 0 0 0 223 255 210 255 0 0 0 222 255 255 124 142 241 0 97
    105 140 215 255 255 149 0 255 255 0 255 0 255 255 18 0 255 74 255 0
    255 0 0 212 2 255 255 0 101 255 0 0 255 255 255 0 65 0 255 0 0 102
    255 255 0 0 255 0 255 0 34 0 0 190 0 255 175 255 0 255 255 255 110 0
    255 255 0 91 0 255 0 5 255 255 255 0 0 255 255 0 0 255 255 255 0 4 0
    0 0 0 255 0 255 255 255 255 66 255 139 205 0 0 0 255 0 0 255 255 246
    0 0 255 255 255 255 0 255 255 255 0 0 0 255 255 0 255 114 0 126 70
    255 128 171 0 255 255 255 0 0 255 255 0 0 0 59 255 255 35 225 0 160
    197 255 255 255 76 0 255 95 0 0 148 17 84 142 4 255 0 0 0 255 255
    255 4 0 0 255 0 0 0 255 255 0 255 0 255 168 255 250 30 0 255 155 255
    0 255 255 255 0 0 0 255 79 0 0 60 0 106 190 0 255 0 255 0 77 0 187 0
    0 201 241 255 255 0 0 0 255 255 28 0 144 118 0 35 152 255 255 255 0
    0 255 0 255 0 255 30 255 255 255 255 0 0 0 255 0 0 255 255 0 0 90
    255 16 255 112 252 0 255 0 56 0 0 0 208 0 161 0 0 0 0 95 255 255 255
    0 0 0 255 255 255 255 0 255 0 223 0 0 69 255 0 0 255 173 255 255 255
    188 248 0 255 0 6 255 255 255 137 0 201 255 0 229 0 0 255 0 255 0 0
    0 0 191 0 0 0 207 255 60 255 0 136 255 255 0 0 255 255 0 255 122 255
    21 0 0 0 0 0 137 255 55 0 255 233 224 255 0 106 109 0 0 132 0 255
    255 0 255 0 255 0 255 0 255 255 255 255 255 0 255 0 255 173 255 255
    0 0 115 255 255 255 125 0 98 255 255 255 0 0 255 255 0 0 0 150 255
    141 176 0 255 0 255 255 255 0 7 0 232 255 0 255 0 255 212 224 255
    110 255 0 141 255 255 0 41 0 255 0 255 0 255 0 255 0 217 0 250 255
    255 0 255 255 198 255 0 255 0 0 255 255 255 255 0 129 0 0 0 255 255
    255 234 255 255 48 255 0 255 0 255 0 255 0 255 255 0 165 255 255 0 0
    42 255 0 255 0 255 225 255 255 255 255 93 0 0 214 39 255 0 255 255
    255 178 20 76 202 0 255 255 255 0 91 255 255 48 0 17 131 0 255 255
    61 255 255 0 0 255 255 255 0 255 0 255 41 0 0 255 255 80 0 0 255 255
    255 11 0 0 255 0 198 43 255 255 255 0 210 0 255 204 255 88 212 0 0
    255 26 0 255 255 44 255 0 255 255 255 0 0 0 255 0 0 8 255 255 255
    255 0 0 0 255 255 255 255 0 0 0 255 0 255 65 255 17 219 255 255 0 0
    0 255 255 62 0 58 125 255 206 255 0 0 128 255 255 0 0 255 255 255 0
    0 255 0 13 0 255 255 255 255 0 178 0 255 255 223 193 0 255 216 255
    108 207 0 255 178 255 216 234 255 37 0 65 255 37 0 255 255 255 0 255
    0 255 255 0 255 0 255 255 0 0 255 145 0 5 255 255 255 255 0 0 255
    228 255 255 0 255 0 255 22 0 255 255 255 0 0 255 0 255 255 255 0 255
    255 223 255 0 255 0 194 0 0 0 190 255 0 0 0 0 0 255 43 186 0 255 255
    74 0 0 255 255 255 0 255 0 255 28 0 103 0 0 96 0 255 0 164 0 0 0 130
    0 0 221 255 0 255 0 0 0 147 255 0 0 255 0 255 0 0 255 255 255 202 0
    255 0 0 67 255 255 40 0 72 0 88 255 255 83 255 118 0 0 0 255 255 0
    235 166 255 255 197 255 136 255 255 255 32 0 249 107 108 0 30 255
    121 0 96 255 255 0 0 255 0 0 0 255 255 255 255 0 0 0 255 0 255 13
    255 0 174 255 111 255 255 255 0 0 255 255 255 0 0 12 0 255 255 255 0
    200 0 0 0 0 255 0 255 0 0 0 11 255 208 255 0 255 58 255 0 255 152
    255 0 15 0 233 0 0 255 0 185 0 255 255 0 255 0 0 255 0 255 0 0 0 0
    255 0 0 197 0 255 255 255 205 255 0 0 255 255 229 0 0 0 186 38 255
    255 255 0 57 0 255 78 101 0 255 0 255 238 0 0 255 255 86 0 0 255 255
    255 0 74 255 0 255 0 255 52 0 0 0 255 255 255 239 255 255 255 255 62
    132 0 0 255 216 228 53 65 175 236 0 0 255 70 252 0 255 166 16 0 66
    255 0 255 56 0 255 255 255 0 0 255 9 255 255 0 255 0 255 255 255 255
    255 0 0 250 0 255 241 255 255 187 255 255 255 255 0 0 0 255 255 255
    0 0 0 255 0 0 255 0 255 0 255 255 255 250 101 0 0 0 138 224 114 255
    0 38 12 255 255 0 255 0 0 255 255 0 255 0 0 16 4 0 255 0 255 255 255
    255 255 255 111 255 255 186 245 0 0 255 75 0 0 218 255 255 0 127 103
    255 0 237 255 255 0 165 255 255 255 0 234 255 0 255 0 0 255 255 255
    214 201 0 255 0 255 255 111 0 255 255 237 0 255 255 0 0 0 0 0 255
    255 255 255 0 0 0 255 255 0 0 64 255 0 0 0 97 0 0 0 0 218 255 255
    255 32 0 255 0 0 255 0 0 0 255 0 4 255 245 255 255 255 0 120 255 94
    170 217 232 0 110 125 0 255 0 255 255 255 210 0 252 0 255 0 92 170
    255 54 255 0 0 0 0 82 255 255 255 255 0 255 0 255 3 0 255 255 0 0 0
    0 255 122 255 0 255 255 255 177 0 255 0 0 225 255 255 255 0 0 147 0
    235 255 255 80 255 0 0 0 255 99 107 166 255 0 205 255 255 0 0 0 0
    129 255 255 255 115 93 255 255 0 0 255 0 0 253 91 163 255 0 255 0 0
    0 0 0 255 255 255 0 255 0 2 198 19 255 191 0 118 0 0 0 255 0 255 255
    255 0 255 255 0 0 0 255 0 255 0 53 255 255 255 0 0 91 255 255 107 0
    9 255 255 0 255 0 139 43 255 163 0 255 0 236 0 152 0 0 255 255 255
    255 255 0 131 0 255 255 255 133 123 255 83 244 151 0 255 255 150 0
    255 255 255 65 150 19 255 0 255 255 0 0 221 255 255 0 255 83 255 224
    0 127 0 255 0 255 0 0 255 196 0 0 36 0 0 209 71 255 0 0 0 255 255
    244 145 255 255 0 0 219 190 0 0 255 255 0 0 255 0 0 39 255 78 143 0
    214 0 151 54 0 195 255 255 255 255 255 0 0 0 255 0 0 0 255 0 0 0 255
    255 152 0 31 145 0 0 255 0 255 213 0 0 0 167 255 255 0 98 48 184 255
    197 0 255 255 255 167 0 255 0 255 0 0 55 91 255 255 255 0 0 0 255 88
    0 255 0 255 0 0 0 255 255 0 255 0 0 255 255 230 0 0 255 255 0 255
    255 255 255 255 0 171 0 255 255 0 217 255 255 0 0 0 255 255 255 199
    0 0 255 255 255 0 255 0 0 255 32 56 0 21 255 255 255 89 0 0 255 255
    0 190 0 0 0 255 245 0 50 0 255 88 255 0 255 200 255 255 255 0 0 255
    0 255 18 255 255 237 0 0 0 0 255 255 255 255 6 0 0 0 179 255 255 0 0
    165 238 0 255 0 255 0 255 0 255 0 242 255 5 0 0 255 255 108 0 0 255
    255 255 0 0 255 0 123 0 0 0 0 255 255 255 255 10 0 202 255 255 0 0 0
    0 0 255 255 0 0 255 255 255 0 255 0 54 0 248 255 255 255 230 0 0 255
    255 255 0 234 0 0 62 255 0 68 0 255 0 137 255 255 0 255 0 255 0 255
    0 255 255 226 255 255 255 19 175 0 0 255 255 255 0 111 0 255 0 255 0
    0 200 255 148 255 0 0 0 137 255 0 255 145 0 0 255 0 0 118 255 130 0
    0 187 23 0 255 0 255 0 255 255 255 255 0 0 0 0 255 48 255 0 255 255
    255 255 87 0 0 0 0 255 0 255 0 0 0 0 255 0 255 0 0 0 255 255 0 255
    46 255 0 0 25 0 0 255 255 255 0 0 183 0 255 0 255 0 0 0 41 0 0 0 167
    255 0 0 0 0 255 255 255 0 255 0 0 217 32 0 255 0 255 0 249 255 255
    255 255 255 4 0 255 255 255 0 0 69 255 255 0 0 255 255 52 0 0 0 255
    255 255 0 255 0 0 255 255 255 0 0 10 183 0 0 0 0 0 255 255 255 0 0 0
    83 255 0 0 0 0 128 140 0 255 220 24 0 0 205 146 0 255 0 0 0 232 0
    255 255 164 0 255 255 255 0 0 25 0 255 0 0 255 121 255 162 56 255 0
    255 67 255 255 255 0 255 255 0 0 255 255 0 255 0 0 0 0 255 255 255
    255 0 255 0 255 247 255 0 0 0 255 0 255 255 0 195 0 169 0 184 255
    158 255 0 22 123 187 255 203 0 0 0 59 0 82 0 35 255 255 0 211 255
    255 0 0 255 255 255 255 0 255 255 0 0 64 255 255 134 0 171 0 255 150
    255 0 222 0 0 34 255 255 0 33 255 0 0 0 255 255 106 197 0 255 255
    255 255 0 0 0 255 255 0 135 120 255 243 252 255 255 255 0 0 51 74
    239 255 255 255 0 0 47 255 0 255 0 69 0 255 0 255 0 255 255 255 255
    0 142 0 0 255 118 0 0 0 255 255 255 255 255 255 255 0 196 0 255 0
    255 255 0 0 0 255 0 255 255 255 0 0 0 177 251 255 0 255 0 182 255
    255 0 0 255 255 255 0 0 0 255 255 0 0 81 0 255 255 255 0 0 0 255 214
    255 92 0 134 38 255 255 0 255 0 255 162 255 0 185 0 0 0 255 0 255
    255 255 0 255 0 255 57 255 255 255 0 68 255 255 55 152 0 0 255 255 0
    0 0 255 255 255 0 237 66 0 255 132 255 0 255 255 255 255 0 0 255 109
    255 211 0 255 0 255 0 103 39 255 0 0 0 0 255 255 255 255 255 83 86 0
    255 255 255 0 255 255 0 255 0 255 0 0 0 0 255 25 255 255 0 0 108 255
    255 0 183 16 255 136 106 0 38 255 0 0 255 27 255 0 255 255 141 225
    96 255 0 255 98 47 0 58 0 177 0 255 139 144 0 28 0 0 176 0 255 255
    255 89 0 0 0 255 0 255 0 0 255 0 255 0 47 255 0 0 255 255 255 255 81
    255 0 0 255 55 154 0 0 255 0 255 0 0 255 0 255 0 255 0 131 0 156 255
    64 0 255 128 255 18 29 110 0 253 0 255 0 174 0 0 218 255 0 70 0 0
    154 255 255 79 255 146 116 0 255 255 255 143 0 0 0 0 0 255 89 238 0
    255 0 255 255 23 237 0 255 0 255 0 255 231 0 0 255 0 0 0 255 255 255
    219 255 255 5 255 0 11 255 0 255 0 215 0 255 255 255 0 167 0 255 0
    255 0 0 158 255 255 0 0 0 255 0 255 0 255 123 255 0 0 255 255 0 59
    255 255 255 255 255 0 255 117 255 18 255 100 181 0 255 0 255 0 0 0 0
    122 31 0 255 255 0 0 0 0 255 255 31 0 100 255 0 255 0 0 0 255 98 124
    0 255 255 0 159 255 119 0 0 0 0 255 0 0 0 255 255 0 255 255 255 0 0
    255 255 164 0 255 0 255 255 255 255 13 47 181 0 255 0 255 0 255 255
    255 0 116 255 255 55 90 0 255 0 0 0 255 48 255 0 255 255 255 255 0
    255 255 0 175 255 0 0 0 0 255 255 67 255 0 255 163 255 0 0 255 255
    255 0 255 255 165 150 255 0 255 0 255 255 255 255 255 255 248 255
    255 0 209 0 255 0 100 0 119 90 255 255 0 255 255 0 0 0 0 93 0 0 255
    67 4 255 255 255 0 0 0 255 0 0 52 0 255 0 0 0 255 255 255 0 0 0 74
    255 0 255 8 255 132 255 229 255 0 0 0 0 0 52 255 182 0 255 223 69 0
    196 0 32 0 255 166 255 0 255 255 255 0 0 117 255 255 246 0 0 255 255
    0 92 230 255 0 0 255 139 255 255 0 0 165 255 255 255 255 255 0 255
    255 149 0 0 0 255 0 0 58 255 0 151 250 0 182 255 255 0 0 0 255 46
    255 0 0 0 255 255 255 0 0 255 255 255 19 0 0 0 93 255 109 255 0 255
    137 255 255 237 124 0 0 75 0 0 0 255 0 255 48 150 0 0 255 0 255 0 56
    255 255 0 0 0 0 255 255 0 255 0 255 255 0 0 255 150 0 0 255 0 0 9
    255 255 39 255 201 255 0 0 0 255 0 203 255 255 255 255 0 0 113 255
    44 255 0 0 0 0 0 255 0 0 0 255 255 255 0 255 0 0 255 255 255 0 255
    231 162 0 0 0 255 65 163 255 255 0 255 255 255 0 0 255 0 255 79 0 80
    255 0 0 0 255 255 108 0 217 255 0 255 255 0 176 235 142 0 0 255 255
    255 0 255 0 255 0 255 255 0 0 0 0 255 255 0 255 255 255 0 255 255
    255 0 0 0 255 0 255 0 0 0 0 173 0 255 255 255 0 216 255 0 255 0 255
    0 233 0 255 250 0 0 255 255 0 0 33 0 255 0 255 0 130 0 255 0 154 0
    181 0 249 255 0 0 255 255 255 0 0 0 255 195 255 0 0 145 255 255 0
    255 0 255 255 255 0 48 255 255 255 0 255 0 63 255 255 255 0 255 255
    255 38 0 0 51 0 255 0 63 0 182 81 255 0 0 0 238 255 255 0 255 0 255
    0 0 130 255 255 255 0 0 206 0 255 224 0 255 0 255 255 255 0 0 92 255
    0 255 237 0 255 0 0 96 0 255 255 255 0 0 128 0 255 130 0 255 255 174
    255 255 168 255 0 255 67 255 0 255 255 0 255 0 0 0 255 255 255 255 0
    0 255 255 255 0 0 0 87 0 0 188 144 255 0 0 0 255 255 238 0 255 0 255
    17 255 0 255 255 115 0 0 255 255 255 0 0 0 0 0 255 255 255 0 0 255
    255 255 0 0 0 249 238 0 0 255 0 0 106 117 255 62 0 0 132 0 255 255
    198 0 69 255 255 255 0 0 255 0 255 20 0 0 255 255 255 255 255 0 255
    118 255 255 0 255 56 27 0 0 0 0 0 0 255 255 255 0 0 0 255 255 0 0 0
    255 0 255 0 255 255 255 239 255 0 0 255 0 199 255 255 0 0 0 255 255
    242 199 32 255 0 62 0 0 0 100 0 0 255 0 0 0 226 0 0 208 0 255 0 255
    0 255 0 129 0 61 0 245 255 255 0 0 0 0 0 255 255 0 255 132 250 255 0
    0 255 255 255 0 255 0 0 0 0 255 255 255 255 61 0 255 255 255 0 255 0
    79 0 0 0 0 255 255 255 187 68 128 255 0 255 0 134 0 30 255 255 148
    255 0 0 0 255 255 201 0 0 101 255 122 0 255 0 226 0 0 0 0 0 255 255
    167 0 0 0 0 255 255 255 255 57 0 255 255 0 0 255 0 87 255 255 0 255
    255 0 255 109 255 0 0 124 255 97 94 0 0 0 0 0 0 255 255 255 0 0 0
    255 255 0 0 255 122 255 0 255 0 33 144 255 255 255 0 255 0 0 0 255
    220 0 0 0 0 255 255 50 255 255 0 0 0 255 65 255 0 255 255 255 0 255
    0 0 17 255 0 0 0 255 192 255 0 255 255 255 0 0 157 143 255 0 0 0 255
    0 255 0 255 0 255 0 0 0 200 255 255 0 0 255 0 255 255 255 0 0 100
    255 0 0 0 42 255 255 0 8 0 255 0 0 0 255 255 0 0 255 165 255 255 113
    115 0 255 0 255 255 218 255 0 255 255 0 0 255 69 255 255 0 255 0 255
    0 0 93 255 255 129 255 0 107 203 0 0 0 207 0 255 0 0 0 0 255 36 255
    0 255 172 255 255 255 0 0 255 0 255 0 255 144 255 255 143 74 116 255
    0 255 236 76 0 255 0 255 72 0 0 0 255 0 226 0 0 255 255 146 0 0 255
    0 77 0 66 0 0 0 255 0 0 0 255 45 255 0 0 0 0 0 255 0 0 255 255 255
    209 0 0 0 255 255 255 0 0 0 255 170 255 38 0 0 255 0 0 0 255 0 255 0
    255 255 255 0 0 255 255 194 255 0 255 0 0 0 247 0 196 255 0 175 255
    0 0 17 255 248 255 0 0 0 0 130 77 0 113 255 153 255 255 0 0 255 22
    255 255 255 0 0 26 255 255 0 161 0 0 0 225 0 255 16 255 0 255 255 46
    30 0 255 255 84 0 255 0 255 255 0 0 0 0 0 0 255 255 0 0 0 255 255 0
    255 0 255 0 255 0 255 0 6 0 255 0 255 255 255 0 255 72 0 0 253 255
    255 202 255 0 158 197 0 255 255 255 255 0 0 255 255 255 0 0 0 0 255
    77 0 185 0 0 255 255 255 0 0 255 255 0 255 0 255 0 255 255 255 255
    255 255 0 255 0 255 255 255 29 0 0 0 255 111 0 0 0 255 255 232 81 0
    0 216 0 255 255 255 36 0 255 255 0 38 0 255 0 34 141 0 255 255 255 0
    0 0 255 255 255 255 0 0 255 0 255 119 136 125 255 255 0 0 255 255
    255 0 113 0 0 0 255 255 255 0 0 99 255 96 0 0 0 0 0 255 255 255 255
    0 255 255 255 221 0 0 0 255 255 0 255 255 0 168 0 255 255 0 176 0
    105 255 255 255 152 255 255 0 0 0 255 255 179 102 0 0 255 255 255
    255 0 0 255 255 255 0 0 255 255 9 0 110 205 255 0 255 255 150 255 0
    39 160 255 148 0 0 0 0 255 255 255 0 255 0 255 255 0 0 51 0 255 0 0
    0 20 255 255 214 255 0 0 0 255 0 121 255 0 0 255 255 255 66 255 0
    255 0 0 0 255 0 0 0 156 255 0 114 141 255 0 255 0 0 255 255 0 0 0
    220 255 255 199 0 255 255 0 0 230 255 255 255 255 0 0 0 255 255 0 0
    255 255 0 21 255 0 0 0 255 255 255 0 56 0 0 0 255 255 255 255 0 0 0
    0 255 0 0 0 0 0 57 255 0 255 0 255 115 255 0 0 255 255 255 255 255
    255 0 0 0 0 255 0 255 255 0 145 0 255 0 255 0 255 0 255 255 0 255
    255 0 0 159 255 255 255 0 255 255 0 0 0 191 255 255 255 198 0 255
    255 0 255 48 255 255 50 255 0 0 0 255 55 255 255 0 255 255 0 255 0
    55 0 41 0 255 255 0 0 255 255 27 255 0 0 0 0 255 255 0 0 0 195 36
    255 46 108 0 255 0 0 0 255 0 0 104 0 174 255 0 0 255 0 255 0 99 255
    255 255 255 255 114 103 176 0 255 255 255 255 0 0 0 255 255 0 0 255
    0 255 255 210 0 125 255 255 0 218 0 255 0 0 0 255 0 0 0 255 255 255
    0 124 255 0 255 0 255 0 255 26 255 255 242 0 130 0 0 255 115 0 9 255
    255 0 255 162 255 0 255 0 255 0 0 255 116 71 0 255 255 255 0 5 255
    255 255 255 21 0 155 78 255 0 0 0 0 255 0 255 0 255 0 0 255 255 255
    255 255 255 128 240 0 106 255 33 187 210 0 0 152 255 255 149 255 0
    255 210 255 255 0 0 0 255 242 255 0 255 0 78 0 10 255 255 0 192 0 0
    255 235 244 0 255 255 255 255 0 0 0 255 255 0 0 255 255 0 123 0 255
    0 218 255 255 0 212 0 255 255 255 255 0 205 255 255 255 0 255 0 126
    0 255 0 255 255 255 0 218 0 187 34 0 64 255 255 255 0 48 0 255 255
    94 205 255 255 64 252 255 0 255 17 255 0 255 255 255 255 0 5 255 255
    255 255 0 0 255 255 255 255 51 255 255 0 0 255 0 255 255 255 0 0 0 0
    0 255 255 255 255 0 255 203 115 0 0 255 255 255 0 255 0 255 0 149
    255 118 0 0 255 255 255 255 0 235 0 255 255 255 0 9 69 0 0 255 255
    255 255 0 0 0 0 0 255 126 255 0 255 255 0 40 135 0 255 255 0 255 0 0
    0 0 255 0 255 0 255 144 216 148 0 0 128 255 0 255 4 0 0 235 0 255 0
    255 109 255 255 0 255 255 68 255 255 0 0 0 255 0 255 0 175 0 255 0
    255 255 255 0 0 0 183 0 0 10 255 255 0 0 245 0 255 0 6 0 255 255 255
    0 255 0 255 0 233 185 255 0 255 255 255 255 0 0 0 255 255 0 255 0
    219 0 255 105 255 255 255 0 192 0 255 255 255 0 0 204 255 255 0 0 0
    0 0 89 255 255 0 255 0 255 0 255 140 255 255 255 0 255 0 0 0 245 255
    255 28 0 0 213 0 190 255 255 255 0 0 68 255 255 255 0 0 0 0 255 255
    165 255 239 255 0 152 0 0 0 0 0 93 255 126 0 0 255 26 255 0 255 0
    255 226 255 28 244 0 21 255 68 71 255 0 255 255 124 255 96 27 116
    255 0 255 0 44 0 255 0 0 0 0 0 46 0 255 255 255 155 0 0 255 0 255
    255 255 0 0 189 255 255 0 0 0 255 255 255 0 0 0 255 255 0 255 147 0
    0 0 255 255 255 0 0 255 255 255 0 255 0 255 255 0 255 255 255 255 0
    0 255 255 255 255 255 255 81 255 0 255 255 0 171 255 255 255 255 0 0
    255 255 255 0 0 0 0 201 255 0 255 0 255 255 255 0 255 0 255 0 255 0
    255 0 241 255 0 180 0 0 255 255 255 0 0 0 255 0 255 255 210 0 0 255
    255 236 0 255 66 255 175 255 255 255 0 0 0 255 255 37 0 0 0 128 0
    255 255 0 255 255 255 0 109 255 255 0 255 0 255 0 255 178 255 127 0
    0 169 255 19 255 0 255 255 0 255 255 255 0 0 8 255 0 255 0 0 34 255
    255 255 0 0 0 0 0 255 45 153 253 255 77 255 201 0 0 0 255 255 255 85
    255 0 0 255 255 0 146 18 138 0 149 0 255 81 255 255 0 255 255 255 17
    124 255 0 174 0 255 0 0 255 255 0 255 0 93 150 255 0 0 0 0 255 255 0
    37 0 255 126 0 0 255 0 0 160 255 255 255 0 255 0 0 0 0 255 255 232 0
    229 0 0 0 255 255 218 0 0 255 255 70 255 0 255 255 255 0 200 0 255
    255 0 0 0 0 255 0 255 255 255 255 0 255 255 255 255 73 138 0 0 0 191
    90 56 255 255 0 0 0 255 0 0 0 255 255 255 0 233 0 0 255 0 0 0 255
    182 103 255 255 255 255 30 0 255 255 255 255 0 0 0 0 52 0 0 0 110
    255 255 255 0 0 0 255 255 247 255 255 217 0 148 126 0 0 0 255 255
    255 255 255 0 0 0 255 206 222 255 255 0 255 255 255 88 145 121 255 0
    255 0 255 0 255 0 255 51 70 0 255 0 0 0 255 255 255 0 255 0 255 188
    0 0 255 255 0 0 0 255 255 255 0 0 217 0 255 255 46 0 255 0 255 0 0 0
    255 255 0 0 255 0 255 6 255 20 0 255 0 255 138 0 20 130 199 108 216
    0 255 0 161 255 0 0 0 0 103 0 0 0 0 0 255 220 255 0 0 255 0 0 0 0
    168 145 0 0 0 0 0 255 0 255 0 0 255 56 0 0 0 62 247 255 255 255 0 0
    0 255 255 255 108 0 255 1 0 0 70 255 45 255 0 59 0 196 255 255 0 0
    30 255 0 0 0 255 159 221 188 57 255 0 255 185 221 0 0 25 255 184 255
    157 255 213 181 255 255 255 255 212 114 0 255 255 0 0 0 255 255 255
    98 255 0 0 255 255 255 255 255 255 0 255 0 223 255 255 255 0 0 0 255
    0 255 0 255 0 255 0 255 255 255 0 0 0 0 255 255 255 0 0 0 255 255
    255 0 0 255 255 255 0 0 0 0 149 0 0 255 255 255 255 255 0 0 0 151
    255 0 42 0 255 0 202 0 0 0 168 255 255 255 86 0 255 242 255 0 255 0
    93 0 255 214 167 0 255 255 255 212 0 0 92 0 146 0 0 54 255 0 255 14
    43 255 255 196 255 0 249 183 255 0 255 255 255 0 255 0 0 0 255 0 255
    0 172 255 255 255 0 0 255 255 85 255 0 255 0 255 255 255 0 255 0 255
    0 0 0 255 255 255 0 0 255 0 122 0 0 255 61 0 255 0 0 0 255 255 255 0
    0 0 255 255 176 255 0 0 0 0 99 0 0 255 255 0 255 0 255 0 255 0 0 0
    255 255 255 255 34 0 0 255 255 0 0 0 255 119 255 138 0 111 56 255
    255 0 255 0 174 0 255 0 255 255 76 0 225 255 43 78 0 0 0 0 255 0 0 0
    0 0 0 255 212 68 0 255 0 0 0 255 255 31 0 0 178 255 221 0 0 255 255
    255 0 0 0 255 0 255 160 255 0 0 0 255 255 255 15 0 0 255 111 255 0
    255 0 160 255 255 255 0 0 255 0 0 0 255 255 255 0 255 0 255 255 255
    0 255 255 0 240 0 0 255 0 219 0 255 143 255 19 0 255 255 255 179 0
    255 146 47 255 255 0 0 0 169 0 255 0 255 0 255 255 255 255 0 0 243
    255 255 255 0 79 255 255 155 255 255 70 0 255 255 0 0 101 255 255 0
    0 67 29 0 255 153 255 255 255 255 13 0 247 255 0 255 0 0 0 255 255 0
    0 255 0 0 255 255 255 0 255 255 177 230 0 0 255 255 255 0 0 129 0 35
    94 0 0 255 255 255 255 0 0 255 255 0 123 235 255 251 255 0 211 145
    55 78 255 255 255 0 0 0 114 255 255 0 0 254 61 252 255 188 255 0 255
    255 255 216 0 0 255 255 255 255 255 0 0 255 0 255 177 255 0 255 0 0
    0 255 99 0 182 255 10 255 255 0 0 233 0 255 255 255 0 0 0 0 0 255 0
    255 0 0 0 255 255 255 191 0 0 90 255 255 0 255 255 255 0 255 0 255 0
    0 255 255 16 255 255 255 0 255 0 74 0 0 255 0 0 0 0 68 0 255 0 255 0
    64 0 227 255 138 0 0 129 0 255 2 104 0 0 147 0 235 255 255 0 0 0 0
    255 0 255 33 255 255 0 54 0 255 255 0 255 0 249 255 0 248 255 0 255
    0 255 127 255 0 0 0 0 255 255 55 0 0 220 0 255 255 44 83 255 0 102
    255 255 255 0 255 255 84 0 0 0 255 255 34 236 36 198 255 255 0 179 0
    255 255 255 255 0 115 0 0 255 255 255 0 48 255 96 166 0 0 55 0 255
    255 255 0 185 0 255 255 28 0 0 0 255 0 255 255 0 255 107 0 0 255 255
    255 0 201 82 235 0 203 255 255 60 255 70 255 0 255 0 255 255 0 0 255
    255 0 0 0 255 0 255 34 255 0 0 255 0 255 255 177 187 0 255 163 255
    255 0 255 0 0 0 0 159 255 255 0 0 255 255 164 0 0 255 0 255 0 170 0
    152 0 255 255 0 255 0 255 123 0 0 0 0 0 7 255 77 255 0 0 0 255 255
    255 0 0 0 255 0 142 0 0 255 255 255 0 0 0 25 0 255 39 0 140 180 255
    255 0 255 0 0 0 0 0 238 255 255 0 0 0 217 255 255 0 0 0 255 255 0
    255 255 0 255 0 0 71 0 255 0 255 0 255 255 232 0 0 0 12 109 49 147
    255 36 255 0 0 30 255 255 0 0 0 0 3 10 0 0 203 255 255 255 255 0 0
    163 255 255 0 0 255 0 255 0 255 255 201 255 47 0 84 255 255 255 0 0
    255 255 0 255 255 0 0 12 255 0 0 55 0 255 255 255 255 0 0 0 255 0 0
    231 11 0 247 0 255 0 119 0 0 0 0 255 255 255 255 0 0 120 198 210 254
    255 109 0 0 0 0 19 96 0 255 0 255 255 255 0 255 0 0 255 0 255 45 150
    0 0 122 255 255 0 0 255 255 255 0 0 150 0 255 98 255 255 0 255 0 255
    0 255 255 255 0 0 255 0 255 0 181 255 161 255 255 0 0 0 255 255 253
    0 255 0 0 0 255 255 255 60 255 0 0 0 255 0 0 255 255 255 109 83 255
    63 255 255 0 255 0 21 0 255 52 0 0 255 255 255 0 255 0 0 0 250 255
    255 91 255 0 255 0 255 255 255 0 0 0 0 0 0 255 255 0 247 255 255 0 0
    0 255 223 0 0 0 255 255 255 164 255 0 255 52 109 0 255 255 255 255 5
    0 255 255 255 74 255 0 0 88 0 163 255 0 0 0 211 3 225 0 255 0 0 0
    255 255 0 255 56 255 0 83 0 255 144 77 255 199 255 122 0 0 0 255 0 0
    0 255 127 255 0 57 0 0 54 255 255 0 98 0 22 255 0 0 255 255 80 255
    125 255 0 255 0 0 0 255 255 255 0 255 0 255 61 255 0 0 0 0 0 255 255
    174 0 255 0 255 0 0 0 43 255 0 255 0 255 0 0 255 255 255 255 0 0 0 0
    0 0 133 0 255 228 112 157 0 214 0 0 222 255 255 1 255 106 124 255
    149 255 0 0 255 255 255 255 21 87 0 0 0 253 225 0 0 191 255 0 0 109
    0 255 0 90 0 255 255 226 152 0 255 15 255 255 215 0 0 0 124 21 255
    255 255 4 255 34 255 88 0 60 255 255 255 183 194 0 255 0 0 60 8 255
    0 255 0 255 0 0 0 255 0 255 0 181 200 0 0 168 255 255 0 64 255 255 0
    0 255 0 255 0 0 0 255 255 255 13 220 0 255 255 255 255 192 191 0 255
    75 255 0 255 0 255 161 255 82 0 64 255 242 255 0 97 0 255 255 255 0
    255 0 0 126 33 255 0 255 0 54 255 0 255 0 255 0 104 25 0 255 0 255
    255 255 173 0 0 255 105 255 54 255 195 255 255 0 0 255 255 0 255 0 0
    244 0 255 0 255 255 0 255 201 234 0 0 0 192 255 0 9 255 0 0 0 255
    255 0 0 145 0 255 72 0 0 255 255 255 212 0 210 72 255 255 255 213 0
    255 56 186 0 255 255 255 135 124 0 255 0 0 0 255 175 255 255 255 255
    0 255 0 255 255 255 0 0 0 0 0 116 255 255 0 255 0 255 0 0 0 148 255
    130 255 152 255 84 255 67 255 140 72 0 68 0 0 0 255 255 255 0 255 0
    149 197 255 0 0 75 0 210 255 30 0 0 156 255 212 0 255 0 255 98 0 69
    255 5 116 0 0 0 34 53 126 255 0 255 0 0 0 0 178 255 255 0 162 0 143
    255 255 78 255 255 42 0 0 0 0 34 255 49 255 255 0 255 80 0 0 255 0 0
    255 0 255 255 255 255 46 42 0 0 255 255 222 0 255 0 255 255 255 0
    255 255 0 0 0 9 37 0 255 228 0 255 170 255 0 255 255 0 144 0 255 255
    255 255 0 0 0 0 63 0 255 0 71 0 255 255 0 0 0 255 255 255 0 0 0 255
    255 0 255 0 101 255 255 0 255 0 218 255 255 255 0 171 0 255 255 255
    0 255 0 175 140 0 255 188 255 61 0 187 23 0 0 0 0 0 0 6 255 255 86
    255 0 53 247 0 202 255 255 255 255 255 0 0 219 0 77 9 255 255 0 210
    0 255 0 0 255 255 84 255 137 0 255 255 255 0 0 0 0 255 121 255 255
    138 51 0 255 243 255 255 255 255 0 192 0 0 0 255 255 0 0 255 255 134
    0 0 255 110 255 0 227 0 255 49 158 0 0 255 102 255 255 255 0 0 0 250
    255 255 0 255 255 255 0 231 0 0 0 255 255 255 0 0 0 101 0 255 0 7 0
    0 47 255 255 47 0 229 255 255 63 181 255 0 204 0 255 0 0 0 174 255
    255 0 0 0 154 255 0 255 160 255 0 0 186 255 0 51 255 23 0 0 87 255
    255 0 0 255 43 255 255 0 0 255 255 255 0 72 255 255 0 0 0 255 255
    255 255 255 0 0 0 0 255 0 255 0 147 0 170 207 74 0 0 0 255 0 255 255
    255 0 255 0 32 255 0 255 255 13 134 255 224 0 255 0 255 0 0 0 0 255
    255 0 83 0 112 255 255 221 255 0 255 255 0 36 0 169 255 255 255 255
    255 0 255 0 255 248 0 65 255 255 0 48 83 255 255 0 0 106 0 0 0 0 0
    255 255 255 166 255 0 255 0 255 0 255 102 164 255 255 196 255 0 0 92
    0 108 255 255 255 0 0 106 65 0 255 0 255 255 255 0 0 55 0 0 255 0 0
    255 255 255 0 255 75 255 0 118 246 255 255 255 255 0 255 0 255 0 255
    213 0 62 0 255 0 255 0 255 255 255 0 0 0 255 135 0 0 0 0 255 0 0 255
    179 255 0 255 35 0 123 0 254 0 255 0 255 0 255 0 255 0 0 255 233 0 0
    255 165 138 255 139 0 205 0 255 255 0 0 0 0 255 57 12 255 127 86 0
    168 0 219 255 255 145 0 251 22 0 255 255 104 0 101 0 0 58 236 195 0
    0 0 0 234 255 0 255 255 255 0 0 0 0 0 255 0 0 0 0 3 255 255 255 255
    0 0 0 247 118 138 0 0 0 255 255 255 255 255 0 0 145 0 0 0 255 255 0
    0 0 0 255 255 255 255 0 0 0 0 255 0 69 40 104 253 0 255 0 0 0 0 114
    16 0 255 246 255 113 255 255 0 0 0 255 255 255 255 81 255 193 0 0 0
    255 0 114 255 33 0 255 0 255 0 255 0 0 255 140 255 0 0 0 0 255 0 140
    29 255 255 0 201 0 139 0 246 255 1 0 255 91 255 0 203 21 0 255 0 0
    255 255 0 0 255 20 90 0 255 0 255 0 0 0 255 210 255 255 255 26 0 233
    255 0 93 255 0 38 0 125 255 132 255 255 255 235 0 0 230 255 255 0
    146 255 255 0 37 0 0 0 174 255 255 0 0 60 0 43 0 255 255 0 255 0 42
    255 255 255 235 255 0 0 255 255 255 0 255 255 0 255 0 255 255 255
    137 255 105 0 91 184 0 0 0 148 255 255 255 255 167 255 163 0 255 0 0
    255 0 255 255 255 108 92 255 255 0 0 202 255 91 0 0 0 255 0 255 255
    235 0 255 255 130 248 0 0 0 255 0 255 0 255 12 0 0 98 255 0 203 255
    232 255 19 115 0 0 0 255 156 255 0 255 0 37 255 255 0 0 255 181 255
    0 215 0 0 0 255 0 216 255 255 0 0 247 0 255 0 217 255 255 255 0 87 0
    255 0 255 0 6 0 255 0 0 53 255 255 255 0 0 255 255 255 0 0 0 0 255
    255 0 212 0 0 255 146 253 255 141 0 0 0 119 255 255 255 0 255 0 245
    0 203 0 0 255 255 255 255 0 0 0 255 0 0 0 255 0 255 0 255 255 0 0
    130 255 0 255 0 255 12 255 0 0 157 255 0 0 255 234 114 0 255 255 0
    255 255 255 255 7 0 0 255 255 255 0 0 0 0 255 255 0 0 0 0 0 255 255
    255 210 255 255 0 0 255 243 0 24 0 255 0 255 0 165 255 0 255 0 0 255
    255 255 255 255 255 209 0 54 255 255 0 0 186 255 209 0 0 0 255 0 255
    255 255 255 255 0 0 151 29 255 255 255 0 255 0 255 255 255 0 118 112
    255 255 255 255 0 134 255 255 255 0 0 130 255 146 0 219 0 0 0 5 0
    255 0 255 0 255 0 0 255 255 122 227 0 255 0 255 0 255 0 255 255 255
    255 0 0 255 255 255 255 0 36 109 0 171 255 0 0 255 255 0 227 255 0 0
    0 255 255 56 255 0 187 21 0 0 255 32 0 255 255 255 0 0 255 0 246 255
    0 255 216 255 0 0 0 21 43 46 202 0 192 0 255 255 255 0 255 0 0 0 0
    255 255 255 255 0 255 0 10 0 230 0 0 255 255 255 255 0 0 0 255 0 255
    0 249 0 58 156 255 6 46 255 255 255 255 255 255 0 0 0 255 0 61 3 255
    255 0 249 0 255 255 255 0 255 255 255 255 0 0 0 255 0 16 0 0 255 255
    255 0 255 0 0 0 255 255 0 0 255 255 255 0 255 0 255 255 255 0 255 0
    0 0 255 255 0 255 255 0 255 0 255 0 255 0 255 0 0 0 255 255 0 255 0
    70 255 0 0 0 120 0 0 255 0 0 120 255 255 87 255 80 104 197 0 0 0 150
    0 0 255 34 0 255 0 255 0 17 255 255 0 0 255 255 255 0 0 0 0 0 255
    255 255 0 113 255 255 103 0 0 255 255 255 255 0 255 94 255 255 255
    255 0 0 35 0 0 56 255 255 255 255 0 0 255 255 206 0 255 255 242 0 0
    0 255 55 255 86 255 0 0 148 255 255 0 106 67 255 255 255 218 0 0 255
    255 255 0 41 0 97 101 255 247 255 0 0 0 0 255 255 255 255 234 255
    121 255 241 113 0 0 0 255 255 0 255 255 0 255 0 255 255 225 255 255
    255 0 0 255 196 255 228 0 0 255 255 255 0 0 0 255 255 255 0 68 230
    52 114 0 255 0 255 196 243 17 0 0 255 255 0 64 255 209 0 255 255 255
    0 255 0 255 151 0 0 255 146 255 0 170 255 89 0 255 255 209 255 139
    255 0 219 255 0 0 65 255 255 0 0 63 255 0 0 0 255 255 255 255 0 255
    255 255 0 0 208 255 255 255 255 255 0 0 0 149 255 255 0 133 26 126
    255 255 0 0 0 255 0 255 0 255 255 255 0 0 255 255 125 0 21 255 0 0 0
    255 0 100 148 0 255 0 255 0 143 255 255 0 255 241 0 224 135 255 0 0
    0 255 242 0 0 0 255 255 255 0 0 0 255 255 0 107 0 255 255 255 255
    241 251 0 255 225 5 92 255 255 10 104 124 0 0 0 255 0 0 0 190 255
    255 113 255 255 0 255 0 0 255 0 0 162 255 255 0 255 76 255 56 148
    255 255 255 24 255 0 255 224 255 170 0 0 0 0 0 255 142 255 177 255 0
    0 2 255 255 255 255 0 0 255 215 0 0 238 255 0 0 255 255 255 255 0
    255 255 255 0 0 0 255 255 255 255 0 0 0 255 15 0 0 255 255 44 0 0
    255 0 53 0 255 255 19 35 255 255 255 255 255 0 0 0 255 0 255 0 255
    255 242 0 0 255 0 0 0 255 255 255 255 0 157 147 255 0 0 255 255 255
    0 0 0 255 0 255 0 0 0 255 255 0 0 255 0 255 255 0 0 70 255 0 6 93 0
    255 0 255 58 255 0 0 0 255 224 255 255 255 255 0 146 255 0 255 0 255
    0 255 255 255 0 103 0 0 94 255 0 152 31 10 255 37 255 0 0 31 0 255 0
    255 0 255 255 0 0 0 255 255 0 0 0 255 0 227 0 255 255 0 255 0 255 0
    255 0 255 58 0 0 255 0 255 255 255 255 255 0 0 0 255 255 255 0 0 0
    255 0 0 0 255 255 233 0 0 255 82 0 0 0 51 255 0 255 0 255 255 0 0 0
    255 255 58 0 17 255 255 0 255 0 188 255 9 170 0 255 255 76 255 255
    255 0 255 0 255 24 0 255 0 0 255 255 0 0 198 36 255 255 0 145 0 255
    0 255 0 255 0 255 0 255 21 62 0 0 0 84 255 0 0 255 255 248 0 255 0 0
    79 218 255 0 255 0 255 255 255 70 0 247 0 255 255 146 0 0 0 0 255
    254 255 255 0 0 255 255 0 0 0 33 0 0 113 118 70 0 0 153 190 95 255 0
    255 255 255 255 0 255 255 255 0 0 0 255 255 255 0 243 255 255 255
    247 0 0 0 255 255 0 255 0 255 0 0 0 255 255 74 0 0 0 0 0 198 0 255 0
    169 0 191 171 0 255 255 0 0 255 255 255 255 0 255 255 0 0 255 255
    255 47 0 255 123 0 255 0 0 0 54 255 255 164 65 0 121 0 183 255 255
    255 0 0 0 0 0 181 255 0 0 0 255 255 255 0 0 194 0 63 255 0 0 23 255
    0 0 0 0 255 255 255 0 94 0 255 255 0 243 255 112 255 14 255 115 0 0
    99 255 255 0 0 0 255 0 0 6 0 255 255 239 108 255 211 255 255 0 0 255
    0 255 255 255 21 0 124 0 251 255 15 0 255 250 0 255 179 0 50 255 0 0
    201 0 0 186 255 255 255 255 0 255 196 0 0 0 255 155 0 0 0 255 255
    255 0 255 255 0 56 36 0 70 210 255 0 160 255 239 255 183 187 255 0
    255 0 0 0 0 0 255 0 78 0 255 255 0 0 128 255 255 255 255 0 0 0 255
    255 0 0 38 254 0 115 0 0 255 96 255 190 255 255 0 0 0 255 255 0 255
    0 0 0 0 255 115 255 0 0 255 90 84 213 0 255 255 0 0 255 0 255 6 255
    255 219 255 0 0 0 0 0 0 255 168 0 255 255 255 255 0 255 0 144 130 56
    255 255 72 0 0 255 0 255 8 255 255 108 0 0 0 199 114 0 231 255 255
    255 255 0 0 184 57 255 255 77 227 0 252 155 0 0 255 0 0 0 255 255
    182 115 255 61 0 255 0 102 255 26 255 0 0 0 255 255 0 255 255 255
    255 0 163 0 0 0 255 255 255 228 73 52 0 171 255 0 255 109 255 255 0
    140 28 255 0 255 255 72 0 0 255 255 255 0 255 255 255 224 0 221 255
    255 255 25 0 126 255 57 0 255 204 0 0 255 201 255 190 0 0 255 255
    210 151 255 255 255 14 0 0 252 255 255 0 0 0 0 255 255 255 255 0 255
    140 201 0 255 0 255 0 0 255 0 255 255 0 0 255 240 255 84 6 0 0 0 37
    0 255 0 255 255 0 255 255 255 0 0 0 0 184 255 255 0 0 0 0 255 255
    255 0 4 0 0 255 255 255 0 255 255 255 255 0 0 0 255 0 0 104 0 255
    255 27 0 195 33 255 0 0 0 0 255 255 255 122 255 255 0 255 249 241
    255 0 60 255 255 181 0 137 0 255 89 255 255 107 0 0 0 0 255 203 0 0
    123 0 255 255 0 127 0 255 0 255 118 0 0 255 255 0 0 0 18 0 255 255 0
    183 20 255 255 255 235 255 0 255 255 255 25 255 0 171 0 0 255 0 72
    255 108 255 0 0 0 0 255 255 0 0 255 0 0 255 0 0 255 115 0 255 0 255
    57 255 255 255 0 0 217 255 255 248 0 0 255 255 255 255 0 0 0 255 245
    0 205 255 0 0 170 255 0 0 255 255 0 0 0 255 255 0 255 0 0 0 119 255
    215 0 0 255 0 124 255 255 255 255 255 0 75 0 0 255 0 255 0 255 0 255
    255 255 0 210 0 0 0 73 255 255 0 0 0 255 255 255 145 217 0 0 0 255
    255 255 180 243 183 255 201 0 90 255 221 0 0 245 255 78 255 0 241 12
    0 0 255 255 0 219 253 171 255 255 0 0 255 0 0 131 255 0 0 255 255
    255 0 255 255 0 255 0 255 0 87 255 37 202 0 255 0 0 255 0 0 0 255
    255 255 255 0 0 93 255 255 255 255 0 0 255 0 255 0 255 255 255 249
    255 255 224 65 255 0 0 0 255 255 255 184 2 0 0 255 255 255 255 255 0
    255 24 255 223 212 0 255 0 255 250 0 49 255 0 0 0 189 0 255 255 255
    0 0 0 0 0 255 0 255 0 0 0 0 69 255 255 28 0 0 255 129 255 0 255 137
    255 56 255 0 0 0 255 0 0 97 249 50 0 255 255 255 39 150 0 255 0 0 63
    0 255 255 0 255 0 255 0 0 0 255 255 255 255 255 0 0 0 255 255 255 0
    255 0 255 255 48 252 0 0 255 255 20 0 255 0 171 186 0 255 0 255 0
    255 239 255 0 255 0 187 168 240 0 255 255 255 0 12 255 255 255 0 0 0
    255 255 0 0 0 255 255 255 0 255 116 147 87 0 255 0 255 0 147 205 255
    0 255 0 255 0 0 0 255 255 255 255 0 255 95 0 255 0 93 255 140 255
    148 0 0 0 42 152 48 255 123 0 255 255 93 0 164 255 163 0 255 0 255
    255 255 0 255 198 255 0 0 0 255 255 255 255 0 255 0 43 0 29 0 0 0
    255 191 52 255 0 0 175 0 255 255 0 225 0 3 255 0 255 0 238 0 255 144
    0 255 255 239 182 0 0 255 255 0 205 65 255 255 255 0 0 255 255 79 0
    0 140 0 255 0 0 48 255 0 0 26 0 255 0 44 0 255 255 0 254 0 255 194
    255 0 255 255 0 0 255 255 0 0 0 255 255 255 255 255 0 0 0 255 255
    255 174 0 118 255 0 255 107 255 0 255 0 45 0 0 168 255 255 255 255
    255 198 59 255 43 0 0 186 255 255 255 255 73 0 0 0 0 0 255 81 0 116
    255 255 255 0 0 255 109 0 87 0 255 255 0 255 0 0 255 0 0 0 255 215
    255 57 255 0 0 0 0 255 0 162 0 255 255 0 0 0 255 255 154 0 0 0 0 255
    255 255 255 0 62 0 255 15 255 0 0 255 0 255 0 255 255 0 255 58 0 0
    255 80 230 0 255 0 5 0 255 194 255 255 0 0 0 11 0 255 95 255 0 0 255
    0 255 0 255 0 42 0 255 124 255 0 94 255 255 156 0 255 81 0 50 0 255
    255 255 255 0 185 168 95 255 0 245 255 255 255 255 0 255 0 255 0 255
    27 0 0 255 255 255 0 0 69 0 26 255 213 0 0 0 255 148 0 26 255 0 255
    255 85 0 190 255 0 255 0 0 0 0 0 255 0 255 181 255 0 255 255 0 0 0
    255 255 255 255 0 0 175 255 172 0 0 0 255 255 249 0 0 0 202 92 0 255
    0 255 255 255 255 0 0 255 0 255 0 255 0 0 9 255 0 255 255 255 0 188
    255 54 255 0 0 255 255 255 0 0 185 255 255 0 51 0 255 75 255 0 0 212
    255 255 91 0 255 31 255 0 255 65 235 0 255 255 155 0 0 255 47 255 0
    0 0 255 10 94 255 0 255 255 255 0 0 255 84 0 0 1 0 0 255 147 0 0 0
    215 186 255 255 255 0 91 167 0 174 255 255 255 0 0 255 255 0 137 255
    255 255 0 0 255 255 0 0 0 255 255 255 255 80 0 0 0 255 255 255 0 10
    255 255 0 0 0 0 0 255 255 196 0 255 255 255 84 0 255 255 18 255 0
    255 0 255 125 17 0 0 12 0 0 204 255 255 0 0 255 0 199 0 255 255 255
    39 0 255 0 255 0 255 0 255 255 255 0 0 0 0 0 255 255 80 77 0 0 255 0
    119 31 0 0 0 188 0 0 176 255 77 0 255 0 255 0 255 255 0 0 0 255 255
    63 0 0 0 109 255 255 255 0 46 255 96 0 255 255 255 0 0 0 255 0 255
    255 255 0 255 255 0 29 255 255 255 0 255 0 255 0 202 32 0 255 129
    255 255 255 0 32 0 120 255 255 0 206 100 0 183 255 255 0 0 255 255
    152 194 207 255 255 155 158 255 255 0 0 227 0 255 255 255 30 255 171
    0 23 95 255 198 0 240 0 0 255 0 255 165 212 0 0 0 0 255 224 255 0
    255 255 171 0 0 0 255 255 0 0 0 0 0 0 255 255 255 8 0 0 0 51 255 255
    255 0 255 0 0 76 255 58 0 0 0 255 255 255 255 255 255 0 255 0 255 0
    255 0 255 186 0 0 0 182 255 0 0 0 255 156 255 0 0 0 0 0 67 255 0 0
    243 0 255 255 0 239 0 189 0 0 255 153 255 255 255 0 0 0 10 255 255
    111 0 255 0 0 255 0 255 255 37 0 0 0 255 43 245 255 255 255 0 0 0
    255 217 173 255 0 0 0 0 255 255 0 0 0 255 255 255 255 65 0 0 0 255
    255 144 0 0 183 255 255 0 0 255 255 89 92 0 0 191 255 255 255 220 0
    0 0 255 255 156 255 255 255 0 240 236 72 255 0 255 0 0 0 255 255 0
    255 124 21 116 181 0 0 0 255 197 0 255 0 0 0 255 0 209 0 255 205 0 0
    255 0 0 255 255 255 255 255 255 255 0 205 255 53 0 255 255 255 0 255
    131 255 0 35 0 113 0 255 255 191 0 255 0 255 0 255 0 255 0 0 0 255 0
    255 0 42 123 255 3 25 255 0 0 0 214 255 0 255 248 0 255 255 255 254
    0 0 0 0 0 255 93 255 166 227 0 0 255 0 0 255 255 255 0 255 0 255 255
    255 0 0 255 97 190 0 255 0 255 255 255 35 0 255 134 0 160 0 255 0 0
    45 255 0 0 255 209 255 0 255 255 252 0 0 0 225 255 255 197 103 0 0
    255 255 255 0 255 0 255 0 0 255 255 255 196 13 252 255 0 0 0 98 255
    255 0 0 0 0 141 0 255 255 255 255 0 0 255 0 255 255 255 0 255 0 20 0
    255 255 155 255 0 0 255 0 2 0 255 0 255 0 255 19 0 102 0 255 0 77
    255 255 222 0 0 0 255 255 255 107 255 255 0 255 255 0 255 0 242 0
    255 69 255 0 255 246 255 151 0 0 0 255 255 0 0 0 255 101 34 255 255
    255 255 0 0 0 255 255 145 0 213 255 0 255 255 94 255 0 207 255 197 0
    0 255 255 0 0 0 180 255 0 255 46 0 0 66 0 0 0 0 0 17 0 255 255 0 0
    255 255 255 168 255 255 0 255 255 0 0 0 0 134 0 255 255 207 11 255 0
    0 0 223 85 255 255 255 0 246 0 0 255 255 255 248 255 0 0 0 255 95 57
    255 0 0 0 255 255 255 0 255 0 0 0 180 255 255 255 0 208 0 0 255 0 60
    178 255 108 0 0 103 255 163 0 0 255 69 0 0 255 255 0 0 0 0 0 0 0 0 0
    255 79 0 255 255 255 0 255 0 68 0 124 0 255 172 255 0 255 0 255 0
    255 0 255 0 216 255 255 255 255 255 192 255 0 255 0 255 255 255 0 0
    255 255 0 0 255 142 255 0 255 0 255 254 237 0 255 255 255 0 181 0 0
    255 255 255 0 0 0 255 255 255 255 255 255 255 255 0 0 255 255 255
    255 255 255 0 0 0 53 255 227 195 0 54 255 84 0 0 0 0 255 255 0 255 0
    255 0 255 0 255 0 255 0 119 0 135 71 210 255 195 0 62 255 0 255 0 0
    123 0 0 0 255 139 0 0 6 0 161 3 0 255 0 255 255 255 159 255 0 255 41
    255 0 35 255 255 255 0 74 0 0 74 213 0 142 255 203 0 0 135 229 0 255
    255 0 0 230 0 188 136 197 0 255 255 255 0 0 227 255 255 0 0 226 255
    255 255 18 0 0 0 102 0 0 255 223 255 255 255 190 255 0 255 0 255 0
    255 255 255 0 0 0 0 0 81 255 255 255 0 255 255 0 0 164 255 255 0 0
    207 255 76 255 0 255 255 81 0 255 0 255 255 0 0 255 0 0 157 201 255
    45 197 74 255 255 0 255 255 0 0 0 0 255 34 255 16 255 130 255 255
    187 0 0 126 0 63 0 0 255 253 23 0 0 255 0 255 5 133 0 0 0 150 98 255
    255 44 0 0 0 255 255 0 255 0 14 0 255 6 255 0 0 0 133 255 161 0 0 0
    68 255 83 255 0 82 0 0 255 255 255 175 255 0 113 0 255 0 255 255 0 0
    212 255 255 255 0 255 255 56 0 0 0 196 255 0 255 0 0 255 0 255 0 255
    0 154 0 0 255 0 255 0 0 0 255 255 255 255 0 255 255 255 165 255 0 0
    0 0 255 0 255 0 255 0 255 255 114 0 0 255 255 253 0 0 156 100 0 255
    136 255 0 0 0 255 255 255 255 0 113 0 255 255 255 0 255 0 255 0 255
    0 234 255 255 0 0 184 0 0 255 255 0 0 226 0 20 255 255 0 0 255 37 0
    255 123 255 0 255 0 37 255 155 158 0 255 255 255 0 0 255 255 193 0 0
    0 5 60 250 255 130 196 0 167 0 255 255 255 255 0 0 255 0 255 0 0 0
    255 255 208 0 0 0 255 255 255 144 0 0 0 255 255 255 246 255 0 0 0
    255 0 52 255 255 255 89 255 0 255 255 255 0 0 193 66 0 80 255 147
    255 241 255 144 0 0 64 220 255 255 182 0 0 0 93 0 0 255 255 65 0 0
    255 180 0 0 255 255 202 255 0 241 0 0 0 255 255 0 255 255 0 0 134
    255 255 126 203 244 255 0 255 0 0 96 0 255 41 255 92 255 255 0 0 0
    85 255 9 0 220 255 202 0 0 255 255 255 133 101 0 5 223 255 255 255
    94 0 0 0 104 255 0 255 0 255 249 255 0 203 88 0 0 23 255 205 0 100 0
    255 255 255 0 0 0 0 255 0 255 0 255 174 255 0 48 0 142 0 180 255 214
    255 255 255 255 0 0 255 177 0 255 0 255 0 255 0 0 0 255 255 255 0
    187 255 0 255 0 0 0 255 255 0 255 0 255 0 255 0 255 255 255 0 99 0
    77 0 169 201 255 212 33 255 0 70 159 255 165 255 255 0 0 255 147 0
    26 255 0 0 0 255 255 0 0 255 255 255 255 0 255 0 255 255 0 0 84 255
    255 255 0 0 136 255 255 255 0 67 147 255 255 0 0 0 255 0 255 0 255
    255 255 0 13 255 255 0 255 0 255 0 255 0 250 255 0 255 0 255 0 152 0
    0 173 0 0 255 0 0 0 16 0 255 255 255 0 0 255 0 255 0 0 0 255 255 63
    124 255 0 0 0 117 0 255 0 134 0 33 255 0 189 255 0 0 0 255 0 0 13 0
    255 0 0 5 0 103 0 255 255 255 255 212 0 0 0 255 255 255 0 0 0 255
    255 255 217 214 255 115 0 255 0 255 0 236 255 255 238 0 255 0 255 0
    0 248 68 255 255 255 255 0 255 224 255 0 255 255 255 152 0 0 119 255
    129 0 47 255 255 0 0 255 0 255 0 255 0 255 0 255 0 0 255 82 0 114
    255 255 222 0 169 255 255 40 144 0 73 255 0 255 255 255 255 255 0 0
    0 0 255 255 255 75 182 255 255 0 0 0 0 200 0 0 255 255 255 255 0 255
    255 0 176 255 255 27 0 255 0 255 0 61 0 255 255 255 255 255 0 0 160
    0 255 255 255 0 0 0 0 255 255 0 0 84 255 255 67 0 0 230 255 45 0 255
    0 255 255 255 255 102 0 48 0 255 0 255 0 255 0 255 154 249 0 255 255
    255 0 255 44 167 255 40 0 255 255 255 255 255 0 255 0 0 255 255 0
    255 0 255 0 175 182 0 255 0 200 255 255 255 255 255 255 133 255 0
    255 0 255 84 255 0 206 220 0 0 0 255 0 176 255 255 255 0 0 0 0 255
    255 255 255 255 0 255 0 0 0 161 255 255 36 53 195 174 55 0 0 255 0
    255 255 0 255 0 255 255 73 0 255 0 0 255 255 197 0 255 0 0 0 255 255
    255 0 0 137 255 255 0 0 255 0 255 255 252 0 0 255 0 0 0 0 12 255 255
    99 0 0 0 0 255 0 255 0 194 0 255 255 152 0 101 255 255 0 125 0 87 0
    0 255 0 0 0 255 255 255 255 0 255 255 0 232 0 255 255 16 255 0 0 255
    255 255 37 217 0 255 0 255 255 37 151 143 0 140 0 255 0 212 0 0 65
    255 247 0 255 255 255 0 0 255 0 255 0 152 0 255 255 151 0 0 131 0
    255 189 74 255 255 255 0 176 0 0 255 32 255 0 0 255 0 0 0 255 0 255
    255 255 0 0 0 0 255 255 39 0 255 9 33 94 255 255 0 255 255 0 255 249
    255 255 0 0 0 255 0 255 0 0 0 255 255 255 0 0 0 0 255 165 62 209 0
    75 255 64 255 255 255 36 109 124 0 255 255 0 0 0 0 255 0 100 12 200
    255 255 208 0 0 183 0 255 0 255 255 0 255 0 255 0 0 0 245 255 255 79
    197 0 124 0 0 255 0 255 0 255 204 0 0 255 255 255 243 0 65 65 129 0
    255 0 255 178 0 255 255 0 0 0 0 255 255 255 0 0 255 255 255 127 0 0
    255 255 255 0 0 255 217 0 0 0 255 0 0 137 255 0 140 0 0 255 0 255 0
    255 255 255 255 255 255 255 39 0 255 45 255 255 0 0 0 0 210 255 0
    255 91 255 0 0 255 0 0 255 255 0 255 0 136 251 23 104 0 27 13 255
    255 255 0 50 255 0 0 10 0 34 0 255 0 191 79 0 0 255 255 248 255 26
    83 255 255 0 0 255 255 255 0 255 0 0 156 255 255 0 0 255 131 255 255
    255 0 255 0 255 0 31 255 255 229 0 0 255 255 0 72 255 0 255 0 0 54
    237 0 255 211 255 0 255 0 255 0 255 0 206 255 10 255 0 0 242 8 255
    255 255 255 0 255 0 255 0 0 0 255 255 255 255 76 81 0 255 0 127 255
    178 0 255 255 255 255 0 0 255 255 255 0 0 201 69 0 255 255 255 1 0
    255 0 0 125 255 64 255 255 0 197 255 255 0 255 255 0 57 0 255 185
    255 255 17 0 255 255 255 0 0 255 255 255 0 0 255 255 189 91 0 255 0
    255 0 0 0 255 166 0 81 0 255 20 0 0 0 191 63 255 255 255 255 255 105
    0 0 0 255 0 255 0 255 53 0 0 0 0 0 0 255 255 0 0 0 0 255 255 255 255
    0 0 0 255 0 0 0 255 255 0 98 0 221 255 212 0 24 255 255 0 255 0 0 0
    255 255 0 155 65 255 0 0 0 74 255 255 0 255 0 195 0 255 255 14 0 0
    224 255 197 0 0 255 255 0 0 0 255 0 29 0 255 255 255 255 0 0 0 255
    255 255 0 49 0 0 24 255 255 0 0 0 0 0 255 255 0 255 255 87 0 0 0 213
    255 255 0 45 0 255 255 255 193 0 0 255 0 255 0 15 0 5 255 0 0 0 255
    255 0 0 0 0 255 255 206 255 0 37 0 255 0 0 0 0 0 255 242 255 159 93
    255 255 255 255 0 83 0 48 255 255 255 255 51 255 0 0 0 255 255 0 83
    71 0 0 255 255 255 0 0 105 142 255 0 255 0 0 255 255 255 0 255 255
    92 85 202 0 6 255 255 255 0 205 0 255 0 231 97 0 0 72 255 255 0 255
    255 0 0 0 255 255 0 0 0 0 61 255 0 0 255 255 0 55 255 255 255 0 0
    255 148 76 0 255 255 255 0 0 0 156 255 255 255 0 0 34 0 255 0 0 0 87
    255 255 32 255 0 255 0 255 0 68 0 0 255 0 0 0 255 0 255 255 255 255
    255 0 0 255 0 107 213 0 255 0 0 0 255 219 0 121 0 162 0 255 0 255
    255 0 0 0 255 155 0 0 0 255 0 255 255 255 0 0 30 255 255 0 255 233
    255 166 0 0 0 255 0 255 34 255 118 0 0 91 255 49 255 0 255 0 0 255
    197 0 0 255 152 84 50 255 0 255 26 163 0 0 0 0 76 255 18 178 0 0 255
    255 153 255 0 0 255 255 0 232 55 255 0 0 0 0 249 255 0 255 0 255 0
    255 77 0 158 33 154 0 255 0 255 0 255 255 255 238 170 255 255 0 255
    0 0 245 255 112 0 0 244 0 41 255 247 88 48 0 255 0 255 12 0 0 255
    255 255 255 255 0 255 0 255 0 0 255 0 196 0 255 0 255 0 0 255 28 255
    0 255 20 255 0 227 218 255 0 148 0 56 0 255 0 67 0 255 255 255 255 0
    0 255 255 156 0 0 225 0 244 255 255 69 255 156 255 171 255 0 127 255
    0 0 255 0 255 255 0 0 76 255 0 147 0 255 255 223 3 255 255 255 255 0
    160 255 0 0 0 0 255 0 0 131 255 255 255 0 0 0 255 255 255 47 255 255
    0 0 255 255 239 0 124 255 0 158 0 255 255 255 0 114 0 255 2 0 129
    255 94 0 0 157 255 255 141 255 13 110 255 255 0 0 236 255 0 255 0
    255 0 0 0 0 255 255 179 0 0 0 87 157 0 102 0 0 0 255 0 255 0 0 0 255
    0 255 255 0 105 0 30 255 52 0 0 0 255 255 255 255 212 255 0 0 0 255
    255 255 255 0 39 255 255 0 50 0 0 0 255 125 0 0 0 255 0 255 33 255 0
    0 0 0 255 255 255 255 0 0 0 0 73 157 0 255 255 34 0 57 252 182 0 0
    255 255 52 255 0 0 0 255 255 90 0 255 0 0 255 0 255 255 255 0 255 0
    0 255 185 14 0 56 0 0 0 255 0 255 0 255 253 0 112 255 255 0 255 0 0
    0 255 120 255 255 112 178 0 200 255 255 255 0 0 0 0 0 255 255 255 0
    0 255 255 0 0 0 255 255 0 205 0 255 255 255 111 0 255 255 0 67 0 255
    213 255 0 255 255 255 0 255 255 255 0 57 0 0 255 0 255 168 0 188 0
    255 0 255 255 255 0 0 0 243 0 0 0 255 158 255 255 181 17 0 0 255 255
    0 0 255 255 255 134 255 0 255 0 0 175 32 0 0 216 255 255 0 0 255 255
    245 0 0 255 195 255 126 255 0 255 0 255 0 255 0 0 0 15 255 0 255 0
    255 176 255 0 97 255 255 0 160 255 255 0 255 0 18 0 255 0 168 0 136
    0 255 255 255 0 0 255 0 0 0 255 255 255 172 0 0 0 0 215 0 255 77 0 0
    255 163 255 0 255 0 0 0 255 0 224 226 255 255 0 0 0 255 7 0 0 255 0
    0 0 255 255 255 255 0 0 0 132 0 255 255 0 0 0 85 42 0 0 228 255 0
    255 0 255 255 255 255 0 0 0 255 23 236 0 0 209 255 255 255 0 240 0
    24 214 0 255 0 255 255 255 255 120 0 255 255 0 255 0 255 0 0 255 255
    0 255 0 255 123 255 0 0 255 177 255 0 0 0 255 255 255 0 255 0 86 255
    255 0 0 0 179 255 255 93 27 255 0 0 255 0 255 255 0 0 210 0 255 0
    255 255 0 0 0 255 255 255 255 0 0 65 0 255 255 39 0 0 72 255 0 0 50
    146 255 255 255 0 255 0 81 141 255 70 0 255 255 0 255 0 0 0 243 255
    255 217 255 150 178 0 255 255 255 255 0 0 0 0 111 255 18 0 255 255
    232 255 124 255 255 0 0 255 15 255 216 0 218 0 120 185 255 229 255 0
    209 77 0 255 136 255 0 0 255 0 255 184 255 48 25 255 255 255 255 0 0
    0 0 0 255 0 84 255 0 0 255 0 0 255 165 0 0 146 255 0 255 0 255 255
    255 0 0 255 255 103 0 127 255 255 255 0 0 255 0 116 243 0 0 255 59 0
    255 0 255 207 255 194 0 0 0 236 255 154 115 255 197 255 0 0 255 178
    0 0 255 0 255 255 0 0 0 165 255 255 0 255 0 255 0 0 253 255 229 136
    255 0 0 0 255 255 0 0 148 0 0 64 255 255 255 255 80 0 0 255 255 255
    245 0 0 255 255 0 0 255 0 0 255 0 213 0 0 0 0 255 0 255 0 255 0 0 0
    203 0 255 0 34 0 255 219 0 255 255 255 0 255 0 255 0 0 0 0 255 255 0
    255 255 0 255 0 255 0 0 0 0 0 255 255 0 0 0 255 255 255 0 0 0 255
    106 255 0 0 0 255 0 0 0 0 32 221 255 245 0 255 255 0 0 0 255 255 255
    255 0 59 0 255 0 0 157 0 255 50 0 0 0 255 0 255 255 255 255 255 0 0
    14 0 255 255 255 0 11 255 255 39 0 0 255 255 255 0 0 255 0 0 160 0
    255 255 0 0 255 234 255 75 0 255 0 255 0 81 0 255 158 0 57 132 0 0
    202 255 255 0 0 159 255 0 0 0 0 0 0 255 0 0 0 255 255 14 0 255 255 0
    255 0 0 255 255 255 78 255 2 255 0 164 0 0 55 21 84 255 190 255 0 0
    89 255 212 0 255 255 255 255 255 0 255 0 0 255 255 255 255 120 234
    255 255 0 0 0 0 255 255 255 0 203 0 0 255 91 0 181 66 129 0 0 182 0
    255 255 0 36 0 255 255 117 255 115 255 203 247 255 255 255 0 0 255 0
    0 255 255 148 0 0 99 255 0 255 249 255 0 93 20 255 0 255 0 0 201 218
    0 0 0 255 162 255 0 0 83 255 255 0 0 0 255 0 255 72 30 255 255 255 0
    0 255 255 255 0 255 0 255 255 0 0 45 255 0 0 126 255 0 255 255 0 0 0
    255 255 255 73 0 188 255 255 252 255 0 255 0 0 0 201 225 0 0 172 255
    0 0 255 0 222 0 255 255 255 0 0 255 32 0 0 185 0 56 255 0 255 0 255
    141 0 110 255 255 255 94 0 0 0 255 0 0 0 255 255 241 255 255 0 0 255
    0 0 255 255 255 255 0 174 200 255 0 255 255 255 255 0 0 48 255 255 0
    0 255 166 255 220 0 48 255 255 248 10 255 0 255 154 10 0 7 255 255
    161 255 0 255 0 0 0 0 255 51 255 255 0 255 0 255 11 255 208 255 255
    0 35 255 0 255 0 255 255 0 222 255 255 255 175 0 0 50 255 71 224 0
    246 0 255 0 1 255 0 255 62 0 0 0 255 255 223 0 0 255 255 0 0 0 74 0
    184 0 212 255 255 0 0 255 255 0 0 255 255 0 49 0 35 0 0 238 255 106
    255 20 255 255 50 255 0 255 0 0 255 255 255 230 255 0 0 255 255 255
    0 255 0 0 153 255 255 255 0 0 255 255 255 0 0 181 0 158 255 255 255
    0 255 27 0 0 44 0 255 255 255 255 0 253 0 255 0 255 0 0 96 255 255 0
    0 255 0 0 0 0 0 255 255 131 243 255 255 54 255 209 0 0 255 255 255 0
    74 0 0 0 0 255 0 255 255 255 0 0 0 255 0 255 53 255 0 255 255 255 0
    255 255 255 0 170 0 0 0 173 255 0 255 0 0 0 0 255 0 255 255 255 0
    181 0 0 255 0 255 255 0 0 0 255 255 255 213 0 0 0 255 0 0 255 255
    205 157 6 222 255 194 0 0 249 255 0 255 109 0 84 255 0 255 0 0 255 0
    46 0 228 255 255 255 255 0 201 0 0 0 1 255 0 255 0 255 0 255 255 255
    0 149 255 255 255 0 242 0 0 0 0 255 255 223 0 227 0 240 0 25 0 0 158
    255 255 0 0 0 255 170 255 255 100 0 255 0 0 0 0 255 0 0 0 255 244
    255 0 255 255 58 239 0 0 0 255 79 255 255 255 255 0 255 255 255 0
    255 0 255 0 255 0 255 0 255 0 255 255 0 255 0 255 255 0 255 0 255 0
    0 0 255 255 255 0 0 0 112 255 255 247 0 255 255 255 0 219 0 255 0 0
    0 255 255 0 255 169 0 0 235 255 255 248 166 0 227 0 255 0 255 255 0
    0 255 255 255 255 0 0 0 255 255 255 255 0 245 11 255 0 0 25 255 0 0
    255 0 255 255 255 106 0 0 255 250 255 0 136 11 255 84 255 0 0 182
    255 0 0 0 255 255 255 0 255 66 255 0 255 219 255 0 255 255 0 255 0 0
    0 125 255 0 184 149 0 255 0 32 119 255 255 0 215 0 255 255 255 0 0
    255 255 255 0 253 255 0 0 255 255 255 106 255 182 255 0 0 0 0 255 35
    255 0 0 178 0 255 211 255 0 255 0 0 255 255 0 80 0 0 0 255 0 172 0
    60 183 0 41 0 255 0 0 255 245 255 0 148 255 219 255 0 198 0 181 0 0
    0 255 255 255 0 0 255 255 0 231 0 42 255 0 0 0 30 255 0 255 0 0 0 0
    255 0 255 0 255 0 203 0 0 255 255 255 0 0 0 255 0 0 0 255 255 255
    255 188 0 0 0 136 0 255 255 0 0 255 255 255 0 255 254 255 255 0 0
    162 0 255 255 255 255 0 0 55 116 255 47 0 0 0 255 255 255 255 0 0 0
    255 0 255 255 255 0 0 11 7 255 137 246 255 0 122 0 255 255 255 170
    255 150 0 255 255 255 0 255 0 255 0 0 0 255 221 228 255 0 255 36 255
    0 0 255 255 255 255 0 0 255 255 255 255 0 0 0 0 16 255 187 0 0 0 255
    255 223 0 255 0 236 0 189 154 255 45 0 0 0 255 184 0 0 0 89 0 255 0
    255 255 255 0 255 255 0 255 255 0 0 255 255 255 255 0 4 255 255 0 0
    255 146 255 0 255 0 255 208 0 255 255 0 255 0 255 255 0 255 0 255 0
    255 255 0 255 0 255 0 0 161 255 0 255 0 246 0 255 255 4 199 0 255
    255 255 255 242 255 255 18 0 255 0 0 255 255 0 0 255 255 255 0 136
    255 255 0 0 255 60 255 0 37 0 255 255 255 185 255 0 85 0 24 255 0
    255 255 255 143 0 141 255 251 0 149 30 0 0 255 0 9 0 0 255 24 0 80
    255 208 0 0 255 255 255 0 0 255 255 255 0 255 148 0 235 0 255 0 255
    0 255 0 255 255 192 0 149 255 0 255 0 255 0 255 76 0 255 0 0 0 255 0
    117 255 83 255 0 255 255 255 0 0 204 255 255 0 255 52 0 255 255 0
    255 0 0 0 255 0 0 0 255 255 247 255 148 0 255 0 7 0 0 255 0 255 0
    255 255 255 0 0 255 0 0 211 255 0 0 0 0 10 0 255 255 255 0 47 0 255
    255 255 255 185 255 0 0 244 158 207 255 255 255 0 0 255 78 255 0 60
    255 0 97 140 255 255 255 0 0 0 220 138 255 255 255 0 0 145 255 255 0
    0 38 255 0 255 255 255 255 0 0 255 255 81 255 0 255 0 0 0 255 25 0 0
    69 37 0 52 0 255 255 255 0 0 168 0 0 0 0 255 134 0 0 255 82 255 0 0
    255 255 255 0 0 255 255 255 0 0 0 255 125 255 0 146 65 0 255 0 255 0
    0 0 255 177 0 255 0 0 0 255 255 0 0 0 255 255 255 255 0 255 255 255
    0 255 255 255 0 0 0 255 255 0 0 255 255 255 0 255 0 255 0 0 255 255
    0 255 0 255 0 255 0 255 19 255 255 0 0 0 0 255 255 255 29 0 0 255 0
    255 0 255 132 10 255 255 255 255 0 0 183 242 255 255 46 0 0 255 255
    0 255 255 0 210 0 124 0 0 0 0 184 0 255 255 224 0 190 255 255 155 86
    0 0 255 255 0 255 255 255 0 255 0 0 255 255 255 0 255 0 0 0 255 255
    255 255 0 255 255 174 0 187 255 54 214 0 6 222 113 0 255 255 0 0 0
    255 0 0 0 163 255 119 246 255 0 0 0 0 255 255 0 255 255 255 0 0 47
    255 255 0 0 255 255 0 0 0 6 255 0 255 255 0 255 0 0 255 0 50 0 0 0
    255 0 255 0 111 255 0 0 255 0 0 0 0 255 255 0 0 255 255 255 0 21 255
    255 255 0 0 0 255 0 255 255 255 0 57 255 0 0 255 0 204 0 244 255 255
    0 215 255 18 166 255 0 0 195 0 0 255 255 0 69 177 0 255 0 240 0 0
    255 255 0 0 5 0 255 226 255 255 255 255 0 218 4 0 245 228 255 23 0 0
    255 255 76 0 0 255 255 255 255 255 158 255 0 0 253 255 225 0 0 0 0
    255 0 0 255 229 255 0 0 34 0 255 0 231 0 255 0 255 255 60 247 0 0
    255 158 255 0 0 0 255 37 255 0 0 0 255 0 0 0 0 0 255 53 255 0 255 0
    255 0 255 0 255 255 0 0 142 255 0 255 2 0 0 250 255 0 255 0 4 0 173
    255 126 255 0 0 0 40 132 255 255 0 255 0 192 0 255 172 255 255 255
    255 0 0 0 255 255 0 78 255 255 255 0 0 0 242 255 222 0 0 255 56 0 0
    0 255 0 151 0 0 0 0 255 0 0 123 0 255 255 244 255 255 0 0 29 255 255
    255 136 0 33 0 6 255 183 255 255 176 0 0 255 179 27 255 0 255 255
    255 255 255 0 0 23 255 255 255 89 0 0 205 0 0 17 255 73 211 146 255
    84 255 0 251 0 254 14 255 130 0 255 0 255 0 255 255 0 0 0 0 0 0 255
    255 255 0 255 255 0 0 187 0 0 64 112 105 255 255 255 0 0 255 0 183
    255 255 255 255 0 114 255 57 0 255 255 148 75 40 0 255 82 0 113 255
    0 0 255 0 255 0 82 0 255 0 0 255 255 255 0 255 0 255 0 255 0 255 0
    255 0 185 0 255 180 166 0 0 0 0 255 0 255 223 0 255 0 255 0 255 67
    255 0 123 0 235 255 255 255 0 251 0 255 255 255 0 255 255 139 0 0 0
    255 255 255 255 246 255 202 0 0 255 239 173 0 73 255 145 0 237 255
    255 18 255 0 0 0 255 255 255 0 0 0 0 129 38 255 255 255 2 255 0 197
    215 255 255 0 255 0 106 0 255 74 255 81 0 0 255 255 255 74 0 255 0
    255 0 106 255 255 255 0 189 0 255 255 255 255 255 0 0 0 255 255 255
    255 0 0 251 255 255 255 0 0 255 255 0 0 255 255 0 0 0 0 255 255 255
    31 107 0 255 138 121 255 0 255 0 0 0 255 255 255 255 255 0 0 0 77
    255 255 0 205 175 0 0 255 255 255 0 255 0 0 216 255 255 255 0 255 0
    80 0 255 255 0 222 255 0 238 255 255 255 255 0 110 139 255 0 0 255
    255 0 0 0 255 255 255 0 0 170 255 0 236 255 0 0 255 0 0 62 41 255
    118 98 0 0 0 0 255 0 255 255 0 0 255 0 255 255 255 0 255 0 0 50 178
    255 189 0 0 0 255 255 61 0 0 0 255 0 0 202 0 0 0 7 0 0 0 0 255 104
    255 255 255 0 0 255 217 255 255 0 148 255 255 255 0 0 0 76 255 0 255
    47 0 214 255 255 255 0 255 0 255 255 134 199 0 255 0 0 0 0 146 0 255
    60 110 0 255 0 0 0 0 255 0 0 0 255 255 107 0 0 47 0 255 255 255 66 0
    255 62 66 0 255 255 255 255 0 175 0 0 255 255 255 197 215 0 0 0 255
    0 255 0 54 0 0 0 0 0 79 255 122 255 22 0 255 0 187 255 255 0 130 0
    255 50 234 0 255 255 255 0 0 0 0 183 255 0 0 0 231 255 18 255 255
    255 103 255 0 95 0 44 0 0 255 255 255 255 0 0 0 0 255 255 0 255 255
    255 255 0 0 255 0 124 0 255 255 0 0 0 255 255 0 255 255 0 255 143
    255 0 246 255 168 255 0 255 159 0 41 37 255 151 0 0 0 0 0 0 240 255
    255 255 0 0 0 247 255 255 255 0 0 255 0 161 0 255 255 255 255 0 195
    255 0 0 0 247 100 201 0 213 174 255 0 255 171 255 191 0 255 0 0 0 0
    255 255 0 0 0 255 255 0 255 255 255 0 255 0 0 31 100 0 255 255 255
    255 0 255 160 255 222 255 255 4 0 0 203 0 0 0 255 60 0 0 255 255 0 0
    0 0 255 255 175 0 0 255 255 49 129 255 0 0 137 255 255 226 0 235 255
    0 255 104 255 255 255 0 0 125 0 255 255 255 255 0 0 255 255 0 0 0 0
    0 27 255 255 0 233 255 255 255 0 0 32 9 80 0 61 255 0 255 0 255 0 0
    0 255 0 255 0 99 206 255 211 0 0 0 255 255 44 241 70 255 255 53 0 0
    28 255 102 255 255 0 80 0 255 255 0 0 0 0 0 255 255 255 255 255 0 29
    255 134 255 0 0 198 255 190 0 255 255 255 113 153 0 225 0 255 211 0
    0 255 163 255 0 255 0 255 0 255 0 255 45 255 3 35 141 255 0 18 183 0
    255 0 0 0 255 255 255 0 0 0 0 255 255 32 0 0 0 72 255 255 191 0 0
    211 255 255 0 255 255 255 255 255 255 0 0 183 0 94 199 255 255 255 0
    0 0 0 251 255 255 91 255 0 255 255 255 0 0 238 255 243 0 255 255 25
    0 140 0 255 255 0 0 0 255 10 0 255 255 96 50 0 0 0 170 255 50 255 41
    80 33 116 255 21 0 255 104 255 0 0 212 0 255 0 0 0 249 0 255 255 0 0
    0 255 79 255 0 0 0 255 0 8 0 255 255 184 255 255 255 255 97 0 0 255
    255 98 0 0 255 255 0 0 0 63 255 249 255 255 255 0 0 255 255 0 0 0
    253 255 0 255 0 0 197 0 255 0 255 255 202 0 0 0 0 21 255 158 0 0 0
    255 0 255 0 0 88 0 150 0 255 0 0 255 255 173 0 255 0 255 187 255 0 0
    0 0 255 179 255 255 255 255 186 0 3 0 255 0 0 255 0 255 133 92 255 0
    255 255 255 0 255 255 255 0 160 255 255 255 255 0 0 0 243 0 241 204
    255 255 111 38 0 0 0 0 0 0 255 0 0 0 0 255 255 0 255 0 255 0 255 0
    255 0 0 255 255 0 45 0 0 13 255 255 35 255 3 255 255 255 0 0 255 67
    255 0 255 255 0 0 255 255 0 0 0 0 255 255 255 45 255 255 0 134 0 255
    255 133 0 0 255 0 203 8 255 8 255 66 255 255 255 255 255 0 140 255
    104 255 0 255 0 255 255 255 0 0 0 255 0 220 0 255 0 255 0 255 0 36 0
    46 255 81 137 255 0 255 0 255 0 105 0 255 110 182 255 255 255 0 0 0
    255 255 84 255 255 255 121 0 0 0 255 255 255 0 0 255 255 0 0 255 0
    135 0 0 0 0 255 27 255 47 0 0 255 0 255 0 255 0 201 172 255 0 0 255
    255 206 255 0 255 208 255 224 255 0 255 0 255 0 48 255 255 0 209 0
    141 0 255 0 255 255 255 255 0 57 0 0 0 255 0 255 17 0 222 255 255 0
    255 0 0 96 255 255 215 255 255 255 60 255 0 0 0 255 255 255 111 255
    0 0 236 255 0 0 0 0 255 0 237 9 255 255 0 255 255 255 255 0 0 98 0 0
    0 255 0 94 0 255 0 255 255 255 0 0 215 0 255 255 85 0 171 4 255 131
    182 255 0 255 0 229 94 255 255 255 255 0 0 0 0 152 0 0 0 14 255 0
    255 0 0 129 255 74 255 255 255 255 255 0 255 255 255 0 0 0 255 255
    36 255 22 0 0 0 55 255 255 255 151 0 0 0 255 0 255 0 255 0 255 255 0
    0 0 0 118 0 255 255 0 255 0 0 0 255 255 255 255 255 209 0 255 255
    255 0 157 255 0 255 0 0 0 255 255 0 0 249 255 0 102 255 0 255 0 255
    255 191 255 92 0 255 255 255 0 255 0 255 0 0 0 25 0 0 0 0 0 255 255
    255 255 230 0 0 48 255 255 0 0 255 255 0 255 0 255 255 255 255 255 0
    0 171 0 255 255 0 0 255 255 0 0 0 232 0 255 8 0 0 0 255 255 255 29
    107 255 255 98 0 192 0 166 0 0 255 0 0 255 255 255 255 0 0 205 0 122
    0 255 0 255 255 135 255 116 0 0 227 147 53 255 11 0 0 40 116 255 255
    255 255 146 0 0 255 255 0 0 255 255 255 255 6 0 0 0 255 0 255 255
    255 255 70 0 0 0 255 172 255 255 255 0 255 0 101 0 0 0 0 55 255 255
    0 98 76 255 255 206 0 0 0 0 0 0 0 0 255 255 0 242 0 255 255 114 0 20
    0 255 192 255 0 255 0 255 0 0 30 0 255 0 0 0 255 255 0 108 25 255 0
    255 0 0 111 255 255 0 0 0 255 255 255 0 0 255 240 255 0 255 0 0 255
    0 0 255 0 191 255 0 0 0 255 0 255 42 255 0 0 0 145 212 255 211 255 9
    0 167 0 255 255 255 0 255 0 255 0 29 80 51 0 0 0 255 255 255 0 255
    255 255 255 0 0 0 73 255 255 255 0 9 0 0 186 255 0 255 0 0 0 255 255
    255 0 0 255 0 255 91 255 79 0 7 23 255 255 255 133 255 0 91 0 121
    255 191 0 0 255 255 106 16 255 255 255 0 153 83 75 255 0 255 255 255
    0 171 0 255 0 0 255 0 255 17 255 0 68 255 255 0 255 255 0 255 232
    255 0 0 0 255 255 0 255 0 146 0 80 68 157 252 246 255 168 0 0 0 255
    255 255 255 255 0 0 0 255 49 255 255 255 0 255 255 132 255 0 0 255
    23 255 0 255 183 255 0 47 0 255 0 255 193 255 0 255 255 255 255 255
    0 0 0 255 255 255 0 0 0 255 0 0 255 255 0 0 250 0 102 255 255 255
    255 255 249 0 143 255 86 0 0 255 224 183 255 255 255 255 0 180 243
    214 0 0 0 0 255 255 0 255 255 255 79 0 255 0 75 0 255 0 255 255 0 0
    0 255 0 255 93 255 0 255 255 255 147 202 0 0 0 0 0 255 0 112 255 255
    255 255 0 0 0 255 255 0 255 255 0 255 0 100 20 0 185 255 110 171 0
    255 0 255 0 129 255 255 255 0 0 26 255 0 0 112 255 0 255 255 0 0 9
    255 0 136 255 0 0 27 0 255 0 0 255 255 0 255 0 125 0 255 219 255 0
    164 0 255 255 255 255 249 182 151 0 50 0 255 216 255 19 0 0 56 255
    158 255 0 161 0 255 0 255 142 0 0 141 255 0 0 0 0 0 0 255 0 255 0
    255 255 0 0 190 0 255 0 0 255 255 146 0 0 0 255 255 255 0 0 0 255
    123 0 255 60 255 255 0 255 117 83 136 0 255 0 255 255 225 0 0 0 0
    255 185 0 0 255 255 128 34 255 0 255 0 0 0 0 255 255 255 0 0 225 255
    0 255 255 255 250 80 255 93 255 60 255 255 0 0 232 0 221 98 255 255
    255 0 175 0 255 255 255 0 0 0 0 20 0 0 255 255 216 112 0 0 255 255
    255 0 11 0 255 0 104 0 0 66 177 0 232 0 0 0 0 255 0 53 0 0 0 0 255
    255 206 70 255 108 0 147 0 255 0 255 255 0 255 0 0 0 0 0 255 235 212
    5 0 0 255 255 255 0 75 0 255 255 215 0 255 255 0 119 0 255 255 40
    179 255 255 0 0 0 255 168 0 0 197 0 255 255 255 0 0 0 0 0 0 103 255
    247 0 217 0 0 255 255 255 0 0 0 255 241 255 0 255 0 255 255 0 0 0
    255 0 150 0 255 0 255 0 53 255 255 0 255 0 0 255 255 239 143 255 0 0
    0 255 63 255 190 255 255 0 0 255 0 255 255 255 0 255 0 255 68 255 40
    255 0 255 255 255 22 0 90 168 255 255 255 0 0 255 255 0 0 255 0 255
    255 255 1 0 255 255 255 45 0 0 255 255 148 147 0 255 0 255 34 0 255
    255 255 0 0 0 255 255 0 105 157 255 182 0 255 255 255 177 0 255 226
    255 0 255 0 255 0 255 0 0 0 255 255 255 0 0 100 255 148 255 0 255
    230 255 0 181 255 255 255 0 0 49 255 0 0 0 0 255 226 255 163 255 255
    255 0 67 0 255 177 147 0 255 0 255 0 104 233 0 0 0 0 255 255 0 0 255
    255 0 0 0 0 208 0 162 255 241 0 0 0 22 255 255 255 255 255 0 255 0
    255 255 255 255 255 255 0 40 255 255 0 0 0 255 255 255 255 0 0 255
    255 255 255 0 4 0 255 0 0 255 0 184 0 255 255 255 187 255 255 255
    131 0 0 0 255 0 255 105 0 255 30 0 0 255 255 255 0 255 0 255 255 0
    255 0 255 255 66 237 0 255 255 255 30 0 88 255 255 201 0 255 0 255 0
    255 158 255 255 0 0 0 232 255 255 45 255 0 0 255 6 0 255 255 255 0 0
    0 255 51 255 0 255 0 255 255 129 63 199 255 255 255 0 101 0 0 255 99
    252 221 255 255 255 255 255 126 0 0 0 198 255 255 255 255 255 255 0
    0 0 0 255 0 255 0 0 0 0 34 255 255 0 0 0 57 255 0 255 255 255 255 0
    7 198 167 255 171 0 0 255 255 255 0 18 255 0 77 0 255 255 255 0 50 0
    255 0 0 255 208 0 0 255 0 0 255 168 255 0 0 0 255 255 0 255 0 0 0
    255 255 0 0 227 255 127 44 0 0 65 255 255 255 180 0 0 0 255 0 0 0 0
    204 255 255 255 255 255 0 255 255 0 155 0 0 255 0 255 0 0 255 255 0
    0 0 9 255 144 0 181 0 255 61 255 187 137 48 255 255 31 255 0 255 0
    255 0 255 255 137 0 255 0 0 0 255 255 79 255 33 251 255 255 255 255
    0 0 255 0 255 0 0 255 255 255 0 0 0 0 255 0 11 0 255 0 255 0 255 0 0
    23 255 255 0 0 191 255 255 0 0 255 0 255 0 255 110 255 255 24 0 150
    5 255 0 161 255 255 255 0 0 0 255 255 0 48 255 132 255 0 0 0 0 255
    203 255 255 255 0 88 255 255 255 255 0 255 255 255 214 0 0 255 27 0
    0 108 255 0 0 255 255 72 0 0 255 255 255 0 75 44 0 255 0 255 255 255
    255 255 0 152 255 255 0 0 255 0 255 230 255 0 0 62 0 0 0 255 255 228
    255 0 0 0 0 255 31 0 0 151 255 255 255 0 0 255 0 180 0 255 255 111
    255 252 0 255 255 0 0 108 0 255 0 0 0 255 0 255 179 255 0 118 0 255
    0 255 255 4 255 0 255 255 255 154 169 255 255 35 255 0 0 255 71 255
    103 0 255 0 0 0 255 255 255 255 0 255 0 0 255 255 255 255 0 0 0 255
    189 0 0 0 249 205 0 255 255 255 254 0 0 0 255 255 0 0 198 255 255 0
    0 255 255 255 255 243 0 0 0 80 255 0 0 255 58 0 255 37 0 255 0 255 0
    255 255 255 0 0 161 0 255 49 0 255 255 0 255 102 255 255 255 0 220 0
    255 0 0 0 255 255 255 255 89 255 0 255 0 255 255 0 0 0 22 0 255 0
    255 16 0 102 208 73 0 255 255 255 0 84 255 255 255 0 0 255 255 255 0
    0 0 255 255 255 63 0 0 0 255 255 255 0 0 95 29 255 255 0 255 111 0
    255 0 255 18 159 255 255 255 255 0 255 0 0 0 113 0 255 255 255 0 0 0
    0 215 255 80 46 0 0 255 255 0 53 0 251 0 200 0 255 255 255 22 145 0
    255 255 0 188 19 0 159 0 87 0 255 33 255 255 255 55 0 124 255 13 0
    199 255 255 253 255 0 0 0 255 255 18 255 0 255 188 0 255 255 255 0 0
    255 149 0 0 255 143 0 0 15 0 0 95 0 255 0 255 0 72 0 255 0 108 0 255
    255 55 60 0 0 0 255 163 255 0 120 0 255 0 0 71 255 174 0 255 255 0
    255 24 0 0 0 255 255 255 255 0 0 142 0 255 0 0 0 255 132 0 255 0 0
    246 184 0 255 0 0 0 255 255 31 255 0 0 0 255 255 255 255 104 255 49
    255 0 0 255 255 255 255 255 0 0 194 0 255 0 0 0 255 255 0 0 0 145
    255 255 0 0 0 255 255 0 0 10 214 255 255 255 0 0 152 235 255 0 183 0
    0 0 255 255 122 255 0 106 255 255 0 255 178 0 255 0 168 0 116 255
    255 255 0 0 0 0 255 255 0 255 255 255 0 10 255 255 0 39 0 0 255 0 0
    255 255 0 253 0 255 73 255 255 0 0 255 140 0 0 0 255 255 211 255 0 0
    216 255 0 255 255 159 255 0 0 20 255 255 0 0 0 255 189 0 8 0 255 0
    211 0 0 255 255 0 255 185 191 0 255 0 0 0 0 0 0 255 255 0 0 0 0 255
    255 247 0 0 199 255 246 255 0 0 0 255 255 255 0 0 0 255 255 255 255
    0 255 0 53 255 0 95 0 255 255 0 27 0 0 255 255 255 255 186 255 0 255
    67 224 255 255 255 4 54 0 255 255 255 255 148 0 101 255 193 10 0 131
    136 0 255 255 255 82 0 0 0 255 212 0 0 255 255 255 0 0 0 255 255 0
    255 0 255 0 99 0 255 0 255 0 255 0 0 116 96 255 255 0 255 0 0 71 255
    0 0 0 255 255 255 0 209 255 255 255 0 0 255 255 255 0 0 255 204 255
    0 244 255 255 0 0 255 0 165 0 0 255 255 255 0 0 255 255 0 61 0 146 0
    255 202 0 0 0 86 0 11 0 255 165 0 0 255 205 0 115 255 255 255 31 255
    255 255 255 0 255 0 236 0 0 0 255 255 255 255 0 223 0 255 255 0 0
    169 0 205 0 255 255 0 255 48 255 0 255 0 0 0 255 255 255 255 255 0 0
    0 255 0 245 255 255 255 0 0 106 175 255 0 35 0 26 255 0 255 255 0
    255 0 255 0 0 255 255 255 0 0 195 93 255 47 255 5 255 255 255 255 0
    0 0 0 0 255 255 255 0 255 0 255 153 0 14 255 255 0 0 255 255 0 0 255
    255 0 0 0 49 255 255 255 131 0 120 255 255 255 255 174 255 115 0 215
    44 255 121 81 0 255 255 72 0 0 255 91 255 0 0 0 255 255 0 0 255 86
    255 0 0 0 56 255 0 0 0 0 176 255 0 255 0 255 255 0 255 0 255 48 255
    148 0 255 0 255 0 255 0 0 10 255 255 255 255 0 0 0 0 0 255 118 0 0
    255 255 255 244 255 0 179 0 255 0 0 0 255 230 255 0 223 0 255 255 0
    9 0 0 0 175 255 255 255 255 255 0 255 255 179 192 0 255 252 0 19 255
    175 49 14 0 255 0 255 0 0 255 255 0 255 0 255 195 255 255 255 0 0 0
    0 255 255 0 255 106 0 0 0 0 0 255 0 209 255 255 0 255 185 255 0 0 0
    255 255 255 0 0 255 255 44 0 0 0 245 0 255 255 255 0 0 0 0 52 255 0
    0 0 255 255 255 0 0 0 255 255 0 0 0 255 255 0 0 4 0 255 0 0 0 231 0
    0 0 255 0 0 255 188 255 228 255 0 0 255 255 255 255 197 0 0 236 255
    255 203 255 200 0 0 255 255 255 255 255 0 0 0 146 0 255 255 255 255
    255 0 0 0 255 255 0 255 0 255 255 255 255 0 0 0 0 255 255 255 0 0
    255 0 0 255 0 211 0 0 0 220 255 255 0 0 0 255 255 0 255 68 255 0 255
    255 0 0 0 255 255 0 77 0 255 255 0 0 0 255 0 255 255 0 0 0 0 255 255
    255 0 0 255 0 0 0 0 0 255 116 255 92 0 0 0 255 54 255 255 20 175 255
    227 138 0 0 255 255 255 0 0 0 0 255 255 245 255 0 255 0 255 255 255
    0 0 87 201 255 0 0 0 0 0 0 0 0 255 255 255 255 0 255 0 11 0 107 255
    255 0 255 0 255 0 255 255 255 0 0 0 255 255 0 11 152 0 0 255 0 0 0
    255 255 233 0 255 110 255 255 255 255 0 0 0 255 255 255 163 109 255
    149 0 0 0 255 255 255 0 0 255 255 255 0 255 255 255 0 255 0 189 255
    255 0 41 240 255 255 255 77 0 10 255 255 255 252 255 255 0 24 140 77
    255 0 0 203 96 109 0 255 242 0 45 255 255 0 255 0 255 72 255 255 0 0
    0 47 255 255 255 103 27 255 255 0 0 64 255 118 255 165 255 0 0 0 0
    255 255 4 0 0 207 76 0 255 72 0 0 0 255 255 0 255 0 0 60 255 0 255
    24 255 0 0 0 51 255 46 0 99 255 255 255 0 0 183 0 156 255 46 0 182
    191 0 255 0 255 0 255 216 0 0 0 255 255 255 0 0 194 0 0 255 0 255 0
    255 102 0 255 0 0 0 0 0 0 255 255 255 255 0 0 119 119 164 0 255 255
    0 109 0 82 131 23 233 0 255 0 255 147 107 0 125 0 255 188 0 0 102
    255 255 0 0 255 22 0 236 255 255 0 255 0 255 255 0 87 0 255 0 0 60
    255 32 0 0 0 20 255 255 0 255 17 0 215 0 1 0 255 48 233 0 255 255
    255 0 255 0 0 232 255 0 0 255 144 255 255 155 0 0 255 0 52 255 255
    255 150 0 0 0 0 0 255 231 255 255 0 255 55 255 0 80 0 179 255 255 0
    0 255 255 75 0 0 255 255 255 0 103 0 15 0 0 16 0 255 0 0 0 255 255
    255 0 255 0 235 27 255 0 0 0 255 94 0 224 255 232 255 0 255 0 255
    255 174 255 87 0 255 0 0 255 106 255 0 255 0 0 0 255 0 255 255 0 0 0
    0 0 0 255 255 159 255 0 255 255 255 0 255 0 0 255 255 97 0 0 255 255
    255 0 255 255 255 255 255 235 255 0 0 0 0 59 14 116 0 0 216 0 255 0
    255 0 255 0 0 0 255 0 0 127 255 22 182 255 0 97 255 61 97 238 255
    255 255 191 0 0 255 255 68 255 255 0 0 16 255 0 255 0 124 207 17 68
    0 255 255 255 248 0 0 0 0 0 0 0 255 0 255 0 0 0 255 51 53 0 93 0 0
    255 0 0 0 48 0 201 0 255 0 255 0 0 0 255 255 255 255 0 138 255 255 0
    255 150 255 0 255 0 255 0 173 255 255 0 0 0 0 255 0 255 0 187 255
    255 255 0 0 255 255 255 138 47 8 255 104 0 0 255 133 255 0 128 255
    255 255 255 0 255 255 251 0 0 255 0 255 0 0 55 0 0 255 73 113 255 0
    244 0 255 255 117 255 238 0 255 125 255 255 0 0 153 0 219 130 159
    255 255 0 255 0 255 255 255 255 0 0 255 255 36 255 0 255 255 255 98
    0 255 0 134 0 255 19 0 255 255 255 0 255 0 255 255 0 0 9 255 0 0 0
    255 86 255 255 255 0 0 0 88 255 255 255 0 0 0 0 0 255 148 64 255 0
    255 0 255 255 170 0 0 255 140 59 208 255 0 255 255 238 19 0 134 255
    0 0 0 255 255 0 0 0 255 255 255 0 255 255 255 255 0 0 247 0 255 255
    255 255 0 255 0 255 0 255 0 59 20 255 0 255 0 255 255 255 151 0 0 0
    115 0 255 0 255 255 57 0 255 255 0 0 0 255 56 255 255 255 56 0 255
    255 0 0 0 200 0 255 0 255 0 255 0 255 0 255 255 255 165 78 0 115 0
    255 41 255 255 0 255 168 253 0 255 255 50 0 0 255 255 0 0 0 0 0 30
    255 255 0 0 0 255 0 255 255 255 255 241 86 0 0 0 78 255 95 196 0 255
    0 255 119 255 0 255 0 0 0 255 255 39 0 0 255 255 232 255 160 0 0 0
    255 0 255 87 255 0 0 255 240 38 255 255 255 140 0 180 11 0 0 255 255
    255 120 0 0 255 38 0 255 46 222 0 0 255 0 0 255 255 255 0 39 0 0 0
    255 255 255 0 0 0 0 0 255 255 143 255 255 255 255 0 146 255 185 255
    0 0 0 255 255 255 0 0 0 255 255 255 255 0 0 0 255 255 136 0 0 0 0 0
    255 255 0 0 255 0 255 255 255 255 151 0 0 40 255 255 101 134 0 244 0
    12 255 0 0 255 255 8 0 0 0 255 255 255 120 255 4 255 112 255 0 0 0
    230 71 255 0 82 105 255 0 110 171 255 0 102 0 255 0 0 0 0 0 255 255
    255 0 0 255 255 0 0 255 0 255 145 255 0 0 100 255 0 255 0 255 250
    255 0 0 0 0 255 255 0 0 255 0 255 0 255 0 0 255 69 0 216 255 61 255
    0 255 0 0 0 60 255 255 255 0 207 255 0 255 0 255 0 255 174 0 29 0
    255 0 0 255 0 0 0 255 239 90 0 255 77 255 0 0 255 255 0 0 0 255 255
    255 0 0 255 255 255 0 0 255 0 255 0 0 0 255 255 195 0 255 255 255
    255 255 233 0 0 111 255 18 49 0 95 91 255 0 255 0 255 0 24 0 255 0
    255 0 255 0 255 255 0 17 0 0 255 0 255 255 0 0 0 255 0 255 0 255 57
    255 0 147 104 0 0 255 255 0 255 0 210 0 255 0 255 0 255 0 171 0 253
    255 0 181 158 0 255 0 0 0 201 119 255 0 255 0 255 0 31 0 0 255 255 0
    222 0 230 0 201 255 68 255 255 255 0 159 56 255 0 255 0 255 0 71 0 0
    255 255 15 0 0 58 255 0 255 10 213 0 255 255 255 0 255 255 255 0 0
    255 255 0 255 255 255 100 0 0 0 76 219 0 255 255 255 255 255 255 255
    0 0 0 255 255 255 0 0 255 255 255 255 255 36 255 126 255 255 255 0 0
    0 46 255 211 0 0 0 255 0 0 20 255 255 0 0 255 255 255 255 0 255 0
    255 0 255 0 156 255 48 55 255 255 0 0 240 0 255 0 0 35 255 121 0 0 0
    123 0 255 0 0 255 0 255 192 0 255 95 255 0 255 173 0 255 0 255 0 255
    255 173 0 255 0 255 0 0 255 255 255 255 0 255 0 0 255 239 252 255 0
    255 255 204 0 49 0 255 0 255 255 255 0 0 0 0 255 13 0 255 190 255 0
    161 204 0 255 8 255 0 255 0 255 202 0 0 255 255 255 0 140 255 255
    134 0 0 80 174 255 9 0 0 0 255 255 255 0 0 83 135 255 182 146 255
    255 33 0 255 113 0 255 222 255 9 0 0 255 255 0 0 85 255 255 0 0 0 0
    0 255 255 255 0 0 255 0 0 0 255 255 0 255 222 0 0 59 255 255 128 255
    0 255 0 255 0 0 0 231 140 169 255 0 255 0 255 181 0 255 0 255 0 61 0
    0 0 128 255 0 0 0 0 255 255 255 0 0 255 255 255 0 255 0 255 0 255 0
    80 0 255 255 0 0 255 69 86 0 0 234 255 0 255 0 0 0 0 255 0 0 255 255
    255 255 0 0 0 0 255 221 255 0 0 0 255 255 0 0 0 255 255 0 255 0 55
    132 0 94 0 203 240 255 0 0 0 0 0 255 254 95 5 0 255 255 142 0 255 0
    255 0 0 30 230 255 255 0 202 255 0 0 0 255 0 251 0 0 0 255 0 0 255
    255 255 0 255 0 255 0 255 0 216 0 249 0 243 164 255 0 0 0 220 255
    149 255 255 255 255 0 0 255 0 168 69 75 0 132 255 0 49 0 255 0 0 0
    255 0 0 255 255 0 47 0 110 0 168 25 255 0 127 255 0 0 0 115 255 93 0
    22 0 0 163 255 0 29 255 255 255 163 0 0 0 255 0 255 0 0 255 0 86 0 0
    0 0 0 255 255 255 255 0 104 39 255 0 0 0 0 0 255 255 255 0 255 0 255
    255 234 133 0 0 255 0 0 0 0 255 255 0 101 255 255 0 0 0 39 255 0 128
    0 205 255 255 255 188 192 55 0 171 255 0 255 0 255 123 246 0 82 0 95
    0 238 255 227 255 0 255 255 0 0 0 255 0 0 117 0 0 0 0 0 255 0 253
    255 255 255 0 255 255 255 0 0 0 0 217 45 255 0 89 0 255 0 196 0 0
    255 255 0 114 0 255 24 255 0 255 255 255 255 0 0 139 255 255 255 0
    255 0 0 0 0 255 0 0 0 255 151 98 255 0 90 255 255 255 0 255 0 255 0
    255 0 255 255 255 255 0 0 194 255 98 0 0 255 255 255 255 255 0 0 0 0
    223 69 255 0 83 201 0 255 0 255 0 15 255 255 255 255 255 255 0 0 255
    200 0 255 255 255 209 0 255 226 253 255 89 0 216 0 255 0 255 255 69
    255 12 0 0 255 0 255 175 0 0 0 255 216 0 242 255 0 255 109 255 176
    255 255 255 255 144 0 0 177 0 255 88 0 0 213 255 255 255 0 255 255
    255 0 73 255 216 132 255 0 218 0 255 0 255 148 178 0 0 255 255 255
    255 79 0 255 0 255 255 0 0 0 255 0 255 0 255 0 0 0 0 255 0 255 255 0
    0 208 210 255 0 0 255 255 255 0 0 75 14 255 232 255 0 0 116 255 255
    255 0 255 127 255 0 0 0 0 255 255 173 0 0 0 0 0 0 33 255 148 255 255
    255 255 0 255 255 93 248 0 164 255 255 255 255 255 28 0 255 255 255
    255 0 255 255 255 255 8 0 255 255 213 122 255 0 255 255 133 0 255
    255 255 255 0 255 0 255 223 246 0 0 0 255 255 158 247 255 78 0 0 255
    255 0 255 0 255 255 0 0 0 255 62 255 0 0 0 0 0 255 255 255 0 0 0 41
    255 0 230 226 255 255 246 255 0 0 255 255 82 255 0 255 0 184 255 255
    255 255 255 255 0 255 40 0 0 255 16 0 0 171 217 102 218 0 0 255 255
    53 0 255 255 19 0 0 255 255 0 255 255 151 0 0 0 35 255 255 82 255 0
    255 0 0 255 255 212 0 0 0 0 255 255 255 255 221 255 255 255 255 0 0
    0 255 255 255 5 0 137 0 255 255 255 26 255 248 0 151 66 255 255 255
    0 0 255 164 0 0 32 241 0 0 65 0 255 255 0 69 255 33 0 255 0 255 0
    255 0 255 204 255 255 255 0 0 138 255 0 0 0 206 0 189 0 227 255 255
    255 0 255 220 255 255 0 0 196 0 255 255 234 231 66 0 255 255 255 255
    255 0 0 255 255 255 0 255 0 255 0 0 83 255 155 255 0 255 255 255 255
    255 255 0 0 0 0 209 255 0 80 0 255 0 0 255 220 255 255 0 0 255 249
    80 45 255 0 45 0 220 255 255 255 0 0 92 255 0 255 255 255 255 0 255
    0 0 0 194 255 255 106 0 255 0 255 255 0 255 255 0 255 255 255 105
    255 0 255 0 119 0 0 255 0 255 255 45 255 124 255 0 0 133 0 0 0 0 0 0
    255 255 32 10 0 255 0 255 0 255 255 253 0 255 255 255 255 0 0 255
    103 0 0 0 0 255 255 255 255 118 0 0 111 81 255 255 255 7 255 0 0 0
    113 255 255 167 25 0 255 255 0 0 0 255 0 92 255 255 247 255 0 255 0
    0 255 26 0 0 180 255 255 255 0 80 206 175 216 255 93 191 0 255 0 255
    255 0 109 255 0 255 255 0 255 215 21 0 220 255 255 0 0 0 255 255 255
    110 0 0 0 255 0 101 255 222 0 0 231 121 255 0 82 0 24 251 164 28 255
    0 0 151 0 255 0 255 255 0 255 0 255 0 255 255 82 49 255 134 234 170
    255 0 255 0 255 44 0 0 0 0 255 100 0 0 255 255 255 0 0 62 252 0 255
    255 0 56 255 0 123 255 255 0 0 0 255 0 0 0 255 255 0 255 208 255 0 0
    0 255 255 255 0 255 0 255 44 0 255 255 169 255 0 0 0 10 182 0 255
    255 255 255 73 75 255 0 255 255 255 167 0 0 255 0 255 0 0 168 97 145
    66 0 255 128 255 0 255 0 0 16 255 128 151 0 50 255 255 0 0 0 0 255
    76 255 255 255 210 0 0 0 255 255 255 255 0 255 97 255 158 0 0 0 255
    255 255 177 187 255 255 255 255 255 0 0 0 5 0 255 24 255 255 0 27
    255 255 0 0 0 0 0 0 0 0 2 0 255 138 255 0 255 0 0 255 0 252 0 255 0
    191 255 123 0 255 0 255 255 57 213 0 255 0 255 209 0 0 0 0 255 154
    255 0 0 255 0 255 122 255 0 255 0 255 0 0 255 0 160 255 255 255 255
    144 0 255 255 0 0 0 255 198 226 0 115 30 255 0 0 128 63 0 157 0 6 0
    255 0 255 255 255 255 251 0 255 13 255 255 255 0 85 38 236 59 255 0
    255 255 209 0 0 0 255 0 255 0 0 0 255 0 87 0 0 255 0 255 0 0 44 255
    95 0 8 0 0 150 0 156 255 255 21 255 0 0 73 252 0 191 0 255 0 0 78 0
    255 255 255 0 0 134 255 38 0 255 0 255 0 0 255 41 209 255 249 169 0
    0 0 0 255 255 255 255 0 255 255 255 186 46 0 0 40 255 255 255 214 0
    0 255 255 102 0 255 135 255 0 179 0 0 0 0 0 255 0 111 0 255 0 89 0
    255 255 255 255 94 176 0 0 255 82 0 0 255 255 204 0 0 200 69 0 105 0
    0 0 165 255 255 0 255 0 199 95 0 29 144 255 0 255 255 0 0 255 255
    255 178 255 0 0 0 0 255 54 0 255 111 249 122 255 248 255 0 255 0 234
    0 255 255 22 255 255 252 100 0 255 255 255 0 255 255 255 0 255 255 0
    0 255 255 255 3 0 255 0 255 0 85 158 255 154 255 0 0 0 0 255 255 255
    255 255 215 240 255 0 255 0 0 0 0 255 0 13 0 255 255 100 0 255 255
    255 255 0 255 62 255 255 0 0 17 28 255 0 0 176 86 0 71 255 255 64 0
    0 0 255 0 255 0 0 0 0 106 255 255 0 45 0 103 0 0 255 254 255 0 0 0
    191 255 240 255 255 172 0 32 255 162 255 0 5 159 0 0 0 201 0 255 0
    255 255 255 255 6 0 0 0 255 255 255 46 255 0 0 255 0 255 0 255 147
    118 245 230 0 255 0 167 0 0 255 255 255 191 151 0 0 0 255 255 9 0
    215 0 255 255 255 31 0 0 0 255 255 60 0 125 255 0 255 0 255 224 0
    255 142 228 0 255 12 255 0 255 43 65 0 88 255 81 74 0 255 135 0 255
    53 255 0 0 0 129 0 255 67 241 0 25 0 0 0 255 0 0 255 255 255 0 255 0
    0 0 255 255 255 0 255 0 45 0 255 255 56 0 0 0 0 255 255 255 158 0 6
    255 255 181 188 181 0 0 0 0 255 255 229 0 0 255 240 255 255 92 0 255
    255 255 255 255 0 0 255 0 0 0 240 0 255 255 255 255 0 0 0 255 255
    255 255 255 0 255 0 0 0 0 255 0 255 0 0 0 0 255 0 255 255 0 255 0
    255 0 255 0 0 255 255 255 0 0 0 255 236 255 0 255 255 255 0 0 255
    255 56 0 0 0 255 255 0 0 55 255 69 0 0 255 255 255 255 44 0 0 230 0
    255 0 3 221 255 255 0 228 17 72 0 0 255 0 255 0 0 0 0 0 255 165 255
    255 255 255 0 0 0 114 255 255 0 0 57 0 255 0 255 147 255 0 0 0 126 0
    0 255 255 255 0 0 43 255 255 0 50 255 255 198 0 221 31 0 0 244 46 0
    0 0 0 255 255 0 0 255 0 255 0 255 0 255 100 0 0 0 255 161 87 255 161
    98 0 0 0 0 0 255 0 255 255 0 255 0 255 0 255 95 248 255 0 0 0 255
    255 0 255 252 255 255 255 189 255 0 0 255 255 237 0 255 46 255 222
    255 0 255 255 0 0 0 143 255 255 255 0 0 255 0 0 255 178 255 0 0 255
    0 255 0 255 255 133 0 0 255 255 255 0 255 0 190 255 125 255 164 194
    0 0 255 0 255 0 249 255 255 255 255 0 255 255 255 0 0 237 255 0 0 0
    139 255 0 212 0 255 0 255 255 255 250 195 0 0 0 255 0 255 0 255 0
    231 255 255 0 0 255 255 0 255 0 255 0 255 0 255 0 0 255 0 255 0 255
    228 0 0 255 255 255 255 193 166 255 0 0 0 255 255 106 0 0 0 14 255
    255 255 0 0 255 255 159 36 0 255 76 0 0 0 158 255 255 255 0 0 255
    255 141 181 255 133 0 0 255 255 255 186 0 255 255 255 0 255 0 0 0
    255 78 155 157 0 255 44 0 0 0 0 235 255 0 255 180 0 255 255 255 0
    255 0 0 0 255 255 255 0 255 0 255 0 84 0 178 36 235 255 255 88 255 0
    255 0 99 0 255 91 255 144 0 14 204 0 255 0 255 0 255 0 255 255 255 0
    0 0 128 0 0 0 162 255 255 55 0 255 0 255 255 255 203 255 0 0 0 0 255
    0 255 80 0 0 0 255 255 255 255 0 0 0 255 255 0 255 255 123 0 0 255
    255 0 0 0 0 0 0 255 255 255 0 0 0 255 0 0 0 0 55 255 40 255 255 255
    0 0 0 24 147 81 255 0 255 255 0 255 0 0 0 255 255 0 255 0 255 194
    255 0 255 255 255 0 0 0 0 255 255 255 0 0 0 255 0 0 109 22 255 239
    255 0 204 0 255 0 255 219 0 255 0 255 0 255 0 255 255 255 255 255
    255 102 0 128 0 236 255 34 0 0 0 169 110 0 0 255 170 255 0 142 255 0
    255 66 60 0 0 255 255 255 255 0 255 0 255 0 255 55 0 0 0 255 255 55
    255 0 172 62 0 255 255 255 255 0 0 241 255 255 255 0 0 255 255 0 0
    225 0 255 0 0 0 255 0 0 44 255 255 255 166 0 0 0 255 255 0 0 255 255
    0 172 14 255 255 255 0 0 234 255 255 0 0 5 255 255 255 0 157 0 0 255
    255 0 255 0 255 255 255 184 112 0 0 255 255 255 255 0 202 0 51 255
    255 255 66 255 242 255 0 0 0 255 0 255 0 255 255 255 0 255 0 0 228
    255 255 0 0 40 3 207 255 255 62 0 0 0 255 255 255 255 0 255 0 0 0
    140 255 255 0 255 36 255 0 0 0 0 255 0 28 255 255 255 147 255 0 0 69
    255 0 255 0 255 0 255 0 255 255 0 255 255 151 51 0 0 0 0 0 255 255 0
    255 0 255 255 255 0 0 207 0 0 255 251 255 0 255 255 152 0 21 0 255 0
    255 0 59 255 0 0 255 255 255 0 0 255 0 255 31 255 255 255 21 0 29
    255 0 255 255 255 56 0 0 255 204 193 0 0 255 0 255 255 255 0 0 126
    26 255 0 255 255 255 0 0 255 255 0 0 255 255 130 0 0 255 255 255 0
    255 255 0 255 127 87 255 108 255 166 11 255 0 93 0 255 0 209 0 96
    255 255 255 0 255 0 0 97 255 255 0 255 0 255 255 255 0 0 255 69 0
    120 203 255 0 0 0 0 255 35 255 255 255 103 0 0 255 79 255 52 255 20
    0 255 0 11 255 0 255 255 255 0 0 238 255 255 50 0 0 185 97 0 0 0 255
    0 7 0 255 255 255 255 255 0 0 194 255 255 255 255 0 193 251 255 0 11
    0 118 0 60 122 255 255 255 173 255 0 0 0 0 255 255 255 0 130 255 255
    255 0 0 77 255 46 0 255 0 255 0 0 0 255 0 0 255 255 0 0 0 255 0 255
    201 255 247 0 255 255 102 255 255 255 255 111 0 255 0 255 0 0 255 0
    255 255 255 0 0 255 0 255 219 255 0 255 55 255 0 89 88 153 247 255
    255 255 0 0 117 255 0 255 255 157 0 0 255 255 255 255 255 0 0 16 255
    0 142 138 255 0 159 255 255 0 0 189 255 141 119 255 255 255 255 0 0
    0 167 66 0 0 153 255 255 37 0 0 59 255 255 0 0 255 255 0 0 255 0 116
    0 234 0 0 0 0 255 255 0 207 255 0 21 255 0 0 0 63 94 86 255 255 255
    12 0 0 0 0 255 255 210 0 255 255 255 0 239 0 255 28 8 0 0 0 255 0 0
    0 255 0 0 0 0 0 0 128 255 0 255 0 255 0 255 0 0 0 70 0 255 0 255 0
    255 0 0 0 0 0 255 255 255 0 255 83 0 0 105 255 0 255 0 0 116 255 255
    0 0 255 95 123 0 255 0 255 255 255 38 0 108 0 0 255 255 0 0 180 5
    255 0 255 0 0 157 255 255 0 255 0 0 0 255 255 255 255 0 255 50 255 0
    255 42 255 0 255 0 169 255 255 38 0 0 36 0 255 127 0 129 0 0 117 108
    255 255 255 177 255 0 255 0 255 0 0 0 255 45 255 0 255 0 255 255 0 0
    0 255 255 0 0 173 255 157 0 255 255 255 255 0 0 0 255 255 0 0 0 255
    0 255 0 0 0 0 255 0 137 255 255 188 0 255 255 255 0 0 0 0 255 255
    255 255 255 186 255 0 0 226 255 255 255 255 99 0 0 0 0 255 218 255
    80 0 255 0 7 0 255 0 255 0 255 255 0 0 0 137 255 255 255 0 0 0 0 255
    255 134 255 0 0 0 0 0 0 244 0 243 255 129 0 0 0 127 42 255 80 8 255
    0 255 255 152 255 0 255 255 0 0 255 0 0 0 4 255 0 255 58 0 255 0 0
    255 255 255 0 255 0 74 0 255 0 0 0 255 232 255 37 0 255 0 255 255 0
    0 0 255 255 0 255 0 61 243 0 255 255 0 0 0 0 255 255 0 255 0 11 0 0
    255 184 0 255 0 0 182 255 177 255 0 255 0 0 184 255 0 255 255 255 78
    0 0 255 99 211 0 0 255 255 255 0 255 255 0 111 0 255 0 255 255 0 0
    45 0 255 255 23 0 0 255 255 255 0 18 48 255 0 254 0 255 255 0 255
    108 255 255 0 0 0 255 0 255 0 0 0 255 102 0 171 0 255 255 255 0 135
    0 255 0 255 0 198 255 0 0 0 255 122 0 255 245 255 0 0 227 255 0 0 0
    0 0 0 30 0 255 95 0 255 0 255 255 255 255 170 0 0 196 255 0 0 255
    255 0 180 0 255 123 0 0 197 255 0 255 0 0 255 255 0 41 0 136 0 255 0
    255 0 6 0 0 0 103 0 255 90 0 0 255 30 0 255 233 255 190 118 71 0 255
    241 188 129 0 0 255 0 0 255 255 0 255 255 255 106 0 0 110 83 255 255
    0 255 0 36 0 107 255 0 0 0 214 255 145 255 255 255 0 0 0 255 0 255
    255 0 0 0 255 44 255 0 83 191 255 93 255 255 255 255 8 0 30 8 255 0
    255 255 255 0 0 0 255 0 0 255 255 255 186 0 68 0 0 191 214 255 0 0 0
    255 255 255 255 0 0 0 0 255 0 0 0 255 255 0 255 255 255 227 0 0 11
    255 255 0 0 255 255 100 63 255 255 0 0 255 0 255 186 255 0 0 0 89 0
    0 0 0 255 255 0 69 0 255 255 0 255 0 0 0 255 255 255 255 0 0 255 255
    0 255 0 255 0 220 0 255 0 0 0 255 255 0 166 255 12 0 122 255 223 0
    198 255 163 0 255 0 0 0 255 0 214 255 255 55 0 0 255 255 255 208 94
    0 0 225 255 255 189 82 159 255 255 255 0 0 0 255 255 253 0 6 230 0
    255 234 0 255 0 255 0 205 0 136 245 0 255 0 241 26 255 0 255 0 255
    255 141 181 0 0 0 94 255 255 255 0 255 0 61 255 0 255 0 255 229 255
    0 0 100 255 255 12 0 0 211 255 255 0 255 255 255 0 0 255 155 255 255
    0 96 0 255 0 179 0 0 0 255 255 255 0 0 0 255 0 255 249 255 255 0 0
    255 255 0 160 118 0 255 255 0 79 255 255 0 255 0 136 0 255 0 255 144
    255 255 98 0 255 0 58 0 0 255 125 255 255 0 255 0 255 214 221 0 237
    0 255 0 255 193 142 0 0 0 255 180 255 255 0 0 255 0 255 0 255 0 0 0
    255 0 0 0 255 0 0 255 255 255 0 0 54 0 255 0 255 0 255 0 0 0 255 0 0
    255 255 183 255 205 255 255 99 0 0 0 0 0 255 255 226 255 255 176 255
    0 255 255 0 0 203 255 0 216 49 166 0 67 0 255 0 0 53 255 255 255 255
    0 255 0 7 0 255 0 0 255 0 0 0 0 0 0 255 255 255 0 0 93 0 0 255 255
    76 255 59 80 0 0 255 255 255 255 255 0 239 0 255 0 255 221 0 0 145 0
    255 10 255 255 255 0 129 0 0 0 255 255 160 255 0 0 56 0 255 92 255
    255 0 0 0 255 79 0 0 255 255 255 0 255 0 3 127 0 255 0 255 0 140 0
    255 255 255 0 103 141 0 0 255 255 255 0 255 0 0 255 255 255 255 117
    255 15 0 0 0 0 128 255 227 255 0 0 255 218 0 255 0 64 0 255 23 255
    187 0 255 150 40 0 255 255 255 109 255 0 255 0 0 0 233 255 130 255
    49 255 0 255 0 0 36 0 0 255 255 255 0 0 255 139 0 255 0 116 0 136
    204 21 0 0 255 255 255 255 0 255 255 0 0 17 255 142 255 0 0 0 255 0
    0 255 255 255 60 0 0 0 255 0 255 213 236 0 0 215 255 255 255 255 0 0
    255 12 255 0 255 255 0 76 0 255 255 255 0 255 61 239 255 0 176 0 255
    255 0 0 0 255 255 106 0 255 255 255 255 217 0 62 184 112 192 0 0 255
    134 255 255 30 0 255 0 25 226 163 0 255 142 0 0 255 0 255 0 16 97
    255 255 0 0 255 255 255 255 32 255 255 0 0 212 0 255 255 255 0 255
    29 255 255 0 255 255 255 0 255 255 0 154 255 0 0 0 255 0 0 0 255 0 0
    0 0 210 255 255 0 0 0 0 255 255 255 106 0 0 255 255 255 0 0 255 255
    0 255 218 255 0 255 0 14 255 0 0 0 0 0 255 255 255 255 0 255 0 0 0
    255 58 215 255 255 255 0 173 255 255 0 157 0 0 0 255 255 0 0 75 255
    255 0 119 0 17 255 0 0 198 0 255 255 255 255 0 0 0 255 255 4 255 255
    0 0 0 255 255 255 0 0 184 0 255 255 255 0 0 255 255 0 0 255 0 0 0
    219 255 0 255 255 255 255 164 0 76 0 255 255 0 22 255 255 0 255 0 0
    69 255 170 255 255 80 145 0 255 255 246 0 0 0 3 0 255 255 0 255 255
    255 0 146 0 255 255 255 0 13 0 255 200 255 51 0 199 0 255 0 239 0
    255 255 0 0 117 255 0 255 255 255 174 0 255 0 255 217 255 0 255 0 0
    255 255 100 0 0 0 0 255 255 246 255 0 81 0 0 0 0 255 0 255 64 0 255
    60 0 0 0 0 255 255 255 255 105 0 4 0 252 0 41 47 85 255 255 25 0 255
    0 201 0 255 177 255 0 255 0 255 0 255 0 0 255 169 255 255 255 73 255
    0 0 0 255 62 40 83 255 244 255 0 142 255 30 255 0 255 147 0 0 255
    255 0 0 0 39 255 255 255 0 0 0 58 255 0 0 0 255 255 0 0 0 255 0 255
    0 0 0 255 255 255 0 0 250 68 255 0 255 255 111 0 255 0 255 255 255 0
    159 156 0 0 0 255 255 48 255 0 0 0 255 255 0 0 255 255 0 255 0 0 0
    255 255 255 255 0 0 0 255 0 72 62 255 255 0 255 0 255 0 0 255 0 255
    255 54 0 255 0 255 0 255 220 255 0 84 0 178 2 255 97 255 255 0 0 0
    255 255 255 0 255 255 255 0 0 0 255 255 0 255 231 0 123 255 255 255
    0 0 92 255 0 255 0 255 255 255 255 0 255 0 255 0 255 0 60 0 255 255
    255 255 0 0 0 255 0 255 0 134 166 255 255 0 255 0 255 84 210 255 255
    255 162 0 117 29 255 0 0 0 255 255 0 218 255 255 105 0 0 0 255 255
    68 255 208 255 0 255 10 255 0 0 38 87 96 255 0 255 48 68 255 0 98 0
    255 255 0 255 0 255 0 255 0 255 128 255 0 255 0 255 0 68 0 255 255
    255 255 0 0 255 255 0 0 0 255 0 255 0 255 99 0 0 255 139 255 255 0
    57 0 255 255 255 0 0 255 0 0 0 147 255 103 255 0 227 0 255 255 255 0
    0 206 177 45 255 255 255 0 0 220 15 255 0 255 0 255 0 205 0 0 0 253
    247 255 255 0 0 90 0 0 0 0 255 135 255 255 255 0 255 0 255 255 174 0
    0 255 0 0 45 255 120 255 0 255 255 185 255 0 255 255 255 0 255 91 0
    255 0 7 173 255 255 66 26 0 0 0 255 255 255 123 0 0 225 0 0 255 255
    255 255 0 88 0 255 255 0 0 255 255 255 0 191 255 255 255 0 201 120
    255 0 0 255 0 68 0 255 255 198 255 255 255 0 0 252 255 255 0 0 0 223
    255 0 0 0 255 255 255 15 255 255 176 128 0 88 244 255 135 45 0 0 0
    255 255 0 255 0 255 255 0 255 41 255 30 255 255 255 0 255 0 184 0
    255 255 0 255 0 255 255 255 200 0 0 255 255 0 0 0 0 0 255 239 168 0
    9 255 255 197 186 255 255 0 0 94 255 0 0 0 255 0 255 0 255 0 255 0 0
    231 255 255 0 0 0 0 0 255 0 255 0 255 0 46 28 0 255 0 255 225 255 0
    37 0 255 193 0 255 0 0 0 255 255 255 0 255 0 255 84 0 255 173 255 0
    255 0 0 255 255 219 27 255 255 40 255 0 0 0 255 182 255 0 0 0 255
    255 255 0 255 0 255 0 255 255 255 255 255 13 0 103 255 0 255 255 255
    118 255 0 84 0 12 255 0 0 255 255 255 104 94 0 0 255 53 255 0 255
    114 255 0 255 0 198 255 255 0 255 0 0 0 255 255 158 255 232 255 255
    0 255 0 241 0 0 255 72 193 255 0 255 0 255 0 255 0 0 255 0 255 0 190
    60 0 57 255 255 255 0 26 52 0 0 18 255 0 0 0 255 0 9 0 0 255 255 234
    255 0 17 255 0 0 0 0 0 0 0 221 0 255 255 255 0 0 107 192 255 255 0 9
    188 90 0 0 255 0 0 255 255 255 255 0 95 255 0 204 51 255 255 0 0 255
    0 0 0 0 134 255 220 255 0 255 0 0 0 211 0 255 0 0 106 255 255 0 0 0
    0 30 159 0 244 255 255 255 47 0 255 0 0 0 122 238 27 255 0 255 255 0
    0 0 0 255 0 255 255 255 0 0 0 0 255 87 0 255 255 255 255 255 0 0 197
    255 229 151 255 72 0 0 255 80 79 124 158 255 255 0 255 250 0 255 255
    255 255 255 218 0 0 0 255 0 0 0 255 255 255 208 0 255 0 255 157 255
    255 0 0 255 0 205 0 255 0 255 0 255 0 255 0 0 0 0 255 255 0 0 0 255
    255 147 7 0 41 0 0 255 71 255 255 0 0 0 24 255 0 255 0 255 0 0 15
    255 0 255 0 12 255 0 0 255 75 255 0 255 0 255 40 255 255 0 0 255 0
    80 0 0 255 133 255 255 255 255 0 0 0 0 255 0 0 0 0 38 0 255 0 255 0
    255 174 255 0 255 255 255 255 0 0 0 165 246 255 0 0 0 255 0 255 255
    0 254 0 0 0 0 0 255 255 255 0 0 255 255 0 0 255 255 255 107 0 34 0
    255 42 0 255 0 255 0 173 255 255 0 23 255 255 54 0 255 0 255 0 255 0
    0 255 255 255 0 0 0 255 0 110 255 0 255 0 255 255 0 0 0 0 255 93 255
    255 0 255 0 255 255 0 255 0 72 0 0 255 255 255 0 255 255 255 0 70
    255 187 255 0 255 255 255 0 155 84 0 0 0 164 255 255 0 0 0 0 255 255
    0 255 255 0 0 95 255 0 24 0 0 0 0 72 255 255 40 255 0 83 0 89 255
    133 110 0 255 248 0 0 69 255 165 205 0 92 0 0 0 75 255 255 255 107
    150 255 0 0 0 0 0 255 0 255 195 255 255 0 0 255 113 194 169 0 0 101
    255 184 0 0 0 255 255 255 0 0 255 255 0 0 0 255 255 0 255 0 0 255
    255 212 0 0 255 255 251 0 255 0 0 255 0 0 0 255 255 0 181 255 0 0 0
    8 64 0 253 0 0 0 255 255 0 161 0 108 78 255 255 0 255 0 58 0 0 128 0
    255 168 255 0 255 175 255 0 0 255 255 99 255 255 99 255 255 255 0
    255 255 0 188 0 0 0 0 0 255 255 195 0 255 0 0 255 0 217 0 255 255
    255 0 0 124 255 255 140 0 0 0 255 255 255 255 26 0 0 44 0 0 0 255 40
    112 0 255 0 255 98 189 0 251 255 0 0 0 255 255 0 226 255 255 0 0 255
    255 255 0 0 0 255 255 255 255 0 160 255 0 0 0 255 0 0 255 255 229 72
    255 255 0 0 0 255 123 255 138 124 255 173 134 255 0 0 0 255 0 0 255
    255 255 0 0 255 255 255 0 0 0 4 255 255 255 0 0 0 255 0 255 0 0 0
    255 24 255 0 255 255 0 255 152 83 255 0 0 0 255 255 255 0 0 76 255
    255 0 0 157 0 255 255 255 255 212 0 43 137 0 237 0 0 255 0 255 0 255
    0 25 255 255 0 212 0 255 0 237 255 255 0 255 204 255 0 206 0 255 255
    78 255 255 0 174 0 188 0 255 0 0 194 0 0 0 255 0 0 0 255 0 255 0 255
    0 255 0 0 204 255 255 255 45 255 0 0 0 255 0 255 0 0 255 255 255 121
    101 217 255 0 0 255 255 0 0 0 255 255 255 255 255 0 255 0 0 255 255
    0 0 0 126 0 255 0 0 255 0 255 255 255 255 76 116 255 0 255 124 0 0
    215 0 0 0 255 255 0 0 0 0 255 210 255 0 255 255 35 255 0 255 255 0
    255 0 0 115 0 255 255 255 0 255 255 23 0 237 255 0 83 0 0 255 0 255
    126 0 255 255 255 0 0 0 255 0 255 255 255 0 0 255 255 0 255 0 0 0
    251 255 0 210 255 255 255 0 0 255 214 8 255 255 0 137 0 165 0 0 0
    103 0 255 255 192 0 37 255 255 255 255 0 0 0 0 0 255 255 255 0 255 0
    255 255 0 0 0 255 255 255 255 0 68 255 0 0 128 255 255 255 255 255 0
    255 0 146 147 255 255 0 0 0 0 0 255 181 255 255 96 229 255 0 0 0 255
    255 255 255 0 255 0 0 0 0 0 0 255 0 255 255 20 0 157 0 0 0 255 255
    218 0 0 0 255 69 255 0 0 0 255 16 255 255 255 255 255 0 0 0 0 255
    255 255 190 81 0 0 255 0 255 255 255 255 66 255 36 255 0 0 255 0 255
    0 255 0 178 103 0 118 67 255 73 255 255 255 178 155 0 0 86 255 255 0
    255 0 133 0 0 255 255 255 0 0 51 0 0 131 203 226 0 0 160 255 255 0 0
    255 0 253 187 255 255 255 0 0 0 255 255 255 0 0 0 255 0 255 0 52 138
    0 255 255 255 255 30 0 255 255 0 0 255 255 0 0 255 255 255 0 255 255
    244 255 255 164 255 0 0 85 145 0 0 255 218 255 0 0 255 255 255 0 255
    0 0 255 255 0 0 0 246 255 255 0 255 31 182 0 140 0 26 255 204 255
    255 255 255 255 0 255 213 255 0 0 0 255 255 255 245 98 255 0 0 255
    255 255 0 255 0 0 0 0 255 0 255 255 255 70 255 161 0 0 255 0 0 0 255
    255 255 255 255 0 246 0 72 14 255 255 79 49 0 255 0 167 109 2 238 0
    255 119 0 40 0 91 255 255 17 40 0 255 0 0 0 255 0 255 183 255 0 0 0
    255 100 0 196 122 122 0 255 200 0 255 180 0 0 0 32 255 255 255 0 255
    255 255 148 0 255 255 0 255 255 255 0 255 0 255 0 178 0 255 255 255
    0 0 0 0 22 0 255 61 255 0 0 0 0 255 255 255 0 0 0 255 255 255 155
    125 255 0 76 144 0 0 0 255 11 0 255 255 211 0 168 134 255 0 255 0
    255 51 255 155 220 255 0 54 231 255 0 255 255 111 255 0 0 255 255
    255 235 0 0 0 255 255 0 0 255 0 255 0 255 0 191 0 255 0 255 255 255
    0 0 255 255 255 0 255 255 0 0 90 134 255 0 117 80 255 196 0 0 0 0
    255 255 60 10 42 128 0 255 255 0 0 255 102 255 0 0 61 255 255 0 0 69
    0 255 0 255 255 255 0 255 96 0 0 0 255 255 255 0 0 0 0 255 0 255 69
    255 255 0 0 0 255 0 112 0 255 0 203 0 255 255 255 255 0 0 255 255
    165 167 0 0 255 0 255 0 255 0 214 255 255 0 255 255 0 0 35 0 73 0
    255 174 255 255 0 0 0 0 255 255 255 0 5 0 255 106 0 0 200 255 151
    133 255 0 44 255 255 0 0 108 255 0 0 255 52 255 14 255 0 255 0 255
    117 255 0 255 0 255 0 255 122 0 0 0 255 0 255 0 0 255 118 255 0 0
    255 0 141 0 255 0 201 0 255 255 181 0 0 255 255 145 0 0 255 255 251
    177 68 0 0 211 0 166 0 255 0 0 255 0 255 255 255 0 0 0 54 0 236 0 0
    0 0 0 0 63 139 255 255 255 139 255 0 0 114 244 255 0 134 0 255 0 0 0
    255 255 255 255 0 0 0 0 0 255 255 255 255 0 0 125 255 255 0 99 255
    255 0 0 255 0 255 255 0 0 0 0 255 255 255 11 0 255 255 255 0 0 7 255
    255 0 0 174 255 255 29 59 0 0 255 0 255 255 255 0 0 255 51 0 255 255
    255 86 0 6 0 255 255 0 255 0 255 255 255 255 0 0 0 0 132 207 0 255
    255 0 255 0 255 0 0 84 20 18 255 64 218 0 255 255 0 0 0 0 0 0 76 0 0
    0 255 255 255 164 0 3 54 255 0 0 34 0 255 255 255 0 0 0 102 255 255
    50 131 0 0 0 255 255 0 255 255 255 255 0 255 255 0 0 232 52 0 0 255
    36 255 255 255 255 255 123 0 0 0 255 109 0 255 255 255 59 0 18 153
    255 0 0 255 255 56 0 255 255 165 255 56 255 255 255 60 255 0 0 255 0
    0 0 255 255 0 0 40 255 0 255 0 255 0 230 41 255 255 0 0 151 255 0
    255 255 255 0 0 0 255 255 0 24 0 18 255 0 0 255 255 127 255 153 0
    255 255 255 177 255 138 255 0 255 99 255 0 0 0 0 0 124 0 255 255 48
    0 0 41 0 255 0 0 0 255 255 0 144 50 255 0 255 0 0 32 255 0 255 0 255
    144 255 255 0 255 0 255 27 55 0 255 243 255 255 0 0 255 83 255 0 255
    0 0 255 0 239 192 46 26 0 255 255 255 0 0 255 255 0 0 0 255 255 255
    255 248 0 0 0 255 255 255 196 255 0 255 255 255 0 255 61 255 0 0 255
    255 128 0 0 255 255 255 0 0 2 254 255 255 222 0 0 0 255 255 255 0 0
    0 243 255 255 1 0 0 41 255 255 255 74 0 255 0 31 0 0 249 255 0 255
    255 255 0 0 0 211 255 255 61 255 0 255 0 0 255 255 255 164 0 230 255
    255 0 0 0 255 217 0 0 0 255 255 255 69 255 0 0 0 0 255 255 255 0 0 0
    255 120 255 0 255 255 253 255 0 0 255 255 255 0 30 138 255 255 0 0
    255 253 255 0 0 31 255 255 0 0 0 0 255 0 34 255 255 0 0 0 96 255 0
    255 0 0 0 255 0 0 37 0 0 255 34 84 218 0 0 255 0 255 0 0 255 0 0 0
    255 216 0 0 120 255 0 255 177 0 255 0 255 35 255 0 96 255 0 255 0 0
    0 0 255 255 0 255 253 255 0 255 0 47 0 255 170 0 255 255 255 0 0 169
    0 0 0 0 255 0 255 255 0 255 0 255 255 255 148 0 255 163 102 255 255
    0 81 0 0 255 0 255 255 34 255 255 255 0 255 177 255 0 255 255 190 0
    0 0 255 255 255 255 163 0 0 255 255 255 0 255 214 0 0 0 255 154 255
    0 0 0 111 255 177 18 255 3 85 0 178 62 203 0 226 255 0 0 255 255 84
    0 0 0 0 8 255 165 0 0 0 247 0 0 0 255 128 255 0 0 0 255 255 0 255
    255 1 255 0 0 141 255 255 55 181 0 255 255 255 53 0 0 255 59 255 174
    17 0 255 255 102 255 0 255 255 0 255 73 0 146 141 255 0 255 176 0 0
    0 255 31 255 0 62 0 255 0 0 0 0 0 0 0 67 255 105 0 0 0 255 255 0 219
    255 255 0 255 255 0 0 0 0 0 255 0 255 255 255 213 0 0 255 0 0 0 5
    255 255 0 0 38 0 255 255 255 0 0 89 0 255 164 255 255 0 0 0 255 0
    138 0 255 255 255 46 0 92 80 255 0 0 0 255 255 255 0 0 0 255 255 255
    107 0 0 0 255 255 0 255 0 0 255 243 122 0 255 223 255 0 255 0 60 0 0
    8 255 255 255 255 0 0 0 255 0 0 255 255 255 58 0 255 0 0 0 255 255
    173 0 255 255 0 0 0 13 0 0 0 255 255 191 0 0 0 255 0 255 255 13 0 0
    0 255 255 0 181 0 255 0 0 255 87 255 0 255 146 255 255 255 255 0 0
    217 255 255 0 255 240 255 255 178 255 203 0 178 86 0 0 0 255 255 255
    177 146 0 255 121 165 0 132 0 255 255 255 0 0 255 255 255 114 0 0
    255 255 0 0 0 12 255 160 255 255 255 0 157 0 0 0 255 49 255 0 0 0
    255 28 0 255 255 0 255 0 255 0 0 0 0 180 255 255 255 0 0 255 255 233
    0 0 255 162 160 0 255 8 255 0 255 0 255 255 0 190 0 255 91 0 0 0 255
    0 0 0 0 255 255 0 148 135 0 255 0 176 0 255 0 154 255 0 139 0 164
    255 255 0 255 255 255 0 0 0 255 255 255 0 74 255 0 255 88 0 0 255
    255 255 255 255 0 255 0 255 255 0 59 0 255 255 0 0 200 0 255 0 255 0
    20 9 0 255 55 255 0 0 0 255 255 53 199 0 0 0 94 255 0 255 14 0 255
    34 255 0 255 0 255 255 0 135 0 0 15 255 103 255 0 0 0 0 214 255 255
    255 0 136 0 255 0 255 0 0 0 184 0 0 173 255 61 137 0 192 255 0 140
    255 255 114 255 0 255 0 255 0 0 255 255 0 0 0 255 255 0 255 255 0 0
    0 255 255 103 30 255 28 255 0 255 255 255 0 0 0 255 221 255 255 255
    0 0 255 255 0 0 0 255 0 255 255 0 255 0 127 24 255 255 213 0 142 185
    255 255 255 0 0 0 255 255 0 0 191 255 51 255 86 226 0 255 255 255 0
    0 0 255 0 0 0 255 255 255 203 0 0 0 255 0 188 12 255 255 0 0 6 0 209
    255 255 0 0 149 187 0 22 255 255 0 0 255 255 255 113 0 29 0 0 159
    255 255 255 255 0 255 255 0 0 0 255 255 255 0 214 115 0 0 0 255 255
    255 223 178 255 28 0 0 255 244 0 0 255 255 87 0 0 255 0 108 0 0 111
    255 0 255 191 0 255 255 0 0 0 0 255 0 255 255 0 255 255 106 0 56 0 0
    255 142 255 255 138 255 97 0 0 0 156 184 255 0 0 0 255 195 255 255
    255 255 0 164 255 183 255 0 255 10 255 87 0 255 255 255 0 255 0 108
    0 255 35 255 0 119 0 255 255 255 0 177 253 0 255 0 255 56 255 0 255
    255 0 0 0 255 255 255 0 0 0 255 255 160 255 255 255 0 211 0 255 255
    255 249 148 255 255 255 66 0 0 0 0 0 255 53 255 255 255 0 0 218 0
    255 255 67 0 0 0 0 255 0 187 255 0 255 0 255 0 255 255 255 81 255 51
    255 0 0 0 255 255 255 0 0 0 0 135 0 59 255 0 197 0 255 0 255 255 104
    152 124 255 255 0 255 151 255 255 51 0 0 0 200 62 255 0 255 255 255
    230 255 255 255 0 0 0 255 0 0 0 0 255 255 255 0 157 0 255 255 0 0 0
    255 255 255 0 255 204 255 104 0 0 172 255 255 255 255 0 231 223 255
    255 255 0 0 0 0 255 0 255 0 255 27 0 0 0 255 255 255 0 0 240 255 0
    255 0 0 0 255 0 21 0 0 0 255 255 0 0 0 0 255 0 255 255 0 124 0 244
    255 255 73 255 118 0 0 237 255 255 255 0 0 0 255 255 0 58 255 255
    255 0 0 0 0 255 255 255 0 0 146 255 65 0 255 255 255 0 0 255 255 255
    43 0 255 0 255 0 0 255 255 93 255 255 255 249 0 0 255 0 255 0 255
    255 255 0 25 0 255 255 255 255 0 172 104 102 255 206 100 199 82 0
    165 0 87 0 164 0 74 255 255 185 0 255 0 0 0 194 255 0 255 0 255 0 0
    109 0 0 241 255 255 255 0 255 193 0 0 7 255 0 233 0 0 255 255 0 0
    255 0 84 255 255 73 13 240 160 255 255 0 255 255 0 0 0 255 255 186 0
    255 255 188 227 0 255 107 255 0 228 0 255 255 255 0 255 0 255 0 255
    255 50 0 0 0 0 255 255 0 0 0 84 82 255 93 255 255 255 255 62 0 255
    255 250 0 0 255 255 0 0 255 255 255 123 0 250 255 255 0 0 0 0 243
    255 255 255 255 0 255 255 0 255 0 255 0 106 255 155 0 0 173 255 255
    0 214 0 0 255 255 255 255 20 0 0 0 255 255 255 0 0 186 0 255 216 164
    207 0 0 0 87 0 255 0 255 255 199 0 0 255 255 255 255 141 255 0 0 255
    153 0 0 0 255 248 255 0 0 0 0 255 255 255 255 255 62 0 67 0 255 255
    255 0 0 93 0 255 255 255 255 0 255 255 0 0 0 255 255 255 0 255 255 0
    106 255 255 255 255 0 255 0 255 255 255 0 0 255 0 0 0 255 255 0 0
    255 255 0 255 252 255 0 0 0 255 255 255 0 0 0 0 0 255 255 255 141
    166 0 94 0 255 157 0 255 0 225 0 255 120 255 104 255 0 0 0 203 94
    255 166 80 255 0 255 0 0 0 255 255 0 0 9 77 255 0 255 0 255 0 109 28
    255 0 255 255 255 255 180 255 0 30 67 255 201 255 255 144 0 0 193 0
    255 175 255 0 49 255 0 0 26 0 255 154 255 242 39 255 0 255 0 0 206
    255 0 0 255 255 255 255 0 255 0 255 0 243 57 255 71 246 255 255 255
    255 0 255 0 255 255 255 0 0 0 255 0 255 0 109 255 0 255 0 255 0 255
    0 255 0 255 255 255 0 60 255 0 255 0 255 50 51 255 0 0 255 4 255 255
    255 255 105 0 0 0 0 17 255 152 255 255 0 0 0 0 255 0 251 0 170 17 96
    125 255 0 0 0 0 0 255 120 255 0 117 0 0 0 0 62 165 255 255 255 0 125
    146 255 0 202 0 0 0 255 255 255 0 255 255 0 185 0 255 65 255 0 0 0
    255 255 255 255 0 201 0 0 34 255 255 0 255 0 255 255 0 0 0 255 227 0
    255 255 255 44 95 255 255 0 0 0 255 255 0 255 0 255 19 255 255 255
    255 0 255 255 0 0 0 255 0 0 93 252 123 157 0 255 0 0 0 81 255 0 255
    0 255 255 255 255 0 0 0 255 0 255 0 255 255 0 143 0 199 0 0 31 255 0
    0 0 255 255 255 255 255 0 0 255 185 90 0 0 238 0 0 0 0 255 255 255 0
    255 255 0 0 0 235 0 0 255 235 0 255 255 255 255 0 255 92 255 0 0 255
    255 255 34 255 0 0 255 137 94 255 255 0 255 0 255 11 139 0 0 255 255
    81 43 255 255 0 0 255 0 255 0 0 255 255 255 0 179 0 0 0 255 255 255
    255 0 132 184 0 255 145 255 40 0 18 255 255 255 79 255 131 0 0 255
    181 197 0 188 0 255 0 0 238 0 255 255 255 0 0 0 9 255 0 172 0 0 255
    255 0 255 56 255 0 255 255 255 255 0 0 0 141 255 255 0 63 0 254 147
    255 255 128 0 0 255 255 0 0 240 255 255 177 0 0 0 179 255 0 0 255
    255 255 241 211 255 0 0 55 0 255 255 112 175 0 255 255 0 0 208 255
    13 255 0 255 255 90 255 255 255 16 93 0 0 236 255 255 255 255 255
    255 0 146 0 255 255 0 0 0 0 0 0 255 0 255 255 255 255 255 0 168 0 0
    255 255 255 26 0 255 255 255 0 255 221 0 0 255 15 0 226 255 255 0 0
    0 255 255 0 0 255 0 0 124 0 90 0 0 99 0 0 0 255 255 2 255 255 255
    255 0 0 255 255 243 86 255 42 255 0 255 158 77 0 0 255 0 255 0 255
    255 255 0 0 255 255 255 0 83 0 157 175 255 0 255 0 0 0 255 0 255 173
    174 0 0 255 136 255 0 255 255 0 0 0 255 225 89 255 0 0 15 255 255
    255 255 255 255 255 0 0 0 255 255 0 115 255 255 99 255 0 135 255 255
    0 54 255 255 255 0 0 86 255 0 255 0 255 0 0 160 255 255 255 0 0 0
    255 0 255 0 52 0 23 0 255 0 0 255 0 255 0 255 0 255 255 128 0 0 255
    111 0 0 255 255 255 0 0 51 255 234 0 50 255 255 0 0 255 255 0 0 0
    255 0 255 255 255 255 0 255 0 0 0 0 0 0 255 19 255 0 0 255 255 255
    255 0 0 0 101 255 255 0 0 0 255 0 255 0 255 0 120 255 95 255 0 255 0
    255 237 125 0 0 255 255 0 255 6 188 255 0 255 255 255 0 255 0 255 0
    0 0 255 0 245 115 255 255 255 0 255 0 255 171 0 0 0 255 211 255 178
    158 77 0 88 0 71 255 0 245 255 255 255 0 0 255 0 255 23 174 0 0 0
    255 255 255 0 49 36 19 255 255 0 255 0 255 0 255 0 0 0 255 255 0 255
    187 255 0 0 0 77 255 214 255 0 255 0 255 0 255 255 0 0 255 255 0 109
    179 255 255 112 255 0 0 170 255 255 0 0 0 255 255 0 255 0 255 255
    203 0 0 255 0 255 255 255 0 0 255 0 100 0 255 0 0 255 255 255 0 255
    106 255 156 0 255 213 255 255 193 0 0 169 255 255 74 255 0 0 255 255
    255 0 83 0 176 255 255 0 0 139 255 0 0 255 255 0 0 255 255 255 163 0
    0 0 255 255 0 0 139 255 255 61 37 177 150 0 0 0 255 0 0 255 255 255
    0 221 39 0 255 0 254 168 236 255 0 0 0 255 0 0 229 255 255 0 255 255
    255 255 0 0 0 255 0 255 0 0 0 0 0 255 255 255 0 0 0 255 255 255 0 88
    0 255 0 0 16 255 255 93 0 0 255 0 0 255 0 0 255 0 0 0 0 0 0 255 255
    255 107 161 0 255 0 0 50 0 255 255 255 0 0 0 255 0 0 0 255 255 0 189
    255 255 0 0 0 0 0 172 255 255 255 255 0 0 255 255 0 0 250 0 255 222
    0 255 255 255 0 255 0 255 0 0 255 0 0 36 0 37 255 255 0 255 255 255
    255 0 142 0 255 255 143 0 148 0 255 255 212 0 0 255 255 175 255 0 0
    0 0 0 255 255 255 235 0 0 0 255 0 255 0 255 155 255 175 255 0 0 0 0
    255 255 255 0 97 0 86 255 12 255 0 255 0 0 165 0 0 0 255 0 255 255
    30 255 255 0 255 0 255 255 0 0 0 255 255 0 0 0 255 0 255 0 111 0 255
    255 255 0 0 0 0 255 255 233 0 0 255 0 0 0 251 255 0 255 255 255 255
    0 255 255 0 0 0 242 255 34 255 119 0 0 0 70 255 255 36 0 113 255 16
    255 255 0 255 0 173 129 0 255 0 255 255 255 0 255 0 0 0 255 0 255
    255 255 0 0 0 255 86 255 255 255 255 54 255 180 255 200 255 0 255 0
    255 255 118 0 0 15 255 255 187 0 96 0 255 255 255 0 0 255 255 255
    255 35 0 0 255 0 255 0 0 94 255 255 255 255 105 255 0 90 0 255 44 89
    0 255 0 255 0 255 203 0 48 255 0 255 0 255 0 0 0 240 255 255 0 0 0
    255 0 255 0 255 0 250 255 0 0 0 143 167 255 0 117 175 0 0 255 255
    255 255 41 0 0 255 0 255 21 255 255 6 255 255 255 0 0 25 0 255 255 0
    0 0 255 255 197 0 15 0 255 255 255 88 90 0 186 0 161 255 255 255 0
    202 0 0 0 0 255 255 255 0 255 255 0 154 255 255 193 0 0 90 0 255 134
    255 0 255 0 255 165 255 0 255 33 255 255 0 42 0 255 255 68 255 255
    128 65 255 0 147 255 175 0 0 255 65 255 60 255 134 255 242 0 255 0
    255 0 255 223 255 31 202 100 0 0 255 106 255 0 3 255 182 48 255 148
    255 0 255 255 255 0 230 0 255 0 0 0 255 255 0 0 89 255 0 255 0 255
    255 255 255 0 0 0 255 0 255 0 0 85 0 255 0 255 255 0 0 0 255 255 255
    255 107 255 0 255 0 255 255 255 3 0 184 81 0 0 0 197 255 121 255 0 0
    0 138 0 255 0 0 0 0 255 156 255 108 0 0 255 255 110 0 0 255 255 255
    0 255 255 193 213 255 0 0 158 255 255 101 255 0 0 255 0 255 0 0 224
    255 255 102 0 3 255 255 0 0 0 255 255 0 0 0 163 255 255 200 0 100 0
    0 255 147 0 80 255 255 76 0 255 0 0 0 0 255 255 255 0 31 166 160 0
    226 0 40 224 255 255 73 0 255 255 0 255 0 212 0 255 255 200 255 112
    255 0 0 255 124 0 0 0 0 0 255 0 255 0 255 0 0 90 14 0 88 255 255 0
    255 0 255 0 255 0 0 144 0 119 255 0 0 0 255 255 0 0 255 242 0 255 19
    255 255 255 255 255 0 255 0 255 41 214 255 0 255 0 255 0 255 61 108
    255 0 0 8 255 0 131 255 223 255 0 110 0 151 255 0 255 0 255 255 0 73
    255 255 0 255 0 255 0 0 255 222 0 0 255 0 255 0 255 255 255 0 255 0
    255 0 255 255 47 255 86 0 200 255 255 0 109 67 112 0 255 255 255 0
    255 0 255 113 255 0 0 255 255 0 140 27 0 0 236 0 0 255 237 255 0 0
    255 255 0 50 0 255 255 255 255 48 255 0 0 255 0 255 255 0 0 255 255
    255 117 255 0 0 0 0 52 233 255 0 0 255 0 0 0 255 255 0 0 255 255 255
    60 255 62 255 232 0 0 184 255 252 0 0 0 82 159 255 255 135 0 0 114
    255 255 0 197 0 255 0 12 116 0 255 122 255 62 255 255 0 0 0 255 255
    255 0 0 0 255 88 0 0 127 255 172 0 0 255 255 53 0 255 255 93 0 0 0
    255 0 255 0 255 0 255 0 255 255 255 255 0 255 0 255 64 0 255 0 0 0 0
    0 48 70 255 74 255 255 255 199 0 0 255 0 255 125 255 255 0 0 0 0 255
    36 255 0 135 255 255 0 0 255 0 213 0 0 248 0 255 255 37 0 0 0 255
    255 255 255 0 101 0 0 0 0 255 0 255 255 192 154 142 0 177 0 255 0
    255 255 172 0 0 255 255 255 255 0 255 255 89 0 228 0 255 0 255 0 255
    0 143 0 135 0 0 81 0 255 0 255 255 255 255 255 0 37 255 255 156 0
    255 0 255 0 255 255 255 190 0 0 0 0 0 255 0 101 255 0 0 255 0 255 0
    89 0 0 188 255 255 120 145 0 0 255 0 255 145 255 0 255 233 255 247
    255 0 0 119 151 0 0 177 255 131 13 0 94 0 255 0 255 116 255 52 255 0
    255 0 255 255 57 108 0 255 255 255 0 0 0 99 255 255 255 37 94 0 42 0
    0 0 0 0 255 0 255 255 255 255 0 255 0 255 0 255 255 0 0 153 255 255
    255 255 0 0 0 255 255 240 0 255 0 72 0 255 24 255 0 0 0 255 255 255
    255 98 0 64 0 0 0 229 255 0 0 255 255 255 0 0 0 227 0 255 255 0 0 0
    255 255 255 0 143 0 0 11 208 108 0 249 190 50 255 68 255 0 255 0 255
    255 76 0 46 0 255 0 255 0 255 0 0 255 255 255 0 0 255 255 188 150
    255 0 0 0 255 255 0 0 0 185 213 0 255 183 0 255 255 255 8 0 0 0 64
    255 255 0 0 255 255 255 71 255 177 0 255 0 255 255 0 0 255 255 246
    63 0 0 152 255 26 0 0 0 0 255 0 164 0 184 255 162 255 0 255 0 255
    255 0 255 255 255 0 0 81 191 255 255 91 220 112 255 0 0 255 255 255
    14 0 255 255 0 0 0 255 0 255 0 0 0 255 17 65 255 0 127 160 255 0 0 0
    160 123 0 255 255 157 0 255 0 255 181 0 3 56 255 84 255 0 0 255 42
    180 0 0 217 255 255 255 0 39 0 255 255 255 158 255 151 0 239 0 255
    255 255 0 0 255 112 0 255 124 255 255 255 0 0 255 0 255 0 255 255
    255 255 0 255 0 217 0 36 0 0 0 255 255 0 0 198 255 0 0 0 255 0 202
    246 255 0 38 0 119 0 255 189 0 255 255 45 0 255 21 255 255 0 15 255
    255 255 255 253 0 255 255 65 255 255 137 170 0 233 231 0 0 255 255
    255 0 0 0 0 0 255 255 151 255 255 0 0 255 255 0 0 255 255 255 0 0 0
    255 166 255 0 0 231 0 229 0 255 255 0 67 0 255 145 0 0 255 255 0 0
    212 0 0 255 0 0 255 255 0 47 0 0 255 255 255 166 255 0 108 0 255 0
    255 0 0 0 255 255 255 255 0 0 0 0 0 255 255 255 183 249 0 0 0 227
    255 255 255 0 0 0 255 0 255 0 0 0 255 26 0 0 0 174 75 255 0 220 0
    255 0 127 0 255 255 89 0 0 0 255 0 0 255 113 45 0 255 255 0 0 255 0
    255 0 0 255 255 0 255 0 255 0 0 0 255 211 255 255 255 0 255 255 85 0
    255 0 0 0 0 0 180 255 33 255 0 255 255 255 255 0 255 76 255 0 255 0
    255 255 255 0 236 0 255 255 255 113 0 79 0 255 0 255 255 255 0 0 0 0
    84 0 159 0 255 0 255 255 255 0 0 128 0 255 0 108 0 0 0 255 255 255 0
    0 255 255 255 255 255 255 0 200 0 255 0 255 0 255 0 255 255 0 138 0
    0 0 255 255 255 255 255 255 80 0 0 255 255 255 0 162 0 255 243 139
    255 255 255 246 0 17 178 255 43 80 0 255 0 255 0 184 255 0 241 0 255
    0 0 255 144 255 255 198 143 168 85 250 0 255 118 0 0 0 255 0 104 0
    255 167 255 0 57 255 255 0 0 255 109 255 255 92 0 0 0 255 0 255 0
    255 255 138 68 255 255 0 0 0 255 255 255 0 255 0 0 0 255 255 0 255
    255 255 0 145 255 255 255 255 0 255 0 255 0 255 255 255 0 0 0 255 0
    255 0 255 180 210 0 255 206 255 255 0 0 0 0 0 179 255 255 255 0 0
    255 255 255 169 139 60 160 0 0 0 0 255 96 0 0 0 255 81 0 25 0 98 255
    255 255 61 255 255 255 157 59 0 255 0 255 0 255 209 255 255 0 0 255
    255 255 0 0 255 0 255 0 255 0 0 227 0 0 0 255 0 255 138 255 0 255 0
    255 0 255 0 255 0 255 255 255 0 0 43 0 0 249 0 255 53 255 0 0 255
    255 182 0 255 0 255 187 255 255 0 0 255 0 255 0 255 215 255 0 255 0
    255 0 0 0 236 136 0 136 0 255 0 11 255 255 0 255 0 71 0 0 255 150
    221 0 255 0 255 0 255 0 0 0 255 0 255 0 255 0 0 0 0 255 0 255 255 48
    255 0 0 97 255 0 255 0 255 0 255 0 47 79 174 38 255 80 255 255 0 0 0
    255 255 0 255 255 157 0 0 255 0 255 0 0 0 36 255 217 149 255 0 170 0
    255 255 255 255 0 255 0 217 45 255 255 104 0 0 255 255 255 255 0 0
    181 255 25 0 0 255 255 0 0 0 61 255 70 255 0 70 255 152 62 0 125 255
    0 59 255 0 0 0 0 255 0 0 255 192 255 0 13 0 255 255 128 0 0 0 211 58
    231 255 255 0 255 0 255 102 255 255 0 0 0 255 189 255 167 255 72 161
    214 255 255 255 0 0 255 180 120 0 255 255 174 0 0 255 255 0 0 0 255
    255 0 113 37 255 0 128 255 0 255 0 255 0 255 150 255 247 255 0 255 0
    255 192 0 255 0 207 0 255 20 255 0 153 0 255 255 255 255 0 255 0 255
    235 255 0 0 0 0 158 255 174 0 0 255 0 255 255 123 168 118 255 255 0
    62 0 0 255 255 134 135 0 255 255 0 84 255 246 255 255 0 0 0 255 72 0
    0 255 255 255 38 79 5 0 149 0 0 255 255 255 31 250 0 0 255 255 0 214
    0 0 0 0 255 84 255 0 0 0 255 255 255 0 0 0 255 255 255 0 0 0 255 15
    48 0 255 77 255 185 0 0 255 27 228 0 0 255 0 255 255 255 0 77 0 255
    255 255 0 130 44 255 255 0 116 0 255 0 255 255 0 156 0 0 255 87 255
    0 0 0 255 188 255 0 0 0 255 255 255 255 0 0 31 255 103 0 14 255 131
    255 0 0 0 255 255 169 0 0 255 255 255 88 0 0 118 0 255 146 255 0 255
    0 255 17 255 255 35 0 255 255 255 255 0 0 0 212 82 255 141 255 255 0
    94 255 78 0 0 0 255 0 255 0 0 0 42 12 255 255 184 0 0 0 255 255 255
    255 255 198 255 255 255 255 0 0 255 255 0 3 0 255 255 185 255 0 255
    0 255 0 255 255 255 20 0 0 56 215 255 34 0 0 255 0 231 255 255 37
    255 0 255 0 237 0 0 0 0 255 255 123 255 255 96 0 0 221 191 255 255
    45 0 255 255 255 192 0 0 0 255 0 0 0 255 255 148 255 0 160 0 255 255
    255 0 0 242 0 105 255 0 0 0 0 255 255 255 0 38 255 0 255 0 160 222 0
    113 255 255 255 0 255 48 0 0 48 0 255 162 119 0 255 255 0 0 0 0 0 0
    255 255 255 0 0 255 0 255 0 0 0 26 255 255 255 0 233 197 101 255 214
    255 255 0 0 0 255 194 255 0 249 0 191 0 0 255 192 255 0 0 0 0 14 0
    255 0 31 0 0 255 255 0 255 125 0 255 165 255 255 0 255 218 0 60 0
    210 255 0 255 0 255 0 255 0 255 99 142 255 255 255 0 255 255 254 164
    0 158 0 0 0 0 255 0 48 0 255 255 255 255 255 0 0 0 255 255 0 175 0 0
    255 255 0 0 0 87 0 255 255 90 255 255 0 83 0 255 0 0 126 255 0 255
    67 169 255 106 255 0 0 255 0 0 255 96 255 0 255 0 0 0 0 255 255 255
    252 0 255 0 255 0 225 0 255 0 255 53 0 0 255 255 255 137 255 0 0 0
    10 0 255 255 255 221 0 255 37 0 255 211 212 255 128 0 112 255 255
    255 255 255 255 0 0 0 255 209 255 0 255 148 255 255 55 255 82 0 0
    255 255 255 0 190 0 0 0 0 0 0 255 255 0 255 172 255 4 0 0 0 3 255
    255 255 0 0 199 0 0 255 255 5 255 255 255 0 255 255 255 0 0 0 255
    108 0 0 255 255 255 0 66 255 255 219 0 0 0 0 236 0 0 90 68 255 255
    255 255 65 80 255 0 0 0 105 0 250 255 0 0 0 198 255 255 255 0 0 0 0
    255 255 0 0 255 255 77 0 240 255 0 255 255 82 11 0 0 0 61 255 255 0
    13 0 255 0 255 255 0 0 0 255 0 220 0 170 255 0 0 0 151 255 255 255
    255 0 0 11 255 251 255 255 0 0 0 0 255 228 0 0 169 255 0 0 255 255
    255 0 0 255 255 255 255 0 0 0 0 0 255 187 255 0 255 198 0 255 255 0
    19 0 0 255 43 255 0 255 0 15 219 255 255 255 234 0 0 255 255 0 255 0
    255 0 76 0 0 255 255 103 0 148 255 255 0 209 255 0 0 255 0 255 0 255
    101 255 0 246 125 255 0 0 0 0 0 255 40 255 0 255 231 255 0 255 255 0
    0 255 0 255 0 255 218 0 255 216 0 42 0 255 0 255 157 255 0 0 255 255
    255 237 0 255 192 255 255 255 0 0 0 255 59 194 241 255 0 255 255 255
    144 0 255 166 255 0 255 43 255 0 255 255 0 255 252 255 0 19 155 255
    0 0 0 255 0 0 0 255 43 167 88 255 229 0 0 255 213 255 213 255 0 0 0
    0 255 0 255 0 255 0 0 0 75 255 13 255 0 255 255 255 107 0 24 0 194 0
    0 0 255 255 255 0 245 0 255 254 57 0 0 214 255 255 13 44 56 0 0 255
    0 0 0 255 0 255 0 255 255 255 0 0 0 255 0 183 187 0 255 0 109 0 0 0
    255 0 0 255 240 0 255 255 255 0 255 165 255 255 255 255 0 0 0 0 255
    57 255 4 255 0 0 27 159 255 0 0 106 255 0 255 0 0 255 255 255 0 0 0
    255 255 250 0 0 255 147 0 0 0 210 42 255 110 255 0 0 0 255 0 255 0
    239 21 255 255 255 255 0 124 14 165 160 0 95 255 255 0 0 255 255 255
    0 0 0 202 0 133 189 255 0 255 69 255 11 0 255 0 0 0 0 208 0 0 255 0
    0 0 255 255 0 0 0 0 255 255 17 14 207 26 0 151 255 12 241 0 255 255
    255 201 0 0 0 234 255 255 255 0 0 0 170 0 54 0 255 0 255 255 66 234
    0 255 255 255 132 0 255 255 211 0 255 0 255 0 255 0 226 0 255 0 255
    0 0 0 45 0 113 255 41 255 0 0 0 232 53 27 255 255 0 0 0 0 255 255
    255 255 255 0 255 0 255 255 255 65 0 0 0 0 255 255 255 0 0 0 255 255
    164 255 255 0 0 0 180 255 255 30 0 0 0 0 255 39 255 217 255 128 0
    186 255 0 255 0 214 255 255 255 0 255 229 185 189 0 0 0 91 255 255 0
    255 47 0 0 0 0 0 210 0 255 255 0 77 0 255 255 0 0 255 255 0 0 40 255
    255 0 255 0 0 0 255 255 255 60 255 0 179 255 255 255 214 0 0 105 255
    255 0 0 132 255 231 255 0 0 0 255 255 0 0 255 146 255 255 255 111
    255 0 0 0 0 169 255 68 255 0 255 231 0 0 0 0 255 255 0 0 255 254 0 0
    255 255 255 0 105 208 0 255 55 255 0 111 255 255 89 255 0 255 119
    255 0 205 0 0 0 0 255 0 0 111 255 0 255 255 0 255 136 71 0 0 255 255
    255 255 0 255 0 255 147 255 0 0 255 248 0 0 255 255 255 0 0 255 255
    0 255 255 255 0 0 0 121 255 0 255 255 255 255 255 255 0 0 9 241 161
    255 255 0 255 0 255 0 255 139 255 186 255 0 0 255 255 69 34 71 28 0
    0 255 255 255 0 0 255 73 255 0 166 0 255 0 170 0 0 220 255 255 255
    238 0 0 0 255 0 255 0 255 0 0 0 255 242 255 78 0 0 0 0 5 255 255 0
    255 0 240 0 255 0 255 0 187 255 255 0 0 255 255 255 0 129 255 0 0 0
    255 255 250 0 0 0 255 255 255 255 52 255 0 0 0 139 255 255 69 11 44
    0 0 132 17 185 255 255 255 0 255 115 255 255 0 0 0 0 120 212 255 0 0
    215 255 76 190 0 0 255 0 0 0 0 255 3 103 0 255 28 0 0 78 0 255 255
    255 0 255 32 255 47 255 0 255 0 0 102 255 255 46 0 255 0 255 255 255
    0 0 142 74 222 0 0 255 255 0 0 0 255 0 255 0 255 228 0 0 248 0 255
    255 0 0 0 70 255 255 91 255 0 232 151 0 0 0 255 255 158 255 0 0 0
    255 76 255 0 0 0 0 140 0 0 0 246 0 255 255 0 69 124 255 255 220 0 0
    255 255 140 177 171 71 0 0 255 0 255 255 255 0 0 0 40 255 255 255 0
    228 71 255 255 135 0 121 123 201 0 0 111 0 255 0 148 0 255 255 0 0 0
    255 255 51 0 0 255 255 0 255 0 255 255 255 255 255 255 0 0 255 255
    192 253 0 255 255 255 0 255 84 0 0 0 86 255 112 253 0 255 116 255
    255 255 0 255 74 130 255 19 255 0 0 0 236 255 0 172 0 0 255 255 5 19
    255 255 255 0 0 255 255 0 0 255 255 0 18 0 0 255 255 255 0 76 0 255
    255 0 94 0 191 0 0 189 255 105 255 0 0 0 255 0 0 12 255 167 38 0 18
    0 255 0 255 255 18 0 255 0 106 0 77 255 255 0 255 0 0 192 7 0 255
    255 146 0 255 255 255 136 0 142 0 255 255 255 0 255 5 255 255 255 0
    255 0 255 0 255 255 0 236 0 177 0 255 255 0 255 255 255 0 0 0 255 0
    255 33 29 0 70 255 22 192 255 255 0 0 0 239 255 0 0 0 255 255 0 206
    131 255 146 174 0 0 0 255 0 255 0 0 166 255 0 0 255 255 255 255 140
    0 255 255 0 0 0 255 255 255 175 180 255 255 0 0 0 57 0 255 255 0 142
    0 255 0 27 167 255 255 0 0 0 186 255 255 51 0 0 255 0 216 255 255
    255 255 0 255 195 0 0 255 255 255 0 83 0 255 0 255 255 137 0 81 209
    0 255 160 0 255 0 0 255 0 255 0 255 255 255 0 255 0 0 0 255 0 255 0
    59 0 255 0 55 0 0 5 255 255 255 0 255 0 255 61 255 0 0 142 255 255 0
    0 0 255 0 255 0 255 255 25 0 0 176 255 255 255 56 115 0 189 0 255
    139 0 99 0 27 102 0 186 0 255 0 255 0 0 231 0 0 255 255 255 0 0 207
    0 0 255 227 0 0 255 0 9 0 255 0 255 0 0 184 245 255 255 255 234 255
    0 0 0 0 0 255 255 0 0 0 255 0 194 0 255 0 255 0 255 0 255 255 0 255
    0 255 0 7 116 186 255 255 0 255 0 0 255 255 0 255 255 255 227 0 0
    153 113 255 0 0 0 85 255 255 10 0 59 255 62 255 0 0 255 255 0 255
    136 255 0 0 0 0 180 243 255 0 0 255 0 255 0 255 0 255 0 23 255 255
    255 0 255 87 0 0 255 0 6 158 0 0 255 255 0 206 255 0 75 0 255 0 0
    176 255 255 255 0 0 82 255 255 0 0 0 255 24 216 255 0 0 83 0 0 255
    255 255 255 255 45 0 255 2 255 101 0 255 255 255 0 179 255 255 255
    255 0 255 16 0 255 0 255 233 255 0 0 255 255 255 0 255 255 255 0 0 0
    255 255 0 255 255 255 0 0 138 87 0 255 255 0 93 0 255 255 0 0 255
    255 0 0 233 138 255 255 7 0 255 0 203 0 0 0 0 0 194 0 255 255 255
    255 255 0 0 255 255 0 0 255 0 0 0 108 255 0 242 36 255 0 0 95 88 255
    0 255 0 255 0 0 0 169 0 116 38 72 0 255 0 0 255 255 0 0 0 0 0 0 255
    0 0 255 0 255 0 255 255 0 0 0 255 29 255 0 255 79 183 0 206 255 255
    255 0 168 253 115 0 255 255 255 10 75 0 255 0 255 0 0 0 72 31 136 0
    255 255 255 0 40 0 0 0 255 255 0 103 255 255 255 208 0 0 255 255 255
    0 0 3 255 255 255 0 255 0 255 224 255 0 255 246 49 0 0 43 255 255
    129 0 0 255 255 255 162 255 0 255 255 9 0 0 255 94 255 255 0 255 0
    255 0 0 255 230 95 95 0 0 255 0 0 0 255 255 255 255 0 255 0 255 0
    255 255 0 0 255 0 255 0 255 255 255 0 255 255 255 255 0 0 236 0 255
    255 255 255 0 0 0 112 0 255 0 0 0 255 13 0 0 0 0 151 255 0 77 0 121
    0 255 0 213 255 0 0 0 255 255 0 0 225 0 27 0 255 0 0 255 255 255 0 0
    255 104 144 0 255 255 255 0 117 255 0 255 255 255 0 255 124 0 118 0
    255 0 255 0 151 0 0 0 255 0 255 255 0 0 0 255 255 198 0 255 2 255 0
    72 0 255 93 0 23 0 255 255 0 162 0 21 0 255 0 255 0 0 0 255 0 0 0
    185 198 255 255 0 255 255 0 0 0 80 0 0 0 0 255 49 255 0 255 0 0 255
    255 255 0 0 0 51 255 255 255 0 0 0 255 0 255 0 255 255 255 153 0 0
    26 255 0 0 255 255 197 255 0 0 255 255 0 0 255 255 255 255 29 28 0 0
    255 255 0 0 0 255 255 0 31 0 0 255 239 255 255 60 98 0 126 200 255 0
    37 0 255 0 255 255 255 0 0 0 255 0 255 0 0 0 13 128 0 0 0 255 255
    255 0 0 255 0 255 80 255 0 0 0 255 255 0 255 250 191 20 214 255 255
    255 255 0 255 0 255 0 255 0 255 255 255 164 220 0 255 0 255 255 255
    0 255 255 0 0 0 0 0 255 255 94 255 0 255 0 255 0 120 0 255 255 244 0
    0 255 255 255 0 255 255 255 255 0 0 255 255 0 0 255 255 255 0 0 0
    255 255 255 0 0 0 255 0 13 24 76 255 255 166 0 0 255 255 255 0 255 0
    255 255 255 0 0 0 255 255 255 0 0 255 95 255 255 255 0 0 0 255 255
    147 142 255 187 0 255 255 255 0 0 0 238 0 255 191 255 0 255 197 0
    151 0 255 99 255 112 0 0 182 255 255 0 0 0 0 255 255 9 0 255 0 123
    255 0 255 0 0 255 0 255 0 255 189 192 0 0 0 247 0 234 0 0 0 0 222
    255 69 255 0 255 0 0 0 255 61 62 86 255 255 194 0 43 0 23 0 42 188
    59 0 255 0 255 0 255 255 0 0 0 255 255 255 0 0 167 255 230 97 229
    255 255 202 115 0 255 1 51 0 255 255 153 87 0 255 255 255 255 255
    227 255 255 255 255 0 0 0 0 107 255 0 0 0 165 0 0 0 0 255 255 255 0
    0 255 255 252 255 0 0 0 0 255 255 255 255 34 0 0 73 255 208 255 255
    255 255 0 0 0 255 255 0 0 255 226 0 0 0 178 221 255 0 0 140 255 0
    255 0 238 0 255 0 255 0 255 255 255 0 255 0 0 220 255 0 68 0 255 0
    255 0 255 0 0 0 0 255 255 255 255 0 0 118 0 255 255 34 220 0 251 0
    255 255 0 0 0 0 255 255 0 255 0 0 255 255 255 255 0 0 64 216 255 184
    255 125 123 0 255 255 255 128 255 255 0 255 0 255 255 220 0 0 0 221
    0 0 255 0 255 0 179 205 255 0 255 255 199 68 107 203 127 255 0 83
    255 0 0 0 255 28 255 145 0 0 255 255 176 255 255 255 2 0 255 29 0
    157 183 119 0 0 0 0 255 255 198 0 0 7 0 255 0 255 0 255 255 168 0 0
    0 0 255 255 255 0 0 57 0 0 130 0 0 0 255 255 255 0 95 255 255 180 0
    0 111 255 255 255 0 106 0 85 0 242 255 255 255 253 0 255 94 0 255 0
    143 0 255 0 255 0 255 0 80 0 255 27 255 0 0 112 0 255 255 0 213 0
    255 97 61 0 0 255 45 0 255 0 255 255 0 255 0 0 0 255 1 255 0 255 255
    167 0 236 0 0 255 110 255 0 0 0 243 0 0 0 255 255 255 216 255 255
    255 11 255 0 54 255 255 0 255 0 0 0 0 255 255 0 0 255 255 255 244
    170 13 0 255 0 255 0 0 175 255 255 255 0 0 255 92 255 0 143 37 255
    255 0 0 233 255 0 255 255 255 255 0 255 0 222 0 42 0 0 246 255 255 0
    219 255 98 148 0 255 255 0 255 255 255 0 0 255 0 255 0 255 8 60 0
    255 255 0 7 255 0 0 0 171 0 0 255 0 255 0 255 0 255 0 124 0 162 0
    255 255 255 255 0 255 0 0 255 255 255 0 255 0 255 166 208 0 0 0 255
    255 10 0 241 0 50 192 0 0 0 255 0 255 0 80 0 255 255 119 255 67 255
    255 93 0 0 255 255 0 255 0 255 0 255 255 255 0 0 255 255 0 0 255 0
    255 0 255 0 213 255 157 0 118 86 255 0 0 226 255 255 0 255 0 0 230
    255 255 0 0 0 0 255 255 0 0 0 112 210 255 0 255 143 255 0 0 255 0
    255 0 0 0 255 255 0 0 255 0 0 255 255 255 0 255 0 0 59 255 255 0 255
    0 255 0 0 0 255 35 0 255 0 255 0 255 0 0 0 255 223 255 0 0 255 156 0
    255 0 255 0 255 0 255 255 255 10 0 0 0 242 102 255 0 255 0 255 0 0 0
    255 255 255 0 0 0 0 255 0 89 0 210 192 0 255 255 255 255 255 0 255 0
    162 0 242 255 0 194 255 213 255 0 255 241 0 0 0 255 255 255 255 255
    255 209 255 0 52 0 255 255 209 0 255 0 255 255 255 255 0 0 255 255 0
    0 255 0 0 223 255 255 255 0 255 0 255 0 0 255 255 206 0 0 255 255
    255 6 0 255 255 0 255 255 255 0 0 0 0 255 255 255 255 255 0 40 0 127
    0 255 255 255 0 255 0 255 0 181 255 145 0 255 255 255 0 65 255 66
    255 0 145 255 255 0 0 0 255 126 255 0 0 0 0 255 0 0 255 255 255 255
    0 0 0 0 0 0 0 0 0 230 0 0 0 0 0 0 255 255 0 255 255 48 0 0 255 255
    255 57 0 47 0 255 255 110 0 0 0 226 255 255 255 0 0 0 56 255 199 0
    60 106 0 0 255 0 162 255 255 0 0 0 255 46 0 255 0 255 255 195 51 253
    248 255 0 255 0 0 255 255 255 0 0 255 255 255 0 155 0 146 255 122
    255 255 0 99 0 255 255 255 0 0 49 255 0 0 0 255 245 255 255 0 255 0
    113 255 0 182 178 7 255 255 255 0 255 0 255 0 255 0 255 0 0 210 0
    255 255 251 255 65 255 0 61 161 0 255 207 255 0 0 0 255 0 255 255 0
    0 0 255 25 255 240 0 255 0 255 120 176 255 172 255 0 0 0 168 255 255
    0 0 0 255 255 0 0 255 255 255 255 0 255 0 0 0 0 255 25 255 156 106 0
    0 255 255 255 255 0 17 0 0 0 255 255 200 255 0 255 0 255 143 255 255
    0 0 35 148 255 255 0 255 130 255 0 255 0 15 0 44 255 255 255 0 0 0 0
    255 197 255 255 255 0 0 0 0 0 255 255 255 0 83 111 70 255 0 124 255
    0 0 0 255 255 255 0 70 196 0 0 255 255 255 255 73 0 0 255 241 255
    255 255 0 0 0 255 255 133 255 255 255 0 0 0 0 255 0 0 0 0 255 255 0
    0 0 243 255 255 23 255 0 0 0 255 255 255 255 3 0 90 0 255 255 255 0
    0 255 39 255 96 0 0 255 56 255 0 0 255 255 0 0 255 255 0 86 0 255
    255 255 0 93 255 255 44 0 152 255 0 255 0 255 255 255 255 0 0 255 0
    255 0 255 255 112 255 255 0 255 255 0 255 0 255 0 255 0 255 0 80 255
    255 255 195 0 0 46 0 0 255 255 255 0 0 148 140 0 255 255 255 255 247
    106 0 0 160 64 0 0 255 0 0 0 0 255 0 255 255 255 158 0 50 0 0 0 255
    255 255 0 0 6 105 255 10 204 0 35 255 0 255 0 0 0 255 255 0 255 255
    255 0 255 0 255 255 255 0 0 0 0 255 255 255 255 0 97 255 255 0 0 0
    255 255 255 0 176 159 255 0 0 0 0 255 255 255 0 0 0 0 173 255 0 255
    0 255 255 255 255 80 255 78 0 255 0 26 255 186 255 0 255 232 0 255 0
    255 255 0 0 255 255 0 0 237 255 0 255 0 0 0 0 32 255 0 255 255 255 0
    69 221 255 0 55 0 0 0 255 0 133 138 208 82 66 0 128 0 255 255 255
    240 255 255 0 255 0 255 255 255 0 0 249 0 255 35 255 0 242 0 153 0 0
    195 0 255 255 255 255 0 66 0 255 197 82 0 134 0 255 255 255 0 0 0
    130 255 0 255 141 255 255 0 219 255 0 120 255 0 0 0 255 138 122 255
    0 0 0 83 255 255 255 0 0 255 255 255 0 0 255 255 255 146 105 255 255
    0 0 0 255 255 0 255 0 0 0 44 0 255 0 255 230 255 0 255 255 145 0 0
    255 0 84 0 0 98 84 232 0 0 255 71 255 0 0 255 0 255 75 255 0 0 0 0
    169 255 255 109 255 0 184 0 255 255 255 53 0 0 255 255 255 255 0 255
    0 0 255 255 255 0 0 194 0 187 0 255 35 165 191 255 255 0 46 33 255
    194 255 255 0 0 6 37 0 0 0 53 84 255 97 48 0 255 33 255 6 147 255
    255 151 0 0 255 0 255 0 255 0 255 0 255 255 225 255 255 255 0 44 151
    255 0 255 255 255 0 255 255 0 12 0 134 82 0 23 0 255 255 142 255 255
    0 0 255 255 255 0 0 255 0 0 0 255 255 0 182 255 255 228 0 103 255
    255 255 95 0 146 0 112 0 0 241 174 0 0 0 255 255 0 160 0 0 255 206
    255 0 0 255 255 0 0 0 0 0 255 255 6 255 0 4 0 255 111 130 0 255 0
    255 255 0 81 0 0 0 0 0 255 150 255 0 255 165 136 255 0 0 0 255 145
    255 255 255 0 255 255 0 255 0 0 0 0 144 255 255 255 139 0 0 0 255
    255 0 255 0 80 0 124 3 255 255 0 0 0 255 255 0 0 255 255 0 0 0 255
    255 0 255 0 255 0 255 0 255 255 255 255 59 0 241 255 255 152 0 194
    255 0 255 0 255 0 255 0 0 255 255 65 0 0 255 255 255 0 255 0 255 255
    0 255 0 255 0 157 133 0 255 0 255 0 255 255 255 0 0 0 255 5 255 255
    255 255 0 211 0 121 164 255 15 255 0 65 0 0 255 255 255 0 166 0 0 0
    255 194 125 0 38 0 0 0 168 255 212 255 0 0 255 118 255 0 27 0 255
    153 255 0 0 0 255 75 0 65 0 0 255 255 88 0 71 255 78 255 255 0 0 255
    255 0 0 255 255 255 0 0 0 255 255 0 0 33 255 255 255 255 255 0 255
    212 255 0 0 203 255 0 0 66 0 0 134 16 255 255 229 255 0 0 0 255 255
    170 255 0 0 0 255 0 255 0 41 255 117 0 0 0 249 255 255 0 151 0 255 0
    0 0 255 0 237 0 78 27 255 255 0 234 0 255 216 0 0 0 0 255 0 0 28 255
    50 255 0 0 0 255 255 0 255 0 60 255 255 0 0 39 0 0 0 255 0 255 0 43
    0 0 0 196 130 255 255 255 0 255 197 255 240 0 255 0 0 162 0 255 255
    155 255 0 216 0 0 0 0 255 84 0 238 255 0 167 0 255 255 255 134 0 0 0
    168 255 255 0 255 0 0 0 0 255 0 255 0 170 0 255 255 0 0 0 49 0 255
    255 255 255 255 137 0 143 222 255 255 186 0 12 255 255 0 82 149 77
    255 12 255 255 255 255 0 0 150 0 255 0 0 255 0 254 0 143 255 88 199
    0 196 255 255 255 0 0 255 255 0 0 0 0 255 0 255 255 255 255 1 0 0 0
    0 255 136 0 177 0 255 255 0 0 0 59 247 255 255 255 0 0 0 102 0 255 0
    255 56 255 209 0 0 255 255 255 0 176 255 255 0 255 255 0 0 0 0 0 255
    255 0 255 0 255 0 0 255 0 0 0 0 0 4 255 255 0 255 0 255 0 153 0 0
    255 122 255 0 213 146 0 255 255 255 0 0 41 255 255 0 0 83 255 0 0
    255 255 255 0 0 0 0 0 253 255 255 0 0 0 255 0 0 0 255 255 255 0 0 7
    0 232 0 255 0 0 0 255 0 255 0 255 0 0 76 0 31 255 255 255 255 0 0
    255 251 255 255 255 255 0 52 0 255 183 255 255 0 255 255 255 192 255
    255 255 0 60 0 16 111 255 255 0 0 255 148 0 255 209 209 0 0 0 255
    255 255 255 0 0 0 0 169 255 255 0 215 0 36 255 0 0 255 255 255 255 0
    0 0 255 227 255 255 255 255 255 0 255 0 255 0 31 0 200 0 255 68 255
    0 255 0 218 0 0 221 0 0 255 247 0 0 7 255 0 0 0 255 255 255 0 0 0
    255 255 255 0 102 0 0 255 255 255 0 0 0 255 255 0 245 0 255 255 104
    0 227 255 0 212 115 255 255 255 0 0 0 255 92 0 0 112 255 255 0 0 255
    101 255 255 0 168 0 255 0 232 6 255 0 255 4 255 255 0 0 255 0 42 0 0
    255 255 255 245 255 28 0 255 4 255 0 0 0 179 255 255 0 255 0 255 0
    255 255 255 0 163 255 242 255 0 255 0 0 0 0 0 255 0 0 0 0 242 255
    255 255 0 0 0 255 240 255 255 255 0 0 0 255 255 255 255 255 71 146 0
    0 0 50 0 0 0 0 52 255 255 0 0 255 255 218 0 0 255 120 255 0 255 255
    52 0 255 255 255 255 255 20 0 255 0 255 0 244 0 255 0 255 0 255 255
    255 178 0 255 0 227 18 255 0 171 0 255 0 255 0 255 131 0 255 0 95
    255 255 0 0 255 0 255 0 255 255 0 255 0 255 0 0 255 255 0 255 0 255
    136 255 0 255 126 255 0 255 0 255 96 179 0 255 255 0 0 255 215 255
    191 255 0 255 42 0 255 255 0 193 255 255 255 0 0 194 255 255 255 0 0
    255 255 255 0 0 0 0 143 255 255 255 121 255 26 0 0 255 41 0 255 255
    0 26 255 42 255 255 255 255 0 66 0 0 0 255 240 0 0 255 0 0 255 255
    255 255 0 0 0 255 255 255 255 255 255 0 0 0 255 147 255 150 20 0 255
    255 51 0 255 255 0 0 128 199 0 0 0 255 255 0 0 255 255 0 0 0 255 106
    255 0 255 0 255 255 0 0 0 0 103 255 255 255 72 0 255 255 255 0 0 255
    255 255 0 0 255 38 255 0 255 204 0 0 0 255 0 128 255 251 255 0 0 0
    255 106 0 169 255 255 255 255 255 123 0 0 0 55 255 255 180 0 255 26
    255 255 43 255 243 0 0 0 255 0 0 0 255 255 0 255 255 255 255 255 89
    0 0 145 0 148 255 255 255 0 0 0 255 0 0 0 79 255 192 255 0 0 179 255
    0 255 0 182 152 255 255 0 0 255 166 0 255 255 0 0 218 84 255 255 255
    255 255 255 0 0 255 0 0 0 0 0 208 255 248 0 255 0 0 0 255 255 255 0
    255 0 39 0 255 255 255 0 0 0 0 255 255 150 239 250 255 255 255 255 0
    0 107 0 255 255 0 0 29 255 132 109 52 10 0 255 255 255 0 255 244 255
    0 255 0 0 32 202 255 255 0 255 0 255 0 255 0 255 0 182 255 0 49 255
    0 61 45 255 0 116 0 0 0 0 0 255 255 255 44 255 0 255 0 255 159 255
    108 255 70 255 255 0 255 99 0 255 0 255 0 255 237 120 140 0 0 255
    255 230 255 0 0 47 255 255 255 255 0 255 0 255 0 255 255 255 0 255 0
    161 0 255 255 119 45 255 255 6 0 1 255 255 0 0 255 255 82 255 6 255
    0 0 255 0 0 0 30 255 255 0 0 0 255 0 103 32 0 0 0 0 0 255 255 255 0
    0 240 255 255 255 0 2 255 0 0 0 255 255 255 255 0 0 0 0 129 0 0 37
    255 255 0 0 196 0 255 0 255 255 176 0 0 0 0 255 0 0 0 255 0 255 0
    255 0 17 0 0 0 255 136 255 255 255 255 0 0 255 255 255 0 85 0 255
    255 109 143 78 0 255 255 255 255 255 255 0 255 0 255 255 0 255 176
    255 0 135 255 252 0 0 255 255 0 0 152 0 0 255 255 255 0 0 225 186
    130 143 255 0 255 0 255 255 255 255 0 0 0 225 0 255 0 0 0 33 255 105
    255 0 0 0 0 0 174 0 0 255 255 0 0 0 0 0 141 192 255 48 0 0 178 0 0 0
    255 0 255 255 255 255 255 255 255 91 152 0 255 0 255 255 255 0 42 0
    2 203 255 0 0 255 7 255 58 73 112 0 112 255 255 0 255 0 0 0 255 255
    236 255 255 0 255 255 255 184 0 61 0 173 255 255 209 0 177 25 5 0 0
    255 0 255 255 0 0 0 0 255 255 117 255 47 255 0 0 255 0 255 0 206 255
    48 204 0 0 255 0 0 0 0 0 110 69 255 0 0 0 174 255 0 255 0 255 0 255
    0 255 0 0 0 255 0 0 255 0 255 0 125 255 255 0 218 159 215 0 42 0 255
    0 0 255 139 255 209 0 0 255 0 255 0 0 216 0 255 0 255 43 255 255 15
    0 160 0 255 255 255 0 164 0 255 113 0 255 0 255 225 0 144 0 255 238
    255 229 0 185 0 0 255 255 255 255 92 36 0 114 0 0 0 0 0 255 255 0
    255 0 255 0 0 255 239 147 0 0 255 0 0 0 255 255 202 0 0 255 0 255
    255 0 0 0 0 255 255 0 0 0 255 255 255 17 0 252 255 255 110 0 0 255
    255 0 255 0 0 0 0 222 255 0 255 0 27 126 225 255 219 40 0 0 165 255
    255 0 0 255 0 0 0 255 255 0 255 0 255 207 255 255 0 51 0 120 255 178
    255 0 106 116 255 0 147 0 199 255 255 255 0 255 252 255 0 0 168 255
    169 0 255 0 255 0 134 255 255 255 255 255 255 0 0 51 0 255 0 0 152
    255 255 0 255 255 255 255 0 0 0 255 0 0 85 164 0 255 255 0 255 0 255
    0 244 0 0 255 255 255 0 0 0 0 255 0 255 103 255 41 255 184 0 166 255
    108 0 0 255 122 212 255 75 213 255 0 0 183 0 0 31 255 198 0 0 13 0
    255 255 255 0 0 0 255 161 255 0 0 0 255 0 133 255 56 0 255 0 117 0
    182 0 0 159 0 0 255 0 255 0 255 0 0 255 198 0 144 255 94 0 0 255 255
    255 0 0 255 255 255 255 0 255 0 0 255 255 28 255 0 79 0 255 255 150
    255 0 106 0 0 0 0 255 255 0 0 0 0 255 0 255 0 255 0 77 255 255 0 255
    0 231 0 93 45 142 0 0 255 255 255 0 255 0 255 0 255 255 0 122 0 0
    255 255 255 0 131 23 255 0 255 255 255 229 56 255 0 0 0 255 55 255 0
    255 0 0 0 255 0 255 0 133 255 0 0 0 255 0 255 149 255 0 0 0 255 255
    0 255 0 255 0 0 0 0 0 0 211 0 0 0 0 31 255 224 255 255 0 0 0 255 64
    0 255 0 255 0 255 117 0 201 0 124 0 0 255 0 255 255 0 0 0 0 255 0
    255 255 255 0 0 0 255 255 255 255 0 255 255 0 255 0 255 255 255 0
    255 255 78 0 255 255 255 255 0 0 0 219 77 255 255 255 255 216 223 0
    214 255 255 0 0 255 0 255 0 15 0 255 0 255 0 0 255 255 255 106 255 0
    104 0 0 255 0 0 0 255 255 0 0 125 106 255 255 0 0 0 255 140 255 0
    255 0 0 255 255 0 0 0 0 255 255 255 0 0 209 61 255 41 0 151 209 0
    255 0 0 255 255 0 181 0 255 255 0 0 85 238 0 0 0 255 238 106 0 255 0
    107 254 0 0 47 0 0 0 245 255 123 230 0 255 255 255 0 0 36 0 255 255
    118 0 255 111 0 0 255 255 0 0 255 40 78 0 255 0 255 0 255 255 255 0
    255 0 0 255 160 0 198 0 255 0 255 0 255 0 255 255 255 0 126 102 0
    255 0 255 217 255 0 47 255 255 255 0 0 39 255 0 113 255 255 255 0 14
    0 0 0 255 0 255 0 0 192 37 255 0 50 255 255 206 0 42 0 0 0 255 255
    112 248 0 255 255 255 255 0 0 255 0 255 78 255 0 0 255 255 0 0 0 255
    228 0 255 0 64 128 255 255 255 68 0 0 255 0 0 0 0 194 0 255 255 255
    0 65 49 255 0 255 0 0 0 255 255 255 255 144 255 0 0 255 0 255 0 255
    255 255 0 255 0 255 255 255 255 0 0 131 255 0 46 0 255 0 255 0 255 0
    147 0 255 0 49 0 255 185 255 66 186 0 0 0 155 255 59 255 0 0 0 255
    255 132 172 255 183 0 255 65 0 0 0 255 0 255 0 255 255 255 0 0 123 0
    0 0 0 0 72 255 255 0 255 0 200 255 255 50 0 255 255 255 0 0 255 255
    255 118 255 0 0 0 255 255 0 0 255 219 255 0 255 0 18 255 255 255 178
    255 196 203 255 0 0 255 132 255 255 255 112 0 0 0 0 0 255 0 0 0 72
    175 255 92 255 255 0 255 0 0 255 0 255 0 0 104 255 255 0 244 255 0
    255 0 0 0 255 255 255 0 184 0 255 0 255 0 0 0 97 255 0 0 4 255 57
    255 229 255 0 0 255 0 255 0 141 0 255 45 255 255 255 255 255 0 0 0
    45 22 255 9 72 0 255 255 109 255 255 255 0 255 0 0 0 32 255 255 255
    255 0 0 0 255 0 18 0 255 255 0 0 255 255 255 37 0 255 0 255 0 255
    255 195 255 0 255 0 255 146 0 255 255 34 255 255 0 0 0 3 0 0 0 164 0
    0 0 255 0 0 0 255 0 255 255 255 255 179 255 177 0 0 255 0 255 0 222
    255 255 85 62 0 0 0 255 255 255 0 234 0 255 0 0 0 0 0 0 0 255 255
    158 59 255 255 55 255 0 255 255 255 0 255 0 255 255 0 255 20 255 130
    255 94 127 0 163 0 0 0 255 0 255 255 255 249 0 0 0 255 232 197 13
    255 0 0 255 0 237 255 0 0 255 0 255 0 255 0 255 0 255 0 255 255 0
    255 55 140 162 255 231 0 255 0 0 0 255 0 255 0 0 255 255 255 0 0 255
    0 255 255 255 255 0 255 255 255 0 0 255 255 255 255 0 0 0 190 13 22
    0 0 0 255 0 112 255 255 255 0 255 255 0 2 0 0 255 140 0 0 255 255 0
    0 0 255 137 0 255 255 255 0 255 0 0 0 255 0 5 221 250 0 255 255 120
    255 0 255 241 123 255 0 17 167 0 255 255 255 0 0 0 17 0 255 211 0 0
    0 63 0 255 0 35 60 0 0 255 0 0 123 177 0 179 255 161 0 0 255 255 0 0
    242 255 0 255 155 255 255 0 0 0 255 255 255 147 255 95 255 0 0 0 255
    255 255 255 166 167 255 158 0 0 0 255 255 255 0 0 238 0 255 95 0 0 0
    255 142 255 0 27 0 255 255 255 255 0 0 0 182 0 255 255 255 0 0 0 0
    104 0 255 211 0 0 39 255 255 137 255 0 0 155 0 255 255 255 0 0 0 0 0
    255 255 0 255 0 0 180 255 255 116 58 0 213 255 255 255 0 255 222 0 2
    255 0 174 0 255 6 255 255 255 255 0 204 0 0 253 255 255 74 0 255 255
    0 0 255 0 255 0 0 255 255 255 0 255 255 255 0 62 0 0 182 59 0 0 255
    255 0 255 0 0 255 218 255 0 255 0 255 0 255 54 255 255 255 0 36 0
    170 0 255 255 255 255 255 0 208 150 255 0 255 0 255 255 255 0 0 255
    255 189 255 0 255 0 255 0 0 0 255 30 255 0 0 171 255 0 255 30 194
    255 110 255 255 255 115 255 255 0 0 0 255 255 0 0 255 0 255 217 255
    255 0 255 0 255 52 0 255 19 0 0 77 206 255 0 13 0 255 0 117 255 47
    255 255 0 0 12 0 0 0 213 255 255 255 0 0 0 0 255 0 255 0 19 0 255
    255 255 244 255 0 255 255 255 255 0 212 68 251 0 255 128 255 255 255
    255 191 0 255 255 255 255 172 0 0 206 0 109 246 255 0 0 109 255 0 0
    255 139 211 0 255 211 0 0 0 129 0 255 0 255 170 137 255 0 0 0 255 0
    0 255 255 0 0 255 178 42 44 54 0 197 0 0 255 255 0 243 0 234 0 0 0
    255 240 255 0 255 0 255 0 255 0 0 13 160 0 0 255 255 255 0 0 0 0 255
    0 255 0 255 0 255 255 255 0 0 125 255 51 0 176 136 138 0 255 255 255
    0 0 0 255 44 255 0 0 95 0 0 0 255 255 255 255 0 73 253 255 89 255 0
    29 0 255 173 255 116 0 0 0 255 0 255 24 255 52 110 38 0 0 255 255 0
    0 255 255 255 255 0 0 0 0 255 255 255 0 0 104 0 0 0 0 255 84 255 0 0
    0 255 255 255 0 0 0 0 0 255 119 255 185 0 206 0 255 0 255 255 0 0 0
    255 174 0 0 255 255 0 255 0 220 0 100 0 64 255 255 0 0 0 255 255 108
    33 255 255 91 255 255 255 255 0 0 255 0 255 0 255 255 0 0 255 0 0
    221 0 169 0 26 255 161 255 116 255 0 0 0 57 255 0 255 0 255 255 255
    255 255 216 255 0 18 88 0 255 255 0 0 234 0 0 0 255 156 255 255 0 5
    0 255 255 0 57 0 255 255 255 0 255 255 0 0 0 255 254 255 255 255 255
    0 0 255 138 255 0 255 0 255 0 255 0 255 0 255 0 250 255 255 0 0 0
    255 0 255 44 0 184 255 35 0 255 88 141 0 0 255 255 255 0 206 255 39
    0 0 255 255 0 255 0 255 0 0 0 255 255 248 255 0 0 33 255 0 196 255
    255 255 255 226 50 255 0 168 255 0 0 0 0 255 108 166 255 255 239 255
    0 81 0 255 0 255 255 98 119 255 255 9 0 0 0 0 255 255 255 0 0 133
    255 93 255 255 255 0 0 0 255 0 0 0 0 255 0 255 0 255 0 0 0 255 255
    255 255 91 245 255 0 0 255 255 0 255 255 139 0 21 255 255 0 0 255 0
    164 255 145 0 0 0 255 255 0 0 0 255 255 255 52 255 255 0 255 0 0 255
    255 197 108 0 255 255 242 0 230 255 0 0 0 0 255 255 255 255 151 214
    0 0 137 242 255 255 144 255 255 131 0 255 0 255 0 255 0 0 0 255 255
    255 90 0 255 0 0 0 90 255 255 255 255 144 0 0 255 135 255 0 255 0 0
    33 255 204 164 252 255 0 255 149 255 0 255 0 0 0 0 255 0 0 0 255 254
    255 0 197 0 255 0 0 0 255 255 0 0 0 136 143 255 78 255 0 0 255 255
    138 244 255 255 0 0 8 255 114 0 132 16 0 255 255 0 178 0 240 255 255
    0 0 0 255 0 255 255 10 35 192 255 0 255 255 0 0 255 255 119 0 255 0
    7 255 255 0 255 0 69 0 217 255 255 255 235 255 255 0 0 0 255 185 0
    255 255 255 0 0 0 255 255 255 0 0 149 0 255 0 255 0 255 255 0 255 0
    0 0 255 0 255 193 255 0 128 0 255 0 3 0 255 255 181 255 255 254 0
    255 63 255 0 255 85 255 0 109 255 0 0 0 0 255 0 255 0 0 255 0 255 0
    255 255 0 0 0 210 188 255 0 255 255 255 255 0 0 255 0 0 0 210 198
    255 191 0 255 0 255 0 255 94 13 255 0 255 28 0 255 0 255 255 0 0 0
    255 255 231 0 102 255 0 0 50 0 255 0 0 0 255 255 0 0 255 255 255 196
    0 13 143 255 255 255 19 255 255 255 0 255 143 50 0 255 255 255 0 0 0
    0 0 0 0 0 255 255 0 0 0 0 107 255 33 0 255 255 255 0 255 255 0 0 0 0
    255 84 255 0 0 163 0 0 255 255 255 0 0 255 255 0 85 30 255 255 0 62
    5 0 134 245 255 121 93 255 0 255 0 19 0 255 0 126 0 255 255 255 255
    150 0 0 183 255 0 255 255 0 255 0 140 129 255 109 255 0 255 0 255 0
    0 178 255 99 255 41 0 255 43 255 255 255 0 255 255 232 0 100 255 255
    99 0 20 255 255 255 0 0 0 255 255 0 125 0 255 255 75 25 0 0 62 255
    255 0 0 255 255 255 0 0 0 171 255 127 160 0 0 0 255 83 255 255 165
    255 209 0 43 255 0 0 119 255 98 255 255 0 255 156 255 0 0 0 255 255
    185 251 255 255 255 22 195 255 255 0 197 92 169 236 212 0 0 255 97 0
    255 255 255 30 123 0 197 255 255 0 255 155 0 255 155 0 174 0 255 255
    0 0 0 255 0 255 255 212 72 255 181 0 255 71 255 0 255 0 255 0 255
    255 90 255 53 0 255 255 249 255 211 0 29 0 255 192 255 0 0 255 0 0 0
    255 0 0 255 255 0 0 0 255 255 51 255 255 37 0 0 0 0 52 212 203 255 0
    255 0 255 0 255 0 255 196 255 0 255 255 255 255 0 0 255 255 255 12
    255 0 187 73 255 255 255 0 209 0 0 175 255 255 255 109 255 255 255 0
    0 0 255 0 255 255 255 207 0 0 0 0 255 255 255 255 255 0 0 0 39 255 0
    0 222 0 0 255 255 0 255 0 255 0 0 110 196 0 255 255 6 198 0 127 0
    255 255 0 110 0 255 0 255 0 255 255 255 255 255 0 0 174 0 87 0 255
    44 255 255 217 255 0 255 0 255 0 255 0 255 0 61 255 255 255 0 255
    255 255 255 0 255 0 9 0 0 0 255 255 150 0 202 255 91 255 171 168 0
    26 0 0 0 255 0 255 0 151 0 0 255 244 0 255 0 245 255 0 0 255 255 255
    0 0 0 0 0 0 138 255 0 0 0 97 50 0 34 72 232 255 255 0 0 132 212 0 0
    0 0 255 255 0 0 2 203 255 0 0 0 255 18 255 0 255 159 255 0 255 0 255
    0 0 0 255 255 154 255 0 255 0 255 102 139 192 255 0 160 255 0 0 0
    255 0 255 255 0 255 255 255 255 0 0 255 255 0 0 0 0 255 255 0 0 0
    255 255 0 0 0 0 0 0 255 0 222 0 217 0 197 255 172 255 0 255 0 0 0
    175 0 111 0 255 0 0 0 255 0 0 0 255 82 255 0 255 185 0 0 255 255 0 0
    255 255 0 0 0 146 0 255 255 255 255 253 188 0 0 255 255 0 0 255 0 0
    0 0 255 0 0 0 255 255 142 0 255 246 149 0 255 255 0 48 218 0 0 36
    255 255 0 0 255 255 100 255 0 0 255 255 0 0 255 255 255 0 255 0 255
    0 0 255 0 0 0 255 255 150 255 220 0 0 0 42 255 255 0 255 0 255 23
    213 0 255 255 0 93 0 255 155 0 148 255 0 0 255 0 252 0 0 0 0 255 0
    255 255 255 0 0 255 255 42 0 0 245 255 197 255 0 255 36 20 255 0 0 0
    255 0 0 0 255 255 193 0 0 255 255 0 0 0 0 55 0 255 255 255 0 255 255
    255 0 0 0 255 255 255 0 255 0 0 255 0 0 0 185 0 0 255 255 255 0 0 0
    255 0 255 0 54 255 255 0 0 255 255 255 255 255 0 158 255 0 0 255 123
    0 0 255 0 255 0 255 227 255 215 0 255 0 255 0 0 0 0 255 115 255 40
    255 255 0 0 0 70 0 99 0 0 89 255 255 255 218 255 209 210 0 0 76 89
    255 0 255 173 0 0 0 255 255 88 255 0 234 255 255 0 0 237 0 255 23
    216 213 255 0 255 255 0 255 0 255 84 255 0 132 0 255 80 11 0 0 255
    255 102 0 0 255 54 255 114 255 0 255 255 255 0 0 0 255 255 9 0 255 0
    236 233 186 0 255 0 0 180 255 185 0 0 0 255 0 110 62 255 255 255 255
    0 0 255 255 255 255 97 0 0 255 148 255 66 8 0 0 255 0 0 255 0 255 78
    255 255 211 255 255 0 255 174 255 0 255 255 204 0 45 255 255 33 0 0
    255 255 0 0 0 255 255 85 0 0 247 238 161 222 255 0 0 0 255 255 6 255
    0 0 255 255 255 255 191 255 0 0 255 255 252 255 0 88 0 255 0 255 40
    255 94 0 0 255 0 32 0 255 53 144 0 255 255 0 255 0 255 0 255 202 218
    250 255 12 255 0 255 255 255 255 0 255 0 0 0 255 255 255 255 255 0
    19 0 255 0 255 0 255 0 255 88 255 255 255 255 0 255 0 255 255 0 0
    204 255 44 0 0 0 217 255 103 255 255 255 72 0 0 0 255 38 255 180 52
    51 0 255 255 112 0 0 255 255 0 255 135 255 255 255 0 0 85 255 1 255
    255 0 255 0 235 43 255 255 80 255 0 222 0 0 175 255 255 255 105 0
    255 0 255 0 255 255 106 0 0 41 255 0 0 92 51 230 236 79 0 0 255 255
    255 255 83 255 108 255 101 0 0 255 0 201 255 255 0 255 0 0 255 0 0
    204 255 255 0 0 255 255 255 20 255 0 255 6 0 0 251 255 255 255 255
    80 255 0 0 0 165 255 255 255 0 0 255 0 255 0 0 16 0 255 0 255 0 255
    0 0 0 255 0 174 104 0 255 255 255 236 255 133 255 255 132 0 255 0
    255 0 247 255 255 0 234 0 255 0 168 255 0 135 0 255 255 255 255 255
    117 0 0 0 157 255 255 255 0 0 0 32 0 171 255 0 0 255 223 0 0 0 0 255
    255 255 0 255 0 0 0 0 0 255 255 160 0 211 0 255 255 0 0 0 255 255
    255 0 245 255 255 132 255 0 73 0 116 0 255 255 255 255 255 196 77
    255 0 0 255 115 199 255 0 255 0 255 255 40 109 255 0 255 125 0 255 0
    0 255 255 255 0 0 255 255 77 255 255 255 0 0 0 255 240 255 255 16 0
    0 255 255 255 0 7 0 255 0 255 0 158 129 255 0 255 131 255 255 0 0
    161 255 255 103 255 0 178 255 255 0 0 0 255 65 255 255 255 0 0 255
    255 0 0 255 255 0 255 255 255 255 255 255 0 0 0 255 1 230 255 255
    106 0 77 0 255 255 177 255 0 0 132 0 255 255 255 0 255 255 255 0 137
    149 0 0 255 255 0 0 148 255 0 0 214 255 6 0 0 255 0 0 0 255 255 255
    0 0 255 178 255 0 0 255 255 255 0 0 255 72 255 0 255 0 0 255 255 255
    252 0 255 255 181 0 0 255 0 255 255 0 224 133 255 0 255 28 255 121
    255 0 61 0 255 0 255 0 240 0 255 0 0 255 255 135 96 255 73 255 255 0
    0 0 0 255 255 255 255 0 255 0 0 0 0 0 0 103 252 0 0 19 0 255 255 166
    43 255 38 255 0 255 0 255 0 255 0 255 119 255 255 255 0 107 0 255 68
    255 255 0 0 0 255 255 255 0 181 0 0 255 0 255 0 255 0 255 0 0 0 255
    54 200 0 0 0 0 255 0 255 0 255 0 255 80 241 0 0 0 196 0 247 255 230
    255 0 16 255 255 0 46 227 255 255 0 247 0 255 0 0 255 226 220 255 0
    0 255 255 255 0 0 65 185 0 0 0 0 255 187 29 0 255 0 166 49 230 33
    255 0 255 106 0 255 0 255 0 255 0 255 255 146 255 0 255 0 255 255 70
    0 214 0 255 0 255 0 255 117 255 255 0 255 255 0 255 255 70 255 0 244
    0 255 0 109 0 61 255 255 1 0 0 0 255 255 255 175 0 0 50 250 0 255 0
    255 0 255 8 255 255 255 0 0 0 179 60 255 0 255 0 26 255 0 255 0 255
    255 111 0 0 0 255 84 255 0 119 0 255 0 255 0 255 0 255 45 255 12 0
    255 255 255 199 255 0 255 0 255 255 0 0 145 0 255 255 84 0 108 0 255
    255 255 0 255 0 51 0 255 0 255 255 0 0 0 216 0 0 255 255 0 0 0 255
    57 105 0 255 0 255 0 0 255 0 0 0 0 0 255 255 0 0 0 255 0 255 0 255
    125 37 0 16 0 255 255 103 0 0 255 255 0 216 120 157 0 0 255 255 255
    0 255 0 152 0 36 255 0 0 92 184 0 64 0 0 255 255 255 0 0 0 0 255 0
    255 0 0 0 255 255 0 0 0 255 255 255 0 255 0 255 0 255 0 255 232 136
    0 0 0 255 0 184 255 255 255 0 0 0 255 255 255 0 255 91 255 255 0 255
    255 238 255 0 255 255 0 255 244 186 0 255 255 0 0 0 207 0 255 255 0
    0 0 255 71 89 227 0 0 0 0 255 0 0 0 0 92 0 255 255 255 255 0 66 255
    0 186 19 255 0 0 172 255 255 19 0 255 0 49 255 99 23 0 0 0 0 50 173
    219 255 186 255 255 0 0 0 255 255 0 255 0 255 255 0 65 0 192 0 151 0
    0 0 0 0 255 255 255 0 0 255 255 255 0 0 199 255 0 122 255 0 0 0 255
    255 255 255 0 0 0 0 238 255 19 0 144 206 184 0 255 0 255 0 255 255
    50 182 0 0 255 200 104 0 255 255 0 255 0 255 255 255 255 0 0 0 222
    83 0 0 255 234 0 255 255 0 255 241 255 0 255 125 0 188 255 0 0 214
    190 255 255 0 0 0 255 255 177 0 213 0 255 0 255 221 255 0 203 0 76
    96 118 0 0 0 255 255 33 255 0 255 0 255 255 0 181 255 0 255 0 42 122
    169 255 6 0 0 255 255 255 255 0 50 255 255 0 255 0 0 149 0 255 51 0
    143 255 255 255 255 0 0 0 0 4 0 0 255 30 92 0 255 0 255 255 142 255
    255 0 0 200 255 255 0 0 245 0 0 255 255 0 0 255 255 0 122 255 255
    255 0 0 0 255 255 255 0 255 0 0 255 255 0 255 187 255 0 0 255 255
    255 255 255 0 117 0 255 0 105 255 255 0 255 255 255 0 188 0 255 0 0
    165 6 255 0 206 0 255 255 255 0 0 255 109 255 0 255 0 255 0 255 0
    255 0 0 0 255 0 0 255 255 10 0 156 0 255 255 0 0 7 255 105 0 255 50
    255 255 0 231 0 255 0 255 0 255 0 255 255 255 0 255 0 136 255 0 0 0
    0 164 0 255 0 113 255 0 0 0 255 255 0 0 49 0 0 165 0 166 0 0 255 255
    255 0 255 0 255 0 255 255 255 255 115 0 255 255 0 0 255 255 0 0 47
    225 0 255 0 0 0 255 255 255 0 255 0 206 0 157 24 255 255 255 94 188
    255 0 255 0 0 255 255 255 0 0 0 166 0 255 0 255 7 242 0 255 0 0 255
    255 201 49 162 56 0 213 0 255 255 255 0 0 255 255 39 255 0 255 0 0
    255 255 0 42 0 0 155 255 255 0 0 0 255 0 255 24 0 0 255 255 255 0
    174 255 49 255 109 0 140 0 0 255 255 196 0 0 103 255 255 255 93 255
    57 255 0 255 0 255 17 255 0 166 0 0 255 255 0 0 0 0 86 255 0 0 0 33
    214 255 114 0 0 255 255 255 255 255 225 0 0 0 255 255 255 223 255 0
    65 228 255 160 255 0 0 255 0 165 73 0 0 0 255 255 0 0 0 0 140 255
    255 95 97 0 0 0 42 255 255 0 0 255 77 255 5 0 0 0 255 25 255 0 56 0
    255 255 255 0 0 0 255 255 255 255 0 0 40 255 255 0 0 255 255 255 0 0
    0 255 255 63 0 0 255 0 0 255 255 255 241 0 0 0 255 255 223 0 148 255
    255 0 0 0 255 113 255 0 255 255 255 255 255 255 0 0 0 0 255 89 255
    32 255 94 255 0 255 0 255 255 255 255 0 0 0 255 255 0 0 0 255 255
    255 255 0 255 255 255 255 238 0 0 255 255 255 255 0 255 255 213 255
    0 55 255 173 255 0 255 255 255 255 0 255 0 255 255 166 0 0 255 0 255
    174 0 0 255 227 0 255 149 21 0 0 0 0 0 0 255 176 255 255 255 255 0
    114 0 0 255 255 0 255 0 0 0 0 131 0 255 212 255 0 20 0 255 255 0 255
    0 51 0 255 0 255 0 0 98 0 0 0 255 0 0 0 255 255 255 255 255 0 0 24
    227 0 13 255 255 0 237 0 255 11 255 0 0 255 0 255 179 188 255 0 0 0
    255 174 255 0 255 255 255 0 171 255 255 0 129 47 255 0 0 0 0 255 255
    255 0 255 0 255 0 155 0 229 236 255 255 255 255 148 255 217 255 14
    255 0 255 12 255 255 255 0 0 104 0 0 164 0 0 0 255 129 0 0 0 167 255
    255 0 75 0 186 6 0 0 255 255 255 255 0 255 255 255 0 0 225 150 0 0 0
    153 255 0 255 42 255 0 0 255 10 152 255 255 114 80 0 255 212 138 0 0
    0 0 223 122 255 255 255 0 0 179 255 255 255 255 174 0 0 255 255 255
    0 0 0 126 255 0 255 255 0 255 0 92 255 0 0 0 95 31 131 255 0 255 95
    255 0 255 0 157 0 0 0 5 90 0 255 183 255 0 0 255 0 255 124 0 255 255
    255 59 255 255 17 0 0 0 255 0 0 0 255 0 0 0 255 255 0 255 183 255 52
    133 0 0 0 0 255 255 255 0 0 0 155 0 0 255 255 30 255 255 0 255 0 0 0
    255 255 187 0 0 0 177 255 0 255 0 0 0 255 0 175 0 0 255 255 255 255
    109 0 255 38 127 0 0 20 243 255 0 255 0 0 0 255 255 255 0 0 255 255
    255 6 0 0 0 255 0 0 99 255 0 255 0 0 0 255 0 0 0 0 172 0 208 255 255
    0 3 108 255 0 0 0 0 255 0 28 5 0 255 255 255 0 255 0 255 187 255 255
    0 0 0 37 255 255 255 0 255 0 255 0 255 0 0 0 255 255 111 0 0 0 255 0
    255 0 255 0 19 184 208 0 255 0 0 255 150 145 0 255 255 0 255 255 0
    255 0 255 87 255 0 0 0 255 255 255 255 255 200 0 0 0 255 0 255 0 255
    255 255 52 150 0 255 145 255 0 196 124 133 0 39 255 0 0 255 0 255
    255 3 0 0 0 164 255 124 255 0 0 0 255 0 255 255 255 0 0 255 255 0
    255 233 255 255 0 0 211 255 255 0 255 0 100 0 241 255 0 255 0 255
    255 106 0 184 143 0 0 0 255 0 0 0 255 166 255 0 104 0 255 240 255 0
    255 247 255 73 42 255 0 255 255 255 68 0 9 131 28 101 255 255 255 0
    0 187 0 0 255 255 255 0 255 0 0 0 255 255 255 181 0 0 255 76 255 255
    255 0 0 0 0 255 255 255 0 255 255 255 0 255 45 0 255 255 187 85 255
    67 0 95 255 0 3 0 255 0 255 255 255 0 22 255 0 149 255 255 0 0 255
    255 255 0 181 123 255 0 255 0 255 255 0 183 0 0 0 0 171 255 255 255
    248 255 0 68 0 255 32 0 255 0 0 255 255 255 0 0 0 78 41 0 0 0 255
    255 255 255 0 0 255 255 255 0 255 255 136 0 0 0 37 38 255 0 255 0
    255 0 0 0 0 135 0 255 149 0 46 0 60 0 255 255 255 0 0 0 19 255 255 0
    92 77 255 0 0 142 255 255 255 0 255 255 229 0 0 0 0 176 255 255 0
    198 91 255 0 0 255 0 0 0 0 255 0 255 255 199 255 0 255 160 141 0 255
    255 255 0 0 255 255 0 109 255 137 0 227 255 0 224 0 0 0 255 209 255
    255 255 0 255 255 255 255 0 255 0 0 0 255 10 255 255 255 0 36 255 0
    255 255 255 1 0 0 255 255 255 0 255 0 60 0 255 255 76 255 0 0 74 255
    74 255 0 255 0 255 0 0 204 255 0 0 0 255 224 0 0 0 255 255 0 255 0
    255 64 177 255 0 0 18 52 255 255 0 0 235 255 255 0 0 0 255 255 220
    130 255 0 0 150 255 0 255 255 255 0 113 0 255 169 255 0 0 0 0 0 53
    255 255 0 126 0 255 255 0 255 195 225 255 255 174 0 255 255 255 255
    255 255 0 226 0 255 0 0 255 255 0 45 255 149 255 0 255 0 255 149 171
    255 2 0 0 0 0 135 255 0 0 0 255 25 0 255 0 0 0 255 0 176 110 255 255
    89 255 0 242 0 0 0 255 0 0 110 255 0 0 104 0 255 0 255 0 60 0 0 255
    0 255 0 0 255 255 255 69 255 122 0 194 0 255 255 229 0 255 255 255
    60 255 0 255 0 255 0 255 0 255 0 255 0 176 51 255 0 255 0 0 255 255
    1 255 0 255 0 198 0 0 0 0 255 255 255 0 7 255 0 0 255 0 255 0 255 0
    130 255 0 255 0 0 63 0 255 0 0 0 246 255 0 0 0 255 124 255 255 255
    255 9 255 0 255 255 255 255 0 0 255 0 0 0 0 255 255 255 232 255 0
    255 0 0 0 255 255 255 0 0 255 0 0 0 255 0 219 255 255 0 154 0 255 0
    29 0 255 255 255 0 255 0 255 46 255 255 255 0 255 212 115 0 255 0
    255 255 255 49 0 0 114 255 255 0 0 0 165 255 255 0 0 255 255 0 0 0 0
    255 0 0 220 255 0 0 255 255 255 255 0 0 0 255 142 255 0 222 255 255
    255 255 49 0 0 255 255 255 71 0 230 0 0 210 255 255 255 0 0 0 255
    193 255 0 255 0 0 255 0 229 42 28 137 0 255 255 0 75 0 255 255 0 0
    255 28 255 135 196 0 118 0 255 0 99 0 0 0 255 0 255 0 0 0 0 255 0
    255 0 255 0 0 255 103 0 255 255 255 255 0 148 255 90 224 9 255 255
    255 0 212 0 0 0 0 0 255 255 196 131 255 38 107 0 0 0 204 0 0 0 255 0
    191 255 255 0 0 0 255 255 0 0 255 45 0 0 255 255 255 0 255 255 255
    139 255 0 255 0 255 0 0 0 255 0 0 0 255 0 255 7 0 0 183 255 255 83 0
    255 0 255 0 0 181 180 87 255 235 255 0 255 0 0 0 255 0 255 0 255 0
    255 0 255 23 255 255 255 0 17 0 64 90 0 0 255 0 0 0 255 0 0 255 0 0
    0 255 0 255 121 255 255 204 0 0 255 255 255 0 0 0 163 255 63 0 0 0 0
    255 150 255 0 0 247 0 196 0 255 255 255 255 0 28 188 27 0 255 255 0
    255 0 177 0 255 255 252 63 0 30 255 199 255 0 0 0 0 255 255 255 0 0
    0 0 255 255 255 255 174 255 0 0 0 255 255 0 0 238 255 0 0 0 0 255
    255 255 29 255 0 32 0 255 69 255 255 255 0 160 0 255 255 255 0 0 235
    255 255 146 45 255 255 0 255 255 255 0 0 120 255 255 84 0 0 255 189
    255 255 51 0 29 255 255 0 255 255 255 255 0 139 0 158 0 0 0 165 0
    255 255 234 0 102 255 0 0 0 255 0 255 255 255 255 0 0 255 0 255 0
    195 255 255 0 0 255 0 255 0 0 0 255 255 0 0 0 0 0 93 255 255 0 0 0
    253 255 255 0 0 0 255 255 0 255 255 100 0 0 255 0 255 0 180 23 230
    255 40 62 0 255 255 0 0 255 255 0 0 255 255 255 0 255 255 255 13 0
    220 255 255 0 0 255 255 255 255 164 0 204 0 255 255 28 199 0 0 255 0
    250 0 255 255 0 255 0 43 64 47 255 0 0 255 255 0 255 0 255 59 255
    255 0 128 0 255 0 255 0 0 255 0 255 0 71 59 255 28 255 255 255 14 0
    0 0 0 0 195 255 255 255 255 89 255 239 255 0 255 0 196 0 255 0 255 0
    255 52 255 0 255 0 125 209 255 255 0 0 255 255 0 0 66 255 27 255 220
    0 0 255 0 255 255 255 255 255 255 0 217 0 38 3 255 255 0 255 0 255 0
    53 255 255 255 136 169 132 0 0 255 0 94 0 0 0 255 255 164 65 242 212
    255 176 0 0 255 0 255 0 0 209 255 255 0 0 111 0 255 0 16 0 255 255 0
    255 38 171 0 255 255 255 0 255 255 255 0 0 255 0 0 0 255 255 0 0 12
    255 0 237 0 255 0 255 96 0 255 255 0 255 130 255 43 255 255 0 0 255
    0 212 0 0 255 0 0 0 0 255 46 0 60 255 255 255 0 179 0 255 221 0 0 0
    71 0 255 0 111 255 255 0 251 245 43 0 57 255 255 0 0 107 255 0 221
    255 0 255 0 255 255 255 196 0 189 0 0 0 210 255 0 0 0 0 0 255 255
    239 0 0 255 255 150 255 227 255 255 106 0 0 255 255 255 0 0 0 111 0
    255 66 255 0 115 0 255 255 0 0 0 255 254 0 0 0 255 178 255 0 255 255
    255 0 0 0 0 255 0 221 0 255 255 0 0 0 255 255 0 0 0 0 0 255 0 0 0 0
    255 0 255 53 255 0 0 0 255 214 255 255 255 0 255 0 255 3 255 0 0 248
    255 191 0 102 0 255 255 0 255 0 255 0 220 0 255 255 238 255 0 255 0
    255 255 0 0 255 0 0 0 255 109 62 68 81 0 0 0 255 255 0 0 0 85 255
    190 0 187 255 255 255 0 0 255 0 0 255 0 0 163 189 255 255 0 255 163
    255 0 0 57 0 255 255 255 0 0 160 153 255 0 255 167 132 0 110 173 17
    225 0 255 255 255 0 0 0 255 255 255 0 255 255 255 255 255 0 255 121
    255 0 0 255 0 0 0 75 255 255 255 0 13 124 255 0 42 0 255 0 255 255
    255 0 255 0 95 0 255 255 255 0 255 116 0 0 255 255 255 0 0 99 255
    255 175 255 255 0 255 47 255 28 255 255 220 72 255 0 255 0 255 255
    255 255 255 45 56 211 0 255 215 255 0 0 0 255 0 255 255 197 255 255
    192 255 0 97 0 255 8 255 0 0 0 0 0 88 56 255 255 0 255 212 0 0 0 255
    255 0 0 47 255 255 255 0 0 255 188 171 255 255 0 0 0 0 98 255 255 0
    0 255 45 255 255 255 23 0 0 255 255 0 255 0 185 255 0 255 233 255 88
    0 62 0 110 255 255 255 0 0 0 255 255 255 0 0 0 0 255 0 103 0 248 147
    150 230 255 145 255 0 255 88 126 255 113 0 0 0 255 211 0 255 0 0 255
    255 233 255 109 255 255 255 0 0 0 255 255 255 72 255 158 255 0 133
    182 255 0 0 255 255 255 0 165 196 1 0 0 0 0 255 222 143 0 0 69 244
    241 255 0 0 255 0 255 0 0 255 255 255 0 0 0 0 215 125 255 255 88 99
    0 0 255 186 255 0 255 112 255 0 204 255 255 255 0 0 0 0 255 36 0 0
    190 0 0 32 0 255 0 255 0 255 255 0 13 211 255 255 0 19 0 255 255 0
    255 0 0 0 255 255 255 0 255 255 247 0 0 255 255 255 255 168 0 0 255
    255 0 0 255 255 255 116 255 0 143 143 0 255 0 255 0 255 0 255 0 255
    50 255 0 0 0 255 223 255 0 0 0 255 255 131 255 222 122 0 0 255 255
    255 0 255 172 255 78 255 0 0 255 255 255 0 49 0 255 0 0 0 197 255
    255 255 28 0 0 255 0 255 79 0 255 255 255 0 0 0 0 255 0 255 255 255
    0 0 0 255 255 0 255 0 102 8 164 20 199 89 0 0 255 255 255 255 0 223
    0 255 156 0 0 0 255 255 255 0 0 0 255 255 255 255 0 0 0 0 153 0 255
    0 255 89 0 0 255 180 255 49 0 0 0 255 0 101 255 255 255 127 255 255
    255 0 0 255 133 255 0 116 0 4 0 0 255 255 255 0 0 255 255 255 0 0 0
    255 255 216 255 162 239 255 255 161 255 142 0 0 144 0 0 255 255 0 0
    255 255 0 102 0 255 190 255 0 255 255 255 0 255 255 255 0 255 255
    255 0 255 0 194 255 0 255 255 255 255 255 0 0 138 0 255 255 255 0 0
    0 0 0 255 0 255 0 255 0 255 0 0 0 0 42 245 255 255 112 110 0 179 255
    255 125 0 0 255 0 0 0 148 255 114 255 255 255 0 255 0 255 255 0 0 0
    255 11 0 147 255 255 255 221 0 0 0 255 0 0 0 0 255 0 255 255 255 255
    0 0 0 255 0 169 150 255 255 247 94 255 0 0 255 255 75 107 255 0 0 0
    255 255 28 255 255 211 0 0 153 255 106 0 143 255 255 255 255 0 255
    180 149 0 0 0 255 255 255 0 0 255 0 148 255 0 255 0 255 0 255 31 255
    255 0 0 255 255 177 0 23 0 255 0 0 0 255 0 255 0 255 255 255 255 255
    0 0 0 0 0 0 255 255 255 0 0 255 255 46 0 0 255 255 255 249 255 0 255
    0 255 255 255 0 4 255 255 0 0 0 212 0 255 89 0 0 255 255 144 0 255
    255 255 171 0 0 0 0 255 255 255 0 255 137 0 255 0 50 0 255 0 0 255 0
    183 220 255 255 0 9 0 255 255 255 90 0 255 61 0 0 255 0 195 255 255
    0 205 78 255 255 29 80 255 0 0 0 255 255 0 0 0 255 0 255 255 255 0 0
    0 51 0 62 255 75 255 197 52 0 255 0 255 255 255 255 0 0 0 255 0 255
    0 255 0 255 0 217 67 0 0 255 0 164 0 255 0 255 61 255 255 62 0 184 0
    244 0 0 0 224 0 255 121 255 0 255 0 0 0 0 255 255 255 0 0 0 255 184
    255 255 0 0 0 255 9 184 0 255 0 255 255 255 73 166 0 255 114 255 0 0
    187 0 0 255 255 255 0 54 17 201 46 0 0 187 245 0 0 182 255 101 0 0
    255 255 255 170 36 255 0 255 0 0 0 0 116 255 0 191 0 0 0 255 255 255
    246 0 61 255 0 255 255 255 0 0 0 154 255 255 0 0 255 255 2 0 255 116
    255 0 255 255 255 0 0 174 235 60 0 0 111 255 0 255 255 63 218 0 255
    255 0 255 0 63 255 255 231 255 0 0 225 0 255 255 95 0 255 255 221
    255 0 0 213 0 0 255 38 0 0 255 83 0 255 255 255 255 0 0 0 255 27 255
    0 93 90 255 0 0 255 255 255 0 0 0 196 17 0 255 0 0 40 255 0 173 0
    255 255 255 0 0 255 0 255 248 255 0 255 0 255 144 124 255 158 52 0
    255 114 0 197 0 255 20 182 34 234 255 94 0 255 0 255 255 0 0 0 255
    78 255 0 255 255 255 145 255 0 255 0 255 255 0 255 0 255 0 255 0 93
    0 0 0 0 162 0 0 0 255 232 0 0 0 0 255 255 255 255 255 0 0 255 255 0
    255 255 255 0 0 0 255 99 27 0 0 255 255 255 0 78 0 0 0 255 255 204
    255 255 255 0 0 0 0 127 255 255 0 255 218 0 43 202 0 255 255 255 0 0
    44 0 255 255 255 0 0 0 255 0 255 255 83 71 0 255 255 255 0 0 0 255
    187 212 226 24 39 255 51 255 255 133 0 255 255 255 0 0 0 26 255 236
    255 255 51 0 0 0 255 0 0 0 255 189 0 0 0 255 202 255 255 32 0 132
    255 255 0 0 0 0 255 0 203 61 241 255 255 0 158 0 0 0 255 178 255 0
    255 255 0 0 0 255 0 255 0 255 0 255 0 161 255 255 255 255 0 0 0 255
    255 0 0 0 0 255 255 0 0 0 255 0 0 0 255 255 255 0 0 0 255 255 255 0
    255 222 0 0 0 255 255 124 0 255 255 255 255 255 255 43 0 73 0 255 0
    130 0 0 186 0 255 255 255 83 232 255 0 0 0 0 255 144 255 235 245 0
    255 0 0 255 255 255 0 255 0 50 0 51 91 255 255 255 0 82 0 3 0 181
    255 241 0 21 255 0 255 0 0 0 219 255 160 0 249 255 255 255 6 255 0 0
    255 255 0 34 0 255 0 255 0 0 0 0 255 255 255 0 157 0 255 255 0 83 0
    99 255 255 0 0 0 0 255 204 255 0 0 0 247 255 255 255 210 0 255 0 255
    69 102 177 255 255 255 116 0 255 255 255 0 0 255 255 155 0 27 0 0
    255 255 0 0 0 0 41 0 255 158 134 138 93 0 0 255 0 0 0 96 13 255 0 0
    255 0 255 235 255 0 0 255 255 77 0 0 0 255 255 255 255 195 255 255 0
    0 96 185 253 0 255 255 45 0 255 255 255 0 255 0 255 23 255 0 255 62
    0 0 255 0 0 0 255 255 255 0 225 2 0 0 0 0 183 255 0 77 113 190 255 0
    0 0 255 0 255 17 255 255 255 0 255 139 12 255 255 255 0 130 0 0 255
    255 0 0 243 0 255 0 0 0 73 183 255 255 255 116 0 249 255 0 255 0 168
    0 255 3 255 0 0 255 255 255 16 0 0 241 235 255 0 146 0 255 0 243 83
    0 255 0 255 255 255 0 196 0 255 255 0 0 181 255 255 255 255 34 0 255
    245 255 0 0 0 255 62 255 0 255 0 150 176 25 109 0 240 0 255 0 255
    255 83 0 255 0 0 0 255 255 0 0 255 255 255 0 0 0 255 255 255 255 255
    255 0 0 178 255 232 0 0 0 0 174 255 255 0 0 0 255 161 0 0 255 255
    255 255 0 50 0 0 255 255 171 0 0 255 255 255 255 255 0 0 0 255 193
    232 0 0 255 0 255 255 255 255 0 0 255 255 0 0 255 255 0 19 0 0 255
    255 255 0 207 255 0 253 0 255 255 255 0 0 0 255 255 255 255 0 0 0 0
    0 255 255 255 255 255 255 84 0 255 255 209 0 0 33 45 0 0 0 255 60
    255 255 0 0 0 0 105 255 101 0 255 255 229 255 102 255 64 255 0 0 255
    82 255 255 132 255 255 107 255 255 0 0 0 255 96 59 255 255 255 0 255
    0 14 255 91 80 73 255 0 0 255 255 0 255 0 255 0 255 36 219 255 233
    148 0 0 255 255 255 0 0 0 0 0 0 0 0 255 11 255 0 255 0 0 16 0 241 0
    221 0 255 188 255 207 0 255 130 255 255 181 255 255 0 33 255 255 0 0
    36 255 255 255 0 0 0 255 255 255 0 19 0 94 0 255 0 255 38 255 0 255
    65 255 0 255 0 0 0 0 255 213 255 0 0 0 255 255 96 0 255 255 143 0
    255 255 255 0 255 255 255 96 0 0 0 0 255 255 0 0 0 255 0 242 0 255 0
    195 0 255 0 255 140 0 255 0 255 2 0 255 255 0 0 255 255 123 0 255 37
    255 0 255 255 0 0 0 0 255 255 166 255 255 0 0 0 251 254 0 0 0 0 136
    171 255 255 0 0 74 0 0 241 0 0 0 0 37 255 255 0 182 0 181 0 0 0 213
    255 255 121 0 255 255 255 255 137 205 11 255 0 255 0 0 0 0 0 255 0 0
    0 118 46 0 0 216 255 0 0 0 0 0 255 0 255 255 255 0 0 240 255 0 255 0
    255 0 255 0 0 0 0 255 255 82 0 255 0 255 0 46 0 255 0 255 0 151 0
    255 0 255 0 137 195 255 0 255 0 255 255 255 255 0 0 0 84 19 255 15
    255 255 0 0 255 255 56 0 0 162 159 0 20 255 255 0 0 0 255 255 255 0
    0 255 0 0 255 255 0 0 255 255 0 84 0 150 0 255 0 0 0 0 255 255 255 0
    255 255 255 255 255 0 0 255 255 148 0 0 0 0 255 255 255 255 0 187
    255 0 0 255 255 255 255 0 0 0 255 255 255 255 0 235 0 255 255 255 0
    255 0 0 0 16 190 17 0 240 255 42 0 0 86 0 195 0 0 255 255 255 0 40
    255 255 255 0 255 91 255 255 0 0 255 164 255 255 255 255 77 0 255 0
    255 255 0 0 0 82 232 0 255 103 0 0 0 143 0 255 28 220 0 255 0 45 255
    0 255 0 0 0 2 0 255 102 140 255 255 255 126 255 255 0 226 100 255 0
    255 255 255 255 0 0 0 255 0 255 0 84 255 255 248 255 208 255 0 255
    255 236 251 225 255 255 0 0 255 255 220 0 0 247 255 255 0 0 0 255
    255 255 255 255 13 0 11 255 0 255 0 0 37 255 255 255 0 0 13 255 205
    0 0 53 0 0 81 255 0 255 163 255 255 0 0 255 0 194 255 152 195 0 0 0
    43 255 41 255 255 255 255 0 0 0 244 255 21 255 0 0 185 255 255 255 0
    105 0 255 0 90 0 255 0 255 255 0 0 8 255 255 255 0 130 255 255 0 213
    255 186 0 255 255 242 0 255 255 37 255 0 255 255 0 0 0 255 255 0 0
    63 255 63 0 0 0 255 255 157 0 0 11 255 220 0 255 255 255 0 255 255
    255 45 0 255 58 62 0 0 0 255 255 255 173 0 103 255 255 0 148 16 255
    78 255 255 0 0 255 255 255 106 47 202 0 0 232 0 255 187 0 0 255 255
    0 236 255 0 0 0 255 255 255 0 0 36 255 255 255 0 0 0 255 255 0 0 0 0
    255 224 255 93 0 255 0 255 0 0 0 0 255 255 255 0 255 255 255 0 49 0
    255 255 255 0 0 0 0 255 0 255 58 0 0 255 255 0 186 0 255 255 0 0 255
    255 0 0 0 120 255 0 0 113 154 0 255 255 255 255 255 255 58 0 137 0
    15 255 0 0 0 134 255 0 0 0 0 0 255 109 214 0 255 255 0 252 255 255
    255 0 194 0 255 0 0 0 255 255 255 0 0 120 255 255 0 255 0 255 123
    117 255 255 255 0 0 0 167 238 207 255 0 0 0 255 125 231 0 255 255
    255 0 119 0 255 255 255 0 4 255 0 0 234 0 255 0 255 0 255 0 0 0 0
    210 255 0 0 0 255 255 255 191 243 0 0 222 0 255 0 255 0 120 0 0 0 0
    255 255 255 255 0 255 0 54 0 255 127 255 0 255 0 255 6 255 255 6 0
    255 175 255 255 0 255 0 255 0 255 255 0 98 0 255 255 0 255 0 106 41
    0 0 255 255 255 0 255 0 90 0 255 255 255 0 0 255 255 255 255 0 228
    255 255 255 0 0 0 255 255 0 49 255 255 0 0 255 255 255 0 255 255 70
    0 0 255 0 255 163 255 255 255 0 0 0 0 0 202 0 255 0 37 255 0 255 255
    0 22 0 255 129 255 255 0 255 176 255 255 255 255 0 0 178 255 255 255
    0 255 0 0 0 255 255 255 75 255 255 0 0 0 0 0 255 255 255 199 0 0 0
    255 0 255 0 161 245 124 255 255 255 0 255 255 0 255 0 230 0 255 255
    255 0 189 0 112 229 0 162 32 0 255 255 255 18 0 0 0 146 255 0 0 0 0
    0 255 0 255 255 0 255 0 255 163 255 0 0 0 255 255 72 170 0 255 172 0
    0 0 0 255 59 255 0 255 0 0 255 255 0 0 179 200 28 255 255 0 255 255
    255 0 255 255 255 99 255 0 164 0 255 58 255 169 255 0 255 217 255 0
    255 255 255 136 255 0 0 177 0 0 231 44 83 255 0 255 17 255 255 0 0
    205 37 255 255 255 255 0 255 0 255 88 0 64 255 255 0 0 0 0 165 240
    255 0 255 255 255 0 255 0 255 255 0 0 60 0 51 255 255 255 0 255 0 0
    0 0 0 255 255 255 193 255 0 255 255 255 0 5 0 0 221 118 255 255 255
    162 0 255 255 0 0 0 0 52 0 0 168 255 255 255 0 0 0 0 0 6 255 255 0 0
    155 108 255 0 193 154 255 48 0 9 0 0 0 255 0 255 0 183 255 255 0 255
    0 255 255 255 0 0 0 255 0 255 0 0 255 0 0 0 255 255 255 255 0 0 255
    63 0 0 0 255 255 255 0 0 0 244 255 0 0 255 0 255 0 0 0 255 255 202
    255 0 255 255 0 0 255 56 0 0 84 154 255 0 0 255 63 0 0 231 0 255 70
    255 0 255 0 255 0 204 0 255 0 255 0 140 255 0 255 255 255 255 0 0 0
    0 0 255 139 255 255 11 255 0 0 0 75 0 3 0 255 255 255 255 255 0 0 81
    0 44 255 255 0 255 255 255 0 0 120 255 255 0 255 0 0 255 0 255 0 255
    0 255 153 255 0 132 0 255 16 255 255 255 210 0 0 255 0 0 54 60 58
    255 224 0 0 255 188 0 0 255 0 0 28 0 255 0 122 0 0 0 255 0 0 255 98
    255 0 255 255 255 255 41 255 0 185 37 0 255 0 255 255 255 255 0 255
    0 255 119 255 0 35 255 181 0 0 0 0 255 255 255 0 255 137 255 255 127
    0 0 0 0 0 255 111 255 0 166 255 255 176 165 255 255 196 255 0 25 255
    255 0 0 255 0 189 85 255 0 182 44 205 0 255 12 5 6 0 0 255 255 0 0 0
    255 255 255 62 193 255 92 8 0 255 0 255 255 255 255 0 0 0 255 255
    255 0 0 0 255 255 255 0 95 0 255 255 255 0 0 0 255 255 0 0 0 255 0
    255 0 0 0 0 255 255 255 0 18 0 255 65 0 255 103 255 0 255 255 255 0
    0 0 255 83 255 255 179 255 255 255 0 255 255 0 0 0 0 0 0 255 255 255
    222 255 0 0 0 255 10 255 0 0 0 0 0 255 255 255 0 0 0 255 255 17 255
    255 196 0 0 59 0 255 0 255 0 255 0 255 198 238 255 255 255 0 0 0 181
    81 255 121 0 0 255 0 0 0 255 0 176 0 0 255 255 255 246 255 255 174
    33 255 255 255 0 0 255 0 255 255 255 0 0 95 255 255 174 0 0 0 175
    255 0 255 255 255 12 0 98 21 255 0 96 0 126 255 255 0 195 255 119
    157 255 0 255 0 255 0 0 91 255 0 0 212 255 47 0 0 0 255 97 255 0 255
    255 0 110 255 255 181 255 255 40 0 0 255 0 0 0 224 192 0 255 215 255
    183 0 50 0 255 255 255 0 178 0 0 255 255 255 255 74 0 0 0 19 255 0
    180 216 255 255 0 0 255 15 255 255 255 255 0 0 0 0 255 255 0 255 0
    181 0 255 255 138 174 0 255 226 255 0 82 168 255 0 255 0 255 135 0 0
    232 0 255 17 0 255 0 0 255 0 255 0 170 255 255 161 14 0 0 255 0 255
    0 255 0 255 0 255 0 255 0 0 150 255 0 0 0 255 153 107 255 148 0 0
    255 255 255 169 0 195 0 0 41 212 255 255 0 101 0 255 0 255 0 255 0
    255 255 0 0 0 255 0 227 0 181 0 255 0 255 255 43 0 0 0 0 0 0 0 56
    255 255 180 255 66 255 0 255 0 255 0 255 255 0 0 0 255 255 214 0 0
    255 0 255 0 255 255 0 0 0 255 0 10 34 255 0 255 0 255 0 52 255 255
    255 255 0 0 159 255 255 87 0 0 255 190 255 61 255 59 0 0 0 216 51
    204 0 0 255 255 255 255 0 0 255 239 101 152 255 48 0 0 255 0 0 0 15
    46 253 0 255 0 0 255 99 255 255 255 255 255 32 255 0 255 255 255 255
    0 0 255 0 255 0 0 0 255 99 255 255 255 0 0 255 251 255 0 1 0 188 0 0
    170 255 255 255 206 192 255 0 216 0 255 255 255 0 255 255 0 0 0 255
    255 207 255 0 0 255 255 125 0 0 221 255 73 255 255 255 224 255 160 0
    255 0 255 0 255 0 255 0 255 73 0 0 255 0 255 0 255 0 45 0 187 0 255
    0 255 124 255 0 255 255 0 238 0 0 255 216 0 0 0 0 255 255 0 0 0 255
    0 255 0 103 0 255 0 152 168 255 137 166 183 255 29 31 141 0 121 14
    255 255 255 0 255 255 74 0 0 0 0 0 255 0 0 195 255 0 255 0 0 255 255
    0 0 0 255 0 255 69 246 0 155 0 0 255 255 255 0 0 255 255 166 0 0 255
    255 255 255 107 255 255 255 0 0 255 255 0 9 38 177 0 0 0 0 0 255 202
    255 107 255 135 0 193 104 0 255 6 130 203 64 59 255 255 255 0 117 0
    255 255 255 0 0 0 0 255 0 37 0 0 255 0 35 0 174 0 0 0 226 42 0 162 0
    255 124 255 0 255 158 255 255 255 243 0 255 255 255 0 0 0 0 255 0 0
    0 255 255 255 255 0 0 0 255 119 0 0 255 255 255 0 0 0 255 0 255 192
    0 255 255 0 0 0 255 255 255 255 229 255 25 255 0 255 0 0 0 142 255 0
    11 0 148 0 255 173 199 215 255 0 0 255 255 71 0 0 0 255 0 159 0 0
    255 158 20 40 0 0 255 255 255 0 0 255 255 255 0 255 60 23 0 98 0 255
    255 255 255 255 0 255 0 180 0 78 209 255 255 0 69 66 255 255 255 255
    0 0 0 255 255 255 0 255 0 0 255 255 255 255 0 0 0 138 111 255 255
    255 255 0 0 255 3 43 0 255 255 255 0 49 255 255 0 0 255 255 143 218
    0 255 204 255 93 85 0 0 0 255 0 38 0 255 255 255 125 255 167 0 0 218
    255 255 255 0 255 255 255 255 0 0 255 0 255 0 255 0 255 255 255 251
    60 255 208 0 0 255 0 255 0 160 255 0 0 255 255 255 0 255 138 255 0 0
    255 255 255 147 255 0 0 0 245 255 91 0 0 0 255 255 0 245 0 255 255
    255 255 0 255 172 255 0 0 0 64 0 211 77 255 255 255 0 0 0 255 255 7
    154 0 0 255 255 0 0 79 255 255 206 0 115 0 255 0 0 0 0 0 0 70 255 0
    255 255 0 137 0 255 0 139 0 255 255 255 0 136 255 255 0 255 255 0 0
    0 255 255 0 0 0 0 0 0 255 255 255 0 255 255 255 0 0 145 0 0 0 255
    255 255 212 255 255 0 136 0 255 0 255 255 0 255 0 255 0 255 255 255
    0 0 0 255 255 255 255 0 0 0 24 255 0 255 0 255 0 255 255 0 79 255 46
    255 255 0 255 0 45 255 69 0 255 255 255 0 0 5 255 255 0 255 255 28 0
    255 255 255 0 255 67 255 255 153 255 255 255 255 1 56 255 255 0 140
    169 41 255 255 0 0 0 255 255 255 185 0 0 0 255 0 232 0 255 0 255 0
    104 0 0 0 255 255 255 205 255 0 255 0 0 255 0 255 0 46 0 0 0 255 255
    255 93 0 54 255 180 255 255 255 0 255 0 0 0 0 0 0 228 255 140 255 0
    144 0 255 0 255 90 0 0 255 255 255 0 98 255 0 255 50 176 103 0 0 0
    255 0 0 0 255 0 0 255 28 111 255 255 255 255 0 0 255 255 230 255 255
    0 255 0 255 222 255 0 255 255 0 151 0 255 60 134 0 1 0 112 10 0 255
    255 0 0 255 255 255 0 255 0 0 255 255 0 0 0 255 255 0 0 0 238 255
    255 255 0 0 244 0 255 255 255 0 255 0 255 0 255 255 0 0 255 0 0 0
    219 255 246 0 0 0 255 171 0 61 0 0 255 255 255 0 255 0 255 0 255 131
    255 0 255 255 255 0 195 255 0 0 0 255 255 255 198 255 0 255 170 255
    20 2 187 255 255 0 0 255 111 149 0 0 0 0 255 0 255 255 255 255 0 255
    0 255 10 255 0 255 0 255 0 255 255 0 0 255 255 173 0 0 255 126 255 0
    255 0 255 0 255 0 109 94 255 255 0 0 255 0 255 156 0 255 0 27 0 255
    255 0 255 255 255 0 107 0 255 0 255 0 255 87 255 0 255 205 255 0 0 0
    255 0 255 0 0 0 255 255 255 0 168 255 255 255 255 0 0 255 255 255
    255 255 0 255 137 255 0 255 0 0 0 255 255 124 255 0 61 219 255 0 0 0
    255 255 110 0 63 255 255 255 238 0 0 255 231 0 0 88 0 255 205 255 0
    255 0 89 0 255 72 0 255 255 255 0 54 255 255 0 0 0 255 255 0 53 255
    255 0 0 0 255 0 0 45 255 255 255 255 255 255 0 255 0 0 0 255 0 255
    255 0 0 0 255 0 251 104 146 0 177 255 86 0 0 255 255 147 23 0 255 86
    255 0 52 0 255 0 0 255 255 255 255 0 0 186 255 255 200 0 255 16 84 0
    0 0 0 130 255 57 27 0 0 255 0 0 27 255 90 0 255 0 255 255 255 0 0
    255 255 75 255 0 3 255 29 0 0 0 203 255 255 0 132 0 0 255 0 255 70
    255 0 255 255 255 61 0 255 0 255 255 255 255 255 0 0 0 255 255 255 0
    0 0 87 0 0 255 255 255 0 214 0 164 38 255 188 255 255 0 0 0 255 255
    24 255 0 21 255 0 255 0 255 0 255 0 255 0 255 0 0 0 255 252 0 255
    255 167 255 0 255 0 66 255 255 0 255 0 0 255 101 255 0 255 255 255
    255 0 0 0 0 255 0 245 0 169 255 0 92 0 255 255 43 0 0 203 109 255
    255 135 0 0 0 0 255 255 255 255 255 205 255 20 255 0 5 255 255 0 0
    162 88 255 2 255 255 0 0 0 220 0 0 255 255 255 0 255 0 0 0 45 255
    255 255 0 0 172 255 255 0 255 0 255 0 255 101 255 74 255 0 255 108 0
    255 0 255 0 255 0 255 255 255 0 0 255 255 255 0 0 107 255 255 0 0 0
    255 255 255 0 182 0 255 0 7 165 0 255 156 229 0 159 255 255 255 200
    0 129 255 255 0 45 0 0 255 255 0 255 81 255 255 0 38 0 0 0 255 0 0 0
    247 255 0 255 0 140 0 40 255 255 255 53 0 0 0 0 255 255 255 127 0
    255 189 140 136 0 0 0 255 255 167 0 47 36 0 255 101 198 0 48 255 255
    255 0 255 255 255 255 0 43 19 255 0 0 255 255 255 255 209 184 0 0
    255 255 255 49 0 255 255 255 0 250 0 0 153 0 255 0 0 110 0 0 0 161
    255 255 238 255 0 0 0 151 255 255 255 0 140 0 0 255 165 0 0 0 154 68
    235 0 0 255 255 0 0 255 255 255 0 17 0 0 255 220 0 0 255 165 124 0 0
    191 121 0 0 0 255 0 139 236 255 205 73 0 67 0 255 255 0 0 56 0 35 31
    255 120 0 181 0 255 255 255 96 0 0 0 255 254 91 0 255 255 255 0 0 0
    255 221 170 255 0 9 255 255 0 0 255 0 255 94 255 0 96 255 255 81 0
    141 255 0 50 0 255 255 255 0 255 255 255 0 255 255 255 255 0 233 0
    255 255 0 0 0 255 140 255 255 0 0 0 0 255 255 70 0 17 0 0 255 255
    255 255 0 0 0 0 255 255 255 0 0 255 255 245 0 255 59 255 212 0 0 255
    11 255 119 255 0 0 111 66 0 0 0 255 255 0 0 255 103 255 255 255 0
    255 252 0 0 255 0 255 0 198 0 255 156 220 255 0 139 255 0 255 0 0
    255 0 151 0 255 255 255 0 255 255 255 255 0 0 0 0 182 0 166 0 196 0
    255 255 255 0 0 0 0 255 255 255 255 0 28 0 37 255 255 165 255 0 255
    0 255 0 255 0 255 0 255 0 255 0 255 184 0 0 54 153 255 0 254 0 255
    255 0 58 0 255 0 0 197 0 50 255 151 0 0 255 202 0 0 255 255 255 5
    255 0 255 167 255 184 0 0 255 255 200 99 255 255 99 255 182 255 0
    255 255 255 0 0 0 255 255 0 0 255 0 0 255 255 96 0 0 0 255 255 255
    157 104 0 192 0 255 255 255 0 0 0 255 0 157 255 0 0 55 255 255 255 0
    0 0 0 0 255 255 0 0 255 255 255 0 255 66 255 116 47 0 255 255 0 0 0
    229 255 255 0 0 0 255 255 0 0 0 255 255 255 255 0 255 0 255 255 0 0
    255 255 0 0 66 255 123 0 211 0 0 0 0 0 0 222 0 255 255 255 0 0 0 255
    0 255 0 255 0 255 255 0 0 139 140 255 255 255 0 0 255 255 0 0 0 0 0
    80 52 255 87 255 255 52 0 255 255 255 0 255 255 255 0 0 35 179 255
    255 0 0 0 255 0 255 255 255 121 0 170 90 80 228 255 255 255 0 0 255
    255 92 0 0 71 255 255 255 0 255 255 0 0 0 0 255 0 0 0 0 255 255 255
    255 255 0 0 0 255 0 0 0 255 255 255 56 0 0 255 255 110 147 0 255 255
    255 255 0 0 243 255 255 0 255 108 255 46 0 0 0 30 0 255 0 0 0 56 86
    0 255 0 0 0 0 255 255 0 227 255 255 255 0 0 0 155 255 0 0 0 255 255
    255 255 255 255 255 0 255 0 255 255 255 0 0 255 0 255 0 255 0 0 0
    255 0 0 0 255 156 0 255 73 255 255 255 0 0 255 101 255 0 0 255 255 0
    0 0 255 0 255 0 0 0 255 0 0 255 0 255 0 255 0 255 0 0 0 0 0 255 0
    255 0 0 0 255 255 255 255 255 0 0 87 255 0 0 0 159 0 0 255 255 255 0
    170 79 255 0 104 0 255 252 255 0 2 255 0 0 255 255 255 255 0 46 74 0
    0 255 255 255 0 255 255 255 255 59 7 0 255 13 255 156 0 0 0 255 255
    255 255 104 0 33 0 0 218 255 255 0 255 255 255 35 0 0 0 255 65 255
    255 255 197 93 255 0 0 0 255 255 0 0 0 255 0 0 255 66 255 215 102
    255 255 157 172 17 255 255 0 0 161 255 255 255 0 0 255 0 255 255 255
    0 255 255 95 0 0 22 0 255 215 255 0 0 123 255 255 255 0 0 0 255 255
    255 0 255 147 255 0 255 14 0 0 0 0 0 255 0 255 0 255 16 0 255 0 255
    56 198 83 255 0 255 0 255 0 229 255 255 0 0 0 255 0 255 255 255 255
    0 0 0 255 255 0 0 255 0 6 0 255 0 255 73 0 255 0 255 0 255 255 255 0
    0 255 255 255 0 255 161 0 0 255 255 255 73 65 255 0 0 255 0 0 255
    255 255 0 191 255 255 0 0 0 255 255 255 255 250 0 255 0 255 255 255
    255 0 113 192 0 109 255 255 35 0 255 187 255 255 139 0 255 172 255 0
    0 15 0 255 0 255 153 255 255 255 0 255 0 115 157 255 255 0 239 255
    26 255 0 0 0 255 0 255 255 255 0 255 0 255 37 255 186 0 255 0 255
    255 255 255 0 248 32 255 38 0 237 255 255 80 104 255 0 255 0 184 255
    85 162 255 255 0 0 0 255 196 0 0 0 233 255 255 255 255 0 0 219 57 0
    255 0 0 0 255 255 255 0 255 0 0 0 255 0 0 255 0 255 0 0 255 255 0 0
    0 255 255 0 0 219 255 0 0 0 255 147 59 255 255 0 0 0 255 62 255 255
    250 0 0 0 255 255 0 0 255 0 167 0 0 255 255 255 81 0 255 242 51 145
    0 255 0 0 241 255 255 0 255 255 255 240 0 0 0 255 0 255 0 0 255 227
    152 0 176 140 146 255 0 255 0 0 0 255 255 255 255 255 255 131 0 0 0
    0 255 119 54 0 0 255 255 255 0 255 0 255 255 17 226 255 0 255 255 92
    255 54 255 0 216 0 238 244 0 238 255 255 140 135 178 0 0 255 126 0 0
    0 255 232 216 213 9 0 255 247 255 255 255 255 0 0 255 255 255 0 255
    255 255 255 161 0 255 255 173 0 57 255 255 255 0 0 0 0 146 255 255
    255 53 19 0 255 255 94 0 173 57 0 255 255 255 0 255 0 252 255 255
    255 0 255 0 125 0 207 0 0 255 142 255 255 0 0 0 0 25 255 255 0 255 0
    255 255 255 0 0 0 255 0 0 144 255 255 214 0 255 0 255 194 0 0 255 0
    255 0 255 255 255 94 255 0 0 0 0 251 255 255 0 0 255 0 82 0 231 0
    112 255 255 0 255 111 255 255 0 0 0 194 47 255 255 0 0 0 0 255 255
    164 0 72 255 255 255 0 255 255 61 107 13 255 110 255 0 0 0 255 255 0
    255 255 255 0 221 0 255 0 0 243 0 255 0 255 255 255 255 255 156 0 0
    165 255 0 255 0 255 255 45 0 255 255 0 255 0 226 255 11 255 0 255 0
    212 0 0 0 0 162 255 165 255 0 0 255 255 255 255 0 255 0 0 255 255 0
    0 247 255 144 255 0 0 236 255 135 0 255 0 225 255 255 255 0 0 255 0
    0 255 255 255 161 0 0 0 255 255 255 0 175 255 255 169 78 106 0 0 255
    0 0 0 255 255 0 56 255 181 0 0 255 0 0 0 255 255 238 255 164 0 255 0
    255 0 0 0 0 255 255 251 255 183 255 0 202 255 111 0 0 255 0 255 255
    80 255 85 255 0 171 0 255 230 255 0 0 62 140 255 26 255 0 0 0 0 0
    255 126 255 0 255 49 255 0 0 255 0 255 0 255 80 0 0 0 255 255 0 0
    255 255 255 0 0 0 255 255 255 0 0 255 255 255 255 0 0 0 255 255 255
    255 255 255 170 255 0 0 0 124 0 0 0 255 255 75 255 0 0 255 0 255 255
    255 0 255 0 0 0 255 255 255 0 0 255 0 255 255 255 0 24 255 255 255
    255 0 255 19 255 0 0 0 0 255 255 255 0 0 89 255 0 0 255 0 255 0 0
    231 0 201 255 255 255 255 255 0 255 39 0 31 0 255 255 255 0 0 83 0
    255 46 0 255 199 0 170 255 64 255 0 0 230 255 68 0 48 229 255 255
    255 255 0 0 0 255 0 255 0 255 79 255 0 255 0 255 255 255 0 0 0 255
    255 0 0 255 68 248 225 255 0 221 0 162 0 0 0 0 134 0 0 0 255 182 255
    109 255 0 255 238 199 102 0 0 255 255 255 255 0 255 0 174 0 0 132
    255 255 0 0 0 255 255 249 0 16 0 138 212 255 0 0 0 27 255 255 0 0
    255 0 255 255 85 0 82 110 46 0 255 255 255 255 114 255 0 22 0 255
    136 0 0 184 255 255 0 255 0 0 0 0 255 255 0 255 104 255 159 255 0
    255 255 255 224 0 255 255 0 0 255 0 0 255 255 255 140 0 29 0 247 255
    0 167 88 255 0 0 255 38 255 0 255 89 70 255 255 255 0 0 0 0 255 0 0
    0 255 0 255 93 255 0 0 195 0 255 169 0 0 255 255 0 0 0 179 255 255 0
    129 255 255 0 255 255 148 220 192 0 255 0 255 95 0 0 255 255 81 0 0
    45 6 255 0 141 255 0 255 0 0 0 255 1 77 0 0 255 255 0 255 0 255 139
    255 255 0 0 0 188 255 255 77 0 255 97 0 0 191 0 255 255 255 173 0
    255 0 0 0 255 255 255 255 255 0 8 255 255 255 0 255 0 255 0 255 0
    255 0 255 0 255 0 0 2 0 255 255 0 128 48 168 0 255 255 101 87 149 0
    0 255 255 0 23 255 0 255 65 255 169 41 0 0 255 255 255 0 0 0 102 255
    255 255 0 255 0 255 0 0 0 255 0 0 0 0 255 255 130 0 255 255 255 208
    0 0 255 0 255 255 255 0 0 0 255 255 255 0 255 0 255 8 255 0 0 226
    255 0 107 0 255 0 255 0 255 255 255 255 0 109 255 255 157 0 242 8
    255 255 255 137 0 0 255 255 255 0 255 44 255 0 255 255 0 0 0 239 0
    255 58 255 255 255 135 0 0 255 255 255 45 41 255 0 255 191 255 0 0 0
    255 255 255 255 0 0 0 250 0 0 255 255 0 0 0 0 0 255 255 113 0 0 0
    255 255 219 255 255 255 159 67 255 0 0 0 255 241 0 206 101 0 93 0
    255 0 0 151 255 255 255 0 0 220 255 255 0 0 129 195 255 0 255 0 129
    0 0 255 255 255 0 0 0 0 0 255 255 255 255 0 255 0 255 255 0 0 255 0
    255 255 255 0 0 53 11 164 31 255 255 0 81 20 255 0 255 0 255 255 255
    255 0 0 38 255 0 0 255 0 255 0 255 0 255 0 255 0 255 10 255 0 255
    255 60 0 0 255 188 255 0 35 255 255 0 0 255 133 0 0 0 255 255 0 121
    255 0 164 0 0 255 255 255 247 183 159 255 255 255 186 0 0 255 255
    255 0 0 0 255 255 255 0 0 0 0 135 255 227 226 255 141 255 255 0 108
    0 255 255 255 255 255 255 0 0 0 255 255 255 41 0 255 0 95 0 254 255
    255 0 255 0 202 0 214 0 87 0 255 255 255 0 249 255 239 0 0 255 186
    209 0 255 0 255 255 0 0 0 0 255 11 43 0 0 0 228 0 255 255 195 212
    255 0 255 255 198 255 0 115 0 255 255 0 0 245 0 0 0 255 255 0 0 255
    255 63 0 255 0 16 0 255 255 148 0 255 255 18 255 0 177 0 0 255 255
    255 0 0 0 255 0 255 0 255 160 255 0 255 0 255 0 255 255 255 106 255
    255 0 0 0 255 255 255 0 110 0 0 255 255 0 0 0 159 39 255 92 250 255
    0 255 255 0 43 255 211 0 0 255 154 255 255 255 0 0 0 255 0 255 0 255
    255 255 0 255 0 174 0 255 255 0 255 86 255 0 255 0 255 0 223 0 147 0
    255 136 255 177 104 0 255 255 0 255 0 255 255 179 255 0 0 0 255 92
    255 0 0 0 0 37 255 255 0 180 0 255 162 255 144 255 45 199 0 168 107
    0 255 255 59 0 255 255 0 0 245 58 0 0 255 0 0 185 255 255 0 0 0 10 0
    67 255 255 255 0 0 0 0 255 0 81 0 255 255 240 90 0 16 255 52 255 47
    0 0 255 255 255 0 0 255 0 0 255 175 22 255 255 0 0 255 255 255 0 0 0
    186 100 255 170 238 255 206 20 255 8 255 0 255 0 0 255 0 213 0 255
    132 255 255 0 0 0 0 255 0 77 255 153 0 178 0 26 0 0 0 255 0 255 255
    45 59 0 0 142 255 0 0 255 255 255 0 203 255 0 0 0 0 255 0 149 0 255
    0 0 0 255 255 255 255 64 255 0 167 0 255 0 255 0 255 57 49 0 255 0
    255 0 0 0 249 0 255 255 255 0 0 150 255 53 255 255 255 255 62 255 0
    0 0 0 0 255 8 255 0 255 0 0 0 182 255 255 211 255 0 188 167 0 255 0
    0 241 0 255 168 255 76 210 255 0 0 255 0 0 0 19 243 255 255 6 0 255
    255 255 34 255 0 0 255 95 255 0 255 0 187 0 255 255 255 91 255 147 0
    0 255 255 255 0 0 0 96 255 0 255 0 255 0 13 0 255 255 20 255 255 255
    255 255 0 0 0 255 32 255 255 0 146 0 0 0 255 255 255 95 0 0 255 255
    0 0 255 255 255 0 0 0 0 14 0 255 0 101 255 255 0 0 0 0 255 0 255 255
    255 0 202 255 255 0 0 55 255 241 0 255 0 255 0 255 255 255 0 0 0 2
    255 0 185 0 255 28 255 242 255 56 0 255 255 0 0 199 255 255 0 84 112
    255 0 255 0 255 0 255 0 255 0 255 255 18 0 0 255 236 0 255 255 255 0
    143 0 0 0 255 0 93 0 232 0 0 0 255 203 255 255 255 0 0 255 255 255
    255 0 255 0 0 255 255 0 0 0 185 140 255 255 25 255 0 255 0 255 255
    255 0 0 0 255 0 255 255 255 255 172 0 68 0 74 255 255 228 0 0 73 255
    185 255 0 0 13 98 0 255 255 255 0 0 255 49 69 0 0 0 172 0 200 255
    143 255 0 255 0 255 255 0 255 255 0 0 255 130 168 0 0 0 0 226 0 0
    255 255 255 0 0 51 255 0 255 0 255 163 255 0 255 255 0 255 0 255 0 0
    255 83 0 146 255 255 255 0 0 255 255 255 0 0 110 0 167 255 255 0 0 0
    0 222 255 255 86 0 0 0 0 0 255 78 255 192 255 0 0 255 197 255 189
    231 0 255 0 0 0 198 255 14 0 255 117 0 0 255 0 255 94 0 112 165 255
    0 247 255 255 255 141 90 0 0 255 0 255 0 255 255 255 0 255 255 255 0
    150 44 129 56 132 0 255 35 0 255 0 195 123 0 255 215 255 255 255 255
    123 0 255 255 255 0 0 0 0 255 0 255 255 255 0 255 255 255 0 168 2
    255 0 255 255 255 6 80 0 255 0 211 0 255 255 0 255 68 0 255 251 255
    255 0 0 51 0 255 0 232 0 0 255 0 255 36 207 255 0 0 205 70 255 255
    255 0 0 255 255 255 255 0 0 0 255 255 255 0 0 0 10 255 0 38 255 255
    219 181 0 255 140 0 160 255 255 0 255 0 255 0 223 0 255 0 220 0 255
    0 162 255 255 0 255 0 0 96 255 255 0 0 0 106 0 255 255 255 0 255 255
    255 54 0 0 168 237 0 11 0 255 0 0 255 255 255 0 255 18 255 0 255 197
    0 255 84 255 0 255 255 255 0 255 255 0 0 0 0 0 0 0 255 149 255 46
    255 130 255 255 255 255 0 255 0 0 255 255 255 0 0 255 255 255 0 0
    255 255 231 0 0 0 19 255 0 255 255 0 255 0 152 0 255 0 255 157 0 0
    123 255 173 255 255 48 255 27 0 176 0 255 255 255 0 0 0 255 0 0 0
    255 255 0 255 0 201 0 255 255 46 0 0 99 255 193 255 255 255 0 0 0
    255 255 119 255 0 0 0 255 255 0 0 255 90 0 0 255 200 0 0 43 255 0 0
    255 255 255 101 0 167 7 255 0 107 255 175 167 0 255 255 0 0 0 196
    255 255 124 197 0 0 222 0 255 0 0 0 0 158 255 255 0 0 255 114 92 74
    0 0 0 255 255 0 0 71 255 255 0 255 0 255 0 255 0 255 156 255 255 0 0
    255 255 84 127 0 171 0 0 56 255 255 0 255 0 255 0 255 0 255 21 255 0
    255 255 0 255 255 255 126 255 255 249 0 0 24 0 255 0 132 0 255 30 28
    138 0 0 81 0 0 0 0 0 255 255 255 0 0 95 255 163 255 0 102 0 43 0 98
    0 0 15 0 255 0 185 88 75 182 0 0 177 255 255 0 0 255 0 255 255 255 0
    255 255 0 106 255 0 0 255 255 0 0 0 255 0 0 0 255 255 255 76 255 0
    60 206 255 0 255 0 0 0 0 133 0 225 176 0 255 255 255 0 0 170 255 255
    102 0 119 0 159 87 0 255 94 0 0 111 0 255 255 16 0 0 0 255 255 238 0
    0 255 0 16 10 255 129 213 116 0 0 255 142 0 255 0 0 0 0 255 255 255
    0 0 255 0 255 186 0 255 60 255 0 255 255 205 0 255 93 255 0 255 0
    141 4 255 0 255 126 0 255 244 255 0 254 255 0 0 0 255 255 0 255 0
    112 0 255 255 255 0 0 0 73 0 255 237 110 255 0 0 255 255 255 255 0 0
    255 255 0 0 255 255 255 0 0 0 29 255 0 255 0 0 0 255 255 255 0 204 0
    255 255 255 0 255 0 255 0 0 0 255 255 255 0 240 0 255 0 255 104 225
    255 255 255 255 255 255 255 0 255 0 115 0 255 255 0 0 0 255 143 255
    0 0 0 255 0 0 236 0 0 0 255 0 38 0 255 255 0 255 255 255 0 0 255 255
    0 0 0 255 0 255 255 0 255 0 0 255 0 255 11 255 153 0 255 255 0 255 0
    96 255 0 255 104 0 0 51 255 255 255 0 255 172 255 0 73 0 0 0 255 255
    255 42 0 0 0 30 0 0 0 6 255 0 255 255 255 255 0 0 255 255 0 4 0 0 36
    67 255 0 0 255 255 0 53 41 245 255 0 255 0 0 255 0 255 0 255 0 0 255
    105 255 239 20 255 0 255 255 0 0 0 255 255 255 0 0 0 255 0 255 0 255
    0 255 6 0 186 199 255 0 255 0 0 0 255 255 0 0 0 255 0 0 255 255 0 43
    0 255 207 255 0 0 255 255 0 0 0 0 0 255 0 182 0 11 0 255 255 111 255
    0 0 205 255 199 255 0 255 0 0 0 255 255 255 0 255 21 0 0 0 255 255
    18 0 255 255 0 255 220 0 233 0 143 0 255 255 0 255 255 139 255 112
    255 124 27 242 255 0 255 0 44 0 255 0 0 255 255 0 0 88 255 0 255 12
    33 255 0 255 138 115 255 255 88 0 0 0 0 255 255 0 31 0 51 0 255 72 0
    0 255 0 0 181 255 255 255 0 0 54 0 168 0 0 255 0 255 135 135 255 0
    255 0 255 0 255 255 39 0 0 0 40 255 255 0 0 0 255 255 255 0 0 0 122
    0 255 255 219 212 0 255 255 237 0 255 255 255 164 0 255 0 0 255 158
    251 0 255 0 255 0 255 255 0 0 0 255 255 255 0 255 255 0 255 255 0 0
    0 255 0 255 0 87 0 0 0 87 255 255 255 255 255 207 0 0 0 19 255 0 45
    0 0 255 255 255 29 0 46 255 0 229 255 255 255 0 255 0 255 255 226 31
    0 74 0 255 255 79 0 0 255 255 255 0 0 0 40 255 119 0 0 255 255 255
    255 255 255 255 0 0 114 255 13 0 0 0 255 255 255 0 0 255 136 0 70 0
    103 161 255 0 255 0 255 60 0 255 0 255 255 255 0 0 0 255 255 255 255
    0 0 0 0 255 255 52 44 0 253 255 255 255 0 0 0 255 255 255 0 0 0 255
    255 119 255 32 255 0 0 0 179 158 255 255 255 255 0 0 255 255 255 0 0
    0 0 189 255 255 255 255 0 0 0 255 255 255 255 60 255 0 0 0 255 255
    255 255 246 0 70 35 255 0 0 0 0 255 255 204 255 255 0 0 0 255 255
    255 255 0 221 0 0 255 255 255 0 0 255 52 255 0 0 0 0 255 121 255 255
    255 0 128 255 0 0 249 255 255 0 0 0 0 255 145 255 0 115 0 255 0 255
    0 0 255 255 255 229 150 0 255 255 188 0 0 0 0 243 0 255 255 255 0 0
    0 0 109 0 255 0 255 255 0 255 0 0 255 187 60 255 255 255 246 255 255
    255 0 0 255 255 0 110 0 0 0 0 255 255 255 0 0 0 255 255 255 255 255
    196 255 0 255 0 255 85 255 0 255 0 255 255 50 145 255 0 0 0 255 255
    34 0 147 255 255 5 255 0 255 51 255 112 255 0 0 0 255 255 0 0 255
    255 255 0 233 255 255 0 0 255 255 255 0 255 0 255 0 255 0 255 0 255
    106 0 0 255 255 228 0 0 7 168 255 255 0 0 0 255 255 255 255 255 181
    255 0 175 0 255 33 0 255 211 180 26 0 3 255 176 0 0 0 255 255 0 255
    255 0 255 16 255 255 255 255 174 0 0 255 255 255 0 255 255 255 60
    255 0 0 0 0 255 255 255 0 0 255 255 255 0 0 245 242 134 0 0 177 0 55
    255 185 255 255 0 255 0 255 0 0 0 0 171 255 255 0 0 0 255 0 91 0 255
    255 255 0 0 0 255 255 255 0 18 255 255 255 0 0 0 255 0 0 0 90 0 0 0
    255 0 255 255 217 0 255 0 255 0 255 0 255 23 255 0 255 0 0 255 70
    255 0 182 255 0 0 0 238 255 255 255 0 0 255 255 255 0 205 55 255 110
    255 119 255 0 255 0 255 255 255 124 0 0 0 255 0 0 255 255 0 121 255
    255 255 0 0 0 0 0 0 140 255 0 255 237 12 0 0 255 0 39 53 0 255 255
    255 78 66 255 255 0 0 0 0 0 215 240 0 255 0 255 43 84 255 255 255 0
    184 0 141 0 112 0 23 0 255 255 92 0 151 0 125 0 255 0 255 255 255 0
    255 10 0 0 0 0 255 255 0 103 143 0 0 255 149 255 0 0 255 208 137 0
    255 255 253 255 255 0 0 0 255 255 0 0 255 255 0 255 0 255 0 255 181
    85 0 255 0 0 0 255 255 255 255 0 0 255 0 62 37 255 202 255 22 255 0
    255 255 0 255 255 0 255 0 255 0 255 0 0 0 0 0 184 255 0 0 255 250
    255 255 255 0 139 0 255 255 0 80 255 0 0 255 0 255 0 255 0 0 0 0 38
    98 140 255 255 0 255 0 255 0 207 0 255 255 243 0 0 0 255 23 255 0 0
    0 255 255 255 203 2 255 255 255 255 255 0 255 86 255 222 0 0 255 64
    255 0 255 99 255 255 255 0 0 197 0 70 255 255 0 255 255 255 211 255
    0 0 0 0 0 255 255 255 140 190 0 0 0 0 0 255 255 255 255 87 255 255 0
    0 0 255 255 0 255 0 255 0 0 176 206 255 0 255 255 0 0 142 255 255
    255 0 239 0 255 255 143 0 48 0 255 0 0 0 0 18 255 255 102 23 0 22
    255 169 0 0 133 255 0 0 0 0 255 255 255 14 0 0 255 0 255 255 0 0 0
    255 119 255 0 0 255 78 255 0 0 0 113 0 255 0 255 0 0 0 0 0 0 255 0 0
    207 0 255 0 255 255 255 0 171 255 0 0 0 255 255 255 0 0 255 255 0 0
    187 255 255 0 0 6 255 255 255 0 184 255 0 255 255 255 0 255 255 255
    0 0 0 255 0 255 0 37 255 255 0 255 228 255 0 150 0 0 255 0 255 255
    255 35 182 0 0 0 255 0 104 0 255 255 255 0 0 255 0 255 135 254 0 116
    147 0 0 0 0 0 255 255 0 0 255 6 255 93 21 0 0 216 255 255 0 255 255
    255 70 215 217 255 0 255 255 0 0 0 255 255 255 0 255 0 224 211 55 0
    119 0 0 0 0 0 255 255 0 255 0 0 219 255 255 255 0 0 0 255 97 178 0
    255 0 0 151 255 0 0 0 123 0 0 11 255 153 0 0 0 171 255 0 255 0 0 248
    0 255 255 255 208 0 0 0 255 255 61 0 255 0 0 154 0 0 255 156 255 0 0
    0 255 255 0 0 0 255 0 0 0 255 255 255 0 255 0 0 0 255 195 255 255 0
    0 0 255 130 196 11 255 0 0 0 255 255 255 0 0 0 255 255 0 0 32 255
    189 0 0 0 166 0 191 255 255 0 14 255 255 0 0 0 255 0 0 128 255 0 255
    255 183 0 0 255 255 0 0 255 255 0 0 255 255 255 255 0 255 0 255 0
    255 255 255 86 0 0 255 0 0 214 255 255 255 115 0 13 0 255 154 255
    255 28 0 0 255 214 255 255 226 199 0 255 0 255 255 0 255 0 255 125 0
    255 0 0 255 252 0 255 255 255 0 114 255 255 0 28 0 52 255 90 0 0 235
    255 0 0 5 255 0 255 0 0 255 0 255 25 255 0 25 0 196 255 0 133 0 255
    0 255 150 255 0 0 255 0 0 141 255 255 0 3 255 255 0 59 255 0 0 0 255
    0 255 255 0 255 255 0 0 152 255 255 255 0 0 0 255 255 169 255 174
    255 0 0 0 255 255 255 0 0 0 255 60 5 0 0 204 255 255 177 0 0 0 255 0
    255 151 196 0 198 94 255 13 0 255 255 255 0 255 0 34 0 109 255 255 0
    0 0 255 255 0 0 24 255 255 255 137 158 0 255 54 0 0 0 255 255 255
    255 255 0 167 158 0 234 0 41 255 0 0 0 0 255 255 0 197 0 255 255 255
    27 0 227 227 255 0 0 255 255 255 255 255 255 255 255 0 0 0 255 255
    255 255 255 206 10 255 0 255 0 255 196 0 78 255 137 0 0 255 252 108
    255 0 255 255 252 0 0 30 255 0 255 0 255 233 87 0 0 102 0 255 255 0
    255 255 255 0 255 0 255 48 0 255 0 0 0 0 255 171 0 0 0 255 0 255 0
    235 255 255 0 0 255 0 255 0 0 0 0 255 0 255 0 151 0 255 255 255 0 0
    0 255 0 255 255 255 0 0 255 0 255 255 0 255 0 255 0 0 62 0 255 255
    255 0 0 0 3 255 255 0 0 255 255 255 255 90 0 0 255 49 44 0 255 0 0
    255 137 255 0 255 255 0 255 255 255 0 0 0 0 0 0 132 0 255 255 0 255
    0 0 0 255 255 255 0 255 255 255 76 0 255 255 255 255 0 116 149 255
    255 0 0 44 255 255 255 255 255 255 100 255 89 255 0 255 0 255 0 255
    24 255 255 255 0 255 255 255 255 0 255 0 255 0 255 0 255 0 54 0 255
    69 17 102 255 255 191 0 255 255 255 0 0 0 0 255 0 255 208 255 0 255
    0 255 0 255 255 72 0 0 255 0 0 252 0 255 0 174 255 255 0 255 0 255
    255 255 0 0 255 255 0 0 255 136 133 255 255 255 255 100 255 255 229
    153 0 0 0 0 255 255 0 0 255 255 241 0 0 91 255 0 255 0 0 0 255 0 255
    255 215 0 19 0 255 255 255 184 0 0 255 0 255 209 255 0 255 255 255
    255 0 216 0 242 255 255 0 0 0 255 255 255 0 238 235 255 255 0 0 0 0
    110 255 255 0 0 0 0 255 112 253 0 159 226 0 0 255 0 255 0 0 246 255
    255 255 255 255 255 0 0 0 54 255 255 255 105 0 0 0 255 238 0 255 160
    0 255 22 255 255 255 0 0 0 255 255 255 0 255 86 255 0 255 150 255 0
    255 0 255 255 0 238 182 255 255 0 255 166 0 0 255 0 9 0 255 71 255
    87 0 0 182 255 255 255 255 53 0 145 255 255 255 255 0 0 255 13 255 0
    255 0 173 216 255 0 255 0 0 0 0 0 0 255 255 114 0 0 0 255 61 0 0 255
    255 0 255 192 255 255 255 0 0 0 248 255 151 255 0 255 22 0 255 76 0
    0 255 255 255 0 78 0 5 255 255 255 0 255 137 0 0 153 255 255 0 255 0
    255 0 255 255 255 255 0 0 0 0 75 255 213 0 0 0 0 255 0 255 211 180 0
    120 255 0 12 255 0 169 0 255 255 0 255 255 207 0 0 255 0 0 53 117
    255 255 255 217 0 0 0 0 0 255 255 142 0 0 255 0 255 0 0 0 255 0 0
    255 0 97 0 255 255 0 255 192 255 0 17 0 0 0 255 0 255 78 255 0 255
    255 255 0 0 0 255 171 17 228 255 20 255 0 251 0 113 255 255 0 255 0
    12 0 255 255 0 0 255 0 255 0 255 255 255 0 255 0 255 225 0 255 0 255
    0 0 0 0 22 117 55 32 255 255 243 0 255 0 255 0 255 0 255 0 255 0 255
    0 255 250 0 255 0 255 255 255 255 0 0 0 200 170 6 183 255 0 0 255
    126 255 255 104 255 195 0 255 0 0 0 220 0 255 50 255 107 0 0 255 44
    172 255 255 0 255 0 255 0 0 0 99 255 255 127 0 104 255 253 137 0 0
    121 255 255 8 255 255 0 0 177 255 247 0 0 0 255 255 255 0 145 255
    200 255 0 0 0 0 105 0 122 255 92 0 0 0 0 0 0 255 255 121 0 0 255 183
    255 0 255 0 184 255 200 0 0 0 255 255 255 0 0 0 0 255 0 255 227 0 0
    255 255 255 0 255 255 0 255 0 0 251 0 0 255 0 255 0 255 0 255 255
    255 0 0 249 102 3 0 255 183 255 0 0 0 255 0 0 188 101 255 16 255 255
    0 255 0 255 60 255 0 0 222 255 255 255 0 255 255 215 0 0 255 244 255
    0 0 204 255 104 0 4 255 0 255 0 0 0 255 255 198 15 255 93 255 255 0
    0 255 0 0 0 0 0 255 255 255 0 0 255 77 0 0 255 0 0 0 255 0 0 255 255
    255 0 255 255 255 56 0 86 255 0 255 0 255 186 0 0 255 0 255 0 0 0
    218 255 0 0 255 0 0 0 0 255 255 0 255 0 255 0 0 0 0 255 0 0 255 9
    255 130 255 27 0 0 10 255 255 0 0 0 0 255 255 255 0 0 0 255 255 255
    17 0 0 113 0 0 0 217 165 255 255 125 162 255 255 121 255 121 0 255 0
    255 142 131 255 0 255 0 0 241 0 255 0 255 0 255 64 55 0 0 0 0 220
    255 255 255 0 0 255 255 255 0 0 0 0 0 138 0 0 255 8 255 0 94 255 0 0
    135 255 255 0 0 255 255 192 0 0 255 255 255 255 0 0 255 255 0 0 0 0
    136 255 32 223 0 255 0 0 0 255 255 255 255 0 0 255 195 255 0 0 172
    255 249 160 255 255 255 255 255 0 0 151 255 0 255 255 0 255 177 255
    0 255 0 255 255 255 0 224 0 128 0 255 0 255 48 255 0 0 184 90 255
    255 103 0 239 255 0 95 30 255 0 55 0 255 0 0 0 12 255 193 255 161
    184 255 0 45 0 161 0 226 253 0 255 0 10 0 0 255 0 255 0 255 0 175 0
    0 7 0 255 0 255 255 255 0 255 255 0 0 251 255 238 255 0 179 0 53 255
    61 199 255 255 255 12 0 255 137 255 0 0 0 0 0 255 255 0 0 0 255 0
    255 0 0 0 255 0 255 255 0 82 255 255 0 51 0 232 103 157 0 0 141 193
    70 0 0 0 255 255 255 0 255 0 255 0 0 255 0 255 0 255 0 255 255 255
    69 0 0 0 255 255 255 255 0 0 0 255 132 0 255 0 255 115 255 0 255 255
    255 255 0 103 148 0 255 255 0 0 255 0 255 255 208 216 0 0 255 255 0
    128 0 0 0 255 0 255 255 255 0 255 0 255 0 255 224 255 255 0 255 0
    255 0 255 0 255 0 0 255 255 255 255 0 0 255 16 255 0 255 0 255 255
    255 0 0 0 255 255 8 0 0 255 255 0 0 0 255 255 255 255 19 0 255 255 0
    0 0 255 255 135 255 3 0 0 242 149 250 255 0 0 255 255 0 149 0 0 0 0
    255 255 246 0 0 255 255 255 0 0 0 255 0 53 255 0 255 0 0 0 255 168
    255 0 58 0 255 255 255 79 164 0 255 0 105 0 255 255 255 0 255 255
    255 255 0 0 255 255 46 0 11 255 255 0 255 0 255 0 0 255 255 63 40 0
    255 255 0 255 156 0 255 0 0 255 255 196 255 139 255 248 62 0 0 2 0
    255 0 35 209 137 0 255 76 0 0 255 255 0 0 45 255 0 0 255 255 0 0 0
    255 221 0 0 255 0 0 0 186 255 0 255 26 255 0 255 0 0 0 255 255 255 0
    0 255 255 255 48 0 0 255 255 255 255 255 0 0 0 0 255 0 117 168 255
    255 0 255 0 0 150 220 255 255 255 0 0 0 0 255 0 255 192 94 255 0 0
    255 62 0 0 244 255 0 182 255 0 255 248 149 255 0 0 0 0 255 255 255 0
    0 0 255 255 255 255 0 144 181 0 255 255 255 255 185 255 255 51 254 0
    255 0 0 255 255 255 255 26 0 0 0 255 0 0 255 255 0 0 0 0 255 0 255 0
    0 255 0 255 255 255 28 20 240 175 82 0 24 0 0 43 255 35 255 255 155
    69 65 0 255 255 255 255 255 0 0 10 15 0 229 0 255 248 255 0 255 0 0
    255 255 255 0 255 0 0 0 0 255 255 255 255 255 0 0 0 0 0 255 0 0 0 14
    255 255 255 0 255 185 0 23 255 168 42 0 78 129 255 0 0 0 255 255 255
    0 255 100 0 255 0 232 179 0 0 255 255 0 122 255 255 195 255 255 255
    0 0 45 255 255 0 199 0 255 0 0 0 103 0 80 0 255 0 255 50 255 118 97
    255 255 0 0 255 0 110 255 255 255 11 255 28 0 255 0 255 0 255 255 17
    0 56 0 255 255 255 21 0 0 0 0 255 122 14 24 255 255 255 255 255 255
    0 0 0 0 0 255 248 144 166 255 240 0 0 255 2 255 0 255 255 255 146 0
    0 0 255 0 255 52 255 0 0 0 255 255 85 83 0 255 79 255 2 255 158 0
    255 218 87 190 0 0 255 255 255 0 0 209 0 0 0 0 71 0 229 194 255 0 0
    102 255 0 107 255 255 0 255 0 255 0 152 0 0 255 0 205 0 0 0 255 255
    125 255 255 0 0 176 0 26 0 255 255 255 255 108 255 0 0 0 255 255 0
    255 0 0 255 0 255 255 0 199 0 0 29 255 255 0 0 0 0 100 0 11 125 0
    255 0 0 0 255 255 255 0 143 77 0 0 0 97 255 249 0 212 11 99 255 0 0
    255 0 255 0 0 0 255 255 255 164 255 69 0 0 0 0 0 10 0 255 255 255 0
    255 255 255 255 255 0 0 255 255 255 0 0 0 255 255 255 0 255 12 0 0 0
    0 164 126 255 51 255 0 255 0 255 0 0 0 255 255 176 0 0 255 0 76 255
    56 223 0 146 0 255 0 185 24 0 0 89 0 0 255 202 255 0 0 255 255 0 0
    191 0 255 0 0 255 255 92 255 141 185 0 0 255 255 251 255 0 89 0 0 0
    0 0 255 0 53 255 0 255 234 0 0 0 255 0 0 152 0 255 255 0 0 0 45 255
    255 175 0 156 0 255 82 0 0 0 255 255 255 0 0 0 0 133 255 22 255 0
    255 0 255 0 0 0 0 255 255 255 0 171 255 255 255 0 0 0 0 255 78 229 0
    53 0 255 0 41 0 255 170 170 124 255 0 0 0 255 255 0 0 0 14 255 0 255
    0 237 0 255 255 177 0 16 0 163 255 0 19 245 100 0 255 0 255 0 255 0
    44 255 255 0 0 63 233 255 255 37 0 98 0 0 255 0 0 255 0 136 0 36 255
    142 0 0 255 255 235 255 0 0 0 0 255 11 255 0 255 255 255 255 0 0 75
    255 92 219 0 0 255 0 116 0 255 255 255 0 0 255 255 0 255 0 0 0 255
    255 0 0 0 46 255 0 255 0 0 255 0 255 226 0 0 255 37 255 0 0 255 0
    255 210 16 0 255 0 255 255 0 0 0 255 25 255 10 0 0 255 255 0 0 255
    255 255 0 251 0 255 0 255 0 255 0 255 0 0 255 202 255 255 255 0 255
    255 0 107 68 255 0 255 255 255 66 0 0 0 255 16 79 75 0 255 0 223 255
    123 255 0 255 13 255 255 134 255 255 0 0 255 0 255 0 0 255 6 255 255
    0 0 0 255 255 0 0 255 176 255 43 0 89 0 255 0 107 0 255 49 35 255
    175 255 0 0 255 255 255 255 255 0 0 0 176 255 255 255 113 255 0 121
    0 0 0 255 255 255 0 0 255 255 255 255 255 255 0 0 0 72 255 255 0 0 0
    0 255 155 0 255 255 255 0 255 0 255 0 235 255 255 0 255 101 255 0
    255 255 255 255 0 0 255 182 92 0 255 0 235 72 255 255 255 0 0 0 66
    171 0 255 47 255 150 255 13 255 46 0 255 0 255 255 0 0 0 0 156 255
    255 255 0 255 0 86 0 255 0 0 255 234 0 0 114 0 0 0 255 255 0 0 0 100
    0 255 255 0 0 93 159 255 255 255 0 255 0 255 0 114 0 128 0 255 255 0
    0 255 0 0 72 255 178 255 0 255 255 255 0 188 0 255 0 255 94 255 0 72
    0 255 223 0 255 0 0 0 255 255 255 0 242 82 0 255 0 255 144 255 0 255
    255 255 0 216 0 255 200 0 241 0 255 0 0 0 255 255 160 0 0 0 0 212
    223 0 0 0 25 255 0 255 0 255 0 212 255 0 255 0 158 0 48 0 177 95 255
    255 255 255 7 245 116 0 143 0 255 0 255 0 253 2 255 69 255 157 255
    255 0 0 118 255 176 255 0 105 0 59 255 0 255 255 0 0 0 0 255 255 255
    255 255 255 0 36 0 181 75 0 0 192 255 255 255 255 0 0 131 255 41 0
    255 255 255 0 0 146 255 255 0 0 0 255 255 173 255 0 255 255 179 255
    255 0 0 0 255 255 255 0 0 255 255 255 0 0 253 255 0 255 0 255 0 0
    216 0 255 170 255 0 0 255 142 255 228 255 231 255 255 255 127 0 255
    0 0 0 255 255 255 0 0 0 0 0 193 14 255 0 0 255 0 255 0 255 33 0 0
    255 255 255 255 0 0 221 0 181 255 246 255 0 255 0 174 0 255 0 62 255
    255 255 255 218 255 255 255 36 0 0 0 0 255 0 255 255 0 255 69 255
    213 50 0 0 57 0 255 29 255 0 0 255 255 0 92 148 255 0 255 0 255 0
    255 0 255 0 255 195 255 0 0 231 255 255 0 0 172 255 255 255 255 138
    0 255 0 0 255 255 0 17 0 0 255 255 255 255 255 0 0 0 197 255 0 255
    255 0 0 255 255 255 255 0 255 0 255 0 0 0 255 255 255 43 0 0 0 255 0
    255 0 0 0 0 255 255 255 255 255 200 0 121 255 0 195 255 0 0 0 255 0
    255 0 255 0 0 0 255 255 255 0 255 255 163 0 0 136 128 255 255 0 0 0
    255 255 255 0 255 147 255 255 0 255 0 0 61 255 255 255 255 0 0 0 255
    255 255 112 190 255 255 142 255 255 0 241 29 188 0 80 255 255 239 0
    255 255 0 255 242 255 0 255 0 0 96 85 0 255 255 22 0 0 255 0 255 25
    255 0 0 86 0 255 255 0 0 0 0 143 255 255 196 0 0 255 255 255 255 255
    0 58 255 228 18 0 255 255 255 255 189 255 243 255 0 0 255 149 255
    255 0 0 0 203 0 255 0 200 133 0 255 255 255 0 0 217 255 0 207 255 0
    255 30 255 255 0 156 255 84 182 255 255 0 0 0 0 255 255 197 0 0 163
    30 0 255 0 41 114 255 255 0 255 0 255 0 23 0 255 255 255 0 212 246
    255 255 255 0 255 67 255 79 255 0 0 0 213 0 130 88 255 255 0 0 255
    255 255 202 0 0 255 255 250 255 213 255 62 0 23 13 255 0 255 229 255
    207 0 0 0 130 255 59 0 0 255 87 255 0 0 0 255 255 0 255 194 255 0 0
    0 255 255 255 123 255 138 255 86 70 139 255 0 0 0 124 255 223 255
    136 255 255 255 255 0 255 0 255 0 255 0 255 119 255 0 255 0 88 0 255
    0 0 224 0 0 255 0 26 0 232 203 255 0 255 0 81 0 36 0 255 255 0 221
    255 255 73 0 0 255 0 255 0 255 0 255 0 255 0 255 0 216 255 0 0 255
    255 255 0 168 19 255 0 0 0 255 0 100 0 255 53 39 0 255 255 0 255 255
    255 0 0 255 0 255 0 255 255 47 0 255 255 255 0 255 0 255 0 0 0 255
    255 255 255 255 0 0 0 255 144 255 228 0 79 0 191 0 58 255 255 246
    242 0 0 0 255 255 255 0 24 0 124 13 255 0 0 255 223 255 102 0 0 239
    255 0 0 0 255 161 0 230 143 0 99 67 0 255 255 204 0 0 255 255 249 0
    0 219 255 0 255 0 43 255 0 223 0 255 225 101 228 0 255 0 255 255 255
    34 255 0 255 255 161 255 0 175 255 255 230 0 255 0 255 0 162 0 255
    240 255 172 0 255 255 145 0 0 0 234 0 255 255 255 255 88 0 0 0 0 255
    44 255 0 49 0 0 0 255 255 255 0 255 0 0 0 208 0 255 0 109 201 255
    255 255 0 0 255 255 255 255 0 255 89 255 0 146 0 255 0 255 70 0 255
    37 255 255 0 0 0 0 0 255 0 0 0 255 255 0 0 0 255 0 33 0 255 104 0
    255 222 255 255 255 255 0 24 154 0 0 255 255 0 0 173 255 0 92 0 255
    0 80 255 0 0 255 255 240 0 250 223 255 0 174 0 99 255 104 0 0 255 0
    255 0 0 0 255 0 15 0 255 0 0 0 255 126 255 0 253 0 0 255 255 76 0 0
    197 0 255 0 27 0 255 255 0 0 255 0 255 0 0 127 0 181 241 255 0 255
    255 40 0 0 197 255 0 255 255 0 0 255 58 255 0 217 0 255 0 255 0 255
    33 255 255 255 0 140 255 255 189 195 0 0 124 0 255 142 255 0 0 0 0
    255 255 102 255 0 255 255 255 255 255 255 255 0 255 255 0 172 255 66
    255 0 85 0 0 85 255 74 50 0 255 0 0 0 0 174 0 255 255 47 196 0 255
    255 27 0 0 174 255 255 0 0 255 0 255 0 255 255 255 0 0 0 255 255 255
    102 40 255 255 255 255 0 0 255 255 0 25 255 255 255 0 255 0 255 0 0
    167 0 255 0 201 0 221 255 255 0 255 255 0 0 255 255 255 0 0 0 255 0
    255 0 255 74 0 0 0 255 255 255 255 0 229 0 255 0 188 0 0 0 255 255
    222 234 0 255 255 255 0 0 255 68 255 0 255 0 255 111 145 255 0 255 0
    0 241 255 0 0 255 0 255 255 255 255 0 0 250 0 255 0 255 0 0 82 255
    172 0 218 0 41 6 255 0 0 0 86 0 0 0 255 0 255 148 255 0 255 0 255
    255 0 177 0 255 255 97 8 255 202 255 0 0 0 255 84 0 255 141 255 0
    151 0 0 0 255 0 102 0 0 0 0 0 255 255 0 255 227 255 0 0 0 0 255 151
    0 255 255 255 0 0 255 255 215 0 0 0 255 0 0 0 241 255 255 136 255
    255 255 0 138 0 0 255 255 255 0 0 0 194 0 0 255 127 0 0 0 255 255 0
    199 255 18 0 194 6 0 255 255 0 0 255 255 255 75 255 255 0 0 106 53
    44 0 255 255 255 0 0 0 0 0 167 255 255 0 0 4 44 255 18 0 0 0 255 255
    255 255 0 255 104 255 0 255 0 0 0 0 255 255 255 255 64 48 69 0 0 255
    220 255 0 255 255 0 246 155 255 255 255 0 0 0 255 0 255 255 255 0
    238 0 255 0 255 219 255 255 215 255 0 255 255 255 0 0 0 255 0 255
    255 0 0 0 255 255 0 0 0 200 0 16 143 255 0 0 0 255 255 0 0 255 255
    255 0 0 0 255 255 0 195 255 255 255 0 92 255 0 0 0 0 255 255 255 0
    255 255 125 255 0 0 0 255 255 0 76 255 183 255 86 0 0 0 255 255 0
    255 255 0 0 0 255 255 255 255 255 0 0 0 32 255 0 4 0 255 255 255 0
    255 255 255 0 0 89 255 255 255 86 255 29 0 255 255 255 0 255 0 0 255
    255 0 75 0 255 0 0 232 0 255 175 251 0 68 125 255 0 0 0 255 255 255
    255 255 0 0 255 255 0 255 255 255 0 0 255 255 0 0 208 0 255 83 255
    255 210 0 255 132 255 0 255 236 255 150 255 0 255 0 255 0 255 0 0
    131 255 255 255 255 0 255 0 255 255 255 255 28 0 255 255 85 255 148
    0 214 0 255 0 255 255 0 0 151 0 0 255 0 0 0 255 255 98 255 255 0 0
    255 255 255 0 0 0 42 92 159 0 255 255 212 255 0 255 0 255 0 0 0 0
    255 255 0 0 108 255 8 101 0 0 0 57 0 82 0 255 0 255 0 255 0 255 202
    255 0 255 255 0 255 0 142 255 0 0 255 0 0 0 255 255 195 214 197 255
    255 255 91 0 0 255 0 255 43 255 175 44 0 0 155 0 122 41 255 177 0 0
    0 167 0 255 255 255 255 255 74 255 0 255 0 255 249 0 255 0 99 0 175
    255 0 255 0 255 50 255 0 0 255 0 141 0 255 220 255 225 255 0 0 38
    255 0 255 255 0 255 0 0 0 255 248 255 0 0 0 255 255 255 255 0 255 0
    0 0 0 255 255 0 255 0 255 0 255 109 0 0 0 255 0 0 0 0 255 255 255 0
    0 0 255 14 0 255 0 255 0 63 255 0 152 199 0 255 255 255 0 255 0 0
    255 0 79 0 255 139 0 0 255 255 0 255 182 255 255 0 0 0 0 255 255 0
    255 0 0 0 0 255 255 148 0 100 239 255 0 0 255 0 0 255 226 24 0 0 255
    0 0 77 255 255 255 255 127 255 14 11 66 176 0 219 164 255 255 255
    255 0 0 255 0 255 0 255 0 0 0 80 0 158 255 61 97 0 255 54 0 0 0 255
    187 255 255 0 0 0 255 0 255 0 0 99 255 255 0 0 255 0 0 36 255 255
    255 0 0 0 255 255 255 0 255 227 0 0 0 0 0 39 255 0 0 25 0 255 0 255
    255 255 0 25 0 5 0 255 189 255 255 205 255 255 20 0 12 0 255 255 207
    255 0 0 0 0 0 255 255 255 255 0 255 0 0 76 0 255 117 255 91 255 255
    255 0 0 188 0 255 255 255 133 0 0 255 0 0 255 190 255 0 255 0 255
    255 255 0 0 255 0 255 255 31 0 0 255 0 255 0 0 66 255 255 255 112 0
    255 65 0 0 0 255 255 255 0 255 155 255 29 143 0 255 231 255 167 0 0
    0 255 255 31 255 0 0 0 255 249 246 52 125 158 0 3 255 255 255 0 0 0
    80 0 0 255 255 0 0 255 255 0 255 0 220 0 255 0 98 0 255 255 255 0
    255 0 255 255 255 218 255 0 0 0 255 3 0 0 255 255 255 0 255 255 0 0
    0 255 0 0 0 168 255 255 0 0 0 255 255 250 0 255 255 180 3 255 255
    255 0 0 0 74 140 0 255 0 255 32 255 0 0 0 255 0 52 0 23 0 0 0 217
    255 179 255 255 183 61 169 235 0 0 191 0 0 255 255 255 59 0 14 0 255
    0 0 255 255 74 246 0 255 255 0 0 0 91 0 80 0 255 81 255 255 255 255
    0 255 143 0 66 67 114 255 255 15 230 255 255 0 255 255 210 0 255 224
    0 167 240 255 0 0 255 0 0 255 198 0 255 0 97 0 0 75 0 0 0 60 255 255
    255 0 0 0 255 133 0 0 255 255 25 0 0 0 0 255 255 255 0 255 0 255 165
    255 0 0 0 47 255 0 255 255 255 0 255 0 255 0 255 0 255 0 255 255 255
    255 219 0 0 0 151 0 0 255 255 0 0 0 255 0 0 0 255 0 0 0 0 0 255 0 0
    255 255 255 0 255 255 0 0 0 0 255 0 13 0 255 255 244 255 0 0 0 0 255
    255 255 255 0 98 0 0 255 255 0 0 0 0 255 255 21 255 212 0 0 255 255
    255 0 255 125 147 255 255 186 0 6 255 255 0 0 0 0 0 255 255 255 0
    255 0 255 0 0 0 0 0 255 0 255 255 0 255 0 255 139 255 255 0 217 0 0
    255 255 255 63 0 255 90 255 180 255 0 0 255 255 255 0 255 0 255 255
    0 0 255 255 55 255 255 255 173 255 0 1 255 255 209 177 0 0 183 73
    238 255 157 255 0 255 255 255 255 255 0 0 255 255 255 237 69 0 0 174
    0 218 0 255 230 255 0 0 110 255 255 0 212 171 0 255 0 0 0 255 0 255
    255 142 0 0 0 255 255 0 0 255 178 0 255 0 255 0 103 0 255 255 255 0
    255 0 0 173 92 255 153 0 255 0 255 255 255 0 0 0 255 151 255 255 0
    255 255 253 0 0 235 168 255 0 68 0 255 255 0 0 0 151 209 0 188 0 132
    0 234 255 255 0 0 175 255 255 255 0 255 42 255 0 0 8 0 0 0 255 255
    127 255 0 9 255 128 255 32 255 255 243 208 0 0 255 255 255 255 255 0
    0 0 0 230 255 134 255 0 50 0 255 255 255 255 255 255 92 255 255 185
    0 0 255 255 0 255 255 255 235 0 0 255 255 255 123 0 0 0 255 255 255
    255 0 255 255 0 0 0 255 0 255 255 0 255 0 214 156 255 0 255 107 255
    0 0 255 255 0 0 206 56 255 255 255 0 235 114 170 255 255 173 52 0
    211 255 0 149 0 0 0 255 255 255 0 255 255 255 0 255 0 255 255 0 255
    0 255 0 0 66 78 0 255 255 255 0 0 0 255 255 255 0 0 0 255 255 0 144
    0 224 255 255 0 255 0 0 0 255 255 163 255 255 183 0 0 255 109 48 0
    255 224 0 255 118 0 0 70 0 69 255 255 255 0 255 57 0 8 174 109 120
    118 255 255 255 255 0 0 0 101 0 255 151 255 255 255 0 0 0 255 255
    255 0 255 0 0 0 255 0 0 0 255 0 255 6 255 255 0 0 0 100 255 255 255
    0 0 0 255 255 0 255 126 255 255 255 255 0 0 0 215 255 255 0 0 0 0 0
    0 255 255 255 0 0 38 43 255 255 255 255 255 3 255 255 0 0 255 255
    255 255 255 255 255 0 0 255 255 255 90 0 0 126 0 255 0 0 0 0 255 0
    255 0 255 33 0 255 255 0 0 255 107 255 255 255 0 255 255 255 255 255
    141 255 0 144 150 0 255 120 255 0 223 55 0 255 255 0 255 4 255 0 255
    255 255 0 255 0 255 0 0 0 255 255 255 255 255 17 0 0 0 0 255 0 255
    255 255 0 0 255 90 4 0 255 255 255 148 0 0 28 250 0 90 255 92 255
    255 0 85 255 255 255 14 0 255 0 0 0 0 255 0 12 33 168 0 255 0 255 0
    255 175 0 0 0 255 0 216 75 0 255 95 255 255 255 225 0 0 0 255 196
    255 180 255 0 154 0 197 0 255 255 255 155 255 219 0 0 255 255 255
    206 160 0 255 28 65 125 235 255 36 0 255 0 255 255 59 255 0 0 255 0
    255 255 255 255 230 255 0 0 255 0 255 0 0 0 255 255 255 0 0 0 255 96
    255 81 214 251 255 255 175 0 0 255 37 0 255 67 255 255 0 255 255 255
    255 0 0 255 255 255 0 255 0 0 255 7 255 0 101 255 0 0 0 255 255 236
    255 0 121 53 255 141 0 0 255 255 255 0 0 255 255 28 0 0 255 255 129
    0 255 0 255 0 112 0 0 255 255 255 0 255 0 246 0 33 0 129 35 255 255
    255 0 0 0 255 255 11 168 119 255 255 255 0 255 255 255 0 255 0 255
    116 119 0 255 0 0 0 255 0 255 0 255 255 0 0 5 255 0 83 223 255 255
    255 0 255 255 255 0 255 117 255 0 0 0 2 255 255 255 255 165 0 255 0
    0 227 255 255 0 0 12 255 255 255 0 0 255 0 255 255 127 176 57 217 0
    0 255 255 255 0 213 0 255 255 0 0 127 255 27 0 255 242 255 255 105 0
    0 255 10 255 218 255 209 219 0 116 0 22 255 255 0 255 0 0 0 0 255
    141 255 0 245 255 255 0 140 0 106 255 0 255 0 0 0 255 255 202 44 0 0
    34 194 255 0 55 0 79 255 0 255 167 255 0 255 255 0 0 0 0 255 0 0 255
    255 255 0 0 0 188 255 0 0 0 197 58 10 27 255 0 255 255 213 151 0 0
    255 140 0 0 255 149 255 0 255 255 0 0 169 255 0 255 0 255 0 46 46
    255 53 255 215 255 0 0 0 255 202 255 0 255 155 83 0 128 55 255 0 255
    0 153 255 159 255 255 255 0 255 47 255 255 226 0 0 255 255 255 255 0
    0 255 0 0 0 255 255 250 0 0 255 255 198 28 255 0 255 0 255 0 250 0 0
    189 255 0 255 234 0 38 4 255 0 0 0 255 156 0 255 0 255 0 162 119 255
    24 0 0 2 227 255 255 0 82 255 0 0 0 255 0 0 0 0 126 0 0 0 255 255
    255 255 241 255 16 255 255 255 0 0 0 209 255 0 15 0 0 255 255 255 0
    255 217 255 237 255 78 255 170 0 0 255 245 101 0 255 255 91 0 255 0
    0 255 255 0 0 0 255 255 255 255 0 0 17 179 255 255 0 168 0 2 0 22 0
    239 0 0 0 56 255 84 43 13 255 0 70 255 8 255 0 255 91 0 0 255 39 255
    12 0 255 255 0 221 0 0 0 255 255 0 255 0 255 0 0 255 255 255 0 0 0
    21 255 255 0 0 111 0 255 209 189 0 178 189 255 255 255 0 0 255 201 0
    0 0 255 0 255 244 0 0 0 255 255 255 79 255 255 0 10 0 255 0 0 255
    255 255 0 255 0 255 34 255 255 9 159 0 255 0 255 0 255 47 255 0 255
    0 0 255 0 255 0 32 255 0 32 0 0 0 0 255 255 58 0 41 153 255 0 255 0
    255 118 194 0 0 0 7 185 0 0 0 88 0 0 0 0 125 255 0 119 0 0 0 0 177 0
    255 0 246 159 255 0 218 255 31 255 0 255 0 0 136 255 255 89 0 0 59
    255 255 225 255 255 34 255 0 0 255 255 255 0 122 0 255 0 255 255 255
    255 255 255 0 0 255 71 0 191 32 219 255 255 255 0 108 0 255 0 0 0 0
    0 255 0 0 0 255 255 9 255 51 255 0 228 0 255 255 255 0 0 99 0 14 255
    0 0 147 255 151 0 255 0 255 0 255 161 195 0 255 255 255 229 255 0 55
    255 0 255 0 35 0 0 0 255 0 0 0 255 255 255 0 255 0 255 0 255 79 255
    36 181 0 0 255 26 104 0 255 0 95 38 0 255 255 249 255 0 0 0 37 255
    119 0 0 0 255 255 0 0 255 255 183 0 255 255 196 0 255 94 157 0 0 0 0
    255 255 255 255 0 255 0 255 0 0 0 96 0 255 0 255 0 0 255 0 0 0 73
    255 0 255 255 255 255 0 255 154 255 126 0 0 0 255 255 0 187 0 255 82
    0 69 48 255 0 0 0 0 255 0 255 255 0 255 0 0 0 255 255 43 255 0 0 255
    255 255 0 255 108 255 92 244 0 255 0 255 0 0 255 0 123 93 0 0 255
    255 0 255 255 141 99 255 255 208 255 0 0 255 255 0 136 255 0 0 255
    187 0 0 255 0 48 0 232 232 178 0 145 0 255 0 255 0 255 0 255 255 255
    0 0 255 0 0 0 0 255 255 255 255 237 255 118 0 0 0 0 255 255 255 255
    255 144 0 0 176 0 35 255 177 255 0 86 0 255 0 0 246 0 255 0 38 255
    255 174 234 0 76 255 0 11 0 128 255 255 255 81 0 0 255 0 0 255 0 147
    145 164 255 255 255 236 154 80 255 0 0 0 40 255 255 0 255 0 174 0
    255 255 255 255 0 0 255 255 190 0 0 255 109 0 0 0 197 93 255 0 182 0
    255 142 255 0 0 0 255 154 255 0 255 0 255 255 255 255 0 86 0 0 255
    255 255 1 0 190 255 255 0 235 0 225 0 0 63 0 255 0 255 255 0 0 0 179
    255 0 0 255 174 0 0 255 255 255 255 150 60 117 0 0 255 255 255 255
    255 0 0 0 0 255 192 0 0 255 255 255 158 84 255 0 0 17 255 255 255 0
    255 0 255 255 255 0 0 255 0 0 0 121 0 0 255 255 236 171 255 240 229
    255 0 225 255 0 255 0 255 0 59 0 255 0 255 255 129 255 255 255 0 255
    0 157 0 255 255 255 0 255 0 172 67 0 255 0 255 255 255 0 0 43 0 0 0
    8 59 0 35 255 244 29 0 0 250 255 0 0 0 255 168 0 0 255 255 255 0 255
    175 255 181 0 255 255 255 255 0 0 202 0 255 0 255 127 219 0 255 0
    255 0 255 0 255 0 0 0 255 0 255 0 255 65 255 255 255 0 103 255 255 0
    224 162 255 255 0 0 255 255 255 255 0 217 255 0 255 40 255 255 255
    255 0 255 0 255 0 0 255 0 0 0 255 255 0 0 0 0 18 255 0 255 255 255 0
    0 255 255 0 255 0 255 0 255 255 255 0 255 0 0 0 0 255 212 0 0 255
    255 0 0 0 255 255 0 0 229 255 75 255 255 255 255 48 0 205 111 0 0 0
    255 0 255 255 255 9 0 187 255 148 255 83 255 255 255 117 0 240 16
    255 242 0 0 0 255 255 255 255 255 187 0 0 208 231 186 255 0 255 10
    251 255 225 0 0 0 255 255 150 0 0 255 255 69 0 0 0 0 255 255 255 255
    0 255 0 255 255 255 255 0 25 22 255 255 255 0 0 255 255 43 255 0 255
    193 160 116 0 0 255 0 255 218 255 0 0 0 8 255 255 0 255 139 255 0 29
    0 97 197 0 195 255 255 255 183 42 255 177 232 0 0 0 255 255 0 0 255
    0 255 255 0 255 157 0 0 0 255 255 4 255 255 0 0 0 255 0 3 255 98 0 0
    0 255 0 255 0 255 255 0 0 225 0 255 0 255 255 255 0 0 249 255 1 0 0
    63 255 0 255 0 0 0 255 255 255 0 125 0 0 255 200 255 255 255 255 0 0
    0 255 255 165 255 255 255 141 0 0 25 255 96 0 0 255 0 125 0 15 118
    255 0 0 255 0 210 0 171 0 255 98 10 0 255 255 255 0 0 0 84 255 255
    255 255 0 0 47 255 255 253 0 255 255 79 133 0 0 0 110 185 255 0 228
    78 0 244 0 255 0 0 0 210 255 184 42 255 255 255 255 0 0 0 198 255 0
    0 0 18 0 255 181 255 0 255 255 255 255 157 0 0 123 0 0 255 73 255 0
    255 0 255 5 255 0 255 53 255 0 36 0 255 0 255 0 67 255 0 0 0 0 255
    255 255 0 0 255 0 0 0 255 255 94 0 0 0 255 250 0 255 255 255 255 245
    0 136 255 255 255 0 255 255 255 0 255 255 0 255 0 255 255 0 127 0
    255 255 0 0 180 255 255 255 0 255 255 128 50 158 255 179 96 0 98 255
    255 0 0 255 125 0 0 255 255 0 255 255 144 255 0 255 0 255 0 0 255
    255 0 0 52 255 0 112 9 255 0 255 255 255 36 182 0 255 0 64 91 66 255
    0 0 0 249 0 255 255 255 155 0 255 255 255 255 0 0 202 0 255 255 0
    255 0 0 255 0 112 255 255 255 0 0 255 0 255 0 205 212 0 255 255 0 0
    0 255 0 255 0 255 0 24 255 0 0 0 0 255 0 0 0 255 255 130 0 255 255
    255 0 255 255 255 0 255 0 0 0 157 0 255 0 255 255 0 255 255 225 255
    255 0 255 119 255 0 0 255 0 255 223 62 0 0 255 255 255 0 0 0 0 255 0
    255 0 255 0 255 0 31 0 0 0 0 173 255 255 229 0 0 255 0 0 0 255 255
    255 255 255 255 255 255 0 0 73 255 255 0 0 255 0 255 0 111 0 255 0
    255 255 255 0 0 2 0 255 119 0 255 255 255 0 135 255 0 0 0 52 255 0
    255 0 255 0 255 0 0 255 255 255 255 34 255 88 0 0 255 0 255 116 0 0
    0 255 123 20 197 0 255 255 0 255 32 255 0 255 149 255 242 0 0 50 255
    255 255 121 0 255 255 231 255 255 0 0 255 151 255 0 255 133 0 0 208
    255 255 0 0 255 0 0 0 255 255 0 211 212 0 167 0 17 255 0 255 247 255
    0 0 0 255 255 255 0 0 0 0 255 255 255 255 253 255 0 0 0 0 255 255 0
    255 255 180 255 0 97 255 0 0 120 255 0 0 0 0 0 0 0 117 232 134 0 0 0
    255 255 0 0 0 255 255 255 0 0 255 255 226 255 255 0 255 0 255 0 0 0
    0 255 255 0 0 76 255 255 0 255 0 0 0 0 54 0 0 255 255 139 255 0 255
    0 130 76 115 254 255 104 11 255 0 0 255 255 210 0 0 0 0 255 255 255
    0 0 240 255 252 255 0 221 109 64 0 0 255 255 255 0 255 47 74 0 255
    255 255 0 0 255 255 127 255 0 0 163 163 115 0 255 0 0 0 0 0 0 255 0
    255 0 255 0 0 0 255 94 0 133 255 95 0 255 242 0 95 255 255 0 0 0 0 0
    255 255 255 0 255 0 12 206 75 255 149 255 255 255 0 123 255 255 197
    0 255 0 255 0 255 255 72 255 0 255 255 235 223 0 255 255 189 186 2
    82 255 98 255 0 73 125 255 103 176 193 0 0 253 255 0 0 0 0 0 0 0 255
    255 255 0 91 70 255 255 236 0 0 0 53 255 0 0 0 255 255 255 255 0 0 0
    255 103 0 255 0 94 31 139 255 255 221 0 0 255 7 255 0 255 1 252 0
    255 255 57 255 255 255 126 0 0 0 0 255 255 255 0 255 120 0 0 0 255 0
    255 0 255 0 0 255 116 0 255 0 255 255 0 233 0 0 171 0 255 255 0 0
    255 116 159 189 0 255 0 255 255 255 0 131 0 255 111 255 255 85 0 216
    255 255 0 0 0 255 0 0 255 59 0 220 255 255 0 0 0 0 37 0 237 255 255
    255 0 255 0 0 2 255 255 0 255 255 255 0 0 255 255 0 0 255 255 255 0
    0 0 82 138 0 255 224 255 255 81 0 0 0 255 32 0 0 170 255 255 255 0
    255 0 0 0 255 0 255 0 0 255 255 0 255 0 0 0 255 255 255 189 188 255
    255 255 0 0 255 0 255 255 255 255 158 0 255 0 255 0 255 0 255 121 0
    0 0 255 255 251 255 105 41 0 255 0 0 255 255 255 0 0 255 255 0 0 255
    10 255 98 0 255 5 255 255 255 154 0 0 255 135 0 255 120 255 0 133 0
    0 90 0 255 255 185 0 255 255 255 0 0 0 33 255 0 236 0 38 255 255 115
    0 206 0 0 255 227 255 0 0 0 0 255 0 255 255 255 67 178 0 255 0 0 255
    3 0 0 0 17 255 129 255 0 17 255 255 255 255 184 255 0 255 255 0 73
    255 255 0 0 0 255 0 255 0 64 255 0 254 0 255 0 255 67 0 0 0 0 255 0
    0 34 255 0 0 103 255 0 255 0 255 0 0 255 0 244 28 255 0 255 255 0
    255 255 234 255 0 255 255 0 255 0 255 255 255 0 255 0 255 172 173
    255 0 255 0 0 255 255 206 0 0 0 255 255 255 0 74 0 255 0 255 0 182
    255 255 255 0 0 0 0 255 255 255 0 0 108 255 0 255 255 211 0 255 52 0
    251 221 255 0 0 255 0 255 244 0 255 0 115 0 0 255 209 255 126 255
    255 255 134 0 207 255 255 201 255 0 0 255 0 0 0 255 255 0 255 0 0 19
    255 255 34 255 255 0 255 0 255 0 0 255 255 255 43 255 0 215 0 0 0
    255 255 255 0 255 255 255 255 0 0 0 255 255 0 0 255 0 199 0 255 255
    0 255 0 0 30 130 255 0 0 0 0 0 255 0 255 0 255 255 255 255 255 0 162
    0 255 0 0 255 0 255 0 0 35 83 38 0 255 255 255 255 255 255 255 255
    224 255 0 0 255 0 0 39 255 190 0 155 255 255 133 0 0 0 0 255 255 0
    255 255 251 0 0 0 255 0 204 0 255 0 255 0 27 255 255 255 0 0 0 0 255
    0 69 0 0 255 255 0 208 255 0 0 255 164 0 0 255 255 0 0 0 0 0 0 255
    53 255 26 32 0 115 230 255 33 255 0 255 0 245 255 255 51 64 177 255
    0 0 0 255 255 0 0 0 255 0 0 0 0 0 59 255 0 0 255 255 255 47 0 255
    255 0 0 242 253 0 0 0 255 187 255 255 255 226 0 0 255 255 0 0 255 5
    255 68 255 0 0 255 255 255 255 0 0 0 126 255 255 255 0 71 0 25 255
    255 255 0 172 204 133 255 255 0 0 0 79 255 255 255 73 0 255 0 255 0
    255 239 255 0 255 0 255 48 255 0 255 0 0 239 255 255 255 0 0 0 255 0
    0 0 255 255 0 255 0 115 0 107 255 255 0 255 255 255 255 134 191 0
    255 255 255 83 255 255 0 110 106 0 77 0 255 255 255 255 109 255 0
    255 0 255 152 255 0 255 255 255 0 28 0 255 0 23 0 13 0 255 77 253 0
    51 34 0 0 106 255 0 0 0 202 254 255 255 255 255 87 255 255 0 0 0 101
    255 255 255 255 0 255 0 78 255 0 16 0 255 84 255 255 255 255 0 151 0
    0 77 0 255 255 45 0 0 0 173 0 255 174 255 255 255 0 0 0 255 255 99 0
    232 0 0 200 0 255 255 0 0 93 0 0 74 255 255 255 177 0 0 0 48 0 0 128
    255 253 255 0 0 212 255 255 92 75 0 255 0 0 0 255 0 0 0 202 255 0 0
    255 0 195 255 255 255 255 0 255 255 255 255 56 255 255 0 0 155 255
    255 94 0 0 255 162 0 225 0 147 20 0 255 0 255 255 0 255 255 214 0 0
    255 37 0 0 255 255 0 255 0 10 0 255 255 0 0 114 0 236 255 255 228
    193 255 255 255 104 0 0 0 255 0 83 0 255 255 0 0 75 0 0 0 255 255
    255 255 255 0 58 255 255 0 188 151 255 0 68 255 0 13 0 0 255 255 255
    255 0 0 0 255 255 0 0 0 255 0 0 0 255 0 0 9 255 255 255 0 255 74 33
    49 72 0 255 0 255 0 255 255 255 255 0 96 0 255 0 255 0 255 255 230 0
    255 255 255 0 0 0 0 0 237 255 0 255 0 0 0 255 255 255 255 0 255 0
    255 0 255 0 240 0 255 0 255 191 255 255 255 0 255 0 255 0 52 48 121
    255 146 255 255 255 0 0 0 254 0 255 0 255 0 255 0 255 255 255 0 255
    0 255 202 255 255 0 255 0 2 0 253 0 243 0 255 0 255 0 143 0 69 94 0
    255 255 255 239 0 0 0 255 255 211 0 0 0 255 226 0 0 32 255 255 255
    255 0 0 0 255 0 0 255 255 255 0 0 255 0 255 0 255 0 255 255 199 255
    255 0 255 18 255 0 0 0 255 193 199 0 0 255 0 215 0 255 38 0 255 0 0
    0 0 255 255 255 0 255 0 0 0 255 255 102 0 0 74 255 255 0 0 0 101 255
    255 255 255 255 82 228 248 0 0 172 0 255 255 255 255 142 0 0 0 0 255
    255 0 0 67 159 255 142 212 140 54 176 255 0 255 141 255 0 0 0 0 0
    255 255 175 255 0 255 0 0 100 255 30 255 255 255 255 255 0 255 0 255
    0 255 29 170 0 0 0 0 218 255 138 255 255 0 0 0 255 0 0 39 122 0 0
    255 202 0 255 255 0 0 255 255 0 255 148 255 0 0 24 255 24 255 255 0
    62 255 127 255 255 255 0 0 18 255 255 194 0 255 0 243 0 255 255 0
    239 255 255 0 255 255 0 255 255 255 0 255 255 0 0 0 255 0 255 246 0
    255 57 255 255 255 0 255 0 0 0 255 255 255 0 0 235 0 115 242 255 255
    234 255 135 0 0 0 255 255 0 0 0 0 67 98 0 255 0 0 212 255 0 0 255
    255 117 0 0 255 255 0 0 0 255 255 0 255 255 169 0 0 255 138 0 0 0
    255 255 255 255 0 156 255 0 0 255 255 255 255 0 255 0 255 0 127 255
    255 255 0 0 0 0 255 255 181 109 0 177 0 15 255 0 0 0 255 255 22 255
    255 255 255 0 255 0 0 0 255 255 255 0 0 255 0 216 0 0 0 0 255 11 0
    19 255 0 0 255 0 250 255 255 0 27 0 218 125 255 255 141 0 26 255 255
    0 130 255 255 0 0 0 255 214 0 0 168 0 0 255 93 21 0 255 0 255 0 0
    255 168 255 19 255 102 255 0 255 211 0 0 255 255 255 17 0 0 69 0 0
    255 0 255 255 255 255 255 172 0 76 0 255 118 255 255 255 0 0 0 255 0
    112 0 0 0 255 0 255 255 0 0 0 0 182 255 255 255 0 255 0 255 255 1 0
    231 255 243 0 0 255 162 255 162 255 255 255 196 0 0 0 183 242 255 0
    255 193 0 0 138 255 255 90 255 0 105 0 180 0 0 0 0 255 0 0 255 255
    255 163 0 0 0 255 255 178 237 16 255 255 142 0 0 0 0 61 0 0 0 255
    255 0 0 255 190 0 126 255 255 0 0 140 255 255 112 0 255 255 0 255
    255 255 255 89 0 0 0 0 211 255 255 0 93 255 255 255 122 192 0 0 54
    255 0 0 0 255 255 0 255 255 255 0 0 0 116 255 0 255 227 255 0 255
    255 0 173 255 255 255 0 224 0 216 94 0 255 255 0 201 255 0 255 215 0
    0 255 0 255 0 72 0 255 0 255 0 0 0 255 66 255 255 150 0 255 0 210 0
    255 255 255 255 0 190 121 255 181 0 255 0 0 0 0 0 0 255 255 36 0 0 0
    255 255 0 19 0 0 0 255 255 0 255 255 0 255 0 255 0 255 255 255 0 0
    255 0 0 0 0 180 107 0 0 255 34 0 0 255 209 83 255 0 255 0 0 0 169
    134 0 0 0 255 200 255 255 156 0 0 255 115 183 0 0 255 64 255 0 255
    146 0 249 255 98 0 255 255 255 0 255 0 0 0 255 0 0 0 255 255 0 255 0
    255 255 255 0 255 52 255 0 0 0 235 0 0 79 255 255 255 0 0 0 255 255
    255 0 255 255 255 0 157 0 0 0 123 157 255 0 0 255 255 0 130 255 255
    0 255 158 255 116 106 0 0 59 0 0 255 0 0 0 255 255 0 0 202 0 255 0
    255 0 255 0 123 146 134 0 255 212 255 55 255 35 0 0 0 255 255 255 0
    255 207 255 255 255 0 0 133 0 255 154 0 207 159 255 0 255 255 51 0 0
    0 255 255 0 0 0 255 255 255 133 255 0 0 135 181 255 255 0 36 255 45
    0 66 207 255 0 255 0 212 255 0 0 125 0 0 255 0 0 0 0 255 0 0 0 62 0
    255 255 0 255 255 255 255 255 0 0 0 182 255 255 0 255 0 44 0 255 179
    255 255 0 255 0 255 0 255 255 255 255 0 0 0 255 109 255 70 255 0 255
    0 0 0 255 189 0 255 189 255 0 0 0 0 0 174 0 255 0 232 255 255 0 0 85
    255 227 255 0 255 0 255 185 54 255 0 255 0 255 0 203 255 111 0 0 0
    255 169 75 0 220 176 255 0 0 0 255 0 0 190 255 96 254 0 77 0 0 145 0
    255 255 255 52 0 255 255 0 255 0 0 0 255 34 255 0 255 255 255 0 255
    0 34 191 255 0 255 255 255 0 189 0 255 255 255 0 0 255 255 0 0 255
    255 255 255 255 0 255 0 0 0 255 255 0 255 0 0 0 152 255 0 87 82 255
    255 255 0 0 254 67 71 91 255 255 0 0 0 255 255 255 0 114 255 255 0 0
    255 26 42 117 255 0 0 0 0 255 255 0 0 7 255 255 255 0 255 0 255 255
    0 255 233 0 255 0 255 26 255 0 255 0 0 81 255 255 255 0 255 149 3
    164 255 255 255 232 0 255 0 0 193 255 67 31 255 0 255 158 255 255
    255 255 0 255 0 255 0 255 187 0 0 0 255 255 255 255 0 255 84 255 255
    0 255 73 255 255 141 255 255 167 45 0 0 0 255 226 0 0 0 0 255 255
    232 255 255 255 106 0 0 0 255 255 255 255 189 0 255 13 255 255 20 0
    0 0 255 13 255 0 255 255 0 0 255 255 129 0 0 198 255 0 255 71 255 0
    0 0 250 255 255 0 0 255 0 255 94 255 255 255 255 0 91 255 255 22 0 0
    255 255 255 0 0 0 183 255 228 255 255 255 255 0 255 0 255 255 255 0
    0 75 0 255 231 255 252 37 219 0 0 0 255 255 255 101 255 1 254 0 109
    255 255 0 195 0 255 255 213 255 0 0 0 188 0 0 255 255 255 255 90 74
    0 0 0 255 0 255 0 0 255 255 0 255 0 255 0 0 89 255 255 255 218 0 0
    255 255 0 171 255 0 255 0 255 255 149 6 0 0 177 255 255 0 0 0 162
    255 0 0 67 255 255 0 0 182 255 0 255 0 255 0 255 0 175 251 255 0 132
    255 255 43 0 0 255 75 0 95 255 255 169 255 125 255 96 255 0 255 255
    255 255 255 158 92 255 132 0 0 191 255 0 255 255 0 255 127 255 0 255
    255 255 141 0 255 242 255 0 0 0 0 0 255 0 169 255 255 255 171 15 0
    252 0 0 255 255 255 194 255 255 0 106 0 0 255 255 255 0 255 255 255
    255 255 255 0 0 0 255 255 0 0 0 112 255 0 255 255 255 0 255 255 255
    12 255 41 0 255 182 255 0 227 255 255 205 141 218 40 179 255 255 255
    0 255 255 255 255 255 246 139 0 147 255 255 200 255 237 3 0 176 255
    255 255 0 0 255 255 0 0 255 0 255 255 141 255 75 255 0 255 220 0 0
    255 255 0 0 182 131 0 0 0 255 165 64 0 255 255 0 255 255 255 0 230
    255 255 255 255 255 255 42 0 0 0 255 255 255 0 0 255 0 255 0 255 0
    255 199 255 7 255 194 0 102 3 255 0 0 0 255 255 0 107 255 255 18 26
    222 0 0 0 255 255 255 97 0 0 255 255 216 0 0 255 0 255 0 0 0 0 255
    255 48 217 255 255 0 0 255 192 255 255 255 0 6 0 0 247 255 255 255
    255 0 0 0 0 255 255 255 255 255 0 255 0 0 0 0 0 255 255 255 0 255 0
    255 0 255 0 255 0 255 0 0 255 0 0 0 189 190 255 255 255 0 255 0 0 0
    255 0 0 249 0 255 107 255 0 0 0 0 255 255 255 255 52 249 5 0 255 24
    130 5 0 0 255 255 255 0 255 255 74 21 224 107 255 255 0 0 0 0 255
    255 255 0 255 255 0 199 0 255 255 255 255 0 255 205 255 0 255 255
    255 91 255 0 0 255 255 255 0 0 255 0 255 0 172 74 0 0 255 255 255
    255 255 0 0 0 0 255 255 255 255 255 96 227 0 0 0 0 0 0 255 255 255 0
    255 0 0 232 0 255 0 255 0 224 3 255 31 255 0 0 255 255 255 0 0 0 255
    255 255 167 219 72 255 0 4 0 178 255 29 0 255 247 235 0 255 255 255
    177 0 0 255 255 255 0 0 0 0 0 0 255 0 255 0 255 0 255 0 255 0 255 0
    255 0 63 255 0 0 0 0 255 255 255 0 0 0 0 255 205 255 0 255 0 109 0
    187 156 242 0 189 230 43 0 0 0 0 0 0 255 255 255 138 255 0 0 0 0 255
    255 0 0 192 255 0 255 0 48 133 255 255 143 209 0 255 255 255 0 0 0
    200 72 0 28 237 255 0 255 255 0 0 0 255 255 255 0 236 0 255 0 59 0
    148 0 112 0 255 255 255 255 0 255 0 0 0 255 0 81 0 0 142 255 255 94
    61 0 222 0 255 0 0 255 0 0 255 255 0 0 255 255 0 0 54 215 255 255
    228 255 0 0 255 255 255 237 0 0 255 0 0 0 255 255 0 29 255 0 255 255
    0 255 182 255 198 70 0 0 0 255 255 0 0 0 0 255 68 255 44 70 255 57 0
    154 103 63 255 0 255 0 141 57 255 255 82 0 32 255 0 0 0 0 255 0 255
    0 0 0 0 255 207 255 0 255 255 0 255 0 190 215 0 0 255 109 0 0 0 255
    255 0 40 0 47 255 255 0 255 0 255 0 255 255 111 255 0 0 255 255 240
    255 0 255 0 222 0 255 254 255 0 255 255 255 138 0 255 155 255 95 0 0
    255 0 255 191 0 0 154 255 255 255 0 255 255 255 0 255 255 0 0 0 255
    0 55 0 54 255 177 255 0 255 0 255 0 0 255 0 190 0 0 255 41 255 255 0
    255 0 255 0 207 0 0 0 0 255 175 0 0 0 0 0 255 103 255 0 0 0 255 255
    0 0 255 90 50 153 231 255 0 28 0 255 255 0 0 0 255 255 255 0 255 0
    171 15 255 255 163 255 86 255 0 0 155 255 255 0 255 0 255 255 6 0 0
    255 0 0 255 26 130 0 255 0 224 199 255 255 255 0 255 168 37 0 0 0
    132 255 255 0 0 0 255 255 0 0 0 122 255 255 255 0 0 130 255 255 0 0
    0 101 255 255 255 0 255 0 133 0 255 3 125 255 0 255 255 255 10 0 0
    150 255 255 0 0 255 255 255 0 0 184 0 255 0 255 255 255 0 255 255 0
    0 255 255 0 0 79 255 61 0 0 0 255 255 255 0 0 255 0 0 0 255 255 255
    0 198 0 0 0 255 0 255 0 0 255 255 255 255 0 255 255 0 0 0 255 255
    255 0 255 0 255 240 0 0 255 255 255 0 177 0 255 255 255 0 0 255 255
    255 0 0 144 0 0 255 255 255 0 0 0 0 221 255 255 86 0 220 255 255 0 0
    18 32 255 0 0 0 241 0 0 0 255 255 0 255 0 255 0 0 231 255 253 255 0
    255 0 255 0 21 0 0 255 123 255 10 250 0 255 0 255 255 255 0 255 46
    255 246 0 73 255 255 0 0 0 255 255 255 240 255 0 255 255 255 0 0 255
    255 0 255 255 255 255 0 0 0 255 65 0 205 0 0 255 255 255 39 255 0
    255 0 255 0 51 189 0 0 31 100 0 255 255 2 0 0 108 0 255 0 0 0 142 0
    130 93 255 0 255 0 255 0 0 0 255 255 0 0 255 196 0 66 122 255 255
    252 255 0 0 0 255 255 255 0 0 0 255 255 253 0 255 255 0 163 255 2 0
    255 0 255 0 85 0 255 0 255 0 66 255 255 0 255 242 255 0 0 255 0 255
    0 255 40 255 255 255 36 255 0 0 255 255 255 255 0 0 0 255 170 4 255
    255 255 36 0 0 0 255 0 255 0 0 255 0 0 0 255 89 255 255 255 0 255 62
    191 0 135 0 255 255 94 0 0 0 255 0 74 255 80 0 0 255 70 83 255 0 255
    0 255 0 255 0 255 0 255 0 224 0 0 0 0 0 255 255 255 255 176 0 255
    255 255 255 182 0 152 13 255 166 20 255 255 255 0 79 0 255 255 255
    179 0 0 0 255 255 255 0 0 0 0 255 178 255 208 255 0 255 255 0 0 0 5
    255 255 0 255 0 50 255 255 0 255 9 106 0 255 255 255 0 0 0 0 255 44
    189 255 177 0 255 0 255 255 255 255 0 0 0 255 255 0 0 206 255 255 0
    0 255 255 255 255 0 255 0 0 148 255 35 172 0 0 255 255 63 0 0 255
    255 255 0 4 0 255 0 255 255 255 0 255 135 0 0 0 255 76 255 153 255
    255 68 0 0 255 0 255 250 0 255 0 255 0 0 0 0 255 0 40 0 255 255 43
    194 0 255 255 41 255 255 255 0 68 0 255 255 255 255 0 0 255 0 255
    103 255 255 0 0 19 158 255 255 255 255 0 0 0 197 0 255 0 0 0 255 255
    255 0 0 118 116 215 0 255 0 0 255 255 0 179 0 255 0 255 0 0 255 255
    255 255 0 81 0 255 255 0 255 255 255 35 0 0 0 255 147 255 0 0 223 0
    255 0 255 0 255 0 255 0 255 81 255 0 0 0 0 255 6 0 255 175 255 0 0 0
    255 0 255 0 178 255 255 17 255 255 255 0 255 0 0 0 255 255 255 0 67
    255 0 0 255 0 255 255 255 255 0 244 0 6 255 255 39 0 0 183 255 0 0
    255 217 255 0 0 255 0 255 0 0 0 0 245 255 248 12 255 0 160 45 0 255
    255 255 61 0 0 76 0 255 0 0 0 255 255 0 255 0 255 0 0 0 131 255 0 0
    207 255 255 0 0 255 0 0 255 195 52 0 255 255 89 255 0 0 0 145 255 0
    255 255 255 0 0 246 255 255 0 0 255 255 0 0 0 255 255 0 0 0 0 26 255
    0 36 0 114 255 216 255 255 210 37 0 17 255 255 0 0 0 255 255 38 255
    255 255 0 255 142 0 255 0 255 0 242 0 255 255 174 255 0 255 0 29 255
    98 255 0 0 74 216 243 0 0 255 255 239 0 166 0 0 0 203 255 255 255
    249 255 0 41 255 4 0 0 0 255 236 0 0 255 255 0 0 0 0 255 230 255 0 0
    0 0 255 42 255 0 6 168 255 0 255 255 255 255 255 0 0 255 0 255 0 0
    255 255 255 0 129 0 0 0 255 255 255 255 255 255 0 0 0 0 255 255 122
    255 0 255 193 255 0 0 255 255 0 0 255 255 255 0 0 0 40 125 0 100 255
    255 255 0 204 0 0 0 255 255 255 255 0 0 255 0 0 0 0 0 255 0 255 148
    255 0 0 0 0 255 125 255 255 255 145 255 44 255 255 6 0 118 8 0 0 255
    255 255 255 255 0 255 255 0 36 0 245 0 255 255 189 206 0 0 255 255 0
    0 0 0 0 67 255 0 121 255 255 255 255 0 228 0 255 0 255 255 214 82 0
    0 255 255 255 0 0 0 183 255 255 96 0 255 0 255 115 0 0 255 255 255 0
    0 0 255 78 255 255 255 96 255 0 255 124 255 0 255 255 255 168 0 255
    0 0 0 169 255 0 161 0 0 255 0 255 0 150 74 0 0 255 255 255 255 0 220
    0 0 0 255 161 0 0 255 255 255 255 0 0 143 255 255 0 170 0 255 255
    244 0 0 141 0 48 0 255 255 255 192 0 33 255 255 229 119 43 0 0 0 183
    255 88 255 0 206 0 180 255 0 0 0 255 0 255 0 255 0 193 0 255 255 0 0
    0 255 227 0 104 0 255 193 0 241 255 255 0 0 0 0 0 39 61 255 0 7 249
    0 244 0 0 0 0 255 255 255 0 202 0 255 255 255 0 24 154 56 226 255
    132 255 0 255 121 3 0 0 255 255 0 0 255 255 0 0 0 186 255 255 255 0
    0 255 0 255 82 248 255 255 255 0 0 255 50 0 0 0 23 0 255 0 139 218
    255 0 0 0 255 0 255 0 255 255 255 0 0 255 255 255 6 0 255 0 50 54 0
    232 255 255 0 255 0 238 0 0 0 176 0 255 0 255 255 0 241 0 255 0 0
    255 0 0 255 255 0 0 0 0 255 255 255 214 0 0 255 255 255 0 0 240 255
    255 46 255 0 0 0 152 0 255 137 36 255 0 0 0 0 255 0 72 149 208 220 0
    255 0 255 0 145 0 0 255 255 0 162 255 78 217 0 255 255 255 151 0 202
    0 14 255 0 255 255 255 0 255 255 255 0 255 0 52 92 153 0 0 121 0 255
    0 0 124 119 255 0 255 0 165 0 178 0 255 0 255 0 0 0 0 185 255 228 0
    255 0 255 0 0 141 255 236 255 87 0 0 0 255 233 255 255 145 0 0 172
    255 255 255 0 0 0 0 0 255 215 0 0 255 255 80 0 0 0 0 255 255 0 0 109
    255 0 132 0 0 0 0 255 0 255 0 24 255 255 255 255 0 0 236 255 255 255
    255 214 0 255 255 0 0 86 255 255 255 0 0 49 104 215 0 174 0 160 225
    255 255 255 140 0 133 208 0 255 0 255 255 255 0 255 255 148 255 0
    255 146 113 0 255 255 255 255 255 255 54 16 255 255 255 0 0 255 255
    255 0 0 0 255 255 255 255 199 0 69 209 0 20 0 255 219 255 255 0 0
    255 255 255 255 0 255 0 255 255 255 37 0 17 255 255 15 157 0 0 0 255
    0 255 0 255 0 0 208 255 255 0 0 255 0 255 0 255 189 255 56 0 170 145
    255 32 0 0 82 0 0 255 0 255 0 255 255 0 0 37 255 255 255 255 255 0 0
    255 196 200 255 0 0 83 255 255 255 0 0 0 255 255 100 255 0 0 0 0 221
    255 255 255 255 0 0 0 255 255 240 135 24 0 212 0 0 0 255 255 0 255
    255 0 34 255 255 0 0 0 225 255 204 255 0 255 255 255 255 0 255 0 181
    0 255 0 255 255 255 255 0 0 110 255 0 81 255 255 255 255 0 0 0 255
    255 0 0 0 255 0 114 0 196 0 255 0 0 255 255 255 0 255 255 188 0 245
    255 43 0 0 32 255 0 0 0 255 0 255 255 255 0 0 204 0 255 0 255 0 62
    141 255 0 28 0 0 0 255 255 255 255 255 0 255 27 255 0 0 0 255 255 0
    255 0 255 0 255 255 255 255 0 0 255 0 255 229 0 255 0 124 240 0 0 0
    0 0 0 255 255 255 255 0 255 0 247 0 255 139 134 235 255 255 42 0 0
    255 255 255 0 255 0 255 255 255 0 0 116 0 124 0 0 194 255 255 255 0
    0 255 0 0 0 0 255 119 255 242 0 255 0 0 0 0 255 65 255 235 25 0 105
    0 255 70 0 250 214 223 0 0 255 255 255 0 255 0 255 0 255 255 143 0
    255 255 154 255 0 194 14 161 255 97 0 0 45 0 255 255 255 255 0 255 0
    255 0 0 255 255 255 255 0 0 32 255 0 255 255 255 255 0 255 0 0 0 0
    255 255 0 155 0 255 87 203 255 255 0 255 154 223 0 207 0 255 3 77
    138 255 255 0 0 0 255 255 255 120 0 0 255 255 255 0 0 0 255 255 255
    0 0 0 0 3 0 0 0 0 255 43 255 0 255 0 255 0 255 0 0 255 190 255 107
    41 0 0 129 255 0 0 255 0 0 0 255 64 0 0 0 255 206 0 255 255 255 255
    0 255 0 255 0 255 255 153 0 0 0 255 255 0 0 75 255 219 75 0 0 0 255
    152 0 0 0 255 255 0 0 250 0 0 0 0 255 255 255 255 0 0 0 255 255 182
    0 0 0 255 255 0 255 2 0 255 0 255 255 255 255 255 255 0 0 255 255
    255 100 255 0 213 35 0 0 123 0 255 255 255 255 0 124 0 255 255 0 0
    255 82 255 196 206 0 0 0 255 0 70 255 255 0 0 0 255 18 0 255 255 35
    255 255 249 0 40 83 255 255 0 0 0 0 255 116 0 255 255 255 0 95 0 255
    0 255 0 255 0 255 0 89 0 255 255 255 255 0 255 110 105 0 0 11 255
    255 255 83 0 19 37 142 255 255 255 124 0 0 18 255 255 255 0 0 255
    255 255 255 0 0 17 0 0 255 0 0 186 255 255 0 255 255 0 255 255 0 0
    221 0 0 161 255 255 0 27 255 0 0 0 255 0 0 255 255 255 0 6 0 0 0 255
    255 255 0 0 48 0 255 0 0 255 244 16 0 255 255 255 0 255 255 0 0 0
    255 151 255 178 0 0 255 0 160 255 255 255 0 0 226 255 255 0 0 0 255
    255 0 0 255 255 132 236 0 0 255 255 255 0 0 255 0 12 0 0 200 125 0
    44 18 255 0 0 255 255 255 255 0 0 246 74 0 0 255 0 255 255 0 0 130
    255 0 0 0 255 255 0 0 42 255 0 0 65 0 0 0 255 252 255 120 0 0 255
    255 0 0 255 173 255 60 255 0 174 0 255 0 0 0 255 255 255 0 0 0 255
    255 255 0 148 0 255 153 0 255 255 255 255 0 255 189 200 255 255 255
    0 0 255 118 0 0 0 49 0 0 0 255 255 255 0 0 0 255 209 255 255 0 133
    255 0 50 0 145 255 0 0 16 0 255 45 0 201 0 255 0 255 255 255 255 255
    223 189 23 0 0 0 255 255 54 165 28 0 0 0 0 202 255 0 0 0 209 32 255
    0 0 0 194 0 255 255 255 0 0 0 78 255 255 255 255 0 255 255 255 242
    255 0 0 0 67 255 255 255 0 0 0 255 255 255 0 255 0 0 0 57 255 0 255
    164 0 255 0 255 255 255 4 0 0 0 255 255 0 255 255 255 79 0 0 16 0 0
    255 179 0 0 255 240 255 0 255 0 255 0 0 255 255 0 189 0 255 255 255
    0 225 209 210 7 255 98 188 0 46 255 255 97 0 255 0 145 0 0 0 255 255
    255 255 0 0 240 173 255 255 15 0 0 255 255 0 50 0 255 0 217 0 132
    255 0 255 0 255 0 255 105 179 0 255 20 255 0 6 255 255 255 0 221 255
    0 85 255 255 0 0 255 255 255 0 13 255 255 0 255 0 255 0 255 0 255
    255 255 7 0 0 255 146 255 0 0 255 255 255 255 0 0 0 0 255 0 158 0
    255 0 0 67 255 0 255 0 255 0 255 0 0 0 255 255 255 102 0 0 255 255
    255 0 51 0 0 255 255 255 255 0 0 255 0 255 0 0 255 0 255 255 255 123
    0 0 59 0 0 255 0 255 84 255 255 0 255 30 0 255 255 255 0 0 98 0 255
    255 48 190 0 0 0 0 0 0 192 0 255 0 1 0 0 175 109 157 0 255 0 186 255
    255 255 255 0 0 255 192 255 0 255 0 255 255 255 0 255 0 0 107 255
    255 255 0 0 0 255 255 255 0 77 255 0 0 0 255 255 239 0 157 154 255 0
    255 0 255 0 255 0 255 139 0 103 255 255 255 0 0 255 255 255 0 210
    255 255 255 0 0 0 255 255 255 40 0 104 14 255 16 103 255 0 255 0 0 0
    33 255 49 0 255 0 133 0 255 255 13 255 0 255 255 0 255 0 0 0 255 255
    0 255 255 0 0 255 31 0 0 0 3 255 0 69 255 0 255 255 255 255 0 0 0
    255 255 203 0 193 0 0 0 255 255 255 0 0 0 255 0 255 255 255 140 255
    126 137 0 255 255 0 0 23 0 255 0 255 0 255 80 0 0 0 76 0 255 0 255 0
    174 0 255 255 255 13 0 0 0 255 0 39 0 255 0 255 134 255 0 255 0 255
    0 255 0 109 0 255 0 0 0 255 0 0 0 255 255 255 255 0 220 255 242 255
    0 0 203 255 255 255 225 0 0 255 0 255 255 0 0 0 255 255 208 255 255
    255 0 0 255 255 0 0 0 0 255 255 255 0 0 255 255 210 0 255 154 255 0
    0 172 0 255 255 255 127 0 0 0 255 0 0 139 255 255 0 255 0 0 0 255
    255 0 255 0 0 0 0 0 255 255 120 0 0 0 255 0 0 0 255 255 195 0 255
    255 0 56 71 255 0 0 0 196 255 0 0 85 255 94 255 0 255 255 255 0 0
    255 187 255 255 195 0 216 26 255 255 255 0 0 255 255 0 255 0 255 255
    255 0 0 0 0 255 255 255 255 0 158 0 255 0 17 0 255 255 0 0 0 255 255
    255 0 255 65 144 0 255 255 255 172 99 85 255 146 255 0 0 255 0 255
    178 173 255 0 255 255 255 0 185 0 255 0 48 0 0 255 255 255 0 0 0 255
    0 212 0 67 0 255 104 255 255 255 47 0 0 255 255 255 51 255 0 145 255
    0 89 0 114 255 255 248 125 0 255 175 0 0 0 0 46 255 255 255 0 0 0
    255 219 0 0 0 30 255 230 255 0 120 0 237 0 255 0 0 0 255 114 255 0
    255 255 255 255 255 0 0 155 0 191 0 184 255 255 255 0 0 0 255 0 46 0
    0 39 255 255 255 0 255 255 255 0 0 255 255 0 195 0 0 255 216 0 0 255
    255 0 0 0 255 255 0 255 204 255 255 255 255 255 255 0 246 0 0 0 0
    255 0 245 0 255 255 0 255 255 102 255 76 255 0 101 0 255 197 62 255
    153 255 0 0 0 0 0 255 0 255 255 255 167 211 255 75 0 0 255 255 0 0
    255 255 255 0 223 0 0 164 0 178 255 85 0 234 255 255 0 255 255 0 0 0
    255 0 162 0 0 255 0 255 0 12 134 255 0 0 0 255 255 255 0 255 255 0
    33 0 0 0 0 0 255 255 0 0 0 0 255 0 108 0 24 255 255 255 0 89 158 255
    0 0 0 255 255 0 162 0 255 255 255 255 0 0 0 0 255 166 255 255 255
    255 28 0 0 0 239 123 156 1 255 255 255 88 0 0 0 0 19 0 0 255 255 230
    0 0 135 0 255 224 255 255 255 0 0 0 0 130 255 213 0 0 234 255 0 0 0
    255 255 255 0 150 197 0 255 0 255 25 0 255 255 206 255 0 255 130 111
    0 119 0 0 240 126 255 255 0 110 255 255 0 0 0 255 7 255 0 91 142 255
    220 0 0 255 255 149 0 255 255 255 243 0 189 255 255 0 255 255 255
    255 0 255 0 255 0 0 0 255 255 255 103 0 0 255 255 0 95 255 255 0 255
    0 255 0 255 98 255 255 0 255 255 255 0 255 255 169 255 0 0 0 255 255
    132 0 0 0 71 190 255 0 0 0 255 255 0 0 255 255 255 0 255 45 0 0 210
    255 255 255 255 37 0 0 221 255 255 0 255 0 26 0 255 255 87 0 255 255
    230 0 255 0 184 0 255 255 255 96 255 0 255 0 255 0 255 0 255 0 63
    255 90 255 220 107 0 210 255 0 0 255 74 255 0 255 255 255 0 255 255
    255 0 0 255 224 0 162 255 255 9 67 0 0 0 80 255 255 0 0 0 78 255 255
    255 255 255 0 0 255 0 255 0 0 0 255 0 0 0 255 255 255 0 255 71 255
    255 38 255 255 255 6 0 0 255 255 255 255 0 133 255 255 173 0 255 255
    230 255 0 108 0 255 0 255 0 95 0 0 0 255 255 0 0 255 255 255 0 0 255
    0 255 0 255 0 163 255 255 0 217 0 255 255 241 134 0 0 255 0 136 0
    255 0 255 0 0 0 0 68 0 0 255 246 0 255 0 255 0 255 0 0 236 255 255
    255 255 0 0 255 0 0 255 255 91 0 255 255 255 0 0 0 255 48 255 255 0
    0 0 242 255 255 255 0 0 41 255 0 255 255 255 0 0 0 255 255 255 0 255
    0 0 255 255 64 255 0 255 194 0 0 0 0 148 0 193 0 255 255 0 86 0 255
    255 255 255 0 0 0 255 79 255 0 0 255 227 78 0 0 0 255 255 220 0 0
    255 255 0 255 219 255 255 152 0 198 0 0 255 255 255 0 255 255 255
    255 38 255 0 0 255 0 0 255 101 0 255 255 255 0 255 0 255 254 255 0
    255 0 255 223 140 0 123 255 120 255 0 255 255 248 0 0 255 255 255 0
    118 255 255 65 50 0 0 255 255 120 0 0 255 253 73 0 235 255 255 248 0
    0 255 255 255 255 255 255 0 0 0 0 55 0 0 255 255 58 255 0 47 255 180
    0 255 255 0 0 93 162 255 255 147 94 255 255 85 0 0 0 167 0 235 8 255
    51 255 0 0 68 31 255 255 255 0 198 255 0 167 0 255 0 0 255 98 89 255
    255 255 0 0 255 255 255 246 138 255 0 0 0 0 255 204 255 0 255 0 0
    132 0 255 255 0 0 44 255 255 255 0 196 0 255 0 255 0 0 255 255 0 0 0
    146 97 255 255 179 0 0 0 255 0 26 0 255 255 132 76 112 0 65 0 0 0
    255 0 0 0 255 255 0 0 79 255 0 228 0 255 32 0 0 168 255 0 0 0 0 110
    255 255 255 255 156 220 255 255 255 92 0 5 166 0 0 0 173 255 255 0
    255 0 0 124 255 0 166 0 0 255 73 255 0 216 255 255 255 0 0 149 255
    255 179 255 255 255 255 255 255 0 0 0 0 255 156 211 255 0 0 255 0 0
    0 0 0 28 88 255 139 162 135 0 0 255 0 141 43 0 255 0 255 255 255 134
    0 255 0 0 0 255 255 0 255 0 0 255 0 255 255 172 175 255 12 0 255 0 0
    255 255 0 40 0 255 255 255 116 216 0 255 0 255 0 255 0 255 0 0 255
    255 255 0 255 255 98 0 0 255 0 255 83 255 255 255 255 170 0 255 255
    255 255 0 0 160 255 255 136 255 224 41 96 0 0 0 255 255 3 255 0 0 0
    0 83 196 255 42 255 0 144 0 13 255 0 236 0 43 0 255 0 0 0 0 0 255
    255 0 255 35 255 0 0 0 0 255 0 161 0 255 255 0 255 166 255 0 0 208 0
    31 0 255 0 255 255 0 0 255 0 255 87 255 0 255 0 255 76 255 0 0 243
    255 0 0 0 255 198 255 255 0 53 0 255 0 255 91 149 0 149 217 230 255
    0 0 255 255 255 78 0 0 255 0 0 255 32 255 0 0 48 255 245 197 0 255
    255 0 183 0 255 0 97 103 255 0 0 0 255 255 255 0 0 255 255 255 255 0
    0 162 255 111 0 0 0 255 255 86 0 0 255 0 255 0 0 0 255 94 255 255 43
    0 0 179 255 255 0 0 0 255 255 255 255 0 255 0 255 179 255 255 255 0
    255 0 255 0 255 0 103 49 255 0 0 208 255 255 0 242 0 67 255 0 255 0
    255 255 235 82 0 239 233 0 0 255 255 255 0 0 0 255 255 255 0 0 0 255
    255 0 0 255 16 255 0 255 0 0 0 255 182 0 0 255 82 255 255 255 46 0
    77 0 55 0 0 255 0 255 148 255 255 0 255 0 255 0 0 0 255 33 30 0 55 0
    255 255 255 197 0 0 0 40 92 0 255 255 0 0 0 255 0 255 255 41 255 0 0
    0 0 255 255 255 118 255 0 255 0 176 0 255 255 255 0 255 0 112 255 0
    255 0 255 255 255 0 0 0 0 128 255 255 163 0 0 121 255 255 255 255 0
    255 0 255 255 255 255 255 0 255 0 42 0 255 255 255 0 234 0 19 224
    255 255 0 255 109 0 0 0 50 104 255 255 0 255 255 0 0 0 255 255 79 0
    0 255 255 255 0 255 0 0 0 255 255 0 121 255 0 255 0 255 255 0 0 0
    255 97 0 255 255 255 255 81 0 43 0 255 255 255 204 0 0 0 0 255 255
    93 0 0 255 255 0 255 0 255 255 255 255 255 255 0 102 140 255 0 255 0
    255 0 255 255 255 0 142 0 255 0 255 0 255 160 255 0 255 0 255 0 255
    0 255 255 0 255 0 191 255 255 0 47 0 0 0 255 255 0 0 255 255 0 126 0
    79 183 255 0 0 255 255 97 203 255 115 0 0 255 255 0 255 0 0 255 255
    137 0 255 0 0 0 255 255 206 255 0 0 245 0 86 0 255 111 255 255 0 0
    137 211 244 255 255 13 232 0 255 12 189 128 0 140 255 0 0 255 201 0
    255 230 255 0 255 255 255 255 0 0 117 18 255 255 255 0 255 0 118 0
    255 255 255 0 0 255 255 255 255 0 255 0 255 0 0 219 255 0 255 0 255
    255 255 0 0 255 0 255 255 67 255 0 255 126 37 52 0 107 255 50 0 0
    255 188 255 0 0 0 156 255 0 52 255 0 0 0 126 255 255 93 255 0 237 0
    0 0 29 255 255 0 0 255 255 255 255 0 0 0 255 18 163 0 62 255 255 0 0
    255 255 255 255 189 255 255 190 0 255 255 255 0 0 0 225 255 255 82
    183 0 74 255 255 0 62 243 30 255 0 0 0 0 255 0 255 255 255 0 255 255
    0 255 182 255 255 0 255 255 255 0 0 0 0 123 255 108 0 255 255 119
    255 222 255 255 0 135 0 0 255 123 255 189 0 255 0 255 0 189 255 255
    0 133 255 255 255 0 193 0 255 0 255 161 255 92 0 255 0 255 0 255 0
    88 0 255 162 181 0 255 38 255 255 255 255 255 211 126 255 0 24 255
    255 0 0 0 255 0 0 0 255 255 255 0 108 255 16 255 255 0 255 219 0 255
    111 0 0 0 41 102 255 201 176 0 0 255 255 0 0 255 0 0 255 255 255 0
    255 0 255 0 255 255 255 0 255 255 255 0 183 255 255 255 104 0 0 255
    255 230 0 255 0 103 191 255 255 255 255 0 0 255 255 255 255 0 223
    222 255 255 35 255 0 255 255 255 0 0 150 255 0 0 0 255 139 0 0 255
    122 131 2 255 255 255 188 0 0 0 255 255 0 255 0 255 0 255 255 255 29
    0 0 255 255 255 0 0 224 255 255 141 216 248 255 0 0 0 255 100 255
    255 162 0 174 255 0 255 0 0 196 0 122 218 161 255 255 0 0 152 0 255
    255 255 0 255 0 114 0 255 156 255 0 255 255 90 0 0 255 0 0 0 255 255
    0 0 255 255 0 62 0 255 0 84 0 255 0 255 108 0 0 112 0 255 184 255
    255 205 255 0 255 0 0 255 0 255 123 255 211 189 255 255 0 0 101 255
    255 0 255 0 255 216 255 0 0 126 0 255 255 0 255 58 255 0 0 0 255 93
    164 223 255 255 157 0 255 0 255 214 0 255 0 119 255 111 255 0 0 0
    255 255 79 237 0 7 0 0 0 255 255 255 0 255 180 0 0 0 76 255 118 0 0
    50 255 255 112 255 255 255 255 0 0 0 255 0 212 2 0 255 255 224 0 112
    132 255 119 0 255 255 0 0 0 255 230 255 255 0 0 0 255 0 255 255 255
    255 62 0 255 255 101 0 0 205 0 237 255 255 0 0 0 0 121 255 166 0 0
    255 0 131 0 255 255 255 255 48 255 0 0 92 255 255 0 255 255 255 255
    0 61 0 246 255 0 105 0 0 255 0 255 0 255 255 190 0 0 0 255 0 0 255 0
    0 255 19 90 0 0 255 255 255 255 255 0 0 233 0 0 0 0 105 0 62 0 35
    255 255 255 0 159 0 255 255 255 0 0 0 255 255 0 118 255 255 255 0
    255 0 0 0 255 0 0 255 255 140 0 0 21 255 0 0 0 255 179 7 255 255 0 0
    255 255 0 0 0 255 0 255 17 116 255 0 0 0 255 243 0 0 255 255 0 0 0
    255 255 255 255 0 0 0 96 255 255 255 0 255 255 255 255 255 0 126 255
    255 0 166 0 0 255 150 0 0 255 255 255 0 0 255 83 255 0 255 255 0 0
    255 255 0 0 0 23 255 239 255 0 0 255 255 76 255 48 255 0 0 0 0 255
    255 255 0 0 0 12 255 0 0 0 255 0 0 0 255 0 109 0 0 0 255 0 255 0 0 0
    0 242 224 255 0 0 255 96 0 0 0 255 0 253 0 0 0 255 255 0 255 255 255
    255 255 100 0 0 255 255 255 255 0 188 0 0 255 10 149 0 39 255 255
    255 0 0 61 151 0 255 0 0 255 255 0 0 255 255 255 255 0 0 0 161 0 0 0
    95 0 255 0 255 255 225 0 0 0 255 255 147 0 0 255 143 147 255 0 255 0
    0 0 0 0 255 0 255 0 150 0 255 255 255 193 0 133 255 0 0 0 0 186 0 0
    255 255 235 0 255 0 255 255 255 250 0 244 0 0 255 30 255 0 0 0 29 0
    255 168 45 0 0 0 0 255 255 255 90 0 0 0 255 255 255 255 88 255 0 0 0
    0 255 255 255 0 0 0 0 0 0 150 101 73 255 0 0 0 237 255 92 0 255 160
    255 0 255 188 0 0 10 255 255 0 255 0 255 199 0 0 0 0 255 255 109 175
    255 33 0 0 255 255 0 0 132 255 188 199 255 0 255 0 255 255 0 0 0 255
    0 255 255 126 255 0 0 223 0 41 39 255 0 0 0 255 0 0 159 255 255 0
    255 0 19 0 0 0 255 215 255 252 185 0 255 255 255 0 76 175 255 0 0 73
    255 0 0 33 255 0 0 255 75 255 255 0 0 255 179 255 115 255 62 0 11
    255 255 0 0 0 0 255 0 255 102 0 200 0 255 116 136 0 0 255 0 169 0
    255 0 0 148 255 197 255 0 0 62 255 0 255 0 255 97 157 0 0 255 255
    241 0 255 0 0 0 0 255 255 0 255 0 0 97 218 0 255 255 120 0 0 93 227
    34 0 113 255 255 255 0 255 255 0 255 169 0 255 90 0 255 255 83 115 0
    255 0 255 255 255 0 255 215 255 255 255 255 42 255 218 255 0 54 119
    0 0 255 255 227 37 0 255 0 0 0 15 255 255 0 0 255 0 231 0 0 0 0 134
    233 255 0 255 179 255 255 255 0 0 0 0 255 255 0 17 0 255 0 255 0 255
    0 255 255 255 3 0 0 0 255 255 255 88 0 255 0 102 0 0 255 255 255 0
    255 255 0 0 0 0 0 255 255 255 255 61 132 255 255 255 200 0 0 0 111
    104 255 0 13 185 255 0 0 255 153 255 0 255 192 255 0 255 0 255 0 255
    62 63 255 255 255 0 255 255 218 0 0 0 0 0 0 255 255 255 255 107 0
    255 0 255 243 255 0 0 28 0 0 0 255 255 255 254 255 0 255 0 255 255 0
    0 90 255 0 0 0 84 0 255 138 255 0 0 0 44 255 120 0 255 0 255 0 0 71
    0 255 20 0 0 61 0 255 0 255 0 255 255 255 0 255 0 255 200 255 182 62
    0 0 255 0 255 0 102 0 255 255 128 0 0 0 255 0 108 255 0 0 118 0 151
    0 255 255 255 0 0 0 255 0 0 255 0 255 0 255 255 0 255 255 255 0 0 46
    0 255 255 255 98 255 54 0 116 0 0 255 255 0 228 255 0 0 164 0 52 0
    255 0 0 255 18 255 177 0 255 255 255 255 255 255 0 0 0 255 255 255
    255 0 34 255 255 0 255 0 255 0 0 0 255 0 0 153 59 0 0 255 0 234 188
    255 171 124 255 141 255 0 255 0 0 0 0 255 0 0 167 255 255 0 0 255
    104 39 255 220 0 255 255 0 0 120 255 255 0 0 255 229 255 0 65 255 0
    0 0 221 117 255 255 255 17 0 0 255 255 255 147 5 0 246 0 0 255 255
    107 255 100 255 255 0 255 255 0 255 0 0 130 255 82 255 0 0 0 0 255 0
    145 0 255 0 255 0 255 255 255 255 0 99 247 0 0 255 255 255 217 83 0
    242 255 255 188 187 89 189 40 56 255 255 196 255 182 0 0 0 255 0 255
    229 255 0 0 165 0 154 57 0 255 66 255 255 0 0 112 255 0 255 0 168 83
    255 0 255 255 255 0 255 255 0 0 0 255 188 0 0 0 255 0 71 0 255 0 225
    186 255 0 25 0 255 2 255 0 245 0 0 255 0 255 0 145 0 0 175 255 255
    255 255 0 0 0 178 255 255 193 255 0 255 110 255 0 192 255 255 49 255
    0 255 0 255 0 255 255 255 81 0 255 27 255 0 0 255 216 255 0 0 0 255
    0 255 0 255 0 255 255 255 88 0 255 255 255 42 0 0 0 255 0 0 212 117
    255 255 222 0 0 64 0 255 255 255 255 255 0 255 0 255 0 255 0 0 0 0
    120 44 255 255 255 0 255 0 255 255 0 0 171 255 255 0 255 60 255 137
    133 255 0 0 0 0 255 0 255 255 255 255 0 0 0 255 255 255 207 0 0 143
    0 0 255 0 186 255 208 226 255 0 0 0 43 170 0 94 255 0 255 255 255
    133 57 0 141 0 194 255 255 0 16 255 255 160 72 0 255 216 0 255 239
    255 12 0 0 0 255 255 10 0 255 255 255 0 255 0 255 0 255 0 25 255 255
    103 0 255 255 0 0 255 161 255 0 0 255 0 255 0 255 0 255 68 0 255 0
    255 0 255 255 255 0 0 0 255 255 255 223 255 0 34 0 255 255 255 126 0
    255 0 255 0 255 0 0 158 0 255 255 255 90 255 255 0 0 0 0 255 0 99 0
    40 222 0 0 174 0 255 62 255 255 135 0 255 255 255 0 0 255 0 255 0
    201 7 255 255 255 0 0 129 178 255 0 0 212 255 0 135 255 255 237 0
    255 195 255 255 255 255 0 255 0 255 255 255 31 255 0 0 0 46 255 255
    170 0 14 0 0 0 0 255 58 255 0 255 91 163 202 255 0 223 0 255 255 0 0
    0 0 255 0 255 141 255 0 198 0 255 255 255 0 255 255 255 226 0 0 255
    0 0 109 255 255 191 0 0 0 173 0 103 0 87 255 0 255 255 255 0 0 0 207
    255 0 0 239 255 255 0 0 255 0 255 0 255 0 48 0 84 255 37 255 0 0 0
    255 255 87 0 255 0 255 255 0 105 0 255 0 255 0 0 0 233 255 0 255 189
    0 0 255 255 221 255 0 255 0 255 255 255 255 23 22 255 255 0 0 0 255
    255 83 0 255 0 255 0 255 255 255 0 160 176 255 255 0 0 255 0 255 0
    255 255 255 255 0 255 34 0 91 0 0 255 255 0 0 255 255 0 0 244 255
    255 0 0 255 0 190 0 0 0 0 255 138 255 255 240 0 245 0 0 255 254 255
    0 0 248 0 207 255 255 0 0 0 255 255 255 131 255 97 255 255 0 255 0
    211 255 255 255 0 90 0 0 0 0 255 255 204 0 193 223 0 255 0 255 0 255
    5 180 5 255 255 255 0 255 255 255 0 0 0 255 255 255 16 0 0 0 0 0 0
    77 0 255 215 255 255 255 0 255 0 1 255 0 255 0 0 255 255 0 255 255
    146 255 0 255 0 255 0 0 255 0 255 255 255 0 255 255 255 255 0 255 0
    255 255 255 0 255 0 0 0 255 255 98 255 0 239 0 12 255 0 255 255 110
    0 0 255 0 0 208 0 255 255 0 136 255 0 255 0 39 255 255 255 0 255 0
    239 0 255 121 255 255 0 96 255 0 255 255 109 0 0 0 255 0 0 0 0 255
    180 255 0 123 99 95 0 0 255 255 0 255 125 255 0 255 255 255 0 0 0
    255 0 255 104 255 0 0 255 0 255 156 255 0 0 255 255 255 0 0 255 0 0
    255 255 216 0 0 255 29 255 0 0 0 252 255 255 0 255 31 255 255 255 0
    255 0 255 255 0 60 0 20 255 255 255 194 68 0 0 0 0 186 255 255 255 0
    255 0 247 0 0 0 184 0 255 255 0 0 0 0 255 255 255 0 0 0 255 255 255
    0 255 57 0 255 0 255 0 0 0 255 31 255 0 0 0 0 255 0 0 0 16 255 255 0
    255 0 255 0 255 2 255 255 0 0 0 37 255 254 166 0 255 255 139 208 168
    49 255 0 255 48 0 255 248 255 0 255 0 255 225 242 0 255 0 0 4 0 101
    255 0 255 70 255 0 88 0 0 0 159 0 255 9 255 255 255 0 0 0 255 255
    255 255 0 20 0 0 0 255 255 0 255 116 255 0 0 90 255 211 255 0 255 0
    21 255 0 0 255 0 255 0 0 255 255 255 0 255 0 255 255 0 170 255 190
    255 0 0 0 255 151 255 0 78 0 0 255 255 0 255 255 255 0 0 0 255 0 0 0
    0 255 255 91 0 0 255 78 148 255 183 0 0 0 0 13 255 191 0 255 0 255 0
    255 0 255 0 0 255 118 255 0 0 6 0 255 255 241 255 255 255 255 255 0
    0 0 255 255 255 108 0 0 0 0 255 0 106 255 255 255 0 0 180 0 255 0 0
    255 255 255 0 255 255 255 255 0 255 255 0 0 0 255 255 252 121 243
    195 0 0 0 0 255 255 255 0 0 255 255 255 0 0 0 77 255 255 0 255 0 255
    255 57 255 0 0 90 255 255 0 0 0 0 2 0 255 255 0 0 0 0 255 0 0 206
    255 92 1 165 255 223 255 255 0 255 37 53 131 255 0 0 0 255 0 0 43
    255 255 0 0 0 0 108 255 0 255 255 255 0 0 0 255 63 255 0 255 65 255
    255 86 0 0 0 0 255 0 0 0 255 43 255 255 255 78 255 206 0 92 255 255
    0 0 0 255 0 255 0 255 80 0 255 0 255 255 255 138 0 255 0 255 0 255 0
    0 255 156 0 255 255 255 0 129 255 255 255 0 0 0 0 0 255 0 255 29 0
    147 255 255 255 0 255 0 255 214 54 0 0 0 0 255 255 0 0 18 0 0 255
    255 255 55 0 0 226 255 99 176 0 255 0 255 0 31 0 0 255 255 255 162
    66 0 0 0 255 0 0 255 255 255 0 0 0 255 0 255 0 255 255 255 0 0 0 255
    255 0 0 84 255 198 255 255 107 255 0 0 255 255 255 249 255 0 0 255
    255 0 0 146 255 255 239 255 0 0 0 0 93 0 73 255 223 68 0 4 255 161
    255 0 173 0 180 255 255 255 0 0 255 255 191 136 255 0 255 45 175 0
    255 0 0 0 120 255 191 255 255 0 0 255 213 255 0 0 0 0 42 255 255 255
    255 65 255 0 255 0 255 0 0 0 255 0 0 0 139 255 255 0 0 255 255 0 255
    255 0 0 205 255 255 176 0 255 255 255 32 0 14 0 255 35 255 0 225 255
    255 0 203 0 255 255 255 255 255 255 255 130 255 0 0 0 255 0 0 0 132
    0 0 255 0 0 0 255 255 0 0 0 255 255 255 0 0 50 0 255 255 255 255 158
    0 255 20 255 143 161 0 255 228 255 0 0 0 255 0 255 255 0 255 0 255 0
    217 255 158 0 0 140 0 0 255 131 180 0 255 255 0 255 215 255 0 200
    220 0 255 0 255 111 0 0 0 255 255 255 182 182 255 0 185 255 139 31
    255 0 255 0 0 0 255 255 251 0 255 0 75 0 12 0 0 255 255 0 0 119 0
    255 255 0 0 11 255 255 177 0 0 200 255 255 0 70 255 0 0 0 183 255
    255 255 255 0 0 255 0 255 0 255 255 255 93 0 0 0 0 255 255 255 253
    244 0 255 0 255 72 0 0 0 255 191 31 255 255 0 0 255 0 255 255 255 0
    255 255 255 0 85 172 255 0 0 0 255 111 0 254 255 255 255 0 0 0 255 0
    141 0 255 255 96 0 255 0 56 255 255 255 0 255 0 23 0 0 255 255 0 0
    255 255 255 236 0 255 255 255 0 132 255 255 255 255 255 0 0 102 255
    0 255 204 255 65 255 105 255 0 255 0 0 0 255 0 0 255 0 110 255 255
    72 255 0 255 0 0 0 0 0 0 210 255 0 255 0 0 156 255 0 0 0 0 255 0 255
    255 255 0 0 255 184 255 255 0 0 0 0 0 71 255 137 102 0 0 171 255 0 0
    0 255 135 0 255 57 0 29 255 0 255 36 221 0 10 0 255 255 0 255 144 0
    0 255 0 255 0 26 255 255 255 0 169 0 0 255 0 255 154 61 255 0 206 0
    187 255 0 0 0 255 0 0 0 0 255 255 255 0 255 234 255 255 0 61 26 112
    224 255 255 255 255 0 0 0 162 255 0 255 0 255 0 18 49 255 255 148
    231 0 255 124 0 0 105 255 0 38 0 255 0 255 0 0 255 0 0 231 255 227
    255 255 255 195 255 0 141 0 51 255 255 255 0 255 75 255 0 87 13 215
    161 0 255 168 255 0 0 255 255 0 0 255 219 202 0 47 0 0 255 255 255 0
    0 255 255 20 0 223 0 255 11 255 62 0 72 255 255 0 223 255 255 255 0
    255 255 255 177 255 255 255 0 0 0 0 255 255 235 0 70 0 255 121 255 0
    255 0 255 0 0 0 255 0 255 57 0 0 0 255 0 255 255 255 45 0 255 0 255
    255 183 255 0 255 0 16 0 255 0 255 0 255 0 255 255 0 0 255 255 0 146
    100 255 255 255 68 255 0 255 0 104 255 0 0 0 0 255 255 0 154 0 255
    255 255 255 0 0 241 255 9 246 0 255 116 123 0 210 0 255 212 255 255
    0 0 0 0 217 255 38 218 126 0 255 0 255 0 255 255 255 255 255 255 0
    70 255 0 0 255 0 255 0 106 255 136 0 72 0 0 0 0 255 255 255 0 0 0 0
    158 0 0 0 255 255 255 0 0 0 255 255 255 0 255 88 231 255 0 0 255 255
    36 0 0 255 0 255 0 255 0 0 109 255 105 255 78 199 255 255 255 0 46 0
    4 255 255 83 45 255 255 0 255 255 255 111 77 255 255 255 0 0 0 0 54
    0 0 255 255 211 0 0 244 116 0 255 0 255 0 255 42 255 0 255 0 255 0
    230 0 255 255 255 255 0 255 0 0 0 0 0 255 255 0 156 183 0 0 0 255 0
    255 255 75 62 186 255 97 173 255 0 0 0 255 255 0 113 237 255 219 0 0
    255 0 143 255 0 255 255 255 0 0 255 255 43 255 255 0 126 138 255 0
    255 255 0 0 0 255 0 255 0 255 255 36 142 255 255 11 0 0 255 0 0 47 0
    255 255 255 0 0 0 36 0 110 255 255 0 0 0 255 255 46 255 0 255 0 255
    255 0 0 255 255 255 0 255 255 0 255 0 253 255 0 212 255 231 176 246
    0 0 255 0 0 0 255 255 0 0 0 255 154 255 255 255 185 255 255 0 0 255
    0 0 199 255 255 79 0 207 255 204 0 0 0 218 255 0 0 0 0 222 255 239 0
    0 71 0 255 0 255 249 255 0 20 195 255 255 0 0 255 255 0 0 0 255 61 0
    193 255 86 228 183 255 0 255 0 0 0 255 0 255 0 255 115 255 0 255 173
    255 0 14 0 0 0 255 255 255 0 0 189 0 0 0 255 255 255 0 217 0 255 0
    157 0 255 0 255 255 255 204 255 0 255 0 54 149 251 255 255 0 0 0 255
    0 255 255 255 255 255 42 232 255 255 0 255 255 0 210 0 0 0 0 0 233
    255 99 0 0 255 14 68 114 0 25 255 255 22 0 0 0 0 255 126 59 255 255
    0 146 255 0 0 0 255 184 255 255 0 0 255 255 0 0 0 255 0 255 2 255 69
    255 255 255 103 255 255 255 0 0 255 255 0 255 0 0 0 0 255 255 0 0
    255 224 255 152 255 255 0 102 137 255 0 255 255 0 0 77 255 0 0 122
    255 181 255 255 255 68 255 255 61 24 255 255 0 0 77 255 255 0 181 0
    162 67 255 255 0 255 194 0 0 157 255 255 117 255 0 137 255 255 0 46
    130 255 255 0 247 255 255 91 0 255 255 0 0 0 0 255 255 0 0 0 255 255
    255 0 0 255 255 255 188 46 0 0 196 255 255 0 0 255 0 255 255 255 0
    255 0 255 0 6 0 0 208 255 255 168 0 248 0 255 0 0 40 240 255 0 0 0
    87 0 0 10 0 255 255 255 0 253 0 255 0 255 71 0 255 255 0 0 110 255
    168 0 247 255 255 255 0 255 255 0 100 255 0 255 0 0 0 255 212 163
    255 0 255 0 178 0 255 0 255 0 255 126 65 218 0 255 0 255 159 255 255
    255 120 0 0 255 255 0 255 0 0 0 255 255 255 223 255 255 255 255 255
    0 255 0 88 143 0 0 255 255 255 255 255 0 0 0 255 255 136 255 255 255
    0 255 0 255 255 255 110 145 0 0 239 195 255 146 255 255 0 255 0 0
    255 0 255 0 255 0 12 255 249 255 64 0 0 80 255 255 148 0 255 255 255
    255 0 199 0 255 255 24 0 41 23 255 0 83 0 255 0 0 174 255 53 65 255
    255 0 0 255 42 20 54 255 255 211 0 0 0 0 255 0 0 255 255 0 41 0 232
    255 232 0 0 255 0 201 40 255 255 255 0 0 255 0 65 0 0 0 255 250 0 47
    0 61 0 255 0 0 0 96 255 255 0 255 212 255 108 255 255 255 0 0 35 255
    255 255 0 0 255 209 0 0 0 0 0 0 255 255 255 0 0 112 255 255 255 255
    189 0 0 21 0 0 0 216 0 213 213 255 255 255 255 97 38 255 0 255 135
    255 0 0 0 0 255 0 216 255 255 0 0 255 255 255 88 17 0 0 255 0 154 0
    255 216 193 255 0 0 255 255 230 0 255 97 255 255 255 0 0 0 255 255
    54 0 0 239 0 16 0 255 255 0 255 77 255 0 255 255 255 255 255 0 232
    255 0 76 255 0 255 0 255 0 0 56 0 131 155 255 0 255 231 145 0 0 255
    255 255 192 0 255 0 179 21 255 0 0 0 0 255 255 255 0 0 0 255 255 186
    0 255 255 255 255 255 0 130 0 48 255 0 255 0 255 255 0 255 177 255
    53 0 87 0 255 255 0 31 216 0 255 255 255 255 119 0 0 0 255 255 255 0
    0 206 255 244 0 108 255 255 28 0 85 0 0 0 255 255 255 0 252 0 0 0
    255 255 255 255 0 255 0 146 0 255 0 106 255 255 0 75 255 0 0 0 0 255
    255 255 146 0 255 0 53 169 65 255 138 0 255 255 133 96 0 255 255 255
    255 119 15 0 72 0 0 255 255 255 255 255 255 255 0 255 255 0 0 0 0 0
    255 255 255 255 0 91 255 255 0 0 255 255 147 0 0 244 0 255 255 0 255
    0 135 136 0 0 255 255 255 0 0 255 190 255 0 255 0 255 0 0 133 255 44
    32 0 197 0 255 255 255 0 0 255 0 255 0 255 0 243 0 41 0 255 0 236 52
    255 255 217 0 0 131 255 27 251 0 0 0 255 255 217 255 0 0 255 255 255
    0 0 0 255 167 0 194 255 255 0 255 1 0 115 0 255 0 255 255 255 0 0 0
    255 0 255 0 0 249 255 255 255 0 126 255 255 255 255 255 255 118 255
    0 107 0 216 255 60 255 255 0 0 255 0 255 255 0 0 255 0 255 0 255 0
    121 255 255 0 255 0 255 172 0 226 255 255 0 255 0 175 151 100 99 255
    0 255 0 255 255 255 29 255 0 0 0 0 255 0 0 255 0 161 0 255 0 0 0 255
    101 0 0 0 255 0 255 0 171 0 160 78 255 255 5 49 255 0 142 0 160 0
    255 0 255 255 255 0 0 255 0 190 0 0 255 91 0 255 0 112 185 140 0 0 0
    159 0 255 0 255 0 255 0 255 255 255 211 255 0 20 255 113 65 0 255 0
    0 0 0 255 0 255 255 181 0 0 255 52 0 255 0 255 69 0 128 150 255 255
    0 0 0 0 206 255 0 0 0 255 255 255 0 44 255 0 79 255 255 0 0 0 0 176
    0 0 198 255 0 0 190 243 255 0 0 171 0 0 255 255 255 128 0 255 153
    196 255 0 100 0 0 0 0 255 255 193 255 0 255 255 0 0 96 255 0 178 255
    155 255 255 222 0 0 255 200 102 108 0 255 104 0 0 0 255 182 0 255 0
    255 0 255 95 255 0 255 38 27 255 52 0 0 255 255 255 0 0 0 0 0 0 255
    255 0 162 0 0 0 255 0 255 0 255 0 0 255 255 0 0 255 255 255 0 0 240
    117 255 0 0 0 255 0 255 0 255 0 255 255 255 255 255 86 190 0 255 255
    0 0 255 0 22 0 0 95 255 255 86 131 0 68 0 119 0 255 0 65 255 255 0
    255 0 255 0 255 255 255 159 135 0 255 255 223 255 0 0 0 0 255 0 0 0
    255 255 0 180 43 0 255 0 255 0 232 167 255 0 0 0 255 217 255 0 130
    255 255 0 0 0 0 255 255 251 85 255 255 255 255 255 134 255 0 97 247
    0 0 0 69 212 196 255 2 255 255 255 0 168 0 0 255 0 255 0 0 0 0 34
    229 0 255 209 0 255 255 255 0 184 0 255 255 255 90 0 0 0 0 30 0 255
    255 255 255 0 0 255 255 0 255 0 255 0 99 186 255 255 0 0 255 65 52 0
    0 0 0 255 245 0 5 0 255 255 190 0 0 255 255 0 255 0 94 0 104 0 255
    50 0 0 138 0 0 255 255 0 0 0 255 255 0 0 0 255 255 0 0 255 199 255
    235 60 0 0 255 31 0 0 171 255 0 255 181 255 255 0 0 0 59 0 198 0 255
    255 0 0 255 32 255 255 0 0 0 255 255 255 255 255 0 0 0 0 255 0 255 0
    8 0 255 0 104 0 255 201 255 0 0 255 89 255 0 255 0 0 255 255 255 0
    255 194 255 0 13 255 255 0 0 255 255 0 164 255 0 0 0 255 255 255 174
    0 91 255 183 0 250 255 255 0 0 255 0 0 0 0 194 255 255 255 0 1 0 158
    255 233 0 0 0 255 86 0 0 0 0 0 0 53 255 255 0 255 255 0 255 0 255 0
    255 0 255 255 255 255 0 255 0 21 255 255 0 0 0 0 255 255 0 0 255 255
    255 0 0 168 255 119 255 255 0 255 0 255 255 0 0 29 255 68 0 0 255 0
    255 255 31 0 0 255 255 255 255 255 0 255 255 0 255 0 0 0 0 255 255
    231 0 0 90 152 255 255 255 0 255 0 0 173 255 255 0 49 255 255 255
    255 0 255 0 255 169 255 0 255 255 0 51 0 255 2 0 255 255 0 0 255 255
    0 0 255 255 0 124 255 255 0 255 0 255 0 26 255 255 0 0 33 60 0 255
    255 255 0 178 0 255 0 255 225 255 0 0 0 222 72 255 255 0 0 100 0 0
    255 255 153 174 255 8 0 255 0 255 0 255 0 255 83 255 48 0 0 0 0 255
    255 255 255 255 255 90 255 255 0 0 46 255 0 255 0 255 255 255 255
    225 0 0 117 255 0 0 255 0 255 0 0 255 251 255 255 0 79 0 130 0 255 0
    0 0 71 255 0 255 166 37 255 147 255 255 0 255 255 0 255 255 255 255
    255 255 255 255 255 0 0 0 255 168 117 0 0 255 255 0 0 255 192 0 66
    255 255 0 0 0 0 255 143 0 0 0 0 255 255 255 0 255 0 255 0 0 0 0 174
    255 255 157 255 255 0 255 121 0 255 0 245 0 255 255 46 255 163 255 0
    255 255 255 0 0 181 255 255 137 0 163 255 255 255 0 255 203 0 255 0
    128 0 255 3 0 79 148 255 255 255 255 0 0 255 255 255 255 0 0 0 255
    255 255 130 0 0 0 0 0 255 149 255 0 255 242 255 0 0 6 255 255 255
    255 0 255 255 0 164 0 255 255 255 0 0 0 3 255 0 255 0 152 0 255 138
    255 0 255 0 255 255 255 255 0 76 0 255 0 255 0 255 0 255 255 255 60
    255 0 29 0 168 90 0 238 0 255 255 255 255 0 0 255 255 122 28 0 255 0
    255 167 255 0 0 0 255 255 175 181 0 255 255 255 255 0 220 200 255
    114 255 255 0 0 0 255 0 0 201 255 255 0 57 255 255 0 0 80 255 206 0
    0 255 255 0 255 255 0 255 255 255 0 0 0 162 255 255 0 255 0 255 0
    162 255 255 255 0 0 0 32 245 0 255 255 255 98 54 0 0 0 85 85 0 255 0
    0 0 62 0 0 255 255 255 255 0 129 255 255 0 255 255 85 0 0 255 0 255
    26 255 0 255 255 0 255 0 0 0 255 255 255 0 0 0 255 255 255 255 0 0
    255 0 0 0 255 255 255 0 255 0 255 255 0 0 0 255 0 0 0 109 255 76 255
    0 0 0 0 255 255 255 255 81 0 0 0 244 255 255 0 0 87 255 255 0 255
    114 255 0 255 0 255 0 255 0 255 0 0 255 252 0 255 0 255 136 248 0
    255 255 255 0 253 255 255 0 255 0 0 0 0 0 0 255 255 255 255 0 0 0 0
    255 255 255 255 0 0 0 255 0 22 77 255 0 185 0 0 0 207 255 255 255 0
    255 0 0 255 198 255 0 132 255 0 79 255 174 97 255 0 255 255 255 84
    255 0 255 255 0 239 255 0 255 0 255 0 255 22 0 0 0 255 0 255 255 255
    0 0 0 0 0 255 176 255 0 0 0 0 0 255 0 255 123 255 183 255 0 255 255
    59 0 0 0 255 0 255 0 62 0 255 213 255 239 255 187 0 0 0 0 0 13 185
    255 255 187 0 255 25 255 0 171 0 137 0 0 76 255 173 0 0 255 255 0
    169 0 0 41 109 255 0 235 0 13 255 255 0 82 0 255 48 255 0 0 0 255
    255 179 0 0 255 0 255 58 0 78 53 255 0 107 255 0 0 0 0 255 56 255 0
    0 0 255 33 255 0 255 0 255 187 0 0 255 255 0 255 255 255 0 255 255
    255 255 255 255 255 0 201 54 179 255 0 255 0 255 255 113 236 0 255 0
    255 0 255 177 91 17 255 114 0 255 255 0 0 122 141 255 0 218 0 255 0
    153 0 255 255 217 255 0 255 255 0 0 255 0 255 129 0 0 0 0 0 255 255
    255 0 135 137 255 0 41 255 0 182 0 255 242 255 143 182 0 0 0 20 69
    255 0 0 160 255 87 255 255 42 0 255 255 0 0 0 255 0 49 0 0 0 0 0 0 0
    255 255 255 48 255 255 94 0 93 102 0 255 0 255 255 5 56 255 255 255
    49 0 0 219 255 255 0 0 255 255 255 251 255 255 0 246 0 0 108 255 0
    12 68 157 255 255 0 255 0 0 0 255 0 255 0 0 0 255 0 255 0 0 0 255
    255 0 0 62 0 24 180 255 204 255 255 255 114 255 0 237 255 255 255
    255 0 200 0 0 0 255 255 0 172 0 255 226 255 255 0 0 0 194 255 87 214
    31 0 255 255 255 219 102 255 0 255 255 0 255 0 255 0 124 0 0 255 255
    255 255 255 255 0 0 255 0 255 0 255 112 195 255 255 8 0 226 0 0 0 0
    0 0 0 0 0 159 255 255 255 0 181 255 255 0 255 255 255 145 0 0 0 0
    255 255 255 0 0 0 255 255 166 0 255 0 0 0 255 255 0 87 0 255 59 255
    255 0 255 0 0 0 255 255 154 0 0 255 39 0 0 255 0 0 255 255 247 255 0
    52 179 255 0 0 0 255 0 0 233 255 255 0 0 255 0 0 255 255 64 255 0 25
    0 0 0 0 255 75 255 6 255 255 242 103 0 160 255 87 0 0 0 243 255 133
    0 0 186 0 255 0 255 0 255 255 255 80 74 0 0 0 255 0 0 246 255 255 51
    228 46 255 0 255 0 0 180 255 255 0 255 255 20 0 0 255 0 151 0 255 0
    120 229 0 255 0 255 163 0 0 255 158 0 127 255 255 255 255 0 198 255
    251 255 60 0 0 255 0 255 0 30 0 0 181 255 255 239 62 224 67 0 255 0
    255 0 255 0 0 255 255 0 0 0 0 255 0 255 0 230 255 255 0 0 239 255
    250 0 104 255 255 0 228 0 0 0 144 0 0 0 255 0 255 148 255 0 15 255
    255 0 0 85 0 255 0 255 138 0 0 0 255 0 51 0 211 89 255 255 155 0 255
    0 255 100 0 0 0 255 0 0 0 255 0 255 0 255 88 0 255 255 0 201 0 0 255
    130 0 255 0 0 255 16 255 0 0 255 255 30 155 0 255 0 17 189 134 131
    255 0 255 55 0 0 0 255 255 0 0 0 255 255 0 255 255 0 24 0 255 118
    255 0 230 245 0 162 0 112 0 255 255 255 0 0 0 255 255 0 255 255 255
    21 0 0 5 0 255 121 255 0 255 0 0 0 242 255 71 255 0 168 255 153 255
    255 255 0 0 0 119 9 0 255 0 106 233 255 255 255 0 255 0 22 0 255 255
    24 0 0 255 0 255 255 0 0 255 55 255 0 0 16 255 255 0 0 0 255 255 0 0
    0 105 0 255 0 63 63 255 0 255 255 255 0 101 0 255 255 255 220 0 0 0
    255 0 0 255 0 255 168 255 255 185 255 18 0 255 0 0 0 28 255 166 255
    0 253 255 255 255 255 0 237 255 0 255 128 0 0 0 255 0 0 136 255 255
    0 15 255 255 255 255 212 0 0 0 255 255 255 255 255 255 0 0 255 0 127
    139 255 0 255 104 0 255 0 255 255 255 255 174 142 255 0 0 0 0 0 0
    255 128 255 255 140 222 0 255 0 0 0 255 0 255 255 255 115 0 255 238
    255 0 0 0 255 255 0 0 0 255 255 255 0 255 0 255 255 0 255 255 0 255
    255 0 255 0 255 0 22 0 255 0 0 0 0 255 132 255 0 178 0 185 255 255
    255 173 0 0 255 255 255 0 0 0 0 255 0 255 255 255 117 0 0 255 94 255
    255 0 255 92 0 255 255 255 255 255 255 0 155 0 15 0 255 0 0 228 0
    103 0 95 255 255 0 0 255 0 0 0 255 255 123 0 0 0 0 6 255 0 0 0 0 0
    255 255 255 0 0 0 255 0 255 255 0 0 255 0 255 255 255 255 255 0 0
    255 255 201 0 255 255 143 181 0 121 255 75 0 0 0 0 113 255 255 57 0
    71 0 34 0 0 255 255 255 0 255 255 255 74 255 255 0 0 22 150 255 234
    0 234 224 154 0 156 9 255 243 198 0 0 0 29 17 250 255 0 255 0 0 10 0
    255 0 206 152 255 255 37 255 0 0 241 255 157 0 151 255 33 0 255 158
    0 255 255 205 255 0 255 83 0 251 0 255 108 0 135 224 0 255 43 180
    255 255 0 255 0 255 0 255 255 255 255 0 0 0 255 0 255 0 255 255 255
    0 0 0 255 255 255 255 255 255 255 224 0 0 0 255 48 0 0 255 255 125
    195 255 0 255 0 83 255 255 255 0 255 0 255 0 7 255 255 0 0 0 255 0
    255 255 255 0 255 127 255 255 129 255 248 255 255 180 146 0 0 0 255
    0 0 99 255 255 255 170 128 67 0 255 255 255 0 166 255 255 0 0 255
    255 255 0 255 0 255 138 255 255 145 69 0 0 255 0 0 0 177 255 255 0
    241 0 0 255 0 0 0 0 68 224 255 255 50 0 255 255 0 0 0 97 255 255 221
    0 0 255 255 255 255 255 0 0 0 255 0 255 106 0 0 255 255 255 0 0 255
    255 108 195 255 0 52 0 255 255 157 255 85 86 255 255 255 255 33 0 0
    49 255 255 0 255 0 162 169 255 0 255 0 255 0 255 0 255 0 0 255 216
    255 169 255 0 255 255 255 0 0 0 255 12 255 0 255 0 31 0 255 82 159 0
    137 255 255 255 0 255 102 255 255 255 138 255 0 0 255 0 255 0 255
    255 255 255 0 0 255 255 255 0 240 255 255 0 0 0 0 70 255 0 255 0 255
    255 0 90 105 0 255 255 0 209 0 255 255 255 255 0 0 255 255 96 0 0
    255 0 255 255 5 0 0 0 27 45 255 255 56 255 2 47 0 255 255 255 0 0
    185 255 255 255 255 255 175 0 0 0 0 0 255 255 46 0 255 0 0 0 255 255
    255 0 0 0 255 108 255 255 0 255 0 181 255 0 0 255 255 255 255 255
    198 255 235 141 255 0 255 0 0 0 231 255 93 255 0 192 237 33 0 162
    136 0 255 0 35 255 255 0 255 255 0 0 255 0 255 0 255 0 0 255 255 255
    0 7 0 255 0 255 106 0 89 255 255 0 255 0 255 0 0 255 255 0 0 0 255
    255 255 0 255 0 255 0 255 0 255 0 74 255 89 0 255 255 255 74 0 172 0
    98 255 255 244 4 0 0 42 0 28 0 255 135 255 210 0 255 255 255 255 0
    255 0 154 86 0 255 255 255 0 105 0 255 255 0 217 255 0 0 185 39 0
    113 255 18 0 0 112 8 0 0 255 23 255 255 36 0 0 79 255 255 157 0 108
    0 255 255 255 0 0 0 255 0 255 76 255 0 0 255 39 0 0 39 0 0 0 255 0
    255 255 255 0 0 255 255 0 0 48 0 0 0 0 255 172 255 255 255 57 0 0
    255 0 255 255 153 0 198 255 172 106 255 255 0 0 255 255 82 0 0 255
    255 255 0 0 255 255 255 143 255 255 0 0 3 0 255 0 176 150 6 0 0 23
    255 141 0 255 255 255 0 0 255 13 255 0 255 255 191 0 0 255 0 255 154
    255 0 128 255 255 255 0 0 255 36 255 255 255 255 0 255 0 255 255 255
    255 255 255 255 0 255 0 0 255 0 25 0 255 0 255 253 0 0 78 255 0 0 0
    0 255 0 180 105 26 0 72 255 255 141 0 0 0 29 255 255 255 0 63 255
    255 255 0 255 255 255 210 0 0 0 0 255 0 0 0 0 255 0 105 0 255 255 28
    0 0 24 196 255 255 0 0 255 255 255 0 0 252 255 255 1 0 157 239 111 0
    108 0 255 255 0 121 156 255 255 255 0 0 0 255 255 255 48 0 38 0 220
    255 0 0 0 0 255 169 255 14 255 0 255 255 255 0 0 0 0 255 245 0 0 255
    35 255 0 255 0 255 255 0 255 182 255 0 0 255 231 231 24 92 0 0 0 98
    255 255 26 0 0 255 40 255 255 255 255 0 255 255 255 0 0 0 255 255 0
    222 0 0 0 126 0 255 255 0 255 255 0 110 190 255 0 0 255 63 0 0 255 0
    255 0 0 191 255 255 0 39 0 255 255 255 50 0 255 0 255 255 255 0 255
    139 255 255 0 0 0 255 255 255 255 0 0 120 255 0 255 253 0 0 0 255
    119 0 255 0 56 0 255 0 0 124 255 25 0 6 0 255 47 255 255 255 0 0 164
    255 19 0 0 0 255 255 255 255 0 0 255 121 255 255 255 255 0 0 0 155
    255 255 0 255 255 255 0 255 0 255 255 0 0 0 255 187 0 0 0 0 255 0 53
    255 0 0 0 0 166 255 176 0 195 255 255 0 0 205 73 0 0 0 0 18 255 255
    0 79 188 255 0 0 255 255 255 0 45 255 24 0 213 0 255 0 0 0 255 0 255
    0 167 0 255 255 255 0 255 0 255 0 0 150 193 255 0 0 0 24 255 255 255
    0 255 58 0 0 0 156 255 78 0 0 0 0 255 255 255 0 69 255 255 0 255 255
    255 255 255 0 0 0 0 255 208 0 0 0 255 255 0 0 0 255 152 255 19 0 0 0
    255 255 255 255 206 0 255 255 0 255 89 0 0 255 0 255 0 0 255 0 255
    255 0 0 0 248 94 0 196 12 255 255 100 0 235 255 255 255 255 208 0
    110 204 241 0 0 255 255 0 255 255 255 0 0 0 0 0 0 255 187 0 0 255 0
    205 255 0 0 69 0 255 255 255 87 70 248 255 0 255 255 0 92 0 255 255
    255 255 255 0 145 0 255 143 255 0 0 255 23 255 0 0 179 255 255 255 0
    0 255 255 0 255 0 255 0 255 255 255 0 58 123 112 0 243 187 255 0 152
    0 255 228 170 0 0 0 0 255 255 255 69 0 255 0 63 0 255 255 255 0 145
    6 163 0 197 0 75 255 255 15 255 0 29 0 255 0 255 255 0 255 205 255 0
    0 0 255 255 151 128 0 0 0 0 0 0 255 255 0 255 0 0 207 0 255 0 255
    255 0 156 0 255 156 255 0 0 0 68 0 255 255 179 0 0 0 55 0 255 255 50
    253 255 0 161 0 255 67 122 0 255 255 148 0 0 255 0 255 0 255 171 255
    31 255 0 0 127 0 255 0 255 0 255 0 255 0 45 255 183 255 0 255 183
    255 0 255 0 255 255 0 0 0 255 0 255 0 255 255 255 255 0 0 0 255 0 96
    35 0 255 0 185 0 0 13 0 0 0 255 255 255 0 255 103 250 0 154 255 255
    220 0 180 0 0 0 255 113 212 0 107 150 0 255 0 255 0 0 141 255 255
    207 239 0 0 0 255 255 255 0 0 0 0 255 255 255 0 0 203 0 142 0 133 0
    79 255 255 255 255 0 0 0 255 255 0 173 252 255 255 255 128 0 255 255
    195 0 255 255 183 0 0 44 86 255 247 255 255 0 255 183 0 221 255 255
    52 34 136 252 227 190 255 0 255 164 48 0 0 255 255 255 255 255 255
    255 226 255 0 255 0 0 255 214 241 0 255 255 0 0 0 0 255 255 255 0
    109 0 0 161 140 223 254 0 90 0 255 0 255 0 201 237 255 153 0 0 0 0
    203 255 0 255 175 0 255 217 255 0 255 255 255 25 0 16 255 255 0 0
    255 255 255 0 0 0 255 0 0 0 255 255 255 0 0 255 171 27 0 255 0 255 0
    0 0 255 255 255 0 255 0 0 0 0 255 0 255 255 255 0 0 255 47 0 93 0
    255 122 255 255 0 67 255 201 255 233 255 0 0 255 0 0 255 255 255 255
    255 0 255 0 255 149 0 0 163 255 255 255 255 131 255 255 255 0 121 0
    0 200 255 255 0 255 0 0 0 190 255 0 255 255 255 255 0 0 0 255 255 0
    0 255 245 0 255 255 255 255 0 255 0 255 0 254 255 76 255 0 0 255 255
    0 0 0 255 255 0 0 0 224 0 255 255 255 255 255 203 0 0 122 31 255 15
    23 0 0 255 255 0 255 174 0 0 80 0 0 0 36 255 0 255 0 255 255 255 0 0
    0 255 8 0 59 0 255 255 240 103 154 255 255 0 14 231 255 255 255 255
    0 211 0 255 255 0 255 255 255 0 255 0 255 0 255 166 255 175 0 0 0
    255 0 255 255 0 255 0 57 168 255 0 255 0 255 83 255 255 255 255 255
    255 255 0 195 255 255 2 0 255 9 255 255 87 0 217 255 255 255 255 0
    99 0 0 126 255 255 51 255 0 0 0 255 115 11 243 255 0 0 0 0 0 255 99
    255 255 0 234 184 60 0 118 174 255 0 109 0 255 255 0 121 0 255 0 0 0
    0 176 255 255 0 0 0 255 255 0 255 0 62 0 0 0 75 230 244 255 0 0 0
    168 0 0 0 150 255 174 255 255 0 0 0 255 255 255 255 255 0 51 255 0
    39 240 140 106 0 0 255 255 255 255 255 255 255 81 87 0 255 0 255 0
    255 255 255 255 0 164 0 255 0 255 0 202 0 19 255 255 224 0 0 0 0 255
    0 0 0 0 0 255 255 110 0 0 0 255 0 255 255 0 0 255 255 209 0 0 255
    255 0 0 0 183 0 0 0 104 255 255 255 255 28 0 0 255 0 255 0 255 0 0
    185 255 216 148 255 209 255 0 255 35 255 255 255 0 0 0 255 0 255 0
    255 0 255 0 0 0 255 255 255 94 255 155 255 0 0 161 255 255 0 163 0
    255 255 0 0 255 252 255 0 80 255 0 255 252 255 255 161 0 0 55 255
    255 255 195 0 0 168 255 255 0 0 0 0 255 170 255 108 255 255 255 0 0
    0 0 255 255 255 255 0 0 230 68 0 185 255 255 255 255 0 0 0 0 83 0
    222 255 255 134 255 57 0 0 0 0 255 255 255 255 0 0 0 255 255 0 0 255
    255 255 0 0 123 202 255 0 0 0 0 108 255 0 0 0 255 0 0 0 255 255 255
    0 46 255 255 0 255 255 0 0 0 0 255 104 0 39 255 4 0 255 255 255 255
    0 255 0 0 0 0 255 0 0 255 0 53 255 255 0 255 0 86 0 255 255 255 255
    0 0 255 0 170 0 0 255 255 199 255 255 196 0 0 255 255 0 0 255 0 255
    71 0 0 0 255 0 255 255 0 60 0 255 0 255 255 0 0 236 0 255 255 255 0
    0 255 0 0 232 255 0 255 0 255 0 0 0 0 255 0 255 0 255 101 0 0 0 255
    255 255 255 255 0 0 34 194 255 0 103 0 26 0 0 216 255 255 255 255 0
    0 255 199 172 118 0 249 0 0 0 63 255 0 89 255 0 255 0 255 0 255 152
    159 0 232 255 255 0 0 0 255 255 0 0 186 255 0 255 0 255 255 185 171
    0 0 0 255 166 255 0 25 138 0 0 255 0 255 0 39 0 255 171 255 255 255
    253 0 71 0 0 0 255 0 255 255 255 69 0 255 0 255 4 255 111 255 0 255
    255 255 255 255 0 255 139 255 0 0 0 255 255 150 255 255 255 255 0
    149 50 0 108 60 255 15 41 0 0 0 0 0 3 250 255 187 10 0 0 218 0 130
    255 255 255 0 0 255 231 157 0 255 0 0 0 0 255 0 34 0 255 0 0 0 206 0
    255 255 255 0 0 255 212 255 0 255 0 69 0 255 0 255 0 0 255 0 0 0 102
    255 255 0 0 0 255 255 255 255 255 0 0 0 255 230 0 0 255 255 0 0 0 0
    255 0 255 0 255 0 0 213 104 255 0 255 0 243 119 0 0 255 0 164 0 161
    0 255 255 255 255 154 0 236 255 0 255 0 195 255 255 9 0 0 0 255 34
    255 0 0 255 255 0 255 0 240 255 255 0 255 0 20 255 255 0 58 255 255
    0 255 232 194 255 0 0 0 79 255 255 255 63 163 255 0 255 255 0 0 0
    112 11 0 255 0 255 0 214 110 115 255 93 255 94 255 0 0 0 0 255 22
    255 0 120 255 207 93 0 0 86 255 255 255 255 255 0 255 0 255 255 255
    0 255 0 255 0 0 0 255 255 255 255 0 255 96 0 0 0 255 0 255 207 0 212
    0 255 255 143 112 0 0 0 12 255 0 255 255 255 255 0 255 0 255 0 255 0
    255 0 255 0 0 189 0 33 255 255 255 0 0 0 255 255 255 81 122 0 255
    255 255 0 153 0 0 255 255 255 255 0 255 66 255 0 0 0 0 0 60 255 255
    255 0 87 0 255 0 157 255 75 186 0 255 255 255 0 255 8 219 0 0 255
    255 0 0 0 255 255 255 255 0 0 0 0 255 255 255 255 255 255 219 96 0
    255 255 184 255 0 0 255 255 255 0 0 255 255 95 255 255 78 0 255 255
    255 0 0 255 255 0 0 255 0 255 255 255 158 15 0 0 151 255 255 255 0 0
    255 255 255 0 255 0 255 34 144 0 0 0 0 0 255 0 255 255 255 0 255 8
    255 141 0 0 113 48 0 0 255 254 0 255 0 255 255 0 255 0 255 0 0 0 126
    255 0 255 0 90 0 255 255 0 255 0 255 44 255 0 0 255 255 255 255 0 0
    27 255 255 255 0 0 0 255 0 255 0 255 157 255 0 0 0 0 255 69 255 255
    255 255 43 255 0 0 0 255 255 255 255 255 0 140 255 0 0 255 21 255
    255 181 0 0 0 255 255 255 4 0 0 113 255 150 125 205 255 129 28 7 0
    82 0 255 255 4 250 255 236 0 255 0 0 189 255 255 135 0 0 255 255 0 0
    255 255 255 0 255 244 0 146 0 255 255 255 0 0 0 245 0 0 0 255 255 85
    255 255 0 0 0 0 24 255 0 0 0 255 255 255 0 0 255 125 0 0 255 104 0 0
    255 76 0 0 0 196 255 224 255 255 0 0 177 255 255 255 0 255 137 0 0 0
    255 255 170 0 0 255 255 163 255 0 0 29 255 255 0 142 70 87 37 255 35
    0 0 255 255 255 65 173 255 29 0 255 115 255 255 122 0 0 0 255 211
    255 255 106 255 255 0 90 0 206 255 59 0 255 0 255 0 255 255 255 0 81
    0 255 255 0 164 0 77 14 255 150 0 0 0 255 255 102 255 0 255 0 233 0
    255 0 0 255 255 255 0 29 255 255 255 78 255 0 0 0 255 255 255 0 255
    0 255 184 255 215 0 0 0 0 255 255 5 0 255 41 255 0 255 0 29 255 255
    255 0 0 170 128 0 0 255 0 255 0 0 0 0 255 255 255 0 0 0 221 255 255
    0 0 0 0 255 0 255 0 255 255 0 255 0 0 255 255 166 135 0 77 216 64
    255 0 255 146 255 0 0 21 0 0 90 255 28 0 0 255 255 0 0 82 186 255
    255 255 0 255 0 0 0 255 255 255 0 0 0 255 255 255 255 255 42 0 0 0
    255 255 53 0 255 255 0 0 0 0 0 5 255 0 255 190 255 0 0 0 255 167 255
    0 255 203 70 0 0 0 56 255 255 117 255 255 0 0 0 255 40 105 82 255 0
    6 2 0 0 110 255 255 255 0 255 255 255 6 0 21 0 255 255 0 0 107 0 109
    255 0 0 0 255 0 3 0 255 0 0 0 0 255 234 0 0 130 0 255 0 241 255 206
    0 0 31 0 255 207 184 0 125 255 255 255 0 0 0 255 255 255 0 179 255
    255 255 0 0 0 0 255 255 17 0 255 255 0 255 0 0 0 255 0 120 177 255
    255 0 130 0 0 0 255 255 255 0 255 0 243 0 0 255 0 0 0 69 167 255 255
    0 0 255 255 255 0 0 255 255 89 255 0 0 243 255 255 255 255 255 164 0
    255 0 128 0 255 255 255 160 0 186 255 0 0 0 255 255 255 0 255 0 0 0
    0 230 0 255 0 0 0 255 255 255 0 255 0 255 7 255 40 255 0 149 0 72
    255 255 0 0 229 255 255 0 255 0 255 255 0 35 0 255 255 255 255 255
    255 0 0 255 156 19 11 47 12 255 0 255 100 255 0 0 0 0 255 109 0 255
    255 113 255 0 255 0 255 0 255 0 0 147 255 255 0 255 237 0 0 105 0
    255 0 255 255 152 255 255 0 255 251 82 255 112 255 122 0 255 196 255
    0 255 0 0 0 0 255 255 255 255 255 255 255 255 192 0 134 0 255 255 0
    156 0 104 0 0 255 255 0 0 255 0 255 103 0 0 0 0 137 152 255 55 255
    255 0 0 255 88 255 117 0 255 0 0 255 122 255 255 255 0 0 255 0 0 0
    255 255 39 255 255 255 255 106 0 0 0 255 255 168 255 255 168 0 255 0
    0 255 201 0 0 0 0 255 255 0 255 255 0 0 0 0 255 0 0 98 186 0 255 255
    49 0 216 255 255 0 0 0 0 0 194 0 255 255 214 255 223 0 255 255 0 0
    255 97 0 255 255 91 103 0 0 255 0 189 132 255 255 0 255 121 255 62 0
    0 0 104 0 255 255 255 0 43 0 255 0 0 0 147 0 0 255 255 0 0 0 255 0
    255 255 174 14 0 255 255 0 0 255 255 255 121 255 0 0 3 170 255 255
    255 192 255 80 255 0 0 0 146 182 119 0 255 255 255 0 0 0 255 255 255
    0 71 0 255 181 255 222 0 171 255 225 255 0 0 0 0 0 255 255 255 255 6
    0 0 255 0 0 255 255 255 0 255 230 255 255 255 168 0 0 230 255 255 0
    0 185 255 255 95 0 0 0 0 255 0 255 0 0 0 0 255 246 0 0 255 255 255 0
    0 255 0 0 255 0 255 0 0 208 255 255 255 0 0 0 255 0 0 255 0 47 0 0
    255 255 0 0 0 0 0 153 179 255 255 255 2 0 0 255 255 229 255 255 0
    223 226 218 255 0 255 224 255 255 0 0 0 0 255 255 255 255 192 0 0
    135 255 255 0 0 0 0 255 251 232 255 0 0 0 255 181 0 0 255 41 0 255
    255 0 0 216 255 255 0 255 32 0 0 255 255 112 255 0 255 0 255 255 255
    255 0 0 0 0 55 255 0 255 27 255 0 255 255 255 0 0 255 255 164 0 255
    0 255 0 255 0 0 255 0 8 172 255 0 0 255 255 250 102 255 0 255 255 0
    0 69 255 0 93 0 0 255 255 255 255 204 0 0 255 255 255 238 0 0 255 0
    0 0 0 255 255 41 0 77 255 0 255 172 0 0 159 255 255 0 0 255 178 0
    255 255 255 0 0 0 0 255 180 255 0 255 0 0 0 255 255 199 255 0 255
    255 255 0 255 255 0 0 0 0 255 142 0 0 0 255 65 0 255 0 0 0 255 255
    255 0 255 255 255 144 255 27 255 255 248 0 255 255 255 255 47 255
    255 88 0 255 255 0 255 255 255 232 234 0 68 255 162 255 255 255 255
    0 0 0 255 231 0 255 255 255 0 0 255 255 163 0 0 255 255 196 0 255
    255 0 0 54 0 0 255 0 255 0 0 0 255 186 255 78 0 255 255 255 0 0 149
    0 0 255 249 197 255 255 0 0 0 0 255 0 255 255 255 255 0 0 0 0 0 255
    0 187 255 255 0 0 147 255 255 0 0 0 255 255 255 255 0 255 0 38 0 0
    76 255 255 0 255 225 0 141 255 255 0 0 255 255 255 255 255 255 255
    17 255 72 0 0 255 255 255 255 0 255 43 143 0 90 0 218 224 78 255 35
    0 145 0 0 0 243 255 255 255 128 124 53 0 0 0 135 255 255 155 0 140
    131 0 255 255 179 255 255 0 0 205 0 255 0 0 255 212 255 255 45 0 0
    164 22 255 255 0 0 237 255 0 0 255 0 0 255 0 255 255 0 95 0 255 0 0
    0 255 43 255 0 0 130 0 255 255 255 0 179 0 255 0 255 0 255 0 128 0 0
    0 7 0 0 255 255 255 0 0 117 255 89 123 255 40 141 255 156 255 0 0
    255 0 0 255 255 156 0 0 255 255 110 255 255 255 0 0 255 173 255 255
    0 0 197 0 255 0 255 0 108 255 0 255 255 0 64 0 255 255 221 255 0 0
    255 0 0 0 255 255 255 0 0 255 0 255 15 255 11 255 255 218 0 0 0 0
    255 228 255 255 189 255 0 0 255 0 0 255 91 0 0 255 1 210 190 123 168
    0 255 255 0 255 0 0 0 255 0 255 0 0 118 0 14 255 242 0 0 255 255 255
    255 0 0 255 255 255 142 52 0 0 255 193 114 0 0 222 255 255 3 0 0 0
    255 255 255 255 255 255 0 218 0 255 0 164 26 0 112 0 0 0 255 0 250
    255 255 255 255 0 0 0 0 255 255 255 255 68 72 255 255 0 0 255 0 206
    0 255 0 106 69 255 255 0 98 255 0 0 0 79 255 255 0 0 177 0 227 255
    255 255 0 0 255 234 255 0 255 0 0 0 255 255 255 255 12 255 0 255 71
    0 0 255 255 0 0 0 255 231 255 255 255 51 235 225 0 36 71 255 255 0 0
    255 255 255 205 0 0 255 20 0 0 59 255 153 255 0 120 255 255 255 68 0
    255 0 255 255 0 255 141 255 0 255 255 255 255 0 0 255 255 0 0 0 255
    255 255 255 0 255 255 255 0 0 0 255 0 255 0 255 53 21 125 255 0 255
    0 255 255 255 137 0 255 255 242 255 255 70 0 255 0 0 0 255 255 68 0
    255 255 255 0 0 0 255 255 255 255 255 0 0 255 0 42 44 255 255 255 0
    0 0 255 177 255 0 255 255 255 0 0 0 255 255 0 255 0 0 0 183 255 255
    255 255 255 0 0 58 0 0 255 255 255 208 255 0 255 2 255 119 0 255 0
    255 44 255 97 0 255 0 255 0 0 255 197 0 0 255 0 255 0 118 255 255 81
    0 0 0 255 255 0 0 255 0 156 0 255 0 0 255 255 255 216 0 134 255 223
    255 0 255 255 0 216 250 255 0 255 0 40 0 255 0 255 5 0 0 255 255 255
    0 255 0 255 24 47 0 255 0 0 0 255 0 0 0 0 0 255 255 255 0 255 0 255
    255 255 255 0 255 110 255 0 255 0 255 255 255 0 0 55 0 255 255 0 0 0
    0 0 0 255 255 255 16 255 0 0 0 255 0 0 0 255 255 255 0 0 0 255 0 255
    0 255 0 0 0 255 255 255 0 0 255 255 255 63 0 236 0 255 29 255 255
    164 255 0 0 0 157 121 76 0 255 255 255 246 255 255 206 255 255 255
    255 0 0 0 0 0 156 0 0 255 255 255 0 0 230 0 0 255 136 0 255 218 255
    86 255 255 255 0 255 255 255 189 0 0 0 0 255 255 38 255 0 255 255 0
    0 255 255 255 0 15 137 0 255 255 255 255 255 0 255 255 255 0 35 0
    255 0 255 255 0 0 255 255 0 0 0 0 140 255 255 0 255 0 255 0 255 207
    255 0 0 255 255 255 57 0 0 0 209 255 255 0 247 249 255 255 255 0 0 0
    0 209 71 255 0 255 0 255 0 226 255 255 255 0 217 0 255 0 255 255 255
    35 0 0 255 0 255 0 0 0 255 255 255 255 0 0 0 255 78 0 41 67 255 17
    160 0 194 0 128 0 0 255 0 255 0 0 255 143 0 255 255 255 0 32 0 0 255
    255 30 231 0 0 255 0 255 0 0 255 255 136 255 0 117 0 0 255 255 255 0
    255 0 255 255 0 0 255 40 0 0 0 255 255 0 0 0 255 255 0 0 0 0 0 0 255
    255 0 0 0 255 255 255 0 255 219 255 0 255 0 0 201 255 253 255 0 255
    0 255 0 255 255 0 255 255 255 0 91 0 182 255 255 255 255 0 0 0 255 0
    0 255 0 255 255 255 95 0 0 255 255 255 0 255 255 255 255 231 33 255
    255 0 255 255 0 0 0 255 0 255 237 197 255 0 255 255 255 255 0 111 0
    255 255 255 0 231 0 255 255 192 0 0 255 0 255 109 0 223 255 255 0 0
    255 221 0 0 0 0 255 255 255 255 0 0 0 255 255 255 145 189 0 255 255
    68 0 0 57 255 255 255 0 0 0 0 255 255 0 255 0 0 0 0 0 255 0 55 0 216
    118 255 221 163 255 255 255 0 255 0 255 0 23 0 0 0 255 57 255 157
    255 0 255 255 0 255 0 0 184 0 0 171 255 255 255 255 226 255 0 0 255
    0 0 7 255 255 0 0 0 255 255 0 0 255 0 255 66 199 0 28 255 197 191
    255 255 255 0 0 0 21 24 0 0 0 255 127 255 0 0 163 255 255 0 180 255
    0 0 0 0 255 0 0 0 255 255 0 255 0 26 0 255 255 0 186 0 0 255 0 255
    168 0 0 18 255 0 255 0 0 255 109 189 255 255 0 0 127 255 255 255 0
    173 0 255 0 255 0 255 0 0 255 135 255 100 66 255 157 0 0 0 255 255
    255 0 0 0 173 0 0 255 255 144 0 255 0 0 0 255 255 52 255 0 255 0 60
    0 255 255 255 0 0 0 56 0 0 0 144 192 88 144 255 255 0 255 255 255 0
    0 0 255 43 223 0 74 255 255 255 0 255 255 255 255 126 0 0 0 0 0 0
    255 0 0 128 255 255 0 0 255 255 255 0 0 255 255 255 67 0 255 0 0 128
    0 174 255 255 255 0 0 0 255 255 86 210 78 0 0 0 66 0 189 255 255 245
    255 0 255 0 31 255 0 0 255 65 0 100 255 255 0 255 0 255 153 255 106
    122 0 255 0 149 0 0 255 0 0 0 255 255 255 255 255 0 255 0 255 255
    255 0 255 255 255 0 0 0 98 255 0 194 0 0 18 255 255 0 255 48 255 0
    45 0 255 255 255 255 0 255 0 255 0 255 255 0 255 0 18 255 0 255 0 71
    255 220 255 0 157 255 111 0 0 255 255 255 0 255 140 255 255 0 148 0
    0 28 0 255 0 255 0 255 176 255 205 255 0 65 255 163 0 0 255 0 57 0 0
    0 168 255 21 0 0 71 0 255 255 0 0 255 255 255 255 255 255 0 255 255
    255 0 255 0 213 0 0 0 243 255 255 255 0 70 0 125 255 255 255 0 0 255
    0 0 255 0 255 255 0 255 7 255 0 0 0 0 0 255 161 0 255 0 255 255 0
    255 24 255 232 0 0 239 0 106 0 255 0 0 255 255 0 0 130 0 255 255 255
    131 0 255 255 255 0 0 186 255 0 255 0 255 255 255 255 120 0 0 0 88
    255 255 255 0 255 255 255 0 0 255 0 0 0 0 251 255 0 255 0 255 255
    255 169 0 255 197 194 255 255 0 255 0 140 0 0 0 255 255 82 76 130
    255 59 234 255 0 255 255 255 255 0 36 255 255 0 58 0 124 0 0 0 255
    255 0 211 143 48 0 53 0 138 143 0 187 0 0 187 255 255 255 0 21 0 0
    255 255 164 255 255 255 0 0 0 255 255 0 255 86 255 0 255 23 255 0 66
    255 0 255 0 152 233 255 255 0 255 255 0 0 0 0 24 0 255 255 182 226 0
    0 0 211 255 255 255 193 0 0 0 194 255 0 0 0 0 255 255 255 0 255 0
    255 255 100 0 0 0 7 255 182 255 217 45 0 255 255 255 0 0 97 255 255
    0 0 255 0 255 0 0 0 0 190 84 255 0 0 237 255 255 255 255 255 0 255 0
    0 255 0 0 0 255 172 255 204 118 0 0 0 255 255 255 0 102 255 0 255 0
    246 255 255 0 0 2 255 255 0 162 255 255 255 0 244 0 0 0 255 0 0 0
    255 11 0 47 255 255 255 176 160 255 56 255 255 0 0 0 255 0 0 0 0 255
    255 255 255 255 177 255 0 255 0 255 103 255 0 0 0 255 255 0 69 0 255
    170 162 255 0 0 255 255 0 255 255 151 0 255 0 203 255 0 73 249 255 0
    0 0 255 0 0 129 255 50 255 255 255 0 0 123 255 0 0 0 0 255 0 0 0 0 4
    255 15 255 0 255 0 255 255 165 0 0 0 255 255 0 0 20 108 255 241 255
    0 255 29 255 84 0 255 220 0 226 0 255 0 255 0 253 255 241 255 0 187
    0 255 255 255 255 0 0 178 255 0 255 0 255 0 72 0 255 255 0 20 0 255
    255 82 0 222 0 255 0 90 0 255 233 255 233 0 0 0 255 144 0 0 255 255
    0 255 0 255 255 255 0 0 2 255 255 255 255 0 0 255 64 0 0 255 0 255
    255 255 0 0 0 170 150 0 0 0 0 255 0 151 255 255 255 227 0 255 0 0 0
    12 0 58 0 255 255 255 0 0 0 255 152 255 38 255 0 0 90 251 0 255 0
    255 0 255 255 255 255 111 50 148 255 255 0 44 0 255 0 102 255 0 255
    0 252 0 255 0 0 0 45 255 255 255 0 255 0 0 149 255 215 0 255 157 0
    255 255 255 0 0 0 0 255 176 195 255 140 0 0 0 188 0 0 255 0 255 0
    255 0 0 255 104 255 0 255 255 0 0 255 255 255 0 0 0 0 255 0 98 0 255
    255 224 0 0 203 0 255 0 255 255 0 71 255 255 255 255 255 0 0 0 255 0
    14 255 255 230 0 0 0 255 255 255 18 255 0 0 72 73 0 0 0 140 255 0
    255 0 255 0 224 175 10 255 0 255 0 0 0 255 0 255 0 255 0 0 0 0 0 255
    255 255 255 255 0 2 0 82 0 255 255 255 138 0 255 255 0 122 255 255
    255 255 255 154 255 0 255 18 255 0 255 255 255 0 0 20 255 0 0 0 15
    59 0 255 0 0 255 255 8 228 0 0 76 255 255 0 0 172 255 0 0 255 255
    139 0 255 255 0 255 111 255 0 0 0 255 255 255 0 130 255 255 255 0
    255 0 255 176 255 0 0 255 0 218 255 255 255 255 238 255 255 157 0
    255 255 0 255 0 0 0 255 255 0 0 232 255 70 0 0 0 255 0 255 255 255 0
    0 0 0 0 0 255 255 255 170 0 0 0 0 255 145 255 0 255 0 255 0 255 0
    255 0 190 0 255 255 0 0 0 0 255 212 255 123 0 43 196 255 255 0 0 31
    110 255 0 20 0 0 255 255 255 0 0 0 0 255 255 156 0 0 255 255 0 0 255
    255 39 0 255 255 255 255 37 0 0 183 255 255 0 0 0 255 255 0 0 0 255
    0 195 255 255 0 0 182 169 255 3 0 0 255 0 73 0 255 96 255 0 255 0
    255 0 255 255 255 255 0 99 107 105 232 125 0 255 255 0 255 255 255 0
    0 0 0 255 255 255 146 0 172 0 0 255 255 0 255 165 255 0 0 193 0 255
    0 255 255 255 255 0 255 0 126 0 0 219 255 75 0 255 0 207 0 0 0 117
    26 0 255 60 25 0 248 0 0 255 165 255 255 255 146 0 0 0 0 255 0 255
    255 255 0 0 68 0 255 0 255 0 255 0 255 255 255 82 255 255 48 0 255 0
    0 0 0 57 0 0 255 143 255 255 0 0 33 255 46 0 49 255 255 255 255 255
    0 0 255 255 0 255 255 255 64 0 255 255 0 255 189 45 0 0 255 243 255
    0 255 255 255 80 0 0 25 88 255 0 197 0 0 0 0 0 255 0 0 0 255 255 255
    0 0 116 0 173 255 255 192 0 0 0 255 255 0 0 0 92 255 80 255 0 51 108
    255 255 29 0 73 0 76 0 0 0 255 36 145 255 61 0 255 255 110 0 0 255
    255 0 0 0 255 255 255 0 255 0 255 181 255 177 79 0 0 255 255 255 0
    255 255 0 0 0 0 35 255 255 122 0 0 0 0 255 173 224 16 255 255 0 117
    255 0 133 0 110 0 255 0 154 255 30 0 0 0 249 255 255 255 82 0 0 255
    0 255 0 0 255 0 255 255 255 0 255 255 0 0 255 0 0 255 255 0 0 0 0
    255 255 255 255 255 0 0 255 174 255 0 51 0 0 0 255 255 255 255 255 0
    255 255 4 0 0 255 255 255 255 255 0 0 138 255 116 255 113 189 0 0
    255 255 0 255 255 255 255 255 0 0 0 255 255 255 0 0 0 255 0 255 255
    255 0 0 255 0 0 0 233 33 0 255 255 255 255 216 0 142 255 255 0 0 231
    255 0 0 175 255 255 255 255 255 255 0 0 0 255 0 0 0 0 255 144 0 255
    160 255 0 135 0 0 255 255 255 255 0 0 0 255 141 255 255 255 0 0 255
    227 73 255 0 255 0 255 255 255 94 255 0 255 0 255 255 255 255 0 255
    0 0 255 0 3 255 115 0 0 154 255 255 0 0 0 255 0 255 0 255 0 0 0 255
    0 71 0 0 255 0 255 215 0 0 111 255 107 0 255 0 255 0 255 0 0 0 255
    15 255 0 115 255 255 255 255 0 0 0 255 0 230 0 255 211 0 0 22 0 0
    255 255 16 255 0 11 0 92 255 0 255 255 255 255 0 156 0 162 255 0 93
    0 32 153 0 1 148 255 255 0 0 255 255 255 67 0 0 0 0 0 255 255 255
    251 255 0 255 0 255 122 255 0 255 201 210 255 255 0 0 255 188 255 0
    242 0 255 255 255 0 0 0 0 255 255 251 0 255 0 0 140 255 241 255 0
    255 122 255 0 0 0 0 0 62 0 255 204 0 0 255 0 255 0 255 0 255 0 49
    179 0 0 0 255 173 114 0 0 0 0 122 0 255 255 255 0 0 0 180 255 255
    255 0 0 0 255 255 255 0 0 231 42 240 0 255 255 255 0 0 255 246 255 0
    191 255 47 129 255 0 255 0 255 0 255 255 0 255 54 0 0 216 255 178
    255 0 255 0 0 0 0 255 0 97 255 255 255 0 57 255 255 0 52 255 0 123 0
    255 0 228 255 0 0 0 224 123 85 255 255 243 255 0 255 181 255 255 0
    255 255 143 135 255 255 255 0 210 255 0 0 255 0 255 255 0 0 0 255
    142 0 255 255 0 0 0 255 255 0 255 255 255 0 0 181 139 255 0 255 212
    255 0 0 0 255 255 255 48 0 255 0 255 255 0 74 255 255 0 0 180 0 0
    149 0 255 0 81 255 180 255 0 255 94 0 0 0 0 0 255 83 255 0 51 0 66
    243 255 255 255 0 0 253 0 255 242 89 255 0 98 254 255 255 255 0 0 0
    0 231 255 255 255 0 0 0 255 0 255 255 17 116 0 255 255 181 152 255 0
    0 0 0 183 205 255 255 0 220 0 0 0 77 0 0 107 255 255 0 255 255 26
    124 0 255 255 255 29 255 255 0 0 255 255 0 249 134 0 255 255 255 255
    0 255 0 0 0 255 201 255 178 0 0 95 0 191 255 0 255 255 0 254 0 255 0
    229 0 255 255 255 0 27 255 0 0 0 255 255 0 118 253 255 0 0 0 234 255
    255 104 0 255 162 255 0 0 0 0 0 121 0 255 0 255 0 255 255 255 255 0
    255 0 255 0 0 255 0 255 138 255 0 255 158 0 0 255 155 0 0 0 184 234
    255 255 255 0 168 255 255 255 255 0 0 255 27 61 0 14 255 255 15 0 0
    0 255 255 191 255 255 255 0 0 0 255 255 255 200 107 255 255 255 0
    224 0 255 255 179 0 87 255 0 0 255 255 0 0 0 0 0 0 255 255 255 255
    255 0 88 0 0 0 255 0 255 255 255 146 0 255 127 0 73 111 0 5 0 255
    255 120 0 0 19 72 0 99 77 0 142 255 255 0 60 255 0 255 0 0 0 0 255
    13 145 0 255 0 255 0 0 255 255 0 255 255 0 255 255 0 0 0 163 255 0
    255 90 0 0 0 255 0 0 0 255 0 0 0 117 255 255 255 255 255 0 0 187 0 0
    255 0 255 231 21 0 255 0 0 0 0 255 255 255 0 123 0 255 149 0 255 0
    255 0 255 255 255 0 189 255 255 0 111 255 0 255 255 255 0 255 0 0
    255 255 255 0 255 255 0 255 0 0 0 143 0 244 255 87 194 108 0 255 0 0
    0 0 239 0 255 100 255 255 255 0 0 0 255 255 255 2 204 255 255 106
    255 255 255 0 0 0 255 170 0 255 184 255 0 255 255 185 255 0 98 0 255
    131 1 0 219 0 255 0 85 34 0 255 255 255 0 0 0 255 0 255 0 255 255 0
    213 0 112 255 255 84 136 255 255 255 178 111 0 255 86 0 0 51 255 188
    0 0 0 254 183 255 0 28 0 214 255 0 217 69 255 0 255 255 255 255 114
    197 0 255 255 0 0 83 255 255 242 23 255 0 255 0 147 0 0 0 255 0 255
    0 0 255 247 255 0 255 0 255 255 255 255 0 0 0 255 111 0 0 0 0 255
    255 0 255 255 75 0 45 255 0 0 255 0 0 255 0 255 0 255 0 255 0 255
    255 255 0 0 255 71 255 0 84 0 26 0 255 0 0 255 255 255 0 0 255 0 255
    255 255 233 255 255 255 0 255 0 255 225 255 0 0 0 0 255 255 0 0 0
    255 255 0 0 255 0 0 158 255 189 0 255 168 163 0 255 255 255 0 255 0
    0 255 255 0 0 255 0 255 255 0 0 0 64 154 255 0 255 255 255 2 133 138
    0 255 247 0 255 0 172 255 255 255 62 3 0 255 0 255 0 255 255 218 255
    255 255 76 6 255 0 0 0 141 255 0 255 255 0 0 0 45 132 0 0 255 255 0
    0 0 255 255 229 0 255 255 255 0 0 255 0 255 42 0 255 255 141 0 0 255
    255 124 255 125 0 0 0 0 0 0 0 255 255 255 0 255 255 255 0 0 225 0
    255 0 0 0 193 255 255 229 111 0 255 0 255 255 42 0 203 162 0 0 133 0
    255 255 255 0 146 0 0 214 245 0 255 150 255 0 255 255 247 255 255
    255 191 255 0 255 145 0 255 2 255 255 191 66 0 0 255 0 255 0 255 0
    255 255 0 255 255 255 0 0 255 255 0 255 0 255 255 255 0 0 255 0 255
    130 64 253 255 0 0 227 254 0 255 0 255 0 255 255 0 255 169 0 255 255
    207 0 0 145 0 255 255 255 0 255 0 0 0 0 255 24 255 0 1 0 0 255 255
    255 15 0 0 255 255 0 0 255 255 255 0 255 0 0 0 255 255 255 197 255
    255 255 0 0 255 53 118 0 255 255 255 0 9 255 0 0 0 253 255 0 162 0 0
    255 255 0 0 138 0 0 0 0 0 255 255 0 76 0 255 77 0 0 255 255 255 50 0
    133 255 255 255 255 217 181 255 255 0 0 0 130 255 0 0 0 0 255 255
    255 255 0 255 0 0 0 0 255 255 0 154 0 255 0 255 0 0 218 255 255 0 0
    0 0 255 0 255 0 255 0 0 0 255 0 255 255 0 255 71 0 255 0 255 255 0 0
    177 255 0 50 34 0 255 255 255 0 0 0 255 255 146 255 0 0 0 255 255
    255 20 255 0 0 0 255 255 0 255 255 0 247 0 255 124 0 0 255 56 0 0
    255 255 255 0 45 149 0 253 0 237 0 59 255 255 0 0 177 255 0 0 0 106
    255 0 255 255 0 0 0 0 87 178 255 255 255 232 148 255 0 255 0 159 255
    0 0 218 255 0 83 255 139 0 255 134 77 255 0 255 0 0 255 255 255 255
    0 255 0 255 0 255 0 0 123 0 255 255 255 186 0 0 101 0 0 0 255 255 83
    255 0 0 0 255 0 255 255 255 0 0 255 255 0 0 112 255 74 255 255 112 0
    180 255 0 255 255 255 255 0 0 0 255 0 0 255 189 255 236 255 0 255 44
    0 0 0 222 0 0 255 0 0 255 255 255 255 76 52 255 0 255 0 255 0 255
    255 255 255 198 255 0 0 255 160 255 0 0 0 255 19 255 49 255 0 61 0
    255 0 255 0 255 255 0 255 164 247 0 0 230 255 255 255 0 0 255 255
    255 255 255 255 255 0 0 89 255 0 0 0 255 0 255 0 255 255 255 142 0
    148 205 0 47 255 255 218 0 0 255 0 0 255 255 0 255 50 255 0 0 255 0
    0 194 255 255 255 0 255 0 0 0 0 255 0 255 0 0 0 255 255 0 0 0 255
    224 0 0 255 255 255 47 0 0 255 255 255 255 0 0 255 255 255 0 255 0 0
    0 255 0 255 0 255 0 0 255 255 255 255 0 0 0 0 255 125 255 0 10 0 181
    0 255 246 255 53 255 0 0 180 0 0 0 0 255 255 255 255 0 255 0 81 0 0
    255 153 255 0 255 0 255 255 0 0 0 255 248 255 255 255 0 0 125 0 0 0
    85 255 255 255 255 255 0 0 255 255 255 0 255 0 0 0 255 0 0 179 0 0 0
    226 28 255 0 0 255 255 0 157 0 0 32 255 0 255 255 240 0 121 255 0 0
    255 255 255 0 255 0 255 0 86 255 244 255 0 0 196 255 133 255 0 0 0
    255 255 255 255 0 0 161 0 255 255 255 255 0 0 164 0 255 255 255 255
    0 0 249 0 255 0 0 0 147 255 255 255 91 0 255 211 0 0 35 0 255 0 0 0
    255 255 255 0 0 0 255 0 255 255 255 255 0 255 0 255 0 78 0 255 0 0
    255 0 0 179 0 255 0 0 74 255 255 255 0 255 230 0 0 48 0 255 179 0 0
    0 0 139 255 0 255 255 255 0 0 202 0 255 0 255 0 0 0 0 19 87 0 255 0
    255 0 207 0 255 0 0 0 34 0 0 255 0 255 0 255 255 255 255 255 0 255
    255 255 0 0 255 0 0 0 0 255 154 177 0 0 0 0 0 255 255 255 0 255 160
    0 0 255 0 247 0 0 0 255 39 255 0 255 0 242 0 190 255 255 0 255 87 0
    0 255 255 255 0 0 0 62 255 255 60 255 255 255 0 255 255 203 0 182
    255 223 0 0 0 0 255 155 0 174 255 255 103 255 27 255 0 255 86 253
    255 0 0 59 154 255 0 255 255 236 0 255 0 255 255 255 0 164 0 255 0 0
    255 255 0 0 0 255 0 74 255 0 0 255 0 61 255 255 255 255 255 136 255
    35 255 255 255 216 0 255 103 255 0 0 0 0 224 0 255 0 255 0 255 255 3
    0 0 164 255 255 255 255 255 255 0 255 130 0 0 255 0 255 228 255 0
    172 0 255 0 255 0 255 102 255 0 0 0 0 255 237 255 255 255 216 0 22
    255 167 0 0 104 255 225 0 255 196 125 255 251 123 0 255 49 255 153 0
    255 255 237 255 173 255 0 0 0 159 74 0 255 255 0 255 76 255 0 255
    255 255 0 255 255 121 55 0 255 0 255 125 255 0 0 168 255 194 0 90 26
    255 214 0 0 255 255 45 0 0 156 255 255 0 255 0 255 251 0 202 255 255
    255 0 0 0 255 136 0 0 255 138 0 0 240 255 255 255 205 255 255 0 0
    255 255 255 255 0 170 255 127 255 0 255 255 255 0 0 255 255 255 255
    255 255 255 61 255 255 255 0 39 0 0 0 91 0 255 135 0 0 0 255 132 0
    255 99 71 255 0 255 255 0 174 255 0 73 3 255 193 255 5 255 0 0 0 0
    255 0 255 0 125 0 106 0 255 0 0 255 215 255 0 151 0 0 255 0 255 0
    255 42 255 0 255 0 255 0 0 0 255 255 255 0 255 0 49 255 255 255 0 0
    0 0 0 0 0 0 0 255 0 255 0 125 0 255 255 240 255 0 255 0 19 255 255 0
    0 255 255 0 0 255 0 255 0 114 0 0 90 55 255 0 0 255 0 255 255 65 234
    0 123 255 0 255 0 114 0 24 0 255 0 241 0 255 255 0 0 255 255 255 255
    255 0 255 0 255 0 255 0 255 189 229 0 255 100 255 255 0 255 0 255
    255 255 255 0 0 54 255 255 255 94 0 0 158 255 255 255 0 0 156 30 28
    255 255 255 255 255 0 255 61 0 0 0 0 255 202 255 0 0 0 255 255 255 0
    0 250 185 255 0 255 255 0 10 0 255 0 0 0 255 251 255 0 255 255 255 0
    0 67 0 255 255 255 255 0 255 0 255 255 53 0 0 131 0 0 255 205 179 82
    0 0 255 255 255 0 0 200 0 219 0 0 255 255 0 236 0 255 0 255 0 255
    173 232 33 255 255 187 0 255 0 255 0 255 0 255 98 255 0 220 48 255 0
    0 191 0 198 0 0 0 255 0 255 255 255 153 0 0 207 255 255 255 0 0 0
    255 0 255 0 248 0 175 124 255 255 255 255 0 171 0 255 255 255 0 0 0
    0 0 255 0 255 255 0 0 255 253 255 48 255 0 255 54 255 255 255 164
    105 0 0 0 255 0 255 0 133 0 0 255 0 255 0 0 0 212 255 255 255 116 0
    0 255 158 0 0 0 255 255 0 0 46 255 0 255 72 0 255 0 255 0 0 255 248
    255 0 0 112 58 255 255 255 255 21 255 0 0 0 255 255 195 255 255 255
    0 0 108 0 255 255 0 0 255 0 145 0 255 255 255 0 20 0 96 0 255 255
    167 28 0 255 235 0 0 129 255 255 255 42 0 0 30 234 255 201 255 213
    76 0 0 0 255 6 186 135 125 0 32 255 168 0 0 255 35 255 0 255 0 213
    255 255 255 143 0 229 157 255 0 0 210 204 0 0 0 255 0 0 0 113 0 0
    255 255 255 0 255 0 255 118 73 255 0 0 255 0 255 255 187 178 195 255
    255 255 0 43 255 255 83 255 255 0 0 198 255 0 0 0 204 0 255 255 0 0
    255 255 129 0 255 0 160 255 255 0 180 0 0 0 255 0 0 255 0 255 255
    255 170 58 219 0 0 255 255 255 255 255 255 255 0 0 0 255 0 255 0 92
    0 255 0 255 0 55 0 68 0 6 255 0 255 0 255 104 46 0 180 255 255 0 255
    0 255 0 255 0 255 255 255 255 0 255 0 0 0 0 255 0 255 0 255 255 255
    0 0 25 0 0 242 255 255 255 255 0 0 0 0 255 255 82 0 0 0 0 0 255 255
    255 0 255 0 0 255 255 0 255 255 255 0 0 255 0 98 0 0 17 0 0 0 59 252
    255 36 255 255 0 255 255 11 0 0 41 192 0 0 0 255 255 0 255 0 0 0 0
    203 255 255 0 0 0 255 255 79 0 0 0 255 255 255 131 255 0 0 195 0 0
    240 0 0 56 255 0 255 255 0 0 255 255 255 0 255 0 255 0 255 0 255 0 0
    0 255 0 0 255 0 0 0 255 231 0 0 144 0 202 0 0 0 0 255 255 255 0 0
    134 213 58 255 0 255 15 255 0 255 53 0 255 255 0 255 0 255 156 255
    185 0 255 0 255 255 0 0 255 255 255 0 0 0 0 255 255 255 255 255 120
    0 0 255 237 255 0 0 112 255 253 0 255 0 255 0 0 176 0 0 0 255 0 255
    255 255 255 255 255 255 255 107 255 34 102 16 255 255 0 0 255 0 255
    54 255 255 255 255 255 0 0 0 255 161 255 255 146 0 0 255 0 255 0 255
    240 179 0 255 255 0 0 188 255 255 0 162 0 255 255 255 255 0 0 255
    255 255 0 255 255 255 255 0 255 0 255 255 0 0 0 255 172 255 113 88 0
    0 0 255 93 30 121 0 255 0 0 255 255 255 0 255 255 85 0 255 255 0 0
    255 255 27 11 255 255 141 255 0 0 36 0 0 0 255 255 255 0 0 183 0 0
    255 255 255 55 207 0 0 255 0 0 0 255 7 175 82 243 0 255 0 255 255
    255 117 255 126 0 0 0 0 255 255 0 255 255 0 0 0 255 255 0 137 224 0
    255 154 255 0 255 255 0 42 18 255 255 0 255 0 0 255 255 255 245 0
    255 255 0 255 0 183 194 255 255 255 0 255 213 0 0 177 255 255 184 0
    17 0 255 255 255 255 0 0 146 255 0 255 0 255 9 255 0 192 119 255 255
    0 0 255 255 33 255 255 0 200 0 255 255 255 255 0 255 0 90 45 0 0 255
    88 188 0 255 250 255 0 0 0 255 255 10 255 255 255 0 0 231 255 255 0
    255 0 0 0 0 255 255 255 254 0 0 0 255 255 71 255 0 0 0 255 0 255 0 0
    84 255 255 255 255 0 255 0 0 255 0 0 0 240 255 255 255 255 0 66 162
    255 255 0 0 0 255 0 255 255 255 37 0 255 134 255 0 182 0 0 232 255
    215 99 255 0 255 255 0 177 0 0 255 187 0 0 0 255 0 255 0 255 138 0
    255 0 0 0 0 255 0 84 255 0 227 255 255 255 213 0 255 0 255 0 12 0
    255 255 0 116 205 0 0 138 255 12 0 180 255 255 255 0 255 0 255 0 0
    255 0 151 217 255 0 255 0 255 255 0 255 0 255 253 255 255 105 255
    255 255 255 76 0 255 255 255 0 0 204 213 0 113 255 0 255 21 255 126
    255 0 0 255 255 255 0 0 0 255 0 39 255 255 0 255 0 0 255 0 87 0 255
    0 207 0 255 255 255 0 255 0 0 0 215 148 255 59 205 0 0 255 146 0 125
    255 255 83 0 0 161 225 93 255 0 0 0 0 0 0 0 255 255 0 0 0 0 255 0
    135 255 255 0 0 0 255 229 0 0 4 0 255 0 255 0 255 0 0 114 0 255 255
    240 0 255 0 255 0 0 0 0 255 22 255 0 0 94 0 172 255 0 0 0 0 255 0 0
    0 255 0 255 0 255 236 38 0 255 255 0 0 0 12 179 255 93 112 0 0 255
    255 209 255 126 0 0 0 255 255 176 255 4 0 0 0 255 255 34 255 0 255 0
    0 0 0 255 255 255 0 255 255 255 0 255 0 0 0 0 255 117 255 15 113 255
    45 255 0 208 0 0 255 255 255 0 0 0 0 255 255 0 59 0 0 255 255 255 0
    0 255 0 255 0 255 184 255 0 0 0 255 0 0 255 0 255 0 255 0 255 255
    255 166 255 0 79 0 255 255 255 0 255 0 255 0 255 255 255 255 0 0 255
    255 0 171 255 138 249 24 255 255 91 218 0 255 255 255 0 0 103 0 255
    121 215 0 0 13 255 229 0 99 255 255 255 0 255 56 12 255 0 1 255 255
    85 0 116 113 255 0 134 0 255 0 0 255 0 0 0 0 0 255 255 255 255 0 255
    0 255 0 255 0 255 91 255 0 255 0 0 0 255 255 103 0 255 255 255 0 0 0
    0 255 27 101 255 8 0 255 178 255 0 0 0 0 217 255 255 255 0 0 0 255
    255 239 0 0 255 0 0 0 20 255 255 16 255 255 255 0 0 255 255 255 255
    0 0 0 255 255 255 0 151 0 255 0 255 0 255 255 0 0 44 0 0 0 255 0 0
    252 255 255 0 167 255 0 255 255 243 255 0 0 194 153 0 255 255 207 0
    0 255 255 255 255 255 0 220 0 252 0 124 56 255 255 255 255 255 121
    41 255 44 255 0 255 255 203 140 0 255 255 255 255 0 255 0 255 255
    255 255 124 0 0 255 255 255 255 0 182 43 0 255 218 255 255 255 255 0
    0 255 221 255 255 0 255 0 0 0 0 105 0 0 204 0 255 255 0 0 0 26 225 0
    255 0 255 95 0 0 0 160 255 0 0 222 255 8 255 0 255 0 113 255 0 255
    255 105 0 0 255 0 255 0 255 0 0 0 255 0 255 0 48 255 255 0 255 255
    255 255 0 255 1 255 255 211 0 0 255 0 255 255 19 4 0 241 0 255 0 255
    255 255 0 255 255 182 255 0 255 31 255 0 255 45 217 0 0 0 255 255 6
    0 0 0 255 0 255 0 0 0 54 255 0 255 0 164 88 255 255 0 0 0 255 255 0
    0 0 255 85 0 0 0 0 0 255 0 0 0 0 117 4 255 0 255 255 0 5 0 4 0 0 0 0
    0 255 255 28 0 255 0 79 0 255 65 100 14 0 255 0 255 0 255 0 255 226
    255 171 0 0 255 255 255 255 255 171 217 255 0 143 0 11 0 255 255 255
    0 31 136 150 255 197 255 64 81 0 255 0 0 255 0 255 244 255 255 0 0
    255 0 255 153 170 0 255 255 255 0 255 0 0 0 0 255 0 255 255 0 255
    142 46 0 255 255 255 142 0 0 0 0 255 255 255 0 1 0 0 255 255 0 255
    255 255 65 0 255 0 0 159 0 0 255 0 0 181 255 255 0 58 0 255 235 0 0
    172 255 255 0 0 255 0 140 0 255 49 138 0 0 255 0 255 0 255 159 0 255
    0 216 255 0 0 255 255 255 255 162 255 0 56 255 0 0 0 7 0 0 0 0 0 88
    255 255 34 255 255 255 0 255 187 255 0 0 255 255 255 255 145 255 255
    27 0 183 106 255 0 255 0 150 65 255 255 255 20 255 0 255 166 255 255
    0 0 0 0 0 255 255 255 0 255 255 109 255 255 255 255 0 255 0 255 255
    0 0 143 0 255 255 134 0 55 0 255 255 255 0 0 146 41 255 0 255 128
    255 0 255 255 171 216 0 0 255 175 201 0 0 255 80 255 0 187 205 102
    255 0 0 0 76 0 255 255 255 255 0 0 0 0 0 255 255 0 38 0 0 9 255 0
    255 0 234 0 255 3 46 255 255 255 36 255 255 87 0 0 255 244 162 255 0
    0 0 255 255 255 0 151 0 0 255 0 255 0 238 0 0 0 255 255 0 0 255 56 0
    255 255 255 0 255 0 255 255 255 0 255 33 255 0 181 208 255 145 0 0 0
    114 10 152 188 0 255 0 0 147 0 0 73 255 0 0 0 255 0 142 0 31 48 255
    26 208 95 255 0 0 255 255 255 0 0 255 137 0 0 0 0 255 255 255 0 255
    0 0 0 255 255 255 61 9 255 0 242 168 255 0 0 255 255 255 255 167 0
    255 255 255 255 0 0 0 255 255 255 105 0 0 255 0 255 255 228 0 0 221
    255 255 0 190 255 255 144 255 0 0 255 0 143 55 0 0 255 255</data></your_img>
</opencv_storage>
