<?xml version="1.0"?>
<opencv_storage>
<filter_type>2</filter_type>
<only_luma>0</only_luma>
<r1>1</r1>
<r2>5</r2>
<L2_diff>1.</L2_diff>
<test_img type_id="opencv-matrix">
  <rows>128</rows>
  <cols>256</cols>
  <dt>"3u"</dt>
  <data>
    134 192 161 44 106 204 187 198 184 185 192 140 80 140 88 188 236 248
    229 41 206 103 247 42 255 224 33 159 7 183 192 225 35 20 88 197 112
    233 193 124 232 158 199 142 49 171 82 26 56 95 242 34 143 250 152
    224 254 137 243 65 48 109 46 161 1 22 206 222 152 33 27 101 43 232
    131 205 4 4 144 54 10 96 116 119 213 164 14 51 54 32 146 4 38 248
    246 30 107 20 101 157 84 24 52 9 212 83 190 118 59 1 243 71 74 165
    162 177 184 76 65 121 15 179 193 202 227 19 22 226 112 105 8 240 138
    204 231 238 119 240 224 231 68 31 188 104 172 215 7 74 211 29 154 5
    191 176 68 216 114 116 120 143 63 186 130 25 107 218 194 245 165 222
    37 117 17 31 129 201 254 122 215 92 192 2 228 12 153 23 64 181 189
    42 200 240 34 186 158 28 37 243 9 40 230 168 70 51 120 24 129 219
    136 130 194 246 180 26 103 144 209 46 240 100 70 74 243 92 63 164 85
    48 63 123 128 207 89 28 14 86 196 94 162 204 226 121 172 78 194 31
    237 122 137 212 147 141 7 111 226 47 82 79 203 19 3 6 59 137 166 64
    144 165 236 224 143 126 102 202 58 48 64 18 102 184 179 91 144 89 33
    88 247 254 76 58 183 155 218 105 166 224 83 127 21 245 166 232 89
    122 240 202 254 138 55 34 36 222 56 218 246 224 42 48 58 11 211 246
    98 85 145 99 33 204 41 250 74 46 63 132 181 219 42 160 160 135 108
    190 154 89 97 100 200 87 2 135 104 239 152 233 232 68 18 114 255 103
    250 28 88 158 94 6 5 249 175 42 87 230 148 222 116 175 178 103 109
    18 56 140 82 166 178 174 25 63 115 207 166 116 118 20 59 195 193 233
    96 67 110 87 255 87 170 133 49 132 56 29 203 58 1 129 52 201 19 192
    50 26 122 136 12 22 119 41 178 148 121 61 169 70 68 155 90 30 50 207
    214 147 104 184 65 99 215 31 214 251 157 161 214 34 26 209 186 46
    225 197 87 217 104 74 163 70 113 248 129 202 2 21 118 12 22 165 154
    6 24 111 97 12 122 17 20 199 39 81 146 18 105 252 190 208 233 206
    235 234 97 228 253 203 38 10 234 54 33 143 59 188 246 172 12 201 190
    49 116 88 225 122 126 116 203 70 155 1 42 164 93 161 14 122 9 156 13
    218 126 248 114 92 202 155 11 29 174 120 15 0 208 112 66 91 221 216
    119 133 147 229 109 94 245 246 172 152 140 60 31 84 87 222 35 120 73
    107 94 225 140 234 164 228 211 146 36 232 128 181 218 157 12 128 88
    74 49 154 0 221 128 29 206 143 5 245 68 108 34 201 32 149 140 157
    107 89 20 251 49 18 124 239 174 138 106 59 155 50 216 30 156 215 198
    165 65 212 114 172 122 26 82 249 92 39 178 216 231 98 151 29 213 111
    36 164 214 184 200 122 42 235 39 215 153 71 231 221 218 232 3 195
    164 101 8 118 100 119 26 124 26 178 69 201 51 97 87 77 140 223 186
    230 14 172 51 54 92 76 190 224 245 9 42 126 82 34 185 212 1 4 7 68
    37 144 89 33 95 148 80 131 75 142 62 246 75 35 68 251 111 244 141
    112 129 178 11 238 80 63 97 37 6 175 206 12 247 158 123 116 5 32 130
    206 173 200 166 141 177 238 242 202 42 107 183 158 44 5 191 245 19
    52 51 248 213 71 30 166 100 60 16 41 55 127 175 63 137 34 104 25 107
    28 229 184 23 169 232 145 87 59 111 68 233 122 49 32 112 155 42 158
    19 74 142 135 255 173 65 142 46 209 14 82 142 207 189 131 149 177 50
    128 145 14 19 40 197 126 96 121 0 133 34 64 131 186 123 11 69 68 100
    88 69 14 111 234 179 66 141 203 215 117 178 73 135 254 214 241 220
    71 132 73 163 10 157 192 250 204 166 14 60 131 22 112 162 139 154
    143 93 170 152 25 126 228 252 153 111 226 17 52 127 227 231 201 221
    55 200 198 50 72 154 204 63 86 3 157 134 218 100 116 90 119 174 187
    15 253 252 204 192 43 111 92 55 204 74 37 167 212 16 69 49 149 39
    118 200 46 70 94 203 197 160 136 254 143 37 51 245 109 38 138 24 24
    234 218 92 168 85 200 60 35 97 86 7 42 116 126 187 214 70 80 135 140
    115 2 201 50 237 114 95 66 191 113 190 146 246 52 203 167 112 7 66
    10 155 1 187 230 122 130 4 236 154 145 102 34 214 12 21 236 246 35
    207 246 142 98 120 205 216 138 24 85 8 116 14 3 200 120 236 32 23
    237 68 91 179 168 176 36 242 46 178 4 141 164 63 56 167 187 95 234
    90 126 243 89 137 131 204 216 122 70 204 252 100 188 125 57 65 132
    132 16 59 88 17 160 109 186 85 228 236 222 124 38 65 143 149 36 30
    59 143 162 232 218 80 125 120 70 139 102 34 132 190 238 138 159 88
    216 164 70 162 147 120 154 207 153 44 51 138 29 245 54 43 102 149 22
    225 174 56 170 68 42 29 169 223 1 73 206 66 112 114 108 42 182 41
    214 130 18 147 108 171 110 146 107 207 207 226 33 243 168 122 29 188
    175 201 178 154 177 176 118 15 37 219 137 10 207 173 59 142 98 255
    180 250 234 231 223 28 20 248 33 109 185 123 47 239 33 78 14 201 93
    9 214 124 160 248 213 206 74 216 239 123 108 144 203 74 185 113 144
    71 43 181 173 36 21 91 211 30 68 10 55 214 212 20 191 43 165 40 107
    234 146 86 238 155 35 178 9 228 54 254 22 254 73 171 160 141 20 28
    224 127 12 140 223 123 75 225 216 220 137 9 45 17 107 35 82 253 37
    165 228 24 249 13 141 214 156 128 84 174 88 31 123 19 69 72 163 255
    229 154 50 213 9 22 33 212 87 39 197 7 245 193 7 80 53 61 35 59 214
    55 178 165 52 184 144 171 21 251 92 0 66 155 68 193 214 192 80 58
    107 155 206 1 109 30 14 24 93 240 228 124 227 252 27 192 96 95 221
    240 241 135 114 55 121 154 236 74 15 130 134 222 113 164 229 135 153
    134 40 229 94 138 17 123 177 193 139 146 227 122 67 95 152 66 33 133
    114 87 214 15 168 175 87 248 38 101 14 166 78 21 218 178 210 14 251
    193 180 87 167 109 56 71 219 176 193 179 56 230 234 223 185 203 76
    44 176 128 114 161 69 116 130 236 255 31 153 193 51 205 116 148 146
    3 52 155 171 130 77 14 252 12 37 239 9 151 90 11 145 124 16 69 171
    130 130 61 33 78 175 242 201 121 212 179 145 103 50 205 129 123 22
    37 41 89 94 72 33 77 56 29 225 23 83 35 171 184 47 120 237 149 157
    98 101 127 1 189 30 29 207 135 19 253 3 88 118 128 101 46 207 78 8
    83 118 242 187 142 31 182 169 141 145 132 25 142 170 188 81 12 82 4
    201 190 218 28 166 188 250 103 77 158 148 95 177 155 205 38 210 43
    124 44 164 182 26 32 160 220 43 147 45 82 138 32 56 139 248 34 109
    38 226 29 210 22 110 206 164 149 200 205 119 7 62 23 151 148 37 203
    99 11 161 103 167 111 13 206 71 157 74 229 245 162 5 20 1 43 225 70
    10 124 22 121 226 100 10 232 94 26 117 78 187 231 234 199 5 61 228
    33 214 97 155 52 193 19 111 169 232 245 124 154 21 226 95 68 144 66
    39 81 177 26 4 126 116 158 188 218 38 58 100 85 7 218 221 11 79 118
    130 4 125 7 204 81 88 34 0 13 140 71 67 146 205 72 91 3 118 131 0
    127 230 7 39 214 152 50 86 178 11 152 1 208 166 218 128 125 164 200
    37 36 125 41 33 192 137 131 39 197 8 209 111 204 188 90 91 42 116 48
    43 54 77 189 11 71 136 108 36 179 18 204 193 207 28 147 162 101 219
    193 152 244 101 236 98 224 246 214 83 247 197 235 136 37 66 218 215
    55 51 252 121 114 39 130 255 83 38 175 235 85 242 219 190 187 94 197
    98 8 89 113 96 222 58 155 162 32 214 251 75 99 97 51 171 172 222 182
    183 240 96 153 247 42 62 177 9 22 144 102 216 115 61 138 236 8 208
    79 12 96 181 233 47 176 147 213 238 161 25 59 243 81 77 113 137 163
    210 31 154 83 14 24 151 193 165 92 184 202 211 187 92 151 202 186
    195 43 58 186 94 161 81 39 110 30 80 149 236 138 24 4 46 71 141 7 1
    92 86 6 175 182 133 72 171 10 21 14 158 9 91 62 34 89 208 31 44 67
    113 236 165 90 20 80 221 157 188 11 112 45 117 165 67 183 23 129 123
    141 187 216 30 8 126 117 60 70 157 53 174 33 1 197 72 61 225 47 239
    28 65 141 168 156 250 135 67 36 177 16 169 198 74 128 200 218 133
    153 76 24 118 214 63 6 150 59 8 29 191 185 86 81 113 72 96 145 42
    175 117 132 193 90 165 7 112 252 127 12 242 64 153 162 85 52 199 21
    219 163 156 185 179 118 127 99 21 144 236 127 172 221 156 168 1 5 59
    233 158 75 254 197 198 250 57 161 43 189 247 254 66 27 194 149 113
    183 156 134 135 252 23 11 161 56 90 37 31 117 54 124 226 202 19 158
    46 249 166 42 94 214 126 184 168 10 89 60 210 240 217 220 201 209
    215 214 56 189 47 9 166 81 40 115 24 232 232 7 130 235 109 46 76 15
    8 63 33 248 244 36 122 222 196 114 185 85 150 177 153 6 216 210 184
    8 218 74 80 250 160 111 48 120 92 255 42 216 38 60 159 126 19 57 116
    245 47 48 19 119 176 108 248 99 88 97 132 172 138 63 106 132 3 207
    249 60 12 246 244 86 20 90 205 136 16 23 26 161 89 229 136 19 145
    138 42 249 23 241 223 211 255 55 67 111 153 52 126 244 207 227 208
    240 175 191 73 181 25 39 153 55 245 134 13 237 165 38 237 65 57 30
    176 137 136 73 134 100 51 44 171 57 42 110 207 28 229 165 246 91 220
    30 21 193 148 254 19 199 146 114 227 67 68 153 43 255 226 110 138
    173 192 37 89 129 32 205 157 121 205 198 203 190 155 6 57 60 155 217
    241 232 201 152 36 144 75 171 222 251 182 214 44 78 74 216 208 127
    44 220 209 247 23 149 29 33 182 97 201 164 162 14 142 204 75 28 223
    22 52 96 121 145 50 171 235 193 76 160 200 212 213 248 147 180 77 34
    196 169 87 45 252 50 147 116 107 152 115 82 229 203 213 135 242 235
    130 81 36 141 162 212 187 114 213 21 77 235 235 151 33 39 85 192 17
    116 230 157 239 56 148 12 148 255 189 243 71 236 224 80 107 25 254
    253 183 74 132 103 145 188 101 213 166 58 246 241 192 225 21 186 133
    131 10 52 69 216 115 3 212 51 155 50 163 22 160 35 89 205 49 248 149
    88 206 215 6 200 169 79 82 119 187 159 148 146 229 214 77 30 248 57
    164 145 191 20 64 212 96 212 194 194 187 13 48 5 87 209 17 15 137
    168 23 76 93 142 109 95 41 73 2 131 101 121 2 22 17 116 240 7 100
    244 205 105 151 31 221 211 68 88 157 62 164 106 118 177 220 132 241
    20 179 236 10 182 61 160 82 18 205 129 188 226 169 237 198 92 116
    101 35 158 157 129 33 143 78 57 107 35 59 77 87 14 233 121 36 158
    243 253 208 14 192 98 134 230 173 60 14 85 173 137 35 58 243 33 175
    207 26 31 38 210 89 90 79 148 74 233 185 186 82 83 130 217 49 77 144
    139 218 18 120 139 205 99 247 60 199 7 244 187 236 3 162 163 133 92
    47 89 44 132 9 8 130 36 204 123 146 232 224 187 51 246 179 116 84
    189 250 219 57 29 218 247 114 142 42 70 84 81 38 161 229 66 169 196
    129 49 27 14 149 124 168 246 237 82 27 217 213 47 166 251 95 119 240
    8 78 180 246 179 83 95 58 103 63 96 21 39 28 59 169 230 182 133 66
    70 65 169 197 143 160 150 77 241 122 215 18 11 34 130 21 217 254 57
    69 205 67 20 38 242 63 151 221 218 36 30 119 105 34 245 103 78 165
    59 127 237 213 66 172 76 75 11 76 77 187 78 37 39 221 50 225 199 58
    73 208 167 73 241 141 17 249 251 140 79 50 253 63 236 133 128 220 5
    160 240 35 222 73 86 132 208 189 107 234 29 54 33 137 56 191 174 127
    214 64 136 100 1 49 224 94 70 48 113 208 21 162 81 247 20 183 42 64
    146 52 56 100 102 200 173 68 132 137 146 101 161 198 252 156 221 32
    206 30 255 126 97 177 113 227 139 8 15 244 60 139 167 247 189 162
    210 199 79 19 212 87 226 213 246 123 180 242 35 52 239 231 196 130
    121 56 195 15 118 33 13 185 117 246 198 233 206 105 82 197 53 109
    135 16 49 117 233 251 110 208 134 126 188 55 57 227 99 207 191 82
    217 19 102 54 154 255 78 4 105 229 148 3 211 41 141 233 130 92 22
    109 176 119 30 127 51 105 146 29 158 210 56 141 142 124 58 127 51
    203 87 86 69 210 239 55 142 83 100 216 231 90 107 150 95 167 8 93 99
    133 78 197 33 234 58 40 42 212 75 176 132 144 91 67 142 205 231 37
    36 83 207 134 63 29 222 235 45 187 55 217 0 74 92 150 20 170 220 152
    90 3 31 27 185 141 227 164 153 214 133 163 15 210 195 204 173 38 37
    146 169 208 139 246 192 174 118 82 110 145 139 14 179 156 186 52 218
    38 11 64 164 168 61 195 144 171 22 23 180 118 255 32 191 236 145 193
    22 195 65 105 1 108 34 153 239 95 109 61 174 111 175 106 106 209 109
    74 199 138 208 0 119 49 246 228 185 45 210 155 79 133 114 180 99 243
    145 67 1 106 43 145 225 165 117 197 83 126 227 140 72 229 164 184
    174 237 248 57 38 97 117 69 28 25 184 11 247 183 37 56 208 243 195
    96 88 103 147 69 74 219 54 197 50 53 160 213 47 99 96 147 113 37 216
    199 60 7 165 162 31 92 205 213 193 186 254 21 9 208 254 26 120 210
    242 151 95 41 150 252 36 54 151 185 40 12 164 225 6 98 236 178 173
    240 108 49 29 154 104 143 56 2 192 66 181 149 52 51 76 97 56 198 191
    207 47 79 71 173 109 125 110 38 142 9 173 88 29 215 170 112 71 52
    253 213 203 229 213 89 172 193 175 62 186 137 52 11 100 24 224 18
    152 75 169 81 4 128 142 149 164 197 62 163 89 56 69 187 139 217 178
    201 128 173 235 241 202 122 100 13 144 32 183 51 125 157 43 103 128
    179 132 241 54 79 37 81 24 85 149 81 64 215 85 111 63 6 117 211 46
    85 116 129 116 215 219 94 195 6 253 155 35 34 121 223 136 156 207
    120 166 99 209 31 245 31 184 2 242 183 178 163 198 208 78 57 62 100
    72 135 61 111 108 58 165 143 115 50 127 238 82 19 19 223 165 189 171
    47 41 238 248 162 7 86 36 36 77 146 114 8 70 164 12 95 237 145 112
    223 71 34 83 32 73 44 166 121 6 128 237 192 23 108 58 41 2 247 211
    208 30 58 70 2 106 235 26 103 155 200 97 17 160 98 134 104 96 194
    158 99 205 200 90 132 235 149 64 170 64 116 173 173 126 3 148 29 107
    230 142 249 110 23 180 123 58 174 42 192 36 84 70 139 9 35 126 242
    13 119 191 30 78 234 221 13 101 105 74 179 231 150 247 156 204 180
    188 121 208 171 180 113 207 25 189 141 251 60 146 250 45 188 130 10
    195 118 239 209 39 77 118 250 184 14 162 24 241 89 46 116 22 206 201
    40 88 58 168 26 135 232 87 220 129 220 109 181 45 56 251 163 153 242
    139 169 169 157 243 72 167 17 125 56 111 86 141 249 17 115 10 108
    185 199 21 254 17 56 98 32 206 198 23 122 16 153 232 146 77 110 156
    81 93 202 44 250 142 158 8 76 101 113 50 213 21 170 104 223 144 107
    197 53 149 153 99 67 105 47 24 126 119 161 119 235 79 250 172 244 10
    134 85 121 27 66 231 105 229 234 230 115 222 252 232 224 228 32 234
    157 56 218 18 136 195 23 10 40 77 75 134 188 0 105 36 147 238 224
    215 97 231 135 172 199 231 255 5 30 99 232 171 1 222 155 15 193 191
    227 35 1 253 174 177 187 201 185 250 52 182 151 29 46 74 81 253 23
    252 224 66 196 54 149 229 28 115 24 71 176 184 253 141 233 144 150
    226 99 183 243 254 246 105 135 26 225 127 9 194 7 194 235 202 143
    136 32 93 19 69 12 32 18 159 44 193 9 255 195 129 42 128 210 19 37
    64 245 229 19 165 182 135 51 82 164 213 92 121 92 10 81 103 91 247
    127 130 129 241 60 1 165 153 17 131 225 39 233 149 171 18 0 77 176
    216 172 218 196 169 135 128 181 4 61 247 164 109 98 62 162 8 91 75
    231 200 65 114 241 6 47 105 110 125 160 231 73 10 216 240 119 117
    254 20 245 135 51 83 28 195 61 15 172 248 111 239 211 213 165 136 84
    181 71 103 26 14 27 72 72 165 15 84 7 93 43 8 195 79 232 20 146 142
    212 56 59 66 164 5 183 99 168 105 234 47 165 22 14 167 6 165 96 146
    68 199 16 38 240 242 100 113 69 251 221 229 192 94 200 238 121 233
    159 0 53 37 221 113 216 4 173 120 244 37 52 127 125 85 200 78 178
    177 255 41 141 91 232 252 210 52 232 4 235 253 108 98 101 246 10 40
    212 163 3 168 42 235 127 208 62 142 51 207 97 20 119 227 111 142 84
    180 98 43 71 48 99 40 139 180 22 195 59 229 19 164 68 18 32 105 25
    233 40 128 60 223 213 206 206 73 186 85 245 242 21 230 20 238 60 239
    143 68 125 190 198 61 151 49 173 128 62 41 2 185 221 58 18 195 177
    170 68 243 228 19 106 69 71 180 216 108 1 115 247 118 31 195 239 5
    139 200 208 115 193 83 172 75 0 216 236 157 210 29 42 52 214 235 255
    178 203 175 114 130 160 157 255 10 62 111 208 144 72 172 21 190 229
    89 158 128 183 33 162 242 246 85 33 62 10 162 94 180 232 223 17 113
    27 205 73 221 27 196 125 62 134 99 251 84 87 4 226 19 142 99 83 218
    16 174 251 233 13 212 203 161 151 15 16 207 20 134 182 7 242 204 177
    10 63 82 60 20 229 119 9 110 75 176 182 98 250 78 121 246 178 47 135
    137 194 169 150 149 160 173 248 169 254 165 74 26 20 180 112 115 33
    152 117 226 34 120 125 42 65 213 83 138 60 137 241 110 20 7 105 41
    23 120 88 197 159 149 182 233 170 230 125 86 240 127 151 103 71 49
    84 242 18 204 69 83 233 126 16 210 48 76 208 217 37 136 29 27 200 88
    32 167 118 34 28 189 59 178 135 177 198 219 32 37 121 145 39 186 21
    128 149 187 128 140 14 182 113 67 78 6 138 129 125 68 109 206 18 205
    33 194 205 239 58 87 24 117 189 138 127 140 45 21 178 125 231 146
    118 29 254 181 45 106 208 127 62 201 193 0 5 99 152 10 34 184 53 143
    218 150 242 168 132 178 85 68 91 220 178 65 5 189 220 96 25 219 168
    193 226 12 104 94 142 110 117 196 40 104 213 54 145 241 247 203 76
    211 245 249 233 87 207 57 255 146 211 189 132 136 236 168 16 88 152
    66 112 152 192 83 241 86 157 4 227 232 74 53 153 114 83 73 163 104
    232 193 73 30 195 98 110 146 85 56 221 187 207 67 87 166 199 133 191
    44 75 232 125 37 249 177 153 37 64 128 118 16 72 246 111 44 150 86
    76 116 48 219 120 218 136 223 18 39 234 127 129 105 115 114 0 132 24
    133 227 76 253 152 68 126 142 67 170 126 124 69 42 117 49 249 221
    160 245 164 182 92 214 14 55 205 250 58 117 159 20 34 233 10 117 29
    214 242 45 242 32 236 238 105 127 19 94 143 125 143 49 54 99 148 54
    59 9 131 110 12 113 34 160 105 92 46 112 11 59 172 96 195 63 13 254
    153 175 232 2 75 196 1 126 110 206 65 148 163 131 169 20 230 162 104
    57 56 164 184 175 244 166 43 38 10 67 183 127 163 57 143 48 210 113
    216 219 18 110 61 236 72 96 149 87 245 155 223 134 125 59 69 204 44
    174 66 255 105 119 223 4 255 17 71 174 133 1 55 197 138 126 119 218
    178 109 206 81 119 249 35 73 94 255 125 192 125 73 188 109 191 238
    50 2 114 195 187 251 31 155 26 253 36 70 196 85 38 27 23 89 235 33
    236 59 162 165 144 255 122 181 173 216 176 172 208 116 66 189 92 20
    107 254 84 157 57 51 201 91 122 86 67 208 105 50 26 254 4 96 80 248
    190 151 169 63 73 192 219 106 56 204 164 111 226 249 208 0 106 115
    173 179 245 37 73 48 147 191 16 138 50 38 189 154 19 61 89 141 40 73
    213 13 96 198 136 79 118 235 24 223 54 6 50 233 167 129 252 35 18
    217 59 160 94 247 155 101 173 170 68 212 22 210 202 211 56 203 107
    134 143 132 245 255 252 47 101 155 180 140 187 26 138 155 185 41 50
    192 72 121 115 251 238 195 129 205 124 209 62 241 23 187 67 44 161
    202 152 40 84 192 223 172 226 16 40 36 23 159 89 167 26 224 190 195
    238 16 205 110 25 20 242 25 182 139 211 54 49 199 61 190 135 61 171
    4 11 144 47 12 252 236 203 253 205 205 113 68 245 181 151 226 109 12
    245 230 134 182 238 75 238 134 217 226 61 93 225 9 100 33 218 111
    132 190 159 218 116 127 221 127 252 184 125 56 75 234 116 245 237
    239 104 84 246 15 59 114 133 80 223 220 98 20 93 20 61 184 209 148
    234 255 50 109 206 128 219 55 195 35 249 189 6 72 183 175 175 134
    181 255 177 255 162 135 253 154 197 177 44 98 114 28 69 76 166 205
    244 131 142 16 231 136 16 99 85 215 125 204 86 212 43 93 11 24 74
    238 246 184 63 227 82 35 161 64 252 22 128 212 184 116 148 220 47
    107 72 206 199 203 190 206 60 38 68 146 177 184 178 98 80 230 204
    113 54 130 119 60 173 164 170 93 180 20 143 255 202 235 184 35 7 55
    240 150 6 216 6 64 13 215 166 177 60 233 247 55 118 237 234 64 56
    238 81 89 40 159 14 75 14 44 148 215 93 226 13 105 45 186 4 23 28 35
    33 137 133 122 21 6 106 70 237 14 121 14 124 97 27 234 177 158 81
    231 168 35 34 2 224 180 199 175 133 74 241 157 145 85 110 84 87 70
    62 23 28 47 235 230 141 192 213 198 91 15 112 72 158 24 134 218 166
    142 226 201 223 199 197 62 195 130 171 235 51 169 32 219 12 214 202
    32 50 230 36 218 234 241 144 0 158 179 86 31 107 172 71 5 165 221 50
    33 40 53 109 96 164 10 220 244 20 130 147 132 248 155 110 137 75 185
    58 71 106 108 173 68 167 192 219 98 204 29 200 75 237 106 104 174
    176 116 61 99 161 245 246 132 217 246 125 125 165 33 255 178 36 77
    201 184 118 145 33 154 94 20 203 207 122 212 103 79 221 169 191 132
    190 88 144 128 128 124 113 63 59 8 192 125 99 201 185 152 191 81 113
    193 92 218 36 27 131 200 27 232 57 234 47 42 27 148 142 234 18 23
    102 16 3 16 203 31 240 190 195 173 40 220 96 24 238 184 68 255 215
    33 105 182 55 63 164 91 96 192 72 160 221 113 186 21 233 19 34 172
    178 225 112 154 56 73 106 81 92 28 3 35 46 207 173 251 148 144 46
    186 160 147 53 48 205 217 25 163 219 159 111 190 2 93 60 184 21 178
    124 22 14 44 144 247 115 128 235 233 108 116 61 42 28 96 214 147 88
    147 100 157 126 17 237 28 78 208 168 197 134 31 101 240 10 136 202
    208 209 170 24 142 146 101 236 98 58 130 60 65 28 5 237 142 97 204
    98 223 92 127 93 189 82 147 42 222 218 237 113 141 169 217 132 37
    200 63 29 169 225 210 104 129 51 117 2 25 37 228 117 170 67 203 48
    85 151 67 76 197 198 101 227 111 79 71 74 234 237 84 107 97 66 240
    141 177 244 1 43 66 231 230 168 190 25 102 231 158 253 124 143 194
    54 60 75 139 198 105 46 103 120 19 133 89 127 173 80 100 52 249 78
    47 197 214 135 120 217 202 183 29 152 71 232 212 44 252 251 31 155
    154 166 47 188 2 117 157 141 1 26 97 222 237 0 108 36 97 209 139 218
    91 86 159 61 89 32 241 66 48 76 150 70 115 180 15 98 152 153 37 252
    140 70 93 207 16 193 227 28 38 111 148 0 190 211 37 179 217 175 174
    204 55 202 243 184 173 19 190 82 52 163 245 223 225 27 190 151 252
    131 193 31 88 89 195 65 53 218 161 120 35 140 133 152 65 172 0 116
    43 1 138 186 152 12 234 9 51 39 79 244 160 113 106 62 56 124 98 125
    155 20 49 10 35 51 158 20 90 154 115 131 246 49 89 23 113 159 208
    130 204 29 66 149 96 140 41 218 161 157 69 179 231 175 218 130 55 8
    66 110 255 215 46 164 211 81 8 34 137 211 26 182 213 186 145 100 76
    191 243 75 188 240 185 79 8 11 71 173 32 101 82 2 117 13 59 127 182
    42 142 120 230 194 60 254 252 33 64 169 246 151 51 221 203 26 114
    241 106 77 71 165 150 86 241 174 88 99 25 105 100 6 182 72 14 138 27
    20 170 37 107 63 240 222 21 242 195 5 161 132 160 195 66 177 197 88
    63 99 55 56 45 188 33 104 72 84 173 58 178 153 15 53 245 71 192 150
    212 206 21 128 161 169 49 72 147 186 93 57 57 31 255 20 59 68 178
    153 117 212 58 248 255 75 75 168 74 9 204 93 39 152 248 45 6 233 26
    131 152 161 56 220 5 160 62 4 224 146 28 113 211 20 40 161 81 25 59
    193 140 11 79 182 75 176 98 227 25 155 70 199 4 162 99 86 225 157
    197 103 175 22 235 159 143 178 166 170 72 157 212 53 214 186 84 109
    224 90 109 136 229 83 143 101 172 141 177 102 142 11 137 140 55 204
    89 72 112 206 75 159 76 72 132 29 61 24 77 84 101 254 4 71 3 142 45
    121 68 33 78 121 82 187 40 121 150 192 215 122 57 253 78 102 106 92
    41 139 120 116 166 63 59 123 5 76 185 164 28 208 93 28 17 64 197 89
    85 251 43 33 168 0 226 214 178 208 151 212 86 34 209 159 36 79 196
    175 247 46 28 189 160 12 126 202 216 126 144 122 7 188 54 230 33 97
    109 173 249 148 50 209 213 3 10 69 5 82 39 166 21 239 110 252 59 177
    20 146 224 181 167 111 13 242 170 135 43 153 193 253 184 206 239 164
    98 156 169 67 234 40 41 72 142 39 161 191 58 51 131 96 97 255 8 7 11
    124 146 239 195 142 56 55 132 54 185 249 189 163 89 225 98 190 126
    205 177 248 55 175 10 212 48 240 223 193 71 204 16 150 146 97 33 37
    202 179 124 96 254 171 29 17 28 164 190 229 162 56 102 70 27 110 140
    6 80 51 250 20 226 154 167 186 57 6 103 61 186 222 117 178 103 163
    13 201 214 150 32 204 203 164 59 197 11 14 246 192 14 107 2 141 91
    189 14 21 106 216 239 207 90 240 144 230 162 7 102 46 10 114 99 245
    216 166 112 248 81 37 9 130 162 109 163 53 10 253 190 180 145 90 202
    20 185 98 226 129 206 147 181 54 165 232 229 200 123 88 155 15 123
    125 94 96 202 210 158 102 252 191 225 90 213 56 151 156 5 202 110 69
    12 24 136 181 77 25 230 134 6 142 193 194 187 116 9 68 164 148 219
    126 211 59 101 149 90 16 8 152 46 129 168 213 112 74 73 112 165 92
    102 91 9 59 81 57 167 148 217 62 225 69 170 45 168 21 254 8 212 18
    237 220 68 23 111 90 181 146 78 238 239 188 10 124 253 237 99 237
    139 64 124 12 106 220 56 250 19 16 167 189 16 4 16 83 175 37 11 168
    217 58 159 254 188 159 85 220 11 62 75 30 125 46 77 10 58 140 33 230
    71 58 205 178 231 54 48 88 41 144 89 15 198 7 219 195 94 112 44 35
    224 107 63 4 39 153 109 95 71 142 57 153 7 209 71 102 140 145 242
    145 53 185 101 86 58 219 42 48 37 238 129 235 0 14 252 19 202 186
    162 151 55 138 174 149 207 219 216 54 216 200 144 50 247 9 171 217
    104 176 90 146 4 179 110 198 253 161 117 11 81 138 236 165 121 133
    198 129 31 61 12 137 147 211 150 166 252 230 200 211 95 214 187 144
    218 44 253 225 104 220 59 130 63 12 80 21 25 20 168 83 201 70 40 131
    12 9 137 39 178 124 253 226 188 63 68 43 87 246 177 192 173 24 149
    106 190 250 204 55 65 25 22 159 122 131 188 39 55 29 128 153 72 223
    94 41 7 175 159 149 238 177 195 155 9 187 29 174 36 239 192 162 70
    45 184 90 217 10 193 86 194 57 28 70 40 197 78 34 150 223 38 86 131
    139 42 221 156 25 101 168 71 78 182 240 156 38 41 150 234 11 90 81
    196 0 83 48 213 51 169 91 47 197 238 75 38 125 8 181 164 177 182 64
    197 104 190 116 200 72 48 17 85 141 117 114 92 108 213 30 184 7 224
    246 156 216 234 139 54 242 186 166 224 126 240 65 231 247 67 111 161
    82 80 171 55 226 155 122 61 86 59 172 83 84 147 116 5 133 206 86 62
    184 200 70 177 187 134 30 46 193 11 57 151 106 22 254 0 18 147 82 19
    85 25 126 82 151 163 96 163 98 94 49 155 75 168 249 239 141 212 200
    148 210 26 115 73 25 167 211 251 179 227 67 78 97 130 245 180 92 192
    198 92 83 188 69 162 101 247 241 104 83 117 86 3 14 18 241 61 198
    179 20 170 131 119 31 240 42 127 157 130 15 38 132 230 17 52 59 128
    60 180 42 15 247 88 123 18 161 30 183 167 250 134 138 241 98 224 196
    11 32 171 206 170 160 178 137 192 247 90 119 96 17 36 85 82 123 126
    0 218 140 95 10 77 117 84 53 252 125 171 62 229 101 38 25 113 48 8
    253 77 4 64 137 215 135 123 186 107 115 92 73 82 187 105 98 38 193
    227 139 11 9 96 66 182 225 155 36 47 171 135 210 4 240 144 124 211
    122 158 167 158 165 104 240 1 154 143 80 62 78 138 117 31 24 10 179
    132 4 85 79 70 85 43 164 185 103 211 68 3 57 24 207 64 58 121 167
    207 196 213 138 36 165 205 176 98 214 98 121 209 68 85 84 34 81 22
    34 155 205 100 47 85 8 166 183 164 149 149 244 98 149 40 204 58 52
    166 75 244 85 240 10 76 117 8 47 157 129 0 164 10 158 99 197 134 35
    129 111 55 150 43 153 123 217 116 130 79 54 120 138 255 43 165 73
    186 18 127 34 7 232 100 144 8 106 216 172 200 189 114 213 168 52 180
    209 58 8 187 101 193 63 29 79 229 128 241 113 131 132 90 181 127 1
    131 9 197 195 207 30 17 25 135 155 93 116 8 19 85 229 8 85 126 187
    104 157 44 185 16 45 6 175 187 4 44 132 49 210 74 43 119 135 111 82
    111 131 2 34 232 131 46 125 42 186 230 55 77 146 187 98 195 217 15
    52 180 18 144 8 8 150 164 57 51 165 184 154 35 228 139 186 179 161
    86 5 153 63 221 157 2 230 16 158 53 46 47 217 51 207 8 11 100 76 161
    14 18 236 38 170 15 16 110 73 175 67 51 143 227 31 115 226 115 38
    142 169 82 146 80 82 8 30 85 118 188 179 186 253 41 123 208 234 211
    91 232 200 180 74 55 153 229 94 43 227 50 196 82 108 113 67 179 209
    193 85 239 253 29 146 91 87 89 167 118 214 91 75 247 254 215 46 42
    27 230 171 234 37 65 64 150 115 124 95 123 139 200 219 88 56 163 251
    240 237 242 229 122 136 149 239 3 201 160 212 209 49 21 196 185 45
    183 99 144 105 130 242 147 244 12 195 235 200 109 36 195 146 246 183
    94 132 179 179 178 240 185 198 226 163 104 5 165 34 202 178 13 223
    36 139 251 211 69 219 202 132 103 107 67 62 189 108 73 56 28 17 207
    174 71 144 45 116 27 252 231 38 167 184 159 116 37 42 121 177 192
    143 58 114 206 47 58 40 233 139 57 213 75 230 179 226 30 139 79 144
    63 114 32 142 163 157 228 202 3 209 211 146 149 8 151 194 59 130 68
    5 18 102 65 164 195 158 144 72 35 163 80 92 213 249 55 30 235 26 189
    0 172 163 238 141 158 73 169 188 93 77 153 141 153 178 189 169 110
    183 112 178 170 128 2 232 28 37 186 14 29 38 127 178 151 173 31 172
    42 140 158 166 49 6 165 167 45 10 121 253 57 45 78 113 239 211 93
    247 56 126 80 16 74 187 156 3 74 243 148 151 75 217 157 24 234 81
    165 181 3 180 151 247 109 82 108 59 196 163 6 7 40 216 114 62 144 21
    188 210 114 63 174 2 40 243 191 86 242 110 249 55 207 89 83 183 154
    14 53 61 116 67 100 98 106 12 231 210 57 248 82 180 180 201 198 59
    174 131 237 231 62 207 252 26 42 151 46 195 16 189 200 161 10 9 42
    183 137 190 123 239 80 127 217 130 207 21 166 245 145 0 192 55 179
    208 156 247 92 46 242 74 40 157 36 14 18 199 185 107 110 181 98 136
    138 69 141 30 53 122 160 36 6 177 50 6 73 196 110 92 55 138 53 126
    81 220 181 71 16 12 160 75 142 151 100 150 224 154 209 235 129 92 11
    244 227 241 163 141 177 170 118 74 99 2 142 207 60 198 10 205 230
    232 29 223 0 64 171 47 77 184 204 174 152 173 113 32 124 42 124 220
    138 197 65 85 103 246 186 230 143 72 157 14 144 98 35 168 71 134 27
    16 3 157 133 188 52 242 75 164 243 175 61 123 97 25 147 255 25 199
    240 140 163 58 99 205 6 122 86 68 235 17 54 187 28 70 36 140 47 77
    246 150 230 7 239 51 198 60 98 203 77 93 109 230 189 242 134 158 212
    146 26 21 250 179 183 53 182 173 195 178 115 110 179 235 22 157 95
    220 51 212 117 114 245 51 234 127 107 67 135 33 163 145 186 89 240
    15 60 135 22 100 149 69 102 22 24 242 160 69 46 92 137 223 222 139
    218 92 65 187 6 121 190 40 183 187 77 142 7 182 44 64 78 91 219 233
    55 239 77 61 14 5 221 145 47 74 123 53 142 77 132 27 114 159 247 22
    202 75 18 112 45 166 1 225 9 94 20 87 202 118 145 253 176 12 198 104
    217 66 216 67 11 85 77 89 168 224 103 60 135 197 224 231 215 130 247
    153 198 106 8 23 247 163 166 211 17 200 9 110 101 58 45 150 189 15
    233 252 46 180 84 139 62 58 143 15 185 206 124 235 234 56 111 157 56
    238 75 191 154 176 137 78 124 96 19 176 50 142 190 137 79 66 123 43
    6 217 120 188 160 248 73 123 37 83 45 82 52 190 149 130 134 203 227
    128 221 42 54 133 184 186 16 72 148 232 81 253 169 94 114 116 18 32
    80 192 154 215 225 68 52 55 150 0 32 27 207 85 236 25 6 31 169 40
    141 230 55 137 233 111 120 118 74 155 98 251 198 176 255 77 177 62
    217 49 68 233 236 38 35 53 137 155 180 193 68 68 114 155 183 227 111
    171 138 217 52 224 217 180 101 17 247 177 186 149 155 78 197 48 84
    242 113 70 219 42 33 3 155 49 19 235 241 200 28 251 34 217 24 192 57
    177 208 111 2 154 254 161 97 165 108 12 80 186 40 200 225 138 96 247
    188 115 242 230 88 0 97 83 146 26 136 250 42 29 96 182 204 67 80 27
    111 206 104 27 86 130 186 9 189 170 110 255 78 217 75 236 128 27 228
    145 153 143 47 147 50 225 131 64 182 166 69 239 174 160 138 221 1 73
    102 70 134 99 78 20 94 58 203 173 59 153 85 226 24 182 166 119 2 92
    81 16 205 126 71 34 122 22 26 217 117 206 249 106 193 86 235 193 104
    131 249 78 11 90 52 102 176 10 40 90 135 128 30 134 92 87 139 201
    127 191 236 227 218 123 255 96 120 237 139 30 18 51 228 92 1 19 183
    255 155 50 211 200 114 150 239 24 38 73 86 217 214 211 48 196 137
    111 63 208 124 55 147 147 18 35 170 67 199 124 190 16 204 103 72 16
    52 160 104 222 179 138 160 2 251 16 162 145 178 231 54 181 160 242
    197 81 83 105 169 35 163 56 18 139 227 49 79 117 5 210 27 235 101
    231 74 234 52 67 65 204 69 79 136 4 226 147 7 4 236 88 127 111 231
    19 89 32 164 21 37 208 31 146 139 203 211 40 110 180 228 204 101 223
    94 145 73 19 164 246 218 226 204 25 255 46 141 48 33 82 118 48 88
    195 149 3 144 255 157 93 194 159 207 134 106 129 106 42 40 144 5 228
    141 199 240 113 190 43 100 33 19 167 19 77 176 46 111 66 98 2 116
    223 30 38 254 93 122 205 188 62 154 175 1 147 206 217 181 8 115 52
    149 98 157 216 219 229 204 32 151 197 215 15 176 186 206 23 133 78
    242 96 34 170 165 191 135 136 164 185 0 123 74 252 146 41 127 161
    203 180 159 27 250 189 183 153 230 167 244 26 182 144 38 97 102 184
    101 188 63 16 152 65 4 48 107 28 178 249 88 128 215 118 102 106 215
    194 84 203 231 92 191 90 76 107 108 246 43 111 110 237 163 4 217 237
    24 253 159 41 219 75 173 238 55 243 92 82 158 191 171 51 135 6 144
    247 40 163 122 243 26 170 203 198 115 202 61 127 79 231 199 216 164
    243 22 182 140 69 177 164 151 45 217 106 157 175 250 72 21 108 244
    130 223 67 72 219 58 25 240 189 162 183 12 127 86 114 144 186 137
    128 57 20 215 32 149 21 229 35 12 244 206 197 163 252 56 148 62 94
    219 167 136 144 1 53 137 80 50 161 66 196 57 126 87 216 181 29 147
    79 148 123 145 121 141 72 15 25 15 102 61 204 83 204 219 118 60 33
    21 27 92 220 179 251 119 92 37 216 194 49 149 225 248 173 105 130
    225 22 48 225 200 146 143 124 238 107 245 28 4 47 175 162 80 78 23
    168 184 252 163 247 209 57 107 43 38 67 31 204 174 241 164 144 130
    142 170 63 194 113 7 0 61 117 195 13 110 99 3 18 76 46 0 25 24 241
    20 34 129 16 52 27 240 65 54 91 179 143 15 96 130 251 173 226 71 245
    51 85 239 181 43 108 179 246 128 193 216 252 98 245 6 65 114 18 121
    131 10 166 249 45 235 49 234 98 65 15 222 139 204 25 125 111 129 166
    178 60 243 47 58 211 61 241 121 48 223 174 229 79 45 52 124 49 153
    186 148 179 59 8 156 219 37 175 240 199 199 174 50 170 7 116 109 204
    232 122 233 74 125 43 251 252 99 197 8 24 174 244 91 197 121 75 87
    35 190 176 193 173 177 178 241 97 5 23 153 101 173 58 23 13 10 168
    177 233 3 45 20 236 8 227 140 228 55 246 50 237 45 246 94 182 150 30
    0 236 68 90 152 203 158 95 114 218 224 214 193 32 10 232 159 242 237
    210 52 59 67 224 59 41 220 128 247 21 137 83 160 144 151 115 149 2
    59 9 242 43 16 153 12 193 33 133 60 191 90 247 43 86 93 114 247 38
    106 92 87 199 230 246 5 38 33 148 158 30 167 189 120 22 229 49 217
    35 20 10 237 153 111 105 215 171 251 201 196 19 112 47 52 99 31 179
    29 78 99 26 66 6 236 109 230 128 120 37 168 216 191 3 150 114 245
    139 104 67 115 233 157 72 226 143 29 4 240 249 212 54 161 59 7 135
    10 125 34 236 44 49 26 136 177 208 217 16 167 172 192 59 209 129 187
    45 244 87 231 240 32 196 113 17 150 204 197 218 154 135 172 195 133
    163 57 192 184 104 247 159 38 174 216 172 180 200 72 210 238 39 94
    200 254 44 155 108 75 207 68 37 185 81 160 37 101 159 136 240 31 233
    81 113 77 1 59 106 216 60 165 79 81 95 39 163 149 215 144 211 247
    148 232 74 253 9 163 156 105 23 34 1 128 63 30 77 130 73 86 87 223
    138 146 25 242 224 255 52 241 170 86 234 205 225 49 104 152 20 246
    104 69 181 5 250 207 36 22 211 210 236 125 88 250 45 224 171 105 96
    223 62 78 26 133 239 189 39 137 26 73 228 128 219 94 150 3 107 118
    112 71 119 144 255 23 174 76 105 223 236 205 219 248 216 162 241 222
    75 114 228 107 103 193 197 47 181 104 125 32 148 125 66 15 166 172
    22 182 103 33 77 61 77 48 218 233 16 144 152 57 149 22 97 22 54 143
    11 138 137 18 211 128 86 21 254 117 25 119 67 235 210 173 67 65 51
    156 174 211 73 140 16 227 8 71 34 80 34 31 247 121 148 105 196 59
    241 244 49 28 39 215 240 100 3 221 140 234 221 25 152 80 37 3 199 80
    29 188 63 10 104 91 180 189 242 17 237 112 199 250 182 169 48 96 155
    80 129 154 167 12 165 102 53 155 67 81 168 221 61 63 255 61 72 0 98
    160 224 121 198 55 48 9 137 136 93 1 206 76 20 148 220 156 131 26 72
    137 137 56 107 69 228 7 228 83 235 137 98 138 101 241 93 109 87 54
    18 96 174 218 48 221 22 67 117 70 77 57 110 194 29 15 189 46 253 185
    232 124 34 212 153 137 221 238 181 215 115 120 218 216 29 214 151
    210 122 234 39 141 7 147 121 163 219 17 54 230 38 164 111 18 39 125
    110 249 38 176 48 31 106 95 64 39 214 155 190 182 209 236 111 169
    188 249 152 87 219 214 31 206 5 248 43 186 234 128 190 239 65 56 106
    39 15 63 98 86 121 236 34 145 105 152 91 234 237 83 25 90 29 177 7
    115 135 250 76 125 63 237 168 136 148 58 91 142 14 2 41 38 210 30
    227 244 12 151 121 144 245 50 150 99 183 76 247 103 1 238 238 59 112
    255 111 172 237 151 214 162 252 199 172 251 212 120 2 155 231 102 12
    19 168 32 113 59 172 249 220 237 48 148 39 10 38 81 83 146 182 184
    213 193 213 138 118 139 216 212 179 136 15 55 187 10 236 2 220 106
    200 102 53 164 32 244 172 131 125 77 70 186 226 132 41 32 67 209 66
    168 2 69 54 240 86 220 118 237 127 234 243 175 136 55 189 214 148
    159 245 164 56 241 246 227 11 223 172 163 19 163 198 167 174 182 55
    135 145 101 86 251 168 126 117 52 116 216 163 91 113 32 134 200 224
    97 117 128 195 8 3 66 5 70 16 77 248 243 244 160 86 72 173 152 65 60
    253 178 83 41 62 76 46 90 103 69 160 104 42 185 229 68 203 164 95 46
    127 139 59 69 21 179 126 68 101 241 129 89 28 48 180 65 141 192 84
    141 224 223 47 134 209 119 159 98 189 27 31 252 218 19 23 44 149 164
    182 172 202 82 52 100 24 13 65 221 200 74 174 166 26 17 128 231 214
    214 165 152 1 137 182 39 8 49 98 103 82 172 70 250 220 41 213 87 191
    37 90 61 116 150 75 233 4 66 45 250 195 29 131 71 127 92 56 173 186
    115 146 160 193 240 56 59 208 172 136 40 72 3 201 176 138 105 37 90
    110 254 170 81 159 10 143 213 93 198 4 157 190 41 224 178 130 156
    235 154 226 213 45 76 93 92 89 220 149 214 247 70 137 33 2 154 173
    244 149 20 90 168 101 47 106 191 47 220 149 175 239 9 48 65 115 119
    205 195 40 209 187 39 152 42 240 37 39 59 202 61 145 114 41 26 164
    194 134 242 182 167 67 118 168 136 120 73 112 33 149 79 217 147 144
    201 91 222 101 176 87 216 210 236 30 117 93 250 66 18 250 179 229
    195 218 29 206 7 47 128 53 74 128 202 203 177 13 157 187 222 157 155
    172 43 158 177 139 176 76 17 97 219 182 27 98 168 160 209 18 123 98
    204 117 79 38 150 26 92 54 90 130 241 189 247 148 180 73 216 84 163
    95 180 8 210 78 107 219 155 46 203 239 180 11 225 101 244 69 37 44
    171 84 89 29 179 121 31 90 90 200 205 40 6 112 15 2 193 38 248 149
    168 157 44 86 49 168 123 188 246 19 127 94 229 95 255 197 29 207 12
    75 122 185 187 178 152 106 220 177 246 14 143 88 237 72 99 115 56 4
    72 199 232 146 30 92 248 144 88 20 43 255 225 81 201 110 209 31 87
    68 228 134 146 20 156 195 68 204 201 2 172 233 75 8 88 211 92 210
    178 225 14 104 235 169 168 152 190 178 9 14 153 166 75 237 243 139
    165 203 77 123 127 184 28 100 23 55 75 235 109 168 251 126 42 219
    244 54 221 9 203 240 119 169 108 167 83 244 144 117 237 92 237 208
    26 209 137 220 71 230 62 89 148 145 215 24 223 243 174 223 102 191
    28 137 211 202 38 60 200 81 214 48 30 3 140 228 8 112 106 22 53 178
    19 57 120 30 119 33 65 207 80 86 81 234 192 184 56 34 201 71 34 160
    7 245 191 6 52 35 67 47 65 29 148 223 114 5 237 91 189 36 58 224 141
    230 33 186 39 97 158 143 57 206 217 64 226 22 142 70 76 89 231 132
    102 255 176 134 215 114 169 224 123 114 141 91 172 209 236 116 218
    102 113 184 38 177 60 0 99 36 22 150 130 143 135 73 215 125 83 30 59
    151 35 0 126 29 205 65 61 100 143 54 227 128 47 152 94 61 120 37 25
    115 35 180 131 236 97 110 8 216 53 249 60 186 167 227 73 88 0 168
    158 136 225 0 200 94 112 146 1 192 29 65 42 1 170 210 40 59 146 49 7
    162 183 151 191 248 159 200 79 10 146 133 11 154 174 133 8 210 159
    208 58 139 17 230 198 89 27 3 240 9 157 121 71 119 13 112 24 92 14
    46 39 171 189 176 23 21 219 83 193 56 195 35 84 218 98 37 36 253 164
    237 179 212 115 102 195 52 71 114 208 12 134 71 249 54 50 184 204 2
    219 161 215 64 117 7 124 71 49 105 157 91 98 5 161 20 234 72 84 175
    246 111 20 39 209 145 167 245 198 254 67 230 68 174 31 187 73 253
    167 49 221 37 239 169 142 250 133 184 210 115 220 226 73 55 4 193 18
    32 128 90 249 22 2 37 87 184 0 120 124 8 157 192 6 178 76 235 157 23
    25 52 128 50 236 136 53 174 198 80 23 5 243 184 206 144 115 11 86
    138 142 9 131 115 85 229 231 159 131 95 173 36 55 162 2 127 136 164
    239 81 62 5 159 152 124 159 243 30 26 6 181 95 114 247 215 140 240
    208 253 182 185 16 91 193 228 99 0 204 82 43 65 79 254 74 77 43 151
    233 97 102 82 30 79 203 50 25 71 211 115 78 250 39 35 186 75 223 110
    48 82 223 163 20 139 213 232 193 21 245 229 230 1 68 247 86 98 252
    27 153 52 212 36 46 166 107 197 56 249 128 240 10 143 163 153 155
    242 98 13 81 232 208 58 184 145 234 198 104 202 212 208 232 157 18
    195 77 188 100 56 8 120 222 212 86 85 195 217 189 208 55 42 95 100
    149 133 255 46 248 225 163 63 41 232 100 230 117 113 134 29 113 122
    86 72 214 8 43 251 61 202 232 54 180 94 224 251 123 107 238 126 53
    125 101 184 249 200 131 22 86 30 245 55 50 175 77 215 79 126 90 55
    56 13 155 150 60 139 160 142 146 35 237 157 70 177 65 155 166 211
    125 129 115 139 43 52 151 224 127 23 228 68 153 30 10 144 134 98 175
    140 23 35 155 236 238 0 183 175 1 243 132 82 245 171 206 18 160 176
    226 161 248 164 197 134 53 10 136 40 170 187 254 142 176 229 169 30
    175 54 112 119 5 254 84 42 254 34 155 84 76 105 38 34 199 189 247 11
    114 9 40 227 229 106 224 41 212 195 188 110 68 104 226 12 169 167 72
    3 80 109 194 64 178 103 189 33 192 69 26 196 158 208 247 28 19 66
    103 28 9 44 90 209 194 67 79 182 107 220 13 46 220 234 230 191 90 21
    165 228 26 219 241 240 200 38 76 234 205 208 214 206 246 55 202 4
    198 162 167 65 145 3 222 71 1 222 102 66 239 237 206 63 104 208 77
    218 43 159 26 230 45 72 222 239 134 252 205 142 168 105 72 26 35 1
    131 82 182 60 168 43 95 24 218 84 209 122 168 217 69 233 202 171 87
    231 46 65 199 201 75 140 165 106 44 121 216 33 161 135 143 226 10
    166 127 212 192 126 91 18 250 121 231 24 45 160 137 195 133 17 139
    247 225 219 141 88 193 157 253 85 184 38 72 144 177 166 117 164 255
    148 135 245 5 33 38 88 228 92 149 22 98 144 88 182 79 211 79 237 75
    192 25 93 23 155 243 120 138 243 110 187 96 210 195 78 127 60 99 73
    109 174 231 117 173 69 126 255 92 66 201 255 2 194 235 62 218 167
    196 71 211 212 65 150 2 49 101 97 149 170 26 129 225 109 31 12 141
    26 73 32 97 3 148 180 253 116 68 55 113 130 73 51 250 203 183 53 16
    143 81 193 61 33 138 0 214 195 185 113 195 90 45 202 11 19 36 28 188
    254 136 40 143 145 106 123 193 188 243 137 133 206 176 136 103 199
    70 231 123 191 198 198 222 224 90 199 251 99 230 21 35 95 192 119
    101 221 39 121 199 183 39 238 238 192 20 33 62 5 239 66 59 122 179
    134 25 183 180 40 171 10 164 67 71 177 22 132 165 11 130 153 222 243
    70 127 88 94 146 17 99 247 71 61 21 24 226 19 229 243 188 182 155 9
    86 38 134 156 108 251 139 198 236 76 15 251 11 10 245 7 216 161 158
    38 141 52 168 246 69 209 10 91 108 225 132 4 214 151 58 2 48 137 13
    113 63 60 142 235 109 210 252 125 193 124 127 246 89 160 228 19 18
    56 224 205 0 143 41 16 37 198 144 172 117 79 15 101 233 83 117 107
    241 60 95 82 38 217 204 235 211 213 52 254 61 200 86 72 224 137 88
    184 19 254 12 165 106 176 51 26 84 86 97 189 10 107 68 194 61 60 44
    203 18 83 107 178 140 93 196 31 98 241 80 128 17 108 110 198 16 251
    183 0 66 25 163 54 90 235 19 93 66 135 236 166 124 38 12 145 169 236
    189 151 253 72 47 226 151 64 123 192 191 186 73 55 213 55 193 99 196
    170 43 233 226 88 182 69 54 232 56 239 15 221 233 18 24 204 74 4 246
    125 24 164 100 147 94 53 113 201 109 109 31 103 192 249 181 119 35
    252 240 230 104 80 158 159 248 254 209 222 75 193 158 131 208 40 123
    154 94 106 106 180 72 17 58 159 51 103 189 14 27 124 182 192 87 108
    15 218 22 96 201 39 249 49 229 54 195 45 35 114 171 210 74 112 211
    178 39 65 47 223 133 188 12 124 73 214 142 218 155 167 180 178 89
    250 244 18 113 116 148 251 143 67 5 111 64 12 124 123 50 209 253 58
    31 65 221 216 39 6 169 80 245 91 224 161 85 13 214 93 62 210 104 174
    81 201 166 129 27 235 109 60 73 77 149 95 10 178 72 112 251 31 215
    92 156 138 108 69 239 33 67 70 47 23 226 217 105 131 127 114 126 182
    236 170 231 187 219 159 49 79 216 227 221 125 38 29 187 88 130 244
    252 73 177 15 121 40 168 110 26 2 55 151 106 112 170 77 55 29 218
    222 10 193 170 209 149 226 226 66 247 205 120 64 221 235 3 117 213
    171 69 120 12 219 15 183 155 120 233 68 251 86 108 130 194 179 118
    208 245 74 94 183 146 72 29 53 119 11 244 99 181 252 193 149 231 8
    198 199 130 175 63 237 185 112 19 200 181 98 241 48 118 57 41 167
    146 214 84 28 47 43 82 202 138 16 243 241 183 181 11 249 151 62 99
    44 43 217 190 189 233 62 16 124 219 109 77 12 127 112 181 21 51 144
    198 198 5 128 31 135 167 130 185 143 146 168 230 204 135 88 128 171
    156 217 42 173 202 160 134 169 61 201 18 153 221 216 245 128 109 9
    75 39 189 157 116 244 46 172 43 181 224 3 170 211 99 241 242 167 89
    211 116 159 21 156 15 70 1 224 195 33 49 155 118 109 47 32 115 238
    182 111 168 179 222 80 204 220 217 170 26 72 133 49 160 58 42 14 15
    139 183 127 64 166 95 198 202 172 160 34 59 165 44 115 162 127 189
    182 240 102 80 52 90 168 55 169 67 57 40 243 222 246 75 177 29 171
    220 9 147 99 219 152 161 243 208 194 224 40 58 235 142 225 30 122
    118 79 123 172 246 227 1 193 169 51 7 86 147 254 2 79 216 17 42 160
    92 177 81 119 50 235 187 161 9 53 78 194 3 165 157 55 234 122 33 99
    79 200 91 247 191 90 158 91 203 145 38 30 66 74 176 249 248 64 21 65
    155 12 29 242 103 35 68 50 13 78 123 185 5 136 241 235 232 159 33
    164 141 94 11 105 49 111 222 251 242 80 156 22 90 152 52 165 38 201
    11 143 238 104 205 21 103 249 226 54 169 246 205 40 77 118 63 223
    110 7 191 31 227 149 228 89 92 143 138 210 211 224 169 141 172 189
    171 194 33 146 194 219 156 11 2 127 143 175 16 145 121 150 229 85 7
    193 155 240 198 237 191 61 37 82 127 223 233 188 185 66 122 42 97
    125 76 75 243 93 137 129 232 98 132 254 254 186 32 184 200 204 232
    228 64 164 14 208 187 94 209 19 133 183 150 255 40 86 206 89 81 32
    18 57 39 182 57 0 95 227 162 38 118 149 227 124 232 213 49 33 45 120
    222 110 22 152 109 168 235 106 5 31 165 237 183 233 91 5 198 179 116
    115 215 245 0 183 240 99 250 188 145 245 243 255 53 6 111 245 5 115
    251 92 124 192 136 243 31 22 118 62 141 161 244 128 42 179 76 58 60
    40 171 52 87 131 139 126 223 159 185 178 60 248 170 158 11 250 192
    52 94 239 205 122 205 181 230 154 21 73 218 17 165 212 42 7 223 255
    210 21 6 128 5 122 122 33 93 75 89 7 239 216 251 149 41 57 172 50
    194 51 93 239 240 110 137 66 14 180 114 116 149 15 20 8 135 46 102
    177 110 117 10 181 37 10 235 63 210 169 196 106 154 93 4 178 59 42
    205 68 237 197 125 64 71 44 127 184 106 255 25 79 181 217 200 98 129
    69 73 192 150 162 71 75 157 243 12 178 100 68 90 75 250 249 61 59 99
    140 175 69 52 122 245 73 49 51 56 136 82 17 197 102 83 143 171 112
    71 13 54 208 109 18 250 130 249 201 159 189 202 222 162 158 60 145
    28 106 160 239 224 168 7 47 186 244 25 68 242 141 8 74 68 35 210 211
    233 74 95 95 237 12 112 136 45 22 47 204 163 153 203 192 110 53 123
    193 211 153 128 165 45 223 14 49 116 174 115 207 95 58 26 85 112 115
    37 166 77 77 49 52 85 55 226 89 136 183 195 38 92 42 64 117 141 110
    30 23 178 9 87 234 123 107 95 185 70 27 206 162 14 121 149 74 173 30
    249 175 171 94 126 163 200 187 69 224 223 148 26 79 141 35 248 226
    223 64 217 119 6 91 140 141 233 3 97 121 149 70 231 121 113 106 179
    95 222 22 49 63 247 63 50 129 84 56 195 189 152 246 41 7 40 9 186
    147 10 1 153 190 49 181 23 30 80 113 225 31 34 200 126 237 233 65
    161 157 15 78 110 91 27 25 11 145 49 235 114 163 20 205 38 185 35
    139 62 179 55 103 104 9 173 69 88 26 21 24 23 241 59 25 238 183 150
    222 93 138 14 231 4 126 207 162 42 196 225 92 197 57 229 131 57 38
    216 53 161 65 39 209 87 141 191 172 141 251 94 174 103 177 52 178
    140 243 25 112 61 211 117 166 19 189 2 146 198 23 82 84 16 78 183 65
    123 164 13 124 246 214 34 1 77 118 83 51 68 110 15 254 167 42 192 24
    110 26 119 133 124 220 241 110 100 254 166 193 241 97 24 11 223 191
    236 42 227 25 22 134 156 198 92 57 124 178 216 160 69 1 161 89 40
    124 188 135 23 124 34 214 18 242 158 8 63 216 230 159 107 236 129
    204 86 214 228 172 123 33 78 21 166 94 237 24 100 219 98 244 167 93
    124 188 238 132 40 54 141 97 86 198 53 0 81 245 143 75 158 13 161
    118 123 205 182 157 134 252 232 6 76 211 171 236 156 15 212 87 162
    254 54 77 158 198 167 55 65 65 31 74 197 255 107 56 71 206 124 9 245
    27 213 100 201 23 161 156 99 19 188 94 38 226 23 180 51 47 155 24
    160 75 129 173 175 65 136 123 10 117 10 223 88 6 236 182 174 162 157
    19 204 149 69 4 243 78 223 163 98 134 50 156 169 13 248 68 166 130 7
    75 114 173 140 15 229 182 97 106 155 213 250 218 111 73 181 174 182
    2 37 93 116 94 179 151 77 119 103 67 87 195 59 44 131 50 166 114 44
    123 40 65 232 55 56 146 142 64 24 53 28 26 166 116 36 125 246 138
    180 154 255 220 174 216 220 115 17 23 140 167 191 27 238 77 26 37
    130 158 164 119 102 34 179 107 86 227 107 54 111 87 187 131 44 85 56
    217 124 114 181 90 65 200 132 213 49 50 150 72 49 105 99 140 149 136
    2 143 128 5 185 13 68 148 136 251 211 185 182 14 204 114 215 83 166
    8 72 134 38 2 80 92 138 207 133 101 224 214 246 210 2 201 79 246 153
    252 234 173 161 80 94 251 27 30 35 195 159 57 106 184 131 19 202 59
    109 253 129 227 5 158 226 87 181 93 207 169 236 243 26 144 185 185
    32 89 233 150 94 155 142 197 210 215 32 188 61 181 255 88 83 17 133
    197 45 135 160 46 180 127 40 130 135 167 122 185 78 54 4 46 72 8 57
    14 67 164 197 146 45 25 134 140 78 49 96 177 205 202 73 91 17 78 195
    70 155 182 134 81 31 204 164 164 205 166 15 188 0 53 57 170 50 204
    24 135 59 225 78 51 125 22 181 154 86 86 73 229 143 93 112 118 250
    197 26 129 224 151 251 192 19 118 225 178 114 121 72 95 135 137 80
    192 159 97 243 164 169 240 224 88 226 95 102 7 182 15 226 191 13 1
    223 31 152 147 99 16 43 121 71 215 129 226 31 150 75 71 88 184 72
    217 13 28 236 126 12 95 249 149 218 130 135 202 251 32 250 69 69 199
    176 128 70 27 206 137 17 65 158 25 31 231 40 52 26 171 114 220 40 71
    160 114 210 234 100 142 237 8 150 63 170 5 184 213 207 13 224 213
    138 199 71 189 166 43 84 193 174 77 145 95 151 187 2 86 226 37 124
    57 129 210 133 215 135 156 31 41 131 83 252 242 113 186 68 175 106
    150 56 178 122 216 108 54 91 149 208 90 28 242 19 84 63 214 92 12
    113 223 131 117 152 108 91 23 80 223 237 175 220 2 253 103 135 48
    187 102 138 244 35 133 54 178 141 92 93 164 217 21 244 145 179 233
    197 79 177 242 176 31 225 104 174 41 180 95 121 249 173 160 119 196
    218 135 77 4 159 37 187 131 144 33 41 211 22 234 195 105 48 200 91
    157 199 92 96 206 43 117 53 137 29 168 27 78 225 138 72 187 172 145
    167 207 144 218 209 24 82 249 133 50 47 228 229 171 225 98 200 126
    235 36 33 102 85 214 88 7 193 163 79 30 225 233 14 71 192 205 202 46
    59 84 165 40 163 40 237 149 96 217 129 161 123 124 37 150 211 53 125
    195 37 49 59 71 8 238 253 89 12 95 3 80 94 161 27 201 136 187 52 158
    61 123 17 60 61 169 196 32 80 2 100 77 38 168 67 228 70 79 17 145
    150 58 233 139 10 252 90 240 171 75 40 209 56 189 254 240 83 223 186
    136 121 69 201 226 245 100 24 135 36 211 52 194 122 64 148 92 113
    245 18 189 45 212 61 240 87 223 227 209 26 192 165 178 251 222 41 52
    156 218 151 180 151 88 114 230 233 173 2 253 55 187 42 79 43 211 243
    237 48 224 137 130 129 113 164 253 167 53 166 229 19 201 76 49 120
    20 33 97 115 204 139 15 10 142 3 194 222 177 154 167 52 72 153 240
    64 74 60 116 64 183 33 10 61 24 166 248 31 181 178 10 195 136 197 18
    51 134 247 185 90 249 81 125 97 97 29 218 1 194 51 74 253 110 205
    115 69 176 41 168 146 65 18 90 200 11 18 202 172 202 210 220 191 242
    227 104 27 58 235 218 228 129 4 95 199 83 206 31 122 31 146 202 1 42
    191 121 220 189 100 193 110 212 142 210 213 80 86 8 185 7 59 189 0
    135 231 94 55 80 192 46 160 49 25 148 95 177 226 234 71 190 112 21
    67 168 59 239 253 2 174 207 30 252 51 36 61 114 77 105 108 96 82 104
    175 161 50 175 224 159 187 35 159 76 44 246 22 23 36 197 57 71 120
    149 190 153 112 216 216 2 142 118 210 80 176 81 198 75 201 38 6 144
    27 33 47 142 220 90 243 160 69 125 169 107 223 45 31 8 110 225 60 26
    141 143 128 163 6 156 173 31 49 113 37 52 11 102 3 246 120 108 222
    227 141 217 186 202 123 235 24 44 249 248 229 59 11 20 78 238 99 167
    151 81 177 119 27 214 245 61 10 56 29 202 70 141 91 232 103 240 109
    211 78 114 238 152 202 123 189 173 120 208 72 203 116 33 121 79 13
    10 88 83 121 113 151 171 95 38 101 186 74 111 144 133 17 27 164 218
    177 159 148 163 27 205 35 118 158 239 252 181 98 101 253 102 156 243
    178 151 131 210 117 152 215 205 90 206 79 19 231 176 172 93 10 86
    187 212 128 183 227 248 192 210 165 191 152 181 148 107 14 248 72 96
    175 205 139 254 88 61 112 133 147 227 153 237 106 130 151 181 101
    255 215 93 211 197 38 148 30 207 241 57 172 239 150 94 74 122 25 228
    207 8 57 231 17 142 196 166 176 160 5 213 100 11 100 44 95 80 126
    232 138 201 112 232 71 44 194 220 178 0 149 69 10 161 247 200 167
    187 226 49 56 144 103 90 19 74 249 130 234 243 185 127 235 242 46 28
    166 34 119 45 69 2 60 75 43 113 74 184 192 207 53 199 191 28 103 106
    8 113 83 228 179 190 30 40 92 10 105 168 108 179 167 6 66 59 211 135
    61 242 220 137 81 80 8 13 139 163 1 123 83 108 39 100 170 95 35 176
    7 120 85 43 204 70 72 187 11 47 109 122 65 123 198 242 88 9 34 1 156
    201 5 173 246 116 174 189 71 38 94 160 101 236 227 151 61 53 176 179
    62 20 198 238 224 245 17 167 123 61 116 226 13 188 152 183 72 13 124
    247 154 200 188 90 40 216 214 10 118 67 209 203 19 21 208 215 113 92
    153 67 136 83 211 251 194 41 148 31 238 186 224 178 110 177 66 148
    228 119 192 124 144 44 195 62 102 197 68 222 119 197 252 231 202 99
    15 136 36 84 221 99 129 206 251 150 167 23 72 113 244 211 120 122 3
    135 149 121 144 207 141 43 65 193 37 149 93 217 112 30 215 245 251
    250 132 155 87 35 107 90 110 91 18 136 225 73 211 209 133 95 37 146
    240 205 153 78 166 63 110 72 63 36 254 60 70 132 175 227 252 137 97
    93 67 64 250 79 108 8 171 249 255 83 18 229 204 102 15 175 121 97
    177 149 212 221 40 80 70 141 182 119 179 6 185 39 23 249 244 156 74
    180 19 153 52 215 231 63 194 129 132 17 214 130 17 10 115 146 238
    189 113 166 4 42 122 88 137 150 104 139 89 29 208 253 250 102 145 93
    155 40 39 96 204 141 28 103 36 44 101 244 176 214 222 204 21 249 8
    112 230 115 130 67 214 231 40 216 219 231 97 226 214 229 254 188 165
    162 7 176 242 227 18 106 255 120 36 166 120 231 212 205 39 235 120
    55 201 123 219 91 224 112 179 219 55 103 220 25 167 136 27 194 194
    214 24 189 212 37 254 131 153 88 25 215 59 132 230 185 150 203 62
    235 155 77 94 151 190 13 246 134 95 217 119 113 202 2 255 208 220
    108 200 149 232 30 188 16 203 44 164 83 164 163 235 127 143 145 244
    149 151 239 20 70 28 207 11 165 118 141 103 95 1 119 214 133 121 249
    40 200 145 112 163 200 220 185 178 248 124 89 143 116 24 43 227 19 0
    178 121 236 88 242 223 45 79 241 111 46 184 72 158 49 120 240 157
    120 72 108 207 103 76 241 168 31 19 118 72 248 82 118 222 77 121 1
    100 145 57 164 195 42 85 42 187 202 184 99 199 44 176 144 57 106 223
    245 239 175 35 233 87 156 172 170 208 12 177 14 23 106 144 87 145 49
    147 182 218 151 131 13 100 9 143 170 160 221 238 54 136 84 206 180
    12 230 124 157 21 71 32 96 88 227 162 171 110 251 38 66 6 168 67 191
    254 6 63 12 87 102 37 92 108 187 82 147 54 34 165 216 7 216 212 156
    222 194 169 51 1 125 180 71 149 132 188 134 19 103 214 104 179 92
    145 74 43 129 61 190 26 245 62 241 225 80 31 255 14 229 207 220 78
    222 138 235 136 235 182 2 249 164 27 115 247 156 201 3 205 238 251
    117 38 219 79 105 119 135 161 47 88 191 26 88 217 199 226 77 130 115
    251 121 159 195 2 170 46 237 44 88 194 211 168 100 132 166 187 154
    201 6 210 216 52 24 87 170 44 52 208 124 128 154 81 128 17 35 120 16
    16 197 222 175 136 88 209 19 20 104 109 239 187 130 169 185 174 177
    95 10 253 105 79 103 147 64 105 246 237 225 112 4 12 116 13 244 213
    160 169 239 119 29 231 206 235 214 28 230 165 101 181 120 197 177 36
    152 129 190 182 46 37 140 23 236 10 98 133 214 73 247 134 171 165 56
    228 71 148 61 194 127 162 135 137 232 53 192 148 17 70 208 173 188
    88 169 155 184 248 190 48 12 120 223 205 69 103 96 208 161 45 82 117
    172 7 139 89 137 121 126 56 164 149 124 21 32 199 224 238 47 42 127
    87 120 185 125 105 179 129 3 247 106 52 164 186 54 153 77 80 129 39
    143 222 160 124 124 12 218 135 64 36 183 76 208 9 169 65 254 59 250
    35 110 149 39 64 234 178 74 73 118 182 231 181 171 69 185 52 214 92
    168 50 216 235 68 114 103 99 45 153 170 198 94 54 94 102 231 238 124
    160 123 71 98 139 19 32 97 206 25 82 9 115 203 16 101 77 67 172 243
    84 179 181 172 36 180 105 113 170 190 33 43 11 172 221 197 32 88 185
    156 4 142 17 60 198 115 145 141 223 248 109 79 110 235 178 113 47
    240 32 111 237 9 254 37 9 119 217 46 47 163 149 21 203 209 242 147
    48 1 129 12 27 121 199 186 202 61 101 113 143 4 175 46 59 162 192
    150 218 66 13 164 103 219 52 191 132 222 87 78 175 73 98 102 85 19
    95 248 127 49 100 245 44 166 40 124 67 84 163 4 163 82 218 116 252
    162 24 65 213 64 82 191 117 227 211 211 162 47 143 66 198 57 75 111
    222 4 141 184 53 121 242 108 227 137 89 229 27 11 85 214 101 103 170
    4 142 141 86 46 116 173 151 178 227 244 123 222 81 130 151 121 250
    149 254 184 86 107 96 60 223 226 212 18 200 116 122 39 69 205 108
    117 60 27 229 43 103 190 29 150 197 21 181 43 139 4 139 129 254 45
    199 194 166 197 177 129 105 25 28 1 128 237 135 95 246 69 187 191 24
    51 140 205 249 43 17 204 63 185 70 110 60 195 202 12 223 165 31 128
    177 79 170 36 245 241 69 220 222 67 38 174 127 205 249 50 128 84 91
    219 69 107 45 224 228 169 243 100 187 80 183 180 232 131 75 91 76 52
    76 170 168 49 111 246 220 229 7 62 103 203 79 26 165 201 70 245 78
    128 221 133 179 123 80 244 150 199 215 5 5 68 113 7 233 18 160 178
    191 105 31 72 71 75 87 178 217 175 238 77 225 130 171 132 8 166 65
    251 162 148 100 80 136 67 236 128 40 147 197 19 1 5 125 161 222 224
    60 238 194 187 145 220 145 82 17 5 193 23 46 133 192 153 101 220 96
    226 210 61 247 246 32 131 196 196 135 41 191 226 201 235 142 135 217
    69 28 43 131 170 248 137 107 98 178 149 239 71 39 59 126 28 85 77 41
    138 182 59 17 218 163 239 135 182 209 21 143 103 98 143 118 232 61
    193 158 139 101 141 93 96 59 242 148 28 150 196 117 217 59 14 65 214
    219 77 112 2 62 206 39 167 109 110 239 191 132 106 249 125 79 174
    138 48 100 44 109 110 173 197 28 132 89 186 57 242 42 72 85 93 21
    246 118 253 211 117 124 41 248 51 36 29 131 199 197 85 165 189 96
    243 147 13 230 193 108 91 107 53 0 54 39 118 167 86 55 69 50 53 88
    168 75 41 113 122 76 192 23 0 49 216 186 153 21 109 13 239 181 115
    243 76 136 182 156 224 22 159 204 86 38 39 189 213 137 241 12 70 132
    148 228 181 110 187 198 48 203 85 179 34 72 116 112 169 123 181 186
    154 173 140 13 181 96 149 140 28 105 234 115 237 115 247 62 178 74
    93 127 2 132 222 27 172 215 189 11 37 103 44 174 163 39 29 63 153
    185 122 15 248 73 108 50 173 132 224 91 146 121 140 217 7 118 134
    134 199 68 148 231 63 54 208 153 43 117 46 201 250 254 220 229 137
    117 217 35 173 147 144 2 2 54 24 21 182 147 207 108 140 212 121 68
    190 121 236 33 205 53 122 14 68 221 236 201 115 234 151 222 64 23
    182 79 32 241 180 24 109 238 124 148 239 222 221 121 128 237 175 132
    183 227 100 32 219 242 180 26 132 239 74 16 73 79 239 136 160 244
    197 47 237 42 127 35 112 237 55 231 252 145 253 185 19 150 151 64
    134 232 253 47 234 190 115 88 115 206 121 17 37 145 171 85 46 78 226
    82 197 66 120 225 48 140 95 231 97 94 102 215 159 12 188 18 43 124
    59 104 111 74 23 92 150 68 22 217 83 13 156 161 38 241 47 43 82 78
    50 255 82 232 79 76 47 181 156 117 22 143 193 154 114 7 92 222 146
    52 153 33 151 185 222 198 135 97 54 251 207 5 233 96 35 41 229 207
    213 224 114 35 255 160 115 69 193 247 231 54 212 134 183 13 159 144
    185 69 76 83 155 40 182 172 152 10 189 167 235 108 94 43 220 204 76
    78 32 75 107 118 230 24 12 231 250 45 137 23 64 103 182 88 232 128
    160 128 75 108 61 231 17 146 119 148 38 10 148 84 218 175 7 109 128
    135 248 3 110 60 86 6 67 165 168 11 213 121 33 70 110 100 37 14 177
    65 96 142 225 189 112 121 50 238 68 148 160 237 223 246 83 165 203
    71 15 157 182 149 163 254 46 236 96 245 153 137 94 183 143 49 129
    187 23 57 56 181 62 181 194 220 172 100 175 69 159 187 47 201 220
    251 31 201 238 248 225 23 248 139 178 231 176 50 75 226 11 97 136
    197 150 236 0 218 218 70 254 39 71 242 97 88 118 39 198 226 156 241
    190 216 209 224 48 192 17 64 119 6 215 3 253 84 80 107 140 106 253
    71 22 178 158 16 75 201 74 110 239 183 86 124 105 94 73 155 187 22
    202 220 229 186 73 29 30 77 157 84 180 74 192 73 47 221 191 82 15 92
    29 172 22 193 174 147 218 27 208 212 181 64 194 100 153 210 133 33
    115 134 7 125 105 170 24 106 146 130 242 207 231 185 199 224 164 3
    49 86 157 180 167 241 17 152 157 41 101 208 123 96 37 44 163 239 31
    222 28 137 215 18 9 31 187 203 130 40 204 191 2 147 49 31 196 200 68
    59 87 99 207 80 191 213 102 79 255 32 11 207 13 47 242 215 79 233
    160 12 208 191 91 124 161 240 49 23 204 85 56 224 87 93 19 95 31 98
    177 77 47 31 179 43 154 120 246 121 54 156 138 28 200 243 97 239 75
    54 255 20 207 73 142 112 157 94 103 50 50 31 105 191 140 44 90 111
    156 28 209 136 133 95 154 204 77 158 95 143 176 43 79 231 58 230 84
    114 143 100 237 4 191 200 56 181 52 230 161 125 150 251 224 58 81
    200 210 1 9 174 186 146 252 236 147 122 37 227 185 254 217 213 18 11
    209 107 217 134 64 6 92 100 159 2 135 142 189 150 188 213 73 15 98 2
    251 113 248 77 171 26 221 86 103 40 164 105 224 28 158 169 40 240
    232 70 17 5 76 88 19 253 223 212 132 189 234 244 204 37 95 170 21
    106 9 78 196 159 197 200 238 122 105 193 96 0 236 235 159 54 139 78
    237 169 119 69 210 153 224 178 36 88 77 102 229 60 109 38 242 49 96
    246 49 224 227 178 73 230 146 175 83 70 59 188 104 160 49 167 153
    131 24 169 68 200 161 82 152 188 121 151 186 85 57 248 134 183 13
    186 108 254 48 125 93 15 77 199 152 6 61 239 227 9 155 146 212 134
    188 237 187 190 215 77 74 68 190 119 223 143 137 11 4 212 1 138 217
    242 59 49 181 88 124 156 33 186 114 143 93 61 84 86 173 5 3 176 85
    27 154 92 168 114 48 243 202 170 95 141 248 239 81 40 97 246 31 26 6
    127 127 34 227 182 233 210 164 251 43 170 176 226 234 65 80 169 43
    87 9 107 202 180 215 138 11 187 216 108 94 231 36 71 81 76 153 118
    232 171 108 111 154 78 211 225 102 125 153 125 127 246 147 202 206
    136 39 77 160 129 150 76 92 87 51 99 214 193 178 164 0 161 205 243
    124 61 1 74 189 236 194 140 226 220 112 131 152 182 241 155 139 203
    235 63 34 122 90 5 69 44 30 111 89 99 120 196 198 10 199 81 157 67
    48 96 49 109 248 118 129 201 224 84 161 119 197 144 157 176 157 191
    160 193 123 146 72 165 230 244 131 117 177 189 189 83 25 202 72 62
    213 27 91 218 28 101 35 49 244 26 30 113 52 222 75 65 80 246 97 96
    81 57 22 3 45 84 110 167 242 251 237 134 236 195 164 96 15 224 31
    216 82 25 77 206 183 23 144 92 119 119 227 60 229 49 33 96 54 241
    253 241 205 67 181 177 203 217 105 60 249 156 164 56 35 237 254 242
    219 74 52 142 6 190 133 70 163 156 21 151 166 45 235 250 254 82 51
    94 24 109 237 246 105 150 183 234 190 160 160 213 30 185 205 248 17
    86 42 180 225 213 99 0 74 253 176 232 206 82 116 142 255 248 231 94
    235 76 63 67 51 27 21 13 26 194 26 7 159 82 49 161 148 101 229 194
    81 229 249 78 108 196 94 93 108 20 211 142 242 124 67 54 112 80 2
    242 4 69 97 217 70 104 39 226 161 50 227 94 127 105 97 218 161 211
    222 141 242 247 238 150 49 67 89 77 80 114 228 29 28 7 211 111 158
    208 222 246 64 95 179 162 240 114 252 24 189 90 37 1 134 97 74 2 198
    25 181 171 102 51 253 231 242 104 96 23 79 106 222 86 134 227 232 47
    144 174 76 17 227 250 101 248 137 39 165 218 151 210 84 204 110 192
    239 183 59 210 254 151 226 212 35 18 1 53 188 119 27 169 175 138 10
    5 3 147 24 147 3 93 112 90 125 5 189 86 161 204 247 69 174 216 139
    55 21 34 237 102 162 174 121 170 133 173 246 4 69 77 200 199 107 230
    127 36 158 227 42 1 253 238 249 216 100 3 148 10 224 166 27 47 142
    38 255 163 60 223 128 78 238 180 40 150 164 99 65 254 202 237 14 47
    224 180 206 199 253 205 199 110 70 155 123 35 81 32 135 161 187 29
    30 31 91 96 84 242 206 213 32 21 232 193 166 158 113 85 21 60 173
    221 135 177 6 27 223 217 25 244 203 236 89 72 202 60 192 116 104 133
    227 210 109 145 73 63 19 118 112 26 55 230 25 58 112 193 54 82 63 88
    217 181 34 54 216 54 168 215 22 180 110 109 209 229 129 136 52 36
    128 1 114 41 45 106 164 54 77 65 191 152 119 34 169 204 17 119 87
    190 218 191 27 206 6 169 128 231 168 214 187 252 135 80 47 247 57
    230 74 130 131 19 175 221 252 61 248 144 152 94 167 225 41 219 26
    158 186 109 182 17 91 97 166 7 154 27 184 210 59 181 46 112 223 108
    196 255 44 132 112 51 122 203 91 164 102 221 45 96 71 183 228 105
    192 220 140 213 77 169 206 138 36 186 147 104 250 195 55 108 231 86
    230 154 119 139 100 180 114 246 90 30 24 200 215 33 208 187 38 96 41
    49 38 149 70 27 213 198 117 16 187 68 92 145 70 44 42 126 66 45 244
    126 168 98 160 240 156 205 222 238 58 80 242 32 178 140 102 212 13
    59 43 36 55 69 177 15 253 206 76 158 161 138 134 250 243 71 254 127
    210 38 127 101 0 193 198 156 42 217 210 221 44 22 149 237 205 16 85
    219 23 48 168 23 247 124 132 233 199 48 58 123 199 7 142 252 5 37 6
    244 99 129 177 209 166 182 247 129 163 53 129 109 141 72 239 215 161
    165 74 213 255 0 252 190 77 199 208 255 224 250 96 24 44 5 0 42 14
    52 120 163 207 221 255 102 86 163 59 181 13 3 138 10 136 203 131 208
    79 218 139 253 91 98 135 8 141 75 150 2 105 190 14 113 71 72 143 180
    153 142 167 117 28 64 111 99 253 200 30 65 214 21 157 97 214 142 100
    126 239 174 124 168 90 248 230 219 217 2 153 218 251 58 185 118 202
    185 202 196 139 54 155 241 111 0 50 73 216 32 186 191 123 96 27 20
    154 30 146 255 255 63 240 72 112 242 183 129 183 149 59 164 118 239
    12 19 217 95 104 156 2 233 4 90 32 183 118 73 3 147 159 47 40 25 16
    239 172 212 97 175 137 156 55 141 78 75 126 237 2 242 48 191 253 96
    75 202 87 98 29 189 43 153 193 255 87 231 195 236 94 142 137 48 152
    81 40 22 125 62 154 248 107 83 112 234 217 157 13 185 161 242 80 114
    38 192 15 38 174 236 32 28 139 55 139 200 178 200 102 26 155 50 231
    93 253 6 89 201 33 86 128 118 221 57 177 47 128 100 153 46 31 236
    154 13 89 89 46 194 155 91 117 196 35 128 116 126 255 223 57 45 176
    136 67 200 156 170 170 63 155 0 60 91 247 15 118 80 76 220 10 91 158
    74 88 230 122 20 121 233 228 139 10 11 178 0 206 161 228 246 13 137
    40 114 9 0 51 100 67 4 236 203 247 74 133 146 192 148 186 197 156
    119 37 10 156 181 217 49 29 59 247 254 237 197 254 101 1 5 16 199
    240 165 182 142 45 26 103 76 172 179 157 110 2 85 15 112 189 65 59
    149 220 65 234 112 152 1 121 230 18 189 62 222 48 163 125 200 117
    190 87 235 36 10 75 25 142 151 237 68 160 202 92 135 52 6 51 76 135
    194 115 31 82 26 221 239 78 171 126 232 192 112 253 177 146 238 52
    151 41 95 219 50 62 74 22 136 69 252 39 118 192 211 16 133 112 131
    95 67 33 178 40 235 48 238 237 251 109 132 65 220 5 51 229 19 210
    238 127 165 187 128 83 57 44 66 141 254 39 176 134 178 222 213 210
    39 137 227 177 117 212 249 69 65 4 55 166 233 166 165 12 17 20 138
    250 4 247 153 163 128 254 121 139 123 26 85 224 85 81 22 224 180 9
    200 151 2 24 42 230 109 20 155 176 235 183 249 92 117 6 248 201 42
    111 35 23 18 222 143 106 17 177 93 249 108 63 167 107 72 192 115 15
    16 8 254 215 92 118 246 55 123 198 125 145 197 239 52 137 54 107 91
    59 127 83 95 227 72 162 211 140 31 212 58 228 252 41 133 110 28 152
    197 34 76 35 155 191 103 204 33 236 133 140 132 26 226 33 59 157 214
    177 190 98 144 235 90 70 9 19 215 192 37 185 51 96 107 164 185 229
    124 186 116 63 175 245 245 129 197 16 56 109 130 74 46 105 96 138
    134 178 3 107 99 116 88 225 31 233 153 246 232 148 80 104 46 178 245
    144 61 164 250 123 138 234 226 212 36 9 192 241 209 208 85 163 206
    223 247 86 166 251 80 131 241 175 170 132 238 9 91 116 18 161 157 66
    190 65 181 19 6 62 220 91 39 55 45 233 88 87 197 75 52 251 65 231
    134 219 254 7 75 147 20 149 104 161 249 182 125 94 84 184 119 42 8
    222 66 13 198 66 160 237 105 61 171 141 40 24 181 124 1 97 163 34 65
    125 18 217 30 225 190 141 10 14 101 163 73 109 74 36 137 218 148 110
    148 154 59 133 230 218 194 22 242 57 16 110 69 64 171 91 103 42 65
    226 228 21 47 154 141 45 209 89 244 24 0 202 226 54 204 200 44 167
    179 6 212 24 54 67 9 167 98 14 184 13 215 202 216 210 239 196 31 83
    194 87 173 83 86 207 14 39 104 0 17 232 172 64 74 163 19 249 70 131
    215 112 29 229 241 207 255 225 156 146 228 67 237 212 43 27 206 53
    55 67 158 244 1 226 226 200 188 25 184 25 215 61 54 107 150 70 226
    194 151 219 3 53 92 110 54 159 200 192 218 192 182 6 181 236 79 80
    120 242 182 170 188 48 83 164 77 27 232 90 68 31 236 62 101 225 51
    175 175 47 16 117 188 45 9 195 207 39 212 253 26 202 192 6 254 82 58
    180 196 231 109 27 34 250 236 42 131 46 244 234 91 173 99 31 154 176
    42 123 161 201 76 22 135 253 7 159 32 5 52 143 88 177 26 147 155 207
    37 129 86 85 142 120 191 50 246 141 204 148 38 187 163 91 234 2 106
    84 48 233 183 11 114 69 8 201 37 221 152 159 135 188 138 96 223 44
    80 52 215 75 251 124 214 186 200 52 6 114 244 115 13 77 78 34 252
    141 127 157 7 89 44 173 36 192 156 51 144 68 55 115 78 255 40 113
    164 52 65 26 154 54 255 127 55 91 113 107 94 195 91 63 128 102 117
    130 91 22 42 246 54 25 49 11 92 151 170 223 110 211 176 31 112 112
    162 15 250 217 30 184 182 109 47 3 25 37 157 121 42 218 185 225 76
    28 229 134 97 110 124 80 198 44 58 232 108 202 92 180 192 135 173 63
    54 26 109 175 245 199 111 12 174 175 25 238 211 132 210 19 222 159
    103 46 211 241 185 93 145 235 180 169 243 157 188 99 224 109 209 193
    196 85 131 250 158 5 123 74 127 148 201 224 126 136 199 151 89 255
    144 152 135 69 127 170 89 42 7 89 29 149 228 136 93 6 16 223 76 140
    184 22 96 160 121 64 223 203 109 27 243 253 135 250 159 12 235 97
    157 193 34 207 22 58 210 164 28 188 243 32 222 164 252 149 162 145
    54 82 62 57 195 168 189 110 190 140 43 83 109 32 70 53 127 51 193 22
    62 64 96 130 168 72 237 69 236 84 35 158 13 196 27 161 166 17 115
    120 146 172 102 248 183 127 122 197 177 186 22 189 47 79 36 86 113
    27 248 35 99 70 165 230 108 75 235 73 79 238 152 65 66 102 146 107
    185 195 232 65 239 165 159 97 185 183 34 43 8 141 153 233 134 234 85
    32 5 147 141 230 11 234 248 230 227 161 130 104 54 111 140 56 133
    167 32 152 94 6 160 218 216 230 93 161 145 180 25 129 213 12 255 127
    132 189 136 159 223 56 60 28 173 109 237 5 153 132 164 189 242 210
    26 231 194 40 20 120 241 210 101 84 81 179 77 130 57 222 39 14 121
    66 225 94 75 132 2 115 119 226 184 9 236 199 156 83 222 150 241 193
    70 84 126 130 95 108 210 60 237 169 12 242 142 50 131 254 235 22 87
    153 232 227 230 237 5 245 241 255 214 21 34 156 73 97 162 239 204
    181 85 104 226 161 59 126 103 150 185 41 92 187 43 172 28 4 68 7 248
    251 23 96 56 112 116 80 92 17 233 102 22 250 121 218 216 138 175 243
    63 55 145 166 113 234 216 54 29 199 119 210 217 181 0 216 68 43 217
    122 144 40 105 31 131 18 92 215 113 8 116 153 82 140 113 58 78 152
    175 190 137 149 160 158 225 36 186 137 138 75 186 2 54 191 1 243 48
    128 242 139 141 110 129 54 131 107 55 131 39 190 213 32 20 176 185 3
    76 206 27 201 174 65 46 4 75 150 11 138 143 184 21 136 112 234 70 48
    41 53 245 4 216 149 10 1 51 40 83 71 41 206 90 63 154 32 135 80 151
    123 56 218 227 16 64 94 235 49 130 88 197 58 158 26 86 133 55 223
    135 87 181 106 118 174 156 118 80 139 26 224 148 136 158 64 249 197
    191 170 13 155 253 3 140 36 165 160 161 60 232 197 123 99 235 9 66
    111 217 205 183 91 97 123 19 246 235 25 73 211 178 177 85 125 203
    232 193 0 167 165 24 112 14 23 219 117 116 242 158 253 96 193 205
    220 220 116 98 190 252 163 75 59 240 96 1 197 202 142 26 207 90 207
    1 239 128 233 60 9 201 141 242 72 159 144 186 75 122 44 21 1 20 103
    124 166 127 138 177 91 215 66 49 252 187 115 153 250 190 0 83 185 64
    54 76 136 88 42 107 217 122 67 99 31 70 119 212 58 173 169 22 191 89
    236 31 205 90 235 217 118 177 182 150 204 133 31 89 39 107 83 203 96
    223 183 176 190 1 92 192 111 109 100 65 22 246 23 149 227 153 237 53
    215 236 59 85 208 236 34 70 73 216 200 88 254 224 118 89 57 145 65
    60 14 8 129 1 174 42 8 187 239 83 26 137 12 237 171 110 77 90 74 74
    198 66 24 228 64 154 137 209 102 193 246 56 88 47 185 217 142 7 112
    60 55 132 95 238 107 237 0 76 253 52 86 80 132 160 210 229 200 184
    176 28 15 131 113 142 47 57 161 90 215 164 27 8 137 53 159 50 251
    219 127 120 110 109 236 162 124 131 121 190 17 120 25 136 162 36 81
    231 144 115 46 226 146 21 65 157 151 78 37 234 166 115 128 202 98
    212 165 190 209 197 24 140 122 103 198 236 178 232 164 40 160 193
    214 245 251 65 14 117 86 143 60 105 19 167 120 143 55 153 12 47 51
    169 103 61 185 47 168 181 103 8 25 85 236 17 187 138 113 73 214 30
    124 36 28 36 168 154 160 131 205 54 113 50 71 152 180 84 61 146 84
    152 29 58 2 15 140 33 106 107 31 83 32 45 98 165 50 40 196 216 207
    246 226 71 41 100 116 171 93 112 20 89 163 143 102 199 182 128 12 11
    164 35 106 2 115 169 0 212 18 131 50 167 9 55 172 143 113 246 91 27
    178 187 6 75 233 7 47 68 157 131 253 204 191 76 142 201 167 53 6 153
    222 111 138 32 97 32 177 250 209 241 221 89 27 239 183 68 180 10 113
    39 132 58 125 134 154 155 64 27 141 63 3 10 177 88 212 251 38 138
    220 73 22 40 152 239 138 2 124 168 92 49 32 194 193 91 94 241 97 121
    233 51 71 109 253 17 231 193 248 147 54 222 254 139 106 47 171 150
    74 105 221 248 61 223 174 131 38 108 128 190 186 238 226 7 87 213
    176 185 144 197 119 115 167 176 149 166 15 26 59 22 1 20 158 76 110
    237 182 25 56 236 84 7 42 118 98 155 54 241 252 240 236 41 33 126 95
    156 70 155 72 52 235 92 191 188 178 202 240 24 21 223 160 32 23 71
    232 210 56 152 221 246 207 215 210 216 150 70 6 149 178 180 182 192
    136 223 84 167 225 9 27 217 245 12 131 248 201 51 244 189 204 61 4
    67 185 232 119 207 16 86 50 56 217 20 95 32 251 104 172 152 236 74
    126 192 105 4 9 0 60 201 143 5 218 206 60 120 83 208 246 204 204 129
    31 195 87 208 98 38 98 158 13 1 212 80 31 94 121 152 172 14 38 100
    193 106 88 113 221 120 89 61 169 231 136 67 113 69 4 139 167 194 81
    229 160 190 95 201 168 78 53 172 179 167 30 54 239 13 24 76 71 17
    160 112 161 70 50 159 253 248 28 112 68 176 14 142 94 2 49 232 0 217
    183 52 47 114 66 112 178 202 112 233 89 235 116 123 232 173 218 14
    152 88 155 41 249 195 35 207 224 189 206 134 137 250 126 186 83 109
    73 70 89 142 107 40 166 131 79 176 125 138 16 0 50 111 239 61 54 184
    184 208 182 93 205 119 197 171 115 67 94 129 153 239 162 41 145 224
    31 79 251 255 37 79 207 137 249 60 10 216 187 160 228 36 121 1 155
    98 249 119 45 132 114 142 17 221 0 109 0 107 215 0 139 1 127 21 109
    181 148 254 82 153 163 198 11 204 187 40 18 229 146 214 88 236 64 39
    131 178 170 221 61 63 1 168 20 79 120 138 89 161 30 104 67 142 197
    92 190 235 47 85 191 9 194 73 150 194 245 171 150 216 73 60 95 32 79
    45 7 120 115 152 162 68 150 25 0 240 28 132 94 72 193 130 103 236
    199 57 72 175 95 6 98 172 69 91 165 231 174 228 229 243 134 196 221
    37 180 152 38 87 164 201 147 109 141 68 159 66 156 129 176 18 121 45
    3 67 244 47 156 83 74 231 172 24 33 169 124 192 114 250 82 105 113
    75 206 0 52 28 45 62 50 66 63 49 110 4 171 89 11 48 56 122 127 1 111
    82 157 221 175 2 203 81 37 15 240 187 166 209 167 14 241 121 186 150
    123 42 246 136 35 50 122 186 22 225 150 77 165 217 46 202 165 175
    215 182 9 30 4 99 83 223 75 67 169 83 197 181 167 201 232 248 115
    160 112 215 109 226 30 206 194 114 130 32 70 118 24 173 150 28 114
    67 108 174 71 196 22 211 59 49 104 203 183 15 83 79 45 175 154 35 29
    90 200 54 173 102 86 6 142 145 199 186 186 222 44 225 164 53 200 218
    84 189 71 230 40 1 217 136 184 7 19 44 168 144 182 191 198 247 39
    155 247 147 3 8 139 111 154 250 192 143 37 166 131 134 82 87 230 112
    152 246 98 236 228 130 29 222 153 175 27 18 249 156 7 176 168 186
    214 188 154 56 157 196 189 138 12 80 249 127 80 245 47 67 137 186
    134 134 203 92 68 60 214 244 246 202 100 120 111 57 99 222 86 159 38
    46 116 171 241 26 64 102 11 65 126 136 221 54 242 52 133 182 108 217
    111 81 231 126 5 66 175 206 27 6 171 107 26 163 28 201 172 195 255
    169 147 178 2 23 3 176 48 240 173 88 5 133 44 1 254 150 103 45 50
    139 21 15 73 94 1 201 213 132 27 92 194 167 199 8 171 10 188 31 186
    34 17 70 39 79 165 55 125 31 156 160 197 125 255 179 193 27 216 60
    228 203 55 110 132 142 35 42 12 245 221 194 149 23 64 137 56 208 65
    8 232 220 247 200 42 38 54 217 99 156 23 68 51 162 101 1 166 202 70
    240 42 234 86 115 85 118 73 87 46 64 101 184 71 19 189 11 52 244 31
    205 199 184 221 226 144 235 0 163 246 218 144 13 26 240 240 92 8 31
    209 33 41 186 67 238 53 22 133 40 66 248 224 194 133 46 84 204 115
    113 252 144 83 12 45 99 93 8 140 72 7 125 195 131 231 53 15 146 58
    113 15 34 188 192 76 232 2 160 211 112 140 229 230 112 53 14 167 62
    242 175 139 81 145 206 206 45 9 168 184 96 20 187 212 110 109 224 94
    96 184 113 203 178 59 95 168 66 181 228 77 252 140 139 171 219 206
    133 200 215 111 119 74 76 202 70 169 132 111 233 173 10 229 224 6 39
    4 119 243 105 208 133 93 154 83 193 84 7 156 120 48 161 18 246 8 224
    212 112 63 210 138 139 136 188 165 85 35 254 42 29 238 57 160 137 91
    44 132 68 89 56 43 98 123 160 210 228 1 3 193 105 221 52 215 88 245
    177 201 50 29 45 36 117 208 241 62 244 12 239 192 85 181 110 200 86
    78 117 87 208 49 103 33 184 173 74 77 195 46 197 6 48 184 185 57 82
    116 220 237 171 118 192 211 163 57 38 118 157 42 60 74 22 170 9 50
    171 209 141 36 48 18 58 183 8 182 143 186 27 212 167 26 241 35 35 1
    130 201 109 12 252 119 79 121 225 146 146 43 131 197 136 245 85 40
    55 41 79 189 196 35 174 149 77 193 113 149 107 22 75 143 64 117 218
    95 34 141 148 179 24 147 57 139 195 238 34 215 37 252 177 26 147 68
    48 149 35 143 119 224 100 211 78 179 213 84 27 60 224 113 43 209 233
    110 37 57 8 81 135 131 20 172 1 96 119 28 20 158 231 133 45 154 180
    47 179 245 153 191 64 151 87 19 137 63 118 147 234 26 169 234 214
    155 152 110 213 196 113 227 161 72 58 21 246 160 138 18 135 35 201
    86 126 123 204 196 105 228 232 139 49 89 27 52 161 176 74 143 149
    142 95 29 191 6 126 19 120 248 4 77 199 6 183 102 127 27 110 136 78
    237 202 24 144 225 48 236 11 57 158 59 89 81 252 26 190 162 7 24 195
    242 40 27 115 61 197 162 64 68 27 68 138 203 12 158 145 152 55 40 35
    144 30 175 104 251 139 48 247 1 26 80 110 57 163 34 151 207 84 121
    26 52 87 9 238 74 156 142 216 193 181 12 169 210 130 71 9 207 125
    254 73 2 138 136 213 53 6 243 82 250 225 0 231 173 121 98 122 66 181
    123 70 9 78 217 153 168 210 58 60 40 206 75 70 106 107 239 197 180 7
    37 181 149 219 169 106 122 236 224 235 141 96 177 251 51 153 179 172
    141 220 225 66 239 227 72 123 116 177 170 225 249 237 99 86 242 210
    10 168 1 6 84 109 17 183 205 216 116 49 8 245 96 194 58 27 121 83
    179 140 6 184 119 181 169 17 194 4 139 244 248 252 35 125 29 3 103
    60 120 47 183 135 108 2 158 77 202 236 74 223 38 168 121 243 178 34
    169 152 251 84 238 68 26 9 251 129 169 92 145 216 123 89 37 176 32
    129 87 82 70 55 10 128 55 99 217 173 190 190 142 10 75 145 174 70
    237 147 179 184 80 11 22 237 19 20 8 197 217 48 169 16 36 112 247 16
    208 84 12 227 55 168 235 18 47 1 247 104 28 51 5 132 162 25 165 68
    50 96 64 70 249 7 150 2 240 92 88 145 5 109 246 58 52 200 245 210 25
    65 255 39 6 140 222 79 151 248 26 155 54 121 204 63 147 38 143 75 43
    60 141 115 130 93 163 225 211 91 150 96 83 80 29 199 145 207 75 167
    185 225 255 39 176 57 11 235 253 26 217 94 118 247 26 74 225 26 196
    228 210 136 73 163 1 45 77 202 218 207 1 105 95 71 70 232 35 72 141
    62 170 242 68 158 126 147 7 125 51 120 209 197 28 183 117 49 158 226
    32 100 170 60 196 165 1 195 14 92 59 39 251 227 118 113 197 48 159
    209 180 91 150 6 141 79 232 35 230 236 236 111 28 36 74 62 50 121 73
    138 71 81 114 80 195 12 120 168 156 146 159 91 45 17 176 33 129 88
    113 146 10 64 17 110 173 110 232 248 159 48 48 219 236 47 47 35 251
    23 1 223 116 109 52 83 78 105 44 174 44 171 86 197 11 218 78 162 237
    151 120 229 175 41 46 50 120 242 130 120 216 5 19 117 45 116 5 19
    101 91 190 122 49 159 20 209 200 247 115 64 254 196 81 226 111 57 98
    63 218 107 212 251 217 93 30 244 168 184 21 140 101 11 84 253 95 59
    99 147 112 51 223 187 85 242 24 95 195 20 202 13 79 239 32 16 68 20
    165 215 212 252 168 47 247 44 169 159 154 200 255 47 250 207 74 243
    157 122 107 252 36 56 45 157 75 188 28 70 65 21 208 112 37 42 85 87
    227 119 32 253 112 152 46 47 111 101 203 213 187 181 61 174 85 100 7
    92 248 182 248 37 79 0 191 74 60 232 215 136 144 208 125 102 173 224
    180 0 107 240 233 63 159 43 33 202 105 165 69 187 184 63 137 112 5
    124 226 28 61 154 42 129 112 44 85 174 63 77 84 172 234 14 185 8 100
    105 177 234 69 57 193 158 63 230 66 192 233 217 26 173 255 7 25 56
    164 204 175 134 4 142 195 177 197 191 38 231 43 34 137 185 107 188
    77 56 207 134 38 253 135 144 45 181 73 219 96 1 44 204 61 225 133 41
    137 146 85 177 144 174 253 244 62 80 209 205 189 134 9 185 65 22 147
    241 255 12 200 118 45 109 218 37 137 224 2 220 131 185 93 211 117 43
    253 228 31 19 116 176 52 177 156 98 99 43 142 25 63 49 82 239 93 87
    138 97 39 66 38 207 240 213 66 81 4 134 72 244 75 166 113 192 28 62
    23 249 156 0 111 219 89 139 130 183 71 186 173 254 227 162 63 115
    155 129 78 17 26 48 23 134 150 69 176 75 10 100 189 17 119 71 241
    134 8 173 140 131 32 1 60 98 99 69 56 209 186 114 167 73 70 186 144
    216 148 204 86 92 162 13 239 182 60 130 226 37 143 89 59 145 39 156
    225 86 19 163 161 102 38 202 77 98 242 150 22 223 117 46 35 104 170
    46 119 75 152 110 133 154 171 62 145 99 111 25 213 184 79 71 7 204
    172 138 137 144 134 128 45 92 87 223 157 47 196 69 85 129 74 64 184
    64 127 194 175 199 159 58 24 233 34 125 98 176 66 57 164 151 71 216
    215 32 83 139 151 85 150 197 18 196 60 186 14 46 59 54 127 49 42 155
    31 206 161 203 146 85 32 223 251 248 191 124 251 92 236 98 131 143
    238 199 161 188 251 169 95 61 71 35 41 24 187 180 60 140 243 53 182
    173 196 156 197 118 247 114 7 44 25 219 181 159 55 88 174 222 240
    110 85 183 227 45 61 216 74 188 199 255 14 200 132 19 16 14 8 224
    168 51 158 230 214 66 191 127 142 186 157 150 201 29 33 214 169 252
    84 202 114 83 67 122 105 198 40 141 207 217 184 74 241 2 71 18 209
    227 173 166 143 10 13 92 143 112 106 102 163 31 36 190 57 190 18 122
    83 140 180 196 92 246 30 232 16 208 222 137 181 200 49 34 206 210
    204 216 246 151 96 63 27 44 80 92 143 110 74 220 193 36 95 122 47
    185 11 108 51 225 77 82 19 161 116 145 233 118 85 36 30 192 182 0
    117 229 12 46 239 108 185 153 156 147 215 57 186 201 246 168 177 248
    131 22 112 19 188 57 124 126 66 91 75 99 3 192 33 229 123 63 153 137
    196 121 255 72 26 21 188 2 23 114 177 127 175 59 93 250 109 134 157
    137 225 182 190 234 5 213 253 106 28 34 41 127 81 141 112 204 134 45
    74 61 237 64 186 222 83 57 36 136 36 235 253 174 134 232 186 73 55
    55 228 219 237 191 76 254 250 173 198 69 247 202 41 134 20 50 146
    229 151 101 25 182 52 213 14 22 38 33 105 33 54 210 170 3 5 54 167
    95 75 111 53 141 106 5 87 150 188 238 130 20 43 142 125 225 28 26 91
    21 244 79 53 120 130 6 194 113 40 240 167 120 160 250 150 240 232 58
    50 235 22 218 35 197 71 236 57 112 35 59 71 117 239 190 23 3 135 237
    78 68 72 65 41 112 196 196 208 104 113 56 63 141 245 25 191 184 115
    250 195 98 36 33 246 98 120 134 16 116 166 153 36 164 184 241 63 161
    139 178 109 98 183 153 231 120 48 106 249 196 142 2 221 60 0 104 147
    200 105 60 255 169 185 109 172 176 84 46 139 114 92 20 89 190 10 145
    17 116 173 245 209 109 126 65 86 250 19 224 50 187 67 165 18 124 162
    0 168 87 4 117 253 244 6 147 35 151 191 66 75 149 30 91 81 247 28 9
    146 44 17 60 242 132 172 109 24 74 244 97 157 117 116 50 237 55 168
    106 96 38 115 196 150 254 99 13 96 37 198 230 43 197 205 227 237 108
    167 134 9 167 228 68 44 138 81 115 117 250 64 237 26 147 3 208 108
    126 126 203 20 172 31 100 28 98 9 167 83 34 74 205 55 227 146 44 17
    203 54 133 44 215 19 1 118 124 254 203 91 251 39 84 172 13 250 136
    158 158 253 91 242 115 245 73 30 150 47 33 131 143 3 252 23 149 14
    146 76 145 68 69 127 91 52 40 100 67 218 160 251 250 46 77 8 36 165
    182 223 31 51 232 234 175 80 104 110 98 239 34 238 96 164 30 20 97
    90 80 253 90 181 120 65 216 115 163 3 41 52 212 91 117 35 20 56 217
    240 86 101 122 184 81 72 176 179 211 101 173 39 51 215 82 192 168
    238 123 16 212 41 250 199 91 194 26 73 1 165 133 242 48 219 42 2 112
    164 109 4 26 202 137 140 2 67 59 183 36 172 0 9 203 108 35 139 87
    162 36 153 86 193 139 232 227 55 229 153 133 239 238 49 73 243 236
    184 1 145 185 162 147 98 229 120 214 193 13 182 19 123 101 231 86
    143 198 170 21 118 189 235 156 95 214 134 80 249 86 183 171 188 64
    41 137 38 92 109 4 106 56 68 121 9 60 220 180 180 240 160 47 92 37
    13 101 207 189 201 135 155 56 55 242 28 54 222 106 58 105 96 119 183
    68 93 111 255 104 3 16 145 164 123 60 106 197 174 52 100 117 232 36
    139 156 44 77 163 51 71 150 218 96 179 79 51 70 214 18 204 248 90
    149 254 217 60 240 28 218 4 49 49 200 99 128 94 155 232 133 213 223
    205 247 225 155 223 58 41 230 175 10 107 11 15 6 146 223 178 143 207
    68 64 68 72 154 104 135 177 7 167 183 128 156 93 164 155 229 196 212
    74 75 4 189 23 252 180 141 151 223 170 87 134 86 155 88 206 112 132
    248 95 126 106 149 186 130 102 23 180 50 57 123 244 176 212 223 101
    49 71 98 78 116 202 55 113 2 98 7 126 188 174 120 67 221 226 195 232
    181 241 50 6 26 214 184 166 27 78 109 228 115 213 202 51 110 66 71
    67 8 116 196 74 59 81 193 115 251 208 252 181 218 42 182 230 150 244
    207 225 117 41 89 158 13 60 72 17 224 244 203 148 99 114 140 3 217
    45 96 18 58 165 84 109 117 155 75 236 194 99 226 123 51 172 77 197
    70 112 79 255 255 141 19 226 12 85 2 86 78 226 41 172 73 143 192 128
    255 7 217 32 248 88 45 179 141 195 15 206 44 118 176 138 194 236 61
    37 36 143 53 33 106 185 107 64 214 87 51 158 105 127 27 53 8 126 152
    97 14 206 41 192 236 90 103 80 119 229 158 214 69 4 51 227 31 236
    190 79 205 227 183 242 150 224 14 141 178 5 183 195 193 101 241 203
    208 95 16 18 2 136 165 227 234 107 18 98 180 110 202 15 13 16 30 228
    173 171 228 35 245 54 27 138 11 78 106 236 203 220 246 186 40 166 61
    168 138 102 207 194 157 192 220 95 224 100 168 88 194 39 172 197 10
    169 208 90 191 48 171 70 180 100 155 85 185 225 214 220 36 24 58 209
    100 182 157 74 137 225 49 117 185 12 61 95 84 97 122 31 122 2 114 62
    89 160 245 113 23 151 15 91 197 246 52 123 33 121 72 54 12 79 69 100
    166 96 222 0 233 240 37 2 203 40 212 195 122 98 26 102 65 11 9 91
    239 106 182 45 175 231 146 133 1 195 186 191 79 100 123 45 34 222
    249 111 119 159 34 199 166 8 228 29 135 97 53 12 86 83 2 4 179 63 82
    236 216 244 200 34 208 73 219 120 59 156 7 82 136 71 110 53 69 18
    252 101 205 117 180 1 50 83 243 210 36 212 162 65 126 41 210 105 230
    86 233 237 214 34 240 32 2 19 57 240 170 77 3 50 9 140 242 240 192
    136 87 148 16 56 52 54 9 232 129 43 124 141 149 246 109 25 67 147
    133 20 101 124 80 179 106 102 1 170 211 92 161 192 146 172 251 209
    220 55 75 42 242 15 78 104 113 140 200 200 108 162 25 211 77 27 24
    132 85 242 39 152 206 101 73 223 128 3 123 76 18 7 47 68 245 87 42
    81 95 159 20 203 189 20 134 119 106 41 179 124 120 24 1 125 36 205
    245 12 190 242 2 101 168 73 80 239 133 182 234 167 228 152 140 254
    114 25 143 115 165 79 83 132 5 41 184 68 12 2 155 87 29 36 112 193
    39 123 111 60 241 108 40 75 137 106 159 19 234 233 5 163 43 236 77
    251 206 242 10 88 60 220 182 240 81 54 116 198 164 49 231 112 103 20
    8 169 176 141 9 245 5 71 100 70 155 162 58 199 196 221 147 229 175
    151 247 90 225 176 5 8 220 76 53 91 115 148 185 62 90 125 103 128 67
    3 126 79 50 22 48 8 225 245 217 29 75 58 233 246 79 210 14 244 121
    215 200 124 136 255 157 182 193 9 119 87 158 75 1 131 193 7 254 158
    203 161 116 210 119 72 66 102 130 242 250 137 39 71 189 112 151 33
    79 106 6 252 144 186 96 37 177 151 193 59 234 85 7 36 218 47 11 77
    125 51 135 111 204 67 170 178 68 33 57 142 91 199 21 99 221 137 65
    12 116 123 88 56 245 52 161 56 189 123 181 36 68 29 94 96 100 87 83
    96 179 30 28 189 109 2 110 150 20 80 113 83 103 174 48 187 196 19
    156 39 2 20 127 90 246 143 154 176 70 69 1 193 142 60 82 143 163 76
    188 152 183 46 22 24 210 211 19 224 60 240 185 19 29 71 57 197 64 1
    1 134 201 30 134 173 39 22 142 114 124 215 251 79 151 97 197 26 146
    251 43 250 44 33 229 58 9 221 51 165 169 170 212 216 103 43 24 14
    147 60 87 46 49 30 173 233 253 28 111 38 35 138 105 149 170 22 109
    178 60 221 191 252 44 180 214 80 10 129 252 27 12 235 157 125 113 93
    40 141 147 111 85 16 207 66 139 19 133 120 14 167 191 227 218 178
    103 36 160 88 183 150 30 207 28 189 116 160 193 33 110 220 139 198
    114 21 131 199 57 147 0 244 114 46 116 245 157 223 42 79 174 198 206
    185 154 47 128 250 65 188 126 246 28 178 169 226 4 152 109 94 39 0
    218 54 75 163 189 159 242 38 52 160 28 95 142 13 163 187 149 185 201
    164 171 73 69 44 220 58 19 239 35 118 149 141 156 249 248 240 143 35
    167 196 200 58 24 80 121 63 152 117 159 147 240 156 169 220 165 248
    135 228 150 120 13 97 156 6 175 218 198 170 229 88 208 241 204 244
    121 98 233 41 32 203 92 69 76 199 177 189 106 62 251 23 89 159 252
    220 12 249 165 217 127 208 10 112 70 239 92 185 185 162 9 77 155 211
    148 179 222 157 126 23 196 168 197 121 215 221 0 177 164 113 209 149
    1 135 33 92 162 167 11 83 2 125 125 74 120 130 68 116 125 131 229
    172 29 162 82 103 226 178 183 162 47 5 42 191 73 160 0 36 44 136 89
    137 20 219 229 66 222 8 208 79 90 111 15 17 46 115 53 135 17 119 126
    236 180 123 72 109 254 130 76 3 225 158 32 110 203 39 73 255 121 237
    254 32 11 38 32 128 252 222 171 148 45 8 53 194 150 8 122 67 247 205
    83 253 26 126 36 135 44 228 62 146 37 190 146 82 139 223 47 42 177
    22 153 36 147 40 57 216 142 204 150 20 146 208 157 215 241 202 183
    75 184 101 14 67 80 237 154 193 38 194 137 161 104 77 142 232 138
    177 187 134 94 189 118 27 251 239 167 42 26 69 196 237 83 1 39 139
    120 40 7 39 104 58 102 7 33 25 5 24 228 155 54 23 204 37 210 90 104
    4 138 212 135 117 194 218 187 32 95 65 166 36 135 97 229 247 177 38
    112 79 191 141 74 103 71 183 195 20 102 106 40 198 187 87 246 113
    252 245 185 54 140 236 234 36 180 20 45 86 72 36 221 104 77 69 244
    158 37 174 250 183 48 27 98 110 114 6 145 35 164 181 64 234 25 209
    158 226 125 134 96 213 52 143 76 182 159 11 21 39 79 63 57 63 165 22
    15 222 82 206 66 42 195 94 233 137 72 75 187 5 102 2 226 115 57 102
    106 90 0 173 22 126 49 56 119 156 222 84 183 253 250 102 87 89 65 32
    203 199 95 48 10 154 61 224 57 166 88 92 93 188 56 221 52 17 127 97
    14 133 239 100 52 217 204 62 236 158 172 225 87 120 45 139 36 115
    144 197 5 238 253 80 184 21 199 135 152 13 255 49 128 203 74 178 71
    233 153 40 76 44 151 248 138 70 28 218 173 31 104 113 111 137 101
    233 133 62 103 42 158 7 69 178 141 234 164 193 215 179 183 84 31 225
    105 159 106 184 249 236 244 60 190 128 81 85 217 222 214 211 66 180
    181 192 75 44 121 229 211 121 49 28 192 143 126 125 154 198 31 84
    248 253 162 28 115 112 48 56 183 218 114 29 190 38 151 226 245 139
    51 3 246 190 40 180 30 82 21 29 228 227 172 85 245 237 49 70 8 190
    88 71 71 68 254 226 78 194 254 12 149 71 104 68 199 110 6 2 63 62
    102 222 36 135 136 149 232 80 30 157 110 42 146 22 236 119 140 1 7
    35 212 154 157 137 14 126 43 239 143 23 87 68 239 146 161 149 8 117
    56 71 78 61 136 187 222 226 73 238 35 33 27 124 132 104 143 77 243
    35 218 141 10 130 111 114 199 100 169 209 118 64 136 182 9 42 154
    202 242 79 127 73 127 56 233 251 44 218 123 62 77 216 81 155 4 174
    98 199 237 22 192 60 66 131 10 166 144 199 82 5 155 199 219 117 208
    63 21 229 44 6 252 208 100 144 52 163 194 52 40 231 136 106 250 29
    191 240 154 218 227 71 58 217 202 209 236 114 234 142 189 53 30 243
    179 178 15 10 139 170 134 196 77 29 45 107 100 10 158 46 220 81 187
    198 150 235 81 166 36 226 238 55 35 76 237 184 222 198 144 216 94 74
    133 38 189 33 27 60 34 18 249 97 241 5 101 198 45 250 142 30 33 42
    203 101 168 123 251 254 192 209 178 199 211 51 156 137 180 76 184
    178 234 255 153 6 242 71 224 39 211 55 138 117 143 236 148 86 39 139
    120 42 214 57 20 161 66 79 1 210 230 24 37 195 85 47 83 180 17 250
    180 241 192 147 210 30 205 48 0 234 227 207 55 239 183 7 90 225 210
    94 130 180 4 238 247 23 239 213 193 242 51 230 92 182 219 153 155 6
    250 217 79 36 170 145 88 39 129 199 214 117 43 57 113 224 100 27 98
    185 251 255 173 165 52 2 84 157 238 199 151 45 249 47 97 214 102 126
    214 39 80 157 63 60 198 188 163 81 24 125 140 1 177 0 240 187 69 245
    179 204 34 77 27 129 106 46 196 75 136 56 229 108 222 156 193 216
    249 255 116 107 50 134 7 122 75 135 178 139 254 202 21 233 247 177
    83 20 214 75 231 30 58 213 188 180 155 122 19 221 2 106 149 46 45 63
    203 221 216 138 66 190 136 194 134 108 205 195 117 178 156 88 2 180
    204 15 206 139 7 90 235 87 96 118 77 234 229 131 175 146 84 196 108
    203 255 128 22 65 159 99 200 202 229 75 153 53 56 220 85 170 44 9 70
    129 21 186 73 169 244 62 94 192 111 40 60 120 240 111 216 43 222 59
    102 234 86 184 75 167 50 137 181 97 227 120 174 218 64 144 45 10 38
    141 95 88 97 222 137 253 58 165 243 63 182 56 140 135 224 118 54 8
    163 171 170 38 28 137 30 176 83 24 154 179 183 60 163 170 30 228 13
    178 45 230 156 44 13 240 224 84 93 114 20 36 96 91 56 224 135 111 38
    45 104 173 72 180 8 104 70 190 238 51 198 177 4 99 232 167 4 113 190
    87 58 169 243 101 144 65 82 96 248 137 222 151 181 212 123 143 63
    126 232 193 129 200 139 32 147 245 199 95 249 233 131 8 228 219 202
    129 83 169 83 138 101 94 9 83 21 11 221 118 178 48 156 130 18 78 0
    96 216 168 73 3 73 49 108 199 209 83 112 125 175 73 158 48 53 110 98
    64 55 46 167 58 11 95 95 215 8 114 16 144 45 68 143 157 2 171 188
    121 86 65 200 85 141 185 77 165 69 3 173 24 135 9 77 37 145 75 216
    119 72 228 134 136 156 248 123 225 65 133 196 146 31 69 220 88 114
    104 73 64 0 142 123 96 30 148 20 189 119 248 6 57 90 122 255 16 255
    116 190 249 239 226 235 75 42 162 248 130 232 227 97 38 4 234 14 176
    225 5 73 65 70 72 57 223 168 204 184 183 8 186 43 154 33 224 198 40
    234 12 17 54 252 192 201 185 119 229 244 25 33 111 192 44 229 197
    200 148 69 202 31 43 96 236 184 41 53 213 19 122 181 76 186 104 185
    110 221 209 230 70 141 177 238 48 12 160 112 198 36 62 178 128 240
    150 72 224 58 63 17 247 30 193 227 234 64 7 140 198 129 212 204 148
    86 0 118 10 51 139 50 0 104 16 128 65 109 223 33 223 1 41 17 164 36
    13 38 243 211 174 134 241 103 126 148 222 248 11 62 236 203 86 236
    66 49 127 215 235 12 113 143 146 245 54 249 136 22 36 103 38 108 66
    57 25 107 201 189 62 96 246 24 42 218 35 184 42 159 79 135 12 201
    143 161 154 33 136 135 171 41 225 1 43 49 107 146 47 36 155 239 125
    175 154 88 208 208 4 120 122 98 12 198 171 104 249 102 191 64 90 163
    19 129 108 163 223 68 60 34 174 129 87 62 152 55 150 225 55 41 58 18
    63 66 128 123 193 206 206 211 14 139 74 145 173 162 134 22 6 114 162
    31 173 199 194 3 111 231 19 83 41 151 61 113 215 156 131 121 205 249
    131 243 88 159 10 20 31 103 213 70 242 68 71 199 69 141 176 4 31 150
    192 210 84 12 193 179 163 183 89 226 92 187 241 80 36 219 8 188 183
    179 113 225 93 237 80 255 238 52 117 161 239 184 51 48 236 43 236
    137 192 5 8 86 135 106 136 102 26 113 44 21 116 3 77 108 58 74 108
    81 118 192 58 236 170 55 184 238 239 82 162 216 243 59 184 20 152 52
    65 9 95 113 98 217 73 160 10 135 1 175 42 95 45 244 138 197 157 218
    54 127 76 199 225 210 119 208 244 179 221 25 246 21 116 50 130 43
    166 173 112 236 59 225 152 133 186 80 223 209 196 67 68 30 3 191 159
    237 70 63 50 22 5 34 22 149 114 111 198 174 136 203 121 254 185 13
    107 138 210 19 201 93 101 247 108 67 234 188 186 218 180 32 82 49
    158 242 65 240 37 90 28 216 168 52 14 88 122 0 212 117 87 195 224 57
    158 211 253 250 28 112 194 82 170 63 59 23 30 21 6 125 106 147 80
    149 118 153 122 110 3 168 247 94 178 216 132 39 103 187 226 10 238
    161 255 39 218 180 187 223 196 234 180 44 155 52 12 53 78 84 81 16
    137 106 106 153 89 248 228 36 57 50 168 231 111 244 203 207 0 198
    115 141 97 196 152 207 209 92 243 4 81 216 36 103 227 193 211 255
    100 151 34 229 209 17 150 109 252 195 97 9 111 159 228 241 226 47 0
    170 31 164 181 89 106 172 11 208 138 231 53 25 199 59 90 73 25 193
    15 89 120 201 146 150 21 151 138 208 94 129 5 214 209 76 154 45 165
    38 181 162 122 22 217 239 186 213 249 167 65 248 196 222 14 116 149
    146 179 235 47 125 233 129 55 99 169 153 36 129 127 178 167 27 202
    132 16 97 199 155 134 166 7 20 153 11 188 31 238 253 231 27 250 46
    175 89 91 209 79 116 240 71 113 109 212 190 24 186 48 71 16 151 211
    100 112 235 167 181 203 115 241 218 156 173 82 196 100 58 18 82 100
    168 71 62 182 58 29 197 247 131 7 0 250 203 65 105 120 239 0 241 51
    144 62 91 114 239 118 144 216 163 199 88 143 235 103 202 201 226 111
    238 237 96 208 224 188 221 41 183 127 229 167 227 238 252 45 6 4 240
    240 177 228 0 53 23 142 172 19 44 111 191 242 113 100 96 146 34 46
    208 25 252 146 72 92 193 66 185 16 126 102 9 11 167 87 58 106 101
    216 249 26 80 85 79 44 174 252 239 1 28 252 224 203 175 164 13 37 79
    139 253 141 81 98 38 141 114 241 36 143 192 166 190 68 223 254 253
    253 195 232 6 41 75 115 146 108 254 91 140 15 168 147 217 255 60 143
    5 72 233 236 121 78 24 148 143 130 207 156 226 157 101 152 10 107
    180 162 78 57 175 187 22 120 250 95 27 107 163 47 41 8 133 239 1 72
    163 181 88 97 188 213 165 252 203 23 204 23 138 164 32 83 224 102
    241 35 87 217 242 99 95 228 204 184 176 170 158 16 7 250 184 54 27
    76 193 11 246 40 177 77 116 230 178 251 221 184 254 101 73 81 231 7
    22 108 87 223 150 198 74 121 124 193 53 175 141 251 14 213 245 207
    119 71 96 35 0 116 88 69 157 143 158 152 26 47 157 250 52 74 192 238
    76 85 7 70 139 30 127 23 246 99 228 131 146 0 231 121 197 100 18 44
    66 22 97 240 198 31 97 132 47 98 232 69 188 224 251 202 177 233 205
    7 36 216 207 174 125 198 33 77 12 186 91 173 232 185 71 242 239 195
    229 91 209 141 129 28 19 180 115 238 9 242 121 227 133 16 207 58 175
    137 203 36 141 53 74 201 54 232 252 120 31 175 41 192 54 202 77 54
    92 190 222 1 164 209 157 99 91 219 104 101 5 80 235 6 188 191 180 48
    115 221 46 35 143 72 0 150 66 63 97 125 248 104 246 147 104 66 213
    160 162 40 22 104 93 167 104 46 184 189 161 245 7 113 248 65 229 160
    84 46 27 219 218 57 172 116 218 37 56 106 21 132 158 206 102 249 112
    159 226 232 82 227 235 106 135 203 34 169 232 37 249 85 58 201 127
    109 144 240 115 186 95 253 45 60 108 30 247 57 70 104 90 43 114 228
    74 89 125 83 93 69 42 67 72 199 82 115 101 53 38 144 252 227 211 211
    189 16 62 254 86 118 210 242 53 245 176 69 114 21 64 195 130 155 110
    99 41 198 201 154 240 93 6 240 225 70 189 10 56 97 238 239 150 121
    26 198 134 24 162 30 46 122 229 122 76 45 61 74 89 229 200 203 34 6
    111 151 201 118 176 17 180 107 36 117 96 37 134 155 94 223 233 151
    15 138 118 255 76 95 6 231 183 51 136 136 106 42 98 227 148 102 184
    124 255 163 202 169 247 137 8 220 19 66 31 198 159 174 209 83 144
    165 248 29 210 9 117 227 96 228 28 29 16 191 163 95 61 217 115 176
    197 98 74 156 235 245 176 176 162 62 103 26 120 70 118 250 252 182 1
    55 29 50 185 234 26 116 23 108 242 29 212 240 132 61 61 167 137 145
    51 36 184 102 47 134 223 22 246 60 204 70 117 183 69 38 71 204 29 55
    118 115 191 223 40 168 157 182 23 232 0 21 64 232 136 66 176 230 71
    199 76 45 218 28 61 40 253 6 31 170 112 71 50 156 152 72 31 69 242
    255 42 129 56 1 62 92 176 87 238 158 0 101 251 206 22 49 255 194 165
    54 20 123 61 113 158 167 233 17 88 63 164 204 63 75 240 106 106 22
    111 109 139 33 203 215 209 198 59 79 34 206 233 108 76 186 12 163 85
    34 220 44 2 234 231 74 222 70 140 78 107 213 39 26 190 14 151 230 23
    30 185 54 144 128 34 73 129 151 145 139 94 86 241 72 68 83 77 6 240
    103 176 202 129 87 66 61 142 98 186 81 88 51 190 81 102 213 49 241
    39 71 215 84 212 219 105 197 3 33 151 113 128 225 215 168 30 215 73
    1 19 242 47 63 207 167 105 254 214 178 60 221 89 23 231 102 65 233
    126 48 215 152 241 187 91 17 123 217 200 115 42 58 13 240 139 193
    159 238 230 144 19 76 29 116 204 233 192 138 204 39 192 159 157 175
    166 126 199 71 249 82 235 152 72 145 41 227 67 90 208 7 121 243 208
    219 119 20 172 142 249 170 20 69 25 0 142 134 107 204 185 172 70 62
    31 18 80 67 6 149 39 82 137 96 237 65 62 112 252 116 113 130 139 118
    66 98 96 188 35 221 245 50 39 48 104 28 249 194 180 57 1 224 72 119
    186 137 173 39 90 113 124 49 255 43 82 74 138 35 247 185 252 194 109
    141 9 136 10 201 248 36 97 168 215 84 19 65 67 66 193 208 189 86 196
    89 229 98 40 170 5 218 57 201 196 180 206 95 243 185 88 205 139 52
    21 221 216 154 123 51 23 221 64 1 62 5 158 4 13 84 172 165 66 137
    233 104 129 217 25 193 17 153 154 110 112 104 171 249 126 139 230
    168 222 11 17 23 227 121 172 29 124 197 26 217 216 25 181 171 84 59
    193 44 81 194 171 25 130 48 48 226 133 234 134 113 141 72 8 6 211 43
    43 81 230 211 104 20 119 36 90 154 158 12 179 56 101 35 111 53 43
    239 221 213 253 221 142 229 238 118 20 192 81 237 247 29 186 250 167
    165 198 82 91 111 13 141 241 121 64 148 42 231 195 188 254 112 37 69
    26 41 183 195 113 13 128 10 6 31 204 114 213 46 161 232 4 94 37 185
    48 247 98 147 199 66 207 15 157 238 208 138 242 187 103 24 187 179
    230 72 89 223 51 139 145 175 254 244 166 166 131 67 6 24 4 77 50 131
    101 146 7 127 176 253 252 65 180 194 123 211 148 163 106 169 172 225
    236 73 249 149 35 76 62 239 89 36 236 165 31 109 46 223 186 24 138
    47 191 33 39 97 203 187 174 113 214 205 157 64 68 56 171 242 228 93
    215 168 110 203 38 200 147 237 251 21 204 68 251 233 159 19 241 242
    54 155 7 119 111 164 49 5 159 48 69 217 187 195 171 66 125 201 28 45
    144 29 117 211 90 230 48 127 200 157 49 142 53 95 131 205 36 125 225
    36 122 246 89 23 194 97 158 175 134 198 96 49 219 125 212 175 203
    149 191 91 43 190 223 219 111 95 213 234 175 216 197 137 166 253 79
    163 99 225 170 17 117 4 145 195 205 85 80 58 172 137 105 203 43 40
    61 124 183 205 193 208 45 208 162 122 128 248 95 94 47 76 69 107 179
    125 64 160 89 211 51 242 29 212 14 87 85 173 156 88 35 144 125 97 31
    227 47 20 118 163 222 153 58 104 134 185 239 71 10 165 40 97 241 91
    161 22 227 56 98 191 102 237 164 115 78 66 240 65 91 41 93 206 108
    226 247 171 11 245 239 180 79 139 154 121 134 64 207 3 69 42 242 114
    174 13 123 102 207 225 97 244 68 116 119 227 10 44 88 126 108 161
    131 107 118 197 169 238 249 123 74 74 33 178 144 86 118 69 179 108
    69 244 216 78 40 207 83 89 24 66 176 237 205 43 249 76 94 151 156
    163 52 181 109 141 128 101 208 137 65 195 9 125 120 197 134 51 158
    137 105 115 146 203 48 114 164 58 122 77 205 65 139 8 223 112 119 68
    8 171 122 180 137 111 75 150 12 220 206 228 58 135 223 71 221 194 45
    149 115 106 58 216 61 230 104 52 137 182 211 47 125 181 101 148 81
    94 76 17 108 72 75 115 19 220 76 33 8 108 150 6 79 4 234 227 78 18
    163 4 252 3 168 44 129 187 157 215 133 8 185 179 18 245 86 85 6 73
    225 99 16 139 69 33 115 152 73 75 50 9 101 115 224 161 208 144 42
    102 198 156 211 51 6 58 177 163 60 107 24 56 127 156 236 196 142 197
    105 243 144 155 111 86 53 128 255 61 174 6 108 115 220 106 190 185
    77 123 212 192 63 13 13 88 205 119 32 130 30 103 110 12 144 77 194
    28 128 191 19 230 20 85 55 220 42 40 24 47 224 240 91 150 211 24 137
    226 98 221 175 243 65 115 70 206 143 88 160 142 97 21 187 175 56 255
    192 251 236 95 109 49 91 80 147 105 133 134 39 54 35 138 172 191 92
    161 73 81 7 125 201 53 41 12 197 224 29 215 165 229 92 41 196 252
    164 182 253 231 137 44 3 245 121 242 6 91 113 1 105 15 61 6 189 96
    149 95 192 144 206 108 244 71 252 29 176 56 61 58 68 25 180 131 43 3
    4 27 110 213 173 138 206 115 152 212 60 237 233 216 75 204 205 63 61
    79 216 212 159 217 249 204 140 61 114 5 20 87 124 240 160 39 188 77
    62 108 64 118 48 186 3 135 86 134 161 123 225 139 89 45 130 144 217
    66 43 229 89 107 19 230 138 67 103 0 45 201 56 33 194 101 123 92 75
    60 33 112 167 204 192 19 126 137 129 230 68 195 100 18 232 124 181
    124 36 196 82 157 81 71 224 196 104 62 213 9 131 172 248 179 219 105
    51 152 127 74 92 183 11 132 66 203 63 56 45 32 220 154 37 246 66 51
    204 148 20 231 187 67 66 108 234 29 226 141 242 168 247 113 248 93
    38 199 100 183 98 108 109 80 129 43 37 195 20 129 3 250 145 26 54 0
    76 105 131 226 26 248 194 52 254 34 157 143 170 136 87 64 197 221 94
    58 134 147 87 161 0 240 12 130 226 41 198 193 211 196 170 240 140 60
    158 4 71 135 109 207 40 45 139 140 208 178 227 245 126 12 133 178 79
    174 122 126 255 115 193 124 242 78 209 189 178 247 60 178 96 71 11
    167 170 27 130 32 48 28 154 182 69 193 65 74 146 189 92 109 216 243
    222 129 55 250 54 247 123 47 98 68 95 228 49 107 84 181 244 248 67
    113 77 195 208 9 187 76 119 51 173 251 222 56 92 12 133 45 72 40 196
    156 35 148 25 209 79 42 235 3 201 193 193 212 58 22 198 169 252 173
    235 178 206 46 35 183 208 27 172 132 250 243 65 199 100 202 26 5 148
    206 37 255 106 133 188 209 70 1 119 149 132 174 192 199 128 40 112
    180 194 51 63 37 57 96 51 65 85 64 93 116 103 76 170 7 80 247 98 46
    4 121 160 121 10 162 8 164 43 197 103 197 61 79 243 163 76 23 150
    214 9 154 143 103 224 7 123 4 97 176 102 21 110 178 111 240 182 73
    48 36 120 0 86 115 251 41 42 68 11 148 126 228 216 194 0 57 103 87
    28 150 5 25 136 84 234 136 201 128 147 157 96 171 204 32 198 186 178
    51 208 66 190 9 12 254 150 24 201 74 139 136 161 3 172 106 215 38 39
    17 132 182 230 13 14 90 182 158 131 224 223 126 162 97 182 74 1 194
    199 228 104 37 134 46 172 215 38 132 248 105 93 15 78 101 207 141
    163 107 95 75 104 68 251 198 250 253 243 207 217 72 58 236 3 159 129
    179 108 83 94 18 156 10 152 7 59 171 62 230 239 172 140 141 182 230
    117 228 5 185 224 36 25 242 25 150 201 244 140 213 214 151 48 97 205
    29 93 19 169 148 219 15 225 41 111 233 249 74 73 113 246 181 127 82
    27 75 192 33 173 133 51 162 229 195 2 225 223 72 130 134 55 122 88
    116 216 143 176 160 158 171 128 165 35 163 25 33 81 137 49 227 81
    184 17 107 70 196 55 185 19 106 34 82 67 96 166 186 159 88 220 137
    158 87 1 37 150 30 129 28 99 170 171 6 77 21 154 151 229 143 172 94
    38 252 192 66 250 39 53 118 90 185 202 115 14 207 95 43 203 143 139
    179 223 172 19 49 209 165 155 199 118 131 58 115 197 249 185 140 7
    40 19 42 115 71 106 55 67 61 226 105 109 251 192 209 62 92 69 177
    161 119 10 78 77 5 50 45 171 114 161 77 156 65 143 131 241 131 163
    26 32 181 75 182 157 115 181 18 193 181 53 35 111 38 6 234 63 45 144
    164 190 8 146 60 103 60 108 173 221 168 171 129 224 218 144 193 191
    147 43 239 7 228 139 81 168 12 76 22 113 44 73 116 4 161 121 84 52
    132 196 70 161 4 132 253 25 87 49 85 7 188 153 5 193 241 13 12 177
    101 246 88 53 234 50 77 163 94 223 5 167 43 76 25 114 33 166 253 69
    114 2 235 27 228 59 13 71 233 22 220 156 221 105 178 221 172 166 103
    101 243 193 208 134 178 17 75 132 95 36 80 128 130 163 220 124 173
    17 69 221 194 64 48 197 77 64 61 19 232 219 108 154 223 104 11 18 71
    7 161 138 40 67 19 84 223 105 255 136 9 218 83 135 197 89 168 155
    232 109 0 162 173 164 142 225 2 221 236 180 249 112 240 216 29 247
    205 41 173 130 29 3 3 227 204 113 45 99 141 118 31 240 77 189 242
    176 126 27 125 223 128 196 29 156 226 181 95 208 233 254 20 113 120
    96 205 198 140 131 132 155 96 118 72 18 247 160 10 117 59 136 45 165
    34 106 122 47 105 77 94 224 105 249 127 46 26 66 221 64 30 32 178
    186 192 66 169 99 173 164 183 123 162 251 18 89 234 3 228 38 11 23
    98 175 97 172 41 66 26 178 59 193 220 195 195 230 147 103 233 198
    239 173 31 205 17 149 52 90 81 224 203 201 105 92 30 189 166 175 114
    90 165 75 166 163 210 66 16 129 184 112 217 212 218 68 133 225 145
    87 226 72 105 112 20 64 213 79 201 16 10 40 75 189 195 155 40 16 34
    44 95 74 120 54 210 145 162 37 237 236 61 222 22 183 220 171 153 173
    89 71 38 82 242 14 85 114 198 151 81 201 96 53 122 3 191 25 67 75
    151 30 244 68 120 58 130 49 19 65 78 250 220 75 106 238 98 243 76 41
    183 105 112 27 216 171 91 255 32 240 204 17 19 202 93 2 176 46 191
    144 161 84 33 150 144 157 3 25 229 77 24 56 39 76 175 178 170 125 74
    129 174 182 157 37 227 153 0 120 52 229 223 214 174 91 140 54 17 249
    31 89 32 200 165 208 225 59 43 217 45 157 139 178 108 50 231 15 235
    49 63 189 19 189 6 213 221 207 146 148 223 219 20 162 176 214 203 25
    183 201 120 200 69 129 198 143 99 98 32 204 146 7 25 41 245 171 199
    91 247 226 113 158 224 138 1 183 242 155 137 133 43 124 179 240 71
    218 26 136 90 117 88 28 61 26 248 229 205 83 86 150 115 215 59 88 21
    190 189 149 102 93 166 174 192 251 236 133 125 126 57 126 230 4 203
    228 128 22 212 241 56 180 89 222 188 8 124 228 7 0 27 2 168 112 90
    45 13 12 124 58 114 87 175 252 71 39 111 219 100 107 9 246 52 225 75
    99 146 243 111 243 245 17 201 142 66 45 40 5 179 110 198 90 184 190
    156 243 96 80 47 169 84 110 202 155 62 133 78 137 100 220 236 43 110
    88 61 242 21 84 66 173 76 208 45 95 199 174 14 250 168 187 110 153
    59 112 185 177 181 118 243 2 48 72 77 127 238 247 155 34 127 28 253
    185 234 227 184 82 253 165 77 54 46 235 179 103 183 164 244 69 96 45
    218 140 150 55 136 78 0 106 81 69 193 139 83 147 20 33 6 176 185 112
    209 81 225 119 254 208 47 217 2 90 114 236 84 99 96 94 24 176 34 173
    101 231 224 30 14 146 4 160 1 164 12 164 143 215 85 59 11 150 252
    182 85 247 34 162 160 136 96 194 47 59 53 41 38 34 6 7 221 204 193 4
    241 37 254 170 104 154 133 201 131 203 86 239 138 239 191 170 127 17
    47 112 79 3 112 145 5 14 226 196 59 1 132 244 175 154 18 206 28 36
    185 196 63 73 235 18 29 74 201 135 80 186 1 141 253 213 122 10 90
    201 140 51 26 67 173 60 170 211 26 69 194 225 147 20 247 240 213 191
    180 73 72 227 84 62 166 18 103 57 171 151 136 189 81 30 188 108 8
    195 204 164 11 224 212 199 131 44 121 139 219 25 247 236 116 159 203
    220 16 36 244 225 160 134 135 115 175 151 215 232 77 127 45 196 22
    66 191 15 71 189 173 229 244 7 186 148 129 217 28 244 16 109 53 192
    223 214 235 110 224 250 146 44 220 91 114 189 11 23 91 134 218 216
    226 132 60 73 168 250 167 185 133 133 219 236 46 89 249 140 205 148
    59 87 78 141 6 50 156 0 176 39 243 21 3 20 192 40 229 238 67 201 93
    14 233 235 164 43 183 187 241 79 40 173 100 63 212 52 67 19 84 70
    179 91 115 27 141 170 55 236 89 189 114 108 200 58 172 81 112 165
    215 107 77 216 41 33 17 214 206 181 85 175 52 93 239 27 21 50 55 162
    211 224 199 116 25 4 251 52 37 96 201 207 175 90 135 178 235 191 234
    243 104 180 87 223 30 19 81 182 238 156 133 22 78 218 69 108 171 180
    47 157 61 170 206 29 245 95 88 171 225 20 194 240 200 221 46 55 242
    162 72 133 48 4 235 10 43 24 220 88 204 242 28 59 236 151 101 55 108
    225 30 176 211 180 173 33 91 47 109 16 130 168 161 205 45 178 102 4
    86 226 100 27 242 172 230 28 36 219 2 112 229 26 190 100 70 28 205
    86 140 72 221 220 234 42 83 2 83 57 155 86 47 123 233 238 18 206 78
    204 236 89 224 130 73 181 188 102 207 14 91 209 228 224 217 244 167
    1 155 213 187 87 58 103 177 203 92 38 51 124 14 95 255 247 88 110
    158 222 79 35 1 79 25 136 4 151 7 166 146 169 168 249 25 140 24 198
    87 89 99 223 204 246 239 41 100 22 164 164 69 101 88 110 118 93 64
    226 40 61 179 117 121 59 229 145 158 229 221 165 164 67 211 105 160
    24 157 251 181 179 167 10 238 128 149 202 200 44 154 15 225 21 2 197
    38 22 11 234 104 92 100 112 203 132 52 148 161 190 89 220 49 72 144
    193 235 68 74 109 130 69 22 87 103 255 184 120 136 242 202 56 247 44
    65 152 132 241 202 182 168 81 116 130 49 5 185 157 29 35 204 243 182
    224 162 204 174 72 119 132 189 149 6 135 101 75 33 68 221 208 63 114
    57 191 183 228 119 159 241 179 153 226 46 220 137 165 155 101 151 98
    83 115 224 47 19 174 101 212 56 112 100 11 4 34 17 245 254 254 218
    124 230 118 81 79 37 135 76 104 193 207 25 120 226 182 252 41 232 72
    173 196 170 199 197 139 0 28 127 131 44 77 85 182 255 185 132 57 65
    169 173 17 164 145 2 176 242 184 236 166 68 225 0 175 168 192 192 30
    182 173 20 145 20 131 152 215 71 207 65 149 178 174 68 227 177 94
    200 110 250 244 99 114 171 201 151 4 219 41 237 152 13 130 204 41
    149 185 198 229 78 86 187 255 160 241 180 27 230 29 223 124 79 67
    191 111 68 62 8 230 41 175 127 203 241 163 225 5 65 175 219 18 42 7
    14 208 198 2 241 18 158 200 247 57 128 27 131 151 192 247 119 155 5
    116 171 2 224 45 142 100 95 44 2 54 11 27 34 72 216 201 222 133 239
    80 221 148 125 143 147 91 88 52 95 156 47 179 107 103 120 31 180 232
    201 147 6 34 177 157 135 215 221 103 213 68 39 68 228 175 74 134 158
    245 34 140 230 76 117 2 191 131 208 185 198 64 123 91 144 27 199 177
    25 209 149 146 116 189 66 3 173 176 144 125 250 67 182 241 26 152
    177 81 60 106 140 103 1 160 141 236 145 77 17 191 9 224 190 155 172
    77 151 121 251 5 78 151 83 251 9 44 198 246 186 104 179 200 42 26
    149 29 229 194 230 179 110 240 108 47 125 6 194 100 245 222 214 214
    149 93 157 20 206 160 86 217 104 127 65 52 62 238 45 76 47 172 219
    160 104 66 155 109 40 115 83 6 130 131 236 5 159 209 56 5 27 68 40
    209 32 112 158 173 13 141 63 112 74 3 151 236 153 26 59 144 219 20
    172 38 171 121 139 228 49 41 21 156 133 67 112 192 177 55 149 251
    102 7 137 111 253 148 71 239 236 5 213 53 189 22 185 120 95 172 188
    47 254 170 121 188 206 128 173 188 141 58 13 113 251 156 210 63 133
    1 85 40 203 83 135 232 236 28 194 216 167 17 85 40 44 253 112 107 92
    77 66 249 57 169 85 242 234 153 134 102 233 125 92 138 255 205 16 68
    58 133 62 104 75 196 61 123 181 12 222 14 28 216 163 99 205 15 72
    158 59 74 255 232 148 183 175 217 168 104 56 228 221 46 29 15 50 115
    245 93 98 217 24 111 45 111 68 189 113 83 121 59 46 30 90 246 127 58
    47 176 174 178 156 129 64 165 227 220 77 25 60 210 146 253 71 28 87
    164 171 148 180 206 23 4 254 197 84 44 156 9 91 81 233 205 166 10 74
    124 96 159 137 179 95 218 40 237 110 11 134 131 166 72 180 63 110
    116 135 101 176 130 41 206 71 135 237 38 90 0 252 58 21 144 224 45
    255 122 219 168 141 82 97 242 255 46 43 167 167 190 167 190 90 65
    124 166 64 17 40 140 204 4 110 216 195 152 68 86 18 140 158 55 243
    62 114 184 184 203 138 126 164 117 88 179 223 206 4 133 212 107 251
    172 85 202 174 102 147 43 188 101 126 77 243 66 205 59 34 57 219 227
    213 8 4 231 196 129 242 246 148 249 232 28 182 14 130 244 104 207
    151 227 233 218 213 80 112 19 13 80 89 66 250 197 126 127 246 92 96
    42 236 36 227 151 98 141 82 165 65 19 78 176 199 203 206 105 217 52
    210 179 182 131 167 240 154 176 164 150 240 81 254 33 69 219 195 233
    207 9 100 206 35 13 84 148 86 16 30 56 40 12 126 182 127 246 226 211
    91 9 105 110 45 228 149 49 99 104 60 17 252 216 44 209 128 183 100
    26 42 232 60 238 103 106 23 200 22 251 110 189 28 139 225 45 239 173
    49 23 91 19 131 160 64 209 125 247 154 165 60 109 112 48 78 153 253
    0 71 15 92 149 20 249 239 250 4 161 116 215 150 113 37 248 230 198
    59 65 61 110 124 93 4 245 194 61 189 206 1 85 157 82 108 57 190 189
    63 225 83 11 79 108 226 15 82 216 39 105 254 112 203 63 248 70 31
    111 229 142 143 100 98 244 250 223 125 106 241 65 10 18 146 21 122
    197 22 181 136 189 50 191 71 229 89 43 215 232 14 99 104 15 147 97
    158 202 90 153 9 164 103 101 79 208 104 181 187 50 109 204 20 193
    209 138 227 173 4 52 61 38 232 16 29 127 79 35 217 66 203 143 215 72
    111 6 207 128 221 9 135 123 165 76 98 14 6 53 223 191 61 46 166 186
    232 34 114 193 246 72 12 190 90 115 210 44 191 68 69 110 87 133 194
    54 180 66 129 224 66 55 62 193 220 125 191 254 50 29 175 213 143 15
    120 167 162 117 28 36 189 4 222 239 80 201 8 160 38 70 124 153 149
    146 133 188 189 189 104 4 49 148 76 15 122 36 45 129 25 219 161 185
    101 241 119 120 216 63 231 10 106 12 179 69 30 51 116 191 57 79 71
    82 105 28 27 59 59 43 172 208 93 103 71 192 156 117 0 114 48 180 88
    109 7 70 130 217 246 114 237 77 168 174 49 76 132 29 101 55 15 50
    188 177 126 109 30 200 125 83 228 67 221 160 6 89 248 191 176 250
    152 222 128 249 99 198 158 143 191 167 59 175 73 202 121 197 212 79
    224 249 157 251 76 70 87 183 65 122 75 202 12 219 2 215 189 103 241
    204 120 37 143 204 225 121 89 152 116 24 93 74 144 55 96 224 254 116
    203 109 59 144 71 172 48 188 143 120 220 229 67 194 234 38 152 254
    174 227 245 200 111 158 91 127 41 20 10 176 231 238 199 239 35 4 193
    236 197 192 69 185 204 81 86 100 143 136 222 193 227 25 254 37 237
    96 204 194 145 1 162 60 56 92 132 156 8 55 105 121 198 56 35 81 233
    198 202 8 41 22 221 188 153 86 210 20 235 125 128 102 228 183 188
    106 42 54 254 170 133 155 183 104 97 29 220 219 37 117 96 78 34 143
    96 222 223 150 126 124 42 188 207 209 29 13 241 254 181 235 20 75
    186 216 187 86 206 64 187 214 200 165 45 164 191 99 87 109 208 161
    50 68 144 125 197 250 57 135 215 211 123 188 234 17 205 44 193 209
    76 221 177 149 14 28 162 130 157 225 201 211 190 234 114 116 154 168
    102 159 193 76 8 12 206 141 19 36 26 57 247 121 40 41 31 191 231 197
    63 219 128 146 52 111 60 74 209 142 58 145 124 84 240 54 203 240 103
    141 44 85 105 215 69 12 1 69 119 138 167 199 125 135 74 53 126 95
    173 24 35 218 98 198 22 31 195 168 65 155 111 195 246 2 12 156 22
    194 171 133 14 93 128 79 141 137 17 183 0 240 171 173 100 177 13 8
    233 42 40 204 111 10 80 209 197 203 115 0 123 130 199 148 225 243
    245 59 217 166 144 1 118 140 184 129 114 163 21 82 32 95 230 185 171
    96 66 18 114 27 84 136 128 251 168 28 7 143 143 224 150 23 111 96
    159 154 34 178 181 6 202 201 74 227 196 173 44 44 122 80 150 128 48
    139 218 79 147 116 222 223 65 227 97 43 211 242 202 74 69 167 211
    187 207 87 118 122 225 6 169 102 91 63 99 128 136 212 82 136 200 212
    100 229 211 166 163 149 239 151 71 118 29 243 121 203 178 90 157 122
    51 230 86 43 4 131 222 209 80 148 94 135 255 64 64 168 73 75 171 245
    184 19 237 184 81 178 101 240 39 191 48 197 76 151 138 73 111 89 216
    18 119 227 170 56 210 40 51 161 137 98 106 199 217 77 75 130 67 101
    211 87 249 19 65 128 211 155 181 164 57 124 166 231 152 156 74 216
    222 137 131 247 105 18 212 88 202 9 67 171 72 240 64 12 13 148 64 31
    1 193 219 68 114 57 198 65 37 68 201 15 83 73 26 80 229 216 29 206
    111 84 19 30 138 44 153 189 148 71 85 103 249 92 74 185 8 32 87 124
    93 67 112 226 53 201 229 102 143 45 105 153 221 41 179 204 0 250 86
    66 215 3 148 134 168 250 129 249 197 120 219 244 8 153 181 242 12 80
    175 11 79 201 29 127 76 36 201 153 126 35 221 212 20 12 128 54 240
    35 3 205 172 193 238 197 158 226 90 32 32 66 2 254 171 3 233 48 144
    90 235 138 114 17 21 106 217 41 86 140 154 58 210 184 13 16 220 168
    132 19 58 241 48 206 11 51 102 155 238 182 98 151 4 171 220 65 59 87
    138 113 195 77 134 206 23 148 104 122 46 236 72 187 90 162 52 170
    183 41 154 218 58 136 61 89 48 57 87 210 131 128 223 219 91 66 163
    89 30 190 165 244 79 97 77 215 178 125 85 189 143 4 137 164 164 45
    232 200 50 174 161 93 8 207 206 63 20 254 231 133 236 205 29 23 65
    53 186 60 78 208 71 139 244 185 113 68 226 173 118 81 112 79 222 16
    140 142 246 252 168 63 145 255 49 241 239 134 51 92 136 218 230 45
    98 224 103 242 25 171 117 248 176 0 251 115 181 153 81 53 97 224 163
    63 103 135 191 63 87 162 231 230 93 80 14 18 60 172 111 252 180 68
    62 160 6 251 22 148 28 32 215 221 56 3 81 114 15 29 80 173 222 184
    233 221 150 152 81 68 82 85 77 237 136 1 114 222 205 83 161 205 155
    18 222 122 126 222 106 49 34 249 94 138 73 165 87 145 26 244 124 125
    239 123 158 8 28 99 159 33 126 93 205 127 42 28 239 169 44 202 171
    167 148 125 206 0 200 19 165 204 152 90 25 116 229 232 224 168 221
    246 201 43 239 205 129 76 33 247 252 143 84 27 195 134 165 67 125 92
    18 212 86 14 216 126 133 29 204 38 84 76 31 10 31 207 8 206 197 231
    226 126 56 201 196 93 165 191 83 3 21 38 235 224 95 144 78 115 124
    222 98 76 166 77 59 136 230 235 68 119 129 87 160 177 171 154 129
    230 160 123 52 132 40 85 194 193 99 95 145 237 37 63 210 156 137 109
    28 183 239 195 65 106 73 245 184 6 245 212 21 70 79 232 4 245 223 32
    111 111 194 241 135 96 226 182 154 50 213 35 254 29 36 46 70 206 67
    89 135 138 99 117 82 104 62 74 80 72 203 150 68 154 150 20 19 151
    128 116 55 62 22 241 55 30 112 13 42 177 98 131 180 26 188 162 198
    202 96 139 218 2 187 52 178 177 54 204 35 0 203 126 249 22 160 43
    223 61 94 247 61 139 202 135 54 147 165 237 96 120 93 94 12 18 71 91
    152 66 55 121 57 213 212 22 60 235 87 89 29 58 79 151 55 199 87 72
    123 68 187 166 98 48 56 55 194 124 180 92 164 0 150 68 140 63 93 18
    138 235 45 77 1 115 166 126 96 121 16 225 30 121 5 131 225 4 175 244
    40 242 37 232 5 16 63 3 240 204 1 46 172 182 136 112 126 201 236 4
    17 231 77 214 9 53 92 217 70 21 36 187 229 11 164 34 214 80 214 69
    168 105 227 241 161 1 207 104 48 134 230 110 242 74 88 102 21 75 135
    113 191 237 187 246 105 83 96 72 31 3 31 66 185 88 59 166 118 108 70
    191 121 133 238 86 33 151 49 109 236 65 205 238 18 235 121 247 118
    29 171 1 21 43 25 189 30 252 109 18 66 167 140 19 4 43 74 83 93 83
    121 120 199 177 161 140 255 67 221 2 98 187 16 250 66 71 3 77 247
    110 107 178 72 25 147 101 198 21 66 128 185 18 58 31 52 13 105 253
    138 157 73 68 18 9 127 141 219 137 30 149 88 45 156 64 49 79 229 228
    69 86 75 210 101 223 63 74 107 214 170 55 10 4 237 241 175 78 67 0
    172 66 185 217 156 99 154 46 129 153 18 253 143 252 6 0 199 216 138
    88 44 51 65 72 37 114 6 151 4 210 144 153 191 99 79 34 247 19 152 51
    23 180 183 38 160 7 131 89 230 184 252 48 63 68 199 76 186 251 46 18
    31 208 104 78 171 34 215 233 108 111 237 208 54 110 179 233 79 239
    132 190 108 150 205 40 121 152 135 118 212 3 155 246 54 215 165 88
    95 133 33 206 78 142 58 52 63 60 103 12 240 95 123 118 241 163 2 127
    141 117 180 62 29 32 95 61 174 208 19 107 15 202 206 254 11 103 190
    149 164 178 21 118 5 238 127 104 71 125 200 107 68 40 22 192 14 200
    176 67 82 65 252 135 179 71 239 161 245 16 254 108 144 78 206 163
    190 222 145 109 172 152 112 48 202 235 4 12 62 102 15 69 180 182 13
    236 149 195 116 31 131 254 196 192 126 129 220 94 137 90 161 163 195
    158 4 38 86 112 61 222 1 137 223 138 246 72 120 101 18 235 30 70 62
    203 240 93 226 58 66 34 82 58 18 188 204 161 170 80 182 111 208 74
    13 5 91 163 247 171 65 179 35 220 66 158 120 35 47 204 160 191 142
    200 52 149 14 248 99 226 140 46 247 172 245 219 164 72 105 159 133
    184 220 134 38 27 75 123 187 248 143 221 201 81 100 42 245 65 221 34
    228 0 141 169 189 46 197 96 138 126 180 69 162 74 201 183 76 173 47
    151 232 170 205 79 43 4 212 8 188 202 220 81 249 50 218 161 33 114
    229 198 251 172 43 43 200 88 62 14 215 207 217 109 66 48 155 1 6 157
    125 78 204 48 170 26 93 235 213 201 26 162 30 186 192 152 1 246 20
    250 221 133 83 246 219 235 236 231 22 207 57 208 96 138 168 164 38
    23 164 115 183 164 98 27 178 204 185 120 100 44 199 123 162 74 160
    29 60 41 5 235 141 110 164 143 165 9 199 227 148 11 103 161 58 231
    205 61 73 64 64 190 111 131 68 13 7 105 79 156 152 119 78 126 178 21
    76 141 252 248 165 50 64 223 205 24 37 204 61 183 250 220 132 59 161
    140 220 247 21 52 86 198 56 47 8 47 151 30 177 159 218 41 132 184
    132 16 218 104 156 105 81 16 83 170 22 162 230 168 0 123 69 162 31
    13 17 30 63 253 185 164 0 56 220 211 212 38 255 215 176 75 153 215
    216 173 6 166 234 193 104 217 183 207 92 2 89 50 208 52 117 225 203
    49 3 210 40 209 247 51 214 187 15 226 18 9 80 166 255 135 71 249 201
    163 106 135 164 37 179 127 181 186 58 235 6 117 223 172 144 7 145
    171 221 66 170 205 6 14 68 19 122 187 254 28 142 51 40 10 18 225 145
    77 120 54 4 79 162 15 251 169 179 231 87 208 174 147 235 51 126 205
    42 211 12 211 126 161 196 162 75 183 204 0 189 243 44 148 163 32 77
    64 224 139 111 214 57 186 237 45 36 121 69 150 21 83 245 152 104 224
    153 52 25 132 182 29 151 235 95 171 71 196 211 40 232 122 213 56 30
    199 141 237 194 66 9 99 68 204 71 183 236 196 145 113 173 228 167
    150 86 43 178 28 126 230 249 145 218 111 187 60 199 232 199 31 193
    170 177 216 136 214 73 72 73 190 114 190 209 23 34 162 107 17 168
    145 94 59 219 61 66 141 230 107 249 188 219 78 13 189 146 48 41 207
    130 15 166 32 106 19 93 8 170 180 227 232 150 9 181 85 3 163 135 233
    29 33 48 236 198 186 71 247 8 249 202 17 146 137 254 40 202 222 83
    101 169 141 229 15 69 58 153 91 146 70 234 19 76 86 50 135 177 165
    90 175 52 41 71 169 177 243 141 79 213 209 126 21 28 200 169 42 229
    210 192 198 22 214 208 60 130 225 24 227 101 115 37 40 99 230 41 39
    104 129 6 125 182 143 222 36 113 65 76 169 171 253 216 208 86 212
    211 203 76 121 19 61 168 206 6 42 126 7 193 28 14 5 51 214 110 186
    70 3 158 72 164 187 115 68 143 206 220 193 83 111 19 150 175 90 58
    234 134 52 242 33 16 102 226 157 63 55 43 119 33 240 168 151 140 131
    36 197 87 125 209 100 23 186 60 211 225 17 195 49 187 215 190 140
    226 9 40 188 59 131 124 188 134 81 151 173 237 75 49 227 161 48 242
    223 222 43 51 52 6 163 194 136 133 47 190 189 238 180 39 4 139 84 22
    83 22 141 205 91 102 57 147 108 195 139 18 118 117 96 12 127 53 55
    19 71 182 25 88 158 209 153 24 42 3 99 109 20 120 72 31 136 109 67
    150 147 210 203 196 147 153 72 78 8 7 61 20 62 21 252 42 21 240 241
    135 16 89 37 118 86 180 170 253 137 188 35 16 51 134 1 135 173 148
    40 91 94 157 146 242 244 97 29 79 232 71 77 218 203 148 163 40 16 60
    148 242 191 16 93 60 249 46 89 107 53 59 118 176 13 201 167 239 58
    28 159 252 10 106 205 112 160 178 118 149 43 199 121 32 194 103 76
    153 14 23 88 33 44 74 117 47 162 129 109 55 104 22 76 136 9 231 250
    56 131 246 135 88 185 117 34 211 190 198 63 25 161 230 216 107 73 78
    196 233 95 29 125 112 76 240 79 236 187 213 213 84 48 158 46 168 95
    230 18 89 126 138 75 38 53 128 228 48 164 42 175 80 193 141 26 114
    43 216 151 226 174 12 194 219 61 253 8 43 113 225 101 103 154 222
    179 140 124 140 70 106 48 135 10 170 114 128 143 226 202 103 57 9 74
    73 202 165 34 96 102 118 63 235 79 112 151 11 106 170 233 19 178 57
    91 207 63 98 253 22 6 235 120 225 169 168 97 78 68 233 69 232 103
    108 174 175 16 78 82 167 136 181 179 189 236 216 241 246 177 205 94
    230 28 235 69 175 208 228 239 189 231 129 2 170 52 213 93 20 68 246
    197 145 43 220 115 206 92 25 156 66 68 237 190 29 105 71 138 131 114
    184 179 4 141 209 245 2 61 251 229 91 6 70 6 118 197 154 234 109 188
    135 242 101 137 126 209 183 248 29 177 112 240 137 202 55 152 175
    152 96 254 169 96 126 249 178 177 148 22 56 251 68 127 169 27 134
    206 46 198 240 239 126 149 162 153 253 57 216 162 39 166 29 237 233
    92 236 3 24 43 112 10 162 233 193 167 183 5 234 3 26 98 16 250 168
    144 197 114 95 104 126 46 223 159 249 217 234 115 138 153 198 208 49
    148 128 222 76 211 215 36 65 76 156 94 154 81 81 3 244 148 96 52 225
    198 163 112 30 80 120 216 183 71 75 48 30 185 159 191 219 183 10 14
    84 13 60 210 118 221 201 36 162 131 111 28 200 116 205 180 198 249
    250 28 96 33 115 39 178 188 33 99 225 129 89 241 61 80 57 89 154 49
    82 103 95 27 208 141 246 3 73 45 52 1 113 212 91 26 151 215 183 75
    127 77 70 125 89 252 100 120 81 102 234 140 14 246 103 65 222 253 78
    104 237 172 81 104 52 149 100 229 255 66 230 14 92 120 26 4 238 8
    171 50 255 11 175 229 77 81 93 215 144 102 195 248 171 107 147 214
    93 57 181 124 59 38 58 250 184 191 129 76 87 239 35 139 168 161 143
    205 24 140 101 162 106 203 98 30 173 133 22 193 226 90 157 219 145
    147 38 119 101 167 56 48 126 120 88 72 175 65 210 239 82 220 213 165
    91 98 75 191 199 69 48 157 157 19 88 124 108 42 23 111 0 137 119 213
    198 76 96 179 116 57 46 195 0 207 131 177 139 49 120 150 19 85 51
    225 135 93 126 143 114 89 181 31 172 134 224 92 68 79 237 87 78 230
    184 240 64 211 190 122 61 186 84 125 123 30 95 13 144 222 78 112 188
    214 141 53 207 77 193 86 188 193 131 6 219 3 118 86 46 24 80 37 6
    120 164 69 206 214 127 208 188 160 74 69 143 115 134 9 121 68 83 153
    114 19 191 75 152 121 184 167 26 100 22 90 24 52 160 162 70 80 171
    183 138 171 169 155 95 129 8 75 222 179 176 173 31 178 218 186 35 34
    124 101 8 255 219 251 49 112 153 207 141 208 171 122 69 184 95 240
    120 179 239 15 192 169 100 165 132 9 72 57 92 227 92 240 179 109 189
    154 24 2 245 156 177 47 87 59 246 134 156 213 57 143 99 160 33 42
    114 10 151 145 103 128 217 67 163 55 174 177 136 182 58 43 211 125
    166 188 62 24 2 74 69 236 166 113 84 68 163 66 55 0 175 92 77 241 18
    226 35 175 225 123 64 180 98 250 161 24 113 199 16 215 93 129 122
    136 44 134 64 115 253 185 148 157 84 38 194 248 5 20 227 51 88 100
    17 142 202 199 116 106 87 242 76 182 222 153 93 51 231 138 146 210
    253 38 25 14 249 118 132 195 36 204 33 106 230 161 184 17 32 74 87
    38 98 133 34 144 243 41 58 227 246 189 16 165 120 41 0 216 177 29
    164 148 177 63 233 221 146 186 112 147 168 167 172 139 22 59 230 202
    205 168 179 87 103 37 128 206 177 13 221 240 146 65 188 131 141 206
    53 111 83 150 108 19 155 161 164 146 235 65 232 100 251 63 153 49
    220 140 89 124 122 82 53 119 94 241 149 59 208 243 237 57 231 248
    140 2 48 234 200 222 173 232 178 138 66 202 148 77 172 21 197 206 73
    182 163 139 87 121 92 32 77 142 91 178 213 238 239 27 181 142 27 172
    75 236 229 242 138 139 182 220 218 178 152 41 2 200 206 182 3 208 64
    108 124 222 251 20 48 60 94 130 130 27 30 237 2 235 57 27 223 212
    146 33 42 103 86 157 251 211 41 195 224 1 244 183 231 138 162 191 14
    176 75 1 64 52 81 239 46 111 98 157 251 13 59 11 160 240 25 120 172
    67 85 251 171 6 75 134 116 56 80 130 105 255 188 227 242 143 92 13
    128 176 173 10 102 95 127 18 216 19 83 79 91 71 3 110 233 25 10 149
    152 136 111 61 47 206 28 246 96 125 0 66 203 221 201 141 11 252 157
    23 211 195 215 60 109 36 252 128 153 169 194 85 55 254 235 18 136 3
    58 43 251 8 115 208 57 82 167 40 225 78 127 137 89 64 69 35 106 78
    211 187 42 224 221 43 69 53 212 20 110 145 104 255 46 244 151 216 57
    222 91 216 247 142 150 180 61 172 194 143 204 226 87 16 90 239 191
    155 45 87 14 118 30 79 97 203 211 208 66 142 132 97 131 246 239 206
    71 217 129 210 177 165 61 121 204 213 44 158 143 251 51 55 238 185
    227 75 37 84 230 142 247 254 59 126 33 254 76 179 227 16 209 195 94
    109 110 61 61 164 160 210 70 49 95 24 220 196 63 128 47 5 101 85 218
    232 225 177 111 104 84 32 83 230 126 207 177 222 205 99 139 117 238
    145 112 126 194 224 98 100 145 41 34 227 145 87 112 41 54 212 48 241
    158 67 114 255 19 196 97 200 49 243 7 67 114 198 186 196 239 34 24
    113 167 112 10 160 15 94 189 56 52 55 168 187 180 195 188 142 129
    173 83 210 77 223 134 200 13 164 135 85 154 190 100 133 105 148 123
    150 37 7 106 106 217 144 239 84 169 163 247 58 189 219 234 98 175 44
    216 20 198 110 182 80 73 122 231 218 72 185 144 47 238 134 76 0 207
    73 221 141 191 36 107 208 77 204 247 47 155 40 190 92 131 117 202
    125 33 110 134 98 158 87 241 97 15 38 188 39 192 86 188 148 11 191
    175 36 92 255 174 161 28 228 205 24 23 77 239 118 37 129 223 136 7
    160 28 219 86 94 116 79 51 237 170 118 194 100 237 161 250 25 1 85
    170 29 231 239 246 3 196 14 9 149 93 147 36 217 210 101 211 140 248
    98 225 145 213 110 171 255 25 42 112 116 114 177 189 120 227 129 255
    158 41 133 40 89 210 242 89 62 171 6 142 192 43 247 171 250 149 140
    155 129 144 197 48 27 61 47 109 136 75 106 233 95 87 181 249 87 235
    152 76 70 87 138 69 253 149 168 203 96 239 72 107 84 56 137 19 162
    231 217 120 57 119 230 0 0 184 83 45 144 172 76 110 3 193 30 25 212
    73 138 178 140 225 123 23 24 32 166 161 2 92 148 203 150 83 159 132
    67 103 224 114 28 33 203 22 204 244 6 39 218 224 62 43 121 125 231
    172 193 80 71 137 243 219 45 112 98 164 197 43 151 133 48 245 183
    234 41 170 92 167 52 212 31 219 109 155 101 25 112 80 99 245 198 44
    45 98 8 74 195 16 202 14 110 132 39 8 252 31 43 207 3 1 250 203 220
    69 202 150 3 129 219 51 233 124 109 35 42 120 53 97 76 198 63 222 36
    1 37 35 47 199 67 174 165 129 82 179 128 174 243 81 70 165 100 15
    117 226 138 81 103 103 184 6 33 155 156 28 113 32 191 217 77 195 144
    250 181 121 72 64 213 7 107 200 238 205 246 187 194 100 50 201 135
    151 242 202 31 195 102 147 56 223 230 80 135 108 15 47 162 34 63 153
    119 152 92 10 6 21 120 152 187 104 88 107 53 125 211 227 208 156 209
    63 155 218 241 129 62 88 4 205 252 228 143 245 182 94 255 125 90 72
    132 58 220 55 122 233 224 229 66 122 68 208 10 26 29 131 65 202 160
    66 167 177 162 5 206 200 195 227 93 131 118 156 117 40 47 58 135 96
    1 103 149 17 7 80 133 37 161 235 237 143 35 231 107 186 221 175 200
    87 57 6 3 30 242 111 173 108 214 81 185 106 136 225 239 178 124 91
    140 105 150 55 229 183 220 72 183 55 255 130 205 206 52 21 120 8 132
    59 58 37 135 204 252 134 169 211 74 74 44 242 67 40 236 91 45 90 31
    166 113 118 79 191 193 212 206 114 217 75 94 133 230 172 191 254 67
    18 72 241 214 98 102 169 34 46 220 194 207 20 20 177 89 105 187 18
    22 213 173 5 73 6 198 68 65 72 163 141 247 210 1 176 159 2 202 80 32
    240 181 158 194 116 47 245 95 34 167 51 91 195 245 17 248 133 161 43
    94 171 144 116 21 83 93 230 135 96 250 81 217 108 184 111 82 5 50 0
    66 62 135 133 30 118 202 198 108 75 116 178 96 17 15 226 121 166 251
    155 185 221 50 116 198 156 132 149 0 190 54 245 90 233 154 18 235
    170 58 45 144 59 67 62 35 12 245 194 179 142 65 130 122 117 217 179
    136 135 66 182 54 21 226 161 74 74 16 250 180 158 142 166 192 129
    187 9 200 184 67 116 107 158 194 253 212 245 240 65 209 244 185 151
    31 37 81 206 214 38 73 46 28 248 155 191 160 216 208 40 30 224 28
    101 55 200 194 124 124 25 159 34 1 137 145 191 70 112 124 148 98 224
    69 23 170 250 155 166 54 253 110 74 200 33 28 22 57 157 143 22 110
    233 224 105 173 94 1 53 52 179 233 228 151 143 160 254 146 20 241
    133 212 218 55 237 91 62 221 153 16 121 47 248 1 88 208 237 4 68 22
    109 176 235 196 98 115 217 238 236 124 48 128 234 240 229 7 176 157
    10 177 231 238 93 91 227 200 149 35 197 64 0 1 239 160 11 14 136 52
    122 47 131 99 45 216 114 176 136 146 168 121 66 67 211 107 21 148
    122 220 174 67 200 53 183 69 158 153 206 208 84 217 246 46 185 209
    215 241 174 127 154 234 163 59 192 207 215 31 47 237 218 13 134 100
    184 57 62 67 125 42 131 134 32 238 133 200 186 12 162 188 124 210
    121 29 8 222 151 230 154 20 89 61 177 147 244 249 135 180 183 100 61
    21 153 33 114 82 223 54 179 236 61 92 12 102 55 106 178 116 7 169
    137 92 57 11 161 171 166 192 100 80 99 58 184 249 100 19 25 148 106
    187 62 19 101 70 160 97 99 88 0 9 70 45 58 131 237 102 188 156 51
    134 189 102 180 73 215 84 109 135 214 120 118 2 217 236 88 121 165
    140 219 164 184 126 62 66 63 157 151 208 58 115 121 194 155 116 218
    229 206 77 91 12 178 62 62 95 148 203 118 180 174 17 38 211 16 191
    36 145 207 207 3 51 96 180 51 176 189 126 222 117 3 194 20 153 64
    119 224 26 200 107 20 200 249 168 194 22 146 55 63 186 27 216 61 26
    30 164 134 13 130 252 107 37 111 235 249 89 1 0 106 198 109 198 163
    13 28 184 92 11 231 13 240 200 151 130 158 237 45 205 180 194 52 207
    231 130 158 144 202 220 151 186 169 27 68 150 13 193 227 112 51 193
    119 40 188 219 105 69 162 81 158 0 26 147 238 137 76 83 52 10 140
    234 182 71 253 132 50 236 219 253 52 219 50 8 46 148 185 68 215 223
    210 130 52 175 90 73 98 161 244 235 64 55 55 192 83 81 21 90 184 91
    26 233 17 178 34 118 47 200 113 52 149 219 251 74 10 105 71 232 25
    134 149 130 43 153 24 6 232 203 103 152 219 5 234 11 152 53 23 36
    208 136 151 222 183 51 3 154 23 180 2 27 95 42 194 72 74 179 138 125
    222 187 132 160 15 164 53 95 89 138 227 249 113 92 158 97 28 157 16
    56 99 140 245 197 216 190 156 91 115 224 11 41 100 197 102 47 37 13
    195 51 76 30 198 181 186 88 90 254 177 84 226 149 129 66 205 167 197
    218 211 213 141 31 20 153 77 240 9 238 191 143 181 115 202 11 132 10
    152 29 162 128 236 117 97 74 140 197 57 186 119 176 59 35 73 253 113
    223 31 172 136 254 19 119 53 8 152 108 163 171 160 217 190 232 17 49
    110 26 128 1 41 18 225 217 79 9 92 190 91 230 234 172 222 123 63 41
    137 16 178 92 238 86 16 109 255 226 182 226 99 80 113 227 124 187
    185 64 153 93 212 122 90 199 232 107 248 187 113 242 215 120 206 94
    71 19 207 124 84 180 243 214 51 9 245 221 209 100 31 234 63 25 226
    103 110 187 33 160 150 157 155 97 175 125 55 177 142 129 125 54 133
    156 204 199 171 159 23 128 245 13 128 216 158 228 231 61 247 176 75
    61 36 104 53 187 46 126 168 179 64 207 60 128 181 142 125 53 108 59
    253 151 15 247 81 81 69 103 210 199 170 65 254 188 196 156 238 79
    245 6 115 145 21 247 252 133 35 56 165 194 209 246 180 185 130 183
    179 46 144 187 15 32 178 173 223 43 238 204 205 132 149 152 103 239
    94 213 128 207 153 82 213 103 169 148 37 226 73 135 60 16 155 234
    241 232 74 195 16 155 209 71 71 43 120 67 92 252 139 207 49 142 32
    186 33 129 148 27 15 110 89 245 229 202 125 227 125 222 166 60 104
    56 236 155 33 24 115 77 99 38 38 8 136 117 205 183 10 41 217 86 235
    4 13 219 250 242 117 201 122 5 131 75 30 138 158 234 239 158 54 208
    235 79 237 201 36 120 234 197 89 130 74 156 34 168 36 247 103 152 96
    188 137 125 183 239 164 26 26 166 234 146 35 236 162 165 220 115 195
    12 135 114 51 89 141 47 230 100 160 79 148 151 255 245 205 64 61 110
    235 82 115 119 174 192 77 190 183 28 52 239 144 85 183 144 207 189
    165 3 21 231 38 7 230 156 150 140 47 136 24 48 73 54 133 241 108 6
    205 53 7 222 70 130 196 81 134 30 150 230 110 160 239 177 4 84 19
    137 98 6 199 13 2 208 72 136 146 29 35 169 218 229 228 106 61 46 126
    22 189 155 122 141 238 250 86 114 19 166 51 244 120 104 203 56 194
    252 174 195 208 2 102 171 192 132 4 20 164 178 248 216 221 187 145
    144 213 115 33 39 28 223 181 220 173 163 56 34 10 34 28 243 33 138
    232 145 61 155 94 130 223 13 59 135 209 181 248 14 116 158 152 125
    170 177 77 90 74 161 94 117 15 139 217 230 135 247 199 87 213 199
    157 84 73 161 251 44 1 85 56 204 156 156 240 209 79 149 99 176 60
    117 167 120 188 237 176 29 206 22 29 171 97 78 113 56 61 31 138 237
    8 141 56 176 118 57 16 28 84 75 199 125 204 23 205 0 166 7 99 77 82
    96 116 4 236 145 4 157 228 206 1 116 35 143 115 157 30 154 249 104
    48 142 106 54 55 233 193 56 43 20 17 22 73 82 22 77 33 116 14 178 81
    2 89 98 27 129 248 249 64 16 166 42 111 4 236 212 114 136 155 95 52
    199 94 180 122 60 63 117 217 4 202 201 252 101 221 220 82 27 200 59
    239 241 188 183 45 136 186 138 182 65 50 91 155 0 177 1 93 59 186 42
    111 44 194 101 52 167 132 177 58 241 80 36 145 80 221 241 82 160 179
    119 73 66 188 242 173 120 7 197 53 24 235 203 10 119 166 237 150 193
    189 105 22 173 164 93 1 71 82 166 120 224 185 28 17 16 226 31 250 97
    21 51 76 102 42 175 232 191 116 59 93 169 186 28 71 103 84 78 229
    110 13 191 203 7 1 58 112 185 189 246 158 234 238 92 246 39 55 194
    165 39 68 106 222 224 238 215 246 248 248 157 198 188 239 217 77 64
    72 23 50 127 249 23 9 16 209 63 63 190 212 24 34 32 69 85 151 165
    146 0 7 241 156 22 0 84 158 172 221 234 152 186 192 194 147 248 216
    50 72 124 162 53 176 122 111 117 2 139 31 152 204 70 92 187 63 225
    179 160 61 242 82 3 8 26 196 133 174 73 235 58 6 67 56 126 79 118
    186 55 177 237 223 104 249 42 68 222 171 222 65 60 19 230 76 31 250
    16 22 55 175 150 77 43 6 148 201 132 14 253 149 139 236 116 238 203
    71 178 247 27 159 235 216 78 178 146 215 22 25 59 106 24 250 119 78
    226 154 82 169 253 26 213 232 194 215 55 226 62 140 36 89 179 144 73
    12 86 90 83 72 101 24 69 166 243 170 31 86 116 193 97 183 64 107 177
    70 233 11 252 117 3 243 87 255 83 9 144 36 23 227 68 204 134 90 160
    236 52 171 84 30 188 186 197 84 197 135 157 248 12 7 88 53 242 20 52
    109 149 227 106 51 45 1 192 27 109 186 227 105 98 79 185 199 111 212
    188 86 28 50 133 250 234 48 149 20 98 119 67 44 229 47 225 54 83 191
    152 6 74 79 153 6 97 82 66 197 225 225 183 158 58 237 48 157 190 33
    214 58 23 29 154 17 12 10 252 242 98 176 192 31 151 29 123 5 122 20
    52 130 217 154 74 121 128 168 117 104 75 99 224 129 136 186 234 85
    248 105 183 70 101 182 125 88 25 96 224 17 216 29 228 171 170 124
    241 151 48 41 42 87 219 187 186 235 141 116 92 35 165 88 249 77 202
    151 234 67 75 232 47 182 251 39 5 185 28 38 26 232 172 31 17 98 222
    141 81 192 130 67 199 101 252 136 96 80 168 10 117 177 30 206 250
    222 243 249 248 40 40 234 105 165 211 244 67 243 35 185 169 16 97
    213 188 172 91 100 236 80 144 208 241 21 84 224 2 129 83 240 208 208
    45 55 161 254 198 171 51 65 95 129 23 148 15 254 141 253 253 41 24
    110 10 209 81 8 156 179 65 131 244 169 123 228 121 37 226 113 50 161
    170 53 248 232 189 158 153 151 149 109 208 94 14 66 50 49 174 98 229
    136 48 3 166 22 226 204 71 227 136 213 157 22 100 196 155 20 92 216
    146 85 39 8 8 148 93 216 11 0 199 217 145 123 79 243 238 154 193 241
    177 85 253 236 45 54 7 179 205 157 30 155 135 193 70 1 177 213 63
    104 77 168 237 209 15 1 105 131 84 13 198 83 253 67 254 3 242 25 185
    160 111 232 176 178 51 30 248 187 212 134 51 207 81 40 154 73 159 30
    121 170 174 63 19 88 56 82 130 195 176 82 19 218 59 243 161 148 136
    8 97 70 77 158 176 175 97 99 80 251 147 254 207 254 6 229 115 101
    159 218 170 235 217 107 186 126 124 255 235 177 58 232 108 177 173
    45 222 14 44 31 248 1 102 38 254 97 1 205 201 97 177 221 110 166 1
    209 114 197 121 41 243 37 216 135 200 176 35 204 82 71 181 139 56
    158 204 82 241 10 112 20 20 90 53 154 220 218 168 70 165 126 233 160
    91 212 56 220 244 134 198 154 111 54 139 61 207 178 228 192 227 34
    180 190 254 117 113 85 212 143 127 9 145 172 161 203 16 190 241 114
    93 167 88 5 184 38 137 53 53 224 203 237 10 96 160 218 194 0 118 200
    170 140 166 106 248 47 33 163 52 136 76 170 199 248 165 194 112 251
    205 111 135 29 153 35 205 150 10 19 17 80 179 173 185 172 157 95 30
    2 236 23 75 27 36 38 81 160 158 234 62 2 29 147 136 211 197 119 138
    98 168 139 85 132 202 246 63 190 110 101 249 22 184 146 134 150 182
    45 142 93 152 206 252 196 103 192 229 231 149 7 192 200 119 232 249
    48 235 213 157 206 212 117 55 152 74 166 67 140 147 135 196 211 191
    104 76 147 23 199 217 233 41 42 255 47 137 96 33 136 143 211 228 225
    251 154 243 108 117 186 69 157 207 127 70 192 184 136 161 90 189 102
    234 161 165 7 73 177 76 70 109 129 239 199 18 233 102 36 96 151 118
    197 242 190 24 247 172 210 216 101 98 230 225 59 174 41 204 183 189
    149 251 45 28 59 122 186 219 62 29 102 10 187 44 161 252 201 143 178
    102 149 9 6 32 202 103 50 173 12 243 222 155 108 217 154 102 215 213
    219 156 212 233 176 111 57 236 157 74 127 79 219 194 136 174 235 76
    174 29 32 150 113 66 154 75 187 10 171 127 160 228 41 55 33 29 58 26
    108 36 38 216 226 250 149 225 30 171 25 79 102 111 80 11 173 63 7 19
    217 28 116 218 78 199 139 211 20 134 145 193 25 195 152 2 145 49 70
    36 68 164 28 61 251 177 141 230 160 229 100 253 187 50 176 76 158
    200 61 188 89 158 62 248 218 16 32 208 93 23 37 206 94 121 49 7 48
    17 231 31 105 241 117 92 245 199 189 120 59 181 177 2 110 164 161 10
    164 200 149 246 150 123 28 217 124 254 239 39 147 62 215 241 201 172
    130 164 0 225 231 29 49 29 153 213 132 32 84 82 192 136 121 111 142
    121 183 81 15 0 56 11 28 199 36 243 69 162 52 227 178 218 145 237 1
    160 102 205 180 193 129 244 193 115 116 141 183 102 233 240 171 158
    11 196 211 21 131 196 168 63 152 227 253 25 120 237 17 179 180 18 69
    183 196 11 224 134 173 140 65 96 121 214 83 213 96 129 85 30 175 55
    221 229 242 49 168 224 195 193 87 107 79 139 51 146 235 149 107 221
    97 222 200 91 41 63 110 204 249 163 211 58 34 30 50 125 5 235 5 217
    39 170 192 235 157 50 96 49 151 181 148 146 181 231 18 100 74 103 7
    36 186 190 124 193 22 121 87 15 46 254 72 69 144 65 88 27 161 29 109
    24 26 176 219 131 5 176 196 185 222 71 217 250 118 50 14 71 192 52
    92 242 94 168 39 96 58 67 208 129 85 72 166 180 235 151 68 255 15
    161 112 57 101 191 233 238 233 221 179 227 119 95 220 175 251 95 158
    186 142 216 155 250 179 1 191 158 22 81 48 215 237 4 153 245 243 238
    224 99 240 90 39 7 219 255 158 193 26 149 252 50 233 217 174 72 110
    238 225 254 139 60 149 215 157 25 157 167 234 170 187 131 118 220
    140 26 85 170 138 147 212 142 243 191 126 109 254 196 124 122 109
    210 189 253 47 146 100 41 145 154 21 250 11 202 112 201 59 255 193
    207 185 237 35 222 153 52 84 20 14 8 178 92 23 86 58 23 96 173 30 73
    126 41 101 121 183 43 233 105 52 137 196 206 188 147 60 159 158 16
    69 233 205 220 107 147 89 145 65 73 245 22 161 195 218 76 128 53 21
    205 21 140 139 171 53 235 169 66 124 88 253 48 79 134 70 10 27 91
    164 113 127 221 66 157 161 31 185 248 40 54 149 167 252 129 206 68
    221 146 219 75 255 74 123 95 158 9 34 47 27 143 133 203 251 172 232
    38 11 154 28 255 81 79 32 189 32 76 65 214 53 122 67 18 199 147 180
    9 214 158 226 109 182 76 90 94 67 32 138 54 168 2 219 191 232 98 208
    204 193 64 135 103 224 192 110 7 210 209 110 250 46 138 91 189 55
    141 46 80 204 89 150 226 63 89 142 5 29 155 77 30 198 140 138 123
    210 192 246 249 119 141 175 139 223 122 62 99 0 177 74 214 205 3 155
    48 195 215 198 47 65 11 84 243 249 8 246 236 114 79 81 192 94 53 189
    215 12 211 167 133 50 153 84 128 106 254 117 95 4 169 134 36 151 23
    45 85 231 207 118 253 236 57 124 29 236 98 30 8 80 198 28 38 147 33
    96 243 174 120 223 126 34 100 57 143 81 246 92 217 179 1 181 17 149
    42 143 86 221 4 230 162 154 199 48 239 90 132 245 33 108 116 222 239
    254 144 56 205 63 201 100 139 61 214 69 193 18 28 195 230 52 145 83
    139 132 238 252 189 74 209 181 85 179 220 123 146 165 51 90 170 102
    22 38 165 30 226 113 38 35 57 108 224 81 156 55 187 248 214 46 155
    60 136 138 9 41 83 88 47 93 171 243 57 63 242 149 240 218 58 61 64
    43 111 25 197 157 49 220 202 86 24 142 32 24 192 215 74 20 128 48 1
    236 70 236 250 176 80 227 65 205 60 184 201 155 45 13 239 85 38 232
    147 58 83 159 60 193 50 28 54 212 249 2 181 82 117 95 72 252 254 206
    188 253 206 227 146 226 51 76 149 61 124 25 144 40 59 212 183 240 37
    191 27 8 105 118 137 215 61 30 221 119 78 78 90 139 33 28 61 167 72
    217 132 149 205 240 27 18 10 103 167 238 140 113 104 44 208 214 222
    152 2 1 7 174 40 138 101 69 151 189 254 98 147 89 185 148 101 163 13
    80 223 210 203 4 84 130 4 61 148 55 230 151 192 225 19 63 195 179
    160 72 156 79 243 93 226 25 28 193 44 97 212 18 107 217 246 34 222
    70 80 15 146 105 20 71 9 37 103 37 37 77 126 115 45 129 36 83 65 102
    115 172 246 130 105 60 175 246 195 8 11 124 179 151 5 28 48 141 56
    119 13 111 203 224 82 171 179 211 208 35 112 51 54 79 181 125 77 89
    226 6 255 8 58 217 214 241 44 51 101 54 151 7 22 101 108 50 180 210
    25 27 36 85 175 118 93 249 233 94 45 242 140 25 161 6 70 14 120 99
    178 85 221 169 206 29 12 34 64 78 106 142 135 249 45 15 86 51 158 25
    71 143 234 46 89 167 226 173 38 205 247 5 167 85 252 4 142 118 221
    168 140 58 71 255 37 200 160 48 116 86 85 36 206 8 120 65 219 172 5
    216 243 239 114 147 234 84 144 123 236 169 11 201 205 81 17 70 69
    141 183 235 79 84 186 16 78 6 231 225 12 15 225 87 211 247 159 166
    52 16 59 25 241 247 242 209 104 89 38 190 69 18 66 206 79 161 4 171
    215 237 3 123 248 67 225 200 167 211 103 103 133 208 204 209 202 195
    164 243 118 32 79 230 22 216 242 209 225 160 204 121 28 137 43 63
    109 147 185 161 60 186 87 50 102 76 10 118 119 225 221 101 220 7 156
    255 6 142 14 197 34 80 214 14 188 43 209 220 116 179 188 117 205 45
    114 242 215 5 203 239 169 3 52 132 254 140 145 206 106 219 234 157
    118 182 108 117 15 97 251 112 135 251 233 124 223 135 49 121 73 37
    125 212 141 173 203 12 162 39 211 95 136 173 217 35 190 167 0 102
    248 199 106 183 207 155 114 78 11 255 136 244 236 170 194 63 156 52
    233 98 64 193 172 92 31 181 37 92 202 93 3 35 72 32 120 201 11 9 217
    38 53 221 12 24 70 2 195 215 127 147 11 78 160 54 249 171 46 140 234
    212 147 69 117 187 162 128 33 2 29 178 179 87 209 39 26 218 220 44
    230 59 251 43 250 87 21 153 162 99 7 61 8 31 34 71 67 147 123 151
    152 84 62 31 157 78 115 247 130 231 214 208 87 74 223 28 91 114 101
    216 177 30 148 23 97 129 14 11 25 229 85 240 40 104 211 62 158 65
    112 128 104 5 145 224 241 250 229 107 56 24 26 58 161 28 204 250 166
    11 2 247 121 123 163 17 20 194 112 115 116 14 124 81 244 61 237 134
    150 34 74 242 117 152 6 120 14 3 246 4 77 164 160 25 110 191 146 43
    233 251 174 56 133 229 216 194 57 243 237 7 85 232 83 36 146 108 187
    106 122 251 118 241 91 255 107 236 222 55 132 233 23 50 170 245 230
    193 31 232 111 57 13 207 203 104 35 191 237 172 165 99 112 9 5 214
    56 218 9 130 94 13 24 167 206 157 87 172 143 128 45 165 178 223 206
    222 152 141 145 209 192 227 232 105 145 10 165 10 150 82 235 181 212
    192 93 201 147 135 208 163 133 211 4 147 58 69 146 32 62 54 83 158
    21 220 17 230 24 136 129 255 139 221 178 175 255 39 163 45 147 244
    248 106 76 194 188 56 141 164 242 14 35 221 212 184 69 239 240 235
    207 1 40 209 115 242 255 130 2 125 225 245 158 10 173 0 228 214 46
    141 10 94 178 99 182 223 179 60 173 153 1 173 58 48 238 4 119 179
    254 3 229 254 106 30 7 63 251 38 77 90 104 23 250 89 191 59 251 20
    126 192 44 13 191 210 138 85 12 182 179 248 226 106 83 246 160 63 97
    16 159 41 165 214 30 97 143 151 45 139 175 36 195 67 185 188 214 50
    1 189 155 242 96 98 184 96 8 233 33 54 105 196 51 177 35 136 79 51
    239 224 51 215 164 246 149 140 85 153 72 223 140 242 96 104 66 59
    143 186 201 153 248 151 174 175 142 88 192 156 179 2 17 135 194 121
    195 132 162 179 112 49 192 231 122 41 98 185 157 94 161 121 49 104
    76 60 87 118 72 121 119 55 122 100 11 106 30 148 28 172 86 174 156
    176 119 94 154 91 108 57 28 121 41 60 183 191 7 137 244 84 209 9 45
    29 245 34 95 195 115 247 209 122 90 173 166 9 108 100 204 37 232 139
    193 228 68 140 105 27 82 234 237 37 171 230 171 177 230 2 200 251
    123 148 211 97 62 120 28 75 46 221 187 247 88 155 7 155 199 110 66
    106 29 10 190 120 232 70 131 49 87 124 186 91 141 239 202 196 87 65
    55 15 138 132 171 17 45 215 171 97 51 87 34 226 132 200 83 89 145 35
    150 247 23 191 236 74 22 28 229 185 58 129 225 94 198 116 82 155 32
    21 29 221 193 137 204 171 180 240 44 132 72 178 187 205 48 18 43 191
    94 11 8 225 217 218 56 124 135 250 120 196 85 212 74 93 205 2 122
    236 54 86 178 215 10 159 17 234 130 17 209 153 10 252 232 253 79 85
    48 80 209 116 138 79 186 16 199 43 71 104 38 76 231 54 192 111 244
    137 110 71 65 160 20 73 5 43 11 130 202 176 43 27 160 10 228 164 199
    87 189 88 250 32 54 178 186 93 113 136 122 39 67 25 64 84 57 96 11
    90 17 194 97 34 132 120 94 183 132 248 30 92 24 173 157 77 243 218
    85 52 2 126 23 212 143 211 227 131 125 214 146 167 236 20 87 181 248
    210 17 43 139 104 41 110 219 196 4 221 163 197 8 127 192 25 54 188
    68 53 130 23 187 99 238 247 11 44 178 169 160 77 31 247 106 135 44
    129 166 203 212 54 154 69 46 218 225 254 202 240 2 209 112 109 27 54
    58 48 163 241 247 71 196 206 2 64 154 227 23 158 198 3 236 218 67 1
    182 41 13 206 96 15 169 184 28 127 252 39 9 75 250 79 25 235 200 64
    52 32 121 155 74 12 206 117 11 239 198 149 158 94 40 182 165 153 74
    164 131 5 148 156 225 210 119 62 34 106 112 60 70 215 96 32 153 88
    222 187 225 117 255 119 4 136 29 43 165 12 26 232 40 150 82 66 4 10
    54 28 155 93 72 151 248 238 134 49 180 205 106 191 230 159 11 247
    152 13 131 8 71 190 88 139 125 244 198 102 246 92 53 190 46 243 60
    165 146 20 49 39 54 57 9 163 71 94 199 121 138 113 209 116 230 23 36
    166 182 179 136 149 107 129 188 223 196 227 191 181 250 180 197 20
    244 164 122 174 139 121 197 74 233 131 30 132 95 19 13 109 31 197
    127 157 98 91 153 132 42 62 45 130 53 17 186 17 202 58 51 184 53 14
    163 58 228 73 135 226 123 137 212 114 81 22 104 134 20 134 251 229 3
    22 239 33 225 160 155 250 20 80 146 169 226 173 159 60 4 235 136 125
    91 109 1 203 124 47 121 6 172 116 120 178 12 19 110 234 46 68 175
    182 8 34 221 36 44 114 235 197 94 211 236 164 201 179 12 219 179 3
    107 14 8 233 19 24 208 111 216 202 22 14 59 187 234 244 222 178 193
    160 145 224 222 49 206 75 31 123 189 226 151 81 39 192 133 72 31 238
    64 239 84 209 147 92 128 205 103 147 251 165 204 210 116 155 228 239
    61 97 2 53 12 64 86 236 195 146 126 44 82 55 222 154 190 129 102 52
    157 41 29 68 82 158 174 120 11 3 71 230 118 106 175 81 31 154 93 105
    30 43 25 149 70 13 55 161 97 227 23 59 145 164 17 21 174 70 81 214
    182 91 194 214 126 196 172 62 175 220 255 125 244 46 46 242 7 66 49
    186 209 253 6 69 73 143 106 9 42 177 121 209 80 185 187 144 189 238
    208 37 25 28 89 171 77 136 43 110 114 218 132 236 212 17 142 58 25
    242 248 226 221 64 72 40 61 93 100 110 150 51 13 81 151 149 109 178
    122 24 227 191 173 121 98 52 152 42 141 100 80 208 48 115 7 186 168
    133 167 200 244 119 248 247 221 3 184 109 235 183 135 110 168 126
    167 34 229 194 12 119 69 3 212 133 178 166 248 80 18 223 193 73 181
    154 201 126 106 29 197 156 173 214 27 194 105 15 180 93 4 61 16 138
    166 144 20 235 0 195 121 17 35 191 32 166 0 73 193 41 126 181 224
    248 92 102 118 129 255 226 48 26 89 60 253 79 139 158 135 57 40 19
    98 171 200 215 222 77 207 55 144 184 23 100 171 138 219 54 9 79 88
    52 240 212 108 146 236 163 107 232 238 90 170 57 129 106 197 243 92
    91 144 67 169 192 255 254 197 116 154 64 237 164 242 204 98 184 58
    68 154 232 116 118 124 107 148 134 198 188 191 173 115 12 185 182
    197 185 212 211 252 242 209 202 28 121 153 214 158 42 102 110 74 148
    116 47 8 184 42 137 4 248 210 24 4 149 38 252 241 227 48 105 209 233
    225 136 182 93 175 30 44 202 157 232 135 101 238 153 243 160 94 218
    17 82 2 185 90 133 196 157 42 18 205 221 57 101 92 185 25 148 221
    240 124 219 211 118 7 210 61 159 2 146 150 11 93 203 65 39 158 164
    86 41 143 253 254 215 95 96 75 34 169 1 12 14 200 238 244 114 207
    199 191 198 39 153 45 17 45 16 86 135 254 117 89 53 33 184 222 74 64
    212 194 137 166 86 11 62 88 110 100 119 44 176 106 36 133 192 230 28
    53 83 130 185 138 113 86 147 214 252 34 132 160 219 174 200 234 16
    70 2 147 60 120 203 64 167 128 196 124 36 195 91 141 170 204 229 96
    244 161 9 62 191 77 7 207 159 213 46 70 62 43 84 61 12 106 83 234
    204 129 177 93 226 201 143 194 128 113 41 46 59 103 174 127 81 109 4
    43 124 41 50 63 122 131 59 93 191 142 121 112 139 45 93 234 36 36
    135 122 32 161 97 180 236 236 208 234 30 195 199 148 243 194 88 8 60
    242 238 152 70 184 222 37 94 157 125 89 166 162 158 1 120 101 186
    150 235 114 159 50 169 66 170 37 193 245 27 161 150 128 38 178 36 2
    96 106 95 106 49 92 145 61 153 82 138 45 225 116 179 12 119 218 189
    204 243 139 128 130 15 14 124 110 73 49 134 198 190 176 103 234 254
    136 171 144 88 17 126 166 85 180 147 82 143 68 224 178 148 131 138
    110 151 236 44 81 56 49 154 119 216 50 142 248 85 129 90 234 186 56
    127 68 127 217 239 232 185 208 39 171 17 186 174 140 225 202 239 248
    119 9 158 226 129 83 132 133 198 91 246 195 217 103 80 212 210 39
    187 231 187 58 70 120 151 75 48 88 156 41 233 117 83 147 27 121 140
    236 208 128 212 20 136 31 176 22 117 216 189 149 60 240 234 246 175
    147 13 80 232 45 38 48 114 124 247 254 242 218 137 233 141 5 219 183
    227 29 222 185 70 167 98 29 66 205 1 251 69 99 47 16 23 117 160 46
    254 97 231 7 225 10 168 36 184 139 206 23 67 123 237 147 2 182 132
    242 40 146 130 21 94 202 163 248 183 18 166 255 176 188 222 9 200
    157 227 108 61 186 178 228 95 84 155 99 151 205 216 158 101 144 185
    76 235 14 251 188 105 57 207 22 115 218 100 151 238 102 214 42 79 63
    143 13 35 85 15 51 50 253 72 213 244 184 149 127 74 26 63 149 69 71
    144 223 110 141 231 121 86 48 154 133 132 165 23 132 157 246 248 106
    102 246 210 189 139 189 92 218 123 135 52 106 186 196 118 201 135
    204 122 205 5 35 122 100 12 36 205 101 83 63 87 47 8 130 10 247 113
    106 146 164 138 52 64 166 53 2 96 144 22 242 220 72 123 184 170 185
    227 218 239 26 109 177 236 72 193 28 206 189 225 28 98 113 204 206
    109 42 245 22 106 17 88 134 117 220 133 93 22 112 141 134 141 184
    249 51 244 17 77 31 225 216 102 4 66 229 156 103 177 51 76 24 180 29
    0 0 67 155 89 210 107 22 8 252 4 37 76 241 94 59 172 207 159 46 207
    77 116 148 162 115 201 161 194 151 105 46 196 42 113 139 157 64 51
    201 91 101 216 51 154 158 38 146 132 56 4 15 217 218 58 142 19 70
    229 114 66 81 167 87 86 65 158 127 42 154 156 232 64 44 211 193 96
    200 173 1 147 132 219 80 70 203 165 22 120 176 184 36 44 133 243 158
    84 58 115 235 182 7 222 22 16 156 195 219 149 9 27 57 42 232 137 56
    172 164 225 147 112 139 166 102 164 247 100 202 47 218 156 40 227
    159 85 60 140 9 108 224 197 102 223 191 90 109 147 223 72 1 66 146
    134 18 153 38 78 179 242 160 152 3 114 250 161 227 82 158 184 157
    191 44 91 209 73 131 208 19 162 133 229 58 126 197 185 245 165 95
    192 83 140 90 100 250 222 198 154 208 244 213 100 244 250 78 3 92
    102 246 47 108 232 14 125 146 107 141 167 233 17 83 158 239 74 253
    17 98 7 56 58 183 4 155 195 156 165 94 64 124 103 208 188 121 159 24
    206 79 170 129 192 94 22 57 227 11 129 176 63 14 220 216 4 163 196
    198 2 202 255 158 74 95 90 136 12 129 198 3 198 253 213 207 15 184
    226 38 127 193 68 207 27 239 121 123 156 181 221 194 129 30 5 163
    236 27 181 143 25 174 8 196 49 128 44 159 140 231 119 47 48 181 8
    111 15 141 64 249 53 61 111 93 9 35 195 4 44 191 253 87 134 179 73
    65 235 111 155 96 125 208 126 84 238 251 5 28 43 167 42 74 13 229 17
    75 164 168 101 24 191 238 87 237 73 182 108 39 153 77 220 14 147 70
    127 61 225 179 217 115 69 144 18 47 89 231 214 205 4 24 105 122 203
    163 251 252 106 5 213 159 157 158 210 153 163 217 49 49 94 169 99 63
    207 112 58 242 53 179 81 152 114 22 110 232 24 211 189 48 178 185 88
    100 6 13 89 141 200 160 76 91 7 228 116 13 54 116 1 249 251 253 85
    64 19 13 208 94 215 23 63 7 242 25 137 48 225 131 248 195 112 255 36
    94 27 144 211 22 10 57 238 174 227 178 245 196 108 221 69 77 46 52
    238 229 99 164 188 203 253 101 69 36 97 4 228 147 115 4 178 11 9 6
    53 92 255 16 246 90 135 121 90 70 124 218 245 196 14 142 213 237 231
    230 183 36 53 31 245 14 57 246 74 138 145 211 173 66 36 51 101 226
    239 210 63 177 94 194 107 231 75 169 99 71 70 79 59 134 226 99 109
    197 38 254 174 10 140 122 235 49 224 24 103 214 186 19 46 142 174
    169 28 58 65 194 110 54 116 225 203 243 7 113 123 110 44 255 170 146
    86 236 82 178 97 117 6 16 35 149 112 167 222 149 57 191 161 58 53 81
    160 175 206 224 144 104 29 61 153 169 5 216 39 106 185 208 201 51 95
    148 17 14 157 221 169 22 163 226 157 66 160 14 231 108 110 228 167
    117 117 67 146 182 178 168 175 21 238 82 242 107 87 209 34 251 33 77
    103 123 208 175 131 171 2 239 252 219 40 38 31 208 116 117 36 38 174
    39 54 168 79 154 68 252 237 176 233 134 57 124 128 187 84 176 233 79
    200 68 208 248 14 52 114 61 177 208 80 225 56 115 1 29 106 60 227 38
    87 240 115 15 228 203 151 3 63 71 223 243 185 22 67 115 138 29 108
    46 130 13 97 4 67 8 6 36 72 86 42 178 60 250 171 115 70 27 6 104 57
    97 46 99 101 131 79 89 234 173 243 202 140 109 247 252 110 188 73
    235 45 59 32 153 121 103 97 126 58 249 21 222 94 209 16 44 112 206
    29 167 99 148 74 134 215 85 183 36 117 255 125 63 13 236 27 142 141
    7 37 70 8 15 223 12 225 235 131 122 57 128 57 222 152 47 170 39 71
    94 244 42 28 212 240 79 46 123 250 189 120 178 66 119 40 18 97 87 2
    82 78 159 92 166 255 245 241 100 113 36 169 182 82 132 101 93 204
    246 113 153 69 0 170 199 48 23 134 8 56 152 162 38 243 156 67 33 234
    46 154 159 177 15 2 56 13 242 121 235 226 88 225 186 108 79 35 38 21
    114 228 5 53 58 49 35 22 137 48 26 250 67 115 249 164 214 181 85 33
    60 93 79 34 125 33 63 58 2 7 115 39 151 160 45 232 65 222 76 170 41
    130 24 236 182 146 134 24 147 80 186 79 122 111 101 126 132 196 104
    22 3 73 36 27 242 13 31 13 157 0 123 126 92 18 103 205 99 197 106 1
    124 180 12 155 227 201 46 132 210 94 30 111 111 248 182 91 168 144
    74 110 190 148 34 215 147 212 148 220 147 235 208 180 163 216 86 18
    243 168 159 52 212 62 40 218 153 35 18 31 37 144 173 8 107 52 194
    228 227 182 154 160 240 180 118 226 193 134 105 99 166 248 85 174
    117 192 196 111 13 55 246 209 156 116 125 251 62 100 253 244 142 178
    203 62 204 5 134 168 94 255 146 179 119 227 12 104 175 197 227 252
    158 165 79 137 145 215 69 241 212 166 237 120 164 230 239 248 74 153
    48 151 171 165 201 13 162 29 163 132 199 144 17 139 239 120 68 35
    183 153 29 173 204 214 213 115 35 210 126 92 228 148 40 183 120 191
    247 182 197 140 221 4 240 253 255 11 39 144 251 121 42 173 206 89 99
    233 169 50 58 219 87 94 198 35 157 253 58 112 47 166 181 214 117 154
    194 124 84 106 85 76 18 13 28 7 67 30 154 17 239 6 27 171 99 91 159
    112 110 103 218 17 158 215 207 153 6 134 178 147 196 252 110 47 145
    47 139 105 50 50 131 77 30 68 48 244 18 141 198 82 10 177 136 24 241
    159 136 99 13 241 73 165 148 113 211 87 113 58 227 38 117 144 115
    147 38 165 225 125 233 155 4 49 82 245 225 66 87 229 104 253 136 15
    14 112 86 144 194 88 56 67 62 247 59 190 71 221 101 200 164 75 127
    45 94 173 233 64 225 180 108 205 91 134 131 202 1 157 177 197 233 19
    72 200 100 229 143 16 107 12 40 97 57 93 194 14 179 137 226 68 216
    139 118 165 59 130 170 59 247 182 254 25 219 158 89 13 139 22 9 135
    138 194 57 11 181 52 101 217 22 202 195 252 237 69 6 117 0 164 184
    193 143 117 29 198 216 186 168 83 56 108 30 128 21 14 242 247 181
    221 78 150 52 138 204 54 95 32 253 49 34 184 236 11 82 239 75 115
    115 85 66 63 160 235 189 254 211 0 66 159 203 176 217 81 150 200 67
    38 94 255 128 177 121 119 8 223 135 96 112 71 98 103 56 161 162 125
    147 194 187 29 141 26 150 137 182 209 169 169 255 13 241 189 140 174
    27 194 213 130 57 150 82 92 125 98 56 58 116 13 148 194 87 108 253
    194 36 123 228 76 42 132 125 71 233 200 233 126 208 214 123 45 80 80
    25 63 76 78 215 176 105 152 148 77 90 236 17 100 191 50 123 124 141
    252 122 103 37 144 225 209 103 180 1 35 95 92 180 255 112 170 23 162
    43 2 92 229 83 198 50 88 184 196 132 41 239 221 17 246 164 254 153
    211 255 154 119 74 104 62 143 35 118 246 136 44 19 213 46 206 111 97
    23 45 11 39 217 23 5 152 3 88 175 36 73 44 10 98 117 232 15 133 231
    116 97 69 156 65 229 115 43 123 255 183 126 58 148 100 76 17 216 103
    6 145 93 224 86 3 234 215 173 149 42 234 28 233 126 220 42 43 18 18
    1 120 142 224 81 38 190 111 90 112 239 165 169 17 79 86 144 22 107
    164 149 137 10 55 164 114 185 12 148 188 79 130 102 103 205 193 180
    254 121 193 185 135 126 134 216 238 146 137 23 189 174 187 169 175 4
    62 101 247 179 228 67 158 178 125 12 16 114 180 95 109 129 53 35 48
    182 197 223 11 59 34 171 38 128 223 244 80 60 151 254 1 113 96 179
    46 89 152 11 103 29 180 142 101 112 255 73 246 68 174 183 251 154
    197 33 143 108 138 186 107 85 84 49 148 0 141 236 94 43 253 120 114
    54 46 67 148 109 61 202 227 234 87 64 97 139 63 253 221 14 166 250
    68 79 51 184 228 82 115 94 150 185 74 66 21 93 49 212 164 143 96 225
    209 100 114 44 70 28 113 27 192 255 173 192 87 156 143 219 132 5 83
    153 229 191 197 40 10 114 248 182 186 252 205 33 171 201 251 13 72
    237 175 84 141 126 233 137 110 222 225 189 181 146 165 150 152 141
    224 20 23 3 5 82 104 184 75 67 5 150 102 90 130 207 130 56 161 36 3
    36 94 104 181 209 220 99 128 58 121 164 33 110 178 20 109 58 44 129
    221 105 55 51 23 110 192 16 232 142 106 163 140 221 195 146 90 124
    63 62 31 191 9 84 98 94 72 90 227 213 239 254 9 154 126 151 52 246
    241 119 5 226 93 203 167 220 157 43 67 129 205 154 25 176 204 102
    169 245 92 80 87 178 232 166 89 144 101 251 20 207 139 120 223 117
    63 16 93 33 214 171 185 196 232 226 184 54 84 41 213 248 196 193 11
    232 106 122 236 28 133 158 174 69 44 224 230 54 55 48 28 124 95 104
    133 26 95 218 77 208 233 18 150 29 101 215 130 90 165 46 244 24 83
    203 243 17 45 197 198 132 171 185 127 61 250 208 160 165 219 205 65
    130 167 136 175 250 136 235 28 148 224 233 198 161 87 115 247 91 129
    231 142 144 64 107 9 51 221 43 198 147 152 240 148 125 94 191 144
    133 252 52 146 211 134 209 188 121 101 7 139 243 124 104 50 103 113
    5 15 73 247 75 146 220 225 32 185 113 183 162 53 238 142 160 85 205
    136 32 96 28 93 168 235 208 200 176 183 237 187 69 90 94 188 217 7
    208 157 5 69 58 122 12 60 59 188 245 178 3 32 36 186 44 199 17 180
    162 225 12 65 81 69 62 171 21 158 64 139 139 5 226 82 89 12 55 49
    137 97 51 200 230 77 42 153 145 85 132 21 204 82 120 31 193 166 201
    215 136 129 96 137 246 110 149 33 254 248 128 61 47 8 103 190 148
    170 101 15 186 218 254 253 125 198 62 141 193 223 70 178 235 41 195
    240 90 81 139 134 76 169 133 64 30 72 221 1 9 225 123 179 100 25 227
    5 213 28 89 219 21 245 193 125 138 85 58 104 51 190 68 216 137 120
    220 163 49 213 168 220 85 110 255 118 196 95 138 194 112 115 17 1
    119 10 137 111 48 153 184 54 227 235 107 37 222 96 93 92 57 115 7
    195 199 223 113 108 174 52 21 221 143 131 46 198 94 185 69 121 61
    185 184 33 9 102 118 228 78 196 255 170 106 25 165 83 105 25 47 180
    182 63 158 138 6 29 86 73 135 20 124 165 244 150 31 143 249 110 33
    245 27 171 73 147 159 53 102 111 21 107 175 169 4 231 116 149 181
    133 111 106 117 121 137 25 185 97 88 204 153 220 136 134 115 0 119
    118 237 98 149 172 207 33 75 230 115 210 78 142 212 127 21 28 156
    146 113 200 21 214 193 15 88 35 231 92 161 23 162 5 90 26 46 10 122
    65 154 235 147 235 61 50 72 210 41 46 180 123 100 170 228 98 211 129
    100 145 215 172 244 70 38 67 76 194 150 234 26 176 216 40 25 17 115
    206 180 93 222 36 200 219 106 166 147 121 35 205 85 82 244 175 48 63
    58 189 213 72 38 162 19 127 147 31 116 140 209 144 38 13 171 192 36
    17 141 213 9 138 110 78 152 230 49 87 53 75 150 255 120 93 141 73
    105 240 11 195 229 39 154 101 61 250 241 251 70 220 194 122 44 121
    86 32 143 234 27 157 195 61 89 79 127 196 181 79 116 227 73 24 117
    145 176 44 127 133 126 66 157 113 40 148 81 47 162 187 127 9 61 185
    77 15 67 235 228 94 29 47 64 24 23 81 226 208 183 62 96 2 54 47 155
    209 120 141 233 35 180 42 159 148 115 108 218 96 135 179 228 232 142
    204 128 222 216 31 236 72 97 164 117 23 246 187 191 27 225 63 119
    227 203 30 164 203 40 141 218 132 145 101 113 247 151 168 56 124 237
    25 133 120 149 79 2 160 81 131 103 135 187 79 236 181 96 60 99 200
    134 116 67 192 171 31 254 215 139 81 178 227 53 154 40 101 10 165 16
    207 232 177 7 54 38 16 253 102 161 40 224 224 13 129 245 211 7 231
    194 108 182 11 56 15 246 148 249 223 162 3 167 75 180 7 253 56 236
    111 133 162 255 222 213 85 25 213 241 149 216 110 62 93 102 67 221
    225 205 165 58 36 34 7 226 88 102 54 22 182 231 138 50 61 162 92 28
    151 1 98 36 214 55 27 26 24 228 153 188 211 5 113 92 11 155 123 223
    166 176 34 177 143 44 60 119 200 129 139 24 235 58 123 12 188 103 59
    100 147 57 206 150 161 118 177 152 40 4 171 83 59 91 51 193 201 196
    240 84 157 1 82 78 226 13 213 149 223 198 65 229 142 128 166 238 21
    108 122 199 169 187 43 251 155 172 78 97 201 61 136 207 18 116 10 22
    96 221 248 176 75 91 84 183 24 122 171 147 16 42 153 18 60 131 98 94
    251 79 102 70 178 254 56 131 217 84 203 140 1 240 103 186 190 153
    166 10 159 83 123 114 69 201 156 208 87 93 244 150 171 212 88 112
    164 138 45 78 193 181 178 21 77 54 147 243 116 101 189 123 152 190
    96 87 180 87 226 114 72 100 201 78 236 121 197 210 104 162 87 135 80
    14 54 177 98 231 147 92 142 46 56 93 234 239 234 188 33 95 240 80
    156 217 126 54 184 186 252 42 76 212 52 210 173 40 141 172 190 183
    168 186 82 32 187 120 240 162 254 45 114 89 24 83 194 165 50 73 94
    169 102 125 8 40 159 158 42 41 69 210 244 78 198 96 199 129 58 18
    129 25 74 108 54 19 46 51 242 58 135 68 52 50 67 28 237 10 74 20 93
    44 217 208 73 115 51 59 18 213 20 23 244 200 12 14 0 27 164 104 65
    235 121 63 144 54 53 227 22 165 43 159 182 195 73 229 91 184 180 143
    2 160 23 229 190 173 165 241 223 223 146 50 73 81 133 208 112 54 166
    157 153 56 80 31 156 110 140 253 199 29 4 173 147 241 132 107 138 28
    145 31 187 228 237 119 224 164 96 63 70 56 245 224 194 149 6 133 120
    33 15 99 218 7 16 182 252 203 94 206 212 7 39 188 15 57 216 134 145
    109 168 43 82 53 101 200 175 196 22 177 236 5 88 106 223 102 136 242
    64 220 28 249 141 139 61 3 91 158 163 206 37 205 42 124 15 254 125
    131 228 238 68 98 231 29 178 168 110 156 169 251 92 248 198 30 61
    231 127 88 219 254 70 9 72 119 11 7 196 147 74 217 193 107 31 152 26
    229 26 103 253 27 144 146 85 132 178 211 153 239 48 197 1 226 129
    156 123 114 240 172 66 157 179 169 143 107 198 97 201 133 25 50 181
    98 3 215 86 251 109 136 255 151 40 215 74 224 106 14 94 250 195 151
    213 60 151 114 206 45 5 218 135 86 187 201 68 150 107 58 161 153 171
    129 240 243 98 108 153 175 1 134 147 185 186 186 28 233 46 22 16 15
    242 52 148 182 186 247 108 248 169 99 225 175 131 82 214 55 45 199
    18 241 9 162 250 127 48 177 112 110 10 249 214 123 128 28 67 93 18
    136 59 20 233 97 208 22 102 156 246 93 241 18 87 109 247 27 39 110
    186 9 40 1 153 120 234 134 179 243 145 216 183 74 211 202 239 179 49
    31 47 93 6 5 115 176 25 61 70 198 105 43 161 212 72 112 49 201 202 2
    67 42 171 239 129 179 57 223 210 14 212 21 169 245 40 202 151 201 91
    254 43 1 190 22 247 146 28 70 87 245 201 82 237 68 42 66 169 125 233
    204 95 152 119 49 46 159 174 124 250 28 171 82 46 217 81 49 246 129
    171 230 57 182 82 209 146 108 105 25 146 168 4 182 168 119 241 237
    109 57 142 143 167 59 83 60 178 60 160 140 144 198 8 16 67 126 239
    234 86 80 147 156 211 222 96 19 96 164 83 13 243 47 64 100 120 44
    198 254 183 37 175 41 144 78 133 227 100 192 114 110 215 169 31 198
    191 74 238 122 111 131 87 33 243 87 197 124 65 113 218 93 147 161 81
    116 134 3 220 162 217 214 186 144 10 198 182 157 127 112 136 208 206
    158 6 57 72 173 149 56 89 37 224 179 17 227 248 84 152 31 37 153 8
    42 121 175 77 158 118 98 110 201 245 238 239 178 12 228 103 176 59
    74 184 125 10 10 125 69 75 235 35 180 79 136 60 192 142 70 52 173
    221 232 175 162 219 22 69 112 95 71 49 128 74 65 198 21 193 165 131
    194 0 144 218 89 57 82 217 52 71 60 114 230 90 109 126 254 44 205
    215 205 57 133 99 147 187 69 11 7 225 241 89 130 215 31 65 101 72
    204 43 192 219 251 157 217 147 138 208 117 204 48 240 148 29 254 179
    200 34 180 221 163 113 63 80 42 224 134 97 99 84 28 32 243 99 173 64
    163 69 93 180 226 189 103 103 5 213 0 130 174 91 234 14 169 221 126
    212 220 189 186 175 193 2 235 187 104 41 38 137 68 8 83 196 56 140
    43 53 149 46 22 107 242 202 27 197 119 132 247 59 89 236 81 176 234
    71 167 45 122 82 233 134 67 194 77 40 33 239 121 222 53 105 113 208
    205 208 229 19 123 233 77 107 86 63 230 2 59 199 180 117 114 94 112
    180 123 12 28 161 194 150 42 13 231 249 239 161 165 156 161 117 62
    128 135 25 116 172 54 119 253 46 33 182 133 40 85 14 88 66 87 255 49
    171 158 89 113 100 17 109 250 133 60 131 139 196 118 26 227 142 29
    124 188 249 239 114 14 211 146 88 0 152 65 45 220 26 60 224 126 224
    194 232 123 62 225 156 74 109 241 165 139 239 8 6 235 20 28 237 197
    216 222 242 153 144 241 192 198 213 133 173 232 181 185 175 57 113
    246 218 34 226 215 154 95 240 148 243 207 154 78 226 213 177 21 202
    48 128 125 63 172 159 64 211 89 13 43 103 202 217 153 251 84 224 252
    255 118 150 72 83 50 222 75 162 204 244 244 28 174 34 210 87 110 29
    133 230 148 0 208 158 59 74 79 8 127 138 83 3 154 100 34 149 7 61 95
    21 228 85 169 7 188 20 170 224 47 116 91 206 177 27 238 102 207 56
    173 42 85 108 125 142 126 122 24 60 220 75 130 143 136 162 215 3 99
    179 232 212 223 35 141 95 32 201 185 250 179 158 145 127 141 123 62
    181 112 2 160 185 143 208 130 234 35 107 245 78 84 131 10 39 4 234
    111 149 18 138 182 186 194 197 221 221 125 208 240 189 223 66 241
    201 110 43 90 101 148 245 54 216 65 70 210 228 157 168 11 85 119 169
    48 73 196 253 48 252 29 249 65 102 151 217 154 220 6 32 132 183 122
    52 242 202 77 170 188 99 247 80 250 32 165 37 151 172 61 240 11 109
    209 33 191 190 5 182 184 145 201 110 206 123 4 20 174 51 46 247 148
    155 5 225 215 69 128 142 141 5 35 126 221 74 102 248 109 140 166 65
    14 61 131 16 249 101 216 59 143 128 45 102 199 198 183 251 10 26 27
    253 144 62 175 106 113 14 235 202 108 114 7 65 143 48 228 248 108
    131 241 177 180 149 48 66 160 123 164 67 215 40 203 236 206 212 59
    103 55 107 243 255 247 250 156 48 112 130 43 158 240 132 216 201 162
    81 79 110 124 145 68 198 31 202 108 155 186 102 78 170 249 208 71 7
    109 147 11 89 49 73 89 219 7 18 51 234 2 56 101 242 183 108 54 56 24
    23 66 50 102 211 237 170 16 44 225 172 18 160 134 210 175 39 60 197
    123 197 233 15 92 100 8 135 151 231 53 103 109 1 197 169 206 251 39
    39 151 98 67 42 211 172 227 102 175 23 163 41 24 163 94 114 32 245
    12 156 200 242 20 221 214 4 64 211 61 251 107 89 141 186 61 249 16
    144 247 114 246 83 3 32 147 180 159 242 72 13 74 52 233 38 6 158 108
    79 85 11 144 244 220 51 242 176 162 51 208 99 161 28 142 186 41 202
    8 163 123 157 132 241 226 153 114 63 118 174 206 132 111 45 27 154
    150 206 187 190 46 144 148 208 239 149 214 93 68 217 113 222 4 230
    50 106 181 230 161 39 131 156 17 174 202 109 226 46 48 145 207 194
    24 50 136 73 9 142 130 219 216 44 140 3 22 28 214 118 44 71 20 174
    151 163 97 59 47 136 11 71 81 201 67 129 106 243 83 139 219 44 217
    252 236 68 213 149 240 243 64 223 152 11 59 176 38 110 162 89 5 111
    109 48 142 209 91 183 195 26 136 252 39 206 117 175 164 131 206 225
    253 33 123 158 151 35 47 31 113 79 114 22 143 48 60 56 92 126 22 10
    52 191 234 134 225 221 176 132 251 126 234 169 156 56 181 58 141 199
    33 19 169 106 30 188 161 251 147 38 225 34 34 87 230 72 154 77 226
    111 80 199 112 114 71 168 170 14 227 158 48 50 143 242 109 211 227
    77 245 48 179 176 151 166 193 226 200 62 127 177 148 138 91 51 150
    221 181 142 129 15 131 241 170 2 64 113 89 156 144 111 160 147 213
    103 118 91 254 102 90 209 8 154 143 228 83 134 40 233 57 13 152 27
    136 140 45 60 56 55 90 103 209 214 3 254 215 51 225 33 184 200 19
    106 240 140 135 145 186 191 185 176 117 196 75 168 99 159 25 60 241
    148 51 6 97 184 51 138 43 56 53 196 125 37 102 63 77 241 131 10 254
    218 229 166 56 52 95 103 120 177 137 150 178 41 200 113 0 33 186 30
    172 94 94 187 97 34 108 218 54 171 21 125 135 104 39 138 220 64 123
    157 0 255 1 109 23 91 103 97 152 96 161 226 76 204 132 166 239 209
    169 158 90 129 28 178 16 168 36 154 219 119 20 187 5 13 133 117 184
    151 224 204 2 19 176 227 150 209 100 96 177 36 178 129 14 107 46 210
    27 73 109 143 128 78 0 207 52 243 243 16 61 41 28 3 149 185 127 81
    231 235 112 154 196 117 132 216 185 7 183 31 173 198 159 245 141 211
    102 253 81 100 182 63 114 153 148 35 44 140 251 75 180 65 93 128 31
    173 7 233 120 224 90 49 113 79 220 113 84 15 255 217 129 179 249 186
    254 246 79 214 154 17 118 217 225 197 35 124 7 247 42 44 205 191 79
    98 250 83 145 164 59 143 2 219 22 242 151 146 249 171 88 52 91 129
    102 110 58 27 47 36 132 33 179 239 31 243 135 229 126 94 102 79 180
    243 32 224 123 245 210 37 182 146 200 121 120 216 9 226 73 82 185
    158 109 243 55 177 252 125 16 169 254 116 59 200 111 162 4 79 197
    114 123 36 196 184 79 141 85 163 45 213 153 120 229 12 233 223 249
    242 100 88 50 254 79 90 96 242 114 202 160 114 108 89 169 213 65 104
    238 230 128 43 209 166 2 86 110 252 59 18 212 67 112 235 163 66 120
    191 201 176 227 46 20 140 101 213 55 100 135 161 101 101 131 107 215
    44 214 107 142 206 223 194 105 42 35 247 171 83 150 37 8 168 246 200
    231 151 8 123 64 249 205 13 95 70 126 255 51 113 233 54 21 188 51
    167 45 54 44 96 97 9 228 105 92 133 170 246 195 234 142 236 51 217
    141 31 28 59 123 215 159 93 41 221 41 225 231 133 10 124 175 222 98
    128 34 72 84 13 14 137 13 74 83 183 230 119 254 180 36 181 174 125
    52 84 63 156 33 196 181 42 229 117 149 201 51 211 51 177 248 172 186
    27 153 190 12 195 53 82 191 198 78 89 115 16 169 52 247 138 222 58
    144 196 72 10 202 135 97 163 50 118 1 62 181 227 128 33 236 168 195
    196 125 5 137 172 204 209 10 235 193 139 17 70 96 198 38 198 144 56
    205 209 0 134 122 186 119 253 13 112 194 201 174 38 235 51 65 30 157
    207 247 249 45 123 241 229 146 44 138 56 107 18 139 235 60 244 182
    98 137 202 197 186 43 146 125 184 209 49 33 26 11 25 230 72 248 219
    183 191 198 116 248 63 63 183 128 219 122 13 110 184 225 191 99 25
    72 201 80 116 17 160 85 42 137 227 56 17 222 76 251 139 194 58 224
    177 10 109 247 150 79 100 200 198 3 139 116 12 131 240 207 108 73 10
    115 206 29 4 244 54 71 240 116 102 18 215 63 88 227 3 115 227 17 162
    111 143 186 164 199 252 59 6 94 89 207 13 186 127 214 205 53 53 240
    169 57 86 155 191 161 48 59 163 44 22 139 237 139 163 31 196 9 179 9
    179 114 175 3 68 140 170 169 95 167 54 253 51 129 196 227 139 105
    188 12 18 163 64 218 62 2 94 35 189 184 112 45 96 34 167 14 9 235
    130 214 115 51 110 159 99 108 132 185 130 192 13 164 112 3 224 189
    184 99 186 3 27 20 64 188 248 182 137 64 195 189 183 196 186 54 34
    151 107 198 8 137 22 178 246 205 64 229 205 26 106 176 44 222 68 251
    11 42 130 106 209 211 181 115 34 145 187 213 9 157 6 250 203 61 118
    127 106 59 237 131 106 107 238 175 30 172 222 177 247 218 62 37 0
    212 102 154 28 74 88 78 89 191 193 171 36 211 112 61 231 99 121 132
    26 191 205 183 235 234 204 118 13 226 235 12 122 201 8 102 205 194
    207 51 211 169 215 73 33 84 68 174 114 65 238 46 48 252 168 44 17
    216 114 213 213 198 136 143 121 62 163 149 137 70 128 28 240 237 27
    93 77 110 206 153 103 50 245 237 46 221 144 226 6 226 67 196 206 149
    61 54 165 223 90 27 182 162 61 76 182 139 165 69 102 109 55 185 3 86
    28 171 100 19 183 106 103 63 48 67 38 22 60 18 198 239 106 119 8 169
    79 232 27 220 63 174 72 187 136 180 43 43 117 109 154 121 235 140 4
    234 67 24 109 178 201 53 16 236 59 178 235 30 186 238 144 68 229 61
    189 199 103 91 44 82 212 47 30 101 137 43 136 20 60 246 236 70 249
    209 39 53 5 157 207 162 248 205 155 85 225 99 166 38 201 11 131 186
    130 243 158 186 230 234 59 84 51 80 192 201 226 193 194 182 230 58
    216 222 113 43 13 83 230 11 56 87 113 187 237 34 122 233 40 58 94 64
    200 222 107 230 62 68 1 137 238 49 36 146 185 35 38 19 11 48 140 15
    213 209 84 95 96 57 244 144 199 35 204 150 137 214 88 248 150 117 97
    36 162 39 5 77 77 158 172 212 119 6 153 231 194 39 255 230 25 42 171
    75 167 176 30 154 180 8 253 109 87 215 255 63 167 106 86 33 219 112
    199 253 9 18 168 24 241 58 217 19 202 108 127 217 32 185 1 79 36 231
    113 34 189 46 79 115 168 201 20 218 239 26 245 94 45 157 72 123 232
    127 198 135 228 149 220 194 49 241 90 49 203 79 216 168 15 241 31
    186 112 147 228 29 197 25 255 12 88 6 102 117 53 160 178 230 189 168
    209 77 203 216 170 156 25 89 238 125 166 114 215 212 44 193 184 34
    38 250 36 198 133 11 52 139 72 196 92 254 162 101 60 100 182 119 48
    47 54 99 45 189 67 101 48 217 21 173 252 189 218 138 149 229 223 140
    107 224 216 116 48 237 50 218 219 219 213 135 71 164 220 24 241 174
    87 5 122 239 126 187 226 204 197 141 152 203 100 25 242 116 142 220
    80 22 248 4 205 108 226 245 153 23 48 142 57 82 24 28 239 12 168 126
    216 114 160 193 82 45 168 154 218 219 9 103 164 27 7 183 173 144 62
    247 23 194 115 190 26 78 255 47 54 103 66 188 43 32 87 237 214 211
    251 63 201 51 147 58 204 141 73 235 5 137 182 96 176 204 130 210 243
    213 92 11 106 42 77 51 166 101 133 3 105 159 30 191 195 238 24 69
    133 185 160 186 93 241 193 52 28 78 199 66 14 211 10 59 25 69 62 63
    241 120 143 255 36 232 2 240 190 65 145 120 225 73 153 8 223 119 216
    56 85 140 7 127 181 33 155 249 4 20 210 220 141 106 250 156 7 225
    209 159 218 244 42 41 254 194 254 68 159 166 201 107 127 225 88 125
    179 245 115 51 207 245 37 51 141 186 96 229 195 64 56 16 226 112 169
    25 176 81 158 78 219 192 248 254 16 16 110 18 80 237 178 179 231 100
    82 47 121 26 88 1 16 93 88 9 121 129 174 241 61 196 185 10 65 38 133
    143 131 63 100 133 119 170 227 14 116 210 115 92 117 81 229 159 183
    133 231 170 90 188 215 0 38 196 36 166 94 143 117 203 3 181 71 98
    166 126 214 202 130 241 130 57 7 185 50 6 182 6 7 100 60 81 171 156
    69 243 222 221 41 241 176 48 249 49 106 60 188 182 247 32 67 173 49
    104 91 208 102 243 239 64 6 24 166 212 51 202 57 130 104 45 54 104
    140 56 141 112 27 163 228 241 33 125 203 150 37 9 7 67 21 34 37 1 88
    221 203 99 9 239 83 118 142 5 181 0 140 189 232 104 172 21 136 96 52
    206 193 192 220 229 183 246 158 136 34 45 142 173 79 188 219 82 241
    156 37 190 248 182 209 96 139 146 94 225 191 156 117 118 227 103 194
    145 125 28 129 203 193 223 42 137 164 215 10 190 201 87 48 20 242
    183 150 134 52 154 39 83 99 119 125 101 43 231 17 22 122 85 24 183
    167 83 110 222 38 194 78 106 186 59 52 11 220 225 255 236 164 70 88
    246 221 191 242 234 24 121 243 75 113 89 20 16 7 221 215 67 38 9 57
    93 249 247 231 4 177 80 162 126 31 137 220 15 81 241 17 41 105 82 86
    117 46 96 232 30 69 57 96 191 3 176 219 189 80 163 247 81 39 38 160
    96 99 196 23 48 159 6 240 171 234 173 179 97 36 98 151 112 86 181
    230 137 59 201 86 157 150 82 116 232 7 68 248 75 214 155 36 97 192
    41 7 231 14 102 224 111 34 139 181 179 179 171 192 211 250 75 62 31
    112 186 173 255 101 174 190 171 57 122 174 45 139 16 167 52 114 188
    109 144 246 83 70 23 12 123 207 160 30 87 54 131 165 209 34 64 250
    32 71 231 61 148 63 22 79 141 24 232 242 43 159 243 45 142 213 51
    193 121 164 29 226 27 69 228 184 41 216 141 132 65 55 132 165 34 135
    17 170 109 126 208 61 71 46 199 100 121 140 23 94 144 48 191 243 231
    177 237 67 107 217 75 15 77 245 62 89 55 160 26 218 205 157 19 221
    37 61 189 121 172 112 134 170 159 98 52 119 107 205 172 220 186 170
    29 27 42 164 242 145 211 27 152 185 115 225 39 225 174 150 4 207 31
    143 155 91 103 72 205 197 101 10 51 15 33 79 174 123 205 15 69 189
    104 97 49 13 151 202 186 12 133 105 152 235 88 169 213 0 80 161 243
    121 21 110 101 46 58 162 245 238 209 131 152 156 55 25 23 233 246
    198 10 30 230 254 238 127 1 200 164 19 72 103 22 42 184 95 149 140 9
    5 242 56 58 49 241 78 188 232 243 223 237 254 88 197 98 89 142 77 10
    120 157 194 4 169 61 5 125 226 121 65 210 55 49 139 240 173 174 228
    105 192 32 81 16 247 72 197 120 167 0 136 79 123 161 198 25 173 81
    153 4 12 230 36 67 26 75 209 37 238 91 186 86 48 191 18 201 88 10
    149 251 13 98 118 5 138 136 180 171 160 188 28 213 96 166 242 129 0
    59 26 170 42 140 218 204 15 63 7 88 104 180 2 17 254 20 212 48 240
    224 103 55 203 36 117 96 214 74 125 253 37 12 9 115 216 236 247 200
    239 7 252 178 138 172 156 179 88 148 94 110 161 19 228 82 249 250 37
    168 240 145 50 141 231 240 135 31 121 177 61 103 193 57 101 231 150
    56 230 193 61 147 45 184 223 96 194 225 209 198 136 142 47 203 149
    182 62 232 53 34 194 94 59 23 17 107 225 64 15 6 236 156 225 121 43
    172 115 70 95 24 223 248 56 49 214 74 251 82 132 15 39 86 153 163
    122 122 243 186 64 4 139 104 101 19 29 153 184 95 222 60 94 249 117
    194 172 150 51 225 142 214 46 48 85 8 33 54 87 128 39 119 138 15 19
    0 138 190 66 86 42 75 83 194 5 50 78 80 176 177 17 68 165 163 151 8
    69 50 210 89 222 172 246 10 217 120 56 196 227 81 249 128 191 70 140
    65 11 23 233 188 216 70 73 24 53 225 154 175 33 75 188 156 130 55
    209 15 214 168 158 183 189 242 125 115 6 189 92 190 16 80 49 17 54
    74 108 170 117 207 227 44 11 116 46 229 213 151 237 76 213 12 168
    118 164 22 139 106 25 124 156 216 91 163 146 35 22 205 88 70 246 97
    176 1 91 103 135 246 131 132 74 151 240 12 117 45 158 247 88 76 25
    108 50 143 73 251 245 51 97 89 156 65 220 41 238 47 10 108 65 166 24
    173 70 64 5 150 211 81 36 45 215 6 119 235 17 198 250 92 173 235 232
    182 82 17 250 41 153 81 4 189 137 0 21 131 150 252 8 207 66 173 14
    136 148 66 149 89 224 189 239 126 163 209 201 188 106 231 40 102 238
    73 63 41 18 217 178 58 219 246 91 120 144 32 223 100 246 217 117 50
    23 199 63 225 146 85 19 238 104 92 52 32 211 129 61 230 27 94 195 65
    8 182 239 78 0 192 127 148 223 67 201 192 153 106 253 168 215 10 185
    200 104 232 51 253 193 65 36 171 106 47 224 208 249 87 35 220 163
    160 58 237 116 14 255 53 91 245 36 147 55 59 21 200 219 209 243 111
    141 255 152 56 31 110 16 73 83 133 189 141 59 80 61 82 240 164 99 92
    1 4 125 139 22 243 68 25 120 166 96 80 236 245 47 212 93 103 255 72
    195 0 153 244 216 239 11 24 117 175 144 193 41 158 157 32 17 32 29
    154 74 152 89 196 190 240 12 17 247 74 196 184 166 52 250 235 228 40
    40 114 199 149 82 210 111 250 209 57 32 202 81 107 231 0 78 200 122
    44 80 102 84 20 152 228 174 71 176 129 90 4 25 78 131 219 145 121
    180 206 142 96 156 21 179 179 214 108 96 21 227 253 198 230 77 104
    140 111 54 196 142 202 220 47 234 36 44 104 56 173 255 23 29 251 197
    21 37 167 64 101 219 5 98 4 143 159 44 15 20 148 227 169 52 129 202
    132 54 176 106 80 124 210 94 148 234 112 127 244 21 46 56 10 65 118
    113 188 246 181 17 89 254 208 85 34 4 154 13 92 5 51 95 195 91 229
    241 49 254 191 254 213 246 109 35 96 21 52 246 163 66 72 39 36 14
    116 183 241 51 244 140 165 20 213 227 100 22 153 194 124 97 46 13
    127 63 187 77 234 201 231 39 206 5 26 222 33 81 167 225 61 34 104 75
    116 227 35 151 128 75 8 107 166 163 149 138 19 32 198 197 183 224 52
    43 126 115 201 119 88 41 112 59 61 118 47 147 8 149 58 133 122 86
    158 215 25 76 216 160 34 107 30 177 129 178 245 151 213 46 33 133
    128 216 46 122 10 17 39 172 236 42 15 45 241 105 53 119 41 48 15 6
    127 255 231 33 179 78 255 248 182 112 86 92 130 196 53 7 68 141 160
    184 11 176 160 247 55 97 25 126 9 12 64 226 143 194 166 195 137 247
    87 102 144 164 154 100 171 172 92 30 20 152 8 142 155 248 130 201
    113 37 34 101 113 239 7 154 55 44 201 220 166 210 219 42 62 250 255
    43 43 81 151 132 30 172 140 126 86 190 3 68 173 77 162 188 97 103
    232 25 245 124 217 2 240 46 60 105 13 11 84 114 128 209 205 173 158
    104 108 95 4 156 29 30 26 74 2 66 24 23 89 0 211 190 83 166 172 113
    84 64 137 68 224 101 36 100 92 137 103 81 252 255 233 134 226 232 22
    49 152 150 102 137 44 3 65 137 2 139 213 109 64 43 176 137 53 129
    221 144 151 76 46 251 159 214 16 101 250 234 91 66 237 49 253 136 47
    20 223 101 130 42 237 67 241 67 123 39 61 109 68 168 207 11 55 41
    217 118 212 248 104 23 161 129 191 145 59 208 238 181 101 143 181
    105 211 14 211 41 188 60 105 181 211 228 107 3 41 103 140 67 39 65
    201 13 37 94 40 112 108 93 117 14 191 74 13 254 112 15 115 139 87
    178 98 52 159 154 117 233 136 28 81 225 92 113 15 211 93 95 147 23
    232 232 48 70 214 107 239 207 45 187 200 211 150 35 240 87 133 75
    109 44 202 202 122 195 34 235 2 226 159 176 248 127 39 45 80 134 86
    115 73 161 203 176 225 232 34 128 139 38 60 116 50 206 183 109 16
    113 240 252 14 213 114 154 26 75 154 100 109 121 61 218 231 70 189
    39 55 177 74 206 202 100 133 252 193 125 241 184 179 76 111 124 204
    244 102 226 205 21 143 255 20 237 3 34 252 226 147 136 164 139 142
    163 135 245 94 69 232 98 124 65 32 192 120 3 3 152 100 92 76 239 209
    214 186 16 10 113 219 37 243 108 248 232 165 47 89 136 65 4 110 68
    101 118 40 192 157 52 148 100 32 140 28 3 155 83 182 6 8 162 157 131
    197 182 75 192 95 158 191 28 204 226 148 245 171 127 154 183 9 40
    162 236 21 45 19 56 15 144 209 240 172 227 246 164 3 13 139 124 65
    176 43 95 140 144 162 109 201 172 253 180 77 28 130 211 215 113 124
    210 169 1 230 113 241 23 84 82 177 39 77 135 167 217 193 171 78 84
    11 136 13 199 203 167 153 118 15 116 223 193 213 141 79 135 191 98
    96 8 202 74 43 114 131 124 114 83 100 187 146 131 252 143 186 48 100
    205 146 27 40 126 6 116 84 112 159 241 250 227 217 141 76 222 128 2
    83 71 66 205 70 88 6 158 140 140 167 240 174 231 150 1 74 61 173 232
    21 152 56 220 215 127 210 35 219 125 31 97 16 102 136 60 223 186 234
    24 146 169 3 255 35 166 207 163 50 183 67 117 96 54 165 232 64 226
    209 205 214 61 11 196 209 117 154 80 174 219 34 22 33 118 76 70 63
    160 65 112 233 25 53 127 235 124 74 6 144 178 103 238 103 97 164 225
    193 31 159 9 166 253 204 140 33 163 71 11 238 148 138 202 82 12 132
    194 240 151 130 230 15 213 139 34 24 182 19 67 30 105 152 111 96 105
    8 124 67 133 235 115 193 249 127 199 113 65 125 39 10 161 119 79 228
    70 180 213 24 130 160 175 167 235 183 1 0 196 184 161 55 65 174 2 15
    218 98 111 175 202 122 200 127 239 65 38 23 16 219 184 240 222 137
    82 99 130 235 154 179 96 6 111 50 130 236 151 39 23 142 75 161 184
    108 244 234 212 136 72 81 167 74 194 41 96 228 96 58 10 155 56 28 15
    62 61 14 161 12 115 38 253 155 206 31 78 232 240 196 79 68 73 181
    155 92 178 128 101 108 184 162 87 242 198 174 190 15 177 76 196 24
    63 17 39 72 165 85 183 75 174 221 218 12 45 77 133 139 162 57 91 250
    239 240 186 55 183 51 17 62 31 176 191 75 142 230 105 178 164 95 178
    130 215 236 82 44 131 142 122 220 28 137 30 39 156 128 232 9 146 158
    36 57 88 88 74 228 43 27 35 224 224 60 214 137 108 130 98 16 62 136
    134 250 89 201 22 119 125 164 152 46 159 83 209 223 38 42 212 122
    152 139 250 224 128 46 73 191 237 188 129 17 82 74 242 170 237 161
    92 43 4 6 85 155 152 65 174 119 200 43 53 11 139 127 72 250 67 5 59
    230 215 81 136 247 23 134 36 174 126 123 250 36 47 13 107 108 107
    128 180 140 61 242 45 248 164 192 237 179 101 232 206 49 176 2 74
    173 50 241 138 189 207 92 12 150 68 53 30 187 168 129 4 139 253 160
    28 138 97 234 113 180 57 153 227 69 32 16 39 91 188 203 104 230 215
    18 138 34 178 115 5 137 140 170 64 128 230 2 206 33 188 117 35 0 238
    62 246 241 33 226 168 186 117 14 205 34 105 162 102 68 9 55 103 46
    104 254 219 63 187 162 145 26 155 154 144 205 209 164 88 65 13 63
    249 163 69 139 175 38 141 46 180 34 152 251 64 59 205 192 228 189
    167 110 103 37 15 135 18 49 181 137 234 253 115 121 139 9 217 75 241
    144 38 92 106 229 106 240 177 33 87 57 122 217 32 155 8 72 3 176 23
    36 98 53 149 16 34 222 150 143 45 122 62 158 160 225 0 140 52 101 29
    239 252 148 216 132 160 244 246 163 70 35 114 156 236 72 83 93 1 108
    61 4 73 101 233 209 60 189 92 30 28 172 31 138 252 232 32 61 206 111
    87 25 128 12 160 28 162 247 40 47 230 116 253 171 52 224 112 126 48
    253 176 202 196 27 64 166 231 134 7 195 4 223 134 35 38 215 158 10
    120 141 53 188 79 112 161 42 32 107 176 250 69 130 136 138 223 191
    201 13 26 71 76 85 224 176 62 145 102 140 176 196 243 159 35 223 11
    244 199 1 122 140 70 244 20 208 212 150 187 176 148 178 155 186 111
    178 241 125 216 238 183 137 128 48 214 3 237 173 43 112 112 228 2
    175 2 83 202 24 204 38 53 61 196 139 82 54 0 231 220 139 186 112 163
    241 132 246 96 26 17 215 236 251 139 112 47 237 133 247 224 234 168
    201 61 212 148 240 129 115 116 10 89 37 66 191 19 71 17 128 49 143
    77 78 145 253 166 62 195 128 50 49 152 185 130 72 35 35 254 126 98
    128 113 17 138 141 88 150 113 43 18 180 124 104 28 202 16 57 166 102
    7 251 124 153 44 245 56 70 10 172 180 79 22 39 37 70 210 203 69 87
    89 136 63 67 222 247 189 76 105 187 30 199 169 245 238 202 192 6 4
    68 205 64 206 164 218 140 133 255 206 107 38 26 56 133 171 240 50
    142 91 221 83 164 64 101 42 5 39 163 233 34 11 206 211 170 124 72
    132 19 169 68 94 135 237 4 192 110 87 175 255 230 69 239 153 192 216
    235 134 167 160 142 102 189 189 161 253 202 16 168 161 160 66 184 22
    107 81 25 39 220 175 214 24 211 39 115 139 12 72 233 71 86 138 39
    232 98 117 240 252 98 69 7 147 147 46 131 134 161 29 227 104 187 206
    99 178 122 97 147 254 156 216 118 202 72 153 170 67 59 24 254 218
    245 200 110 49 76 249 177 102 9 177 255 255 98 60 64 142 75 88 57 42
    69 231 200 191 173 185 53 26 112 68 116 208 156 133 252 139 166 203
    16 235 56 113 2 35 140 141 155 80 76 180 55 229 142 21 197 203 152
    121 65 233 39 233 149 96 172 95 207 201 216 100 22 157 58 85 186 160
    62 89 215 23 6 197 10 216 232 137 53 254 40 8 4 36 175 152 170 175
    170 118 179 19 127 35 21 186 180 59 233 72 156 126 241 208 137 69
    125 28 69 97 29 46 233 228 94 13 103 237 73 114 78 88 2 79 112 135
    67 184 16 112 49 113 188 155 227 80 221 180 37 15 207 13 62 21 112
    222 100 208 61 96 31 120 80 170 137 100 141 186 105 8 70 18 119 25
    187 74 26 98 41 228 163 164 107 135 219 12 61 52 238 0 146 123 252
    38 74 71 123 3 209 165 102 48 233 150 241 223 184 108 18 55 121 228
    52 33 228 51 154 103 26 169 102 115 80 178 68 103 218 237 59 107 29
    183 28 122 201 249 14 112 141 138 15 210 134 49 141 84 140 210 87
    179 231 20 76 186 252 161 208 77 228 156 118 106 71 174 223 206 35
    136 216 167 71 196 83 124 225 114 105 248 165 110 122 49 202 202 16
    75 90 36 118 232 115 131 30 58 223 151 191 180 12 31 116 199 171 54
    197 165 127 36 87 155 150 162 133 104 194 61 165 172 104 198 111 45
    89 203 26 59 197 228 165 26 38 182 190 143 61 30 21 27 98 29 236 77
    204 53 247 159 175 5 58 2 173 253 166 15 104 146 91 56 246 149 247
    115 199 167 218 180 215 18 218 33 182 123 23 66 32 219 95 140 113 12
    115 186 150 205 60 214 91 168 152 126 144 183 54 97 68 23 83 28 143
    72 63 53 136 164 48 12 199 130 161 186 217 52 173 194 29 168 149 132
    69 199 198 65 174 70 96 211 52 231 178 177 248 190 43 51 113 173 232
    213 250 133 151 174 205 72 175 98 162 35 193 207 43 72 227 226 26
    254 212 245 163 86 0 141 13 160 4 204 18 133 1 70 210 39 202 71 147
    146 220 123 215 47 23 227 151 92 109 92 206 179 115 212 106 132 96
    52 254 218 20 115 55 64 205 182 243 121 251 8 239 213 12 182 214 159
    194 73 50 131 157 123 58 68 184 190 242 74 186 39 174 62 194 50 158
    11 44 61 85 76 81 137 20 171 238 41 220 44 144 238 72 108 200 101 11
    208 194 200 7 190 120 107 109 144 155 50 164 95 248 173 46 100 31
    115 224 99 253 130 16 113 72 31 106 130 131 14 154 2 254 82 85 166
    230 90 117 253 186 86 162 24 67 195 111 59 30 231 64 152 212 157 238
    53 13 185 43 45 254 196 196 2 109 118 45 234 150 21 21 122 94 224 43
    111 1 197 255 12 52 29 58 74 218 62 247 251 210 111 151 100 106 124
    44 103 167 118 123 235 233 219 218 80 136 155 72 134 126 181 219 167
    105 103 254 193 238 12 139 195 34 8 31 228 185 150 88 151 255 249
    124 88 84 172 19 234 116 50 228 222 223 216 245 161 250 246 125 165
    5 152 2 194 122 224 153 118 187 127 250 77 133 189 53 245 191 208
    188 35 38 203 227 190 0 101 119 125 181 226 212 166 214 148 50 116
    234 28 250 171 186 100 55 175 92 190 168 228 151 15 194 210 76 23
    129 67 94 123 33 183 32 241 155 199 217 146 204 34 171 37 191 149
    191 101 220 211 236 22 44 37 253 32 28 146 82 11 42 240 155 148 226
    106 72 241 90 111 227 59 58 13 18 204 71 26 43 159 250 127 53 232
    104 216 115 11 11 255 251 33 4 71 73 62 100 219 67 64 213 166 128
    218 106 137 71 238 243 23 232 77 103 53 49 0 124 12 120 65 195 40 56
    46 149 130 110 181 2 146 77 122 247 116 236 84 128 132 218 73 91 197
    160 81 67 224 156 93 243 160 127 186 145 105 206 2 37 4 108 22 153
    32 166 133 63 162 125 202 160 186 193 245 174 2 121 54 88 235 229 19
    228 240 120 16 45 62 73 165 65 18 244 188 189 186 222 218 59 157 168
    114 178 235 38 93 32 199 168 144 50 236 205 70 91 226 247 130 112 13
    70 27 84 103 127 117 23 35 14 196 206 199 184 124 94 181 76 206 245
    82 54 228 245 96 140 118 152 170 146 252 70 202 16 68 206 151 7 179
    119 182 179 27 215 212 121 113 27 106 215 79 32 181 33 31 241 230
    168 32 56 149 103 3 29 50 52 73 127 92 219 123 172 106 148 189 57
    219 123 37 111 83 123 63 177 115 191 96 166 40 86 255 26 53 193 121
    97 209 21 178 226 1 195 89 238 179 167 254 214 52 191 251 116 86 130
    14 43 205 49 147 31 128 240 53 43 175 78 59 218 207 179 182 132 85
    144 60 114 209 92 203 63 22 104 12 225 128 96 3 194 243 2 47 124 222
    101 234 229 36 31 155 58 185 35 234 175 62 185 81 166 180 151 172
    106 241 226 252 63 31 173 100 4 13 148 143 251 177 109 82 101 254 28
    36 64 172 76 98 13 130 96 4 70 185 149 118 42 226 247 244 216 123
    121 57 79 41 88 225 49 21 152 207 206 250 182 117 81 49 36 110 180
    168 145 89 83 136 8 35 44 181 85 246 111 8 54 28 61 71 144 137 196
    179 141 230 100 166 175 112 31 136 99 6 58 94 110 178 25 29 56 13
    115 231 159 69 155 37 223 248 142 142 235 176 44 71 156 151 60 204 4
    43 104 29 244 126 189 170 55 131 15 174 210 62 116 4 122 202 77 175
    244 205 174 246 164 43 132 245 96 140 156 64 138 112 27 138 231 106
    53 162 58 73 51 155 186 51 228 183 222 15 49 240 21 19 2 5 49 222
    139 242 217 224 77 187 250 64 153 231 55 10 69 51 105 122 196 95 211
    246 145 194 58 74 242 142 146 138 40 226 135 76 107 72 89 208 81 203
    9 111 229 88 251 106 71 3 58 133 34 145 191 161 82 1 43 143 133 100
    56 153 114 120 163 234 252 91 153 10 136 129 28 95 68 216 243 103
    243 232 31 209 57 9 240 162 167 24 195 120 145 108 65 161 71 55 84
    62 111 236 130 255 185 45 78 144 87 109 9 79 195 97 255 119 112 238
    105 182 90 189 69 185 36 253 252 174 174 62 76 139 252 37 186 147 56
    74 14 194 242 118 75 46 242 31 174 111 42 103 154 44 165 155 143 243
    163 130 168 93 183 144 102 205 104 219 211 239 245 1 230 209 10 113
    153 225 24 19 182 115 124 136 43 188 234 81 52 86 223 116 199 40 75
    213 117 216 2 168 22 83 114 21 65 28 239 113 118 77 15 236 230 129
    19 242 29 75 130 172 109 252 4 159 212 242 235 129 145 172 127 14 60
    143 100 94 140 18 37 1 126 167 155 237 116 119 248 194 4 38 220 95
    116 2 90 217 159 245 247 163 211 24 146 152 165 96 60 152 121 228 73
    128 27 231 164 155 52 209 220 93 182 145 65 130 110 59 184 248 251
    161 143 164 240 115 53 239 78 59 144 171 15 126 186 138 232 237 23
    190 191 6 143 128 93 96 137 190 26 30 47 221 227 125 165 45 50 29
    127 129 75 25 211 2 152 50 15 30 124 245 77 195 57 181 164 109 200 0
    239 136 83 21 46 34 203 94 66 84 39 80 90 18 73 95 212 119 211 252
    231 11 44 225 245 65 87 127 14 191 143 37 47 240 109 30 212 28 43
    124 201 37 131 27 109 183 155 71 200 45 133 218 135 182 144 83 240
    117 93 193 36 77 91 137 119 90 196 67 253 2 35 165 15 244 127 19 252
    35 53 118 79 164 234 56 193 183 198 96 122 55 131 8 31 209 114 72
    138 97 61 194 66 88 85 74 82 135 16 77 119 20 61 108 159 233 80 117
    241 149 152 206 8 125 4 228 11 243 213 241 223 141 42 132 95 236 234
    122 193 235 32 90 228 220 37 180 67 2 105 65 158 72 40 79 131 220
    247 217 0 230 244 214 241 17 225 135 168 94 124 11 231 88 146 26 198
    33 21 86 39 62 97 194 190 75 232 153 195 196 157 72 180 61 125 194
    144 214 119 221 118 141 177 8 164 22 113 247 129 118 246 224 135 86
    38 43 195 12 85 112 146 187 22 125 116 254 72 179 58 203 25 179 23
    121 186 217 105 245 114 96 136 191 94 41 169 82 196 129 120 157 87
    53 72 224 175 117 143 176 12 194 171 183 22 234 234 164 43 133 57
    231 16 61 64 84 62 140 72 137 251 139 6 80 161 206 72 200 119 125
    249 25 57 11 197 105 56 155 64 105 120 203 229 241 172 0 66 9 247 12
    189 151 32 66 41 139 9 172 51 61 103 160 181 244 19 79 210 72 128
    250 196 247 136 13 175 198 80 75 206 121 46 168 137 82 166 93 218
    222 55 165 162 82 211 113 226 232 74 17 236 101 251 82 243 24 21 60
    51 9 190 93 153 101 203 12 236 113 202 187 165 236 114 85 71 171 182
    146 93 163 180 160 69 162 99 252 148 206 118 198 36 81 178 221 140
    83 168 54 186 10 82 65 198 242 32 80 150 180 61 173 39 210 220 175
    172 246 124 107 175 157 35 133 35 130 171 183 101 22 191 239 71 143
    22 80 63 136 63 205 204 94 86 115 255 245 68 163 172 115 108 13 42
    68 159 44 149 74 239 216 79 223 32 225 38 205 114 208 0 76 123 176
    162 203 87 17 147 190 46 89 84 163 132 238 231 58 127 132 42 47 228
    142 70 37 249 158 220 245 239 21 133 103 192 226 233 94 141 170 117
    89 115 68 74 236 71 73 108 138 198 197 44 254 236 120 48 64 42 76 54
    153 140 17 40 168 227 92 96 150 200 221 156 138 176 151 239 249 244
    69 191 197 34 21 240 58 172 59 173 8 20 5 83 221 147 230 138 104 183
    20 100 201 37 6 85 88 14 94 24 115 153 83 109 246 157 137 220 33 92
    4 111 128 72 199 127 70 11 250 81 114 52 67 248 159 169 116 87 154
    176 6 63 226 31 67 7 241 186 175 67 161 83 130 26 210 134 176 61 140
    75 107 100 98 96 174 221 68 120 148 33 180 207 2 10 18 222 74 24 123
    214 240 6 194 124 45 112 79 237 126 163 137 169 243 211 187 11 87
    145 129 77 125 47 14 58 141 231 214 211 118 176 239 45 196 42 17 7
    93 10 253 124 5 192 161 104 220 131 2 54 230 212 177 13 61 18 65 183
    176 247 226 244 115 38 171 124 9 124 254 221 119 132 27 213 58 79
    137 175 207 242 237 114 138 4 91 117 162 131 184 5 135 5 200 90 106
    150 184 15 215 29 127 11 159 5 169 74 217 178 13 189 102 33 128 50
    193 212 89 69 247 147 64 247 176 126 199 150 195 202 220 166 198 236
    60 71 13 7 123 14 112 246 207 189 21 181 7 10 43 168 143 255 225 37
    244 157 236 239 96 216 27 68 209 52 12 150 251 185 97 78 6 79 3 89
    199 124 44 80 148 19 72 41 160 242 141 251 236 101 199 149 131 11 56
    159 223 92 31 51 65 149 106 157 1 2 116 66 194 177 51 132 199 205
    241 22 216 206 49 84 43 138 87 202 227 31 20 188 138 239 49 166 255
    201 237 38 154 7 82 217 71 217 202 106 102 56 41 177 181 153 20 245
    99 204 149 97 168 232 233 223 46 86 21 148 95 50 157 167 189 10 153
    83 182 75 46 210 132 76 241 95 53 237 80 144 178 70 249 3 127 186
    211 239 84 222 127 48 214 169 53 87 249 69 120 115 51 155 154 202 12
    228 148 189 63 125 109 127 94 111 14 228 63 82 85 113 33 7 203 142
    207 193 181 62 51 169 117 129 188 239 99 215 75 27 107 172 24 55 16
    88 113 226 10 44 217 14 51 117 143 242 216 92 224 65 30 49 10 91 209
    46 168 229 121 17 100 88 81 68 37 138 234 209 133 108 240 255 243
    219 165 81 206 216 134 213 135 6 251 182 24 247 156 107 212 107 8
    168 234 230 141 35 174 70 95 106 44 82 90 23 202 220 72 23 194 5 150
    50 104 153 104 111 33 18 15 127 190 98 193 164 217 100 181 16 119
    254 64 118 115 210 110 184 191 239 175 180 245 64 112 211 6 118 3
    175 150 7 74 213 193 253 115 205 159 19 253 26 17 126 213 143 101 89
    114 198 65 252 94 92 14 231 177 35 8 84 82 247 188 142 75 16 177 69
    63 11 23 103 200 150 85 0 67 21 215 91 225 188 111 231 216 125 214
    12 115 255 160 139 40 107 211 8 171 49 241 192 238 16 69 185 105 33
    234 103 45 177 144 62 242 221 2 253 231 234 42 73 159 238 182 0 165
    128 129 205 231 57 27 157 5 239 149 121 197 139 222 253 46 255 32
    174 46 53 121 226 125 242 121 7 217 78 234 19 75 252 75 10 174 198
    77 155 227 53 173 163 143 176 17 34 189 133 225 197 245 226 19 20 47
    21 186 107 93 61 127 253 159 77 13 182 10 141 124 89 75 87 104 191
    213 58 17 78 157 36 116 66 146 42 9 233 118 23 49 208 66 33 2 22 239
    237 18 152 152 59 233 109 237 25 8 251 232 210 63 84 74 246 147 147
    130 237 238 153 45 110 72 91 50 72 200 221 211 236 144 170 69 201 60
    60 198 44 151 225 250 30 92 85 158 50 220 159 224 116 213 61 210 22
    174 84 225 50 68 235 127 157 211 95 13 150 145 66 60 158 214 200 73
    231 228 40 168 231 26 132 198 228 162 122 225 71 170 101 242 252 189
    241 82 153 97 252 133 155 180 175 98 140 170 199 233 217 115 231 80
    70 193 241 71 57 223 221 251 201 198 200 16 36 204 107 228 226 141
    74 201 124 237 230 105 132 75 146 197 5 238 24 39 202 223 214 85 188
    176 143 91 58 5 119 22 67 129 187 185 169 210 149 145 210 55 4 228
    121 148 155 67 14 35 98 109 211 61 101 171 171 42 220 225 203 79 99
    197 211 212 182 67 89 254 199 224 215 60 189 48 250 235 205 48 34 74
    22 252 124 157 59 213 171 29 51 56 105 214 83 186 42 106 135 101 17
    190 93 218 29 82 205 104 207 77 170 159 181 241 79 44 33 244 247 19
    67 183 47 226 220 55 150 94 96 125 242 131 109 247 77 36 112 102 129
    141 77 213 111 106 213 128 6 7 168 24 181 61 176 248 195 73 51 126
    250 153 172 195 171 160 48 243 5 16 221 61 229 225 226 156 205 218
    144 137 95 118 219 108 139 192 32 206 57 213 129 43 143 35 113 97
    238 60 141 1 73 38 36 155 60 239 175 47 89 251 152 124 251 122 82 72
    38 236 95 157 230 186 141 113 62 35 6 166 74 197 61 6 198 96 234 255
    121 188 91 73 41 147 105 233 36 163 66 40 64 93 229 63 133 234 207
    75 178 156 129 42 164 37 251 17 140 250 241 31 178 173 59 45 148 242
    72 38 60 185 241 242 26 150 247 210 239 61 180 8 76 238 98 157 177
    118 41 181 255 228 178 98 60 149 249 27 101 198 239 213 194 132 18
    219 139 118 67 35 90 145 31 32 154 145 201 141 5 180 172 81 226 173
    19 108 189 105 212 222 124 11 129 95 194 89 20 110 105 48 220 142
    166 119 232 199 214 140 188 129 209 245 88 182 49 53 199 250 124 91
    60 21 107 154 111 194 224 35 0 126 7 73 141 138 207 228 170 71 52 42
    117 64 121 14 49 220 97 210 203 152 17 198 182 93 190 152 22 34 137
    181 149 19 18 103 210 46 252 221 127 18 150 139 66 26 136 233 110
    126 18 175 147 38 37 141 129 158 80 113 40 4 16 29 203 201 245 135
    36 25 199 201 250 172 51 116 46 70 26 11 11 93 43 222 45 23 38 11
    132 83 247 77 76 248 64 41 231 253 221 194 130 103 182 225 16 159 28
    129 28 254 113 156 46 115 208 87 139 116 182 138 72 252 142 165 71
    204 96 31 105 242 203 86 245 157 250 192 44 251 85 0 19 101 116 110
    91 172 162 155 216 7 131 250 166 246 58 58 63 203 118 137 113 215 53
    148 185 59 135 158 134 187 160 247 179 103 128 100 3 76 76 114 15
    104 146 246 55 20 125 210 96 241 87 200 140 215 132 8 116 92 70 34
    85 69 79 181 117 58 16 70 99 55 218 109 153 132 63 123 213 241 239
    164 22 222 211 142 254 119 132 26 119 134 150 101 192 42 225 166 27
    229 22 128 113 215 246 6 141 2 250 179 168 122 52 246 47 133 90 135
    211 45 91 136 232 151 118 200 165 190 178 87 88 199 180 17 11 177
    217 61 226 174 216 228 214 110 176 241 162 169 85 32 160 9 47 253 44
    62 74 146 145 179 73 79 195 59 221 207 98 198 160 150 149 111 175
    154 216 6 189 66 141 13 48 58 122 179 136 9 59 38 50 208 128 25 130
    32 236 160 85 165 132 162 45 236 21 73 113 94 220 169 225 184 207
    215 57 198 178 222 240 115 241 166 142 171 72 197 222 219 3 57 19
    176 30 163 191 20 65 49 177 202 191 216 21 156 50 44 59 175 176 223
    16 162 11 131 102 17 251 216 139 215 182 40 4 31 29 210 182 247 152
    33 156 75 79 137 181 201 78 227 243 176 198 217 57 126 106 40 204 96
    46 222 23 216 163 54 10 71 20 204 48 229 181 48 163 176 114 235 0 53
    35 28 110 121 48 166 49 91 53 202 197 158 144 18 102 36 157 85 145
    144 81 244 183 38 204 116 202 202 230 62 211 186 104 190 211 12 67
    143 170 179 37 207 253 47 182 29 90 135 207 77 86 241 104 231 167
    254 11 159 171 125 114 45 220 9 98 60 24 161 218 254 249 127 76 160
    47 49 228 133 167 229 241 183 32 196 49 137 107 235 9 145 128 193
    204 156 157 148 249 121 163 179 232 138 242 8 244 253 123 194 63 117
    198 115 59 55 49 228 132 229 17 34 14 49 57 121 122 26 176 157 66
    162 177 108 146 129 215 103 168 132 219 33 75 162 234 0 144 98 55
    127 241 16 155 37 190 3 72 142 139 39 124 136 210 74 82 69 222 51 46
    230 57 195 183 242 228 107 233 173 39 129 81 104 197 80 95 209 58 32
    153 39 248 221 191 172 233 184 195 248 46 249 2 73 86 185 7 212 187
    116 240 119 199 219 41 92 111 46 232 27 52 28 183 47 243 11 235 24
    86 164 223 101 107 140 157 80 212 189 147 172 69 252 134 69 183 100
    41 127 167 175 5 78 121 7 143 188 121 233 233 7 29 41 13 40 240 97
    57 229 239 77 4 230 3 209 103 58 170 114 172 164 68 65 141 63 226
    173 45 171 103 196 69 82 240 35 5 245 163 44 241 54 61 109 101 59 60
    25 127 186 27 39 22 255 237 69 123 4 72 1 139 157 160 108 253 253
    165 201 13 65 78 20 108 77 244 107 90 160 192 114 103 119 94 8 42
    132 125 117 204 253 118 95 88 125 238 69 133 214 4 107 94 42 177 243
    20 49 55 237 179 158 94 252 228 159 38 207 145 145 45 53 53 120 162
    198 224 128 113 183 7 60 4 135 6 110 253 40 170 38 218 1 116 233 14
    203 99 197 52 136 64 184 170 250 102 203 192 171 119 215 93 21 150
    187 211 20 244 136 114 64 107 251 173 247 248 28 218 186 226 232 238
    246 219 14 52 254 124 219 32 207 100 230 46 230 192 201 100 124 73
    143 107 91 58 68 52 158 233 237 89 183 67 52 69 206 40 120 51 72 6
    71 88 211 60 213 103 245 162 97 58 36 101 208 224 226 233 185 91 17
    21 85 211 122 54 154 40 223 14 12 158 37 68 121 174 246 200 116 236
    247 168 1 212 140 205 124 174 149 69 103 23 42 114 208 250 132 138
    82 71 21 126 126 158 192 208 4 109 255 237 143 5 122 145 33 228 229
    171 252 230 100 71 236 190 249 109 112 38 230 193 86 252 15 244 63
    21 102 220 68 28 97 69 161 221 46 238 105 44 112 51 124 183 93 240
    95 134 3 27 132 74 145 109 166 15 44 200 208 175 223 239 145 141 6
    102 213 177 75 188 140 237 20 31 56 95 186 26 125 88 6 235 84 246 37
    155 125 114 82 160 225 0 181 0 4 157 63 209 211 51 224 74 245 14 163
    148 235 16 14 44 77 78 15 139 231 94 140 97 113 76 225 193 162 210
    195 89 213 35 251 189 74 179 33 11 232 243 22 255 89 166 27 168 24
    80 173 97 238 209 170 111 84 82 37 4 228 212 64 167 115 171 253 226
    99 99 179 50 52 29 236 147 19 150 122 215 93 146 241 184 140 202 224
    146 66 222 231 214 240 86 174 64 228 10 228 167 14 129 243 139 43
    241 171 151 197 152 70 244 81 70 101 219 9 242 245 110 70 94 44 143
    169 124 4 47 61 168 207 130 113 38 199 22 27 194 77 84 30 151 213 95
    246 180 234 233 164 216 158 28 248 44 45 159 185 161 240 28 125 9
    211 206 247 252 188 58 202 13 142 178 47 72 141 54 59 210 37 189 27
    103 50 29 51 241 231 224 147 51 51 91 126 62 55 80 197 89 197 72 221
    17 177 102 81 93 199 64 198 238 99 115 66 18 201 248 31 158 13 88
    161 141 143 151 227 201 98 151 8 68 196 71 197 239 190 196 170 115
    65 165 5 242 232 169 73 182 44 192 94 22 248 4 157 31 212 109 199
    131 247 54 23 203 26 126 188 55 140 193 119 15 149 26 7 98 198 128
    57 133 40 193 212 80 1 181 10 57 202 147 11 48 241 98 161 160 5 45
    119 175 231 206 15 121 217 79 161 52 164 83 250 195 209 253 132 30
    157 196 211 75 142 201 137 115 119 182 205 63 131 60 236 170 48 27
    189 18 194 204 117 179 180 219 178 246 206 190 69 237 87 120 111 177
    51 169 99 213 166 64 240 151 122 26 42 96 77 148 62 81 57 43 255 211
    185 120 126 31 233 241 186 222 92 223 187 93 30 142 87 64 13 93 168
    195 159 105 39 125 123 41 63 229 62 91 36 56 215 125 68 163 117 46
    177 83 127 214 0 47 243 219 100 75 173 3 97 169 210 107 229 234 42
    88 150 130 109 25 22 132 48 32 39 13 12 239 223 144 94 35 230 194
    103 138 73 237 82 113 189 73 46 34 129 93 186 231 22 216 84 59 244
    221 0 127 179 233 114 132 91 163 18 3 121 176 187 47 193 128 85 27
    39 79 234 247 222 197 221 168 236 243 56 14 208 114 98 223 241 157
    57 155 73 13 66 135 23 0 53 103 90 96 237 87 147 119 195 133 132 63
    81 251 216 1 239 63 49 138 233 148 65 183 158 217 126 104 119 130
    179 114 28 224 20 175 8 226 153 159 74 127 43 200 121 46 231 65 47
    79 227 99 63 139 249 18 193 189 246 235 47 126 234 95 171 143 87 232
    188 167 18 80 245 155 42 160 162 188 234 194 220 243 76 91 130 68
    119 51 148 26 174 70 105 142 104 51 10 85 137 121 248 52 144 170 226
    27 1 45 158 107 215 161 222 133 142 88 141 215 232 49 135 241 6 248
    178 144 75 200 152 160 58 8 51 218 7 134 46 20 56 104 246 94 73 203
    71 249 48 100 120 155 234 191 253 186 249 28 122 240 110 139 148 172
    115 211 252 248 227 93 77 152 65 7 164 210 116 20 230 253 106 183
    180 25 206 233 72 173 38 59 227 41 247 139 35 137 19 125 235 252 34
    160 58 167 75 40 216 129 47 199 165 222 76 130 251 216 220 52 210 69
    169 132 52 249 141 118 166 172 91 189 180 212 41 153 26 157 207 152
    159 163 201 175 157 215 118 184 69 0 32 252 46 127 54 213 121 47 31
    56 213 59 28 246 178 208 20 208 19 71 251 231 138 207 193 235 212 86
    191 204 61 129 215 160 204 177 244 75 110 110 125 149 36 181 84 95
    22 134 46 128 17 105 135 171 153 124 103 224 113 175 54 81 103 94
    102 208 220 154 155 12 221 229 49 177 211 78 116 237 192 227 199 186
    89 157 101 139 144 116 216 99 254 49 37 82 189 151 29 86 191 99 1
    142 14 192 35 253 116 108 209 19 81 104 36 201 111 47 234 38 43 218
    219 12 82 167 70 4 162 105 29 39 118 71 3 218 79 154 187 212 118 188
    218 48 145 104 193 254 247 39 13 34 26 134 203 127 37 120 58 4 226
    206 198 171 62 43 125 117 56 203 113 89 86 241 17 125 150 110 148
    116 64 244 57 245 66 243 132 138 84 227 78 142 63 117 253 232 39 154
    190 138 158 84 151 186 23 104 15 57 77 195 116 202 182 117 94 239 93
    57 83 237 132 251 112 146 6 66 77 21 90 156 8 83 187 7 155 81 3 133
    149 131 84 191 38 233 214 98 198 12 114 226 185 188 247 71 70 120
    198 34 95 149 71 203 133 115 169 139 40 160 37 7 53 118 174 133 63
    85 128 38 160 205 29 166 79 195 100 195 226 46 254 210 108 57 39 193
    209 125 235 68 44 144 151 236 56 216 85 56 175 130 45 193 56 228 2
    13 185 125 122 197 15 122 140 74 236 32 225 141 224 24 229 156 239
    209 70 98 131 105 233 3 241 184 117 169 149 130 56 36 131 185 179 99
    138 158 31 24 232 90 48 64 195 223 135 107 106 227 18 246 242 32 11
    250 155 25 90 140 114 162 9 187 187 119 90 250 103 163 58 24 34 216
    153 144 110 101 116 92 122 87 16 178 112 63 37 87 7 182 56 152 156
    122 214 200 71 191 203 169 8 111 40 10 114 218 35 192 229 77 200 154
    184 232 159 63 211 157 158 110 168 109 218 37 73 77 141 26 123 57 20
    144 184 69 9 218 150 37 82 14 9 114 23 183 133 15 30 14 69 22 116
    136 151 43 209 153 212 87 130 108 126 34 99 55 16 54 113 118 221 12
    250 107 176 247 251 159 165 181 165 141 75 156 118 196 122 182 227
    50 95 219 255 226 54 129 142 5 105 255 242 75 127 2 126 136 146 107
    202 254 239 135 203 168 238 234 104 64 96 46 52 27 20 134 14 230 18
    66 184 19 43 147 68 152 169 194 75 106 244 23 124 166 224 1 60 42
    231 34 163 242 242 72 172 24 72 141 200 229 108 95 29 37 86 172 115
    201 99 162 81 119 56 145 179 220 192 244 168 128 193 105 132 110 255
    76 84 1 193 66 254 12 100 61 136 60 44 154 69 21 35 2 222 138 20 80
    189 202 53 81 242 188 171 67 131 47 21 77 154 164 15 15 20 152 233
    159 234 142 118 112 209 246 141 180 76 42 124 150 220 70 255 156 88
    100 113 252 164 31 34 64 47 3 186 81 179 60 65 175 120 7 83 186 88
    74 156 35 49 129 49 21 45 56 124 94 75 205 51 58 121 193 126 215 222
    241 252 124 169 115 4 26 132 220 177 100 93 106 240 244 251 90 14 49
    197 43 9 241 88 242 85 195 88 16 120 171 238 75 22 36 4 198 20 238
    41 209 93 19 166 25 131 33 177 224 171 52 253 134 169 106 58 169 41
    61 5 174 198 188 12 60 153 27 250 50 56 116 83 243 49 28 107 210 44
    37 26 248 203 84 69 95 92 147 11 255 168 22 119 48 214 55 20 61 94
    78 11 113 94 31 28 94 27 133 251 194 197 47 52 39 249 252 17 13 4
    112 211 22 181 149 60 38 115 83 240 49 57 228 9 250 135 35 25 42 136
    22 105 214 52 64 28 120 171 130 165 154 76 87 141 80 29 110 242 127
    166 98 77 63 81 149 24 249 67 204 5 177 175 97 66 70 161 240 24 168
    112 93 200 169 167 190 135 63 9 44 197 81 8 111 141 61 33 176 185
    123 120 229 44 48 224 227 0 111 188 242 255 240 66 136 198 172 243
    119 100 232 49 196 167 130 191 123 214 156 91 146 239 12 229 133 112
    235 176 19 19 142 92 34 251 41 84 148 130 224 156 245 215 77 199 2
    133 249 248 140 186 241 164 12 204 120 102 125 160 135 46 237 0 126
    62 28 153 185 42 45 89 243 123 73 67 127 166 20 75 39 119 178 45 242
    84 116 48 123 27 67 101 120 85 129 2 0 212 212 199 152 49 186 74 255
    95 163 34 189 61 185 120 252 88 54 197 241 69 158 51 74 105 199 166
    145 214 197 108 66 238 29 169 53 107 7 42 173 141 201 224 179 7 254
    87 206 111 238 211 16 233 146 229 154 192 81 112 196 61 50 117 208
    55 0 130 170 78 109 215 14 55 151 57 255 203 139 167 202 84 243 14
    188 87 122 223 38 143 120 208 10 36 33 167 99 175 217 176 152 159
    194 202 213 175 56 97 68 252 63 26 143 35 17 24 223 44 17 243 175
    141 61 77 145 8 248 35 244 41 150 49 201 47 4 216 161 88 49 185 46
    68 76 234 114 28 64 176 234 23 195 0 170 44 94 183 29 172 134 67 132
    146 197 220 40 244 87 55 136 17 201 216 229 47 197 127 71 228 204
    178 33 9 168 169 7 225 153 128 27 74 70 85 172 63 193 100 204 53 49
    73 48 38 162 34 107 217 227 229 117 249 222 46 66 146 95 210 62 217
    252 72 4 35 38 244 18 239 202 13 119 178 144 54 135 255 83 87 225
    223 59 196 201 192 248 54 99 218 6 64 29 104 100 2 39 198 104 225 4
    175 163 224 26 178 164 223 192 51 139 75 23 50 146 93 132 104 255 21
    220 236 157 148 53 52 61 96 227 82 189 46 189 36 163 181 90 129 106
    127 134 224 119 223 12 81 11 163 238 68 112 41 173 16 184 45 50 147
    101 210 23 184 135 85 227 148 45 53 178 65 41 147 250 185 99 130 126
    89 11 44 19 30 128 176 69 108 5 106 164 186 55 101 165 55 134 182 32
    8 133 244 204 232 53 176 45 103 115 146 184 73 91 0 51 24 95 67 3 49
    248 196 6 225 183 229 254 80 175 4 10 103 112 216 207 227 61 252 76
    110 87 51 122 28 96 138 255 179 147 246 187 3 81 154 107 154 188 93
    111 26 15 215 155 224 6 162 148 152 209 59 191 249 187 237 254 121
    239 178 24 245 146 149 71 39 242 234 61 100 42 214 235 67 67 105 147
    160 103 78 209 88 101 117 142 24 197 102 242 30 251 72 129 45 253
    103 13 2 1 106 32 31 223 5 127 208 107 147 75 220 201 208 121 142
    125 165 150 155 62 23 206 177 1 89 44 4 16 138 209 219 96 147 143 28
    27 77 99 189 53 157 9 10 121 186 221 219 69 224 72 123 247 174 195
    221 138 122 164 36 215 161 210 184 195 224 65 236 188 0 181 159 178
    12 185 111 255 56 208 23 6 197 68 239 231 160 114 84 97 123 146 233
    139 73 50 108 93 93 28 80 29 30 5 148 141 180 170 145 52 48 186 74
    78 110 247 181 121 88 251 200 223 0 68 187 7 135 196 158 77 58 54
    236 154 192 146 189 57 25 44 163 68 34 86 146 18 194 148 243 181 55
    50 203 235 151 64 85 30 198 37 31 57 6 37 247 127 151 21 215 182 23
    88 0 102 123 248 10 197 176 220 179 161 133 25 194 109 207 181 252
    21 10 93 142 70 55 194 82 122 156 61 75 32 238 49 198 27 254 223 239
    179 207 218 110 21 185 135 96 196 197 138 145 179 231 189 66 9 191
    52 6 94 112 223 159 30 96 85 100 221 101 235 65 147 254 68 38 219 39
    62 123 245 143 216 245 39 25 239 150 99 187 16 67 120 154 216 174 72
    65 195 28 103 133 36 28 114 81 65 241 143 157 100 69 229 119 0 215
    48 229 7 49 81 52 62 175 26 40 36 110 205 69 65 1 94 77 204 122 215
    234 63 233 33 164 77 94 194 216 207 243 43 14 34 138 35 231 209 161
    234 193 37 206 80 122 248 172 6 86 153 58 203 56 119 57 172 198 102
    52 79 0 230 134 29 26 92 5 57 115 165 219 67 24 63 40 238 133 84 174
    230 91 177 43 249 148 30 98 78 191 115 180 217 142 216 210 25 79 23
    10 58 193 28 228 136 14 232 206 211 127 91 3 122 160 146 41 106 235
    16 5 197 134 25 133 224 23 130 25 21 62 130 175 213 227 255 240 105
    230 182 114 6 44 202 139 214 160 163 185 215 129 207 243 75 178 62
    181 26 92 72 200 73 68 153 88 94 150 147 3 210 163 246 157 147 120
    34 81 64 154 84 45 46 66 98 193 149 142 181 146 237 66 109 27 211
    121 189 241 147 254 8 53 233 51 101 133 116 250 203 10 85 182 185
    209 82 69 39 68 173 65 229 35 242 98 4 19 98 110 204 92 30 43 59 219
    80 78 91 120 69 153 33 157 152 236 70 38 122 122 11 254 58 38 244
    213 5 242 241 84 22 226 191 24 185 193 182 113 11 32 149 26 17 181
    49 174 176 177 236 39 232 73 49 251 228 201 80 246 207 0 237 95 216
    85 94 16 169 59 15 220 79 32 33 243 195 14 160 159 33 71 183 151 188
    30 148 225 12 5 15 91 247 46 61 22 119 115 163 182 206 78 227 31 201
    78 40 204 120 232 109 202 233 21 179 164 171 142 27 145 178 248 10
    183 21 45 31 149 66 213 81 3 158 250 131 194 48 253 44 99 100 120 27
    209 159 131 105 171 127 4 237 182 192 242 120 151 244 162 60 31 16
    102 81 184 126 166 224 105 34 185 231 190 221 57 175 247 220 121 187
    126 152 234 197 128 40 241 192 7 90 129 131 128 158 176 211 236 143
    55 19 33 103 47 21 211 95 125 148 2 130 108 90 53 19 0 253 179 192
    40 83 127 119 128 203 215 217 31 98 129 126 188 207 223 250 46 123 4
    20 45 137 104 87 240 14 158 68 206 78 198 79 246 217 116 5 158 130
    193 35 65 90 125 150 218 63 102 171 4 127 68 181 124 0 253 89 224 53
    93 73 76 27 221 130 123 235 9 61 74 93 159 210 17 252 179 187 189
    244 239 59 124 124 140 43 45 29 68 4 198 107 63 114 105 210 4 87 80
    141 47 50 208 172 147 244 35 174 115 225 189 244 164 58 197 137 57
    66 18 227 223 206 242 247 52 59 143 98 30 9 186 31 232 29 192 220
    243 246 237 37 37 100 169 133 234 35 59 92 141 22 102 129 137 137
    216 6 98 74 215 15 1 69 238 36 53 145 153 152 215 34 2 145 229 14
    114 236 82 29 48 103 45 229 174 47 237 131 152 225 194 10 138 8 49
    13 15 40 157 78 7 34 29 73 43 191 64 147 25 108 240 196 18 19 36 12
    200 96 48 77 221 19 79 86 40 56 2 58 168 163 87 5 244 223 78 88 181
    84 234 117 153 148 22 192 82 45 88 120 7 235 107 30 112 27 135 255
    98 118 243 152 131 173 50 42 228 41 163 110 203 89 154 195 119 120
    255 128 75 175 135 128 104 71 163 198 254 70 57 182 32 92 210 141
    158 148 108 64 14 207 31 174 42 164 59 221 106 149 0 116 113 98 108
    13 47 213 153 146 17 211 8 67 194 36 80 255 39 155 23 52 161 255 25
    24 143 3 2 18 243 151 4 251 102 81 52 115 109 58 10 135 143 164 136
    163 242 18 30 197 195 48 163 12 162 65 94 65 158 110 47 36 61 235
    230 73 55 176 23 79 116 39 69 45 171 238 51 229 110 167 78 153 245
    35 39 10 112 78 100 78 197 206 168 177 177 215 13 63 127 101 202 9
    183 25 142 230 17 69 6 155 189 4 182 209 207 187 200 109 154 164 197
    117 212 160 187 36 241 228 230 100 154 0 124 46 169 61 210 124 175
    102 185 63 153 67 15 118 187 49 47 156 56 71 148 49 103 212 145 165
    176 12 67 26 149 211 100 52 198 87 229 140 201 165 111 206 212 68
    145 74 58 242 165 47 139 21 189 29 92 39 33 108 128 167 254 247 30
    239 19 204 12 11 30 135 249 233 75 3 25 254 191 203 152 243 28 248
    42 189 81 219 188 28 72 91 144 80 223 122 134 75 213 212 197 135 170
    169 176 208 8 163 2 109 227 70 125 240 160 25 225 154 202 200 72 81
    8 96 100 2 48 123 217 153 136 52 68 240 176 108 163 5 129 223 183
    147 187 84 212 222 56 84 83 98 187 208 175 226 112 138 244 189 140
    43 121 106 64 198 58 20 179 61 246 181 86 148 37 0 32 167 114 11 66
    88 32 234 31 224 188 90 63 12 183 168 42 72 97 196 210 41 166 96 7
    182 198 129 18 184 153 219 38 201 118 64 151 215 186 153 239 217 87
    215 164 1 154 33 118 233 212 246 25 68 57 223 7 180 20 199 178 124
    157 182 120 14 59 234 228 192 132 125 19 234 6 121 214 44 47 227 164
    44 53 236 87 30 1 131 29 212 61 49 124 5 158 159 152 65 143 1 228
    242 38 117 79 211 18 75 75 139 127 48 80 69 27 112 55 54 150 170 96
    144 20 205 59 133 174 35 146 184 186 154 134 146 51 63 217 189 178
    222 144 241 22 0 175 107 180 170 136 33 216 120 18 244 105 243 32
    203 35 113 240 56 222 43 188 185 121 151 41 25 99 253 22 68 148 180
    166 232 63 107 203 160 109 167 135 64 108 145 203 98 195 214 87 61
    208 119 70 127 134 102 194 112 226 154 163 27 157 177 63 212 33 253
    156 212 35 232 246 20 122 84 52 36 134 220 16 181 244 23 6 208 92
    118 33 112 199 156 113 92 13 67 198 85 28 153 132 119 6 29 117 19
    110 128 44 117 195 211 87 7 81 206 239 182 195 72 53 39 70 220 154
    164 129 0 123 124 56 175 93 37 27 123 233 135 79 66 155 49 98 250
    241 87 119 94 128 193 199 230 28 16 189 61 253 28 76 125 231 105 80
    202 79 58 114 81 189 210 163 0 126 37 99 164 163 13 0 14 175 81 204
    115 122 98 54 57 250 161 133 32 175 219 220 54 56 196 47 69 149 220
    186 235 109 164 92 92 33 247 158 98 28 8 119 118 198 143 79 39 183
    212 79 242 55 227 136 29 155 122 185 52 73 167 113 58 171 128 57 82
    81 186 194 253 197 170 83 217 72 84 221 172 234 255 179 168 34 180
    54 133 207 84 194 67 151 87 130 180 24 218 212 140 179 195 154 107
    35 240 87 39 171 124 66 244 44 238 10 189 89 53 57 198 8 230 21 238
    194 148 0 225 235 255 42 118 123 38 171 187 6 252 108 151 60 111 158
    44 165 157 37 74 215 165 222 63 15 108 164 248 190 134 214 169 194
    150 91 194 156 201 80 177 223 13 252 164 128 242 8 9 76 0 158 29 151
    78 192 253 134 220 200 3 221 143 43 222 41 155 100 9 164 32 119 4 29
    124 190 47 204 146 231 46 141 250 80 81 218 67 61 236 159 137 34 29
    106 181 200 73 60 192 85 241 6 107 1 77 238 83 242 158 30 194 42 110
    155 75 65 70 64 152 195 44 254 88 101 31 222 68 74 141 248 126 156
    94 87 204 65 63 132 168 191 215 198 8 123 33 158 0 36 173 231 154
    254 6 119 33 152 74 19 181 243 73 117 68 142 98 146 82 137 86 41 233
    203 157 221 107 35 114 188 73 128 100 182 40 121 61 254 34 185 247
    245 47 226 45 222 78 229 88 140 105 149 203 177 106 79 171 177 196
    86 230 23 124 34 19 233 212 91 198 52 145 209 114 160 219 124 99 233
    230 134 167 20 183 97 162 124 13 254 49 18 89 30 66 161 238 137 221
    159 90 104 240 8 129 20 235 202 192 203 134 226 183 47 21 227 87 78
    251 241 176 116 186 14 59 253 95 208 238 251 122 202 217 118 221 209
    34 214 92 19 40 5 80 22 88 102 189 232 193 18 69 219 85 122 35 190
    81 219 61 109 247 86 139 89 153 227 202 122 40 55 109 211 123 147
    131 72 233 122 119 247 104 83 219 28 70 127 99 40 173 168 80 76 42
    225 30 110 107 18 159 161 130 71 116 111 152 47 234 119 242 225 9
    162 149 248 153 165 211 6 242 36 4 7 155 192 159 110 148 55 172 174
    122 142 234 228 144 212 170 143 239 229 75 90 225 120 4 138 38 158
    218 45 21 97 227 150 145 13 15 60 11 61 214 139 131 23 236 55 19 191
    39 181 65 95 89 22 130 55 254 135 255 141 15 78 232 26 38 142 166 42
    175 244 235 248 7 37 68 225 173 94 22 253 140 100 129 72 155 103 208
    50 91 74 169 129 222 145 9 46 135 167 38 243 191 107 41 161 85 185
    19 200 62 36 164 1 57 10 180 71 94 220 154 42 159 32 239 29 73 85
    102 221 225 160 248 10 63 64 254 249 190 114 235 248 241 41 192 5
    209 143 106 69 80 6 202 205 134 154 85 123 174 133 162 138 70 250
    118 49 222 157 24 223 138 134 156 85 177 181 113 132 228 96 72 167
    36 232 214 190 204 134 62 51 147 153 213 179 138 27 154 5 78 229 4
    246 209 204 126 132 175 123 41 4 184 38 0 173 211 226 75 156 183 112
    94 85 7 99 224 119 188 51 145 238 223 199 48 200 219 199 107 206 162
    82 133 215 82 102 51 8 114 58 192 161 102 49 30 130 124 165 60 87
    120 226 14 52 173 154 73 26 244 64 191 88 168 181 32 227 226 80 238
    79 186 123 116 252 49 108 174 216 27 135 133 247 158 87 58 136 173
    42 18 114 179 209 227 23 240 65 169 122 212 0 87 16 68 91 214 83 49
    49 63 145 131 73 217 0 132 182 0 156 44 226 234 41 15 43 191 88 182
    103 117 174 51 154 138 99 217 173 197 128 122 160 225 218 165 213
    196 248 28 237 42 22 191 94 127 226 77 163 29 137 195 160 229 116 40
    90 23 91 9 99 250 247 173 134 160 243 64 32 101 69 186 215 107 173
    62 129 180 4 10 112 117 131 214 69 240 211 167 205 136 49 77 219 125
    8 17 35 181 192 94 248 13 181 197 62 153 99 201 255 79 33 232 214 22
    72 110 220 101 105 255 31 51 151 88 163 84 251 130 96 192 145 97 68
    140 186 3 163 33 225 12 154 253 135 195 252 190 197 223 161 17 53 20
    139 236 129 119 99 104 90 219 57 209 38 148 118 28 42 86 42 8 91 135
    233 176 154 131 199 183 13 187 35 148 50 30 37 237 67 207 21 12 192
    174 116 183 84 50 27 87 66 233 24 96 186 140 227 14 139 90 69 195
    132 106 94 113 123 190 184 196 22 139 21 151 245 158 206 132 16 60
    88 32 216 148 101 43 218 212 12 251 126 197 139 128 103 8 74 176 121
    100 36 218 73 22 1 53 137 94 41 133 183 217 73 98 109 82 62 195 94
    64 114 250 100 149 209 155 69 51 110 185 71 77 54 233 76 37 75 156
    107 50 54 218 69 216 129 35 76 170 74 126 44 159 232 121 237 213 239
    254 221 139 163 104 134 100 20 208 117 23 30 246 120 112 209 39 9
    228 222 104 65 36 184 71 223 113 231 76 229 212 128 213 247 32 75
    176 49 122 129 36 139 39 83 180 202 196 37 186 108 2 39 173 43 138
    140 198 107 96 125 29 180 208 33 134 224 133 236 41 37 211 52 143
    144 17 122 252 146 1 222 110 111 74 10 247 98 90 3 230 10 145 194
    101 195 187 50 120 96 109 66 208 161 78 19 50 42 64 188 135 240 217
    15 197 95 77 150 121 250 232 67 177 191 125 45 43 115 116 78 237 53
    200 68 214 254 19 70 123 178 177 193 181 66 48 161 163 180 13 116 58
    193 207 205 135 253 166 143 54 85 94 36 99 141 58 186 179 50 152 193
    106 9 49 2 156 188 95 201 33 190 49 112 120 203 221 35 134 82 173
    235 205 201 112 125 200 107 111 170 152 224 228 126 181 177 121 162
    16 21 18 247 149 33 88 241 66 160 175 13 44 235 28 190 124 186 44 41
    85 83 188 164 234 166 109 69 242 61 42 129 255 107 124 83 86 188 161
    121 230 209 69 70 75 241 114 172 163 119 103 125 31 194 165 233 22
    219 199 129 25 127 132 120 156 96 84 239 115 76 234 85 112 117 25 23
    86 38 73 121 84 35 63 220 87 194 105 140 94 239 69 83 74 236 151 204
    52 55 70 229 121 25 73 216 47 148 208 18 46 85 193 54 246 213 14 128
    227 86 245 233 85 66 58 202 97 16 184 251 159 169 127 199 194 192
    206 227 127 159 209 251 181 10 8 12 152 214 48 131 242 238 247 29 29
    183 220 201 56 249 161 130 253 48 60 22 183 2 60 202 5 177 253 35
    213 14 181 175 42 160 32 3 139 103 239 129 212 45 162 206 197 222 58
    239 241 40 78 143 67 16 46 70 245 190 138 1 208 52 157 81 219 74 63
    124 250 29 117 55 237 237 44 126 147 34 222 168 26 247 147 228 129
    182 125 201 67 244 227 59 79 32 62 70 252 120 112 122 155 193 79 113
    78 199 220 136 17 69 198 195 5 10 91 78 163 223 129 81 203 93 167
    165 18 42 206 61 215 193 99 143 205 189 179 101 208 213 234 83 147
    24 171 152 33 21 189 230 67 35 185 225 226 151 27 223 224 146 81 142
    254 85 118 24 88 217 100 123 84 55 94 166 99 229 103 100 4 182 117
    22 202 42 86 114 224 97 103 23 164 59 227 105 184 178 254 166 217
    124 6 167 229 225 223 155 27 6 109 188 74 41 107 197 136 128 21 183
    15 79 116 152 57 13 89 157 107 251 116 162 199 109 182 181 249 203
    22 15 69 251 65 130 190 81 92 87 120 215 73 201 100 227 116 6 176
    237 77 13 109 46 137 172 215 192 9 220 225 74 45 194 33 222 120 84
    25 101 10 105 151 159 145 138 8 181 108 174 92 140 152 173 51 143 5
    26 171 20 124 120 215 195 39 136 145 212 8 161 216 156 67 0 214 21
    156 157 11 45 118 52 248 62 148 22 180 214 11 40 64 51 175 112 230
    34 63 235 87 239 213 110 193 103 114 34 238 97 145 130 74 57 134 29
    13 6 57 87 118 154 101 167 63 129 82 124 220 73 9 60 52 172 159 181
    24 179 216 210 81 238 192 12 144 196 23 6 233 108 191 89 186 228 215
    19 154 135 176 20 103 233 121 181 213 21 111 136 163 66 46 177 163 8
    254 161 218 14 49 69 18 23 101 33 239 132 101 198 123 209 146 97 82
    56 103 12 5 77 156 17 245 1 38 250 117 153 156 92 152 255 211 59 248
    102 86 210 156 29 62 114 123 68 60 177 249 179 227 171 119 151 163
    243 136 21 239 252 143 61 101 79 35 242 57 228 162 186 129 30 116
    149 108 23 16 237 42 45 49 112 1 75 155 25 77 188 28 232 202 233 184
    53 45 143 109 181 136 110 209 124 42 248 83 129 140 186 159 193 147
    203 62 91 173 122 29 22 186 30 166 100 235 41 151 1 196 93 140 223
    20 75 133 248 164 255 240 243 22 18 161 116 50 21 65 136 60 20 36
    150 155 199 32 112 159 221 53 231 6 170 171 219 162 100 36 127 69 69
    57 147 84 32 76 69 112 174 233 8 61 8 89 104 83 127 81 169 128 40 9
    68 232 244 181 206 223 0 227 183 182 185 136 255 245 19 68 145 252
    63 119 57 34 223 72 200 228 157 58 18 124 134 173 222 71 129 250 23
    232 190 47 64 58 202 9 203 201 121 26 234 183 62 124 215 54 213 39
    17 207 237 65 172 19 45 30 88 252 160 83 67 7 203 252 11 219 82 102
    58 22 202 142 113 230 252 197 235 211 68 65 65 45 119 185 6 190 113
    175 39 30 65 30 122 227 238 58 181 163 169 247 6 104 160 33 99 11 34
    178 32 115 180 245 146 245 46 99 178 179 254 213 199 231 108 228 82
    189 95 171 233 42 246 204 157 50 95 121 205 215 252 224 108 251 121
    186 138 60 191 206 30 19 172 82 222 204 251 82 134 5 221 104 197 131
    55 14 2 105 75 177 228 44 213 235 199 224 184 62 246 164 207 239 32
    53 68 208 238 251 161 126 31 134 72 240 31 129 32 243 242 200 214
    200 153 31 107 183 51 52 208 88 237 243 187 238 108 222 30 248 34
    165 77 229 99 240 221 127 169 171 90 193 144 185 130 16 10 166 205
    24 183 20 183 27 52 241 63 91 224 192 114 33 116 178 174 126 143 71
    209 236 118 179 226 205 13 5 241 21 206 209 55 174 190 199 73 171
    206 125 211 25 249 118 181 247 163 55 107 114 28 86 6 120 165 99 100
    227 219 142 115 134 195 211 40 29 119 235 218 116 31 253 43 144 102
    227 140 104 204 163 89 227 97 169 110 224 123 66 41 19 244 239 57 18
    129 114 175 157 205 255 141 57 29 71 212 77 39 206 189 241 195 12 53
    167 143 163 106 2 178 123 192 191 148 146 128 208 41 232 18 10 232
    26 204 88 133 148 61 207 215 242 173 163 155 153 148 125 112 251 18
    243 85 47 81 176 156 75 27 50 36 150 172 233 193 162 64 226 220 11
    143 189 179 45 183 159 5 133 178 114 86 33 134 179 135 230 132 213 7
    154 166 237 232 86 217 52 56 90 165 38 80 208 96 27 43 212 128 107
    230 123 54 254 208 52 228 181 232 57 10 209 193 23 69 207 6 59 23
    108 112 225 51 84 23 99 150 189 162 223 129 140 173 3 69 103 185 166
    241 192 185 123 149 160 218 63 80 122 73 95 50 82 199 250 99 82 71
    231 144 176 49 191 119 241 238 130 228 237 102 242 72 92 24 48 97 46
    107 173 202 212 161 201 73 51 125 43 211 238 54 56 144 251 153 200
    64 166 63 1 180 21 14 86 60 109 115 135 32 108 247 66 225 244 179
    107 85 217 9 73 128 92 202 229 56 189 0 70 127 251 208 180 136 252
    142 17 85 174 13 144 241 139 229 58 101 150 21 134 202 227 248 169
    197 32 140 36 96 169 115 43 31 138 21 63 145 48 5 251 44 117 215 120
    40 198 249 115 217 218 105 24 199 38 162 103 71 16 250 43 86 214 7
    154 174 196 0 70 244 179 70 148 86 119 72 15 116 32 238 220 226 28
    56 35 87 234 55 245 208 224 94 73 197 26 160 79 56 79 60 188 83 145
    252 184 166 206 6 200 253 190 106 208 34 108 66 70 64 99 226 196 200
    94 27 238 215 27 221 180 18 180 53 155 15 250 140 68 75 6 105 218 99
    203 119 156 78 13 126 57 24 122 254 107 23 102 208 36 149 37 1 216
    63 23 242 156 183 221 105 82 247 208 26 153 95 165 143 94 250 21 105
    141 231 27 211 29 226 60 3 253 89 172 53 43 35 239 255 8 66 146 253
    62 181 102 111 124 135 64 178 204 83 117 206 15 208 11 92 131 181
    209 173 49 252 225 207 155 254 247 179 103 72 225 136 84 119 170 191
    209 71 54 171 221 57 48 140 205 179 172 27 43 187 171 61 18 25 130
    164 36 147 2 148 90 111 99 124 244 75 159 118 255 115 67 198 162 213
    70 219 0 110 130 56 57 54 69 140 192 129 127 5 84 25 110 252 123 91
    25 17 24 77 108 25 107 23 136 41 90 129 91 196 194 250 4 60 95 21 82
    169 20 66 13 224 48 194 47 40 213 119 10 45 190 68 35 203 130 116
    101 185 240 73 255 218 239 227 104 173 131 221 108 202 212 220 79 21
    250 49 252 51 152 70 94 32 135 185 204 138 98 204 90 39 163 147 76
    105 239 129 92 29 241 193 201 211 105 169 169 154 145 29 91 221 94
    226 167 54 96 69 226 170 129 1 75 117 10 117 247 146 175 36 33 95
    249 56 16 166 57 46 49 92 168 174 219 215 28 67 222 119 221 182 216
    23 184 154 206 73 229 11 79 50 58 114 157 149 180 236 97 56 81 109
    190 67 98 107 82 223 204 87 142 55 173 117 70 75 86 38 181 243 209
    166 15 155 42 44 226 141 22 134 157 38 50 251 1 70 142 79 248 230
    118 70 76 116 36 32 62 145 110 221 125 236 233 85 118 132 20 243 131
    177 96 170 135 168 97 143 243 165 109 68 66 144 76 221 204 82 96 243
    44 23 149 152 202 126 158 221 15 72 229 106 40 8 108 242 38 95 224
    104 194 23 254 2 140 71 142 143 44 212 148 223 148 174 230 171 114
    151 193 27 218 9 225 78 156 26 42 211 136 231 208 128 37 182 239 88
    253 177 210 84 188 8 145 6 112 40 144 240 17 97 216 64 96 172 3 62
    241 184 79 130 76 86 20 35 42 66 60 151 209 54 75 80 153 201 57 193
    167 201 187 7 204 72 202 15 135 145 193 105 175 195 95 164 93 6 9
    139 92 175 24 52 197 152 62 99 206 246 133 184 215 132 156 176 216
    204 84 25 249 227 242 28 215 158 125 122 56 209 80 216 93 218 160
    231 227 88 97 231 154 111 167 87 153 130 248 179 53 45 221 210 94
    145 175 235 121 129 175 188 240 73 64 55 254 112 35 110 191 153 42
    22 65 121 237 159 138 161 168 249 42 84 26 3 56 181 2 166 103 2 250
    99 120 167 6 151 56 230 128 80 125 125 76 120 198 11 88 143 170 234
    95 208 43 178 85 54 59 26 229 141 4 80 77 245 215 191 139 149 215 69
    110 78 126 72 62 190 15 206 135 183 189 74 42 166 109 3 10 7 91 102
    172 54 16 162 137 45 92 17 1 152 20 221 141 235 170 10 92 107 218
    233 249 253 8 48 244 181 157 245 93 18 39 235 187 71 177 214 175 49
    183 164 3 132 160 217 14 146 201 151 33 129 214 53 28 169 160 96 206
    144 197 217 202 226 28 121 10 74 184 57 15 187 188 227 254 237 95
    170 175 190 33 63 234 61 87 158 152 59 40 22 165 212 145 240 166 147
    5 13 113 205 115 185 220 89 104 26 220 176 205 83 139 157 45 145 205
    235 45 14 5 160 54 124 106 46 255 64 168 122 116 205 120 15 91 64
    169 184 77 144 229 183 113 25 202 195 216 157 222 58 145 245 192 57
    35 231 69 0 23 203 187 12 31 157 204 97 24 52 187 177 86 192 51 199
    167 33 234 28 167 90 109 125 238 24 119 99 141 1 126 29 115 151 172
    59 106 194 53 221 106 143 60 48 74 114 108 31 100 177 107 41 120 112
    227 233 15 98 19 45 255 223 44 206 42 77 215 187 113 199 132 14 211
    146 70 45 191 142 138 167 148 4 134 117 251 31 229 141 176 62 13 159
    35 156 171 204 227 216 238 74 138 46 138 89 69 31 5 92 109 240 25
    116 105 74 12 173 80 99 174 251 46 146 182 221 74 193 10 193 53 238
    96 203 166 4 37 32 201 162 80 76 231 232 188 16 23 113 76 24 125 118
    156 175 166 9 66 182 182 160 116 130 56 195 59 192 12 145 29 104 170
    204 156 140 182 40 18 148 93 176 152 171 211 27 164 206 14 23 127
    112 213 117 181 143 116 242 41 142 239 179 77 92 137 74 75 1 127 5
    253 147 50 150 132 4 204 245 18 105 217 13 97 145 232 215 112 60 155
    43 249 110 94 237 89 207 42 124 13 198 240 140 243 250 153 107 34
    236 136 114 245 46 96 225 84 149 70 85 162 76 186 154 90 34 121 53
    118 239 52 41 99 147 144 134 208 134 247 127 139 20 123 232 115 8 13
    224 159 153 132 40 73 151 251 139 251 160 150 221 110 190 166 53 11
    196 26 216 179 186 151 229 25 244 188 208 1 10 146 98 196 130 60 140
    108 201 192 78 11 250 253 90 120 72 177 66 159 206 183 151 216 208
    226 35 136 81 231 85 85 100 213 194 118 38 91 126 178 25 104 179 135
    109 86 129 49 193 237 227 83 63 122 89 22 85 183 159 232 105 63 186
    101 1 104 55 52 169 16 71 106 49 156 113 166 168 53 245 190 57 86 19
    223 109 61 77 90 217 132 234 243 237 74 129 121 8 42 225 179 185 18
    216 167 242 240 163 159 179 224 229 0 132 88 187 61 193 107 231 133
    70 159 17 114 224 162 91 201 131 77 78 209 90 81 136 51 218 169 230
    186 207 193 80 175 179 90 73 3 114 104 255 226 164 10 156 202 66 120
    177 156 172 141 39 13 132 197 155 228 57 86 181 179 88 235 35 115 30
    100 86 60 140 209 32 231 15 245 71 36 20 101 102 245 237 95 49 146
    80 91 81 239 195 136 241 85 175 210 97 59 4 44 180 218 77 188 160 38
    153 211 32 110 229 181 56 111 157 187 180 76 84 133 26 147 47 197
    166 122 111 254 251 229 217 202 125 11 243 231 199 26 104 189 115
    226 81 232 84 17 190 151 175 2 21 243 26 123 18 99 212 103 114 107
    106 121 221 189 114 43 226 9 8 89 206 178 226 30 11 123 8 199 98 82
    146 27 29 157 178 160 158 237 155 54 128 52 178 148 177 32 184 217
    39 46 150 201 188 42 112 234 0 198 167 240 179 113 118 229 50 200 3
    17 6 183 98 179 176 88 156 25 223 146 171 119 3 199 54 76 235 198
    226 126 240 149 133 141 249 198 78 17 155 132 137 220 228 184 148
    166 59 46 143 245 174 171 93 232 251 128 254 10 18 98 235 160 138 16
    54 237 147 226 131 138 215 206 249 121 240 72 250 19 107 221 83 123
    41 112 155 120 115 4 33 156 15 23 68 211 108 88 171 97 12 126 85 67
    21 189 191 180 4 0 19 87 113 12 2 80 203 38 35 199 112 208 234 224
    165 208 114 36 44 32 226 221 51 134 114 203 165 246 21 130 88 195 33
    227 27 38 170 190 121 224 71 164 71 154 72 101 122 202 70 103 70 128
    78 207 66 59 12 58 93 55 170 77 130 89 60 204 165 229 70 147 5 208
    59 77 23 53 212 189 4 9 96 30 64 122 77 35 159 20 130 138 93 23 107
    244 52 48 107 84 148 65 164 233 132 137 15 123 127 100 214 106 157
    143 211 79 149 120 10 198 228 11 30 27 234 208 236 58 140 121 236 21
    238 228 213 16 185 126 183 91 39 223 6 3 237 68 26 210 76 192 240
    238 124 95 54 46 210 18 69 92 247 15 120 143 147 231 31 152 66 186
    25 56 159 95 203 125 175 9 116 86 47 56 84 164 56 48 107 172 234 208
    247 236 239 46 65 216 98 1 78 162 0 165 103 154 84 51 63 85 94 32
    184 92 238 242 129 45 214 219 128 186 72 128 215 179 164 221 153 99
    74 96 122 126 1 25 208 6 94 59 177 87 190 243 158 169 121 103 67 121
    151 209 232 32 164 231 229 163 121 41 213 80 29 183 19 163 10 226 26
    117 185 44 16 231 31 84 3 243 232 39 91 99 100 172 189 159 112 80 8
    68 219 192 229 197 216 31 108 116 94 89 153 50 44 106 148 198 155 63
    192 24 66 95 209 223 21 157 66 47 55 129 142 116 0 141 230 235 86
    107 143 131 244 52 8 57 181 240 107 78 116 120 38 154 158 140 173 54
    247 7 134 128 188 126 31 77 196 81 35 254 4 153 5 224 96 170 209 104
    8 172 240 243 131 225 138 21 96 5 109 224 186 53 218 84 32 54 180
    245 211 227 32 238 20 234 147 108 181 179 35 83 62 49 185 8 119 18
    40 116 77 78 115 228 177 106 95 209 134 226 19 171 19 242 98 185 68
    109 13 34 61 82 73 253 182 61 179 181 207 137 69 223 70 16 38 191
    186 90 132 217 89 173 99 235 23 68 195 113 109 102 225 226 73 124
    142 66 82 158 154 221 107 104 252 25 86 29 119 209 175 91 92 224 154
    131 64 94 93 184 224 13 119 0 92 68 236 43 132 178 193 8 132 199 173
    56 38 167 235 108 117 155 40 140 160 147 30 49 17 175 146 154 52 50
    63 128 134 113 146 195 9 59 246 129 7 20 80 73 87 52 159 8 223 106
    246 87 238 198 49 24 128 78 190 11 83 199 192 118 170 38 109 177 30
    105 53 203 33 97 44 50 226 156 120 195 65 241 166 3 211 205 93 200
    116 68 186 44 134 4 152 194 177 132 9 124 253 20 242 98 194 151 29
    54 196 247 136 55 228 138 224 48 31 9 114 2 238 248 1 168 36 215 72
    40 10 214 210 50 82 196 136 8 26 54 186 42 41 198 222 54 94 145 219
    240 176 109 34 93 234 176 163 91 232 208 181 117 47 37 217 106 127
    232 146 70 194 2 132 56 68 236 102 36 174 103 237 116 23 15 125 151
    255 107 196 183 246 125 23 82 170 214 94 76 53 54 41 124 233 101 172
    194 202 192 226 138 91 220 230 251 218 218 78 7 65 223 162 199 201
    14 200 184 113 133 150 178 117 120 122 49 250 252 86 245 189 116 187
    218 198 170 227 201 148 255 196 152 90 194 186 47 177 16 191 174 158
    215 194 120 247 226 84 218 50 10 250 242 46 7 188 245 53 117 15 144
    94 18 68 185 193 182 151 176 194 151 192 54 71 166 50 146 94 21 217
    52 199 115 165 227 87 221 116 89 88 240 82 77 59 200 150 212 118 33
    211 86 239 165 96 100 77 240 244 253 95 165 200 192 7 93 111 208 112
    115 254 156 138 80 68 59 148 226 3 214 139 240 170 56 174 231 112
    251 208 247 198 70 160 192 158 37 171 172 179 136 232 250 90 29 112
    109 61 88 48 254 191 190 37 217 45 22 188 3 216 153 145 193 167 172
    245 253 70 78 43 238 179 1 117 22 159 54 60 218 87 136 97 94 143 86
    146 16 47 137 231 109 29 103 187 47 135 193 232 56 192 33 113 210 70
    36 232 125 175 48 100 58 209 163 230 3 147 189 106 89 181 166 112
    216 148 13 31 186 188 124 197 208 37 190 179 13 167 190 27 121 67
    140 50 54 254 64 37 140 53 39 167 36 107 209 162 152 122 144 88 175
    119 149 167 133 92 87 105 193 86 110 37 108 189 129 217 229 82 50 13
    134 86 76 11 8 56 55 30 74 8 192 29 115 234 55 68 74 7 0 129 42 246
    46 202 157 211 117 208 97 137 34 165 111 163 126 95 207 167 153 20
    134 238 112 106 149 23 155 107 220 76 16 187 60 248 216 14 47 2 163
    104 116 32 45 64 62 243 83 183 203 21 214 202 39 19 134 109 203 114
    239 99 218 253 232 210 79 238 211 96 240 202 102 183 218 5 116 185
    92 134 74 111 144 36 89 15 47 222 250 253 33 3 44 52 134 204 86 194
    72 93 13 128 125 177 196 156 20 237 65 114 199 91 51 69 223 178 68
    93 8 29 215 133 149 223 10 170 169 226 87 184 168 216 145 84 22 55
    150 120 91 227 151 253 137 115 47 53 23 109 41 138 20 75 10 191 27 2
    86 209 58 204 18 214 117 143 251 222 220 16 176 115 190 165 196 185
    215 40 184 151 57 61 10 46 207 103 58 158 186 108 3 5 107 239 99 16
    75 74 175 225 204 198 237 154 99 89 56 104 232 123 94 90 216 243 195
    180 175 246 189 112 55 230 44 202 125 52 165 159 43 242 144 230 242
    168 180 234 236 176 135 235 37 78 101 186 90 33 174 108 67 102 153
    175 211 128 106 170 254 182 47 158 220 190 100 95 207 236 71 97 174
    132 213 200 138 60 206 255 42 78 46 24 2 109 110 190 141 224 104 255
    244 108 76 28 176 116 215 208 46 170 75 205 167 222 154 131 110 105
    84 98 5 70 194 125 37 202 63 125 189 139 184 160 93 91 55 154 153 27
    60 158 197 14 56 5 113 43 211 245 137 254 234 113 129 92 181 157 134
    91 18 118 126 35 5 165 200 33 110 173 77 128 155 13 239 107 209 125
    41 167 238 11 96 106 16 23 9 110 249 120 93 100 224 17 106 121 198
    185 129 138 32 165 95 145 186 202 199 211 2 128 242 41 146 194 213
    168 158 94 51 189 149 174 51 62 82 13 172 112 29 179 94 227 247 200
    92 26 111 104 156 130 14 107 96 235 188 116 68 226 215 242 84 14 223
    248 141 79 106 205 144 87 243 63 83 245 255 109 178 64 79 77 40 143
    150 113 166 250 13 239 41 247 121 171 87 62 64 80 49 177 79 64 42
    250 131 181 201 35 153 159 230 236 77 171 21 18 6 139 196 187 131 56
    116 111 206 194 182 210 131 117 63 213 84 121 126 126 61 128 82 228
    251 112 125 244 171 239 196 226 150 140 139 148 60 110 162 137 89
    122 201 1 125 161 141 213 174 69 122 244 181 23 161 90 63 232 19 241
    34 239 250 164 123 119 108 47 12 45 178 251 65 56 82 160 102 67 9
    211 189 108 254 212 153 144 37 93 85 7 149 198 174 156 230 227 102
    243 252 244 176 201 27 247 178 165 246 117 199 105 36 36 161 60 177
    192 180 218 9 24 238 143 29 173 228 40 178 68 150 69 193 44 229 83
    253 47 60 38 24 128 134 253 7 15 198 213 139 93 30 98 111 53 222 15
    100 185 206 154 126 27 196 140 72 101 107 192 42 162 149 65 161 66
    124 192 149 15 215 47 106 68 192 241 171 217 113 128 204 191 34 47
    140 122 73 151 15 67 108 73 234 15 143 87 39 44 135 160 5 20 220 133
    86 105 60 183 179 183 16 67 203 74 110 100 243 57 57 228 241 242 213
    23 238 162 237 201 133 145 249 136 162 83 145 72 182 153 182 18 248
    35 188 194 197 214 111 137 45 13 190 13 131 74 222 99 248 21 16 41
    54 214 255 219 60 0 241 182 238 134 155 92 156 19 58 57 233 176 11
    255 135 114 180 244 51 40 226 69 5 177 57 106 213 61 181 33 26 250
    106 94 143 191 251 235 185 203 169 154 12 208 199 243 114 141 49 52
    124 138 22 95 66 74 144 213 17 206 205 182 187 72 2 184 77 203 128
    209 55 126 9 80 216 215 223 238 2 250 251 144 173 136 168 121 14 62
    155 180 126 58 123 98 29 31 148 164 57 49 116 213 125 53 50 58 190
    215 101 193 28 244 153 80 250 232 216 157 81 225 64 224 78 87 171 93
    12 244 28 209 115 90 75 103 240 212 0 162 129 180 155 241 51 219 186
    167 165 242 232 19 172 213 48 14 208 117 44 185 160 220 62 249 245
    105 183 10 51 127 33 182 236 6 113 209 37 21 201 232 254 124 60 178
    243 139 241 14 108 43 50 132 5 41 210 238 191 222 126 10 80 74 176
    57 50 88 125 65 165 216 63 100 17 234 98 3 9 100 199 213 193 12 249
    206 56 58 118 80 232 176 129 15 133 142 198 247 143 102 163 112 95 2
    130 76 219 3 154 78 114 187 151 6 128 18 177 204 122 216 246 12 116
    219 223 51 2 198 186 6 213 54 170 90 181 29 204 58 39 128 236 58 72
    98 105 77 245 97 251 239 169 212 15 85 52 156 41 104 218 155 80 76
    96 126 19 23 24 12 67 212 22 90 148 136 49 137 225 253 136 215 93
    226 240 92 173 226 215 102 73 32 203 59 92 24 29 241 253 28 46 4 236
    219 21 35 69 144 8 150 178 46 33 167 221 26 166 219 177 10 85 39 203
    42 3 91 111 76 197 29 200 131 214 37 238 254 109 186 99 45 37 67 6
    199 38 200 84 188 17 220 15 247 72 239 136 31 125 186 46 194 150 22
    73 195 36 61 206 127 211 119 238 104 172 183 131 178 20 176 65 34 49
    106 176 31 233 54 60 49 166 255 167 143 139 180 5 126 2 32 142 194
    35 193 160 218 158 239 62 225 106 83 3 255 230 253 229 80 69 58 16
    93 143 203 152 102 8 4 32 19 206 172 68 66 59 42 192 78 63 103 158
    48 33 14 252 228 25 206 147 12 72 152 173 116 182 23 150 246 125 94
    247 67 48 125 21 153 149 235 248 218 155 139 241 182 63 193 232 229
    236 52 187 69 167 189 205 163 215 156 24 174 32 36 94 209 153 188 88
    34 36 147 20 21 61 35 223 254 36 30 204 23 15 95 164 31 58 37 243
    208 11 244 217 168 42 18 56 99 5 231 73 91 250 215 171 55 18 80 72
    80 194 88 52 116 0 108 246 221 210 179 19 252 87 234 58 255 248 76
    199 168 242 46 21 211 92 72 52 17 243 48 91 159 29 203 249 1 165 242
    248 91 115 195 20 110 102 12 226 46 6 77 121 135 3 236 118 37 255
    110 6 244 91 110 66 130 18 40 77 4 91 34 65 204 6 88 101 203 144 110
    139 98 135 139 224 63 210 33 131 210 87 224 210 239 223 144 138 52
    184 144 224 58 246 13 248 52 217 205 184 247 137 96 151 56 21 30 46
    42 125 244 122 113 177 2 4 103 236 195 204 34 171 79 189 198 85 57 8
    94 249 182 33 15 172 176 137 59 32 211 179 187 81 192 71 14 144 132
    32 208 29 233 209 225 18 91 79 63 142 200 186 221 203 76 49 13 247
    89 152 249 71 15 82 35 251 113 159 153 119 194 83 0 189 29 187 31
    131 121 163 3 64 136 98 74 218 86 209 141 136 145 139 86 213 48 185
    116 34 234 117 221 93 153 180 63 37 5 1 1 28 61 233 200 183 115 155
    54 121 252 174 196 53 197 51 233 206 106 14 192 13 187 179 206 211
    218 203 238 165 112 244 51 252 209 71 7 58 82 104 14 46 5 53 91 179
    158 93 245 87 94 134 152 26 199 19 89 124 196 18 228 13 216 156 251
    180 30 11 28 70 13 153 71 17 78 136 43 227 158 32 93 225 208 203 108
    196 212 106 203 65 126 48 232 164 237 248 161 122 44 36 212 231 43
    180 5 22 158 148 73 240 162 226 149 143 94 71 96 49 169 228 186 84
    137 200 50 195 163 216 105 167 166 6 80 110 43 114 228 86 126 237
    160 232 91 211 101 40 58 242 176 1 181 137 8 114 237 53 197 254 224
    67 118 131 22 104 12 138 148 177 161 157 19 95 71 73 140 187 22 221
    124 192 237 123 168 60 162 29 125 88 80 11 9 77 219 126 57 32 139
    123 230 40 240 65 60 233 153 203 147 75 234 62 85 80 253 214 136 143
    227 181 165 212 87 254 220 153 166 195 155 38 202 5 205 73 178 204
    101 109 145 184 129 187 86 253 53 203 159 63 18 47 137 151 128 90
    176 59 252 115 85 96 2 155 22 180 188 118 188 57 190 212 45 42 42
    168 206 1 85 167 87 56 201 13 206 160 82 34 123 74 122 123 50 5 34
    187 248 148 97 166 125 4 235 218 148 62 5 68 169 142 29 74 213 217
    223 104 120 221 69 229 95 225 154 31 39 254 233 125 50 224 171 218
    117 243 209 24 168 103 49 63 175 141 109 237 219 183 106 71 160 202
    102 92 65 219 0 127 224 40 108 145 127 127 80 12 112 225 184 145 118
    38 232 54 224 81 74 64 98 80 239 155 78 244 228 153 35 39 212 211
    235 247 68 112 65 137 208 134 30 28 23 21 157 25 228 64 56 83 231 56
    61 242 236 167 241 60 32 29 92 179 249 180 213 6 0 2 138 88 142 204
    202 88 179 133 212 33 106 228 40 39 13 44 210 94 255 14 107 144 10
    72 175 31 35 39 54 252 140 182 150 115 72 46 130 77 119 70 19 184
    180 30 100 197 121 233 132 14 122 199 171 99 69 83 244 167 197 6 97
    194 119 185 193 66 73 99 17 47 6 79 198 247 231 231 108 206 60 218
    13 248 169 87 224 168 100 158 203 149 95 1 148 22 55 35 243 13 163
    157 139 154 182 47 14 200 247 195 168 240 193 115 40 238 4 61 54 80
    99 22 165 230 91 144 64 146 25 222 102 60 75 26 226 145 197 163 7
    126 63 189 147 147 192 92 172 250 72 137 245 212 15 64 123 193 100
    229 201 82 38 240 211 94 108 41 200 227 180 45 95 123 138 179 146 28
    210 33 194 47 74 185 12 207 231 190 172 121 193 97 51 26 16 238 75
    97 27 192 95 89 1 152 6 82 72 54 244 119 108 169 202 139 79 170 85
    155 43 37 53 43 216 135 169 161 61 5 54 184 62 14 234 20 15 122 138
    152 19 125 149 40 20 39 206 40 112 32 113 118 192 100 24 3 150 26 5
    204 169 113 101 207 138 65 89 203 179 141 232 15 31 147 31 154 222
    245 46 135 151 52 1 152 240 105 162 35 109 193 198 88 164 222 241
    168 11 165 254 34 255 215 78 193 13 103 76 92 241 75 125 214 193 8
    19 87 236 119 158 178 18 243 20 186 250 50 117 77 99 10 67 201 15
    104 28 139 2 165 53 82 178 46 76 7 208 251 142 252 238 225 58 168 34
    234 38 118 198 253 144 219 214 111 26 92 212 243 220 124 195 236 104
    13 130 159 186 190 115 120 248 220 186 49 138 125 150 74 174 155 156
    225 77 160 120 136 165 157 110 224 56 157 58 179 244 134 129 117 154
    202 24 242 22 11 42 137 228 230 27 147 15 226 127 192 10 22 195 177
    84 71 70 58 106 70 97 14 21 65 160 106 137 117 138 141 22 56 249 30
    142 224 23 61 50 201 192 143 0 116 226 89 247 226 26 45 135 4 197
    162 54 153 104 157 243 7 119 59 142 150 42 80 140 212 126 112 208
    140 87 173 195 168 38 53 163 188 218 30 239 3 38 83 216 30 190 144
    197 38 36 85 92 183 62 61 253 215 143 55 164 50 204 70 138 129 204
    71 23 198 178 185 126 134 223 176 168 37 211 54 74 198 171 123 139
    124 196 243 163 165 248 71 174 53 68 143 75 21 9 5 37 99 249 37 66
    58 18 48 176 203 78 88 101 148 198 186 210 13 162 201 22 95 121 23
    35 35 116 84 111 76 128 218 160 84 200 207 102 146 207 61 167 174 80
    80 88 203 186 85 143 5 121 46 182 179 51 215 65 38 95 29 157 0 49 36
    249 47 69 184 97 153 160 29 148 39 38 173 90 178 242 190 59 155 129
    12 175 69 199 176 243 12 237 177 109 75 126 226 249 203 118 132 128
    176 110 99 21 71 136 160 131 191 102 47 159 232 251 58 93 217 228 45
    204 24 21 26 157 235 30 20 112 208 64 235 4 100 54 32 11 126 234 171
    43 216 216 49 0 206 91 79 16 117 150 124 123 88 10 169 111 160 180 1
    255 17 86 146 126 184 186 119 38 140 141 231 123 179 46 138 253 8 11
    169 181 165 42 179 228 3 55 65 63 0 129 85 0 209 224 144 16 78 133
    91 120 230 210 98 134 53 165 187 162 176 245 147 110 14 188 232 29
    192 121 125 110 134 223 60 234 205 118 240 237 37 227 237 0 196 11
    249 172 155 240 105 215 168 110 16 104 15 66 171 55 23 17 215 149
    147 64 167 184 49 209 251 193 17 222 218 155 86 58 184 148 165 39 14
    80 213 166 180 195 46 108 159 53 150 122 41 172 163 131 240 114 239
    252 92 116 132 195 184 183 22 148 38 15 208 197 88 246 240 73 216 48
    40 178 253 45 81 13 4 175 250 255 214 82 95 240 160 57 166 235 243
    252 62 148 100 59 152 178 206 183 71 230 35 138 195 51 43 109 250
    105 166 35 199 179 222 109 47 5 196 146 78 83 197 194 22 167 112 137
    121 107 77 26 125 39 164 39 58 101 243 240 64 57 94 201 173 111 57
    78 80 103 70 27 182 251 62 131 18 44 10 216 210 49 36 39 251 128 219
    10 31 220 45 91 97 235 18 138 151 181 13 243 254 0 208 73 62 186 181
    140 33 8 245 242 222 247 72 192 215 16 240 181 222 25 67 25 116 121
    175 13 225 220 221 192 236 4 186 181 104 36 70 154 234 215 162 140
    91 19 12 224 52 134 186 223 110 134 62 31 196 225 115 228 92 236 93
    74 52 163 63 98 228 226 130 68 174 2 61 96 80 39 173 213 247 103 250
    216 2 59 250 252 92 98 126 238 53 120 238 122 186 173 29 218 246 152
    248 3 196 33 221 64 77 128 199 63 59 18 66 14 94 150 255 253 27 195
    23 226 226 141 84 39 40 241 8 242 9 138 151 40 207 118 56 203 206
    139 116 178 168 36 97 199 184 125 93 205 189 138 228 30 162 237 60
    154 237 250 25 31 33 171 241 48 205 80 230 145 50 171 39 110 90 68
    138 195 189 45 205 136 70 61 213 199 118 26 233 173 193 184 40 133
    210 187 45 11 185 247 57 73 194 74 110 128 39 59 248 71 198 9 182
    161 248 62 104 52 132 193 68 184 22 146 211 123 137 114 220 157 216
    18 178 202 183 233 122 68 165 152 198 197 153 204 204 49 61 133 143
    118 65 134 111 52 205 197 61 162 204 6 52 178 142 43 49 254 224 35
    132 230 98 153 167 229 72 250 131 87 127 216 92 171 194 23 120 61
    116 83 203 70 226 173 94 138 25 177 53 4 66 145 234 64 252 64 169
    242 102 77 181 75 120 132 109 217 147 246 115 251 35 105 231 147 14
    62 38 0 146 163 92 48 74 239 242 103 219 174 34 196 93 154 171 167
    112 40 123 188 3 166 154 19 133 159 192 11 170 85 244 31 32 154 231
    140 186 1 131 30 21 64 50 0 138 23 128 171 233 3 66 183 198 207 188
    4 171 3 41 215 66 91 178 215 118 24 37 156 91 199 28 152 202 147 7
    225 242 110 170 90 140 250 84 11 248 123 149 238 179 224 204 237 44
    227 78 32 209 62 92 51 39 179 168 186 242 40 70 152 188 212 34 77 48
    175 142 137 96 63 239 116 203 226 222 52 113 22 195 43 109 150 96 88
    240 218 52 149 15 209 126 251 105 29 46 105 34 225 228 217 220 168
    93 195 80 90 101 91 87 146 5 59 49 45 217 25 227 185 64 207 23 214
    87 224 21 71 220 123 161 137 207 181 71 179 15 171 131 135 184 87
    214 132 187 176 252 109 108 193 12 43 42 89 136 65 208 189 227 20
    105 42 9 89 28 15 219 65 225 87 161 119 208 246 132 233 62 0 214 59
    150 157 40 26 233 74 119 12 225 218 85 223 137 54 117 206 235 148
    244 96 187 93 46 117 69 236 24 25 62 216 244 12 39 200 200 144 70 77
    104 99 14 114 149 152 136 134 201 194 156 103 84 250 95 213 164 199
    179 210 20 8 128 145 241 97 94 91 10 21 247 48 217 190 217 172 155
    219 49 84 101 66 162 108 136 204 131 126 151 171 14 104 107 26 198
    185 70 99 49 107 243 219 177 59 74 243 192 13 213 51 184 240 207 184
    254 201 193 81 202 81 104 155 228 73 178 137 239 152 89 249 16 54
    252 19 76 214 126 16 37 10 233 33 164 169 32 217 179 51 31 221 94
    165 208 167 251 201 168 214 70 162 52 40 253 18 50 124 152 134 140
    34 180 76 97 137 94 75 67 96 18 146 32 234 132 177 137 125 65 129
    140 153 246 168 52 150 206 221 213 180 204 136 123 124 111 49 74 156
    107 90 11 247 202 123 76 138 218 30 34 17 196 216 5 43 146 143 231
    57 199 98 55 190 62 122 124 40 85 129 217 149 10 137 176 74 46 8 170
    42 229 158 141 71 56 12 181 171 166 11 247 63 78 142 131 93 224 226
    100 90 41 22 124 187 47 214 41 211 95 44 214 96 49 73 172 91 18 68
    255 13 121 56 159 204 231 192 104 188 19 199 246 229 73 65 1 135 103
    201 66 106 207 87 194 213 189 125 136 12 249 50 193 30 250 156 176
    185 150 150 243 124 59 246 186 39 121 89 54 20 165 62 7 50 81 233
    182 23 253 215 209 188 24 88 251 220 221 194 228 121 82 72 248 28
    111 84 12 216 180 235 138 160 113 65 97 49 13 150 152 184 241 84 18
    237 189 10 225 107 230 247 88 224 129 89 142 101 225 30 121 220 209
    67 134 103 46 102 179 245 150 123 59 19 13 119 74 105 80 16 204 223
    131 200 17 146 184 151 126 174 82 122 139 233 215 84 36 67 147 103
    156 183 217 182 114 206 86 10 165 86 152 232 205 216 22 52 107 234
    187 178 251 144 214 49 74 7 138 111 109 26 192 103 112 132 181 220
    99 70 122 77 57 135 98 96 123 246 76 168 86 130 15 132 48 148 96 46
    12 19 244 160 188 109 211 41 33 74 10 35 207 213 191 183 252 11 25
    165 68 66 208 231 77 7 152 102 35 54 129 17 140 84 21 69 124 243 244
    113 185 59 60 124 120 99 123 126 110 103 74 219 244 109 160 213 224
    7 124 166 101 62 44 55 130 223 39 24 194 134 124 131 66 229 36 124
    163 171 216 248 145 56 86 32 136 204 60 76 98 255 58 225 200 96 64
    18 223 11 146 7 96 150 223 203 30 91 218 118 190 61 217 87 105 217
    95 38 93 77 217 30 175 87 129 132 49 64 241 107 243 144 204 71 207
    18 133 102 160 188 9 230 225 138 29 143 233 211 77 8 72 112 28 213
    119 174 77 188 221 38 114 107 157 220 121 182 113 133 231 11 184 37
    104 255 10 221 122 212 94 162 105 221 62 84 24 83 95 108 126 73 117
    29 206 198 25 17 129 88 38 60 151 140 13 254 87 237 98 69 55 242 106
    158 67 191 170 178 222 53 190 149 25 155 38 103 231 17 217 233 174
    248 70 168 7 49 135 170 192 10 37 109 61 220 55 225 35 26 52 27 154
    111 39 103 175 31 250 8 144 168 30 204 88 205 134 216 62 75 69 37 75
    30 8 167 75 139 161 234 228 170 155 52 96 112 205 18 247 87 31 9 88
    161 66 122 229 244 127 136 241 241 157 99 244 103 104 127 82 24 237
    175 228 89 101 119 224 237 109 133 247 169 48 183 195 176 205 150 30
    209 5 137 95 95 183 178 188 6 76 234 0 220 36 3 225 65 184 103 52 18
    24 128 82 0 91 143 81 194 18 203 84 145 211 4 181 157 15 234 202 78
    210 90 16 71 94 215 216 47 44 52 205 14 59 247 106 148 18 238 168 55
    243 161 4 23 59 187 149 41 61 81 24 217 178 28 180 32 160 68 117 64
    7 35 53 225 140 163 217 253 154 196 150 206 56 237 250 231 172 33
    167 130 6 91 213 134 136 34 181 123 41 4 166 163 125 31 37 206 20
    235 20 223 44 236 140 207 231 189 253 49 203 168 118 97 175 73 88 20
    67 163 133 248 152 218 146 140 33 81 172 68 148 0 139 201 89 49 171
    103 55 232 28 97 49 218 254 202 142 133 144 4 44 72 22 68 111 248 8
    174 19 19 196 49 243 223 121 135 122 253 108 33 31 177 173 136 133
    196 82 65 103 55 128 72 11 90 32 20 180 238 24 99 2 66 25 181 203 10
    26 102 39 60 195 14 228 240 126 12 240 94 138 202 207 150 76 85 119
    35 169 92 152 184 82 92 196 201 224 159 142 172 145 13 46 1 103 127
    15 81 245 182 93 76 42 250 79 230 124 181 65 119 249 139 154 186 217
    241 22 44 77 73 199 9 1 201 213 63 224 183 207 163 199 183 63 56 101
    236 97 119 108 242 164 195 130 168 137 42 53 23 65 11 166 74 207 211
    86 244 186 169 161 15 90 44 170 2 198 4 27 19 156 69 54 49 194 243
    244 60 104 78 76 56 17 172 1 252 45 40 98 132 90 253 209 144 207 145
    179 230 57 8 199 106 236 113 178 65 122 247 165 163 117 251 234 233
    119 94 232 218 146 68 186 211 23 115 0 114 20 67 128 8 126 4 108 63
    194 66 53 115 12 250 35 180 209 135 198 139 241 149 101 207 235 253
    205 72 172 143 48 111 144 181 98 97 198 90 84 148 151 218 143 239
    250 96 38 160 155 36 213 14 104 52 237 198 183 107 130 52 64 6 176 7
    67 87 246 27 247 190 79 196 159 139 221 227 199 205 36 182 181 9 244
    161 241 32 117 31 136 255 171 182 56 213 130 103 187 214 124 13 27
    20 80 50 4 129 160 22 206 158 239 196 72 245 104 22 208 81 165 82 62
    220 3 225 85 50 185 219 174 74 209 200 35 5 242 141 233 53 202 17
    142 208 187 106 107 91 47 193 186 82 9 107 56 223 118 16 9 233 138
    51 56 209 185 220 16 41 238 105 109 116 41 174 161 165 48 123 168 3
    118 3 166 189 211 227 104 201 209 71 8 159 154 28 215 81 39 18 148
    54 213 113 195 243 117 198 255 170 63 177 233 178 209 104 255 168
    153 155 112 80 193 132 26 215 27 212 223 153 103 173 0 189 29 138
    165 174 103 16 75 163 32 21 251 226 201 89 51 200 235 172 76 90 64
    243 213 37 210 227 189 107 36 190 227 73 133 251 195 8 7 46 78 39
    142 136 19 233 148 183 161 249 11 10 192 185 165 30 42 152 76 9 58
    82 228 59 31 37 2 24 58 116 37 41 11 254 246 248 40 166 127 146 196
    224 130 171 182 130 84 14 106 190 244 94 28 217 45 245 133 234 184
    56 168 183 102 54 53 83 98 2 80 185 208 36 218 4 209 68 165 207 99
    10 53 114 137 53 207 56 167 187 66 173 91 182 92 192 203 220 140 14
    211 146 97 195 110 101 160 245 33 103 6 227 12 254 112 159 200 250
    194 237 105 20 110 194 3 41 152 206 51 139 21 166 24 184 143 67 88
    119 196 102 73 166 255 233 169 161 2 52 122 26 61 159 36 164 21 192
    178 244 152 190 154 235 172 250 113 32 151 141 48 141 87 96 70 138
    34 103 84 36 121 151 162 230 118 120 239 132 150 244 160 161 235 118
    178 144 67 120 134 51 184 82 144 16 184 105 223 66 63 51 244 86 186
    90 181 186 165 146 67 69 51 116 2 122 123 223 191 250 45 226 128 156
    123 51 187 40 46 47 65 103 127 17 156 145 167 130 62 197 54 238 67
    93 95 149 85 152 71 121 237 48 121 210 94 243 149 46 82 96 52 143
    228 69 166 42 130 25 128 149 52 232 55 193 26 75 192 64 121 253 81
    75 219 2 203 125 108 225 247 144 156 98 107 25 143 53 76 118 96 183
    135 230 39 104 142 16 193 180 252 0 228 192 82 71 149 194 228 34 164
    12 4 84 180 42 62 247 198 0 182 230 13 11 228 85 78 230 26 187 26 88
    153 70 33 226 229 162 176 160 2 38 136 95 133 41 85 72 123 154 192
    46 248 2 173 193 211 46 70 161 159 252 149 26 61 71 18 218 78 65 14
    80 236 106 121 25 247 18 205 48 247 48 213 65 94 46 95 136 10 254
    158 219 125 195 39 201 19 97 226 68 187 119 31 75 181 90 89 252 221
    159 245 92 31 193 130 2 126 127 144 146 40 255 99 13 85 181 140 74
    75 36 134 88 16 49 6 52 11 249 254 85 156 220 108 26 95 62 89 223
    112 45 156 183 42 216 209 24 33 114 45 179 241 166 25 185 122 28 159
    97 106 249 190 61 167 11 170 179 7 85 31 169 234 62 13 28 167 45 111
    7 150 36 76 104 82 251 62 221 187 29 248 173 221 69 193 14 205 161
    167 67 246 123 224 239 199 30 218 65 232 5 2 48 9 143 80 28 37 234
    58 92 202 129 105 245 229 24 118 93 150 129 147 56 51 158 107 207
    183 206 203 69 34 117 19 123 190 113 27 92 76 62 42 187 139 55 195
    243 149 48 207 12 250 253 237 216 198 124 117 63 68 182 237 64 255
    241 10 111 38 109 186 102 146 14 134 51 16 17 107 68 170 122 174 248
    252 49 111 82 210 1 215 150 226 105 184 60 220 43 10 65 11 122 97
    159 149 250 199 219 178 77 240 136 242 4 93 171 214 122 228 214 86
    25 68 241 184 203 1 31 213 210 23 52 29 6 243 151 100 110 130 182
    107 9 190 47 212 74 97 5 165 211 52 206 245 168 187 110 96 148 236
    153 115 34 160 111 0 30 36 193 247 240 65 81 82 190 214 252 77 37
    247 128 11 223 53 88 72 82 32 80 69 22 87 246 91 180 177 237 220 152
    246 122 1 14 98 207 97 69 187 230 183 143 30 67 182 238 140 246 210
    238 177 113 133 29 18 101 84 28 27 126 112 42 178 35 71 117 56 183
    138 121 165 196 199 44 25 247 80 179 246 238 75 131 72 77 205 74 202
    238 241 148 56 218 10 29 173 110 7 217 16 238 211 74 162 108 188 201
    14 186 204 179 51 43 5 79 45 66 208 205 115 143 109 193 121 201 162
    105 125 177 158 156 253 32 9 169 120 164 64 240 73 135 147 191 9 160
    5 117 213 21 25 147 3 166 81 155 89 94 197 245 123 168 182 243 219
    51 227 180 2 3 40 197 53 200 160 137 27 229 238 233 209 57 9 149 103
    111 0 249 246 5 248 167 248 112 254 50 124 46 138 19 161 226 86 245
    226 208 154 255 171 121 90 32 6 38 136 209 226 118 223 32 59 209 129
    176 47 156 97 222 194 189 240 17 240 14 45 71 100 14 255 114 0 130
    40 208 50 163 94 57 100 126 247 57 125 126 201 43 168 100 194 18 160
    240 82 152 219 60 220 79 0 34 190 255 12 117 4 48 35 186 99 255 110
    3 14 112 246 132 153 43 188 165 157 135 204 177 203 86 201 34 109 14
    205 232 88 96 37 171 240 21 32 251 30 65 195 195 121 104 182 49 153
    127 35 39 79 43 151 16 147 82 12 114 81 160 173 2 80 195 78 154 50
    110 228 15 62 38 122 25 138 178 58 196 90 251 0 22 214 18 173 6 157
    228 11 57 142 246 251 52 3 49 116 246 120 72 156 186 27 210 166 190
    234 64 95 135 126 215 73 130 159 240 127 64 140 174 133 188 2 223
    184 226 0 171 196 225 63 233 170 208 220 229 79 136 87 75 128 180
    121 189 189 0 30 44 127 239 180 81 33 117 184 76 112 217 218 110 235
    126 152 67 145 75 94 236 75 126 35 5 201 207 228 142 236 128 189 240
    25 88 231 148 164 76 181 23 75 102 121 86 247 128 191 62 19 147 254
    218 20 161 47 160 104 133 9 176 118 178 227 190 75 106 167 104 179 0
    54 94 167 88 234 137 240 175 228 247 72 219 197 112 111 84 162 146
    22 210 170 61 85 71 134 9 189 104 140 110 55 159 188 133 239 225 172
    12 188 23 161 253 170 63 7 56 102 22 176 78 31 55 249 180 175 53 252
    86 148 2 44 92 130 51 125 245 16 190 46 248 78 175 81 249 176 190
    216 248 66 96 74 233 235 222 174 113 253 102 24 119 218 106 72 245
    93 155 73 133 220 235 178 237 200 153 151 38 75 137 28 161 37 201 22
    235 204 179 3 243 98 50 217 175 239 159 189 30 161 159 152 22 201
    206 31 70 203 65 150 187 53 64 69 140 91 3 124 29 17 36 143 159 215
    107 80 11 75 136 123 247 145 9 246 173 215 101 251 179 132 139 206
    64 80 154 9 76 47 26 149 103 27 84 64 248 47 209 32 210 47 34 122
    217 218 84 82 119 211 200 145 100 222 190 253 149 1 112 225 102 106
    183 208 76 237 5 239 237 5 25 113 18 207 96 13 92 75 246 200 49 158
    96 209 70 124 226 179 195 93 43 205 86 5 97 114 61 71 249 99 174 174
    54 93 213 90 116 183 15 249 122 54 48 172 181 51 126 232 83 91 113
    155 86 125 159 171 221 116 153 32 179 7 0 31 149 65 164 165 71 227
    129 151 207 120 16 125 215 28 57 23 223 49 146 216 176 67 101 99 243
    244 116 5 113 64 123 129 154 222 213 17 222 181 229 220 217 142 59
    89 166 185 45 186 12 61 246 202 152 107 184 129 50 200 8 226 193 238
    219 107 22 112 155 216 1 167 108 224 172 31 31 172 17 148 107 7 153
    32 142 115 195 126 1 191 224 168 31 148 208 246 227 79 210 108 45 20
    80 21 2 224 135 197 147 96 24 104 155 40 6 106 226 234 7 17 179 202
    146 222 18 7 176 208 76 141 223 62 224 27 114 24 249 216 84 46 69 93
    52 84 177 254 5 131 187 249 240 230 51 82 16 82 145 143 236 6 16 208
    5 221 153 50 87 156 121 128 244 85 176 254 157 86 194 39 84 252 178
    20 102 115 204 165 123 120 201 212 13 99 130 168 32 194 240 199 124
    254 193 83 129 162 100 205 183 231 189 55 205 42 60 179 200 184 103
    155 108 58 137 21 224 1 59 128 115 248 9 95 112 23 30 154 72 107 246
    72 140 88 72 225 68 98 70 120 101 0 242 211 254 9 24 67 219 136 214
    61 28 240 66 120 100 89 83 8 131 201 13 227 114 86 199 186 230 9 115
    244 11 176 11 254 230 25 74 89 176 46 221 74 191 199 151 201 21 121
    198 10 171 205 59 20 254 25 103 58 181 47 53 176 55 51 180 193 159
    108 64 206 28 67 125 119 248 237 189 135 193 34 89 4 84 153 12 173
    145 230 172 193 63 34 105 75 77 39 170 203 59 213 235 78 11 105 176
    175 145 92 192 227 206 22 93 51 44 76 1 11 152 227 36 127 78 167 136
    136 203 234 134 101 117 221 108 24 130 188 35 72 219 37 249 14 224
    166 56 174 135 54 100 214 70 91 43 253 41 205 29 190 163 142 24 30 1
    141 151 102 232 34 225 101 165 76 223 197 20 33 195 44 137 87 55 121
    188 131 34 145 168 121 26 5 211 23 42 173 150 112 187 84 74 15 178
    120 222 198 62 88 255 255 7 47 52 71 163 75 49 73 81 44 86 182 226
    238 105 25 130 91 243 95 102 195 135 105 164 150 3 227 239 244 22
    154 250 173 146 144 79 222 244 244 167 32 44 13 234 185 252 82 187
    195 32 119 181 86 119 246 213 158 65 233 9 54 104 218 156 234 95 187
    149 134 168 25 50 49 255 88 187 222 45 206 49 69 63 25 189 35 57 187
    192 7 12 101 157 67 69 55 178 7 122 15 226 235 36 86 77 169 73 176
    238 124 213 244 162 237 43 25 157 94 230 80 228 50 162 184 141 92
    147 164 39 253 73 124 30 122 250 43 181 210 234 42 7 196 216 217 201
    121 157 133 96 107 246 161 45 245 87 141 20 205 97 20 160 243 28 255
    223 46 124 49 139 72 62 125 139 36 174 172 124 135 151 54 232 179 71
    218 185 14 104 124 154 160 244 196 4 112 51 122 35 172 77 218 209 88
    183 75 126 151 162 3 97 2 94 166 247 3 253 107 115 240 135 243 96
    182 80 18 91 61 118 187 46 80 128 95 219 225 31 91 193 118 23 253
    111 185 179 127 17 145 121 157 240 247 221 208 191 65 82 28 21 46 47
    235 182 158 75 57 89 133 46 190 1 18 217 171 62 63 28 199 250 16 134
    250 154 254 172 73 128 103 13 146 185 95 126 163 75 110 28 150 3 56
    195 70 9 15 151 132 8 181 140 72 89 85 12 13 140 6 190 198 59 147 15
    137 76 221 201 132 117 15 20 219 0 73 82 247 170 135 227 70 75 254 4
    197 198 232 187 33 136 72 35 212 27 209 155 168 18 81 79 67 218 210
    97 84 157 11 72 117 29 212 196 182 124 85 149 254 121 57 164 140 200
    189 74 84 81 172 233 46 5 85 112 100 200 61 253 78 173 114 102 90
    125 68 133 67 41 165 29 119 222 32 152 188 12 89 203 204 181 48 55
    228 155 153 32 93 29 234 31 17 254 255 57 18 51 98 96 68 79 66 247
    149 99 113 12 150 248 96 31 13 165 230 66 84 47 119 35 209 85 129
    192 16 107 16 66 16 84 168 129 241 187 21 153 111 182 145 152 250 2
    2 81 98 187 179 112 140 57 40 68 212 104 145 110 76 236 123 251 20
    221 36 241 123 176 185 104 87 225 156 102 148 67 60 207 98 66 106
    203 76 47 230 24 32 139 61 6 90 247 57 96 218 161 30 66 161 155 191
    207 51 99 104 187 72 168 114 75 27 242 1 41 124 167 130 96 186 136
    39 203 1 189 199 108 209 94 36 190 128 245 1 181 93 103 230 246 248
    183 98 246 10 110 116 66 58 206 124 82 59 187 87 173 182 117 87 62
    36 228 209 49 21 255 188 94 194 192 129 24 218 25 57 222 169 20 164
    103 171 128 123 37 44 197 42 240 66 164 24 54 7 215 158 233 100 95
    138 116 175 30 115 76 99 199 112 7 128 134 2 43 202 217 211 200 114
    184 234 55 68 63 76 139 188 255 102 149 73 12 68 65 190 123 64 44 82
    100 107 109 17 14 21 25 156 64 141 119 155 117 55 106 168 249 184 37
    60 191 29 153 80 53 118 208 240 191 102 14 195 112 115 210 106 235
    17 147 52 33 231 23 102 46 72 107 71 21 11 109 253 198 42 248 104 89
    160 182 94 153 21 214 102 230 97 54 179 96 160 78 83 78 114 128 206
    253 108 51 191 29 169 170 13 88 251 156 247 141 143 61 137 108 133
    187 6 136 152 149 194 81 225 211 195 5 58 9 62 96 242 236 218 58 228
    196 16 19 24 133 250 199 45 114 166 196 181 17 167 127 184 159 156
    10 216 217 243 5 209 101 55 111 131 129 190 80 105 236 156 6 176 98
    177 37 19 147 209 225 148 68 74 156 50 218 210 238 33 129 122 152
    243 51 111 251 185 110 24 152 49 218 30 207 8 205 33 195 104 70 109
    175 127 7 80 237 237 179 100 194 6 248 246 78 135 178 139 45 224 251
    74 209 178 18 160 84 97 7 62 10 9 211 53 126 186 89 220 111 199 211
    119 84 51 100 6 246 81 162 117 119 252 197 223 128 65 185 41 223 67
    16 61 230 175 56 145 92 177 13 237 32 97 150 224 37 33 47 186 110
    228 140 89 9 56 117 119 246 84 77 216 244 149 65 7 141 176 89 190
    185 193 131 48 249 32 45 118 151 59 214 149 170 179 43 24 15 102 82
    80 190 27 209 189 164 69 139 121 45 183 204 86 133 146 197 176 155
    247 71 138 1 200 32 254 29 40 247 80 69 118 188 171 180 200 151 216
    108 139 96 147 204 225 76 217 207 186 112 248 208 161 78 160 244 122
    192 238 168 7 145 0 105 217 125 165 110 188 97 91 232 202 60 237 2
    244 140 206 98 240 105 118 207 250 130 120 215 203 224 15 58 213 97
    116 51 118 243 25 168 238 160 25 6 146 22 209 243 69 174 189 101 87
    106 55 251 67 190 91 20 118 58 66 244 97 213 249 237 55 124 2 81 105
    18 112 224 99 202 228 169 28 85 53 173 48 220 162 26 118 183 73 93
    77 42 178 182 247 240 186 100 39 196 111 128 239 200 127 172 141 89
    15 159 88 135 52 111 129 146 74 209 26 8 39 117 67 111 2 165 101 19
    55 30 43 8 133 184 182 200 60 111 37 201 182 65 225 151 230 4 14 74
    214 245 82 232 52 71 201 63 123 200 123 27 255 45 125 173 69 33 21
    164 45 53 232 68 171 147 210 202 255 232 59 157 77 238 224 114 76 14
    93 78 159 75 68 160 71 254 7 156 215 59 136 38 16 220 173 201 7 77
    50 234 68 20 12 26 67 206 37 112 77 30 253 195 131 90 78 4 150 238
    90 100 126 76 232 32 65 167 250 98 138 219 96 13 101 69 160 17 163
    233 236 163 218 201 207 125 146 73 201 192 14 200 62 100 240 245 53
    184 105 15 125 119 230 23 81 61 235 157 225 44 64 12 201 94 9 59 41
    218 93 5 146 18 95 34 56 111 7 35 223 156 105 254 213 61 163 140 180
    23 106 37 132 127 252 58 180 17 241 88 133 131 194 167 20 33 112 82
    246 255 197 187 36 43 51 133 189 233 160 49 77 197 90 73 62 168 235
    77 70 165 168 235 219 28 74 52 86 139 120 218 200 113 118 243 250
    168 179 228 84 78 250 26 172 55 132 94 163 218 46 64 103 16 38 178
    48 193 106 189 13 24 114 102 54 73 163 90 31 163 82 103 98 252 212
    130 41 101 59 234 32 136 102 58 124 58 169 81 139 6 96 95 83 43 173
    111 28 110 110 194 226 137 20 242 228 231 72 1 49 17 98 26 0 145 200
    168 254 50 126 240 11 79 212 114 237 36 199 155 129 51 188 54 22 100
    19 39 63 74 244 44 79 185 166 173 133 147 53 144 236 180 67 40 27
    241 135 115 144 107 61 186 88 48 119 111 206 136 155 76 86 18 196
    202 205 157 51 220 119 151 29 194 105 118 140 106 55 246 90 19 166
    87 160 53 225 135 199 142 231 237 182 89 255 69 115 29 40 198 82 83
    34 44 68 228 229 176 229 100 201 7 23 2 200 135 55 1 213 121 236 177
    254 57 243 186 249 161 248 94 23 137 234 165 189 160 238 142 24 168
    226 36 173 104 94 64 166 178 130 132 6 146 118 189 186 114 19 129 52
    48 160 179 229 202 220 176 142 36 161 191 220 6 226 7 205 230 114 65
    84 53 214 105 119 21 33 184 248 147 130 243 219 83 232 94 62 194 136
    68 141 33 192 201 217 74 163 74 80 236 93 119 178 214 30 236 44 196
    201 223 164 4 139 144 174 121 152 69 109 129 255 188 149 38 88 230
    50 114 78 164 35 58 230 42 222 123 107 139 63 88 85 184 216 116 41
    123 62 106 182 139 119 200 230 172 131 40 78 37 1 160 159 54 244 150
    136 89 243 106 186 12 251 163 67 167 54 55 43 64 82 251 134 192 38
    72 222 63 167 242 161 192 212 53 50 228 186 171 191 174 13 200 244
    66 165 202 148 195 99 111 182 37 118 52 57 21 1 193 33 81 38 153 200
    196 38 119 22 18 88 103 33 70 100 79 119 104 95 127 250 229 101 41
    185 160 244 73 28 201 97 107 155 250 50 232 124 12 46 5 255 81 79 22
    101 181 149 198 135 130 124 56 171 129 34 3 160 204 89 63 146 18 14
    146 138 221 23 101 89 209 50 240 19 191 224 39 251 131 69 207 165
    209 49 196 152 169 158 38 50 63 113 152 60 18 158 226 104 94 209 43
    77 38 9 133 241 242 155 235 60 126 91 69 57 140 161 44 222 83 210 52
    137 173 143 69 203 151 168 231 79 216 178 133 63 175 184 6 192 145
    35 89 82 133 133 33 163 114 100 135 89 41 224 96 161 221 240 96 253
    15 174 207 93 206 63 210 77 18 147 141 247 92 167 76 88 174 143 105
    87 244 5 34 126 132 127 113 65 24 56 139 46 184 160 127 245 203 211
    141 236 2 52 119 203 172 197 166 173 39 24 151 81 62 149 59 0 146 97
    107 38 9 13 21 122 41 135 85 251 163 193 21 86 150 175 145 73 27 66
    252 15 120 95 103 225 253 119 253 149 2 123 36 91 185 67 239 113 161
    24 114 53 219 56 22 172 43 173 147 170 205 135 49 178 25 225 79 198
    169 144 30 237 11 126 8 39 212 127 184 97 148 222 169 37 211 219 228
    174 61 18 102 251 81 80 166 137 54 151 70 225 25 253 0 37 253 183
    133 47 162 37 133 20 220 108 180 171 193 101 47 121 211 233 51 185
    93 167 228 183 147 166 34 151 74 101 69 102 66 144 166 4 89 181 181
    107 4 3 164 87 57 93 1 224 106 69 30 197 114 125 85 6 105 30 14 93
    30 46 75 82 27 31 100 13 18 221 98 93 168 231 196 197 46 234 45 252
    46 168 116 140 133 71 117 129 43 4 44 99 233 117 115 17 87 232 157
    113 202 228 89 7 201 40 224 120 117 58 31 49 2 157 213 46 102 82 48
    51 198 50 69 244 64 10 180 205 55 171 158 27 248 77 107 162 73 128
    40 98 160 104 168 102 120 128 153 65 52 253 193 45 164 242 231 189
    35 40 160 224 249 210 139 54 237 77 38 49 39 168 217 181 116 237 201
    159 88 4 155 212 251 97 87 45 106 181 61 163 27 245 158 190 35 55
    240 2 174 224 42 53 119 128 59 134 109 189 216 89 72 110 182 11 107
    93 158 60 113 168 0 77 86 180 193 105 125 1 36 6 43 60 76 6 92 97
    200 54 20 203 57 189 76 217 9 8 99 29 201 46 6 247 96 197 75 98 41
    253 116 166 124 124 225 34 72 93 225 243 100 144 107 132 21 5 37 26
    103 79 253 110 44 69 77 183 234 151 57 28 21 171 85 36 21 150 11 26
    178 248 228 233 69 57 46 108 116 166 190 236 61 237 68 185 36 43 6
    68 223 64 113 60 87 151 90 105 127 60 22 231 159 82 174 241 176 121
    250 23 81 136 132 41 248 59 20 251 107 235 69 204 99 88 148 143 42
    13 109 104 82 4 235 184 49 97 75 1 122 52 232 73 249 146 164 202 76
    72 54 58 63 210 73 115 97 147 36 11 60 84 23 65 110 175 14 118 210
    27 155 69 112 193 250 110 109 93 169 172 75 51 48 63 234 212 155 10
    36 38 73 0 31 0 193 153 69 237 125 180 202 253 192 144 144 182 107
    29 251 158 157 199 141 232 239 36 137 187 146 204 247 220 201 190
    147 243 127 243 74 40 97 16 140 111 182 188 191 172 153 15 109 18
    207 75 118 155 42 58 191 19 86 155 13 80 104 119 234 0 221 226 142
    37 93 177 150 166 25 157 200 170 84 9 73 195 233 122 190 48 170 3
    175 69 114 123 91 45 8 181 240 58 246 4 93 220 5 27 63 86 37 170 213
    25 133 113 226 173 153 64 135 61 242 28 137 123 31 250 196 164 201
    44 216 169 96 25 2 153 11 151 56 173 185 18 180 14 126 252 198 177
    16 173 174 38 249 187 20 211 85 110 74 227 46 136 46 245 238 125 53
    130 135 190 29 65 207 181 84 53 44 23 180 92 83 48 138 203 223 102
    104 10 71 134 29 230 38 107 165 69 219 117 101 190 2 202 248 24 225
    24 246 142 95 46 210 240 174 90 39 172 156 18 244 187 58 206 15 22
    19 120 231 159 243 207 139 204 163 236 189 62 92 94 101 208 217 201
    238 236 116 154 223 71 128 226 196 143 118 194 122 196 26 143 115
    220 159 55 200 114 145 49 60 119 58 100 130 9 58 46 192 25 33 232
    224 236 83 97 165 107 27 110 58 106 175 155 228 103 250 169 54 182 9
    130 35 171 246 161 149 211 135 59 249 242 218 224 39 27 133 177 198
    236 87 185 121 184 222 254 113 17 140 103 137 63 45 240 199 202 118
    160 96 46 239 204 129 191 129 133 28 209 153 67 50 191 58 55 137 141
    23 159 101 24 237 20 103 56 211 244 25 231 179 252 79 239 245 117 0
    192 164 24 254 244 18 95 0 128 227 125 200 231 148 193 128 245 190
    105 19 70 158 32 122 66 128 136 56 46 95 154 245 130 189 250 125 74
    9 61 100 236 19 90 248 4 254 128 113 180 57 22 165 196 237 139 12
    229 125 188 157 146 35 146 237 18 130 90 149 9 112 164 46 106 132
    203 68 48 3 121 215 217 224 123 194 180 72 36 223 148 156 108 192
    120 192 153 69 140 201 144 133 176 49 139 178 109 86 124 9 185 148
    61 254 56 39 165 153 198 203 240 187 208 144 237 0 128 230 183 193
    28 224 184 105 151 179 161 162 103 175 114 195 182 153 93 140 222
    225 106 143 235 26 69 29 199 251 3 177 46 252 224 78 43 84 73 97 221
    102 124 211 218 155 93 37 153 69 168 0 116 210 95 150 158 65 80 25
    206 185 54 206 40 240 59 154 206 236 6 214 30 43 27 118 21 253 169
    154 248 145 53 218 135 148 141 255 72 239 202 228 104 159 254 4 83
    176 12 130 67 227 243 205 221 71 3 176 125 136 5 180 103 110 113 133
    65 20 11 182 8 219 169 218 22 117 214 145 113 197 28 150 10 71 181
    153 209 174 148 216 15 83 230 7 82 181 212 43 104 224 68 15 5 230
    145 95 114 108 176 169 41 83 143 87 185 7 102 172 239 94 104 164 159
    169 200 84 120 238 253 78 49 27 227 138 251 144 11 182 196 32 248
    241 97 91 33 9 53 94 39 161 86 192 221 20 168 207 122 211 136 17 174
    175 132 157 31 11 242 83 254 246 33 63 189 35 193 195 112 5 25 119
    66 25 120 232 20 61 49 33 190 6 229 159 141 168 127 169 66 146 235
    170 218 223 94 89 77 148 170 26 202 155 160 111 218 13 23 153 37 19
    39 234 195 75 125 100 94 51 62 209 199 158 223 79 203 57 4 63 174 43
    237 70 52 177 21 10 39 90 243 8 110 29 191 118 251 166 152 98 73 34
    117 149 83 221 104 170 26 57 11 166 40 17 43 182 225 31 45 95 124 21
    29 172 167 18 65 190 20 26 193 158 120 230 10 100 228 200 7 177 143
    89 29 158 154 44 164 196 43 225 226 238 93 4 219 219 40 124 18 146
    55 58 199 253 124 158 122 30 115 251 175 178 254 160 248 111 243 61
    193 225 245 249 226 159 122 156 189 187 160 195 252 245 33 176 244
    53 44 106 84 250 111 144 129 97 207 83 251 239 157 251 184 23 4 112
    225 98 156 255 28 147 87 48 66 93 18 13 89 249 230 174 101 47 7 201
    1 249 17 205 126 217 46 248 231 104 206 44 68 68 37 28 106 4 10 91
    85 60 122 79 72 121 78 233 22 173 193 91 236 14 40 70 15 49 100 224
    10 229 155 97 98 111 184 0 215 112 12 18 248 102 187 145 11 115 172
    210 173 96 64 112 38 231 196 118 105 226 72 232 110 155 106 37 111
    187 151 97 159 201 2 74 226 132 216 252 119 157 59 135 123 135 178
    83 87 24 198 81 246 68 185 99 147 250 189 34 185 206 51 70 42 67 47
    0 208 111 59 196 228 162 237 170 196 179 172 71 17 90 64 89 11 37 8
    71 12 36 230 8 215 134 195 28 102 144 82 60 219 159 15 190 24 219
    209 48 44 9 35 243 127 194 21 29 136 218 23 94 87 105 29 138 95 42
    138 84 110 21 24 183 13 40 71 159 7 66 4 226 52 168 224 27 124 196
    202 151 221 42 116 237 153 39 178 106 244 11 48 237 3 213 2 145 72
    193 58 252 247 10 97 112 238 81 104 218 71 19 78 6 80 89 197 202 116
    159 12 190 16 122 85 176 186 61 198 51 197 206 97 187 79 32 120 17
    245 245 85 84 49 13 181 121 247 158 3 206 17 66 108 79 65 172 188
    121 233 103 255 96 128 21 141 79 11 200 98 83 193 112 17 165 230 97
    164 57 94 137 243 89 68 60 170 199 118 217 234 173 33 123 237 50 9
    37 170 193 199 152 145 99 114 180 138 78 207 213 206 237 105 56 222
    184 33 16 241 168 37 113 11 118 193 22 34 93 162 214 24 214 202 29
    39 20 194 90 95 190 220 115 27 169 161 29 160 148 181 226 81 160 173
    195 137 160 142 145 23 231 30 207 212 33 98 190 226 134 239 222 103
    223 192 48 227 204 117 24 158 180 249 5 28 85 52 103 212 136 164 92
    137 148 151 175 60 29 234 25 121 170 125 136 176 170 189 50 192 67
    22 90 41 51 134 254 144 186 121 125 174 0 40 90 8 79 82 50 178 65 44
    86 61 153 188 70 65 201 51 212 196 55 113 20 118 175 255 251 103 58
    180 74 106 52 87 185 249 33 52 213 170 253 45 197 221 241 121 104
    249 73 228 153 118 47 29 29 253 190 195 255 78 200 255 228 47 242
    170 175 108 32 247 247 221 33 30 134 202 150 29 66 0 104 60 84 240
    24 177 126 148 41 79 100 137 202 114 158 235 106 203 133 239 125 198
    117 188 136 3 100 193 126 125 126 144 198 102 3 61 86 230 184 89 93
    168 160 60 252 224 70 93 240 227 148 198 219 121 122 72 214 219 94
    23 151 240 170 72 64 121 138 133 192 19 132 225 179 59 139 64 224 87
    67 81 210 235 83 22 88 200 244 26 46 175 88 90 140 112 171 153 243
    209 72 247 41 78 218 121 148 174 163 18 94 181 125 211 73 158 65 164
    78 143 211 67 21 0 41 234 243 221 146 159 64 87 112 241 100 242 158
    243 123 192 174 108 253 98 198 69 103 232 174 79 188 95 183 253 90
    157 184 207 138 106 62 97 159 206 7 161 103 26 163 142 104 76 21 137
    246 134 74 175 231 250 146 182 236 187 153 41 22 51 205 163 214 187
    134 203 183 112 104 54 3 23 17 78 16 181 16 111 83 37 80 39 186 61
    177 138 91 183 176 124 160 101 178 3 155 233 142 157 214 205 166 20
    202 65 145 224 85 100 218 230 173 28 4 92 3 192 175 181 130 109 22
    146 161 203 102 244 105 29 12 239 55 218 175 231 26 184 153 241 82
    248 68 65 218 37 48 175 77 194 117 54 77 99 146 189 73 56 225 64 106
    46 92 235 49 13 141 50 158 10 231 32 57 173 8 128 25 199 66 84 116
    141 233 208 112 240 20 252 180 175 242 103 162 44 44 123 123 59 167
    53 145 46 63 7 51 47 48 217 116 145 182 42 35 255 137 67 187 240 22
    220 142 32 129 31 140 231 0 147 249 19 149 209 33 89 96 135 104 142
    150 62 126 163 210 249 36 118 39 192 70 115 88 169 60 97 152 186 76
    158 137 233 218 100 61 161 21 99 131 238 2 100 249 118 172 4 51 139
    1 193 127 100 249 208 219 82 5 26 34 69 202 105 249 114 60 103 103
    237 175 82 56 58 35 220 116 213 218 28 196 212 28 126 107 57 1 49
    255 124 80 186 66 209 193 97 142 205 104 233 200 232 83 42 9 194 219
    5 227 211 225 215 47 103 78 214 49 110 224 110 20 69 65 133 168 77
    180 61 25 58 163 128 115 226 212 229 181 75 238 236 191 23 0 65 28
    78 242 88 69 16 152 197 103 19 119 181 166 211 28 113 202 191 203 38
    200 138 134 159 194 192 195 79 217 99 160 203 62 52 161 18 102 208
    55 194 121 93 240 86 124 154 166 78 47 94 18 249 235 185 249 214 76
    155 3 83 180 155 93 75 123 189 170 38 214 79 76 156 229 218 3 185
    136 188 184 5 229 128 1 131 67 249 206 72 137 138 1 161 237 236 243
    248 33 68 155 144 39 94 242 94 174 250 179 239 98 98 221 147 179 114
    65 114 253 199 89 247 78 88 231 31 147 213 61 241 144 52 31 108 18
    96 235 163 34 183 159 234 188 232 97 142 212 156 156 182 236 54 2 53
    86 88 124 194 158 250 149 239 150 129 65 213 62 175 234 197 149 21
    254 123 233 209 220 129 130 38 97 80 3 218 155 157 109 177 20 74 201
    22 21 192 124 2 240 67 107 10 30 239 239 29 106 111 84 231 105 49
    128 232 78 156 71 105 105 6 230 182 224 75 101 203 83 182 200 123 93
    182 2 128 139 45 141 125 73 219 119 217 73 166 50 1 234 174 33 25 41
    176 180 190 15 151 164 125 124 246 119 252 75 35 92 131 232 27 135
    15 192 151 139 248 202 232 113 24 104 251 51 236 17 113 141 10 99
    213 123 76 75 65 244 85 182 116 106 212 185 216 110 211 170 187 166
    123 171 206 243 250 89 87 111 18 198 39 98 113 227 140 209 14 107
    115 123 159 247 142 40 22 138 47 79 158 113 0 237 70 51 160 192 153
    47 35 206 152 234 57 82 117 18 73 95 230 110 133 45 182 168 25 216
    253 129 45 94 61 72 221 45 242 208 234 151 162 120 1 198 77 116 228
    128 214 197 219 88 29 183 190 242 63 70 145 186 178 247 188 180 239
    112 228 60 184 166 173 186 94 12 150 244 34 72 205 100 220 226 117
    240 253 195 57 81 177 60 125 191 107 228 175 159 224 9 58 218 24 242
    15 1 55 255 196 220 3 243 244 229 62 40 94 65 22 200 125 205 78 185
    23 120 85 34 13 207 34 238 41 106 236 112 224 175 77 149 118 123 173
    149 222 174 87 50 224 205 211 137 53 19 213 37 245 142 114 120 64 29
    189 172 199 177 63 137 122 224 183 45 195 162 27 216 4 56 88 67 61 4
    168 57 106 228 132 158 230 244 132 179 74 128 56 28 79 225 28 228 48
    19 17 42 128 197 26 85 17 44 183 112 129 77 232 223 105 69 24 13 250
    204 193 139 12 113 15 22 205 103 204 206 219 192 247 88 107 114 176
    175 102 227 190 63 56 195 221 191 30 253 192 201 23 212 220 151 167
    23 243 145 21 9 1 227 5 28 64 102 18 61 179 98 47 197 51 6 75 244
    141 177 23 60 125 161 46 185 247 122 78 84 53 89 250 226 31 226 18
    76 13 140 234 207 164 160 74 44 61 101 4 201 129 206 72 186 246 251
    96 251 165 161 104 89 167 81 248 135 117 69 19 142 98 47 66 244 210
    152 204 69 228 198 161 209 78 109 7 214 162 15 10 125 217 114 218 94
    121 28 154 35 113 3 202 146 178 241 141 78 202 82 41 111 91 79 132
    174 238 216 11 23 64 230 39 23 124 237 178 21 173 157 204 178 63 197
    149 151 188 143 4 23 238 240 5 188 145 145 75 149 68 18 66 15 8 47
    39 21 44 183 123 92 27 94 2 61 186 221 207 246 157 253 204 2 146 26
    15 211 236 198 130 18 84 237 199 172 85 7 54 234 70 158 105 216 190
    149 173 242 119 58 78 87 81 141 71 64 213 62 10 194 178 14 115 151
    105 97 37 51 63 95 213 183 208 245 68 92 6 67 53 246 8 151 243 222
    153 141 164 194 125 225 9 38 219 192 24 161 37 55 84 160 176 84 240
    218 12 167 236 112 91 50 27 126 79 96 111 107 89 226 82 250 191 193
    218 40 250 180 55 218 25 201 77 242 109 133 145 20 245 182 18 109
    153 245 184 241 4 230 159 10 29 144 149 165 108 96 3 232 177 107 145
    89 234 95 223 149 232 74 66 222 238 37 252 17 42 198 157 243 101 180
    146 13 254 68 150 108 9 103 56 114 45 247 143 194 164 250 11 33 143
    218 108 55 33 160 2 180 63 49 229 161 223 102 15 202 116 95 65 207
    38 138 244 1 58 189 78 61 9 52 108 155 194 248 3 172 190 238 215 171
    13 158 16 167 186 20 155 23 26 52 218 208 100 43 246 163 224 118 136
    242 204 87 108 31 139 146 147 70 78 55 29 170 161 194 41 98 222 73
    123 126 121 127 52 59 143 134 198 174 230 18 101 120 207 71 87 234
    216 148 222 144 36 236 167 128 108 164 56 128 20 184 34 125 156 139
    205 121 96 102 193 51 180 103 226 119 211 212 110 84 205 236 207 100
    31 205 5 137 200 99 240 124 246 201 17 171 196 213 125 12 222 188
    180 71 143 57 216 72 197 100 110 110 217 159 102 236 252 114 80 229
    104 229 221 98 248 228 88 191 200 74 236 210 135 194 235 126 120 240
    49 149 66 158 141 12 139 6 167 180 115 79 111 246 210 28 142 80 231
    47 89 145 21 210 248 10 104 183 19 63 15 37 238 3 132 247 125 35 47
    100 239 230 88 232 19 235 190 50 58 47 90 243 156 202 68 98 47 221
    105 89 16 202 135 196 138 198 22 193 150 84 53 164 128 47 243 229
    152 173 154 86 195 21 145 10 92 140 13 28 120 58 178 10 217 194 78
    22 30 214 51 138 241 201 215 72 16 134 217 251 138 129 234 185 58
    131 112 120 101 196 179 102 91 140 158 41 201 64 117 6 241 40 117
    106 135 252 250 8 244 237 234 189 104 5 244 60 222 10 98 140 139 195
    197 93 101 33 175 115 83 42 139 169 114 13 105 179 75 104 196 5 56
    69 112 46 202 14 135 137 138 244 188 26 41 207 69 129 88 158 219 216
    80 218 211 27 119 234 173 15 11 77 188 244 110 160 15 14 244 209 11
    144 60 46 86 75 95 32 178 81 219 36 233 91 91 235 121 73 49 0 77 113
    88 66 100 255 103 69 25 193 197 231 212 36 219 135 173 98 186 94 237
    176 193 43 94 148 43 27 170 158 164 167 155 226 248 11 33 199 16 70
    178 156 100 62 24 143 70 156 162 201 128 23 198 146 106 223 218 226
    112 246 92 186 111 36 123 60 13 141 239 47 130 206 192 11 56 70 222
    245 60 23 4 35 48 81 85 185 240 93 127 216 184 5 22 8 75 95 75 79 5
    16 24 98 188 53 66 57 188 102 193 143 216 8 19 8 44 212 184 165 24
    190 237 209 19 203 104 204 158 146 223 175 197 245 136 63 203 234
    107 112 78 22 149 205 141 106 169 41 87 5 225 188 110 74 170 38 235
    51 170 245 38 115 13 255 180 231 161 62 145 215 141 107 52 217 82
    207 96 162 83 95 195 15 187 207 97 166 212 153 117 169 245 241 152
    245 23 21 42 69 243 177 158 96 10 209 226 154 54 177 218 66 91 226
    142 177 233 113 87 78 61 240 252 76 144 21 196 85 99 160 23 71 49
    190 122 157 155 222 87 41 111 137 95 33 155 167 73 194 157 77 51 154
    202 52 15 203 92 15 64 19 9 48 254 50 114 46 99 231 68 197 86 116
    147 96 202 101 53 124 62 218 207 154 57 252 56 171 177 149 234 153
    133 229 165 175 124 195 57 237 248 202 178 128 14 136 140 68 247 204
    89 142 142 163 7 69 71 139 136 0 206 99 155 36 200 248 224 165 230
    168 182 151 135 142 232 145 138 74 139 16 37 178 183 24 86 77 55 192
    180 90 51 85 236 81 198 156 176 79 32 237 177 29 107 118 205 159 43
    185 242 155 200 120 162 201 66 208 127 197 147 250 76 24 91 91 154
    137 165 89 81 204 42 234 226 221 140 201 226 129 0 199 107 215 79
    162 30 143 187 163 77 186 115 211 39 75 74 19 74 124 156 143 113 56
    24 121 227 14 216 255 90 208 124 147 22 153 177 117 122 235 146 210
    78 145 244 159 201 78 35 242 175 86 108 211 134 56 160 239 170 84 29
    216 136 152 23 55 41 122 242 97 125 32 58 150 202 194 147 206 201 59
    125 103 214 91 204 175 34 74 132 51 153 139 173 4 72 136 95 16 145
    114 176 227 135 38 194 218 196 5 128 192 100 69 153 38 121 17 26 118
    154 131 251 91 12 49 36 225 112 252 135 213 229 250 209 103 146 247
    165 167 153 65 212 124 131 5 226 244 49 104 63 181 157 156 75 163
    203 34 234 240 110 139 232 202 211 116 177 164 11 174 204 251 253
    189 182 25 70 228 11 122 181 98 231 115 90 151 26 27 236 145 28 55
    223 111 232 214 108 238 169 13 240 118 209 92 116 118 125 115 53 99
    67 232 96 130 8 84 76 2 155 137 224 135 34 212 91 43 117 153 192 220
    114 239 180 96 234 173 201 242 11 131 127 84 120 221 204 111 181 129
    30 170 73 53 79 33 212 252 161 104 72 215 146 44 128 135 180 78 81
    117 145 15 79 72 78 127 142 36 143 161 28 179 31 181 60 127 15 38
    187 186 54 154 26 12 71 113 10 187 101 166 108 12 157 252 210 0 224
    233 157 238 181 91 137 242 207 163 195 104 144 145 31 131 254 214
    141 12 111 172 87 207 95 45 153 4 140 200 248 101 230 128 47 48 240
    60 48 44 148 36 61 15 200 85 206 200 48 179 58 142 112 43 32 157 111
    23 138 78 31 233 35 93 72 81 88 57 133 222 235 127 219 225 154 8 168
    175 85 116 206 0 247 176 78 130 119 162 19 91 220 220 61 232 12 71
    73 209 127 217 127 128 202 106 78 207 196 245 173 224 155 177 25 49
    224 8 181 145 32 5 62 18 197 7 147 130 251 21 235 200 7 177 18 210
    38 28 191 138 218 234 105 220 126 248 38 20 198 157 93 232 217 121
    240 254 64 231 62 10 90 222 218 153 252 246 158 152 161 57 239 236
    184 76 64 127 141 145 56 221 226 2 152 105 86 22 49 101 106 137 29
    37 2 248 129 194 211 67 120 248 187 80 120 12 188 127 226 250 252 85
    154 255 98 90 149 231 254 58 196 243 212 142 142 221 7 5 92 59 112
    221 27 195 219 205 216 157 105 9 44 144 242 21 68 75 47 205 129 167
    248 200 248 12 53 250 230 14 1 126 103 223 8 194 119 200 70 63 82
    125 187 49 78 216 83 247 212 142 88 17 37 7 180 98 81 172 184 36 147
    229 127 25 84 207 143 127 5 204 49 23 201 205 197 178 185 192 67 237
    107 245 15 203 88 89 241 13 173 66 140 226 25 196 91 37 187 76 66 72
    80 118 130 164 186 173 155 196 161 213 144 114 246 25 140 197 135
    210 37 8 84 17 174 72 177 209 18 211 167 67 221 222 243 183 149 128
    180 176 230 112 211 99 85 248 223 238 88 31 129 199 138 95 118 152
    183 149 254 175 209 10 185 7 241 115 130 168 107 230 186 15 203 122
    37 228 58 65 41 87 181 198 88 118 34 78 96 135 117 129 27 37 86 30
    53 205 229 70 244 121 203 152 78 76 232 79 96 24 242 223 192 230 254
    171 84 62 155 237 23 113 160 174 104 137 18 225 169 64 203 47 90 145
    202 243 170 55 158 255 157 132 243 122 227 117 79 172 213 189 200
    215 189 109 195 197 42 70 213 55 142 69 147 92 155 16 189 117 126 46
    185 78 22 218 100 163 237 233 7 170 143 242 138 123 238 138 77 109
    68 169 32 122 157 23 118 88 101 132 207 125 27 137 241 236 13 251 25
    9 112 125 17 173 127 162 148 237 188 65 186 111 65 22 89 152 72 27
    109 69 60 239 67 242 123 111 66 255 1 184 231 43 36 35 252 138 172
    164 223 159 148 158 133 104 50 171 255 194 229 88 218 115 38 254 90
    108 40 213 136 55 21 198 177 179 121 42 145 17 227 41 32 45 137 102
    90 123 77 81 168 230 78 18 149 43 119 12 197 74 238 181 16 163 202
    140 21 115 85 46 32 200 137 13 177 113 148 60 238 183 115 69 103 7
    247 132 141 107 53 151 233 245 80 33 240 230 58 107 106 131 250 108
    215 188 172 145 132 48 93 168 246 89 38 251 173 156 23 187 130 92
    161 138 13 22 127 58 120 136 31 250 244 85 67 5 67 50 119 184 126
    104 175 152 79 244 37 70 141 211 118 166 169 237 44 96 47 248 172
    247 85 53 144 137 34 216 89 140 180 90 219 223 209 240 10 205 158 40
    17 210 123 14 24 173 165 196 131 148 92 167 166 166 250 137 227 212
    97 199 95 21 208 112 40 183 29 236 30 35 59 247 67 57 61 32 215 166
    196 222 105 244 95 54 78 209 32 241 120 194 37 99 208 127 9 127 43
    143 33 247 251 224 114 0 94 142 232 230 17 80 181 13 37 42 37 179
    239 254 37 163 157 190 155 3 146 93 164 253 21 227 8 243 10 6 75 30
    151 227 102 74 239 118 145 25 235 42 164 85 22 206 162 37 248 204
    132 200 245 242 250 5 100 137 127 44 88 160 133 196 34 221 8 59 147
    229 204 213 252 4 53 183 97 20 87 210 139 8 208 145 250 134 155 179
    166 150 49 30 1 56 55 236 221 22 87 114 220 86 177 194 105 38 137 30
    54 28 217 35 227 104 74 187 126 21 24 242 76 6 225 212 96 233 176
    109 150 241 55 240 234 252 228 50 225 11 72 97 216 232 33 191 79 130
    220 127 241 208 202 151 98 163 5 188 224 87 183 62 40 19 153 176 19
    92 12 204 74 246 3 124 18 188 122 114 64 218 54 32 48 133 78 157 68
    225 159 163 64 106 49 232 255 8 153 254 225 83 95 64 170 148 107 244
    67 214 243 170 171 4 228 136 100 219 145 250 128 7 229 147 94 34 84
    36 133 47 32 9 64 202 151 122 252 22 190 75 142 192 53 183 229 86
    245 45 151 99 52 152 60 86 73 43 153 2 147 249 79 8 96 159 85 22 108
    226 169 60 83 22 111 127 221 144 57 17 230 74 59 41 39 231 149 217
    159 194 211 74 53 47 169 144 172 2 120 82 13 86 84 118 137 17 190 81
    63 170 170 45 217 97 70 5 18 97 70 229 218 61 213 132 146 171 58 238
    125 161 97 40 178 120 10 18 12 33 12 12 243 138 179 252 38 34 59 243
    9 136 234 138 22 78 217 61 27 40 207 129 27 214 56 113 27 161 138
    189 66 212 39 63 24 11 175 194 204 239 70 132 28 9 127 249 7 168 165
    189 226 28 29 140 190 246 211 126 198 2 84 61 255 107 17 220 12 103
    171 44 132 8 231 216 114 124 30 245 120 119 180 63 148 76 122 219
    147 211 150 84 239 238 183 239 36 209 109 37 225 161 124 46 231 252
    34 246 127 117 24 87 203 138 84 189 120 47 100 59 50 10 102 182 146
    126 211 193 65 107 3 163 48 52 144 201 175 70 180 153 220 10 231 104
    230 51 106 211 242 196 139 79 168 130 48 221 134 43 231 154 81 72 84
    207 37 115 103 139 116 202 185 106 120 128 71 190 211 213 127 90 232
    84 32 184 173 72 243 174 51 167 187 23 244 64 49 182 222 143 26 157
    51 76 251 144 174 84 46 153 140 240 247 217 42 89 180 204 3 227 58
    50 19 109 85 72 150 23 231 76 136 152 52 195 200 118 21 139 10 69 73
    116 141 203 228 20 105 64 30 108 174 240 48 146 119 196 166 214 104
    77 138 15 121 242 20 180 195 23 111 21 86 56 37 60 3 99 48 0 31 250
    61 56 28 174 245 191 104 152 91 177 116 180 65 85 85 142 226 49 74
    49 124 65 212 94 127 151 237 54 82 34 20 179 175 209 128 223 81 182
    215 91 119 148 153 48 227 135 194 116 74 232 35 82 147 13 171 99 99
    128 194 25 172 175 66 26 237 45 217 196 2 141 8 172 43 106 62 105
    241 167 230 174 87 72 82 58 133 57 52 216 22 213 145 220 19 245 43
    149 100 207 14 97 218 74 11 255 158 155 39 78 34 69 238 177 17 146
    50 87 28 41 48 13 199 3 58 182 141 6 125 80 241 26 211 99 171 76 6
    241 89 89 199 192 139 176 247 189 160 128 24 10 186 226 73 62 207 5
    33 7 2 71 225 62 151 77 170 3 116 59 203 157 6 18 8 199 227 249 198
    189 80 165 70 132 151 36 104 99 155 3 166 241 150 149 107 15 178 130
    75 63 79 251 63 85 196 48 129 176 214 202 206 13 174 137 87 104 135
    106 223 108 143 1 84 11 227 192 166 65 111 129 244 119 161 199 149
    223 65 160 254 52 74 219 186 202 77 249 179 8 220 186 250 166 195
    225 162 160 240 119 148 92 80 16 4 168 171 83 238 255 123 239 172 11
    134 43 209 100 79 241 76 101 186 146 135 2 41 72 11 53 22 163 227
    235 15 241 207 228 218 37 200 25 189 225 252 198 72 47 176 79 182
    240 216 98 26 50 160 155 213 165 226 235 124 146 80 155 135 165 13
    75 25 47 97 80 186 79 241 208 231 23 250 151 122 197 121 27 68 205
    133 134 143 21 252 125 104 18 211 192 185 86 32 234 153 38 80 241
    134 249 190 6 182 246 239 63 114 178 28 89 62 90 47 44 212 93 107
    165 115 118 127 157 206 17 127 160 24 214 69 243 140 123 16 14 45
    219 199 223 241 105 71 157 127 91 18 38 4 208 222 186 10 226 12 173
    8 209 150 195 104 150 129 207 88 160 124 185 80 54 193 239 227 183
    27 167 201 129 141 80 119 7 59 41 94 87 151 220 97 40 208 220 2 82
    135 221 217 77 158 240 237 230 130 213 184 155 18 76 183 234 69 140
    3 205 77 217 248 161 21 119 130 104 60 243 97 204 62 248 255 61 59
    43 115 86 197 211 219 241 92 110 203 190 105 187 204 82 228 61 84
    248 224 108 160 178 130 249 77 192 35 169 190 174 170 75 243 208 4
    171 13 56 43 168 70 58 103 81 187 218 222 227 167 4 64 96 107 19 94
    78 174 252 217 61 20 179 11 194 35 56 156 200 204 27 152 180 104 252
    109 26 75 38 160 29 190 151 38 69 100 226 172 36 40 6 248 35 157 69
    122 185 12 157 54 228 192 38 174 2 95 45 87 218 37 226 237 114 82 73
    106 81 161 114 179 63 200 105 233 94 170 22 4 255 70 63 204 42 91
    165 247 1 173 28 132 219 166 106 187 82 179 178 72 153 112 63 57 204
    174 43 249 206 89 5 124 135 47 66 133 146 244 115 191 150 32 67 115
    100 4 203 132 150 105 2 23 115 175 156 161 70 92 149 147 200 122 118
    168 14 96 113 236 210 167 97 235 161 36 173 151 246 147 205 193 98
    51 223 94 188 11 164 86 193 224 53 50 204 201 136 103 98 102 70 107
    9 12 220 240 92 182 125 151 150 130 163 114 17 103 180 187 194 98 65
    93 112 31 130 225 55 249 59 184 222 229 238 218 34 140 131 68 129 67
    0 205 172 236 76 243 124 198 166 229 45 120 184 91 238 133 115 245
    153 175 209 33 28 183 196 197 228 124 46 29 55 150 0 122 222 101 242
    89 137 155 205 216 124 38 30 81 254 81 208 62 2 185 3 144 19 93 24
    197 153 63 70 250 99 14 30 143 151 222 203 155 154 164 252 134 24 15
    128 66 203 10 165 152 203 114 16 90 14 171 3 93 165 84 19 13 11 179
    74 3 63 54 139 200 144 169 28 16 5 212 153 179 191 248 218 149 49 18
    234 117 192 228 141 163 88 35 153 0 60 94 232 207 128 98 221 76 232
    238 217 164 180 140 136 141 225 11 231 245 116 205 60 98 8 153 212
    55 81 76 183 45 85 21 191 33 12 152 246 250 54 12 28 86 46 99 120
    122 216 39 225 162 134 9 31 244 65 164 209 79 217 16 111 129 18 110
    168 172 110 231 22 229 44 127 228 249 46 229 21 234 231 248 32 133
    254 57 99 223 170 101 232 239 169 38 218 203 24 103 180 119 241 29
    128 213 254 197 248 44 14 240 211 142 249 236 42 89 177 58 25 41 139
    103 181 156 101 106 48 145 133 192 218 3 90 206 132 132 88 188 223
    132 74 219 188 208 208 211 61 88 203 89 238 197 122 193 143 254 251
    165 101 22 25 216 199 38 116 32 63 72 15 84 43 190 130 32 243 172
    190 154 120 111 168 223 5 203 70 36 41 106 100 114 188 144 62 72 39
    245 155 49 21 40 141 162 226 13 74 85 72 239 129 240 123 12 9 154
    161 122 172 167 51 245 38 251 26 232 125 66 78 12 159 139 155 20 165
    205 33 101 244 160 111 141 49 111 184 15 7 116 106 78 118 205 254
    159 139 51 125 245 18 57 46 244 107 67 92 211 79 64 203 27 224 198
    53 216 210 44 22 74 190 151 138 193 246 58 178 215 151 158 251 231
    83 168 123 126 140 222 78 120 230 241 63 18 136 150 79 61 115 240
    124 9 160 37 159 127 154 186 87 211 0 158 62 198 31 125 125 164 97
    159 40 135 133 8 154 205 225 149 27 13 126 254 200 207 250 162 252
    149 39 53 233 163 155 9 181 4 90 210 224 85 50 145 215 68 72 17 39
    140 39 101 175 216 25 149 121 127 246 14 175 186 73 16 199 119 166
    173 17 24 151 122 216 198 200 68 93 6 198 250 72 191 200 75 186 62
    182 93 75 158 163 12 205 240 239 187 130 81 51 8 28 111 195 223 219
    233 113 209 218 142 196 201 32 25 172 7 18 187 248 204 93 227 237
    178 93 142 222 206 168 72 37 244 71 161 128 94 202 83 158 212 88 102
    240 50 212 13 206 50 76 6 247 163 186 212 13 77 151 36 148 132 49 77
    209 11 28 78 166 94 244 144 13 103 190 144 106 173 13 202 211 14 11
    24 198 116 6 9 31 204 115 125 106 115 215 250 233 189 201 174 249 89
    232 63 249 133 164 95 203 112 124 202 52 249 46 207 66 136 91 186
    181 166 107 238 177 82 238 4 37 0 12 20 29 105 105 82 251 232 87 5
    117 176 55 2 249 159 99 105 59 10 47 61 145 210 130 167 210 4 142
    167 48 156 135 185 81 187 253 66 159 243 49 2 9 101 65 164 128 92
    248 75 132 34 65 102 71 206 11 215 204 238 220 229 230 230 182 159
    158 232 240 121 168 235 32 215 95 191 2 87 85 95 27 103 13 205 58
    191 124 21 199 167 240 26 10 174 23 69 146 120 208 121 220 55 179
    191 211 96 222 32 160 118 243 61 126 19 162 227 184 174 243 169 5 91
    27 252 44 163 77 80 41 80 111 229 217 20 79 194 73 96 10 100 175 182
    7 18 95 162 6 142 143 4 234 43 118 18 210 103 155 238 247 80 205 121
    199 79 127 68 220 33 233 200 181 177 195 184 248 135 188 187 123 139
    37 167 141 35 186 61 137 172 205 94 123 83 84 167 61 140 199 52 190
    48 77 120 206 194 205 206 155 48 190 252 144 212 212 250 3 209 10
    223 116 156 57 48 247 172 150 226 12 7 83 38 197 252 165 210 200 250
    224 156 6 25 66 101 61 23 221 20 17 154 211 130 168 240 66 103 128
    192 227 99 143 111 249 189 195 6 241 62 146 90 61 245 235 19 99 69
    229 208 55 131 120 225 154 57 142 198 4 97 95 249 198 71 197 32 171
    132 2 254 112 138 67 83 201 13 14 231 204 80 22 227 43 223 96 226 76
    49 225 189 149 54 22 30 117 236 197 66 142 115 36 204 39 179 206 82
    106 240 233 207 153 32 127 193 226 140 215 191 141 247 39 49 65 131
    6 158 53 39 173 37 246 118 53 6 200 217 42 166 157 46 34 110 240 48
    34 183 141 27 31 86 46 18 40 118 118 245 109 121 203 75 214 110 194
    13 100 248 158 154 115 35 56 146 15 37 36 35 80 214 57 142 132 6 231
    75 7 140 242 82 206 198 243 144 122 239 136 188 109 149 139 253 227
    83 227 246 16 16 13 17 90 43 18 27 228 95 40 1 217 56 5 60 193 137
    182 147 29 240 25 117 166 0 63 89 200 87 30 68 121 231 228 21 150 24
    74 209 230 35 140 70 1 243 232 99 153 27 187 6 94 167 132 2 15 209
    144 172 87 25 163 187 82 167 235 146 123 181 11 50 187 82 97 219 91
    72 88 233 133 158 143 12 75 237 235 196 179 131 158 7 29 174 33 41
    173 118 44 154 161 89 23 44 216 2 179 92 18 46 1 247 95 33 47 59 49
    88 166 183 189 180 13 230 205 196 7 142 121 52 242 114 61 137 66 211
    74 12 38 73 242 220 79 21 6 48 13 206 44 215 58 220 51 55 38 183 31
    105 243 193 242 118 100 77 58 15 142 81 41 131 194 89 221 202 126 8
    74 12 213 184 231 7 134 90 221 203 95 203 75 175 191 152 173 2 243
    168 215 133 57 104 40 159 191 44 179 55 242 41 165 28 114 151 61 246
    208 24 206 64 66 11 158 197 104 170 156 202 80 233 62 239 37 253 216
    91 130 97 122 140 63 8 140 24 99 6 99 180 208 68 129 233 119 184 197
    58 118 69 199 81 181 112 173 226 9 177 52 81 234 138 140 177 7 18
    139 119 31 134 76 87 38 141 104 126 5 245 172 63 145 22 82 254 57 70
    93 241 173 71 114 246 30 211 207 247 19 148 32 0 72 210 132 99 84
    166 89 192 45 75 0 222 93 208 174 155 107 91 146 229 72 217 94 79 53
    245 17 223 156 156 137 165 91 19 165 49 46 63 218 82 97 119 107 239
    193 29 148 146 66 48 245 51 144 48 159 55 209 249 209 97 231 145 46
    46 141 170 242 222 45 189 234 74 243 19 153 178 130 180 36 198 43
    215 107 248 60 167 37 196 111 183 206 113 127 34 137 205 144 229 79
    3 79 101 165 204 107 186 74 110 50 143 202 131 155 161 139 147 156
    29 229 47 24 73 222 113 137 243 76 212 234 6 82 34 35 224 85 65 136
    64 237 244 218 123 12 50 44 160 138 96 35 194 183 156 255 80 124 59
    226 152 231 244 230 135 120 234 212 64 90 244 78 86 35 170 152 120
    231 9 17 218 17 121 73 200 208 205 85 83 250 62 90 88 129 229 54 90
    112 39 82 137 30 95 129 174 184 231 97 214 174 190 239 43 79 170 208
    186 206 85 15 154 168 106 162 85 16 35 84 188 12 26 211 88 0 204 229
    218 140 119 0 245 84 160 248 159 254 220 247 39 81 83 199 119 182
    151 178 226 54 16 150 5 188 168 64 105 36 13 118 201 127 34 158 7
    175 180 33 188 30 208 164 104 73 247 188 208 130 118 115 51 229 165
    191 141 18 162 227 131 106 12 116 10 49 167 80 135 139 125 0 33 152
    75 254 138 114 97 147 191 9 168 71 108 35 65 197 188 173 78 130 0
    111 206 36 21 210 89 20 101 108 156 182 112 88 158 56 134 132 7 103
    200 105 108 146 231 68 69 209 211 77 48 65 0 143 215 147 128 133 239
    146 198 36 217 199 218 108 234 50 229 101 178 96 201 62 26 225 223
    242 137 122 20 227 121 201 107 149 83 186 26 46 193 202 107 246 116
    221 210 89 207 242 97 220 67 13 197 28 52 226 5 85 129 246 102 191
    131 68 139 63 78 121 199 212 70 141 132 27 168 131 95 184 176 85 172
    100 64 151 248 220 222 136 147 94 220 187 154 84 21 194 139 219 158
    140 185 12 133 88 104 192 1 203 96 139 232 10 29 136 119 108 154 130
    5 24 65 79 205 206 181 132 245 9 97 71 254 30 160 156 16 30 247 255
    165 105 86 107 162 20 152 210 117 220 223 117 117 84 2 146 213 152
    217 45 51 192 155 114 86 97 108 150 56 82 45 125 89 27 55 120 181 98
    4 110 162 0 118 21 152 41 104 251 228 8 95 171 24 173 13 118 61 138
    143 101 27 120 142 9 151 85 36 145 2 31 242 25 22 31 176 195 133 179
    121 208 91 132 171 248 17 225 112 143 76 24 197 13 71 53 229 231 36
    226 97 164 35 56 2 174 32 65 208 255 127 39 239 54 69 190 239 89 17
    102 50 26 200 20 214 112 58 119 5 41 188 106 3 172 15 83 116 150 95
    242 40 124 2 38 155 238 252 170 166 20 40 131 7 94 54 42 226 174 100
    23 161 89 29 252 136 23 29 80 230 94 47 224 239 171 214 139 168 138
    22 44 14 249 114 215 121 229 0 230 164 123 122 214 233 17 255 234
    255 144 54 194 255 143 214 74 254 47 39 26 45 125 43 85 3 187 138
    164 8 175 17 84 71 17 232 145 54 20 190 203 103 157 4 78 52 145 248
    30 214 145 80 189 45 236 61 223 26 142 104 25 107 222 234 109 103
    165 40 156 208 9 125 184 198 220 75 17 99 1 248 218 26 29 92 198 26
    170 150 140 158 12 107 142 109 92 70 169 236 186 107 179 143 164 184
    239 151 132 7 122 127 205 48 126 120 163 246 221 151 80 192 1 212
    110 20 101 92 13 135 129 23 236 25 21 48 5 148 184 33 26 16 79 38
    225 215 105 89 170 133 35 170 105 163 158 77 39 135 55 245 229 66 77
    99 104 174 8 254 76 119 172 83 87 92 234 232 200 11 106 13 13 131
    199 16 54 51 174 180 167 80 43 103 231 57 48 24 187 25 43 4 160 7 28
    105 101 245 117 214 228 210 73 160 161 200 131 101 197 77 202 224
    194 5 230 97 171 227 239 251 189 24 110 170 112 212 175 94 95 119
    218 30 106 46 229 116 123 21 232 107 100 94 255 217 147 232 185 200
    93 76 198 51 89 191 207 90 73 208 56 100 122 27 203 52 76 27 197 239
    254 73 39 34 162 110 42 181 228 124 109 199 156 3 93 109 46 234 206
    2 127 31 4 188 212 124 81 187 139 104 243 162 225 40 202 150 2 194
    23 183 196 135 171 151 72 115 252 60 58 18 61 180 170 205 216 143 14
    145 158 113 202 185 57 144 100 30 254 203 228 125 37 36 206 198 18
    138 55 179 92 71 199 165 90 139 207 231 210 88 231 108 245 34 219
    228 174 49 250 10 33 47 187 214 60 178 77 98 35 171 244 175 47 212
    173 226 232 13 10 126 23 201 173 215 155 178 111 224 17 173 185 227
    1 29 1 156 126 199 85 126 166 57 201 218 186 211 131 215 70 79 246
    132 170 60 126 149 126 165 41 199 151 127 153 61 133 9 161 51 104
    194 111 182 227 153 52 34 72 60 87 37 18 160 155 232 3 248 158 61
    121 52 108 180 243 25 13 66 193 123 78 31 117 132 120 63 226 51 21
    37 92 228 14 152 107 56 126 41 229 168 136 140 183 180 62 231 195 3
    166 145 148 143 43 153 161 187 226 22 92 183 145 76 3 14 111 173 58
    212 190 93 68 63 251 135 123 216 235 69 136 22 16 226 30 67 157 156
    106 200 178 94 116 242 113 112 81 249 150 219 149 74 73 54 116 41 80
    254 210 235 89 183 121 12 0 95 62 202 102 182 69 114 155 17 123 227
    30 117 146 102 133 185 252 99 97 245 207 134 99 174 216 107 233 239
    254 86 22 23 168 39 171 235 68 224 192 253 93 55 135 117 135 206 165
    143 167 93 137 200 249 110 250 83 215 90 112 106 6 24 221 143 16 117
    158 63 247 144 231 157 169 112 149 234 28 47 30 255 195 133 196 62
    98 11 201 61 15 68 61 35 254 132 81 149 144 127 75 72 74 157 131 122
    4 205 72 90 81 100 234 120 158 31 111 221 208 87 180 236 196 88 235
    239 174 148 74 0 135 126 226 233 198 120 72 165 135 157 16 231 13
    126 17 160 152 66 178 129 72 246 87 63 95 68 42 87 115 78 229 216
    217 16 31 49 209 107 117 30 35 75 89 201 126 195 177 232 148 184 205
    196 239 68 124 236 233 35 44 137 244 114 70 225 64 147 69 58 90 135
    221 69 213 235 166 29 253 124 227 90 229 196 60 125 44 34 2 9 222 58
    146 175 201 114 216 253 201 88 144 64 134 188 152 223 191 1 117 64
    47 66 19 19 67 18 107 65 218 0 59 111 221 66 184 206 2 199 77 77 44
    60 243 202 142 218 143 183 54 86 227 234 64 15 131 80 214 188 138
    120 137 8 144 230 201 184 48 101 214 158 228 219 130 55 37 201 72 93
    37 174 144 88 78 184 143 118 158 115 247 118 244 51 59 78 117 144
    208 143 188 156 170 118 64 123 0 219 59 58 129 133 140 200 116 129
    85 56 8 180 108 66 143 232 118 230 112 35 47 0 23 244 151 84 231 35
    43 107 155 226 114 206 233 30 48 210 196 185 94 237 194 182 152 74
    175 179 144 200 83 27 139 211 131 1 235 242 169 219 35 115 225 190
    127 15 245 182 212 98 235 123 98 140 0 66 112 24 152 190 10 36 245 6
    59 207 203 89 61 29 94 129 8 104 18 20 217 92 94 190 141 88 117 18
    83 137 33 53 12 182 189 80 79 101 73 37 94 72 200 155 77 131 25 141
    171 128 201 223 190 206 137 133 60 43 26 76 52 117 0 93 204 225 239
    80 154 46 20 121 26 205 49 127 248 152 18 89 216 158 65 12 170 206
    133 136 105 107 222 171 13 59 116 101 202 91 61 176 243 107 252 69
    178 68 79 253 185 97 85 40 72 223 74 210 25 68 26 5 16 238 111 33 9
    50 82 178 116 37 51 233 55 26 243 39 61 149 78 48 16 209 136 63 58
    113 249 133 11 32 106 253 85 83 41 253 132 174 127 174 255 148 116
    249 244 84 36 48 18 98 56 40 146 232 61 33 37 32 74 16 216 196 170
    46 31 16 191 157 251 154 148 57 120 69 122 156 172 86 2 246 164 24
    173 15 31 144 53 108 191 47 168 127 31 105 248 55 62 162 198 162 11
    210 8 96 117 48 32 32 96 118 234 85 11 227 182 71 11 136 247 97 33
    127 135 245 229 199 147 157 111 108 134 69 81 87 78 131 48 44 46 165
    138 177 8 46 119 238 34 42 151 39 130 75 207 54 106 119 174 249 129
    11 59 129 64 44 159 160 44 173 101 53 230 191 134 65 109 41 219 232
    171 136 242 226 212 111 54 212 42 128 158 24 121 135 224 73 107 186
    207 93 65 119 45 207 139 66 220 88 76 178 114 119 4 188 77 220 81
    148 143 67 170 248 135 247 203 70 211 99 12 72 159 158 170 216 214
    134 0 201 213 245 238 94 214 64 188 184 11 74 38 165 9 66 250 213
    101 11 173 187 73 236 132 181 21 145 134 18 169 128 141 127 111 84
    214 39 37 227 7 60 102 173 226 73 50 185 57 66 77 117 211 51 62 173
    202 130 37 109 109 97 192 76 107 82 219 96 153 248 50 212 67 84 180
    195 21 31 228 211 138 124 224 58 158 176 93 64 216 12 240 126 126
    187 234 113 140 7 199 232 240 9 157 249 184 165 196 78 8 145 26 26
    185 195 121 8 93 99 73 231 123 231 101 254 153 248 12 88 185 150 253
    208 80 204 26 224 101 84 104 176 43 206 226 178 92 110 60 194 87 230
    37 235 83 71 82 139 175 210 63 28 21 28 35 177 142 10 203 219 235 50
    187 239 103 252 248 198 42 102 39 221 104 180 84 117 74 49 32 83 230
    166 78 245 208 59 211 50 17 181 114 210 65 221 248 204 151 2 91 118
    200 85 123 131 130 42 251 35 102 248 189 110 229 95 121 222 44 194
    145 125 142 68 89 134 26 227 181 173 95 171 155 181 174 165 46 40 98
    136 210 161 91 93 12 100 23 220 230 110 22 62 207 110 202 9 16 124
    232 179 147 144 125 0 190 66 115 62 146 216 139 128 226 10 180 18
    199 32 131 117 220 72 232 55 20 13 88 131 40 29 162 252 182 109 209
    251 252 68 97 24 23 98 175 159 25 254 21 147 240 8 32 155 217 226
    102 180 8 57 147 119 47 169 182 18 148 3 21 253 222 245 197 86 56
    122 221 120 169 176 215 6 68 189 137 84 134 85 241 11 48 135 116 249
    188 151 57 159 125 72 24 231 166 99 37 244 22 213 241 52 13 129 4 68
    239 115 159 243 198 40 214 127 137 244 26 149 3 167 76 161 84 183
    232 131 87 215 18 64 77 41 86 144 11 130 107 245 123 138 41 94 48
    228 110 232 174 8 179 249 16 155 144 145 178 130 176 54 19 18 102
    140 243 150 175 4 112 131 46 44 162 181 192 147 50 190 122 25 127 9
    238 67 71 179 238 43 213 224 255 46 188 69 246 160 77 242 109 253
    112 172 8 64 53 79 87 192 7 217 45 91 231 99 245 53 212 57 124 183
    83 83 182 4 210 32 179 76 158 73 240 204 184 127 29 102 236 170 142
    218 182 205 197 200 90 190 1 26 39 147 133 123 107 245 240 146 100
    243 110 113 205 253 142 170 251 194 46 113 217 111 100 74 169 156 85
    235 115 49 168 218 94 156 137 83 251 167 115 183 242 233 159 180 158
    48 43 154 10 164 134 111 195 73 168 16 208 86 60 54 113 251 68 97 88
    103 85 7 161 250 71 93 66 154 119 39 45 96 6 12 230 203 201 88 96 16
    255 138 73 61 5 111 66 34 168 176 48 109 183 181 200 114 130 18 8
    132 234 218 197 52 35 142 1 163 140 211 208 13 156 69 125 153 196
    196 153 191 76 216 44 212 141 62 230 53 43 243 161 239 202 133 54
    177 5 145 244 134 200 75 182 13 179 164 131 241 146 166 46 85 22 76
    94 182 169 195 31 243 17 129 87 87 22 150 70 103 56 196 232 232 232
    69 231 10 138 156 4 179 63 58 64 7 128 110 34 42 10 213 155 46 54
    250 202 91 223 40 45 37 145 50 118 90 193 0 232 75 156 145 146 46 73
    144 8 191 255 98 66 45 192 19 225 142 64 138 145 167 76 146 115 100
    139 150 73 225 117 119 181 87 173 251 138 50 19 63 98 149 79 247 234
    242 40 96 30 80 242 254 198 53 20 207 156 137 137 234 70 142 201 31
    161 240 141 230 4 202 11 52 100 7 36 14 166 68 88 96 251 71 143 168
    77 62 161 58 54 192 203 53 212 28 111 187 112 208 211 246 40 129 51
    15 27 211 39 251 187 88 148 96 199 140 173 21 155 20 217 192 135 61
    157 202 67 168 42 96 78 250 179 85 193 19 71 121 120 251 4 97 60 29
    148 79 183 49 240 18 181 230 207 113 171 98 63 9 95 145 20 62 121 28
    94 56 162 51 170 14 225 202 36 64 94 115 124 175 20 98 207 173 15
    148 31 42 225 133 186 123 74 67 71 10 91 147 255 172 65 135 84 13 29
    216 92 30 31 216 67 107 42 228 76 194 51 112 151 145 30 180 69 1 118
    100 241 241 190 101 141 215 191 52 62 30 55 70 219 16 66 195 148 33
    21 191 232 228 147 3 184 113 176 35 185 193 158 224 158 224 64 50
    207 73 25 62 24 58 52 23 176 108 161 226 251 165 38 157 127 11 60
    242 16 234 111 35 65 122 185 174 138 26 226 189 16 89 125 188 112
    184 104 249 108 158 194 215 39 40 77 63 93 156 93 202 2 126 101 235
    225 124 108 40 232 126 43 32 97 200 17 54 225 112 64 100 51 9 249
    201 252 84 13 63 46 9 66 108 205 172 151 211 8 206 45 115 230 119
    158 119 105 133 217 181 135 243 236 57 102 120 255 75 160 9 208 108
    40 142 235 91 46 128 137 212 10 192 101 238 160 50 205 105 143 115
    37 217 15 204 240 85 194 209 148 12 197 196 2 237 99 39 226 164 220
    48 67 101 50 230 140 182 255 125 6 23 67 59 193 35 47 55 72 179 161
    96 102 45 225 98 215 202 40 75 12 177 212 72 22 175 156 147 228 108
    222 8 48 195 12 152 136 219 100 113 93 46 192 200 254 142 72 24 204
    177 79 5 191 35 159 127 94 199 49 96 214 231 238 157 246 218 238 73
    24 59 178 13 113 73 106 136 210 158 164 6 72 40 208 245 192 137 222
    201 216 37 149 198 191 147 95 195 167 74 113 188 194 118 217 16 175
    18 230 161 235 62 158 125 136 78 87 219 206 16 16 226 119 53 133 146
    87 165 97 136 169 109 63 157 145 0 186 228 87 122 167 17 54 63 16
    182 172 247 124 84 99 2 138 228 61 92 155 28 19 122 94 219 102 180
    80 169 92 85 190 220 184 4 70 0 31 98 230 85 31 184 214 160 49 162
    132 252 88 30 238 37 229 58 144 61 158 237 139 169 137 89 240 129
    146 3 36 107 220 156 184 235 93 159 232 187 55 102 47 129 122 36 34
    134 110 130 188 24 238 235 241 8 157 255 62 159 175 70 159 157 146
    229 11 72 91 193 5 242 192 27 66 177 220 213 65 60 83 93 78 61 239
    112 2 77 191 238 8 130 66 159 91 156 94 152 129 41 254 198 189 227
    122 210 31 122 89 163 129 236 116 221 143 64 45 168 38 237 172 83 58
    112 230 243 238 13 209 195 21 54 163 104 133 61 88 153 60 219 111
    126 251 55 158 218 161 235 52 35 9 223 206 159 67 45 176 251 106 167
    215 156 183 133 81 93 21 190 5 244 133 160 100 58 40 176 94 119 108
    74 74 154 90 245 3 38 150 143 205 42 58 221 85 245 130 206 175 148
    111 68 160 123 46 186 57 190 92 238 116 154 193 233 217 193 251 73
    47 236 224 14 53 156 110 127 251 44 51 152 166 135 188 113 137 193
    67 31 41 87 127 51 220 163 22 139 74 151 84 213 2 230 229 125 253
    134 74 44 253 255 117 87 78 123 139 207 255 143 215 242 64 192 30 26
    255 54 201 36 225 4 54 234 208 60 10 89 193 34 57 202 107 245 130
    218 36 99 116 255 235 195 163 22 178 136 182 13 208 109 192 73 198
    243 119 223 0 197 51 51 33 59 232 88 175 230 181 254 169 172 152 238
    97 98 82 137 239 85 129 78 11 152 67 72 225 236 69 85 172 163 200
    232 100 195 38 233 229 79 107 240 248 245 136 71 130 0 164 115 190
    175 246 69 3 218 126 225 36 250 216 175 15 106 188 16 87 174 150 208
    252 31 242 170 131 82 29 25 211 196 15 46 28 233 2 214 119 157 209
    38 252 250 229 107 254 238 179 48 103 18 151 197 171 235 151 162 32
    156 194 128 216 231 133 83 100 255 231 214 197 12 110 39 87 164 29
    230 27 112 91 83 148 131 183 59 35 152 78 95 25 11 109 176 146 214
    31 95 139 41 60 240 238 197 221 227 73 137 188 216 84 219 98 190 134
    92 134 214 177 87 160 164 155 39 195 76 40 149 185 254 167 91 54 119
    60 4 173 250 161 139 195 81 243 100 87 24 132 152 138 78 224 177 123
    42 254 72 232 144 29 109 1 173 17 98 232 205 166 159 243 42 86 137
    199 197 151 68 184 41 144 88 172 204 143 252 223 24 250 205 21 13 46
    223 38 234 195 222 213 182 249 190 140 118 229 53 237 247 115 93 108
    249 254 78 23 254 157 12 214 98 178 179 69 204 22 176 220 247 30 125
    55 114 245 166 74 182 159 77 136 218 216 249 61 18 185 113 28 62 147
    138 78 179 240 49 16 31 81 63 226 241 139 45 97 28 6 154 44 120 64
    129 77 196 45 195 75 231 252 182 222 179 12 68 197 47 34 151 101 52
    71 251 26 165 116 169 130 179 120 127 73 62 115 105 197 39 42 55 49
    125 195 124 40 86 154 245 55 27 45 180 156 168 252 99 68 57 47 234
    219 13 175 193 64 247 46 183 239 242 4 230 73 197 151 232 102 175 61
    235 112 234 227 230 123 121 62 62 85 70 150 132 118 141 88 46 5 145
    198 174 245 219 2 83 138 249 242 123 75 112 115 55 107 118 150 145
    211 144 198 225 79 16 222 52 153 115 92 87 225 229 59 8 83 47 83 91
    221 2 246 209 71 198 169 123 81 131 98 219 222 138 123 235 0 8 231
    10 9 77 120 161 45 0 71 140 117 238 126 47 124 19 255 127 118 112 18
    190 198 210 94 7 193 186 65 92 234 157 110 250 236 45 112 117 78 58
    17 216 147 49 76 117 14 249 216 120 180 255 250 236 115 182 44 21
    168 110 104 82 130 217 191 170 219 87 131 163 137 65 148 154 11 68
    105 214 52 207 7 18 206 68 38 231 172 97 72 100 55 163 19 114 97 152
    170 224 222 187 21 166 48 21 255 9 122 145 6 97 239 114 59 91 107 77
    172 188 114 149 120 14 217 142 132 32 135 229 218 245 219 163 17 165
    228 5 92 174 216 92 13 89 63 122 169 103 37 34 193 10 175 125 96 191
    154 88 222 74 142 224 109 160 16 159 173 221 68 145 205 13 61 14 232
    127 10 181 247 98 198 105 46 98 93 44 106 0 130 248 101 117 88 240
    122 29 177 69 63 137 104 145 145 143 62 45 154 244 166 79 255 234
    226 58 210 64 188 55 123 38 52 151 125 61 60 233 125 179 132 52 130
    117 135 132 239 107 167 157 199 174 156 127 135 2 144 247 132 176
    146 63 210 191 138 118 230 140 237 43 209 54 82 132 29 248 112 22
    169 80 208 55 114 128 174 100 115 186 170 172 209 187 180 112 154 78
    144 163 11 158 57 39 94 185 175 251 33 31 184 157 122 135 106 242 64
    228 132 202 190 227 72 100 152 65 16 251 76 201 167 221 164 42 144
    168 117 131 108 139 146 199 83 190 178 230 148 233 137 34 102 163
    217 105 145 251 72 116 119 242 118 139 77 252 117 214 31 101 94 55
    162 86 99 101 241 47 241 215 2 105 150 91 107 254 96 87 91 180 82
    137 178 213 26 56 39 78 168 29 218 5 205 120 30 236 173 190 7 90 161
    85 149 236 190 102 223 95 167 188 162 97 32 28 97 81 212 76 57 6 233
    53 9 254 9 67 149 126 31 236 79 216 219 38 208 249 166 49 208 202
    255 162 110 105 194 226 199 208 127 42 123 152 152 27 245 221 104
    238 131 19 252 239 45 11 210 119 138 117 81 41 68 27 202 46 142 129
    61 186 204 89 210 174 169 24 191 154 254 97 30 101 181 126 166 118
    153 106 26 238 153 0 247 106 220 188 108 247 87 57 38 185 214 124 2
    88 34 135 81 23 190 189 234 35 54 165 234 6 150 162 44 30 84 98 61
    202 113 9 91 83 4 156 33 5 245 120 118 200 247 76 172 198 136 238
    171 95 35 5 22 110 197 251 59 89 174 155 240 230 251 146 244 71 45
    20 28 152 44 240 191 161 5 67 181 217 172 138 20 141 122 111 223 7
    190 93 171 222 114 138 86 33 149 163 230 30 35 26 68 32 141 163 88
    13 18 225 178 195 30 237 101 178 240 155 213 138 47 209 180 148 46
    168 39 69 121 88 28 141 42 202 40 186 234 137 242 4 12 125 234 81
    173 181 68 76 75 113 243 41 88 224 188 155 84 4 121 190 88 48 24 69
    26 81 0 236 136 195 198 191 66 249 179 30 28 76 162 205 187 192 111
    196 135 252 82 65 123 248 155 80 35 215 204 4 167 254 250 142 52 40
    9 30 207 59 90 134 232 177 184 129 47 89 100 136 210 179 196 26 16
    56 42 82 151 143 57 239 98 63 157 136 165 94 192 150 102 170 50 239
    85 201 41 65 103 11 93 128 143 228 148 212 48 38 223 37 45 238 112
    122 82 66 81 206 24 5 188 180 0 73 74 14 33 191 100 239 209 186 211
    94 186 254 23 239 9 121 44 218 133 167 156 33 205 20 51 202 217 43
    21 126 108 46 67 227 175 78 107 98 67 26 17 25 84 66 192 85 161 217
    35 126 8 63 86 164 195 132 8 131 123 214 5 157 53 164 129 211 8 114
    224 190 30 130 239 221 184 96 39 25 11 233 111 26 141 187 151 105 9
    208 202 166 59 190 251 66 71 5 169 146 237 31 18 109 180 243 152 70
    158 177 72 171 54 177 222 215 84 163 157 31 70 12 83 149 252 22 224
    230 240 198 117 6 28 214 122 33 77 227 192 166 155 241 217 195 59
    135 203 45 196 185 175 172 119 143 88 119 169 157 174 38 141 219 28
    2 46 215 61 3 104 172 255 144 253 169 101 186 234 16 148 18 243 202
    169 138 129 240 238 127 19 26 141 20 7 132 84 173 53 165 2 206 211
    189 29 186 163 149 68 172 149 198 35 176 78 121 233 148 95 44 8 48
    75 133 66 141 130 5 46 226 57 232 230 117 100 179 46 32 80 144 35
    201 218 200 23 191 226 103 76 10 48 208 20 45 77 67 31 149 64 187
    233 61 21 70 230 115 177 157 77 103 80 98 246 195 244 139 129 5 56 8
    66 223 199 214 224 140 91 152 79 239 116 214 8 80 76 153 227 153 220
    193 124 174 165 61 54 122 116 71 196 108 225 116 91 147 100 167 157
    68 166 75 101 70 253 221 153 156 84 18 98 156 200 8 115 131 52 106
    193 31 180 62 228 11 205 74 65 168 133 65 117 222 209 231 206 163
    142 141 226 197 105 113 98 92 139 129 111 14 68 14 63 146 45 115 182
    137 172 50 143 109 121 87 15 70 113 15 114 212 8 131 44 241 135 79
    100 111 120 38 196 104 131 170 22 22 48 72 168 228 46 207 184 91 154
    133 100 119 176 132 111 243 58 48 194 61 110 159 146 124 179 45 87
    153 183 228 237 211 50 32 121 108 14 135 255 61 131 227 215 114 210
    112 198 26 42 50 109 108 33 18 247 152 180 25 237 92 147 214 212 153
    241 237 148 225 44 197 80 3 38 217 251 93 168 62 97 84 67 170 130
    109 228 168 66 239 94 119 56 250 64 213 131 244 214 188 2 246 252 99
    232 96 161 236 81 81 213 160 77 109 45 39 129 133 244 50 67 207 234
    133 214 128 57 36 189 107 152 45 92 249 65 120 29 68 221 223 117 144
    188 159 157 171 27 231 71 164 251 168 62 231 240 255 222 160 245 196
    253 225 160 77 95 99 239 179 67 178 111 98 104 85 70 127 83 34 211
    79 135 22 94 26 94 99 4 11 218 232 76 190 30 97 98 181 75 5 82 208
    101 109 153 128 218 94 42 233 0 124 176 130 133 159 243 192 80 254
    170 88 67 168 210 103 94 22 197 43 175 1 41 227 240 129 195 215 250
    219 58 95 59 24 31 159 188 92 115 184 7 217 239 93 220 156 226 79 53
    209 190 214 179 250 221 79 179 10 234 224 98 117 199 162 205 230 103
    43 201 210 156 226 205 93 50 65 120 249 112 143 45 22 164 46 186 58
    40 223 44 187 72 23 216 141 115 145 171 75 26 157 204 10 107 34 134
    175 231 157 90 229 71 231 168 78 198 16 235 244 200 83 172 181 169
    250 217 8 118 18 54 188 129 182 223 38 11 0 147 160 83 154 41 239
    148 74 113 108 12 171 155 174 141 236 86 38 18 206 228 148 22 182 60
    152 102 36 96 241 103 146 14 11 210 48 174 202 229 248 21 198 132 54
    2 25 81 130 189 223 50 192 251 168 100 212 109 138 109 177 230 169
    152 193 175 161 82 229 228 209 141 247 151 51 50 233 231 23 33 112
    147 163 132 185 108 15 89 160 24 204 235 211 212 59 137 140 3 57 44
    118 56 33 203 47 5 14 40 75 219 24 144 230 17 19 4 74 103 0 76 128
    34 31 63 144 14 194 72 33 12 220 53 77 62 246 109 191 183 227 166
    244 208 150 63 36 114 148 60 140 58 118 250 2 60 117 196 201 170 39
    170 215 157 145 122 112 222 163 222 137 106 215 197 76 4 58 208 186
    58 123 0 68 252 55 26 16 166 241 161 237 102 5 62 64 222 96 12 137 5
    160 223 72 26 28 191 17 67 213 101 250 188 197 37 158 223 19 6 133
    191 195 40 17 172 85 74 36 5 154 0 240 133 242 1 126 102 234 83 28
    40 176 55 136 63 168 156 16 132 156 199 46 32 9 235 121 24 176 242
    19 201 9 182 173 226 39 180 98 79 81 135 239 62 177 226 153 40 76
    238 67 151 39 212 225 153 156 161 37 232 185 131 148 25 220 159 98
    242 165 135 158 43 90 170 76 39 208 213 81 117 57 202 45 127 226 68
    201 26 52 240 113 64 168 26 29 43 59 88 72 126 248 33 70 241 209 149
    93 162 172 91 254 200 179 245 41 4 40 255 156 5 134 29 176 125 57
    116 183 29 203 80 5 103 42 189 57 187 18 74 165 69 153 37 22 4 91 1
    152 117 2 182 209 225 74 65 26 24 47 61 119 180 223 247 65 215 36 30
    80 162 11 78 98 110 36 27 32 206 232 139 166 112 0 83 150 196 26 122
    53 170 120 32 87 79 252 159 139 173 111 192 70 146 210 172 201 158
    160 184 60 183 187 198 31 173 254 69 205 206 61 156 121 103 182 193
    184 101 109 97 66 204 188 32 188 154 21 221 88 192 177 81 47 55 95
    90 133 193 216 197 12 156 171 92 211 180 219 194 127 218 76 213 150
    188 181 151 246 163 200 188 184 40 230 51 112 220 21 5 139 189 253
    152 83 152 89 108 126 189 48 90 116 192 66 122 253 236 9 171 12 9
    219 101 170 245 221 46 183 191 71 50 228 226 108 89 189 253 220 128
    147 160 252 94 202 28 26 209 93 126 249 101 216 248 68 115 180 50
    248 12 171 242 96 199 229 66 74 180 5 117 119 210 6 22 251 189 107 4
    229 140 206 212 54 136 50 185 194 253 76 106 158 190 120 3 19 116
    101 52 118 182 228 67 75 4 88 131 61 140 100 35 4 219 137 94 115 69
    99 233 41 36 182 92 154 57 130 143 189 53 42 174 192 224 26 253 83
    11 27 64 129 63 77 29 120 112 124 219 141 227 76 188 255 79 138 131
    44 217 176 14 37 15 71 136 9 220 251 109 59 168 75 20 255 155 47 6
    104 6 159 38 75 31 72 91 54 216 211 245 124 204 177 100 137 8 236 17
    41 125 225 45 228 214 173 148 101 94 126 247 107 247 120 44 121 190
    188 255 99 110 239 61 198 195 101 13 143 128 120 26 120 57 155 218
    31 241 124 15 168 232 189 30 228 237 192 180 235 12 116 52 11 10 164
    114 204 14 221 61 107 196 186 154 217 132 147 127 148 89 149 135 35
    59 156 244 90 25 16 242 226 181 200 8 0 9 135 147 254 246 69 59 242
    55 209 198 224 57 215 26 90 203 181 70 239 228 234 101 109 253 23
    245 69 215 152 50 237 4 223 212 253 111 1 143 228 248 12 154 19 178
    138 179 165 3 88 118 140 196 142 20 114 98 204 116 242 83 11 88 78
    200 184 91 56 195 64 59 49 0 192 255 228 93 23 251 72 42 86 203 169
    77 236 94 111 53 8 177 114 111 89 33 186 57 81 108 36 21 156 41 57
    65 43 121 55 25 74 227 218 40 174 122 28 246 167 62 254 136 151 142
    234 205 41 47 79 164 31 233 25 37 244 124 32 126 25 135 157 193 208
    165 219 108 172 117 164 59 133 217 209 236 188 4 226 0 84 209 146
    160 213 213 54 241 91 182 246 51 133 41 118 98 172 236 202 204 28
    156 66 183 137 55 116 60 224 13 113 98 138 184 135 53 189 120 22 13
    68 138 253 53 55 181 204 27 96 85 247 84 111 167 66 21 200 27 16 170
    164 67 53 138 19 199 130 41 217 241 202 29 147 85 28 138 128 43 68
    238 77 216 233 229 26 67 200 35 14 36 31 106 174 175 77 194 113 152
    179 212 228 5 50 123 18 13 154 73 98 111 247 145 224 181 58 4 4 147
    76 238 145 36 49 149 20 22 218 249 4 37 167 120 224 32 29 72 108 180
    249 160 34 227 8 39 215 199 166 103 185 57 143 39 247 7 245 191 30
    96 204 165 115 66 174 244 11 28 149 85 89 191 165 125 115 136 93 163
    66 123 144 3 252 101 248 230 47 73 157 81 30 220 252 109 90 199 134
    159 136 200 41 4 82 126 88 6 93 39 134 2 61 205 128 200 129 49 220
    64 33 62 236 152 135 143 69 214 194 137 188 243 162 216 41 21 122 27
    162 46 30 8 129 138 185 129 200 139 109 231 213 170 89 11 58 120 103
    97 56 205 208 162 205 6 193 58 48 34 129 211 178 112 13 86 173 180 2
    136 136 73 255 189 160 195 196 129 208 222 244 5 68 227 193 192 18
    222 248 85 39 49 243 106 41 97 121 109 113 185 29 64 195 162 215 132
    98 112 135 200 246 19 176 78 100 197 151 38 5 113 45 243 178 238 34
    224 179 100 74 93 138 126 63 115 88 122 215 60 60 219 36 128 110 147
    252 144 83 187 54 171 80 255 153 232 77 83 119 158 58 207 97 79 163
    91 230 181 230 5 135 242 209 95 140 164 239 107 39 174 93 95 169 195
    69 0 67 93 117 56 112 52 103 115 114 9 159 9 76 2 212 19 251 237 51
    253 223 167 14 197 253 203 231 170 90 204 74 91 75 168 211 157 159
    164 85 111 100 10 47 156 136 156 109 37 97 243 188 182 226 120 170
    54 204 105 58 112 45 180 104 215 10 209 171 67 10 205 229 8 93 20 90
    158 66 149 232 40 188 211 154 207 0 107 221 94 137 146 88 115 51 177
    213 229 94 2 71 17 215 93 178 166 218 224 235 237 206 39 119 170 247
    162 117 255 123 134 180 128 117 8 13 15 18 84 97 138 237 152 86 58
    48 45 9 133 231 169 55 150 134 204 187 125 164 237 18 64 102 196 236
    167 165 81 111 130 240 241 93 183 83 102 199 6 174 129 153 168 158
    51 138 115 205 146 188 92 185 128 160 180 185 54 129 95 78 228 228
    17 207 231 9 83 130 70 83 184 52 47 9 2 36 68 39 82 47 252 183 11 75
    104 241 130 11 55 149 214 135 176 204 200 85 201 145 9 100 191 48
    103 135 191 206 228 153 118 110 50 235 189 181 245 196 203 71 119
    108 168 27 96 111 110 117 249 123 212 206 58 50 101 108 172 114 55
    179 55 222 243 178 55 10 201 241 170 57 223 169 141 158 81 193 6 8
    238 94 181 145 87 71 38 201 93 54 202 12 252 249 221 238 56 71 195
    221 101 159 149 220 202 94 99 99 119 98 39 41 98 189 71 186 212 163
    16 184 119 1 209 5 170 197 129 100 191 96 252 118 196 62 189 119 133
    51 72 162 229 108 150 60 104 240 181 203 3 86 108 117 152 54 198 83
    90 240 32 14 152 244 158 241 89 190 231 103 5 171 222 167 211 215
    210 253 168 77 105 155 186 26 160 157 137 119 17 109 160 199 121 191
    139 153 24 29 221 34 57 209 176 220 80 13 167 214 179 100 94 153 11
    35 213 126 140 10 79 61 240 110 156 169 195 229 134 39 52 237 149
    205 26 216 182 232 60 164 120 242 184 94 168 140 201 195 157 21 119
    80 189 73 129 89 194 65 27 10 117 0 8 101 228 43 21 137 103 167 225
    153 201 210 212 197 22 171 131 52 248 88 143 34 38 240 245 32 82 128
    87 112 31 35 47 94 132 241 253 1 56 119 34 243 107 208 41 108 55 28
    86 67 49 169 178 144 125 166 195 26 188 191 26 82 34 91 105 246 106
    243 87 11 175 147 154 250 173 116 55 124 209 65 224 141 230 223 25
    103 210 17 199 123 92 128 83 8 188 22 146 204 118 139 214 60 186 65
    186 192 180 102 118 38 26 199 135 171 135 14 255 137 237 199 35 8
    125 183 218 120 132 47 40 149 125 181 159 100 130 74 211 3 33 209
    162 131 242 144 16 142 10 146 231 143 216 203 190 86 147 117 252 33
    187 192 159 160 123 212 191 196 247 101 177 236 208 13 240 247 33
    112 110 80 171 21 58 90 154 224 185 71 53 240 130 124 37 181 154 58
    138 15 241 2 159 91 55 18 186 82 147 181 177 76 47 174 142 31 36 32
    223 24 120 54 155 41 91 216 198 101 157 78 45 110 9 158 128 166 72
    211 49 69 250 235 212 88 122 76 50 85 34 110 180 31 193 69 159 96
    230 0 112 159 34 51 5 241 113 32 244 140 121 174 156 71 196 1 14 20
    241 97 232 199 84 143 181 82 176 179 11 217 103 114 118 9 242 96 176
    238 23 118 28 221 143 121 94 252 53 69 90 101 166 115 162 51 245 65
    52 127 143 123 233 242 141 63 114 51 164 87 75 88 254 66 21 57 134
    177 221 85 115 124 164 205 62 92 30 0 5 216 135 73 19 208 48 105 227
    71 90 224 37 237 49 172 25 149 82 22 158 126 4 95 146 147 171 193 58
    27 215 7 96 169 2 29 25 17 213 223 239 24 56 173 237 58 180 249 59
    48 32 52 89 32 146 116 74 197 170 112 73 191 55 31 151 8 95 255 0
    119 119 61 129 241 82 218 128 69 252 60 213 159 241 222 83 26 206 14
    203 102 217 2 226 216 142 49 3 47 213 127 140 166 77 25 238 209 218
    28 138 186 214 17 198 199 119 112 48 207 245 193 100 138 153 140 38
    59 54 137 187 143 175 59 9 113 132 69 227 191 250 177 219 203 70 80
    2 163 21 131 11 154 56 216 97 176 154 101 153 197 203 251 56 230 141
    222 43 102 134 109 186 48 40 229 176 38 101 22 160 63 113 225 73 229
    30 88 147 183 116 99 143 196 45 240 159 172 111 92 207 9 39 56 143
    129 229 149 107 21 182 60 41 170 21 72 166 237 156 4 140 80 201 111
    24 116 240 174 193 132 152 16 220 19 111 238 39 183 64 88 87 225 42
    59 230 253 206 246 185 13 64 53 157 182 171 97 203 21 154 116 225
    226 29 136 238 3 89 30 26 217 143 167 120 72 103 231 58 20 20 179
    105 146 70 205 235 29 223 188 204 61 45 117 238 54 5 159 161 6 165
    192 78 242 213 139 156 50 17 31 148 48 60 249 15 124 175 117 225 170
    53 119 176 211 171 224 189 214 124 69 169 144 76 200 60 38 232 3 209
    118 218 56 217 83 180 109 86 232 0 23 104 48 110 39 67 175 236 230
    225 67 191 188 40 33 6 227 105 201 239 220 143 159 62 129 48 136 150
    230 220 140 176 185 199 128 29 49 133 255 253 128 54 40 24 45 14 116
    222 204 228 131 190 82 86 141 56 4 7 212 68 113 190 209 127 4 149
    100 179 182 52 125 239 159 76 6 189 189 18 62 157 74 186 123 145 39
    246 144 168 185 148 135 141 147 133 204 106 240 115 16 20 109 234 26
    149 98 55 253 151 60 14 4 254 28 178 208 177 39 156 62 146 56 98 220
    206 114 91 48 72 222 95 231 62 23 81 191 220 11 200 125 21 120 16 11
    52 192 56 44 178 79 18 100 57 224 56 53 167 81 0 218 83 12 76 183
    194 221 143 213 37 190 221 46 77 252 100 7 234 12 233 51 69 168 218
    11 164 224 238 120 208 244 14 78 81 91 183 9 53 181 26 134 106 155
    149 138 35 36 19 182 91 49 185 214 182 190 70 255 145 103 134 99 150
    220 135 201 197 120 9 99 202 106 251 219 136 252 221 41 190 124 30
    54 228 195 201 210 48 194 57 140 216 204 145 230 5 53 12 149 184 86
    204 78 56 70 85 65 248 220 173 91 249 82 161 177 11 170 145 79 59 41
    104 157 170 61 177 8 29 8 63 87 218 98 42 232 163 212 34 78 97 227
    214 162 149 123 247 174 249 240 8 234 10 199 123 200 147 64 55 65
    150 235 183 248 62 226 113 96 33 146 98 125 205 172 1 80 86 144 237
    93 32 84 216 172 224 14 241 119 90 146 231 56 167 190 25 111 78 116
    3 54 15 40 11 13 1 22 255 106 163 72 94 66 218 122 164 61 195 223
    240 175 244 192 180 58 165 206 86 184 144 133 214 176 125 164 57 239
    122 94 27 225 217 241 155 184 211 157 79 27 85 139 22 205 95 52 42
    119 148 103 40 172 1 172 156 170 237 223 211 51 115 107 164 78 157
    193 136 179 28 8 29 240 196 20 66 104 141 47 176 133 57 55 18 12 95
    251 187 212 92 49 163 241 171 73 101 160 36 238 216 34 193 15 247 86
    27 8 8 235 194 161 108 196 85 81 116 81 192 235 99 68 110 79 79 163
    186 95 52 107 233 239 51 206 51 194 26 78 246 173 167 96 139 48 26
    10 157 5 187 125 131 206 232 191 56 9 30 187 200 16 158 43 135 109
    85 107 78 105 54 33 179 156 32 57 63 71 33 240 99 226 192 7 250 210
    77 108 140 178 171 118 231 82 59 2 40 73 77 169 86 89 81 67 191 137
    16 7 18 184 50 219 242 235 113 240 13 54 207 199 35 9 92 190 6 26
    128 240 97 161 35 223 145 118 227 22 25 121 205 89 172 107 52 19 87
    2 25 124 9 70 234 114 200 43 202 130 197 117 123 64 118 5 173 149 7
    106 112 168 12 134 66 126 3 124 186 232 49 182 106 28 251 88 244 7
    150 36 53 45 90 89 132 169 134 248 181 38 242 182 147 127 248 153
    156 182 159 155 103 81 142 125 112 68 76 88 213 241 194 194 140 144
    45 48 17 221 254 111 140 71 89 253 172 144 54 20 4 99 21 20 143 71
    182 95 138 201 117 114 153 133 80 171 124 213 116 92 92 183 195 26
    238 208 217 84 114 109 212 160 72 97 245 31 86 65 226 112 90 111 66
    107 41 74 69 230 81 171 124 42 37 40 90 95 135 43 90 121 61 219 10
    119 176 141 229 90 253 150 130 36 205 159 229 133 138 17 159 22 130
    167 204 232 247 131 179 123 89 147 148 228 90 181 164 85 65 107 95
    185 228 23 64 212 1 113 156 136 18 114 225 106 135 203 210 98 156 5
    207 166 94 57 122 116 150 114 217 160 147 186 171 83 125 157 3 156
    66 146 241 168 100 94 135 138 103 54 58 129 95 101 254 64 188 22 213
    98 76 33 104 59 171 151 124 200 139 163 53 56 149 123 246 153 51 84
    152 77 239 233 92 166 105 88 40 211 243 66 238 244 194 244 194 99
    212 11 134 99 247 2 185 99 153 34 171 212 245 112 107 153 122 154
    102 125 253 72 139 92 76 35 136 2 194 157 105 104 65 178 84 177 192
    68 125 233 161 228 176 39 13 92 93 19 226 208 238 65 120 203 128 88
    82 8 47 214 63 184 14 96 245 39 7 161 216 89 44 153 52 216 200 26 62
    114 201 224 168 163 71 246 197 43 105 51 38 70 86 58 169 12 180 233
    91 223 22 208 138 52 74 251 230 25 247 234 92 16 243 223 101 198 79
    201 64 186 220 58 54 39 157 65 162 209 171 133 95 83 70 113 202 138
    253 172 201 182 33 20 160 82 56 46 105 191 12 255 226 22 46 228 16
    203 151 69 106 68 170 193 35 242 173 50 120 228 216 121 172 99 128
    77 144 177 11 75 195 48 183 241 138 57 198 121 57 238 89 45 221 135
    192 218 22 31 109 179 124 102 211 255 58 24 102 197 139 131 181 79
    101 172 150 21 227 94 180 174 78 205 137 234 241 44 99 51 244 133
    255 198 91 100 169 31 49 236 202 89 18 29 7 178 48 233 5 163 169 164
    219 54 7 225 238 240 16 220 69 40 158 218 103 40 34 74 137 193 77
    168 148 252 123 69 132 25 38 213 60 92 56 122 230 125 84 51 126 185
    27 240 137 136 153 1 195 159 89 170 74 200 210 138 158 113 23 143
    200 27 91 52 2 146 71 104 171 179 133 209 20 77 232 39 204 37 251
    135 63 74 84 131 125 59 95 139 92 214 214 128 148 183 20 133 40 110
    41 64 253 202 28 228 157 202 26 86 29 1 62 139 82 136 124 28 105 148
    201 200 212 24 187 37 87 243 201 18 24 190 253 35 164 255 140 162
    237 33 161 204 126 209 93 221 155 172 30 82 187 97 193 138 214 46 0
    185 78 72 86 169 9 249 236 9 37 185 252 172 219 144 51 239 7 2 173
    190 213 247 56 138 161 221 98 124 223 84 58 32 222 32 153 52 183 159
    147 139 5 96 146 83 63 65 110 223 213 103 21 197 25 143 18 184 20
    203 84 140 48 57 68 82 196 175 172 179 172 31 186 61 0 136 20 125 94
    231 64 135 221 63 111 219 17 83 150 234 205 236 247 9 59 61 49 6 148
    218 201 139 156 1 215 181 152 140 247 76 194 149 199 70 122 190 22 8
    88 126 53 113 176 0 115 123 59 241 217 100 8 55 8 54 168 88 94 246
    204 196 181 225 98 250 80 25 136 167 251 182 152 218 162 138 244 106
    190 33 2 161 72 45 155 226 80 139 108 93 217 208 139 68 75 92 57 183
    45 7 220 247 42 158 30 211 161 241 12 163 185 162 75 155 146 207 133
    50 9 75 5 212 233 140 110 180 30 60 192 255 176 184 27 223 93 212
    210 90 176 91 153 71 160 95 213 130 131 231 30 110 225 205 216 160
    70 66 62 45 195 131 67 147 165 18 116 93 173 103 39 135 138 137 212
    250 207 96 131 9 172 213 190 123 132 125 163 224 252 117 104 59 148
    16 143 186 197 201 7 75 35 218 184 37 199 45 243 212 45 41 193 140
    85 81 11 187 51 6 78 147 238 61 96 145 126 132 31 66 216 33 115 253
    32 194 220 64 108 63 88 163 179 41 115 252 87 201 18 175 205 148 207
    227 105 163 223 12 121 125 174 200 12 136 153 118 153 174 42 223 112
    22 217 219 91 203 32 104 197 223 129 200 13 122 16 93 209 65 122 101
    118 102 232 66 183 50 37 102 124 116 251 99 165 212 111 83 218 119
    41 15 81 251 17 213 194 74 94 232 236 27 16 175 190 60 214 113 42
    205 96 248 63 252 216 190 32 126 98 106 217 194 144 1 15 73 146 157
    147 71 45 62 122 95 108 142 77 43 121 100 69 184 137 146 85 36 13
    142 106 253 148 120 135 203 167 234 21 89 106 97 16 65 82 22 201 223
    198 143 194 174 107 102 239 27 244 33 194 49 121 133 217 218 164 100
    36 236 231 67 236 196 213 181 83 114 110 29 247 172 71 23 248 142 3
    150 228 176 8 194 81 172 83 234 187 132 255 30 124 148 143 187 77
    246 154 162 191 238 33 50 28 146 86 123 32 210 99 145 208 252 162
    117 127 3 79 228 126 69 196 207 20 132 241 11 201 121 232 135 220
    105 57 242 92 19 29 91 252 237 38 156 1 122 236 48 148 135 22 242 24
    187 44 24 123 91 195 115 106 117 184 212 159 126 244 169 165 204 236
    47 8 189 205 75 97 190 148 249 222 6 208 96 67 3 112 237 235 136 1
    171 195 135 22 134 203 138 50 234 222 243 161 3 44 84 95 188 58 24
    160 147 36 94 144 138 99 62 15 216 51 227 115 30 197 220 116 36 25
    157 243 231 181 10 198 73 242 216 88 83 27 46 118 184 84 243 233 185
    100 38 201 176 33 216 152 184 96 215 26 37 40 80 248 135 43 202 133
    244 10 191 215 54 196 123 226 51 10 55 32 39 25 69 81 106 92 67 253
    243 169 67 174 147 147 194 41 116 79 213 66 137 204 25 48 172 41 161
    41 210 11 98 3 87 27 115 141 73 136 194 15 99 22 111 163 221 131 164
    209 226 178 74 249 41 171 1 97 185 161 22 56 251 126 5 84 190 214
    122 6 75 254 19 252 178 138 220 214 189 9 128 52 37 82 162 222 179
    141 31 186 165 33 249 151 125 198 213 27 149 17 62 70 124 75 226 133
    83 108 169 181 218 179 195 47 110 112 1 175 43 88 236 205 167 204
    157 117 196 133 23 139 64 3 240 196 175 26 67 214 61 254 250 41 164
    148 232 44 182 197 162 79 183 137 39 50 140 141 15 185 3 100 111 228
    169 244 56 56 71 98 242 3 143 100 119 17 248 3 146 37 62 12 53 58
    188 53 127 1 199 154 117 210 182 155 223 147 105 129 211 173 47 229
    138 181 128 16 47 101 112 166 195 230 22 118 176 132 133 203 191 171
    90 47 153 79 82 251 253 214 145 162 122 52 207 179 210 195 14 223
    152 28 89 187 145 110 63 233 198 27 152 7 178 219 151 166 59 167 15
    196 244 181 89 167 61 45 10 32 121 179 47 12 116 152 29 110 217 10
    122 175 12 71 37 91 230 23 12 192 63 143 179 55 227 57 37 160 96 201
    183 3 242 180 249 97 52 158 227 95 173 115 224 114 33 171 15 182 7
    84 79 176 88 63 221 182 146 2 196 53 67 44 232 169 37 214 207 108 49
    169 204 207 156 215 255 199 193 119 69 185 191 174 118 76 63 220 224
    158 137 223 155 175 132 226 80 120 1 97 136 67 238 82 194 172 245 29
    184 31 145 241 152 207 68 186 213 74 160 35 109 19 63 216 251 3 89
    89 206 222 123 222 96 185 86 83 38 116 114 65 167 225 141 135 135
    122 94 185 59 1 191 57 248 73 54 72 58 33 193 124 56 51 177 50 43
    164 124 213 132 65 24 202 117 54 202 20 50 233 185 133 132 124 232 5
    141 31 101 41 162 113 148 26 203 76 192 128 211 227 240 12 197 170
    74 159 176 107 252 3 79 11 73 96 18 131 136 86 226 174 209 58 224
    230 89 176 134 86 245 177 62 245 7 154 119 74 250 46 199 198 57 209
    174 210 167 100 134 75 189 8 147 69 47 83 223 27 103 23 237 183 89
    254 175 132 166 147 126 192 135 79 144 30 238 152 71 21 174 97 37
    213 204 187 176 118 65 55 108 161 225 228 175 43 102 193 73 162 230
    54 35 111 70 185 148 229 148 240 116 79 175 141 167 198 106 43 116
    65 124 49 13 155 208 161 163 181 75 238 130 72 58 206 220 115 99 71
    247 32 208 170 251 211 227 210 10 68 73 80 103 115 35 179 7 50 55 49
    25 92 240 9 17 236 225 104 225 26 240 16 167 228 217 126 52 79 117
    85 60 178 4 13 1 248 190 162 229 216 60 66 40 84 109 244 71 26 228
    137 196 234 145 197 152 21 112 81 182 230 184 214 30 36 52 74 63 77
    155 211 253 67 102 165 204 86 191 162 253 77 162 246 4 139 148 77 17
    71 182 126 232 117 4 177 201 71 189 226 167 175 70 28 94 243 168 78
    44 86 68 120 125 135 25 65 181 203 87 16 225 36 17 178 73 49 38 177
    175 218 48 54 132 20 84 7 255 151 64 238 92 209 41 192 232 82 70 58
    132 12 63 90 83 23 76 21 204 110 238 190 135 52 4 163 38 132 217 108
    121 75 8 82 99 105 215 157 194 191 20 159 191 70 197 246 224 29 85
    249 77 1 77 241 91 5 62 16 31 191 225 1 243 142 27 128 236 182 251
    64 11 212 224 1 185 121 129 26 179 144 122 73 7 222 127 98 10 79 213
    254 13 55 224 244 40 235 92 97 207 126 223 72 110 32 32 98 86 92 136
    19 165 72 90 231 2 149 42 191 44 87 32 107 130 1 46 126 238 47 65
    111 229 184 2 100 118 122 217 185 22 209 223 48 234 95 60 239 174 41
    110 43 32 164 59 6 139 66 202 220 131 172 226 229 197 1 233 213 137
    195 48 157 42 79 171 165 225 126 18 124 187 241 207 209 197 101 240
    185 55 142 175 233 213 191 178 0 180 203 49 151 33 231 177 171 95
    119 17 237 210 65 184 18 220 102 56 133 242 58 70 134 132 131 71 218
    125 119 88 238 85 85 24 217 14 236 254 34 49 246 53 109 222 47 79 82
    179 9 36 24 178 177 6 252 142 170 49 177 214 118 60 158 92 99 207
    202 208 54 156 76 225 179 39 41 249 86 198 124 173 87 145 90 24 93
    39 99 174 36 69 153 7 104 219 176 30 180 38 184 93 250 12 56 228 213
    201 156 83 250 15 231 198 57 229 206 143 132 22 162 2 197 246 249
    190 106 127 58 181 152 104 214 119 225 104 248 69 62 125 215 7 58
    215 245 201 168 136 182 36 178 120 42 43 119 120 189 99 185 142 33
    66 36 93 192 71 131 113 133 61 114 54 237 30 15 184 8 3 172 114 51
    111 88 49 160 24 53 85 212 185 210 27 43 199 228 1 83 112 133 82 56
    149 233 225 195 47 162 112 14 127 221 162 78 98 116 70 166 231 176
    33 158 111 170 208 38 46 96 184 72 70 77 91 133 106 181 49 159 15
    140 128 71 39 216 63 27 129 194 4 0 177 20 147 199 132 223 82 60 155
    173 176 10 82 241 173 217 255 240 169 162 194 110 173 60 204 65 22
    64 108 127 91 40 59 44 147 47 224 44 130 247 56 187 178 59 115 92 45
    182 241 2 183 10 158 93 65 19 53 180 7 44 76 160 180 118 121 4 114
    186 99 87 18 37 100 81 172 168 107 204 195 69 176 15 153 11 21 161 2
    69 44 144 207 189 28 72 156 12 70 184 241 132 238 201 40 225 186 2
    44 84 8 77 227 4 90 148 66 30 248 1 220 164 126 249 186 94 192 108
    169 23 220 21 201 144 203 235 100 3 155 93 124 100 161 52 126 57 115
    173 88 90 199 190 151 33 148 175 73 17 240 105 198 225 73 157 139 47
    167 125 46 33 166 131 156 40 125 151 13 115 165 239 65 71 14 211 108
    137 127 45 106 57 94 87 66 13 23 215 47 244 253 216 144 77 126 31
    160 118 201 123 168 169 168 14 243 105 148 196 6 34 201 155 114 25
    30 204 46 128 35 231 210 126 54 163 137 201 253 248 195 14 214 205
    163 126 130 77 251 80 201 87 150 214 28 169 208 38 39 54 135 195 183
    242 117 46 135 166 28 46 104 122 203 209 70 44 152 238 141 221 187
    171 39 173 21 97 211 92 240 55 225 66 91 193 129 83 11 124 23 111
    251 121 146 235 186 22 100 113 158 11 233 206 176 151 111 142 135
    251 249 84 202 103 97 54 244 97 14 88 22 3 57 176 91 93 57 86 192
    179 159 89 106 49 157 210 63 211 62 52 127 11 227 38 72 92 59 97 222
    6 111 92 75 179 233 170 170 115 142 46 247 249 221 180 196 207 68
    225 104 188 168 25 108 4 126 57 49 193 23 202 115 207 114 79 173 160
    251 185 183 18 149 2 174 80 114 87 157 126 253 12 65 14 77 31 155
    123 29 140 239 42 115 145 138 91 202 216 152 134 79 125 73 192 201
    215 74 207 184 246 76 151 216 159 182 108 236 203 210 7 18 17 152 11
    40 198 142 237 1 101 75 13 11 119 157 102 250 59 201 231 137 249 21
    54 166 16 215 157 142 134 35 115 170 152 109 130 71 161 206 43 25 57
    100 149 3 235 160 7 228 107 198 213 32 42 251 137 77 44 71 178 2 253
    169 129 123 191 218 173 231 211 153 39 157 145 100 159 151 58 71 50
    96 147 42 208 125 85 9 14 170 119 12 20 48 239 53 203 159 242 219 59
    208 135 154 231 115 163 202 244 176 231 3 111 202 7 113 74 64 177
    202 164 169 154 102 53 182 71 110 191 243 117 106 139 41 208 52 198
    0 164 216 163 85 165 22 74 230 196 159 77 99 235 212 93 246 121 251
    33 87 101 132 66 149 162 185 37 79 179 75 222 221 186 82 194 247 35
    114 129 54 47 151 16 31 90 250 136 146 19 89 112 156 171 206 155 112
    36 198 202 194 134 123 154 22 114 80 172 146 225 122 208 175 222 14
    68 65 9 238 135 65 193 222 221 171 240 62 218 140 66 195 150 138 192
    115 58 61 96 35 176 1 245 74 143 30 215 185 131 103 25 201 142 29
    121 195 224 120 29 18 208 19 147 151 124 63 41 62 223 113 169 179
    105 9 208 213 158 155 211 132 52 168 170 48 64 144 80 43 70 194 223
    135 15 110 25 160 107 130 1 56 255 191 19 33 88 113 21 108 23 200
    102 200 202 62 221 129 141 194 247 135 6 157 139 22 72 35 129 215 2
    14 69 224 104 200 149 170 100 121 108 129 232 192 53 102 109 98 76
    126 232 96 252 172 18 198 230 110 157 5 202 105 182 244 61 39 49 216
    109 109 104 33 2 147 221 7 182 243 100 60 24 128 155 183 61 9 21 79
    198 13 116 73 117 17 70 64 228 138 130 134 237 99 63 9 249 82 225
    145 181 59 34 130 86 187 110 233 248 245 32 217 186 149 205 228 169
    120 66 76 195 225 184 246 94 129 119 227 83 153 20 239 250 45 26 78
    221 160 42 149 213 114 255 73 91 22 116 216 74 218 84 73 219 50 215
    231 70 9 20 58 167 79 106 253 232 123 95 157 109 75 123 70 173 144
    106 47 112 114 8 135 25 194 32 98 40 222 111 255 158 45 72 8 189 128
    11 126 139 23 199 45 189 6 81 181 229 142 172 87 143 135 46 218 102
    120 115 189 42 63 191 82 253 122 242 35 39 103 137 217 63 234 182
    239 92 124 47 154 70 253 10 6 140 36 30 54 223 181 159 105 120 241
    237 225 10 182 161 234 70 109 67 11 168 23 165 27 96 0 221 137 253
    234 53 12 248 63 238 197 83 169 234 231 106 134 2 162 165 254 14 243
    245 80 197 106 251 157 1 170 25 211 118 180 48 147 73 208 111 27 155
    254 156 216 246 255 87 23 178 218 3 17 155 104 42 128 114 249 192 94
    207 165 87 163 226 238 94 248 55 21 26 194 4 144 155 28 57 128 250
    83 24 214 35 9 74 28 137 120 166 179 94 106 67 226 232 65 28 212 59
    160 24 10 43 248 33 79 223 173 171 254 24 136 143 117 38 248 25 206
    33 139 84 107 207 98 22 224 50 99 27 170 224 97 9 239 101 25 76 178
    140 83 114 100 199 69 32 255 180 78 159 199 69 30 91 29 96 159 210
    110 219 227 243 28 168 18 1 25 133 34 173 215 52 3 23 208 132 92 20
    2 110 122 216 98 189 143 227 70 128 228 214 156 172 109 0 187 163
    207 216 173 16 221 55 89 99 231 48 166 73 136 69 151 86 20 139 175 5
    222 38 136 9 206 213 126 172 228 69 147 0 250 123 41 180 240 85 165
    199 98 247 117 17 2 42 254 223 132 4 153 97 14 232 106 210 86 225 0
    154 224 185 98 235 215 222 51 179 211 197 94 18 55 242 231 34 57 23
    20 5 117 74 164 8 250 223 237 142 171 185 207 233 125 54 153 90 83
    152 140 45 201 231 173 98 163 67 16 10 226 148 152 155 63 118 233
    178 111 82 60 254 142 156 11 193 155 106 122 21 67 39 90 77 84 90 5
    137 109 128 210 81 23 72 149 81 197 228 182 63 213 239 52 171 153
    177 4 196 147 199 137 11 200 185 209 254 133 238 113 146 93 4 134 73
    101 196 209 107 153 195 75 201 145 183 206 236 171 123 242 152 255
    217 3 188 156 231 133 23 247 168 130 137 19 170 10 218 199 157 53
    108 131 112 133 101 6 202 228 146 88 158 252 32 72 58 52 193 35 3 73
    246 108 23 8 68 130 100 199 27 21 226 158 31 1 254 189 195 99 14 143
    183 106 94 84 174 76 183 228 13 164 114 146 98 163 232 226 159 153
    102 135 134 10 149 169 176 38 43 45 91 242 103 29 33 165 250 80 7 49
    73 207 64 124 17 142 51 213 125 172 160 42 174 207 124 38 238 155 88
    154 23 146 167 96 121 168 95 101 226 163 100 255 203 145 58 140 67
    238 72 161 133 173 117 147 91 204 212 108 169 175 186 140 11 80 89
    13 253 19 158 242 145 114 28 172 202 194 94 78 119 230 163 251 253
    57 207 129 213 48 205 134 183 43 50 120 26 162 158 165 54 192 214 89
    66 19 157 204 99 143 241 192 86 183 52 248 127 62 231 33 200 163 72
    26 98 39 69 77 137 80 137 125 106 64 39 214 132 157 67 143 17 64 181
    49 83 13 247 207 36 131 110 137 145 222 142 10 19 219 154 108 153
    236 174 124 84 81 76 95 197 253 2 25 34 160 37 202 148 126 4 227 95
    174 146 229 68 29 175 126 126 97 131 157 97 139 176 126 129 59 105
    22 134 155 184 169 114 99 16 49 53 213 187 206 108 217 104 182 247
    104 58 150 166 91 139 66 170 142 106 109 119 203 178 135 104 73 14
    54 171 228 32 247 56 73 55 130 105 146 230 171 4 32 189 31 61 186
    114 200 56 240 74 62 99 208 251 137 31 114 49 50 112 142 127 184 132
    52 77 71 233 89 184 35 144 16 116 205 233 196 3 159 49 27 222 159 30
    9 115 230 5 181 109 102 126 129 253 176 233 108 80 68 104 196 58 246
    202 183 22 176 225 49 114 131 141 145 224 52 201 98 57 210 147 59 47
    162 228 209 234 118 253 72 185 152 2 158 10 32 120 65 28 194 196 46
    6 254 32 15 203 110 90 218 252 137 1 123 231 131 45 79 170 110 234
    102 65 195 145 230 64 90 255 200 185 146 54 175 66 106 79 9 239 236
    87 211 107 235 231 33 28 21 96 103 89 184 175 164 144 75 77 93 43
    165 96 65 0 16 181 149 21 112 168 13 204 248 67 42 73 42 81 215 243
    49 121 21 187 221 165 56 212 179 17 41 209 183 86 75 158 82 187 86
    187 253 52 130 254 43 81 129 35 133 244 210 253 99 13 246 165 219 4
    74 204 72 86 153 149 196 128 45 230 218 105 224 183 129 131 142 19
    243 243 121 231 134 103 222 183 31 82 42 91 94 45 87 221 233 177 124
    238 34 80 166 224 161 32 30 167 194 70 67 7 66 90 202 72 126 5 24 70
    81 254 167 183 131 226 208 117 225 185 22 186 53 205 99 55 186 154
    192 78 13 95 216 8 68 211 198 77 104 89 199 211 190 148 96 105 6 216
    106 239 221 105 96 11 211 98 66 200 237 172 196 67 206 77 19 157 48
    3 65 145 196 71 231 177 240 139 224 121 164 97 119 53 98 241 247 158
    123 55 255 162 41 74 217 121 55 90 81 96 155 118 194 42 188 59 2 149
    164 2 235 171 120 149 14 176 151 122 157 51 102 231 113 8 120 210 22
    85 39 16 1 58 243 227 101 193 215 68 46 174 30 109 225 166 162 208
    74 69 19 128 76 141 19 252 98 74 78 74 11 41 98 96 129 25 120 195 62
    215 195 176 78 33 178 105 37 244 113 113 112 148 119 211 210 151 165
    246 61 88 236 69 162 134 139 223 6 46 48 6 123 162 238 219 164 30
    109 10 159 64 190 218 200 77 169 23 220 217 7 30 196 117 164 9 66
    112 82 242 221 157 57 242 106 126 171 154 246 184 143 19 30 202 170
    194 74 146 47 135 8 252 105 26 10 127 170 77 217 10 221 4 141 189
    139 218 75 69 45 214 126 50 243 104 13 150 185 114 224 120 63 43 43
    138 153 106 33 57 243 92 42 33 22 31 205 44 41 249 155 41 135 100
    251 37 33 137 68 97 60 15 169 41 175 70 149 63 81 135 161 75 249 246
    58 110 211 37 110 100 167 125 191 166 32 16 143 166 156 204 101 110
    92 39 2 202 146 17 0 244 131 64 158 21 142 169 250 191 90 50 69 206
    186 34 125 31 224 100 29 35 95 150 209 174 64 200 196 12 98 229 102
    138 48 167 57 162 244 10 238 204 113 206 228 190 227 27 78 253 4 204
    207 151 100 231 161 84 107 154 161 79 237 53 110 149 109 7 180 159
    110 53 162 216 148 146 239 129 69 189 137 253 235 85 142 21 133 114
    122 165 204 33 180 236 15 206 198 121 59 246 173 198 246 45 160 63
    210 165 59 206 195 157 213 155 184 107 84 53 225 227 89 20 141 230
    184 206 66 167 208 252 102 93 137 114 44 211 190 89 81 178 3 84 107
    95 16 103 86 125 87 208 178 136 254 132 129 132 164 126 142 146 97
    166 100 95 61 87 67 30 61 31 226 37 45 138 69 210 82 60 246 216 133
    127 7 199 42 173 186 184 5 141 152 118 91 6 220 223 151 150 115 0
    207 218 253 231 151 175 233 156 23 158 40 223 55 78 139 52 161 237
    159 76 172 129 183 124 236 123 242 169 63 194 105 1 239 239 141 110
    22 154 132 202 254 102 99 215 44 218 154 7 73 42 29 80 66 199 212
    143 182 101 76 46 38 25 149 61 187 38 204 61 47 132 176 72 129 105
    129 101 167 1 23 56 217 37 17 169 112 146 25 35 220 8 113 62 166 139
    20 48 11 157 53 61 95 50 40 156 184 204 200 77 74 194 184 233 184
    253 253 95 75 236 246 139 93 14 145 32 117 99 213 134 200 183 43 187
    214 160 191 180 145 188 217 196 143 213 98 115 0 81 135 143 217 122
    128 78 198 87 28 191 187 230 230 34 63 27 151 81 79 193 201 125 59
    176 50 89 227 75 161 22 147 240 1 46 181 26 59 62 103 79 203 96 132
    153 87 246 142 247 34 133 32 113 237 35 47 162 0 146 194 109 38 135
    85 19 69 164 100 81 38 190 47 113 224 197 173 204 126 161 49 82 144
    14 225 251 21 176 144 68 194 99 42 67 75 16 119 195 252 85 138 153
    140 141 55 133 54 179 64 186 113 175 77 55 1 89 77 141 131 208 80
    131 10 185 13 35 20 230 228 101 250 177 212 160 103 155 119 232 0
    198 19 248 234 41 197 241 203 181 15 162 151 120 82 183 147 115 43
    160 200 165 86 154 111 146 8 177 248 204 241 97 37 13 106 178 104 81
    79 110 235 79 47 113 61 39 142 117 60 251 126 190 209 213 224 241
    126 91 161 52 247 255 62 243 90 221 68 86 23 182 81 149 168 20 237
    217 214 231 99 152 6 114 140 199 94 74 213 142 229 184 186 46 189
    197 168 235 135 69 227 103 137 197 130 187 212 150 244 158 94 253
    226 255 121 141 31 203 8 147 219 35 183 178 96 4 127 87 178 246 148
    74 77 47 223 255 129 102 72 210 198 116 86 96 53 86 45 139 190 120
    146 228 239 146 34 224 199 167 163 174 86 128 152 7 188 13 26 212 35
    219 245 228 35 218 163 168 189 235 101 104 69 201 48 61 138 33 245 6
    13 23 216 61 4 31 77 70 151 104 246 79 31 153 103 179 27 122 110 22
    75 254 38 124 22 132 18 64 213 46 156 243 159 0 195 6 67 34 56 200
    211 212 124 228 180 221 66 189 82 198 54 13 168 24 139 168 71 68 32
    62 24 155 147 32 15 251 228 1 195 170 80 16 234 95 3 197 186 108 161
    90 59 58 44 168 108 233 166 128 147 94 114 71 184 23 249 47 152 145
    119 143 198 167 230 26 181 122 189 228 197 229 123 218 176 90 253
    179 123 186 37 167 164 218 101 217 2 230 249 49 15 66 4 245 61 216
    221 49 55 212 229 249 132 209 239 85 250 192 52 123 0 210 139 55 152
    208 37 99 70 34 106 74 121 151 197 146 214 243 59 236 129 10 161 73
    103 222 45 154 81 194 139 141 141 134 12 115 232 56 123 148 0 144
    122 164 229 194 117 210 61 161 210 48 151 20 174 238 210 85 68 45 84
    77 253 167 192 233 93 24 189 92 55 110 94 185 42 185 198 131 93 218
    117 244 229 162 184 116 16 159 158 209 6 43 213 157 117 145 182 203
    197 131 58 76 89 162 68 166 5 82 73 127 175 203 11 252 148 45 186
    139 131 217 187 0 38 29 48 163 182 254 54 248 81 89 175 147 122 140
    5 248 148 26 199 38 48 15 253 93 160 163 44 235 153 176 137 18 117
    138 96 138 181 161 21 58 126 25 28 76 95 15 74 101 196 103 5 179 245
    172 203 224 174 16 188 33 113 233 154 144 232 91 217 153 70 47 90
    251 199 147 56 185 1 85 18 55 200 96 114 212 250 132 132 78 220 71
    35 8 104 180 114 17 130 117 187 55 211 77 173 151 197 9 214 182 106
    2 180 188 3 181 89 245 194 86 59 113 238 16 136 150 193 56 60 168
    169 240 196 93 125 192 125 103 196 220 10 126 29 222 99 184 111 159
    40 14 108 142 93 186 37 48 10 48 138 247 215 54 32 205 181 114 107
    47 124 121 3 193 193 135 157 21 193 24 81 223 46 144 50 58 33 71 155
    183 236 238 32 234 94 124 206 255 207 21 85 102 89 70 194 196 34 238
    237 187 104 95 141 163 3 249 63 0 156 86 34 142 42 191 119 69 251 42
    197 74 87 243 116 42 124 171 150 85 201 117 227 24 43 124 229 246 99
    254 178 178 37 171 38 165 17 164 22 11 223 85 170 168 131 69 126 170
    121 38 156 36 26 214 21 38 225 192 140 242 78 33 100 124 95 224 48
    66 190 77 174 52 107 64 209 232 196 203 128 185 160 29 213 244 28
    188 10 249 245 64 121 57 203 88 166 104 239 170 134 36 199 41 169
    127 163 23 40 155 219 113 157 197 88 101 136 94 239 113 206 96 167
    106 156 139 39 182 83 86 89 75 177 225 239 212 173 119 70 97 207 175
    24 231 255 68 57 189 193 113 197 108 174 105 177 72 171 159 24 110
    215 59 72 162 88 13 4 240 187 249 115 196 21 109 223 11 75 96 149
    204 46 38 11 40 253 164 232 155 27 0 252 231 116 108 183 73 102 169
    156 193 181 1 55 237 161 196 25 9 65 247 178 147 227 2 110 212 147
    215 128 4 204 112 146 67 66 58 233 171 7 101 104 112 157 40 147 14
    47 68 24 254 8 2 4 173 163 152 79 133 66 184 6 29 156 214 8 133 122
    104 224 169 79 195 50 210 62 163 175 20 113 147 20 195 200 186 176
    104 46 224 134 227 188 172 205 44 188 114 188 200 161 134 113 63 121
    200 198 61 162 79 151 20 91 160 122 22 231 34 42 255 61 14 202 183
    71 37 217 225 101 41 152 114 223 244 208 52 152 149 220 152 3 33 23
    138 117 253 163 242 170 190 31 35 104 34 26 45 44 3 251 55 238 159
    152 213 204 80 170 127 24 202 58 43 132 199 39 228 32 127 29 111 150
    94 111 229 66 202 151 10 97 31 224 177 46 104 8 90 42 5 109 164 119
    225 229 225 23 39 231 28 73 13 221 70 202 213 195 89 147 40 193 206
    197 95 117 129 134 61 152 164 251 251 64 191 140 37 93 100 143 234
    18 136 182 140 246 67 163 229 201 116 166 173 181 80 208 123 90 102
    72 66 222 67 159 110 73 13 96 237 150 109 32 211 51 29 191 247 208
    141 10 250 74 118 175 47 155 95 71 118 71 118 37 22 183 129 95 176
    132 156 103 28 142 90 23 61 169 219 107 95 181 175 253 113 83 249
    238 128 253 209 183 165 27 121 173 209 212 71 244 220 105 194 209
    241 72 142 122 246 82 123 6 180 142 72 35 66 66 154 244 83 35 27 150
    5 123 87 98 43 50 200 91 110 175 42 97 172 14 149 98 195 127 12 25
    167 53 123 136 15 253 242 14 175 214 100 224 145 40 134 46 68 232 53
    0 249 218 198 16 21 31 238 169 96 33 194 199 51 47 230 187 97 23 129
    34 219 240 41 180 82 179 34 209 141 244 150 214 172 122 248 83 204
    173 144 255 113 47 126 165 65 253 232 95 148 63 132 196 144 44 46 52
    202 51 10 27 157 202 188 161 70 53 150 98 12 23 137 121 47 119 210
    110 235 186 187 10 79 130 234 23 132 41 103 67 91 197 194 181 60 135
    175 102 200 44 45 252 190 143 224 122 123 75 168 8 220 123 48 158
    123 24 84 145 236 168 107 250 218 80 137 41 137 195 29 194 138 237
    197 22 61 139 202 79 5 105 218 227 203 1 192 90 145 147 26 194 195
    80 202 252 52 95 89 161 219 105 61 160 51 91 177 211 165 116 34 80
    87 152 87 206 225 208 115 2 193 30 196 9 88 164 109 197 69 220 246
    215 67 99 65 179 78 104 218 112 166 247 227 199 240 100 246 38 184
    23 143 231 174 108 211 157 146 125 167 28 20 67 20 212 187 180 112
    28 82 132 248 33 7 27 163 138 194 236 124 13 137 155 158 144 172 106
    35 8 96 36 52 112 244 222 158 135 2 93 71 103 161 228 194 248 232
    229 204 181 191 24 60 156 241 86 55 39 159 127 152 99 58 203 119 115
    245 194 31 106 153 0 230 47 183 60 199 149 220 208 190 77 99 85 155
    235 60 185 215 124 112 65 76 231 53 195 232 153 182 67 235 72 11 160
    105 99 34 121 111 12 211 209 247 183 213 220 206 28 191 159 75 130
    114 162 171 201 57 244 237 40 219 201 84 180 138 58 245 209 145 113
    12 208 243 15 176 38 16 42 152 183 95 248 169 3 239 78 26 185 49 19
    236 95 119 4 51 239 114 164 5 209 223 40 211 40 70 14 160 34 23 76
    150 186 130 126 136 140 246 3 47 13 32 80 47 132 194 80 126 58 251
    189 22 114 193 86 217 97 81 78 43 159 140 40 204 19 147 22 117 238
    236 104 173 161 39 214 169 185 100 120 212 6 254 223 129 163 123 127
    211 210 3 217 98 44 58 186 246 17 255 115 248 76 9 156 188 187 164
    82 144 174 156 217 1 142 52 221 228 153 60 180 252 221 126 15 146
    117 152 26 248 202 96 109 100 29 24 1 171 171 251 227 130 119 92 35
    132 50 230 89 94 90 77 249 9 37 71 75 97 151 17 59 77 252 24 158 214
    76 198 190 22 28 111 245 230 241 156 128 125 205 71 253 154 64 192
    207 189 89 0 130 167 71 176 45 215 232 193 220 222 82 213 93 92 153
    21 116 172 117 200 27 131 199 59 161 49 135 171 134 71 16 100 241 13
    155 68 108 74 202 235 108 222 201 163 81 206 32 184 174 127 212 189
    249 165 12 70 39 163 9 105 134 13 255 6 80 83 242 199 225 149 230
    166 124 32 59 77 91 237 59 162 116 221 106 95 251 187 174 138 141
    143 209 196 68 191 225 44 112 131 96 190 149 64 175 198 141 199 25
    126 17 75 139 89 28 180 239 200 188 249 188 85 141 108 19 198 29 17
    148 225 179 190 157 32 72 247 180 119 254 100 11 99 82 31 23 165 41
    127 61 233 128 25 194 135 142 210 30 134 138 201 56 13 215 78 45 69
    187 130 253 244 151 113 143 50 182 20 67 156 3 172 114 165 36 142 68
    163 69 135 241 94 110 206 12 221 130 23 120 79 186 84 33 27 87 65
    231 73 45 52 5 200 142 196 30 138 193 40 31 252 245 59 105 107 66
    179 19 242 29 17 126 136 74 232 108 78 77 157 167 140 46 216 96 234
    216 111 25 231 94 192 174 134 176 186 115 30 88 254 161 229 141 158
    223 146 155 130 109 178 129 10 91 44 139 144 99 43 44 148 1 152 8 0
    68 205 12 67 10 166 165 245 84 91 41 117 238 88 208 89 71 150 182
    248 241 102 208 109 38 175 112 160 251 157 249 44 72 32 50 238 175
    14 198 141 152 201 118 45 193 160 124 28 168 63 158 2 252 61 196 210
    119 211 48 131 135 147 90 32 231 192 7 224 191 159 31 32 234 21 67
    173 27 240 212 233 210 181 212 97 172 126 13 38 14 192 181 223 77
    105 183 254 85 90 197 59 3 38 144 49 82 161 7 43 173 237 236 244 143
    59 120 112 229 203 109 1 191 216 142 246 142 12 202 63 15 214 200 54
    39 177 44 66 131 32 250 115 85 156 192 106 61 1 93 233 135 169 164
    226 164 181 130 234 215 38 125 36 66 90 58 141 31 83 207 94 165 187
    210 230 171 117 87 228 158 6 214 58 7 160 58 159 30 221 243 70 58
    117 211 40 240 209 171 172 197 248 140 130 40 27 162 85 194 107 70
    246 232 121 52 162 15 174 26 80 90 153 86 109 177 121 131 253 21 43
    200 147 36 241 123 22 148 216 66 150 150 84 151 122 64 70 63 2 29
    115 68 79 161 144 129 255 80 217 122 242 247 52 75 237 54 163 87 150
    187 222 239 35 38 36 80 180 48 97 79 225 95 164 89 153 144 216 238
    253 63 245 56 169 70 51 208 251 205 38 73 108 86 214 127 157 216 78
    13 15 120 115 229 251 42 137 190 75 107 64 23 10 65 59 154 46 146
    121 184 13 23 41 87 104 96 155 66 58 95 119 126 170 41 90 250 49 83
    27 17 82 136 17 32 36 190 43 21 48 70 50 136 7 236 114 157 84 90 143
    249 32 84 226 98 149 83 64 9 70 160 100 134 29 240 27 116 39 90 104
    8 238 106 33 23 145 99 97 188 108 16 108 20 133 101 211 247 153 36
    13 86 57 192 163 155 53 151 52 65 204 146 127 7 159 183 47 160 183
    26 70 245 190 179 112 39 114 36 132 89 147 116 142 39 51 148 160 17
    73 79 126 208 193 64 167 73 23 39 64 64 73 175 180 127 93 34 29 246
    79 247 38 234 194 95 67 138 86 125 119 216 50 168 96 88 134 66 9 123
    39 240 195 231 216 229 110 44 248 181 30 80 213 114 176 52 40 114
    105 51 157 232 51 212 143 174 121 229 204 242 57 80 204 18 227 201
    122 160 35 65 246 105 63 196 10 234 40 211 145 8 223 24 39 84 121
    153 85 151 255 127 19 82 64 2 196 217 12 13 222 43 34 244 215 62 150
    168 192 38 210 91 147 14 237 7 134 188 28 83 194 203 176 152 111 102
    10 187 78 1 103 165 51 154 25 227 152 124 147 192 122 174 146 84 68
    142 248 225 127 228 120 39 95 199 119 105 23 106 111 175 81 48 80
    186 58 149 223 79 227 18 99 51 45</data></test_img>
<my_img type_id="opencv-matrix">
  <rows>128</rows>
  <cols>256</cols>
  <dt>"3u"</dt>
  <data>
    128 225 161 0 99 242 229 241 211 204 240 119 47 154 75 227 255 255
    255 14 253 90 255 0 255 255 0 189 0 220 224 255 0 0 73 239 123 255
    230 133 255 181 231 144 0 211 61 0 19 83 255 0 165 255 162 255 255
    157 255 33 5 106 0 190 0 0 255 255 170 0 0 106 0 255 146 248 0 0 138
    22 0 56 118 111 235 197 0 14 10 0 156 0 0 255 255 0 141 0 70 174 34
    0 11 0 247 65 221 116 15 0 255 23 45 208 190 206 216 46 15 122 0 211
    248 239 255 0 0 255 95 92 0 255 163 222 255 255 119 255 255 255 42 0
    236 102 189 255 0 70 255 0 178 0 251 226 18 255 128 119 135 156 12
    238 137 0 125 255 230 255 205 255 0 110 0 0 111 249 255 120 255 82
    217 0 255 0 168 0 31 238 213 0 255 255 0 221 194 0 9 255 0 0 255 180
    45 0 120 0 145 255 147 136 216 255 226 0 109 158 233 0 255 58 20 22
    255 51 14 187 67 0 0 144 121 229 68 0 0 49 222 76 200 243 255 144
    194 48 233 0 255 125 119 255 138 161 0 79 255 10 57 50 234 0 0 0 0
    154 196 1 183 186 255 255 169 118 69 246 0 0 46 0 68 232 205 52 174
    65 0 88 255 255 67 35 214 187 255 74 183 255 53 110 0 255 163 255 67
    131 255 243 255 172 17 0 0 255 6 255 255 255 2 22 34 0 251 255 71 53
    152 71 0 228 0 255 35 0 42 131 212 255 1 184 202 153 105 249 180 62
    102 90 255 70 0 149 121 255 182 255 255 62 0 126 255 98 255 0 59 197
    93 0 0 255 194 0 87 255 156 255 120 193 222 86 94 0 35 151 60 172
    210 202 0 8 120 255 182 118 125 0 47 229 200 255 89 38 113 70 255 76
    187 120 42 143 4 0 255 0 0 117 0 241 0 208 25 0 110 125 0 0 117 0
    176 161 124 30 197 58 36 149 91 0 5 253 255 171 88 226 36 95 255 0
    255 255 156 185 255 0 0 255 194 7 255 241 65 255 72 61 183 31 130
    255 120 255 0 0 129 0 0 177 172 0 0 88 79 0 113 0 0 243 0 39 155 0
    100 255 222 255 255 236 255 255 51 255 255 223 0 0 255 0 0 165 0 244
    255 193 0 230 233 19 84 67 255 106 112 137 254 49 183 0 9 162 57 159
    0 117 0 170 0 255 127 255 107 42 250 157 0 0 182 129 0 0 255 105 26
    82 255 253 124 123 157 255 104 82 255 255 178 184 155 26 0 49 40 250
    0 101 56 106 77 255 173 255 170 255 255 141 8 255 111 204 255 159 0
    128 58 26 0 171 0 255 141 0 255 156 0 255 53 93 0 227 0 153 162 179
    101 83 0 255 14 0 121 255 194 146 104 42 154 25 255 0 203 255 238
    186 49 254 95 213 126 0 43 255 83 0 186 255 255 58 157 0 252 112 0
    171 255 192 249 119 0 255 0 249 175 25 255 255 255 255 0 240 175 89
    0 99 104 88 0 132 0 188 52 252 3 91 73 58 167 255 228 255 0 182 20
    18 70 53 214 255 255 0 0 128 49 0 224 255 0 0 0 34 0 145 86 0 93 155
    33 133 66 135 26 255 45 0 47 255 95 255 148 115 155 192 0 255 45 28
    84 0 0 194 239 0 255 163 121 111 0 0 137 228 196 248 178 168 214 255
    255 255 13 95 222 163 2 0 229 255 0 10 3 255 255 9 0 208 68 24 0 0 0
    113 201 37 122 0 94 0 77 0 255 224 0 207 255 148 61 27 119 17 255
    124 11 0 90 167 0 173 0 43 146 141 255 194 31 163 0 255 0 47 154 255
    222 125 174 210 0 119 150 0 0 0 250 124 77 118 0 142 0 25 130 212
    130 0 62 30 81 70 16 0 109 255 212 39 135 253 255 91 223 59 139 255
    254 255 255 51 139 42 188 0 179 237 255 247 186 0 16 129 0 94 184
    157 189 146 73 186 182 0 126 255 255 158 102 255 0 10 121 255 255
    255 255 7 239 229 2 42 150 249 36 52 0 200 117 255 106 118 78 112
    201 233 0 255 255 243 241 24 118 59 27 255 45 0 201 255 0 36 17 181
    0 97 253 0 52 80 251 255 171 135 255 151 0 22 255 84 0 142 0 0 255
    255 85 175 85 248 27 0 86 62 0 6 112 118 218 255 40 62 142 147 115 0
    234 3 255 106 86 43 212 127 225 144 255 19 232 189 105 0 28 0 165 0
    212 255 132 130 0 255 170 152 87 0 255 0 0 255 255 0 252 255 154 89
    126 243 255 140 0 66 0 113 0 0 255 106 255 0 0 255 25 73 204 203 204
    0 255 14 200 0 153 182 21 28 182 214 75 255 67 135 255 65 164 134
    236 255 125 54 255 255 71 225 129 7 35 127 119 0 20 69 0 176 84 221
    83 255 255 255 121 0 28 150 133 0 0 26 162 173 255 255 65 131 126 23
    133 95 0 129 215 255 138 172 73 255 181 46 181 162 130 187 248 183 6
    13 153 0 255 19 0 106 170 0 255 225 24 208 38 0 0 198 255 0 46 255
    39 94 101 115 0 205 7 255 130 0 163 99 203 115 140 98 246 253 255 0
    255 196 114 0 231 215 247 215 160 196 213 114 0 10 255 131 0 243 204
    40 150 85 255 222 255 255 255 255 0 0 255 0 85 217 106 12 255 0 57 0
    240 83 0 255 132 175 255 255 251 41 255 255 107 114 167 254 39 211
    109 154 45 0 228 199 0 0 70 240 0 38 0 20 255 251 0 234 0 196 0 88
    255 166 65 255 157 0 212 0 255 24 255 0 255 46 197 193 144 0 0 255
    119 0 132 255 127 48 255 255 255 123 0 12 0 82 0 40 255 0 182 255 0
    255 0 167 248 164 139 38 196 66 0 109 0 32 50 185 255 255 182 2 255
    0 0 0 252 63 0 244 0 255 233 0 59 4 40 0 10 255 6 208 180 0 232 158
    178 0 255 81 0 32 175 59 203 248 249 49 22 100 173 243 0 90 0 0 0 67
    255 255 114 255 255 0 221 103 71 255 255 255 135 129 20 102 164 255
    47 0 123 136 255 101 193 255 125 182 159 0 255 82 127 0 129 211 234
    162 147 255 130 31 77 167 24 0 157 108 68 255 0 217 207 45 255 3 85
    0 184 43 0 255 206 255 0 255 242 189 59 189 117 0 48 255 178 225 192
    12 255 255 255 221 236 56 0 200 122 82 180 43 107 127 255 255 0 179
    230 3 254 104 142 169 0 15 181 196 121 61 0 255 0 0 255 0 161 72 0
    164 115 0 44 204 130 111 30 0 62 190 255 255 118 255 203 162 87 11
    255 121 121 0 0 8 59 58 41 0 51 14 0 255 0 71 0 205 214 0 123 255
    154 194 84 81 133 0 220 0 0 255 147 0 255 0 60 99 135 97 0 244 62 0
    74 114 255 206 157 0 205 199 146 167 134 0 145 200 219 53 0 69 0 223
    208 255 0 181 232 255 79 41 197 144 77 201 178 237 0 255 4 123 0 175
    215 0 0 182 255 0 153 9 56 148 0 21 146 255 0 79 0 255 0 255 0 92
    255 188 170 248 255 106 0 29 0 147 150 0 255 97 0 193 69 192 109 0
    255 54 188 58 255 255 175 0 0 0 0 255 40 0 118 0 129 255 80 0 255 85
    0 115 65 228 255 255 255 0 44 255 0 255 87 167 2 232 0 107 189 255
    255 121 191 0 255 74 26 156 40 0 43 198 0 0 127 100 179 229 255 0 17
    88 51 0 251 255 0 28 115 139 0 131 0 236 42 58 0 0 0 142 59 33 165
    255 35 69 0 117 137 0 125 255 0 0 255 168 0 63 211 0 159 0 255 210
    255 134 135 190 235 0 0 130 0 0 220 147 126 21 245 0 255 115 246 232
    67 65 5 96 0 12 15 52 230 0 39 150 92 0 204 0 253 219 254 0 155 192
    84 255 235 167 255 97 255 72 255 255 253 74 255 233 255 159 0 50 255
    255 12 0 255 118 100 0 138 255 48 0 226 255 50 255 255 225 219 71
    230 85 0 69 118 77 255 17 185 197 0 255 255 51 91 70 22 204 185 255
    222 215 255 91 166 255 0 22 216 0 0 148 88 252 123 22 144 255 0 255
    54 0 85 208 255 0 218 159 252 255 177 0 16 255 45 48 124 149 177 233
    0 158 52 0 0 154 235 191 81 242 239 241 230 76 163 249 214 239 0 24
    223 68 170 57 0 105 0 56 159 255 148 0 0 0 38 151 0 0 93 58 0 206
    231 140 52 216 0 0 0 170 0 74 34 0 77 245 0 19 38 89 255 179 69 0 70
    255 171 219 0 106 3 95 194 23 216 0 141 113 134 218 255 0 0 128 123
    4 22 184 8 203 0 0 242 45 10 255 22 255 0 49 167 180 171 255 136 26
    0 198 0 194 246 32 140 239 255 145 156 42 0 103 255 29 0 157 22 0 0
    215 215 60 49 110 47 82 146 0 208 108 119 232 60 199 0 90 255 126 0
    255 27 154 187 61 6 237 0 255 189 182 225 224 108 125 107 0 163 255
    141 193 255 191 189 0 0 17 255 172 35 255 245 226 255 15 199 0 201
    255 255 20 0 231 153 99 192 183 140 116 255 0 0 174 26 32 0 0 90 2
    123 255 244 0 187 19 255 183 6 92 255 109 219 191 0 70 23 255 255
    255 255 255 255 255 255 19 221 15 0 177 57 0 105 0 255 255 0 125 255
    97 0 39 0 0 15 0 255 255 0 118 255 208 105 237 54 159 215 161 0 245
    254 200 0 255 61 38 255 182 80 10 117 66 255 0 254 0 29 170 120 0 0
    111 255 0 8 0 105 192 101 255 106 81 84 145 208 139 36 114 139 0 250
    255 24 0 255 255 59 0 85 244 121 0 0 0 173 67 255 161 0 161 148 0
    255 0 255 255 252 255 2 28 105 159 8 125 255 255 255 252 255 207 215
    35 217 0 0 157 3 255 136 0 255 180 0 255 35 23 0 194 159 145 36 142
    83 0 5 202 13 1 126 243 0 255 191 255 70 255 0 0 233 147 255 0 250
    163 101 255 25 55 180 0 255 255 111 154 202 229 0 71 146 0 235 190
    115 255 240 240 214 187 0 19 42 175 255 255 255 246 186 0 156 61 198
    255 255 204 255 4 68 37 255 255 114 13 255 242 255 0 172 0 0 206 67
    244 186 189 0 144 255 45 0 255 0 0 45 126 161 8 180 255 237 50 168
    243 255 252 255 156 217 47 0 235 184 51 0 255 13 141 114 89 183 112
    55 255 255 255 131 255 255 140 61 0 138 193 247 206 107 255 0 39 255
    255 152 0 0 57 228 0 123 255 171 255 20 174 0 171 255 220 255 38 255
    255 63 110 0 255 255 208 57 145 96 155 216 89 255 196 26 255 255 236
    255 0 213 144 130 0 23 21 255 101 0 255 0 171 8 181 0 173 0 84 255 0
    255 155 61 255 255 0 228 194 51 55 97 217 184 156 174 255 255 39 0
    255 16 173 152 236 0 11 255 92 255 225 241 226 0 20 0 53 255 0 0 150
    185 0 39 72 150 94 71 10 43 0 127 72 118 0 0 0 102 255 0 62 255 239
    97 173 0 255 255 31 61 182 21 172 100 117 209 255 150 255 0 218 255
    0 204 16 186 60 0 255 125 228 255 195 255 239 77 109 92 0 173 156
    130 0 137 49 16 81 0 15 47 45 0 255 133 0 184 255 255 245 0 249 63
    123 255 188 27 0 53 206 138 0 40 255 0 186 255 0 0 0 253 68 66 70
    166 45 255 218 238 72 45 140 255 0 55 160 137 255 0 102 150 243 83
    255 46 243 0 255 223 255 0 172 194 134 55 5 81 0 123 0 0 133 0 255
    127 156 255 255 233 6 255 224 123 68 219 255 255 15 0 255 255 103
    145 0 34 55 48 0 168 255 46 192 224 134 1 0 0 158 118 182 255 255 60
    0 255 255 0 184 255 67 106 255 0 75 220 255 207 66 84 30 83 29 72 0
    0 0 31 208 255 217 134 39 50 39 195 255 152 191 192 65 255 127 255 0
    0 0 132 0 255 255 23 41 240 48 0 0 255 19 157 255 255 0 0 129 89 0
    255 73 63 187 23 141 255 255 35 196 54 47 0 33 54 206 36 0 0 255 6
    255 236 19 38 245 187 42 255 159 0 255 255 164 58 0 255 9 255 133
    115 255 0 186 255 0 255 54 57 146 255 217 87 255 0 0 0 151 3 221 193
    129 255 34 131 86 0 1 255 76 30 7 107 255 0 179 68 255 0 219 0 18
    157 17 28 89 88 249 204 18 136 138 152 94 170 246 255 185 255 0 255
    0 255 149 66 194 94 255 132 0 0 255 43 119 204 255 197 182 255 224
    41 0 253 62 255 255 255 128 200 255 0 0 255 255 227 154 113 16 217 0
    111 0 0 226 122 255 253 255 255 97 47 235 0 86 153 0 4 123 255 255
    115 255 132 125 227 0 26 255 66 255 238 49 255 0 91 3 150 255 41 0
    109 255 137 0 255 2 135 255 128 58 0 106 193 102 0 121 10 92 160 0
    188 255 21 163 137 118 42 113 2 246 64 66 60 255 255 26 156 79 93
    255 255 67 97 164 82 196 0 49 117 153 50 227 0 255 25 0 0 255 60 190
    140 166 77 24 147 241 255 0 0 51 243 137 8 0 255 255 0 213 23 255 0
    31 91 152 0 190 255 155 47 0 0 0 210 144 255 195 177 255 141 193 0
    255 233 233 204 9 0 140 205 255 124 255 236 204 141 67 90 190 135 0
    207 172 209 5 255 0 0 31 194 189 11 243 139 199 0 0 208 115 255 0
    234 255 170 239 0 244 47 80 0 109 0 161 255 67 93 32 207 112 221 93
    97 255 88 48 238 139 255 0 103 13 255 255 217 8 249 169 56 137 120
    219 69 255 160 22 0 111 0 144 255 175 128 254 56 134 255 142 37 255
    188 200 199 255 255 5 0 82 101 21 0 0 200 0 255 226 0 34 235 255 229
    86 70 86 161 36 40 255 20 246 14 31 181 250 3 78 80 175 105 0 254
    255 15 0 194 193 0 62 254 255 228 212 255 0 0 255 255 0 110 255 255
    166 89 0 172 255 0 0 176 222 0 0 178 255 0 88 255 206 207 255 119 12
    0 176 83 125 20 0 236 8 204 155 14 16 52 89 9 241 209 255 10 40 46
    185 92 113 114 0 146 0 203 73 0 255 186 98 38 23 255 244 252 255 255
    66 207 240 198 33 213 152 0 0 74 0 255 0 181 44 186 74 0 137 170 161
    190 240 41 201 68 23 59 223 150 255 217 255 154 210 255 255 224 124
    89 0 141 0 216 4 107 174 0 98 129 199 122 255 15 40 0 44 0 66 161 60
    23 255 58 101 38 0 116 234 0 62 115 140 113 255 255 74 238 0 255 164
    0 0 126 255 114 173 255 113 172 100 221 0 255 0 208 0 255 223 210
    186 240 244 37 27 28 67 33 110 8 113 96 4 187 167 109 20 115 255 49
    0 0 255 172 204 205 11 10 255 255 177 0 79 0 0 36 144 94 0 27 182 0
    79 255 158 100 255 22 0 52 0 43 0 187 133 0 124 255 217 0 99 28 0 0
    255 249 243 0 29 49 0 74 255 0 60 163 255 73 0 189 76 139 105 73 225
    183 76 246 255 64 136 255 148 38 206 19 95 190 192 117 0 171 0 94
    255 152 255 98 0 235 122 15 211 0 228 0 59 53 151 0 0 148 255 0 116
    243 0 53 255 255 0 104 110 50 218 255 177 255 194 255 221 234 142
    255 203 206 112 255 0 242 159 255 34 173 255 0 217 153 0 249 117 255
    254 0 61 109 255 211 0 196 0 255 72 3 135 0 247 240 0 49 7 201 0 128
    255 60 255 141 255 97 226 4 3 255 174 153 255 153 204 187 177 255 27
    201 0 119 22 107 61 122 255 0 99 0 82 221 223 0 255 0 25 86 0 246
    222 0 136 0 171 255 158 49 94 180 51 79 255 0 255 165 171 0 55 89 97
    9 255 0 206 96 255 148 105 249 15 162 160 73 30 79 0 0 125 121 172
    116 255 68 255 202 255 0 126 74 111 0 31 255 88 255 255 255 137 255
    255 255 255 255 0 255 166 24 255 0 134 224 0 0 0 59 37 120 219 0 85
    8 143 255 255 245 93 255 152 202 238 255 255 0 0 77 255 199 0 255
    192 0 230 234 255 0 0 255 179 203 232 242 242 255 4 219 162 0 2 28
    59 255 0 255 255 34 241 0 168 255 0 116 0 34 209 224 255 166 255 154
    179 255 85 246 255 255 255 88 152 0 255 112 0 237 0 241 255 242 176
    135 0 74 0 33 0 0 0 168 0 232 0 255 255 131 0 133 255 0 0 20 255 255
    0 196 229 143 0 68 198 254 52 104 67 0 63 79 63 255 126 114 133 255
    29 0 183 171 0 144 255 1 255 140 183 0 0 54 206 255 197 255 243 205
    145 116 219 0 30 255 180 90 78 40 190 0 86 63 255 255 20 96 255 0 0
    115 98 111 174 255 38 0 255 255 110 106 255 0 255 142 0 63 0 234 17
    0 211 255 108 255 255 255 199 130 69 196 42 83 0 0 0 28 23 174 0 58
    0 74 0 0 219 57 255 0 152 168 249 27 12 38 179 0 199 92 191 79 255 9
    173 0 0 180 0 196 75 149 50 237 0 0 255 255 87 105 48 255 255 255
    222 56 250 255 84 255 170 0 0 1 255 102 251 0 207 129 255 1 1 135
    115 60 253 59 207 197 255 7 162 85 255 255 255 11 255 0 255 255 85
    83 89 255 0 0 255 169 0 186 0 255 121 255 31 129 12 255 85 0 124 255
    108 140 52 217 77 0 46 0 87 0 141 206 0 231 25 255 0 168 49 0 0 89 0
    255 0 147 34 255 255 240 255 55 238 53 255 255 0 255 0 255 34 255
    153 33 126 216 229 20 169 12 181 103 26 11 0 222 255 0 0 237 203 192
    38 255 255 0 97 47 30 213 255 109 0 125 255 117 0 255 255 0 159 255
    255 104 239 65 192 61 0 255 255 174 255 1 18 26 255 255 255 220 244
    216 110 136 164 171 255 0 37 111 255 148 37 215 0 214 255 63 166 139
    209 0 187 255 255 61 0 27 0 174 78 199 255 255 0 100 0 234 48 255 0
    229 140 21 131 92 255 66 62 0 255 0 115 75 36 255 0 192 255 255 0
    246 248 154 160 0 0 252 0 144 224 0 255 255 208 0 35 74 16 0 255 116
    0 115 43 206 209 83 255 35 104 255 187 6 151 146 225 190 151 176 184
    200 255 195 255 183 58 0 0 204 96 100 0 164 128 255 0 108 157 0 20
    255 74 163 22 147 255 88 0 0 96 0 0 105 85 223 173 180 218 255 194
    255 133 80 255 130 171 82 56 19 52 255 0 235 46 56 255 125 0 255 0
    40 255 255 0 151 0 0 245 66 0 182 133 0 0 220 44 211 150 214 255 255
    0 0 127 163 0 222 0 125 165 206 147 153 0 221 101 36 69 0 152 130
    131 34 117 248 0 255 0 234 255 255 37 76 0 108 224 150 113 167 1 0
    202 111 255 171 111 0 255 228 0 84 255 136 22 254 239 0 0 98 156 0 0
    220 8 151 255 148 255 178 108 226 78 23 72 255 206 19 0 222 255 75 0
    255 182 227 255 0 112 83 140 94 108 240 0 95 255 4 164 255 255 255
    62 255 255 255 255 70 255 37 255 173 251 235 157 139 255 205 0 59
    169 31 103 175 226 45 255 76 182 0 255 255 36 19 168 102 58 51 178
    88 255 225 54 0 231 78 95 160 76 8 255 230 236 29 66 189 216 150 216
    0 43 255 123 0 255 210 167 0 25 135 103 0 42 255 82 0 154 54 42 103
    22 255 111 254 139 255 0 0 255 125 121 81 104 108 0 128 0 138 255 49
    255 175 43 130 144 39 189 109 116 33 0 126 0 255 255 180 255 191 212
    56 251 0 6 251 255 12 115 191 0 0 255 0 106 0 252 255 5 255 0 255
    255 90 159 0 75 162 114 155 27 1 85 159 11 23 0 122 88 0 97 0 188 80
    62 3 94 0 15 188 55 252 20 0 255 176 219 255 0 57 242 0 119 98 255
    35 151 189 152 209 0 255 192 84 29 25 189 207 188 255 196 0 0 0 40
    207 124 170 23 151 20 255 105 255 255 0 110 20 255 37 85 177 80 255
    168 255 137 118 14 38 240 0 210 33 255 93 119 255 0 255 0 40 214 121
    0 6 234 141 120 118 255 211 93 255 46 118 255 0 52 74 255 120 216
    117 40 238 85 217 255 14 0 117 229 226 255 0 173 0 255 0 31 230 47 0
    0 0 58 255 0 255 25 183 198 150 255 102 222 204 255 201 202 247 117
    22 223 76 0 84 255 51 171 26 6 240 60 132 46 33 255 99 0 0 255 0 80
    44 255 224 145 200 25 36 232 255 86 11 255 184 97 255 255 255 0 89
    128 185 212 255 0 46 13 157 218 0 156 14 0 217 158 0 37 65 159 0 45
    255 0 81 245 147 29 123 255 0 255 23 0 5 255 196 103 255 0 0 255 29
    168 70 255 177 78 214 194 39 253 0 255 241 252 32 239 104 149 162
    137 255 255 255 13 96 182 202 155 238 0 156 167 230 0 15 241 44 120
    113 255 255 225 156 244 132 255 36 255 0 223 39 7 185 233 172 0 63
    247 255 173 255 0 0 0 0 164 73 198 0 255 228 236 255 0 247 118 0 0
    255 0 221 150 255 29 8 250 36 235 132 21 206 0 0 160 0 0 255 255 234
    255 240 255 126 49 255 206 153 255 100 0 255 255 111 217 255 50 255
    137 255 255 22 87 255 0 79 0 255 108 122 253 177 255 104 126 255 117
    255 203 138 9 43 255 111 255 255 255 90 58 255 0 13 127 135 44 250
    255 62 0 64 0 7 197 255 147 255 255 0 114 251 124 255 16 246 0 255
    229 0 59 232 210 205 142 222 255 196 255 200 148 255 166 243 214 0
    83 102 0 35 44 180 255 255 143 166 0 255 141 0 97 71 255 137 252 57
    255 10 71 0 0 61 255 255 228 32 255 67 0 181 41 255 0 139 255 218
    107 151 255 4 79 45 255 241 234 241 251 29 0 38 151 195 207 226 91
    48 255 247 94 28 145 111 20 200 188 191 85 212 0 173 255 245 255 222
    0 0 17 255 154 0 255 0 29 0 255 198 210 46 255 255 19 119 255 255 14
    23 255 50 62 0 172 0 37 0 0 167 254 70 255 0 89 3 212 0 0 0 0 0 147
    136 116 0 0 87 42 255 0 122 0 109 80 0 255 212 168 63 255 185 0 0 0
    255 199 232 238 137 51 255 178 140 66 99 56 56 27 20 0 0 0 255 255
    139 224 255 243 57 0 101 47 165 0 142 255 198 174 255 255 255 240
    252 37 243 128 201 255 16 196 0 255 0 242 255 0 14 255 0 255 255 255
    167 0 176 212 61 0 96 194 30 0 188 255 0 0 0 24 87 69 191 0 255 255
    0 136 165 140 255 169 115 153 36 220 12 33 107 90 196 46 175 228 255
    90 237 0 234 39 255 86 64 207 189 109 30 78 190 255 255 140 255 255
    112 148 197 0 255 200 0 55 232 211 117 156 0 166 80 0 241 243 117
    255 82 53 255 188 223 135 236 81 153 137 116 120 98 23 28 0 237 128
    82 239 220 151 242 63 114 237 54 255 0 0 134 222 0 255 23 255 18 0 0
    158 138 255 0 0 84 0 0 0 255 0 255 242 217 198 2 255 87 0 255 208 45
    255 255 0 90 217 12 11 182 85 73 244 44 174 255 107 221 0 255 0 0
    208 216 255 112 173 33 48 101 44 67 0 0 0 16 243 200 255 183 171 9
    222 182 157 18 0 255 255 0 184 255 171 97 225 0 55 21 221 0 199 139
    0 0 10 147 255 109 124 255 255 103 101 43 0 0 54 255 160 51 169 81
    182 129 0 255 0 56 248 188 239 137 0 90 255 0 134 246 255 255 208 0
    144 168 91 255 81 2 131 11 24 0 0 255 146 96 251 85 255 63 116 90
    223 51 173 0 255 255 255 123 163 199 255 124 0 255 36 0 196 255 247
    90 135 0 120 0 0 0 255 90 190 39 234 1 61 163 47 51 242 243 94 255
    116 64 38 47 255 255 55 112 87 18 255 127 196 255 0 3 23 255 255 193
    242 0 95 255 170 255 139 158 240 9 29 56 144 243 80 1 96 120 0 154
    69 116 207 67 85 13 255 42 1 242 252 149 125 255 255 217 0 163 54
    255 255 0 255 255 0 177 178 196 0 207 0 92 175 140 0 0 80 255 255 0
    109 0 86 249 152 255 59 60 186 27 63 0 255 38 0 69 164 27 114 220 0
    87 174 175 0 255 165 42 92 255 0 244 255 0 0 96 179 0 222 255 0 203
    255 215 202 255 29 248 255 224 194 0 221 55 0 181 255 255 255 0 235
    188 255 131 236 0 52 53 228 39 0 255 181 118 0 148 135 170 33 187 0
    113 0 0 132 215 154 0 255 0 2 0 38 255 166 104 85 21 19 102 70 115
    165 0 0 0 0 0 173 0 66 171 100 124 255 0 49 0 101 163 244 130 234 0
    18 150 66 151 0 255 171 152 37 208 255 195 255 129 11 0 15 79 255
    255 0 183 255 49 0 0 136 240 0 218 253 207 167 66 47 235 255 59 208
    255 207 47 0 0 24 187 0 88 63 0 120 0 0 126 215 0 161 125 255 241 14
    255 255 0 22 203 255 172 1 255 246 0 115 255 93 44 39 194 171 55 255
    203 70 85 0 97 98 0 229 44 0 157 0 0 204 0 93 37 255 255 0 255 241 0
    169 138 196 234 28 212 236 50 28 57 25 6 0 225 0 80 53 76 195 8 215
    181 0 29 255 53 234 162 255 255 0 142 200 188 7 54 159 218 74 26 27
    0 255 0 44 36 201 165 128 255 22 255 255 52 52 194 37 0 247 69 0 171
    255 0 0 255 0 137 191 176 28 255 0 189 23 0 255 152 0 109 255 0 0
    189 62 0 10 235 135 0 62 207 62 195 91 255 0 162 42 223 0 196 91 63
    255 185 232 112 202 0 255 176 148 207 177 201 22 165 255 7 255 236
    63 100 255 77 82 140 255 62 142 95 198 161 196 98 160 0 141 157 0
    238 73 41 102 247 48 160 51 24 127 0 11 0 57 46 93 255 0 46 0 138 0
    107 13 0 66 101 56 231 0 115 162 204 255 131 9 255 54 77 104 73 0
    140 132 105 195 42 20 113 0 35 204 181 0 255 75 0 0 28 237 54 44 255
    0 0 190 0 255 251 195 253 157 255 71 0 255 186 0 61 233 196 255 15 0
    241 166 0 148 249 255 122 162 110 0 217 0 255 0 79 112 199 255 173
    13 255 255 0 0 29 0 42 0 186 0 255 118 255 30 207 0 154 255 190 208
    102 0 255 191 123 6 160 235 255 220 254 255 178 80 198 200 23 255 0
    0 41 126 0 162 229 33 11 132 84 79 255 0 0 0 133 160 255 249 140 11
    36 133 12 218 255 230 189 82 255 94 231 132 255 208 255 15 214 0 255
    22 255 255 235 43 253 0 149 156 81 0 0 255 208 123 89 255 198 0 0 0
    188 215 255 181 19 112 39 0 110 137 0 62 4 255 0 255 169 186 226 18
    0 95 11 232 255 90 205 93 180 0 235 255 145 0 254 249 175 14 254 0 0
    255 229 0 83 0 131 68 207 0 0 110 252 255 248 70 255 147 255 181 0
    80 5 0 90 81 255 255 194 97 255 71 0 0 135 170 70 202 16 0 255 240
    197 173 81 246 0 204 95 255 129 235 174 224 25 193 255 255 240 97 72
    185 0 125 123 65 79 255 249 172 107 255 247 255 71 255 21 152 185 0
    234 109 18 0 0 151 223 37 0 255 134 0 172 228 216 224 114 0 52 187
    175 255 130 255 33 67 156 73 0 0 172 0 128 195 255 101 55 72 104 183
    71 96 61 0 25 53 22 184 155 255 46 255 33 185 9 180 0 255 0 255 0
    255 255 23 0 93 64 220 160 33 255 255 226 0 128 255 255 80 255 154
    24 119 0 113 255 0 255 0 0 189 212 0 0 0 57 192 0 0 204 255 17 183
    255 225 185 67 255 0 26 55 0 125 0 47 0 28 146 0 255 43 34 255 202
    255 20 0 52 0 144 49 0 251 0 255 218 64 130 1 0 255 77 16 0 0 156 94
    79 40 147 24 169 0 255 38 81 173 153 255 163 15 239 104 36 23 255 0
    0 0 255 123 255 0 0 255 0 237 207 177 171 7 133 199 141 249 255 255
    17 255 241 151 14 255 0 196 255 90 203 69 146 0 197 90 228 255 172
    109 0 44 128 255 182 114 128 227 95 0 17 0 150 148 255 167 192 255
    255 243 255 71 255 218 155 255 0 255 255 83 255 17 134 38 0 32 0 0 0
    190 52 233 34 0 139 0 0 149 0 214 133 255 255 213 24 50 0 45 255 200
    217 200 0 173 94 214 255 235 21 39 0 0 180 124 135 217 0 16 0 145
    159 33 255 78 0 0 193 194 150 255 209 240 185 0 224 0 197 0 255 234
    167 35 20 205 73 255 0 221 69 219 31 0 30 0 247 52 0 179 255 0 63
    150 152 1 255 193 0 74 206 47 53 215 255 177 0 10 162 255 0 77 54
    242 0 49 17 251 0 188 89 0 228 255 36 0 143 0 202 194 226 220 51 247
    108 230 123 236 57 8 0 65 164 97 121 79 102 255 0 228 0 255 255 179
    255 255 159 20 255 217 185 255 137 255 50 255 255 24 109 169 48 52
    195 23 255 173 118 32 58 20 196 61 43 162 117 0 127 255 62 15 242
    248 19 212 222 137 0 1 220 0 13 175 83 0 255 0 0 154 42 0 44 0 127
    45 165 188 70 182 77 75 0 170 52 184 255 255 162 255 250 156 251 0
    108 46 0 190 255 255 220 255 52 72 76 138 255 204 85 242 240 69 70
    207 40 201 91 255 255 93 55 109 49 0 0 0 255 13 243 203 0 206 139
    104 0 255 0 110 157 132 0 0 136 255 0 0 16 124 5 202 0 0 255 63 106
    0 190 0 205 200 255 147 160 255 62 255 239 0 0 180 247 189 180 228
    155 233 255 68 114 77 0 0 74 47 128 128 0 255 166 66 0 43 121 61 12
    255 134 173 29 255 81 0 0 105 2 0 255 53 0 29 136 255 139 127 213 90
    109 71 53 48 206 97 76 0 234 255 135 0 0 70 46 197 255 195 0 0 206
    135 245 0 255 152 131 255 124 182 193 178 178 103 255 0 177 144 51
    25 43 139 121 0 0 0 211 132 0 59 51 53 58 0 199 218 93 255 25 0 31 0
    255 28 20 131 188 244 241 255 140 2 185 255 207 77 255 97 109 255 36
    57 33 0 47 0 0 149 243 67 0 72 0 176 231 186 162 176 255 70 151 0
    255 17 0 186 54 255 64 255 0 40 121 0 0 156 132 0 186 0 162 77 225
    139 0 140 95 16 167 0 177 130 247 107 130 53 14 113 141 255 11 193
    34 213 0 123 0 0 255 89 157 0 101 255 182 244 234 110 255 191 5 215
    246 20 0 197 85 226 24 0 68 255 134 255 108 140 142 47 207 123 0 134
    0 217 215 255 0 0 0 145 162 73 107 0 0 58 255 0 63 125 223 104 161 0
    222 0 0 0 194 219 0 12 140 21 255 53 0 126 137 101 61 102 139 0 0
    255 131 12 126 2 219 255 4 66 144 212 65 236 255 0 7 207 0 139 0 0
    155 182 12 10 188 235 171 0 255 142 228 198 168 72 0 164 18 255 177
    0 255 0 165 29 8 4 255 4 254 0 0 80 39 205 0 0 255 0 200 0 0 98 39
    204 41 16 176 255 0 116 255 103 4 153 190 62 159 60 58 0 0 70 102
    226 193 209 255 13 123 245 255 249 72 255 244 204 45 7 162 255 61 0
    255 12 236 51 118 104 20 231 255 240 71 255 255 0 145 74 65 63 180
    104 255 83 56 255 255 255 0 5 0 255 196 255 0 41 24 158 104 120 68
    127 141 239 255 58 7 202 255 255 255 255 255 117 127 161 255 0 239
    170 237 240 1 0 236 196 0 219 74 154 83 115 255 160 255 0 241 255
    239 107 0 227 136 255 207 62 132 228 209 194 255 204 244 255 182 80
    0 196 0 248 211 0 255 0 145 255 247 39 255 247 138 93 103 40 11 206
    86 26 25 0 0 243 188 30 141 20 128 0 255 255 0 205 216 172 113 0 10
    117 185 235 164 16 116 252 0 15 0 255 146 18 255 53 255 219 255 0
    154 30 155 32 98 0 152 185 169 255 249 0 255 255 165 168 0 174 245 4
    131 48 0 0 93 33 192 231 179 165 49 0 202 65 64 255 255 12 0 255 0
    228 0 195 184 255 155 177 51 204 218 74 47 176 153 180 208 223 208
    101 215 125 217 206 134 0 255 0 0 214 0 0 0 135 215 156 211 0 205 20
    135 178 187 17 0 195 187 0 0 112 255 4 0 79 109 255 253 87 255 17
    121 63 0 27 206 174 0 52 255 145 167 41 255 170 0 255 44 180 209 0
    211 149 255 115 48 123 10 226 175 0 0 0 255 85 36 166 0 219 246 94
    17 207 0 0 255 207 69 255 116 255 3 255 67 40 214 168 0 19 30 104 37
    78 80 95 0 255 255 17 255 83 227 202 243 242 14 213 149 255 255 42
    250 255 0 4 161 15 230 0 230 239 156 0 0 0 214 134 226 125 255 67
    121 255 136 255 0 187 255 142 0 234 6 199 255 182 255 69 0 255 20 0
    156 0 0 0 227 206 93 96 213 84 151 142 34 153 0 19 107 164 0 0 203 3
    0 38 240 102 81 28 145 29 119 47 255 204 44 0 0 189 46 146 160 88
    164 255 173 255 255 147 76 0 255 255 255 180 153 197 191 103 42 82 0
    150 238 13 236 0 243 255 255 0 255 0 19 186 6 57 213 255 184 154 214
    110 0 143 0 113 255 130 235 44 74 81 255 216 255 160 44 171 0 163 84
    0 192 36 129 0 0 0 180 142 205 25 255 56 184 255 208 31 125 89 0 164
    255 0 235 255 140 194 34 81 254 0 127 71 36 255 0 12 224 0 45 0 149
    11 35 255 190 255 0 255 4 227 23 66 255 50 63 109 255 223 255 151
    172 255 178 0 0 255 206 217 8 217 193 240 211 115 93 205 255 0 167
    85 255 0 255 102 112 255 16 255 135 89 43 130 0 166 165 216 68 255 0
    19 142 0 87 164 21 99 0 0 255 159 27 6 80 141 255 255 149 255 75 26
    225 0 123 225 0 223 212 48 136 0 206 1 0 63 54 255 255 24 255 45 39
    0 0 255 141 0 54 138 25 157 39 135 0 97 192 255 0 235 53 0 107 4 176
    0 255 0 63 0 81 241 101 153 255 202 0 239 109 255 47 255 45 0 67 48
    66 187 255 106 39 146 255 255 255 255 151 255 169 248 97 0 0 255 167
    182 255 0 245 0 80 91 12 0 153 215 0 255 255 0 212 42 152 20 13 161
    0 221 252 118 255 255 17 108 189 19 255 51 242 191 213 151 50 138 77
    0 201 1 169 236 145 59 30 131 0 0 255 126 227 197 255 51 127 4 50 6
    55 25 229 159 146 143 250 255 116 255 27 8 145 207 208 0 49 172 255
    53 255 201 70 101 104 0 0 38 244 158 249 255 43 0 4 163 0 0 0 249 55
    255 0 0 0 190 0 152 255 9 141 255 104 124 105 49 161 82 255 236 207
    255 43 208 24 255 3 10 255 255 0 0 13 143 160 195 226 34 42 103 156
    211 255 96 186 143 255 0 255 255 207 94 0 255 190 215 154 167 70 237
    3 36 255 88 37 255 0 0 0 163 0 0 255 255 223 0 255 0 255 0 218 20
    181 255 95 0 175 255 179 76 206 97 0 54 228 0 250 255 139 81 255 218
    118 255 255 63 0 74 60 145 0 131 255 0 0 92 205 248 37 83 0 89 251
    78 0 80 143 221 0 233 183 97 255 55 255 44 255 140 0 255 147 163 160
    0 169 4 255 134 18 231 194 45 255 203 190 147 255 0 42 102 50 123 85
    49 0 85 15 247 202 39 182 80 255 0 202 195 113 0 93 62 0 255 118 37
    0 140 0 0 255 112 250 255 106 241 71 255 243 99 135 255 54 0 75 7 95
    192 0 0 63 140 119 0 144 90 48 159 255 132 250 255 255 255 132 255
    91 102 255 145 0 0 0 255 77 0 0 221 255 172 20 255 247 93 167 255 0
    0 54 65 247 251 255 8 245 160 86 32 255 121 0 170 152 0 0 194 42 239
    128 224 0 241 91 30 0 20 197 80 255 211 145 193 0 255 0 179 140 209
    255 11 222 182 255 250 43 59 101 176 0 185 8 0 140 255 0 59 101 0
    247 0 255 103 255 54 255 5 45 37 227 28 62 132 0 255 152 0 0 255 65
    119 102 255 0 62 0 187 0 0 255 0 158 158 243 255 0 117 209 255 234
    90 255 71 139 51 0 187 255 255 255 246 0 255 0 143 0 0 49 94 6 58
    240 154 0 158 255 172 77 234 173 243 142 96 119 74 0 0 150 0 255 158
    237 255 110 234 0 89 0 0 181 0 46 207 0 97 24 88 0 103 255 0 0 255
    67 103 255 231 26 166 225 0 157 240 255 206 0 111 21 156 83 174 255
    255 255 246 0 161 235 253 0 189 223 255 0 125 67 255 65 0 195 187
    236 146 131 189 209 0 135 40 255 174 0 134 182 244 214 174 0 255 236
    221 173 255 217 255 0 228 169 0 110 97 212 89 216 36 0 165 29 0 5
    108 0 215 255 62 136 255 104 91 94 255 229 55 255 255 76 213 76 56
    84 102 255 0 82 131 255 190 0 255 255 0 255 174 2 255 44 195 255 12
    255 68 47 178 216 192 7 148 0 152 255 0 185 133 255 0 183 251 237 96
    249 35 129 62 255 252 255 197 255 0 217 163 27 206 196 162 0 255 97
    167 213 255 60 0 81 255 142 255 34 28 255 22 0 255 226 179 217 0 118
    67 99 137 214 138 133 9 0 236 0 146 0 255 0 0 255 250 229 179 255 6
    160 45 69 255 169 139 159 0 0 149 51 13 175 43 235 21 142 67 255 213
    0 152 71 162 115 155 133 143 34 0 0 0 90 29 251 94 242 255 114 23 0
    0 0 82 255 209 255 126 92 0 255 245 5 162 255 255 186 84 131 255 0
    11 255 221 182 152 140 255 88 255 0 0 0 202 172 36 59 0 183 218 255
    188 255 255 18 101 4 0 27 0 240 193 255 178 172 154 158 215 24 227
    112 0 0 27 131 232 0 105 82 0 0 37 3 0 0 0 255 0 0 140 0 0 0 255 36
    0 82 208 158 0 90 152 255 192 255 63 255 0 58 255 212 0 109 208 255
    140 224 255 255 69 255 0 23 121 0 98 146 0 180 255 11 255 2 255 89
    21 0 255 146 241 0 121 120 133 201 211 6 255 0 6 255 7 255 131 2 255
    193 255 54 0 22 126 0 162 207 147 201 17 0 159 255 0 211 255 233 240
    185 3 195 0 111 105 239 255 106 255 60 139 0 255 255 68 230 0 0 193
    255 65 217 116 28 71 0 216 213 233 207 190 212 255 87 0 0 160 66 192
    21 0 0 0 177 195 255 0 0 0 255 0 255 161 255 30 255 22 255 16 255 79
    195 170 0 0 255 32 77 169 250 182 93 129 255 255 244 241 0 0 255 188
    255 255 255 24 16 36 255 4 0 255 135 255 0 142 58 174 152 136 112
    150 0 16 0 255 0 0 179 0 229 0 136 35 210 62 255 7 70 81 98 255 0
    111 88 72 248 255 255 0 0 0 174 176 0 198 238 119 0 255 1 255 0 0 0
    255 165 102 110 255 209 255 254 241 0 106 2 0 64 0 220 0 52 88 0 34
    0 255 110 255 142 127 0 182 255 227 0 165 111 255 137 101 43 115 255
    156 33 255 168 0 0 255 255 246 12 213 7 0 137 0 117 0 255 0 9 0 144
    191 255 255 0 190 224 220 19 254 139 219 4 255 65 255 255 0 241 121
    0 170 242 246 255 174 166 201 230 158 173 23 229 215 71 255 186 0
    218 255 194 224 243 28 252 255 0 75 233 255 0 185 109 30 251 21 0
    200 67 191 0 91 186 122 255 0 255 62 95 38 0 39 81 243 18 171 47 68
    74 0 183 163 255 163 255 255 189 255 45 255 0 173 169 71 0 0 0 120
    17 0 45 112 36 52 63 255 147 152 0 255 255 255 4 255 205 61 255 247
    255 1 82 179 0 255 76 37 221 0 255 251 0 0 255 252 255 110 92 255 0
    255 203 95 74 255 37 50 0 138 255 215 0 163 0 45 255 120 255 78 153
    0 84 123 98 43 104 152 255 0 194 63 94 255 255 245 255 255 255 185
    255 255 57 113 255 112 80 236 233 0 202 115 102 0 152 133 19 0 198
    199 0 216 94 0 42 19 53 0 255 255 0 159 170 24 148 0 87 0 7 169 0
    161 154 0 250 144 46 0 255 108 0 141 36 255 255 182 39 38 11 169 193
    254 58 151 0 255 0 19 0 37 0 0 255 129 163 102 240 29 255 255 17 0 0
    255 255 74 0 255 138 255 255 0 168 48 0 0 241 38 0 212 32 0 91 86
    193 228 255 0 255 112 242 255 207 198 3 76 186 46 111 172 189 0 187
    86 13 175 46 44 199 255 7 35 255 14 34 0 69 178 255 105 239 20 0 0
    143 129 64 0 242 48 0 153 255 153 128 0 33 140 132 14 97 36 255 0
    255 67 255 157 79 148 82 255 69 88 78 6 0 70 199 255 0 255 0 23 116
    36 56 9 95 231 0 0 237 0 255 225 255 140 0 255 177 162 255 255 229
    255 116 132 255 255 0 255 192 255 131 255 6 146 0 158 112 170 255 0
    21 255 0 166 103 0 1 112 108 255 0 205 8 0 81 68 36 0 255 171 219
    229 255 255 100 191 227 255 162 56 255 248 0 249 0 255 13 215 255
    114 220 255 24 3 92 0 0 19 83 61 103 255 0 159 117 175 67 255 255 59
    0 84 0 204 0 98 149 255 56 141 55 255 193 144 174 13 62 159 0 0 0 0
    255 0 255 255 0 183 122 159 255 0 176 81 193 46 255 93 0 255 255 23
    120 255 108 199 255 169 255 175 255 253 191 255 255 127 0 189 255 79
    0 0 204 0 102 34 214 255 255 255 0 166 0 0 0 48 58 149 212 219 255
    236 255 144 112 155 255 253 197 157 0 1 208 0 255 0 255 100 246 86 2
    188 0 255 193 123 133 50 42 213 255 125 0 0 54 235 12 173 0 30 23
    255 61 255 118 255 124 255 255 197 140 16 231 255 159 157 255 207 16
    255 255 255 0 255 215 183 0 170 255 174 211 220 28 132 171 90 57 255
    202 122 112 21 113 255 167 65 120 0 134 246 255 104 103 130 235 0 0
    26 0 30 0 66 255 255 255 188 59 47 199 170 25 10 255 215 39 0 28 52
    0 58 95 20 172 89 0 229 255 21 241 194 73 0 127 137 31 29 0 210 126
    41 98 255 122 64 0 6 219 30 166 253 54 145 255 255 10 153 255 126
    164 88 245 0 0 255 255 0 0 0 153 186 210 215 251 64 2 87 0 0 13 255
    255 31 217 202 0 0 137 255 253 255 202 170 0 148 210 0 0 0 70 77 50
    196 24 255 255 1 255 70 217 0 61 38 129 166 33 255 0 38 2 255 247 0
    147 45 130 72 13 212 214 112 164 187 230 255 23 27 248 197 118 13 50
    0 241 199 144 96 0 70 95 255 196 48 197 0 156 255 61 236 0 169 219 0
    255 194 126 172 255 170 255 247 6 51 67 58 71 255 161 249 255 39 146
    0 0 161 189 255 156 0 73 181 101 0 87 248 6 255 150 204 255 0 18 34
    94 110 235 231 4 255 222 0 175 0 255 0 0 46 232 8 140 111 0 0 180
    224 115 255 218 190 35 103 181 147 104 37 84 0 150 48 255 156 162
    237 80 255 105 191 59 255 248 255 0 108 69 255 42 0 255 205 255 249
    255 0 249 0 0 132 10 47 132 244 255 203 0 198 228 255 177 182 205 9
    190 195 143 198 65 0 69 255 205 0 94 186 177 245 0 104 83 241 103 41
    0 152 0 61 17 57 134 255 216 255 165 212 64 255 61 181 76 190 0 255
    50 79 255 177 8 239 255 212 0 255 91 255 42 0 10 193 68 64 0 200 121
    0 68 77 232 250 0 0 123 0 0 232 2 255 163 188 162 1 73 0 197 112 222
    255 0 145 94 255 68 255 220 0 255 0 32 123 217 207 227 157 101 255
    197 255 0 136 65 255 27 54 107 15 0 53 231 255 175 0 76 255 137 72 0
    0 255 255 47 241 110 251 0 55 44 255 149 148 0 181 218 16 255 252 0
    190 255 26 0 67 249 60 242 217 255 0 88 255 200 191 154 213 209 0 0
    168 192 32 255 255 143 179 255 61 105 120 202 0 90 0 1 43 255 87 184
    255 134 0 255 255 12 255 0 240 255 102 189 112 182 58 255 133 100
    255 57 255 252 0 255 154 255 32 255 41 74 169 160 255 0 255 255 198
    255 87 239 0 142 255 239 0 48 227 50 255 5 0 0 146 255 0 103 116 0
    17 197 0 26 124 0 122 0 27 248 53 67 52 255 220 219 32 0 255 20 0
    185 0 255 201 0 13 0 21 0 27 0 150 255 99 0 255 75 232 0 22 255 142
    255 0 220 0 72 175 158 12 240 255 31 255 0 157 26 43 62 255 147 95
    255 214 159 255 112 207 255 139 114 164 87 222 251 255 110 255 114
    113 221 0 204 24 0 86 0 0 169 122 159 149 44 255 128 73 0 0 183 0 0
    130 0 235 22 16 93 148 6 255 139 0 166 81 21 103 0 0 96 0 225 129
    255 105 108 0 255 0 255 29 209 186 255 51 73 0 200 160 125 255 0 241
    63 89 168 0 232 0 20 3 0 191 255 0 13 161 3 0 201 213 170 231 255
    176 250 46 0 164 129 0 167 201 131 0 253 177 248 37 152 0 255 240 56
    0 0 255 0 179 108 39 111 0 94 0 62 0 0 0 186 197 205 0 0 255 44 225
    23 246 0 59 255 94 0 1 255 183 255 217 255 102 83 245 9 29 114 254 0
    127 49 255 26 0 216 248 0 255 198 255 30 111 0 121 26 0 92 155 60 79
    0 189 0 255 36 53 203 255 115 0 5 255 145 172 255 240 255 42 255 43
    200 0 216 41 255 187 3 255 0 255 204 147 255 124 221 255 104 255 255
    60 12 0 227 0 0 120 73 255 0 0 0 67 208 0 116 138 0 180 240 0 210 55
    255 160 0 0 12 123 8 255 145 2 208 237 53 0 0 255 213 241 177 121 0
    49 136 148 0 143 120 46 255 255 166 125 64 190 0 14 177 0 122 151
    178 255 60 22 0 176 171 113 175 255 0 0 0 223 74 106 255 255 159 255
    255 255 212 242 0 65 225 255 74 0 246 50 0 31 49 255 40 48 7 173 255
    70 90 67 0 68 247 0 0 25 255 101 32 255 0 0 205 28 255 90 1 38 254
    191 0 145 255 255 224 0 255 255 255 0 33 255 47 71 255 0 170 17 255
    0 5 190 97 242 15 255 143 255 0 177 185 155 164 255 89 0 40 255 254
    6 226 166 255 230 111 247 248 243 255 168 0 230 24 201 88 23 0 113
    255 255 66 74 239 254 217 243 14 0 73 80 153 134 255 6 255 255 185
    28 0 255 79 255 104 94 130 0 92 110 66 32 255 0 8 255 11 236 255 18
    212 82 255 255 142 86 255 131 10 136 97 207 255 253 125 0 80 0 255 3
    0 225 53 255 44 122 65 26 8 0 171 169 7 147 168 149 153 0 255 158 39
    221 32 178 179 253 123 119 104 156 0 15 170 255 110 0 255 36 163 0 0
    174 136 73 212 175 0 0 184 255 255 0 227 220 0 255 141 68 255 210
    255 0 180 214 255 193 255 195 234 143 6 0 141 0 198 219 255 168 193
    255 190 0 201 14 107 112 0 255 43 0 255 0 182 57 25 114 0 0 224 209
    255 0 111 0 0 255 255 89 255 18 255 228 220 114 33 91 255 0 187 199
    29 0 54 107 220 28 190 96 231 0 216 55 0 251 178 249 255 0 0 28 67 0
    0 2 57 247 247 28 54 219 84 255 0 16 255 255 255 225 96 0 188 255 0
    255 255 255 247 0 65 255 245 249 246 251 255 6 255 0 227 184 177 36
    146 0 255 37 0 255 80 30 255 255 254 23 101 255 42 255 9 154 0 255
    29 40 255 255 126 255 255 158 181 94 46 0 0 0 120 45 205 22 173 0 65
    0 255 79 248 118 197 255 56 255 255 186 78 255 21 22 252 249 47 165
    177 100 0 114 255 0 194 150 154 255 0 202 130 252 220 135 94 0 255
    111 255 0 0 171 124 235 134 0 153 255 255 255 139 69 241 157 255 60
    205 5 36 141 205 199 105 194 255 146 129 255 0 0 0 63 255 65 158 0
    82 150 59 228 66 255 64 255 52 232 0 85 0 165 255 109 146 255 119
    214 85 255 236 44 125 28 85 47 102 200 255 113 188 40 142 255 64 40
    237 255 0 235 255 27 255 195 245 35 252 255 24 156 0 1 77 61 172 203
    0 141 255 86 0 0 158 0 27 0 82 0 153 189 255 106 40 23 87 148 40 8
    255 218 210 14 0 151 27 228 18 0 149 0 255 240 207 119 255 70 0 253
    0 0 0 0 217 255 137 0 162 159 96 131 233 230 255 139 144 255 197 137
    82 250 35 255 134 225 243 227 255 255 70 248 255 73 255 0 0 64 202
    108 68 255 0 119 255 213 0 255 255 204 0 8 28 0 255 21 0 128 204 132
    0 234 195 0 211 0 173 37 19 211 0 123 187 0 137 172 255 255 33 127
    73 69 158 0 55 255 24 25 0 0 255 0 255 255 204 227 168 0 84 0 132
    172 99 255 153 222 255 34 0 255 0 0 255 0 255 187 179 0 165 13 193
    255 36 255 0 61 113 255 137 0 255 178 13 0 0 139 0 97 40 15 143 255
    105 255 255 128 255 122 116 255 50 179 255 0 0 10 255 238 0 150 0 0
    0 236 150 182 112 54 0 89 255 57 94 92 255 22 77 78 0 255 242 255
    255 255 29 255 34 255 67 44 255 139 88 217 0 255 0 175 93 207 10 0
    79 69 82 226 0 100 47 225 19 13 0 236 0 42 105 202 130 65 245 0 84
    255 41 128 0 99 120 238 0 255 227 0 35 0 181 15 51 255 0 75 25 141
    255 153 132 0 0 157 175 255 221 167 255 37 5 255 177 29 98 236 224
    208 54 25 255 11 237 80 235 208 0 255 255 59 233 29 10 255 9 255 0
    255 255 0 0 255 45 0 255 128 0 190 94 145 81 22 105 229 80 88 0 86
    213 255 205 104 3 255 255 255 90 66 189 176 255 255 246 255 56 221
    185 134 255 0 120 155 58 93 85 200 39 0 24 174 0 71 222 0 0 118 208
    221 59 96 0 255 0 84 247 0 255 4 255 8 219 0 0 103 196 255 39 84 255
    191 0 36 7 255 147 228 0 126 48 253 153 255 186 206 213 220 74 255
    255 0 123 114 147 255 143 38 0 101 27 0 117 135 0 242 255 23 0 41
    255 255 0 0 198 60 255 73 255 207 50 0 255 84 25 255 110 205 68 252
    205 141 0 255 109 10 46 40 171 73 0 218 42 96 255 0 254 60 167 146
    78 41 255 0 39 31 0 0 255 255 74 140 130 112 124 194 255 189 255 229
    255 162 15 64 255 255 255 114 0 0 223 69 134 255 255 58 210 0 120 0
    189 101 0 0 12 157 77 94 193 62 21 0 255 255 0 246 190 255 168 255
    255 29 255 248 121 8 255 255 0 117 255 174 31 115 0 255 0 211 172
    124 255 22 255 73 86 152 228 215 115 255 255 39 62 217 151 32 0 11
    116 0 255 68 199 255 224 153 255 0 233 228 114 191 16 255 222 109 0
    232 207 76 255 0 108 28 0 188 147 243 41 0 11 0 54 244 146 0 255 255
    207 212 0 255 166 3 90 0 0 255 236 223 255 39 0 119 255 114 43 0 137
    111 206 0 19 155 240 240 0 139 0 134 207 133 224 167 168 198 255 245
    142 87 127 189 174 255 11 217 253 177 139 187 30 255 0 174 255 255
    255 140 84 0 60 0 234 163 84 255 0 196 0 210 255 0 221 255 76 255
    255 189 58 252 127 165 0 163 0 27 0 255 231 0 8 159 109 97 0 0 97
    255 222 109 187 237 255 63 255 255 255 205 0 48 134 1 163 5 3 0 0
    146 213 117 29 208 76 241 244 182 181 0 24 178 4 107 175 146 233 212
    255 84 50 14 79 183 0 198 47 27 7 255 255 255 52 203 0 185 255 0 175
    86 255 171 182 255 248 220 255 0 34 255 142 255 0 119 107 54 134 185
    255 255 0 238 223 6 0 67 156 255 0 49 255 0 0 175 67 210 53 127 19
    255 223 174 0 12 48 240 0 197 176 10 255 123 0 91 55 236 76 255 240
    76 178 56 243 144 0 0 25 51 202 255 255 37 0 35 185 0 0 255 68 0 52
    0 0 34 123 217 0 163 255 255 255 175 0 186 126 62 0 93 2 102 255 255
    255 73 167 0 75 158 7 177 0 250 0 130 255 98 253 0 96 255 255 16 194
    255 254 0 52 120 9 255 100 0 229 0 255 157 255 70 60 156 154 239 255
    255 197 155 219 221 196 255 0 163 232 255 181 0 0 137 157 193 0 167
    117 155 255 49 0 249 183 255 246 255 231 28 2 67 135 255 255 224 205
    31 134 0 65 127 34 40 255 73 139 142 255 91 122 255 255 219 0 217
    254 224 255 255 31 194 0 255 210 76 255 0 144 216 151 255 3 66 255
    61 43 0 0 15 0 213 21 0 64 255 175 0 112 174 255 116 255 255 0 0 5
    110 255 104 0 173 92 171 255 100 0 0 186 255 199 255 74 0 253 195
    116 96 255 255 0 221 255 78 255 247 184 255 255 255 0 0 114 255 0
    108 255 66 131 218 128 255 0 0 140 8 137 190 255 125 1 209 48 19 14
    0 198 1 63 142 143 140 255 171 231 210 28 255 192 162 0 255 230 5 61
    255 255 118 249 214 255 181 0 35 255 0 155 255 0 0 255 255 250 0 0
    133 0 95 112 0 62 50 71 0 255 255 255 157 0 29 187 5 221 21 74 255
    255 95 160 40 0 224 82 102 176 0 0 0 141 0 75 206 100 105 0 210 0 0
    255 14 255 184 223 100 162 69 0 215 3 0 255 34 255 248 112 44 48 9
    133 213 83 255 0 53 217 255 243 80 145 43 42 226 156 181 38 29 177
    255 0 215 83 35 85 32 255 255 31 41 86 134 201 51 27 126 255 52 3 14
    19 142 43 0 242 101 60 162 189 121 31 0 13 242 90 0 255 130 255 255
    188 219 247 255 180 162 28 136 0 102 175 255 255 176 0 6 215 255 0
    22 255 141 0 39 48 0 240 255 255 41 69 81 255 0 98 116 0 0 0 246 176
    152 255 231 103 8 137 208 255 176 121 189 1 255 0 3 118 198 89 238
    95 19 0 64 97 94 0 171 46 50 0 6 66 0 255 78 127 212 236 0 71 6 4
    102 145 100 0 0 222 0 71 255 103 97 70 225 46 0 253 182 0 123 167 40
    189 0 255 183 194 75 126 173 254 218 38 255 255 154 0 45 136 0 255
    255 255 20 255 119 0 73 144 126 255 0 90 117 143 33 255 111 106 112
    196 74 255 0 8 30 255 35 1 141 51 18 236 220 166 255 0 0 0 0 225 161
    0 0 179 226 0 215 0 0 64 98 255 0 0 250 126 255 255 23 188 180 0 50
    97 52 0 0 0 141 6 255 112 195 0 238 0 223 0 142 37 199 25 88 86 0
    202 12 63 0 0 0 0 255 19 0 255 195 162 255 80 147 0 255 0 124 255
    179 0 242 255 60 242 27 255 138 0 0 255 8 165 25 0 255 62 144 239
    193 159 255 79 204 95 208 10 195 140 255 0 89 39 244 95 194 0 218 0
    165 228 0 65 60 0 42 192 17 126 197 0 122 255 253 0 0 37 99 46 4 34
    102 0 255 182 0 245 0 82 0 115 146 120 255 255 94 99 255 185 217 255
    88 0 0 255 237 255 0 255 0 0 139 168 240 82 37 120 204 255 192 32 0
    191 68 0 123 223 138 0 124 0 255 0 255 183 0 35 255 255 172 100 255
    129 244 75 255 255 192 104 1 33 0 180 62 255 0 83 255 83 255 184 92
    116 207 255 141 0 21 155 70 51 239 12 0 55 255 145 45 182 0 177 117
    105 255 218 196 150 255 255 0 48 255 179 255 147 0 255 57 187 255 7
    53 176 226 177 21 19 43 0 16 234 255 85 9 51 249 109 0 255 0 254 89
    218 0 158 168 77 0 226 80 0 255 0 208 0 3 175 0 191 50 118 215 198
    24 145 122 0 105 0 255 75 0 255 213 195 201 171 0 250 182 40 0 255
    47 255 202 82 148 0 180 175 0 255 21 179 146 0 53 95 195 149 0 255
    211 85 86 170 253 255 255 97 55 209 187 185 0 0 79 91 74 189 152 46
    112 95 26 53 224 12 0 140 8 169 100 5 121 0 26 255 13 17 173 143 27
    0 15 0 0 183 124 0 122 255 156 212 165 255 255 200 255 255 112 0 0
    145 180 223 0 255 68 0 0 122 175 181 106 96 0 208 102 43 255 97 21
    99 62 223 105 13 75 0 255 114 78 216 77 21 250 133 241 4 13 129 27
    13 75 92 151 160 150 0 162 113 0 208 0 42 160 129 255 249 221 227 0
    250 110 247 71 186 0 27 132 0 0 38 58 144 251 134 104 255 253 255
    239 0 253 48 255 168 255 255 201 195 44 62 255 0 0 0 231 157 0 93
    209 142 0 255 28 93 255 135 255 0 172 255 58 228 97 255 184 255 255
    0 165 226 221 0 59 255 151 75 189 144 230 252 255 0 234 23 199 255
    52 67 0 122 236 0 137 184 0 227 120 0 139 144 191 115 217 49 13 0 0
    16 0 25 0 25 169 220 156 0 0 132 150 45 8 87 222 226 240 55 71 0 48
    244 45 169 211 140 78 0 252 198 176 255 191 0 226 0 6 31 197 12 240
    0 141 22 255 36 0 132 0 209 168 62 73 44 255 151 72 98 121 255 239 0
    124 255 159 255 235 0 112 255 205 98 117 43 68 132 146 40 212 168 73
    255 193 208 255 255 67 255 72 77 0 209 0 247 245 0 0 255 0 139 148
    73 0 3 123 31 255 134 255 0 153 48 44 67 213 45 255 0 0 255 119 0 75
    255 164 250 136 139 240 255 0 255 39 45 242 192 136 26 0 255 138 0
    30 177 0 0 255 0 21 0 193 103 255 0 52 179 92 255 255 79 165 255 0
    155 36 179 0 213 255 239 0 255 251 131 224 34 231 186 0 81 208 192
    54 142 66 161 213 0 66 255 0 132 31 131 255 138 244 139 176 0 0 142
    32 255 255 96 225 33 204 107 164 30 216 108 255 93 1 86 156 252 72 0
    255 0 56 28 250 80 0 115 255 134 95 168 107 77 0 56 255 255 206 255
    0 255 84 132 7 223 97 128 255 0 133 22 209 130 82 64 189 255 0 255
    159 209 255 242 54 188 255 193 0 255 97 192 0 208 76 111 255 188 196
    114 242 255 142 41 0 183 0 214 133 167 0 0 250 0 255 235 70 9 255 66
    172 243 63 78 249 0 112 2 131 0 197 0 49 255 138 51 241 197 171 187
    255 160 255 255 0 61 255 124 0 6 255 255 190 255 94 247 126 255 0 0
    85 42 253 68 0 232 201 51 0 255 255 0 37 238 230 235 4 15 53 167 0
    171 0 255 157 67 255 131 171 129 112 0 161 255 0 134 246 0 8 36 37 0
    255 255 70 0 70 0 49 74 191 0 238 156 221 0 189 22 105 0 32 27 182
    228 0 66 0 83 51 0 183 20 255 27 32 0 142 170 6 255 152 0 255 56 255
    206 40 16 255 10 210 255 255 55 255 227 134 128 53 255 255 255 81 0
    133 0 255 5 226 130 10 177 74 101 255 0 227 0 255 25 255 86 255 255
    255 0 240 193 193 255 255 7 0 185 255 140 195 181 70 114 255 255 184
    0 255 0 217 12 37 20 242 255 255 5 255 146 124 125 113 191 255 206 3
    189 255 0 237 47 0 108 0 0 79 98 252 161 0 0 157 0 229 255 196 184
    186 22 40 160 255 27 40 29 120 16 201 0 0 25 0 180 255 0 215 222 0
    221 142 229 0 0 143 255 215 63 255 54 107 69 52 0 254 0 228 11 31
    255 82 243 118 32 219 0 181 159 19 0 63 249 0 0 255 213 249 255 255
    238 255 255 89 0 27 255 255 255 136 0 82 240 43 255 0 105 0 146 237
    0 0 229 108 255 221 90 230 100 254 145 255 255 40 62 0 201 0 21 212
    0 146 255 65 29 37 223 0 149 4 0 133 89 200 255 255 51 206 113 0 26
    199 16 255 255 0 197 255 0 255 8 0 23 85 41 78 97 93 55 90 202 180 4
    204 255 173 226 0 190 43 0 255 0 0 0 216 16 32 101 163 244 163 79
    255 250 0 146 119 255 48 197 65 227 40 246 0 0 172 0 0 14 149 255 65
    255 186 26 140 191 102 252 3 0 0 93 255 16 0 167 154 128 192 0 175
    207 0 17 102 0 0 0 86 0 255 119 104 255 255 159 255 221 238 108 255
    0 0 255 255 255 22 0 0 54 255 80 210 172 48 219 103 0 252 255 7 0 22
    0 231 30 136 84 255 90 255 102 255 45 111 255 150 243 139 231 207
    134 255 37 255 93 0 137 56 0 0 58 55 129 101 154 221 80 0 98 226 33
    104 148 142 0 0 206 255 195 180 167 170 0 238 0 116 171 255 255 197
    73 110 255 76 183 255 203 177 126 246 117 168 246 255 62 250 64 0
    255 195 191 67 0 73 198 255 136 200 255 255 231 255 200 216 164 197
    170 93 0 255 46 77 216 255 132 255 72 18 107 146 152 255 179 255 81
    139 171 214 99 255 255 81 255 225 5 160 0 255 255 7 205 255 166 91
    47 122 0 255 255 0 25 255 0 158 244 183 202 197 0 255 88 0 88 0 94
    53 119 255 148 224 102 255 51 0 234 255 202 0 149 40 0 176 255 255
    174 217 255 0 12 148 78 70 0 33 255 119 255 255 238 142 255 255 0 0
    178 0 90 0 36 0 16 41 0 109 47 219 220 255 9 239 233 0 91 90 0 109
    68 255 204 232 0 0 77 0 87 195 78 226 200 0 42 30 251 136 28 255 255
    132 63 60 0 0 152 171 0 127 54 99 0 73 204 78 0 214 0 113 81 0 251
    25 36 236 0 0 98 130 39 107 237 255 55 0 0 0 163 244 0 209 255 115
    207 226 37 0 90 188 95 255 255 164 22 12 195 214 23 0 243 255 255
    255 0 192 132 1 105 255 0 213 156 211 45 0 139 255 157 245 233 84 0
    255 255 0 105 32 234 255 0 0 236 255 100 64 174 42 150 56 255 255
    218 7 168 0 255 208 255 219 92 214 30 174 255 98 229 126 146 0 220 9
    90 216 15 255 120 233 255 255 240 81 0 137 0 54 255 80 150 255 255
    165 189 0 52 115 255 255 118 125 0 151 158 131 148 254 167 0 30 245
    0 153 59 255 122 0 255 255 255 255 132 180 65 0 94 81 86 69 0 144
    255 44 250 255 145 81 0 185 255 239 171 47 193 20 90 54 18 0 255 24
    44 133 214 255 255 144 72 73 20 23 255 48 116 0 188 255 255 55 0 255
    224 93 0 197 129 82 205 159 247 255 0 77 24 151 205 97 196 0 216 0 0
    255 255 166 43 223 0 164 0 255 255 10 234 145 124 0 250 119 0 0 111
    160 255 225 104 188 0 0 115 70 133 170 91 151 86 0 255 255 255 82
    162 74 167 4 0 83 254 134 0 100 0 0 96 255 197 255 255 255 0 255 0
    91 255 113 138 22 255 255 0 255 255 255 76 255 255 255 255 209 199
    189 0 197 255 255 0 87 255 103 0 183 125 255 255 243 0 255 118 4 236
    117 255 61 255 115 200 255 14 94 255 0 200 133 0 224 243 255 0 235
    255 0 255 121 169 46 0 255 14 124 255 199 169 246 27 255 160 36 66
    177 219 0 255 125 59 255 82 101 255 0 255 255 255 109 243 147 255 0
    198 0 251 0 175 91 164 197 255 118 160 173 255 154 172 255 0 43 0
    249 0 183 114 148 87 73 0 99 255 134 119 255 0 243 149 103 197 244
    255 216 211 255 132 81 134 108 0 0 255 0 0 219 122 255 55 255 255 0
    50 255 98 0 214 48 187 0 118 255 165 125 44 95 255 89 61 255 184 0 0
    101 37 255 56 110 255 25 127 0 79 158 0 186 233 10 63 10 225 240 206
    87 249 0 182 160 12 94 255 255 255 207 0 255 60 187 189 203 248 0
    216 0 0 85 137 48 154 14 169 233 251 176 143 0 92 0 158 210 151 255
    255 21 143 60 249 225 0 255 123 175 0 33 0 50 79 255 187 205 118 255
    1 54 0 194 40 205 255 0 24 0 73 84 0 87 91 221 62 175 25 0 202 255 0
    255 255 178 255 246 192 13 0 123 188 42 142 125 236 132 0 104 251 70
    221 64 136 49 0 116 41 213 0 255 21 255 255 40 0 255 0 254 255 255
    51 255 155 255 140 255 211 0 255 188 0 120 255 172 232 0 250 255 255
    121 0 255 51 81 106 157 179 0 80 220 0 79 239 223 255 44 137 124 255
    104 181 222 0 199 0 255 15 50 238 255 168 88 142 195 225 179 240 0
    255 255 11 0 67 203 0 13 255 127 116 164 58 127 0 0 110 0 0 254 255
    197 156 53 255 0 0 95 82 255 231 147 186 215 216 203 72 0 255 90 38
    90 181 31 123 255 255 255 109 0 0 88 0 255 255 163 198 255 118 0 255
    240 255 255 0 255 189 70 221 115 228 210 0 179 117 234 217 0 0 129 0
    255 0 85 154 255 48 255 138 200 193 20 255 42 161 33 232 129 165 143
    149 255 0 235 166 0 42 248 204 226 69 207 178 203 255 232 6 0 119
    255 232 33 95 75 236 173 9 56 123 190 0 142 71 128 114 133 13 187
    153 109 0 0 221 255 255 9 3 145 53 97 220 119 73 218 114 0 255 93 0
    188 215 5 169 48 51 138 0 151 255 167 129 122 0 255 131 14 0 203 55
    242 0 192 45 255 23 255 0 100 183 0 13 255 205 37 52 120 221 255 197
    178 50 217 12 255 76 198 0 255 255 18 100 87 83 0 166 180 228 77 2
    81 77 255 255 121 181 129 19 70 139 0 0 76 255 0 65 0 98 241 0 80 63
    52 200 255 61 215 223 200 0 211 119 91 180 228 0 5 0 200 255 225 0
    75 236 173 0 157 0 11 236 115 163 146 255 255 114 69 106 255 220 77
    0 255 0 103 255 0 255 0 0 109 254 0 0 189 166 0 241 255 255 160 0 0
    116 0 0 122 246 205 241 48 99 103 141 0 189 9 0 180 237 155 255 36 0
    179 81 255 0 223 156 255 52 48 202 22 58 86 68 0 48 255 127 0 79 255
    0 175 1 116 21 64 177 0 181 57 255 115 255 195 0 32 255 23 53 241
    121 255 255 255 189 6 155 54 244 27 45 110 255 0 138 229 23 113 255
    98 255 134 57 255 0 0 65 255 73 87 198 0 134 149 64 0 110 216 152
    212 255 255 116 255 43 139 173 95 255 158 255 222 55 107 79 7 255
    255 247 0 237 112 123 0 26 249 80 107 17 0 255 0 94 235 0 172 233 0
    221 0 136 0 129 136 255 7 237 236 184 226 208 114 90 0 0 0 104 255
    128 78 255 22 202 234 0 0 135 238 255 0 0 245 9 217 29 97 21 203 255
    0 255 186 0 119 207 49 189 0 255 255 19 255 255 31 10 195 116 255
    255 4 162 61 56 255 27 91 13 255 255 204 255 90 226 71 209 222 255
    131 45 86 32 6 45 185 204 13 114 255 255 255 0 27 86 230 55 0 184
    245 25 255 55 141 255 118 201 113 55 255 146 237 255 0 0 46 106 0
    255 0 184 199 229 95 0 46 32 43 56 224 255 215 255 55 255 121 201
    145 0 200 42 255 179 158 104 58 152 28 255 141 0 160 230 0 0 0 108
    157 255 255 19 255 248 209 167 255 146 48 0 0 223 0 0 128 246 166 93
    255 81 255 255 0 255 255 0 139 242 225 147 0 236 255 231 255 165 143
    243 39 0 0 137 213 255 163 116 104 205 167 255 48 0 30 143 0 57 53 0
    136 224 26 0 255 199 255 134 224 255 0 159 92 89 146 114 255 24 221
    180 126 76 157 63 67 30 255 142 0 167 217 110 252 22 0 20 237 255 44
    81 0 12 239 0 191 79 101 255 215 131 99 255 131 33 193 136 0 65 0 95
    82 185 220 0 135 71 192 23 255 0 29 65 63 0 255 103 255 251 116 127
    0 255 9 0 0 150 210 225 67 191 228 69 255 155 0 255 225 89 53 95 24
    0 7 0 88 191 63 17 32 23 1 44 192 39 1 117 104 41 234 0 0 13 255 213
    169 0 105 0 255 203 110 255 46 154 228 149 255 0 174 245 68 0 0 244
    249 121 255 0 40 160 137 255 212 85 231 234 9 245 53 212 0 30 138
    109 200 125 218 227 149 209 142 0 224 58 159 166 0 96 255 110 255
    108 255 28 217 36 58 131 0 132 255 0 200 255 232 0 0 97 0 182 179 0
    0 19 159 222 104 0 255 49 99 23 194 140 255 73 165 117 146 255 0 125
    136 147 255 18 150 255 20 23 250 150 0 120 10 245 255 255 255 255
    154 123 255 0 192 149 145 0 0 3 0 0 217 158 235 99 155 250 110 45
    217 115 255 0 233 17 107 0 22 255 255 236 119 255 158 255 30 0 224
    57 0 255 225 0 105 255 120 162 255 255 255 123 141 255 212 121 218
    255 73 0 255 255 206 0 123 255 29 0 47 45 255 127 180 255 225 0 255
    3 106 0 87 255 0 255 255 149 255 210 0 181 156 25 140 255 255 0 255
    235 103 50 95 255 106 0 0 144 189 67 0 51 255 59 237 34 117 255 18
    143 79 255 89 67 101 255 165 0 233 0 0 120 11 92 107 43 0 69 161 22
    0 255 56 0 187 168 0 255 9 0 63 35 10 255 49 255 54 46 0 195 168 111
    0 136 219 178 92 0 82 255 139 7 165 0 173 208 255 255 155 85 15 255
    235 0 255 79 0 7 255 255 255 255 117 0 255 180 111 29 237 255 255 12
    255 140 200 0 170 145 208 34 44 80 162 0 222 195 159 0 227 191 255
    100 75 18 255 243 39 63 0 43 83 105 255 0 0 255 255 0 160 0 16 92
    205 81 255 127 177 146 46 89 27 255 0 148 107 150 0 0 169 49 255 190
    0 122 113 138 255 0 89 39 38 0 27 188 191 0 255 117 0 10 96 74 0 0
    193 14 69 146 255 220 98 109 13 255 27 164 180 255 255 255 64 174
    243 37 0 188 217 145 186 255 6 255 73 255 172 135 63 218 153 0 129
    224 0 4 14 209 7 203 231 255 188 84 205 39 173 217 1 234 255 255 0
    250 255 255 255 0 255 144 197 255 195 8 35 255 0 61 141 226 156 255
    0 255 255 38 255 0 40 255 56 58 108 0 250 255 170 255 229 255 255
    255 0 243 0 30 129 0 246 0 255 55 58 113 132 96 255 20 0 208 164 0
    37 254 52 100 255 221 50 128 103 75 34 173 233 0 255 255 255 222 40
    0 0 45 171 60 222 37 224 44 0 255 219 45 0 71 0 201 0 222 205 158
    255 0 248 255 217 40 251 100 164 255 146 0 112 132 0 115 96 186 0
    100 172 136 255 255 255 243 236 255 174 0 4 69 178 188 198 255 0 161
    192 0 74 234 109 86 0 0 183 255 0 255 0 136 255 0 0 0 220 236 115 0
    255 222 0 166 17 0 217 243 37 21 71 90 243 66 235 255 87 68 255 0 0
    255 0 8 255 255 61 255 195 0 255 243 77 116 194 255 0 0 255 50 1 255
    49 66 0 71 0 58 190 52 0 0 217 0 148 117 255 115 7 167 151 0 252 255
    78 255 34 28 255 0 244 32 133 99 170 56 75 16 0 0 82 218 135 0 56
    111 148 0 255 139 116 79 168 243 55 167 89 151 212 0 57 255 3 255 59
    99 174 81 255 0 202 242 14 190 0 255 180 127 160 255 255 26 42 239
    251 0 0 215 210 145 255 255 145 118 1 255 211 255 255 255 0 0 255 80
    255 141 30 0 80 88 171 0 149 165 236 158 217 255 40 0 91 0 255 117
    255 53 196 0 255 72 83 0 173 104 255 0 197 199 0 255 255 45 0 0 58
    70 0 255 255 255 137 229 255 255 255 0 88 198 0 87 0 43 232 171 228
    251 255 113 89 246 71 0 255 255 177 20 149 62 255 191 113 49 255 170
    255 203 0 70 42 85 255 13 94 0 255 0 72 255 6 255 255 207 50 255 171
    178 67 33 21 215 83 164 13 192 166 123 0 194 32 237 183 60 166 213
    106 161 226 76 22 255 143 214 0 213 100 255 8 111 79 0 37 230 163 0
    22 255 255 0 170 160 255 138 226 255 224 212 255 45 33 44 235 113
    255 174 143 0 0 255 0 132 255 255 26 0 212 63 114 173 0 220 112 147
    75 22 57 45 198 0 0 194 48 0 164 48 185 111 0 255 235 201 73 146 255
    255 53 0 80 255 0 0 0 125 105 0 255 207 255 237 178 255 0 194 214
    255 255 28 50 204 2 49 0 107 244 189 255 151 0 232 255 84 80 255 0
    45 53 35 173 118 255 210 91 110 179 48 255 255 98 124 181 134 141
    255 158 248 255 141 2 56 173 121 143 56 63 71 17 88 255 223 208 194
    0 184 244 255 120 20 0 63 221 255 236 151 255 255 107 123 177 222
    255 192 154 243 255 21 0 130 50 0 34 0 0 109 81 83 127 237 235 0 246
    57 160 15 0 81 0 90 255 128 128 248 255 74 175 114 245 138 187 209
    168 229 187 220 134 170 45 190 255 255 164 115 213 226 221 58 0 246
    35 25 255 0 84 255 0 101 0 0 255 0 0 110 4 255 57 35 71 255 75 56 54
    18 0 0 0 49 103 179 255 255 255 134 255 242 180 78 0 255 0 255 61 0
    51 243 207 0 152 81 101 108 255 6 255 0 0 78 14 255 255 255 242 37
    214 209 220 255 92 27 255 163 171 34 0 255 255 255 255 43 5 163 0
    216 125 31 178 176 0 181 190 3 255 255 255 45 0 91 0 97 255 255 98
    169 221 255 219 159 191 254 0 234 214 255 0 62 0 203 255 248 98 0 43
    255 167 255 255 37 107 172 255 255 255 63 255 59 14 24 0 0 0 0 0 221
    0 0 176 56 8 196 165 85 255 249 48 255 255 46 93 236 77 57 117 0 255
    151 255 114 33 17 97 49 0 255 0 18 88 255 37 87 0 255 181 0 255 69
    130 101 89 255 166 255 255 152 255 255 255 160 11 31 57 62 47 94 255
    0 0 0 255 98 178 255 255 255 35 97 220 185 255 115 255 0 221 78 0 0
    121 85 41 0 221 0 214 195 108 36 255 255 255 99 79 0 28 77 255 67
    129 255 255 2 160 211 45 0 255 255 70 255 157 0 196 255 154 255 68
    238 94 199 255 235 24 255 255 155 255 247 0 0 0 18 225 100 0 191 196
    142 0 0 0 156 0 150 0 69 98 78 120 0 255 69 183 255 255 38 204 255
    136 33 0 0 255 69 180 226 109 213 127 193 255 0 31 49 246 219 108
    255 128 0 175 255 0 0 255 255 255 255 97 0 145 0 255 176 0 1 145 0
    255 171 21 255 119 42 255 208 0 152 190 79 28 255 243 255 0 21 255
    215 255 247 255 255 240 104 38 166 100 0 41 0 137 168 220 0 0 0 72
    70 30 255 235 251 0 0 255 219 161 175 104 38 0 18 199 255 131 227 0
    0 255 255 0 255 253 255 71 40 254 28 236 110 89 139 255 255 109 160
    49 22 0 115 118 0 20 255 0 11 117 231 28 53 32 61 255 209 0 6 255 13
    188 255 0 217 104 110 255 255 131 140 0 0 124 0 96 2 0 97 191 13 49
    19 210 161 114 0 187 238 0 125 84 219 255 211 0 255 0 185 134 255
    205 255 219 255 159 49 10 255 12 255 46 132 148 0 191 255 255 14 255
    157 171 70 197 255 0 255 0 173 214 89 224 0 50 80 161 0 174 0 204
    255 0 230 3 91 255 87 231 255 0 126 109 1 103 238 62 180 96 255 0 91
    46 216 255 80 232 255 151 255 54 177 252 139 0 223 160 75 255 231 1
    110 255 61 255 170 98 135 97 202 96 255 74 0 0 255 255 0 255 226 0
    73 0 0 0 160 41 0 253 241 98 0 229 31 58 139 17 0 0 109 24 0 255 105
    180 77 185 255 153 235 255 255 7 53 255 0 198 125 65 249 0 10 0 0 4
    13 198 0 255 252 48 179 189 158 112 255 255 38 255 128 248 0 144 88
    0 235 242 170 9 255 255 255 10 0 161 255 251 0 67 255 0 15 205 0 255
    131 129 255 245 3 27 139 239 0 141 255 0 0 0 255 76 110 215 255 194
    219 255 140 169 10 131 99 156 28 255 255 184 185 46 255 255 0 255
    215 53 255 255 255 255 255 98 0 0 0 0 0 0 9 108 193 246 255 255 96
    77 187 6 205 0 0 146 0 133 254 126 255 72 255 146 255 60 88 157 0
    152 51 153 0 89 227 0 106 31 39 165 212 171 147 185 137 0 44 118 79
    255 249 0 49 255 0 176 84 255 162 90 128 255 191 137 228 74 255 255
    255 255 0 174 255 255 13 219 122 255 220 243 255 155 10 179 255 93 0
    0 52 255 0 202 238 124 70 0 0 170 0 144 255 255 26 255 49 86 255 210
    129 228 176 24 162 98 255 0 0 255 56 88 171 0 255 0 63 0 200 108 33
    0 148 167 0 0 0 0 255 191 255 78 203 148 171 22 142 51 22 126 255 0
    255 7 212 255 76 38 236 75 58 0 236 0 152 237 255 49 255 227 255 84
    121 119 0 148 47 0 0 105 29 156 255 118 44 105 255 255 160 0 214 177
    255 49 101 0 223 0 0 199 255 0 0 158 13 155 242 217 249 75 0 177 0
    255 76 255 0 75 249 0 60 120 132 255 19 213 6 107 104 175 2 0 255
    165 0 82 65 4 220 173 72 112 238 0 140 113 122 255 255 9 9 208 144
    34 251 174 187 182 22 185 0 6 77 255 0 111 56 43 255 0 61 201 25 71
    255 115 0 124 255 255 143 0 0 224 0 255 177 255 255 0 146 0 83 0 0 0
    79 36 0 255 242 255 62 142 158 238 166 228 248 158 111 0 0 167 215
    253 10 0 31 255 255 255 237 255 98 0 0 0 230 255 182 209 153 4 0 101
    57 200 198 184 109 0 85 0 86 227 43 9 174 255 13 255 123 179 0 130
    255 0 215 11 255 9 166 147 251 120 228 62 255 0 0 48 0 159 163 255
    57 172 255 56 132 27 0 0 64 131 216 110 0 56 0 255 255 41 194 130
    255 230 100 255 205 143 255 6 170 0 68 255 0 14 50 0 128 23 255 0
    102 248 247 0 148 93 109 82 10 0 213 0 255 20 255 255 255 95 117 30
    255 0 15 255 0 254 255 113 199 225 118 59 14 0 21 146 255 0 212 144
    190 255 255 255 0 153 255 206 111 255 255 41 27 0 17 191 255 180 198
    0 0 0 162 255 0 255 191 181 143 255 131 147 138 0 64 255 60 64 0 255
    231 0 255 174 0 0 0 255 91 0 189 220 255 220 255 82 112 0 255 238 0
    102 0 0 0 255 140 88 0 201 70 255 117 21 198 91 33 209 108 0 0 0 255
    255 78 115 255 11 126 229 144 147 238 255 5 140 25 95 54 24 127 36
    64 255 39 173 255 135 0 255 0 255 255 0 132 117 0 170 223 0 58 0 174
    213 77 255 0 255 137 143 120 0 255 0 26 185 250 206 239 80 145 255
    69 43 0 0 255 222 0 218 20 80 91 162 229 255 118 223 119 22 200 255
    255 133 233 0 10 88 115 30 19 94 70 131 139 215 0 102 90 106 67 255
    0 255 181 255 255 159 63 105 0 214 255 142 36 189 255 116 146 255
    255 255 0 0 214 255 253 239 71 194 249 255 255 63 181 255 40 144 255
    183 186 113 255 0 53 123 0 185 172 43 221 6 210 0 0 30 255 79 0 23 0
    255 56 55 251 35 19 255 36 255 146 255 255 0 55 157 0 162 106 177
    255 211 118 97 58 200 130 0 0 255 20 0 250 37 174 255 87 8 207 141 0
    0 212 124 0 74 177 0 20 122 0 255 0 255 236 132 0 0 88 147 25 96 29
    0 145 255 173 100 161 188 21 131 255 255 221 0 255 26 0 121 43 41
    194 60 107 0 31 255 255 0 0 190 154 0 251 78 255 0 0 242 255 10 232
    255 0 191 201 0 255 0 6 28 0 188 65 0 222 0 255 247 255 255 255 255
    0 59 248 75 190 71 58 255 0 0 105 0 0 255 209 20 63 182 0 255 20 126
    255 112 0 255 255 255 255 255 191 157 255 44 255 255 0 0 255 21 6 26
    205 255 0 255 255 231 227 0 214 0 255 17 8 107 161 44 255 224 153
    255 0 0 83 81 0 191 247 216 255 228 229 0 202 255 56 52 120 255 207
    203 222 0 61 175 31 0 255 63 35 0 255 12 74 255 0 187 212 0 0 110
    213 0 0 232 255 0 249 255 0 229 217 0 255 47 31 207 222 255 85 0 0
    255 255 0 120 0 255 255 47 208 85 0 177 211 0 120 178 240 71 0 126
    255 0 157 0 0 9 141 75 187 0 168 174 252 0 117 60 62 125 137 235 16
    255 154 251 183 0 224 195 85 255 0 101 77 10 255 203 0 119 31 0 238
    0 255 171 181 150 219 137 68 255 0 56 23 255 48 255 135 255 233 238
    30 0 113 255 107 0 63 55 0 255 132 121 168 0 58 7 193 0 235 183 5
    156 30 30 124 48 255 0 102 183 13 36 0 186 11 255 135 20 63 102 90
    74 230 52 27 154 93 93 143 86 0 0 255 5 0 10 0 51 158 194 255 76 255
    203 0 110 112 175 0 255 255 0 225 208 97 15 0 0 0 176 118 9 255 232
    255 70 0 255 142 68 120 137 43 240 11 7 255 100 241 82 214 240 120
    195 23 20 0 89 203 255 244 124 0 222 211 0 255 255 150 255 0 255 187
    105 17 251 255 206 60 168 255 191 213 255 167 220 91 255 106 246 235
    246 59 130 255 161 0 135 41 117 150 245 255 125 130 254 168 53 255
    170 150 142 38 125 180 64 0 0 78 0 143 255 125 85 0 0 255 48 132 219
    0 72 168 104 15 255 255 105 0 255 255 117 255 180 0 255 71 181 231 0
    255 0 8 255 185 0 232 255 0 255 195 255 164 161 157 10 71 37 33 245
    197 222 112 237 164 0 74 90 0 44 22 126 15 222 0 19 46 62 148 187 47
    255 29 255 75 0 170 0 241 0 186 189 0 110 113 174 191 86 255 224 136
    141 240 213 222 0 224 5 46 0 72 99 0 255 0 78 50 182 255 100 29 255
    49 42 255 162 21 23 91 158 73 224 237 255 41 255 186 175 78 205 201
    0 0 0 143 151 255 128 255 55 0 0 156 160 255 0 255 255 255 255 171
    134 90 9 105 131 7 123 191 0 175 83 0 192 247 255 255 82 191 154 216
    0 142 255 0 255 136 139 236 131 176 255 16 4 0 195 98 255 0 163 149
    179 215 255 255 0 255 221 0 0 110 255 239 94 76 58 207 62 121 7 255
    0 0 126 44 255 86 57 150 0 103 105 255 229 0 255 252 175 74 255 170
    255 221 24 59 110 117 68 88 247 11 255 199 0 255 162 6 124 255 255 0
    87 172 255 255 255 255 0 255 255 255 255 0 0 174 38 80 191 255 247
    218 64 89 255 180 24 125 95 176 225 0 76 221 0 186 0 0 46 0 255 255
    0 97 22 108 106 58 73 0 255 103 0 255 126 255 255 148 207 255 44 18
    164 192 96 255 255 0 0 245 104 247 255 216 0 255 49 0 230 108 142 0
    84 0 114 0 54 255 113 0 99 168 46 142 130 35 66 160 215 221 140 181
    171 180 255 0 221 152 139 58 233 0 10 230 0 255 0 140 255 130 154
    111 140 21 126 93 36 142 0 236 255 0 0 196 229 0 43 255 0 221 210 32
    14 0 47 175 0 132 167 210 0 155 106 255 34 16 0 8 255 0 255 172 0 0
    3 0 38 43 0 234 68 16 169 0 129 43 173 104 0 255 255 0 26 74 255 2
    114 65 237 27 159 0 69 132 27 255 140 63 226 74 125 188 165 113 56
    146 0 255 154 137 181 26 255 236 229 207 0 176 255 0 156 0 173 185
    175 36 255 253 104 76 255 0 28 100 255 243 215 70 95 128 0 255 255 0
    55 250 192 212 67 125 243 255 241 0 188 190 0 88 0 0 255 100 110 255
    179 255 76 228 249 255 255 117 75 213 255 179 29 22 255 61 0 240 241
    136 0 253 92 245 0 255 131 255 31 0 237 165 255 46 178 176 198 58
    110 0 0 0 0 92 128 168 154 152 206 76 255 47 11 255 229 119 166 255
    250 0 81 227 18 10 53 128 69 10 80 255 124 25 89 0 36 97 254 0 206
    198 0 216 73 255 0 240 75 255 255 120 217 212 164 245 144 0 73 0 90
    60 241 89 255 230 200 239 0 80 232 104 97 100 23 0 255 0 162 255 181
    255 21 255 255 23 57 254 255 0 45 38 255 251 57 255 255 111 67 22
    150 10 1 0 0 115 0 205 1 0 223 255 57 0 151 0 255 196 95 63 70 52 50
    235 26 0 255 40 169 172 255 105 232 255 21 83 7 211 255 143 0 112 21
    22 129 73 255 98 255 0 52 255 0 52 52 149 186 255 255 236 213 217 0
    0 141 106 142 4 37 178 61 250 188 0 0 125 19 186 0 255 255 114 133
    94 88 255 183 130 135 112 216 0 112 0 125 185 0 61 255 153 103 0 255
    159 0 36 173 161 50 0 255 197 105 135 247 83 253 187 233 255 236 0
    142 127 86 245 255 203 255 193 7 175 240 255 255 255 46 0 116 72 141
    13 98 0 183 123 145 16 156 0 0 8 200 76 32 228 11 176 229 87 0 0 60
    255 0 218 176 111 55 255 0 125 0 0 0 188 168 167 144 255 24 105 21
    31 163 219 64 26 182 58 171 0 28 0 0 161 0 117 71 0 39 0 0 72 184 31
    4 239 255 255 255 255 32 8 86 110 185 76 115 0 82 193 138 88 244 207
    140 0 0 187 0 78 0 93 160 0 255 0 122 16 169 0 19 193 150 102 255 80
    0 188 219 0 26 255 0 0 37 162 122 255 250 238 46 159 249 196 20 0
    166 255 94 145 0 82 0 204 255 248 255 255 81 0 255 209 27 229 0 102
    0 113 31 112 140 179 171 31 0 147 27 0 0 198 60 255 255 0 138 255 45
    0 0 162 255 139 0 111 184 69 20 0 233 238 60 76 255 63 109 255 17 21
    118 255 0 255 227 255 178 14 255 255 147 83 13 193 165 41 89 255 255
    0 255 214 112 0 93 123 207 208 255 255 0 69 255 182 208 164 240 110
    105 196 200 175 191 0 0 27 0 0 0 168 48 90 255 223 0 16 255 56 0 5
    123 92 163 19 255 255 255 255 0 5 125 91 168 13 175 37 20 255 84 225
    223 213 250 255 0 0 255 178 0 0 54 255 250 24 179 255 255 246 255
    255 255 168 43 0 150 204 206 222 233 158 255 50 192 255 0 0 255 255
    0 127 255 238 19 255 225 233 13 0 36 210 255 107 255 0 69 13 0 255 0
    78 0 255 92 190 196 255 51 136 222 80 0 0 0 27 238 144 0 255 245 46
    123 69 255 255 232 255 137 0 246 64 255 89 0 85 184 0 0 255 58 0 78
    117 146 195 0 4 79 245 98 71 125 255 111 69 50 195 255 137 31 105 41
    0 132 200 219 51 255 182 214 74 223 183 53 0 183 213 194 0 14 255 0
    0 54 33 0 165 95 186 39 14 186 255 255 0 113 39 209 0 146 92 0 3 255
    0 255 229 6 1 114 41 103 200 231 108 255 62 255 91 137 255 200 255 0
    161 79 166 0 255 245 0 255 255 232 255 132 158 255 131 223 62 86 45
    40 64 132 94 0 191 144 55 199 109 134 0 0 8 76 255 24 17 231 226 235
    209 78 245 115 231 189 99 49 65 125 154 255 179 0 169 255 0 41 255
    255 0 41 255 145 255 31 0 255 221 195 255 1 133 0 172 77 255 129 1
    130 125 149 0 255 0 95 0 104 251 0 150 0 144 0 115 234 154 255 70
    153 197 236 0 239 235 0 0 255 156 251 50 255 23 0 135 197 191 255 21
    21 0 177 0 59 133 134 73 188 0 112 50 146 248 58 216 255 0 83 230 0
    248 55 171 239 255 198 166 255 34 21 75 0 48 0 0 130 120 147 193 34
    169 0 0 255 0 120 83 46 238 127 91 255 245 9 33 210 81 0 85 189 35
    74 195 255 203 255 255 255 133 252 255 0 207 182 0 64 199 245 164
    103 159 52 175 43 176 152 202 0 127 10 0 33 255 11 185 49 44 255 181
    0 0 201 127 233 92 255 69 98 103 31 248 0 10 0 2 23 0 21 1 20 103 0
    190 63 0 23 7 111 126 0 107 64 165 255 213 0 232 60 0 0 255 215 172
    255 194 0 255 122 196 177 115 0 255 137 0 12 108 220 0 255 155 40
    192 255 6 255 194 197 255 208 0 0 0 82 48 255 34 44 184 63 246 207
    196 253 255 255 106 180 119 255 111 255 0 244 235 104 141 0 49 123 0
    211 150 0 128 16 105 216 47 235 0 255 25 12 89 232 213 0 70 68 3 197
    179 0 0 78 234 10 192 96 68 0 168 164 244 225 232 255 0 255 212 9
    255 255 62 234 45 255 0 0 255 134 240 0 0 5 183 158 214 225 246 255
    0 179 255 155 0 0 155 106 166 255 230 170 0 192 143 129 71 81 255
    100 162 255 93 255 255 132 0 255 169 218 0 0 255 152 0 222 179 221
    255 218 184 25 166 236 218 128 0 62 255 102 65 255 0 37 158 215 125
    138 235 63 30 32 255 255 255 249 91 112 107 32 87 255 58 169 0 12
    113 188 255 0 31 99 0 28 130 130 255 28 255 30 137 214 87 255 104 47
    255 131 0 34 200 237 0 0 210 97 0 185 0 252 199 233 255 188 166 205
    0 0 0 199 0 255 210 60 0 139 13 0 255 166 74 10 15 143 0 0 43 67 0
    223 255 146 0 83 237 179 211 0 180 0 217 0 210 0 0 44 0 36 165 18
    112 0 161 192 252 128 255 220 221 0 255 12 255 255 11 110 137 147 0
    1 0 255 255 228 168 0 30 153 16 255 47 0 255 255 255 253 5 0 31 240
    85 181 0 27 19 183 91 0 188 236 70 255 0 255 82 78 63 100 35 71 1 23
    77 219 14 0 230 0 0 255 0 240 252 214 255 255 165 255 0 195 255 252
    163 0 0 255 255 79 0 0 248 0 0 235 34 255 2 0 146 0 47 255 255 225
    167 6 62 255 114 92 255 156 58 0 0 68 70 0 133 65 0 130 241 114 255
    35 0 160 26 96 0 0 234 228 51 255 0 191 255 95 153 255 255 107 24 0
    193 26 255 211 167 69 155 255 255 9 0 199 223 79 0 229 255 104 102
    255 94 87 207 121 247 196 18 68 189 17 205 255 58 255 154 149 200
    255 255 129 240 255 97 124 65 40 238 56 209 140 110 255 204 0 255
    255 0 0 0 122 255 89 255 151 66 157 48 228 51 0 181 104 5 169 0 255
    0 255 255 76 40 250 141 141 149 226 182 60 0 255 0 0 255 31 165 156
    63 1 120 32 66 12 0 89 126 165 245 255 0 0 221 79 255 3 255 72 255
    206 226 0 0 0 0 91 248 255 16 255 0 255 236 54 221 99 238 64 49 107
    51 255 16 74 0 229 213 34 50 242 10 251 0 4 224 191 35 78 123 255
    255 206 140 237 255 213 17 0 112 171 0 21 50 0 204 0 9 196 246 159 0
    19 0 24 201 0 212 141 212 0 255 197 0 255 0 0 0 126 246 101 0 255
    120 43 106 255 154 161 11 147 228 139 255 62 1 19 0 55 227 235 0 214
    175 42 230 104 165 100 0 62 156 25 99 255 77 0 128 167 213 0 183 21
    127 231 255 0 255 0 255 207 0 166 29 0 161 0 143 111 255 88 255 48
    200 255 50 0 27 255 107 7 255 255 103 0 16 0 45 130 128 0 201 0 77
    121 0 0 182 255 140 4 187 211 6 203 255 174 237 28 174 65 0 149 17
    105 163 255 0 215 255 255 189 167 105 255 244 99 255 185 40 29 0 255
    185 138 0 148 0 246 63 129 143 251 237 101 255 255 147 4 71 0 0 167
    211 50 150 160 153 67 0 231 0 124 0 99 255 0 41 251 0 211 82 114 0
    110 142 36 255 255 0 169 255 2 255 0 5 182 13 56 65 255 0 222 196 0
    0 238 255 0 0 106 24 241 162 27 39 0 33 159 253 0 186 157 164 32 0 0
    166 0 210 107 255 153 0 255 0 0 75 95 28 183 0 175 249 58 130 0 8 74
    0 255 51 186 166 245 250 229 0 212 255 139 45 0 255 128 255 65 0 161
    143 255 12 0 255 58 255 255 0 255 214 116 92 122 46 210 105 42 0 49
    255 157 186 255 27 18 0 254 26 42 106 95 255 230 213 0 0 216 155 255
    195 114 125 255 255 255 145 80 226 255 8 179 203 203 160 255 255 40
    255 255 53 113 106 225 190 255 255 255 88 69 255 251 0 191 0 0 68 82
    0 225 255 255 127 11 0 255 66 235 21 0 133 45 206 158 0 226 118 217
    181 0 255 0 162 255 255 255 0 130 0 0 78 24 121 0 204 141 94 0 185
    39 249 255 24 255 0 193 116 255 213 0 205 177 255 52 255 51 0 0 255
    123 184 90 151 255 128 81 0 193 0 116 54 40 25 2 0 135 14 90 255 185
    216 231 159 0 44 148 209 22 255 153 191 216 64 0 0 255 0 0 0 228 255
    0 189 0 0 93 255 0 255 73 0 255 10 201 255 0 20 0 255 90 0 24 0 139
    175 0 187 45 16 93 33 51 255 0 163 0 255 90 50 170 0 94 255 27 5 225
    255 255 0 53 255 0 0 148 255 40 159 255 0 181 9 89 242 15 140 0 132
    41 0 18 128 113 127 76 171 255 255 83 164 50 58 47 0 218 151 252 57
    202 221 255 255 0 213 32 0 255 255 0 255 95 104 255 0 60 255 0 255
    255 250 155 28 186 0 0 49 249 255 237 0 89 86 44 27 255 0 39 145 17
    197 255 34 187 123 158 0 134 18 123 255 226 0 222 112 8 181 255 0 87
    199 30 251 180 0 246 0 61 24 0 255 255 111 119 252 4 170 255 205 59
    167 0 131 51 255 0 255 255 255 120 0 0 55 4 6 126 34 138 47 50 98 68
    229 0 136 216 167 166 186 89 6 0 209 0 137 56 102 156 0 20 0 101 192
    83 255 255 174 9 0 255 255 7 0 0 255 0 0 255 90 89 9 50 46 90 0 199
    7 185 75 229 0 255 64 185 255 160 105 255 198 0 25 24 101 255 130
    100 255 0 0 108 0 106 0 0 86 43 216 103 11 194 0 255 220 255 122 28
    255 233 45 255 96 30 65 32 255 84 255 255 255 94 0 255 192 212 0 159
    102 0 66 255 66 33 99 168 127 21 255 229 53 255 0 99 238 0 255 0 54
    255 0 0 55 0 181 255 249 255 191 4 255 0 197 188 160 246 255 2 255
    255 18 255 180 119 85 255 0 3 0 185 49 217 0 36 41 0 253 95 0 0 55
    54 255 129 0 255 104 151 3 7 119 73 249 255 223 227 35 199 60 84 0
    82 255 190 255 0 44 0 232 30 20 255 255 140 148 255 123 78 186 255
    223 0 95 255 255 9 196 0 0 234 73 180 35 223 216 15 160 108 0 115
    255 0 27 170 0 121 112 0 51 204 30 62 53 211 255 0 241 0 93 106 195
    255 43 19 229 181 18 255 34 230 255 255 0 202 255 0 0 39 183 239 201
    163 0 151 247 216 245 242 0 255 0 0 153 208 94 232 62 23 255 133 0
    255 140 154 12 206 52 255 92 0 17 243 4 255 134 0 147 164 68 197 154
    195 255 255 26 62 255 246 225 128 0 227 18 0 170 255 255 0 247 131 0
    110 255 0 130 255 0 255 134 218 76 255 112 0 255 255 0 0 118 204 7
    213 185 95 94 8 168 0 22 18 61 255 74 78 157 67 3 53 0 255 255 255
    39 64 0 134 60 255 59 182 117 221 0 36 0 255 173 0 123 255 53 157
    134 224 52 217 207 255 255 194 37 116 183 135 46 0 0 4 0 160 168 42
    204 58 0 79 225 0 117 28 255 141 0 215 135 126 0 0 17 73 79 28 16
    246 214 102 192 35 46 213 160 255 145 255 61 74 191 0 255 230 12 128
    255 0 128 79 38 142 0 175 255 56 0 172 180 106 0 255 68 66 255 167 0
    255 119 4 0 91 187 2 112 58 179 106 132 165 196 38 157 101 110 0 255
    209 53 63 0 245 215 147 149 147 146 110 18 83 67 255 162 1 244 29 52
    137 48 17 231 37 139 231 214 244 187 33 0 255 0 118 74 206 34 9 206
    151 37 255 255 0 54 147 178 59 173 232 0 230 21 218 0 0 26 3 127 0 0
    174 0 245 169 245 168 66 2 255 255 255 227 136 255 71 255 98 141 167
    255 242 184 242 255 194 74 26 56 0 0 0 215 187 19 158 255 22 231 210
    238 203 240 117 255 93 0 19 0 255 205 184 49 74 209 255 255 106 63
    215 255 0 41 255 54 231 250 255 0 235 140 0 0 0 0 255 168 15 184 255
    255 32 240 136 146 229 163 153 254 0 0 255 188 255 58 230 102 50 12
    105 78 228 0 151 248 255 209 33 255 0 36 0 255 255 177 187 166 0 0
    67 143 92 79 83 209 0 0 233 21 224 0 118 70 135 234 236 88 255 0 255
    0 255 255 156 228 249 25 0 242 255 234 255 255 171 73 40 0 0 55 69
    148 105 43 255 233 0 89 124 10 214 0 112 10 255 65 39 0 195 110 148
    255 121 69 1 0 225 217 0 115 255 0 0 255 95 216 156 171 156 255 23
    219 244 255 202 208 255 125 0 100 0 212 24 116 118 36 62 52 93 0 225
    0 255 125 48 179 147 242 117 255 45 0 0 215 0 0 109 195 119 199 21
    79 255 96 134 189 140 255 203 217 255 0 242 255 98 0 0 0 120 59 145
    93 255 128 16 41 35 255 27 221 255 65 25 3 157 0 255 255 201 140 255
    232 39 26 17 255 255 255 236 45 255 255 185 253 37 255 235 0 145 0
    11 154 255 163 95 0 222 0 248 0 0 5 0 112 0 4 255 182 0 0 10 170 77
    40 89 9 152 95 0 70 169 224 255 145 0 15 152 108 255 0 0 88 0 255 57
    11 129 122 0 237 109 3 255 195 105 189 255 162 255 255 10 16 255 0
    255 0 232 40 255 16 93 0 25 32 116 255 236 0 0 140 255 33 27 51 25 8
    116 238 236 243 103 115 29 0 143 255 0 255 242 101 255 228 92 0 0
    255 59 121 140 0 105 183 163 0 160 215 255 24 179 148 205 102 84 212
    168 255 112 0 109 255 226 138 0 255 18 0 89 143 252 80 23 255 193
    208 110 201 210 64 8 148 101 65 0 73 223 0 157 0 130 214 255 255 92
    131 33 67 255 0 255 9 214 25 187 0 123 190 0 185 67 0 92 255 255 0
    175 0 158 230 10 56 168 0 71 49 255 0 0 151 9 0 18 255 141 191 113 0
    61 255 90 165 119 115 14 255 27 180 108 81 4 121 237 152 255 85 0 93
    0 239 255 0 235 255 255 255 90 194 149 0 180 255 40 0 159 66 89 126
    255 26 255 0 160 0 247 111 129 139 255 0 193 0 90 0 71 0 185 69 0 62
    255 9 255 180 3 0 255 25 141 0 255 0 0 143 105 255 255 74 255 0 73
    192 0 255 167 173 212 255 92 255 101 255 59 0 162 6 0 135 147 0 255
    0 157 0 170 54 152 39 28 135 69 19 9 80 36 255 178 255 255 0 58 0 0
    175 201 255 0 34 255 255 200 54 108 92 74 255 0 255 79 180 0 0 85 49
    48 255 53 214 128 21 255 102 163 0 0 12 249 46 80 5 0 0 255 255 50
    83 141 218 53 49 200 208 255 65 210 0 19 255 64 226 201 255 118 0
    255 0 255 245 64 239 0 44 0 181 130 255 0 255 3 0 115 174 98 0 0 251
    130 139 0 33 26 205 0 197 0 0 250 86 0 147 68 183 0 171 73 233 148
    255 255 0 255 171 119 255 255 9 49 255 255 219 0 160 224 177 157 88
    255 108 255 235 0 219 0 118 99 255 68 156 237 197 0 120 232 255 170
    69 255 134 49 255 69 217 206 212 22 2 147 0 56 108 0 99 13 32 136 0
    33 255 201 219 255 165 4 90 0 0 106 242 219 247 138 198 25 7 255 0
    11 255 94 19 118 90 119 218 48 77 115 255 83 0 0 160 186 112 25 84
    255 208 13 97 112 255 0 139 167 0 52 185 20 41 168 255 69 195 68 0
    29 255 0 241 255 68 176 255 255 33 255 0 255 0 0 10 231 70 116 75
    179 255 134 255 255 252 255 255 187 255 25 0 255 185 0 86 0 0 0 155
    255 190 154 255 43 24 45 37 180 86 150 214 0 186 211 129 186 83 200
    187 255 249 247 38 62 0 217 0 255 206 155 166 255 198 77 129 68 174
    62 255 115 122 255 94 134 78 176 211 130 93 0 201 24 9 130 255 204
    255 255 94 23 38 86 38 100 229 4 95 0 84 0 124 210 191 109 40 255
    255 233 255 227 255 9 0 0 249 205 179 0 72 104 255 114 255 255 9 109
    26 42 49 0 111 229 55 23 59 233 116 255 253 255 228 255 3 223 255
    173 255 250 255 108 0 75 174 0 19 59 0 255 255 239 174 94 130 159 0
    255 0 70 0 21 195 47 109 124 167 59 255 246 76 255 122 19 195 43 246
    41 87 59 255 255 156 0 255 0 64 0 45 43 255 0 194 38 153 225 131 255
    0 255 0 255 70 3 197 156 220 0 255 0 109 229 141 230 255 24 0 0 135
    9 0 96 219 89 27 255 85 14 175 95 110 0 25 0 115 170 63 0 255 0 233
    255 73 106 57 115 255 170 255 40 0 18 255 0 255 227 31 255 255 213
    255 171 255 0 152 212 0 206 240 232 107 255 237 250 77 0 0 0 142 183
    255 255 110 0 88 202 81 223 0 0 0 0 255 192 188 255 0 255 0 0 153 0
    54 89 255 255 255 255 226 0 192 33 177 152 77 243 230 163 227 255 82
    255 79 187 72 233 0 181 254 0 190 243 61 217 0 188 37 204 99 177 76
    236 255 255 255 3 0 25 252 85 206 183 33 158 255 0 132 226 0 22 72
    58 65 110 0 128 0 93 32 58 177 255 102 0 164 0 73 242 255 14 116 0
    109 30 9 0 45 39 88 186 74 255 0 255 255 0 0 255 0 252 249 120 86 0
    89 10 0 0 72 255 95 206 18 201 255 168 144 0 233 206 213 44 80 128 0
    0 255 255 92 125 193 0 229 177 0 255 0 136 70 0 0 48 46 0 0 219 26
    57 255 255 255 251 0 255 32 255 111 13 183 0 60 142 39 112 28 40 0
    255 86 243 117 221 0 21 51 255 255 0 255 196 39 139 0 250 89 255 93
    255 255 255 0 255 0 0 0 18 255 178 41 0 20 0 142 255 255 228 142 77
    164 0 13 14 25 0 255 144 0 147 174 162 255 122 0 26 153 118 0 102
    130 29 192 98 94 0 191 255 70 183 242 160 210 255 253 255 21 38 0
    255 0 37 105 94 132 248 236 105 178 0 245 54 0 0 119 63 255 3 177
    251 83 55 255 124 0 112 49 0 0 0 21 255 65 0 65 89 183 0 252 245 0
    160 125 95 1 207 106 106 0 0 148 0 254 255 0 236 255 0 72 197 43 53
    255 146 223 255 200 255 172 144 255 113 0 162 115 181 53 48 140 0 0
    210 44 0 0 188 64 0 0 108 224 0 128 113 6 255 95 0 46 144 90 182 0
    255 255 0 196 7 255 53 255 255 255 0 65 36 255 207 255 57 15 114 241
    175 15 255 103 89 0 0 183 204 143 0 255 0 31 91 25 177 174 30 253
    240 255 175 255 208 170 255 61 255 211 0 0 255 38 8 64 122 162 216
    33 85 133 74 142 34 0 119 41 0 0 14 0 255 255 255 0 51 19 255 255 49
    255 0 255 118 255 250 136 146 255 172 214 226 0 115 55 158 43 0 137
    222 0 255 181 243 180 121 255 103 31 55 72 113 255 255 137 0 38 211
    92 150 0 61 103 0 255 160 211 80 0 216 170 227 16 255 84 0 0 255 0 0
    66 129 13 138 110 249 40 202 206 29 0 21 151 66 243 0 78 255 147 36
    0 109 124 49 25 255 14 193 40 222 125 202 0 28 0 56 80 101 70 61 82
    216 0 0 230 93 0 100 169 0 50 114 67 98 211 3 240 240 0 175 0 0 0
    116 58 255 149 144 207 47 43 0 204 148 22 48 155 194 60 210 154 209
    7 0 0 255 255 0 255 44 255 228 0 0 35 0 218 26 0 0 132 242 0 131 193
    0 0 153 101 103 251 255 55 160 85 245 0 148 255 0 255 0 0 255 0 0
    255 15 205 208 202 255 255 108 3 0 0 158 6 53 17 9 0 208 255 255 0
    113 0 0 140 61 169 183 0 111 214 25 255 239 255 0 212 255 45 0 129
    255 0 0 255 187 118 116 82 0 133 152 102 54 0 254 32 143 0 138 130 0
    199 243 255 255 210 105 0 178 58 215 163 0 250 0 237 113 164 251 0
    99 255 137 251 120 0 140 237 15 177 0 255 115 0 127 255 178 255 1 49
    193 234 233 218 180 3 126 255 35 218 142 255 0 195 194 255 0 155 108
    80 0 0 255 14 31 190 211 172 255 1 13 182 0 63 163 0 181 221 145 213
    245 196 204 52 47 0 255 0 0 255 0 120 154 151 201 255 255 255 145 0
    185 219 224 8 0 51 119 6 169 121 169 160 255 166 191 255 196 255 128
    255 175 114 0 79 175 0 205 255 225 199 255 73 255 255 233 255 126 83
    255 0 0 253 73 47 46 241 196 214 99 18 255 0 73 182 255 255 0 255
    200 253 142 250 0 95 40 255 80 224 223 172 0 49 179 251 158 205 255
    182 136 0 253 188 244 133 255 255 0 213 191 117 255 150 0 163 0 60
    175 173 0 56 0 124 118 41 124 139 23 123 131 116 255 177 0 195 51 98
    255 199 211 171 0 0 0 212 28 159 0 0 0 128 57 145 0 255 255 46 255 0
    255 47 61 94 0 0 5 85 5 146 0 113 135 255 222 137 41 92 255 143 52 0
    255 176 0 115 255 0 44 255 108 255 255 0 0 0 0 130 255 255 208 161 7
    0 0 209 159 0 128 48 255 235 53 255 0 129 5 131 14 255 33 167 0 245
    163 60 161 255 8 9 209 0 162 0 146 0 21 252 146 248 165 0 157 247
    158 255 255 249 211 35 224 82 0 47 49 255 169 226 0 208 146 162 95
    42 152 255 146 211 218 146 63 232 107 0 255 255 179 9 0 50 237 255
    61 0 0 146 108 0 0 0 91 19 75 0 0 0 0 0 255 166 12 0 255 0 250 68 94
    0 132 255 144 117 238 255 216 0 83 25 169 0 137 86 255 255 213 6 123
    44 222 165 38 96 37 204 230 0 88 107 0 245 233 68 255 108 255 255
    213 27 157 255 255 0 219 0 0 75 15 0 255 90 39 28 255 185 0 203 255
    224 0 0 71 94 77 0 155 0 176 224 18 255 0 255 193 255 142 133 92 252
    20 165 46 209 179 0 0 0 39 23 6 25 187 0 0 255 50 248 44 2 234 74
    255 149 15 55 216 0 82 0 255 119 13 81 104 62 0 205 0 122 15 15 110
    162 255 70 218 255 255 75 57 83 44 0 242 240 54 5 0 173 10 255 25
    181 80 75 86 210 13 255 6 0 127 73 0 124 255 93 11 255 243 32 255
    173 195 255 57 114 1 142 0 82 160 238 0 255 255 57 203 0 235 144 142
    0 255 0 131 243 48 215 39 255 190 0 59 4 163 255 146 54 0 255 207 0
    99 104 95 157 90 255 133 29 97 0 181 0 38 221 137 255 206 223 255
    206 220 65 0 255 81 184 96 224 255 255 255 38 227 134 67 74 255 255
    255 255 44 219 209 232 55 2 122 255 255 107 17 0 226 145 125 122 181
    254 0 73 255 255 173 0 107 109 0 13 210 255 106 0 248 0 156 255 255
    173 16 0 255 233 0 217 0 67 0 0 255 255 204 52 255 255 2 43 0 205 51
    18 23 26 255 255 43 233 255 0 141 58 77 30 227 89 0 0 27 16 74 255 0
    163 165 171 255 61 0 189 99 0 171 0 255 102 149 0 0 0 249 159 173
    144 0 131 0 255 157 0 76 51 255 157 165 185 0 95 9 41 59 19 137 223
    255 255 35 255 0 0 0 114 129 92 159 48 255 0 255 157 0 147 108 120
    243 84 203 252 125 27 135 220 0 0 148 255 255 49 144 55 123 8 255
    255 0 255 143 23 56 252 44 175 0 206 76 233 255 0 226 22 24 142 0
    183 130 230 41 0 167 225 253 118 255 31 0 255 0 0 255 252 82 142 12
    188 236 3 12 255 133 96 255 0 228 255 163 255 255 47 37 255 241 252
    255 104 255 150 231 3 0 255 190 215 0 0 166 174 131 246 44 0 4 85 69
    0 158 0 255 42 216 249 155 255 70 198 0 255 255 11 0 46 255 207 255
    246 150 255 80 49 136 0 214 0 0 26 0 0 255 77 255 0 80 251 0 255 144
    0 0 4 241 75 200 131 255 255 243 255 203 255 255 16 164 147 199 42
    215 229 255 255 182 0 255 36 255 0 255 28 158 122 138 255 166 70 0
    163 124 0 255 19 0 189 42 45 0 255 255 0 0 241 60 0 66 219 0 255 220
    255 219 159 251 0 255 12 0 255 255 245 11 255 226 0 67 255 246 68
    124 228 0 255 255 0 255 255 242 255 17 255 72 194 255 156 184 0 255
    255 49 0 204 168 48 0 140 247 255 112 0 32 108 255 85 0 98 220 255
    255 203 193 23 0 65 186 255 237 160 0 255 9 84 255 90 128 255 0 51
    183 36 11 243 235 179 70 0 139 133 0 191 0 255 231 38 255 209 255 1
    51 0 122 91 0 240 21 141 18 255 101 255 177 252 255 255 255 112 88
    20 128 0 129 45 127 208 134 255 251 0 255 255 213 46 0 255 20 255 0
    10 255 217 207 173 124 0 255 0 68 168 8 19 23 236 255 255 150 40 230
    135 248 156 96 255 242 114 225 194 68 0 214 241 0 255 164 0 64 255
    62 87 123 58 255 255 139 215 151 60 255 100 220 255 110 0 33 179 78
    244 240 255 47 161 14 24 255 47 198 0 0 56 130 0 219 39 196 255 25
    74 233 101 0 22 111 255 110 255 0 255 13 85 255 47 200 59 191 0 144
    223 80 255 109 216 255 0 153 0 0 0 126 84 56 87 255 145 255 11 197
    255 26 211 26 148 143 255 131 16 0 197 184 195 0 0 133 0 210 65 0
    177 215 218 12 192 185 0 255 0 200 0 255 181 0 0 255 255 46 70 114 0
    0 81 76 9 255 140 102 0 0 102 191 38 213 0 88 31 228 255 0 244 214 0
    65 255 193 0 110 236 53 18 202 255 79 147 52 44 79 255 129 255 168
    208 255 125 154 35 121 255 219 138 244 142 0 155 255 231 74 255 255
    123 0 255 255 222 124 84 188 55 144 86 51 0 67 0 0 255 119 217 7 179
    126 0 80 0 71 254 198 49 0 56 12 93 249 250 79 116 128 197 43 190 0
    9 105 61 43 15 0 193 36 0 80 72 255 0 117 0 150 24 21 165 187 0 193
    227 120 69 39 255 54 145 222 42 208 30 0 205 0 135 0 36 0 162 46 255
    116 49 255 139 133 186 255 134 255 34 142 227 149 0 53 255 45 96 99
    51 32 0 147 128 50 0 166 0 215 105 255 0 18 76 134 255 0 255 131 219
    255 255 255 255 37 0 194 255 115 255 255 84 0 0 255 0 193 255 0 48
    15 27 35 27 255 202 254 227 222 0 222 8 173 0 255 254 0 255 0 0 10
    255 225 253 241 132 255 255 0 0 126 237 0 255 236 249 157 35 255 0 0
    77 255 213 0 24 255 0 124 207 62 222 81 210 117 255 255 255 54 155
    187 255 8 0 178 94 235 0 32 224 122 255 164 28 255 27 0 0 255 0 219
    255 255 21 0 163 245 118 255 252 156 64 0 120 0 0 164 0 0 98 0 134
    33 92 255 0 255 0 0 0 160 0 0 0 255 247 188 139 255 91 118 162 255
    255 0 33 255 222 44 255 32 2 122 255 255 0 109 161 169 255 0 255 154
    0 0 99 0 87 30 21 0 91 244 231 37 74 255 0 0 255 0 196 0 176 55 132
    0 244 132 182 177 0 147 137 186 0 255 0 0 4 68 145 0 0 185 255 135
    214 175 63 241 252 0 97 112 76 0 239 199 85 255 98 224 20 72 182 0
    125 95 173 255 42 11 0 190 119 63 32 170 15 159 255 1 0 7 0 19 23
    133 131 251 247 242 255 0 161 36 154 182 181 136 0 0 114 170 0 198
    249 230 0 95 255 0 48 3 179 26 107 255 170 145 138 255 255 152 255
    76 182 0 0 0 77 252 38 255 29 47 242 25 118 214 0 0 164 222 250 71 0
    246 211 173 230 78 255 70 220 255 37 12 248 0 226 215 206 103 255 90
    255 32 255 255 0 114 186 255 228 13 13 255 0 255 143 228 0 0 81 138
    87 150 97 0 106 8 0 109 0 50 96 15 36 96 66 113 234 20 255 198 20
    216 255 255 57 184 255 255 31 208 0 163 26 14 0 89 99 101 255 43 189
    0 129 0 195 0 82 0 255 158 233 169 255 20 129 65 233 255 255 109 236
    255 216 255 0 255 0 93 1 122 0 196 182 90 255 13 255 167 131 223 60
    255 241 228 19 34 0 0 217 159 255 21 22 23 0 0 0 0 155 124 100 252
    222 157 253 135 255 215 0 103 152 255 0 255 90 68 255 106 29 255 223
    213 255 213 0 59 0 173 255 21 255 0 62 0 250 175 6 0 77 118 0 255
    117 57 245 255 17 173 255 255 255 0 116 237 52 189 19 21 0 0 0 0 125
    83 157 42 163 99 166 136 94 0 181 255 61 192 255 129 0 75 244 255 0
    255 176 255 0 255 232 230 255 238 255 216 0 178 15 0 17 28 52 53 0
    143 96 91 187 82 255 255 0 23 11 223 255 99 255 255 255 0 239 118
    138 85 226 178 253 255 75 255 0 58 255 0 99 255 215 255 255 95 170 0
    255 255 0 168 100 255 236 70 0 101 172 255 255 255 0 0 185 0 178 216
    40 103 208 0 248 145 255 12 0 248 9 72 45 0 236 0 59 120 234 156 156
    0 149 129 243 68 122 0 253 242 39 165 5 185 0 183 194 124 0 255 255
    208 253 255 191 34 255 231 255 0 132 171 169 205 255 20 119 255 125
    26 86 199 167 0 145 128 210 207 0 255 144 0 88 245 166 134 204 0 0
    178 0 220 0 255 255 255 0 255 9 205 58 70 255 36 101 255 36 105 101
    255 225 0 222 5 32 0 153 255 81 100 255 189 214 252 123 255 255 175
    218 61 237 79 6 0 41 85 199 37 21 226 26 0 238 255 144 0 0 255 237
    18 89 132 255 0 255 25 148 51 61 115 255 113 156 255 186 235 68 154
    255 88 249 242 255 95 255 255 84 245 255 224 255 0 211 127 255 210
    255 255 255 0 0 0 255 255 205 255 0 34 0 145 193 0 13 111 231 255
    108 77 91 151 0 23 255 0 255 171 45 77 227 29 217 0 132 93 0 0 170
    74 13 85 86 255 255 0 56 72 35 0 185 255 255 0 0 255 255 246 197 180
    0 0 58 130 255 143 63 103 0 148 108 255 0 154 226 196 232 33 255 255
    255 255 252 255 0 0 43 114 151 96 255 72 140 0 204 157 253 255 23
    152 0 25 255 255 121 68 0 173 149 127 249 180 255 157 86 189 0 91
    219 172 59 14 193 239 0 102 255 82 0 87 188 0 0 0 122 255 0 24 203
    209 55 78 230 252 176 255 246 0 251 0 134 176 0 71 255 89 255 0 64
    255 255 92 97 255 255 212 215 198 193 0 0 255 199 15 0 70 216 0 255
    0 190 59 112 255 222 255 255 230 255 96 49 51 255 0 0 89 73 251 160
    247 52 112 128 225 9 183 168 255 0 255 255 252 102 26 66 0 0 100 57
    23 181 141 157 168 0 0 175 255 6 45 242 255 56 68 0 32 129 0 118 0
    255 89 255 143 167 0 255 126 230 92 0 3 55 0 65 255 241 0 81 155 0
    73 255 40 224 255 255 251 208 255 255 0 0 255 247 191 117 239 0 39 0
    213 64 182 255 229 47 255 255 227 255 58 255 155 123 0 0 195 102 255
    0 255 129 255 139 0 252 10 198 129 244 0 132 0 45 255 8 255 255 116
    0 203 0 223 4 237 55 16 87 239 255 0 192 255 178 86 86 255 86 100 0
    43 255 0 210 253 221 6 119 255 0 0 148 39 0 157 32 35 65 144 255 81
    255 175 91 60 255 166 197 0 0 113 59 168 103 0 215 231 184 255 0 100
    255 10 255 173 69 0 0 255 255 2 201 119 254 0 13 97 0 132 167 237 95
    255 101 177 255 255 59 255 255 99 147 238 0 202 255 0 255 62 12 251
    124 85 157 255 110 230 96 255 16 38 96 0 255 0 33 94 56 15 90 255 41
    58 129 60 68 21 0 29 28 236 32 88 76 11 0 156 255 255 255 255 228 0
    23 255 58 105 255 255 9 255 206 48 118 0 38 237 130 153 101 85 3 251
    231 160 255 75 0 255 255 21 226 0 29 68 255 255 146 125 0 242 128 0
    189 0 0 100 255 118 29 3 35 59 57 255 227 254 0 0 113 149 229 116
    192 0 217 95 0 118 66 0 149 165 78 255 255 182 0 137 107 255 49 82 0
    255 214 0 140 140 100 0 80 255 159 99 221 128 255 187 247 191 255
    138 0 255 0 23 0 214 183 204 242 68 139 192 255 0 244 0 111 255 67
    255 0 0 0 220 173 66 28 255 106 182 250 80 61 184 255 255 201 208
    180 24 88 0 113 28 114 255 255 215 0 14 0 0 198 255 0 117 0 91 255 0
    244 255 135 26 8 193 140 154 4 2 207 89 0 144 255 0 255 22 255 42
    105 229 28 0 43 235 0 26 136 97 231 255 6 204 192 211 0 255 0 0 52
    255 163 24 220 255 42 255 48 29 255 0 19 0 255 0 0 198 111 42 1 185
    174 44 0 52 255 255 0 134 16 0 26 73 206 45 255 193 0 88 255 255 0
    22 255 221 192 19 0 125 14 111 171 175 255 0 72 25 191 255 23 52 255
    111 108 0 94 103 151 0 255 255 250 237 36 58 0 252 255 91 43 222 0
    175 38 0 255 0 0 255 255 31 255 29 150 58 63 255 0 0 246 0 151 255 0
    0 209 8 151 142 0 50 125 164 147 156 83 65 255 33 36 83 37 0 255 78
    196 242 131 68 42 24 140 74 221 65 60 6 236 38 79 255 0 255 0 25 255
    64 255 255 82 232 0 0 164 111 120 255 255 178 0 255 41 0 0 255 0 26
    255 193 99 255 255 214 20 255 61 0 255 82 15 255 135 6 255 163 255
    231 61 0 114 247 232 85 11 10 0 255 154 243 186 255 255 145 0 63 0
    125 237 255 241 150 255 7 232 186 181 211 185 138 221 41 255 50 255
    167 48 168 0 255 39 60 255 0 117 255 240 255 110 0 191 124 255 191 0
    49 0 0 160 141 100 255 209 193 43 15 0 0 46 29 0 142 3 68 145 88 255
    43 47 120 255 113 101 131 151 122 37 80 76 234 0 255 255 0 0 20 91 0
    255 239 205 41 0 255 46 91 211 143 192 0 73 119 111 1 255 0 42 61
    139 0 255 226 255 242 109 148 0 139 0 221 255 0 77 189 255 64 0 44
    27 8 229 255 215 74 248 75 255 70 0 200 0 255 21 245 255 211 255 86
    255 212 63 248 164 20 0 255 255 166 131 14 0 255 17 0 30 0 178 0 0
    78 202 196 28 152 255 72 123 255 0 222 0 170 161 92 109 93 203 255
    144 160 255 192 255 0 0 0 255 113 188 0 125 228 0 255 247 0 226 193
    50 15 226 0 43 226 188 0 120 0 9 255 115 255 144 105 156 50 0 0 251
    4 0 54 255 255 104 0 139 5 74 178 181 0 207 33 64 0 121 4 0 255 255
    254 255 255 152 255 255 117 0 224 51 255 255 0 233 255 214 187 241
    61 75 120 0 135 255 124 35 144 13 255 209 231 255 89 0 32 0 0 202
    220 86 0 103 0 0 0 249 101 255 0 176 255 0 74 0 211 0 255 68 155 241
    14 255 0 160 255 247 132 255 237 86 0 231 200 255 54 72 255 8 166
    164 218 255 255 194 191 125 38 0 0 0 31 0 127 84 150 0 127 205 255
    255 17 220 232 99 255 154 182 88 188 181 255 255 22 255 174 0 44 7
    255 66 0 255 181 0 113 0 255 205 0 153 0 222 0 0 77 247 222 196 121
    255 242 169 28 40 27 178 255 255 64 255 200 92 248 0 244 161 255 255
    0 255 25 255 255 166 0 255 255 0 182 0 115 95 171 7 0 191 0 35 255
    224 235 200 41 127 240 0 0 172 0 115 255 73 255 5 146 232 156 0 156
    17 62 132 235 0 115 255 0 114 255 59 0 248 82 171 204 143 242 77 12
    247 131 244 200 246 155 214 72 0 213 255 255 95 80 255 255 193 255
    238 136 182 255 56 174 79 255 184 0 130 0 137 227 248 64 64 19 207
    140 67 240 0 0 29 121 222 241 228 249 6 252 181 119 122 255 79 68 12
    45 43 79 202 118 25 173 83 245 18 255 0 255 0 53 62 190 172 56 4 146
    120 91 0 255 5 0 116 179 255 177 40 116 141 212 255 49 0 213 0 72
    255 82 185 0 255 31 100 246 86 255 196 110 66 32 255 22 58 8 86 255
    83 255 255 204 0 255 255 217 51 154 171 117 126 9 255 0 21 13 255 91
    217 0 114 82 255 255 85 255 39 113 115 255 0 0 79 113 96 165 149 111
    127 249 201 255 255 116 53 63 0 204 148 64 118 38 208 96 18 255 255
    45 0 244 54 58 0 32 194 255 240 0 255 49 82 139 173 182 0 206 99 134
    132 86 255 132 43 227 0 128 114 230 153 0 176 149 96 110 167 245 0
    102 192 19 105 54 255 26 153 0 255 97 94 38 0 198 119 198 139 87 71
    162 0 255 243 255 20 123 255 29 255 240 0 155 97 71 18 252 12 255
    111 2 153 225 243 0 122 215 73 165 44 87 56 0 101 37 43 96 0 254 36
    0 0 91 158 0 51 0 255 255 25 0 167 0 255 0 167 1 110 223 164 255 134
    0 249 195 0 255 48 66 0 24 255 68 0 154 43 0 113 166 42 44 4 0 105
    107 255 175 243 168 0 99 237 156 255 11 0 27 197 183 9 86 0 8 130
    164 255 230 154 236 109 255 160 185 104 88 10 117 255 14 184 0 90
    115 255 101 214 244 64 119 255 228 26 0 0 58 247 104 0 145 0 99 101
    0 170 38 226 0 130 216 0 255 0 65 0 252 0 0 0 11 255 255 69 165 255
    0 156 255 84 254 204 255 35 117 49 247 137 57 162 142 69 0 233 198
    20 255 228 255 255 76 103 3 71 59 152 84 142 143 2 18 0 138 189 231
    63 187 61 55 0 114 252 8 0 0 244 255 0 255 194 255 90 0 236 255 182
    203 255 255 162 0 0 255 119 255 0 72 114 0 84 0 10 0 201 92 159 88
    233 157 255 117 255 46 255 0 194 9 8 11 32 0 202 108 0 0 0 0 85 255
    217 137 255 112 172 255 29 255 255 255 23 243 246 24 25 70 255 255
    190 255 255 251 149 24 110 0 0 86 117 255 198 0 242 55 42 102 36 113
    0 213 0 133 67 151 185 134 255 133 79 24 128 151 255 25 0 255 70 99
    0 255 159 15 98 0 0 239 16 0 249 96 95 41 48 34 0 117 179 226 230 0
    114 152 119 255 34 229 85 0 255 108 226 131 0 242 52 170 54 38 255
    233 82 26 255 0 128 187 255 189 255 112 9 144 136 36 54 192 0 137 30
    237 24 14 4 0 255 168 0 255 48 0 249 164 0 255 229 35 19 112 255 0
    255 161 255 214 255 108 255 67 0 237 75 207 70 81 97 47 139 0 0 234
    0 113 0 255 137 0 17 0 40 65 132 255 0 255 241 0 255 0 167 141 200
    152 61 36 221 255 88 0 131 144 55 174 0 255 0 139 255 0 240 235 255
    255 197 255 157 4 196 0 32 124 95 255 0 7 138 146 255 196 255 255
    126 0 140 207 53 217 126 135 255 116 231 118 255 69 253 229 212 255
    19 219 82 39 0 190 176 0 132 0 9 0 156 211 25 236 26 27 147 221 79
    100 255 255 255 114 15 255 11 255 136 0 78 26 54 255 13 106 51 197
    255 255 44 105 38 231 246 0 216 44 107 7 189 255 255 3 69 0 124 0 39
    0 229 163 0 169 0 254 42 0 255 0 253 231 208 255 11 0 244 187 255
    212 255 215 250 0 0 226 244 0 223 127 255 255 8 252 96 225 0 0 165
    240 0 255 107 140 212 251 52 0 125 176 132 206 225 230 142 18 102
    211 225 15 32 0 34 73 5 34 61 31 82 113 82 77 203 0 59 255 87 8 0
    105 181 105 0 196 0 184 0 237 108 237 24 52 255 185 45 0 184 255 0
    174 171 79 255 0 123 0 59 210 82 0 107 221 94 255 214 43 0 0 110 0
    54 97 255 0 0 48 0 166 119 255 255 237 0 18 84 55 0 146 0 0 150 68
    255 143 249 131 138 181 79 193 255 0 241 233 205 9 245 34 216 0 0
    255 149 0 241 49 142 152 158 0 190 85 255 0 0 0 125 204 255 0 0 66
    222 176 130 255 255 123 194 66 225 46 0 235 227 255 88 0 147 0 186
    255 0 156 255 92 69 0 57 82 237 147 175 79 66 57 85 37 255 255 255
    255 255 255 255 40 31 255 0 182 107 204 95 50 81 0 155 0 166 0 13
    202 8 255 255 191 152 146 221 255 113 255 0 207 255 0 0 255 0 155
    245 255 142 255 255 164 9 82 232 0 68 0 194 160 255 0 255 0 88 255
    255 48 40 102 255 202 127 71 0 56 231 0 202 147 12 174 255 219 0 255
    255 16 126 128 11 122 73 120 255 159 211 184 178 198 116 192 0 178 0
    0 65 141 25 255 70 217 0 99 51 229 22 217 0 74 0 53 45 90 182 226
    180 76 255 134 179 61 0 0 153 0 133 0 63 201 177 0 68 0 152 170 255
    155 220 88 0 255 207 16 255 0 11 135 55 205 234 100 0 255 74 0 255
    148 131 213 255 197 0 13 255 176 165 230 114 149 22 109 242 255 210
    151 0 0 0 0 90 35 86 17 23 22 255 80 92 255 236 255 24 91 40 208 175
    110 0 56 53 0 15 2 193 104 156 62 177 30 153 136 255 130 198 0 0 206
    35 212 177 100 233 0 238 213 17 0 109 0 0 255 37 0 157 192 223 0 171
    8 87 34 79 208 255 181 205 140 255 255 165 232 230 174 0 255 0 255
    132 48 195 0 61 0 116 11 47 115 0 176 109 73 21 149 245 43 205 0 136
    255 0 70 0 72 0 223 180 0 231 255 0 0 219 75 255 78 11 255 0 67 173
    80 255 0 197 7 32 0 103 0 193 255 21 117 0 255 0 255 13 0 42 255 0
    254 162 255 100 213 255 196 189 89 104 255 238 248 123 223 0 35 134
    74 0 48 137 117 173 255 118 199 0 26 255 233 25 0 225 42 15 31 0 255
    255 105 173 255 99 0 0 56 0 162 139 0 34 0 61 255 101 255 139 0 255
    38 136 240 72 181 168 255 102 0 173 196 160 157 255 0 255 255 202
    255 95 255 255 0 255 255 0 196 110 0 0 0 255 244 83 8 90 159 112 0
    255 36 220 255 190 140 0 120 255 114 235 0 156 255 211 92 238 255
    255 0 131 117 68 255 227 159 144 135 164 68 103 47 0 255 171 0 111
    22 142 0 199 0 68 120 0 98 46 77 255 92 255 129 14 0 20 255 20 0 0
    204 206 232 36 191 94 199 193 217 125 167 255 0 57 255 0 255 0 0 0
    71 181 55 197 0 35 0 187 26 215 255 226 219 255 161 93 255 238 255
    176 0 239 0 142 0 46 68 255 227 230 86 76 0 217 197 211 92 71 186 50
    165 175 243 40 0 134 218 88 255 255 255 40 128 255 138 62 255 23 78
    109 0 35 255 39 245 0 0 0 59 217 213 178 0 0 3 0 70 59 106 0 255 139
    197 3 255 255 34 255 0 227 255 176 179 200 63 62 0 59 255 0 68 121
    240 159 52 255 81 21 127 0 225 0 18 73 174 0 255 57 124 19 127 0 0
    46 45 255 255 29 113 255 80 255 50 0 223 102 114 0 255 190 77 255 0
    255 250 0 0 255 52 0 205 9 219 141 198 69 0 173 150 164 0 0 255 44 0
    33 0 43 190 193 194 129 71 140 191 218 179 0 255 154 0 130 3 255 255
    255 198 79 170 8 0 255 0 62 0 241 174 254 255 19 10 255 0 185 132
    210 98 4 255 0 255 11 36 229 0 242 0 246 255 254 171 166 255 255 0
    196 203 255 255 0 224 248 101 244 44 113 246 154 91 89 0 222 150 0 0
    0 255 193 240 80 255 255 109 164 255 158 0 210 255 143 147 136 4 133
    202 255 38 255 0 135 50 102 78 0 38 0 255 255 249 66 64 173 88 255
    41 53 0 228 214 151 88 68 203 218 221 255 255 133 128 122 6 114 255
    0 245 255 141 0 255 255 6 211 66 255 223 0 115 255 0 0 0 0 186 106
    57 0 0 0 122 17 94 53 190 255 28 0 113 255 83 92 0 255 13 255 49 78
    172 255 94 255 255 0 246 160 15 7 0 0 207 100 242 71 228 228 177 255
    81 55 25 179 51 93 250 169 45 150 60 149 93 255 255 0 107 80 18 255
    0 71 24 189 56 250 10 76 247 193 0 255 187 231 98 171 32 101 214 221
    192 95 255 0 0 64 34 112 255 255 169 0 135 0 255 218 255 255 230 47
    255 196 27 10 0 255 209 84 216 188 255 34 72 18 255 156 161 14 129
    51 0 96 52 40 227 136 56 156 0 0 0 212 217 97 255 52 255 116 255 240
    0 255 0 56 105 255 68 75 82 74 0 218 0 203 98 255 255 0 0 143 0 163
    0 190 0 176 148 255 54 30 0 154 255 215 65 255 3 183 197 144 60 232
    0 9 22 0 0 0 0 0 255 255 216 0 255 0 255 214 88 171 146 237 130 255
    69 255 176 255 231 209 134 0 16 101 42 0 111 174 0 0 255 239 40 0
    152 255 201 170 0 255 0 0 203 250 23 42 255 0 0 53 251 130 44 243 0
    156 255 255 130 0 75 239 142 0 0 26 198 14 188 255 0 28 229 255 160
    0 255 255 248 247 226 35 36 255 51 15 198 0 86 20 187 162 135 226 39
    0 233 91 0 229 252 179 0 255 255 241 121 0 122 136 255 0 255 255 124
    191 243 255 0 0 255 255 164 161 161 101 217 167 255 255 59 128 0 247
    0 10 239 0 37 229 197 255 255 0 226 154 134 255 0 255 0 107 22 219
    255 255 255 116 255 255 165 4 255 55 86 227 0 0 68 144 255 254 255
    149 16 61 196 255 184 222 141 147 255 255 3 76 255 151 240 154 39 68
    39 149 0 5 183 0 185 0 255 0 0 0 229 0 255 255 26 246 74 0 255 255
    190 0 215 221 255 44 0 210 83 22 253 11 9 0 51 27 190 55 110 0 161
    186 12 255 74 215 111 105 246 21 201 59 106 183 255 68 48 249 0 0 0
    255 241 193 57 210 2 61 255 0 0 8 17 165 235 255 241 113 0 0 255 0 0
    66 238 233 196 90 139 200 255 222 255 255 86 198 63 255 0 0 62 194
    255 171 139 0 47 255 37 79 197 198 5 170 12 193 250 0 255 71 54 200
    255 0 224 255 238 255 23 27 255 167 35 139 4 0 255 0 16 0 255 71 233
    255 0 13 255 183 84 6 106 255 0 201 248 194 204 0 77 3 110 0 126 208
    181 250 5 215 107 0 61 255 98 0 255 218 255 0 0 255 0 111 255 0 228
    92 35 0 237 68 132 51 255 255 255 0 52 0 47 4 167 80 0 105 255 255 0
    250 50 240 255 46 255 147 24 222 214 77 255 0 77 255 255 255 255 255
    197 0 171 254 224 57 28 102 197 226 85 0 0 137 0 78 255 255 79 97
    182 249 41 0 0 30 0 119 0 169 0 179 175 172 188 255 0 147 0 213 84
    80 94 255 253 255 255 18 76 0 186 185 35 81 72 106 113 68 16 255 0 3
    212 109 113 17 255 157 179 255 255 195 186 25 255 90 161 0 176 255
    207 215 198 0 255 129 156 251 219 3 171 0 255 0 0 239 0 0 0 255 94
    85 71 99 249 113 21 170 187 240 83 255 22 47 147 224 255 27 37 110
    115 41 0 51 98 255 204 124 150 255 239 4 255 4 30 163 143 255 242
    199 196 60 107 127 5 0 201 179 0 0 255 255 211 255 192 253 219 30
    122 125 225 159 0 145 91 52 0 22 255 245 31 106 9 236 214 255 119
    174 255 210 171 255 4 255 151 173 163 78 158 70 62 114 255 12 0 214
    88 255 3 92 90 0 0 0 0 255 255 255 255 143 255 116 68 56 0 138 43 79
    228 255 0 138 255 212 255 20 255 57 203 252 197 250 239 145 0 0 114
    120 0 49 68 206 255 215 138 27 20 201 194 0 185 157 0 206 255 198
    255 173 34 255 0 202 173 222 238 0 216 197 0 159 0 123 175 249 42
    255 34 156 213 204 42 255 213 93 254 91 255 255 67 122 205 244 168 0
    255 0 255 170 0 139 232 4 158 217 250 255 61 71 224 255 161 255 229
    0 255 0 255 134 55 41 210 102 37 16 0 255 0 196 138 253 255 199 255
    0 27 200 255 0 0 0 0 255 222 0 255 0 165 239 255 37 135 0 148 159
    223 255 106 181 0 119 197 0 255 14 164 94 83 29 0 4 0 0 0 56 255 246
    255 152 255 78 255 156 137 183 160 73 79 0 79 183 2 209 103 87 142 0
    210 255 234 170 0 0 213 167 145 255 255 72 255 49 0 47 255 202 41
    134 181 255 0 133 255 56 103 0 245 136 240 222 238 29 106 78 140 0
    254 198 0 255 166 143 118 240 29 0 208 203 145 135 255 30 220 255 0
    191 194 41 27 77 137 91 0 181 164 255 159 65 0 226 0 255 219 177 215
    47 173 119 255 0 48 171 45 255 0 0 248 255 220 85 223 243 0 0 175 0
    255 230 255 227 80 255 76 0 132 0 235 84 255 255 255 255 164 86 181
    0 255 177 38 255 92 122 45 1 0 255 0 49 17 198 255 175 106 26 170 92
    0 116 63 0 124 129 255 0 164 252 12 0 0 31 0 240 0 76 177 206 0 153
    41 99 43 0 152 255 174 0 19 170 255 0 191 0 194 116 135 255 10 0 0
    177 143 28 102 224 206 21 146 255 81 0 135 108 255 161 45 255 255 0
    255 1 222 0 206 121 55 208 229 0 255 198 110 213 254 129 184 202 149
    14 0 120 255 157 237 8 131 0 31 0 245 50 122 255 255 0 244 255 185 0
    59 0 0 255 74 72 72 41 46 255 17 194 57 255 255 176 141 88 255 127
    66 145 255 236 0 24 33 132 30 83 52 240 46 121 217 0 255 0 0 255 170
    88 249 0 48 159 25 64 255 255 175 203 219 255 194 81 13 255 255 0 0
    0 4 91 255 54 89 255 0 117 23 98 33 230 105 59 120 23 27 0 66 255
    140 21 16 214 191 206 177 139 45 185 255 255 56 0 23 249 152 255 46
    0 67 190 191 137 207 255 0 0 255 224 41 0 162 0 74 44 255 244 175 0
    47 112 85 160 132 212 86 255 3 255 96 0 135 140 194 26 210 32 96 113
    148 78 200 142 0 255 33 138 255 0 71 0 255 21 0 167 255 0 255 134
    250 201 172 62 72 255 255 2 8 191 185 231 185 243 94 20 125 192 23 0
    0 148 247 0 93 255 218 149 35 74 0 140 166 0 255 13 114 225 210 254
    132 127 192 100 73 190 252 247 0 141 255 88 255 203 55 237 203 82
    161 0 204 90 130 42 255 32 228 35 0 20 255 255 254 0 0 255 229 141
    255 255 154 255 255 0 218 0 136 255 85 255 167 255 255 255 255 58
    101 0 0 60 69 11 255 247 115 138 255 67 76 14 255 0 255 164 88 143
    44 197 27 0 70 215 237 255 247 112 255 1 254 217 224 150 189 255 168
    203 185 162 255 56 255 0 33 255 218 255 255 0 90 242 0 0 44 160 46 0
    0 8 0 0 134 234 139 255 255 255 82 0 101 99 0 255 154 0 76 101 49 0
    255 255 0 247 134 209 83 0 0 255 26 255 86 82 0 231 0 255 105 215 0
    148 255 3 255 200 0 0 67 0 128 170 33 255 133 255 186 177 12 99 97 1
    40 162 255 0 42 0 72 163 0 255 255 255 0 192 118 239 171 112 0 255
    255 229 25 31 22 108 121 66 0 255 234 25 229 255 0 59 186 68 85 22
    239 214 20 255 60 0 56 84 255 0 48 255 0 87 255 98 230 37 255 54 0
    99 255 133 153 101 100 255 255 255 132 108 255 25 0 0 151 0 120 241
    0 224 152 221 20 221 58 255 62 0 255 255 0 94 94 0 167 69 180 243 65
    157 0 188 104 95 54 255 101 200 233 7 114 253 0 231 255 157 255 215
    0 23 19 0 255 0 0 139 50 0 255 31 245 168 255 52 110 0 238 139 255 0
    145 127 176 45 85 0 0 15 255 211 38 10 194 233 255 0 120 226 255 44
    0 226 41 132 255 0 232 42 27 110 59 122 225 11 218 39 117 255 32 7
    23 233 255 115 222 255 16 0 211 255 154 0 116 179 179 109 0 0 235 0
    255 255 45 245 0 169 0 36 100 152 170 172 143 223 220 221 96 0 11
    169 41 0 123 0 9 126 0 255 197 218 88 255 112 123 255 23 255 0 75 0
    194 34 0 7 112 228 14 62 32 39 74 0 0 15 19 0 205 254 73 97 48 211
    178 108 0 116 0 193 49 94 0 44 122 255 255 111 255 58 189 194 0 51
    107 0 79 6 0 11 230 209 130 102 0 241 103 75 255 34 255 183 0 106
    255 216 220 255 169 255 133 255 102 225 184 156 236 180 33 201 41
    255 126 244 255 60 255 255 180 255 56 34 64 201 34 102 51 229 0 255
    0 255 236 79 255 254 124 0 164 240 255 114 67 162 119 0 62 36 157 13
    68 255 255 101 251 74 6 156 34 181 3 209 150 103 253 255 24 226 255
    0 176 255 208 255 255 234 91 174 65 112 0 0 0 189 255 255 230 255 0
    0 233 255 217 231 46 218 251 46 59 109 137 138 255 245 255 0 255 6
    255 71 241 255 137 0 198 20 30 92 124 179 0 5 86 121 223 23 5 66 255
    240 233 0 5 0 255 224 153 65 255 0 255 137 134 110 255 232 219 102 5
    29 255 208 127 178 227 93 90 0 255 255 0 110 91 49 0 154 85 255 255
    153 137 124 0 224 243 255 0 0 255 255 204 255 0 58 205 255 207 58
    255 26 216 255 237 187 5 180 226 74 58 79 239 182 0 51 149 101 242
    255 12 145 255 255 121 222 255 0 255 0 244 255 53 255 196 166 0 0
    193 120 164 255 255 255 233 255 117 111 185 194 88 175 230 34 0 0
    253 142 0 0 0 25 255 125 3 0 0 232 255 233 39 255 139 141 6 113 28
    32 255 144 0 171 119 42 255 2 228 255 89 152 0 52 78 242 19 0 0 42
    98 119 191 234 121 157 29 3 126 62 198 0 0 255 71 224 0 0 229 193 42
    161 107 243 255 0 0 174 0 234 188 137 0 60 152 26 132 129 0 221 0
    255 196 208 97 212 0 0 255 0 0 240 111 0 63 255 225 238 119 0 127
    136 232 162 255 255 255 25 255 196 139 0 112 147 218 121 104 183 0
    51 0 78 255 201 197 84 34 0 100 0 64 131 127 255 197 0 0 157 144 255
    157 0 100 68 173 176 0 209 219 0 255 248 48 255 231 209 19 5 128 48
    155 134 2 163 255 53 158 107 255 255 7 255 77 0 255 255 224 43 37
    190 254 226 239 70 100 115 255 0 182 88 70 18 84 125 150 252 63 134
    242 255 90 255 255 209 187 171 255 153 33 129 0 255 104 234 233 44
    177 117 0 255 43 8 0 126 255 234 59 177 67 124 255 32 27 200 44 39
    189 255 206 0 255 232 50 209 94 255 0 211 10 242 46 152 163 32 105
    78 255 0 113 255 203 10 249 0 0 168 148 67 95 235 255 31 34 120 26
    82 237 59 255 0 51 149 251 170 209 186 22 103 185 255 175 174 55 255
    255 160 129 255 110 0 248 75 248 0 49 198 20 255 41 0 0 165 20 0 0
    224 255 32 94 19 246 35 0 64 230 0 68 57 0 67 255 255 0 246 104 70 0
    0 163 0 158 231 169 39 81 83 255 68 30 225 0 0 61 109 89 25 115 255
    5 235 255 84 170 1 88 163 255 0 213 240 0 255 76 33 255 0 162 148
    184 255 147 255 249 114 255 255 0 164 215 255 0 47 221 0 33 252 0
    131 62 0 230 171 134 0 255 255 0 0 147 2 255 0 0 242 212 238 255 253
    180 255 61 0 0 29 0 255 188 0 255 10 159 73 255 143 98 0 0 85 251 0
    45 168 174 19 250 251 0 0 255 170 154 0 30 255 0 252 0 5 102 164 255
    201 95 184 0 180 255 15 21 58 150 113 225 41 126 255 0 149 93 104 5
    255 32 212 72 175 5 193 229 0 173 255 22 140 16 69 8 3 69 255 140
    125 255 255 73 35 197 78 0 233 183 255 74 83 39 255 203 113 67 225
    148 0 143 195 186 0 255 255 0 204 191 82 0 254 255 20 0 255 255 143
    255 255 0 0 27 12 208 2 47 255 26 149 255 226 102 45 255 201 105 54
    106 60 255 0 150 154 255 255 183 24 172 255 6 255 255 130 29 61 138
    252 255 0 86 255 84 255 0 204 100 255 208 0 255 101 205 177 52 14 61
    255 171 14 85 135 208 36 74 194 255 255 58 45 0 0 20 191 91 255 224
    17 33 185 0 255 0 160 0 0 255 255 23 0 71 122 0 0 77 187 255 243 255
    255 175 160 74 51 67 52 43 255 152 0 108 255 255 59 195 255 183 0
    255 119 121 255 112 12 0 255 82 129 51 187 67 169 0 255 138 126 255
    126 186 0 0 86 154 0 113 69 245 134 0 0 255 187 0 255 194 188 148
    118 252 0 238 0 164 236 154 91 0 109 255 255 255 197 255 255 245 0
    255 234 125 46 0 255 255 148 59 0 250 124 169 38 124 80 0 255 65 0
    255 133 144 0 244 0 50 41 0 0 0 241 0 253 241 255 255 126 24 255 242
    71 172 220 61 0 0 0 255 255 83 153 70 113 125 255 79 33 207 66 30
    153 255 255 37 134 136 70 168 198 201 177 123 255 172 107 0 145 0 44
    230 223 73 79 150 255 0 14 240 163 134 101 0 214 255 225 30 89 48
    255 217 0 255 255 0 34 53 255 0 255 255 0 123 118 218 255 137 83 255
    237 153 24 255 0 255 0 0 4 21 248 25 79 149 151 79 103 54 89 24 49
    51 29 248 161 17 183 177 0 0 147 126 94 13 27 0 255 15 0 110 0 0 188
    59 133 217 0 226 196 228 238 69 156 255 0 228 0 202 208 0 251 0 0
    250 131 255 0 183 0 255 35 69 255 24 140 255 138 20 159 190 255 79
    120 91 88 0 0 36 53 155 26 10 117 10 255 255 0 8 255 71 58 0 12 47
    136 10 230 47 40 121 14 211 186 67 13 15 7 236 124 190 63 188 0 152
    39 136 30 90 0 122 255 0 53 0 104 188 111 88 114 0 255 0 122 0 124
    255 0 210 255 0 255 0 255 0 0 41 0 255 248 0 2 204 208 134 94 125
    234 255 0 0 255 43 251 0 9 67 255 50 0 0 233 255 0 192 0 255 63 250
    38 200 87 255 255 174 0 255 96 0 146 255 92 255 28 49 84 0 40 129
    107 234 255 227 255 96 69 79 23 0 0 0 42 220 40 25 196 109 115 42
    231 134 123 255 74 0 154 14 96 255 41 255 255 0 255 116 255 101 0
    219 0 0 1 0 213 0 255 112 0 62 172 148 0 0 17 50 60 80 71 101 114
    250 214 177 175 255 31 255 0 94 237 0 255 28 26 0 45 255 89 103 227
    41 0 161 78 242 0 32 121 214 0 6 0 13 0 71 255 119 149 21 52 0 0 130
    151 255 137 0 176 49 0 176 33 6 40 255 255 37 82 67 246 74 255 44 51
    95 255 201 23 0 0 255 255 193 50 33 0 214 46 214 255 179 84 165 0
    126 173 0 255 143 255 0 0 251 255 131 77 8 0 22 29 0 87 0 168 0 250
    158 178 226 75 64 0 255 0 161 30 0 215 198 0 174 0 151 83 255 223
    255 13 25 45 243 36 217 255 6 0 0 247 68 49 208 0 255 255 91 113 255
    255 22 96 216 255 44 255 150 228 83 166 251 0 119 179 130 120 255 0
    178 255 14 252 188 57 77 145 0 241 45 159 6 2 26 21 71 0 255 75 123
    111 255 189 0 135 157 95 189 22 0 0 73 32 199 243 0 107 0 233 246
    255 0 99 241 159 179 197 0 123 0 255 129 95 51 109 245 82 30 0 0 223
    0 241 187 35 54 30 255 148 191 59 255 171 255 0 255 98 131 51 243
    193 200 255 157 86 198 166 109 0 249 255 0 0 13 86 0 17 214 204 0
    255 158 222 120 0 136 255 221 231 130 127 255 78 143 76 181 189 220
    178 0 0 70 98 16 255 0 135 255 145 255 41 142 85 0 255 0 57 57 246
    255 82 255 26 29 0 58 18 0 237 255 178 210 74 235 101 239 51 0 0 79
    169 255 205 38 204 0 255 14 177 132 0 24 255 184 226 162 216 15 159
    0 255 73 255 164 0 255 200 255 255 173 47 88 177 136 201 255 124 0 0
    42 109 216 255 137 255 246 62 78 0 255 25 255 0 255 0 132 193 198 2
    243 92 126 119 209 21 181 46 238 219 37 204 8 179 255 196 252 41 1 0
    255 0 204 254 255 55 255 8 255 193 0 114 255 230 255 209 0 0 246 53
    22 0 255 255 255 99 42 15 163 0 0 175 128 52 236 13 207 0 71 255 254
    229 0 198 0 204 240 155 0 255 0 255 255 121 85 255 255 255 255 255 0
    247 16 255 90 124 180 186 0 0 189 91 214 198 91 0 208 243 211 109 85
    17 232 122 184 31 176 0 16 0 0 255 146 113 177 161 207 0 251 255 146
    0 107 197 21 255 245 38 61 27 45 216 81 129 46 0 0 99 52 176 168 116
    44 114 214 0 40 146 255 255 191 15 28 255 241 0 0 255 20 208 255 255
    146 26 198 141 255 255 0 0 67 238 0 20 0 0 172 0 200 177 255 0 135
    225 128 0 255 94 167 91 56 0 63 217 0 167 255 189 0 115 33 160 0 0 0
    0 31 255 213 199 0 21 255 240 245 0 255 251 198 54 158 255 255 189 0
    182 255 216 100 253 209 255 73 0 81 0 255 14 109 255 248 0 0 255 0
    249 255 0 255 218 0 255 0 0 36 166 255 140 31 255 248 188 87 136 170
    0 198 113 204 212 16 255 0 105 255 200 156 0 165 217 255 23 187 255
    0 0 24 0 113 224 255 0 142 23 0 0 0 255 147 36 104 14 0 35 181 0 255
    178 210 255 54 255 204 142 255 0 126 231 0 247 0 255 121 183 255 186
    45 220 246 0 233 255 0 179 201 0 67 26 255 148 94 255 25 224 255 9 0
    101 39 153 0 58 255 169 95 255 180 26 0 134 236 0 155 255 85 214 43
    255 255 0 255 110 255 32 0 255 151 255 252 39 0 83 52 255 45 218 255
    226 178 107 202 255 166 164 61 0 204 0 131 255 255 149 255 107 221
    34 239 255 245 0 255 201 190 255 150 245 61 64 45 251 94 218 255 0 0
    192 97 0 188 161 67 25 255 29 30 156 255 116 255 220 255 61 0 233
    160 1 0 255 128 0 176 0 83 0 70 0 196 207 255 255 165 0 225 57 0 188
    128 255 0 0 22 255 231 208 59 255 0 255 253 0 167 153 255 0 228 255
    53 105 197 157 255 0 46 10 158 77 146 27 255 0 62 71 0 142 210 163
    71 214 15 0 46 191 203 255 165 62 254 243 112 0 0 232 189 0 255 255
    225 248 0 255 255 3 138 255 0 255 95 109 0 0 85 255 0 0 100 131 0
    123 216 152 255 0 113 32 29 196 186 255 255 255 60 254 255 219 44
    113 0 15 181 255 0 4 123 0 216 0 0 0 5 255 87 218 43 0 187 29 158
    237 111 49 158 255 255 226 71 111 0 154 189 81 8 255 137 0 255 0 0
    92 255 155 14 26 0 113 0 255 204 143 145 125 0 226 74 87 250 67 0
    210 5 255 255 0 235 7 221 255 200 142 255 0 0 212 5 114 111 222 139
    59 158 205 255 39 0 255 182 6 255 255 255 0 23 10 0 171 222 140 144
    11 228 213 255 226 0 0 153 52 0 81 0 140 255 57 89 41 145 92 241 150
    0 120 123 70 0 113 15 20 0 44 217 0 72 163 255 171 0 4 0 60 101 0
    116 54 0 137 91 38 163 175 255 244 232 176 171 50 46 0 0 19 0 28 0
    255 0 0 255 255 138 0 68 0 84 63 204 199 255 142 218 0 0 10 134 0
    128 196 139 0 64 75 185 144 255 255 82 0 49 255 41 40 255 229 142
    174 9 0 31 154 255 232 0 68 23 255 0 67 113 0 15 107 208 0 240 183
    255 20 0 180 255 0 88 252 99 178 207 113 142 0 251 119 0 245 83 60
    195 0 0 65 0 0 43 115 4 187 123 97 24 77 0 57 143 0 255 255 0 144
    255 137 45 229 101 0 248 209 230 35 0 195 255 255 94 54 43 247 255
    59 0 133 87 43 255 56 255 228 254 255 50 24 185 3 184 76 255 0 75
    127 136 47 0 0 121 255 8 190 9 208 51 230 150 0 132 4 255 161 255
    219 0 255 255 11 255 0 2 117 255 95 101 181 255 223 143 130 140 35
    98 0 123 0 210 109 137 160 255 248 88 8 0 44 26 241 172 0 90 86 117
    30 255 54 99 155 0 111 188 255 0 207 35 65 255 29 91 255 0 0 255 114
    255 185 195 91 50 37 255 40 255 96 114 210 191 0 62 67 181 141 213
    209 233 255 255 255 255 196 255 92 255 0 255 41 203 241 255 255 222
    255 124 0 189 3 248 77 0 51 255 226 166 1 255 114 251 83 0 184 20 20
    255 226 0 98 55 147 132 91 207 205 0 134 255 255 0 41 255 255 55 0
    40 0 111 212 150 255 101 222 129 255 81 148 143 230 234 255 0 208
    127 255 147 247 6 177 223 174 93 255 211 91 139 255 200 204 167 0 12
    255 16 104 203 0 141 253 12 234 255 255 117 161 184 157 255 1 255
    182 0 214 0 255 255 43 255 0 0 0 105 0 175 255 222 199 235 0 255 0 0
    76 0 255 179 169 241 100 93 96 106 6 255 187 255 255 255 122 157 166
    255 255 9 181 154 255 43 255 255 0 48 47 188 77 143 78 62 0 255 178
    59 21 255 226 179 122 0 62 107 255 206 35 53 4 0 203 170 213 255 216
    0 0 73 0 12 255 109 255 255 0 191 142 98 0 250 117 244 220 228 255
    255 0 92 0 106 0 195 221 0 84 255 136 63 255 38 50 19 65 181 0 59 94
    69 0 239 155 255 0 35 2 1 0 96 250 65 0 164 255 216 45 138 44 41 112
    47 255 91 126 51 76 255 146 0 255 91 41 255 255 56 81 255 188 56 106
    22 175 86 255 255 52 255 0 72 108 0 0 255 0 208 0 255 0 180 255 59
    39 73 255 147 80 243 255 195 104 151 255 71 18 210 97 22 0 20 255
    209 224 142 49 65 255 0 138 194 179 160 253 0 155 76 172 93 248 92 0
    212 148 0 229 255 59 175 255 151 150 0 115 80 181 13 0 121 116 53 41
    211 22 248 255 51 255 255 178 89 90 45 220 243 33 0 204 176 0 66 118
    94 0 0 117 0 138 110 255 245 60 84 208 120 1 0 242 0 255 135 198 158
    0 113 157 0 50 9 255 124 75 122 150 100 62 196 0 169 131 255 70 12
    47 255 52 43 255 220 255 25 253 242 109 21 220 48 104 117 0 86 0 140
    255 54 90 228 255 150 4 254 48 233 55 219 243 135 0 255 0 94 68 0 0
    47 0 0 120 193 32 255 255 145 253 228 186 34 54 160 101 147 0 116 36
    66 166 102 0 234 58 162 115 221 188 0 83 0 64 0 0 198 182 23 62 207
    206 148 200 194 166 68 143 0 45 255 209 221 210 0 207 255 210 0 0
    135 89 0 255 255 255 0 108 177 245 146 236 194 112 37 204 90 255 119
    205 255 0 228 191 75 180 145 0 46 3 61 255 69 255 214 109 222 169 0
    0 255 158 197 21 71 20 255 126 159 255 15 161 75 162 0 0 96 0 167
    143 79 131 249 31 193 14 207 186 110 210 19 0 250 122 169 219 24 0 0
    44 33 255 189 109 53 47 188 20 20 0 210 73 51 255 0 255 0 200 255
    101 29 218 62 255 199 0 116 241 0 255 73 105 112 127 0 141 41 99 255
    206 159 190 58 0 222 255 0 0 255 0 56 90 0 140 251 239 123 109 70
    255 56 204 255 163 82 12 255 149 146 255 255 0 0 0 255 105 134 249 0
    255 0 94 255 175 231 0 0 56 67 0 80 149 0 148 255 6 28 255 255 230 0
    193 122 0 0 255 196 0 176 158 224 19 255 255 154 232 109 148 191 164
    194 157 0 18 255 233 242 196 216 75 99 0 115 255 193 0 255 255 152
    48 225 133 146 253 10 93 54 163 95 0 191 188 166 173 255 32 255 93
    255 51 169 8 255 144 63 121 127 50 28 123 70 255 167 9 255 255 255 1
    255 255 143 0 4 255 242 255 199 255 202 140 36 229 157 56 199 0 255
    249 39 224 192 145 54 115 66 0 62 160 63 211 255 255 255 0 207 159 0
    187 58 255 255 255 166 147 216 253 245 185 170 0 0 230 243 186 0 255
    25 101 116 255 255 0 0 40 67 112 147 0 0 255 0 255 28 0 255 255 158
    0 15 98 54 177 255 255 0 245 255 0 255 219 255 130 172 234 0 187 49
    0 32 0 51 255 0 113 57 169 255 0 30 0 171 255 0 108 218 43 66 255
    208 0 48 143 105 0 69 151 92 255 221 255 255 155 87 0 124 204 208 0
    88 88 116 0 255 0 38 63 70 37 0 112 255 0 0 163 173 130 107 23 21
    239 0 255 62 118 0 14 247 255 229 155 0 255 175 0 247 224 255 34 102
    3 255 129 153 186 230 68 5 255 255 0 141 0 16 0 255 0 96 255 15 57
    190 0 255 48 128 150 63 30 43 0 93 34 255 238 0 255 255 0 22 15 255
    0 107 153 99 255 14 255 190 253 23 255 65 255 255 145 175 212 9 203
    254 136 237 255 65 0 65 255 228 163 0 64 0 97 0 56 73 236 255 255 26
    144 153 87 122 255 255 249 66 255 146 255 205 183 41 98 244 255 0
    177 172 255 29 12 255 222 255 36 0 74 255 147 255 255 28 127 0 255
    34 194 255 0 250 224 67 106 104 42 21 185 172 255 30 15 78 0 255 226
    11 144 0 0 102 68 255 255 255 213 108 85 63 0 56 255 128 254 197 255
    247 78 138 99 255 153 91 108 241 255 79 94 161 0 0 255 146 59 101 0
    31 253 0 255 187 25 132 255 0 226 83 233 0 255 0 36 121 240 212 225
    255 0 0 115 175 86 0 197 0 62 227 15 4 17 179 232 203 229 224 140
    137 188 67 252 48 255 140 225 0 180 142 37 158 215 92 150 71 157 112
    137 0 0 82 99 255 141 255 58 184 197 255 7 233 255 255 81 203 0 255
    0 226 105 215 45 48 115 255 255 36 221 146 0 255 143 43 0 255 50 255
    160 233 0 83 255 47 244 255 2 177 7 228 79 132 103 240 126 0 114 157
    91 170 62 255 92 0 0 234 0 219 63 236 162 0 242 213 0 73 255 212 171
    0 255 255 0 0 45 255 113 0 121 255 135 0 194 0 255 39 70 121 50 15
    255 185 121 223 90 255 189 255 0 0 70 199 0 255 255 255 0 245 0 0
    154 74 164 0 255 255 88 255 156 255 98 255 166 255 97 198 255 0 0 93
    124 96 210 238 113 255 130 255 157 0 153 0 65 251 255 64 22 193 0
    150 222 0 255 194 255 173 134 169 139 150 228 9 0 26 0 103 137 55 86
    255 91 64 232 255 72 255 184 54 40 68 140 28 255 164 186 245 78 255
    44 93 56 6 141 0 164 255 255 132 22 117 255 0 0 218 53 0 139 199 38
    99 0 230 0 0 255 28 146 206 144 255 123 0 0 0 176 174 0 84 167 255
    164 45 187 154 24 104 255 106 0 0 255 0 248 255 0 0 255 255 16 6 140
    116 255 206 230 60 58 166 255 255 11 103 78 182 230 0 173 139 2 255
    199 255 11 179 75 183 15 251 0 255 94 159 82 0 115 54 70 255 236 0 0
    90 0 29 231 0 231 0 102 134 0 0 255 0 0 245 0 0 255 255 255 39 248
    170 0 140 255 4 255 130 98 0 0 107 8 73 49 227 22 255 0 0 0 0 5 234
    6 204 187 117 47 194 124 207 255 47 36 183 79 0 100 255 154 41 78 99
    215 0 0 170 178 0 99 0 229 255 54 225 149 255 209 123 42 12 255 0 77
    246 255 243 255 233 225 94 10 240 145 141 255 227 0 222 89 151 12
    255 255 44 136 117 0 0 176 0 13 168 119 151 79 0 0 0 111 168 232 97
    54 111 14 122 255 255 253 196 255 30 175 255 255 138 34 65 0 247 255
    255 158 255 222 69 255 112 57 34 125 32 255 16 126 255 255 255 50
    119 35 245 0 0 0 120 31 245 183 41 191 208 209 0 255 255 237 255 86
    132 121 170 107 0 0 17 136 99 0 72 165 0 0 53 148 0 186 255 255 162
    0 255 112 219 255 205 243 49 7 0 0 0 255 92 190 109 255 60 221 87
    145 255 255 197 119 77 137 105 161 19 255 222 255 63 228 24 255 134
    233 255 11 0 113 0 123 7 25 7 142 247 255 128 195 255 44 57 0 255 45
    0 255 76 2 57 0 191 100 116 58 225 237 255 253 107 255 49 86 140 255
    197 221 255 41 0 40 255 246 72 98 202 0 3 255 232 245 0 0 200 56 75
    231 0 0 255 192 0 26 0 216 23 33 56 183 158 255 255 0 208 184 0 241
    63 0 255 209 171 243 113 0 255 85 0 184 5 42 228 255 0 255 137 172 0
    79 186 142 93 0 54 57 255 118 73 255 60 255 108 207 107 52 0 13 0 33
    30 139 130 0 122 233 255 117 58 114 201 69 0 0 255 120 183 255 159
    230 255 0 109 224 153 128 146 0 224 11 255 65 255 174 0 255 203 15 0
    144 13 7 33 1 0 255 241 212 148 33 143 137 106 255 197 145 133 30
    229 16 0 255 157 53 54 0 255 210 169 162 194 220 131 220 0 236 219
    22 117 107 171 230 255 253 255 255 26 255 255 209 157 0 0 38 243 246
    0 60 0 0 255 164 210 189 255 255 0 0 255 0 92 0 240 230 119 121 0
    170 0 0 130 148 231 28 106 130 156 87 255 40 0 193 255 162 185 2 255
    101 40 239 0 0 0 15 174 161 0 109 255 255 98 189 82 0 12 10 200 255
    255 168 174 182 255 163 0 255 145 255 255 23 255 79 13 255 169 0 110
    10 255 0 37 255 255 0 29 0 105 195 255 241 81 130 255 255 255 124 0
    141 255 255 255 0 202 194 0 197 255 255 80 63 255 238 153 0 251 48 0
    0 255 177 0 0 140 1 110 6 139 77 0 255 117 192 155 152 194 132 40 33
    255 80 0 182 120 255 212 43 252 35 223 36 177 161 226 255 51 255 255
    3 219 251 255 255 204 144 169 255 193 20 231 255 255 0 0 255 247 0
    143 94 214 25 22 47 126 0 151 148 0 255 120 237 227 0 179 233 114
    252 129 0 0 255 151 255 154 0 67 21 218 163 255 255 146 218 211 91
    20 0 157 0 108 56 255 3 213 255 9 77 0 84 3 85 216 104 0 178 139 74
    13 0 177 189 191 227 80 84 102 7 222 255 76 0 0 163 95 233 37 0 97
    38 188 79 67 77 0 0 44 0 9 143 255 84 244 190 0 144 225 76 197 43
    254 49 98 135 247 119 105 0 255 255 56 133 199 136 255 167 199 118
    20 31 37 165 161 250 17 103 101 245 170 111 255 255 230 54 77 0 208
    24 16 72 148 251 118 206 200 0 0 254 0 238 0 145 255 247 0 10 77 189
    9 210 232 131 255 92 0 223 0 161 21 97 255 0 236 111 0 236 255 186
    221 0 151 1 35 207 0 255 12 0 0 176 147 0 119 255 93 0 109 255 255
    69 0 0 115 226 80 235 170 0 0 198 53 0 255 0 255 230 153 135 171 255
    8 242 212 226 0 242 255 116 177 169 253 255 164 217 188 0 45 165 0
    241 255 92 15 233 117 8 224 255 92 48 182 42 171 0 0 161 255 133 36
    73 20 0 149 255 186 22 255 133 13 255 255 255 2 255 13 0 0 150 214
    32 255 255 255 140 34 201 64 51 99 164 255 255 45 23 24 222 53 55 0
    70 214 63 0 255 0 209 0 99 7 241 105 15 175 255 255 30 0 102 31 255
    0 141 151 133 0 165 0 0 255 255 73 162 255 0 255 0 149 0 0 0 241 147
    154 254 223 5 0 175 0 200 0 0 70 0 230 33 26 220 156 116 255 224 130
    176 0 182 6 85 76 126 255 255 92 57 163 80 0 173 0 15 101 154 255
    237 255 236 181 68 116 255 0 0 86 227 75 0 0 0 219 0 46 0 214 211
    219 61 63 255 198 46 255 147 133 36 243 201 238 255 242 253 170 0 0
    158 40 255 0 255 229 153 221 128 236 0 125 0 150 0 162 123 255 111
    92 53 136 238 23 198 99 194 19 0 60 255 113 255 0 197 140 255 0 102
    5 0 140 83 187 199 172 255 227 255 0 0 88 0 131 0 0 0 255 255 47 0
    104 230 57 255 255 194 255 143 35 4 142 0 217 69 255 87 0 96 255 255
    209 255 90 47 113 255 108 216 216 20 165 70 241 114 72 221 255 94
    255 226 110 255 255 119 225 84 37 0 253 126 36 219 255 255 16 0 255
    255 246 78 0 255 23 0 255 70 102 223 0 181 149 166 184 74 216 125 14
    218 148 125 120 7 139 163 234 239 181 173 0 128 255 0 125 255 177
    255 255 28 255 177 44 26 0 85 0 199 16 118 190 206 42 247 14 121 203
    130 119 1 113 13 255 167 0 255 45 40 30 90 255 225 205 40 255 239
    229 176 255 56 255 0 119 146 0 255 255 124 0 18 183 224 249 255 215
    225 136 232 211 0 154 231 0 0 206 210 255 0 255 250 248 151 151 178
    93 255 79 255 136 250 188 48 255 85 181 156 0 255 40 136 35 0 173
    255 255 255 52 247 0 170 245 27 44 0 113 20 60 255 146 241 0 146 0
    210 0 127 146 0 0 111 59 255 255 247 135 255 127 255 193 18 111 15
    255 160 0 0 106 57 68 0 0 0 136 106 233 221 0 13 248 61 255 0 0 255
    255 255 102 238 126 0 130 56 0 137 180 255 255 178 31 255 255 52 255
    253 0 109 255 232 68 129 59 178 0 190 0 255 98 162 72 224 151 113
    210 255 187 0 0 189 255 144 0 255 184 190 255 109 228 0 135 124 0 68
    140 0 255 88 181 57 170 182 255 255 236 39 35 97 255 58 120 114 197
    237 37 223 227 0 3 255 146 54 214 149 245 229 169 0 0 255 0 0 255
    170 164 146 13 145 0 7 42 1 154 255 84 0 255 17 0 255 40 136 231 55
    151 0 162 255 108 170 255 207 0 58 0 129 75 0 243 0 0 234 24 131 143
    0 9 187 253 255 255 90 24 0 122 0 208 162 120 150 255 255 56 113 0
    180 12 255 117 99 255 19 248 255 191 242 255 0 95 189 210 129 0 0
    179 208 255 255 255 242 167 150 242 101 0 0 0 255 205 255 207 171 28
    0 0 0 0 255 0 127 255 157 15 177 92 129 255 0 22 142 254 210 255 0
    98 183 172 119 206 221 45 84 44 160 73 125 0 146 255 255 152 255 243
    79 255 239 170 54 44 177 255 0 0 48 7 254 167 156 255 254 50 174 70
    185 38 118 183 124 238 255 200 0 255 0 0 191 68 65 113 9 42 0 147
    255 0 161 36 193 109 10 0 0 56 45 235 125 240 0 228 0 184 0 64 56 43
    80 90 0 255 160 0 169 255 234 0 114 2 129 107 182 0 156 255 81 0 160
    89 18 29 255 221 0 0 0 0 0 33 53 0 31 0 108 0 217 46 0 68 89 0 125
    255 255 44 0 178 2 103 0 255 255 90 143 178 52 5 230 53 212 120 5 23
    106 253 0 251 239 255 75 255 255 53 0 255 22 255 255 206 229 0 138
    205 140 210 16 0 80 157 0 204 0 58 5 215 0 87 5 222 90 11 216 130
    197 2 255 43 0 168 35 255 255 57 191 222 128 47 35 220 255 193 112 0
    255 28 0 255 251 0 110 207 255 152 233 241 79 0 199 162 57 0 21 54
    174 98 255 216 0 0 0 255 0 255 83 0 26 41 91 0 206 255 235 131 8 89
    192 208 0 43 92 64 39 255 116 0 223 255 0 0 26 83 213 230 255 178
    255 255 84 255 0 0 226 157 0 25 85 255 255 255 255 255 255 255 175
    250 216 255 255 26 27 45 0 0 105 255 0 0 0 255 42 36 241 255 0 0 0
    42 56 156 182 159 0 0 255 166 0 0 44 178 192 255 255 171 204 237 236
    139 255 255 0 46 130 168 0 213 111 88 125 0 141 0 138 245 34 64 223
    41 255 210 162 26 255 55 0 0 0 228 128 191 50 255 15 0 45 6 133 41
    101 234 7 203 255 255 94 255 0 47 255 173 255 29 0 0 255 26 0 255 0
    0 12 177 151 44 0 0 145 232 143 0 255 159 143 255 107 255 248 24 216
    255 0 180 255 255 61 200 172 255 0 0 29 68 0 255 101 55 255 172 53
    205 255 0 255 255 231 255 7 255 29 146 0 62 194 142 43 0 71 67 45 26
    101 0 33 185 255 183 0 69 126 224 72 230 12 99 202 27 255 0 255 115
    0 255 59 255 31 0 169 0 0 255 30 239 155 58 181 255 8 204 61 0 219
    208 235 57 243 134 138 255 0 0 61 0 255 0 18 103 151 255 83 12 0 0
    226 0 97 229 255 106 88 59 236 251 98 255 218 65 0 10 119 255 255 0
    171 0 77 123 43 4 255 0 255 23 56 238 142 0 39 50 163 0 75 63 27 226
    255 255 218 166 44 255 0 175 220 0 255 16 0 0 142 0 0 0 255 255 79
    212 245 0 176 0 125 0 107 0 0 129 255 168 36 112 134 179 115 92 38
    76 255 132 126 229 255 58 255 87 199 38 69 213 109 75 0 88 255 0 255
    0 255 204 196 133 255 161 4 4 0 66 255 225 219 255 155 102 72 0 175
    78 255 40 230 167 255 38 45 255 7 201 255 0 0 208 0 0 0 255 201 0 0
    99 255 147 61 252 144 53 248 88 255 149 75 57 199 0 130 195 0 255
    255 255 255 255 255 0 0 255 110 159 255 255 28 255 0 200 192 0 62
    255 227 197 61 92 255 58 151 243 255 0 45 255 0 128 59 255 247 255
    19 26 191 255 228 198 8 36 73 112 0 149 0 255 153 255 255 0 0 91 0
    244 22 0 190 204 48 142 255 211 118 255 125 0 255 104 8 188 214 15
    255 255 236 182 180 167 152 116 255 88 0 40 4 20 185 77 255 130 5 0
    199 0 255 247 53 255 138 255 176 0 94 229 182 0 64 255 154 40 0 0 0
    142 76 255 0 0 247 238 155 121 50 255 255 152 239 255 199 70 255 255
    0 20 0 209 255 164 0 189 144 238 62 0 219 255 35 93 59 195 255 253 0
    0 94 143 47 0 232 81 255 41 255 0 255 0 219 189 100 255 194 212 27 0
    255 221 255 145 16 254 59 0 157 44 182 0 112 192 206 35 0 71 24 55
    117 229 217 43 0 255 25 255 185 150 148 0 83 39 51 180 203 196 65 90
    78 255 151 255 255 255 0 255 103 74 184 245 197 255 252 83 224 119
    111 255 255 210 27 255 101 210 175 0 255 0 0 0 255 0 78 0 255 91 0
    255 243 77 206 255 97 182 0 255 101 228 118 0 255 0 255 148 255 182
    0 244 55 37 213 158 32 179 250 59 255 0 98 0 0 78 0 162 255 255 186
    47 204 114 255 181 76 255 22 255 255 135 228 162 96 0 125 29 253 201
    255 233 255 0 196 229 255 138 110 55 255 144 123 0 160 205 187 255 0
    246 255 95 66 196 57 0 217 0 156 7 19 255 226 255 0 91 178 255 240 0
    108 246 184 151 178 85 255 0 0 163 0 138 47 185 234 255 199 245 102
    255 237 114 141 0 169 0 225 161 0 0 0 36 201 207 218 205 194 112 0 0
    255 0 38 0 5 0 44 169 177 255 26 0 0 162 127 240 239 118 136 85 186
    135 69 147 220 255 24 218 87 91 255 0 223 147 110 179 206 0 161 78
    160 255 255 235 103 239 255 255 156 0 233 255 109 255 255 11 255 255
    167 236 255 108 15 177 37 189 34 146 165 132 220 255 217 78 71 152 0
    239 255 255 1 0 255 0 118 84 0 130 137 255 255 255 255 168 255 108
    108 223 35 183 239 116 38 223 217 158 168 99 244 82 255 193 176 0 31
    199 46 37 96 131 255 216 0 255 79 0 93 152 123 220 255 245 0 255 190
    246 255 104 91 255 255 33 202 0 243 233 214 157 255 9 0 31 111 203
    255 25 0 93 0 208 5 170 255 234 162 199 94 175 0 0 0 232 62 16 201 0
    255 255 152 111 255 168 83 255 255 255 185 254 255 213 94 26 255 161
    37 129 63 255 247 133 217 255 44 199 0 0 164 96 34 157 55 218 0 197
    140 180 255 0 23 0 0 9 0 111 3 0 255 255 255 171 255 0 207 0 51 78
    103 39 0 194 24 0 0 255 0 112 255 45 239 161 255 0 127 154 215 0 221
    159 0 147 0 26 0 23 194 0 27 255 209 153 255 193 255 77 255 226 3
    213 33 173 241 14 219 80 172 6 255 255 0 0 250 72 0 0 250 52 105 8 0
    0 0 255 0 78 255 106 81 255 248 223 116 22 221 206 0 95 181 174 0
    189 252 158 255 172 118 0 255 109 255 255 0 159 41 255 255 238 194
    133 198 0 255 255 0 25 0 165 246 147 0 58 56 226 157 129 108 155 125
    207 54 0 0 15 0 0 225 0 255 47 170 38 255 222 255 148 255 0 160 94
    255 203 222 154 255 234 126 102 139 224 60 255 255 188 170 0 234 255
    0 117 245 191 12 166 255 255 0 132 255 0 208 199 0 42 216 226 0 255
    137 199 146 35 70 121 255 68 255 67 124 34 0 210 0 255 255 255 20
    205 255 242 238 58 118 56 139 13 158 255 170 110 255 95 255 227 82 0
    26 115 254 255 184 252 10 0 0 9 133 0 255 0 255 0 202 243 255 166 0
    105 0 154 214 148 150 219 255 0 84 31 86 0 0 227 228 125 223 0 116
    63 0 0 255 45 34 137 47 62 0 167 0 104 0 0 184 255 145 0 217 236 229
    255 45 255 255 123 24 0 30 255 13 77 255 78 192 5 83 20 39 251 139
    55 63 181 213 255 178 36 255 0 176 106 9 75 234 255 255 255 255 226
    255 108 79 255 208 255 89 190 243 156 255 172 255 224 0 250 194 0 61
    5 255 255 0 177 255 255 255 255 88 255 69 12 0 255 255 164 233 0 175
    255 0 255 255 197 35 102 255 255 255 143 33 135 255 174 0 179 180
    255 195 231 122 97 255 130 0 68 196 130 165 248 158 255 235 140 100
    255 239 128 134 115 244 233 255 0 156 78 0 157 177 0 255 0 236 116
    237 30 255 251 251 227 255 0 255 160 0 42 0 0 0 203 74 0 65 9 0 77
    194 0 41 117 0 89 105 209 0 255 95 3 143 237 253 217 172 18 165 172
    0 34 255 252 255 98 172 70 156 18 35 255 0 177 233 255 55 132 23 0
    247 0 137 147 194 14 255 204 51 119 63 255 0 48 144 19 0 0 71 167 98
    129 255 11 167 186 0 191 255 0 16 160 186 255 125 255 44 255 162 251
    59 255 41 120 74 157 0 0 18 0 168 149 255 255 193 255 0 0 181 0 255
    53 39 0 228 0 45 25 245 2 118 30 0 225 149 209 0 249 186 255 85 218
    41 55 79 36 0 129 34 175 0 255 239 255 99 251 249 240 36 142 89 255
    234 108 0 250 246 101 255 10 153 62 219 22 143 5 55 243 47 156 255
    27 55 148 0 0 169 47 0 227 151 135 118 255 227 255 255 105 169 218
    120 255 111 19 84 0 213 23 255 254 0 176 17 203 255 223 0 35 0 35
    255 255 0 255 255 84 58 65 226 74 0 233 255 0 242 201 130 0 170 77
    100 104 255 99 81 0 188 133 0 154 0 12 57 255 255 98 255 255 21 118
    0 255 82 0 0 44 230 0 0 159 0 77 255 196 114 255 130 5 89 31 156 43
    255 74 255 200 0 230 0 143 0 132 79 255 0 255 186 158 234 8 255 54
    127 255 0 102 120 255 255 255 150 39 247 41 238 91 141 38 255 28 230
    0 0 239 255 7 160 69 149 152 255 255 237 52 255 222 50 228 255 110
    158 203 12 74 202 87 0 0 189 0 255 110 0 0 4 111 255 44 177 37 206
    255 255 11 190 27 127 139 0 0 50 68 3 71 185 255 30 42 255 160 255
    255 8 44 40 4 93 0 247 163 7 255 245 61 0 162 0 0 218 254 31 0 144 0
    0 255 31 255 255 188 74 255 29 241 0 192 242 154 0 0 255 64 0 255
    172 20 58 176 23 226 0 0 4 255 255 0 215 63 118 85 37 255 255 255
    232 255 253 255 156 255 3 52 169 0 119 0 154 8 26 250 206 255 0 228
    0 0 109 105 127 255 34 0 255 126 45 48 60 118 0 0 23 184 53 255 133
    154 253 255 0 0 0 79 177 255 156 105 81 20 255 241 255 155 0 0 0 186
    0 130 76 42 161 210 255 70 170 81 198 158 94 175 0 60 255 234 254 0
    51 139 0 27 172 3 255 167 213 255 0 11 242 210 160 44 168 36 255 77
    255 0 0 232 0 73 248 0 103 247 255 0 249 49 61 0 153 94 0 39 0 0 96
    0 0 52 113 104 14 133 0 62 20 81 113 183 255 133 105 39 198 255 239
    0 0 118 191 161 0 0 8 153 8 107 0 87 245 255 52 218 231 255 246 0
    109 4 13 46 210 135 41 75 255 0 255 0 22 255 246 255 13 26 99 5 166
    0 0 92 100 27 209 248 0 0 0 73 210 107 88 255 255 75 6 255 136 0 178
    0 31 0 97 97 204 58 255 192 237 0 0 0 25 52 100 151 137 255 1 0 46 6
    174 0 23 153 255 4 81 186 255 206 0 255 255 0 177 80 255 0 150 116
    255 203 146 15 63 255 0 246 169 0 119 63 37 0 239 0 109 18 255 209 0
    255 255 255 100 161 255 46 153 112 255 190 0 236 242 50 0 52 43 129
    197 255 38 56 217 0 39 0 255 255 0 0 255 50 244 255 175 184 10 0 27
    0 255 255 255 255 95 56 0 200 42 0 32 243 64 170 0 207 255 255 0 118
    255 28 255 255 185 255 104 89 133 252 252 255 255 219 194 255 102 0
    55 255 0 255 255 255 255 170 255 114 0 148 0 12 95 163 226 173 25
    209 51 2 78 39 0 123 118 255 255 85 255 0 174 255 0 149 0 237 0 44
    255 0 223 10 245 255 102 213 206 120 254 0 115 255 255 0 244 255 183
    0 2 131 255 126 162 255 93 255 255 173 104 205 93 113 0 83 255 97
    149 255 255 117 255 149 3 126 48 0 115 255 151 205 255 0 186 0 255
    78 145 204 255 0 233 178 0 93 255 245 81 210 255 161 94 51 0 255 136
    255 255 200 235 38 165 16 255 88 27 238 197 85 0 206 0 68 238 61 0 0
    42 0 94 234 0 0 255 0 0 255 0 0 45 0 230 248 115 151 0 57 157 0 255
    193 2 149 255 255 151 50 139 212 158 133 0 0 0 194 188 38 255 0 0
    255 253 2 255 20 255 5 255 60 0 166 178 90 0 26 0 0 0 34 28 149 114
    162 177 67 25 0 173 33 114 255 111 255 255 240 72 40 255 0 68 108 60
    255 188 0 174 0 82 131 0 0 0 255 56 255 0 99 255 20 182 25 94 141 95
    0 170 255 255 255 255 103 39 0 0 23 193 0 238 255 186 0 0 255 109
    116 177 0 0 222 89 97 96 0 117 46 255 24 255 154 177 0 44 255 100
    154 0 121 0 0 255 0 51 184 180 0 105 237 152 0 255 255 215 32 146
    255 255 249 15 255 255 0 65 255 50 0 157 96 233 87 130 255 122 255
    82 255 103 255 255 12 143 255 0 10 207 255 255 232 0 255 115 4 0 251
    238 97 0 255 255 195 205 91 117 0 0 243 9 255 0 127 94 0 0 186 251
    171 58 183 144 117 2 196 205 255 244 255 163 159 161 255 228 255 255
    91 150 0 163 0 167 43 255 213 251 236 87 241 165 143 246 176 138 255
    0 175 12 32 178 0 29 14 56 156 0 255 0 255 0 132 151 255 141 255 191
    190 255 0 199 0 147 255 255 104 55 255 216 10 147 178 255 0 0 255
    255 205 58 255 255 255 255 0 0 255 87 255 255 140 0 138 255 255 170
    0 184 0 255 252 3 144 0 79 216 69 235 255 185 18 190 169 0 195 0 13
    255 0 135 197 255 0 255 255 86 0 0 30 255 0 43 64 84 0 255 61 220 20
    255 0 114 246 0 0 220 246 120 62 0 206 216 255 255 95 55 255 171 18
    66 0 181 0 198 255 0 78 165 146 0 157 175 0 235 31 214 220 254 18 0
    228 174 255 75 92 227 67 0 255 0 16 93 218 1 204 0 133 54 6 255 255
    5 255 189 255 164 147 78 164 49 255 142 255 90 92 34 32 155 209 245
    166 255 195 204 210 179 69 231 172 210 0 0 159 226 114 241 142 176
    218 121 9 223 255 121 4 90 209 163 75 192 115 10 108 48 24 68 113 37
    115 110 0 133 62 0 87 0 147 0 196 59 198 176 199 110 70 158 71 93 3
    0 114 0 12 212 223 0 153 255 47 254 0 0 0 255 0 89 236 87 255 255
    109 84 197 190 0 78 78 248 0 255 173 230 255 27 139 89 0 51 255 255
    0 191 255 173 205 255 0 230 255 123 147 255 69 16 101 0 34 5 255 201
    255 65 169 0 178 226 75 30 85 0 0 221 110 255 8 129 6 56 124 221 63
    146 255 227 220 77 40 24 0 116 122 221 0 1 255 183 69 21 66 0 255
    128 240 76 58 172 0 171 255 0 231 255 53 0 0 255 222 7 124 255 79
    221 104 38 162 0 0 0 255 230 133 255 198 188 255 2 128 41 209 225
    245 16 0 0 224 76 0 0 255 255 255 44 120 169 255 118 244 56 255 30
    86 255 0 138 255 23 51 218 255 0 178 0 255 141 0 255 175 0 255 255
    255 69 53 4 61 243 108 145 50 213 0 231 0 18 103 0 29 255 14 225 102
    255 148 108 46 22 164 0 23 0 0 0 132 237 204 0 0 191 0 255 187 246
    83 223 75 255 0 5 202 210 84 100 133 127 0 23 0 19 52 2 80 0 76 0
    214 82 0 147 113 85 208 121 255 0 69 0 213 183 33 255 255 48 19 0
    133 0 247 160 255 255 137 142 255 148 183 255 0 82 200 255 255 0 3
    171 77 0 96 255 246 0 255 194 228 0 132 217 0 8 226 18 3 127 0 208
    77 255 255 0 0 221 184 175 45 0 255 77 153 0 118 193 239 245 13 177
    48 16 255 255 255 255 255 0 247 97 87 0 10 21 0 182 255 255 30 246
    255 0 36 172 255 0 177 249 0 255 255 21 0 224 0 0 255 79 0 206 214 0
    130 255 0 0 38 255 65 0 255 235 20 1 0 118 159 61 0 251 116 0 255
    246 155 172 77 0 210 175 169 25 183 145 0 180 166 255 246 126 16 0
    114 94 27 29 255 74 0 184 68 255 231 255 116 255 134 0 131 0 0 193 0
    0 255 0 151 51 33 0 0 1 0 169 70 42 177 255 255 144 27 219 255 92
    224 255 180 0 255 159 0 138 0 29 229 63 152 118 255 238 81 255 76 25
    238 0 255 35 184 167 0 7 0 4 7 0 192 18 84 244 110 158 117 253 108
    255 0 0 197 193 199 133 157 109 144 222 255 243 255 218 223 255 202
    238 0 255 180 102 187 148 138 225 47 255 122 0 148 61 0 0 103 0 239
    127 173 105 59 170 130 0 21 0 140 0 0 212 0 234 26 0 226 0 0 184 6
    255 31 142 255 129 146 255 115 59 0 90 146 0 125 255 255 0 0 255 0
    255 185 171 255 0 67 146 183 255 177 169 35 0 255 142 99 70 105 0
    236 119 0 110 0 193 85 116 215 0 0 91 255 15 14 191 229 0 0 255 0 0
    116 255 253 92 252 255 175 251 207 0 255 206 0 113 0 0 255 0 0 255
    88 250 232 0 0 18 221 255 255 255 224 242 193 147 255 255 0 231 43 0
    105 219 255 150 61 0 227 136 35 0 255 41 255 81 255 168 77 115 254
    97 167 255 197 255 255 129 169 255 255 23 82 0 0 0 35 55 255 231 165
    127 20 76 36 255 166 227 136 66 23 168 0 0 37 40 163 189 103 0 0 46
    255 117 83 225 49 0 171 73 83 0 2 0 162 35 0 18 182 78 255 0 39 147
    169 0 0 209 32 55 255 228 67 230 255 118 229 211 46 206 255 255 114
    255 8 0 255 0 36 7 228 252 255 0 40 45 145 89 0 0 204 107 255 62 221
    236 161 221 255 250 0 0 0 55 172 38 132 0 120 111 255 141 255 255 0
    146 28 0 255 255 255 255 32 54 0 18 72 77 89 161 1 0 49 172 137 81
    213 125 0 255 227 185 121 62 5 159 0 143 82 44 255 12 109 0 223 195
    130 196 238 255 114 255 255 255 0 214 100 255 213 141 100 194 136
    196 0 255 228 0 109 25 0 255 128 193 196 255 50 0 255 230 58 210 174
    254 123 88 0 240 167 196 255 0 237 88 0 210 62 0 16 0 135 184 145 0
    255 0 221 101 0 0 213 0 195 0 30 234 0 125 222 255 255 74 92 111 141
    255 255 12 0 75 27 255 48 147 190 130 32 0 0 74 199 227 255 255 55
    255 16 156 244 0 94 195 153 255 15 0 56 56 20 255 255 111 159 255
    190 103 255 255 53 215 17 129 93 225 255 53 66 162 33 190 229 255
    255 231 130 166 32 255 181 255 253 73 230 37 31 175 255 107 120 133
    102 182 133 238 233 224 180 110 0 220 217 234 212 255 255 255 255
    255 255 0 121 158 255 171 0 103 104 47 151 117 7 0 229 0 142 0 255
    255 0 0 181 0 255 255 255 22 119 255 255 255 155 230 62 205 0 0 250
    164 255 157 103 255 178 255 164 71 255 0 58 0 222 73 119 230 192 0 0
    253 255 5 82 77 212 0 144 255 255 113 255 255 121 0 252 28 172 0 180
    163 0 99 255 23 0 186 169 68 4 163 255 255 255 76 94 35 0 174 0 0 0
    246 255 255 116 255 254 232 240 0 181 0 0 11 0 66 144 255 113 74 15
    0 223 255 50 36 255 231 136 188 65 0 23 80 92 85 126 7 210 94 0 143
    206 255 0 18 71 126 212 149 124 63 154 255 255 0 148 180 255 211 229
    255 0 46 0 160 8 114 253 31 206 138 246 133 0 241 81 175 199 255 255
    66 255 188 0 17 243 38 0 252 187 245 6 42 25 0 61 21 0 111 58 255
    247 146 226 83 255 237 149 229 108 102 0 0 23 88 184 114 27 96 0 0
    115 0 0 31 109 146 15 78 237 149 138 112 161 0 60 255 0 0 144 119 0
    180 90 217 255 255 250 255 0 253 233 139 255 224 66 0 2 255 255 164
    26 221 255 0 66 175 111 56 160 177 177 0 103 95 206 145 255 123 159
    0 192 28 189 0 235 255 0 178 176 127 0 207 0 0 68 78 78 89 0 75 146
    26 156 61 131 1 255 95 207 0 113 255 225 243 255 142 134 139 0 0 110
    77 39 4 134 242 220 217 85 255 255 141 195 146 76 0 118 190 40 203
    160 40 157 46 255 197 159 121 144 108 148 255 0 55 7 23 156 100 255
    0 152 255 49 138 85 255 203 25 127 29 135 255 255 255 221 255 9 201
    0 214 199 159 255 232 255 255 122 0 186 255 120 68 136 132 242 63
    255 240 255 94 63 255 255 0 224 255 224 20 29 125 141 39 2 68 168 0
    255 97 62 153 0 127 152 255 255 124 255 0 116 0 208 0 118 255 221
    190 43 255 255 255 197 167 0 41 255 0 0 15 109 119 255 255 255 255
    155 255 152 0 255 213 255 0 255 221 23 192 92 0 36 248 0 255 26 69
    16 0 0 126 175 0 255 100 255 0 255 0 189 8 215 146 247 0 32 120 255
    161 0 219 134 255 0 145 142 0 85 242 172 255 217 0 197 255 191 219
    255 0 245 149 255 114 31 225 193 255 93 64 166 85 162 252 255 173 86
    184 220 57 255 0 255 224 68 19 255 0 91 255 87 160 255 101 248 0 46
    15 140 0 0 71 0 6 9 255 31 254 255 219 160 135 52 0 5 161 22 27 154
    255 80 154 255 125 69 0 163 131 114 182 0 145 179 255 255 92 111 255
    255 220 156 228 75 255 121 145 0 80 222 237 117 246 151 238 120 249
    0 0 129 73 0 0 233 84 44 26 71 0 0 128 0 255 122 91 154 194 133 3 27
    184 0 0 91 145 0 255 255 36 121 237 190 220 255 255 255 0 90 213 255
    31 236 0 240 209 255 0 67 107 225 245 99 5 255 0 80 0 71 137 102 255
    135 63 0 123 147 142 152 234 255 0 255 0 61 0 255 255 78 0 41 255
    172 84 207 22 54 0 203 0 0 0 39 173 59 255 111 0 0 255 0 0 42 255 63
    17 196 255 176 0 245 47 104 162 187 125 245 177 238 178 74 18 236 0
    102 140 170 28 3 255 74 82 255 12 160 199 0 153 133 12 0 0 252 249 8
    170 0 35 255 102 37 52 194 69 53 30 184 137 0 179 170 255 38 0 255
    226 83 246 226 0 174 153 255 52 39 255 200 0 131 195 214 0 21 136
    255 188 57 32 99 255 222 0 255 0 0 175 226 255 148 0 0 0 0 255 141
    25 209 201 255 144 97 161 194 81 187 255 88 240 4 255 184 0 255 176
    61 15 156 0 89 255 252 88 255 248 90 94 160 255 40 0 30 147 150 0
    159 1 41 207 255 190 173 0 116 255 181 255 64 184 219 181 248 0 77
    255 19 126 248 0 174 142 255 17 124 255 218 255 197 74 227 63 154 70
    79 255 255 238 181 255 255 255 97 255 255 55 0 87 95 255 0 101 255 0
    141 158 101 157 183 255 0 60 191 255 47 255 0 79 0 7 16 211 0 168
    249 182 192 84 33 137 81 255 217 128 190 0 255 67 176 123 229 78 0
    30 255 0 128 217 28 0 255 255 0 194 255 241 0 250 255 165 48 68 72
    134 0 127 246 0 239 255 255 255 0 219 255 0 122 237 24 249 0 255 120
    123 195 220 255 223 136 0 0 200 255 0 213 170 0 203 0 225 8 145 7
    166 149 255 114 0 4 197 0 75 0 139 32 255 0 6 92 61 0 0 223 0 0 217
    255 49 130 218 39 21 255 100 151 74 125 250 142 45 255 255 0 0 0 181
    0 36 0 255 0 29 194 186 90 0 248 255 69 255 35 218 110 0 179 32 255
    0 155 54 133 37 255 209 253 105 27 157 0 0 66 255 245 237 0 0 104
    119 236 183 255 255 91 0 255 178 172 175 255 161 182 255 17 5 70 201
    75 23 255 97 14 255 1 191 75 161 109 0 107 255 0 255 237 0 201 192
    63 80 0 0 57 136 233 162 41 68 0 255 115 0 42 129 0 255 255 255 66
    25 0 0 238 53 255 0 9 0 255 0 135 9 255 133 255 222 84 255 0 68 0
    132 248 0 0 19 255 193 255 221 255 243 97 255 36 39 0 0 255 251 86
    204 223 249 255 87 47 4 80 0 255 167 109 0 197 0 0 0 5 92 255 0 255
    81 117 128 70 41 135 254 255 239 0 175 255 255 255 255 205 3 14 0
    255 0 9 255 58 140 166 249 202 22 5 10 92 255 255 255 51 196 87 220
    114 255 35 197 74 26 31 43 2 137 255 67 118 250 0 255 203 0 162 119
    255 1 255 0 80 255 203 0 15 148 185 179 0 14 24 220 108 17 106 255
    248 255 0 104 143 93 0 255 206 153 59 255 73 196 77 123 0 0 0 146 98
    176 255 172 19 219 175 32 9 70 200 202 254 255 163 89 0 8 157 167 0
    255 0 91 226 245 248 4 81 173 0 0 163 255 192 0 183 255 172 38 189 0
    255 88 90 255 167 107 103 37 154 213 198 211 199 0 255 59 255 85 56
    255 0 255 0 58 106 114 245 180 132 221 0 255 255 255 6 0 0 236 109
    102 0 0 196 0 4 195 60 163 31 255 255 192 255 142 29 117 120 232 47
    193 255 40 249 32 252 255 0 18 109 12 210 241 46 255 12 90 0 0 79 29
    255 0 56 255 104 0 255 254 175 0 51 52 255 255 225 0 29 103 137 0 95
    17 133 0 79 0 44 0 0 0 45 55 0 228 25 255 200 113 40 0 0 87 9 64 0
    78 83 129 46 72 255 187 255 255 157 109 255 255 101 219 41 255 7 20
    0 167 115 75 102 112 23 255 0 255 87 239 0 0 98 237 0 189 89 155 34
    138 255 52 231 0 112 255 108 21 0 255 0 150 158 0 0 28 0 0 255 0 255
    255 125 134 40 137 17 255 167 0 207 4 35 68 255 0 0 255 255 46 18
    127 255 217 100 215 25 108 3 0 70 66 0 41 50 184 74 198 255 255 255
    73 117 0 187 205 41 150 98 78 243 255 104 168 57 0 204 224 0 0 135 0
    18 179 190 0 255 182 32 3 255 8 168 167 200 0 0 23 0 255 129 255 255
    52 255 230 89 66 0 0 0 99 255 0 7 29 2 0 0 142 0 0 255 25 102 255
    189 255 220 49 0 16 72 31 0 116 0 10 24 0 0 107 0 172 184 0 255 35
    255 54 182 11 132 0 255 208 158 158 0 156 48 212 38 135 117 97 127
    131 221 102 0 0 50 0 0 255 0 0 0 165 0 123 129 68 0 82 255 70 241
    106 0 130 215 0 178 255 252 16 133 255 87 0 95 109 255 212 71 198
    160 56 84 205 157 0 246 167 252 155 255 179 255 255 194 177 255 63 0
    255 188 177 2 255 25 0 255 163 0 0 0 0 133 189 0 95 15 246 255 255
    224 186 179 255 202 101 255 225 130 95 78 196 255 66 191 120 219 238
    100 0 3 255 249 163 115 112 255 25 96 255 255 150 220 227 24 255 0
    125 189 75 255 155 202 128 255 0 86 224 236 255 255 199 186 56 151
    162 255 24 255 255 178 255 113 209 255 255 255 50 175 0 172 187 182
    234 0 180 0 173 117 232 170 0 144 255 105 28 0 198 158 0 200 246 255
    255 108 0 255 127 59 255 156 0 227 113 232 255 210 239 159 255 0 255
    255 255 0 0 153 255 94 0 205 252 60 80 255 206 7 21 255 47 53 249 0
    174 255 13 96 10 175 228 254 113 176 221 109 76 92 65 38 0 0 0 0 22
    0 140 0 255 0 0 201 68 63 179 111 96 81 255 0 160 255 229 162 0 132
    203 168 222 255 112 0 152 0 113 89 1 0 129 38 0 30 5 255 0 149 241
    60 0 208 152 0 255 175 142 89 0 255 31 187 168 108 255 87 99 29 255
    0 94 157 113 172 0 187 255 121 255 181 0 25 42 255 255 43 73 255 99
    255 139 0 0 109 57 137 224 58 24 35 35 255 26 221 55 255 92 231 198
    37 117 3 56 194 255 24 255 218 94 229 84 116 108 253 0 179 198 230
    255 0 55 242 65 255 140 0 98 0 0 77 0 75 226 0 203 159 255 27 255
    140 103 191 9 134 204 23 255 231 255 0 255 172 47 0 144 0 0 142 149
    230 20 0 216 0 80 255 0 255 253 255 255 27 0 119 0 165 211 218 164
    113 0 253 253 205 194 53 2 91 0 137 0 0 255 255 188 255 47 178 0 140
    249 16 59 0 255 0 0 233 255 0 52 255 38 109 115 54 44 6 199 255 207
    255 255 0 50 181 237 195 255 64 164 230 40 0 86 255 119 194 133 121
    0 255 132 62 111 25 88 80 18 192 172 111 140 215 213 0 143 0 146 130
    204 255 191 197 255 0 255 228 151 205 0 230 255 115 17 166 59 67 109
    88 8 19 116 0 156 248 54 85 255 250 0 138 255 32 1 143 130 41 255
    255 255 154 255 255 127 0 55 58 0 37 60 57 255 215 105 179 163 49 74
    255 0 78 237 6 137 110 150 255 112 109 0 139 255 248 90 213 0 0 100
    65 213 255 121 190 0 195 0 0 102 255 48 255 20 66 227 227 152 0 255
    255 0 255 196 255 169 255 255 173 128 42 95 18 145 0 116 255 141 1 0
    255 0 236 102 86 0 0 0 0 255 0 0 184 0 63 194 0 49 3 0 76 129 255 0
    141 255 119 84 43 176 29 255 124 0 116 255 201 111 29 156 91 44 0
    255 101 0 159 60 255 71 0 255 249 206 159 9 255 0 255 123 255 0 0 0
    0 0 103 149 255 58 0 226 117 73 115 255 204 186 0 49 32 154 0 85 191
    162 148 0 26 173 92 229 0 154 219 45 135 89 85 248 219 216 255 124
    241 219 155 129 130 255 255 152 140 0 216 192 202 193 190 0 25 82
    255 212 255 39 171 200 110 0 0 101 225 52 100 134 5 0 13 202 237 255
    0 22 0 205 0 129 255 255 75 19 187 255 0 110 96 203 0 75 170 0 85 0
    205 160 76 117 255 40 255 68 206 219 255 178 249 0 157 112 150 217
    93 64 65 0 158 0 145 255 82 0 255 123 84 3 5 7 156 97 24 239 255 255
    58 24 100 144 21 255 255 0 191 255 23 59 0 211 255 48 117 71 152 206
    29 33 0 69 0 255 199 157 83 255 255 93 93 0 38 0 100 0 224 255 209
    236 71 180 161 255 127 0 57 177 255 204 243 8 0 97 255 208 207 255
    255 0 188 248 255 0 25 255 198 53 159 127 255 147 96 255 255 235 220
    170 190 168 160 139 255 0 0 0 0 47 74 212 42 34 0 159 85 54 130 255
    129 17 161 0 0 0 74 91 203 241 255 94 125 15 116 182 0 99 203 0 115
    11 0 133 250 89 10 13 0 88 224 0 255 157 95 203 144 255 229 157 68
    124 29 0 0 228 0 51 78 72 56 70 255 255 255 255 0 163 130 163 4 255
    255 110 0 255 81 244 173 255 190 0 35 142 240 159 0 204 255 77 186
    255 78 62 56 213 255 183 83 157 96 255 0 255 137 115 254 103 22 0 60
    0 251 200 230 239 255 255 194 21 69 0 255 255 207 238 0 255 100 115
    255 0 132 168 202 46 0 255 255 3 36 24 0 113 78 86 152 0 83 255 40
    245 255 0 156 0 78 255 126 76 190 0 255 0 43 242 255 0 8 253 236 126
    197 237 129 18 255 247 172 194 255 251 36 117 200 136 200 255 149
    255 0 163 255 255 235 181 62 94 255 75 114 255 144 146 24 100 0 0
    255 0 229 160 169 255 159 125 85 239 151 135 255 7 150 255 123 242
    224 126 89 0 136 255 117 96 0 83 106 0 0 49 255 50 144 255 255 0 232
    112 211 179 11 255 147 190 76 244 134 0 78 0 78 185 255 255 255 220
    214 255 219 44 75 66 240 255 0 255 170 0 39 19 116 0 26 11 214 255
    189 0 0 0 211 0 236 0 207 190 255 0 18 74 9 20 193 0 178 28 154 143
    0 255 62 63 0 3 0 158 87 0 229 255 40 0 185 141 51 131 0 232 57 103
    0 238 188 236 255 134 139 70 133 255 97 172 0 255 255 94 21 1 0 94
    208 136 181 83 0 230 255 255 255 125 242 41 151 232 255 29 219 255 0
    230 255 74 60 152 150 36 177 139 20 0 52 255 0 0 255 101 207 75 0
    255 0 255 0 76 255 0 255 253 133 165 67 23 91 27 237 35 255 165 120
    255 196 2 255 195 255 67 110 255 111 244 80 151 246 78 110 0 0 117 0
    124 107 0 172 220 28 255 255 110 0 255 87 64 57 30 121 0 251 219 255
    123 88 217 11 0 255 147 122 8 243 76 214 50 117 30 195 226 0 0 88
    127 255 60 234 255 203 107 0 191 62 92 0 4 219 214 16 177 155 0 0 60
    40 153 0 111 192 255 181 0 164 255 96 0 255 0 194 54 156 174 0 98
    107 0 92 209 194 0 255 123 154 188 134 100 96 110 122 137 0 237 73
    55 255 152 255 136 136 115 0 111 105 255 93 152 198 255 0 41 255 117
    250 65 170 245 117 0 0 187 157 92 247 0 255 213 0 59 0 255 59 174 0
    179 0 59 0 0 0 120 28 160 255 154 255 38 0 29 251 0 0 206 129 78 197
    255 81 243 148 80 170 255 196 255 46 2 39 38 208 166 255 0 204 255 0
    0 0 100 248 202 71 255 0 250 255 97 188 177 115 0 255 79 49 255 202
    16 48 19 229 255 34 0 204 0 110 176 0 108 153 255 168 0 0 196 236 0
    0 157 255 0 156 104 44 158 255 7 59 18 57 160 255 129 76 139 35 87
    255 0 220 255 0 192 84 17 255 255 255 48 255 222 102 1 114 59 0 162
    255 0 171 227 25 78 48 122 236 212 46 110 255 50 0 108 166 202 0 126
    134 113 17 166 97 0 182 59 0 187 225 136 0 21 208 46 0 27 255 255 50
    0 0 16 0 0 39 255 253 197 16 71 0 6 0 154 255 107 147 255 0 201 0
    177 153 91 107 255 88 134 214 255 255 142 255 117 255 255 0 255 28
    72 194 99 0 255 229 212 0 255 23 100 255 244 0 186 255 0 149 255 128
    149 86 111 255 161 204 0 132 255 0 156 109 137 54 0 175 46 127 91
    149 217 41 255 220 87 18 88 229 129 112 25 227 198 0 255 255 148 56
    236 255 14 155 0 74 0 190 0 238 255 185 0 29 0 0 255 93 152 0 255
    255 0 136 255 255 0 255 237 98 206 0 17 0 255 147 255 255 174 0 187
    45 205 0 255 11 255 101 130 185 255 255 255 61 0 255 255 153 253 103
    24 69 97 29 255 255 240 185 8 2 0 0 255 34 90 33 0 219 255 138 11 28
    193 72 0 159 0 76 0 255 0 0 0 0 255 162 215 255 0 125 55 0 170 121
    255 184 210 0 202 147 13 20 106 250 134 142 0 255 25 116 0 217 88 1
    101 161 6 245 162 176 125 195 162 0 0 191 38 11 77 14 237 231 231
    255 53 178 0 43 48 255 0 255 167 255 243 26 255 173 106 189 255 0
    107 132 236 207 220 1 255 176 195 39 79 251 5 126 247 0 99 0 0 94
    255 255 204 52 76 60 232 0 115 204 155 0 0 165 0 12 150 74 85 255 55
    98 47 206 255 0 139 255 52 251 169 0 255 91 205 233 167 178 0 186 55
    130 98 30 240 174 255 65 72 255 160 195 255 75 92 172 146 2 47 236
    202 196 0 53 21 157 255 83 81 215 116 161 215 69 69 208 57 255 105
    35 88 221 49 255 117 219 255 94 186 66 135 44 0 20 194 72 255 141 73
    150 0 17 73 255 255 255 234 0 66 255 42 161 255 130 4 220 199 255 3
    49 255 0 255 204 0 159 219 232 204 199 219 63 0 220 119 255 190 255
    0 103 84 0 34 229 196 0 59 66 174 97 119 0 0 178 165 0 0 44 255 255
    47 255 96 227 146 21 0 147 0 26 94 12 0 0 17 255 11 148 32 0 19 0 0
    255 0 34 0 83 0 255 254 55 131 18 19 0 255 0 0 255 232 0 0 0 0 169
    80 20 255 108 17 161 3 9 255 0 174 5 176 209 227 58 255 81 212 208
    151 0 196 0 255 231 209 201 255 255 255 173 18 59 68 133 255 109 12
    199 189 153 18 61 0 174 100 151 255 249 0 0 199 151 255 129 104 139
    0 151 0 224 255 255 121 255 184 78 32 57 30 255 255 243 160 0 136
    107 0 0 76 255 0 0 221 255 246 78 255 255 0 0 237 0 5 255 147 150 86
    199 0 47 22 73 238 230 237 0 218 255 0 70 91 255 87 140 255 25 255 0
    255 140 134 17 0 75 156 188 239 0 237 2 99 0 255 117 121 255 255 25
    93 255 0 209 197 99 183 208 255 60 255 245 0 37 255 151 47 255 255
    33 0 37 106 0 0 242 156 41 255 249 104 0 170 0 255 0 82 255 0 166
    169 67 140 230 255 168 255 26 238 0 255 128 173 137 110 255 192 28
    184 215 200 145 117 241 81 241 139 0 2 212 84 0 248 71 255 89 155
    255 142 0 255 22 255 106 0 79 255 198 166 255 22 168 99 250 3 0 255
    136 52 225 245 22 165 94 5 189 171 195 144 255 255 92 93 171 205 0
    131 170 215 221 228 0 255 4 0 0 0 255 0 157 225 224 255 102 255 203
    73 255 200 136 60 255 0 0 222 0 255 0 170 255 116 0 204 84 76 0 255
    255 108 128 0 28 61 0 153 5 0 255 70 249 0 77 198 255 61 255 0 65
    101 255 0 0 109 207 0 0 0 168 114 255 153 207 255 154 255 218 51 255
    247 255 215 0 0 4 61 0 0 104 187 0 32 24 251 96 0 201 250 39 122 0
    226 235 0 34 0 204 255 123 212 28 255 255 0 255 0 173 255 0 253 170
    244 76 255 0 0 233 0 255 155 0 60 68 255 220 47 255 35 0 36 185 138
    255 226 76 159 123 9 0 180 200 118 255 0 199 52 0 255 42 0 255 120
    187 255 3 222 60 250 141 86 86 0 159 185 0 217 187 107 255 255 95 11
    130 134 174 19 65 41 203 15 171 128 133 238 0 0 39 118 255 255 68 66
    170 176 255 255 88 0 92 179 64 0 255 1 17 109 142 0 225 255 204 0
    215 0 141 70 139 255 81 229 117 94 255 192 0 248 230 37 255 109 91
    124 60 0 255 67 229 112 30 107 255 67 144 182 52 92 131 0 255 180
    255 255 225 165 0 235 209 153 143 93 148 240 235 181 0 25 43 190 141
    20 73 0 255 220 0 255 255 59 163 0 0 164 0 0 126 186 46 172 115 84
    112 236 255 255 255 207 0 255 89 208 11 33 229 111 0 0 132 27 44 255
    0 204 61 137 29 214 167 50 0 202 255 255 201 188 255 0 39 99 72 44 2
    137 36 25 253 0 216 195 128 247 0 148 255 59 17 46 255 0 37 35 100
    255 89 94 131 255 2 239 255 251 13 140 71 135 222 40 0 0 255 255 63
    134 255 0 27 72 50 242 1 224 255 255 170 255 151 141 239 103 248 0
    255 168 0 255 204 228 0 228 255 167 90 22 58 0 255 139 73 67 67 0 0
    255 60 197 28 175 48 63 204 255 224 88 94 0 255 0 119 196 84 255 0
    198 255 118 255 255 231 231 201 249 0 255 229 92 0 0 150 34 0 51 232
    22 158 0 14 162 3 0 92 255 247 0 240 119 130 255 17 75 255 41 224
    255 33 207 9 125 71 255 141 35 232 53 5 0 255 131 255 28 108 116 253
    254 255 255 0 101 255 51 92 61 30 255 0 20 240 209 100 115 79 94 188
    141 0 0 181 220 161 11 0 255 255 255 177 208 179 180 107 44 136 141
    0 117 199 9 121 255 10 0 232 143 0 65 0 64 20 61 255 1 205 184 38
    116 85 0 92 255 133 19 140 138 242 108 0 255 148 0 134 208 255 255
    109 0 255 150 61 0 157 13 0 255 0 18 255 129 255 241 255 133 19 255
    166 36 105 255 179 146 255 0 0 255 0 0 255 242 255 255 255 192 155
    255 231 226 255 147 207 255 205 230 207 26 91 255 255 0 255 255 161
    96 255 164 255 255 159 70 255 253 208 0 240 0 119 123 23 197 159 22
    255 63 0 5 81 241 255 175 255 70 255 255 255 102 159 59 43 12 255 41
    189 241 255 255 0 213 0 248 61 102 0 122 255 163 0 255 182 25 50 65
    0 118 144 65 0 167 86 0 165 0 26 81 0 255 67 180 0 228 0 174 255 0
    107 89 249 197 0 255 79 255 29 186 8 62 76 130 136 83 131 0 9 255 46
    117 161 122 179 250 0 91 215 255 255 255 0 154 68 0 255 215 255 224
    184 165 130 155 110 24 206 91 0 190 214 167 251 139 255 0 88 255 59
    52 129 0 0 0 255 107 157 0 151 222 229 231 238 255 255 123 255 255
    203 255 36 255 229 100 0 63 83 153 255 7 255 34 31 251 255 177 178 0
    67 116 188 5 28 246 255 0 255 0 255 40 104 169 246 169 255 0 0 118
    209 120 12 255 246 53 210 223 98 255 53 255 0 184 0 159 198 1 255 0
    103 255 0 231 237 0 219 227 167 255 97 250 123 0 0 195 5 0 255 180
    174 0 255 255 38 112 155 139 0 0 117 255 32 104 255 99 147 176 48 0
    28 137 0 255 101 255 21 152 147 0 86 239 219 219 255 0 0 0 255 146 0
    193 117 102 0 255 244 71 105 0 18 154 0 255 255 103 134 255 193 210
    157 0 18 160 117 163 18 255 0 233 255 241 250 23 80 24 108 255 255
    255 255 165 17 105 134 0 182 255 129 255 255 184 56 64 105 122 161
    55 244 0 247 106 178 223 96 67 208 255 255 48 0 123 161 0 75 4 23 70
    255 0 0 2 255 0 20 91 255 206 99 17 9 0 0 27 0 80 248 255 200 0 1
    255 190 0 175 140 248 187 0 20 238 123 243 255 0 68 69 0 138 157 255
    0 86 123 0 241 184 239 255 0 0 162 84 14 8 255 191 255 100 210 0 181
    0 0 185 74 103 0 255 0 165 246 255 0 255 255 0 31 255 9 255 109 56
    162 226 8 255 0 161 255 100 255 60 0 0 161 205 153 255 38 0 58 8 255
    0 0 186 84 51 54 0 149 255 255 18 255 220 178 9 254 90 169 0 146 215
    0 239 0 182 123 163 135 255 255 174 114 32 134 187 236 147 112 0 0
    169 170 243 215 219 0 159 174 255 255 162 255 68 23 255 110 255 0
    255 24 88 215 255 178 0 124 184 0 206 231 76 255 9 0 136 246 228 0 7
    130 25 0 154 117 255 245 0 142 0 0 0 255 103 0 37 0 180 166 166 72
    24 0 145 0 10 64 250 22 110 111 255 49 153 255 13 255 255 255 34 255
    187 255 255 25 255 170 0 25 208 0 83 169 61 0 90 111 12 156 255 77
    207 255 0 135 255 0 253 111 215 195 140 255 255 255 0 130 193 157 0
    0 0 86 58 110 0 145 7 16 15 87 116 0 0 6 239 255 124 255 255 200 138
    255 131 255 202 161 25 215 19 160 236 0 0 203 96 0 212 191 255 162 0
    255 0 0 64 255 38 158 52 255 101 51 255 109 118 44 210 214 0 255 169
    1 10 162 255 93 255 255 54 255 0 207 213 162 193 225 255 251 28 118
    205 154 127 80 23 160 255 208 147 145 0 109 255 185 0 29 105 58 163
    155 106 173 159 255 90 107 66 255 74 53 255 0 153 164 255 58 130 0
    255 9 0 179 0 120 146 0 10 11 10 68 82 255 255 0 255 255 4 255 0 226
    242 0 98 255 133 134 163 217 245 216 193 112 230 30 187 74 183 0 9
    255 160 12 0 92 217 0 133 0 0 20 226 109 0 101 34 50 255 138 0 255
    255 255 188 19 23 84 84 123 191 142 172 212 0 233 96 0 0 227 0 190
    78 84 213 85 0 95 255 12 193 0 123 137 97 0 138 255 21 145 179 0 255
    0 81 0 82 88 59 185 80 172 255 58 248 171 175 255 255 188 163 80 127
    0 195 0 177 0 165 255 106 0 214 0 0 124 109 234 149 255 255 0 0 198
    255 156 255 95 77 202 0 211 116 0 108 0 251 0 36 107 140 135 58 0
    255 16 255 255 0 22 0 0 0 150 217 121 64 255 255 103 166 250 127 113
    255 213 0 226 0 200 233 183 255 151 255 81 255 53 68 209 24 100 166
    154 0 0 147 255 38 210 34 69 132 0 197 0 255 104 255 79 14 109 52
    254 104 53 0 255 255 124 213 255 223 255 255 49 243 191 0 123 247
    255 233 0 127 0 255 2 0 253 236 48 90 255 70 160 181 41 145 0 255 0
    255 162 157 255 192 71 31 72 131 80 96 14 0 0 0 144 0 214 255 0 255
    133 255 121 61 107 32 203 255 0 255 122 255 255 0 218 145 252 122
    103 255 0 255 52 46 216 173 94 255 15 205 255 124 0 183 255 104 28
    234 97 174 0 59 241 96 120 0 234 218 38 140 76 170 0 255 155 116 255
    0 255 255 255 255 107 71 6 255 44 50 82 255 112 238 201 109 101 50
    193 255 24 97 255 255 130 0 251 196 0 58 97 255 22 0 255 14 92 255
    172 42 122 235 240 210 255 0 0 158 73 252 10 95 138 171 76 76 128 91
    255 0 252 109 169 251 254 235 99 0 0 255 186 51 155 0 0 186 255 240
    255 168 0 127 14 255 238 0 81 36 125 255 11 100 255 16 0 228 0 191 0
    12 2 83 97 0 255 89 77 136 216 255 230 255 155 255 13 255 147 0 0 13
    128 248 150 80 0 255 0 255 255 155 0 133 213 255 86 135 0 25 57 0 0
    158 0 48 71 200 255 106 255 233 0 217 204 130 0 52 32 167 0 235 216
    0 255 97 165 250 0 255 14 204 255 182 211 0 163 222 0 244 20 51 223
    223 44 60 109 0 182 0 255 141 255 24 152 242 42 0 247 138 73 178 12
    103 0 23 195 255 123 0 255 182 218 233 130 0 143 193 232 254 0 255
    232 123 0 37 85 220 0 233 159 6 255 253 0 148 132 211 106 255 0 92
    233 245 191 0 255 10 44 0 166 253 255 255 6 118 255 255 132 0 142 5
    87 0 128 255 23 255 235 68 143 251 239 208 7 180 107 223 245 0 0 0 0
    0 255 29 255 255 208 247 255 98 255 36 14 229 127 252 125 0 108 206
    255 222 93 0 40 235 55 97 0 176 63 0 155 255 21 0 255 51 255 155 220
    21 255 216 0 86 255 172 47 85 255 231 0 159 128 0 125 255 249 97 41
    0 102 255 0 0 255 10 42 255 122 82 0 255 45 57 255 0 131 255 0 195
    103 169 234 182 252 255 35 0 68 72 238 0 233 129 255 255 21 0 255
    196 1 73 172 226 182 0 1 204 0 0 156 255 142 190 0 229 0 205 0 206
    109 188 0 40 139 198 189 72 186 17 255 3 129 232 255 139 83 242 0 0
    189 14 251 26 0 82 0 200 217 95 0 74 0 172 0 0 255 115 255 116 0 98
    162 86 82 123 210 119 205 0 178 104 0 255 224 205 67 197 0 0 0 35
    223 255 217 148 31 255 223 188 235 226 0 0 149 78 227 0 152 0 202
    255 239 28 255 255 0 114 218 0 255 31 255 0 0 142 101 252 250 216
    112 0 155 205 255 0 171 0 255 242 15 118 130 101 26 255 140 104 100
    255 219 0 222 255 199 255 255 46 0 0 239 80 168 0 49 77 26 82 215
    218 206 0 255 118 30 255 87 118 132 0 234 255 208 255 255 255 134 0
    255 255 0 121 255 0 109 255 235 255 13 255 190 255 58 0 68 27 212 90
    21 255 0 11 255 187 0 0 255 112 255 255 234 168 175 108 25 173 148
    128 48 135 0 255 255 0 90 40 101 246 157 91 0 255 255 0 255 166 255
    0 255 44 201 245 160 21 12 183 255 65 0 214 177 10 61 209 148 185 34
    101 89 15 209 0 60 0 195 83 0 213 96 72 26 0 27 0 0 20 0 239 255 96
    104 0 188 54 255 0 255 46 189 41 218 146 196 0 0 129 112 160 124 255
    149 0 255 40 0 107 196 255 11 0 255 8 214 255 0 238 255 147 52 255
    32 213 239 93 82 0 49 255 0 0 100 119 0 139 0 32 255 255 33 255 253
    0 24 0 172 252 154 255 255 167 59 255 65 174 0 243 0 149 214 131 255
    182 221 255 255 19 65 15 37 225 244 255 244 226 222 255 12 255 255
    92 0 0 51 254 0 7 71 101 222 255 0 103 255 0 9 67 30 244 255 94 255
    35 38 0 141 255 0 0 168 213 0 0 0 0 2 135 0 255 249 44 106 72 27 255
    146 247 0 255 172 154 255 59 255 155 109 88 0 175 0 0 42 48 172 178
    255 120 0 171 255 216 0 255 255 0 3 190 42 184 193 0 172 199 0 255
    94 66 255 255 27 199 111 62 0 255 91 234 255 0 0 188 0 255 26 255 0
    250 93 130 255 0 228 0 47 0 255 104 0 255 6 57 118 196 247 0 255 255
    0 255 58 10 177 26 124 255 121 255 139 255 181 255 219 4 255 61 2
    248 24 255 178 0 255 0 235 104 171 255 0 233 0 255 0 56 0 81 116 19
    187 196 255 223 189 255 39 255 248 184 183 0 65 255 113 191 96 255
    248 0 224 226 0 0 255 0 218 133 0 19 142 38 241 75 255 183 81 27 73
    208 111 0 0 7 75 0 217 29 70 15 255 0 185 255 205 255 157 162 255
    255 159 101 255 255 90 0 255 7 255 255 255 255 147 37 190 255 0 255
    203 61 0 120 255 121 228 255 255 232 155 176 250 90 0 255 104 153
    255 35 0 255 0 255 92 255 255 157 0 0 120 21 63 0 0 255 0 216 147
    252 109 174 228 53 17 189 168 255 255 0 115 183 0 0 201 192 148 19
    255 0 218 114 255 0 41 255 0 20 93 17 214 3 0 72 255 255 255 255 31
    238 29 160 20 243 154 30 255 0 153 229 67 213 255 145 243 255 255 75
    0 109 8 40 0 183 83 139 0 102 188 0 228 246 255 0 44 136 222 179 217
    88 255 241 13 0 43 248 34 0 255 0 12 0 43 26 14 255 114 151 255 5
    255 0 255 230 18 153 128 255 52 157 0 255 116 244 30 80 162 0 124
    217 0 174 255 0 0 255 255 151 87 255 193 0 255 255 165 248 255 7 0
    255 232 255 23 159 199 244 100 138 255 71 117 224 255 126 0 254 255
    0 2 159 220 73 255 228 28 19 0 255 87 176 0 178 52 177 57 255 217
    255 255 0 0 104 0 41 255 206 212 255 105 59 0 113 0 59 0 0 66 61 0
    116 133 192 255 10 250 223 0 30 0 142 139 124 30 77 154 110 197 255
    0 115 255 106 80 123 50 255 188 201 152 255 196 63 235 255 0 4 218 0
    175 72 145 125 238 0 227 44 91 211 117 255 255 121 255 132 16 0 227
    0 0 217 0 0 101 2 62 197 168 52 255 255 255 0 255 202 4 255 24 105
    38 231 213 255 0 52 206 7 96 75 255 87 255 255 17 0 0 198 255 0 240
    31 137 90 0 20 77 153 13 159 116 0 177 255 255 0 132 255 152 0 0 0
    11 0 0 0 0 87 255 254 85 0 255 55 105 145 0 207 0 136 225 255 89 180
    0 138 75 0 255 226 222 255 255 204 255 182 150 0 0 155 190 49 227
    255 57 255 201 0 235 255 217 255 86 172 169 78 255 229 157 117 113
    255 74 231 149 119 0 113 247 224 255 0 143 183 255 0 229 247 66 16 0
    255 211 155 157 21 174 0 59 95 102 124 87 8 255 0 0 116 75 0 212 211
    65 128 255 0 248 59 82 242 11 12 0 255 255 255 255 184 61 73 255 255
    232 255 255 0 115 255 24 76 61 0 0 0 255 242 11 14 0 12 65 255 255
    255 0 206 69 170 126 0 148 255 0 35 255 0 0 82 54 61 102 2 62 255 0
    41 0 72 232 0 203 255 211 57 183 255 57 0 0 183 62 54 243 0 12 184 0
    255 192 255 201 228 84 0 84 159 105 60 204 255 146 12 255 80 164 171
    49 99 255 0 31 255 33 255 174 0 77 232 0 0 255 0 66 255 92 0 138 216
    205 208 219 229 224 255 49 16 0 101 211 194 255 70 207 232 180 21
    128 199 0 142 0 198 19 101 248 98 140 255 43 42 0 0 122 232 161 0 72
    36 128 200 254 0 37 255 0 23 255 11 147 21 0 62 144 0 255 255 5 192
    255 6 159 255 18 233 112 186 0 255 0 27 255 232 0 255 173 126 31 8
    139 171 0 149 0 213 105 114 255 12 41 7 244 90 113 152 0 96 142 0
    219 255 255 202 255 31 100 255 48 0 38 255 8 59 23 162 0 255 250 165
    0 255 0 23 217 103 209 83 142 216 156 66 5 115 107 249 202 255 233
    200 0 0 0 184 255 151 255 0 171 216 112 255 0 255 212 139 0 255 0
    143 170 65 95 37 232 230 71 0 0 0 0 45 189 127 255 0 35 212 69 80 0
    0 162 236 202 0 144 97 152 255 75 192 255 0 50 180 255 95 0 108 76
    11 14 180 255 255 250 148 171 150 22 0 0 255 255 224 0 0 255 255 255
    133 0 250 181 0 38 87 0 1 204 47 156 146 0 0 255 19 25 0 255 67 230
    255 255 255 255 255 61 233 85 48 168 41 0 120 180 230 0 214 27 0 113
    255 96 16 255 19 9 145 255 191 204 255 97 238 2 53 0 255 39 219 132
    196 0 149 71 112 187 246 0 186 72 171 0 0 255 0 61 0 44 255 0 255 68
    221 68 18 232 0 244 72 0 159 255 0 72 124 0 144 146 207 202 168 227
    0 255 88 183 255 117 0 10 0 205 0 144 255 238 0 31 0 53 87 216 0 0
    255 0 255 15 255 255 67 18 255 0 88 82 255 14 120 255 0 0 0 106 255
    255 255 255 255 0 255 215 147 205 174 215 50 167 71 95 177 0 255 40
    255 255 0 191 255 156 2 145 255 255 132 0 127 202 12 77 216 8 84 255
    179 14 255 235 37 151 0 215 255 58 238 255 255 243 149 164 28 247
    176 218 21 255 22 0 239 77 19 0 0 83 255 23 0 0 255 170 255 122 0
    185 109 36 81 0 255 255 10 24 255 48 255 46 132 0 0 81 153 180 115
    125 255 221 36 0 163 86 82 0 0 168 217 75 255 35 83 255 113 235 191
    185 17 255 152 255 0 5 57 0 0 5 63 137 0 103 151 0 0 0 142 221 16 60
    7 41 49 237 0 3 54 46 207 225 0 48 195 182 148 0 35 16 255 67 255
    213 255 0 255 157 8 251 255 72 255 133 223 25 147 49 0 0 255 213 255
    42 42 0 14 255 156 205 0 33 223 168 126 15 246 0 255 187 170 206 221
    255 135 111 0 227 66 219 0 40 0 0 17 43 99 215 111 255 255 0 0 129 0
    255 255 174 255 67 255 0 191 123 182 0 142 87 0 121 161 255 79 184
    163 0 0 255 51 44 255 82 195 0 90 100 133 255 136 147 44 150 255 0
    111 7 174 255 59 42 0 99 11 158 50 255 255 27 76 94 173 31 255 0 255
    11 0 98 47 187 0 195 47 25 0 161 255 50 0 0 255 0 103 255 0 238 255
    90 202 255 255 216 49 0 255 0 182 47 0 228 136 0 0 128 156 255 0 245
    47 184 0 137 166 12 172 80 255 224 255 113 200 255 224 234 105 255 6
    89 255 36 22 0 0 255 187 19 255 255 65 108 160 0 255 74 255 255 107
    9 0 243 27 255 180 71 0 255 93 64 12 0 254 120 22 255 0 70 248 26 0
    206 255 48 0 232 120 160 255 35 246 229 165 104 255 192 255 0 227
    238 74 255 0 255 246 22 0 218 104 0 255 254 255 77 0 255 206 172 9
    255 118 0 255 7 71 255 0 154 20 21 0 247 255 255 255 126 162 255 168
    9 0 99 0 34 47 137 213 139 40 71 33 76 255 176 101 70 0 0 129 129 0
    255 33 0 116 187 103 33 255 255 0 255 76 90 255 43 253 0 186 255 255
    255 0 0 132 190 146 232 0 160 176 0 0 0 0 175 49 160 57 224 224 255
    0 0 255 21 221 225 181 18 255 255 255 0 0 97 249 143 53 255 84 255
    255 3 0 254 32 85 255 0 41 244 118 0 49 94 64 0 165 255 192 35 213
    129 70 0 0 42 123 255 164 116 208 249 137 81 167 0 198 200 236 90 68
    0 255 255 228 255 43 86 147 101 9 230 133 243 255 6 255 0 2 83 0 194
    255 0 0 255 247 0 0 201 26 60 255 0 70 0 152 161 0 0 0 157 255 176
    33 139 255 129 0 204 108 53 122 253 82 145 255 102 107 255 0 0 18 0
    11 98 107 208 255 240 0 85 255 243 67 0 0 158 0 65 0 0 79 235 58 255
    255 17 255 234 255 255 255 105 0 84 0 13 255 169 25 46 2 0 0 95 235
    255 6 255 173 191 0 255 255 76 0 193 231 111 93 0 0 132 42 205 63
    255 245 255 0 255 0 0 255 0 60 192 255 28 0 114 39 120 255 0 159 130
    38 0 100 177 181 153 149 0 0 239 227 206 255 9 0 127 101 240 107 67
    1 106 20 26 97 13 163 0 159 15 142 116 57 168 255 0 41 255 171 0 90
    0 218 117 207 255 152 255 0 0 141 129 255 0 113 0 0 0 189 255 0 0 0
    255 75 0 118 0 0 0 0 116 255 255 0 228 43 255 255 218 97 74 68 100
    229 7 0 49 147 165 214 0 197 188 255 8 71 0 119 0 0 24 255 163 224
    199 239 149 255 81 72 177 190 160 87 200 189 66 0 0 183 0 147 181
    255 123 245 119 0 0 72 86 255 0 174 12 0 239 255 184 255 255 11 15
    255 255 0 0 68 159 140 0 192 138 118 58 231 0 32 204 67 182 240 79
    93 255 0 255 130 255 0 255 15 24 82 0 0 38 98 126 246 255 209 181
    103 114 72 0 181 0 0 0 43 0 24 0 0 70 0 255 228 67 190 189 123 71 44
    138 34 255 92 0 93 67 163 97 51 255 255 255 166 255 255 0 28 160 164
    81 122 5 0 41 158 0 128 255 98 34 2 208 136 2 142 255 138 154 54 0
    255 164 255 0 81 255 255 64 42 255 0 255 143 0 0 255 105 120 5 255
    25 255 50 114 0 27 104 29 205 243 0 15 7 255 115 255 255 83 0 187
    127 224 159 37 254 255 204 93 157 208 110 248 0 254 1 205 39 96 219
    255 255 110 0 0 101 150 34 0 44 250 0 0 72 0 101 92 76 134 0 246 51
    0 255 99 0 110 142 67 204 77 6 193 161 111 255 138 0 80 255 60 108 0
    255 76 65 151 0 255 255 17 48 255 111 255 254 0 242 231 255 162 0
    255 61 113 65 100 0 255 244 113 237 0 255 0 255 171 197 255 117 9 3
    25 147 50 95 64 178 240 197 255 255 0 124 133 0 28 101 7 247 199 108
    0 88 255 255 0 255 104 146 0 31 173 80 98 128 28 255 255 48 213 0 32
    201 30 255 255 85 152 255 225 123 255 208 212 38 92 133 255 255 87
    255 251 0 152 255 0 255 0 0 255 255 163 137 203 153 143 170 134 255
    74 39 255 79 126 24 0 227 118 0 0 178 74 74 69 255 255 254 230 0 0
    111 255 0 255 105 255 255 197 12 68 137 15 0 97 27 104 108 0 252 168
    6 190 83 0 172 0 0 177 40 207 0 0 177 185 121 227 220 46 224 93 179
    240 0 254 255 163 255 186 136 179 229 0 0 188 255 0 4 0 16 0 150 255
    255 198 255 255 191 0 0 150 101 20 203 0 68 142 145 192 98 236 200
    255 222 45 0 129 255 250 95 130 255 190 0 255 104 255 0 40 61 197 0
    55 160 169 252 233 180 44 70 0 142 0 237 247 182 167 120 0 110 255
    215 255 164 45 141 215 73 71 0 242 49 0 99 122 113 107 64 79 217 156
    125 255 150 225 19 78 244 149 0 0 137 0 86 81 95 182 255 255 255 255
    144 49 255 108 0 61 30 26 237 25 61 0 165 166 151 192 255 200 255
    180 0 41 7 196 255 0 182 8 255 255 113 255 0 255 121 0 60 0 102 141
    30 255 208 255 0 166 187 0 255 0 169 255 161 12 211 32 115 99 14 190
    255 34 255 255 249 255 25 0 237 245 122 191 55 188 255 0 0 0 116 41
    30 39 172 35 99 255 0 24 113 255 138 41 0 174 193 93 255 106 94 200
    255 250 0 189 0 182 255 239 161 0 201 41 0 255 150 143 255 63 0 137
    220 255 153 142 255 0 255 148 0 0 198 0 31 0 90 166 96 87 94 0 129
    31 129 255 103 238 255 127 244 112 25 131 0 0 177 104 43 255 30 207
    255 0 135 192 210 190 255 226 0 0 232 198 175 0 30 191 0 0 255 82 89
    207 231 134 234 115 255 14 0 0 0 255 208 255 255 146 69 90 131 255
    147 206 74 0 111 3 95 255 168 0 0 169 25 186 243 85 255 255 242 145
    39 41 186 40 235 0 82 255 92 14 0 161 19 0 0 35 13 0 164 0 116 0 255
    177 255 0 60 255 255 220 63 36 43 201 160 45 205 122 67 113 224 187
    69 255 228 212 227 0 205 38 225 0 32 0 0 35 182 63 213 50 201 255
    255 0 3 56 133 137 170 37 67 255 255 255 218 17 222 0 0 32 0 207 245
    37 159 255 95 215 204 87 226 129 255 255 53 14 153 147 117 255 0 148
    0 0 176 134 255 0 169 197 0 17 79 45 46 255 0 0 0 255 255 23 255 147
    100 133 97 0 36 135 134 255 69 254 0 130 135 182 164 11 181 52 232
    255 0 0 254 126 158 148 255 255 134 21 47 228 255 218 131 0 59 64
    255 198 255 181 73 18 0 0 58 159 155 42 199 107 255 0 2 0 140 128 35
    255 40 0 21 255 255 50 137 255 0 145 0 206 130 100 255 0 0 0 92 95
    93 126 227 156 30 255 0 255 196 244 255 221 96 255 255 7 218 0 56
    215 4 255 142 237 255 73 0 170 38 0 0 224 183 129 0 143 255 182 0
    153 82 255 106 197 34 146 255 39 0 0 0 67 208 253 76 255 255 0 152 0
    206 120 0 145 141 196 28 130 255 0 251 0 225 114 0 0 255 16 255 255
    0 255 178 218 102 0 255 0 66 195 77 22 0 24 82 6 82 255 255 29 206
    195 158 0 191 161 134 255 253 163 78 26 0 23 255 173 29 147 202 0
    133 9 218 0 163 255 12 26 255 229 255 232 194 101 80 0 0 142 0 0 222
    142 255 255 111 120 144 0 255 31 255 137 0 85 103 255 78 255 209 0
    76 12 133 255 0 170 0 37 0 195 0 0 71 0 170 0 0 255 160 155 22 125
    13 155 163 255 0 147 6 95 0 255 255 163 255 156 183 255 255 205 45 2
    124 173 255 61 56 74 0 78 26 0 46 87 255 246 18 245 86 0 0 199 0 141
    255 255 0 27 251 109 52 0 130 0 181 0 164 255 2 0 255 105 255 202 17
    255 122 136 16 255 207 220 243 0 28 183 255 115 0 236 0 255 145 0 0
    255 172 0 96 142 18 220 46 108 173 0 0 93 187 255 33 133 142 161 255
    210 247 0 0 56 45 51 255 190 16 162 98 145 224 219 255 168 0 255 0
    255 238 0 128 145 25 255 0 255 255 134 222 210 149 191 170 217 99
    216 255 128 255 255 199 159 127 11 254 0 255 188 0 119 92 255 0 211
    0 61 241 0 255 0 4 18 219 147 59 8 0 255 255 162 229 106 209 255 114
    255 77 0 0 255 255 255 165 89 17 255 130 255 255 255 201 255 26 255
    170 255 126 112 114 0 75 0 30 220 0 24 0 126 0 158 54 53 167 255 180
    24 241 135 16 20 166 214 118 36 0 0 255 130 66 143 115 0 132 150 64
    153 116 0 0 214 131 75 0 254 0 15 212 61 0 255 128 173 19 255 28 38
    0 201 199 39 0 15 0 38 255 236 44 69 66 145 33 44 255 255 226 35 108
    245 0 235 195 255 255 235 232 0 0 48 237 9 251 195 255 153 140 255
    248 91 1 0 32 134 202 255 14 154 85 255 63 183 17 86 0 0 0 185 255 0
    0 249 246 178 128 51 124 0 187 56 62 130 255 0 217 100 65 192 255
    255 47 255 183 229 255 255 136 172 173 142 83 223 231 160 255 242 0
    205 181 174 26 201 0 81 67 0 10 255 187 255 0 255 6 77 160 0 27 255
    37 50 150 0 255 76 106 255 255 91 25 0 156 134 0 127 142 184 0 255
    96 220 255 84 209 126 72 169 255 169 255 109 248 43 160 182 39 18 0
    255 247 255 249 114 10 59 255 202 95 0 209 255 255 74 34 26 141 38
    65 25 10 44 255 241 215 192 226 8 0 104 16 97 255 178 132 255 152
    202 242 0 255 12 112 0 0 148 156 183 47 61 219 2 255 168 0 254 242
    182 131 46 255 0 255 161 97 230 88 255 255 255 80 0 182 16 61 234
    169 35 56 255 0 0 249 0 255 255 142 5 255 0 0 0 0 213 161 200 212
    197 129 202 0 128 0 0 225 191 19 255 46 171 141 255 247 121 25 131 0
    31 86 0 0 255 255 85 0 98 255 48 92 54 68 0 46 119 133 42 230 0 112
    16 93 216 175 255 47 255 211 0 0 250 0 33 0 99 255 86 253 23 99 0 98
    46 200 148 92 141 234 102 0 46 0 118 0 226 35 0 88 0 255 184 195 96
    134 255 0 30 33 255 0 158 126 255 6 37 38 132 0 250 195 81 16 255
    166 255 255 227 102 0 16 110 255 0 0 255 6 164 74 0 195 82 101 39
    205 31 84 255 255 26 91 0 235 0 105 254 255 0 112 145 138 0 245 145
    7 153 59 157 247 63 205 255 0 36 208 255 176 241 52 255 153 125 109
    36 211 255 247 0 142 255 189 34 239 58 116 255 96 77 255 192 100 130
    14 235 240 0 42 79 0 88 255 99 128 0 20 255 172 216 209 0 0 96 233
    185 10 237 186 130 0 73 170 145 190 124 97 229 23 184 181 88 236 106
    0 78 255 0 15 227 255 202 0 10 214 210 139 30 0 0 0 78 0 255 52 255
    19 255 181 176 0 39 0 183 255 172 0 84 145 69 29 255 174 255 125 251
    225 255 209 255 0 255 0 212 118 0 37 0 255 78 140 119 0 133 223 184
    246 19 255 73 173 183 131 157 215 0 90 53 0 49 0 134 38 25 9 150 200
    0 0 255 136 170 224 255 11 207 230 0 187 157 137 21 226 246 29 206
    37 84 253 19 255 201 199 255 220 1 0 103 208 255 255 255 125 158 215
    227 53 205 91 178 0 243 255 1 51 255 255 0 255 255 255 184 57 0 131
    0 171 0 236 0 128 0 33 250 0 241 37 146 150 255 105 255 10 0 255 157
    67 96 64 247 198 106 255 84 146 85 0 255 255 0 123 0 44 239 203 255
    119 255 0 255 255 0 217 255 179 221 47 0 126 179 115 13 61 220 232
    255 51 218 10 196 23 228 0 143 0 0 16 59 36 44 145 0 192 255 0 255 1
    162 255 34 103 253 89 0 240 234 243 0 241 126 77 107 155 175 9 200
    57 255 212 0 104 0 117 255 62 255 135 0 116 30 0 84 140 128 0 178 0
    255 54 59 201 255 78 108 255 235 65 191 0 35 218 99 18 0 255 49 152
    255 168 255 17 0 223 6 0 255 233 233 0 118 141 0 255 160 0 0 108 60
    255 7 110 0 218 255 0 0 0 13 46 254 40 255 255 255 116 157 89 93 123
    4 84 203 123 122 255 255 255 255 62 155 162 58 141 133 216 255 187
    113 96 255 239 255 0 145 226 0 0 0 255 200 173 67 166 255 255 123 70
    63 194 0 255 110 16 255 255 255 255 255 181 255 255 121 171 0 147 0
    219 115 255 165 113 224 128 255 46 132 229 15 255 215 243 246 0 14
    225 255 235 0 89 122 110 209 255 243 187 255 169 0 130 255 0 255 177
    221 97 6 211 72 217 202 255 176 0 230 252 38 0 134 28 65 120 0 222 0
    255 174 233 255 145 230 0 211 0 226 184 218 81 255 255 255 0 0 0 255
    0 0 169 41 0 3 255 162 159 255 104 53 255 62 95 255 0 18 0 0 240 31
    0 8 167 255 126 4 255 69 255 115 0 0 255 255 0 0 50 40 23 73 255 48
    22 255 198 110 255 99 168 54 255 255 0 255 66 87 21 3 0 118 0 113 21
    238 0 13 24 150 124 97 223 0 175 50 117 255 95 255 61 119 143 255 41
    74 243 173 50 35 255 165 76 255 179 140 236 157 78 250 0 0 0 77 0
    153 0 171 132 34 196 129 248 190 230 238 255 207 0 120 16 69 255 255
    0 255 255 116 0 12 36 29 183 46 0 255 221 220 214 255 255 24 183 215
    103 208 255 0 81 0 250 203 158 19 255 255 31 79 255 255 124 114 0 47
    0 46 95 115 102 0 0 0 234 242 237 239 117 96 228 42 250 255 51 16
    255 255 74 150 108 185 205 157 255 55 246 0 29 245 152 0 213 98 222
    225 0 255 255 93 105 0 95 255 40 0 229 0 0 255 255 179 0 36 157 72 0
    0 11 0 20 136 76 253 136 193 85 175 232 1 255 118 0 114 58 102 21
    221 92 226 80 180 0 61 255 0 4 233 112 76 255 0 205 255 0 229 72 255
    198 179 255 255 25 235 255 103 55 138 0 0 230 5 150 0 138 255 7 0
    187 43 32 255 243 218 210 144 69 147 25 115 255 59 252 21 0 94 0 255
    140 70 0 230 255 0 4 136 255 87 255 255 0 0 181 24 222 0 255 209 22
    241 62 195 202 175 213 95 255 255 255 43 0 182 75 0 0 154 126 255
    208 107 56 84 255 0 0 30 188 46 76 0 129 82 0 37 223 174 109 20 255
    255 255 255 128 124 38 59 1 65 255 7 0 188 253 255 255 216 119 59 18
    0 95 211 198 143 67 74 133 0 0 0 202 49 255 101 0 1 0 16 32 160 134
    237 215 147 255 93 185 203 114 0 138 83 0 15 80 79 201 0 0 25 0 86
    255 186 51 174 0 255 255 142 148 255 219 1 35 197 162 12 246 0 0 88
    0 255 116 218 198 3 150 0 182 255 2 106 0 109 253 40 195 255 248 187
    255 186 0 137 255 71 134 170 14 130 93 0 147 255 77 0 182 10 43 2
    170 236 0 255 231 255 0 10 255 0 0 0 0 23 255 133 255 255 255 73 218
    255 22 153 255 6 0 38 0 72 105 242 85 247 255 152 236 28 37 255 130
    170 139 0 255 139 50 97 41 77 255 27 255 0 107 255 53 255 97 47 0 23
    142 0 148 218 167 59 0 8 150 139 78 10 176 108 117 199 255 255 66
    195 0 145 139 0 83 32 255 255 88 255 255 0 255 29 0 255 195 187 0
    251 124 152 105 28 187 33 16 85 36 110 255 126 255 222 6 60 138 40
    100 0 58 222 63 255 121 99 255 85 182 82 215 38 220 0 255 255 183
    203 37 43 130 255 0 199 156 6 61 0 238 255 117 46 0 255 0 183 118 0
    91 173 0 191 191 158 255 189 149 191 62 219 150 82 255 92 255 255
    255 255 0 255 255 0 93 143 255 0 0 225 77 113 144 0 208 255 46 0 55
    239 102 239 0 38 255 104 246 0 194 0 52 99 0 25 0 255 81 119 56 0
    255 255 108 0 255 0 40 125 172 113 255 0 184 255 255 255 121 169 191
    101 0 22 141 84 69 132 0 0 0 117 166 162 255 102 106 255 230 0 0 255
    72 109 0 77 255 171 255 255 190 251 0 164 165 192 72 14 170 133 255
    54 135 0 255 201 174 18 255 255 66 222 157 31 140 110 19 198 255 255
    174 147 190 255 100 12 255 45 5 141 197 0 120 224 156 255 255 0 223
    231 0 146 146 70 61 140 237 0 0 10 255 255 128 197 10 5 0 115 133 41
    0 255 0 161 6 0 0 111 255 47 235 30 221 175 104 243 0 255 133 59 0 0
    0 247 53 36 64 0 42 52 0 38 80 255 131 255 255 255 0 0 255 255 12 80
    127 0 225 153 0 5 255 97 0 255 0 0 119 239 0 133 0 104 215 169 41
    252 17 152 255 121 230 139 51 255 92 83 240 0 60 69 152 109 70 231
    23 255 0 0 191 0 255 135 0 255 0 14 129 44 203 255 25 230 232 248 76
    113 27 134 0 0 242 100 36 160 98 17 219 39 64 62 42 63 136 0 53 108
    0 15 81 178 255 52 123 255 146 145 245 0 114 0 255 0 255 255 255 255
    159 12 135 77 255 255 104 238 255 0 69 255 255 0 206 46 0 88 19 154
    41 0 46 144 255 255 255 0 255 255 255 255 0 255 127 179 78 112 0 255
    62 150 0 222 0 0 60 0 15 65 234 229 33 255 175 230 232 163 36 229 10
    129 244 154 255 126 255 123 140 190 0 181 0 116 255 116 131 255 255
    150 59 0 5 226 0 75 91 154 229 0 110 132 255 50 213 16 239 0 187 0
    119 231 255 101 255 107 71 129 233 76 4 206 61 240 136 104 188 63 18
    51 255 201 112 170 201 0 235 197 238 0 255 255 167 1 141 6 255 0 16
    39 48 21 149 34 137 255 127 0 82 187 244 43 255 113 127 255 0 35 0
    228 111 15 188 39 98 126 251 255 255 201 0 36 0 255 0 235 186 0 49 0
    153 0 193 22 34 105 174 210 255 0 47 255 56 136 255 237 255 130 0
    216 220 51 40 255 132 0 191 157 65 197 78 255 255 6 189 171 55 253
    110 255 255 34 0 255 82 255 41 255 0 0 22 0 0 206 76 164 83 250 0
    255 121 242 215 173 255 119 67 59 191 196 160 56 183 221 166 38 176
    85 255 158 244 109 241 0 55 203 255 130 65 187 3 197 0 57 20 223 255
    0 51 159 201 12 195 0 253 255 192 208 255 137 81 215 161 0 144 0 114
    191 215 91 0 237 255 38 139 0 43 31 137 18 237 239 80 83 96 255 255
    32 192 204 93 96 0 0 38 167 0 165 60 255 255 64 255 0 255 0 242 101
    249 0 45 134 192 173 223 56 0 150 224 6 79 69 176 119 255 255 17 122
    158 0 0 255 161 43 0 255 169 255 255 255 0 140 105 238 255 255 82
    152 205 95 64 117 37 42 255 55 50 99 138 254 241 0 255 255 116 16 26
    1 54 0 158 143 0 0 181 255 69 95 153 248 255 164 170 217 157 255 255
    255 38 218 237 0 0 255 23 182 8 213 0 0 0 47 254 144 255 142 103 230
    0 88 237 0 0 56 54 0 79 0 117 175 62 100 255 160 142 255 0 71 0 93
    127 34 223 133 27 0 255 43 92 9 33 255 155 182 98 52 150 183 0 21
    255 0 20 0 255 213 184 37 183 70 120 0 254 126 190 32 126 43 88 79
    82 90 188 255 44 123 163 0 200 243 0 0 0 255 37 0 121 255 255 0 223
    130 0 92 51 255 114 195 157 191 255 249 204 0 65 148 127 20 113 3 0
    22 125 255 255 255 110 206 255 0 223 0 0 0 61 0 255 132 0 237 189 73
    255 155 0 10 255 252 182 0 40 0 31 220 195 255 255 255 122 0 197 139
    0 119 255 254 104 128 0 252 18 35 142 207 228 255 255 108 141 0 60
    104 180 127 211 0 137 0 242 58 79 173 221 0 255 0 121 0 170 0 197 49
    255 215 0 243 82 0 125 6 251 255 80 36 255 160 29 255 197 127 243
    171 235 243 255 195 226 255 11 34 0 0 119 0 91 255 251 218 0 216 0 0
    5 190 141 255 255 0 255 165 255 255 75 255 0 8 255 19 0 180 255 199
    78 61 0 50 0 57 228 142 0 59 175 0 42 6 173 255 143 255 255 78 245
    161 132 0 19 181 255 62 0 19 40 166 82 186 0 0 116 18 231 225 24 151
    252 255 255 0 255 255 0 55 0 151 58 222 255 0 0 230 136 255 8 186
    255 235 255 0 170 0 41 255 40 253 249 88 83 13 0 174 220 139 0 255
    71 236 185 79 195 255 255 255 14 46 0 168 48 9 167 188 235 0 174 79
    198 50 7 255 127 42 255 79 10 255 63 153 197 34 255 0 125 231 236
    255 38 255 133 0 255 203 0 60 255 35 113 110 11 149 176 255 0 255
    173 229 36 121 105 107 71 106 0 255 37 38 56 116 0 0 255 147 233 243
    213 32 26 193 126 137 207 255 91 255 50 0 80 182 0 8 0 67 108 255 0
    0 255 0 10 125 163 255 255 82 255 34 0 5 0 70 248 0 199 255 107 0 92
    53 41 45 0 143 255 246 134 106 255 255 255 255 199 83 255 247 130
    255 141 0 255 203 0 255 182 85 255 114 0 187 255 255 152 0 201 31 93
    94 0 68 56 0 243 255 37 0 226 0 172 12 92 175 80 102 0 0 0 144 222
    84 245 191 255 92 225 0 112 255 35 128 121 255 107 207 241 255 204
    237 255 5 104 255 0 107 0 179 173 0 53 255 225 255 102 255 175 0 255
    0 0 121 247 161 91 72 109 231 21 255 93 53 0 255 173 0 0 50 49 255
    197 163 43 0 197 37 14 0 0 79 223 146 55 0 25 0 255 76 255 232 108
    255 255 119 255 0 103 255 158 150 0 96 249 0 196 16 255 227 255 0 47
    211 80 0 255 81 0 202 163 6 255 255 0 255 255 255 2 41 197 255 203 0
    195 123 123 238 255 14 0 166 0 255 147 117 255 138 255 255 1 255 0
    187 3 11 118 255 103 255 121 0 255 56 255 0 43 255 33 0 216 229 40
    168 255 4 205 175 144 204 0 0 225 138 255 229 255 255 0 0 3 0 199 95
    81 12 129 255 172 42 0 223 0 148 109 83 49 63 87 217 255 20 0 59 169
    0 98 21 159 0 0 255 120 0 15 255 15 0 0 0 255 255 0 185 167 8 255
    100 255 0 0 255 255 248 30 65 48 255 156 159 133 255 255 149 4 103
    26 65 0 38 251 255 250 255 154 184 44 238 18 34 254 3 157 255 255 0
    73 63 172 13 255 193 255 107 255 34 252 0 197 54 255 23 17 255 115
    152 255 69 0 148 153 1 23 181 253 241 34 255 255 0 182 255 0 131 231
    255 170 116 255 21 212 97 255 255 216 255 64 155 95 255 134 162 200
    205 99 143 207 240 255 255 108 255 64 33 230 255 35 0 255 255 255
    240 238 248 0 0 240 79 255 255 155 61 247 135 255 255 103 144 34 160
    227 0 255 0 0 239 255 255 51 242 208 137 83 9 0 115 0 13 138 195 208
    198 255 160 162 255 20 0 255 123 149 156 48 0 0 78 83 237 32 73 199
    212 0 255 255 225 43 96 210 240 255 210 31 75 255 226 255 248 15 253
    2 255 255 231 0 0 37 0 255 114 173 29 255 187 0 24 19 101 250 58 229
    0 94 141 96 0 236 82 255 0 70 255 88 255 44 208 188 195 255 54 3 0
    255 255 0 37 226 0 255 255 18 174 96 95 121 255 128 75 255 37 0 113
    86 123 146 49 248 102 68 251 141 0 0 199 0 200 37 201 255 245 45 0
    147 255 146 208 252 201 187 7 255 0 0 255 19 255 255 255 190 250 255
    151 156 85 114 255 92 154 236 0 254 17 253 127 9 167 0 110 83 255 30
    159 0 39 0 0 165 21 255 208 13 85 255 178 120 255 118 66 20 0 255 60
    188 255 200 161 101 29 0 0 173 31 239 7 0 240 64 255 255 110 223 81
    34 0 141 89 255 0 165 41 0 6 70 255 24 131 255 255 40 183 179 129 0
    178 0 255 0 137 255 255 0 212 214 29 0 171 255 41 0 30 210 255 255 0
    175 255 255 255 17 224 0 39 255 66 164 209 120 0 226 255 255 206 94
    26 161 255 0 97 250 255 236 235 148 0 255 147 104 50 0 53 154 0 0
    160 156 242 158 0 217 195 40 255 201 0 99 234 108 247 255 133 0 135
    83 218 57 0 117 100 11 255 161 203 122 255 255 255 174 241 134 255
    255 60 215 24 8 235 255 127 74 30 0 102 177 104 218 255 0 0 111 0 33
    157 159 244 255 204 41 1 3 96 0 113 0 4 255 78 255 255 164 0 239 220
    70 223 171 0 0 125 210 140 0 0 81 245 18 255 255 124 0 166 158 23 0
    150 255 102 122 0 204 174 0 13 168 130 193 50 94 0 0 0 0 255 211 255
    148 0 0 253 234 255 214 0 119 0 6 0 0 0 75 0 255 1 0 0 0 132 34 255
    54 30 255 32 0 255 255 255 255 147 109 232 255 0 166 0 110 0 255 90
    154 6 104 255 62 120 118 214 141 27 255 156 189 35 242 71 0 77 255
    239 62 255 183 255 241 0 255 46 0 0 86 101 90 67 204 166 171 255 0
    147 255 179 255 26 21 21 228 110 131 106 255 3 156 221 0 131 174 160
    208 161 255 204 83 131 70 0 48 35 97 0 77 149 255 27 0 149 246 79
    255 89 235 154 255 134 0 101 59 32 0 75 39 38 201 104 16 0 43 88 0
    255 83 153 151 35 120 249 255 255 185 0 255 251 151 255 113 132 0
    108 138 142 72 217 0 255 183 0 255 0 120 99 255 255 0 159 0 255 209
    184 128 23 255 0 127 63 141 255 0 81 147 255 150 122 255 174 223 223
    63 48 222 202 0 0 204 255 26 255 204 255 255 255 101 210 255 191 167
    45 0 178 0 0 255 0 17 50 150 152 189 50 48 233 30 255 255 91 244 175
    169 164 96 214 178 251 0 221 46 136 0 0 43 99 193 143 0 18 0 0 255
    112 0 126 0 255 173 69 196 144 183 0 255 0 56 100 63 255 181 255 222
    255 255 21 233 223 255 255 108 255 181 151 219 36 235 255 255 0 4 0
    198 0 160 229 0 40 9 213 235 209 255 0 161 4 5 26 169 206 255 0 178
    0 143 101 0 255 255 130 251 206 0 0 0 0 255 186 255 170 0 176 47 41
    131 224 241 43 255 255 193 246 255 27 115 108 0 248 74 2 255 0 244
    168 9 0 33 0 236 0 255 226 1 198 205 101 255 0 12 0 0 111 92 0 201 0
    75 34 233 231 187 149 0 83 0 154 57 139 147 45 255 197 0 236 101 249
    236 255 43 253 215 71 214 248 0 28 151 196 215 0 255 255 0 224 0 63
    144 255 61 84 255 92 255 205 255 0 184 203 131 116 0 255 0 62 49 0
    168 255 255 255 129 48 191 0 0 255 141 194 255 255 202 0 247 7 145
    97 255 0 150 124 225 238 171 181 160 255 141 165 193 255 125 255 0
    255 255 127 227 20 111 246 89 33 32 2 255 119 255 0 0 0 0 20 112 124
    0 214 180 24 190 202 99 154 131 255 92 176 148 255 0 38 191 255 0
    167 92 18 131 255 0 167 0 218 0 35 169 138 0 110 141 255 51 57 37
    255 0 0 255 0 242 228 255 255 94 255 196 0 124 52 90 218 36 76 250
    13 0 174 0 255 255 218 214 255 221 223 255 0 255 0 27 62 206 0 251
    240 112 255 116 248 246 0 78 92 0 255 0 24 0 198 28 255 0 255 0 53
    186 255 90 96 147 168 54 255 231 160 189 26 255 136 28 227 85 0 129
    181 188 0 63 117 0 159 228 121 255 255 0 0 2 0 0 255 83 18 255 255
    46 0 255 0 253 91 22 207 100 194 177 23 49 154 10 255 190 0 212 92
    243 50 49 255 0 0 255 195 0 255 27 35 95 92 21 27 0 139 225 0 1 0
    255 255 32 120 0 55 0 146 183 173 105 255 255 198 255 0 36 43 0 94
    39 255 106 62 187 253 88 65 114 65 0 0 120 118 120 230 255 118 76 56
    116 255 32 135 255 0 85 82 3 193 255 0 3 21 255 223 191 97 255 255
    180 0 248 155 151 0 9 16 129 185 245 255 139 111 238 0 9 0 147 0 109
    255 0 203 0 255 0 118 255 0 251 86 227 14 135 33 217 191 255 108 248
    247 188 107 255 88 0 173 222 253 0 255 148 109 38 108 255 187 255
    255 0 249 231 255 255 255 255 255 0 5 255 122 253 0 251 101 255 2
    255 237 233 86 132 45 143 89 68 38 27 11 182 255 255 64 228 33 4 26
    242 0 104 5 28 0 32 72 255 23 255 110 255 161 68 20 0 89 255 255 255
    255 205 64 0 0 47 253 97 13 177 0 255 0 0 169 0 23 112 193 255 255
    124 255 255 189 0 255 169 240 129 204 165 38 76 0 0 109 255 255 146
    150 75 38 0 122 125 160 217 255 0 97 255 255 139 0 132 152 0 255 255
    190 255 255 86 57 255 211 255 102 101 1 255 225 63 255 0 255 40 0 99
    255 20 0 78 62 185 255 2 255 95 0 122 0 133 224 69 255 70 150 0 0
    148 32 154 89 187 0 0 255 244 188 255 255 153 157 0 100 252 195 48
    208 150 255 0 0 17 58 210 0 128 74 0 255 65 255 0 176 124 118 57 177
    255 0 221 0 0 187 10 255 249 21 255 52 255 0 176 159 255 0 0 4 50 42
    0 148 255 74 151 88 112 60 255 234 187 255 231 82 255 0 255 212 24
    236 0 0 255 255 0 255 63 189 0 187 0 52 197 77 255 249 205 104 53 49
    0 0 255 245 22 202 108 194 255 255 92 84 210 8 0 0 255 143 0 174 137
    248 71 147 255 215 133 250 255 156 33 255 255 255 255 59 216 35 255
    0 255 190 0 126 255 149 3 255 204 170 255 156 41 255 42 21 101 255 0
    255 255 89 45 76 0 132 171 121 0 0 40 177 241 135 106 2 255 0 0 215
    26 77 0 162 255 61 255 225 255 255 203 255 153 0 255 0 0 176 196 169
    255 0 116 0 247 255 255 255 217 21 242 0 128 215 0 23 151 22 17 249
    0 223 0 100 3 0 27 255 255 255 179 23 18 72 121 20 13 67 239 82 228
    61 255 0 200 91 42 104 255 41 245 255 70 114 28 0 246 255 0 188 0 55
    188 130 158 159 255 240 69 163 0 40 230 38 236 255 228 232 188 119
    31 183 0 255 255 181 37 212 0 234 64 0 255 0 181 0 255 103 230 124
    255 16 0 252 0 120 229 10 140 236 98 0 159 0 0 72 243 135 11 143 0
    233 255 48 0 226 0 13 248 172 0 23 255 69 174 183 0 4 113 216 255
    245 0 129 255 44 174 5 189 64 255 233 251 255 150 0 163 235 255 37
    146 248 134 107 115 199 249 44 138 29 255 201 0 0 235 0 224 238 113
    195 216 255 202 255 255 205 50 255 54 105 110 190 7 213 74 255 184
    34 255 164 106 0 0 78 34 153 24 56 11 7 255 253 206 117 131 0 255
    255 210 255 79 255 229 74 0 142 63 9 0 82 175 232 190 94 0 125 120 0
    22 255 24 80 0 19 255 107 32 199 116 0 222 52 120 255 0 0 255 255 65
    63 207 0 88 200 255 89 255 255 3 73 168 141 105 0 0 141 0 0 11 0 0
    255 255 149 87 0 255 239 88 134 44 255 33 109 235 30 16 0 148 81 226
    255 0 255 57 14 255 255 0 127 220 255 110 119 78 184 0 0 112 200 218
    0 229 125 39 0 0 54 255 255 255 255 255 189 255 255 15 0 252 104 103
    255 255 168 19 183 50 0 35 141 0 0 9 98 72 90 255 81 168 122 241 136
    132 43 56 255 255 0 255 46 0 143 255 165 34 224 184 255 143 92 117
    123 238 91 0 255 0 203 0 255 193 168 49 128 0 253 112 6 255 34 0 44
    255 78 22 150 255 0 225 224 255 255 3 129 255 62 199 160 67 255 229
    187 0 46 255 160 5 182 199 215 255 228 255 255 35 64 139 32 97 9 167
    0 199 33 91 157 82 2 0 72 134 104 255 7 142 200 255 0 0 0 148 98 255
    182 255 152 151 70 142 255 255 5 135 255 0 255 228 141 43 241 160
    156 23 0 15 255 0 130 8 0 8 86 255 69 46 255 37 255 5 88 123 179 255
    242 255 235 255 0 115 255 95 146 167 214 107 251 255 255 255 64 54
    168 24 0 171 255 105 0 255 255 79 217 231 0 251 255 40 202 0 20 255
    0 255 151 0 161 0 122 255 255 0 185 43 197 34 0 255 130 6 255 186
    255 52 139 255 255 255 5 255 38 197 128 0 255 156 102 191 202 70 202
    183 255 0 170 0 152 253 165 168 179 247 189 188 255 95 213 42 0 0
    255 0 140 19 253 116 0 0 6 255 16 0 255 203 254 0 255 0 30 255 255
    157 255 255 255 255 65 242 255 29 158 255 184 253 196 255 62 95 101
    126 157 0 205 65 64 0 117 0 127 0 82 146 192 168 139 81 255 84 184
    19 33 90 91 82 251 255 167 178 0 255 255 0 210 255 51 109 255 251
    255 255 221 72 177 81 141 162 130 251 89 255 21 0 63 221 158 0 67
    225 71 0 147 0 237 0 255 123 73 248 0 65 78 0 244 91 0 255 0 0 255
    255 0 45 207 17 0 176 74 0 1 110 45 0 249 62 163 221 255 94 217 255
    7 173 100 222 255 255 0 0 0 0 134 231 116 2 122 29 0 255 245 241 188
    28 0 121 91 3 237 108 65 57 255 0 78 166 100 159 102 45 255 17 255
    29 255 157 123 66 255 35 171 39 104 255 255 0 185 239 142 194 87 167
    212 0 88 0 8 49 227 122 255 234 124 91 255 88 19 74 255 138 255 119
    160 0 24 47 0 73 175 0 60 200 0 164 49 0 135 152 139 56 232 0 255
    253 79 243 0 110 255 189 226 255 37 36 114 238 0 66 165 40 236 137
    98 201 138 0 179 1 0 16 117 203 142 16 78 143 0 186 250 0 191 64 234
    77 238 255 0 255 255 83 26 0 244 255 111 255 45 0 153 172 255 12 255
    81 14 208 135 0 219 4 255 0 0 230 101 122 229 0 109 143 35 255 0 255
    154 255 0 255 185 255 238 32 108 127 88 255 0 255 220 88 199 159 119
    24 0 130 207 192 75 138 181 0 0 255 72 0 19 225 255 126 101 101 255
    0 255 255 0 0 255 179 0 87 149 95 193 0 225 228 100 72 255 91 177 29
    0 0 255 167 152 114 85 109 66 113 74 0 208 100 3 0 60 0 226 25 147
    179 123 255 249 51 230 255 180 0 106 5 0 106 255 0 238 255 39 254
    178 192 255 182 29 255 184 176 101 198 109 255 0 53 55 151 0 123 47
    0 131 225 50 0 255 180 0 50 0 0 104 0 215 135 0 0 0 40 0 85 156 175
    0 255 164 255 71 127 103 124 0 63 16 0 18 103 104 255 0 255 95 209
    255 255 186 184 212 195 131 39 175 107 224 101 213 255 19 96 255 255
    255 20 129 154 0 78 255 255 44 133 0 113 143 156 92 245 255 255 149
    255 198 255 255 106 44 83 0 14 0 0 141 0 255 0 16 233 0 0 154 39 176
    177 237 43 97 255 0 107 200 255 0 9 21 255 0 174 255 255 51 206 0 46
    146 242 255 101 80 0 0 69 187 93 219 72 138 58 116 10 149 208 243
    232 255 182 138 227 96 130 92 255 52 50 0 215 29 255 0 87 41 146 31
    0 158 16 0 0 0 255 134 0 52 229 255 11 55 255 223 184 29 152 10 0 50
    168 165 0 0 0 173 255 168 255 161 107 106 255 255 156 203 45 7 115
    170 255 41 255 186 82 97 94 255 172 0 0 33 0 0 203 54 214 21 17 201
    122 0 46 222 54 43 193 0 5 141 0 0 0 9 110 72 26 255 6 16 126 248
    116 255 255 255 255 100 179 112 0 0 123 255 192 83 93 91 255 255 255
    72 0 0 250 0 0 255 66 255 69 237 72 0 111 174 255 45 0 0 0 234 0 255
    0 255 78 0 207 0 135 0 209 255 198 11 255 137 187 100 9 185 0 14 0
    195 204 212 0 26 169 0 255 0 28 111 40 255 4 0 88 243 0 7 0 255 231
    53 54 64 86 165 0 255 185 0 123 6 255 16 0 24 77 50 0 97 78 0 0 78 0
    145 255 237 243 19 30 0 255 255 0 0 0 100 246 0 209 176 3 0 111 43
    255 6 26 255 0 255 145 0 0 0 160 0 67 255 0 25 0 105 198 124 191 184
    60 62 154 62 0 125 255 118 195 92 52 24 59 153 0 255 54 252 0 188
    209 85 39 29 176 255 0 210 101 71 246 213 177 227 151 20 0 0 231 33
    0 92 129 23 0 192 218 118 120 255 2 0 255 255 0 89 245 255 255 255
    45 137 255 201 255 114 91 255 3 233 193 128 237 134 255 182 60 143
    255 0 255 142 99 255 196 0 0 155 73 0 255 0 42 162 143 255 156 255
    240 46 249 0 130 255 255 137 212 255 176 0 245 115 91 114 183 161 0
    255 0 126 38 0 158 210 11 0 68 255 126 48 48 124 171 0 51 0 140 214
    12 255 67 118 10 115 0 36 84 122 57 139 0 0 247 255 237 168 34 229
    48 255 92 154 3 218 20 228 115 255 87 1 234 255 22 150 27 42 88 255
    189 137 255 231 95 48 255 0 186 8 93 0 0 213 148 238 255 210 0 255
    74 255 107 255 255 0 255 172 255 178 242 68 89 243 37 0 117 255 9 0
    138 200 37 106 255 0 13 167 16 255 252 149 206 247 65 255 0 217 53
    118 255 0 158 113 238 0 0 0 183 75 186 255 224 162 185 244 242 254
    217 27 72 37 255 14 0 144 0 0 0 255 1 0 255 196 149 24 61 146 0 255
    0 255 0 151 0 225 15 0 254 192 50 0 223 5 34 36 255 112 0 25 207 255
    0 235 0 207 0 76 226 0 199 149 20 131 144 239 255 0 255 49 16 143 0
    246 255 255 12 250 128 39 255 254 208 0 0 209 197 0 255 172 128 0 33
    39 58 188 24 228 80 255 19 0 54 0 0 199 0 89 255 255 255 101 255 255
    0 46 165 65 255 30 255 255 43 0 0 10 255 0 255 255 0 128 217 145 12
    154 255 55 60 255 255 13 245 255 229 255 23 93 255 0 30 0 83 74 0 1
    217 70 255 0 200 203 255 0 223 199 255 236 6 147 65 0 0 164 64 124
    95 255 0 255 255 172 159 11 24 5 72 255 49 233 16 216 0 170 205 64
    139 106 123 154 255 107 255 0 72 0 173 255 19 95 8 190 0 235 0 11
    155 93 246 0 234 135 51 255 161 0 5 206 35 0 156 255 234 75 136 122
    68 0 1 0 0 123 200 32 96 0 115 199 218 17 98 185 13 142 219 0 0 130
    255 240 255 14 203 0 96 119 144 213 39 62 0 0 0 60 24 0 8 255 253 0
    255 219 255 255 54 210 0 0 86 103 255 255 255 33 255 63 94 52 17 131
    0 66 151 255 202 155 255 235 0 49 164 90 156 213 78 98 0 0 255 166
    255 0 171 157 156 248 23 240 255 227 255 255 118 255 216 0 255 158
    156 30 0 255 255 29 109 0 255 255 8 40 94 148 184 77 55 255 59 65
    127 132 0 232 92 255 0 255 52 133 0 255 89 0 0 0 89 0 0 255 0 126
    251 86 162 42 255 255 255 107 156 120 177 155 172 41 0 255 195 0 53
    3 0 0 153 255 255 83 157 179 0 0 48 91 215 0 176 0 0 115 224 255 255
    35 255 55 110 255 187 227 255 125 113 198 0 255 170 248 214 240 255
    23 255 216 0 218 171 189 0 233 113 255 18 255 0 0 249 26 255 255 172
    122 76 84 128 151 255 150 39 18 86 61 72 0 47 0 0 0 166 144 207 210
    172 4 12 212 50 61 106 255 214 123 94 255 245 255 0 41 247 0 136 241
    169 60 25 33 255 172 202 153 238 12 0 16 169 25 0 66 166 0 230 155
    255 208 20 27 241 255 170 30 72 0 223 0 0 37 0 0 255 146 160 0 255
    210 0 66 0 82 122 255 0 237 216 255 199 179 155 0 215 105 249 198
    255 0 0 79 143 24 20 237 43 120 163 25 30 0 255 0 247 0 255 255 255
    196 255 255 87 0 222 127 55 231 237 141 163 206 255 227 33 0 237 7 0
    80 101 255 171 0 73 49 91 255 92 255 16 149 255 18 0 255 0 10 138
    255 131 255 255 0 0 255 147 73 223 0 36 113 159 255 196 33 35 245 0
    86 134 0 0 102 50 45 255 150 191 95 24 255 110 0 255 0 255 0 0 73 11
    21 196 0 0 0 95 232 37 22 0 101 65 244 133 255 255 51 255 0 203 60
    66 254 255 244 255 0 0 5 129 0 255 255 168 255 224 0 255 52 107 255
    195 0 90 166 10 251 12 133 29 198 255 80 9 68 0 255 141 0 0 83 0 24
    125 181 255 28 0 36 0 255 147 56 205 255 75 201 0 255 157 0 87 48
    231 117 217 255 146 255 253 0 47 0 0 13 238 0 255 150 0 255 246 235
    136 76 0 117 192 150 0 103 255 0 0 237 135 0 145 255 0 129 0 0 25
    136 211 255 255 255 255 80 255 221 92 0 0 247 127 255 182 182 226
    255 131 255 255 32 212 30 201 0 77 32 240 36 28 179 62 63 165 176 0
    255 194 255 172 169 96 0 53 11 175 59 0 0 28 74 224 182 158 224 158
    255 28 107 0 255 130 206 255 154 255 0 16 255 4 72 141 106 255 249 0
    79 211 223 234 40 32 0 23 188 27 255 0 255 93 0 0 89 70 231 68 0 0
    21 255 54 70 71 101 54 177 0 206 178 255 53 0 133 124 0 255 25 0 255
    255 0 255 255 68 0 255 241 0 215 237 202 111 0 0 165 0 0 233 0 206
    215 219 255 0 255 44 9 255 255 253 27 255 255 0 255 76 255 63 72 0
    191 15 0 255 39 0 0 255 235 0 180 174 0 46 207 156 227 0 157 255 0 0
    0 57 255 0 33 0 124 110 182 217 253 55 255 0 255 57 0 255 102 255
    114 232 255 0 219 174 195 160 0 168 207 255 0 222 0 0 0 145 31 255
    73 0 178 255 149 241 14 255 12 80 97 101 0 243 170 134 91 194 124 0
    255 221 220 255 126 168 255 169 12 0 0 68 43 218 129 194 255 103 0
    229 255 227 255 25 214 255 255 131 235 143 169 255 237 140 0 255 234
    0 70 134 131 140 195 216 255 255 148 9 0 0 88 4 0 251 62 127 160 0
    124 83 70 9 0 0 255 207 227 2 57 150 113 132 245 252 255 0 79 134
    137 225 255 255 255 2 135 0 0 0 142 81 56 255 0 172 41 255 62 230 65
    255 255 103 0 170 132 207 0 39 61 110 141 255 14 74 207 0 130 29 213
    111 0 255 58 255 0 61 48 35 0 255 119 115 255 0 21 48 60 168 252 0
    255 238 228 226 255 255 18 127 130 148 0 0 0 25 0 245 101 26 102 99
    255 0 54 56 147 11 4 255 183 140 255 0 210 122 255 219 255 198 5 229
    139 8 38 0 255 255 252 255 255 10 13 150 88 0 0 221 0 255 0 242 255
    255 255 255 3 8 86 194 129 255 0 11 72 157 0 87 151 139 140 255 0 71
    36 255 0 0 36 255 0 24 174 158 158 255 0 0 168 255 0 109 255 64 0 14
    91 3 255 193 9 255 151 178 255 236 0 137 0 17 0 0 0 158 54 0 0 0 38
    0 224 31 169 0 97 255 245 0 0 0 0 236 72 0 58 255 0 41 63 0 21 0 3
    188 182 59 0 255 255 46 66 205 60 255 106 168 174 0 227 52 0 64 101
    0 255 94 0 103 0 139 255 87 122 255 157 128 189 0 0 255 0 174 105
    245 77 160 241 105 119 255 118 44 213 125 132 84 42 186 240 255 45
    21 231 0 61 252 138 165 152 95 33 0 255 0 182 4 167 29 255 82 148 0
    99 107 78 95 0 9 255 161 155 0 255 0 18 241 0 57 255 0 173 0 16 187
    255 0 0 167 0 0 0 255 145 0 255 87 63 23 104 114 10 0 158 150 191
    147 195 255 0 0 235 238 0 175 0 187 32 88 24 161 89 5 0 27 255 255
    40 13 216 0 33 108 0 38 0 209 255 8 255 105 218 42 169 255 0 0 0 96
    66 87 49 235 255 189 202 215 255 0 42 125 74 247 0 227 0 146 255 0
    36 0 175 218 0 212 255 247 217 247 119 172 206 247 97 253 176 222 0
    255 255 255 97 178 0 123 8 188 26 237 137 217 93 210 32 175 28 0 112
    219 5 0 186 26 40 156 12 86 255 163 191 200 0 54 0 150 255 72 0 244
    72 255 152 247 191 110 252 255 32 171 47 13 255 189 0 147 0 225 0 55
    0 0 95 125 182 255 255 0 255 0 244 0 0 0 111 255 255 37 0 0 255 228
    255 170 255 0 255 3 224 31 255 221 0 51 85 147 48 255 117 140 50 240
    255 230 146 215 188 202 255 0 179 0 80 255 29 116 255 179 0 255 162
    226 235 42 59 0 64 79 0 7 117 255 161 151 37 41 255 211 91 193 0 124
    255 217 171 239 65 255 255 19 60 66 75 227 237 210 255 108 157 255
    237 143 0 133 100 4 232 20 0 227 31 255 213 55 170 0 0 0 176 115 0
    36 73 0 255 0 255 224 63 31 0 214 180 0 45 73 239 255 0 197 85 0 213
    228 133 0 228 169 255 0 236 120 19 169 255 211 171 255 255 51 255
    195 0 177 0 107 255 249 255 0 32 39 255 0 213 0 248 215 122 173 204
    136 0 31 255 255 218 147 119 0 255 0 109 255 0 7 255 191 0 20 255 54
    0 0 120 0 239 26 0 114 0 153 174 158 54 166 0 255 255 0 115 45 246 0
    49 51 139 140 8 59 23 0 105 29 0 161 188 77 163 0 240 12 140 204 0
    161 205 217 176 123 166 15 14 255 230 213 255 172 255 0 0 204 83 207
    184 153 0 255 120 0 255 85 255 0 243 0 105 255 28 255 4 227 199 104
    183 0 0 84 255 0 37 160 220 209 255 30 112 247 179 84 192 137 33 101
    158 245 66 239 255 67 30 255 112 37 119 134 101 230 93 255 167 182 0
    186 192 24 255 0 255 175 255 0 255 255 0 123 45 0 0 134 255 0 208
    255 0 0 249 62 116 0 110 229 167 102 85 0 33 255 58 0 166 133 117 0
    0 106 0 97 128 0 115 235 255 57 0 61 243 255 192 226 52 15 0 20 255
    155 189 133 0 129 107 9 188 62 0 0 118 255 134 51 34 168 7 61 255
    255 42 130 81 132 225 245 255 0 0 232 11 255 0 62 135 255 107 46 252
    58 21 120 55 225 255 181 0 134 0 74 172 167 0 0 0 205 38 241 119 125
    89 10 15 255 185 140 0 207 255 255 20 19 243 7 50 165 255 238 255
    113 197 73 86 0 255 175 85 0 0 120 100 239 166 53 10 234 251 73 255
    13 255 140 0 169 115 224 5 38 196 106 2 194 123 5 64 49 202 237 255
    232 188 73 255 44 48 255 185 255 255 210 198 0 213 11 132 240 62 240
    33 166 59 108 205 0 254 255 155 209 242 181 81 0 255 46 0 211 108 37
    255 2 255 0 217 71 0 20 224 0 255 0 255 253 168 0 255 255 255 0 123
    123 0 203 220 0 255 98 163 15 111 179 0 178 203 0 53 255 174 255 26
    0 98 187 255 226 162 255 193 240 163 81 236 181 255 53 222 255 0 255
    204 123 255 0 0 41 0 188 0 170 78 235 255 134 255 255 0 255 159 0
    255 0 177 92 0 174 0 122 0 0 135 228 0 246 161 255 1 143 255 57 64
    255 40 22 255 162 138 0 0 83 201 246 53 39 246 51 255 0 113 0 43 255
    41 255 184 0 250 0 106 181 47 51 43 16 177 226 0 255 68 83 0 255 56
    28 154 255 116 168 73 62 251 40 21 138 190 206 255 250 0 124 0 181 0
    0 233 255 171 255 0 115 0 168 55 0 223 255 44 121 46 140 73 164 49
    144 89 0 255 255 167 255 116 0 111 232 40 111 94 201 0 113 36 255 0
    212 255 255 8 255 18 255 41 255 70 140 98 146 255 215 98 68 192 212
    233 58 255 0 122 0 0 255 255 71 254 15 167 244 98 182 255 141 111
    255 255 145 195 0 238 66 185 121 0 255 6 0 67 0 2 180 255 134 255
    199 53 101 255 0 140 0 255 254 222 244 142 255 206 0 0 255 65 43 255
    255 184 106 240 0 30 255 77 255 255 255 132 252 255 134 255 255 0
    255 65 0 0 0 53 0 55 103 232 255 231 0 38 255 47 96 0 213 56 255 25
    95 255 60 163 83 157 255 239 109 8 16 93 255 119 157 134 52 255 111
    122 255 87 64 255 0 35 129 85 0 214 187 61 50 0 255 0 95 103 0 196
    181 130 53 111 111 168 9 255 109 255 255 0 188 158 255 165 191 255 0
    255 0 0 0 165 237 161 104 157 14 200 211 128 148 255 255 168 255 207
    152 255 255 46 66 255 118 0 153 0 183 255 2 0 81 255 139 145 0 0 27
    0 23 246 144 135 0 255 5 0 227 0 207 29 60 63 0 115 18 255 138 255
    166 0 59 255 0 0 145 190 3 208 255 255 255 0 0 41 255 189 84 0 255
    151 70 135 43 162 78 253 14 67 53 193 122 255 156 0 4 154 180 0 255
    236 80 3 174 63 221 0 254 25 0 181 0 15 0 224 23 74 255 154 12 182 0
    255 0 42 79 97 255 255 177 255 0 39 26 255 255 221 130 255 255 255 8
    232 0 240 140 83 53 50 0 235 230 132 176 57 121 188 130 189 142 30
    255 104 0 255 166 0 255 136 122 183 54 211 206 102 123 255 74 25 176
    0 255 255 212 250 148 27 10 161 172 252 198 147 0 178 0 36 255 0 255
    255 253 138 146 223 100 0 0 211 0 0 199 255 255 58 163 212 80 72 72
    0 82 255 103 223 6 167 255 255 243 0 245 255 225 92 245 200 37 139
    255 40 85 6 0 98 11 231 179 69 7 0 108 115 185 30 59 110 255 0 10
    181 179 43 0 255 26 236 68 194 222 0 255 255 50 255 58 223 124 107
    255 5 90 197 255 0 149 143 255 176 65 11 124 205 0 0 132 211 243 255
    0 255 45 183 108 255 0 41 0 46 49 255 51 0 35 33 151 143 46 255 0
    144 214 0 183 0 255 255 0 0 3 218 66 214 91 108 210 13 167 145 76
    255 189 226 125 119 194 255 250 200 255 236 255 0 255 0 0 236 59 138
    255 37 183 0 146 238 183 255 109 0 52 0 82 0 83 255 255 210 144 172
    255 32 0 94 35 207 243 107 193 25 115 215 0 0 101 102 124 255 31 255
    255 192 240 148 8 35 255 111 0 0 0 207 211 75 255 0 203 241 34 167
    76 244 255 51 0 255 255 0 33 108 255 90 91 255 0 0 184 64 172 69 255
    139 71 235 176 79 35 162 231 0 170 0 255 0 165 255 141 243 255 254
    242 255 197 0 23 0 138 255 137 117 95 90 78 254 30 255 0 167 128 0 5
    65 0 0 76 137 255 203 173 140 242 218 0 227 0 159 23 0 4 255 34 251
    0 0 232 193 95 212 70 11 0 57 24 255 0 99 216 147 255 0 160 75 25
    227 140 93 80 112 126 209 219 225 0 156 0 166 255 161 240 129 0 39
    57 0 255 146 82 0 255 255 0 255 150 235 162 122 103 0 51 206 108 84
    0 255 46 0 0 0 158 76 0 148 223 255 53 93 116 55 9 232 94 24 102 255
    94 150 253 165 42 0 93 209 52 36 6 255 44 0 56 164 82 0 23 255 27
    255 145 0 42 199 33 121 0 173 255 130 255 255 255 255 255 163 174 96
    149 68 0 252 102 0 0 255 93 107 255 0 0 255 255 94 24 0 207 40 255
    114 255 56 255 255 114 255 255 0 27 217 2 112 124 0 149 0 61 196 232
    239 0 218 104 0 0 190 0 130 155 234 114 82 129 0 209 255 0 146 255
    136 255 0 0 255 0 160 158 0 123 255 161 0 255 94 103 26 0 255 72 56
    0 255 0 147 231 80 231 215 19 125 84 95 36 234 177 58 0 1 1 24 217
    153 255 255 0 248 66 65 169 109 255 255 32 218 242 120 20 2 133 95
    40 255 21 250 33 255 255 0 41 127 212 218 220 208 49 0 188 184 191 0
    117 22 217 255 232 136 255 189 142 12 58 74 0 81 148 18 231 227 5
    158 227 95 0 10 0 170 220 72 234 0 233 22 109 117 241 255 0 150 67
    197 255 244 255 111 131 242 74 128 187 167 255 255 145 218 199 118
    174 0 0 0 255 175 0 66 255 30 159 222 0 3 255 0 230 125 232 0 0 67
    66 223 188 255 208 106 40 255 30 0 136 255 90 115 60 63 229 194 118
    255 243 37 43 51 255 103 187 188 92 88 143 0 235 206 255 0 255 248
    124 0 123 139 124 184 79 74 255 129 41 255 60 99 119 0 0 60 0 42 102
    80 0 24 255 70 228 108 136 79 255 50 56 72 255 158 243 15 16 53 255
    113 0 50 255 1 140 250 0 0 65 221 2 255 255 0 132 255 46 255 255 63
    15 12 242 65 0 213 255 170 198 128 239 236 225 253 255 141 180 253
    255 199 0 0 0 151 255 3 156 255 255 255 0 0 222 255 237 7 255 185
    136 255 0 12 0 206 0 15 250 0 202 255 0 255 0 211 195 0 192 0 0 144
    87 255 119 255 12 171 255 235 255 23 255 255 0 48 136 25 0 2 36 255
    227 145 0 255 15 155 65 255 38 37 126 255 0 126 27 255 255 0 136 170
    0 255 188 0 255 165 255 131 219 138 247 34 255 255 18 57 0 33 30 255
    115 99 119 179 229 49 118 63 215 255 135 0 49 235 212 0 0 63 67 185
    255 151 59 255 78 179 189 0 2 247 32 255 239 82 148 253 231 219 86
    244 255 255 66 158 0 194 157 0 0 208 255 30 0 226 255 255 175 0 255
    255 154 41 138 255 62 113 0 51 255 83 130 67 19 97 172 66 255 72 84
    0 214 109 0 255 5 48 93 255 82 83 0 179 22 255 113 216 207 255 173
    255 130 0 193 255 255 255 177 0 0 75 212 47 0 101 228 131 130 0 219
    0 39 114 151 22 0 83 170 90 255 105 187 241 90 225 214 255 251 0 0
    41 255 6 130 231 61 77 62 122 255 45 233 92 255 94 0 204 255 38 0
    113 0 143 191 255 247 0 255 255 14 7 242 0 255 123 45 0 80 0 98 173
    164 173 144 0 222 95 183 84 152 150 203 14 149 0 0 199 0 123 98 255
    235 0 134 171 255 0 178 255 173 43 0 255 0 156 156 0 18 109 7 255 29
    168 0 193 255 0 0 35 1 189 82 255 0 38 255 55 255 255 89 235 92 111
    0 255 79 143 134 39 19 130 0 0 0 20 51 111 171 97 200 43 141 59 111
    255 38 0 31 25 185 172 208 0 223 255 254 65 255 242 0 148 241 0 0
    255 99 227 71 227 255 255 0 180 141 197 0 97 255 94 198 255 0 91 139
    185 15 0 211 198 0 255 186 255 0 0 37 0 0 82 0 255 139 91 255 116
    255 164 68 76 22 66 0 0 38 159 0 255 0 0 255 93 167 185 74 169 255
    246 18 255 95 41 255 165 0 22 106 113 35 9 196 255 202 255 199 113
    166 160 255 152 0 255 255 143 5 89 46 0 255 22 255 186 222 117 0 110
    157 96 0 0 255 0 0 0 104 0 25 195 0 34 243 0 255 234 255 226 6 0 153
    99 195 153 82 255 115 0 255 72 123 154 215 180 212 159 252 22 73 213
    106 0 0 211 0 188 94 255 0 162 0 253 56 145 255 0 45 158 255 204 255
    255 255 0 0 194 103 1 0 36 146 15 0 0 168 172 222 0 99 167 253 16
    255 0 205 187 255 196 87 0 131 37 23 11 151 45 0 45 39 94 209 255 0
    19 0 62 64 61 122 50 189 125 0 0 58 255 255 206 255 255 0 255 228
    216 226 149 255 255 0 32 155 255 12 126 15 0 255 51 234 255 185 21 0
    125 149 198 255 31 142 255 0 255 224 0 40 30 241 0 252 249 100 0 255
    228 34 138 255 8 255 4 0 253 255 30 203 0 1 0 63 255 168 64 52 0 238
    255 0 255 57 83 15 0 255 134 120 255 255 240 255 255 45 31 39 9 122
    217 0 229 105 206 3 0 47 0 101 255 255 17 221 195 181 255 0 86 189 0
    94 0 0 198 0 103 210 255 163 255 26 75 220 216 255 252 254 255 101
    255 56 230 62 186 255 0 255 247 161 12 69 125 249 255 255 255 88 255
    127 203 138 17 226 240 0 0 196 63 255 248 255 65 128 0 255 87 218
    115 0 0 0 87 39 195 255 20 254 255 233 255 235 35 255 177 245 255 0
    14 36 241 255 255 191 117 0 131 20 255 0 130 0 255 255 214 255 252
    168 0 79 217 0 15 255 63 255 255 231 255 106 255 0 255 0 158 61 255
    87 255 255 138 199 198 78 249 134 218 132 0 0 188 234 0 220 0 221 0
    0 255 18 66 255 222 117 0 122 214 189 127 163 44 255 255 95 208 255
    255 0 0 255 0 248 245 15 202 226 255 40 191 255 124 255 0 255 110
    219 255 188 37 92 95 0 53 0 115 181 79 99 255 255 165 108 135 232
    244 0 0 118 255 255 92 0 255 0 138 79 255 145 71 237 174 80 255 79
    185 95 255 115 20 1 0 255 255 15 0 134 121 210 160 241 255 155 21 0
    36 255 51 0 255 210 255 225 0 21 183 151 180 85 0 211 126 232 228
    168 172 127 255 0 255 0 0 255 0 240 51 137 162 23 251 254 255 211
    187 186 167 163 118 96 255 0 255 55 0 59 185 170 27 0 9 0 158 186
    255 254 172 19 255 255 0 154 226 197 0 211 190 0 124 198 110 75 0
    152 211 136 255 118 255 0 177 175 255 255 50 255 21 6 70 190 0 53
    241 77 0 0 253 128 93 255 134 7 255 255 14 255 225 255 11 0 255 224
    0 25 255 0 25 0 108 107 255 6 60 0 63 183 235 181 255 134 147 203 0
    32 99 216 178 255 253 213 146 162 176 255 21 52 106 30 85 11 57 231
    255 98 66 47 255 150 207 3 235 106 255 255 122 255 255 82 255 45 66
    0 0 91 0 101 195 247 255 182 244 51 17 126 0 243 255 30 17 169 255
    182 243 41 199 29 0 210 0 0 64 7 103 118 147 0 107 255 34 255 255
    206 106 55 255 0 39 151 77 247 255 20 239 0 42 129 255 255 207 156
    255 146 0 78 201 0 151 255 148 255 12 86 163 0 152 233 255 255 188
    248 0 133 0 72 182 110 0 0 145 0 5 151 5 0 255 0 95 255 119 0 246
    255 88 255 255 85 0 227 0 178 93 25 0 255 0 61 255 0 153 203 240 0
    21 255 186 31 154 54 110 41 0 101 0 255 255 255 0 20 0 52 255 15 255
    250 255 70 47 255 0 179 59 6 47 4 209 58 143 255 217 182 241 0 232
    255 218 94 248 0 77 19 39 43 71 255 246 243 77 0 255 255 0 255 221 0
    205 15 190 0 255 152 9 65 0 108 255 91 255 129 183 46 0 148 16 0 120
    255 100 0 77 254 0 156 0 0 255 22 0 255 159 216 255 108 67 255 236 0
    168 63 184 156 71 255 0 80 179 255 0 254 0 255 26 0 255 68 188 28 12
    0 255 255 0 49 183 255 31 202 92 97 127 121 34 208 244 47 101 247 0
    240 0 84 124 203 255 208 17 255 255 251 188 255 255 230 106 46 255
    137 56 129 196 224 255 54 0 208 255 19 13 158 242 202 199 0 0 212
    179 22 0 0 133 168 0 153 0 149 82 110 82 110 255 53 176 110 255 114
    41 234 190 254 29 255 0 90 145 3 12 27 28 151 226 127 130 0 72 0 108
    255 108 83 0 0 0 67 81 0 96 0 144 0 69 146 80 223 218 255 0 24 91 0
    72 195 0 22 0 255 5 236 4 0 255 102 0 0 218 28 0 245 119 115 70 223
    255 31 255 255 255 255 106 197 146 255 101 229 239 255 44 0 255 0
    255 5 155 48 60 0 120 221 251 144 81 255 65 0 182 166 42 104 255 129
    84 0 255 223 235 255 104 200 192 153 152 0 79 255 66 255 191 6 78 23
    255 187 113 0 59 114 0 121 255 148 198 0 0 71 255 6 0 191 22 7 7 74
    189 179 255 255 0 43 255 113 255 222 255 0 213 181 248 36 255 0 36 2
    11 124 163 152 203 255 70 22 63 84 229 23 86 95 37 255 240 59 147 16
    193 118 26 42 75 0 221 255 245 191 0 186 0 0 255 135 0 129 174 0 0
    255 0 49 151 75 255 255 118 21 41 114 0 0 40 149 92 255 130 255 255
    52 127 139 0 255 124 183 81 196 136 180 89 140 255 164 94 23 38 146
    27 255 255 41 81 255 0 0 161 145 244 127 175 255 0 28 255 98 0 0 107
    255 0 79 255 98 235 0 255 0 148 41 149 143 0 255 162 255 158 202 255
    206 106 177 234 0 255 0 255 37 152 0 0 255 120 255 253 133 0 230 255
    74 255 220 248 49 213 0 151 0 95 0 139 255 0 79 255 5 67 204 0 13
    255 217 32 132 55 55 0 0 0 23 12 155 253 8 47 48 175 231 2 246 184
    233 227 0 243 39 244 0 141 164 228 97 192 233 58 174 75 0 0 138 55
    196 0 4 242 167 33 90 255 255 128 215 255 160 166 203 255 255 74 0
    255 255 255 0 255 183 127 119 31 251 59 255 106 255 193 255 255 78
    87 255 166 100 189 81 173 120 255 226 13 13 255 255 74 156 203 255
    115 152 215 214 255 45 25 19 255 83 0 104 222 170 0 0 54 110 255 179
    150 171 194 255 0 64 0 0 35 212 0 203 89 0 255 81 119 206 0 158 40
    255 131 51 145 114 33 126 232 0 67 142 221 255 80 255 0 215 63 22 29
    0 255 142 0 61 42 255 255 229 154 180 255 32 100 32 137 40 19 232 0
    245 130 202 235 41 0 196 97 0 0 0 46 83 196 11 0 200 135 0 69 0 0
    176 0 255 153 255 206 0 92 102 255 255 255 255 0 0 255 184 157 255
    85 0 0 255 203 30 207 255 183 0 217 175 0 129 177 255 0 149 255 145
    0 140 255 0 0 191 171 70 249 165 247 255 248 255 0 110 0 21 218 8 0
    236 238 255 255 255 61 195 203 207 0 10 255 10 52 157 161 15 0 0 182
    254 151 255 172 149 0 0 102 234 92 219 255 79 80 0 255 197 241 62
    160 189 5 152 255 255 12 0 0 170 3 131 110 0 255 26 209 126 91 255
    105 0 86 24 198 229 44 168 255 207 100 0 233 218 255 176 255 38 145
    255 245 14 0 255 36 0 0 234 220 0 0 172 249 87 0 16 227 198 60 232
    12 245 201 0 255 0 199 87 78 125 255 0 102 87 115 0 112 0 100 148
    185 26 90 220 7 253 85 147 13 0 45 107 95 0 77 208 89 3 133 100 255
    255 0 104 0 0 255 255 5 255 0 50 255 216 93 249 151 0 255 143 37 0
    233 163 118 197 171 0 134 126 255 0 255 162 194 13 0 183 0 183 199
    252 255 255 255 66 141 17 118 54 33 0 0 61 97 255 0 112 109 35 0 203
    79 91 224 255 2 152 227 255 47 226 0 238 16 255 83 243 207 0 1 0 239
    177 51 59 255 255 220 0 0 117 41 0 110 114 173 181 189 0 27 227 204
    166 128 134 0 222 25 196 0 147 0 74 190 238 162 139 206 0 0 165 56
    190 166 199 255 0 177 250 0 0 127 105 255 115 227 169 118 255 2 152
    255 210 58 60 134 40 27 0 122 0 255 157 2 177 133 0 239 255 0 96 255
    0 71 146 255 255 89 28 167 0 255 92 81 255 74 226 0 124 0 238 255
    125 255 255 158 97 0 255 140 96 255 0 78 255 63 154 40 50 176 49 223
    168 75 0 115 0 94 255 0 0 90 156 143 140 254 134 255 130 138 0 109
    255 108 0 0 255 169 148 131 3 44 153 255 167 255 188 172 255 89 234
    189 0 0 234 0 255 199 212 188 255 0 255 220 255 0 0 150 80 214 127
    32 147 85 253 233 51 0 255 255 51 112 39 204 34 152 248 216 168 255
    255 255 0 126 38 255 56 56 97 245 228 106 0 53 126 211 0 113 205 138
    105 74 130 28 236 255 255 61 27 120 75 0 69 216 155 255 88 17 217 92
    0 82 11 1 195 0 31 106 0 182 100 203 194 10 255 228 13 63 0 255 95
    14 68 74 255 130 255 255 255 27 124 139 0 0 255 206 203 0 255 202
    255 255 191 189 199 255 255 0 117 79 217 10 226 96 255 132 29 171 0
    95 255 169 68 239 134 49 45 250 68 56 138 10 255 196 255 224 243 227
    50 202 204 54 48 0 109 80 255 255 192 0 175 242 31 127 201 163 189
    142 4 0 123 231 161 255 34 75 220 198 58 255 0 117 0 95 71 2 163 253
    0 255 0 255 37 0 0 78 90 255 255 74 11 160 51 59 44 255 236 121 255
    74 206 251 76 20 0 0 205 255 37 247 177 0 167 255 0 97 255 215 19
    107 169 208 208 53 69 134 0 162 3 223 203 100 110 255 255 255 255
    255 136 0 255 255 255 0 87 232 115 255 65 255 66 0 232 149 219 0 0
    255 0 127 0 76 255 100 100 94 90 137 255 222 101 0 255 0 0 75 255
    184 255 0 0 123 0 215 86 47 158 0 0 171 216 177 178 255 168 25 131 6
    209 159 206 0 214 255 1 0 162 237 229 0 123 255 0 238 191 255 218
    101 133 255 0 231 0 0 0 202 75 201 178 49 190 0 255 152 192 102 0
    253 9 35 255 235 255 123 255 183 133 141 255 247 42 0 170 130 129
    255 255 225 161 192 46 0 149 255 185 203 78 255 255 118 255 0 0 75
    255 167 134 0 14 255 146 255 119 161 255 229 255 119 255 34 255 0 88
    255 39 118 0 100 164 113 107 0 0 168 0 0 27 245 102 62 201 87 0 122
    64 19 0 230 226 210 0 0 0 69 99 0 0 49 236 0 0 250 127 239 255 255
    183 252 110 0 0 0 255 255 8 134 117 255 178 255 0 117 74 213 0 255 0
    0 207 227 122 255 33 191 48 162 45 68 118 247 28 84 48 130 33 234 27
    7 0 27 46 0 187 37 116 72 15 240 189 255 40 177 0 250 17 61 0 0 254
    229 0 0 97 0 5 112 40 0 182 0 119 152 80 0 96 255 0 0 106 52 178 33
    188 255 134 151 0 143 114 78 255 106 181 157 252 44 173 136 0 249
    255 0 0 0 255 238 255 14 144 148 255 0 255 255 255 0 218 130 218 56
    0 255 0 0 255 27 0 255 69 234 255 255 152 93 28 2 255 0 32 73 255 0
    133 171 166 255 0 164 30 236 0 21 188 91 253 131 204 0 101 68 0 6 53
    181 13 12 91 184 255 255 255 255 255 0 32 255 67 0 46 167 0 179 88
    155 51 0 9 50 63 0 211 72 255 255 141 20 255 255 114 224 55 142 255
    211 191 255 178 87 46 86 119 128 0 0 246 0 52 16 204 66 225 255 177
    180 133 93 31 124 152 235 255 0 183 255 255 187 126 0 252 54 0 206 0
    168 0 255 0 86 234 0 0 255 0 55 0 255 255 0 75 93 76 183 215 166 105
    49 0 43 255 242 255 235 255 0 91 123 67 58 159 4 0 104 150 236 167
    23 231 0 14 75 255 255 0 164 41 4 14 109 152 111 0 165 255 255 83
    131 165 124 255 0 0 26 203 255 111 33 122 123 0 165 191 143 199 5
    255 0 136 130 210 130 0 48 255 33 0 255 0 164 0 255 64 167 255 79 0
    205 255 255 139 255 119 0 68 0 76 255 207 0 255 65 0 13 217 255 250
    255 0 255 0 255 167 86 220 205 3 63 13 3 218 0 117 0 0 129 37 43 112
    255 201 97 88 253 138 255 0 193 0 255 80 216 47 86 0 0 30 37 20 255
    217 18 212 201 255 145 35 255 52 0 0 224 199 40 147 255 69 182 80
    255 0 34 239 106 107 88 255 255 30 112 166 11 56 178 161 255 95 80
    255 0 63 0 112 255 200 68 77 255 153 125 31 66 71 208 255 0 109 0 58
    36 255 0 118 216 227 0 147 247 200 17 0 200 255 79 106 191 0 133 176
    146 0 17 0 181 141 156 0 4 29 128 139 102 156 245 0 17 255 135 0 0
    50 53 46 10 173 0 255 115 255 72 255 244 0 0 111 39 217 0 59 234 223
    106 200 0 84 206 0 85 10 239 0 83 4 0 255 173 112 248 14 255 198 0
    255 253 71 251 105 37 197 6 150 0 160 235 202 154 0 131 255 0 255 80
    239 165 0 36 219 255 151 34 255 152 255 11 0 0 102 0 255 255 0 206 0
    255 51 0 0 255 255 10 67 228 139 0 0 0 240 0 0 255 255 1 88 164 255
    255 194 110 0 73 255 208 196 88 255 255 196 118 19 0 255 99 120 255
    169 32 251 0 128 19 18 255 83 0 200 96 255 101 0 0 105 177 255 77
    223 218 255 132 0 49 198 239 63 51 7 6 0 130 255 87 204 239 251 221
    255 162 76 255 255 255 255 255 63 0 39 255 173 240 238 0 247 198 97
    145 159 205 111 116 122 4 255 255 57 255 238 105 198 255 234 183 255
    249 132 255 232 160 72 222 213 0 199 0 221 193 163 255 222 115 255
    255 61 255 3 0 255 255 9 0 239 255 7 116 0 147 85 0 42 239 234 237
    177 206 238 180 243 10 42 189 4 166 56 0 255 4 247 118 194 255 76
    255 107 63 65 255 57 34 18 255 164 255 110 0 255 62 255 186 81 98 56
    255 255 255 77 178 239 214 0 72 97 255 101 100 255 170 133 72 48 0
    155 255 0 255 152 255 199 11 200 255 99 255 248 255 233 72 172 230
    183 0 213 222 216 144 255 255 60 0 116 91 25 81 8 255 238 215 0 255
    0 0 250 0 255 185 163 255 208 193 255 255 41 64 0 255 207 0 124 0
    171 13 6 255 62 127 80 64 147 59 166 0 0 145 255 85 0 102 224 0 132
    247 255 20 248 0 97 255 41 0 255 127 202 30 99 38 255 185 255 0 160
    239 92 60 237 191 96 255 167 0 0 229 217 125 245 255 0 226 226 0 199
    222 0 128 24 139 11 12 255 23 0 157 13 0 193 0 93 246 174 162 110
    144 53 205 103 159 180 140 68 61 88 224 63 95 0 98 238 123 255 255
    49 36 0 131 51 35 0 0 27 13 0 40 0 247 0 109 255 5 29 53 0 0 130 0
    255 17 251 179 255 117 235 93 133 0 199 83 177 143 79 251 192 168 0
    129 255 84 83 166 0 178 82 255 47 0 222 2 255 255 0 16 0 163 71 80 0
    0 12 22 255 34 221 250 0 255 255 0 0 127 102 238 111 255 104 255 255
    255 255 61 255 255 84 255 247 88 228 255 0 119 211 61 131 39 116 149
    0 89 0 6 255 255 255 0 0 0 13 136 229 71 225 32 82 0 110 121 203 231
    168 0 255 25 97 231 83 8 27 255 202 18 70 0 0 255 118 166 255 0 199
    193 255 68 214 191 255 147 53 0 3 147 108 78 255 162 255 143 96 0 3
    0 83 0 128 0 47 0 218 0 0 69 247 9 234 0 255 117 157 255 255 255 0
    209 138 231 194 233 227 255 0 229 148 13 17 0 0 249 85 25 175 220
    105 0 0 100 255 71 0 52 49 204 255 254 247 255 158 84 85 3 82 255
    111 95 72 255 255 234 222 206 255 222 104 32 255 0 234 116 0 205 175
    0 255 145 255 255 177 209 255 255 188 135 255 0 41 95 196 47 0 202
    92 29 94 152 192 251 142 98 187 255 222 0 173 255 225 93 62 255 255
    37 80 213 132 255 251 159 7 251 255 0 47 25 0 0 105 92 217 163 255
    95 255 255 113 68 0 208 112 252 252 5 198 50 255 182 255 185 136 105
    85 47 89 0 28 224 112 0 255 24 130 235 133 218 169 78 72 14 151 168
    0 15 184 225 0 29 0 96 0 251 255 136 255 255 106 134 75 213 166 120
    81 0 95 121 0 0 185 231 0 91 218 39 110 184 0 255 101 253 150 2 201
    255 0 53 94 0 0 0 112 255 121 81 97 255 0 106 140 229 214 136 148 0
    183 74 166 209 231 254 255 0 140 255 0 180 231 255 189 176 88 10 234
    142 199 17 24 65 0 194 103 0 212 97 255 255 255 80 0 107 75 147 132
    0 91 80 255 214 121 32 255 255 255 56 0 255 255 149 50 98 255 139 48
    255 21 50 255 255 96 205 23 42 51 0 150 171 85 192 255 0 255 9 255
    119 180 58 19 49 44 0 209 44 18 0 255 128 213 234 0 186 169 255 255
    29 185 0 0 0 141 201 216 134 7 118 89 244 221 187 255 132 96 25 249
    42 108 124 110 40 130 52 255 255 88 130 255 200 255 231 255 190 133
    144 165 18 97 176 141 84 137 254 0 140 192 149 255 209 43 116 255
    226 0 170 82 21 255 0 255 0 255 255 177 126 106 106 14 0 0 203 255
    28 14 61 174 77 39 0 255 235 88 255 255 160 154 0 83 47 0 166 221
    203 175 255 255 93 255 255 255 203 243 0 255 210 181 255 110 229 86
    0 0 185 1 187 230 213 255 0 0 255 152 0 219 255 3 218 54 151 52 238
    6 255 68 255 15 29 1 0 116 125 255 0 0 255 255 140 87 0 106 107 0
    255 0 90 230 235 169 128 0 234 146 38 93 102 235 0 179 159 28 174 24
    126 233 152 0 255 0 99 50 237 255 199 255 112 133 255 217 0 14 155
    132 38 165 0 49 87 50 255 0 163 79 0 0 146 183 0 0 255 129 70 110 34
    201 214 231 0 34 250 52 99 88 255 22 20 255 255 255 255 0 255 195
    255 252 125 148 255 136 171 63 154 42 206 163 198 0 255 0 221 243
    236 255 91 140 8 0 222 0 137 53 255 65 255 0 0 0 15 255 255 255 34 0
    255 218 255 167 184 74 179 0 7 18 255 195 0 255 135 116 210 255 5 0
    255 27 0 201 3 71 251 12 222 0 0 255 85 67 157 226 255 255 220 242
    188 181 0 255 230 255 94 134 19 2 110 135 0 67 34 36 153 255 0 250
    255 197 215 30 0 207 50 220 130 245 14 135 0 53 255 255 255 255 0
    255 255 149 204 145 184 129 0 38 168 226 129 5 125 75 0 0 170 192 21
    1 105 255 127 15 23 20 220 255 86 221 0 255 164 60 255 255 255 182
    61 255 28 255 61 49 199 63 0 255 0 240 108 69 47 78 255 255 0 185
    133 205 165 255 1 255 230 195 177 255 255 0 201 255 0 0 255 100 0
    217 168 255 18 255 255 75 221 0 11 133 0 213 255 0 110 255 0 0 245
    255 255 136 44 224 255 154 255 0 104 0 0 137 0 0 255 255 231 255 119
    0 55 41 197 1 0 66 140 28 185 255 26 86 0 255 64 0 0 72 232 255 237
    0 255 254 17 41 108 64 255 195 137 0 143 149 226 255 140 89 171 116
    75 0 122 48 255 0 164 72 86 213 168 0 124 0 196 245 104 255 255 0
    117 255 255 11 0 248 209 0 255 19 184 72 204 0 237 27 0 135 255 18
    39 106 89 66 255 67 255 255 182 255 0 64 22 189 0 102 255 159 71 44
    77 129 0 0 0 0 22 255 0 69 176 131 7 148 255 255 134 255 87 255 255
    77 200 255 255 99 54 0 232 3 66 0 0 255 255 0 24 0 255 255 0 0 56
    147 0 167 203 0 0 193 255 0 185 255 204 0 68 0 221 0 0 70 78 58 237
    0 252 147 255 0 255 255 102 221 96 0 0 21 0 227 0 247 76 225 0 255 0
    255 52 255 157 0 130 224 0 233 160 0 31 240 0 26 247 127 255 119 255
    85 197 231 140 207 0 210 25 0 11 93 200 0 255 16 25 15 186 255 188
    160 155 196 0 117 0 0 145 215 0 229 171 255 181 255 35 255 80 36 0
    255 255 255 255 53 29 28 0 66 142 235 169 76 0 0 0 0 235 189 23 44
    15 0 219 54 11 90 165 11 0 0 255 255 0 255 145 0 37 161 182 109 213
    0 167 255 117 86 255 18 0 101 0 172 147 255 255 255 175 134 255 217
    18 243 255 255 255 4 204 40 164 205 249 166 255 196 0 187 0 0 77 255
    158 216 80 0 0 158 0 0 41 0 255 255 0 0 250 0 0 83 171 0 19 0 255
    239 0 255 255 176 0 0 6 76 0 255 45 56 255 254 180 19 0 74 36 27 235
    52 1 118 0 92 255 255 255 222 0 255 61 255 3 255 255 39 237 201 255
    0 0 255 64 38 0 0 255 0 73 193 0 238 255 0 178 255 255 71 112 250 0
    116 70 0 255 0 0 58 121 142 0 255 128 0 255 107 0 255 87 97 34 130 0
    0 63 0 70 0 43 255 0 64 90 234 153 90 155 95 132 154 255 35 255 0
    148 255 55 255 253 255 255 167 153 30 214 151 255 25 255 0 255 15
    255 255 209 255 161 71 169 26 0 0 7 0 115 255 107 100 222 0 0 98 255
    224 249 0 207 60 221 234 63 25 0 77 255 210 0 0 190 206 131 10 4 255
    213 213 62 228 34 0 162 133 0 245 0 255 255 255 0 64 61 19 148 222
    202 255 232 51 15 0 255 45 150 255 34 0 52 0 255 98 174 171 106 249
    73 0 240 0 220 0 135 138 188 0 22 150 79 55 255 64 255 150 151 158
    136 69 255 0 223 115 0 255 119 255 87 159 214 9 0 0 0 0 0 23 255 228
    207 112 177 5 101 255 213 231 16 249 11 255 238 80 0 244 0 204 212
    255 255 255 244 255 180 118 255 9 255 255 40 0 15 43 61 0 0 0 3 66
    197 156 66 255 66 71 144 164 0 230 0 45 121 222 0 255 0 255 186 255
    224 0 0 0 23 0 170 43 0 57 137 0 255 172 0 72 255 255 243 90 247 255
    75 238 36 124 15 255 179 255 255 171 136 11 0 254 255 0 205 0 0 171
    146 42 255 189 255 156 142 82 41 84 0 194 255 220 60 146 246 0 242
    188 255 92 189 182 0 59 103 0 95 255 85 138 255 198 255 57 255 105 0
    29 255 206 0 190 147 0 110 255 19 231 255 255 18 112 139 0 81 0 126
    166 205 177 187 0 80 39 33 151 226 0 255 129 230 255 128 206 16 179
    0 113 65 44 0 0 54 255 115 15 0 135 127 255 0 255 41 19 255 149 240
    161 38 255 41 49 56 255 255 139 165 255 217 190 255 72 255 255 181
    173 225 176 0 235 0 252 44 201 248 86 113 156 198 142 219 62 255 4
    237 169 34 0 1 140 141 121 87 200 20 255 99 56 92 0 186 0 190 235
    101 231 16 221 254 6 10 0 194 246 0 71 192 48 31 240 0 255 167 51 0
    113 31 113 113 24 0 0 217 255 150 70 209 144 0 255 255 142 38 0 23
    174 147 0 68 255 255 255 103 133 255 48 255 67 255 195 0 0 255 255
    119 22 255 208 255 98 255 255 0 185 96 0 18 205 162 98 255 255 230
    114 46 182 255 89 64 35 255 0 129 255 0 107 155 133 126 68 0 119 255
    213 157 119 0 255 13 255 50 38 37 76 48 255 179 59 255 255 185 0 3
    255 255 255 255 50 107 39 134 246 142 0 0 0 0 146 0 255 32 16 65 255
    21 15 255 255 179 255 29 0 0 76 198 255 198 250 0 0 0 135 57 143 254
    238 64 207 131 255 0 91 255 0 0 0 0 246 80 255 0 105 158 0 39 190 0
    0 0 9 255 133 229 175 111 45 0 128 28 109 52 0 198 209 0 92 235 107
    255 135 0 102 216 187 81 44 71 255 172 226 0 74 223 97 204 227 30 21
    71 0 0 0 63 227 255 255 255 102 251 10 250 0 255 201 54 255 198 84
    176 234 153 62 0 157 0 0 0 255 0 186 181 129 156 205 22 0 229 255
    238 196 255 228 90 0 255 0 16 9 59 100 0 193 255 67 151 28 178 0 255
    82 20 42 0 255 130 224 181 0 120 28 208 163 160 229 63 210 255 26
    131 255 248 0 21 118 229 64 255 255 47 0 255 247 82 98 0 238 255 197
    11 67 134 152 211 150 0 250 0 247 0 45 232 0 255 255 237 209 117 254
    70 20 0 0 255 53 78 0 227 98 60 0 171 0 63 45 4 255 111 83 212 255
    151 49 196 61 159 0 0 19 12 255 123 180 183 24 0 0 234 16 0 255 0 0
    121 156 175 0 120 175 0 0 6 242 0 119 0 107 124 219 83 0 0 173 0 0
    255 209 107 96 255 158 16 81 255 202 144 255 0 2 171 0 167 255 255 3
    129 164 13 0 166 255 85 186 0 96 235 241 56 171 255 255 186 0 200
    255 0 255 255 32 236 0 96 33 68 255 42 106 255 226 0 0 64 255 104
    164 220 0 255 0 224 255 0 117 54 91 0 19 241 0 78 0 137 0 182 6 48
    187 9 46 0 255 255 150 255 255 255 40 184 0 255 0 99 255 255 144 255
    255 97 0 73 255 255 255 96 236 255 72 0 133 155 208 222 105 111 255
    255 212 23 145 128 157 45 198 177 163 255 48 172 116 139 186 172 92
    255 22 182 24 201 255 131 149 96 173 240 0 255 0 0 9 131 255 255 0
    184 0 255 122 226 0 0 241 198 56 35 40 20 84 33 66 0 0 27 175 87 127
    119 140 139 0 1 255 0 143 255 0 35 0 227 218 144 0 126 255 52 255
    255 0 3 155 0 222 192 8 174 83 162 255 0 119 15 147 164 0 51 152 255
    121 104 255 146 64 194 226 183 0 18 173 226 255 0 255 0 0 86 254 0
    237 144 225 0 0 66 71 210 26 41 255 255 164 12 184 18 228 43 142 124
    255 52 0 244 203 220 129 139 255 208 177 0 255 25 32 243 210 119 161
    136 234 255 192 176 255 49 206 13 24 136 32 0 0 0 0 68 255 0 19 33 0
    0 196 232 40 80 108 166 230 227 255 0 187 241 0 85 104 0 0 0 112 38
    98 59 130 255 185 64 230 255 87 159 255 27 191 206 47 57 61 251 203
    39 168 0 121 0 214 215 12 255 26 0 52 0 153 0 5 0 255 6 42 230 88
    152 174 0 158 0 0 203 68 204 255 233 34 180 133 0 195 50 231 196 255
    0 255 220 95 51 124 255 255 241 130 157 126 188 86 79 0 45 134 173
    136 240 120 8 172 255 255 28 78 255 255 0 244 0 0 0 171 255 0 0 115
    254 32 255 0 76 13 0 0 113 255 214 0 255 255 0 0 254 69 45 0 108 160
    124 128 83 0 203 113 178 208 0 255 0 67 166 125 212 220 127 6 148
    157 255 118 213 0 126 255 0 0 208 209 187 0 220 255 0 14 28 18 0 134
    87 0 249 255 152 0 61 160 59 109 255 254 93 140 15 200 236 170 204
    255 148 109 0 224 255 0 205 109 113 86 137 255 22 255 246 105 255
    255 0 255 255 0 246 0 255 216 181 255 90 255 190 92 0 92 0 19 183 17
    0 0 255 164 154 34 194 234 4 255 255 240 0 255 255 162 78 36 212 145
    173 0 0 61 255 171 211 245 0 108 156 0 158 110 0 199 180 126 255 105
    255 255 77 110 142 244 213 200 0 147 0 0 255 241 62 255 255 44 255
    15 0 195 255 0 46 0 0 205 255 255 255 70 79 255 189 3 200 255 255
    255 31 173 81 5 179 185 243 208 44 255 0 139 247 9 6 94 255 97 190 0
    231 200 255 118 1 0 245 145 44 56 237 228 0 186 105 135 106 84 51 0
    120 0 173 0 18 82 255 255 27 25 67 248 190 83 16 72 38 81 63 0 230
    255 18 144 0 6 0 255 254 7 0 1 255 122 255 0 0 255 0 51 93 255 0 157
    182 218 0 255 255 0 255 53 16 214 195 166 0 0 255 255 255 255 41 238
    255 0 255 205 255 0 23 0 101 112 199 0 255 255 255 254 255 0 211 218
    107 0 56 190 255 255 193 156 85 0 0 255 27 133 224 255 88 151 39 0
    242 255 110 255 101 255 68 41 22 188 32 77 255 255 119 19 222 0 19
    90 46 0 190 255 255 96 255 255 0 21 255 255 60 71 134 255 2 103 255
    109 207 200 0 255 255 151 255 0 238 0 255 41 47 136 219 21 8 0 34 0
    83 149 255 255 0 250 0 255 255 132 82 0 8 255 0 255 0 135 175 0 255
    115 9 235 248 152 105 205 209 0 91 255 216 124 94 246 216 153 255 0
    198 255 17 156 255 255 0 0 0 193 255 0 237 66 255 145 9 179 0 102 61
    28 143 217 211 0 229 145 42 27 255 242 105 0 255 192 223 221 0 124
    254 218 10 0 210 255 0 46 252 26 99 139 0 29 255 50 243 0 225 177
    255 46 110 11 137 235 30 219 0 146 255 125 141 113 252 155 255 0 208
    244 212 255 120 29 180 158 236 237 161 238 249 0 30 136 152 104 16
    153 103 0 255 238 0 191 253 0 12 211 146 1 1 255 255 0 132 255 85
    146 205 255 46 255 150 57 123 255 54 189 233 0 113 29 107 58 231 41
    255 193 80 151 0 209 0 0 36 130 255 38 255 28 198 255 87 79 214 46
    133 130 98 255 157 255 113 255 0 87 255 151 0 30 0 0 140 170 70 0 45
    255 255 75 255 212 0 247 78 176 199 183 103 0 115 222 0 183 175 0
    132 186 223 0 186 66 255 0 0 190 255 156 220 0 138 0 0 27 0 0 144 0
    127 197 255 0 42 220 238 247 227 0 202 0 0 255 20 63 213 247 115 0 0
    159 79 234 0 176 249 164 0 255 255 92 196 73 144 255 46 0 255 127
    149 255 236 255 247 255 0 255 55 0 252 28 53 22 11 200 195 213 255
    12 41 161 217 255 0 55 0 189 142 142 64 32 255 128 235 255 255 16
    102 0 213 0 86 166 91 59 255 255 14 170 0 254 111 255 98 0 5 105 0
    255 255 255 255 194 75 236 66 69 85 64 64 143 0 13 0 12 255 0 255
    226 35 249 0 255 73 255 0 57 255 114 199 147 255 215 40 221 0 209
    124 149 208 67 255 134 230 206 255 101 105 224 0 0 0 78 124 25 251
    237 255 0 99 0 0 69 0 0 255 31 255 81 200 152 255 255 137 255 25 0
    255 5 164 182 0 0 255 39 108 0 255 255 35 255 157 11 106 245 255 145
    255 76 206 64 4 105 26 255 0 0 31 252 255 0 5 250 237 147 42 65 88
    84 0 102 151 169 145 141 251 227 198 91 64 255 79 255 190 235 218
    255 0 0 145 143 255 79 70 73 0 0 255 10 255 242 255 201 165 255 0 46
    78 29 171 87 152 240 130 127 160 206 0 76 92 0 232 200 34 91 0 103
    255 255 225 17 51 255 203 0 255 9 225 255 232 225 255 249 252 65 246
    63 83 165 255 32 191 153 255 168 60 255 0 7 255 0 36 255 106 0 0 0
    255 0 189 190 0 255 215 4 0 255 90 187 252 178 255 250 192 255 36
    200 0 0 255 0 0 135 159 132 152 0 226 38 70 148 84 33 37 70 0 158 0
    255 139 210 143 135 42 137 166 173 255 209 16 165 255 255 255 216
    253 147 129 125 117 0 22 196 107 69 0 255 240 137 47 143 255 0 0 0
    226 255 0 7 164 148 255 5 252 99 7 241 14 106 118 0 70 121 255 163 0
    141 198 35 4 0 198 4 255 173 161 65 11 0 213 186 174 0 255 32 63 161
    133 86 255 255 105 78 5 0 130 208 12 255 0 255 77 0 255 81 0 41 189
    80 0 29 255 0 123 28 187 239 255 220 87 222 0 241 255 255 62 40 0
    119 80 249 14 95 255 67 216 255 222 131 136 0 255 18 217 0 255 163
    208 213 162 165 255 124 25 255 215 0 125 60 1 0 173 43 0 2 45 255
    215 0 255 252 242 249 0 72 255 255 255 240 255 132 55 48 255 0 94 66
    0 251 215 255 153 180 107 15 92 8 0 154 173 216 255 66 0 255 212 0
    255 101 255 255 56 255 123 64 153 77 255 0 98 255 255 24 126 91 6 74
    215 255 153 118 23 0 0 108 25 96 55 0 252 255 129 245 0 163 226 156
    125 209 58 127 142 255 255 61 0 22 177 84 184 222 255 206 102 255 44
    0 192 56 173 255 240 255 0 10 108 255 215 204 255 155 246 6 41 0 134
    101 90 0 229 88 98 139 213 255 76 41 119 33 26 139 81 76 135 255 59
    202 73 129 0 134 6 139 75 4 0 0 255 185 215 109 255 0 0 56 0 0 255
    252 201 211 255 0 0 188 38 26 243 255 50 0 154 97 0 8 150 0 139 73 0
    34 119 255 255 98 233 17 25 133 108 90 128 125 94 103 35 255 255 83
    173 255 255 0 114 184 66 29 7 11 132 255 0 0 221 125 134 124 38 255
    0 124 197 199 255 255 152 22 84 0 141 250 23 38 94 255 26 255 238 92
    41 0 255 0 145 0 78 143 255 255 0 88 255 118 242 34 255 66 84 251 67
    0 63 51 255 0 198 72 112 143 1 36 255 108 255 168 244 28 255 0 121
    86 191 223 0 255 255 160 0 141 255 254 38 0 47 98 0 241 119 208 33
    219 255 0 117 114 171 255 110 217 101 145 255 0 218 0 80 255 0 255
    123 245 89 186 107 247 18 53 0 58 65 74 125 53 118 0 246 242 0 0 120
    81 0 0 170 150 0 255 67 255 90 36 30 255 96 189 28 249 201 208 255 0
    228 169 0 169 0 95 255 0 255 255 209 255 32 198 0 0 144 189 228 0 0
    114 32 255 2 255 0 0 31 0 172 111 0 100 194 0 255 0 155 190 0 255 76
    254 153 255 28 35 43 0 39 0 0 188 64 146 192 255 255 203 196 21 79
    112 249 0 255 58 0 0 67 167 28 103 255 255 126 143 255 255 150 83
    255 79 76 123 56 0 255 193 255 76 84 108 255 255 87 137 255 200 16
    217 234 206 251 161 0 244 0 153 74 63 222 211 225 0 43 255 0 255 0 0
    255 21 207 73 6 0 0 135 56 0 67 134 56 224 0 253 62 157 254 0 219
    177 0 255 236 40 255 70 0 58 55 255 255 0 0 21 245 0 23 255 84 166 0
    255 212 0 255 190 0 0 20 201 157 0 34 66 0 255 203 0 206 0 171 11
    114 9 0 0 10 255 148 172 255 255 180 227 176 255 27 255 255 255 194
    0 190 130 0 83 255 150 122 0 213 127 0 0 200 177 116 0 0 241 0 255 0
    255 11 255 163 255 255 238 255 11 248 214 109 77 197 45 61 0 43 191
    140 255 169 255 153 152 0 68 203 43 167 0 159 253 66 16 210 97 7 255
    0 80 10 255 255 246 162 148 165 0 0 34 0 22 95 255 0 202 0 0 242 0
    255 255 119 157 105 255 94 0 0 198 196 132 158 231 54 41 90 2 124 31
    0 69 0 0 210 255 0 75 0 33 0 204 245 0 0 78 0 47 233 0 255 255 99 0
    255 77 144 255 250 186 45 64 120 0 189 66 162 219 51 73 253 243 255
    178 164 194 162 0 0 0 64 130 0 58 255 192 58 39 0 255 35 255 118 208
    48 109 255 140 177 204 255 255 0 0 52 24 233 0 0 253 255 32 255 245
    255 182 237 216 24 6 84 255 78 93 105 255 182 228 140 192 149 0 0 0
    22 0 185 35 249 255 66 255 218 198 174 0 59 10 191 0 226 0 0 0 153
    31 0 8 226 255 255 20 94 51 49 0 0 185 0 255 0 0 85 134 77 255 255
    159 252 152 218 255 8 0 234 79 255 111 207 39 114 255 185 184 119
    255 255 255 119 78 255 255 154 28 224 247 0 108 0 89 0 27 118 0 110
    0 92 21 226 26 19 105 0 255 0 190 255 123 243 138 255 173 80 255 255
    255 255 30 217 145 0 86 138 200 68 67 236 63 59 164 172 255 160 255
    255 81 0 179 172 0 253 0 86 25 255 255 208 123 137 14 17 0 190 0 23
    68 255 0 255 233 45 244 180 136 255 255 249 245 0 225 220 0 255 177
    255 0 117 0 152 255 196 233 30 255 155 87 206 255 126 0 0 0 43 5 0
    111 180 0 250 180 255 237 43 255 70 0 255 21 196 60 27 255 0 255 80
    0 194 255 192 30 254 249 0 0 255 146 255 19 250 0 155 251 215 104
    111 73 3 220 218 51 0 108 18 255 115 0 0 255 149 0 40 251 214 255 0
    0 255 96 84 122 6 187 201 178 0 121 186 0 116 0 191 228 255 255 94
    253 255 41 0 174 174 0 251 55 0 0 175 18 239 108 237 255 119 251 255
    209 26 200 255 215 239 101 255 182 161 176 98 50 220 139 0 255 0 255
    255 161 101 196 0 211 0 124 177 181 85 0 35 186 0 0 255 255 242 82
    24 249 255 198 56 54 32 255 250 0 255 255 233 92 0 237 255 34 136
    255 225 0 0 21 38 0 147 145 0 255 162 229 187 255 0 0 237 212 181 0
    0 167 44 0 16 55 255 18 0 4 0 0 19 102 0 0 0 255 255 255 4 222 133
    143 236 255 132 199 212 133 74 0 95 215 255 69 0 255 0 255 148 255
    236 10 198 214 85 19 0 72 86 0 53 249 243 0 255 0 255 38 168 255 84
    0 0 108 128 1 255 22 185 230 36 194 82 220 70 218 241 248 135 0 246
    146 72 233 104 76 175 255 0 68 0 255 0 255 109 172 255 255 232 255
    110 0 91 230 0 0 175 232 0 137 0 194 0 220 144 30 76 101 241 84 36
    190 255 255 203 181 0 8 114 0 17 173 0 195 0 232 232 255 190 243 184
    255 207 255 114 0 170 161 8 133 62 87 27 138 0 79 61 0 114 167 181
    255 127 111 255 126 158 255 181 185 255 112 209 156 38 116 124 0 218
    57 147 0 189 86 247 50 25 17 255 64 205 80 220 224 174 150 50 32 0
    105 0 114 135 252 245 255 0 255 151 177 119 0 219 0 0 0 13 97 116 0
    167 170 194 135 41 247 23 255 47 64 87 158 72 161 44 122 255 0 132
    255 71 255 170 10 66 95 3 160 255 34 191 0 145 0 134 168 5 255 9 248
    0 35 244 37 127 255 71 60 255 0 249 138 118 255 255 179 168 92 97 0
    147 6 51 118 78 221 135 255 0 81 148 0 215 220 255 0 255 237 47 62
    167 234 255 0 192 0 0 76 209 3 14 255 248 0 217 255 0 0 255 67 35
    255 0 222 0 58 174 26 0 255 255 177 196 190 0 0 143 72 135 0 69 43
    120 181 225 5 255 0 191 227 235 0 47 187 175 255 170 0 28 35 0 254
    41 46 0 48 255 77 113 0 255 0 248 18 255 0 236 38 70 0 70 136 0 255
    176 255 136 228 0 253 0 75 255 24 215 106 0 40 202 69 62 255 255 159
    255 64 0 224 118 0 128 120 152 151 0 255 76 0 70 196 144 34 51 0 136
    42 0 0 0 9 0 255 255 58 186 255 94 0 72 35 63 255 89 0 172 212 2 255
    255 0 0 116 17 198 255 187 0 206 129 0 184 76 85 255 212 29 193 0
    184 214 0 66 0 182 255 24 0 0 168 0 86 0 158 0 53 85 47 255 27 255
    227 0 255 198 250 43 221 0 236 183 184 28 255 115 248 255 229 0 255
    18 255 0 0 0 0 148 43 0 0 255 14 69 255 127 92 255 255 0 117 79 165
    111 160 24 11 177 122 255 214 255 255 19 0 113 0 108 231 93 0 70 49
    19 0 219 151 21 225 255 165 2 255 0 255 255 255 255 244 135 101 19
    43 221 255 34 255 255 0 114 0 127 214 74 155 0 115 8 0 0 112 20 188
    140 202 255 255 12 87 69 255 0 255 167 255 113 202 12 255 0 0 34 0
    98 84 173 147 255 249 255 221 47 255 146 255 0 79 207 255 107 255
    255 80 0 32 255 217 249 0 0 248 251 0 15 0 0 255 167 84 101 138 225
    87 0 237 0 252 50 77 0 188 255 17 252 255 195 246 121 85 184 255 174
    117 0 172 109 0 0 0 204 255 255 32 73 84 210 255 255 43 0 255 116 0
    255 0 69 34 45 0 37 35 0 52 255 70 209 203 255 255 159 255 123 0 0
    61 250 75 50 223 255 209 142 0 30 219 255 159 255 255 255 203 121
    134 0 0 78 46 0 0 127 123 0 195 0 43 115 25 222 164 114 193 236 239
    0 0 255 62 211 255 255 42 146 46 46 255 49 252 255 255 151 18 255 0
    0 220 89 0 255 0 255 255 40 207 97 235 255 0 231 250 209 7 0 0 70 4
    22 255 246 116 154 107 232 119 237 186 102 125 227 173 184 255 0 0
    212 134 179 23 255 59 119 169 240 0 178 0 97 255 0 0 169 0 168 46
    176 84 71 243 255 129 194 226 255 255 3 255 208 0 0 0 225 0 226 183
    140 0 255 255 255 253 0 0 173 64 93 0 255 255 0 255 203 255 87 255
    24 108 0 151 0 159 255 63 255 255 255 179 255 194 111 67 0 0 0 152
    255 255 113 255 0 13 255 123 192 11 194 81 255 243 228 255 0 255 0 0
    63 86 0 255 109 0 129 0 253 0 186 75 17 90 129 255 14 114 145 235 0
    184 81 241 0 177 255 47 173 255 9 255 54 0 0 225 255 0 108 0 0 0 200
    73 255 117 0 0 90 255 138 155 8 223 183 168 158 234 206 253 65 240
    12 96 0 244 255 64 89 0 200 255 0 0 255 0 30 251 240 121 97 221 2
    161 133 0 12 47 0 172 0 147 67 0 106 57 168 208 0 68 243 61 179 0
    105 255 0 24 0 136 0 159 229 19 245 66 255 0 0 255 0 212 0 181 255 0
    41 155 255 255 18 0 26 105 255 128 28 180 228 0 255 181 230 255 26
    81 132 121 255 39 143 186 255 139 43 154 197 148 234 0 255 238 255 0
    195 255 255 45 255 230 255 255 255 59 117 81 62 115 224 116 219 212
    0 0 3 129 255 210 73 0 124 215 33 109 255 255 97 255 130 170 30 153
    53 69 255 47 130 0 0 233 247 255 161 255 145 213 255 0 74 255 158
    152 43 225 0 35 89 109 60 255 109 253 32 0 164 255 254 0 179 0 178
    85 135 0 204 113 188 255 234 54 83 188 80 193 0 0 72 180 69 255 153
    255 188 255 255 33 255 228 99 111 38 182 170 0 255 199 22 73 40 135
    0 223 77 149 113 7 188 232 145 255 255 193 0 237 0 160 255 206 21 0
    32 70 0 205 60 0 28 255 210 200 16 255 76 149 0 0 78 115 0 120 255 0
    208 7 255 55 200 55 255 214 224 255 255 39 67 59 255 255 255 208 104
    255 100 0 125 255 88 38 255 80 160 58 112 255 255 192 255 244 156
    159 0 44 139 0 155 0 239 0 255 251 198 0 255 90 0 255 203 255 184
    226 0 190 186 173 0 236 247 0 42 246 28 149 223 20 34 37 170 65 0
    126 0 0 1 164 167 253 99 42 0 54 138 111 255 145 0 255 180 255 93
    255 223 149 148 245 39 35 152 0 33 0 0 159 88 0 56 21 255 11 245 5
    243 12 0 104 243 255 54 58 129 247 238 175 88 255 216 255 151 0 100
    255 84 94 209 255 38 255 0 255 255 0 0 106 0 241 69 0 67 34 255 250
    0 180 80 255 38 128 255 204 229 62 3 255 52 0 79 113 26 37 255 79
    203 221 14 81 255 58 121 217 0 255 121 22 3 199 209 7 128 255 71 75
    111 176 68 132 184 214 255 128 156 0 212 0 0 0 160 36 197 177 36 255
    117 177 255 104 0 116 242 0 0 0 255 0 143 255 192 34 94 81 255 255
    102 0 122 20 119 130 147 255 243 0 255 218 255 255 255 162 19 62 185
    189 0 219 0 30 255 234 180 95 205 130 1 243 0 255 231 255 255 107 0
    93 174 255 0 202 101 255 220 0 0 200 0 164 103 0 191 0 133 104 227
    129 0 230 255 204 0 169 255 255 255 54 255 109 0 0 72 0 0 255 132
    235 173 92 0 87 194 0 0 81 255 255 0 0 220 229 154 255 0 0 199 252
    44 153 255 21 255 0 109 0 255 255 56 7 56 87 21 47 226 255 0 147 242
    255 255 255 25 64 0 59 162 141 255 0 0 255 0 255 186 0 65 185 103
    114 255 55 205 255 161 61 248 0 62 255 206 0 84 92 249 177 109 104
    246 255 0 77 125 193 0 222 255 240 106 255 236 45 132 195 80 249 226
    255 236 20 252 0 22 196 226 221 95 193 101 28 137 0 255 0 25 129 113
    255 0 83 107 0 0 181 33 100 255 40 162 71 53 255 29 89 41 108 107 0
    255 246 255 0 0 49 255 138 255 21 0 255 12 101 83 56 65 0 134 243 0
    255 115 69 255 215 255 0 124 255 0 209 0 255 255 0 42 89 192 0 255
    54 225 250 164 250 0 141 236 0 186 253 10 0 255 0 82 8 221 0 0 223
    32 0 220 235 181 106 27 255 0 49 141 111 255 255 222 159 222 0 90 0
    65 178 0 216 159 255 210 237 21 0 112 48 51 0 190 255 13 255 255 56
    0 102 224 211 158 93 241 255 240 0 78 3 6 42 0 0 150 255 0 127 56
    197 147 127 255 255 141 88 130 255 92 0 115 232 0 30 255 0 255 0 255
    187 6 216 141 2 88 255 53 55 5 255 6 255 0 220 213 131 0 0 0 141 168
    68 255 0 255 99 189 35 255 255 0 0 241 0 145 86 8 122 229 139 0 165
    182 124 0 0 255 0 0 220 143 81 219 58 44 0 199 112 255 249 37 82 255
    255 0 0 7 31 158 46 2 41 57 8 66 221 253 255 110 0 151 67 255 77 100
    229 133 81 184 175 0 255 255 255 0 186 255 186 150 153 47 255 255
    255 180 0 4 0 255 204 255 51 212 230 0 126 226 46 126 255 255 172 31
    255 0 7 96 255 178 255 90 237 167 148 199 0 0 11 255 51 240 255 0
    240 21 26 7 0 225 0 5 227 225 0 0 81 176 30 10 21 202 0 120 0 255
    255 0 57 68 184 36 203 255 130 255 255 183 255 0 0 183 77 255 63 255
    31 178 211 140 66 159 162 0 255 35 115 0 122 255 0 200 253 255 0 0
    231 246 248 248 116 179 136 88 99 255 184 0 255 78 152 0 255 88 0
    190 255 0 255 255 0 126 14 147 36 23 135 155 0 190 188 132 148 160
    29 255 214 37 255 230 0 98 123 177 170 255 241 0 98 0 120 0 191 52
    255 250 72 225 45 134 148 157 0 57 0 76 176 255 0 255 102 135 255
    143 255 60 209 57 0 65 26 94 195 0 48 128 77 255 255 0 73 229 101 0
    255 109 208 201 142 0 161 121 192 255 255 255 254 239 30 51 0 0 0 8
    255 200 179 45 26 67 123 0 231 0 0 255 200 0 37 0 229 255 0 144 255
    180 255 205 40 140 104 0 147 215 86 123 184 40 98 0 161 0 21 240 24
    0 0 163 137 0 221 160 46 67 57 0 0 157 0 222 236 9 153 0 146 43 255
    246 121 136 0 0 255 0 25 74 255 198 149 255 36 58 255 0 246 238 255
    227 0 145 28 0 255 0 235 168 184 0 65 69 28 246 247 72 46 173 0 23
    119 0 250 244 191 130 78 147 255 128 24 199 172 245 218 58 63 61 212
    255 2 0 86 104 80 236 36 255 69 203 105 101 61 111 28 141 23 0 196 0
    126 255 0 169 243 0 66 255 240 212 6 19 255 165 169 0 90 0 255 0 0
    255 255 2 0 20 84 59 38 46 37 255 151 74 113 0 146 255 71 0 0 181
    255 26 55 16 123 0 253 71 128 234 0 105 0 21 0 77 216 151 255 229 0
    184 111 224 146 167 255 0 0 60 78 215 204 99 153 18 0 34 247 90 163
    95 49 255 117 255 0 255 0 255 118 212 221 75 66 255 165 63 159 26 19
    245 75 26 108 234 31 4 255 0 0 133 11 0 66 255 12 69 255 176 0 38
    207 150 222 254 16 92 98 222 34 171 131 47 0 255 0 0 131 191 136 73
    240 143 0 255 0 229 255 85 255 81 0 226 117 255 0 215 75 73 255 255
    255 208 88 255 0 90 113 13 20 239 103 51 26 216 87 200 217 123 76 35
    0 255 255 6 0 255 232 84 234 230 117 0 255 0 5 255 201 0 194 87 193
    116 125 0 4 250 0 255 34 188 0 24 0 255 178 255 91 85 162 98 203 0
    114 53 74 236 104 0 134 157 0 16 251 255 253 251 127 220 255 23 60
    44 71 140 226 255 74 173 61 0 40 31 225 134 31 6 56 93 107 87 0 0 0
    0 189 11 150 131 154 119 33 86 199 255 215 0 39 231 0 178 64 0 108
    247 255 219 83 0 255 100 102 255 87 255 0 165 9 0 255 0 88 0 29 81
    34 0 0 88 255 212 0 255 99 47 191 188 81 185 0 255 85 255 88 28 197
    74 180 42 55 67 100 135 241 255 101 16 231 0 195 199 0 68 255 180
    255 148 177 30 135 110 119 219 0 142 164 180 236 57 255 255 236 0 7
    0 25 67 255 255 255 29 255 240 0 0 0 133 255 234 7 120 184 242 195 0
    203 126 213 192 178 0 255 249 255 0 255 94 0 85 137 128 232 55 76
    255 161 0 204 74 194 0 0 150 253 255 159 40 67 183 11 255 255 255 0
    130 137 160 255 19 111 255 217 100 0 170 8 255 0 250 0 233 0 240 102
    26 109 206 118 0 66 255 255 187 94 253 0 255 255 52 128 217 156 0
    255 255 24 255 215 0 175 57 79 0 22 0 0 243 0 112 213 77 255 109 245
    251 111 53 3 81 0 255 54 176 111 109 255 241 255 132 43 212 0 255 41
    0 30 255 193 15 159 90 195 0 255 0 65 173 255 0 0 9 219 96 255 143
    77 0 16 103 109 255 69 59 255 255 164 32 0 170 201 70 246 228 242
    134 5 255 0 0 123 172 35 255 174 184 213 0 0 0 89 55 52 224 0 250
    205 194 24 150 138 0 195 255 46 145 174 236 203 190 255 41 154 0 236
    0 255 0 0 255 44 29 104 213 202 214 231 169 255 82 158 72 140 255
    255 41 255 255 203 121 255 255 203 68 181 255 114 217 255 173 0 169
    0 95 255 110 194 111 223 77 71 255 232 25 255 0 255 159 236 104 255
    98 118 255 255 132 137 254 244 255 0 37 255 76 124 11 117 255 0 182
    255 185 0 0 172 0 255 255 28 209 247 83 69 98 3 255 15 228 79 0 123
    3 36 255 92 255 255 255 0 118 0 39 93 0 110 255 85 248 255 182 0 59
    24 195 3 255 176 0 98 207 42 68 62 4 206 208 255 255 218 90 0 237 97
    124 255 222 131 187 151 75 0 162 78 133 5 124 130 145 55 255 0 0 0
    108 47 102 0 190 85 0 17 0 0 0 144 214 211 250 28 114 0 238 220 22
    255 160 255 0 0 57 255 255 47 255 28 40 255 13 122 255 116 0 255 0
    122 198 25 0 0 182 0 0 255 35 193 162 255 255 255 255 40 167 50 255
    255 82 52 0 73 45 175 26 39 178 44 255 0 179 255 20 147 1 0 255 200
    247 0 61 16 255 46 0 0 0 40 238 0 114 55 0 255 236 120 70 53 0 163
    255 58 89 124 34 255 0 8 203 255 83 134 255 60 0 75 36 170 0 179 255
    255 197 255 243 255 117 150 37 244 199 0 242 19 75 255 255 10 205 93
    0 108 103 255 0 65 47 255 177 255 23 40 0 234 80 0 37 0 255 74 0 175
    0 90 0 14 106 0 0 255 181 88 255 255 30 166 165 187 0 91 0 117 131
    255 25 219 0 255 79 120 135 231 185 0 0 103 55 255 255 233 231 0 2
    14 139 227 255 183 13 51 243 77 43 27 182 255 44 50 196 201 255 255
    0 56 10 67 142 104 255 252 122 122 255 255 185 209 255 63 72 255 0
    215 19 143 77 176 255 13 21 103 0 0 212 3 221 102 240 0 0 123 103 13
    50 181 57 0 184 76 109 90 255 255 127 0 103 31 255 0 139 83 23 140
    20 190 69 125 0 97 72 61 11 191 108 0 91 118 242 255 151 0 255 255
    255 30 0 0 0 73 0 0 151 232 185 255 9 116 255 0 58 247 103 255 0 244
    167 110 6 227 7 0 89 0 0 13 39 255 0 62 224 192 200 126 184 24 137
    255 204 35 5 0 255 130 98 157 99 29 210 82 5 112 101 247 134 157 62
    70 0 240 230 255 168 9 255 118 170 0 220 99 113 146 94 16 255 73 0
    182 64 165 2 255 163 243 171 255 255 208 56 255 40 108 0 0 235 42 56
    0 0 53 255 255 216 255 76 253 0 0 0 229 135 9 0 255 119 255 217 255
    25 255 231 255 168 255 82 0 150 255 182 224 171 255 151 0 206 255 0
    193 81 80 32 187 208 135 134 0 159 108 215 214 103 0 136 5 10 186
    237 255 237 255 207 149 0 170 237 255 0 255 0 240 255 94 36 55 14
    255 76 110 0 0 215 255 162 123 255 255 37 255 90 5 237 138 31 146 0
    220 238 255 46 184 38 40 255 69 98 220 250 0 255 8 226 238 255 186 0
    131 175 182 98 166 45 96 132 255 230 175 0 86 255 2 106 55 182 0 12
    255 0 255 130 94 144 19 71 65 209 255 108 0 135 32 79 207 161 109
    245 255 205 135 0 48 0 0 180 166 11 255 191 152 94 255 93 220 0 255
    187 11 190 18 7 2 42 46 255 158 213 0 66 255 18 199 255 179 241 255
    13 26 255 213 183 227 199 0 243 255 31 181 244 174 231 78 107 207 0
    102 0 1 0 0 211 0 62 0 163 247 225 0 119 0 0 60 88 0 33 79 48 94 100
    97 125 255 255 93 8 215 173 255 36 0 231 89 94 177 255 0 255 122 0 0
    0 255 46 45 0 72 210 165 235 139 129 137 29 185 151 0 0 181 231 56
    10 170 0 0 162 145 255 0 94 75 255 0 255 0 229 255 0 255 126 46 255
    191 255 0 240 166 176 162 0 10 16 97 162 30 0 158 255 65 72 255 0 49
    0 0 141 255 255 172 255 30 124 85 32 18 143 169 0 255 72 255 7 143
    208 144 39 237 159 213 255 33 255 206 140 44 211 220 0 232 184 0 74
    59 153 141 0 198 104 83 145 75 11 255 103 174 255 255 90 255 0 195
    255 84 232 11 255 60 0 156 149 255 68 196 58 67 209 161 71 70 255 0
    0 129 135 119 99 39 0 20 148 0 206 188 132 255 255 252 148 255 0 5
    126 234 179 235 191 205 0 0 176 50 15 171 23 0 169 70 89 0 0 0 0 104
    0 147 75 255 183 221 0 63 165 208 162 59 0 39 255 0 103 89 76 255
    255 108 255 162 0 133 0 71 207 39 255 111 193 0 95 8 255 5 0 214 2
    203 161 175 251 150 3 202 0 255 45 243 206 137 0 255 0 135 0 0 255
    124 220 104 146 255 195 0 255 255 255 223 32 0 101 255 53 59 217 149
    23 177 49 255 0 255 0 0 255 197 140 0 180 13 112 0 255 107 174 203
    223 81 2 114 255 255 0 247 84 169 255 220 161 185 0 160 43 98 40 99
    39 139 179 0 72 206 215 101 0 0 191 46 8 80 0 255 109 43 0 248 104
    117 62 0 83 0 0 68 0 0 43 53 0 0 91 0 0 255 82 79 192 255 232 235 23
    255 18 255 1 185 127 132 146 47 111 127 10 0 0 90 255 106 127 0 77
    255 194 92 244 255 64 0 255 0 255 115 107 26 0 7 0 184 249 12 99 61
    6 23 228 7 34 255 39 0 206 253 7 194 189 0 255 64 94 174 28 123 0 75
    169 76 195 82 118 137 164 27 9 255 226 0 200 255 255 237 0 5 182 255
    255 254 153 15 255 40 0 14 0 174 255 218 128 255 244 172 53 0 177
    238 255 79 67 13 102 181 23 190 0 255 167 205 0 26 255 0 189 255 0
    19 118 130 24 127 118 209 255 74 39 102 217 0 92 62 172 12 95 193 0
    56 52 218 222 81 133 0 0 0 0 23 48 0 57 80 242 0 0 239 18 214 55 255
    0 0 83 0 237 0 0 255 79 234 43 89 6 255 107 193 111 118 255 0 53 74
    255 255 78 158 92 120 0 0 0 0 80 42 255 100 0 50 44 205 255 157 21 0
    0 183 67 0 0 147 0 0 205 255 255 255 45 31 0 86 109 172 215 255 18
    255 23 211 0 0 0 21 255 23 109 26 49 158 50 94 146 24 0 255 180 56
    212 255 199 127 255 0 42 144 117 0 255 10 0 255 89 255 35 249 92 42
    155 134 0 0 89 90 32 0 255 221 0 89 32 0 114 21 255 53 255 155 193
    241 39 36 36 4 12 255 37 111 74 169 0 0 28 53 0 25 102 198 0 119 254
    0 176 36 107 245 255 112 106 78 182 195 35 14 16 31 255 254 173 0 0
    0 27 0 0 0 230 173 26 255 141 204 249 255 217 149 159 214 88 0 255
    172 177 224 137 255 255 0 153 221 152 255 255 255 255 215 158 255
    118 255 51 0 71 0 133 82 209 214 209 195 169 0 100 0 243 42 98 161 0
    18 219 0 54 166 0 56 85 125 255 0 255 255 143 0 84 204 151 181 0 171
    235 175 76 0 42 242 255 99 204 26 187 0 188 24 100 111 70 14 0 221
    255 13 255 0 68 255 0 0 36 72 0 195 255 0 158 115 255 203 172 31 135
    22 255 0 145 144 0 255 231 182 255 0 255 191 82 0 0 155 0 173 3 197
    221 0 242 0 109 255 226 213 0 205 221 0 255 222 0 252 68 82 33 255
    18 157 0 255 255 108 16 132 138 213 0 24 253 216 56 15 25 0 194 87
    53 19 156 250 255 96 99 0 57 142 0 255 0 109 205 31 255 114 98 255 0
    255 255 0 255 0 255 155 86 8 255 255 188 78 0 220 168 0 255 221 9
    251 0 0 0 119 255 170 255 255 148 255 191 255 234 20 83 82 94 255
    255 244 255 255 100 160 255 42 129 255 234 157 124 227 133 240 0 163
    112 255 200 19 246 117 141 7 26 129 4 97 126 0 32 2 233 0 0 255 255
    255 64 69 192 95 0 96 30 100 211 191 255 92 255 187 0 212 0 127 0
    184 255 160 163 255 152 35 255 255 255 255 0 0 141 204 219 255 82
    222 123 232 255 255 114 0 131 92 133 21 23 255 238 245 117 197 91 0
    255 247 132 250 133 136 0 255 170 32 27 234 21 17 156 149 0 193 71 0
    255 0 98 4 250 255 0 255 232 255 53 255 255 101 0 240 185 0 255 255
    0 72 0 137 255 114 255 255 158 248 125 255 230 93 0 37 165 0 120 29
    105 143 27 7 78 170 255 130 236 255 120 69 0 27 81 255 0 73 255 0
    255 127 90 226 25 0 181 218 255 150 0 255 124 220 189 157 0 163 255
    0 126 83 171 0 103 209 1 94 134 235 30 15 0 128 255 255 255 114 225
    212 44 0 255 155 176 96 246 115 216 189 42 142 255 166 144 217 16
    141 216 90 51 139 0 218 163 16 255 27 0 180 175 232 251 255 230 240
    152 255 0 124 255 215 242 0 255 218 77 163 198 176 171 96 209 94 247
    217 148 76 133 255 255 78 162 255 0 38 0 215 255 0 203 20 255 255 53
    5 47 34 78 255 105 118 248 254 186 59 0 171 3 207 0 97 255 59 158
    174 31 58 0 250 192 18 251 0 255 24 160 255 255 0 255 0 0 0 106 0
    255 188 152 255 143 23 255 142 158 156 255 48 255 255 255 85 178 255
    0 60 217 0 146 52 255 255 233 255 46 0 210 118 137 0 210 108 81 100
    133 41 0 0 213 0 255 187 255 0 106 255 138 114 236 0 158 0 21 220
    148 247 223 167 255 0 61 255 0 47 216 255 0 89 255 44 0 0 255 148 59
    120 101 200 190 0 49 131 62 214 0 84 195 255 73 96 173 173 193 249
    67 107 255 255 57 6 0 255 131 255 154 0 227 244 0 255 255 66 73 0 0
    0 60 0 177 45 218 255 0 206 247 106 252 130 0 199 187 107 170 0 0
    255 49 255 255 0 38 223 0 215 239 97 0 0 119 31 0 118 255 0 29 11 0
    220 0 255 174 128 201 136 193 32 161 255 186 255 255 70 77 39 173
    193 0 252 187 159 108 255 0 0 166 0 0 0 255 227 23 123 91 59 6 21
    255 243 181 255 53 247 16 0 26 190 0 255 35 0 185 0 0 0 56 255 0 87
    0 207 109 255 173 142 86 42 0 131 148 51 255 72 172 0 5 0 188 3 0 2
    214 255 0 0 79 123 0 0 208 183 0 33 234 0 0 237 160 130 255 0 89 255
    236 0 195 159 61 0 163 173 0 180 233 0 255 255 255 81 0 255 255 0
    131 0 157 10 0 239 255 115 198 136 0 113 255 205 207 255 182 255 98
    255 37 233 255 255 255 255 189 108 180 222 227 172 229 255 255 0 202
    255 6 0 97 65 255 82 158 138 74 255 54 255 255 161 255 220 0 0 116
    255 52 172 255 0 165 79 0 23 59 0 0 81 255 255 183 104 6 0 225 0 255
    0 236 137 255 29 255 255 92 243 4 43 28 0 0 101 0 0 74 61 20 137 55
    50 129 60 255 0 218 238 61 255 0 0 49 0 8 69 255 0 255 174 68 96 104
    202 0 254 118 0 0 255 67 218 165 0 109 203 255 189 89 55 107 0 255
    240 115 102 255 30 255 90 163 116 0 105 224 149 65 178 246 0 55 255
    121 255 255 119 170 31 149 130 141 203 77 70 0 238 59 255 38 238 96
    148 255 221 0 226 252 16 37 0 27 0 0 255 89 10 247 255 188 255 204
    238 225 204 41 0 48 22 37 0 0 0 37 0 0 255 0 255 153 225 0 85 151 65
    25 255 189 0 221 0 255 255 8 0 0 0 255 110 234 0 0 153 246 0 62 62
    101 0 146 86 0 146 55 107 0 0 207 0 0 46 163 0 26 0 255 1 191 255 0
    123 244 255 143 255 0 103 255 167 0 206 100 255 0 10 255 0 255 0 143
    65 225 6 255 255 0 95 113 255 52 76 255 30 0 43 0 62 60 237 249 113
    182 0 226 0 123 64 217 222 9 249 17 248 255 62 234 58 0 134 0 255
    255 50 69 15 0 203 104 255 167 0 255 0 24 105 55 27 204 215 136 255
    95 255 81 135 0 159 62 0 243 88 68 246 111 0 190 255 75 189 25 82
    143 255 70 39 25 213 246 102 255 255 208 0 129 255 8 0 0 209 221 225
    179 173 80 92 220 128 47 255 243 255 255 84 15 255 193 0 0 255 194 0
    105 0 81 215 0 0 62 187 253 0 255 240 0 0 0 231 83 48 220 255 94 0
    192 177 0 174 147 203 255 44 181 208 204 140 163 144 141 0 255 0 247
    255 0 103 220 255 129 255 255 85 255 250 2 255 244 108 0 168 206 255
    0 0 77 13 88 251 133 182 75 132 161 163 207 5 0 255 0 116 209 118
    148 195 207 216 6 247 38 0 80 7 0 139 255 149 225 122 141 206 0 0 64
    0 53 56 15 194 26 7 69 24 170 219 24 42 255 0 255 234 10 96 0 122
    207 255 255 87 29 200 38 106 10 60 217 255 0 11 255 195 255 17 242
    255 255 120 102 255 44 255 177 103 0 0 0 255 209 234 255 51 241 255
    255 12 255 181 199 106 0 255 255 255 0 0 143 250 155 0 21 0 90 22 51
    255 0 203 126 149 0 59 77 124 239 84 183 255 96 240 145 255 121 238
    102 220 142 0 78 217 120 130 122 148 224 78 0 29 62 255 208 63 87
    208 188 13 255 255 43 76 255 255 156 230 255 113 118 47 246 255 87 0
    165 255 185 40 30 113 144 139 236 0 123 255 201 20 131 51 255 67 42
    66 241 255 67 0 74 223 255 0 0 215 60 66 152 118 200 176 255 241 47
    255 0 56 255 120 159 196 185 0 68 210 117 223 39 175 15 184 36 137
    246 25 0 0 0 255 255 255 164 165 42 59 113 255 79 255 191 255 119
    237 224 108 255 73 232 59 69 255 218 51 229 92 216 255 72 172 229
    253 153 81 34 72 188 250 0 174 104 0 182 136 83 47 0 135 255 138 72
    201 255 255 164 213 255 196 173 0 0 14 251 183 255 237 136 252 223
    99 95 13 0 0 0 45 0 205 0 102 50 0 40 0 211 24 192 150 64 214 199
    116 168 94 212 0 162 255 151 175 255 254 182 0 255 23 155 255 63 91
    255 255 188 0 0 76 0 231 204 203 146 91 0 155 172 240 106 255 118 0
    0 255 12 253 227 255 0 210 180 255 64 255 47 35 255 0 0 199 45 242
    119 26 70 81 156 241 38 21 255 34 113 17 73 255 0 0 145 10 160 0 255
    0 15 187 0 132 0 227 35 60 122 130 255 254 93 255 0 255 220 189 255
    84 204 0 0 124 105 9 193 13 145 0 24 0 9 0 0 255 87 129 231 0 0 255
    150 13 232 255 0 255 162 0 147 0 152 255 0 157 255 0 159 255 0 70 73
    145 78 139 190 33 134 186 255 255 0 105 0 218 28 99 62 188 26 84 174
    226 46 181 150 255 255 62 35 192 0 71 126 255 0 81 255 114 186 0 27
    149 0 236 126 101 255 250 255 55 0 0 0 36 240 78 255 123 34 109 99
    255 195 48 14 19 0 255 111 255 255 0 226 255 0 111 77 28 0 0 255 117
    57 234 37 243 248 77 166 255 97 255 224 255 68 0 0 225 255 0 255 255
    255 255 0 91 49 255 11 70 255 98 0 32 39 132 164 46 215 30 0 21 189
    135 96 255 248 255 220 68 255 255 217 0 0 40 0 24 255 68 32 0 161
    231 110 0 123 217 181 255 0 112 251 227 237 0 243 156 135 191 230
    240 237 43 255 83 163 249 17 10 194 0 94 255 11 245 120 61 255 63
    131 169 197 64 13 89 0 255 255 217 255 255 46 183 0 42 197 168 77 41
    132 245 186 0 255 57 45 175 255 255 0 217 146 223 201 0 255 107 0
    129 22 255 238 12 140 142 0 178 255 255 255 255 0 32 154 139 0 57
    255 78 189 255 231 255 74 80 255 147 200 97 33 119 255 224 64 255 48
    65 255 0 163 253 12 255 140 4 0 79 0 61 255 177 0 212 181 255 227
    255 100 156 255 189 163 217 255 0 0 4 47 57 131 238 179 255 171 255
    164 132 38 255 20 183 255 236 156 0 255 128 255 255 255 123 138 0 83
    50 0 255 162 174 92 196 0 33 250 0 0 239 124 0 255 20 91 0 0 255 255
    0 104 108 55 255 102 10 131 255 46 176 50 101 87 0 255 213 255 62
    103 255 51 202 242 116 61 214 0 125 131 0 162 120 58 255 113 255 45
    194 4 0 255 178 0 0 0 189 207 222 0 174 191 108 134 255 110 255 50 0
    74 118 255 0 149 0 225 165 140 255 252 255 115 0 103 255 0 255 0 105
    158 0 67 255 107 52 57 29 255 61 218 125 83 255 222 250 95 255 181
    210 191 126 209 240 255 255 70 62 92 0 229 12 70 108 255 150 248 0
    102 123 113 170 255 159 0 0 151 0 31 174 103 0 255 35 0 182 216 166
    0 0 255 156 255 18 49 109 0 20 66 255 101 127 0 213 191 0 255 255
    129 0 98 25 22 255 0 255 255 255 159 185 133 0 241 44 96 255 120 250
    242 255 69 0 214 224 255 26 33 170 221 197 255 219 219 255 95 255 11
    224 191 193 234 69 0 155 255 0 44 255 86 255 255 121 255 255 254 18
    52 212 10 124 243 90 255 211 169 255 0 23 255 0 255 0 0 13 255 246
    255 0 255 255 255 17 0 70 12 0 239 123 245 57 213 0 99 76 0 0 246 0
    255 0 91 255 100 255 219 57 168 120 125 193 153 255 191 77 0 255 241
    243 137 10 0 252 0 255 149 102 131 20 0 238 173 234 211 10 149 131
    255 220 0 237 166 0 255 0 2 63 18 11 0 197 17 82 255 139 170 255 255
    152 214 43 123 37 0 73 255 0 255 0 0 0 0 125 231 0 72 0 0 236 96 135
    67 255 255 82 53 0 0 255 243 231 154 0 137 0 0 255 113 245 255 255
    227 255 79 100 116 221 205 76 255 225 25 24 210 255 219 0 255 234
    253 0 255 255 158 208 0 255 145 0 0 0 255 0 0 41 88 0 12 210 73 0
    228 4 0 49 255 150 206 0 15 115 174 0 209 255 118 58 60 18 65 255
    255 0 255 0 41 0 149 255 249 190 192 41 0 33 81 0 234 126 245 48 224
    255 255 80 255 202 166 88 68 200 52 255 124 102 25 0 139 85 4 33 255
    252 165 255 34 255 233 171 255 64 102 0 253 169 0 0 121 255 118 255
    103 125 0 172 0 90 0 240 181 215 255 153 61 252 74 0 85 77 50 127
    207 255 255 0 0 20 255 0 0 129 255 192 0 210 177 251 206 37 242 160
    141 225 165 0 0 255 255 0 216 162 152 30 157 21 0 31 0 0 0 0 0 0 212
    113 59 0 88 0 16 231 255 248 255 174 255 255 0 170 0 0 255 255 252
    145 0 58 255 217 183 74 0 21 255 24 188 107 255 229 156 223 255 110
    25 54 63 63 149 20 25 255 33 0 233 217 0 108 168 80 75 0 5 17 84 255
    212 255 255 42 72 0 33 12 255 0 172 255 255 190 149 185 248 138 255
    0 0 255 209 0 173 0 0 60 180 211 43 255 255 0 199 255 91 83 0 0 122
    39 61 95 89 66 255 30 255 231 215 255 0 255 183 14 255 0 255 34 255
    96 125 154 0 255 204 0 91 171 255 221 255 0 255 174 0 0 135 151 169
    104 72 0 255 198 75 157 83 255 80 255 152 255 48 7 255 255 0 255 0 0
    238 173 255 88 217 156 0 255 27 161 100 0 75 15 89 3 255 166 221 183
    255 0 0 147 246 97 0 0 179 0 202 21 3 255 175 255 98 0 248 106 62 21
    252 0 129 255 0 13 226 24 17 0 2 106 168 214 255 0 197 225 255 255
    213 0 180 0 191 224 0 171 0 0 17 255 252 84 0 255 199 255 131 144
    255 237 69 109 0 153 150 141 31 43 9 0 181 168 229 0 81 255 35 115
    114 109 137 3 16 146 130 235 205 255 0 89 104 246 49 65 255 255 149
    255 159 0 255 177 117 97 178 24 112 0 228 0 123 176 144 255 116 79
    89 235 5 210 97 255 119 246 255 109 68 245 255 240 66 0 246 0 128
    245 75 255 103 255 255 0 191 240 255 116 0 255 219 199 34 144 40 255
    40 241 86 84 99 255 192 84 255 255 108 60 255 94 255 255 90 255 255
    58 236 255 30 255 255 141 243 255 111 103 255 0 150 46 166 139 0 159
    0 184 215 118 78 91 255 255 0 145 60 255 0 89 165 0 248 255 0 73 206
    0 20 0 0 255 0 105 255 121 0 3 64 255 255 67 255 0 255 224 0 29 0 80
    255 165 245 29 73 2 255 84 69 0 243 147 218 150 247 0 233 175 36 7
    194 118 1 255 255 177 210 166 75 219 0 161 0 47 153 0 0 115 27 196 0
    255 234 39 0 0 255 2 140 255 237 255 56 0 137 255 255 135 130 255
    221 17 126 113 117 85 230 207 81 70 159 169 0 246 35 106 0 255 13
    108 100 126 255 255 0 255 255 255 240 75 0 255 11 255 0 64 147 147
    232 236 73 83 0 199 103 40 0 124 187 108 0 96 208 35 89 228 0 22 54
    107 0 234 0 143 145 138 255 222 0 3 255 37 128 87 182 255 255 54 255
    255 0 108 255 203 0 0 55 214 255 107 202 0 0 255 254 0 154 40 1 61
    57 87 0 210 68 255 0 255 69 62 255 111 32 16 0 44 97 47 27 83 255 74
    34 0 231 226 255 255 0 255 135 189 107 213 81 255 209 217 0 82 166 0
    0 193 169 182 206 179 255 255 0 0 250 0 22 216 156 83 14 0 150 34
    169 185 241 125 0 253 151 116 255 255 255 102 255 62 208 95 0 130 36
    0 155 255 14 107 255 232 0 25 42 255 255 25 0 0 0 0 35 42 206 255 83
    130 255 218 0 0 0 38 73 36 31 0 0 0 69 211 8 48 30 227 95 232 136
    255 0 0 0 0 255 221 201 0 236 255 255 0 244 113 237 162 172 255 193
    252 255 143 49 235 255 91 102 62 0 162 247 144 95 192 0 57 0 255 208
    66 37 196 0 255 9 187 255 0 111 0 255 194 255 201 19 152 255 150 101
    25 255 52 255 89 163 66 95 246 0 218 255 83 188 251 174 112 202 255
    255 152 255 0 0 1 41 255 195 183 99 0 253 255 173 23 208 255 40 78
    255 144 204 255 92 67 74 19 255 255 51 158 0 238 59 82 177 0 40 0
    230 129 182 172 255 64 0 101 132 77 0 176 203 30 255 190 64 0 176
    255 0 0 251 55 0 26 0 0 0 255 9 112 0 103 255 19 248 79 114 152 57
    231 73 10 118 26 255 244 174 4 255 27 185 221 153 255 160 141 255
    171 206 113 229 25 255 255 240 201 110 0 137 134 35 255 245 69 148
    147 182 0 14 43 128 131 0 227 93 173 0 246 255 255 191 255 199 218
    168 128 157 255 152 139 34 140 0 0 217 198 0 66 40 5 213 203 69 6 68
    255 49 236 181 204 58 0 255 189 0 104 117 246 175 0 230 255 157 243
    111 184 242 34 255 122 230 150 255 41 0 68 59 173 118 187 80 50 244
    0 255 255 255 154 244 255 115 0 255 93 255 58 183 0 153 233 179 61
    209 110 255 0 41 60 0 46 124 175 134 114 25 0 125 255 0 255 255 58
    255 114 146 0 170 206 106 123 255 157 255 46 159 255 164 244 48 0
    255 207 61 103 255 139 6 188 255 181 66 0 255 126 155 0 23 0 115 255
    74 128 0 9 171 239 220 156 255 245 17 128 92 255 65 246 212 0 54 131
    12 151 130 201 0 16 125 62 0 142 96 189 255 142 0 228 255 207 0 143
    239 69 27 173 0 116 0 0 123 153 122 255 50 0 16 0 255 100 255 159
    255 255 255 255 94 162 255 182 194 168 27 255 131 135 0 255 255 5 84
    30 216 170 173 38 193 255 0 255 255 110 153 255 255 255 105 234 183
    0 214 255 255 255 211 220 0 41 255 0 115 207 65 255 105 64 161 0 0
    255 135 0 16 255 109 255 255 92 255 186 0 255 100 255 65 100 134 105
    103 11 79 31 255 58 130 0 46 48 0 155 140 255 137 0 255 58 0 118 156
    244 255 96 255 220 65 255 189 226 255 0 133 141 58 121 255 255 97
    209 146 0 204 36 3 66 0 255 255 172 99 51 255 161 4 140 144 198 49
    41 112 132 0 58 28 28 131 152 0 160 169 0 196 0 213 21 117 0 0 226
    218 8 165 0 0 29 95 0 212 73 184 92 0 179 255 251 0 255 255 183 255
    216 89 139 255 251 182 228 101 161 166 0 141 255 247 163 0 107 214
    52 255 97 21 182 0 144 255 255 97 255 157 7 3 255 17 0 4 150 4 19 0
    247 61 249 255 14 210 27 158 104 17 0 177 97 0 140 45 0 255 0 69 46
    49 88 0 140 255 255 117 255 255 160 0 185 199 48 117 252 0 255 194
    45 130 112 172 0 63 255 255 14 255 0 37 47 252 132 255 138 112 238
    109 57 240 246 255 202 255 168 210 0 0 255 0 199 143 0 0 0 0 232 0
    153 133 255 0 255 253 0 218 0 252 0 0 232 121 255 255 102 255 130
    255 0 0 255 165 61 255 255 126 255 255 5 255 22 0 65 255 255 171 255
    255 182 157 175 9 255 255 204 50 24 127 145 159 28 255 255 0 166 99
    61 0 19 74 85 125 0 0 0 255 121 235 255 62 105 255 216 49 100 0 221
    118 255 255 255 68 157 255 90 61 151 255 255 26 244 255 255 147 142
    255 0 0 82 0 88 255 0 229 255 255 250 175 98 0 0 144 255 0 37 66 9
    255 131 205 255 255 255 0 12 255 255 0 0 111 86 255 0 231 123 223 47
    28 53 120 208 0 53 255 68 255 255 139 55 0 0 0 199 78 52 194 225 0
    156 255 138 0 60 246 143 132 0 245 6 0 255 247 247 211 224 225 44
    255 97 255 0 255 68 66 255 0 215 22 148 255 0 252 79 0 199 50 27 26
    51 123 120 180 228 190 175 241 197 255 157 104 255 0 142 244 121 255
    0 0 71 0 199 27 195 255 0 255 183 26 255 255 255 220 148 123 208 188
    255 107 255 88 57 255 251 255 56 0 138 226 110 72 124 159 211 156
    255 220 231 0 218 0 255 106 133 196 84 255 214 0 255 106 0 255 17 29
    2 52 204 227 53 114 0 38 68 142 113 105 0 0 59 0 11 249 255 30 255
    112 255 181 34 52 255 50 82 0 255 255 240 255 255 207 63 31 171 255
    0 94 178 191 84 155 0 255 187 8 249 15 80 155 235 255 184 18 188 255
    175 145 255 127 255 113 42 214 245 229 249 255 230 107 239 251 0 43
    255 18 142 40 160 78 161 0 224 104 115 0 197 47 0 255 101 172 255
    255 0 179 157 255 142 107 255 140 54 106 19 187 0 110 168 0 107 66
    88 129 241 129 0 136 255 255 0 255 0 0 111 120 0 193 129 186 175 255
    228 22 223 101 33 0 60 175 34 0 113 23 25 255 39 255 125 91 38 255 0
    198 255 0 0 0 255 118 178 191 255 185 161 164 129 99 7 190 255 237
    255 64 255 103 0 255 72 88 0 255 157 0 0 240 183 210 104 1 142 0 255
    0 0 0 133 79 58 112 48 41 184 255 34 0 162 5 96 0 228 34 255 214 0
    194 246 140 0 108 71 0 0 251 131 0 206 106 145 20 255 236 101 33 93
    0 255 140 131 102 20 162 255 255 53 0 255 255 19 94 97 118 255 105
    255 219 203 156 137 9 59 170 255 53 0 255 191 175 0 224 140 76 168
    148 0 0 133 8 120 154 0 255 255 52 27 0 25 0 116 210 115 97 211 152
    54 255 0 37 159 255 110 188 186 255 15 80 14 255 196 255 85 8 164
    134 0 255 68 142 223 79 255 255 255 255 0 249 174 0 0 245 109 0 0
    195 172 236 137 167 78 194 174 207 255 143 255 255 68 255 75 0 255
    89 0 206 0 255 0 0 10 255 42 4 33 0 255 175 239 255 79 255 84 4 73
    255 0 255 131 232 0 79 255 121 0 120 1 170 0 255 255 255 123 0 101
    146 255 255 0 62 213 0 0 0 0 209 255 255 3 186 187 232 164 0 180 52
    195 255 0 255 0 255 0 0 48 0 161 255 84 47 255 133 146 0 255 0 173
    63 0 255 176 0 255 249 139 243 255 255 255 0 83 130 104 0 61 167 135
    223 0 255 0 13 147 255 243 249 255 0 0 215 69 0 68 255 120 0 255 138
    255 140 179 215 189 156 1 0 0 9 2 255 255 0 70 107 255 64 192 247 76
    0 130 0 0 0 255 0 255 102 29 239 117 0 0 255 40 0 255 255 77 255 214
    111 157 255 23 255 255 255 255 0 255 0 37 78 255 255 0 229 53 144
    255 126 255 255 255 165 95 199 0 230 255 58 218 41 0 0 153 199 0 72
    0 245 40 255 0 108 0 214 121 82 46 255 8 0 0 133 59 154 31 255 184
    164 48 94 4 255 255 0 159 255 255 51 70 38 196 157 99 255 36 255 255
    176 199 0 255 144 71 255 149 255 146 0 255 175 77 0 63 0 124 0 0 0
    20 255 135 131 255 0 211 26 141 236 1 229 255 57 255 6 165 84 0 150
    0 57 48 0 166 0 149 255 44 0 87 177 56 0 100 255 178 24 59 0 98 122
    255 169 30 0 255 50 18 6 0 255 159 255 188 218 255 46 18 32 184 145
    206 0 96 60 0 56 61 105 133 0 243 67 20 219 199 0 255 72 41 0 0 88
    22 255 255 24 255 132 162 196 26 255 104 198 80 0 208 107 0 0 0 0 0
    0 255 134 195 255 0 0 20 255 0 107 255 135 0 35 255 15 0 0 254 123 0
    250 17 97 0 175 157 206 30 255 0 19 0 0 189 228 225 255 31 126 0 0
    127 255 0 202 182 214 255 0 0 150 208 255 253 135 255 0 53 19 255 90
    0 255 0 72 194 0 140 0 255 255 113 125 0 255 109 97 217 13 158 56
    101 255 154 252 179 56 255 255 225 255 0 255 78 0 255 181 136 0 255
    255 0 255 127 120 0 73 255 136 55 229 115 0 83 17 13 0 100 207 180
    129 255 227 38 88 0 181 0 0 147 235 204 37 200 175 255 0 255 97 255
    11 102 255 255 234 132 46 189 130 0 255 148 0 255 163 49 41 55 241 0
    125 99 153 119 240 214 93 121 143 41 238 255 255 131 65 255 56 0 227
    198 40 255 201 9 203 208 0 255 25 0 211 255 157 0 177 17 37 255 128
    209 63 0 185 153 255 255 255 0 68 203 236 0 255 31 0 0 99 52 43 158
    0 255 48 136 157 0 238 245 103 0 130 0 20 44 102 133 229 255 0 102
    35 0 88 193 255 0 153 134 222 192 249 98 49 171 0 114 255 0 211 224
    0 95 0 51 14 0 3 0 61 16 0 0 255 14 0 0 195 255 218 105 163 76 204
    99 207 32 60 65 160 255 0 37 6 109 23 255 79 130 169 255 10 49 0 0
    193 194 255 128 255 60 219 255 74 112 169 181 0 255 145 235 119 38
    255 0 50 145 0 183 74 82 131 227 0 182 214 17 0 255 0 255 238 0 161
    0 199 0 81 24 106 255 187 255 211 67 49 42 15 142 1 16 255 0 255 176
    255 0 255 0 135 84 251 0 62 255 40 0 255 152 165 0 56 0 35 255 191 0
    169 0 62 0 0 8 0 231 0 4 232 134 0 113 61 255 0 238 92 188 43 0 255
    55 62 243 209 144 223 255 219 176 146 0 0 217 255 23 20 247 0 0 0 0
    46 255 18 159 57 208 0 99 28 237 164 0 0 0 247 255 255 250 233 63
    206 24 124 175 0 106 103 160 0 195 255 165 174 93 0 221 111 68 33 46
    255 21 40 248 2 124 203 252 247 250 0 192 143 66 86 128 106 255 77
    129 0 55 0 255 227 156 37 99 121 255 115 168 245 168 255 29 164 255
    9 47 253 222 250 26 255 223 0 255 234 255 204 250 255 181 177 255
    115 145 73 66 0 0 200 198 47 255 255 110 255 199 0 144 0 255 86 54
    255 42 88 216 154 131 0 0 31 0 5 0 164 255 255 0 255 255 255 255 5
    251 0 240 253 255 242 27 1 207 45 191 255 255 74 0 6 187 174 254 184
    255 255 139 176 65 166 140 177 0 54 0 0 63 68 218 70 255 255 255 0
    255 161 128 223 121 0 10 244 124 135 150 0 255 132 96 0 245 245 221
    53 0 255 170 0 43 255 134 255 228 0 208 255 255 14 112 205 0 63 11
    64 19 0 255 70 95 201 111 108 124 181 255 0 137 179 0 255 39 255 152
    111 0 0 5 255 223 255 255 94 61 162 116 57 0 0 0 238 255 216 0 255 0
    211 0 244 173 236 114 168 133 255 81 175 123 229 65 19 255 255 255
    215 0 200 238 115 151 57 110 0 18 0 78 63 150 255 89 0 255 255 0 79
    142 255 255 62 188 255 255 255 141 255 221 175 0 44 221 255 30 141 0
    255 53 255 255 174 0 117 138 94 33 255 86 251 32 255 255 11 13 0 94
    53 239 255 255 255 63 95 243 236 78 227 243 46 255 22 67 255 255 92
    187 206 124 255 39 234 0 196 228 198 211 57 255 247 0 177 0 4 0 189
    40 16 90 59 228 255 255 255 190 0 22 60 70 0 78 70 201 255 255 15 0
    197 0 237 0 19 167 222 255 0 175 210 87 255 95 0 35 1 169 0 226 159
    0 56 59 255 190 0 0 0 255 0 181 20 114 235 0 180 20 255 227 0 193 0
    69 0 70 255 0 255 255 95 67 48 99 59 167 106 193 42 250 88 255 78
    202 0 0 255 19 37 244 0 74 185 255 0 189 0 127 255 177 95 218 48 202
    199 38 163 105 8 19 244 188 0 255 244 79 0 117 146 0 42 129 163 255
    101 235 170 0 39 115 97 0 250 133 163 100 0 0 114 202 169 184 49 78
    161 160 244 114 116 202 0 75 110 255 255 182 65 255 173 0 214 165
    255 154 238 229 66 19 255 59 215 0 194 52 221 255 8 0 244 247 117 97
    84 88 31 103 0 0 255 255 72 220 130 162 167 120 182 126 0 109 202
    212 222 82 24 75 114 0 129 255 18 255 46 224 255 255 255 255 0 144
    134 25 138 30 0 245 201 255 61 255 134 225 189 255 18 114 206 52 255
    145 119 255 161 198 255 0 0 227 217 217 255 124 0 0 2 158 0 117 255
    90 255 79 146 168 240 255 106 2 0 52 255 52 254 30 0 202 0 153 0 77
    0 237 190 18 43 255 81 0 0 147 157 255 245 184 182 174 255 144 0 0
    119 31 235 0 182 150 242 97 0 60 0 208 0 76 193 49 0 0 0 208 27 0 48
    0 156 233 139 193 0 0 0 251 160 205 234 255 255 172 3 0 255 107 208
    255 141 185 76 0 170 0 15 65 255 248 129 111 255 65 255 255 255 196
    195 170 122 146 255 0 255 255 97 234 31 89 0 166 255 7 46 59 210 0
    50 0 239 0 0 165 255 255 5 0 0 78 1 82 112 130 255 2 255 185 152 0 0
    255 30 191 255 57 255 0 111 118 0 96 183 203 97 255 0 255 0 137 255
    255 14 255 0 255 255 255 0 146 255 20 78 255 198 102 255 255 187 0
    255 255 0 83 205 112 255 0 120 255 255 235 255 0 0 255 237 137 255
    255 0 68 193 9 0 0 131 74 189 174 82 81 13 158 108 223 255 0 70 255
    135 147 66 225 255 128 38 255 222 233 252 255 27 77 245 61 255 227
    112 255 147 255 255 179 109 0 0 255 245 0 97 0 31 25 0 60 0 224 150
    0 255 212 215 172 124 93 173 255 0 232 38 0 0 91 69 90 230 143 17 37
    0 255 153 0 0 11 151 170 255 0 55 72 40 255 126 255 125 0 0 177 180
    121 216 201 18 255 8 255 0 255 130 18 53 0 166 133 167 0 187 255 0
    83 255 172 93 157 0 75 220 0 0 118 86 39 108 250 255 194 144 0 138
    255 0 13 0 255 78 34 90 255 47 36 255 0 255 255 5 255 255 0 0 49 237
    157 143 233 255 18 209 255 176 180 255 255 54 204 140 117 146 255 70
    114 255 255 32 0 164 158 62 43 114 255 125 0 210 0 183 130 182 208
    58 255 0 177 31 217 0 120 131 191 83 178 0 147 139 0 169 240 255 167
    0 0 143 255 238 255 255 186 255 170 8 32 255 173 153 0 216 0 57 255
    255 79 3 157 255 23 54 0 0 159 0 74 213 255 0 172 130 118 255 0 199
    231 32 0 248 95 175 208 0 0 183 107 253 238 239 41 81 0 216 255 31
    232 252 29 222 30 215 65 34 164 180 0 250 255 255 214 145 46 3 0 0
    90 222 255 255 255 125 255 255 147 239 245 0 0 193 0 0 215 255 255
    72 255 255 200 82 146 255 232 190 45 0 255 32 167 146 82 255 60 170
    255 62 102 255 22 253 0 255 3 56 0 255 183 203 255 0 62 158 0 170
    121 0 40 248 0 0 55 182 61 255 171 0 84 244 154 99 218 0 231 255 0 0
    0 224 120 0 0 0 241 90 134 109 121 255 255 255 241 232 224 255 63
    255 42 255 144 172 65 233 107 110 239 14 255 0 239 39 138 71 225 213
    193 83 255 207 54 255 0 0 0 0 0 0 97 97 43 255 255 72 0 123 225 16 0
    255 190 68 95 38 0 4 30 155 247 139 200 253 0 155 186 2 161 122 237
    54 206 255 20 173 255 4 0 0 77 15 175 125 62 255 49 133 0 28 75 26
    255 0 255 255 255 255 255 255 255 231 195 185 255 255 121 214 255 0
    255 69 225 0 61 78 72 0 81 0 241 3 236 133 0 235 183 255 0 0 219 0
    41 160 102 248 106 255 39 205 243 251 89 255 7 180 115 255 16 116 0
    183 255 210 201 255 196 0 53 0 255 0 169 59 51 0 45 83 255 255 0 53
    246 33 71 0 72 206 224 0 0 82 170 0 169 142 0 255 0 99 0 255 96 161
    255 255 67 244 138 228 44 116 34 255 0 255 253 224 217 235 239 255
    125 238 210 112 146 0 191 156 0 207 32 142 203 247 81 125 62 60 196
    11 157 242 2 224 5 68 141 239 241 233 241 172 17 226 255 174 251 255
    255 0 237 0 255 102 185 34 2 255 178 150 255 0 0 77 0 236 255 195
    255 255 255 255 169 0 0 20 68 8 0 255 0 0 176 255 127 169 255 44 80
    132 231 255 82 156 113 255 238 227 0 255 32 152 86 6 255 255 0 101
    33 255 255 33 146 129 255 167 29 145 241 0 85 69 255 241 30 255 0
    193 153 0 255 109 141 15 67 255 0 0 255 230 59 0 255 0 255 75 255 56
    3 255 211 152 23 0 0 103 255 224 6 153 105 0 243 0 200 255 75 101
    255 255 255 168 0 133 230 255 151 255 230 139 255 0 0 33 134 0 165 0
    0 201 0 255 103 6 0 242 255 0 190 191 0 0 100 255 5 0 216 146 0 0 49
    0 0 0 111 106 255 107 126 255 48 255 107 249 0 82 255 175 172 114 0
    10 145 0 0 0 0 49 248 12 146 122 0 255 50 0 147 255 53 240 239 255
    154 107 255 134 222 109 160 136 255 255 53 255 255 0 0 0 0 67 16 0 0
    255 79 0 0 255 20 0 25 231 160 208 173 0 255 0 101 194 0 25 55 231
    66 0 43 135 255 255 0 162 0 39 240 255 0 152 40 0 255 255 86 158 0
    237 0 51 182 127 0 0 248 149 194 74 0 188 221 65 194 255 152 127 226
    0 0 237 41 72 255 67 43 67 255 135 176 158 0 51 255 255 230 207 140
    189 0 0 219 0 0 214 116 0 177 179 78 0 2 255 0 196 81 0 4 0 255 63 0
    6 27 15 56 195 218 235 215 0 255 242 228 0 169 154 0 255 93 40 121
    22 251 36 0 4 33 255 255 41 0 0 0 0 241 5 251 30 255 4 18 4 223 0 94
    255 236 255 119 100 63 9 0 149 56 0 134 251 66 255 234 119 0 60 0
    240 208 255 0 145 71 255 223 68 255 41 210 207 162 209 0 255 185 243
    115 12 98 0 168 220 11 226 14 255 0 166 0 102 158 7 255 255 0 255 24
    20 0 171 222 83 187 166 236 55 255 40 255 0 255 255 68 126 90 111
    139 13 0 126 0 78 0 90 217 255 38 149 255 120 215 245 45 120 35 254
    54 225 104 208 255 0 214 18 63 255 143 152 205 0 0 154 101 0 113 63
    58 0 154 96 126 0 255 194 29 162 0 61 255 17 42 87 255 190 16 116
    255 0 255 245 255 0 150 0 0 31 249 139 58 68 184 52 204 11 28 0 255
    60 243 202 170 99 76 153 255 34 255 82 44 22 255 0 255 188 171 143
    183 63 0 178 13 0 25 255 73 90 123 108 255 232 0 174 186 29 2 255 0
    137 15 192 28 255 255 251 83 255 146 0 7 133 191 255 255 0 239 255
    36 255 0 150 211 107 209 0 234 5 255 102 255 41 194 0 240 92 199 249
    105 145 0 142 254 140 255 66 0 53 89 199 238 92 231 47 113 11 135
    255 138 156 190 151 179 162 0 255 0 0 51 255 98 135 255 37 254 255 0
    79 0 0 255 52 37 172 36 255 255 255 117 0 8 0 159 137 73 0 233 208
    160 255 49 109 25 255 163 255 255 255 153 117 255 255 18 61 255 46
    53 0 197 173 116 255 0 0 255 0 124 48 236 255 236 77 71 255 23 73 68
    139 255 0 73 117 0 51 129 0 63 125 192 220 255 86 255 202 202 255 6
    51 206 240 208 255 69 0 180 207 71 198 74 0 0 52 235 0 0 255 77 0
    242 255 255 143 121 0 255 62 189 255 186 255 255 255 13 37 62 227
    114 201 165 205 255 25 0 165 0 216 184 0 90 0 0 98 245 119 0 193 0
    181 210 0 206 0 246 195 78 61 255 235 254 136 126 113 0 255 195 230
    164 0 190 255 134 107 0 118 0 9 196 53 140 139 122 0 0 183 62 255
    155 122 91 160 233 0 199 31 85 0 52 242 209 209 50 136 0 91 255 0 0
    242 83 0 66 112 172 208 101 63 174 4 145 119 0 87 230 96 84 156 255
    24 23 252 254 47 3 36 0 131 249 160 122 138 255 145 241 13 255 231
    255 105 255 27 255 85 210 94 238 24 0 255 255 255 147 124 0 255 107
    255 98 140 52 224 0 0 245 238 86 255 102 255 255 56 255 255 66 255
    35 0 221 0 0 255 0 52 143 255 89 248 129 39 156 32 63 121 240 255 42
    154 144 0 191 117 73 226 198 63 204 91 28 173 255 255 255 143 160 81
    255 213 171 54 0 233 143 253 169 140 231 0 145 63 88 223 0 246 68
    133 255 0 0 165 114 91 157 124 0 0 28 60 255 253 208 149 255 0 89 46
    255 0 168 189 0 0 255 255 196 99 70 95 167 0 167 255 126 255 255 104
    107 71 0 156 254 166 255 9 25 229 159 93 73 88 97 158 14 53 0 116 71
    0 10 120 209 72 0 107 161 0 103 0 170 0 68 255 255 0 72 209 0 195 0
    107 27 134 135 72 0 114 151 0 160 57 0 172 0 0 255 0 0 0 210 241 133
    213 147 255 81 125 210 255 0 255 126 152 42 0 241 0 51 0 255 255 0
    255 68 175 0 5 0 190 0 20 243 255 116 0 255 18 38 221 255 67 0 103
    23 0 255 0 255 104 23 138 0 6 228 92 0 195 0 49 115 148 73 255 0 136
    0 0 163 255 255 205 199 0 0 120 0 79 14 0 255 185 81 0 185 69 0 255
    130 0 0 48 255 52 4 255 255 200 255 145 190 129 0 0 0 255 114 255
    113 255 0 255 189 122 99 255 255 0 255 255 255 149 9 244 255 160 255
    40 255 3 0 0 0 105 0 58 0 227 162 180 0 205 0 75 44 0 255 155 1 0
    228 251 80 176 0 65 2 160 255 0 255 166 51 224 1 255 40 255 0 155
    114 0 109 255 255 97 93 205 0 171 255 0 135 222 226 255 61 0 89 0
    255 255 0 0 91 239 0 177 167 122 176 0 85 140 99 59 39 190 255 200
    106 219 157 195 212 255 160 136 0 117 134 226 4 136 117 177 255 255
    179 70 230 0 255 111 0 93 76 0 147 124 0 255 0 0 29 0 162 213 0 0 0
    47 0 255 254 112 70 189 146 0 185 96 165 161 46 0 136 7 255 255 25
    73 61 94 197 0 255 45 110 186 66 69 81 255 255 224 0 101 0 0 118 231
    0 6 13 201 201 195 55 0 98 255 10 0 0 198 0 0 0 176 0 0 93 106 255
    124 255 255 248 56 179 180 251 124 92 255 57 239 255 227 0 255 90
    189 255 255 255 233 0 127 197 84 254 192 76 73 102 255 0 80 0 255
    100 102 0 255 97 87 87 255 255 149 255 223 236 59 62 234 4 72 234
    255 70 45 255 1 81 117 0 220 30 73 0 231 255 255 52 0 0 190 112 0
    217 255 110 99 238 154 0 69 99 0 255 227 0 143 0 0 210 248 109 59
    239 155 94 255 185 255 0 255 176 0 241 0 209 237 139 207 182 32 97
    255 35 0 0 25 203 176 251 255 144 0 149 172 91 217 205 20 154 78 0
    255 237 255 127 0 0 255 227 0 157 7 201 69 37 255 177 75 158 254 255
    251 61 255 122 255 0 255 255 192 10 255 0 0 0 233 255 22 204 45 87 0
    188 255 200 6 255 201 255 255 0 0 144 0 231 218 255 187 204 118 255
    0 206 208 255 0 0 0 170 132 229 72 134 199 26 248 255 224 255 126
    255 35 29 255 139 190 33 125 152 129 192 0 238 171 112 157 18 129 0
    174 8 94 241 101 203 255 163 4 0 45 3 45 0 0 167 179 255 0 255 173
    16 124 20 76 204 255 0 0 36 222 121 69 0 107 138 106 13 255 0 0 0 64
    255 0 163 106 22 136 0 255 194 144 157 237 221 18 255 244 0 184 162
    146 149 6 168 184 223 255 0 75 228 145 42 0 0 108 213 13 253 245 80
    30 46 255 137 113 255 255 37 144 0 0 255 0 27 177 172 82 235 208 42
    104 255 100 103 61 255 153 255 142 43 54 1 129 0 65 255 255 255 66
    216 126 0 0 70 33 233 87 222 39 117 190 0 112 255 0 118 167 85 134
    217 255 87 100 255 248 146 77 209 255 92 255 255 255 54 0 0 174 0
    188 255 54 255 222 255 88 21 147 109 137 249 193 150 194 79 150 251
    255 107 255 77 252 63 97 104 0 0 255 157 0 111 190 37 255 149 255
    164 199 97 159 255 0 7 0 255 221 128 255 37 93 0 234 24 0 51 21 0
    255 145 67 159 167 140 56 39 48 170 152 111 0 255 33 74 62 89 255
    113 172 0 125 255 245 74 207 255 234 65 255 255 182 174 62 0 144 129
    255 255 242 139 59 182 149 174 0 255 0 129 0 183 158 25 223 136 53
    255 68 35 89 25 4 75 121 61 255 255 255 0 0 28 249 90 93 0 0 26 55
    226 126 245 204 255 170 213 252 225 255 43 108 255 255 0 0 144 255
    90 38 255 18 153 32 0 58 123 255 25 255 255 195 0 255 133 255 60 255
    250 0 128 0 0 0 0 255 18 152 224 234 132 255 255 247 67 155 38 138
    220 185 255 229 0 110 15 0 28 0 0 22 0 91 29 255 0 13 105 255 20 226
    255 0 241 61 39 12 14 255 251 164 255 172 222 13 63 255 255 39 0 154
    63 255 227 140 103 159 0 145 255 239 225 10 108 255 181 255 255 154
    0 0 249 37 64 0 199 140 65 50 199 148 120 179 119 255 103 255 11 11
    57 103 131 253 152 215 157 196 102 42 140 0 255 13 9 143 138 148 239
    113 121 58 22 0 201 116 19 168 255 95 255 118 0 13 0 0 255 165 38
    255 0 0 113 156 255 103 252 255 0 0 241 232 219 78 255 235 208 181
    49 203 212 146 251 54 0 129 255 146 0 255 255 192 255 0 115 255 222
    116 0 255 220 255 93 255 140 92 141 0 39 96 0 173 222 0 0 255 0 27
    255 236 91 30 0 87 111 0 102 0 0 255 64 73 233 142 52 117 0 55 145 0
    24 0 204 223 39 46 91 48 0 72 33 246 154 37 131 0 129 190 111 251
    255 220 244 134 149 7 0 0 19 0 110 0 72 249 255 255 59 169 9 0 94 0
    251 0 121 255 152 0 75 255 168 31 0 208 244 126 165 109 86 255 191 0
    24 100 70 242 84 17 212 255 78 255 37 202 42 44 255 207 82 85 0 51
    255 40 252 0 43 0 0 0 255 86 0 0 0 57 202 94 0 14 255 1 0 255 0 17
    145 39 6 0 242 139 25 16 104 255 128 0 0 73 255 62 61 0 255 135 204
    137 189 255 164 104 255 255 72 0 0 0 80 9 0 167 255 14 0 0 0 40 0
    255 238 174 6 0 0 226 169 255 175 156 44 126 28 123 164 176 71 0 255
    187 0 204 0 0 156 0 99 216 3 201 132 0 100 255 16 28 187 241 189 0
    254 0 74 96 11 0 0 88 118 255 69 0 255 218 43 0 141 255 63 0 141 141
    255 255 240 155 179 117 98 140 40 51 36 52 118 0 7 0 176 142 200 0 7
    110 255 0 0 160 2 128 35 239 18 97 116 193 255 116 0 31 126 49 0 175
    174 0 215 88 10 255 226 121 22 120 0 255 255 192 166 255 255 255 96
    28 255 0 122 178 0 119 148 255 40 105 226 255 66 38 120 0 255 138 29
    255 71 42 208 115 96 0 218 55 255 46 145 158 33 185 255 130 255 238
    30 253 73 0 39 166 168 177 255 255 138 0 252 254 255 255 91 255 46
    227 223 0 44 0 198 0 18 255 255 91 0 210 234 39 255 149 213 0 165
    146 0 183 139 143 120 95 55 255 0 0 255 0 16 86 207 255 12 4 210 0
    28 41 102 255 9 27 206 240 124 0 119 102 81 228 51 87 55 255 83 177
    255 16 255 40 45 217 226 0 0 255 251 138 126 255 18 172 208 74 32
    253 0 255 144 125 214 255 128 150 0 255 255 255 0 172 255 223 161
    248 55 0 161 0 0 224 235 110 0 81 80 47 255 117 255 88 255 177 255 0
    78 224 139 255 255 53 233 0 255 93 46 92 210 2 247 255 190 80 89 43
    245 73 255 0 255 64 48 56 157 217 248 23 0 0 0 0 208 168 0 237 255
    255 3 242 255 91 255 255 246 20 91 0 255 94 193 56 97 43 6 0 47 255
    199 38 255 252 0 255 10 0 192 101 255 38 255 255 242 179 0 63 105
    226 52 107 121 119 0 255 0 91 255 213 88 255 69 122 255 0 234 137
    106 150 13 63 138 0 255 213 200 85 202 178 214 205 189 0 0 79 132
    255 177 73 70 0 91 0 254 255 107 0 34 251 98 248 0 0 134 255 200 149
    172 117 0 222 33 89 29 158 255 147 136 255 0 200 0 233 0 130 118 251
    44 255 17 0 0 50 129 0 0 206 255 209 111 255 255 255 31 101 0 0 91
    190 162 0 255 0 146 255 0 0 173 255 255 91 217 0 3 144 93 4 179 199
    0 169 0 0 255 255 255 222 71 15 122 255 118 183 214 255 0 31 225 125
    60 129 58 255 0 14 154 119 255 225 159 10 192 133 29 0 255 179 81 4
    255 0 249 255 6 0 134 0 27 255 111 170 255 248 0 255 122 142 255 0
    159 0 178 69 168 72 233 255 123 55 255 0 25 47 0 73 154 0 132 111
    255 121 138 0 89 0 255 113 255 210 0 220 255 0 175 162 167 199 120
    210 1 0 0 79 136 255 166 199 0 104 147 1 0 194 215 228 159 0 232 128
    0 120 0 255 29 36 222 255 1 244 255 255 4 220 44 255 172 66 255 85
    255 86 170 0 2 4 39 36 218 0 255 10 70 255 68 255 5 255 28 100 232
    56 55 205 0 255 0 189 56 182 51 255 252 209 138 0 93 255 188 146 255
    232 239 236 250 73 209 0 0 0 139 130 121 105 255 255 148 86 255 111
    114 252 255 153 183 255 255 0 118 255 94 85 68 190 167 68 255 116 0
    192 253 70 169 147 58 255 198 128 226 255 255 190 215 176 0 1 174 0
    176 130 106 234 55 191 0 255 60 30 19 102 255 13 59 70 91 60 0 184
    255 42 78 27 161 105 0 1 86 0 0 255 245 243 74 115 0 255 136 35 19 0
    108 19 0 188 199 17 110 200 210 231 93 132 0 0 137 255 253 247 22 0
    150 0 182 139 255 255 0 182 49 114 186 240 213 179 250 43 255 0 255
    159 11 255 20 14 255 173 255 240 139 15 224 0 156 255 134 233 56 206
    0 218 193 127 255 142 186 24 67 0 40 81 215 193 218 0 255 0 108 73
    56 0 151 47 103 17 235 255 255 255 51 255 0 136 177 0 208 14 20 35 0
    123 84 0 5 0 252 180 0 13 255 223 75 255 0 0 0 144 13 104 76 229 0
    255 55 157 176 142 0 57 160 0 220 255 90 30 14 225 0 255 164 22 141
    157 184 38 159 110 84 139 165 35 255 106 104 218 70 192 255 139 0 0
    22 77 156 65 255 255 255 0 91 0 52 255 255 239 18 0 255 169 128 151
    255 35 160 255 0 176 255 140 255 0 251 0 0 87 0 0 0 185 39 45 79 255
    40 158 186 48 29 172 28 0 231 237 0 255 0 119 226 101 250 255 255 3
    116 4 0 0 245 0 255 217 80 154 86 232 142 179 0 182 0 255 219 134 31
    178 217 37 176 0 76 51 255 210 51 231 0 25 96 115 255 0 84 15 0 177
    49 210 22 255 0 207 255 248 113 208 78 21 0 65 152 0 32 105 0 72 2
    171 21 184 0 255 243 0 26 72 82 103 204 0 75 248 183 0 162 0 0 255
    145 213 123 35 43 36 0 56 167 255 198 21 152 62 0 0 255 93 0 0 255
    48 88 20 255 45 237 31 112 162 144 0 224 29 0 115 89 255 255 235 100
    157 255 215 7 31 0 0 13 255 0 21 242 144 0 0 228 255 255 152 0 221
    90 200 0 221 243 174 255 180 255 24 5 239 31 0 16 0 14 0 0 213 88
    168 255 255 191 0 172 129 0 30 255 0 255 98 0 24 121 226 202 151 0
    255 227 0 83 138 224 106 218 104 255 112 165 245 255 0 6 54 8 83 142
    67 242 0 141 90 255 255 121 105 0 255 125 0 0 87 241 0 10 255 74 17
    83 7 0 255 233 255 59 0 29 3 0 31 84 243 184 152 255 0 255 1 111 255
    103 180 115 91 147 255 213 142 255 255 29 88 111 255 51 167 0 255 82
    0 140 255 81 0 114 142 255 0 230 90 255 183 0 250 80 151 100 0 255 0
    254 255 45 234 255 169 0 244 240 0 255 86 1 255 193 255 4 43 93 0
    255 140 190 255 117 0 0 29 9 235 0 0 15 45 208 158 88 84 11 255 82
    255 252 0 48 0 201 255 36 0 208 164 154 255 96 255 0 3 240 0 176 126
    255 95 113 98 23 230 244 255 149 48 0 233 205 58 0 221 0 166 130 82
    255 15 83 255 255 255 172 255 255 255 56 0 21 206 0 99 58 98 128 255
    183 168 0 39 0 255 255 218 155 255 224 255 0 152 251 208 153 73 222
    175 54 94 239 214 111 254 0 200 0 255 175 255 35 168 143 147 57 60
    255 255 0 0 255 117 0 145 167 61 175 68 136 198 105 28 182 161 0 215
    255 57 106 180 0 0 26 0 196 195 255 123 71 99 0 142 255 19 76 181 0
    0 124 76 255 97 197 60 200 75 68 242 255 220 0 29 0 0 65 255 67 0
    221 255 185 14 206 132 255 69 0 255 0 255 30 144 25 177 255 141 208
    153 59 255 109 157 0 0 94 255 171 220 255 85 180 255 222 13 100 8
    126 115 0 0 134 92 153 240 0 255 255 255 0 178 255 9 189 203 43 197
    168 170 255 0 53 87 206 0 255 220 0 60 212 255 255 24 25 65 81 42 29
    255 94 0 51 221 255 0 133 48 186 58 181 77 168 150 0 255 240 223 255
    123 255 0 122 73 180 132 255 109 255 157 14 16 176 0 255 191 80 36
    116 255 255 255 0 255 253 0 28 177 78 137 19 57 163 10 255 102 133
    255 22 189 255 186 255 7 0 0 254 232 182 25 6 215 255 92 194 255 158
    214 138 60 70 0 233 0 255 147 171 93 16 0 203 73 114 106 36 71 150
    58 255 0 0 162 143 253 0 36 255 60 255 142 248 212 152 116 40 177
    128 0 217 29 210 63 255 108 162 246 255 255 232 255 38 1 255 255 0
    15 184 99 119 255 12 8 162 192 133 225 129 148 216 28 0 0 78 122 0
    255 177 0 139 57 161 61 255 0 255 255 108 255 140 46 0 255 255 99 75
    68 128 153 248 255 153 255 255 27 237 0 0 255 5 236 0 255 0 8 255
    247 16 0 63 219 0 20 255 97 255 132 255 5 79 115 255 255 221 201 0
    187 157 204 0 252 94 212 55 232 255 126 255 0 239 0 2 0 13 255 63
    189 255 215 255 206 207 176 255 93 91 67 141 255 50 120 56 0 169 36
    38 255 255 44 54 228 181 225 255 116 228 0 255 255 52 99 255 255 255
    131 57 121 0 177 102 213 203 255 32 0 255 135 255 0 255 255 201 0
    111 226 0 68 219 163 255 255 0 255 211 117 72 0 0 254 225 0 0 0 255
    0 255 110 183 255 0 255 255 255 120 255 255 201 0 84 0 166 215 183
    255 157 186 0 166 251 119 255 255 139 59 98 255 255 255 224 0 117 0
    55 172 0 255 0 76 78 54 150 123 218 11 0 176 46 76 0 0 98 183 141
    255 0 80 151 0 10 255 255 231 255 255 58 149 218 255 59 255 82 221
    144 84 139 255 217 74 171 194 163 0 247 39 0 179 206 255 178 65 28
    110 19 0 198 255 158 148 241 48 255 82 70 0 123 173 133 38 255 229
    129 0 255 25 255 147 0 91 0 208 0 75 255 255 183 167 255 0 62 147
    220 243 161 34 231 0 140 80 186 236 164 255 255 0 255 232 0 0 0 255
    0 255 243 255 238 204 255 224 138 114 255 0 255 255 108 87 91 255
    255 35 0 255 165 0 255 96 209 210 38 255 0 218 255 255 0 133 9 120
    255 174 67 220 176 61 150 255 255 255 19 0 238 97 0 26 160 141 56
    209 255 0 0 0 54 33 255 255 135 2 98 0 0 161 0 106 34 123 42 243 0
    243 66 255 255 217 255 225 0 30 239 1 0 155 96 0 52 255 0 187 129
    184 125 212 121 131 57 27 120 100 223 0 0 11 8 105 208 129 0 44 176
    255 0 0 1 189 172 183 255 76 24 3 0 255 255 0 203 220 29 255 0 204
    255 255 0 255 50 228 174 255 107 211 48 255 110 255 255 255 127 121
    28 22 58 36 171 122 86 151 60 0 0 165 232 182 255 255 0 62 141 255
    255 115 50 100 93 8 90 110 174 167 255 162 224 255 53 0 255 2 158
    107 74 61 255 255 11 0 63 4 41 72 255 0 255 255 17 234 195 118 62
    133 85 255 255 141 103 255 0 0 255 0 0 39 121 160 0 0 43 153 89 255
    111 11 141 0 255 101 113 107 0 235 240 255 74 0 245 224 16 83 255
    184 93 255 255 0 93 114 56 1 0 255 160 0 57 122 0 255 255 128 237
    255 255 255 87 237 0 0 184 106 85 66 129 255 243 220 255 69 158 201
    143 35 172 160 0 47 99 255 6 255 0 0 246 53 0 255 205 83 52 93 21
    160 0 115 75 164 189 255 255 233 0 199 0 0 255 0 107 174 0 90 255 95
    33 81 100 33 202 227 96 165 129 0 255 148 115 0 136 255 255 255 255
    194 0 175 255 0 49 199 249 52 0 77 7 114 198 91 0 0 229 0 213 131 71
    234 162 76 255 45 148 255 94 177 0 183 220 255 35 163 254 0 30 0 255
    118 0 229 255 71 234 115 5 89 54 2 106 0 133 255 77 129 63 255 112 0
    205 50 14 137 99 151 138 164 36 0 160 255 186 59 255 255 255 24 254
    37 210 3 133 0 0 167 130 20 30 255 108 212 141 0 141 110 122 136 255
    113 190 191 236 208 177 141 149 0 155 255 127 216 157 26 248 231 145
    129 255 161 255 0 255 8 42 146 0 255 112 0 207 58 251 17 118 119 175
    84 109 216 204 213 252 238 210 102 168 50 138 197 0 163 26 0 82 217
    197 255 0 0 221 163 110 132 105 255 16 255 140 226 225 255 44 79 175
    21 0 255 47 239 199 255 192 0 153 182 123 134 101 147 159 236 71 237
    218 255 173 255 178 0 88 202 255 82 166 255 44 102 120 255 128 150
    49 255 114 246 0 84 74 12 188 60 75 95 255 2 255 255 0 103 185 71
    101 255 87 64 96 223 67 138 218 255 0 26 0 48 184 0 255 0 253 129 0
    255 194 228 0 58 194 48 149 255 224 97 255 72 182 214 166 76 0 0 66
    51 235 45 14 0 255 5 0 255 0 20 164 123 0 255 58 255 255 2 230 255
    188 3 255 247 255 193 114 104 248 255 229 255 129 0 109 167 160 0
    255 255 78 255 135 0 255 255 0 0 255 107 120 123 45 0 19 0 219 0 142
    139 35 221 249 73 251 196 201 0 223 169 255 102 0 93 211 105 165 117
    159 103 0 255 169 0 255 92 255 211 88 255 70 17 0 208 255 104 0 55 0
    129 40 0 219 211 255 0 16 209 255 0 170 167 0 0 59 80 11 227 114 0
    46 62 0 164 0 0 255 129 106 237 255 34 177 255 122 255 183 63 0 0 0
    72 219 255 14 66 206 168 255 255 255 171 255 38 0 0 0 163 0 255 237
    171 0 47 208 255 198 147 0 154 96 107 255 0 243 88 186 255 98 160 88
    0 149 188 255 0 0 0 44 0 131 194 67 0 0 255 208 236 0 255 101 207
    255 162 255 157 4 255 209 138 4 199 0 18 121 59 0 158 0 253 3 220
    255 133 255 0 0 128 255 61 184 228 33 59 54 109 255 0 79 255 210 182
    67 0 120 210 65 0 0 28 0 32 0 255 119 227 252 218 31 255 195 0 0 24
    180 231 199 224 101 230 138 255 42 31 119 255 173 44 0 255 244 0 187
    255 255 144 11 10 0 0 242 9 67 141 255 183 229 131 0 94 75 127 253
    205 223 0 0 2 0 48 162 156 21 255 84 31 182 132 182 63 237 164 98
    212 18 255 58 218 0 29 91 0 80 135 159 255 150 255 1 0 255 0 0 255
    107 109 56 36 52 255 0 0 228 207 0 40 44 0 0 217 73 255 254 207 255
    78 228 255 0 255 0 112 0 252 125 181 183 0 255 0 0 255 255 0 0 118
    98 0 31 255 203 51 101 85 29 0 0 0 52 27 230 58 171 255 0 111 0 35
    62 176 240 135 0 130 108 255 0 161 36 177 127 255 0 102 255 238 0
    147 255 255 222 93 5 0 0 255 104 0 170 227 179 102 0 255 255 181 40
    245 255 35 48 0 178 156 255 0 0 113 200 255 155 39 175 203 43 197 31
    204 255 255 56 172 176 0 25 0 40 161 255 0 255 255 255 241 108 0 0
    249 114 0 33 255 229 168 189 255 244 247 33 122 243 0 223 235 201
    186 111 153 73 109 190 163 214 0 147 255 0 0 0 255 22 0 91 209 255
    169 255 218 85 214 255 0 171 0 255 255 210 171 132 255 255 117 0 0
    157 0 0 141 49 196 21 182 0 248 251 230 0 220 186 158 32 205 156 214
    0 223 53 115 255 161 94 0 0 9 56 111 25 137 132 0 10 255 25 255 255
    107 95 205 8 0 64 151 0 237 255 248 0 230 255 93 41 0 15 244 0 0 51
    29 0 161 29 202 255 40 0 28 255 98 188 189 46 104 69 85 255 239 255
    130 131 0 15 0 28 255 253 255 255 166 90 157 55 255 99 255 0 49 46
    152 255 169 255 236 118 199 177 20 8 120 103 36 226 102 255 124 77
    170 83 179 157 15 184 59 72 42 255 255 155 177 63 0 81 172 222 0 111
    130 13 105 224 0 213 34 255 0 235 59 24 194 134 46 103 255 255 255
    255 193 143 149 255 230 76 114 84 73 152 116 102 0 34 0 30 157 0 109
    216 140 194 19 164 104 118 75 0 39 109 0 111 244 0 133 4 255 143 37
    92 117 112 0 244 88 108 183 0 0 8 33 185 255 0 242 228 70 171 129 83
    109 197 137 101 255 17 0 231 23 87 176 143 107 190 3 62 172 214 255
    255 255 11 0 137 86 0 140 255 27 126 255 255 120 255 108 231 0 0 0
    79 97 0 0 255 155 198 0 255 83 144 255 255 176 255 255 161 255 0 228
    54 0 0 255 255 77 191 34 84 56 34 187 138 88 255 191 21 255 96 101
    27 255 21 244 136 255 255 231 0 255 255 69 255 85 159 255 52 49 255
    174 33 93 0 0 109 132 255 9 41 248 255 138 255 135 26 0 223 90 151 5
    72 255 23 127 0 43 255 255 120 153 224 179 176 177 0 255 14 186 255
    178 15 255 255 255 255 166 255 227 255 255 177 50 83 76 255 204 16
    206 99 57 90 65 23 161 59 0 255 43 132 0 72 0 67 77 0 0 255 255 56
    229 0 91 70 209 61 0 56 255 92 103 176 116 255 74 3 255 0 109 214
    126 141 196 255 239 54 255 209 76 47 195 255 92 81 0 220 0 193 0 0
    255 255 135 226 255 255 255 22 93 27 0 0 163 221 68 115 234 0 255
    255 81 255 174 255 56 28 255 228 255 228 255 255 65 202 0 255 255 66
    125 233 196 241 255 99 4 235 251 145 252 255 63 6 37 92 255 97 151 0
    0 167 0 218 3 0 255 0 214 40 0 255 136 93 151 184 40 0 158 231 0 102
    0 143 193 255 192 67 255 52 255 174 54 234 0 255 255 225 86 207 233
    191 255 255 0 128 0 17 232 116 215 255 0 0 0 159 170 46 158 8 255
    163 52 107 94 0 187 184 204 141 255 77 0 0 251 255 161 0 206 17 158
    85 0 71 255 80 170 0 0 255 0 222 235 255 255 0 249 119 0 0 0 48 111
    224 255 25 212 255 186 92 253 97 148 89 192 255 201 173 232 209 180
    57 255 255 255 155 255 180 18 13 255 255 0 0 113 141 169 131 213 100
    0 60 184 0 239 255 255 255 32 140 150 0 26 0 111 34 0 251 10 0 0 0
    55 255 0 152 255 0 0 0 58 101 0 46 138 0 0 32 135 0 223 57 0 0 255
    12 44 35 255 104 227 216 255 200 255 255 175 21 0 118 135 2 144 3
    100 255 0 28 125 220 244 179 0 182 250 159 155 104 108 255 165 255
    156 79 255 230 34 0 6 247 210 17 132 0 27 255 8 0 0 207 255 170 255
    93 0 28 28 255 59 0 169 0 173 255 48 0 0 240 0 34 255 85 255 239 255
    0 176 255 0 0 135 220 232 0 0 195 57 36 0 0 178 0 255 139 255 0 121
    87 255 57 0 1 207 5 146 25 190 188 0 123 175 242 2 0 0 255 118 0 221
    255 0 240 0 203 206 255 0 212 90 38 68 151 255 19 194 255 180 0 43
    255 25 163 12 248 255 162 171 188 0 255 214 139 157 0 255 179 79 255
    184 155 182 0 86 215 43 0 249 234 59 116 18 255 0 121 255 21 242 0
    14 255 109 3 181 0 0 0 28 75 13 119 255 0 32 255 246 166 58 188 203
    70 255 236 200 255 0 0 0 255 146 0 137 0 210 118 24 120 190 0 248 40
    0 94 0 227 9 222 0 53 179 50 154 0 0 0 62 0 172 97 0 214 238 255 47
    22 0 0 3 6 118 194 255 255 25 255 0 0 49 180 0 41 87 95 0 0 0 248
    255 127 184 103 0 50 162 229 0 119 12 184 129 0 61 39 255 172 134
    213 96 238 52 152 255 183 245 164 190 210 20 224 229 234 0 209 255
    27 253 255 19 180 129 86 218 235 206 91 111 79 29 236 206 0 241 174
    0 255 61 218 188 35 10 7 74 64 128 237 255 239 0 180 192 68 255 201
    255 214 117 255 44 252 164 212 208 174 255 186 233 226 217 4 255 7
    89 255 0 0 143 234 255 156 63 174 57 90 133 213 1 77 111 228 41 115
    255 255 0 195 0 0 255 89 193 255 255 2 199 236 27 2 255 255 93 61
    242 255 255 130 154 181 255 64 235 0 0 255 69 121 255 88 248 255 38
    98 209 16 255 0 213 255 78 255 255 30 56 197 0 91 101 254 0 0 255
    230 79 0 255 135 249 255 8 150 4 210 221 255 40 87 176 226 113 0 0
    107 82 8 104 215 255 34 48 0 63 142 27 142 94 0 0 255 156 70 123 48
    75 255 2 0 212 90 165 18 142 157 239 21 1 213 239 255 0 255 71 0 0
    28 134 22 39 0 125 103 126 255 158 255 36 236 255 49 157 135 0 255
    203 0 0 0 45 163 0 255 255 64 7 209 46 0 255 170 0 0 91 0 166 0 38 0
    21 77 22 255 255 255 124 255 204 77 132 0 255 0 0 125 255 0 255 255
    183 155 88 65 116 255 80 255 122 0 126 222 215 255 72 109 255 18 227
    231 86 0 157 115 103 0 112 15 181 255 0 255 128 0 196 255 218 0 255
    255 232 207 255 0 104 13 0 0 155 123 238 0 255 29 91 248 219 184 255
    138 158 144 171 64 166 148 0 19 146 255 86 0 0 255 255 200 247 0 0 0
    132 147 255 255 34 52 255 11 255 248 255 16 255 0 68 255 213 44 255
    255 255 73 98 255 0 255 35 255 175 0 255 0 251 249 255 100 0 150 255
    255 0 179 0 188 119 202 192 0 66 126 131 227 150 0 111 73 245 113
    255 74 0 66 50 219 220 84 0 222 25 25 17 0 229 255 255 64 0 255 37 0
    90 255 188 50 255 69 103 2 0 211 96 110 85 0 226 18 50 121 0 0 179 0
    11 25 0 118 10 0 43 255 255 0 221 132 0 255 189 17 255 147 154 147
    255 244 5 0 59 182 0 255 0 0 255 111 0 121 0 130 181 239 246 180 255
    104 192 91 175 29 128 255 244 255 217 0 255 0 45 250 144 172 254 253
    8 255 74 209 255 0 141 0 113 76 174 255 254 241 0 189 25 204 134 21
    114 21 255 0 117 86 127 228 131 13 209 108 0 0 37 143 255 11 18 226
    232 0 88 77 255 47 98 213 34 0 237 0 0 179 192 32 17 146 0 244 140 0
    255 255 241 0 173 67 0 147 121 0 47 255 44 255 255 255 0 28 240 0 0
    0 0 96 198 200 43 244 110 168 207 255 255 0 10 137 0 0 161 67 59 107
    255 141 255 227 19 0 0 149 42 255 161 0 23 163 0 0 255 255 0 0 213
    110 255 0 0 57 104 210 255 190 0 255 0 0 255 247 184 89 226 24 138 7
    255 0 255 229 0 95 250 177 108 40 203 255 0 0 163 59 68 222 194 129
    90 140 63 184 31 121 146 0 255 74 255 255 0 57 191 42 0 255 255 120
    77 255 151 182 146 255 9 0 53 116 62 0 66 0 128 0 8 250 125 229 112
    0 255 21 0 20 255 181 132 164 46 251 228 148 225 255 187 255 0 0 106
    0 182 2 0 0 119 135 220 133 244 164 104 255 254 192 71 0 25 110 90
    85 8 253 246 183 241 0 229 12 13 0 100 254 212 99 0 54 204 207 0 155
    140 47 255 229 179 251 239 142 248 255 255 0 34 255 234 233 0 255
    255 69 0 4 255 67 0 79 110 106 98 216 0 24 228 168 255 131 98 108
    128 243 255 0 220 52 62 231 148 0 0 91 0 255 202 255 0 255 213 79 28
    82 157 101 22 112 57 114 255 19 20 255 0 139 107 160 255 153 55 227
    12 205 58 255 180 255 50 52 120 149 8 237 62 56 176 57 255 223 255 0
    135 255 255 72 139 184 255 78 0 196 73 83 177 238 38 0 33 72 90 10
    117 8 97 126 83 0 165 0 32 0 249 0 255 255 6 255 255 187 0 238 255
    232 255 183 53 242 28 69 52 179 255 170 180 184 53 106 94 0 12 181
    160 165 120 0 93 255 227 225 255 137 191 19 255 89 17 124 0 211 105
    255 0 255 208 22 0 255 255 0 69 0 81 199 17 180 255 0 214 253 172
    248 0 103 255 64 151 158 77 119 7 215 252 255 76 0 38 0 252 58 202
    184 255 255 255 255 255 0 115 209 255 185 131 255 120 137 197 129
    108 0 0 0 0 72 68 128 255 180 48 33 17 0 0 128 255 188 5 160 152 247
    212 117 191 255 0 21 87 235 255 180 185 56 104 125 255 255 69 230 67
    85 248 0 197 136 155 197 189 19 143 126 255 153 218 87 214 119 185
    201 214 12 139 80 61 255 255 0 248 255 0 35 149 37 54 200 7 0 0 0 0
    29 5 59 0 255 209 0 58 86 255 130 0 32 171 255 140 223 255 250 76
    225 162 0 79 226 17 93 134 233 241 255 189 124 116 16 255 224 213
    255 248 243 48 121 113 185 0 78 101 107 100 255 118 247 255 10 3 100
    84 180 87 12 210 20 255 255 202 16 0 240 255 175 22 255 195 149 159
    33 228 0 0 255 57 215 141 50 51 0 242 69 11 255 0 255 255 255 255 29
    72 237 255 111 182 161 255 237 93 88 84 113 89 0 0 104 234 52 219
    255 198 0 226 109 0 255 0 200 251 121 117 239 89 255 113 242 44 217
    118 137 21 41 189 255 101 179 33 93 255 208 252 0 64 114 97 166 8
    239 61 60 255 0 0 181 255 182 255 79 214 255 85 0 195 255 177 255
    255 246 255 177 38 68 164 214 0 180 153 143 110 0 90 177 232 112 232
    131 184 0 0 255 0 3 255 202 255 78 0 188 255 212 81 66 182 0 0 255
    118 131 0 46 15 255 100 189 211 233 255 152 0 16 255 156 255 0 255
    225 255 36 202 120 255 220 82 214 148 229 239 187 0 113 61 230 60
    120 68 226 31 0 0 113 0 0 81 255 0 0 160 85 186 255 173 232 255 255
    230 0 205 147 0 255 70 155 2 0 255 255 0 55 119 68 89 0 0 0 83 138
    255 255 0 30 124 0 255 90 252 0 102 3 0 83 24 0 206 212 162 130 193
    229 0 227 232 0 49 0 73 86 255 105 255 54 0 216 147 163 255 184 129
    10 124 255 37 255 151 255 255 0 90 254 0 242 116 55 142 65 0 234 0
    144 255 114 147 255 40 217 65 219 213 207 85 114 0 0 251 134 200 153
    0 255 148 255 247 0 0 138 217 255 120 111 1 0 146 118 219 163 78 137
    35 244 0 0 255 180 108 255 154 0 155 0 162 255 155 255 242 224 60
    150 132 255 0 214 237 164 193 132 255 230 247 255 92 204 255 254 0
    255 255 0 100 94 51 203 0 23 78 150 255 224 29 21 255 118 120 0 202
    177 10 138 0 255 0 164 70 3 0 222 61 145 220 204 46 0 201 142 0 0 0
    255 0 114 21 169 6 49 255 233 78 169 52 0 85 0 164 122 180 34 255 9
    42 255 255 235 59 120 33 0 53 0 88 205 0 246 35 155 87 255 0 104 172
    0 5 0 255 115 0 255 156 122 207 164 43 231 0 0 0 255 64 255 230 73
    173 216 32 210 196 0 255 83 81 113 0 255 71 205 255 0 108 0 255 148
    92 85 255 0 41 67 74 186 108 178 11 255 35 18 138 161 131 255 255
    149 19 113 11 157 84 26 56 255 33 0 23 128 201 255 52 118 131 189
    253 13 56 0 0 0 252 132 46 0 255 2 83 255 46 87 255 0 255 22 195 0
    166 70 0 178 125 0 94 158 183 184 226 37 0 255 0 67 189 0 0 0 0 255
    255 255 0 18 216 255 28 222 255 19 12 0 17 61 0 172 118 38 238 192
    101 31 222 26 0 172 0 57 255 0 110 113 26 119 255 64 255 137 36 255
    21 255 172 255 255 56 0 255 0 255 106 253 0 255 255 158 10 0 20 255
    102 137 206 33 0 255 244 255 0 123 226 255 0 224 250 107 100 4 235
    255 233 83 137 159 142 0 25 31 132 211 133 195 27 0 120 138 42 255
    243 255 204 255 252 27 63 0 174 0 137 0 165 17 245 70 218 170 74 189
    233 247 255 13 255 164 255 3 102 136 86 231 0 0 255 201 0 106 0 184
    15 101 255 33 255 0 66 175 218 129 71 182 246 0 255 182 180 104 64
    240 0 0 16 147 145 255 160 97 0 209 24 0 210 0 38 178 255 183 0 153
    42 239 93 0 118 255 205 221 124 167 0 255 0 96 255 0 210 25 61 45
    255 3 17 255 255 237 255 214 0 28 11 152 219 193 72 255 0 150 115
    255 255 0 143 255 0 84 0 0 255 121 189 126 35 87 255 24 0 0 207 94
    158 44 255 255 0 255 239 252 50 6 120 255 19 0 179 196 0 216 240 47
    255 255 143 189 2 0 0 159 0 22 255 0 124 212 98 255 186 14 130 207
    255 184 255 235 255 128 43 205 142 44 253 3 0 255 0 255 120 255 18
    255 57 194 75 54 255 0 0 82 0 86 0 20 201 255 255 255 15 232 212 0 0
    0 255 90 246 255 255 150 151 36 135 0 143 171 255 255 154 208 232
    241 123 0 27 128 255 255 123 21 0 0 1 0 105 255 245 255 157 237 47
    62 152 14 0 0 255 30 106 216 255 133 0 172 70 213 224 2 133 255 166
    54 0 237 224 0 28 192 44 208 116 163 0 255 164 205 224 156 156 147
    152 161 247 93 255 107 0 0 91 255 0 168 101 0 255 157 32 0 0 255 0
    212 255 195 0 165 20 165 20 99 255 237 106 83 4 53 255 64 255 31 0
    60 229 255 0 255 125 0 116 0 0 5 219 27 0 197 62 0 84 24 255 1 3 200
    47 0 255 60 0 36 209 239 253 173 255 5 229 255 5 52 255 85 0 255 0
    255 0 24 210 255 0 193 255 255 113 245 255 0 57 67 50 206 0 7 226 0
    145 100 169 177 141 0 0 0 203 59 8 238 255 212 232 45 255 147 107
    132 68 174 255 135 229 226 114 0 70 243 101 255 255 130 255 255 0
    229 124 0 0 255 222 240 255 15 239 15 142 255 225 157 255 0 10 0 156
    202 37 248 46 1 40 49 36 255 255 205 75 255 72 185 205 0 204 140 46
    26 0 88 182 185 9 208 0 0 0 21 41 255 82 0 255 182 248 0 59 93 255
    255 181 174 126 255 191 255 255 0 255 0 242 106 226 156 15 21 32 162
    255 207 255 18 255 116 70 0 149 71 102 239 175 0 57 60 131 255 72 0
    81 255 174 255 0 255 130 59 169 255 6 194 234 0 104 58 103 0 0 0 0 0
    0 0 0 255 94 176 44 70 39 255 132 174 33 228 255 255 205 255 230 199
    17 176 255 52 218 163 146 255 197 124 177 18 255 124 75 0 255 255
    255 185 222 255 194 54 0 76 142 0 239 83 0 7 107 143 76 0 201 0 198
    172 190 255 255 251 14 99 88 181 61 175 238 135 215 0 0 0 255 247 0
    51 126 143 3 207 140 5 17 0 0 84 255 215 255 88 15 194 255 192 46 88
    189 0 255 255 5 246 0 255 47 0 0 0 255 242 182 114 236 54 67 126 50
    240 255 83 36 105 70 40 167 217 69 21 92 255 255 12 242 10 235 0 51
    255 191 174 78 137 4 0 0 188 0 209 141 138 230 255 227 20 0 0 227
    241 0 176 0 141 94 74 109 35 96 25 0 205 157 0 17 53 21 0 255 68 255
    232 0 255 255 36 88 153 213 178 93 255 49 17 0 0 29 42 176 56 74 58
    39 247 126 0 0 0 217 0 255 255 255 92 255 0 0 238 240 0 0 86 219 0 0
    125 255 82 185 0 255 150 110 255 0 0 137 253 63 187 95 12 0 69 0 0
    126 0 35 255 110 250 1 255 155 214 123 134 31 116 0 198 148 0 75 107
    193 0 126 39 101 0 117 214 255 0 222 99 0 255 67 255 0 158 0 0 0 57
    69 143 181 145 255 201 0 255 210 149 122 255 174 165 204 171 162 83
    59 146 111 99 12 33 61 252 255 234 228 159 145 0 19 0 255 255 92 151
    56 65 255 192 146 14 0 0 71 0 0 148 38 201 90 149 255 113 114 193
    145 61 204 128 247 108 88 81 224 233 0 255 247 255 81 114 119 248
    197 35 70 255 0 50 29 255 89 62 96 23 92 0 36 30 255 48 207 124 0 0
    0 52 73 135 0 80 109 18 255 0 110 223 134 255 67 255 174 137 0 249
    180 250 117 130 0 168 0 117 192 238 255 255 113 218 121 49 143 153
    255 69 222 171 61 36 90 67 212 255 0 50 255 0 98 173 149 0 96 255
    101 128 255 255 89 188 0 239 192 54 20 129 111 169 114 255 181 160
    230 191 49 117 165 0 179 37 151 255 189 87 75 138 146 77 16 31 142
    67 84 255 32 221 0 255 97 39 0 105 20 204 178 127 248 148 186 12 31
    169 109 255 181 0 72 171 30 255 255 47 197 101 66 0 254 255 34 255
    255 249 255 237 91 255 0 143 78 255 0 209 95 174 0 187 255 255 126
    91 177 129 179 94 139 255 34 147 83 36 0 140 0 242 168 88 122 15 213
    75 202 223 48 124 255 185 255 203 0 0 79 79 0 255 252 255 37 115 255
    115 56 78 0 0 255 34 205 0 88 255 0 0 177 255 74 0 188 1 252 241 0
    30 101 242 255 185 199 40 255 251 1 89 11 0 35 54 16 188 0 209 255
    76 255 0 255 137 6 50 255 255 0 255 255 74 0 255 255 70 230 64 238
    22 212 255 0 14 0 167 32 174 255 174 132 64 66 30 110 248 148 255
    179 231 216 0 0 172 43 12 0 90 240 0 255 255 0 5 255 0 239 163 46
    102 40 210 224 0 255 215 14 129 255 255 110 204 87 135 45 146 204 0
    56 232 0 203 255 144 14 240 115 28 255 69 14 255 133 224 255 0 0 102
    203 113 82 245 255 23 0 91 240 124 117 214 53 66 204 166 0 255 69
    202 202 49 255 131 255 255 0 103 22 255 128 255 233 71 85 193 0 11
    255 225 66 0 0 0 197 0 255 0 185 213 181 255 6 0 255 255 255 0 255
    47 0 172 252 95 0 0 31 129 234 44 202 162 255 125 38 148 0 0 255 21
    77 12 115 255 120 78 16 138 223 0 255 142 151 171 0 254 176 59 205
    52 246 252 142 177 128 0 162 247 0 73 9 0 158 45 96 208 225 136 255
    0 53 255 8 255 0 255 150 24 51 62 131 118 21 74 142 89 255 255 135
    162 207 0 136 0 112 0 24 255 251 0 255 179 243 0 57 0 0 3 160 54 132
    130 0 95 169 244 245 255 0 228 0 52 255 235 0 0 235 255 0 200 255
    144 171 255 0 170 240 131 255 82 255 156 202 0 38 227 56 226 143 255
    0 0 233 38 37 60 196 0 255 255 0 12 231 255 192 255 167 2 255 0 0
    210 214 255 255 3 157 184 255 77 120 255 60 11 0 255 0 159 15 229
    158 143 154 0 67 167 50 40 56 92 255 255 78 0 229 0 138 0 223 0 245
    52 134 1 3 44 66 218 190 193 221 179 0 220 23 0 139 0 119 64 255 36
    121 255 8 107 255 0 70 186 255 237 255 255 0 9 37 2 0 164 255 237
    167 172 0 255 201 155 167 255 58 228 163 244 49 102 228 0 0 53 128 0
    109 207 0 125 125 27 255 255 63 0 5 0 7 186 56 81 255 255 245 214
    255 85 255 60 0 128 189 255 204 177 255 166 144 255 76 228 0 0 174
    38 0 170 255 49 159 89 65 255 247 152 42 34 79 16 219 19 0 255 255 0
    191 0 249 193 255 0 180 227 189 64 168 156 251 127 0 0 56 0 250 255
    139 99 201 0 29 232 255 206 215 0 255 66 250 255 58 190 72 179 32
    169 84 251 137 115 255 0 113 255 253 255 180 38 20 25 0 233 120 25
    157 190 0 92 81 210 83 0 157 145 140 255 255 253 81 149 0 191 239
    214 116 144 135 182 255 255 104 89 23 147 0 162 200 223 248 0 62 0
    245 218 2 243 0 255 255 0 0 220 139 56 50 0 230 4 0 54 155 255 14 93
    167 121 126 0 33 255 0 107 255 0 230 255 42 93 21 59 187 210 0 125
    255 67 235 0 203 251 153 254 255 99 195 255 0 138 116 212 248 0 148
    180 113 172 207 0 255 112 0 255 255 61 248 0 86 232 255 137 223 0
    124 0 71 244 14 111 92 119 103 255 36 230 19 0 107 106 108 255 73
    204 255 87 66 255 100 3 0 71 255 0 255 255 41 79 255 255 0 0 213 219
    18 255 97 23 255 84 255 29 255 255 221 0 149 83 91 255 229 151 0 0
    30 145 155 154 47 9 30 109 84 101 134 67 0 99 109 36 206 135 159 53
    0 0 141 85 255 144 122 171 241 195 255 0 55 117 77 0 48 59 0 254 255
    221 161 237 196 105 95 255 0 255 0 231 0 108 154 235 255 200 82 0
    255 255 24 255 221 249 221 33 109 108 0 255 212 34 0 255 142 0 159
    255 194 0 229 52 188 45 255 223 135 255 0 137 160 150 220 45 255 185
    174 224 255 0 12 0 154 49 126 0 255 101 156 252 255 191 115 138 0 58
    255 121 37 244 254 0 148 255 0 253 131 255 143 255 102 6 255 75 0 0
    55 255 255 0 184 0 104 255 0 168 138 0 255 0 210 0 0 112 43 228 105
    81 117 213 255 172 128 255 181 174 242 255 8 0 226 247 38 82 214 146
    255 255 0 255 76 24 0 92 255 255 151 0 209 231 132 0 142 252 149 13
    255 255 255 195 0 0 57 67 226 8 0 175 158 0 65 149 124 79 21 0 255 0
    255 118 0 239 252 102 0 0 181 255 255 199 0 255 37 255 252 61 81 0 0
    122 227 56 255 255 238 99 0 255 212 0 255 188 222 65 255 0 0 0 39
    255 138 0 253 146 255 0 255 255 17 252 113 255 4 0 29 0 0 0 24 44 98
    71 38 255 255 199 38 211 160 146 230 0 123 37 255 56 134 255 0 16
    215 0 161 0 251 0 86 0 61 0 107 145 39 167 234 0 85 0 92 183 255 141
    194 250 255 222 52 255 0 213 0 74 209 166 0 16 255 118 0 62 219 247
    105 0 54 255 0 255 205 136 255 254 226 0 128 10 0 57 181 255 204 178
    0 244 196 0 255 172 121 245 255 0 180 0 19 48 118 40 255 131 51 110
    184 221 255 209 236 9 109 97 0 202 0 75 255 243 198 255 190 121 238
    129 0 159 34 0 255 226 204 0 48 255 4 255 255 0 182 171 255 0 216
    240 158 44 206 139 0 0 158 131 0 224 0 82 120 255 195 255 36 25 54
    97 255 0 141 100 104 0 255 0 146 0 18 0 0 12 228 1 117 0 240 173 104
    255 219 168 255 168 102 121 255 213 0 255 132 205 147 0 16 91 86 178
    236 255 0 121 211 137 152 226 228 187 58 2 156 41 59 255 255 255 157
    179 123 5 243 202 240 229 0 255 166 0 68 218 150 83 28 255 230 0 190
    0 206 255 148 180 31 203 0 234 255 198 77 195 34 0 0 0 108 208 0 0
    114 156 0 96 255 0 111 209 0 41 0 48 255 0 0 235 6 140 200 4 255 26
    0 175 59 247 204 0 255 206 255 100 1 190 255 69 207 117 255 97 0 197
    0 215 0 58 49 213 69 18 255 231 145 0 244 17 25 0 255 191 0 255 244
    97 8 201 245 249 175 255 255 242 232 113 36 210 214 201 106 60 44
    247 255 176 134 255 195 192 133 255 46 122 0 72 141 36 255 53 240
    212 255 0 227 0 152 255 171 255 37 226 255 36 181 0 109 0 6 255 255
    0 72 83 244 255 131 255 87 214 58 51 0 107 116 36 183 255 156 140
    149 130 63 231 26 0 227 5 255 32 10 62 11 0 220 110 14 8 204 0 0 190
    122 255 144 28 0 235 102 0 249 0 0 255 211 137 129 140 255 0 142 0
    90 0 169 121 159 0 251 66 224 139 244 255 255 0 255 215 38 185 223
    99 255 0 49 0 36 78 0 151 152 63 255 194 255 44 255 255 63 203 140
    68 255 200 19 255 0 171 126 31 255 0 236 241 17 255 184 255 202 79
    146 49 208 0 158 30 0 59 255 0 103 0 255 224 58 255 222 125 194 168
    120 213 140 53 144 0 255 157 45 0 191 84 0 250 254 189 198 123 9 28
    115 167 255 255 185 0 108 226 21 180 255 0 0 98 28 211 156 255 166
    255 108 66 209 127 189 246 97 0 106 18 118 0 0 175 249 174 188 222
    45 255 147 41 23 253 255 121 80 47 255 0 255 205 255 255 255 255 0
    38 51 46 81 103 0 214 0 5 19 0 0 50 255 0 0 255 255 103 255 0 255 0
    189 255 252 112 12 71 119 30 7 195 0 0 0 255 231 162 255 255 25 32 0
    54 85 255 31 0 255 132 238 255 143 245 161 0 121 55 185 255 201 247
    0 0 0 43 34 42 153 255 255 34 79 176 251 78 226 185 255 44 187 255 0
    152 158 50 0 42 216 112 255 110 0 207 255 31 227 255 189 207 30 0 79
    255 191 43 4 68 45 90 106 146 0 15 209 244 59 0 255 0 0 221 46 12 4
    199 201 255 5 20 135 0 66 0 255 168 22 255 80 255 4 235 255 42 46 20
    127 0 14 85 51 0 54 0 255 87 255 240 136 28 0 196 0 124 255 92 122
    49 0 60 88 76 255 189 241 243 0 189 236 44 229 255 255 0 72 255 48 0
    46 255 61 0 37 0 0 219 255 0 255 168 0 129 255 215 255 27 0 255 255
    0 230 116 136 0 203 154 126 46 0 255 110 76 0 35 255 255 0 22 255
    255 0 255 59 74 253 121 255 45 94 0 0 80 62 59 136 0 198 32 76 255 0
    154 2 213 0 72 0 103 140 0 0 125 255 0 45 96 255 215 0 96 120 115
    255 221 0 255 255 0 255 78 6 255 186 0 113 0 0 189 19 0 151 23 239
    255 122 207 255 255 249 0 255 255 126 232 5 169 0 38 191 161 255 129
    0 135 215 255 255 255 249 96 255 214 13 166 200 255 255 235 214 0
    213 246 0 175 0 255 208 176 94 124 0 255 250 38 197 0 255 86 8 132
    255 11 41 145 137 136 41 255 134 108 70 255 60 58 0 255 0 255 255 0
    7 255 19 87 255 10 36 60 217 0 0 0 184 204 0 255 148 196 8 209 254
    95 11 157 77 89 236 241 239 17 185 32 255 221 0 0 255 66 227 118 206
    48 159 78 0 81 0 79 196 0 38 181 0 77 255 192 0 195 3 202 50 255 0 8
    255 239 243 175 61 255 0 255 234 6 255 236 148 127 0 191 0 228 255
    255 227 97 132 35 206 160 97 250 123 255 79 255 52 3 135 255 0 30
    255 255 245 195 152 231 0 212 130 0 3 127 112 214 82 216 138 0 33 0
    69 224 33 117 102 131 22 98 13 255 0 0 213 0 0 190 102 13 86 48 4
    172 0 32 57 255 223 255 0 14 231 255 0 41 114 142 58 16 184 255 255
    231 12 196 117 0 133 255 174 58 96 107 48 182 255 204 0 191 123 164
    252 0 3 84 225 34 30 71 55 130 98 200 15 170 0 157 138 18 0 255 29 0
    119 227 0 0 239 0 160 248 111 255 76 18 174 187 195 0 56 255 199 255
    255 255 192 179 241 104 192 12 229 37 0 34 95 116 61 0 24 0 156 0
    255 0 134 255 12 226 219 16 123 76 0 220 255 0 217 0 170 85 30 0 1
    205 0 0 45 194 202 110 144 0 110 211 61 75 0 0 83 52 198 191 87 255
    227 34 215 0 178 0 0 176 0 50 0 162 254 200 0 45 176 0 45 208 255
    125 255 248 0 255 231 0 0 60 0 52 255 0 67 173 25 0 255 0 255 174
    130 255 202 84 238 85 190 0 255 0 213 149 235 255 86 0 169 76 113 69
    171 12 116 5 92 201 56 72 230 229 164 0 152 199 38 0 255 84 242 255
    42 186 144 0 174 132 0 0 188 135 161 0 119 174 0 103 199 255 28 42 0
    250 100 133 145 8 99 18 71 44 25 0 0 255 4 255 255 255 158 44 137 0
    182 117 240 129 195 196 201 0 255 78 143 254 0 0 229 169 111 0 0 248
    0 124 0 255 255 121 40 198 142 239 255 255 238 0 252 247 163 133 137
    55 255 49 222 47 156 255 0 194 249 0 0 4 114 213 203 255 124 0 137
    183 0 0 92 117 232 243 54 0 182 255 144 255 221 189 0 189 0 90 255
    70 255 27 255 43 67 233 143 59 0 131 0 87 255 125 148 255 220 0 84
    115 169 0 255 255 205 160 113 152 138 255 255 64 237 111 92 26 255
    71 0 61 0 0 17 202 62 84 28 79 216 208 198 73 105 1 182 255 21 254
    27 7 133 0 255 0 59 103 17 80 255 0 109 89 57 212 255 188 186 122
    162 4 255 255 255 212 243 245 46 255 81 222 210 0 92 0 124 6 1 241 0
    252 99 243 135 63 216 197 255 220 218 0 158 0 189 52 109 81 173 138
    255 0 30 0 29 0 168 120 0 163 255 0 111 153 155 74 217 255 170 135
    51 139 26 226 249 248 66 254 210 255 43 153 255 185 227 107 255 238
    254 0 0 0 173 0 0 242 143 255 0 73 44 0 0 108 187 77 255 34 248 255
    138 255 0 16 193 0 255 166 138 141 0 110 195 168 94 139 39 167 234 0
    0 13 99 160 0 255 187 0 255 95 224 255 0 0 255 134 24 0 44 204 0 255
    188 132 115 229 255 201 255 255 168 0 167 150 65 177 172 4 52 0 90
    162 0 255 121 65 0 0 176 101 0 0 16 255 5 252 199 255 255 23 255 126
    172 255 115 194 241 255 213 255 0 102 233 0 94 51 26 215 247 196 182
    174 98 0 223 51 81 227 255 90 101 148 0 253 0 236 0 171 255 181 56
    186 0 30 255 227 163 64 80 255 255 79 255 112 255 0 68 103 125 36
    160 173 214 0 50 211 43 255 255 228 56 240 255 0 105 148 0 0 160 0 0
    82 255 124 158 0 66 128 154 180 255 178 102 0 234 241 224 133 114
    174 0 108 60 195 172 255 120 255 202 255 0 37 37 0 255 137 20 235
    255 255 192 255 30 255 161 25 250 177 138 227 113 15 25 73 0 207 0
    255 48 142 0 253 215 129 85 0 238 159 0 111 234 255 116 0 0 255 0
    140 170 127 22 0 37 255 93 202 204 97 0 255 255 180 165 255 152 5
    194 205 0 19 171 57 7 40 225 255 133 0 118 0 167 98 137 0 6 255 235
    0 0 71 101 0 102 0 236 84 255 249 29 255 143 160 244 255 148 0 176
    148 0 44 0 126 255 0 0 65 255 79 254 168 197 94 121 113 117 255 226
    12 92 97 77 31 139 255 67 255 209 0 255 255 96 183 0 246 84 206 255
    34 0 10 254 75 94 85 0 0 166 255 0 225 255 75 23 0 126 169 206 22 0
    0 57 235 0 98 44 120 0 39 35 255 148 127 140 255 88 28 0 255 47 255
    149 202 28 0 133 66 234 90 255 255 255 0 255 237 160 248 255 200 132
    33 58 241 254 206 255 79 142 125 255 74 169 0 255 255 0 0 56 255 165
    0 188 243 106 255 32 67 0 86 255 43 255 74 32 255 10 227 255 31 0 0
    28 186 43 90 255 255 120 64 184 102 36 112 36 181 137 83 0 107 102 0
    133 0 216 0 74 0 255 100 255 187 0 49 0 221 123 0 148 148 0 230 0
    220 0 52 230 255 155 193 59 166 140 0 255 99 111 103 230 0 29 233 62
    255 128 255 9 5 94 135 255 33 255 223 255 74 128 7 169 29 255 0 0
    142 0 0 7 255 201 173 99 129 255 255 255 0 226 172 255 38 97 35 0
    183 0 150 0 81 0 255 138 255 255 7 0 255 10 255 229 54 201 255 255
    80 128 0 173 179 255 0 255 255 49 231 73 255 170 0 196 0 247 124 210
    28 148 55 249 104 0 185 255 162 255 255 255 79 0 214 255 0 0 173 88
    0 140 118 255 247 85 252 195 75 194 255 255 82 255 32 0 0 240 0 161
    181 0 29 142 255 64 0 255 0 0 46 0 160 124 175 215 87 112 45 255 255
    18 0 255 24 174 0 0 0 255 0 61 255 205 201 255 0 146 168 104 0 255 0
    249 0 150 59 77 244 73 0 255 14 81 0 169 255 68 0 255 84 0 35 200
    148 62 106 73 255 30 0 255 210 48 192 245 29 0 55 0 71 175 255 129
    255 255 255 0 180 0 0 0 149 0 178 255 25 0 0 248 116 74 0 0 107 117
    241 84 213 140 255 51 124 255 255 158 216 101 0 226 192 241 255 207
    0 255 19 56 92 255 0 184 72 149 39 162 76 0 165 184 0 255 0 156 0
    251 255 118 205 255 51 159 0 255 133 0 214 255 57 188 255 66 255 113
    0 0 0 255 255 122 0 176 75 0 255 100 247 64 255 0 151 255 212 69 255
    250 255 0 210 255 223 63 0 20 255 255 0 12 0 0 0 94 33 176 0 255 255
    255 165 206 229 255 255 124 9 176 64 43 151 145 4 224 255 204 75 187
    33 0 0 255 138 161 191 17 121 255 193 111 57 22 255 148 148 0 231
    161 96 119 0 44 0 49 51 46 71 0 135 98 131 244 60 0 55 158 42 226
    255 194 18 255 255 9 204 165 195 0 225 150 233 144 0 255 200 246 255
    121 255 105 152 69 0 135 39 73 241 252 89 175 237 51 241 157 214 250
    255 201 133 255 142 255 255 0 231 157 255 137 0 255 186 117 140 0
    202 0 255 242 163 10 97 126 98 136 86 0 252 255 163 74 174 255 0 45
    2 0 222 0 0 45 255 77 0 0 34 116 74 249 0 0 255 169 0 0 255 221 233
    79 0 143 209 98 71 68 202 43 210 255 0 203 119 161 100 167 255 255
    185 184 102 127 143 0 156 196 209 0 0 14 65 255 117 0 0 193 255 47 0
    15 39 239 28 121 0 168 24 253 118 200 182 6 206 255 118 0 255 175 54
    164 0 167 179 73 128 207 83 99 255 206 96 255 255 161 40 151 27 255
    43 176 146 196 113 177 73 242 255 123 203 211 222 154 0 63 56 0 255
    0 165 255 145 109 0 200 247 213 91 52 103 255 183 255 255 7 255 143
    255 12 234 140 204 3 12 122 0 159 186 189 6 228 255 72 40 0 157 253
    87 161 255 223 73 227 16 255 130 30 255 0 239 185 35 0 71 0 33 42
    136 39 148 119 90 26 0 243 132 162 30 164 0 28 219 1 54 0 255 255 0
    138 118 136 121 255 166 0 0 255 160 93 171 255 194 114 56 67 71 68
    212 255 0 0 0 188 0 240 184 96 0 255 61 204 155 255 49 0 201 140 116
    76 136 163 63 147 199 112 135 26 92 0 124 158 211 182 99 80 0 0 18
    246 219 236 96 255 86 205 255 82 9 174 183 82 153 22 197 142 99 110
    112 246 209 126 104 45 0 7 207 255 0 255 22 41 33 134 95 160 255 206
    0 0 233 0 25 220 123 250 18 255 55 20 102 255 255 154 0 111 8 0 93
    154 122 213 146 5 37 57 255 46 220 0 163 0 103 252 255 233 0 205 8 0
    255 167 0 0 107 255 0 187 108 80 119 144 255 193 255 85 46 28 88 228
    4 255 241 208 0 183 255 9 94 139 140 138 255 13 245 81 22 247 148 23
    3 199 255 255 255 109 255 50 215 169 0 189 0 0 131 26 0 234 239 2 0
    255 0 0 255 100 74 255 255 153 0 127 255 128 0 72 193 91 255 88 31
    236 138 255 39 68 255 252 235 156 18 209 22 96 59 0 255 255 65 255
    106 255 255 0 0 0 80 84 75 236 182 184 167 53 66 75 0 196 75 35 0 0
    213 160 0 117 195 0 239 255 21 0 54 0 36 255 255 0 115 0 220 255 176
    30 255 216 0 2 255 206 55 55 196 58 209 69 213 255 3 128 255 0 41
    124 0 131 255 255 255 95 0 255 188 255 0 37 255 34 59 187 160 234
    132 14 255 255 94 255 232 117 129 154 0 255 255 102 255 145 95 255
    206 0 40 0 61 76 0 70 255 255 200 128 255 6 66 200 255 193 0 0 192
    220 37 43 0 47 58 238 40 120 0 0 24 56 255 178 220 162 255 255 104
    255 224 0 226 6 255 83 17 210 160 240 54 0 76 255 0 29 255 218 62 79
    78 227 236 216 161 80 95 0 255 88 255 255 98 60 0 246 83 15 250 255
    186 229 24 255 38 0 173 0 0 30 157 231 44 255 220 255 151 255 120
    174 77 111 17 84 255 255 169 121 0 255 176 0 30 255 112 0 69 55 67
    160 100 212 0 213 26 0 172 184 0 255 187 119 150 0 208 158 122 182
    10 85 255 104 0 106 252 0 39 0 0 0 13 255 255 74 246 247 30 0 199 0
    96 255 169 191 246 53 37 0 128 53 140 0 255 82 18 49 48 0 0 80 69
    121 0 114 239 38 255 222 211 49 0 224 88 0 255 102 102 115 139 122
    255 255 167 187 255 8 74 255 43 189 134 136 255 0 0 0 0 123 176 255
    255 190 0 96 0 182 36 198 255 237 70 198 0 255 255 0 0 237 82 178 0
    29 128 39 255 255 173 14 255 96 128 205 161 255 218 151 0 0 235 201
    206 49 151 19 145 0 255 99 0 0 138 201 46 255 0 255 0 158 233 138
    255 53 36 11 255 111 0 255 95 0 177 231 99 255 110 35 4 0 128 159
    112 0 33 255 71 3 0 0 0 255 0 0 255 169 2 148 89 255 0 0 157 19 77
    18 0 196 0 202 39 166 28 57 143 188 56 255 255 28 111 255 0 90 82
    178 127 210 203 0 0 157 172 169 242 89 85 82 0 0 238 158 0 0 255 126
    21 174 0 162 196 255 233 75 7 36 253 212 0 135 0 255 78 0 0 76 160
    252 212 42 244 237 0 93 255 80 155 3 202 5 180 255 0 255 255 104 255
    255 227 255 0 45 255 0 241 255 158 84 255 173 59 85 168 168 52 255 7
    90 176 91 0 208 171 81 0 188 255 144 153 255 140 38 235 139 255 255
    63 172 0 122 106 112 174 255 0 209 255 0 234 254 126 15 255 203 200
    255 7 175 29 250 174 16 255 233 182 255 161 211 95 54 14 255 255 65
    0 135 255 214 253 39 189 255 255 89 78 152 95 0 255 227 61 45 211 0
    53 102 74 0 103 76 129 67 255 212 158 255 148 144 134 191 131 156
    173 84 203 97 74 17 71 37 0 26 0 255 0 16 152 18 255 64 25 255 248
    128 139 0 234 5 195 222 230 0 132 177 108 76 0 255 255 144 175 126 0
    255 255 255 255 172 214 255 178 0 162 8 255 0 51 159 0 175 255 160
    55 184 117 207 121 255 106 255 169 4 234 75 0 255 255 130 118 0 171
    137 218 255 98 94 255 0 255 172 0 41 4 0 65 37 249 255 156 218 78 56
    5 0 0 167 32 210 0 255 22 4 141 199 44 136 106 131 62 189 0 0 0 255
    0 0 201 94 163 0 0 255 0 106 24 196 142 0 7 0 166 15 12 76 20 0 175
    220 237 255 67 38 226 209 255 205 255 255 86 60 255 255 153 78 0 159
    0 89 76 255 142 249 228 0 233 255 175 233 216 155 217 255 235 161
    255 77 101 0 56 144 151 255 135 125 41 235 68 0 243 214 255 255 0 25
    0 171 59 42 222 243 101 6 217 0 65 255 53 184 0 159 255 0 0 200 0 11
    17 90 53 239 77 135 176 77 255 148 255 0 114 0 95 255 0 4 183 0 150
    231 85 0 120 44 0 35 173 85 64 0 244 3 111 255 241 199 255 129 177 8
    64 183 0 255 255 0 214 176 35 227 71 0 24 42 0 101 249 255 57 161
    161 133 153 0 129 9 199 24 211 104 183 63 0 0 81 52 134 138 247 65
    120 0 213 0 0 0 255 255 76 255 201 255 173 98 162 107 255 0 224 0
    255 255 0 254 255 249 213 0 190 162 95 49 204 154 103 6 168 255 171
    64 161 103 155 0 206 255 235 255 78 0 0 95 200 75 46 45 89 255 35 0
    111 22 0 150 100 15 255 122 214 255 252 255 255 128 72 187 4 255 255
    23 255 82 255 35 69 0 231 49 152 196 0 255 255 255 255 96 199 0 100
    142 215 81 57 255 159 255 211 231 14 218 240 188 255 134 53 255 91
    142 243 121 223 255 164 255 184 80 255 255 255 129 154 0 242 0 159
    255 0 213 203 74 0 127 71 204 255 156 55 59 8 255 255 147 93 51 255
    226 111 52 69 7 65 12 155 229 117 157 255 255 154 0 255 248 184 181
    206 80 129 154 0 216 0 0 255 0 255 255 255 0 255 187 198 223 255 88
    92 34 248 0 12 133 0 255 0 0 0 250 19 0 0 46 42 156 82 255 52 0 172
    102 197 0 126 120 0 49 255 0 123 0 146 0 20 255 12 173 255 184 0 240
    0 34 0 29 245 255 255 136 255 230 255 29 251 63 237 29 0 194 0 137
    178 40 21 0 17 0 156 163 0 0 255 255 0 239 195 44 0 255 83 0 246 220
    90 167 69 11 6 8 186 94 255 179 129 160 78 105 38 218 0 255 0 147
    174 97 149 228 194 255 0 222 130 223 255 251 255 112 255 219 65 255
    205 121 209 1 173 184 255 86 255 0 255 255 0 0 33 0 255 8 255 255 1
    17 255 255 255 126 255 255 47 255 227 6 120 0 253 137 7 173 245 0 85
    29 0 85 30 125 161 241 150 255 255 8 255 127 0 182 26 77 255 0 174
    66 231 132 147 152 151 0 98 255 0 110 163 0 150 123 179 255 239 121
    255 28 197 227 0 188 0 191 255 237 55 38 0 51 54 255 185 221 255 86
    0 216 65 13 86 61 203 0 218 247 114 75 255 110 255 255 175 214 107 0
    180 165 255 0 1 255 168 111 167 215 255 248 142 33 51 86 178 36 193
    0 48 58 130 207 255 0 255 174 12 228 159 139 255 216 0 0 0 16 178
    206 255 18 255 88 68 208 166 120 149 0 255 146 0 237 0 9 0 255 78
    173 191 3 255 162 194 142 0 133 141 78 149 211 194 0 5 127 0 0 43 74
    0 45 71 221 83 0 200 255 188 223 255 197 0 211 0 75 255 168 141 255
    72 246 170 55 1 73 255 236 163 21 215 0 64 0 9 240 81 127 255 255
    163 141 60 255 29 0 0 91 201 105 0 137 118 227 19 252 62 186 180 237
    0 255 213 82 0 226 226 0 217 72 255 228 67 17 104 255 0 154 170 217
    30 11 205 189 255 239 73 123 237 126 76 241 255 0 122 0 255 75 214
    104 166 0 0 112 144 75 206 0 3 0 0 151 255 255 37 0 255 206 99 91 0
    123 113 0 240 223 141 176 0 224 0 57 255 0 146 5 13 0 36 181 213 255
    255 0 255 89 104 251 255 247 0 66 91 39 42 213 226 0 255 255 217 103
    86 170 168 0 255 25 0 186 56 0 156 0 229 115 46 255 6 229 27 38 255
    95 0 124 187 152 77 227 107 255 0 0 126 255 255 99 255 208 208 0 200
    0 173 0 195 0 0 255 46 188 208 139 62 139 200 121 0 171 0 0 255 0 0
    255 234 148 255 55 0 75 117 60 255 4 36 217 55 189 14 98 16 246 255
    222 251 135 230 192 0 251 255 0 220 0 255 255 14 118 21 239 63 173
    97 255 214 115 0 244 0 172 119 178 0 4 173 255 111 173 233 57 89 140
    72 255 104 255 80 174 100 154 135 0 201 57 51 72 41 192 255 255 255
    203 123 39 77 255 196 0 255 255 15 20 226 213 105 233 97 199 97 196
    43 185 168 0 90 255 27 15 177 85 0 0 255 194 255 126 236 0 105 255 0
    70 71 153 255 0 0 0 0 255 183 255 189 5 0 255 255 104 116 230 58 88
    196 165 232 215 0 27 255 189 237 0 0 40 255 210 161 255 0 104 255
    148 255 132 0 255 104 158 32 24 26 255 200 0 89 81 101 176 0 163 0 3
    42 0 255 0 0 0 189 181 158 68 134 37 221 0 0 164 255 0 154 119 87
    255 178 64 235 6 246 23 166 199 0 101 170 0 241 230 201 213 94 6 255
    120 255 220 189 255 0 232 98 223 237 184 142 102 40 124 241 234 29
    197 64 153 0 79 190 113 0 255 0 0 255 31 0 250 232 44 0 255 255 82
    23 195 110 255 255 255 9 181 164 255 182 0 0 0 137 116 255 186 255
    216 223 0 0 83 0 0 8 0 0 255 17 255 179 170 255 245 53 212 118 0 230
    9 0 135 219 0 255 0 132 0 84 164 73 98 255 25 237 161 0 90 0 255 196
    2 80 0 63 0 0 115 176 118 255 255 255 0 0 255 0 29 0 255 36 230 255
    215 68 160 0 220 255 225 84 123 131 137 31 147 182 255 255 17 237
    159 0 74 66 154 255 0 150 229 124 255 32 157 255 230 115 180 210 205
    55 251 114 53 98 39 11 255 31 159 113 52 0 77 255 144 80 0 255 11 0
    228 255 248 158 0 255 32 100 203 0 172 82 32 116 39 109 0 0 208 132
    79 198 124 182 76 0 175 41 0 20 173 255 94 62 214 194 255 107 61 255
    255 123 255 250 200 181 0 112 179 248 255 31 255 255 89 229 247 255
    46 133 114 255 58 131 0 206 159 35 0 40 42 172 255 68 0 0 167 0 100
    75 84 0 5 255 74 107 221 0 84 224 0 162 105 231 143 0 0 175 19 122
    153 0 255 255 0 215 255 103 255 148 8 143 0 46 255 0 0 255 255 249 0
    0 0 255 190 87 0 233 251 0 5 255 215 86 0 134 0 255 255 0 203 52 200
    0 244 146 255 152 255 193 98 255 60 227 183 140 255 92 5 118 181 31
    255 255 81 148 33 153 230 154 6 2 5 245 0 0 0 181 255 223 197 67 16
    176 97 0 0 140 133 0 129 255 100 255 245 227 0 51 145 255 0 127 0 94
    47 62 243 234 206 19 141 219 87 238 0 6 255 213 163 255 130 132 41
    182 0 255 122 0 184 113 0 59 149 255 175 83 255 255 37 145 0 143 220
    0 238 145 255 237 0 27 126 228 58 0 104 255 255 242 0 225 59 142 147
    0 217 244 56 248 255 11 89 76 178 255 88 28 169 7 69 191 254 190 102
    0 45 77 172 66 250 255 255 90 0 221 0 223 0 66 190 100 246 51 255
    255 255 43 79 46 196 37 91 255 95 191 255 255 253 255 88 255 0 184 0
    156 255 197 104 255 190 158 110 197 0 0 33 0 254 216 207 122 0 59
    127 255 0 0 0 195 131 218 255 126 0 158 177 171 159 191 103 0 0 89 3
    0 102 255 255 177 155 0 79 37 65 195 255 225 255 255 255 246 217 216
    0 18 176 255 51 18 0 173 113 158 78 31 247 110 98 255 235 0 85 148 0
    255 0 212 25 236 166 252 255 215 46 94 59 152 255 13 209 255 106 103
    26 39 255 6 234 255 174 207 27 255 35 0 170 79 63 0 99 102 0 255 255
    255 216 249 255 254 0 218 166 49 122 101 167 185 242 18 255 255 0
    255 225 53 201 131 21 255 252 153 99 0 255 255 0 231 0 0 6 145 216
    85 255 208 0 255 64 0 208 0 0 255 76 135 0 6 255 91 200 0 255 255 0
    255 0 33 0 176 0 0 54 157 232 142 122 149 147 255 0 5 0 0 55 0 157
    241 42 136 28 255 250 0 117 248 69 255 86 60 62 0 187 143 0 246 0
    163 0 124 255 255 93 210 210 0 255 188 221 83 101 255 0 255 255 131
    182 127 143 255 243 0 247 90 4 10 228 255 0 255 107 255 52 0 177 197
    209 184 44 172 197 159 255 0 153 4 255 255 169 38 214 255 255 124 0
    159 115 175 0 255 255 67 108 89 0 0 0 198 199 255 255 147 135 72 0
    146 0 255 76 83 81 65 255 0 0 44 47 84 153 0 31 51 255 0 177 255 59
    236 227 0 0 102 255 255 255 172 138 133 255 33 255 184 26 242 236
    211 81 0 109 194 36 198 2 255 255 228 255 255 67 255 71 72 178 0 116
    194 113 235 0 152 230 18 191 10 124 187 133 50 0 97 255 0 171 25 99
    38 229 255 95 255 236 184 62 233 0 212 197 136 255 201 255 179 0 39
    0 187 0 83 137 0 255 0 49 59 255 253 255 163 255 183 108 0 20 31 65
    255 18 187 114 255 103 69 255 215 193 136 163 151 247 234 40 207 255
    4 98 136 65 222 158 11 211 252 152 235 0 132 0 27 156 58 0 215 255
    245 238 255 224 64 149 99 0 231 0 0 141 255 208 202 160 0 25 255 203
    78 255 94 0 71 52 0 0 181 0 124 20 255 105 0 236 128 136 245 0 125
    133 230 0 0 243 32 0 56 215 130 255 255 164 116 152 0 217 0 50 181 0
    182 124 179 0 152 53 180 34 163 255 71 134 251 0 255 122 0 145 59
    210 73 0 0 81 18 255 46 16 16 0 233 145 255 0 132 255 0 0 255 255 0
    117 103 43 235 0 255 0 0 145 136 12 255 116 28 54 185 193 152 0 255
    81 255 255 98 0 255 83 212 204 124 215 198 104 0 44 255 166 255 132
    184 255 124 173 113 76 209 119 0 84 0 128 161 81 5 2 139 0 180 0 0
    28 246 0 46 0 194 179 255 70 73 0 122 255 52 255 104 47 187 231 255
    255 84 255 113 0 219 91 179 255 167 255 9 62 0 0 255 195 0 239 150
    163 255 135 0 224 202 92 0 187 36 154 0 255 12 222 249 103 255 6 118
    150 169 57 0 255 227 0 255 232 178 3 0 255 0 27 216 0 255 255 255
    255 221 255 76 184 123 0 0 0 216 209 255 72 100 207 255 74 66 245 20
    0 0 155 0 58 194 0 0 202 255 255 255 165 45 130 95 255 246 82 0 208
    255 149 255 155 0 255 42 0 248 238 0 0 205 0 38 131 0 255 116 68 182
    198 109 5 0 64 255 129 204 195 255 207 231 116 255 255 0 121 0 31 66
    27 150 0 55 255 93 179 216 253 255 209 138 79 255 168 0 255 31 0 178
    33 186 0 255 255 13 28 157 255 0 255 233 197 196 217 255 151 125 13
    0 174 62 237 96 24 255 255 128 4 166 0 189 0 48 55 160 69 83 223 114
    128 255 0 0 243 147 0 255 104 0 169 255 30 171 151 48 154 106 35 19
    16 0 0 86 21 31 189 138 133 255 66 255 108 255 255 0 60 255 2 169 57
    165 199 255 255 0 0 0 44 205 0 61 55 255 46 171 87 147 160 255 255
    255 28 255 1 199 32 0 255 255 246 0 40 87 81 255 111 186 236 43 0 0
    143 116 255 255 3 144 239 48 81 25 0 0 18 39 141 0 182 111 212 0 0 5
    53 100 57 162 24 25 64 107 122 195 18 78 255 19 66 0 0 46 100 0 0 0
    242 6 0 29 26 17 164 0 255 136 172 81 78 155 255 0 76 255 75 172 58
    43 0 49 191 109 141 0 255 0 112 0 87 83 0 255 76 0 0 165 66 63 236
    86 0 94 0 124 91 226 255 199 0 0 76 13 195 169 152 2 179 4 2 242 154
    113 0 165 204 0 193 224 0 39 255 238 226 92 0 118 0 145 56 172 138
    143 3 17 136 172 0 46 79 157 255 234 40 189 31 0 0 43 30 38 197 207
    139 75 0 0 255 65 255 0 255 232 80 47 147 74 129 121 255 10 175 77
    81 151 37 0 120 0 255 222 255 255 255 129 0 255 225 0 42 255 85 186
    11 0 111 107 10 183 255 17 252 156 210 111 255 255 255 27 53 255 0
    255 255 105 193 2 31 255 67 33 247 0 255 0 247 152 0 255 0 0 50 117
    158 44 147 255 107 0 70 26 0 218 249 0 0 255 0 0 255 253 27 148 197
    206 0 255 82 140 0 255 0 105 213 0 51 244 219 203 157 114 81 0 225
    52 0 80 173 18 163 0 255 163 125 166 212 113 198 154 68 33 150 255
    255 127 255 121 0 76 232 101 80 0 101 114 216 58 15 69 206 17 168
    255 47 255 0 107 43 0</data></my_img>
<your_img type_id="opencv-matrix">
  <rows>128</rows>
  <cols>256</cols>
  <dt>"3u"</dt>
  <data>
    128 225 161 0 99 242 229 241 211 204 240 119 47 154 75 227 255 255
    255 14 253 90 255 0 255 255 0 189 0 220 224 255 0 0 73 239 123 255
    230 133 255 181 231 144 0 211 61 0 19 83 255 0 165 255 162 255 255
    157 255 33 5 106 0 190 0 0 255 255 170 0 0 106 0 255 146 248 0 0 138
    22 0 56 118 111 235 197 0 14 10 0 156 0 0 255 255 0 141 0 70 174 34
    0 11 0 247 65 221 116 15 0 255 23 45 208 190 206 216 46 15 122 0 211
    248 239 255 0 0 255 95 92 0 255 163 222 255 255 119 255 255 255 42 0
    236 102 189 255 0 70 255 0 178 0 251 226 18 255 128 119 135 156 12
    238 137 0 125 255 230 255 205 255 0 110 0 0 111 249 255 120 255 82
    217 0 255 0 168 0 31 238 213 0 255 255 0 221 194 0 9 255 0 0 255 180
    45 0 120 0 145 255 147 136 216 255 226 0 109 158 233 0 255 58 20 22
    255 51 14 187 67 0 0 144 121 229 68 0 0 49 222 76 200 243 255 144
    194 48 233 0 255 125 119 255 138 161 0 79 255 10 57 50 234 0 0 0 0
    154 196 1 183 186 255 255 169 118 69 246 0 0 46 0 68 232 205 52 174
    65 0 88 255 255 67 35 214 187 255 74 183 255 53 110 0 255 163 255 67
    131 255 243 255 172 17 0 0 255 6 255 255 255 2 22 34 0 251 255 71 53
    152 71 0 228 0 255 35 0 42 131 212 255 1 184 202 153 105 249 180 62
    102 90 255 70 0 149 121 255 182 255 255 62 0 126 255 98 255 0 59 197
    93 0 0 255 194 0 87 255 156 255 120 193 222 86 94 0 35 151 60 172
    210 202 0 8 120 255 182 118 125 0 47 229 200 255 89 38 113 70 255 76
    187 120 42 143 4 0 255 0 0 117 0 241 0 208 25 0 110 125 0 0 117 0
    176 161 124 30 197 58 36 149 91 0 5 253 255 171 88 226 36 95 255 0
    255 255 156 185 255 0 0 255 194 7 255 241 65 255 72 61 183 31 130
    255 120 255 0 0 129 0 0 177 172 0 0 88 79 0 113 0 0 243 0 39 155 0
    100 255 222 255 255 236 255 255 51 255 255 223 0 0 255 0 0 165 0 244
    255 193 0 230 233 19 84 67 255 106 112 137 254 49 183 0 9 162 57 159
    0 117 0 170 0 255 127 255 107 42 250 157 0 0 182 129 0 0 255 105 26
    82 255 253 124 123 157 255 104 82 255 255 178 184 155 26 0 49 40 250
    0 101 56 106 77 255 173 255 170 255 255 141 8 255 111 204 255 159 0
    128 58 26 0 171 0 255 141 0 255 156 0 255 53 93 0 227 0 153 162 179
    101 83 0 255 14 0 121 255 194 146 104 42 154 25 255 0 203 255 238
    186 49 254 95 213 126 0 43 255 83 0 186 255 255 58 157 0 252 112 0
    171 255 192 249 119 0 255 0 249 175 25 255 255 255 255 0 240 175 89
    0 99 104 88 0 132 0 188 52 252 3 91 73 58 167 255 228 255 0 182 20
    18 70 53 214 255 255 0 0 128 49 0 224 255 0 0 0 34 0 145 86 0 93 155
    33 133 66 135 26 255 45 0 47 255 95 255 148 115 155 192 0 255 45 28
    84 0 0 194 239 0 255 163 121 111 0 0 137 228 196 248 178 168 214 255
    255 255 13 95 222 163 2 0 229 255 0 10 3 255 255 9 0 208 68 24 0 0 0
    113 201 37 122 0 94 0 77 0 255 224 0 207 255 148 61 27 119 17 255
    124 11 0 90 167 0 173 0 43 146 141 255 194 31 163 0 255 0 47 154 255
    222 125 174 210 0 119 150 0 0 0 250 124 77 118 0 142 0 25 130 212
    130 0 62 30 81 70 16 0 109 255 212 39 135 253 255 91 223 59 139 255
    254 255 255 51 139 42 188 0 179 237 255 247 186 0 16 129 0 94 184
    157 189 146 73 186 182 0 126 255 255 158 102 255 0 10 121 255 255
    255 255 7 239 229 2 42 150 249 36 52 0 200 117 255 106 118 78 112
    201 233 0 255 255 243 241 24 118 59 27 255 45 0 201 255 0 36 17 181
    0 97 253 0 52 80 251 255 171 135 255 151 0 22 255 84 0 142 0 0 255
    255 85 175 85 248 27 0 86 62 0 6 112 118 218 255 40 62 142 147 115 0
    234 3 255 106 86 43 212 127 225 144 255 19 232 189 105 0 28 0 165 0
    212 255 132 130 0 255 170 152 87 0 255 0 0 255 255 0 252 255 154 89
    126 243 255 140 0 66 0 113 0 0 255 106 255 0 0 255 25 73 204 203 204
    0 255 14 200 0 153 182 21 28 182 214 75 255 67 135 255 65 164 134
    236 255 125 54 255 255 71 225 129 7 35 127 119 0 20 69 0 176 84 221
    83 255 255 255 121 0 28 150 133 0 0 26 162 173 255 255 65 131 126 23
    133 95 0 129 215 255 138 172 73 255 181 46 181 162 130 187 248 183 6
    13 153 0 255 19 0 106 170 0 255 225 24 208 38 0 0 198 255 0 46 255
    39 94 101 115 0 205 7 255 130 0 163 99 203 115 140 98 246 253 255 0
    255 196 114 0 231 215 247 215 160 196 213 114 0 10 255 131 0 243 204
    40 150 85 255 222 255 255 255 255 0 0 255 0 85 217 106 12 255 0 57 0
    240 83 0 255 132 175 255 255 251 41 255 255 107 114 167 254 39 211
    109 154 45 0 228 199 0 0 70 240 0 38 0 20 255 251 0 234 0 196 0 88
    255 166 65 255 157 0 212 0 255 24 255 0 255 46 197 193 144 0 0 255
    119 0 132 255 127 48 255 255 255 123 0 12 0 82 0 40 255 0 182 255 0
    255 0 167 248 164 139 38 196 66 0 109 0 32 50 185 255 255 182 2 255
    0 0 0 252 63 0 244 0 255 233 0 59 4 40 0 10 255 6 208 180 0 232 158
    178 0 255 81 0 32 175 59 203 248 249 49 22 100 173 243 0 90 0 0 0 67
    255 255 114 255 255 0 221 103 71 255 255 255 135 129 20 102 164 255
    47 0 123 136 255 101 193 255 125 182 159 0 255 82 127 0 129 211 234
    162 147 255 130 31 77 167 24 0 157 108 68 255 0 217 207 45 255 3 85
    0 184 43 0 255 206 255 0 255 242 189 59 189 117 0 48 255 178 225 192
    12 255 255 255 221 236 56 0 200 122 82 180 43 107 127 255 255 0 179
    230 3 254 104 142 169 0 15 181 196 121 61 0 255 0 0 255 0 161 72 0
    164 115 0 44 204 130 111 30 0 62 190 255 255 118 255 203 162 87 11
    255 121 121 0 0 8 59 58 41 0 51 14 0 255 0 71 0 205 214 0 123 255
    154 194 84 81 133 0 220 0 0 255 147 0 255 0 60 99 135 97 0 244 62 0
    74 114 255 206 157 0 205 199 146 167 134 0 145 200 219 53 0 69 0 223
    208 255 0 181 232 255 79 41 197 144 77 201 178 237 0 255 4 123 0 175
    215 0 0 182 255 0 153 9 56 148 0 21 146 255 0 79 0 255 0 255 0 92
    255 188 170 248 255 106 0 29 0 147 150 0 255 97 0 193 69 192 109 0
    255 54 188 58 255 255 175 0 0 0 0 255 40 0 118 0 129 255 80 0 255 85
    0 115 65 228 255 255 255 0 44 255 0 255 87 167 2 232 0 107 189 255
    255 121 191 0 255 74 26 156 40 0 43 198 0 0 127 100 179 229 255 0 17
    88 51 0 251 255 0 28 115 139 0 131 0 236 42 58 0 0 0 142 59 33 165
    255 35 69 0 117 137 0 125 255 0 0 255 168 0 63 211 0 159 0 255 210
    255 134 135 190 235 0 0 130 0 0 220 147 126 21 245 0 255 115 246 232
    67 65 5 96 0 12 15 52 230 0 39 150 92 0 204 0 253 219 254 0 155 192
    84 255 235 167 255 97 255 72 255 255 253 74 255 233 255 159 0 50 255
    255 12 0 255 118 100 0 138 255 48 0 226 255 50 255 255 225 219 71
    230 85 0 69 118 77 255 17 185 197 0 255 255 51 91 70 22 204 185 255
    222 215 255 91 166 255 0 22 216 0 0 148 88 252 123 22 144 255 0 255
    54 0 85 208 255 0 218 159 252 255 177 0 16 255 45 48 124 149 177 233
    0 158 52 0 0 154 235 191 81 242 239 241 230 76 163 249 214 239 0 24
    223 68 170 57 0 105 0 56 159 255 148 0 0 0 38 151 0 0 93 58 0 206
    231 140 52 216 0 0 0 170 0 74 34 0 77 245 0 19 38 89 255 179 69 0 70
    255 171 219 0 106 3 95 194 23 216 0 141 113 134 218 255 0 0 128 123
    4 22 184 8 203 0 0 242 45 10 255 22 255 0 49 167 180 171 255 136 26
    0 198 0 194 246 32 140 239 255 145 156 42 0 103 255 29 0 157 22 0 0
    215 215 60 49 110 47 82 146 0 208 108 119 232 60 199 0 90 255 126 0
    255 27 154 187 61 6 237 0 255 189 182 225 224 108 125 107 0 163 255
    141 193 255 191 189 0 0 17 255 172 35 255 245 226 255 15 199 0 201
    255 255 20 0 231 153 99 192 183 140 116 255 0 0 174 26 32 0 0 90 2
    123 255 244 0 187 19 255 183 6 92 255 109 219 191 0 70 23 255 255
    255 255 255 255 255 255 19 221 15 0 177 57 0 105 0 255 255 0 125 255
    97 0 39 0 0 15 0 255 255 0 118 255 208 105 237 54 159 215 161 0 245
    254 200 0 255 61 38 255 182 80 10 117 66 255 0 254 0 29 170 120 0 0
    111 255 0 8 0 105 192 101 255 106 81 84 145 208 139 36 114 139 0 250
    255 24 0 255 255 59 0 85 244 121 0 0 0 173 67 255 161 0 161 148 0
    255 0 255 255 252 255 2 28 105 159 8 125 255 255 255 252 255 207 215
    35 217 0 0 157 3 255 136 0 255 180 0 255 35 23 0 194 159 145 36 142
    83 0 5 202 13 1 126 243 0 255 191 255 70 255 0 0 233 147 255 0 250
    163 101 255 25 55 180 0 255 255 111 154 202 229 0 71 146 0 235 190
    115 255 240 240 214 187 0 19 42 175 255 255 255 246 186 0 156 61 198
    255 255 204 255 4 68 37 255 255 114 13 255 242 255 0 172 0 0 206 67
    244 186 189 0 144 255 45 0 255 0 0 45 126 161 8 180 255 237 50 168
    243 255 252 255 156 217 47 0 235 184 51 0 255 13 141 114 89 183 112
    55 255 255 255 131 255 255 140 61 0 138 193 247 206 107 255 0 39 255
    255 152 0 0 57 228 0 123 255 171 255 20 174 0 171 255 220 255 38 255
    255 63 110 0 255 255 208 57 145 96 155 216 89 255 196 26 255 255 236
    255 0 213 144 130 0 23 21 255 101 0 255 0 171 8 181 0 173 0 84 255 0
    255 155 61 255 255 0 228 194 51 55 97 217 184 156 174 255 255 39 0
    255 16 173 152 236 0 11 255 92 255 225 241 226 0 20 0 53 255 0 0 150
    185 0 39 72 150 94 71 10 43 0 127 72 118 0 0 0 102 255 0 62 255 239
    97 173 0 255 255 31 61 182 21 172 100 117 209 255 150 255 0 218 255
    0 204 16 186 60 0 255 125 228 255 195 255 239 77 109 92 0 173 156
    130 0 137 49 16 81 0 15 47 45 0 255 133 0 184 255 255 245 0 249 63
    123 255 188 27 0 53 206 138 0 40 255 0 186 255 0 0 0 253 68 66 70
    166 45 255 218 238 72 45 140 255 0 55 160 137 255 0 102 150 243 83
    255 46 243 0 255 223 255 0 172 194 134 55 5 81 0 123 0 0 133 0 255
    127 156 255 255 233 6 255 224 123 68 219 255 255 15 0 255 255 103
    145 0 34 55 48 0 168 255 46 192 224 134 1 0 0 158 118 182 255 255 60
    0 255 255 0 184 255 67 106 255 0 75 220 255 207 66 84 30 83 29 72 0
    0 0 31 208 255 217 134 39 50 39 195 255 152 191 192 65 255 127 255 0
    0 0 132 0 255 255 23 41 240 48 0 0 255 19 157 255 255 0 0 129 89 0
    255 73 63 187 23 141 255 255 35 196 54 47 0 33 54 206 36 0 0 255 6
    255 236 19 38 245 187 42 255 159 0 255 255 164 58 0 255 9 255 133
    115 255 0 186 255 0 255 54 57 146 255 217 87 255 0 0 0 151 3 221 193
    129 255 34 131 86 0 1 255 76 30 7 107 255 0 179 68 255 0 219 0 18
    157 17 28 89 88 249 204 18 136 138 152 94 170 246 255 185 255 0 255
    0 255 149 66 194 94 255 132 0 0 255 43 119 204 255 197 182 255 224
    41 0 253 62 255 255 255 128 200 255 0 0 255 255 227 154 113 16 217 0
    111 0 0 226 122 255 253 255 255 97 47 235 0 86 153 0 4 123 255 255
    115 255 132 125 227 0 26 255 66 255 238 49 255 0 91 3 150 255 41 0
    109 255 137 0 255 2 135 255 128 58 0 106 193 102 0 121 10 92 160 0
    188 255 21 163 137 118 42 113 2 246 64 66 60 255 255 26 156 79 93
    255 255 67 97 164 82 196 0 49 117 153 50 227 0 255 25 0 0 255 60 190
    140 166 77 24 147 241 255 0 0 51 243 137 8 0 255 255 0 213 23 255 0
    31 91 152 0 190 255 155 47 0 0 0 210 144 255 195 177 255 141 193 0
    255 233 233 204 9 0 140 205 255 124 255 236 204 141 67 90 190 135 0
    207 172 209 5 255 0 0 31 194 189 11 243 139 199 0 0 208 115 255 0
    234 255 170 239 0 244 47 80 0 109 0 161 255 67 93 32 207 112 221 93
    97 255 88 48 238 139 255 0 103 13 255 255 217 8 249 169 56 137 120
    219 69 255 160 22 0 111 0 144 255 175 128 254 56 134 255 142 37 255
    188 200 199 255 255 5 0 82 101 21 0 0 200 0 255 226 0 34 235 255 229
    86 70 86 161 36 40 255 20 246 14 31 181 250 3 78 80 175 105 0 254
    255 15 0 194 193 0 62 254 255 228 212 255 0 0 255 255 0 110 255 255
    166 89 0 172 255 0 0 176 222 0 0 178 255 0 88 255 206 207 255 119 12
    0 176 83 125 20 0 236 8 204 155 14 16 52 89 9 241 209 255 10 40 46
    185 92 113 114 0 146 0 203 73 0 255 186 98 38 23 255 244 252 255 255
    66 207 240 198 33 213 152 0 0 74 0 255 0 181 44 186 74 0 137 170 161
    190 240 41 201 68 23 59 223 150 255 217 255 154 210 255 255 224 124
    89 0 141 0 216 4 107 174 0 98 129 199 122 255 15 40 0 44 0 66 161 60
    23 255 58 101 38 0 116 234 0 62 115 140 113 255 255 74 238 0 255 164
    0 0 126 255 114 173 255 113 172 100 221 0 255 0 208 0 255 223 210
    186 240 244 37 27 28 67 33 110 8 113 96 4 187 167 109 20 115 255 49
    0 0 255 172 204 205 11 10 255 255 177 0 79 0 0 36 144 94 0 27 182 0
    79 255 158 100 255 22 0 52 0 43 0 187 133 0 124 255 217 0 99 28 0 0
    255 249 243 0 29 49 0 74 255 0 60 163 255 73 0 189 76 139 105 73 225
    183 76 246 255 64 136 255 148 38 206 19 95 190 192 117 0 171 0 94
    255 152 255 98 0 235 122 15 211 0 228 0 59 53 151 0 0 148 255 0 116
    243 0 53 255 255 0 104 110 50 218 255 177 255 194 255 221 234 142
    255 203 206 112 255 0 242 159 255 34 173 255 0 217 153 0 249 117 255
    254 0 61 109 255 211 0 196 0 255 72 3 135 0 247 240 0 49 7 201 0 128
    255 60 255 141 255 97 226 4 3 255 174 153 255 153 204 187 177 255 27
    201 0 119 22 107 61 122 255 0 99 0 82 221 223 0 255 0 25 86 0 246
    222 0 136 0 171 255 158 49 94 180 51 79 255 0 255 165 171 0 55 89 97
    9 255 0 206 96 255 148 105 249 15 162 160 73 30 79 0 0 125 121 172
    116 255 68 255 202 255 0 126 74 111 0 31 255 88 255 255 255 137 255
    255 255 255 255 0 255 166 24 255 0 134 224 0 0 0 59 37 120 219 0 85
    8 143 255 255 245 93 255 152 202 238 255 255 0 0 77 255 199 0 255
    192 0 230 234 255 0 0 255 179 203 232 242 242 255 4 219 162 0 2 28
    59 255 0 255 255 34 241 0 168 255 0 116 0 34 209 224 255 166 255 154
    179 255 85 246 255 255 255 88 152 0 255 112 0 237 0 241 255 242 176
    135 0 74 0 33 0 0 0 168 0 232 0 255 255 131 0 133 255 0 0 20 255 255
    0 196 229 143 0 68 198 254 52 104 67 0 63 79 63 255 126 114 133 255
    29 0 183 171 0 144 255 1 255 140 183 0 0 54 206 255 197 255 243 205
    145 116 219 0 30 255 180 90 78 40 190 0 86 63 255 255 20 96 255 0 0
    115 98 111 174 255 38 0 255 255 110 106 255 0 255 142 0 63 0 234 17
    0 211 255 108 255 255 255 199 130 69 196 42 83 0 0 0 28 23 174 0 58
    0 74 0 0 219 57 255 0 152 168 249 27 12 38 179 0 199 92 191 79 255 9
    173 0 0 180 0 196 75 149 50 237 0 0 255 255 87 105 48 255 255 255
    222 56 250 255 84 255 170 0 0 1 255 102 251 0 207 129 255 1 1 135
    115 60 253 59 207 197 255 7 162 85 255 255 255 11 255 0 255 255 85
    83 89 255 0 0 255 169 0 186 0 255 121 255 31 129 12 255 85 0 124 255
    108 140 52 217 77 0 46 0 87 0 141 206 0 231 25 255 0 168 49 0 0 89 0
    255 0 147 34 255 255 240 255 55 238 53 255 255 0 255 0 255 34 255
    153 33 126 216 229 20 169 12 181 103 26 11 0 222 255 0 0 237 203 192
    38 255 255 0 97 47 30 213 255 109 0 125 255 117 0 255 255 0 159 255
    255 104 239 65 192 61 0 255 255 174 255 1 18 26 255 255 255 220 244
    216 110 136 164 171 255 0 37 111 255 148 37 215 0 214 255 63 166 139
    209 0 187 255 255 61 0 27 0 174 78 199 255 255 0 100 0 234 48 255 0
    229 140 21 131 92 255 66 62 0 255 0 115 75 36 255 0 192 255 255 0
    246 248 154 160 0 0 252 0 144 224 0 255 255 208 0 35 74 16 0 255 116
    0 115 43 206 209 83 255 35 104 255 187 6 151 146 225 190 151 176 184
    200 255 195 255 183 58 0 0 204 96 100 0 164 128 255 0 108 157 0 20
    255 74 163 22 147 255 88 0 0 96 0 0 105 85 223 173 180 218 255 194
    255 133 80 255 130 171 82 56 19 52 255 0 235 46 56 255 125 0 255 0
    40 255 255 0 151 0 0 245 66 0 182 133 0 0 220 44 211 150 214 255 255
    0 0 127 163 0 222 0 125 165 206 147 153 0 221 101 36 69 0 152 130
    131 34 117 248 0 255 0 234 255 255 37 76 0 108 224 150 113 167 1 0
    202 111 255 171 111 0 255 228 0 84 255 136 22 254 239 0 0 98 156 0 0
    220 8 151 255 148 255 178 108 226 78 23 72 255 206 19 0 222 255 75 0
    255 182 227 255 0 112 83 140 94 108 240 0 95 255 4 164 255 255 255
    62 255 255 255 255 70 255 37 255 173 251 235 157 139 255 205 0 59
    169 31 103 175 226 45 255 76 182 0 255 255 36 19 168 102 58 51 178
    88 255 225 54 0 231 78 95 160 76 8 255 230 236 29 66 189 216 150 216
    0 43 255 123 0 255 210 167 0 25 135 103 0 42 255 82 0 154 54 42 103
    22 255 111 254 139 255 0 0 255 125 121 81 104 108 0 128 0 138 255 49
    255 175 43 130 144 39 189 109 116 33 0 126 0 255 255 180 255 191 212
    56 251 0 6 251 255 12 115 191 0 0 255 0 106 0 252 255 5 255 0 255
    255 90 159 0 75 162 114 155 27 1 85 159 11 23 0 122 88 0 97 0 188 80
    62 3 94 0 15 188 55 252 20 0 255 176 219 255 0 57 242 0 119 98 255
    35 151 189 152 209 0 255 192 84 29 25 189 207 188 255 196 0 0 0 40
    207 124 170 23 151 20 255 105 255 255 0 110 20 255 37 85 177 80 255
    168 255 137 118 14 38 240 0 210 33 255 93 119 255 0 255 0 40 214 121
    0 6 234 141 120 118 255 211 93 255 46 118 255 0 52 74 255 120 216
    117 40 238 85 217 255 14 0 117 229 226 255 0 173 0 255 0 31 230 47 0
    0 0 58 255 0 255 25 183 198 150 255 102 222 204 255 201 202 247 117
    22 223 76 0 84 255 51 171 26 6 240 60 132 46 33 255 99 0 0 255 0 80
    44 255 224 145 200 25 36 232 255 86 11 255 184 97 255 255 255 0 89
    128 185 212 255 0 46 13 157 218 0 156 14 0 217 158 0 37 65 159 0 45
    255 0 81 245 147 29 123 255 0 255 23 0 5 255 196 103 255 0 0 255 29
    168 70 255 177 78 214 194 39 253 0 255 241 252 32 239 104 149 162
    137 255 255 255 13 96 182 202 155 238 0 156 167 230 0 15 241 44 120
    113 255 255 225 156 244 132 255 36 255 0 223 39 7 185 233 172 0 63
    247 255 173 255 0 0 0 0 164 73 198 0 255 228 236 255 0 247 118 0 0
    255 0 221 150 255 29 8 250 36 235 132 21 206 0 0 160 0 0 255 255 234
    255 240 255 126 49 255 206 153 255 100 0 255 255 111 217 255 50 255
    137 255 255 22 87 255 0 79 0 255 108 122 253 177 255 104 126 255 117
    255 203 138 9 43 255 111 255 255 255 90 58 255 0 13 127 135 44 250
    255 62 0 64 0 7 197 255 147 255 255 0 114 251 124 255 16 246 0 255
    229 0 59 232 210 205 142 222 255 196 255 200 148 255 166 243 214 0
    83 102 0 35 44 180 255 255 143 166 0 255 141 0 97 71 255 137 252 57
    255 10 71 0 0 61 255 255 228 32 255 67 0 181 41 255 0 139 255 218
    107 151 255 4 79 45 255 241 234 241 251 29 0 38 151 195 207 226 91
    48 255 247 94 28 145 111 20 200 188 191 85 212 0 173 255 245 255 222
    0 0 17 255 154 0 255 0 29 0 255 198 210 46 255 255 19 119 255 255 14
    23 255 50 62 0 172 0 37 0 0 167 254 70 255 0 89 3 212 0 0 0 0 0 147
    136 116 0 0 87 42 255 0 122 0 109 80 0 255 212 168 63 255 185 0 0 0
    255 199 232 238 137 51 255 178 140 66 99 56 56 27 20 0 0 0 255 255
    139 224 255 243 57 0 101 47 165 0 142 255 198 174 255 255 255 240
    252 37 243 128 201 255 16 196 0 255 0 242 255 0 14 255 0 255 255 255
    167 0 176 212 61 0 96 194 30 0 188 255 0 0 0 24 87 69 191 0 255 255
    0 136 165 140 255 169 115 153 36 220 12 33 107 90 196 46 175 228 255
    90 237 0 234 39 255 86 64 207 189 109 30 78 190 255 255 140 255 255
    112 148 197 0 255 200 0 55 232 211 117 156 0 166 80 0 241 243 117
    255 82 53 255 188 223 135 236 81 153 137 116 120 98 23 28 0 237 128
    82 239 220 151 242 63 114 237 54 255 0 0 134 222 0 255 23 255 18 0 0
    158 138 255 0 0 84 0 0 0 255 0 255 242 217 198 2 255 87 0 255 208 45
    255 255 0 90 217 12 11 182 85 73 244 44 174 255 107 221 0 255 0 0
    208 216 255 112 173 33 48 101 44 67 0 0 0 16 243 200 255 183 171 9
    222 182 157 18 0 255 255 0 184 255 171 97 225 0 55 21 221 0 199 139
    0 0 10 147 255 109 124 255 255 103 101 43 0 0 54 255 160 51 169 81
    182 129 0 255 0 56 248 188 239 137 0 90 255 0 134 246 255 255 208 0
    144 168 91 255 81 2 131 11 24 0 0 255 146 96 251 85 255 63 116 90
    223 51 173 0 255 255 255 123 163 199 255 124 0 255 36 0 196 255 247
    90 135 0 120 0 0 0 255 90 190 39 234 1 61 163 47 51 242 243 94 255
    116 64 38 47 255 255 55 112 87 18 255 127 196 255 0 3 23 255 255 193
    242 0 95 255 170 255 139 158 240 9 29 56 144 243 80 1 96 120 0 154
    69 116 207 67 85 13 255 42 1 242 252 149 125 255 255 217 0 163 54
    255 255 0 255 255 0 177 178 196 0 207 0 92 175 140 0 0 80 255 255 0
    109 0 86 249 152 255 59 60 186 27 63 0 255 38 0 69 164 27 114 220 0
    87 174 175 0 255 165 42 92 255 0 244 255 0 0 96 179 0 222 255 0 203
    255 215 202 255 29 248 255 224 194 0 221 55 0 181 255 255 255 0 235
    188 255 131 236 0 52 53 228 39 0 255 181 118 0 148 135 170 33 187 0
    113 0 0 132 215 154 0 255 0 2 0 38 255 166 104 85 21 19 102 70 115
    165 0 0 0 0 0 173 0 66 171 100 124 255 0 49 0 101 163 244 130 234 0
    18 150 66 151 0 255 171 152 37 208 255 195 255 129 11 0 15 79 255
    255 0 183 255 49 0 0 136 240 0 218 253 207 167 66 47 235 255 59 208
    255 207 47 0 0 24 187 0 88 63 0 120 0 0 126 215 0 161 125 255 241 14
    255 255 0 22 203 255 172 1 255 246 0 115 255 93 44 39 194 171 55 255
    203 70 85 0 97 98 0 229 44 0 157 0 0 204 0 93 37 255 255 0 255 241 0
    169 138 196 234 28 212 236 50 28 57 25 6 0 225 0 80 53 76 195 8 215
    181 0 29 255 53 234 162 255 255 0 142 200 188 7 54 159 218 74 26 27
    0 255 0 44 36 201 165 128 255 22 255 255 52 52 194 37 0 247 69 0 171
    255 0 0 255 0 137 191 176 28 255 0 189 23 0 255 152 0 109 255 0 0
    189 62 0 10 235 135 0 62 207 62 195 91 255 0 162 42 223 0 196 91 63
    255 185 232 112 202 0 255 176 148 207 177 201 22 165 255 7 255 236
    63 100 255 77 82 140 255 62 142 95 198 161 196 98 160 0 141 157 0
    238 73 41 102 247 48 160 51 24 127 0 11 0 57 46 93 255 0 46 0 138 0
    107 13 0 66 101 56 231 0 115 162 204 255 131 9 255 54 77 104 73 0
    140 132 105 195 42 20 113 0 35 204 181 0 255 75 0 0 28 237 54 44 255
    0 0 190 0 255 251 195 253 157 255 71 0 255 186 0 61 233 196 255 15 0
    241 166 0 148 249 255 122 162 110 0 217 0 255 0 79 112 199 255 173
    13 255 255 0 0 29 0 42 0 186 0 255 118 255 30 207 0 154 255 190 208
    102 0 255 191 123 6 160 235 255 220 254 255 178 80 198 200 23 255 0
    0 41 126 0 162 229 33 11 132 84 79 255 0 0 0 133 160 255 249 140 11
    36 133 12 218 255 230 189 82 255 94 231 132 255 208 255 15 214 0 255
    22 255 255 235 43 253 0 149 156 81 0 0 255 208 123 89 255 198 0 0 0
    188 215 255 181 19 112 39 0 110 137 0 62 4 255 0 255 169 186 226 18
    0 95 11 232 255 90 205 93 180 0 235 255 145 0 254 249 175 14 254 0 0
    255 229 0 83 0 131 68 207 0 0 110 252 255 248 70 255 147 255 181 0
    80 5 0 90 81 255 255 194 97 255 71 0 0 135 170 70 202 16 0 255 240
    197 173 81 246 0 204 95 255 129 235 174 224 25 193 255 255 240 97 72
    185 0 125 123 65 79 255 249 172 107 255 247 255 71 255 21 152 185 0
    234 109 18 0 0 151 223 37 0 255 134 0 172 228 216 224 114 0 52 187
    175 255 130 255 33 67 156 73 0 0 172 0 128 195 255 101 55 72 104 183
    71 96 61 0 25 53 22 184 155 255 46 255 33 185 9 180 0 255 0 255 0
    255 255 23 0 93 64 220 160 33 255 255 226 0 128 255 255 80 255 154
    24 119 0 113 255 0 255 0 0 189 212 0 0 0 57 192 0 0 204 255 17 183
    255 225 185 67 255 0 26 55 0 125 0 47 0 28 146 0 255 43 34 255 202
    255 20 0 52 0 144 49 0 251 0 255 218 64 130 1 0 255 77 16 0 0 156 94
    79 40 147 24 169 0 255 38 81 173 153 255 163 15 239 104 36 23 255 0
    0 0 255 123 255 0 0 255 0 237 207 177 171 7 133 199 141 249 255 255
    17 255 241 151 14 255 0 196 255 90 203 69 146 0 197 90 228 255 172
    109 0 44 128 255 182 114 128 227 95 0 17 0 150 148 255 167 192 255
    255 243 255 71 255 218 155 255 0 255 255 83 255 17 134 38 0 32 0 0 0
    190 52 233 34 0 139 0 0 149 0 214 133 255 255 213 24 50 0 45 255 200
    217 200 0 173 94 214 255 235 21 39 0 0 180 124 135 217 0 16 0 145
    159 33 255 78 0 0 193 194 150 255 209 240 185 0 224 0 197 0 255 234
    167 35 20 205 73 255 0 221 69 219 31 0 30 0 247 52 0 179 255 0 63
    150 152 1 255 193 0 74 206 47 53 215 255 177 0 10 162 255 0 77 54
    242 0 49 17 251 0 188 89 0 228 255 36 0 143 0 202 194 226 220 51 247
    108 230 123 236 57 8 0 65 164 97 121 79 102 255 0 228 0 255 255 179
    255 255 159 20 255 217 185 255 137 255 50 255 255 24 109 169 48 52
    195 23 255 173 118 32 58 20 196 61 43 162 117 0 127 255 62 15 242
    248 19 212 222 137 0 1 220 0 13 175 83 0 255 0 0 154 42 0 44 0 127
    45 165 188 70 182 77 75 0 170 52 184 255 255 162 255 250 156 251 0
    108 46 0 190 255 255 220 255 52 72 76 138 255 204 85 242 240 69 70
    207 40 201 91 255 255 93 55 109 49 0 0 0 255 13 243 203 0 206 139
    104 0 255 0 110 157 132 0 0 136 255 0 0 16 124 5 202 0 0 255 63 106
    0 190 0 205 200 255 147 160 255 62 255 239 0 0 180 247 189 180 228
    155 233 255 68 114 77 0 0 74 47 128 128 0 255 166 66 0 43 121 61 12
    255 134 173 29 255 81 0 0 105 2 0 255 53 0 29 136 255 139 127 213 90
    109 71 53 48 206 97 76 0 234 255 135 0 0 70 46 197 255 195 0 0 206
    135 245 0 255 152 131 255 124 182 193 178 178 103 255 0 177 144 51
    25 43 139 121 0 0 0 211 132 0 59 51 53 58 0 199 218 93 255 25 0 31 0
    255 28 20 131 188 244 241 255 140 2 185 255 207 77 255 97 109 255 36
    57 33 0 47 0 0 149 243 67 0 72 0 176 231 186 162 176 255 70 151 0
    255 17 0 186 54 255 64 255 0 40 121 0 0 156 132 0 186 0 162 77 225
    139 0 140 95 16 167 0 177 130 247 107 130 53 14 113 141 255 11 193
    34 213 0 123 0 0 255 89 157 0 101 255 182 244 234 110 255 191 5 215
    246 20 0 197 85 226 24 0 68 255 134 255 108 140 142 47 207 123 0 134
    0 217 215 255 0 0 0 145 162 73 107 0 0 58 255 0 63 125 223 104 161 0
    222 0 0 0 194 219 0 12 140 21 255 53 0 126 137 101 61 102 139 0 0
    255 131 12 126 2 219 255 4 66 144 212 65 236 255 0 7 207 0 139 0 0
    155 182 12 10 188 235 171 0 255 142 228 198 168 72 0 164 18 255 177
    0 255 0 165 29 8 4 255 4 254 0 0 80 39 205 0 0 255 0 200 0 0 98 39
    204 41 16 176 255 0 116 255 103 4 153 190 62 159 60 58 0 0 70 102
    226 193 209 255 13 123 245 255 249 72 255 244 204 45 7 162 255 61 0
    255 12 236 51 118 104 20 231 255 240 71 255 255 0 145 74 65 63 180
    104 255 83 56 255 255 255 0 5 0 255 196 255 0 41 24 158 104 120 68
    127 141 239 255 58 7 202 255 255 255 255 255 117 127 161 255 0 239
    170 237 240 1 0 236 196 0 219 74 154 83 115 255 160 255 0 241 255
    239 107 0 227 136 255 207 62 132 228 209 194 255 204 244 255 182 80
    0 196 0 248 211 0 255 0 145 255 247 39 255 247 138 93 103 40 11 206
    86 26 25 0 0 243 188 30 141 20 128 0 255 255 0 205 216 172 113 0 10
    117 185 235 164 16 116 252 0 15 0 255 146 18 255 53 255 219 255 0
    154 30 155 32 98 0 152 185 169 255 249 0 255 255 165 168 0 174 245 4
    131 48 0 0 93 33 192 231 179 165 49 0 202 65 64 255 255 12 0 255 0
    228 0 195 184 255 155 177 51 204 218 74 47 176 153 180 208 223 208
    101 215 125 217 206 134 0 255 0 0 214 0 0 0 135 215 156 211 0 205 20
    135 178 187 17 0 195 187 0 0 112 255 4 0 79 109 255 253 87 255 17
    121 63 0 27 206 174 0 52 255 145 167 41 255 170 0 255 44 180 209 0
    211 149 255 115 48 123 10 226 175 0 0 0 255 85 36 166 0 219 246 94
    17 207 0 0 255 207 69 255 116 255 3 255 67 40 214 168 0 19 30 104 37
    78 80 95 0 255 255 17 255 83 227 202 243 242 14 213 149 255 255 42
    250 255 0 4 161 15 230 0 230 239 156 0 0 0 214 134 226 125 255 67
    121 255 136 255 0 187 255 142 0 234 6 199 255 182 255 69 0 255 20 0
    156 0 0 0 227 206 93 96 213 84 151 142 34 153 0 19 107 164 0 0 203 3
    0 38 240 102 81 28 145 29 119 47 255 204 44 0 0 189 46 146 160 88
    164 255 173 255 255 147 76 0 255 255 255 180 153 197 191 103 42 82 0
    150 238 13 236 0 243 255 255 0 255 0 19 186 6 57 213 255 184 154 214
    110 0 143 0 113 255 130 235 44 74 81 255 216 255 160 44 171 0 163 84
    0 192 36 129 0 0 0 180 142 205 25 255 56 184 255 208 31 125 89 0 164
    255 0 235 255 140 194 34 81 254 0 127 71 36 255 0 12 224 0 45 0 149
    11 35 255 190 255 0 255 4 227 23 66 255 50 63 109 255 223 255 151
    172 255 178 0 0 255 206 217 8 217 193 240 211 115 93 205 255 0 167
    85 255 0 255 102 112 255 16 255 135 89 43 130 0 166 165 216 68 255 0
    19 142 0 87 164 21 99 0 0 255 159 27 6 80 141 255 255 149 255 75 26
    225 0 123 225 0 223 212 48 136 0 206 1 0 63 54 255 255 24 255 45 39
    0 0 255 141 0 54 138 25 157 39 135 0 97 192 255 0 235 53 0 107 4 176
    0 255 0 63 0 81 241 101 153 255 202 0 239 109 255 47 255 45 0 67 48
    66 187 255 106 39 146 255 255 255 255 151 255 169 248 97 0 0 255 167
    182 255 0 245 0 80 91 12 0 153 215 0 255 255 0 212 42 152 20 13 161
    0 221 252 118 255 255 17 108 189 19 255 51 242 191 213 151 50 138 77
    0 201 1 169 236 145 59 30 131 0 0 255 126 227 197 255 51 127 4 50 6
    55 25 229 159 146 143 250 255 116 255 27 8 145 207 208 0 49 172 255
    53 255 201 70 101 104 0 0 38 244 158 249 255 43 0 4 163 0 0 0 249 55
    255 0 0 0 190 0 152 255 9 141 255 104 124 105 49 161 82 255 236 207
    255 43 208 24 255 3 10 255 255 0 0 13 143 160 195 226 34 42 103 156
    211 255 96 186 143 255 0 255 255 207 94 0 255 190 215 154 167 70 237
    3 36 255 88 37 255 0 0 0 163 0 0 255 255 223 0 255 0 255 0 218 20
    181 255 95 0 175 255 179 76 206 97 0 54 228 0 250 255 139 81 255 218
    118 255 255 63 0 74 60 145 0 131 255 0 0 92 205 248 37 83 0 89 251
    78 0 80 143 221 0 233 183 97 255 55 255 44 255 140 0 255 147 163 160
    0 169 4 255 134 18 231 194 45 255 203 190 147 255 0 42 102 50 123 85
    49 0 85 15 247 202 39 182 80 255 0 202 195 113 0 93 62 0 255 118 37
    0 140 0 0 255 112 250 255 106 241 71 255 243 99 135 255 54 0 75 7 95
    192 0 0 63 140 119 0 144 90 48 159 255 132 250 255 255 255 132 255
    91 102 255 145 0 0 0 255 77 0 0 221 255 172 20 255 247 93 167 255 0
    0 54 65 247 251 255 8 245 160 86 32 255 121 0 170 152 0 0 194 42 239
    128 224 0 241 91 30 0 20 197 80 255 211 145 193 0 255 0 179 140 209
    255 11 222 182 255 250 43 59 101 176 0 185 8 0 140 255 0 59 101 0
    247 0 255 103 255 54 255 5 45 37 227 28 62 132 0 255 152 0 0 255 65
    119 102 255 0 62 0 187 0 0 255 0 158 158 243 255 0 117 209 255 234
    90 255 71 139 51 0 187 255 255 255 246 0 255 0 143 0 0 49 94 6 58
    240 154 0 158 255 172 77 234 173 243 142 96 119 74 0 0 150 0 255 158
    237 255 110 234 0 89 0 0 181 0 46 207 0 97 24 88 0 103 255 0 0 255
    67 103 255 231 26 166 225 0 157 240 255 206 0 111 21 156 83 174 255
    255 255 246 0 161 235 253 0 189 223 255 0 125 67 255 65 0 195 187
    236 146 131 189 209 0 135 40 255 174 0 134 182 244 214 174 0 255 236
    221 173 255 217 255 0 228 169 0 110 97 212 89 216 36 0 165 29 0 5
    108 0 215 255 62 136 255 104 91 94 255 229 55 255 255 76 213 76 56
    84 102 255 0 82 131 255 190 0 255 255 0 255 174 2 255 44 195 255 12
    255 68 47 178 216 192 7 148 0 152 255 0 185 133 255 0 183 251 237 96
    249 35 129 62 255 252 255 197 255 0 217 163 27 206 196 162 0 255 97
    167 213 255 60 0 81 255 142 255 34 28 255 22 0 255 226 179 217 0 118
    67 99 137 214 138 133 9 0 236 0 146 0 255 0 0 255 250 229 179 255 6
    160 45 69 255 169 139 159 0 0 149 51 13 175 43 235 21 142 67 255 213
    0 152 71 162 115 155 133 143 34 0 0 0 90 29 251 94 242 255 114 23 0
    0 0 82 255 209 255 126 92 0 255 245 5 162 255 255 186 84 131 255 0
    11 255 221 182 152 140 255 88 255 0 0 0 202 172 36 59 0 183 218 255
    188 255 255 18 101 4 0 27 0 240 193 255 178 172 154 158 215 24 227
    112 0 0 27 131 232 0 105 82 0 0 37 3 0 0 0 255 0 0 140 0 0 0 255 36
    0 82 208 158 0 90 152 255 192 255 63 255 0 58 255 212 0 109 208 255
    140 224 255 255 69 255 0 23 121 0 98 146 0 180 255 11 255 2 255 89
    21 0 255 146 241 0 121 120 133 201 211 6 255 0 6 255 7 255 131 2 255
    193 255 54 0 22 126 0 162 207 147 201 17 0 159 255 0 211 255 233 240
    185 3 195 0 111 105 239 255 106 255 60 139 0 255 255 68 230 0 0 193
    255 65 217 116 28 71 0 216 213 233 207 190 212 255 87 0 0 160 66 192
    21 0 0 0 177 195 255 0 0 0 255 0 255 161 255 30 255 22 255 16 255 79
    195 170 0 0 255 32 77 169 250 182 93 129 255 255 244 241 0 0 255 188
    255 255 255 24 16 36 255 4 0 255 135 255 0 142 58 174 152 136 112
    150 0 16 0 255 0 0 179 0 229 0 136 35 210 62 255 7 70 81 98 255 0
    111 88 72 248 255 255 0 0 0 174 176 0 198 238 119 0 255 1 255 0 0 0
    255 165 102 110 255 209 255 254 241 0 106 2 0 64 0 220 0 52 88 0 34
    0 255 110 255 142 127 0 182 255 227 0 165 111 255 137 101 43 115 255
    156 33 255 168 0 0 255 255 246 12 213 7 0 137 0 117 0 255 0 9 0 144
    191 255 255 0 190 224 220 19 254 139 219 4 255 65 255 255 0 241 121
    0 170 242 246 255 174 166 201 230 158 173 23 229 215 71 255 186 0
    218 255 194 224 243 28 252 255 0 75 233 255 0 185 109 30 251 21 0
    200 67 191 0 91 186 122 255 0 255 62 95 38 0 39 81 243 18 171 47 68
    74 0 183 163 255 163 255 255 189 255 45 255 0 173 169 71 0 0 0 120
    17 0 45 112 36 52 63 255 147 152 0 255 255 255 4 255 205 61 255 247
    255 1 82 179 0 255 76 37 221 0 255 251 0 0 255 252 255 110 92 255 0
    255 203 95 74 255 37 50 0 138 255 215 0 163 0 45 255 120 255 78 153
    0 84 123 98 43 104 152 255 0 194 63 94 255 255 245 255 255 255 185
    255 255 57 113 255 112 80 236 233 0 202 115 102 0 152 133 19 0 198
    199 0 216 94 0 42 19 53 0 255 255 0 159 170 24 148 0 87 0 7 169 0
    161 154 0 250 144 46 0 255 108 0 141 36 255 255 182 39 38 11 169 193
    254 58 151 0 255 0 19 0 37 0 0 255 129 163 102 240 29 255 255 17 0 0
    255 255 74 0 255 138 255 255 0 168 48 0 0 241 38 0 212 32 0 91 86
    193 228 255 0 255 112 242 255 207 198 3 76 186 46 111 172 189 0 187
    86 13 175 46 44 199 255 7 35 255 14 34 0 69 178 255 105 239 20 0 0
    143 129 64 0 242 48 0 153 255 153 128 0 33 140 132 14 97 36 255 0
    255 67 255 157 79 148 82 255 69 88 78 6 0 70 199 255 0 255 0 23 116
    36 56 9 95 231 0 0 237 0 255 225 255 140 0 255 177 162 255 255 229
    255 116 132 255 255 0 255 192 255 131 255 6 146 0 158 112 170 255 0
    21 255 0 166 103 0 1 112 108 255 0 205 8 0 81 68 36 0 255 171 219
    229 255 255 100 191 227 255 162 56 255 248 0 249 0 255 13 215 255
    114 220 255 24 3 92 0 0 19 83 61 103 255 0 159 117 175 67 255 255 59
    0 84 0 204 0 98 149 255 56 141 55 255 193 144 174 13 62 159 0 0 0 0
    255 0 255 255 0 183 122 159 255 0 176 81 193 46 255 93 0 255 255 23
    120 255 108 199 255 169 255 175 255 253 191 255 255 127 0 189 255 79
    0 0 204 0 102 34 214 255 255 255 0 166 0 0 0 48 58 149 212 219 255
    236 255 144 112 155 255 253 197 157 0 1 208 0 255 0 255 100 246 86 2
    188 0 255 193 123 133 50 42 213 255 125 0 0 54 235 12 173 0 30 23
    255 61 255 118 255 124 255 255 197 140 16 231 255 159 157 255 207 16
    255 255 255 0 255 215 183 0 170 255 174 211 220 28 132 171 90 57 255
    202 122 112 21 113 255 167 65 120 0 134 246 255 104 103 130 235 0 0
    26 0 30 0 66 255 255 255 188 59 47 199 170 25 10 255 215 39 0 28 52
    0 58 95 20 172 89 0 229 255 21 241 194 73 0 127 137 31 29 0 210 126
    41 98 255 122 64 0 6 219 30 166 253 54 145 255 255 10 153 255 126
    164 88 245 0 0 255 255 0 0 0 153 186 210 215 251 64 2 87 0 0 13 255
    255 31 217 202 0 0 137 255 253 255 202 170 0 148 210 0 0 0 70 77 50
    196 24 255 255 1 255 70 217 0 61 38 129 166 33 255 0 38 2 255 247 0
    147 45 130 72 13 212 214 112 164 187 230 255 23 27 248 197 118 13 50
    0 241 199 144 96 0 70 95 255 196 48 197 0 156 255 61 236 0 169 219 0
    255 194 126 172 255 170 255 247 6 51 67 58 71 255 161 249 255 39 146
    0 0 161 189 255 156 0 73 181 101 0 87 248 6 255 150 204 255 0 18 34
    94 110 235 231 4 255 222 0 175 0 255 0 0 46 232 8 140 111 0 0 180
    224 115 255 218 190 35 103 181 147 104 37 84 0 150 48 255 156 162
    237 80 255 105 191 59 255 248 255 0 108 69 255 42 0 255 205 255 249
    255 0 249 0 0 132 10 47 132 244 255 203 0 198 228 255 177 182 205 9
    190 195 143 198 65 0 69 255 205 0 94 186 177 245 0 104 83 241 103 41
    0 152 0 61 17 57 134 255 216 255 165 212 64 255 61 181 76 190 0 255
    50 79 255 177 8 239 255 212 0 255 91 255 42 0 10 193 68 64 0 200 121
    0 68 77 232 250 0 0 123 0 0 232 2 255 163 188 162 1 73 0 197 112 222
    255 0 145 94 255 68 255 220 0 255 0 32 123 217 207 227 157 101 255
    197 255 0 136 65 255 27 54 107 15 0 53 231 255 175 0 76 255 137 72 0
    0 255 255 47 241 110 251 0 55 44 255 149 148 0 181 218 16 255 252 0
    190 255 26 0 67 249 60 242 217 255 0 88 255 200 191 154 213 209 0 0
    168 192 32 255 255 143 179 255 61 105 120 202 0 90 0 1 43 255 87 184
    255 134 0 255 255 12 255 0 240 255 102 189 112 182 58 255 133 100
    255 57 255 252 0 255 154 255 32 255 41 74 169 160 255 0 255 255 198
    255 87 239 0 142 255 239 0 48 227 50 255 5 0 0 146 255 0 103 116 0
    17 197 0 26 124 0 122 0 27 248 53 67 52 255 220 219 32 0 255 20 0
    185 0 255 201 0 13 0 21 0 27 0 150 255 99 0 255 75 232 0 22 255 142
    255 0 220 0 72 175 158 12 240 255 31 255 0 157 26 43 62 255 147 95
    255 214 159 255 112 207 255 139 114 164 87 222 251 255 110 255 114
    113 221 0 204 24 0 86 0 0 169 122 159 149 44 255 128 73 0 0 183 0 0
    130 0 235 22 16 93 148 6 255 139 0 166 81 21 103 0 0 96 0 225 129
    255 105 108 0 255 0 255 29 209 186 255 51 73 0 200 160 125 255 0 241
    63 89 168 0 232 0 20 3 0 191 255 0 13 161 3 0 201 213 170 231 255
    176 250 46 0 164 129 0 167 201 131 0 253 177 248 37 152 0 255 240 56
    0 0 255 0 179 108 39 111 0 94 0 62 0 0 0 186 197 205 0 0 255 44 225
    23 246 0 59 255 94 0 1 255 183 255 217 255 102 83 245 9 29 114 254 0
    127 49 255 26 0 216 248 0 255 198 255 30 111 0 121 26 0 92 155 60 79
    0 189 0 255 36 53 203 255 115 0 5 255 145 172 255 240 255 42 255 43
    200 0 216 41 255 187 3 255 0 255 204 147 255 124 221 255 104 255 255
    60 12 0 227 0 0 120 73 255 0 0 0 67 208 0 116 138 0 180 240 0 210 55
    255 160 0 0 12 123 8 255 145 2 208 237 53 0 0 255 213 241 177 121 0
    49 136 148 0 143 120 46 255 255 166 125 64 190 0 14 177 0 122 151
    178 255 60 22 0 176 171 113 175 255 0 0 0 223 74 106 255 255 159 255
    255 255 212 242 0 65 225 255 74 0 246 50 0 31 49 255 40 48 7 173 255
    70 90 67 0 68 247 0 0 25 255 101 32 255 0 0 205 28 255 90 1 38 254
    191 0 145 255 255 224 0 255 255 255 0 33 255 47 71 255 0 170 17 255
    0 5 190 97 242 15 255 143 255 0 177 185 155 164 255 89 0 40 255 254
    6 226 166 255 230 111 247 248 243 255 168 0 230 24 201 88 23 0 113
    255 255 66 74 239 254 217 243 14 0 73 80 153 134 255 6 255 255 185
    28 0 255 79 255 104 94 130 0 92 110 66 32 255 0 8 255 11 236 255 18
    212 82 255 255 142 86 255 131 10 136 97 207 255 253 125 0 80 0 255 3
    0 225 53 255 44 122 65 26 8 0 171 169 7 147 168 149 153 0 255 158 39
    221 32 178 179 253 123 119 104 156 0 15 170 255 110 0 255 36 163 0 0
    174 136 73 212 175 0 0 184 255 255 0 227 220 0 255 141 68 255 210
    255 0 180 214 255 193 255 195 234 143 6 0 141 0 198 219 255 168 193
    255 190 0 201 14 107 112 0 255 43 0 255 0 182 57 25 114 0 0 224 209
    255 0 111 0 0 255 255 89 255 18 255 228 220 114 33 91 255 0 187 199
    29 0 54 107 220 28 190 96 231 0 216 55 0 251 178 249 255 0 0 28 67 0
    0 2 57 247 247 28 54 219 84 255 0 16 255 255 255 225 96 0 188 255 0
    255 255 255 247 0 65 255 245 249 246 251 255 6 255 0 227 184 177 36
    146 0 255 37 0 255 80 30 255 255 254 23 101 255 42 255 9 154 0 255
    29 40 255 255 126 255 255 158 181 94 46 0 0 0 120 45 205 22 173 0 65
    0 255 79 248 118 197 255 56 255 255 186 78 255 21 22 252 249 47 165
    177 100 0 114 255 0 194 150 154 255 0 202 130 252 220 135 94 0 255
    111 255 0 0 171 124 235 134 0 153 255 255 255 139 69 241 157 255 60
    205 5 36 141 205 199 105 194 255 146 129 255 0 0 0 63 255 65 158 0
    82 150 59 228 66 255 64 255 52 232 0 85 0 165 255 109 146 255 119
    214 85 255 236 44 125 28 85 47 102 200 255 113 188 40 142 255 64 40
    237 255 0 235 255 27 255 195 245 35 252 255 24 156 0 1 77 61 172 203
    0 141 255 86 0 0 158 0 27 0 82 0 153 189 255 106 40 23 87 148 40 8
    255 218 210 14 0 151 27 228 18 0 149 0 255 240 207 119 255 70 0 253
    0 0 0 0 217 255 137 0 162 159 96 131 233 230 255 139 144 255 197 137
    82 250 35 255 134 225 243 227 255 255 70 248 255 73 255 0 0 64 202
    108 68 255 0 119 255 213 0 255 255 204 0 8 28 0 255 21 0 128 204 132
    0 234 195 0 211 0 173 37 19 211 0 123 187 0 137 172 255 255 33 127
    73 69 158 0 55 255 24 25 0 0 255 0 255 255 204 227 168 0 84 0 132
    172 99 255 153 222 255 34 0 255 0 0 255 0 255 187 179 0 165 13 193
    255 36 255 0 61 113 255 137 0 255 178 13 0 0 139 0 97 40 15 143 255
    105 255 255 128 255 122 116 255 50 179 255 0 0 10 255 238 0 150 0 0
    0 236 150 182 112 54 0 89 255 57 94 92 255 22 77 78 0 255 242 255
    255 255 29 255 34 255 67 44 255 139 88 217 0 255 0 175 93 207 10 0
    79 69 82 226 0 100 47 225 19 13 0 236 0 42 105 202 130 65 245 0 84
    255 41 128 0 99 120 238 0 255 227 0 35 0 181 15 51 255 0 75 25 141
    255 153 132 0 0 157 175 255 221 167 255 37 5 255 177 29 98 236 224
    208 54 25 255 11 237 80 235 208 0 255 255 59 233 29 10 255 9 255 0
    255 255 0 0 255 45 0 255 128 0 190 94 145 81 22 105 229 80 88 0 86
    213 255 205 104 3 255 255 255 90 66 189 176 255 255 246 255 56 221
    185 134 255 0 120 155 58 93 85 200 39 0 24 174 0 71 222 0 0 118 208
    221 59 96 0 255 0 84 247 0 255 4 255 8 219 0 0 103 196 255 39 84 255
    191 0 36 7 255 147 228 0 126 48 253 153 255 186 206 213 220 74 255
    255 0 123 114 147 255 143 38 0 101 27 0 117 135 0 242 255 23 0 41
    255 255 0 0 198 60 255 73 255 207 50 0 255 84 25 255 110 205 68 252
    205 141 0 255 109 10 46 40 171 73 0 218 42 96 255 0 254 60 167 146
    78 41 255 0 39 31 0 0 255 255 74 140 130 112 124 194 255 189 255 229
    255 162 15 64 255 255 255 114 0 0 223 69 134 255 255 58 210 0 120 0
    189 101 0 0 12 157 77 94 193 62 21 0 255 255 0 246 190 255 168 255
    255 29 255 248 121 8 255 255 0 117 255 174 31 115 0 255 0 211 172
    124 255 22 255 73 86 152 228 215 115 255 255 39 62 217 151 32 0 11
    116 0 255 68 199 255 224 153 255 0 233 228 114 191 16 255 222 109 0
    232 207 76 255 0 108 28 0 188 147 243 41 0 11 0 54 244 146 0 255 255
    207 212 0 255 166 3 90 0 0 255 236 223 255 39 0 119 255 114 43 0 137
    111 206 0 19 155 240 240 0 139 0 134 207 133 224 167 168 198 255 245
    142 87 127 189 174 255 11 217 253 177 139 187 30 255 0 174 255 255
    255 140 84 0 60 0 234 163 84 255 0 196 0 210 255 0 221 255 76 255
    255 189 58 252 127 165 0 163 0 27 0 255 231 0 8 159 109 97 0 0 97
    255 222 109 187 237 255 63 255 255 255 205 0 48 134 1 163 5 3 0 0
    146 213 117 29 208 76 241 244 182 181 0 24 178 4 107 175 146 233 212
    255 84 50 14 79 183 0 198 47 27 7 255 255 255 52 203 0 185 255 0 175
    86 255 171 182 255 248 220 255 0 34 255 142 255 0 119 107 54 134 185
    255 255 0 238 223 6 0 67 156 255 0 49 255 0 0 175 67 210 53 127 19
    255 223 174 0 12 48 240 0 197 176 10 255 123 0 91 55 236 76 255 240
    76 178 56 243 144 0 0 25 51 202 255 255 37 0 35 185 0 0 255 68 0 52
    0 0 34 123 217 0 163 255 255 255 175 0 186 126 62 0 93 2 102 255 255
    255 73 167 0 75 158 7 177 0 250 0 130 255 98 253 0 96 255 255 16 194
    255 254 0 52 120 9 255 100 0 229 0 255 157 255 70 60 156 154 239 255
    255 197 155 219 221 196 255 0 163 232 255 181 0 0 137 157 193 0 167
    117 155 255 49 0 249 183 255 246 255 231 28 2 67 135 255 255 224 205
    31 134 0 65 127 34 40 255 73 139 142 255 91 122 255 255 219 0 217
    254 224 255 255 31 194 0 255 210 76 255 0 144 216 151 255 3 66 255
    61 43 0 0 15 0 213 21 0 64 255 175 0 112 174 255 116 255 255 0 0 5
    110 255 104 0 173 92 171 255 100 0 0 186 255 199 255 74 0 253 195
    116 96 255 255 0 221 255 78 255 247 184 255 255 255 0 0 114 255 0
    108 255 66 131 218 128 255 0 0 140 8 137 190 255 125 1 209 48 19 14
    0 198 1 63 142 143 140 255 171 231 210 28 255 192 162 0 255 230 5 61
    255 255 118 249 214 255 181 0 35 255 0 155 255 0 0 255 255 250 0 0
    133 0 95 112 0 62 50 71 0 255 255 255 157 0 29 187 5 221 21 74 255
    255 95 160 40 0 224 82 102 176 0 0 0 141 0 75 206 100 105 0 210 0 0
    255 14 255 184 223 100 162 69 0 215 3 0 255 34 255 248 112 44 48 9
    133 213 83 255 0 53 217 255 243 80 145 43 42 226 156 181 38 29 177
    255 0 215 83 35 85 32 255 255 31 41 86 134 201 51 27 126 255 52 3 14
    19 142 43 0 242 101 60 162 189 121 31 0 13 242 90 0 255 130 255 255
    188 219 247 255 180 162 28 136 0 102 175 255 255 176 0 6 215 255 0
    22 255 141 0 39 48 0 240 255 255 41 69 81 255 0 98 116 0 0 0 246 176
    152 255 231 103 8 137 208 255 176 121 189 1 255 0 3 118 198 89 238
    95 19 0 64 97 94 0 171 46 50 0 6 66 0 255 78 127 212 236 0 71 6 4
    102 145 100 0 0 222 0 71 255 103 97 70 225 46 0 253 182 0 123 167 40
    189 0 255 183 194 75 126 173 254 218 38 255 255 154 0 45 136 0 255
    255 255 20 255 119 0 73 144 126 255 0 90 117 143 33 255 111 106 112
    196 74 255 0 8 30 255 35 1 141 51 18 236 220 166 255 0 0 0 0 225 161
    0 0 179 226 0 215 0 0 64 98 255 0 0 250 126 255 255 23 188 180 0 50
    97 52 0 0 0 141 6 255 112 195 0 238 0 223 0 142 37 199 25 88 86 0
    202 12 63 0 0 0 0 255 19 0 255 195 162 255 80 147 0 255 0 124 255
    179 0 242 255 60 242 27 255 138 0 0 255 8 165 25 0 255 62 144 239
    193 159 255 79 204 95 208 10 195 140 255 0 89 39 244 95 194 0 218 0
    165 228 0 65 60 0 42 192 17 126 197 0 122 255 253 0 0 37 99 46 4 34
    102 0 255 182 0 245 0 82 0 115 146 120 255 255 94 99 255 185 217 255
    88 0 0 255 237 255 0 255 0 0 139 168 240 82 37 120 204 255 192 32 0
    191 68 0 123 223 138 0 124 0 255 0 255 183 0 35 255 255 172 100 255
    129 244 75 255 255 192 104 1 33 0 180 62 255 0 83 255 83 255 184 92
    116 207 255 141 0 21 155 70 51 239 12 0 55 255 145 45 182 0 177 117
    105 255 218 196 150 255 255 0 48 255 179 255 147 0 255 57 187 255 7
    53 176 226 177 21 19 43 0 16 234 255 85 9 51 249 109 0 255 0 254 89
    218 0 158 168 77 0 226 80 0 255 0 208 0 3 175 0 191 50 118 215 198
    24 145 122 0 105 0 255 75 0 255 213 195 201 171 0 250 182 40 0 255
    47 255 202 82 148 0 180 175 0 255 21 179 146 0 53 95 195 149 0 255
    211 85 86 170 253 255 255 97 55 209 187 185 0 0 79 91 74 189 152 46
    112 95 26 53 224 12 0 140 8 169 100 5 121 0 26 255 13 17 173 143 27
    0 15 0 0 183 124 0 122 255 156 212 165 255 255 200 255 255 112 0 0
    145 180 223 0 255 68 0 0 122 175 181 106 96 0 208 102 43 255 97 21
    99 62 223 105 13 75 0 255 114 78 216 77 21 250 133 241 4 13 129 27
    13 75 92 151 160 150 0 162 113 0 208 0 42 160 129 255 249 221 227 0
    250 110 247 71 186 0 27 132 0 0 38 58 144 251 134 104 255 253 255
    239 0 253 48 255 168 255 255 201 195 44 62 255 0 0 0 231 157 0 93
    209 142 0 255 28 93 255 135 255 0 172 255 58 228 97 255 184 255 255
    0 165 226 221 0 59 255 151 75 189 144 230 252 255 0 234 23 199 255
    52 67 0 122 236 0 137 184 0 227 120 0 139 144 191 115 217 49 13 0 0
    16 0 25 0 25 169 220 156 0 0 132 150 45 8 87 222 226 240 55 71 0 48
    244 45 169 211 140 78 0 252 198 176 255 191 0 226 0 6 31 197 12 240
    0 141 22 255 36 0 132 0 209 168 62 73 44 255 151 72 98 121 255 239 0
    124 255 159 255 235 0 112 255 205 98 117 43 68 132 146 40 212 168 73
    255 193 208 255 255 67 255 72 77 0 209 0 247 245 0 0 255 0 139 148
    73 0 3 123 31 255 134 255 0 153 48 44 67 213 45 255 0 0 255 119 0 75
    255 164 250 136 139 240 255 0 255 39 45 242 192 136 26 0 255 138 0
    30 177 0 0 255 0 21 0 193 103 255 0 52 179 92 255 255 79 165 255 0
    155 36 179 0 213 255 239 0 255 251 131 224 34 231 186 0 81 208 192
    54 142 66 161 213 0 66 255 0 132 31 131 255 138 244 139 176 0 0 142
    32 255 255 96 225 33 204 107 164 30 216 108 255 93 1 86 156 252 72 0
    255 0 56 28 250 80 0 115 255 134 95 168 107 77 0 56 255 255 206 255
    0 255 84 132 7 223 97 128 255 0 133 22 209 130 82 64 189 255 0 255
    159 209 255 242 54 188 255 193 0 255 97 192 0 208 76 111 255 188 196
    114 242 255 142 41 0 183 0 214 133 167 0 0 250 0 255 235 70 9 255 66
    172 243 63 78 249 0 112 2 131 0 197 0 49 255 138 51 241 197 171 187
    255 160 255 255 0 61 255 124 0 6 255 255 190 255 94 247 126 255 0 0
    85 42 253 68 0 232 201 51 0 255 255 0 37 238 230 235 4 15 53 167 0
    171 0 255 157 67 255 131 171 129 112 0 161 255 0 134 246 0 8 36 37 0
    255 255 70 0 70 0 49 74 191 0 238 156 221 0 189 22 105 0 32 27 182
    228 0 66 0 83 51 0 183 20 255 27 32 0 142 170 6 255 152 0 255 56 255
    206 40 16 255 10 210 255 255 55 255 227 134 128 53 255 255 255 81 0
    133 0 255 5 226 130 10 177 74 101 255 0 227 0 255 25 255 86 255 255
    255 0 240 193 193 255 255 7 0 185 255 140 195 181 70 114 255 255 184
    0 255 0 217 12 37 20 242 255 255 5 255 146 124 125 113 191 255 206 3
    189 255 0 237 47 0 108 0 0 79 98 252 161 0 0 157 0 229 255 196 184
    186 22 40 160 255 27 40 29 120 16 201 0 0 25 0 180 255 0 215 222 0
    221 142 229 0 0 143 255 215 63 255 54 107 69 52 0 254 0 228 11 31
    255 82 243 118 32 219 0 181 159 19 0 63 249 0 0 255 213 249 255 255
    238 255 255 89 0 27 255 255 255 136 0 82 240 43 255 0 105 0 146 237
    0 0 229 108 255 221 90 230 100 254 145 255 255 40 62 0 201 0 21 212
    0 146 255 65 29 37 223 0 149 4 0 133 89 200 255 255 51 206 113 0 26
    199 16 255 255 0 197 255 0 255 8 0 23 85 41 78 97 93 55 90 202 180 4
    204 255 173 226 0 190 43 0 255 0 0 0 216 16 32 101 163 244 163 79
    255 250 0 146 119 255 48 197 65 227 40 246 0 0 172 0 0 14 149 255 65
    255 186 26 140 191 102 252 3 0 0 93 255 16 0 167 154 128 192 0 175
    207 0 17 102 0 0 0 86 0 255 119 104 255 255 159 255 221 238 108 255
    0 0 255 255 255 22 0 0 54 255 80 210 172 48 219 103 0 252 255 7 0 22
    0 231 30 136 84 255 90 255 102 255 45 111 255 150 243 139 231 207
    134 255 37 255 93 0 137 56 0 0 58 55 129 101 154 221 80 0 98 226 33
    104 148 142 0 0 206 255 195 180 167 170 0 238 0 116 171 255 255 197
    73 110 255 76 183 255 203 177 126 246 117 168 246 255 62 250 64 0
    255 195 191 67 0 73 198 255 136 200 255 255 231 255 200 216 164 197
    170 93 0 255 46 77 216 255 132 255 72 18 107 146 152 255 179 255 81
    139 171 214 99 255 255 81 255 225 5 160 0 255 255 7 205 255 166 91
    47 122 0 255 255 0 25 255 0 158 244 183 202 197 0 255 88 0 88 0 94
    53 119 255 148 224 102 255 51 0 234 255 202 0 149 40 0 176 255 255
    174 217 255 0 12 148 78 70 0 33 255 119 255 255 238 142 255 255 0 0
    178 0 90 0 36 0 16 41 0 109 47 219 220 255 9 239 233 0 91 90 0 109
    68 255 204 232 0 0 77 0 87 195 78 226 200 0 42 30 251 136 28 255 255
    132 63 60 0 0 152 171 0 127 54 99 0 73 204 78 0 214 0 113 81 0 251
    25 36 236 0 0 98 130 39 107 237 255 55 0 0 0 163 244 0 209 255 115
    207 226 37 0 90 188 95 255 255 164 22 12 195 214 23 0 243 255 255
    255 0 192 132 1 105 255 0 213 156 211 45 0 139 255 157 245 233 84 0
    255 255 0 105 32 234 255 0 0 236 255 100 64 174 42 150 56 255 255
    218 7 168 0 255 208 255 219 92 214 30 174 255 98 229 126 146 0 220 9
    90 216 15 255 120 233 255 255 240 81 0 137 0 54 255 80 150 255 255
    165 189 0 52 115 255 255 118 125 0 151 158 131 148 254 167 0 30 245
    0 153 59 255 122 0 255 255 255 255 132 180 65 0 94 81 86 69 0 144
    255 44 250 255 145 81 0 185 255 239 171 47 193 20 90 54 18 0 255 24
    44 133 214 255 255 144 72 73 20 23 255 48 116 0 188 255 255 55 0 255
    224 93 0 197 129 82 205 159 247 255 0 77 24 151 205 97 196 0 216 0 0
    255 255 166 43 223 0 164 0 255 255 10 234 145 124 0 250 119 0 0 111
    160 255 225 104 188 0 0 115 70 133 170 91 151 86 0 255 255 255 82
    162 74 167 4 0 83 254 134 0 100 0 0 96 255 197 255 255 255 0 255 0
    91 255 113 138 22 255 255 0 255 255 255 76 255 255 255 255 209 199
    189 0 197 255 255 0 87 255 103 0 183 125 255 255 243 0 255 118 4 236
    117 255 61 255 115 200 255 14 94 255 0 200 133 0 224 243 255 0 235
    255 0 255 121 169 46 0 255 14 124 255 199 169 246 27 255 160 36 66
    177 219 0 255 125 59 255 82 101 255 0 255 255 255 109 243 147 255 0
    198 0 251 0 175 91 164 197 255 118 160 173 255 154 172 255 0 43 0
    249 0 183 114 148 87 73 0 99 255 134 119 255 0 243 149 103 197 244
    255 216 211 255 132 81 134 108 0 0 255 0 0 219 122 255 55 255 255 0
    50 255 98 0 214 48 187 0 118 255 165 125 44 95 255 89 61 255 184 0 0
    101 37 255 56 110 255 25 127 0 79 158 0 186 233 10 63 10 225 240 206
    87 249 0 182 160 12 94 255 255 255 207 0 255 60 187 189 203 248 0
    216 0 0 85 137 48 154 14 169 233 251 176 143 0 92 0 158 210 151 255
    255 21 143 60 249 225 0 255 123 175 0 33 0 50 79 255 187 205 118 255
    1 54 0 194 40 205 255 0 24 0 73 84 0 87 91 221 62 175 25 0 202 255 0
    255 255 178 255 246 192 13 0 123 188 42 142 125 236 132 0 104 251 70
    221 64 136 49 0 116 41 213 0 255 21 255 255 40 0 255 0 254 255 255
    51 255 155 255 140 255 211 0 255 188 0 120 255 172 232 0 250 255 255
    121 0 255 51 81 106 157 179 0 80 220 0 79 239 223 255 44 137 124 255
    104 181 222 0 199 0 255 15 50 238 255 168 88 142 195 225 179 240 0
    255 255 11 0 67 203 0 13 255 127 116 164 58 127 0 0 110 0 0 254 255
    197 156 53 255 0 0 95 82 255 231 147 186 215 216 203 72 0 255 90 38
    90 181 31 123 255 255 255 109 0 0 88 0 255 255 163 198 255 118 0 255
    240 255 255 0 255 189 70 221 115 228 210 0 179 117 234 217 0 0 129 0
    255 0 85 154 255 48 255 138 200 193 20 255 42 161 33 232 129 165 143
    149 255 0 235 166 0 42 248 204 226 69 207 178 203 255 232 6 0 119
    255 232 33 95 75 236 173 9 56 123 190 0 142 71 128 114 133 13 187
    153 109 0 0 221 255 255 9 3 145 53 97 220 119 73 218 114 0 255 93 0
    188 215 5 169 48 51 138 0 151 255 167 129 122 0 255 131 14 0 203 55
    242 0 192 45 255 23 255 0 100 183 0 13 255 205 37 52 120 221 255 197
    178 50 217 12 255 76 198 0 255 255 18 100 87 83 0 166 180 228 77 2
    81 77 255 255 121 181 129 19 70 139 0 0 76 255 0 65 0 98 241 0 80 63
    52 200 255 61 215 223 200 0 211 119 91 180 228 0 5 0 200 255 225 0
    75 236 173 0 157 0 11 236 115 163 146 255 255 114 69 106 255 220 77
    0 255 0 103 255 0 255 0 0 109 254 0 0 189 166 0 241 255 255 160 0 0
    116 0 0 122 246 205 241 48 99 103 141 0 189 9 0 180 237 155 255 36 0
    179 81 255 0 223 156 255 52 48 202 22 58 86 68 0 48 255 127 0 79 255
    0 175 1 116 21 64 177 0 181 57 255 115 255 195 0 32 255 23 53 241
    121 255 255 255 189 6 155 54 244 27 45 110 255 0 138 229 23 113 255
    98 255 134 57 255 0 0 65 255 73 87 198 0 134 149 64 0 110 216 152
    212 255 255 116 255 43 139 173 95 255 158 255 222 55 107 79 7 255
    255 247 0 237 112 123 0 26 249 80 107 17 0 255 0 94 235 0 172 233 0
    221 0 136 0 129 136 255 7 237 236 184 226 208 114 90 0 0 0 104 255
    128 78 255 22 202 234 0 0 135 238 255 0 0 245 9 217 29 97 21 203 255
    0 255 186 0 119 207 49 189 0 255 255 19 255 255 31 10 195 116 255
    255 4 162 61 56 255 27 91 13 255 255 204 255 90 226 71 209 222 255
    131 45 86 32 6 45 185 204 13 114 255 255 255 0 27 86 230 55 0 184
    245 25 255 55 141 255 118 201 113 55 255 146 237 255 0 0 46 106 0
    255 0 184 199 229 95 0 46 32 43 56 224 255 215 255 55 255 121 201
    145 0 200 42 255 179 158 104 58 152 28 255 141 0 160 230 0 0 0 108
    157 255 255 19 255 248 209 167 255 146 48 0 0 223 0 0 128 246 166 93
    255 81 255 255 0 255 255 0 139 242 225 147 0 236 255 231 255 165 143
    243 39 0 0 137 213 255 163 116 104 205 167 255 48 0 30 143 0 57 53 0
    136 224 26 0 255 199 255 134 224 255 0 159 92 89 146 114 255 24 221
    180 126 76 157 63 67 30 255 142 0 167 217 110 252 22 0 20 237 255 44
    81 0 12 239 0 191 79 101 255 215 131 99 255 131 33 193 136 0 65 0 95
    82 185 220 0 135 71 192 23 255 0 29 65 63 0 255 103 255 251 116 127
    0 255 9 0 0 150 210 225 67 191 228 69 255 155 0 255 225 89 53 95 24
    0 7 0 88 191 63 17 32 23 1 44 192 39 1 117 104 41 234 0 0 13 255 213
    169 0 105 0 255 203 110 255 46 154 228 149 255 0 174 245 68 0 0 244
    249 121 255 0 40 160 137 255 212 85 231 234 9 245 53 212 0 30 138
    109 200 125 218 227 149 209 142 0 224 58 159 166 0 96 255 110 255
    108 255 28 217 36 58 131 0 132 255 0 200 255 232 0 0 97 0 182 179 0
    0 19 159 222 104 0 255 49 99 23 194 140 255 73 165 117 146 255 0 125
    136 147 255 18 150 255 20 23 250 150 0 120 10 245 255 255 255 255
    154 123 255 0 192 149 145 0 0 3 0 0 217 158 235 99 155 250 110 45
    217 115 255 0 233 17 107 0 22 255 255 236 119 255 158 255 30 0 224
    57 0 255 225 0 105 255 120 162 255 255 255 123 141 255 212 121 218
    255 73 0 255 255 206 0 123 255 29 0 47 45 255 127 180 255 225 0 255
    3 106 0 87 255 0 255 255 149 255 210 0 181 156 25 140 255 255 0 255
    235 103 50 95 255 106 0 0 144 189 67 0 51 255 59 237 34 117 255 18
    143 79 255 89 67 101 255 165 0 233 0 0 120 11 92 107 43 0 69 161 22
    0 255 56 0 187 168 0 255 9 0 63 35 10 255 49 255 54 46 0 195 168 111
    0 136 219 178 92 0 82 255 139 7 165 0 173 208 255 255 155 85 15 255
    235 0 255 79 0 7 255 255 255 255 117 0 255 180 111 29 237 255 255 12
    255 140 200 0 170 145 208 34 44 80 162 0 222 195 159 0 227 191 255
    100 75 18 255 243 39 63 0 43 83 105 255 0 0 255 255 0 160 0 16 92
    205 81 255 127 177 146 46 89 27 255 0 148 107 150 0 0 169 49 255 190
    0 122 113 138 255 0 89 39 38 0 27 188 191 0 255 117 0 10 96 74 0 0
    193 14 69 146 255 220 98 109 13 255 27 164 180 255 255 255 64 174
    243 37 0 188 217 145 186 255 6 255 73 255 172 135 63 218 153 0 129
    224 0 4 14 209 7 203 231 255 188 84 205 39 173 217 1 234 255 255 0
    250 255 255 255 0 255 144 197 255 195 8 35 255 0 61 141 226 156 255
    0 255 255 38 255 0 40 255 56 58 108 0 250 255 170 255 229 255 255
    255 0 243 0 30 129 0 246 0 255 55 58 113 132 96 255 20 0 208 164 0
    37 254 52 100 255 221 50 128 103 75 34 173 233 0 255 255 255 222 40
    0 0 45 171 60 222 37 224 44 0 255 219 45 0 71 0 201 0 222 205 158
    255 0 248 255 217 40 251 100 164 255 146 0 112 132 0 115 96 186 0
    100 172 136 255 255 255 243 236 255 174 0 4 69 178 188 198 255 0 161
    192 0 74 234 109 86 0 0 183 255 0 255 0 136 255 0 0 0 220 236 115 0
    255 222 0 166 17 0 217 243 37 21 71 90 243 66 235 255 87 68 255 0 0
    255 0 8 255 255 61 255 195 0 255 243 77 116 194 255 0 0 255 50 1 255
    49 66 0 71 0 58 190 52 0 0 217 0 148 117 255 115 7 167 151 0 252 255
    78 255 34 28 255 0 244 32 133 99 170 56 75 16 0 0 82 218 135 0 56
    111 148 0 255 139 116 79 168 243 55 167 89 151 212 0 57 255 3 255 59
    99 174 81 255 0 202 242 14 190 0 255 180 127 160 255 255 26 42 239
    251 0 0 215 210 145 255 255 145 118 1 255 211 255 255 255 0 0 255 80
    255 141 30 0 80 88 171 0 149 165 236 158 217 255 40 0 91 0 255 117
    255 53 196 0 255 72 83 0 173 104 255 0 197 199 0 255 255 45 0 0 58
    70 0 255 255 255 137 229 255 255 255 0 88 198 0 87 0 43 232 171 228
    251 255 113 89 246 71 0 255 255 177 20 149 62 255 191 113 49 255 170
    255 203 0 70 42 85 255 13 94 0 255 0 72 255 6 255 255 207 50 255 171
    178 67 33 21 215 83 164 13 192 166 123 0 194 32 237 183 60 166 213
    106 161 226 76 22 255 143 214 0 213 100 255 8 111 79 0 37 230 163 0
    22 255 255 0 170 160 255 138 226 255 224 212 255 45 33 44 235 113
    255 174 143 0 0 255 0 132 255 255 26 0 212 63 114 173 0 220 112 147
    75 22 57 45 198 0 0 194 48 0 164 48 185 111 0 255 235 201 73 146 255
    255 53 0 80 255 0 0 0 125 105 0 255 207 255 237 178 255 0 194 214
    255 255 28 50 204 2 49 0 107 244 189 255 151 0 232 255 84 80 255 0
    45 53 35 173 118 255 210 91 110 179 48 255 255 98 124 181 134 141
    255 158 248 255 141 2 56 173 121 143 56 63 71 17 88 255 223 208 194
    0 184 244 255 120 20 0 63 221 255 236 151 255 255 107 123 177 222
    255 192 154 243 255 21 0 130 50 0 34 0 0 109 81 83 127 237 235 0 246
    57 160 15 0 81 0 90 255 128 128 248 255 74 175 114 245 138 187 209
    168 229 187 220 134 170 45 190 255 255 164 115 213 226 221 58 0 246
    35 25 255 0 84 255 0 101 0 0 255 0 0 110 4 255 57 35 71 255 75 56 54
    18 0 0 0 49 103 179 255 255 255 134 255 242 180 78 0 255 0 255 61 0
    51 243 207 0 152 81 101 108 255 6 255 0 0 78 14 255 255 255 242 37
    214 209 220 255 92 27 255 163 171 34 0 255 255 255 255 43 5 163 0
    216 125 31 178 176 0 181 190 3 255 255 255 45 0 91 0 97 255 255 98
    169 221 255 219 159 191 254 0 234 214 255 0 62 0 203 255 248 98 0 43
    255 167 255 255 37 107 172 255 255 255 63 255 59 14 24 0 0 0 0 0 221
    0 0 176 56 8 196 165 85 255 249 48 255 255 46 93 236 77 57 117 0 255
    151 255 114 33 17 97 49 0 255 0 18 88 255 37 87 0 255 181 0 255 69
    130 101 89 255 166 255 255 152 255 255 255 160 11 31 57 62 47 94 255
    0 0 0 255 98 178 255 255 255 35 97 220 185 255 115 255 0 221 78 0 0
    121 85 41 0 221 0 214 195 108 36 255 255 255 99 79 0 28 77 255 67
    129 255 255 2 160 211 45 0 255 255 70 255 157 0 196 255 154 255 68
    238 94 199 255 235 24 255 255 155 255 247 0 0 0 18 225 100 0 191 196
    142 0 0 0 156 0 150 0 69 98 78 120 0 255 69 183 255 255 38 204 255
    136 33 0 0 255 69 180 226 109 213 127 193 255 0 31 49 246 219 108
    255 128 0 175 255 0 0 255 255 255 255 97 0 145 0 255 176 0 1 145 0
    255 171 21 255 119 42 255 208 0 152 190 79 28 255 243 255 0 21 255
    215 255 247 255 255 240 104 38 166 100 0 41 0 137 168 220 0 0 0 72
    70 30 255 235 251 0 0 255 219 161 175 104 38 0 18 199 255 131 227 0
    0 255 255 0 255 253 255 71 40 254 28 236 110 89 139 255 255 109 160
    49 22 0 115 118 0 20 255 0 11 117 231 28 53 32 61 255 209 0 6 255 13
    188 255 0 217 104 110 255 255 131 140 0 0 124 0 96 2 0 97 191 13 49
    19 210 161 114 0 187 238 0 125 84 219 255 211 0 255 0 185 134 255
    205 255 219 255 159 49 10 255 12 255 46 132 148 0 191 255 255 14 255
    157 171 70 197 255 0 255 0 173 214 89 224 0 50 80 161 0 174 0 204
    255 0 230 3 91 255 87 231 255 0 126 109 1 103 238 62 180 96 255 0 91
    46 216 255 80 232 255 151 255 54 177 252 139 0 223 160 75 255 231 1
    110 255 61 255 170 98 135 97 202 96 255 74 0 0 255 255 0 255 226 0
    73 0 0 0 160 41 0 253 241 98 0 229 31 58 139 17 0 0 109 24 0 255 105
    180 77 185 255 153 235 255 255 7 53 255 0 198 125 65 249 0 10 0 0 4
    13 198 0 255 252 48 179 189 158 112 255 255 38 255 128 248 0 144 88
    0 235 242 170 9 255 255 255 10 0 161 255 251 0 67 255 0 15 205 0 255
    131 129 255 245 3 27 139 239 0 141 255 0 0 0 255 76 110 215 255 194
    219 255 140 169 10 131 99 156 28 255 255 184 185 46 255 255 0 255
    215 53 255 255 255 255 255 98 0 0 0 0 0 0 9 108 193 246 255 255 96
    77 187 6 205 0 0 146 0 133 254 126 255 72 255 146 255 60 88 157 0
    152 51 153 0 89 227 0 106 31 39 165 212 171 147 185 137 0 44 118 79
    255 249 0 49 255 0 176 84 255 162 90 128 255 191 137 228 74 255 255
    255 255 0 174 255 255 13 219 122 255 220 243 255 155 10 179 255 93 0
    0 52 255 0 202 238 124 70 0 0 170 0 144 255 255 26 255 49 86 255 210
    129 228 176 24 162 98 255 0 0 255 56 88 171 0 255 0 63 0 200 108 33
    0 148 167 0 0 0 0 255 191 255 78 203 148 171 22 142 51 22 126 255 0
    255 7 212 255 76 38 236 75 58 0 236 0 152 237 255 49 255 227 255 84
    121 119 0 148 47 0 0 105 29 156 255 118 44 105 255 255 160 0 214 177
    255 49 101 0 223 0 0 199 255 0 0 158 13 155 242 217 249 75 0 177 0
    255 76 255 0 75 249 0 60 120 132 255 19 213 6 107 104 175 2 0 255
    165 0 82 65 4 220 173 72 112 238 0 140 113 122 255 255 9 9 208 144
    34 251 174 187 182 22 185 0 6 77 255 0 111 56 43 255 0 61 201 25 71
    255 115 0 124 255 255 143 0 0 224 0 255 177 255 255 0 146 0 83 0 0 0
    79 36 0 255 242 255 62 142 158 238 166 228 248 158 111 0 0 167 215
    253 10 0 31 255 255 255 237 255 98 0 0 0 230 255 182 209 153 4 0 101
    57 200 198 184 109 0 85 0 86 227 43 9 174 255 13 255 123 179 0 130
    255 0 215 11 255 9 166 147 251 120 228 62 255 0 0 48 0 159 163 255
    57 172 255 56 132 27 0 0 64 131 216 110 0 56 0 255 255 41 194 130
    255 230 100 255 205 143 255 6 170 0 68 255 0 14 50 0 128 23 255 0
    102 248 247 0 148 93 109 82 10 0 213 0 255 20 255 255 255 95 117 30
    255 0 15 255 0 254 255 113 199 225 118 59 14 0 21 146 255 0 212 144
    190 255 255 255 0 153 255 206 111 255 255 41 27 0 17 191 255 180 198
    0 0 0 162 255 0 255 191 181 143 255 131 147 138 0 64 255 60 64 0 255
    231 0 255 174 0 0 0 255 91 0 189 220 255 220 255 82 112 0 255 238 0
    102 0 0 0 255 140 88 0 201 70 255 117 21 198 91 33 209 108 0 0 0 255
    255 78 115 255 11 126 229 144 147 238 255 5 140 25 95 54 24 127 36
    64 255 39 173 255 135 0 255 0 255 255 0 132 117 0 170 223 0 58 0 174
    213 77 255 0 255 137 143 120 0 255 0 26 185 250 206 239 80 145 255
    69 43 0 0 255 222 0 218 20 80 91 162 229 255 118 223 119 22 200 255
    255 133 233 0 10 88 115 30 19 94 70 131 139 215 0 102 90 106 67 255
    0 255 181 255 255 159 63 105 0 214 255 142 36 189 255 116 146 255
    255 255 0 0 214 255 253 239 71 194 249 255 255 63 181 255 40 144 255
    183 186 113 255 0 53 123 0 185 172 43 221 6 210 0 0 30 255 79 0 23 0
    255 56 55 251 35 19 255 36 255 146 255 255 0 55 157 0 162 106 177
    255 211 118 97 58 200 130 0 0 255 20 0 250 37 174 255 87 8 207 141 0
    0 212 124 0 74 177 0 20 122 0 255 0 255 236 132 0 0 88 147 25 96 29
    0 145 255 173 100 161 188 21 131 255 255 221 0 255 26 0 121 43 41
    194 60 107 0 31 255 255 0 0 190 154 0 251 78 255 0 0 242 255 10 232
    255 0 191 201 0 255 0 6 28 0 188 65 0 222 0 255 247 255 255 255 255
    0 59 248 75 190 71 58 255 0 0 105 0 0 255 209 20 63 182 0 255 20 126
    255 112 0 255 255 255 255 255 191 157 255 44 255 255 0 0 255 21 6 26
    205 255 0 255 255 231 227 0 214 0 255 17 8 107 161 44 255 224 153
    255 0 0 83 81 0 191 247 216 255 228 229 0 202 255 56 52 120 255 207
    203 222 0 61 175 31 0 255 63 35 0 255 12 74 255 0 187 212 0 0 110
    213 0 0 232 255 0 249 255 0 229 217 0 255 47 31 207 222 255 85 0 0
    255 255 0 120 0 255 255 47 208 85 0 177 211 0 120 178 240 71 0 126
    255 0 157 0 0 9 141 75 187 0 168 174 252 0 117 60 62 125 137 235 16
    255 154 251 183 0 224 195 85 255 0 101 77 10 255 203 0 119 31 0 238
    0 255 171 181 150 219 137 68 255 0 56 23 255 48 255 135 255 233 238
    30 0 113 255 107 0 63 55 0 255 132 121 168 0 58 7 193 0 235 183 5
    156 30 30 124 48 255 0 102 183 13 36 0 186 11 255 135 20 63 102 90
    74 230 52 27 154 93 93 143 86 0 0 255 5 0 10 0 51 158 194 255 76 255
    203 0 110 112 175 0 255 255 0 225 208 97 15 0 0 0 176 118 9 255 232
    255 70 0 255 142 68 120 137 43 240 11 7 255 100 241 82 214 240 120
    195 23 20 0 89 203 255 244 124 0 222 211 0 255 255 150 255 0 255 187
    105 17 251 255 206 60 168 255 191 213 255 167 220 91 255 106 246 235
    246 59 130 255 161 0 135 41 117 150 245 255 125 130 254 168 53 255
    170 150 142 38 125 180 64 0 0 78 0 143 255 125 85 0 0 255 48 132 219
    0 72 168 104 15 255 255 105 0 255 255 117 255 180 0 255 71 181 231 0
    255 0 8 255 185 0 232 255 0 255 195 255 164 161 157 10 71 37 33 245
    197 222 112 237 164 0 74 90 0 44 22 126 15 222 0 19 46 62 148 187 47
    255 29 255 75 0 170 0 241 0 186 189 0 110 113 174 191 86 255 224 136
    141 240 213 222 0 224 5 46 0 72 99 0 255 0 78 50 182 255 100 29 255
    49 42 255 162 21 23 91 158 73 224 237 255 41 255 186 175 78 205 201
    0 0 0 143 151 255 128 255 55 0 0 156 160 255 0 255 255 255 255 171
    134 90 9 105 131 7 123 191 0 175 83 0 192 247 255 255 82 191 154 216
    0 142 255 0 255 136 139 236 131 176 255 16 4 0 195 98 255 0 163 149
    179 215 255 255 0 255 221 0 0 110 255 239 94 76 58 207 62 121 7 255
    0 0 126 44 255 86 57 150 0 103 105 255 229 0 255 252 175 74 255 170
    255 221 24 59 110 117 68 88 247 11 255 199 0 255 162 6 124 255 255 0
    87 172 255 255 255 255 0 255 255 255 255 0 0 174 38 80 191 255 247
    218 64 89 255 180 24 125 95 176 225 0 76 221 0 186 0 0 46 0 255 255
    0 97 22 108 106 58 73 0 255 103 0 255 126 255 255 148 207 255 44 18
    164 192 96 255 255 0 0 245 104 247 255 216 0 255 49 0 230 108 142 0
    84 0 114 0 54 255 113 0 99 168 46 142 130 35 66 160 215 221 140 181
    171 180 255 0 221 152 139 58 233 0 10 230 0 255 0 140 255 130 154
    111 140 21 126 93 36 142 0 236 255 0 0 196 229 0 43 255 0 221 210 32
    14 0 47 175 0 132 167 210 0 155 106 255 34 16 0 8 255 0 255 172 0 0
    3 0 38 43 0 234 68 16 169 0 129 43 173 104 0 255 255 0 26 74 255 2
    114 65 237 27 159 0 69 132 27 255 140 63 226 74 125 188 165 113 56
    146 0 255 154 137 181 26 255 236 229 207 0 176 255 0 156 0 173 185
    175 36 255 253 104 76 255 0 28 100 255 243 215 70 95 128 0 255 255 0
    55 250 192 212 67 125 243 255 241 0 188 190 0 88 0 0 255 100 110 255
    179 255 76 228 249 255 255 117 75 213 255 179 29 22 255 61 0 240 241
    136 0 253 92 245 0 255 131 255 31 0 237 165 255 46 178 176 198 58
    110 0 0 0 0 92 128 168 154 152 206 76 255 47 11 255 229 119 166 255
    250 0 81 227 18 10 53 128 69 10 80 255 124 25 89 0 36 97 254 0 206
    198 0 216 73 255 0 240 75 255 255 120 217 212 164 245 144 0 73 0 90
    60 241 89 255 230 200 239 0 80 232 104 97 100 23 0 255 0 162 255 181
    255 21 255 255 23 57 254 255 0 45 38 255 251 57 255 255 111 67 22
    150 10 1 0 0 115 0 205 1 0 223 255 57 0 151 0 255 196 95 63 70 52 50
    235 26 0 255 40 169 172 255 105 232 255 21 83 7 211 255 143 0 112 21
    22 129 73 255 98 255 0 52 255 0 52 52 149 186 255 255 236 213 217 0
    0 141 106 142 4 37 178 61 250 188 0 0 125 19 186 0 255 255 114 133
    94 88 255 183 130 135 112 216 0 112 0 125 185 0 61 255 153 103 0 255
    159 0 36 173 161 50 0 255 197 105 135 247 83 253 187 233 255 236 0
    142 127 86 245 255 203 255 193 7 175 240 255 255 255 46 0 116 72 141
    13 98 0 183 123 145 16 156 0 0 8 200 76 32 228 11 176 229 87 0 0 60
    255 0 218 176 111 55 255 0 125 0 0 0 188 168 167 144 255 24 105 21
    31 163 219 64 26 182 58 171 0 28 0 0 161 0 117 71 0 39 0 0 72 184 31
    4 239 255 255 255 255 32 8 86 110 185 76 115 0 82 193 138 88 244 207
    140 0 0 187 0 78 0 93 160 0 255 0 122 16 169 0 19 193 150 102 255 80
    0 188 219 0 26 255 0 0 37 162 122 255 250 238 46 159 249 196 20 0
    166 255 94 145 0 82 0 204 255 248 255 255 81 0 255 209 27 229 0 102
    0 113 31 112 140 179 171 31 0 147 27 0 0 198 60 255 255 0 138 255 45
    0 0 162 255 139 0 111 184 69 20 0 233 238 60 76 255 63 109 255 17 21
    118 255 0 255 227 255 178 14 255 255 147 83 13 193 165 41 89 255 255
    0 255 214 112 0 93 123 207 208 255 255 0 69 255 182 208 164 240 110
    105 196 200 175 191 0 0 27 0 0 0 168 48 90 255 223 0 16 255 56 0 5
    123 92 163 19 255 255 255 255 0 5 125 91 168 13 175 37 20 255 84 225
    223 213 250 255 0 0 255 178 0 0 54 255 250 24 179 255 255 246 255
    255 255 168 43 0 150 204 206 222 233 158 255 50 192 255 0 0 255 255
    0 127 255 238 19 255 225 233 13 0 36 210 255 107 255 0 69 13 0 255 0
    78 0 255 92 190 196 255 51 136 222 80 0 0 0 27 238 144 0 255 245 46
    123 69 255 255 232 255 137 0 246 64 255 89 0 85 184 0 0 255 58 0 78
    117 146 195 0 4 79 245 98 71 125 255 111 69 50 195 255 137 31 105 41
    0 132 200 219 51 255 182 214 74 223 183 53 0 183 213 194 0 14 255 0
    0 54 33 0 165 95 186 39 14 186 255 255 0 113 39 209 0 146 92 0 3 255
    0 255 229 6 1 114 41 103 200 231 108 255 62 255 91 137 255 200 255 0
    161 79 166 0 255 245 0 255 255 232 255 132 158 255 131 223 62 86 45
    40 64 132 94 0 191 144 55 199 109 134 0 0 8 76 255 24 17 231 226 235
    209 78 245 115 231 189 99 49 65 125 154 255 179 0 169 255 0 41 255
    255 0 41 255 145 255 31 0 255 221 195 255 1 133 0 172 77 255 129 1
    130 125 149 0 255 0 95 0 104 251 0 150 0 144 0 115 234 154 255 70
    153 197 236 0 239 235 0 0 255 156 251 50 255 23 0 135 197 191 255 21
    21 0 177 0 59 133 134 73 188 0 112 50 146 248 58 216 255 0 83 230 0
    248 55 171 239 255 198 166 255 34 21 75 0 48 0 0 130 120 147 193 34
    169 0 0 255 0 120 83 46 238 127 91 255 245 9 33 210 81 0 85 189 35
    74 195 255 203 255 255 255 133 252 255 0 207 182 0 64 199 245 164
    103 159 52 175 43 176 152 202 0 127 10 0 33 255 11 185 49 44 255 181
    0 0 201 127 233 92 255 69 98 103 31 248 0 10 0 2 23 0 21 1 20 103 0
    190 63 0 23 7 111 126 0 107 64 165 255 213 0 232 60 0 0 255 215 172
    255 194 0 255 122 196 177 115 0 255 137 0 12 108 220 0 255 155 40
    192 255 6 255 194 197 255 208 0 0 0 82 48 255 34 44 184 63 246 207
    196 253 255 255 106 180 119 255 111 255 0 244 235 104 141 0 49 123 0
    211 150 0 128 16 105 216 47 235 0 255 25 12 89 232 213 0 70 68 3 197
    179 0 0 78 234 10 192 96 68 0 168 164 244 225 232 255 0 255 212 9
    255 255 62 234 45 255 0 0 255 134 240 0 0 5 183 158 214 225 246 255
    0 179 255 155 0 0 155 106 166 255 230 170 0 192 143 129 71 81 255
    100 162 255 93 255 255 132 0 255 169 218 0 0 255 152 0 222 179 221
    255 218 184 25 166 236 218 128 0 62 255 102 65 255 0 37 158 215 125
    138 235 63 30 32 255 255 255 249 91 112 107 32 87 255 58 169 0 12
    113 188 255 0 31 99 0 28 130 130 255 28 255 30 137 214 87 255 104 47
    255 131 0 34 200 237 0 0 210 97 0 185 0 252 199 233 255 188 166 205
    0 0 0 199 0 255 210 60 0 139 13 0 255 166 74 10 15 143 0 0 43 67 0
    223 255 146 0 83 237 179 211 0 180 0 217 0 210 0 0 44 0 36 165 18
    112 0 161 192 252 128 255 220 221 0 255 12 255 255 11 110 137 147 0
    1 0 255 255 228 168 0 30 153 16 255 47 0 255 255 255 253 5 0 31 240
    85 181 0 27 19 183 91 0 188 236 70 255 0 255 82 78 63 100 35 71 1 23
    77 219 14 0 230 0 0 255 0 240 252 214 255 255 165 255 0 195 255 252
    163 0 0 255 255 79 0 0 248 0 0 235 34 255 2 0 146 0 47 255 255 225
    167 6 62 255 114 92 255 156 58 0 0 68 70 0 133 65 0 130 241 114 255
    35 0 160 26 96 0 0 234 228 51 255 0 191 255 95 153 255 255 107 24 0
    193 26 255 211 167 69 155 255 255 9 0 199 223 79 0 229 255 104 102
    255 94 87 207 121 247 196 18 68 189 17 205 255 58 255 154 149 200
    255 255 129 240 255 97 124 65 40 238 56 209 140 110 255 204 0 255
    255 0 0 0 122 255 89 255 151 66 157 48 228 51 0 181 104 5 169 0 255
    0 255 255 76 40 250 141 141 149 226 182 60 0 255 0 0 255 31 165 156
    63 1 120 32 66 12 0 89 126 165 245 255 0 0 221 79 255 3 255 72 255
    206 226 0 0 0 0 91 248 255 16 255 0 255 236 54 221 99 238 64 49 107
    51 255 16 74 0 229 213 34 50 242 10 251 0 4 224 191 35 78 123 255
    255 206 140 237 255 213 17 0 112 171 0 21 50 0 204 0 9 196 246 159 0
    19 0 24 201 0 212 141 212 0 255 197 0 255 0 0 0 126 246 101 0 255
    120 43 106 255 154 161 11 147 228 139 255 62 1 19 0 55 227 235 0 214
    175 42 230 104 165 100 0 62 156 25 99 255 77 0 128 167 213 0 183 21
    127 231 255 0 255 0 255 207 0 166 29 0 161 0 143 111 255 88 255 48
    200 255 50 0 27 255 107 7 255 255 103 0 16 0 45 130 128 0 201 0 77
    121 0 0 182 255 140 4 187 211 6 203 255 174 237 28 174 65 0 149 17
    105 163 255 0 215 255 255 189 167 105 255 244 99 255 185 40 29 0 255
    185 138 0 148 0 246 63 129 143 251 237 101 255 255 147 4 71 0 0 167
    211 50 150 160 153 67 0 231 0 124 0 99 255 0 41 251 0 211 82 114 0
    110 142 36 255 255 0 169 255 2 255 0 5 182 13 56 65 255 0 222 196 0
    0 238 255 0 0 106 24 241 162 27 39 0 33 159 253 0 186 157 164 32 0 0
    166 0 210 107 255 153 0 255 0 0 75 95 28 183 0 175 249 58 130 0 8 74
    0 255 51 186 166 245 250 229 0 212 255 139 45 0 255 128 255 65 0 161
    143 255 12 0 255 58 255 255 0 255 214 116 92 122 46 210 105 42 0 49
    255 157 186 255 27 18 0 254 26 42 106 95 255 230 213 0 0 216 155 255
    195 114 125 255 255 255 145 80 226 255 8 179 203 203 160 255 255 40
    255 255 53 113 106 225 190 255 255 255 88 69 255 251 0 191 0 0 68 82
    0 225 255 255 127 11 0 255 66 235 21 0 133 45 206 158 0 226 118 217
    181 0 255 0 162 255 255 255 0 130 0 0 78 24 121 0 204 141 94 0 185
    39 249 255 24 255 0 193 116 255 213 0 205 177 255 52 255 51 0 0 255
    123 184 90 151 255 128 81 0 193 0 116 54 40 25 2 0 135 14 90 255 185
    216 231 159 0 44 148 209 22 255 153 191 216 64 0 0 255 0 0 0 228 255
    0 189 0 0 93 255 0 255 73 0 255 10 201 255 0 20 0 255 90 0 24 0 139
    175 0 187 45 16 93 33 51 255 0 163 0 255 90 50 170 0 94 255 27 5 225
    255 255 0 53 255 0 0 148 255 40 159 255 0 181 9 89 242 15 140 0 132
    41 0 18 128 113 127 76 171 255 255 83 164 50 58 47 0 218 151 252 57
    202 221 255 255 0 213 32 0 255 255 0 255 95 104 255 0 60 255 0 255
    255 250 155 28 186 0 0 49 249 255 237 0 89 86 44 27 255 0 39 145 17
    197 255 34 187 123 158 0 134 18 123 255 226 0 222 112 8 181 255 0 87
    199 30 251 180 0 246 0 61 24 0 255 255 111 119 252 4 170 255 205 59
    167 0 131 51 255 0 255 255 255 120 0 0 55 4 6 126 34 138 47 50 98 68
    229 0 136 216 167 166 186 89 6 0 209 0 137 56 102 156 0 20 0 101 192
    83 255 255 174 9 0 255 255 7 0 0 255 0 0 255 90 89 9 50 46 90 0 199
    7 185 75 229 0 255 64 185 255 160 105 255 198 0 25 24 101 255 130
    100 255 0 0 108 0 106 0 0 86 43 216 103 11 194 0 255 220 255 122 28
    255 233 45 255 96 30 65 32 255 84 255 255 255 94 0 255 192 212 0 159
    102 0 66 255 66 33 99 168 127 21 255 229 53 255 0 99 238 0 255 0 54
    255 0 0 55 0 181 255 249 255 191 4 255 0 197 188 160 246 255 2 255
    255 18 255 180 119 85 255 0 3 0 185 49 217 0 36 41 0 253 95 0 0 55
    54 255 129 0 255 104 151 3 7 119 73 249 255 223 227 35 199 60 84 0
    82 255 190 255 0 44 0 232 30 20 255 255 140 148 255 123 78 186 255
    223 0 95 255 255 9 196 0 0 234 73 180 35 223 216 15 160 108 0 115
    255 0 27 170 0 121 112 0 51 204 30 62 53 211 255 0 241 0 93 106 195
    255 43 19 229 181 18 255 34 230 255 255 0 202 255 0 0 39 183 239 201
    163 0 151 247 216 245 242 0 255 0 0 153 208 94 232 62 23 255 133 0
    255 140 154 12 206 52 255 92 0 17 243 4 255 134 0 147 164 68 197 154
    195 255 255 26 62 255 246 225 128 0 227 18 0 170 255 255 0 247 131 0
    110 255 0 130 255 0 255 134 218 76 255 112 0 255 255 0 0 118 204 7
    213 185 95 94 8 168 0 22 18 61 255 74 78 157 67 3 53 0 255 255 255
    39 64 0 134 60 255 59 182 117 221 0 36 0 255 173 0 123 255 53 157
    134 224 52 217 207 255 255 194 37 116 183 135 46 0 0 4 0 160 168 42
    204 58 0 79 225 0 117 28 255 141 0 215 135 126 0 0 17 73 79 28 16
    246 214 102 192 35 46 213 160 255 145 255 61 74 191 0 255 230 12 128
    255 0 128 79 38 142 0 175 255 56 0 172 180 106 0 255 68 66 255 167 0
    255 119 4 0 91 187 2 112 58 179 106 132 165 196 38 157 101 110 0 255
    209 53 63 0 245 215 147 149 147 146 110 18 83 67 255 162 1 244 29 52
    137 48 17 231 37 139 231 214 244 187 33 0 255 0 118 74 206 34 9 206
    151 37 255 255 0 54 147 178 59 173 232 0 230 21 218 0 0 26 3 127 0 0
    174 0 245 169 245 168 66 2 255 255 255 227 136 255 71 255 98 141 167
    255 242 184 242 255 194 74 26 56 0 0 0 215 187 19 158 255 22 231 210
    238 203 240 117 255 93 0 19 0 255 205 184 49 74 209 255 255 106 63
    215 255 0 41 255 54 231 250 255 0 235 140 0 0 0 0 255 168 15 184 255
    255 32 240 136 146 229 163 153 254 0 0 255 188 255 58 230 102 50 12
    105 78 228 0 151 248 255 209 33 255 0 36 0 255 255 177 187 166 0 0
    67 143 92 79 83 209 0 0 233 21 224 0 118 70 135 234 236 88 255 0 255
    0 255 255 156 228 249 25 0 242 255 234 255 255 171 73 40 0 0 55 69
    148 105 43 255 233 0 89 124 10 214 0 112 10 255 65 39 0 195 110 148
    255 121 69 1 0 225 217 0 115 255 0 0 255 95 216 156 171 156 255 23
    219 244 255 202 208 255 125 0 100 0 212 24 116 118 36 62 52 93 0 225
    0 255 125 48 179 147 242 117 255 45 0 0 215 0 0 109 195 119 199 21
    79 255 96 134 189 140 255 203 217 255 0 242 255 98 0 0 0 120 59 145
    93 255 128 16 41 35 255 27 221 255 65 25 3 157 0 255 255 201 140 255
    232 39 26 17 255 255 255 236 45 255 255 185 253 37 255 235 0 145 0
    11 154 255 163 95 0 222 0 248 0 0 5 0 112 0 4 255 182 0 0 10 170 77
    40 89 9 152 95 0 70 169 224 255 145 0 15 152 108 255 0 0 88 0 255 57
    11 129 122 0 237 109 3 255 195 105 189 255 162 255 255 10 16 255 0
    255 0 232 40 255 16 93 0 25 32 116 255 236 0 0 140 255 33 27 51 25 8
    116 238 236 243 103 115 29 0 143 255 0 255 242 101 255 228 92 0 0
    255 59 121 140 0 105 183 163 0 160 215 255 24 179 148 205 102 84 212
    168 255 112 0 109 255 226 138 0 255 18 0 89 143 252 80 23 255 193
    208 110 201 210 64 8 148 101 65 0 73 223 0 157 0 130 214 255 255 92
    131 33 67 255 0 255 9 214 25 187 0 123 190 0 185 67 0 92 255 255 0
    175 0 158 230 10 56 168 0 71 49 255 0 0 151 9 0 18 255 141 191 113 0
    61 255 90 165 119 115 14 255 27 180 108 81 4 121 237 152 255 85 0 93
    0 239 255 0 235 255 255 255 90 194 149 0 180 255 40 0 159 66 89 126
    255 26 255 0 160 0 247 111 129 139 255 0 193 0 90 0 71 0 185 69 0 62
    255 9 255 180 3 0 255 25 141 0 255 0 0 143 105 255 255 74 255 0 73
    192 0 255 167 173 212 255 92 255 101 255 59 0 162 6 0 135 147 0 255
    0 157 0 170 54 152 39 28 135 69 19 9 80 36 255 178 255 255 0 58 0 0
    175 201 255 0 34 255 255 200 54 108 92 74 255 0 255 79 180 0 0 85 49
    48 255 53 214 128 21 255 102 163 0 0 12 249 46 80 5 0 0 255 255 50
    83 141 218 53 49 200 208 255 65 210 0 19 255 64 226 201 255 118 0
    255 0 255 245 64 239 0 44 0 181 130 255 0 255 3 0 115 174 98 0 0 251
    130 139 0 33 26 205 0 197 0 0 250 86 0 147 68 183 0 171 73 233 148
    255 255 0 255 171 119 255 255 9 49 255 255 219 0 160 224 177 157 88
    255 108 255 235 0 219 0 118 99 255 68 156 237 197 0 120 232 255 170
    69 255 134 49 255 69 217 206 212 22 2 147 0 56 108 0 99 13 32 136 0
    33 255 201 219 255 165 4 90 0 0 106 242 219 247 138 198 25 7 255 0
    11 255 94 19 118 90 119 218 48 77 115 255 83 0 0 160 186 112 25 84
    255 208 13 97 112 255 0 139 167 0 52 185 20 41 168 255 69 195 68 0
    29 255 0 241 255 68 176 255 255 33 255 0 255 0 0 10 231 70 116 75
    179 255 134 255 255 252 255 255 187 255 25 0 255 185 0 86 0 0 0 155
    255 190 154 255 43 24 45 37 180 86 150 214 0 186 211 129 186 83 200
    187 255 249 247 38 62 0 217 0 255 206 155 166 255 198 77 129 68 174
    62 255 115 122 255 94 134 78 176 211 130 93 0 201 24 9 130 255 204
    255 255 94 23 38 86 38 100 229 4 95 0 84 0 124 210 191 109 40 255
    255 233 255 227 255 9 0 0 249 205 179 0 72 104 255 114 255 255 9 109
    26 42 49 0 111 229 55 23 59 233 116 255 253 255 228 255 3 223 255
    173 255 250 255 108 0 75 174 0 19 59 0 255 255 239 174 94 130 159 0
    255 0 70 0 21 195 47 109 124 167 59 255 246 76 255 122 19 195 43 246
    41 87 59 255 255 156 0 255 0 64 0 45 43 255 0 194 38 153 225 131 255
    0 255 0 255 70 3 197 156 220 0 255 0 109 229 141 230 255 24 0 0 135
    9 0 96 219 89 27 255 85 14 175 95 110 0 25 0 115 170 63 0 255 0 233
    255 73 106 57 115 255 170 255 40 0 18 255 0 255 227 31 255 255 213
    255 171 255 0 152 212 0 206 240 232 107 255 237 250 77 0 0 0 142 183
    255 255 110 0 88 202 81 223 0 0 0 0 255 192 188 255 0 255 0 0 153 0
    54 89 255 255 255 255 226 0 192 33 177 152 77 243 230 163 227 255 82
    255 79 187 72 233 0 181 254 0 190 243 61 217 0 188 37 204 99 177 76
    236 255 255 255 3 0 25 252 85 206 183 33 158 255 0 132 226 0 22 72
    58 65 110 0 128 0 93 32 58 177 255 102 0 164 0 73 242 255 14 116 0
    109 30 9 0 45 39 88 186 74 255 0 255 255 0 0 255 0 252 249 120 86 0
    89 10 0 0 72 255 95 206 18 201 255 168 144 0 233 206 213 44 80 128 0
    0 255 255 92 125 193 0 229 177 0 255 0 136 70 0 0 48 46 0 0 219 26
    57 255 255 255 251 0 255 32 255 111 13 183 0 60 142 39 112 28 40 0
    255 86 243 117 221 0 21 51 255 255 0 255 196 39 139 0 250 89 255 93
    255 255 255 0 255 0 0 0 18 255 178 41 0 20 0 142 255 255 228 142 77
    164 0 13 14 25 0 255 144 0 147 174 162 255 122 0 26 153 118 0 102
    130 29 192 98 94 0 191 255 70 183 242 160 210 255 253 255 21 38 0
    255 0 37 105 94 132 248 236 105 178 0 245 54 0 0 119 63 255 3 177
    251 83 55 255 124 0 112 49 0 0 0 21 255 65 0 65 89 183 0 252 245 0
    160 125 95 1 207 106 106 0 0 148 0 254 255 0 236 255 0 72 197 43 53
    255 146 223 255 200 255 172 144 255 113 0 162 115 181 53 48 140 0 0
    210 44 0 0 188 64 0 0 108 224 0 128 113 6 255 95 0 46 144 90 182 0
    255 255 0 196 7 255 53 255 255 255 0 65 36 255 207 255 57 15 114 241
    175 15 255 103 89 0 0 183 204 143 0 255 0 31 91 25 177 174 30 253
    240 255 175 255 208 170 255 61 255 211 0 0 255 38 8 64 122 162 216
    33 85 133 74 142 34 0 119 41 0 0 14 0 255 255 255 0 51 19 255 255 49
    255 0 255 118 255 250 136 146 255 172 214 226 0 115 55 158 43 0 137
    222 0 255 181 243 180 121 255 103 31 55 72 113 255 255 137 0 38 211
    92 150 0 61 103 0 255 160 211 80 0 216 170 227 16 255 84 0 0 255 0 0
    66 129 13 138 110 249 40 202 206 29 0 21 151 66 243 0 78 255 147 36
    0 109 124 49 25 255 14 193 40 222 125 202 0 28 0 56 80 101 70 61 82
    216 0 0 230 93 0 100 169 0 50 114 67 98 211 3 240 240 0 175 0 0 0
    116 58 255 149 144 207 47 43 0 204 148 22 48 155 194 60 210 154 209
    7 0 0 255 255 0 255 44 255 228 0 0 35 0 218 26 0 0 132 242 0 131 193
    0 0 153 101 103 251 255 55 160 85 245 0 148 255 0 255 0 0 255 0 0
    255 15 205 208 202 255 255 108 3 0 0 158 6 53 17 9 0 208 255 255 0
    113 0 0 140 61 169 183 0 111 214 25 255 239 255 0 212 255 45 0 129
    255 0 0 255 187 118 116 82 0 133 152 102 54 0 254 32 143 0 138 130 0
    199 243 255 255 210 105 0 178 58 215 163 0 250 0 237 113 164 251 0
    99 255 137 251 120 0 140 237 15 177 0 255 115 0 127 255 178 255 1 49
    193 234 233 218 180 3 126 255 35 218 142 255 0 195 194 255 0 155 108
    80 0 0 255 14 31 190 211 172 255 1 13 182 0 63 163 0 181 221 145 213
    245 196 204 52 47 0 255 0 0 255 0 120 154 151 201 255 255 255 145 0
    185 219 224 8 0 51 119 6 169 121 169 160 255 166 191 255 196 255 128
    255 175 114 0 79 175 0 205 255 225 199 255 73 255 255 233 255 126 83
    255 0 0 253 73 47 46 241 196 214 99 18 255 0 73 182 255 255 0 255
    200 253 142 250 0 95 40 255 80 224 223 172 0 49 179 251 158 205 255
    182 136 0 253 188 244 133 255 255 0 213 191 117 255 150 0 163 0 60
    175 173 0 56 0 124 118 41 124 139 23 123 131 116 255 177 0 195 51 98
    255 199 211 171 0 0 0 212 28 159 0 0 0 128 57 145 0 255 255 46 255 0
    255 47 61 94 0 0 5 85 5 146 0 113 135 255 222 137 41 92 255 143 52 0
    255 176 0 115 255 0 44 255 108 255 255 0 0 0 0 130 255 255 208 161 7
    0 0 209 159 0 128 48 255 235 53 255 0 129 5 131 14 255 33 167 0 245
    163 60 161 255 8 9 209 0 162 0 146 0 21 252 146 248 165 0 157 247
    158 255 255 249 211 35 224 82 0 47 49 255 169 226 0 208 146 162 95
    42 152 255 146 211 218 146 63 232 107 0 255 255 179 9 0 50 237 255
    61 0 0 146 108 0 0 0 91 19 75 0 0 0 0 0 255 166 12 0 255 0 250 68 94
    0 132 255 144 117 238 255 216 0 83 25 169 0 137 86 255 255 213 6 123
    44 222 165 38 96 37 204 230 0 88 107 0 245 233 68 255 108 255 255
    213 27 157 255 255 0 219 0 0 75 15 0 255 90 39 28 255 185 0 203 255
    224 0 0 71 94 77 0 155 0 176 224 18 255 0 255 193 255 142 133 92 252
    20 165 46 209 179 0 0 0 39 23 6 25 187 0 0 255 50 248 44 2 234 74
    255 149 15 55 216 0 82 0 255 119 13 81 104 62 0 205 0 122 15 15 110
    162 255 70 218 255 255 75 57 83 44 0 242 240 54 5 0 173 10 255 25
    181 80 75 86 210 13 255 6 0 127 73 0 124 255 93 11 255 243 32 255
    173 195 255 57 114 1 142 0 82 160 238 0 255 255 57 203 0 235 144 142
    0 255 0 131 243 48 215 39 255 190 0 59 4 163 255 146 54 0 255 207 0
    99 104 95 157 90 255 133 29 97 0 181 0 38 221 137 255 206 223 255
    206 220 65 0 255 81 184 96 224 255 255 255 38 227 134 67 74 255 255
    255 255 44 219 209 232 55 2 122 255 255 107 17 0 226 145 125 122 181
    254 0 73 255 255 173 0 107 109 0 13 210 255 106 0 248 0 156 255 255
    173 16 0 255 233 0 217 0 67 0 0 255 255 204 52 255 255 2 43 0 205 51
    18 23 26 255 255 43 233 255 0 141 58 77 30 227 89 0 0 27 16 74 255 0
    163 165 171 255 61 0 189 99 0 171 0 255 102 149 0 0 0 249 159 173
    144 0 131 0 255 157 0 76 51 255 157 165 185 0 95 9 41 59 19 137 223
    255 255 35 255 0 0 0 114 129 92 159 48 255 0 255 157 0 147 108 120
    243 84 203 252 125 27 135 220 0 0 148 255 255 49 144 55 123 8 255
    255 0 255 143 23 56 252 44 175 0 206 76 233 255 0 226 22 24 142 0
    183 130 230 41 0 167 225 253 118 255 31 0 255 0 0 255 252 82 142 12
    188 236 3 12 255 133 96 255 0 228 255 163 255 255 47 37 255 241 252
    255 104 255 150 231 3 0 255 190 215 0 0 166 174 131 246 44 0 4 85 69
    0 158 0 255 42 216 249 155 255 70 198 0 255 255 11 0 46 255 207 255
    246 150 255 80 49 136 0 214 0 0 26 0 0 255 77 255 0 80 251 0 255 144
    0 0 4 241 75 200 131 255 255 243 255 203 255 255 16 164 147 199 42
    215 229 255 255 182 0 255 36 255 0 255 28 158 122 138 255 166 70 0
    163 124 0 255 19 0 189 42 45 0 255 255 0 0 241 60 0 66 219 0 255 220
    255 219 159 251 0 255 12 0 255 255 245 11 255 226 0 67 255 246 68
    124 228 0 255 255 0 255 255 242 255 17 255 72 194 255 156 184 0 255
    255 49 0 204 168 48 0 140 247 255 112 0 32 108 255 85 0 98 220 255
    255 203 193 23 0 65 186 255 237 160 0 255 9 84 255 90 128 255 0 51
    183 36 11 243 235 179 70 0 139 133 0 191 0 255 231 38 255 209 255 1
    51 0 122 91 0 240 21 141 18 255 101 255 177 252 255 255 255 112 88
    20 128 0 129 45 127 208 134 255 251 0 255 255 213 46 0 255 20 255 0
    10 255 217 207 173 124 0 255 0 68 168 8 19 23 236 255 255 150 40 230
    135 248 156 96 255 242 114 225 194 68 0 214 241 0 255 164 0 64 255
    62 87 123 58 255 255 139 215 151 60 255 100 220 255 110 0 33 179 78
    244 240 255 47 161 14 24 255 47 198 0 0 56 130 0 219 39 196 255 25
    74 233 101 0 22 111 255 110 255 0 255 13 85 255 47 200 59 191 0 144
    223 80 255 109 216 255 0 153 0 0 0 126 84 56 87 255 145 255 11 197
    255 26 211 26 148 143 255 131 16 0 197 184 195 0 0 133 0 210 65 0
    177 215 218 12 192 185 0 255 0 200 0 255 181 0 0 255 255 46 70 114 0
    0 81 76 9 255 140 102 0 0 102 191 38 213 0 88 31 228 255 0 244 214 0
    65 255 193 0 110 236 53 18 202 255 79 147 52 44 79 255 129 255 168
    208 255 125 154 35 121 255 219 138 244 142 0 155 255 231 74 255 255
    123 0 255 255 222 124 84 188 55 144 86 51 0 67 0 0 255 119 217 7 179
    126 0 80 0 71 254 198 49 0 56 12 93 249 250 79 116 128 197 43 190 0
    9 105 61 43 15 0 193 36 0 80 72 255 0 117 0 150 24 21 165 187 0 193
    227 120 69 39 255 54 145 222 42 208 30 0 205 0 135 0 36 0 162 46 255
    116 49 255 139 133 186 255 134 255 34 142 227 149 0 53 255 45 96 99
    51 32 0 147 128 50 0 166 0 215 105 255 0 18 76 134 255 0 255 131 219
    255 255 255 255 37 0 194 255 115 255 255 84 0 0 255 0 193 255 0 48
    15 27 35 27 255 202 254 227 222 0 222 8 173 0 255 254 0 255 0 0 10
    255 225 253 241 132 255 255 0 0 126 237 0 255 236 249 157 35 255 0 0
    77 255 213 0 24 255 0 124 207 62 222 81 210 117 255 255 255 54 155
    187 255 8 0 178 94 235 0 32 224 122 255 164 28 255 27 0 0 255 0 219
    255 255 21 0 163 245 118 255 252 156 64 0 120 0 0 164 0 0 98 0 134
    33 92 255 0 255 0 0 0 160 0 0 0 255 247 188 139 255 91 118 162 255
    255 0 33 255 222 44 255 32 2 122 255 255 0 109 161 169 255 0 255 154
    0 0 99 0 87 30 21 0 91 244 231 37 74 255 0 0 255 0 196 0 176 55 132
    0 244 132 182 177 0 147 137 186 0 255 0 0 4 68 145 0 0 185 255 135
    214 175 63 241 252 0 97 112 76 0 239 199 85 255 98 224 20 72 182 0
    125 95 173 255 42 11 0 190 119 63 32 170 15 159 255 1 0 7 0 19 23
    133 131 251 247 242 255 0 161 36 154 182 181 136 0 0 114 170 0 198
    249 230 0 95 255 0 48 3 179 26 107 255 170 145 138 255 255 152 255
    76 182 0 0 0 77 252 38 255 29 47 242 25 118 214 0 0 164 222 250 71 0
    246 211 173 230 78 255 70 220 255 37 12 248 0 226 215 206 103 255 90
    255 32 255 255 0 114 186 255 228 13 13 255 0 255 143 228 0 0 81 138
    87 150 97 0 106 8 0 109 0 50 96 15 36 96 66 113 234 20 255 198 20
    216 255 255 57 184 255 255 31 208 0 163 26 14 0 89 99 101 255 43 189
    0 129 0 195 0 82 0 255 158 233 169 255 20 129 65 233 255 255 109 236
    255 216 255 0 255 0 93 1 122 0 196 182 90 255 13 255 167 131 223 60
    255 241 228 19 34 0 0 217 159 255 21 22 23 0 0 0 0 155 124 100 252
    222 157 253 135 255 215 0 103 152 255 0 255 90 68 255 106 29 255 223
    213 255 213 0 59 0 173 255 21 255 0 62 0 250 175 6 0 77 118 0 255
    117 57 245 255 17 173 255 255 255 0 116 237 52 189 19 21 0 0 0 0 125
    83 157 42 163 99 166 136 94 0 181 255 61 192 255 129 0 75 244 255 0
    255 176 255 0 255 232 230 255 238 255 216 0 178 15 0 17 28 52 53 0
    143 96 91 187 82 255 255 0 23 11 223 255 99 255 255 255 0 239 118
    138 85 226 178 253 255 75 255 0 58 255 0 99 255 215 255 255 95 170 0
    255 255 0 168 100 255 236 70 0 101 172 255 255 255 0 0 185 0 178 216
    40 103 208 0 248 145 255 12 0 248 9 72 45 0 236 0 59 120 234 156 156
    0 149 129 243 68 122 0 253 242 39 165 5 185 0 183 194 124 0 255 255
    208 253 255 191 34 255 231 255 0 132 171 169 205 255 20 119 255 125
    26 86 199 167 0 145 128 210 207 0 255 144 0 88 245 166 134 204 0 0
    178 0 220 0 255 255 255 0 255 9 205 58 70 255 36 101 255 36 105 101
    255 225 0 222 5 32 0 153 255 81 100 255 189 214 252 123 255 255 175
    218 61 237 79 6 0 41 85 199 37 21 226 26 0 238 255 144 0 0 255 237
    18 89 132 255 0 255 25 148 51 61 115 255 113 156 255 186 235 68 154
    255 88 249 242 255 95 255 255 84 245 255 224 255 0 211 127 255 210
    255 255 255 0 0 0 255 255 205 255 0 34 0 145 193 0 13 111 231 255
    108 77 91 151 0 23 255 0 255 171 45 77 227 29 217 0 132 93 0 0 170
    74 13 85 86 255 255 0 56 72 35 0 185 255 255 0 0 255 255 246 197 180
    0 0 58 130 255 143 63 103 0 148 108 255 0 154 226 196 232 33 255 255
    255 255 252 255 0 0 43 114 151 96 255 72 140 0 204 157 253 255 23
    152 0 25 255 255 121 68 0 173 149 127 249 180 255 157 86 189 0 91
    219 172 59 14 193 239 0 102 255 82 0 87 188 0 0 0 122 255 0 24 203
    209 55 78 230 252 176 255 246 0 251 0 134 176 0 71 255 89 255 0 64
    255 255 92 97 255 255 212 215 198 193 0 0 255 199 15 0 70 216 0 255
    0 190 59 112 255 222 255 255 230 255 96 49 51 255 0 0 89 73 251 160
    247 52 112 128 225 9 183 168 255 0 255 255 252 102 26 66 0 0 100 57
    23 181 141 157 168 0 0 175 255 6 45 242 255 56 68 0 32 129 0 118 0
    255 89 255 143 167 0 255 126 230 92 0 3 55 0 65 255 241 0 81 155 0
    73 255 40 224 255 255 251 208 255 255 0 0 255 247 191 117 239 0 39 0
    213 64 182 255 229 47 255 255 227 255 58 255 155 123 0 0 195 102 255
    0 255 129 255 139 0 252 10 198 129 244 0 132 0 45 255 8 255 255 116
    0 203 0 223 4 237 55 16 87 239 255 0 192 255 178 86 86 255 86 100 0
    43 255 0 210 253 221 6 119 255 0 0 148 39 0 157 32 35 65 144 255 81
    255 175 91 60 255 166 197 0 0 113 59 168 103 0 215 231 184 255 0 100
    255 10 255 173 69 0 0 255 255 2 201 119 254 0 13 97 0 132 167 237 95
    255 101 177 255 255 59 255 255 99 147 238 0 202 255 0 255 62 12 251
    124 85 157 255 110 230 96 255 16 38 96 0 255 0 33 94 56 15 90 255 41
    58 129 60 68 21 0 29 28 236 32 88 76 11 0 156 255 255 255 255 228 0
    23 255 58 105 255 255 9 255 206 48 118 0 38 237 130 153 101 85 3 251
    231 160 255 75 0 255 255 21 226 0 29 68 255 255 146 125 0 242 128 0
    189 0 0 100 255 118 29 3 35 59 57 255 227 254 0 0 113 149 229 116
    192 0 217 95 0 118 66 0 149 165 78 255 255 182 0 137 107 255 49 82 0
    255 214 0 140 140 100 0 80 255 159 99 221 128 255 187 247 191 255
    138 0 255 0 23 0 214 183 204 242 68 139 192 255 0 244 0 111 255 67
    255 0 0 0 220 173 66 28 255 106 182 250 80 61 184 255 255 201 208
    180 24 88 0 113 28 114 255 255 215 0 14 0 0 198 255 0 117 0 91 255 0
    244 255 135 26 8 193 140 154 4 2 207 89 0 144 255 0 255 22 255 42
    105 229 28 0 43 235 0 26 136 97 231 255 6 204 192 211 0 255 0 0 52
    255 163 24 220 255 42 255 48 29 255 0 19 0 255 0 0 198 111 42 1 185
    174 44 0 52 255 255 0 134 16 0 26 73 206 45 255 193 0 88 255 255 0
    22 255 221 192 19 0 125 14 111 171 175 255 0 72 25 191 255 23 52 255
    111 108 0 94 103 151 0 255 255 250 237 36 58 0 252 255 91 43 222 0
    175 38 0 255 0 0 255 255 31 255 29 150 58 63 255 0 0 246 0 151 255 0
    0 209 8 151 142 0 50 125 164 147 156 83 65 255 33 36 83 37 0 255 78
    196 242 131 68 42 24 140 74 221 65 60 6 236 38 79 255 0 255 0 25 255
    64 255 255 82 232 0 0 164 111 120 255 255 178 0 255 41 0 0 255 0 26
    255 193 99 255 255 214 20 255 61 0 255 82 15 255 135 6 255 163 255
    231 61 0 114 247 232 85 11 10 0 255 154 243 186 255 255 145 0 63 0
    125 237 255 241 150 255 7 232 186 181 211 185 138 221 41 255 50 255
    167 48 168 0 255 39 60 255 0 117 255 240 255 110 0 191 124 255 191 0
    49 0 0 160 141 100 255 209 193 43 15 0 0 46 29 0 142 3 68 145 88 255
    43 47 120 255 113 101 131 151 122 37 80 76 234 0 255 255 0 0 20 91 0
    255 239 205 41 0 255 46 91 211 143 192 0 73 119 111 1 255 0 42 61
    139 0 255 226 255 242 109 148 0 139 0 221 255 0 77 189 255 64 0 44
    27 8 229 255 215 74 248 75 255 70 0 200 0 255 21 245 255 211 255 86
    255 212 63 248 164 20 0 255 255 166 131 14 0 255 17 0 30 0 178 0 0
    78 202 196 28 152 255 72 123 255 0 222 0 170 161 92 109 93 203 255
    144 160 255 192 255 0 0 0 255 113 188 0 125 228 0 255 247 0 226 193
    50 15 226 0 43 226 188 0 120 0 9 255 115 255 144 105 156 50 0 0 251
    4 0 54 255 255 104 0 139 5 74 178 181 0 207 33 64 0 121 4 0 255 255
    254 255 255 152 255 255 117 0 224 51 255 255 0 233 255 214 187 241
    61 75 120 0 135 255 124 35 144 13 255 209 231 255 89 0 32 0 0 202
    220 86 0 103 0 0 0 249 101 255 0 176 255 0 74 0 211 0 255 68 155 241
    14 255 0 160 255 247 132 255 237 86 0 231 200 255 54 72 255 8 166
    164 218 255 255 194 191 125 38 0 0 0 31 0 127 84 150 0 127 205 255
    255 17 220 232 99 255 154 182 88 188 181 255 255 22 255 174 0 44 7
    255 66 0 255 181 0 113 0 255 205 0 153 0 222 0 0 77 247 222 196 121
    255 242 169 28 40 27 178 255 255 64 255 200 92 248 0 244 161 255 255
    0 255 25 255 255 166 0 255 255 0 182 0 115 95 171 7 0 191 0 35 255
    224 235 200 41 127 240 0 0 172 0 115 255 73 255 5 146 232 156 0 156
    17 62 132 235 0 115 255 0 114 255 59 0 248 82 171 204 143 242 77 12
    247 131 244 200 246 155 214 72 0 213 255 255 95 80 255 255 193 255
    238 136 182 255 56 174 79 255 184 0 130 0 137 227 248 64 64 19 207
    140 67 240 0 0 29 121 222 241 228 249 6 252 181 119 122 255 79 68 12
    45 43 79 202 118 25 173 83 245 18 255 0 255 0 53 62 190 172 56 4 146
    120 91 0 255 5 0 116 179 255 177 40 116 141 212 255 49 0 213 0 72
    255 82 185 0 255 31 100 246 86 255 196 110 66 32 255 22 58 8 86 255
    83 255 255 204 0 255 255 217 51 154 171 117 126 9 255 0 21 13 255 91
    217 0 114 82 255 255 85 255 39 113 115 255 0 0 79 113 96 165 149 111
    127 249 201 255 255 116 53 63 0 204 148 64 118 38 208 96 18 255 255
    45 0 244 54 58 0 32 194 255 240 0 255 49 82 139 173 182 0 206 99 134
    132 86 255 132 43 227 0 128 114 230 153 0 176 149 96 110 167 245 0
    102 192 19 105 54 255 26 153 0 255 97 94 38 0 198 119 198 139 87 71
    162 0 255 243 255 20 123 255 29 255 240 0 155 97 71 18 252 12 255
    111 2 153 225 243 0 122 215 73 165 44 87 56 0 101 37 43 96 0 254 36
    0 0 91 158 0 51 0 255 255 25 0 167 0 255 0 167 1 110 223 164 255 134
    0 249 195 0 255 48 66 0 24 255 68 0 154 43 0 113 166 42 44 4 0 105
    107 255 175 243 168 0 99 237 156 255 11 0 27 197 183 9 86 0 8 130
    164 255 230 154 236 109 255 160 185 104 88 10 117 255 14 184 0 90
    115 255 101 214 244 64 119 255 228 26 0 0 58 247 104 0 145 0 99 101
    0 170 38 226 0 130 216 0 255 0 65 0 252 0 0 0 11 255 255 69 165 255
    0 156 255 84 254 204 255 35 117 49 247 137 57 162 142 69 0 233 198
    20 255 228 255 255 76 103 3 71 59 152 84 142 143 2 18 0 138 189 231
    63 187 61 55 0 114 252 8 0 0 244 255 0 255 194 255 90 0 236 255 182
    203 255 255 162 0 0 255 119 255 0 72 114 0 84 0 10 0 201 92 159 88
    233 157 255 117 255 46 255 0 194 9 8 11 32 0 202 108 0 0 0 0 85 255
    217 137 255 112 172 255 29 255 255 255 23 243 246 24 25 70 255 255
    190 255 255 251 149 24 110 0 0 86 117 255 198 0 242 55 42 102 36 113
    0 213 0 133 67 151 185 134 255 133 79 24 128 151 255 25 0 255 70 99
    0 255 159 15 98 0 0 239 16 0 249 96 95 41 48 34 0 117 179 226 230 0
    114 152 119 255 34 229 85 0 255 108 226 131 0 242 52 170 54 38 255
    233 82 26 255 0 128 187 255 189 255 112 9 144 136 36 54 192 0 137 30
    237 24 14 4 0 255 168 0 255 48 0 249 164 0 255 229 35 19 112 255 0
    255 161 255 214 255 108 255 67 0 237 75 207 70 81 97 47 139 0 0 234
    0 113 0 255 137 0 17 0 40 65 132 255 0 255 241 0 255 0 167 141 200
    152 61 36 221 255 88 0 131 144 55 174 0 255 0 139 255 0 240 235 255
    255 197 255 157 4 196 0 32 124 95 255 0 7 138 146 255 196 255 255
    126 0 140 207 53 217 126 135 255 116 231 118 255 69 253 229 212 255
    19 219 82 39 0 190 176 0 132 0 9 0 156 211 25 236 26 27 147 221 79
    100 255 255 255 114 15 255 11 255 136 0 78 26 54 255 13 106 51 197
    255 255 44 105 38 231 246 0 216 44 107 7 189 255 255 3 69 0 124 0 39
    0 229 163 0 169 0 254 42 0 255 0 253 231 208 255 11 0 244 187 255
    212 255 215 250 0 0 226 244 0 223 127 255 255 8 252 96 225 0 0 165
    240 0 255 107 140 212 251 52 0 125 176 132 206 225 230 142 18 102
    211 225 15 32 0 34 73 5 34 61 31 82 113 82 77 203 0 59 255 87 8 0
    105 181 105 0 196 0 184 0 237 108 237 24 52 255 185 45 0 184 255 0
    174 171 79 255 0 123 0 59 210 82 0 107 221 94 255 214 43 0 0 110 0
    54 97 255 0 0 48 0 166 119 255 255 237 0 18 84 55 0 146 0 0 150 68
    255 143 249 131 138 181 79 193 255 0 241 233 205 9 245 34 216 0 0
    255 149 0 241 49 142 152 158 0 190 85 255 0 0 0 125 204 255 0 0 66
    222 176 130 255 255 123 194 66 225 46 0 235 227 255 88 0 147 0 186
    255 0 156 255 92 69 0 57 82 237 147 175 79 66 57 85 37 255 255 255
    255 255 255 255 40 31 255 0 182 107 204 95 50 81 0 155 0 166 0 13
    202 8 255 255 191 152 146 221 255 113 255 0 207 255 0 0 255 0 155
    245 255 142 255 255 164 9 82 232 0 68 0 194 160 255 0 255 0 88 255
    255 48 40 102 255 202 127 71 0 56 231 0 202 147 12 174 255 219 0 255
    255 16 126 128 11 122 73 120 255 159 211 184 178 198 116 192 0 178 0
    0 65 141 25 255 70 217 0 99 51 229 22 217 0 74 0 53 45 90 182 226
    180 76 255 134 179 61 0 0 153 0 133 0 63 201 177 0 68 0 152 170 255
    155 220 88 0 255 207 16 255 0 11 135 55 205 234 100 0 255 74 0 255
    148 131 213 255 197 0 13 255 176 165 230 114 149 22 109 242 255 210
    151 0 0 0 0 90 35 86 17 23 22 255 80 92 255 236 255 24 91 40 208 175
    110 0 56 53 0 15 2 193 104 156 62 177 30 153 136 255 130 198 0 0 206
    35 212 177 100 233 0 238 213 17 0 109 0 0 255 37 0 157 192 223 0 171
    8 87 34 79 208 255 181 205 140 255 255 165 232 230 174 0 255 0 255
    132 48 195 0 61 0 116 11 47 115 0 176 109 73 21 149 245 43 205 0 136
    255 0 70 0 72 0 223 180 0 231 255 0 0 219 75 255 78 11 255 0 67 173
    80 255 0 197 7 32 0 103 0 193 255 21 117 0 255 0 255 13 0 42 255 0
    254 162 255 100 213 255 196 189 89 104 255 238 248 123 223 0 35 134
    74 0 48 137 117 173 255 118 199 0 26 255 233 25 0 225 42 15 31 0 255
    255 105 173 255 99 0 0 56 0 162 139 0 34 0 61 255 101 255 139 0 255
    38 136 240 72 181 168 255 102 0 173 196 160 157 255 0 255 255 202
    255 95 255 255 0 255 255 0 196 110 0 0 0 255 244 83 8 90 159 112 0
    255 36 220 255 190 140 0 120 255 114 235 0 156 255 211 92 238 255
    255 0 131 117 68 255 227 159 144 135 164 68 103 47 0 255 171 0 111
    22 142 0 199 0 68 120 0 98 46 77 255 92 255 129 14 0 20 255 20 0 0
    204 206 232 36 191 94 199 193 217 125 167 255 0 57 255 0 255 0 0 0
    71 181 55 197 0 35 0 187 26 215 255 226 219 255 161 93 255 238 255
    176 0 239 0 142 0 46 68 255 227 230 86 76 0 217 197 211 92 71 186 50
    165 175 243 40 0 134 218 88 255 255 255 40 128 255 138 62 255 23 78
    109 0 35 255 39 245 0 0 0 59 217 213 178 0 0 3 0 70 59 106 0 255 139
    197 3 255 255 34 255 0 227 255 176 179 200 63 62 0 59 255 0 68 121
    240 159 52 255 81 21 127 0 225 0 18 73 174 0 255 57 124 19 127 0 0
    46 45 255 255 29 113 255 80 255 50 0 223 102 114 0 255 190 77 255 0
    255 250 0 0 255 52 0 205 9 219 141 198 69 0 173 150 164 0 0 255 44 0
    33 0 43 190 193 194 129 71 140 191 218 179 0 255 154 0 130 3 255 255
    255 198 79 170 8 0 255 0 62 0 241 174 254 255 19 10 255 0 185 132
    210 98 4 255 0 255 11 36 229 0 242 0 246 255 254 171 166 255 255 0
    196 203 255 255 0 224 248 101 244 44 113 246 154 91 89 0 222 150 0 0
    0 255 193 240 80 255 255 109 164 255 158 0 210 255 143 147 136 4 133
    202 255 38 255 0 135 50 102 78 0 38 0 255 255 249 66 64 173 88 255
    41 53 0 228 214 151 88 68 203 218 221 255 255 133 128 122 6 114 255
    0 245 255 141 0 255 255 6 211 66 255 223 0 115 255 0 0 0 0 186 106
    57 0 0 0 122 17 94 53 190 255 28 0 113 255 83 92 0 255 13 255 49 78
    172 255 94 255 255 0 246 160 15 7 0 0 207 100 242 71 228 228 177 255
    81 55 25 179 51 93 250 169 45 150 60 149 93 255 255 0 107 80 18 255
    0 71 24 189 56 250 10 76 247 193 0 255 187 231 98 171 32 101 214 221
    192 95 255 0 0 64 34 112 255 255 169 0 135 0 255 218 255 255 230 47
    255 196 27 10 0 255 209 84 216 188 255 34 72 18 255 156 161 14 129
    51 0 96 52 40 227 136 56 156 0 0 0 212 217 97 255 52 255 116 255 240
    0 255 0 56 105 255 68 75 82 74 0 218 0 203 98 255 255 0 0 143 0 163
    0 190 0 176 148 255 54 30 0 154 255 215 65 255 3 183 197 144 60 232
    0 9 22 0 0 0 0 0 255 255 216 0 255 0 255 214 88 171 146 237 130 255
    69 255 176 255 231 209 134 0 16 101 42 0 111 174 0 0 255 239 40 0
    152 255 201 170 0 255 0 0 203 250 23 42 255 0 0 53 251 130 44 243 0
    156 255 255 130 0 75 239 142 0 0 26 198 14 188 255 0 28 229 255 160
    0 255 255 248 247 226 35 36 255 51 15 198 0 86 20 187 162 135 226 39
    0 233 91 0 229 252 179 0 255 255 241 121 0 122 136 255 0 255 255 124
    191 243 255 0 0 255 255 164 161 161 101 217 167 255 255 59 128 0 247
    0 10 239 0 37 229 197 255 255 0 226 154 134 255 0 255 0 107 22 219
    255 255 255 116 255 255 165 4 255 55 86 227 0 0 68 144 255 254 255
    149 16 61 196 255 184 222 141 147 255 255 3 76 255 151 240 154 39 68
    39 149 0 5 183 0 185 0 255 0 0 0 229 0 255 255 26 246 74 0 255 255
    190 0 215 221 255 44 0 210 83 22 253 11 9 0 51 27 190 55 110 0 161
    186 12 255 74 215 111 105 246 21 201 59 106 183 255 68 48 249 0 0 0
    255 241 193 57 210 2 61 255 0 0 8 17 165 235 255 241 113 0 0 255 0 0
    66 238 233 196 90 139 200 255 222 255 255 86 198 63 255 0 0 62 194
    255 171 139 0 47 255 37 79 197 198 5 170 12 193 250 0 255 71 54 200
    255 0 224 255 238 255 23 27 255 167 35 139 4 0 255 0 16 0 255 71 233
    255 0 13 255 183 84 6 106 255 0 201 248 194 204 0 77 3 110 0 126 208
    181 250 5 215 107 0 61 255 98 0 255 218 255 0 0 255 0 111 255 0 228
    92 35 0 237 68 132 51 255 255 255 0 52 0 47 4 167 80 0 105 255 255 0
    250 50 240 255 46 255 147 24 222 214 77 255 0 77 255 255 255 255 255
    197 0 171 254 224 57 28 102 197 226 85 0 0 137 0 78 255 255 79 97
    182 249 41 0 0 30 0 119 0 169 0 179 175 172 188 255 0 147 0 213 84
    80 94 255 253 255 255 18 76 0 186 185 35 81 72 106 113 68 16 255 0 3
    212 109 113 17 255 157 179 255 255 195 186 25 255 90 161 0 176 255
    207 215 198 0 255 129 156 251 219 3 171 0 255 0 0 239 0 0 0 255 94
    85 71 99 249 113 21 170 187 240 83 255 22 47 147 224 255 27 37 110
    115 41 0 51 98 255 204 124 150 255 239 4 255 4 30 163 143 255 242
    199 196 60 107 127 5 0 201 179 0 0 255 255 211 255 192 253 219 30
    122 125 225 159 0 145 91 52 0 22 255 245 31 106 9 236 214 255 119
    174 255 210 171 255 4 255 151 173 163 78 158 70 62 114 255 12 0 214
    88 255 3 92 90 0 0 0 0 255 255 255 255 143 255 116 68 56 0 138 43 79
    228 255 0 138 255 212 255 20 255 57 203 252 197 250 239 145 0 0 114
    120 0 49 68 206 255 215 138 27 20 201 194 0 185 157 0 206 255 198
    255 173 34 255 0 202 173 222 238 0 216 197 0 159 0 123 175 249 42
    255 34 156 213 204 42 255 213 93 254 91 255 255 67 122 205 244 168 0
    255 0 255 170 0 139 232 4 158 217 250 255 61 71 224 255 161 255 229
    0 255 0 255 134 55 41 210 102 37 16 0 255 0 196 138 253 255 199 255
    0 27 200 255 0 0 0 0 255 222 0 255 0 165 239 255 37 135 0 148 159
    223 255 106 181 0 119 197 0 255 14 164 94 83 29 0 4 0 0 0 56 255 246
    255 152 255 78 255 156 137 183 160 73 79 0 79 183 2 209 103 87 142 0
    210 255 234 170 0 0 213 167 145 255 255 72 255 49 0 47 255 202 41
    134 181 255 0 133 255 56 103 0 245 136 240 222 238 29 106 78 140 0
    254 198 0 255 166 143 118 240 29 0 208 203 145 135 255 30 220 255 0
    191 194 41 27 77 137 91 0 181 164 255 159 65 0 226 0 255 219 177 215
    47 173 119 255 0 48 171 45 255 0 0 248 255 220 85 223 243 0 0 175 0
    255 230 255 227 80 255 76 0 132 0 235 84 255 255 255 255 164 86 181
    0 255 177 38 255 92 122 45 1 0 255 0 49 17 198 255 175 106 26 170 92
    0 116 63 0 124 129 255 0 164 252 12 0 0 31 0 240 0 76 177 206 0 153
    41 99 43 0 152 255 174 0 19 170 255 0 191 0 194 116 135 255 10 0 0
    177 143 28 102 224 206 21 146 255 81 0 135 108 255 161 45 255 255 0
    255 1 222 0 206 121 55 208 229 0 255 198 110 213 254 129 184 202 149
    14 0 120 255 157 237 8 131 0 31 0 245 50 122 255 255 0 244 255 185 0
    59 0 0 255 74 72 72 41 46 255 17 194 57 255 255 176 141 88 255 127
    66 145 255 236 0 24 33 132 30 83 52 240 46 121 217 0 255 0 0 255 170
    88 249 0 48 159 25 64 255 255 175 203 219 255 194 81 13 255 255 0 0
    0 4 91 255 54 89 255 0 117 23 98 33 230 105 59 120 23 27 0 66 255
    140 21 16 214 191 206 177 139 45 185 255 255 56 0 23 249 152 255 46
    0 67 190 191 137 207 255 0 0 255 224 41 0 162 0 74 44 255 244 175 0
    47 112 85 160 132 212 86 255 3 255 96 0 135 140 194 26 210 32 96 113
    148 78 200 142 0 255 33 138 255 0 71 0 255 21 0 167 255 0 255 134
    250 201 172 62 72 255 255 2 8 191 185 231 185 243 94 20 125 192 23 0
    0 148 247 0 93 255 218 149 35 74 0 140 166 0 255 13 114 225 210 254
    132 127 192 100 73 190 252 247 0 141 255 88 255 203 55 237 203 82
    161 0 204 90 130 42 255 32 228 35 0 20 255 255 254 0 0 255 229 141
    255 255 154 255 255 0 218 0 136 255 85 255 167 255 255 255 255 58
    101 0 0 60 69 11 255 247 115 138 255 67 76 14 255 0 255 164 88 143
    44 197 27 0 70 215 237 255 247 112 255 1 254 217 224 150 189 255 168
    203 185 162 255 56 255 0 33 255 218 255 255 0 90 242 0 0 44 160 46 0
    0 8 0 0 134 234 139 255 255 255 82 0 101 99 0 255 154 0 76 101 49 0
    255 255 0 247 134 209 83 0 0 255 26 255 86 82 0 231 0 255 105 215 0
    148 255 3 255 200 0 0 67 0 128 170 33 255 133 255 186 177 12 99 97 1
    40 162 255 0 42 0 72 163 0 255 255 255 0 192 118 239 171 112 0 255
    255 229 25 31 22 108 121 66 0 255 234 25 229 255 0 59 186 68 85 22
    239 214 20 255 60 0 56 84 255 0 48 255 0 87 255 98 230 37 255 54 0
    99 255 133 153 101 100 255 255 255 132 108 255 25 0 0 151 0 120 241
    0 224 152 221 20 221 58 255 62 0 255 255 0 94 94 0 167 69 180 243 65
    157 0 188 104 95 54 255 101 200 233 7 114 253 0 231 255 157 255 215
    0 23 19 0 255 0 0 139 50 0 255 31 245 168 255 52 110 0 238 139 255 0
    145 127 176 45 85 0 0 15 255 211 38 10 194 233 255 0 120 226 255 44
    0 226 41 132 255 0 232 42 27 110 59 122 225 11 218 39 117 255 32 7
    23 233 255 115 222 255 16 0 211 255 154 0 116 179 179 109 0 0 235 0
    255 255 45 245 0 169 0 36 100 152 170 172 143 223 220 221 96 0 11
    169 41 0 123 0 9 126 0 255 197 218 88 255 112 123 255 23 255 0 75 0
    194 34 0 7 112 228 14 62 32 39 74 0 0 15 19 0 205 254 73 97 48 211
    178 108 0 116 0 193 49 94 0 44 122 255 255 111 255 58 189 194 0 51
    107 0 79 6 0 11 230 209 130 102 0 241 103 75 255 34 255 183 0 106
    255 216 220 255 169 255 133 255 102 225 184 156 236 180 33 201 41
    255 126 244 255 60 255 255 180 255 56 34 64 201 34 102 51 229 0 255
    0 255 236 79 255 254 124 0 164 240 255 114 67 162 119 0 62 36 157 13
    68 255 255 101 251 74 6 156 34 181 3 209 150 103 253 255 24 226 255
    0 176 255 208 255 255 234 91 174 65 112 0 0 0 189 255 255 230 255 0
    0 233 255 217 231 46 218 251 46 59 109 137 138 255 245 255 0 255 6
    255 71 241 255 137 0 198 20 30 92 124 179 0 5 86 121 223 23 5 66 255
    240 233 0 5 0 255 224 153 65 255 0 255 137 134 110 255 232 219 102 5
    29 255 208 127 178 227 93 90 0 255 255 0 110 91 49 0 154 85 255 255
    153 137 124 0 224 243 255 0 0 255 255 204 255 0 58 205 255 207 58
    255 26 216 255 237 187 5 180 226 74 58 79 239 182 0 51 149 101 242
    255 12 145 255 255 121 222 255 0 255 0 244 255 53 255 196 166 0 0
    193 120 164 255 255 255 233 255 117 111 185 194 88 175 230 34 0 0
    253 142 0 0 0 25 255 125 3 0 0 232 255 233 39 255 139 141 6 113 28
    32 255 144 0 171 119 42 255 2 228 255 89 152 0 52 78 242 19 0 0 42
    98 119 191 234 121 157 29 3 126 62 198 0 0 255 71 224 0 0 229 193 42
    161 107 243 255 0 0 174 0 234 188 137 0 60 152 26 132 129 0 221 0
    255 196 208 97 212 0 0 255 0 0 240 111 0 63 255 225 238 119 0 127
    136 232 162 255 255 255 25 255 196 139 0 112 147 218 121 104 183 0
    51 0 78 255 201 197 84 34 0 100 0 64 131 127 255 197 0 0 157 144 255
    157 0 100 68 173 176 0 209 219 0 255 248 48 255 231 209 19 5 128 48
    155 134 2 163 255 53 158 107 255 255 7 255 77 0 255 255 224 43 37
    190 254 226 239 70 100 115 255 0 182 88 70 18 84 125 150 252 63 134
    242 255 90 255 255 209 187 171 255 153 33 129 0 255 104 234 233 44
    177 117 0 255 43 8 0 126 255 234 59 177 67 124 255 32 27 200 44 39
    189 255 206 0 255 232 50 209 94 255 0 211 10 242 46 152 163 32 105
    78 255 0 113 255 203 10 249 0 0 168 148 67 95 235 255 31 34 120 26
    82 237 59 255 0 51 149 251 170 209 186 22 103 185 255 175 174 55 255
    255 160 129 255 110 0 248 75 248 0 49 198 20 255 41 0 0 165 20 0 0
    224 255 32 94 19 246 35 0 64 230 0 68 57 0 67 255 255 0 246 104 70 0
    0 163 0 158 231 169 39 81 83 255 68 30 225 0 0 61 109 89 25 115 255
    5 235 255 84 170 1 88 163 255 0 213 240 0 255 76 33 255 0 162 148
    184 255 147 255 249 114 255 255 0 164 215 255 0 47 221 0 33 252 0
    131 62 0 230 171 134 0 255 255 0 0 147 2 255 0 0 242 212 238 255 253
    180 255 61 0 0 29 0 255 188 0 255 10 159 73 255 143 98 0 0 85 251 0
    45 168 174 19 250 251 0 0 255 170 154 0 30 255 0 252 0 5 102 164 255
    201 95 184 0 180 255 15 21 58 150 113 225 41 126 255 0 149 93 104 5
    255 32 212 72 175 5 193 229 0 173 255 22 140 16 69 8 3 69 255 140
    125 255 255 73 35 197 78 0 233 183 255 74 83 39 255 203 113 67 225
    148 0 143 195 186 0 255 255 0 204 191 82 0 254 255 20 0 255 255 143
    255 255 0 0 27 12 208 2 47 255 26 149 255 226 102 45 255 201 105 54
    106 60 255 0 150 154 255 255 183 24 172 255 6 255 255 130 29 61 138
    252 255 0 86 255 84 255 0 204 100 255 208 0 255 101 205 177 52 14 61
    255 171 14 85 135 208 36 74 194 255 255 58 45 0 0 20 191 91 255 224
    17 33 185 0 255 0 160 0 0 255 255 23 0 71 122 0 0 77 187 255 243 255
    255 175 160 74 51 67 52 43 255 152 0 108 255 255 59 195 255 183 0
    255 119 121 255 112 12 0 255 82 129 51 187 67 169 0 255 138 126 255
    126 186 0 0 86 154 0 113 69 245 134 0 0 255 187 0 255 194 188 148
    118 252 0 238 0 164 236 154 91 0 109 255 255 255 197 255 255 245 0
    255 234 125 46 0 255 255 148 59 0 250 124 169 38 124 80 0 255 65 0
    255 133 144 0 244 0 50 41 0 0 0 241 0 253 241 255 255 126 24 255 242
    71 172 220 61 0 0 0 255 255 83 153 70 113 125 255 79 33 207 66 30
    153 255 255 37 134 136 70 168 198 201 177 123 255 172 107 0 145 0 44
    230 223 73 79 150 255 0 14 240 163 134 101 0 214 255 225 30 89 48
    255 217 0 255 255 0 34 53 255 0 255 255 0 123 118 218 255 137 83 255
    237 153 24 255 0 255 0 0 4 21 248 25 79 149 151 79 103 54 89 24 49
    51 29 248 161 17 183 177 0 0 147 126 94 13 27 0 255 15 0 110 0 0 188
    59 133 217 0 226 196 228 238 69 156 255 0 228 0 202 208 0 251 0 0
    250 131 255 0 183 0 255 35 69 255 24 140 255 138 20 159 190 255 79
    120 91 88 0 0 36 53 155 26 10 117 10 255 255 0 8 255 71 58 0 12 47
    136 10 230 47 40 121 14 211 186 67 13 15 7 236 124 190 63 188 0 152
    39 136 30 90 0 122 255 0 53 0 104 188 111 88 114 0 255 0 122 0 124
    255 0 210 255 0 255 0 255 0 0 41 0 255 248 0 2 204 208 134 94 125
    234 255 0 0 255 43 251 0 9 67 255 50 0 0 233 255 0 192 0 255 63 250
    38 200 87 255 255 174 0 255 96 0 146 255 92 255 28 49 84 0 40 129
    107 234 255 227 255 96 69 79 23 0 0 0 42 220 40 25 196 109 115 42
    231 134 123 255 74 0 154 14 96 255 41 255 255 0 255 116 255 101 0
    219 0 0 1 0 213 0 255 112 0 62 172 148 0 0 17 50 60 80 71 101 114
    250 214 177 175 255 31 255 0 94 237 0 255 28 26 0 45 255 89 103 227
    41 0 161 78 242 0 32 121 214 0 6 0 13 0 71 255 119 149 21 52 0 0 130
    151 255 137 0 176 49 0 176 33 6 40 255 255 37 82 67 246 74 255 44 51
    95 255 201 23 0 0 255 255 193 50 33 0 214 46 214 255 179 84 165 0
    126 173 0 255 143 255 0 0 251 255 131 77 8 0 22 29 0 87 0 168 0 250
    158 178 226 75 64 0 255 0 161 30 0 215 198 0 174 0 151 83 255 223
    255 13 25 45 243 36 217 255 6 0 0 247 68 49 208 0 255 255 91 113 255
    255 22 96 216 255 44 255 150 228 83 166 251 0 119 179 130 120 255 0
    178 255 14 252 188 57 77 145 0 241 45 159 6 2 26 21 71 0 255 75 123
    111 255 189 0 135 157 95 189 22 0 0 73 32 199 243 0 107 0 233 246
    255 0 99 241 159 179 197 0 123 0 255 129 95 51 109 245 82 30 0 0 223
    0 241 187 35 54 30 255 148 191 59 255 171 255 0 255 98 131 51 243
    193 200 255 157 86 198 166 109 0 249 255 0 0 13 86 0 17 214 204 0
    255 158 222 120 0 136 255 221 231 130 127 255 78 143 76 181 189 220
    178 0 0 70 98 16 255 0 135 255 145 255 41 142 85 0 255 0 57 57 246
    255 82 255 26 29 0 58 18 0 237 255 178 210 74 235 101 239 51 0 0 79
    169 255 205 38 204 0 255 14 177 132 0 24 255 184 226 162 216 15 159
    0 255 73 255 164 0 255 200 255 255 173 47 88 177 136 201 255 124 0 0
    42 109 216 255 137 255 246 62 78 0 255 25 255 0 255 0 132 193 198 2
    243 92 126 119 209 21 181 46 238 219 37 204 8 179 255 196 252 41 1 0
    255 0 204 254 255 55 255 8 255 193 0 114 255 230 255 209 0 0 246 53
    22 0 255 255 255 99 42 15 163 0 0 175 128 52 236 13 207 0 71 255 254
    229 0 198 0 204 240 155 0 255 0 255 255 121 85 255 255 255 255 255 0
    247 16 255 90 124 180 186 0 0 189 91 214 198 91 0 208 243 211 109 85
    17 232 122 184 31 176 0 16 0 0 255 146 113 177 161 207 0 251 255 146
    0 107 197 21 255 245 38 61 27 45 216 81 129 46 0 0 99 52 176 168 116
    44 114 214 0 40 146 255 255 191 15 28 255 241 0 0 255 20 208 255 255
    146 26 198 141 255 255 0 0 67 238 0 20 0 0 172 0 200 177 255 0 135
    225 128 0 255 94 167 91 56 0 63 217 0 167 255 189 0 115 33 160 0 0 0
    0 31 255 213 199 0 21 255 240 245 0 255 251 198 54 158 255 255 189 0
    182 255 216 100 253 209 255 73 0 81 0 255 14 109 255 248 0 0 255 0
    249 255 0 255 218 0 255 0 0 36 166 255 140 31 255 248 188 87 136 170
    0 198 113 204 212 16 255 0 105 255 200 156 0 165 217 255 23 187 255
    0 0 24 0 113 224 255 0 142 23 0 0 0 255 147 36 104 14 0 35 181 0 255
    178 210 255 54 255 204 142 255 0 126 231 0 247 0 255 121 183 255 186
    45 220 246 0 233 255 0 179 201 0 67 26 255 148 94 255 25 224 255 9 0
    101 39 153 0 58 255 169 95 255 180 26 0 134 236 0 155 255 85 214 43
    255 255 0 255 110 255 32 0 255 151 255 252 39 0 83 52 255 45 218 255
    226 178 107 202 255 166 164 61 0 204 0 131 255 255 149 255 107 221
    34 239 255 245 0 255 201 190 255 150 245 61 64 45 251 94 218 255 0 0
    192 97 0 188 161 67 25 255 29 30 156 255 116 255 220 255 61 0 233
    160 1 0 255 128 0 176 0 83 0 70 0 196 207 255 255 165 0 225 57 0 188
    128 255 0 0 22 255 231 208 59 255 0 255 253 0 167 153 255 0 228 255
    53 105 197 157 255 0 46 10 158 77 146 27 255 0 62 71 0 142 210 163
    71 214 15 0 46 191 203 255 165 62 254 243 112 0 0 232 189 0 255 255
    225 248 0 255 255 3 138 255 0 255 95 109 0 0 85 255 0 0 100 131 0
    123 216 152 255 0 113 32 29 196 186 255 255 255 60 254 255 219 44
    113 0 15 181 255 0 4 123 0 216 0 0 0 5 255 87 218 43 0 187 29 158
    237 111 49 158 255 255 226 71 111 0 154 189 81 8 255 137 0 255 0 0
    92 255 155 14 26 0 113 0 255 204 143 145 125 0 226 74 87 250 67 0
    210 5 255 255 0 235 7 221 255 200 142 255 0 0 212 5 114 111 222 139
    59 158 205 255 39 0 255 182 6 255 255 255 0 23 10 0 171 222 140 144
    11 228 213 255 226 0 0 153 52 0 81 0 140 255 57 89 41 145 92 241 150
    0 120 123 70 0 113 15 20 0 44 217 0 72 163 255 171 0 4 0 60 101 0
    116 54 0 137 91 38 163 175 255 244 232 176 171 50 46 0 0 19 0 28 0
    255 0 0 255 255 138 0 68 0 84 63 204 199 255 142 218 0 0 10 134 0
    128 196 139 0 64 75 185 144 255 255 82 0 49 255 41 40 255 229 142
    174 9 0 31 154 255 232 0 68 23 255 0 67 113 0 15 107 208 0 240 183
    255 20 0 180 255 0 88 252 99 178 207 113 142 0 251 119 0 245 83 60
    195 0 0 65 0 0 43 115 4 187 123 97 24 77 0 57 143 0 255 255 0 144
    255 137 45 229 101 0 248 209 230 35 0 195 255 255 94 54 43 247 255
    59 0 133 87 43 255 56 255 228 254 255 50 24 185 3 184 76 255 0 75
    127 136 47 0 0 121 255 8 190 9 208 51 230 150 0 132 4 255 161 255
    219 0 255 255 11 255 0 2 117 255 95 101 181 255 223 143 130 140 35
    98 0 123 0 210 109 137 160 255 248 88 8 0 44 26 241 172 0 90 86 117
    30 255 54 99 155 0 111 188 255 0 207 35 65 255 29 91 255 0 0 255 114
    255 185 195 91 50 37 255 40 255 96 114 210 191 0 62 67 181 141 213
    209 233 255 255 255 255 196 255 92 255 0 255 41 203 241 255 255 222
    255 124 0 189 3 248 77 0 51 255 226 166 1 255 114 251 83 0 184 20 20
    255 226 0 98 55 147 132 91 207 205 0 134 255 255 0 41 255 255 55 0
    40 0 111 212 150 255 101 222 129 255 81 148 143 230 234 255 0 208
    127 255 147 247 6 177 223 174 93 255 211 91 139 255 200 204 167 0 12
    255 16 104 203 0 141 253 12 234 255 255 117 161 184 157 255 1 255
    182 0 214 0 255 255 43 255 0 0 0 105 0 175 255 222 199 235 0 255 0 0
    76 0 255 179 169 241 100 93 96 106 6 255 187 255 255 255 122 157 166
    255 255 9 181 154 255 43 255 255 0 48 47 188 77 143 78 62 0 255 178
    59 21 255 226 179 122 0 62 107 255 206 35 53 4 0 203 170 213 255 216
    0 0 73 0 12 255 109 255 255 0 191 142 98 0 250 117 244 220 228 255
    255 0 92 0 106 0 195 221 0 84 255 136 63 255 38 50 19 65 181 0 59 94
    69 0 239 155 255 0 35 2 1 0 96 250 65 0 164 255 216 45 138 44 41 112
    47 255 91 126 51 76 255 146 0 255 91 41 255 255 56 81 255 188 56 106
    22 175 86 255 255 52 255 0 72 108 0 0 255 0 208 0 255 0 180 255 59
    39 73 255 147 80 243 255 195 104 151 255 71 18 210 97 22 0 20 255
    209 224 142 49 65 255 0 138 194 179 160 253 0 155 76 172 93 248 92 0
    212 148 0 229 255 59 175 255 151 150 0 115 80 181 13 0 121 116 53 41
    211 22 248 255 51 255 255 178 89 90 45 220 243 33 0 204 176 0 66 118
    94 0 0 117 0 138 110 255 245 60 84 208 120 1 0 242 0 255 135 198 158
    0 113 157 0 50 9 255 124 75 122 150 100 62 196 0 169 131 255 70 12
    47 255 52 43 255 220 255 25 253 242 109 21 220 48 104 117 0 86 0 140
    255 54 90 228 255 150 4 254 48 233 55 219 243 135 0 255 0 94 68 0 0
    47 0 0 120 193 32 255 255 145 253 228 186 34 54 160 101 147 0 116 36
    66 166 102 0 234 58 162 115 221 188 0 83 0 64 0 0 198 182 23 62 207
    206 148 200 194 166 68 143 0 45 255 209 221 210 0 207 255 210 0 0
    135 89 0 255 255 255 0 108 177 245 146 236 194 112 37 204 90 255 119
    205 255 0 228 191 75 180 145 0 46 3 61 255 69 255 214 109 222 169 0
    0 255 158 197 21 71 20 255 126 159 255 15 161 75 162 0 0 96 0 167
    143 79 131 249 31 193 14 207 186 110 210 19 0 250 122 169 219 24 0 0
    44 33 255 189 109 53 47 188 20 20 0 210 73 51 255 0 255 0 200 255
    101 29 218 62 255 199 0 116 241 0 255 73 105 112 127 0 141 41 99 255
    206 159 190 58 0 222 255 0 0 255 0 56 90 0 140 251 239 123 109 70
    255 56 204 255 163 82 12 255 149 146 255 255 0 0 0 255 105 134 249 0
    255 0 94 255 175 231 0 0 56 67 0 80 149 0 148 255 6 28 255 255 230 0
    193 122 0 0 255 196 0 176 158 224 19 255 255 154 232 109 148 191 164
    194 157 0 18 255 233 242 196 216 75 99 0 115 255 193 0 255 255 152
    48 225 133 146 253 10 93 54 163 95 0 191 188 166 173 255 32 255 93
    255 51 169 8 255 144 63 121 127 50 28 123 70 255 167 9 255 255 255 1
    255 255 143 0 4 255 242 255 199 255 202 140 36 229 157 56 199 0 255
    249 39 224 192 145 54 115 66 0 62 160 63 211 255 255 255 0 207 159 0
    187 58 255 255 255 166 147 216 253 245 185 170 0 0 230 243 186 0 255
    25 101 116 255 255 0 0 40 67 112 147 0 0 255 0 255 28 0 255 255 158
    0 15 98 54 177 255 255 0 245 255 0 255 219 255 130 172 234 0 187 49
    0 32 0 51 255 0 113 57 169 255 0 30 0 171 255 0 108 218 43 66 255
    208 0 48 143 105 0 69 151 92 255 221 255 255 155 87 0 124 204 208 0
    88 88 116 0 255 0 38 63 70 37 0 112 255 0 0 163 173 130 107 23 21
    239 0 255 62 118 0 14 247 255 229 155 0 255 175 0 247 224 255 34 102
    3 255 129 153 186 230 68 5 255 255 0 141 0 16 0 255 0 96 255 15 57
    190 0 255 48 128 150 63 30 43 0 93 34 255 238 0 255 255 0 22 15 255
    0 107 153 99 255 14 255 190 253 23 255 65 255 255 145 175 212 9 203
    254 136 237 255 65 0 65 255 228 163 0 64 0 97 0 56 73 236 255 255 26
    144 153 87 122 255 255 249 66 255 146 255 205 183 41 98 244 255 0
    177 172 255 29 12 255 222 255 36 0 74 255 147 255 255 28 127 0 255
    34 194 255 0 250 224 67 106 104 42 21 185 172 255 30 15 78 0 255 226
    11 144 0 0 102 68 255 255 255 213 108 85 63 0 56 255 128 254 197 255
    247 78 138 99 255 153 91 108 241 255 79 94 161 0 0 255 146 59 101 0
    31 253 0 255 187 25 132 255 0 226 83 233 0 255 0 36 121 240 212 225
    255 0 0 115 175 86 0 197 0 62 227 15 4 17 179 232 203 229 224 140
    137 188 67 252 48 255 140 225 0 180 142 37 158 215 92 150 71 157 112
    137 0 0 82 99 255 141 255 58 184 197 255 7 233 255 255 81 203 0 255
    0 226 105 215 45 48 115 255 255 36 221 146 0 255 143 43 0 255 50 255
    160 233 0 83 255 47 244 255 2 177 7 228 79 132 103 240 126 0 114 157
    91 170 62 255 92 0 0 234 0 219 63 236 162 0 242 213 0 73 255 212 171
    0 255 255 0 0 45 255 113 0 121 255 135 0 194 0 255 39 70 121 50 15
    255 185 121 223 90 255 189 255 0 0 70 199 0 255 255 255 0 245 0 0
    154 74 164 0 255 255 88 255 156 255 98 255 166 255 97 198 255 0 0 93
    124 96 210 238 113 255 130 255 157 0 153 0 65 251 255 64 22 193 0
    150 222 0 255 194 255 173 134 169 139 150 228 9 0 26 0 103 137 55 86
    255 91 64 232 255 72 255 184 54 40 68 140 28 255 164 186 245 78 255
    44 93 56 6 141 0 164 255 255 132 22 117 255 0 0 218 53 0 139 199 38
    99 0 230 0 0 255 28 146 206 144 255 123 0 0 0 176 174 0 84 167 255
    164 45 187 154 24 104 255 106 0 0 255 0 248 255 0 0 255 255 16 6 140
    116 255 206 230 60 58 166 255 255 11 103 78 182 230 0 173 139 2 255
    199 255 11 179 75 183 15 251 0 255 94 159 82 0 115 54 70 255 236 0 0
    90 0 29 231 0 231 0 102 134 0 0 255 0 0 245 0 0 255 255 255 39 248
    170 0 140 255 4 255 130 98 0 0 107 8 73 49 227 22 255 0 0 0 0 5 234
    6 204 187 117 47 194 124 207 255 47 36 183 79 0 100 255 154 41 78 99
    215 0 0 170 178 0 99 0 229 255 54 225 149 255 209 123 42 12 255 0 77
    246 255 243 255 233 225 94 10 240 145 141 255 227 0 222 89 151 12
    255 255 44 136 117 0 0 176 0 13 168 119 151 79 0 0 0 111 168 232 97
    54 111 14 122 255 255 253 196 255 30 175 255 255 138 34 65 0 247 255
    255 158 255 222 69 255 112 57 34 125 32 255 16 126 255 255 255 50
    119 35 245 0 0 0 120 31 245 183 41 191 208 209 0 255 255 237 255 86
    132 121 170 107 0 0 17 136 99 0 72 165 0 0 53 148 0 186 255 255 162
    0 255 112 219 255 205 243 49 7 0 0 0 255 92 190 109 255 60 221 87
    145 255 255 197 119 77 137 105 161 19 255 222 255 63 228 24 255 134
    233 255 11 0 113 0 123 7 25 7 142 247 255 128 195 255 44 57 0 255 45
    0 255 76 2 57 0 191 100 116 58 225 237 255 253 107 255 49 86 140 255
    197 221 255 41 0 40 255 246 72 98 202 0 3 255 232 245 0 0 200 56 75
    231 0 0 255 192 0 26 0 216 23 33 56 183 158 255 255 0 208 184 0 241
    63 0 255 209 171 243 113 0 255 85 0 184 5 42 228 255 0 255 137 172 0
    79 186 142 93 0 54 57 255 118 73 255 60 255 108 207 107 52 0 13 0 33
    30 139 130 0 122 233 255 117 58 114 201 69 0 0 255 120 183 255 159
    230 255 0 109 224 153 128 146 0 224 11 255 65 255 174 0 255 203 15 0
    144 13 7 33 1 0 255 241 212 148 33 143 137 106 255 197 145 133 30
    229 16 0 255 157 53 54 0 255 210 169 162 194 220 131 220 0 236 219
    22 117 107 171 230 255 253 255 255 26 255 255 209 157 0 0 38 243 246
    0 60 0 0 255 164 210 189 255 255 0 0 255 0 92 0 240 230 119 121 0
    170 0 0 130 148 231 28 106 130 156 87 255 40 0 193 255 162 185 2 255
    101 40 239 0 0 0 15 174 161 0 109 255 255 98 189 82 0 12 10 200 255
    255 168 174 182 255 163 0 255 145 255 255 23 255 79 13 255 169 0 110
    10 255 0 37 255 255 0 29 0 105 195 255 241 81 130 255 255 255 124 0
    141 255 255 255 0 202 194 0 197 255 255 80 63 255 238 153 0 251 48 0
    0 255 177 0 0 140 1 110 6 139 77 0 255 117 192 155 152 194 132 40 33
    255 80 0 182 120 255 212 43 252 35 223 36 177 161 226 255 51 255 255
    3 219 251 255 255 204 144 169 255 193 20 231 255 255 0 0 255 247 0
    143 94 214 25 22 47 126 0 151 148 0 255 120 237 227 0 179 233 114
    252 129 0 0 255 151 255 154 0 67 21 218 163 255 255 146 218 211 91
    20 0 157 0 108 56 255 3 213 255 9 77 0 84 3 85 216 104 0 178 139 74
    13 0 177 189 191 227 80 84 102 7 222 255 76 0 0 163 95 233 37 0 97
    38 188 79 67 77 0 0 44 0 9 143 255 84 244 190 0 144 225 76 197 43
    254 49 98 135 247 119 105 0 255 255 56 133 199 136 255 167 199 118
    20 31 37 165 161 250 17 103 101 245 170 111 255 255 230 54 77 0 208
    24 16 72 148 251 118 206 200 0 0 254 0 238 0 145 255 247 0 10 77 189
    9 210 232 131 255 92 0 223 0 161 21 97 255 0 236 111 0 236 255 186
    221 0 151 1 35 207 0 255 12 0 0 176 147 0 119 255 93 0 109 255 255
    69 0 0 115 226 80 235 170 0 0 198 53 0 255 0 255 230 153 135 171 255
    8 242 212 226 0 242 255 116 177 169 253 255 164 217 188 0 45 165 0
    241 255 92 15 233 117 8 224 255 92 48 182 42 171 0 0 161 255 133 36
    73 20 0 149 255 186 22 255 133 13 255 255 255 2 255 13 0 0 150 214
    32 255 255 255 140 34 201 64 51 99 164 255 255 45 23 24 222 53 55 0
    70 214 63 0 255 0 209 0 99 7 241 105 15 175 255 255 30 0 102 31 255
    0 141 151 133 0 165 0 0 255 255 73 162 255 0 255 0 149 0 0 0 241 147
    154 254 223 5 0 175 0 200 0 0 70 0 230 33 26 220 156 116 255 224 130
    176 0 182 6 85 76 126 255 255 92 57 163 80 0 173 0 15 101 154 255
    237 255 236 181 68 116 255 0 0 86 227 75 0 0 0 219 0 46 0 214 211
    219 61 63 255 198 46 255 147 133 36 243 201 238 255 242 253 170 0 0
    158 40 255 0 255 229 153 221 128 236 0 125 0 150 0 162 123 255 111
    92 53 136 238 23 198 99 194 19 0 60 255 113 255 0 197 140 255 0 102
    5 0 140 83 187 199 172 255 227 255 0 0 88 0 131 0 0 0 255 255 47 0
    104 230 57 255 255 194 255 143 35 4 142 0 217 69 255 87 0 96 255 255
    209 255 90 47 113 255 108 216 216 20 165 70 241 114 72 221 255 94
    255 226 110 255 255 119 225 84 37 0 253 126 36 219 255 255 16 0 255
    255 246 78 0 255 23 0 255 70 102 223 0 181 149 166 184 74 216 125 14
    218 148 125 120 7 139 163 234 239 181 173 0 128 255 0 125 255 177
    255 255 28 255 177 44 26 0 85 0 199 16 118 190 206 42 247 14 121 203
    130 119 1 113 13 255 167 0 255 45 40 30 90 255 225 205 40 255 239
    229 176 255 56 255 0 119 146 0 255 255 124 0 18 183 224 249 255 215
    225 136 232 211 0 154 231 0 0 206 210 255 0 255 250 248 151 151 178
    93 255 79 255 136 250 188 48 255 85 181 156 0 255 40 136 35 0 173
    255 255 255 52 247 0 170 245 27 44 0 113 20 60 255 146 241 0 146 0
    210 0 127 146 0 0 111 59 255 255 247 135 255 127 255 193 18 111 15
    255 160 0 0 106 57 68 0 0 0 136 106 233 221 0 13 248 61 255 0 0 255
    255 255 102 238 126 0 130 56 0 137 180 255 255 178 31 255 255 52 255
    253 0 109 255 232 68 129 59 178 0 190 0 255 98 162 72 224 151 113
    210 255 187 0 0 189 255 144 0 255 184 190 255 109 228 0 135 124 0 68
    140 0 255 88 181 57 170 182 255 255 236 39 35 97 255 58 120 114 197
    237 37 223 227 0 3 255 146 54 214 149 245 229 169 0 0 255 0 0 255
    170 164 146 13 145 0 7 42 1 154 255 84 0 255 17 0 255 40 136 231 55
    151 0 162 255 108 170 255 207 0 58 0 129 75 0 243 0 0 234 24 131 143
    0 9 187 253 255 255 90 24 0 122 0 208 162 120 150 255 255 56 113 0
    180 12 255 117 99 255 19 248 255 191 242 255 0 95 189 210 129 0 0
    179 208 255 255 255 242 167 150 242 101 0 0 0 255 205 255 207 171 28
    0 0 0 0 255 0 127 255 157 15 177 92 129 255 0 22 142 254 210 255 0
    98 183 172 119 206 221 45 84 44 160 73 125 0 146 255 255 152 255 243
    79 255 239 170 54 44 177 255 0 0 48 7 254 167 156 255 254 50 174 70
    185 38 118 183 124 238 255 200 0 255 0 0 191 68 65 113 9 42 0 147
    255 0 161 36 193 109 10 0 0 56 45 235 125 240 0 228 0 184 0 64 56 43
    80 90 0 255 160 0 169 255 234 0 114 2 129 107 182 0 156 255 81 0 160
    89 18 29 255 221 0 0 0 0 0 33 53 0 31 0 108 0 217 46 0 68 89 0 125
    255 255 44 0 178 2 103 0 255 255 90 143 178 52 5 230 53 212 120 5 23
    106 253 0 251 239 255 75 255 255 53 0 255 22 255 255 206 229 0 138
    205 140 210 16 0 80 157 0 204 0 58 5 215 0 87 5 222 90 11 216 130
    197 2 255 43 0 168 35 255 255 57 191 222 128 47 35 220 255 193 112 0
    255 28 0 255 251 0 110 207 255 152 233 241 79 0 199 162 57 0 21 54
    174 98 255 216 0 0 0 255 0 255 83 0 26 41 91 0 206 255 235 131 8 89
    192 208 0 43 92 64 39 255 116 0 223 255 0 0 26 83 213 230 255 178
    255 255 84 255 0 0 226 157 0 25 85 255 255 255 255 255 255 255 175
    250 216 255 255 26 27 45 0 0 105 255 0 0 0 255 42 36 241 255 0 0 0
    42 56 156 182 159 0 0 255 166 0 0 44 178 192 255 255 171 204 237 236
    139 255 255 0 46 130 168 0 213 111 88 125 0 141 0 138 245 34 64 223
    41 255 210 162 26 255 55 0 0 0 228 128 191 50 255 15 0 45 6 133 41
    101 234 7 203 255 255 94 255 0 47 255 173 255 29 0 0 255 26 0 255 0
    0 12 177 151 44 0 0 145 232 143 0 255 159 143 255 107 255 248 24 216
    255 0 180 255 255 61 200 172 255 0 0 29 68 0 255 101 55 255 172 53
    205 255 0 255 255 231 255 7 255 29 146 0 62 194 142 43 0 71 67 45 26
    101 0 33 185 255 183 0 69 126 224 72 230 12 99 202 27 255 0 255 115
    0 255 59 255 31 0 169 0 0 255 30 239 155 58 181 255 8 204 61 0 219
    208 235 57 243 134 138 255 0 0 61 0 255 0 18 103 151 255 83 12 0 0
    226 0 97 229 255 106 88 59 236 251 98 255 218 65 0 10 119 255 255 0
    171 0 77 123 43 4 255 0 255 23 56 238 142 0 39 50 163 0 75 63 27 226
    255 255 218 166 44 255 0 175 220 0 255 16 0 0 142 0 0 0 255 255 79
    212 245 0 176 0 125 0 107 0 0 129 255 168 36 112 134 179 115 92 38
    76 255 132 126 229 255 58 255 87 199 38 69 213 109 75 0 88 255 0 255
    0 255 204 196 133 255 161 4 4 0 66 255 225 219 255 155 102 72 0 175
    78 255 40 230 167 255 38 45 255 7 201 255 0 0 208 0 0 0 255 201 0 0
    99 255 147 61 252 144 53 248 88 255 149 75 57 199 0 130 195 0 255
    255 255 255 255 255 0 0 255 110 159 255 255 28 255 0 200 192 0 62
    255 227 197 61 92 255 58 151 243 255 0 45 255 0 128 59 255 247 255
    19 26 191 255 228 198 8 36 73 112 0 149 0 255 153 255 255 0 0 91 0
    244 22 0 190 204 48 142 255 211 118 255 125 0 255 104 8 188 214 15
    255 255 236 182 180 167 152 116 255 88 0 40 4 20 185 77 255 130 5 0
    199 0 255 247 53 255 138 255 176 0 94 229 182 0 64 255 154 40 0 0 0
    142 76 255 0 0 247 238 155 121 50 255 255 152 239 255 199 70 255 255
    0 20 0 209 255 164 0 189 144 238 62 0 219 255 35 93 59 195 255 253 0
    0 94 143 47 0 232 81 255 41 255 0 255 0 219 189 100 255 194 212 27 0
    255 221 255 145 16 254 59 0 157 44 182 0 112 192 206 35 0 71 24 55
    117 229 217 43 0 255 25 255 185 150 148 0 83 39 51 180 203 196 65 90
    78 255 151 255 255 255 0 255 103 74 184 245 197 255 252 83 224 119
    111 255 255 210 27 255 101 210 175 0 255 0 0 0 255 0 78 0 255 91 0
    255 243 77 206 255 97 182 0 255 101 228 118 0 255 0 255 148 255 182
    0 244 55 37 213 158 32 179 250 59 255 0 98 0 0 78 0 162 255 255 186
    47 204 114 255 181 76 255 22 255 255 135 228 162 96 0 125 29 253 201
    255 233 255 0 196 229 255 138 110 55 255 144 123 0 160 205 187 255 0
    246 255 95 66 196 57 0 217 0 156 7 19 255 226 255 0 91 178 255 240 0
    108 246 184 151 178 85 255 0 0 163 0 138 47 185 234 255 199 245 102
    255 237 114 141 0 169 0 225 161 0 0 0 36 201 207 218 205 194 112 0 0
    255 0 38 0 5 0 44 169 177 255 26 0 0 162 127 240 239 118 136 85 186
    135 69 147 220 255 24 218 87 91 255 0 223 147 110 179 206 0 161 78
    160 255 255 235 103 239 255 255 156 0 233 255 109 255 255 11 255 255
    167 236 255 108 15 177 37 189 34 146 165 132 220 255 217 78 71 152 0
    239 255 255 1 0 255 0 118 84 0 130 137 255 255 255 255 168 255 108
    108 223 35 183 239 116 38 223 217 158 168 99 244 82 255 193 176 0 31
    199 46 37 96 131 255 216 0 255 79 0 93 152 123 220 255 245 0 255 190
    246 255 104 91 255 255 33 202 0 243 233 214 157 255 9 0 31 111 203
    255 25 0 93 0 208 5 170 255 234 162 199 94 175 0 0 0 232 62 16 201 0
    255 255 152 111 255 168 83 255 255 255 185 254 255 213 94 26 255 161
    37 129 63 255 247 133 217 255 44 199 0 0 164 96 34 157 55 218 0 197
    140 180 255 0 23 0 0 9 0 111 3 0 255 255 255 171 255 0 207 0 51 78
    103 39 0 194 24 0 0 255 0 112 255 45 239 161 255 0 127 154 215 0 221
    159 0 147 0 26 0 23 194 0 27 255 209 153 255 193 255 77 255 226 3
    213 33 173 241 14 219 80 172 6 255 255 0 0 250 72 0 0 250 52 105 8 0
    0 0 255 0 78 255 106 81 255 248 223 116 22 221 206 0 95 181 174 0
    189 252 158 255 172 118 0 255 109 255 255 0 159 41 255 255 238 194
    133 198 0 255 255 0 25 0 165 246 147 0 58 56 226 157 129 108 155 125
    207 54 0 0 15 0 0 225 0 255 47 170 38 255 222 255 148 255 0 160 94
    255 203 222 154 255 234 126 102 139 224 60 255 255 188 170 0 234 255
    0 117 245 191 12 166 255 255 0 132 255 0 208 199 0 42 216 226 0 255
    137 199 146 35 70 121 255 68 255 67 124 34 0 210 0 255 255 255 20
    205 255 242 238 58 118 56 139 13 158 255 170 110 255 95 255 227 82 0
    26 115 254 255 184 252 10 0 0 9 133 0 255 0 255 0 202 243 255 166 0
    105 0 154 214 148 150 219 255 0 84 31 86 0 0 227 228 125 223 0 116
    63 0 0 255 45 34 137 47 62 0 167 0 104 0 0 184 255 145 0 217 236 229
    255 45 255 255 123 24 0 30 255 13 77 255 78 192 5 83 20 39 251 139
    55 63 181 213 255 178 36 255 0 176 106 9 75 234 255 255 255 255 226
    255 108 79 255 208 255 89 190 243 156 255 172 255 224 0 250 194 0 61
    5 255 255 0 177 255 255 255 255 88 255 69 12 0 255 255 164 233 0 175
    255 0 255 255 197 35 102 255 255 255 143 33 135 255 174 0 179 180
    255 195 231 122 97 255 130 0 68 196 130 165 248 158 255 235 140 100
    255 239 128 134 115 244 233 255 0 156 78 0 157 177 0 255 0 236 116
    237 30 255 251 251 227 255 0 255 160 0 42 0 0 0 203 74 0 65 9 0 77
    194 0 41 117 0 89 105 209 0 255 95 3 143 237 253 217 172 18 165 172
    0 34 255 252 255 98 172 70 156 18 35 255 0 177 233 255 55 132 23 0
    247 0 137 147 194 14 255 204 51 119 63 255 0 48 144 19 0 0 71 167 98
    129 255 11 167 186 0 191 255 0 16 160 186 255 125 255 44 255 162 251
    59 255 41 120 74 157 0 0 18 0 168 149 255 255 193 255 0 0 181 0 255
    53 39 0 228 0 45 25 245 2 118 30 0 225 149 209 0 249 186 255 85 218
    41 55 79 36 0 129 34 175 0 255 239 255 99 251 249 240 36 142 89 255
    234 108 0 250 246 101 255 10 153 62 219 22 143 5 55 243 47 156 255
    27 55 148 0 0 169 47 0 227 151 135 118 255 227 255 255 105 169 218
    120 255 111 19 84 0 213 23 255 254 0 176 17 203 255 223 0 35 0 35
    255 255 0 255 255 84 58 65 226 74 0 233 255 0 242 201 130 0 170 77
    100 104 255 99 81 0 188 133 0 154 0 12 57 255 255 98 255 255 21 118
    0 255 82 0 0 44 230 0 0 159 0 77 255 196 114 255 130 5 89 31 156 43
    255 74 255 200 0 230 0 143 0 132 79 255 0 255 186 158 234 8 255 54
    127 255 0 102 120 255 255 255 150 39 247 41 238 91 141 38 255 28 230
    0 0 239 255 7 160 69 149 152 255 255 237 52 255 222 50 228 255 110
    158 203 12 74 202 87 0 0 189 0 255 110 0 0 4 111 255 44 177 37 206
    255 255 11 190 27 127 139 0 0 50 68 3 71 185 255 30 42 255 160 255
    255 8 44 40 4 93 0 247 163 7 255 245 61 0 162 0 0 218 254 31 0 144 0
    0 255 31 255 255 188 74 255 29 241 0 192 242 154 0 0 255 64 0 255
    172 20 58 176 23 226 0 0 4 255 255 0 215 63 118 85 37 255 255 255
    232 255 253 255 156 255 3 52 169 0 119 0 154 8 26 250 206 255 0 228
    0 0 109 105 127 255 34 0 255 126 45 48 60 118 0 0 23 184 53 255 133
    154 253 255 0 0 0 79 177 255 156 105 81 20 255 241 255 155 0 0 0 186
    0 130 76 42 161 210 255 70 170 81 198 158 94 175 0 60 255 234 254 0
    51 139 0 27 172 3 255 167 213 255 0 11 242 210 160 44 168 36 255 77
    255 0 0 232 0 73 248 0 103 247 255 0 249 49 61 0 153 94 0 39 0 0 96
    0 0 52 113 104 14 133 0 62 20 81 113 183 255 133 105 39 198 255 239
    0 0 118 191 161 0 0 8 153 8 107 0 87 245 255 52 218 231 255 246 0
    109 4 13 46 210 135 41 75 255 0 255 0 22 255 246 255 13 26 99 5 166
    0 0 92 100 27 209 248 0 0 0 73 210 107 88 255 255 75 6 255 136 0 178
    0 31 0 97 97 204 58 255 192 237 0 0 0 25 52 100 151 137 255 1 0 46 6
    174 0 23 153 255 4 81 186 255 206 0 255 255 0 177 80 255 0 150 116
    255 203 146 15 63 255 0 246 169 0 119 63 37 0 239 0 109 18 255 209 0
    255 255 255 100 161 255 46 153 112 255 190 0 236 242 50 0 52 43 129
    197 255 38 56 217 0 39 0 255 255 0 0 255 50 244 255 175 184 10 0 27
    0 255 255 255 255 95 56 0 200 42 0 32 243 64 170 0 207 255 255 0 118
    255 28 255 255 185 255 104 89 133 252 252 255 255 219 194 255 102 0
    55 255 0 255 255 255 255 170 255 114 0 148 0 12 95 163 226 173 25
    209 51 2 78 39 0 123 118 255 255 85 255 0 174 255 0 149 0 237 0 44
    255 0 223 10 245 255 102 213 206 120 254 0 115 255 255 0 244 255 183
    0 2 131 255 126 162 255 93 255 255 173 104 205 93 113 0 83 255 97
    149 255 255 117 255 149 3 126 48 0 115 255 151 205 255 0 186 0 255
    78 145 204 255 0 233 178 0 93 255 245 81 210 255 161 94 51 0 255 136
    255 255 200 235 38 165 16 255 88 27 238 197 85 0 206 0 68 238 61 0 0
    42 0 94 234 0 0 255 0 0 255 0 0 45 0 230 248 115 151 0 57 157 0 255
    193 2 149 255 255 151 50 139 212 158 133 0 0 0 194 188 38 255 0 0
    255 253 2 255 20 255 5 255 60 0 166 178 90 0 26 0 0 0 34 28 149 114
    162 177 67 25 0 173 33 114 255 111 255 255 240 72 40 255 0 68 108 60
    255 188 0 174 0 82 131 0 0 0 255 56 255 0 99 255 20 182 25 94 141 95
    0 170 255 255 255 255 103 39 0 0 23 193 0 238 255 186 0 0 255 109
    116 177 0 0 222 89 97 96 0 117 46 255 24 255 154 177 0 44 255 100
    154 0 121 0 0 255 0 51 184 180 0 105 237 152 0 255 255 215 32 146
    255 255 249 15 255 255 0 65 255 50 0 157 96 233 87 130 255 122 255
    82 255 103 255 255 12 143 255 0 10 207 255 255 232 0 255 115 4 0 251
    238 97 0 255 255 195 205 91 117 0 0 243 9 255 0 127 94 0 0 186 251
    171 58 183 144 117 2 196 205 255 244 255 163 159 161 255 228 255 255
    91 150 0 163 0 167 43 255 213 251 236 87 241 165 143 246 176 138 255
    0 175 12 32 178 0 29 14 56 156 0 255 0 255 0 132 151 255 141 255 191
    190 255 0 199 0 147 255 255 104 55 255 216 10 147 178 255 0 0 255
    255 205 58 255 255 255 255 0 0 255 87 255 255 140 0 138 255 255 170
    0 184 0 255 252 3 144 0 79 216 69 235 255 185 18 190 169 0 195 0 13
    255 0 135 197 255 0 255 255 86 0 0 30 255 0 43 64 84 0 255 61 220 20
    255 0 114 246 0 0 220 246 120 62 0 206 216 255 255 95 55 255 171 18
    66 0 181 0 198 255 0 78 165 146 0 157 175 0 235 31 214 220 254 18 0
    228 174 255 75 92 227 67 0 255 0 16 93 218 1 204 0 133 54 6 255 255
    5 255 189 255 164 147 78 164 49 255 142 255 90 92 34 32 155 209 245
    166 255 195 204 210 179 69 231 172 210 0 0 159 226 114 241 142 176
    218 121 9 223 255 121 4 90 209 163 75 192 115 10 108 48 24 68 113 37
    115 110 0 133 62 0 87 0 147 0 196 59 198 176 199 110 70 158 71 93 3
    0 114 0 12 212 223 0 153 255 47 254 0 0 0 255 0 89 236 87 255 255
    109 84 197 190 0 78 78 248 0 255 173 230 255 27 139 89 0 51 255 255
    0 191 255 173 205 255 0 230 255 123 147 255 69 16 101 0 34 5 255 201
    255 65 169 0 178 226 75 30 85 0 0 221 110 255 8 129 6 56 124 221 63
    146 255 227 220 77 40 24 0 116 122 221 0 1 255 183 69 21 66 0 255
    128 240 76 58 172 0 171 255 0 231 255 53 0 0 255 222 7 124 255 79
    221 104 38 162 0 0 0 255 230 133 255 198 188 255 2 128 41 209 225
    245 16 0 0 224 76 0 0 255 255 255 44 120 169 255 118 244 56 255 30
    86 255 0 138 255 23 51 218 255 0 178 0 255 141 0 255 175 0 255 255
    255 69 53 4 61 243 108 145 50 213 0 231 0 18 103 0 29 255 14 225 102
    255 148 108 46 22 164 0 23 0 0 0 132 237 204 0 0 191 0 255 187 246
    83 223 75 255 0 5 202 210 84 100 133 127 0 23 0 19 52 2 80 0 76 0
    214 82 0 147 113 85 208 121 255 0 69 0 213 183 33 255 255 48 19 0
    133 0 247 160 255 255 137 142 255 148 183 255 0 82 200 255 255 0 3
    171 77 0 96 255 246 0 255 194 228 0 132 217 0 8 226 18 3 127 0 208
    77 255 255 0 0 221 184 175 45 0 255 77 153 0 118 193 239 245 13 177
    48 16 255 255 255 255 255 0 247 97 87 0 10 21 0 182 255 255 30 246
    255 0 36 172 255 0 177 249 0 255 255 21 0 224 0 0 255 79 0 206 214 0
    130 255 0 0 38 255 65 0 255 235 20 1 0 118 159 61 0 251 116 0 255
    246 155 172 77 0 210 175 169 25 183 145 0 180 166 255 246 126 16 0
    114 94 27 29 255 74 0 184 68 255 231 255 116 255 134 0 131 0 0 193 0
    0 255 0 151 51 33 0 0 1 0 169 70 42 177 255 255 144 27 219 255 92
    224 255 180 0 255 159 0 138 0 29 229 63 152 118 255 238 81 255 76 25
    238 0 255 35 184 167 0 7 0 4 7 0 192 18 84 244 110 158 117 253 108
    255 0 0 197 193 199 133 157 109 144 222 255 243 255 218 223 255 202
    238 0 255 180 102 187 148 138 225 47 255 122 0 148 61 0 0 103 0 239
    127 173 105 59 170 130 0 21 0 140 0 0 212 0 234 26 0 226 0 0 184 6
    255 31 142 255 129 146 255 115 59 0 90 146 0 125 255 255 0 0 255 0
    255 185 171 255 0 67 146 183 255 177 169 35 0 255 142 99 70 105 0
    236 119 0 110 0 193 85 116 215 0 0 91 255 15 14 191 229 0 0 255 0 0
    116 255 253 92 252 255 175 251 207 0 255 206 0 113 0 0 255 0 0 255
    88 250 232 0 0 18 221 255 255 255 224 242 193 147 255 255 0 231 43 0
    105 219 255 150 61 0 227 136 35 0 255 41 255 81 255 168 77 115 254
    97 167 255 197 255 255 129 169 255 255 23 82 0 0 0 35 55 255 231 165
    127 20 76 36 255 166 227 136 66 23 168 0 0 37 40 163 189 103 0 0 46
    255 117 83 225 49 0 171 73 83 0 2 0 162 35 0 18 182 78 255 0 39 147
    169 0 0 209 32 55 255 228 67 230 255 118 229 211 46 206 255 255 114
    255 8 0 255 0 36 7 228 252 255 0 40 45 145 89 0 0 204 107 255 62 221
    236 161 221 255 250 0 0 0 55 172 38 132 0 120 111 255 141 255 255 0
    146 28 0 255 255 255 255 32 54 0 18 72 77 89 161 1 0 49 172 137 81
    213 125 0 255 227 185 121 62 5 159 0 143 82 44 255 12 109 0 223 195
    130 196 238 255 114 255 255 255 0 214 100 255 213 141 100 194 136
    196 0 255 228 0 109 25 0 255 128 193 196 255 50 0 255 230 58 210 174
    254 123 88 0 240 167 196 255 0 237 88 0 210 62 0 16 0 135 184 145 0
    255 0 221 101 0 0 213 0 195 0 30 234 0 125 222 255 255 74 92 111 141
    255 255 12 0 75 27 255 48 147 190 130 32 0 0 74 199 227 255 255 55
    255 16 156 244 0 94 195 153 255 15 0 56 56 20 255 255 111 159 255
    190 103 255 255 53 215 17 129 93 225 255 53 66 162 33 190 229 255
    255 231 130 166 32 255 181 255 253 73 230 37 31 175 255 107 120 133
    102 182 133 238 233 224 180 110 0 220 217 234 212 255 255 255 255
    255 255 0 121 158 255 171 0 103 104 47 151 117 7 0 229 0 142 0 255
    255 0 0 181 0 255 255 255 22 119 255 255 255 155 230 62 205 0 0 250
    164 255 157 103 255 178 255 164 71 255 0 58 0 222 73 119 230 192 0 0
    253 255 5 82 77 212 0 144 255 255 113 255 255 121 0 252 28 172 0 180
    163 0 99 255 23 0 186 169 68 4 163 255 255 255 76 94 35 0 174 0 0 0
    246 255 255 116 255 254 232 240 0 181 0 0 11 0 66 144 255 113 74 15
    0 223 255 50 36 255 231 136 188 65 0 23 80 92 85 126 7 210 94 0 143
    206 255 0 18 71 126 212 149 124 63 154 255 255 0 148 180 255 211 229
    255 0 46 0 160 8 114 253 31 206 138 246 133 0 241 81 175 199 255 255
    66 255 188 0 17 243 38 0 252 187 245 6 42 25 0 61 21 0 111 58 255
    247 146 226 83 255 237 149 229 108 102 0 0 23 88 184 114 27 96 0 0
    115 0 0 31 109 146 15 78 237 149 138 112 161 0 60 255 0 0 144 119 0
    180 90 217 255 255 250 255 0 253 233 139 255 224 66 0 2 255 255 164
    26 221 255 0 66 175 111 56 160 177 177 0 103 95 206 145 255 123 159
    0 192 28 189 0 235 255 0 178 176 127 0 207 0 0 68 78 78 89 0 75 146
    26 156 61 131 1 255 95 207 0 113 255 225 243 255 142 134 139 0 0 110
    77 39 4 134 242 220 217 85 255 255 141 195 146 76 0 118 190 40 203
    160 40 157 46 255 197 159 121 144 108 148 255 0 55 7 23 156 100 255
    0 152 255 49 138 85 255 203 25 127 29 135 255 255 255 221 255 9 201
    0 214 199 159 255 232 255 255 122 0 186 255 120 68 136 132 242 63
    255 240 255 94 63 255 255 0 224 255 224 20 29 125 141 39 2 68 168 0
    255 97 62 153 0 127 152 255 255 124 255 0 116 0 208 0 118 255 221
    190 43 255 255 255 197 167 0 41 255 0 0 15 109 119 255 255 255 255
    155 255 152 0 255 213 255 0 255 221 23 192 92 0 36 248 0 255 26 69
    16 0 0 126 175 0 255 100 255 0 255 0 189 8 215 146 247 0 32 120 255
    161 0 219 134 255 0 145 142 0 85 242 172 255 217 0 197 255 191 219
    255 0 245 149 255 114 31 225 193 255 93 64 166 85 162 252 255 173 86
    184 220 57 255 0 255 224 68 19 255 0 91 255 87 160 255 101 248 0 46
    15 140 0 0 71 0 6 9 255 31 254 255 219 160 135 52 0 5 161 22 27 154
    255 80 154 255 125 69 0 163 131 114 182 0 145 179 255 255 92 111 255
    255 220 156 228 75 255 121 145 0 80 222 237 117 246 151 238 120 249
    0 0 129 73 0 0 233 84 44 26 71 0 0 128 0 255 122 91 154 194 133 3 27
    184 0 0 91 145 0 255 255 36 121 237 190 220 255 255 255 0 90 213 255
    31 236 0 240 209 255 0 67 107 225 245 99 5 255 0 80 0 71 137 102 255
    135 63 0 123 147 142 152 234 255 0 255 0 61 0 255 255 78 0 41 255
    172 84 207 22 54 0 203 0 0 0 39 173 59 255 111 0 0 255 0 0 42 255 63
    17 196 255 176 0 245 47 104 162 187 125 245 177 238 178 74 18 236 0
    102 140 170 28 3 255 74 82 255 12 160 199 0 153 133 12 0 0 252 249 8
    170 0 35 255 102 37 52 194 69 53 30 184 137 0 179 170 255 38 0 255
    226 83 246 226 0 174 153 255 52 39 255 200 0 131 195 214 0 21 136
    255 188 57 32 99 255 222 0 255 0 0 175 226 255 148 0 0 0 0 255 141
    25 209 201 255 144 97 161 194 81 187 255 88 240 4 255 184 0 255 176
    61 15 156 0 89 255 252 88 255 248 90 94 160 255 40 0 30 147 150 0
    159 1 41 207 255 190 173 0 116 255 181 255 64 184 219 181 248 0 77
    255 19 126 248 0 174 142 255 17 124 255 218 255 197 74 227 63 154 70
    79 255 255 238 181 255 255 255 97 255 255 55 0 87 95 255 0 101 255 0
    141 158 101 157 183 255 0 60 191 255 47 255 0 79 0 7 16 211 0 168
    249 182 192 84 33 137 81 255 217 128 190 0 255 67 176 123 229 78 0
    30 255 0 128 217 28 0 255 255 0 194 255 241 0 250 255 165 48 68 72
    134 0 127 246 0 239 255 255 255 0 219 255 0 122 237 24 249 0 255 120
    123 195 220 255 223 136 0 0 200 255 0 213 170 0 203 0 225 8 145 7
    166 149 255 114 0 4 197 0 75 0 139 32 255 0 6 92 61 0 0 223 0 0 217
    255 49 130 218 39 21 255 100 151 74 125 250 142 45 255 255 0 0 0 181
    0 36 0 255 0 29 194 186 90 0 248 255 69 255 35 218 110 0 179 32 255
    0 155 54 133 37 255 209 253 105 27 157 0 0 66 255 245 237 0 0 104
    119 236 183 255 255 91 0 255 178 172 175 255 161 182 255 17 5 70 201
    75 23 255 97 14 255 1 191 75 161 109 0 107 255 0 255 237 0 201 192
    63 80 0 0 57 136 233 162 41 68 0 255 115 0 42 129 0 255 255 255 66
    25 0 0 238 53 255 0 9 0 255 0 135 9 255 133 255 222 84 255 0 68 0
    132 248 0 0 19 255 193 255 221 255 243 97 255 36 39 0 0 255 251 86
    204 223 249 255 87 47 4 80 0 255 167 109 0 197 0 0 0 5 92 255 0 255
    81 117 128 70 41 135 254 255 239 0 175 255 255 255 255 205 3 14 0
    255 0 9 255 58 140 166 249 202 22 5 10 92 255 255 255 51 196 87 220
    114 255 35 197 74 26 31 43 2 137 255 67 118 250 0 255 203 0 162 119
    255 1 255 0 80 255 203 0 15 148 185 179 0 14 24 220 108 17 106 255
    248 255 0 104 143 93 0 255 206 153 59 255 73 196 77 123 0 0 0 146 98
    176 255 172 19 219 175 32 9 70 200 202 254 255 163 89 0 8 157 167 0
    255 0 91 226 245 248 4 81 173 0 0 163 255 192 0 183 255 172 38 189 0
    255 88 90 255 167 107 103 37 154 213 198 211 199 0 255 59 255 85 56
    255 0 255 0 58 106 114 245 180 132 221 0 255 255 255 6 0 0 236 109
    102 0 0 196 0 4 195 60 163 31 255 255 192 255 142 29 117 120 232 47
    193 255 40 249 32 252 255 0 18 109 12 210 241 46 255 12 90 0 0 79 29
    255 0 56 255 104 0 255 254 175 0 51 52 255 255 225 0 29 103 137 0 95
    17 133 0 79 0 44 0 0 0 45 55 0 228 25 255 200 113 40 0 0 87 9 64 0
    78 83 129 46 72 255 187 255 255 157 109 255 255 101 219 41 255 7 20
    0 167 115 75 102 112 23 255 0 255 87 239 0 0 98 237 0 189 89 155 34
    138 255 52 231 0 112 255 108 21 0 255 0 150 158 0 0 28 0 0 255 0 255
    255 125 134 40 137 17 255 167 0 207 4 35 68 255 0 0 255 255 46 18
    127 255 217 100 215 25 108 3 0 70 66 0 41 50 184 74 198 255 255 255
    73 117 0 187 205 41 150 98 78 243 255 104 168 57 0 204 224 0 0 135 0
    18 179 190 0 255 182 32 3 255 8 168 167 200 0 0 23 0 255 129 255 255
    52 255 230 89 66 0 0 0 99 255 0 7 29 2 0 0 142 0 0 255 25 102 255
    189 255 220 49 0 16 72 31 0 116 0 10 24 0 0 107 0 172 184 0 255 35
    255 54 182 11 132 0 255 208 158 158 0 156 48 212 38 135 117 97 127
    131 221 102 0 0 50 0 0 255 0 0 0 165 0 123 129 68 0 82 255 70 241
    106 0 130 215 0 178 255 252 16 133 255 87 0 95 109 255 212 71 198
    160 56 84 205 157 0 246 167 252 155 255 179 255 255 194 177 255 63 0
    255 188 177 2 255 25 0 255 163 0 0 0 0 133 189 0 95 15 246 255 255
    224 186 179 255 202 101 255 225 130 95 78 196 255 66 191 120 219 238
    100 0 3 255 249 163 115 112 255 25 96 255 255 150 220 227 24 255 0
    125 189 75 255 155 202 128 255 0 86 224 236 255 255 199 186 56 151
    162 255 24 255 255 178 255 113 209 255 255 255 50 175 0 172 187 182
    234 0 180 0 173 117 232 170 0 144 255 105 28 0 198 158 0 200 246 255
    255 108 0 255 127 59 255 156 0 227 113 232 255 210 239 159 255 0 255
    255 255 0 0 153 255 94 0 205 252 60 80 255 206 7 21 255 47 53 249 0
    174 255 13 96 10 175 228 254 113 176 221 109 76 92 65 38 0 0 0 0 22
    0 140 0 255 0 0 201 68 63 179 111 96 81 255 0 160 255 229 162 0 132
    203 168 222 255 112 0 152 0 113 89 1 0 129 38 0 30 5 255 0 149 241
    60 0 208 152 0 255 175 142 89 0 255 31 187 168 108 255 87 99 29 255
    0 94 157 113 172 0 187 255 121 255 181 0 25 42 255 255 43 73 255 99
    255 139 0 0 109 57 137 224 58 24 35 35 255 26 221 55 255 92 231 198
    37 117 3 56 194 255 24 255 218 94 229 84 116 108 253 0 179 198 230
    255 0 55 242 65 255 140 0 98 0 0 77 0 75 226 0 203 159 255 27 255
    140 103 191 9 134 204 23 255 231 255 0 255 172 47 0 144 0 0 142 149
    230 20 0 216 0 80 255 0 255 253 255 255 27 0 119 0 165 211 218 164
    113 0 253 253 205 194 53 2 91 0 137 0 0 255 255 188 255 47 178 0 140
    249 16 59 0 255 0 0 233 255 0 52 255 38 109 115 54 44 6 199 255 207
    255 255 0 50 181 237 195 255 64 164 230 40 0 86 255 119 194 133 121
    0 255 132 62 111 25 88 80 18 192 172 111 140 215 213 0 143 0 146 130
    204 255 191 197 255 0 255 228 151 205 0 230 255 115 17 166 59 67 109
    88 8 19 116 0 156 248 54 85 255 250 0 138 255 32 1 143 130 41 255
    255 255 154 255 255 127 0 55 58 0 37 60 57 255 215 105 179 163 49 74
    255 0 78 237 6 137 110 150 255 112 109 0 139 255 248 90 213 0 0 100
    65 213 255 121 190 0 195 0 0 102 255 48 255 20 66 227 227 152 0 255
    255 0 255 196 255 169 255 255 173 128 42 95 18 145 0 116 255 141 1 0
    255 0 236 102 86 0 0 0 0 255 0 0 184 0 63 194 0 49 3 0 76 129 255 0
    141 255 119 84 43 176 29 255 124 0 116 255 201 111 29 156 91 44 0
    255 101 0 159 60 255 71 0 255 249 206 159 9 255 0 255 123 255 0 0 0
    0 0 103 149 255 58 0 226 117 73 115 255 204 186 0 49 32 154 0 85 191
    162 148 0 26 173 92 229 0 154 219 45 135 89 85 248 219 216 255 124
    241 219 155 129 130 255 255 152 140 0 216 192 202 193 190 0 25 82
    255 212 255 39 171 200 110 0 0 101 225 52 100 134 5 0 13 202 237 255
    0 22 0 205 0 129 255 255 75 19 187 255 0 110 96 203 0 75 170 0 85 0
    205 160 76 117 255 40 255 68 206 219 255 178 249 0 157 112 150 217
    93 64 65 0 158 0 145 255 82 0 255 123 84 3 5 7 156 97 24 239 255 255
    58 24 100 144 21 255 255 0 191 255 23 59 0 211 255 48 117 71 152 206
    29 33 0 69 0 255 199 157 83 255 255 93 93 0 38 0 100 0 224 255 209
    236 71 180 161 255 127 0 57 177 255 204 243 8 0 97 255 208 207 255
    255 0 188 248 255 0 25 255 198 53 159 127 255 147 96 255 255 235 220
    170 190 168 160 139 255 0 0 0 0 47 74 212 42 34 0 159 85 54 130 255
    129 17 161 0 0 0 74 91 203 241 255 94 125 15 116 182 0 99 203 0 115
    11 0 133 250 89 10 13 0 88 224 0 255 157 95 203 144 255 229 157 68
    124 29 0 0 228 0 51 78 72 56 70 255 255 255 255 0 163 130 163 4 255
    255 110 0 255 81 244 173 255 190 0 35 142 240 159 0 204 255 77 186
    255 78 62 56 213 255 183 83 157 96 255 0 255 137 115 254 103 22 0 60
    0 251 200 230 239 255 255 194 21 69 0 255 255 207 238 0 255 100 115
    255 0 132 168 202 46 0 255 255 3 36 24 0 113 78 86 152 0 83 255 40
    245 255 0 156 0 78 255 126 76 190 0 255 0 43 242 255 0 8 253 236 126
    197 237 129 18 255 247 172 194 255 251 36 117 200 136 200 255 149
    255 0 163 255 255 235 181 62 94 255 75 114 255 144 146 24 100 0 0
    255 0 229 160 169 255 159 125 85 239 151 135 255 7 150 255 123 242
    224 126 89 0 136 255 117 96 0 83 106 0 0 49 255 50 144 255 255 0 232
    112 211 179 11 255 147 190 76 244 134 0 78 0 78 185 255 255 255 220
    214 255 219 44 75 66 240 255 0 255 170 0 39 19 116 0 26 11 214 255
    189 0 0 0 211 0 236 0 207 190 255 0 18 74 9 20 193 0 178 28 154 143
    0 255 62 63 0 3 0 158 87 0 229 255 40 0 185 141 51 131 0 232 57 103
    0 238 188 236 255 134 139 70 133 255 97 172 0 255 255 94 21 1 0 94
    208 136 181 83 0 230 255 255 255 125 242 41 151 232 255 29 219 255 0
    230 255 74 60 152 150 36 177 139 20 0 52 255 0 0 255 101 207 75 0
    255 0 255 0 76 255 0 255 253 133 165 67 23 91 27 237 35 255 165 120
    255 196 2 255 195 255 67 110 255 111 244 80 151 246 78 110 0 0 117 0
    124 107 0 172 220 28 255 255 110 0 255 87 64 57 30 121 0 251 219 255
    123 88 217 11 0 255 147 122 8 243 76 214 50 117 30 195 226 0 0 88
    127 255 60 234 255 203 107 0 191 62 92 0 4 219 214 16 177 155 0 0 60
    40 153 0 111 192 255 181 0 164 255 96 0 255 0 194 54 156 174 0 98
    107 0 92 209 194 0 255 123 154 188 134 100 96 110 122 137 0 237 73
    55 255 152 255 136 136 115 0 111 105 255 93 152 198 255 0 41 255 117
    250 65 170 245 117 0 0 187 157 92 247 0 255 213 0 59 0 255 59 174 0
    179 0 59 0 0 0 120 28 160 255 154 255 38 0 29 251 0 0 206 129 78 197
    255 81 243 148 80 170 255 196 255 46 2 39 38 208 166 255 0 204 255 0
    0 0 100 248 202 71 255 0 250 255 97 188 177 115 0 255 79 49 255 202
    16 48 19 229 255 34 0 204 0 110 176 0 108 153 255 168 0 0 196 236 0
    0 157 255 0 156 104 44 158 255 7 59 18 57 160 255 129 76 139 35 87
    255 0 220 255 0 192 84 17 255 255 255 48 255 222 102 1 114 59 0 162
    255 0 171 227 25 78 48 122 236 212 46 110 255 50 0 108 166 202 0 126
    134 113 17 166 97 0 182 59 0 187 225 136 0 21 208 46 0 27 255 255 50
    0 0 16 0 0 39 255 253 197 16 71 0 6 0 154 255 107 147 255 0 201 0
    177 153 91 107 255 88 134 214 255 255 142 255 117 255 255 0 255 28
    72 194 99 0 255 229 212 0 255 23 100 255 244 0 186 255 0 149 255 128
    149 86 111 255 161 204 0 132 255 0 156 109 137 54 0 175 46 127 91
    149 217 41 255 220 87 18 88 229 129 112 25 227 198 0 255 255 148 56
    236 255 14 155 0 74 0 190 0 238 255 185 0 29 0 0 255 93 152 0 255
    255 0 136 255 255 0 255 237 98 206 0 17 0 255 147 255 255 174 0 187
    45 205 0 255 11 255 101 130 185 255 255 255 61 0 255 255 153 253 103
    24 69 97 29 255 255 240 185 8 2 0 0 255 34 90 33 0 219 255 138 11 28
    193 72 0 159 0 76 0 255 0 0 0 0 255 162 215 255 0 125 55 0 170 121
    255 184 210 0 202 147 13 20 106 250 134 142 0 255 25 116 0 217 88 1
    101 161 6 245 162 176 125 195 162 0 0 191 38 11 77 14 237 231 231
    255 53 178 0 43 48 255 0 255 167 255 243 26 255 173 106 189 255 0
    107 132 236 207 220 1 255 176 195 39 79 251 5 126 247 0 99 0 0 94
    255 255 204 52 76 60 232 0 115 204 155 0 0 165 0 12 150 74 85 255 55
    98 47 206 255 0 139 255 52 251 169 0 255 91 205 233 167 178 0 186 55
    130 98 30 240 174 255 65 72 255 160 195 255 75 92 172 146 2 47 236
    202 196 0 53 21 157 255 83 81 215 116 161 215 69 69 208 57 255 105
    35 88 221 49 255 117 219 255 94 186 66 135 44 0 20 194 72 255 141 73
    150 0 17 73 255 255 255 234 0 66 255 42 161 255 130 4 220 199 255 3
    49 255 0 255 204 0 159 219 232 204 199 219 63 0 220 119 255 190 255
    0 103 84 0 34 229 196 0 59 66 174 97 119 0 0 178 165 0 0 44 255 255
    47 255 96 227 146 21 0 147 0 26 94 12 0 0 17 255 11 148 32 0 19 0 0
    255 0 34 0 83 0 255 254 55 131 18 19 0 255 0 0 255 232 0 0 0 0 169
    80 20 255 108 17 161 3 9 255 0 174 5 176 209 227 58 255 81 212 208
    151 0 196 0 255 231 209 201 255 255 255 173 18 59 68 133 255 109 12
    199 189 153 18 61 0 174 100 151 255 249 0 0 199 151 255 129 104 139
    0 151 0 224 255 255 121 255 184 78 32 57 30 255 255 243 160 0 136
    107 0 0 76 255 0 0 221 255 246 78 255 255 0 0 237 0 5 255 147 150 86
    199 0 47 22 73 238 230 237 0 218 255 0 70 91 255 87 140 255 25 255 0
    255 140 134 17 0 75 156 188 239 0 237 2 99 0 255 117 121 255 255 25
    93 255 0 209 197 99 183 208 255 60 255 245 0 37 255 151 47 255 255
    33 0 37 106 0 0 242 156 41 255 249 104 0 170 0 255 0 82 255 0 166
    169 67 140 230 255 168 255 26 238 0 255 128 173 137 110 255 192 28
    184 215 200 145 117 241 81 241 139 0 2 212 84 0 248 71 255 89 155
    255 142 0 255 22 255 106 0 79 255 198 166 255 22 168 99 250 3 0 255
    136 52 225 245 22 165 94 5 189 171 195 144 255 255 92 93 171 205 0
    131 170 215 221 228 0 255 4 0 0 0 255 0 157 225 224 255 102 255 203
    73 255 200 136 60 255 0 0 222 0 255 0 170 255 116 0 204 84 76 0 255
    255 108 128 0 28 61 0 153 5 0 255 70 249 0 77 198 255 61 255 0 65
    101 255 0 0 109 207 0 0 0 168 114 255 153 207 255 154 255 218 51 255
    247 255 215 0 0 4 61 0 0 104 187 0 32 24 251 96 0 201 250 39 122 0
    226 235 0 34 0 204 255 123 212 28 255 255 0 255 0 173 255 0 253 170
    244 76 255 0 0 233 0 255 155 0 60 68 255 220 47 255 35 0 36 185 138
    255 226 76 159 123 9 0 180 200 118 255 0 199 52 0 255 42 0 255 120
    187 255 3 222 60 250 141 86 86 0 159 185 0 217 187 107 255 255 95 11
    130 134 174 19 65 41 203 15 171 128 133 238 0 0 39 118 255 255 68 66
    170 176 255 255 88 0 92 179 64 0 255 1 17 109 142 0 225 255 204 0
    215 0 141 70 139 255 81 229 117 94 255 192 0 248 230 37 255 109 91
    124 60 0 255 67 229 112 30 107 255 67 144 182 52 92 131 0 255 180
    255 255 225 165 0 235 209 153 143 93 148 240 235 181 0 25 43 190 141
    20 73 0 255 220 0 255 255 59 163 0 0 164 0 0 126 186 46 172 115 84
    112 236 255 255 255 207 0 255 89 208 11 33 229 111 0 0 132 27 44 255
    0 204 61 137 29 214 167 50 0 202 255 255 201 188 255 0 39 99 72 44 2
    137 36 25 253 0 216 195 128 247 0 148 255 59 17 46 255 0 37 35 100
    255 89 94 131 255 2 239 255 251 13 140 71 135 222 40 0 0 255 255 63
    134 255 0 27 72 50 242 1 224 255 255 170 255 151 141 239 103 248 0
    255 168 0 255 204 228 0 228 255 167 90 22 58 0 255 139 73 67 67 0 0
    255 60 197 28 175 48 63 204 255 224 88 94 0 255 0 119 196 84 255 0
    198 255 118 255 255 231 231 201 249 0 255 229 92 0 0 150 34 0 51 232
    22 158 0 14 162 3 0 92 255 247 0 240 119 130 255 17 75 255 41 224
    255 33 207 9 125 71 255 141 35 232 53 5 0 255 131 255 28 108 116 253
    254 255 255 0 101 255 51 92 61 30 255 0 20 240 209 100 115 79 94 188
    141 0 0 181 220 161 11 0 255 255 255 177 208 179 180 107 44 136 141
    0 117 199 9 121 255 10 0 232 143 0 65 0 64 20 61 255 1 205 184 38
    116 85 0 92 255 133 19 140 138 242 108 0 255 148 0 134 208 255 255
    109 0 255 150 61 0 157 13 0 255 0 18 255 129 255 241 255 133 19 255
    166 36 105 255 179 146 255 0 0 255 0 0 255 242 255 255 255 192 155
    255 231 226 255 147 207 255 205 230 207 26 91 255 255 0 255 255 161
    96 255 164 255 255 159 70 255 253 208 0 240 0 119 123 23 197 159 22
    255 63 0 5 81 241 255 175 255 70 255 255 255 102 159 59 43 12 255 41
    189 241 255 255 0 213 0 248 61 102 0 122 255 163 0 255 182 25 50 65
    0 118 144 65 0 167 86 0 165 0 26 81 0 255 67 180 0 228 0 174 255 0
    107 89 249 197 0 255 79 255 29 186 8 62 76 130 136 83 131 0 9 255 46
    117 161 122 179 250 0 91 215 255 255 255 0 154 68 0 255 215 255 224
    184 165 130 155 110 24 206 91 0 190 214 167 251 139 255 0 88 255 59
    52 129 0 0 0 255 107 157 0 151 222 229 231 238 255 255 123 255 255
    203 255 36 255 229 100 0 63 83 153 255 7 255 34 31 251 255 177 178 0
    67 116 188 5 28 246 255 0 255 0 255 40 104 169 246 169 255 0 0 118
    209 120 12 255 246 53 210 223 98 255 53 255 0 184 0 159 198 1 255 0
    103 255 0 231 237 0 219 227 167 255 97 250 123 0 0 195 5 0 255 180
    174 0 255 255 38 112 155 139 0 0 117 255 32 104 255 99 147 176 48 0
    28 137 0 255 101 255 21 152 147 0 86 239 219 219 255 0 0 0 255 146 0
    193 117 102 0 255 244 71 105 0 18 154 0 255 255 103 134 255 193 210
    157 0 18 160 117 163 18 255 0 233 255 241 250 23 80 24 108 255 255
    255 255 165 17 105 134 0 182 255 129 255 255 184 56 64 105 122 161
    55 244 0 247 106 178 223 96 67 208 255 255 48 0 123 161 0 75 4 23 70
    255 0 0 2 255 0 20 91 255 206 99 17 9 0 0 27 0 80 248 255 200 0 1
    255 190 0 175 140 248 187 0 20 238 123 243 255 0 68 69 0 138 157 255
    0 86 123 0 241 184 239 255 0 0 162 84 14 8 255 191 255 100 210 0 181
    0 0 185 74 103 0 255 0 165 246 255 0 255 255 0 31 255 9 255 109 56
    162 226 8 255 0 161 255 100 255 60 0 0 161 205 153 255 38 0 58 8 255
    0 0 186 84 51 54 0 149 255 255 18 255 220 178 9 254 90 169 0 146 215
    0 239 0 182 123 163 135 255 255 174 114 32 134 187 236 147 112 0 0
    169 170 243 215 219 0 159 174 255 255 162 255 68 23 255 110 255 0
    255 24 88 215 255 178 0 124 184 0 206 231 76 255 9 0 136 246 228 0 7
    130 25 0 154 117 255 245 0 142 0 0 0 255 103 0 37 0 180 166 166 72
    24 0 145 0 10 64 250 22 110 111 255 49 153 255 13 255 255 255 34 255
    187 255 255 25 255 170 0 25 208 0 83 169 61 0 90 111 12 156 255 77
    207 255 0 135 255 0 253 111 215 195 140 255 255 255 0 130 193 157 0
    0 0 86 58 110 0 145 7 16 15 87 116 0 0 6 239 255 124 255 255 200 138
    255 131 255 202 161 25 215 19 160 236 0 0 203 96 0 212 191 255 162 0
    255 0 0 64 255 38 158 52 255 101 51 255 109 118 44 210 214 0 255 169
    1 10 162 255 93 255 255 54 255 0 207 213 162 193 225 255 251 28 118
    205 154 127 80 23 160 255 208 147 145 0 109 255 185 0 29 105 58 163
    155 106 173 159 255 90 107 66 255 74 53 255 0 153 164 255 58 130 0
    255 9 0 179 0 120 146 0 10 11 10 68 82 255 255 0 255 255 4 255 0 226
    242 0 98 255 133 134 163 217 245 216 193 112 230 30 187 74 183 0 9
    255 160 12 0 92 217 0 133 0 0 20 226 109 0 101 34 50 255 138 0 255
    255 255 188 19 23 84 84 123 191 142 172 212 0 233 96 0 0 227 0 190
    78 84 213 85 0 95 255 12 193 0 123 137 97 0 138 255 21 145 179 0 255
    0 81 0 82 88 59 185 80 172 255 58 248 171 175 255 255 188 163 80 127
    0 195 0 177 0 165 255 106 0 214 0 0 124 109 234 149 255 255 0 0 198
    255 156 255 95 77 202 0 211 116 0 108 0 251 0 36 107 140 135 58 0
    255 16 255 255 0 22 0 0 0 150 217 121 64 255 255 103 166 250 127 113
    255 213 0 226 0 200 233 183 255 151 255 81 255 53 68 209 24 100 166
    154 0 0 147 255 38 210 34 69 132 0 197 0 255 104 255 79 14 109 52
    254 104 53 0 255 255 124 213 255 223 255 255 49 243 191 0 123 247
    255 233 0 127 0 255 2 0 253 236 48 90 255 70 160 181 41 145 0 255 0
    255 162 157 255 192 71 31 72 131 80 96 14 0 0 0 144 0 214 255 0 255
    133 255 121 61 107 32 203 255 0 255 122 255 255 0 218 145 252 122
    103 255 0 255 52 46 216 173 94 255 15 205 255 124 0 183 255 104 28
    234 97 174 0 59 241 96 120 0 234 218 38 140 76 170 0 255 155 116 255
    0 255 255 255 255 107 71 6 255 44 50 82 255 112 238 201 109 101 50
    193 255 24 97 255 255 130 0 251 196 0 58 97 255 22 0 255 14 92 255
    172 42 122 235 240 210 255 0 0 158 73 252 10 95 138 171 76 76 128 91
    255 0 252 109 169 251 254 235 99 0 0 255 186 51 155 0 0 186 255 240
    255 168 0 127 14 255 238 0 81 36 125 255 11 100 255 16 0 228 0 191 0
    12 2 83 97 0 255 89 77 136 216 255 230 255 155 255 13 255 147 0 0 13
    128 248 150 80 0 255 0 255 255 155 0 133 213 255 86 135 0 25 57 0 0
    158 0 48 71 200 255 106 255 233 0 217 204 130 0 52 32 167 0 235 216
    0 255 97 165 250 0 255 14 204 255 182 211 0 163 222 0 244 20 51 223
    223 44 60 109 0 182 0 255 141 255 24 152 242 42 0 247 138 73 178 12
    103 0 23 195 255 123 0 255 182 218 233 130 0 143 193 232 254 0 255
    232 123 0 37 85 220 0 233 159 6 255 253 0 148 132 211 106 255 0 92
    233 245 191 0 255 10 44 0 166 253 255 255 6 118 255 255 132 0 142 5
    87 0 128 255 23 255 235 68 143 251 239 208 7 180 107 223 245 0 0 0 0
    0 255 29 255 255 208 247 255 98 255 36 14 229 127 252 125 0 108 206
    255 222 93 0 40 235 55 97 0 176 63 0 155 255 21 0 255 51 255 155 220
    21 255 216 0 86 255 172 47 85 255 231 0 159 128 0 125 255 249 97 41
    0 102 255 0 0 255 10 42 255 122 82 0 255 45 57 255 0 131 255 0 195
    103 169 234 182 252 255 35 0 68 72 238 0 233 129 255 255 21 0 255
    196 1 73 172 226 182 0 1 204 0 0 156 255 142 190 0 229 0 205 0 206
    109 188 0 40 139 198 189 72 186 17 255 3 129 232 255 139 83 242 0 0
    189 14 251 26 0 82 0 200 217 95 0 74 0 172 0 0 255 115 255 116 0 98
    162 86 82 123 210 119 205 0 178 104 0 255 224 205 67 197 0 0 0 35
    223 255 217 148 31 255 223 188 235 226 0 0 149 78 227 0 152 0 202
    255 239 28 255 255 0 114 218 0 255 31 255 0 0 142 101 252 250 216
    112 0 155 205 255 0 171 0 255 242 15 118 130 101 26 255 140 104 100
    255 219 0 222 255 199 255 255 46 0 0 239 80 168 0 49 77 26 82 215
    218 206 0 255 118 30 255 87 118 132 0 234 255 208 255 255 255 134 0
    255 255 0 121 255 0 109 255 235 255 13 255 190 255 58 0 68 27 212 90
    21 255 0 11 255 187 0 0 255 112 255 255 234 168 175 108 25 173 148
    128 48 135 0 255 255 0 90 40 101 246 157 91 0 255 255 0 255 166 255
    0 255 44 201 245 160 21 12 183 255 65 0 214 177 10 61 209 148 185 34
    101 89 15 209 0 60 0 195 83 0 213 96 72 26 0 27 0 0 20 0 239 255 96
    104 0 188 54 255 0 255 46 189 41 218 146 196 0 0 129 112 160 124 255
    149 0 255 40 0 107 196 255 11 0 255 8 214 255 0 238 255 147 52 255
    32 213 239 93 82 0 49 255 0 0 100 119 0 139 0 32 255 255 33 255 253
    0 24 0 172 252 154 255 255 167 59 255 65 174 0 243 0 149 214 131 255
    182 221 255 255 19 65 15 37 225 244 255 244 226 222 255 12 255 255
    92 0 0 51 254 0 7 71 101 222 255 0 103 255 0 9 67 30 244 255 94 255
    35 38 0 141 255 0 0 168 213 0 0 0 0 2 135 0 255 249 44 106 72 27 255
    146 247 0 255 172 154 255 59 255 155 109 88 0 175 0 0 42 48 172 178
    255 120 0 171 255 216 0 255 255 0 3 190 42 184 193 0 172 199 0 255
    94 66 255 255 27 199 111 62 0 255 91 234 255 0 0 188 0 255 26 255 0
    250 93 130 255 0 228 0 47 0 255 104 0 255 6 57 118 196 247 0 255 255
    0 255 58 10 177 26 124 255 121 255 139 255 181 255 219 4 255 61 2
    248 24 255 178 0 255 0 235 104 171 255 0 233 0 255 0 56 0 81 116 19
    187 196 255 223 189 255 39 255 248 184 183 0 65 255 113 191 96 255
    248 0 224 226 0 0 255 0 218 133 0 19 142 38 241 75 255 183 81 27 73
    208 111 0 0 7 75 0 217 29 70 15 255 0 185 255 205 255 157 162 255
    255 159 101 255 255 90 0 255 7 255 255 255 255 147 37 190 255 0 255
    203 61 0 120 255 121 228 255 255 232 155 176 250 90 0 255 104 153
    255 35 0 255 0 255 92 255 255 157 0 0 120 21 63 0 0 255 0 216 147
    252 109 174 228 53 17 189 168 255 255 0 115 183 0 0 201 192 148 19
    255 0 218 114 255 0 41 255 0 20 93 17 214 3 0 72 255 255 255 255 31
    238 29 160 20 243 154 30 255 0 153 229 67 213 255 145 243 255 255 75
    0 109 8 40 0 183 83 139 0 102 188 0 228 246 255 0 44 136 222 179 217
    88 255 241 13 0 43 248 34 0 255 0 12 0 43 26 14 255 114 151 255 5
    255 0 255 230 18 153 128 255 52 157 0 255 116 244 30 80 162 0 124
    217 0 174 255 0 0 255 255 151 87 255 193 0 255 255 165 248 255 7 0
    255 232 255 23 159 199 244 100 138 255 71 117 224 255 126 0 254 255
    0 2 159 220 73 255 228 28 19 0 255 87 176 0 178 52 177 57 255 217
    255 255 0 0 104 0 41 255 206 212 255 105 59 0 113 0 59 0 0 66 61 0
    116 133 192 255 10 250 223 0 30 0 142 139 124 30 77 154 110 197 255
    0 115 255 106 80 123 50 255 188 201 152 255 196 63 235 255 0 4 218 0
    175 72 145 125 238 0 227 44 91 211 117 255 255 121 255 132 16 0 227
    0 0 217 0 0 101 2 62 197 168 52 255 255 255 0 255 202 4 255 24 105
    38 231 213 255 0 52 206 7 96 75 255 87 255 255 17 0 0 198 255 0 240
    31 137 90 0 20 77 153 13 159 116 0 177 255 255 0 132 255 152 0 0 0
    11 0 0 0 0 87 255 254 85 0 255 55 105 145 0 207 0 136 225 255 89 180
    0 138 75 0 255 226 222 255 255 204 255 182 150 0 0 155 190 49 227
    255 57 255 201 0 235 255 217 255 86 172 169 78 255 229 157 117 113
    255 74 231 149 119 0 113 247 224 255 0 143 183 255 0 229 247 66 16 0
    255 211 155 157 21 174 0 59 95 102 124 87 8 255 0 0 116 75 0 212 211
    65 128 255 0 248 59 82 242 11 12 0 255 255 255 255 184 61 73 255 255
    232 255 255 0 115 255 24 76 61 0 0 0 255 242 11 14 0 12 65 255 255
    255 0 206 69 170 126 0 148 255 0 35 255 0 0 82 54 61 102 2 62 255 0
    41 0 72 232 0 203 255 211 57 183 255 57 0 0 183 62 54 243 0 12 184 0
    255 192 255 201 228 84 0 84 159 105 60 204 255 146 12 255 80 164 171
    49 99 255 0 31 255 33 255 174 0 77 232 0 0 255 0 66 255 92 0 138 216
    205 208 219 229 224 255 49 16 0 101 211 194 255 70 207 232 180 21
    128 199 0 142 0 198 19 101 248 98 140 255 43 42 0 0 122 232 161 0 72
    36 128 200 254 0 37 255 0 23 255 11 147 21 0 62 144 0 255 255 5 192
    255 6 159 255 18 233 112 186 0 255 0 27 255 232 0 255 173 126 31 8
    139 171 0 149 0 213 105 114 255 12 41 7 244 90 113 152 0 96 142 0
    219 255 255 202 255 31 100 255 48 0 38 255 8 59 23 162 0 255 250 165
    0 255 0 23 217 103 209 83 142 216 156 66 5 115 107 249 202 255 233
    200 0 0 0 184 255 151 255 0 171 216 112 255 0 255 212 139 0 255 0
    143 170 65 95 37 232 230 71 0 0 0 0 45 189 127 255 0 35 212 69 80 0
    0 162 236 202 0 144 97 152 255 75 192 255 0 50 180 255 95 0 108 76
    11 14 180 255 255 250 148 171 150 22 0 0 255 255 224 0 0 255 255 255
    133 0 250 181 0 38 87 0 1 204 47 156 146 0 0 255 19 25 0 255 67 230
    255 255 255 255 255 61 233 85 48 168 41 0 120 180 230 0 214 27 0 113
    255 96 16 255 19 9 145 255 191 204 255 97 238 2 53 0 255 39 219 132
    196 0 149 71 112 187 246 0 186 72 171 0 0 255 0 61 0 44 255 0 255 68
    221 68 18 232 0 244 72 0 159 255 0 72 124 0 144 146 207 202 168 227
    0 255 88 183 255 117 0 10 0 205 0 144 255 238 0 31 0 53 87 216 0 0
    255 0 255 15 255 255 67 18 255 0 88 82 255 14 120 255 0 0 0 106 255
    255 255 255 255 0 255 215 147 205 174 215 50 167 71 95 177 0 255 40
    255 255 0 191 255 156 2 145 255 255 132 0 127 202 12 77 216 8 84 255
    179 14 255 235 37 151 0 215 255 58 238 255 255 243 149 164 28 247
    176 218 21 255 22 0 239 77 19 0 0 83 255 23 0 0 255 170 255 122 0
    185 109 36 81 0 255 255 10 24 255 48 255 46 132 0 0 81 153 180 115
    125 255 221 36 0 163 86 82 0 0 168 217 75 255 35 83 255 113 235 191
    185 17 255 152 255 0 5 57 0 0 5 63 137 0 103 151 0 0 0 142 221 16 60
    7 41 49 237 0 3 54 46 207 225 0 48 195 182 148 0 35 16 255 67 255
    213 255 0 255 157 8 251 255 72 255 133 223 25 147 49 0 0 255 213 255
    42 42 0 14 255 156 205 0 33 223 168 126 15 246 0 255 187 170 206 221
    255 135 111 0 227 66 219 0 40 0 0 17 43 99 215 111 255 255 0 0 129 0
    255 255 174 255 67 255 0 191 123 182 0 142 87 0 121 161 255 79 184
    163 0 0 255 51 44 255 82 195 0 90 100 133 255 136 147 44 150 255 0
    111 7 174 255 59 42 0 99 11 158 50 255 255 27 76 94 173 31 255 0 255
    11 0 98 47 187 0 195 47 25 0 161 255 50 0 0 255 0 103 255 0 238 255
    90 202 255 255 216 49 0 255 0 182 47 0 228 136 0 0 128 156 255 0 245
    47 184 0 137 166 12 172 80 255 224 255 113 200 255 224 234 105 255 6
    89 255 36 22 0 0 255 187 19 255 255 65 108 160 0 255 74 255 255 107
    9 0 243 27 255 180 71 0 255 93 64 12 0 254 120 22 255 0 70 248 26 0
    206 255 48 0 232 120 160 255 35 246 229 165 104 255 192 255 0 227
    238 74 255 0 255 246 22 0 218 104 0 255 254 255 77 0 255 206 172 9
    255 118 0 255 7 71 255 0 154 20 21 0 247 255 255 255 126 162 255 168
    9 0 99 0 34 47 137 213 139 40 71 33 76 255 176 101 70 0 0 129 129 0
    255 33 0 116 187 103 33 255 255 0 255 76 90 255 43 253 0 186 255 255
    255 0 0 132 190 146 232 0 160 176 0 0 0 0 175 49 160 57 224 224 255
    0 0 255 21 221 225 181 18 255 255 255 0 0 97 249 143 53 255 84 255
    255 3 0 254 32 85 255 0 41 244 118 0 49 94 64 0 165 255 192 35 213
    129 70 0 0 42 123 255 164 116 208 249 137 81 167 0 198 200 236 90 68
    0 255 255 228 255 43 86 147 101 9 230 133 243 255 6 255 0 2 83 0 194
    255 0 0 255 247 0 0 201 26 60 255 0 70 0 152 161 0 0 0 157 255 176
    33 139 255 129 0 204 108 53 122 253 82 145 255 102 107 255 0 0 18 0
    11 98 107 208 255 240 0 85 255 243 67 0 0 158 0 65 0 0 79 235 58 255
    255 17 255 234 255 255 255 105 0 84 0 13 255 169 25 46 2 0 0 95 235
    255 6 255 173 191 0 255 255 76 0 193 231 111 93 0 0 132 42 205 63
    255 245 255 0 255 0 0 255 0 60 192 255 28 0 114 39 120 255 0 159 130
    38 0 100 177 181 153 149 0 0 239 227 206 255 9 0 127 101 240 107 67
    1 106 20 26 97 13 163 0 159 15 142 116 57 168 255 0 41 255 171 0 90
    0 218 117 207 255 152 255 0 0 141 129 255 0 113 0 0 0 189 255 0 0 0
    255 75 0 118 0 0 0 0 116 255 255 0 228 43 255 255 218 97 74 68 100
    229 7 0 49 147 165 214 0 197 188 255 8 71 0 119 0 0 24 255 163 224
    199 239 149 255 81 72 177 190 160 87 200 189 66 0 0 183 0 147 181
    255 123 245 119 0 0 72 86 255 0 174 12 0 239 255 184 255 255 11 15
    255 255 0 0 68 159 140 0 192 138 118 58 231 0 32 204 67 182 240 79
    93 255 0 255 130 255 0 255 15 24 82 0 0 38 98 126 246 255 209 181
    103 114 72 0 181 0 0 0 43 0 24 0 0 70 0 255 228 67 190 189 123 71 44
    138 34 255 92 0 93 67 163 97 51 255 255 255 166 255 255 0 28 160 164
    81 122 5 0 41 158 0 128 255 98 34 2 208 136 2 142 255 138 154 54 0
    255 164 255 0 81 255 255 64 42 255 0 255 143 0 0 255 105 120 5 255
    25 255 50 114 0 27 104 29 205 243 0 15 7 255 115 255 255 83 0 187
    127 224 159 37 254 255 204 93 157 208 110 248 0 254 1 205 39 96 219
    255 255 110 0 0 101 150 34 0 44 250 0 0 72 0 101 92 76 134 0 246 51
    0 255 99 0 110 142 67 204 77 6 193 161 111 255 138 0 80 255 60 108 0
    255 76 65 151 0 255 255 17 48 255 111 255 254 0 242 231 255 162 0
    255 61 113 65 100 0 255 244 113 237 0 255 0 255 171 197 255 117 9 3
    25 147 50 95 64 178 240 197 255 255 0 124 133 0 28 101 7 247 199 108
    0 88 255 255 0 255 104 146 0 31 173 80 98 128 28 255 255 48 213 0 32
    201 30 255 255 85 152 255 225 123 255 208 212 38 92 133 255 255 87
    255 251 0 152 255 0 255 0 0 255 255 163 137 203 153 143 170 134 255
    74 39 255 79 126 24 0 227 118 0 0 178 74 74 69 255 255 254 230 0 0
    111 255 0 255 105 255 255 197 12 68 137 15 0 97 27 104 108 0 252 168
    6 190 83 0 172 0 0 177 40 207 0 0 177 185 121 227 220 46 224 93 179
    240 0 254 255 163 255 186 136 179 229 0 0 188 255 0 4 0 16 0 150 255
    255 198 255 255 191 0 0 150 101 20 203 0 68 142 145 192 98 236 200
    255 222 45 0 129 255 250 95 130 255 190 0 255 104 255 0 40 61 197 0
    55 160 169 252 233 180 44 70 0 142 0 237 247 182 167 120 0 110 255
    215 255 164 45 141 215 73 71 0 242 49 0 99 122 113 107 64 79 217 156
    125 255 150 225 19 78 244 149 0 0 137 0 86 81 95 182 255 255 255 255
    144 49 255 108 0 61 30 26 237 25 61 0 165 166 151 192 255 200 255
    180 0 41 7 196 255 0 182 8 255 255 113 255 0 255 121 0 60 0 102 141
    30 255 208 255 0 166 187 0 255 0 169 255 161 12 211 32 115 99 14 190
    255 34 255 255 249 255 25 0 237 245 122 191 55 188 255 0 0 0 116 41
    30 39 172 35 99 255 0 24 113 255 138 41 0 174 193 93 255 106 94 200
    255 250 0 189 0 182 255 239 161 0 201 41 0 255 150 143 255 63 0 137
    220 255 153 142 255 0 255 148 0 0 198 0 31 0 90 166 96 87 94 0 129
    31 129 255 103 238 255 127 244 112 25 131 0 0 177 104 43 255 30 207
    255 0 135 192 210 190 255 226 0 0 232 198 175 0 30 191 0 0 255 82 89
    207 231 134 234 115 255 14 0 0 0 255 208 255 255 146 69 90 131 255
    147 206 74 0 111 3 95 255 168 0 0 169 25 186 243 85 255 255 242 145
    39 41 186 40 235 0 82 255 92 14 0 161 19 0 0 35 13 0 164 0 116 0 255
    177 255 0 60 255 255 220 63 36 43 201 160 45 205 122 67 113 224 187
    69 255 228 212 227 0 205 38 225 0 32 0 0 35 182 63 213 50 201 255
    255 0 3 56 133 137 170 37 67 255 255 255 218 17 222 0 0 32 0 207 245
    37 159 255 95 215 204 87 226 129 255 255 53 14 153 147 117 255 0 148
    0 0 176 134 255 0 169 197 0 17 79 45 46 255 0 0 0 255 255 23 255 147
    100 133 97 0 36 135 134 255 69 254 0 130 135 182 164 11 181 52 232
    255 0 0 254 126 158 148 255 255 134 21 47 228 255 218 131 0 59 64
    255 198 255 181 73 18 0 0 58 159 155 42 199 107 255 0 2 0 140 128 35
    255 40 0 21 255 255 50 137 255 0 145 0 206 130 100 255 0 0 0 92 95
    93 126 227 156 30 255 0 255 196 244 255 221 96 255 255 7 218 0 56
    215 4 255 142 237 255 73 0 170 38 0 0 224 183 129 0 143 255 182 0
    153 82 255 106 197 34 146 255 39 0 0 0 67 208 253 76 255 255 0 152 0
    206 120 0 145 141 196 28 130 255 0 251 0 225 114 0 0 255 16 255 255
    0 255 178 218 102 0 255 0 66 195 77 22 0 24 82 6 82 255 255 29 206
    195 158 0 191 161 134 255 253 163 78 26 0 23 255 173 29 147 202 0
    133 9 218 0 163 255 12 26 255 229 255 232 194 101 80 0 0 142 0 0 222
    142 255 255 111 120 144 0 255 31 255 137 0 85 103 255 78 255 209 0
    76 12 133 255 0 170 0 37 0 195 0 0 71 0 170 0 0 255 160 155 22 125
    13 155 163 255 0 147 6 95 0 255 255 163 255 156 183 255 255 205 45 2
    124 173 255 61 56 74 0 78 26 0 46 87 255 246 18 245 86 0 0 199 0 141
    255 255 0 27 251 109 52 0 130 0 181 0 164 255 2 0 255 105 255 202 17
    255 122 136 16 255 207 220 243 0 28 183 255 115 0 236 0 255 145 0 0
    255 172 0 96 142 18 220 46 108 173 0 0 93 187 255 33 133 142 161 255
    210 247 0 0 56 45 51 255 190 16 162 98 145 224 219 255 168 0 255 0
    255 238 0 128 145 25 255 0 255 255 134 222 210 149 191 170 217 99
    216 255 128 255 255 199 159 127 11 254 0 255 188 0 119 92 255 0 211
    0 61 241 0 255 0 4 18 219 147 59 8 0 255 255 162 229 106 209 255 114
    255 77 0 0 255 255 255 165 89 17 255 130 255 255 255 201 255 26 255
    170 255 126 112 114 0 75 0 30 220 0 24 0 126 0 158 54 53 167 255 180
    24 241 135 16 20 166 214 118 36 0 0 255 130 66 143 115 0 132 150 64
    153 116 0 0 214 131 75 0 254 0 15 212 61 0 255 128 173 19 255 28 38
    0 201 199 39 0 15 0 38 255 236 44 69 66 145 33 44 255 255 226 35 108
    245 0 235 195 255 255 235 232 0 0 48 237 9 251 195 255 153 140 255
    248 91 1 0 32 134 202 255 14 154 85 255 63 183 17 86 0 0 0 185 255 0
    0 249 246 178 128 51 124 0 187 56 62 130 255 0 217 100 65 192 255
    255 47 255 183 229 255 255 136 172 173 142 83 223 231 160 255 242 0
    205 181 174 26 201 0 81 67 0 10 255 187 255 0 255 6 77 160 0 27 255
    37 50 150 0 255 76 106 255 255 91 25 0 156 134 0 127 142 184 0 255
    96 220 255 84 209 126 72 169 255 169 255 109 248 43 160 182 39 18 0
    255 247 255 249 114 10 59 255 202 95 0 209 255 255 74 34 26 141 38
    65 25 10 44 255 241 215 192 226 8 0 104 16 97 255 178 132 255 152
    202 242 0 255 12 112 0 0 148 156 183 47 61 219 2 255 168 0 254 242
    182 131 46 255 0 255 161 97 230 88 255 255 255 80 0 182 16 61 234
    169 35 56 255 0 0 249 0 255 255 142 5 255 0 0 0 0 213 161 200 212
    197 129 202 0 128 0 0 225 191 19 255 46 171 141 255 247 121 25 131 0
    31 86 0 0 255 255 85 0 98 255 48 92 54 68 0 46 119 133 42 230 0 112
    16 93 216 175 255 47 255 211 0 0 250 0 33 0 99 255 86 253 23 99 0 98
    46 200 148 92 141 234 102 0 46 0 118 0 226 35 0 88 0 255 184 195 96
    134 255 0 30 33 255 0 158 126 255 6 37 38 132 0 250 195 81 16 255
    166 255 255 227 102 0 16 110 255 0 0 255 6 164 74 0 195 82 101 39
    205 31 84 255 255 26 91 0 235 0 105 254 255 0 112 145 138 0 245 145
    7 153 59 157 247 63 205 255 0 36 208 255 176 241 52 255 153 125 109
    36 211 255 247 0 142 255 189 34 239 58 116 255 96 77 255 192 100 130
    14 235 240 0 42 79 0 88 255 99 128 0 20 255 172 216 209 0 0 96 233
    185 10 237 186 130 0 73 170 145 190 124 97 229 23 184 181 88 236 106
    0 78 255 0 15 227 255 202 0 10 214 210 139 30 0 0 0 78 0 255 52 255
    19 255 181 176 0 39 0 183 255 172 0 84 145 69 29 255 174 255 125 251
    225 255 209 255 0 255 0 212 118 0 37 0 255 78 140 119 0 133 223 184
    246 19 255 73 173 183 131 157 215 0 90 53 0 49 0 134 38 25 9 150 200
    0 0 255 136 170 224 255 11 207 230 0 187 157 137 21 226 246 29 206
    37 84 253 19 255 201 199 255 220 1 0 103 208 255 255 255 125 158 215
    227 53 205 91 178 0 243 255 1 51 255 255 0 255 255 255 184 57 0 131
    0 171 0 236 0 128 0 33 250 0 241 37 146 150 255 105 255 10 0 255 157
    67 96 64 247 198 106 255 84 146 85 0 255 255 0 123 0 44 239 203 255
    119 255 0 255 255 0 217 255 179 221 47 0 126 179 115 13 61 220 232
    255 51 218 10 196 23 228 0 143 0 0 16 59 36 44 145 0 192 255 0 255 1
    162 255 34 103 253 89 0 240 234 243 0 241 126 77 107 155 175 9 200
    57 255 212 0 104 0 117 255 62 255 135 0 116 30 0 84 140 128 0 178 0
    255 54 59 201 255 78 108 255 235 65 191 0 35 218 99 18 0 255 49 152
    255 168 255 17 0 223 6 0 255 233 233 0 118 141 0 255 160 0 0 108 60
    255 7 110 0 218 255 0 0 0 13 46 254 40 255 255 255 116 157 89 93 123
    4 84 203 123 122 255 255 255 255 62 155 162 58 141 133 216 255 187
    113 96 255 239 255 0 145 226 0 0 0 255 200 173 67 166 255 255 123 70
    63 194 0 255 110 16 255 255 255 255 255 181 255 255 121 171 0 147 0
    219 115 255 165 113 224 128 255 46 132 229 15 255 215 243 246 0 14
    225 255 235 0 89 122 110 209 255 243 187 255 169 0 130 255 0 255 177
    221 97 6 211 72 217 202 255 176 0 230 252 38 0 134 28 65 120 0 222 0
    255 174 233 255 145 230 0 211 0 226 184 218 81 255 255 255 0 0 0 255
    0 0 169 41 0 3 255 162 159 255 104 53 255 62 95 255 0 18 0 0 240 31
    0 8 167 255 126 4 255 69 255 115 0 0 255 255 0 0 50 40 23 73 255 48
    22 255 198 110 255 99 168 54 255 255 0 255 66 87 21 3 0 118 0 113 21
    238 0 13 24 150 124 97 223 0 175 50 117 255 95 255 61 119 143 255 41
    74 243 173 50 35 255 165 76 255 179 140 236 157 78 250 0 0 0 77 0
    153 0 171 132 34 196 129 248 190 230 238 255 207 0 120 16 69 255 255
    0 255 255 116 0 12 36 29 183 46 0 255 221 220 214 255 255 24 183 215
    103 208 255 0 81 0 250 203 158 19 255 255 31 79 255 255 124 114 0 47
    0 46 95 115 102 0 0 0 234 242 237 239 117 96 228 42 250 255 51 16
    255 255 74 150 108 185 205 157 255 55 246 0 29 245 152 0 213 98 222
    225 0 255 255 93 105 0 95 255 40 0 229 0 0 255 255 179 0 36 157 72 0
    0 11 0 20 136 76 253 136 193 85 175 232 1 255 118 0 114 58 102 21
    221 92 226 80 180 0 61 255 0 4 233 112 76 255 0 205 255 0 229 72 255
    198 179 255 255 25 235 255 103 55 138 0 0 230 5 150 0 138 255 7 0
    187 43 32 255 243 218 210 144 69 147 25 115 255 59 252 21 0 94 0 255
    140 70 0 230 255 0 4 136 255 87 255 255 0 0 181 24 222 0 255 209 22
    241 62 195 202 175 213 95 255 255 255 43 0 182 75 0 0 154 126 255
    208 107 56 84 255 0 0 30 188 46 76 0 129 82 0 37 223 174 109 20 255
    255 255 255 128 124 38 59 1 65 255 7 0 188 253 255 255 216 119 59 18
    0 95 211 198 143 67 74 133 0 0 0 202 49 255 101 0 1 0 16 32 160 134
    237 215 147 255 93 185 203 114 0 138 83 0 15 80 79 201 0 0 25 0 86
    255 186 51 174 0 255 255 142 148 255 219 1 35 197 162 12 246 0 0 88
    0 255 116 218 198 3 150 0 182 255 2 106 0 109 253 40 195 255 248 187
    255 186 0 137 255 71 134 170 14 130 93 0 147 255 77 0 182 10 43 2
    170 236 0 255 231 255 0 10 255 0 0 0 0 23 255 133 255 255 255 73 218
    255 22 153 255 6 0 38 0 72 105 242 85 247 255 152 236 28 37 255 130
    170 139 0 255 139 50 97 41 77 255 27 255 0 107 255 53 255 97 47 0 23
    142 0 148 218 167 59 0 8 150 139 78 10 176 108 117 199 255 255 66
    195 0 145 139 0 83 32 255 255 88 255 255 0 255 29 0 255 195 187 0
    251 124 152 105 28 187 33 16 85 36 110 255 126 255 222 6 60 138 40
    100 0 58 222 63 255 121 99 255 85 182 82 215 38 220 0 255 255 183
    203 37 43 130 255 0 199 156 6 61 0 238 255 117 46 0 255 0 183 118 0
    91 173 0 191 191 158 255 189 149 191 62 219 150 82 255 92 255 255
    255 255 0 255 255 0 93 143 255 0 0 225 77 113 144 0 208 255 46 0 55
    239 102 239 0 38 255 104 246 0 194 0 52 99 0 25 0 255 81 119 56 0
    255 255 108 0 255 0 40 125 172 113 255 0 184 255 255 255 121 169 191
    101 0 22 141 84 69 132 0 0 0 117 166 162 255 102 106 255 230 0 0 255
    72 109 0 77 255 171 255 255 190 251 0 164 165 192 72 14 170 133 255
    54 135 0 255 201 174 18 255 255 66 222 157 31 140 110 19 198 255 255
    174 147 190 255 100 12 255 45 5 141 197 0 120 224 156 255 255 0 223
    231 0 146 146 70 61 140 237 0 0 10 255 255 128 197 10 5 0 115 133 41
    0 255 0 161 6 0 0 111 255 47 235 30 221 175 104 243 0 255 133 59 0 0
    0 247 53 36 64 0 42 52 0 38 80 255 131 255 255 255 0 0 255 255 12 80
    127 0 225 153 0 5 255 97 0 255 0 0 119 239 0 133 0 104 215 169 41
    252 17 152 255 121 230 139 51 255 92 83 240 0 60 69 152 109 70 231
    23 255 0 0 191 0 255 135 0 255 0 14 129 44 203 255 25 230 232 248 76
    113 27 134 0 0 242 100 36 160 98 17 219 39 64 62 42 63 136 0 53 108
    0 15 81 178 255 52 123 255 146 145 245 0 114 0 255 0 255 255 255 255
    159 12 135 77 255 255 104 238 255 0 69 255 255 0 206 46 0 88 19 154
    41 0 46 144 255 255 255 0 255 255 255 255 0 255 127 179 78 112 0 255
    62 150 0 222 0 0 60 0 15 65 234 229 33 255 175 230 232 163 36 229 10
    129 244 154 255 126 255 123 140 190 0 181 0 116 255 116 131 255 255
    150 59 0 5 226 0 75 91 154 229 0 110 132 255 50 213 16 239 0 187 0
    119 231 255 101 255 107 71 129 233 76 4 206 61 240 136 104 188 63 18
    51 255 201 112 170 201 0 235 197 238 0 255 255 167 1 141 6 255 0 16
    39 48 21 149 34 137 255 127 0 82 187 244 43 255 113 127 255 0 35 0
    228 111 15 188 39 98 126 251 255 255 201 0 36 0 255 0 235 186 0 49 0
    153 0 193 22 34 105 174 210 255 0 47 255 56 136 255 237 255 130 0
    216 220 51 40 255 132 0 191 157 65 197 78 255 255 6 189 171 55 253
    110 255 255 34 0 255 82 255 41 255 0 0 22 0 0 206 76 164 83 250 0
    255 121 242 215 173 255 119 67 59 191 196 160 56 183 221 166 38 176
    85 255 158 244 109 241 0 55 203 255 130 65 187 3 197 0 57 20 223 255
    0 51 159 201 12 195 0 253 255 192 208 255 137 81 215 161 0 144 0 114
    191 215 91 0 237 255 38 139 0 43 31 137 18 237 239 80 83 96 255 255
    32 192 204 93 96 0 0 38 167 0 165 60 255 255 64 255 0 255 0 242 101
    249 0 45 134 192 173 223 56 0 150 224 6 79 69 176 119 255 255 17 122
    158 0 0 255 161 43 0 255 169 255 255 255 0 140 105 238 255 255 82
    152 205 95 64 117 37 42 255 55 50 99 138 254 241 0 255 255 116 16 26
    1 54 0 158 143 0 0 181 255 69 95 153 248 255 164 170 217 157 255 255
    255 38 218 237 0 0 255 23 182 8 213 0 0 0 47 254 144 255 142 103 230
    0 88 237 0 0 56 54 0 79 0 117 175 62 100 255 160 142 255 0 71 0 93
    127 34 223 133 27 0 255 43 92 9 33 255 155 182 98 52 150 183 0 21
    255 0 20 0 255 213 184 37 183 70 120 0 254 126 190 32 126 43 88 79
    82 90 188 255 44 123 163 0 200 243 0 0 0 255 37 0 121 255 255 0 223
    130 0 92 51 255 114 195 157 191 255 249 204 0 65 148 127 20 113 3 0
    22 125 255 255 255 110 206 255 0 223 0 0 0 61 0 255 132 0 237 189 73
    255 155 0 10 255 252 182 0 40 0 31 220 195 255 255 255 122 0 197 139
    0 119 255 254 104 128 0 252 18 35 142 207 228 255 255 108 141 0 60
    104 180 127 211 0 137 0 242 58 79 173 221 0 255 0 121 0 170 0 197 49
    255 215 0 243 82 0 125 6 251 255 80 36 255 160 29 255 197 127 243
    171 235 243 255 195 226 255 11 34 0 0 119 0 91 255 251 218 0 216 0 0
    5 190 141 255 255 0 255 165 255 255 75 255 0 8 255 19 0 180 255 199
    78 61 0 50 0 57 228 142 0 59 175 0 42 6 173 255 143 255 255 78 245
    161 132 0 19 181 255 62 0 19 40 166 82 186 0 0 116 18 231 225 24 151
    252 255 255 0 255 255 0 55 0 151 58 222 255 0 0 230 136 255 8 186
    255 235 255 0 170 0 41 255 40 253 249 88 83 13 0 174 220 139 0 255
    71 236 185 79 195 255 255 255 14 46 0 168 48 9 167 188 235 0 174 79
    198 50 7 255 127 42 255 79 10 255 63 153 197 34 255 0 125 231 236
    255 38 255 133 0 255 203 0 60 255 35 113 110 11 149 176 255 0 255
    173 229 36 121 105 107 71 106 0 255 37 38 56 116 0 0 255 147 233 243
    213 32 26 193 126 137 207 255 91 255 50 0 80 182 0 8 0 67 108 255 0
    0 255 0 10 125 163 255 255 82 255 34 0 5 0 70 248 0 199 255 107 0 92
    53 41 45 0 143 255 246 134 106 255 255 255 255 199 83 255 247 130
    255 141 0 255 203 0 255 182 85 255 114 0 187 255 255 152 0 201 31 93
    94 0 68 56 0 243 255 37 0 226 0 172 12 92 175 80 102 0 0 0 144 222
    84 245 191 255 92 225 0 112 255 35 128 121 255 107 207 241 255 204
    237 255 5 104 255 0 107 0 179 173 0 53 255 225 255 102 255 175 0 255
    0 0 121 247 161 91 72 109 231 21 255 93 53 0 255 173 0 0 50 49 255
    197 163 43 0 197 37 14 0 0 79 223 146 55 0 25 0 255 76 255 232 108
    255 255 119 255 0 103 255 158 150 0 96 249 0 196 16 255 227 255 0 47
    211 80 0 255 81 0 202 163 6 255 255 0 255 255 255 2 41 197 255 203 0
    195 123 123 238 255 14 0 166 0 255 147 117 255 138 255 255 1 255 0
    187 3 11 118 255 103 255 121 0 255 56 255 0 43 255 33 0 216 229 40
    168 255 4 205 175 144 204 0 0 225 138 255 229 255 255 0 0 3 0 199 95
    81 12 129 255 172 42 0 223 0 148 109 83 49 63 87 217 255 20 0 59 169
    0 98 21 159 0 0 255 120 0 15 255 15 0 0 0 255 255 0 185 167 8 255
    100 255 0 0 255 255 248 30 65 48 255 156 159 133 255 255 149 4 103
    26 65 0 38 251 255 250 255 154 184 44 238 18 34 254 3 157 255 255 0
    73 63 172 13 255 193 255 107 255 34 252 0 197 54 255 23 17 255 115
    152 255 69 0 148 153 1 23 181 253 241 34 255 255 0 182 255 0 131 231
    255 170 116 255 21 212 97 255 255 216 255 64 155 95 255 134 162 200
    205 99 143 207 240 255 255 108 255 64 33 230 255 35 0 255 255 255
    240 238 248 0 0 240 79 255 255 155 61 247 135 255 255 103 144 34 160
    227 0 255 0 0 239 255 255 51 242 208 137 83 9 0 115 0 13 138 195 208
    198 255 160 162 255 20 0 255 123 149 156 48 0 0 78 83 237 32 73 199
    212 0 255 255 225 43 96 210 240 255 210 31 75 255 226 255 248 15 253
    2 255 255 231 0 0 37 0 255 114 173 29 255 187 0 24 19 101 250 58 229
    0 94 141 96 0 236 82 255 0 70 255 88 255 44 208 188 195 255 54 3 0
    255 255 0 37 226 0 255 255 18 174 96 95 121 255 128 75 255 37 0 113
    86 123 146 49 248 102 68 251 141 0 0 199 0 200 37 201 255 245 45 0
    147 255 146 208 252 201 187 7 255 0 0 255 19 255 255 255 190 250 255
    151 156 85 114 255 92 154 236 0 254 17 253 127 9 167 0 110 83 255 30
    159 0 39 0 0 165 21 255 208 13 85 255 178 120 255 118 66 20 0 255 60
    188 255 200 161 101 29 0 0 173 31 239 7 0 240 64 255 255 110 223 81
    34 0 141 89 255 0 165 41 0 6 70 255 24 131 255 255 40 183 179 129 0
    178 0 255 0 137 255 255 0 212 214 29 0 171 255 41 0 30 210 255 255 0
    175 255 255 255 17 224 0 39 255 66 164 209 120 0 226 255 255 206 94
    26 161 255 0 97 250 255 236 235 148 0 255 147 104 50 0 53 154 0 0
    160 156 242 158 0 217 195 40 255 201 0 99 234 108 247 255 133 0 135
    83 218 57 0 117 100 11 255 161 203 122 255 255 255 174 241 134 255
    255 60 215 24 8 235 255 127 74 30 0 102 177 104 218 255 0 0 111 0 33
    157 159 244 255 204 41 1 3 96 0 113 0 4 255 78 255 255 164 0 239 220
    70 223 171 0 0 125 210 140 0 0 81 245 18 255 255 124 0 166 158 23 0
    150 255 102 122 0 204 174 0 13 168 130 193 50 94 0 0 0 0 255 211 255
    148 0 0 253 234 255 214 0 119 0 6 0 0 0 75 0 255 1 0 0 0 132 34 255
    54 30 255 32 0 255 255 255 255 147 109 232 255 0 166 0 110 0 255 90
    154 6 104 255 62 120 118 214 141 27 255 156 189 35 242 71 0 77 255
    239 62 255 183 255 241 0 255 46 0 0 86 101 90 67 204 166 171 255 0
    147 255 179 255 26 21 21 228 110 131 106 255 3 156 221 0 131 174 160
    208 161 255 204 83 131 70 0 48 35 97 0 77 149 255 27 0 149 246 79
    255 89 235 154 255 134 0 101 59 32 0 75 39 38 201 104 16 0 43 88 0
    255 83 153 151 35 120 249 255 255 185 0 255 251 151 255 113 132 0
    108 138 142 72 217 0 255 183 0 255 0 120 99 255 255 0 159 0 255 209
    184 128 23 255 0 127 63 141 255 0 81 147 255 150 122 255 174 223 223
    63 48 222 202 0 0 204 255 26 255 204 255 255 255 101 210 255 191 167
    45 0 178 0 0 255 0 17 50 150 152 189 50 48 233 30 255 255 91 244 175
    169 164 96 214 178 251 0 221 46 136 0 0 43 99 193 143 0 18 0 0 255
    112 0 126 0 255 173 69 196 144 183 0 255 0 56 100 63 255 181 255 222
    255 255 21 233 223 255 255 108 255 181 151 219 36 235 255 255 0 4 0
    198 0 160 229 0 40 9 213 235 209 255 0 161 4 5 26 169 206 255 0 178
    0 143 101 0 255 255 130 251 206 0 0 0 0 255 186 255 170 0 176 47 41
    131 224 241 43 255 255 193 246 255 27 115 108 0 248 74 2 255 0 244
    168 9 0 33 0 236 0 255 226 1 198 205 101 255 0 12 0 0 111 92 0 201 0
    75 34 233 231 187 149 0 83 0 154 57 139 147 45 255 197 0 236 101 249
    236 255 43 253 215 71 214 248 0 28 151 196 215 0 255 255 0 224 0 63
    144 255 61 84 255 92 255 205 255 0 184 203 131 116 0 255 0 62 49 0
    168 255 255 255 129 48 191 0 0 255 141 194 255 255 202 0 247 7 145
    97 255 0 150 124 225 238 171 181 160 255 141 165 193 255 125 255 0
    255 255 127 227 20 111 246 89 33 32 2 255 119 255 0 0 0 0 20 112 124
    0 214 180 24 190 202 99 154 131 255 92 176 148 255 0 38 191 255 0
    167 92 18 131 255 0 167 0 218 0 35 169 138 0 110 141 255 51 57 37
    255 0 0 255 0 242 228 255 255 94 255 196 0 124 52 90 218 36 76 250
    13 0 174 0 255 255 218 214 255 221 223 255 0 255 0 27 62 206 0 251
    240 112 255 116 248 246 0 78 92 0 255 0 24 0 198 28 255 0 255 0 53
    186 255 90 96 147 168 54 255 231 160 189 26 255 136 28 227 85 0 129
    181 188 0 63 117 0 159 228 121 255 255 0 0 2 0 0 255 83 18 255 255
    46 0 255 0 253 91 22 207 100 194 177 23 49 154 10 255 190 0 212 92
    243 50 49 255 0 0 255 195 0 255 27 35 95 92 21 27 0 139 225 0 1 0
    255 255 32 120 0 55 0 146 183 173 105 255 255 198 255 0 36 43 0 94
    39 255 106 62 187 253 88 65 114 65 0 0 120 118 120 230 255 118 76 56
    116 255 32 135 255 0 85 82 3 193 255 0 3 21 255 223 191 97 255 255
    180 0 248 155 151 0 9 16 129 185 245 255 139 111 238 0 9 0 147 0 109
    255 0 203 0 255 0 118 255 0 251 86 227 14 135 33 217 191 255 108 248
    247 188 107 255 88 0 173 222 253 0 255 148 109 38 108 255 187 255
    255 0 249 231 255 255 255 255 255 0 5 255 122 253 0 251 101 255 2
    255 237 233 86 132 45 143 89 68 38 27 11 182 255 255 64 228 33 4 26
    242 0 104 5 28 0 32 72 255 23 255 110 255 161 68 20 0 89 255 255 255
    255 205 64 0 0 47 253 97 13 177 0 255 0 0 169 0 23 112 193 255 255
    124 255 255 189 0 255 169 240 129 204 165 38 76 0 0 109 255 255 146
    150 75 38 0 122 125 160 217 255 0 97 255 255 139 0 132 152 0 255 255
    190 255 255 86 57 255 211 255 102 101 1 255 225 63 255 0 255 40 0 99
    255 20 0 78 62 185 255 2 255 95 0 122 0 133 224 69 255 70 150 0 0
    148 32 154 89 187 0 0 255 244 188 255 255 153 157 0 100 252 195 48
    208 150 255 0 0 17 58 210 0 128 74 0 255 65 255 0 176 124 118 57 177
    255 0 221 0 0 187 10 255 249 21 255 52 255 0 176 159 255 0 0 4 50 42
    0 148 255 74 151 88 112 60 255 234 187 255 231 82 255 0 255 212 24
    236 0 0 255 255 0 255 63 189 0 187 0 52 197 77 255 249 205 104 53 49
    0 0 255 245 22 202 108 194 255 255 92 84 210 8 0 0 255 143 0 174 137
    248 71 147 255 215 133 250 255 156 33 255 255 255 255 59 216 35 255
    0 255 190 0 126 255 149 3 255 204 170 255 156 41 255 42 21 101 255 0
    255 255 89 45 76 0 132 171 121 0 0 40 177 241 135 106 2 255 0 0 215
    26 77 0 162 255 61 255 225 255 255 203 255 153 0 255 0 0 176 196 169
    255 0 116 0 247 255 255 255 217 21 242 0 128 215 0 23 151 22 17 249
    0 223 0 100 3 0 27 255 255 255 179 23 18 72 121 20 13 67 239 82 228
    61 255 0 200 91 42 104 255 41 245 255 70 114 28 0 246 255 0 188 0 55
    188 130 158 159 255 240 69 163 0 40 230 38 236 255 228 232 188 119
    31 183 0 255 255 181 37 212 0 234 64 0 255 0 181 0 255 103 230 124
    255 16 0 252 0 120 229 10 140 236 98 0 159 0 0 72 243 135 11 143 0
    233 255 48 0 226 0 13 248 172 0 23 255 69 174 183 0 4 113 216 255
    245 0 129 255 44 174 5 189 64 255 233 251 255 150 0 163 235 255 37
    146 248 134 107 115 199 249 44 138 29 255 201 0 0 235 0 224 238 113
    195 216 255 202 255 255 205 50 255 54 105 110 190 7 213 74 255 184
    34 255 164 106 0 0 78 34 153 24 56 11 7 255 253 206 117 131 0 255
    255 210 255 79 255 229 74 0 142 63 9 0 82 175 232 190 94 0 125 120 0
    22 255 24 80 0 19 255 107 32 199 116 0 222 52 120 255 0 0 255 255 65
    63 207 0 88 200 255 89 255 255 3 73 168 141 105 0 0 141 0 0 11 0 0
    255 255 149 87 0 255 239 88 134 44 255 33 109 235 30 16 0 148 81 226
    255 0 255 57 14 255 255 0 127 220 255 110 119 78 184 0 0 112 200 218
    0 229 125 39 0 0 54 255 255 255 255 255 189 255 255 15 0 252 104 103
    255 255 168 19 183 50 0 35 141 0 0 9 98 72 90 255 81 168 122 241 136
    132 43 56 255 255 0 255 46 0 143 255 165 34 224 184 255 143 92 117
    123 238 91 0 255 0 203 0 255 193 168 49 128 0 253 112 6 255 34 0 44
    255 78 22 150 255 0 225 224 255 255 3 129 255 62 199 160 67 255 229
    187 0 46 255 160 5 182 199 215 255 228 255 255 35 64 139 32 97 9 167
    0 199 33 91 157 82 2 0 72 134 104 255 7 142 200 255 0 0 0 148 98 255
    182 255 152 151 70 142 255 255 5 135 255 0 255 228 141 43 241 160
    156 23 0 15 255 0 130 8 0 8 86 255 69 46 255 37 255 5 88 123 179 255
    242 255 235 255 0 115 255 95 146 167 214 107 251 255 255 255 64 54
    168 24 0 171 255 105 0 255 255 79 217 231 0 251 255 40 202 0 20 255
    0 255 151 0 161 0 122 255 255 0 185 43 197 34 0 255 130 6 255 186
    255 52 139 255 255 255 5 255 38 197 128 0 255 156 102 191 202 70 202
    183 255 0 170 0 152 253 165 168 179 247 189 188 255 95 213 42 0 0
    255 0 140 19 253 116 0 0 6 255 16 0 255 203 254 0 255 0 30 255 255
    157 255 255 255 255 65 242 255 29 158 255 184 253 196 255 62 95 101
    126 157 0 205 65 64 0 117 0 127 0 82 146 192 168 139 81 255 84 184
    19 33 90 91 82 251 255 167 178 0 255 255 0 210 255 51 109 255 251
    255 255 221 72 177 81 141 162 130 251 89 255 21 0 63 221 158 0 67
    225 71 0 147 0 237 0 255 123 73 248 0 65 78 0 244 91 0 255 0 0 255
    255 0 45 207 17 0 176 74 0 1 110 45 0 249 62 163 221 255 94 217 255
    7 173 100 222 255 255 0 0 0 0 134 231 116 2 122 29 0 255 245 241 188
    28 0 121 91 3 237 108 65 57 255 0 78 166 100 159 102 45 255 17 255
    29 255 157 123 66 255 35 171 39 104 255 255 0 185 239 142 194 87 167
    212 0 88 0 8 49 227 122 255 234 124 91 255 88 19 74 255 138 255 119
    160 0 24 47 0 73 175 0 60 200 0 164 49 0 135 152 139 56 232 0 255
    253 79 243 0 110 255 189 226 255 37 36 114 238 0 66 165 40 236 137
    98 201 138 0 179 1 0 16 117 203 142 16 78 143 0 186 250 0 191 64 234
    77 238 255 0 255 255 83 26 0 244 255 111 255 45 0 153 172 255 12 255
    81 14 208 135 0 219 4 255 0 0 230 101 122 229 0 109 143 35 255 0 255
    154 255 0 255 185 255 238 32 108 127 88 255 0 255 220 88 199 159 119
    24 0 130 207 192 75 138 181 0 0 255 72 0 19 225 255 126 101 101 255
    0 255 255 0 0 255 179 0 87 149 95 193 0 225 228 100 72 255 91 177 29
    0 0 255 167 152 114 85 109 66 113 74 0 208 100 3 0 60 0 226 25 147
    179 123 255 249 51 230 255 180 0 106 5 0 106 255 0 238 255 39 254
    178 192 255 182 29 255 184 176 101 198 109 255 0 53 55 151 0 123 47
    0 131 225 50 0 255 180 0 50 0 0 104 0 215 135 0 0 0 40 0 85 156 175
    0 255 164 255 71 127 103 124 0 63 16 0 18 103 104 255 0 255 95 209
    255 255 186 184 212 195 131 39 175 107 224 101 213 255 19 96 255 255
    255 20 129 154 0 78 255 255 44 133 0 113 143 156 92 245 255 255 149
    255 198 255 255 106 44 83 0 14 0 0 141 0 255 0 16 233 0 0 154 39 176
    177 237 43 97 255 0 107 200 255 0 9 21 255 0 174 255 255 51 206 0 46
    146 242 255 101 80 0 0 69 187 93 219 72 138 58 116 10 149 208 243
    232 255 182 138 227 96 130 92 255 52 50 0 215 29 255 0 87 41 146 31
    0 158 16 0 0 0 255 134 0 52 229 255 11 55 255 223 184 29 152 10 0 50
    168 165 0 0 0 173 255 168 255 161 107 106 255 255 156 203 45 7 115
    170 255 41 255 186 82 97 94 255 172 0 0 33 0 0 203 54 214 21 17 201
    122 0 46 222 54 43 193 0 5 141 0 0 0 9 110 72 26 255 6 16 126 248
    116 255 255 255 255 100 179 112 0 0 123 255 192 83 93 91 255 255 255
    72 0 0 250 0 0 255 66 255 69 237 72 0 111 174 255 45 0 0 0 234 0 255
    0 255 78 0 207 0 135 0 209 255 198 11 255 137 187 100 9 185 0 14 0
    195 204 212 0 26 169 0 255 0 28 111 40 255 4 0 88 243 0 7 0 255 231
    53 54 64 86 165 0 255 185 0 123 6 255 16 0 24 77 50 0 97 78 0 0 78 0
    145 255 237 243 19 30 0 255 255 0 0 0 100 246 0 209 176 3 0 111 43
    255 6 26 255 0 255 145 0 0 0 160 0 67 255 0 25 0 105 198 124 191 184
    60 62 154 62 0 125 255 118 195 92 52 24 59 153 0 255 54 252 0 188
    209 85 39 29 176 255 0 210 101 71 246 213 177 227 151 20 0 0 231 33
    0 92 129 23 0 192 218 118 120 255 2 0 255 255 0 89 245 255 255 255
    45 137 255 201 255 114 91 255 3 233 193 128 237 134 255 182 60 143
    255 0 255 142 99 255 196 0 0 155 73 0 255 0 42 162 143 255 156 255
    240 46 249 0 130 255 255 137 212 255 176 0 245 115 91 114 183 161 0
    255 0 126 38 0 158 210 11 0 68 255 126 48 48 124 171 0 51 0 140 214
    12 255 67 118 10 115 0 36 84 122 57 139 0 0 247 255 237 168 34 229
    48 255 92 154 3 218 20 228 115 255 87 1 234 255 22 150 27 42 88 255
    189 137 255 231 95 48 255 0 186 8 93 0 0 213 148 238 255 210 0 255
    74 255 107 255 255 0 255 172 255 178 242 68 89 243 37 0 117 255 9 0
    138 200 37 106 255 0 13 167 16 255 252 149 206 247 65 255 0 217 53
    118 255 0 158 113 238 0 0 0 183 75 186 255 224 162 185 244 242 254
    217 27 72 37 255 14 0 144 0 0 0 255 1 0 255 196 149 24 61 146 0 255
    0 255 0 151 0 225 15 0 254 192 50 0 223 5 34 36 255 112 0 25 207 255
    0 235 0 207 0 76 226 0 199 149 20 131 144 239 255 0 255 49 16 143 0
    246 255 255 12 250 128 39 255 254 208 0 0 209 197 0 255 172 128 0 33
    39 58 188 24 228 80 255 19 0 54 0 0 199 0 89 255 255 255 101 255 255
    0 46 165 65 255 30 255 255 43 0 0 10 255 0 255 255 0 128 217 145 12
    154 255 55 60 255 255 13 245 255 229 255 23 93 255 0 30 0 83 74 0 1
    217 70 255 0 200 203 255 0 223 199 255 236 6 147 65 0 0 164 64 124
    95 255 0 255 255 172 159 11 24 5 72 255 49 233 16 216 0 170 205 64
    139 106 123 154 255 107 255 0 72 0 173 255 19 95 8 190 0 235 0 11
    155 93 246 0 234 135 51 255 161 0 5 206 35 0 156 255 234 75 136 122
    68 0 1 0 0 123 200 32 96 0 115 199 218 17 98 185 13 142 219 0 0 130
    255 240 255 14 203 0 96 119 144 213 39 62 0 0 0 60 24 0 8 255 253 0
    255 219 255 255 54 210 0 0 86 103 255 255 255 33 255 63 94 52 17 131
    0 66 151 255 202 155 255 235 0 49 164 90 156 213 78 98 0 0 255 166
    255 0 171 157 156 248 23 240 255 227 255 255 118 255 216 0 255 158
    156 30 0 255 255 29 109 0 255 255 8 40 94 148 184 77 55 255 59 65
    127 132 0 232 92 255 0 255 52 133 0 255 89 0 0 0 89 0 0 255 0 126
    251 86 162 42 255 255 255 107 156 120 177 155 172 41 0 255 195 0 53
    3 0 0 153 255 255 83 157 179 0 0 48 91 215 0 176 0 0 115 224 255 255
    35 255 55 110 255 187 227 255 125 113 198 0 255 170 248 214 240 255
    23 255 216 0 218 171 189 0 233 113 255 18 255 0 0 249 26 255 255 172
    122 76 84 128 151 255 150 39 18 86 61 72 0 47 0 0 0 166 144 207 210
    172 4 12 212 50 61 106 255 214 123 94 255 245 255 0 41 247 0 136 241
    169 60 25 33 255 172 202 153 238 12 0 16 169 25 0 66 166 0 230 155
    255 208 20 27 241 255 170 30 72 0 223 0 0 37 0 0 255 146 160 0 255
    210 0 66 0 82 122 255 0 237 216 255 199 179 155 0 215 105 249 198
    255 0 0 79 143 24 20 237 43 120 163 25 30 0 255 0 247 0 255 255 255
    196 255 255 87 0 222 127 55 231 237 141 163 206 255 227 33 0 237 7 0
    80 101 255 171 0 73 49 91 255 92 255 16 149 255 18 0 255 0 10 138
    255 131 255 255 0 0 255 147 73 223 0 36 113 159 255 196 33 35 245 0
    86 134 0 0 102 50 45 255 150 191 95 24 255 110 0 255 0 255 0 0 73 11
    21 196 0 0 0 95 232 37 22 0 101 65 244 133 255 255 51 255 0 203 60
    66 254 255 244 255 0 0 5 129 0 255 255 168 255 224 0 255 52 107 255
    195 0 90 166 10 251 12 133 29 198 255 80 9 68 0 255 141 0 0 83 0 24
    125 181 255 28 0 36 0 255 147 56 205 255 75 201 0 255 157 0 87 48
    231 117 217 255 146 255 253 0 47 0 0 13 238 0 255 150 0 255 246 235
    136 76 0 117 192 150 0 103 255 0 0 237 135 0 145 255 0 129 0 0 25
    136 211 255 255 255 255 80 255 221 92 0 0 247 127 255 182 182 226
    255 131 255 255 32 212 30 201 0 77 32 240 36 28 179 62 63 165 176 0
    255 194 255 172 169 96 0 53 11 175 59 0 0 28 74 224 182 158 224 158
    255 28 107 0 255 130 206 255 154 255 0 16 255 4 72 141 106 255 249 0
    79 211 223 234 40 32 0 23 188 27 255 0 255 93 0 0 89 70 231 68 0 0
    21 255 54 70 71 101 54 177 0 206 178 255 53 0 133 124 0 255 25 0 255
    255 0 255 255 68 0 255 241 0 215 237 202 111 0 0 165 0 0 233 0 206
    215 219 255 0 255 44 9 255 255 253 27 255 255 0 255 76 255 63 72 0
    191 15 0 255 39 0 0 255 235 0 180 174 0 46 207 156 227 0 157 255 0 0
    0 57 255 0 33 0 124 110 182 217 253 55 255 0 255 57 0 255 102 255
    114 232 255 0 219 174 195 160 0 168 207 255 0 222 0 0 0 145 31 255
    73 0 178 255 149 241 14 255 12 80 97 101 0 243 170 134 91 194 124 0
    255 221 220 255 126 168 255 169 12 0 0 68 43 218 129 194 255 103 0
    229 255 227 255 25 214 255 255 131 235 143 169 255 237 140 0 255 234
    0 70 134 131 140 195 216 255 255 148 9 0 0 88 4 0 251 62 127 160 0
    124 83 70 9 0 0 255 207 227 2 57 150 113 132 245 252 255 0 79 134
    137 225 255 255 255 2 135 0 0 0 142 81 56 255 0 172 41 255 62 230 65
    255 255 103 0 170 132 207 0 39 61 110 141 255 14 74 207 0 130 29 213
    111 0 255 58 255 0 61 48 35 0 255 119 115 255 0 21 48 60 168 252 0
    255 238 228 226 255 255 18 127 130 148 0 0 0 25 0 245 101 26 102 99
    255 0 54 56 147 11 4 255 183 140 255 0 210 122 255 219 255 198 5 229
    139 8 38 0 255 255 252 255 255 10 13 150 88 0 0 221 0 255 0 242 255
    255 255 255 3 8 86 194 129 255 0 11 72 157 0 87 151 139 140 255 0 71
    36 255 0 0 36 255 0 24 174 158 158 255 0 0 168 255 0 109 255 64 0 14
    91 3 255 193 9 255 151 178 255 236 0 137 0 17 0 0 0 158 54 0 0 0 38
    0 224 31 169 0 97 255 245 0 0 0 0 236 72 0 58 255 0 41 63 0 21 0 3
    188 182 59 0 255 255 46 66 205 60 255 106 168 174 0 227 52 0 64 101
    0 255 94 0 103 0 139 255 87 122 255 157 128 189 0 0 255 0 174 105
    245 77 160 241 105 119 255 118 44 213 125 132 84 42 186 240 255 45
    21 231 0 61 252 138 165 152 95 33 0 255 0 182 4 167 29 255 82 148 0
    99 107 78 95 0 9 255 161 155 0 255 0 18 241 0 57 255 0 173 0 16 187
    255 0 0 167 0 0 0 255 145 0 255 87 63 23 104 114 10 0 158 150 191
    147 195 255 0 0 235 238 0 175 0 187 32 88 24 161 89 5 0 27 255 255
    40 13 216 0 33 108 0 38 0 209 255 8 255 105 218 42 169 255 0 0 0 96
    66 87 49 235 255 189 202 215 255 0 42 125 74 247 0 227 0 146 255 0
    36 0 175 218 0 212 255 247 217 247 119 172 206 247 97 253 176 222 0
    255 255 255 97 178 0 123 8 188 26 237 137 217 93 210 32 175 28 0 112
    219 5 0 186 26 40 156 12 86 255 163 191 200 0 54 0 150 255 72 0 244
    72 255 152 247 191 110 252 255 32 171 47 13 255 189 0 147 0 225 0 55
    0 0 95 125 182 255 255 0 255 0 244 0 0 0 111 255 255 37 0 0 255 228
    255 170 255 0 255 3 224 31 255 221 0 51 85 147 48 255 117 140 50 240
    255 230 146 215 188 202 255 0 179 0 80 255 29 116 255 179 0 255 162
    226 235 42 59 0 64 79 0 7 117 255 161 151 37 41 255 211 91 193 0 124
    255 217 171 239 65 255 255 19 60 66 75 227 237 210 255 108 157 255
    237 143 0 133 100 4 232 20 0 227 31 255 213 55 170 0 0 0 176 115 0
    36 73 0 255 0 255 224 63 31 0 214 180 0 45 73 239 255 0 197 85 0 213
    228 133 0 228 169 255 0 236 120 19 169 255 211 171 255 255 51 255
    195 0 177 0 107 255 249 255 0 32 39 255 0 213 0 248 215 122 173 204
    136 0 31 255 255 218 147 119 0 255 0 109 255 0 7 255 191 0 20 255 54
    0 0 120 0 239 26 0 114 0 153 174 158 54 166 0 255 255 0 115 45 246 0
    49 51 139 140 8 59 23 0 105 29 0 161 188 77 163 0 240 12 140 204 0
    161 205 217 176 123 166 15 14 255 230 213 255 172 255 0 0 204 83 207
    184 153 0 255 120 0 255 85 255 0 243 0 105 255 28 255 4 227 199 104
    183 0 0 84 255 0 37 160 220 209 255 30 112 247 179 84 192 137 33 101
    158 245 66 239 255 67 30 255 112 37 119 134 101 230 93 255 167 182 0
    186 192 24 255 0 255 175 255 0 255 255 0 123 45 0 0 134 255 0 208
    255 0 0 249 62 116 0 110 229 167 102 85 0 33 255 58 0 166 133 117 0
    0 106 0 97 128 0 115 235 255 57 0 61 243 255 192 226 52 15 0 20 255
    155 189 133 0 129 107 9 188 62 0 0 118 255 134 51 34 168 7 61 255
    255 42 130 81 132 225 245 255 0 0 232 11 255 0 62 135 255 107 46 252
    58 21 120 55 225 255 181 0 134 0 74 172 167 0 0 0 205 38 241 119 125
    89 10 15 255 185 140 0 207 255 255 20 19 243 7 50 165 255 238 255
    113 197 73 86 0 255 175 85 0 0 120 100 239 166 53 10 234 251 73 255
    13 255 140 0 169 115 224 5 38 196 106 2 194 123 5 64 49 202 237 255
    232 188 73 255 44 48 255 185 255 255 210 198 0 213 11 132 240 62 240
    33 166 59 108 205 0 254 255 155 209 242 181 81 0 255 46 0 211 108 37
    255 2 255 0 217 71 0 20 224 0 255 0 255 253 168 0 255 255 255 0 123
    123 0 203 220 0 255 98 163 15 111 179 0 178 203 0 53 255 174 255 26
    0 98 187 255 226 162 255 193 240 163 81 236 181 255 53 222 255 0 255
    204 123 255 0 0 41 0 188 0 170 78 235 255 134 255 255 0 255 159 0
    255 0 177 92 0 174 0 122 0 0 135 228 0 246 161 255 1 143 255 57 64
    255 40 22 255 162 138 0 0 83 201 246 53 39 246 51 255 0 113 0 43 255
    41 255 184 0 250 0 106 181 47 51 43 16 177 226 0 255 68 83 0 255 56
    28 154 255 116 168 73 62 251 40 21 138 190 206 255 250 0 124 0 181 0
    0 233 255 171 255 0 115 0 168 55 0 223 255 44 121 46 140 73 164 49
    144 89 0 255 255 167 255 116 0 111 232 40 111 94 201 0 113 36 255 0
    212 255 255 8 255 18 255 41 255 70 140 98 146 255 215 98 68 192 212
    233 58 255 0 122 0 0 255 255 71 254 15 167 244 98 182 255 141 111
    255 255 145 195 0 238 66 185 121 0 255 6 0 67 0 2 180 255 134 255
    199 53 101 255 0 140 0 255 254 222 244 142 255 206 0 0 255 65 43 255
    255 184 106 240 0 30 255 77 255 255 255 132 252 255 134 255 255 0
    255 65 0 0 0 53 0 55 103 232 255 231 0 38 255 47 96 0 213 56 255 25
    95 255 60 163 83 157 255 239 109 8 16 93 255 119 157 134 52 255 111
    122 255 87 64 255 0 35 129 85 0 214 187 61 50 0 255 0 95 103 0 196
    181 130 53 111 111 168 9 255 109 255 255 0 188 158 255 165 191 255 0
    255 0 0 0 165 237 161 104 157 14 200 211 128 148 255 255 168 255 207
    152 255 255 46 66 255 118 0 153 0 183 255 2 0 81 255 139 145 0 0 27
    0 23 246 144 135 0 255 5 0 227 0 207 29 60 63 0 115 18 255 138 255
    166 0 59 255 0 0 145 190 3 208 255 255 255 0 0 41 255 189 84 0 255
    151 70 135 43 162 78 253 14 67 53 193 122 255 156 0 4 154 180 0 255
    236 80 3 174 63 221 0 254 25 0 181 0 15 0 224 23 74 255 154 12 182 0
    255 0 42 79 97 255 255 177 255 0 39 26 255 255 221 130 255 255 255 8
    232 0 240 140 83 53 50 0 235 230 132 176 57 121 188 130 189 142 30
    255 104 0 255 166 0 255 136 122 183 54 211 206 102 123 255 74 25 176
    0 255 255 212 250 148 27 10 161 172 252 198 147 0 178 0 36 255 0 255
    255 253 138 146 223 100 0 0 211 0 0 199 255 255 58 163 212 80 72 72
    0 82 255 103 223 6 167 255 255 243 0 245 255 225 92 245 200 37 139
    255 40 85 6 0 98 11 231 179 69 7 0 108 115 185 30 59 110 255 0 10
    181 179 43 0 255 26 236 68 194 222 0 255 255 50 255 58 223 124 107
    255 5 90 197 255 0 149 143 255 176 65 11 124 205 0 0 132 211 243 255
    0 255 45 183 108 255 0 41 0 46 49 255 51 0 35 33 151 143 46 255 0
    144 214 0 183 0 255 255 0 0 3 218 66 214 91 108 210 13 167 145 76
    255 189 226 125 119 194 255 250 200 255 236 255 0 255 0 0 236 59 138
    255 37 183 0 146 238 183 255 109 0 52 0 82 0 83 255 255 210 144 172
    255 32 0 94 35 207 243 107 193 25 115 215 0 0 101 102 124 255 31 255
    255 192 240 148 8 35 255 111 0 0 0 207 211 75 255 0 203 241 34 167
    76 244 255 51 0 255 255 0 33 108 255 90 91 255 0 0 184 64 172 69 255
    139 71 235 176 79 35 162 231 0 170 0 255 0 165 255 141 243 255 254
    242 255 197 0 23 0 138 255 137 117 95 90 78 254 30 255 0 167 128 0 5
    65 0 0 76 137 255 203 173 140 242 218 0 227 0 159 23 0 4 255 34 251
    0 0 232 193 95 212 70 11 0 57 24 255 0 99 216 147 255 0 160 75 25
    227 140 93 80 112 126 209 219 225 0 156 0 166 255 161 240 129 0 39
    57 0 255 146 82 0 255 255 0 255 150 235 162 122 103 0 51 206 108 84
    0 255 46 0 0 0 158 76 0 148 223 255 53 93 116 55 9 232 94 24 102 255
    94 150 253 165 42 0 93 209 52 36 6 255 44 0 56 164 82 0 23 255 27
    255 145 0 42 199 33 121 0 173 255 130 255 255 255 255 255 163 174 96
    149 68 0 252 102 0 0 255 93 107 255 0 0 255 255 94 24 0 207 40 255
    114 255 56 255 255 114 255 255 0 27 217 2 112 124 0 149 0 61 196 232
    239 0 218 104 0 0 190 0 130 155 234 114 82 129 0 209 255 0 146 255
    136 255 0 0 255 0 160 158 0 123 255 161 0 255 94 103 26 0 255 72 56
    0 255 0 147 231 80 231 215 19 125 84 95 36 234 177 58 0 1 1 24 217
    153 255 255 0 248 66 65 169 109 255 255 32 218 242 120 20 2 133 95
    40 255 21 250 33 255 255 0 41 127 212 218 220 208 49 0 188 184 191 0
    117 22 217 255 232 136 255 189 142 12 58 74 0 81 148 18 231 227 5
    158 227 95 0 10 0 170 220 72 234 0 233 22 109 117 241 255 0 150 67
    197 255 244 255 111 131 242 74 128 187 167 255 255 145 218 199 118
    174 0 0 0 255 175 0 66 255 30 159 222 0 3 255 0 230 125 232 0 0 67
    66 223 188 255 208 106 40 255 30 0 136 255 90 115 60 63 229 194 118
    255 243 37 43 51 255 103 187 188 92 88 143 0 235 206 255 0 255 248
    124 0 123 139 124 184 79 74 255 129 41 255 60 99 119 0 0 60 0 42 102
    80 0 24 255 70 228 108 136 79 255 50 56 72 255 158 243 15 16 53 255
    113 0 50 255 1 140 250 0 0 65 221 2 255 255 0 132 255 46 255 255 63
    15 12 242 65 0 213 255 170 198 128 239 236 225 253 255 141 180 253
    255 199 0 0 0 151 255 3 156 255 255 255 0 0 222 255 237 7 255 185
    136 255 0 12 0 206 0 15 250 0 202 255 0 255 0 211 195 0 192 0 0 144
    87 255 119 255 12 171 255 235 255 23 255 255 0 48 136 25 0 2 36 255
    227 145 0 255 15 155 65 255 38 37 126 255 0 126 27 255 255 0 136 170
    0 255 188 0 255 165 255 131 219 138 247 34 255 255 18 57 0 33 30 255
    115 99 119 179 229 49 118 63 215 255 135 0 49 235 212 0 0 63 67 185
    255 151 59 255 78 179 189 0 2 247 32 255 239 82 148 253 231 219 86
    244 255 255 66 158 0 194 157 0 0 208 255 30 0 226 255 255 175 0 255
    255 154 41 138 255 62 113 0 51 255 83 130 67 19 97 172 66 255 72 84
    0 214 109 0 255 5 48 93 255 82 83 0 179 22 255 113 216 207 255 173
    255 130 0 193 255 255 255 177 0 0 75 212 47 0 101 228 131 130 0 219
    0 39 114 151 22 0 83 170 90 255 105 187 241 90 225 214 255 251 0 0
    41 255 6 130 231 61 77 62 122 255 45 233 92 255 94 0 204 255 38 0
    113 0 143 191 255 247 0 255 255 14 7 242 0 255 123 45 0 80 0 98 173
    164 173 144 0 222 95 183 84 152 150 203 14 149 0 0 199 0 123 98 255
    235 0 134 171 255 0 178 255 173 43 0 255 0 156 156 0 18 109 7 255 29
    168 0 193 255 0 0 35 1 189 82 255 0 38 255 55 255 255 89 235 92 111
    0 255 79 143 134 39 19 130 0 0 0 20 51 111 171 97 200 43 141 59 111
    255 38 0 31 25 185 172 208 0 223 255 254 65 255 242 0 148 241 0 0
    255 99 227 71 227 255 255 0 180 141 197 0 97 255 94 198 255 0 91 139
    185 15 0 211 198 0 255 186 255 0 0 37 0 0 82 0 255 139 91 255 116
    255 164 68 76 22 66 0 0 38 159 0 255 0 0 255 93 167 185 74 169 255
    246 18 255 95 41 255 165 0 22 106 113 35 9 196 255 202 255 199 113
    166 160 255 152 0 255 255 143 5 89 46 0 255 22 255 186 222 117 0 110
    157 96 0 0 255 0 0 0 104 0 25 195 0 34 243 0 255 234 255 226 6 0 153
    99 195 153 82 255 115 0 255 72 123 154 215 180 212 159 252 22 73 213
    106 0 0 211 0 188 94 255 0 162 0 253 56 145 255 0 45 158 255 204 255
    255 255 0 0 194 103 1 0 36 146 15 0 0 168 172 222 0 99 167 253 16
    255 0 205 187 255 196 87 0 131 37 23 11 151 45 0 45 39 94 209 255 0
    19 0 62 64 61 122 50 189 125 0 0 58 255 255 206 255 255 0 255 228
    216 226 149 255 255 0 32 155 255 12 126 15 0 255 51 234 255 185 21 0
    125 149 198 255 31 142 255 0 255 224 0 40 30 241 0 252 249 100 0 255
    228 34 138 255 8 255 4 0 253 255 30 203 0 1 0 63 255 168 64 52 0 238
    255 0 255 57 83 15 0 255 134 120 255 255 240 255 255 45 31 39 9 122
    217 0 229 105 206 3 0 47 0 101 255 255 17 221 195 181 255 0 86 189 0
    94 0 0 198 0 103 210 255 163 255 26 75 220 216 255 252 254 255 101
    255 56 230 62 186 255 0 255 247 161 12 69 125 249 255 255 255 88 255
    127 203 138 17 226 240 0 0 196 63 255 248 255 65 128 0 255 87 218
    115 0 0 0 87 39 195 255 20 254 255 233 255 235 35 255 177 245 255 0
    14 36 241 255 255 191 117 0 131 20 255 0 130 0 255 255 214 255 252
    168 0 79 217 0 15 255 63 255 255 231 255 106 255 0 255 0 158 61 255
    87 255 255 138 199 198 78 249 134 218 132 0 0 188 234 0 220 0 221 0
    0 255 18 66 255 222 117 0 122 214 189 127 163 44 255 255 95 208 255
    255 0 0 255 0 248 245 15 202 226 255 40 191 255 124 255 0 255 110
    219 255 188 37 92 95 0 53 0 115 181 79 99 255 255 165 108 135 232
    244 0 0 118 255 255 92 0 255 0 138 79 255 145 71 237 174 80 255 79
    185 95 255 115 20 1 0 255 255 15 0 134 121 210 160 241 255 155 21 0
    36 255 51 0 255 210 255 225 0 21 183 151 180 85 0 211 126 232 228
    168 172 127 255 0 255 0 0 255 0 240 51 137 162 23 251 254 255 211
    187 186 167 163 118 96 255 0 255 55 0 59 185 170 27 0 9 0 158 186
    255 254 172 19 255 255 0 154 226 197 0 211 190 0 124 198 110 75 0
    152 211 136 255 118 255 0 177 175 255 255 50 255 21 6 70 190 0 53
    241 77 0 0 253 128 93 255 134 7 255 255 14 255 225 255 11 0 255 224
    0 25 255 0 25 0 108 107 255 6 60 0 63 183 235 181 255 134 147 203 0
    32 99 216 178 255 253 213 146 162 176 255 21 52 106 30 85 11 57 231
    255 98 66 47 255 150 207 3 235 106 255 255 122 255 255 82 255 45 66
    0 0 91 0 101 195 247 255 182 244 51 17 126 0 243 255 30 17 169 255
    182 243 41 199 29 0 210 0 0 64 7 103 118 147 0 107 255 34 255 255
    206 106 55 255 0 39 151 77 247 255 20 239 0 42 129 255 255 207 156
    255 146 0 78 201 0 151 255 148 255 12 86 163 0 152 233 255 255 188
    248 0 133 0 72 182 110 0 0 145 0 5 151 5 0 255 0 95 255 119 0 246
    255 88 255 255 85 0 227 0 178 93 25 0 255 0 61 255 0 153 203 240 0
    21 255 186 31 154 54 110 41 0 101 0 255 255 255 0 20 0 52 255 15 255
    250 255 70 47 255 0 179 59 6 47 4 209 58 143 255 217 182 241 0 232
    255 218 94 248 0 77 19 39 43 71 255 246 243 77 0 255 255 0 255 221 0
    205 15 190 0 255 152 9 65 0 108 255 91 255 129 183 46 0 148 16 0 120
    255 100 0 77 254 0 156 0 0 255 22 0 255 159 216 255 108 67 255 236 0
    168 63 184 156 71 255 0 80 179 255 0 254 0 255 26 0 255 68 188 28 12
    0 255 255 0 49 183 255 31 202 92 97 127 121 34 208 244 47 101 247 0
    240 0 84 124 203 255 208 17 255 255 251 188 255 255 230 106 46 255
    137 56 129 196 224 255 54 0 208 255 19 13 158 242 202 199 0 0 212
    179 22 0 0 133 168 0 153 0 149 82 110 82 110 255 53 176 110 255 114
    41 234 190 254 29 255 0 90 145 3 12 27 28 151 226 127 130 0 72 0 108
    255 108 83 0 0 0 67 81 0 96 0 144 0 69 146 80 223 218 255 0 24 91 0
    72 195 0 22 0 255 5 236 4 0 255 102 0 0 218 28 0 245 119 115 70 223
    255 31 255 255 255 255 106 197 146 255 101 229 239 255 44 0 255 0
    255 5 155 48 60 0 120 221 251 144 81 255 65 0 182 166 42 104 255 129
    84 0 255 223 235 255 104 200 192 153 152 0 79 255 66 255 191 6 78 23
    255 187 113 0 59 114 0 121 255 148 198 0 0 71 255 6 0 191 22 7 7 74
    189 179 255 255 0 43 255 113 255 222 255 0 213 181 248 36 255 0 36 2
    11 124 163 152 203 255 70 22 63 84 229 23 86 95 37 255 240 59 147 16
    193 118 26 42 75 0 221 255 245 191 0 186 0 0 255 135 0 129 174 0 0
    255 0 49 151 75 255 255 118 21 41 114 0 0 40 149 92 255 130 255 255
    52 127 139 0 255 124 183 81 196 136 180 89 140 255 164 94 23 38 146
    27 255 255 41 81 255 0 0 161 145 244 127 175 255 0 28 255 98 0 0 107
    255 0 79 255 98 235 0 255 0 148 41 149 143 0 255 162 255 158 202 255
    206 106 177 234 0 255 0 255 37 152 0 0 255 120 255 253 133 0 230 255
    74 255 220 248 49 213 0 151 0 95 0 139 255 0 79 255 5 67 204 0 13
    255 217 32 132 55 55 0 0 0 23 12 155 253 8 47 48 175 231 2 246 184
    233 227 0 243 39 244 0 141 164 228 97 192 233 58 174 75 0 0 138 55
    196 0 4 242 167 33 90 255 255 128 215 255 160 166 203 255 255 74 0
    255 255 255 0 255 183 127 119 31 251 59 255 106 255 193 255 255 78
    87 255 166 100 189 81 173 120 255 226 13 13 255 255 74 156 203 255
    115 152 215 214 255 45 25 19 255 83 0 104 222 170 0 0 54 110 255 179
    150 171 194 255 0 64 0 0 35 212 0 203 89 0 255 81 119 206 0 158 40
    255 131 51 145 114 33 126 232 0 67 142 221 255 80 255 0 215 63 22 29
    0 255 142 0 61 42 255 255 229 154 180 255 32 100 32 137 40 19 232 0
    245 130 202 235 41 0 196 97 0 0 0 46 83 196 11 0 200 135 0 69 0 0
    176 0 255 153 255 206 0 92 102 255 255 255 255 0 0 255 184 157 255
    85 0 0 255 203 30 207 255 183 0 217 175 0 129 177 255 0 149 255 145
    0 140 255 0 0 191 171 70 249 165 247 255 248 255 0 110 0 21 218 8 0
    236 238 255 255 255 61 195 203 207 0 10 255 10 52 157 161 15 0 0 182
    254 151 255 172 149 0 0 102 234 92 219 255 79 80 0 255 197 241 62
    160 189 5 152 255 255 12 0 0 170 3 131 110 0 255 26 209 126 91 255
    105 0 86 24 198 229 44 168 255 207 100 0 233 218 255 176 255 38 145
    255 245 14 0 255 36 0 0 234 220 0 0 172 249 87 0 16 227 198 60 232
    12 245 201 0 255 0 199 87 78 125 255 0 102 87 115 0 112 0 100 148
    185 26 90 220 7 253 85 147 13 0 45 107 95 0 77 208 89 3 133 100 255
    255 0 104 0 0 255 255 5 255 0 50 255 216 93 249 151 0 255 143 37 0
    233 163 118 197 171 0 134 126 255 0 255 162 194 13 0 183 0 183 199
    252 255 255 255 66 141 17 118 54 33 0 0 61 97 255 0 112 109 35 0 203
    79 91 224 255 2 152 227 255 47 226 0 238 16 255 83 243 207 0 1 0 239
    177 51 59 255 255 220 0 0 117 41 0 110 114 173 181 189 0 27 227 204
    166 128 134 0 222 25 196 0 147 0 74 190 238 162 139 206 0 0 165 56
    190 166 199 255 0 177 250 0 0 127 105 255 115 227 169 118 255 2 152
    255 210 58 60 134 40 27 0 122 0 255 157 2 177 133 0 239 255 0 96 255
    0 71 146 255 255 89 28 167 0 255 92 81 255 74 226 0 124 0 238 255
    125 255 255 158 97 0 255 140 96 255 0 78 255 63 154 40 50 176 49 223
    168 75 0 115 0 94 255 0 0 90 156 143 140 254 134 255 130 138 0 109
    255 108 0 0 255 169 148 131 3 44 153 255 167 255 188 172 255 89 234
    189 0 0 234 0 255 199 212 188 255 0 255 220 255 0 0 150 80 214 127
    32 147 85 253 233 51 0 255 255 51 112 39 204 34 152 248 216 168 255
    255 255 0 126 38 255 56 56 97 245 228 106 0 53 126 211 0 113 205 138
    105 74 130 28 236 255 255 61 27 120 75 0 69 216 155 255 88 17 217 92
    0 82 11 1 195 0 31 106 0 182 100 203 194 10 255 228 13 63 0 255 95
    14 68 74 255 130 255 255 255 27 124 139 0 0 255 206 203 0 255 202
    255 255 191 189 199 255 255 0 117 79 217 10 226 96 255 132 29 171 0
    95 255 169 68 239 134 49 45 250 68 56 138 10 255 196 255 224 243 227
    50 202 204 54 48 0 109 80 255 255 192 0 175 242 31 127 201 163 189
    142 4 0 123 231 161 255 34 75 220 198 58 255 0 117 0 95 71 2 163 253
    0 255 0 255 37 0 0 78 90 255 255 74 11 160 51 59 44 255 236 121 255
    74 206 251 76 20 0 0 205 255 37 247 177 0 167 255 0 97 255 215 19
    107 169 208 208 53 69 134 0 162 3 223 203 100 110 255 255 255 255
    255 136 0 255 255 255 0 87 232 115 255 65 255 66 0 232 149 219 0 0
    255 0 127 0 76 255 100 100 94 90 137 255 222 101 0 255 0 0 75 255
    184 255 0 0 123 0 215 86 47 158 0 0 171 216 177 178 255 168 25 131 6
    209 159 206 0 214 255 1 0 162 237 229 0 123 255 0 238 191 255 218
    101 133 255 0 231 0 0 0 202 75 201 178 49 190 0 255 152 192 102 0
    253 9 35 255 235 255 123 255 183 133 141 255 247 42 0 170 130 129
    255 255 225 161 192 46 0 149 255 185 203 78 255 255 118 255 0 0 75
    255 167 134 0 14 255 146 255 119 161 255 229 255 119 255 34 255 0 88
    255 39 118 0 100 164 113 107 0 0 168 0 0 27 245 102 62 201 87 0 122
    64 19 0 230 226 210 0 0 0 69 99 0 0 49 236 0 0 250 127 239 255 255
    183 252 110 0 0 0 255 255 8 134 117 255 178 255 0 117 74 213 0 255 0
    0 207 227 122 255 33 191 48 162 45 68 118 247 28 84 48 130 33 234 27
    7 0 27 46 0 187 37 116 72 15 240 189 255 40 177 0 250 17 61 0 0 254
    229 0 0 97 0 5 112 40 0 182 0 119 152 80 0 96 255 0 0 106 52 178 33
    188 255 134 151 0 143 114 78 255 106 181 157 252 44 173 136 0 249
    255 0 0 0 255 238 255 14 144 148 255 0 255 255 255 0 218 130 218 56
    0 255 0 0 255 27 0 255 69 234 255 255 152 93 28 2 255 0 32 73 255 0
    133 171 166 255 0 164 30 236 0 21 188 91 253 131 204 0 101 68 0 6 53
    181 13 12 91 184 255 255 255 255 255 0 32 255 67 0 46 167 0 179 88
    155 51 0 9 50 63 0 211 72 255 255 141 20 255 255 114 224 55 142 255
    211 191 255 178 87 46 86 119 128 0 0 246 0 52 16 204 66 225 255 177
    180 133 93 31 124 152 235 255 0 183 255 255 187 126 0 252 54 0 206 0
    168 0 255 0 86 234 0 0 255 0 55 0 255 255 0 75 93 76 183 215 166 105
    49 0 43 255 242 255 235 255 0 91 123 67 58 159 4 0 104 150 236 167
    23 231 0 14 75 255 255 0 164 41 4 14 109 152 111 0 165 255 255 83
    131 165 124 255 0 0 26 203 255 111 33 122 123 0 165 191 143 199 5
    255 0 136 130 210 130 0 48 255 33 0 255 0 164 0 255 64 167 255 79 0
    205 255 255 139 255 119 0 68 0 76 255 207 0 255 65 0 13 217 255 250
    255 0 255 0 255 167 86 220 205 3 63 13 3 218 0 117 0 0 129 37 43 112
    255 201 97 88 253 138 255 0 193 0 255 80 216 47 86 0 0 30 37 20 255
    217 18 212 201 255 145 35 255 52 0 0 224 199 40 147 255 69 182 80
    255 0 34 239 106 107 88 255 255 30 112 166 11 56 178 161 255 95 80
    255 0 63 0 112 255 200 68 77 255 153 125 31 66 71 208 255 0 109 0 58
    36 255 0 118 216 227 0 147 247 200 17 0 200 255 79 106 191 0 133 176
    146 0 17 0 181 141 156 0 4 29 128 139 102 156 245 0 17 255 135 0 0
    50 53 46 10 173 0 255 115 255 72 255 244 0 0 111 39 217 0 59 234 223
    106 200 0 84 206 0 85 10 239 0 83 4 0 255 173 112 248 14 255 198 0
    255 253 71 251 105 37 197 6 150 0 160 235 202 154 0 131 255 0 255 80
    239 165 0 36 219 255 151 34 255 152 255 11 0 0 102 0 255 255 0 206 0
    255 51 0 0 255 255 10 67 228 139 0 0 0 240 0 0 255 255 1 88 164 255
    255 194 110 0 73 255 208 196 88 255 255 196 118 19 0 255 99 120 255
    169 32 251 0 128 19 18 255 83 0 200 96 255 101 0 0 105 177 255 77
    223 218 255 132 0 49 198 239 63 51 7 6 0 130 255 87 204 239 251 221
    255 162 76 255 255 255 255 255 63 0 39 255 173 240 238 0 247 198 97
    145 159 205 111 116 122 4 255 255 57 255 238 105 198 255 234 183 255
    249 132 255 232 160 72 222 213 0 199 0 221 193 163 255 222 115 255
    255 61 255 3 0 255 255 9 0 239 255 7 116 0 147 85 0 42 239 234 237
    177 206 238 180 243 10 42 189 4 166 56 0 255 4 247 118 194 255 76
    255 107 63 65 255 57 34 18 255 164 255 110 0 255 62 255 186 81 98 56
    255 255 255 77 178 239 214 0 72 97 255 101 100 255 170 133 72 48 0
    155 255 0 255 152 255 199 11 200 255 99 255 248 255 233 72 172 230
    183 0 213 222 216 144 255 255 60 0 116 91 25 81 8 255 238 215 0 255
    0 0 250 0 255 185 163 255 208 193 255 255 41 64 0 255 207 0 124 0
    171 13 6 255 62 127 80 64 147 59 166 0 0 145 255 85 0 102 224 0 132
    247 255 20 248 0 97 255 41 0 255 127 202 30 99 38 255 185 255 0 160
    239 92 60 237 191 96 255 167 0 0 229 217 125 245 255 0 226 226 0 199
    222 0 128 24 139 11 12 255 23 0 157 13 0 193 0 93 246 174 162 110
    144 53 205 103 159 180 140 68 61 88 224 63 95 0 98 238 123 255 255
    49 36 0 131 51 35 0 0 27 13 0 40 0 247 0 109 255 5 29 53 0 0 130 0
    255 17 251 179 255 117 235 93 133 0 199 83 177 143 79 251 192 168 0
    129 255 84 83 166 0 178 82 255 47 0 222 2 255 255 0 16 0 163 71 80 0
    0 12 22 255 34 221 250 0 255 255 0 0 127 102 238 111 255 104 255 255
    255 255 61 255 255 84 255 247 88 228 255 0 119 211 61 131 39 116 149
    0 89 0 6 255 255 255 0 0 0 13 136 229 71 225 32 82 0 110 121 203 231
    168 0 255 25 97 231 83 8 27 255 202 18 70 0 0 255 118 166 255 0 199
    193 255 68 214 191 255 147 53 0 3 147 108 78 255 162 255 143 96 0 3
    0 83 0 128 0 47 0 218 0 0 69 247 9 234 0 255 117 157 255 255 255 0
    209 138 231 194 233 227 255 0 229 148 13 17 0 0 249 85 25 175 220
    105 0 0 100 255 71 0 52 49 204 255 254 247 255 158 84 85 3 82 255
    111 95 72 255 255 234 222 206 255 222 104 32 255 0 234 116 0 205 175
    0 255 145 255 255 177 209 255 255 188 135 255 0 41 95 196 47 0 202
    92 29 94 152 192 251 142 98 187 255 222 0 173 255 225 93 62 255 255
    37 80 213 132 255 251 159 7 251 255 0 47 25 0 0 105 92 217 163 255
    95 255 255 113 68 0 208 112 252 252 5 198 50 255 182 255 185 136 105
    85 47 89 0 28 224 112 0 255 24 130 235 133 218 169 78 72 14 151 168
    0 15 184 225 0 29 0 96 0 251 255 136 255 255 106 134 75 213 166 120
    81 0 95 121 0 0 185 231 0 91 218 39 110 184 0 255 101 253 150 2 201
    255 0 53 94 0 0 0 112 255 121 81 97 255 0 106 140 229 214 136 148 0
    183 74 166 209 231 254 255 0 140 255 0 180 231 255 189 176 88 10 234
    142 199 17 24 65 0 194 103 0 212 97 255 255 255 80 0 107 75 147 132
    0 91 80 255 214 121 32 255 255 255 56 0 255 255 149 50 98 255 139 48
    255 21 50 255 255 96 205 23 42 51 0 150 171 85 192 255 0 255 9 255
    119 180 58 19 49 44 0 209 44 18 0 255 128 213 234 0 186 169 255 255
    29 185 0 0 0 141 201 216 134 7 118 89 244 221 187 255 132 96 25 249
    42 108 124 110 40 130 52 255 255 88 130 255 200 255 231 255 190 133
    144 165 18 97 176 141 84 137 254 0 140 192 149 255 209 43 116 255
    226 0 170 82 21 255 0 255 0 255 255 177 126 106 106 14 0 0 203 255
    28 14 61 174 77 39 0 255 235 88 255 255 160 154 0 83 47 0 166 221
    203 175 255 255 93 255 255 255 203 243 0 255 210 181 255 110 229 86
    0 0 185 1 187 230 213 255 0 0 255 152 0 219 255 3 218 54 151 52 238
    6 255 68 255 15 29 1 0 116 125 255 0 0 255 255 140 87 0 106 107 0
    255 0 90 230 235 169 128 0 234 146 38 93 102 235 0 179 159 28 174 24
    126 233 152 0 255 0 99 50 237 255 199 255 112 133 255 217 0 14 155
    132 38 165 0 49 87 50 255 0 163 79 0 0 146 183 0 0 255 129 70 110 34
    201 214 231 0 34 250 52 99 88 255 22 20 255 255 255 255 0 255 195
    255 252 125 148 255 136 171 63 154 42 206 163 198 0 255 0 221 243
    236 255 91 140 8 0 222 0 137 53 255 65 255 0 0 0 15 255 255 255 34 0
    255 218 255 167 184 74 179 0 7 18 255 195 0 255 135 116 210 255 5 0
    255 27 0 201 3 71 251 12 222 0 0 255 85 67 157 226 255 255 220 242
    188 181 0 255 230 255 94 134 19 2 110 135 0 67 34 36 153 255 0 250
    255 197 215 30 0 207 50 220 130 245 14 135 0 53 255 255 255 255 0
    255 255 149 204 145 184 129 0 38 168 226 129 5 125 75 0 0 170 192 21
    1 105 255 127 15 23 20 220 255 86 221 0 255 164 60 255 255 255 182
    61 255 28 255 61 49 199 63 0 255 0 240 108 69 47 78 255 255 0 185
    133 205 165 255 1 255 230 195 177 255 255 0 201 255 0 0 255 100 0
    217 168 255 18 255 255 75 221 0 11 133 0 213 255 0 110 255 0 0 245
    255 255 136 44 224 255 154 255 0 104 0 0 137 0 0 255 255 231 255 119
    0 55 41 197 1 0 66 140 28 185 255 26 86 0 255 64 0 0 72 232 255 237
    0 255 254 17 41 108 64 255 195 137 0 143 149 226 255 140 89 171 116
    75 0 122 48 255 0 164 72 86 213 168 0 124 0 196 245 104 255 255 0
    117 255 255 11 0 248 209 0 255 19 184 72 204 0 237 27 0 135 255 18
    39 106 89 66 255 67 255 255 182 255 0 64 22 189 0 102 255 159 71 44
    77 129 0 0 0 0 22 255 0 69 176 131 7 148 255 255 134 255 87 255 255
    77 200 255 255 99 54 0 232 3 66 0 0 255 255 0 24 0 255 255 0 0 56
    147 0 167 203 0 0 193 255 0 185 255 204 0 68 0 221 0 0 70 78 58 237
    0 252 147 255 0 255 255 102 221 96 0 0 21 0 227 0 247 76 225 0 255 0
    255 52 255 157 0 130 224 0 233 160 0 31 240 0 26 247 127 255 119 255
    85 197 231 140 207 0 210 25 0 11 93 200 0 255 16 25 15 186 255 188
    160 155 196 0 117 0 0 145 215 0 229 171 255 181 255 35 255 80 36 0
    255 255 255 255 53 29 28 0 66 142 235 169 76 0 0 0 0 235 189 23 44
    15 0 219 54 11 90 165 11 0 0 255 255 0 255 145 0 37 161 182 109 213
    0 167 255 117 86 255 18 0 101 0 172 147 255 255 255 175 134 255 217
    18 243 255 255 255 4 204 40 164 205 249 166 255 196 0 187 0 0 77 255
    158 216 80 0 0 158 0 0 41 0 255 255 0 0 250 0 0 83 171 0 19 0 255
    239 0 255 255 176 0 0 6 76 0 255 45 56 255 254 180 19 0 74 36 27 235
    52 1 118 0 92 255 255 255 222 0 255 61 255 3 255 255 39 237 201 255
    0 0 255 64 38 0 0 255 0 73 193 0 238 255 0 178 255 255 71 112 250 0
    116 70 0 255 0 0 58 121 142 0 255 128 0 255 107 0 255 87 97 34 130 0
    0 63 0 70 0 43 255 0 64 90 234 153 90 155 95 132 154 255 35 255 0
    148 255 55 255 253 255 255 167 153 30 214 151 255 25 255 0 255 15
    255 255 209 255 161 71 169 26 0 0 7 0 115 255 107 100 222 0 0 98 255
    224 249 0 207 60 221 234 63 25 0 77 255 210 0 0 190 206 131 10 4 255
    213 213 62 228 34 0 162 133 0 245 0 255 255 255 0 64 61 19 148 222
    202 255 232 51 15 0 255 45 150 255 34 0 52 0 255 98 174 171 106 249
    73 0 240 0 220 0 135 138 188 0 22 150 79 55 255 64 255 150 151 158
    136 69 255 0 223 115 0 255 119 255 87 159 214 9 0 0 0 0 0 23 255 228
    207 112 177 5 101 255 213 231 16 249 11 255 238 80 0 244 0 204 212
    255 255 255 244 255 180 118 255 9 255 255 40 0 15 43 61 0 0 0 3 66
    197 156 66 255 66 71 144 164 0 230 0 45 121 222 0 255 0 255 186 255
    224 0 0 0 23 0 170 43 0 57 137 0 255 172 0 72 255 255 243 90 247 255
    75 238 36 124 15 255 179 255 255 171 136 11 0 254 255 0 205 0 0 171
    146 42 255 189 255 156 142 82 41 84 0 194 255 220 60 146 246 0 242
    188 255 92 189 182 0 59 103 0 95 255 85 138 255 198 255 57 255 105 0
    29 255 206 0 190 147 0 110 255 19 231 255 255 18 112 139 0 81 0 126
    166 205 177 187 0 80 39 33 151 226 0 255 129 230 255 128 206 16 179
    0 113 65 44 0 0 54 255 115 15 0 135 127 255 0 255 41 19 255 149 240
    161 38 255 41 49 56 255 255 139 165 255 217 190 255 72 255 255 181
    173 225 176 0 235 0 252 44 201 248 86 113 156 198 142 219 62 255 4
    237 169 34 0 1 140 141 121 87 200 20 255 99 56 92 0 186 0 190 235
    101 231 16 221 254 6 10 0 194 246 0 71 192 48 31 240 0 255 167 51 0
    113 31 113 113 24 0 0 217 255 150 70 209 144 0 255 255 142 38 0 23
    174 147 0 68 255 255 255 103 133 255 48 255 67 255 195 0 0 255 255
    119 22 255 208 255 98 255 255 0 185 96 0 18 205 162 98 255 255 230
    114 46 182 255 89 64 35 255 0 129 255 0 107 155 133 126 68 0 119 255
    213 157 119 0 255 13 255 50 38 37 76 48 255 179 59 255 255 185 0 3
    255 255 255 255 50 107 39 134 246 142 0 0 0 0 146 0 255 32 16 65 255
    21 15 255 255 179 255 29 0 0 76 198 255 198 250 0 0 0 135 57 143 254
    238 64 207 131 255 0 91 255 0 0 0 0 246 80 255 0 105 158 0 39 190 0
    0 0 9 255 133 229 175 111 45 0 128 28 109 52 0 198 209 0 92 235 107
    255 135 0 102 216 187 81 44 71 255 172 226 0 74 223 97 204 227 30 21
    71 0 0 0 63 227 255 255 255 102 251 10 250 0 255 201 54 255 198 84
    176 234 153 62 0 157 0 0 0 255 0 186 181 129 156 205 22 0 229 255
    238 196 255 228 90 0 255 0 16 9 59 100 0 193 255 67 151 28 178 0 255
    82 20 42 0 255 130 224 181 0 120 28 208 163 160 229 63 210 255 26
    131 255 248 0 21 118 229 64 255 255 47 0 255 247 82 98 0 238 255 197
    11 67 134 152 211 150 0 250 0 247 0 45 232 0 255 255 237 209 117 254
    70 20 0 0 255 53 78 0 227 98 60 0 171 0 63 45 4 255 111 83 212 255
    151 49 196 61 159 0 0 19 12 255 123 180 183 24 0 0 234 16 0 255 0 0
    121 156 175 0 120 175 0 0 6 242 0 119 0 107 124 219 83 0 0 173 0 0
    255 209 107 96 255 158 16 81 255 202 144 255 0 2 171 0 167 255 255 3
    129 164 13 0 166 255 85 186 0 96 235 241 56 171 255 255 186 0 200
    255 0 255 255 32 236 0 96 33 68 255 42 106 255 226 0 0 64 255 104
    164 220 0 255 0 224 255 0 117 54 91 0 19 241 0 78 0 137 0 182 6 48
    187 9 46 0 255 255 150 255 255 255 40 184 0 255 0 99 255 255 144 255
    255 97 0 73 255 255 255 96 236 255 72 0 133 155 208 222 105 111 255
    255 212 23 145 128 157 45 198 177 163 255 48 172 116 139 186 172 92
    255 22 182 24 201 255 131 149 96 173 240 0 255 0 0 9 131 255 255 0
    184 0 255 122 226 0 0 241 198 56 35 40 20 84 33 66 0 0 27 175 87 127
    119 140 139 0 1 255 0 143 255 0 35 0 227 218 144 0 126 255 52 255
    255 0 3 155 0 222 192 8 174 83 162 255 0 119 15 147 164 0 51 152 255
    121 104 255 146 64 194 226 183 0 18 173 226 255 0 255 0 0 86 254 0
    237 144 225 0 0 66 71 210 26 41 255 255 164 12 184 18 228 43 142 124
    255 52 0 244 203 220 129 139 255 208 177 0 255 25 32 243 210 119 161
    136 234 255 192 176 255 49 206 13 24 136 32 0 0 0 0 68 255 0 19 33 0
    0 196 232 40 80 108 166 230 227 255 0 187 241 0 85 104 0 0 0 112 38
    98 59 130 255 185 64 230 255 87 159 255 27 191 206 47 57 61 251 203
    39 168 0 121 0 214 215 12 255 26 0 52 0 153 0 5 0 255 6 42 230 88
    152 174 0 158 0 0 203 68 204 255 233 34 180 133 0 195 50 231 196 255
    0 255 220 95 51 124 255 255 241 130 157 126 188 86 79 0 45 134 173
    136 240 120 8 172 255 255 28 78 255 255 0 244 0 0 0 171 255 0 0 115
    254 32 255 0 76 13 0 0 113 255 214 0 255 255 0 0 254 69 45 0 108 160
    124 128 83 0 203 113 178 208 0 255 0 67 166 125 212 220 127 6 148
    157 255 118 213 0 126 255 0 0 208 209 187 0 220 255 0 14 28 18 0 134
    87 0 249 255 152 0 61 160 59 109 255 254 93 140 15 200 236 170 204
    255 148 109 0 224 255 0 205 109 113 86 137 255 22 255 246 105 255
    255 0 255 255 0 246 0 255 216 181 255 90 255 190 92 0 92 0 19 183 17
    0 0 255 164 154 34 194 234 4 255 255 240 0 255 255 162 78 36 212 145
    173 0 0 61 255 171 211 245 0 108 156 0 158 110 0 199 180 126 255 105
    255 255 77 110 142 244 213 200 0 147 0 0 255 241 62 255 255 44 255
    15 0 195 255 0 46 0 0 205 255 255 255 70 79 255 189 3 200 255 255
    255 31 173 81 5 179 185 243 208 44 255 0 139 247 9 6 94 255 97 190 0
    231 200 255 118 1 0 245 145 44 56 237 228 0 186 105 135 106 84 51 0
    120 0 173 0 18 82 255 255 27 25 67 248 190 83 16 72 38 81 63 0 230
    255 18 144 0 6 0 255 254 7 0 1 255 122 255 0 0 255 0 51 93 255 0 157
    182 218 0 255 255 0 255 53 16 214 195 166 0 0 255 255 255 255 41 238
    255 0 255 205 255 0 23 0 101 112 199 0 255 255 255 254 255 0 211 218
    107 0 56 190 255 255 193 156 85 0 0 255 27 133 224 255 88 151 39 0
    242 255 110 255 101 255 68 41 22 188 32 77 255 255 119 19 222 0 19
    90 46 0 190 255 255 96 255 255 0 21 255 255 60 71 134 255 2 103 255
    109 207 200 0 255 255 151 255 0 238 0 255 41 47 136 219 21 8 0 34 0
    83 149 255 255 0 250 0 255 255 132 82 0 8 255 0 255 0 135 175 0 255
    115 9 235 248 152 105 205 209 0 91 255 216 124 94 246 216 153 255 0
    198 255 17 156 255 255 0 0 0 193 255 0 237 66 255 145 9 179 0 102 61
    28 143 217 211 0 229 145 42 27 255 242 105 0 255 192 223 221 0 124
    254 218 10 0 210 255 0 46 252 26 99 139 0 29 255 50 243 0 225 177
    255 46 110 11 137 235 30 219 0 146 255 125 141 113 252 155 255 0 208
    244 212 255 120 29 180 158 236 237 161 238 249 0 30 136 152 104 16
    153 103 0 255 238 0 191 253 0 12 211 146 1 1 255 255 0 132 255 85
    146 205 255 46 255 150 57 123 255 54 189 233 0 113 29 107 58 231 41
    255 193 80 151 0 209 0 0 36 130 255 38 255 28 198 255 87 79 214 46
    133 130 98 255 157 255 113 255 0 87 255 151 0 30 0 0 140 170 70 0 45
    255 255 75 255 212 0 247 78 176 199 183 103 0 115 222 0 183 175 0
    132 186 223 0 186 66 255 0 0 190 255 156 220 0 138 0 0 27 0 0 144 0
    127 197 255 0 42 220 238 247 227 0 202 0 0 255 20 63 213 247 115 0 0
    159 79 234 0 176 249 164 0 255 255 92 196 73 144 255 46 0 255 127
    149 255 236 255 247 255 0 255 55 0 252 28 53 22 11 200 195 213 255
    12 41 161 217 255 0 55 0 189 142 142 64 32 255 128 235 255 255 16
    102 0 213 0 86 166 91 59 255 255 14 170 0 254 111 255 98 0 5 105 0
    255 255 255 255 194 75 236 66 69 85 64 64 143 0 13 0 12 255 0 255
    226 35 249 0 255 73 255 0 57 255 114 199 147 255 215 40 221 0 209
    124 149 208 67 255 134 230 206 255 101 105 224 0 0 0 78 124 25 251
    237 255 0 99 0 0 69 0 0 255 31 255 81 200 152 255 255 137 255 25 0
    255 5 164 182 0 0 255 39 108 0 255 255 35 255 157 11 106 245 255 145
    255 76 206 64 4 105 26 255 0 0 31 252 255 0 5 250 237 147 42 65 88
    84 0 102 151 169 145 141 251 227 198 91 64 255 79 255 190 235 218
    255 0 0 145 143 255 79 70 73 0 0 255 10 255 242 255 201 165 255 0 46
    78 29 171 87 152 240 130 127 160 206 0 76 92 0 232 200 34 91 0 103
    255 255 225 17 51 255 203 0 255 9 225 255 232 225 255 249 252 65 246
    63 83 165 255 32 191 153 255 168 60 255 0 7 255 0 36 255 106 0 0 0
    255 0 189 190 0 255 215 4 0 255 90 187 252 178 255 250 192 255 36
    200 0 0 255 0 0 135 159 132 152 0 226 38 70 148 84 33 37 70 0 158 0
    255 139 210 143 135 42 137 166 173 255 209 16 165 255 255 255 216
    253 147 129 125 117 0 22 196 107 69 0 255 240 137 47 143 255 0 0 0
    226 255 0 7 164 148 255 5 252 99 7 241 14 106 118 0 70 121 255 163 0
    141 198 35 4 0 198 4 255 173 161 65 11 0 213 186 174 0 255 32 63 161
    133 86 255 255 105 78 5 0 130 208 12 255 0 255 77 0 255 81 0 41 189
    80 0 29 255 0 123 28 187 239 255 220 87 222 0 241 255 255 62 40 0
    119 80 249 14 95 255 67 216 255 222 131 136 0 255 18 217 0 255 163
    208 213 162 165 255 124 25 255 215 0 125 60 1 0 173 43 0 2 45 255
    215 0 255 252 242 249 0 72 255 255 255 240 255 132 55 48 255 0 94 66
    0 251 215 255 153 180 107 15 92 8 0 154 173 216 255 66 0 255 212 0
    255 101 255 255 56 255 123 64 153 77 255 0 98 255 255 24 126 91 6 74
    215 255 153 118 23 0 0 108 25 96 55 0 252 255 129 245 0 163 226 156
    125 209 58 127 142 255 255 61 0 22 177 84 184 222 255 206 102 255 44
    0 192 56 173 255 240 255 0 10 108 255 215 204 255 155 246 6 41 0 134
    101 90 0 229 88 98 139 213 255 76 41 119 33 26 139 81 76 135 255 59
    202 73 129 0 134 6 139 75 4 0 0 255 185 215 109 255 0 0 56 0 0 255
    252 201 211 255 0 0 188 38 26 243 255 50 0 154 97 0 8 150 0 139 73 0
    34 119 255 255 98 233 17 25 133 108 90 128 125 94 103 35 255 255 83
    173 255 255 0 114 184 66 29 7 11 132 255 0 0 221 125 134 124 38 255
    0 124 197 199 255 255 152 22 84 0 141 250 23 38 94 255 26 255 238 92
    41 0 255 0 145 0 78 143 255 255 0 88 255 118 242 34 255 66 84 251 67
    0 63 51 255 0 198 72 112 143 1 36 255 108 255 168 244 28 255 0 121
    86 191 223 0 255 255 160 0 141 255 254 38 0 47 98 0 241 119 208 33
    219 255 0 117 114 171 255 110 217 101 145 255 0 218 0 80 255 0 255
    123 245 89 186 107 247 18 53 0 58 65 74 125 53 118 0 246 242 0 0 120
    81 0 0 170 150 0 255 67 255 90 36 30 255 96 189 28 249 201 208 255 0
    228 169 0 169 0 95 255 0 255 255 209 255 32 198 0 0 144 189 228 0 0
    114 32 255 2 255 0 0 31 0 172 111 0 100 194 0 255 0 155 190 0 255 76
    254 153 255 28 35 43 0 39 0 0 188 64 146 192 255 255 203 196 21 79
    112 249 0 255 58 0 0 67 167 28 103 255 255 126 143 255 255 150 83
    255 79 76 123 56 0 255 193 255 76 84 108 255 255 87 137 255 200 16
    217 234 206 251 161 0 244 0 153 74 63 222 211 225 0 43 255 0 255 0 0
    255 21 207 73 6 0 0 135 56 0 67 134 56 224 0 253 62 157 254 0 219
    177 0 255 236 40 255 70 0 58 55 255 255 0 0 21 245 0 23 255 84 166 0
    255 212 0 255 190 0 0 20 201 157 0 34 66 0 255 203 0 206 0 171 11
    114 9 0 0 10 255 148 172 255 255 180 227 176 255 27 255 255 255 194
    0 190 130 0 83 255 150 122 0 213 127 0 0 200 177 116 0 0 241 0 255 0
    255 11 255 163 255 255 238 255 11 248 214 109 77 197 45 61 0 43 191
    140 255 169 255 153 152 0 68 203 43 167 0 159 253 66 16 210 97 7 255
    0 80 10 255 255 246 162 148 165 0 0 34 0 22 95 255 0 202 0 0 242 0
    255 255 119 157 105 255 94 0 0 198 196 132 158 231 54 41 90 2 124 31
    0 69 0 0 210 255 0 75 0 33 0 204 245 0 0 78 0 47 233 0 255 255 99 0
    255 77 144 255 250 186 45 64 120 0 189 66 162 219 51 73 253 243 255
    178 164 194 162 0 0 0 64 130 0 58 255 192 58 39 0 255 35 255 118 208
    48 109 255 140 177 204 255 255 0 0 52 24 233 0 0 253 255 32 255 245
    255 182 237 216 24 6 84 255 78 93 105 255 182 228 140 192 149 0 0 0
    22 0 185 35 249 255 66 255 218 198 174 0 59 10 191 0 226 0 0 0 153
    31 0 8 226 255 255 20 94 51 49 0 0 185 0 255 0 0 85 134 77 255 255
    159 252 152 218 255 8 0 234 79 255 111 207 39 114 255 185 184 119
    255 255 255 119 78 255 255 154 28 224 247 0 108 0 89 0 27 118 0 110
    0 92 21 226 26 19 105 0 255 0 190 255 123 243 138 255 173 80 255 255
    255 255 30 217 145 0 86 138 200 68 67 236 63 59 164 172 255 160 255
    255 81 0 179 172 0 253 0 86 25 255 255 208 123 137 14 17 0 190 0 23
    68 255 0 255 233 45 244 180 136 255 255 249 245 0 225 220 0 255 177
    255 0 117 0 152 255 196 233 30 255 155 87 206 255 126 0 0 0 43 5 0
    111 180 0 250 180 255 237 43 255 70 0 255 21 196 60 27 255 0 255 80
    0 194 255 192 30 254 249 0 0 255 146 255 19 250 0 155 251 215 104
    111 73 3 220 218 51 0 108 18 255 115 0 0 255 149 0 40 251 214 255 0
    0 255 96 84 122 6 187 201 178 0 121 186 0 116 0 191 228 255 255 94
    253 255 41 0 174 174 0 251 55 0 0 175 18 239 108 237 255 119 251 255
    209 26 200 255 215 239 101 255 182 161 176 98 50 220 139 0 255 0 255
    255 161 101 196 0 211 0 124 177 181 85 0 35 186 0 0 255 255 242 82
    24 249 255 198 56 54 32 255 250 0 255 255 233 92 0 237 255 34 136
    255 225 0 0 21 38 0 147 145 0 255 162 229 187 255 0 0 237 212 181 0
    0 167 44 0 16 55 255 18 0 4 0 0 19 102 0 0 0 255 255 255 4 222 133
    143 236 255 132 199 212 133 74 0 95 215 255 69 0 255 0 255 148 255
    236 10 198 214 85 19 0 72 86 0 53 249 243 0 255 0 255 38 168 255 84
    0 0 108 128 1 255 22 185 230 36 194 82 220 70 218 241 248 135 0 246
    146 72 233 104 76 175 255 0 68 0 255 0 255 109 172 255 255 232 255
    110 0 91 230 0 0 175 232 0 137 0 194 0 220 144 30 76 101 241 84 36
    190 255 255 203 181 0 8 114 0 17 173 0 195 0 232 232 255 190 243 184
    255 207 255 114 0 170 161 8 133 62 87 27 138 0 79 61 0 114 167 181
    255 127 111 255 126 158 255 181 185 255 112 209 156 38 116 124 0 218
    57 147 0 189 86 247 50 25 17 255 64 205 80 220 224 174 150 50 32 0
    105 0 114 135 252 245 255 0 255 151 177 119 0 219 0 0 0 13 97 116 0
    167 170 194 135 41 247 23 255 47 64 87 158 72 161 44 122 255 0 132
    255 71 255 170 10 66 95 3 160 255 34 191 0 145 0 134 168 5 255 9 248
    0 35 244 37 127 255 71 60 255 0 249 138 118 255 255 179 168 92 97 0
    147 6 51 118 78 221 135 255 0 81 148 0 215 220 255 0 255 237 47 62
    167 234 255 0 192 0 0 76 209 3 14 255 248 0 217 255 0 0 255 67 35
    255 0 222 0 58 174 26 0 255 255 177 196 190 0 0 143 72 135 0 69 43
    120 181 225 5 255 0 191 227 235 0 47 187 175 255 170 0 28 35 0 254
    41 46 0 48 255 77 113 0 255 0 248 18 255 0 236 38 70 0 70 136 0 255
    176 255 136 228 0 253 0 75 255 24 215 106 0 40 202 69 62 255 255 159
    255 64 0 224 118 0 128 120 152 151 0 255 76 0 70 196 144 34 51 0 136
    42 0 0 0 9 0 255 255 58 186 255 94 0 72 35 63 255 89 0 172 212 2 255
    255 0 0 116 17 198 255 187 0 206 129 0 184 76 85 255 212 29 193 0
    184 214 0 66 0 182 255 24 0 0 168 0 86 0 158 0 53 85 47 255 27 255
    227 0 255 198 250 43 221 0 236 183 184 28 255 115 248 255 229 0 255
    18 255 0 0 0 0 148 43 0 0 255 14 69 255 127 92 255 255 0 117 79 165
    111 160 24 11 177 122 255 214 255 255 19 0 113 0 108 231 93 0 70 49
    19 0 219 151 21 225 255 165 2 255 0 255 255 255 255 244 135 101 19
    43 221 255 34 255 255 0 114 0 127 214 74 155 0 115 8 0 0 112 20 188
    140 202 255 255 12 87 69 255 0 255 167 255 113 202 12 255 0 0 34 0
    98 84 173 147 255 249 255 221 47 255 146 255 0 79 207 255 107 255
    255 80 0 32 255 217 249 0 0 248 251 0 15 0 0 255 167 84 101 138 225
    87 0 237 0 252 50 77 0 188 255 17 252 255 195 246 121 85 184 255 174
    117 0 172 109 0 0 0 204 255 255 32 73 84 210 255 255 43 0 255 116 0
    255 0 69 34 45 0 37 35 0 52 255 70 209 203 255 255 159 255 123 0 0
    61 250 75 50 223 255 209 142 0 30 219 255 159 255 255 255 203 121
    134 0 0 78 46 0 0 127 123 0 195 0 43 115 25 222 164 114 193 236 239
    0 0 255 62 211 255 255 42 146 46 46 255 49 252 255 255 151 18 255 0
    0 220 89 0 255 0 255 255 40 207 97 235 255 0 231 250 209 7 0 0 70 4
    22 255 246 116 154 107 232 119 237 186 102 125 227 173 184 255 0 0
    212 134 179 23 255 59 119 169 240 0 178 0 97 255 0 0 169 0 168 46
    176 84 71 243 255 129 194 226 255 255 3 255 208 0 0 0 225 0 226 183
    140 0 255 255 255 253 0 0 173 64 93 0 255 255 0 255 203 255 87 255
    24 108 0 151 0 159 255 63 255 255 255 179 255 194 111 67 0 0 0 152
    255 255 113 255 0 13 255 123 192 11 194 81 255 243 228 255 0 255 0 0
    63 86 0 255 109 0 129 0 253 0 186 75 17 90 129 255 14 114 145 235 0
    184 81 241 0 177 255 47 173 255 9 255 54 0 0 225 255 0 108 0 0 0 200
    73 255 117 0 0 90 255 138 155 8 223 183 168 158 234 206 253 65 240
    12 96 0 244 255 64 89 0 200 255 0 0 255 0 30 251 240 121 97 221 2
    161 133 0 12 47 0 172 0 147 67 0 106 57 168 208 0 68 243 61 179 0
    105 255 0 24 0 136 0 159 229 19 245 66 255 0 0 255 0 212 0 181 255 0
    41 155 255 255 18 0 26 105 255 128 28 180 228 0 255 181 230 255 26
    81 132 121 255 39 143 186 255 139 43 154 197 148 234 0 255 238 255 0
    195 255 255 45 255 230 255 255 255 59 117 81 62 115 224 116 219 212
    0 0 3 129 255 210 73 0 124 215 33 109 255 255 97 255 130 170 30 153
    53 69 255 47 130 0 0 233 247 255 161 255 145 213 255 0 74 255 158
    152 43 225 0 35 89 109 60 255 109 253 32 0 164 255 254 0 179 0 178
    85 135 0 204 113 188 255 234 54 83 188 80 193 0 0 72 180 69 255 153
    255 188 255 255 33 255 228 99 111 38 182 170 0 255 199 22 73 40 135
    0 223 77 149 113 7 188 232 145 255 255 193 0 237 0 160 255 206 21 0
    32 70 0 205 60 0 28 255 210 200 16 255 76 149 0 0 78 115 0 120 255 0
    208 7 255 55 200 55 255 214 224 255 255 39 67 59 255 255 255 208 104
    255 100 0 125 255 88 38 255 80 160 58 112 255 255 192 255 244 156
    159 0 44 139 0 155 0 239 0 255 251 198 0 255 90 0 255 203 255 184
    226 0 190 186 173 0 236 247 0 42 246 28 149 223 20 34 37 170 65 0
    126 0 0 1 164 167 253 99 42 0 54 138 111 255 145 0 255 180 255 93
    255 223 149 148 245 39 35 152 0 33 0 0 159 88 0 56 21 255 11 245 5
    243 12 0 104 243 255 54 58 129 247 238 175 88 255 216 255 151 0 100
    255 84 94 209 255 38 255 0 255 255 0 0 106 0 241 69 0 67 34 255 250
    0 180 80 255 38 128 255 204 229 62 3 255 52 0 79 113 26 37 255 79
    203 221 14 81 255 58 121 217 0 255 121 22 3 199 209 7 128 255 71 75
    111 176 68 132 184 214 255 128 156 0 212 0 0 0 160 36 197 177 36 255
    117 177 255 104 0 116 242 0 0 0 255 0 143 255 192 34 94 81 255 255
    102 0 122 20 119 130 147 255 243 0 255 218 255 255 255 162 19 62 185
    189 0 219 0 30 255 234 180 95 205 130 1 243 0 255 231 255 255 107 0
    93 174 255 0 202 101 255 220 0 0 200 0 164 103 0 191 0 133 104 227
    129 0 230 255 204 0 169 255 255 255 54 255 109 0 0 72 0 0 255 132
    235 173 92 0 87 194 0 0 81 255 255 0 0 220 229 154 255 0 0 199 252
    44 153 255 21 255 0 109 0 255 255 56 7 56 87 21 47 226 255 0 147 242
    255 255 255 25 64 0 59 162 141 255 0 0 255 0 255 186 0 65 185 103
    114 255 55 205 255 161 61 248 0 62 255 206 0 84 92 249 177 109 104
    246 255 0 77 125 193 0 222 255 240 106 255 236 45 132 195 80 249 226
    255 236 20 252 0 22 196 226 221 95 193 101 28 137 0 255 0 25 129 113
    255 0 83 107 0 0 181 33 100 255 40 162 71 53 255 29 89 41 108 107 0
    255 246 255 0 0 49 255 138 255 21 0 255 12 101 83 56 65 0 134 243 0
    255 115 69 255 215 255 0 124 255 0 209 0 255 255 0 42 89 192 0 255
    54 225 250 164 250 0 141 236 0 186 253 10 0 255 0 82 8 221 0 0 223
    32 0 220 235 181 106 27 255 0 49 141 111 255 255 222 159 222 0 90 0
    65 178 0 216 159 255 210 237 21 0 112 48 51 0 190 255 13 255 255 56
    0 102 224 211 158 93 241 255 240 0 78 3 6 42 0 0 150 255 0 127 56
    197 147 127 255 255 141 88 130 255 92 0 115 232 0 30 255 0 255 0 255
    187 6 216 141 2 88 255 53 55 5 255 6 255 0 220 213 131 0 0 0 141 168
    68 255 0 255 99 189 35 255 255 0 0 241 0 145 86 8 122 229 139 0 165
    182 124 0 0 255 0 0 220 143 81 219 58 44 0 199 112 255 249 37 82 255
    255 0 0 7 31 158 46 2 41 57 8 66 221 253 255 110 0 151 67 255 77 100
    229 133 81 184 175 0 255 255 255 0 186 255 186 150 153 47 255 255
    255 180 0 4 0 255 204 255 51 212 230 0 126 226 46 126 255 255 172 31
    255 0 7 96 255 178 255 90 237 167 148 199 0 0 11 255 51 240 255 0
    240 21 26 7 0 225 0 5 227 225 0 0 81 176 30 10 21 202 0 120 0 255
    255 0 57 68 184 36 203 255 130 255 255 183 255 0 0 183 77 255 63 255
    31 178 211 140 66 159 162 0 255 35 115 0 122 255 0 200 253 255 0 0
    231 246 248 248 116 179 136 88 99 255 184 0 255 78 152 0 255 88 0
    190 255 0 255 255 0 126 14 147 36 23 135 155 0 190 188 132 148 160
    29 255 214 37 255 230 0 98 123 177 170 255 241 0 98 0 120 0 191 52
    255 250 72 225 45 134 148 157 0 57 0 76 176 255 0 255 102 135 255
    143 255 60 209 57 0 65 26 94 195 0 48 128 77 255 255 0 73 229 101 0
    255 109 208 201 142 0 161 121 192 255 255 255 254 239 30 51 0 0 0 8
    255 200 179 45 26 67 123 0 231 0 0 255 200 0 37 0 229 255 0 144 255
    180 255 205 40 140 104 0 147 215 86 123 184 40 98 0 161 0 21 240 24
    0 0 163 137 0 221 160 46 67 57 0 0 157 0 222 236 9 153 0 146 43 255
    246 121 136 0 0 255 0 25 74 255 198 149 255 36 58 255 0 246 238 255
    227 0 145 28 0 255 0 235 168 184 0 65 69 28 246 247 72 46 173 0 23
    119 0 250 244 191 130 78 147 255 128 24 199 172 245 218 58 63 61 212
    255 2 0 86 104 80 236 36 255 69 203 105 101 61 111 28 141 23 0 196 0
    126 255 0 169 243 0 66 255 240 212 6 19 255 165 169 0 90 0 255 0 0
    255 255 2 0 20 84 59 38 46 37 255 151 74 113 0 146 255 71 0 0 181
    255 26 55 16 123 0 253 71 128 234 0 105 0 21 0 77 216 151 255 229 0
    184 111 224 146 167 255 0 0 60 78 215 204 99 153 18 0 34 247 90 163
    95 49 255 117 255 0 255 0 255 118 212 221 75 66 255 165 63 159 26 19
    245 75 26 108 234 31 4 255 0 0 133 11 0 66 255 12 69 255 176 0 38
    207 150 222 254 16 92 98 222 34 171 131 47 0 255 0 0 131 191 136 73
    240 143 0 255 0 229 255 85 255 81 0 226 117 255 0 215 75 73 255 255
    255 208 88 255 0 90 113 13 20 239 103 51 26 216 87 200 217 123 76 35
    0 255 255 6 0 255 232 84 234 230 117 0 255 0 5 255 201 0 194 87 193
    116 125 0 4 250 0 255 34 188 0 24 0 255 178 255 91 85 162 98 203 0
    114 53 74 236 104 0 134 157 0 16 251 255 253 251 127 220 255 23 60
    44 71 140 226 255 74 173 61 0 40 31 225 134 31 6 56 93 107 87 0 0 0
    0 189 11 150 131 154 119 33 86 199 255 215 0 39 231 0 178 64 0 108
    247 255 219 83 0 255 100 102 255 87 255 0 165 9 0 255 0 88 0 29 81
    34 0 0 88 255 212 0 255 99 47 191 188 81 185 0 255 85 255 88 28 197
    74 180 42 55 67 100 135 241 255 101 16 231 0 195 199 0 68 255 180
    255 148 177 30 135 110 119 219 0 142 164 180 236 57 255 255 236 0 7
    0 25 67 255 255 255 29 255 240 0 0 0 133 255 234 7 120 184 242 195 0
    203 126 213 192 178 0 255 249 255 0 255 94 0 85 137 128 232 55 76
    255 161 0 204 74 194 0 0 150 253 255 159 40 67 183 11 255 255 255 0
    130 137 160 255 19 111 255 217 100 0 170 8 255 0 250 0 233 0 240 102
    26 109 206 118 0 66 255 255 187 94 253 0 255 255 52 128 217 156 0
    255 255 24 255 215 0 175 57 79 0 22 0 0 243 0 112 213 77 255 109 245
    251 111 53 3 81 0 255 54 176 111 109 255 241 255 132 43 212 0 255 41
    0 30 255 193 15 159 90 195 0 255 0 65 173 255 0 0 9 219 96 255 143
    77 0 16 103 109 255 69 59 255 255 164 32 0 170 201 70 246 228 242
    134 5 255 0 0 123 172 35 255 174 184 213 0 0 0 89 55 52 224 0 250
    205 194 24 150 138 0 195 255 46 145 174 236 203 190 255 41 154 0 236
    0 255 0 0 255 44 29 104 213 202 214 231 169 255 82 158 72 140 255
    255 41 255 255 203 121 255 255 203 68 181 255 114 217 255 173 0 169
    0 95 255 110 194 111 223 77 71 255 232 25 255 0 255 159 236 104 255
    98 118 255 255 132 137 254 244 255 0 37 255 76 124 11 117 255 0 182
    255 185 0 0 172 0 255 255 28 209 247 83 69 98 3 255 15 228 79 0 123
    3 36 255 92 255 255 255 0 118 0 39 93 0 110 255 85 248 255 182 0 59
    24 195 3 255 176 0 98 207 42 68 62 4 206 208 255 255 218 90 0 237 97
    124 255 222 131 187 151 75 0 162 78 133 5 124 130 145 55 255 0 0 0
    108 47 102 0 190 85 0 17 0 0 0 144 214 211 250 28 114 0 238 220 22
    255 160 255 0 0 57 255 255 47 255 28 40 255 13 122 255 116 0 255 0
    122 198 25 0 0 182 0 0 255 35 193 162 255 255 255 255 40 167 50 255
    255 82 52 0 73 45 175 26 39 178 44 255 0 179 255 20 147 1 0 255 200
    247 0 61 16 255 46 0 0 0 40 238 0 114 55 0 255 236 120 70 53 0 163
    255 58 89 124 34 255 0 8 203 255 83 134 255 60 0 75 36 170 0 179 255
    255 197 255 243 255 117 150 37 244 199 0 242 19 75 255 255 10 205 93
    0 108 103 255 0 65 47 255 177 255 23 40 0 234 80 0 37 0 255 74 0 175
    0 90 0 14 106 0 0 255 181 88 255 255 30 166 165 187 0 91 0 117 131
    255 25 219 0 255 79 120 135 231 185 0 0 103 55 255 255 233 231 0 2
    14 139 227 255 183 13 51 243 77 43 27 182 255 44 50 196 201 255 255
    0 56 10 67 142 104 255 252 122 122 255 255 185 209 255 63 72 255 0
    215 19 143 77 176 255 13 21 103 0 0 212 3 221 102 240 0 0 123 103 13
    50 181 57 0 184 76 109 90 255 255 127 0 103 31 255 0 139 83 23 140
    20 190 69 125 0 97 72 61 11 191 108 0 91 118 242 255 151 0 255 255
    255 30 0 0 0 73 0 0 151 232 185 255 9 116 255 0 58 247 103 255 0 244
    167 110 6 227 7 0 89 0 0 13 39 255 0 62 224 192 200 126 184 24 137
    255 204 35 5 0 255 130 98 157 99 29 210 82 5 112 101 247 134 157 62
    70 0 240 230 255 168 9 255 118 170 0 220 99 113 146 94 16 255 73 0
    182 64 165 2 255 163 243 171 255 255 208 56 255 40 108 0 0 235 42 56
    0 0 53 255 255 216 255 76 253 0 0 0 229 135 9 0 255 119 255 217 255
    25 255 231 255 168 255 82 0 150 255 182 224 171 255 151 0 206 255 0
    193 81 80 32 187 208 135 134 0 159 108 215 214 103 0 136 5 10 186
    237 255 237 255 207 149 0 170 237 255 0 255 0 240 255 94 36 55 14
    255 76 110 0 0 215 255 162 123 255 255 37 255 90 5 237 138 31 146 0
    220 238 255 46 184 38 40 255 69 98 220 250 0 255 8 226 238 255 186 0
    131 175 182 98 166 45 96 132 255 230 175 0 86 255 2 106 55 182 0 12
    255 0 255 130 94 144 19 71 65 209 255 108 0 135 32 79 207 161 109
    245 255 205 135 0 48 0 0 180 166 11 255 191 152 94 255 93 220 0 255
    187 11 190 18 7 2 42 46 255 158 213 0 66 255 18 199 255 179 241 255
    13 26 255 213 183 227 199 0 243 255 31 181 244 174 231 78 107 207 0
    102 0 1 0 0 211 0 62 0 163 247 225 0 119 0 0 60 88 0 33 79 48 94 100
    97 125 255 255 93 8 215 173 255 36 0 231 89 94 177 255 0 255 122 0 0
    0 255 46 45 0 72 210 165 235 139 129 137 29 185 151 0 0 181 231 56
    10 170 0 0 162 145 255 0 94 75 255 0 255 0 229 255 0 255 126 46 255
    191 255 0 240 166 176 162 0 10 16 97 162 30 0 158 255 65 72 255 0 49
    0 0 141 255 255 172 255 30 124 85 32 18 143 169 0 255 72 255 7 143
    208 144 39 237 159 213 255 33 255 206 140 44 211 220 0 232 184 0 74
    59 153 141 0 198 104 83 145 75 11 255 103 174 255 255 90 255 0 195
    255 84 232 11 255 60 0 156 149 255 68 196 58 67 209 161 71 70 255 0
    0 129 135 119 99 39 0 20 148 0 206 188 132 255 255 252 148 255 0 5
    126 234 179 235 191 205 0 0 176 50 15 171 23 0 169 70 89 0 0 0 0 104
    0 147 75 255 183 221 0 63 165 208 162 59 0 39 255 0 103 89 76 255
    255 108 255 162 0 133 0 71 207 39 255 111 193 0 95 8 255 5 0 214 2
    203 161 175 251 150 3 202 0 255 45 243 206 137 0 255 0 135 0 0 255
    124 220 104 146 255 195 0 255 255 255 223 32 0 101 255 53 59 217 149
    23 177 49 255 0 255 0 0 255 197 140 0 180 13 112 0 255 107 174 203
    223 81 2 114 255 255 0 247 84 169 255 220 161 185 0 160 43 98 40 99
    39 139 179 0 72 206 215 101 0 0 191 46 8 80 0 255 109 43 0 248 104
    117 62 0 83 0 0 68 0 0 43 53 0 0 91 0 0 255 82 79 192 255 232 235 23
    255 18 255 1 185 127 132 146 47 111 127 10 0 0 90 255 106 127 0 77
    255 194 92 244 255 64 0 255 0 255 115 107 26 0 7 0 184 249 12 99 61
    6 23 228 7 34 255 39 0 206 253 7 194 189 0 255 64 94 174 28 123 0 75
    169 76 195 82 118 137 164 27 9 255 226 0 200 255 255 237 0 5 182 255
    255 254 153 15 255 40 0 14 0 174 255 218 128 255 244 172 53 0 177
    238 255 79 67 13 102 181 23 190 0 255 167 205 0 26 255 0 189 255 0
    19 118 130 24 127 118 209 255 74 39 102 217 0 92 62 172 12 95 193 0
    56 52 218 222 81 133 0 0 0 0 23 48 0 57 80 242 0 0 239 18 214 55 255
    0 0 83 0 237 0 0 255 79 234 43 89 6 255 107 193 111 118 255 0 53 74
    255 255 78 158 92 120 0 0 0 0 80 42 255 100 0 50 44 205 255 157 21 0
    0 183 67 0 0 147 0 0 205 255 255 255 45 31 0 86 109 172 215 255 18
    255 23 211 0 0 0 21 255 23 109 26 49 158 50 94 146 24 0 255 180 56
    212 255 199 127 255 0 42 144 117 0 255 10 0 255 89 255 35 249 92 42
    155 134 0 0 89 90 32 0 255 221 0 89 32 0 114 21 255 53 255 155 193
    241 39 36 36 4 12 255 37 111 74 169 0 0 28 53 0 25 102 198 0 119 254
    0 176 36 107 245 255 112 106 78 182 195 35 14 16 31 255 254 173 0 0
    0 27 0 0 0 230 173 26 255 141 204 249 255 217 149 159 214 88 0 255
    172 177 224 137 255 255 0 153 221 152 255 255 255 255 215 158 255
    118 255 51 0 71 0 133 82 209 214 209 195 169 0 100 0 243 42 98 161 0
    18 219 0 54 166 0 56 85 125 255 0 255 255 143 0 84 204 151 181 0 171
    235 175 76 0 42 242 255 99 204 26 187 0 188 24 100 111 70 14 0 221
    255 13 255 0 68 255 0 0 36 72 0 195 255 0 158 115 255 203 172 31 135
    22 255 0 145 144 0 255 231 182 255 0 255 191 82 0 0 155 0 173 3 197
    221 0 242 0 109 255 226 213 0 205 221 0 255 222 0 252 68 82 33 255
    18 157 0 255 255 108 16 132 138 213 0 24 253 216 56 15 25 0 194 87
    53 19 156 250 255 96 99 0 57 142 0 255 0 109 205 31 255 114 98 255 0
    255 255 0 255 0 255 155 86 8 255 255 188 78 0 220 168 0 255 221 9
    251 0 0 0 119 255 170 255 255 148 255 191 255 234 20 83 82 94 255
    255 244 255 255 100 160 255 42 129 255 234 157 124 227 133 240 0 163
    112 255 200 19 246 117 141 7 26 129 4 97 126 0 32 2 233 0 0 255 255
    255 64 69 192 95 0 96 30 100 211 191 255 92 255 187 0 212 0 127 0
    184 255 160 163 255 152 35 255 255 255 255 0 0 141 204 219 255 82
    222 123 232 255 255 114 0 131 92 133 21 23 255 238 245 117 197 91 0
    255 247 132 250 133 136 0 255 170 32 27 234 21 17 156 149 0 193 71 0
    255 0 98 4 250 255 0 255 232 255 53 255 255 101 0 240 185 0 255 255
    0 72 0 137 255 114 255 255 158 248 125 255 230 93 0 37 165 0 120 29
    105 143 27 7 78 170 255 130 236 255 120 69 0 27 81 255 0 73 255 0
    255 127 90 226 25 0 181 218 255 150 0 255 124 220 189 157 0 163 255
    0 126 83 171 0 103 209 1 94 134 235 30 15 0 128 255 255 255 114 225
    212 44 0 255 155 176 96 246 115 216 189 42 142 255 166 144 217 16
    141 216 90 51 139 0 218 163 16 255 27 0 180 175 232 251 255 230 240
    152 255 0 124 255 215 242 0 255 218 77 163 198 176 171 96 209 94 247
    217 148 76 133 255 255 78 162 255 0 38 0 215 255 0 203 20 255 255 53
    5 46 34 78 255 105 118 248 254 186 59 0 171 3 207 0 97 255 59 158
    174 31 58 0 250 192 18 251 0 255 24 160 255 255 0 255 0 0 0 106 0
    255 188 152 255 143 23 255 142 158 156 255 48 255 255 255 85 178 255
    0 60 217 0 146 52 255 255 233 255 46 0 210 118 137 0 210 108 81 100
    133 41 0 0 213 0 255 187 255 0 106 255 138 114 236 0 158 0 21 220
    148 247 223 167 255 0 61 255 0 47 216 255 0 89 255 44 0 0 255 148 59
    120 101 200 190 0 49 131 62 214 0 84 195 255 73 96 173 173 193 249
    67 107 255 255 57 6 0 255 131 255 154 0 227 244 0 255 255 66 73 0 0
    0 60 0 177 45 218 255 0 206 247 106 252 130 0 199 187 107 170 0 0
    255 49 255 255 0 38 223 0 215 239 97 0 0 119 31 0 118 255 0 29 11 0
    220 0 255 174 128 201 136 193 32 161 255 186 255 255 70 77 39 173
    193 0 252 187 159 108 255 0 0 166 0 0 0 255 227 23 123 91 59 6 21
    255 243 181 255 53 247 16 0 26 190 0 255 35 0 185 0 0 0 56 255 0 87
    0 207 109 255 173 142 86 42 0 131 148 51 255 72 172 0 5 0 188 3 0 2
    214 255 0 0 79 123 0 0 208 183 0 33 234 0 0 237 160 130 255 0 89 255
    236 0 195 159 61 0 163 173 0 180 233 0 255 255 255 81 0 255 255 0
    131 0 157 10 0 239 255 115 198 136 0 113 255 205 207 255 182 255 98
    255 37 233 255 255 255 255 189 108 180 222 227 172 229 255 255 0 202
    255 6 0 97 65 255 82 158 138 74 255 54 255 255 161 255 220 0 0 116
    255 52 172 255 0 165 79 0 23 59 0 0 81 255 255 183 104 6 0 225 0 255
    0 236 137 255 29 255 255 92 243 4 43 28 0 0 101 0 0 74 61 20 137 55
    50 129 60 255 0 218 238 61 255 0 0 49 0 8 69 255 0 255 174 68 96 104
    202 0 254 118 0 0 255 67 218 165 0 109 203 255 189 89 55 107 0 255
    240 115 102 255 30 255 90 163 116 0 105 224 149 65 178 246 0 55 255
    121 255 255 119 170 31 149 130 141 203 77 70 0 238 59 255 38 238 96
    148 255 221 0 226 252 16 37 0 27 0 0 255 89 10 247 255 188 255 204
    238 225 204 41 0 48 22 37 0 0 0 37 0 0 255 0 255 153 225 0 85 151 65
    25 255 189 0 221 0 255 255 8 0 0 0 255 110 234 0 0 153 246 0 62 62
    101 0 146 86 0 146 55 107 0 0 207 0 0 46 163 0 26 0 255 1 191 255 0
    123 244 255 143 255 0 103 255 167 0 206 100 255 0 10 255 0 255 0 143
    65 225 6 255 255 0 95 113 255 52 76 255 30 0 43 0 62 60 237 249 113
    182 0 226 0 123 64 217 222 9 249 17 248 255 62 234 58 0 134 0 255
    255 50 69 15 0 203 104 255 167 0 255 0 24 105 55 27 204 215 136 255
    95 255 81 135 0 159 62 0 243 88 68 246 111 0 190 255 75 189 25 82
    143 255 70 39 25 213 246 102 255 255 208 0 129 255 8 0 0 209 221 225
    179 173 80 92 220 128 47 255 243 255 255 84 15 255 193 0 0 255 194 0
    105 0 81 215 0 0 62 187 253 0 255 240 0 0 0 231 83 48 220 255 94 0
    192 177 0 174 147 203 255 44 181 208 204 140 163 144 141 0 255 0 247
    255 0 103 220 255 129 255 255 85 255 250 2 255 244 108 0 168 206 255
    0 0 77 13 88 251 133 182 75 132 161 163 207 5 0 255 0 116 209 118
    148 195 207 216 6 247 38 0 80 7 0 139 255 149 225 122 141 206 0 0 64
    0 53 56 15 194 26 7 69 24 170 219 24 42 255 0 255 234 10 96 0 122
    207 255 255 87 29 200 38 106 10 60 217 255 0 11 255 195 255 17 242
    255 255 120 102 255 44 255 177 103 0 0 0 255 209 234 255 51 241 255
    255 12 255 181 199 106 0 255 255 255 0 0 143 250 155 0 21 0 90 22 51
    255 0 203 126 149 0 59 77 124 239 84 183 255 96 240 145 255 121 238
    102 220 142 0 78 217 120 130 122 148 224 78 0 29 62 255 208 63 87
    208 188 13 255 255 43 76 255 255 156 230 255 113 118 47 246 255 87 0
    165 255 185 40 30 113 144 139 236 0 123 255 201 20 131 51 255 67 42
    66 241 255 67 0 74 223 255 0 0 215 60 66 152 118 200 176 255 241 47
    255 0 56 255 120 159 196 185 0 68 210 117 223 39 175 15 184 36 137
    246 25 0 0 0 255 255 255 164 165 42 59 113 255 79 255 191 255 119
    237 224 108 255 73 232 59 69 255 218 51 229 92 216 255 72 172 229
    253 153 81 34 72 188 250 0 174 104 0 182 136 83 47 0 135 255 138 72
    201 255 255 164 213 255 196 173 0 0 14 251 183 255 237 136 252 223
    99 95 13 0 0 0 45 0 205 0 102 50 0 40 0 211 24 192 150 64 214 199
    116 168 94 212 0 162 255 151 175 255 254 182 0 255 23 155 255 63 91
    255 255 188 0 0 76 0 231 204 203 146 91 0 155 172 240 106 255 118 0
    0 255 12 253 227 255 0 210 180 255 64 255 47 35 255 0 0 199 45 242
    119 26 70 81 156 241 38 21 255 34 113 17 73 255 0 0 145 10 160 0 255
    0 15 187 0 132 0 227 35 60 122 130 255 254 93 255 0 255 220 189 255
    84 204 0 0 124 105 9 193 13 145 0 24 0 9 0 0 255 87 129 231 0 0 255
    150 13 232 255 0 255 162 0 147 0 152 255 0 157 255 0 159 255 0 70 73
    145 78 139 190 33 134 186 255 255 0 105 0 218 28 99 62 188 26 84 174
    226 46 181 150 255 255 62 35 192 0 71 126 255 0 81 255 114 186 0 27
    149 0 236 126 101 255 250 255 55 0 0 0 36 240 78 255 123 34 109 99
    255 195 48 14 19 0 255 111 255 255 0 226 255 0 111 77 28 0 0 255 117
    57 234 37 243 248 77 166 255 97 255 224 255 68 0 0 225 255 0 255 255
    255 255 0 91 49 255 11 70 255 98 0 32 39 132 164 46 215 30 0 21 189
    135 96 255 248 255 220 68 255 255 217 0 0 40 0 24 255 68 32 0 161
    231 110 0 123 217 181 255 0 112 251 227 237 0 243 156 135 191 230
    240 237 43 255 83 163 249 17 10 194 0 94 255 11 245 120 61 255 63
    131 169 197 64 13 89 0 255 255 217 255 255 46 183 0 42 197 168 77 41
    132 245 186 0 255 57 45 175 255 255 0 217 146 223 201 0 255 107 0
    129 22 255 238 12 140 142 0 178 255 255 255 255 0 32 154 139 0 57
    255 78 189 255 231 255 74 80 255 147 200 97 33 119 255 224 64 255 48
    65 255 0 163 253 12 255 140 4 0 79 0 61 255 177 0 212 181 255 227
    255 100 156 255 189 163 217 255 0 0 4 47 57 131 238 179 255 171 255
    164 132 38 255 20 183 255 236 156 0 255 128 255 255 255 123 138 0 83
    50 0 255 162 174 92 196 0 33 250 0 0 239 124 0 255 20 91 0 0 255 255
    0 104 108 55 255 102 10 131 255 46 176 50 101 87 0 255 213 255 62
    103 255 51 202 242 116 61 214 0 125 131 0 162 120 58 255 113 255 45
    194 4 0 255 178 0 0 0 189 207 222 0 174 191 108 134 255 110 255 50 0
    74 118 255 0 149 0 225 165 140 255 252 255 115 0 103 255 0 255 0 105
    158 0 67 255 107 52 57 29 255 61 218 125 83 255 222 250 95 255 181
    210 191 126 209 240 255 255 70 62 92 0 229 12 70 108 255 150 248 0
    102 123 113 170 255 159 0 0 151 0 31 174 103 0 255 35 0 182 216 166
    0 0 255 156 255 18 49 109 0 20 66 255 101 127 0 213 191 0 255 255
    129 0 98 25 22 255 0 255 255 255 159 185 133 0 241 44 96 255 120 250
    242 255 69 0 214 224 255 26 33 170 221 197 255 219 219 255 95 255 11
    224 191 193 234 69 0 155 255 0 44 255 86 255 255 121 255 255 254 18
    52 212 10 124 243 90 255 211 169 255 0 23 255 0 255 0 0 13 255 246
    255 0 255 255 255 17 0 70 12 0 239 123 245 57 213 0 99 76 0 0 246 0
    255 0 91 255 100 255 219 57 168 120 125 193 153 255 191 77 0 255 241
    243 137 10 0 252 0 255 149 102 131 20 0 238 173 234 211 10 149 131
    255 220 0 237 166 0 255 0 2 63 18 11 0 197 17 82 255 139 170 255 255
    152 214 43 123 37 0 73 255 0 255 0 0 0 0 125 231 0 72 0 0 236 96 135
    67 255 255 82 53 0 0 255 243 231 154 0 137 0 0 255 113 245 255 255
    227 255 79 100 116 221 205 76 255 225 25 24 210 255 219 0 255 234
    253 0 255 255 158 208 0 255 145 0 0 0 255 0 0 41 88 0 12 210 73 0
    228 4 0 49 255 150 206 0 15 115 174 0 209 255 118 58 60 18 65 255
    255 0 255 0 41 0 149 255 249 190 192 41 0 33 81 0 234 126 245 48 224
    255 255 80 255 202 166 88 68 200 52 255 124 102 25 0 139 85 4 33 255
    252 165 255 34 255 233 171 255 64 102 0 253 169 0 0 121 255 118 255
    103 125 0 172 0 90 0 240 181 215 255 153 61 252 74 0 85 77 50 127
    207 255 255 0 0 20 255 0 0 129 255 192 0 210 177 251 206 37 242 160
    141 225 165 0 0 255 255 0 216 162 152 30 157 21 0 31 0 0 0 0 0 0 212
    113 59 0 88 0 16 231 255 248 255 174 255 255 0 170 0 0 255 255 252
    145 0 58 255 217 183 74 0 21 255 24 188 107 255 229 156 223 255 110
    25 54 63 63 149 20 25 255 33 0 233 217 0 108 168 80 75 0 5 17 84 255
    212 255 255 42 72 0 33 12 255 0 172 255 255 190 149 185 248 138 255
    0 0 255 209 0 173 0 0 60 180 211 43 255 255 0 199 255 91 83 0 0 122
    39 61 95 89 66 255 30 255 231 215 255 0 255 183 14 255 0 255 34 255
    96 125 154 0 255 204 0 91 171 255 221 255 0 255 174 0 0 135 151 169
    104 72 0 255 198 75 157 83 255 80 255 152 255 48 7 255 255 0 255 0 0
    238 173 255 88 217 156 0 255 27 161 100 0 75 15 89 3 255 166 221 183
    255 0 0 147 246 97 0 0 179 0 202 21 3 255 175 255 98 0 248 106 62 21
    252 0 129 255 0 13 226 24 17 0 2 106 168 214 255 0 197 225 255 255
    213 0 180 0 191 224 0 171 0 0 17 255 252 84 0 255 199 255 131 144
    255 237 69 109 0 153 150 141 31 43 9 0 181 168 229 0 81 255 35 115
    114 109 137 3 16 146 130 235 205 255 0 89 104 246 49 65 255 255 149
    255 159 0 255 177 117 97 178 24 112 0 228 0 123 176 144 255 116 79
    89 235 5 210 97 255 119 246 255 109 68 245 255 240 66 0 246 0 128
    245 75 255 103 255 255 0 191 240 255 116 0 255 219 199 34 144 40 255
    40 241 86 84 99 255 192 84 255 255 108 60 255 94 255 255 90 255 255
    58 236 255 30 255 255 141 243 255 111 103 255 0 150 46 166 139 0 159
    0 184 215 118 78 91 255 255 0 145 60 255 0 89 165 0 248 255 0 73 206
    0 20 0 0 255 0 105 255 121 0 3 64 255 255 67 255 0 255 224 0 29 0 80
    255 165 245 29 73 2 255 84 69 0 243 147 218 150 247 0 233 175 36 7
    194 118 1 255 255 177 210 166 75 219 0 161 0 47 153 0 0 115 27 196 0
    255 234 39 0 0 255 2 140 255 237 255 56 0 137 255 255 135 130 255
    221 17 126 113 117 85 230 207 81 70 159 169 0 246 35 106 0 255 13
    108 100 126 255 255 0 255 255 255 240 75 0 255 11 255 0 64 147 147
    232 236 73 83 0 199 103 40 0 124 187 108 0 96 208 35 89 228 0 22 54
    107 0 234 0 143 145 138 255 222 0 3 255 37 128 87 182 255 255 54 255
    255 0 108 255 203 0 0 55 214 255 107 202 0 0 255 254 0 154 40 1 61
    57 87 0 210 68 255 0 255 69 62 255 111 32 16 0 44 97 47 27 83 255 74
    34 0 231 226 255 255 0 255 135 189 107 213 81 255 209 217 0 82 166 0
    0 193 169 182 206 179 255 255 0 0 250 0 22 216 156 83 14 0 150 34
    169 185 241 125 0 253 151 116 255 255 255 102 255 62 208 95 0 130 36
    0 155 255 14 107 255 232 0 25 42 255 255 25 0 0 0 0 35 42 206 255 83
    130 255 218 0 0 0 38 73 36 31 0 0 0 69 211 8 48 30 227 95 232 136
    255 0 0 0 0 255 221 201 0 236 255 255 0 244 113 237 162 172 255 193
    252 255 143 49 235 255 91 102 62 0 162 247 144 95 192 0 57 0 255 208
    66 37 196 0 255 9 187 255 0 111 0 255 194 255 201 19 152 255 150 101
    25 255 52 255 89 163 66 95 246 0 218 255 83 188 251 174 112 202 255
    255 152 255 0 0 1 41 255 195 183 99 0 253 255 173 23 208 255 40 78
    255 144 204 255 92 67 74 19 255 255 51 158 0 238 59 82 177 0 40 0
    230 129 182 172 255 64 0 101 132 77 0 176 203 30 255 190 64 0 176
    255 0 0 251 55 0 26 0 0 0 255 9 112 0 103 255 19 248 79 114 152 57
    231 73 10 118 26 255 244 174 4 255 27 185 221 153 255 160 141 255
    171 206 113 229 25 255 255 240 201 110 0 137 134 35 255 245 69 148
    147 182 0 14 43 128 131 0 227 93 173 0 246 255 255 191 255 199 218
    168 128 157 255 152 139 34 140 0 0 217 198 0 66 40 5 213 203 69 6 68
    255 49 236 181 204 58 0 255 189 0 104 117 246 175 0 230 255 157 243
    111 184 242 34 255 122 230 150 255 41 0 68 59 173 118 187 80 50 244
    0 255 255 255 154 244 255 115 0 255 93 255 58 183 0 153 233 179 61
    209 110 255 0 41 60 0 46 124 175 134 114 25 0 125 255 0 255 255 58
    255 114 146 0 170 206 106 123 255 157 255 46 159 255 164 244 48 0
    255 207 61 103 255 139 6 188 255 181 66 0 255 126 155 0 23 0 115 255
    74 128 0 9 171 239 220 156 255 245 17 128 92 255 65 246 212 0 54 131
    12 151 130 201 0 16 125 62 0 142 96 189 255 142 0 228 255 207 0 143
    239 69 27 173 0 116 0 0 123 153 122 255 50 0 16 0 255 100 255 159
    255 255 255 255 94 162 255 182 194 168 27 255 131 135 0 255 255 5 84
    30 216 170 173 38 193 255 0 255 255 110 153 255 255 255 105 234 183
    0 214 255 255 255 211 220 0 41 255 0 115 207 65 255 105 64 161 0 0
    255 135 0 16 255 109 255 255 92 255 186 0 255 100 255 65 100 134 105
    103 11 79 31 255 58 130 0 46 48 0 155 140 255 137 0 255 58 0 118 156
    244 255 96 255 220 65 255 189 226 255 0 133 141 58 121 255 255 97
    209 146 0 204 36 3 66 0 255 255 172 99 51 255 161 4 140 144 198 49
    41 112 132 0 58 28 28 131 152 0 160 169 0 196 0 213 21 117 0 0 226
    218 8 165 0 0 29 95 0 212 73 184 92 0 179 255 251 0 255 255 183 255
    216 89 139 255 251 182 228 101 161 166 0 141 255 247 163 0 107 214
    52 255 97 21 182 0 144 255 255 97 255 157 7 3 255 17 0 4 150 4 19 0
    247 61 249 255 14 210 27 158 104 17 0 177 97 0 140 45 0 255 0 69 46
    49 88 0 140 255 255 117 255 255 160 0 185 199 48 117 252 0 255 194
    45 130 112 172 0 63 255 255 14 255 0 37 47 252 132 255 138 112 238
    109 57 240 246 255 202 255 168 210 0 0 255 0 199 143 0 0 0 0 232 0
    153 133 255 0 255 253 0 218 0 252 0 0 232 121 255 255 102 255 130
    255 0 0 255 165 61 255 255 126 255 255 5 255 22 0 65 255 255 171 255
    255 182 157 175 9 255 255 204 50 24 127 145 159 28 255 255 0 166 99
    61 0 19 74 85 125 0 0 0 255 121 235 255 62 105 255 216 49 100 0 221
    118 255 255 255 68 157 255 90 61 151 255 255 26 244 255 255 147 142
    255 0 0 82 0 88 255 0 229 255 255 250 175 98 0 0 144 255 0 37 66 9
    255 131 205 255 255 255 0 12 255 255 0 0 111 86 255 0 231 123 223 47
    28 53 120 208 0 53 255 68 255 255 139 55 0 0 0 199 78 52 194 225 0
    156 255 138 0 60 246 143 132 0 245 6 0 255 247 247 211 224 225 44
    255 97 255 0 255 68 66 255 0 215 22 148 255 0 252 79 0 199 50 27 26
    51 123 120 180 228 190 175 241 197 255 157 104 255 0 142 244 121 255
    0 0 71 0 199 27 195 255 0 255 183 26 255 255 255 220 148 123 208 188
    255 107 255 88 57 255 251 255 56 0 138 226 110 72 124 159 211 156
    255 220 231 0 218 0 255 106 133 196 84 255 214 0 255 106 0 255 17 29
    2 52 204 227 53 114 0 38 68 142 113 105 0 0 59 0 11 249 255 30 255
    112 255 181 34 52 255 50 82 0 255 255 240 255 255 207 63 31 171 255
    0 94 178 191 84 155 0 255 187 8 249 15 80 155 235 255 184 18 188 255
    175 145 255 127 255 113 42 214 245 229 249 255 230 107 239 251 0 43
    255 18 142 40 160 78 161 0 224 104 115 0 197 47 0 255 101 172 255
    255 0 179 157 255 142 107 255 140 54 106 19 187 0 110 168 0 107 66
    88 129 241 129 0 136 255 255 0 255 0 0 111 120 0 193 129 186 175 255
    228 22 223 101 33 0 60 175 34 0 113 23 25 255 39 255 125 91 38 255 0
    198 255 0 0 0 255 118 178 191 255 185 161 164 129 99 7 190 255 237
    255 64 255 103 0 255 72 88 0 255 157 0 0 240 183 210 104 1 142 0 255
    0 0 0 133 79 58 112 48 41 184 255 34 0 162 5 96 0 228 34 255 214 0
    194 246 140 0 108 71 0 0 251 131 0 206 106 145 20 255 236 101 33 93
    0 255 140 131 102 20 162 255 255 53 0 255 255 19 94 97 118 255 105
    255 219 203 156 137 9 59 170 255 53 0 255 191 175 0 224 140 76 168
    148 0 0 133 8 120 154 0 255 255 52 27 0 25 0 116 210 115 97 211 152
    54 255 0 37 159 255 110 188 186 255 15 80 14 255 196 255 85 8 164
    134 0 255 68 142 223 79 255 255 255 255 0 249 174 0 0 245 109 0 0
    195 172 236 137 167 78 194 174 207 255 143 255 255 68 255 75 0 255
    89 0 206 0 255 0 0 10 255 42 4 33 0 255 175 239 255 79 255 84 4 73
    255 0 255 131 232 0 79 255 121 0 120 1 170 0 255 255 255 123 0 101
    146 255 255 0 62 213 0 0 0 0 209 255 255 3 186 187 232 164 0 180 52
    195 255 0 255 0 255 0 0 48 0 161 255 84 47 255 133 146 0 255 0 173
    63 0 255 176 0 255 249 139 243 255 255 255 0 83 130 104 0 61 167 135
    223 0 255 0 13 147 255 243 249 255 0 0 215 69 0 68 255 120 0 255 138
    255 140 179 215 189 156 1 0 0 9 2 255 255 0 70 107 255 64 192 247 76
    0 130 0 0 0 255 0 255 102 29 239 117 0 0 255 40 0 255 255 77 255 214
    111 157 255 23 255 255 255 255 0 255 0 37 78 255 255 0 229 53 144
    255 126 255 255 255 165 95 199 0 230 255 58 218 41 0 0 153 199 0 72
    0 245 40 255 0 108 0 214 121 82 46 255 8 0 0 133 59 154 31 255 184
    164 48 94 4 255 255 0 159 255 255 51 70 38 196 157 99 255 36 255 255
    176 199 0 255 144 71 255 149 255 146 0 255 175 77 0 63 0 124 0 0 0
    20 255 135 131 255 0 211 26 141 236 1 229 255 57 255 6 165 84 0 150
    0 57 48 0 166 0 149 255 44 0 87 177 56 0 100 255 178 24 59 0 98 122
    255 169 30 0 255 50 18 6 0 255 159 255 188 218 255 46 18 32 184 145
    206 0 96 60 0 56 61 105 133 0 243 67 20 219 199 0 255 72 41 0 0 88
    22 255 255 24 255 132 162 196 26 255 104 198 80 0 208 107 0 0 0 0 0
    0 255 134 195 255 0 0 20 255 0 107 255 135 0 35 255 15 0 0 254 123 0
    250 17 97 0 175 157 206 30 255 0 19 0 0 189 228 225 255 31 126 0 0
    127 255 0 202 182 214 255 0 0 150 208 255 253 135 255 0 53 19 255 90
    0 255 0 72 194 0 140 0 255 255 113 125 0 255 109 97 217 13 158 56
    101 255 154 252 179 56 255 255 225 255 0 255 78 0 255 181 136 0 255
    255 0 255 127 120 0 73 255 136 55 229 115 0 83 17 13 0 100 207 180
    129 255 227 38 88 0 181 0 0 147 235 204 37 200 175 255 0 255 97 255
    11 102 255 255 234 132 46 189 130 0 255 148 0 255 163 49 41 55 241 0
    125 99 153 119 240 214 93 121 143 41 238 255 255 131 65 255 56 0 227
    198 40 255 201 9 203 208 0 255 25 0 211 255 157 0 177 17 37 255 128
    209 63 0 185 153 255 255 255 0 68 203 236 0 255 31 0 0 99 52 43 158
    0 255 48 136 157 0 238 245 103 0 130 0 20 44 102 133 229 255 0 102
    35 0 88 193 255 0 153 134 222 192 249 98 49 171 0 114 255 0 211 224
    0 95 0 51 14 0 3 0 61 16 0 0 255 14 0 0 195 255 218 105 163 76 204
    99 207 32 60 65 160 255 0 37 6 109 23 255 79 130 169 255 10 49 0 0
    193 194 255 128 255 60 219 255 74 112 169 181 0 255 145 235 119 38
    255 0 50 145 0 183 74 82 131 227 0 182 214 17 0 255 0 255 238 0 161
    0 199 0 81 24 106 255 187 255 211 67 49 42 15 142 1 16 255 0 255 176
    255 0 255 0 135 84 251 0 62 255 40 0 255 152 165 0 56 0 35 255 191 0
    169 0 62 0 0 8 0 231 0 4 232 134 0 113 61 255 0 238 92 188 43 0 255
    55 62 243 209 144 223 255 219 176 146 0 0 217 255 23 20 247 0 0 0 0
    46 255 18 159 57 208 0 99 28 237 164 0 0 0 247 255 255 250 233 63
    206 24 124 175 0 106 103 160 0 195 255 165 174 93 0 221 111 68 33 46
    255 21 40 248 2 124 203 252 247 250 0 192 143 66 86 128 106 255 77
    129 0 55 0 255 227 156 37 99 121 255 115 168 245 168 255 29 164 255
    9 47 253 222 250 26 255 223 0 255 234 255 204 250 255 181 177 255
    115 145 73 66 0 0 200 198 47 255 255 110 255 199 0 144 0 255 86 54
    255 42 88 216 154 131 0 0 31 0 5 0 164 255 255 0 255 255 255 255 5
    251 0 240 253 255 242 27 1 207 45 191 255 255 74 0 6 187 174 254 184
    255 255 139 176 65 166 140 177 0 54 0 0 63 68 218 70 255 255 255 0
    255 161 128 223 121 0 10 244 124 135 150 0 255 132 96 0 245 245 221
    53 0 255 170 0 43 255 134 255 228 0 208 255 255 14 112 205 0 63 11
    64 19 0 255 70 95 201 111 108 124 181 255 0 137 179 0 255 39 255 152
    111 0 0 5 255 223 255 255 94 61 162 116 57 0 0 0 238 255 216 0 255 0
    211 0 244 173 236 114 168 133 255 81 175 123 229 65 19 255 255 255
    215 0 200 238 115 151 57 110 0 18 0 78 63 150 255 89 0 255 255 0 79
    142 255 255 62 188 255 255 255 141 255 221 175 0 44 221 255 30 141 0
    255 53 255 255 174 0 117 138 94 33 255 86 251 32 255 255 11 13 0 94
    53 239 255 255 255 63 95 243 236 78 227 243 46 255 22 67 255 255 92
    187 206 124 255 39 234 0 196 228 198 211 57 255 247 0 177 0 4 0 189
    40 16 90 59 228 255 255 255 190 0 22 60 70 0 78 70 201 255 255 15 0
    197 0 237 0 19 167 222 255 0 175 210 87 255 95 0 35 1 169 0 226 159
    0 56 59 255 190 0 0 0 255 0 181 20 114 235 0 180 20 255 227 0 193 0
    69 0 70 255 0 255 255 95 67 48 99 59 167 106 193 42 250 88 255 78
    202 0 0 255 19 37 244 0 74 185 255 0 189 0 127 255 177 95 218 48 202
    199 38 163 105 8 19 244 188 0 255 244 79 0 117 146 0 42 129 163 255
    101 235 170 0 39 115 97 0 250 133 163 100 0 0 114 202 169 184 49 78
    161 160 244 114 116 202 0 75 110 255 255 182 65 255 173 0 214 165
    255 154 238 229 66 19 255 59 215 0 194 52 221 255 8 0 244 247 117 97
    84 88 31 103 0 0 255 255 72 220 130 162 167 120 182 126 0 109 202
    212 222 82 24 75 114 0 129 255 18 255 46 224 255 255 255 255 0 144
    134 25 138 30 0 245 201 255 61 255 134 225 189 255 18 114 206 52 255
    145 119 255 161 198 255 0 0 227 217 217 255 124 0 0 2 158 0 117 255
    90 255 79 146 168 240 255 106 2 0 52 255 52 254 30 0 202 0 153 0 77
    0 237 190 18 43 255 81 0 0 147 157 255 245 184 182 174 255 144 0 0
    119 31 235 0 182 150 242 97 0 60 0 208 0 76 193 49 0 0 0 208 27 0 48
    0 156 233 139 193 0 0 0 251 160 205 234 255 255 172 3 0 255 107 208
    255 141 185 76 0 170 0 15 65 255 248 129 111 255 65 255 255 255 196
    195 170 122 146 255 0 255 255 97 234 31 89 0 166 255 7 46 59 210 0
    50 0 239 0 0 165 255 255 5 0 0 78 1 82 112 130 255 2 255 185 152 0 0
    255 30 191 255 57 255 0 111 118 0 96 183 203 97 255 0 255 0 137 255
    255 14 255 0 255 255 255 0 146 255 20 78 255 198 102 255 255 187 0
    255 255 0 83 205 112 255 0 120 255 255 235 255 0 0 255 237 137 255
    255 0 68 193 9 0 0 131 74 189 174 82 81 13 158 108 223 255 0 70 255
    135 147 66 225 255 128 38 255 222 233 252 255 27 77 245 61 255 227
    112 255 147 255 255 179 109 0 0 255 245 0 97 0 31 25 0 60 0 224 150
    0 255 212 215 172 124 93 173 255 0 232 38 0 0 91 69 90 230 143 17 37
    0 255 153 0 0 11 151 170 255 0 55 72 40 255 126 255 125 0 0 177 180
    121 216 201 18 255 8 255 0 255 130 18 53 0 166 133 167 0 187 255 0
    83 255 172 93 157 0 75 220 0 0 118 86 39 108 250 255 194 144 0 138
    255 0 13 0 255 78 34 90 255 47 36 255 0 255 255 5 255 255 0 0 49 237
    157 143 233 255 18 209 255 176 180 255 255 54 204 140 117 146 255 70
    114 255 255 32 0 164 158 62 43 114 255 125 0 210 0 183 130 182 208
    58 255 0 177 31 217 0 120 131 191 83 178 0 147 139 0 169 240 255 167
    0 0 143 255 238 255 255 186 255 170 8 32 255 173 153 0 216 0 57 255
    255 79 3 157 255 23 54 0 0 159 0 74 213 255 0 172 130 118 255 0 199
    231 32 0 248 95 175 208 0 0 183 107 253 238 239 41 81 0 216 255 31
    232 252 29 222 30 215 65 34 164 180 0 250 255 255 214 145 46 3 0 0
    90 222 255 255 255 125 255 255 147 239 245 0 0 193 0 0 215 255 255
    72 255 255 200 82 146 255 232 190 45 0 255 32 167 146 82 255 60 170
    255 62 102 255 22 253 0 255 3 56 0 255 183 203 255 0 62 158 0 170
    121 0 40 248 0 0 55 182 61 255 171 0 84 244 154 99 218 0 231 255 0 0
    0 224 120 0 0 0 241 90 134 109 121 255 255 255 241 232 224 255 63
    255 42 255 144 172 65 233 107 110 239 14 255 0 239 39 138 71 225 213
    193 83 255 207 54 255 0 0 0 0 0 0 97 97 43 255 255 72 0 123 225 16 0
    255 190 68 95 38 0 4 30 155 247 139 200 253 0 155 186 2 161 122 237
    54 206 255 20 173 255 4 0 0 77 15 175 125 62 255 49 133 0 28 75 26
    255 0 255 255 255 255 255 255 255 231 195 185 255 255 121 214 255 0
    255 69 225 0 61 78 72 0 81 0 241 3 236 133 0 235 183 255 0 0 219 0
    41 160 102 248 106 255 39 205 243 251 89 255 7 180 115 255 16 116 0
    183 255 210 201 255 196 0 53 0 255 0 169 59 51 0 45 83 255 255 0 53
    246 33 71 0 72 206 224 0 0 82 170 0 169 142 0 255 0 99 0 255 96 161
    255 255 67 244 138 228 44 116 34 255 0 255 253 224 217 235 239 255
    125 238 210 112 146 0 191 156 0 207 32 142 203 247 81 125 62 60 196
    11 157 242 2 224 5 68 141 239 241 233 241 172 17 226 255 174 251 255
    255 0 237 0 255 102 185 34 2 255 178 150 255 0 0 77 0 236 255 195
    255 255 255 255 169 0 0 20 68 8 0 255 0 0 176 255 127 169 255 44 80
    132 231 255 82 156 113 255 238 227 0 255 32 152 86 6 255 255 0 101
    33 255 255 33 146 129 255 167 29 145 241 0 85 69 255 241 30 255 0
    193 153 0 255 109 141 15 67 255 0 0 255 230 59 0 255 0 255 75 255 56
    3 255 211 152 23 0 0 103 255 224 6 153 105 0 243 0 200 255 75 101
    255 255 255 168 0 133 230 255 151 255 230 139 255 0 0 33 134 0 165 0
    0 201 0 255 103 6 0 242 255 0 190 191 0 0 100 255 5 0 216 146 0 0 49
    0 0 0 111 106 255 107 126 255 48 255 107 249 0 82 255 175 172 114 0
    10 145 0 0 0 0 49 248 12 146 122 0 255 50 0 147 255 53 240 239 255
    154 107 255 134 222 109 160 136 255 255 53 255 255 0 0 0 0 67 16 0 0
    255 79 0 0 255 20 0 25 231 160 208 173 0 255 0 101 194 0 25 55 231
    66 0 43 135 255 255 0 162 0 39 240 255 0 152 40 0 255 255 86 158 0
    237 0 51 182 127 0 0 248 149 194 74 0 188 221 65 194 255 152 127 226
    0 0 237 41 72 255 67 43 67 255 135 176 158 0 51 255 255 230 207 140
    189 0 0 219 0 0 214 116 0 177 179 78 0 2 255 0 196 81 0 4 0 255 63 0
    6 27 15 56 195 218 235 215 0 255 242 228 0 169 154 0 255 93 40 121
    22 251 36 0 4 33 255 255 41 0 0 0 0 241 5 251 30 255 4 18 4 223 0 94
    255 236 255 119 100 63 9 0 149 56 0 134 251 66 255 234 119 0 60 0
    240 208 255 0 145 71 255 223 68 255 41 210 207 162 209 0 255 185 243
    115 12 98 0 168 220 11 226 14 255 0 166 0 102 158 7 255 255 0 255 24
    20 0 171 222 83 187 166 236 55 255 40 255 0 255 255 68 126 90 111
    139 13 0 126 0 78 0 90 217 255 38 149 255 120 215 245 45 120 35 254
    54 225 104 208 255 0 214 18 63 255 143 152 205 0 0 154 101 0 113 63
    58 0 154 96 126 0 255 194 29 162 0 61 255 17 42 87 255 190 16 116
    255 0 255 245 255 0 150 0 0 31 249 139 58 68 184 52 204 11 28 0 255
    60 243 202 170 99 76 153 255 34 255 82 44 22 255 0 255 188 171 143
    183 63 0 178 13 0 25 255 73 90 123 108 255 232 0 174 186 29 2 255 0
    137 15 192 28 255 255 251 83 255 146 0 7 133 191 255 255 0 239 255
    36 255 0 150 211 107 209 0 234 5 255 102 255 41 194 0 240 92 199 249
    105 145 0 142 254 140 255 66 0 53 89 199 238 92 231 47 113 11 135
    255 138 156 190 151 179 162 0 255 0 0 51 255 98 135 255 37 254 255 0
    79 0 0 255 52 37 172 36 255 255 255 117 0 8 0 159 137 73 0 233 208
    160 255 49 109 25 255 163 255 255 255 153 117 255 255 18 61 255 46
    53 0 197 173 116 255 0 0 255 0 124 48 236 255 236 77 71 255 23 73 68
    139 255 0 73 117 0 51 129 0 63 125 192 220 255 86 255 202 202 255 6
    51 206 240 208 255 69 0 180 207 71 198 74 0 0 52 235 0 0 255 77 0
    242 255 255 143 121 0 255 62 189 255 186 255 255 255 13 37 62 227
    114 201 165 205 255 25 0 165 0 216 184 0 90 0 0 98 245 119 0 193 0
    181 210 0 206 0 246 195 78 61 255 235 254 136 126 113 0 255 195 230
    164 0 190 255 134 107 0 118 0 9 196 53 140 139 122 0 0 183 62 255
    155 122 91 160 233 0 199 31 85 0 52 242 209 209 50 136 0 91 255 0 0
    242 83 0 66 112 172 208 101 63 174 4 145 119 0 87 230 96 84 156 255
    24 23 252 254 47 3 36 0 131 249 160 122 138 255 145 241 13 255 231
    255 105 255 27 255 85 210 94 238 24 0 255 255 255 147 124 0 255 107
    255 98 140 52 224 0 0 245 238 86 255 102 255 255 56 255 255 66 255
    35 0 221 0 0 255 0 52 143 255 89 248 129 39 156 32 63 121 240 255 42
    154 144 0 191 117 73 226 198 63 204 91 28 173 255 255 255 143 160 81
    255 213 171 54 0 233 143 253 169 140 231 0 145 63 88 223 0 246 68
    133 255 0 0 165 114 91 157 124 0 0 28 60 255 253 208 149 255 0 89 46
    255 0 168 189 0 0 255 255 196 99 70 95 167 0 167 255 126 255 255 104
    107 71 0 156 254 166 255 9 25 229 159 93 73 88 97 158 14 53 0 116 71
    0 10 120 209 72 0 107 161 0 103 0 170 0 68 255 255 0 72 209 0 195 0
    107 27 134 135 72 0 114 151 0 160 57 0 172 0 0 255 0 0 0 210 241 133
    213 147 255 81 125 210 255 0 255 126 152 42 0 241 0 51 0 255 255 0
    255 68 175 0 5 0 190 0 20 243 255 116 0 255 18 38 221 255 67 0 103
    23 0 255 0 255 104 23 138 0 6 228 92 0 195 0 49 115 148 73 255 0 136
    0 0 163 255 255 205 199 0 0 120 0 79 14 0 255 185 81 0 185 69 0 255
    130 0 0 48 255 52 4 255 255 200 255 145 190 129 0 0 0 255 114 255
    113 255 0 255 189 122 99 255 255 0 255 255 255 149 9 244 255 160 255
    40 255 3 0 0 0 105 0 58 0 227 162 180 0 205 0 75 44 0 255 155 1 0
    228 251 80 176 0 65 2 160 255 0 255 166 51 224 1 255 40 255 0 155
    114 0 109 255 255 97 93 205 0 171 255 0 135 222 226 255 61 0 89 0
    255 255 0 0 91 239 0 177 167 122 176 0 85 140 99 59 39 190 255 200
    106 219 157 195 212 255 160 136 0 117 134 226 4 136 117 177 255 255
    179 70 230 0 255 111 0 93 76 0 147 124 0 255 0 0 29 0 162 213 0 0 0
    47 0 255 254 112 70 189 146 0 185 96 165 161 46 0 136 7 255 255 25
    73 61 94 197 0 255 45 110 186 66 69 81 255 255 224 0 101 0 0 118 231
    0 6 13 201 201 195 55 0 98 255 10 0 0 198 0 0 0 176 0 0 93 106 255
    124 255 255 248 56 179 180 251 124 92 255 57 239 255 227 0 255 90
    189 255 255 255 233 0 127 197 84 254 192 76 73 102 255 0 80 0 255
    100 102 0 255 97 87 87 255 255 149 255 223 236 59 62 234 4 72 234
    255 70 45 255 1 81 117 0 220 30 73 0 231 255 255 52 0 0 190 112 0
    217 255 110 99 238 154 0 69 99 0 255 227 0 143 0 0 210 248 109 59
    239 155 94 255 185 255 0 255 176 0 241 0 209 237 139 207 182 32 97
    255 35 0 0 25 203 176 251 255 144 0 149 172 91 217 205 20 154 78 0
    255 237 255 127 0 0 255 227 0 157 7 201 69 37 255 177 75 158 254 255
    251 61 255 122 255 0 255 255 192 10 255 0 0 0 233 255 22 204 45 87 0
    188 255 200 6 255 201 255 255 0 0 144 0 231 218 255 187 204 118 255
    0 206 208 255 0 0 0 170 132 229 72 134 199 26 248 255 224 255 126
    255 35 29 255 139 190 33 125 152 129 192 0 238 171 112 157 18 129 0
    174 8 94 241 101 203 255 163 4 0 45 3 45 0 0 167 179 255 0 255 173
    16 124 20 76 204 255 0 0 36 222 121 69 0 107 138 106 13 255 0 0 0 64
    255 0 163 106 22 136 0 255 194 144 157 237 221 18 255 244 0 184 162
    146 149 6 168 184 223 255 0 75 228 145 42 0 0 108 213 13 253 245 80
    30 46 255 137 113 255 255 37 144 0 0 255 0 27 177 172 82 235 208 42
    104 255 100 103 61 255 153 255 142 43 54 1 129 0 65 255 255 255 66
    216 126 0 0 70 33 233 87 222 39 117 190 0 112 255 0 118 167 85 134
    217 255 87 100 255 248 146 77 209 255 92 255 255 255 54 0 0 174 0
    188 255 54 255 222 255 88 21 147 109 137 249 193 150 194 79 150 251
    255 107 255 77 252 63 97 104 0 0 255 157 0 111 190 37 255 149 255
    164 199 97 159 255 0 7 0 255 221 128 255 37 93 0 234 24 0 51 21 0
    255 145 67 159 167 140 56 39 48 170 152 111 0 255 33 74 62 89 255
    113 172 0 125 255 245 74 207 255 234 65 255 255 182 174 62 0 144 129
    255 255 242 139 59 182 149 174 0 255 0 129 0 183 158 25 223 136 53
    255 68 35 89 25 4 75 121 61 255 255 255 0 0 28 249 90 93 0 0 26 55
    226 126 245 204 255 170 213 252 225 255 43 108 255 255 0 0 144 255
    90 38 255 18 153 32 0 58 123 255 25 255 255 195 0 255 133 255 60 255
    250 0 128 0 0 0 0 255 18 152 224 234 132 255 255 247 67 155 38 138
    220 185 255 229 0 110 15 0 28 0 0 22 0 91 29 255 0 13 105 255 20 226
    255 0 241 61 39 12 14 255 251 164 255 172 222 13 63 255 255 39 0 154
    63 255 227 140 103 159 0 145 255 239 225 10 108 255 181 255 255 154
    0 0 249 37 64 0 199 140 65 50 199 148 120 179 119 255 103 255 11 11
    57 103 131 253 152 215 157 196 102 42 140 0 255 13 9 143 138 148 239
    113 121 58 22 0 201 116 19 168 255 95 255 118 0 13 0 0 255 165 38
    255 0 0 113 156 255 103 252 255 0 0 241 232 219 78 255 235 208 181
    49 203 212 146 251 54 0 129 255 146 0 255 255 192 255 0 115 255 222
    116 0 255 220 255 93 255 140 92 141 0 39 96 0 173 222 0 0 255 0 27
    255 236 91 30 0 87 111 0 102 0 0 255 64 73 233 142 52 117 0 55 145 0
    24 0 204 223 39 46 91 48 0 72 33 246 154 37 131 0 129 190 111 251
    255 220 244 134 149 7 0 0 19 0 110 0 72 249 255 255 59 169 9 0 94 0
    251 0 121 255 152 0 75 255 168 31 0 208 244 126 165 109 86 255 191 0
    24 100 70 242 84 17 212 255 78 255 37 202 42 44 255 207 82 85 0 51
    255 40 252 0 43 0 0 0 255 86 0 0 0 57 202 94 0 14 255 1 0 255 0 17
    145 39 6 0 242 139 25 16 104 255 128 0 0 73 255 62 61 0 255 135 204
    137 189 255 164 104 255 255 72 0 0 0 80 9 0 167 255 14 0 0 0 40 0
    255 238 174 6 0 0 226 169 255 175 156 44 126 28 123 164 176 71 0 255
    187 0 204 0 0 156 0 99 216 3 201 132 0 100 255 16 28 187 241 189 0
    254 0 74 96 11 0 0 88 118 255 69 0 255 218 43 0 141 255 63 0 141 141
    255 255 240 155 179 117 98 140 40 51 36 52 118 0 7 0 176 142 200 0 7
    110 255 0 0 160 2 128 35 239 18 97 116 193 255 116 0 31 126 49 0 175
    174 0 215 88 10 255 226 121 22 120 0 255 255 192 166 255 255 255 96
    28 255 0 122 178 0 119 148 255 40 105 226 255 66 38 120 0 255 138 29
    255 71 42 208 115 96 0 218 55 255 46 145 158 33 185 255 130 255 238
    30 253 73 0 39 166 168 177 255 255 138 0 252 254 255 255 91 255 46
    227 223 0 44 0 198 0 18 255 255 91 0 210 234 39 255 149 213 0 165
    146 0 183 139 143 120 95 55 255 0 0 255 0 16 86 207 255 12 4 210 0
    28 41 102 255 9 27 206 240 124 0 119 102 81 228 51 87 55 255 83 177
    255 16 255 40 45 217 226 0 0 255 251 138 126 255 18 172 208 74 32
    253 0 255 144 125 214 255 128 150 0 255 255 255 0 172 255 223 161
    248 55 0 161 0 0 224 235 110 0 81 80 47 255 117 255 88 255 177 255 0
    78 224 139 255 255 53 233 0 255 93 46 92 210 2 247 255 190 80 89 43
    245 73 255 0 255 64 48 56 157 217 248 23 0 0 0 0 208 168 0 237 255
    255 3 242 255 91 255 255 246 20 91 0 255 94 193 56 97 43 6 0 47 255
    199 38 255 252 0 255 10 0 192 101 255 38 255 255 242 179 0 63 105
    226 52 107 121 119 0 255 0 91 255 213 88 255 69 122 255 0 234 137
    106 150 13 63 138 0 255 213 200 85 202 178 214 205 189 0 0 79 132
    255 177 73 70 0 91 0 254 255 107 0 34 251 98 248 0 0 134 255 200 149
    172 117 0 222 33 89 29 158 255 147 136 255 0 200 0 233 0 130 118 251
    44 255 17 0 0 50 129 0 0 206 255 209 111 255 255 255 31 101 0 0 91
    190 162 0 255 0 146 255 0 0 173 255 255 91 217 0 3 144 93 4 179 199
    0 169 0 0 255 255 255 222 71 15 122 255 118 183 214 255 0 31 225 125
    60 129 58 255 0 14 154 119 255 225 159 10 192 133 29 0 255 179 81 4
    255 0 249 255 6 0 134 0 27 255 111 170 255 248 0 255 122 142 255 0
    159 0 178 69 168 72 233 255 123 55 255 0 25 47 0 73 154 0 132 111
    255 121 138 0 89 0 255 113 255 210 0 220 255 0 175 162 167 199 120
    210 1 0 0 79 136 255 166 199 0 104 147 1 0 194 215 228 159 0 232 128
    0 120 0 255 29 36 222 255 1 244 255 255 4 220 44 255 172 66 255 85
    255 86 170 0 2 4 39 36 218 0 255 10 70 255 68 255 5 255 28 100 232
    56 55 205 0 255 0 189 56 182 51 255 252 209 138 0 93 255 188 146 255
    232 239 236 250 73 209 0 0 0 139 130 121 105 255 255 148 86 255 111
    114 252 255 153 183 255 255 0 118 255 94 85 68 190 167 68 255 116 0
    192 253 70 169 147 58 255 198 128 226 255 255 190 215 176 0 1 174 0
    176 130 106 234 55 191 0 255 60 30 19 102 255 13 59 70 91 60 0 184
    255 42 78 27 161 105 0 1 86 0 0 255 245 243 74 115 0 255 136 35 19 0
    108 19 0 188 199 17 110 200 210 231 93 132 0 0 137 255 253 247 22 0
    150 0 182 139 255 255 0 182 49 114 186 240 213 179 250 43 255 0 255
    159 11 255 20 14 255 173 255 240 139 15 224 0 156 255 134 233 56 206
    0 218 193 127 255 142 186 24 67 0 40 81 215 193 218 0 255 0 108 73
    56 0 151 47 103 17 235 255 255 255 51 255 0 136 177 0 208 14 20 35 0
    123 84 0 5 0 252 180 0 13 255 223 75 255 0 0 0 144 13 104 76 229 0
    255 55 157 176 142 0 57 160 0 220 255 90 30 14 225 0 255 164 22 141
    157 184 38 159 110 84 139 165 35 255 106 104 218 70 192 255 139 0 0
    22 77 156 65 255 255 255 0 91 0 52 255 255 239 18 0 255 169 128 151
    255 35 160 255 0 176 255 140 255 0 251 0 0 87 0 0 0 185 39 45 79 255
    40 158 186 48 29 172 28 0 231 237 0 255 0 119 226 101 250 255 255 3
    116 4 0 0 245 0 255 217 80 154 86 232 142 179 0 182 0 255 219 134 31
    178 217 37 176 0 76 51 255 210 51 231 0 25 96 115 255 0 84 15 0 177
    49 210 22 255 0 207 255 248 113 208 78 21 0 65 152 0 32 105 0 72 2
    171 21 184 0 255 243 0 26 72 82 103 204 0 75 248 183 0 162 0 0 255
    145 213 123 35 43 36 0 56 167 255 198 21 152 62 0 0 255 93 0 0 255
    48 88 20 255 45 237 31 112 162 144 0 224 29 0 115 89 255 255 235 100
    157 255 215 7 31 0 0 13 255 0 21 242 144 0 0 228 255 255 152 0 221
    90 200 0 221 243 174 255 180 255 24 5 239 31 0 16 0 14 0 0 213 88
    168 255 255 191 0 172 129 0 30 255 0 255 98 0 24 121 226 202 151 0
    255 227 0 83 138 224 106 218 104 255 112 165 245 255 0 6 54 8 83 142
    67 242 0 141 90 255 255 121 105 0 255 125 0 0 87 241 0 10 255 74 17
    83 7 0 255 233 255 59 0 29 3 0 31 84 243 184 152 255 0 255 1 111 255
    103 180 115 91 147 255 213 142 255 255 29 88 111 255 51 167 0 255 82
    0 140 255 81 0 114 142 255 0 230 90 255 183 0 250 80 151 100 0 255 0
    254 255 45 234 255 169 0 244 240 0 255 86 1 255 193 255 4 43 93 0
    255 140 190 255 117 0 0 29 9 235 0 0 15 45 208 158 88 84 11 255 82
    255 252 0 48 0 201 255 36 0 208 164 154 255 96 255 0 3 240 0 176 126
    255 95 113 98 23 230 244 255 149 48 0 233 205 58 0 221 0 166 130 82
    255 15 83 255 255 255 172 255 255 255 56 0 21 206 0 99 58 98 128 255
    183 168 0 39 0 255 255 218 155 255 224 255 0 152 251 208 153 73 222
    175 54 94 239 214 111 254 0 200 0 255 175 255 35 168 143 147 57 60
    255 255 0 0 255 117 0 145 167 61 175 68 136 198 105 28 182 161 0 215
    255 57 106 180 0 0 26 0 196 195 255 123 71 99 0 142 255 19 76 181 0
    0 124 76 255 97 197 60 200 75 68 242 255 220 0 29 0 0 65 255 67 0
    221 255 185 14 206 132 255 69 0 255 0 255 30 144 25 177 255 141 208
    153 59 255 109 157 0 0 94 255 171 220 255 85 180 255 222 13 100 8
    126 115 0 0 134 92 153 240 0 255 255 255 0 178 255 9 189 203 43 197
    168 170 255 0 53 87 206 0 255 220 0 60 212 255 255 24 25 65 81 42 29
    255 94 0 51 221 255 0 133 48 186 58 181 77 168 150 0 255 240 223 255
    123 255 0 122 73 180 132 255 109 255 157 14 16 176 0 255 191 80 36
    116 255 255 255 0 255 253 0 28 177 78 137 19 57 163 10 255 102 133
    255 22 189 255 186 255 7 0 0 254 232 182 25 6 215 255 92 194 255 158
    214 138 60 70 0 233 0 255 147 171 93 16 0 203 73 114 106 36 71 150
    58 255 0 0 162 143 253 0 36 255 60 255 142 248 212 152 116 40 177
    128 0 217 29 210 63 255 108 162 246 255 255 232 255 38 1 255 255 0
    15 184 99 119 255 12 8 162 192 133 225 129 148 216 28 0 0 78 122 0
    255 177 0 139 57 161 61 255 0 255 255 108 255 140 46 0 255 255 99 75
    68 128 153 248 255 153 255 255 27 237 0 0 255 5 236 0 255 0 8 255
    247 16 0 63 219 0 20 255 97 255 132 255 5 79 115 255 255 221 201 0
    187 157 204 0 252 94 212 55 232 255 126 255 0 239 0 2 0 13 255 63
    189 255 215 255 206 207 176 255 93 91 67 141 255 50 120 56 0 169 36
    38 255 255 44 54 228 181 225 255 116 228 0 255 255 52 99 255 255 255
    131 57 121 0 177 102 213 203 255 32 0 255 135 255 0 255 255 201 0
    111 226 0 68 219 163 255 255 0 255 211 117 72 0 0 254 225 0 0 0 255
    0 255 110 183 255 0 255 255 255 120 255 255 201 0 84 0 166 215 183
    255 157 186 0 166 251 119 255 255 139 59 98 255 255 255 224 0 117 0
    55 172 0 255 0 76 78 54 150 123 218 11 0 176 46 76 0 0 98 183 141
    255 0 80 151 0 10 255 255 231 255 255 58 149 218 255 59 255 82 221
    144 84 139 255 217 74 171 194 163 0 247 39 0 179 206 255 178 65 28
    110 19 0 198 255 158 148 241 48 255 82 70 0 123 173 133 38 255 229
    129 0 255 25 255 147 0 91 0 208 0 75 255 255 183 167 255 0 62 147
    220 243 161 34 231 0 140 80 186 236 164 255 255 0 255 232 0 0 0 255
    0 255 243 255 238 204 255 224 138 114 255 0 255 255 108 87 91 255
    255 35 0 255 165 0 255 96 209 210 38 255 0 218 255 255 0 133 9 120
    255 174 67 220 176 61 150 255 255 255 19 0 238 97 0 26 160 141 56
    209 255 0 0 0 54 33 255 255 135 2 98 0 0 161 0 106 34 123 42 243 0
    243 66 255 255 217 255 225 0 30 239 1 0 155 96 0 52 255 0 187 129
    184 125 212 121 131 57 27 120 100 223 0 0 11 8 105 208 129 0 44 176
    255 0 0 1 189 172 183 255 76 24 3 0 255 255 0 203 220 29 255 0 204
    255 255 0 255 50 228 174 255 107 211 48 255 110 255 255 255 127 121
    28 22 58 36 171 122 86 151 60 0 0 165 232 182 255 255 0 62 141 255
    255 115 50 100 93 8 90 110 174 167 255 162 224 255 53 0 255 2 158
    107 74 61 255 255 11 0 63 4 41 72 255 0 255 255 17 234 195 118 62
    133 85 255 255 141 103 255 0 0 255 0 0 39 121 160 0 0 43 153 89 255
    111 11 141 0 255 101 113 107 0 235 240 255 74 0 245 224 16 83 255
    184 93 255 255 0 93 114 56 1 0 255 160 0 57 122 0 255 255 128 237
    255 255 255 87 237 0 0 184 106 85 66 129 255 243 220 255 69 158 201
    143 35 172 160 0 47 99 255 6 255 0 0 246 53 0 255 205 83 52 93 21
    160 0 115 75 164 189 255 255 233 0 199 0 0 255 0 107 174 0 90 255 95
    33 81 100 33 202 227 96 165 129 0 255 148 115 0 136 255 255 255 255
    194 0 175 255 0 49 199 249 52 0 77 7 114 198 91 0 0 229 0 213 131 71
    234 162 76 255 45 148 255 94 177 0 183 220 255 35 163 254 0 30 0 255
    118 0 229 255 71 234 115 5 89 54 2 106 0 133 255 77 129 63 255 112 0
    205 50 14 137 99 151 138 164 36 0 160 255 186 59 255 255 255 24 254
    37 210 3 133 0 0 167 130 20 30 255 108 212 141 0 141 110 122 136 255
    113 190 191 236 208 177 141 149 0 155 255 127 216 157 26 248 231 145
    129 255 161 255 0 255 8 42 146 0 255 112 0 207 58 251 17 118 119 175
    84 109 216 204 213 252 238 210 102 168 50 138 197 0 163 26 0 82 217
    197 255 0 0 221 163 110 132 105 255 16 255 140 226 225 255 44 79 175
    21 0 255 47 239 199 255 192 0 153 182 123 134 101 147 159 236 71 237
    218 255 173 255 178 0 88 202 255 82 166 255 44 102 120 255 128 150
    49 255 114 246 0 84 74 12 188 60 75 95 255 2 255 255 0 103 185 71
    101 255 87 64 96 223 67 138 218 255 0 26 0 48 184 0 255 0 253 129 0
    255 194 228 0 58 194 48 149 255 224 97 255 72 182 214 166 76 0 0 66
    51 235 45 14 0 255 5 0 255 0 20 164 123 0 255 58 255 255 2 230 255
    188 3 255 247 255 193 114 104 248 255 229 255 129 0 109 167 160 0
    255 255 78 255 135 0 255 255 0 0 255 107 120 123 45 0 19 0 219 0 142
    139 35 221 249 73 251 196 201 0 223 169 255 102 0 93 211 105 165 117
    159 103 0 255 169 0 255 92 255 211 88 255 70 17 0 208 255 104 0 55 0
    129 40 0 219 211 255 0 16 209 255 0 170 167 0 0 59 80 11 227 114 0
    46 62 0 164 0 0 255 129 106 237 255 34 177 255 122 255 183 63 0 0 0
    72 219 255 14 66 206 168 255 255 255 171 255 38 0 0 0 163 0 255 237
    171 0 47 208 255 198 147 0 154 96 107 255 0 243 88 186 255 98 160 88
    0 149 188 255 0 0 0 44 0 131 194 67 0 0 255 208 236 0 255 101 207
    255 162 255 157 4 255 209 138 4 199 0 18 121 59 0 158 0 253 3 220
    255 133 255 0 0 128 255 61 184 228 33 59 54 109 255 0 79 255 210 182
    67 0 120 210 65 0 0 28 0 32 0 255 119 227 252 218 31 255 195 0 0 24
    180 231 199 224 101 230 138 255 42 31 119 255 173 44 0 255 244 0 187
    255 255 144 11 10 0 0 242 9 67 141 255 183 229 131 0 94 75 127 253
    205 223 0 0 2 0 48 162 156 21 255 84 31 182 132 182 63 237 164 98
    212 18 255 58 218 0 29 91 0 80 135 159 255 150 255 1 0 255 0 0 255
    107 109 56 36 52 255 0 0 228 207 0 40 44 0 0 217 73 255 254 207 255
    78 228 255 0 255 0 112 0 252 125 181 183 0 255 0 0 255 255 0 0 118
    98 0 31 255 203 51 101 85 29 0 0 0 52 27 230 58 171 255 0 111 0 35
    62 176 240 135 0 130 108 255 0 161 36 177 127 255 0 102 255 238 0
    147 255 255 222 93 5 0 0 255 104 0 170 227 179 102 0 255 255 181 40
    245 255 35 48 0 178 156 255 0 0 113 200 255 155 39 175 203 43 197 31
    204 255 255 56 172 176 0 25 0 40 161 255 0 255 255 255 241 108 0 0
    249 114 0 33 255 229 168 189 255 244 247 33 122 243 0 223 235 201
    186 111 153 73 109 190 163 214 0 147 255 0 0 0 255 22 0 91 209 255
    169 255 218 85 214 255 0 171 0 255 255 210 171 132 255 255 117 0 0
    157 0 0 141 49 196 21 182 0 248 251 230 0 220 186 158 32 205 156 214
    0 223 53 115 255 161 94 0 0 9 56 111 25 137 132 0 10 255 25 255 255
    107 95 205 8 0 64 151 0 237 255 248 0 230 255 93 41 0 15 244 0 0 51
    29 0 161 29 202 255 40 0 28 255 98 188 189 46 104 69 85 255 239 255
    130 131 0 15 0 28 255 253 255 255 166 90 157 55 255 99 255 0 49 46
    152 255 169 255 236 118 199 177 20 8 120 103 36 226 102 255 124 77
    170 83 179 157 15 184 59 72 42 255 255 155 177 63 0 81 172 222 0 111
    130 13 105 224 0 213 34 255 0 235 59 24 194 134 46 103 255 255 255
    255 193 143 149 255 230 76 114 84 73 152 116 102 0 34 0 30 157 0 109
    216 140 194 19 164 104 118 75 0 39 109 0 111 244 0 133 4 255 143 37
    92 117 112 0 244 88 108 183 0 0 8 33 185 255 0 242 228 70 171 129 83
    109 197 137 101 255 17 0 231 23 87 176 143 107 190 3 62 172 214 255
    255 255 11 0 137 86 0 140 255 27 126 255 255 120 255 108 231 0 0 0
    79 97 0 0 255 155 198 0 255 83 144 255 255 176 255 255 161 255 0 228
    54 0 0 255 255 77 191 34 84 56 34 187 138 88 255 191 21 255 96 101
    27 255 21 244 136 255 255 231 0 255 255 69 255 85 159 255 52 49 255
    174 33 93 0 0 109 132 255 9 41 248 255 138 255 135 26 0 223 90 151 5
    72 255 23 127 0 43 255 255 120 153 224 179 176 177 0 255 14 186 255
    178 15 255 255 255 255 166 255 227 255 255 177 50 83 76 255 204 16
    206 99 57 90 65 23 161 59 0 255 43 132 0 72 0 67 77 0 0 255 255 56
    229 0 91 70 209 61 0 56 255 92 103 176 116 255 74 3 255 0 109 214
    126 141 196 255 239 54 255 209 76 47 195 255 92 81 0 220 0 193 0 0
    255 255 135 226 255 255 255 22 93 27 0 0 163 221 68 115 234 0 255
    255 81 255 174 255 56 28 255 228 255 228 255 255 65 202 0 255 255 66
    125 233 196 241 255 99 4 235 251 145 252 255 63 6 37 92 255 97 151 0
    0 167 0 218 3 0 255 0 214 40 0 255 136 93 151 184 40 0 158 231 0 102
    0 143 193 255 192 67 255 52 255 174 54 234 0 255 255 225 86 207 233
    191 255 255 0 128 0 17 232 116 215 255 0 0 0 159 170 46 158 8 255
    163 52 107 94 0 187 184 204 141 255 77 0 0 251 255 161 0 206 17 158
    85 0 71 255 80 170 0 0 255 0 222 235 255 255 0 249 119 0 0 0 48 111
    224 255 25 212 255 186 92 253 97 148 89 192 255 201 173 232 209 180
    57 255 255 255 155 255 180 18 13 255 255 0 0 113 141 169 131 213 100
    0 60 184 0 239 255 255 255 32 140 150 0 26 0 111 34 0 251 10 0 0 0
    55 255 0 152 255 0 0 0 58 101 0 46 138 0 0 32 135 0 223 57 0 0 255
    12 44 35 255 104 227 216 255 200 255 255 175 21 0 118 135 2 144 3
    100 255 0 28 125 220 244 179 0 182 250 159 155 104 108 255 165 255
    156 79 255 230 34 0 6 247 210 17 132 0 27 255 8 0 0 207 255 170 255
    93 0 28 28 255 59 0 169 0 173 255 48 0 0 240 0 34 255 85 255 239 255
    0 176 255 0 0 135 220 232 0 0 195 57 36 0 0 178 0 255 139 255 0 121
    87 255 57 0 1 207 5 146 25 190 188 0 123 175 242 2 0 0 255 118 0 221
    255 0 240 0 203 206 255 0 212 90 38 68 151 255 19 194 255 180 0 43
    255 25 163 12 248 255 162 171 188 0 255 214 139 157 0 255 179 79 255
    184 155 182 0 86 215 43 0 249 234 59 116 18 255 0 121 255 21 242 0
    14 255 109 3 181 0 0 0 28 75 13 119 255 0 32 255 246 166 58 188 203
    70 255 236 200 255 0 0 0 255 146 0 137 0 210 118 24 120 190 0 248 40
    0 94 0 227 9 222 0 53 179 50 154 0 0 0 62 0 172 97 0 214 238 255 47
    22 0 0 3 6 118 194 255 255 25 255 0 0 49 180 0 41 87 95 0 0 0 248
    255 127 184 103 0 50 162 229 0 119 12 184 129 0 61 39 255 172 134
    213 96 238 52 152 255 183 245 164 190 210 20 224 229 234 0 209 255
    27 253 255 19 180 129 86 218 235 206 91 111 79 29 236 206 0 241 174
    0 255 61 218 188 35 10 7 74 64 128 237 255 239 0 180 192 68 255 201
    255 214 117 255 44 252 164 212 208 174 255 186 233 226 217 4 255 7
    89 255 0 0 143 234 255 156 63 174 57 90 133 213 1 77 111 228 41 115
    255 255 0 195 0 0 255 89 193 255 255 2 199 236 27 2 255 255 93 61
    242 255 255 130 154 181 255 64 235 0 0 255 69 121 255 88 248 255 38
    98 209 16 255 0 213 255 78 255 255 30 56 197 0 91 101 254 0 0 255
    230 79 0 255 135 249 255 8 150 4 210 221 255 40 87 176 226 113 0 0
    107 82 8 104 215 255 34 48 0 63 142 27 142 94 0 0 255 156 70 123 48
    75 255 2 0 212 90 165 18 142 157 239 21 1 213 239 255 0 255 71 0 0
    28 134 22 39 0 125 103 126 255 158 255 36 236 255 49 157 135 0 255
    203 0 0 0 45 163 0 255 255 64 7 209 46 0 255 170 0 0 91 0 166 0 38 0
    21 77 22 255 255 255 124 255 204 77 132 0 255 0 0 125 255 0 255 255
    183 155 88 65 116 255 80 255 122 0 126 222 215 255 72 109 255 18 227
    231 86 0 157 115 103 0 112 15 181 255 0 255 128 0 196 255 218 0 255
    255 232 207 255 0 104 13 0 0 155 123 238 0 255 29 91 248 219 184 255
    138 158 144 171 64 166 148 0 19 146 255 86 0 0 255 255 200 247 0 0 0
    132 147 255 255 34 52 255 11 255 248 255 16 255 0 68 255 213 44 255
    255 255 73 98 255 0 255 35 255 175 0 255 0 251 249 255 100 0 150 255
    255 0 179 0 188 119 202 192 0 66 126 131 227 150 0 111 73 245 113
    255 74 0 66 50 219 220 84 0 222 25 25 17 0 229 255 255 64 0 255 37 0
    90 255 188 50 255 69 103 2 0 211 96 110 85 0 226 18 50 121 0 0 179 0
    11 25 0 118 10 0 43 255 255 0 221 132 0 255 189 17 255 147 154 147
    255 244 5 0 59 182 0 255 0 0 255 111 0 121 0 130 181 239 246 180 255
    104 192 91 175 29 128 255 244 255 217 0 255 0 45 250 144 172 254 253
    8 255 74 209 255 0 141 0 113 76 174 255 254 241 0 189 25 204 134 21
    114 21 255 0 117 86 127 228 131 13 209 108 0 0 37 143 255 11 18 226
    232 0 88 77 255 47 98 213 34 0 237 0 0 179 192 32 17 146 0 244 140 0
    255 255 241 0 173 67 0 147 121 0 47 255 44 255 255 255 0 28 240 0 0
    0 0 96 198 200 43 244 110 168 207 255 255 0 10 137 0 0 161 67 59 107
    255 141 255 227 19 0 0 149 42 255 161 0 23 163 0 0 255 255 0 0 213
    110 255 0 0 57 104 210 255 190 0 255 0 0 255 247 184 89 226 24 138 7
    255 0 255 229 0 95 250 177 108 40 203 255 0 0 163 59 68 222 194 129
    90 140 63 184 31 121 146 0 255 74 255 255 0 57 191 42 0 255 255 120
    77 255 151 182 146 255 9 0 53 116 62 0 66 0 128 0 8 250 125 229 112
    0 255 21 0 20 255 181 132 164 46 251 228 148 225 255 187 255 0 0 106
    0 182 2 0 0 119 135 220 133 244 164 104 255 254 192 71 0 25 110 90
    85 8 253 246 183 241 0 229 12 13 0 100 254 212 99 0 54 204 207 0 155
    140 47 255 229 179 251 239 142 248 255 255 0 34 255 234 233 0 255
    255 69 0 4 255 67 0 79 110 106 98 216 0 24 228 168 255 131 98 108
    128 243 255 0 220 52 62 231 148 0 0 91 0 255 202 255 0 255 213 79 28
    82 157 101 22 112 57 114 255 19 20 255 0 139 107 160 255 153 55 227
    12 205 58 255 180 255 50 52 120 149 8 237 62 56 176 57 255 223 255 0
    135 255 255 72 139 184 255 78 0 196 73 83 177 238 38 0 33 72 90 10
    117 8 97 126 83 0 165 0 32 0 249 0 255 255 6 255 255 187 0 238 255
    232 255 183 53 242 28 69 52 179 255 170 180 184 53 106 94 0 12 181
    160 165 120 0 93 255 227 225 255 137 191 19 255 89 17 124 0 211 105
    255 0 255 208 22 0 255 255 0 69 0 81 199 17 180 255 0 214 253 172
    248 0 103 255 64 151 158 77 119 7 215 252 255 76 0 38 0 252 58 202
    184 255 255 255 255 255 0 115 209 255 185 131 255 120 137 197 129
    108 0 0 0 0 72 68 128 255 180 48 33 17 0 0 128 255 188 5 160 152 247
    212 117 191 255 0 21 87 235 255 180 185 56 104 125 255 255 69 230 67
    85 248 0 197 136 155 197 189 19 143 126 255 153 218 87 214 119 185
    201 214 12 139 80 61 255 255 0 248 255 0 35 149 37 54 200 7 0 0 0 0
    29 5 59 0 255 209 0 58 86 255 130 0 32 171 255 140 223 255 250 76
    225 162 0 79 226 17 93 134 233 241 255 189 124 116 16 255 224 213
    255 248 243 48 121 113 185 0 78 101 107 100 255 118 247 255 10 3 100
    84 180 87 12 210 20 255 255 202 16 0 240 255 175 22 255 195 149 159
    33 228 0 0 255 57 215 141 50 51 0 242 69 11 255 0 255 255 255 255 29
    72 237 255 111 182 161 255 237 93 88 84 113 89 0 0 104 234 52 219
    255 198 0 226 109 0 255 0 200 251 121 117 239 89 255 113 242 44 217
    118 137 21 41 189 255 101 179 33 93 255 208 252 0 64 114 97 166 8
    239 61 60 255 0 0 181 255 182 255 79 214 255 85 0 195 255 177 255
    255 246 255 177 38 68 164 214 0 180 153 143 110 0 90 177 232 112 232
    131 184 0 0 255 0 3 255 202 255 78 0 188 255 212 81 66 182 0 0 255
    118 131 0 46 15 255 100 189 211 233 255 152 0 16 255 156 255 0 255
    225 255 36 202 120 255 220 82 214 148 229 239 187 0 113 61 230 60
    120 68 226 31 0 0 113 0 0 81 255 0 0 160 85 186 255 173 232 255 255
    230 0 205 147 0 255 70 155 2 0 255 255 0 55 119 68 89 0 0 0 83 138
    255 255 0 30 124 0 255 90 252 0 102 3 0 83 24 0 206 212 162 130 193
    229 0 227 232 0 49 0 73 86 255 105 255 54 0 216 147 163 255 184 129
    10 124 255 37 255 151 255 255 0 90 254 0 242 116 55 142 65 0 234 0
    144 255 114 147 255 40 217 65 219 213 207 85 114 0 0 251 134 200 153
    0 255 148 255 247 0 0 138 217 255 120 111 1 0 146 118 219 163 78 137
    35 244 0 0 255 180 108 255 154 0 155 0 162 255 155 255 242 224 60
    150 132 255 0 214 237 164 193 132 255 230 247 255 92 204 255 254 0
    255 255 0 100 94 51 203 0 23 78 150 255 224 29 21 255 118 120 0 202
    177 10 138 0 255 0 164 70 3 0 222 61 145 220 204 46 0 201 142 0 0 0
    255 0 114 21 169 6 49 255 233 78 169 52 0 85 0 164 122 180 34 255 9
    42 255 255 235 59 120 33 0 53 0 88 205 0 246 35 155 87 255 0 104 172
    0 5 0 255 115 0 255 156 122 207 164 43 231 0 0 0 255 64 255 230 73
    173 216 32 210 196 0 255 83 81 113 0 255 71 205 255 0 108 0 255 148
    92 85 255 0 41 67 74 186 108 178 11 255 35 18 138 161 131 255 255
    149 19 113 11 157 84 26 56 255 33 0 23 128 201 255 52 118 131 189
    253 13 56 0 0 0 252 132 46 0 255 2 83 255 46 87 255 0 255 22 195 0
    166 70 0 178 125 0 94 158 183 184 226 37 0 255 0 67 189 0 0 0 0 255
    255 255 0 18 216 255 28 222 255 19 12 0 17 61 0 172 118 38 238 192
    101 31 222 26 0 172 0 57 255 0 110 113 26 119 255 64 255 137 36 255
    21 255 172 255 255 56 0 255 0 255 106 253 0 255 255 158 10 0 20 255
    102 137 206 33 0 255 244 255 0 123 226 255 0 224 250 107 100 4 235
    255 233 83 137 159 142 0 25 31 132 211 133 195 27 0 120 138 42 255
    243 255 204 255 252 27 63 0 174 0 137 0 165 17 245 70 218 170 74 189
    233 247 255 13 255 164 255 3 102 136 86 231 0 0 255 201 0 106 0 184
    15 101 255 33 255 0 66 175 218 129 71 182 246 0 255 182 180 104 64
    240 0 0 16 147 145 255 160 97 0 209 24 0 210 0 38 178 255 183 0 153
    42 239 93 0 118 255 205 221 124 167 0 255 0 96 255 0 210 25 61 45
    255 3 17 255 255 237 255 214 0 28 11 152 219 193 72 255 0 150 115
    255 255 0 143 255 0 84 0 0 255 121 189 126 35 87 255 24 0 0 207 94
    158 44 255 255 0 255 239 252 50 6 120 255 19 0 179 196 0 216 240 47
    255 255 143 189 2 0 0 159 0 22 255 0 124 212 98 255 186 14 130 207
    255 184 255 235 255 128 43 205 142 44 253 3 0 255 0 255 120 255 18
    255 57 194 75 54 255 0 0 82 0 86 0 20 201 255 255 255 15 232 212 0 0
    0 255 90 246 255 255 150 151 36 135 0 143 171 255 255 154 208 232
    241 123 0 27 128 255 255 123 21 0 0 1 0 105 255 245 255 157 237 47
    62 152 14 0 0 255 30 106 216 255 133 0 172 70 213 224 2 133 255 166
    54 0 237 224 0 28 192 44 208 116 163 0 255 164 205 224 156 156 147
    152 161 247 93 255 107 0 0 91 255 0 168 101 0 255 157 32 0 0 255 0
    212 255 195 0 165 20 165 20 99 255 237 106 83 4 53 255 64 255 31 0
    60 229 255 0 255 125 0 116 0 0 5 219 27 0 197 62 0 84 24 255 1 3 200
    47 0 255 60 0 36 209 239 253 173 255 5 229 255 5 52 255 85 0 255 0
    255 0 24 210 255 0 193 255 255 113 245 255 0 57 67 50 206 0 7 226 0
    145 100 169 177 141 0 0 0 203 59 8 238 255 212 232 45 255 147 107
    132 68 174 255 135 229 226 114 0 70 243 101 255 255 130 255 255 0
    229 124 0 0 255 222 240 255 15 239 15 142 255 225 157 255 0 10 0 156
    202 37 248 46 1 40 49 36 255 255 205 75 255 72 185 205 0 204 140 46
    26 0 88 182 185 9 208 0 0 0 21 41 255 82 0 255 182 248 0 59 93 255
    255 181 174 126 255 191 255 255 0 255 0 242 106 226 156 15 21 32 162
    255 207 255 18 255 116 70 0 149 71 102 239 175 0 57 60 131 255 72 0
    81 255 174 255 0 255 130 59 169 255 6 194 234 0 104 58 103 0 0 0 0 0
    0 0 0 255 94 176 44 70 39 255 132 174 33 228 255 255 205 255 230 199
    17 176 255 52 218 163 146 255 197 124 177 18 255 124 75 0 255 255
    255 185 222 255 194 54 0 76 142 0 239 83 0 7 107 143 76 0 201 0 198
    172 190 255 255 251 14 99 88 181 61 175 238 135 215 0 0 0 255 247 0
    51 126 143 3 207 140 5 17 0 0 84 255 215 255 88 15 194 255 192 46 88
    189 0 255 255 5 246 0 255 47 0 0 0 255 242 182 114 236 54 67 126 50
    240 255 83 36 105 70 40 167 217 69 21 92 255 255 12 242 10 235 0 51
    255 191 174 78 137 4 0 0 188 0 209 141 138 230 255 227 20 0 0 227
    241 0 176 0 141 94 74 109 35 96 25 0 205 157 0 17 53 21 0 255 68 255
    232 0 255 255 36 88 153 213 178 93 255 49 17 0 0 29 42 176 56 74 58
    39 247 126 0 0 0 217 0 255 255 255 92 255 0 0 238 240 0 0 86 219 0 0
    125 255 82 185 0 255 150 110 255 0 0 137 253 63 187 95 12 0 69 0 0
    126 0 35 255 110 250 1 255 155 214 123 134 31 116 0 198 148 0 75 107
    193 0 126 39 101 0 117 214 255 0 222 99 0 255 67 255 0 158 0 0 0 57
    69 143 181 145 255 201 0 255 210 149 122 255 174 165 204 171 162 83
    59 146 111 99 12 33 61 252 255 234 228 159 145 0 19 0 255 255 92 151
    56 65 255 192 146 14 0 0 71 0 0 148 38 201 90 149 255 113 114 193
    145 61 204 128 247 108 88 81 224 233 0 255 247 255 81 114 119 248
    197 35 70 255 0 50 29 255 89 62 96 23 92 0 36 30 255 48 207 124 0 0
    0 52 73 135 0 80 109 18 255 0 110 223 134 255 67 255 174 137 0 249
    180 250 117 130 0 168 0 117 192 238 255 255 113 218 121 49 143 153
    255 69 222 171 61 36 90 67 212 255 0 50 255 0 98 173 149 0 96 255
    101 128 255 255 89 188 0 239 192 54 20 129 111 169 114 255 181 160
    230 191 49 117 165 0 179 37 151 255 189 87 75 138 146 77 16 31 142
    67 84 255 32 221 0 255 97 39 0 105 20 204 178 127 248 148 186 12 31
    169 109 255 181 0 72 171 30 255 255 47 197 101 66 0 254 255 34 255
    255 249 255 237 91 255 0 143 78 255 0 209 95 174 0 187 255 255 126
    91 177 129 179 94 139 255 34 147 83 36 0 140 0 242 168 88 122 15 213
    75 202 223 48 124 255 185 255 203 0 0 79 79 0 255 252 255 37 115 255
    115 56 78 0 0 255 34 205 0 88 255 0 0 177 255 74 0 188 1 252 241 0
    30 101 242 255 185 199 40 255 251 1 89 11 0 35 54 16 188 0 209 255
    76 255 0 255 137 6 50 255 255 0 255 255 74 0 255 255 70 230 64 238
    22 212 255 0 14 0 167 32 174 255 174 132 64 66 30 110 248 148 255
    179 231 216 0 0 172 43 12 0 90 240 0 255 255 0 5 255 0 239 163 46
    102 40 210 224 0 255 215 14 129 255 255 110 204 87 135 45 146 204 0
    56 232 0 203 255 144 14 240 115 28 255 69 14 255 133 224 255 0 0 102
    203 113 82 245 255 23 0 91 240 124 117 214 53 66 204 166 0 255 69
    202 202 49 255 131 255 255 0 103 22 255 128 255 233 71 85 193 0 11
    255 225 66 0 0 0 197 0 255 0 185 213 181 255 6 0 255 255 255 0 255
    47 0 172 252 95 0 0 31 129 234 44 202 162 255 125 38 148 0 0 255 21
    77 12 115 255 120 78 16 138 223 0 255 142 151 171 0 254 176 59 205
    52 246 252 142 177 128 0 162 247 0 73 9 0 158 45 96 208 225 136 255
    0 53 255 8 255 0 255 150 24 51 62 131 118 21 74 142 89 255 255 135
    162 207 0 136 0 112 0 24 255 251 0 255 179 243 0 57 0 0 3 160 54 132
    130 0 95 169 244 245 255 0 228 0 52 255 235 0 0 235 255 0 200 255
    144 171 255 0 170 240 131 255 82 255 156 202 0 38 227 56 226 143 255
    0 0 233 38 37 60 196 0 255 255 0 12 231 255 192 255 167 2 255 0 0
    210 214 255 255 3 157 184 255 77 120 255 60 11 0 255 0 159 15 229
    158 143 154 0 67 167 50 40 56 92 255 255 78 0 229 0 138 0 223 0 245
    52 134 1 3 44 66 218 190 193 221 179 0 220 23 0 139 0 119 64 255 36
    121 255 8 107 255 0 70 186 255 237 255 255 0 9 37 2 0 164 255 237
    167 172 0 255 201 155 167 255 58 228 163 244 49 102 228 0 0 53 128 0
    109 207 0 125 125 27 255 255 63 0 5 0 7 186 56 81 255 255 245 214
    255 85 255 60 0 128 189 255 204 177 255 166 144 255 76 228 0 0 174
    38 0 170 255 49 159 89 65 255 247 152 42 34 79 16 219 19 0 255 255 0
    191 0 249 193 255 0 180 227 189 64 168 156 251 127 0 0 56 0 250 255
    139 99 201 0 29 232 255 206 215 0 255 66 250 255 58 190 72 179 32
    169 84 251 137 115 255 0 113 255 253 255 180 38 20 25 0 233 120 25
    157 190 0 92 81 210 83 0 157 145 140 255 255 253 81 149 0 191 239
    214 116 144 135 182 255 255 104 89 23 147 0 162 200 223 248 0 62 0
    245 218 2 243 0 255 255 0 0 220 139 56 50 0 230 4 0 54 155 255 14 93
    167 121 126 0 33 255 0 107 255 0 230 255 42 93 21 59 187 210 0 125
    255 67 235 0 203 251 153 254 255 99 195 255 0 138 116 212 248 0 148
    180 113 172 207 0 255 112 0 255 255 61 248 0 86 232 255 137 223 0
    124 0 71 244 14 111 92 119 103 255 36 230 19 0 107 106 108 255 73
    204 255 87 66 255 100 3 0 71 255 0 255 255 41 79 255 255 0 0 213 219
    18 255 97 23 255 84 255 29 255 255 221 0 149 83 91 255 229 151 0 0
    30 145 155 154 47 9 30 109 84 101 134 67 0 99 109 36 206 135 159 53
    0 0 141 85 255 144 122 171 241 195 255 0 55 117 77 0 48 59 0 254 255
    221 161 237 196 105 95 255 0 255 0 231 0 108 154 235 255 200 82 0
    255 255 24 255 221 249 221 33 109 108 0 255 212 34 0 255 142 0 159
    255 194 0 229 52 188 45 255 223 135 255 0 137 160 150 220 45 255 185
    174 224 255 0 12 0 154 49 126 0 255 101 156 252 255 191 115 138 0 58
    255 121 37 244 254 0 148 255 0 253 131 255 143 255 102 6 255 75 0 0
    55 255 255 0 184 0 104 255 0 168 138 0 255 0 210 0 0 112 43 228 105
    81 117 213 255 172 128 255 181 174 242 255 8 0 226 247 38 82 214 146
    255 255 0 255 76 24 0 92 255 255 151 0 209 231 132 0 142 252 149 13
    255 255 255 195 0 0 57 67 226 8 0 175 158 0 65 149 124 79 21 0 255 0
    255 118 0 239 252 102 0 0 181 255 255 199 0 255 37 255 252 61 81 0 0
    122 227 56 255 255 238 99 0 255 212 0 255 188 222 65 255 0 0 0 39
    255 138 0 253 146 255 0 255 255 17 252 113 255 4 0 29 0 0 0 24 44 98
    71 38 255 255 199 38 211 160 146 230 0 123 37 255 56 134 255 0 16
    215 0 161 0 251 0 86 0 61 0 107 145 39 167 234 0 85 0 92 183 255 141
    194 250 255 222 52 255 0 213 0 74 209 166 0 16 255 118 0 62 219 247
    105 0 54 255 0 255 205 136 255 254 226 0 128 10 0 57 181 255 204 178
    0 244 196 0 255 172 121 245 255 0 180 0 19 48 118 40 255 131 51 110
    184 221 255 209 236 9 109 97 0 202 0 75 255 243 198 255 190 121 238
    129 0 159 34 0 255 226 204 0 48 255 4 255 255 0 182 171 255 0 216
    240 158 44 206 139 0 0 158 131 0 224 0 82 120 255 195 255 36 25 54
    97 255 0 141 100 104 0 255 0 146 0 18 0 0 12 228 1 117 0 240 173 104
    255 219 168 255 168 102 121 255 213 0 255 132 205 147 0 16 91 86 178
    236 255 0 121 211 137 152 226 228 187 58 2 156 41 59 255 255 255 157
    179 123 5 243 202 240 229 0 255 166 0 68 218 150 83 28 255 230 0 190
    0 206 255 148 180 31 203 0 234 255 198 77 195 34 0 0 0 108 208 0 0
    114 156 0 96 255 0 111 209 0 41 0 48 255 0 0 235 6 140 200 4 255 26
    0 175 59 247 204 0 255 206 255 100 1 190 255 69 207 117 255 97 0 197
    0 215 0 58 49 213 69 18 255 231 145 0 244 17 25 0 255 191 0 255 244
    97 8 201 245 249 175 255 255 242 232 113 36 210 214 201 106 60 44
    247 255 176 134 255 195 192 133 255 46 122 0 72 141 36 255 53 240
    212 255 0 227 0 152 255 171 255 37 226 255 36 181 0 109 0 6 255 255
    0 72 83 244 255 131 255 87 214 58 51 0 107 116 36 183 255 156 140
    149 130 63 231 26 0 227 5 255 32 10 62 11 0 220 110 14 8 204 0 0 190
    122 255 144 28 0 235 102 0 249 0 0 255 211 137 129 140 255 0 142 0
    90 0 169 121 159 0 251 66 224 139 244 255 255 0 255 215 38 185 223
    99 255 0 49 0 36 78 0 151 152 63 255 194 255 44 255 255 63 203 140
    68 255 200 19 255 0 171 126 31 255 0 236 241 17 255 184 255 202 79
    146 49 208 0 158 30 0 59 255 0 103 0 255 224 58 255 222 125 194 168
    120 213 140 53 144 0 255 157 45 0 191 84 0 250 254 189 198 123 9 28
    115 167 255 255 185 0 108 226 21 180 255 0 0 98 28 211 156 255 166
    255 108 66 209 127 189 246 97 0 106 18 118 0 0 175 249 174 188 222
    45 255 147 41 23 253 255 121 80 47 255 0 255 205 255 255 255 255 0
    38 51 46 81 103 0 214 0 5 19 0 0 50 255 0 0 255 255 103 255 0 255 0
    189 255 252 112 12 71 119 30 7 195 0 0 0 255 231 162 255 255 25 32 0
    54 85 255 31 0 255 132 238 255 143 245 161 0 121 55 185 255 201 247
    0 0 0 43 34 42 153 255 255 34 79 176 251 78 226 185 255 44 187 255 0
    152 158 50 0 42 216 112 255 110 0 207 255 31 227 255 189 207 30 0 79
    255 191 43 4 68 45 90 106 146 0 15 209 244 59 0 255 0 0 221 46 12 4
    199 201 255 5 20 135 0 66 0 255 168 22 255 80 255 4 235 255 42 46 20
    127 0 14 85 51 0 54 0 255 87 255 240 136 28 0 196 0 124 255 92 122
    49 0 60 88 76 255 189 241 243 0 189 236 44 229 255 255 0 72 255 48 0
    46 255 61 0 37 0 0 219 255 0 255 168 0 129 255 215 255 27 0 255 255
    0 230 116 136 0 203 154 126 46 0 255 110 76 0 35 255 255 0 22 255
    255 0 255 59 74 253 121 255 45 94 0 0 80 62 59 136 0 198 32 76 255 0
    154 2 213 0 72 0 103 140 0 0 125 255 0 45 96 255 215 0 96 120 115
    255 221 0 255 255 0 255 78 6 255 186 0 113 0 0 189 19 0 151 23 239
    255 122 207 255 255 249 0 255 255 126 232 5 169 0 38 191 161 255 129
    0 135 215 255 255 255 249 96 255 214 13 166 200 255 255 235 214 0
    213 246 0 175 0 255 208 176 94 124 0 255 250 38 197 0 255 86 8 132
    255 11 41 145 137 136 41 255 134 108 70 255 60 58 0 255 0 255 255 0
    7 255 19 87 255 10 36 60 217 0 0 0 184 204 0 255 148 196 8 209 254
    95 11 157 77 89 236 241 239 17 185 32 255 221 0 0 255 66 227 118 206
    48 159 78 0 81 0 79 196 0 38 181 0 77 255 192 0 195 3 202 50 255 0 8
    255 239 243 175 61 255 0 255 234 6 255 236 148 127 0 191 0 228 255
    255 227 97 132 35 206 160 97 250 123 255 79 255 52 3 135 255 0 30
    255 255 245 195 152 231 0 212 130 0 3 127 112 214 82 216 138 0 33 0
    69 224 33 117 102 131 22 98 13 255 0 0 213 0 0 190 102 13 86 48 4
    172 0 32 57 255 223 255 0 14 231 255 0 41 114 142 58 16 184 255 255
    231 12 196 117 0 133 255 174 58 96 107 48 182 255 204 0 191 123 164
    252 0 3 84 225 34 30 71 55 130 98 200 15 170 0 157 138 18 0 255 29 0
    119 227 0 0 239 0 160 248 111 255 76 18 174 187 195 0 56 255 199 255
    255 255 192 179 241 104 192 12 229 37 0 34 95 116 61 0 24 0 156 0
    255 0 134 255 12 226 219 16 123 76 0 220 255 0 217 0 170 85 30 0 1
    205 0 0 45 194 202 110 144 0 110 211 61 75 0 0 83 52 198 191 87 255
    227 34 215 0 178 0 0 176 0 50 0 162 254 200 0 45 176 0 45 208 255
    125 255 248 0 255 231 0 0 60 0 52 255 0 67 173 25 0 255 0 255 174
    130 255 202 84 238 85 190 0 255 0 213 149 235 255 86 0 169 76 113 69
    171 12 116 5 92 201 56 72 230 229 164 0 152 199 38 0 255 84 242 255
    42 186 144 0 174 132 0 0 188 135 161 0 119 174 0 103 199 255 28 42 0
    250 100 133 145 8 99 18 71 44 25 0 0 255 4 255 255 255 158 44 137 0
    182 117 240 129 195 196 201 0 255 78 143 254 0 0 229 169 111 0 0 248
    0 124 0 255 255 121 40 198 142 239 255 255 238 0 252 247 163 133 137
    55 255 49 222 47 156 255 0 194 249 0 0 4 114 213 203 255 124 0 137
    183 0 0 92 117 232 243 54 0 182 255 144 255 221 189 0 189 0 90 255
    70 255 27 255 43 67 233 143 59 0 131 0 87 255 125 148 255 220 0 84
    115 169 0 255 255 205 160 113 152 138 255 255 64 237 111 92 26 255
    71 0 61 0 0 17 202 62 84 28 79 216 208 198 73 105 1 182 255 21 254
    27 7 133 0 255 0 59 103 17 80 255 0 109 89 57 212 255 188 186 122
    162 4 255 255 255 212 243 245 46 255 81 222 210 0 92 0 124 6 1 241 0
    252 99 243 135 63 216 197 255 220 218 0 158 0 189 52 109 81 173 138
    255 0 30 0 29 0 168 120 0 163 255 0 111 153 155 74 217 255 170 135
    51 139 26 226 249 248 66 254 210 255 43 153 255 185 227 107 255 238
    254 0 0 0 173 0 0 242 143 255 0 73 44 0 0 108 187 77 255 34 248 255
    138 255 0 16 193 0 255 166 138 141 0 110 195 168 94 139 39 167 234 0
    0 13 99 160 0 255 187 0 255 95 224 255 0 0 255 134 24 0 44 204 0 255
    188 132 115 229 255 201 255 255 168 0 167 150 65 177 172 4 52 0 90
    162 0 255 121 65 0 0 176 101 0 0 16 255 5 252 199 255 255 23 255 126
    172 255 115 194 241 255 213 255 0 102 233 0 94 51 26 215 247 196 182
    174 98 0 223 51 81 227 255 90 101 148 0 253 0 236 0 171 255 181 56
    186 0 30 255 227 163 64 80 255 255 79 255 112 255 0 68 103 125 36
    160 173 214 0 50 211 43 255 255 228 56 240 255 0 105 148 0 0 160 0 0
    82 255 124 158 0 66 128 154 180 255 178 102 0 234 241 224 133 114
    174 0 108 60 195 172 255 120 255 202 255 0 37 37 0 255 137 20 235
    255 255 192 255 30 255 161 25 250 177 138 227 113 15 25 73 0 207 0
    255 48 142 0 253 215 129 85 0 238 159 0 111 234 255 116 0 0 255 0
    140 170 127 22 0 37 255 93 202 204 97 0 255 255 180 165 255 152 5
    194 205 0 19 171 57 7 40 225 255 133 0 118 0 167 98 137 0 6 255 235
    0 0 71 101 0 102 0 236 84 255 249 29 255 143 160 244 255 148 0 176
    148 0 44 0 126 255 0 0 65 255 79 254 168 197 94 121 113 117 255 226
    12 92 97 77 31 139 255 67 255 209 0 255 255 96 183 0 246 84 206 255
    34 0 10 254 75 94 85 0 0 166 255 0 225 255 75 23 0 126 169 206 22 0
    0 57 235 0 98 44 120 0 39 35 255 148 127 140 255 88 28 0 255 47 255
    149 202 28 0 133 66 234 90 255 255 255 0 255 237 160 248 255 200 132
    33 58 241 254 206 255 79 142 125 255 74 169 0 255 255 0 0 56 255 165
    0 188 243 106 255 32 67 0 86 255 43 255 74 32 255 10 227 255 31 0 0
    28 186 43 90 255 255 120 64 184 102 36 112 36 181 137 83 0 107 102 0
    133 0 216 0 74 0 255 100 255 187 0 49 0 221 123 0 148 148 0 230 0
    220 0 52 230 255 155 193 59 166 140 0 255 99 111 103 230 0 29 233 62
    255 128 255 9 5 94 135 255 33 255 223 255 74 128 7 169 29 255 0 0
    142 0 0 7 255 201 173 99 129 255 255 255 0 226 172 255 38 97 35 0
    183 0 150 0 81 0 255 138 255 255 7 0 255 10 255 229 54 201 255 255
    80 128 0 173 179 255 0 255 255 49 231 73 255 170 0 196 0 247 124 210
    28 148 55 249 104 0 185 255 162 255 255 255 79 0 214 255 0 0 173 88
    0 140 118 255 247 85 252 195 75 194 255 255 82 255 32 0 0 240 0 161
    181 0 29 142 255 64 0 255 0 0 46 0 160 124 175 215 87 112 45 255 255
    18 0 255 24 174 0 0 0 255 0 61 255 205 201 255 0 146 168 104 0 255 0
    249 0 150 59 77 244 73 0 255 14 81 0 169 255 68 0 255 84 0 35 200
    148 62 106 73 255 30 0 255 210 48 192 245 29 0 55 0 71 175 255 129
    255 255 255 0 180 0 0 0 149 0 178 255 25 0 0 248 116 74 0 0 107 117
    241 84 213 140 255 51 124 255 255 158 216 101 0 226 192 241 255 207
    0 255 19 56 92 255 0 184 72 149 39 162 76 0 165 184 0 255 0 156 0
    251 255 118 205 255 51 159 0 255 133 0 214 255 57 188 255 66 255 113
    0 0 0 255 255 122 0 176 75 0 255 100 247 64 255 0 151 255 212 69 255
    250 255 0 210 255 223 63 0 20 255 255 0 12 0 0 0 94 33 176 0 255 255
    255 165 206 229 255 255 124 9 176 64 43 151 145 4 224 255 204 75 187
    33 0 0 255 138 161 191 17 121 255 193 111 57 22 255 148 148 0 231
    161 96 119 0 44 0 49 51 46 71 0 135 98 131 244 60 0 55 158 42 226
    255 194 18 255 255 9 204 165 195 0 225 150 233 144 0 255 200 246 255
    121 255 105 152 69 0 135 39 73 241 252 89 175 237 51 241 157 214 250
    255 201 133 255 142 255 255 0 231 157 255 137 0 255 186 117 140 0
    202 0 255 242 163 10 97 126 98 136 86 0 252 255 163 74 174 255 0 45
    2 0 222 0 0 45 255 77 0 0 34 116 74 249 0 0 255 169 0 0 255 221 233
    79 0 143 209 98 71 68 202 43 210 255 0 203 119 161 100 167 255 255
    185 184 102 127 143 0 156 196 209 0 0 14 65 255 117 0 0 193 255 47 0
    15 39 239 28 121 0 168 24 253 118 200 182 6 206 255 118 0 255 175 54
    164 0 167 179 73 128 207 83 99 255 206 96 255 255 161 40 151 27 255
    43 176 146 196 113 177 73 242 255 123 203 211 222 154 0 63 56 0 255
    0 165 255 145 109 0 200 247 213 91 52 103 255 183 255 255 7 255 143
    255 12 234 140 204 3 12 122 0 159 186 189 6 228 255 72 40 0 157 253
    87 161 255 223 73 227 16 255 130 30 255 0 239 185 35 0 71 0 33 42
    136 39 148 119 90 26 0 243 132 162 30 164 0 28 219 1 54 0 255 255 0
    138 118 136 121 255 166 0 0 255 160 93 171 255 194 114 56 67 71 68
    212 255 0 0 0 188 0 240 184 96 0 255 61 204 155 255 49 0 201 140 116
    76 136 163 63 147 199 112 135 26 92 0 124 158 211 182 99 80 0 0 18
    246 219 236 96 255 86 205 255 82 9 174 183 82 153 22 197 142 99 110
    112 246 209 126 104 45 0 7 207 255 0 255 22 41 33 134 95 160 255 206
    0 0 233 0 25 220 123 250 18 255 55 20 102 255 255 154 0 111 8 0 93
    154 122 213 146 5 37 57 255 46 220 0 163 0 103 252 255 233 0 205 8 0
    255 167 0 0 107 255 0 187 108 80 119 144 255 193 255 85 46 28 88 228
    4 255 241 208 0 183 255 9 94 139 140 138 255 13 245 81 22 247 148 23
    3 199 255 255 255 109 255 50 215 169 0 189 0 0 131 26 0 234 239 2 0
    255 0 0 255 100 74 255 255 153 0 127 255 128 0 72 193 91 255 88 31
    236 138 255 39 68 255 252 235 156 18 209 22 96 59 0 255 255 65 255
    106 255 255 0 0 0 80 84 75 236 182 184 167 53 66 75 0 196 75 35 0 0
    213 160 0 117 195 0 239 255 21 0 54 0 36 255 255 0 115 0 220 255 176
    30 255 216 0 2 255 206 55 55 196 58 209 69 213 255 3 128 255 0 41
    124 0 131 255 255 255 95 0 255 188 255 0 37 255 34 59 187 160 234
    132 14 255 255 94 255 232 117 129 154 0 255 255 102 255 145 95 255
    206 0 40 0 61 76 0 70 255 255 200 128 255 6 66 200 255 193 0 0 192
    220 37 43 0 47 58 238 40 120 0 0 24 56 255 178 220 162 255 255 104
    255 224 0 226 6 255 83 17 210 160 240 54 0 76 255 0 29 255 218 62 79
    78 227 236 216 161 80 95 0 255 88 255 255 98 60 0 246 83 15 250 255
    186 229 24 255 38 0 173 0 0 30 157 231 44 255 220 255 151 255 120
    174 77 111 17 84 255 255 169 121 0 255 176 0 30 255 112 0 69 55 67
    160 100 212 0 213 26 0 172 184 0 255 187 119 150 0 208 158 122 182
    10 85 255 104 0 106 252 0 39 0 0 0 13 255 255 74 246 247 30 0 199 0
    96 255 169 191 246 53 37 0 128 53 140 0 255 82 18 49 48 0 0 80 69
    121 0 114 239 38 255 222 211 49 0 224 88 0 255 102 102 115 139 122
    255 255 167 187 255 8 74 255 43 189 134 136 255 0 0 0 0 123 176 255
    255 190 0 96 0 182 36 198 255 237 70 198 0 255 255 0 0 237 82 178 0
    29 128 39 255 255 173 14 255 96 128 205 161 255 218 151 0 0 235 201
    206 49 151 19 145 0 255 99 0 0 138 201 46 255 0 255 0 158 233 138
    255 53 36 11 255 111 0 255 95 0 177 231 99 255 110 35 4 0 128 159
    112 0 33 255 71 3 0 0 0 255 0 0 255 169 2 148 89 255 0 0 157 19 77
    18 0 196 0 202 39 166 28 57 143 188 56 255 255 28 111 255 0 90 82
    178 127 210 203 0 0 157 172 169 242 89 85 82 0 0 238 158 0 0 255 126
    21 174 0 162 196 255 233 75 7 36 253 212 0 135 0 255 78 0 0 76 160
    252 212 42 244 237 0 93 255 80 155 3 202 5 180 255 0 255 255 104 255
    255 227 255 0 45 255 0 241 255 158 84 255 173 59 85 168 168 52 255 7
    90 176 91 0 208 171 81 0 188 255 144 153 255 140 38 235 139 255 255
    63 172 0 122 106 112 174 255 0 209 255 0 234 254 126 15 255 203 200
    255 7 175 29 250 174 16 255 233 182 255 161 211 95 54 14 255 255 65
    0 135 255 214 253 39 189 255 255 89 78 152 95 0 255 227 61 45 211 0
    53 102 74 0 103 76 129 67 255 212 158 255 148 144 134 191 131 156
    173 84 203 97 74 17 71 37 0 26 0 255 0 16 152 18 255 64 25 255 248
    128 139 0 234 5 195 222 230 0 132 177 108 76 0 255 255 144 175 126 0
    255 255 255 255 172 214 255 178 0 162 8 255 0 51 159 0 175 255 160
    55 184 117 207 121 255 106 255 169 4 234 75 0 255 255 130 118 0 171
    137 218 255 98 94 255 0 255 172 0 41 4 0 65 37 249 255 156 218 78 56
    5 0 0 167 32 210 0 255 22 4 141 199 44 136 106 131 62 189 0 0 0 255
    0 0 201 94 163 0 0 255 0 106 24 196 142 0 7 0 166 15 12 76 20 0 175
    220 237 255 67 38 226 209 255 205 255 255 86 60 255 255 153 78 0 159
    0 89 76 255 142 249 228 0 233 255 175 233 216 155 217 255 235 161
    255 77 101 0 56 144 151 255 135 125 41 235 68 0 243 214 255 255 0 25
    0 171 59 42 222 243 101 6 217 0 65 255 53 184 0 159 255 0 0 200 0 11
    17 90 53 239 77 135 176 77 255 148 255 0 114 0 95 255 0 4 183 0 150
    231 85 0 120 44 0 35 173 85 64 0 244 3 111 255 241 199 255 129 177 8
    64 183 0 255 255 0 214 176 35 227 71 0 24 42 0 101 249 255 57 161
    161 133 153 0 129 9 199 24 211 104 183 63 0 0 81 52 134 138 247 65
    120 0 213 0 0 0 255 255 76 255 201 255 173 98 162 107 255 0 224 0
    255 255 0 254 255 249 213 0 190 162 95 49 204 154 103 6 168 255 171
    64 161 103 155 0 206 255 235 255 78 0 0 95 200 75 46 45 89 255 35 0
    111 22 0 150 100 15 255 122 214 255 252 255 255 128 72 187 4 255 255
    23 255 82 255 35 69 0 231 49 152 196 0 255 255 255 255 96 199 0 100
    142 215 81 57 255 159 255 211 231 14 218 240 188 255 134 53 255 91
    142 243 121 223 255 164 255 184 80 255 255 255 129 154 0 242 0 159
    255 0 213 203 74 0 127 71 204 255 156 55 59 8 255 255 147 93 51 255
    226 111 52 69 7 65 12 155 229 117 157 255 255 154 0 255 248 184 181
    206 80 129 154 0 216 0 0 255 0 255 255 255 0 255 187 198 223 255 88
    92 34 248 0 12 133 0 255 0 0 0 250 19 0 0 46 42 156 82 255 52 0 172
    102 197 0 126 120 0 49 255 0 123 0 146 0 20 255 12 173 255 184 0 240
    0 34 0 29 245 255 255 136 255 230 255 29 251 63 237 29 0 194 0 137
    178 40 21 0 17 0 156 163 0 0 255 255 0 239 195 44 0 255 83 0 246 220
    90 167 69 11 6 8 186 94 255 179 129 160 78 105 38 218 0 255 0 147
    174 97 149 228 194 255 0 222 130 223 255 251 255 112 255 219 65 255
    205 121 209 1 173 184 255 86 255 0 255 255 0 0 33 0 255 8 255 255 1
    17 255 255 255 126 255 255 47 255 227 6 120 0 253 137 7 173 245 0 85
    29 0 85 30 125 161 241 150 255 255 8 255 127 0 182 26 77 255 0 174
    66 231 132 147 152 151 0 98 255 0 110 163 0 150 123 179 255 239 121
    255 28 197 227 0 188 0 191 255 237 55 38 0 51 54 255 185 221 255 86
    0 216 65 13 86 61 203 0 218 247 114 75 255 110 255 255 175 214 107 0
    180 165 255 0 1 255 168 111 167 215 255 248 142 33 51 86 178 36 193
    0 48 58 130 207 255 0 255 174 12 228 159 139 255 216 0 0 0 16 178
    206 255 18 255 88 68 208 166 120 149 0 255 146 0 237 0 9 0 255 78
    173 191 3 255 162 194 142 0 133 141 78 149 211 194 0 5 127 0 0 43 74
    0 45 71 221 83 0 200 255 188 223 255 197 0 211 0 75 255 168 141 255
    72 246 170 55 1 73 255 236 163 21 215 0 64 0 9 240 81 127 255 255
    163 141 60 255 29 0 0 91 201 105 0 137 118 227 19 252 62 186 180 237
    0 255 213 82 0 226 226 0 217 72 255 228 67 17 104 255 0 154 170 217
    30 11 205 189 255 239 73 123 237 126 76 241 255 0 122 0 255 75 214
    104 166 0 0 112 144 75 206 0 3 0 0 151 255 255 37 0 255 206 99 91 0
    123 113 0 240 223 141 176 0 224 0 57 255 0 146 5 13 0 36 181 213 255
    255 0 255 89 104 251 255 247 0 66 91 39 42 213 226 0 255 255 217 103
    86 170 168 0 255 25 0 186 56 0 156 0 229 115 46 255 6 229 27 38 255
    95 0 124 187 152 77 227 107 255 0 0 126 255 255 99 255 208 208 0 200
    0 173 0 195 0 0 255 46 188 208 139 62 139 200 121 0 171 0 0 255 0 0
    255 234 148 255 55 0 75 117 60 255 4 36 217 55 189 14 98 16 246 255
    222 251 135 230 192 0 251 255 0 220 0 255 255 14 118 21 239 63 173
    97 255 214 115 0 244 0 172 119 178 0 4 173 255 111 173 233 57 89 140
    72 255 104 255 80 174 100 154 135 0 201 57 51 72 41 192 255 255 255
    203 123 39 77 255 196 0 255 255 15 20 226 213 105 233 97 199 97 196
    43 185 168 0 90 255 27 15 177 85 0 0 255 194 255 126 236 0 105 255 0
    70 71 153 255 0 0 0 0 255 183 255 189 5 0 255 255 104 116 230 58 88
    196 165 232 215 0 27 255 189 237 0 0 40 255 210 161 255 0 104 255
    148 255 132 0 255 104 158 32 24 26 255 200 0 89 81 101 176 0 163 0 3
    42 0 255 0 0 0 189 181 158 68 134 37 221 0 0 164 255 0 154 119 87
    255 178 64 235 6 246 23 166 199 0 101 170 0 241 230 201 213 94 6 255
    120 255 220 189 255 0 232 98 223 237 184 142 102 40 124 241 234 29
    197 64 153 0 79 190 113 0 255 0 0 255 31 0 250 232 44 0 255 255 82
    23 195 110 255 255 255 9 181 164 255 182 0 0 0 137 116 255 186 255
    216 223 0 0 83 0 0 8 0 0 255 17 255 179 170 255 245 53 212 118 0 230
    9 0 135 219 0 255 0 132 0 84 164 73 98 255 25 237 161 0 90 0 255 196
    2 80 0 63 0 0 115 176 118 255 255 255 0 0 255 0 29 0 255 36 230 255
    215 68 160 0 220 255 225 84 123 131 137 31 147 182 255 255 17 237
    159 0 74 66 154 255 0 150 229 124 255 32 157 255 230 115 180 210 205
    55 251 114 53 98 39 11 255 31 159 113 52 0 77 255 144 80 0 255 11 0
    228 255 248 158 0 255 32 100 203 0 172 82 32 116 39 109 0 0 208 132
    79 198 124 182 76 0 175 41 0 20 173 255 94 62 214 194 255 107 61 255
    255 123 255 250 200 181 0 112 179 248 255 31 255 255 89 229 247 255
    46 133 114 255 58 131 0 206 159 35 0 40 42 172 255 68 0 0 167 0 100
    75 84 0 5 255 74 107 221 0 84 224 0 162 105 231 143 0 0 175 19 122
    153 0 255 255 0 215 255 103 255 148 8 143 0 46 255 0 0 255 255 249 0
    0 0 255 190 87 0 233 251 0 5 255 215 86 0 134 0 255 255 0 203 52 200
    0 244 146 255 152 255 193 98 255 60 227 183 140 255 92 5 118 181 31
    255 255 81 148 33 153 230 154 6 2 5 245 0 0 0 181 255 223 197 67 16
    176 97 0 0 140 133 0 129 255 100 255 245 227 0 51 145 255 0 127 0 94
    47 62 243 234 206 19 141 219 87 238 0 6 255 213 163 255 130 132 41
    182 0 255 122 0 184 113 0 59 149 255 175 83 255 255 37 145 0 143 220
    0 238 145 255 237 0 27 126 228 58 0 104 255 255 242 0 225 59 142 147
    0 217 244 56 248 255 11 89 76 178 255 88 28 169 7 69 191 254 190 102
    0 45 77 172 66 250 255 255 90 0 221 0 223 0 66 190 100 246 51 255
    255 255 43 79 46 196 37 91 255 95 191 255 255 253 255 88 255 0 184 0
    156 255 197 104 255 190 158 110 197 0 0 33 0 254 216 207 122 0 59
    127 255 0 0 0 195 131 218 255 126 0 158 177 171 159 191 103 0 0 89 3
    0 102 255 255 177 155 0 79 37 65 195 255 225 255 255 255 246 217 216
    0 18 176 255 51 18 0 173 113 158 78 31 247 110 98 255 235 0 85 148 0
    255 0 212 25 236 166 252 255 215 46 94 59 152 255 13 209 255 106 103
    26 39 255 6 234 255 174 207 27 255 35 0 170 79 63 0 99 102 0 255 255
    255 216 249 255 254 0 218 166 49 122 101 167 185 242 18 255 255 0
    255 225 53 201 131 21 255 252 153 99 0 255 255 0 231 0 0 6 145 216
    85 255 208 0 255 64 0 208 0 0 255 76 135 0 6 255 91 200 0 255 255 0
    255 0 33 0 176 0 0 54 157 232 142 122 149 147 255 0 5 0 0 55 0 157
    241 42 136 28 255 250 0 117 248 69 255 86 60 62 0 187 143 0 246 0
    163 0 124 255 255 93 210 210 0 255 188 221 83 101 255 0 255 255 131
    182 127 143 255 243 0 247 90 4 10 228 255 0 255 107 255 52 0 177 197
    209 184 44 172 197 159 255 0 153 4 255 255 169 38 214 255 255 124 0
    159 115 175 0 255 255 67 108 89 0 0 0 198 199 255 255 147 135 72 0
    146 0 255 76 83 81 65 255 0 0 44 47 84 153 0 31 51 255 0 177 255 59
    236 227 0 0 102 255 255 255 172 138 133 255 33 255 184 26 242 236
    211 81 0 109 194 36 198 2 255 255 228 255 255 67 255 71 72 178 0 116
    194 113 235 0 152 230 18 191 10 124 187 133 50 0 97 255 0 171 25 99
    38 229 255 95 255 236 184 62 233 0 212 197 136 255 201 255 179 0 39
    0 187 0 83 137 0 255 0 49 59 255 253 255 163 255 183 108 0 20 31 65
    255 18 187 114 255 103 69 255 215 193 136 163 151 247 234 40 207 255
    4 98 136 65 222 158 11 211 252 152 235 0 132 0 27 156 58 0 215 255
    245 238 255 224 64 149 99 0 231 0 0 141 255 208 202 160 0 25 255 203
    78 255 94 0 71 52 0 0 181 0 124 20 255 105 0 236 128 136 245 0 125
    133 230 0 0 243 32 0 56 215 130 255 255 164 116 152 0 217 0 50 181 0
    182 124 179 0 152 53 180 34 163 255 71 134 251 0 255 122 0 145 59
    210 73 0 0 81 18 255 46 16 16 0 233 145 255 0 132 255 0 0 255 255 0
    117 103 43 235 0 255 0 0 145 136 12 255 116 28 54 185 193 152 0 255
    81 255 255 98 0 255 83 212 204 124 215 198 104 0 44 255 166 255 132
    184 255 124 173 113 76 209 119 0 84 0 128 161 81 5 2 139 0 180 0 0
    28 246 0 46 0 194 179 255 70 73 0 122 255 52 255 104 47 187 231 255
    255 84 255 113 0 219 91 179 255 167 255 9 62 0 0 255 195 0 239 150
    163 255 135 0 224 202 92 0 187 36 154 0 255 12 222 249 103 255 6 118
    150 169 57 0 255 227 0 255 232 178 3 0 255 0 27 216 0 255 255 255
    255 221 255 76 184 123 0 0 0 216 209 255 72 100 207 255 74 66 245 20
    0 0 155 0 58 194 0 0 202 255 255 255 165 45 130 95 255 246 82 0 208
    255 149 255 155 0 255 42 0 248 238 0 0 205 0 38 131 0 255 116 68 182
    198 109 5 0 64 255 129 204 195 255 207 231 116 255 255 0 121 0 31 66
    27 150 0 55 255 93 179 216 253 255 209 138 79 255 168 0 255 31 0 178
    33 186 0 255 255 13 28 157 255 0 255 233 197 196 217 255 151 125 13
    0 174 62 237 96 24 255 255 128 4 166 0 189 0 48 55 160 69 83 223 114
    128 255 0 0 243 147 0 255 104 0 169 255 30 171 151 48 154 106 35 19
    16 0 0 86 21 31 189 138 133 255 66 255 108 255 255 0 60 255 2 169 57
    165 199 255 255 0 0 0 44 205 0 61 55 255 46 171 87 147 160 255 255
    255 28 255 1 199 32 0 255 255 246 0 40 87 81 255 111 186 236 43 0 0
    143 116 255 255 3 144 239 48 81 25 0 0 18 39 141 0 182 111 212 0 0 5
    53 100 57 162 24 25 64 107 122 195 18 78 255 19 66 0 0 46 100 0 0 0
    242 6 0 29 26 17 164 0 255 136 172 81 78 155 255 0 76 255 75 172 58
    43 0 49 191 109 141 0 255 0 112 0 87 83 0 255 76 0 0 165 66 63 236
    86 0 94 0 124 91 226 255 199 0 0 76 13 195 169 152 2 179 4 2 242 154
    113 0 165 204 0 193 224 0 39 255 238 226 92 0 118 0 145 56 172 138
    143 3 17 136 172 0 46 79 157 255 234 40 189 31 0 0 43 30 38 197 207
    139 75 0 0 255 65 255 0 255 232 80 47 147 74 129 121 255 10 175 77
    81 151 37 0 120 0 255 222 255 255 255 129 0 255 225 0 42 255 85 186
    11 0 111 107 10 183 255 17 252 156 210 111 255 255 255 27 53 255 0
    255 255 105 193 2 31 255 67 33 247 0 255 0 247 152 0 255 0 0 50 117
    158 44 147 255 107 0 70 26 0 218 249 0 0 255 0 0 255 253 27 148 197
    206 0 255 82 140 0 255 0 105 213 0 51 244 219 203 157 114 81 0 225
    52 0 80 173 18 163 0 255 163 125 166 212 113 198 154 68 33 150 255
    255 127 255 121 0 76 232 101 80 0 101 114 216 58 15 69 206 17 168
    255 47 255 0 107 43 0</data></your_img>
</opencv_storage>
