<?xml version="1.0"?>
<opencv_storage>
<filter_type>0</filter_type>
<only_luma>0</only_luma>
<r1>1</r1>
<r2>2</r2>
<L2_diff>9.8575098275375819e+02</L2_diff>
<test_img type_id="opencv-matrix">
  <rows>128</rows>
  <cols>256</cols>
  <dt>u</dt>
  <data>
    40 177 57 207 206 120 193 126 9 149 235 216 8 29 248 115 150 40 61
    50 233 170 116 90 232 119 181 158 86 210 68 250 147 145 24 17 68 44
    31 89 88 15 166 94 120 229 127 71 9 173 12 85 201 215 245 203 128
    127 253 46 115 36 126 4 147 27 228 130 213 60 27 137 206 34 239 178
    185 91 115 29 5 24 5 59 214 234 70 36 183 122 123 43 34 63 126 17
    107 0 225 36 45 7 63 71 205 200 18 168 8 210 236 27 124 28 109 191
    101 102 223 233 114 40 207 75 27 254 147 89 140 210 52 181 181 233
    205 72 36 42 175 4 167 18 153 113 68 41 213 5 88 83 45 31 33 59 80
    135 62 179 90 243 203 52 85 68 10 176 175 48 241 52 170 28 6 133 164
    159 127 128 36 132 19 10 46 137 84 210 130 140 113 68 37 188 185 229
    252 154 125 52 177 81 160 194 70 81 80 95 159 190 134 85 150 87 137
    192 197 35 22 211 212 77 226 46 12 189 205 172 178 221 143 163 147
    151 186 172 49 163 176 59 127 218 144 236 157 139 74 73 248 17 241 9
    164 248 119 144 252 33 215 35 33 198 167 161 5 201 12 15 246 87 58
    117 81 174 109 40 22 174 78 206 92 146 3 203 106 153 112 60 89 182
    173 29 49 150 208 168 203 114 17 205 17 219 187 77 128 207 24 215
    134 214 23 91 146 126 115 50 162 13 185 144 226 142 74 179 144 21 32
    124 193 38 228 189 88 247 194 159 151 187 16 122 77 39 72 74 20 191
    85 136 89 125 50 42 110 35 142 193 122 72 62 248 242 161 45 138 8
    183 176 70 227 169 165 106 4 30 149 54 195 156 213 118 130 129 226
    240 123 177 40 67 51 146 21 27 237 123 14 10 173 24 20 48 68 99 167
    90 27 140 72 194 123 132 145 159 140 32 150 0 91 228 163 81 66 177
    172 236 182 110 180 229 227 154 40 52 100 129 24 162 32 250 46 185
    86 5 160 145 223 211 13 230 153 151 145 14 162 114 13 69 168 198 217
    25 163 218 162 32 105 242 23 16 156 235 42 99 12 183 201 163 164 236
    200 115 189 161 140 244 222 184 212 69 147 220 147 121 51 212 247
    225 24 91 48 193 234 223 37 197 7 235 254 222 200 100 191 168 128
    114 233 0 5 43 137 33 236 253 27 202 159 94 227 245 70 88 151 157
    123 170 183 38 137 220 48 63 175 27 116 128 243 188 149 128 148 163
    72 82 108 133 53 108 101 184 14 178 59 231 171 71 114 50 82 3 126 85
    70 10 78 132 9 183 38 3 178 253 206 91 4 8 14 132 97 29 169 199 24
    243 228 229 66 11 121 89 92 174 65 226 231 205 101 156 161 6 219 201
    81 222 102 199 148 43 171 131 156 246 82 49 96 98 174 82 39 141 79
    16 186 0 120 59 229 15 143 40 48 40 194 227 43 196 68 134 129 198
    253 161 242 128 160 203 224 147 198 206 241 78 135 8 137 218 162 86
    109 181 219 228 142 116 148 121 233 249 190 69 150 201 87 66 241 40
    239 185 248 68 209 139 35 83 46 81 198 33 40 251 20 222 19 195 138
    121 33 72 228 169 112 25 203 24 40 133 20 234 199 143 46 177 96 105
    98 250 10 56 9 113 143 99 75 104 224 27 64 176 25 146 139 238 241 30
    4 34 149 174 193 232 248 218 187 109 134 184 193 243 11 47 80 19 42
    29 104 235 107 215 104 101 32 241 2 17 249 119 147 134 159 10 238 23
    202 21 9 37 5 127 178 25 222 221 60 70 151 204 186 10 252 189 175
    141 41 126 193 106 182 29 213 76 63 108 32 114 106 18 35 245 34 97
    63 202 162 157 30 46 69 72 37 35 200 149 27 152 152 3 77 90 172 78
    78 5 23 142 96 209 111 158 134 201 191 126 225 62 10 32 64 165 255
    34 85 16 182 4 220 212 72 22 11 239 222 143 46 170 119 102 228 6 82
    68 220 188 87 89 227 213 218 71 251 65 195 80 169 110 151 84 209 212
    157 31 92 200 237 110 213 33 18 215 217 130 199 128 235 216 90 107
    220 131 37 218 159 209 179 2 148 8 194 22 39 112 240 107 99 17 110
    170 113 157 14 209 71 173 136 173 197 37 140 217 84 8 215 125 134
    113 64 82 232 185 108 92 184 198 254 119 204 33 181 183 153 188 181
    158 93 126 212 206 118 65 245 11 86 65 128 132 194 92 9 54 178 179
    119 255 5 78 95 34 145 50 219 53 0 227 33 234 195 140 85 81 113 181
    206 177 76 205 235 79 102 175 186 33 209 132 185 202 18 55 192 241
    115 7 210 136 172 212 208 184 142 42 104 117 119 164 176 154 238 108
    163 141 240 183 21 176 234 98 100 148 204 254 130 80 232 213 192 177
    72 233 107 54 66 199 132 176 46 82 66 108 203 85 221 84 191 232 194
    22 224 98 235 228 254 240 160 99 50 90 250 93 145 112 147 127 2 69
    27 135 196 227 244 57 125 144 229 103 56 146 206 180 217 123 37 147
    233 163 23 160 59 65 87 2 217 231 101 166 12 21 80 49 134 98 148 84
    105 117 177 238 200 225 49 226 145 45 242 87 45 47 28 161 134 161
    179 186 51 83 176 238 231 55 169 25 92 110 137 226 82 44 146 96 147
    171 180 128 3 17 59 228 149 183 110 86 34 134 78 148 220 11 31 111
    60 85 193 243 118 31 9 207 15 130 239 151 104 251 27 225 199 174 62
    207 76 161 77 251 227 186 20 241 115 131 163 72 233 97 77 189 201 81
    170 104 251 194 80 132 113 152 210 239 93 167 75 75 235 229 31 99 16
    203 1 187 142 144 168 216 13 154 198 126 217 252 160 20 163 148 104
    252 233 231 174 221 122 249 158 11 61 65 174 90 175 5 81 31 0 41 93
    212 143 216 220 135 99 151 127 87 146 200 163 111 156 144 189 211
    228 72 250 182 144 22 103 141 159 86 160 34 37 192 2 62 55 183 24
    191 244 113 124 160 8 18 73 137 107 23 108 106 190 18 189 229 225 69
    151 43 91 202 21 61 88 111 197 238 118 157 169 143 111 43 25 44 51
    130 104 56 83 28 191 59 234 105 139 212 185 143 237 49 94 215 126 54
    175 67 202 110 197 176 252 240 230 118 37 230 165 13 188 118 227 158
    103 111 77 145 126 225 135 107 29 135 107 218 158 192 220 221 6 224
    204 83 254 219 65 73 201 10 107 217 132 23 219 137 15 127 248 152
    158 36 55 101 152 35 137 238 35 167 173 190 225 250 87 139 53 64 187
    229 171 188 79 15 215 199 238 99 184 252 93 195 52 23 151 204 144
    112 31 63 112 28 151 153 148 130 172 44 240 192 152 140 156 135 246
    182 252 106 205 131 171 194 213 187 221 93 134 16 126 184 20 131 80
    49 48 169 169 100 192 96 176 221 24 80 43 15 214 42 140 36 123 37
    106 139 239 221 89 3 180 113 88 143 113 240 248 43 201 67 133 43 14
    109 134 205 216 140 18 148 173 37 166 165 13 2 57 38 251 19 218 67
    156 137 20 52 94 196 52 57 47 208 162 57 47 151 232 49 225 19 2 218
    203 119 137 94 10 45 15 209 216 52 37 42 175 15 198 20 126 196 188
    244 228 106 131 14 101 208 231 126 116 26 147 201 142 226 149 32 92
    46 226 80 144 168 0 73 125 105 21 101 149 44 47 143 99 34 198 136 15
    200 63 224 146 108 46 181 246 3 48 9 79 31 164 230 75 144 222 191
    224 189 155 154 137 40 178 184 111 184 70 100 231 115 129 226 228 50
    247 151 172 166 23 202 165 32 18 66 234 8 233 59 202 194 52 151 13
    80 50 41 177 180 191 238 200 114 223 141 102 168 218 218 14 158 87
    230 41 154 55 43 101 202 62 184 177 135 124 75 183 50 144 170 115 20
    123 121 24 50 106 109 9 141 58 97 88 245 36 72 23 105 67 27 149 170
    228 140 195 86 1 92 166 52 56 231 117 84 160 226 219 62 239 219 129
    148 79 152 229 233 142 18 82 128 22 249 35 196 173 132 148 171 203
    127 226 31 100 219 155 151 200 142 117 46 91 114 11 189 199 11 30 73
    130 80 5 223 43 161 60 203 66 75 139 140 66 133 222 149 35 120 193
    43 52 231 245 144 244 101 62 50 27 116 123 27 158 221 22 188 169 40
    33 229 175 170 0 54 8 51 74 197 184 26 248 233 53 238 158 168 135 21
    65 230 98 195 154 225 199 151 0 142 107 172 118 195 76 217 88 39 211
    61 192 188 214 211 127 124 149 0 157 116 169 77 193 58 235 91 65 82
    183 71 232 252 25 65 155 242 116 218 163 182 169 221 175 141 54 248
    73 129 240 7 144 150 13 203 33 134 228 196 11 113 210 207 199 205
    146 184 121 81 208 48 156 228 103 111 44 39 49 25 218 198 237 173 78
    237 67 247 124 216 71 140 28 112 209 153 196 138 117 63 80 50 166
    138 8 124 44 207 151 69 31 24 39 129 49 58 248 100 222 18 128 55 50
    15 216 200 56 190 112 201 199 31 130 74 186 75 175 152 230 100 40
    220 141 130 66 113 94 69 70 179 84 137 136 189 33 80 245 13 65 23
    124 209 239 37 95 234 113 253 87 156 64 206 135 220 41 194 108 123
    37 155 70 55 14 74 140 244 154 100 42 205 227 240 153 71 34 16 252
    74 70 163 226 149 103 51 239 198 244 129 234 69 40 107 95 135 55 37
    207 146 207 173 74 203 233 220 111 174 129 106 70 237 15 155 214 86
    227 210 32 249 125 108 232 142 163 15 97 51 244 48 136 214 113 5 31
    170 89 247 40 67 51 65 32 51 173 149 38 45 163 167 138 78 84 36 36 5
    48 172 75 202 243 146 87 15 47 28 56 205 174 233 136 61 77 150 138
    50 227 132 40 98 33 191 216 77 248 200 175 60 77 1 27 90 111 37 91
    27 26 220 186 102 75 185 87 187 225 178 40 227 91 94 206 79 190 140
    57 41 126 167 210 221 96 58 252 144 170 102 40 105 91 255 181 59 163
    87 58 28 162 141 47 93 129 176 222 237 255 235 16 43 199 117 88 60
    57 157 188 126 112 210 182 7 34 162 251 196 42 128 96 223 214 202
    175 4 176 121 149 61 115 70 193 172 252 70 208 119 125 60 32 121 66
    35 153 161 248 30 81 155 12 123 225 235 133 125 245 231 36 45 153
    159 40 240 59 85 188 193 210 246 184 112 18 69 57 216 240 192 175
    116 8 94 55 83 158 235 165 254 21 140 45 121 108 97 14 33 4 179 82
    233 220 167 127 38 162 133 76 48 65 17 222 114 131 230 45 195 235 59
    144 113 75 3 232 90 104 250 234 43 133 69 195 77 152 168 212 171 108
    202 81 252 90 59 174 147 91 213 149 229 16 225 246 33 2 250 63 142 1
    29 156 227 2 184 128 232 166 141 101 241 94 254 14 65 71 112 44 234
    13 122 183 253 206 211 165 97 152 128 29 151 182 160 250 147 104 168
    68 35 174 59 230 174 123 221 23 64 241 143 116 14 165 207 173 198 42
    107 182 249 110 0 145 28 157 26 13 206 73 76 36 222 146 236 177 252
    122 222 199 44 126 205 232 239 245 118 254 51 191 82 225 246 112 123
    57 95 127 139 242 194 135 211 3 34 133 180 55 98 55 157 179 198 187
    177 151 144 174 117 92 245 62 164 39 105 26 183 64 217 144 165 180
    40 251 163 49 132 102 141 152 6 51 202 238 92 17 10 120 42 67 78 226
    96 87 197 198 160 99 147 112 92 40 105 170 238 207 133 206 51 58 117
    49 65 195 231 198 231 146 132 154 41 215 183 253 81 243 80 66 0 191
    57 52 75 77 109 160 96 229 66 105 151 177 130 9 75 51 4 76 208 248
    173 232 65 12 235 98 104 195 140 160 12 12 149 235 133 58 31 10 176
    112 7 156 43 57 255 61 10 180 246 111 145 127 215 1 27 198 1 178 97
    102 28 142 1 78 48 95 48 34 27 26 40 67 102 201 117 215 31 202 181
    152 168 86 212 218 47 70 60 81 179 205 67 29 63 195 5 179 189 235
    156 105 52 53 104 152 225 90 219 30 240 63 224 241 85 115 120 133 5
    130 198 111 52 191 177 122 21 143 18 98 66 72 52 7 179 155 84 151
    165 188 141 97 165 156 215 118 209 99 52 201 243 5 83 154 236 198
    116 196 30 173 55 255 158 34 3 233 81 149 225 220 158 227 113 246
    202 55 140 149 196 165 190 106 17 35 206 33 119 16 79 138 109 186
    133 112 44 70 67 27 195 42 181 102 179 0 10 155 188 47 79 228 118
    165 41 0 171 86 12 2 73 230 60 214 163 175 98 81 83 240 163 72 42 61
    176 23 231 110 80 24 208 66 217 55 195 252 22 60 106 149 202 142 232
    249 12 155 231 22 182 221 76 48 44 21 190 146 26 68 71 66 19 49 209
    166 229 182 24 38 129 169 208 135 10 226 99 211 125 119 122 182 56
    28 190 201 173 148 18 73 238 212 109 252 43 115 16 147 164 7 140 15
    236 17 101 18 25 120 8 230 83 211 195 26 170 131 221 14 233 55 92
    111 234 143 250 139 20 6 4 228 3 93 43 221 53 38 131 17 106 194 105
    252 52 249 97 91 12 204 195 29 90 38 32 17 227 89 25 215 142 174 56
    76 20 141 63 59 82 7 224 69 111 59 55 212 151 147 55 18 43 54 50 156
    98 24 40 147 22 43 148 200 71 120 144 155 147 91 34 22 0 230 200 174
    187 191 65 52 45 180 57 120 229 18 174 36 52 247 11 179 93 123 110
    248 82 181 136 143 3 86 140 121 242 126 171 162 86 151 54 208 121
    149 144 106 82 18 35 222 208 224 248 150 113 50 66 207 219 38 77 38
    229 167 234 213 100 87 151 104 15 96 193 205 244 15 209 98 199 66
    232 201 232 143 177 75 6 86 121 141 160 111 226 183 45 207 147 193
    194 98 72 255 139 0 122 240 173 27 188 84 88 183 209 94 83 103 235
    126 38 198 134 47 157 232 81 8 165 33 225 132 42 136 122 104 11 143
    162 42 234 105 176 200 54 170 199 249 196 31 134 238 81 79 249 210
    57 106 165 139 10 243 38 149 7 47 99 234 1 53 107 110 175 147 56 172
    73 164 118 230 120 25 35 175 50 102 60 206 5 178 4 170 217 118 63
    228 221 52 182 145 176 134 72 31 77 234 135 119 112 239 51 154 11
    238 24 252 210 11 69 79 121 62 105 25 215 191 234 149 166 226 232 57
    25 149 249 122 66 112 183 115 3 36 18 125 199 236 149 27 131 191 173
    148 16 54 214 35 110 110 99 155 64 62 105 101 16 251 157 145 16 15
    138 115 14 224 92 169 208 132 194 171 142 136 97 194 135 55 31 33
    196 253 104 140 242 38 151 137 114 149 173 97 156 107 13 174 96 224
    63 247 162 252 171 60 17 158 11 237 51 98 153 89 175 129 98 73 97
    132 243 190 13 72 189 116 141 7 160 206 13 24 19 218 36 40 157 50
    198 251 253 84 225 46 24 129 20 239 220 56 23 119 49 92 224 167 201
    136 245 237 82 253 190 67 51 99 91 47 156 100 45 68 1 132 254 71 13
    102 89 243 223 102 248 14 184 29 88 234 196 169 187 217 202 208 118
    158 197 251 59 8 130 91 218 235 237 254 228 36 227 138 144 56 117 47
    255 84 146 33 247 61 92 7 253 2 232 157 117 35 158 191 166 125 206
    78 226 190 82 100 219 103 22 33 166 191 55 13 105 148 58 45 152 174
    86 182 159 140 43 8 57 26 7 125 85 71 94 85 215 126 109 42 187 145 5
    210 138 150 188 137 48 165 52 215 104 208 80 112 77 165 8 126 62 85
    32 247 113 227 179 172 142 24 111 176 247 230 64 29 9 218 186 7 100
    29 51 12 26 191 119 97 201 14 207 96 40 114 201 148 75 124 188 236
    167 217 42 242 231 75 130 69 28 197 31 123 149 246 194 253 56 132 9
    205 55 134 92 112 231 127 225 65 73 200 19 118 189 209 19 133 245
    174 229 4 30 187 248 234 20 161 53 127 42 42 42 157 25 87 165 253 0
    213 178 24 50 76 82 128 221 171 239 30 88 173 165 196 225 164 41 199
    144 164 115 44 167 197 185 53 154 86 229 135 254 52 114 179 212 29
    62 203 37 56 37 91 66 0 92 98 100 40 82 196 217 186 209 160 198 106
    58 85 147 188 63 158 135 232 60 247 220 55 251 208 126 123 78 31 182
    169 123 209 43 203 155 51 144 59 96 182 192 183 70 177 112 207 236
    46 95 209 240 161 25 242 65 48 184 131 99 204 158 34 231 80 86 119
    127 230 19 221 190 72 228 137 36 86 48 120 103 148 198 251 221 54 11
    99 172 82 49 193 242 33 69 247 107 135 185 234 189 221 186 213 9 154
    45 42 214 113 210 183 31 211 206 12 101 158 155 42 83 199 155 183
    119 48 233 8 29 73 47 110 235 45 230 181 69 195 109 126 50 86 44 249
    11 87 248 1 62 77 178 34 160 15 1 99 97 206 26 65 125 29 188 10 153
    148 165 195 253 221 254 128 70 92 201 16 106 132 221 136 148 99 57
    89 133 155 228 19 78 50 83 163 169 132 48 146 254 146 42 117 239 42
    199 212 138 91 209 223 80 146 223 185 234 226 10 19 208 246 1 48 255
    86 45 242 29 205 184 157 66 29 133 29 200 190 179 93 86 15 165 251
    169 47 104 26 111 109 29 185 93 171 100 44 129 0 153 161 255 107 247
    189 158 16 227 82 45 122 100 235 205 170 159 6 41 146 0 134 236 225
    14 43 203 210 248 42 29 209 242 152 50 18 41 152 117 37 67 82 44 44
    116 81 91 40 56 234 114 122 46 67 251 67 89 14 219 97 177 56 238 138
    148 26 174 87 19 115 57 50 66 55 114 60 160 197 198 65 70 53 46 77
    140 255 106 14 79 255 76 191 142 191 41 170 213 90 41 56 255 126 43
    135 220 138 6 153 158 27 44 81 129 104 173 170 13 204 165 184 115 63
    24 201 103 73 215 243 65 251 37 99 247 226 25 73 194 186 182 96 26
    127 253 157 82 252 60 9 215 66 88 19 107 31 42 167 34 230 226 71 205
    85 84 194 153 60 162 47 8 90 222 119 95 146 169 193 5 138 216 165
    165 140 220 194 154 35 111 252 237 217 247 134 194 85 18 77 232 229
    128 167 120 139 198 2 239 50 167 24 98 113 188 178 218 103 59 202
    224 43 116 75 55 246 188 111 111 28 77 153 150 194 173 194 176 68
    156 148 117 71 195 96 16 56 42 202 87 131 25 227 79 187 61 27 118
    208 130 108 204 82 46 139 22 184 65 195 80 9 35 47 44 80 0 236 153
    194 141 223 5 130 76 142 22 178 72 213 178 208 28 31 225 56 118 246
    23 218 39 110 113 247 141 153 29 63 221 173 47 59 23 143 176 222 245
    83 73 178 202 52 146 43 63 92 185 152 112 100 171 139 112 158 50 136
    227 30 64 234 128 192 98 248 83 35 245 38 32 165 134 92 223 242 196
    119 155 18 56 254 35 30 172 205 138 250 130 225 131 209 104 149 78
    145 9 177 156 96 165 128 180 52 227 140 23 187 77 51 96 49 171 235
    248 14 40 193 210 175 234 220 74 182 37 211 112 202 103 55 240 8 168
    107 119 109 207 24 79 188 29 208 198 254 123 152 253 219 232 52 52
    79 76 237 235 226 182 216 125 108 215 150 143 104 72 208 14 109 186
    248 60 100 224 255 24 78 125 129 65 17 33 244 32 67 135 7 141 122
    218 11 189 54 237 187 116 208 112 175 163 85 205 221 241 27 97 183
    183 32 254 230 15 135 112 83 47 117 80 107 166 108 240 253 82 244 82
    218 221 10 39 34 51 79 211 6 87 24 141 2 196 253 243 245 241 6 96 76
    114 188 63 58 92 98 123 6 95 150 251 132 222 190 164 140 180 245 213
    189 227 160 14 136 253 88 189 48 251 44 2 163 119 82 131 158 210 181
    96 43 188 199 123 224 16 239 103 20 109 5 34 44 83 26 10 227 241 2
    204 211 60 81 148 56 87 116 91 124 124 225 214 89 42 38 179 177 183
    36 54 164 244 192 170 87 244 1 147 240 100 143 142 111 12 65 235 143
    159 232 121 167 204 28 105 130 29 149 217 22 90 40 195 81 91 210 136
    222 77 182 95 214 141 139 251 175 154 199 95 230 49 156 123 3 250
    224 175 183 216 19 198 193 186 43 177 255 51 129 130 47 224 182 143
    126 105 245 135 180 151 192 200 56 241 83 139 54 92 4 71 90 77 58
    254 100 162 52 248 138 113 254 217 175 63 127 123 200 161 14 16 154
    131 28 81 142 216 121 212 110 20 27 149 69 252 17 177 214 176 212 92
    173 238 16 97 83 65 142 5 46 22 95 20 61 215 255 155 38 40 255 43 79
    188 30 173 203 251 32 176 228 250 126 233 22 137 227 130 126 176 189
    9 92 116 152 186 5 76 10 11 160 203 249 171 179 137 149 120 66 44
    233 123 109 249 101 76 116 118 108 221 208 48 173 104 59 62 140 106
    182 241 145 67 33 17 73 71 129 139 31 123 49 197 13 148 116 178 63
    146 58 212 157 50 102 163 84 251 0 66 174 195 90 205 12 58 11 23 209
    174 249 237 19 60 35 110 155 127 13 5 137 84 210 100 63 156 133 209
    30 48 234 183 121 203 80 114 32 38 247 178 121 112 32 98 184 236 21
    244 23 32 214 227 11 211 32 207 91 88 138 61 55 186 210 150 153 205
    116 185 148 175 250 204 114 42 244 60 138 89 199 118 46 126 123 175
    140 63 31 173 252 180 106 198 18 169 13 86 14 17 193 112 253 158 7
    39 138 0 98 30 99 111 216 13 67 25 91 172 36 255 61 35 250 208 21
    171 211 160 93 222 62 96 174 134 74 127 235 72 37 221 60 113 236 35
    183 128 61 171 238 190 12 145 95 122 245 202 237 199 242 141 188 133
    239 254 175 68 253 40 247 132 188 241 95 55 81 129 111 98 97 8 255
    119 150 59 135 183 41 28 154 229 155 103 248 232 22 34 144 175 125
    42 36 46 76 25 218 0 226 214 191 102 86 73 9 6 125 104 134 147 140
    233 69 146 215 255 142 104 113 21 71 46 231 244 68 112 49 56 32 71
    145 190 234 245 139 87 133 5 243 120 189 233 64 61 84 152 185 145 99
    124 58 143 124 5 16 72 38 74 39 7 159 244 112 206 122 224 19 1 104
    125 204 240 213 163 31 26 74 126 132 212 127 171 142 103 32 201 58
    66 144 21 95 53 142 224 182 233 123 3 175 224 195 187 22 91 252 235
    93 80 147 63 70 1 143 55 112 146 244 214 75 83 159 185 35 105 86 213
    20 243 165 59 111 195 72 130 188 23 148 20 251 96 145 136 52 106 232
    167 151 232 96 119 240 52 183 75 187 81 116 201 247 188 151 104 99
    119 36 80 188 215 97 234 250 76 59 131 131 129 228 19 14 169 129 107
    241 78 45 149 175 130 219 166 44 156 214 169 228 20 105 81 184 241
    252 121 200 141 149 160 107 32 47 54 118 73 110 149 147 146 76 21
    220 105 193 124 172 170 73 237 33 113 47 219 142 76 211 157 157 34
    90 28 91 215 150 44 61 241 15 86 97 46 42 40 181 19 233 150 235 146
    55 96 3 199 40 162 88 152 152 89 0 163 199 221 204 96 183 81 206 251
    220 100 144 97 242 60 247 140 113 1 100 236 213 43 248 67 200 126 75
    167 165 138 27 240 144 200 134 160 155 167 25 41 160 206 160 137 213
    249 106 145 78 253 171 101 168 178 226 238 156 188 225 25 96 117 204
    192 8 205 25 149 236 232 57 189 224 70 0 76 218 88 10 60 166 220 28
    176 85 180 135 97 79 123 188 173 233 250 16 236 39 132 130 233 25 37
    184 202 117 95 33 93 65 143 151 37 66 31 160 167 50 224 9 62 125 183
    240 124 129 111 72 116 94 95 218 111 129 10 78 202 112 138 82 15 6
    106 128 218 150 55 90 40 180 174 209 72 178 210 45 116 248 57 176
    210 5 84 254 85 59 26 247 7 143 131 180 206 227 202 215 209 180 195
    50 68 222 66 115 160 35 135 32 158 149 51 188 134 234 76 78 174 141
    45 11 55 185 81 199 239 102 49 75 252 247 213 168 207 157 48 199 75
    77 151 150 213 112 106 211 177 163 61 26 53 78 72 106 248 194 142
    205 92 226 17 223 32 158 53 61 61 28 111 226 113 202 160 22 183 79
    244 53 151 64 89 146 30 244 241 156 83 214 39 100 254 184 14 16 26
    216 190 73 16 188 254 28 120 172 32 180 199 24 159 121 148 45 113
    214 253 64 104 50 218 29 106 47 162 242 55 157 180 170 220 154 172
    103 99 93 78 174 121 208 18 101 234 2 41 104 213 219 83 183 136 122
    182 109 214 2 194 115 106 207 186 249 106 180 216 42 169 216 124 130
    73 92 205 147 242 22 54 29 147 5 222 179 149 178 84 198 113 55 117
    121 253 5 39 240 109 179 225 127 146 109 232 239 138 13 100 36 141
    118 191 10 84 24 80 94 103 147 161 15 202 136 30 130 127 219 245 76
    84 124 235 159 50 146 148 147 55 197 184 61 111 113 33 61 189 162 87
    0 39 251 37 71 224 223 137 14 237 199 20 64 177 160 140 99 127 185
    85 135 192 61 223 126 167 55 22 255 93 111 132 131 179 255 124 209
    89 18 90 90 254 24 169 227 209 212 100 215 16 82 112 28 240 103 238
    14 133 185 37 247 84 85 109 204 230 142 154 147 164 15 35 74 251 78
    233 188 68 121 81 122 171 211 0 184 135 156 149 183 183 174 7 7 161
    252 236 55 40 80 100 255 64 7 254 116 164 114 34 143 53 245 124 113
    251 226 140 252 1 22 26 203 77 67 173 92 82 247 177 140 229 42 165
    248 195 121 212 132 3 189 125 43 193 68 141 63 106 230 198 42 25 149
    150 56 176 196 44 132 67 162 255 151 79 88 101 34 254 71 242 95 184
    187 42 90 172 244 149 219 248 203 61 191 145 131 66 165 116 110 156
    191 74 135 160 41 133 227 155 105 222 35 44 103 77 107 163 99 136 70
    224 122 6 85 32 4 75 85 198 221 217 173 48 6 182 193 151 232 230 163
    161 199 248 243 216 85 122 116 112 76 183 40 181 166 59 58 251 40
    211 221 130 223 85 201 143 125 227 218 34 63 223 183 161 49 195 209
    134 255 189 142 128 213 159 138 133 62 186 78 253 9 156 218 189 37
    144 187 8 219 185 71 233 187 208 9 199 64 183 86 250 32 179 3 42 247
    92 12 26 88 35 246 29 158 214 50 103 147 89 235 174 22 38 21 176 57
    77 151 103 115 37 141 114 157 40 192 18 119 102 238 144 137 209 103
    108 90 0 88 55 254 59 216 224 84 134 210 112 153 225 224 26 145 220
    21 46 244 50 230 26 106 240 110 41 143 12 122 121 209 133 254 184 92
    93 236 131 111 153 94 92 252 143 70 251 127 151 6 3 6 155 195 238
    202 130 0 242 147 214 215 109 50 165 66 227 111 20 79 40 177 142 175
    147 196 156 175 101 58 143 238 229 176 83 150 14 74 94 132 171 154
    138 253 213 73 171 185 90 78 134 247 6 198 189 199 243 115 127 172
    78 205 79 185 121 93 251 214 242 162 113 135 9 177 122 150 146 4 208
    31 158 193 190 209 25 15 15 203 161 252 248 123 46 255 243 9 197 168
    192 147 204 156 236 176 9 61 92 47 237 227 252 237 104 163 69 245 43
    132 73 96 2 252 104 77 118 173 107 241 134 71 100 93 44 180 169 193
    209 82 178 130 100 105 57 166 149 230 88 0 91 103 128 28 242 111 183
    92 52 104 166 167 125 215 128 69 164 121 179 76 194 50 207 121 66
    221 215 154 221 12 92 96 1 109 28 53 111 173 243 57 122 99 104 233
    42 122 196 95 255 238 151 91 182 255 250 138 118 60 77 21 222 143 53
    107 126 145 4 115 243 215 105 136 15 80 251 62 156 61 192 101 221
    201 204 215 253 198 30 200 82 111 174 153 248 108 26 13 234 50 59 97
    71 83 75 245 71 34 232 90 226 128 169 119 85 210 59 57 47 236 161
    237 117 134 186 197 39 51 131 48 46 188 62 192 104 64 150 211 44 28
    203 178 242 15 214 227 230 61 118 184 65 38 24 215 247 217 155 210
    221 175 190 59 159 118 19 63 159 164 178 112 81 100 239 68 52 53 93
    218 203 42 220 77 227 137 219 50 161 188 67 5 146 230 135 251 36 100
    130 148 134 196 151 178 202 149 234 103 183 54 252 0 49 228 208 182
    94 112 107 141 221 94 16 123 164 68 217 28 242 110 186 97 148 138
    183 195 242 115 243 120 150 97 177 149 227 156 222 58 248 208 99 120
    59 77 212 51 226 86 108 190 241 74 181 217 233 58 7 63 139 240 132
    76 170 194 138 125 252 19 189 114 36 190 222 30 176 237 90 114 213
    197 183 189 50 128 254 240 57 89 203 137 72 191 43 28 154 109 5 93
    252 48 208 255 87 168 75 9 14 63 136 76 216 120 42 203 168 48 195
    163 174 81 204 95 83 30 49 10 183 239 247 159 142 61 78 113 172 29
    238 255 112 134 250 111 187 155 132 207 132 210 2 75 240 29 61 125 7
    74 196 173 196 208 118 43 231 33 29 142 82 133 62 27 50 84 253 6 9
    240 45 128 246 255 156 150 9 95 244 98 56 148 144 11 173 174 180 118
    102 166 101 34 151 95 136 221 107 30 207 83 12 136 2 90 85 90 239
    234 143 35 124 167 227 187 156 184 169 218 14 154 156 113 192 253 45
    77 60 0 89 173 87 224 44 170 151 140 4 38 28 127 186 196 30 157 50
    91 80 30 228 155 18 188 193 156 132 229 229 90 172 129 59 104 206
    204 241 246 162 30 107 131 198 59 93 248 157 55 236 198 17 180 54
    215 161 178 218 24 116 133 240 73 4 23 167 54 60 194 28 146 231 48 0
    246 202 71 116 13 124 4 145 199 54 27 246 39 89 216 242 127 221 45
    206 133 123 49 64 211 189 93 170 234 215 62 69 3 236 190 121 138 103
    157 214 28 131 53 226 41 147 204 187 76 116 89 61 136 157 72 242 185
    152 183 75 112 216 180 173 205 95 192 197 99 57 117 242 133 218 229
    148 112 144 84 62 61 126 28 191 59 224 98 225 139 127 107 26 47 84
    74 128 18 37 165 26 46 46 159 243 168 44 60 26 185 61 53 245 114 190
    234 172 54 209 167 196 69 71 110 8 192 187 140 26 242 128 135 178 61
    136 117 165 182 98 105 54 7 17 135 28 227 239 88 134 163 16 197 176
    158 27 134 159 44 219 55 159 49 254 117 252 148 105 93 30 189 44 183
    159 102 217 105 75 49 239 47 204 190 129 143 33 238 137 138 146 73
    194 221 238 65 80 221 44 189 62 79 246 243 11 96 248 15 50 6 32 228
    76 37 112 81 27 91 185 55 75 206 22 190 92 108 41 225 151 248 126 83
    45 252 152 172 33 238 137 223 1 1 248 75 39 101 23 240 235 24 76 99
    208 246 66 1 105 98 138 143 43 162 134 16 154 144 191 209 164 184 83
    28 199 37 110 151 53 141 90 178 91 54 8 167 162 50 176 232 160 240
    77 66 175 148 29 212 198 103 4 25 29 205 184 213 109 176 239 122 31
    253 169 80 172 131 94 173 248 78 41 168 147 122 77 226 119 74 172 2
    3 5 67 50 177 236 226 7 181 16 178 248 66 111 155 15 204 242 128 250
    10 209 68 22 63 250 231 143 133 81 239 7 98 250 38 79 196 123 41 192
    109 253 120 46 181 209 229 74 85 231 174 237 1 23 215 122 35 147 7
    130 28 17 238 150 205 7 230 201 143 148 207 237 220 239 136 107 153
    108 219 53 165 177 127 79 124 166 132 64 30 216 43 55 15 134 60 154
    21 44 102 41 65 170 197 231 103 4 180 132 68 225 213 138 144 88 227
    242 50 184 50 58 170 233 12 147 20 106 35 38 54 204 236 56 88 156
    126 130 144 161 67 0 186 246 25 235 134 38 117 33 152 176 110 203 8
    116 119 150 84 58 199 37 76 189 235 209 30 36 192 183 199 92 107 58
    35 55 59 28 69 41 230 178 154 166 78 26 217 83 225 78 104 230 35 44
    66 9 151 91 178 151 134 94 134 193 138 219 225 43 230 7 89 129 57
    235 175 103 212 129 75 173 143 38 224 175 251 220 231 58 93 100 213
    43 143 22 40 64 73 194 252 65 100 138 47 25 218 70 249 140 6 93 53
    160 193 88 61 34 197 119 146 122 5 197 184 224 175 222 127 6 28 3 24
    227 205 110 85 18 201 24 218 121 79 0 89 253 232 3 51 98 71 210 69
    60 27 104 190 65 67 18 202 52 195 91 50 219 117 210 161 185 168 134
    15 204 21 245 8 145 9 67 45 143 23 176 140 220 94 18 24 46 53 248 11
    135 159 236 49 129 218 195 138 32 3 79 23 207 150 187 194 147 65 49
    226 86 90 75 42 132 130 98 49 148 157 209 45 145 12 112 49 161 249
    89 255 41 205 156 91 92 66 44 100 96 193 222 212 174 91 63 109 77 95
    44 179 174 237 121 158 91 236 62 19 32 200 238 1 39 234 65 189 231 6
    153 75 76 81 5 84 144 135 168 65 50 240 235 234 39 61 20 55 41 52
    216 178 34 35 30 92 65 64 143 131 161 166 196 170 175 30 81 49 184
    169 178 6 245 148 183 142 139 77 144 152 31 247 57 11 222 53 103 71
    174 227 97 16 1 217 238 91 8 192 97 100 225 189 50 20 182 250 31 125
    91 85 148 87 181 124 136 107 37 64 7 89 114 169 120 81 210 197 160
    81 145 0 119 202 114 14 181 216 157 16 12 62 134 107 173 23 78 18
    128 127 12 190 60 170 11 180 117 4 89 72 3 77 150 95 85 81 140 253
    228 81 139 227 81 21 23 193 208 118 187 11 41 64 179 108 96 223 71
    30 18 106 57 92 128 58 14 118 144 61 28 220 120 27 212 157 110 86
    226 8 43 121 98 78 140 211 230 166 104 53 74 196 95 62 254 227 166
    170 198 89 174 156 177 1 189 24 104 54 136 137 201 145 241 71 73 111
    165 88 93 105 58 209 114 75 224 30 216 108 226 189 171 182 8 34 78
    161 50 7 82 85 142 63 182 223 182 252 96 190 19 51 62 75 20 112 120
    176 173 255 238 181 62 66 233 182 79 36 105 103 109 58 246 219 80
    229 80 45 107 228 211 209 196 227 226 45 66 235 166 65 209 223 60 31
    140 134 7 143 91 26 18 90 21 237 253 179 167 56 29 66 82 90 176 73
    219 234 27 254 245 243 67 244 67 61 180 41 45 157 22 61 153 121 46
    144 112 243 186 250 99 139 210 11 181 235 160 10 126 24 114 10 250
    52 62 169 156 221 145 238 50 39 232 7 213 62 224 18 124 174 36 75 51
    174 186 65 31 171 19 82 86 203 79 52 186 147 129 144 31 244 176 126
    29 213 19 9 48 85 46 11 185 89 94 218 122 179 192 91 98 169 182 73
    158 233 186 124 187 110 2 253 223 152 227 179 118 54 60 167 79 201
    228 54 93 39 102 83 49 187 84 192 115 223 161 33 24 232 138 9 65 125
    179 149 65 245 178 22 247 169 255 251 15 37 131 232 165 81 131 103
    147 157 199 164 51 217 73 53 132 98 56 31 92 161 117 88 252 59 233
    229 84 167 26 102 188 228 94 184 129 189 112 179 78 222 56 233 203
    126 100 13 131 75 19 33 221 71 46 75 84 39 15 189 95 120 96 149 174
    238 7 131 240 13 73 13 62 124 94 50 11 228 224 49 135 42 134 226 212
    20 71 43 34 220 170 137 190 82 35 186 251 80 162 224 170 137 237 85
    241 251 46 162 122 110 230 76 36 43 5 27 228 224 80 214 108 167 112
    248 229 184 140 232 249 109 69 202 113 126 6 234 74 251 26 1 133 171
    97 228 179 139 242 191 138 216 3 242 172 81 252 164 17 91 116 169
    181 106 239 30 124 215 123 10 27 247 174 146 86 169 52 102 140 176
    242 229 3 92 81 75 213 203 123 211 158 204 29 237 234 98 65 1 111
    239 83 67 189 238 103 140 9 102 47 199 134 234 173 120 206 55 158 64
    187 52 123 118 77 166 226 166 63 247 1 35 232 232 6 163 156 99 97 61
    126 71 206 80 34 16 60 209 156 158 79 157 115 132 188 226 153 186
    110 91 102 57 2 100 96 152 12 13 152 254 5 66 179 40 192 217 165 247
    81 125 103 141 187 52 150 202 225 164 102 171 54 32 152 179 104 4
    230 187 47 59 112 206 103 215 11 70 216 21 76 227 31 51 128 49 8 249
    209 251 137 69 122 66 178 117 147 170 32 88 139 87 140 231 206 163 0
    218 248 89 154 131 223 4 65 12 197 138 235 89 40 160 58 164 191 43
    68 151 147 7 215 176 107 163 48 232 217 219 233 107 150 29 183 218
    35 111 39 92 181 108 57 239 23 67 48 255 227 96 120 84 119 130 126
    145 208 165 151 80 239 126 82 166 119 63 71 121 67 153 229 209 141
    242 84 18 176 101 91 165 216 221 251 101 105 174 34 219 115 170 137
    255 195 252 23 103 123 235 120 97 117 135 7 17 41 208 253 159 68 127
    4 106 171 195 69 174 23 97 72 255 10 108 7 204 5 106 21 21 159 200
    234 207 88 74 84 102 1 221 81 237 100 3 36 172 246 222 117 66 91 90
    75 3 69 93 186 233 11 36 134 2 18 19 137 98 156 71 155 255 107 80
    179 39 167 60 77 79 235 125 17 211 159 65 28 244 39 66 73 113 125
    123 194 189 211 46 248 136 37 209 189 249 223 209 56 254 166 40 112
    135 34 198 121 113 181 19 21 188 225 212 6 31 213 80 89 236 59 212
    64 32 7 39 81 156 78 5 67 255 76 177 114 89 91 114 71 18 37 234 37
    251 225 49 220 1 28 224 205 107 83 91 103 28 184 204 81 94 21 80 48
    14 195 216 124 165 147 49 115 12 122 180 82 68 245 231 30 77 49 216
    116 166 16 110 3 167 54 229 12 17 49 131 99 1 188 201 54 91 118 84
    196 134 207 151 210 161 92 139 143 41 23 26 16 43 79 67 174 196 251
    112 9 85 252 254 141 173 132 157 161 227 66 187 2 176 2 196 128 208
    64 168 0 200 188 176 7 67 224 195 219 247 201 82 117 32 148 59 106
    171 105 65 22 240 70 132 58 115 118 62 123 103 187 74 191 210 45 64
    189 37 195 103 166 216 246 36 54 102 229 108 9 41 159 146 243 70 230
    129 35 60 106 140 6 33 252 195 245 74 66 161 110 115 235 119 157 50
    72 81 75 122 81 25 45 217 192 142 19 22 37 74 209 96 23 158 92 228
    175 202 76 74 32 220 228 223 62 195 253 179 155 191 201 31 72 211
    169 64 97 105 226 16 71 40 44 93 28 140 37 121 6 38 228 53 19 45 146
    246 146 120 19 221 187 212 107 53 110 58 225 33 150 130 68 145 255
    175 241 190 134 211 31 209 20 127 46 17 111 79 172 23 137 83 109 180
    221 7 63 177 67 91 218 2 82 108 48 151 116 46 186 188 223 4 101 192
    139 133 184 134 113 120 160 222 80 132 75 95 108 175 176 212 217 94
    186 202 46 115 156 91 250 7 144 193 74 60 18 194 242 109 240 227 109
    153 168 28 31 128 199 136 108 107 194 41 89 24 90 101 139 13 85 43
    102 168 12 245 204 37 189 226 5 78 214 219 20 92 165 93 39 95 43 121
    166 45 230 14 55 255 254 25 200 233 163 197 220 240 60 125 222 54 82
    155 116 10 130 230 1 95 73 212 88 38 97 227 168 43 35 241 149 22 24
    96 15 72 45 226 145 190 130 249 29 99 208 135 115 134 143 82 86 58
    154 188 222 4 207 253 26 38 126 242 222 239 46 200 113 120 96 251
    200 112 70 254 123 114 89 161 197 60 156 47 9 41 140 176 23 58 186
    24 114 168 153 58 32 50 45 178 234 178 217 254 192 97 15 137 254 16
    201 82 110 186 215 192 68 26 223 182 244 14 156 125 161 90 66 1 199
    21 17 117 99 102 72 83 117 210 78 204 203 57 5 234 63 181 161 208 69
    115 216 52 202 127 83 197 69 225 162 85 97 59 207 92 60 211 248 171
    197 48 44 103 24 184 212 157 249 211 116 95 122 185 221 227 203 60
    250 214 84 24 53 166 237 20 159 51 50 15 206 232 88 210 73 39 239
    130 163 250 121 200 239 236 197 21 184 124 148 253 217 40 109 90 241
    37 93 250 213 209 78 243 219 203 108 234 91 65 235 121 130 47 47 222
    116 56 111 4 32 202 45 75 7 29 33 103 111 208 36 11 129 174 93 227
    84 32 178 16 89 204 156 186 23 24 62 127 164 240 92 230 64 123 112
    132 157 163 49 224 115 221 70 208 241 184 28 75 246 164 235 207 230
    255 95 113 56 180 239 32 148 196 199 3 26 72 47 71 19 85 203 2 196
    25 140 90 49 121 97 241 97 211 137 194 144 246 17 205 148 1 35 223
    101 121 66 203 106 246 198 53 189 87 65 36 222 147 36 147 198 231
    102 123 232 125 16 6 169 225 23 209 250 165 171 173 36 18 45 253 160
    234 11 81 221 99 21 121 55 250 110 250 255 190 12 4 142 151 246 17
    72 47 29 240 67 6 144 30 127 225 96 63 76 3 225 148 199 16 58 130
    240 116 25 4 77 224 143 198 36 55 73 52 236 158 151 141 226 88 41 25
    224 207 232 81 196 7 2 124 4 235 190 185 39 102 148 68 10 4 5 177
    103 196 184 203 167 49 45 50 19 245 157 53 97 32 71 22 210 18 42 132
    177 93 52 150 161 151 255 36 13 27 230 35 157 217 134 199 218 4 223
    185 180 136 184 164 134 5 157 132 206 150 250 178 88 129 102 19 113
    40 61 40 115 98 166 183 73 135 228 77 56 44 76 32 159 14 100 37 74
    217 2 232 36 75 156 119 93 16 2 92 42 161 72 247 152 81 184 113 155
    142 244 252 116 58 31 35 186 176 170 42 43 200 215 124 101 94 203
    102 66 178 93 53 215 243 132 131 202 166 38 11 182 254 65 157 131
    137 174 179 242 230 186 219 34 46 104 208 15 107 90 141 139 130 184
    39 21 114 248 56 15 40 130 223 72 39 131 171 30 207 197 174 219 54
    134 1 127 188 212 71 185 223 239 127 249 39 18 79 252 232 129 166
    160 184 221 128 87 42 230 215 172 255 188 161 231 238 241 196 202
    205 134 112 15 75 138 154 167 47 61 242 14 174 198 55 124 119 107 83
    239 230 1 143 206 53 23 0 143 4 22 83 117 252 230 105 140 2 4 64 218
    58 74 180 188 86 98 169 95 164 122 204 119 93 253 137 44 28 157 109
    0 187 171 30 93 165 81 11 235 97 196 235 216 153 88 243 213 41 189
    197 78 23 246 111 160 73 146 150 180 223 33 255 155 88 36 16 207 99
    60 157 29 40 141 166 131 55 163 167 38 208 150 221 72 115 76 166 76
    80 42 5 205 195 171 148 53 50 227 7 138 170 128 110 254 19 150 194
    139 3 66 10 3 118 217 49 196 66 209 7 200 105 145 185 3 34 99 75 43
    78 182 66 49 98 9 73 80 233 22 94 208 57 162 186 47 48 31 28 248 108
    102 65 236 86 113 86 74 20 138 120 110 156 70 29 145 66 54 247 232
    83 239 153 138 197 157 230 32 12 202 231 169 202 22 12 191 101 159
    193 19 233 76 82 113 207 146 116 249 175 146 40 234 64 26 71 105 45
    15 191 244 106 241 126 44 140 28 189 218 203 63 7 127 191 91 6 243
    48 236 233 10 87 31 244 110 255 46 166 198 82 106 3 11 123 10 16 27
    232 2 161 9 162 18 192 53 126 189 233 239 8 130 138 169 56 3 80 216
    213 240 142 19 209 217 229 120 55 166 156 193 126 93 43 201 101 18
    155 110 4 153 26 108 238 34 116 117 230 239 113 17 216 231 184 9 161
    72 244 65 39 162 173 236 131 101 11 84 127 111 115 121 159 81 97 44
    158 147 68 242 92 34 175 138 51 87 179 164 8 33 195 45 164 230 19
    192 33 203 180 1 238 136 255 170 59 244 40 196 254 62 99 104 125 238
    246 195 183 165 220 83 196 250 196 104 240 27 58 44 80 171 187 248
    153 223 39 30 89 75 225 200 145 116 21 217 208 158 101 177 80 45 21
    162 157 19 16 216 242 32 6 49 0 242 13 166 100 135 171 158 4 150 177
    90 234 220 204 156 66 157 247 190 170 243 199 114 205 107 15 47 172
    156 11 92 39 58 1 114 196 100 100 94 102 38 173 157 211 146 63 189
    13 29 23 29 155 155 218 136 36 157 17 114 228 184 6 85 154 179 124
    186 173 34 173 55 149 60 150 246 143 127 244 49 165 225 48 92 132
    217 55 17 114 185 46 6 148 178 74 115 82 1 101 188 47 172 111 158
    219 101 52 254 34 21 248 3 62 173 188 49 124 14 121 158 88 157 19
    226 145 176 241 252 97 243 162 31 45 201 163 18 224 243 242 73 40
    111 0 238 54 123 142 217 249 11 76 34 82 168 216 188 201 114 254 38
    74 220 235 154 203 95 109 79 80 24 129 55 146 130 39 224 127 93 202
    208 228 138 174 77 15 86 27 97 37 124 94 94 28 175 248 252 30 145
    213 160 224 209 39 155 29 138 206 183 70 154 18 185 120 177 218 229
    81 47 44 45 213 241 217 213 130 206 65 170 184 108 204 170 78 79 105
    96 193 150 154 55 149 106 83 99 107 79 16 236 98 226 255 26 27 254
    146 141 200 240 213 42 236 51 250 242 178 39 120 208 211 238 119 188
    235 241 31 182 248 45 101 95 94 190 94 27 3 109 245 250 112 250 5
    141 119 253 0 231 74 161 24 153 12 19 142 194 2 39 84 111 195 26 135
    42 48 139 146 210 128 105 154 207 93 185 134 149 39 50 38 112 25 148
    123 215 89 57 1 76 185 186 21 151 125 215 73 195 145 55 125 225 36
    34 112 29 74 100 26 165 243 115 146 34 4 243 118 141 230 121 34 86
    104 247 68 11 246 155 125 18 158 211 175 8 83 161 132 139 224 225
    106 225 165 122 241 64 198 244 14 205 25 37 242 22 29 97 206 169 138
    68 1 134 243 4 46 236 11 147 117 39 236 14 49 191 222 132 7 227 42
    232 181 66 10 207 96 162 224 177 255 171 246 143 92 253 100 12 158
    21 43 143 67 217 241 174 140 149 201 70 36 151 206 207 70 163 5 89
    99 9 26 112 222 39 86 0 139 99 31 161 98 48 65 150 81 23 158 136 53
    151 212 63 107 97 77 199 172 239 236 148 61 48 137 206 125 225 112
    166 71 48 167 133 99 232 18 43 125 107 147 152 83 133 219 173 173
    229 131 122 51 149 35 145 89 169 113 4 236 112 147 146 247 226 208
    44 8 131 218 56 238 170 162 227 0 122 40 164 175 182 128 243 126 171
    237 101 199 104 189 20 213 135 187 2 118 77 98 122 103 1 124 46 154
    107 105 92 224 101 180 56 175 156 46 102 220 152 119 82 98 129 3 154
    63 59 66 118 63 53 90 109 232 226 75 189 38 12 217 190 53 142 23 233
    22 146 6 71 153 191 50 118 152 154 154 225 195 63 217 87 181 136 231
    229 74 140 164 214 63 82 213 25 231 32 201 150 49 171 122 165 158
    208 69 18 57 15 193 189 147 203 44 27 105 207 168 155 218 212 254 57
    53 178 220 248 107 175 209 124 104 166 175 187 228 193 216 110 243
    96 143 116 141 48 98 175 206 46 87 206 24 10 70 133 144 57 163 206
    51 201 79 93 222 222 218 51 82 244 218 237 7 32 128 185 220 246 195
    91 235 197 36 242 13 44 203 99 248 83 251 209 248 183 23 176 30 143
    185 94 91 197 188 104 131 29 242 44 72 158 172 243 95 180 65 37 204
    87 254 52 74 50 56 205 9 25 62 3 75 182 83 204 184 21 94 226 110 177
    126 152 17 170 37 9 186 181 76 210 211 199 234 210 134 201 77 105 49
    92 122 102 6 251 154 224 77 9 251 174 56 228 39 166 172 22 71 254
    231 47 255 65 219 7 235 203 75 141 28 50 69 179 244 50 253 192 117
    197 123 12 232 7 34 5 164 5 150 26 109 225 96 86 237 223 144 2 230
    163 87 39 143 84 229 149 38 63 0 8 212 112 35 84 157 156 242 41 181
    255 68 106 185 102 205 67 9 182 83 251 164 92 161 246 149 93 52 169
    177 169 16 43 236 179 233 254 94 25 140 102 26 220 155 116 190 195
    11 146 29 252 253 237 39 159 45 53 86 70 182 145 87 94 13 1 196 252
    182 66 191 225 38 116 43 120 132 105 224 191 220 4 150 147 69 45 242
    211 107 83 16 122 161 185 193 17 88 141 87 185 207 158 244 50 67 246
    163 231 96 31 138 40 72 139 199 152 226 32 176 80 248 209 93 223 26
    182 35 60 237 92 209 1 186 196 193 185 131 226 46 204 62 55 204 117
    99 28 153 1 55 101 141 156 242 241 191 253 221 198 109 182 108 2 165
    146 118 96 221 115 76 144 49 190 184 44 204 43 193 2 252 164 13 98
    224 182 5 216 222 67 39 6 208 134 228 1 235 67 55 38 192 98 23 62
    174 27 105 234 60 102 215 105 182 15 7 155 27 223 198 93 253 97 6 56
    61 139 87 56 142 21 155 160 198 131 249 83 234 184 44 159 176 57 70
    6 153 13 184 179 146 72 47 201 178 24 30 31 186 107 159 33 163 255
    213 199 247 200 239 129 69 41 167 76 169 194 120 33 96 224 234 235
    254 41 7 100 91 209 204 247 178 19 91 241 9 97 70 223 56 67 137 115
    228 190 166 59 129 53 123 26 20 72 24 11 46 119 108 9 228 182 103 63
    179 185 6 129 56 166 156 252 167 156 76 23 212 0 162 211 232 0 106
    149 155 24 207 154 211 150 163 233 239 113 195 127 24 52 19 7 215 73
    178 65 84 98 74 254 26 79 79 133 244 42 173 126 65 224 177 93 198 4
    130 21 1 70 130 118 251 102 67 73 135 162 37 224 247 253 150 93 19
    102 65 173 35 200 117 240 95 155 158 193 155 114 214 19 131 2 153
    204 151 106 108 195 35 114 4 217 233 104 110 238 185 62 171 94 70
    253 174 122 68 76 207 246 138 44 75 234 197 9 117 206 252 102 7 118
    252 249 85 185 24 157 128 148 248 152 103 38 250 62 61 5 79 2 131
    184 49 69 136 253 197 64 16 204 88 128 4 0 34 81 89 89 199 174 63
    239 234 110 177 26 176 193 105 140 81 32 59 166 37 206 230 79 157
    204 9 149 140 21 161 92 194 96 154 103 238 201 3 217 26 34 70 151
    134 202 196 110 14 33 173 167 6 198 103 158 187 74 181 127 246 252
    155 62 7 67 76 209 240 240 85 46 12 237 141 161 244 160 25 85 153 35
    244 212 33 117 122 8 62 147 180 73 79 117 121 10 174 80 6 15 98 178
    108 124 90 180 234 201 53 245 183 177 169 112 219 136 44 248 16 83
    207 45 45 6 209 216 248 212 12 151 253 102 36 88 203 177 252 135 194
    137 14 199 156 223 115 192 34 111 107 60 236 100 42 236 177 62 90 79
    123 113 87 202 114 18 133 26 48 158 153 61 193 56 180 87 107 236 55
    74 113 235 253 177 235 114 191 214 156 108 90 9 158 53 43 0 67 28 96
    2 66 234 85 31 135 94 126 11 122 227 25 123 226 84 38 8 49 70 80 111
    187 215 61 42 31 18 206 59 195 16 166 173 5 129 243 66 123 216 6 9
    159 126 45 175 26 77 160 169 165 131 89 113 54 62 128 237 133 24 70
    236 231 110 66 29 112 18 115 205 123 162 143 172 119 66 241 52 41
    125 191 168 216 146 79 93 24 142 176 113 224 5 61 74 214 10 7 96 202
    173 30 188 69 129 60 8 98 8 194 22 35 225 236 244 10 239 255 145 138
    83 104 30 110 183 235 84 170 76 179 74 51 29 214 33 73 14 165 255
    235 150 191 45 138 248 148 164 113 1 66 16 133 210 138 155 32 160 84
    121 135 160 239 117 41 128 81 5 182 51 51 110 97 172 241 41 30 34
    214 231 221 112 157 123 18 184 255 117 156 71 121 180 254 17 63 37
    246 26 240 4 249 129 118 34 216 49 245 101 216 208 109 115 130 119
    20 2 20 232 240 199 101 36 25 120 104 93 204 248 248 245 40 241 184
    24 4 252 217 131 219 172 238 111 89 67 236 221 248 250 183 64 238
    137 121 135 189 174 106 11 83 51 160 79 49 71 154 36 221 163 212 97
    186 98 142 156 47 1 98 8 22 236 170 164 94 191 132 249 37 46 1 221 8
    126 245 59 207 225 155 225 202 137 127 108 73 95 193 2 179 94 148
    119 244 238 35 197 11 9 209 58 7 59 138 195 59 20 252 159 39 239 206
    155 13 61 78 90 100 117 244 253 61 105 32 144 131 102 61 30 206 191
    10 155 42 32 157 23 20 77 66 224 190 206 55 213 42 79 91 179 37 49
    71 75 255 23 209 22 55 40 51 249 173 12 54 200 182 168 61 97 38 232
    150 59 184 146 81 255 69 213 253 25 174 65 245 120 237 48 1 101 9 27
    150 127 30 179 122 201 169 154 42 242 67 38 113 122 158 163 137 199
    116 108 68 208 26 215 167 106 126 79 25 252 222 213 41 170 112 37
    112 121 176 111 110 120 185 34 148 219 49 180 134 21 245 220 238 147
    156 51 242 243 40 95 67 148 138 56 213 239 131 141 237 252 37 33 208
    98 217 91 82 78 9 153 245 26 230 162 240 180 27 232 35 33 21 109 68
    36 85 95 41 49 221 220 145 220 47 88 43 168 6 138 64 102 100 87 115
    94 15 237 16 16 44 47 158 102 192 59 212 121 211 59 40 237 124 179
    197 105 115 169 159 199 241 205 162 12 23 88 227 91 92 46 220 131
    109 97 70 46 94 232 29 24 71 17 9 238 145 19 229 237 184 143 6 17
    142 151 206 184 250 103 34 9 236 162 73 35 243 56 209 155 24 69 55
    141 224 62 226 187 235 150 55 215 116 120 143 105 173 180 110 112
    152 21 34 169 181 181 29 199 207 253 251 247 117 12 6 226 102 64 82
    132 252 200 101 126 170 191 7 99 75 33 212 50 211 84 166 62 93 255
    131 62 250 149 140 169 209 227 162 82 165 229 79 101 51 10 171 134
    81 155 107 180 60 110 202 220 22 109 66 216 226 138 76 33 133 184 6
    214 117 9 164 86 199 30 103 77 211 133 235 149 97 227 239 145 100
    173 141 246 172 248 182 132 241 134 186 178 176 149 121 75 166 220
    67 251 157 73 5 117 203 139 247 198 209 15 42 1 124 132 34 109 248
    41 58 88 191 1 93 238 144 31 222 18 108 10 119 206 194 6 142 92 216
    186 29 236 190 85 83 77 23 23 35 78 99 172 241 224 25 92 61 223 121
    21 76 47 106 89 136 158 247 230 218 202 39 226 98 76 159 52 161 109
    47 64 217 228 229 254 46 178 31 164 174 146 164 11 181 92 32 97 44
    238 242 130 17 184 155 170 214 134 110 37 0 31 145 88 78 141 244 89
    14 51 71 194 107 151 51 151 82 95 76 131 21 218 165 33 193 34 78 246
    163 254 157 124 141 169 154 120 72 16 39 80 201 43 126 115 63 33 13
    26 156 124 222 190 156 93 136 98 103 199 1 120 99 31 20 154 231 242
    168 226 253 118 203 84 118 71 5 59 194 134 27 145 240 3 42 163 213
    143 240 163 153 23 169 202 240 185 91 244 64 16 19 11 189 191 188
    186 26 202 197 155 116 9 93 52 66 104 228 80 228 176 66 72 105 97
    144 83 213 232 56 16 140 6 183 153 78 139 221 20 230 248 199 234 135
    116 230 165 111 157 245 242 30 104 171 96 32 196 241 170 178 5 232
    205 148 152 214 65 15 243 122 67 174 124 85 199 159 249 207 88 38
    105 21 29 217 68 249 112 220 140 247 20 87 8 214 196 227 249 83 223
    196 160 167 88 205 185 132 146 77 224 116 180 89 101 86 152 88 72
    118 52 209 69 250 107 167 32 21 218 133 11 66 234 101 89 62 50 253
    136 6 206 68 8 55 146 173 246 221 174 224 13 109 133 254 125 82 118
    210 212 214 24 86 188 28 79 2 226 52 245 52 7 173 226 218 85 31 216
    197 103 226 187 48 27 8 24 207 121 214 249 183 156 186 76 150 134 51
    245 73 11 97 58 198 76 229 59 35 9 252 240 87 219 18 67 129 10 168
    21 30 44 106 163 20 122 151 113 222 209 131 13 41 235 23 165 148 22
    18 87 89 42 244 243 124 39 64 236 85 111 219 205 194 221 163 137 19
    60 134 9 38 133 159 254 102 75 79 64 188 248 68 130 200 40 131 87 37
    2 112 107 22 31 44 55 17 213 87 150 251 76 131 243 253 98 117 245
    250 50 68 92 131 42 237 163 251 59 106 214 197 192 19 255 229 183
    184 178 60 9 10 123 24 195 9 195 244 22 12 31 99 1 135 166 23 189 71
    20 228 76 18 251 150 177 57 194 251 214 79 221 46 114 94 81 84 100
    198 51 158 11 32 30 56 145 213 175 251 212 126 143 17 209 152 227
    183 35 39 115 87 143 20 145 46 172 79 156 216 90 180 102 81 247 232
    244 73 34 69 97 133 229 106 158 14 117 253 56 125 196 59 54 180 169
    88 229 17 145 250 150 156 235 120 213 179 166 162 199 149 187 224
    239 146 242 147 138 136 10 33 171 83 164 54 84 200 229 13 234 7 27
    73 34 216 45 255 237 224 161 25 164 8 21 132 15 237 96 100 59 36 60
    198 164 251 55 116 255 152 23 190 122 153 138 172 84 26 32 4 211 128
    108 21 63 192 251 235 63 74 117 255 242 147 162 136 19 62 215 5 240
    25 150 170 189 201 158 157 113 158 38 243 231 189 111 125 22 94 112
    140 219 125 211 225 175 60 3 69 44 216 165 68 1 175 211 230 211 225
    194 44 44 164 180 247 195 77 199 186 241 198 12 90 14 75 221 151 65
    5 112 226 117 82 171 0 213 13 244 197 159 11 243 220 64 98 19 67 13
    191 194 33 105 224 187 126 43 100 179 173 87 237 56 242 200 181 219
    210 116 145 252 154 71 152 34 178 204 116 1 46 235 18 43 103 124 107
    113 44 175 108 142 144 17 205 193 43 237 89 60 35 138 190 227 154
    253 255 181 213 111 209 144 104 203 85 52 248 233 9 148 25 30 166
    164 88 26 214 219 44 193 222 189 250 103 105 142 45 140 248 209 133
    64 23 243 99 185 51 1 36 62 206 127 50 193 28 236 89 83 19 207 14
    254 217 47 41 85 3 10 225 53 142 137 251 210 120 162 54 34 120 171
    22 127 195 128 231 78 121 222 16 175 246 73 252 160 2 182 194 7 25
    38 152 240 55 180 90 220 147 70 20 58 230 8 241 183 208 80 199 158
    57 164 152 93 254 219 119 235 201 221 6 27 144 207 214 230 160 35 78
    197 126 133 13 145 255 125 125 142 186 140 10 175 85 71 200 70 247
    55 17 199 108 64 189 193 175 64 236 252 197 130 46 109 89 201 33 60
    217 95 246 152 28 72 103 73 193 49 36 66 54 207 84 18 206 106 223 17
    191 136 128 3 211 16 61 152 179 163 54 31 55 120 30 158 65 160 123
    241 170 16 33 63 188 242 189 244 12 217 197 29 12 187 242 163 241
    251 163 10 199 199 32 236 80 65 212 226 19 182 54 105 1 63 47 87 152
    230 123 140 84 37 247 186 130 193 253 248 100 140 10 32 37 162 195
    178 113 203 133 129 203 109 15 3 13 122 158 64 218 127 142 115 192
    210 81 132 33 36 1 29 200 51 115 239 80 167 222 129 70 93 73 194 219
    144 25 56 34 135 80 158 167 21 44 187 127 163 182 17 51 141 30 76 46
    142 134 2 141 201 95 249 85 96 213 252 158 44 84 99 210 39 154 110
    146 231 107 140 1 59 243 14 65 254 187 170 87 102 41 247 5 9 43 199
    37 151 19 108 212 55 117 151 86 231 36 197 226 89 240 201 73 121 240
    163 51 207 21 187 23 94 129 194 94 5 133 197 232 11 5 71 106 244 110
    39 101 3 207 141 72 113 126 108 232 236 250 76 229 83 184 129 251
    250 165 33 160 142 26 234 64 146 50 164 197 39 76 217 88 98 15 49
    198 115 1 36 198 36 33 117 45 84 40 100 218 204 200 66 188 44 214 61
    12 131 177 160 111 141 135 8 36 52 34 179 20 99 161 246 2 24 64 123
    49 31 113 97 161 198 14 42 11 188 128 147 194 83 61 163 125 135 144
    51 69 118 25 246 119 21 183 154 178 117 98 87 169 26 50 122 168 106
    152 194 254 237 9 1 10 92 162 63 203 86 103 157 170 239 67 94 12 48
    207 55 213 171 9 28 114 157 93 173 36 140 201 67 10 3 11 156 250 4
    205 11 202 45 198 191 187 112 154 33 160 48 157 169 119 181 231 129
    14 98 253 66 159 224 59 202 121 80 75 158 77 4 243 24 190 25 155 52
    12 21 247 134 237 189 193 211 170 217 55 10 60 93 137 13 232 122 24
    194 108 241 180 24 102 248 57 182 243 141 98 146 228 203 64 220 78
    219 112 68 185 9 255 174 238 50 158 85 46 109 36 72 49 130 253 168
    142 47 68 107 111 51 223 118 175 140 241 141 148 212 45 143 109 175
    16 139 221 218 40 49 124 156 121 51 241 208 115 220 217 234 140 123
    173 223 128 43 191 190 234 164 177 238 31 92 69 4 9 200 109 152 81
    139 0 95 239 219 164 64 48 17 111 75 132 242 123 223 82 203 66 129
    26 16 34 51 110 101 77 207 15 41 231 190 23 182 159 69 107 54 112 76
    210 118 70 177 27 124 129 36 22 114 154 222 19 113 247 242 99 128
    238 65 77 43 240 58 150 215 2 174 182 175 140 124 250 21 250 123 203
    170 145 159 186 36 235 184 77 253 229 252 254 64 53 115 191 47 246
    27 26 216 205 131 172 233 31 58 183 176 192 61 220 250 67 235 24 214
    176 146 180 192 191 241 180 196 142 243 109 233 94 108 45 226 251
    229 44 4 120 14 202 34 38 128 17 83 175 14 84 126 108 197 148 230 0
    48 61 58 18 23 141 159 203 142 86 33 186 68 71 45 204 184 118 142
    154 92 54 192 94 117 251 11 31 49 188 98 110 121 152 204 100 10 187
    198 55 114 85 77 33 34 193 52 226 4 219 104 212 191 55 34 122 157 54
    224 142 207 60 243 72 114 2 130 243 113 225 209 26 252 190 82 21 69
    224 28 15 83 226 131 223 116 167 193 228 181 129 157 65 115 78 175
    154 75 94 29 204 233 208 17 199 164 65 194 145 48 137 95 153 169 50
    241 191 89 220 84 138 43 54 143 100 139 52 68 210 13 113 180 142 138
    148 221 144 134 78 113 33 181 105 63 207 246 43 84 26 204 152 204
    126 117 235 208 102 255 10 248 147 64 228 101 212 112 152 124 110
    189 144 88 81 119 205 21 143 33 252 121 44 14 41 36 120 6 52 221 130
    98 33 189 185 74 229 80 11 162 200 39 139 189 167 251 44 95 163 38
    250 138 12 176 30 241 57 67 0 195 155 25 218 100 175 122 169 122 85
    185 237 111 85 170 210 184 170 136 142 95 255 236 122 223 102 156
    222 251 72 249 253 18 141 153 72 2 218 67 85 158 4 218 110 13 32 222
    41 133 238 195 111 27 77 57 214 147 239 20 21 107 194 96 24 148 121
    189 243 93 193 122 46 86 108 209 227 223 234 79 9 86 179 191 246 41
    253 8 65 248 140 158 248 79 57 206 54 218 241 191 119 253 25 210 209
    189 115 164 99 112 25 41 220 132 74 161 161 22 73 24 188 69 162 92
    166 62 31 192 207 199 32 43 203 177 203 202 63 226 125 68 72 190 145
    213 119 47 106 138 121 241 227 61 100 93 73 188 223 118 155 209 20
    147 129 78 74 252 30 138 162 111 29 115 203 57 32 208 218 199 49 232
    243 220 179 122 46 82 111 2 148 159 111 101 187 233 218 200 155 178
    82 144 15 185 55 125 204 224 98 15 103 168 108 66 21 2 163 229 101
    233 192 29 235 242 84 234 68 158 241 141 139 203 156 177 32 235 176
    219 187 110 242 136 157 109 89 87 12 195 81 149 117 133 71 104 105
    163 254 123 85 24 26 165 66 52 150 87 114 185 107 238 237 134 233 96
    168 80 211 203 60 88 196 165 86 212 53 4 74 206 32 45 120 221 89 235
    15 3 115 222 76 64 151 87 76 102 48 52 94 153 23 227 223 38 249 255
    242 216 219 206 116 206 66 229 212 30 151 193 107 172 80 213 33 114
    227 89 179 48 255 84 78 184 4 189 232 159 19 115 229 86 254 230 52
    117 124 11 43 70 251 171 75 200 171 219 70 213 101 156 7 53 179 158
    115 39 228 236 92 234 92 51 155 105 158 162 212 203 250 243 123 172
    124 171 95 172 110 112 212 181 167 74 0 36 17 82 77 92 252 249 217
    78 21 250 181 94 36 148 115 66 25 115 129 251 163 149 40 174 6 143
    116 46 144 88 57 143 214 144 249 61 173 110 79 110 118 86 147 23 13
    70 51 232 165 85 39 210 193 81 110 56 126 248 53 192 26 71 239 206
    98 181 161 7 167 5 63 49 253 88 37 127 235 143 227 150 196 41 172
    115 116 61 110 210 28 175 201 201 42 145 139 228 250 65 154 19 41 13
    176 181 16 169 16 54 253 83 39 89 174 165 180 168 84 239 102 31 130
    155 215 241 104 215 0 39 85 98 114 134 75 47 60 45 90 243 120 216
    164 208 216 121 170 87 110 165 66 96 52 219 168 35 239 17 130 96 10
    137 105 38 28 31 42 23 175 202 208 30 77 34 17 114 169 3 196 59 45
    87 70 48 170 126 125 92 20 201 136 47 39 16 183 246 94 254 22 94 209
    183 164 41 165 147 49 99 42 117 5 98 63 104 12 214 58 254 90 55 30
    97 181 233 67 64 180 113 192 255 2 193 26 3 136 17 47 223 19 247 24
    255 166 219 159 172 172 31 105 101 161 91 20 176 19 202 48 167 163
    143 121 51 209 78 137 232 36 105 49 62 131 159 241 42 50 40 172 131
    142 156 55 54 203 104 88 54 65 229 130 246 214 49 119 215 7 140 163
    5 63 255 51 134 139 42 182 55 106 4 234 65 189 110 245 14 192 112
    215 23 247 30 198 12 30 87 158 27 222 24 165 220 183 13 123 192 58
    224 27 153 77 14 186 219 82 64 56 58 218 222 82 32 50 235 133 143
    189 206 213 213 181 111 253 140 177 110 0 41 12 51 26 3 172 52 122
    152 209 184 122 208 64 47 143 33 102 26 200 25 251 126 171 211 152
    66 147 23 11 238 43 79 78 12 87 104 23 206 32 161 155 27 210 95 29
    178 70 142 167 112 178 47 131 178 153 233 157 78 135 148 67 133 217
    115 137 248 140 232 204 24 173 235 101 1 16 193 190 39 143 207 103
    86 239 10 14 72 98 208 97 203 192 123 101 67 32 51 75 26 47 95 240
    241 10 65 67 118 90 44 218 60 212 248 128 76 123 32 114 180 49 184
    121 159 70 98 6 200 210 79 32 226 92 10 199 42 91 70 179 44 32 90 22
    181 209 162 242 16 8 173 122 183 79 26 28 1 226 217 162 156 169 104
    80 168 89 253 24 189 197 226 17 65 111 18 63 211 152 21 2 245 10 8
    176 189 156 221 8 20 151 123 97 151 132 197 48 98 112 174 145 192
    181 175 237 168 104 171 131 212 32 0 214 202 235 141 92 132 112 245
    5 80 216 85 16 213 161 120 151 81 230 141 204 57 176 109 150 103 10
    210 167 238 190 114 177 253 134 160 125 188 53 207 248 56 107 246
    172 126 47 37 161 89 32 141 20 251 154 48 43 211 236 135 219 12 161
    179 253 69 247 33 119 17 45 243 113 168 188 162 128 38 33 40 145 15
    126 122 165 187 138 252 239 150 95 0 246 63 208 156 127 83 197 182
    214 241 80 159 132 158 149 11 254 25 31 205 201 13 2 139 10 48 201
    28 8 39 178 246 127 165 239 254 13 63 215 83 112 197 52 151 221 77
    71 184 98 17 233 153 25 72 164 14 184 96 179 165 32 181 227 242 49
    64 127 191 98 48 99 224 106 122 102 177 59 108 5 57 191 62 157 201
    180 175 180 95 131 185 207 253 210 164 230 42 59 186 141 212 85 38
    173 66 215 75 159 37 241 90 30 69 164 98 37 110 183 203 253 43 133
    55 138 178 5 92 66 25 17 162 138 208 233 113 196 52 230 125 74 146
    24 60 94 132 212 3 176 52 230 50 227 241 100 126 64 217 180 153 145
    82 101 226 24 142 159 101 114 11 161 191 176 67 81 103 187 42 125 88
    217 74 159 236 232 1 97 209 80 178 19 207 217 184 115 225 45 126 54
    13 136 66 159 22 18 65 59 165 25 99 216 231 132 218 39 248 26 157 94
    162 132 62 125 184 115 89 1 132 64 250 216 203 142 132 2 245 60 195
    250 127 42 239 166 18 0 51 115 80 253 83 79 80 195 163 218 225 146
    138 188 226 135 154 229 41 162 8 210 24 190 201 9 106 19 249 57 187
    156 208 22 214 21 255 130 91 90 50 137 41 69 85 184 154 78 53 111 80
    223 32 48 106 214 43 120 47 33 99 72 212 177 205 80 212 226 43 29
    111 30 246 156 41 218 252 112 96 171 138 50 8 191 225 51 3 104 172
    71 206 194 1 44 247 9 154 44 211 130 84 54 15 250 17 147 35 228 199
    248 238 70 67 160 190 13 224 60 178 222 59 19 245 168 75 96 123 27
    61 4 91 199 169 20 219 57 59 178 116 138 158 86 27 198 29 209 181 54
    106 235 54 193 161 222 82 157 156 0 81 174 6 150 89 1 51 208 7 23
    230 249 173 145 130 250 94 94 87 171 216 141 246 182 165 34 203 76
    81 80 92 158 109 67 17 105 12 109 35 145 175 163 100 58 88 83 10 144
    93 61 234 153 163 7 114 86 1 93 198 215 241 227 201 82 206 177 149
    176 148 176 149 107 47 223 202 150 91 139 32 53 7 129 200 174 214
    109 248 25 81 144 85 23 193 14 69 21 110 225 134 57 208 130 36 135
    245 116 252 78 144 37 111 90 157 71 230 142 220 147 5 178 236 81 28
    42 180 242 126 14 168 243 242 235 135 14 30 240 98 142 209 64 50 8
    54 117 137 182 112 44 239 121 94 104 25 98 193 81 186 221 217 187
    132 44 79 167 62 91 244 177 194 170 84 153 243 121 166 93 18 185 38
    9 11 167 83 171 201 142 114 215 138 196 75 57 66 94 217 104 202 202
    190 129 66 147 66 215 45 59 155 210 19 130 195 58 192 244 215 29 92
    194 81 34 99 196 239 6 141 168 244 91 114 26 42 78 133 230 24 161
    106 148 165 202 232 204 42 197 252 77 132 50 41 200 137 51 65 90 221
    118 74 230 133 158 200 122 195 200 47 27 15 1 143 81 90 221 12 98 73
    46 87 198 98 199 89 241 218 64 16 231 34 146 103 95 140 208 253 141
    111 62 136 2 195 103 121 56 156 19 80 155 86 176 221 50 38 45 160 3
    140 208 100 51 7 91 142 244 254 166 82 251 191 53 119 221 206 66 40
    246 33 152 220 6 38 168 69 234 205 169 192 78 173 101 209 217 34 4
    113 102 160 24 154 124 179 175 65 232 249 55 100 151 244 158 15 139
    253 35 239 137 131 207 94 88 50 150 242 156 128 238 142 173 235 174
    130 87 140 38 226 80 240 233 13 15 170 15 130 88 132 143 146 90 148
    144 137 190 235 73 137 240 206 53 140 14 128 82 59 129 66 39 212 88
    24 134 7 154 139 9 50 131 198 141 55 16 13 17 242 80 204 134 249 159
    95 179 146 217 151 21 155 2 241 57 141 126 129 88 194 75 226 125 72
    88 180 88 152 175 249 40 41 80 21 245 1 4 168 106 193 223 4 6 8 141
    164 142 154 208 197 175 81 110 158 109 238 201 59 213 144 140 75 31
    116 229 133 86 103 194 219 30 187 143 3 36 167 118 170 109 146 149
    144 82 6 152 195 204 167 196 248 44 38 114 109 233 156 72 97 132 234
    252 160 171 163 100 13 100 101 107 252 104 113 0 69 94 48 62 123 87
    193 45 23 61 245 121 237 232 59 23 249 133 1 116 27 81 173 101 24
    207 69 141 127 114 81 29 107 49 181 98 124 120 243 218 126 161 86
    219 67 28 42 180 61 63 194 3 212 118 195 154 205 187 103 68 25 74 52
    47 231 253 46 199 239 151 165 101 237 51 49 175 133 68 229 160 98 39
    18 81 224 96 20 109 188 17 0 74 104 37 231 209 227 17 217 210 49 97
    206 72 60 61 43 215 116 141 188 152 188 140 68 226 222 173 122 175
    106 19 20 1 168 11 139 239 186 35 84 192 114 86 42 240 45 152 164 49
    214 211 62 139 126 198 45 94 120 210 149 209 173 74 26 135 154 218
    183 53 25 4 161 177 198 60 30 163 12 233 168 129 228 108 218 250 102
    41 124 110 70 198 55 72 36 116 56 106 38 95 2 182 251 102 62 168 250
    115 135 228 249 81 208 172 211 76 185 145 199 50 116 81 45 136 117
    242 14 117 80 86 49 225 248 197 129 15 145 49 8 157 98 145 53 7 157
    101 181 78 242 92 2 90 251 110 234 9 64 250 32 219 138 22 110 239
    181 115 120 253 160 114 44 53 12 205 59 111 6 224 37 194 159 139 116
    152 170 180 241 38 144 115 251 183 49 255 182 131 236 16 78 225 109
    209 101 71 7 191 69 38 214 123 142 135 99 163 59 84 87 67 84 251 241
    231 108 147 158 30 250 95 180 77 116 161 96 182 245 36 28 229 80 245
    137 246 125 131 29 184 220 42 214 253 119 238 158 27 20 169 220 119
    152 36 182 26 104 167 231 48 172 210 72 139 210 68 17 66 25 239 8 41
    117 24 8 94 69 4 92 82 194 249 104 13 57 80 75 213 51 49 255 119 194
    106 97 178 119 31 50 78 14 202 99 35 158 57 79 142 41 201 147 146
    248 178 167 163 163 91 238 23 84 152 143 48 249 68 101 97 107 30 255
    87 153 201 129 155 69 250 3 110 24 178 183 219 237 84 163 29 255 83
    156 165 229 117 21 189 219 156 97 43 51 109 185 234 192 74 23 82 186
    235 174 127 44 7 95 36 134 93 33 11 164 137 183 77 134 224 140 205
    206 162 171 222 190 100 175 122 134 209 126 81 117 75 237 16 73 58
    69 166 229 147 159 100 197 145 4 131 43 98 155 251 180 84 170 58 182
    190 177 85 200 93 95 141 117 106 79 142 149 203 39 89 141 190 243
    218 3 153 93 163 103 122 227 247 125 188 252 44 88 115 232 233 163
    131 247 213 205 71 131 67 57 215 212 122 54 88 10 140 129 238 234
    244 55 230 244 156 196 126 161 179 171 219 196 34 185 162 233 225
    237 54 76 146 202 17 157 39 117 222 151 232 200 231 42 14 173 28 20
    209 86 24 48 166 249 117 51 47 111 164 16 160 140 227 83 221 200 200
    241 80 133 65 239 169 133 67 232 111 74 237 179 75 193 153 133 11
    251 176 149 53 23 66 59 188 234 193 126 4 146 20 15 81 126 44 213
    131 235 36 37 232 190 121 102 172 35 178 244 67 57 116 61 174 78 117
    69 166 43 108 60 114 189 79 2 188 60 6 55 99 229 60 164 134 233 206
    135 250 153 161 57 116 196 19 87 195 90 45 252 123 170 76 246 115
    154 187 85 205 194 50 63 248 218 230 244 87 72 3 56 21 192 255 119
    97 172 193 106 59 183 118 233 66 7 138 174 158 158 213 205 178 58
    210 104 209 9 81 14 81 210 10 46 40 151 146 67 200 65 172 115 118
    167 233 83 122 176 24 153 245 51 155 118 214 153 232 92 198 124 65
    51 243 199 161 50 80 234 37 89 58 90 225 127 19 194 106 223 20 231
    231 169 127 128 254 103 159 219 165 199 142 93 98 105 92 173 145 127
    52 188 144 129 45 44 240 52 211 107 46 231 159 149 197 31 135 139
    227 96 35 239 224 4 4 77 213 76 16 171 212 85 115 135 231 123 192 9
    245 112 161 154 190 10 189 166 102 148 62 233 107 169 159 70 148 95
    68 188 133 32 138 245 114 142 68 145 241 65 236 155 123 40 232 179
    38 161 49 132 111 112 17 130 206 32 171 134 148 11 50 145 198 207
    113 194 112 30 82 26 228 230 24 131 201 66 229 139 95 236 95 198 243
    180 49 147 212 21 22 169 193 111 54 115 137 67 206 169 149 225 156
    44 179 75 178 233 100 52 141 72 135 78 1 24 217 7 255 210 40 111 173
    27 142 29 54 14 159 239 83 108 168 202 218 190 66 5 79 25 149 240
    111 128 39 214 158 243 210 176 42 233 0 80 248 125 2 55 190 132 108
    170 89 178 172 143 181 181 225 38 238 247 243 104 234 1 175 43 247
    229 239 240 120 219 114 57 183 9 136 213 64 164 208 214 255 210 123
    78 136 42 127 184 141 164 253 229 97 212 38 220 152 120 139 184 104
    158 249 231 155 54 143 6 176 84 206 28 143 187 123 72 140 164 125
    122 168 97 72 196 70 212 183 231 22 21 214 239 98 202 161 137 186
    148 70 152 99 141 130 141 58 227 205 74 28 209 105 47 212 248 109
    164 61 244 171 189 28 97 161 186 101 42 173 112 240 66 254 89 167 20
    37 62 194 252 204 248 192 52 194 93 15 127 128 176 193 29 196 189
    136 251 209 54 209 100 246 182 184 193 52 235 69 184 173 52 87 58 28
    82 11 66 40 246 168 130 113 103 174 5 2 198 83 22 104 222 216 244 34
    151 185 255 224 196 126 209 196 108 49 160 160 185 96 206 193 171 71
    193 2 38 216 72 225 139 15 117 252 231 181 64 119 143 89 136 47 222
    3 203 155 96 220 38 202 186 250 112 191 134 108 45 211 254 232 92 15
    239 158 5 187 219 113 101 46 66 228 62 237 202 51 246 223 70 207 106
    74 36 33 188 225 71 29 48 226 129 190 146 72 192 241 124 74 62 210
    254 254 46 172 191 150 212 130 170 233 146 26 156 53 206 137 228 82
    242 139 230 75 67 249 15 80 74 200 27 215 68 189 99 109 190 221 106
    28 164 216 194 123 131 114 78 123 209 136 153 181 27 178 233 18 163
    25 192 201 188 28 223 116 129 224 187 206 255 187 60 100 170 38 77
    123 125 232 0 60 7 177 69 120 239 91 23 57 131 79 233 223 3 136 118
    169 47 239 24 175 84 78 94 132 222 13 113 244 248 134 197 62 131 57
    251 58 196 205 41 193 3 208 162 114 120 156 218 68 158 160 190 107
    48 52 54 199 17 243 151 126 161 231 75 191 33 219 235 70 94 56 148
    153 111 153 126 133 213 136 134 11 195 105 10 0 190 185 120 1 117
    212 87 132 201 220 207 196 123 53 77 160 252 192 209 46 172 122 73
    43 104 25 10 25 187 28 202 12 23 108 78 251 106 20 237 18 96 252 239
    21 50 87 243 215 252 168 205 132 190 66 207 63 30 51 114 162 133 46
    125 100 170 26 35 62 100 239 246 161 106 106 22 216 122 120 44 153
    248 26 229 213 154 247 241 107 70 34 133 184 232 138 91 89 106 206
    81 134 206 220 193 180 27 204 232 112 153 249 243 129 173 101 50 127
    223 102 225 144 210 146 207 167 97 45 15 242 6 236 189 24 148 45 230
    57 190 32 8 246 158 19 226 23 19 169 225 46 160 224 8 52 182 221 12
    236 7 135 125 68 139 228 190 31 161 62 118 56 243 126 62 111 27 118
    22 96 116 36 18 21 166 213 135 140 106 85 54 125 232 182 131 36 159
    128 100 153 241 38 52 174 23 16 39 155 218 45 86 17 190 90 51 16 194
    204 170 243 99 200 78 245 134 232 56 49 167 246 255 228 212 136 54
    153 207 254 71 253 85 197 221 141 223 9 129 43 87 151 78 153 140 85
    49 18 187 147 32 12 92 98 16 167 106 251 19 61 23 13 25 78 1 227 237
    120 25 220 14 217 54 169 29 17 246 161 94 234 116 110 119 252 99 225
    50 126 239 76 85 239 6 248 70 71 89 231 63 252 202 218 251 252 82 7
    197 195 2 159 7 10 102 84 31 38 200 155 176 57 8 56 84 200 1 168 222
    38 140 35 45 178 14 218 167 239 5 199 27 44 118 167 173 49 80 1 91
    201 78 132 236 17 157 89 219 12 114 199 61 139 56 142 16 230 120 137
    115 42 139 199 77 74 118 252 147 231 205 61 129 255 150 100 246 163
    98 103 52 185 87 58 36 128 25 140 251 90 252 246 106 3 171 80 239
    191 151 191 240 144 49 61 199 235 214 115 14 86 227 172 169 169 239
    216 204 5 55 72 60 1 246 248 112 111 225 143 109 160 226 170 91 111
    61 239 217 101 145 79 7 166 118 134 129 191 184 19 25 154 105 210
    151 139 254 69 146 63 32 154 167 221 165 214 171 164 192 112 68 100
    111 229 53 193 50 4 97 195 58 141 19 90 203 78 29 195 103 211 235 87
    13 203 132 45 91 47 43 7 141 244 136 246 200 176 146 101 205 247 97
    226 169 54 154 176 89 115 71 144 180 11 142 138 45 2 72 37 168 102
    22 245 208 247 17 100 231 128 99 69 59 141 159 18 131 232 167 154
    103 235 197 43 108 251 21 140 232 40 29 163 59 76 229 254 54 110 33
    42 0 111 100 249 75 39 180 14 169 149 135 131 177 93 5 45 38 6 140
    219 252 71 219 56 50 70 81 177 166 149 194 72 22 174 69 103 222 211
    3 105 107 51 220 44 255 24 167 157 81 4 115 33 126 103 249 233 89
    121 53 63 161 179 206 29 118 187 116 131 6 148 255 213 107 188 45
    239 67 81 128 221 239 156 220 21 85 181 234 40 26 22 105 106 69 108
    186 147 34 16 82 193 62 244 16 193 9 226 214 255 211 137 61 43 19
    127 184 199 34 162 244 253 25 170 75 30 127 46 39 124 22 187 36 151
    147 131 151 238 126 254 138 69 250 133 56 16 107 200 250 233 39 251
    92 41 234 197 63 12 85 138 185 176 123 22 138 22 216 241 186 163 235
    84 215 138 208 214 218 222 24 207 113 57 28 141 139 80 243 208 157
    46 178 68 224 251 62 242 85 22 155 16 139 189 133 97 168 130 213 228
    210 199 199 199 217 131 169 138 130 18 190 100 43 140 9 117 92 46
    218 203 2 158 149 80 140 200 30 154 137 222 90 53 213 167 198 74 232
    42 210 151 119 91 104 204 171 200 244 180 12 173 118 139 29 87 252
    60 239 29 236 6 108 38 193 181 0 184 177 230 17 78 89 181 230 232
    145 44 192 117 57 251 69 60 64 46 25 232 105 70 17 106 229 55 208
    191 113 189 245 3 3 78 172 0 166 63 122 199 184 196 228 139 26 169
    186 89 2 235 189 5 140 255 205 199 23 135 228 0 116 52 149 177 252
    131 134 236 19 31 132 137 54 112 55 106 238 78 51 9 189 32 25 151 8
    90 19 206 170 93 16 3 89 44 136 247 109 195 87 121 126 254 220 77
    201 187 185 167 230 110 216 154 127 188 150 124 144 124 49 42 135
    109 91 105 114 223 16 94 209 120 74 6 44 46 72 154 133 133 154 243
    95 198 2 143 84 127 109 110 119 142 222 232 170 0 40 236 131 7 121
    109 248 45 224 186 26 14 185 248 3 13 76 165 139 134 238 234 179 156
    216 207 235 149 237 190 179 10 164 172 143 19 190 241 28 186 151 242
    87 23 54 254 226 155 203 202 25 213 93 236 141 115 225 242 123 119
    102 153 49 199 0 25 58 250 223 88 25 38 9 243 226 35 109 246 2 215
    110 133 9 235 238 219 138 19 213 12 247 9 29 59 251 128 55 82 121
    223 35 204 36 166 83 95 179 181 85 155 104 245 26 178 69 76 46 29
    249 224 254 84 76 40 136 148 132 236 6 82 42 247 64 134 52 234 255
    48 102 111 141 102 206 216 56 29 114 138 52 110 199 204 251 61 117
    36 222 99 229 242 172 91 145 249 226 117 255 16 246 156 49 89 65 243
    168 172 79 201 40 64 29 214 80 1 3 250 79 87 241 143 210 198 18 235
    221 106 226 90 206 8 131 100 116 218 89 172 49 56 1 255 84 221 247
    97 172 115 58 125 8 105 88 245 51 212 121 216 106 104 73 32 113 177
    64 218 31 189 67 205 118 22 14 157 231 244 82 51 3 111 24 187 163
    145 100 45 78 184 202 30 114 7 104 176 204 98 219 129 7 53 11 133 54
    118 151 218 181 76 239 4 110 216 134 200 104 9 210 210 125 222 227
    72 63 180 35 157 70 51 73 156 237 145 75 112 104 246 66 181 120 219
    100 202 255 186 29 219 177 188 126 223 39 224 245 121 249 243 156
    163 145 54 6 207 239 195 175 1 210 91 53 146 236 124 232 98 221 9 64
    177 33 144 157 149 45 81 229 226 10 66 130 174 62 199 28 253 247 39
    168 197 171 161 65 211 63 73 214 210 245 28 15 246 212 171 136 185
    63 67 145 177 85 84 25 101 233 218 181 131 37 58 35 114 57 93 176
    187 97 18 166 32 29 142 120 179 112 187 118 210 37 220 184 113 171
    10 141 191 111 201 254 188 124 219 234 189 205 37 215 24 232 75 163
    201 61 66 234 140 28 76 79 65 110 161 17 155 207 213 132 105 205 224
    47 58 166 222 147 26 142 174 39 12 233 143 197 112 171 45 127 252 86
    57 17 94 149 56 220 182 255 206 94 238 182 80 212 163 48 103 114 149
    178 214 13 152 227 13 75 33 22 98 157 57 170 74 199 176 174 99 93 65
    144 4 113 110 118 133 0 228 145 173 196 174 74 208 149 238 12 143 22
    221 107 111 131 23 216 83 242 168 209 244 216 72 98 249 105 26 146
    218 86 153 151 51 118 231 85 132 108 79 239 219 200 218 247 206 187
    45 200 91 81 117 57 49 61 142 140 212 55 255 61 241 194 7 196 74 104
    30 86 125 191 210 55 183 153 142 57 29 194 46 183 103 49 216 81 114
    106 136 111 46 242 233 13 163 4 69 153 239 75 24 199 27 52 194 248
    158 79 114 141 174 240 92 84 200 115 176 144 123 202 177 115 94 61
    211 206 86 161 78 95 207 104 48 238 154 234 200 181 156 151 114 159
    35 230 198 170 32 4 0 188 54 129 19 3 216 126 83 124 154 36 116 159
    138 167 38 207 30 232 226 143 33 104 227 86 169 69 205 121 14 228
    205 84 171 86 203 20 22 248 198 192 231 84 74 235 230 33 134 87 142
    137 29 86 66 230 42 136 107 116 120 214 122 51 26 200 41 252 237 157
    85 162 241 187 68 221 71 173 23 143 92 153 249 1 165 239 116 2 52
    117 195 36 234 147 35 64 1 185 211 125 230 245 65 136 253 207 73 162
    11 154 181 173 222 245 190 49 204 100 159 4 101 35 166 112 155 255
    131 56 207 195 98 189 13 145 83 134 197 67 53 146 191 11 7 87 201 31
    154 153 162 88 43 121 121 115 201 211 34 76 205 69 180 183 51 152 80
    243 11 203 178 58 215 129 40 251 206 244 159 238 246 167 42 240 114
    188 142 109 148 60 102 51 218 0 21 62 63 27 164 35 121 37 167 211 75
    15 92 123 63 238 53 164 168 101 94 102 42 216 148 228 244 122 3 195
    0 244 99 118 106 48 95 16 235 6 85 128 215 106 180 80 172 118 184
    251 215 233 175 77 36 78 79 216 73 160 130 132 192 224 207 172 48 98
    200 243 157 145 48 85 225 226 62 246 195 4 45 16 38 125 96 13 112 51
    52 130 136 27 119 123 92 122 7 231 87 80 250 158 39 59 74 240 117 63
    137 8 27 34 181 71 156 216 47 110 115 4 144 130 188 71 127 182 155
    89 150 159 121 238 163 70 70 70 40 170 109 29 122 152 19 115 250 168
    74 229 209 193 96 9 241 126 131 209 157 54 161 199 133 28 57 120 2
    39 147 102 70 100 232 231 107 240 140 206 58 82 178 69 196 81 85 227
    41 255 197 34 194 195 242 76 242 22 166 33 155 182 136 235 44 78 187
    74 98 212 198 27 145 38 124 118 22 19 98 180 156 220 133 110 129 158
    218 46 117 31 194 196 12 221 249 4 214 12 255 150 234 139 106 5 194
    108 71 27 112 212 215 104 221 142 153 113 27 23 77 120 49 59 192 200
    207 186 29 172 102 71 4 124 220 166 200 136 203 114 196 152 223 60
    170 92 93 192 53 11 89 87 60 2 101 173 232 45 71 215 42 76 197 163
    234 121 65 241 214 239 25 14 234 74 96 212 82 9 254 181 162 241 166
    226 72 63 80 129 170 41 29 68 185 32 124 94 30 240 20 57 249 159 174
    214 147 245 80 184 190 195 124 41 142 48 16 205 237 242 149 240 156
    153 250 137 104 41 226 35 237 196 61 83 233 82 176 84 71 203 2 239
    63 46 81 139 138 14 85 39 18 19 1 57 240 215 252 235 42 103 185 218
    89 165 80 54 170 164 24 12 175 191 37 107 25 8 102 136 105 21 44 103
    211 14 28 149 191 109 205 30 106 64 16 64 238 36 128 113 123 22 251
    225 6 176 213 11 59 100 8 22 255 171 21 249 165 234 122 141 195 164
    176 151 234 243 204 57 233 179 3 206 49 254 27 177 208 121 58 140
    200 42 83 61 118 98 254 93 63 59 133 210 207 98 196 182 182 26 248
    186 222 237 10 212 240 201 90 209 136 202 82 73 71 75 10 68 184 193
    22 57 248 138 16 54 10 132 199 44 1 112 190 74 96 33 108 68 9 108 60
    252 195 100 180 200 186 85 153 66 236 186 138 241 196 153 93 246 82
    1 149 115 131 112 106 213 200 5 253 135 145 134 74 36 37 30 129 86
    48 171 255 181 81 192 226 239 84 148 166 139 50 87 41 169 171 177 15
    5 197 0 113 73 162 171 25 159 75 2 118 152 17 91 60 106 233 51 154
    242 70 232 116 1 212 152 223 40 162 145 107 14 56 17 6 24 82 27 169
    211 171 154 165 234 165 102 157 186 208 88 253 38 127 152 100 143
    110 39 247 53 66 9 6 127 122 173 99 183 92 65 46 18 33 26 143 128 6
    24 114 212 127 184 227 161 128 115 130 160 103 179 63 193 29 245 220
    184 94 89 244 208 5 171 128 105 190 16 5 154 148 230 188 142 213 72
    83 84 103 142 64 79 179 244 181 52 126 241 163 89 37 123 234 151 106
    34 208 25 234 26 215 58 176 144 109 228 165 170 154 159 242 44 38
    192 147 177 50 95 4 88 40 40 125 170 233 16 157 6 195 57 87 134 54
    118 37 32 129 67 189 167 54 198 106 114 249 129 197 124 73 35 53 228
    163 214 173 86 234 102 52 52 99 97 124 165 168 199 129 162 137 60 25
    12 148 78 178 118 81 191 129 89 22 236 22 172 193 149 103 86 119 77
    85 232 164 201 92 188 83 118 66 158 74 63 112 31 26 169 137 127 29
    47 168 35 43 254 153 154 129 80 119 238 248 125 117 210 75 117 148
    207 76 132 179 214 112 198 43 199 199 33 54 219 214 255 73 88 54 120
    16 43 82 32 9 72 95 151 203 229 34 84 185 67 249 143 250 211 10 57
    106 21 137 80 58 113 9 85 231 151 134 84 239 119 79 214 80 109 68
    120 199 65 116 95 10 152 147 28 167 16 150 168 48 74 28 155 40 148
    22 101 103 17 111 122 55 106 113 46 181 84 196 142 216 172 1 222 11
    212 129 165 44 33 16 90 30 16 200 43 31 40 196 114 255 52 67 105 128
    32 42 156 154 240 201 201 72 110 68 247 168 190 183 198 230 238 7
    109 200 123 255 174 97 220 203 66 71 243 193 79 71 253 230 5 9 253
    200 248 215 152 164 116 60 108 178 11 11 196 179 168 183 167 226 13
    146 61 87 99 84 224 156 66 212 91 226 57 250 9 31 6 211 175 185 26
    234 12 28 141 129 127 151 83 11 251 206 187 146 133 239 33 127 177
    15 249 110 124 106 163 118 69 222 176 148 247 12 228 50 6 47 229 54
    155 174 246 89 63 96 137 62 31 95 84 160 115 69 90 145 110 158 40
    177 6 43 224 186 63 55 170 15 155 244 187 197 134 69 69 210 242 147
    80 172 51 137 209 136 207 206 227 50 127 254 125 7 15 88 241 222 8
    39 112 69 67 159 162 72 229 248 195 22 90 206 178 11 171 89 2 169 28
    191 49 71 236 106 161 208 36 67 197 199 108 147 215 70 24 22 187 203
    54 134 116 67 95 207 77 207 128 108 6 130 61 114 188 12 97 120 163
    18 195 236 40 150 172 162 56 239 62 178 15 121 127 9 199 161 85 170
    24 30 23 102 161 150 159 58 161 209 26 110 42 145 149 115 234 39 22
    47 75 144 248 90 68 195 160 5 206 62 190 169 243 63 223 61 210 204
    218 137 8 206 110 19 233 60 167 149 123 163 69 77 221 4 85 231 9 64
    133 127 123 159 130 221 247 116 180 13 253 121 222 57 232 208 106
    118 96 187 43 80 58 62 160 154 144 19 87 208 41 249 88 182 149 135
    243 90 163 66 112 33 213 19 119 94 112 45 42 23 112 213 98 65 188 62
    109 227 186 22 51 241 232 245 24 210 247 137 15 10 76 28 123 110 87
    10 54 141 217 170 167 168 108 232 244 57 61 8 147 111 60 132 36 143
    172 110 134 205 47 168 47 107 165 221 196 80 146 44 243 20 30 234
    252 145 76 130 29 68 125 163 207 80 185 45 38 10 248 124 16 240 77
    73 216 203 0 14 138 37 26 140 122 18 20 144 196 235 207 167 60 32 63
    103 213 111 109 35 7 117 15 246 63 17 240 77 212 239 40 23 57 55 24
    109 152 151 201 133 153 44 178 39 52 84 152 39 113 213 205 179 202
    104 201 196 224 33 118 187 246 201 170 22 6 225 24 168 175 44 115
    118 251 36 218 84 67 106 116 97 244 101 105 52 211 63 24 164 57 44
    97 25 130 228 12 75 167 158 121 47 25 218 250 254 247 194 84 10 79
    72 192 104 209 11 239 208 14 127 235 96 167 175 98 122 15 148 221 81
    98 125 72 81 118 184 210 79 92 48 109 159 7 94 3 200 171 161 208 163
    250 58 181 71 26 168 67 53 126 241 149 18 7 228 231 103 79 121 252
    179 64 169 249 113 200 130 125 85 79 136 56 62 190 161 67 177 116
    247 72 46 113 239 252 247 255 50 43 18 27 10 164 239 30 47 148 130
    10 177 198 248 5 171 79 78 216 177 184 189 4 12 22 38 75 234 119 144
    187 241 173 121 173 178 99 54 209 132 143 180 213 15 37 234 40 187
    20 103 155 168 21 189 88 34 39 205 65 44 211 144 207 146 76 245 244
    55 37 103 127 118 2 127 59 86 50 127 215 4 255 74 136 151 22 129 198
    33 173 26 8 189 186 155 245 205 59 171 229 64 74 111 110 109 102 134
    126 77 79 198 34 66 103 14 163 168 71 117 107 56 24 193 141 10 211
    228 211 54 69 121 237 215 185 68 82 42 175 190 180 106 8 77 232 174
    204 158 78 199 109 113 75 142 140 24 232 254 247 106 255 234 41 168
    80 134 255 11 39 110 174 121 42 229 164 36 90 77 101 190 70 164 141
    249 65 196 234 123 21 207 14 215 168 82 254 230 4 203 201 71 47 12
    96 141 241 233 164 119 140 99 80 6 249 105 28 233 99 223 125 106 180
    65 184 153 157 123 43 53 153 26 52 253 255 126 136 1 130 190 187 22
    75 83 124 81 123 195 145 128 157 209 147 246 29 242 37 246 247 236
    91 230 195 123 181 19 236 85 82 48 103 80 162 146 55 179 163 63 182
    209 109 187 161 234 227 243 251 56 3 22 140 121 111 53 251 117 40
    209 168 229 202 53 187 236 231 159 135 112 202 141 139 223 181 231
    29 181 65 151 23 218 111 220 10 133 11 100 121 0 31 160 38 190 47
    245 132 205 5 65 248 8 243 41 94 250 11 84 102 245 25 192 253 113
    132 16 82 1 205 188 157 40 183 122 231 165 148 109 235 161 207 214
    223 86 210 154 197 246 254 156 131 236 0 228 168 196 250 247 30 0 74
    172 85 240 201 96 77 155 209 3 249 111 13 99 60 171 206 218 113 111
    28 28 207 112 50 209 235 246 203 19 207 47 38 221 36 105 30 199 172
    199 40 32 24 20 58 139 217 136 33 55 25 0 165 139 33 207 24 183 3 70
    155 55 183 67 110 12 179 154 115 72 137 41 114 15 178 136 126 247 66
    152 150 188 227 84 1 243 99 175 158 132 113 152 8 137 174 55 179 41
    155 184 60 184 59 24 88 108 92 52 253 29 170 202 215 130 71 96 184
    60 212 169 201 164 106 68 155 210 10 212 103 107 91 182 190 3 19 126
    132 86 200 243 60 16 6 164 197 70 174 203 95 111 182 59 245 89 22 24
    118 199 219 74 147 10 30 104 4 181 7 250 18 128 64 144 176 86 239
    122 160 166 17 189 176 174 182 174 200 204 88 173 151 147 77 235 50
    27 93 115 14 208 162 136 112 77 34 128 219 228 88 88 150 150 31 202
    158 225 13 209 5 144 173 226 14 197 109 13 122 96 192 227 223 156
    222 69 160 31 24 81 9 17 77 139 76 152 115 118 84 125 50 246 23 177
    249 206 251 174 163 112 226 9 138 179 51 62 15 49 255 84 77 52 243
    216 55 21 25 80 153 107 25 39 177 128 237 91 136 200 132 185 254 68
    89 11 163 125 147 181 144 59 119 255 224 218 52 239 160 239 143 157
    214 170 160 177 224 225 203 5 130 19 176 84 80 251 8 41 30 76 89 190
    183 111 25 235 128 197 208 131 112 17 3 97 20 225 63 68 246 132 136
    128 199 27 121 27 231 30 22 3 94 170 77 42 63 51 11 176 251 19 200 2
    80 73 6 57 204 80 251 53 153 65 144 5 251 142 0 146 1 199 122 72 44
    218 148 206 194 108 76 57 124 159 28 71 46 104 223 111 218 49 75 60
    179 96 89 80 30 198 103 34 238 209 247 152 18 74 204 42 61 206 99
    235 248 37 43 205 27 92 169 47 213 163 213 244 170 163 86 6 166 184
    238 164 207 232 186 9 133 62 54 28 126 90 118 88 192 203 251 169 131
    196 169 125 58 90 179 120 8 136 7 241 141 10 234 2 100 234 166 185
    218 70 153 94 123 189 16 76 195 224 238 150 185 61 0 200 36 189 196
    226 162 16 162 30 181 9 136 194 235 245 80 14 82 112 188 199 230 18
    220 206 112 176 49 104 223 158 84 253 44 97 169 36 117 131 174 110
    147 139 255 164 219 195 118 113 125 193 70 87 190 11 97 233 10 23
    185 237 239 144 233 26 45 65 131 121 14 225 128 61 255 113 88 166
    126 37 239 4 122 15 40 152 217 173 91 115 49 49 195 137 133 63 146
    224 46 30 153 83 52 64 190 81 75 166 31 66 146 11 69 182 43 242 56
    91 101 27 53 135 218 225 251 191 110 13 241 47 90 156 217 175 101 77
    154 222 254 110 86 236 253 40 171 224 28 177 250 10 216 47 10 240
    244 249 179 97 64 109 130 54 188 143 214 210 93 42 23 234 62 174 160
    107 186 47 235 43 63 26 201 1 145 25 25 127 69 85 72 112 207 204 7
    171 238 236 84 14 203 50 93 235 230 78 35 114 46 151 186 59 20 41
    193 176 67 227 69 80 84 173 129 170 178 213 155 36 190 6 224 93 244
    196 157 41 131 82 104 214 215 6 148 22 244 143 64 231 82 249 33 227
    2 65 44 174 215 118 157 182 166 200 234 54 3 203 179 210 133 34 134
    213 159 32 164 89 69 147 54 215 94 161 253 239 7 208 35 12 221 245
    74 53 172 196 42 183 246 2 188 235 133 8 166 166 136 69 27 141 230
    106 6 141 165 122 6 165 36 188 10 131 168 104 16 18 42 231 135 13 14
    164 142 186 42 212 148 111 216 231 26 133 196 100 17 85 95 193 244
    57 133 52 54 219 45 241 91 131 200 156 129 118 230 15 75 149 156 120
    153 8 186 184 204 14 52 243 139 109 23 153 170 174 82 147 193 42 17
    251 22 226 143 126 162 34 238 124 185 185 74 233 182 108 106 104 172
    200 54 47 159 78 83 111 92 82 146 31 84 16 41 162 74 176 52 186 140
    111 177 85 65 165 22 191 107 179 226 46 197 163 223 8 112 206 3 40
    127 57 38 95 93 244 200 212 140 25 129 157 248 127 183 203 36 248
    107 66 89 210 149 15 34 173 130 200 0 233 137 248 115 87 238 35 78 7
    113 113 82 61 71 163 251 176 174 226 232 107 94 189 51 75 84 19 7 5
    143 251 88 89 255 57 211 91 31 52 19 234 230 98 148 198 194 94 161
    45 187 164 65 50 120 96 137 55 222 53 240 121 107 202 179 47 167 46
    225 82 81 99 49 195 214 222 163 242 61 163 133 189 116 203 166 68
    225 49 134 88 126 138 121 219 131 14 40 14 26 80 62 90 105 126 137
    147 242 64 155 26 212 217 205 14 179 123 64 68 102 35 195 129 23 50
    153 80 106 5 217 125 140 145 208 42 207 57 236 63 250 245 10 197 161
    245 15 230 129 67 79 82 237 242 10 82 1 79 131 32 207 100 124 197
    131 62 80 72 202 129 13 229 44 212 141 18 100 26 137 71 136 177 41
    65 75 15 31 97 98 32 198 120 220 76 143 156 114 235 147 7 191 222
    179 120 226 188 132 38 147 233 228 182 74 25 204 179 65 166 81 142
    211 222 212 178 116 163 107 22 247 189 96 199 40 196 196 80 136 55
    186 6 3 97 138 255 87 3 47 77 75 26 87 68 153 175 223 197 82 84 145
    236 233 177 88 97 19 107 2 128 149 142 147 15 171 58 180 150 37 57
    234 188 239 115 126 111 108 162 200 8 201 55 88 243 248 114 0 26 149
    28 124 167 94 156 200 3 179 41 218 231 78 33 94 27 212 55 149 27 77
    33 33 0 124 118 222 181 78 181 38 107 239 201 46 6 245 87 164 247 25
    10 185 61 111 150 109 156 137 87 160 70 146 75 133 158 73 59 217 10
    49 237 24 87 1 88 71 236 165 137 134 198 170 205 54 101 230 67 6 51
    222 191 64 82 187 12 215 185 238 231 26 6 115 113 134 252 40 123 88
    52 63 12 206 70 204 132 12 177 238 55 181 84 133 48 247 98 191 219
    74 144 149 106 224 17 242 7 147 154 217 185 180 91 40 227 57 3 143
    32 225 130 35 115 180 186 241 135 26 208 151 140 247 4 162 29 0 152
    94 217 37 59 54 151 17 20 226 25 207 85 104 107 45 211 76 74 29 82
    229 148 92 62 230 20 46 9 35 228 244 94 129 92 78 127 12 64 169 94
    158 147 200 4 126 68 153 128 35 229 30 59 48 206 34 10 84 47 61 82
    131 143 49 239 214 230 107 11 31 3 25 51 207 119 227 130 8 157 181
    73 254 254 182 0 66 96 190 227 233 188 152 37 79 77 53 155 58 216
    224 95 82 241 46 175 25 178 79 47 21 122 4 97 69 207 110 22 153 35
    139 242 183 117 155 88 181 54 212 191 165 172 233 179 225 161 132
    115 38 65 158 74 163 84 191 101 75 32 173 251 94 207 95 197 237 123
    31 207 21 46 224 26 193 180 152 54 192 134 108 189 78 247 138 188
    147 220 242 62 118 197 203 199 105 52 103 192 213 134 226 204 237 65
    252 219 227 103 90 189 235 175 228 169 83 55 106 189 171 221 183 35
    178 149 170 108 195 165 254 159 167 11 106 214 171 87 229 163 4 96
    221 34 239 13 178 24 82 15 248 233 18 234 189 94 27 88 64 18 52 82
    26 203 71 44 80 201 117 249 173 80 20 129 70 237 120 74 212 250 224
    93 182 94 45 14 201 70 57 19 65 245 210 23 165 246 184 232 42 181 80
    64 33 32 57 224 137 32 37 248 71 28 46 160 110 248 214 196 2 147 222
    32 205 129 234 55 234 26 174 136 58 145 4 49 16 156 39 32 103 216 94
    170 101 158 235 125 214 79 134 129 129 79 228 111 139 45 3 176 236
    105 114 100 55 16 49 135 199 156 32 232 219 21 249 141 67 157 44 73
    4 130 184 65 203 246 109 17 183 40 108 216 8 52 232 165 25 126 7 167
    182 158 23 77 187 50 15 38 178 68 253 75 144 170 43 102 230 132 202
    163 125 188 251 158 213 114 81 169 96 23 45 81 139 221 157 0 148 48
    196 142 125 55 120 199 116 234 91 146 10 222 59 23 195 210 151 241
    112 100 244 2 97 34 58 194 96 87 77 130 128 242 199 60 23 41 114 222
    138 63 243 117 89 133 190 215 134 122 74 150 196 151 122 116 211 22
    116 192 127 23 61 224 24 37 90 237 124 111 56 92 202 103 255 226 117
    173 64 55 202 166 133 15 57 248 2 60 179 14 48 219 103 136 206 101
    227 252 182 6 57 243 135 141 215 121 232 51 59 166 90 187 161 95 174
    162 29 52 24 0 160 116 253 229 186 230 119 179 152 108 181 55 101
    157 133 253 88 193 246 92 224 203 232 216 190 166 53 6 34 56 173 232
    119 218 220 217 171 248 6 216 244 188 200 207 184 251 113 112 6 231
    145 116 164 155 142 17 55 181 40 116 208 216 58 57 162 26 249 73 253
    221 100 238 154 37 200 82 30 196 110 250 225 166 211 65 236 215 5
    104 112 9 164 85 59 25 126 255 242 234 63 111 197 46 170 73 18 122
    24 119 100 213 6 224 66 53 227 59 167 177 244 24 52 117 110 84 1 234
    162 83 109 112 250 36 102 19 48 223 213 248 86 9 74 237 120 108 247
    115 193 30 63 14 96 62 79 241 150 60 168 121 36 228 234 242 145 239
    59 206 117 33 59 148 48 174 7 4 48 90 55 14 18 134 194 171 49 87 169
    107 29 84 243 68 237 52 146 254 76 132 93 93 181 58 97 245 94 0 149
    84 103 80 11 2 198 66 231 87 51 165 144 30 153 249 83 134 111 156 24
    123 196 165 8 221 225 151 11 29 4 13 230 204 97 122 43 40 72 227 150
    62 156 201 117 161 158 223 166 213 238 235 114 149 166 208 122 182
    36 174 66 89 91 226 194 177 50 187 25 130 247 116 20 54 169 58 250
    148 222 218 125 242 182 178 167 161 236 83 153 96 40 7 72 245 247 51
    25 80 51 15 184 223 134 144 74 94 206 42 185 190 226 234 234 130 166
    45 147 108 125 248 52 179 84 130 54 36 95 67 251 158 100 36 93 32
    131 222 124 183 208 152 140 62 102 206 180 157 210 50 163 236 168
    102 163 229 129 171 229 17 139 189 185 143 5 21 30 208 32 71 232 82
    136 211 68 91 116 103 91 77 179 44 161 140 162 171 165 133 179 79 21
    255 188 235 77 187 123 183 212 141 208 152 42 210 23 152 123 83 186
    35 27 144 81 186 154 107 52 147 197 231 59 101 201 119 50 143 73 130
    237 176 182 170 124 21 57 242 62 11 153 152 254 176 120 228 131 47
    165 203 171 1 158 76 37 164 96 239 150 194 167 64 68 128 216 129 118
    213 125 123 97 219 106 210 82 143 162 247 109 237 255 10 233 56 198
    92 89 251 193 11 72 60 165 230 151 7 227 137 48 223 159 52 114 91 20
    212 94 144 62 76 81 57 16 145 234 12 171 205 199 161 238 152 242 231
    75 161 17 176 132 192 113 236 221 61 29 37 154 159 188 248 128 78
    250 67 67 226 214 182 144 16 77 22 111 198 39 241 249 218 59 64 11
    23 38 173 36 11 101 16 23 33 5 253 230 33 142 90 48 227 158 157 186
    140 176 90 111 96 240 59 51 46 241 231 193 59 246 84 97 11 36 24 37
    136 17 249 173 133 217 242 81 199 74 10 38 247 109 194 245 86 52 203
    70 208 129 168 120 57 228 158 151 33 19 127 53 36 250 130 123 232 10
    150 28 103 156 241 10 147 95 253 61 243 89 165 95 106 74 40 117 249
    195 47 133 14 253 137 144 173 140 217 89 200 220 162 102 100 247 22
    106 147 133 180 43 25 149 194 50 182 49 203 78 18 101 44 101 89 67
    168 186 116 27 161 137 101 39 118 132 111 191 42 237 210 169 119 240
    237 250 2 204 64 235 169 96 63 87 50 39 147 80 242 221 208 119 207
    194 173 208 217 170 64 70 177 151 91 206 132 106 236 139 123 8 5 195
    78 146 110 86 243 10 53 113 224 234 235 92 53 55 243 23 157 52 0 70
    188 80 55 242 113 99 135 28 242 36 111 84 37 64 217 234 64 100 70 35
    246 70 1 41 179 212 60 1 234 235 113 122 164 241 119 150 90 138 58
    17 86 169 217 29 118 217 219 99 196 96 171 220 14 72 47 246 213 227
    36 8 1 8 178 237 251 115 49 26 84 235 12 191 241 17 149 216 122 184
    85 183 159 108 188 183 242 42 71 128 34 75 29 60 19 202 245 150 254
    128 183 79 146 192 242 116 170 125 47 147 45 198 177 43 32 152 98 96
    227 90 237 126 202 182 191 98 116 159 248 37 254 66 174 158 68 25 11
    72 212 99 208 204 92 121 199 205 210 232 249 241 120 127 6 156 89
    102 186 36 237 87 16 132 125 193 148 217 44 110 118 60 242 76 13 185
    184 74 118 249 151 199 62 212 231 141 180 233 240 62 152 117 177 12
    250 87 217 140 68 44 88 112 220 115 225 201 163 214 177 34 49 208
    212 158 8 244 134 86 209 29 162 249 65 38 52 148 229 125 230 72 45
    177 194 94 165 169 227 118 168 129 254 162 237 4 183 229 141 193 111
    44 49 68 172 12 29 225 63 136 125 7 250 144 100 64 140 206 199 76
    147 147 147 247 181 47 119 193 33 32 186 171 175 97 108 75 52 82 154
    20 132 253 192 95 189 140 10 183 131 65 52 82 222 194 28 36 205 112
    212 220 213 124 99 69 79 186 184 21 89 99 254 237 211 161 82 108 41
    73 133 81 157 149 161 220 88 221 219 83 127 215 202 219 240 73 213
    104 22 160 31 27 137 87 55 101 182 192 7 184 175 149 196 78 161 153
    22 42 38 53 76 117 40 22 178 26 47 52 29 143 116 88 198 91 163 10 72
    249 95 82 9 120 47 120 84 138 94 159 190 161 103 168 89 215 229 31
    210 235 118 251 185 250 115 103 58 206 221 195 184 116 2 194 84 22
    115 62 4 198 239 140 69 60 124 18 14 55 207 249 168 126 193 18 137
    130 32 109 237 43 167 191 238 225 169 243 34 68 109 26 70 183 68 234
    218 159 105 189 154 31 196 168 37 3 117 30 158 54 140 178 204 33 4
    209 117 64 147 97 49 133 40 193 88 246 196 212 42 188 236 21 19 21
    173 52 197 239 216 170 21 68 194 157 148 61 194 8 148 229 205 149
    160 138 189 97 71 216 167 204 134 185 114 71 60 87 169 102 242 112
    102 92 90 119 201 216 227 149 198 73 240 124 206 74 254 86 252 76
    182 46 140 88 68 185 251 196 169 66 20 216 59 151 45 37 119 218 81
    70 194 236 4 150 144 250 174 59 60 100 165 186 58 104 221 68 71 240
    56 219 223 97 101 193 77 128 69 181 151 227 209 219 108 127 39 187
    100 128 143 102 121 74 90 174 25 29 143 169 203 113 17 2 240 146 17
    33 181 246 147 193 136 216 203 246 156 82 226 61 129 35 128 84 181
    216 125 203 176 132 52 156 129 139 1 86 240 227 58 217 44 130 233 45
    17 240 240 147 255 135 244 172 13 247 91 97 88 100 12 106 17 38 91
    63 243 82 77 246 79 51 86 149 194 114 126 66 70 253 223 61 192 236
    102 110 235 206 211 156 146 1 47 8 244 138 115 234 201 89 59 113 153
    56 219 19 95 233 231 32 44 36 241 129 153 61 37 251 161 90 239 20 74
    16 143 154 177 79 102 35 178 108 64 157 7 246 174 96 67 170 48 92
    107 254 252 151 195 73 0 100 37 3 233 166 169 120 101 160 144 32 18
    141 138 249 70 164 249 154 8 127 125 199 216 68 71 236 143 48 3 189
    58 190 55 254 55 192 77 52 128 185 108 168 148 4 52 121 102 113 140
    253 28 71 249 100 154 112 255 237 80 113 86 92 37 192 172 82 55 107
    179 131 201 71 45 130 210 244 180 122 64 223 168 243 172 39 172 58
    209 253 172 45 170 10 62 214 196 13 173 216 35 124 18 118 30 174 116
    9 169 139 197 217 166 47 124 6 165 89 78 164 173 56 159 165 114 179
    10 53 158 89 121 111 42 26 183 153 114 108 180 92 84 195 25 26 155
    218 28 199 183 230 30 253 13 9 140 166 139 253 159 112 24 142 2 244
    128 181 43 42 175 123 4 36 189 74 247 68 61 69 0 243 82 239 172 253
    90 125 32 10 15 11 227 244 239 54 168 168 169 39 26 158 119 159 127
    104 172 187 64 143 9 91 196 213 130 55 1 243 74 151 204 94 250 223
    90 169 90 25 158 108 96 195 90 115 61 207 13 25 158 44 142 217 6 109
    252 157 156 45 119 65 244 195 226 151 95 173 42 121 27 204 96 130 99
    194 218 94 219 238 130 138 102 110 92 87 47 229 184 169 84 77 34 101
    119 165 127 67 33 193 84 98 28 173 146 94 22 11 235 131 62 115 151
    114 10 215 169 247 162 91 96 101 66 21 59 166 72 205 19 229 65 66 19
    129 231 160 130 161 226 59 87 177 85 70 205 242 104 9 27 49 166 144
    188 91 64 50 198 25 134 25 226 93 169 51 172 75 74 167 85 86 151 181
    161 163 112 215 107 57 100 230 195 21 94 92 10 102 126 32 93 222 109
    76 41 37 174 105 159 170 96 160 243 5 94 17 158 143 75 132 203 24 55
    220 213 109 252 42 24 144 76 129 23 24 78 136 90 5 105 57 206 106
    127 224 73 202 165 27 135 39 94 139 188 52 255 119 185 123 198 2 139
    81 125 252 52 232 83 15 140 25 183 133 255 55 89 0 128 73 143 213 86
    227 219 215 113 211 194 136 69 108 130 1 99 131 144 128 111 35 72 39
    235 35 130 43 117 228 229 171 57 4 80 89 159 122 122 87 140 232 240
    83 62 137 159 160 118 128 246 31 247 248 26 28 32 245 28 51 242 9 14
    160 209 174 131 194 44 226 99 158 187 148 209 213 68 27 81 194 9 86
    202 89 231 134 210 97 231 216 79 142 93 249 180 247 118 75 100 169
    140 59 88 57 202 145 48 72 122 124 152 98 225 247 30 234 11 212 12
    119 194 129 61 86 54 255 196 121 80 202 78 98 243 212 21 15 232 245
    85 55 145 53 45 186 114 36 211 157 127 103 239 237 73 199 172 249 20
    218 130 59 244 115 123 234 5 99 107 9 159 116 25 255 53 104 91 147 0
    100 73 15 117 241 110 37 108 143 83 48 234 28 155 67 87 137 176 156
    188 3 250 185 116 170 107 150 160 196 3 138 17 26 109 206 119 106 92
    169 156 251 61 158 127 158 88 214 46 136 117 71 19 8 110 33 61 55
    100 133 55 158 180 199 237 143 32 95 61 178 233 19 161 166 80 120 44
    24 133 240 136 225 11 229 136 228 98 180 85 190 209 37 214 197 163
    116 254 9 62 8 1 39 231 70 45 13 90 194 219 102 113 133 171 17 145
    69 219 183 251 83 73 162 73 74 102 55 10 90 15 86 246 49 154 90 232
    67 86 26 118 46 149 49 208 137 95 121 7 158 75 74 63 124 124 70 231
    221 117 200 74 12 158 17 107 234 134 71 204 1 87 97 239 94 168 201
    37 134 127 64 221 150 131 116 236 221 105 231 211 66 5 169 207 16 97
    93 130 167 34 126 96 248 172 215 89 161 191 234 24 176 237 4 57 237
    237 149 56 202 214 123 141 43 195 123 45 248 64 23 220 207 153 43 0
    229 20 141 21 191 167 28 99 194 108 228 88 122 146 213 226 186 50 54
    6 123 249 120 187 176 90 127 174 219 55 39 152 66 116 61 172 52 187
    37 158 106 154 176 221 246 187 14 62 109 115 199 135 251 76 110 171
    60 233 131 247 98 157 90 218 254 30 138 45 42 73 161 181 70 46 23 85
    146 24 40 45 40 242 130 19 180 243 100 234 100 208 103 158 132 165
    140 97 222 77 152 104 94 76 74 148 13 199 254 198 36 127 237 112 236
    249 69 44 134 16 248 88 178 55 253 115 109 90 130 239 102 181 92 13
    83 29 33 188 245 92 4 212 232 9 216 230 54 212 245 141 46 158 207 5
    204 67 67 139 140 27 175 200 147 220 253 124 41 202 255 128 29 161
    119 230 212 62 53 127 246 100 9 69 203 39 78 248 193 64 88 162 98 92
    197 80 22 51 251 195 44 178 78 253 216 217 217 138 104 255 139 125
    110 158 122 44 191 111 223 46 83 7 20 240 157 113 126 130 9 0 82 245
    4 73 249 131 71 148 217 84 234 107 74 58 40 127 129 159 248 246 153
    146 114 127 58 230 79 132 201 248 3 101 188 156 34 237 105 175 47
    186 50 180 125 127 166 171 114 20 79 62 87 174 128 34 198 125 71 136
    164 175 157 221 144 72 152 64 82 39 90 156 247 195 139 84 106 57 165
    115 22 145 186 140 225 222 243 25 179 76 142 172 246 228 111 38 176
    167 200 21 23 135 69 92 39 243 189 25 51 200 134 110 64 238 50 54 95
    254 13 221 4 111 218 225 138 44 207 83 18 163 74 229 66 200 173 180
    160 108 210 89 235 52 207 76 242 8 126 38 109 175 107 44 213 161 50
    74 243 2 14 209 110 130 112 255 122 248 160 240 161 32 27 244 181 14
    164 239 203 74 90 177 67 177 202 208 232 55 240 189 113 245 144 157
    44 7 147 205 31 189 35 224 223 181 130 237 110 118 171 118 138 153
    226 140 58 218 67 14 71 91 239 56 102 73 244 21 87 73 61 107 29 153
    116 77 192 30 229 75 125 149 51 110 107 238 46 108 83 243 58 31 157
    218 187 182 113 24 205 203 30 226 120 115 43 149 45 189 39 39 6 210
    111 156 109 183 8 0 194 96 204 178 110 65 45 197 127 91 134 139 196
    89 23 180 86 2 41 143 189 143 78 5 32 225 253 152 226 150 255 147
    149 30 79 69 37 16 26 188 91 191 147 129 97 125 146 40 168 159 187
    140 197 41 194 63 251 107 176 59 184 42 63 135 77 131 38 179 66 150
    97 79 144 15 227 110 234 124 77 197 254 202 114 133 85 19 210 94 217
    223 1 141 150 166 253 229 185 62 251 234 1 170 159 221 138 154 23 25
    30 244 142 170 102 55 180 45 163 83 245 145 17 52 92 60 135 104 117
    217 193 142 195 161 210 203 54 222 52 172 129 20 240 240 240 138 11
    236 136 121 226 73 18 248 53 5 194 87 30 215 49 6 235 176 158 217 60
    155 116 22 250 225 97 31 137 7 131 246 126 222 45 254 213 99 227 106
    124 164 99 252 222 32 171 102 46 40 198 75 121 143 40 110 187 31 83
    205 228 31 92 140 137 200 37 156 56 208 217 79 42 14 59 111 217 146
    141 168 195 103 149 28 237 88 102 249 154 240 109 232 213 218 21 240
    97 249 73 232 11 223 3 238 22 37 94 56 248 163 61 243 151 120 130 39
    4 12 196 224 95 49 154 147 141 61 116 109 99 218 44 135 114 134 181
    176 89 66 56 35 194 157 29 89 83 104 15 212 213 237 201 168 55 24
    235 91 139 160 194 98 78 136 7 163 173 124 248 194 186 111 150 154
    160 74 236 162 80 205 94 177 153 52 199 59 211 250 197 52 89 45 160
    251 153 12 223 89 172 34 62 10 150 51 80 237 179 192 237 84 131 52
    252 252 41 16 193 144 105 115 52 248 69 252 227 165 110 206 33 131
    248 137 22 48 184 131 109 75 255 10 33 37 178 207 112 64 26 39 137
    213 233 210 93 111 88 21 163 16 239 84 70 164 149 217 138 28 246 237
    136 82 155 1 151 40 53 23 179 216 125 189 95 238 69 228 234 225 11
    95 150 149 198 116 105 229 175 215 15 220 170 16 143 51 159 58 68
    246 130 35 118 168 238 187 37 224 241 137 20 204 121 164 208 45 94
    165 110 241 19 71 213 38 147 23 157 206 27 255 21 45 124 191 131 252
    213 231 110 59 239 148 69 144 54 102 195 243 83 1 90 25 167 204 213
    115 196 11 45 114 87 14 223 22 14 29 99 101 46 76 187 22 143 226 105
    3 70 57 252 115 151 186 137 253 82 190 43 206 241 88 89 52 81 25 31
    188 145 212 179 69 159 21 86 194 91 205 113 127 222 185 180 106 236
    233 39 88 9 231 146 121 228 255 200 119 232 148 207 183 195 233 241
    77 17 38 21 186 207 182 80 148 40 193 60 59 231 237 188 167 3 38 172
    42 249 51 210 34 109 168 247 209 206 252 101 38 99 114 13 131 186 15
    92 133 22 5 137 93 88 233 13 182 69 11 36 133 154 173 73 114 80 56 5
    95 166 207 126 133 21 228 63 135 213 238 81 248 82 21 34 4 206 102
    142 247 176 184 5 158 72 134 4 70 70 194 15 225 5 97 222 197 88 183
    174 76 180 157 66 174 79 3 63 11 172 92 42 208 200 246 185 252 139
    144 199 14 10 33 249 239 63 37 77 151 157 148 160 217 188 183 25 215
    6 84 92 131 198 198 41 36 173 77 156 203 151 92 201 62 98 216 70 41
    95 247 114 111 188 64 143 224 100 51 248 165 191 14 240 214 137 250
    6 133 222 138 77 21 144 249 92 143 122 212 60 141 223 11 151 15 41
    154 84 130 78 16 33 134 161 7 45 24 29 205 101 182 245 213 224 39
    228 226 176 49 240 183 110 53 238 168 180 219 103 32 197 200 33 131
    161 169 221 143 212 21 10 141 209 49 132 179 91 118 161 101 204 83
    141 95 174 190 174 4 185 78 11 156 195 15 244 19 8 158 239 137 93
    164 202 196 14 171 31 30 199 33 170 211 238 105 228 68 198 102 182
    116 56 235 102 118 202 113 241 0 229 148 246 139 246 129 123 80 174
    189 88 187 58 70 175 46 86 135 243 200 150 230 72 210 163 176 204 57
    11 160 85 150 72 28 254 62 22 31 93 2 42 125 40 78 150 237 156 53 80
    221 182 219 165 225 103 119 216 44 252 10 203 123 35 176 174 90 222
    195 152 209 96 47 72 223 45 221 3 23 205 65 71 67 33 74 255 14 153
    88 0 199 106 167 120 252 10 36 132 41 241 171 98 60 233 52 234 116
    80 182 129 27 64 229 161 11 174 44 103 149 57 192 104 86 179 126 85
    249 106 11 46 183 97 255 20 103 12 115 21 168 234 255 61 48 230 226
    247 41 211 208 207 85 74 73 127 172 135 12 189 2 85 183 185 187 10
    218 185 159 82 199 20 43 246 22 246 207 123 211 206 106 16 184 203
    36 184 47 166 107 222 123 232 154 113 86 1 233 141 166 129 242 184 5
    31 19 67 6 222 81 49 241 31 148 74 186 247 69 182 131 145 160 156
    214 65 137 158 111 169 94 97 58 196 69 61 95 232 77 56 174 146 179
    198 220 110 40 20 193 145 70 149 175 125 42 9 39 233 21 209 72 159
    129 213 245 15 34 53 96 206 213 83 38 87 79 242 117 251 114 185 67
    237 127 218 66 124 18 1 113 104 230 136 193 243 60 160 97 67 229 77
    235 221 68 220 2 239 224 204 57 93 78 148 98 81 208 8 205 182 138
    110 134 104 27 147 57 167 169 76 36 141 249 135 208 196 135 183 223
    139 117 31 202 171 136 213 125 125 253 70 140 131 66 150 226 108 195
    219 195 74 17 118 54 16 175 111 120 128 227 207 174 171 102 99 170
    220 208 47 174 111 184 1 119 211 148 158 228 96 139 19 189 101 205
    251 27 237 212 120 147 7 213 133 150 85 153 86 102 220 199 143 34 10
    30 73 166 194 226 114 251 0 227 43 159 57 108 85 1 132 50 145 138
    137 26 252 223 160 252 49 4 167 109 57 131 46 84 208 29 236 51 67
    129 146 126 177 141 140 131 40 64 149 79 79 181 12 221 193 236 57 0
    212 237 171 122 251 113 20 47 248 114 154 106 90 220 45 157 36 110
    135 177 247 145 41 226 91 96 2 201 175 57 16 127 136 0 238 185 88
    203 47 170 116 147 117 32 32 15 50 11 151 231 39 164 51 181 34 41
    172 26 42 166 182 93 45 30 152 249 238 185 143 243 134 119 31 92 244
    7 157 234 180 246 150 146 37 118 27 21 78 119 4 235 108 167 249 232
    208 210 249 92 227 53 100 129 139 237 198 83 90 38 80 206 0 194 89
    255 177 78 152 53 187 179 142 203 193 39 18 186 133 213 248 207 41
    111 117 114 37 192 86 191 80 235 202 149 163 139 40 117 55 40 244 23
    186 32 60 250 147 170 1 92 13 184 220 145 194 156 55 74 160 21 251
    120 130 248 131 109 159 44 145 221 204 49 65 57 164 85 221 42 216 25
    165 111 116 146 42 251 99 42 28 29 100 95 106 81 42 228 225 198 185
    92 88 69 203 61 178 171 84 176 15 195 110 142 248 26 113 153 3 135
    255 40 113 255 185 33 244 94 157 187 207 154 158 14 98 1 240 62 125
    56 52 155 162 162 173 125 242 4 12 155 91 27 207 213 73 75 106 235 9
    191 144 91 133 52 8 45 79 97 39 12 104 115 71 90 185 226 204 90 137
    248 192 34 138 167 106 53 24 117 158 97 39 103 45 92 184 201 236 177
    243 215 236 194 3 218 25 110 4 98 20 152 80 174 115 60 238 37 23 18
    5 142 195 200 162 98 85 84 180 167 7 73 57 194 58 199 211 32 64 204
    238 33 82 4 230 15 247 157 189 51 151 116 178 144 155 115 100 213
    229 41 23 86 55 88 100 72 190 120 13 243 148 83 45 193 24 187 52 240
    203 84 165 204 21 96 35 93 211 181 39 21 16 8 28 176 185 53 170 72
    17 103 186 196 181 123 201 224 229 29 6 59 86 146 34 185 169 131 87
    38 127 212 115 41 225 175 34 226 47 91 240 167 61 85 129 86 215 88
    225 25 69 83 244 160 58 166 210 52 84 119 221 58 151 74 177 226 197
    109 3 71 73 90 228 208 130 169 169 172 141 213 188 204 69 251 23 211
    64 32 160 249 124 130 45 105 17 251 209 227 246 130 120 193 164 19
    208 144 200 214 177 144 18 42 167 148 132 182 138 202 143 236 162
    232 228 17 114 155 43 78 19 88 57 173 77 99 199 81 117 25 30 253 121
    165 29 114 184 22 97 210 239 4 133 9 161 195 237 90 125 31 203 165
    22 107 12 55 126 132 21 63 4 144 119 169 53 163 133 105 146 168 182
    243 133 162 148 122 188 19 184 7 202 208 244 238 75 130 128 27 227
    108 149 101 91 87 122 143 28 131 118 244 85 254 90 80 19 37 227 47
    156 215 206 139 111 167 73 209 50 118 132 236 63 32 35 200 16 130
    179 67 240 217 82 84 190 252 58 185 143 125 146 160 155 54 23 14 221
    190 224 186 178 229 163 84 117 205 64 92 43 1 219 227 90 75 12 227
    177 83 185 55 199 216 85 197 4 194 49 63 161 38 81 20 240 158 2 228
    160 170 84 156 19 137 197 179 90 110 255 36 120 253 32 64 196 234
    183 7 34 206 100 81 1 72 129 219 6 2 18 145 185 253 209 197 190 209
    134 36 109 20 247 253 193 153 203 58 98 226 46 205 161 137 130 4 132
    220 233 69 91 60 69 84 199 105 60 87 226 6 245 230 234 202 113 189
    117 249 118 231 112 34 158 128 221 57 131 7 172 195 156 220 249 36
    104 12 54 58 147 233 91 30 149 190 138 214 117 159 58 101 87 1 203 5
    119 141 5 186 37 164 211 135 210 40 61 24 218 118 145 152 125 50 204
    189 215 1 54 122 253 6 200 28 61 177 73 193 131 106 87 222 186 17 71
    87 251 91 3 73 60 30 27 70 134 183 81 17 82 158 31 133 205 88 111
    228 169 86 59 239 103 43 240 51 34 63 128 70 147 35 40 5 189 238 221
    38 184 147 129 53 30 140 40 243 220 217 9 237 97 19 146 186 248 128
    238 105 151 166 36 17 132 46 189 133 49 157 124 197 69 121 103 144
    11 10 109 23 62 164 225 193 12 211 77 103 29 123 158 109 180 254 28
    90 181 58 58 52 208 176 231 176 136 175 66 184 14 180 128 154 74 172
    200 96 196 72 128 14 100 1 61 83 148 151 151 29 88 221 173 197 8 220
    189 202 0 17 43 253 80 202 219 126 35 63 3 51 135 85 44 44 249 82
    127 228 148 107 44 248 228 91 86 150 17 62 173 178 25 226 188 73 221
    145 59 118 173 102 160 236 118 229 50 149 24 147 57 48 122 70 184 41
    23 166 61 155 169 58 193 55 187 206 92 165 65 99 168 151 159 221 79
    16 122 210 4 171 109 207 108 151 129 69 33 72 88 129 195 84 221 44
    66 69 215 153 132 192 240 104 190 51 133 9 197 181 187 19 73 174 86
    249 196 196 226 241 73 49 249 98 219 186 81 255 234 230 82 24 12 232
    181 125 251 9 98 20 0 206 92 204 174 17 14 165 66 124 97 147 6 224
    40 153 158 0 160 74 130 165 228 149 236 55 75 58 208 16 255 81 93
    101 46 179 105 82 105 74 9 35 148 80 229 77 181 14 132 15 179 1 237
    238 189 15 3 223 201 118 104 196 33 142 189 221 14 37 243 167 171
    101 76 28 100 59 63 246 37 2 125 171 206 158 155 88 60 110 123 239
    195 52 36 173 110 87 9 144 78 230 36 249 196 223 95 201 59 249 28
    212 148 74 79 190 106 188 12 161 135 73 254 253 61 75 195 190 116
    194 9 140 72 225 28 50 197 197 195 216 110 75 52 225 236 207 123 247
    73 207 180 49 126 140 45 136 117 174 81 194 144 231 128 248 232 249
    116 199 64 227 72 56 141 85 229 16 95 106 82 53 144 62 30 58 149 44
    133 16 91 13 120 174 232 208 68 191 10 97 193 231 179 174 4 33 64
    196 135 96 171 32 247 177 141 212 249 148 210 76 59 2 59 31 43 237
    46 9 114 202 106 165 79 186 107 13 123 61 27 49 255 166 31 202 56
    175 48 115 243 53 114 118 200 195 211 233 1 246 15 104 71 10 192 161
    71 22 220 73 145 106 137 223 251 187 226 216 86 225 22 107 44 105
    132 158 19 206 132 79 138 235 69 47 121 233 227 214 102 90 207 98 98
    249 138 235 168 250 205 160 122 182 187 67 126 170 219 240 24 1 52
    162 87 195 236 224 2 209 125 80 153 254 88 6 143 237 163 215 149 93
    158 213 184 121 39 199 118 56 11 15 74 100 111 227 43 33 239 98 60
    38 76 5 154 217 118 144 216 34 212 92 96 204 1 9 160 153 191 177 42
    217 0 225 97 89 183 235 108 137 201 237 30 30 44 144 228 228 86 17
    184 140 211 7 5 32 199 15 155 15 251 95 46 92 73 229 212 94 232 239
    86 135 67 208 57 14 200 198 134 149 76 163 38 175 141 91 92 41 249
    230 142 30 38 7 74 172 58 250 163 11 16 148 132 73 228 180 169 31
    105 224 251 136 90 157 42 210 228 223 127 30 35 61 125 105 136 90
    185 158 43 147 3 79 103 61 141 241 10 66 59 63 21 21 141 61 216 1 38
    188 100 132 10 252 213 63 171 20 172 117 51 10 179 32 227 245 152
    224 117 238 162 119 78 90 43 143 111 39 211 152 224 233 165 103 10
    40 63 88 227 210 235 205 86 14 52 97 91 66 109 140 220 71 149 151 23
    128 239 253 228 11 139 234 44 135 98 178 50 18 100 217 41 170 59 200
    245 69 8 80 144 219 214 164 101 24 89 93 75 248 157 146 154 32 43
    238 37 42 94 191 200 180 9 2 218 2 21 204 211 82 140 254 32 184 86
    197 127 136 78 133 5 81 120 242 83 47 136 73 37 138 44 130 65 215
    146 109 176 236 52 128 238 176 42 163 54 247 251 120 36 76 245 238
    180 241 52 68 155 217 142 230 159 158 4 55 94 40 58 224 194 6 94 116
    190 37 119 91 33 218 217 112 143 90 174 166 43 211 116 46 205 13 113
    63 77 126 64 93 190 240 212 127 185 114 154 0 78 246 226 175 109 142
    229 209 195 34 110 72 74 31 70 173 177 119 73 140 132 245 189 120
    118 139 227 0 234 255 241 30 150 36 222 118 77 137 191 251 26 198
    203 188 142 173 23 18 166 216 16 218 113 19 214 58 205 197 38 42 74
    245 130 34 92 50 15 52 204 244 44 143 162 16 28 11 238 76 60 220 157
    251 114 117 179 125 255 230 122 154 136 156 199 234 25 5 154 56 146
    95 207 34 114 106 224 185 137 193 189 207 155 247 55 140 156 224 136
    255 251 9 146 216 240 83 33 132 197 48 214 6 85 23 214 113 236 248
    238 89 140 147 16 62 55 173 94 28 45 118 103 221 213 194 83 113 235
    7 188 242 97 100 34 59 164 176 106 51 254 71 46 214 48 32 4 61 222
    175 29 54 122 211 248 42 97 153 0 87 132 49 225 129 140 26 204 140
    26 126 163 20 111 145 21 201 183 25 106 152 35 117 30 91 91 162 230
    165 199 153 140 32 255 119 207 229 32 145 211 228 117 238 28 87 193
    44 9 124 94 251 162 180 69 197 252 121 51 1 79 151 127 216 100 160
    26 146 164 37 158 43 221 220 197 141 228 24 211 170 104 237 117 216
    54 74 169 225 220 158 129 173 115 40 119 250 105 149 217 225 130 228
    255 102 190 231 93 2 157 237 236 227 168 141 19 27 60 118 233 23 221
    119 221 138 224 59 148 192 23 229 186 27 227 32 77 191 133 253 123
    103 11 108 31 243 147 54 17 73 51 158 182 68 94 171 183 235 115 248
    53 187 229 120 17 160 87 235 84 80 190 101 245 199 98 155 150 29 36
    53 254 84 114 57 8 177 95 163 2 254 223 235 84 217 229 230 186 94
    109 168 178 119 149 63 204 42 66 209 78 26 255 40 191 26 65 21 150
    48 165 198 3 61 196 253 175 193 160 121 105 46 84 19 90 68 5 233 171
    207 135 56 87 10 169 95 223 156 212 37 86 207 156 178 73 177 39 25
    102 74 71 91 59 8 13 90 60 205 185 21 93 36 183 172 149 194 43 178
    239 103 28 196 137 254 228 109 230 255 67 243 111 253 200 0 22 239
    18 148 36 192 95 66 247 110 126 87 7 12 0 39 188 82 56 157 24 163 71
    142 197 36 60 62 94 63 5 31 44 128 49 34 102 201 104 195 143 187 60
    169 19 134 150 134 220 82 132 130 151 117 221 75 58 126 217 81 8 175
    38 216 200 228 137 137 132 70 175 145 239 112 249 56 37 181 129 144
    71 35 121 113 21 69 250 73 181 68 178 114 52 114 208 243 213 170 83
    12 148 88 46 37 163 204 112 152 247 33 182 251 159 221 219 123 81
    233 130 99 227 25 98 222 155 65 52 71 79 154 52 34 13 213 55 116 44
    199 240 72 208 168 244 10 140 88 194 92 116 83 233 60 6 92 226 223
    16 8 249 248 23 57 227 92 81 5 12 198 83 167 136 131 248 80 133 81
    77 5 26 106 203 81 17 106 132 45 39 7 177 221 120 232 106 213 242
    223 149 250 136 190 247 26 23 70 211 114 225 79 43 210 26 60 77 5 94
    102 118 217 244 123 124 142 247 190 184 104 125 218 5 90 220 198 8
    10 134 206 174 48 236 223 102 45 36 105 230 120 54 238 139 191 112
    85 29 253 174 162 126 123 181 187 32 90 156 149 42 47 220 50 79 152
    65 255 163 101 57 139 207 192 47 133 137 168 96 45 106 205 209 217
    192 227 184 13 101 83 197 232 99 211 30 210 68 86 9 240 80 142 55
    227 219 249 168 202 255 135 116 196 255 204 107 1 100 39 191 247 147
    254 175 44 202 80 190 204 28 213 184 85 103 55 17 44 32 71 146 30 53
    190 211 110 204 51 132 123 55 123 222 189 165 188 166 134 4 184 48
    186 8 154 159 200 153 104 82 235 22 139 222 199 130 10 23 77 233 194
    197 51 199 32 50 122 74 163 207 51 65 208 246 167 222 63 106 108 35
    9 92 189 84 170 223 141 10 47 231 11 84 130 66 171 89 123 54 231 90
    18 206 82 222 140 129 129 51 125 119 51 113 46 56 237 4 3 223 21 191
    211 229 156 186 151 19 59 167 89 92 1 48 177 169 213 250 72 72 20
    214 210 194 179 177 10 122 163 166 28 199 92 31 5 60 27 220 12 236
    234 220 119 190 218 6 154 189 182 217 3 145 1 12 254 194 255 125 111
    85 140 236 235 58 5 139 254 178 52 129 18 181 152 16 15 20 182 48 0
    161 167 216 21 189 11 24 220 138 215 44 246 211 147 126 133 82 196
    193 225 52 14 31 2 62 70 108 209 165 84 181 104 40 220 128 174 178
    168 141 249 115 119 203 36 83 41 112 222 68 238 119 199 88 86 67 134
    241 249 26 138 147 112 55 80 241 146 204 52 38 130 233 27 155 8 1
    111 102 102 148 29 133 238 35 250 91 214 14 82 60 79 111 204 102 253
    83 247 57 203 158 22 16 150 168 117 84 123 125 78 169 192 92 195 82
    224 212 237 63 179 176 254 43 122 90 83 88 164 86 238 77 189 108 211
    190 30 134 100 93 94 232 56 80 120 239 199 189 213 192 189 55 238
    148 111 19 94 123 147 85 237 19 115 223 43 126 130 13 192 93 39 139
    17 172 36 200 1 227 24 87 47 86 22 158 145 55 58 226 207 6 191 23
    196 186 105 221 115 7 158 118 25 3 16 211 249 63 0 222 82 144 178
    135 32 143 62 38 129 140 65 108 226 114 186 68 244 48 78 104 76 233
    173 254 252 19 221 162 45 197 88 221 136 153 185 181 206 100 188 62
    195 101 66 93 232 108 197 129 16 99 91 82 235 113 168 237 127 64 84
    109 183 168 242 167 169 12 199 157 188 130 31 156 162 180 13 46 34
    227 166 20 130 179 97 90 44 18 65 129 160 192 10 167 223 112 160 147
    150 108 199 64 205 58 218 62 87 206 135 40 98 173 117 102 210 68 17
    69 196 68 83 35 76 80 14 164 190 240 145 118 51 94 165 255 255 35
    107 249 208 132 195 8 220 44 13 21 196 104 128 29 128 221 45 140 129
    218 142 213 34 144 194 219 199 11 204 10 78 80 154 215 217 164 191
    118 168 59 182 90 93 91 175 229 93 136 8 181 39 10 175 228 195 145
    233 150 0 76 61 221 18 155 32 159 1 46 54 67 218 43 118 120 107 37
    102 163 88 37 155 52 10 231 155 28 26 55 233 38 69 82 143 144 133
    117 32 79 23 169 160 244 88 137 14 225 107 155 142 99 225 65 63 203
    246 98 220 245 160 154 130 68 121 74 176 42 43 48 230 165 185 220
    152 43 184 60 187 251 127 104 90 153 63 233 77 167 69 7 117 173 141
    222 153 76 117 138 250 131 171 174 103 192 134 87 169 192 101 82 4
    24 242 7 183 117 161 7 17 221 145 4 99 131 197 124 176 218 81 131 8
    215 18 147 29 78 52 50 251 238 1 16 198 128 242 135 234 111 133 167
    41 115 232 227 170 25 39 125 148 92 75 224 175 183 135 137 215 100
    231 112 243 156 79 131 206 56 23 96 124 133 231 197 195 116 92 154
    120 66 170 44 70 202 146 199 78 248 126 82 85 123 181 191 7 30 179
    173 148 40 60 243 38 89 231 200 179 174 187 252 3 233 194 156 82 168
    138 180 140 235 179 32 128 94 165 33 30 150 55 165 110 255 59 21 82
    70 104 20 162 214 9 242 1 26 11 24 6 221 113 132 118 169 182 128 252
    89 36 47 194 202 12 168 239 212 93 134 235 190 201 26 137 129 215 54
    81 29 52 46 231 209 124 217 31 117 179 96 105 85 213 218 35 188 249
    38 69 188 84 34 126 158 228 110 113 129 133 240 29 176 157 196 111
    251 163 1 210 48 158 161 197 97 84 242 113 68 79 157 165 30 93 7 30
    191 163 71 160 25 212 62 104 62 10 14 100 175 13 219 80 236 149 240
    37 170 89 220 88 195 180 232 148 21 240 38 137 207 205 238 103 79
    197 219 27 113 85 29 143 107 214 2 137 137 155 36 106 198 186 39 209
    123 156 111 182 111 244 246 190 249 196 102 86 45 130 165 136 75 112
    170 76 162 143 12 183 183 90 63 149 51 206 24 161 52 27 253 153 55
    23 108 147 93 128 15 35 194 49 23 155 79 170 227 87 255 18 151 129
    250 170 58 134 123 204 153 175 206 159 132 82 236 96 245 16 152 246
    41 88 199 82 218 171 24 172 1 161 87 14 44 48 209 176 206 86 137 86
    153 124 23 22 89 130 171 39 130 187 110 65 232 145 76 156 70 228 245
    158 100 221 172 225 14 227 31 160 222 159 86 225 109 162 29 80 160
    53 79 2 228 131 229 56 62 161 81 82 175 180 249 189 249 49 133 75
    182 47 7 178 132 250 192 18 5 224 137 143 161 70 111 248 196 32 121
    161 147 99 140 7 196 15 192 27 151 72 39 36 44 41 173 218 177 161
    146 102 3 169 222 204 134 53 67 255 4 87 247 184 77 66 212 33 188
    198 62 4 230 119 96 154 153 126 218 171 151 202 216 42 204 134 159
    76 40 200 28 165 12 205 172 224 84 106 28 80 94 171 197 130 170 104
    207 22 228 179 57 10 43 198 12 242 26 205 161 219 198 95 193 186 55
    112 76 74 197 57 4 17 246 226 8 164 50 78 40 19 120 157 47 163 197
    88 221 220 23 47 179 136 208 217 11 87 186 96 113 154 221 189 4 51
    253 244 194 58 184 162 23 68 59 237 28 81 25 215 107 38 75 45 52 170
    181 193 68 198 162 64 48 254 155 223 2 47 226 91 56 24 88 105 240
    119 176 189 69 236 125 17 179 213 54 22 163 227 203 34 122 140 166
    55 237 204 152 120 220 199 129 9 96 197 113 83 251 233 157 221 74 21
    87 199 40 77 192 58 189 51 127 39 47 243 117 200 138 174 132 248 141
    21 8 107 100 112 87 37 47 101 71 54 174 20 178 77 99 179 104 194 200
    11 43 110 146 94 250 85 85 34 29 79 208 11 181 121 41 182 139 121
    175 126 3 201 181 16 15 95 108 206 132 193 227 245 197 179 99 246 87
    186 86 50 105 132 201 147 112 66 187 50 106 184 225 206 54 42 106
    162 88 108 96 226 74 83 209 168 40 85 30 150 19 97 170 240 199 177
    113 39 218 139 138 243 250 172 100 216 143 244 131 16 167 246 194 53
    78 35 29 10 197 185 30 30 251 43 84 168 251 1 70 56 63 93 128 141 97
    194 37 92 116 126 187 138 199 49 33 197 22 227 12 24 132 88 229 221
    159 241 254 27 63 12 180 4 27 192 107 246 11 136 180 190 97 247 83
    85 202 72 191 95 55 110 19 163 199 150 195 166 106 12 15 168 219 62
    48 194 77 86 14 129 230 247 48 39 12 121 135 198 213 130 15 181 186
    224 34 93 224 144 158 77 18 34 169 91 26 31 123 26 27 208 30 214 186
    102 1 192 73 207 48 82 255 57 57 139 148 131 30 47 233 72 129 236 78
    46 71 19 254 198 57 34 194 186 105 201 207 195 72 200 242 254 209
    113 137 160 145 151 11 222 219 228 108 136 36 215 248 193 176 152 18
    37 147 30 47 115 148 60 202 202 142 196 113 217 116 184 12 49 17 30
    60 109 118 55 185 145 202 21 166 177 147 122 239 196 115 132 51 140
    92 103 129 37 211 60 159 153 186 158 9 25 207 109 128 135 232 219
    179 155 119 70 143 4 47 144 30 204 31 188 240 210 96 124 184 111 216
    108 123 29 141 42 104 87 187 14 208 223 249 113 154 80 201 183 107
    253 116 124 232 206 31 210 128 243 9 166 143 218 208 13 42 151 225
    64 29 229 0 183 48 197 176 55 217 113 111 65 141 102 201 25 138 178
    173 248 70 213 203 155 165 62 208 38 126 75 11 230 223 5 72 36 159
    94 10 158 169 240 78 163 245 238 254 114 81 253 5 217 225 168 164 9
    160 37 144 103 27 63 232 21 11 49 140 191 49 149 100 129 7 4 110 220
    157 87 13 107 99 75 203 212 113 169 68 203 204 242 93 119 167 56 225
    35 9 93 142 172 138 46 140 139 79 211 195 116 168 40 33 90 162 44
    151 138 190 212 110 35 123 141 192 47 226 59 221 111 191 24 185 199
    49 217 71 237 180 50 136 186 234 241 81 181 241 17 57 179 21 46 78
    164 149 149 214 3 69 226 57 233 229 89 119 9 158 228 241 95 75 255
    235 166 12 17 113 161 112 66 212 123 44 106 25 98 57 115 245 225 73
    116 77 177 75 128 19 18 61 243 195 37 118 117 66 70 20 102 174 206
    27 128 87 71 210 145 6 23 113 86 130 8 52 36 168 144 35 229 157 253
    199 48 171 207 185 158 117 15 244 0 226 39 57 43 60 160 50 140 196
    136 159 198 148 229 78 132 96 238 228 77 194 160 13 189 250 93 250
    114 254 92 249 87 15 223 180 64 19 222 83 59 96 67 148 13 122 177 0
    172 198 26 218 230 96 224 100 106 172 86 50 66 18 248 251 104 170
    206 101 71 149 231 137 26 180 248 216 248 148 125 175 78 97 242 38
    41 19 120 109 149 13 245 74 72 148 165 203 70 151 55 131 234 206 96
    111 34 235 160 228 176 177 150 98 182 128 158 56 121 206 91 222 83
    109 29 111 225 92 122 223 237 168 209 75 206 31 141 13 160 201 7 200
    8 210 202 126 240 94 22 149 207 101 154 209 61 157 234 11 25 52 61
    199 166 239 62 137 24 46 49 62 175 8 190 143 167 14 40 2 80 215 183
    129 3 176 57 168 32 64 217 151 10 107 74 93 185 27 3 7 84 209 213
    222 157 104 198 78 191 28 238 124 28 179 207 93 223 109 106 169 161
    247 126 51 118 252 160 169 171 62 229 132 126 136 195 144 118 11 77
    109 246 88 220 190 245 78 138 73 209 140 79 219 36 133 79 187 62 125
    31 138 112 72 143 42 228 216 28 236 206 252 97 202 154 242 63 120 85
    17 120 21 154 69 235 85 169 231 210 188 42 153 187 253 3 75 0 142
    211 166 206 252 235 142 54 202 115 64 98 200 154 233 38 219 39 122
    18 11 48 208 18 64 11 86 203 141 135 180 14 63 134 89 28 229 34 45
    218 254 170 26 132 61 167 62 113 180 170 60 103 70 3 127 78 249 135
    144 49 134 21 160 206 179 242 157 70 45 242 113 193 16 92 168 20 29
    17 180 205 190 24 210 13 229 208 1 184 247 171 156 49 166 142 215
    210 211 211 139 179 12 230 194 107 140 138 163 127 251 10 235 91 166
    135 248 211 134 243 38 239 207 148 57 243 27 208 165 211 123 147 117
    174 24 93 34 137 61 4 109 119 20 0 228 122 235 234 170 209 232 91
    134 56 209 204 51 84 34 251 121 104 17 253 230 79 99 127 98 151 200
    208 244 143 6 103 82 0 111 39 34 151 139 95 54 89 129 254 213 64 126
    151 9 58 56 1 215 144 194 93 238 146 180 213 195 122 93 65 18 13 89
    161 236 54 89 164 55 161 67 172 228 175 228 117 95 54 28 219 254 151
    212 83 78 191 16 201 10 88 31 74 160 80 181 33 238 189 131 142 16
    116 218 241 44 162 141 135 123 220 154 132 53 243 7 255 18 218 254
    187 238 83 6 248 0 193 147 16 210 20 236 56 243 67 7 37 200 108 143
    153 192 204 203 31 150 54 77 6 171 113 223 248 255 237 224 200 88
    254 233 95 17 155</data></test_img>
<my_img type_id="opencv-matrix">
  <rows>128</rows>
  <cols>256</cols>
  <dt>u</dt>
  <data>
    0 255 0 255 255 0 255 178 0 255 255 255 0 0 255 0 255 0 80 0 255 203
    60 0 255 0 255 165 0 255 0 255 0 255 0 0 0 0 0 163 153 0 255 0 0 255
    68 0 0 255 0 0 255 255 255 255 0 194 255 0 142 0 116 0 255 0 255 0
    255 0 0 171 255 0 255 8 255 0 187 0 0 0 0 0 255 255 0 0 255 168 133
    0 0 0 255 0 144 0 255 0 0 0 0 0 255 255 0 255 0 255 255 0 255 0 224
    255 0 0 255 255 78 0 255 12 0 255 235 0 222 255 0 255 255 255 255 0
    0 0 255 0 255 0 255 101 0 0 255 0 100 0 0 0 0 0 48 255 0 255 0 255
    255 0 184 0 0 255 241 0 255 0 255 0 0 224 174 224 112 232 0 164 0 0
    0 255 0 255 0 166 163 0 0 255 232 255 255 163 188 0 255 0 167 255 0
    0 0 72 255 172 255 0 255 0 110 255 255 0 0 255 255 0 255 0 0 255 255
    177 32 255 112 255 74 94 255 255 0 174 208 0 184 255 141 255 5 128 0
    0 255 0 255 0 255 255 0 86 255 0 255 0 0 255 133 255 0 255 0 0 255 0
    0 172 0 255 30 0 0 255 0 255 0 255 0 255 0 255 145 0 0 210 255 0 0
    255 255 255 255 128 0 255 0 255 255 0 170 255 0 255 115 255 0 68 142
    81 201 0 255 0 255 90 255 255 0 255 86 0 0 255 255 0 255 255 0 255
    255 116 66 255 0 255 98 0 0 0 0 255 0 179 0 255 0 0 128 0 255 255 18
    0 0 255 255 255 0 191 0 255 255 0 255 255 255 192 0 0 255 0 255 80
    255 192 53 174 255 255 0 255 0 0 0 255 0 0 255 131 0 0 255 0 0 0 0 0
    255 137 0 255 0 255 82 255 255 255 210 0 255 0 0 255 70 0 0 255 255
    255 255 74 79 255 255 255 0 0 0 223 0 255 0 255 0 255 154 0 255 0
    255 255 0 255 255 197 147 0 255 216 0 88 255 255 255 0 255 255 255 0
    0 255 0 0 255 255 0 136 0 255 255 135 0 255 255 0 255 141 0 255 255
    235 255 0 150 255 15 3 0 255 255 255 0 0 0 204 255 255 0 255 0 255
    255 255 255 0 255 255 74 0 255 0 0 0 255 0 255 255 0 255 51 0 255
    255 0 0 223 255 44 149 255 0 184 255 0 0 255 0 138 80 255 240 63 208
    218 255 0 0 59 255 0 67 90 255 0 255 0 255 255 0 153 0 255 0 255 31
    103 0 0 255 0 255 0 0 255 255 255 146 0 0 0 255 0 0 255 255 0 255
    255 255 0 0 255 161 61 255 0 255 255 255 0 255 255 0 255 255 0 255 0
    255 255 0 255 65 130 255 25 0 0 0 255 0 0 255 16 0 255 0 151 0 255 0
    255 0 0 0 255 255 0 255 0 217 79 255 255 0 255 98 97 255 255 49 255
    255 255 0 255 0 228 255 204 25 0 255 255 255 177 178 172 0 255 255
    255 0 195 255 0 0 255 0 255 111 255 0 255 105 0 164 0 0 255 0 0 255
    0 255 0 255 177 6 0 0 255 255 23 0 255 0 0 249 0 255 243 46 0 255 0
    78 26 255 0 0 0 222 255 40 0 0 255 0 0 255 0 255 26 255 255 0 0 0
    255 74 217 255 255 255 248 0 147 255 255 255 0 0 195 0 0 0 0 255 0
    255 0 146 0 255 0 0 255 20 173 119 207 0 255 0 255 0 0 0 0 210 255 0
    255 255 0 0 255 255 255 0 255 255 225 107 0 128 255 0 255 0 255 0 0
    255 0 125 165 0 0 255 0 49 0 255 116 255 0 0 0 147 0 0 255 158 0 158
    255 0 64 0 236 0 158 0 0 255 30 255 0 211 91 210 156 0 255 0 0 0 0
    186 255 0 0 0 255 0 255 255 0 0 0 255 255 246 0 255 51 0 255 0 174 0
    255 255 0 0 255 255 255 0 255 0 255 0 255 170 176 0 255 255 255 0 52
    255 255 0 255 0 0 255 255 51 255 0 255 255 0 0 255 255 0 255 84 255
    255 0 255 0 255 0 0 0 255 0 104 0 95 255 0 255 0 255 0 255 0 104 255
    0 228 255 145 0 255 44 130 83 58 0 255 189 182 0 255 255 255 0 255 0
    255 255 76 255 255 255 0 0 255 255 72 0 255 0 5 0 255 150 255 0 0 0
    255 255 0 255 0 0 255 0 255 0 255 0 0 255 0 255 255 34 0 0 0 225 255
    255 0 255 255 0 0 255 255 0 255 0 255 255 0 0 255 255 255 0 255 148
    255 255 255 255 103 0 0 206 206 255 255 142 255 0 181 0 255 255 0
    210 255 74 0 65 255 255 172 0 255 255 228 255 0 255 183 0 0 255 155
    255 0 0 0 14 255 0 255 0 255 255 255 0 255 0 255 255 255 255 158 239
    0 0 255 0 255 152 255 106 0 0 0 151 255 255 255 0 148 174 255 142 0
    255 255 255 255 240 0 249 255 204 0 255 0 0 20 0 255 255 0 255 0 0 0
    0 73 0 255 0 0 77 124 255 59 255 0 255 208 0 255 0 0 0 0 255 149 74
    153 255 0 0 255 255 255 0 255 0 25 32 58 255 0 0 255 0 90 182 255
    255 0 0 0 255 240 255 0 144 0 255 0 105 255 0 0 5 0 0 255 255 0 0 0
    255 0 255 255 88 0 255 0 255 255 229 0 255 0 250 0 255 255 255 0 255
    0 36 255 0 255 5 0 255 255 0 255 0 255 255 0 229 0 214 255 255 0 255
    0 0 255 255 0 230 0 255 0 255 255 14 255 255 0 255 255 0 255 255 255
    0 255 226 0 255 255 255 126 255 0 255 255 0 31 0 255 0 255 0 0 0 0 0
    0 255 131 255 255 34 0 225 203 0 32 255 175 0 255 190 255 255 255 0
    255 255 156 0 202 255 242 0 255 0 0 255 0 142 0 255 0 255 255 96 255
    255 0 0 0 255 174 0 202 1 255 0 255 255 255 0 255 0 34 255 0 0 0 52
    255 255 92 221 255 174 57 0 0 0 0 125 0 0 183 0 255 0 255 0 255 255
    212 25 255 0 0 255 227 0 255 0 255 0 255 210 255 255 255 117 0 255
    231 0 255 0 255 204 33 0 0 255 0 255 74 135 0 224 0 255 23 212 255
    255 0 255 251 0 255 255 0 0 255 0 54 255 251 0 255 248 0 178 255 255
    255 0 0 0 255 0 255 255 0 255 111 255 255 255 0 255 0 0 255 255 211
    255 163 0 255 161 255 0 255 255 0 255 0 0 255 255 203 59 0 0 255 0
    255 255 171 137 255 0 255 255 218 170 255 72 255 0 255 0 255 22 253
    255 255 164 255 0 131 0 255 255 0 255 163 0 0 255 248 0 255 0 126
    255 0 0 0 0 255 0 255 0 227 0 158 0 255 255 0 0 255 61 0 235 0 255
    255 0 255 0 255 0 0 135 45 255 255 126 0 255 255 0 255 255 0 0 13 0
    255 0 255 0 255 255 0 0 0 255 0 32 0 255 255 0 0 149 255 0 255 0 0
    255 255 210 241 0 0 0 0 255 255 0 0 0 255 0 255 0 249 255 255 255
    255 0 255 0 7 255 255 119 252 0 255 255 78 255 184 0 255 0 255 0 120
    255 0 0 174 197 0 225 255 0 0 255 16 0 255 255 0 255 0 255 0 172 0
    255 255 0 0 0 0 0 255 255 0 36 255 66 255 255 234 122 209 0 255 191
    0 255 0 0 255 0 37 255 255 0 255 130 255 255 0 255 173 0 0 0 255 0
    255 0 255 255 0 255 0 60 45 0 255 144 75 255 255 0 255 69 0 75 255
    255 0 255 0 255 0 255 0 0 87 255 0 255 255 46 222 0 255 0 255 255
    195 0 255 255 0 0 0 220 0 255 0 189 0 255 0 5 0 103 0 0 205 212 255
    109 255 66 0 9 255 0 0 255 156 0 227 255 255 0 255 255 118 255 19
    255 255 255 254 0 17 255 0 255 0 255 255 83 170 235 255 0 255 0 0
    255 96 210 255 195 255 0 147 189 0 255 255 0 0 0 104 0 0 255 0 255 0
    255 0 0 98 209 0 255 255 94 0 186 255 0 0 255 255 0 255 113 0 0 0 39
    195 0 172 255 0 255 255 0 0 255 255 255 0 161 0 0 0 255 255 0 255
    255 0 255 186 255 11 0 0 255 0 255 177 255 255 255 0 255 0 255 47
    255 0 255 21 0 255 0 255 255 255 255 165 255 255 0 255 0 255 0 255 0
    255 0 0 0 255 0 255 255 0 0 255 255 0 255 151 255 254 255 160 255 0
    255 0 88 255 0 255 255 0 255 0 255 255 255 0 76 255 239 255 255 98
    255 66 0 255 0 96 255 0 117 0 0 5 0 255 134 255 254 0 255 0 255 15
    255 0 128 0 106 255 43 255 195 167 0 139 0 255 156 0 196 0 255 255
    70 0 0 0 255 0 0 255 0 255 0 255 0 88 0 255 255 0 255 50 255 255 0
    221 0 255 0 255 208 255 68 0 255 47 142 0 202 3 0 0 255 0 211 72 255
    0 0 255 0 135 0 81 255 255 0 0 255 0 255 0 255 0 255 0 255 0 255 0
    73 0 255 5 76 0 0 131 255 52 177 0 255 255 255 255 0 0 0 255 0 2 255
    255 179 235 0 255 179 255 0 255 0 0 131 0 248 0 0 255 249 255 255 0
    255 255 255 0 255 52 178 0 255 0 255 255 0 255 255 0 255 0 80 255 0
    255 0 153 0 255 0 255 255 74 0 0 255 0 255 0 0 0 37 0 0 255 175 0 0
    236 246 251 0 0 0 0 0 0 255 0 255 255 255 10 0 0 0 0 255 66 255 0 0
    0 255 183 0 255 24 0 75 0 255 255 0 255 255 255 0 0 0 0 0 255 0 117
    0 0 255 255 0 0 255 0 255 255 192 0 255 0 97 255 0 255 136 0 0 255
    252 255 255 0 0 255 0 255 9 0 0 0 255 255 0 206 10 0 0 255 187 0 116
    153 255 255 255 255 255 0 0 255 240 91 0 0 255 255 73 0 255 255 0 0
    255 255 255 0 67 0 255 255 255 255 0 255 0 244 0 34 0 255 32 255 0
    255 8 200 68 0 126 0 0 255 205 255 0 0 255 0 255 255 255 0 50 255
    255 0 0 255 255 0 255 0 0 255 255 255 255 255 138 0 0 0 255 255 169
    255 255 0 19 0 0 76 255 236 255 0 255 0 214 19 105 0 0 0 255 0 255
    255 255 255 0 255 255 68 0 0 0 255 0 225 255 0 255 255 0 255 228 177
    0 255 0 0 255 255 0 255 0 255 0 226 79 255 255 0 255 0 255 0 0 255
    255 0 255 36 255 0 255 255 0 0 255 0 255 0 0 255 255 0 255 0 255 206
    255 0 255 0 255 0 0 0 255 0 255 0 30 161 255 255 255 245 13 218 220
    0 255 255 218 255 86 0 255 0 0 255 0 255 255 0 255 0 0 255 255 255 0
    255 255 194 255 0 103 186 255 163 0 255 0 255 0 0 255 0 65 0 255 0
    255 145 255 0 255 255 0 140 255 255 255 255 0 255 0 255 0 255 255 0
    195 0 112 0 8 255 133 34 255 0 0 117 255 0 83 0 229 255 224 255 255
    255 27 255 4 40 255 0 255 0 125 0 255 0 255 162 245 255 0 255 164 0
    255 0 144 255 0 0 255 255 129 0 0 214 0 132 0 255 0 0 255 255 255 0
    210 45 100 0 114 255 255 255 0 255 0 0 24 0 0 255 255 219 255 67 62
    255 0 255 121 255 0 255 0 63 0 255 0 35 81 72 21 255 32 255 0 160
    221 255 88 0 48 0 0 54 255 255 160 255 0 0 255 0 0 255 164 255 0 0
    255 255 109 0 0 0 255 32 0 255 0 0 255 0 0 255 255 68 0 168 255 0 0
    255 0 255 0 158 0 255 0 208 0 255 0 39 0 0 0 48 0 255 0 255 0 255
    255 224 255 0 255 255 0 182 0 0 255 255 0 0 0 255 0 255 208 255 199
    97 0 0 0 238 255 0 255 0 255 0 255 255 0 255 206 255 0 255 255 81 0
    255 223 223 0 255 0 242 110 0 55 0 255 255 0 255 255 255 127 0 192
    68 255 0 255 13 0 255 255 0 0 15 255 255 90 255 0 255 0 255 204 0 0
    255 0 18 255 255 22 255 0 255 255 0 255 255 255 139 239 10 0 0 255 0
    255 0 0 255 0 255 180 255 0 0 0 0 255 0 255 0 255 0 0 255 255 0 0
    255 0 215 0 0 255 23 0 0 0 255 0 255 20 255 0 59 0 255 179 0 0 0 255
    0 255 0 55 0 255 0 255 0 255 255 0 0 117 28 255 61 255 255 0 255 255
    0 255 255 0 0 0 0 255 228 0 0 21 88 0 0 255 255 255 255 0 0 188 124
    255 121 0 255 0 255 0 48 0 255 4 0 255 158 187 255 0 0 255 255 0 255
    0 255 0 255 255 0 255 0 255 0 156 0 0 255 0 255 0 255 255 0 255 22
    255 0 255 0 232 28 255 62 255 18 0 0 0 255 0 149 0 255 0 0 255 0 83
    255 0 255 0 255 0 32 0 255 255 0 216 0 29 0 255 30 0 255 0 255 0 216
    0 190 0 0 58 0 255 0 204 0 0 255 153 255 0 0 122 43 0 255 59 0 0 255
    0 0 159 255 0 234 66 255 164 46 0 0 0 255 248 255 255 255 0 0 0 255
    0 26 255 0 255 0 0 255 0 255 0 56 0 255 0 255 123 255 0 0 193 0 255
    73 255 255 0 255 0 255 13 235 255 0 57 0 0 255 255 255 255 255 167 0
    0 255 255 0 0 0 255 15 255 255 62 52 150 78 0 198 255 242 255 0 255
    0 255 0 255 83 255 194 255 81 0 0 0 230 243 99 255 255 0 255 0 255
    255 45 0 255 14 0 0 255 255 0 255 0 0 255 255 31 83 129 255 111 0
    255 255 0 233 255 0 0 255 0 255 253 0 255 0 223 0 82 255 0 255 0 251
    255 0 255 189 255 255 0 253 255 0 0 255 238 0 157 255 235 0 255 0
    255 0 28 0 255 0 0 255 31 255 255 0 255 0 255 0 255 0 0 0 255 0 67 0
    255 0 255 0 255 255 26 0 255 255 0 255 255 255 54 4 0 0 255 182 249
    133 255 0 255 0 255 0 255 255 0 121 0 135 0 255 0 255 215 255 149
    255 255 255 0 0 204 255 0 0 0 255 245 0 20 0 5 255 255 255 0 255 255
    255 175 0 0 255 0 249 32 10 255 3 0 111 198 0 255 205 255 0 0 255
    207 0 255 0 255 255 0 255 104 143 101 3 248 113 0 0 0 255 255 0 110
    255 0 215 5 142 175 255 0 255 83 0 255 0 255 0 255 30 255 255 0 0
    255 0 255 0 74 255 75 255 18 0 0 160 72 255 255 0 20 255 0 255 0 213
    255 0 0 0 255 0 0 255 0 255 255 255 0 255 0 0 222 0 255 255 0 0 255
    0 0 255 213 255 0 255 255 0 255 255 0 0 80 14 0 255 0 0 40 0 255 255
    0 0 255 0 255 255 0 255 0 255 0 0 255 255 255 168 255 255 255 35 73
    255 255 0 0 166 0 255 255 255 255 255 0 255 0 255 0 255 0 255 0 255
    0 255 0 215 0 255 0 255 218 225 0 206 240 255 0 255 0 255 255 0 0
    255 62 0 0 255 255 0 0 124 255 0 0 137 255 0 255 255 144 0 0 0 0 0
    255 207 0 118 0 255 102 66 0 255 224 0 255 0 0 230 79 0 255 0 255 27
    255 0 168 0 255 0 234 0 255 0 255 0 255 255 255 228 0 63 255 255 255
    0 0 0 255 255 0 170 0 40 0 0 255 100 0 255 0 255 31 0 104 255 218 0
    191 226 255 239 255 0 255 255 0 255 125 0 255 0 147 0 255 67 255 0
    255 0 255 0 255 95 0 255 0 255 0 0 255 0 167 255 255 0 114 255 135
    255 0 0 255 255 255 0 255 0 255 0 0 0 255 0 15 245 255 0 255 255 0
    104 189 0 41 255 255 255 0 0 255 255 255 255 158 0 255 201 255 118 0
    191 255 255 0 221 0 255 0 255 0 177 255 255 0 0 255 0 94 0 220 0 0
    94 89 26 0 0 255 228 255 255 242 255 0 0 0 116 255 0 238 167 255 0
    255 255 0 255 255 0 134 0 0 240 255 0 255 0 255 255 0 255 0 49 255
    232 255 0 255 0 255 255 0 57 255 255 255 0 255 0 0 255 126 0 255 185
    0 255 0 46 76 174 255 0 255 255 0 255 50 0 99 0 255 158 255 255 255
    255 0 0 0 255 0 0 255 255 0 0 255 107 117 163 255 255 255 228 255 0
    255 0 0 255 0 255 255 0 255 255 0 138 103 255 0 0 255 148 255 38 0
    255 0 0 161 0 0 255 0 255 255 0 255 172 153 0 82 0 255 0 71 255 0 0
    0 255 0 255 0 0 0 0 255 0 14 255 0 255 0 255 252 255 221 255 226 255
    38 0 0 255 0 74 56 255 44 60 31 0 20 255 44 255 0 55 0 0 255 255 255
    0 12 255 33 0 4 255 0 255 255 178 0 255 255 0 0 255 152 255 255 0 0
    255 255 0 0 255 0 0 255 0 255 183 177 0 0 255 0 255 255 255 0 0 0
    255 255 255 0 106 0 255 0 0 255 0 255 130 0 255 0 255 255 255 0 255
    255 255 0 255 0 0 255 0 255 255 165 255 0 0 255 0 72 255 255 0 0 255
    178 255 0 0 255 255 243 0 0 0 181 202 0 0 0 0 0 234 0 43 0 0 255 0
    255 0 0 255 0 255 0 255 0 255 0 255 8 233 0 255 62 0 241 0 0 156 0
    38 0 251 255 255 0 86 0 0 16 0 255 8 0 0 255 0 255 83 255 0 255 255
    0 0 0 255 0 0 0 255 26 0 238 255 0 0 0 241 0 255 255 0 255 156 255 0
    0 0 255 9 0 255 255 0 255 0 124 255 255 0 0 247 153 255 0 0 19 255
    162 0 255 0 0 255 0 174 0 100 0 0 255 0 255 255 0 255 0 0 255 91 0
    255 0 0 0 255 0 0 122 255 255 0 255 255 208 227 0 255 255 255 0 75
    255 255 255 255 101 255 0 0 0 255 255 0 255 117 253 255 0 255 0 255
    0 0 0 255 130 255 0 0 255 255 0 13 0 54 255 145 138 117 0 160 198
    107 255 255 255 255 0 198 169 0 0 255 10 0 0 0 255 0 255 0 255 0 255
    0 0 114 255 9 0 255 0 0 255 0 255 0 255 0 0 0 0 0 115 0 255 0 255 25
    255 0 255 0 142 0 255 0 255 207 255 0 0 255 0 0 255 0 255 0 255 10
    255 51 255 0 0 255 255 0 0 0 155 255 255 255 25 0 255 255 0 255 0 0
    72 255 226 74 49 255 241 119 255 0 224 255 0 0 255 0 255 0 255 0 0
    255 0 0 255 164 0 255 255 255 0 255 0 0 255 0 0 135 255 33 255 0 255
    11 255 0 255 23 255 0 255 244 0 255 10 255 0 255 165 0 255 0 0 24 0
    255 255 255 0 0 255 255 202 255 255 0 255 0 255 0 255 0 0 255 0 255
    0 240 71 255 0 0 255 0 255 197 255 0 119 255 224 255 0 0 137 0 255
    255 255 255 255 55 0 255 154 83 88 0 255 0 0 202 255 0 0 255 255 0
    93 208 216 30 0 0 255 0 0 255 0 255 222 255 0 255 0 255 255 0 255 0
    255 255 0 255 255 255 0 152 255 255 0 255 255 0 140 37 24 0 9 0 142
    255 0 255 255 0 255 0 255 255 0 0 0 0 0 255 0 168 0 255 0 255 255
    255 255 255 0 255 0 38 255 0 0 132 79 255 0 255 0 255 0 255 240 255
    110 255 255 255 119 255 173 0 146 255 0 255 0 255 0 0 255 255 0 231
    73 255 255 104 0 255 255 0 255 0 255 0 0 63 0 0 0 0 0 0 255 255 0
    255 255 0 85 255 0 128 35 0 20 0 255 255 0 0 0 255 255 255 0 0 255
    255 255 255 0 255 0 250 255 0 255 197 67 0 16 255 0 104 255 0 253
    255 0 27 255 0 255 255 0 5 0 255 0 0 255 0 255 0 255 0 255 106 101
    255 119 0 255 0 255 0 255 180 0 255 255 255 114 255 0 255 255 255 0
    255 255 0 103 87 0 255 255 209 161 0 255 110 255 18 137 255 0 255 0
    255 0 137 0 0 0 99 0 255 0 255 0 255 60 124 255 255 255 0 138 0 255
    255 0 0 255 255 0 75 0 255 73 255 251 0 0 255 0 255 0 246 255 148
    255 0 255 255 0 0 0 0 255 0 0 0 162 0 0 255 255 255 0 0 255 0 0 255
    0 255 227 255 0 255 241 255 0 255 0 202 255 58 164 249 255 0 85 0
    183 255 0 0 0 0 255 255 255 255 255 255 164 48 0 0 255 0 32 255 0 0
    112 39 0 255 255 0 255 19 0 0 255 0 255 255 142 0 0 0 146 0 245 254
    0 249 0 255 0 255 0 255 0 255 0 255 255 0 169 255 0 255 0 0 255 255
    0 255 0 47 0 0 255 255 255 255 0 0 0 94 255 255 0 0 255 0 255 0 0
    255 139 255 0 0 255 255 0 255 0 245 0 0 255 255 0 233 0 0 255 255 0
    255 0 0 255 255 0 255 0 255 0 0 172 0 0 255 255 191 159 255 0 255
    106 255 255 255 133 0 255 0 255 0 255 70 0 68 49 255 231 0 0 255 255
    255 0 255 0 255 0 131 0 0 255 0 255 255 0 0 255 0 255 0 103 0 255 0
    140 0 122 255 0 255 0 0 255 255 0 255 255 244 0 255 0 59 255 184 0
    167 255 0 0 255 0 83 255 0 255 0 0 255 255 255 0 255 0 0 255 255 255
    255 255 255 255 162 255 255 255 0 255 0 255 164 92 255 0 0 19 110 52
    0 255 0 255 0 255 0 200 255 0 0 255 255 163 0 255 255 0 0 255 255
    255 0 0 0 0 0 255 0 255 255 255 93 19 0 0 0 255 33 151 254 212 255 0
    177 255 255 109 122 94 0 0 0 255 255 0 255 0 0 0 38 255 212 255 255
    102 0 255 0 255 0 255 255 0 0 0 128 255 30 71 230 0 255 222 0 0 111
    0 21 0 0 217 255 0 255 0 255 0 0 225 124 255 255 255 255 0 0 77 10
    255 255 0 171 255 0 0 255 0 14 168 0 255 0 235 255 241 255 255 0 255
    255 255 255 0 0 255 255 43 0 255 0 101 0 255 0 22 0 255 255 0 0 212
    255 0 255 0 255 0 255 255 0 246 255 0 32 255 0 255 0 255 0 255 190 0
    0 255 255 255 255 0 9 255 0 255 0 255 0 50 255 255 255 67 83 0 255 0
    0 255 255 0 255 255 0 62 210 0 41 255 0 0 255 52 0 255 0 0 251 255 0
    255 255 0 255 255 209 255 0 151 0 255 255 255 0 255 20 0 255 23 0 0
    0 213 0 0 255 0 228 0 0 255 0 255 0 255 255 0 255 0 255 0 255 115 0
    255 128 255 0 71 0 31 255 165 0 0 255 0 1 23 0 0 0 255 0 255 229 255
    165 0 209 0 255 0 255 0 233 255 0 0 232 255 255 255 0 255 0 255 255
    255 51 192 0 255 0 255 255 176 0 45 255 255 0 255 0 255 255 0 255
    255 106 0 255 151 255 0 113 255 255 0 0 255 255 255 78 255 255 0 255
    0 255 235 0 255 173 255 255 76 255 255 0 24 0 255 255 0 255 0 189
    255 255 0 255 255 0 0 0 255 85 0 0 159 255 0 255 0 255 7 0 0 88 255
    148 255 255 0 255 0 255 210 255 0 0 255 255 0 0 0 167 0 61 255 0 0 0
    255 157 0 255 0 0 69 255 255 128 226 193 0 127 104 0 255 22 198 0 0
    255 109 175 0 0 0 194 0 255 255 0 0 0 255 255 255 0 255 255 0 0 255
    0 250 255 0 0 255 0 0 0 255 0 255 1 99 255 255 182 255 255 213 255 0
    0 255 0 0 255 0 255 0 145 158 0 255 85 255 0 0 255 255 0 0 0 255 0
    255 255 56 0 0 255 255 255 36 255 242 0 255 0 84 69 141 255 16 0 255
    255 240 4 0 0 0 0 7 255 255 61 255 0 255 0 255 0 255 0 0 0 0 34 255
    0 255 255 0 255 0 255 0 255 0 0 155 0 255 255 170 0 255 0 56 255 255
    0 0 0 255 255 0 0 255 255 0 193 255 0 255 255 0 255 204 161 0 24 255
    255 0 10 0 255 0 53 0 172 255 0 255 255 255 255 139 255 13 15 0 0
    255 10 255 0 101 255 0 0 126 255 255 0 255 64 147 255 0 255 0 255 0
    0 255 255 255 0 255 255 0 159 255 116 183 0 0 255 0 255 0 0 0 255 0
    255 255 218 246 0 255 0 0 255 67 255 0 0 255 0 255 255 92 255 73 255
    255 180 0 129 0 223 13 255 0 109 0 20 0 34 230 255 0 255 123 0 255
    58 255 255 0 0 171 255 164 0 255 124 255 0 255 255 0 239 44 0 0 255
    62 154 0 0 255 0 0 255 255 108 0 255 255 0 0 255 255 240 0 99 255 0
    255 255 0 255 54 255 0 0 255 0 181 1 0 255 255 0 255 0 0 0 0 255 0
    255 255 255 255 0 255 0 0 255 0 255 0 255 0 255 255 0 255 0 185 27
    255 255 69 130 108 255 0 0 0 255 0 255 255 0 157 0 193 202 255 0 255
    175 255 168 250 255 255 0 0 255 255 255 0 0 0 56 255 0 0 255 0 255
    126 0 255 0 255 205 0 255 255 0 255 0 0 0 255 0 0 255 49 0 255 153 0
    255 0 66 255 255 145 255 197 0 255 0 0 255 0 160 0 0 255 255 0 0 255
    255 0 255 255 0 255 0 94 255 42 0 0 100 0 255 0 255 0 255 255 0 0
    255 255 0 255 255 237 0 255 159 167 0 255 0 9 255 255 0 237 159 0
    121 255 255 0 255 0 0 180 0 76 255 0 255 0 255 76 0 128 0 0 0 108
    255 255 255 255 0 0 255 255 89 255 255 154 236 255 255 255 255 0 90
    0 0 0 255 0 255 255 0 0 255 0 255 255 0 255 0 255 255 62 255 255 0 0
    255 203 255 0 255 252 0 255 211 101 221 255 98 45 116 0 255 0 255 0
    255 255 255 0 241 255 0 255 255 0 255 243 255 0 255 0 255 0 255 0
    255 0 0 255 0 0 0 114 0 255 0 255 255 0 0 255 0 255 255 0 35 0 255 0
    0 255 0 189 0 255 195 255 0 255 0 49 0 255 82 0 255 0 229 98 0 208 0
    255 0 255 255 0 211 255 0 158 255 255 0 144 255 0 0 255 0 255 0 0
    255 0 0 255 0 51 52 255 27 255 255 0 34 255 0 129 255 0 0 255 89 0
    255 0 195 0 0 0 255 255 255 255 196 0 255 0 255 255 0 0 255 0 255
    201 0 91 0 255 229 232 5 255 180 255 127 0 0 255 247 255 0 239 0 111
    0 0 255 204 11 255 255 0 255 255 0 0 39 255 0 255 255 255 255 0 37
    255 0 255 0 255 231 0 255 252 255 255 0 255 0 255 58 255 255 0 255 0
    222 166 196 255 0 0 0 255 65 255 255 0 0 255 255 0 255 255 255 223
    255 36 255 255 0 0 186 0 255 255 255 255 0 255 0 255 0 255 0 90 0
    255 0 0 0 255 0 255 74 0 0 30 0 255 91 255 255 0 255 174 0 255 0 255
    0 255 0 0 103 3 143 0 255 0 255 153 0 0 244 255 0 255 39 0 255 0 255
    0 255 0 255 56 0 255 255 170 255 0 80 0 0 255 0 0 96 255 255 0 255 0
    108 255 0 106 255 0 255 255 116 0 255 255 255 210 255 0 168 0 255 66
    0 0 0 255 0 0 255 255 0 241 0 0 255 0 255 0 255 0 255 255 255 255
    255 255 0 255 0 0 223 0 255 19 0 0 255 0 0 186 0 0 0 255 0 0 255 0
    255 31 255 103 0 255 0 37 0 255 56 255 55 233 181 255 0 0 255 0 0
    255 0 255 108 0 75 255 0 0 255 196 255 0 255 255 255 0 150 255 0 0 0
    255 255 255 0 255 255 250 255 0 255 124 0 0 182 255 255 0 0 0 255 0
    0 0 0 255 255 0 255 0 255 0 255 0 255 255 0 0 255 255 0 255 0 255
    255 146 0 247 103 255 255 0 255 59 255 0 255 0 0 255 255 203 0 208
    18 201 255 0 0 0 255 0 255 0 255 0 255 0 255 0 255 255 255 0 255 0
    255 0 255 70 255 127 255 0 255 255 0 255 0 0 255 0 255 0 0 255 255 0
    255 255 255 43 0 73 195 255 124 0 209 255 154 0 255 0 255 224 0 255
    255 0 255 255 0 20 255 255 222 255 0 224 255 255 0 0 255 196 0 255 0
    0 255 223 0 0 255 0 255 255 0 255 0 0 0 0 255 0 255 87 0 255 255 0
    255 139 186 0 255 0 33 0 0 0 255 255 255 221 207 0 0 72 255 0 255
    255 0 58 255 0 255 255 188 255 0 255 0 0 255 0 30 153 0 0 255 255
    255 255 109 0 255 0 0 255 0 231 0 0 0 0 255 0 0 255 0 161 255 255
    185 255 0 97 255 0 0 255 255 0 255 255 255 0 0 255 0 0 255 0 255 255
    0 0 255 0 0 255 0 249 0 0 255 255 35 0 135 255 255 255 126 255 232
    255 0 255 235 126 135 255 0 0 0 0 78 255 0 255 0 255 116 73 0 0 0 52
    255 255 0 255 0 0 34 0 255 255 0 255 255 0 0 255 255 0 255 182 0 106
    255 244 255 255 225 0 91 15 255 0 0 255 254 0 255 255 0 255 0 255
    234 255 255 0 162 150 255 0 0 0 255 0 0 255 0 255 255 0 0 255 255 0
    84 0 255 0 192 255 0 0 255 0 0 255 255 2 255 0 255 0 120 0 0 255 255
    0 134 255 255 0 153 0 255 205 191 165 0 228 255 0 255 0 255 0 255
    255 164 0 176 0 0 214 255 0 255 255 8 255 0 0 255 186 235 255 0 255
    255 158 0 186 255 125 255 255 0 22 96 39 0 0 255 0 255 0 255 0 255 0
    129 62 0 0 104 0 185 0 0 255 0 122 0 131 255 255 0 0 0 255 0 0 255
    56 255 255 255 0 255 172 255 0 0 255 0 255 255 212 0 255 79 202 255
    0 53 179 240 255 0 214 0 0 0 255 0 255 255 0 49 255 0 255 255 255 0
    235 255 0 255 0 255 0 255 0 255 194 139 119 0 255 0 255 144 0 255 75
    0 0 255 0 255 255 108 255 0 255 172 0 255 0 255 255 255 0 66 255 0
    255 0 0 255 255 0 35 255 0 67 0 0 255 0 0 188 0 0 76 255 0 0 255 0
    255 0 255 0 255 0 255 7 0 0 255 0 255 0 255 0 255 0 0 255 6 0 255 0
    255 255 0 0 0 255 255 0 0 0 116 224 210 0 255 255 0 255 255 255 255
    195 255 0 0 255 0 0 246 0 255 0 255 11 0 0 219 229 0 216 255 38 255
    0 37 201 171 0 255 255 98 0 0 0 255 133 255 0 255 255 70 0 255 255 0
    255 255 0 255 255 0 0 255 176 46 0 255 139 0 255 0 0 0 33 0 197 255
    255 0 255 0 255 255 0 79 253 0 255 255 0 255 0 255 4 0 0 255 255 255
    255 0 255 0 118 255 0 0 255 253 0 255 0 255 0 0 255 182 255 0 0 255
    38 255 0 0 255 0 0 255 0 255 0 0 255 70 255 0 255 255 244 239 255
    255 255 255 147 0 255 0 255 0 255 255 200 0 255 233 121 0 0 255 0
    119 0 255 0 255 0 0 255 0 21 255 255 255 18 0 255 251 0 255 249 54
    110 0 255 255 0 255 0 0 255 255 0 255 0 80 0 0 0 255 255 0 38 255 0
    244 221 255 0 0 255 255 0 255 255 0 95 0 255 181 143 255 0 255 207
    255 0 0 255 0 44 255 255 255 0 0 255 255 255 112 85 0 0 46 154 0 0 0
    255 255 87 191 0 0 255 0 255 0 120 255 0 0 117 0 255 0 255 120 255
    30 32 255 0 255 255 0 255 0 147 255 0 255 255 77 255 0 0 255 235 0
    255 27 255 255 255 0 53 138 255 0 255 0 0 0 0 255 255 0 64 255 0 0
    255 0 255 157 0 78 0 255 255 0 0 0 255 69 255 255 0 255 255 255 96
    255 203 0 0 0 0 255 255 185 0 0 255 0 255 10 134 0 52 255 255 0 0
    147 0 255 0 0 0 143 255 0 18 0 255 0 255 123 0 255 0 255 102 255 255
    232 0 255 0 255 0 255 0 7 0 255 0 255 72 255 0 0 0 0 0 255 0 168 210
    255 0 40 255 255 245 0 0 195 0 255 0 255 255 62 0 0 255 0 228 0 0
    255 255 134 0 163 86 255 0 255 0 202 0 189 255 0 255 0 255 18 127 0
    36 0 1 0 255 255 255 255 22 27 255 0 33 0 255 116 255 0 182 0 255 36
    0 0 255 255 0 0 255 0 242 255 0 255 72 0 23 0 151 255 61 255 0 0 255
    255 255 0 9 0 0 0 0 255 255 0 7 0 61 0 0 133 0 255 255 255 128 255 0
    157 0 255 255 255 0 255 0 255 154 255 0 255 255 0 255 0 0 255 0 139
    0 255 255 0 0 0 255 255 0 0 255 2 0 255 255 0 0 255 255 0 151 0 32
    255 0 255 220 129 86 0 166 0 225 225 224 124 0 255 255 255 8 252 0
    92 255 96 0 255 255 255 0 0 0 91 0 255 0 255 0 255 255 0 255 0 255 0
    255 255 0 72 63 0 0 255 0 198 44 222 255 255 0 233 255 0 0 0 255 255
    0 255 0 0 0 255 24 0 255 0 0 0 255 0 75 127 86 0 255 255 0 0 255 84
    0 255 255 240 0 255 0 0 230 0 0 151 255 255 255 41 0 0 255 73 0 255
    255 0 123 255 0 255 166 255 0 255 0 179 0 244 142 255 0 255 0 0 252
    255 35 55 94 0 255 128 0 255 0 255 0 255 255 255 255 0 0 0 255 0 0
    129 0 255 0 255 255 111 255 0 255 0 80 133 60 0 255 227 255 255 255
    255 255 0 0 255 255 0 0 235 35 0 0 255 255 0 255 0 0 231 255 255 255
    193 255 255 0 0 255 255 0 255 255 0 0 149 255 0 255 0 0 0 0 0 255
    255 242 176 0 0 0 0 0 255 0 255 255 0 255 255 255 0 255 0 0 255 0 0
    255 0 0 237 197 0 171 10 255 249 255 1 10 255 0 255 255 255 0 255 0
    255 0 255 0 0 216 98 255 0 255 0 0 255 0 255 0 255 0 123 255 0 255 0
    255 255 0 0 255 0 185 0 255 0 0 255 158 255 255 0 255 255 142 0 255
    0 0 0 152 0 0 255 0 0 255 0 255 255 0 13 255 255 0 255 255 221 19
    255 83 0 255 255 152 255 255 152 0 0 255 0 255 255 0 20 0 170 0 0
    255 0 255 0 255 245 0 0 255 159 0 0 170 255 148 0 255 181 0 255 0
    255 255 0 0 207 255 227 0 255 170 187 48 255 255 0 255 0 0 179 0 0 0
    107 246 35 0 255 0 255 255 0 255 0 82 255 255 0 255 0 255 63 255 0
    255 0 255 255 5 49 0 255 0 0 0 255 0 0 0 0 0 0 255 0 255 0 176 255
    255 0 217 255 0 0 0 0 72 216 0 0 255 255 0 165 0 111 255 255 0 0 0 0
    255 255 130 255 8 0 255 255 0 255 255 255 0 255 0 255 255 0 255 106
    79 255 0 0 0 0 0 255 255 0 255 69 255 0 255 255 255 142 255 255 0 0
    255 0 103 0 255 0 255 0 0 193 255 0 255 255 97 255 255 0 255 0 255
    205 0 255 148 0 62 0 255 255 0 255 0 136 255 217 0 0 255 255 255 0
    255 0 139 219 160 255 255 0 21 0 0 255 255 21 255 175 255 0 255 255
    9 108 0 120 255 8 0 255 255 0 255 0 85 0 255 0 255 241 0 255 0 255 0
    255 0 182 39 0 251 255 255 0 255 0 0 255 255 0 255 255 19 107 0 255
    0 255 29 0 0 0 255 241 255 0 255 54 52 255 255 0 255 1 0 188 79 0 0
    24 255 0 0 221 255 0 0 255 0 255 255 192 255 0 161 0 45 255 0 78 255
    255 129 57 255 0 0 180 255 222 0 255 255 0 0 4 255 0 255 0 0 255 0 0
    255 0 0 241 33 0 255 255 255 236 0 255 0 255 93 237 199 0 0 55 94 89
    255 255 255 0 255 255 0 223 201 255 0 94 0 255 158 255 113 0 255 0
    255 255 0 0 255 204 0 255 203 0 255 0 255 255 178 255 0 255 0 255
    255 0 209 0 196 255 0 0 255 0 0 0 255 255 0 84 0 0 145 76 28 255 201
    255 0 255 32 76 255 154 0 0 43 0 218 255 255 0 255 16 0 255 0 0 127
    255 255 255 0 67 255 0 255 0 215 137 255 253 255 0 156 0 255 0 0 12
    255 0 0 0 255 255 228 0 255 0 0 255 255 0 255 0 230 0 255 0 210 0
    255 0 202 0 0 255 255 255 255 0 0 17 203 0 255 0 255 0 0 0 255 255
    255 36 0 130 0 255 0 0 0 255 255 0 0 255 0 0 0 205 67 255 0 255 255
    0 0 255 0 255 0 39 0 255 113 0 255 255 0 0 255 0 0 98 255 205 0 255
    251 255 0 255 0 0 255 205 255 255 255 0 255 255 0 0 255 0 255 196
    138 255 0 0 255 255 255 0 0 255 0 0 255 0 255 0 0 0 0 72 255 0 0 0
    255 0 255 99 26 0 167 0 0 0 255 0 255 255 0 255 0 0 255 255 6 0 97
    133 0 244 255 0 179 0 102 0 0 255 255 133 239 214 0 255 0 48 255 0 0
    255 255 0 0 0 255 0 255 0 255 0 255 0 255 0 0 0 255 120 0 255 255 0
    0 0 3 255 0 255 148 255 164 0 186 144 0 0 0 0 0 135 0 255 255 255 40
    0 0 255 255 104 255 15 255 245 255 0 255 0 255 0 255 13 255 0 255 0
    255 255 255 0 0 255 202 255 255 255 0 234 0 255 0 0 255 21 0 0 255 0
    97 0 100 168 0 255 0 255 0 255 255 0 0 255 0 255 0 180 234 255 0 13
    0 255 59 0 0 255 253 255 0 255 0 0 0 210 255 0 0 255 251 255 0 0 255
    0 40 255 180 255 0 47 149 0 0 0 0 0 255 255 255 0 0 0 0 255 0 0 255
    0 255 209 255 0 102 0 255 255 255 0 255 255 255 254 222 255 0 0 255
    255 0 0 0 255 0 73 0 0 143 0 255 0 255 0 0 255 0 0 0 127 255 61 209
    0 255 255 255 123 0 162 0 255 0 255 153 0 230 255 55 255 255 29 255
    0 255 0 255 0 0 255 0 255 0 255 0 96 255 255 0 0 255 0 31 255 0 45 0
    0 255 39 0 255 255 255 0 15 255 0 0 255 201 140 0 121 255 0 255 0 0
    132 255 255 255 255 0 255 255 0 157 255 0 255 0 251 255 0 0 0 255
    255 0 255 255 0 255 255 0 0 90 255 137 0 31 255 0 35 0 0 0 255 0 0 0
    125 255 0 255 255 0 255 255 0 0 255 255 0 95 255 0 0 123 0 120 255 0
    255 0 0 255 255 0 255 255 255 255 255 255 0 24 255 0 55 255 166 0 55
    255 0 107 0 255 0 0 0 255 255 0 0 255 183 0 0 216 0 79 0 255 0 255 0
    255 0 5 255 139 0 185 106 0 25 0 255 255 255 0 255 255 0 0 79 255
    255 255 0 255 0 8 0 255 255 22 0 255 207 0 0 255 255 0 255 0 0 0 149
    248 0 0 255 0 158 255 116 0 0 0 0 255 255 211 195 255 255 232 0 98
    255 0 255 0 105 255 255 255 58 0 255 0 255 0 255 0 255 0 77 0 255 0
    0 246 114 205 0 0 0 255 0 255 255 0 0 255 0 255 243 255 0 148 255 0
    255 119 0 255 0 255 197 0 249 0 255 0 0 255 255 204 255 0 0 101 0
    255 255 154 255 255 0 0 0 255 255 255 255 0 255 255 0 0 0 226 255 0
    255 0 133 0 255 255 0 255 0 0 255 138 255 255 0 255 255 255 255 0
    255 242 255 255 255 0 255 0 255 0 0 255 255 255 0 255 255 255 0 255
    0 0 255 18 113 0 0 255 0 0 255 0 0 255 0 50 0 0 0 255 0 255 0 0 91
    255 0 255 0 0 255 0 109 255 92 255 0 0 0 255 249 255 0 255 0 152 61
    234 255 255 0 255 53 255 0 255 255 255 0 0 255 0 255 128 255 255 47
    255 0 255 255 0 255 255 255 0 0 5 0 183 0 0 255 0 255 0 231 0 0 93 0
    255 0 255 15 255 79 255 0 255 203 0 0 255 0 255 0 255 0 255 255 0
    255 27 0 0 255 255 0 255 255 255 0 0 255 84 0 0 255 255 0 255 255
    255 255 255 0 0 0 255 0 255 0 32 255 89 0 255 0 255 0 255 255 255 0
    0 255 242 255 0 46 0 0 255 0 0 255 0 17 255 0 0 83 0 255 35 255 0 14
    0 255 56 0 0 0 255 126 255 0 0 60 0 255 247 255 144 255 0 0 0 255
    232 255 0 255 0 0 255 0 255 255 255 0 71 235 0 0 0 0 255 0 255 180
    255 255 0 0 0 0 255 195 0 68 0 23 0 255 0 0 0 227 43 0 204 50 255
    255 0 0 0 255 0 154 255 0 255 255 0 255 146 255 181 255 255 178 0
    255 136 255 52 255 255 0 255 166 0 255 0 39 0 236 0 255 255 0 255
    255 80 0 0 0 0 255 0 160 0 0 255 0 255 0 41 255 20 34 0 0 182 0 255
    0 255 0 0 255 144 74 42 255 255 37 0 0 0 255 255 211 0 0 255 255 228
    181 0 255 76 0 255 0 0 255 255 115 203 255 255 0 0 255 255 0 255 143
    114 255 154 255 255 255 255 0 0 146 255 0 101 0 255 97 43 255 0 0
    142 255 0 0 0 255 255 0 0 255 255 0 255 255 163 255 0 255 0 161 255
    255 0 237 255 255 0 255 0 0 0 255 255 0 165 151 209 255 139 0 0 255
    255 191 255 255 140 255 255 255 255 255 255 226 104 0 0 190 151 237
    0 0 255 0 255 255 0 255 0 188 0 255 255 0 255 255 0 0 0 246 0 0 113
    0 255 255 0 181 0 0 0 255 0 0 224 255 0 0 255 0 255 144 255 0 0 255
    30 0 0 255 255 0 255 255 0 56 255 0 0 255 0 255 255 255 207 0 255
    255 0 255 255 0 0 255 103 255 0 255 110 188 255 0 255 208 0 0 0 255
    131 0 255 0 0 162 201 182 0 255 255 0 255 30 255 0 255 0 255 60 0 0
    0 255 255 192 255 0 0 255 0 255 242 120 0 255 0 216 255 255 0 65 0 0
    0 255 0 255 0 255 0 255 0 0 255 0 0 255 0 0 0 255 36 0 24 0 51 0 255
    0 117 255 0 255 255 0 0 0 0 255 24 57 0 255 0 193 0 0 0 226 0 0 136
    0 0 255 19 0 255 255 0 255 48 87 255 67 255 0 0 255 255 255 255 0 0
    255 0 255 255 0 255 0 0 0 255 127 121 255 255 255 0 255 0 0 0 24 30
    0 255 255 0 255 173 0 255 0 255 255 255 0 0 210 255 10 0 255 0 255
    255 0 24 0 255 0 255 0 255 255 0 199 0 0 255 0 0 0 255 0 255 0 255 0
    255 0 116 255 255 255 0 255 60 255 0 0 0 255 255 255 255 0 255 255
    255 0 0 255 11 255 83 0 0 255 148 0 255 255 0 255 0 203 255 0 255 0
    255 255 156 0 255 255 255 0 255 0 255 0 0 255 16 255 221 0 0 0 164
    72 84 72 255 92 0 0 255 255 0 255 0 0 255 227 0 0 255 255 0 0 255 0
    255 255 0 255 0 255 255 0 255 0 255 171 0 255 0 255 255 0 116 0 43
    255 255 107 255 95 255 0 255 255 255 36 255 0 0 0 0 173 255 255 5
    255 0 0 228 0 255 255 138 82 0 255 255 255 14 255 0 23 0 188 255 0 0
    255 255 0 0 0 0 255 0 255 0 240 226 255 0 255 255 0 255 255 255 177
    0 177 255 119 86 255 255 0 255 0 0 0 255 255 0 0 0 0 0 41 255 0 113
    18 71 0 255 135 255 255 0 255 0 0 0 0 255 255 255 255 0 255 0 0 255
    255 0 14 255 255 0 255 255 0 255 0 255 0 255 255 205 0 255 0 255 255
    0 19 0 255 0 0 141 255 0 0 255 255 0 255 0 0 129 255 0 255 0 255 255
    0 0 255 0 0 255 0 0 255 255 0 98 0 166 255 0 250 0 255 185 167 255
    255 0 255 255 0 0 255 200 0 255 255 255 0 0 255 0 255 0 83 51 255
    255 0 150 0 0 255 255 222 255 0 255 0 0 255 255 57 255 0 249 0 96 0
    255 0 255 111 0 255 2 0 255 255 255 58 255 0 0 255 0 255 0 116 166 0
    0 222 255 255 0 255 255 42 255 255 0 255 0 255 255 255 0 255 0 255 0
    255 255 255 0 0 0 0 255 255 255 255 0 255 0 202 255 0 255 255 0 0 0
    0 255 139 255 0 239 0 0 0 165 61 0 255 0 255 255 0 0 255 204 203 255
    255 255 0 255 0 255 255 255 0 125 255 255 255 0 255 255 255 0 255
    255 0 0 0 0 255 230 0 0 85 255 255 0 255 0 255 0 255 0 255 0 255 0
    255 0 0 235 255 0 60 34 112 255 0 255 0 0 222 255 255 0 13 255 255 0
    255 0 255 0 83 0 255 0 255 0 255 0 0 0 16 255 255 0 255 61 255 0 255
    255 0 67 255 0 0 255 0 0 209 0 226 255 0 255 0 0 255 1 0 255 255 0
    135 0 255 0 0 255 255 150 0 242 255 255 0 0 200 56 5 255 255 0 255
    232 0 255 0 255 255 0 255 0 0 255 0 0 0 255 81 160 163 0 185 255 0 0
    255 0 255 92 0 255 0 0 255 255 212 0 255 0 255 250 0 0 255 0 170 255
    197 255 98 255 64 0 255 133 0 255 0 0 255 0 255 255 108 78 0 255 0 0
    131 230 255 0 255 0 0 184 0 0 0 255 0 76 0 143 0 0 255 224 0 0 255 0
    0 250 54 0 137 255 0 141 0 0 255 226 255 255 189 0 0 40 255 39 255 0
    255 30 0 255 136 0 255 0 0 255 72 220 85 0 255 255 255 138 255 43
    185 0 255 0 137 0 255 31 0 255 0 192 255 255 255 255 0 0 203 255 0
    255 0 224 255 0 255 0 250 255 125 0 255 115 255 255 0 255 0 255 0
    255 142 255 0 145 80 0 205 27 0 210 0 255 0 205 0 255 0 255 0 255
    255 0 0 255 194 40 129 244 255 0 255 0 0 0 21 0 0 0 0 255 255 0 255
    0 0 255 255 0 255 0 255 0 255 0 0 255 255 0 4 212 255 106 255 255 0
    255 0 255 183 255 255 0 203 219 255 0 0 255 0 255 0 255 209 0 255 0
    122 170 255 0 0 0 0 255 255 0 255 0 0 255 255 206 133 255 115 255 0
    0 255 255 255 0 223 255 81 210 255 255 48 255 255 255 0 255 0 236 0
    154 0 0 237 255 0 0 255 0 0 0 97 255 0 255 255 0 255 0 77 255 255
    255 0 0 255 255 255 0 0 234 234 255 255 255 0 255 255 0 255 0 0 255
    0 255 0 255 187 255 255 0 255 0 255 255 0 0 255 210 0 255 0 255 0 0
    255 143 255 0 255 0 0 255 0 255 0 0 0 0 255 0 0 0 0 0 255 0 255 255
    0 0 255 0 255 139 255 0 255 0 0 255 255 0 255 255 255 255 255 16 255
    0 105 9 161 168 84 0 255 0 255 0 0 255 255 0 255 0 255 255 0 0 255
    255 0 255 0 255 0 255 255 0 255 0 0 0 255 255 0 255 255 8 255 31 0
    255 0 0 0 255 0 255 0 52 255 36 38 255 255 79 0 255 237 148 0 197 0
    255 255 0 0 0 0 255 0 0 0 255 0 255 0 255 255 0 138 255 0 255 0 0
    255 0 255 59 0 255 255 102 30 0 255 168 255 0 0 255 164 255 255 66 0
    255 214 0 255 126 0 255 255 0 255 0 255 255 255 0 255 0 0 0 0 255
    218 0 61 0 0 255 255 208 0 255 255 0 255 0 255 132 0 255 255 255 0
    255 255 0 0 255 255 0 2 0 114 252 243 255 0 41 255 0 255 255 30 255
    0 0 255 184 255 0 0 180 0 0 101 255 0 255 0 255 0 255 255 0 255 0
    255 0 0 255 0 255 0 255 180 149 244 0 255 0 255 0 0 255 0 138 0 255
    0 0 29 39 231 255 255 255 255 255 255 0 255 173 0 255 129 160 0 255
    0 0 180 0 255 255 0 255 0 255 0 255 255 0 0 255 255 0 255 255 0 0 0
    255 30 255 0 255 0 8 0 255 0 0 0 255 0 0 255 0 0 255 76 255 0 0 255
    0 255 255 0 255 112 0 0 0 255 0 0 255 0 255 255 255 27 255 0 255 255
    0 255 255 0 86 0 255 0 255 255 212 0 0 255 255 0 0 0 255 106 255 0
    121 255 255 255 255 166 255 79 0 0 255 0 255 255 0 0 200 255 255 255
    255 0 0 0 0 255 255 255 201 0 24 255 0 160 0 255 0 0 255 62 255 99
    255 0 99 0 255 0 0 29 0 0 28 165 245 0 255 255 0 0 255 255 0 255 0
    255 174 255 138 134 55 0 255 0 233 255 255 0 0 255 255 0 255 171 255
    0 255 255 255 0 255 225 0 0 0 0 255 0 255 0 0 194 0 255 0 0 0 174
    255 0 255 30 0 255 255 0 255 0 141 0 0 0 255 0 255 53 0 0 144 255 0
    255 255 255 225 0 0 161 0 255 0 255 0 255 0 255 255 255 74 0 255 0
    252 0 182 255 246 80 0 255 0 255 0 255 255 60 66 255 255 0 255 91 0
    255 180 139 0 0 255 255 138 0 43 255 255 0 144 255 255 75 0 255 255
    255 0 255 0 255 255 173 255 255 97 0 255 0 0 0 161 0 255 255 0 0 0
    255 255 0 0 255 0 172 0 0 0 25 0 0 255 255 0 255 255 0 255 0 255 255
    3 255 0 0 0 255 0 255 255 0 245 255 0 255 168 0 255 67 255 0 144 0
    255 255 0 255 0 0 0 255 88 255 255 255 0 0 255 196 0 255 142 161 255
    0 255 0 255 255 255 0 0 71 0 255 255 255 0 0 0 255 68 255 255 223 0
    71 255 0 255 255 0 147 255 0 0 255 255 0 0 45 255 0 255 0 0 0 0 255
    121 255 0 255 255 255 0 255 255 212 160 107 255 229 0 255 0 0 255 0
    0 0 255 255 255 255 0 237 255 139 0 66 255 150 255 146 255 215 0 255
    0 255 0 255 0 113 57 0 255 82 0 255 255 0 0 0 255 246 0 255 209 0
    170 0 0 251 255 0 255 0 255 0 0 255 0 0 0 255 255 216 255 0 248 255
    122 26 0 0 255 0 0 0 197 0 134 0 0 255 0 0 225 79 234 0 0 255 0 190
    255 0 0 0 0 0 0 43 255 255 0 0 0 0 255 0 255 0 255 255 0 190 255 0
    75 255 0 0 255 255 0 255 0 13 255 255 241 29 0 120 44 0 242 255 191
    0 49 255 255 0 0 0 198 0 79 255 0 255 192 255 174 0 255 0 0 0 255
    122 255 212 0 56 0 255 255 0 255 0 0 0 255 0 0 0 255 192 0 255 0 152
    0 0 187 0 255 0 0 255 255 255 0 255 255 218 230 0 0 0 128 255 255 0
    255 0 255 0 0 0 255 0 96 0 243 255 255 214 255 0 0 255 58 255 255 0
    242 0 109 255 216 255 0 255 0 152 255 169 255 89 0 255 24 0 255 0 0
    49 0 137 255 0 0 0 255 255 255 0 121 182 0 255 255 0 232 0 166 255
    255 0 40 0 255 0 255 0 255 120 168 0 255 0 255 0 255 255 75 181 113
    197 0 0 0 255 255 255 0 0 0 236 0 41 255 255 255 255 0 255 217 0 0
    255 255 0 255 97 255 0 0 0 255 255 255 255 255 0 255 97 30 92 255
    255 235 0 251 0 255 0 0 34 255 0 255 134 255 0 255 0 72 255 0 0 220
    0 0 255 223 104 0 255 0 255 0 0 0 255 0 0 255 0 255 255 0 255 255
    255 11 83 8 0 255 0 255 0 255 48 255 255 0 255 0 0 255 0 0 0 199 255
    0 0 255 255 0 255 255 255 0 0 47 171 0 133 255 255 0 195 0 255 106
    163 0 0 255 255 0 255 0 0 255 0 0 0 0 255 255 255 0 255 0 73 70 255
    0 0 0 0 255 0 255 0 0 0 0 255 248 0 0 255 137 255 0 211 0 255 196 0
    255 255 0 255 0 233 255 0 255 0 255 0 255 0 0 255 0 0 255 144 0 255
    27 255 255 255 0 255 0 0 162 0 255 255 75 255 0 108 0 255 0 255 255
    0 114 4 0 255 255 255 0 255 0 0 11 97 255 0 0 143 255 0 100 255 0
    255 38 0 255 255 255 114 161 0 255 255 0 33 0 165 255 0 255 255 0 0
    255 255 0 0 255 0 255 0 0 0 0 229 255 0 255 87 255 255 0 255 0 0 0
    255 0 0 0 93 0 0 255 255 135 255 0 91 0 255 0 255 0 189 163 0 0 80 0
    255 0 0 0 0 255 0 255 0 255 16 255 0 0 255 71 157 255 0 105 255 255
    255 255 255 131 0 0 0 255 0 90 0 255 72 80 200 0 0 0 255 0 0 0 0 0
    255 255 0 255 255 255 255 0 0 255 255 255 164 255 0 0 0 255 246 0 0
    255 0 255 194 0 30 12 64 255 0 255 255 255 23 0 255 46 185 192 17
    255 255 120 58 255 0 0 255 255 255 0 255 255 255 255 255 0 0 0 255
    29 0 60 0 255 255 26 128 255 255 0 74 37 0 255 0 255 0 255 0 74 255
    0 0 255 145 0 255 255 255 255 0 255 255 0 225 0 0 255 32 0 189 94
    255 0 239 255 255 0 108 0 255 255 125 25 0 255 255 0 255 8 0 255 0
    255 0 255 0 255 99 255 60 0 255 255 255 0 255 60 255 96 255 166 0
    255 0 245 255 167 232 28 0 250 255 0 255 152 51 0 0 255 0 255 255
    255 0 0 0 56 255 0 0 255 0 0 41 255 0 0 255 217 0 255 0 255 0 94 255
    255 0 255 0 255 255 0 255 255 0 0 0 0 0 0 0 0 255 255 255 0 0 0 255
    201 0 65 0 116 0 133 214 255 255 255 255 0 255 0 0 255 0 255 127 0 0
    255 255 255 255 0 255 0 255 255 253 255 0 255 0 0 3 0 255 255 241 0
    255 194 255 255 0 0 0 0 0 255 0 0 0 255 0 0 154 0 255 0 255 0 255 0
    59 0 255 0 255 255 0 255 0 0 255 77 255 105 126 119 255 197 52 41 0
    0 81 255 0 62 146 103 0 0 0 255 0 255 255 255 0 219 166 106 255 0
    137 223 0 0 215 255 255 166 255 255 0 255 0 121 148 0 0 255 255 0 66
    255 0 0 97 255 69 255 0 255 0 255 255 255 255 0 255 0 0 0 0 255 255
    255 255 0 255 255 194 140 0 140 0 131 10 255 0 255 255 0 104 236 0
    242 0 255 255 0 0 186 0 255 86 0 100 255 0 255 255 35 255 0 0 255
    121 0 162 255 255 0 0 255 26 0 255 255 169 255 0 255 255 97 255 255
    0 0 255 0 0 255 84 0 255 26 255 255 0 0 255 0 0 255 0 255 0 255 27
    255 0 255 0 255 255 255 255 0 255 255 214 255 0 255 152 178 255 0
    255 0 255 0 248 32 255 0 0 199 0 255 0 255 0 255 0 0 255 194 0 0 255
    0 20 0 0 255 14 0 255 0 0 0 255 167 255 255 255 255 0 69 0 255 0 0 0
    255 255 255 0 39 255 0 78 0 255 0 255 0 0 255 255 255 15 0 255 255 0
    255 255 0 0 0 0 255 123 255 255 131 112 255 0 175 139 0 255 29 0 245
    0 255 0 255 0 8 0 255 255 0 255 0 0 255 0 255 0 0 0 150 255 0 255
    255 0 255 255 244 0 0 255 0 255 255 0 0 27 0 0 255 255 36 0 0 255 0
    0 255 255 190 255 131 188 0 0 255 0 0 255 255 255 0 0 0 0 255 255 0
    52 255 0 255 171 0 0 155 255 0 0 0 0 0 255 0 255 255 0 33 255 255 0
    0 255 255 0 0 227 216 0 255 28 255 0 0 255 255 255 0 255 255 154 191
    255 70 0 0 255 0 255 0 255 255 0 0 0 224 0 255 255 0 255 0 0 255 0 0
    255 103 255 0 255 255 255 0 255 0 255 0 3 36 209 255 0 255 0 0 0 0
    183 255 148 255 255 0 255 0 255 165 255 255 0 0 159 0 255 0 255 0
    255 0 255 255 0 255 0 0 255 255 255 0 0 127 203 0 255 49 255 0 91
    255 0 0 255 0 0 255 255 0 255 0 124 255 162 162 255 0 255 255 255
    255 255 151 209 255 255 169 255 93 98 255 0 0 255 0 255 0 0 255 255
    0 255 0 0 0 0 255 0 255 255 255 251 0 255 0 0 255 0 255 0 100 0 0 0
    255 0 255 0 58 255 255 0 255 6 255 141 255 0 0 0 0 255 0 174 0 0 255
    255 255 0 0 70 255 255 0 255 136 0 0 255 0 255 0 237 78 139 255 176
    255 0 255 0 255 255 255 0 208 0 48 111 255 255 0 255 255 255 0 0 150
    0 255 255 0 0 255 255 255 255 255 255 0 0 255 212 255 255 0 255 127
    255 255 0 253 0 0 255 196 0 0 63 255 45 0 255 0 255 0 255 255 255 0
    255 255 0 204 0 240 0 255 255 0 79 255 255 142 0 85 255 255 0 255 0
    255 82 255 255 255 2 94 255 126 0 255 0 255 255 92 0 0 255 0 18 104
    154 223 87 0 255 0 183 255 0 255 255 0 255 0 104 0 164 255 255 17
    255 255 125 255 0 255 155 0 255 0 0 255 255 0 255 0 0 255 215 0 0
    255 255 0 255 255 67 255 0 67 255 0 149 255 255 27 0 0 255 0 255 0 0
    0 0 255 48 0 255 0 255 0 11 0 255 0 255 255 0 0 255 0 0 255 0 255
    123 255 255 0 255 0 0 86 255 0 0 255 149 255 0 0 255 0 255 255 0 255
    242 0 255 255 0 0 0 105 255 0 255 0 255 255 142 0 0 255 0 255 255
    255 0 255 255 0 255 212 0 255 255 0 255 255 255 0 0 255 255 255 255
    255 0 0 255 48 255 0 29 255 123 228 255 255 148 0 255 0 0 255 0 255
    0 0 255 0 0 255 255 214 0 255 255 127 0 0 255 0 255 0 0 255 0 255 81
    0 178 204 0 255 0 0 126 0 255 0 0 255 0 255 0 255 33 255 0 255 0 0
    255 255 255 0 0 0 190 0 255 0 255 0 255 255 0 0 0 255 255 56 255 0
    255 255 0 0 255 255 164 255 255 255 0 255 255 0 255 0 0 255 255 0
    255 0 244 0 7 0 0 119 255 19 102 0 0 255 255 0 255 255 255 0 255 0 0
    0 197 255 255 89 255 0 13 255 93 0 0 0 36 255 0 255 8 217 0 200 255
    0 255 0 0 0 0 255 0 0 255 0 255 255 12 0 255 0 255 255 255 0 0 0 213
    0 255 255 0 0 255 0 255 255 0 80 255 0 185 0 169 216 0 255 255 0 255
    0 7 255 255 109 0 0 71 255 0 255 0 0 255 0 221 0 0 255 0 0 255 222
    255 0 80 0 255 0 0 0 255 0 255 0 0 255 0 82 248 0 255 0 255 255 0
    255 255 0 62 255 255 0 255 0 255 0 174 243 255 96 0 197 255 255 0 0
    0 0 255 34 0 203 0 255 215 0 100 255 0 255 255 255 0 255 0 255 0 255
    255 255 0 255 115 0 255 0 255 0 255 255 0 0 255 0 148 0 0 255 0 0 0
    255 0 0 255 0 47 0 100 255 255 255 0 255 0 255 31 0 255 255 112 66
    76 255 0 0 45 0 255 0 21 161 255 0 0 0 255 0 0 172 0 110 255 0 121 0
    255 63 59 255 0 0 255 179 188 255 0 21 211 0 255 0 0 255 141 255 207
    0 0 255 0 0 0 255 0 255 255 255 255 0 0 0 0 255 0 255 0 71 255 206
    255 0 74 0 0 255 0 255 255 0 0 106 255 108 255 0 255 255 0 0 0 0 214
    255 0 255 0 255 0 255 255 255 0 255 0 255 0 255 186 0 149 255 150 0
    0 255 0 208 255 0 255 62 0 0 255 100 0 255 0 255 0 255 0 0 0 255 0
    255 236 255 255 255 255 0 0 0 0 255 0 255 184 0 255 0 255 255 0 47
    255 0 255 255 192 0 242 255 255 0 255 0 255 0 0 255 0 255 16 255 0
    255 0 0 255 0 29 0 255 255 144 51 0 126 251 169 0 255 0 255 74 255 0
    243 255 0 255 0 255 0 173 255 255 0 0 143 216 9 0 255 255 0 255 255
    255 126 0 94 255 169 0 255 255 255 185 131 255 0 255 0 0 0 255 0 255
    9 255 0 0 255 255 196 0 0 0 255 0 0 255 0 255 0 255 0 255 0 0 0 0
    124 0 0 255 0 0 255 255 0 255 255 0 255 0 212 0 255 79 0 255 0 97
    234 0 0 135 255 255 0 0 255 255 0 48 255 0 27 0 255 0 255 255 0 255
    204 255 4 0 255 0 255 56 255 255 73 255 255 0 255 255 0 255 255 255
    255 0 0 0 255 0 255 0 0 255 255 43 132 255 0 0 255 173 255 0 255 255
    0 255 0 255 115 162 233 255 193 255 221 255 0 255 0 255 0 119 0 255
    255 255 0 0 255 0 255 0 0 255 0 0 255 0 0 233 133 255 0 255 0 0 2 0
    0 0 255 219 255 195 0 0 255 0 141 0 255 210 0 255 255 0 0 255 0 0
    255 0 0 0 255 0 207 38 215 255 0 0 238 255 0 255 0 0 0 0 255 0 255 0
    255 0 255 255 0 0 254 255 0 255 0 255 0 255 0 95 0 98 255 0 255 255
    0 255 255 0 0 0 255 0 0 0 255 0 255 0 255 255 255 126 147 255 0 65 0
    255 255 0 210 0 255 255 255 0 255 255 0 255 255 0 76 0 237 255 0 255
    255 0 255 0 255 0 0 255 78 162 0 0 255 0 233 255 112 136 255 255 0
    59 71 40 0 255 0 0 255 255 0 231 0 255 214 255 0 0 255 255 0 255 0
    255 161 0 255 0 255 0 255 255 0 255 185 0 175 133 255 0 255 0 255
    255 0 0 0 0 255 0 0 255 0 0 0 255 255 0 255 0 0 255 255 0 64 255 255
    255 0 0 255 0 255 237 0 255 0 255 0 0 0 255 255 0 255 0 255 0 255 0
    0 169 255 0 0 226 255 255 255 0 168 0 255 255 0 255 0 255 255 255 0
    255 255 0 255 191 82 0 255 0 124 255 0 255 225 0 0 255 0 91 255 255
    0 0 0 0 255 0 255 0 0 22 255 0 0 255 0 255 255 0 255 60 0 41 0 255
    255 255 255 0 0 0 255 255 255 0 255 0 0 255 0 68 255 0 0 255 0 255
    255 200 0 255 0 255 255 255 119 255 0 255 0 0 255 75 0 252 255 0 3 0
    255 0 255 0 241 0 0 255 255 255 0 0 255 192 255 255 0 255 70 40 0
    255 97 255 59 0 28 20 0 255 255 0 12 29 0 255 255 57 203 255 0 255
    203 0 0 255 0 255 235 255 0 75 255 0 0 255 255 255 0 255 255 255 255
    236 0 0 255 0 255 100 0 0 255 255 229 255 185 255 0 127 0 255 0 194
    220 255 1 0 61 255 0 108 0 0 126 255 0 255 211 0 255 255 0 255 0 255
    255 43 111 255 255 255 0 255 155 255 255 0 255 177 247 91 41 70 0
    255 0 255 37 255 0 85 189 126 255 44 98 0 0 255 0 0 255 0 0 255 0
    255 255 50 255 0 255 0 255 255 0 44 255 64 0 255 0 0 0 255 0 0 0 255
    0 255 0 0 0 255 0 0 255 0 71 236 0 0 196 255 0 255 255 0 255 255 255
    255 255 255 0 255 0 255 255 0 255 255 0 255 0 255 0 23 255 0 255 0
    255 0 19 255 0 255 255 255 0 255 255 0 255 255 0 213 255 0 17 0 255
    124 0 247 255 255 0 255 0 255 0 0 255 255 0 0 255 255 0 255 0 0 255
    0 255 101 255 236 255 255 0 242 73 255 0 255 0 0 255 124 255 0 0 0 0
    0 0 33 255 255 255 0 0 255 255 98 0 242 0 30 0 172 87 255 144 255 0
    255 0 255 141 0 255 0 0 141 255 0 255 0 255 0 0 128 152 0 255 0 0
    242 0 255 255 116 0 255 255 0 13 0 52 255 0 255 0 0 255 255 0 255
    255 0 255 0 75 0 255 0 0 0 255 0 255 0 255 0 255 0 81 0 84 255 0 247
    255 255 0 90 2 255 255 0 255 0 0 0 255 255 0 255 0 0 255 0 0 66 190
    255 255 255 0 255 52 0 250 255 255 255 0 255 0 0 0 69 0 190 0 0 1 0
    0 255 12 255 255 255 255 0 255 51 146 255 0 100 0 255 255 0 255 0
    219 141 0 255 171 0 0 0 0 0 255 255 255 0 0 0 0 0 255 0 255 0 0 55 0
    0 255 0 137 63 0 255 102 0 0 0 255 255 0 255 0 0 255 255 255 0 255
    255 0 148 0 255 0 170 60 255 0 255 0 255 0 0 0 0 255 255 0 0 255 0
    255 255 0 255 0 0 255 0 0 255 0 255 0 255 0 255 190 255 255 0 255 0
    255 0 0 255 0 255 0 255 255 166 255 0 255 0 0 255 0 34 0 0 255 107
    255 0 119 0 255 0 243 255 0 0 255 0 14 50 0 255 108 255 255 0 0 255
    0 255 255 0 0 255 0 255 255 0 255 0 161 0 255 0 255 0 255 0 255 0
    255 0 255 0 255 0 0 0 255 0 255 0 255 255 255 0 212 255 0 255 0 255
    0 0 255 255 0 18 38 0 255 255 0 0 0 255 14 5 221 255 255 255 255 52
    255 0 255 78 0 102 0 45 5 0 255 0 72 213 255 139 0 255 0 0 255 0 94
    0 255 0 255 93 255 255 255 0 255 0 0 255 0 18 0 0 0 167 0 255 0 201
    255 0 255 17 0 255 0 255 255 36 255 0 111 255 246 255 255 0 125 255
    0 255 255 0 104 255 49 255 255 0 255 255 191 0 0 255 255 0 210 255
    73 0 255 0 0 0 64 255 0 255 255 0 53 144 0 0 224 0 0 57 255 255 0 0
    108 38 3 0 255 0 255 255 37 0 255 0 72 255 0 255 201 255 62 255 0
    255 255 0 0 255 20 0 255 0 0 0 255 0 0 253 0 255 255 0 255 0 0 255 0
    255 0 0 0 0 255 255 237 246 255 99 0 255 0 255 0 255 255 255 0 0 255
    0 0 255 255 0 0 255 0 0 239 255 177 255 0 0 255 230 0 255 85 255 0
    238 0 255 153 255 240 175 255 236 0 255 0 255 0 0 255 255 255 255 0
    178 0 255 0 52 255 0 0 255 132 22 255 0 255 117 255 0 255 0 255 84 0
    255 54 255 255 45 255 255 0 255 0 255 0 255 255 0 0 255 95 70 0 0
    255 0 0 255 0 255 217 0 0 255 255 0 255 0 255 198 255 0 255 0 255 0
    0 255 0 255 255 232 255 0 44 0 255 0 153 132 255 255 24 255 255 164
    0 0 255 0 255 149 0 0 255 255 255 255 0 149 177 255 255 0 255 0 0
    255 255 0 0 196 0 0 255 0 0 0 255 255 0 255 255 255 0 0 255 46 218
    255 0 231 255 0 0 255 116 0 255 251 0 0 255 0 255 0 255 255 0 255
    255 255 0 0 0 255 73 0 0 255 19 219 58 255 0 111 0 0 255 0 255 255
    255 78 255 70 122 255 255 255 255 255 255 0 0 255 28 255 0 0 255 0
    255 0 255 0 255 0 0 0 255 10 0 165 255 255 255 0 255 0 203 255 0 208
    0 0 0 255 0 255 255 0 255 0 255 78 0 250 0 80 0 75 255 0 255 0 255 0
    255 255 0 255 0 255 44 99 241 0 0 255 0 255 167 0 82 0 255 255 255 0
    154 86 255 0 255 0 255 0 229 255 255 0 0 255 0 255 0 255 255 255 0
    255 0 183 0 0 255 0 255 0 0 0 0 255 0 0 255 255 0 255 0 255 0 255 24
    255 59 0 186 255 0 162 0 255 0 255 200 255 19 235 0 255 0 255 255 0
    0 255 255 0 0 0 242 0 255 0 0 0 255 0 255 255 235 245 240 255 16 20
    255 0 255 0 255 0 255 255 0 164 0 255 0 255 111 255 0 255 0 255 54
    89 0 0 255 0 33 0 255 206 0 0 255 0 255 0 0 46 255 0 208 0 0 0 0 255
    191 255 0 255 255 0 0 206 0 255 255 0 255 255 70 115 255 240 0 0 255
    255 0 0 101 255 0 255 255 0 0 255 0 255 0 255 0 0 0 0 255 0 255 0
    255 255 255 255 0 0 255 255 0 255 0 255 255 0 0 255 255 0 112 253 0
    0 0 0 255 255 0 255 0 0 255 66 202 255 26 0 255 0 255 255 0 57 255 0
    255 107 255 0 255 255 0 154 255 0 255 44 0 0 255 0 0 255 255 175 196
    83 255 0 167 0 255 255 0 255 139 255 0 255 0 130 0 146 255 129 0 0
    129 0 125 0 255 222 255 0 0 0 44 0 255 0 0 255 138 255 0 255 111 0
    245 255 255 255 255 255 0 255 154 0 255 58 255 114 192 0 255 255 255
    0 211 0 73 0 255 255 72 255 0 255 0 0 255 0 0 255 0 37 0 173 255 177
    0 255 29 0 255 255 0 255 0 255 0 46 0 255 0 255 0 255 211 0 232 255
    0 0 0 255 255 0 0 254 255 255 255 82 0 0 255 0 233 255 0 124 0 0 195
    102 255 149 0 255 0 65 209 0 0 255 0 255 255 255 255 77 0 0 255 0 0
    255 255 255 255 0 148 255 0 225 160 0 255 0 0 0 255 0 255 255 211 0
    255 0 255 26 0 0 0 255 36 255 255 255 255 0 227 0 255 0 0 81 255 0
    255 255 0 255 255 255 0 18 255 97 0 19 255 255 0 215 205 255 87 255
    0 0 53 0 255 0 255 24 221 159 255 255 255 0 255 255 0 255 0 0 255
    140 0 0 0 255 255 0 255 255 255 255 96 255 255 0 0 0 0 255 0 0 255 0
    115 0 0 0 255 0 255 0 255 255 0 0 255 0 255 2 65 255 255 255 125 65
    0 255 0 255 47 255 0 255 0 0 255 0 255 255 0 0 0 255 0 42 255 0 0 0
    143 0 255 255 111 0 255 255 0 193 255 255 0 0 255 0 255 255 0 0 255
    0 255 255 255 255 0 255 37 255 255 0 0 154 0 255 0 255 89 255 242 0
    255 255 0 104 175 255 255 0 255 255 0 255 0 173 255 0 55 0 255 255
    87 0 255 111 136 255 253 254 77 255 0 255 0 255 255 0 0 255 0 204 0
    255 255 215 0 255 190 138 255 255 0 118 255 255 0 255 0 255 37 2 255
    0 0 255 0 0 255 0 255 252 0 50 0 255 255 0 0 0 0 255 0 255 0 255 161
    0 255 119 255 127 0 255 0 255 0 255 160 255 0 255 0 255 57 98 0 255
    0 137 101 255 0 0 0 0 255 0 0 255 0 255 255 0 0 0 255 255 219 255
    255 255 255 0 0 156 0 255 255 0 255 0 232 0 0 94 255 14 93 54 255
    255 0 255 53 0 0 255 45 255 0 177 231 255 244 0 255 255 255 255 255
    255 0 0 124 0 255 144 0 61 175 255 255 109 255 255 0 0 0 0 19 255 0
    144 0 0 0 0 0 255 47 255 0 0 0 255 0 255 255 0 0 255 55 0 255 0 76
    255 0 0 255 0 3 7 178 0 0 173 0 255 0 255 10 255 255 144 255 0 255 0
    0 0 255 0 0 255 0 255 0 255 37 255 255 0 58 0 10 0 0 255 255 0 255
    255 157 255 0 255 0 0 255 166 0 255 201 21 0 0 0 255 0 0 137 255 0 0
    60 117 0 255 255 255 0 255 255 0 5 255 0 0 0 0 255 51 18 255 153 255
    255 0 255 255 255 30 255 14 0 0 0 255 0 158 255 255 0 0 255 0 159 0
    255 0 255 255 0 255 255 0 255 0 255 0 4 160 255 33 255 183 0 0 255
    13 255 255 0 0 0 255 255 255 0 0 255 0 255 71 0 255 0 255 255 129 0
    255 242 0 255 0 0 0 255 0 255 0 210 0 255 255 0 0 229 255 0 0 255
    255 0 255 67 255 0 255 30 255 0 172 0 0 255 0 255 0 255 0 172 0 255
    255 255 155 0 255 0 0 255 0 156 0 0 255 0 255 0 255 63 0 0 255 0 255
    0 0 255 0 255 189 0 0 255 255 143 120 255 230 53 0 38 0 255 0 239 0
    255 0 255 255 255 0 235 255 231 255 0 255 0 255 218 0 255 255 0 255
    0 0 255 0 255 0 0 0 255 0 0 255 0 222 255 0 255 0 140 0 94 0 255 255
    255 0 194 255 0 255 0 255 0 56 110 0 214 255 0 0 255 0 255 0 255 0
    255 0 255 255 0 255 255 0 255 255 0 0 255 255 0 255 0 255 0 0 255
    255 0 255 255 0 175 255 0 0 26 0 255 0 0 192 0 0 0 0 0 11 0 255 255
    0 0 0 190 0 255 0 0 255 0 255 0 26 255 90 0 0 224 0 255 137 0 255 0
    25 255 0 255 224 45 255 255 255 219 172 0 255 0 30 255 252 0 255 0
    66 47 255 0 255 0 171 255 2 161 0 255 0 255 0 255 255 255 255 0 255
    0 255 0 255 124 255 27 0 255 255 188 94 0 0 209 255 255 255 34 0 0
    244 255 146 221 0 0 230 0 255 131 0 0 255 0 209 0 168 255 70 255 255
    21 254 255 255 0 255 141 0 255 0 4 255 0 255 0 0 0 0 104 255 0 255 0
    255 204 0 255 0 29 220 255 255 0 255 0 255 255 255 0 255 0 0 232 46
    158 0 57 108 255 0 0 22 151 255 255 0 255 0 255 0 0 255 255 0 255
    255 0 122 0 255 255 115 4 255 255 255 0 255 0 0 255 255 0 0 64 0 255
    0 255 255 255 0 255 255 106 255 93 255 255 255 243 255 0 255 215 255
    255 255 0 0 64 255 0 255 0 65 255 77 255 255 255 0 0 255 0 0 255 0 0
    0 202 255 0 0 0 165 255 0 255 30 255 0 255 255 255 255 0 255 0 255
    255 184 0 255 0 0 255 186 0 255 92 255 0 255 255 255 0 0 8 0 255 255
    255 242 0 255 0 0 0 123 0 255 0 255 0 0 255 255 49 44 255 0 255 255
    0 0 231 0 255 0 142 0 255 0 0 0 162 255 0 0 255 0 0 0 128 255 0 255
    0 255 255 0 255 91 255 0 106 255 0 0 255 0 0 255 110 255 0 255 0 214
    255 0 255 255 0 0 255 255 255 255 0 28 0 0 0 255 255 67 0 255 255 0
    0 255 0 255 0 0 224 161 255 113 255 255 213 0 255 0 255 0 129 0 0
    255 0 0 0 208 203 0 255 0 247 4 0 255 255 0 0 255 0 177 255 0 255
    125 255 169 255 0 255 190 0 0 255 255 255 0 0 255 0 0 0 0 255 0 0
    255 0 255 0 255 255 172 167 44 255 0 196 255 176 255 102 12 0 0 0
    255 72 122 0 255 152 173 0 0 255 0 255 0 0 255 168 131 255 0 255 0
    255 0 0 255 255 0 0 0 255 0 0 227 255 4 118 34 255 97 255 0 255 0
    255 64 255 0 255 255 0 255 0 255 0 226 236 0 255 0 0 255 255 0 108
    255 0 101 0 171 255 0 255 38 116 0 255 255 0 255 0 15 0 252 0 181
    255 0 255 32 255 0 0 58 255 255 0 255 187 0 171 0 255 255 0 243 255
    0 255 255 0 255 0 255 255 255 0 41 255 0 0 255 255 57 0 0 247 0 255
    97 0 255 165 0 255 0 255 255 194 0 170 0 255 0 0 0 255 0 255 255 0
    114 255 0 255 0 0 0 157 255 0 179 255 255 255 255 0 0 160 0 76 255 0
    215 0 255 109 255 255 235 0 255 0 0 255 255 0 0 255 107 0 255 0 255
    255 255 255 160 255 0 255 255 255 0 255 0 255 0 255 255 255 255 0
    255 0 0 255 0 76 255 0 254 255 255 255 255 113 0 255 0 255 255 160
    106 255 255 0 255 0 255 200 51 0 255 0 210 255 255 110 0 255 0 255 0
    255 0 255 255 88 0 255 214 14 161 255 0 0 255 0 255 225 255 0 0 255
    255 0 255 33 0 255 185 0 255 160 255 32 255 0 255 255 45 0 255 0 0
    255 255 0 255 0 255 9 255 0 12 251 255 0 0 255 0 255 0 255 0 255 0 0
    0 255 255 255 255 255 0 255 0 0 255 21 255 255 0 255 255 35 255 255
    0 255 0 255 255 255 255 0 255 0 255 255 0 0 0 0 255 0 18 0 255 255
    90 0 51 255 0 0 255 0 0 22 255 255 255 0 255 255 255 255 255 0 255
    255 27 0 215 110 255 0 255 249 255 0 255 0 0 255 0 255 255 0 255 255
    255 255 0 255 255 0 255 0 255 0 255 255 0 255 0 255 226 255 0 255
    114 114 0 255 255 255 0 0 255 255 0 255 255 157 0 0 0 255 0 255 255
    0 255 255 0 255 49 0 0 0 255 255 0 0 0 255 0 194 226 0 255 255 0 0 0
    255 255 255 0 234 255 77 255 0 130 255 230 0 255 0 255 0 255 0 255 0
    255 0 0 255 0 129 0 255 0 255 0 255 24 0 255 255 38 0 255 255 255
    130 255 186 0 0 255 159 58 255 0 255 255 0 255 0 255 255 255 0 255 0
    59 255 178 255 255 206 0 169 255 0 0 227 0 255 0 0 0 255 0 91 255 0
    0 1 189 0 255 255 0 255 134 255 0 255 0 255 0 0 94 0 255 0 236 255
    255 15 255 0 70 0 255 0 255 255 0 255 0 255 255 0 42 106 255 0 255
    11 255 2 0 0 0 255 0 255 148 0 189 255 0 255 0 255 255 0 0 0 255 255
    59 203 255 171 255 165 255 0 255 0 0 0 255 255 143 0 70 255 0 115
    255 255 255 255 180 0 0 158 255 208 255 0 255 0 99 0 67 0 0 0 255 0
    255 0 0 125 0 255 0 0 255 0 108 255 255 0 0 0 255 137 255 57 255 0
    255 0 255 0 0 0 255 255 136 0 255 121 255 0 0 0 0 255 255 30 192 27
    0 255 98 255 0 70 255 0 255 217 176 255 255 108 0 0 150 255 255 156
    0 0 111 255 0 216 255 255 176 255 0 255 255 0 142 255 255 0 255 6 0
    245 255 0 255 131 255 0 255 85 0 0 0 255 0 255 255 0 255 0 255 0 255
    0 0 255 255 0 255 0 0 177 255 0 196 255 0 0 255 255 0 255 0 255 36 0
    0 255 255 0 255 0 226 0 255 0 0 255 0 255 0 221 0 0 0 0 240 255 0 76
    76 0 0 59 255 69 196 0 255 224 118 126 255 0 0 255 0 0 0 255 255 0 0
    0 255 0 0 0 255 255 74 255 0 255 0 255 0 255 0 0 255 255 255 255 255
    167 0 183 255 255 0 255 0 255 255 0 255 0 210 0 117 234 0 255 158 53
    0 0 255 167 0 0 0 21 0 255 0 255 0 0 0 0 0 0 0 255 255 34 0 255 0
    255 0 255 0 0 255 255 43 255 0 40 14 255 0 255 0 21 255 0 0 255 0
    255 0 21 0 255 0 255 180 218 255 255 0 0 255 255 0 255 0 0 229 131 0
    0 255 255 255 0 0 0 0 255 0 255 255 0 255 0 0 255 0 255 9 255 0 255
    0 0 255 255 255 0 0 0 0 255 0 0 255 0 251 0 255 0 225 255 0 255 0
    255 0 255 0 255 231 0 105 255 0 0 0 255 0 255 255 0 108 255 255 0
    255 255 70 172 0 255 0 0 0 94 0 255 255 0 255 255 0 0 255 0 255 255
    165 255 255 89 0 0 255 255 255 103 0 0 255 158 255 188 255 255 255 0
    0 0 144 0 255 255 0 0 255 6 0 72 255 255 45 248 0 255 255 0 255 0 0
    255 0 254 117 230 255 0 0 255 0 255 255 255 255 0 255 0 0 116 198
    255 57 255 255 200 255 0 0 96 0 255 0 255 0 0 46 255 0 255 0 0 255 0
    0 255 0 255 255 87 0 255 195 0 0 0 0 0 89 255 0 255 255 194 255 0
    255 255 0 255 255 0 255 255 0 0 0 150 255 0 255 155 0 0 162 0 255 59
    0 255 255 255 0 0 255 0 246 0 0 255 255 0 255 255 242 207 0 255 255
    0 0 255 0 153 255 0 0 255 0 0 255 255 0 199 0 0 0 161 0 255 0 0 255
    0 255 255 65 255 255 67 0 0 0 0 255 255 255 0 255 0 0 8 0 255 255
    133 255 0 0 255 0 0 255 255 0 255 36 0 255 0 255 0 255 255 121 0 251
    0 189 0 255 255 0 15 0 0 255 255 255 0 222 255 0 255 0 121 255 255
    38 255 0 255 0 18 0 255 255 0 255 0 33 255 255 0 0 0 102 106 0 146
    255 255 0 0 162 255 0 255 0 255 0 255 255 255 255 255 0 0 0 0 255
    255 0 135 255 255 0 255 0 0 255 0 0 255 0 255 0 255 191 99 208 255 0
    255 251 0 255 0 0 0 0 255 255 255 0 255 0 0 255 255 0 0 0 110 255
    255 222 0 255 0 255 255 207 0 255 0 255 0 255 255 255 255 0 255 0 0
    0 255 157 0 255 255 255 0 255 0 255 255 0 255 0 0 255 0 156 255 31
    120 255 0 255 255 255 201 255 255 255 0 255 255 255 0 255 10 0 201 0
    24 187 0 255 255 0 255 255 0 159 255 0 172 142 255 14 0 255 255 255
    0 255 0 255 255 215 0 164 255 112 198 255 255 0 255 140 255 0 0 255
    0 255 0 255 0 255 0 255 255 0 255 255 255 0 0 0 255 255 255 255 0
    255 0 0 255 0 66 0 0 0 255 0 0 0 31 255 0 255 255 0 255 255 0 0 0
    255 0 255 0 0 255 230 231 255 255 0 255 255 118 0 255 255 0 255 255
    94 255 0 0 255 0 255 0 162 146 255 97 0 255 0 0 193 216 0 255 0 0
    255 0 0 0 255 0 0 255 0 92 0 255 255 0 0 0 0 0 102 255 0 255 0 93
    105 255 255 0 255 255 255 135 255 0 255 206 99 255 255 50 255 191 0
    0 255 0 0 35 0 255 0 197 255 0 0 0 98 0 1 255 26 159 255 255 0 255 0
    255 24 255 146 113 0 0 255 255 255 0 0 255 90 0 167 0 255 0 255 255
    0 0 255 255 0 0 0 255 37 149 255 255 255 0 255 255 255 248 255 135
    255 0 243 255 248 0 255 255 0 255 37 255 0 0 0 255 255 0 255 255 0
    255 0 255 0 0 255 255 0 102 0 191 0 255 0 0 0 255 255 0 0 28 0 255
    255 0 0 255 0 255 0 200 0 255 255 255 113 0 255 0 255 0 0 0 255 247
    0 0 97 255 0 255 0 255 109 0 255 255 0 157 0 255 0 255 0 0 0 0 255
    255 255 0 0 0 255 181 0 255 0 0 0 255 0 255 0 255 255 0 148 191 255
    0 255 255 0 0 255 255 0 178 255 193 255 0 236 0 255 0 255 255 115 25
    98 255 255 0 255 0 255 61 0 81 0 255 166 255 0 255 0 98 0 255 0 0 0
    255 22 0 255 0 255 255 0 255 255 0 255 0 255 0 255 74 0 255 0 255 0
    0 0 255 0 255 255 0 255 112 0 183 0 248 24 255 0 255 0 255 0 0 119 0
    0 255 0 255 0 255 0 255 52 0 0 145 255 255 38 0 0 255 0 255 194 246
    0 0 0 255 255 0 255 0 103 255 255 0 255 5 0 60 0 178 0 164 194 255
    255 0 255 0 44 255 0 255 0 0 255 255 0 255 255 0 0 255 0 255 0 0 0
    75 255 255 0 0 0 255 0 255 0 255 0 201 255 255 0 255 155 255 36 255
    0 255 255 0 255 255 96 171 255 0 0 255 255 255 255 0 255 0 0 98 255
    0 255 0 255 0 0 255 0 255 255 255 0 0 255 255 0 0 133 241 0 255 0
    255 255 0 255 255 194 255 0 255 0 0 255 255 255 0 0 255 255 255 73
    255 0 0 255 255 7 0 0 0 255 255 140 255 0 0 0 255 0 0 255 255 0 0
    255 0 0 255 0 255 0 255 0 255 0 255 255 100 255 0 152 255 0 255 255
    255 5 255 255 225 255 0 255 0 255 0 255 255 0 0 255 0 0 172 0 0 30
    255 0 113 255 255 0 0 255 255 0 0 199 255 255 0 255 255 0 0 255 0
    253 53 255 0 164 255 0 0 0 33 255 0 255 0 255 255 0 255 255 0 255
    255 0 141 108 156 255 255 0 198 255 0 245 0 0 5 255 0 255 0 255 255
    255 0 0 0 255 0 211 0 0 255 0 255 163 255 255 245 0 255 99 255 0 255
    0 255 58 0 255 0 255 0 255 0 255 255 255 0 0 255 81 0 255 255 0 181
    255 0 146 255 0 67 110 0 255 255 255 255 255 209 255 0 255 0 2 44 0
    0 0 255 0 255 0 255 0 255 255 0 255 0 0 0 0 11 255 255 0 255 20 255
    0 0 255 0 255 0 0 255 0 239 24 73 255 0 255 255 0 255 0 0 87 255 0 0
    255 0 0 255 255 255 0 0 0 217 255 0 0 255 0 255 240 96 255 255 203 0
    0 255 255 0 255 0 73 255 112 0 255 0 255 223 255 255 241 149 255 0
    255 255 255 0 0 0 255 0 255 0 0 255 45 0 187 184 0 135 171 0 255 0
    255 0 255 255 211 0 46 255 0 255 0 255 235 0 255 255 0 255 0 255 0 0
    255 255 86 255 5 0 255 255 0 255 0 156 255 0 0 0 255 0 230 50 155 0
    255 133 1 0 255 0 255 255 138 0 255 255 255 0 255 0 255 0 255 0 78
    255 0 224 255 230 0 0 190 255 0 255 242 0 0 0 255 255 0 255 255 0
    147 255 255 0 255 0 193 255 60 255 255 255 0 255 44 255 0 204 0 255
    74 191 255 19 0 255 255 0 255 0 255 0 50 255 0 0 255 255 0 0 82 255
    0 255 223 255 0 0 61 0 0 255 255 0 0 255 0 255 255 0 255 0 255 0 255
    160 0 255 46 0 255 255 255 89 255 255 255 0 255 0 255 50 56 255 0
    255 0 255 0 0 86 0 0 255 0 255 0 252 255 0 0 33 141 0 255 0 255 255
    39 0 66 0 255 89 255 255 112 0 255 0 255 0 68 9 0 163 0 255 0 0 0
    255 0 255 0 241 0 255 255 203 255 255 0 0 115 0 255 0 126 0 0 255
    255 255 255 0 72 255 255 0 255 0 0 255 255 0 255 255 0 0 0 0 14 36 0
    255 0 0 255 212 0 224 78 0 41 0 255 0 0 255 255 0 0 0 255 0 0 255 0
    0 0 255 0 255 255 0 63 255 0 255 43 255 0 177 255 255 70 255 255 0
    255 18 0 83 0 0 255 189 0 255 255 0 0 255 255 0 255 255 255 137 0
    255 5 20 255 244 0 255 255 255 0 0 255 0 0 255 93 0 0 255 255 0 255
    0 255 0 0 255 0 255 13 0 255 0 255 255 0 255 35 255 0 255 0 255 0
    255 255 0 255 0 35 255 0 10 255 255 0 255 0 102 170 0 0 48 255 176
    255 16 0 89 255 255 0 195 0 255 255 0 255 255 0 255 0 255 0 255 0 0
    0 255 0 0 0 197 255 255 0 255 159 178 132 0 0 0 255 29 0 255 255 255
    255 0 255 0 0 0 255 255 219 255 0 255 0 255 140 255 0 255 0 0 255 0
    0 206 0 15 0 138 168 255 0 0 255 0 23 255 43 255 195 0 255 255 255 0
    0 255 0 0 255 105 0 255 92 234 255 7 255 0 0 0 0 255 0 0 0 255 0 255
    226 0 255 0 0 255 197 255 255 163 255 0 255 255 255 255 0 252 4 0
    255 255 255 140 255 88 127 255 133 141 0 255 0 255 255 0 89 255 0
    255 0 0 255 0 255 0 0 0 160 141 0 0 0 0 0 0 0 255 255 255 255 0 209
    255 255 0 255 0 0 255 255 0 0 255 255 0 152 0 0 11 135 110 0 0 45
    255 0 0 255 255 0 255 0 255 0 0 0 255 0 140 0 255 0 255 255 0 255
    255 0 0 0 0 0 255 255 0 255 0 255 0 255 255 172 229 111 255 255 255
    0 255 255 0 255 0 255 0 255 255 195 0 255 255 0 47 0 133 0 255 0 0 9
    241 255 255 0 255 216 255 0 255 255 255 255 0 255 255 255 0 255 111
    255 0 0 0 158 0 0 255 255 0 0 255 192 0 56 0 127 255 0 0 0 255 0 196
    0 0 0 0 255 0 255 255 0 209 255 255 0 255 0 255 255 26 255 255 255 0
    255 0 0 255 0 255 75 0 255 255 0 255 0 157 0 11 0 0 0 255 0 0 255
    255 255 0 255 255 255 0 255 255 255 0 255 0 255 171 255 0 0 255 0
    224 0 200 255 0 255 0 0 255 255 0 0 0 0 255 0 255 255 0 255 0 0 255
    84 255 0 255 255 68 0 3 0 0 0 0 0 255 255 234 164 186 255 176 0 255
    255 255 0 255 0 255 255 195 255 0 0 255 0 0 0 0 75 141 255 0 255 0 0
    7 0 0 0 255 255 0 0 82 255 86 255 255 192 113 155 255 255 0 255 0
    255 0 255 255 255 0 0 255 255 0 255 112 0 255 0 0 255 253 255 255
    197 255 0 38 0 93 255 0 0 122 255 255 0 0 255 239 32 0 0 255 8 224 0
    255 0 255 0 255 0 248 155 83 255 109 255 0 132 255 0 0 255 88 255 0
    160 0 117 0 0 184 2 255 0 255 0 255 0 48 219 0 255 0 0 255 0 255 232
    0 255 0 16 255 46 255 0 0 0 0 255 0 255 219 0 255 150 0 0 101 0 0
    255 255 255 0 255 159 0 0 0 255 0 255 45 0 255 156 116 0 255 0 255
    255 73 0 134 0 0 0 255 255 255 0 255 0 126 0 255 0 0 255 0 0 255 243
    255 0 0 255 0 0 255 41 201 238 107 0 255 255 0 0 255 0 33 255 255 0
    66 255 255 19 255 0 255 255 0 0 255 255 255 0 0 0 255 0 0 0 0 0 224
    158 192 255 255 0 0 255 0 255 0 255 255 0 0 222 0 125 0 0 175 0 40
    255 255 0 0 255 32 0 255 0 188 0 0 255 0 227 116 0 255 255 0 255 0
    255 255 0 15 0 255 0 255 0 214 164 0 239 63 6 20 73 0 255 0 255 50
    255 255 0 255 0 255 85 255 0 0 0 63 0 0 255 0 0 0 255 0 255 0 0 117
    168 0 0 255 192 255 215 255 0 255 0 255 25 255 222 255 255 255 0 0
    255 0 255 116 0 255 255 0 0 255 255 28 0 255 255 0 0 255 117 255 255
    255 255 78 0 83 255 0 0 255 255 255 232 129 255 0 255 0 13 0 0 255
    255 0 255 0 255 0 255 0 0 0 255 255 255 0 255 0 0 255 0 105 226 44 0
    255 255 255 166 50 255 0 255 255 0 255 110 190 27 255 42 0 255 245
    170 255 0 255 0 0 0 255 0 255 185 255 0 84 244 255 0 0 255 16 255
    255 0 0 202 0 255 0 255 0 0 255 255 0 0 255 0 255 255 190 255 56 0 0
    255 255 107 0 255 0 131 255 147 255 255 255 0 36 255 255 0 0 21 255
    255 0 0 183 0 2 255 188 0 255 255 255 0 0 255 255 0 255 226 0 255 0
    255 0 0 255 0 70 255 0 2 255 255 0 185 255 66 0 0 255 255 0 255 0 0
    0 255 0 255 120 255 0 255 0 59 255 0 94 183 255 0 255 255 0 255 255
    255 0 255 0 255 0 223 248 0 255 255 0 255 0 50 0 0 255 7 255 0 255
    255 0 255 0 255 178 0 255 0 0 0 0 177 255 0 0 255 255 0 255 0 255 0
    255 0 255 0 255 255 255 48 0 255 0 0 255 0 255 183 0 255 0 0 255 0
    68 255 0 71 111 25 63 237 88 255 255 0 255 0 255 0 255 0 255 255 21
    114 9 255 0 174 139 0 238 120 255 0 0 255 0 255 0 255 255 219 255 0
    255 0 255 0 255 0 226 103 0 0 0 0 0 255 0 0 255 0 0 255 255 0 0 255
    255 255 0 255 255 255 0 0 0 0 191 198 248 0 0 255 255 82 255 255 0
    255 255 0 0 0 255 122 0 255 0 86 236 0 217 255 0 255 0 0 255 255 255
    0 224 0 255 0 0 255 255 11 0 255 0 83 116 27 255 0 255 0 0 0 255 95
    0 255 0 0 255 255 0 0 255 0 0 138 180 0 0 255 238 255 255 233 6 0 0
    0 255 82 0 0 0 255 0 255 0 0 255 0 255 255 0 0 0 0 0 68 210 224 255
    188 255 0 255 0 0 0 255 0 107 255 255 235 255 0 255 255 255 0 147
    217 255 255 255 0 0 255 0 255 255 0 67 0 255 0 255 0 0 126 135 9 255
    0 93 0 255 0 0 255 0 0 70 0 0 255 0 27 124 207 149 0 0 255 255 255
    255 255 0 0 104 0 255 0 255 0 255 255 0 0 255 0 255 255 0 215 0 76
    255 0 0 255 0 0 99 255 255 0 180 0 146 255 0 147 0 255 194 173 255
    255 255 0 255 0 0 255 0 0 0 255 139 0 0 255 255 133 0 154 255 255 0
    255 255 0 255 70 35 137 0 235 0 0 255 112 0 255 0 255 0 0 236 255
    255 255 255 0 0 0 0 0 173 255 0 0 255 212 0 255 255 255 0 255 0 0
    255 133 255 255 0 0 0 0 0 255 49 171 214 255 246 162 72 255 193 0
    255 0 125 255 255 0 0 255 0 255 0 154 255 255 0 255 172 0 0 255 0 0
    255 68 255 255 0 255 255 0 0 47 180 36 0 162 0 84 0 202 255 0 255 0
    255 230 0 95 255 0 255 0 0 255 255 255 255 255 0 255 255 0 0 116 0
    124 0 255 132 0 0 255 0 0 20 0 234 255 0 55 7 0 0 255 88 0 255 255
    255 0 72 0 255 255 255 0 0 0 216 255 255 125 0 0 255 162 255 238 0
    255 181 189 0 255 255 0 255 255 255 0 255 255 0 255 37 12 255 0 0 0
    255 255 0 255 255 0 0 47 0 255 0 255 0 255 0 255 255 55 0 255 0 255
    255 0 255 255 0 255 255 0 0 0 104 194 255 255 255 0 245 0 0 0 255
    106 0 255 0 255 71 40 255 0 255 255 255 132 0 0 255 0 0 255 255 46
    216 0 167 255 255 0 21 0 185 0 78 255 151 101 120 255 7 255 0 255 0
    255 255 255 0 255 255 47 255 0 255 0 0 0 177 0 255 249 0 255 255 0
    248 255 0 255 198 255 255 255 255 0 0 0 151 39 61 0 255 12 0 255 186
    255 255 0 255 255 255 109 125 0 255 95 159 255 254 255 0 255 0 255 0
    255 0 255 0 255 0 96 168 0 0 255 0 255 0 255 117 255 0 0 255 0 255 0
    12 255 0 0 0 255 0 255 255 0 255 0 39 0 255 255 136 0 255 0 255 255
    204 0 255 205 255 255 255 0 255 197 255 255 255 153 106 255 0 255 26
    255 255 255 0 0 0 255 0 255 255 72 37 255 255 0 255 135 0 129 0 255
    255 255 5 108 0 0 255 33 0 255 255 255 255 0 255 0 0 255 0 200 0 255
    255 255 0 0 0 0 0 145 255 114 0 0 0 0 255 71 0 255 0 255 0 0 255 0
    255 0 209 0 255 197 59 0 255 0 255 0 255 0 0 255 0 255 255 255 255 0
    0 255 0 255 222 155 0 255 0 255 255 0 255 0 255 255 0 255 0 0 161
    183 0 0 255 0 255 255 255 226 0 0 255 0 255 158 255 255 18 0 255 255
    0 255 0 39 0 255 255 0 0 255 255 0 255 255 0 0 0 255 255 0 197 255 0
    31 255 0 255 0 0 0 255 255 255 0 255 0 0 255 0 255 0 255 0 255 0 207
    255 0 255 7 141 255 0 255 123 37 255 144 255 255 0 224 86 123 0 255
    0 0 69 255 0 255 255 126 182 0 0 0 255 255 0 0 100 255 0 255 173 255
    0 255 0 109 101 255 0 255 153 0 130 0 255 255 255 119 255 0 255 0 0
    0 0 0 0 255 0 215 72 0 0 109 0 255 0 255 255 255 255 15 255 0 255 0
    255 255 0 0 0 0 255 0 0 0 255 255 0 0 0 0 255 149 0 0 255 0 255 0 7
    255 0 255 255 0 210 0 255 17 255 255 118 0 144 255 255 255 0 255 0
    255 53 255 255 255 157 241 255 255 255 0 255 0 255 0 0 255 0 151 0
    92 24 255 255 133 0 255 0 255 255 0 213 0 0 50 0 255 0 0 255 39 72
    92 255 0 255 0 255 0 0 0 99 253 57 0 62 130 0 255 255 0 255 0 45 64
    0 0 255 0 255 0 255 0 255 0 255 255 0 255 0 255 224 0 0 255 0 255
    255 97 73 0 0 151 0 168 0 0 255 0 255 0 0 0 255 111 1 0 0 255 5 0
    255 255 255 255 0 18 255 0 0 255 11 255 255 0 0 255 0 0 255 0 255 0
    255 255 58 255 0 0 255 255 255 114 255 255 255 0 255 0 0 0 255 0 231
    0 255 255 255 65 24 255 219 212 0 5 255 95 0 255 0 255 150 0 255 0 0
    255 141 255 255 0 255 0 28 255 0 0 255 255 255 136 255 0 0 255 0 255
    247 255 255 0 255 0 255 0 92 212 255 255 0 0 77 0 255 255 255 0 255
    255 94 255 0 20 255 217 0 255 0 0 255 0 0 234 204 0 217 85 255 0 255
    255 166 170 0 255 0 0 255 0 116 255 0 0 255 255 255 0 255 0 0 0 174
    255 0 255 9 0 255 0 0 255 131 0 255 0 255 0 0 228 255 253 0 143 0 0
    255 7 255 0 255 255 0 0 255 24 0 0 255 0 0 255 0 118 236 0 0 255 0
    255 0 147 255 0 0 54 255 255 255 255 249 0 255 0 0 255 255 255 0 0
    142 255 255 0 0 255 255 0 233 255 0 255 255 0 255 0 0 255 255 255
    255 155 27 85 190 0 255 78 255 255 0 0 0 255 0 255 255 0 255 0 255 0
    5 0 255 0 255 0 0 249 0 152 27 0 255 255 0 255 255 255 0 0 255 0 58
    255 255 0 0 115 0 255 255 0 0 0 255 255 0 255 0 72 0 255 0 255 255
    255 255 0 255 0 255 0 255 217 255 0 255 0 0 255 255 0 255 0 255 86 0
    255 0 255 0 255 0 3 0 227 255 59 255 189 218 255 255 0 0 255 255 255
    120 0 150 255 93 0 255 77 0 255 0 255 0 255 255 255 0 255 0 0 255
    255 0 0 255 255 0 255 255 0 255 255 50 0 255 255 100 0 0 116 255 87
    0 255 255 255 0 255 0 255 0 93 124 128 0 0 0 255 95 0 0 255 168 255
    0 255 134 0 255 255 0 255 255 255 0 36 0 255 255 0 255 0 0 255 0 255
    0 0 255 176 203 0 255 0 0 255 199 0 255 0 255 255 255 0 0 255 163 95
    0 255 255 255 0 106 255 0 0 255 0 255 173 143 255 0 255 0 255 255 0
    255 255 0 0 171 255 255 0 0 255 0 0 98 110 0 182 0 15 0 0 255 0 255
    0 255 0 0 255 116 0 255 0 255 0 255 255 0 255 174 255 0 38 255 0 0
    255 0 0 63 0 255 201 255 255 0 222 75 255 0 255 255 0 255 0 30 47
    255 255 0 0 255 175 255 0 255 0 255 83 0 255 0 217 0 118 15 0 101 0
    255 255 212 187 255 255 0 0 255 0 0 3 0 0 0 14 255 0 0 255 0 255 0 0
    117 0 255 255 0 87 255 255 0 214 0 255 255 0 0 109 134 251 0 255 0
    255 169 19 255 255 0 255 0 255 0 0 0 0 255 187 255 113 255 0 255 86
    255 0 255 255 0 255 0 207 0 122 255 88 255 119 0 0 0 0 0 110 31 255
    112 255 0 255 0 255 0 255 232 255 0 255 141 0 0 143 0 255 234 0 0
    255 0 11 0 255 177 220 71 255 0 255 0 255 0 255 255 0 255 0 255 0
    255 0 57 0 0 255 255 0 255 0 0 255 0 255 0 0 255 131 0 0 0 255 98 0
    255 0 255 255 0 170 0 201 0 159 255 0 0 0 0 0 40 104 0 255 0 255 0
    255 255 2 255 255 0 255 255 255 159 255 255 153 0 255 255 255 255 0
    0 255 255 0 255 0 177 235 255 255 255 0 255 0 0 255 255 0 255 0 255
    255 0 187 0 255 0 0 119 0 255 0 0 89 0 117 0 218 0 255 255 255 255 0
    0 255 255 255 86 0 255 0 255 0 255 155 182 255 0 255 0 255 255 0 0
    255 255 255 0 163 19 0 255 255 0 255 0 1 255 255 49 0 0 255 0 255
    208 0 210 255 0 255 0 255 255 0 0 235 0 255 0 255 0 0 0 0 0 214 0
    255 255 0 255 0 0 255 255 0 0 255 0 165 255 0 0 255 0 153 255 0 215
    123 0 255 0 222 0 255 158 0 0 255 0 0 255 0 255 0 108 0 255 132 75
    42 255 88 255 0 145 255 0 0 0 255 255 0 0 255 0 255 188 255 255 0 0
    89 68 7 255 0 255 0 0 0 0 255 0 255 0 0 255 255 0 255 0 101 0 255 0
    255 255 0 251 117 0 255 0 255 0 255 255 255 255 255 0 0 255 0 0 255
    0 255 225 0 95 255 255 255 255 0 255 238 255 255 0 255 0 0 255 0 255
    0 0 0 255 0 0 255 0 255 0 136 139 0 255 0 221 0 0 255 230 4 0 255 0
    0 0 0 255 255 43 155 0 0 255 0 0 255 35 255 162 255 0 255 0 255 50 0
    255 0 11 0 255 0 0 36 0 0 0 255 255 0 255 255 255 103 0 28 0 0 0 255
    0 255 255 0 255 255 0 255 255 255 0 0 0 255 255 255 255 255 0 31 63
    0 255 0 255 255 122 0 255 0 255 0 255 0 2 0 255 0 0 0 255 44 0 255 0
    255 255 247 49 255 0 255 0 255 239 255 204 255 255 255 209 160 255 0
    0 255 0 255 0 255 46 0 0 255 255 0 255 0 255 255 103 0 255 0 0 255 0
    255 255 255 0 255 140 21 255 0 255 5 223 66 255 255 0 42 255 255 255
    0 0 95 255 255 217 255 255 255 0 255 255 255 0 0 126 255 229 255 255
    14 0 0 255 0 255 255 0 255 127 255 0 255 178 255 125 255 0 20 255
    255 0 255 255 0 24 255 0 255 0 255 0 255 0 255 255 0 255 255 0 0 179
    0 0 0 182 0 255 0 0 0 255 0 255 255 0 0 237 0 255 53 0 255 255 255 0
    255 37 0 0 255 0 30 0 0 255 255 0 255 255 188 255 0 255 0 0 0 0 0
    255 199 0 0 255 0 0 0 244 0 255 254 255 0 180 255 0 255 0 255 0 255
    0 255 169 0 255 0 0 0 238 0 0 0 255 0 255 0 152 255 0 255 0 255 109
    92 0 255 0 255 0 0 255 255 0 74 86 0 0 0 255 255 173 0 255 255 0 255
    66 0 255 0 0 0 249 255 0 255 255 208 0 255 0 0 255 0 0 255 196 0 255
    0 255 176 255 0 0 255 0 0 0 255 0 255 0 251 255 0 94 255 0 255 255
    49 196 255 35 255 0 0 255 148 0 0 139 67 255 255 0 255 0 255 246 246
    0 148 255 0 255 0 255 0 255 0 0 255 255 49 255 0 0 255 0 0 0 0 255 0
    0 0 255 119 255 255 0 0 0 176 255 244 0 255 0 0 180 255 255 0 187 0
    231 182 210 0 184 255 0 119 255 98 0 0 255 0 0 0 255 0 255 0 107 255
    0 255 255 0 255 14 0 255 255 255 0 0 255 0 18 255 0 0 255 0 70 255 0
    255 255 255 0 0 255 0 140 255 24 255 0 0 255 0 255 255 0 245 255 0 0
    0 0 255 0 255 255 255 255 93 226 255 86 255 0 28 255 159 255 0 253
    255 0 255 255 255 255 113 255 0 0 0 0 221 255 0 255 255 255 221 255
    0 255 255 35 255 255 255 255 0 255 0 255 110 0 255 255 104 0 0 255 0
    0 238 255 0 0 255 0 255 0 255 255 0 255 222 0 255 0 0 255 0 255 255
    232 255 0 255 255 0 234 124 0 255 0 0 0 0 255 255 255 0 26 255 0 255
    0 0 255 0 244 0 255 0 255 0 0 255 0 137 255 255 0 0 144 0 48 0 255
    233 0 93 38 255 0 151 0 0 255 255 255 0 0 0 255 12 0 255 0 255 0 219
    0 255 0 0 255 112 0 255 157 0 255 255 255 134 255 0 255 210 0 0 255
    0 255 0 0 0 0 0 0 0 255 255 237 0 0 255 63 0 0 255 0 255 0 48 255 0
    255 0 92 255 0 62 255 0 0 255 0 227 66 0 0 255 0 255 0 0 255 217 0
    255 255 0 0 154 193 0 255 255 255 0 255 255 167 0 0 0 0 255 220 0
    255 0 0 0 255 243 0 255 255 42 223 138 255 255 255 255 255 10 204 0
    255 0 255 0 255 0 28 0 255 255 255 0 255 0 0 255 0 0 0 255 0 255 0
    255 255 3 255 67 242 255 0 255 0 255 23 14 0 0 255 255 0 0 0 0 0 255
    255 120 223 0 24 255 0 255 255 255 255 255 1 255 0 255 15 0 255 0
    255 0 184 0 0 0 0 255 197 0 0 0 0 0 255 0 255 255 255 255 0 61 255
    255 237 255 0 206 255 255 58 249 255 0 230 255 0 255 255 255 104 0 0
    0 255 0 0 255 0 124 255 0 118 26 94 151 0 255 0 255 162 93 251 255
    155 255 0 0 255 255 255 0 255 51 255 255 0 255 255 0 255 0 255 157 0
    255 0 0 255 0 255 141 0 0 225 255 255 0 32 255 171 0 224 35 154 255
    168 255 255 255 0 0 255 0 0 247 130 255 255 0 255 104 0 255 255 255
    0 255 0 0 255 0 255 0 255 224 0 0 107 255 246 0 255 19 159 12 255 0
    255 0 15 143 255 0 255 255 0 255 0 255 0 0 255 255 0 146 0 255 255
    226 0 255 255 0 255 255 0 158 0 0 255 0 255 0 0 11 0 0 255 255 0 255
    255 255 81 255 56 255 255 0 255 0 255 203 255 0 255 255 0 0 0 254
    255 255 255 0 0 255 0 0 255 255 255 128 0 157 0 125 255 0 255 255
    255 0 117 0 0 0 255 0 0 52 0 0 0 0 255 255 0 255 214 0 255 44 0 255
    110 255 0 80 81 255 0 0 0 255 255 255 0 255 0 158 0 0 0 0 255 0 255
    228 89 255 255 0 255 0 0 0 255 0 255 255 0 0 255 0 255 117 255 147 0
    255 255 180 0 0 125 0 0 255 0 0 255 0 255 0 0 237 255 0 255 0 255 0
    255 0 194 28 0 0 0 0 255 255 0 255 0 255 16 160 255 0 255 0 255 255
    65 7 28 255 0 0 117 62 255 0 0 255 255 0 255 0 255 0 0 70 0 116 0 0
    255 255 35 0 225 241 0 0 195 254 0 255 0 255 255 255 0 255 236 255 0
    255 0 255 209 0 0 0 0 0 255 0 255 255 255 69 255 179 151 255 255 255
    0 0 255 217 0 255 0 0 255 95 181 0 0 255 0 153 0 25 255 0 0 0 255
    255 255 10 0 0 255 0 255 0 0 0 255 0 0 255 0 0 197 0 255 0 127 8 0 0
    255 255 0 113 0 0 255 0 0 0 255 255 0 0 255 255 0 24 86 255 178 255
    9 255 0 0 0 99 255 0 75 255 255 0 255 0 255 255 0 90 0 255 250 255 0
    0 0 0 255 255 255 16 0 0 0 255 0 242 255 0 247 255 0 255 0 206 180
    23 255 255 255 0 18 255 0 52 0 0 0 255 255 0 255 16 255 0 104 174
    255 74 255 255 0 255 0 255 255 0 0 255 180 0 255 0 255 0 255 255 255
    0 78 255 255 0 255 0 255 255 0 0 0 0 255 0 255 255 0 166 210 186 255
    255 255 255 0 255 0 255 0 0 255 0 255 0 0 250 163 255 179 255 0 205
    255 0 255 57 0 255 251 0 81 255 70 255 0 255 255 0 173 255 255 0 242
    0 255 0 255 0 255 152 0 0 97 0 255 0 255 224 182 255 255 0 0 255 255
    255 0 255 0 0 255 0 255 255 0 0 0 97 255 0 255 0 0 194 255 0 255 126
    255 166 255 7 255 121 255 0 223 255 209 255 0 0 0 0 255 0 0 255 0
    255 255 0 255 193 166 0 150 255 255 0 156 255 170 255 255 0 0 255 0
    0 255 255 160 0 140 25 0 0 255 0 0 255 245 0 255 184 0 255 177 0 0 0
    255 255 0 0 255 0 255 255 255 175 12 0 45 255 255 0 108 0 255 255
    255 255 0 80 0 0 255 0 250 124 255 255 0 255 255 0 114 255 255 255
    255 0 255 0 0 255 0 0 255 0 0 80 255 255 0 255 198 72 255 0 255 221
    0 0 0 24 0 176 0 0 255 0 0 0 0 255 0 0 255 0 255 0 0 255 0 63 0 255
    0 200 0 222 53 255 255 255 0 255 0 255 255 0 255 255 0 255 158 255 0
    68 0 255 255 255 255 111 0 255 100 0 255 0 0 255 255 219 0 0 223 0 0
    0 255 255 153 0 255 0 255 16 0 74 255 0 255 255 255 255 0 255 0 109
    187 0 0 255 0 255 255 255 0 255 234 0 255 255 0 0 109 0 255 0 93 255
    255 0 0 255 86 0 232 29 0 255 0 255 0 255 226 255 0 255 255 0 0 0
    255 0 255 255 255 255 0 0 255 248 255 0 255 0 255 255 255 78 219 214
    255 0 0 255 255 255 0 255 97 0 0 0 255 0 255 0 57 168 0 0 255 255
    255 56 255 0 255 0 255 0 255 0 255 0 255 0 255 163 0 255 255 253 255
    0 0 255 0 255 0 0 0 255 0 0 255 255 0 255 0 255 255 0 0 36 255 255 0
    30 255 0 0 255 0 255 255 0 0 255 0 217 0 255 0 255 255 255 101 247 0
    255 0 80 255 0 255 0 0 255 0 0 187 207 255 86 0 0 255 255 0 0 255
    255 76 255 83 255 255 255 244 0 255 0 255 0 255 3 255 255 45 255 255
    202 0 245 135 255 0 0 255 255 0 255 0 0 255 0 0 255 255 0 255 0 255
    255 0 255 0 0 116 255 0 255 0 0 0 0 255 0 0 255 84 0 0 0 255 0 167 0
    0 255 255 0 199 255 0 0 255 191 255 141 255 0 0 0 255 44 0 255 255 0
    0 73 246 0 255 0 185 255 255 0 0 0 255 0 255 0 0 255 189 0 255 0 195
    0 255 50 255 0 42 0 255 0 0 255 0 255 199 142 0 255 0 0 0 255 255 0
    255 0 0 251 0 0 255 85 181 98 0 220 255 0 0 235 74 255 0 201 255 255
    0 255 23 255 255 0 0 255 197 0 0 255 0 255 0 255 0 255 0 0 89 255 0
    255 255 0 0 19 0 36 69 255 0 0 255 0 255 0 255 255 0 255 12 0 0 255
    255 0 0 183 255 0 255 0 0 49 255 255 255 77 0 255 0 255 255 0 255 0
    255 255 185 0 255 0 0 255 255 0 255 255 0 255 0 255 0 255 255 0 255
    0 231 255 255 0 255 0 255 137 0 101 255 0 255 255 0 255 0 0 255 0 33
    255 0 0 255 109 109 0 255 40 26 255 0 0 255 255 0 255 255 255 0 255
    0 0 255 255 0 255 0 136 0 255 0 255 0 255 0 0 255 191 0 0 255 0 255
    0 0 36 0 255 0 255 122 255 0 255 0 0 0 0 255 255 255 0 255 224 255 0
    0 255 12 255 15 0 255 255 0 255 0 136 255 255 19 0 0 255 0 255 255 0
    255 255 0 255 0 0 255 192 33 255 0 255 0 255 0 0 255 0 209 255 0 0
    255 3 158 0 171 0 255 255 255 0 0 255 0 255 0 255 0 255 0 255 255 0
    255 255 0 255 35 2 57 20 0 255 255 255 0 51 0 19 0 255 101 0 0 255
    33 0 0 254 255 0 0 0 255 247 0 120 216 96 0 255 209 255 218 0 0 0
    150 0 0 255 0 255 0 255 0 47 0 48 255 126 77 165 255 0 0 255 0 0 255
    255 0 0 0 0 255 0 255 0 0 0 255 0 172 0 255 0 255 0 255 0 0 255 0 0
    255 235 255 255 45 255 0 0 19 255 255 0 100 162 0 255 255 0 16 255 0
    137 0 0 255 0 255 255 0 255 255 0 230 0 255 255 0 89 255 0 0 255 255
    0 255 0 0 255 0 110 0 0 125 255 13 0 255 0 255 0 193 255 0 255 255 0
    255 0 7 255 255 0 255 0 255 6 255 0 255 0 178 255 0 255 0 0 255 0
    255 96 255 0 18 0 255 0 249 255 0 255 255 255 0 255 242 193 0 1 255
    0 0 190 255 255 255 0 0 0 255 0 232 0 5 255 255 255 0 0 0 0 255 31
    89 0 255 255 255 0 0 192 255 255 35 33 255 0 255 255 0 0 0 255 0 0
    255 0 0 236 255 255 181 255 0 255 0 142 255 136 255 255 0 0 63 255 0
    33 255 0 255 57 255 0 255 255 0 251 0 255 255 255 0 0 13 255 106 0
    26 0 255 130 0 0 240 0 169 6 255 255 0 255 0 255 0 0 255 0 0 88 0
    255 255 0 0 255 0 0 255 255 0 0 255 255 0 0 255 0 0 255 96 0 255 190
    24 81 255 255 0 255 222 255 0 255 200 0 255 0 27 255 0 7 89 0 255
    255 0 255 0 235 0 255 0 198 0 0 181 255 11 0 203 255 0 0 255 0 255 0
    0 241 255 153 255 0 255 255 0 255 25 12 165 255 0 255 0 0 0 255 103
    205 0 207 240 255 0 255 40 255 0 255 0 255 128 46 0 0 255 0 0 0 38
    211 0 255 111 255 255 255 0 0 0 224 255 0 255 255 0 249 0 0 164 255
    0 255 0 255 10 255 0 255 0 255 255 0 255 252 255 0 255 0 34 0 0 0
    255 0 0 0 100 255 255 0 0 0 255 0 255 0 255 107 255 0 0 187 0 66 161
    0 0 61 0 0 255 0 255 0 255 0 85 0 255 0 206 0 255 193 0 210 0 255 37
    0 0 29 139 0 255 255 57 255 0 0 255 0 0 255 42 0 255 0 55 0 255 0
    255 255 0 43 102 0 255 125 0 15 255 255 0 255 255 0 0 255 255 0 144
    0 120 255 0 162 0 255 203 255 0 255 255 255 0 255 255 0 0 255 255
    166 0 255 255 0 255 0 255 169 0 255 0 0 255 255 255 0 0 255 0 255 0
    255 255 0 0 255 0 255 0 17 255 255 255 255 0 19 0 18 255 0 255 255
    22 200 255 255 0 0 255 0 255 0 255 0 255 0 255 0 206 229 255 255 255
    0 0 161 6 255 0 255 0 0 255 0 255 7 255 0 250 0 255 255 0 164 0 0 0
    255 255 0 0 0 114 255 0 0 0 0 255 255 0 255 255 0 255 0 255 0 255
    104 255 53 0 255 0 255 0 104 0 0 255 0 255 255 255 0 174 255 0 255
    255 0 0 255 0 255 0 255 0 255 77 89 208 255 255 0 255 141 0 57 0 0
    255 255 8 0 255 255 0 255 255 0 255 255 164 0 255 255 0 255 0 0 53
    255 0 255 255 204 255 255 3 0 255 255 0 0 255 0 255 255 0 0 155 255
    0 0 0 255 0 0 255 255 0 0 255 0 0 255 0 0 0 255 255 0 255 0 255 255
    255 255 73 0 255 148 30 0 215 131 0 255 0 255 0 189 0 0 255 152 224
    56 216 0 0 0 255 0 0 255 122 0 176 255 0 255 0 0 0 0 252 42 181 255
    255 140 255 4 202 0 255 0 88 255 255 0 114 255 255 0 255 0 255 0 255
    0 255 0 46 93 199 0 0 110 108 0 255 255 0 255 78 0 80 143 255 253
    255 215 0 255 0 68 0 21 244 255 255 0 0 0 0 255 255 0 255 255 23 255
    255 255 0 255 0 187 210 255 255 0 0 255 232 255 0 0 255 0 152 0 255
    255 0 0 255 170 141 0 255 0 44 0 255 0 255 0 0 255 255 255 0 255 0 0
    255 0 255 0 255 248 255 254 0 255 0 255 0 255 0 255 0 255 0 3 255 0
    0 255 255 0 0 255 0 0 255 0 109 72 255 0 255 53 255 255 0 0 255 255
    0 255 255 255 0 0 255 0 241 255 255 255 0 255 228 0 255 6 255 0 0
    144 255 0 255 0 255 255 255 0 255 0 0 255 122 2 199 255 255 0 255 0
    0 17 0 255 0 200 0 255 0 227 26 0 50 0 255 216 0 255 0 255 0 238 203
    0 121 0 255 0 255 0 255 0 0 255 255 255 130 93 0 255 255 0 255 80 0
    0 255 0 255 0 0 0 255 0 255 0 255 0 0 255 0 255 255 150 12 0 255 194
    0 207 86 255 0 0 255 0 0 0 113 255 139 14 0 0 255 255 119 255 0 255
    222 255 0 194 0 0 0 0 255 0 255 16 135 0 1 227 0 255 240 255 114 255
    0 255 0 255 0 255 0 255 0 0 228 0 195 0 255 0 255 0 19 255 0 255 0
    255 226 0 236 255 255 0 242 32 0 255 0 255 255 0 117 130 125 255 255
    255 0 255 255 0 255 207 255 0 255 0 0 0 255 51 255 101 0 255 0 255 0
    255 255 0 0 4 0 49 182 0 255 255 77 255 161 255 255 0 255 0 255 117
    0 255 255 255 255 0 255 131 0 255 0 0 255 0 0 255 115 0 255 0 0 255
    255 151 255 0 202 76 0 255 255 0 0 255 0 208 255 0 255 0 255 255 0
    255 0 50 255 0 255 255 0 255 0 0 0 255 0 82 255 0 8 255 0 57 255 255
    0 0 255 190 255 0 255 0 255 255 68 0 0 0 0 255 7 255 221 255 0 255 0
    255 0 0 255 0 255 0 255 255 255 0 255 0 255 0 255 0 255 0 255 0 0
    221 0 255 255 0 255 184 194 188 0 0 0 255 255 0 0 255 255 231 0 135
    35 0 255 0 121 30 42 255 255 0 0 0 0 255 255 0 0 0 180 0 255 255 255
    255 202 0 0 255 0 125 157 255 72 0 203 0 255 255 0 255 255 146 0 109
    255 156 0 255 176 0 255 0 255 255 0 255 0 255 255 255 0 74 0 255 255
    17 0 255 0 255 0 0 0 223 0 0 255 207 210 255 0 128 0 255 255 0 0 255
    70 0 249 0 255 0 255 255 225 0 255 0 147 255 255 0 0 255 137 174 0
    255 0 0 0 255 255 0 0 0 0 255 255 255 255 0 106 0 0 255 0 255 0 0
    233 0 255 255 0 255 255 255 0 255 0 255 0 0 0 255 255 72 255 0 255 0
    255 255 255 0 255 255 140 255 0 93 255 18 255 0 255 255 0 255 0 255
    0 0 255 255 0 112 255 255 255 0 255 255 210 0 255 3 255 255 0 0 223
    66 255 0 0 255 0 255 0 255 255 0 255 0 0 94 255 0 255 157 255 15 0
    255 141 0 200 0 29 255 255 0 0 255 0 255 255 255 0 255 0 0 239 0 0
    255 0 0 0 84 255 8 0 255 0 255 255 109 0 0 0 255 39 255 219 101 255
    0 255 0 255 255 0 73 6 0 0 0 255 4 255 255 0 255 0 0 255 0 255 0 40
    255 220 203 0 255 255 0 180 0 255 39 0 255 255 255 0 255 132 255 161
    255 255 255 0 0 0 0 255 212 255 0 255 0 255 0 0 255 255 255 255 0 0
    255 0 255 0 255 0 0 224 255 255 255 255 0 0 200 255 0 199 255 0 31
    155 0 0 114 0 0 255 0 255 0 0 0 255 105 255 0 207 0 0 0 37 255 255
    15 255 0 255 0 26 255 255 0 255 0 0 0 0 255 76 249 255 255 255 0 255
    0 172 0 0 0 255 0 255 0 116 255 255 0 255 255 0 255 135 0 255 0 0 0
    0 255 83 0 255 255 255 255 255 0 255 255 0 0 0 255 255 0 0 79 154
    142 69 255 255 255 255 0 255 0 0 0 255 255 255 0 0 255 0 158 255 249
    0 255 0 11 255 0 0 6 255 0 0 255 0 232 255 0 0 255 59 255 0 255 255
    126 255 0 244 255 0 0 0 24 255 0 255 0 255 0 255 255 0 255 0 0 255 0
    255 16 0 0 255 255 0 0 0 0 255 0 255 255 255 255 0 255 255 255 0 255
    255 80 0 255 163 168 255 0 0 255 255 0 170 255 103 255 0 255 0 0 248
    255 0 255 255 0 136 255 0 255 0 221 0 131 255 255 0 255 0 0 255 255
    0 255 0 0 255 255 102 0 255 255 255 0 255 0 0 255 0 159 255 255 0
    255 0 255 0 255 0 0 255 49 133 255 0 255 0 255 3 255 0 255 149 255 0
    255 255 0 255 0 0 255 0 0 118 255 255 78 255 0 255 179 255 255 0 0
    255 0 162 0 0 255 0 0 0 149 0 0 228 0 14 191 255 214 0 25 255 252
    255 255 255 158 0 255 0 255 0 255 255 0 255 255 0 255 255 152 255 0
    0 0 255 0 255 0 0 255 0 0 81 0 0 255 0 255 110 0 255 0 235 0 255 0 0
    255 0 255 255 151 0 255 0 255 3 0 255 109 0 0 255 144 0 255 0 141
    255 0 255 0 0 255 74 0 255 151 0 0 255 0 255 0 57 0 145 0 239 255
    255 0 0 255 255 255 0 255 255 255 0 0 0 45 255 255 0 255 0 119 255
    255 255 0 255 255 255 0 255 0 0 255 0 255 255 0 255 255 150 0 255
    255 0 255 0 255 0 255 0 255 99 115 44 0 255 45 255 0 255 255 0 0 0 0
    0 255 16 0 255 0 255 0 255 255 0 255 210 95 255 255 255 0 255 255 99
    255 0 0 0 255 0 0 0 255 0 0 255 162 255 255 255 0 0 0 255 217 0 202
    255 235 0 0 0 255 0 255 0 255 0 255 255 0 0 0 115 255 255 0 0 215 0
    255 0 255 0 255 0 255 0 255 0 129 0 0 169 0 255 22 255 255 0 255 175
    0 255 0 255 255 0 255 0 255 230 255 0 0 0 255 0 0 255 0 255 255 255
    0 240 156 0 255 0 255 255 0 0 81 255 0 255 255 34 255 255 219 179 0
    255 255 118 255 99 0 255 0 220 255 0 150 255 0 255 255 255 0 0 34 0
    0 255 0 59 0 255 255 218 255 29 0 157 255 255 0 255 0 255 0 71 255
    37 104 255 0 255 0 255 0 255 255 0 255 255 8 255 0 255 0 166 0 255 0
    0 255 255 243 0 0 0 0 255 255 255 0 255 0 255 0 255 0 150 128 0 255
    0 255 14 255 0 255 255 0 255 0 0 255 175 0 113 0 97 255 0 255 0 0
    155 85 139 255 255 187 180 0 0 255 0 0 255 0 255 199 255 0 0 255 255
    255 0 255 33 0 0 255 0 255 35 0 255 0 255 0 171 180 255 255 255 0
    255 0 66 0 255 255 0 0 255 217 0 255 255 8 255 0 255 75 224 236 0 0
    0 0 0 61 255 0 255 0 255 0 0 255 0 0 241 255 26 0 0 1 255 255 255 97
    255 0 103 0 21 255 0 255 255 255 255 165 156 0 255 0 0 119 80 0 255
    0 255 255 255 112 212 255 10 255 0 0 164 93 255 255 0 0 0 23 255 0
    255 0 255 195 0 255 0 255 234 148 255 255 0 0 255 0 255 255 255 0
    165 112 198 0 255 0 255 0 255 255 0 234 244 0 223 27 0 255 0 255 0 0
    255 0 255 0 213 0 255 255 0 255 192 0 0 255 0 255 59 0 255 106 0 255
    0 201 255 255 0 0 0 226 0 255 0 255 0 255 0 180 253 0 255 0 0 0 0
    215 165 104 0 0 255 255 255 255 0 8 0 255 0 255 255 0 255 0 255 7 75
    255 0 162 255 0 164 255 0 168 255 255 0 255 0 22 255 255 83 255 0 90
    0 255 0 255 0 0 255 247 146 255 0 255 0 0 255 0 0 255 255 0 0 157
    255 0 255 227 0 255 0 0 0 100 232 0 0 25 90 80 0 255 255 255 0 0 255
    255 0 192 255 0 0 0 169 255 0 0 177 0 144 255 255 255 255 255 221
    255 255 0 255 0 255 0 255 0 251 0 255 148 0 255 0 0 0 0 59 255 255
    255 21 0 121 255 255 0 0 0 255 0 255 255 0 0 255 255 0 175 0 255 0
    255 92 255 0 0 59 255 91 255 0 0 255 255 0 0 114 66 0 235 0 255 252
    0 255 145 0 0 255 0 255 0 255 255 0 134 255 0 255 0 0 255 255 0 0 0
    0 0 255 255 0 255 55 0 45 255 255 255 0 255 255 255 0 0 0 127 229 0
    255 255 180 50 0 144 255 0 0 255 140 0 255 0 0 255 176 0 7 255 0 255
    0 255 0 0 13 255 153 0 255 255 0 50 167 255 0 255 0 255 255 255 0 0
    0 0 0 255 255 0 255 217 255 0 255 255 255 0 255 0 255 0 0 255 255 0
    255 0 0 0 255 232 255 255 13 0 255 255 0 255 255 157 255 168 255 0 0
    255 30 39 255 0 255 107 255 30 255 255 0 153 255 0 0 0 137 0 255 0
    109 255 0 255 0 0 255 0 255 0 108 255 0 0 255 255 0 255 0 255 224
    255 0 255 0 255 255 0 255 0 0 114 160 0 63 0 193 0 255 0 255 119 130
    253 255 255 255 107 162 210 108 255 0 255 0 255 255 255 255 0 255
    255 0 255 0 255 9 129 11 240 208 0 255 0 255 0 255 0 201 0 0 255 0
    89 255 255 199 0 255 0 255 0 190 0 255 0 0 0 255 0 255 255 0 255 255
    0 0 255 255 0 255 207 0 0 255 158 0 0 0 255 255 255 255 247 255 255
    0 144 255 0 179 0 0 255 255 0 54 0 255 149 0 255 0 255 255 0 255 0
    255 0 0 255 0 39 0 255 255 0 255 137 204 0 255 0 118 255 255 0 0 255
    0 0 255 0 0 255 255 255 0 0 255 0 34 0 143 115 255 0 0 0 193 255 255
    255 255 255 255 215 0 101 0 255 255 255 114 255 0 139 255 0 255 176
    0 237 0 255 255 255 0 31 0 0 0 255 0 0 0 255 0 255 255 255 255 0 255
    0 255 0 255 107 0 255 0 255 0 241 0 255 255 255 255 255 0 246 0 0 0
    58 255 0 0 255 255 0 255 24 255 0 255 114 0 255 0 207 255 0 255 0
    255 255 151 255 0 24 0 255 128 255 255 187 0 255 190 255 0 0 89 255
    0 255 0 0 255 0 255 122 0 0 255 255 0 0 0 255 0 0 0 0 0 0 0 186 255
    102 0 0 255 0 255 255 0 154 255 255 0 0 255 0 0 255 0 0 0 255 0 255
    0 0 0 255 255 255 0 255 73 193 0 0 255 0 255 255 255 0 255 125 0 255
    255 255 0 255 47 255 255 0 0 192 0 255 183 0 255 0 255 0 255 204 255
    0 0 255 0 78 164 255 255 0 255 0 26 0 130 255 0 255 255 0 0 255 29 0
    0 255 55 255 255 185 255 0 255 0 255 180 255 0 255 255 0 255 0 255 0
    106 0 92 0 255 126 255 0 0 255 255 255 0 255 255 255 0 0 0 255 0 255
    255 166 0 0 0 0 255 0 0 0 255 0 0 255 165 255 0 255 255 0 0 255 0 0
    246 255 0 255 255 0 255 41 0 0 255 0 217 255 0 255 0 255 0 255 0 0
    220 0 255 0 0 255 0 255 255 0 255 0 255 255 0 255 0 59 255 40 74 255
    32 0 255 255 0 255 0 255 173 255 255 0 0 8 0 255 255 0 255 0 0 0 255
    255 52 255 255 58 255 0 255 0 255 255 255 0 20 255 0 255 255 255 255
    255 0 0 255 0 255 255 0 255 255 255 0 0 0 255 255 0 255 0 241 0 0
    255 0 255 255 0 0 255 0 255 61 255 0 255 0 255 255 0 255 0 146 255
    255 0 255 0 100 0 255 0 255 0 153 0 0 255 16 0 0 30 0 0 255 0 255 0
    255 0 255 0 255 0 255 255 255 0 0 255 255 113 10 255 0 100 255 255 0
    0 255 64 255 129 0 0 70 0 0 255 0 0 210 255 255 54 180 0 0 177 126
    255 255 0 0 255 0 46 0 255 0 255 0 255 255 255 0 255 0 255 0 255 255
    0 0 255 0 255 0 239 255 0 255 255 0 0 255 255 0 255 0 255 0 255 0 0
    255 255 251 255 0 99 0 255 255 255 0 255 0 255 255 0 255 74 0 255 0
    255 0 255 55 255 0 255 255 255 0 255 0 255 0 0 255 0 255 0 81 0 48 0
    255 71 0 0 255 0 255 0 255 0 113 255 255 255 0 255 0 0 255 255 255
    255 0 0 0 255 223 72 255 0 255 255 0 255 255 54 255 0 82 0 0 0 0 255
    0 0 103 255 0 255 0 255 34 0 255 0 0 0 255 243 0 255 0 255 0 0 255 0
    138 220 255 87 255 255 0 255 0 255 163 0 255 195 0 0 255 0 255 0 0
    255 255 194 255 255 0 255 0 190 0 170 117 255 0 255 191 0 0 255 0 0
    209 255 255 255 0 48 255 0 90 255 0 255 76 255 255 242 95 255 255 0
    0 198 255 255 0 0 0 255 0 255 255 255 0 255 165 0 34 255 0 0 255 255
    169 255 174 0 255 255 243 209 0 255 0 0 0 0 100 0 0 255 0 0 255 0
    150 0 139 0 255 255 0 90 255 0 255 0 91 255 0 0 255 0 255 255 0 255
    0 255 0 0 255 255 0 110 255 255 0 0 0 155 255 255 0 0 255 0 255 0 0
    0 255 0 255 0 255 0 0 255 0 255 255 0 255 255 0 238 0 255 0 0 255
    255 2 255 0 255 0 255 234 44 0 0 255 255 183 0 0 0 83 255 0 255 255
    0 0 255 124 0 255 223 255 0 190 255 255 0 0 255 0 255 255 255 129 0
    0 113 0 0 103 0 255 255 0 255 0 150 125 0 255 255 0 64 0 0 0 0 255 0
    255 0 0 255 0 255 0 255 255 0 255 0 255 213 0 0 255 0 255 255 36 255
    0 255 255 240 0 243 0 180 145 0 255 135 255 255 205 0 0 0 0 0 255
    129 255 255 13 0 0 89 66 0 93 186 255 0 255 255 0 0 255 255 255 0 87
    255 0 29 0 255 0 0 0 255 0 255 0 255 255 0 0 0 183 255 255 95 0 0 0
    0 16 255 211 166 255 0 0 255 0 0 0 252 255 255 0 0 255 0 0 255 255 0
    189 255 0 255 0 255 213 228 0 255 0 181 0 255 0 0 255 0 0 255 0 255
    0 255 255 165 150 255 0 147 255 243 0 255 0 255 255 0 0 0 255 255
    255 255 0 0 232 255 86 255 0 255 0 17 230 0 0 255 255 0 65 56 255 0
    255 0 0 255 255 0 255 0 255 154 0 255 54 0 255 0 255 0 79 163 0 0
    255 255 255 0 255 164 255 0 0 255 255 149 0 255 255 255 255 0 99 0
    44 0 0 169 122 51 0 165 118 255 233 0 99 171 255 0 255 255 255 0 255
    0 255 142 0 101 228 255 0 255 255 255 230 255 0 0 234 255 0 255 66 0
    255 0 255 255 0 8 0 255 122 0 192 0 0 0 255 255 0 42 255 0 0 0 255 0
    0 255 109 255 0 0 255 0 255 255 0 255 255 197 255 255 0 0 255 0 255
    0 255 0 171 23 255 255 0 255 255 255 74 255 0 255 255 255 0 255 255
    0 226 255 255 0 0 92 255 0 255 0 184 0 255 0 255 255 255 3 184 255 0
    0 0 255 0 0 33 143 0 255 255 255 0 0 255 0 255 255 32 97 0 0 255 149
    136 0 255 0 0 255 0 0 0 0 255 175 0 0 136 255 255 0 144 255 0 0 255
    0 255 0 255 0 255 255 0 242 255 0 0 255 0 255 205 0 145 182 0 198 0
    8 0 4 255 0 255 118 221 0 255 0 255 255 0 174 255 255 0 255 0 0 255
    0 0 255 0 255 255 255 0 255 255 147 0 0 106 255 110 255 0 255 0 255
    255 0 255 0 255 241 255 0 255 0 255 192 0 255 0 255 0 0 255 255 255
    247 183 255 13 0 108 255 0 68 255 255 0 255 255 0 255 255 0 0 220
    255 255 255 255 176 0 0 0 11 255 0 255 0 255 0 255 0 223 255 0 255
    255 0 255 0 0 255 83 255 81 125 0 102 0 255 94 0 0 65 0 255 255 0 0
    228 168 255 0 255 0 255 255 129 0 255 0 255 67 0 255 0 255 255 0 255
    244 0 0 0 255 0 46 0 0 255 0 255 0 255 255 255 0 255 255 255 255 35
    23 255 255 215 255 0 255 0 0 255 0 0 255 0 255 0 236 0 255 0 255 255
    0 0 255 255 39 215 255 0 17 0 0 0 117 0 0 255 4 255 255 0 0 0 255 0
    255 103 255 0 0 255 255 255 0 255 0 0 190 0 0 48 0 0 0 30 0 255 255
    0 255 0 255 255 94 255 0 184 255 178 0 255 0 255 255 0 255 255 0 255
    0 255 255 0 0 255 0 255 0 255 0 0 255 0 185 165 0 0 0 0 255 0 0 255
    0 255 0 188 255 0 27 0 112 0 0 0 0 174 0 0 16 255 0 255 37 255 0 255
    0 245 255 0 255 0 255 66 120 0 255 0 0 47 255 0 0 255 0 255 239 255
    0 0 51 0 255 36 255 0 255 0 0 255 0 255 54 0 255 255 0 0 255 0 255 0
    255 171 0 67 255 255 255 255 0 0 255 0 0 0 255 255 145 107 255 0 255
    255 153 255 255 0 0 255 2 0 255 0 105 255 255 0 0 53 0 255 0 0 0 255
    0 255 0 255 255 0 255 255 255 0 255 13 255 0 255 0 255 0 0 0 255 255
    0 0 255 255 0 0 255 0 40 0 0 255 0 255 187 0 255 0 130 104 0 0 0 43
    255 134 0 162 255 0 0 0 255 255 0 255 0 255 255 255 134 255 66 121
    255 0 0 40 255 0 255 0 0 255 0 0 68 0 8 28 167 255 255 195 33 253
    255 194 255 84 100 255 0 0 255 255 0 0 126 255 255 0 255 255 0 0 0 0
    255 0 0 255 0 195 39 0 0 255 74 255 255 54 255 255 0 70 255 255 0 0
    255 0 162 255 0 255 227 0 0 127 255 255 0 143 0 255 155 0 155 255
    255 255 255 255 255 0 126 0 255 255 0 255 0 255 0 0 0 255 0 255 0
    255 255 255 100 255 255 0 0 255 255 255 51 0 234 0 255 255 47 255
    161 0 255 0 255 255 0 255 255 0 255 9 0 0 0 79 246 0 0 255 255 0 255
    0 218 106 0 0 255 255 217 255 255 255 0 255 0 255 0 255 175 255 177
    0 0 255 0 23 255 255 2 0 0 0 255 221 255 0 255 0 0 255 0 83 255 0 0
    255 255 255 255 0 22 255 0 0 0 255 0 255 255 199 0 0 255 0 115 255 0
    255 5 255 0 255 101 0 255 0 255 52 227 142 0 255 147 0 219 20 0 255
    0 0 255 0 255 255 255 213 255 255 0 0 255 0 105 0 0 255 98 255 255 0
    127 0 255 255 145 196 255 0 189 255 255 0 255 96 0 0 0 0 255 0 255
    255 255 0 255 255 0 255 255 230 255 0 255 0 0 255 63 255 0 212 0 138
    255 255 0 0 197 255 255 0 255 0 255 169 0 0 0 255 0 0 255 74 255 0
    255 0 0 255 81 255 0 255 255 90 131 66 0 255 255 255 0 0 0 0 0 0 0
    255 255 0 255 119 0 255 129 255 255 151 28 255 31 0 255 0 136 0 0
    255 0 255 0 255 0 0 0 23 255 255 0 255 192 0 0 0 255 45 255 0 0 99
    255 0 255 0 0 252 162 165 255 0 0 255 0 255 0 255 0 90 0 0 173 255 0
    255 0 255 0 255 255 0 0 251 255 37 0 172 127 0 255 255 40 255 0 255
    255 255 0 255 12 255 0 255 0 23 53 255 0 255 0 255 0 255 255 0 255
    35 0 0 255 0 0 92 255 255 89 255 255 255 0 255 255 204 0 0 242 255 0
    255 0 213 255 0 198 216 0 255 0 0 255 0 255 0 255 0 255 0 0 0 53 0
    255 255 0 0 255 255 0 255 0 255 255 0 255 0 0 255 132 0 0 0 255 255
    0 0 255 0 220 255 224 0 255 0 0 255 66 0 0 255 0 255 0 255 0 0 24 0
    255 255 255 255 0 255 177 0 255 0 255 49 70 106 255 255 0 255 0 255
    28 0 0 255 13 255 255 0 255 91 0 255 0 255 255 178 81 0 9 226 247
    255 0 255 0 255 101 255 91 0 255 255 255 0 0 0 255 176 0 125 255 0
    158 0 0 0 127 79 255 0 255 255 0 255 250 255 0 255 0 255 0 255 0 0
    255 52 0 0 255 0 0 255 0 0 0 255 0 65 0 43 0 0 255 255 255 186 90 0
    0 255 255 255 0 0 255 255 52 255 0 255 0 0 0 255 0 222 0 0 255 0 255
    0 255 159 255 0 211 255 255 255 0 255 0 0 0 110 255 255 255 255 38
    255 0 255 0 61 80 235 255 0 255 0 255 0 0 255 255 255 41 255 216 0 0
    0 255 0 255 0 255 0 0 0 0 255 0 41 78 48 0 0 212 0 0 255 0 0 255 255
    0 0 0 255 0 100 0 255 240 178 238 0 97 0 255 255 255 0 255 0 255 0
    255 225 0 255 0 0 255 255 0 255 255 0 221 255 0 218 0 255 0 0 0 255
    255 255 255 255 0 255 0 255 255 0 248 85 255 0 255 0 255 0 0 80 255
    255 255 255 0 222 0 255 0 195 255 0 255 107 0 255 255 0 0 0 0 255 0
    255 0 241 0 0 255 176 0 249 137 255 50 153 255 0 255 0 255 0 255 0 0
    0 0 255 255 0 0 255 69 255 0 255 0 147 255 0 128 255 255 255 0 0 156
    255 0 0 255 86 255 60 214 255 0 255 0 255 255 0 0 255 0 0 157 227
    148 255 255 255 64 65 255 211 0 255 0 0 255 255 255 0 255 0 106 0 0
    179 255 0 0 255 255 255 0 0 255 0 0 255 255 255 165 255 255 0 255
    255 255 0 255 129 255 33 255 255 0 255 0 255 0 0 255 0 255 0 255 0 0
    0 0 255 0 255 255 0 255 0 0 0 0 0 255 0 255 1 255 255 0 255 0 0 0
    255 255 0 255 255 255 10 77 255 122 255 0 214 160 255 0 0 0 0 0 255
    255 50 255 0 224 255 0 62 0 255 255 0 255 255 0 35 255 0 0 255 216
    255 0 164 56 43 255 0 255 226 255 0 255 255 0 255 0 255 225 255 0 0
    255 0 0 0 255 255 0 46 0 0 255 255 0 255 0 255 0 81 0 0 0 39 255 0
    255 0 255 0 255 0 255 0 255 0 255 255 255 255 0 255 0 52 255 195 255
    75 0 255 255 0 125 0 0 255 0 255 0 255 121 255 0 69 255 255 0 255 0
    255 3 255 0 255 255 109 255 255 0 185 0 191 86 44 94 112 255 0 255
    255 0 255 255 0 0 255 0 255 0 255 0 0 255 34 32 0 88 255 0 147 0 0
    255 0 0 255 0 255 255 0 255 0 255 0 255 255 0 189 47 255 120 255 255
    108 65 0 255 0 255 0 255 255 0 0 255 0 255 255 0 255 0 255 0 0 0 0
    255 50 255 0 240 0 255 255 0 0 0 246 255 0 237 255 0 0 255 135 0 255
    0 255 255 237 0 255 0 255 0 255 0 255 255 36 0 255 0 255 0 148 255 0
    81 0 255 0 255 0 0 255 0 0 255 255 255 255 255 0 255 0 255 0 0 255 0
    255 255 0 0 255 0 157 255 0 0 255 255 0 169 255 255 16 255 0 255 0
    255 0 255 0 0 0 139 0 255 255 255 190 255 71 0 255 255 255 59 0 0
    255 0 0 255 255 0 0 255 0 255 255 0 0 255 0 0 255 212 137 255 175 54
    255 255 0 255 136 181 0 0 255 0 255 0 255 54 255 0 138 0 42 0 255
    255 0 255 0 255 0 255 229 0 0 0 255 0 255 0 255 229 255 255 0 255
    255 0 196 0 0 255 0 0 0 255 255 0 255 0 30 0 0 255 255 0 255 255 0
    255 255 0 0 255 242 255 255 0 0 255 0 0 255 255 255 0 0 255 255 255
    0 255 255 0 50 0 255 0 97 0 255 0 0 84 0 0 255 211 255 0 255 197 82
    0 255 38 255 0 0 255 0 127 0 80 0 255 126 255 255 0 255 0 0 255 255
    0 0 255 255 255 0 107 255 255 0 255 255 178 52 255 255 255 0 0 255 0
    0 255 255 244 255 49 0 0 255 0 0 255 0 255 0 152 0 0 255 0 255 16
    255 0 255 255 0 0 61 0 0 0 0 0 112 0 0 255 0 255 0 0 255 131 220 255
    0 0 155 255 0 255 0 9 0 0 22 255 0 255 253 0 255 39 17 255 220 0 255
    255 0 0 142 76 255 198 255 255 255 242 255 0 255 0 255 0 0 27 92 255
    255 108 0 255 0 0 255 255 255 0 0 0 255 10 129 0 255 0 0 255 255 0 0
    0 255 0 87 255 255 255 255 255 0 255 0 15 255 255 255 0 255 0 255
    197 0 255 255 255 0 68 0 0 0 255 255 0 0 255 0 17 255 255 0 255 0 0
    0 255 150 0 255 0 255 200 19 255 77 255 0 0 255 0 255 0 0 123 0 255
    255 6 255 255 0 0 0 255 0 0 255 0 255 0 255 255 255 0 255 44 0 255 0
    255 155 0 255 0 255 255 0 255 168 0 0 0 238 255 0 0 255 0 80 0 255
    255 255 0 0 0 206 55 255 255 255 0 255 255 255 0 0 255 255 255 0 0 0
    255 0 0 0 135 0 0 255 0 255 255 0 0 255 0 255 0 51 255 0 0 241 140
    255 0 0 255 0 95 255 0 0 119 0 255 255 0 0 255 255 0 255 255 255 0
    255 255 255 255 88 43 255 130 221 0 255 255 255 0 255 0 255 255 215
    255 255 0 0 255 0 0 213 255 0 255 255 0 255 80 255 0 255 0 32 0 0 0
    0 0 0 255 0 255 0 255 255 237 13 255 255 0 224 0 255 5 146 255 0 255
    0 255 255 255 255 0 0 255 0 255 0 255 255 255 255 255 0 255 0 0 197
    0 255 0 255 255 255 2 74 255 0 255 0 255 0 255 0 189 0 255 0 255 255
    255 0 195 0 255 255 0 255 0 65 255 255 0 255 74 255 0 255 75 255 255
    0 0 230 255 0 0 255 0 255 0 255 255 0 255 35 0 0 130 0 255 0 244 255
    240 255 0 255 255 94 255 0 255 0 255 0 0 255 255 0 32 0 255 85 0 255
    198 255 0 78 255 255 255 0 0 255 0 255 255 255 255 0 255 0 255 180 0
    0 255 0 0 0 255 255 0 223 175 200 0 0 20 255 255 161 0 255 156 0 255
    255 46 255 0 255 161 255 0 0 255 0 255 0 0 136 182 255 102 0 255 255
    0 255 255 0 255 0 0 27 255 0 255 174 255 255 0 0 32 187 255 0 255 0
    255 8 255 0 255 255 0 255 0 255 255 0 255 255 255 255 0 255 255 0 0
    255 0 0 24 255 87 13 255 0 1 255 0 255 255 45 255 0 255 255 255 0 0
    255 255 255 0 0 213 255 87 0 255 14 0 164 0 107 0 45 255 255 0 249 0
    255 0 255 0 0 0 255 216 0 206 128 0 34 0 141 255 255 0 196 69 0 255
    181 0 0 163 0 252 0 0 0 255 255 0 255 0 255 255 0 218 255 219 255 86
    0 255 0 255 0 0 0 0 255 0 5 255 62 116 255 0 255 0 250 0 255 255 0
    255 175 0 255 255 0 255 0 255 0 255 66 0 255 255 0 0 255 0 0 9 0 255
    0 148 255 0 255 255 0 255 255 0 255 0 116 255 32 0 11 0 255 255 0
    106 255 84 0 255 255 0 0 255 255 170 255 197 67 255 0 0 255 0 0 0
    238 174 255 0 255 0 0 249 205 255 0 255 0 88 255 255 0 255 0 255 0
    255 141 255 255 0 255 0 255 0 226 255 0 255 0 255 0 0 255 0 130 255
    255 146 255 0 255 0 255 0 144 255 0 255 0 255 255 0 255 0 0 159 255
    0 50 255 0 255 255 0 0 0 0 255 0 255 0 235 0 0 0 41 255 0 255 148
    255 0 62 0 0 255 216 0 0 255 0 255 0 0 255 244 0 165 0 160 255 0 0 0
    0 255 255 255 226 42 255 0 255 0 255 255 0 255 255 0 255 163 83 255
    51 255 206 0 0 255 245 255 255 0 255 222 233 57 255 3 197 0 96 0 255
    0 255 255 255 0 255 0 255 19 0 255 0 255 0 255 0 187 0 75 233 0 255
    0 255 255 0 255 255 255 0 255 0 255 0 255 82 0 244 0 255 0 255 0 198
    255 255 220 0 238 255 255 0 234 0 165 255 255 147 255 255 255 0 255
    109 0 0 255 0 255 0 255 0 247 0 0 0 255 0 234 0 0 255 0 97 255 0 0
    255 0 0 255 0 0 255 255 74 0 211 0 255 0 0 255 255 0 71 43 0 255 0
    255 90 195 0 255 0 187 255 255 255 19 0 0 255 0 255 0 0 255 0 0 0
    255 255 255 0 255 0 255 255 0 255 255 183 255 0 255 77 255 255 255
    255 147 255 0 255 255 109 54 164 95 0 255 0 255 0 255 18 255 255 0
    255 0 255 255 255 0 255 0 255 0 255 0 255 103 255 0 208 0 255 0 0
    255 255 0 0 255 0 255 255 105 255 255 57 234 0 255 255 0 190 0 255
    205 211 0 255 255 0 0 253 0 68 255 255 255 0 0 255 0 0 255 0 0 255
    140 0 0 0 70 255 255 0 210 255 0 0 0 0 255 3 255 0 255 230 255 255
    255 71 55 0 0 0 136 92 255 0 0 255 0 255 0 255 255 255 255 98 62 0 0
    255 255 102 255 0 0 255 0 255 0 199 0 0 255 0 255 0 255 153 54 165 0
    0 255 255 0 255 0 214 115 255 196 147 0 255 0 255 0 255 255 136 255
    38 0 255 0 255 81 0 255 0 255 0 255 0 0 0 255 0 127 123 255 255 255
    0 255 0 0 0 255 0 255 255 255 255 255 255 0 255 255 0 0 255</data></my_img>
<your_img type_id="opencv-matrix">
  <rows>128</rows>
  <cols>256</cols>
  <dt>u</dt>
  <data>
    0 255 0 255 255 0 255 26 0 255 255 255 0 0 255 0 255 0 171 0 255 89
    136 0 255 0 255 217 0 255 0 255 0 255 0 0 0 0 0 98 255 0 255 0 0 255
    79 0 0 255 0 0 255 255 255 255 80 154 255 0 123 0 138 0 255 0 255
    167 255 0 0 255 255 0 255 0 255 0 153 0 0 0 0 0 255 255 40 0 255 32
    255 0 0 71 255 0 234 0 255 0 58 0 0 0 255 255 0 255 0 255 255 0 235
    0 255 255 0 78 255 255 0 0 255 0 0 255 146 0 255 255 0 255 255 255
    246 0 38 0 255 0 255 0 255 146 0 0 255 0 208 0 0 0 0 0 0 255 0 255 0
    255 255 0 173 0 0 223 255 0 255 0 255 0 0 255 255 246 255 153 0 105
    0 0 0 255 0 255 0 35 255 0 0 255 218 255 255 165 255 0 255 0 91 255
    0 0 0 172 255 173 255 109 255 0 255 255 255 0 0 255 255 0 255 0 0
    255 255 0 53 255 0 255 127 0 255 255 0 166 164 0 255 255 170 255 0
    18 84 0 255 0 255 0 163 255 0 13 255 0 255 0 0 255 133 255 0 255 0 0
    255 0 0 172 0 255 30 0 0 255 0 255 0 255 0 255 0 255 145 0 0 210 255
    0 0 255 255 255 255 128 0 255 0 255 255 0 170 255 0 255 115 255 0 68
    142 81 201 0 255 0 255 90 255 255 0 255 86 0 0 255 255 0 255 255 0
    255 255 116 66 255 0 255 98 0 0 0 0 255 0 179 0 255 0 0 128 0 255
    255 18 0 0 255 255 255 0 191 0 255 255 0 255 255 255 192 0 0 255 0
    255 80 255 192 53 174 255 255 0 255 0 0 0 255 0 0 255 131 0 0 255 0
    0 0 0 0 255 137 0 255 0 255 82 255 255 255 210 0 255 0 0 255 70 0 0
    255 255 255 255 74 79 255 255 255 0 0 0 223 0 255 0 255 0 255 154 0
    255 0 255 255 0 255 255 197 147 0 255 216 0 88 255 255 255 0 255 255
    255 0 0 255 0 0 255 255 0 136 0 255 255 135 0 255 255 0 255 141 0
    255 255 235 255 0 150 255 15 3 0 255 255 255 0 0 0 204 255 255 0 255
    0 255 255 255 255 0 255 255 74 40 255 0 0 0 255 0 255 255 0 255 51 0
    255 255 0 0 223 255 44 149 255 0 184 255 0 0 255 0 138 80 255 240 63
    208 218 255 0 0 59 255 0 67 90 255 0 255 0 255 255 0 153 0 255 0 255
    31 103 0 0 255 0 255 0 0 255 255 255 146 0 0 0 255 0 0 255 255 0 255
    255 255 0 0 255 161 61 255 0 255 255 255 0 255 255 0 255 255 0 255 0
    255 255 0 255 65 130 255 25 0 0 0 255 0 0 255 16 0 255 0 151 0 255 0
    255 0 0 0 255 255 0 255 0 217 79 255 255 0 255 98 97 255 255 49 255
    255 255 0 255 0 228 255 204 25 0 255 255 255 177 178 172 0 255 255
    255 0 195 255 0 0 255 0 255 111 255 0 255 105 0 164 0 0 255 0 0 255
    0 255 0 255 177 6 0 0 255 255 23 0 255 0 0 249 0 255 243 46 0 255 0
    78 26 255 0 0 0 222 255 40 0 0 255 0 0 255 0 255 26 255 255 0 0 0
    255 74 217 255 255 255 248 0 147 255 255 255 0 0 195 0 0 0 0 255 0
    255 0 146 0 255 0 0 255 20 173 119 207 0 255 0 255 0 0 0 0 210 255 0
    255 255 0 0 255 255 255 0 255 255 225 107 0 128 255 0 255 0 255 0 0
    255 0 125 165 0 0 255 0 49 0 255 116 255 0 0 0 147 0 0 255 158 0 158
    255 0 64 0 236 0 158 0 0 255 30 255 0 211 91 210 156 0 255 0 0 0 0
    186 255 0 0 0 255 0 255 255 0 0 0 255 255 246 0 255 51 0 255 0 174 0
    255 255 0 0 255 255 255 0 255 0 255 0 255 170 176 0 255 255 255 0 52
    255 255 0 255 0 0 255 255 51 255 0 255 255 0 0 255 255 0 255 84 255
    255 0 255 0 255 0 0 0 255 0 104 0 95 255 0 255 0 255 0 255 0 104 255
    0 228 255 145 0 255 44 130 83 58 0 255 189 182 0 255 255 255 0 255 0
    255 255 76 255 255 255 0 0 255 255 72 0 255 0 5 0 255 150 255 0 0 0
    255 255 0 255 0 0 255 0 255 0 255 0 0 255 0 255 255 34 0 0 0 225 255
    255 0 255 255 0 0 255 255 0 255 0 255 255 0 0 255 255 255 0 255 148
    255 255 255 255 103 0 0 206 206 255 255 142 255 0 181 0 255 255 0
    210 255 74 0 65 255 255 172 0 255 255 228 255 0 255 183 0 0 255 155
    255 0 0 0 14 255 0 255 0 255 255 255 0 255 0 255 255 255 255 158 239
    0 0 255 0 255 152 255 106 0 0 0 151 255 255 255 0 148 174 255 142 0
    255 255 255 255 240 0 249 255 204 0 255 0 0 20 0 255 255 0 255 0 0 0
    0 73 0 255 0 0 77 124 255 59 255 0 255 208 0 255 0 0 0 0 255 149 74
    153 255 0 0 255 255 255 0 255 0 25 32 58 255 0 0 255 0 90 182 255
    255 0 0 0 255 240 255 0 144 0 255 0 105 255 0 0 5 0 0 255 255 0 0 0
    255 0 255 255 88 0 255 0 255 255 229 0 255 0 250 0 255 255 255 0 255
    0 36 255 0 255 5 0 255 255 0 255 0 255 255 0 229 0 214 255 255 0 255
    0 0 255 255 0 230 0 255 0 255 255 14 255 255 0 255 255 0 255 255 255
    0 255 226 0 255 255 255 126 255 0 255 255 0 31 0 255 0 255 0 0 0 0 0
    0 255 131 255 255 34 0 225 203 0 32 255 175 0 255 190 255 255 255 0
    255 255 156 0 202 255 242 0 255 0 0 255 0 142 0 255 0 255 255 96 255
    255 0 0 0 255 174 0 202 1 255 0 255 255 255 0 255 0 34 255 0 0 0 52
    255 255 92 221 255 174 57 0 0 0 0 125 0 0 183 0 255 0 255 0 255 255
    212 25 255 0 0 255 227 0 255 0 255 0 255 210 255 255 255 117 0 255
    231 0 255 0 255 204 33 0 0 255 0 255 74 135 0 224 0 255 23 212 255
    255 0 255 251 0 255 255 0 0 255 0 54 255 251 0 255 248 0 178 255 255
    255 0 0 0 255 0 255 255 0 255 111 255 255 255 0 255 0 0 255 255 211
    255 163 0 255 161 255 0 255 255 0 255 0 0 255 255 203 59 0 0 255 0
    255 255 171 137 255 0 255 255 218 170 255 72 255 0 255 0 255 22 253
    255 255 164 255 0 131 0 255 255 0 255 163 0 0 255 248 0 255 0 126
    255 0 0 0 0 255 0 255 0 227 0 158 0 255 255 0 0 255 61 0 255 0 255
    255 0 255 0 255 0 0 135 45 255 255 126 0 255 255 0 255 255 0 0 13 0
    255 0 255 0 255 255 0 0 0 255 0 32 0 255 255 0 0 149 255 0 255 0 0
    255 255 210 241 0 0 0 0 255 255 0 0 0 255 0 255 0 249 255 255 255
    255 0 255 0 7 255 255 119 252 0 255 255 78 255 184 0 255 0 255 0 120
    255 0 0 174 197 0 225 255 0 0 255 16 0 255 255 0 255 0 255 0 172 0
    255 255 0 0 0 0 0 255 255 0 36 255 66 255 255 234 122 209 0 255 191
    0 255 0 0 255 0 37 255 255 0 255 130 255 255 0 255 173 0 0 0 255 0
    255 0 255 255 0 255 0 60 45 0 255 144 75 255 255 0 255 69 0 75 255
    255 0 255 0 255 0 255 0 0 87 255 0 255 255 46 222 0 255 0 255 255
    195 0 255 255 0 0 0 220 0 255 0 189 0 255 0 5 0 103 0 0 205 212 255
    109 255 66 0 9 255 0 0 255 156 0 227 255 255 0 255 255 118 255 19
    255 255 255 254 0 17 255 0 255 0 255 255 83 170 235 255 0 255 0 0
    255 96 210 255 195 255 0 147 189 0 255 255 0 0 0 104 0 0 255 0 255 0
    255 0 0 98 209 0 255 255 94 0 186 255 0 0 255 255 0 255 113 0 0 0 39
    195 0 172 255 0 255 255 0 0 255 255 255 0 161 0 0 0 255 255 0 255
    255 0 255 186 255 11 0 0 255 0 255 177 255 255 255 0 255 0 255 47
    255 0 255 21 0 255 0 255 255 255 255 165 255 255 0 255 0 255 0 255 0
    255 0 0 0 255 0 255 255 0 0 255 255 0 255 151 255 254 255 160 255 0
    255 0 88 255 0 255 255 0 255 0 255 255 255 0 76 255 239 255 255 98
    255 66 0 255 0 96 255 0 117 0 0 5 0 255 134 255 254 0 255 0 255 15
    255 0 128 0 106 255 43 255 195 167 0 139 0 255 156 0 196 0 255 255
    70 0 0 0 255 0 0 255 0 255 0 255 0 88 0 255 255 0 255 50 255 255 0
    221 0 255 0 255 208 255 68 0 255 47 142 0 202 3 0 0 255 0 211 72 255
    0 0 255 0 135 0 81 255 255 0 0 255 0 255 0 255 0 255 0 255 0 255 0
    73 0 255 5 76 0 0 131 255 52 177 0 255 255 255 255 0 0 0 255 0 2 255
    255 179 235 0 255 179 255 0 255 0 0 131 0 248 0 0 255 249 255 255 0
    255 255 255 0 255 52 178 0 255 0 255 255 0 255 255 0 255 0 80 255 0
    255 0 153 0 255 0 255 255 74 0 0 255 0 255 0 0 0 37 0 0 255 175 0 0
    236 246 251 0 0 0 0 0 0 255 0 255 255 255 10 0 0 0 0 255 66 255 0 0
    0 255 183 0 255 24 0 75 0 255 255 0 255 255 255 0 0 0 0 0 255 0 117
    0 0 255 255 0 0 255 0 255 255 192 0 255 0 97 255 0 255 136 0 0 255
    252 255 255 0 0 255 0 255 9 0 0 0 255 255 0 206 10 0 0 255 187 0 116
    153 255 255 255 255 255 0 0 255 240 91 0 0 255 255 73 0 255 255 0 0
    255 255 255 0 67 0 255 255 255 255 0 255 0 244 0 34 0 255 32 255 0
    255 8 200 68 0 126 0 0 255 205 255 0 0 255 0 255 255 255 0 50 255
    255 0 0 255 255 0 255 0 0 255 255 255 255 255 138 0 0 0 255 255 169
    255 255 0 19 0 0 76 255 236 255 0 255 0 214 19 105 0 0 0 255 0 255
    255 255 255 0 255 255 68 0 0 0 255 0 225 255 0 255 255 0 255 228 177
    0 255 0 0 255 255 0 255 0 255 0 226 79 255 255 0 255 0 255 0 0 255
    255 0 255 36 255 0 255 255 0 0 255 0 255 0 0 255 255 0 255 0 255 206
    255 0 255 0 255 0 0 0 255 0 255 0 30 161 255 255 255 245 13 218 220
    0 255 255 218 255 86 0 255 0 0 255 0 255 255 0 255 0 0 255 255 255 0
    255 255 194 255 0 103 186 255 163 0 255 0 255 0 0 255 0 65 0 255 0
    255 145 255 0 255 255 0 140 255 255 255 255 0 255 0 255 0 255 255 0
    195 0 112 0 8 255 133 34 255 0 0 117 255 0 83 0 229 255 224 255 255
    255 27 255 4 40 255 0 255 0 125 0 255 0 255 162 245 255 0 255 164 0
    255 0 144 255 0 0 255 255 129 0 0 214 0 132 0 255 0 0 255 255 255 0
    210 45 100 0 114 255 255 255 0 255 0 0 24 0 0 255 255 219 255 67 62
    255 0 255 121 255 0 255 0 63 0 255 0 35 81 72 21 255 32 255 0 160
    221 255 88 0 48 0 0 54 255 255 160 255 0 0 255 0 0 255 164 255 0 0
    255 255 109 0 0 0 255 32 0 255 0 0 255 0 0 255 255 68 0 168 255 0 0
    255 0 255 0 158 0 255 0 208 0 255 0 39 0 0 0 48 0 255 0 255 0 255
    255 224 255 0 255 255 0 182 0 0 255 255 0 0 0 255 0 255 208 255 199
    97 0 0 0 238 255 0 255 0 255 0 255 255 0 255 206 255 0 255 255 81 0
    255 223 223 0 255 0 242 110 0 55 0 255 255 0 255 255 255 127 0 192
    68 255 0 255 13 0 255 255 0 0 15 255 255 90 255 0 255 0 255 204 0 0
    255 0 18 255 255 22 255 0 255 255 0 255 255 255 139 239 10 0 0 255 0
    255 0 0 255 0 255 180 255 0 0 0 0 255 0 255 0 255 0 0 255 255 0 0
    255 0 215 0 0 255 23 0 0 0 255 0 255 20 255 0 59 0 255 179 0 0 0 255
    0 255 0 55 0 255 0 255 0 255 255 0 0 117 28 255 61 255 255 0 255 255
    0 255 255 0 0 0 0 255 228 0 0 21 88 0 0 255 255 255 255 0 0 188 124
    255 121 0 255 0 255 0 48 0 255 4 0 255 158 187 255 0 0 255 255 0 255
    0 255 0 255 255 0 255 0 255 0 156 0 0 255 0 255 0 255 255 0 255 22
    255 0 255 0 232 28 255 62 255 18 0 0 0 255 0 149 0 255 0 0 255 0 83
    255 0 255 0 255 0 32 0 255 255 0 216 0 29 0 255 30 0 255 0 255 0 216
    0 190 0 0 58 0 255 0 204 0 0 255 153 255 0 0 122 43 0 255 59 0 0 255
    0 0 159 255 0 234 66 255 164 46 0 0 0 255 248 255 255 255 0 0 0 255
    0 26 255 0 255 0 0 255 0 255 0 56 0 255 0 255 123 255 0 0 193 0 255
    73 255 255 0 255 0 255 13 235 255 0 57 0 0 255 255 255 255 255 167 0
    0 255 255 0 0 0 255 15 255 255 62 52 150 78 0 198 255 242 255 0 255
    0 255 0 255 83 255 194 255 81 0 0 0 230 243 99 255 255 0 255 0 255
    255 45 0 255 14 0 0 255 255 0 255 0 0 255 255 31 83 129 255 111 0
    255 255 0 233 255 0 0 255 0 255 253 0 255 0 223 0 82 255 0 255 0 251
    255 0 255 189 255 255 0 253 255 0 0 255 238 0 157 255 235 0 255 0
    255 0 28 0 255 0 0 255 31 255 255 0 255 0 255 0 255 0 0 0 255 0 67 0
    255 0 255 0 255 255 26 0 255 255 0 255 255 255 54 4 0 0 255 182 249
    133 255 0 255 0 255 0 255 255 0 121 0 135 0 255 0 255 215 255 149
    255 255 255 0 0 204 255 0 0 0 255 245 0 20 0 5 255 255 255 0 255 255
    255 175 0 0 255 0 249 32 10 255 3 0 111 198 0 255 205 255 0 0 255
    207 0 255 0 255 255 0 255 104 143 101 3 248 113 0 0 0 255 255 0 110
    255 0 215 5 142 175 255 0 255 83 0 255 0 255 0 255 30 255 255 0 0
    255 0 255 0 74 255 75 255 18 0 0 160 72 255 255 0 20 255 0 255 0 213
    255 0 0 0 255 0 0 255 0 255 255 255 0 255 0 0 222 0 255 255 0 0 255
    0 0 255 213 255 0 255 255 0 255 255 0 0 80 14 0 255 0 0 40 0 255 255
    0 0 255 0 255 255 0 255 0 255 0 0 255 255 255 168 255 255 255 35 73
    255 255 0 0 166 0 255 255 255 255 255 0 255 0 255 0 255 0 255 0 255
    0 255 0 215 0 255 0 255 218 225 0 206 240 255 0 255 0 255 255 0 0
    255 62 0 0 255 255 0 0 124 255 0 0 137 255 0 255 255 144 0 0 0 0 0
    255 207 0 118 0 255 102 66 0 255 224 0 255 0 0 230 79 0 255 0 255 27
    255 0 168 0 255 0 234 0 255 0 255 0 255 255 255 228 0 63 255 255 255
    0 0 0 255 255 0 170 0 40 0 0 255 100 0 255 0 255 31 0 104 255 218 0
    191 226 255 239 255 0 255 255 0 255 125 0 255 0 147 0 255 67 255 0
    255 0 255 0 255 95 0 255 0 255 0 0 255 0 167 255 255 0 114 255 135
    255 0 0 255 255 255 0 255 0 255 0 0 0 255 0 15 245 255 0 255 255 0
    104 189 0 41 255 78 255 0 0 255 255 255 255 158 0 255 201 255 118 0
    191 255 255 0 221 0 255 0 255 0 177 255 255 0 0 255 0 94 0 220 0 0
    94 89 26 0 0 255 228 255 255 242 255 0 0 0 116 255 0 238 167 255 0
    255 255 0 255 255 0 134 0 0 240 255 0 255 0 255 255 0 255 0 49 255
    232 255 0 255 0 255 255 0 57 255 255 255 0 255 0 0 255 126 0 255 185
    0 255 0 46 76 174 255 0 255 255 0 255 50 0 99 0 255 158 255 255 255
    255 0 0 0 255 0 0 255 255 0 0 255 107 117 163 255 255 255 228 255 0
    255 0 0 255 0 255 255 0 255 255 0 138 103 255 0 0 255 148 255 38 0
    255 0 0 161 0 0 255 0 255 255 0 255 172 153 0 82 0 255 0 71 255 0 0
    0 255 0 255 0 0 0 0 255 0 14 255 0 255 0 255 252 255 221 255 226 255
    38 0 0 255 0 74 56 255 44 60 31 0 20 255 44 255 0 55 0 0 255 255 255
    0 12 255 33 0 4 255 0 255 255 178 0 255 255 0 0 255 152 255 255 0 0
    255 255 0 0 255 0 0 255 0 255 183 177 0 0 255 0 255 255 255 0 0 0
    255 255 255 0 106 0 255 0 0 255 0 255 130 0 255 0 255 255 255 0 255
    255 255 0 255 0 0 255 0 255 255 165 255 0 0 255 0 72 255 255 0 0 255
    178 255 0 0 255 255 243 0 0 0 181 202 0 0 0 0 0 234 0 43 0 0 255 0
    255 0 0 255 0 255 0 255 0 255 0 255 8 233 0 255 62 0 241 0 0 156 0
    38 0 251 255 255 0 86 0 0 16 0 255 8 0 0 255 0 255 83 255 0 255 255
    0 0 0 255 0 0 0 255 26 0 238 255 0 0 0 241 0 255 255 0 255 156 255 0
    0 0 255 9 0 255 255 0 255 0 124 255 255 0 0 247 153 255 0 0 19 255
    162 0 255 0 0 255 0 174 0 100 0 0 255 0 255 255 0 255 0 0 255 91 0
    255 0 0 0 255 0 0 122 255 255 0 255 255 208 227 0 255 255 255 0 75
    255 255 255 255 101 255 0 0 0 255 255 0 255 117 253 255 0 255 0 255
    0 0 0 255 130 255 0 0 255 255 0 13 0 27 255 145 138 117 0 160 198
    107 255 255 255 255 0 198 169 0 0 255 10 0 0 0 255 0 255 0 255 0 255
    0 0 114 255 9 0 255 0 0 255 0 255 0 255 0 0 0 0 0 115 0 255 0 255 25
    255 0 255 0 142 0 255 0 255 207 255 0 0 255 0 0 255 0 255 0 255 10
    255 51 255 0 0 255 255 0 0 0 155 255 255 255 25 0 255 255 0 255 0 0
    72 255 226 74 49 255 241 119 255 0 224 255 0 0 255 0 255 0 255 0 0
    255 0 0 255 164 0 255 255 255 0 255 0 0 255 0 0 135 255 33 255 0 255
    11 255 0 255 23 255 0 255 244 0 255 10 255 0 255 165 0 255 0 0 24 0
    255 255 255 0 0 255 255 202 255 255 0 255 0 255 0 255 0 0 255 0 255
    0 240 71 255 0 0 255 0 255 197 255 0 119 255 224 255 0 0 137 0 255
    255 255 255 255 55 0 255 154 83 88 0 255 0 0 202 255 0 0 255 255 0
    93 208 216 30 0 0 255 0 0 255 0 255 222 255 0 255 0 255 255 0 255 0
    255 255 0 255 255 255 0 255 255 255 0 255 255 0 140 37 24 0 9 0 142
    255 0 255 255 0 255 0 255 255 0 0 0 0 0 255 0 168 0 255 0 255 255
    255 255 255 0 255 0 38 255 0 0 132 79 255 0 255 0 255 0 255 240 255
    110 255 255 255 119 255 173 0 146 255 0 255 0 255 0 0 255 255 0 231
    73 255 255 104 0 255 255 0 255 0 255 0 0 63 0 0 0 0 0 0 255 255 0
    255 255 0 85 255 0 128 35 0 20 0 255 255 0 0 0 255 255 255 0 0 255
    255 255 255 0 255 0 250 255 0 255 197 67 0 16 255 0 104 255 0 253
    255 0 27 255 0 255 255 0 5 0 255 0 0 255 0 255 0 255 0 255 106 101
    255 119 0 255 0 255 0 255 180 0 255 255 255 114 255 0 255 255 255 0
    255 255 0 103 87 0 255 255 209 161 0 255 110 255 18 137 255 0 255 0
    255 0 137 0 0 0 99 0 255 0 255 0 255 60 124 255 255 255 0 138 0 255
    255 0 0 255 255 0 75 0 255 73 255 251 0 0 255 0 255 0 246 255 148
    255 0 255 255 0 0 0 0 255 0 0 0 162 0 0 255 255 255 0 0 255 0 0 255
    0 255 227 255 0 255 241 255 0 255 0 202 255 58 164 249 255 0 85 0
    183 255 0 0 0 0 255 255 255 255 255 255 164 48 0 0 255 0 32 255 0 0
    112 39 0 255 255 0 255 19 0 0 255 0 255 255 142 0 0 0 146 0 245 254
    0 249 0 255 0 255 0 255 0 255 0 255 255 0 169 255 0 255 0 0 255 255
    0 255 0 47 0 0 255 255 255 255 0 0 0 94 255 255 0 0 255 0 255 0 0
    255 139 255 0 0 255 255 0 255 0 245 0 0 255 255 0 233 0 0 255 255 0
    255 0 0 255 255 0 255 0 255 0 0 172 0 0 255 255 191 159 255 0 255
    106 255 255 255 133 0 255 0 255 0 255 70 0 68 49 255 231 0 0 255 255
    255 0 255 0 255 0 131 0 0 255 0 255 255 0 0 255 0 255 0 103 0 255 0
    140 0 122 255 0 255 0 0 255 255 0 255 255 244 0 255 0 59 255 184 0
    167 255 0 0 255 0 83 255 0 255 0 0 255 255 255 0 255 0 0 255 255 255
    255 255 184 255 162 255 255 255 0 255 0 255 164 92 255 0 0 19 110 52
    0 255 0 255 0 255 0 200 255 0 0 255 255 163 0 255 255 0 0 255 255
    255 0 0 0 0 0 255 0 255 255 255 93 19 0 0 0 255 33 151 254 212 255 0
    177 255 255 109 122 94 0 0 0 255 255 0 255 0 0 0 38 255 212 255 255
    102 0 255 0 255 0 255 255 0 0 0 128 255 30 71 230 0 255 222 0 0 111
    0 21 0 0 217 255 0 255 0 255 0 0 225 124 255 255 255 255 0 0 77 10
    255 255 0 171 255 0 0 255 0 14 168 0 255 0 235 255 241 255 255 0 255
    255 255 255 0 0 255 255 43 0 255 0 101 0 255 0 22 0 255 255 0 0 212
    255 0 255 0 255 0 255 255 0 246 255 0 32 255 0 255 0 255 0 255 190 0
    0 255 255 255 255 0 9 255 0 255 0 255 0 50 255 255 255 67 83 0 255 0
    0 255 255 0 255 255 0 62 210 0 41 255 0 0 255 52 0 255 0 0 251 255 0
    255 255 0 255 255 209 255 0 151 0 255 255 255 0 255 20 0 255 23 0 0
    0 213 0 0 255 0 228 0 0 255 0 255 0 255 255 0 255 0 255 0 255 115 0
    255 128 255 0 71 0 31 255 165 0 0 255 0 1 23 0 0 0 255 0 255 229 255
    165 0 209 0 255 0 255 0 233 255 0 0 232 255 255 255 0 255 0 255 255
    255 51 192 0 255 0 255 255 176 0 45 255 255 0 255 0 255 255 0 255
    255 106 0 255 151 255 0 113 255 255 0 0 255 255 255 78 255 255 0 255
    0 255 235 0 255 173 255 255 76 255 255 0 24 0 255 255 0 255 0 189
    255 255 0 255 255 0 0 0 255 85 0 0 159 255 0 255 0 255 7 0 0 88 255
    148 255 255 0 255 0 255 210 255 0 0 255 255 0 0 0 167 0 61 255 0 0 0
    255 157 0 255 0 0 69 255 255 128 226 193 0 127 104 0 255 22 198 0 0
    255 109 175 0 0 0 194 0 255 255 0 0 0 255 255 255 0 255 255 0 0 255
    0 250 255 0 0 255 0 0 0 255 0 255 1 99 255 255 182 255 255 213 255 0
    0 255 0 0 255 0 255 0 145 158 0 255 85 255 0 0 255 255 0 0 0 255 0
    255 255 56 0 0 255 255 255 36 255 242 0 255 0 84 69 141 255 16 0 255
    255 240 4 0 0 0 0 7 255 255 61 255 0 255 0 255 0 255 0 0 0 0 34 255
    0 255 255 0 255 0 255 0 255 0 0 155 0 255 255 170 0 255 0 56 255 255
    0 0 0 255 255 0 0 255 255 0 193 255 0 255 255 0 255 204 161 0 24 255
    255 0 10 0 255 0 53 0 172 255 0 255 255 255 255 139 255 13 15 0 0
    255 10 255 0 101 255 0 0 126 255 255 0 255 64 147 255 0 255 0 255 0
    0 255 255 255 0 255 255 0 159 255 116 183 0 0 255 0 255 0 0 0 255 0
    255 255 218 246 0 255 0 0 255 67 255 0 0 255 0 255 255 92 255 73 255
    255 180 0 129 0 223 13 255 0 109 0 20 0 34 230 255 0 255 123 0 255
    58 255 255 0 0 171 255 164 0 255 124 255 0 255 255 0 239 44 0 0 255
    62 154 0 0 255 0 0 255 255 108 0 255 255 0 0 255 255 240 0 99 255 0
    255 255 0 255 54 255 0 0 255 0 181 31 0 255 255 0 255 0 0 0 0 255 0
    255 255 255 255 0 255 0 0 255 0 255 0 255 0 255 255 0 255 0 185 27
    255 255 69 130 108 255 0 0 0 255 0 255 255 0 157 0 193 202 255 0 255
    175 255 168 250 255 255 0 0 255 255 255 0 0 0 56 255 0 0 255 0 255
    126 0 255 0 255 205 0 255 255 0 255 0 0 0 255 0 0 255 49 0 255 153 0
    255 0 66 255 255 145 255 197 0 255 0 0 255 0 160 0 0 255 255 0 0 255
    255 0 255 255 0 255 0 94 255 42 0 0 100 0 255 0 255 0 255 255 0 0
    255 255 0 255 255 237 0 255 159 167 0 255 0 9 255 255 0 237 159 0
    121 255 255 0 255 0 0 180 0 76 255 0 255 0 255 76 0 128 0 0 0 108
    255 255 255 255 0 0 255 255 89 255 255 154 236 255 255 255 255 0 90
    0 0 0 255 0 255 255 0 0 255 0 255 255 0 255 0 255 255 62 255 255 0 0
    255 203 255 0 255 252 0 255 211 101 221 255 98 45 116 0 255 0 255 0
    255 255 255 0 241 255 0 255 255 0 255 255 255 0 255 0 255 0 255 0
    255 0 0 255 0 0 0 114 0 255 0 255 255 0 0 255 0 255 255 0 35 0 255 0
    0 255 0 189 0 255 195 255 0 255 0 49 0 255 82 0 255 0 229 98 0 208 0
    255 0 255 255 0 211 255 0 158 255 255 0 144 255 0 0 255 0 255 0 0
    255 0 0 255 0 51 52 255 27 255 255 0 34 255 0 129 255 0 0 255 89 0
    255 0 195 0 0 0 255 255 255 255 196 0 255 0 255 255 0 0 255 0 255
    201 0 91 0 255 229 232 5 255 180 255 127 0 0 255 247 255 0 239 0 111
    0 0 255 204 11 255 255 0 255 255 0 0 39 255 0 255 255 255 255 0 37
    255 0 255 0 255 231 0 255 252 255 255 0 255 0 255 58 255 255 0 255 0
    222 166 196 255 0 0 0 255 65 255 255 0 0 255 255 0 255 255 255 223
    255 36 255 255 0 0 186 0 255 255 255 255 0 255 0 255 0 255 0 90 0
    255 0 0 0 255 0 255 74 0 0 30 0 255 91 255 255 0 255 174 0 255 0 255
    0 255 0 0 103 3 143 0 255 0 255 153 0 0 244 255 0 255 39 0 255 0 255
    0 255 0 255 56 0 255 255 170 255 0 80 0 0 255 0 0 96 255 255 0 255 0
    108 255 0 106 255 0 255 255 116 0 255 255 255 210 255 0 168 0 255 66
    0 0 0 255 0 0 255 255 0 241 0 0 255 0 255 0 255 0 255 255 255 255
    255 255 0 255 0 0 223 0 255 19 0 0 255 0 0 186 0 0 0 255 0 0 255 0
    255 31 255 103 0 255 0 37 0 255 56 255 55 233 181 255 0 0 255 0 0
    255 0 255 108 0 75 255 0 0 255 196 255 0 255 255 255 0 150 255 0 0 0
    255 255 255 0 255 255 250 255 0 255 124 0 0 182 255 255 0 0 0 255 0
    0 0 0 255 255 0 255 0 255 0 255 0 255 255 0 0 255 255 0 255 0 255
    255 146 0 247 103 255 255 0 255 59 255 0 255 0 0 255 255 203 0 208
    18 201 255 0 0 0 255 0 255 0 255 0 255 0 255 0 255 255 255 0 255 0
    255 0 255 70 255 127 255 0 255 255 0 255 0 0 255 0 255 0 0 255 255 0
    255 255 255 152 0 73 195 255 124 0 209 255 154 0 255 0 255 224 0 255
    255 0 255 255 0 20 255 255 222 255 0 224 255 255 0 0 255 196 0 255 0
    0 255 223 0 0 255 0 255 255 0 255 0 0 0 0 255 0 255 87 0 255 255 0
    255 139 186 0 255 0 33 0 0 0 255 255 255 221 207 0 0 72 255 0 255
    255 0 58 255 0 255 255 188 255 0 255 0 0 255 0 30 153 0 0 255 255
    255 255 109 0 255 0 0 255 0 231 0 0 0 0 255 0 0 255 0 161 255 255
    185 255 0 97 255 0 0 255 255 0 255 255 255 0 0 255 0 0 255 0 255 255
    0 0 255 0 0 255 0 249 0 0 255 255 35 0 135 255 255 255 126 255 232
    255 0 255 235 126 135 255 0 0 0 0 78 255 0 255 0 255 116 73 0 0 0 52
    255 255 0 255 0 0 34 0 255 255 0 255 255 0 0 255 255 0 255 182 0 106
    255 244 255 255 225 0 91 15 255 0 0 255 254 0 255 255 0 255 0 255
    234 255 255 0 162 150 255 0 0 0 255 0 0 255 0 255 255 0 0 255 255 0
    71 0 255 0 192 255 0 0 255 0 0 255 255 2 255 0 255 0 120 0 0 255 255
    0 134 255 255 0 153 0 255 205 191 165 0 228 255 0 255 0 255 0 255
    255 164 0 176 0 0 214 255 0 255 255 8 255 0 0 255 186 235 255 0 255
    255 158 0 186 255 125 255 255 0 22 96 39 0 0 255 0 255 0 255 0 255 0
    129 62 0 0 104 0 185 0 0 255 0 122 0 131 255 255 0 0 0 255 0 0 255
    56 255 255 255 0 255 172 255 0 0 255 0 255 255 212 0 255 79 202 255
    0 53 179 240 255 0 214 0 0 0 255 0 255 255 0 49 255 0 255 255 255 0
    235 255 0 255 0 255 0 255 0 255 194 139 119 0 255 0 255 144 0 255 75
    0 0 255 0 255 255 108 255 0 255 172 0 255 0 255 255 255 0 66 255 0
    255 0 0 255 255 0 35 255 0 67 0 0 255 0 0 188 0 0 76 255 0 0 255 0
    255 0 255 0 255 0 255 7 0 0 255 0 255 0 255 0 255 0 0 255 6 0 255 0
    255 255 0 0 0 255 255 0 0 0 116 224 210 0 255 195 0 255 255 255 255
    195 255 0 0 255 0 0 246 0 255 0 255 11 0 0 219 229 0 216 255 38 255
    0 37 201 171 0 255 255 98 0 0 0 255 133 255 0 255 255 70 0 255 255 0
    255 255 0 255 255 0 0 255 176 46 0 255 139 0 255 0 0 0 33 0 197 255
    255 0 255 0 255 255 0 79 253 0 255 255 0 255 0 255 4 0 0 255 255 255
    255 0 255 0 118 255 0 0 255 253 0 255 0 255 0 0 255 182 255 0 0 255
    38 255 0 0 255 0 0 255 0 255 0 0 255 70 255 0 255 255 244 239 255
    255 255 255 147 0 255 0 255 0 255 255 200 0 255 233 121 0 0 255 0
    119 0 255 0 255 0 0 255 0 21 255 255 255 18 0 255 251 0 255 249 54
    110 0 255 255 0 255 0 0 255 255 0 255 0 80 0 0 0 255 255 0 38 255 0
    244 221 255 0 0 255 255 0 255 255 0 95 0 255 181 143 255 0 255 207
    255 0 0 255 0 44 255 255 255 0 0 255 255 255 112 85 0 0 46 154 0 0 0
    255 255 87 191 0 0 255 0 255 0 120 255 0 0 117 0 255 0 255 120 255
    30 32 255 0 255 255 0 255 0 147 255 0 255 255 77 255 0 0 255 235 0
    255 27 255 255 255 0 53 138 255 0 255 0 0 0 0 255 255 0 64 255 0 0
    255 0 255 157 0 78 0 255 255 0 0 0 255 69 255 255 0 255 255 255 96
    255 203 0 0 0 0 255 255 185 0 0 255 0 255 10 134 0 52 255 255 0 0
    147 0 255 0 0 0 143 255 0 18 0 255 0 255 123 0 255 0 255 102 255 255
    232 0 255 0 255 0 255 0 7 0 255 0 255 72 255 0 0 0 0 0 255 0 168 210
    255 0 40 255 255 245 0 0 195 0 255 0 255 255 62 0 0 255 0 228 0 0
    255 255 134 0 163 86 255 0 255 0 202 0 189 255 0 255 0 255 18 127 0
    36 0 1 0 255 255 255 255 22 27 255 0 33 0 255 116 255 0 182 0 255 36
    0 0 255 255 0 0 255 0 242 255 0 255 72 0 23 0 151 255 61 255 0 0 255
    255 255 0 9 0 0 0 0 255 255 0 7 0 61 0 0 133 0 255 255 255 128 255 0
    157 0 255 255 255 0 255 0 255 154 255 0 255 255 0 255 0 0 255 0 139
    0 255 255 0 0 0 255 255 0 0 255 2 0 255 255 0 0 255 255 0 151 0 32
    255 0 255 220 129 86 0 166 0 225 225 224 124 0 255 255 255 8 252 0
    92 255 96 0 255 255 255 0 0 0 91 0 255 0 255 0 255 255 0 255 0 255 0
    255 255 0 72 63 0 0 255 0 198 44 222 255 255 0 233 255 0 0 0 255 255
    0 255 0 0 0 255 24 0 255 0 0 0 255 0 75 127 86 0 255 255 0 0 255 84
    0 255 255 240 0 255 0 0 230 0 0 151 255 255 255 41 0 0 255 73 0 255
    255 0 123 255 0 255 166 255 0 255 0 179 0 244 142 255 0 255 0 0 252
    255 35 55 94 0 255 128 0 255 0 255 0 255 255 255 255 0 0 0 255 0 0
    129 0 255 0 255 255 111 255 0 255 0 80 133 60 0 255 227 255 255 255
    255 255 0 0 255 255 0 0 235 35 0 0 255 255 0 255 0 0 231 255 255 255
    193 255 255 0 0 255 255 0 255 255 0 0 149 255 0 255 0 0 0 21 0 255
    255 242 176 0 0 0 0 0 255 0 255 255 0 255 255 255 0 255 0 0 255 0 0
    255 0 0 237 197 0 171 10 255 249 255 1 10 255 0 255 255 255 0 255 0
    255 0 255 0 0 216 98 255 0 255 0 0 255 0 255 0 255 0 123 255 0 255 0
    255 255 0 0 255 0 185 0 255 0 0 255 158 255 255 0 255 255 142 0 255
    0 0 0 152 0 0 255 0 0 255 0 255 255 0 13 255 255 0 255 255 221 19
    255 83 0 255 255 152 255 255 152 0 0 255 0 255 255 0 20 0 170 0 0
    255 0 255 0 255 245 0 0 255 159 0 0 170 255 148 0 255 181 0 255 0
    255 255 0 0 207 255 227 0 255 170 187 48 255 255 0 255 0 0 179 0 0 0
    107 246 35 0 255 0 255 255 0 255 0 82 255 255 0 255 0 255 63 255 0
    255 0 255 255 5 49 0 255 0 0 0 255 0 0 0 0 0 0 255 0 255 0 176 255
    255 0 217 255 0 0 0 0 72 216 0 0 255 255 0 165 0 111 255 255 0 0 0 0
    255 255 130 255 8 0 255 255 0 255 255 255 0 255 0 255 255 0 255 106
    79 255 0 0 0 0 0 255 255 0 255 69 255 0 255 255 255 142 255 255 0 0
    255 0 103 0 255 0 255 0 0 193 255 0 255 255 97 255 255 0 255 0 255
    205 0 255 148 0 62 0 255 255 0 255 0 136 255 217 0 0 255 255 255 0
    255 0 139 219 160 255 255 0 21 0 0 255 255 21 255 175 255 0 255 255
    9 108 0 120 255 8 0 255 255 0 255 0 85 0 255 0 255 241 0 255 0 255 0
    255 0 182 39 0 251 255 255 0 255 0 0 255 255 0 255 255 19 107 0 255
    0 255 29 0 0 0 255 241 255 0 255 54 52 255 255 0 255 1 0 188 79 0 0
    24 255 0 0 221 255 0 0 255 0 255 255 192 255 0 161 0 45 255 0 78 255
    255 129 57 255 0 0 180 255 222 0 255 255 0 0 4 255 0 255 0 0 255 0 0
    255 0 0 241 33 0 255 255 255 236 0 255 0 255 93 237 199 0 0 55 94 89
    255 255 255 0 255 255 0 223 201 255 0 94 0 255 158 255 113 0 255 0
    255 255 0 0 255 204 0 255 158 0 255 0 255 255 178 255 0 255 0 255
    255 0 209 0 196 255 0 0 255 0 0 0 255 255 0 84 0 0 145 76 28 255 201
    255 0 255 32 76 255 154 0 0 43 0 218 255 255 0 255 16 0 255 0 0 127
    255 255 255 0 67 255 0 255 0 215 137 255 253 255 0 156 0 255 0 0 12
    255 0 0 0 255 255 228 0 255 0 0 255 255 0 255 0 230 0 255 0 210 0
    255 0 202 0 0 255 255 255 255 0 0 17 203 0 255 0 255 0 0 0 255 255
    255 36 0 130 0 255 0 0 0 255 255 0 0 255 0 0 0 205 67 255 0 255 255
    0 0 255 0 255 0 39 0 255 113 0 255 255 0 0 255 0 0 98 255 205 0 255
    251 255 0 255 0 0 255 205 255 255 255 0 255 255 0 0 255 0 255 196
    138 255 0 0 255 255 255 0 0 255 0 0 255 0 255 0 0 0 0 72 255 0 0 0
    255 0 255 99 26 0 167 0 0 0 255 0 255 255 0 255 0 0 255 255 6 0 97
    133 0 244 255 0 179 0 102 0 0 255 255 133 239 214 0 255 0 48 255 0 0
    255 255 0 0 0 255 0 255 0 255 0 255 0 255 0 0 0 255 120 0 255 255 0
    0 0 3 255 0 255 148 255 164 0 186 144 0 0 0 0 0 135 0 255 255 255 40
    0 0 255 255 104 255 15 255 245 255 0 255 0 255 0 255 13 255 0 255 0
    255 255 255 0 0 255 202 255 255 255 0 234 0 255 0 0 255 21 0 0 255 0
    97 0 100 168 0 255 0 255 0 255 255 0 0 255 0 255 0 180 234 255 0 13
    0 255 59 0 0 255 253 255 0 255 0 0 0 210 255 0 0 255 251 255 0 0 255
    0 40 255 180 255 0 47 149 0 0 0 0 0 255 255 255 0 0 0 0 255 0 0 255
    0 255 209 255 0 102 0 255 255 255 0 255 255 255 254 222 255 0 0 255
    255 0 0 0 255 0 73 0 0 143 0 255 0 255 0 0 255 0 0 0 127 255 61 209
    0 255 255 255 123 0 162 0 255 0 255 153 0 230 255 55 255 255 29 255
    0 255 0 255 0 0 255 0 255 0 255 0 96 255 255 0 0 255 0 31 255 0 45 0
    0 255 39 0 255 255 255 0 15 255 0 0 255 201 140 0 121 255 0 255 0 0
    132 255 255 255 255 0 255 255 0 157 255 0 255 0 251 255 0 0 0 255
    255 0 255 255 0 255 255 0 0 90 255 137 0 31 255 0 35 0 0 0 255 0 0 0
    125 255 0 255 255 0 255 255 0 0 255 255 0 95 255 0 0 123 0 120 255 0
    255 0 0 255 255 0 255 255 255 255 255 255 0 24 255 0 55 255 166 0 55
    255 0 107 0 255 0 0 0 255 255 0 0 255 183 0 0 216 0 79 0 255 0 255 0
    255 0 5 255 139 0 185 106 0 25 0 255 255 255 0 255 255 0 0 79 255
    255 255 0 255 0 8 0 255 255 22 0 255 207 0 0 255 255 0 255 0 0 0 149
    248 0 0 255 0 158 255 116 0 0 0 0 255 255 211 195 255 255 232 0 98
    255 0 255 0 105 255 255 255 58 0 255 0 255 0 255 0 255 0 77 0 255 0
    0 246 114 205 0 0 0 255 0 255 255 0 0 255 0 255 243 255 0 148 255 0
    255 119 0 255 0 255 197 0 249 0 255 0 0 255 255 204 255 0 0 101 0
    255 255 81 255 255 0 0 0 255 255 255 255 0 255 255 0 0 0 226 255 0
    255 0 133 0 255 255 0 255 0 0 255 138 255 255 0 255 255 255 255 0
    255 242 255 255 255 0 255 0 255 0 0 255 255 255 0 255 255 255 0 255
    0 0 255 18 113 0 0 255 0 0 255 0 0 255 0 50 0 0 0 255 0 255 0 0 91
    255 0 255 0 0 255 0 109 255 92 255 0 0 0 255 249 255 0 255 0 152 61
    234 255 255 0 255 53 255 0 255 255 255 0 0 255 0 255 128 255 255 47
    255 0 255 255 0 255 255 255 0 0 5 0 183 0 0 255 0 255 0 231 0 0 93 0
    255 0 255 15 255 79 255 0 255 203 0 0 255 0 255 0 255 0 255 255 0
    255 27 0 0 255 255 0 255 255 255 0 0 255 84 0 0 255 255 0 255 255
    255 255 255 0 0 0 255 0 255 0 32 255 89 0 255 0 255 0 255 255 255 0
    0 255 242 255 0 46 0 0 255 0 0 255 0 17 255 0 0 83 0 255 35 255 0 14
    0 255 56 0 0 0 255 126 255 0 0 60 0 255 247 255 144 255 0 0 0 255
    232 255 0 255 0 0 255 0 255 255 255 0 71 235 0 0 0 0 255 0 255 180
    255 255 0 0 0 0 255 195 0 68 0 23 0 255 0 0 0 227 43 0 204 50 255
    255 0 0 0 255 0 154 255 0 255 255 0 255 146 255 181 255 255 178 0
    255 136 255 52 255 255 0 255 166 0 255 0 39 0 236 0 255 255 0 255
    255 80 0 0 0 0 255 0 160 0 0 255 0 255 0 41 255 20 34 0 0 182 0 255
    0 255 0 0 255 144 74 42 255 255 37 0 0 0 255 255 211 0 0 255 255 228
    181 0 255 76 0 255 0 0 255 255 115 203 255 255 0 0 255 255 0 255 143
    114 255 154 255 255 255 255 0 0 146 255 0 101 0 255 97 43 255 0 0
    142 255 0 0 0 255 255 0 0 255 255 0 255 255 163 255 0 255 0 161 255
    255 0 237 255 255 0 255 0 0 0 255 255 0 165 151 209 255 139 0 0 255
    255 191 255 255 140 255 255 255 255 255 255 226 104 0 0 190 151 237
    0 0 255 0 255 255 0 255 0 188 0 255 255 0 255 255 0 0 0 246 0 0 113
    0 255 255 0 181 0 0 0 255 0 0 224 255 0 0 255 0 255 144 255 0 0 255
    30 0 0 255 255 0 255 255 0 56 255 0 0 255 0 255 255 255 207 0 255
    255 0 255 255 0 0 255 103 255 0 255 110 188 255 0 255 208 0 0 0 255
    131 0 255 0 0 162 201 182 0 255 255 0 255 30 255 0 255 0 255 60 0 0
    0 255 255 192 255 0 0 255 0 255 242 120 0 255 0 216 255 255 0 65 0 0
    0 255 0 255 0 255 0 255 0 0 255 0 0 255 0 0 0 255 36 0 24 0 51 0 255
    0 117 255 0 255 255 0 0 0 0 255 24 57 0 255 0 193 0 0 0 226 0 0 136
    0 0 255 19 0 255 255 0 255 48 87 255 67 255 0 0 255 255 255 255 0 0
    255 0 255 255 0 255 0 0 0 255 127 121 255 255 255 0 255 0 0 0 24 30
    0 255 255 0 255 173 0 255 0 255 255 255 0 0 210 255 10 0 255 0 255
    255 0 24 0 255 0 255 0 255 255 0 199 0 0 255 0 0 0 255 0 255 0 255 0
    255 0 116 255 255 255 0 255 60 255 0 0 0 255 255 255 255 0 255 255
    255 0 0 255 11 255 83 0 0 255 148 0 255 255 0 255 0 203 255 0 255 0
    255 255 156 0 255 255 255 0 255 0 255 0 0 255 16 255 221 0 0 0 164
    72 84 72 255 92 0 0 255 255 0 255 0 0 255 227 0 0 255 255 0 0 255 0
    255 255 0 255 0 255 255 0 255 0 255 171 0 255 0 255 255 0 116 0 43
    255 255 107 255 95 255 0 255 255 255 36 255 0 0 0 0 173 255 255 5
    255 0 0 228 0 255 255 138 82 0 255 255 255 14 255 0 23 0 188 255 0 0
    255 255 0 0 0 0 255 0 255 0 240 226 255 0 255 255 0 255 255 255 177
    0 177 255 119 86 255 255 0 255 0 0 0 255 255 0 0 0 0 0 41 255 0 113
    18 71 0 255 135 255 255 0 255 0 0 0 0 255 255 255 255 0 255 0 0 255
    255 0 14 255 255 0 255 255 0 255 0 255 0 255 255 205 0 255 0 255 255
    0 19 0 255 0 0 141 255 0 0 255 255 0 255 0 0 129 255 0 255 0 255 255
    0 0 255 0 0 255 0 0 255 255 0 98 0 166 255 0 250 0 255 185 167 255
    255 0 255 255 0 0 255 200 0 255 255 255 0 0 255 0 255 0 83 51 255
    255 0 150 0 0 255 255 222 255 0 255 0 0 255 255 57 255 0 249 0 96 0
    255 0 255 111 0 255 2 0 255 255 255 58 255 0 0 255 0 255 0 116 166 0
    0 222 255 255 0 255 255 42 255 255 0 255 0 255 255 255 0 255 0 255 0
    255 255 255 0 0 0 0 255 255 255 255 0 255 0 202 255 0 255 255 0 0 0
    0 255 139 255 0 239 0 0 0 165 61 0 255 0 255 255 0 0 255 204 203 255
    255 255 0 255 0 255 255 255 0 125 255 255 255 0 255 255 255 0 255
    255 0 0 0 0 255 230 0 0 85 255 255 0 255 0 255 0 255 0 255 0 255 0
    255 0 0 235 255 0 60 34 112 255 0 255 0 0 222 255 255 0 13 255 255 0
    255 0 255 0 83 0 255 0 255 0 255 0 0 0 16 255 255 0 255 61 255 0 255
    255 0 67 255 0 0 255 0 0 209 0 226 255 0 255 0 0 255 1 0 255 255 0
    135 0 255 0 0 255 255 150 0 242 255 255 0 0 200 56 5 255 255 0 255
    232 0 255 0 255 255 0 255 0 0 255 0 0 0 255 81 160 163 0 185 255 0 0
    255 0 255 92 0 255 0 0 255 255 212 0 255 0 255 250 0 0 255 0 170 255
    197 255 98 255 64 0 255 133 0 255 0 0 255 0 255 255 108 78 0 255 0 0
    131 230 255 0 255 0 0 184 0 0 0 255 0 76 0 143 0 0 255 224 0 0 255 0
    0 250 54 0 137 255 0 141 0 0 255 226 255 255 189 0 0 40 255 39 255 0
    255 30 0 255 136 0 255 0 0 255 72 220 85 0 255 255 255 138 255 43
    185 0 255 0 137 0 255 31 0 255 0 192 255 255 255 255 0 0 203 255 0
    255 0 224 255 0 255 0 250 255 125 0 255 115 255 255 0 255 0 255 0
    255 142 255 0 145 80 0 205 27 0 210 0 255 0 205 0 255 0 255 0 255
    255 0 0 255 194 40 129 244 255 0 255 0 0 0 21 0 0 0 0 255 255 0 255
    0 0 255 255 0 255 0 255 0 255 0 0 255 255 0 9 212 255 106 255 255 0
    255 0 255 183 255 255 0 203 219 255 0 0 255 0 255 0 255 209 0 255 0
    122 170 255 0 0 0 0 255 255 0 255 0 0 255 255 206 133 255 115 255 0
    0 255 255 255 0 223 255 81 210 255 255 48 255 255 255 0 255 0 236 0
    154 0 0 237 255 0 0 255 0 0 0 97 255 0 255 255 0 255 0 77 255 255
    255 0 0 255 255 255 0 0 234 234 255 255 255 0 255 255 0 255 0 0 255
    0 255 0 255 187 255 255 0 255 0 255 255 0 0 255 210 0 255 0 255 0 0
    255 143 255 0 255 0 0 255 0 255 0 0 0 0 255 0 0 0 0 0 255 0 255 255
    0 0 255 0 255 139 255 0 255 0 0 255 255 0 255 255 255 255 255 16 255
    0 105 9 161 168 84 0 255 0 255 0 0 255 255 0 255 0 255 255 0 0 255
    255 0 255 0 255 0 255 255 0 255 0 0 0 255 255 0 255 255 8 255 31 0
    255 0 0 0 255 0 255 0 52 255 36 38 255 255 79 0 255 237 148 0 197 0
    255 255 0 0 0 0 255 0 0 0 255 0 255 0 255 255 0 138 255 0 255 0 0
    255 0 255 59 0 255 255 102 30 0 255 168 255 0 0 255 164 255 255 66 0
    255 214 0 255 126 0 255 255 0 255 0 255 255 255 0 255 0 0 0 0 255
    218 0 61 0 0 255 255 208 0 255 255 0 255 0 255 132 0 255 255 255 0
    255 255 0 0 255 255 0 2 0 114 252 243 255 0 41 255 0 255 255 30 255
    0 0 255 184 255 0 0 180 0 0 101 255 0 255 0 255 0 255 255 0 255 0
    255 0 0 255 0 255 0 255 180 149 244 0 255 0 255 0 0 255 0 138 0 255
    0 0 29 39 231 255 255 255 255 255 255 0 255 173 0 255 129 160 0 255
    0 0 180 0 255 255 0 255 0 255 0 255 255 0 0 255 255 0 255 255 0 0 0
    255 30 255 0 255 0 8 0 255 0 0 0 255 0 0 255 0 0 255 76 255 0 0 255
    0 255 255 0 255 112 0 0 0 255 0 0 255 0 255 255 255 27 255 0 255 255
    0 255 255 0 86 0 255 0 255 255 212 0 0 255 255 0 0 0 255 106 255 0
    121 255 255 255 255 165 255 79 0 0 255 0 255 255 0 0 200 255 255 255
    255 0 0 0 0 255 255 255 201 0 24 255 0 160 0 255 0 0 255 62 255 99
    255 0 99 0 255 0 0 29 0 0 28 165 245 0 255 255 0 0 255 255 0 255 0
    255 174 255 138 134 55 0 255 0 233 255 255 0 0 255 255 0 255 171 255
    0 255 255 255 0 255 225 0 0 0 0 255 0 255 0 0 194 0 255 0 0 0 174
    255 0 255 30 0 255 255 0 255 0 141 0 0 0 255 0 255 53 0 0 144 255 0
    255 255 255 225 0 0 161 0 255 0 255 0 255 0 255 255 255 74 0 255 0
    252 0 182 255 246 80 0 255 0 255 0 255 255 60 66 255 255 0 255 91 0
    255 180 139 0 0 255 255 138 0 43 255 255 0 144 255 255 75 0 255 255
    255 0 255 0 255 255 173 255 255 97 0 255 0 0 0 161 0 255 255 0 0 0
    255 255 0 0 255 0 172 0 0 0 25 0 0 255 255 0 255 255 0 255 0 255 255
    3 255 0 0 0 255 0 255 255 0 245 255 0 255 168 0 255 67 255 0 144 0
    255 255 0 255 0 0 0 255 88 255 255 255 0 0 255 196 0 255 142 161 255
    0 255 0 255 255 255 0 0 71 0 255 255 255 0 0 0 255 68 255 255 223 0
    71 255 0 255 255 0 147 255 0 0 255 255 0 0 45 255 0 255 0 0 0 0 255
    121 255 0 255 255 255 0 255 255 212 160 107 255 229 0 255 0 0 255 0
    0 0 255 255 255 255 0 237 255 139 0 66 255 150 255 146 255 215 0 255
    0 255 0 255 0 113 57 0 255 82 0 255 255 0 0 0 255 246 0 255 209 0
    170 0 0 251 255 0 255 0 255 0 0 255 0 0 0 255 255 216 255 0 248 255
    122 26 0 0 255 0 0 0 197 0 134 0 0 255 0 0 225 79 234 0 0 255 0 190
    255 0 0 0 0 0 0 43 255 255 0 0 0 0 255 0 255 0 255 255 0 190 255 0
    75 255 0 0 255 255 0 255 0 13 255 255 241 29 0 120 44 0 242 255 191
    0 49 255 255 0 0 0 198 0 79 255 0 255 192 255 174 0 255 0 0 0 255
    122 255 212 0 56 0 255 255 0 255 0 0 0 255 0 0 0 255 192 0 255 0 152
    0 0 187 0 255 0 0 255 255 255 0 255 255 218 230 0 0 0 128 255 255 0
    255 0 255 0 0 0 255 0 96 0 243 255 255 214 255 0 0 255 58 255 255 0
    242 0 109 255 216 255 0 255 0 152 255 169 255 89 0 255 24 0 255 0 0
    49 0 137 255 0 0 0 255 255 255 0 121 182 0 255 255 0 232 0 166 255
    255 0 40 0 255 0 255 0 255 120 168 0 255 0 255 0 255 255 75 181 113
    197 0 0 0 255 255 255 0 0 0 236 0 41 255 255 255 255 0 255 217 0 0
    255 255 0 255 97 255 0 0 0 255 255 255 255 255 0 255 97 30 92 255
    255 235 0 251 0 255 0 0 34 255 0 255 134 255 0 255 0 72 255 0 0 220
    0 0 255 223 104 0 255 0 255 0 0 0 255 0 0 255 0 255 255 0 255 255
    255 11 83 8 0 255 0 255 0 255 48 255 255 0 255 0 0 255 0 0 0 199 255
    0 0 255 255 0 255 255 255 0 0 47 171 0 133 255 255 0 195 0 255 106
    163 0 0 255 255 0 255 0 0 255 0 0 0 0 255 255 255 0 255 0 73 70 255
    0 0 0 0 255 0 255 0 0 0 0 255 248 0 0 255 137 255 0 211 0 255 196 0
    255 255 0 255 0 233 255 0 255 0 255 0 255 0 0 255 0 0 255 144 0 255
    27 255 255 255 0 255 0 0 162 0 255 255 75 255 0 108 0 255 0 255 255
    0 114 4 0 255 255 255 0 255 0 0 11 97 255 0 0 143 255 0 100 255 0
    255 38 0 255 255 255 114 161 0 255 255 0 33 0 165 255 0 255 255 0 0
    255 255 0 0 255 0 255 0 0 0 0 229 255 0 255 87 255 255 0 255 0 0 0
    255 0 0 0 93 0 0 255 255 135 255 0 91 0 255 0 255 0 189 163 0 0 80 0
    255 0 0 0 0 255 0 255 0 255 16 255 0 0 255 71 157 255 0 105 255 255
    255 255 255 131 0 0 0 255 0 90 0 255 72 80 200 0 0 0 255 0 0 0 0 0
    255 255 0 255 255 255 255 0 0 255 255 255 164 255 0 0 0 255 246 0 0
    255 0 255 194 0 30 12 64 255 0 255 255 255 23 0 255 46 185 192 17
    255 255 120 58 255 0 0 255 255 255 0 255 255 255 255 255 0 0 0 255
    29 0 60 0 255 255 26 128 255 255 0 74 37 0 255 0 255 0 255 0 74 255
    0 0 255 145 0 255 255 255 255 0 255 255 0 225 0 0 255 32 0 189 94
    255 0 239 255 255 0 108 0 255 255 125 25 0 255 255 0 255 8 0 255 0
    255 0 255 0 255 99 255 60 0 255 255 255 0 255 60 255 96 255 166 0
    255 0 245 255 167 232 28 0 250 255 0 255 152 51 0 0 255 0 255 255
    255 0 0 0 56 255 0 0 255 0 0 41 255 0 0 255 217 0 255 0 255 0 94 255
    255 0 255 0 255 255 0 255 255 0 0 0 0 0 0 0 0 255 255 255 0 0 0 255
    201 0 65 0 116 0 133 214 255 255 255 255 0 255 0 0 255 0 255 127 0 0
    255 255 255 255 0 255 0 255 255 253 255 0 255 0 0 3 0 255 255 241 0
    255 194 255 255 0 0 0 0 0 255 0 0 0 255 0 0 154 0 255 0 255 0 255 0
    59 0 255 0 255 255 0 255 0 0 255 77 255 105 126 119 255 208 31 41 0
    0 81 255 0 62 146 103 0 0 0 255 0 255 255 255 0 219 166 106 255 0
    137 223 0 0 215 255 255 166 255 255 0 255 0 121 148 0 0 255 255 0 66
    255 0 0 97 255 69 255 0 255 0 255 255 255 255 0 255 0 0 0 0 255 255
    255 255 0 255 255 194 140 0 140 0 131 10 255 0 255 255 0 104 236 0
    242 0 255 255 0 0 186 0 255 86 0 100 255 0 255 255 35 255 0 0 255
    121 0 162 255 255 0 0 255 26 0 255 255 169 255 0 255 255 97 255 255
    0 0 255 0 0 255 84 0 255 26 255 255 0 0 255 0 0 255 0 255 0 255 27
    255 0 255 0 255 255 255 255 0 255 255 214 255 0 255 152 178 255 0
    255 0 255 0 248 32 255 0 0 199 0 255 0 255 0 255 0 0 255 194 0 0 255
    0 20 0 0 255 14 0 255 0 0 0 255 167 255 255 255 255 0 69 0 255 0 0 0
    255 255 255 0 39 255 0 78 0 255 0 255 0 0 255 255 255 15 0 255 255 0
    255 255 0 0 0 0 255 123 255 255 131 112 255 0 175 139 0 255 29 0 245
    0 255 0 255 0 8 0 255 255 0 255 0 0 255 0 255 0 0 0 150 255 0 255
    255 0 255 255 244 0 0 255 0 255 255 0 0 27 0 0 255 255 36 0 0 255 0
    0 255 255 190 255 131 188 0 0 255 0 0 255 255 255 0 0 0 0 255 255 0
    52 255 0 255 171 0 0 155 255 0 0 0 0 0 255 0 255 255 0 33 255 255 0
    0 255 255 0 0 227 216 0 255 28 255 0 0 255 255 255 0 255 255 154 191
    255 70 0 0 255 0 255 0 255 255 0 0 0 224 0 255 255 0 255 0 0 255 0 0
    255 103 255 0 255 255 255 0 255 0 255 0 3 36 209 255 0 255 0 0 0 0
    183 255 148 255 255 0 255 0 255 165 255 255 0 0 159 0 255 0 255 0
    255 0 255 255 0 255 0 0 255 255 255 0 0 127 203 0 255 49 255 0 91
    255 0 0 255 0 0 255 255 0 255 0 124 255 162 162 255 0 255 255 255
    255 255 151 209 255 255 169 255 93 98 255 0 0 255 0 255 0 0 255 255
    0 255 0 0 0 0 255 0 255 255 255 251 0 255 0 0 255 0 255 0 100 0 0 0
    255 0 255 0 58 255 255 0 255 6 255 141 255 0 0 0 0 255 0 174 0 0 255
    255 255 0 0 70 255 255 0 255 136 0 0 255 0 255 0 237 78 139 255 176
    255 0 255 0 255 255 255 0 208 0 48 111 255 255 0 255 255 255 0 0 150
    0 255 255 0 0 255 255 255 255 255 255 0 0 255 212 255 255 0 255 127
    255 255 0 253 0 0 255 196 0 0 63 255 45 0 255 0 255 0 255 255 255 0
    255 255 0 204 0 240 0 255 255 0 79 255 255 142 0 85 255 255 0 255 0
    255 82 255 255 255 2 94 255 126 0 255 0 255 255 92 0 0 255 0 18 104
    154 223 87 0 255 0 183 255 0 255 255 0 255 0 104 0 164 255 255 17
    255 255 125 255 0 255 155 0 255 0 0 255 255 0 255 0 0 255 215 0 0
    255 255 0 255 255 67 255 0 67 255 0 149 255 255 27 0 0 255 0 255 0 0
    0 0 255 48 0 255 0 255 0 11 0 255 0 255 255 0 0 255 0 0 255 0 255
    123 255 255 0 255 0 0 86 255 0 0 255 149 255 0 0 255 0 255 255 0 255
    242 0 255 255 0 0 0 105 255 0 255 0 255 255 142 0 0 255 0 255 255
    255 0 255 255 0 255 212 0 255 255 0 255 255 255 0 0 255 255 255 255
    255 0 0 255 48 255 0 29 255 123 228 255 255 148 0 255 0 0 255 0 255
    0 0 255 0 0 255 255 214 0 255 255 127 0 0 255 0 255 0 0 255 0 255 81
    0 178 204 0 255 0 0 126 0 255 0 0 255 0 255 0 255 33 255 0 255 0 0
    255 255 255 0 0 0 190 0 255 0 255 0 255 255 0 0 0 255 255 56 255 0
    255 255 0 0 255 255 164 255 255 255 0 255 255 0 255 0 0 255 255 0
    255 0 244 0 7 0 0 119 255 19 102 0 0 255 255 0 255 255 255 0 255 0 0
    0 197 255 255 89 255 0 13 255 93 0 0 0 36 255 0 255 8 217 0 200 255
    0 255 0 0 0 0 255 0 0 255 0 255 255 12 0 255 0 255 255 255 0 0 0 213
    0 255 255 0 0 255 0 255 255 0 80 255 0 185 0 169 216 0 255 255 0 255
    0 7 255 255 109 0 0 71 255 0 255 0 0 255 0 221 0 0 255 0 0 255 222
    255 0 80 0 255 0 0 0 255 0 255 0 0 255 0 82 248 0 255 0 255 255 0
    255 255 0 62 255 255 0 255 0 255 0 174 243 255 96 0 197 255 255 0 0
    0 0 255 34 0 203 0 255 215 0 100 255 0 255 255 255 0 255 0 255 0 255
    255 255 0 255 115 0 255 0 255 0 255 255 0 0 255 0 148 0 0 255 0 0 0
    255 0 0 255 0 47 0 100 255 255 255 0 255 0 255 31 0 255 255 112 66
    76 255 0 0 45 0 255 0 21 161 255 0 0 0 255 0 0 172 0 110 255 0 121 0
    255 63 59 255 0 0 255 179 188 255 0 21 211 0 255 0 0 255 141 255 207
    0 0 255 0 0 0 255 0 255 255 255 255 0 0 0 0 255 0 255 0 71 255 206
    255 0 74 0 0 255 0 255 255 0 0 106 255 108 255 0 255 255 0 0 0 0 214
    255 0 255 0 255 0 255 255 255 0 255 0 255 0 255 186 0 149 255 150 0
    0 255 0 208 255 0 255 62 0 0 255 100 0 255 0 255 0 255 0 0 0 255 0
    255 236 255 255 255 255 0 0 0 0 255 0 255 184 0 255 0 255 255 0 47
    255 0 255 255 192 0 242 255 255 0 255 0 255 0 0 255 0 255 16 255 0
    255 0 0 255 0 29 0 255 255 144 51 0 126 251 169 0 255 0 255 74 255 0
    243 255 0 255 0 255 0 173 255 255 0 0 143 216 9 0 255 255 0 255 255
    255 126 0 94 255 169 0 255 255 255 185 131 255 0 255 0 0 0 255 0 255
    9 255 0 0 255 255 196 0 0 0 255 0 0 255 0 255 0 255 0 255 0 0 0 0
    124 0 0 255 0 0 255 255 0 255 255 0 255 0 212 0 255 79 0 255 0 97
    234 0 0 135 255 255 0 0 255 255 0 48 255 0 27 0 255 0 255 255 0 255
    204 255 4 0 255 0 255 56 255 255 73 255 255 0 255 255 0 255 255 255
    255 0 0 0 255 0 255 0 0 255 255 43 132 255 0 0 255 173 255 0 255 255
    0 255 0 255 115 162 233 255 193 255 221 255 0 255 0 255 0 119 0 255
    255 255 0 0 255 0 255 0 0 255 0 0 255 0 0 233 133 255 0 255 0 0 2 0
    0 0 255 219 255 195 0 0 255 0 141 0 255 210 0 255 255 0 0 255 0 0
    255 0 0 0 255 0 207 38 215 255 0 0 238 255 0 255 0 0 0 0 255 0 255 0
    255 0 255 255 0 0 254 255 0 255 0 255 0 255 0 95 0 98 255 0 255 255
    0 255 255 0 0 0 255 0 0 0 255 0 255 0 255 255 255 126 147 255 0 65 0
    255 255 0 210 0 255 255 255 0 255 255 0 255 255 0 76 0 237 255 0 255
    255 0 255 0 255 0 0 255 78 162 0 0 255 0 233 255 112 136 255 255 0
    59 71 40 0 255 0 0 255 255 0 231 0 255 214 255 0 0 255 255 0 255 0
    255 161 0 255 0 255 0 255 255 0 255 185 0 175 133 255 0 255 0 255
    255 0 0 0 0 255 0 0 255 0 0 0 255 255 0 255 0 0 255 255 0 64 255 255
    255 0 0 255 0 255 237 0 255 0 255 0 0 0 255 255 0 255 0 255 0 255 0
    0 169 255 0 0 226 255 255 255 0 168 0 255 255 0 255 0 255 255 255 0
    255 255 0 255 191 82 0 255 0 124 255 0 255 225 0 0 255 0 91 255 255
    0 0 0 0 255 0 255 0 0 22 255 0 0 255 0 255 255 0 255 60 0 41 0 255
    255 255 255 0 0 0 255 255 255 0 255 0 0 255 0 68 255 0 0 255 0 255
    255 200 0 255 0 255 255 255 119 255 0 255 0 0 255 75 0 252 255 0 3 0
    255 0 255 0 241 0 0 255 255 255 0 0 255 192 255 255 0 255 70 40 0
    255 97 255 59 0 28 20 0 255 255 0 12 29 0 255 255 57 203 255 0 255
    203 0 0 255 0 255 235 255 0 75 255 0 0 255 255 255 0 255 255 255 255
    236 0 0 255 0 255 100 0 0 255 255 229 255 185 255 0 127 0 255 0 194
    220 255 1 0 61 255 0 108 0 0 126 255 0 255 211 0 255 255 0 255 0 255
    255 43 111 255 255 255 0 255 155 255 255 0 255 177 247 91 41 70 0
    255 0 255 37 255 0 85 189 126 255 44 98 0 0 255 0 0 255 0 0 255 0
    255 255 50 255 0 255 0 255 255 0 44 255 64 0 255 0 0 0 255 0 0 0 255
    0 255 0 0 0 255 0 0 255 0 71 236 0 0 196 255 0 255 255 0 255 255 255
    255 255 255 0 255 0 255 255 0 255 255 0 255 0 255 0 23 255 0 255 0
    255 0 19 255 0 255 255 255 0 255 255 0 255 255 0 213 255 0 17 0 255
    124 0 247 255 255 0 255 0 255 0 0 255 255 0 0 255 255 0 255 0 0 255
    0 255 101 255 236 255 255 0 242 73 255 0 255 0 0 255 124 255 0 0 0 0
    0 0 33 255 255 255 0 0 255 255 98 0 242 0 30 0 172 87 255 144 255 0
    255 0 255 141 0 255 0 0 141 255 0 255 0 255 0 0 128 152 0 255 0 0
    242 0 255 255 116 0 255 255 0 13 0 52 255 0 255 0 0 255 255 0 255
    255 0 255 0 75 0 255 0 0 0 255 0 255 0 255 0 255 0 81 0 84 255 0 247
    255 255 0 90 2 255 255 0 255 0 0 0 255 255 0 255 0 0 255 0 0 66 190
    255 255 255 0 255 52 0 250 255 255 255 0 255 0 0 0 69 0 190 0 0 1 0
    0 255 12 255 255 255 255 0 255 0 146 255 0 100 0 255 255 0 255 0 219
    141 0 255 171 0 0 0 0 0 255 255 255 0 0 0 0 0 255 0 255 0 0 55 0 0
    255 0 137 63 0 255 102 0 0 0 255 255 0 255 0 0 255 255 255 0 255 255
    0 148 0 255 0 170 60 255 0 255 0 255 0 0 0 0 255 255 0 0 255 0 255
    255 0 255 0 0 255 0 0 255 0 255 0 255 0 255 190 255 255 0 255 0 255
    0 0 255 0 255 0 255 255 166 255 0 255 0 0 255 0 34 0 0 255 107 255 0
    119 0 255 0 243 255 0 0 255 0 14 50 0 255 108 255 255 0 0 255 0 255
    255 0 0 255 0 255 255 0 255 0 161 0 255 0 255 0 255 0 255 0 255 0
    255 0 255 0 0 0 255 0 255 0 255 255 255 0 212 255 0 255 0 255 0 0
    255 255 0 18 38 0 255 255 0 0 0 255 14 5 221 255 255 255 255 52 255
    0 255 78 0 102 0 45 5 0 255 0 72 213 255 139 0 255 0 0 255 0 94 0
    255 0 255 93 255 255 255 0 255 0 0 255 0 18 0 0 0 167 0 255 0 201
    255 0 255 17 0 255 0 255 255 36 255 0 111 255 246 255 255 0 125 255
    0 255 255 0 104 255 49 255 255 0 255 255 191 0 0 255 255 0 210 255
    73 0 255 0 0 0 64 255 0 255 255 0 53 144 0 0 224 0 0 57 255 255 0 0
    108 38 3 0 255 0 255 255 37 0 255 0 72 255 0 255 201 255 62 255 0
    255 255 0 0 255 20 0 255 0 0 0 255 0 0 253 0 255 255 0 255 0 0 255 0
    255 0 0 0 0 255 255 237 246 255 99 0 255 0 255 0 255 255 255 0 0 255
    0 0 255 255 0 0 255 0 0 239 255 177 255 0 0 255 230 0 255 85 255 0
    238 0 255 153 255 240 175 255 236 0 255 0 255 0 0 255 255 255 255 0
    178 0 255 0 52 255 0 0 255 132 22 255 0 255 117 255 0 255 0 255 84 0
    255 54 255 255 45 255 255 0 255 0 255 0 255 255 0 0 255 95 70 0 0
    255 0 0 255 0 255 217 0 0 255 255 0 255 0 255 198 255 0 255 0 255 0
    0 255 0 255 255 232 255 0 44 0 255 0 153 132 255 255 24 255 255 164
    0 0 255 0 255 149 0 0 255 255 255 255 0 149 177 255 255 0 255 0 0
    255 255 0 0 196 0 0 255 0 0 0 255 255 0 255 255 255 0 0 255 46 218
    255 0 231 255 0 0 255 116 0 255 251 0 0 255 0 255 0 255 255 0 255
    255 255 0 0 0 255 73 0 0 255 19 219 58 255 0 111 0 0 255 0 255 255
    255 78 255 70 122 255 255 255 255 255 255 0 0 255 28 255 0 0 255 0
    255 0 255 0 255 0 0 0 255 10 0 165 255 255 255 0 255 0 203 255 0 208
    0 0 0 255 0 255 255 0 255 0 255 78 0 250 0 80 0 75 255 0 255 0 255 0
    255 255 0 255 0 255 44 99 241 0 0 255 0 255 167 0 82 0 255 255 255 0
    154 86 255 0 255 0 255 0 229 255 255 0 0 255 0 255 0 255 255 255 0
    255 0 183 0 0 255 0 255 0 0 0 0 255 0 0 255 255 0 255 0 255 0 255 24
    255 59 0 186 255 0 162 0 255 0 255 200 255 19 235 0 255 0 255 255 0
    0 255 255 0 0 0 242 0 255 0 0 0 255 0 255 255 235 245 240 255 16 20
    255 0 255 0 255 0 255 255 0 164 0 255 0 255 111 255 0 255 0 255 54
    89 0 0 255 0 33 0 255 206 0 0 255 0 255 0 0 46 255 0 208 0 0 0 0 255
    191 255 0 255 255 0 0 206 0 255 255 0 255 255 70 115 255 240 0 0 255
    255 0 0 101 255 0 255 255 0 0 255 0 255 0 255 0 0 0 0 255 0 255 0
    255 255 255 255 0 0 255 255 0 255 0 255 255 0 0 255 255 0 112 253 0
    0 0 0 255 255 0 255 0 0 255 66 202 255 26 0 255 0 255 255 0 57 255 0
    255 107 255 0 255 255 0 154 255 0 255 44 0 0 255 0 0 255 255 175 196
    83 255 0 167 0 255 255 0 255 139 255 0 255 0 130 0 146 255 129 0 0
    129 0 125 0 255 222 255 0 0 0 44 0 255 0 0 255 138 255 0 255 111 0
    245 255 255 255 255 255 0 255 154 0 255 58 255 114 192 0 255 255 255
    0 211 0 73 0 255 255 72 255 0 255 0 0 255 0 0 255 0 37 0 173 255 177
    0 255 29 0 255 255 0 255 0 255 0 46 0 255 0 255 0 255 211 0 232 255
    0 0 0 255 255 0 0 254 255 255 255 82 0 0 255 0 233 255 0 124 0 0 195
    102 255 149 0 255 0 65 209 0 0 255 0 255 255 255 255 77 0 0 255 0 0
    255 255 255 255 0 148 255 0 225 160 0 255 0 0 0 255 0 255 255 211 0
    255 0 255 26 0 0 0 255 36 255 255 255 255 0 227 0 255 0 0 81 255 0
    255 255 0 255 255 255 0 18 255 97 0 19 255 255 0 215 205 255 87 255
    0 0 53 0 255 0 255 24 221 159 255 255 255 0 255 255 0 255 0 0 255
    140 0 0 0 255 255 0 255 255 255 255 96 255 255 0 0 0 0 255 0 0 255 0
    115 0 0 0 255 0 255 0 255 255 0 0 255 0 255 2 65 255 255 255 125 65
    0 255 0 255 47 255 0 255 0 0 255 0 255 255 0 0 0 255 0 42 255 0 0 0
    143 0 255 255 111 0 255 255 0 193 255 255 0 0 255 0 255 255 0 0 255
    0 255 255 255 255 0 255 37 255 255 0 0 154 0 255 0 255 89 255 255 0
    255 255 0 104 175 255 255 0 255 255 0 255 0 173 255 0 55 0 255 255
    87 0 255 111 136 255 253 254 77 255 0 255 0 255 255 0 0 255 0 204 0
    255 255 215 0 255 190 138 255 255 0 118 255 255 0 255 0 255 37 2 255
    0 0 255 0 0 255 0 255 252 0 50 0 255 255 0 0 0 0 255 0 255 0 255 161
    0 255 119 255 127 0 255 0 255 0 255 160 255 0 255 0 255 57 98 0 255
    0 137 101 255 0 0 0 0 255 0 0 255 0 255 255 0 0 0 255 255 219 255
    255 255 255 0 0 156 0 255 255 0 255 0 232 0 0 94 255 14 93 54 255
    255 0 255 53 0 0 255 45 255 0 177 231 255 244 0 255 255 255 255 255
    255 0 0 124 0 255 144 0 61 175 255 255 109 255 255 0 0 0 0 19 255 0
    144 0 0 0 0 0 255 47 255 0 0 0 255 0 255 255 0 0 255 55 0 255 0 76
    255 0 0 255 0 3 7 178 0 0 173 0 255 0 255 10 255 255 144 255 0 255 0
    0 0 255 0 0 255 0 255 0 255 37 255 255 0 58 0 50 0 0 255 255 0 255
    255 157 255 0 255 0 0 255 166 0 255 201 21 0 0 0 255 0 0 137 255 0 0
    60 117 0 255 255 255 0 255 255 0 5 255 0 0 0 0 255 51 18 255 153 255
    255 0 255 255 255 30 255 14 0 0 0 255 0 158 255 255 0 0 255 0 159 0
    255 0 255 255 0 255 255 0 255 0 255 0 4 160 255 33 255 183 0 0 255
    13 255 255 0 0 0 255 255 255 0 0 255 0 255 71 0 255 0 255 255 129 0
    255 242 0 255 0 0 0 255 0 255 0 210 0 255 255 0 0 229 255 0 0 255
    255 0 255 67 255 0 255 30 255 0 172 0 0 255 0 255 0 255 0 172 0 255
    255 255 155 0 255 0 0 255 0 156 0 0 255 0 255 0 255 63 0 0 255 0 255
    0 0 255 0 255 189 0 0 255 255 143 120 255 230 53 0 38 0 255 0 239 0
    255 0 255 255 255 0 235 255 231 255 0 255 0 255 218 0 255 255 0 255
    0 0 255 0 255 0 0 0 255 0 0 255 0 222 255 0 255 0 140 0 94 0 255 255
    255 0 194 255 0 255 0 255 0 56 110 0 214 255 0 0 255 0 255 0 255 0
    255 0 255 255 0 255 255 0 255 255 0 0 255 255 0 255 0 255 0 0 255
    255 0 255 255 0 175 255 0 0 26 0 255 0 0 192 0 0 0 0 0 11 0 255 255
    0 0 0 190 0 255 0 0 255 0 255 0 26 255 90 0 0 224 0 255 137 0 255 0
    25 255 0 255 224 45 255 255 255 219 172 0 255 0 30 255 252 0 255 0
    66 47 255 0 255 0 171 255 2 161 0 255 0 255 0 255 255 255 255 0 255
    0 255 0 255 124 255 27 0 255 255 188 94 0 0 209 255 255 255 34 0 0
    244 255 146 221 0 0 230 0 255 131 0 0 255 0 209 0 168 255 70 255 255
    21 254 255 255 0 255 141 0 255 0 4 255 0 255 0 0 0 0 104 255 0 255 0
    255 204 0 255 0 29 220 255 255 0 255 0 255 255 255 0 255 0 0 232 46
    158 0 57 108 255 0 0 22 151 255 255 0 255 0 255 0 0 255 255 0 255
    255 0 122 0 255 255 115 4 255 255 255 0 255 0 0 255 255 0 0 64 0 255
    0 255 255 255 0 255 255 106 255 93 255 255 255 243 255 0 255 215 255
    255 255 0 0 64 255 0 255 0 65 255 77 255 255 255 0 0 255 0 0 255 0 0
    0 202 255 0 0 0 165 255 0 255 30 255 0 255 255 255 255 0 255 0 255
    255 184 0 255 0 0 255 186 0 255 92 255 0 255 255 255 0 0 8 0 255 255
    255 242 0 255 0 0 0 123 0 255 0 255 0 0 255 255 49 44 255 0 255 255
    0 0 231 0 255 0 142 0 255 0 0 0 162 255 0 0 255 0 0 0 128 255 0 255
    0 255 255 0 255 91 255 0 106 255 0 0 255 0 0 255 110 255 0 255 0 214
    255 0 255 255 0 0 255 255 255 255 0 28 0 0 0 255 255 67 0 255 255 0
    0 255 0 255 0 0 224 161 255 113 255 255 213 0 255 0 255 0 129 0 0
    255 0 0 0 208 203 0 255 0 247 4 0 255 255 0 0 255 0 177 255 0 255
    125 255 169 255 0 255 190 0 0 255 255 255 0 0 255 0 0 0 0 255 0 0
    255 0 255 0 255 255 172 167 44 255 0 196 255 176 255 102 12 0 79 0
    255 72 122 0 255 152 173 0 0 255 0 255 0 0 255 168 131 255 0 255 0
    255 0 0 255 255 0 0 0 255 0 0 227 255 4 118 34 255 97 255 0 255 0
    255 64 255 0 255 255 0 255 0 255 0 226 236 0 255 0 0 255 255 0 108
    255 0 101 0 171 255 0 255 38 116 0 255 255 0 255 0 15 0 252 0 181
    255 0 255 32 255 0 0 58 255 255 0 255 187 0 171 0 255 255 0 243 255
    0 255 255 0 255 0 255 255 255 0 41 255 0 0 255 255 57 0 0 247 0 255
    97 0 255 165 0 255 0 255 255 194 0 170 0 255 0 0 0 255 0 255 255 0
    114 255 0 255 0 0 0 157 255 0 179 255 255 255 255 0 0 160 0 76 255 0
    215 0 255 109 255 255 235 0 255 0 0 255 255 0 0 255 107 0 255 0 255
    255 255 255 160 255 0 255 255 255 0 255 0 255 0 255 255 255 255 0
    255 0 0 255 0 76 255 0 254 255 255 255 255 113 0 255 0 255 255 160
    106 255 255 0 255 0 255 200 51 0 255 0 210 255 255 110 0 255 0 255 0
    255 0 255 255 88 0 255 214 14 161 255 0 0 255 0 255 225 255 0 0 255
    255 0 255 33 0 255 185 0 255 160 255 32 255 0 255 255 45 0 255 0 0
    255 255 0 255 0 255 9 255 0 12 251 255 0 0 255 0 255 0 255 0 255 0 0
    0 255 255 255 255 255 0 255 0 0 255 21 255 255 0 255 255 35 255 255
    0 255 0 255 255 255 255 0 255 0 255 255 0 0 0 0 255 0 18 0 255 255
    90 0 51 255 0 0 255 0 0 22 255 255 255 0 255 255 255 255 255 0 255
    255 27 0 215 110 255 0 255 249 255 0 255 0 0 255 0 255 255 0 255 255
    255 255 0 255 255 0 255 0 255 0 255 255 0 255 0 255 226 255 0 255
    114 114 0 255 255 255 0 0 255 255 0 255 255 157 0 0 0 255 0 255 255
    0 255 255 0 255 49 0 0 0 255 255 0 0 0 255 0 194 226 0 255 255 0 0 0
    255 255 255 0 234 255 77 255 0 130 255 230 0 255 0 255 0 255 0 255 0
    255 0 0 255 0 129 0 255 0 255 0 255 24 0 255 255 38 0 255 255 255 0
    209 186 0 0 255 159 58 255 0 255 255 0 255 0 255 255 255 0 255 0 59
    255 178 255 255 206 0 169 255 0 0 227 0 255 0 0 0 255 0 91 255 0 0 1
    189 0 255 255 0 255 134 255 0 255 0 255 0 0 94 0 255 0 236 255 255
    15 255 0 70 0 255 0 255 255 0 255 0 255 255 0 42 106 255 0 255 11
    255 2 0 0 0 255 0 255 148 0 189 255 0 255 0 255 255 0 0 0 255 255 59
    203 255 171 255 165 255 0 255 0 0 0 255 255 143 0 70 255 0 115 255
    255 255 255 180 0 0 158 255 208 255 0 255 0 99 0 67 0 0 0 255 0 255
    0 0 125 0 255 0 0 255 0 108 255 255 0 0 0 255 137 255 57 255 0 255 0
    255 0 0 0 255 255 136 0 255 121 255 0 0 0 0 255 255 30 192 27 0 255
    98 255 0 70 255 0 255 217 176 255 255 108 0 0 150 255 255 156 0 0
    111 255 0 216 255 255 176 255 0 255 255 0 142 255 255 0 255 6 0 245
    255 0 255 131 255 0 255 85 0 0 0 255 0 255 255 0 255 0 255 0 255 0 0
    255 255 0 255 0 0 177 255 0 196 255 0 0 255 255 0 255 0 255 36 0 0
    255 255 0 255 0 226 0 255 0 0 255 0 255 0 221 0 0 0 0 240 255 0 76
    76 0 0 59 255 69 196 0 255 224 118 126 255 0 0 255 0 0 0 255 255 0 0
    0 255 0 0 0 255 255 74 255 0 255 0 255 0 255 0 0 255 255 255 255 255
    167 0 183 255 255 0 255 0 255 255 0 255 0 210 0 117 234 0 255 158 53
    0 0 255 167 0 0 0 21 0 255 0 255 0 0 0 0 0 0 0 255 255 34 0 255 0
    255 0 255 0 0 255 255 43 255 0 40 14 255 0 255 0 21 255 0 0 255 0
    255 0 21 0 255 0 255 180 218 255 255 0 0 255 255 0 255 0 0 229 131 0
    0 255 255 255 0 0 0 0 255 0 255 255 0 255 0 0 255 0 255 9 255 0 255
    0 0 255 255 255 0 0 0 0 255 0 0 255 0 251 0 255 0 225 255 0 255 0
    255 0 255 0 255 231 0 105 255 0 0 0 255 0 255 255 0 108 255 255 0
    255 255 70 172 0 255 22 0 0 94 0 255 255 0 255 255 0 0 255 0 255 255
    165 255 255 89 0 0 255 255 255 103 0 0 255 158 255 188 255 255 255 0
    0 0 144 0 255 255 0 0 255 6 0 72 255 255 45 248 0 255 255 0 255 0 0
    255 0 254 117 230 255 0 0 255 0 255 255 255 255 0 255 0 0 116 198
    255 57 255 255 200 255 0 0 96 0 255 0 255 0 0 46 255 0 255 0 0 255 0
    0 255 0 255 255 87 0 255 195 0 0 0 0 0 89 255 0 255 255 194 255 0
    255 255 0 255 255 0 255 255 0 0 0 150 255 0 255 155 0 0 162 0 255 59
    0 255 255 255 0 0 255 0 246 0 0 255 255 0 255 255 242 207 0 255 255
    0 0 255 0 153 255 0 0 255 0 0 255 255 0 199 0 0 0 161 0 255 0 0 255
    0 255 255 65 255 255 67 0 0 0 0 255 255 255 0 255 0 0 8 0 255 255
    133 255 0 0 255 0 0 255 255 0 255 36 0 255 0 255 0 255 255 121 0 251
    0 189 0 255 255 0 15 0 0 255 255 255 0 222 255 0 255 0 121 255 171
    49 255 0 255 0 18 0 255 255 0 255 0 33 255 255 0 0 0 102 106 0 146
    255 255 0 0 162 255 0 255 0 255 0 255 255 255 255 255 0 0 0 0 255
    255 0 135 255 255 0 255 0 0 255 0 0 255 0 255 0 255 191 99 208 255 0
    255 251 0 255 0 0 0 0 255 255 255 0 255 0 0 255 255 0 0 0 110 255
    255 222 0 255 0 255 255 207 0 255 0 255 0 255 255 255 255 0 255 0 0
    0 255 157 0 255 255 255 0 255 0 255 255 0 255 0 0 255 0 156 255 31
    120 255 0 255 255 255 201 255 255 255 0 255 255 255 0 255 10 0 201 0
    24 187 0 255 255 0 255 255 0 159 255 0 172 142 255 14 0 255 255 255
    0 255 0 255 255 215 0 164 255 112 198 255 255 0 255 140 255 0 0 255
    0 255 0 255 0 255 0 255 255 0 255 255 255 0 0 0 255 255 255 255 0
    255 0 0 255 0 66 0 0 0 255 0 0 0 31 255 0 255 255 0 255 255 0 0 0
    255 0 255 0 0 255 230 231 255 255 0 255 255 118 0 255 255 0 255 255
    94 255 0 0 255 0 255 0 162 146 255 97 0 255 0 0 193 216 0 255 0 0
    255 0 0 0 255 0 0 255 0 92 0 255 255 0 0 0 0 0 102 255 0 255 0 93
    105 255 255 0 255 255 255 135 255 0 255 206 99 255 255 50 255 191 0
    0 255 0 0 35 0 255 0 197 255 0 0 0 98 0 1 255 26 159 255 255 0 255 0
    255 24 255 146 113 0 0 255 255 255 0 0 255 90 0 167 0 255 0 255 255
    0 0 255 255 0 0 0 255 37 149 255 255 255 0 255 255 255 248 255 135
    255 0 243 255 248 0 255 255 0 255 37 255 0 0 0 255 255 0 255 255 0
    255 0 255 0 0 255 255 0 102 0 191 0 255 0 0 0 255 255 0 0 28 0 255
    255 0 0 255 0 255 0 200 0 255 255 255 113 0 255 0 255 0 0 0 255 247
    0 0 97 255 0 255 0 255 109 0 255 255 0 157 0 255 0 255 0 0 0 0 255
    255 255 0 0 0 255 181 0 255 0 0 0 255 0 255 0 255 255 0 148 191 255
    0 255 255 0 0 255 255 0 178 255 193 255 0 236 0 255 0 255 255 115 25
    98 255 255 0 255 0 255 61 0 81 0 255 166 255 0 255 0 98 0 255 0 0 0
    255 22 0 255 0 255 255 0 255 255 0 255 0 255 0 255 74 0 255 0 255 0
    0 0 255 0 255 255 0 255 112 0 183 0 248 24 255 0 255 0 255 0 0 119 0
    0 255 0 255 0 255 0 255 52 0 0 145 255 255 38 0 0 255 0 255 194 246
    0 0 0 255 255 0 255 0 103 255 255 0 255 5 0 60 0 178 0 164 194 255
    255 0 255 0 44 255 0 255 0 0 255 255 0 255 255 0 0 255 0 255 0 0 0
    75 255 255 0 0 0 255 0 255 0 255 0 201 255 255 0 255 155 255 36 255
    0 255 255 0 255 255 96 171 255 0 0 255 255 255 255 0 255 0 0 98 255
    0 255 0 255 0 0 255 0 255 255 255 0 0 255 255 0 0 133 241 0 255 0
    255 255 0 255 255 194 255 0 255 0 0 255 255 255 0 0 255 255 255 73
    255 0 0 255 255 7 0 0 0 255 255 140 255 0 0 0 255 0 0 255 255 0 0
    255 0 0 255 0 255 0 255 0 255 0 255 255 100 255 0 152 255 0 255 255
    255 5 255 255 225 255 0 255 0 255 0 255 255 0 0 255 0 0 172 0 0 30
    255 0 113 255 255 0 0 255 255 0 0 199 255 255 0 255 255 0 0 255 0
    253 53 255 0 164 255 0 0 0 33 255 0 255 0 255 255 0 255 255 0 255
    255 0 141 108 156 255 255 0 198 255 0 245 0 0 5 255 0 255 0 255 255
    255 0 0 0 255 0 211 0 0 255 0 255 163 255 255 245 0 255 99 255 0 255
    0 255 58 0 255 0 255 0 255 0 255 255 255 0 0 255 81 0 255 255 0 181
    255 0 146 255 0 67 110 0 255 255 255 255 255 209 255 0 255 0 2 44 0
    0 0 255 0 255 0 255 0 255 255 0 255 0 0 0 0 11 255 255 0 255 20 255
    0 0 255 0 255 0 0 255 0 239 24 73 255 0 255 255 0 255 0 0 87 255 0 0
    255 0 0 255 255 255 0 0 0 217 255 0 0 255 0 255 240 96 255 255 203 0
    0 255 255 0 255 0 73 255 112 0 255 0 255 223 255 255 241 149 255 0
    255 255 255 0 0 0 255 0 255 0 0 255 45 0 187 184 0 135 171 0 255 0
    255 0 255 255 211 0 46 255 0 255 0 255 235 0 255 255 0 255 0 255 0 0
    255 255 86 255 5 0 255 255 0 255 0 156 255 0 0 0 255 0 230 50 155 0
    255 133 1 0 255 0 255 255 138 0 255 255 255 0 255 0 255 0 255 0 78
    255 0 224 255 230 0 0 190 255 0 255 242 0 0 0 255 255 0 255 255 0
    147 255 255 0 255 0 193 255 60 255 255 255 0 255 44 255 0 204 0 255
    74 191 255 19 0 255 255 0 255 0 255 0 50 255 0 0 255 255 0 0 82 255
    0 255 223 255 0 0 61 0 0 255 255 0 0 255 0 255 255 0 255 0 255 0 255
    160 0 255 46 0 255 255 255 89 255 255 255 0 255 0 255 50 56 255 0
    255 0 255 0 0 86 0 0 255 0 255 0 252 255 0 0 33 141 0 255 0 255 255
    39 0 66 0 255 89 255 255 112 0 255 0 255 0 68 9 0 163 0 255 0 0 0
    255 0 255 0 241 0 255 255 203 255 255 0 0 115 0 255 0 126 0 0 255
    255 255 255 0 72 255 255 0 255 0 0 255 255 0 255 255 0 0 0 0 14 36 0
    255 0 0 255 212 0 224 78 0 41 0 255 0 0 255 255 0 0 0 255 0 0 255 0
    0 0 255 0 255 255 0 63 255 0 255 43 255 0 177 255 255 70 255 255 0
    255 18 0 83 0 0 255 189 0 255 255 0 0 255 255 0 255 255 255 137 0
    255 5 20 255 244 0 255 255 255 0 0 255 0 0 255 93 0 0 255 255 0 255
    0 255 0 0 255 0 255 13 0 255 0 255 255 0 255 35 255 0 255 0 255 0
    255 255 0 255 0 35 255 0 10 255 255 0 255 0 102 170 0 0 48 255 176
    255 16 0 89 255 255 0 195 0 255 255 0 255 255 0 255 0 255 0 255 0 0
    0 255 0 0 0 197 255 255 0 255 159 178 132 0 0 0 255 29 0 255 255 255
    255 0 255 0 0 0 255 255 219 255 0 255 0 255 140 255 0 255 0 0 255 0
    0 206 0 15 0 138 168 255 0 0 255 0 23 255 43 255 195 0 255 255 255 0
    0 255 0 0 255 105 0 255 92 234 255 7 255 0 0 0 0 255 0 0 0 255 0 255
    226 0 255 0 0 255 197 255 255 163 255 0 255 255 255 255 0 252 4 0
    255 255 255 140 255 88 127 255 133 141 0 255 0 255 255 0 89 255 0
    255 0 0 255 0 255 0 0 0 160 141 0 0 0 0 0 0 0 255 255 255 255 0 209
    255 255 0 255 0 0 255 255 0 0 255 255 0 152 0 0 11 135 110 0 0 45
    255 0 0 255 255 0 255 0 255 0 0 0 255 0 140 0 255 0 255 255 0 255
    255 0 0 0 0 0 255 255 0 255 0 255 0 255 255 172 229 111 255 255 255
    0 255 255 0 255 0 255 0 255 255 195 0 255 255 0 47 0 133 0 255 0 0 9
    241 255 255 0 255 216 255 0 255 255 255 255 0 255 255 255 0 255 111
    255 0 0 0 158 0 0 255 255 0 0 255 192 0 56 0 127 255 0 0 0 255 0 196
    0 0 0 0 255 0 255 255 0 209 255 255 0 255 0 255 255 26 255 255 255 0
    255 0 0 255 0 255 75 0 255 255 0 255 0 157 0 11 0 0 0 255 0 0 255
    255 255 0 255 255 255 0 255 255 255 0 255 0 255 171 255 0 0 255 0
    224 0 200 255 0 255 0 0 255 255 0 0 0 0 255 0 255 255 0 255 0 0 255
    84 255 0 255 255 68 0 3 0 0 0 0 0 255 255 234 164 186 255 176 0 255
    255 255 0 255 0 255 255 195 255 0 0 255 0 0 0 0 75 141 255 0 255 0 0
    7 0 0 0 255 255 0 0 82 255 86 255 255 192 113 155 255 255 0 255 0
    255 0 255 255 255 0 0 255 255 0 255 112 0 255 0 0 255 253 255 255
    197 255 0 38 0 93 255 0 0 122 255 255 0 0 255 239 32 0 0 255 8 224 0
    255 0 255 0 255 0 248 155 83 255 109 255 0 132 255 0 0 255 88 255 0
    160 0 117 0 0 184 2 255 0 255 0 255 0 48 219 0 255 0 0 255 0 255 232
    0 255 0 16 255 46 255 0 0 0 0 255 0 255 219 0 255 150 0 0 101 0 0
    255 255 255 0 255 159 0 0 0 255 0 255 45 0 255 156 116 0 255 0 255
    255 73 0 134 0 0 0 255 255 255 0 255 0 126 0 255 0 0 255 0 0 255 243
    255 0 0 255 0 0 255 41 201 238 107 0 255 255 0 0 255 0 33 255 255 0
    66 255 255 19 255 0 255 255 0 0 255 255 255 0 0 0 255 0 0 0 0 0 224
    158 192 255 255 0 0 255 0 255 0 255 255 0 0 222 0 125 0 0 175 0 40
    255 255 0 0 255 32 0 255 0 188 0 0 255 0 227 116 0 255 255 0 255 0
    255 255 0 15 0 255 0 255 0 214 164 0 239 63 6 20 73 0 255 0 255 50
    255 255 0 255 0 255 85 255 0 0 0 63 0 0 255 0 0 0 255 0 255 0 0 117
    168 0 0 255 192 255 215 255 0 255 0 255 25 255 222 255 255 255 0 0
    255 0 255 116 0 255 255 0 0 255 255 28 0 255 255 0 0 255 117 255 255
    255 255 78 0 83 255 0 0 255 255 255 232 129 255 0 255 0 13 0 0 255
    255 0 255 0 255 0 255 0 0 0 255 255 255 0 255 0 0 255 0 105 226 44 0
    255 255 255 166 50 255 0 255 255 0 255 110 190 27 255 42 0 255 245
    170 255 0 255 0 0 0 255 0 255 185 255 0 84 244 255 0 0 255 0 255 255
    0 0 202 0 255 0 255 0 0 255 255 0 0 255 0 255 255 190 255 56 0 0 255
    255 107 0 255 0 131 255 147 255 255 255 0 36 255 255 0 0 21 255 255
    0 0 183 0 2 255 188 0 255 255 255 0 0 255 255 0 255 226 0 255 0 255
    0 0 255 0 70 255 0 2 255 255 0 185 255 66 0 0 255 255 0 255 0 0 0
    255 0 255 120 255 0 255 0 59 255 0 94 183 255 0 255 255 0 255 255
    255 0 255 0 255 0 223 248 0 255 255 0 255 0 50 0 0 255 7 255 0 255
    255 0 255 0 255 178 0 255 0 0 0 0 177 255 0 0 255 255 0 255 0 255 0
    255 0 255 0 255 255 255 48 0 255 0 0 255 0 255 183 0 255 0 0 255 0
    68 255 0 71 111 25 63 237 88 255 255 0 255 0 255 0 255 0 255 255 21
    114 9 255 0 174 139 0 238 120 255 0 0 255 0 255 0 255 255 219 255 0
    255 0 255 0 255 0 226 103 0 0 0 0 0 255 0 0 255 0 0 255 255 0 0 255
    255 255 0 255 255 255 0 0 0 0 191 159 255 0 0 255 255 82 255 255 0
    255 255 0 0 0 255 122 0 255 0 86 236 0 217 255 0 255 0 0 255 255 255
    0 224 0 255 0 0 255 255 11 0 255 0 83 116 27 255 0 255 0 0 0 255 95
    0 255 0 0 255 255 0 0 255 0 0 138 180 0 0 255 238 255 255 233 6 0 0
    0 255 82 0 0 0 255 0 255 0 0 255 0 255 255 0 0 0 0 0 68 210 224 255
    188 255 0 255 0 0 0 255 0 107 255 255 235 255 0 255 255 255 0 147
    217 255 255 255 0 0 255 0 255 255 0 67 0 255 0 255 0 0 126 135 9 255
    0 93 0 255 0 0 255 0 0 70 0 0 255 0 27 124 207 149 0 0 255 255 255
    255 255 0 0 104 0 255 0 255 0 255 255 0 0 255 0 255 255 0 215 0 76
    255 0 0 255 0 0 99 255 255 0 180 0 146 255 0 147 0 255 194 173 255
    255 255 0 255 0 0 255 0 0 0 255 139 0 0 255 255 133 0 154 255 255 0
    255 255 0 255 70 35 137 0 235 0 0 255 112 0 255 0 255 0 0 236 255
    255 255 255 0 1 0 0 0 173 255 0 0 255 212 0 255 255 255 0 255 0 0
    255 133 255 255 0 0 0 0 0 255 49 171 214 255 246 162 72 255 193 0
    255 0 125 255 255 0 0 255 0 255 0 154 255 255 0 255 172 0 0 255 0 0
    255 68 255 255 0 255 255 0 0 47 180 36 0 162 0 84 0 202 255 0 255 0
    255 230 0 95 255 0 255 0 0 255 255 255 255 255 0 255 255 0 0 116 0
    124 0 255 132 0 0 255 0 0 20 0 234 255 0 55 7 0 0 255 88 0 255 255
    255 0 72 0 255 255 255 0 0 0 216 255 255 125 0 0 255 162 255 238 0
    255 181 189 0 255 255 0 255 255 255 0 255 255 0 255 37 12 255 0 0 0
    255 255 0 255 255 0 0 47 0 255 0 255 0 255 0 255 255 55 0 255 0 255
    255 0 255 255 0 255 255 0 0 0 104 194 255 255 255 0 245 0 0 0 255
    106 0 255 0 255 71 40 255 0 255 255 255 132 0 0 255 0 0 255 255 46
    216 0 167 255 255 0 21 0 185 0 78 255 151 101 120 255 7 255 0 255 0
    255 255 255 0 255 255 47 255 0 255 0 0 0 177 0 255 249 0 255 255 0
    248 255 0 255 198 255 255 255 255 0 0 0 151 39 61 0 255 12 0 255 186
    255 255 0 255 255 255 109 125 0 255 95 159 255 254 255 0 255 0 255 0
    255 0 255 0 255 0 96 168 0 0 255 0 255 0 255 117 255 0 0 255 0 255 0
    12 255 0 0 0 255 0 255 255 0 255 0 39 0 255 255 136 0 255 0 255 255
    204 0 255 205 255 255 255 0 255 197 255 255 255 153 106 255 0 255 26
    255 255 255 0 0 0 255 0 255 255 72 37 255 255 0 255 135 0 129 0 255
    255 255 5 108 0 0 255 33 0 255 255 255 255 0 255 0 0 255 0 200 0 255
    255 255 0 0 0 0 0 145 255 114 0 0 0 0 255 71 0 255 0 255 0 0 255 0
    255 0 209 0 255 197 59 0 255 0 255 0 255 0 0 255 0 255 255 255 255 0
    0 255 0 255 222 155 0 255 0 255 255 0 255 0 255 255 0 255 0 0 161
    183 0 0 255 0 255 255 255 226 0 0 255 0 255 158 255 255 18 0 255 255
    0 255 88 39 0 255 255 0 0 255 255 0 255 255 0 0 0 255 255 0 197 255
    0 31 255 0 255 0 0 0 255 255 255 0 255 0 0 255 0 255 0 255 0 255 0
    207 255 0 255 7 141 255 0 255 123 37 255 144 255 255 0 224 86 123 0
    255 0 0 69 255 0 255 255 126 182 0 0 0 255 255 0 0 100 255 0 255 173
    255 0 255 0 109 101 255 0 255 153 0 130 0 255 255 255 119 255 0 255
    0 0 0 0 0 0 255 0 215 72 0 0 109 0 255 0 255 255 255 255 15 255 0
    255 0 255 255 0 0 0 0 255 0 0 0 255 255 0 0 0 0 255 149 0 0 255 0
    255 0 7 255 0 255 255 0 210 0 255 17 255 255 118 0 144 255 255 255 0
    255 0 255 53 255 255 255 157 241 255 255 255 0 255 0 255 0 0 255 0
    151 0 92 24 255 255 133 0 255 0 255 255 0 213 0 0 50 0 255 0 0 255
    39 72 92 255 0 255 0 255 0 0 0 99 253 57 0 62 130 0 255 255 0 255 0
    45 64 0 0 255 0 255 0 255 0 255 0 255 255 0 255 0 255 192 0 0 255 0
    255 255 97 73 0 0 151 0 168 0 0 255 0 255 0 0 0 255 111 1 0 0 255 5
    0 255 255 255 255 0 18 255 0 0 255 11 255 255 0 0 255 0 0 255 0 255
    0 255 255 58 255 0 0 255 255 255 114 255 255 255 0 255 0 0 0 255 0
    231 0 255 255 255 65 24 255 219 212 0 5 255 95 0 255 0 255 150 0 255
    0 0 255 141 255 255 0 255 0 28 255 0 0 255 255 255 136 255 0 0 255 0
    255 247 255 255 0 255 0 255 0 92 212 255 255 0 0 77 0 255 255 255 0
    255 255 94 255 0 20 255 217 0 255 0 0 255 0 0 234 204 0 217 85 255 0
    255 255 166 170 0 255 0 0 255 0 116 255 0 0 255 255 255 0 255 0 0 0
    174 255 0 255 9 0 255 0 0 255 131 0 255 0 255 0 0 228 255 253 0 143
    0 0 255 7 255 0 255 255 0 0 255 24 0 0 255 0 0 255 0 118 236 0 0 255
    0 255 0 147 255 0 0 54 255 255 255 255 249 0 255 0 0 255 255 255 0 0
    142 255 255 0 0 255 255 0 113 255 0 255 255 0 255 0 0 255 255 255
    255 155 27 85 190 0 255 78 255 255 0 0 0 255 0 255 255 0 255 0 255 0
    5 0 255 0 255 0 0 249 0 152 27 0 255 255 0 255 255 255 0 0 255 0 58
    255 255 0 0 115 0 255 255 0 0 0 255 255 0 255 0 72 0 255 0 255 255
    255 255 0 255 0 255 0 255 217 255 0 255 0 0 255 255 0 255 0 255 86 0
    255 0 255 0 255 0 3 0 227 255 59 255 189 218 255 255 0 0 255 255 255
    120 0 150 255 93 0 255 77 0 255 0 255 0 255 255 255 0 255 0 0 255
    255 0 0 255 255 0 255 255 0 255 255 50 0 255 255 100 0 0 116 255 87
    0 255 255 255 0 255 0 255 0 93 124 128 0 0 0 255 95 0 0 255 168 255
    0 255 134 0 255 255 0 255 255 255 0 36 0 255 255 0 255 0 0 255 0 255
    0 0 255 176 203 0 255 0 0 255 199 0 255 0 255 255 255 0 0 255 163 95
    0 255 255 255 0 106 255 0 0 255 0 255 173 143 255 0 255 0 255 255 0
    255 255 0 0 236 91 255 0 0 255 0 0 98 110 0 182 0 15 0 0 255 0 255 0
    255 0 0 255 116 0 255 0 255 0 255 255 0 255 174 255 0 38 255 0 0 255
    0 0 63 0 255 201 255 255 0 222 75 255 0 255 255 0 255 0 30 47 255
    255 0 0 255 175 255 0 255 0 255 83 0 255 0 217 0 118 15 0 101 0 255
    255 212 187 255 255 0 0 255 0 0 3 0 0 0 14 255 0 0 255 0 255 0 0 117
    0 255 255 0 87 255 255 0 214 0 255 255 0 0 109 134 251 0 255 0 255
    169 19 255 255 0 255 0 255 0 0 0 0 255 187 255 113 255 0 255 86 255
    0 255 255 0 255 0 207 0 122 255 88 255 119 0 0 0 0 0 110 31 255 112
    255 0 255 0 255 0 255 232 255 0 255 141 0 0 143 0 255 234 0 0 255 0
    11 0 255 177 220 71 255 0 255 0 255 0 255 255 0 255 0 255 0 255 0 57
    0 0 255 255 0 255 0 0 255 0 255 0 0 255 131 0 0 0 255 98 0 255 0 255
    255 0 170 0 201 0 159 255 0 0 0 0 0 40 104 0 255 0 255 0 255 255 2
    255 255 0 255 255 255 159 255 255 153 0 255 255 255 255 0 0 255 255
    0 255 0 177 235 255 255 255 0 255 0 0 255 255 0 255 0 255 255 0 187
    0 255 0 0 119 0 255 0 0 89 0 117 0 218 0 255 255 255 255 0 0 255 255
    255 86 0 255 0 255 0 255 155 182 255 0 255 0 255 255 0 0 255 255 255
    0 163 19 0 255 255 0 255 0 1 255 255 49 0 0 255 0 255 208 0 210 255
    0 255 0 255 255 0 0 235 0 255 0 255 0 0 0 0 0 214 0 255 255 0 255 0
    0 255 255 0 0 255 0 165 255 0 0 255 0 153 255 0 215 123 0 255 0 222
    0 255 158 0 0 255 0 0 255 0 255 0 108 0 255 132 75 42 255 88 255 0
    145 255 0 0 0 255 255 0 0 255 0 255 188 255 255 0 0 89 68 7 255 0
    255 0 0 0 0 255 0 255 0 0 255 255 0 255 0 101 0 255 0 255 255 0 251
    117 0 255 0 255 0 255 255 255 255 255 0 0 255 0 0 255 0 255 225 0 95
    255 255 255 255 0 255 238 255 255 0 255 0 0 255 0 255 0 0 0 255 0 0
    255 0 255 0 136 139 0 255 0 221 0 0 255 230 4 0 255 0 0 0 0 255 255
    43 155 0 0 255 0 0 255 35 255 162 255 0 255 0 255 50 0 255 0 11 0
    255 0 0 36 0 0 0 255 255 0 255 255 255 103 0 28 0 0 0 255 0 255 255
    0 255 255 0 255 255 255 0 0 0 255 255 255 255 255 0 31 63 0 255 0
    255 255 122 0 255 0 255 0 255 0 2 0 255 0 0 0 255 44 0 255 0 255 255
    247 49 255 0 255 0 255 239 255 204 255 255 255 209 160 255 0 0 255 0
    255 0 255 46 0 0 255 255 0 255 0 255 255 103 0 255 0 0 255 0 255 255
    255 0 255 140 21 255 0 255 5 223 66 255 255 0 42 255 255 255 0 0 95
    255 255 217 255 255 255 0 255 255 255 0 0 126 255 229 255 255 14 0 0
    255 0 255 255 0 255 127 255 0 255 178 255 125 255 0 20 255 255 0 255
    255 0 24 255 0 255 0 255 0 255 0 255 255 0 255 255 0 0 179 0 0 0 182
    0 255 0 0 0 255 0 255 255 0 0 237 0 255 53 0 255 255 255 0 255 37 0
    0 255 0 30 0 0 255 255 0 255 255 188 255 0 255 0 0 0 0 0 255 199 0 0
    255 0 0 0 244 0 255 254 255 0 180 255 0 255 0 255 0 255 0 255 169 0
    255 0 0 0 238 0 0 0 255 0 255 0 152 255 0 255 0 255 109 92 0 255 0
    255 0 0 255 255 0 74 86 0 0 0 255 255 173 0 255 255 0 255 66 0 255 0
    0 0 249 255 0 255 255 208 0 255 0 0 255 0 0 255 196 0 255 0 255 176
    255 0 0 255 0 0 0 255 0 255 0 251 255 0 94 255 0 255 255 49 196 255
    35 255 0 0 255 148 0 0 139 67 255 255 0 255 0 255 246 246 0 148 255
    0 255 0 255 0 255 0 0 255 255 49 255 0 0 255 0 0 0 0 255 0 0 0 255
    119 255 255 0 0 0 176 255 244 0 255 0 0 180 255 255 0 187 0 231 182
    210 0 184 255 0 119 255 98 0 0 255 0 0 0 255 0 255 0 107 255 0 255
    255 0 255 14 0 255 255 255 0 0 255 0 96 255 0 0 255 0 70 255 0 255
    255 255 0 0 255 0 140 255 24 255 0 0 255 0 255 255 0 245 255 0 0 0 0
    255 0 255 255 255 255 93 226 255 86 255 0 28 255 159 255 0 253 255 0
    255 255 255 255 113 255 0 0 0 0 221 255 0 255 255 255 221 255 0 255
    255 35 255 255 255 255 0 255 0 255 110 0 255 255 104 0 0 255 0 0 238
    255 0 0 255 0 255 0 255 255 0 255 222 0 255 0 0 255 0 255 255 232
    255 0 255 255 0 234 124 0 255 0 0 0 0 255 255 255 0 26 255 0 255 0 0
    255 0 244 0 255 0 255 0 0 255 0 137 255 255 0 0 144 0 48 0 255 233 0
    93 38 255 0 151 0 0 255 255 255 0 0 0 255 12 0 255 0 255 0 219 0 255
    0 0 255 112 0 255 157 0 255 255 255 134 255 0 255 210 0 0 255 0 255
    0 0 0 0 0 0 0 255 255 237 0 0 255 63 0 0 255 0 255 0 48 255 0 255 0
    92 255 0 62 255 0 0 255 0 227 66 0 0 255 0 255 0 0 255 217 0 255 255
    0 0 154 255 0 255 255 255 0 255 255 167 0 0 0 0 255 220 0 255 0 0 0
    255 243 0 255 255 42 223 138 255 255 255 255 255 10 204 0 255 0 255
    0 255 0 28 0 255 255 255 0 255 0 0 255 0 0 0 255 0 255 0 255 255 3
    255 67 242 255 0 255 0 255 23 14 0 0 255 255 0 0 0 0 0 255 255 120
    223 0 24 255 0 255 255 255 255 255 1 255 0 255 15 0 255 0 255 0 184
    0 0 0 0 255 197 0 0 0 0 0 255 0 255 255 255 255 0 61 255 255 237 255
    0 206 255 255 58 249 255 0 230 255 0 255 255 255 104 0 0 0 255 0 0
    255 0 124 255 0 118 26 94 151 0 255 0 255 162 93 251 255 155 255 0 0
    255 255 255 0 255 51 255 255 0 255 255 0 255 0 255 157 0 255 0 0 255
    0 255 141 0 0 225 255 255 0 32 255 171 0 224 35 154 255 168 255 255
    255 0 0 255 0 0 247 130 255 255 0 255 104 0 255 255 255 0 255 0 0
    255 0 255 0 255 224 0 0 107 255 246 0 255 19 159 12 255 0 255 0 15
    143 255 0 255 255 0 255 0 255 0 0 255 255 0 146 0 255 255 226 0 255
    255 0 255 255 0 158 0 0 255 0 255 0 0 11 0 0 255 255 0 255 255 255
    81 255 56 255 255 0 255 0 255 203 255 0 255 255 0 0 0 254 255 255
    255 0 0 255 0 0 255 255 255 128 0 157 0 125 255 0 255 255 255 0 117
    0 0 0 255 0 0 52 0 0 0 0 255 255 0 255 214 0 255 44 0 255 110 255 0
    80 81 255 0 0 0 255 255 255 0 255 0 158 0 0 0 0 255 0 255 228 89 255
    255 0 255 0 0 0 255 0 255 255 0 0 255 0 255 117 255 147 0 255 255
    180 0 0 125 0 0 255 0 0 255 0 255 0 0 237 255 0 255 0 255 0 255 0
    194 28 0 0 0 0 255 255 0 255 0 255 16 160 255 0 255 0 255 255 65 7
    28 255 0 0 117 62 255 0 0 255 255 0 255 0 255 0 0 70 0 116 0 0 255
    255 35 0 225 241 0 0 195 254 0 255 0 255 255 255 0 255 236 255 0 255
    0 255 209 0 0 0 0 0 255 0 255 255 255 69 255 179 151 255 255 255 0 0
    255 217 0 255 0 0 255 95 181 0 0 255 0 153 0 25 255 0 0 0 255 255
    255 10 0 0 255 0 255 0 0 0 255 0 0 255 0 0 197 0 255 0 127 8 0 0 255
    255 0 113 0 0 255 0 0 0 255 255 0 0 255 255 0 24 86 255 178 255 9
    255 0 0 0 99 255 0 75 255 255 0 255 0 255 255 0 90 0 255 250 255 0 0
    0 0 255 255 255 16 0 0 0 255 0 242 255 0 247 255 0 255 0 206 180 23
    255 255 255 0 18 255 0 52 0 0 0 255 255 0 255 16 255 0 104 174 255
    74 255 255 0 255 0 255 255 0 0 255 180 0 255 0 255 0 255 255 255 0
    78 255 255 0 255 0 255 255 0 0 0 0 255 0 255 255 0 166 210 186 255
    255 255 255 0 255 0 255 0 0 255 0 255 0 0 250 163 255 179 255 0 205
    255 0 255 57 0 255 251 0 81 255 70 255 0 255 255 0 173 255 255 0 242
    0 255 0 255 0 255 152 0 0 97 0 255 0 255 224 182 255 255 0 0 255 255
    255 0 255 0 0 255 0 255 255 0 0 0 15 255 0 255 0 0 194 255 0 255 126
    255 166 255 7 255 121 255 0 223 255 209 255 0 0 0 0 255 0 0 255 0
    255 255 0 255 193 166 0 150 255 255 0 156 255 170 255 255 0 0 255 0
    0 255 255 160 0 140 25 0 0 255 0 0 255 245 0 255 184 0 255 177 0 0 0
    255 255 0 0 255 0 255 255 255 175 12 0 45 255 255 0 108 0 255 255
    255 255 0 80 0 0 255 0 250 124 255 255 0 255 255 0 114 255 255 255
    255 0 255 0 0 255 0 0 255 0 0 80 255 255 0 255 198 72 255 0 255 221
    0 0 0 24 0 176 0 0 255 0 0 0 0 255 0 0 255 0 255 0 0 255 0 63 0 255
    0 200 0 222 53 255 255 255 0 255 0 255 255 0 255 255 0 255 158 255 0
    68 0 255 255 255 255 111 0 255 100 0 255 0 0 255 255 219 0 0 223 0 0
    0 255 255 153 0 255 0 255 16 0 74 255 0 255 255 255 255 0 255 0 109
    187 0 0 255 0 255 255 255 0 255 234 0 255 255 0 0 109 0 255 0 93 255
    255 0 0 255 86 0 255 219 0 255 0 255 0 255 226 255 0 255 255 0 0 0
    255 0 255 255 255 255 0 0 255 248 255 0 255 0 255 255 255 78 219 214
    255 0 0 255 255 255 0 255 97 0 0 0 255 0 255 0 57 168 0 0 255 255
    255 56 255 0 255 0 255 0 255 0 255 0 255 0 255 163 0 255 255 253 255
    0 0 255 0 255 0 0 0 255 0 0 255 255 0 255 0 255 255 0 0 36 255 255 0
    30 255 0 0 255 0 255 255 0 0 255 0 217 0 255 0 255 255 255 101 247 0
    255 0 80 255 0 255 0 0 255 0 0 187 207 255 86 0 0 255 255 0 0 255
    255 76 255 83 255 255 255 244 0 255 0 255 0 255 3 255 255 45 255 255
    202 0 245 135 255 0 0 255 255 0 255 0 0 255 0 0 255 255 0 255 0 255
    255 0 255 0 0 116 255 0 255 0 0 0 0 255 0 0 255 84 0 0 0 255 0 167 0
    0 255 255 0 199 255 0 0 255 191 255 141 255 0 0 0 255 44 0 255 255 0
    0 73 246 0 255 0 185 255 255 0 0 0 255 0 255 0 0 255 189 0 255 0 195
    0 255 50 255 0 42 0 255 0 0 255 0 255 199 142 0 255 0 0 0 255 255 0
    255 0 0 251 0 0 255 85 181 98 0 220 255 0 0 235 74 255 0 201 255 255
    0 255 23 255 255 0 0 255 197 0 0 255 0 255 0 255 0 255 0 0 89 255 0
    255 255 0 0 19 0 36 69 255 0 0 255 0 255 0 255 255 0 255 12 0 0 255
    255 0 0 183 255 0 255 0 0 49 255 255 255 77 0 255 0 255 255 0 255 0
    255 255 185 0 255 0 0 255 255 0 255 255 0 255 0 255 0 255 255 0 255
    0 231 255 255 0 255 0 255 137 0 101 255 0 255 255 0 255 0 0 255 0 33
    255 0 0 255 109 109 0 255 40 26 255 0 0 255 255 0 255 255 255 0 255
    0 0 255 255 0 255 0 136 0 255 0 255 0 255 0 0 255 191 0 0 255 0 255
    0 0 36 0 255 0 255 122 255 0 255 0 0 0 0 255 255 255 0 255 224 255 0
    0 255 12 255 15 0 255 255 0 255 0 136 255 255 19 0 0 255 0 255 255 0
    255 255 0 255 0 0 255 192 0 255 0 255 0 255 0 0 255 0 209 255 0 0
    255 3 158 0 171 0 255 255 255 0 0 255 0 255 0 255 0 255 0 255 255 0
    255 255 0 255 35 2 57 20 0 255 255 255 0 51 0 19 0 255 101 0 0 255
    33 0 0 254 255 0 0 0 255 247 0 120 216 96 0 255 209 255 218 0 0 0
    150 0 0 255 0 255 0 255 0 47 0 48 255 126 77 165 255 0 0 255 0 0 255
    255 0 0 0 0 255 0 255 0 0 0 255 0 172 0 255 0 255 0 255 0 0 255 0 0
    255 235 255 255 45 255 0 0 19 255 255 0 100 162 0 255 255 0 16 255 0
    137 0 0 255 0 255 255 0 255 255 0 230 0 255 255 0 89 255 0 0 255 255
    0 255 0 0 255 0 110 0 0 125 255 13 0 255 0 255 0 193 255 0 255 255 0
    255 0 7 255 255 0 255 0 255 6 255 0 255 0 178 255 0 255 0 0 255 0
    255 96 255 0 18 0 255 0 249 255 0 255 255 255 0 255 242 193 0 1 255
    0 0 190 255 255 255 0 0 0 255 0 232 0 5 255 255 255 0 0 151 0 255 31
    89 0 255 255 255 0 0 192 255 255 35 33 255 0 255 255 0 0 0 255 0 0
    255 0 0 236 255 255 181 255 0 255 0 142 255 136 255 255 0 0 63 255 0
    33 255 0 255 57 255 0 255 255 0 251 0 255 255 255 0 0 13 255 106 0
    26 0 255 130 0 0 240 0 169 6 255 255 0 255 0 255 0 0 255 0 0 88 0
    255 255 0 0 255 0 0 255 255 0 0 255 255 0 0 255 0 0 255 96 0 255 190
    24 81 255 255 0 255 222 255 0 255 200 0 255 0 27 255 0 7 89 0 255
    255 0 255 0 235 0 255 0 198 0 0 181 255 11 0 203 255 0 0 255 0 255 0
    0 241 255 153 255 0 255 255 0 255 25 12 165 255 0 255 0 0 0 255 103
    205 0 207 240 255 0 255 40 255 0 255 0 255 128 46 0 0 255 0 0 0 38
    211 0 255 111 255 255 255 0 0 0 224 255 0 255 255 0 249 0 0 164 255
    0 255 0 255 10 255 0 255 0 255 255 0 255 252 255 0 255 0 34 0 0 0
    255 0 0 0 100 255 255 0 0 0 255 0 255 0 255 107 255 0 0 187 0 66 161
    0 0 61 0 0 255 0 255 0 255 0 85 0 255 0 206 0 255 193 0 210 0 255 37
    0 0 29 139 0 255 255 57 255 0 0 255 0 0 255 42 0 255 0 55 0 255 0
    255 255 0 43 102 0 255 125 0 15 255 255 0 255 255 0 0 255 255 0 144
    0 120 255 0 162 0 255 203 255 0 255 255 255 0 255 255 0 0 255 255
    166 0 255 255 0 255 0 255 169 0 255 0 0 255 255 255 0 0 255 0 255 0
    255 255 0 0 255 0 255 0 17 255 255 255 255 0 19 0 18 255 0 255 255
    22 200 255 255 0 0 255 0 255 0 255 0 255 0 255 0 206 229 255 255 255
    0 0 161 6 255 0 255 0 0 255 0 255 7 255 0 250 0 255 255 0 164 0 0 0
    255 255 0 0 0 114 255 0 0 0 0 255 255 0 255 255 0 255 0 255 0 255
    104 255 53 0 255 0 255 0 104 0 0 255 0 255 255 255 0 174 255 0 255
    255 0 0 255 0 255 0 255 0 255 77 89 208 255 255 0 255 141 0 57 0 0
    255 255 8 0 255 255 0 255 255 0 255 255 164 0 255 255 0 255 0 0 53
    255 0 255 255 204 255 255 3 0 255 255 0 0 255 0 255 255 0 0 155 255
    0 0 0 255 0 0 255 255 0 0 255 0 0 255 0 0 0 255 255 0 255 0 255 255
    255 255 73 0 255 148 30 0 215 131 0 255 0 255 0 189 0 0 255 152 224
    56 216 0 0 0 255 0 0 255 122 0 176 255 0 255 0 0 0 0 252 42 181 255
    255 140 255 4 202 0 255 0 88 255 255 0 114 255 255 0 255 0 255 0 255
    0 255 0 46 93 199 0 0 110 108 0 255 255 0 255 78 0 80 143 255 253
    255 215 0 255 0 68 0 21 244 255 255 0 0 0 0 255 255 0 255 255 23 255
    255 255 0 255 0 187 210 255 255 0 0 255 232 255 0 0 255 0 152 0 255
    255 0 0 255 170 141 0 255 0 44 0 255 0 255 0 0 255 255 255 0 255 0 0
    255 0 255 0 255 248 255 254 0 255 0 255 0 255 0 255 0 255 0 3 255 0
    0 255 255 0 0 255 0 0 255 0 109 72 255 0 255 53 255 255 0 0 255 255
    0 255 255 255 0 0 255 0 241 255 255 255 0 255 228 0 255 6 255 0 0
    144 255 0 255 0 255 255 255 0 255 0 0 255 122 2 199 255 255 0 255 0
    0 17 0 255 0 200 0 255 0 227 26 0 50 0 255 216 0 255 0 255 0 238 203
    0 121 0 255 0 255 0 255 0 0 255 255 255 130 93 0 255 255 0 255 80 0
    0 255 0 255 0 0 0 255 0 255 0 255 0 0 255 0 255 255 150 12 0 255 194
    0 207 86 255 0 0 255 0 0 0 113 255 139 14 0 0 255 255 119 255 0 255
    222 255 0 194 0 0 0 0 255 0 255 16 135 0 1 227 0 255 240 255 114 255
    0 255 0 255 0 255 0 255 0 0 228 0 195 0 255 0 255 0 19 255 0 255 0
    255 226 0 236 255 255 0 242 32 0 255 0 255 255 0 117 130 125 255 255
    255 0 255 255 0 255 207 255 0 255 0 0 0 255 51 255 101 0 255 0 255 0
    255 255 0 0 4 0 49 182 0 255 255 77 255 161 255 255 0 255 0 255 117
    0 255 255 255 255 0 255 131 0 255 0 0 255 0 0 255 115 0 255 0 0 255
    255 151 255 0 202 76 0 255 255 0 0 255 0 208 255 0 255 0 255 255 0
    255 0 50 255 0 255 255 0 255 0 0 0 255 0 82 255 0 8 255 0 57 255 255
    0 0 255 190 255 0 255 0 255 255 68 0 0 0 0 255 7 255 221 255 0 255 0
    255 0 0 255 0 255 0 255 255 255 0 255 0 255 0 255 0 255 0 255 0 0
    221 0 255 255 0 255 184 194 188 0 0 0 255 255 0 0 255 255 231 0 135
    35 0 255 0 121 30 42 255 255 0 0 0 0 255 255 0 0 0 180 0 255 255 255
    255 202 0 0 255 0 125 157 255 72 0 203 0 255 255 0 255 255 146 0 109
    255 156 0 255 176 0 255 0 255 255 0 255 0 255 255 255 0 74 0 255 255
    17 0 255 0 255 0 0 0 223 0 0 255 207 210 255 0 128 0 255 255 0 0 255
    70 0 249 0 255 0 255 255 225 0 255 0 147 255 255 0 0 255 137 174 0
    255 0 0 0 255 255 0 0 0 0 255 255 255 255 0 106 0 0 255 0 255 0 0
    233 0 255 255 0 255 255 255 0 255 0 255 0 0 0 255 255 72 255 0 255 0
    255 255 255 0 255 255 140 255 0 93 255 18 255 0 255 255 0 255 0 255
    0 0 255 255 0 112 255 255 255 0 255 255 210 0 255 3 255 255 0 0 223
    66 255 0 0 255 0 255 0 255 255 0 255 0 0 94 255 0 255 157 255 15 0
    255 141 0 200 0 29 255 255 0 0 255 0 255 255 255 0 255 0 0 239 0 0
    255 0 0 0 84 255 8 0 255 0 255 255 109 0 0 0 255 39 255 219 101 255
    0 255 0 255 255 0 73 6 0 0 0 255 4 255 255 0 255 0 0 255 0 255 0 40
    255 220 203 0 255 255 0 180 0 255 39 0 255 255 255 0 255 132 255 161
    255 255 255 0 0 0 0 255 212 255 0 255 0 255 0 0 255 255 255 255 0 0
    255 0 255 0 255 0 0 224 255 255 255 255 0 0 200 255 0 199 255 0 31
    155 0 0 114 0 0 255 0 255 0 0 0 255 105 255 0 207 0 0 0 37 255 255
    15 255 0 255 0 26 255 255 0 255 0 0 0 0 255 76 249 255 255 255 0 255
    0 236 0 0 0 255 0 255 0 116 255 255 0 255 255 0 255 135 0 255 0 0 0
    0 255 83 0 255 255 255 255 255 0 255 255 0 0 0 255 255 0 0 79 154
    142 69 255 255 255 255 0 255 0 0 0 255 255 255 0 0 255 0 158 255 249
    0 255 0 11 255 0 0 6 255 0 0 255 0 232 255 0 0 255 59 255 0 255 255
    126 255 0 244 255 0 0 0 24 255 0 255 0 255 0 255 255 0 255 0 0 255 0
    255 16 0 0 255 255 0 0 0 0 255 0 255 255 255 255 0 255 255 255 0 255
    255 80 0 255 163 168 255 0 0 255 255 0 170 255 103 255 0 255 0 0 248
    255 0 255 255 0 136 255 0 255 0 221 0 131 255 255 0 255 0 0 255 255
    0 255 0 0 255 255 102 0 255 255 255 0 255 0 0 255 0 159 255 255 0
    255 0 255 0 255 0 0 255 49 133 255 0 255 0 255 3 255 0 255 149 255 0
    255 255 0 255 0 0 255 0 0 118 255 255 78 255 0 255 179 255 255 0 0
    255 0 162 0 0 255 0 0 0 149 0 0 228 0 14 191 255 214 0 0 255 252 255
    255 255 158 0 255 0 255 0 255 255 0 255 255 0 255 255 152 255 0 0 0
    255 0 255 0 0 255 0 0 81 0 0 255 0 255 110 0 255 0 235 0 255 0 0 255
    0 255 255 151 0 255 0 255 3 0 255 109 0 0 255 144 0 255 0 141 255 0
    255 0 0 255 74 0 255 151 0 0 255 0 255 0 57 0 145 0 239 255 255 0 0
    255 255 255 0 255 255 255 0 0 0 45 255 255 0 255 0 119 255 255 255 0
    255 255 255 0 255 0 0 255 0 255 255 0 255 255 150 0 255 255 0 255 0
    255 0 255 0 255 99 115 44 0 255 45 255 0 255 255 0 0 0 0 0 255 16 0
    255 0 255 0 255 255 0 255 210 95 255 255 255 0 255 255 99 255 0 0 0
    255 0 0 0 255 0 0 255 162 255 255 255 0 0 0 255 217 0 202 255 235 0
    0 0 255 0 255 0 255 0 255 255 0 0 0 115 255 255 0 0 215 0 255 0 255
    0 255 0 255 0 255 0 129 0 0 169 0 255 22 255 255 0 255 175 0 255 0
    255 255 0 255 0 255 230 255 0 2 0 255 0 0 255 0 255 255 255 0 240
    156 0 255 0 255 255 0 0 81 255 0 255 255 34 255 255 219 179 0 255
    255 118 255 99 0 255 0 220 255 0 150 255 0 255 255 255 0 0 34 0 0
    255 0 59 0 255 255 218 255 29 0 157 255 255 0 255 0 255 0 71 255 37
    104 255 0 255 0 255 0 255 255 0 255 255 8 255 0 255 0 166 0 255 0 0
    255 255 243 0 0 0 0 255 255 255 0 255 0 255 0 255 0 150 128 0 255 0
    255 14 255 0 255 255 0 255 0 0 255 175 0 113 0 97 255 0 255 0 0 155
    85 139 255 255 187 180 0 0 255 0 0 255 0 255 199 255 0 0 255 255 255
    0 255 33 0 0 255 0 255 35 0 255 0 255 0 171 180 255 255 255 0 255 0
    66 0 255 255 0 0 255 217 0 255 255 8 255 0 255 75 224 236 0 0 0 0 0
    61 255 0 255 0 255 0 0 255 0 0 241 255 26 0 0 1 255 255 255 97 255 0
    103 0 21 255 0 255 255 255 255 165 156 0 255 0 0 119 80 0 255 0 255
    255 255 112 212 255 0 255 0 0 164 93 255 255 0 0 0 23 255 0 255 0
    255 195 0 255 0 255 234 148 255 255 0 0 255 0 255 255 255 0 165 112
    198 0 255 0 255 0 255 255 0 234 244 0 223 27 0 255 0 255 0 0 255 0
    255 0 213 0 255 255 0 255 192 0 0 255 0 255 59 0 255 106 0 255 0 201
    255 255 0 0 0 226 0 255 0 255 0 255 0 180 253 0 255 0 0 0 0 215 165
    104 0 0 255 255 255 255 0 8 0 255 0 255 255 0 255 0 255 7 75 255 0
    162 255 0 164 255 0 168 255 255 0 255 0 22 255 255 83 255 0 90 0 255
    0 255 0 0 255 247 146 255 0 255 0 0 255 0 0 255 255 0 0 157 255 0
    255 227 0 255 0 0 0 100 232 0 0 25 90 80 0 255 255 255 0 0 255 255 0
    192 255 0 0 0 169 255 0 0 177 0 144 255 255 255 255 255 221 255 255
    0 255 0 255 0 255 0 251 0 255 148 0 255 0 0 0 0 59 255 255 255 21 0
    121 255 255 0 0 0 255 0 255 255 0 0 255 255 0 175 0 255 0 255 92 255
    0 90 59 255 91 255 0 0 255 255 0 0 114 66 0 235 0 255 252 0 255 145
    0 0 255 0 255 0 255 255 0 134 255 0 255 0 0 255 255 0 0 0 0 0 255
    255 0 255 55 0 45 255 255 255 0 255 255 255 0 0 0 127 229 0 255 255
    180 50 0 144 255 0 0 255 140 0 255 0 0 255 176 0 7 255 0 255 0 255 0
    0 13 255 153 0 255 255 0 50 167 255 0 255 0 255 255 255 0 0 0 0 0
    255 255 0 255 217 255 0 255 255 255 0 255 0 255 0 0 255 255 0 255 0
    0 0 255 232 255 255 13 0 255 255 0 255 255 157 255 168 255 0 0 255
    30 39 255 0 255 107 255 30 255 255 0 153 255 0 0 0 137 0 255 0 109
    255 0 255 0 0 255 0 255 0 108 255 0 0 255 255 0 255 0 255 224 255 0
    255 0 255 255 0 255 0 0 114 160 0 63 0 193 0 255 0 255 119 130 253
    255 255 255 107 162 210 108 255 0 255 0 255 255 255 255 0 255 255 0
    255 0 255 9 129 11 240 208 0 255 0 255 0 255 0 201 0 0 255 0 89 255
    255 199 0 255 0 255 0 190 0 255 0 0 0 255 0 255 255 0 255 255 0 0
    255 255 0 255 207 0 0 255 158 0 0 0 255 255 255 255 247 255 255 0
    144 255 0 179 0 0 255 255 0 54 0 255 149 0 255 0 255 255 0 255 0 255
    0 0 255 0 39 0 255 255 0 255 137 204 0 255 0 118 255 255 0 0 255 0 0
    255 0 0 255 255 255 0 0 255 0 34 0 143 115 255 0 0 0 193 255 255 255
    255 255 255 215 0 101 0 255 255 255 114 255 0 139 255 0 255 176 0
    237 0 255 255 255 0 31 0 0 0 255 0 0 0 255 0 255 255 255 255 0 255 0
    255 0 255 107 0 255 0 255 0 241 0 255 255 255 255 255 0 246 0 0 0 58
    255 0 0 255 255 0 255 24 255 0 255 114 0 255 0 207 255 0 255 0 255
    255 151 255 0 24 0 255 128 255 255 187 0 255 190 255 0 0 89 255 0
    255 0 0 255 0 255 122 0 0 255 255 0 0 0 255 0 0 0 0 0 0 0 186 255
    102 0 0 255 0 255 255 0 154 255 255 0 0 255 0 0 255 0 0 0 255 0 255
    0 0 0 255 255 255 0 255 73 193 0 0 255 0 255 255 255 0 255 125 0 255
    255 255 0 255 47 255 255 0 0 192 0 255 183 0 255 0 255 0 255 204 255
    0 0 255 0 78 164 255 255 0 255 0 26 0 130 255 0 255 255 0 0 255 29 0
    0 255 55 255 255 185 255 0 255 0 255 180 255 0 255 255 0 255 0 255 0
    106 0 92 0 255 126 255 0 0 255 255 255 0 255 255 255 0 0 0 255 0 255
    255 166 0 0 0 0 255 0 0 0 255 0 0 255 165 255 0 255 255 0 0 255 0 0
    246 255 0 255 255 0 255 41 0 0 255 0 217 255 0 255 0 255 0 255 0 0
    220 0 255 0 0 255 0 255 255 0 255 0 255 255 0 255 0 59 255 40 74 255
    32 0 255 255 0 255 0 255 173 255 255 0 0 8 0 255 255 0 255 0 0 0 255
    255 52 255 255 58 255 0 255 0 255 255 255 0 20 255 0 255 255 255 255
    255 0 0 255 0 255 255 0 255 255 255 0 0 0 255 255 0 255 0 241 0 0
    255 0 255 255 0 0 255 0 255 20 255 0 255 0 255 255 0 255 0 146 255
    255 0 255 0 100 0 255 0 255 0 153 0 0 255 16 0 0 30 0 0 255 0 255 0
    255 0 255 0 255 0 255 255 255 0 0 255 255 113 10 255 0 100 255 255 0
    0 255 64 255 129 0 0 70 0 0 255 0 0 210 255 255 54 180 0 0 177 126
    255 255 0 0 255 0 46 0 255 0 255 0 255 255 255 0 255 0 255 0 255 255
    0 0 255 0 255 0 239 255 0 255 255 0 0 255 255 0 255 0 255 0 255 0 0
    255 255 251 255 0 99 0 255 255 255 0 255 0 255 255 0 255 74 0 255 0
    255 0 255 55 255 0 255 255 255 0 255 0 255 0 0 255 0 255 0 81 0 48 0
    255 71 0 0 255 0 255 0 255 0 113 255 255 255 0 255 0 0 255 255 255
    255 0 0 0 255 223 72 255 0 255 255 0 255 255 54 255 0 82 0 0 0 0 255
    0 0 103 255 0 255 0 255 34 0 255 0 0 0 255 243 0 255 0 255 0 0 255 0
    138 220 255 87 255 255 0 255 0 255 163 0 255 195 0 0 255 0 255 0 0
    255 255 194 255 255 0 255 0 190 0 170 117 255 0 255 191 0 0 255 0 0
    209 255 255 255 0 48 255 0 90 255 0 255 76 255 255 242 95 255 255 0
    0 198 255 255 0 0 0 255 0 255 255 255 0 255 165 0 34 255 0 0 255 255
    169 255 174 0 255 255 243 209 0 255 0 0 0 0 100 0 0 255 0 0 255 0
    150 0 139 0 255 255 0 90 255 0 255 0 91 255 0 0 255 0 255 255 0 255
    0 255 0 0 255 255 0 110 255 255 0 0 0 155 255 255 0 0 255 0 255 0 0
    0 255 0 255 0 255 0 0 255 0 255 255 0 255 255 0 238 0 255 0 0 255
    255 2 255 0 255 0 255 234 44 0 0 255 255 183 0 0 0 83 255 0 255 255
    0 0 255 124 0 255 223 255 0 190 255 255 0 0 255 0 255 255 255 129 0
    0 113 0 0 103 0 255 255 0 255 0 150 125 0 255 255 0 64 0 0 0 0 255 0
    255 0 0 255 0 255 0 255 255 0 255 0 255 213 0 0 255 0 255 255 36 255
    0 255 255 240 0 243 0 180 145 0 255 135 255 255 227 0 0 0 0 0 255
    129 255 255 13 0 0 89 66 0 93 186 255 0 255 255 0 0 255 255 255 0 87
    255 0 29 0 255 0 0 0 255 0 255 0 255 255 0 0 0 183 255 255 95 0 0 0
    0 16 255 211 166 255 0 0 255 0 0 0 252 255 255 0 0 255 0 0 255 255 0
    189 255 0 255 0 255 213 228 0 255 0 181 0 255 0 0 255 0 0 255 0 255
    0 255 255 165 150 255 0 147 255 243 0 255 0 255 255 0 0 0 255 255
    255 255 0 0 232 255 86 255 0 255 0 17 230 0 0 255 255 0 65 56 255 0
    255 0 0 255 255 0 255 0 255 154 0 255 54 0 255 0 255 0 79 163 0 0
    255 255 255 0 255 164 255 0 0 255 255 149 0 255 255 255 255 0 99 0
    44 0 0 169 122 51 0 165 118 255 233 0 99 171 255 0 255 255 255 0 255
    0 255 142 0 101 228 255 0 255 255 255 230 255 0 0 234 255 0 255 66 0
    255 0 255 255 0 8 0 255 122 0 192 0 0 0 255 255 0 42 255 0 0 0 255 0
    0 255 109 255 0 0 255 0 255 255 0 255 255 197 255 255 0 0 255 0 255
    0 255 0 171 23 255 255 0 255 255 255 74 255 0 255 255 255 0 255 255
    0 226 255 255 0 0 92 255 0 255 0 184 0 255 0 255 255 255 3 184 255 0
    0 0 255 0 0 33 143 0 255 255 255 0 0 255 0 255 255 32 97 0 0 255 149
    136 0 255 0 0 255 0 0 0 0 255 175 0 0 136 255 255 0 144 255 0 0 255
    0 255 0 255 0 255 255 0 242 255 0 0 255 0 255 205 0 145 182 0 198 0
    8 0 4 255 0 255 118 221 0 255 0 255 255 0 174 255 255 0 255 0 0 255
    0 0 255 0 255 255 255 0 255 255 147 0 0 106 255 110 255 0 255 0 255
    255 0 255 0 255 241 255 0 255 0 255 192 0 255 0 255 0 0 255 255 255
    247 183 255 13 0 108 255 0 68 255 255 0 255 255 0 255 255 0 0 220
    255 255 255 255 176 0 0 0 11 255 0 255 0 255 0 255 0 223 255 0 255
    255 0 255 0 0 255 83 255 81 125 0 102 0 255 94 0 0 65 0 255 255 0 0
    228 168 255 0 255 0 255 255 129 0 255 0 255 67 0 255 0 255 255 0 255
    244 0 0 0 255 0 46 0 0 255 0 255 0 255 255 255 0 255 255 255 255 35
    23 255 255 215 255 0 255 0 0 255 0 0 255 0 255 0 236 0 255 0 255 255
    0 0 255 255 39 215 255 0 17 0 0 0 117 0 0 255 4 255 255 0 0 0 255 0
    255 103 255 0 0 255 255 255 0 255 0 0 190 0 0 48 0 0 0 30 0 255 255
    0 255 0 255 255 94 255 0 184 255 178 0 255 0 255 255 0 255 255 0 255
    0 255 255 0 0 255 0 255 0 255 0 0 255 0 185 165 0 0 0 0 255 0 0 255
    0 255 0 188 255 0 27 0 112 0 0 0 0 174 0 0 16 255 0 255 37 255 0 255
    0 245 255 0 255 0 255 66 120 0 255 0 0 47 255 0 0 255 0 255 239 255
    0 0 51 0 255 36 255 0 255 0 0 255 0 255 54 0 255 255 0 0 255 0 255 0
    255 171 0 67 255 255 255 255 0 0 255 0 0 0 255 255 145 107 255 0 255
    255 153 255 255 0 0 255 2 0 255 0 105 255 255 0 0 53 0 255 0 0 0 255
    0 255 0 255 255 0 255 255 255 0 255 13 255 0 255 0 255 0 0 0 255 255
    0 0 255 255 0 0 255 0 40 0 0 255 0 255 187 0 255 0 130 104 0 0 0 43
    255 134 0 162 255 0 0 0 255 255 0 255 0 255 255 255 134 255 66 121
    255 0 0 40 255 0 255 0 0 255 0 0 68 0 8 28 167 255 255 195 33 253
    255 194 255 84 100 255 0 0 255 255 0 0 126 255 255 0 255 255 0 0 0 0
    255 0 0 255 0 195 39 0 0 255 74 255 255 54 255 255 0 70 255 255 0 0
    255 0 162 255 0 255 227 0 0 127 255 255 0 143 0 255 155 0 155 255
    255 255 255 255 255 0 126 0 255 255 0 255 0 255 0 0 0 255 0 255 0
    255 255 255 100 255 255 0 0 255 255 255 51 0 234 0 255 255 47 255
    161 0 255 0 255 255 0 255 255 0 255 9 0 0 0 79 246 0 0 255 255 0 255
    0 218 106 0 0 255 255 217 255 255 255 0 255 0 255 0 255 175 255 177
    0 0 255 0 23 255 255 2 0 0 0 255 221 255 0 255 0 0 255 0 83 255 0 0
    255 255 255 255 0 22 255 0 0 0 255 0 255 255 199 0 0 255 0 115 255 0
    255 5 255 0 255 101 0 255 0 255 52 227 142 0 255 147 0 219 20 0 255
    0 0 255 0 255 255 255 213 255 255 0 0 255 0 105 0 0 255 98 255 255 0
    127 0 255 255 145 196 255 0 189 255 255 0 255 96 0 0 0 0 255 0 255
    255 255 0 255 255 0 255 255 230 255 0 255 0 0 255 63 255 0 212 0 138
    255 255 0 0 197 255 255 0 255 0 255 169 0 0 0 255 0 0 255 74 255 0
    255 0 0 255 81 255 0 255 255 90 131 66 0 255 255 255 0 0 0 0 0 0 0
    255 255 0 255 119 0 255 129 255 255 151 28 255 31 0 255 0 136 0 0
    255 0 255 0 255 0 0 0 23 255 255 0 255 192 0 0 0 255 45 255 0 0 99
    255 0 255 0 0 252 162 165 255 0 0 255 0 255 0 255 0 90 0 0 173 255 0
    255 0 255 0 255 255 0 0 251 255 37 0 172 127 0 255 255 40 255 0 255
    255 255 0 255 0 255 0 255 0 23 53 255 0 255 0 255 0 255 255 0 255 35
    0 0 255 0 0 92 255 255 89 255 255 255 0 255 255 204 0 0 242 255 0
    255 0 213 255 0 198 216 0 255 0 0 255 0 255 0 255 0 255 0 0 0 53 0
    255 255 0 0 255 255 0 255 0 255 255 0 255 0 0 255 132 0 0 0 255 255
    0 0 255 0 220 255 224 0 255 0 0 255 66 0 0 255 0 255 0 255 0 0 24 0
    255 255 255 255 0 255 177 0 255 0 255 49 70 106 255 255 0 255 0 255
    28 0 0 255 13 255 255 0 255 91 0 255 0 255 255 178 81 0 9 226 247
    255 0 255 0 255 101 255 91 0 255 255 255 0 0 0 255 176 0 125 255 0
    158 0 0 0 127 79 255 0 255 255 0 255 250 255 0 255 0 255 0 255 0 0
    255 52 0 0 255 0 0 255 0 0 0 255 0 65 0 43 0 0 255 255 255 186 90 0
    0 255 255 255 0 0 255 255 52 255 0 255 0 0 0 255 0 222 0 0 255 0 255
    0 255 159 255 0 211 255 255 255 0 255 0 0 0 110 255 255 229 255 38
    255 0 255 0 61 80 235 255 0 255 0 255 0 0 255 255 255 41 255 216 0 0
    0 255 0 255 0 255 0 0 0 0 255 0 41 78 48 0 0 212 0 0 255 0 0 255 255
    0 0 0 255 0 100 0 255 240 178 238 0 97 0 255 255 255 0 255 0 255 0
    255 225 0 255 0 0 255 255 0 255 255 0 221 255 0 218 0 255 0 0 0 255
    255 255 255 255 0 255 0 255 255 0 248 85 255 0 255 0 255 0 0 80 255
    255 255 255 0 222 0 255 0 195 255 0 255 107 0 255 255 0 0 0 0 255 0
    255 0 241 0 0 255 176 0 249 137 255 50 153 255 0 255 0 255 0 255 0 0
    0 0 255 255 0 0 255 69 255 0 255 0 147 255 0 128 255 255 255 0 0 156
    255 0 0 255 86 255 60 214 255 0 255 0 255 255 0 0 255 0 0 157 227
    148 255 255 255 64 65 255 211 0 255 0 0 255 255 255 0 255 0 106 0 0
    179 255 0 0 255 255 255 0 0 255 0 0 255 255 255 165 255 255 0 255
    255 255 0 255 129 255 33 255 255 0 255 0 255 0 0 255 0 255 0 255 0 0
    0 0 255 0 255 255 0 255 0 0 0 0 0 255 0 255 1 255 255 0 255 0 0 0
    255 255 0 255 255 255 10 77 255 122 255 0 214 160 255 0 0 0 0 0 255
    255 50 255 0 224 255 0 62 0 255 255 0 255 255 0 35 255 0 0 255 216
    255 0 164 56 43 255 0 255 226 255 0 255 255 0 255 0 255 225 255 0 0
    255 0 0 0 255 255 0 46 0 0 255 255 0 255 0 255 0 81 0 0 0 39 255 0
    255 0 255 0 255 0 255 0 255 0 255 255 255 255 0 255 0 52 255 195 255
    75 0 255 255 0 125 0 0 255 0 255 0 255 121 255 0 69 255 255 0 255 0
    255 3 255 0 255 255 109 255 255 0 185 0 191 86 44 94 112 255 0 255
    255 0 255 255 0 0 255 0 255 0 255 0 0 255 34 32 0 88 255 0 147 0 0
    255 0 0 255 0 255 255 0 255 0 255 0 255 255 0 189 47 255 120 255 255
    108 65 0 255 0 255 0 255 255 0 0 255 0 255 255 0 255 0 255 0 0 0 0
    255 50 255 0 240 0 255 255 0 0 0 246 255 0 237 255 0 0 255 135 0 255
    0 255 255 237 0 255 0 255 0 255 0 255 255 36 0 255 0 255 0 148 255 0
    81 0 255 0 255 0 0 255 0 0 255 255 255 255 255 0 255 0 255 0 0 255 0
    255 255 0 0 255 0 157 255 0 0 255 255 0 169 255 255 16 255 0 255 0
    255 0 255 0 0 0 139 0 255 255 255 190 255 71 0 255 255 255 59 0 0
    255 0 0 255 255 0 0 255 0 255 255 0 0 255 0 0 255 212 137 255 175 54
    255 255 0 255 136 181 0 0 255 0 255 0 255 54 255 0 138 0 42 0 255
    255 0 255 0 255 0 255 229 0 0 0 255 0 255 0 255 229 255 255 0 255
    255 0 196 0 0 255 0 0 0 255 255 0 255 0 30 0 0 255 255 0 255 255 0
    255 255 0 0 255 242 255 255 0 0 255 0 0 255 255 255 0 0 255 255 255
    0 255 255 0 50 0 255 0 97 0 255 0 0 84 0 0 255 211 255 0 255 197 82
    0 255 38 255 0 0 255 0 127 0 80 0 255 126 255 255 0 255 0 0 255 255
    0 0 255 255 255 0 107 255 255 0 255 255 178 52 255 255 255 0 0 255 0
    0 255 255 244 255 49 0 0 255 0 0 255 0 255 0 152 0 0 255 0 255 16
    255 0 255 255 0 0 61 0 0 0 0 0 112 0 0 255 0 255 0 0 255 131 220 255
    0 0 155 255 0 255 0 9 0 0 22 255 0 255 253 0 255 39 17 255 220 0 255
    255 0 0 142 76 255 198 255 255 255 242 255 0 255 0 255 0 0 27 92 255
    255 108 0 255 0 0 255 255 255 0 0 0 255 10 129 0 255 0 0 255 255 0 0
    0 255 0 87 255 255 255 255 255 0 255 0 15 255 255 255 0 255 0 255
    197 0 255 255 255 0 68 0 0 0 255 255 0 0 255 0 17 255 255 0 255 0 0
    0 255 150 0 255 0 255 200 19 255 77 255 0 0 255 0 255 0 0 123 0 255
    255 6 255 255 0 0 0 255 0 0 255 0 255 0 255 255 255 0 255 44 0 255 0
    255 155 0 255 0 255 255 0 255 168 0 0 0 238 255 0 0 255 0 80 0 255
    255 255 0 0 0 206 55 255 255 255 0 255 255 255 0 0 255 255 255 0 0 0
    255 0 0 0 135 0 0 255 0 255 255 0 0 255 0 255 0 51 255 0 0 241 140
    255 0 0 255 0 95 255 0 0 119 0 255 255 0 0 255 255 0 255 255 255 0
    255 255 255 255 88 43 255 130 221 0 255 255 255 0 255 0 255 255 215
    255 255 0 0 255 0 0 213 255 0 255 255 0 255 80 255 0 255 0 32 0 0 0
    0 0 0 255 0 255 0 255 255 237 13 255 255 0 224 0 255 5 146 255 0 255
    0 255 255 255 255 0 0 255 0 255 0 255 255 255 255 255 0 255 0 0 197
    0 255 0 255 255 255 2 74 255 0 255 0 255 0 255 0 189 0 255 0 255 255
    255 0 195 0 255 255 0 255 0 65 255 255 0 255 74 255 0 255 75 255 255
    0 0 230 255 0 0 255 0 255 0 255 255 0 255 35 0 0 130 0 255 0 244 255
    240 255 0 255 255 94 255 0 255 0 255 0 0 255 255 0 32 0 255 85 0 255
    198 255 0 78 255 255 255 0 0 255 0 255 255 255 255 0 255 0 255 180 0
    0 255 0 0 0 255 255 0 223 175 200 0 0 20 255 255 161 0 255 156 0 255
    255 46 255 0 255 161 255 0 0 255 0 255 0 0 136 182 255 102 0 255 255
    0 255 255 0 255 0 0 27 255 0 255 174 255 255 0 0 32 187 255 0 255 0
    255 8 255 0 255 255 0 255 0 255 255 0 255 255 255 255 0 255 255 0 0
    255 0 0 24 255 87 13 255 0 1 255 0 255 255 45 255 0 255 255 255 0 0
    255 255 255 0 0 213 255 87 0 255 14 0 164 0 107 0 45 255 255 0 249 0
    255 0 255 0 0 0 255 216 0 206 128 0 34 0 141 255 255 0 196 69 0 255
    181 0 0 163 0 252 0 0 0 255 255 0 255 0 255 255 0 218 255 219 255 86
    0 255 0 255 0 0 0 0 255 0 5 255 62 116 255 0 255 0 250 0 255 255 0
    255 175 0 255 255 0 255 0 255 0 255 66 0 255 255 0 0 255 0 0 9 0 255
    0 148 255 0 255 255 0 255 255 0 255 0 116 255 32 0 11 0 255 255 0
    106 255 84 0 255 255 0 0 255 255 170 255 197 67 255 0 0 255 0 0 0
    255 128 255 0 255 0 0 249 205 255 0 255 0 88 255 255 0 255 0 255 0
    255 141 255 255 0 255 0 255 0 226 255 0 255 0 255 0 0 255 0 130 255
    255 146 255 0 255 0 255 0 144 255 0 255 0 255 255 0 255 0 0 159 255
    0 50 255 0 255 255 0 0 0 0 255 0 255 0 235 0 0 0 41 255 0 255 148
    255 0 62 0 0 255 216 0 0 255 0 255 0 0 255 244 0 165 0 160 255 0 0 0
    0 255 255 255 226 42 255 0 255 0 255 255 0 255 255 0 255 163 83 255
    51 255 206 0 0 255 245 255 255 0 255 222 233 57 255 3 197 0 96 0 255
    0 255 255 255 0 255 0 255 19 0 255 0 255 0 255 0 187 0 75 233 0 255
    0 255 255 0 255 255 255 0 255 0 255 0 255 82 0 244 0 255 0 255 0 198
    255 255 220 0 238 255 255 0 234 0 165 255 255 147 255 255 255 0 255
    109 0 0 255 0 255 0 255 0 247 0 0 0 255 0 234 0 0 255 0 97 255 0 0
    255 0 0 255 0 0 255 255 74 0 211 0 255 0 0 255 255 0 120 126 0 255 0
    255 138 240 0 194 0 255 255 185 255 61 0 0 255 0 255 0 0 255 0 0 0
    255 255 255 0 255 0 255 255 0 255 255 2 255 0 193 0 255 206 255 255
    243 255 0 255 231 187 55 255 130 0 255 0 255 10 255 0 255 255 0 255
    0 255 255 255 0 255 0 255 0 255 0 255 172 255 0 57 0 210 0 0 255 255
    0 0 255 0 255 255 55 255 255 25 255 0 255 255 0 187 0 255 196 255 0
    255 255 0 0 124 4 61 255 214 255 0 0 255 0 0 255 0 0 255 111 0 0 10
    200 255 243 0 77 255 0 0 0 0 255 0 255 0 255 158 255 198 255 0 0 0 0
    0 125 62 255 0 0 255 0 255 0 255 255 255 255 38 160 0 0 255 255 233
    255 0 0 255 0 255 0 255 0 9 255 0 255 0 255 106 154 225 0 0 255 255
    0 251 0 255 110 255 134 31 0 255 0 255 0 255 255 213 255 0 0 255 0
    255 88 0 255 0 255 0 255 49 0 0 255 0 172 160 243 255 255 0 255 0 0
    0 255 0 246 255 255 255 255 255 0 255 255 0 0 255</data></your_img>
</opencv_storage>
