<?xml version="1.0"?>
<opencv_storage>
<filter_type>2</filter_type>
<only_luma>0</only_luma>
<r1>1</r1>
<r2>5</r2>
<L2_diff>1.</L2_diff>
<test_img type_id="opencv-matrix">
  <rows>128</rows>
  <cols>256</cols>
  <dt>"3u"</dt>
  <data>
    22 13 149 21 99 67 206 198 147 167 104 26 178 111 218 230 67 31 36
    132 227 230 217 154 42 132 205 138 216 214 162 178 191 98 51 153 198
    179 108 221 79 78 14 82 168 189 0 97 177 141 73 207 90 184 74 63 19
    150 94 181 53 68 200 61 230 178 30 173 63 61 229 180 76 92 5 122 179
    220 5 221 238 63 244 20 13 241 41 104 168 63 96 72 179 224 186 219
    88 41 110 212 28 23 6 40 113 12 16 137 201 254 14 62 225 42 126 41
    80 148 15 43 196 58 227 220 211 216 151 0 140 227 231 88 30 71 21
    198 17 9 238 221 109 150 18 44 123 147 238 92 40 63 92 130 25 17 253
    104 75 250 15 227 99 239 174 178 29 86 245 78 56 74 75 236 136 198
    253 40 40 203 75 62 52 102 30 165 151 243 234 247 68 62 168 101 94
    185 203 43 186 191 90 143 235 158 238 58 181 126 159 227 139 179 235
    81 125 163 147 13 132 88 49 67 31 228 206 106 25 87 22 155 52 241 71
    193 231 146 70 177 43 159 215 225 241 27 119 180 11 24 197 79 161 67
    180 151 242 150 43 141 5 173 189 135 196 223 113 156 118 229 216 154
    238 165 244 76 223 250 115 153 111 24 13 232 70 59 21 65 103 135 0 8
    218 205 215 221 233 214 113 255 115 125 5 115 135 231 188 220 167 12
    173 222 179 187 205 89 252 84 155 130 13 80 8 141 151 248 33 131 14
    20 98 64 118 147 49 112 21 89 111 102 71 104 195 192 26 195 195 237
    178 180 107 236 30 105 116 177 49 150 215 198 12 135 164 61 243 255
    108 165 168 158 208 61 86 184 67 131 80 221 9 58 38 176 242 138 195
    128 59 169 189 242 216 189 60 30 247 200 85 143 53 179 44 160 81 23
    22 136 189 50 35 172 14 43 121 110 245 208 192 251 214 164 194 149
    162 82 36 244 218 132 119 108 245 33 113 67 166 182 6 127 80 160 37
    147 220 39 85 187 21 133 146 189 221 50 4 223 244 84 13 170 30 247
    174 236 138 70 175 109 105 57 154 2 2 206 109 1 168 222 248 41 181
    100 142 110 64 106 192 171 223 55 144 175 112 89 171 15 234 252 22
    13 4 63 124 99 227 132 230 93 250 248 186 204 142 248 42 30 246 113
    70 77 165 174 157 187 19 2 61 108 81 163 203 114 16 155 1 78 93 241
    72 195 108 67 184 159 138 106 56 116 216 148 63 222 126 198 230 150
    190 26 77 228 226 114 113 243 8 28 221 116 181 94 132 164 218 212
    169 181 124 150 33 247 30 86 47 125 212 177 46 99 202 200 40 139 6
    193 33 175 159 211 98 188 67 209 167 89 212 119 166 132 253 111 244
    194 64 83 192 76 145 18 130 153 86 30 95 160 190 117 120 104 67 238
    130 79 190 199 12 173 56 206 154 56 200 240 98 187 149 187 22 205
    235 49 207 4 215 161 27 8 156 96 61 33 208 224 2 247 173 232 120 182
    208 240 206 172 225 39 88 59 220 212 207 216 225 124 31 147 5 233 35
    114 215 247 105 23 34 224 147 153 143 91 134 94 133 40 198 75 135
    148 205 195 155 188 43 197 72 242 169 237 145 127 64 32 37 138 0 247
    96 44 211 209 68 138 142 183 202 57 62 253 237 232 124 143 135 188
    218 200 44 27 209 39 228 181 70 126 24 181 210 16 102 31 159 111 200
    245 197 127 146 187 61 52 244 50 200 254 164 22 59 124 154 85 125 29
    142 230 93 88 186 163 94 45 233 43 122 47 142 188 22 204 132 99 202
    232 94 126 200 127 242 253 146 145 166 95 106 242 252 95 41 130 119
    70 211 191 44 21 2 80 48 3 29 126 218 131 195 187 136 201 145 14 205
    92 45 1 194 189 60 19 25 172 163 225 49 255 192 192 52 88 23 74 81
    63 188 187 5 194 158 118 125 92 131 84 205 30 176 103 161 169 49 167
    149 45 181 215 13 233 128 175 180 14 137 120 108 133 134 94 211 152
    80 161 43 74 214 215 248 139 16 210 198 104 27 30 172 180 4 43 157
    148 147 179 245 186 150 234 84 123 158 124 63 104 10 197 38 210 17
    225 67 198 99 245 168 165 79 184 30 219 121 114 143 244 155 71 34 63
    222 65 84 109 231 67 158 93 221 173 78 196 148 193 122 84 133 159
    112 135 158 128 189 67 210 195 92 40 165 54 184 85 151 205 18 8 85
    27 134 201 60 39 142 213 201 140 233 219 118 209 30 21 141 132 127
    111 46 202 107 246 184 211 214 12 233 220 129 221 10 7 75 1 13 203
    233 82 75 246 27 56 63 165 33 169 158 249 2 35 62 207 137 166 132
    159 188 254 67 4 9 168 30 225 130 248 135 188 127 107 181 228 26 183
    187 74 72 150 82 160 77 17 136 55 241 39 108 63 37 83 212 207 74 9
    14 198 23 33 227 236 249 210 98 67 83 56 112 226 3 184 239 195 230
    32 216 103 11 249 196 73 170 17 105 100 234 131 78 222 244 74 9 148
    166 100 248 9 168 200 7 151 13 232 233 19 61 7 136 129 115 102 111
    157 23 83 225 86 120 10 67 219 62 156 114 165 227 80 199 32 113 240
    93 204 129 75 63 19 38 113 152 141 167 50 186 54 110 76 68 237 92
    116 93 66 60 9 95 100 190 135 103 82 150 178 160 26 184 174 41 194
    10 64 76 13 6 211 124 48 47 185 218 245 189 86 190 121 184 61 230
    187 40 26 51 71 181 15 42 113 136 190 77 42 169 205 236 200 173 45
    101 234 255 214 7 225 202 16 128 166 40 22 108 179 194 159 23 164 14
    102 111 122 156 234 98 41 190 185 181 49 14 206 209 37 112 209 135
    18 65 27 137 110 6 93 220 21 36 37 63 50 54 67 227 122 17 31 226 186
    62 96 50 83 119 16 171 47 120 16 3 170 45 146 62 79 61 45 233 128 12
    152 117 188 140 99 90 94 157 156 59 122 81 194 6 210 215 237 223 145
    143 252 76 231 137 55 83 11 115 0 189 226 39 233 214 129 48 109 7 51
    221 43 60 186 250 1 47 160 29 41 184 208 150 5 144 48 194 79 25 18
    57 175 170 62 185 227 1 221 56 78 111 220 194 67 177 253 6 20 161
    232 165 164 133 20 124 226 20 186 44 89 209 72 65 206 239 19 158 7
    189 132 181 165 139 76 82 117 204 158 182 135 195 222 131 18 230 160
    227 245 102 144 171 28 0 124 22 191 51 37 162 200 147 69 146 211 77
    82 90 30 66 20 120 195 71 84 51 28 146 121 158 54 228 234 122 225
    206 100 182 58 20 130 116 13 10 12 182 48 72 137 70 1 31 160 204 11
    14 228 199 8 150 121 227 95 96 147 85 251 156 253 241 138 40 94 164
    127 142 250 105 255 151 137 193 170 132 173 155 159 35 152 64 169
    133 207 190 138 244 5 144 195 51 203 132 179 220 154 245 132 147 56
    180 22 165 232 6 106 99 27 220 254 245 76 94 31 222 21 225 240 145
    211 76 4 110 8 22 83 211 91 92 107 249 25 157 58 242 92 145 15 244
    235 3 91 94 64 139 146 109 51 185 210 147 88 13 168 169 229 74 186
    181 221 74 29 15 87 219 180 31 251 84 244 126 16 113 236 162 49 188
    1 155 169 177 228 31 79 91 138 182 208 143 21 194 63 73 168 128 44
    43 156 229 221 149 98 25 184 117 217 245 115 139 234 3 41 117 203
    130 238 157 36 91 119 177 232 164 234 253 98 186 31 170 143 92 169
    174 197 198 146 69 157 67 116 230 186 197 202 245 136 88 162 188 218
    88 101 158 54 193 227 37 104 212 128 4 242 136 130 41 171 218 250 65
    135 103 178 54 94 154 53 163 7 193 246 92 38 150 70 245 43 159 82
    254 101 245 53 164 221 167 123 122 43 244 94 161 29 73 125 59 120 3
    202 120 93 164 115 43 112 254 24 107 223 9 18 33 200 90 65 34 156
    141 242 211 95 167 216 46 149 186 24 163 103 100 55 95 245 23 127 63
    78 235 218 58 25 51 81 171 146 80 40 28 119 176 202 154 132 240 191
    62 223 31 25 84 57 246 8 29 210 210 37 187 43 81 215 93 159 199 220
    69 35 28 243 158 28 208 188 81 172 211 225 38 106 239 68 224 208 189
    17 44 201 41 195 164 38 118 251 19 188 43 163 137 106 246 237 112
    233 196 36 73 17 73 111 174 196 40 183 147 79 99 78 43 205 112 38
    137 66 88 145 189 95 43 12 202 81 44 116 5 88 223 137 71 18 166 179
    88 172 185 10 132 32 196 144 245 215 30 107 87 6 101 38 164 75 175
    208 67 192 176 147 196 232 27 34 140 175 142 215 6 123 253 141 205
    185 251 121 128 64 211 247 34 21 252 181 173 252 180 171 172 9 213
    41 120 189 229 172 171 139 87 162 167 244 44 225 45 37 228 200 241
    40 184 171 75 142 36 59 89 124 110 197 51 85 168 123 6 248 134 12 10
    179 147 0 186 182 157 239 71 75 40 130 77 131 132 225 52 43 30 116
    22 2 95 16 16 145 136 165 92 242 62 138 197 84 88 35 117 180 197 196
    26 158 147 7 157 122 30 57 142 98 151 80 237 110 92 185 42 152 251
    46 143 160 193 247 22 230 75 23 183 113 13 85 184 241 31 224 143 174
    123 42 82 143 221 211 46 165 116 211 32 86 52 98 200 24 71 18 31 84
    207 109 201 172 251 68 217 132 153 173 124 255 170 82 123 163 86 3
    95 19 10 86 178 64 128 17 124 109 68 247 217 206 127 65 10 131 42 11
    146 4 80 15 110 150 166 37 87 185 153 136 176 150 153 209 25 177 12
    175 215 69 99 87 207 130 139 239 251 247 183 92 136 55 37 219 176
    240 78 184 156 199 251 73 254 59 37 52 225 204 231 138 62 255 56 167
    174 229 227 249 200 225 179 156 19 208 225 241 92 137 235 250 80 151
    132 187 59 39 180 73 17 58 145 17 133 157 200 226 251 159 132 29 130
    208 187 211 30 53 150 67 76 12 29 170 138 30 34 201 67 210 16 230
    105 250 127 231 240 165 198 191 4 152 123 134 253 104 145 15 152 248
    243 71 116 54 43 165 59 38 17 54 151 17 36 239 18 21 205 26 35 240
    124 226 158 57 89 68 44 119 71 70 240 7 252 151 153 193 32 31 125
    132 46 82 137 244 255 3 241 241 248 88 216 152 121 197 128 178 74
    240 99 42 241 242 34 205 48 0 187 241 47 56 29 21 143 97 216 101 96
    165 216 70 233 107 205 161 8 189 203 77 0 139 238 181 92 16 131 219
    86 90 130 25 99 27 14 200 84 243 61 3 174 48 48 25 6 2 172 44 255 81
    103 171 136 130 209 7 124 57 88 217 225 24 198 232 69 68 126 157 154
    228 9 130 40 205 105 242 195 67 106 29 47 147 106 190 3 39 44 132
    152 19 51 119 187 11 38 251 248 196 161 4 148 164 16 106 51 134 53
    121 142 89 100 68 158 70 9 138 21 2 224 173 234 93 148 204 141 56 79
    211 37 31 12 45 122 151 136 193 89 254 158 4 181 152 37 54 99 33 140
    152 0 107 65 122 216 179 220 251 125 51 225 40 220 132 180 103 182
    141 54 214 92 121 73 11 45 53 43 168 198 115 69 0 241 150 73 207 196
    113 209 43 47 219 107 93 139 124 8 255 114 60 75 231 219 208 173 104
    28 1 190 188 178 44 64 165 206 97 159 108 18 146 253 34 179 246 39
    57 112 43 242 239 79 224 62 110 151 83 82 67 83 222 155 188 134 52
    198 4 240 145 237 73 226 180 104 49 69 234 88 39 207 128 246 154 35
    246 137 194 195 81 117 4 71 108 214 78 148 113 11 114 241 233 61 129
    97 169 201 118 168 27 148 196 59 210 3 246 152 46 152 185 183 55 239
    191 138 83 230 179 125 229 98 18 24 250 210 54 181 104 177 152 122
    11 33 228 238 76 210 71 206 138 193 125 29 153 148 192 225 211 25 61
    49 237 16 55 43 93 178 196 237 76 250 115 129 38 151 152 7 150 1 76
    206 198 197 220 46 201 1 226 120 232 70 109 117 45 93 1 129 197 250
    7 137 52 62 222 123 241 50 106 252 73 40 70 103 253 46 14 193 33 54
    34 19 253 106 153 255 36 230 46 207 176 210 140 181 133 6 51 175 49
    16 76 182 145 100 47 167 152 211 51 196 180 90 97 169 172 240 111
    180 19 43 6 213 63 38 140 101 31 148 87 106 10 176 205 227 147 234
    177 218 7 173 190 87 233 248 39 91 152 69 63 83 44 203 47 113 234
    219 253 215 131 104 78 216 49 38 43 55 36 245 68 135 94 245 217 92
    116 59 181 223 202 81 168 46 162 69 217 147 9 251 134 12 122 96 240
    190 5 208 222 100 174 51 137 221 44 34 251 95 65 30 174 189 148 94
    146 133 82 146 166 48 134 75 204 68 204 46 87 70 6 170 107 221 60
    214 164 52 54 178 196 124 149 144 240 78 35 182 247 130 44 62 70 240
    202 215 157 248 92 22 83 116 171 235 158 62 203 160 58 255 145 62 39
    27 154 130 233 17 203 101 219 110 216 32 67 243 237 205 250 54 181
    245 166 84 142 44 102 228 105 91 65 72 197 181 57 45 74 125 24 239
    173 157 121 128 168 252 39 90 242 118 50 102 239 74 243 142 133 139
    102 7 247 247 79 170 232 96 250 232 216 36 129 43 17 54 95 215 248
    144 255 43 209 33 237 74 133 158 112 150 76 230 22 145 115 188 138
    100 92 241 74 233 49 77 103 255 109 84 44 70 69 195 223 56 139 161
    72 235 170 234 170 231 8 135 107 121 85 78 10 47 146 41 91 231 82
    183 46 35 106 120 63 222 215 169 63 174 166 75 152 88 25 248 6 114 4
    213 71 194 84 218 189 24 123 180 234 57 155 169 57 177 15 71 38 86
    165 81 134 219 199 235 221 53 55 232 163 112 97 169 249 106 169 205
    90 206 131 188 103 233 135 21 76 80 185 85 219 133 223 122 28 171
    132 169 79 121 101 160 20 201 179 136 83 155 62 85 43 46 128 176 137
    48 27 206 231 192 179 229 120 61 85 133 170 209 96 107 192 133 254
    108 251 218 10 2 46 45 146 188 101 147 123 149 163 29 139 117 102
    235 246 39 104 131 195 60 85 115 205 56 62 211 119 160 175 82 182
    222 11 184 197 177 143 54 146 50 80 253 99 38 135 255 151 50 33 143
    52 145 207 32 150 97 218 51 77 6 0 238 88 107 171 165 159 45 168 84
    123 90 254 58 36 252 73 105 122 200 118 223 247 192 74 150 139 117 6
    101 232 249 167 152 155 192 67 142 140 253 78 228 196 231 139 6 12
    231 184 34 245 209 223 94 85 171 230 103 128 225 47 33 241 126 84
    179 125 194 225 131 7 50 177 23 68 5 225 10 229 6 137 180 161 130
    236 159 136 207 113 130 239 106 64 137 219 39 46 157 25 163 52 121
    193 171 179 10 99 89 120 152 156 123 2 113 74 127 36 127 248 249 114
    133 43 130 123 236 194 35 39 50 144 159 107 186 77 65 251 219 48 191
    202 32 19 231 252 17 138 231 182 230 112 221 22 123 242 70 209 132
    56 252 134 123 205 33 99 217 90 243 45 53 194 43 219 190 53 106 203
    30 60 57 35 18 53 31 35 168 51 84 18 62 234 170 223 70 60 75 156 63
    97 94 177 213 190 91 251 95 44 204 70 103 150 66 160 165 7 196 18
    137 75 160 223 66 123 98 26 183 254 155 59 0 168 55 184 52 113 242
    73 191 15 175 147 102 167 163 167 116 36 113 103 212 84 160 198 117
    132 140 103 12 236 29 20 110 160 209 118 29 198 206 211 26 115 12
    137 196 78 202 123 63 222 126 217 113 174 114 192 20 69 168 22 115
    46 212 15 151 232 133 152 60 243 175 82 160 49 155 213 44 189 207
    226 159 163 60 47 88 73 183 115 37 86 252 224 94 226 124 218 67 90
    185 115 44 132 129 37 140 100 56 36 229 210 232 187 61 101 33 66 174
    158 175 55 173 54 44 244 61 245 113 229 177 117 20 103 77 65 94 61
    240 171 215 230 146 8 125 119 166 226 250 112 201 194 43 122 222 91
    15 199 103 21 59 217 207 213 246 34 103 109 235 202 108 226 193 206
    164 236 124 43 117 175 63 231 98 227 77 89 240 187 86 97 95 184 186
    110 199 16 93 78 44 234 120 97 49 185 25 30 60 116 51 137 185 29 234
    25 146 133 54 154 35 229 215 131 215 124 51 133 131 208 12 158 66
    170 138 218 223 184 195 152 82 231 240 2 145 45 47 56 46 245 255 33
    73 251 157 108 131 108 72 6 115 214 91 70 222 144 233 119 61 230 1
    253 151 138 103 211 74 75 37 165 107 53 201 227 47 124 254 34 58 89
    107 188 188 28 232 38 24 121 40 49 243 128 11 197 199 99 201 120 193
    201 128 174 125 133 173 178 137 134 97 176 127 147 209 27 136 6 133
    33 138 195 42 55 108 44 193 160 131 150 204 191 225 122 82 42 38 127
    26 124 50 11 153 91 169 43 245 108 140 0 224 224 64 166 18 149 39
    237 213 204 215 82 57 112 8 87 209 254 22 208 160 128 69 135 68 179
    158 154 179 31 111 234 135 124 150 236 6 197 151 192 111 97 5 105 16
    114 247 107 248 219 141 224 217 241 85 108 91 100 10 14 233 49 170
    212 79 153 231 45 152 18 0 108 54 60 29 63 236 11 114 79 41 174 88 1
    244 207 241 57 152 185 55 85 81 162 139 5 164 191 203 243 40 141 206
    95 172 186 233 7 93 160 141 159 13 157 27 151 112 222 187 109 198 42
    116 192 232 104 55 50 139 1 116 175 31 237 7 241 33 19 199 135 51
    222 6 225 11 224 105 12 111 96 178 18 61 85 157 5 239 89 64 52 205
    190 141 156 46 2 113 173 21 244 99 43 216 19 167 106 71 225 110 19
    96 133 88 67 203 143 129 194 249 140 238 255 40 121 186 229 217 170
    41 159 157 30 223 118 121 175 136 40 72 58 63 75 31 146 8 163 87 148
    112 245 34 28 69 135 177 20 244 204 130 179 68 120 123 124 215 39 36
    195 115 34 113 41 123 41 70 254 13 12 61 150 84 109 209 255 26 24
    210 212 111 56 255 165 185 90 124 104 237 110 112 88 44 83 239 56 16
    21 26 52 31 244 79 5 49 177 174 110 35 164 142 249 212 149 253 160
    240 207 4 140 54 117 199 156 231 202 47 242 79 77 54 79 212 199 207
    189 51 31 83 158 36 58 237 33 87 235 35 217 58 13 185 178 24 130 46
    207 111 226 87 5 247 31 57 60 180 58 143 156 90 39 254 141 51 220 28
    76 152 177 134 68 206 133 39 2 192 87 111 30 175 127 159 217 4 16 48
    64 75 146 22 188 27 44 40 250 24 154 169 7 85 40 180 1 78 165 251 8
    29 146 154 234 172 237 99 6 17 161 164 229 249 64 25 196 29 45 20
    129 40 255 135 200 43 241 255 116 233 114 77 80 252 129 66 135 74
    113 192 107 130 246 179 181 223 2 215 179 25 174 150 153 63 74 194 3
    159 67 190 42 104 71 91 239 237 232 56 34 127 113 187 42 219 38 167
    63 42 96 227 1 11 176 33 153 70 222 238 254 206 77 2 109 201 58 22
    211 247 63 198 112 187 209 245 228 176 124 22 52 32 195 111 200 186
    173 53 68 87 157 107 31 76 174 154 26 8 59 158 126 133 213 198 131
    78 105 218 232 206 134 60 137 229 43 254 98 135 227 86 83 165 213
    153 1 125 246 12 74 84 100 36 170 231 75 179 16 255 173 49 24 20 61
    45 18 237 60 197 179 151 91 55 244 1 143 17 115 223 17 14 95 22 112
    236 4 105 13 44 226 198 101 133 232 16 57 158 98 1 56 170 118 105 69
    47 150 39 153 153 101 128 11 118 104 121 231 20 242 84 14 104 30 82
    60 7 63 117 102 70 168 43 221 72 152 92 34 35 217 178 54 249 57 228
    197 64 92 167 174 98 114 220 254 243 189 83 244 38 14 172 11 162 222
    120 54 229 233 0 164 112 70 170 94 162 142 125 0 24 157 186 248 51
    44 108 203 83 209 16 1 98 111 75 60 42 206 43 225 110 77 62 99 233
    192 204 112 215 145 45 40 79 32 121 202 32 232 160 98 176 234 68 248
    128 135 103 250 92 7 178 26 55 41 67 198 107 244 251 61 86 20 244
    105 32 123 171 20 2 223 238 210 141 185 27 131 239 104 21 230 162
    216 94 30 68 210 118 252 156 233 35 140 179 18 244 238 91 113 182 66
    46 59 19 30 82 92 166 253 230 100 139 131 125 218 8 166 211 123 41
    69 81 31 112 64 22 220 125 80 184 173 237 136 130 204 204 145 213
    106 220 173 62 11 186 55 108 254 119 156 116 187 177 246 16 43 182
    119 102 33 238 39 217 221 103 34 226 40 249 121 157 34 134 63 62 164
    138 109 138 16 202 157 255 113 121 122 193 226 151 110 62 120 226 74
    65 50 217 147 186 8 136 99 153 73 213 99 106 120 246 22 141 9 23 233
    178 90 143 11 13 105 130 135 31 222 32 55 127 141 55 18 143 33 154
    65 97 240 218 6 156 117 255 78 126 183 127 248 72 238 143 157 35 104
    118 37 149 12 77 98 86 24 223 55 138 48 157 33 124 56 13 242 141 194
    120 184 31 222 95 75 197 83 40 105 161 253 138 114 12 70 27 2 177 98
    46 237 76 63 148 247 191 134 248 25 12 11 231 64 55 67 111 83 209
    201 207 90 240 38 129 90 39 29 58 232 10 191 231 215 198 32 150 162
    93 208 161 26 59 204 114 154 72 37 207 241 169 192 255 15 63 109 146
    147 59 90 252 93 67 187 95 46 126 246 200 45 213 147 38 103 71 42
    126 216 98 5 199 210 150 239 232 71 153 91 15 246 56 53 104 149 229
    137 10 106 243 227 249 143 178 87 139 42 250 253 198 28 121 31 197
    237 222 235 141 151 168 230 245 207 158 253 28 78 151 183 193 134
    242 253 120 239 28 137 41 150 134 176 193 179 96 34 108 191 247 156
    116 111 158 205 170 21 13 179 38 252 29 218 246 141 169 168 164 187
    146 59 233 196 53 195 9 178 91 210 220 219 241 242 3 149 153 12 158
    111 243 97 51 93 198 139 236 113 83 226 101 125 239 76 103 213 44 46
    52 57 59 187 169 53 2 216 6 47 253 236 84 200 4 95 212 66 36 34 74
    193 146 137 195 191 204 130 52 34 141 232 202 46 96 243 185 63 18
    201 97 120 227 187 205 173 74 169 75 243 198 145 44 197 122 205 196
    139 60 52 96 17 232 128 66 100 16 65 100 44 168 250 60 101 112 223
    180 35 95 46 53 54 126 156 3 67 231 199 59 203 112 59 121 73 94 222
    92 166 131 172 0 122 192 142 77 4 253 175 202 192 236 233 104 85 44
    126 151 212 49 186 92 227 171 158 214 213 213 115 77 234 147 193 153
    195 169 116 63 8 164 75 220 7 59 228 54 5 214 22 140 200 251 29 6
    246 252 154 19 69 147 89 74 122 111 113 180 209 240 86 142 97 212
    132 221 151 70 56 203 7 174 119 49 33 87 195 151 120 90 106 17 225
    192 214 229 87 227 60 135 4 122 149 237 178 200 38 128 219 78 82 187
    26 19 224 49 34 235 47 51 70 193 136 133 29 183 242 171 174 233 235
    61 113 31 37 95 206 204 118 131 115 47 205 102 254 246 37 242 39 26
    50 96 210 214 123 68 22 245 223 59 240 1 90 213 20 172 99 88 89 122
    64 135 231 163 114 225 189 175 221 196 152 213 192 157 231 160 113
    75 110 124 124 221 82 40 54 67 17 185 170 196 14 233 152 248 237 153
    65 129 214 89 123 213 160 210 144 243 57 117 128 41 36 58 145 73 163
    233 66 96 228 16 107 81 243 124 43 251 179 187 197 23 233 223 236
    241 203 74 60 247 186 204 213 243 53 141 11 182 89 129 141 152 139
    188 251 107 148 249 226 51 41 151 132 1 80 125 10 115 199 167 7 229
    65 40 182 105 144 213 197 80 89 171 67 30 77 195 34 11 93 116 46 166
    177 241 127 58 93 10 44 87 228 204 87 77 130 108 78 154 24 184 4 74
    13 167 234 218 165 115 190 71 183 217 13 150 206 137 87 89 107 158
    234 98 201 125 101 147 83 108 254 13 25 37 48 143 241 13 243 156 152
    214 11 145 250 123 13 230 174 231 165 114 56 93 251 21 208 103 211
    176 203 113 232 202 238 135 131 37 61 197 9 29 243 0 12 176 52 170
    203 68 3 250 73 96 189 66 6 16 10 52 240 237 200 238 129 189 99 72
    94 16 123 232 206 137 119 9 33 212 24 244 222 49 78 88 183 74 173
    242 221 77 84 127 139 120 30 192 222 168 124 23 70 137 27 121 23 3
    42 16 131 173 239 96 180 35 96 36 155 49 220 32 96 5 52 240 180 200
    153 242 247 81 217 159 200 196 57 168 138 35 149 177 82 95 169 174 9
    226 220 227 242 162 160 83 240 89 206 201 29 166 255 161 29 147 14
    238 164 187 176 216 155 208 172 195 40 244 177 201 225 222 246 69 36
    13 203 200 36 234 183 189 201 125 77 202 85 201 27 67 131 229 9 6
    246 40 117 180 184 208 207 197 131 125 27 100 252 220 171 21 238 128
    67 50 14 239 20 113 129 151 115 24 134 21 130 86 233 177 23 227 110
    126 244 220 85 169 186 183 115 12 245 54 141 71 218 19 35 82 48 153
    20 30 132 221 129 166 67 26 100 58 150 248 4 254 134 38 221 141 140
    9 215 81 25 225 28 222 206 10 177 196 37 15 45 54 148 28 117 219 128
    106 149 121 104 115 85 146 11 148 118 95 223 12 126 58 62 64 90 151
    138 20 89 232 99 19 39 215 147 222 178 18 97 171 223 229 169 29 4
    177 153 28 34 101 53 26 179 17 76 155 62 33 72 88 94 107 134 44 200
    71 131 138 33 100 72 195 184 37 253 193 141 28 32 191 101 233 27 61
    115 155 138 47 27 183 22 90 38 164 113 179 79 107 161 129 126 67 65
    27 193 213 92 119 135 245 54 61 95 73 17 77 198 0 202 3 226 109 166
    143 193 81 73 247 132 160 70 165 17 147 29 21 125 169 123 140 205
    214 156 49 251 63 223 147 175 201 87 51 247 112 226 173 127 176 26
    163 100 109 43 209 142 47 198 96 33 162 233 122 146 12 202 98 208
    183 223 253 62 208 206 138 195 178 13 172 243 28 66 113 154 249 107
    44 38 101 120 136 11 63 63 195 215 35 229 197 146 40 14 47 96 6 19
    124 190 189 118 243 71 10 23 168 255 43 112 181 158 69 38 246 151
    105 62 76 253 138 32 80 8 156 55 77 247 141 46 249 92 14 98 63 251
    239 168 255 94 32 163 197 162 147 240 204 74 97 2 15 103 56 169 233
    170 14 83 73 82 26 86 42 56 91 211 36 65 29 94 8 43 38 178 7 107 93
    106 70 249 131 19 143 164 236 91 25 105 255 52 49 200 233 69 22 82 0
    19 96 128 247 164 179 39 93 210 21 99 3 11 151 82 156 67 251 160 226
    189 112 136 112 22 143 52 219 48 35 237 214 58 33 64 23 221 171 11
    227 153 15 218 219 45 77 95 213 150 25 214 155 160 41 21 77 4 127
    106 7 131 24 3 230 61 159 7 38 224 194 239 149 154 9 187 173 207 82
    80 60 161 126 146 252 156 244 204 224 135 86 234 81 166 204 212 191
    171 124 189 69 132 165 183 16 139 88 75 139 111 66 154 22 139 0 28
    242 126 207 109 41 1 232 80 32 26 22 77 197 46 76 75 68 130 75 12
    216 212 19 230 248 9 42 85 197 121 163 138 46 110 209 235 2 83 89 6
    150 74 194 12 183 6 129 83 39 105 11 36 22 220 174 203 122 21 79 48
    206 216 238 182 1 181 182 156 158 34 198 251 28 65 250 161 203 167
    254 52 66 153 221 28 77 84 142 173 45 228 25 69 152 43 160 29 23 173
    135 86 2 40 160 214 159 50 33 110 106 194 32 113 245 3 88 9 189 165
    246 37 126 36 77 200 221 125 242 215 117 181 196 9 185 183 14 69 52
    179 159 219 89 119 77 19 89 43 14 34 161 239 239 196 241 199 175 140
    202 53 120 228 69 87 162 222 198 29 159 169 92 32 89 36 56 252 30
    158 136 217 198 157 114 66 177 241 41 98 172 96 25 65 40 59 229 36
    165 123 205 164 112 215 57 80 123 152 242 164 200 107 130 62 11 105
    242 198 31 46 106 66 152 226 136 202 113 240 200 28 248 216 10 61 52
    43 70 85 129 107 112 180 38 45 103 69 26 11 209 55 255 159 40 52 193
    49 87 93 182 217 184 198 224 119 183 125 7 150 90 29 49 110 48 91
    231 70 7 253 247 152 250 69 4 50 24 135 22 152 33 21 136 86 139 17
    23 192 221 177 205 185 158 82 122 101 251 153 201 93 52 181 152 15
    25 182 200 252 33 148 137 149 226 147 232 108 10 123 230 23 6 243
    167 113 101 2 50 25 173 254 242 47 34 137 252 52 101 199 194 152 112
    156 244 103 146 240 191 59 171 144 68 152 21 132 165 242 191 103 94
    233 5 87 28 27 56 146 74 41 244 136 135 201 129 44 88 133 8 211 211
    253 182 197 40 5 224 40 251 229 80 255 190 48 129 42 230 247 60 165
    113 78 17 3 127 189 13 54 102 10 12 26 218 139 2 64 161 225 22 48 41
    100 215 118 106 215 222 124 39 126 86 52 91 206 217 202 76 0 117 74
    244 160 24 159 107 109 116 1 183 231 120 68 93 248 198 189 89 191 26
    213 118 162 249 177 1 168 68 151 182 217 123 114 72 218 129 212 125
    178 56 107 131 185 18 240 118 97 175 149 207 5 98 224 146 61 43 51
    67 98 4 41 180 78 71 148 43 22 75 68 214 73 224 96 188 74 52 67 140
    227 38 187 188 83 35 58 193 252 130 95 216 32 188 198 122 91 211 53
    196 53 95 74 29 250 240 8 108 162 100 119 71 197 253 53 19 55 116 7
    50 181 222 101 202 215 77 41 164 132 252 228 150 61 146 69 22 189
    126 155 109 202 243 49 200 86 106 58 60 70 95 179 46 109 75 123 173
    195 109 24 202 36 24 158 234 239 145 88 226 101 95 57 109 175 161
    122 161 160 157 76 119 136 208 233 176 5 128 238 217 49 63 156 195
    240 108 238 232 184 221 48 90 131 119 207 29 212 255 4 14 166 87 53
    237 248 238 108 84 126 166 185 97 229 169 131 247 186 61 247 155 2
    45 82 5 16 170 89 151 130 193 93 245 113 43 65 249 223 249 22 7 68
    217 28 161 30 204 193 209 19 106 31 11 83 43 84 227 9 250 64 138 251
    18 228 163 129 252 21 244 245 70 46 196 6 65 60 74 67 68 55 194 40
    84 8 242 109 98 12 223 120 254 18 60 97 146 249 104 57 129 123 213
    15 219 158 132 193 220 160 220 39 253 192 159 82 111 251 201 190 146
    247 143 72 204 10 78 152 78 191 202 175 162 243 201 125 143 26 113
    146 248 31 220 0 232 251 255 212 137 4 88 15 201 225 116 71 216 157
    57 85 147 158 189 249 205 245 140 214 232 104 48 236 224 126 155 83
    171 245 76 132 52 16 43 92 37 14 10 30 102 102 88 188 200 159 72 171
    161 219 124 143 55 155 135 142 39 209 255 7 103 233 175 8 177 192 60
    158 172 138 223 152 142 247 33 197 10 254 63 230 213 129 93 177 63
    114 142 65 222 83 62 119 196 90 18 182 95 63 175 223 152 19 74 211
    254 179 201 209 224 85 226 90 235 82 156 1 60 226 34 236 195 224 45
    133 184 115 175 14 190 24 8 168 98 12 226 230 203 212 173 14 225 247
    237 177 100 186 194 0 112 138 214 192 40 141 55 18 19 145 153 105 53
    87 113 176 65 209 152 237 44 204 252 130 246 220 15 166 74 24 161
    206 24 13 238 169 13 4 164 243 132 223 244 45 180 254 191 75 155 40
    220 111 90 71 231 241 78 145 63 15 172 201 114 106 7 192 150 220 18
    196 24 91 43 71 33 169 246 244 189 253 44 209 178 155 240 8 195 75
    65 241 30 172 129 66 248 80 245 19 18 40 107 19 60 30 119 146 11 0
    241 108 178 234 42 173 115 114 226 84 123 25 89 67 190 89 249 105 23
    249 130 248 50 108 222 86 162 249 209 105 125 97 216 8 84 195 135
    130 101 236 22 20 20 34 191 41 52 63 12 98 59 19 51 167 122 181 7
    139 166 37 164 228 249 142 164 3 13 130 182 12 236 108 39 176 9 121
    17 155 184 4 134 252 187 169 182 176 141 77 171 108 65 68 190 214
    221 168 51 37 168 141 242 228 65 194 172 126 8 99 225 101 5 176 232
    189 3 97 47 243 94 99 67 82 101 88 3 182 158 41 241 79 11 9 230 96 6
    7 182 237 23 111 68 150 118 110 206 218 52 115 137 113 126 196 229
    36 71 171 17 37 242 222 45 90 17 151 130 180 209 61 39 138 123 113
    234 239 203 56 72 164 96 62 100 227 25 52 248 158 11 30 128 24 124
    60 124 39 245 126 132 176 3 214 218 222 0 149 56 147 101 255 239 36
    44 77 194 129 124 172 20 247 158 12 219 181 241 204 234 234 230 111
    21 146 48 242 131 60 18 246 72 11 53 97 31 225 197 196 205 60 174 2
    235 17 149 201 255 8 47 153 253 73 140 46 112 57 230 243 149 252 231
    94 122 232 235 216 67 127 44 118 206 32 203 222 0 80 233 86 246 17
    25 39 39 96 190 72 56 206 33 14 84 38 100 230 215 58 28 151 78 130
    46 116 117 4 240 185 50 62 142 246 69 82 56 22 87 190 21 172 142 36
    106 86 221 3 26 162 153 214 177 195 213 227 199 15 176 1 26 18 227
    173 72 189 231 64 128 68 151 36 130 190 214 7 210 80 137 79 163 87
    230 144 57 45 33 131 222 212 82 217 96 198 88 119 109 237 140 162
    116 250 224 82 27 106 209 221 28 14 58 59 60 44 183 51 55 214 117 23
    22 228 32 174 116 97 167 13 243 164 160 71 96 242 26 249 201 243 221
    17 168 9 249 47 68 201 33 96 219 74 104 104 9 38 35 90 237 217 138
    150 160 136 110 36 199 255 130 92 109 12 85 35 18 115 169 69 87 152
    207 35 134 255 251 182 193 198 92 110 226 212 108 195 230 234 54 119
    154 240 23 65 54 172 123 166 68 235 214 68 84 132 141 52 184 230 32
    251 137 70 192 194 28 202 6 254 22 54 43 38 154 24 90 201 208 211
    241 23 7 217 204 215 62 98 223 237 144 177 61 188 204 236 46 79 254
    131 38 218 128 114 215 66 190 76 189 238 57 189 165 187 132 238 47
    29 218 98 143 245 170 211 199 170 176 183 158 167 44 27 40 71 147 86
    114 60 119 179 31 143 10 195 138 134 107 162 24 37 83 118 146 28 0
    197 224 107 185 167 171 185 30 141 180 137 186 96 14 178 174 182 70
    7 237 112 228 210 114 94 249 253 167 75 211 213 164 255 227 108 107
    11 122 5 18 169 27 74 235 38 52 168 113 139 200 64 6 81 173 129 188
    205 102 22 168 191 151 224 213 151 28 117 56 235 10 49 159 138 188
    183 189 159 168 107 39 121 11 132 107 211 75 153 116 114 25 127 79
    190 116 237 101 27 217 68 231 4 50 34 161 228 117 237 147 29 205 58
    27 2 229 51 239 201 108 124 207 3 123 90 158 101 224 11 36 165 175
    167 170 178 25 9 184 101 138 149 29 71 217 173 149 23 35 250 112 19
    190 37 161 0 17 54 128 196 32 244 181 8 51 197 240 134 163 217 169
    89 220 49 196 41 235 196 8 61 236 249 211 12 193 162 49 214 199 133
    208 161 133 77 143 121 182 136 56 179 128 165 190 71 176 27 190 239
    224 152 4 120 27 32 232 254 183 221 130 60 254 106 19 200 83 42 82
    242 18 26 5 210 172 147 177 242 123 58 8 234 116 248 140 202 192 123
    20 213 62 205 82 119 200 152 125 15 47 18 235 249 190 100 205 187
    146 4 23 145 128 29 182 215 57 224 183 169 19 163 25 244 222 222 81
    161 101 213 185 203 104 166 18 203 86 48 59 158 184 126 23 12 204
    159 164 151 48 227 39 149 219 118 71 60 42 232 73 246 176 119 117 64
    65 81 4 213 85 17 24 51 130 121 32 184 143 252 203 200 133 55 97 28
    191 238 182 248 38 101 255 89 2 114 160 237 188 236 30 170 52 56 116
    227 203 98 10 174 249 68 34 165 82 36 15 142 87 55 243 103 69 166 17
    142 96 136 197 135 33 186 216 202 138 2 58 6 132 165 233 193 77 64
    168 143 222 165 109 212 242 228 93 32 78 89 193 40 120 160 171 6 141
    18 208 134 199 42 120 234 26 148 240 114 189 78 112 12 136 175 206
    210 10 84 124 40 219 146 61 212 58 229 89 62 102 36 181 243 250 14
    164 196 227 22 13 236 211 76 233 144 245 185 166 22 121 230 61 4 171
    235 73 32 211 89 56 132 58 182 44 151 77 224 180 186 7 73 90 155 79
    3 139 113 39 156 204 32 222 246 20 12 253 212 185 132 222 117 154
    154 21 88 244 87 212 121 178 136 197 58 140 12 134 57 62 139 136 5
    210 132 56 145 214 11 158 172 30 238 60 163 80 192 60 65 243 228 185
    124 252 235 220 193 163 163 218 173 88 114 237 64 7 90 189 104 153
    83 229 127 79 205 129 222 252 101 238 109 195 70 137 141 157 87 81
    90 57 43 242 44 16 229 200 154 123 221 243 198 7 41 139 83 209 208
    243 181 122 122 185 145 115 54 19 112 42 93 107 42 122 62 61 55 218
    33 182 144 123 162 107 208 103 47 163 116 140 143 41 230 172 182 177
    116 13 231 26 188 90 27 195 165 189 130 193 142 6 64 95 78 189 161
    99 1 43 22 243 198 107 91 255 228 113 179 149 154 105 201 28 109 149
    197 193 67 60 62 116 246 166 32 20 71 186 26 65 87 89 18 148 158 37
    207 100 133 2 28 237 157 42 142 240 50 57 153 218 73 219 173 55 138
    91 137 235 38 39 184 190 22 156 22 1 228 57 154 59 26 155 147 24 28
    71 241 159 46 175 165 69 240 248 162 18 205 73 60 199 123 167 106
    236 54 216 103 155 17 48 55 165 204 135 160 174 8 145 51 146 238 130
    104 193 12 79 15 79 218 220 171 209 114 86 111 125 208 222 39 118
    204 14 140 215 87 89 249 75 151 47 184 122 52 159 110 77 240 36 176
    210 200 151 80 59 116 20 95 98 90 107 176 62 201 118 242 166 132 204
    169 121 124 66 25 65 211 42 49 66 13 220 136 202 179 164 212 213 51
    99 115 74 154 138 198 40 81 47 115 243 17 155 69 82 8 127 242 174
    126 219 88 239 87 137 2 116 127 90 184 127 132 212 242 5 155 144 1
    204 253 77 229 86 71 234 52 33 96 67 103 134 147 61 234 227 107 145
    120 142 166 105 74 127 38 102 197 25 100 74 0 199 105 48 97 42 58 13
    85 160 122 151 206 193 137 48 38 137 234 255 233 133 158 113 176 232
    123 98 146 218 80 245 182 107 29 115 167 168 122 159 165 44 189 98
    182 221 232 114 29 193 95 202 173 204 252 252 177 196 216 95 72 172
    106 103 201 76 116 205 2 173 252 1 146 17 128 21 66 107 167 34 111
    26 28 131 217 185 61 40 185 221 210 228 6 247 135 107 114 231 53 64
    210 119 240 39 134 2 173 184 240 194 112 180 215 193 239 211 205 161
    54 170 201 86 172 253 228 48 209 70 136 216 45 136 142 61 171 90 71
    115 126 253 159 76 234 75 19 191 186 107 0 150 122 36 189 113 67 39
    250 81 129 214 188 240 89 230 145 127 226 245 32 57 61 238 178 232
    203 248 135 57 200 45 34 152 141 25 12 101 32 78 148 21 19 43 222
    205 69 11 240 11 190 82 89 177 8 53 210 240 15 156 170 43 220 41 60
    136 168 205 5 46 160 4 54 235 182 18 231 99 225 174 35 18 111 110 69
    228 140 76 83 139 217 233 170 251 8 63 158 56 71 113 146 159 175 51
    231 188 88 18 211 164 124 127 45 139 83 56 109 39 201 213 111 146
    140 166 189 114 191 62 69 253 221 114 61 148 113 190 206 223 41 95
    72 151 142 69 191 225 18 51 4 10 126 37 65 224 78 189 195 71 40 50
    131 127 227 209 244 20 19 167 62 137 109 59 14 49 160 38 115 40 77
    81 97 205 105 133 106 105 68 242 192 163 229 13 47 232 121 144 92 38
    152 130 106 242 132 13 69 49 170 199 123 191 202 162 169 91 219 204
    249 167 119 185 194 20 144 217 128 172 63 247 188 175 171 142 199
    120 177 70 119 82 246 111 173 171 89 121 148 244 9 175 27 180 17 182
    40 118 185 25 214 80 86 62 107 243 61 30 217 240 85 239 59 212 57 48
    94 159 240 137 41 138 237 231 145 130 143 41 177 183 175 153 204 240
    194 201 158 147 248 187 121 172 84 160 160 225 15 98 51 106 185 26
    106 137 244 168 253 152 177 197 139 139 51 201 211 51 228 137 243 95
    253 142 52 239 132 28 168 80 39 78 10 246 185 246 111 234 168 21 231
    82 212 83 21 146 52 166 208 69 1 111 225 62 104 35 174 47 103 143 16
    232 159 239 175 184 252 89 180 33 186 34 244 7 221 88 108 149 110
    105 178 186 218 157 181 92 201 136 212 152 85 248 144 228 66 78 209
    6 65 157 83 69 188 188 58 147 96 174 61 239 98 74 61 171 125 203 69
    138 70 16 60 54 137 142 243 175 225 41 241 15 225 40 156 211 224 46
    189 190 165 33 216 242 52 159 5 234 195 213 18 202 196 38 83 147 141
    151 109 23 134 122 115 190 21 147 150 38 157 228 156 255 154 17 152
    40 252 133 132 225 6 14 95 79 228 22 77 250 151 205 240 101 225 20
    203 237 167 88 59 81 185 168 74 159 36 189 118 36 219 19 28 94 29
    134 7 183 175 244 141 131 107 215 184 121 12 227 109 103 188 182 21
    127 90 231 19 217 12 88 161 199 120 28 207 78 236 63 55 47 66 234 96
    221 93 227 103 228 16 140 139 251 208 218 10 160 120 116 40 192 64
    25 89 171 160 129 85 23 238 173 0 135 241 113 124 253 77 188 37 12
    21 116 13 246 57 56 93 197 46 50 3 191 143 236 60 91 226 238 71 152
    73 87 72 214 226 7 55 31 23 216 155 48 40 96 149 190 14 60 0 207 48
    168 125 61 50 157 126 171 153 110 171 4 196 155 107 144 203 28 52
    123 46 162 44 65 46 29 65 191 27 78 89 164 86 237 204 14 150 188 82
    43 240 143 109 119 48 80 4 31 123 103 205 144 140 119 99 212 72 166
    252 90 69 73 217 187 40 212 8 150 176 195 100 242 158 104 106 169 81
    210 140 126 62 146 13 69 200 113 15 122 138 8 201 192 163 226 122
    134 178 95 129 47 199 234 69 98 178 56 144 157 158 29 169 176 139
    252 187 63 22 49 134 169 110 81 113 38 117 177 96 145 55 121 121 59
    25 172 33 246 78 203 177 110 70 171 112 155 68 104 52 6 113 1 214
    161 184 15 190 237 219 40 184 132 136 70 110 131 143 157 192 99 230
    211 24 48 157 132 63 209 32 219 10 166 77 71 243 102 50 49 10 223
    185 108 143 150 174 227 117 42 171 103 121 105 175 229 22 102 242 95
    16 76 23 203 75 189 77 134 235 64 163 81 166 250 140 118 34 90 116
    244 179 152 186 28 132 110 113 49 31 62 131 250 80 139 185 11 133
    140 188 241 90 146 206 211 144 8 59 71 47 149 114 5 56 212 206 9 4
    76 54 221 111 79 3 66 235 102 173 198 124 115 107 13 21 164 8 96 85
    242 248 221 141 124 123 73 104 133 240 181 138 64 214 250 52 241 183
    233 82 50 128 242 142 189 73 193 169 141 73 50 41 47 174 184 100 103
    229 22 232 45 164 160 137 106 118 230 95 247 80 87 56 46 176 128 137
    132 53 29 69 178 217 168 143 185 191 155 46 64 45 16 255 151 240 19
    136 100 158 81 123 136 222 1 192 140 227 46 52 202 97 121 133 14 72
    223 26 202 221 118 50 10 189 46 79 6 230 83 145 128 48 126 215 180
    167 28 180 112 195 60 148 146 77 44 145 86 15 104 228 146 184 239
    204 136 8 41 111 101 230 25 214 80 85 194 87 134 95 227 226 168 138
    230 113 213 212 252 85 114 57 13 73 31 141 43 222 96 102 190 142 33
    83 24 62 140 205 163 204 2 28 142 200 174 56 81 101 126 212 100 163
    4 204 94 29 9 167 7 130 175 28 151 249 214 103 39 69 229 0 100 192
    253 227 170 131 202 66 171 40 192 224 232 112 21 2 179 238 137 194
    116 213 196 24 250 252 109 186 146 96 171 90 247 241 192 185 116 113
    209 10 72 51 187 106 115 108 90 249 135 124 69 53 14 105 229 82 229
    5 177 146 62 142 239 203 114 88 223 58 26 27 190 165 112 14 101 18
    137 20 209 122 83 60 169 126 26 105 118 28 27 120 126 111 6 228 161
    21 216 89 25 205 139 58 222 65 13 98 106 90 101 115 37 165 23 3 159
    132 203 47 54 87 93 64 41 72 2 145 245 8 128 68 35 54 96 73 14 165
    187 143 14 60 194 163 58 33 163 101 153 112 75 10 162 195 179 227
    244 235 134 136 97 26 95 208 100 13 46 229 122 235 165 184 188 188
    206 97 187 135 98 10 220 28 52 112 89 58 104 205 170 246 87 85 72 53
    217 132 111 69 145 95 205 243 170 8 255 49 21 103 145 82 82 151 49
    91 202 236 179 186 247 252 189 45 140 238 20 128 251 213 224 153 153
    106 129 66 34 62 38 174 44 106 97 18 178 84 145 205 228 16 15 149 63
    133 146 117 51 18 77 164 158 124 156 141 85 80 131 102 87 171 111
    111 50 238 112 95 136 105 228 224 199 191 192 50 57 104 191 89 21
    104 6 150 156 213 178 162 138 6 119 198 71 39 233 177 46 112 57 80
    14 23 120 48 101 210 216 223 149 153 113 237 155 164 120 29 103 222
    195 94 148 176 149 18 25 88 115 205 16 185 191 153 214 6 57 248 77
    211 160 83 178 188 166 254 149 182 98 158 43 85 18 154 32 205 210 82
    224 75 215 209 98 79 49 113 127 134 58 194 202 41 81 199 186 137 99
    225 213 73 52 34 112 125 147 236 0 86 0 199 86 209 174 246 190 8 236
    210 172 64 146 170 224 236 149 143 98 203 253 134 191 162 235 243 43
    130 12 63 178 97 241 233 134 97 39 52 201 100 22 247 50 187 227 7
    177 133 50 209 91 61 226 27 111 84 210 160 61 76 57 9 40 37 175 251
    22 182 255 125 83 156 225 226 80 31 224 118 220 229 143 97 19 156
    237 153 147 0 236 21 247 42 226 64 196 64 126 239 9 126 33 61 209 2
    129 251 39 132 215 27 77 127 2 176 215 108 70 222 109 101 110 166 5
    96 231 150 2 215 202 121 107 174 229 158 129 217 219 17 1 59 136 208
    194 23 180 98 240 142 46 19 230 76 223 205 85 205 169 52 106 48 152
    96 56 107 210 109 233 49 34 170 61 23 121 73 248 191 181 39 109 231
    157 155 81 24 255 214 107 198 52 23 177 124 156 157 25 49 101 234 65
    53 238 47 176 72 49 244 161 136 211 42 78 206 132 254 8 192 177 203
    81 69 252 170 190 169 30 137 206 212 103 178 20 162 3 147 130 211
    190 21 221 116 205 48 232 70 177 75 183 155 195 229 191 84 75 130 86
    143 134 250 103 24 51 231 234 43 184 134 205 243 245 218 254 146 250
    196 87 115 120 169 171 170 187 156 159 113 192 254 93 137 146 245
    158 214 196 31 80 63 180 43 197 246 4 157 75 66 124 202 244 71 54
    135 171 174 88 31 14 4 54 172 181 62 133 75 234 105 254 231 229 104
    183 124 233 143 13 86 27 73 118 54 25 190 251 87 250 42 80 255 233 4
    152 18 61 45 194 104 191 58 31 123 153 52 135 197 52 246 170 161 173
    157 59 36 227 181 166 122 78 157 217 16 186 45 119 141 186 179 115
    30 159 110 250 226 147 111 56 21 89 3 162 96 170 121 26 141 35 95
    160 190 85 214 127 81 179 205 166 110 158 71 37 42 77 227 85 43 222
    52 19 153 197 217 217 164 219 50 165 179 232 137 223 50 124 159 92
    205 34 85 36 104 18 13 218 200 104 116 253 55 23 188 71 92 180 163
    126 32 153 88 9 65 77 91 202 76 76 128 58 144 236 114 17 191 179 35
    16 170 137 212 196 204 179 6 130 200 139 221 73 242 125 4 52 247 106
    16 123 227 237 59 245 35 116 137 171 113 217 179 69 29 211 67 231 1
    243 4 147 183 216 172 77 168 110 41 12 24 248 19 198 9 31 108 207 60
    21 133 5 68 34 81 209 29 237 129 225 69 231 226 74 158 107 245 72 7
    169 180 150 38 32 229 103 254 71 224 245 165 186 219 130 129 64 204
    202 141 171 144 63 184 79 89 2 147 40 61 189 219 136 136 113 31 36
    169 201 80 199 76 163 194 130 81 98 188 241 216 24 29 116 144 218 80
    17 199 41 183 171 26 52 19 171 254 11 208 196 78 168 42 206 1 4 205
    70 88 234 185 200 41 83 51 237 7 233 230 14 60 67 224 231 174 54 250
    130 211 23 152 198 118 90 23 87 243 173 131 194 145 244 170 16 214
    90 144 39 206 11 152 25 224 195 144 106 129 232 88 114 165 152 120
    112 205 54 59 223 18 24 5 32 186 137 104 109 58 44 43 231 189 132 40
    54 73 86 152 107 94 67 205 69 96 51 138 39 136 67 148 229 99 231 183
    210 151 204 167 17 214 183 43 2 175 221 149 156 134 57 193 42 115 5
    157 244 79 117 0 48 164 208 7 97 188 230 229 54 237 79 145 83 153 21
    37 238 126 121 125 126 26 93 211 83 135 144 81 151 233 93 150 30 186
    65 68 191 20 189 132 88 63 154 179 107 139 229 1 253 184 96 125 43
    232 106 237 49 113 31 226 252 184 73 55 184 32 181 44 237 138 159 77
    211 157 162 174 30 138 149 63 165 197 251 6 166 35 136 92 157 56 186
    223 247 184 136 33 224 138 155 212 142 205 108 194 156 68 219 159 56
    141 6 201 117 43 170 254 194 16 47 142 20 150 3 200 155 101 250 11
    181 232 44 56 194 159 231 55 204 173 11 57 93 232 20 90 241 122 225
    24 131 143 3 60 85 220 0 10 113 201 90 132 241 224 244 91 27 181 53
    158 206 130 243 5 235 249 53 193 32 4 92 154 99 170 108 92 58 77 47
    14 212 153 156 99 57 84 136 132 235 237 151 84 68 84 36 193 65 183
    197 134 213 79 225 133 165 101 200 220 6 51 145 124 111 29 250 56
    177 148 67 50 6 170 243 95 91 224 124 210 89 195 20 63 252 35 95 149
    154 151 209 216 19 161 143 149 17 94 212 64 234 107 227 215 156 125
    17 223 31 1 0 85 128 53 96 121 249 163 95 111 48 244 31 94 89 84 126
    12 80 249 186 172 194 38 133 244 239 111 110 44 64 85 136 114 78 17
    33 88 126 69 62 124 235 75 198 110 228 238 106 210 27 8 23 168 51
    115 185 107 139 39 88 81 88 160 103 16 233 213 151 187 72 233 230
    119 250 126 221 217 248 5 141 14 126 168 29 166 10 135 111 138 46 1
    32 22 159 39 69 158 202 132 155 202 133 124 157 5 126 31 130 96 123
    233 182 236 171 163 74 246 116 84 214 80 189 114 105 34 56 56 100
    194 154 134 206 144 88 8 134 146 174 72 138 104 141 64 106 144 100
    229 47 155 117 82 59 117 158 74 124 190 1 131 70 96 155 19 97 245
    144 218 224 120 112 6 177 228 53 82 47 239 88 211 114 21 66 90 208
    104 224 152 21 230 2 100 186 91 129 146 144 21 72 227 255 30 169 29
    133 238 190 20 82 238 48 77 72 31 95 26 151 148 98 142 208 224 11
    162 106 249 169 73 139 93 81 74 97 79 254 82 47 214 145 95 109 116
    146 175 156 164 62 26 217 27 192 140 131 48 32 246 210 130 190 112
    87 114 98 164 162 149 205 86 235 144 43 71 80 49 192 70 197 176 71
    254 34 203 63 69 151 126 254 67 45 73 53 197 83 163 99 43 138 237
    182 146 235 233 10 200 18 142 253 207 99 157 66 86 93 144 133 142
    222 126 148 42 136 124 179 233 59 219 237 24 135 31 55 243 213 8 190
    115 133 86 27 115 76 145 126 164 11 13 117 48 249 26 214 165 234 188
    15 81 30 89 18 15 107 102 43 252 219 226 63 141 2 9 167 41 55 253
    120 233 24 74 147 169 86 49 183 243 253 219 214 117 12 63 16 217 12
    109 61 89 133 98 3 134 122 226 127 248 226 124 142 151 214 177 115
    162 10 68 236 188 253 211 136 203 7 200 201 215 13 120 84 61 109 159
    45 4 19 101 187 221 7 135 34 109 22 108 78 119 99 51 27 80 8 206 253
    166 199 83 61 110 110 115 179 13 51 193 158 81 71 129 192 149 148
    130 34 51 84 231 123 107 14 157 142 156 184 49 251 226 255 4 35 22
    194 90 41 135 154 249 235 160 103 213 181 170 39 157 6 229 12 164 43
    155 241 41 48 205 27 137 225 4 236 66 115 21 111 147 49 134 212 167
    17 79 57 203 228 25 191 169 58 5 168 140 12 203 118 150 76 43 131
    241 29 107 122 2 203 68 138 206 200 101 93 34 99 104 131 10 192 89
    48 244 7 169 10 93 150 156 76 15 58 125 175 108 187 83 100 44 218
    128 182 180 126 133 167 179 146 124 106 102 193 24 122 244 11 31 39
    55 10 72 80 129 110 60 240 184 222 176 56 13 226 71 149 186 60 102
    17 178 230 2 234 172 50 1 138 115 63 229 213 68 72 158 141 74 42 72
    54 164 171 182 168 34 122 130 141 212 167 76 158 116 250 74 10 57 25
    214 1 74 54 32 85 185 153 62 214 173 212 247 242 247 230 65 19 171
    201 73 71 25 158 160 173 20 250 177 74 163 23 244 81 84 222 56 154
    244 236 87 106 146 228 170 109 8 230 30 118 57 201 122 86 95 21 47
    12 82 239 87 77 53 176 250 103 121 183 250 1 89 143 90 204 174 99
    203 129 2 131 122 151 233 15 206 246 196 234 110 137 67 179 175 216
    131 100 242 243 216 114 179 186 214 60 35 32 2 52 157 223 30 230 232
    98 192 63 80 120 2 218 243 203 33 210 254 79 102 179 28 31 53 30 44
    148 246 46 158 190 13 101 144 12 173 105 195 131 12 6 66 93 232 206
    164 201 63 218 250 161 120 121 61 215 131 69 251 239 48 57 168 95
    229 162 54 70 193 146 62 42 244 174 199 50 113 69 120 203 175 109
    154 53 108 218 210 27 56 44 67 53 112 137 124 75 89 241 57 162 120
    46 179 164 131 133 208 6 243 60 186 74 201 11 65 95 163 28 7 199 164
    192 213 214 229 29 53 23 73 254 81 118 221 93 2 183 236 219 131 180
    136 118 190 123 166 168 203 23 15 239 5 121 74 83 114 121 194 149 62
    153 98 178 222 112 152 112 103 242 55 221 112 219 117 35 142 219 139
    77 218 113 179 215 160 112 226 81 39 133 241 76 67 194 245 177 23
    221 206 88 141 172 207 212 244 167 168 4 33 204 243 234 77 70 26 174
    166 224 255 190 105 136 141 43 152 27 86 114 196 192 172 248 207 13
    103 68 140 132 115 101 172 22 142 35 205 109 6 237 177 4 164 126 144
    140 160 229 135 109 223 160 202 223 250 74 56 35 14 81 187 161 169
    213 66 102 202 53 169 192 226 72 73 70 29 223 125 176 247 83 126 214
    11 112 86 216 215 30 105 235 232 166 186 137 226 92 54 71 189 242 55
    31 75 222 159 244 237 157 240 219 149 67 3 7 30 209 53 88 41 171 39
    207 141 132 94 155 57 109 136 158 1 88 66 163 193 61 154 66 72 190
    183 8 93 48 17 58 143 3 183 241 33 120 6 216 73 153 57 99 101 249
    249 104 1 43 73 93 197 56 136 227 115 97 55 188 9 149 202 4 52 142
    71 163 30 26 59 112 181 94 32 89 86 189 67 19 142 20 117 49 23 28 38
    231 193 168 248 37 142 97 158 4 234 3 174 36 105 56 96 101 232 119
    251 232 155 183 151 253 59 105 0 205 158 177 36 46 135 50 204 138 57
    39 124 199 31 194 163 51 240 60 138 231 181 158 26 50 179 113 124
    135 173 219 119 254 241 149 151 117 43 45 250 139 188 91 218 110 210
    77 2 1 178 59 92 240 76 166 120 48 124 192 206 2 100 90 8 190 87 48
    157 200 137 173 133 133 122 181 149 24 111 212 135 53 127 87 157 133
    228 94 37 213 20 99 213 130 93 149 67 50 191 233 40 114 60 233 188 6
    5 55 11 70 61 194 122 123 138 98 216 116 138 182 66 166 78 13 119 88
    159 122 55 246 159 131 128 157 232 86 207 52 34 156 136 250 249 46
    75 45 134 128 83 146 196 227 220 158 82 209 214 27 172 53 146 182 34
    156 202 156 239 23 180 135 28 118 38 246 25 130 169 49 23 245 199
    168 220 249 104 180 135 86 137 229 244 243 254 213 244 196 238 59
    101 6 14 85 177 116 254 99 119 167 26 209 255 210 13 89 166 115 169
    146 190 39 141 222 229 127 220 173 72 103 61 57 61 137 167 206 177
    155 34 242 10 0 132 104 105 89 111 190 15 218 29 158 71 87 218 162
    137 239 20 168 163 45 22 242 152 183 158 206 67 97 92 204 120 160 18
    85 181 196 124 10 6 202 251 187 142 173 155 72 242 40 111 6 253 249
    35 7 101 226 148 212 188 133 37 119 139 203 151 1 81 142 99 246 81
    84 103 159 218 17 129 86 76 146 43 122 126 143 221 147 162 202 159
    75 17 208 219 28 140 57 145 23 75 122 93 250 136 77 65 197 165 43
    201 188 240 157 159 128 51 156 113 213 9 77 31 155 52 102 53 166 96
    213 212 65 52 88 161 4 150 9 12 232 205 212 148 104 7 181 147 123
    131 218 233 172 165 226 181 86 147 5 9 0 157 188 196 152 196 212 75
    143 228 133 158 188 31 88 9 10 231 179 250 111 147 229 241 106 10
    105 254 12 178 201 185 213 88 100 169 81 60 218 84 115 213 11 170
    117 60 151 121 12 45 250 25 76 4 14 239 57 89 26 138 82 76 96 170
    141 105 96 163 14 32 128 225 187 132 70 109 33 117 198 54 129 181 34
    24 138 203 104 53 26 235 43 123 165 251 210 10 169 174 154 64 126 63
    172 21 47 13 240 99 30 236 14 152 174 30 48 66 9 152 4 226 133 108
    95 253 12 22 153 52 27 174 40 68 112 145 145 152 107 71 150 205 235
    246 196 244 226 2 96 238 50 237 214 3 153 162 149 250 35 174 25 231
    166 87 244 170 232 183 100 109 62 240 236 224 176 4 128 3 240 120 61
    38 199 107 160 138 218 47 0 231 8 232 150 149 21 137 153 237 156 180
    60 77 153 243 2 247 195 157 222 63 228 151 57 64 60 148 8 71 130 176
    180 240 69 17 49 236 70 0 254 52 235 24 75 18 117 9 202 190 68 229
    20 83 89 55 57 88 221 100 27 186 118 173 3 29 16 7 188 66 204 53 38
    171 230 170 54 148 183 3 203 114 128 146 32 192 248 80 190 150 244
    49 22 100 32 1 105 187 211 179 119 149 173 191 224 127 63 92 107 61
    238 90 96 34 216 205 14 199 137 109 172 137 106 227 214 124 243 0
    238 38 251 23 134 172 91 53 8 205 135 229 165 31 78 228 73 111 121
    161 15 202 34 61 192 80 198 181 117 62 130 229 236 207 77 188 145 99
    21 28 23 248 159 13 124 66 21 214 209 228 68 31 160 93 54 116 248 3
    7 185 185 128 136 155 97 46 16 118 65 18 67 41 82 72 188 19 199 209
    105 11 206 111 94 217 185 94 176 33 223 140 213 223 233 240 93 39
    184 208 58 184 235 15 120 180 31 24 84 192 255 236 62 175 110 245 93
    67 44 122 151 151 170 125 81 114 235 237 157 42 51 108 221 96 212
    126 94 155 16 109 215 144 218 117 49 229 56 119 156 209 50 250 63 39
    12 150 210 19 199 50 68 233 159 218 126 214 109 218 212 38 64 175
    155 253 129 105 66 99 61 159 17 116 86 185 136 1 221 78 187 75 107
    96 176 230 248 89 242 227 190 103 254 227 104 191 219 190 96 154 73
    39 24 75 71 182 205 62 212 145 209 237 200 131 167 213 169 101 87 53
    38 130 128 109 29 167 109 4 52 89 59 54 159 234 231 105 54 147 130
    204 113 134 4 109 71 21 75 86 78 170 89 214 133 235 60 217 43 146 12
    169 224 36 66 234 216 25 230 113 17 159 77 238 100 230 45 95 76 223
    149 241 71 37 53 85 112 235 59 192 136 23 148 113 130 40 196 249 66
    113 117 243 184 209 212 174 255 102 200 233 35 24 243 171 232 128 37
    117 203 211 38 52 92 29 250 69 128 64 86 1 17 165 171 139 228 232 4
    238 22 34 206 233 195 135 117 115 210 75 206 41 81 158 5 242 142 181
    234 54 238 95 4 18 48 194 23 198 218 216 78 72 30 215 174 158 160 74
    133 22 16 117 81 100 111 118 58 208 152 77 174 204 157 1 37 137 98
    80 48 239 142 216 20 68 216 102 115 123 178 153 116 68 190 51 130
    126 126 103 60 89 8 58 17 219 245 248 157 150 199 102 44 106 25 77
    130 246 139 251 3 157 141 216 174 42 235 184 136 195 129 13 19 214
    120 71 83 195 71 169 3 124 18 28 125 112 146 79 110 151 52 159 23 5
    217 175 33 118 125 238 168 39 58 138 36 28 56 77 157 149 249 9 20 9
    32 29 0 88 91 44 242 174 215 210 87 228 165 77 134 182 166 117 78
    226 94 23 105 163 129 78 186 177 194 56 216 229 60 187 123 44 118
    228 227 168 167 111 109 110 68 136 83 136 121 250 198 116 8 65 156
    226 26 79 118 121 35 160 91 2 27 122 231 76 166 142 49 188 125 13
    135 185 19 121 191 153 210 216 226 244 24 61 123 171 140 15 209 145
    83 152 235 164 42 174 239 254 252 28 250 209 45 230 53 38 160 174
    207 94 72 95 18 35 197 59 57 8 23 0 215 35 17 97 17 225 134 133 39 1
    158 153 104 218 178 172 126 218 1 254 84 73 11 32 172 9 201 255 238
    194 254 220 24 190 241 167 248 57 42 234 78 241 244 160 48 122 39
    216 48 122 176 227 149 25 145 135 181 245 5 233 2 186 65 187 185 130
    245 83 11 176 65 82 248 193 196 233 55 124 126 132 234 156 51 211
    220 245 195 3 4 250 173 91 4 21 30 71 164 155 48 206 174 64 105 76
    78 245 227 242 43 161 15 221 98 230 13 235 84 198 30 7 211 229 129
    64 180 38 200 190 152 238 162 255 126 60 11 175 14 58 188 25 163 232
    253 78 227 214 243 135 71 182 22 178 140 117 175 228 137 212 117 3
    225 225 68 151 5 215 196 29 125 132 194 157 36 147 118 50 168 43 96
    130 207 9 235 247 123 225 87 4 16 116 79 189 94 238 34 51 230 129 65
    242 72 133 251 196 126 126 1 110 37 26 0 208 233 3 229 219 236 219
    127 159 112 41 91 65 153 73 209 27 215 137 170 153 246 41 218 66 143
    7 77 51 202 126 243 111 4 101 0 159 55 25 160 133 158 1 186 56 178
    88 90 29 62 138 164 144 239 42 156 121 181 80 200 201 36 140 129 3
    244 105 201 92 136 221 73 250 106 87 0 246 193 239 156 227 122 62
    229 123 181 2 220 234 241 219 83 188 10 20 99 69 245 132 180 91 54
    26 12 184 208 125 211 250 178 165 147 190 235 75 225 180 195 16 204
    64 150 27 216 41 99 209 219 141 246 45 128 36 110 0 226 39 125 196
    117 195 88 212 5 199 98 207 138 70 248 236 187 41 11 26 107 35 99
    168 110 6 40 99 38 134 104 34 237 66 119 247 63 11 59 251 97 156 33
    98 105 6 72 60 213 182 74 224 147 54 127 56 5 229 191 22 59 27 20
    132 49 105 229 224 86 61 199 91 186 148 192 228 57 122 207 139 50 5
    57 220 129 38 30 230 77 40 94 237 193 137 92 17 150 1 144 59 205 3
    253 200 6 174 143 115 240 253 73 122 7 137 55 210 203 4 120 167 171
    138 89 150 166 71 154 234 5 247 97 215 85 33 21 126 87 64 89 249 132
    156 154 78 235 92 217 50 68 192 122 221 213 247 48 129 120 206 241
    39 207 229 25 159 16 43 143 119 45 90 119 188 246 56 140 193 64 165
    205 212 17 248 95 61 176 44 57 213 141 249 87 43 92 117 104 135 196
    30 35 219 112 184 207 25 154 204 128 14 204 42 21 3 124 237 164 132
    180 127 201 138 255 54 46 166 244 83 105 116 121 142 198 241 3 56
    132 243 137 144 4 64 93 2 238 121 139 84 45 185 118 209 232 175 78
    148 180 119 80 14 47 60 140 18 36 6 51 90 101 155 54 182 88 228 140
    169 232 247 40 62 138 223 250 171 174 45 124 171 159 176 27 45 94 37
    206 157 10 206 96 80 95 177 242 144 59 89 101 128 239 76 139 223 100
    103 132 141 51 2 138 229 124 29 6 210 189 162 190 209 180 95 142 218
    190 245 66 81 186 29 88 111 63 20 131 60 5 22 109 125 122 194 175
    147 119 130 185 66 112 243 50 75 59 14 102 77 196 89 238 110 128 85
    80 196 136 53 70 50 220 29 72 200 46 181 65 96 244 81 43 20 118 12
    198 114 119 20 39 135 220 24 6 37 83 95 13 143 38 229 182 195 118 5
    213 30 83 124 66 251 226 243 255 164 213 139 148 85 104 164 76 43 49
    188 39 221 203 68 96 243 147 113 199 40 60 206 228 255 58 145 0 131
    92 30 154 59 27 192 111 5 116 1 25 22 61 133 91 73 126 125 138 57
    230 115 21 7 230 225 14 32 72 78 105 112 183 65 49 64 99 47 97 111
    124 191 187 190 193 40 232 185 8 86 72 195 217 99 87 58 44 63 204
    154 134 150 207 108 149 228 103 248 210 151 163 227 79 75 170 229
    125 86 246 192 153 142 138 12 10 40 84 29 124 195 100 71 176 96 125
    25 171 33 213 11 16 55 37 236 68 189 40 182 131 54 131 55 248 91 22
    236 67 91 77 246 140 151 189 203 52 252 78 33 83 19 252 14 228 157
    11 91 117 63 39 214 155 133 39 217 9 53 6 157 133 155 139 32 218 102
    152 248 31 160 239 68 135 111 250 188 8 197 251 183 24 49 65 129 243
    167 217 73 26 177 151 72 218 28 109 140 127 91 118 62 23 41 111 74
    212 159 118 134 61 88 203 29 110 63 120 30 89 98 48 250 77 75 95 5
    251 137 103 34 73 26 98 132 79 20 83 109 232 40 234 109 122 222 18
    20 139 237 97 111 93 72 92 105 241 60 124 32 253 16 230 45 16 231 81
    41 117 116 0 211 141 94 234 147 17 232 7 19 42 79 172 240 195 180 34
    71 210 252 161 128 97 82 194 151 86 129 14 206 178 34 233 95 137 67
    37 169 113 55 75 184 114 216 53 10 249 9 147 159 156 95 199 206 172
    4 229 111 103 10 153 126 51 206 218 228 181 97 154 47 54 114 72 209
    44 176 114 202 39 230 97 8 189 77 190 95 174 10 35 151 250 196 41 2
    53 190 227 120 2 237 151 244 39 151 79 7 36 186 88 248 64 27 102 185
    188 66 26 96 153 33 226 40 69 183 171 229 181 7 53 122 185 131 79
    100 6 82 20 196 55 100 67 229 119 107 16 180 3 69 206 250 237 88 24
    35 232 12 224 54 200 127 222 216 174 248 137 235 61 63 174 35 95 10
    174 83 169 199 201 74 218 121 212 31 135 14 152 222 235 125 165 249
    201 55 216 60 37 11 146 98 61 69 31 37 65 46 152 12 172 109 211 213
    217 87 54 199 121 29 217 113 70 234 213 162 195 189 148 251 53 95 22
    146 214 153 178 21 158 156 203 163 140 156 113 211 170 15 68 247 14
    197 151 82 34 69 91 233 135 83 194 172 252 170 103 30 108 41 183 34
    35 87 60 31 0 249 84 9 89 234 230 158 55 51 153 110 121 80 106 13
    213 187 76 20 162 5 16 22 7 59 91 117 53 255 129 65 27 231 157 108
    159 159 181 149 249 149 71 207 249 42 63 121 210 164 93 190 73 221
    166 27 55 186 168 129 72 10 244 134 228 205 245 106 34 11 51 74 168
    48 99 184 157 176 252 144 3 92 156 163 125 114 6 245 203 203 241 243
    56 97 209 197 126 24 29 204 41 128 113 16 117 150 4 145 5 38 26 223
    46 197 148 147 96 16 187 58 122 109 96 57 99 55 20 226 217 17 54 103
    146 45 166 104 59 45 33 101 213 122 201 118 109 89 219 130 202 61 42
    253 32 109 38 157 114 62 19 208 108 169 88 248 242 139 85 24 123 111
    215 217 216 209 100 129 186 94 125 194 108 86 199 17 21 192 98 105
    122 34 140 6 237 78 68 220 123 208 96 165 74 108 69 50 170 149 43
    198 20 74 42 78 41 235 99 195 3 93 187 40 28 248 127 149 17 29 86
    170 89 178 194 36 186 251 167 123 45 122 84 17 204 134 136 121 210
    72 120 104 103 104 100 106 150 77 243 218 222 166 151 115 106 72 104
    30 214 90 65 118 240 219 212 172 52 255 26 36 88 20 36 175 71 235
    241 47 30 247 190 197 46 124 230 161 176 153 26 84 136 111 200 129
    72 139 252 24 101 151 76 40 177 207 159 99 4 189 50 109 58 106 171
    167 27 197 240 148 3 183 221 57 240 110 154 130 158 66 28 216 44 166
    101 82 209 100 160 221 9 163 150 70 59 27 16 177 160 73 33 69 24 50
    217 92 51 154 204 117 228 36 54 110 54 253 184 164 207 131 79 4 163
    49 193 130 75 18 9 245 36 64 174 187 40 227 21 78 49 158 138 224 145
    170 94 18 229 158 21 159 150 5 118 151 167 143 243 216 147 7 10 95
    199 207 224 174 89 82 68 11 190 184 255 1 95 171 29 138 98 168 191
    20 148 106 167 211 24 52 76 177 68 232 69 68 120 23 55 104 80 243
    246 168 188 157 124 223 49 239 250 128 217 89 20 66 217 116 4 69 23
    143 215 164 228 227 87 142 88 182 133 33 232 138 109 174 149 250 152
    60 211 183 177 50 22 251 183 148 73 8 220 64 231 155 250 241 74 163
    210 194 53 176 60 219 119 172 122 122 26 213 94 199 170 139 72 142
    141 110 3 109 181 90 143 236 47 219 238 193 129 47 14 80 47 39 187 1
    82 69 169 235 227 38 71 43 217 162 52 147 103 236 102 144 175 129
    137 245 11 52 158 194 228 74 29 45 141 139 240 33 185 134 207 116
    190 60 165 81 50 208 249 138 12 194 191 4 103 163 64 63 9 40 171 122
    6 83 184 202 152 190 188 232 39 252 16 1 167 103 118 83 100 89 215
    87 191 136 134 230 9 147 82 12 30 162 216 48 180 250 124 176 74 92
    127 123 203 254 4 37 117 106 113 52 244 104 74 151 220 80 101 22 28
    200 19 167 6 87 196 161 152 64 209 27 37 144 109 196 71 138 26 119
    94 162 118 120 61 229 13 14 122 76 5 227 178 27 111 250 43 67 0 221
    189 229 106 222 4 10 215 126 18 145 240 75 102 90 237 157 26 212 248
    77 25 97 73 65 218 209 45 86 229 192 230 41 219 209 136 131 107 206
    6 2 9 142 249 169 199 31 219 211 138 10 166 66 16 131 246 229 123
    169 225 81 103 239 159 51 108 17 148 223 120 42 41 26 128 221 94 125
    101 130 59 49 95 24 46 88 185 135 88 124 75 85 251 11 78 227 214 199
    41 125 28 116 255 101 100 212 36 242 182 177 23 59 155 245 63 111
    232 30 237 230 197 110 48 127 84 102 36 173 183 228 0 225 56 214 106
    91 6 154 252 180 107 120 142 209 146 154 248 65 126 103 160 252 93
    240 68 174 25 76 130 171 55 147 169 177 73 182 103 173 238 157 202
    33 127 157 182 194 228 234 15 37 192 119 98 5 79 134 88 230 104 133
    15 214 18 57 41 209 147 58 176 103 24 220 137 208 42 70 244 67 118
    43 60 221 252 203 23 45 88 125 93 32 90 37 130 175 120 216 15 176
    204 101 14 49 176 207 220 211 3 69 211 118 158 57 32 9 254 112 166
    130 51 30 142 95 245 125 121 6 197 0 105 240 30 131 40 14 196 248
    204 117 32 68 44 4 66 197 46 126 21 37 102 131 61 31 220 148 71 76
    28 56 204 137 109 64 137 148 46 160 185 217 115 201 141 213 148 19
    224 250 114 59 213 116 159 153 166 10 122 252 86 31 181 18 99 57 48
    193 9 159 148 75 141 62 220 3 100 169 200 152 50 155 178 36 138 158
    116 182 227 171 105 17 189 166 100 113 164 72 207 139 146 215 129
    205 44 78 241 65 3 189 196 136 190 162 118 24 219 73 244 118 223 143
    184 138 101 247 19 174 104 221 211 197 252 79 76 142 1 206 195 160
    91 152 140 52 129 162 179 174 144 114 144 115 216 112 203 186 173
    124 206 109 104 27 254 31 36 131 153 109 222 33 152 234 228 6 244
    206 233 231 203 233 229 206 172 143 61 16 213 21 237 52 240 225 222
    135 88 107 119 205 186 200 150 99 34 85 136 144 107 52 48 162 30 73
    164 20 144 80 90 2 224 24 35 108 238 171 101 237 221 135 228 223 13
    12 16 141 252 82 153 31 11 43 227 155 199 74 222 78 175 139 189 209
    126 1 248 178 7 87 169 31 254 172 138 153 39 163 120 109 244 54 239
    2 143 25 204 239 211 195 228 32 0 88 32 66 187 50 49 223 24 1 175
    162 137 63 153 101 107 71 7 52 192 200 193 118 155 6 232 45 42 85
    236 192 230 181 4 192 72 196 53 161 121 158 237 222 121 252 171 109
    248 11 79 253 6 36 25 19 72 6 7 27 74 44 241 35 41 216 247 91 195
    213 55 125 152 161 4 88 52 48 129 184 196 69 214 188 134 91 128 251
    155 186 128 131 155 217 56 243 98 181 9 177 184 71 127 42 201 50 170
    115 24 138 246 182 196 49 26 41 228 224 236 140 119 130 48 124 83
    124 74 136 157 178 215 153 161 152 76 253 235 69 210 160 226 135 182
    107 135 58 63 200 128 253 198 221 186 60 125 194 157 252 53 0 7 16 9
    226 92 175 122 15 204 44 112 47 8 83 235 240 170 192 69 199 49 228
    176 197 209 198 115 130 61 231 139 3 243 20 103 188 78 51 94 204 152
    173 105 80 227 107 216 192 39 73 4 253 231 88 15 14 213 154 46 26
    170 196 191 139 59 14 197 205 20 192 60 110 171 21 29 57 91 31 127
    226 204 187 222 24 65 117 42 206 231 165 29 100 210 253 21 196 243
    162 199 113 167 49 195 229 135 23 66 228 76 28 181 234 85 10 17 169
    27 215 45 248 170 54 145 39 82 188 79 200 52 138 125 151 149 89 100
    156 53 63 34 225 13 231 122 135 68 249 170 32 38 164 47 32 173 211
    94 3 244 74 89 156 59 252 201 120 96 226 144 166 137 140 245 179 191
    17 45 236 167 253 34 188 45 161 148 250 225 45 166 60 115 213 152
    215 76 208 160 176 196 247 154 202 90 255 97 92 15 18 50 77 209 80
    55 180 216 153 180 20 16 192 118 113 30 198 237 50 90 121 80 48 169
    127 155 64 168 67 226 249 126 63 255 231 209 69 217 103 62 68 228
    155 180 214 68 157 160 186 47 145 7 203 234 166 251 210 50 157 216
    23 53 129 38 159 227 74 163 86 21 107 136 120 18 242 235 124 164 106
    36 151 78 23 41 148 202 198 96 140 230 95 10 20 176 51 56 189 21 24
    238 107 237 91 69 71 240 158 62 59 18 220 21 106 1 228 214 106 167
    188 175 193 158 148 133 35 28 28 101 106 175 32 40 111 28 63 114 214
    162 176 140 162 139 82 159 249 13 133 250 242 64 96 128 167 12 93
    155 203 27 29 111 49 51 128 174 253 168 156 225 136 215 242 188 219
    163 21 240 54 33 85 241 13 151 69 190 255 38 91 6 8 170 231 216 251
    156 239 173 114 84 44 17 202 147 28 177 64 22 162 23 57 40 111 192
    208 124 215 181 228 164 122 97 51 100 0 97 160 149 215 95 241 29 185
    77 127 242 14 211 151 41 252 6 38 194 194 26 137 74 208 250 182 48
    160 130 155 43 26 77 52 44 179 131 139 71 168 250 75 187 40 161 159
    103 139 190 6 230 236 126 164 136 117 182 165 174 223 143 84 171 208
    162 45 126 152 35 19 203 181 159 70 210 211 14 253 240 176 168 115
    32 191 120 193 235 229 168 185 229 188 244 137 18 135 0 17 76 124
    118 17 135 247 226 199 153 251 190 87 244 92 62 45 55 187 132 119 12
    51 254 133 188 207 133 45 49 64 195 71 179 91 167 191 253 184 163
    115 12 166 11 45 181 93 194 48 57 24 14 165 179 90 58 67 200 73 118
    139 12 103 144 90 2 202 174 228 122 250 66 133 242 233 66 205 36 155
    221 104 235 160 142 160 148 207 82 21 227 68 160 236 150 250 112 41
    148 165 177 47 96 105 148 215 82 37 108 237 53 82 227 136 177 66 242
    186 116 42 142 99 21 127 205 101 115 117 225 112 143 87 63 75 133 21
    253 240 183 68 232 181 130 76 95 8 47 80 179 162 165 179 178 254 49
    210 212 185 117 87 164 184 118 216 60 86 54 3 45 46 37 78 234 163
    127 102 65 67 189 175 101 203 202 246 169 221 217 160 6 148 35 189
    208 252 22 255 115 156 67 73 192 3 207 225 11 9 213 19 94 16 127 229
    136 71 168 68 57 78 64 251 127 30 94 105 196 207 93 0 33 46 108 178
    202 136 138 32 58 112 10 223 118 19 163 173 47 187 56 203 255 117
    140 33 225 127 240 119 165 98 192 65 234 87 147 138 124 148 25 247
    225 205 80 188 134 4 195 44 108 231 244 205 233 207 11 128 61 121
    236 59 62 121 77 52 64 162 71 33 65 23 3 33 57 174 97 77 73 4 59 4
    155 47 247 13 94 5 80 6 6 123 224 160 145 53 241 52 83 119 211 43
    176 239 18 253 46 32 121 48 144 13 232 44 93 143 192 131 64 124 101
    40 190 196 134 230 100 122 71 193 217 22 71 15 105 233 112 169 164
    95 84 128 220 126 243 177 168 139 39 242 57 95 117 139 239 7 66 104
    108 248 178 158 125 64 189 144 251 135 252 103 217 141 147 227 149
    216 219 120 151 95 178 62 147 7 75 177 127 119 213 114 90 93 186 37
    61 174 226 35 71 71 213 45 60 185 42 186 156 102 131 173 19 210 187
    172 156 207 130 36 167 40 74 226 246 238 30 113 201 86 152 91 185 24
    172 254 57 196 161 38 14 124 48 138 101 137 198 98 132 156 191 208
    84 243 71 5 210 76 2 20 174 56 153 8 134 175 32 45 45 61 120 113 76
    161 48 192 184 68 3 16 196 137 90 199 58 79 147 163 33 152 251 203
    147 233 102 74 243 53 84 93 225 50 26 45 226 175 146 188 3 209 25
    124 142 30 112 227 100 216 123 203 22 14 174 212 176 106 251 42 163
    129 161 119 57 77 60 26 215 35 65 5 51 117 193 152 198 180 134 12
    250 221 6 118 227 242 199 32 66 38 14 187 195 213 96 65 135 200 211
    56 123 9 113 127 43 44 117 101 252 105 210 72 184 57 155 206 208 71
    72 212 43 198 33 51 42 244 99 73 182 40 63 125 162 249 42 237 195
    152 137 186 199 187 108 229 202 198 185 181 81 6 82 107 196 137 205
    159 123 54 156 233 171 96 103 180 71 20 10 91 168 16 166 232 232 236
    141 128 18 116 219 214 222 208 140 191 62 206 65 55 134 224 85 38
    155 5 190 251 134 216 232 255 209 177 236 23 59 180 154 170 18 20
    118 23 96 219 61 154 84 228 160 5 178 132 211 150 235 70 215 205 33
    231 236 248 154 78 93 247 134 194 83 56 11 15 89 54 72 238 159 34 84
    226 208 203 222 212 238 241 46 253 236 7 99 243 23 190 134 86 27 133
    115 120 215 152 137 158 95 217 49 193 248 199 31 243 70 216 242 250
    85 129 28 172 175 80 101 222 186 14 32 232 102 184 97 30 242 45 83
    12 229 145 8 130 177 227 15 48 170 215 83 4 185 117 30 137 117 111
    112 87 40 15 65 48 9 162 9 219 182 200 11 15 49 202 69 174 19 253
    144 20 54 254 51 56 234 92 146 64 242 103 188 227 118 108 186 4 199
    198 26 37 142 125 121 133 14 242 57 204 182 156 191 5 223 52 235 249
    231 89 22 201 207 148 214 89 122 78 222 103 125 93 44 222 204 17 95
    84 104 147 62 232 87 247 219 157 114 110 221 66 69 148 126 117 13
    139 26 32 192 44 242 198 40 169 37 143 122 241 166 73 73 138 189 151
    92 152 68 65 232 183 98 69 203 131 92 36 58 119 210 140 198 182 220
    142 130 119 150 66 186 33 159 173 212 127 154 15 73 32 1 217 190 6
    160 162 237 143 12 200 22 145 44 77 198 224 64 6 29 162 5 193 68 242
    28 187 195 2 187 186 211 227 206 232 46 230 47 72 124 217 246 110
    140 185 67 183 213 255 116 14 163 89 163 206 151 117 45 67 224 101
    202 52 216 70 146 168 92 113 117 9 112 115 136 114 193 239 180 47 66
    140 88 61 211 24 52 70 164 137 12 163 111 166 39 59 215 241 86 192
    70 166 49 40 211 106 251 58 23 210 8 97 19 68 114 104 250 147 143
    203 61 4 164 121 210 63 116 22 188 182 219 111 119 4 74 132 4 189 95
    152 224 99 26 222 94 0 138 9 217 236 10 188 124 56 172 28 186 77 111
    117 118 231 251 13 187 147 68 174 239 148 99 228 190 211 74 70 145
    196 9 184 102 165 62 19 3 240 249 48 54 253 250 156 19 7 130 1 138
    163 183 21 212 23 215 205 77 49 217 138 168 10 27 236 125 43 42 148
    52 178 46 201 220 155 54 181 141 55 163 112 11 120 72 120 253 242 47
    89 139 81 190 95 33 121 169 102 41 146 109 176 94 41 114 87 124 204
    172 121 216 47 36 91 33 237 15 10 206 165 211 56 148 15 215 120 121
    242 243 79 126 134 65 207 200 25 28 230 104 37 68 188 250 224 220
    136 156 25 184 7 89 49 52 113 148 154 130 255 57 221 19 85 247 120
    32 162 195 141 85 67 132 140 94 31 152 22 208 127 119 6 177 100 49
    129 164 191 178 107 22 191 187 219 42 205 20 239 247 138 145 100 4
    76 13 153 129 105 108 21 42 201 50 70 209 109 227 167 178 177 219 68
    66 171 232 115 109 23 85 217 67 42 155 49 85 206 164 18 164 135 64
    197 15 254 105 252 45 157 179 205 251 88 155 27 219 123 184 252 170
    219 196 244 203 157 138 100 223 250 191 242 149 55 228 223 2 225 121
    241 180 21 97 185 108 81 165 106 219 229 73 118 96 58 22 83 95 72
    198 167 224 171 174 99 144 247 27 96 174 64 238 94 176 180 86 176
    228 110 161 190 129 41 76 181 241 24 161 112 129 216 13 254 107 75
    59 244 156 164 44 166 60 172 160 80 22 83 202 108 114 94 162 142 210
    182 106 116 214 246 220 200 196 154 164 203 221 162 75 85 219 181
    204 134 241 47 238 169 29 195 222 134 239 167 19 43 90 46 80 167 180
    82 250 76 101 241 77 44 115 12 230 105 170 111 16 189 72 47 90 79 45
    109 221 19 117 174 228 42 131 124 116 118 254 173 136 98 9 51 0 9
    170 71 130 20 157 246 93 138 141 162 144 154 17 42 99 23 135 154 53
    171 122 25 193 80 228 126 113 239 89 48 236 166 247 138 4 226 48 22
    146 178 14 203 69 73 20 21 220 15 4 80 185 145 223 205 139 251 52
    226 67 35 49 170 218 159 102 23 157 74 131 197 76 215 79 8 249 228
    156 142 41 164 3 216 51 146 2 129 125 114 169 60 15 63 194 167 170
    111 125 243 110 209 152 210 138 134 37 89 92 207 172 150 167 26 7 53
    57 87 203 186 79 118 31 209 227 104 143 176 32 36 209 221 117 110 58
    26 218 22 228 252 12 76 212 254 146 48 227 89 53 30 179 185 207 5
    227 163 69 199 33 220 152 249 72 42 117 194 62 97 175 1 115 109 72
    158 130 16 23 138 42 70 196 233 187 132 11 131 4 134 124 71 70 99
    192 76 221 71 116 233 215 166 37 40 243 28 73 90 235 132 200 123 37
    65 158 22 114 193 131 109 66 141 241 91 197 203 128 30 142 233 120
    86 114 92 145 74 235 61 86 164 91 148 116 242 86 57 174 215 145 119
    65 36 135 237 160 113 62 226 133 11 23 217 42 101 122 237 117 69 193
    3 146 84 125 57 2 237 43 250 22 174 156 61 14 206 115 25 151 128 102
    72 220 231 146 125 102 92 192 44 85 118 30 42 124 236 67 15 69 33
    119 88 105 144 77 157 223 142 128 187 141 232 176 211 23 148 93 55
    158 121 221 224 21 55 65 162 34 129 18 79 131 139 94 147 92 157 143
    219 6 206 2 134 246 219 43 170 187 159 68 143 5 46 125 62 64 175 216
    143 16 86 149 199 95 20 139 197 12 159 58 77 219 127 79 51 240 152
    85 169 166 129 78 12 56 28 67 51 222 219 63 50 91 37 221 5 181 244
    52 74 243 61 238 246 74 17 6 182 16 59 150 85 74 113 40 42 49 197
    152 45 237 68 42 4 134 161 216 60 5 28 241 186 133 244 124 131 255
    216 115 47 118 178 179 149 177 148 22 192 239 103 28 221 64 236 99
    117 184 62 110 52 16 121 173 207 204 178 95 176 72 89 121 79 207 181
    4 108 48 99 128 157 243 190 238 30 28 206 179 135 204 210 157 204 98
    233 122 10 10 146 151 22 201 60 5 42 94 136 21 110 26 40 117 104 2
    189 59 220 43 132 54 141 175 49 99 157 236 100 23 205 166 69 164 29
    91 92 21 106 236 70 176 102 252 254 66 169 168 155 209 200 140 220
    220 153 137 137 27 21 227 104 46 159 12 201 180 246 20 222 31 65 123
    161 72 212 251 222 180 133 61 179 235 0 163 234 48 229 93 195 167
    133 164 187 61 35 169 93 241 206 52 139 105 83 57 156 109 125 83 11
    156 68 21 200 135 177 188 23 97 73 69 32 100 13 249 43 135 78 207 82
    140 110 84 173 152 202 205 144 221 103 223 0 144 188 178 161 143 177
    47 88 204 108 133 186 213 45 1 158 182 153 15 245 237 166 15 88 208
    246 32 24 194 11 81 67 32 100 218 228 160 119 103 74 135 199 153 57
    105 168 138 226 133 107 61 218 27 13 100 112 195 125 64 74 107 19 33
    31 156 255 34 185 22 16 203 233 183 225 24 162 39 49 2 171 5 62 225
    4 131 210 215 12 133 75 207 177 53 164 124 150 8 193 214 129 72 164
    239 241 228 115 132 203 160 193 181 123 218 36 181 138 174 115 240
    49 189 162 116 126 241 191 109 96 177 255 114 100 44 162 112 39 149
    160 89 3 231 197 131 205 240 183 198 123 7 138 63 58 65 65 156 16
    109 169 209 82 90 65 164 170 72 249 37 197 143 244 19 33 178 116 185
    120 148 234 64 183 44 243 189 210 214 198 253 217 53 184 212 178 123
    131 250 191 202 13 81 145 47 224 95 212 92 111 236 226 5 212 182 241
    81 222 138 235 16 249 185 255 75 196 237 151 233 38 163 208 141 148
    22 29 18 11 89 207 108 120 101 206 18 18 46 89 47 18 93 247 46 153
    182 255 3 47 144 204 96 52 133 49 235 127 115 28 220 45 213 25 242
    205 202 247 85 139 43 83 154 34 202 168 227 174 211 199 110 58 113
    64 31 94 221 0 157 79 42 20 32 125 234 214 150 62 250 241 236 211 76
    193 12 226 174 244 117 194 165 44 65 216 189 248 252 55 86 125 74 36
    62 21 214 151 54 244 6 38 29 105 61 41 35 121 15 119 67 248 13 130
    214 19 127 239 157 68 106 47 71 205 144 213 189 41 126 209 128 224
    173 37 136 92 66 193 42 251 97 224 96 49 179 226 252 135 78 39 123
    125 129 90 19 71 248 203 46 250 159 56 169 149 28 251 61 51 126 160
    140 117 67 186 65 186 45 134 19 226 110 111 87 179 140 200 206 168
    81 21 255 55 164 70 214 47 127 40 89 52 162 30 201 179 192 45 85 121
    57 99 156 158 115 122 42 197 118 7 31 69 247 228 84 152 65 163 172
    171 44 121 151 48 198 127 20 146 50 85 15 19 75 177 129 161 156 128
    145 210 62 251 108 225 72 226 221 163 60 19 126 127 142 122 8 55 136
    103 77 162 106 122 229 181 70 242 198 70 43 225 19 211 185 173 17 69
    233 217 21 78 120 216 112 27 96 93 95 135 215 226 17 64 178 232 154
    9 229 29 249 57 53 44 246 214 195 232 248 9 48 53 45 166 122 61 209
    153 180 133 29 223 150 158 80 254 247 11 192 75 130 14 135 106 61
    164 85 47 227 55 44 226 92 167 26 198 29 244 185 54 119 159 232 247
    17 241 27 96 77 186 230 74 154 235 52 245 64 210 181 126 160 241 240
    238 178 211 25 116 195 174 98 246 248 0 3 36 152 140 114 253 140 25
    44 47 233 220 211 196 244 34 202 225 210 179 83 182 41 246 112 9 241
    179 128 10 86 255 19 248 105 131 223 156 90 137 244 143 132 138 240
    197 22 255 10 67 210 129 111 181 246 136 64 217 1 110 247 37 167 254
    31 8 172 160 164 72 110 204 197 178 144 254 75 159 129 131 53 111
    250 21 42 249 90 234 129 6 143 108 120 76 27 2 48 212 112 30 125 209
    81 140 251 92 125 226 42 180 177 229 48 206 148 147 1 164 25 108 128
    125 200 6 3 2 177 23 169 36 2 206 70 33 211 180 121 116 28 126 224
    165 71 127 96 229 92 250 80 2 98 162 13 3 49 67 177 76 194 137 237
    143 246 29 170 156 51 14 87 35 126 222 92 138 198 128 242 68 168 211
    43 128 170 59 196 13 14 68 221 71 247 148 193 188 212 123 164 114 65
    23 134 166 84 198 101 124 59 93 211 7 156 218 117 157 116 144 31 174
    58 169 85 135 86 187 233 231 188 17 250 95 17 63 200 210 132 14 119
    6 20 203 37 138 165 154 51 99 236 170 99 65 28 127 68 41 128 137 33
    193 245 113 0 130 190 129 169 94 57 42 158 187 64 87 84 118 233 213
    184 107 41 119 7 127 253 61 236 76 77 242 164 49 245 37 176 61 25 80
    254 102 246 182 225 136 162 37 252 92 19 172 1 220 57 92 116 88 115
    189 148 51 177 127 38 230 0 77 118 247 54 74 148 60 142 168 191 57
    95 39 92 165 129 62 52 9 213 139 79 138 74 185 134 244 111 41 64 118
    151 154 247 21 148 222 72 98 249 59 165 64 78 144 59 198 209 224 3
    25 79 100 193 5 131 107 11 83 28 162 215 11 47 201 136 47 135 220 49
    215 56 26 140 235 88 68 18 230 113 191 54 3 33 215 21 192 119 255 72
    223 189 183 50 212 54 69 18 15 175 66 138 205 54 182 222 126 64 213
    196 3 233 62 239 57 150 45 171 255 23 231 104 239 24 14 13 10 63 188
    6 17 56 218 79 170 203 235 204 140 222 61 77 19 0 166 28 114 105 23
    8 118 28 135 221 166 109 43 64 2 56 197 239 208 235 20 153 173 18
    181 130 147 205 80 230 246 167 148 188 191 255 163 95 183 142 46 215
    67 230 201 44 148 73 22 55 221 201 45 108 181 148 168 233 190 242
    137 171 93 32 154 187 26 87 196 163 224 55 172 168 206 143 68 143
    208 225 140 179 188 38 242 27 60 39 209 18 70 61 53 129 126 189 63
    153 94 178 18 210 55 3 115 249 208 133 251 22 13 217 167 138 238 219
    250 107 131 144 224 112 175 15 155 33 196 200 165 24 3 45 240 123
    241 159 109 204 18 206 160 173 182 211 108 130 127 246 192 25 251
    195 222 208 12 8 60 202 243 121 244 130 77 247 158 215 249 178 200
    216 214 171 107 41 0 147 138 173 253 77 109 179 135 25 250 56 36 133
    219 175 186 131 44 158 77 71 252 169 196 217 194 240 147 201 229 221
    204 24 147 116 164 104 183 1 187 223 8 16 122 40 141 71 228 83 189
    151 137 233 84 239 234 21 125 243 221 221 7 223 216 152 155 94 151
    88 158 147 220 3 89 113 126 45 66 124 107 205 25 34 156 71 70 253
    162 144 229 242 250 23 95 193 88 38 13 86 225 135 131 221 118 93 128
    64 79 141 0 80 44 101 168 227 178 79 28 215 122 115 126 67 41 97 55
    245 179 220 70 225 156 53 245 217 125 217 39 131 124 89 200 249 21
    135 33 225 114 85 239 74 170 165 194 204 78 159 43 3 167 166 16 137
    208 34 69 153 177 221 67 79 243 8 146 242 159 177 212 219 169 245 89
    128 16 110 71 207 103 106 193 202 106 130 13 120 66 169 169 118 176
    242 189 74 129 72 167 12 206 60 204 71 89 58 117 92 107 84 171 203
    82 34 84 254 240 116 61 32 185 219 79 68 28 165 225 246 7 142 204
    235 67 250 10 252 197 59 91 122 89 143 145 145 43 178 172 239 175
    164 99 51 169 192 15 130 139 34 139 127 67 145 31 112 170 243 147
    185 130 154 146 138 85 150 109 197 176 19 182 244 219 224 124 16 28
    116 7 91 9 108 18 51 226 117 252 196 199 126 151 119 79 65 240 251
    115 121 13 207 90 88 26 140 151 147 32 96 45 95 94 124 241 122 200
    187 244 55 73 15 158 65 164 196 79 97 127 120 38 42 188 48 184 147
    217 79 46 71 42 12 86 30 238 52 109 105 254 249 184 13 220 227 164
    13 155 146 1 141 166 200 33 103 114 120 128 209 11 14 169 85 199 33
    230 160 31 66 23 179 208 89 34 231 48 210 237 151 193 71 133 1 119
    114 199 205 140 251 208 159 12 34 113 94 106 254 131 12 129 233 53
    48 212 249 73 54 104 232 108 196 74 103 94 240 211 202 81 191 135
    125 165 85 232 183 193 189 135 109 213 168 132 34 237 149 26 245 208
    145 208 121 187 147 103 186 4 77 82 79 224 12 190 117 77 127 114 144
    205 3 212 73 100 28 70 243 83 115 235 193 29 194 32 86 210 231 135
    161 162 83 40 174 215 145 108 135 184 7 111 27 149 42 237 171 60 163
    0 92 121 231 162 201 156 59 223 103 110 101 177 241 42 122 243 245
    15 182 118 110 1 174 60 125 92 137 6 145 139 188 117 152 54 92 90 23
    184 74 82 112 202 100 9 240 250 149 249 236 148 18 10 200 44 108 204
    141 150 135 160 152 209 114 31 66 17 157 17 12 55 140 187 167 79 204
    201 233 246 191 252 157 164 2 91 90 177 126 35 217 211 239 142 50
    183 29 209 127 55 235 184 165 216 175 170 162 236 146 135 131 129
    162 238 246 158 35 117 99 219 207 175 242 93 234 150 39 38 135 192
    152 251 249 134 164 52 42 215 224 17 65 17 96 124 58 13 194 74 189
    206 147 224 223 169 186 47 63 171 163 188 109 179 103 4 105 108 48
    189 37 100 237 135 147 249 144 81 196 57 42 151 170 177 81 162 121 4
    82 234 189 76 29 206 141 143 142 63 205 141 167 80 191 168 118 173
    68 190 27 135 112 161 155 92 203 242 22 139 115 175 140 16 40 255
    133 41 142 210 204 11 197 58 163 52 164 210 6 136 223 207 32 221 18
    166 116 7 180 252 163 139 129 84 168 118 57 160 105 6 108 192 45 50
    233 49 255 167 46 205 68 113 241 158 67 185 239 26 65 102 160 219
    109 8 237 215 193 63 81 153 146 55 182 226 198 77 54 4 31 68 197 249
    140 76 195 218 162 19 228 122 46 199 129 153 125 242 149 58 42 139
    64 160 30 114 124 96 222 67 198 165 45 243 47 71 110 4 190 99 55 202
    60 77 202 241 212 242 160 147 110 81 213 14 67 49 13 60 189 40 112
    136 149 84 225 12 172 92 124 81 24 157 131 193 215 17 209 172 214 65
    161 1 244 167 1 152 160 138 164 74 43 136 208 60 88 212 196 119 50
    102 111 136 111 169 81 115 137 62 85 212 51 22 14 206 178 190 150 43
    165 243 64 37 37 39 162 138 223 251 179 189 43 125 191 141 93 217
    108 196 218 14 167 227 221 247 100 21 53 90 241 213 80 33 26 81 173
    5 14 200 214 132 246 136 180 16 169 113 95 253 44 211 120 143 86 118
    233 225 44 116 44 22 54 168 143 32 44 159 42 105 65 129 156 184 188
    60 19 233 126 102 134 80 170 19 233 73 41 166 161 218 154 112 85 241
    88 175 202 49 234 103 104 164 38 59 34 63 115 219 253 177 164 214 77
    198 84 205 1 56 23 3 114 138 236 160 158 192 212 71 194 158 187 39
    83 29 31 99 149 214 130 173 59 176 225 230 129 105 190 122 160 207
    223 60 206 214 111 125 208 241 41 206 68 73 250 193 254 214 195 13
    138 30 103 250 47 176 37 234 171 244 253 142 56 44 173 140 7 207 78
    35 39 99 71 30 35 11 248 26 180 159 248 188 75 209 235 78 239 210
    218 39 168 167 119 235 44 95 128 161 173 243 251 227 7 197 66 131
    138 238 154 20 122 222 139 155 243 15 129 46 157 155 216 165 86 86
    95 207 147 136 25 40 18 227 20 62 207 126 241 248 55 156 157 22 188
    245 129 128 55 150 77 246 230 218 69 92 227 164 211 59 209 190 95 4
    33 31 251 217 101 208 53 70 59 114 237 129 152 203 13 111 76 238 171
    132 143 143 67 92 19 81 0 24 35 207 130 196 69 224 25 60 147 210 71
    34 160 5 178 145 46 41 191 12 108 238 254 171 22 108 25 167 27 72
    254 235 170 66 128 22 95 29 121 119 144 181 73 217 26 177 98 160 27
    46 115 6 246 143 128 231 29 239 124 134 203 107 250 97 89 11 215 92
    111 183 179 43 43 103 77 59 132 148 225 117 23 132 60 125 228 197
    106 135 54 137 64 161 123 53 48 217 254 25 52 14 159 184 52 252 181
    176 91 194 119 107 7 214 151 42 155 177 162 61 61 132 124 89 82 160
    200 132 146 193 202 0 194 65 120 4 78 53 163 205 18 218 132 216 15
    129 92 183 77 39 45 12 189 83 184 229 71 30 231 0 33 22 249 131 217
    190 72 230 68 90 6 208 136 80 51 139 205 102 87 163 129 120 154 153
    84 181 198 250 117 62 130 56 39 71 55 61 242 6 18 70 171 144 78 22
    244 151 11 199 164 237 228 28 120 56 56 197 107 138 149 179 4 21 243
    79 135 179 192 218 98 128 180 84 204 193 241 120 136 75 187 218 86
    177 70 197 62 201 156 211 239 42 130 59 190 98 181 143 18 43 188 88
    152 241 202 208 76 122 207 173 187 119 146 137 21 6 151 75 20 80 211
    183 21 226 113 68 132 45 78 100 174 24 131 124 239 210 192 147 173
    126 169 64 183 59 118 102 152 79 115 242 133 204 12 74 122 41 110
    239 177 136 44 161 213 202 86 136 14 88 138 194 37 177 28 217 14 107
    97 192 54 38 48 235 56 98 128 64 11 95 216 122 33 79 118 195 34 225
    119 75 184 243 167 99 252 126 70 91 213 202 131 148 255 47 132 95 88
    239 126 65 107 22 204 40 159 112 124 240 239 178 26 107 25 131 66
    252 83 44 79 118 52 185 71 130 58 86 242 57 188 137 107 225 238 49
    236 161 102 251 178 94 32 44 85 53 122 239 24 61 27 64 83 90 210 58
    239 226 188 133 92 162 254 222 168 4 16 197 200 10 3 162 129 19 154
    167 233 181 105 131 193 248 87 34 159 76 144 11 33 53 179 69 128 125
    225 28 137 68 110 122 152 64 136 30 213 112 110 126 61 85 249 223
    199 54 81 184 91 24 133 183 234 116 191 124 125 111 61 17 134 14 63
    111 7 44 198 46 230 14 94 128 128 22 101 11 62 72 161 143 129 140
    139 221 71 46 208 181 240 78 86 158 199 150 68 45 190 169 128 199
    225 194 82 142 18 170 109 63 236 4 127 183 128 102 115 93 4 253 149
    50 2 93 79 121 171 59 157 114 62 97 239 20 67 121 91 209 212 186 65
    97 66 188 1 93 95 162 108 240 126 202 154 190 247 103 129 28 166 186
    224 190 19 232 115 55 181 97 12 59 223 211 149 177 65 33 237 69 93
    141 83 66 66 133 160 12 191 23 93 141 241 107 17 114 4 154 208 194
    36 175 78 125 80 21 148 9 163 5 58 220 41 21 217 94 138 107 79 106 2
    90 160 96 238 140 167 70 86 207 80 42 116 42 4 130 165 71 41 172 229
    213 0 168 29 136 13 5 140 240 55 168 157 229 143 11 2 135 45 86 103
    79 177 45 91 96 140 0 202 9 115 89 254 159 133 20 82 17 87 64 5 235
    45 246 74 100 77 76 27 249 189 53 199 9 100 80 163 174 198 55 143
    172 93 51 61 83 171 112 121 78 180 109 29 186 108 248 247 81 189 15
    208 143 199 56 54 91 220 87 129 212 58 159 158 105 108 145 29 165 94
    67 100 178 180 130 55 2 252 3 0 180 74 214 146 234 241 24 48 143 228
    128 77 176 77 65 213 254 38 16 127 193 208 3 173 114 230 150 14 143
    159 215 186 156 84 119 137 3 200 244 43 162 156 243 6 86 200 148 33
    189 205 48 125 16 147 139 157 96 53 169 75 132 110 166 31 199 4 24
    245 9 54 115 240 181 139 72 228 203 153 146 155 113 80 135 35 171 97
    16 146 167 211 241 221 173 226 8 156 44 251 205 191 221 17 81 45 218
    50 117 86 78 12 214 146 153 150 39 110 97 196 211 114 10 207 231 23
    44 137 238 166 149 219 95 61 253 156 52 123 240 7 139 30 18 153 9
    225 108 48 158 185 237 172 180 209 232 156 64 234 45 205 166 75 74 3
    24 111 249 16 200 104 205 185 98 71 57 75 196 174 34 76 2 189 30 142
    95 155 157 45 92 198 111 137 139 77 243 180 68 24 249 106 168 191 81
    10 194 64 99 86 91 77 171 171 34 193 197 120 214 37 64 79 217 182
    234 251 147 211 33 32 25 222 154 195 178 17 64 135 229 252 212 151
    46 254 160 227 241 164 35 215 85 247 56 28 29 85 106 40 173 182 146
    216 3 14 36 230 249 117 148 27 54 208 222 156 154 170 65 243 61 233
    142 169 236 139 174 77 240 40 110 60 239 188 134 212 123 124 190 169
    54 148 240 227 63 60 155 94 110 55 231 114 119 131 71 119 179 152 87
    98 24 0 49 39 120 126 56 32 0 133 166 160 226 230 46 134 205 130 133
    190 33 12 94 93 145 191 60 177 174 200 173 97 229 220 21 164 233 185
    90 112 244 44 229 144 109 211 85 38 67 77 114 220 99 144 1 225 32 61
    8 171 143 253 6 195 255 136 95 230 196 6 150 109 2 167 27 182 243
    196 108 66 138 139 206 56 167 162 103 95 130 23 34 212 15 54 238 141
    209 118 156 77 17 96 32 201 76 30 220 199 207 188 13 198 237 38 77
    205 43 133 114 199 205 103 163 72 92 168 97 236 119 112 0 213 58 140
    4 88 187 18 59 179 82 63 236 241 57 202 178 130 77 181 207 37 122
    108 234 129 37 255 203 193 123 138 185 149 39 149 255 145 67 185 115
    152 125 228 58 194 208 30 66 67 28 201 8 4 61 100 58 109 238 3 248
    159 7 206 178 26 1 161 129 71 246 128 118 157 37 116 97 76 117 162
    133 177 158 233 231 57 30 164 110 44 247 3 83 49 14 220 165 116 230
    164 218 153 27 242 6 102 33 206 188 253 2 206 37 2 101 141 176 76
    167 188 131 235 157 249 144 164 108 102 54 232 96 245 228 143 50 232
    163 109 173 214 9 203 115 56 76 147 110 123 255 75 186 171 158 67 29
    244 19 189 179 52 228 134 137 109 178 156 192 187 217 78 37 60 80 20
    107 28 246 195 12 63 162 142 96 11 179 50 240 15 85 143 18 112 182
    27 135 59 227 49 118 33 254 91 127 108 72 155 129 81 63 39 11 174 81
    162 39 28 67 144 6 128 130 233 213 13 250 115 204 38 249 220 198 92
    103 152 31 70 236 103 124 152 195 75 32 136 230 164 106 239 253 96
    138 128 127 56 87 103 180 51 40 48 53 182 18 235 174 123 239 200 219
    115 245 89 11 248 34 221 223 255 58 51 41 221 146 167 209 85 8 174
    98 241 113 62 88 126 173 128 122 207 216 178 163 55 130 144 232 134
    37 71 234 234 220 201 151 163 13 22 239 199 180 112 180 232 148 33
    207 188 101 247 39 255 126 33 46 221 34 238 48 192 178 231 217 206
    10 224 73 136 127 238 146 127 232 189 98 11 159 16 26 153 227 156
    157 57 157 18 40 76 50 101 69 93 79 247 255 27 72 136 134 211 55 17
    212 174 28 165 152 40 153 1 61 9 51 40 5 184 32 174 65 132 167 188
    57 29 138 83 143 45 170 204 52 144 119 221 57 71 179 134 7 125 85 45
    129 158 8 228 188 30 87 99 60 183 174 31 254 90 200 101 175 225 62 8
    171 201 127 24 250 246 14 177 14 48 96 195 252 160 123 227 167 76
    143 45 233 170 238 179 64 226 239 70 106 89 25 230 204 111 113 192
    216 201 255 100 28 245 209 131 167 52 210 43 164 172 127 61 25 167
    154 77 111 27 115 105 75 8 173 53 161 242 173 27 172 167 75 59 72
    110 247 144 205 31 136 118 209 28 164 61 84 43 238 225 110 108 129
    51 74 113 37 42 182 44 110 227 96 214 64 247 41 139 154 89 228 82
    181 42 107 79 35 103 160 182 214 11 199 192 102 212 28 108 4 77 78
    47 215 64 170 93 148 62 130 234 186 205 137 168 148 35 141 152 93
    246 29 140 30 23 67 92 107 57 209 212 199 117 45 92 56 240 170 192
    34 231 189 88 165 122 0 116 108 138 27 20 7 92 172 144 237 245 138
    207 203 13 38 130 169 12 9 163 174 240 11 50 93 211 117 251 23 46
    194 175 239 25 234 136 197 17 109 117 102 144 97 128 120 210 159 137
    64 238 168 182 247 245 240 157 177 1 114 219 152 13 211 36 136 23
    181 123 171 22 90 139 230 19 84 252 6 128 182 155 210 63 205 238 97
    14 96 111 131 9 193 232 198 169 117 105 128 214 174 24 58 250 139
    195 163 176 113 161 223 244 124 99 68 234 2 29 30 34 235 41 15 241
    228 34 184 97 129 233 141 102 246 149 89 176 106 220 122 35 176 13
    34 127 93 103 87 35 117 120 142 49 227 95 54 39 203 209 31 64 95 21
    91 62 150 70 98 49 26 113 132 218 175 231 50 246 136 34 141 173 136
    55 20 138 164 117 7 73 153 202 10 22 8 100 61 99 195 233 108 17 6
    150 224 155 60 1 42 189 64 106 10 167 55 110 174 106 68 6 244 168
    160 239 35 202 188 119 72 103 135 62 107 106 15 109 191 48 185 77
    138 180 216 23 66 17 157 37 8 9 45 124 60 235 177 97 55 196 25 27
    157 123 40 246 10 55 77 227 85 47 119 231 148 205 75 252 131 9 87 3
    137 239 248 253 71 123 79 222 86 80 136 128 90 112 34 169 157 18 149
    63 226 174 171 114 37 99 156 22 122 228 192 9 12 52 215 121 12 244
    241 115 252 209 238 61 170 193 251 3 204 255 158 24 20 194 50 10 61
    113 213 65 213 181 7 29 4 140 224 116 111 172 13 216 115 33 223 34
    125 133 118 27 177 88 212 251 5 136 200 90 204 79 222 93 54 192 199
    62 112 255 114 171 6 88 183 196 81 157 239 181 169 202 227 178 91
    114 73 92 38 160 245 251 11 244 94 103 127 31 31 109 189 236 227 120
    197 129 200 161 229 252 185 24 152 188 77 149 68 114 90 166 63 9 61
    9 198 136 199 230 73 84 95 175 188 246 18 13 78 29 124 90 204 234 13
    91 232 179 74 176 44 198 225 36 151 198 60 208 181 0 25 238 248 117
    185 70 164 176 200 170 177 127 23 229 126 36 120 147 9 164 247 33 83
    202 83 189 60 80 225 31 54 99 48 247 158 236 117 55 210 108 178 255
    231 110 131 106 70 211 210 7 186 5 116 11 217 83 27 241 1 109 0 226
    68 209 56 179 203 215 9 52 250 89 150 71 95 157 167 119 146 67 52
    134 178 26 34 249 49 189 153 111 141 16 209 200 204 189 124 200 36
    143 53 42 137 255 184 56 136 76 177 133 85 216 254 149 208 46 45 128
    113 73 130 17 121 19 152 24 182 26 58 217 233 214 60 239 80 147 121
    77 217 221 101 179 20 139 77 130 43 69 179 91 232 182 176 20 170 60
    167 65 83 109 228 238 144 162 74 58 43 122 224 140 21 35 31 65 234
    213 143 24 252 34 20 41 249 61 38 56 119 100 146 155 209 228 77 232
    179 25 211 144 179 52 129 231 222 164 234 238 21 200 12 150 182 103
    185 74 35 248 164 5 96 87 122 69 234 191 170 140 197 181 216 180 13
    135 165 250 228 4 67 81 113 199 172 30 22 137 124 223 116 214 9 14
    113 55 149 89 5 223 176 94 72 97 65 42 6 111 183 251 233 116 141 16
    46 179 43 203 69 236 94 142 161 141 19 7 158 0 55 51 237 209 33 131
    52 209 125 166 115 131 198 131 136 183 86 77 125 179 157 248 240 129
    84 65 63 56 179 166 105 154 155 240 47 136 72 236 204 207 98 60 41
    199 140 58 150 79 42 176 23 254 30 93 144 109 246 25 110 12 188 32
    32 46 102 184 59 116 114 49 121 0 193 166 159 238 114 172 173 17 154
    145 236 161 167 221 150 229 111 130 186 64 3 5 174 39 107 16 62 59
    54 109 149 41 53 241 206 210 186 248 186 31 107 81 176 189 108 139
    121 104 222 252 47 189 17 88 155 162 161 88 196 72 190 121 63 43 193
    117 225 136 212 111 199 165 203 168 241 3 123 89 110 110 82 37 2 46
    196 105 200 170 35 102 148 64 56 246 132 153 163 6 209 128 1 29 183
    252 190 232 135 71 90 136 34 166 27 129 151 219 234 18 152 185 115
    95 200 59 11 122 3 108 86 239 2 123 59 184 147 143 121 80 210 177 25
    151 87 216 124 87 113 102 121 202 144 78 1 222 18 127 54 199 5 41
    251 103 199 167 21 226 140 145 136 171 204 200 79 208 240 129 194
    193 240 90 225 237 200 64 71 13 102 22 187 170 106 162 242 100 238
    217 238 19 103 153 17 185 162 37 176 164 221 253 195 115 39 205 234
    129 121 160 93 149 131 177 121 62 103 71 123 168 27 251 91 216 190
    100 185 156 5 23 196 125 12 61 197 216 174 32 57 222 86 80 229 50 13
    195 174 151 117 101 207 75 55 17 56 13 206 160 229 0 163 136 171 5 1
    12 134 23 208 110 159 179 215 114 20 136 121 142 77 114 168 220 220
    64 228 5 37 110 29 108 187 48 144 147 19 128 86 21 134 146 173 196
    217 159 28 194 57 2 15 244 56 236 180 214 116 218 221 168 245 210
    229 86 32 184 154 43 203 185 99 45 63 113 252 225 140 162 44 134 186
    255 50 252 160 97 197 51 27 138 102 85 60 222 66 84 104 93 34 74 104
    130 196 61 176 245 150 135 118 82 30 223 57 171 152 143 228 89 145
    217 231 34 204 63 12 96 76 161 51 242 241 86 60 28 20 149 39 56 200
    0 128 171 178 159 249 90 143 138 158 121 235 15 48 9 122 51 205 250
    145 6 219 10 15 56 252 40 13 220 191 129 189 27 137 42 248 41 106 24
    194 230 167 191 206 237 54 60 15 16 168 103 198 140 219 192 192 139
    66 73 132 38 233 183 66 40 135 250 106 127 110 152 83 239 157 173
    215 59 246 188 71 120 7 69 114 123 132 174 132 60 232 32 221 246 48
    134 36 60 173 37 133 238 2 166 170 230 158 77 167 178 58 144 29 183
    191 95 114 241 76 149 17 243 71 206 66 147 197 187 143 13 241 178
    130 185 239 201 195 88 158 220 114 28 82 94 195 56 51 182 223 134
    103 40 203 61 195 134 178 54 169 200 255 122 63 175 56 7 98 116 195
    211 87 37 195 118 43 226 210 96 211 234 114 25 179 9 30 255 154 58
    167 120 128 28 124 245 154 125 94 14 36 122 54 33 230 201 39 90 144
    212 112 136 226 219 120 29 77 19 174 116 42 233 202 84 81 224 147 74
    200 166 174 23 93 148 219 138 88 209 205 8 236 78 78 59 20 234 49
    174 115 108 231 79 238 49 51 95 57 247 92 171 6 222 148 16 232 123
    83 81 51 225 89 196 8 136 3 144 142 24 30 246 233 243 68 103 131 186
    5 96 84 80 187 41 134 242 42 147 75 22 233 2 97 235 228 243 223 58
    169 245 108 177 195 123 240 118 14 187 75 174 163 35 20 36 165 242
    178 136 226 186 106 60 208 230 157 20 207 206 51 102 133 51 239 135
    212 240 26 185 165 198 44 206 253 127 172 204 26 68 109 19 164 128
    122 188 201 27 187 87 137 40 74 14 66 140 92 67 160 97 244 237 245 5
    255 20 88 164 78 39 24 180 164 184 180 59 26 160 118 55 118 42 216
    218 91 241 175 29 141 55 210 148 27 126 46 124 45 221 138 149 104
    212 115 9 91 17 70 192 124 107 2 18 73 163 160 241 138 105 217 135
    149 239 147 245 31 60 213 158 184 116 89 108 91 157 239 102 143 211
    172 249 208 45 147 146 50 121 196 92 67 241 251 107 68 163 150 71 40
    123 120 131 126 239 152 14 190 89 22 54 183 192 125 245 130 87 236
    33 177 76 31 32 250 204 85 212 48 246 74 58 181 223 217 39 145 201
    23 110 106 225 52 185 218 25 21 67 141 102 17 8 179 149 22 33 190
    236 165 77 205 203 224 165 57 52 87 116 39 237 123 247 149 161 247
    44 206 67 209 144 235 86 178 0 100 219 215 150 68 46 143 60 171 144
    126 145 42 123 178 29 57 176 6 187 244 46 60 151 63 251 234 209 68
    237 127 129 23 46 12 151 85 176 137 185 103 245 245 205 130 190 198
    9 6 252 38 215 123 30 241 89 200 203 28 59 122 40 94 175 34 75 173
    162 142 184 63 118 234 71 142 219 91 79 159 110 45 125 54 114 163 3
    226 89 58 62 26 38 47 17 134 122 81 180 101 137 52 149 115 1 230 123
    63 94 136 29 103 138 108 149 79 168 191 195 174 69 234 71 190 37 189
    219 102 181 122 90 27 45 33 70 253 122 31 43 224 37 15 124 83 71 46
    48 168 70 30 53 176 125 146 26 83 116 38 82 85 34 174 54 65 206 168
    148 206 108 96 5 233 64 178 102 81 98 158 168 164 70 186 227 220 93
    119 212 248 149 238 139 48 2 97 177 2 109 36 3 178 237 19 165 188 47
    141 25 97 191 81 24 170 22 218 185 144 215 179 244 38 102 12 92 61
    127 161 68 1 93 201 227 152 118 161 226 182 226 118 151 105 197 223
    218 149 253 204 245 115 31 73 183 135 214 214 135 137 206 79 168 153
    206 109 127 208 57 13 36 151 159 161 187 27 94 38 134 5 38 124 26
    180 205 222 192 169 120 59 203 82 170 154 20 91 76 42 189 150 27 142
    197 107 230 145 125 78 246 181 111 192 55 82 98 27 93 89 199 85 18
    124 201 161 132 42 118 136 134 244 109 250 75 162 41 207 193 222 176
    188 39 247 111 87 216 204 134 8 64 166 109 116 106 241 151 229 56
    121 72 68 70 111 33 165 107 136 199 213 22 252 2 94 211 149 82 252
    142 158 65 109 161 150 129 46 79 196 225 97 228 69 70 38 130 217 204
    29 227 82 57 254 132 217 13 132 233 5 171 225 81 115 92 160 72 98
    249 183 81 243 248 43 236 248 39 9 54 12 139 221 161 89 82 199 11 82
    85 127 163 150 13 146 27 26 96 107 213 201 31 126 205 240 213 163 38
    181 59 119 203 151 156 194 61 204 101 159 66 116 176 175 39 38 170
    64 139 3 94 41 72 188 244 190 98 132 52 88 84 112 137 254 147 150 3
    114 219 229 95 68 107 96 23 233 231 249 213 201 91 116 225 203 100 0
    236 180 252 147 175 19 76 168 139 229 39 238 84 23 188 131 155 3 252
    230 232 233 32 6 240 47 211 39 114 22 203 139 69 105 73 28 128 38 30
    198 253 31 255 250 62 90 183 46 77 205 182 243 160 252 200 129 104
    45 65 227 119 213 141 127 152 196 191 129 252 113 157 87 175 206 16
    250 230 247 156 254 22 212 23 106 37 230 67 212 208 166 163 110 232
    73 237 246 189 137 59 196 231 123 141 157 7 112 148 226 19 40 160 51
    117 208 37 20 200 82 242 63 219 50 60 104 31 67 236 67 158 188 228
    246 157 42 160 214 169 25 202 214 85 169 136 100 3 116 6 155 175 249
    87 99 201 16 100 119 209 53 51 150 61 109 5 214 58 168 30 1 58 64 17
    76 55 234 222 163 10 247 148 208 138 10 185 219 16 188 135 54 97 50
    9 60 122 121 151 121 15 179 34 163 149 164 51 217 239 14 135 235 131
    209 125 117 241 255 145 154 204 44 236 101 164 89 164 140 91 244 71
    95 64 198 21 95 202 202 169 72 23 173 248 115 63 34 198 217 52 82
    242 6 56 47 59 105 37 248 22 229 118 100 2 36 72 136 34 60 168 102
    176 32 89 82 63 188 251 157 235 114 253 48 157 90 95 118 201 233 232
    19 229 139 194 140 114 150 92 20 79 72 89 152 126 28 163 225 225 13
    34 139 211 111 223 215 229 103 209 74 199 133 12 34 231 145 191 40
    224 151 197 125 0 59 23 219 105 221 175 137 188 1 202 108 98 59 88
    113 79 217 5 131 45 148 158 209 103 76 160 17 177 87 109 14 51 135
    213 246 110 128 42 243 79 135 193 9 10 56 33 249 223 243 227 23 142
    161 173 19 36 248 94 83 65 177 156 255 140 180 130 124 162 71 64 111
    146 229 209 61 245 62 202 240 137 217 124 176 68 6 55 87 102 48 115
    197 86 60 228 79 251 23 226 74 85 227 88 184 41 82 235 37 6 210 209
    30 105 225 169 252 30 78 136 223 23 201 237 175 153 36 122 113 93
    131 45 143 12 133 129 11 82 97 78 114 107 213 8 53 248 242 13 25 33
    22 247 157 202 87 160 59 63 6 27 58 9 180 203 131 136 20 36 43 215
    93 159 240 219 113 66 145 197 26 219 116 139 144 64 71 126 151 241
    107 103 213 31 66 255 239 202 153 28 51 157 212 7 128 238 97 186 163
    185 38 224 158 78 39 7 66 48 47 189 46 66 175 122 89 238 54 34 47
    227 48 235 125 188 130 169 252 75 212 140 50 11 18 17 75 78 231 94
    210 196 82 37 176 121 14 179 90 61 33 46 60 143 206 158 206 107 245
    161 19 77 248 237 59 54 60 78 36 102 155 190 7 157 75 217 52 148 60
    224 211 243 48 219 121 84 147 192 199 201 192 85 94 63 71 18 196 210
    147 63 166 147 61 118 163 232 1 210 76 13 208 139 13 194 158 156 174
    198 5 100 114 160 193 48 11 183 168 21 96 13 93 250 248 115 111 35
    103 146 3 57 130 75 119 141 215 204 35 101 162 189 180 5 181 199 86
    27 119 77 178 35 12 226 183 203 51 10 43 117 10 179 185 232 49 145
    146 24 24 36 156 184 43 195 202 209 125 57 255 253 3 245 102 168 226
    222 208 142 172 138 69 199 74 163 41 248 111 180 56 108 199 193 244
    7 101 65 106 215 250 176 2 121 154 221 245 82 241 199 139 128 177
    187 137 16 189 5 45 14 136 73 103 50 87 76 117 190 185 42 100 15 187
    0 167 202 76 49 192 228 44 71 202 200 69 159 19 19 27 148 12 34 143
    245 232 222 84 130 69 227 187 114 242 12 152 104 63 132 194 241 226
    185 171 163 87 245 165 102 14 29 124 119 198 188 17 196 166 195 73
    61 148 145 134 159 46 142 104 180 168 52 21 163 211 251 122 246 144
    91 66 47 52 111 116 121 89 112 45 177 216 172 230 209 0 44 210 220
    106 40 197 134 235 217 140 250 253 193 75 13 150 231 51 153 147 188
    100 105 34 110 153 119 147 34 39 114 118 114 13 246 229 71 134 185
    84 81 1 165 192 174 20 12 115 53 165 25 140 150 35 127 211 106 238
    127 7 186 214 95 237 157 27 212 100 145 105 201 192 159 164 38 64
    161 197 63 185 24 77 191 190 192 240 212 90 15 53 164 221 91 166 180
    23 29 165 182 184 235 137 28 170 138 240 102 250 213 135 246 29 141
    102 101 58 92 199 95 112 124 14 27 214 4 33 37 241 173 15 211 150 44
    49 185 224 50 191 85 177 26 218 130 109 242 140 209 105 79 248 112
    181 34 116 126 208 223 12 42 64 255 221 173 193 154 232 157 181 202
    7 213 82 89 93 41 233 126 242 240 155 188 0 76 228 226 194 188 52
    145 42 189 209 80 168 172 125 14 179 232 100 182 201 165 8 224 172
    31 201 77 32 154 174 21 134 126 186 151 230 70 55 20 38 243 79 0 152
    191 27 168 72 203 226 178 72 74 53 27 195 190 254 96 56 57 24 66 52
    177 233 165 254 220 139 22 73 84 82 11 21 153 163 211 28 169 188 151
    135 82 227 109 59 196 40 222 181 232 142 78 38 150 140 201 123 116
    22 77 213 54 163 71 131 90 192 11 30 12 57 76 189 83 177 32 166 127
    188 215 228 15 72 172 106 209 69 51 236 163 220 224 27 0 207 68 37
    222 210 197 28 142 249 11 185 163 109 210 241 168 188 44 105 29 17
    140 128 152 67 55 228 183 240 91 168 133 55 5 132 38 91 170 81 161
    255 70 208 27 128 113 199 190 203 150 39 158 197 215 209 249 180 31
    124 115 89 253 168 162 106 39 119 181 22 132 183 43 146 7 162 46 189
    92 148 242 161 57 100 241 124 77 14 66 186 215 30 56 104 145 117 165
    89 172 214 172 72 3 99 7 121 187 117 202 33 221 9 210 51 149 89 44
    230 28 109 75 186 214 11 60 75 178 106 61 23 78 205 107 163 131 111
    86 63 194 233 53 222 97 146 170 59 122 122 159 32 162 250 121 128
    216 2 49 238 245 158 193 177 137 105 78 47 195 175 246 136 116 243
    119 22 127 66 50 18 5 122 184 160 5 229 68 143 250 98 87 13 3 195 36
    103 171 188 134 49 140 166 83 132 143 111 39 81 181 117 49 232 62
    228 176 208 115 76 152 171 223 126 47 156 163 56 50 95 99 238 110
    147 236 209 50 151 126 111 54 103 73 192 222 39 48 8 29 33 101 139
    198 47 213 211 160 235 179 208 242 13 241 132 188 26 191 18 156 47
    252 215 70 246 212 223 121 121 58 86 79 68 23 241 131 55 98 21 74 16
    85 76 29 178 145 167 96 122 186 26 251 137 186 232 150 185 85 113
    120 151 182 113 107 110 36 2 216 187 185 110 51 177 33 163 130 253
    195 213 36 53 224 21 237 202 117 82 97 50 157 99 67 2 117 92 165 242
    135 179 51 136 104 126 247 49 102 247 56 9 174 61 116 70 13 43 40
    123 31 195 188 204 114 4 227 130 35 209 45 54 46 9 52 180 162 242
    112 48 190 39 219 230 2 113 169 203 210 167 173 26 44 87 219 180 90
    65 250 16 233 159 147 101 145 253 104 49 52 36 88 201 160 119 39 108
    232 201 108 176 129 158 77 207 169 38 40 194 116 99 34 33 251 182
    160 45 111 187 240 62 205 60 115 98 45 114 127 52 27 224 172 102 86
    168 248 94 186 186 138 255 70 160 127 33 161 255 254 226 236 45 236
    123 110 75 47 246 217 247 65 128 110 95 142 170 65 238 232 64 2 153
    159 220 82 121 215 44 15 176 116 53 126 133 209 61 224 55 167 142
    140 22 54 57 240 85 158 221 169 187 245 192 142 242 170 78 120 56
    138 42 43 178 13 143 219 5 69 140 222 155 147 79 153 137 178 36 22
    62 1 220 74 250 14 206 116 18 238 244 103 28 205 84 63 56 219 84 67
    66 13 73 226 224 234 131 139 29 153 138 31 28 137 13 34 188 66 7 141
    172 218 96 254 182 2 111 93 50 77 217 133 12 7 64 13 131 145 166 108
    159 126 174 101 167 101 148 14 120 197 206 35 83 125 28 67 71 43 186
    5 40 93 143 231 132 224 5 47 68 9 22 29 204 254 198 253 158 100 183
    78 40 165 12 200 159 18 138 101 182 255 182 187 105 69 74 186 122 19
    157 130 91 4 87 136 156 222 34 179 121 20 13 232 67 186 234 14 114
    80 182 250 110 80 192 150 22 96 206 144 109 228 209 254 38 219 199
    122 2 175 2 203 16 159 86 112 93 68 178 76 129 93 57 71 207 57 133
    60 87 132 145 233 153 220 245 121 90 150 15 60 233 13 43 6 212 158
    164 66 189 108 1 192 138 80 62 40 93 111 187 231 143 165 76 48 63
    185 236 173 101 207 57 36 242 140 249 79 156 16 240 227 252 135 190
    65 50 196 20 180 3 219 189 8 246 107 122 63 226 111 140 188 25 21
    237 98 222 57 105 172 186 71 13 27 236 91 56 175 112 107 15 253 20
    126 160 115 143 65 88 241 244 247 29 169 33 77 36 129 76 174 92 172
    149 87 245 148 41 129 67 63 116 117 31 165 190 129 139 34 212 231
    128 234 170 189 91 145 171 23 43 104 59 235 223 195 35 139 63 175 33
    100 216 78 132 159 60 9 234 109 255 59 42 205 6 229 48 143 31 251
    231 115 130 158 168 156 72 229 69 182 120 240 7 235 133 164 150 94 8
    191 38 44 92 233 20 212 69 41 132 23 245 16 195 212 44 67 70 90 118
    74 222 168 230 245 14 138 39 181 8 37 213 213 222 178 72 84 186 68 0
    76 11 233 23 126 122 111 118 119 49 235 8 145 69 115 52 234 215 188
    63 49 149 82 138 54 128 201 195 121 36 224 245 67 230 126 56 60 236
    235 200 127 90 31 143 154 242 79 199 197 215 160 34 128 105 123 64 2
    3 179 86 153 105 45 137 124 45 86 116 99 176 126 181 37 119 86 214
    182 161 142 169 187 136 190 179 169 208 194 38 125 151 49 154 246
    148 222 184 56 44 93 218 202 200 202 100 35 74 8 73 200 213 88 151
    237 206 46 231 197 68 240 56 29 117 164 200 233 165 16 145 166 149
    183 105 110 22 145 80 89 112 237 188 20 79 192 95 36 159 56 169 98
    37 119 232 101 28 83 239 106 38 130 51 177 67 26 100 22 238 181 99
    160 9 170 136 62 47 110 215 118 98 91 59 214 143 151 4 51 154 196
    185 104 181 80 168 177 194 10 226 161 234 124 2 255 209 110 248 246
    113 180 71 109 116 145 225 206 66 16 148 229 8 231 237 242 81 102 59
    247 129 240 100 50 109 10 113 24 150 210 35 5 60 203 115 72 39 30
    222 196 238 95 49 16 85 181 128 164 171 203 197 58 169 128 23 48 82
    140 65 146 59 222 163 54 244 53 176 231 72 190 199 13 20 89 199 60
    155 32 133 208 235 97 228 9 51 77 211 63 226 110 64 166 78 59 232
    224 163 16 107 97 251 88 211 15 246 97 231 197 241 158 206 176 209
    143 193 36 100 98 16 210 21 33 241 196 111 76 21 57 235 68 175 141
    141 86 175 37 56 200 105 181 195 170 226 168 203 121 204 222 121 169
    208 11 59 170 132 236 103 136 253 162 21 62 91 168 105 131 203 25
    213 208 221 103 176 17 219 171 243 90 110 173 6 77 239 227 152 45
    202 222 160 210 247 56 94 32 141 189 190 204 103 57 215 31 205 140
    127 40 231 40 194 69 123 133 133 207 50 37 192 2 104 133 110 202 114
    64 43 61 52 203 247 45 198 23 96 60 90 238 63 91 141 39 94 92 114
    153 40 177 172 41 141 43 230 86 192 215 241 223 243 43 102 178 167
    108 243 140 67 250 158 214 79 103 41 228 174 188 33 177 86 67 91 211
    249 109 137 26 48 85 33 68 128 152 202 29 22 158 116 76 250 82 254
    105 48 211 175 99 218 110 34 195 240 165 135 200 186 247 193 93 251
    170 155 149 204 221 227 161 203 102 244 55 129 89 62 68 106 0 14 252
    151 78 248 78 66 112 172 175 95 2 248 104 220 96 86 74 137 28 195
    170 51 46 117 37 183 210 149 51 60 203 178 59 77 14 94 207 252 82 11
    208 17 40 163 214 84 159 203 152 73 233 96 28 109 111 34 75 21 106
    199 95 78 58 215 151 241 86 7 112 155 177 117 167 109 186 15 88 16
    234 235 160 42 95 16 244 179 88 211 148 162 250 71 180 216 7 236 14
    179 52 59 185 115 161 54 144 198 255 125 153 96 49 104 6 236 30 162
    70 44 255 148 182 229 134 210 112 114 96 204 141 151 188 189 44 124
    220 1 90 139 115 61 202 24 99 5 137 2 71 225 13 104 177 159 151 169
    210 229 35 108 212 16 106 190 151 49 176 97 248 58 222 40 226 21 63
    171 116 168 44 144 129 244 126 97 255 101 17 151 201 185 107 33 99
    63 3 250 73 101 105 167 199 60 177 227 153 226 189 206 143 24 127 90
    209 102 34 11 63 95 75 218 214 42 20 48 161 127 179 91 90 176 156
    142 206 73 100 25 159 166 114 10 55 112 170 224 209 78 184 159 187
    164 249 58 207 216 91 37 236 246 143 22 79 35 107 22 115 251 40 157
    188 162 225 91 210 172 105 157 237 75 189 84 149 247 185 99 190 167
    217 103 157 224 213 242 95 14 143 245 226 158 1 103 245 253 62 158
    189 189 217 197 32 181 216 81 48 96 62 83 86 133 208 218 24 129 152
    160 19 130 249 24 119 238 116 125 185 58 74 46 141 45 203 168 146
    173 35 37 34 221 32 10 160 139 46 154 122 172 2 108 33 47 87 120 210
    239 125 100 223 213 9 138 232 121 107 61 19 48 75 60 13 141 195 230
    232 77 218 43 27 87 134 238 55 47 26 7 223 80 30 53 165 133 57 194
    204 140 11 196 187 52 114 34 100 27 251 98 108 232 105 184 215 156
    148 91 247 135 50 160 151 121 37 227 6 195 253 44 32 124 19 143 9 50
    68 215 190 188 248 90 245 54 54 18 211 97 225 227 222 114 56 156 16
    26 61 32 60 146 228 100 26 23 130 145 246 93 64 63 76 219 125 89 78
    249 194 255 21 252 0 165 67 45 181 44 231 124 19 123 193 203 67 8
    243 242 73 30 195 47 168 1 228 105 102 225 52 166 170 89 4 160 79
    160 218 80 237 165 37 75 164 242 93 58 124 250 187 123 154 51 83 132
    205 79 23 179 170 194 137 190 248 69 42 253 226 69 130 109 245 195
    58 192 178 183 143 55 158 137 221 30 254 117 162 4 179 23 106 57 18
    174 218 134 251 192 246 83 108 215 206 220 96 3 99 146 196 78 235
    172 237 9 215 144 94 207 62 130 62 162 59 5 40 105 161 191 111 164
    227 141 16 42 160 76 214 125 13 82 43 206 40 254 165 17 121 105 138
    245 158 22 22 92 103 222 152 178 255 183 159 244 32 29 86 79 113 207
    183 126 132 222 36 218 95 46 219 228 189 71 105 248 200 227 74 8 83
    189 30 8 140 24 226 59 149 227 166 120 104 94 68 212 71 116 197 43
    45 202 253 68 238 107 158 90 77 50 102 48 156 166 68 186 178 210 111
    34 80 177 71 149 20 184 115 210 242 86 99 54 173 49 35 44 122 139
    230 91 160 166 196 108 168 122 156 166 116 50 93 94 82 172 67 38 134
    23 248 221 160 197 222 91 247 228 191 54 119 5 234 82 221 175 161
    146 152 146 29 241 210 114 113 188 198 11 84 215 202 151 76 86 73
    200 53 217 34 159 52 158 159 63 152 115 135 31 24 174 24 141 115 27
    197 68 206 99 112 155 192 137 94 235 250 254 241 61 137 128 210 212
    225 197 182 77 114 92 105 48 50 0 72 30 43 102 35 178 77 222 214 143
    156 220 13 176 249 182 186 50 247 117 13 26 123 145 31 186 121 189 6
    137 111 220 204 130 143 254 112 161 38 23 227 172 90 9 186 177 182
    248 174 7 182 83 38 40 21 15 28 85 225 199 7 98 59 19 129 81 199 96
    15 92 179 245 8 115 37 131 176 45 45 152 68 153 235 167 232 186 198
    214 123 213 248 159 222 154 209 251 155 145 214 172 22 9 7 172 150
    133 206 164 242 162 117 36 115 211 250 19 103 184 57 92 82 248 73 41
    186 41 136 29 1 113 68 108 101 5 66 150 37 97 130 251 12 68 121 144
    247 224 229 220 78 142 220 183 3 29 13 229 98 123 195 194 198 34 149
    95 184 134 221 131 142 143 184 149 150 198 138 156 69 161 81 136 202
    46 86 4 243 198 92 55 181 78 145 108 13 168 87 91 132 61 228 211 221
    251 195 230 94 224 234 174 44 29 218 208 140 0 64 249 52 44 177 9
    190 141 131 23 153 12 28 198 194 236 107 254 83 127 160 160 151 158
    166 11 227 215 194 206 3 132 66 129 50 68 227 242 55 113 230 21 28
    255 217 8 245 116 76 163 199 176 23 27 17 93 157 31 59 222 151 144
    107 197 12 88 199 3 100 42 59 71 185 96 250 251 104 70 201 245 220
    233 7 120 108 14 59 91 40 183 219 7 93 108 185 113 45 254 167 240 92
    30 54 241 69 24 221 219 190 200 232 209 103 241 175 132 253 190 32
    53 96 153 17 86 98 254 36 29 10 50 102 16 39 185 209 240 164 147 170
    94 141 252 164 200 35 20 156 190 64 213 16 109 41 122 182 248 134
    240 56 122 180 146 101 189 86 195 132 158 191 46 141 162 177 141 80
    21 213 0 33 240 167 183 178 197 89 47 245 184 219 89 128 169 81 133
    3 58 96 215 254 139 54 80 32 62 161 142 83 129 251 132 73 171 146 58
    122 126 227 97 116 181 158 85 233 145 215 30 17 193 54 133 255 149
    228 121 1 128 222 155 194 2 164 16 164 69 93 72 225 37 18 249 51 196
    230 79 131 163 247 254 227 98 160 44 218 173 157 249 12 133 80 222
    66 101 155 34 75 135 13 37 168 101 221 194 74 56 60 35 62 139 75 241
    103 122 57 26 219 138 234 17 109 74 47 212 108 181 211 141 11 52 196
    124 39 127 7 192 126 3 13 242 60 172 20 35 147 120 230 202 65 69 211
    67 143 89 201 33 233 66 118 3 124 36 153 46 27 205 246 40 29 89 202
    217 105 237 57 240 123 212 27 193 253 118 122 169 72 67 82 22 202 18
    76 162 243 17 152 39 52 142 16 203 41 201 212 218 254 7 28 212 210
    219 229 251 231 120 90 17 255 25 104 39 17 146 179 74 182 226 229
    236 179 177 225 138 215 133 79 189 209 102 115 228 161 192 71 10 173
    37 115 99 1 110 156 81 89 219 85 25 29 188 56 179 142 2 171 108 20
    90 104 63 98 211 53 201 77 242 115 223 223 52 76 141 108 244 252 224
    219 31 0 236 161 177 100 29 124 193 25 170 19 86 217 116 83 199 102
    216 81 92 213 25 70 20 209 134 171 243 72 5 238 146 229 140 89 194
    123 6 210 75 134 177 113 171 136 253 151 115 152 22 180 21 172 134
    69 189 82 156 43 33 0 9 224 200 0 208 101 211 144 229 52 148 247 160
    70 10 101 191 130 43 61 128 241 62 206 8 59 171 15 140 113 124 227
    219 85 107 163 47 237 226 9 166 226 159 169 237 84 85 21 203 219 252
    247 116 9 133 76 159 150 224 19 183 50 90 4 6 62 114 227 62 51 37 40
    157 247 21 125 118 93 46 144 72 137 74 89 139 210 136 100 79 75 143
    165 157 238 166 83 103 216 250 67 160 182 243 3 236 216 112 154 164
    208 52 178 17 34 223 48 186 49 226 185 22 34 59 88 156 253 40 184
    205 93 160 234 6 64 146 142 87 69 120 149 146 85 45 60 77 83 188 241
    87 217 223 151 246 109 158 46 1 227 134 9 151 70 130 139 176 46 201
    132 74 162 130 129 0 187 214 180 120 236 74 157 166 112 68 63 219 31
    158 17 1 231 189 18 161 244 20 14 15 109 55 229 44 217 175 207 175
    242 244 13 217 238 225 79 66 255 32 139 119 37 181 64 224 229 195
    155 168 28 108 168 185 110 178 199 192 77 163 232 238 150 88 33 207
    188 253 37 1 129 52 187 22 164 6 122 45 34 170 188 143 98 68 161 141
    174 237 62 53 134 222 136 1 147 168 2 196 150 103 245 148 166 41 162
    68 219 112 189 4 93 48 126 162 106 140 29 41 233 244 28 228 78 122
    13 65 174 121 57 71 196 52 52 195 59 44 191 241 201 115 98 39 70 79
    131 189 94 75 52 167 25 109 24 21 140 253 111 248 84 238 85 29 148
    204 27 88 41 188 17 6 183 243 252 115 36 249 12 162 160 107 48 249
    125 197 7 143 119 169 20 59 55 149 83 211 66 190 203 205 116 64 180
    99 154 181 19 158 99 244 148 13 205 16 251 199 171 152 236 174 27
    212 73 80 218 61 46 180 57 31 59 162 59 172 34 201 221 252 203 107
    212 187 47 46 38 160 52 69 15 161 32 116 116 53 92 149 131 79 110
    118 96 19 34 83 190 17 75 164 189 195 42 49 155 35 50 88 57 239 140
    240 45 204 145 82 64 120 254 91 31 34 67 232 234 157 167 207 146 52
    110 92 69 79 238 99 129 109 147 195 35 197 193 242 100 123 18 148
    124 80 116 23 55 170 197 99 209 103 211 152 77 18 151 30 187 33 32
    75 12 143 251 238 29 245 242 186 18 169 41 148 70 56 186 166 24 80
    240 191 200 23 242 5 205 153 255 46 237 72 173 37 86 192 222 51 58
    248 199 244 121 194 96 93 27 184 33 18 100 125 181 144 146 185 197
    163 210 91 190 131 254 228 111 106 176 51 48 88 109 213 101 181 79 5
    219 234 20 83 244 101 175 78 86 45 228 174 187 109 233 214 9 244 42
    125 62 92 171 22 212 46 0 100 149 110 69 246 234 224 29 104 161 132
    139 151 207 42 83 224 136 103 179 144 9 200 151 193 56 55 78 250 55
    48 235 152 186 230 23 5 4 165 56 253 134 104 243 76 255 121 117 161
    228 59 36 21 119 75 65 16 196 77 133 209 30 29 71 207 94 193 152 158
    146 30 225 179 250 231 86 165 95 93 15 6 203 131 107 208 130 9 0 213
    215 103 199 102 6 250 103 197 170 181 228 166 207 113 115 27 237 97
    77 227 138 28 214 153 60 186 199 97 51 253 195 152 99 79 241 216 124
    19 161 208 16 51 183 46 219 225 38 135 46 142 14 59 115 121 238 255
    168 240 217 188 234 194 26 154 249 254 35 189 193 85 185 219 147 176
    79 11 111 177 164 243 97 219 85 114 119 244 83 140 137 13 250 210 32
    150 203 133 133 183 120 179 126 244 40 53 217 168 49 211 249 89 48
    109 57 53 194 31 136 255 19 19 244 147 221 59 97 60 107 226 206 88
    118 94 134 20 57 187 239 168 190 155 178 173 37 161 200 226 121 163
    178 154 242 176 227 110 161 219 227 243 163 223 252 20 144 229 250
    121 160 210 93 221 146 92 199 57 122 199 45 105 220 104 251 78 203
    144 129 163 240 68 154 20 201 129 77 140 146 89 169 48 201 200 60
    103 32 174 172 218 168 159 17 144 87 162 211 79 36 187 41 189 163 4
    69 194 28 123 9 11 187 153 65 65 44 61 188 242 8 29 30 52 206 175
    193 126 191 155 201 224 121 247 6 150 47 109 187 134 85 86 152 182
    87 44 232 36 42 42 177 28 3 242 89 214 169 88 170 186 28 7 100 132
    31 89 143 111 239 38 19 66 28 112 205 133 22 31 88 163 201 222 160
    237 216 62 77 168 200 170 232 15 209 132 142 3 6 89 202 119 89 190
    65 170 219 137 62 151 0 236 191 209 115 64 109 16 127 217 227 243
    163 131 49 66 126 75 117 245 61 8 249 214 87 81 243 192 213 76 213
    190 165 220 145 236 50 80 175 131 31 89 146 2 254 232 129 40 69 189
    45 59 12 245 61 147 249 44 134 221 83 135 177 98 136 55 130 14 72 46
    188 182 68 100 9 27 127 194 19 238 221 128 117 240 4 151 173 138 240
    208 87 127 11 122 197 96 183 159 26 82 106 70 174 116 46 221 189 71
    10 38 107 169 35 12 237 95 33 194 218 243 126 188 194 58 41 100 250
    249 220 247 149 47 244 56 66 236 246 165 205 104 123 68 219 171 188
    105 242 233 33 205 70 174 226 137 19 134 101 134 179 82 51 111 219
    20 93 117 82 194 109 74 184 136 108 14 62 65 145 182 40 61 38 122 36
    199 6 13 82 253 149 121 212 101 162 148 162 94 204 128 113 120 148
    218 54 71 21 141 227 157 158 103 172 127 237 174 203 209 117 29 188
    22 82 169 249 5 213 48 117 249 25 158 172 114 161 35 240 77 75 69
    251 20 178 164 165 254 8 226 79 13 36 113 111 192 47 6 224 97 80 6
    81 61 29 113 52 39 233 78 99 249 192 178 192 110 221 47 189 199 17
    111 175 65 221 164 173 247 208 30 159 189 99 47 127 246 60 60 137 25
    234 204 115 243 37 196 29 129 163 110 51 151 169 41 29 107 239 62
    118 1 80 168 164 53 194 108 160 178 231 16 22 236 247 161 118 95 202
    173 253 163 236 119 102 83 115 78 123 164 38 116 84 35 118 105 17 15
    149 80 195 184 25 94 18 251 149 77 109 252 161 156 104 132 1 197 15
    25 191 53 114 7 227 113 141 207 235 183 166 196 156 122 188 219 95
    81 221 131 226 233 146 160 35 150 172 20 56 123 32 3 27 200 191 85
    160 127 141 237 120 225 104 187 12 28 46 132 53 190 85 59 186 82 32
    33 150 234 144 144 197 175 106 219 138 59 207 121 207 95 218 17 228
    181 164 183 94 63 50 147 117 220 174 136 69 251 157 29 45 189 221
    114 131 43 157 127 99 156 151 208 17 64 131 167 44 153 92 83 228 159
    30 5 85 195 249 148 187 111 45 215 161 134 119 49 245 208 3 18 140
    242 55 34 206 197 231 90 5 16 109 141 6 153 214 212 78 248 45 79 113
    116 104 88 232 98 179 69 198 169 20 133 169 61 199 11 164 187 68 232
    186 174 7 192 208 217 224 137 147 239 106 43 109 43 180 239 117 49
    194 123 182 17 243 90 177 215 36 177 19 222 154 15 75 147 98 58 55
    166 102 93 175 182 112 192 64 97 176 242 169 99 220 89 28 53 20 231
    164 167 91 96 58 195 217 54 129 180 183 243 249 121 234 40 22 94 241
    110 142 118 231 75 3 215 106 162 75 149 170 196 89 141 90 169 43 227
    207 97 106 54 149 15 38 30 97 223 7 67 234 146 204 183 104 116 100
    99 214 116 196 210 77 63 231 165 20 193 216 224 50 96 239 31 84 191
    228 199 188 194 144 217 81 103 17 73 156 119 139 77 188 243 242 204
    137 136 53 92 140 107 89 102 150 8 244 4 166 79 4 97 198 240 159 227
    124 44 42 45 132 254 24 2 27 7 175 109 148 115 67 226 43 119 29 40
    200 166 58 205 7 86 232 164 172 179 20 5 9 113 136 171 120 53 47 5
    33 37 100 132 182 58 107 6 241 120 16 251 41 100 242 110 242 227 192
    99 15 199 211 113 120 35 173 61 174 34 100 198 160 164 243 205 61
    111 240 135 128 245 34 138 134 171 160 216 27 151 137 36 145 161 133
    204 11 185 208 8 245 147 191 7 156 232 138 45 146 236 72 229 216 139
    109 252 67 105 219 193 181 165 140 48 10 6 27 37 81 96 238 65 5 116
    121 18 172 183 198 85 38 236 8 24 129 170 51 164 77 36 2 106 108 231
    76 30 237 32 224 230 24 241 49 129 79 253 249 208 235 208 114 50 241
    245 193 59 148 134 234 134 227 47 147 175 38 66 246 250 5 87 207 202
    248 8 88 80 122 85 155 104 52 178 14 175 136 115 185 37 74 176 37 9
    12 128 112 37 16 107 188 35 215 159 1 64 79 196 112 225 23 164 212
    127 10 94 9 190 35 48 39 92 75 139 10 58 220 57 25 161 149 236 200
    161 103 48 58 50 64 109 57 197 36 211 242 252 172 162 63 94 225 188
    2 232 128 95 234 237 104 84 146 79 77 121 169 30 147 249 163 123 210
    93 212 46 42 87 39 243 232 248 253 6 65 194 15 106 224 125 131 9 216
    17 202 153 107 247 44 212 176 224 230 205 182 239 248 236 64 100 225
    155 169 127 30 210 126 73 79 186 99 43 72 226 167 235 160 9 220 186
    241 60 54 167 46 2 50 174 223 209 67 224 133 3 156 83 246 204 168 40
    195 250 120 239 113 204 29 233 193 45 65 81 29 3 203 125 239 152 16
    151 250 54 151 246 114 79 46 102 83 188 181 210 34 158 112 166 2 142
    63 180 96 161 74 34 178 160 188 152 235 230 145 6 93 115 241 189 200
    112 77 77 121 175 12 49 243 206 23 132 148 125 83 227 57 233 86 242
    95 82 14 141 202 39 203 68 201 120 209 67 2 74 17 92 224 97 141 176
    81 254 198 1 20 240 66 191 207 83 26 210 32 135 217 68 52 46 94 220
    26 177 27 9 53 198 169 171 250 81 40 132 248 218 67 196 39 62 132
    139 71 215 30 105 129 133 56 82 217 1 133 74 135 26 11 85 160 139 45
    53 149 36 158 95 221 86 143 112 251 187 76 169 198 35 157 33 57 57
    223 86 143 212 120 37 144 92 90 92 198 162 25 249 94 85 59 221 9 51
    5 154 62 187 175 36 187 118 227 29 35 71 101 165 237 17 16 39 21 107
    69 95 65 139 43 105 55 106 239 139 116 164 242 222 123 221 81 235 21
    123 80 91 145 128 26 55 9 172 252 218 189 132 12 136 241 69 176 190
    184 190 43 208 24 150 168 244 255 16 103 186 129 44 154 71 252 159
    188 11 154 201 175 43 246 16 28 136 18 232 142 210 178 234 190 141
    102 148 52 92 43 74 255 205 13 75 166 7 225 70 122 115 97 197 249 60
    56 69 240 243 116 108 16 246 22 66 174 243 41 237 99 106 200 68 2
    206 80 45 19 1 4 234 186 227 48 136 211 165 173 87 147 40 231 78 10
    93 235 50 28 249 37 228 216 44 22 56 95 143 154 234 79 181 63 118
    198 115 139 75 206 22 157 161 191 90 232 133 188 154 228 15 62 255
    226 188 186 87 62 25 120 7 77 150 200 87 232 215 38 156 253 52 59 86
    3 52 125 253 97 230 92 90 14 145 103 20 141 115 54 115 105 108 76
    170 3 30 121 10 213 136 55 47 65 164 168 96 7 11 228 143 74 113 160
    171 92 150 210 220 57 96 113 215 36 124 205 254 223 242 207 168 30
    225 2 199 240 164 64 253 40 82 91 188 59 2 196 153 61 2 177 57 69
    162 230 238 190 200 175 132 205 229 235 135 18 102 51 47 246 32 183
    202 102 230 53 87 104 11 226 135 68 121 103 156 231 168 112 91 121
    229 59 20 116 137 135 253 102 67 158 152 148 39 51 134 17 227 184
    183 131 58 90 136 170 139 140 56 72 94 143 34 148 174 157 245 196
    127 155 10 155 91 229 203 51 201 208 102 15 66 60 115 168 25 75 251
    247 224 241 91 52 72 234 185 16 4 8 91 39 87 27 164 25 177 142 81
    101 26 66 67 45 132 187 214 157 65 188 71 102 26 152 168 161 156 208
    252 132 121 212 179 9 124 239 237 238 175 235 212 113 211 138 56 57
    0 121 52 26 138 171 84 79 169 99 4 216 78 234 58 174 62 14 149 161
    79 191 138 46 20 110 136 178 67 248 243 95 230 250 38 198 166 217 50
    188 203 133 40 36 26 151 199 96 151 42 177 121 214 95 102 101 76 67
    187 232 59 77 95 20 159 222 202 177 93 141 230 74 1 10 248 163 179
    171 111 10 41 209 208 223 116 202 64 186 33 122 104 96 107 106 11
    230 128 158 107 156 230 181 19 155 136 9 102 217 95 117 133 162 41 0
    204 178 6 100 184 63 196 31 190 230 149 113 188 120 166 95 181 194
    154 97 1 142 163 72 130 6 51 95 255 244 240 67 167 47 58 133 114 177
    174 120 122 95 177 225 88 6 231 140 229 253 253 130 117 43 25 51 183
    110 155 67 54 33 121 120 197 126 108 74 73 79 145 92 39 220 120 82
    231 94 56 69 242 138 185 243 10 195 168 42 242 147 210 137 111 106
    92 211 204 52 188 61 151 208 238 156 63 39 5 85 4 27 16 153 86 165
    129 13 182 55 152 62 105 127 96 98 191 138 148 120 178 31 220 179
    145 212 150 216 31 40 49 64 12 77 24 62 69 42 242 166 86 64 0 167
    125 180 241 101 225 251 241 152 143 62 22 229 80 9 145 14 213 146 26
    81 172 55 93 250 224 131 37 118 123 18 95 134 128 226 178 42 73 184
    97 24 209 75 116 249 43 125 240 239 64 242 71 199 196 152 234 33 36
    206 184 69 65 163 175 236 176 206 153 147 209 227 196 129 89 69 91
    77 213 254 31 24 228 229 58 170 251 30 181 247 220 123 230 36 3 182
    63 30 27 176 101 168 194 135 13 131 90 136 17 86 16 176 165 97 84 92
    245 10 101 199 166 199 2 65 27 64 134 80 77 188 184 61 77 32 18 23
    196 72 0 176 85 233 193 218 248 214 101 247 20 82 70 7 207 218 80
    253 184 133 197 145 14 110 90 50 24 40 229 34 74 235 48 74 160 113
    243 137 237 18 197 198 156 98 29 192 211 79 108 3 84 192 82 204 151
    197 153 179 160 222 182 41 254 1 198 208 187 201 118 112 187 181 31
    236 121 86 152 202 238 90 36 56 240 84 157 245 33 64 127 13 80 127
    17 107 202 134 177 212 243 215 152 57 11 13 137 182 135 23 245 54 65
    23 231 48 233 21 79 45 107 240 82 166 101 154 123 144 155 158 173
    233 240 166 94 1 40 99 235 31 28 96 182 110 109 132 34 192 19 106
    190 116 219 128 115 111 87 24 114 84 197 21 91 29 6 121 88 228 24
    142 51 215 74 20 77 109 125 163 192 146 203 117 128 248 125 15 214
    149 191 235 22 123 29 139 93 73 198 84 243 213 231 170 40 105 205
    181 255 123 67 208 183 118 163 119 115 89 73 44 3 242 197 247 244
    162 1 220 140 213 101 164 217 138 91 208 3 179 23 141 195 108 240
    108 116 141 66 112 53 69 125 184 233 119 143 115 89 211 55 236 167
    69 224 123 100 223 219 98 128 85 182 53 196 81 141 6 35 237 117 27
    228 82 71 247 70 115 148 158 64 229 100 184 14 200 31 61 205 160 220
    43 72 123 134 110 218 64 46 148 204 123 182 61 129 57 230 161 192 49
    210 181 127 79 178 62 58 221 70 176 106 85 100 40 23 160 249 192 246
    88 125 231 200 54 248 115 102 59 148 160 1 240 81 119 47 31 250 252
    170 80 26 68 70 214 95 85 180 203 223 50 57 140 154 92 82 235 159 77
    231 140 58 147 96 250 229 36 158 20 52 141 152 213 171 238 90 138
    165 31 15 197 143 100 153 179 51 172 41 92 164 132 238 45 35 203 87
    230 84 232 35 5 202 164 73 130 201 156 76 212 4 117 110 183 7 231
    107 91 200 39 40 161 139 16 211 181 50 52 32 16 68 221 16 14 99 33
    153 117 207 104 229 252 155 155 120 93 226 224 68 179 106 42 234 69
    77 195 121 23 198 144 7 237 250 254 197 182 147 168 182 138 48 127
    189 163 204 211 233 0 42 72 6 212 183 206 95 41 161 109 82 159 33
    154 91 52 106 21 205 248 64 136 38 47 248 89 54 55 104 108 171 190
    244 198 192 96 128 104 105 99 156 74 218 186 186 248 43 148 141 97
    223 229 155 159 213 134 118 126 31 47 247 231 236 246 35 194 112 206
    233 194 138 73 202 17 83 0 80 114 38 123 237 244 181 79 26 245 145
    208 231 162 46 102 175 28 229 90 77 238 143 194 92 139 222 215 35
    161 229 166 167 222 58 179 180 14 88 249 141 151 57 119 227 125 89
    195 251 3 168 147 91 73 78 158 226 97 1 58 103 66 9 109 161 32 163
    46 20 129 88 81 148 90 133 184 19 167 138 192 177 191 162 92 97 238
    193 237 97 108 118 68 109 124 247 2 226 175 255 75 107 193 127 20
    228 114 209 191 166 127 153 183 137 148 56 124 209 241 103 179 10
    215 119 167 163 98 70 44 248 114 103 195 177 139 119 89 88 129 188
    79 204 11 204 110 130 181 14 17 150 119 51 97 234 38 182 129 66 240
    1 36 73 124 3 182 2 225 20 230 192 1 211 15 161 131 72 133 9 188 179
    171 70 19 51 182 141 116 45 19 61 172 58 75 230 25 130 46 98 108 166
    153 237 174 161 37 167 192 72 56 85 14 239 170 161 216 96 53 34 162
    239 118 172 132 48 91 197 74 221 12 113 175 119 171 72 29 206 172
    143 99 94 16 136 166 243 211 82 151 66 76 125 35 213 53 94 30 195
    164 84 88 179 161 117 192 155 104 213 138 27 163 144 148 159 237 255
    142 74 172 21 161 100 175 90 77 119 103 47 189 205 16 41 194 24 179
    1 233 111 34 131 209 101 156 180 200 161 20 143 207 228 186 208 62
    103 121 207 211 190 85 80 103 8 67 115 17 30 30 148 228 57 194 188
    191 72 183 42 94 153 86 50 199 121 63 108 34 18 92 183 204 38 242
    147 33 0 121 74 180 251 92 67 191 25 124 48 62 160 33 130 169 118
    142 196 116 201 59 47 150 104 100 169 1 181 21 173 153 171 90 79 161
    193 101 68 138 79 109 241 120 252 80 57 11 241 113 218 29 81 244 201
    49 218 224 64 192 40 15 107 79 187 131 81 182 15 215 40 133 203 79
    64 36 214 39 116 21 131 151 194 2 152 106 60 162 171 35 170 49 147
    56 216 200 97 45 169 250 129 122 202 28 156 160 25 126 189 225 107
    152 16 245 77 204 211 2 143 131 223 208 184 81 138 131 114 152 213
    199 140 155 232 219 6 158 121 52 62 72 150 157 189 155 243 79 81 199
    17 89 235 230 60 45 26 45 226 35 53 4 139 83 78 167 229 137 167 14
    225 63 119 198 70 112 241 156 190 30 136 177 82 110 39 204 42 216
    137 123 51 111 73 202 30 49 56 138 58 191 187 11 39 143 151 213 132
    117 65 2 196 88 156 1 124 60 219 64 239 44 8 85 249 159 103 81 42
    132 165 41 156 242 217 39 249 117 28 212 206 231 167 177 101 207 149
    72 143 206 47 83 115 120 83 96 139 22 207 103 236 88 108 181 46 15
    93 227 202 67 193 218 117 54 244 131 111 195 133 43 62 208 19 142
    129 120 196 175 157 247 203 1 57 61 206 164 254 120 128 124 190 141
    33 2 107 76 157 121 147 101 24 13 136 79 87 207 200 147 85 60 143 9
    198 90 39 132 33 62 163 145 9 9 173 147 14 9 178 45 4 246 26 252 107
    241 124 221 172 89 11 254 7 230 58 216 56 151 84 147 45 41 63 192 17
    112 85 56 121 189 72 4 29 233 132 91 62 217 161 115 93 225 86 250
    166 48 144 94 9 63 14 48 141 10 217 249 171 163 219 16 249 164 60
    122 219 175 202 27 150 147 90 93 218 1 122 105 229 60 168 76 146 63
    194 72 193 231 111 85 19 226 11 228 216 189 106 222 152 236 225 204
    42 128 104 176 180 215 168 78 40 243 95 126 130 2 231 237 35 157 136
    169 175 94 106 238 69 178 60 236 213 185 124 81 90 236 60 99 195 10
    243 24 248 107 224 228 147 191 190 164 28 105 168 158 92 131 223 240
    62 36 6 230 222 143 23 65 73 96 63 254 52 239 203 25 68 205 208 19
    142 67 73 2 115 188 37 175 217 95 222 57 21 150 255 185 201 188 78
    154 25 194 233 91 240 187 250 142 126 93 170 165 1 174 119 247 160
    62 220 93 2 137 43 48 67 186 49 186 177 73 44 110 160 154 87 189 41
    25 110 190 52 150 186 164 44 201 213 166 224 106 183 242 202 54 103
    88 119 10 76 117 84 78 7 46 131 64 254 183 154 167 192 119 67 247
    168 79 185 218 213 169 41 127 182 174 210 11 22 14 229 185 136 21 70
    170 62 92 204 129 103 162 7 130 228 73 81 69 107 166 243 177 149 202
    108 12 216 161 210 109 69 82 5 223 205 35 128 70 76 13 145 142 118
    128 224 211 87 120 188 143 16 75 197 50 50 74 14 204 221 238 201 98
    248 41 134 153 0 161 76 213 17 70 33 43 18 243 100 122 52 44 232 169
    245 239 165 35 67 27 85 154 180 141 236 176 23 206 254 56 214 233
    224 110 196 216 37 98 110 154 15 28 147 137 147 17 11 73 90 28 208
    98 134 184 18 200 36 26 227 166 44 158 218 104 127 133 94 210 142 19
    64 13 133 85 2 120 9 33 190 135 51 191 202 33 77 253 10 179 51 115
    26 77 89 51 193 172 106 35 19 156 67 80 13 142 4 59 101 242 36 236
    130 141 68 59 89 16 99 123 93 36 145 152 149 231 68 153 202 12 221
    139 125 81 235 92 200 75 24 79 157 70 148 60 32 152 111 122 149 245
    206 154 5 163 115 83 237 31 233 134 237 149 179 48 192 192 36 90 199
    207 115 90 107 255 66 147 245 241 111 132 119 144 9 233 212 230 243
    34 190 247 241 191 149 22 233 59 160 111 163 27 171 223 5 251 186 9
    156 225 128 39 13 176 27 17 17 138 171 113 165 6 222 73 99 100 19
    168 133 149 146 244 61 173 67 132 236 234 208 253 222 192 88 165 220
    158 208 68 63 52 16 54 82 139 18 135 184 60 53 96 249 239 210 12 223
    15 157 182 14 97 150 219 56 147 239 222 43 117 2 171 129 126 44 247
    79 141 60 156 54 96 36 195 89 252 107 69 33 213 240 135 47 227 68 32
    42 4 240 218 41 33 157 52 103 224 91 135 44 216 188 5 22 251 15 151
    248 173 179 52 77 150 208 45 38 195 83 60 37 187 132 194 114 179 41
    14 171 215 180 3 67 117 72 221 123 153 66 113 215 139 206 241 74 43
    227 113 189 69 79 142 73 21 4 231 249 23 91 25 186 98 32 54 184 79
    206 55 189 11 168 9 249 58 187 142 48 200 194 191 76 26 63 31 6 152
    74 114 84 32 123 167 32 79 208 235 169 54 5 224 191 173 154 212 93
    43 121 194 68 37 142 6 185 73 72 2 217 191 55 110 145 1 252 77 224
    110 3 198 116 101 194 164 100 45 100 180 197 143 216 116 28 131 119
    56 223 172 145 65 251 191 45 175 125 236 97 47 229 69 234 172 121
    226 123 147 252 103 224 70 201 11 3 211 59 34 223 78 27 90 24 192
    164 166 236 140 1 22 83 162 59 101 168 99 222 115 167 178 188 47 159
    176 234 5 48 2 228 170 5 120 77 233 137 209 98 25 242 250 215 95 149
    103 167 142 39 161 52 130 65 223 78 107 251 20 173 24 2 221 179 159
    139 48 234 54 148 111 254 234 175 15 195 157 116 245 160 224 195 121
    189 101 234 182 77 248 22 98 4 215 62 27 77 124 181 134 79 65 135
    187 71 69 156 190 224 159 55 107 16 116 246 195 172 39 107 110 158
    86 226 225 177 161 75 38 234 245 21 220 53 217 173 112 217 191 64 67
    70 186 99 134 138 185 95 185 96 128 197 29 196 197 190 213 36 57 9
    200 161 227 150 32 78 158 133 94 78 151 60 2 219 235 187 172 232 39
    157 160 158 24 43 70 165 19 214 34 12 179 155 23 169 165 14 244 128
    129 30 198 129 45 112 84 166 69 216 152 215 126 29 225 57 117 84 70
    116 239 244 83 22 114 234 145 150 8 27 18 135 151 201 35 64 204 64
    127 191 225 248 109 129 246 108 156 134 217 248 75 94 155 129 35 8
    78 243 23 117 125 20 29 78 199 85 94 224 255 209 147 110 19 194 79
    11 86 130 18 223 95 106 66 77 212 14 109 193 144 8 22 12 169 144 45
    85 255 87 8 80 68 72 181 92 235 4 95 176 170 164 88 218 5 229 1 176
    0 209 154 163 108 148 140 92 21 13 30 192 1 188 37 10 111 105 185
    243 173 28 44 189 208 252 186 5 243 226 179 247 163 102 38 133 82
    164 129 39 153 76 232 14 90 136 168 162 167 220 234 83 4 190 85 205
    45 69 49 34 96 2 222 200 30 106 95 106 209 141 238 253 153 34 191
    241 78 126 189 13 33 30 222 96 153 233 197 29 77 116 167 197 135 107
    86 206 157 145 217 120 101 54 137 145 78 224 112 111 208 226 121 81
    80 61 186 14 94 149 174 126 153 64 255 86 166 47 115 180 137 223 35
    118 171 250 139 230 195 236 12 238 23 89 158 87 138 214 35 196 144
    215 74 86 41 100 236 154 59 163 188 41 114 142 62 126 39 186 14 198
    192 54 149 128 21 178 79 243 83 119 214 250 128 53 228 109 107 118
    88 169 175 74 37 10 215 56 159 94 218 0 243 147 94 3 58 130 137 134
    43 249 69 174 185 226 34 90 64 86 144 175 152 59 38 62 239 103 49
    203 133 233 52 99 166 186 36 107 28 102 85 11 107 1 5 13 212 236 16
    126 236 78 11 45 149 245 73 168 124 82 53 32 15 126 176 240 19 91
    145 84 105 122 249 62 210 35 238 25 140 226 230 152 206 27 58 188
    124 71 253 206 230 164 148 118 165 0 230 74 166 49 212 82 176 126
    248 155 60 21 85 46 145 97 140 167 25 200 211 124 220 246 71 223 217
    202 118 230 182 215 1 237 3 244 195 61 60 41 150 11 218 239 120 7
    230 2 93 81 254 16 154 179 24 36 255 37 204 105 254 246 108 153 230
    214 223 96 110 227 58 160 11 65 67 238 59 132 221 149 11 33 91 30 6
    63 95 200 106 148 1 25 39 172 216 142 93 135 226 156 253 133 154 173
    117 94 63 51 144 157 36 193 141 235 126 44 225 5 11 29 110 54 57 251
    240 136 132 1 96 202 207 118 157 204 121 206 72 108 188 16 227 48 45
    179 156 95 195 121 228 52 191 164 183 167 27 187 45 88 187 46 109
    247 238 70 221 224 40 216 147 79 186 243 67 20 215 96 217 137 18 198
    128 163 87 106 187 227 57 8 104 113 120 79 27 196 33 95 77 117 221
    125 25 160 54 97 206 159 64 4 50 229 73 106 80 242 242 149 118 78
    244 87 38 46 85 26 165 242 208 120 77 83 35 46 59 93 179 3 140 26 82
    200 91 218 131 191 249 219 61 31 205 9 122 56 107 82 77 134 142 206
    253 76 96 36 249 15 25 124 21 55 181 211 120 71 227 183 140 43 88
    183 199 140 14 76 151 68 198 183 72 0 47 77 38 110 223 180 47 164
    133 174 128 210 172 30 118 102 228 126 238 166 84 237 218 61 123 33
    225 125 134 70 254 155 197 214 63 18 241 134 76 176 62 213 45 58 47
    24 121 52 52 237 16 149 143 173 18 81 54 99 151 50 53 237 47 142 2
    242 180 255 172 220 7 255 158 189 239 230 140 69 226 108 129 73 33
    95 57 235 14 15 110 8 211 210 170 12 45 138 77 224 238 107 210 100 3
    233 9 73 119 18 1 81 19 109 75 174 59 180 90 136 246 20 199 146 72
    149 165 181 229 224 63 44 150 186 247 78 145 34 168 72 239 246 49 34
    79 241 183 59 212 216 26 131 107 111 251 118 143 51 96 116 110 90 68
    107 241 20 144 225 86 203 13 143 94 161 17 33 101 112 242 108 103
    183 219 163 183 213 128 178 72 138 156 74 157 64 104 232 123 92 12
    172 247 183 226 75 216 71 159 216 206 194 191 70 166 54 149 62 196
    157 107 173 135 1 35 84 175 117 89 163 123 4 169 201 5 218 1 30 38
    30 43 38 194 24 203 130 41 54 67 211 42 27 126 201 97 185 161 207 23
    207 68 1 157 16 199 176 45 86 17 19 59 98 128 235 110 43 3 64 41 235
    91 222 56 246 177 16 165 96 147 40 58 30 237 68 219 109 146 43 219
    193 239 199 222 231 122 142 210 173 251 249 49 88 229 216 243 26 137
    72 72 232 231 182 185 178 241 3 21 121 115 132 247 248 83 252 154
    231 200 97 124 109 255 166 123 17 168 189 85 11 137 126 253 22 145
    202 138 212 133 64 188 97 208 8 36 37 197 89 199 108 120 203 255 106
    203 104 177 213 98 228 43 206 173 152 95 250 145 111 71 178 245 8
    105 118 52 113 189 119 94 154 204 158 72 141 239 212 36 228 179 19
    155 159 153 41 246 82 249 138 32 127 179 187 189 72 208 142 83 75
    203 212 55 45 252 105 121 170 56 224 151 253 176 62 188 182 146 110
    210 210 116 99 28 244 254 204 141 41 178 45 10 229 131 71 43 185 127
    6 176 87 135 36 52 212 207 222 106 142 102 207 14 15 59 87 253 180
    177 76 192 184 200 174 60 156 232 52 86 8 195 65 109 6 80 142 197
    159 52 238 171 47 83 91 144 243 193 6 156 102 195 13 100 230 65 129
    184 95 160 40 154 189 231 230 237 97 171 163 75 38 205 60 75 13 254
    104 9 81 123 129 94 193 46 206 157 109 76 70 187 87 243 38 128 48
    159 163 241 198 62 9 224 178 92 175 128 183 226 192 240 227 94 8 143
    27 246 88 254 95 148 254 153 107 177 88 249 36 16 189 240 146 54 72
    79 1 91 77 205 89 135 87 153 25 122 191 36 246 50 140 84 59 183 91
    131 226 185 242 42 185 8 93 185 166 168 46 191 138 206 164 135 55
    249 169 69 69 63 22 148 231 16 223 16 21 54 179 108 158 129 113 68
    184 176 217 240 42 247 126 151 150 107 111 113 40 184 199 225 23 176
    220 141 204 39 82 91 192 92 94 75 154 18 92 155 185 10 129 10 213
    143 180 220 3 153 71 58 70 180 186 92 34 231 191 56 202 1 43 153 251
    36 29 245 96 25 189 174 147 10 132 32 119 183 222 0 248 38 119 183
    144 102 153 22 173 140 0 164 156 153 233 234 244 119 244 15 182 130
    200 242 166 68 164 144 97 60 63 205 173 209 243 216 55 44 55 188 53
    234 43 172 76 178 216 102 70 135 19 249 147 190 8 198 244 225 191 93
    235 176 245 152 144 227 193 137 167 118 87 113 252 39 252 192 41 207
    60 114 13 2 184 104 91 77 245 199 86 102 112 67 6 103 8 91 32 238 10
    58 87 91 170 112 58 44 172 66 67 22 91 175 160 20 79 182 18 87 124
    113 173 28 191 18 157 147 45 184 50 67 174 79 108 183 178 44 7 122
    194 236 60 172 218 111 3 244 128 87 15 58 155 170 143 168 15 216 8
    129 109 39 12 205 169 53 172 126 29 255 231 62 129 95 177 135 156
    240 155 154 194 39 29 50 220 236 46 138 172 251 42 38 47 5 85 50 253
    119 231 203 76 90 131 74 14 164 123 83 45 133 249 74 105 13 71 27
    135 106 129 216 77 244 236 154 208 76 161 56 11 89 109 148 114 3 84
    222 11 231 153 5 117 183 169 23 112 228 204 17 5 130 218 188 205 232
    78 201 204 207 177 250 203 75 184 20 251 202 145 86 154 169 13 243 5
    218 247 7 228 221 234 147 49 235 209 29 229 73 166 64 252 47 88 249
    92 109 181 5 63 5 208 93 67 189 49 116 47 13 152 156 96 165 71 34
    134 168 58 86 86 76 174 119 105 106 28 129 63 63 40 100 125 84 188
    143 206 109 234 181 217 252 178 228 235 240 148 72 167 79 151 62 166
    243 49 158 25 203 184 129 129 41 81 84 116 165 194 90 85 211 229 58
    158 41 162 223 62 244 108 249 41 252 211 228 133 3 194 162 44 151
    145 246 215 43 206 96 17 243 4 132 83 196 63 185 1 64 220 29 151 135
    61 195 168 115 244 46 151 111 242 81 68 49 81 224 31 95 108 120 179
    230 43 231 102 9 194 164 182 148 124 121 181 245 238 116 203 92 180
    63 1 147 71 44 247 160 170 203 205 27 163 0 186 22 18 79 150 252 226
    221 234 249 34 56 137 22 196 191 200 164 134 204 22 57 41 22 193 208
    110 241 143 54 11 182 125 144 217 81 237 235 170 172 112 230 155 206
    202 165 52 57 109 199 59 221 244 27 193 165 6 36 239 62 247 215 123
    62 191 52 43 0 84 94 174 246 19 17 32 168 119 3 190 130 32 217 20 92
    243 77 112 150 150 3 160 62 54 49 111 23 49 83 100 147 4 184 223 149
    117 107 208 22 224 71 211 216 247 252 75 243 39 196 214 62 105 153
    197 123 74 54 210 245 4 207 112 105 149 36 211 126 236 112 79 90 175
    159 213 36 184 59 189 56 180 142 124 123 103 141 94 179 177 152 120
    158 143 108 65 141 126 155 102 170 214 39 32 51 43 232 144 49 247
    129 154 245 101 63 37 204 227 6 254 192 109 175 105 38 28 225 240
    221 232 131 154 125 71 45 92 182 45 3 98 43 219 249 247 169 137 36
    70 88 46 184 103 237 154 202 50 155 207 186 114 166 230 250 41 246
    149 26 173 9 114 71 107 35 141 247 65 237 210 228 90 109 10 205 202
    17 189 1 184 174 206 6 160 146 155 114 1 131 193 191 180 151 154 247
    191 122 243 227 66 186 22 61 153 28 53 208 164 109 6 41 187 181 233
    187 249 204 53 193 253 59 222 185 112 36 128 202 22 12 230 162 9 66
    113 97 178 64 36 49 127 53 187 170 145 125 232 114 156 156 226 105
    104 31 60 223 130 49 196 217 169 185 70 88 24 151 82 8 91 142 42 8
    121 210 45 255 67 67 225 187 130 28 192 224 92 33 182 188 112 163
    153 253 133 220 195 193 114 173 148 98 63 148 213 51 55 152 197 129
    96 244 97 107 10 57 204 180 199 147 160 43 60 86 183 162 230 238 148
    196 151 44 152 126 9 23 250 202 249 36 167 130 29 69 239 211 161 47
    232 103 30 100 160 87 167 43 32 139 226 92 53 187 219 163 136 69 24
    36 35 191 51 71 170 115 141 223 21 5 35 219 42 180 72 139 246 118 89
    105 236 178 26 212 60 2 121 170 77 172 9 239 231 241 68 184 204 86
    227 19 146 178 86 96 110 152 168 191 228 85 6 32 54 79 109 112 68 11
    63 151 201 119 147 92 203 238 54 106 20 157 56 42 185 98 224 249 169
    178 105 53 33 148 30 152 11 43 101 100 78 57 209 222 168 243 112 195
    137 164 123 23 206 56 178 174 244 121 101 96 1 8 148 14 115 223 153
    30 81 55 220 38 86 32 154 224 44 122 95 203 221 181 154 104 42 107
    249 136 93 52 245 66 210 140 138 240 45 213 122 82 85 130 145 176
    249 96 252 229 26 195 219 85 11 29 116 105 188 138 187 38 218 183
    128 180 13 194 85 104 31 255 160 69 171 221 192 48 99 254 219 245
    238 33 156 95 253 91 52 245 42 92 152 235 128 71 181 107 237 57 177
    204 206 50 24 202 247 4 200 23 2 50 126 140 80 98 210 159 250 208 41
    212 156 57 244 173 233 158 242 88 80 250 244 200 48 199 79 6 102 108
    212 96 6 135 112 113 251 90 252 90 48 184 208 30 81 193 108 23 226
    179 210 33 238 148 32 25 127 89 60 236 249 100 150 183 171 49 72 75
    137 56 35 111 92 196 244 224 6 227 232 79 185 1 131 183 98 1 205 198
    187 77 157 4 2 45 1 13 225 15 107 254 181 253 77 68 58 158 106 146
    170 19 221 85 206 12 15 238 184 151 127 40 101 155 201 105 254 194
    24 86 0 88 119 99 77 190 46 5 28 116 210 20 245 237 9 235 229 18 229
    0 215 28 136 1 109 104 63 20 73 120 43 156 115 94 208 78 34 241 103
    230 152 240 26 198 64 236 237 124 217 32 131 199 58 159 95 71 139 20
    14 229 211 220 233 95 57 148 147 205 207 34 31 41 135 71 248 133 145
    88 117 201 226 57 110 5 114 56 170 200 193 106 204 3 190 100 90 51
    158 97 238 212 224 50 190 200 91 68 182 184 79 210 156 112 159 18 4
    8 28 5 177 237 60 245 141 39 208 31 164 209 239 254 65 35 166 73 70
    246 85 188 68 223 61 76 64 237 31 112 131 213 173 102 48 177 83 28
    56 79 44 247 100 215 157 164 45 54 194 73 243 47 62 137 78 64 76 229
    229 230 32 90 183 56 73 199 203 44 58 174 253 135 205 188 255 165
    212 19 83 244 86 155 14 142 137 77 187 169 99 85 197 102 189 24 175
    227 108 171 147 45 92 118 109 143 162 138 226 91 106 158 105 203 189
    100 147 207 136 181 122 195 123 222 192 76 125 136 102 59 146 132
    250 241 35 173 149 158 15 231 16 130 128 23 125 156 81 255 153 195
    65 58 111 22 115 7 140 239 250 17 104 213 29 89 213 25 185 90 224 88
    14 42 109 224 7 104 40 59 180 23 41 43 164 83 111 2 46 47 232 196 41
    21 255 169 159 93 46 245 64 89 254 56 118 220 244 122 183 193 32 71
    140 253 117 221 181 99 22 146 104 7 187 21 175 94 109 77 114 240 6
    60 12 154 100 238 84 62 170 250 127 103 153 62 55 37 88 56 98 213 18
    247 94 147 2 153 155 135 208 60 166 158 27 32 179 118 65 5 231 144
    165 66 40 182 114 23 119 122 101 27 106 188 88 210 89 113 251 176 55
    228 136 15 78 151 194 168 212 136 95 179 8 160 119 163 197 78 120
    117 104 159 40 246 108 20 189 191 223 221 144 49 53 141 69 81 214
    159 110 90 182 128 155 68 41 248 84 37 26 46 232 93 198 105 127 33
    221 224 171 199 106 249 138 211 133 174 151 212 219 66 72 142 50 226
    185 234 140 103 3 178 38 97 63 68 129 221 4 146 39 214 198 82 203 80
    199 41 89 199 65 144 245 162 19 130 175 141 247 170 219 112 170 77
    224 63 252 133 18 119 254 203 126 39 88 159 208 74 138 222 185 54 10
    176 212 192 227 90 234 255 88 31 40 161 42 167 130 190 58 139 92 103
    16 156 120 255 67 135 59 235 81 74 219 94 219 35 89 40 55 4 58 99
    110 199 142 200 11 26 254 16 91 63 48 193 228 8 66 4 229 23 119 127
    117 132 96 198 86 90 100 127 45 104 99 20 65 59 199 243 207 204 118
    50 212 106 46 197 115 189 59 130 176 169 27 247 125 207 77 26 173
    109 170 53 23 20 39 176 217 17 255 107 180 22 22 35 224 85 170 72
    193 16 3 250 194 75 143 81 73 219 19 33 16 207 161 246 189 179 104
    202 53 238 69 168 68 89 44 89 187 49 42 29 50 77 95 48 204 114 41 74
    235 172 31 252 71 38 219 150 159 16 83 204 150 202 22 204 115 251 72
    186 80 232 76 143 191 214 44 183 225 60 195 234 185 46 43 81 19 162
    239 121 9 156 108 8 130 233 10 233 57 178 227 193 71 71 212 150 121
    212 88 10 95 21 173 213 104 48 112 156 6 177 230 247 66 167 165 221
    191 235 201 193 2 110 254 138 31 170 228 144 131 241 76 101 134 179
    122 213 131 116 109 42 209 239 149 95 99 187 44 93 17 134 68 82 64
    55 15 135 17 169 124 17 47 92 103 122 16 223 53 9 184 86 0 13 26 3
    195 67 35 185 210 15 148 118 38 213 28 236 31 209 228 22 36 141 102
    197 41 197 165 16 240 199 59 190 156 85 220 80 23 176 147 71 87 62
    240 212 5 224 79 30 23 37 121 218 77 58 33 232 69 130 166 175 40 112
    246 8 178 165 44 171 184 67 81 51 234 111 162 254 152 75 249 47 215
    36 77 25 139 247 176 89 228 107 98 156 246 7 167 239 217 130 202 209
    2 46 79 214 214 178 208 11 84 131 203 77 118 183 221 122 3 55 22 76
    241 132 6 121 156 192 193 184 78 34 206 32 204 242 172 179 159 48
    170 102 126 107 208 128 160 55 70 137 130 217 138 177 90 200 165 157
    21 26 69 111 179 198 211 109 80 122 16 234 56 17 34 136 73 63 191
    221 149 105 235 109 251 235 185 127 140 142 225 136 62 114 63 195
    250 214 166 219 150 226 130 238 39 223 166 214 131 166 179 132 104
    248 204 90 236 208 88 50 111 121 100 178 16 45 6 110 1 116 152 243
    199 36 193 103 233 101 245 127 103 226 242 22 165 22 121 206 108 171
    88 101 213 227 141 215 106 67 88 22 42 116 161 25 81 209 59 204 88
    65 18 48 242 25 176 10 217 47 21 134 21 8 25 119 66 41 75 44 165 223
    159 86 12 83 74 66 251 53 249 184 49 151 169 74 25 20 134 224 16 59
    144 17 244 249 34 89 10 50 27 246 159 198 79 120 151 135 181 100 126
    195 90 61 233 39 208 12 143 200 102 197 110 245 48 101 64 147 81 152
    117 252 1 30 57 217 52 253 228 225 49 30 78 227 243 228 214 215 231
    223 39 37 53 179 75 146 42 83 85 147 121 12 178 117 74 107 109 76 83
    111 27 214 172 94 169 16 38 206 45 226 83 243 4 40 185 250 11 159
    166 10 195 234 217 152 209 161 157 246 89 25 100 118 112 45 195 185
    94 95 144 221 150 38 202 184 126 60 150 10 139 173 118 41 26 178 56
    235 97 63 178 73 71 39 113 68 141 234 139 40 226 64 61 68 43 132 107
    105 2 7 17 35 92 78 24 4 36 209 229 25 226 166 175 62 2 247 32 123
    57 27 23 133 67 135 219 132 42 136 110 200 25 32 37 70 161 160 96
    249 168 222 136 223 109 5 159 38 31 78 230 199 139 167 73 70 31 231
    184 223 214 197 99 107 80 1 4 160 225 59 125 7 244 217 150 8 66 12
    125 182 42 68 50 121 227 58 159 83 41 202 97 179 47 182 45 156 36
    113 193 210 145 75 158 89 105 155 118 148 239 54 122 248 131 59 205
    148 138 231 56 172 30 19 5 247 27 30 251 7 100 178 162 236 245 226
    176 247 248 208 112 44 233 193 112 250 127 249 211 254 114 26 224 78
    232 144 37 168 89 2 22 206 38 137 185 254 231 102 123 11 24 41 121
    61 112 70 170 169 200 168 16 139 151 230 170 205 78 249 220 173 14
    99 173 240 180 102 31 13 198 46 161 55 9 17 214 224 217 16 28 176
    164 159 10 243 196 115 73 110 243 201 141 255 98 83 98 86 58 202 4
    211 169 248 110 96 83 245 182 100 192 15 245 212 37 11 148 88 102
    224 180 26 124 143 215 92 19 101 82 134 181 27 3 190 58 40 162 75 98
    15 108 120 247 80 161 128 187 46 44 18 52 68 141 240 52 19 80 65 238
    69 158 135 224 131 33 134 233 174 241 42 255 157 125 105 127 140 103
    198 190 105 237 204 196 11 82 167 205 253 181 207 84 26 246 45 76 63
    227 155 210 167 160 88 193 130 5 235 240 82 56 203 82 149 61 133 8
    109 101 249 171 0 77 13 192 41 49 16 63 197 54 248 68 180 159 130 62
    219 97 10 229 152 136 194 111 230 226 238 83 108 239 13 188 73 82 26
    153 249 129 44 215 38 199 190 102 152 222 121 109 144 187 225 210
    155 46 243 154 228 167 41 133 217 173 235 22 228 8 248 138 48 130
    118 127 74 87 140 223 124 100 13 168 109 47 173 113 234 150 228 80
    175 78 28 209 149 57 11 81 233 17 39 208 0 191 97 172 126 217 135 83
    179 152 149 9 112 121 242 134 211 89 74 118 195 106 109 101 178 229
    65 231 139 235 143 221 161 13 44 207 155 19 119 74 64 174 70 185 155
    89 27 188 238 201 135 213 155 255 95 210 179 87 206 53 160 188 7 175
    206 117 204 115 101 25 248 206 47 203 168 143 144 180 111 239 216
    229 167 234 174 17 95 159 143 187 235 202 196 47 122 97 223 69 65
    117 196 120 249 106 197 199 98 177 119 38 84 138 28 35 118 93 149
    248 56 160 16 235 167 41 114 59 197 132 156 100 36 175 149 51 120 77
    0 66 38 54 134 52 36 114 137 87 54 103 77 188 95 189 28 85 152 190
    85 201 100 36 255 127 137 2 227 66 234 240 174 58 87 97 114 44 138
    115 109 109 8 177 4 228 130 34 186 115 242 159 184 203 118 206 215
    151 206 254 220 71 233 70 28 29 34 194 141 131 62 85 53 200 68 53
    224 251 208 157 60 73 89 43 213 151 156 247 2 136 73 26 127 24 19
    207 252 207 246 161 98 89 228 221 182 151 169 133 189 118 65 75 205
    29 154 19 67 126 248 147 255 254 7 238 172 240 42 188 205 153 230
    181 134 121 103 112 90 0 104 208 49 228 88 15 122 55 223 99 164 66
    20 31 184 254 196 179 193 109 158 65 83 70 116 125 241 145 203 211
    176 154 90 219 74 193 13 250 231 64 53 44 102 27 130 5 18 13 166 64
    101 224 79 106 123 177 113 90 249 51 112 188 161 219 118 26 39 50
    238 186 199 188 245 163 75 94 216 97 183 87 94 250 152 7 134 128 253
    118 93 235 242 38 143 51 200 237 113 73 184 19 159 99 253 122 87 202
    172 106 216 120 172 135 63 14 18 100 118 152 72 241 145 219 223 181
    146 184 80 23 221 144 211 172 82 24 72 102 119 104 254 243 133 68
    206 74 102 251 227 81 17 156 196 83 254 205 160 125 231 122 174 42
    193 4 4 165 13 107 225 76 241 245 107 189 86 55 48 111 119 232 33
    163 35 87 84 101 6 46 204 138 155 233 130 231 149 59 49 215 232 23
    34 84 39 161 88 235 159 60 247 57 48 253 114 183 223 80 109 169 65
    55 81 133 85 37 213 210 105 4 246 178 73 119 154 187 231 135 171 208
    44 187 6 108 81 42 211 76 240 62 77 244 14 220 234 177 10 85 159 106
    51 195 25 18 214 25 112 132 205 52 150 67 220 186 41 209 219 159 146
    172 195 38 69 187 83 178 6 40 67 108 63 39 129 137 165 194 181 106
    114 147 81 185 7 89 189 233 225 24 65 191 15 74 50 159 179 28 194 37
    180 122 27 157 54 204 111 122 133 97 250 45 232 220 243 237 240 73
    162 227 114 220 189 63 22 71 118 118 205 254 85 106 207 36 56 40 58
    32 124 70 77 9 150 6 11 215 193 109 233 161 211 217 150 99 167 84 16
    218 49 175 11 211 77 155 185 43 64 107 233 24 139 146 190 204 104
    197 122 130 34 62 70 174 66 209 170 177 122 229 213 23 66 157 104
    251 190 199 65 1 198 223 93 168 233 88 38 196 30 53 125 186 160 100
    6 149 171 70 97 195 99 251 184 220 218 183 68 171 246 86 120 136 227
    129 243 58 134 58 241 219 203 153 50 81 20 169 176 19 163 118 242 96
    65 175 142 186 164 223 90 238 120 147 77 18 235 55 186 40 55 191 122
    23 231 56 197 224 141 71 83 236 31 9 150 125 115 137 47 25 215 72 24
    19 255 70 115 112 227 163 58 140 132 180 147 209 154 160 11 35 82
    207 176 94 53 192 62 170 14 188 165 235 13 180 187 200 163 246 171
    57 165 53 221 29 2 198 234 249 9 51 50 85 162 202 66 247 21 74 116
    157 55 241 33 162 115 85 212 178 63 214 220 37 174 181 101 80 88 178
    196 227 146 111 69 104 255 195 168 174 121 90 65 191 179 16 176 227
    182 138 217 56 180 189 184 168 240 214 0 79 227 243 211 113 220 175
    17 163 14 118 56 11 90 137 111 129 30 165 128 56 193 38 199 36 4 196
    13 44 240 60 253 75 178 111 61 144 180 86 22 155 40 58 146 244 13
    200 111 192 115 14 24 127 64 249 111 245 150 66 194 181 212 218 65
    218 233 185 159 232 188 52 31 39 192 24 117 148 103 34 85 82 64 95
    240 242 161 84 208 50 180 148 17 68 242 209 195 158 43 172 102 74
    173 93 33 61 153 114 64 56 150 26 196 197 127 104 103 161 124 35 123
    202 247 122 144 255 169 191 84 42 39 22 216 71 110 135 167 195 186
    243 167 151 98 48 81 200 241 10 16 164 195 224 106 136 163 90 45 128
    47 228 56 70 100 195 83 234 32 206 137 197 205 151 51 159 7 158 185
    222 158 71 119 193 27 221 55 55 163 136 240 15 173 41 229 97 124 126
    25 91 124 34 91 10 229 141 192 154 201 243 202 79 145 27 188 230 165
    132 17 80 181 89 85 67 220 75 54 228 79 189 19 176 159 3 71 135 149
    89 12 86 36 105 249 9 133 76 180 234 73 130 9 155 38 25 81 103 5 71
    150 252 124 218 192 177 88 156 122 95 83 250 70 139 208 75 151 66
    250 164 121 203 52 46 166 7 130 35 120 20 178 138 213 246 213 180
    161 222 185 107 6 3 86 135 83 44 120 131 178 169 127 111 84 111 231
    107 58 29 227 232 208 125 21 183 109 8 132 206 66 162 199 124 33 231
    12 186 225 20 2 148 217 100 241 101 122 133 91 238 78 124 18 32 23
    179 32 117 71 189 75 178 160 135 53 15 59 177 207 88 192 92 235 157
    169 16 111 89 120 29 130 220 194 75 188 197 116 161 57 245 194 137
    251 184 10 244 163 68 80 225 158 135 113 144 150 242 64 214 15 59 85
    11 119 19 160 71 57 39 14 209 47 98 52 200 49 124 78 144 96 30 75
    199 52 19 62 219 11 250 231 108 33 113 17 252 189 223 40 208 201 35
    17 12 49 68 212 105 120 52 108 132 237 74 172 148 242 48 113 248 244
    55 19 134 235 182 90 193 252 214 32 208 44 155 239 151 150 108 5 50
    238 252 115 169 45 143 107 120 226 80 247 196 150 146 84 162 71 23
    232 45 101 125 244 171 95 41 106 36 225 199 69 87 21 174 180 176 99
    33 45 74 86 96 100 36 130 27 69 138 47 153 158 248 251 87 21 204 106
    180 183 249 148 63 239 167 96 131 130 12 49 156 96 237 36 149 93 150
    83 29 97 138 237 33 95 39 26 82 89 203 134 43 209 6 108 102 43 115
    127 22 126 35 107 141 143 38 188 214 11 157 150 180 41 212 141 106
    171 195 203 159 86 141 9 65 225 189 38 239 56 201 97 68 48 67 83 41
    84 217 91 27 217 221 96 154 51 86 130 104 120 39 174 176 179 22 241
    155 112 145 147 252 6 41 202 208 40 107 42 51 213 49 104 80 93 20 96
    60 168 155 124 236 74 19 244 181 214 163 135 211 129 168 195 9 249
    62 173 72 229 182 221 150 179 135 56 195 25 170 8 220 223 105 148
    195 192 63 253 243 64 241 115 229 249 235 44 24 190 164 202 121 110
    106 211 209 224 41 151 43 15 6 178 66 56 69 66 163 171 85 208 138 52
    25 170 88 255 73 204 88 138 61 84 12 180 169 40 58 38 230 119 46 100
    122 111 218 88 28 91 208 241 55 255 108 231 60 245 250 49 241 172
    210 90 21 114 226 60 87 40 52 182 50 170 22 186 91 160 177 11 1 125
    204 120 159 61 234 146 93 231 63 250 207 76 82 19 195 235 135 246
    193 33 53 49 194 171 176 173 100 99 200 127 248 181 77 122 185 199
    89 88 243 232 222 0 64 236 68 78 93 35 166 218 189 126 243 225 29 32
    16 26 64 77 75 27 170 215 214 75 145 223 24 233 204 182 167 127 217
    215 123 86 57 110 128 23 68 188 136 65 34 227 171 187 182 181 119
    226 12 119 185 225 147 85 216 81 10 192 155 45 50 53 45 69 247 150
    222 226 17 87 241 162 117 200 71 115 89 56 32 142 239 179 189 136
    214 219 161 13 66 250 153 14 167 121 65 177 128 29 220 4 138 248 100
    62 5 132 187 90 244 90 29 161 172 8 90 191 98 47 111 169 106 89 87
    240 244 37 97 128 161 248 148 53 162 223 20 88 148 247 31 176 163
    239 211 224 54 249 218 73 101 153 60 15 213 119 41 231 186 135 39
    245 252 163 247 83 231 218 213 116 80 147 71 60 4 203 191 58 205 189
    112 135 155 9 57 106 17 18 109 61 26 214 111 229 31 74 33 82 232 8
    21 57 214 166 0 158 63 201 143 2 95 250 41 220 11 114 83 125 123 227
    144 184 78 82 110 218 122 112 79 182 39 136 112 137 145 127 111 221
    109 26 166 38 242 6 67 174 226 86 86 5 120 223 146 147 43 25 221 211
    102 111 14 48 190 113 49 125 124 205 70 63 162 224 37 5 76 174 147
    78 229 42 222 183 137 193 209 203 182 74 13 31 18 248 216 210 93 55
    243 190 234 133 66 8 129 158 35 106 86 145 113 237 188 184 186 172
    242 186 64 113 49 139 224 141 195 34 123 135 155 108 210 232 114 4
    190 221 133 193 247 142 13 250 69 180 67 53 69 198 209 106 154 52
    128 34 10 71 213 118 63 98 184 107 189 60 239 43 156 193 205 174 206
    135 231 85 222 147 196 137 114 49 204 45 96 144 191 225 158 234 89
    154 131 189 9 117 63 99 149 119 186 167 54 87 112 207 187 117 13 245
    176 27 59 177 11 220 245 5 94 254 68 202 166 240 132 69 155 63 158
    19 137 143 23 9 129 191 42 149 103 113 74 125 197 155 194 239 88 104
    209 70 253 255 175 149 230 60 206 68 50 227 92 207 82 10 132 161 97
    113 105 34 197 216 117 154 203 81 72 237 174 27 50 155 161 46 148
    182 122 13 240 119 10 119 169 182 236 195 107 27 233 80 47 71 8 116
    17 208 224 22 141 115 242 241 63 126 10 84 171 19 91 91 20 223 189
    154 151 76 50 23 153 163 204 18 135 7 104 112 100 102 109 83 73 72
    123 16 62 177 162 36 42 105 35 23 142 7 234 77 23 62 114 14 244 83
    176 153 98 227 104 72 2 167 46 222 46 214 29 8 6 93 196 247 52 222
    253 89 83 93 232 175 203 245 219 113 147 195 46 82 9 196 11 67 30
    202 45 113 234 126 89 47 255 212 233 206 64 91 44 35 111 18 107 196
    66 83 188 71 198 34 68 205 125 33 102 2 192 122 192 179 1 148 144
    172 220 35 112 185 80 68 186 54 52 40 52 47 57 173 115 125 69 6 79
    169 129 13 37 9 16 228 152 158 93 65 249 250 140 230 177 249 57 193
    238 220 243 193 53 173 232 139 37 135 49 38 161 162 249 70 45 13 77
    114 50 83 1 94 230 135 94 135 70 208 1 117 5 77 28 218 172 171 149
    180 173 164 17 162 195 10 16 245 48 13 240 241 14 76 238 244 255 214
    198 234 10 130 45 239 110 180 49 133 1 229 184 75 152 118 48 74 149
    71 151 92 86 188 51 92 193 23 206 158 100 131 36 17 19 199 215 153
    165 189 182 234 234 87 68 239 162 18 220 252 225 211 176 105 211 23
    107 148 232 255 207 225 234 53 27 140 153 2 121 206 27 82 63 64 59 0
    23 36 73 19 207 194 178 51 130 74 246 177 202 40 143 170 135 94 166
    108 1 209 171 69 151 159 36 251 155 83 222 202 212 222 178 149 121
    76 14 0 135 32 19 35 230 87 154 141 197 151 162 203 156 177 214 143
    234 50 238 63 175 20 16 96 131 17 176 213 70 181 10 4 179 160 246
    135 205 223 191 167 250 154 86 240 176 37 130 215 77 241 7 111 236
    164 142 51 228 228 24 207 185 16 152 29 54 151 194 20 47 110 16 179
    61 33 243 18 113 36 1 183 199 88 82 25 40 216 251 39 161 244 211 254
    34 177 70 62 15 127 189 67 173 170 158 246 175 234 118 216 162 157
    158 169 176 154 238 131 61 195 239 162 255 7 209 185 35 138 3 182
    113 112 92 21 134 150 103 105 45 138 242 28 217 63 50 236 56 138 32
    179 200 55 140 189 5 102 248 200 18 176 49 148 106 60 88 136 69 46
    154 144 175 186 28 5 140 34 155 84 94 150 212 113 12 118 161 11 126
    97 75 0 132 212 238 66 68 114 72 38 51 179 168 194 83 98 144 126 170
    144 218 30 100 154 12 127 198 19 186 210 141 2 216 89 251 16 120 16
    50 60 38 192 82 20 12 155 67 31 215 228 66 57 85 81 86 210 159 7 69
    44 158 124 189 32 172 205 103 116 189 56 171 13 53 176 5 63 118 162
    169 107 23 24 155 86 174 211 111 250 206 63 8 3 133 127 139 133 54
    40 111 102 163 168 174 179 78 171 123 91 233 139 131 204 225 6 76 91
    210 90 82 103 230 3 141 4 53 118 207 223 79 217 69 108 61 111 61 25
    251 104 108 159 115 238 19 61 140 72 227 200 0 104 157 115 238 251
    43 190 131 254 211 111 146 76 91 156 178 130 140 30 23 26 117 185
    232 152 242 88 231 13 139 95 68 234 232 11 79 208 19 109 245 69 82
    195 113 174 85 107 255 147 5 119 144 249 73 170 106 79 65 160 253
    235 122 100 227 1 186 60 155 209 75 14 39 92 13 217 196 171 158 40
    48 49 86 234 9 65 151 62 223 138 131 140 39 176 106 205 201 47 37
    242 57 208 151 24 90 40 75 12 28 138 137 193 111 19 152 232 217 216
    114 241 182 77 76 79 219 117 245 244 75 217 244 243 70 239 151 70
    224 4 67 34 64 123 21 185 248 248 121 255 249 68 142 94 197 103 63
    223 27 121 199 250 141 223 193 189 240 151 232 241 16 140 234 1 165
    225 216 169 152 80 50 227 156 22 62 15 115 53 224 39 147 123 130 225
    31 192 186 60 71 188 230 193 88 195 47 38 161 50 24 5 15 247 44 33
    143 39 238 8 211 158 246 214 160 185 163 75 247 67 2 196 7 131 129
    211 128 141 134 29 162 220 147 207 241 236 152 162 216 23 52 14 132
    222 21 111 146 184 41 124 159 92 168 67 81 68 237 11 194 171 49 230
    72 201 202 90 213 209 179 31 88 127 161 26 59 14 244 51 183 106 97
    43 24 59 125 27 19 180 183 117 113 129 37 119 156 221 123 237 208
    209 119 74 43 110 76 71 60 114 98 100 118 92 237 127 86 120 105 60
    214 147 223 142 67 170 38 247 32 135 99 244 82 78 175 57 38 179 77
    175 209 205 154 3 168 138 17 202 112 62 37 144 48 199 28 170 75 29
    191 214 201 37 54 206 87 133 111 211 27 94 76 67 121 129 13 71 185
    126 162 85 119 43 200 219 135 86 244 75 171 235 90 93 5 216 108 191
    253 144 140 237 254 87 115 35 224 167 101 155 24 179 100 212 179 59
    202 38 113 178 255 159 6 48 107 169 236 132 99 78 170 62 168 134 58
    2 168 186 120 216 70 130 103 214 3 183 144 24 190 171 19 174 213 117
    195 211 225 33 109 220 247 30 22 236 154 7 96 131 203 188 134 56 193
    111 160 237 117 134 203 2 63 194 43 38 227 206 10 66 148 181 78 185
    105 38 194 252 16 61 249 211 102 61 100 38 124 199 80 253 216 91 11
    127 145 24 195 42 150 126 0 29 55 138 90 243 30 84 165 236 126 218
    90 221 166 4 136 130 37 51 157 126 236 100 154 169 111 216 234 69
    183 241 167 252 169 7 223 216 214 232 68 72 146 156 179 231 46 58
    147 192 80 110 65 55 57 142 165 214 146 170 19 214 67 167 206 49 133
    128 214 189 91 251 27 7 74 208 199 212 7 159 117 142 139 44 39 198
    140 182 27 12 236 72 72 125 145 245 215 118 144 182 146 136 164 116
    3 243 52 236 9 237 228 218 46 133 224 6 115 246 219 66 109 78 222
    193 0 220 171 176 175 244 201 60 155 119 230 227 79 79 89 217 214 87
    153 240 65 134 99 115 115 129 29 234 175 131 104 65 19 95 25 204 86
    129 220 213 170 108 182 138 240 141 94 52 52 109 40 145 16 241 99
    192 133 181 211 137 192 250 194 127 197 67 125 159 5 90 121 173 96
    74 113 78 239 138 8 214 157 6 242 174 161 62 51 246 240 124 125 122
    232 75 6 126 94 148 121 64 131 115 119 150 182 234 24 166 158 134
    112 196 240 159 103 2 122 181 115 197 35 64 14 81 9 6 114 29 90 151
    154 193 208 119 69 228 176 208 249 127 90 8 34 84 172 211 206 44 188
    149 217 196 162 2 31 250 21 71 252 23 197 222 14 72 236 55 120 82
    144 178 70 95 74 139 57 209 33 35 183 192 84 175 191 193 240 118 215
    242 90 32 91 80 182 237 180 114 247 215 180 144 213 161 153 115 6
    183 83 165 138 236 159 31 66 164 0 155 81 178 116 200 105 74 194 229
    29 50 151 230 235 71 57 198 37 65 125 31 231 108 105 75 36 185 157
    106 6 245 190 225 166 21 20 46 46 237 234 143 138 235 230 147 166
    201 160 70 182 101 137 239 89 155 250 25 126 230 12 73 36 240 214
    185 33 227 245 160 183 222 197 241 246 134 250 169 152 244 247 246
    24 31 131 159 116 218 138 198 162 233 33 49 240 114 18 56 16 82 224
    75 52 38 207 158 22 179 61 96 73 128 20 155 194 215 179 163 229 181
    150 144 141 107 84 40 191 135 204 212 7 239 152 255 111 223 124 137
    106 24 117 37 132 245 108 246 29 89 2 51 32 68 167 219 228 240 55 57
    11 2 116 219 178 177 131 207 97 127 121 8 160 114 27 107 212 38 254
    9 132 156 250 2 47 216 125 118 73 35 249 9 23 220 62 150 64 80 230
    168 78 251 121 251 207 234 237 10 217 168 230 179 186 179 78 10 51
    242 205 239 117 250 64 15 168 234 186 156 22 220 46 246 208 252 86
    206 27 170 20 89 52 114 83 69 95 165 154 203 179 51 153 191 5 120
    119 161 27 122 27 157 49 237 131 148 191 187 73 65 42 198 129 220
    236 147 89 128 111 92 156 132 86 24 162 105 176 132 128 157 53 110
    20 104 44 77 49 7 199 151 134 91 115 109 230 200 14 204 97 165 1 91
    254 209 196 161 191 142 167 132 233 41 159 192 241 232 102 156 180
    46 51 110 135 218 5 143 191 156 210 211 238 17 138 222 236 55 78 221
    169 78 143 31 165 255 53 145 32 112 46 110 95 5 221 103 99 55 239 76
    165 71 216 113 188 101 93 218 4 99 167 61 45 246 144 53 186 112 185
    143 37 7 142 117 227 209 201 169 56 174 232 174 222 3 228 148 96 184
    165 171 54 21 200 186 233 192 193 218 38 184 162 95 174 192 13 159
    60 33 156 223 235 52 244 4 79 144 172 40 98 237 87 136 151 88 168 95
    89 203 53 112 188 33 103 207 252 234 38 214 36 229 135 39 122 153
    114 44 124 156 47 41 236 22 254 210 118 123 206 236 248 216 115 152
    184 11 25 76 222 150 160 94 161 217 10 71 146 195 247 218 175 51 33
    52 251 238 175 244 54 121 156 194 148 163 141 46 1 101 238 245 95 18
    195 204 94 75 150 235 177 248 181 181 14 24 75 8 141 161 227 136 128
    163 27 194 122 76 141 6 14 1 89 164 241 245 174 175 235 184 159 35
    118 24 242 252 214 35 128 248 125 81 208 89 70 48 99 40 177 0 221
    247 182 144 159 240 14 129 87 248 24 157 27 198 146 173 142 68 84 11
    188 193 16 31 225 181 211 137 156 10 26 26 182 246 41 89 229 181 37
    214 196 100 162 228 254 73 53 55 245 11 234 230 185 129 152 6 190
    132 146 64 45 9 54 240 99 176 89 96 252 255 3 172 17 50 153 192 46
    255 85 53 131 218 32 110 31 182 190 227 149 50 77 234 74 189 23 169
    137 207 139 241 252 243 103 239 191 59 169 162 6 46 224 112 177 86
    196 219 86 245 53 190 174 117 66 209 85 65 96 30 163 158 221 159 25
    0 147 2 11 243 244 203 178 202 194 43 150 140 148 33 23 10 133 213
    163 130 82 174 124 227 232 148 37 239 160 165 190 33 70 247 198 181
    40 198 88 214 101 247 54 232 174 203 135 221 211 253 18 188 174 234
    165 102 32 108 111 51 36 191 148 24 121 16 119 151 2 159 162 83 239
    212 54 204 192 253 103 110 71 216 120 191 230 251 228 162 81 67 162
    113 144 29 68 215 187 43 185 244 252 79 233 230 116 142 95 251 196
    158 73 20 109 207 68 41 8 153 102 240 39 243 44 162 6 127 129 63 152
    251 235 62 110 200 128 31 114 142 160 40 128 53 246 73 57 48 52 108
    66 193 111 198 255 107 69 224 115 58 168 247 246 137 244 94 114 208
    153 122 5 163 192 93 105 170 175 149 180 23 132 202 65 198 198 196
    91 253 207 20 169 95 80 127 71 188 231 100 122 50 203 39 58 161 84
    32 145 109 132 1 48 88 148 211 49 172 46 215 180 197 164 25 148 211
    218 144 199 120 168 210 161 135 186 110 64 237 162 154 162 34 61 218
    21 32 154 54 217 162 57 205 156 27 148 206 110 14 221 10 106 187 155
    206 185 38 46 37 10 20 168 212 165 144 212 16 126 240 15 27 223 53
    244 135 20 124 126 36 170 210 174 195 22 138 133 235 170 182 201 224
    100 143 190 81 120 87 124 230 30 171 123 44 173 207 228 155 44 213
    245 113 134 154 10 50 85 57 168 83 252 197 47 247 37 222 145 75 161
    120 105 207 160 254 171 212 78 90 177 68 82 248 70 220 232 58 152
    219 78 80 109 135 136 37 119 184 103 125 246 199 17 212 89 121 43 40
    156 228 44 68 228 81 129 143 203 189 240 230 154 186 234 6 120 62 45
    7 231 243 41 109 115 119 196 81 84 207 6 99 251 39 104 53 164 190 83
    188 110 254 36 188 114 60 136 139 211 222 50 41 79 212 99 13 104 83
    101 16 124 128 202 38 236 48 3 162 135 244 188 95 33 247 69 98 183
    43 67 11 203 150 220 211 42 65 207 99 248 240 19 147 111 207 200 98
    149 195 0 167 104 65 32 171 84 221 23 163 201 191 35 23 60 185 46 67
    227 204 169 125 205 175 224 39 229 192 17 200 249 161 80 37 93 91 19
    122 211 226 40 249 189 111 158 59 147 193 134 34 12 168 28 187 131
    76 138 128 90 189 172 242 102 1 197 141 208 237 169 204 207 173 68
    69 119 34 78 88 186 12 214 176 11 252 175 86 217 62 136 203 125 82
    23 167 9 242 240 181 165 230 65 51 154 72 206 199 128 236 188 211
    101 12 24 74 119 253 233 227 61 144 75 84 175 85 193 247 198 24 127
    97 43 45 134 206 173 168 213 24 111 156 107 123 238 42 25 143 18 134
    214 234 216 2 108 27 247 155 51 174 152 9 181 135 31 73 29 149 143
    211 165 176 81 219 20 48 67 70 220 13 209 195 227 26 205 75 127 215
    40 139 207 254 176 148 188 6 87 5 70 63 117 53 190 43 116 213 64 1
    13 75 11 49 187 19 225 89 195 43 0 192 228 106 19 149 159 13 100 61
    55 190 221 9 184 211 73 118 216 174 155 143 120 43 143 138 240 122
    49 69 83 158 230 29 73 89 194 251 140 136 20 204 48 22 50 24 42 218
    63 12 211 70 169 163 10 65 206 188 249 234 95 115 137 7 251 91 57
    195 80 174 166 40 118 111 211 233 184 190 4 204 168 84 247 223 107
    99 149 192 180 81 204 67 157 52 160 223 203 125 252 252 214 252 81
    252 59 224 247 13 9 122 152 178 251 213 232 190 164 91 205 253 219
    212 242 122 15 202 207 53 30 97 44 46 223 3 219 33 148 208 180 45
    135 239 249 138 131 11 240 251 110 165 213 239 253 236 178 55 130
    115 120 177 62 233 96 22 159 183 86 124 172 21 58 178 11 40 141 218
    171 55 137 79 195 41 231 90 22 170 75 110 95 153 75 21 198 86 153 66
    40 120 236 37 32 51 33 128 132 215 183 145 108 90 66 47 158 121 113
    239 97 213 44 104 42 16 85 203 176 25 238 229 33 209 184 166 185 133
    46 74 206 22 187 165 189 253 193 71 162 71 237 252 163 36 108 122 1
    245 197 123 130 8 113 29 7 6 185 92 185 187 212 140 120 19 89 137 97
    31 27 99 181 9 65 146 124 48 241 248 213 16 131 155 244 81 115 48 66
    9 12 159 24 153 70 68 102 77 25 127 21 196 58 222 50 195 138 124 88
    234 181 215 221 114 40 43 224 151 144 129 173 109 91 132 152 87 51
    154 228 139 162 47 14 142 22 155 127 57 116 123 32 156 107 137 80
    162 43 223 4 141 107 142 121 149 33 148 231 21 0 81 102 102 247 237
    143 149 233 73 187 187 233 116 69 60 108 151 79 106 227 227 176 12
    70 29 254 74 241 183 199 67 82 32 247 230 196 59 15 61 35 185 233
    187 163 164 140 108 239 105 127 195 111 176 5 236 242 167 88 28 22
    25 215 13 88 100 1 81 7 193 239 178 41 167 73 76 211 243 32 255 209
    92 123 104 46 139 140 16 127 154 243 52 200 101 144 99 234 107 145
    186 203 62 140 37 112 7 163 132 63 195 55 179 25 196 206 37 46 185
    218 151 71 176 35 203 189 212 74 121 134 69 177 228 170 15 104 222
    23 182 185 86 186 226 0 36 236 42 150 15 2 183 116 1 165 65 240 57 5
    205 201 45 84 9 149 88 69 174 128 240 173 205 76 57 75 37 85 15 64
    13 197 147 131 140 112 75 157 161 68 132 35 189 248 219 253 40 188
    188 108 223 197 38 64 129 186 91 163 22 158 169 246 78 254 149 16 93
    125 151 187 82 70 94 235 128 169 247 26 98 186 246 110 106 199 251
    167 88 70 164 28 146 72 44 216 91 135 127 249 98 231 88 89 221 65 3
    178 59 73 160 218 199 232 184 96 190 117 56 46 218 39 74 11 91 0 199
    73 199 214 64 32 162 101 27 64 212 106 132 43 72 146 210 208 185 156
    182 128 139 92 196 57 254 36 123 28 63 51 164 30 159 182 90 114 30
    71 2 163 166 146 221 62 1 126 74 169 244 133 216 162 108 172 120 19
    70 148 226 25 0 150 76 2 106 196 25 184 48 109 71 48 183 95 90 147
    46 168 101 185 196 100 56 16 83 30 48 209 3 238 194 181 67 222 63
    193 123 111 49 138 154 164 181 214 164 23 168 217 161 121 70 3 196
    190 121 27 25 85 240 252 94 188 23 22 28 41 47 107 247 229 13 192
    139 186 50 40 238 14 145 122 12 184 253 69 12 180 228 59 72 203 98
    251 175 43 69 7 85 85 111 68 122 3 81 25 78 29 229 158 37 15 7 174
    176 50 82 179 156 248 225 108 205 17 64 160 149 215 107 108 212 201
    165 241 156 47 214 1 231 160 127 168 145 144 214 82 34 21 94 229 58
    88 139 203 160 207 65 155 194 95 158 97 250 245 131 38 70 226 118
    160 102 72 185 226 133 44 241 190 164 205 57 98 194 94 77 101 5 11
    169 129 57 102 84 96 170 230 150 68 181 93 88 218 50 211 190 93 243
    64 42 178 81 149 121 11 105 52 50 91 29 71 50 163 138 53 9 194 202
    146 71 159 23 209 110 114 86 214 77 170 117 81 15 63 64 0 10 108 148
    54 99 99 72 206 43 119 141 159 148 124 58 180 196 166 154 75 118 152
    137 91 121 32 176 231 178 5 251 183 99 12 124 250 86 128 104 104 203
    118 198 85 94 59 229 98 199 43 57 130 245 56 9 32 110 153 245 171 35
    102 16 35 248 6 129 103 60 191 196 9 228 75 198 11 93 39 173 187 129
    132 74 30 100 70 228 73 84 28 31 122 60 7 127 109 176 220 242 196
    129 218 82 214 202 117 119 230 223 12 195 175 97 136 246 93 66 80
    174 52 184 192 52 131 55 152 244 102 150 206 47 217 87 133 130 131
    81 241 174 135 86 193 157 78 174 225 170 123 84 101 1 80 206 154 213
    113 129 223 124 113 3 143 59 224 22 90 76 190 207 62 173 74 197 150
    136 159 17 101 137 72 14 88 86 233 84 234 53 3 27 15 171 230 146 14
    72 12 172 219 15 62 82 241 206 73 236 221 196 248 122 175 41 94 113
    88 191 28 25 218 203 181 221 171 85 239 105 172 124 142 69 152 120
    213 134 176 191 212 2 102 188 128 145 34 155 187 167 207 242 200 196
    110 207 87 81 26 9 139 125 11 158 58 104 8 52 219 195 42 184 185 94
    195 72 188 69 97 159 86 181 151 103 131 9 197 65 51 166 17 104 36 97
    74 114 4 149 63 103 200 184 236 153 195 184 11 44 110 16 41 54 54
    113 189 196 21 127 253 82 58 82 255 162 222 195 133 215 56 52 170 7
    60 165 158 9 201 112 75 139 175 52 91 32 141 78 20 143 130 246 62
    125 134 0 135 98 253 216 231 120 187 126 198 63 88 206 6 14 187 44
    144 115 77 33 141 124 135 92 103 171 115 97 210 176 224 217 106 77
    86 185 5 162 172 45 34 194 90 246 112 71 71 155 21 6 222 164 164 219
    196 186 184 232 220 249 170 50 5 107 30 152 237 74 240 19 69 182 50
    80 33 134 200 132 94 252 151 3 84 88 109 150 142 15 150 73 56 178
    177 221 167 53 0 196 171 182 213 143 137 255 34 158 141 156 97 220
    217 179 102 19 107 18 172 201 48 101 253 174 21 37 104 254 231 95 68
    88 0 246 78 60 226 179 207 195 231 217 198 103 39 138 195 25 180 207
    75 204 244 135 144 226 111 178 96 89 67 2 205 47 218 205 10 243 166
    200 7 179 150 173 110 29 107 168 249 168 247 118 193 92 157 220 52
    163 224 183 246 141 158 109 34 211 240 138 72 35 185 222 93 236 83
    65 138 178 140 28 76 209 217 101 153 239 213 115 189 193 110 211 244
    150 22 77 69 231 85 18 81 176 134 252 112 248 40 225 5 6 30 60 16
    156 18 35 27 65 80 179 99 178 247 89 15 102 232 201 41 5 123 191 198
    47 175 206 22 6 186 29 55 162 117 177 83 45 176 188 253 195 235 187
    37 227 60 142 8 28 142 142 95 100 74 182 253 159 86 41 243 74 73 69
    203 13 188 14 97 51 211 156 33 88 71 120 181 162 16 138 137 63 192
    170 123 195 173 228 185 184 59 10 213 182 12 10 238 230 138 175 110
    221 11 1 27 55 100 89 228 88 226 247 136 220 2 78 7 220 61 29 205 99
    224 73 178 87 42 237 111 238 2 240 118 251 158 157 43 185 60 190 99
    231 104 188 202 64 107 127 193 236 168 204 254 85 54 9 7 232 88 95
    132 176 219 5 179 173 201 220 82 72 200 202 133 148 18 114 255 119
    136 205 139 139 27 204 198 76 142 102 169 202 230 131 172 132 109 98
    223 239 209 248 68 19 74 87 245 8 93 157 60 120 9 1 204 253 58 3 46
    60 169 6 110 22 86 23 210 2 145 79 37 127 16 104 165 116 19 225 239
    28 99 66 51 34 35 109 25 131 134 236 249 216 239 38 86 164 234 200
    164 171 163 125 20 47 246 19 242 60 148 107 94 102 69 10 208 151 192
    230 88 36 97 100 44 41 69 142 171 149 202 112 160 51 214 198 187 18
    21 188 244 201 230 3 161 59 140 48 61 34 241 200 112 204 191 205 159
    166 248 199 15 191 203 200 142 168 115 241 117 152 92 246 187 7 130
    53 25 82 253 93 43 23 175 66 234 53 134 7 121 186 87 103 229 244 156
    25 41 179 103 51 97 63 67 4 194 44 219 238 44 249 190 14 108 55 69
    71 79 150 3 223 97 31 210 227 143 110 121 177 213 149 156 126 248
    205 147 99 91 254 59 119 252 247 169 252 36 200 45 52 56 245 14 212
    135 129 203 220 140 67 230 200 115 152 173 250 81 61 218 155 141 245
    65 254 233 32 94 13 148 62 77 180 0 45 154 189 98 59 68 201 183 133
    155 132 85 237 253 69 111 163 53 47 210 161 124 154 254 46 232 171
    31 13 143 183 97 254 253 102 184 122 42 131 248 129 69 100 197 156
    51 135 128 120 91 11 225 174 199 251 109 68 208 26 56 156 147 249 26
    40 246 160 59 106 138 123 1 73 24 67 207 234 57 106 190 92 18 30 62
    130 89 144 107 76 72 123 57 209 175 200 190 199 90 1 4 75 40 35 134
    193 225 75 108 30 186 214 155 113 50 195 102 217 69 15 249 34 48 169
    110 27 126 27 122 34 171 203 2 128 179 233 98 253 129 193 108 141
    206 1 138 33 252 27 237 56 136 139 159 14 204 214 220 146 15 118 19
    174 213 182 119 104 171 250 210 109 87 25 155 158 164 54 196 27 124
    20 245 226 206 181 239 233 1 98 115 0 169 91 129 156 29 211 134 106
    79 135 207 240 254 210 44 229 60 35 95 47 112 191 87 78 64 175 245
    200 219 255 22 73 137 115 156 161 38 223 97 62 111 253 47 160 187 21
    177 243 153 81 173 28 227 62 74 94 170 62 228 226 79 118 107 152 189
    118 105 4 105 146 90 217 202 149 70 72 26 135 42 126 117 155 100 21
    186 193 47 210 230 65 77 159 185 211 236 236 181 25 34 196 30 23 145
    106 89 26 47 196 206 99 69 252 15 197 62 142 242 46 251 207 213 114
    117 202 19 176 24 184 55 34 15 62 5 27 225 172 19 4 167 136 50 98
    107 253 222 205 252 139 68 171 221 234 118 141 95 115 240 13 59 121
    145 125 163 240 153 52 48 116 243 47 58 65 67 80 73 178 159 144 164
    56 251 77 95 38 82 143 147 234 11 35 148 20 86 167 132 66 186 101 3
    120 192 225 191 121 80 19 109 248 36 185 122 153 17 85 39 213 153
    201 114 133 135 236 203 61 115 176 16 197 184 55 29 55 120 75 17 41
    46 78 214 82 13 196 191 17 8 206 213 1 76 79 53 70 227 16 59 129 247
    120 200 55 138 118 182 62 126 4 6 21 236 48 203 141 47 54 82 220 22
    62 59 205 209 32 99 90 74 80 3 48 12 42 10 242 163 97 43 138 61 160
    70 6 26 22 185 155 14 228 66 79 192 46 66 61 142 128 198 202 210 55
    209 29 10 230 18 4 126 234 18 225 255 51 97 228 218 178 234 48 42 1
    114 189 150 195 172 165 85 255 1 114 104 59 101 8 4 180 19 71 222
    185 130 154 104 204 138 169 17 26 229 239 110 8 159 126 189 53 44
    254 172 154 206 210 253 81 176 200 31 99 71 24 172 92 92 189 180 77
    81 163 203 1 38 9 102 198 129 197 157 71 196 146 173 34 134 26 56
    190 139 151 13 153 133 31 205 231 143 186 89 143 71 178 159 158 11
    215 169 38 206 162 82 94 32 33 96 106 203 19 232 214 212 189 212 18
    182 111 74 233 165 128 40 198 60 181 41 202 153 149 163 128 6 121
    239 21 47 95 96 140 127 80 105 202 49 96 159 1 31 217 195 154 63 68
    209 64 222 19 38 223 92 103 168 163 138 193 148 236 71 151 81 180
    102 13 148 128 96 168 236 17 233 246 170 36 100 115 226 24 92 225
    162 244 187 234 72 57 89 217 222 72 251 186 53 243 100 76 215 185 91
    237 103 29 113 12 117 156 78 37 181 4 111 192 106 146 224 23 120 232
    21 58 8 244 112 74 97 59 20 157 202 175 207 210 41 122 32 24 145 5 7
    21 86 186 129 119 157 139 174 21 206 110 85 64 164 115 232 118 169
    161 139 29 214 76 222 26 195 87 182 89 39 216 26 160 31 98 59 243 39
    120 38 64 75 135 110 167 157 112 77 122 44 165 146 42 48 197 7 28
    114 222 167 73 60 62 209 20 165 126 110 115 72 157 21 84 89 156 82
    137 177 72 33 83 213 81 34 255 23 101 4 9 83 67 85 45 191 55 137 192
    51 221 225 129 64 247 158 253 158 95 134 184 239 161 12 186 108 157
    222 59 46 56 145 127 63 119 198 193 249 73 19 46 14 109 139 106 200
    196 190 167 253 122 22 232 91 252 93 193 5 75 183 9 155 202 233 76
    153 211 12 120 138 246 144 59 250 37 97 51 82 88 196 85 199 254 211
    165 213 90 243 67 118 89 219 22 200 179 24 78 77 133 223 174 118 64
    246 246 103 252 41 183 157 101 20 57 216 181 88 233 250 134 75 163 8
    171 243 223 213 95 250 111 157 158 109 249 232 47 216 175 49 139 240
    244 142 91 205 250 88 42 229 59 179 185 48 149 149 79 217 0 109 223
    154 144 41 156 25 31 26 203 180 208 161 127 41 91 71 17 252 198 229
    231 102 161 178 19 3 196 94 66 14 190 87 117 110 19 187 25 103 90
    174 35 215 246 17 242 175 134 171 144 8 71 151 147 248 218 162 11
    212 141 49 33 253 43 61 200 80 200 217 133 66 154 213 0 3 171 9 11
    114 249 14 42 197 237 206 76 77 100 76 138 252 44 52 131 80 117 143
    5 78 141 227 143 38 9 31 250 9 31 162 97 158 176 24 208 232 58 211
    146 190 118 235 116 70 25 65 119 242 28 236 78 24 79 157 103 158 165
    43 229 151 158 28 11 190 157 214 173 102 29 235 181 221 139 58 188
    90 189 43 50 61 134 156 95 254 160 176 149 121 210 97 50 17 48 177
    87 199 86 48 77 170 194 142 45 119 73 139 223 252 119 80 33 198 108
    85 235 169 5 111 239 10 154 82 74 212 184 112 89 151 160 31 58 75 3
    59 164 197 41 102 236 241 165 225 124 122 47 137 87 94 141 215 208
    74 114 27 179 174 155 255 54 144 78 177 140 159 254 19 27 98 9 207 3
    228 86 23 144 107 19 81 237 215 108 188 154 249 178 125 224 102 34
    115 58 38 37 152 239 193 39 87 95 169 231 156 22 115 113 194 166 70
    129 178 30 1 199 230 124 20 176 252 46 174 26 1 188 188 193 190 19
    50 228 242 13 56 239 47 37 108 193 176 41 37 247 87 89 115 132 139
    84 32 252 155 152 154 80 116 166 176 153 153 21 251 245 40 50 217
    210 112 146 65 65 253 165 55 62 33 1 232 35 219 30 244 154 162 138
    46 88 62 236 142 21 75 32 182 165 77 15 247 150 56 215 53 109 55 200
    129 223 36 74 239 226 197 226 157 94 52 11 104 67 45 237 241 91 75
    38 156 93 205 161 134 120 191 11 14 138 247 150 248 51 229 52 192 30
    122 80 183 150 52 35 32 227 105 99 209 232 251 219 181 28 182 38 182
    159 20 46 183 160 229 137 197 111 215 49 63 37 215 33 10 221 164 232
    130 77 50 14 201 157 135 230 207 35 140 13 128 232 207 240 107 178
    171 19 190 98 142 164 33 137 148 237 165 204 134 15 194 133 101 215
    2 174 125 150 248 64 145 14 105 117 195 140 108 131 1 193 132 26 246
    159 131 86 131 141 65 15 241 30 107 1 138 176 64 159 70 99 34 96 73
    12 100 230 173 211 216 203 105 35 81 95 99 131 96 78 4 159 95 252
    130 169 55 36 75 4 115 140 218 15 187 208 80 31 72 29 69 15 6 8 28
    102 132 94 123 172 84 45 223 247 238 121 45 44 7 97 221 209 173 125
    187 162 108 60 2 46 17 13 214 197 140 164 54 93 87 234 16 164 80 208
    21 65 199 21 50 93 32 14 119 101 186 133 92 213 128 156 126 152 220
    18 222 61 92 58 252 163 115 79 14 171 138 134 154 203 14 215 230 39
    174 236 16 22 97 10 180 93 198 198 80 228 88 243 157 61 53 82 85 125
    133 250 234 178 81 232 83 212 230 85 141 15 214 40 61 5 96 31 237 70
    99 229 25 54 14 133 220 192 17 24 250 82 113 229 71 20 97 124 207
    215 153 10 190 82 5 5 115 94 62 184 230 143 33 252 27 155 57 192 66
    113 95 17 98 89 44 32 194 38 67 104 135 119 141 163 174 190 19 176
    173 71 238 158 117 109 88 65 34 181 177 161 104 17 185 204 210 22 90
    54 208 19 140 202 110 241 6 170 82 210 30 18 148 192 152 119 32 26
    111 148 171 252 74 165 193 97 169 218 182 6 52 178 22 224 116 223 27
    201 113 15 90 217 140 25 81 89 174 51 69 150 15 253 30 64 209 238
    123 221 191 12 207 15 0 67 204 177 107 28 56 124 35 100 237 223 195
    143 17 146 173 113 106 161 220 133 86 151 92 100 208 12 29 202 88
    124 153 41 49 19 187 152 61 176 32 169 25 133 140 74 47 105 30 222
    50 223 184 34 68 131 59 14 207 29 126 225 102 100 50 128 34 96 143
    222 150 118 117 56 96 164 46 248 97 81 195 101 133 83 163 113 120 27
    23 98 193 214 64 53 201 178 50 88 116 182 57 248 83 240 226 159 58
    219 239 126 201 109 119 117 93 207 173 253 210 216 198 177 0 223 74
    153 194 92 142 126 87 34 211 87 65 60 169 74 190 197 18 126 83 162
    92 49 51 215 18 149 35 23 96 169 38 154 223 240 18 190 241 68 64 164
    244 77 204 108 174 85 115 112 175 126 246 13 186 50 187 0 14 41 62
    37 10 140 117 41 222 198 82 94 77 194 249 218 133 233 79 232 154 186
    128 30 200 199 93 246 16 104 184 235 141 26 74 144 229 146 113 80
    186 207 132 154 164 252 76 2 27 54 232 126 163 180 222 60 6 120 187
    87 149 211 61 129 43 56 251 179 221 183 113 38 128 148 118 128 250
    251 214 144 129 52 240 122 21 17 227 33 92 237 219 37 34 54 226 49
    10 177 217 212 204 70 205 241 100 63 1 175 142 225 166 181 248 67
    101 93 138 52 108 121 74 165 18 143 100 246 154 159 248 200 175 54
    67 101 99 109 185 178 143 190 26 230 84 161 61 111 125 171 154 32 96
    73 254 205 142 230 140 144 230 67 93 55 239 226 172 76 124 89 4 113
    229 234 164 136 109 238 58 49 67 16 214 127 36 211 224 222 75 50 244
    115 203 4 182 138 66 16 185 20 174 213 68 215 27 12 61 65 71 230 117
    27 196 190 100 93 96 67 146 136 122 122 245 212 221 120 105 24 21
    185 193 98 79 146 251 193 67 99 157 198 79 135 33 177 209 123 173
    119 6 0 220 95 45 4 34 24 2 109 249 20 213 245 202 33 107 204 192
    186 89 89 175 241 51 236 102 42 52 169 71 232 149 236 37 246 59 204
    226 185 14 123 13 81 32 245 208 237 34 20 110 186 56 63 17 165 232
    236 175 161 105 141 166 6 116 151 210 204 21 197 202 28 155 139 236
    40 5 245 74 178 123 202 152 63 151 60 111 59 66 134 155 197 164 62
    223 16 49 118 237 7 17 3 103 194 170 178 20 175 43 166 64 60 151 133
    37 145 24 41 183 144 189 44 180 101 65 27 47 77 145 237 255 74 133
    25 102 32 86 238 80 40 190 127 233 245 210 217 95 142 141 207 31 154
    49 190 68 136 111 91 192 195 56 213 84 149 213 204 95 26 135 135 46
    101 124 214 6 46 187 117 216 187 147 239 162 89 188 105 88 150 53
    223 135 140 108 23 118 224 65 26 134 91 33 36 13 183 34 191 91 112
    97 171 95 137 255 231 214 238 172 94 20 21 193 138 87 135 108 2 4 86
    138 45 234 164 0 84 33 57 140 249 180 106 38 82 109 104 13 165 221
    201 100 60 243 52 113 187 55 162 67 196 209 175 172 187 226 206 125
    151 65 61 135 33 135 234 222 57 222 174 35 23 30 246 196 4 79 131
    177 18 212 170 199 61 103 64 41 29 141 18 198 244 84 111 227 109 177
    82 248 241 63 55 204 183 74 255 124 178 198 238 12 133 220 46 167
    114 144 97 208 74 133 216 124 115 239 72 227 51 126 208 227 214 149
    230 217 15 255 135 187 201 24 241 10 246 224 81 49 48 49 88 78 9 4
    27 245 3 121 205 7 128 191 62 97 209 246 146 56 190 84 236 158 148
    42 159 187 132 49 55 86 41 161 186 123 130 247 78 182 255 95 198 249
    178 0 106 209 102 226 108 186 195 212 250 181 220 92 216 20 215 193
    248 38 171 122 205 200 193 141 86 76 160 243 106 17 105 36 203 72 44
    243 190 37 37 85 234 15 157 246 201 46 113 76 84 198 31 236 8 206
    188 251 156 99 254 49 139 116 246 235 223 31 98 13 141 169 218 60
    182 133 201 78 183 128 97 117 193 135 5 140 163 117 9 110 105 168
    193 87 246 151 60 230 93 103 197 119 212 181 213 107 85 250 250 110
    199 97 25 192 251 99 101 149 23 32 173 136 129 92 180 8 156 14 26 87
    118 199 127 59 223 59 161 119 103 24 7 4 252 153 17 36 202 86 40 64
    89 125 211 73 77 71 218 250 11 185 163 161 68 13 235 197 190 113 202
    97 176 161 147 233 183 181 111 224 122 184 44 218 31 45 192 64 86 24
    39 207 106 105 228 193 122 70 167 81 28 55 213 36 32 63 182 227 91
    131 31 12 167 65 61 1 57 173 162 184 97 117 146 249 15 104 7 241 228
    138 60 93 201 115 234 5 96 253 207 118 231 156 120 115 161 94 115
    255 164 100 178 73 76 94 246 121 225 35 66 38 244 71 25 85 94 183
    245 83 133 19 42 208 200 5 87 94 156 223 182 76 156 185 125 58 102
    187 120 255 92 11 2 210 174 60 217 225 141 163 107 31 33 73 41 141
    96 172 123 144 93 206 0 109 244 155 212 254 208 56 93 87 29 184 233
    232 233 88 47 55 22 170 110 242 254 174 6 165 183 75 136 19 42 16
    171 2 23 191 53 255 175 188 62 18 234 77 247 231 109 212 17 161 86
    118 156 239 217 8 59 233 81 42 124 62 127 234 80 57 176 7 177 129 33
    241 199 34 122 202 241 122 5 101 127 116 105 142 126 252 98 109 211
    2 158 74 134 175 67 137 185 57 219 211 6 91 133 255 16 181 83 145
    122 183 2 19 255 107 2 175 186 43 12 116 48 81 222 217 32 66 109 103
    230 69 252 99 242 32 200 222 238 4 18 5 167 68 55 201 178 249 184
    237 231 243 182 119 104 234 214 33 175 64 186 82 230 199 43 214 124
    171 214 157 32 24 231 81 69 92 74 26 160 112 253 164 27 210 82 69 92
    5 32 57 86 47 48 82 136 69 191 5 211 86 135 93 229 180 92 201 139
    228 160 110 99 89 35 52 170 8 151 7 27 60 165 184 141 251 179 22 213
    36 16 176 22 202 78 157 160 162 95 83 69 129 139 219 7 6 69 127 197
    114 165 194 194 11 190 39 200 244 118 157 89 218 16 75 205 44 178
    134 152 151 179 22 8 237 178 91 38 244 162 241 157 69 14 179 60 32
    111 167 145 159 52 64 4 107 207 58 135 154 187 246 189 189 86 56 180
    85 137 119 252 239 111 117 233 119 28 131 145 78 180 205 142 47 64
    16 157 96 81 128 73 177 239 105 29 195 81 170 217 68 131 200 129 252
    80 103 157 144 255 56 166 102 187 33 134 229 35 20 216 174 217 23
    106 31 206 119 81 1 106 230 171 184 194 61 47 22 138 176 140 248 109
    133 61 85 15 51 217 125 246 127 148 84 54 180 220 2 87 185 158 113
    102 102 15 185 140 87 123 160 13 77 149 214 194 66 115 72 251 101 37
    149 223 165 236 208 104 224 229 23 209 247 243 152 96 29 249 221 8
    125 9 209 243 68 241 49 211 157 152 107 188 219 89 168 107 198 22
    239 74 221 52 69 54 134 179 50 69 121 80 2 130 227 47 23 66 177 22
    92 187 148 41 5 60 233 117 99 168 223 146 6 1 143 5 57 101 226 35
    144 232 103 26 72 250 58 21 229 209 106 20 34 38 73 175 217 44 197
    136 59 239 108 131 48 10 235 206 72 8 97 123 147 24 93 234 96 91 245
    19 35 233 207 9 254 69 63 36 188 205 143 53 190 2 152 152 214 39 178
    175 117 91 0 116 250 232 140 47 85 217 156 79 23 164 51 198 214 246
    85 173 181 128 173 210 104 56 46 0 244 170 130 79 159 219 111 21 189
    86 136 121 246 37 43 254 52 201 193 186 193 179 165 22 102 161 149
    224 169 225 82 65 170 187 224 180 235 137 136 23 67 195 230 0 239
    162 213 82 162 144 11 124 202 196 147 41 215 184 223 90 125 207 114
    254 40 173 155 214 66 117 161 233 169 13 1 44 81 38 120 23 175 188
    29 114 154 64 244 2 69 36 21 23 136 115 178 219 148 77 128 220 156
    137 122 135 33 152 55 129 43 245 127 119 186 14 178 161 126 13 78
    112 144 200 18 145 90 241 162 54 143 89 135 71 162 45 24 234 17 67
    210 238 98 148 86 128 240 132 120 218 20 168 161 215 190 37 23 129
    116 242 91 41 188 183 20 180 217 49 60 139 60 134 168 226 80 60 71
    182 83 172 150 222 184 248 181 119 82 243 107 89 63 36 148 2 87 127
    5 174 247 196 94 141 175 160 104 149 169 195 97 232 208 89 245 81
    162 49 217 144 108 144 5 29 202 173 27 0 102 123 36 70 50 27 90 7
    156 27 92 135 117 132 203 218 89 42 58 180 134 103 184 0 77 214 251
    79 245 247 91 217 23 52 86 185 212 215 242 127 169 208 216 25 243
    112 211 104 253 210 205 41 228 222 139 164 32 159 78 103 65 213 11
    57 2 54 27 165 166 120 194 106 96 38 54 129 202 115 27 214 97 23 220
    166 140 8 34 42 214 0 229 42 81 49 202 233 236 183 127 23 51 54 231
    20 177 98 84 16 104 119 74 27 193 172 131 15 25 72 233 28 189 226 48
    93 210 24 36 140 240 156 14 85 133 156 56 160 187 195 243 213 217
    121 154 142 218 204 7 83 190 67 117 102 234 60 13 102 67 215 3 44 94
    105 216 120 46 22 4 146 225 57 62 195 197 98 199 116 157 170 203 142
    16 115 208 220 69 87 12 152 227 179 86 222 69 106 66 247 80 225 70
    46 20 77 92 26 103 222 53 62 155 118 5 224 212 41 141 113 49 97 25
    139 27 157 191 16 69 155 197 25 135 133 252 138 74 60 183 210 40 4
    118 36 149 80 101 162 255 31 37 214 200 56 14 62 203 140 100 117 114
    37 130 2 2 6 117 134 90 181 209 238 38 140 219 192 43 117 182 164 23
    165 9 55 8 226 154 105 233 228 204 154 10 61 70 188 117 18 236 207
    211 160 185 3 169 14 255 179 134 173 213 1 215 64 249 230 203 33 128
    168 112 122 2 251 213 241 103 8 167 94 104 85 162 14 238 205 191 121
    165 247 227 57 62 112 87 171 211 137 55 105 200 28 140 143 180 82
    218 5 238 29 2 238 104 40 231 16 168 199 12 166 34 227 113 96 33 132
    172 69 170 33 123 73 13 111 58 185 217 215 174 8 25 210 82 254 119
    103 14 235 243 67 123 117 53 200 212 70 175 209 179 28 142 137 221
    15 9 152 160 208 67 246 170 114 34 195 181 228 84 200 31 158 135 5
    43 2 87 93 96 118 46 129 95 38 187 127 204 59 204 83 157 39 43 20
    190 220 230 162 56 230 178 26 222 161 196 191 13 24 205 135 229 239
    120 219 65 61 138 188 155 7 233 178 91 215 4 217 124 166 91 46 159
    225 236 43 13 186 203 140 193 230 87 47 224 223 178 33 62 63 153 195
    91 19 97 168 52 214 88 199 208 53 98 222 158 245 36 42 130 230 245
    73 108 132 155 206 166 119 149 180 248 174 79 229 62 64 236 195 63
    117 178 193 162 82 206 52 196 183 182 219 233 236 164 138 23 197 117
    12 162 177 236 86 16 195 227 160 149 160 143 50 21 96 101 253 74 136
    80 72 243 227 200 39 82 204 236 4 220 39 6 163 181 64 146 179 68 218
    93 117 206 247 240 37 255 82 192 168 0 176 39 145 4 249 64 248 148
    169 148 135 12 69 139 213 201 236 145 84 161 197 207 136 78 73 44
    158 143 46 241 108 177 47 0 29 133 238 166 210 169 28 157 111 62 89
    21 176 8 77 214 148 36 98 225 15 90 54 242 94 51 51 7 0 252 223 179
    38 58 47 176 81 125 28 243 71 152 91 125 61 51 176 126 241 92 69 68
    109 228 207 79 199 44 124 148 25 221 136 236 91 93 253 91 239 253
    195 153 183 145 224 43 222 102 68 72 19 73 162 209 47 92 90 156 170
    229 7 16 172 246 147 122 90 197 11 102 80 52 203 193 175 166 207 233
    126 6 144 184 244 8 224 115 171 238 59 113 81 45 22 110 238 48 33
    237 62 177 138 30 187 196 42 104 245 235 98 75 250 47 107 1 220 12
    94 201 255 196 41 136 119 71 214 190 114 253 84 180 63 210 113 113
    171 143 32 231 65 24 236 15 38 219 185 188 62 234 204 12 121 231 219
    42 8 132 75 242 63 229 137 18 176 119 128 106 17 234 151 221 109 138
    233 224 31 152 92 153 204 220 44 30 117 48 15 18 47 18 99 246 128 18
    251 2 81 52 99 178 7 85 238 175 97 77 230 107 224 250 100 244 33 63
    184 190 185 144 185 33 131 232 175 162 8 220 186 162 201 97 30 34
    243 220 68 123 230 123 5 91 170 4 68 114 59 198 143 242 196 190 153
    114 234 150 58 172 30 180 93 165 107 10 182 188 180 129 212 157 238
    192 192 90 78 133 194 185 126 146 89 49 204 226 74 98 5 190 176 108
    92 61 239 146 56 27 29 229 89 221 237 181 165 253 247 166 204 49 205
    96 80 107 99 165 80 225 240 46 137 0 156 143 16 250 136 247 23 164
    64 57 159 74 174 213 59 51 80 92 39 146 172 49 155 87 96 198 83 215
    244 232 144 245 160 238 153 38 151 97 204 176 226 226 80 99 16 8 246
    153 191 115 249 4 98 217 206 194 69 71 22 14 142 22 82 73 134 221
    136 198 166 38 23 74 147 115 57 236 139 34 246 146 235 63 64 250 18
    53 146 144 64 61 86 162 211 147 255 79 155 28 127 92 27 117 191 68
    213 14 27 13 123 114 224 58 231 126 4 122 240 76 49 189 159 98 16 90
    18 242 94 223 30 151 22 203 117 202 79 196 24 83 36 118 167 110 211
    26 171 88 182 69 73 15 130 209 151 188 142 57 196 161 212 238 191
    164 233 117 229 107 112 112 169 79 208 181 74 55 145 104 170 152 146
    57 101 70 0 152 48 20 235 109 241 64 51 63 89 175 3 40 116 145 36
    153 201 4 7 114 1 67 24 165 132 9 174 184 232 204 14 92 143 12 0 50
    89 236 81 241 255 19 253 173 113 130 98 136 97 11 210 166 41 40 187
    7 219 53 179 233 130 4 56 223 195 236 139 80 33 50 121 70 64 55 89
    59 39 196 240 174 246 221 104 56 144 92 29 91 72 220 20 104 245 115
    19 112 94 65 211 44 39 128 88 5 46 215 20 236 202 64 136 209 206 74
    5 103 104 118 4 214 176 122 117 93 122 43 226 149 176 211 76 143 163
    139 133 120 201 101 74 42 158 235 154 165 114 217 15 150 230 169 90
    145 151 23 93 238 8 35 223 242 74 170 96 13 180 145 91 107 247 65 49
    227 221 98 83 216 141 76 48 251 126 220 246 189 37 83 128 41 75 189
    123 69 29 253 188 246 215 45 200 94 145 28 185 156 1 149 223 144 230
    86 148 90 103 206 124 166 193 6 225 175 157 7 88 39 25 142 146 54 61
    61 251 36 56 120 109 249 165 229 104 13 88 150 98 100 233 215 166 88
    216 230 178 55 245 32 98 193 198 34 226 42 160 223 136 58 46 76 201
    105 195 218 103 130 225 39 58 102 185 119 133 194 184 222 43 72 69
    81 193 148 44 58 242 175 146 101 9 13 189 166 49 62 35 239 146 206
    44 96 36 226 117 67 194 249 45 29 195 174 138 147 44 0 73 107 58 231
    209 165 231 190 237 37 213 48 194 207 112 252 170 183 216 188 84 154
    61 193 85 217 44 65 71 140 26 115 145 133 245 79 159 130 139 216 245
    60 161 227 55 229 38 105 242 200 110 179 194 38 143 35 237 73 82 231
    202 5 156 199 63 86 92 31 177 77 7 242 82 179 76 252 229 183 56 0 38
    132 88 255 173 219 32 138 88 117 108 185 198 165 55 214 214 6 209 50
    134 249 51 160 245 164 199 196 16 53 60 112 176 99 161 248 132 18 1
    149 162 173 201 155 45 93 98 79 222 253 4 65 219 182 251 78 223 196
    125 212 90 85 132 183 100 151 97 87 40 57 237 250 11 225 242 175 65
    252 140 201 100 216 172 27 243 155 125 208 93 92 218 155 71 225 79
    37 73 98 216 40 47 177 155 82 26 213 198 185 239 168 174 23 149 164
    30 71 159 29 122 144 180 240 81 117 172 21 175 109 116 202 80 101 12
    138 91 208 172 98 41 133 150 163 38 231 38 118 208 11 229 249 85 215
    70 49 207 11 73 154 48 87 37 230 250 238 153 248 116 44 33 28 26 70
    27 47 33 229 217 238 34 204 235 32 83 89 35 141 195 42 70 178 115 69
    33 16 40 77 85 171 69 181 167 122 183 210 198 191 122 214 58 251 4
    167 59 67 155 70 134 159 139 34 228 241 150 174 43 111 12 186 179
    109 92 192 185 158 127 93 170 233 109 3 252 166 40 47 149 77 129 203
    213 181 115 145 7 32 153 74 44 17 35 88 74 127 45 35 65 98 174 80
    168 194 234 222 223 123 7 116 76 178 61 201 179 85 148 169 193 42 34
    63 172 254 206 207 248 49 31 180 188 214 22 111 29 233 221 210 193
    243 173 239 142 88 9 99 56 60 250 190 151 149 225 172 179 240 3 207
    78 247 238 231 72 230 233 173 237 195 209 139 48 245 238 12 101 248
    140 72 72 116 246 94 52 234 170 168 17 134 33 14 221 37 230 157 58
    235 184 162 171 171 148 138 4 68 18 109 169 138 98 118 47 121 212
    252 54 175 135 216 155 41 133 81 244 159 104 229 37 203 10 120 230
    102 140 145 225 36 73 146 85 129 161 152 164 0 25 37 126 178 151 186
    12 27 239 20 231 218 177 69 43 179 191 59 121 46 241 122 150 28 28
    244 203 53 73 56 251 71 86 84 182 188 142 190 179 56 32 183 167 229
    5 178 58 28 184 57 17 83 3 67 166 119 104 8 179 174 47 61 221 84 160
    66 71 31 205 208 55 127 48 54 181 166 26 64 54 232 153 98 247 164 67
    18 160 121 214 31 198 173 127 47 168 3 202 237 179 143 181 61 62 106
    77 75 48 75 53 82 251 35 254 27 144 116 84 178 218 94 245 234 53 251
    215 69 62 48 120 78 244 98 86 190 51 22 200 221 191 103 134 161 2
    170 112 176 38 157 69 217 42 170 240 143 17 32 60 20 109 156 131 242
    242 132 20 137 51 83 240 92 222 202 10 248 94 154 161 51 209 64 172
    128 116 177 75 65 126 133 231 90 184 111 254 62 167 80 147 241 188
    208 32 70 48 98 135 214 75 141 19 170 92 203 228 113 21 147 37 190
    49 182 245 237 53 140 128 87 25 237 9 225 74 32 21 135 21 55 191 238
    143 47 238 174 94 131 103 21 10 138 156 235 104 214 182 122 118 148
    32 232 201 240 184 250 126 44 231 42 178 180 95 9 140 119 6 114 178
    216 6 9 120 204 113 50 202 66 205 148 125 117 121 129 170 158 60 153
    112 169 29 167 72 153 215 198 232 241 120 63 138 67 48 73 15 227 131
    18 53 140 159 105 167 82 115 190 121 134 253 142 219 235 93 169 137
    233 110 173 121 6 153 127 91 111 112 161 217 96 149 212 122 152 61
    188 151 123 138 176 152 128 231 219 11 172 95 174 13 177 56 163 46
    205 249 31 106 35 180 134 193 73 211 114 74 97 229 210 194 136 36 2
    222 203 144 154 250 188 52 70 177 154 140 106 32 247 243 86 238 158
    75 246 96 30 78 222 155 141 66 77 182 49 20 154 143 237 184 170 82
    75 178 194 229 18 211 44 29 58 181 155 185 15 40 187 92 70 42 123 23
    122 253 78 29 29 54 231 88 119 27 132 104 93 23 71 140 47 188 12 54
    60 33 222 104 177 56 181 129 88 209 64 247 34 226 236 251 188 254
    213 248 43 131 110 62 99 172 236 13 74 137 208 162 133 180 243 135
    128 209 241 112 115 111 204 255 166 13 233 79 185 28 73 99 184 56
    251 189 106 200 78 40 105 59 229 196 60 58 219 212 123 76 200 75 133
    162 20 52 230 149 223 35 167 175 206 195 163 236 226 184 37 253 93
    220 15 207 129 201 38 107 162 219 216 213 16 85 46 156 126 138 3 67
    39 177 39 185 124 6 164 54 220 128 250 252 97 138 190 204 35 59 37
    170 134 32 123 71 131 73 91 222 148 130 140 65 124 211 7 64 72 144
    43 242 98 234 78 206 2 56 173 28 96 126 250 155 187 247 22 44 184 71
    249 80 227 31 130 161 4 146 204 176 141 76 15 112 180 120 88 101 79
    228 24 173 255 68 251 124 58 72 27 184 75 157 119 45 215 41 125 24
    206 233 17 28 219 28 143 55 82 31 221 224 222 84 206 166 108 14 145
    27 191 131 147 250 203 91 114 100 205 9 233 87 240 80 191 240 58 127
    21 36 229 88 197 33 115 202 110 126 61 236 170 35 175 115 166 51 142
    155 228 133 143 7 30 173 86 54 32 70 12 86 79 137 42 146 84 28 165
    206 80 253 208 210 37 243 50 173 213 118 142 242 105 65 228 207 30
    59 67 32 36 130 119 168 180 31 36 210 176 85 85 254 198 111 143 81
    36 148 47 240 138 219 24 108 136 129 190 117 238 127 211 78 55 190
    123 92 160 27 94 219 192 186 106 28 74 7 93 44 17 85 56 76 200 0 77
    85 146 209 112 87 105 93 25 97 183 50 191 163 114 93 70 119 252 128
    186 236 212 48 216 176 183 46 15 205 18 209 46 84 7 156 245 14 231
    255 73 16 104 247 52 17 123 154 34 218 43 44 12 36 61 227 170 119 29
    47 133 233 158 59 154 196 238 69 105 241 17 221 95 168 182 247 132
    111 0 158 13 176 214 152 198 114 226 130 63 224 42 82 3 231 209 128
    178 16 244 69 61 186 182 38 175 159 1 94 51 132 108 70 116 188 18 3
    141 200 114 98 223 69 184 49 84 138 144 205 141 182 6 136 156 148
    229 52 56 81 188 15 30 85 215 224 72 65 248 31 63 171 177 235 42 119
    171 53 113 95 172 79 209 210 126 238 221 197 44 3 87 27 237 32 84
    223 82 0 219 14 52 133 108 162 252 37 244 133 109 72 191 188 246 170
    51 69 222 217 179 200 199 140 4 85 189 97 55 68 198 93 234 140 112
    198 75 73 105 255 232 8 88 35 202 77 167 85 220 48 154 2 67 69 30 52
    231 161 250 179 187 226 201 198 116 137 29 121 196 6 160 27 241 169
    140 246 9 180 79 108 251 211 8 3 188 96 31 68 12 201 215 188 65 194
    48 47 119 134 37 48 23 49 131 241 5 22 117 182 120 175 132 149 108
    221 128 70 180 249 58 69 134 168 136 154 110 173 158 110 248 246 48
    131 139 169 184 129 124 75 52 91 184 233 138 250 119 135 136 158 45
    235 245 142 236 26 92 193 223 242 183 246 67 212 125 78 158 125 188
    205 34 87 240 51 0 24 245 33 167 160 56 54 58 179 93 118 207 182 210
    91 144 69 166 10 26 69 224 174 113 119 53 203 51 237 170 35 122 25 3
    11 107 151 149 56 226 5 105 5 56 142 221 108 211 74 174 51 168 27 61
    167 239 176 138 234 221 241 212 128 232 87 173 226 157 87 202 194
    165 48 60 95 122 245 168 140 140 168 231 202 69 59 21 38 124 168 125
    229 56 136 130 74 29 136 25 8 12 111 6 16 191 183 0 25 210 61 161
    144 14 131 33 192 17 140 175 211 51 21 133 210 199 6 57 29 130 69
    247 112 252 119 222 48 188 167 166 5 60 223 7 66 9 197 225 180 23 39
    67 213 80 236 205 226 6 7 236 244 149 61 89 62 119 82 121 95 100 33
    96 117 150 37 220 54 70 170 222 72 140 146 248 224 104 157 127 225
    60 224 155 127 122 108 61 109 185 4 30 99 177 71 117 70 57 223 250
    151 204 210 121 95 192 201 219 234 160 201 112 46 165 210 127 240
    126 204 23 175 123 23 60 87 129 228 124 62 83 160 149 69 132 210 221
    173 54 115 9 133 230 82 208 44 100 71 206 7 210 94 187 176 37 174 60
    42 201 98 51 124 212 212 161 233 172 212 60 238 27 114 129 173 56
    209 217 249 181 48 115 99 4 198 41 181 42 127 161 54 214 136 127 65
    110 20 138 18 149 26 225 245 195 3 184 156 227 129 16 12 110 237 181
    81 219 202 177 149 242 22 134 253 162 200 211 104 163 40 147 68 104
    190 58 228 44 50 5 128 237 100 192 216 171 83 3 201 167 114 193 52
    42 14 235 160 186 66 39 143 22 23 40 254 139 227 185 247 252 104 236
    45 221 248 18 30 73 148 230 5 62 217 122 185 25 76 202 76 107 147 88
    225 100 32 68 72 178 138 81 222 14 37 180 15 252 230 101 205 38 225
    16 91 54 13 53 96 134 209 220 46 79 56 236 246 136 69 227 143 133 73
    174 78 39 26 128 244 19 109 3 155 49 63 22 142 101 30 175 194 155
    250 59 48 234 148 48 165 86 91 216 193 123 202 31 168 134 17 202 148
    65 238 173 183 206 9 54 154 184 5 183 151 165 233 46 242 184 205 233
    132 197 154 209 102 242 162 104 130 191 118 92 124 132 40 255 92 15
    255 182 159 155 249 167 168 247 131 28 188 10 41 123 197 6 172 142
    215 179 63 19 125 37 76 119 58 72 230 127 121 142 226 118 217 28 192
    5 63 245 88 73 233 121 101 172 243 52 147 249 66 8 52 196 167 63 124
    179 60 14 212 63 6 145 154 206 231 55 126 150 123 104 190 2 63 47 12
    46 153 88 233 45 143 213 174 58 154 16 33 42 161 26 132 237 206 195
    238 11 62 25 17 115 124 56 66 109 5 55 135 86 123 73 189 119 219 217
    252 113 165 56 34 117 209 49 98 6 199 236 30 101 171 233 239 251 201
    64 224 41 186 14 150 249 106 30 240 191 228 88 65 121 184 200 41 124
    75 83 30 29 178 122 65 125 95 55 12 245 36 89 187 109 219 233 70 122
    120 125 130 82 254 71 185 70 129 225 152 129 189 178 129 234 153 67
    95 227 197 132 235 118 151 244 130 26 125 141 46 154 80 75 1 10 76
    39 96 130 30 168 91 156 87 153 103 123 79 36 97 126 223 226 241 111
    175 127 157 65 116 181 38 217 94 197 219 186 253 83 158 190 117 74
    32 37 165 187 177 83 227 156 29 42 196 208 217 237 56 17 81 239 12
    59 65 22 176 188 103 40 190 34 234 182 95 85 133 116 192 46 250 216
    24 24 24 44 189 79 146 10 183 118 210 224 125 195 106 181 168 135
    139 109 103 157 45 15 41 70 58 42 47 139 55 58 123 133 130 178 212 0
    113 172 197 168 2 177 5 242 17 249 211 202 44 190 121 147 163 3 208
    8 157 161 167 37 66 185 58 50 246 121 177 87 246 56 88 147 92 0 13
    137 125 138 43 39 116 71 235 15 144 135 90 183 231 217 213 23 144
    241 68 187 145 49 169 3 24 43 15 243 2 199 182 58 151 108 74 207 98
    61 255 26 137 184 214 150 19 35 165 41 181 19 246 24 205 13 41 125
    80 98 152 217 4 138 7 153 20 112 168 142 139 78 61 63 166 81 80 180
    32 111 227 63 223 43 150 122 13 25 170 238 99 214 103 83 84 137 195
    251 202 23 76 240 114 207 5 79 49 103 134 187 225 44 216 118 97 102
    4 247 113 91 225 246 61 178 130 179 240 254 114 114 168 212 55 220
    28 4 191 181 10 154 125 240 177 238 45 64 23 255 221 99 68 63 55 13
    11 142 51 180 109 152 119 163 67 171 47 108 244 238 24 85 7 169 86
    142 209 136 254 197 77 93 80 216 201 6 43 213 179 104 136 44 160 198
    148 120 122 206 46 75 114 58 161 126 21 84 220 102 27 243 21 189 134
    217 66 63 76 102 17 98 159 207 73 153 136 188 102 7 234 106 9 191
    237 6 122 33 14 89 5 133 61 101 142 222 110 169 183 69 132 53 149
    217 118 82 157 130 89 70 17 95 156 233 112 107 70 186 84 214 101 85
    194 50 43 139 79 206 222 228 186 234 225 238 128 156 79 132 104 158
    199 95 116 74 244 43 43 221 194 63 238 206 88 25 45 175 228 15 226
    141 84 219 244 105 51 46 164 183 183 247 147 215 90 247 176 148 78
    48 196 30 191 77 186 21 113 147 46 45 252 81 183 156 158 246 177 124
    86 33 45 10 79 214 188 214 108 41 144 185 96 125 118 161 37 160 174
    175 135 84 110 66 91 45 149 130 75 75 46 92 25 203 2 47 249 69 49
    119 90 95 217 83 138 198 24 113 178 118 4 221 35 122 141 111 245 90
    178 222 221 249 155 210 203 37 15 249 217 58 101 87 44 143 161 52
    116 80 65 185 89 139 63 222 40 1 235 119 45 26 253 112 27 199 94 200
    105 99 233 15 212 234 179 209 45 49 113 254 166 138 221 51 107 68
    220 152 21 131 176 215 113 121 252 221 72 216 202 122 121 215 139 14
    173 30 164 91 138 44 244 62 243 201 150 225 21 254 213 119 215 250
    138 41 145 235 140 213 240 50 146 111 224 49 142 189 61 212 40 23 7
    145 127 188 227 168 63 65 174 162 115 89 81 120 133 14 211 49 107
    153 67 112 118 43 158 32 77 157 227 223 167 57 77 50 138 197 132 165
    181 89 81 77 37 27 235 134 72 82 195 1 42 57 0 29 26 33 41 251 170
    255 3 74 152 229 14 71 243 19 140 145 17 199 228 112 197 22 62 228
    132 167 47 205 203 64 117 104 82 1 145 205 61 55 166 67 224 30 53 99
    87 154 189 69 195 178 180 175 198 86 206 231 90 132 186 174 9 67 103
    151 17 13 156 185 151 155 38 219 196 154 211 195 171 129 221 69 114
    172 198 178 156 180 64 244 52 29 32 208 106 105 51 9 219 192 174 168
    227 78 57 210 245 236 46 85 109 146 158 237 80 108 63 142 237 158
    121 35 212 133 121 169 229 208 18 15 16 104 55 194 116 54 246 45 29
    192 142 133 66 158 147 247 124 16 185 37 68 231 50 41 196 243 188 57
    41 213 213 88 150 134 221 142 89 105 194 4 165 130 198 13 48 109 127
    81 158 139 95 226 213 45 163 133 170 197 8 206 230 161 53 71 87 200
    25 245 252 14 242 101 23 180 241 84 109 170 154 198 16 254 36 109
    159 30 57 88 170 139 10 132 126 96 207 160 230 103 119 201 181 183
    98 9 13 187 206 219 102 74 182 49 26 12 37 100 47 110 187 151 107 42
    156 111 191 45 249 107 42 146 168 74 13 20 38 44 121 153 214 66 154
    155 82 193 92 19 29 59 116 58 187 44 80 242 201 34 34 219 168 193 57
    245 112 220 252 38 17 152 124 252 134 32 170 21 228 78 10 105 170
    109 7 118 61 5 101 142 28 55 112 117 30 26 171 53 156 104 12 51 68
    117 95 221 204 137 80 125 180 143 78 106 211 69 117 191 234 192 152
    210 182 10 209 47 16 237 80 116 242 203 36 220 5 192 167 229 253 150
    132 198 8 28 136 38 4 202 161 138 183 213 202 183 76 45 10 5 7 42
    216 153 156 116 78 191 133 98 188 55 123 167 179 215 43 104 26 124
    150 37 17 43 73 201 118 88 37 94 53 207 229 246 97 20 114 53 152 17
    161 31 111 55 84 78 65 245 182 235 68 178 241 148 118 221 176 236
    104 78 6 5 179 57 175 147 114 212 20 40 155 179 60 230 126 15 215
    249 236 36 170 172 207 232 70 51 135 185 45 231 24 216 122 88 91 66
    115 68 92 178 91 17 185 38 147 106 75 47 21 226 226 202 235 184 82
    211 133 33 81 45 115 52 201 9 119 86 99 173 194 188 23 201 221 143
    205 20 34 223 13 145 85 39 95 245 2 195 129 244 134 83 234 150 173
    84 136 206 185 148 253 202 181 143 57 152 21 135 53 175 24 218 28
    181 193 9 71 209 252 207 171 179 189 54 25 144 169 40 229 159 149 12
    0 35 119 179 150 110 100 190 131 45 162 123 159 223 204 95 11 242
    127 128 139 230 52 21 28 134 9 42 168 144 176 136 22 65 242 32 84
    241 152 209 178 192 235 56 119 108 200 11 93 188 65 40 151 102 185
    124 32 13 29 64 131 96 8 113 201 114 15 142 35 81 17 235 83 216 108
    74 12 135 72 136 157 201 46 131 136 152 150 113 228 91 140 117 173
    198 70 202 203 189 40 52 18 145 24 236 197 2 18 15 158 140 51 249 30
    198 227 100 125 251 140 201 229 204 91 194 62 11 160 31 179 120 84
    177 129 207 177 210 91 187 229 178 216 238 34 228 175 181 93 32 19
    26 55 156 85 41 76 91 147 139 92 32 217 175 76 39 252 115 200 206 69
    1 207 105 98 31 20 32 240 219 164 24 36 215 169 118 147 34 151 58
    221 28 133 25 253 130 144 228 121 58 79 61 156 170 32 130 245 236 24
    15 59 222 22 97 213 97 254 137 203 98 86 141 177 246 89 107 143 196
    135 178 61 182 155 201 71 112 177 181 162 155 83 228 14 156 130 45
    58 10 79 30 50 160 114 160 9 171 31 146 210 238 46 95 56 102 145 161
    235 174 74 78 126 146 17 65 11 47 68 191 215 57 169 81 191 208 92
    223 187 44 139 84 200 72 90 34 27 242 223 60 18 222 84 217 231 167
    167 160 30 235 19 9 62 251 223 150 155 85 248 111 239 159 65 52 179
    248 206 187 75 115 252 46 115 131 6 52 125 205 243 123 244 142 51
    252 140 209 138 208 54 184 121 250 243 49 130 74 206 219 23 232 77
    211 225 58 155 156 140 26 28 104 76 85 174 175 225 185 116 74 74 168
    44 109 126 180 60 235 45 18 12 143 142 42 176 54 120 176 255 214 108
    128 203 41 70 183 173 95 101 184 106 253 65 61 29 193 121 169 145
    218 249 141 69 134 79 17 217 32 176 218 209 134 197 5 239 220 89 22
    201 214 92 140 164 181 211 11 161 53 252 112 238 96 174 40 7 33 110
    222 211 255 62 87 100 90 3 76 180 131 93 207 179 198 49 196 209 235
    235 0 207 213 24 132 243 45 125 234 213 136 142 200 91 11 74 220 199
    95 41 243 56 249 62 175 58 174 106 179 254 161 193 253 94 83 179 102
    109 5 115 230 226 131 1 205 139 9 38 220 224 90 46 23 135 136 143 7
    176 47 27 69 98 216 37 122 115 204 73 219 174 93 178 73 219 188 169
    77 183 27 6 150 235 131 77 158 146 24 91 217 209 181 127 205 121 254
    129 115 203 85 138 103 33 99 140 191 128 72 88 135 175 194 187 254
    40 81 239 131 235 154 152 99 189 111 164 47 140 243 185 107 157 191
    25 220 129 3 53 54 39 119 155 72 240 131 80 68 39 141 163 12 149 130
    209 132 179 74 155 188 111 253 204 182 226 246 57 7 131 227 158 21
    89 125 111 54 88 151 178 99 93 109 242 168 196 238 83 188 159 206
    173 22 8 128 114 177 6 22 242 141 23 10 134 17 186 244 113 210 206
    173 219 196 149 244 143 198 106 187 197 180 83 239 213 22 102 194
    161 156 80 241 189 105 218 217 80 16 241 0 152 26 171 153 110 149 73
    248 157 46 191 18 15 76 230 43 12 159 71 24 207 210 211 147 46 174
    72 49 86 102 222 4 13 222 55 225 66 91 249 168 145 249 171 71 207 57
    197 212 231 167 128 156 224 162 33 198 157 95 48 108 217 23 162 78
    221 127 222 64 12 245 198 111 48 210 100 123 120 48 109 117 219 133
    50 117 207 197 128 168 136 189 29 9 210 119 83 227 168 245 29 30 32
    182 244 211 65 248 17 217 49 97 61 75 208 230 137 226 126 139 203
    195 25 220 148 156 243 237 242 206 236 62 38 150 148 77 150 140 61
    126 229 166 234 239 31 246 122 130 116 83 67 40 180 139 250 3 6 66
    39 244 196 153 102 203 187 73 119 67 53 244 110 214 244 76 61 251 94
    242 35 165 129 105 229 2 146 184 165 99 125 161 150 217 4 221 185
    246 216 250 182 154 189 121 144 184 70 106 67 184 160 225 238 238 20
    159 164 239 148 134 145 115 29 78 137 49 8 220 198 201 240 247 220
    222 135 26 62 112 16 125 5 142 8 7 92 95 195 217 0 85 248 173 180
    129 189 146 203 82 143 248 252 167 222 184 123 103 181 187 219 20
    165 206 16 184 110 233 102 119 212 131 218 42 240 100 121 114 112 13
    101 235 81 200 182 131 30 84 206 124 43 146 178 237 58 31 28 113 197
    126 242 16 161 98 169 232 84 58 208 229 133 118 250 28 219 175 51
    223 56 95 5 64 158 182 65 27 130 74 39 185 180 151 197 205 130 113
    58 220 70 19 182 218 71 248 89 88 222 177 22 244 131 213 250 122 113
    108 77 46 144 97 6 95 165 247 80 221 74 49 175 26 88 199 186 114 160
    36 235 30 183 167 250 150 117 197 170 128 35 42 59 147 117 121 253
    100 233 194 111 194 54 71 3 226 167 19 129 171 193 124 232 22 178 4
    34 31 227 233 41 13 213 149 35 78 78 22 132 20 47 219 192 58 227 198
    193 108 100 238 81 66 87 162 118 58 41 199 34 165 174 9 41 218 45 63
    77 246 162 164 19 118 212 229 36 152 73 58 254 151 112 236 248 227
    52 119 28 110 137 91 19 226 111 101 165 250 60 158 59 26 72 172 87
    24 237 210 52 26 38 218 143 11 245 224 190 173 198 192 244 89 218 8
    82 19 77 7 130 47 63 81 150 154 233 67 221 95 155 167 38 84 98 147
    110 0 68 240 8 78 208 232 106 130 69 131 17 135 255 171 229 176 177
    189 55 153 126 39 162 92 174 52 49 176 204 94 241 201 70 227 37 218
    24 199 108 174 212 198 176 243 103 81 28 217 107 154 62 43 1 154 7
    97 197 193 8 195 75 36 217 230 64 50 26 81 104 58 16 138 145 245 117
    25 167 146 35 9 76 227 227 20 84 254 93 138 163 91 244 203 104 238
    69 114 224 192 76 179 32 51 134 149 90 31 194 255 234 14 218 135 59
    117 226 245 249 70 112 179 38 84 140 11 75 46 97 235 115 157 90 222
    80 12 251 197 250 65 224 48 18 123 200 206 183 30 64 132 181 98 240
    149 197 182 89 244 123 82 16 161 121 51 193 251 245 126 106 11 97 52
    174 43 104 141 0 250 146 81 168 177 139 21 123 125 155 164 159 33
    195 173 183 48 96 45 247 186 33 230 17 62 104 127 30 168 107 231 62
    179 38 151 79 146 127 235 186 46 148 164 129 166 255 79 114 177 183
    142 158 124 109 5 126 66 191 210 176 187 116 164 227 219 209 13 11
    46 146 159 126 247 56 234 250 211 134 65 40 36 229 240 114 184 81
    235 16 235 44 137 117 205 201 247 105 192 38 37 170 248 11 114 243
    49 126 27 116 194 163 1 157 131 205 185 113 231 38 57 95 214 1 104
    155 243 197 198 106 253 240 208 191 223 64 41 25 204 173 149 168 179
    223 168 245 105 180 162 255 104 19 47 244 198 228 212 60 151 146 77
    190 115 108 222 4 55 250 119 5 213 184 180 124 91 44 66 156 84 224
    15 61 253 10 146 178 187 196 109 123 249 177 140 132 19 37 74 18 15
    234 113 107 211 76 100 115 150 142 190 3 156 80 101 173 145 1 39 238
    196 55 245 229 232 186 81 80 102 131 143 92 61 164 104 145 205 243
    94 2 31 45 114 244 173 82 214 216 34 68 246 55 14 32 155 242 206 23
    43 33 34 241 215 76 212 134 55 234 191 120 255 119 90 93 205 29 201
    166 162 50 91 146 55 193 190 3 68 103 161 76 58 13 155 182 171 71
    193 211 75 89 108 0 217 41 144 89 207 158 160 196 192 22 123 191 241
    108 135 108 211 27 105 157 24 192 8 118 168 149 45 29 121 132 117
    203 54 90 228 82 19 161 100 212 102 97 71 146 245 82 132 231 21 91
    100 135 81 49 209 187 122 254 119 90 175 71 64 118 228 30 7 254 234
    237 0 154 24 149 246 146 58 35 137 159 61 18 196 173 250 167 109 204
    233 53 69 147 231 14 33 71 66 109 182 145 171 109 152 85 202 55 191
    124 194 39 194 143 241 180 171 228 83 243 100 224 64 144 54 245 224
    189 67 7 202 157 252 34 81 180 164 154 185 192 6 182 68 235 71 244
    112 25 10 209 126 118 173 193 236 229 80 169 160 62 247 214 102 157
    112 16 170 86 211 141 50 75 140 88 201 31 101 49 123 206 146 233 151
    211 192 13 107 182 4 88 239 181 101 220 67 228 127 148 41 238 122 44
    168 210 254 42 190 76 229 251 214 250 21 160 149 15 203 191 41 41
    221 205 222 170 161 36 158 191 167 215 168 69 15 167 231 151 0 36
    229 108 157 110 45 77 135 250 200 79 120 29 204 144 182 2 69 101 232
    19 242 43 218 108 115 93 96 243 221 109 194 150 8 95 121 33 235 124
    167 243 15 160 36 208 20 163 75 35 97 31 200 236 10 192 12 119 164
    221 213 108 164 232 222 211 219 163 146 4 192 126 113 43 24 100 34
    204 118 229 21 82 3 117 149 58 142 68 109 25 89 226 136 231 157 104
    112 255 170 188 1 42 121 65 145 101 45 111 129 161 57 156 157 179 67
    134 54 62 60 80 183 36 230 143 72 110 7 62 176 187 50 187 137 243 6
    219 20 254 177 154 39 160 134 155 80 18 205 234 146 148 152 18 192
    16 9 159 44 82 29 233 179 98 248 228 255 51 250 147 73 246 171 59 12
    224 107 184 118 193 172 232 140 91 112 132 106 175 223 168 183 123
    22 117 118 28 132 162 74 132 191 50 217 1 114 231 101 22 200 254 84
    175 196 143 201 64 57 42 186 101 43 255 115 210 192 33 112 234 168
    12 195 159 141 35 50 108 148 109 84 144 107 224 3 10 243 171 58 82
    186 236 76 169 23 96 16 30 168 22 162 19 80 41 151 227 142 111 155
    22 209 15 219 222 59 158 7 222 192 100 29 143 143 138 170 151 202
    159 55 12 196 31 192 146 222 242 222 196 127 203 145 75 69 202 141
    48 243 136 5 163 30 180 15 205 69 93 188 22 98 80 66 78 86 37 215
    129 211 85 229 17 151 133 251 103 103 54 0 142 144 93 58 49 81 181
    153 142 54 35 203 73 193 120 31 245 48 106 251 181 110 228 101 229
    113 20 220 212 135 1 195 202 150 44 216 75 198 221 56 157 120 110 66
    207 89 189 78 209 6 125 47 58 5 79 166 2 131 110 181 237 158 190 161
    143 215 42 109 8 111 18 6 234 246 124 218 150 127 215 85 86 38 139
    58 52 198 170 43 16 38 227 30 142 236 223 20 69 218 31 78 10 78 224
    1 231 29 41 1 141 66 214 23 11 63 238 195 217 46 130 12 251 15 154
    82 17 231 24 241 3 77 157 177 93 253 117 138 170 57 182 39 177 148
    133 108 252 158 201 27 191 240 155 183 216 119 36 220 17 190 249 35
    232 213 234 15 146 235 223 246 223 25 54 181 136 76 101 85 204 220
    190 199 19 203 218 229 226 162 115 186 83 161 4 229 160 150 204 140
    70 243 178 141 121 161 212 243 65 139 239 62 160 239 166 65 116 224
    151 84 38 154 241 229 6 203 110 123 251 60 76 80 129 87 6 179 158 63
    26 140 236 185 49 242 130 165 199 153 32 225 167 204 54 167 157 230
    176 184 145 54 225 26 15 79 174 189 69 184 35 232 143 181 146 202
    178 121 62 189 80 223 190 180 155 10 4 12 74 4 173 123 207 172 71
    135 170 8 128 135 6 3 95 35 143 5 193 49 149 81 46 159 244 29 70 189
    139 208 186 219 237 176 177 133 68 242 194 231 129 0 175 113 95 37
    133 22 64 225 69 7 47 28 109 211 14 198 199 242 126 51 221 215 224
    97 253 160 149 47 51 46 71 206 46 67 87 138 223 113 189 6 202 121
    119 26 111 17 3 236 245 230 215 83 133 45 232 215 129 32 181 149 205
    137 194 173 253 49 131 23 122 70 55 181 147 217 60 19 186 195 107
    235 117 73 84 76 199 205 200 227 53 140 105 67 245 230 69 41 116 181
    181 20 113 226 214 67 237 179 218 5 192 165 59 239 227 10 91 57 171
    58 158 240 210 209 145 230 16 69 217 97 250 60 184 54 255 196 47 243
    138 86 221 176 17 61 229 104 101 44 67 234 25 215 93 75 37 38 43 70
    19 94 160 241 117 50 93 71 166 102 65 129 233 40 78 175 164 16 142
    89 24 50 87 18 171 9 135 90 195 132 225 220 60 212 236 194 232 167
    72 100 92 248 226 210 238 126 204 162 86 23 37 10 162 149 129 105
    253 239 161 8 140 223 180 131 38 227 86 195 130 102 78 113 21 209 30
    166 65 75 26 162 240 15 55 158 118 11 146 130 207 152 153 79 165 212
    166 35 19 159 139 98 151 1 56 136 124 29 134 6 222 22 64 4 196 72 78
    170 57 199 141 185 222 212 193 247 88 117 117 201 52 188 224 91 142
    33 183 243 184 175 43 130 12 198 70 101 207 237 136 46 139 250 118
    53 130 182 222 150 193 230 29 19 133 194 51 163 126 187 131 45 61
    154 235 138 11 128 255 194 146 228 234 29 16 48 151 110 111 6 113 58
    227 5 118 134 134 250 107 120 0 60 119 111 219 195 162 175 37 115 21
    149 47 249 201 246 86 154 99 42 240 13 14 103 205 87 27 141 214 214
    103 173 188 147 162 165 27 1 231 122 67 254 182 48 22 15 37 157 14
    111 239 173 19 144 33 224 138 254 94 65 239 81 115 119 151 214 101
    52 221 17 245 248 217 202 173 47 104 229 13 39 202 88 22 73 168 183
    202 46 90 227 40 114 108 167 10 150 177 46 113 61 198 190 136 178
    151 225 108 217 110 226 199 18 192 178 72 36 80 133 109 151 55 142
    180 182 212 106 109 208 43 79 238 207 187 83 159 53 23 239 65 66 248
    219 177 104 42 199 75 129 2 63 215 115 176 168 165 178 179 218 89
    126 74 123 95 150 192 195 36 78 156 160 52 3 2 145 85 108 220 54 5
    245 9 240 156 159 146 147 197 164 156 199 126 51 108 83 81 233 182
    151 243 233 51 221 57 223 107 69 56 211 17 107 215 152 122 145 211
    228 161 100 194 82 208 206 6 2 120 83 175 107 127 195 159 206 160 66
    133 103 228 104 182 193 75 255 46 48 96 166 221 69 70 21 89 146 124
    236 174 122 254 185 183 80 135 83 148 128 229 112 151 6 28 127 157
    239 71 34 151 178 94 179 253 139 42 253 150 117 255 144 227 128 221
    169 190 50 247 119 130 25 194 121 123 114 197 124 99 56 83 5 162 168
    105 165 126 44 95 199 71 199 85 59 110 206 56 17 106 100 168 58 195
    53 50 224 6 42 159 136 104 29 90 228 204 98 248 69 250 150 140 151
    172 134 64 229 52 127 227 63 17 90 47 5 153 76 209 99 227 80 122 237
    49 107 183 196 63 110 246 92 140 16 134 214 225 136 60 70 206 89 178
    158 184 52 128 25 121 73 145 102 55 45 152 150 194 45 109 135 23 133
    188 71 125 100 209 64 246 167 93 154 144 151 1 36 27 143 205 103 52
    125 238 14 105 214 48 100 220 182 36 87 21 87 114 27 183 170 208 100
    68 0 210 7 100 106 205 214 222 51 92 234 99 15 151 115 121 60 122
    131 135 29 7 242 205 84 106 192 255 104 24 4 185 93 230 50 137 221
    189 95 135 103 41 152 166 227 183 147 213 223 159 75 66 213 119 196
    4 117 186 184 63 218 9 189 44 66 108 162 180 243 245 213 157 56 167
    111 134 43 139 221 109 41 132 107 97 114 215 239 10 162 199 53 1 76
    128 198 243 16 205 62 125 18 219 21 17 69 94 116 241 232 196 140 138
    111 237 225 248 85 224 80 148 56 32 45 144 203 252 211 210 6 203 206
    160 220 208 130 211 96 98 17 211 239 109 14 156 235 75 174 15 155
    118 84 242 143 78 132 136 5 50 187 71 173 220 68 221 8 161 41 114
    164 225 111 198 209 212 177 218 14 168 27 232 21 103 150 130 58 105
    252 218 169 147 117 190 96 222 163 203 106 223 182 197 173 227 25
    226 175 232 91 55 62 212 228 90 223 2 245 139 204 136 179 76 49 62
    214 62 75 75 219 94 54 13 19 239 182 83 32 161 22 78 66 157 63 197
    114 236 67 61 195 201 107 8 24 67 162 205 45 104 91 147 61 148 86 29
    207 106 157 194 89 92 216 103 250 181 201 104 166 25 122 118 244 140
    39 94 67 124 253 123 83 100 191 182 248 71 239 183 173 96 108 95 134
    6 143 184 122 177 158 76 175 93 211 236 118 10 218 221 0 113 65 197
    159 146 99 169 25 116 0 252 13 155 83 115 149 235 203 138 56 95 146
    9 74 74 234 47 220 175 95 123 193 199 89 104 46 175 227 99 198 113
    38 5 30 81 23 66 216 73 168 164 83 94 96 47 229 148 86 92 94 118 66
    193 241 182 11 203 52 149 235 174 177 143 152 204 26 152 181 123 234
    114 182 115 10 136 29 131 97 148 110 37 146 97 183 52 36 170 31 145
    115 69 3 220 64 203 3 232 179 85 217 97 150 177 171 62 57 183 46 59
    195 11 123 236 129 199 187 216 51 111 141 11 83 164 63 189 62 100
    169 228 124 103 40 227 26 182 217 244 23 142 154 158 157 250 20 36
    46 128 44 228 179 13 158 93 100 93 201 107 75 157 95 75 168 232 138
    177 161 88 213 241 139 64 101 103 90 213 161 166 246 211 61 45 150
    114 130 200 234 148 49 246 209 83 140 226 223 22 17 37 23 43 20 147
    154 79 14 146 159 158 221 146 90 182 194 15 138 252 176 136 15 195
    209 173 171 184 222 245 130 150 192 126 232 202 36 86 77 153 233 193
    244 188 228 142 140 13 24 166 23 164 50 74 51 187 40 198 31 119 124
    63 63 42 183 181 13 79 143 153 207 140 148 39 88 103 27 194 183 198
    18 3 26 36 216 76 85 106 200 171 54 112 98 4 230 243 27 209 156 235
    67 212 37 99 239 116 135 137 162 48 121 112 38 211 197 175 239 49
    205 145 146 138 151 136 251 193 210 7 47 69 121 56 166 252 164 176
    50 135 195 231 165 47 133 11 51 121 250 102 98 85 96 41 184 96 194
    53 158 128 102 122 128 189 193 86 45 130 11 105 148 167 254 130 92
    240 9 156 72 25 2 182 121 24 228 123 38 217 165 250 65 210 241 165
    175 19 207 168 59 204 175 173 164 50 16 211 182 181 0 129 207 110
    194 36 52 2 124 234 114 167 35 44 210 209 149 11 69 224 121 161 79
    115 180 132 207 26 171 124 138 196 173 171 179 171 165 110 146 198
    102 179 157 27 8 122 50 199 153 120 233 47 174 25 147 207 158 84 245
    14 142 78 122 33 175 89 155 142 252 243 71 96 32 202 119 75 145 208
    21 97 38 244 95 79 118 103 169 120 115 72 163 76 23 74 180 212 234
    241 171 213 146 67 30 222 9 148 113 65 49 148 74 120 152 248 189 185
    99 134 156 154 77 143 144 64 136 74 241 222 176 136 83 91 181 90 160
    218 96 19 114 144 170 91 148 90 94 153 38 180 6 126 201 28 1 62 199
    141 217 33 236 236 108 92 51 168 199 202 18 179 5 72 59 149 138 74
    12 0 124 168 250 89 25 116 130 9 177 78 102 243 42 65 53 241 54 42
    165 169 169 216 247 28 198 211 144 168 211 29 95 161 64 205 162 120
    59 222 247 202 224 20 32 22 143 209 69 45 68 11 106 244 92 149 34 96
    41 169 195 239 255 196 95 190 190 56 46 228 123 155 29 137 109 234
    210 22 55 241 174 66 252 170 200 252 94 30 164 238 125 134 106 72 4
    172 88 30 173 100 49 245 245 63 221 41 29 206 111 53 189 247 206 76
    62 79 56 77 17 151 149 165 41 37 84 65 210 56 81 149 47 31 45 233
    162 12 47 84 218 150 180 105 231 158 172 152 127 168 139 1 114 185
    235 36 167 1 122 174 119 37 78 83 198 224 4 163 125 174 159 178 230
    62 143 97 108 82 188 44 38 233 105 218 251 80 8 217 58 233 53 155
    186 85 8 81 133 239 194 66 165 237 140 22 72 119 192 245 111 156 59
    56 84 86 115 53 65 135 23 134 59 99 13 203 255 175 114 49 241 187 50
    101 68 227 235 122 92 97 248 53 93 85 49 182 244 71 41 128 218 18 41
    190 246 195 210 159 140 169 244 1 2 132 143 165 75 110 86 126 161
    170 191 169 220 177 47 49 187 187 100 231 95 8 64 137 226 241 128 23
    204 220 73 196 30 64 68 72 47 67 48 205 180 207 130 4 96 72 180 7
    231 202 7 217 123 208 22 60 63 255 61 116 74 80 231 150 99 152 4 60
    244 175 206 25 130 139 93 215 97 87 159 244 70 223 186 118 60 185 21
    151 144 222 97 118 222 213 214 80 42 84 135 97 248 170 143 217 65
    213 85 192 176 131 202 250 255 250 168 191 101 179 157 149 213 56 63
    140 205 104 243 210 225 87 124 73 212 122 198 89 114 111 175 36 5
    242 15 123 134 108 5 132 57 250 125 61 197 194 188 106 228 14 206 44
    86 11 108 97 212 105 55 220 138 232 187 209 190 168 198 155 20 9 40
    75 104 28 14 158 201 184 2 168 253 192 76 104 144 157 208 250 210 5
    169 36 55 163 192 157 145 118 186 62 55 98 203 205 42 70 74 97 116
    247 238 65 108 145 235 160 65 69 244 11 165 228 93 141 70 86 73 253
    7 103 138 213 227 125 150 245 89 167 127 124 122 141 193 143 119 50
    6 241 243 22 114 14 39 141 219 166 108 178 196 254 138 189 16 47 53
    103 247 155 4 102 66 176 92 210 69 34 244 194 163 230 194 25 18 210
    247 199 16 91 84 225 122 85 92 23 235 7 49 178 191 107 118 157 34
    177 23 43 197 198 124 248 203 145 2 226 83 154 102 76 141 147 71 231
    209 154 164 232 49 122 2 48 104 201 1 65 159 95 27 186 233 12 55 170
    120 53 244 137 152 248 206 225 52 58 103 207 38 204 78 147 131 6 128
    16 69 185 154 56 229 7 172 139 102 197 4 252 0 101 17 156 231 247 31
    162 135 130 78 19 5 107 251 161 111 243 40 207 140 26 34 251 132 36
    240 240 108 177 131 23 232 253 249 11 115 9 218 119 158 252 21 199
    89 222 167 246 161 178 128 62 109 239 233 18 41 168 41 245 110 187
    22 220 76 235 45 1 73 25 234 42 142 254 7 39 65 68 80 252 52 54 96
    207 132 117 48 250 146 48 235 23 68 64 131 57 216 145 232 200 62 158
    105 37 171 52 103 18 114 196 194 99 254 75 122 17 193 147 105 30 4
    54 181 105 10 119 113 125 53 61 111 41 216 221 179 132 35 56 39 190
    225 212 137 209 99 103 121 144 20 187 71 188 181 108 43 14 204 89
    219 39 115 249 60 41 226 148 204 34 113 126 44 53 116 113 48 0 139
    143 224 60 85 86 172 51 49 220 17 124 243 75 4 155 50 246 166 72 143
    127 91 4 73 4 140 192 160 29 81 117 89 89 183 248 134 137 97 69 34
    101 39 7 103 196 75 154 117 112 50 120 44 62 224 205 147 17 48 36
    206 190 125 131 231 164 124 107 174 37 255 66 206 31 151 135 66 171
    221 97 9 48 157 36 172 84 213 32 26 42 233 97 62 126 160 170 119 7
    75 59 116 9 144 24 43 152 83 150 201 48 131 101 254 214 58 254 189
    217 98 10 126 139 27 70 52 130 25 210 16 61 33 193 81 78 150 184 55
    103 95 207 107 157 44 96 224 75 11 49 112 159 43 82 162 160 123 0 79
    135 127 155 79 184 55 57 181 203 174 66 120 25 162 228 215 62 96 99
    106 62 174 182 38 70 101 241 128 119 149 92 69 12 163 189 16 226 223
    172 0 237 255 46 250 242 73 201 134 188 243 158 176 169 152 111 252
    42 9 66 249 167 54 64 44 22 104 115 188 186 188 21 22 104 195 89 157
    201 96 21 200 29 110 80 55 144 196 226 54 126 250 242 235 97 200 151
    24 136 37 24 213 76 48 198 189 181 110 195 95 13 78 4 160 230 28 106
    20 144 221 23 93 162 49 217 247 218 193 209 45 239 166 38 189 122
    126 80 31 44 102 128 97 43 189 184 89 250 139 128 134 50 84 174 240
    57 117 26 124 206 24 201 14 34 254 124 123 145 140 221 177 99 58 114
    39 96 59 226 169 175 222 172 226 192 153 172 174 118 217 66 68 156
    149 33 2 159 213 192 69 60 229 86 232 186 60 115 123 155 2 16 102 1
    63 125 113 253 160 121 186 165 143 82 118 122 107 53 115 4 168 105
    62 254 98 206 244 213 230 95 9 184 240 210 135 9 201 179 103 1 80
    177 72 40 91 172 117 211 204 81 181 125 180 112 249 149 135 202 134
    232 220 229 61 102 236 53 239 128 175 166 107 211 210 216 194 237
    246 80 40 60 151 236 251 19 135 150 212 239 50 22 30 123 224 135 161
    64 74 144 94 229 70 189 96 248 133 221 159 95 116 77 127 219 154 53
    150 187 59 57 244 197 5 4 25 33 83 178 184 140 25 126 178 86 159 92
    89 50 214 124 130 173 142 171 220 118 184 252 41 107 172 59 234 80
    85 14 121 117 19 97 167 148 221 127 171 70 96 106 175 52 42 235 36
    87 62 104 207 112 9 100 45 169 5 63 17 237 185 65 84 236 60 132 31
    27 46 130 78 207 38 31 8 41 30 76 190 1 57 154 10 156 120 217 197 95
    17 207 172 156 20 11 226 188 132 94 247 124 151 124 220 100 175 215
    34 159 208 171 164 174 53 78 97 227 154 81 113 195 177 78 96 150 119
    177 70 177 194 123 127 201 122 60 125 60 252 238 178 160 167 22 21
    164 62 153 131 135 9 5 198 148 158 183 78 220 86 241 59 220 215 125
    120 82 38 169 216 230 243 114 51 142 251 130 30 5 215 59 130 237 198
    78 26 171 163 158 136 244 89 21 184 250 97 38 122 97 197 107 156 104
    166 220 202 79 218 63 140 19 16 20 50 52 143 173 155 234 137 132 1
    207 143 15 136 229 112 162 66 186 187 76 144 99 32 252 242 111 157
    170 106 195 124 125 87 99 250 146 245 117 75 198 73 79 98 219 104
    135 193 145 240 16 66 112 145 11 137 39 195 82 94 72 216 49 4 186
    210 197 197 173 124 15 74 24 98 45 232 46 116 110 74 209 199 181 167
    177 15 252 197 26 176 26 45 216 35 136 91 14 244 18 119 47 127 83
    243 254 252 122 19 209 62 27 145 14 63 174 52 62 51 89 18 197 210
    164 21 99 95 56 94 252 10 113 241 146 210 11 85 146 250 243 16 130
    194 212 111 107 108 246 131 59 106 84 54 8 93 221 144 4 245 70 29
    205 110 252 77 40 152 140 163 49 68 205 63 48 79 11 190 34 78 191 6
    89 54 88 33 220 137 232 8 218 44 223 115 189 136 89 23 149 82 64 184
    90 93 194 211 160 98 131 75 113 115 254 212 129 47 158 226 228 250
    214 125 135 83 73 135 234 227 106 116 113 237 22 44 141 89 107 238
    58 39 71 160 172 253 107 133 61 10 18 162 82 164 14 109 67 188 117
    105 153 115 165 76 33 218 21 11 165 138 167 210 108 35 132 6 66 157
    182 126 239 73 130 59 164 152 95 234 29 86 212 201 51 56 2 44 193
    151 22 148 142 156 189 0 105 149 127 1 183 79 82 227 221 217 135 157
    14 0 98 66 251 6 14 170 168 182 99 49 145 204 199 213 66 228 125 157
    160 237 188 193 73 28 95 180 127 84 125 61 141 54 188 96 255 75 198
    208 140 221 177 240 168 150 135 31 20 194 78 103 76 121 160 191 84 1
    15 105 106 113 152 85 196 248 198 74 40 99 54 73 115 156 211 83 66
    102 16 75 165 69 183 177 149 0 125 21 37 49 28 87 22 165 12 83 27
    214 56 103 57 158 50 44 144 215 73 217 117 22 139 194 161 117 158 20
    138 196 243 188 81 168 123 200 166 213 21 66 137 249 188 44 68 62
    174 52 53 224 0 207 166 24 222 36 252 66 203 253 164 90 156 68 129
    182 160 73 223 120 34 43 140 225 93 18 188 6 44 81 13 118 102 12 69
    99 145 15 18 228 18 39 172 145 118 116 109 46 47 6 157 170 142 242
    28 158 47 192 82 69 27 224 113 34 107 134 251 243 161 121 138 170
    203 22 169 9 209 196 192 173 152 181 113 70 67 164 144 82 198 236
    248 193 102 98 20 60 169 118 12 254 47 157 57 228 35 75 245 94 29
    203 144 212 6 74 108 188 222 28 118 18 238 137 32 71 121 107 21 240
    222 31 38 153 240 74 66 138 225 151 36 143 48 102 155 156 100 114 53
    103 187 117 204 81 52 63 158 200 11 231 189 69 55 65 4 112 176 13
    141 157 111 116 189 254 66 33 134 255 140 110 94 240 141 170 173 180
    213 47 135 177 46 55 103 3 22 221 215 220 8 250 164 214 12 169 66 77
    84 54 19 214 87 80 90 212 147 102 153 21 244 236 193 158 2 146 51
    247 196 166 235 17 110 122 165 174 199 11 66 147 170 247 118 162 70
    220 14 140 202 38 137 218 31 181 226 86 22 10 114 127 186 9 6 52 104
    87 91 110 25 93 105 23 211 29 73 53 107 161 4 49 174 181 155 73 70 2
    178 140 136 58 112 252 192 41 236 242 123 27 106 12 90 146 155 91 14
    99 220 253 12 173 49 110 224 193 252 175 63 155 212 191 144 220 128
    157 142 195 201 125 221 98 47 57 101 238 114 117 129 111 253 194 180
    169 168 122 219 8 153 228 234 204 61 233 209 89 235 253 30 244 137
    104 68 157 103 176 50 66 68 30 13 250 161 249 36 106 147 162 20 203
    188 76 200 186 123 249 177 136 178 153 211 108 82 25 16 220 69 162
    33 231 82 27 114 165 25 151 85 160 136 19 93 100 200 248 34 20 120
    20 30 170 23 18 38 164 241 220 27 131 208 90 4 92 190 112 157 159 17
    226 188 70 97 114 196 131 164 121 95 128 136 27 232 62 80 242 170 58
    65 213 18 197 11 153 23 167 229 69 235 183 168 133 155 216 83 166
    116 241 203 227 89 179 45 49 180 101 241 207 12 8 191 16 217 75 44
    236 195 22 180 77 93 176 216 20 17 142 231 102 232 51 98 19 124 139
    202 165 203 85 42 84 10 31 143 14 124 238 171 143 196 133 147 248
    148 39 12 25 215 61 64 188 108 137 159 202 195 250 128 196 101 237
    124 240 162 239 23 183 22 148 173 58 187 208 2 222 46 39 192 129 150
    4 68 108 77 118 42 119 19 25 88 49 230 247 94 6 12 49 7 251 116 34
    97 78 238 83 23 110 231 210 241 213 169 109 156 249 49 225 146 194
    54 23 239 59 176 65 73 144 99 22 178 219 89 218 228 105 252 221 82
    108 168 11 201 110 233 133 191 26 187 135 9 52 131 199 209 96 21 146
    12 28 46 6 10 158 66 39 77 61 44 230 176 109 116 237 49 50 123 170
    177 126 139 5 208 244 81 116 85 130 112 1 167 40 131 108 7 133 86
    192 233 212 197 230 172 220 234 92 241 236 159 66 240 251 73 148 11
    20 253 39 18 109 36 149 223 74 207 87 9 97 142 157 222 211 115 37
    171 17 224 13 236 76 252 86 216 197 34 147 178 54 96 118 24 23 101
    73 102 179 147 87 161 142 107 199 79 154 231 200 224 38 139 172 245
    64 106 225 58 207 225 224 140 69 210 37 203 74 162 98 175 125 229
    209 99 58 72 200 77 219 77 211 212 231 3 175 163 200 225 146 159 253
    60 255 247 125 6 143 25 185 66 88 240 153 8 144 65 81 132 171 129 78
    66 97 172 154 4 97 183 223 162 160 167 253 253 246 121 12 226 174
    131 125 241 120 125 217 203 145 177 185 28 154 45 72 223 216 86 53
    39 194 33 88 160 1 185 66 189 118 177 226 76 121 16 13 95 45 21 55
    84 180 107 150 193 174 7 125 238 11 62 102 218 231 217 245 229 200
    247 128 74 96 33 19 98 90 208 134 185 127 194 23 55 193 63 78 240 30
    201 161 131 40 195 129 44 35 106 7 50 148 104 27 4 200 227 114 15
    117 207 198 218 123 121 196 226 87 20 19 184 42 236 235 182 65 135
    97 226 38 67 126 129 24 218 198 20 41 46 150 31 219 112 244 119 115
    104 183 67 98 14 46 35 89 231 36 235 90 200 236 189 175 154 230 94
    173 32 17 52 19 19 232 166 193 147 155 144 179 142 144 198 92 81 28
    187 58 246 194 40 113 207 141 122 178 195 24 77 57 52 75 166 186 41
    236 240 178 150 100 211 179 40 163 151 132 153 39 62 103 166 113 248
    136 21 105 159 153 12 210 218 94 238 79 179 57 84 161 119 48 42 200
    175 115 30 244 155 160 24 18 16 41 241 213 70 33 201 74 161 247 105
    131 244 75 11 78 87 133 75 251 243 30 155 105 120 144 131 22 180 120
    242 245 18 90 71 138 116 69 140 135 216 238 249 135 174 79 186 129
    74 49 197 205 30 39 198 154 14 28 202 36 22 203 70 166 2 88 100 77
    145 246 175 13 143 19 245 5 12 235 153 103 8 183 163 15 249 0 156 27
    97 205 233 236 205 127 51 73 41 109 159 183 103 34 132 175 11 22 224
    229 45 148 47 98 49 49 38 42 40 70 201 92 236 164 181 162 156 170
    237 41 131 63 111 70 27 195 205 119 53 70 111 176 16 60 183 255 71 4
    106 204 251 114 61 201 31 224 219 217 147 25 9 125 65 203 174 237
    237 217 172 87 33 89 214 100 221 102 251 16 189 25 197 172 120 216
    161 118 247 148 26 102 20 128 120 168 34 197 43 118 60 76 174 161
    206 215 165 13 88 250 105 243 151 217 215 102 171 212 199 61 97 1
    220 18 228 114 232 91 174 117 232 179 219 211 136 203 93 181 160 214
    72 255 171 7 24 165 73 51 138 64 17 100 74 238 83 88 95 106 173 157
    97 18 241 195 131 68 76 248 13 100 184 179 181 76 223 123 231 30 53
    24 54 136 254 87 124 168 97 203 122 230 208 161 179 37 137 200 71 34
    231 42 161 79 56 9 250 231 55 221 84 147 91 146 89 44 190 153 92 26
    104 60 214 231 252 207 226 31 195 149 236 35 56 230 249 125 100 188
    104 154 42 80 183 63 168 17 59 97 252 4 68 250 25 242 226 204 93 252
    83 131 72 104 113 149 196 203 211 154 103 159 57 138 113 146 97 71
    126 119 74 141 106 151 88 14 227 7 29 78 231 119 245 45 7 123 141 78
    158 176 100 3 144 130 74 229 208 43 33 106 166 26 198 31 39 166 207
    159 98 90 198 85 183 40 202 215 180 192 218 59 181 104 158 140 190
    210 67 23 62 252 67 152 69 75 5 119 177 47 243 163 46 233 234 26 70
    20 168 118 218 24 188 137 108 123 171 223 222 232 145 146 248 115 72
    94 228 19 215 11 143 123 161 195 93 106 195 18 193 254 91 80 238 138
    205 114 209 123 64 7 192 52 41 152 31 147 74 227 81 84 253 135 249
    35 216 91 93 200 128 194 52 235 118 38 19 55 3 124 190 57 102 49 139
    141 86 52 163 139 58 49 9 76 39 8 20 91 228 33 68 97 248 115 50 181
    234 133 43 191 0 119 200 160 102 37 59 208 205 234 201 161 90 78 16
    146 67 136 249 23 11 50 146 109 30 225 4 225 4 39 226 141 126 131 28
    84 68 20 143 69 153 137 185 58 187 95 144 99 251 85 160 168 151 240
    212 72 227 222 9 82 133 207 17 14 73 106 59 169 182 30 8 132 42 11
    23 207 120 60 150 239 74 94 154 95 34 42 9 59 166 2 186 132 101 203
    99 206 162 16 30 14 198 19 157 253 181 246 50 98 255 152 223 143 126
    70 225 36 211 182 149 131 61 27 61 147 62 69 136 173 207 85 35 35
    214 97 200 87 199 130 102 113 211 235 172 94 8 50 216 112 243 1 146
    111 210 109 175 34 48 146 49 21 219 206 234 154 146 10 157 255 207
    179 96 87 221 127 32 143 109 198 213 12 127 211 179 35 195 165 131
    16 146 238 218 99 18 103 193 198 83 205 172 188 148 176 80 226 53 64
    210 150 139 53 140 51 185 222 164 163 139 213 21 96 19 85 84 6 41
    157 11 145 56 66 117 147 104 104 159 51 30 103 48 170 132 214 53 0
    206 116 148 35 49 111 222 27 94 235 63 19 233 237 172 143 74 22 196
    211 129 150 208 209 208 40 115 171 110 13 238 145 129 19 210 70 23
    101 1 84 228 227 123 63 174 57 138 170 157 71 22 29 1 165 147 29 39
    158 7 240 37 157 188 34 100 66 1 185 255 149 4 15 41 128 87 1 218 5
    162 52 185 161 138 88 33 218 133 73 84 129 144 158 250 104 160 142
    245 7 38 58 236 196 41 210 200 50 64 171 42 212 41 143 227 31 21 81
    21 0 217 161 71 170 77 233 222 102 77 114 0 224 172 168 236 8 56 0 5
    218 72 35 183 201 153 12 239 245 67 5 120 34 204 150 178 228 240 149
    235 220 226 77 5 0 135 93 44 254 9 1 37 226 52 111 137 20 162 75 119
    140 211 211 176 63 54 56 246 239 120 38 104 250 145 217 43 175 112
    120 91 194 180 222 147 196 104 11 171 199 63 150 79 63 218 94 86 3
    38 201 24 77 235 12 88 236 247 123 7 105 68 46 52 174 57 92 131 164
    72 84 192 204 32 32 91 125 113 165 104 209 117 122 111 78 156 65 146
    114 129 78 137 154 234 1 146 219 196 216 226 200 99 19 216 159 103
    138 26 62 210 35 233 34 215 178 220 2 251 160 139 226 121 221 64 161
    174 205 164 246 178 22 43 40 47 114 112 48 248 82 17 41 183 18 196
    39 173 115 193 107 134 54 109 59 151 9 210 49 150 72 179 9 29 167 76
    19 83 211 41 167 118 99 127 48 75 109 148 148 101 176 140 240 212
    134 165 158 217 26 11 173 52 154 15 123 184 188 215 209 5 29 6 201
    74 5 46 255 71 133 253 131 242 109 94 190 5 41 193 242 151 38 62 215
    22 34 234 35 208 87 119 118 169 147 162 6 223 17 236 162 85 19 114
    28 194 168 214 241 98 43 249 8 179 108 36 61 208 18 54 170 11 153
    221 235 207 194 154 223 33 188 11 243 154 102 42 37 47 28 235 52 12
    142 176 152 26 14 25 6 37 115 229 41 162 150 130 146 140 47 217 99
    54 200 101 197 63 211 131 8 213 23 196 19 180 29 141 216 5 161 118
    202 121 140 32 19 61 85 180 227 224 47 145 198 203 146 30 140 220 13
    121 212 136 238 26 46 187 202 205 120 217 189 42 134 64 155 162 42
    215 112 62 67 79 162 84 252 199 7 185 80 117 186 229 91 223 195 38
    247 109 49 65 58 42 213 38 46 27 38 199 47 248 249 233 150 24 15 34
    53 144 133 195 208 42 176 64 86 233 57 110 55 13 100 174 22 46 113
    116 192 105 196 161 12 219 187 189 213 134 222 51 40 154 61 83 3 232
    41 245 209 130 209 25 22 60 242 158 35 54 38 21 174 171 44 111 212
    63 119 130 153 71 82 183 161 202 17 80 210 70 114 137 219 9 45 187
    117 208 191 212 157 93 104 215 150 222 56 182 145 36 25 4 202 182
    130 10 23 161 122 165 53 107 240 217 82 116 92 215 138 31 29 14 38
    125 34 20 171 74 200 201 49 113 78 114 154 93 145 227 50 129 158 194
    113 141 34 254 223 246 148 77 142 71 155 98 97 58 234 93 120 162 55
    245 55 234 154 174 25 8 244 147 140 74 34 6 156 23 24 8 32 253 104
    151 46 155 182 214 108 12 74 84 142 80 124 108 106 170 176 4 190 240
    22 138 205 47 77 151 75 143 219 163 196 214 42 205 229 116 219 237
    234 108 22 140 105 61 60 137 84 106 201 4 177 249 188 35 87 130 36
    105 158 167 229 183 25 13 162 180 4 49 224 220 155 44 220 242 41 143
    46 154 244 223 198 229 83 99 239 244 8 136 1 221 52 246 38 97 177
    238 215 169 153 146 130 183 14 34 37 154 177 172 4 5 174 85 0 142 47
    104 213 87 219 186 228 170 251 121 67 154 57 186 75 241 174 225 151
    87 48 54 4 44 197 128 223 131 65 49 177 72 78 59 216 243 125 34 17
    148 226 137 58 234 189 11 207 55 251 64 70 30 185 255 194 181 45 22
    101 198 203 45 219 148 11 88 157 64 82 225 63 66 55 240 119 108 199
    240 91 68 246 104 220 171 239 57 7 90 191 195 40 192 49 205 152 208
    234 8 184 238 57 132 128 42 130 153 171 5 62 75 70 117 142 142 153
    93 27 158 203 32 40 141 129 113 134 91 75 37 198 0 98 93 95 214 4
    177 180 44 6 237 96 223 123 177 70 133 177 180 71 57 207 253 121 104
    240 156 103 119 177 253 28 64 164 76 150 17 28 96 10 202 33 138 132
    191 28 60 163 118 158 254 58 103 121 142 178 4 216 17 244 231 55 94
    37 27 60 211 91 219 80 96 93 74 56 248 75 12 62 57 218 121 86 218
    215 88 168 92 49 115 145 177 65 122 35 90 159 200 217 247 63 3 161
    165 75 214 100 129 199 93 225 17 63 88 132 51 176 143 35 2 221 163
    57 228 104 216 20 162 72 5 105 67 75 96 9 233 248 49 110 86 111 164
    163 107 77 128 28 208 55 248 14 186 247 26 235 53 198 36 210 165 147
    29 113 207 59 163 212 40 12 35 28 240 185 28 51 170 254 95 120 156
    44 162 96 254 222 180 12 111 248 131 191 201 254 221 59 23 243 97 85
    132 69 140 139 201 202 164 0 180 23 165 231 72 86 137 26 5 129 20 2
    217 150 168 180 80 48 87 154 163 224 246 209 86 125 75 114 246 77 48
    156 211 155 104 182 20 39 187 236 12 196 58 78 248 55 160 140 86 100
    203 197 105 53 71 235 224 179 20 87 10 228 165 144 110 100 146 240
    254 251 228 213 79 116 48 229 78 226 186 167 80 177 66 242 61 112
    131 6 75 145 121 183 135 159 181 157 236 162 237 33 121 160 76 138
    42 172 186 223 117 113 81 130 217 233 205 178 217 55 64 224 221 217
    229 59 76 182 19 201 195 2 14 49 220 102 151 174 178 208 102 254 102
    227 212 39 226 235 13 159 236 181 1 188 176 61 188 0 69 174 213 55
    17 8 111 140 172 183 200 22 48 6 97 222 4 228 22 81 15 130 179 217
    123 34 162 196 50 183 11 217 84 63 73 70 155 12 127 218 159 203 35
    49 56 159 38 187 68 184 131 221 206 63 159 133 171 155 101 232 96
    145 211 215 119 199 119 231 11 53 100 140 176 172 151 210 60 165 40
    105 111 188 119 105 24 179 214 185 192 98 211 2 187 28 232 220 21
    235 239 160 60 220 170 25 99 19 172 2 51 235 120 108 39 69 210 75 24
    200 189 124 2 146 57 11 226 54 43 11 201 23 106 162 249 73 163 252
    181 44 194 13 168 123 103 238 251 79 140 144 75 120 93 166 221 107
    204 115 136 107 105 216 233 127 118 223 240 207 74 146 231 15 24 42
    121 166 204 50 87 7 248 120 175 195 50 236 200 140 7 1 65 129 0 64
    46 193 255 121 229 171 20 4 58 62 241 194 116 229 183 108 153 203
    128 241 147 48 216 249 26 80 152 163 239 122 154 35 182 73 8 137 254
    186 36 37 98 125 35 65 99 147 2 52 68 141 160 115 49 48 18 113 2 252
    213 118 87 5 57 204 2 122 240 18 75 88 27 121 162 26 9 195 113 42
    246 22 233 119 247 190 174 242 164 121 189 201 75 140 34 226 114 253
    176 35 90 114 68 129 104 145 167 251 177 54 185 167 95 58 250 14 42
    249 94 98 144 23 237 161 110 248 51 175 29 5 50 65 95 36 247 231 50
    194 81 221 191 198 137 94 85 161 220 192 86 13 154 66 143 68 92 128
    47 181 228 89 158 107 10 144 193 31 20 139 21 163 61 139 87 108 130
    71 108 16 109 179 239 117 136 31 128 29 191 60 8 168 243 168 108 215
    95 40 83 14 119 235 35 128 196 82 163 45 45 142 225 171 201 121 31
    178 150 141 119 120 127 34 17 197 38 27 21 77 92 38 198 105 233 155
    246 157 242 87 214 6 75 9 30 214 133 180 218 242 108 153 183 36 224
    194 148 188 196 48 231 253 1 130 254 233 103 76 173 124 32 79 146 91
    38 56 23 26 146 76 197 249 231 103 140 111 98 94 184 243 49 57 253
    103 2 35 104 116 8 51 240 195 227 202 247 74 56 235 1 85 184 116 132
    123 106 159 6 88 152 30 197 98 14 48 76 51 232 180 200 58 54 75 163
    96 127 207 193 247 100 86 199 22 119 37 15 13 54 59 116 244 46 26
    100 110 85 240 103 244 6 145 247 165 48 49 60 166 128 104 32 1 199
    13 97 236 107 43 47 241 219 159 47 230 136 89 116 209 242 56 218 212
    218 98 54 243 187 69 104 218 139 242 231 23 36 82 219 205 179 191 95
    9 46 38 140 193 178 91 166 192 78 28 115 152 89 33 116 186 52 251 42
    50 13 151 109 123 217 252 138 40 135 133 77 62 28 27 52 53 161 105
    211 66 245 9 82 136 199 124 38 25 89 15 236 222 142 135 114 22 192
    22 3 239 176 165 239 54 36 181 133 0 38 194 103 99 18 240 253 153
    198 119 149 28 95 97 54 202 149 106 224 7 195 136 189 110 37 27 235
    54 107 102 44 2 149 188 237 82 206 137 253 239 82 227 78 54 241 160
    228 234 14 91 36 223 152 157 219 162 108 104 80 43 241 235 6 186 30
    9 211 163 105 185 139 5 64 218 220 55 166 1 40 82 224 10 57 28 250
    37 58 38 66 105 217 158 119 110 130 68 147 72 35 47 92 0 14 3 210
    113 9 237 45 250 6 95 12 4 244 119 79 22 51 8 119 131 98 141 1 173
    236 72 86 150 127 116 106 119 0 122 63 26 65 118 117 12 129 191 196
    20 83 62 146 10 55 70 97 202 154 77 189 31 69 238 141 127 189 60 114
    120 123 138 39 104 91 119 42 13 188 242 53 220 131 149 2 96 188 73
    179 72 247 219 226 206 83 204 53 128 51 19 42 73 198 85 242 190 254
    203 79 95 134 60 173 145 93 22 147 192 65 187 139 141 231 159 156 88
    147 253 15 179 121 108 202 82 150 219 69 27 202 46 216 190 91 95 178
    92 234 152 77 242 70 55 164 36 181 101 251 68 53 32 58 109 39 96 169
    70 73 49 81 30 5 188 183 178 166 112 132 67 252 214 228 16 176 222
    144 113 254 161 120 211 60 4 254 68 198 151 100 229 10 169 64 73 236
    183 205 5 59 58 70 242 89 209 104 33 230 157 228 126 131 237 253 41
    111 212 14 173 41 157 196 118 255 53 93 185 139 153 114 14 100 242
    207 6 114 188 122 67 20 149 84 240 165 42 80 106 168 235 71 103 188
    40 97 254 74 138 247 12 173 32 9 235 169 49 36 101 110 85 32 199 113
    251 114 64 43 38 162 21 127 119 44 216 53 56 46 41 104 75 54 122 210
    34 207 59 229 109 191 232 202 82 84 60 129 109 184 232 85 202 204
    142 210 15 214 202 219 147 162 147 8 16 30 243 172 197 129 96 180
    142 152 37 205 203 6 83 87 86 252 194 159 40 43 11 99 206 154 228 41
    236 13 137 19 167 164 112 249 75 159 29 174 168 28 26 15 136 229 73
    38 88 152 195 93 203 12 87 48 236 179 58 182 188 151 211 231 150 158
    235 9 157 149 64 185 150 69 163 41 92 41 216 231 75 172 116 28 227
    139 119 42 128 82 57 84 93 12 211 235 62 213 149 72 146 38 66 54 61
    23 209 231 4 4 200 238 206 168 37 107 138 37 255 193 164 216 88 148
    157 23 187 19 67 112 238 150 43 109 89 182 128 64 167 204 79 205 205
    60 232 68 85 203 32 214 8 219 166 176 51 112 213 227 149 124 148 32
    47 171 148 143 172 198 42 226 175 217 15 112 83 158 47 119 97 98 46
    221 254 254 77 53 54 227 131 177 200 144 192 129 107 69 162 150 6
    196 86 222 177 121 190 220 46 79 170 138 246 15 167 41 224 19 180
    255 112 142 60 173 222 163 248 180 149 207 180 68 197 104 127 184
    222 114 153 93 230 114 245 6 61 67 99 162 201 183 163 101 61 71 103
    216 9 36 40 103 128 133 145 245 178 36 216 28 25 12 146 28 225 171
    129 230 128 72 156 134 152 6 43 105 182 196 43 33 198 201 141 87 231
    16 118 216 65 7 230 98 182 100 177 100 2 165 145 1 65 0 163 79 215
    160 251 46 145 13 42 79 148 0 34 87 230 152 189 94 159 110 161 202
    164 240 21 245 176 97 197 235 54 209 118 2 137 165 119 188 56 41 203
    24 232 214 106 164 149 16 107 120 233 122 179 39 26 113 167 97 157
    44 45 189 175 216 89 77 92 190 209 86 139 52 117 196 11 126 75 234
    45 93 232 195 21 48 98 236 15 156 146 31 200 139 254 194 74 166 213
    82 98 252 243 52 140 61 147 200 126 4 91 191 96 52 205 153 136 185
    116 250 13 183 235 233 220 68 17 226 110 9 72 119 183 156 192 65 41
    54 213 90 66 216 31 76 168 2 51 202 89 197 46 81 212 155 31 207 97
    123 100 88 168 60 92 109 3 145 30 244 226 65 15 93 70 7 107 156 81
    45 118 116 16 130 193 118 170 150 186 107 52 126 140 148 149 120 142
    249 31 55 234 108 162 243 23 95 129 7 163 72 190 237 58 15 234 174
    111 58 217 46 92 67 4 105 201 63 73 161 200 90 212 112 7 201 5 59 33
    55 26 57 75 34 179 32 225 224 22 221 190 109 240 234 111 171 251 15
    182 181 68 143 78 62 62 66 106 162 166 24 114 9 164 79 86 252 4 103
    176 190 43 170 104 217 169 97 100 57 82 101 26 163 184 31 12 43 240
    89 47 11 190 186 111 139 135 105 47 183 158 23 25 197 240 79 162 248
    174 11 114 102 95 140 229 123 186 17 249 146 172 172 128 20 12 240
    166 60 88 191 47 180 135 62 85 18 25 133 118 136 159 252 7 53 28 246
    118 224 77 79 35 170 138 178 169 66 186 172 158 127 199 147 105 75
    134 11 0 104 141 56 144 3 235 135 13 209 213 200 96 132 50 22 150 40
    139 189 30 7 146 154 16 159 164 10 66 35 197 78 77 3 230 247 38 99
    152 86 49 198 9 119 248 193 14 0 37 109 13 37 2 226 228 87 115 200
    195 164 196 203 178 55 196 55 203 246 154 249 191 9 135 71 62 43 24
    100 197 49 73 59 66 83 166 23 190 92 109 229 40 21 212 58 20 12 202
    35 59 58 136 26 147 175 16 87 241 62 116 145 74 97 158 236 190 11 18
    172 48 244 116 140 67 48 172 245 75 223 20 128 26 93 219 156 5 160
    44 139 14 136 246 130 100 107 166 6 12 31 163 106 8 184 199 137 201
    181 88 15 150 108 214 225 187 252 41 214 162 212 100 207 89 168 182
    43 132 6 65 199 27 19 239 146 116 132 151 206 184 4 44 49 183 70 41
    35 148 89 173 52 12 109 238 165 73 224 132 88 92 13 204 98 209 189
    157 132 139 96 206 188 112 44 52 26 188 185 223 89 95 253 61 246 119
    159 239 80 159 69 25 73 250 97 134 25 182 22 140 138 248 197 203 149
    195 167 230 37 128 117 34 112 242 235 9 196 36 243 236 107 67 146 62
    77 58 228 38 134 61 22 245 236 242 89 70 28 252 50 222 199 59 153
    212 131 179 139 229 252 193 70 225 238 51 100 229 201 100 5 232 144
    137 24 138 90 188 150 29 63 32 202 130 120 249 143 90 68 88 117 90
    204 164 69 218 89 103 95 251 180 247 65 49 225 242 108 184 11 154 81
    67 225 122 78 115 37 136 60 81 104 52 239 93 71 5 251 32 192 166 104
    204 37 27 206 157 209 92 223 42 60 48 20 246 208 21 200 147 5 199 16
    243 189 33 40 93 89 216 212 121 20 208 55 226 225 56 182 118 158 80
    218 237 11 44 180 17 70 92 109 195 151 153 89 131 206 185 144 153
    180 62 147 192 14 73 54 218 7 152 143 201 211 67 186 108 214 66 227
    35 248 187 210 117 63 75 193 189 255 159 104 40 214 25 185 41 189 32
    18 9 27 4 87 172 189 104 109 149 114 38 105 171 167 147 238 210 245
    167 188 68 237 167 40 30 253 253 129 20 60 157 206 200 81 90 135 164
    4 187 223 57 157 182 151 77 193 234 77 244 204 253 144 181 19 199
    235 43 137 138 240 250 56 173 70 205 171 148 222 45 76 59 84 227 131
    176 103 216 60 148 37 88 50 191 120 126 104 60 112 117 237 221 250
    21 213 32 212 134 141 31 183 206 173 164 204 194 92 235 180 166 217
    64 160 66 128 254 101 98 9 47 131 43 17 125 242 24 89 81 55 41 246
    174 182 85 249 194 77 133 86 27 213 205 242 169 83 255 2 163 36 94
    21 105 142 221 44 7 169 73 71 29 13 121 209 149 188 16 150 90 31 97
    225 97 102 150 213 65 103 228 133 93 193 247 190 171 239 45 117 218
    201 190 179 85 180 202 27 91 63 224 224 227 234 154 91 109 225 208
    12 95 183 253 177 116 109 161 70 120 254 199 43 198 55 62 49 104 85
    46 176 116 5 47 193 212 148 86 29 224 46 113 92 150 152 31 7 227 128
    204 181 55 49 154 214 170 81 226 23 74 113 92 13 241 51 203 237 20
    23 74 44 26 94 85 86 190 120 18 230 253 68 228 59 104 101 246 142 62
    37 131 205 154 134 106 131 224 190 102 107 52 209 99 102 199 104 191
    221 157 25 66 163 135 12 40 45 132 39 242 187 158 145 3 194 193 233
    150 145 139 67 237 70 88 163 198 90 179 210 92 20 60 92 47 75 46 197
    7 39 228 252 200 230 239 61 155 255 17 178 160 170 193 53 48 17 154
    168 160 40 155 25 11 118 164 163 224 131 156 203 226 157 236 141 223
    154 92 156 204 166 3 154 72 213 121 177 225 216 78 222 12 116 108 48
    251 153 164 219 166 34 180 119 34 100 71 130 137 52 245 186 83 115
    241 68 207 111 192 143 230 100 141 87 69 231 138 73 28 95 190 173
    197 80 108 55 230 199 109 110 84 104 240 251 171 64 126 71 97 238 84
    36 43 213 179 42 145 58 70 119 242 37 124 220 157 162 189 217 190
    237 188 201 220 98 57 86 115 234 61 199 190 146 255 39 221 133 178
    83 41 47 234 126 152 93 163 41 91 186 13 145 137 10 96 38 97 155 51
    128 122 31 48 81 150 37 101 51 155 50 33 254 61 161 217 145 228 248
    76 152 23 214 204 100 224 136 36 178 142 93 59 39 14 18 49 192 247
    87 99 163 145 20 14 117 138 146 160 42 17 183 105 244 161 213 113 28
    53 137 177 153 11 45 159 224 127 14 98 167 171 127 130 232 156 141
    221 65 215 217 70 27 151 151 202 154 235 180 37 21 198 136 95 44 118
    173 219 58 201 241 186 107 185 143 88 242 35 239 8 182 38 173 114 61
    198 47 80 220 119 190 235 106 229 176 202 84 215 81 93 122 115 177
    109 156 20 27 222 17 51 202 194 56 204 53 174 199 190 191 218 63 169
    44 22 24 228 210 165 119 242 218 127 170 217 103 62 224 1 13 86 80
    193 223 22 111 101 161 210 133 80 7 57 170 21 104 131 130 203 148
    158 132 151 238 64 70 96 45 145 90 11 50 248 28 39 70 148 109 74 111
    156 198 187 188 158 190 115 105 205 47 35 145 243 97 145 8 156 210
    25 158 19 132 39 38 74 171 155 71 83 9 136 251 48 255 200 103 178
    152 67 9 201 54 35 233 254 165 2 246 218 140 225 109 38 73 125 76
    244 66 22 171 209 72 251 110 177 152 80 140 59 83 96 29 88 227 136
    145 35 128 104 238 152 47 96 183 5 232 193 57 235 148 90 225 3 216
    247 90 219 37 124 81 1 203 152 2 202 194 188 108 40 99 238 224 200
    32 242 137 142 65 121 177 66 49 205 10 150 219 103 129 65 10 93 156
    226 48 21 18 39 40 250 117 23 168 110 20 0 3 100 175 249 95 225 87
    25 91 70 23 106 81 89 22 182 23 161 57 155 94 236 199 246 246 216
    223 197 67 99 126 239 112 162 177 80 75 101 143 58 58 6 123 161 86
    22 70 211 35 75 33 199 253 173 216 217 231 49 28 248 45 33 127 123 7
    114 119 175 122 229 61 91 130 77 86 211 234 218 208 252 57 250 86 1
    130 190 89 113 104 78 120 245 141 73 136 150 9 186 128 53 98 12 41
    241 109 85 100 123 167 247 162 38 182 1 228 185 19 228 210 80 109 42
    96 243 95 31 93 9 162 98 39 13 67 8 161 253 242 164 186 43 53 212
    148 224 182 108 83 15 50 106 222 198 186 24 236 104 208 153 103 109
    198 36 118 22 144 117 167 215 3 75 57 179 165 182 27 87 141 210 29
    151 247 42 194 44 108 129 134 67 241 0 73 76 4 66 1 43 140 188 137
    147 94 95 115 55 77 10 151 223 61 173 154 123 8 10 222 55 6 239 97
    188 53 151 233 19 155 235 81 97 186 93 196 177 81 12 16 129 15 13
    181 107 102 208 247 116 220 183 125 102 14 149 73 228 142 62 89 1 95
    42 255 98 204 46 10 2 28 108 178 136 185 107 165 19 192 113 52 252
    42 207 86 51 80 150 104 51 11 158 175 35 172 121 137 13 217 59 91
    101 106 201 60 61 200 86 163 137 149 200 138 225 85 197 32 181 11
    223 56 130 188 143 211 79 203 167 100 236 30 198 47 105 242 97 25 76
    213 188 108 186 228 45 124 111 184 118 124 64 86 178 41 138 242 195
    74 247 237 215 58 193 38 191 237 248 230 2 240 63 249 2 125 200 86
    192 79 94 145 132 19 238 26 221 42 76 89 140 113 13 176 72 121 123
    251 58 50 42 214 111 70 54 47 60 149 90 130 51 77 204 38 73 196 202
    107 237 107 106 203 2 253 190 169 132 30 13 118 238 73 103 182 194
    221 171 69 47 233 23 99 234 7 61 76 66 128 31 151 194 136 0 224 11
    77 50 31 181 62 175 34 40 230 227 4 219 208 98 216 126 214 67 61 72
    105 112 75 0 216 59 79 215 3 6 174 7 227 118 166 204 125 234 201 143
    49 111 200 70 101 128 82 167 95 197 94 38 33 205 169 98 169 21 74 29
    71 32 137 55 82 189 182 8 180 178 98 63 199 198 181 7 180 7 105 137
    80 234 218 72 152 220 25 48 253 130 95 177 142 235 74 96 145 143 247
    239 140 26 64 70 79 107 236 153 194 60 76 165 67 138 122 105 48 24 9
    17 200 85 206 8 19 185 248 15 7 165 128 203 243 14 14 39 192 145 120
    209 141 59 50 211 105 133 209 183 220 197 106 142 131 75 20 94 43 79
    86 141 57 173 204 100 215 106 17 121 147 142 167 107 94 68 66 244
    172 255 141 118 193 45 156 3 9 87 65 55 130 18 237 147 217 249 253
    40 250 247 99 21 43 142 19 221 200 82 17 236 224 66 74 225 137 120
    206 222 146 105 220 200 123 197 108 88 7 138 170 8 144 93 130 95 169
    178 29 180 69 70 117 145 195 203 101 218 211 254 208 127 46 62 107
    194 138 84 128 106 60 179 50 4 7 229 85 104 2 207 183 115 115 231
    230 224 8 59 10 226 92 198 73 234 191 52 109 122 107 103 220 233 132
    134 167 240 14 185 211 12 49 133 165 100 65 111 120 60 61 192 82 170
    49 190 57 73 103 183 7 28 208 16 149 69 138 130 177 27 72 26 218 205
    171 176 65 181 115 73 150 101 238 219 87 65 189 95 144 153 87 31 138
    187 21 193 214 80 186 231 21 199 112 10 162 196 69 60 252 42 194 179
    209 164 171 10 34 223 48 129 93 201 233 213 204 41 43 231 84 248 124
    113 212 60 193 31 131 134 75 190 226 249 255 196 87 113 200 214 174
    211 26 211 4 235 1 23 127 252 167 38 2 136 197 186 250 100 74 61 100
    58 152 232 191 50 146 110 121 232 227 65 165 225 205 142 59 185 205
    209 207 219 170 8 83 225 17 213 149 144 170 32 239 88 220 247 3 57
    126 111 99 56 18 11 76 95 255 174 92 129 68 182 117 90 10 60 67 70
    237 164 6 141 38 160 127 134 115 78 6 94 20 122 79 85 181 228 105
    215 229 11 218 80 231 241 92 17 125 8 110 61 209 2 46 51 59 189 227
    47 40 116 57 220 115 124 114 86 91 133 116 132 188 182 88 137 115
    132 215 68 124 152 32 142 211 188 131 17 248 189 234 10 207 72 166
    69 28 1 46 132 126 52 168 157 116 18 14 176 197 144 29 213 37 16 88
    229 106 89 115 163 46 149 145 141 10 213 50 185 129 70 29 139 148
    189 190 198 27 114 22 21 138 227 95 126 157 56 38 200 12 28 146 26
    39 82 152 211 238 105 21 69 58 33 143 105 226 147 180 25 20 248 56
    145 109 185 2 58 201 138 118 24 153 39 5 228 15 156 227 244 109 89
    12 99 50 199 92 44 242 154 2 114 107 128 152 50 8 38 130 164 210 215
    210 14 184 116 231 73 227 163 213 108 125 181 64 99 84 87 3 18 108
    40 210 60 156 10 227 73 128 100 87 167 188 170 109 88 243 119 217
    163 23 203 110 194 1 18 106 82 69 144 229 95 32 123 168 46 155 81 16
    164 216 229 149 34 251 240 253 192 188 65 107 85 243 15 6 217 157
    166 9 122 9 213 229 106 89 94 235 169 197 56 62 128 193 124 163 135
    118 138 124 173 44 1 251 214 158 170 81 9 64 40 134 207 125 190 151
    237 44 33 152 184 132 36 255 186 37 142 147 136 244 84 44 238 98 112
    18 63 46 53 66 23 156 88 162 102 231 175 141 207 133 227 238 91 196
    248 80 152 108 16 139 243 213 185 125 230 160 31 93 159 99 250 192
    228 19 189 68 177 75 82 78 79 152 179 61 247 157 78 44 68 243 198
    133 44 238 139 18 25 45 32 149 81 148 213 167 118 54 62 175 200 56
    72 65 174 56 239 221 213 161 99 240 245 99 27 238 221 176 32 191 83
    221 244 160 145 188 235 147 154 129 229 108 238 156 108 166 117 119
    25 25 182 86 94 51 208 167 88 60 55 26 92 162 225 30 202 235 169 164
    166 142 122 249 108 38 123 174 22 196 43 119 228 171 38 207 189 202
    167 172 143 195 88 103 20 61 182 172 14 179 224 4 98 183 242 93 121
    242 62 158 116 168 27 197 35 154 57 211 158 39 156 28 99 192 33 30
    191 40 211 150 204 156 58 185 193 235 98 175 133 125 38 203 199 151
    217 55 112 121 42 59 145 173 87 85 166 166 154 165 56 198 24 108 193
    56 254 117 123 158 50 68 255 63 244 215 84 9 45 238 238 239 115 53
    144 3 217 110 69 96 32 213 111 31 247 204 4 74 204 165 184 150 88 88
    79 0 206 173 19 66 71 101 250 134 141 214 126 15 118 230 131 143 170
    88 87 179 225 132 180 213 143 57 184 129 106 87 225 208 108 254 123
    254 42 185 93 235 20 155 97 168 72 221 241 192 53 188 5 234 154 237
    38 192 74 86 61 27 253 70 79 111 28 199 57 172 111 247 21 158 18 53
    223 190 248 116 248 222 223 247 15 141 110 210 147 143 237 39 3 168
    9 247 29 191 206 201 215 51 173 229 126 108 107 193 159 159 225 186
    148 174 59 153 61 230 124 28 122 87 133 191 145 165 175 222 80 35 75
    144 229 156 56 186 120 52 42 43 168 104 13 224 122 161 50 155 33 244
    182 106 57 198 44 142 9 114 234 69 103 131 87 183 61 101 97 99 37
    184 193 63 240 117 65 241 26 223 13 129 182 235 42 105 149 251 195
    131 106 17 153 151 17 40 147 150 218 245 110 177 204 191 18 26 23
    207 42 196 103 154 179 143 17 232 76 151 9 54 72 198 160 142 166 66
    20 127 80 221 185 141 215 172 195 219 93 11 212 155 63 98 172 207
    240 51 87 147 81 66 240 139 241 223 215 185 236 88 11 218 47 226 31
    30 33 254 184 134 232 8 214 108 229 162 138 121 90 55 78 180 117 93
    120 143 50 80 123 45 158 152 66 46 206 200 155 90 46 122 75 240 183
    233 97 140 12 132 66 14 74 105 191 238 178 178 59 0 108 92 194 105
    29 68 35 170 105 89 105 138 150 99 132 131 243 57 209 173 109 13 235
    221 33 103 192 31 255 113 183 213 128 81 203 126 66 80 52 114 159 4
    71 220 4 160 111 171 84 35 213 243 23 115 231 170 232 61 168 181 162
    171 85 202 251 80 190 229 111 82 186 108 129 102 66 253 208 79 106
    45 191 150 203 252 131 252 74 232 13 88 245 19 116 160 23 205 238
    190 223 21 229 42 7 181 111 103 111 83 176 187 54 3 198 249 240 75
    69 37 217 114 88 99 132 195 105 181 157 247 143 90 192 195 239 237
    215 201 34 136 22 55 14 160 159 17 73 34 255 147 1 146 71 171 75 229
    4 212 63 180 105 232 209 164 239 37 181 53 232 16 100 164 43 42 159
    59 72 235 132 137 230 252 182 166 211 163 231 216 196 139 254 103 72
    93 144 151 22 212 70 217 99 44 44 245 208 110 243 79 217 67 76 246
    170 48 38 85 108 130 252 176 180 240 114 155 253 115 127 205 125 53
    214 138 29 200 22 76 97 236 11 166 177 167 136 134 20 170 195 119
    233 18 204 21 90 12 195 152 125 97 174 180 242 236 104 40 182 130
    126 150 27 36 119 111 9 172 50 10 198 55 208 120 207 92 81 209 24 77
    42 120 217 240 89 17 16 15 149 103 203 51 105 246 70 147 138 26 33
    192 138 157 85 21 148 41 138 32 185 20 150 99 24 65 245 94 121 223
    58 51 225 159 148 87 150 249 174 103 51 108 50 200 243 32 232 190 43
    173 190 127 149 137 31 185 236 87 251 28 226 22 106 75 18 245 182
    166 39 251 122 76 117 105 49 196 186 112 171 91 125 199 80 141 190
    233 244 74 58 218 192 194 249 197 226 92 240 18 141 0 232 60 248 22
    87 230 224 162 96 207 139 99 64 109 58 155 80 27 208 235 100 10 232
    127 207 17 93 14 190 52 127 243 34 65 13 205 237 54 50 6 243 104 94
    140 117 64 21 64 199 250 170 117 61 53 198 116 236 112 114 218 191
    154 116 165 135 220 59 127 228 191 73 204 127 41 148 20 10 195 48 30
    204 8 32 187 245 113 254 183 131 144 194 174 80 91 37 60 157 66 237
    109 14 102 253 194 254 118 104 180 149 162 176 135 153 215 98 165
    113 77 120 121 149 109 213 107 113 133 44 133 208 94 184 34 224 62
    50 254 103 73 18 247 163 80 242 135 144 19 90 180 248 218 89 181 148
    96 28 167 46 245 188 84 254 59 145 234 185 154 141 121 213 92 91 177
    21 70 194 232 217 71 216 123 58 143 88 66 2 54 55 190 74 26 223 66
    99 58 140 196 28 65 68 111 52 226 84 162 243 157 124 161 81 145 42
    100 82 181 99 55 53 213 83 41 177 33 123 14 20 54 121 25 83 183 156
    155 80 253 36 77 125 46 254 190 58 23 122 149 190 221 59 174 204 108
    204 39 236 70 56 171 82 237 75 174 255 228 244 168 251 68 229 89 71
    214 61 242 204 48 237 58 124 174 62 148 73 35 149 81 169 9 49 211 12
    105 90 158 153 138 231 108 65 96 218 184 235 42 91 189 174 224 62
    146 17 69 201 153 96 101 146 220 175 36 173 194 103 139 232 244 124
    54 31 82 222 255 75 189 232 106 47 32 223 99 218 94 102 11 62 228 44
    241 233 226 84 14 144 44 71 220 225 53 89 166 177 155 76 15 108 36
    18 163 209 48 53 8 0 175 133 253 142 101 219 178 14 41 162 88 30 216
    24 132 36 21 225 89 253 133 236 33 135 96 121 51 104 130 48 157 91
    164 213 239 162 134 186 47 233 65 202 249 229 49 3 24 53 75 0 62 124
    121 108 122 194 85 219 252 82 197 48 52 21 130 151 218 43 95 0 175
    140 62 95 226 117 70 16 91 46 81 49 100 74 70 242 222 110 242 3 196
    67 234 43 64 71 107 224 201 89 20 244 24 187 154 17 91 189 253 189
    177 215 154 94 76 186 65 216 160 24 14 178 144 14 40 73 214 255 75
    27 161 171 130 1 101 89 145 230 243 130 145 16 16 252 181 108 180 25
    151 55 15 212 142 183 45 58 47 85 90 125 106 50 116 139 99 130 173
    243 64 121 203 35 201 232 226 216 60 205 15 93 154 189 17 51 187 79
    40 14 27 67 243 28 177 158 211 237 252 121 68 194 169 28 125 29 201
    233 241 10 209 93 235 87 105 141 133 13 236 232 255 6 79 23 67 60
    106 27 221 151 139 250 194 25 39 87 250 75 48 192 15 27 78 102 109
    59 147 30 70 120 195 188 93 248 5 126 71 196 54 41 154 28 185 89 149
    238 39 121 203 123 127 146 193 5 76 154 131 162 192 93 24 220 59 164
    12 181 69 85 244 93 243 22 17 172 147 212 115 189 191 79 195 144 49
    25 48 143 61 252 14 105 5 126 254 155 226 98 200 195 227 108 244 0
    184 163 95 1 50 147 65 149 159 19 31 219 175 188 170 0 68 104 48 217
    184 239 151 189 33 49 136 58 66 208 74 187 85 22 118 168 240 151 201
    203 62 219 13 115 16 75 51 164 240 7 138 168 61 120 192 9 63 188 118
    34 21 150 101 168 188 138 152 69 226 58 44 157 177 180 154 239 165
    69 228 183 66 186 205 89 94 120 161 137 123 150 18 216 100 242 166
    86 218 165 101 74 241 247 200 139 225 198 47 242 132 20 179 96 70 25
    68 223 23 124 110 116 132 254 119 240 154 217 128 191 35 215 68 245
    247 45 52 199 228 187 112 123 88 98 88 73 245 165 215 246 247 2 5
    128 252 169 126 226 122 165 215 69 60 110 19 228 189 181 225 240 48
    124 199 96 172 182 55 230 143 221 254 123 83 238 18 85 146 2 146 43
    39 247 31 143 205 248 172 184 172 102 54 120 194 209 61 83 240 174
    216 43 255 36 230 95 184 211 145 12 196 31 217 153 130 107 48 183
    205 231 165 219 241 152 54 18 199 71 149 195 107 41 57 226 29 10 62
    136 216 255 215 192 54 92 166 202 184 123 115 252 219 83 38 252 126
    89 160 107 36 201 100 65 52 196 242 79 253 153 145 233 160 212 6 185
    158 16 93 20 107 46 94 163 15 100 181 245 238 101 228 132 237 148 45
    24 160 162 144 81 24 95 92 59 161 78 98 0 28 132 110 147 155 81 171
    34 69 178 92 103 83 50 41 187 189 116 186 108 174 230 110 226 214
    217 203 121 185 196 113 94 139 221 39 199 138 1 6 187 222 91 234 114
    255 144 172 127 23 196 0 223 57 87 84 7 167 104 77 110 157 48 179
    206 60 234 101 216 128 31 197 106 183 10 58 249 123 150 251 128 227
    97 248 118 118 69 127 47 151 108 61 238 226 176 156 62 79 205 42 105
    58 222 57 116 222 174 222 70 249 192 123 194 89 26 118 110 29 125 76
    109 117 221 159 38 226 14 171 150 166 105 130 200 73 87 232 165 221
    159 59 74 142 222 107 5 207 191 53 138 84 98 121 240 202 157 118 110
    13 106 142 157 75 110 228 86 171 73 209 32 92 208 1 85 41 151 28 140
    200 144 24 197 125 99 9 28 112 211 186 12 234 155 208 98 223 184 95
    163 81 4 239 76 5 173 93 150 246 73 103 208 114 0 253 42 38 196 51
    219 207 24 234 211 165 113 62 70 19 128 125 129 97 60 57 200 215 130
    6 70 112 71 236 125 210 191 82 163 69 199 51 128 18 18 113 136 22
    146 39 109 250 136 195 88 65 100 251 100 178 116 169 35 2 239 121
    118 160 25 68 172 161 85 213 209 132 59 30 100 202 254 40 235 184 37
    238 206 20 146 53 154 252 97 43 217 51 92 36 21 156 31 56 206 138 5
    79 190 154 3 42 211 116 94 122 74 14 137 159 166 250 192 230 198 66
    6 190 80 67 143 246 222 174 149 209 134 132 50 26 143 229 111 199
    137 177 189 47 110 178 45 99 112 24 39 51 216 23 183 1 134 0 34 47
    14 163 43 240 167 100 233 31 35 65 9 247 168 20 28 73 131 232 251
    123 83 12 228 169 114 80 84 188 61 55 52 215 236 14 10 0 215 183 237
    0 89 20 84 125 110 187 244 163 47 88 165 53 17 77 30 228 137 11 49
    68 184 68 77 13 209 60 0 210 229 88 220 199 41 66 251 136 68 99 76
    70 148 127 240 27 241 159 82 34 0 89 123 58 142 4 133 4 191 16 157
    133 91 127 255 32 31 104 49 25 59 189 210 222 19 79 92 5 32 195 239
    157 165 191 229 237 147 171 216 190 249 5 175 198 24 174 125 219 169
    212 206 5 26 195 192 24 46 123 2 188 208 119 14 70 205 18 103 7 190
    95 174 162 221 230 197 112 59 176 38 118 73 87 138 135 206 95 178
    112 22 252 37 9 43 15 171 210 198 72 0 206 6 74 43 173 128 126 142
    80 92 65 233 9 96 30 37 27 78 187 110 237 27 41 71 219 156 27 144 65
    67 163 85 10 50 32 140 218 47 29 64 32 15 45 73 152 29 168 63 253
    180 96 79 141 136 194 95 89 51 20 120 174 150 104 184 247 121 158
    191 179 67 247 195 71 214 180 17 6 227 110 225 43 194 197 111 28 116
    0 35 27 158 50 170 48 185 180 107 87 249 135 208 241 32 151 199 25
    216 42 155 76 239 240 200 227 169 31 32 184 148 167 249 252 151 125
    135 189 140 202 85 242 205 60 236 212 23 196 47 38 80 33 213 78 158
    247 236 87 100 195 87 95 30 163 220 244 240 153 137 116 108 50 106
    19 76 228 59 77 118 254 39 15 100 183 230 72 31 85 61 34 218 222 162
    79 81 231 100 65 241 219 141 69 162 187 81 107 55 160 17 45 141 71
    64 177 125 142 149 39 151 16 151 54 14 186 220 16 234 138 244 146 57
    236 53 63 213 142 253 58 227 214 218 23 117 107 183 146 211 89 165
    138 61 31 101 109 187 82 125 175 198 152 253 63 157 101 227 164 76
    51 222 184 40 131 29 6 118 159 252 96 76 247 128 15 35 203 108 84
    172 62 116 83 241 66 249 148 5 23 220 120 5 49 49 232 106 252 78 117
    144 255 241 207 249 59 122 139 78 143 228 123 48 182 203 149 225 197
    93 111 94 45 209 216 135 138 215 2 149 241 118 40 42 145 126 98 153
    40 168 91 219 192 110 49 186 210 174 185 121 177 7 24 186 15 197 130
    98 242 218 118 38 166 54 101 40 184 254 60 32 170 40 87 239 225 102
    58 223 57 186 135 127 160 42 208 92 101 154 168 25 96 187 38 101 189
    33 123 35 145 249 116 200 96 228 43 22 219 255 10 205 44 178 196 119
    156 102 63 254 112 138 176 71 190 23 139 154 183 45 228 0 43 145 125
    100 119 145 125 222 14 58 228 181 113 106 144 14 49 253 254 196 52
    89 14 35 70 100 226 253 62 145 215 22 127 212 10 6 142 230 0 214 103
    232 255 7 99 197 189 15 21 227 221 131 212 186 234 62 227 226 118 21
    247 158 66 203 1 55 173 47 17 103 99 31 6 53 40 174 175 117 253 84
    121 88 92 125 253 212 3 236 208 168 87 175 181 46 195 175 4 40 67
    217 111 182 133 216 174 231 197 106 52 124 28 26 124 30 123 97 71 52
    111 37 81 232 143 123 168 101 178 66 214 241 113 212 139 138 80 113
    240 38 241 32 64 106 108 14 80 172 4 195 80 68 126 98 166 215 39 139
    29 172 106 208 205 244 205 94 160 200 68 250 195 180 148 27 185 18
    100 236 155 41 108 221 69 11 177 196 72 187 248 154 101 95 152 211
    138 29 250 24 42 134 87 117 121 247 219 58 162 77 220 237 248 88 146
    192 33 178 207 41 255 44 220 124 208 237 76 73 52 240 60 28 180 42
    38 111 166 77 175 23 63 185 130 15 253 73 55 222 130 53 19 108 84
    242 235 152 168 81 103 163 139 152 63 195 45 67 35 9 185 250 195 219
    132 194 0 84 75 234 216 38 14 177 254 8 238 21 137 32 250 218 32 71
    85 23 10 175 14 57 79 24 90 194 87 218 176 41 79 147 56 197 65 244
    11 134 119 81 43 175 18 249 119 110 13 7 77 27 15 225 14 154 239 248
    199 202 159 181 73 161 7 132 226 76 194 52 8 124 248 142 5 59 205 38
    208 91 182 202 209 114 113 174 104 41 215 45 179 238 43 153 202 85
    135 75 51 244 180 170 160 17 76 111 100 33 179 191 194 57 114 70 44
    71 111 205 9 229 2 119 41 24 29 161 60 18 250 168 61 254 209 135 246
    157 100 208 32 93 67 192 168 21 154 68 189 173 45 19 211 33 2 134 54
    235 175 220 62 81 18 91 244 54 101 136 250 204 144 182 173 130 182
    70 152 124 70 201 205 246 233 76 236 9 54 147 164 89 156 1 69 185
    226 4 163 200 11 80 136 184 230 251 139 9 119 135 109 2 210 72 53 27
    84 195 70 9 119 120 91 70 224 146 112 21 46 101 140 200 20 27 185
    171 239 116 25 23 143 213 141 180 17 6 184 19 78 235 205 148 215 130
    91 253 151 149 97 84 48 159 129 22 116 53 67 0 90 23 171 157 240 227
    29 66 25 128 69 85 186 255 132 51 116 92 141 227 237 17 200 224 164
    163 187 4 249 73 242 190 67 33 240 152 198 52 229 166 56 32 101 137
    73 72 8 73 27 10 122 21 96 241 35 244 225 24 51 235 234 64 188 246
    207 195 30 254 193 41 33 122 29 254 92 205 254 129 120 19 110 61 161
    49 107 128 1 12 146 226 45 127 31 189 251 243 49 81 237 239 119 103
    82 133 135 94 45 186 93 189 213 93 102 105 1 185 85 219 232 224 88
    157 60 219 59 114 248 211 119 72 255 116 117 4 213 53 220 177 74 93
    41 183 10 161 96 120 206 148 32 21 104 228 62 16 105 239 221 254 33
    232 216 122 111 239 130 189 30 211 38 245 169 157 80 83 133 211 111
    224 0 108 176 57 66 31 76 232 240 239 62 92 66 114 146 94 50 204 153
    187 68 153 252 217 229 185 202 128 235 127 140 216 251 39 174 106 20
    91 6 85 165 107 215 248 34 57 25 175 228 174 192 136 52 203 16 111
    200 145 165 187 196 206 195 103 57 187 206 62 221 188 32 22 46 170
    155 85 96 161 171 17 10 109 192 25 204 196 71 2 235 93 21 255 94 163
    50 1 153 151 165 220 42 113 232 47 157 182 36 34 128 227 37 191 38
    104 17 60 38 204 170 62 231 103 56 199 17 94 0 47 70 56 195 89 35 67
    49 215 166 128 139 57 230 57 186 123 53 153 17 33 219 133 245 156 25
    40 81 77 203 242 8 22 169 192 44 5 137 1 54 185 1 173 111 60 120 82
    29 203 38 199 44 12 44 44 20 98 96 34 129 44 115 75 18 130 202 137
    89 76 206 109 160 178 26 153 118 228 249 173 116 84 158 140 168 81
    25 138 190 91 69 144 47 200 220 158 152 232 129 237 168 21 123 155
    190 120 215 166 216 237 163 53 251 222 83 231 79 221 74 180 59 185
    69 221 223 55 181 7 235 192 34 0 227 224 68 155 92 69 167 243 120
    117 144 252 78 94 224 207 27 84 88 157 13 142 51 242 152 26 186 139
    240 187 211 35 255 9 130 143 254 253 112 133 32 168 78 5 189 113 93
    129 170 11 75 75 222 192 185 2 146 186 124 192 79 95 152 29 253 195
    232 203 41 111 216 106 162 45 68 184 157 142 201 34 104 245 88 49 72
    173 180 154 136 2 164 126 126 7 224 84 187 66 118 86 136 247 191 2
    131 60 137 86 56 172 170 66 15 194 246 144 55 58 6 161 243 123 221
    218 183 183 136 184 103 179 168 102 9 250 66 225 97 24 19 87 164 31
    124 155 105 183 225 16 116 131 92 100 74 214 93 124 212 117 17 243
    20 73 5 23 67 176 24 57 159 157 240 37 33 179 217 145 224 63 176 20
    72 33 37 61 18 2 26 196 188 38 138 229 157 247 205 202 117 14 7 121
    152 142 82 32 129 39 35 253 255 208 194 42 81 1 194 153 101 239 123
    252 114 108 96 33 140 230 152 172 43 210 242 91 108 178 182 134 38
    188 224 203 104 99 134 127 131 75 253 239 211 95 255 76 147 36 174
    169 53 188 201 171 0 144 63 7 111 151 193 243 72 54 120 54 117 220
    199 165 208 204 172 145 3 26 231 11 106 165 22 178 209 71 123 39 225
    169 183 8 250 217 134 74 232 70 138 236 62 148 47 50 167 74 210 204
    66 4 217 170 227 31 252 91 127 145 183 126 124 209 227 31 254 87 78
    129 67 66 133 47 42 105 181 23 3 54 44 212 207 225 87 172 95 60 114
    159 196 231 79 242 240 254 153 225 78 45 164 133 50 250 229 70 243
    62 163 56 229 198 69 130 3 127 235 19 94 249 97 129 96 41 182 114
    125 176 52 153 44 27 79 82 238 13 254 178 238 152 178 138 143 114 66
    92 89 34 150 140 128 249 131 146 156 127 120 177 245 112 134 157 129
    213 82 245 126 120 77 185 12 108 134 215 243 202 173 81 160 124 18
    145 58 84 127 203 171 140 127 167 86 92 204 233 210 230 71 213 101
    23 120 67 195 111 106 124 240 209 202 175 248 237 209 239 252 53 186
    7 210 79 185 161 81 162 71 23 169 58 84 163 123 206 35 50 140 171
    230 100 181 241 108 45 15 226 29 29 32 107 84 7 221 183 213 103 5 62
    242 18 20 27 94 235 206 39 113 178 126 169 191 250 93 38 20 93 1 57
    170 233 44 46 51 78 59 148 69 184 226 140 100 9 215 238 183 142 66
    53 145 204 110 32 232 186 196 32 13 99 130 58 170 151 95 205 81 119
    245 56 17 113 209 194 178 227 82 29 102 221 3 105 79 167 78 1 37 213
    12 146 99 39 77 248 2 107 60 176 72 45 4 118 135 199 74 201 211 68
    191 28 208 145 53 50 254 138 139 43 201 251 101 31 176 135 11 131 9
    239 174 150 85 111 144 147 59 255 187 238 202 62 169 141 197 205 27
    7 251 64 131 12 189 76 235 107 121 86 131 60 185 214 255 15 187 37
    61 218 119 152 131 172 173 63 4 66 150 150 167 35 34 90 182 210 62
    217 235 0 34 74 208 144 46 192 16 100 229 238 184 202 244 228 255
    114 230 166 42 240 63 214 83 50 142 132 134 13 52 197 67 236 199 121
    210 100 229 221 101 250 184 22 234 1 23 186 6 100 66 105 190 151 52
    235 97 200 144 84 186 134 25 119 187 99 224 47 46 110 216 203 39 83
    207 132 98 120 134 97 201 84 182 224 75 117 242 61 223 219 49 142
    249 11 237 53 2 69 14 123 224 117 7 115 184 133 84 218 183 22 215
    206 244 152 240 244 125 234 43 105 7 58 174 209 238 142 244 6 130 82
    186 96 107 34 236 25 98 44 170 210 79 206 16 255 117 160 42 144 63
    243 217 233 43 219 226 219 110 59 248 203 131 18 250 251 176 92 245
    200 213 84 22 0 62 35 248 158 34 2 170 231 8 250 252 219 215 234 48
    149 251 219 246 166 16 253 39 216 19 143 69 81 93 50 85 130 204 112
    128 213 37 26 58 227 236 158 133 110 193 5 26 150 35 172 233 186 106
    162 221 128 183 252 205 27 227 65 198 180 34 203 12 245 225 231 184
    33 135 35 229 200 117 18 157 28 25 176 224 129 149 203 198 160 244
    101 27 24 224 187 115 156 150 121 173 49 223 156 108 218 104 184 245
    91 67 185 80 147 79 245 117 209 106 207 196 65 217 58 26 52 74 41
    246 32 131 138 81 135 114 179 243 239 13 152 48 186 38 119 149 252
    198 134 209 129 169 43 247 8 244 46 4 228 31 220 15 125 240 24 124
    21 232 29 212 240 18 109 199 160 11 87 239 151 95 168 160 45 183 203
    25 244 114 169 17 25 150 34 251 222 14 173 104 191 30 172 175 243
    161 31 107 153 137 4 88 24 182 235 173 103 149 226 87 184 19 161 67
    175 48 108 94 190 93 179 75 189 83 148 207 159 221 24 117 36 60 25
    140 134 90 167 89 232 125 96 215 160 245 125 205 74 70 35 0 87 68 10
    105 58 133 95 44 162 150 98 11 17 14 0 191 65 115 170 116 18 252 112
    135 112 209 116 229 197 123 117 177 27 0 113 137 134 50 47 236 81 75
    163 62 25 120 120 126 92 15 11 138 131 50 167 13 32 135 42 13 157 1
    8 68 152 60 87 75 202 191 55 25 53 198 29 183 87 125 79 226 148 185
    142 102 82 134 56 26 201 157 200 195 7 37 191 224 61 250 92 85 62 47
    91 209 191 7 222 115 169 86 176 30 147 133 89 224 199 162 231 186
    190 226 82 195 85 2 237 64 241 158 124 217 30 22 154 132 244 10 219
    24 46 228 108 64 238 13 235 111 17 6 157 129 77 59 49 44 172 77 126
    113 97 47 39 47 6 210 199 13 5 41 58 125 41 134 186 95 25 114 177 20
    226 133 9 23 9 167 212 139 78 239 116 156 74 36 231 80 6 14 254 193
    146 209 70 101 220 203 219 22 58 185 197 145 176 64 203 3 94 58 160
    184 211 120 164 157 164 64 28 154 235 79 84 83 96 135 121 196 40 185
    135 77 160 20 70 147 4 92 69 57 92 127 23 35 246 236 88 36 89 215
    173 145 250 249 55 69 134 236 165 155 244 108 12 135 182 228 153 219
    246 202 52 51 1 133 10 130 118 103 191 10 91 16 161 180 11 234 110
    144 202 38 181 120 203 215 216 140 201 79 238 147 193 201 53 211 181
    2 18 59 120 129 27 21 153 137 244 203 85 106 226 177 179 107 169 202
    138 208 208 4 211 209 73 183 132 70 159 196 127 178 182 50 138 17 22
    86 228 152 200 23 162 214 140 84 2 64 111 157 95 165 148 46 1 244
    205 160 216 115 210 30 182 99 28 245 12 201 88 133 224 175 219 146
    244 133 7 123 202 198 141 156 27 162 109 4 23 226 109 54 162 7 174
    142 115 223 101 229 233 30 13 75 99 205 65 51 20 154 35 47 198 48
    154 24 255 162 82 149 172 113 223 6 186 251 208 215 8 237 242 104 24
    62 103 241 242 6 185 72 104 165 143 116 118 238 176 213 74 247 50 53
    29 151 13 36 210 169 177 37 227 239 64 139 175 153 184 162 20 17 191
    159 11 134 200 82 204 35 73 7 51 11 46 81 125 209 190 42 120 58 243
    106 32 33 24 10 32 199 86 72 47 7 15 109 20 111 20 165 161 162 110
    121 202 72 234 36 165 52 196 26 230 247 108 220 159 84 174 171 116
    239 105 208 212 154 196 15 244 66 212 233 1 87 133 33 153 79 217 35
    12 192 109 95 237 137 69 49 59 253 234 182 24 70 104 174 217 244 118
    84 132 174 220 111 78 4 128 218 177 208 85 22 31 184 127 182 36 216
    122 242 206 71 55 188 121 131 194 225 181 21 188 83 165 45 53 140 40
    136 136 111 28 5 203 241 190 232 243 194 224 28 195 49 171 79 246 61
    236 147 196 31 252 255 11 134 207 192 72 30 226 101 85 206 59 91 184
    53 216 50 22 200 248 105 199 93 208 23 212 221 35 197 158 102 115
    160 41 171 62 245 124 16 82 67 245 7 234 121 200 57 203 210 71 129
    185 65 80 147 31 179 113 172 159 53 49 96 110 109 2 171 145 77 195
    121 110 204 35 125 156 223 153 16 92 186 57 200 129 8 16 50 62 184
    210 249 249 25 73 215 183 76 111 60 151 227 208 96 253 17 240 20 57
    224 122 139 213 141 215 113 188 123 241 148 213 138 241 53 61 156
    249 150 48 11 126 44 17 49 119 78 188 156 245 222 144 184 143 175 41
    10 162 51 176 243 151 144 146 87 142 19 28 227 145 88 134 111 97 247
    105 111 204 239 210 153 204 127 55 164 177 80 245 136 232 6 151 42
    151 140 121 9 60 189 147 106 30 177 231 6 21 8 71 236 23 153 195 14
    158 48 160 17 84 36 66 184 158 115 101 40 237 80 60 6 220 24 38 59
    63 6 74 79 205 40 43 132 243 54 205 201 197 167 59 172 128 129 97
    177 215 254 103 40 121 122 136 118 212 83 167 235 94 210 17 94 58 4
    179 74 215 38 31 187 114 148 149 122 35 101 194 79 105 190 48 141
    198 28 185 62 208 223 255 118 210 9 143 106 7 240 117 200 54 9 124
    177 54 33 22 61 57 73 27 26 123 119 165 10 142 33 65 16 34 40 202
    174 38 214 139 225 187 45 32 16 111 106 173 86 204 63 227 59 73 215
    205 223 191 157 85 69 66 217 96 132 74 30 71 74 104 102 18 12 165
    129 241 209 217 175 225 99 185 186 206 119 195 51 171 44 187 93 223
    12 221 227 78 70 98 240 17 121 47 31 245 6 246 191 154 186 213 208
    144 182 142 165 201 147 31 224 225 191 100 174 111 151 216 207 123
    159 115 86 56 21 3 72 150 230 240 205 8 213 83 137 166 199 84 189
    158 53 138 165 177 52 157 227 233 98 154 191 228 158 87 28 217 97
    199 177 238 163 131 116 238 156 128 9 148 139 68 187 34 162 74 149
    220 64 148 61 201 224 200 99 254 96 244 217 184 82 83 84 156 24 225
    242 91 227 120 9 193 69 144 37 53 209 74 110 174 187 75 54 140 104 8
    103 254 157 167 82 177 96 26 98 50 18 34 156 17 228 205 143 20 38
    212 108 6 73 98 149 111 163 22 10 15 131 67 119 99 89 203 150 149
    181 134 226 203 11 97 139 160 141 249 99 123 238 12 203 24 100 242
    39 180 254 251 242 26 68 96 38 199 255 30 152 73 181 79 205 29 2 179
    192 204 89 10 37 159 134 50 231 20 242 20 223 18 98 141 163 173 81
    52 123 213 141 205 91 252 25 197 202 88 84 201 2 144 121 196 189 245
    41 211 209 25 181 201 62 196 66 137 9 7 91 77 255 107 152 49 27 43
    124 200 95 16 66 205 150 78 180 98 99 230 99 3 143 101 19 190 171
    226 130 118 95 214 43 103 91 64 234 55 238 183 122 40 236 255 182 19
    67 43 115 76 52 195 213 38 220 59 197 226 83 29 167 34 128 118 50
    118 241 153 230 108 91 93 119 59 145 50 195 6 124 104 135 227 123
    206 196 29 95 37 114 26 177 57 40 132 112 212 21 124 74 77 185 145
    17 130 170 135 132 63 116 68 155 76 37 166 173 127 155 46 109 41 35
    153 62 243 105 139 115 117 246 235 36 56 138 93 32 76 201 176 215
    104 226 214 19 5 187 179 40 22 82 208 9 3 232 195 156 179 118 161
    236 156 117 71 229 93 238 32 142 219 69 176 232 143 131 158 36 169
    209 230 132 58 44 50 232 151 171 54 12 236 49 209 1 161 51 102 237
    213 98 87 122 84 5 67 35 221 163 252 113 238 133 209 180 79 61 21 11
    89 177 82 243 98 170 118 99 30 233 152 144 234 74 245 150 139 90 91
    109 197 75 45 28 51 184 152 133 113 198 18 31 32 122 213 72 34 7 147
    146 89 68 127 141 70 208 112 86 2 136 99 155 12 199 204 75 214 79
    156 89 232 5 38 50 138 144 194 52 223 67 22 192 6 112 40 12 199 211
    165 56 244 105 35 73 106 43 86 55 203 26 42 34 154 186 159 19 141 23
    110 198 45 11 35 202 110 159 47 139 243 195 153 106 130 57 142 200
    252 223 40 84 37 164 182 25 13 40 84 49 107 228 232 4 198 10 153 79
    58 210 161 198 40 156 20 144 227 131 167 135 245 147 32 253 10 101
    84 193 171 12 75 179 32 64 99 136 91 250 105 43 222 227 155 246 20
    43 241 56 76 127 36 102 21 24 147 69 163 181 70 66 208 218 149 205
    32 229 237 148 163 102 34 251 126 97 145 215 249 10 235 165 89 239
    189 28 36 140 198 82 35 131 174 124 3 127 105 217 86 13 226 236 121
    207 250 22 236 137 132 16 211 80 224 141 220 61 246 165 251 237 66
    152 137 0 90 46 70 138 22 11 86 35 135 42 38 56 220 248 108 85 232
    172 21 15 3 49 165 152 202 206 197 222 19 5 110 90 239 84 246 147 80
    183 249 208 68 94 208 231 138 162 249 127 172 248 92 26 32 192 57 74
    59 121 254 156 90 224 81 208 81 246 88 203 63 216 172 56 165 87 18
    19 102 181 44 119 200 5 126 120 166 99 241 16 183 1 169 205 164 224
    186 40 57 216 246 203 152 156 200 2 15 136 150 63 188 37 227 184 203
    191 100 183 233 210 89 174 165 90 64 221 82 137 62 87 115 51 71 169
    170 170 148 139 126 76 203 69 215 75 226 194 136 85 194 85 222 105
    30 10 137 123 236 152 79 198 137 149 30 65 206 8 11 164 161 194 173
    166 255 43 192 49 193 238 231 191 179 114 33 26 155 231 206 80 131
    220 33 108 170 184 50 204 109 136 22 34 162 45 122 252 57 179 87 104
    45 235 151 69 85 98 35 85 117 29 208 208 121 193 223 141 67 170 211
    177 255 115 45 37 202 57 212 71 213 156 102 237 81 224 186 42 49 70
    49 130 190 78 144 11 234 133 24 49 105 98 139 22 220 92 243 231 243
    80 107 60 19 83 57 17 243 131 161 235 189 236 214 155 29 38 244 114
    168 127 136 248 10 240 131 24 205 3 115 174 128 79 47 234 121 56 66
    171 252 208 75 77 27 44 222 138 18 192 85 165 212 19 184 217 106 196
    91 146 225 229 192 13 70 33 187 58 57 165 189 182 59 82 72 148 187
    254 89 216 33 11 214 168 232 242 149 229 214 93 156 31 102 136 177
    250 153 20 112 242 201 7 25 13 47 164 140 190 155 20 65 209 111 44
    111 74 69 133 194 40 230 4 76 189 186 171 253 246 243 38 168 233 213
    100 241 20 213 15 108 54 131 6 18 60 26 19 60 8 0 35 98 171 121 154
    90 74 22 85 63 211 145 3 229 70 103 223 219 122 68 248 19 219 183 16
    95 251 130 54 40 55 147 188 102 2 201 211 153 216 190 31 180 203 61
    94 28 79 69 52 25 30 148 203 228 237 67 14 70 92 44 4 110 3 122 228
    55 174 53 136 227 216 143 25 140 252 112 108 222 175 81 205 21 7 254
    92 186 94 238 187 158 190 228 95 78 0 198 227 25 132 9 120 30 10 124
    245 236 239 138 144 132 149 86 249 177 69 218 112 135 201 210 97 42
    121 211 35 151 101 80 14 46 25 84 17 137 51 57 3 37 193 174 182 177
    16 192 26 180 160 170 150 209 146 12 229 31 41 206 250 37 125 178
    138 12 4 175 8 74 13 218 42 62 213 73 253 136 39 41 38 13 97 251 215
    178 34 142 69 100 49 55 122 104 132 80 105 198 30 117 12 144 217 83
    144 20 187 237 38 4 2 131 106 244 144 161 87 238 78 179 90 98 86 19
    52 130 111 59 13 171 65 239 19 115 140 167 43 179 172 125 139 44 23
    20 31 234 52 215 214 142 183 151 113 226 194 48 168 238 28 10 193 40
    13 64 197 194 147 160 49 102 175 110 21 216 36 97 206 226 128 251 6
    69 164 105 248 37 121 103 218 174 227 226 36 30 128 133 154 216 137
    233 100 47 129 109 3 227 114 168 47 74 52 50 50 20 165 155 28 54 63
    132 127 102 55 164 25 25 76 152 111 250 18 101 76 35 151 6 90 46 69
    102 116 169 42 94 6 210 234 163 82 43 47 17 222 120 186 161 229 133
    82 77 126 122 48 87 219 153 64 167 225 64 119 221 112 138 78 86 65
    21 237 38 95 108 43 187 180 72 187 243 28 220 58 236 232 52 169 52
    44 76 61 40 253 242 190 216 83 173 181 90 123 132 187 174 132 51 202
    113 62 251 190 218 28 217 56 185 28 124 49 154 17 156 110 135 186
    201 97 134 18 127 239 104 46 238 60 239 110 22 145 123 149 173 103
    236 15 141 171 219 183 72 48 16 1 49 15 80 161 21 125 23 121 165 129
    226 140 63 156 3 78 77 199 175 117 113 96 138 130 70 228 161 66 184
    92 106 177 242 27 232 97 22 165 120 146 238 13 233 175 148 185 24
    139 175 207 188 180 131 46 164 62 179 35 231 249 176 45 161 147 5
    164 156 201 60 9 240 55 201 58 56 44 131 105 163 222 2 52 78 238 163
    60 142 33 49 43 53 12 165 188 96 67 24 181 44 91 143 192 5 236 75
    181 75 181 50 25 102 134 90 141 215 14 12 131 143 107 49 64 161 161
    203 29 124 88 84 230 15 14 236 160 43 23 180 111 166 14 160 249 118
    227 22 125 195 97 246 248 255 95 184 113 158 176 128 87 138 197 124
    36 3 107 20 79 78 63 77 93 85 255 96 245 192 199 236 160 167 198 177
    240 143 145 234 109 230 205 12 69 63 113 80 140 202 73 102 192 173
    171 78 115 217 86 156 127 194 18 233 120 142 206 216 228 218 181 138
    162 129 26 79 204 58 139 180 173 115 22 74 212 0 67 82 136 28 244
    251 109 252 206 83 114 225 217 252 90 41 5 95 91 25 137 7 166 181
    178 17 180 248 98 88 212 212 128 95 195 15 56 163 114 122 226 51 170
    151 135 204 17 234 24 162 21 183 2 208 106 139 67 48 165 146 89 202
    204 235 157 168 91 250 199 19 21 181 136 131 56 210 183 252 35 223
    206 112 6 231 12 47 244 174 182 235 182 87 119 118 190 37 242 145
    152 229 176 36 142 119 161 37 178 9 17 9 17 244 181 232 193 219 119
    5 201 27 211 126 90 72 194 43 115 139 179 80 83 247 172 121 189 172
    21 56 158 134 38 163 139 62 213 172 112 234 238 225 78 216 39 17 93
    1 126 186 159 221 248 129 176 99 102 152 25 58 230 18 181 220 101
    221 82 84 51 197 187 128 124 148 234 229 228 135 239 217 109 168 248
    84 42 189 1 89 223 142 244 181 211 138 254 53 58 253 255 205 72 71
    143 192 209 159 164 0 250 139 101 55 90 201 62 18 138 194 47 241 245
    78 192 133 23 209 56 72 118 122 112 9 23 87 211 150 221 152 191 94
    92 132 62 20 125 209 37 6 83 25 226 150 222 62 3 254 55 179 98 72 31
    79 4 88 31 158 150 225 248 33 3 86 53 0 12 9 7 214 255 182 237 238
    65 146 90 35 193 75 201 69 49 23 240 80 214 35 20 115 57 201 203 184
    107 232 101 51 194 161 100 248 178 202 17 143 132 190 193 186 63 38
    119 133 244 201 12 113 138 184 17 241 234 244 164 204 137 234 130
    168 97 157 249 107 104 53 228 21 186 218 221 104 162 248 64 63 175
    90 4 177 109 228 202 119 169 31 190 158 42 206 108 176 131 200 63
    254 222 148 90 132 250 104 74 220 122 77 95 231 255 213 83 251 251
    149 38 207 250 94 254 7 179 15 17 7 178 60 138 44 24 124 135 153 252
    18 97 89 204 117 7 105 212 169 184 240 221 217 232 97 186 120 42 126
    129 118 16 159 65 230 143 48 238 118 232 199 142 28 188 184 78 186
    48 79 121 106 73 12 215 195 156 151 93 245 174 17 150 244 160 102
    116 110 239 210 201 130 34 199 97 4 240 211 5 108 11 230 127 37 248
    161 106 154 134 107 50 133 31 142 68 143 80 93 110 158 26 120 3 224
    221 227 156 111 128 49 221 12 137 14 132 165 183 3 248 224 194 211
    169 133 63 67 108 204 27 155 90 240 237 254 101 135 205 229 247 248
    115 150 76 64 112 37 231 128 217 227 107 97 127 168 186 78 238 85 45
    32 236 182 234 203 17 76 48 127 133 106 58 155 250 223 138 49 99 116
    23 137 48 162 84 41 111 144 199 70 70 202 11 44 38 211 139 35 97 69
    46 103 128 122 250 25 132 168 182 106 133 182 250 63 174 239 150 158
    16 95 114 90 80 99 244 65 91 2 89 94 108 93 189 23 232 0 152 33 90
    20 103 40 204 43 159 195 174 118 137 192 19 143 200 48 8 199 139 207
    37 61 180 19 243 126 13 38 181 106 135 109 24 169 255 100 2 49 127
    23 225 93 90 124 168 182 253 246 218 111 122 239 116 157 50 90 171
    234 163 32 145 169 179 105 247 146 237 237 5 123 102 4 21 205 135
    210 235 127 12 146 184 143 241 120 176 10 236 79 87 112 242 253 194
    124 211 231 80 163 129 113 184 152 182 34 55 208 138 59 118 227 35
    169 131 188 36 0 189 171 151 38 26 108 253 132 164 195 134 34 242
    126 62 253 128 165 145 222 84 54 196 180 143 207 44 135 112 63 128
    231 197 171 47 67 70 116 66 13 221 109 240 229 193 106 31 36 24 168
    251 171 16 58 197 202 238 212 222 161 135 160 63 58 3 109 193 199
    210 122 239 142 176 217 60 157 23 244 122 73 151 79 85 93 12 207 134
    200 172 123 203 229 12 152 142 124 65 154 40 236 29 36 5 84 236 110
    79 37 250 97 141 106 52 178 29 71 246 106 50 229 16 176 213 90 82
    168 160 225 126 201 161 37 207 25 11 138 168 27 217 181 179 251 97
    36 145 103 142 89 176 12 148 169 229 175 216 214 70 215 72 246 147
    151 169 100 127 80 62 40 123 121 110 228 176 164 150 217 30 20 102
    166 247 50 38 208 162 153 88 91 161 49 150 93 68 166 66 68 231 118
    99 150 231 113 232 163 222 95 207 172 161 92 192 56 13 144 136 6 138
    14 70 83 19 217 167 162 72 80 238 103 86 219 205 87 253 108 207 184
    254 66 168 174 12 140 51 36 89 92 126 25 215 236 167 241 209 30 200
    10 107 138 129 199 116 82 96 166 175 248 168 43 201 229 44 105 61 53
    107 231 185 52 199 23 183 194 27 9 115 62 122 97 122 15 15 228 14 88
    31 25 122 233 223 50 129 226 107 81 1 63 227 205 131 133 113 180 186
    255 244 125 90 146 55 120 70 13 15 222 178 48 134 7 109 77 54 115 94
    9 47 45 157 217 80 194 67 248 195 172 128 11 149 69 146 146 77 215
    113 205 29 46 202 46 52 43 23 60 144 62 200 125 109 116 185 121 206
    212 16 50 145 198 175 219 84 136 227 20 228 124 80 144 13 165 206
    115 34 46 11 50 225 207 241 1 152 90 188 231 148 14 175 113 140 166
    157 250 167 97 66 204 158 44 123 105 34 186 5 146 172 220 219 15 240
    214 218 32 101 32 28 94 187 117 87 126 4 119 57 62 156 52 197 75 155
    117 199 135 221 86 228 210 45 180 144 134 176 220 232 242 23 47 62
    220 248 118 218 112 209 83 37 65 215 173 189 128 252 57 184 176 188
    88 122 7 57 101 186 60 49 95 180 156 86 70 206 255 150 138 97 250
    185 150 96 227 90 235 98 126 68 222 132 40 229 25 112 4 164 81 10
    229 203 78 163 235 42 74 233 69 83 176 161 199 140 75 185 99 78 40
    126 134 106 239 105 230 67 220 58 21 195 48 103 147 178 151 118 166
    156 57 10 177 162 174 125 205 37 54 253 54 13 15 52 4 141 135 96 205
    134 75 247 81 194 34 0 3 80 62 172 248 253 62 108 43 215 187 253 23
    220 24 146 187 73 203 185 40 116 37 186 229 241 100 203 180 97 90 15
    230 147 216 189 209 20 37 112 47 116 103 76 171 245 74 122 243 60 88
    43 62 64 104 175 243 178 52 52 62 99 40 135 242 212 214 148 210 126
    92 63 242 34 171 116 150 62 50 4 247 32 55 192 68 133 193 60 133 128
    57 156 109 248 151 10 90 62 83 129 173 21 201 208 173 105 56 86 4
    135 27 147 197 209 225 209 45 120 19 141 190 211 213 0 55 138 204
    109 56 5 201 175 229 49 32 142 122 197 94 202 2 70 234 224 255 108
    245 80 115 131 152 199 205 104 153 214 25 138 133 217 71 208 223 39
    147 209 177 248 4 186 213 156 39 167 110 95 0 126 165 7 21 191 187
    170 145 204 207 171 7 56 121 135 14 190 187 99 17 208 165 88 145 69
    214 162 84 95 235 37 103 26 163 244 247 68 179 13 2 203 175 10 79
    195 38 89 37 32 217 27 174 48 120 37 37 109 88 151 173 72 26 244 205
    224 119 192 81 246 198 183 231 187 153 239 180 235 186 135 151 18 24
    224 191 206 232 110 23 191 91 31 99 90 177 110 178 117 167 45 252
    166 51 93 188 129 225 1 225 226 159 175 177 204 45 128 254 209 207
    57 20 137 33 218 184 186 77 209 159 242 12 67 51 23 109 40 41 198
    205 34 144 73 246 146 178 133 65 184 174 9 148 110 185 195 5 54 209
    250 171 36 23 149 136 86 99 103 54 79 99 16 98 207 14 62 88 67 201
    47 254 95 189 193 45 200 93 171 78 166 5 141 88 241 231 212 126 217
    204 48 44 162 147 132 181 225 161 253 203 168 182 230 139 184 81 206
    40 10 126 155 69 30 196 216 181 119 33 49 133 85 88 124 104 92 229
    23 193 48 222 151 191 166 51 234 31 58 198 195 16 73 245 134 116 140
    158 89 227 97 237 67 159 100 229 201 188 51 223 165 97 240 197 106 2
    51 105 120 247 244 221 71 137 208 243 169 22 241 146 60 161 51 49
    122 112 160 63 180 197 127 149 23 131 113 133 180 207 194 55 150 186
    161 130 150 211 117 22 244 74 4 82 49 254 250 196 79 88 178 23 79
    236 146 231 177 107 139 163 149 83 54 39 187 113 180 18 209 24 19
    206 251 58 234 20 69 229 143 217 145 186 139 125 89 161 67 37 44 43
    175 2 22 114 128 60 212 82 39 111 209 161 104 137 21 195 226 138 125
    32 183 253 103 172 40 88 184 202 163 87 82 78 144 60 205 36 23 55
    211 129 80 251 230 186 178 131 202 118 144 5 227 130 0 129 166 57
    229 95 80 226 49 225 123 149 37 165 113 125 235 199 93 230 169 215
    115 152 121 171 231 106 35 118 249 194 218 12 182 120 200 191 204 52
    196 21 112 165 66 18 59 61 64 200 9 75 106 245 242 57 146 162 63 150
    168 134 122 36 215 19 231 67 29 166 251 80 125 95 13 182 16 232 189
    46 218 72 163 144 37 178 134 22 41 67 132 51 11 139 18 126 248 145
    40 42 185 201 81 252 237 41 157 129 107 255 90 181 158 179 89 71 42
    45 182 109 83 146 27 207 69 118 122 149 91 75 86 238 24 200 219 242
    97 181 253 223 172 164 109 99 134 48 128 72 54 141 42 137 182 136
    221 38 114 232 82 170 114 102 223 128 238 147 144 184 96 37 101 147
    10 88 1 197 131 201 125 32 244 156 30 40 70 100 114 135 214 147 96
    43 13 227 243 63 70 50 152 114 115 34 161 194 251 161 10 60 33 175
    143 54 14 197 174 253 171 208 98 194 186 102 163 198 239 204 97 39
    234 232 130 19 250 21 246 138 42 48 142 67 64 237 68 177 73 125 179
    56 59 202 83 217 200 162 251 7 108 175 190 65 238 93 155 34 153 182
    183 92 152 97 0 244 232 133 18 76 25 188 54 195 176 203 204 150 22
    97 98 116 236 8 9 94 130 188 189 109 83 172 125 88 2 207 100 73 46
    132 75 17 138 200 142 63 183 163 220 205 37 57 153 45 252 65 209 184
    141 193 236 173 109 145 4 71 80 65 230 148 155 127 206 179 152 218
    242 0 240 226 201 173 69 45 161 54 117 15 79 27 58 132 213 254 66
    242 58 91 206 237 88 225 137 165 153 159 202 100 65 246 207 106 2 1
    23 140 35 185 91 245 51 189 163 13 215 184 10 192 66 93 9 120 147 26
    230 236 212 173 215 163 77 88 139 219 222 187 107 104 113 138 99 222
    82 84 126 29 218 127 96 9 180 251 117 114 67 63 86 115 197 4 81 196
    211 122 85 116 192 125 34 250 135 198 9 127 90 79 240 83 101 212 105
    104 110 240 133 111 126 78 136 71 242 40 213 78 182 241 20 76 187
    215 134 125 156 189 59 189 85 252 54 39 235 116 38 244 84 108 147
    252 118 108 20 214 140 57 181 56 100 46 98 229 49 22 96 111 194 185
    212 78 208 240 227 106 237 112 169 98 254 88 68 43 48 71 68 117 165
    68 247 42 148 171 134 123 193 29 179 170 175 216 200 177 199 236 60
    30 229 203 81 119 4 8 185 109 248 164 4 36 112 196 104 119 68 103
    140 40 239 99 242 158 157 98 64 57 22 189 107 25 99 113 67 184 100
    97 127 47 162 111 238 167 102 43 105 91 198 180 214 94 6 38 170 97
    227 72 203 36 92 165 178 67 119 20 63 176 254 164 79 218 116 107 85
    169 109 68 35 75 227 128 222 165 231 150 66 111 207 216 166 164 180
    147 49 67 211 199 4 37 135 17 140 33 90 176 94 182 241 176 147 116
    28 255 89 95 244 187 27 224 180 126 71 120 163 234 104 192 61 62 150
    49 242 76 136 45 232 106 184 12 195 53 203 11 125 80 13 59 137 67
    216 102 114 35 139 54 227 112 237 124 140 125 175 152 151 255 0 211
    199 48 26 99 65 19 121 149 148 204 69 190 14 135 53 182 133 107 70
    86 178 154 192 152 210 117 208 72 143 56 131 120 50 124 204 45 169
    37 47 83 245 66 104 164 214 161 236 224 124 202 235 14 224 202 36
    147 181 170 124 245 149 189 29 182 216 148 50 139 223 63 75 145 52
    51 128 13 163 251 127 161 190 102 132 175 43 118 69 4 179 247 49 110
    55 63 239 1 9 110 47 218 55 7 127 171 211 133 221 180 215 88 162 184
    135 255 254 210 184 45 11 56 29 55 1 208 219 18 216 118 183 27 85
    201 145 153 82 84 89 95 136 66 50 10 223 86 159 81 122 216 149 65
    182 52 190 71 18 216 51 228 84 109 149 216 164 123 20 100 226 162
    255 243 93 98 164 202 187 222 244 181 114 112 57 138 225 191 58 105
    85 96 232 138 95 154 74 189 245 70 177 202 181 168 55 255 218 130
    131 31 99 135 224 113 48 199 12 159 87 13 197 26 10 237 127 106 42
    166 21 193 244 7 183 229 135 115 130 209 228 232 192 182 251 132 223
    184 152 100 37 60 75 5 11 132 218 83 66 155 112 243 181 9 255 132 94
    189 83 122 75 191 154 84 80 227 25 88 65 173 165 54 52 204 230 36
    201 29 198 135 191 157 129 27 153 145 187 144 85 59 245 87 133 187
    202 195 13 27 118 95 206 245 34 101 64 81 176 226 90 213 33 107 81
    19 205 209 159 97 77 33 143 234 89 19 22 172 180 232 179 32 201 177
    48 37 54 15 213 224 181 219 142 95 56 166 28 62 40 52 216 5 171 163
    176 168 172 106 241 218 0 146 151 109 116 201 177 167 171 178 171
    171 119 220 127 93 103 120 2 73 61 141 172 146 224 147 43 150 200
    224 62 170 227 133 57 154 246 20 250 196 34 221 247 117 98 211 147
    144 176 123 8 56 247 229 172 244 60 152 206 129 84 58 249 122 210 10
    215 103 158 133 131 200 191 90 99 8 216 119 107 223 11 138 213 15
    105 19 22 172 130 38 144 208 227 197 99 245 85 205 136 144 131 78
    160 90 158 10 5 79 190 64 17 14 133 116 24 132 154 46 99 48 4 198
    227 102 110 88 97 228 251 31 216 71 200 42 11 71 199 44 222 164 115
    29 220 109 84 173 41 177 123 177 220 123 131 189 82 176 72 135 222
    229 250 240 181 190 131 149 186 43 31 250 71 73 227 86 146 114 60 13
    62 162 218 218 104 38 96 35 181 181 109 152 160 255 102 147 63 226
    16 19 121 122 152 138 111 167 149 207 31 127 79 62 141 84 49 71 84
    69 191 126 223 155 253 159 250 0 249 49 19 4 198 71 77 26 114 250
    115 103 45 63 241 15 241 214 63 115 39 64 98 157 11 248 0 38 165 23
    73 39 174 20 117 155 227 161 124 38 219 5 22 9 242 47 87 157 15 11
    80 34 92 167 171 36 72 39 87 65 95 191 223 207 125 210 124 5 194 201
    157 42 85 47 64 75 23 33 14 234 168 255 250 80 165 152 251 199 54
    250 253 210 68 232 229 26 46 167 35 203 202 179 114 135 53 250 180
    89 223 236 55 236 87 6 168 132 4 143 125 229 248 192 213 23 235 230
    139 51 242 223 181 176 134 160 63 251 77 9 230 103 96 253 43 218 145
    152 20 72 90 171 13 159 69 76 216 32 151 73 41 37 185 240 20 239 13
    37 121 9 91 245 25 214 237 122 122 249 41 157 67 196 88 107 110 39
    66 82 205 166 255 119 79 63 181 129 3 102 94 185 59 19 38 206 70 110
    88 82 172 175 59 37 43 111 114 180 244 2 38 117 50 3 168 15 126 74
    180 64 108 70 10 180 200 49 245 52 55 210 162 146 52 32 139 232 121
    104 225 189 32 59 124 101 100 16 185 70 5 202 150 159 250 157 211 95
    82 113 163 63 101 222 79 97 145 214 176 128 105 236 238 13 69 4 100
    83 232 193 12 226 18 213 113 140 36 157 122 60 43 28 156 219 123 124
    56 196 120 9 147 33 24 21 55 127 73 220 197 214 14 178 62 81 187 57
    5 157 168 108 85 211 133 39 247 95 61 15 154 178 158 96 251 194 241
    87 66 88 79 111 252 243 192 5 239 104 216 110 104 223 109 101 219 9
    197 153 66 161 194 43 27 199 81 46 26 154 69 193 241 195 160 192 153
    34 200 29 226 244 164 5 31 56 164 83 56 97 56 163 83 64 176 171 113
    164 118 184 134 96 134 172 25 51 110 248 76 143 132 196 179 65 52
    197 118 221 16 59 105 188 146 99 165 237 181 241 153 229 43 128 122
    58 140 158 148 185 103 124 71 150 252 157 53 157 23 22 239 114 246
    159 253 66 80 116 194 207 107 196 57 177 22 223 3 11 236 16 178 207
    140 103 66 206 8 29 127 161 195 160 44 36 129 209 129 192 193 66 234
    98 235 171 35 149 196 6 161 245 173 139 195 248 247 43 107 60 83 68
    52 217 149 140 122 37 231 134 114 158 223 153 213 153 225 109 96 28
    239 81 206 253 125 17 20 129 56 189 109 41 2 115 105 92 107 213 66
    201 75 192 22 60 253 23 224 226 3 178 143 191 70 97 50 160 168 129
    146 55 44 129 141 23 225 191 50 68 220 107 101 145 89 87 242 211 44
    21 36 67 249 22 244 54 24 197 205 170 133 12 116 53 217 141 188 137
    216 29 117 160 138 118 214 172 51 47 199 39 121 31 48 66 220 212 102
    79 136 102 168 160 139 224 177 174 90 113 200 34 103 206 55 158 158
    175 19 120 17 51 254 46 24 95 77 161 37 227 69 13 3 19 24 230 127
    228 230 238 81 85 195 193 196 124 57 122 87 224 159 81 179 92 239
    247 62 239 102 199 12 152 57 121 182 171 93 206 122 230 103 80 0 6
    84 2 244 203 146 93 236 76 233 255 31 166 173 32 38 218 208 79 203
    135 143 129 137 229 121 241 88 18 225 68 56 160 180 104 255 1 151
    225 33 153 245 32 169 227 176 197 35 85 128 255 236 43 65 55 32 145
    95 195 55 220 79 131 215 211 69 58 48 76 229 48 211 156 189 13 101
    246 100 12 217 197 104 15 208 133 6 19 137 250 33 193 242 203 96 33
    61 74 125 24 177 134 251 229 35 38 56 246 184 162 146 126 53 223 178
    224 194 155 22 180 194 6 193 229 180 199 135 231 247 74 160 241 25
    80 142 8 135 232 254 54 52 70 102 195 76 105 69 11 190 246 157 143
    223 37 71 134 45 78 146 167 231 160 59 119 151 215 229 186 147 26 34
    249 118 210 5 147 33 148 62 11 125 151 107 158 34 170 115 54 217 63
    77 67 211 241 233 163 36 139 216 11 169 147 19 241 68 213 241 22 201
    72 110 176 216 135 43 66 88 92 122 196 89 49 80 56 15 136 165 81 234
    190 97 110 69 134 104 23 103 243 6 164 224 100 114 221 182 233 169
    85 168 41 140 184 237 104 255 188 128 58 214 68 159 2 196 165 60 43
    141 54 64 210 190 29 59 58 105 231 115 80 254 84 83 218 191 191 165
    9 197 35 88 133 249 137 28 250 167 21 14 124 248 0 143 89 32 78 74
    194 7 35 214 227 104 42 10 217 214 187 83 117 233 174 10 83 17 27 44
    149 221 138 230 83 107 141 191 67 230 3 221 127 85 112 112 126 244 6
    190 228 240 220 196 252 94 43 2 190 241 87 26 244 120 200 153 141
    205 50 198 130 215 76 38 99 251 135 239 94 7 8 220 85 174 146 123
    143 240 110 161 96 100 98 104 140 125 212 112 78 53 135 127 157 8
    129 96 98 156 172 93 67 231 234 50 213 90 239 0 221 22 69 125 228
    118 213 85 133 195 230 130 28 30 151 163 239 247 95 220 251 2 21 227
    221 183 113 184 139 58 35 98 228 223 20 56 66 88 172 155 78 20 125
    153 47 118 228 131 171 247 8 179 107 200 27 145 148 57 137 17 234 83
    195 216 121 12 172 104 242 44 133 187 95 238 163 184 146 126 206 2
    103 238 253 63 139 225 46 41 161 103 80 36 65 236 197 35 196 63 78
    47 19 226 163 207 18 178 96 181 95 23 108 134 47 60 134 133 21 134
    117 22 44 226 157 228 64 86 34 91 231 172 35 238 73 234 122 198 66
    232 75 144 148 208 126 214 73 165 246 171 26 166 132 78 93 15 146 20
    145 130 172 117 115 195 220 252 244 92 158 51 7 119 98 119 68 141
    167 2 98 195 173 253 240 128 9 35 142 254 74 60 90 189 74 178 229
    199 194 225 191 234 40 219 98 160 78 10 25 17 188 11 176 14 27 167
    66 187 109 38 29 109 253 150 105 75 127 254 149 113 100 4 169 99 78
    70 14 164 115 82 149 43 149 36 27 196 77 127 35 171 254 153 187 19
    49 1 88 237 229 158 23 36 148 201 225 99 125 237 49 86 94 20 105 151
    95 219 178 243 224 151 6 71 144 42 111 159 219 82 29 118 211 24 176
    26 108 56 241 26 238 43 179 242 189 27 175 62 237 214 109 1 122 52
    132 65 143 253 221 202 77 128 115 243 193 18 205 28 113 138 214 239
    49 231 167 251 156 51 153 8 190 79 94 92 115 34 158 204 175 13 95 97
    73 17 126 60 44 25 255 116 228 26 48 69 85 81 215 61 250 199 223 77
    120 100 145 55 157 102 148 170 189 84 0 156 77 102 181 208 136 184
    223 169 205 53 245 26 141 43 144 91 103 115 80 190 29 173 232 18 91
    9 185 34 214 164 147 113 100 12 217 138 221 78 4 183 196 48 178 215
    235 48 135 231 184 209 49 214 107 164 216 94 121 25 22 106 4 37 119
    137 80 171 211 212 124 22 130 89 59 149 172 68 187 212 196 164 233
    209 145 82 94 200 253 157 218 226 153 255 50 35 152 27 121 19 184
    250 240 196 65 24 137 232 234 75 181 200 86 216 132 51 43 9 165 178
    225 111 136 232 101 126 51 6 222 190 60 252 48 186 212 102 79 35 185
    142 151 120 11 200 225 203 164 191 211 158 163 29 115 230 147 166 22
    82 240 238 242 60 20 106 142 240 157 79 156 46 2 90 205 221 180 65
    133 87 146 7 255 85 2 133 176 157 113 82 55 107 182 247 195 239 17
    51 53 212 158 199 131 206 213 250 1 5 7 247 193 208 177 131 175 193
    183 47 199 27 218 158 22 223 129 89 230 216 204 136 176 100 71 23 85
    80 178 80 112 239 133 79 76 99 164 161 166 181 163 63 171 144 61 236
    143 33 37 137 71 191 180 102 123 219 126 72 82 171 178 114 23 63 182
    114 53 216 102 51 107 229 232 195 211 178 254 6 153 181 1 237 153
    187 186 218 2 214 82 10 100 48 152 222 155 93 71 95 128 37 252 90 27
    177 62 167 162 39 208 220 7 87 129 114 82 110 142 134 164 171 113 91
    99 108 168 39 127 71 136 155 192 226 174 141 120 163 151 142 52 75
    16 58 224 64 202 253 19 82 107 80 140 83 182 53 129 72 222 24 160
    165 141 242 207 214 18 27 59 184 244 167 131 247 147 203 202 252 154
    160 215 189 239 224 144 120 110 27 142 87 128 208 36 37 107 253 120
    84 152 35 20 64 228 75 223 158 34 131 81 90 67 237 82 220 167 129 16
    80 4 137 136 8 204 182 241 7 155 105 156 109 178 49 204 241 39 113
    74 126 118 47 189 67 104 223 63 71 206 253 43 120 193 24 168 255 186
    249 42 130 133 212 240 80 14 153 140 238 1 189 157 57 51 10 211 162
    51 50 156 27 205 113 245 219 194 223 209 54 82 0 197 35 212 156 40
    78 233 207 23 221 66 236 118 6 99 144 166 40 131 187 249 118 181 104
    237 109 53 121 174 170 117 112 84 186 245 235 23 153 97 230 41 89
    125 151 14 238 222 236 96 167 29 47 222 70 53 101 88 3 207 60 91 213
    45 227 67 32 169 125 121 210 222 4 56 248 186 217 205 106 204 41 183
    124 223 98 23 5 135 107 247 19 200 82 104 185 151 53 171 200 126 117
    93 56 155 220 175 20 175 13 252 121 212 178 67 55 194 89 67 47 220
    203 172 32 104 253 142 146 183 154 220 65 134 159 154 203 226 17 147
    17 48 77 183 171 49 103 221 39 59 18 33 177 46 226 132 128 31 133
    190 77 191 189 45 254 98 23 143 163 60 15 59 97 125 234 145 33 203
    201 109 232 252 13 214 250 68 232 44 6 237 215 140 151 181 30 81 36
    138 41 140 67 39 145 183 227 99 66 103 164 193 23 228 117 222 77 4
    64 109 12 60 214 132 168 13 124 218 216 238 72 31 185 34 61 72 169
    76 174 88 59 118 24 186 197 62 49 81 63 105 35 54 205 72 82 12 160
    212 80 4 203 241 180 204 120 82 183 37 166 154 23 176 21 43 39 5 146
    69 30 246 18 195 82 203 54 112 100 53 138 207 197 159 120 254 184
    179 59 137 25 10 225 227 221 224 236 38 245 173 147 107 195 167 20
    157 25 170 253 184 89 55 42 255 64 31 88 213 57 12 183 17 186 182
    201 131 2 200 126 96 184 160 150 116 122 37 228 248 162 110 124 205
    17 157 221 64 246 33 216 34 103 53 4 220 151 236 243 70 201 48 137
    112 135 129 126 113 213 8 98 112 215 94 184 63 143 165 196 213 124
    39 176 233 82 237 245 230 54 126 44 218 227 61 205 249 125 83 97 23
    253 71 22 35 195 185 164 226 105 240 72 79 71 177 112 11 76 172 80
    188 221 31 148 159 64 125 27 42 143 166 1 180 250 220 127 89 42 123
    135 49 206 20 12 170 221 252 61 47 140 38 126 200 246 100 25 232 143
    237 254 205 111 166 22 129 231 100 82 18 198 45 68 174 217 182 219
    81 4 66 175 10 8 62 189 159 135 241 181 122 188 133 162 250 146 145
    83 36 56 166 136 242 212 25 160 156 195 108 154 174 162 137 246 205
    62 219 9 219 27 95 39 42 157 240 93 67 68 177 59 109 238 231 241 26
    249 248 162 167 93 9 14 42 201 183 157 26 166 235 122 35 163 199 151
    211 160 178 166 33 220 71 38 138 174 180 14 35 71 163 59 155 253 194
    240 56 202 170 154 255 16 32 4 187 6 144 92 66 170 63 36 90 158 84
    57 37 164 215 65 218 227 153 107 18 105 159 57 239 201 161 153 165 2
    27 3 82 175 169 164 157 126 158 165 111 208 119 163 18 158 52 44 90
    174 33 8 179 136 193 154 84 52 92 247 52 85 148 40 29 2 105 58 225
    10 104 168 70 160 72 174 7 210 89 201 214 107 117 186 211 214 52 78
    190 232 224 119 203 30 99 75 32 69 252 246 163 195 144 128 247 55
    238 253 137 199 103 149 110 108 44 193 240 77 158 137 21 185 181 1
    134 200 74 193 234 30 26 163 148 1 0 128 66 252 49 98 161 19 223 170
    244 195 37 29 141 109 255 252 232 155 78 83 237 229 202 186 222 105
    243 64 156 203 55 126 175 43 75 252 164 175 74 175 212 146 218 200
    161 121 121 139 6 125 44 22 235 106 208 45 211 164 210 112 213 72 82
    2 123 54 52 155 130 251 160 211 191 27 12 241 153 76 109 194 23 147
    74 216 56 170 254 128 182 26 76 123 150 18 46 159 42 253 118 99 145
    45 63 126 174 192 57 108 84 71 3 5 6 4 85 205 20 229 54 184 9 226
    196 243 12 26 244 179 51 191 242 98 235 56 122 225 108 195 145 28
    171 161 126 14 236 185 64 22 155 202 143 85 180 17 177 12 203 200 7
    7 145 6 56 103 209 156 58 207 62 200 117 54 239 227 63 205 96 234 68
    142 176 254 252 169 237 255 165 49 3 212 158 90 27 140 19 59 150 55
    119 216 64 190 90 198 110 69 199 122 172 69 13 66 133 174 217 242
    130 118 198 181 170 233 17 223 156 35 43 133 42 78 41 158 70 15 80
    148 207 215 161 236 246 194 138 8 13 32 210 46 213 209 21 154 49 184
    209 157 43 111 230 165 200 54 157 52 102 203 107 182 25 184 253 224
    30 116 39 31 0 163 1 247 64 77 79 131 94 131 63 190 211 209 191 225
    188 109 12 195 39 182 25 105 89 136 47 101 237 172 103 129 48 130 94
    174 249 31 86 99 144 69 24 239 57 111 157 184 22 26 11 151 198 192
    245 159 44 65 88 28 213 61 152 129 36 77 195 154 232 129 253 235 186
    79 79 143 204 15 140 248 42 211 192 237 145 183 140 115 170 233 184
    121 206 204 120 228 1 240 166 16 144 91 34 27 168 27 86 113 55 13
    183 98 250 67 179 155 206 27 138 178 64 247 211 96 127 104 199 70 28
    131 89 254 199 166 185 53 55 42 94 174 48 18 163 25 103 171 77 179
    177 217 134 25 113 151 226 221 93 146 250 32 242 33 113 36 171 209
    20 23 129 240 80 88 53 42 76 254 36 108 251 115 107 229 24 54 176
    159 126 75 46 208 120 235 220 71 193 255 24 58 210 111 16 30 152 46
    231 180 240 247 155 76 100 63 118 130 30 54 8 151 39 146 36 243 102
    36 1 246 162 127 0 190 11 167 204 228 180 78 140 144 188 151 21 132
    10 88 245 133 204 237 44 247 117 6 210 174 158 57 47 235 191 25 137
    90 227 217 96 208 147 135 179 118 69 144 175 159 35 161 188 237 28
    114 37 102 151 226 4 148 45 208 7 26 188 234 107 108 2 227 127 245
    250 7 106 66 33 171 208 173 206 155 218 209 77 49 153 46 218 94 168
    142 195 243 23 100 33 93 135 155 13 99 124 176 53 138 46 142 234 23
    115 147 125 183 52 97 107 131 195 253 131 166 13 227 183 102 62 254
    168 57 95 123 201 159 231 139 223 196 240 139 161 244 21 150 102 182
    200 13 112 0 5 109 205 46 75 218 214 241 51 32 167 22 230 255 11 195
    18 116 255 33 4 106 111 219 158 147 77 192 47 34 202 187 84 71 41 45
    203 149 248 93 169 134 99 126 62 179 173 163 67 176 235 55 84 152
    148 59 172 154 156 221 231 66 9 34 35 135 251 254 160 54 180 133 181
    207 204 82 17 204 133 103 81 117 158 201 212 39 225 226 237 247 225
    223 6 162 9 153 163 253 156 60 232 42 188 251 219 124 208 35 209 47
    111 220 72 136 255 250 198 117 41 191 191 221 73 63 183 5 4 93 161
    56 198 29 205 102 118 19 43 177 179 141 239 17 253 90 2 74 12 231
    238 90 211 69 103 180 10 71 36 235 61 91 74 17 26 133 56 222 100 145
    216 139 186 32 201 181 131 162 229 166 165 220 85 233 245 53 33 24
    185 206 185 74 2 196 32 245 249 238 8 180 129 16 191 113 101 195 44
    11 246 242 119 27 61 193 4 155 229 35 144 165 73 243 48 121 38 93
    130 225 25 195 252 106 138 106 39 3 253 225 114 173 3 162 51 236 106
    186 154 160 45 199 68 145 143 215 134 125 170 81 176 45 54 164 7 59
    74 107 101 40 176 211 231 28 102 149 103 135 74 5 244 8 127 178 23
    56 154 178 227 88 119 96 65 225 23 97 87 112 149 203 13 53 216 9 224
    70 148 106 41 72 223 251 251 180 17 17 26 206 177 41 78 124 153 92
    152 151 177 72 244 81 195 108 55 154 220 153 175 112 66 247 11 226
    112 50 154 171 77 216 74 26 53 24 237 113 52 117 41 138 231 148 55
    20 56 133 148 59 240 181 180 223 7 141 65 31 139 171 192 231 70 178
    97 141 253 16 184 221 83 39 31 167 198 216 218 127 39 153 42 107 216
    186 120 157 191 161 12 122 25 33 192 21 255 106 207 249 184 77 83
    106 135 251 213 176 51 15 245 189 187 101 123 1 212 185 98 176 198
    38 84 46 74 102 13 96 22 155 55 248 104 84 180 10 4 216 250 157 114
    84 179 64 145 129 233 177 162 225 166 217 35 185 42 45 57 83 240 147
    145 221 101 150 169 44 206 210 127 5 194 62 133 65 97 170 140 125
    185 120 202 114 120 157 222 47 224 31 112 101 154 97 64 89 187 26
    134 249 58 212 36 174 178 106 192 103 252 204 115 209 178 141 107
    237 15 106 233 247 44 236 13 123 209 190 27 224 253 59 163 96 68 141
    40 155 84 224 168 191 35 243 122 246 100 22 76 164 15 175 65 41 145
    7 71 63 97 55 100 109 20 39 144 221 105 110 190 206 38 109 212 114
    75 161 87 23 95 134 155 149 143 168 13 45 233 151 252 158 47 109 164
    42 171 129 98 65 106 10 109 96 75 4 199 110 40 174 101 94 142 127
    150 9 206 197 176 226 92 143 100 126 107 142 213 22 181 167 80 169
    109 21 177 129 19 12 55 14 65 123 66 182 72 204 10 47 22 91 225 185
    157 44 15 81 190 203 187 207 188 52 125 63 77 32 254 201 120 13 239
    242 169 33 244 67 119 103 184 252 160 99 101 47 162 251 237 136 33
    111 111 108 153 141 59 42 2 128 227 39 63 236 213 34 227 219 230 104
    218 60 178 134 237 76 222 191 46 173 95 127 65 106 22 226 33 131 122
    25 53 148 219 119 28 71 164 130 19 0 9 182 153 215 189 130 176 97
    247 124 9 41 137 149 54 173 159 44 120 140 132 255 11 161 77 58 251
    55 204 141 122 228 238 170 28 13 55 3 90 23 222 105 2 216 248 247 79
    147 104 106 132 197 244 81 196 106 157 190 241 97 37 200 83 184 124
    145 193 17 170 112 21 45 22 15 118 136 184 7 148 46 166 157 96 187
    105 74 194 119 23 129 232 141 33 207 203 245 118 58 203 229 131 55
    240 50 171 154 236 82 72 126 136 166 244 132 76 110 226 3 241 159 33
    253 125 195 61 188 7 58 61 102 174 106 24 114 162 21 44 26 211 101
    152 195 44 195 162 35 137 180 85 187 68 136 111 190 29 8 115 176 67
    187 111 48 13 90 96 194 39 199 193 202 171 84 172 98 189 92 44 194
    253 22 203 7 195 202 96 84 226 0 189 143 183 23 42 46 32 98 60 190
    113 106 242 26 238 116 234 46 127 30 20 241 21 13 84 233 148 208 73
    24 21 209 170 46 165 2 131 170 19 242 255 254 130 240 162 144 58 193
    164 192 80 163 176 134 99 159 141 253 167 250 36 80 224 89 89 219
    173 205 22 139 172 206 181 74 100 30 59 61 196 123 30 228 85 16 170
    67 249 133 22 163 148 7 149 134 52 187 82 191 29 30 238 107 221 232
    156 135 41 246 58 201 68 14 24 121 124 204 83 46 111 58 75 31 250
    219 198 102 254 229 180 91 185 77 46 151 7 136 82 129 115 79 39 204
    156 140 247 159 183 115 104 123 44 182 252 147 68 224 209 110 148
    131 42 30 144 33 110 203 57 167 248 104 139 162 173 102 59 250 163
    54 57 57 67 172 33 169 196 59 233 36 65 161 119 220 29 133 210 170
    20 229 160 197 161 235 113 86 67 68 214 34 93 87 21 65 248 146 73
    133 192 111 218 82 140 228 63 183 137 49 173 12 96 47 86 19 68 229
    154 202 61 136 50 47 252 33 36 198 133 107 86 97 170 178 211 70 186
    138 150 168 216 247 251 101 25 203 83 78 138 242 220 12 17 105 87
    158 249 231 179 92 71 61 143 25 163 22 169 154 222 2 66 1 12 16 76
    238 250 134 89 77 56 164 76 243 231 243 73 25 25 89 253 79 62 13 7
    87 7 187 56 192 129 100 168 149 140 93 151 101 44 251 170 183 229
    157 39 30 103 215 17 229 102 23 150 192 170 92 37 1 193 114 226 182
    242 152 212 237 25 55 90 70 121 169 156 80 134 58 168 236 38 213 89
    210 34 151 199 30 78 41 151 80 124 192 235 114 60 221 79 117 74 175
    225 120 64 225 146 68 158 28 209 94 15 125 157 239 115 189 38 238 25
    197 111 56 45 221 173 13 10 75 32 2 188 157 1 199 206 172 99 89 61
    65 101 225 230 212 224 114 77 41 73 126 7 164 45 107 37 66 102 118
    11 165 156 178 122 20 119 70 77 244 203 180 105 32 185 234 231 55
    237 35 202 249 88 145 83 147 159 97 90 9 148 188 70 238 54 121 46
    123 98 36 10 212 88 215 8 144 54 197 229 23 160 208 51 46 23 136 64
    70 161 216 156 165 47 162 165 171 93 118 90 212 234 139 164 38 57 44
    11 17 55 190 9 60 85 190 0 69 55 156 197 100 105 45 148 87 13 196
    232 255 216 234 8 47 166 143 123 76 98 23 215 28 252 114 186 73 150
    116 187 131 168 112 209 235 153 149 213 45 227 75 134 80 22 2 231
    213 147 160 84 210 93 223 0 173 99 192 66 244 101 123 34 67 63 6 201
    23 118 162 223 125 85 156 170 200 111 202 25 28 103 204 50 46 90 194
    160 163 231 11 99 192 42 12 254 37 250 77 134 35 197 61 196 216 7
    128 123 137 68 125 66 61 68 223 23 84 18 153 105 145 102 227 75 241
    131 161 3 25 112 59 212 242 105 88 24 200 218 200 116 160 145 71 235
    205 14 188 37 184 113 172 83 104 31 150 85 9 56 190 49 213 74 79 86
    169 226 176 251 255 100 217 15 113 60 95 135 227 149 69 133 58 107
    209 107 39 7 40 71 166 238 122 53 203 233 241 112 16 248 173 91 87
    50 48 213 253 215 169 251 252 192 39 145 62 215 61 157 81 214 171
    163 187 137 1 167 136 176 14 202 186 84 66 102 17 128 17 115 161 39
    142 162 45 65 21 123 5 233 189 70 47 26 30 220 173 176 119 123 176
    119 6 4 65 66 148 20 163 252 79 109 255 159 228 91 173 106 143 210
    145 77 138 225 194 44 68 166 3 153 108 170 148 89 98 216 171 34 43
    141 96 86 1 52 145 61 249 86 202 166 168 153 132 158 35 73 175 170
    46 25 118 245 209 215 47 170 149 112 202 168 130 129 37 147 67 61 56
    179 60 18 17 74 222 197 70 201 49 117 189 68 226 236 245 5 148 53
    125 212 22 11 208 77 200 217 225 86 219 168 183 95 185 151 158 205 8
    23 55 72 223 138 107 82 133 233 207 73 20 37 21 233 185 223 169 15
    134 122 180 118 213 12 153 116 90 26 120 177 184 248 24 126 238 41
    137 182 44 23 108 136 182 254 4 38 240 210 198 237 16 78 69 187 227
    184 104 186 255 131 13 229 245 95 23 101 98 77 110 208 166 152 97 41
    59 159 208 134 54 212 95 113 220 167 212 136 158 138 77 114 14 104
    52 37 35 230 146 82 118 129 109 183 166 113 116 255 207 34 57 124
    171 119 90 3 134 233 90 177 185 105 22 97 112 168 69 94 223 164 145
    240 127 128 190 174 151 202 171 15 222 31 171 216 69 102 214 154 128
    26 3 203 189 146 4 61 92 123 223 238 198 217 46 191 245 170 105 229
    8 38 237 246 175 191 103 85 146 10 178 24 249 134 202 45 86 40 85
    163 171 94 126 185 230 195 3 176 142 242 97 14 89 158 65 92 31 13
    166 56 115 233 166 9 252 122 8 255 206 87 68 171 240 116 161 65 132
    254 171 237 144 166 69 142 118 169 11 226 38 244 253 228 248 127 227
    231 75 159 118 165 153 8 143 18 128 99 4 0 182 139 37 65 150 24 77
    194 165 120 155 3 104 81 192 136 152 231 21 131 8 255 110 90 198 187
    11 119 25 211 126 141 211 193 46 49 178 16 235 164 65 246 34 20 93
    79 132 128 150 235 69 227 5 53 96 177 141 3 226 226 43 201 231 103
    132 157 113 183 71 120 152 34 76 164 212 99 101 20 24 82 15 146 125
    194 7 41 176 241 233 28 18 46 180 187 152 141 82 229 134 86 104 176
    112 244 227 54 31 158 15 159 88 150 157 103 255 106 50 215 121 28
    148 168 10 8 65 231 164 103 149 124 170 186 134 230 2 158 24 52 64
    139 26 64 201 239 39 60 21 175 234 195 54 139 96 17 69 46 225 83 10
    82 133 167 20 252 187 75 224 54 50 179 131 161 191 53 246 251 243
    137 7 237 160 67 198 123 114 130 31 12 165 229 193 170 66 78 190 14
    211 178 134 3 152 151 163 178 175 16 215 207 15 10 38 154 21 0 157
    134 144 36 208 235 107 138 62 182 13 208 249 234 127 221 35 69 229
    243 43 0 25 243 111 33 34 201 179 164 80 188 152 133 239 61 49 192 9
    227 61 212 210 163 205 138 124 29 225 128 218 175 79 255 86 42 190
    189 25 83 139 166 50 30 186 197 44 185 192 50 69 130 180 116 37 10
    160 117 55 120 115 68 222 32 153 163 7 242 179 4 23 3 254 187 119
    128 86 162 225 168 164 102 85 154 136 212 39 212 120 215 223 83 117
    240 84 235 215 64 111 224 73 59 137 235 223 228 227 109 10 113 177
    171 181 67 171 63 171 12 233 95 13 77 211 226 60 141 65 126 189 148
    230 5 47 170 120 147 244 168 208 219 36 94 138 202 120 42 212 75 76
    66 166 122 169 74 94 80 49 180 20 41 138 59 124 186 240 235 172 210
    197 141 229 94 82 103 145 2 192 159 214 141 94 252 230 220 30 63 75
    169 245 135 241 36 187 222 120 74 191 37 179 194 201 222 208 124 212
    48 149 238 203 35 235 224 63 129 87 22 5 229 2 103 149 46 147 110 63
    192 82 111 150 213 78 28 136 20 139 227 147 198 74 149 227 173 138
    226 101 251 75 190 43 81 185 98 138 134 190 223 210 151 42 151 252
    28 6 6 227 70 13 110 200 247 162 206 83 34 32 61 84 122 85 115 23
    135 151 69 15 137 169 71 171 45 205 226 230 228 63 95 118 207 140
    110 238 55 34 128 178 1 189 251 32 199 24 68 204 149 246 50 81 155
    204 24 174 227 104 250 52 137 3 8 73 21 210 196 189 120 44 235 216
    14 205 239 84 108 245 117 230 189 176 117 246 82 84 240 153 187 10
    44 19 177 171 42 41 145 145 54 231 106 74 7 149 9 3 92 132 228 143
    127 200 178 179 22 243 78 19 156 177 194 25 124 135 103 52 200 59
    239 165 208 242 127 168 27 196 254 241 244 197 212 7 212 208 147 152
    113 52 76 235 30 185 5 157 194 234 93 219 17 158 118 49 17 12 171 0
    31 52 127 204 64 228 102 10 105 135 87 36 145 37 182 89 113 85 145
    203 86 180 133 253 166 127 135 18 44 123 90 79 229 173 246 24 60 167
    48 79 43 227 139 72 76 62 176 202 135 77 7 78 105 40 10 128 49 148
    135 227 24 72 211 189 227 198 173 249 36 60 164 134 112 112 166 100
    37 37 28 250 68 235 43 5 84 174 247 231 1 31 199 35 157 249 244 224
    3 57 110 46 63 104 60 58 200 181 51 127 50 98 2 172 253 194 184 185
    36 91 175 111 159 116 13 47 222 146 14 50 42 70 160 249 222 126 69
    224 168 225 121 221 85 163 217 234 154 41 90 183 169 42 63 88 7 196
    90 201 73 104 166 82 253 22 13 186 214 104 207 100 212 153 185 246
    226 225 170 6 250 28 230 205 57 1 47 96 149 254 255 59 201 234 99
    179 176 192 88 95 80 205 64 165 133 139 19 231 248 147 178 99 14 214
    78 126 105 117 251 9 188 214 140 185 212 41 125 184 191 255 42 251
    40 201 124 27 18 44 18 137 235 95 214 196 95 43 56 95 138 216 56 228
    17 209 65 60 184 81 234 150 59 7 120 25 133 118 165 205 251 200 187
    122 47 133 96 207 59 175 219 50 79 131 246 1 149 23 43 114 115 214
    95 71 28 221 175 118 10 251 122 116 201 109 112 6 96 255 67 232 67
    156 72 61 154 101 252 182 249 9 122 45 15 128 88 86 224 73 197 208
    253 159 33 245 196 231 228 213 193 30 131 183 37 141 237 56 129 72
    236 92 66 241 55 8 234 218 213 157 206 69 145 117 207 164 107 28 242
    84 227 69 153 56 216 23 64 233 193 245 195 58 166 20 96 104 133 99
    147 89 57 62 48 58 144 111 214 204 73 48 98 26 242 145 27 97 154 240
    167 232 192 180 171 204 235 155 119 194 184 252 69 167 231 12 83 199
    200 13 74 126 221 176 186 119 17 98 138 248 67 232 157 71 212 148
    125 222 218 128 20 135 172 21 8 242 217 171 3 13 25 100 180 90 101
    91 135 52 102 215 113 19 40 254 200 205 196 126 214 34 242 105 48 41
    134 36 51 249 183 88 10 120 134 123 102 191 42 100 39 198 146 211 54
    9 24 243 10 209 244 43 71 130 152 113 137 152 111 108 9 207 55 20
    137 134 156 115 121 78 118 243 77 30 219 58 85 218 80 2 95 62 149
    167 3 19 147 166 25 250 87 154 8 41 214 114 245 35 223 188 115 13 70
    76 79 238 99 128 221 155 119 32 194 38 214 117 145 114 148 4 128 47
    14 178 74 76 221 37 72 109 5 50 212 222 232 214 213 84 242 217 162
    125 23 67 119 71 183 98 24 46 36 219 118 19 223 132 242 179 200 99
    156 158 212 188 105 169 203 34 34 244 107 62 7 153 188 85 126 184
    204 245 191 221 125 143 169 181 7 208 232 233 73 19 109 213 42 112
    130 222 188 34 197 59 48 132 43 22 42 128 151 243 251 228 80 106 124
    23 178 221 181 143 166 214 106 7 155 88 100 201 40 189 133 169 1 239
    130 103 200 65 45 27 158 98 205 228 140 134 101 204 16 4 83 217 7 79
    245 221 183 6 156 150 242 161 246 254 159 90 221 50 110 21 16 227 61
    104 79 30 242 118 156 127 180 169 14 81 34 105 62 117 178 135 16 213
    132 160 158 253 27 22 94 111 182 197 206 74 196 211 81 70 4 231 221
    169 165 64 46 113 145 92 34 180 117 133 147 0 100 89 216 240 184 55
    48 243 51 142 67 5 236 51 1 167 163 10 79 105 146 247 66 214 51 199
    103 7 51 110 105 169 95 101 119 241 243 199 134 57 127 60 139 229 22
    74 223 242 136 31 97 64 255 69 249 128 81 96 253 239 54 129 37 5 158
    207 113 185 145 209 155 110 139 110 164 82 150 104 163 24 99 217 225
    132 238 45 37 7 225 134 164 6 51 17 227 18 183 108 131 54 255 169
    134 15 182 17 158 193 240 95 222 107 86 161 154 13 194 177 50 193 48
    34 168 226 75 216 242 132 29 116 97 217 221 236 196 89 51 243 121
    222 165 56 106 114 32 63 102 44 136 18 59 62 206 92 255 192 156 236
    231 237 129 189 26 17 95 223 198 131 126 154 29 31 60 12 178 62 85
    16 160 142 62 132 72 18 208 132 137 231 39 103 166 122 154 169 131
    47 89 192 144 41 144 62 4 86 170 166 26 14 146 169 189 226 44 101
    151 108 98 216 189 43 28 231 131 185 91 153 213 107 172 229 240 105
    145 28 32 218 109 202 183 214 56 45 206 178 150 162 137 232 148 93
    142 79 31 205 170 114 174 157 197 87 231 77 182 166 93 140 53 76 118
    85 236 243 63 183 56 142 199 221 30 138 70 199 219 58 157 244 207
    170 9 193 110 155 148 197 212 197 44 187 221 152 5 111 182 39 58 236
    134 216 19 57 104 27 143 229 201 165 33 5 110 174 127 153 43 56 125
    225 118 133 11 75 19 252 194 101 231 239 139 26 147 202 196 91 219
    229 241 11 187 8 57 21 33 244 52 60 254 205 45 245 190 122 87 70 26
    90 101 198 170 188 105 146 159 107 80 122 165 96 222 242 208 198 70
    147 111 196 89 120 85 161 154 216 68 239 13 195 204 18 218 149 166
    107 35 45 86 195 45 85 211 96 67 148 176 205 153 103 157 20 163 52
    83 43 113 174 181 206 164 216 96 229 19 18 95 98 48 171 207 84 215
    180 132 159 39 99 69 168 21 3 87 49 13 32 239 80 255 201 199 77 43
    50 40 89 159 100 250 82 50 111 71 52 39 203 143 200 12 42 121 106 64
    62 111 191 62 236 106 56 42 95 110 122 164 130 40 201 31 195 47 3
    144 169 4 104 163 94 72 27 5 1 104 164 61 214 36 215 145 107 186 22
    188 14 26 218 105 45 48 91 100 160 199 233 8 48 220 5 67 62 216 213
    154 25 178 58 71 253 31 119 29 107 150 91 116 226 243 166 191 25 118
    73 114 120 120 138 225 99 147 90 176 231 7 156 242 82 13 3 54 30 117
    182 236 185 129 45 229 41 250 3 151 34 117 57 150 19 248 89 108 121
    229 204 12 28 190 151 214 197 234 191 5 58 125 220 223 39 170 227 9
    180 193 95 238 184 44 137 108 159 176 22 114 72 38 145 35 163 145
    211 31 239 36 48 241 204 180 215 199 231 79 110 65 146 230 216 106
    146 136 4 123 200 95 136 2 211 239 224 159 146 180 233 170 61 2 237
    136 242 101 223 75 236 18 124 102 79 53 209 141 153 52 156 123 248 1
    158 239 231 233 212 170 132 222 250 66 61 76 254 233 152 46 97 151
    230 227 32 25 155 121 208 43 166 198 174 130 139 195 252 142 112 16
    109 155 84 57 214 85 45 221 237 68 57 211 34 7 178 202 233 52 232 65
    62 211 109 225 82 127 38 147 21 229 133 66 145 204 174 167 70 63 33
    54 204 101 153 253 99 122 13 28 88 118 35 75 44 168 2 33 41 139 212
    156 241 9 56 105 52 82 108 74 41 169 217 204 175 211 45 206 134 134
    93 45 89 133 150 163 93 118 87 206 36 233 181 185 108 217 55 162 176
    119 237 196 1 2 46 24 157 69 200 241 192 253 211 53 195 10 31 114
    111 134 143 56 141 129 147 194 241 161 104 85 126 153 180 219 152 59
    62 149 19 119 239 164 135 61 205 82 94 110 249 38 210 253 217 132
    149 105 37 138 192 209 201 177 111 228 53 34 251 97 42 153 153 146
    125 197 148 224 198 38 27 142 140 208 143 65 177 198 133 169 179 195
    50 248 250 111 26 137 221 175 138 67 169 228 195 41 59 93 42 162 47
    146 186 249 80 20 164 6 69 78 30 40 83 86 223 106 11 195 111 88 93
    177 34 188 76 15 151 215 28 46 245 240 126 89 92 132 38 103 226 225
    29 246 111 19 42 22 187 146 35 98 16 76 165 240 125 235 249 233 88
    65 243 190 151 160 81 191 240 153 158 144 13 70 80 23 158 55 170 85
    207 207 165 2 255 70 218 56 27 172 77 37 139 178 93 56 180 53 22 44
    220 110 151 29 36 215 173 74 132 90 139 19 63 123 89 22 1 4 157 233
    25 195 153 226 223 61 37 110 56 184 255 209 231 51 210 24 169 21 197
    155 55 251 187 113 229 147 20 213 146 154 164 243 121 49 195 116 60
    131 204 92 123 85 187 147 43 1 162 194 190 187 158 193 184 241 76
    243 8 80 133 186 138 0 15 53 228 183 160 102 166 6 244 125 226 143
    121 32 13 155 37 26 96 227 30 112 83 233 29 97 125 229 140 156 217
    83 48 138 8 115 134 136 229 158 181 232 73 209 73 202 129 248 113
    141 54 49 118 125 158 60 25 145 120 8 249 225 193 28 61 4 116 246 33
    179 17 189 74 44 19 55 237 78 110 222 48 242 143 146 136 245 201 85
    15 236 110 46 86 233 128 168 77 83 118 88 247 162 47 242 176 106 115
    154 42 88 238 86 39 189 131 137 56 228 48 250 12 62 76 157 97 96 138
    120 132 21 21 129 54 201 132 210 20 33 118 228 211 201 120 235 190
    124 60 217 195 170 179 135 100 119 179 136 12 253 97 131 46 59 51
    113 225 142 156 219 133 64 131 174 25 255 196 32 76 254 185 30 65 71
    22 117 140 181 55 207 70 206 96 98 124 103 184 163 142 34 35 172 132
    113 113 255 223 35 189 79 108 201 216 21 94 155 67 47 154 215 10 95
    115 44 136 84 203 62 249 170 52 206 242 126 88 244 209 159 16 58 116
    76 213 107 233 83 192 27 96 183 222 60 27 122 38 189 14 10 101 180
    123 234 179 223 51 70 232 219 247 37 179 241 228 119 182 45 72 64
    251 164 140 112 184 89 102 201 42 199 29 52 169 10 210 3 9 134 116
    234 216 35 78 240 169 221 108 144 134 54 151 235 162 44 5 117 129 54
    201 98 211 0 41 127 199 3 164 206 219 79 38 177 133 221 167 83 133
    16 189 54 120 105 160 122 101 60 170 60 9 46 198 95 57 55 150 168
    165 230 31 217 33 21 135 15 148 64 30 214 128 118 162 99 215 115 78
    177 185 185 99 110 89 179 46 121 165 93 33 145 144 182 162 235 179
    19 33 27 14 247 117 255 68 211 230 15 218 20 45 184 35 171 228 1 234
    126 83 57 240 112 195 116 12 78 246 166 37 239 251 11 67 153 85 57
    237 236 184 2 250 217 192 65 139 169 26 185 238 31 147 43 183 242 41
    184 37 145 202 151 37 55 188 134 161 72 250 9 40 203 35 136 96 86
    123 241 8 226 220 230 195 50 45 186 66 137 65 6 232 196 107 2 149
    114 132 0 8 25 128 202 27 130 39 92 43 194 222 209 24 78 188 33 13
    24 250 102 142 189 251 96 59 24 241 189 104 166 90 36 90 79 173 229
    24 185 219 216 80 70 202 28 104 60 18 249 24 169 149 129 77 57 172
    190 200 21 127 60 121 63 129 87 130 93 9 120 58 205 95 151 152 61
    200 27 228 121 214 128 154 203 144 243 184 46 58 74 74 143 207 17 48
    245 181 49 168 159 2 55 25 201 100 100 146 175 51 208 40 208 50 37
    234 56 57 222 176 38 231 164 16 8 204 177 201 66 239 244 168 4 13
    236 230 148 43 20 6 210 201 253 2 189 35 137 99 130 21 151 210 244
    156 187 66 5 255 72 245 59 43 106 170 54 244 61 112 12 120 103 102
    184 35 67 155 144 36 5 117 209 153 86 165 31 202 198 182 127 183 227
    105 102 29 90 20 193 105 172 23 18 27 221 171 189 231 125 104 130
    228 180 139 252 10 193 250 198 182 71 206 228 206 94 136 108 205 218
    143 188 102 206 237 216 76 142 15 194 93 9 179 15 100 115 175 251 28
    130 79 3 109 50 96 249 38 247 74 245 123 73 174 38 148 203 91 20 211
    154 62 234 236 156 252 241 59 11 200 69 28 228 85 236 51 207 32 249
    138 138 35 182 146 63 130 149 32 121 57 251 186 77 241 105 241 216
    223 184 21 171 174 11 152 110 109 38 46 52 199 84 187 90 139 229 172
    212 194 169 182 168 198 206 194 191 105 96 231 41 139 146 29 73 251
    255 170 43 85 209 87 67 71 132 165 157 58 95 101 193 33 135 238 249
    78 33 60 246 88 108 201 147 195 123 51 131 82 247 43 245 134 187 196
    96 127 113 237 191 122 23 66 166 102 164 204 190 80 15 229 125 144 6
    148 125 137 4 215 189 184 166 164 224 240 248 70 114 80 170 241 133
    246 163 206 136 228 208 231 108 134 99 156 179 199 62 46 54 41 98 58
    233 194 231 222 196 68 98 61 191 49 210 10 3 52 250 54 57 127 30 167
    116 2 187 14 240 224 219 129 121 105 236 3 252 18 186 62 184 48 110
    56 163 217 64 75 131 65 136 178 6 173 222 250 76 72 54 251 112 12 14
    44 246 149 134 170 41 130 130 23 248 138 226 200 254 149 107 254 3
    74 132 71 84 69 62 9 53 14 68 38 34 170 40 176 164 50 219 142 97 105
    84 90 15 89 115 157 100 107 59 140 123 152 36 91 183 206 166 236 33
    221 223 63 38 151 221 89 130 72 102 116 205 5 44 57 116 105 73 184
    26 200 162 33 137 158 216 100 70 50 26 146 163 218 123 103 10 33 46
    52 182 195 99 22 168 162 248 32 95 131 171 77 58 230 218 216 201 206
    44 67 166 143 120 97 211 216 64 217 199 254 211 178 212 133 116 69
    116 220 227 194 185 140 13 159 67 9 119 10 208 199 244 58 113 38 43
    173 7 238 135 154 32 175 1 158 19 41 132 129 240 180 241 71 204 250
    17 205 145 167 168 148 98 208 238 130 45 59 48 64 14 124 207 207 147
    224 196 176 96 19 59 128 37 96 215 74 93 11 12 52 187 149 83 221 105
    184 168 43 89 149 94 228 137 130 176 162 168 64 139 82 102 197 140
    90 211 126 251 173 37 88 154 3 130 119 239 5 217 90 14 51 122 235
    217 36 15 237 27 11 151 75 49 62 184 38 23 107 155 210 119 38 177 28
    30 59 79 44 34 161 41 23 61 43 70 195 175 87 239 149 137 109 175 67
    52 63 82 186 128 72 22 69 141 36 22 221 244 165 177 12 236 8 142 63
    158 218 98 71 91 249 234 30 73 95 58 222 51 61 19 138 163 175 119 36
    207 184 154 92 204 62 209 153 231 40 118 91 220 184 112 178 174 105
    185 134 167 204 247 53 167 141 144 151 164 136 219 170 215 82 192
    165 229 91 36 42 167 128 11 203 204 67 42 251 251 244 247 59 14 197
    192 160 24 43 85 28 119 131 200 129 81 173 110 90 19 122 34 242 221
    185 236 148 13 20 80 29 112 3 127 52 217 71 71 160 95 196 224 236
    220 37 134 35 201 243 185 154 73 1 116 205 163 187 8 130 165 157 63
    81 173 159 38 232 144 226 158 51 161 111 97 152 216 82 167 68 130
    227 126 154 18 65 129 74 25 174 117 238 165 33 83 43 81 43 26 222
    250 70 184 22 24 204 101 39 214 41 112 238 62 20 141 114 204 118 208
    250 157 144 94 181 141 106 121 73 11 53 134 83 245 35 182 38 76 216
    78 117 154 223 247 18 87 183 206 65 90 161 199 251 116 168 40 46 96
    44 111 79 206 172 227 48 32 200 113 88 153 219 30 228 16 223 139 112
    53 71 224 190 32 165 122 123 69 91 158 156 157 162 51 33 29 65 106
    248 55 0 170 9 123 184 38 101 151 218 126 132 70 125 188 176 248 168
    132 240 206 221 240 50 111 101 29 50 50 215 22 3 215 160 3 138 175
    81 63 171 239 141 246 84 77 182 101 198 13 201 207 220 229 137 116
    205 70 233 91 181 124 243 66 160 156 104 40 226 114 244 212 239 59
    199 54 44 78 72 70 1 164 0 199 192 61 217 157 134 142 151 32 150 236
    20 94 214 35 212 108 25 185 10 199 0 91 175 26 245 57 14 1 53 126 35
    64 32 120 66 163 15 85 31 227 121 240 31 18 181 198 67 81 231 47 156
    178 163 251 70 65 79 101 102 130 149 111 235 102 156 118 119 93 242
    133 186 141 234 176 70 108 162 48 51 84 0 215 171 102 73 214 129 177
    36 126 119 252 158 148 112 169 115 45 147 191 185 67 239 161 151 51
    214 118 9 75 130 17 5 88 143 180 185 237 216 14 160 102 6 224 172
    181 181 137 97 72 236 212 199 119 161 254 105 65 19 116 98 161 206
    194 215 152 40 156 244 133 130 110 0 150 96 185 164 170 241 236 52
    142 141 72 123 114 22 216 120 34 198 185 182 0 37 110 34 90 168 205
    188 201 155 172 167 152 203 137 18 52 119 30 0 89 216 15 145 127 105
    77 65 145 128 190 7 46 66 43 84 57 215 28 229 139 50 1 155 169 101
    249 122 212 221 244 146 183 179 197 221 40 100 195 46 29 209 67 160
    86 63 0 56 161 28 20 202 95 124 200 229 146 29 68 233 108 187 217 9
    224 212 195 55 182 78 166 85 25 250 204 141 74 193 238 229 121 217
    202 26 176 131 197 25 215 89 239 101 140 96 254 7 215 5 147 116 159
    199 169 40 38 148 0 216 97 6 25 22 4 206 198 229 11 79 217 131 211
    211 148 42 78 9 131 64 90 63 52 53 188 49 63 78 40 111 143 15 145
    103 79 122 170 236 236 127 212 49 56 3 89 32 176 250 210 234 105 24
    222 19 185 22 171 71 56 129 67 217 7 49 227 233 30 208 61 170 16 188
    21 184 80 145 153 5 225 63 100 144 133 169 107 30 156 236 130 238
    148 102 129 106 125 33 111 185 78 96 85 245 147 127 151 144 246 72
    85 247 107 140 76 117 137 185 119 85 154 109 227 117 72 251 11 10
    145 43 174 15 238 222 19 50 110 91 195 31 134 194 158 10 44 137 52
    157 87 205 57 225 7 124 133 143 142 80 78 98 19 233 84 14 22 169 116
    136 23 235 65 108 51 225 120 95 215 46 87 182 62 183 2 2 204 189 11
    250 238 110 2 166 201 168 9 60 36 201 24 247 133 0 213 214 190 165
    221 171 117 125 214 23 44 108 89 191 67 238 68 100 113 57 224 214
    252 139 3 23 205 87 168 168 101 215 75 250 173 80 170 152 235 127 36
    57 80 171 196 15 35 35 8 140 211 85 207 58 117 129 1 137 125 184 241
    91 171 237 103 21 118 88 54 133 181 17 33 98 173 81 220 211 3 109
    236 138 108 79 147 100 193 77 195 151 164 72 185 240 129 9 219 97 35
    91 105 191 86 132 221 236 160 226 155 133 154 248 203 43 157 92 145
    118 27 198 153 229 106 91 61 203 185 97 123 184 131 31 57 245 133 24
    141 7 167 114 133 170 236 157 248 74 25 239 55 53 39 107 128 13 129
    161 168 138 171 241 225 100 71 67 211 248 133 242 145 35 160 45 130
    76 223 217 152 177 139 205 75 252 208 212 223 20 130 167 226 51 103
    210 221 234 37 120 177 182 185 11 65 17 249 40 195 159 196 45 122 20
    47 52 161 202 41 165 230 180 55 165 118 100 229 243 123 110 16 230
    239 126 37 156 106 68 119 61 191 166 158 163 222 34 74 11 141 107
    173 95 230 87 3 232 221 17 129 41 94 217 82 231 204 39 173 201 108
    251 172 34 105 68 34 131 167 112 66 15 246 165 107 74 255 193 184
    191 4 231 40 254 186 6 214 50 117 191 50 143 109 166 28 223 158 69
    42 227 195 209 207 66 89 205 130 93 173 78 54 62 14 216 204 189 50
    222 83 153 24 116 143 66 38 7 23 122 1 109 143 127 221 46 101 180
    224 210 40 73 215 140 51 57 9 79 85 99 65 209 161 88 30 25 180 100
    95 74 20 41 83 12 150 42 45 104 227 72 25 96 138 46 15 197 102 121
    189 18 11 176 138 112 234 82 96 20 90 243 139 144 109 171 123 235 93
    55 30 90 61 61 212 208 81 145 95 189 130 80 94 96 163 227 114 180
    218 39 21 197 31 215 222 142 69 175 163 121 53 200 178 145 52 1 104
    231 88 109 156 123 185 90 115 91 121 59 252 49 98 130 79 178 218 183
    29 237 95 169 209 220 221 218 0 81 189 204 48 73 245 248 36 132 60
    222 252 88 190 107 186 148 94 175 255 208 118 159 41 211 70 78 0 177
    38 188 70 232 221 42 132 54 44 45 94 195 220 80 215 255 28 216 69 6
    101 52 73 136 235 81 15 101 173 189 68 52 252 44 156 71 187 190 50
    150 5 203 51 219 143 54 106 247 207 225 0 135 204 6 57 167 43 112
    249 100 254 168 220 76 9 121 101 94 26 1 133 185 194 197 142 127 38
    136 178 128 140 232 171 222 22 11 230 132 151 156 157 9 171 69 191
    165 226 234 209 71 131 232 96 90 27 226 149 103 29 136 148 38 34 97
    6 238 170 98 151 192 100 182 184 239 64 35 30 73 100 108 5 24 195 52
    164 220 63 172 25 26 88 204 19 52 184 88 195 83 42 178 184 24 17 47
    173 61 71 117 31 135 217 20 221 81 27 170 33 142 84 135 32 230 87
    147 26 201 136 228 149 139 100 15 183 43 48 11 18 177 191 41 60 80
    62 209 52 96 182 76 11 11 8 94 48 91 174 114 238 50 18 52 233 84 47
    154 16 242 132 35 46 172 65 116 193 25 234 1 122 12 86 90 17 237 16
    18 224 143 31 103 144 29 132 181 170 243 7 89 4 49 101 228 155 53 58
    84 205 157 160 3 218 175 108 0 81 171 106 134 110 105 195 33 131 70
    210 231 103 20 118 194 195 187 166 240 172 72 175 186 191 118 164
    127 57 136 97 140 30 75 75 109 115 199 128 119 19 68 114 95 226 89
    89 135 210 60 108 66 161 168 173 94 139 38 7 147 39 239 51 2 129 193
    175 92 90 77 148 47 21 10 188 200 168 246 140 144 67 120 228 94 46
    245 23 28 61 49 23 159 170 173 51 128 152 98 73 5 126 112 184 149
    138 133 215 240 173 84 53 223 86 161 243 175 222 125 133 243 254 89
    37 215 235 91 234 250 201 236 41 134 165 36 253 100 14 19 196 53 106
    101 103 143 167 54 123 111 177 99 27 199 79 79 73 203 110 123 13 24
    209 182 117 220 92 251 13 175 244 4 45 16 52 113 121 76 43 38 1 63
    209 179 139 62 204 143 134 109 190 84 184 144 54 67 240 68 142 233 0
    2 117 220 38 187 211 60 130 241 198 245 4 226 36 35 41 245 41 16 59
    221 157 10 98 27 234 31 26 135 37 127 128 6 15 9 78 151 229 62 140
    223 117 19 225 220 127 56 227 165 167 13 43 31 90 79 236 162 101 84
    74 149 0 159 98 206 206 46 28 229 49 34 8 182 212 80 197 1 213 23
    168 84 222 227 234 134 224 141 5 145 127 31 10 61 224 161 117 161 94
    222 130 221 230 248 206 168 78 75 190 137 105 104 114 180 44 35 66
    58 213 230 254 208 53 226 34 28 70 4 141 100 88 255 171 110 46 131
    160 78 78 240 163 104 12 132 198 123 23 134 62 31 143 23 252 37 246
    134 114 107 42 6 10 40 35 9 78 13 76 132 5 1 44 115 251 103 162 28
    46 70 2 27 147 243 80 224 188 64 185 132 2 50 15 187 186 13 33 238
    209 128 196 91 185 214 215 165 225 3 252 90 20 82 137 144 194 155 65
    171 205 236 178 224 76 125 21 125 85 65 228 129 98 54 101 61 139 78
    15 90 198 18 183 167 110 110 120 31 108 187 29 45 3 140 188 32 116
    154 255 185 59 167 1 159 202 4 159 221 209 70 247 158 173 131 99 146
    183 244 136 205 213 250 249 12 156 188 126 7 161 19 221 228 23 169
    29 67 220 85 36 218 170 200 216 20 39 203 112 139 85 48 200 235 211
    141 165 100 140 115 225 39 139 244 138 47 71 150 224 148 67 182 118
    156 16 118 250 87 240 138 26 113 108 168 36 181 26 16 210 192 70 12
    125 154 160 202 214 244 174 46 239 19 172 208 163 64 132 79 193 237
    160 218 119 187 213 141 40 96 35 112 164 101 243 2 166 109 234 141
    253 255 69 2 179 20 156 201 22 104 91 190 81 178 189 121 35 249 228
    47 229 45 245 24 45 7 32 28 54 97 77 240 210 171 45 167 98 98 239
    210 50 97 67 187 159 225 144 217 74 185 13 203 73 20 97 89 73 152
    129 131 249 90 151 201 5 244 228 130 144 1 7 80 1 245 62 55 61 143
    14 18 153 218 139 227 78 72 41 14 67 208 108 188 77 139 2 167 111 73
    163 24 134 156 11 88 23 56 218 90 115 34 65 91 174 182 68 251 128 30
    164 64 23 121 93 115 216 158 210 250 96 218 174 6 128 204 33 146 43
    136 98 33 164 223 203 32 124 224 46 41 91 88 246 58 126 64 31 160
    243 125 88 127 155 208 60 52 29 89 174 136 101 139 16 252 14 63 243
    232 44 81 195 51 202 130 190 9 159 65 237 31 145 5 57 55 249 9 6 43
    132 152 235 229 242 129 99 169 33 211 166 98 50 89 139 239 180 219
    231 1 104 127 155 22 179 71 201 32 110 66 144 65 249 61 48 98 242
    178 180 53 89 159 7 211 19 254 230 211 160 232 151 86 54 52 193 45
    90 134 255 253 87 140 116 41 179 142 138 120 171 247 216 248 166 224
    57 176 20 198 76 78 213 44 105 137 101 226 202 182 107 208 148 173
    37 83 0 248 32 179 152 198 210 23 154 212 36 62 126 242 167 68 252
    67 155 154 166 206 242 50 94 246 44 36 84 207 145 175 2 25 160 199
    187 121 171 119 41 152 95 219 6 140 182 39 9 183 124 63 74 78 97 159
    117 54 218 12 5 26 238 60 160 134 14 193 159 225 22 133 228 44 124
    85 153 11 97 201 24 21 211 202 246 250 150 193 117 164 43 202 189
    221 210 82 168 22 140 53 79 163 228 231 57 230 115 102 105 242 116
    147 74 184 128 191 141 158 127 219 205 213 179 67 238 155 1 59 222
    27 150 30 244 27 126 99 77 113 113 6 157 1 173 249 77 69 68 44 189
    231 135 185 114 61 93 24 44 21 95 69 158 51 91 104 235 103 173 95 0
    33 253 107 92 247 109 151 162 50 80 217 154 166 108 121 224 143 77
    197 220 144 138 145 100 186 230 202 165 57 214 114 74 209 5 33 226
    193 187 42 201 200 243 13 106 11 19 29 11 15 198 12 108 125 116 143
    121 178 4 49 101 34 23 106 246 22 152 149 170 181 60 6 48 55 134 174
    55 19 114 211 40 65 169 11 14 225 177 126 213 14 188 186 33 164 91
    126 46 151 64 113 60 194 214 165 130 103 23 226 64 109 192 235 0 172
    194 93 102 129 187 42 203 77 99 49 246 196 91 75 132 65 47 103 179
    42 190 150 2 56 13 188 143 130 216 191 217 196 126 152 117 218 131
    94 118 88 77 93 65 57 236 254 93 103 215 184 218 246 121 4 44 99 30
    250 154 38 181 145 84 110 114 97 161 92 26 35 8 221 247 178 29 245
    42 31 126 56 39 236 1 68 156 121 199 130 166 199 40 143 250 157 120
    205 152 205 38 71 39 137 173 104 197 165 105 0 196 176 56 232 103 38
    53 95 14 192 118 98 170 250 173 244 2 244 12 150 98 110 161 200 115
    233 157 239 197 167 77 11 106 11 193 130 39 119 0 77 172 31 125 201
    13 69 34 248 238 211 160 75 159 244 109 206 91 146 92 26 116 138 201
    200 75 121 134 84 85 179 82 146 158 19 119 126 220 54 3 111 212 227
    29 175 42 124 24 67 116 104 31 255 204 69 59 114 150 54 232 38 66
    216 221 127 168 143 68 23 32 39 146 2 75 21 71 86 203 14 246 195 109
    78 244 110 244 26 185 114 142 142 75 126 152 53 70 59 126 87 88 98
    13 214 197 210 13 82 18 98 25 19 9 128 234 113 254 204 104 111 188
    156 87 210 210 239 85 55 250 136 192 165 166 251 172 9 176 149 168
    164 249 225 42 0 237 52 3 11 202 77 20 74 54 253 67 158 31 201 179
    97 120 229 230 119 145 186 8 17 44 187 113 224 49 0 44 128 14 181
    127 99 38 217 189 224 205 135 58 211 9 37 48 192 8 238 63 194 100
    158 226 93 98 227 20 229 92 144 232 70 163 44 178 57 226 161 24 81
    61 157 33 176 164 172 197 249 36 87 164 58 238 170 47 28 217 112 102
    98 179 123 96 142 151 168 19 24 143 179 48 218 15 82 225 42 238 53
    207 92 213 10 26 193 118 130 159 249 55 197 249 149 92 78 159 53 35
    189 153 173 58 135 194 227 124 161 130 63 213 26 238 185 122 177 174
    135 73 208 199 108 68 50 228 2 177 195 146 4 227 223 197 146 84 215
    155 70 166 237 91 242 192 238 208 148 27 164 194 72 86 26 5 56 99
    220 26 59 79 181 246 12 16 74 130 73 255 73 61 8 54 236 11 139 16
    134 103 80 174 88 175 104 205 119 22 151 145 190 43 16 180 177 153
    124 170 238 179 120 209 206 252 48 89 25 86 128 255 113 146 243 90
    64 2 184 56 127 81 1 70 94 153 210 139 7 244 141 249 196 224 57 2
    138 226 105 154 61 214 220 108 163 196 57 14 96 155 250 154 246 173
    75 66 194 19 14 145 96 134 56 41 121 237 117 22 195 8 49 76 97 142
    18 22 210 112 138 85 61 15 31 42 215 122 17 211 25 118 241 172 239
    121 238 54 19 237 253 143 206 59 139 199 232 164 228 118 118 115 76
    39 161 20 248 70 41 220 101 231 23 91 7 153 196 108 144 101 234 15
    85 10 88 44 141 73 201 185 86 171 1 246 5 243 165 111 195 244 63 30
    20 97 104 122 86 249 223 134 114 108 9 5 76 177 38 122 75 177 169 2
    119 168 25 122 49 166 4 113 170 135 233 10 130 135 4 61 50 128 39
    118 242 214 151 27 19 129 47 148 3 81 52 111 45 9 207 250 34 250 139
    34 51 150 199 236 31 191 238 238 111 110 121 159 173 175 118 205 82
    227 202 90 22 113 65 42 34 244 190 113 85 139 54 119 210 118 59 208
    185 53 142 66 135 206 200 210 16 133 121 191 169 27 139 132 125 145
    101 57 49 154 133 235 14 148 144 127 234 240 188 200 128 140 213 93
    139 186 213 149 101 38 176 108 57 181 225 57 210 173 82 198 179 252
    65 39 116 75 171 101 195 115 124 78 51 12 53 249 32 50 115 244 136
    109 107 96 203 254 17 241 199 102 177 25 76 24 107 152 34 143 50 18
    48 58 127 0 5 82 238 27 17 131 189 72 147 123 91 245 125 70 19 14 8
    120 179 95 202 240 11 124 92 20 25 197 201 167 200 0 0 98 81 98 58
    104 214 110 68 175 75 116 69 75 243 60 26 189 93 70 99 57 75 244 89
    194 186 237 23 95 64 123 27 101 122 74 179 68 11 191 223 234 71 106
    242 161 198 132 205 229 0 178 36 142 27 243 28 107 132 174 160 230
    58 110 30 96 24 128 187 181 101 144 249 190 124 86 172 9 7 98 226 39
    54 226 218 11 55 231 254 61 190 71 103 57 32 145 167 34 96 79 53 22
    252 34 2 38 115 246 41 33 157 148 26 185 9 98 78 77 121 228 175 224
    229 202 247 136 125 131 97 205 104 112 61 180 229 237 159 253 176
    255 97 211 208 199 246 137 184 132 20 76 221 145 49 87 176 224 129
    218 28 115 212 226 65 63 152 76 23 149 93 67 71 44 63 21 76 134 99
    49 161 24 33 44 253 221 84 189 245 127 55 27 193 214 138 19 176 135
    92 96 165 179 89 131 241 82 6 61 86 220 0 53 224 25 149 43 235 151
    90 238 204 11 98 141 165 33 187 222 179 28 7 186 206 198 105 84 146
    97 26 101 252 164 140 235 248 124 90 179 65 92 79 229 66 207 177 255
    49 71 180 143 96 75 149 73 174 75 245 179 6 24 6 91 137 114 131 81
    87 229 104 68 61 32 62 68 214 103 62 250 71 229 110 8 137 212 34 94
    5 205 113 51 20 254 62 172 77 164 134 47 73 222 198 154 138 29 200
    141 140 127 74 120 47 23 45 15 69 9 241 184 31 124 178 158 14 34 241
    127 28 242 236 202 236 143 215 191 148 172 239 170 121 77 142 239 6
    84 14 82 252 197 212 36 132 98 118 225 144 35 236 216 107 150 12 230
    170 185 88 89 117 38 47 13 214 210 37 229 81 239 117 211 94 13 76 25
    88 123 84 141 228 201 47 228 220 228 25 125 55 208 238 53 161 118
    178 116 162 153 196 240 80 110 31 159 124 81 13 238 1 252 217 58 90
    19 15 124 15 78 74 217 9 44 21 111 82 252 199 231 12 149 73 88 202
    150 58 22 140 38 237 167 144 232 45 119 75 23 2 199 161 229 29 108
    92 136 146 4 60 163 240 239 69 170 185 190 223 220 192 231 35 244
    198 190 117 74 136 65 217 32 233 167 128 117 194 67 39 130 92 102
    108 83 64 215 171 252 156 211 153 156 168 160 64 195 0 10 219 127 20
    88 195 230 214 6 153 23 9 103 15 248 195 151 139 207 48 174 173 72
    139 252 55 40 9 222 136 77 87 89 109 120 44 236 106 141 196 253 29
    19 121 78 173 52 87 165 110 174 114 9 193 197 86 213 101 204 133 143
    104 237 0 77 134 165 157 21 62 64 209 165 238 142 60 90 45 100 1 79
    9 83 95 54 78 162 169 112 251 79 80 182 94 107 22 114 115 125 82 77
    41 87 171 161 88 81 120 9 150 57 150 199 239 40 60 137 11 9 153 100
    185 186 140 57 145 255 200 56 115 163 44 135 129 162 81 99 169 242
    219 235 138 130 85 21 216 240 127 155 50 15 251 38 234 95 199 96 186
    26 68 82 176 20 158 174 90 55 67 219 3 88 130 7 28 1 125 24 87 0 124
    185 181 209 33 168 172 61 212 76 62 81 130 132 31 200 68 235 63 220
    51 146 70 218 216 227 108 9 226 215 47 160 255 166 28 220 215 37 202
    105 98 225 226 187 41 186 185 225 118 112 136 226 252 214 191 116 2
    30 82 163 185 178 132 230 176 131 51 36 218 213 201 29 198 134 86 43
    25 189 28 63 153 155 109 127 167 182 78 29 136 115 96 204 247 157 85
    147 95 187 103 203 207 122 195 194 210 179 80 186 161 212 60 234 110
    225 229 172 223 69 95 148 143 121 72 133 31 21 233 61 95 6 38 74 124
    29 93 111 15 77 117 5 38 151 16 126 29 150 190 94 105 93 225 234 20
    88 164 100 154 167 43 109 185 58 3 246 145 40 58 241 133 179 52 76
    34 132 34 75 177 59 182 6 123 210 158 45 19 253 96 46 97 99 146 45
    196 213 254 253 149 62 12 32 226 211 166 177 222 120 38 168 183 44
    38 237 194 107 224 242 9 239 37 161 239 92 168 109 149 180 153 103
    181 237 215 175 234 213 93 155 150 145 126 90 74 17 210 53 22 80 219
    159 32 119 36 72 166 17 98 215 197 18 119 196 64 64 64 0 255 65 159
    105 29 127 189 252 30 157 30 238 185 228 108 211 23 24 36 199 17 173
    104 191 237 155 79 197 186 138 88 47 63 83 55 42 246 28 197 189 51
    80 96 61 249 203 89 129 222 194 46 109 105 123 64 219 160 194 245 0
    127 59 218 205 91 193 183 28 137 32 247 179 255 95 204 110 235 83 96
    179 86 148 125 252 193 200 96 236 211 166 193 253 253 102 57 40 83
    75 103 43 180 155 152 188 54 129 143 61 119 119 191 185 244 242 168
    54 62 83 185 86 130 110 177 207 224 152 193 48 210 232 53 46 207 236
    25 146 198 247 87 183 11 138 168 133 10 67 119 184 78 218 167 4 181
    230 13 20 170 196 209 75 81 219 135 62 163 224 147 181 116 231 101
    180 201 29 29 122 241 71 14 195 173 115 26 199 109 141 125 206 219
    153 126 197 88 117 147 121 12 41 79 166 120 50 208 75 70 62 116 198
    49 247 93 33 160 90 196 177 192 180 114 78 99 139 3 148 140 70 122
    168 162 250 10 106 241 155 152 164 241 46 104 177 183 160 36 221 229
    230 166 78 53 209 156 30 65 212 87 247 164 236 49 242 84 254 172 208
    131 192 164 238 205 111 122 27 96 86 226 110 210 233 131 56 122 16
    200 158 155 155 3 7 174 37 111 184 36 254 136 12 157 48 87 149 229
    109 255 167 69 75 166 203 2 171 126 68 181 249 13 116 104 107 19 254
    77 176 109 14 34 99 203 236 178 218 163 74 166 10 103 111 140 211 95
    234 61 207 8 82 147 140 198 151 105 47 216 5 221 97 204 202 6 42 226
    40 203 43 56 251 29 111 187 31 146 44 10 29 192 162 85 152 106 167
    177 58 208 53 125 117 188 44 206 249 189 214 140 17 26 16 76 9 127
    119 157 254 223 196 161 80 186 132 60 39 254 202 167 23 147 127 156
    250 213 60 144 51 96 104 153 14 33 179 251 198 205 252 97 55 118 65
    255 157 13 212 7 132 221 181 184 143 16 216 246 100 221 38 129 158
    192 28 94 45 65 188 191 215 26 229 71 11 10 43 5 161 100 253 62 156
    42 114 52 78 16 105 12 182 98 118 227 143 23 159 81 88 58 23 231 253
    163 70 237 133 247 135 233 61 73 218 91 250 253 81 1 249 206 3 204
    116 34 191 153 230 104 44 140 225 69 254 219 145 120 65 159 11 149
    50 131 244 238 192 159 31 46 55 135 251 63 137 155 96 128 254 144
    174 156 9 68 227 219 99 11 87 136 198 86 101 135 239 10 116 41 184
    140 223 58 96 85 161 201 220 153 8 128 2 78 128 20 200 218 211 9 228
    66 251 250 201 115 82 88 149 206 215 127 115 111 162 247 47 139 183
    206 148 73 178 198 194 25 76 249 154 241 90 50 37 113 161 185 92 76
    255 143 191 235 38 249 248 11 84 96 9 197 140 103 230 114 82 14 145
    113 171 236 205 237 47 4 199 64 201 181 143 244 241 170 49 212 127
    166 130 245 224 69 131 236 45 182 89 33 66 64 97 81 11 51 59 170 24
    156 172 17 208 224 22 192 168 207 40 62 75 206 131 202 48 253 168
    138 87 222 64 19 3 233 151 177 232 222 115 1 226 143 9 37 217 160 10
    127 139 162 239 3 4 219 158 246 29 57 180 218 206 102 106 82 87 108
    176 14 16 92 30 14 174 84 248 128 234 128 245 134 46 8 24 29 80 91
    75 132 56 253 39 100 95 78 142 113 155 86 94 42 238 76 112 9 206 236
    202 115 220 10 90 223 187 193 36 200 100 106 246 181 15 254 117 55
    177 126 0 138 135 111 90 112 132 54 181 28 236 154 152 234 187 249
    201 9 179 254 249 253 105 66 206 184 158 68 221 1 196 90 69 74 78 40
    218 240 198 80 83 137 165 179 198 47 84 138 1 72 178 53 142 1 50 65
    243 250 145 8 135 92 197 50 159 92 6 228 14 223 109 98 14 192 29 167
    192 185 83 59 135 180 104 10 199 14 168 84 116 139 88 193 244 18 7
    207 55 192 36 152 88 228 15 134 141 57 30 103 126 93 35 251 1 49 138
    242 120 190 32 229 0 198 169 167 56 48 100 204 165 133 237 122 227
    177 196 41 89 69 139 216 94 4 170 194 230 14 115 79 94 110 160 208
    40 204 31 183 172 132 88 59 43 216 171 132 243 132 112 183 133 125
    67 78 166 194 202 149 248 142 240 69 26 1 249 194 198 116 95 162 130
    161 174 139 131 66 186 73 152 4 176 182 187 167 141 221 191 158 146
    143 134 38 247 62 166 233 192 223 252 86 205 228 58 35 167 185 149
    97 76 156 231 80 107 180 210 47 228 212 201 182 10 115 178 163 3 37
    44 24 207 2 132 166 40 233 159 222 48 177 186 75 58 133 130 26 41 62
    84 197 10 74 32 103 174 58 181 43 94 101 152 47 7 179 171 247 99 30
    209 23 95 33 116 31 212 133 234 120 91 128 150 216 177 86 42 221 22
    67 196 162 211 231 125 234 128 21 85 236 72 95 135 80 3 130 7 151
    228 81 102 2 34 10 59 67 197 66 235 229 12 162 175 125 255 206 111
    52 203 246 12 188 66 113 192 242 153 17 234 108 248 99 0 62 122 136
    82 214 177 61 38 76 90 225 189 57 39 130 142 158 230 104 125 85 123
    91 210 16 93 204 195 255 135 229 224 40 98 46 202 205 88 179 151 187
    189 218 126 40 8 11 248 69 26 113 49 70 208 22 235 37 4 155 66 198
    199 187 77 171 9 232 225 126 170 67 227 201 27 166 235 151 163 20
    220 220 12 190 2 76 17 244 185 66 219 149 138 86 146 53 247 66 118
    60 57 42 64 15 152 58 126 63 136 1 201 5 180 168 123 83 56 91 250
    254 88 175 202 202 15 140 163 171 201 213 228 183 47 4 133 168 102
    142 180 71 248 151 163 30 208 130 185 97 117 157 187 93 193 78 199
    173 130 172 161 145 166 30 137 66 187 18 72 136 123 91 153 54 105
    180 202 159 150 188 120 244 85 79 131 145 78 119 203 65 131 15 99
    186 56 170 232 143 179 107 112 113 211 116 164 92 33 40 136 205 198
    149 203 224 161 54 232 245 115 71 206 171 178 27 115 103 103 74 157
    117 52 221 148 231 81 63 53 223 174 89 17 61 152 164 160 146 182 35
    141 214 209 180 76 158 127 189 104 160 63 5 34 9 223 192 105 113 179
    253 115 219 188 169 171 178 143 9 107 23 99 54 84 222 135 230 100
    161 178 215 232 173 140 248 209 247 1 122 106 84 94 236 230 103 186
    162 107 233 69 184 169 94 33 243 56 104 49 29 42 65 200 16 15 225
    170 238 124 190 172 98 65 7 94 144 194 50 41 33 153 215 249 51 30
    182 241 12 160 158 167 14 43 111 209 122 68 251 246 219 103 105 166
    71 81 173 233 180 242 11 145 211 217 56 70 107 152 9 74 91 203 190 8
    55 195 72 155 124 228 89 143 240 208 247 77 77 141 141 87 145 172
    186 210 65 159 156 176 45 96 12 109 232 157 3 250 119 224 11 48 60
    50 255 239 78 145 192 187 92 124 163 8 99 121 47 0 235 138 137 45
    135 87 27 208 80 37 76 50 40 105 229 225 232 203 62 92 200 219 116
    172 125 154 58 29 70 72 7 146 32 231 205 58 141 157 231 90 213 181
    178 181 29 92 222 164 142 237 163 225 73 109 23 219 158 44 243 21
    146 201 23 197 67 88 24 6 254 51 178 6 199 89 124 14 150 193 10 142
    9 159 62 183 124 72 231 196 54 210 70 202 108 231 73 20 140 127 28
    183 178 189 144 67 94 49 98 109 51 58 148 182 76 52 235 152 118 60
    42 30 81 182 91 72 205 212 69 190 48 90 163 172 210 216 148 84 144
    172 192 80 6 145 183 9 19 58 28 213 171 14 102 60 85 208 101 230 3
    213 7 55 33 41 215 96 221 148 203 73 228 177 208 180 196 156 157 179
    76 221 90 27 29 50 2 249 117 248 32 27 254 187 161 61 58 58 213 97 7
    165 226 7 1 241 67 184 188 80 191 199 210 76 165 122 198 1 139 208
    72 36 198 157 107 143 183 65 33 255 245 25 211 210 30 38 251 145 213
    203 95 17 136 199 139 200 18 126 240 206 251 243 12 79 46 208 76 20
    237 10 124 151 176 132 20 63 151 235 82 32 229 23 173 211 21 211 179
    13 117 118 22 43 157 120 196 234 21 219 188 22 215 35 237 17 233 32
    21 152 29 143 70 255 12 238 182 37 60 128 179 99 144 195 240 34 153
    231 38 122 50 27 158 41 37 85 115 92 205 26 229 42 164 241 105 208
    88 109 138 157 58 138 115 162 53 240 2 212 66 8 149 125 6 48 217 79
    127 170 79 55 211 241 186 66 106 234 97 7 59 198 69 200 88 62 16 198
    31 166 155 94 59 65 4 141 36 147 167 184 51 181 13 163 54 220 56 94
    26 35 201 202 202 214 50 227 216 145 103 217 236 187 235 139 26 197
    199 82 54 196 27 182 61 146 134 195 191 74 106 115 228 143 170 199
    32 87 86 123 221 114 143 103 0 34 3 89 164 239 177 114 141 219 76
    122 210 224 211 142 31 187 126 190 103 235 113 18 47 247 142 53 14
    194 160 207 232 192 180 204 240 101 24 232 238 149 241 220 216 255
    13 101 157 68 229 104 134 250 30 31 181 174 201 14 110 137 41 7 230
    242 45 200 28 114 70 52 39 93 227 63 161 232 49 83 51 109 124 2 210
    239 80 207 146 187 254 220 38 135 116 134 97 119 120 57 105 90 32
    176 161 17 204 147 249 230 51 170 52 154 242 86 104 142 244 46 202
    84 136 136 50 248 91 201 118 232 70 119 149 170 247 92 157 130 249
    46 77 195 11 234 29 192 124 134 197 16 67 193 137 253 255 246 222
    180 43 125 215 16 206 76 204 34 218 150 181 228 168 186 210 153 222
    205 138 13 222 31 213 131 129 234 105 134 92 39 105 99 214 0 80 222
    211 69 131 132 191 223 162 95 173 149 100 81 152 54 32 222 45 130
    180 32 130 177 221 141 67 44 3 5 5 136 76 194 203 143 174 133 179 94
    204 129 248 32 74 82 240 80 139 188 100 41 154 248 138 239 120 26
    155 159 100 97 29 227 119 64 49 174 23 60 96 219 220 21 147 131 92
    122 18 91 223 108 69 112 7 241 1 103 67 45 225 75 113 16 173 122 8
    69 130 133 74 210 182 203 121 22 36 154 63 56 108 127 191 175 244 72
    225 29 23 61 124 72 147 236 28 78 138 100 21 35 233 167 108 94 86 19
    138 225 74 167 153 162 219 193 157 123 86 96 179 80 206 116 76 2 189
    250 27 69 62 133 204 83 242 101 202 122 72 114 37 233 226 200 114
    237 243 63 223 235 53 118 130 151 55 202 148 178 98 17 120 34 110
    239 179 171 5 190 29 232 217 46 97 211 173 8 103 119 214 185 238 9
    81 101 164 52 201 1 43 18 211 23 226 178 149 176 150 194 190 214 78
    90 218 6 148 169 227 78 167 21 138 65 89 130 93 94 202 129 132 100
    175 35 150 39 17 83 52 77 127 17 189 79 45 154 69 220 21 84 189 91
    134 95 174 171 198 173 176 206 154 202 79 160 205 205 203 242 239 78
    116 37 203 15 84 81 131 17 171 94 145 234 142 96 90 102 199 151 71
    41 39 200 183 209 37 122 53 117 180 11 204 244 221 228 115 43 228
    175 205 219 243 18 77 116 138 101 73 64 182 203 223 2 105 92 166 88
    162 186 220 68 22 13 161 64 159 230 138 153 134 132 105 190 59 147
    61 64 82 239 129 110 215 157 25 36 248 139 28 220 221 32 72 120 104
    231 91 155 47 234 79 195 187 210 231 72 102 83 247 64 99 85 182 203
    168 77 129 162 246 19 248 251 135 105 136 158 36 11 179 166 138 194
    228 247 188 176 199 87 1 153 204 53 91 140 135 45 241 50 35 25 91
    198 136 197 74 67 210 172 32 168 255 14 11 109 119 123 5 229 21 142
    252 36 97 176 16 74 229 56 153 220 146 73 42 255 222 99 243 178 17
    230 50 184 138 167 172 164 14 212 29 209 12 187 77 19 36 159 27 67
    53 56 51 106 255 16 219 98 26 49 222 49 163 171 237 132 232 85 33
    112 64 59 133 170 78 31 154 48 52 173 173 105 23 55 177 121 80 118
    93 134 47 94 25 120 111 170 70 184 72 229 114 145 38 89 141 35 46
    225 149 84 179 81 187 96 190 141 252 12 23 110 61 124 99 18 58 8 179
    70 56 174 71 71 145 103 131 229 167 53 253 1 252 205 76 218 231 73
    154 13 237 172 36 254 21 62 210 79 176 0 214 1 164 134 87 205 114
    115 160 226 221 58 23 135 162 80 210 178 85 192 67 156 95 103 89 168
    41 26 97 54 224 43 64 120 7 223 84 132 23 92 229 28 10 122 142 69 58
    251 61 165 118 125 76 179 42 126 200 101 95 170 211 236 166 210 59
    115 62 29 78 47 203 154 92 192 200 239 78 65 250 12 145 144 191 211
    137 94 168 114 118 174 47 96 252 241 141 224 204 233 105 180 50 34
    130 4 79 242 143 9 252 50 36 56 180 66 107 230 12 47 185 123 160 112
    210 133 68 78 32 203 82 90 8 18 143 212 104 94 30 41 249 34 105 35
    145 66 200 5 30 75 150 167 45 248 232 60 89 48 169 198 203 19 70 137
    66 94 254 189 27 21 191 113 120 186 130 104 42 247 12 53 227 106 197
    254 5 168 90 181 227 211 205 76 28 202 180 85 186 34 151 106 181 165
    55 171 36 70 41 188 222 246 160 24 147 17 218 188 9 145 95 136 26 41
    43 105 204 1 57 158 24 208 27 177 235 207 229 187 34 204 245 180 255
    70 30 2 55 79 223 250 50 56 242 240 179 250 197 76 66 83 98 147 222
    147 186 127 139 95 6 39 2 220 67 164 77 52 17 227 99 59 35 156 157
    126 229 26 190 115 249 164 246 250 87 143 242 112 1 82 174 184 74
    137 75 52 174 148 87 109 158 56 115 125 15 59 79 222 82 202 70 221
    235 105 195 22 53 98 0 5 148 70 28 241 242 153 171 29 16 177 153 193
    120 176 47 47 240 31 96 178 82 241 236 173 206 108 187 236 108 132
    192 185 85 31 223 208 216 150 224 51 130 74 207 10 141 153 53 14 226
    3 168 180 68 254 117 250 167 185 219 139 199 39 90 218 206 255 127
    126 62 15 92 200 172 228 106 184 167 61 58 51 180 52 12 45 233 197
    212 4 151 208 222 16 219 220 54 117 252 88 206 93 165 25 39 238 184
    239 3 239 201 93 20 1 133 99 78 159 123 81 83 224 34 34 132 203 141
    189 66 60 212 83 246 44 166 213 165 63 181 77 141 45 122 113 213 33
    113 199 106 38 246 163 234 120 245 125 93 69 238 233 232 169 41 236
    101 26 70 201 41 237 207 52 75 222 26 81 72 49 175 30 38 225 68 34
    54 206 221 79 110 38 238 21 140 176 174 70 202 44 209 120 65 153 190
    150 37 173 221 188 34 10 231 32 175 14 117 199 61 55 57 84 148 136 6
    220 245 217 42 109 156 17 158 166 5 143 60 130 157 231 121 45 249
    172 66 129 178 103 223 202 239 123 250 195 65 236 65 82 16 140 250
    142 139 227 167 193 22 195 104 175 135 184 189 107 232 85 23 111 50
    139 180 169 229 226 233 143 224 87 205 100 202 68 175 132 141 176
    232 245 156 17 187 34 135 82 248 22 207 64 132 38 8 213 113 55 139
    18 38 130 68 123 161 60 87 56 235 132 2 75 46 136 247 123 51 31 100
    237 202 110 189 139 152 55 40 145 242 16 252 174 93 38 183 120 199
    250 143 189 182 17 163 9 210 125 212 211 56 124 251 226 81 207 14
    190 52 64 203 127 11 6 222 124 22 8 164 93 169 211 8 222 7 183 151
    63 100 98 189 209 39 60 185 194 150 212 123 158 13 249 201 113 61
    245 21 9 97 1 13 185 72 22 185 153 240 33 3 132 251 128 96 205 134
    211 110 189 99 108 67 231 87 201 155 103 118 22 158 255 20 21 95 90
    86 255 169 212 36 184 46 138 223 14</data></test_img>
<my_img type_id="opencv-matrix">
  <rows>128</rows>
  <cols>256</cols>
  <dt>"3u"</dt>
  <data>
    0 0 169 0 69 30 252 250 143 191 108 0 206 93 255 255 40 0 0 151 255
    255 255 184 0 141 255 127 255 255 182 195 244 77 0 173 232 204 120
    255 40 63 0 45 211 235 0 74 205 157 36 241 79 205 70 48 0 175 91 210
    21 38 249 22 255 179 0 222 15 14 255 203 63 77 0 140 200 255 0 255
    255 9 255 0 0 255 0 100 182 40 90 32 224 255 226 255 87 0 95 255 0 0
    0 0 86 0 0 129 241 255 0 17 255 0 121 0 32 160 0 0 232 10 255 255
    249 255 184 0 142 255 255 62 0 27 0 226 0 0 255 255 90 162 0 14 111
    151 255 58 0 35 43 123 0 0 255 103 12 255 0 255 85 255 194 215 0 44
    255 52 0 57 51 255 149 226 255 0 3 220 42 5 11 84 0 173 186 255 255
    255 32 35 190 68 64 216 240 0 218 239 74 148 255 193 255 9 240 125
    177 255 149 215 255 49 103 200 165 0 136 59 5 51 0 255 254 92 0 60 0
    157 0 255 53 203 255 169 23 230 16 179 255 255 255 0 124 230 0 0 227
    35 179 56 235 173 255 182 0 149 0 205 218 134 239 255 93 160 112 255
    255 188 255 198 255 51 255 255 63 170 105 0 0 255 25 23 0 14 92 129
    0 0 255 242 255 255 255 255 101 255 107 113 0 93 140 255 204 255 227
    0 185 255 182 223 254 55 255 82 176 124 0 39 0 132 151 255 0 135 0 0
    89 16 126 136 0 128 0 68 117 54 48 90 243 235 0 252 255 255 204 206
    117 255 0 75 131 219 0 164 255 255 0 141 203 0 255 255 96 201 199
    190 251 14 93 217 35 114 46 255 0 32 0 193 255 123 232 136 26 198
    233 255 242 242 28 0 255 235 45 167 27 183 6 164 48 0 0 140 226 1 0
    201 0 0 127 95 255 255 221 255 255 182 231 159 183 61 0 255 241 145
    100 78 255 0 104 28 174 220 0 147 66 166 0 153 255 0 76 231 0 129
    139 223 255 0 0 255 255 54 0 212 0 255 225 255 155 31 196 116 96 17
    166 0 0 255 96 0 201 255 255 17 231 106 136 114 25 95 222 207 255 30
    168 186 96 103 204 0 255 255 0 0 0 33 145 70 255 153 255 77 255 255
    235 247 154 255 0 0 255 107 57 50 200 185 175 255 0 0 40 97 55 171
    255 98 0 167 0 54 69 255 33 231 116 27 233 186 138 100 30 126 255
    166 30 255 146 239 255 166 221 0 34 255 255 111 99 255 0 0 255 129
    201 60 154 177 255 255 216 217 151 187 0 255 0 46 13 114 255 209 11
    93 255 228 0 160 0 231 0 217 205 240 101 225 45 255 177 48 255 124
    185 148 255 102 255 252 0 59 218 39 156 0 115 171 33 0 65 184 218 93
    122 80 12 255 123 29 220 238 0 195 5 244 195 0 244 255 74 208 171
    214 0 238 255 0 255 0 238 177 0 0 162 41 0 0 255 255 0 255 186 255
    106 194 255 255 217 197 255 0 79 35 255 255 253 249 255 115 0 146 0
    255 0 99 255 255 110 0 0 255 168 182 166 90 148 83 140 0 225 51 141
    149 240 218 184 222 0 247 55 255 189 255 165 113 21 0 8 118 0 255 97
    0 255 255 40 163 159 242 254 28 38 255 255 255 109 185 153 214 255
    247 0 0 255 0 255 203 30 138 0 230 243 0 114 0 182 92 222 255 223
    120 149 225 6 9 255 0 228 255 158 0 9 107 155 50 118 0 156 255 75 59
    225 172 70 1 255 0 126 0 134 221 0 248 136 76 243 255 80 125 246 131
    255 255 173 146 178 85 96 255 255 74 0 149 110 33 255 223 4 0 0 64 0
    0 0 135 255 156 229 250 152 239 159 0 248 94 0 0 233 223 6 0 0 202
    198 253 17 255 217 244 16 53 0 42 34 26 231 214 0 238 170 112 124 70
    140 66 251 0 213 104 171 206 4 180 167 7 213 255 0 255 131 217 193 0
    164 109 90 132 127 70 255 161 47 190 19 43 255 255 255 148 0 255 249
    94 0 0 186 196 0 0 182 168 164 207 255 221 154 255 82 113 164 118 21
    71 0 214 0 255 0 255 46 234 85 255 181 182 73 203 0 255 99 109 147
    255 182 46 0 24 255 19 54 95 255 36 177 59 255 205 58 244 158 217
    119 55 140 171 97 132 175 132 232 16 253 249 58 0 195 15 213 77 159
    249 0 0 71 0 132 236 23 0 145 255 240 158 255 255 112 255 0 0 137
    128 124 92 11 251 83 255 214 249 255 0 255 255 119 255 0 0 51 0 0
    234 255 58 51 255 0 2 32 191 0 180 180 255 0 0 25 238 131 189 154
    161 229 255 42 0 0 181 0 255 130 255 144 237 114 78 221 255 0 204
    229 41 47 166 52 186 34 0 140 3 255 0 93 40 0 55 255 239 34 0 0 236
    0 0 255 255 255 242 98 38 48 22 102 255 0 211 255 230 255 0 255 96 0
    255 205 44 204 0 94 85 255 143 43 255 255 57 0 165 190 86 255 0 189
    246 0 182 0 255 255 0 38 0 148 133 105 80 113 196 0 60 255 56 115 0
    27 255 9 172 107 185 255 54 241 0 109 255 68 249 116 53 29 0 0 111
    148 161 190 3 233 18 93 46 35 255 69 101 69 39 24 0 81 84 219 143 95
    54 173 202 178 0 214 184 0 230 0 37 41 0 0 236 124 9 27 221 255 255
    221 68 232 124 214 30 255 223 0 0 4 49 203 0 0 101 139 230 39 8 202
    255 255 255 206 9 87 255 255 255 0 255 240 0 119 188 0 0 120 196 226
    183 0 191 0 87 110 126 166 255 99 0 225 230 207 5 0 255 249 0 94 252
    146 0 36 0 156 91 0 91 255 0 0 0 26 4 3 34 255 119 0 0 255 226 15 80
    7 57 122 0 193 14 114 0 0 188 0 171 31 64 34 0 255 145 0 166 112 219
    151 88 68 62 176 163 21 120 58 217 0 248 255 255 255 154 166 255 35
    255 139 0 71 0 101 0 226 255 8 255 251 142 8 95 0 18 255 16 19 217
    255 0 0 190 0 0 206 255 165 0 166 0 212 64 0 0 26 192 192 26 220 255
    0 255 12 37 98 251 240 7 192 255 0 0 179 255 171 167 138 0 114 255 0
    214 0 69 253 37 21 247 255 0 181 0 211 131 190 183 121 51 48 102 247
    156 211 143 207 254 124 0 255 180 255 255 91 157 172 0 0 98 0 227 0
    0 192 209 159 33 152 255 58 52 82 0 16 0 105 235 26 73 9 0 159 108
    171 19 255 255 123 255 253 84 219 25 0 134 102 0 0 0 219 1 22 154 29
    0 0 181 255 0 0 255 237 0 167 129 255 68 83 179 68 255 171 255 255
    138 0 78 196 126 140 255 90 255 180 150 230 185 133 185 174 165 0
    163 20 202 147 237 235 133 255 0 149 239 0 235 130 209 255 150 255
    129 162 3 202 0 177 255 0 100 84 0 255 255 255 56 76 0 255 0 255 255
    145 248 34 0 91 0 0 51 249 66 70 92 255 0 174 14 255 77 149 0 255
    255 0 75 76 21 137 173 115 11 233 246 149 85 0 192 211 255 63 237
    214 255 57 0 0 47 255 210 0 255 75 255 132 0 91 255 181 0 237 0 162
    205 203 255 0 59 56 159 219 252 153 0 230 44 29 195 136 0 14 160 255
    255 161 101 0 213 112 255 255 105 154 255 0 1 108 248 138 255 181 0
    85 114 207 255 165 255 255 72 236 0 195 159 67 195 207 237 220 149
    53 182 41 105 255 235 244 238 255 165 61 180 220 255 53 110 179 0
    240 255 0 103 255 121 0 255 135 142 0 193 255 255 24 152 81 215 13
    68 178 0 165 0 235 255 68 0 155 40 255 0 178 71 255 83 255 14 169
    255 182 126 112 0 255 69 176 0 48 124 13 99 0 244 114 66 194 118 0
    108 255 0 86 255 0 0 0 239 59 20 0 182 157 255 252 78 198 255 0 157
    207 0 181 89 94 12 76 255 0 141 53 42 255 255 0 0 18 46 195 146 42
    15 0 110 197 243 170 126 255 231 10 255 0 0 44 1 255 0 0 255 241 0
    222 0 35 255 79 174 242 255 28 0 0 255 167 0 255 221 40 194 255 255
    0 88 255 32 255 244 231 0 0 247 0 239 171 0 113 255 0 218 0 203 168
    80 255 255 93 255 232 0 49 0 52 115 207 244 3 208 179 56 85 59 0 239
    114 0 156 36 64 153 226 79 0 0 251 46 0 124 0 57 255 152 24 0 199
    204 57 201 228 0 153 0 243 153 255 255 0 102 58 0 85 0 181 50 196
    255 33 243 204 155 232 255 0 0 137 184 139 255 0 116 255 159 248 220
    255 135 128 34 255 255 0 0 255 222 192 255 214 199 193 0 255 0 114
    227 255 189 203 145 85 179 190 255 0 255 0 0 255 237 255 0 236 217
    32 139 4 12 73 115 99 242 13 37 204 130 0 255 150 0 0 215 151 0 230
    212 178 255 39 40 0 125 66 130 133 255 21 0 0 101 0 0 82 0 0 160 133
    181 73 255 17 143 233 54 79 0 124 230 228 235 0 178 175 0 163 121 0
    11 147 86 173 41 255 114 64 235 0 150 255 6 142 189 245 255 0 255 58
    0 231 110 0 58 236 255 0 255 163 195 138 4 56 165 255 250 7 191 119
    255 0 71 20 76 229 0 29 0 0 56 234 106 219 213 255 35 255 154 163
    188 133 255 191 68 125 172 61 0 68 0 0 58 215 46 118 0 138 104 42
    255 255 247 153 40 0 140 0 0 146 0 49 0 102 153 189 0 70 223 162 126
    213 145 156 255 0 213 0 194 244 35 74 63 255 124 147 255 255 255 206
    80 156 12 0 255 188 255 54 223 171 238 255 39 255 22 0 0 255 223 255
    143 32 255 14 186 205 255 255 255 240 255 215 177 0 245 255 255 83
    119 255 255 34 168 133 200 16 0 186 42 0 1 149 0 115 185 252 255 255
    194 129 0 138 255 204 255 0 4 172 14 56 0 0 197 150 0 0 236 48 247 0
    255 105 255 140 255 255 168 241 235 0 177 115 134 255 89 163 0 184
    255 255 32 128 12 0 180 6 0 0 18 160 0 0 255 0 0 243 0 0 255 121 255
    180 9 70 36 0 114 21 33 255 0 255 152 175 234 0 0 122 127 0 55 129
    255 255 0 255 255 255 38 255 171 113 224 124 196 32 255 99 0 255 255
    0 244 20 0 216 255 0 15 0 0 143 65 255 89 86 192 255 33 255 100 246
    183 0 221 243 41 0 151 255 193 76 0 134 255 62 63 151 0 91 0 0 241
    59 255 29 0 191 0 0 0 0 0 189 3 255 55 96 217 132 133 239 0 142 11
    62 255 255 0 244 255 39 44 128 184 179 255 0 134 1 255 89 255 244 32
    103 0 14 173 69 219 0 0 0 143 161 0 21 104 218 0 0 255 255 239 196 0
    160 178 0 102 10 142 18 101 166 67 69 28 180 16 0 169 0 0 255 196
    255 77 149 252 168 0 49 255 0 0 0 0 99 169 133 227 82 255 175 0 207
    157 0 7 87 0 127 157 0 99 31 112 255 224 255 255 133 16 255 0 255
    130 221 84 205 159 23 240 60 92 41 0 0 4 0 192 222 108 40 0 255 162
    40 252 225 105 255 0 0 255 94 74 164 108 0 255 113 23 46 255 255 239
    187 112 0 0 213 214 219 10 34 203 247 78 182 108 0 165 255 0 206 255
    0 28 106 0 255 255 49 255 17 92 169 45 66 28 53 255 153 220 137 27
    255 0 255 165 255 45 255 206 74 0 22 255 58 0 255 114 255 181 0 255
    150 225 221 60 102 0 27 92 255 39 165 110 0 100 255 255 19 135 88
    192 245 108 210 0 147 232 25 255 0 255 168 0 170 238 196 25 255 231
    160 66 255 225 107 255 96 0 0 255 248 25 222 103 222 173 111 0 0 255
    255 41 255 60 255 148 235 140 0 168 177 217 255 255 0 24 18 255 0 5
    11 77 211 254 255 55 255 102 151 3 174 170 0 174 0 41 255 219 249
    255 18 235 0 255 100 255 45 82 112 0 54 0 121 222 255 0 150 32 22
    255 128 255 0 85 255 41 2 34 82 255 0 0 234 0 4 0 0 255 87 163 255 1
    255 16 254 220 255 165 200 153 0 0 210 0 0 33 210 171 74 9 184 168
    255 11 230 217 74 86 197 216 255 122 216 0 0 0 247 15 0 151 85 0 151
    75 78 0 204 255 255 175 255 218 255 0 211 230 54 255 255 0 77 183 36
    28 42 0 231 0 115 255 255 255 255 148 90 50 255 6 0 14 10 0 255 42
    151 66 255 255 69 136 42 205 255 231 49 204 23 188 38 255 163 0 255
    142 0 128 78 255 228 0 255 255 101 203 20 147 255 0 0 255 80 50 0
    209 230 154 86 155 131 46 152 181 8 147 43 239 52 231 0 67 31 0 200
    102 255 18 255 191 15 23 205 249 121 157 176 255 48 0 222 255 143 18
    51 56 255 251 255 188 255 77 0 73 111 184 255 176 30 255 164 19 255
    141 33 0 0 176 118 255 0 249 91 248 92 243 0 27 255 255 255 255 13
    226 255 161 57 158 0 85 255 84 81 31 38 236 209 0 0 40 112 0 255 198
    168 128 114 189 255 0 66 255 114 5 93 255 34 255 131 130 153 69 0
    255 255 44 214 255 78 255 255 255 0 104 1 0 2 66 255 255 160 255 2
    247 0 255 51 143 174 108 164 48 255 0 149 111 217 144 76 91 255 41
    255 23 50 97 255 103 63 11 55 31 212 255 3 151 189 50 255 186 255
    204 255 0 144 90 103 49 47 0 0 161 0 73 255 52 222 7 0 103 109 15
    255 255 193 37 194 192 33 170 57 0 255 0 110 0 255 43 212 63 255 226
    0 119 204 255 9 171 184 0 202 0 12 0 57 181 66 142 255 238 255 255 6
    17 255 166 91 70 191 255 92 188 255 73 251 149 234 73 255 140 0 47
    54 216 78 255 134 255 121 0 183 125 213 57 118 92 175 0 240 202 135
    59 166 13 53 9 6 133 186 147 9 0 255 255 234 196 255 132 33 62 139
    185 250 95 95 239 162 255 108 255 255 0 0 0 0 149 213 93 174 129 159
    202 0 175 122 83 255 255 0 87 131 252 4 72 113 229 9 37 255 95 185
    201 54 222 255 0 245 241 201 160 22 166 0 43 255 99 0 144 255 166 0
    0 177 0 152 255 0 160 88 255 14 47 0 0 255 49 91 212 180 169 0 176
    64 137 57 255 27 0 255 47 80 125 255 103 255 255 221 41 155 138 106
    0 78 255 255 190 175 185 213 33 151 134 255 49 255 250 255 146 0 0
    255 214 0 255 255 255 83 63 197 255 92 119 255 13 0 255 119 56 216
    125 230 255 128 0 15 210 0 21 0 255 0 255 0 137 218 175 137 255 191
    134 255 114 128 255 101 18 127 255 0 0 171 0 182 1 107 226 197 222 0
    98 76 109 166 169 104 0 90 45 130 0 126 255 255 99 142 4 132 98 255
    230 0 0 0 144 162 65 224 50 22 255 255 0 230 255 0 0 255 255 0 147
    255 225 255 99 255 0 121 255 23 246 137 17 255 125 119 250 0 93 255
    66 255 11 15 230 0 255 233 4 96 233 0 4 17 0 0 19 0 0 175 5 60 0 34
    255 199 255 34 25 41 178 39 83 89 201 255 219 84 255 71 1 255 33 92
    180 20 193 182 0 232 0 131 47 192 255 33 137 107 0 220 255 157 30 0
    199 7 224 9 123 255 48 237 0 199 172 70 210 171 168 116 0 87 92 255
    53 206 236 100 131 153 79 0 255 0 0 105 155 255 100 0 247 248 236 0
    105 0 142 229 55 250 114 38 255 137 255 131 196 122 233 0 37 191 0
    95 0 255 0 162 255 142 176 42 255 197 50 194 0 166 255 11 233 255
    255 187 176 38 3 65 36 191 101 0 56 255 255 75 255 127 255 41 65 230
    103 0 135 134 0 133 92 28 0 255 255 255 202 17 93 0 30 201 158 198
    20 206 5 8 255 31 255 101 255 215 113 0 77 54 29 73 38 255 194 253
    255 175 0 126 123 189 255 255 104 245 239 0 115 255 58 0 246 103 0
    14 255 246 244 255 7 98 103 255 244 105 255 237 255 198 255 134 3
    124 203 30 255 74 255 49 68 255 210 61 91 71 207 215 100 242 0 99 53
    0 255 120 89 19 224 0 0 18 114 3 145 227 0 255 0 165 145 17 189 0
    255 255 129 255 130 20 136 138 252 0 170 59 184 146 255 255 228 244
    167 58 255 255 0 149 0 0 9 0 255 255 0 37 255 163 91 131 85 29 0 95
    255 75 23 255 155 255 98 39 255 0 255 166 138 96 245 38 34 0 179 89
    0 237 255 0 124 255 0 0 77 89 203 216 0 255 0 0 103 0 3 255 143 0
    232 238 82 233 119 246 252 124 223 118 148 194 203 145 134 84 207
    120 164 255 0 151 0 133 0 143 224 0 18 104 0 218 180 143 179 244 217
    255 111 61 0 0 114 0 127 0 0 176 70 184 5 255 104 152 0 255 255 30
    197 0 177 8 255 255 233 249 56 18 96 0 66 255 255 0 255 194 121 41
    148 43 214 169 147 238 0 103 255 139 122 171 255 0 246 168 219 98 65
    0 69 0 84 255 77 255 255 146 255 255 255 43 89 68 73 0 0 255 4 195
    255 58 169 255 0 180 0 0 87 0 21 0 30 255 0 117 60 0 218 65 0 255
    233 255 27 167 222 21 52 58 189 139 0 190 211 247 255 0 158 255 75
    200 214 255 0 78 187 134 158 0 163 0 167 87 255 229 96 255 25 99 236
    255 71 24 25 143 0 121 198 0 255 0 255 0 0 255 135 10 255 0 255 0
    255 119 0 99 84 197 0 23 76 160 0 255 58 42 18 247 224 138 169 7 0
    122 198 0 255 102 1 255 0 201 95 43 255 87 0 77 148 62 25 244 152
    136 235 255 163 255 255 0 120 217 255 255 199 0 178 171 0 255 114
    130 199 144 0 33 0 31 27 0 137 0 187 84 146 111 255 0 0 31 114 212 0
    255 255 121 196 45 118 105 121 255 0 0 249 81 0 98 0 125 0 12 255 0
    0 30 164 63 75 253 255 0 0 254 255 99 18 255 203 205 78 124 105 255
    101 108 83 0 51 255 1 0 0 0 0 0 255 48 0 17 186 200 83 0 206 146 255
    254 171 255 172 255 255 0 158 23 100 251 153 255 248 11 255 50 32 18
    36 255 236 234 230 0 0 58 171 0 7 255 0 56 255 0 255 10 0 234 201 0
    139 0 255 96 255 74 0 255 0 7 10 202 19 144 186 69 0 255 143 4 255 0
    42 161 212 128 46 252 148 0 0 234 64 83 0 213 118 165 255 0 0 5 22
    51 157 0 236 0 0 0 255 0 159 205 0 54 0 219 0 46 185 255 0 0 172 182
    255 194 255 96 0 0 180 181 255 255 30 0 235 0 0 0 140 0 255 147 250
    7 255 255 96 255 109 61 62 255 141 35 143 46 90 226 114 145 255 216
    229 255 0 255 214 0 201 160 175 16 53 243 0 165 48 225 6 80 55 72
    255 255 255 23 0 130 106 217 8 255 0 184 40 0 70 255 0 0 204 0 171
    56 255 255 255 255 55 0 98 229 7 0 255 255 30 245 130 228 254 255
    255 190 131 0 4 0 225 108 241 208 194 24 36 59 163 100 0 28 188 150
    0 0 17 165 124 124 255 255 128 66 110 248 255 252 136 28 155 255 0
    255 81 124 255 65 62 195 255 157 0 124 255 0 30 66 93 0 183 255 53
    213 0 255 193 4 0 0 30 0 0 255 22 241 202 176 72 0 255 0 143 0 96
    255 0 0 82 0 104 255 0 107 0 0 255 224 93 138 255 0 10 176 77 0 5
    195 100 96 45 15 168 0 171 172 71 141 0 111 105 123 255 0 255 49 0
    99 0 63 6 0 29 117 78 45 202 0 255 39 154 84 0 0 255 203 21 255 27
    255 249 38 77 194 208 87 98 255 255 255 222 57 255 0 0 182 0 180 255
    114 19 255 255 0 172 99 33 178 80 187 123 131 0 0 167 218 255 5 17
    101 241 47 249 0 0 72 90 48 4 0 254 0 255 116 50 19 77 255 219 255
    111 250 154 0 0 52 0 104 254 0 255 210 74 207 255 34 255 137 138 79
    255 75 0 210 0 1 0 28 255 95 255 255 32 68 0 255 96 0 128 199 0 0
    255 255 250 163 237 0 120 255 70 0 255 163 255 67 0 60 254 103 255
    190 255 0 142 222 0 255 255 50 113 205 27 10 11 0 0 47 66 179 255
    255 109 148 139 139 255 0 187 255 120 0 39 68 0 110 46 0 255 127 56
    214 203 255 170 140 255 248 153 255 109 255 171 23 0 207 1 94 255
    106 179 111 201 197 255 0 0 220 105 86 0 255 0 255 255 79 2 255 0
    255 122 179 0 140 19 9 196 125 105 160 0 255 180 255 114 128 116 227
    255 154 108 36 104 255 43 9 20 250 155 205 0 155 78 148 58 255 99 86
    114 255 0 149 0 0 255 204 58 153 0 0 86 142 129 0 255 0 19 122 156 0
    0 148 0 181 47 82 255 255 0 160 123 255 35 138 232 127 255 38 255
    163 160 0 92 105 0 154 0 43 87 60 0 255 21 147 10 175 0 130 30 0 255
    152 237 121 215 0 255 73 29 232 63 7 100 187 255 129 108 0 28 0 0
    196 64 0 255 53 35 172 255 236 140 255 0 0 0 255 12 0 45 91 65 247
    248 246 79 255 0 117 55 1 0 1 255 0 213 255 255 226 0 182 169 65 246
    170 0 25 227 103 162 34 1 253 255 183 222 255 0 36 105 150 162 9 69
    255 63 36 234 96 0 137 255 242 0 255 152 0 91 45 0 122 253 67 0 240
    255 159 255 255 42 184 70 0 255 14 21 102 159 255 151 0 110 255 255
    255 143 214 88 159 0 255 255 210 0 121 0 249 255 255 255 150 172 206
    255 255 242 178 255 0 56 164 213 215 143 255 255 115 255 0 148 0 153
    149 196 221 197 84 0 98 234 255 168 137 99 178 255 191 0 0 212 0 255
    0 255 255 162 199 187 206 231 147 17 255 227 14 249 0 213 74 255 255
    255 255 255 0 171 175 0 179 108 255 90 0 83 247 123 255 120 56 255
    89 118 255 45 91 255 0 0 7 15 17 225 212 2 0 255 0 0 255 255 43 255
    0 72 255 29 0 0 46 218 162 145 240 239 240 138 24 0 143 255 250 1
    106 255 215 37 0 255 80 105 255 229 255 196 62 196 57 255 246 148 9
    238 128 242 244 164 17 9 91 0 255 125 20 88 0 28 104 0 195 255 30 92
    107 255 199 0 81 16 7 0 99 184 0 24 255 236 15 244 111 15 134 32 89
    255 68 177 120 192 0 112 222 158 51 0 255 202 239 238 255 255 90 64
    1 115 155 249 13 229 71 255 219 161 255 255 255 125 57 255 160 225
    167 236 196 103 19 0 171 35 255 0 13 255 7 0 255 0 119 235 255 0 0
    255 255 165 0 34 155 47 25 119 103 100 205 255 255 68 161 114 244
    153 255 152 28 34 233 0 196 110 11 0 71 227 152 83 85 118 0 255 230
    255 255 52 255 38 126 0 129 178 255 206 249 0 129 255 49 57 250 0 0
    255 0 0 255 30 5 54 237 128 146 0 215 255 202 207 255 255 12 106 0 0
    60 245 252 104 144 112 1 254 86 255 255 0 255 3 0 2 73 255 244 127
    41 0 255 255 0 255 0 67 255 0 184 93 69 49 111 41 127 255 199 95 255
    234 168 255 249 154 255 238 169 255 188 98 39 110 107 107 255 43 0
    29 35 0 217 208 226 0 255 166 255 255 164 34 147 241 58 139 255 190
    254 143 255 28 96 131 0 0 11 164 32 182 255 6 94 255 0 99 47 255 124
    0 255 196 214 252 0 255 255 255 255 253 46 27 255 236 244 255 255 23
    142 0 210 68 120 164 154 135 226 255 101 170 255 255 5 0 153 123 0
    48 124 0 93 236 181 0 255 29 0 219 91 152 255 237 51 66 195 42 0 44
    230 0 0 81 126 0 187 203 255 131 18 60 0 3 61 255 249 54 67 152 86
    47 156 0 186 0 36 0 173 255 255 190 111 234 36 217 255 0 154 232 140
    48 70 96 190 255 90 241 132 81 185 48 86 255 0 0 9 1 149 255 0 255
    190 178 255 0 148 255 122 0 255 189 255 179 109 2 70 255 0 254 102
    233 215 240 121 255 245 255 153 139 0 29 236 0 0 255 0 0 210 4 191
    255 32 0 255 58 71 228 16 0 0 0 7 255 255 237 255 131 241 83 45 75 0
    104 255 250 135 127 0 0 255 0 255 255 3 49 60 210 46 192 255 255 51
    66 148 127 126 0 215 255 195 134 0 67 132 0 121 0 0 0 0 127 201 255
    79 235 0 59 0 144 0 254 0 68 0 11 255 220 244 181 255 255 62 255 184
    239 245 13 196 144 0 159 202 52 87 186 207 0 255 255 255 255 160 200
    55 255 88 255 247 0 187 255 164 0 162 0 255 175 218 208 254 184 250
    208 246 1 255 210 243 255 255 255 25 0 0 242 242 0 255 225 214 255
    131 54 251 52 250 0 27 132 255 0 0 255 0 111 236 225 255 255 232 137
    134 0 79 255 255 197 0 255 116 27 12 0 255 0 109 142 164 86 0 136 0
    129 41 255 207 0 255 112 108 255 255 63 210 221 214 115 0 255 17 124
    38 255 0 0 50 0 144 0 0 130 255 134 168 43 0 75 12 180 255 0 255 140
    0 255 148 155 0 255 56 0 255 0 255 255 0 195 244 0 0 0 12 158 0 112
    255 137 100 170 129 107 118 68 152 0 165 101 73 255 0 135 23 16 37
    63 163 149 0 67 255 79 0 0 255 154 255 215 0 80 194 255 255 204 0 0
    206 158 0 0 92 2 0 209 0 46 162 16 0 30 87 80 91 157 5 240 35 116
    147 6 89 21 254 225 0 255 230 155 0 0 235 95 255 0 17 116 166 152 0
    0 212 0 66 0 175 111 201 52 114 181 127 124 35 35 0 227 255 81 113
    165 255 0 29 99 42 0 46 230 0 238 0 255 91 176 167 247 58 53 255 133
    162 43 186 0 153 0 0 139 185 113 157 249 254 160 14 255 29 255 164
    199 253 56 16 255 97 255 193 128 194 0 178 78 85 0 254 140 0 241 81
    0 173 255 126 147 0 238 98 246 216 255 255 42 255 251 145 236 203 0
    211 255 0 45 118 163 255 90 5 0 79 101 137 0 24 28 244 255 0 255 225
    160 8 0 0 85 0 0 129 216 219 100 255 60 0 0 194 255 0 110 223 184 64
    0 255 165 99 19 47 255 142 0 68 0 192 19 51 255 156 0 255 85 0 95 44
    255 255 196 255 89 0 183 249 202 155 255 255 54 78 0 0 87 0 183 255
    179 0 64 25 49 0 50 2 0 69 250 0 1 0 80 0 0 0 191 0 108 73 98 37 255
    143 0 141 173 255 61 0 115 255 1 5 226 255 28 0 66 0 0 70 131 255
    183 221 0 67 255 0 82 0 0 152 47 166 26 255 185 255 229 113 146 117
    0 147 0 255 0 0 255 255 2 0 21 0 255 185 0 255 171 0 255 255 0 49 69
    255 162 0 255 164 179 0 0 58 0 117 100 0 136 0 0 255 16 176 0 0 255
    229 255 173 174 0 204 205 222 66 60 18 175 135 163 255 169 255 247
    255 145 50 255 50 168 252 246 226 191 136 217 40 129 185 196 0 151
    71 31 145 100 29 166 0 147 0 0 255 106 254 98 0 0 255 49 0 0 0 46
    211 0 60 31 41 131 29 0 255 255 0 255 255 0 0 60 235 116 171 145 11
    92 240 255 0 52 81 0 136 56 222 0 221 0 104 61 0 76 0 0 0 255 190
    239 115 0 58 6 248 255 255 208 0 212 203 171 180 0 245 255 0 39 255
    177 222 194 255 22 21 172 255 0 47 74 167 177 0 255 0 29 179 0 189 0
    0 209 140 73 0 8 185 255 190 19 0 103 87 225 0 116 255 0 79 0 220
    183 255 0 124 0 35 255 255 95 255 255 102 216 251 0 214 206 0 37 27
    198 182 255 54 121 62 0 69 14 0 0 210 255 255 253 255 245 211 133
    247 8 96 255 54 68 180 255 232 0 187 194 49 0 69 0 6 255 0 191 148
    255 248 182 101 38 220 255 0 79 204 67 0 48 0 17 255 0 190 128 255
    178 108 255 0 65 122 155 255 179 230 100 125 14 0 84 255 233 0 0 114
    28 157 255 141 232 119 255 246 0 255 255 0 28 0 0 18 64 144 73 101
    231 0 8 85 37 0 0 255 0 255 194 5 14 228 29 47 87 229 255 232 249
    255 111 221 114 0 175 60 0 2 99 5 45 255 28 0 255 255 157 255 31 0 0
    0 135 0 169 0 0 135 42 139 0 0 214 255 193 245 216 169 61 108 92 255
    175 226 61 2 196 159 0 0 195 246 255 0 167 146 151 255 155 255 123 0
    106 255 0 0 255 169 95 96 0 21 0 185 255 255 9 0 153 255 0 89 242
    237 176 99 177 255 82 160 255 232 12 204 147 22 173 0 146 184 255
    237 88 82 255 0 61 0 0 13 153 25 0 255 147 136 253 121 0 76 149 0
    255 253 255 222 247 0 0 255 0 255 255 55 255 215 17 146 0 255 255 3
    204 106 50 0 0 129 220 0 1 98 0 0 0 255 136 0 34 174 255 0 7 0 78
    255 124 82 255 255 108 0 130 75 13 78 247 255 244 56 0 111 29 255
    183 0 200 89 101 131 0 215 255 112 48 92 255 234 230 62 240 0 255
    118 174 255 203 0 199 45 153 222 247 138 102 44 255 139 246 127 216
    24 99 119 213 0 255 108 90 206 143 252 0 76 255 140 15 0 0 21 60 0 0
    216 35 24 163 0 0 29 40 252 50 255 79 214 61 10 33 148 255 0 223 232
    63 0 11 226 255 127 64 255 0 229 244 102 72 255 0 231 1 66 49 0 255
    255 0 102 197 83 105 46 244 255 3 0 14 119 0 11 220 255 69 251 255
    49 0 194 131 255 255 172 39 165 36 0 235 127 174 101 255 255 0 249
    80 92 27 24 40 73 190 15 121 51 135 207 235 103 0 243 3 0 183 255
    255 146 58 255 75 72 20 95 200 174 126 169 182 178 50 121 137 243
    255 205 0 126 255 255 0 44 185 219 255 106 255 255 223 255 0 72 129
    135 238 0 255 255 0 0 182 59 7 255 255 255 83 53 136 184 206 83 255
    190 140 255 225 18 255 163 0 8 60 0 0 193 66 149 136 234 55 255 120
    7 27 255 255 255 0 0 32 250 0 187 0 247 227 231 0 91 0 0 69 0 45 255
    0 255 26 142 255 0 255 183 137 255 0 255 255 17 6 248 0 21 23 39 45
    17 7 220 3 60 0 255 95 60 0 255 106 255 0 31 83 141 255 68 21 139
    113 252 0 255 171 139 243 249 194 255 0 255 234 174 64 107 255 229
    239 161 255 143 50 255 0 68 154 42 234 244 215 193 255 243 135 153 0
    103 150 255 0 252 0 255 255 255 255 150 0 77 0 237 255 95 31 255 177
    0 80 164 162 232 255 238 255 167 247 255 93 1 255 255 120 180 68 196
    255 57 137 19 0 0 55 0 0 0 0 78 68 64 226 231 167 65 199 165 255 127
    140 26 165 129 140 0 238 255 0 72 255 213 0 202 255 0 192 223 139
    255 172 148 255 0 236 0 255 27 255 255 120 80 226 29 120 143 25 255
    56 22 102 231 68 0 210 75 0 184 255 174 0 56 255 255 220 244 249 255
    77 255 70 255 60 169 0 23 255 0 255 234 255 0 139 238 104 211 0 227
    0 0 186 85 0 255 255 233 255 215 0 255 255 255 222 71 221 232 0 99
    148 250 230 0 150 30 0 0 140 163 83 0 67 109 205 27 250 166 255 7
    246 255 133 255 255 0 191 33 0 177 227 0 0 255 203 0 0 194 255 113
    255 255 0 220 255 209 67 168 0 255 100 64 40 255 255 46 145 28 0 190
    237 120 95 0 231 159 255 0 226 0 54 8 53 5 186 255 255 238 255 6 255
    225 162 255 0 247 55 20 255 0 198 118 36 255 35 255 0 0 0 89 0 22 0
    109 156 0 0 255 108 196 255 0 202 102 104 255 44 108 0 66 30 207 55
    255 77 0 255 121 255 10 79 255 52 171 255 249 89 121 89 241 0 64 234
    165 130 78 255 0 0 0 0 207 2 6 36 0 60 11 0 12 193 141 205 0 156 186
    0 194 255 255 159 179 0 0 132 199 0 255 85 0 206 0 109 0 155 235 0
    153 255 217 208 210 193 135 38 179 92 32 31 228 255 255 200 7 0 186
    145 255 255 26 242 208 129 0 76 255 92 0 204 255 222 0 102 13 255 91
    83 39 68 98 66 0 231 172 0 255 62 0 0 255 83 0 0 217 255 0 115 35
    155 108 98 255 255 0 122 168 104 115 247 255 0 46 225 0 0 255 255 0
    84 0 174 116 212 255 23 0 137 138 126 255 255 251 16 47 199 60 25 93
    255 0 16 255 173 0 0 123 0 110 36 122 0 255 127 137 219 0 255 255
    255 0 160 20 160 75 255 255 0 11 29 221 131 129 198 0 255 173 0 255
    214 255 255 255 255 255 89 0 154 6 255 147 13 0 255 30 0 26 90 0 255
    237 236 231 30 203 0 255 0 150 238 255 0 7 178 255 23 147 10 105 17
    255 255 163 255 255 91 140 255 255 255 44 129 0 108 255 0 229 255 0
    65 255 52 255 0 0 0 0 80 225 33 14 255 0 0 83 0 78 255 255 24 0 165
    53 137 0 132 114 0 255 226 0 45 156 255 42 44 23 0 59 221 0 196 152
    0 100 44 255 0 0 188 157 255 214 240 255 255 235 0 216 0 0 0 255 203
    37 221 255 27 127 48 163 0 133 229 255 0 242 67 129 55 173 74 255
    137 16 0 0 121 255 255 75 255 72 237 72 104 99 255 152 187 113 255
    255 68 0 87 250 255 0 0 20 21 15 0 232 0 12 255 108 0 0 255 0 185 94
    66 205 0 255 179 189 36 85 255 0 255 221 255 255 0 209 0 255 0 32
    255 0 90 255 36 89 75 0 0 0 66 255 255 147 155 186 146 106 0 251 255
    116 75 108 0 60 0 0 105 188 20 56 164 245 0 121 255 255 200 222 243
    75 90 255 255 99 240 255 255 26 112 172 255 0 27 5 191 136 183 36
    255 255 28 69 120 150 20 200 255 0 255 166 42 227 224 0 219 0 255 0
    0 0 0 187 0 70 238 238 239 255 0 0 255 249 255 4 79 255 255 152 231
    33 219 249 255 11 51 255 135 0 255 123 121 255 38 243 50 231 255 15
    226 193 218 118 255 4 0 255 92 139 255 198 255 239 206 213 195 165
    200 0 0 0 22 149 56 98 19 136 189 0 169 0 232 167 122 102 189 0 4 53
    108 160 0 0 254 255 101 230 199 201 219 0 148 217 135 230 88 0 205
    181 206 32 0 255 91 255 250 95 80 255 255 184 57 255 255 178 255 255
    91 90 0 116 0 0 215 0 64 255 0 25 189 93 137 227 16 0 52 188 126 205
    255 104 0 205 229 164 255 255 162 0 116 13 255 0 1 197 145 227 220
    226 181 186 87 0 110 0 128 95 255 35 165 112 102 0 117 58 225 99 255
    90 0 250 29 255 0 17 0 169 255 93 255 162 0 235 29 0 0 255 11 255
    247 88 126 255 0 110 84 168 82 255 0 0 203 195 197 197 216 0 0 219
    96 137 172 0 45 253 199 172 0 0 255 90 0 233 0 179 0 0 0 123 234 0
    255 226 0 16 248 255 121 197 255 183 69 255 2 222 0 255 241 0 25 255
    255 255 0 255 186 0 255 245 132 255 167 131 52 139 109 223 131 0 214
    114 183 216 29 225 0 223 255 255 153 0 120 0 0 255 255 217 255 131
    36 255 84 0 247 62 0 43 255 0 0 0 255 186 148 223 255 124 27 0 255
    129 255 162 240 244 100 0 254 25 241 61 109 236 165 95 0 0 0 255 255
    229 96 250 231 160 0 0 160 113 0 224 255 9 255 220 187 0 175 0 255
    255 255 59 188 97 251 212 234 95 197 0 233 86 12 1 175 206 134 0 0
    254 178 182 172 10 255 0 166 255 104 52 27 19 255 43 255 216 128 114
    17 32 45 0 255 64 0 0 0 134 114 0 234 166 255 246 240 142 12 100 0
    218 255 208 255 2 90 255 71 0 109 186 255 222 255 0 183 29 17 92 255
    254 91 0 209 255 30 0 176 51 0 0 146 73 10 255 92 40 196 0 155 66
    138 232 128 0 225 243 248 144 0 34 0 134 179 255 231 46 41 188 147
    255 195 114 255 255 255 69 0 49 61 222 0 107 180 179 0 145 0 246 138
    240 0 125 255 0 164 255 86 234 46 108 0 148 192 239 255 0 57 127 0
    255 150 37 255 25 255 52 16 100 0 204 255 255 0 189 236 255 0 0 255
    244 53 255 164 255 210 189 0 115 255 27 0 192 255 33 0 255 60 19 147
    30 215 4 161 66 255 204 237 0 28 86 165 34 0 151 97 0 178 237 0 255
    255 0 0 255 255 212 130 255 101 153 177 0 78 255 67 255 130 201 138
    226 1 134 0 132 9 21 152 142 0 252 138 1 150 255 0 182 196 0 255 28
    154 59 232 26 23 255 255 221 125 255 255 255 242 174 195 255 191 53
    101 255 26 0 81 239 81 161 55 255 131 41 254 128 255 255 82 255 105
    240 49 136 147 149 68 44 77 5 0 255 0 0 255 246 163 116 255 255 234
    0 4 167 34 253 247 255 224 123 126 220 163 111 25 0 100 0 60 84 0
    124 43 18 23 255 0 210 167 134 192 102 255 85 0 191 90 132 156 4 255
    212 197 219 109 0 255 0 216 61 0 224 168 230 125 216 145 0 41 63 34
    199 174 61 0 0 0 255 228 100 92 255 255 108 191 163 172 58 255 0 85
    158 230 205 37 34 11 101 255 148 0 0 39 212 0 28 65 77 0 171 163 0
    248 76 144 0 0 255 168 0 154 255 1 23 168 255 33 255 198 19 154 70
    146 255 0 0 215 221 0 183 0 0 255 2 183 23 0 163 159 0 0 41 255 162
    4 222 181 45 255 255 160 0 241 46 28 234 123 198 98 255 37 252 98
    171 0 9 27 182 244 130 187 210 0 166 28 166 255 125 97 229 0 53 0 62
    255 255 192 250 124 70 102 121 249 255 0 123 254 0 140 255 55 59 255
    40 167 1 213 131 0 188 94 40 255 0 201 255 241 172 38 37 103 0 83 72
    48 103 188 24 242 117 255 193 127 255 186 114 118 45 0 13 236 0 6 26
    0 255 142 255 227 179 255 255 0 96 111 40 163 148 237 0 63 0 98 255
    0 154 49 49 0 130 255 183 137 255 37 255 67 124 0 108 129 63 216 131
    127 255 255 0 181 181 0 253 255 46 255 79 34 255 4 0 66 29 86 143
    184 39 255 255 100 168 136 159 180 98 45 141 7 86 223 0 101 53 0 247
    74 0 73 0 9 0 58 183 119 176 243 215 148 25 0 154 255 255 255 156
    188 105 210 255 124 84 161 255 69 255 206 110 0 103 203 185 113 191
    173 6 228 82 212 255 255 101 0 222 82 252 194 249 255 255 206 240
    255 69 46 188 91 89 244 63 113 255 0 208 255 0 164 0 133 0 16 113
    168 0 124 0 0 141 255 214 29 0 229 255 255 255 0 255 143 83 100 255
    24 16 255 126 255 0 135 0 187 217 255 238 107 227 255 228 255 250
    255 173 7 202 243 62 205 255 255 0 243 21 145 255 0 137 142 3 194 70
    45 101 120 255 165 39 255 38 0 241 210 101 0 178 129 0 226 119 32 0
    255 61 133 255 240 255 80 255 183 126 255 255 0 28 26 255 219 255
    254 255 139 24 255 0 0 160 160 0 0 103 0 43 147 0 0 0 255 251 20 0
    255 0 208 57 68 207 0 5 251 255 0 168 205 0 255 0 31 144 190 254 0 0
    190 0 0 255 213 0 255 86 255 205 0 0 119 103 2 255 153 49 87 154 255
    255 186 255 0 24 168 8 26 106 151 182 199 0 255 228 77 0 248 181 119
    138 0 140 52 19 96 0 241 255 94 182 157 180 223 94 232 45 31 255 255
    100 31 170 125 225 255 255 0 74 38 169 151 27 222 255 0 0 0 0 107 0
    30 255 32 221 237 24 0 14 123 138 255 255 255 0 0 204 13 139 98 27 0
    7 185 0 95 0 52 64 80 237 112 126 107 100 51 255 241 168 255 0 0 255
    115 145 54 0 180 116 97 255 118 0 30 1 208 246 108 238 249 181 183
    64 255 236 255 199 111 214 236 0 145 255 127 194 30 255 224 200 211
    149 231 121 194 49 101 49 255 91 193 200 72 107 158 255 0 191 0 193
    0 203 0 111 208 0 255 57 55 9 83 255 22 0 255 255 50 255 17 255 20 0
    86 176 255 155 11 161 255 255 141 135 177 0 209 216 194 173 244 255
    225 246 185 165 255 207 120 208 61 164 157 255 0 75 7 82 222 0 101
    163 255 200 255 171 209 240 150 158 13 255 255 4 255 168 255 85 255
    164 1 255 150 0 195 43 0 50 0 255 223 255 101 255 197 0 255 51 246
    37 0 169 0 173 251 45 0 93 255 15 75 0 189 0 80 149 0 255 165 255
    216 215 255 79 195 0 213 0 255 0 246 69 94 151 93 105 186 232 255
    155 223 77 252 132 254 187 59 255 156 255 39 47 255 0 20 154 43 41
    211 219 8 156 86 186 8 255 97 29 38 208 107 233 42 143 37 0 13 23
    140 157 255 223 255 3 255 0 255 0 170 255 252 2 242 222 193 0 255
    255 27 174 0 255 228 255 0 239 241 0 46 172 151 158 103 0 137 109 98
    234 0 170 173 0 176 255 165 255 173 0 181 0 255 134 101 255 0 0 80
    36 255 0 40 255 161 248 255 88 255 0 238 255 173 62 18 48 222 176 52
    194 0 234 117 0 255 0 0 82 0 129 0 218 203 255 168 131 101 255 216
    106 0 255 90 77 226 200 0 127 64 255 0 255 0 60 163 222 108 0 248 54
    255 22 23 13 30 255 72 255 83 255 99 255 0 140 159 255 245 255 0 175
    113 114 0 222 33 0 62 196 164 131 66 0 255 205 0 141 255 105 130 255
    57 216 0 0 0 107 0 255 35 16 77 224 0 10 0 214 167 255 25 93 255 255
    51 180 53 81 33 255 255 0 37 0 0 255 175 10 3 76 159 220 0 18 0 255
    0 176 135 22 6 161 105 183 170 106 207 0 235 169 83 154 245 0 2 131
    1 169 0 24 0 0 24 212 0 49 74 192 68 255 255 0 169 235 49 0 255 153
    89 121 6 52 0 0 107 76 239 142 168 106 83 255 33 183 255 65 49 54
    255 198 6 255 0 179 224 220 101 255 171 86 104 180 55 237 145 132 25
    162 0 34 235 101 0 117 152 0 246 234 186 255 119 122 210 88 134 0
    239 255 24 79 202 19 143 164 181 0 185 204 146 255 235 30 0 7 127
    176 86 59 91 0 112 195 76 147 12 116 119 18 0 188 0 255 56 241 215
    86 46 201 101 172 39 83 4 0 99 0 255 182 215 0 223 255 255 0 214 136
    126 50 103 145 157 192 230 91 255 254 0 2 179 118 15 255 0 255 0 192
    54 16 255 95 11 0 0 255 202 93 172 158 182 255 105 5 204 83 112 98
    192 255 0 87 255 81 0 49 0 231 35 236 63 131 255 38 202 65 189 255
    138 118 0 74 121 255 201 171 233 0 137 92 96 0 0 30 124 255 52 152
    218 0 153 148 220 255 78 177 251 243 147 0 32 43 0 156 117 0 9 251
    239 0 0 57 2 253 94 55 0 27 255 88 196 242 125 124 94 0 0 174 0 79
    63 255 255 255 152 127 114 39 93 137 255 214 145 22 255 255 1 255
    223 255 70 10 132 255 151 231 52 235 188 143 49 14 0 0 201 230 78
    104 255 0 255 14 186 169 166 98 120 255 56 255 76 63 4 6 201 104 154
    134 0 0 30 175 255 192 153 218 219 166 0 33 0 0 255 156 255 0 140 89
    166 68 111 139 255 0 222 151 255 0 2 247 68 106 135 0 48 255 0 241
    255 117 0 0 213 0 23 0 255 47 139 137 4 118 255 212 187 0 214 110
    233 16 163 175 24 0 140 64 0 86 255 158 220 255 248 140 0 28 89 70
    255 0 255 56 46 230 55 134 85 255 255 181 145 255 105 255 255 255 43
    109 3 0 28 0 137 0 255 83 90 235 162 0 71 0 23 156 249 189 255 0 0
    152 241 196 25 78 78 129 255 84 182 0 242 68 0 0 189 0 122 210 0 155
    255 255 93 0 32 255 0 89 235 255 255 194 156 237 29 197 0 230 255
    255 104 0 0 218 255 133 245 115 255 231 0 255 255 89 219 154 94 186
    69 255 255 239 242 102 122 232 0 32 17 223 76 123 109 62 255 143 117
    36 20 0 87 255 48 255 0 204 170 21 143 255 255 83 63 255 13 0 0 216
    186 95 0 90 0 125 0 255 130 53 40 194 130 0 98 123 0 0 123 119 106 0
    255 186 0 255 60 0 246 146 17 255 36 0 69 98 85 79 98 0 187 0 0 171
    143 242 0 15 72 64 24 0 49 0 150 255 0 131 30 0 0 65 48 0 174 218
    135 0 15 229 182 11 0 190 85 142 117 40 0 180 237 219 255 255 255
    142 155 95 0 62 245 77 0 4 255 130 255 213 227 232 219 255 88 202
    139 74 0 255 0 0 96 74 0 89 255 185 255 70 72 52 15 254 133 94 50
    144 78 241 255 196 0 255 6 0 83 148 48 40 169 30 78 255 255 214 223
    255 255 243 0 149 255 0 142 255 255 255 185 183 100 121 27 0 24 0
    200 0 95 74 0 225 52 162 248 255 0 0 170 38 119 152 119 26 0 54 200
    167 126 186 152 77 47 143 100 68 185 123 110 11 255 103 87 168 111
    255 255 238 234 230 10 25 79 210 38 0 96 0 159 168 255 203 183 141 0
    102 247 28 0 255 207 0 109 26 39 0 0 126 0 92 255 255 255 176 195
    113 255 180 184 111 0 93 255 235 73 151 195 150 0 0 72 98 255 0 210
    246 151 255 0 12 255 47 255 179 69 217 211 204 255 172 218 98 165 6
    50 0 172 0 240 255 47 255 47 255 251 83 49 0 112 112 131 12 231 255
    0 51 234 216 137 78 255 253 36 14 0 100 111 135 255 0 50 0 233 66
    255 200 255 239 0 255 255 190 24 172 195 255 255 164 163 82 252 255
    133 246 178 255 255 0 152 0 29 230 68 255 255 137 83 0 0 227 98 0
    255 0 212 255 0 206 147 0 250 66 10 255 0 111 59 255 180 17 54 11 0
    0 0 205 255 0 209 255 120 60 173 255 255 38 0 255 110 255 255 148 86
    0 168 255 186 146 0 255 0 255 0 255 51 237 19 113 255 0 124 0 27 255
    0 128 255 0 148 255 0 63 121 0 197 255 100 40 255 102 81 102 193 0
    55 255 156 0 255 243 108 102 207 255 176 138 255 255 0 0 41 116 244
    228 0 227 86 255 169 10 0 255 38 255 251 68 247 191 0 92 7 163 86 2
    109 250 87 255 1 0 201 8 0 133 44 255 230 220 0 91 255 156 179 73 0
    255 254 84 232 6 0 207 101 169 174 0 11 95 255 39 14 255 7 195 44 5
    255 182 130 255 6 56 243 133 255 0 243 213 227 82 37 255 204 209 194
    0 135 254 253 81 188 0 171 0 163 113 254 219 0 255 94 231 0 255 40
    204 65 205 177 219 255 222 50 37 144 58 140 134 255 96 0 3 255 255 0
    212 145 247 255 255 255 255 157 255 251 56 112 114 200 207 195 216
    178 184 101 246 255 66 155 162 255 168 255 235 0 59 23 203 0 232 255
    0 179 39 40 105 215 255 35 10 159 182 182 50 0 0 0 0 173 199 28 131
    43 255 96 255 255 255 91 223 117 255 136 0 60 0 39 107 26 0 242 255
    62 255 2 46 255 255 0 164 0 26 12 226 87 227 22 0 129 167 0 147 247
    3 255 196 178 201 183 20 0 255 210 195 121 46 172 255 0 210 1 123
    159 209 216 112 0 188 83 255 255 157 104 0 0 67 0 170 73 188 120 0
    154 0 70 186 205 59 255 117 59 215 236 188 108 163 41 0 0 30 255 66
    0 255 5 0 195 236 255 255 201 255 22 197 204 255 129 255 13 125 180
    69 255 0 52 0 79 0 0 255 244 81 103 255 4 0 222 51 73 211 179 128 0
    153 66 0 14 41 65 230 45 56 128 22 168 255 103 0 219 211 0 0 195 157
    235 230 255 217 0 145 245 158 255 32 255 144 0 24 255 78 0 121 255
    255 18 255 0 101 153 197 98 255 221 17 0 255 31 255 0 255 0 158 202
    255 196 29 191 98 0 0 0 255 0 238 0 0 97 253 5 0 142 0 22 0 64 248 0
    255 136 255 37 255 255 43 181 81 255 37 0 188 198 164 0 0 255 81 255
    54 255 255 184 232 255 142 135 27 255 254 146 215 152 24 198 54 53 0
    163 0 19 236 255 135 156 109 0 0 204 236 37 245 56 182 228 150 76
    110 228 255 255 0 0 111 137 255 60 0 255 0 222 199 0 33 0 209 255 0
    255 255 59 177 5 255 0 0 255 35 89 255 224 255 8 53 23 255 0 255 255
    0 44 55 255 255 208 38 255 148 255 0 160 238 90 84 0 43 255 176 131
    250 156 255 200 0 255 64 141 1 241 0 179 0 255 244 153 94 131 255 67
    123 208 177 134 97 255 11 15 255 0 0 0 0 220 134 91 110 40 12 0 255
    216 121 3 15 30 60 163 95 67 18 240 49 65 0 150 0 126 42 171 255 93
    255 218 255 167 243 196 0 255 235 0 0 197 255 142 174 141 6 238 1
    109 0 175 255 35 99 0 0 181 239 0 81 223 255 255 13 255 47 156 51
    155 0 0 255 121 107 130 138 0 73 255 44 118 174 58 172 255 78 163 0
    216 36 36 227 0 231 148 52 31 159 218 89 150 255 0 255 209 87 128 8
    255 74 255 23 105 0 255 255 211 36 25 208 0 195 0 255 144 187 51 250
    177 179 194 0 145 165 31 183 239 255 0 178 0 137 76 166 13 219 255
    255 222 148 0 255 139 166 255 147 242 109 234 192 20 255 178 28 151
    0 246 116 0 187 255 231 0 5 156 0 156 0 241 164 64 255 0 203 255 0
    25 234 182 255 6 235 199 0 16 62 255 0 60 255 117 255 0 135 159 0 7
    55 255 0 0 113 249 72 142 255 255 255 59 0 228 4 185 255 134 255 0
    255 255 0 228 0 0 73 152 97 181 93 70 11 51 0 0 255 170 156 78 18 65
    147 133 255 255 161 63 49 54 0 222 28 203 249 134 255 62 255 151 190
    70 238 255 0 6 156 118 102 0 255 8 192 163 27 13 0 199 255 63 83 255
    124 252 62 237 0 18 255 0 72 175 170 150 247 255 0 182 152 145 0 75
    255 21 255 94 255 255 171 122 0 255 0 0 0 52 123 17 84 121 255 175
    65 98 19 255 0 64 67 59 134 0 60 255 210 193 235 0 139 255 255 103
    107 12 26 48 137 109 35 0 0 54 115 43 12 123 255 34 246 109 255 255
    90 248 0 0 0 177 13 103 211 93 146 0 64 58 39 166 84 0 255 247 149
    226 49 255 255 119 255 130 255 255 255 0 141 0 127 188 0 193 0 133
    112 136 7 0 0 0 194 0 40 178 247 140 181 255 145 123 168 0 116 0 140
    88 113 255 212 255 216 178 50 255 118 73 255 54 215 96 77 0 20 0 83
    236 163 131 247 157 73 0 149 160 192 47 133 89 151 21 95 143 95 255
    0 167 101 52 22 106 182 34 108 229 0 127 44 62 154 0 94 255 146 255
    255 104 119 0 193 255 11 62 21 255 61 251 108 0 43 57 255 89 255 164
    0 255 0 75 224 63 115 148 165 0 39 255 255 0 188 0 127 255 234 0 62
    255 0 51 45 0 85 0 154 167 92 128 249 255 0 193 117 255 202 55 119
    72 61 44 80 59 255 58 0 255 162 85 98 130 164 189 166 201 14 0 255 0
    240 141 131 16 0 255 255 129 226 109 49 91 87 177 186 167 255 48 255
    154 0 62 40 17 230 13 239 193 52 255 0 250 35 37 184 112 255 32 3 49
    1 222 56 188 93 0 163 255 215 156 255 255 0 250 0 130 255 243 94 177
    30 80 75 164 130 146 255 124 169 0 147 115 201 255 28 255 255 0 142
    0 7 255 253 0 219 107 146 67 0 118 35 146 116 182 0 0 100 0 255 0
    255 191 255 230 0 60 0 40 0 0 100 92 15 255 255 255 17 150 0 0 196 9
    12 255 130 255 0 44 172 179 66 18 221 255 255 255 255 112 0 29 0 255
    0 110 38 38 139 95 0 150 122 255 126 255 255 133 174 166 255 193 90
    204 0 41 255 215 255 255 130 255 0 235 247 255 0 133 68 17 115 168 0
    0 0 78 232 255 0 154 0 110 0 83 57 108 81 0 0 72 0 255 255 180 255
    68 37 108 85 98 208 0 3 236 165 59 44 134 239 140 133 142 0 0 65 255
    107 105 0 174 148 173 212 17 255 255 255 0 0 0 233 60 0 162 154 255
    255 174 100 255 217 187 0 159 0 255 0 175 0 165 255 0 7 255 0 152
    255 0 255 26 104 0 98 151 5 127 248 195 0 49 17 250 255 0 226 195 17
    0 183 135 0 229 112 149 59 0 133 255 0 106 127 0 255 33 149 250 216
    106 64 0 79 76 125 0 235 62 0 255 0 192 0 50 167 152 57 0 13 128 184
    88 212 64 78 3 255 127 220 208 124 141 180 195 152 117 86 90 244 0
    118 255 0 0 0 6 0 31 57 130 108 28 255 217 255 222 16 0 255 25 156
    225 24 86 0 222 255 0 255 222 5 0 160 101 8 255 255 32 45 189 152 23
    4 46 0 185 194 198 184 0 124 140 148 251 189 61 171 111 255 49 0 12
    0 253 0 34 22 0 73 207 168 33 255 207 255 255 255 255 255 44 0 179
    227 33 27 0 174 183 195 0 255 190 45 175 0 255 50 51 255 12 170 255
    255 78 102 163 255 184 84 0 255 0 110 7 247 126 56 72 0 0 0 66 255
    52 47 13 214 255 85 111 222 255 0 60 154 57 246 198 77 251 120 0 133
    107 165 255 0 255 255 234 255 106 151 35 196 194 255 142 82 255 255
    255 125 213 226 251 22 0 0 0 0 165 255 0 255 255 91 229 29 67 120 0
    255 255 238 0 255 255 38 68 205 0 0 5 0 0 160 255 6 174 236 0 97 155
    0 196 74 225 118 0 0 28 63 255 255 179 254 34 255 255 181 119 103 33
    255 128 40 255 255 7 28 183 61 255 189 17 49 222 170 30 0 255 195
    229 9 106 35 92 250 194 106 190 11 85 255 255 0 23 0 41 7 106 143
    136 48 66 255 13 187 131 17 225 194 144 158 255 0 255 25 207 52 222
    0 26 67 185 0 0 247 193 222 255 255 255 0 17 0 34 255 37 96 255 76 0
    229 255 255 127 218 144 127 229 124 190 192 244 0 0 255 0 104 62 47
    112 108 239 179 16 177 103 202 255 110 173 111 87 255 32 255 118 255
    117 0 149 255 147 39 255 104 210 255 195 92 255 65 0 139 255 45 34
    231 255 195 0 255 255 65 159 207 239 255 255 193 206 0 0 255 255 255
    55 40 0 204 184 255 255 241 108 136 159 0 160 0 83 99 242 255 191
    255 255 0 99 50 134 138 88 92 187 0 149 0 241 105 0 255 208 0 186
    113 162 143 167 255 142 85 255 183 242 255 255 25 12 0 0 43 219 173
    201 255 19 117 248 2 188 214 255 38 38 57 0 255 144 192 255 49 134
    255 0 126 59 255 255 0 90 255 255 182 217 151 255 69 21 25 213 255 0
    0 58 255 182 255 255 167 255 255 149 36 0 0 0 236 0 60 4 187 0 250
    145 134 80 166 13 87 147 189 0 74 42 196 212 17 181 24 40 225 209 0
    66 1 0 28 152 0 212 255 0 101 0 255 22 158 34 82 100 255 255 98 0 0
    36 65 232 11 143 255 97 93 27 219 0 159 248 0 10 139 50 195 0 0 25
    86 213 69 0 60 68 227 19 0 159 0 102 11 0 0 0 255 227 201 255 0 152
    85 162 0 255 0 190 0 80 14 73 80 255 130 255 255 184 226 160 255 35
    101 0 235 176 221 0 4 164 0 242 146 22 0 137 242 0 250 185 7 255 45
    157 255 197 185 0 3 220 106 111 145 203 255 123 255 255 180 170 117
    2 0 255 149 226 83 255 88 244 53 0 0 211 33 72 255 40 176 122 11 106
    210 252 0 98 86 0 224 71 0 194 234 130 190 147 134 113 208 168 0 93
    251 124 8 138 71 158 139 255 62 0 255 0 73 255 115 75 157 30 7 230
    255 0 121 26 255 219 0 0 2 0 33 10 219 112 123 163 77 255 100 140
    215 18 191 49 0 129 45 166 133 0 255 174 127 130 183 255 53 255 3 0
    190 119 255 255 0 59 2 129 133 48 149 231 255 255 191 56 255 255 0
    202 21 151 221 0 184 241 184 255 0 214 125 0 112 0 255 0 122 204 4 0
    255 241 193 255 255 94 211 152 71 154 255 255 255 255 255 255 235
    255 13 90 0 0 74 212 90 255 85 112 191 0 243 255 255 0 88 187 97 186
    157 232 0 161 255 255 138 255 194 48 85 33 16 19 121 194 244 211 177
    0 255 0 0 127 90 98 49 108 218 0 255 0 157 38 78 255 177 144 255 0
    182 182 0 0 255 163 204 173 255 51 84 74 230 112 202 0 62 201 222
    111 0 0 255 255 215 153 207 167 16 255 5 106 0 255 255 0 0 94 255
    155 240 215 137 0 111 152 242 154 0 53 132 60 255 63 46 96 186 255 0
    125 57 25 160 0 116 123 149 255 161 186 233 190 59 0 255 255 0 143
    26 155 0 46 118 79 255 139 41 50 236 185 5 249 239 255 174 190 141
    14 166 92 255 0 35 0 163 12 85 23 185 78 253 255 48 24 69 189 0 153
    0 0 255 243 254 174 93 0 199 155 127 131 255 255 209 178 255 219 52
    157 0 0 0 182 222 239 171 250 255 53 141 255 139 165 209 0 52 0 0
    255 192 255 105 165 255 255 101 0 98 255 0 213 252 223 255 69 110
    208 72 16 255 59 102 255 0 196 114 28 159 142 0 0 255 0 43 0 0 255
    21 60 0 158 58 41 76 184 142 79 81 184 0 0 134 255 213 140 45 107 0
    112 255 12 124 230 0 0 138 239 97 0 0 255 3 128 180 255 255 0 197
    219 167 40 132 41 189 0 14 0 255 81 0 255 0 162 197 0 0 25 0 158 0
    255 145 96 90 255 0 0 169 0 0 196 1 27 106 157 152 168 95 49 185 255
    255 255 228 255 255 0 84 255 0 255 255 0 194 182 160 255 0 206 0 255
    181 64 255 191 255 219 91 134 24 255 255 255 208 0 131 0 255 122 13
    2 231 107 167 137 255 0 0 255 0 255 190 158 0 162 167 255 186 220 27
    32 158 255 0 255 246 190 255 17 255 167 1 38 17 173 0 21 148 196 209
    255 47 0 0 255 28 0 255 3 255 0 26 0 103 0 242 221 38 255 0 51 49 7
    28 38 255 79 0 229 112 186 0 0 0 0 195 0 233 7 0 198 255 192 10 162
    224 0 248 115 126 177 0 233 255 61 219 182 255 8 0 101 0 0 102 228
    255 202 126 179 201 236 255 138 44 101 86 11 255 62 80 0 255 249 0
    251 159 86 197 151 102 255 241 139 255 0 255 0 255 0 136 198 72 9 0
    255 142 255 194 0 64 255 55 97 135 189 0 245 0 31 224 46 234 195 121
    27 141 255 255 255 45 213 137 74 0 0 0 255 155 0 125 39 0 255 253
    255 42 0 197 72 7 105 255 0 0 241 241 116 150 195 93 18 0 113 24 0
    34 0 65 42 238 0 234 255 103 0 255 95 62 255 207 68 213 0 255 166
    255 255 255 255 73 0 211 255 16 223 255 0 116 214 0 0 53 218 255 255
    45 219 110 255 83 25 7 132 149 154 193 118 64 106 255 255 186 0 15
    112 255 74 255 116 48 189 0 98 255 149 255 107 14 255 18 96 191 246
    14 255 23 4 0 147 254 0 255 16 39 255 185 255 121 255 104 255 255 0
    51 208 168 255 135 93 48 80 24 161 0 92 50 216 132 0 255 39 228 61
    94 84 201 255 255 67 255 255 229 91 255 255 78 240 255 221 77 159 37
    0 0 50 42 194 236 34 255 153 255 255 251 139 188 255 198 87 67 26 0
    120 143 98 0 185 96 0 4 71 21 16 185 255 255 98 32 162 134 243 105
    149 0 93 48 0 51 71 38 180 75 252 135 255 34 255 14 152 0 186 255 0
    45 255 254 0 255 111 0 169 44 255 85 255 11 89 62 255 152 255 56 0
    10 64 114 255 26 228 143 0 163 97 126 0 216 255 50 97 121 255 198
    254 255 208 255 87 229 255 0 0 255 183 255 138 0 124 242 255 0 30 77
    0 255 22 116 33 60 0 0 185 203 140 255 255 0 255 0 0 250 255 214 165
    109 95 245 35 253 0 62 179 0 255 125 216 255 0 255 66 0 0 14 219 0
    228 255 255 48 53 0 255 192 160 171 30 137 0 0 122 39 74 104 98 27
    255 170 54 201 255 179 0 0 141 106 49 10 255 149 255 0 25 255 108
    107 127 218 173 109 44 255 0 122 139 134 73 30 63 0 38 0 255 255 255
    174 190 243 78 0 84 0 36 147 255 135 255 0 169 148 255 204 8 255 209
    149 236 121 0 0 244 116 29 64 231 43 186 0 131 0 0 132 94 153 51 92
    155 0 169 0 0 255 200 1 110 121 255 183 0 21 134 0 0 25 53 165 159
    255 0 0 0 0 0 0 63 70 11 255 202 255 255 77 255 190 44 147 214 193
    120 41 255 67 0 104 191 134 61 221 214 235 14 255 255 12 225 133 0
    114 255 255 185 197 113 98 84 39 157 63 149 125 255 238 122 0 37 188
    255 0 64 124 106 0 175 88 0 0 119 255 48 187 152 2 226 113 0 143 202
    0 126 223 193 255 255 255 255 0 22 124 191 147 0 255 157 45 173 255
    187 0 199 255 255 255 0 255 255 0 255 8 0 188 191 246 65 40 94 0 0
    226 13 14 0 0 0 255 0 0 86 0 255 118 141 5 0 183 159 87 255 222 182
    139 255 0 255 47 33 0 0 189 0 237 255 255 239 255 255 0 231 255 165
    255 23 0 255 48 255 255 182 16 112 4 248 7 132 180 255 167 0 177 146
    216 255 0 255 0 220 27 218 224 122 255 42 0 197 24 60 255 215 239
    255 5 138 117 104 255 165 19 255 255 255 249 0 0 255 178 54 0 0 0 24
    172 174 3 255 197 17 115 49 62 255 255 255 0 179 0 255 90 255 0 255
    70 234 0 0 255 255 145 26 224 0 239 255 183 255 186 255 131 17 0 189
    0 9 217 0 170 255 255 68 255 255 255 137 40 230 0 182 164 92 218 255
    150 255 126 0 255 255 43 183 0 255 232 0 143 135 222 198 0 172 118 0
    200 0 81 147 254 0 255 255 111 255 80 0 0 112 40 207 59 255 0 0 255
    126 27 255 55 148 255 228 142 109 0 101 0 0 0 255 255 0 255 255 255
    255 134 190 111 0 68 36 169 33 255 0 255 171 185 179 255 0 255 33
    148 0 46 0 241 112 255 110 0 77 0 177 12 0 187 133 181 0 210 14 191
    68 57 0 37 150 164 166 255 0 182 108 211 52 240 239 0 158 120 0 255
    93 244 62 142 255 37 255 100 60 0 255 216 255 178 255 122 25 255 112
    215 0 255 255 255 255 56 239 0 0 94 28 255 119 209 78 15 0 0 220 255
    122 255 255 209 201 166 239 255 43 255 223 224 0 242 40 153 0 255 0
    81 251 255 146 255 0 130 0 91 0 255 0 113 230 112 231 60 255 0 244
    78 251 145 32 255 255 223 0 0 0 85 0 93 195 88 0 0 91 0 139 78 0 255
    37 111 255 26 0 29 255 72 179 0 69 96 0 52 14 252 209 41 255 157 4
    132 15 0 255 212 0 24 0 0 149 0 109 255 255 60 37 233 82 222 156 231
    255 12 118 244 130 11 0 14 255 113 0 0 255 52 0 90 255 234 147 60 0
    165 0 143 35 238 0 255 229 0 215 165 111 255 255 41 136 0 134 17 234
    253 0 122 194 198 139 72 176 209 19 177 255 0 255 78 250 67 0 0 115
    77 11 74 255 127 191 184 52 255 71 255 8 22 226 120 255 255 255 4
    130 127 245 255 0 242 255 0 185 0 0 153 95 15 69 99 220 255 19 155
    235 32 198 245 255 0 255 74 8 210 0 24 246 139 255 67 1 80 104 83
    135 252 0 0 255 103 209 254 0 174 252 117 0 255 5 0 0 128 255 176
    140 233 140 248 153 255 16 5 203 255 43 97 123 110 150 228 255 0 29
    131 255 141 137 0 31 61 0 255 110 130 68 0 211 99 245 255 200 54 159
    206 115 43 0 0 18 143 0 0 0 18 63 79 183 17 202 75 255 150 188 255
    255 0 31 146 255 255 198 210 0 127 218 154 190 0 4 74 0 250 177 0
    251 106 55 71 199 255 148 25 73 83 135 255 50 168 255 75 107 124 157
    24 0 148 255 118 0 0 255 227 185 230 255 233 82 163 255 233 255 30
    61 228 0 63 110 24 0 122 18 0 0 105 133 113 238 223 174 134 141 220
    38 108 255 0 57 31 0 88 53 235 79 255 109 138 79 51 214 143 19 30 13
    255 0 40 246 0 229 35 82 255 57 0 0 109 0 227 102 126 0 0 132 255 0
    0 0 65 77 0 153 0 255 198 242 111 0 255 0 55 134 29 255 255 255 255
    197 255 145 166 58 86 183 46 0 0 226 0 255 244 23 88 255 151 111 250
    0 26 250 255 255 19 155 0 124 74 0 186 19 0 241 88 0 102 0 0 0 14
    140 49 37 131 122 140 19 255 110 0 0 255 255 0 0 60 39 80 97 202 33
    0 31 73 2 79 109 111 241 227 226 235 0 255 231 0 69 53 217 244 82 61
    12 3 24 234 167 139 167 255 85 158 255 98 255 251 158 178 255 52 48
    196 255 122 65 255 229 145 157 152 0 0 0 56 0 106 251 56 47 207 82
    104 0 193 0 255 0 0 17 0 255 32 220 2 226 132 18 122 0 255 54 0 255
    33 48 68 255 141 149 238 226 0 255 30 0 59 0 255 0 255 168 0 75 108
    28 0 255 168 142 0 255 0 13 0 182 121 174 159 0 255 86 165 255 0 177
    255 48 142 96 255 220 0 244 255 214 0 6 25 126 255 191 255 51 0 225
    150 40 255 0 107 155 104 71 101 30 0 0 121 45 255 193 122 161 28 67
    235 0 103 24 124 0 68 80 0 255 45 54 93 0 255 126 72 0 43 0 66 137
    47 0 50 110 255 0 255 87 116 255 0 0 168 255 62 97 78 46 66 92 255
    20 127 0 255 0 255 0 0 255 43 0 106 108 0 250 142 58 255 149 0 255 0
    0 0 42 192 255 206 213 0 34 255 255 170 150 100 62 234 173 60 139 0
    255 223 0 255 75 131 28 0 192 108 15 53 234 98 255 5 0 255 0 158 184
    175 72 241 255 205 0 255 95 81 0 169 134 0 253 255 255 205 68 173 0
    1 93 32 252 0 199 92 234 0 255 86 0 233 53 234 56 193 0 0 150 255
    235 2 0 4 216 255 112 0 255 183 255 0 173 62 0 0 219 65 255 29 0 97
    206 209 34 0 83 160 0 255 0 43 216 196 255 222 0 23 116 216 128 34
    91 0 53 0 213 25 91 33 255 122 80 0 217 0 40 240 255 255 83 0 0 255
    0 255 24 247 139 255 255 194 255 141 255 28 19 204 0 82 0 206 62 174
    255 255 64 255 131 234 0 147 0 159 255 255 136 199 255 235 21 255 30
    0 0 145 101 11 41 0 0 18 13 167 0 201 110 255 255 255 61 30 235 108
    0 255 107 22 255 255 185 223 209 157 255 10 85 0 146 255 160 204 0
    180 181 242 175 155 196 90 247 203 0 51 255 0 231 171 50 0 23 61 255
    128 64 255 218 255 206 97 0 99 0 217 0 0 63 35 0 0 255 65 0 88 255
    255 179 15 8 168 100 105 60 102 0 255 232 43 0 174 0 0 0 0 20 73 119
    3 255 132 20 0 255 169 90 178 184 206 155 255 161 29 248 255 0 26
    112 255 180 73 224 32 255 183 0 9 216 188 140 33 0 255 153 255 255
    255 96 0 0 0 43 192 4 85 217 175 205 255 155 0 68 165 188 114 113 0
    255 248 240 255 255 26 90 255 230 121 0 0 252 0 103 112 0 115 156 0
    156 0 0 0 255 2 212 159 181 78 0 228 22 103 121 64 7 102 17 0 255
    255 0 17 106 148 0 183 77 23 6 0 82 255 115 252 147 96 79 255 130
    255 28 0 255 0 111 0 184 111 24 0 255 100 193 83 255 255 154 60 0
    144 101 255 255 255 252 103 142 227 85 113 236 102 54 255 0 0 228 81
    94 123 0 147 0 255 48 37 255 133 252 63 189 36 93 44 9 197 146 0 230
    0 35 5 47 8 255 89 239 0 65 250 0 0 255 117 150 0 0 65 202 46 210
    241 0 226 255 180 123 0 117 71 0 241 145 127 117 253 44 119 77 83 94
    66 90 165 40 255 255 255 207 158 98 114 28 80 0 255 75 35 108 255
    255 254 200 17 255 0 0 67 0 0 194 27 255 255 0 0 255 225 239 16 120
    255 176 190 152 0 68 132 98 239 114 29 139 255 0 92 156 51 0 196 244
    177 89 0 229 0 104 21 81 214 187 0 232 255 168 0 226 255 3 255 86
    164 119 174 43 0 255 0 176 91 52 255 71 195 255 0 180 150 33 28 0 0
    198 166 33 0 19 0 0 246 67 1 159 237 109 255 0 19 100 0 255 192 150
    251 118 51 0 202 0 220 132 30 0 0 255 0 27 208 221 0 255 0 53 17 172
    146 255 158 203 89 0 255 172 0 171 168 0 117 172 192 162 255 255 159
    0 0 93 227 241 255 194 70 75 39 0 226 199 255 0 88 211 0 146 80 193
    243 0 181 100 194 255 0 10 64 205 41 255 51 27 98 0 14 89 59 255 255
    176 244 163 140 255 6 255 255 120 255 57 0 23 255 103 0 47 0 152 255
    181 255 255 71 156 65 208 125 0 255 146 113 191 165 255 171 7 255
    197 209 23 0 255 192 155 34 0 255 26 255 175 255 255 36 181 255 227
    18 199 17 255 112 189 119 114 0 254 81 228 200 151 42 150 157 94 0
    103 216 55 153 255 3 255 255 226 127 0 0 50 0 0 222 0 66 43 184 255
    255 0 50 0 255 163 0 171 72 255 85 151 218 112 129 255 0 0 175 220
    255 52 0 16 142 133 255 0 219 157 255 105 234 24 178 73 10 255 255
    140 0 250 251 0 81 196 24 38 0 0 186 119 0 57 236 253 162 225 233
    255 0 255 0 0 202 71 109 68 86 82 255 70 229 140 134 255 0 164 59 0
    0 170 255 0 203 255 115 220 53 74 124 114 222 255 0 0 124 94 87 0
    255 95 37 159 255 29 101 0 0 245 0 199 0 61 236 179 170 13 255 0 0
    166 97 237 55 150 0 98 96 170 118 123 31 255 0 0 140 47 0 255 221 0
    110 255 2 30 0 255 226 255 102 255 0 0 255 140 0 148 255 40 85 74
    255 168 0 255 255 45 0 89 47 8 254 252 0 75 255 216 255 0 255 255
    153 133 91 243 0 0 0 134 255 213 234 0 255 248 123 0 178 52 0 128
    255 255 126 205 255 53 84 255 169 12 105 0 156 255 92 21 10 0 125
    255 71 124 88 131 18 0 82 0 0 57 222 146 66 137 36 60 255 0 53 255
    255 242 1 131 0 107 255 91 86 255 0 255 211 215 0 3 171 255 9 103
    255 0 255 255 224 103 2 134 61 84 0 202 225 255 0 255 26 255 110 81
    0 161 255 205 90 116 154 255 150 172 255 41 148 82 175 255 64 255 32
    191 0 34 140 192 21 171 194 189 62 234 96 198 255 177 254 0 144 199
    212 236 255 255 0 2 217 110 78 0 66 157 68 255 116 125 0 255 0 0 2
    250 144 25 231 71 0 255 131 255 1 39 255 30 114 11 37 255 255 250 0
    0 91 125 62 0 81 0 132 194 119 255 0 208 254 83 0 30 221 250 255 255
    0 39 255 94 163 50 0 0 255 101 185 146 10 0 161 80 255 133 112 0 246
    0 87 255 0 132 9 0 239 255 248 134 0 46 6 0 27 223 0 136 0 0 89 141
    14 0 255 166 20 63 0 15 245 125 90 34 139 165 0 174 226 255 107 253
    157 255 180 0 255 255 92 9 255 94 172 167 197 0 121 255 40 0 209 0
    74 20 6 233 0 188 166 57 134 13 255 0 78 199 236 163 6 170 216 0 142
    194 117 219 255 207 87 0 225 177 71 111 184 25 243 152 162 255 120
    255 0 53 255 6 0 223 216 144 220 174 103 0 255 42 255 96 255 161 216
    146 88 255 0 211 85 255 249 222 255 42 47 169 0 248 237 159 74 161
    151 0 136 175 199 193 144 119 153 109 255 108 251 232 208 137 250
    112 85 0 255 0 0 151 143 91 255 0 151 255 255 0 255 249 255 255 241
    255 255 234 175 172 13 0 255 0 255 18 255 255 255 147 52 98 108 249
    218 226 165 107 0 67 137 151 92 10 9 186 0 36 173 0 150 55 52 0 255
    0 0 103 255 192 81 255 255 114 255 255 0 0 0 152 255 46 153 0 0 1
    255 176 242 59 255 63 200 170 236 255 133 0 255 213 0 80 185 0 255
    189 152 182 0 212 109 86 255 16 255 0 149 0 240 255 246 237 255 0 0
    67 0 12 223 0 0 255 0 0 213 197 137 29 167 79 87 38 0 4 227 243 218
    111 169 0 255 0 6 65 255 212 255 228 0 217 37 215 5 174 135 165 255
    255 119 255 192 94 255 0 38 255 0 0 0 0 27 0 0 0 35 0 255 0 0 255
    255 68 239 255 13 122 172 185 0 73 19 0 124 222 224 35 255 213 142
    68 134 255 182 219 137 117 183 255 6 255 77 215 0 204 214 36 121 1
    223 0 184 126 0 162 255 205 239 9 0 1 255 255 255 150 127 129 11 117
    49 126 62 151 185 211 255 172 184 177 49 255 255 36 255 196 255 132
    222 95 127 26 32 253 134 255 234 255 227 29 130 232 167 255 16 0 0 0
    0 255 66 209 118 0 252 0 113 7 0 68 255 255 199 227 46 243 15 255
    194 234 255 239 116 132 23 255 137 0 255 0 82 231 44 22 68 248 152
    208 112 64 255 88 255 228 0 67 0 255 255 69 0 0 255 183 3 0 200 237
    220 144 42 0 250 253 0 231 25 109 191 0 0 37 78 0 140 255 246 209
    255 0 26 126 6 234 255 196 0 75 255 255 0 242 255 177 237 100 202 6
    210 255 148 0 36 255 44 0 213 255 60 0 0 170 0 255 1 255 193 0 180 0
    60 216 44 238 14 137 125 182 158 58 98 167 18 23 0 255 0 255 145 152
    40 255 203 0 2 203 3 0 200 255 69 0 255 45 65 186 32 255 255 120 81
    255 172 185 159 171 255 215 239 0 10 255 179 255 0 219 4 182 158 255
    255 0 200 26 91 255 164 253 48 255 193 198 241 255 177 239 65 255 75
    73 0 0 0 50 251 47 19 210 255 165 211 0 0 229 110 104 0 228 255 0 62
    139 42 0 186 126 151 36 193 33 255 255 124 34 255 255 251 41 255 95
    36 32 255 174 205 255 62 181 176 223 8 165 0 244 255 188 255 255 17
    188 255 0 8 134 0 185 255 51 198 66 0 102 146 131 0 255 255 113 189
    86 0 174 52 0 0 148 246 246 69 146 255 75 0 0 210 17 0 240 0 0 255
    85 255 87 52 47 255 163 28 15 0 255 0 75 0 255 255 99 206 223 224
    246 176 162 152 0 0 0 78 105 203 0 0 99 0 34 122 255 173 198 157 184
    159 54 175 255 0 127 255 255 22 72 154 187 0 63 162 232 0 0 112 0 0
    136 194 255 189 187 255 160 255 255 224 255 172 0 255 11 0 67 255 0
    168 30 220 255 0 70 0 0 193 255 255 255 175 255 202 107 66 0 0 219
    150 0 210 23 0 174 0 7 0 96 242 239 144 255 212 255 191 109 70 0 82
    0 84 175 161 255 78 255 0 224 50 104 255 0 251 166 0 255 0 0 223 228
    0 127 64 238 255 212 5 180 109 154 0 0 50 8 0 191 121 156 17 188 255
    30 223 0 174 166 79 153 221 0 255 255 122 184 143 126 222 191 201
    255 161 55 191 255 183 0 131 165 0 0 255 195 183 44 255 255 0 255
    255 186 181 110 0 225 104 224 255 255 208 215 255 220 255 143 0 147
    0 0 42 115 115 0 137 255 255 246 182 255 215 71 255 61 36 5 7 219
    114 115 0 2 255 129 211 249 141 0 10 37 225 39 213 103 182 217 255
    227 195 111 0 192 0 0 220 80 229 0 34 0 0 184 205 77 13 49 255 36
    113 139 0 102 162 57 0 255 186 255 117 255 57 116 255 255 28 239 0
    176 255 87 255 185 140 167 162 254 46 0 255 37 179 255 149 255 103 0
    168 180 203 0 85 81 157 255 70 0 97 255 9 54 255 136 218 31 255 230
    88 0 143 90 0 117 237 83 107 113 255 106 135 80 23 39 138 0 255 255
    203 44 255 213 113 36 73 0 2 46 216 182 200 213 204 255 5 255 255
    216 102 71 199 208 113 255 21 57 27 0 0 0 0 55 255 170 113 95 36 30
    222 209 87 253 241 255 199 255 255 158 0 163 0 205 255 255 0 255 111
    164 40 36 244 0 255 255 0 0 252 0 61 0 128 255 145 29 187 53 9 49 23
    255 117 0 86 83 241 230 77 0 0 6 73 203 232 131 147 0 27 98 0 255
    118 0 190 200 0 219 14 246 255 126 152 0 255 117 255 122 176 86 244
    31 255 76 142 144 122 160 0 255 255 245 58 243 132 0 244 0 103 255
    255 243 255 255 0 152 20 115 255 16 28 124 66 23 25 189 25 0 42 0 0
    0 35 203 69 53 41 0 21 0 165 0 255 0 70 0 47 0 0 120 255 176 150 19
    255 22 78 131 255 0 203 255 0 255 1 0 107 0 151 0 255 0 62 158 230
    126 22 121 85 0 232 208 134 255 79 120 46 230 255 0 35 0 87 255 94
    214 178 82 81 121 255 136 255 212 199 145 0 255 11 58 111 148 255 0
    34 119 100 255 195 180 136 40 236 158 255 149 255 87 255 166 162 255
    172 255 255 115 166 97 210 25 146 0 46 214 120 126 255 121 71 62 223
    0 7 211 255 0 27 40 255 3 13 209 0 196 170 75 126 198 0 255 214 193
    174 255 128 0 193 5 37 255 255 255 0 117 242 50 160 80 221 0 201 255
    13 221 183 0 0 118 11 137 76 142 237 64 145 177 227 245 44 255 44 0
    235 44 0 0 201 6 160 0 131 180 0 0 0 21 122 99 51 214 0 226 215 40 0
    0 250 130 79 255 13 54 164 179 0 169 255 253 172 255 96 41 255 22 48
    73 255 26 0 0 255 194 150 235 0 255 0 128 163 0 122 255 76 252 112
    255 0 0 205 237 193 109 255 0 193 130 184 123 10 53 15 0 241 0 29 0
    0 116 226 164 246 225 140 0 255 255 0 114 255 255 236 0 35 3 0 223
    215 255 95 42 160 240 246 7 133 0 92 131 0 21 103 92 255 90 248 53
    219 42 171 239 255 35 36 255 0 231 0 14 0 255 73 25 233 0 19 119 188
    255 0 255 246 154 135 212 250 223 100 255 250 228 211 223 59 0 61 95
    227 142 238 173 135 13 173 255 193 74 92 201 29 0 0 75 210 0 204 255
    255 255 145 139 0 99 255 253 255 255 150 230 19 255 18 14 119 254 71
    0 166 0 222 255 139 255 255 255 255 191 255 0 20 216 148 187 0 0 108
    0 68 255 16 168 62 255 177 0 214 138 255 162 255 34 255 255 0 255
    255 255 188 52 83 255 127 224 57 10 0 0 78 12 26 255 179 0 49 255
    254 236 255 252 255 255 0 255 255 0 74 255 0 203 133 60 0 132 103 97
    255 160 151 166 76 255 0 224 255 228 0 255 46 255 255 255 79 137 0
    209 208 39 99 255 217 0 0 255 84 222 84 0 255 10 62 0 255 154 0 127
    199 255 0 2 215 255 39 0 231 100 0 140 117 104 109 58 0 0 11 4 0 171
    0 255 216 229 0 0 2 247 28 190 0 255 152 0 21 255 0 9 255 80 137 29
    255 92 205 255 108 104 222 0 228 234 0 0 157 105 119 142 0 255 15
    249 215 178 228 0 255 20 255 255 255 71 0 255 242 155 255 87 130 39
    255 101 122 77 0 255 231 0 85 67 82 141 35 255 62 255 255 178 104 88
    255 46 41 155 135 112 0 134 0 0 227 0 255 231 0 214 0 166 113 255
    196 43 49 152 225 161 79 181 38 28 255 215 78 28 232 128 68 0 22 120
    249 141 232 215 255 156 125 122 151 26 229 0 166 203 244 132 181 0
    29 0 0 255 233 0 200 192 255 158 0 234 0 158 0 45 248 255 39 0 0 184
    0 207 48 255 0 233 228 0 244 213 254 255 246 255 0 255 13 35 119 255
    255 85 152 235 40 205 250 255 101 0 199 67 181 255 156 109 1 41 255
    88 236 20 255 24 158 190 52 95 116 0 78 133 137 119 219 255 214 0 31
    160 51 14 255 0 13 42 183 150 0 183 112 185 2 19 255 255 65 241 42
    214 14 0 255 88 255 30 0 255 0 84 0 31 126 94 255 169 155 255 25 0
    177 117 255 37 125 0 225 200 255 106 111 0 41 132 0 236 67 161 255
    82 0 255 76 0 136 0 255 255 0 230 115 12 193 0 211 49 87 121 97 255
    255 0 207 164 42 198 255 174 75 255 231 244 52 43 164 227 0 198 74
    200 21 0 0 255 255 0 15 255 255 174 0 0 133 0 133 183 213 0 255 0
    255 254 51 18 255 153 201 0 0 255 116 0 0 151 8 205 2 237 255 178 15
    209 167 0 171 95 0 117 46 92 255 255 0 77 148 46 213 80 0 109 188 76
    0 167 97 190 79 0 99 66 124 252 199 126 255 13 0 58 0 255 0 0 241
    184 255 25 163 0 254 117 107 255 255 50 149 135 15 247 229 0 0 255
    91 0 37 218 255 255 255 151 167 0 219 0 52 13 0 95 162 163 140 255
    18 255 0 42 255 119 0 178 241 145 46 51 124 141 75 0 157 0 244 126
    122 0 199 90 17 121 181 232 202 85 0 219 216 255 0 255 0 255 255 121
    163 95 0 48 0 169 109 74 112 0 0 245 8 40 255 89 255 206 196 206 255
    50 36 200 255 93 87 0 50 255 33 0 182 15 52 255 184 0 209 145 30 242
    0 255 92 255 10 195 219 238 255 71 176 0 255 113 208 255 189 255 228
    255 255 165 164 88 255 255 229 255 189 21 255 255 0 255 115 255 200
    0 88 203 108 38 191 100 255 255 36 109 80 22 0 57 82 31 240 179 255
    207 204 93 143 255 0 71 207 30 255 75 222 199 51 232 255 103 176 231
    146 0 15 219 255 0 193 100 136 255 0 255 93 26 38 255 174 183 0 185
    20 186 163 52 0 48 250 87 84 83 184 137 253 222 84 130 255 255 255
    236 234 177 181 240 255 186 45 68 255 219 242 156 255 8 255 204 0
    241 255 121 255 184 0 0 60 2 55 186 204 45 255 59 72 255 33 0 91 0
    255 77 183 113 0 225 31 0 73 51 0 102 255 0 101 194 255 0 120 129
    107 99 255 194 118 67 0 6 0 0 181 38 129 0 160 255 70 143 153 180
    136 165 0 0 91 0 126 191 0 187 129 0 226 59 255 123 113 255 62 14
    255 173 255 129 0 255 0 0 158 219 0 235 40 47 0 0 255 0 0 75 211 164
    255 255 164 255 6 255 45 0 1 206 255 186 93 0 187 64 124 226 40 255
    45 0 255 255 162 146 0 180 0 238 7 160 0 123 125 87 168 26 0 28 220
    173 197 109 132 255 104 255 170 255 142 137 0 58 89 248 207 176 189
    0 0 1 22 67 228 205 70 117 0 255 255 87 147 210 0 0 247 255 93 99 24
    0 255 0 255 255 0 46 255 255 156 9 255 81 0 0 202 212 255 0 255 185
    32 255 0 255 163 255 45 0 121 227 16 77 204 0 102 105 43 185 140 0 0
    165 0 28 235 255 210 139 0 140 0 126 111 21 28 80 227 45 255 47 118
    255 255 191 0 0 255 0 53 87 255 146 240 136 0 28 178 0 79 241 140
    108 35 149 255 72 218 255 140 0 130 255 88 48 115 68 151 36 255 26
    47 194 65 136 98 255 63 13 204 255 133 126 35 0 137 255 190 96 19
    255 134 0 0 255 0 78 129 255 108 34 237 0 142 46 118 4 0 255 0 255 0
    195 190 14 0 255 98 0 173 136 86 43 255 255 150 143 103 82 222 0 75
    124 0 0 118 255 28 0 61 0 118 58 104 169 48 181 255 147 147 231 168
    255 216 255 0 167 82 10 190 102 255 255 0 16 46 173 0 131 0 39 140
    132 81 170 76 174 147 255 0 241 0 133 255 255 3 196 220 173 20 141 0
    0 106 25 30 188 255 144 0 62 167 218 75 0 132 234 0 174 10 50 255
    129 57 7 255 184 38 186 184 134 46 0 0 0 56 3 243 255 10 6 68 0 255
    0 197 255 11 60 255 11 255 255 54 0 0 219 0 0 156 54 40 108 0 5 8
    241 146 0 255 29 0 0 124 164 252 24 0 0 255 200 130 255 133 127 255
    250 121 2 100 218 206 145 216 171 0 224 255 75 0 255 13 255 68 101
    226 7 84 18 0 127 209 242 242 210 77 205 56 70 124 49 245 200 0 113
    0 76 127 169 255 221 255 0 0 255 223 137 250 255 195 230 75 255 119
    0 0 174 163 0 233 26 0 0 82 139 0 89 0 0 110 94 0 215 24 255 0 131
    31 130 217 0 69 184 255 84 0 255 186 19 187 0 69 90 0 94 255 37 208
    97 255 255 22 184 196 168 253 252 141 255 255 168 128 140 0 0 255 74
    5 189 0 234 209 255 0 255 0 30 117 179 50 251 255 255 219 141 32 208
    255 0 183 255 0 255 83 245 181 128 185 230 30 0 199 62 255 248 11
    146 100 61 0 180 95 106 53 0 162 45 0 239 133 203 214 0 83 28 24 0
    71 0 255 0 135 54 244 61 148 115 68 194 152 250 241 154 255 85 255 0
    159 237 188 171 143 212 0 43 244 97 123 203 255 0 0 188 219 164 0
    255 255 178 0 73 255 255 0 0 239 0 34 39 0 77 252 255 170 119 90 32
    127 226 165 21 97 180 162 255 134 97 19 253 0 0 74 94 220 124 20 38
    85 0 0 0 179 255 0 228 0 0 255 255 222 255 0 191 0 0 0 200 0 15 255
    0 110 251 255 0 144 40 248 192 2 187 119 165 0 223 255 125 64 200
    255 255 255 111 136 241 167 234 201 114 255 0 199 152 187 104 255 0
    219 196 109 121 255 226 90 71 220 255 107 75 0 190 87 0 163 178 68 0
    255 240 137 242 255 219 235 112 0 126 21 24 26 18 192 0 88 188 255
    58 73 29 181 193 29 255 0 233 152 255 0 0 206 103 222 106 154 255 32
    239 1 255 245 255 255 252 255 255 10 224 255 218 135 127 255 226 248
    0 70 164 0 255 86 255 85 90 255 255 0 255 218 255 52 255 161 255 0
    255 219 255 55 242 255 168 255 8 180 248 139 159 0 0 0 0 63 245 103
    131 85 246 0 0 3 72 0 0 88 255 0 175 214 255 0 0 148 247 63 31 133 0
    255 126 86 0 255 12 255 0 255 255 242 255 64 156 0 41 190 0 252 205
    255 211 255 253 83 29 113 29 0 66 255 0 165 44 0 0 0 131 255 255 171
    26 255 255 255 255 61 243 0 255 199 255 109 240 199 0 47 255 214 255
    255 13 62 130 39 0 9 0 255 149 17 255 0 0 0 78 21 0 1 119 0 111 38
    255 0 131 255 0 126 255 173 15 93 10 24 241 143 242 222 0 130 243
    112 255 200 0 135 71 14 211 0 255 76 255 79 0 212 255 255 138 61 1
    114 104 108 77 0 29 255 255 0 255 184 0 211 154 0 255 12 14 133 178
    146 114 39 222 16 219 2 136 0 255 106 95 80 232 163 230 255 205 56 0
    255 7 171 46 255 27 122 0 55 10 177 0 246 208 233 18 58 126 22 82
    169 184 104 126 0 235 111 0 0 23 255 255 53 179 38 182 194 188 0 124
    174 0 252 124 0 167 3 55 0 0 31 221 130 165 183 113 164 255 14 255
    101 255 44 255 255 176 30 0 111 109 151 107 0 6 131 78 53 188 80 126
    255 205 40 255 240 38 0 255 0 249 203 197 0 6 255 255 0 71 115 251
    107 0 86 83 77 131 255 255 0 46 212 255 160 0 255 0 255 22 9 18 255
    255 222 255 255 0 10 5 0 184 99 9 255 165 224 122 0 255 175 173 49
    255 255 0 242 55 119 0 127 102 16 180 64 4 255 8 8 255 63 190 0 255
    0 255 247 11 117 173 255 255 0 255 0 95 44 218 255 25 175 255 7 255
    25 245 205 122 192 255 255 255 202 255 0 100 255 197 59 255 255 0 0
    0 167 141 85 255 150 0 17 8 255 255 250 253 255 0 255 255 255 209 70
    219 0 255 94 0 255 202 146 0 66 255 0 255 96 132 255 178 71 131 255
    159 127 134 255 217 0 255 0 35 255 109 112 208 255 139 18 253 0 75
    255 0 169 255 0 0 201 160 174 53 107 255 247 207 156 255 37 165 145
    140 0 121 255 0 4 255 54 255 131 0 159 91 109 52 0 0 7 255 98 0 123
    255 55 145 255 46 129 255 0 203 216 255 15 235 158 142 0 178 0 102
    111 113 238 0 0 0 190 0 204 0 0 253 33 0 255 191 122 119 0 134 255
    169 51 122 88 255 74 255 57 0 75 167 0 0 0 34 190 47 238 139 255 175
    255 0 176 170 6 0 54 0 119 255 58 146 244 131 255 26 182 255 0 132
    181 12 229 0 0 29 255 37 255 161 243 236 255 122 166 103 26 0 134
    194 44 239 88 119 9 61 245 0 171 255 110 171 109 150 0 200 27 195 62
    162 67 234 255 255 224 0 255 83 0 43 245 238 117 0 130 0 0 247 0 143
    163 179 24 68 255 191 93 29 0 125 22 0 142 138 0 225 255 97 0 148
    228 101 188 69 21 0 169 204 32 77 73 115 255 255 207 96 0 125 0 126
    255 10 255 56 41 255 177 1 255 0 203 28 0 57 255 91 255 219 255 137
    171 0 255 56 0 190 0 255 16 82 113 64 112 232 154 0 216 129 0 255 0
    38 102 255 0 42 169 21 145 186 228 22 77 0 62 192 121 21 29 0 255
    129 48 158 40 230 130 255 98 0 50 120 140 181 255 0 151 255 37 87
    255 24 189 25 47 151 23 233 255 255 0 0 54 69 220 0 122 90 0 71 0
    193 255 0 10 242 148 8 137 255 12 255 30 0 149 255 64 26 0 255 81
    217 30 0 1 255 0 215 135 255 61 255 247 215 18 255 7 36 0 0 222 4
    153 255 7 216 255 134 16 255 231 0 255 21 255 21 176 6 200 255 0 255
    109 255 0 0 0 0 18 219 0 0 9 255 47 192 255 255 239 140 255 21 58 0
    0 188 0 91 100 0 0 124 0 133 255 196 89 0 37 0 27 235 255 255 255 0
    173 201 0 217 124 166 255 45 255 255 172 168 218 219 255 188 71 217
    129 0 255 28 255 233 0 148 44 0 0 255 234 0 98 224 163 204 255 220
    255 141 202 85 0 155 225 0 72 240 188 255 30 210 199 254 163 51 155
    250 255 146 229 227 0 255 0 11 0 247 0 40 24 13 127 133 228 40 175
    88 195 0 255 15 0 117 255 245 132 255 0 0 255 182 148 255 255 255 93
    130 169 255 103 197 0 175 0 225 232 167 0 0 8 255 113 255 177 119
    251 0 253 194 189 209 255 113 135 130 255 240 0 255 228 255 255 0 0
    23 227 255 102 255 133 57 255 182 255 255 208 250 255 255 195 88 0 0
    151 130 198 255 37 116 222 115 0 255 17 0 135 255 191 225 132 7 177
    35 56 255 173 239 255 247 255 152 252 255 255 236 0 173 99 181 107
    228 0 211 255 0 0 105 0 156 42 255 78 232 184 136 255 46 255 255 0
    131 255 255 255 0 255 255 145 169 69 172 71 155 170 255 0 62 93 133
    0 25 119 81 252 0 0 187 29 40 255 205 165 255 255 255 0 80 246 51 0
    0 46 255 128 130 255 103 75 138 15 41 137 0 46 0 72 184 255 223 49 0
    255 99 114 124 12 8 93 0 255 205 255 54 255 180 11 255 255 119 255 0
    158 139 49 244 255 0 152 0 255 106 55 255 38 201 199 224 245 47 182
    18 0 193 193 0 139 255 0 29 184 199 255 36 61 255 0 155 255 178 201
    250 255 191 255 69 111 0 95 29 255 83 91 246 233 90 135 0 109 27 188
    193 121 212 255 246 51 123 69 172 0 255 25 237 47 72 22 129 69 95 78
    191 248 67 0 55 255 255 116 27 0 224 250 45 46 0 182 255 255 0 145
    255 255 41 255 0 255 226 22 75 110 82 149 157 168 0 220 222 255 206
    207 90 10 205 228 0 141 141 0 151 123 27 169 0 96 215 255 166 214
    144 149 151 135 40 152 93 242 207 0 225 255 255 255 125 0 0 94 0 39
    0 87 0 10 255 107 255 250 240 131 159 123 52 20 255 255 86 125 0 245
    72 59 0 146 161 143 0 77 0 87 58 128 255 112 240 230 255 14 48 0 185
    32 188 255 52 75 133 119 0 0 240 11 217 154 255 68 0 54 0 0 54 0 255
    37 111 96 255 255 208 0 255 255 183 0 185 166 0 145 195 231 0 90 125
    103 117 254 0 0 199 63 242 0 255 184 0 38 0 198 239 60 0 255 6 255
    255 174 232 42 148 0 112 94 238 255 149 255 250 175 0 0 112 65 84
    255 119 0 133 255 18 0 255 255 45 12 107 255 74 232 59 83 84 255 255
    240 47 230 136 137 196 63 255 205 227 223 133 104 255 185 129 0 255
    158 0 255 247 154 255 109 233 147 70 217 0 47 67 46 255 0 236 111 54
    130 100 161 226 0 255 37 79 0 19 255 46 95 255 229 0 231 0 42 255
    255 141 178 191 72 0 210 255 149 88 156 206 0 125 0 163 0 255 193 34
    176 0 89 111 255 190 245 189 21 255 83 112 89 210 255 0 113 255 255
    0 209 136 96 0 194 30 108 74 142 0 151 149 222 105 172 23 75 83 0
    216 40 51 98 249 92 0 255 255 168 255 255 172 0 0 244 8 83 250 139
    157 144 184 143 249 99 0 22 0 175 0 0 20 147 207 186 63 252 255 255
    255 247 255 174 191 0 63 75 206 135 0 255 255 255 164 23 228 0 255
    123 0 255 203 175 255 210 187 196 255 151 135 132 120 195 255 255
    173 0 112 75 255 237 205 255 59 255 161 0 0 148 221 154 255 255 140
    203 23 4 255 255 0 28 0 74 115 0 0 255 38 216 255 163 255 255 175
    239 15 25 208 189 225 100 212 81 0 90 95 0 231 0 92 255 126 174 255
    153 50 255 20 0 161 191 193 53 194 135 0 46 255 221 48 0 255 139 161
    139 28 250 158 191 48 222 187 104 195 44 219 0 124 91 180 184 64 255
    255 0 138 123 194 157 0 0 255 130 0 157 255 234 0 250 44 175 0 180
    255 0 141 255 234 0 255 0 180 124 0 213 255 175 149 137 43 186 96 0
    173 108 0 79 255 0 1 255 0 255 193 0 255 53 98 255 182 29 210 255 0
    24 96 169 255 110 0 255 255 225 28 62 187 147 29 215 255 232 55 14 0
    0 15 236 255 127 61 245 255 173 0 255 109 3 245 127 156 121 255 157
    0 5 141 7 166 0 97 110 74 255 34 244 187 0 255 1 21 119 0 228 84 14
    252 20 54 250 255 255 255 195 179 81 52 255 0 15 2 0 19 228 0 102
    155 148 60 255 0 194 61 105 58 0 172 124 227 255 0 255 202 254 36
    162 0 255 173 0 175 175 148 197 35 0 148 254 37 68 231 236 109 0 98
    98 116 109 178 51 110 160 23 47 255 15 0 0 247 198 218 182 0 187 255
    14 0 0 0 203 139 255 255 199 230 5 108 222 148 70 253 103 226 251 0
    199 255 255 255 79 0 18 61 255 253 59 0 0 47 201 0 0 255 255 139 255
    142 213 0 197 117 84 255 4 255 128 161 80 109 255 255 7 120 6 0 17
    201 150 0 0 184 0 86 25 115 181 208 222 18 0 255 135 76 140 69 189 0
    255 40 0 207 178 255 199 96 85 255 60 221 255 1 255 98 72 180 0 13 0
    34 107 255 255 193 199 255 63 230 63 252 0 13 0 0 95 141 255 179 161
    243 255 52 232 183 198 0 65 0 0 68 145 250 140 205 22 227 255 255
    136 84 229 114 162 255 255 16 255 255 114 120 249 255 0 252 40 41
    255 219 255 252 234 0 156 0 88 255 0 215 0 255 202 255 255 165 27 0
    222 139 0 255 57 0 0 92 42 0 0 0 255 0 201 192 255 235 48 255 255 50
    255 255 255 1 188 187 110 255 2 88 142 182 219 255 255 255 0 241 25
    118 138 255 165 0 133 255 122 156 255 0 129 0 175 167 255 189 77 70
    72 244 145 119 0 0 0 255 0 21 255 101 255 255 0 199 191 0 222 255
    120 126 9 173 69 255 255 255 45 62 255 185 254 17 255 227 66 0 0 0
    255 255 70 255 19 43 16 102 255 125 165 246 0 93 54 255 198 125 157
    144 32 69 0 43 0 0 0 250 127 227 35 255 0 20 147 255 48 0 174 0 183
    151 0 0 243 0 81 255 255 168 0 89 0 193 0 42 255 255 194 34 124 0 66
    0 135 96 150 221 38 255 0 200 85 195 0 0 130 0 255 156 136 255 0 255
    124 150 247 92 255 91 59 0 255 65 87 213 213 0 0 93 50 23 139 161
    255 123 0 160 31 114 255 230 85 150 32 139 23 180 128 13 12 255 255
    0 13 0 171 202 3 255 216 207 90 236 130 106 0 255 176 0 175 207 184
    21 9 127 118 76 52 186 246 140 164 252 251 0 227 28 102 0 51 16 183
    233 0 255 137 255 0 131 63 213 32 0 6 0 222 52 190 255 20 0 255 0 0
    0 255 115 255 225 23 255 27 68 0 242 147 29 12 137 239 68 56 184 120
    106 175 188 60 209 243 255 118 28 133 0 0 55 0 8 255 0 0 43 183 160
    54 0 255 156 0 255 184 255 255 0 123 16 4 239 99 146 151 223 0 0 255
    61 133 206 236 255 69 137 230 62 241 241 255 104 140 54 224 255 55
    203 47 224 17 232 176 253 255 0 131 30 210 80 210 157 0 0 227 64 179
    255 250 255 47 121 255 194 210 99 145 151 0 0 162 51 0 25 255 205 0
    255 109 29 121 0 44 89 188 0 125 121 255 242 231 164 200 131 181 22
    202 26 86 80 170 44 102 255 127 229 0 38 127 0 90 255 215 137 0 193
    255 221 67 145 0 54 150 217 0 196 0 255 0 65 83 222 6 0 17 255 18 65
    127 37 0 66 255 126 0 55 134 222 0 255 108 30 211 255 183 67 255 134
    28 61 245 243 116 150 255 0 143 72 57 255 116 42 95 0 249 0 182 111
    123 255 255 203 0 95 0 127 29 255 65 0 64 97 12 210 33 126 15 61 255
    8 218 150 94 255 255 3 255 188 73 255 195 72 0 4 67 0 114 255 0 11 0
    24 55 61 255 31 255 255 223 116 89 182 255 255 187 0 0 235 220 0 0
    188 128 0 173 192 255 212 110 155 225 255 55 0 184 47 163 0 0 22 203
    36 120 113 255 0 135 62 93 110 159 29 133 0 249 82 96 128 7 68 255
    246 247 33 38 207 80 0 152 221 255 111 222 128 124 100 18 0 138 0 31
    103 0 0 239 9 255 0 68 151 128 0 87 0 35 51 181 164 128 160 139 255
    57 0 251 202 255 63 57 178 241 164 30 0 221 190 131 232 255 236 59
    150 0 194 85 25 255 0 128 224 119 94 109 82 0 255 174 8 0 93 47 97
    195 11 169 114 38 84 255 0 37 123 60 251 244 216 24 63 34 212 0 65
    88 174 100 255 130 249 172 217 255 76 137 0 182 227 255 217 0 255
    101 0 213 62 0 23 255 255 153 215 38 0 255 19 69 151 52 31 11 144
    165 0 242 0 73 147 255 85 0 112 0 170 243 235 0 229 68 129 52 0 177
    0 174 0 13 255 0 0 255 67 144 102 60 101 0 89 191 79 255 173 197 33
    76 252 45 0 108 0 0 119 183 41 0 193 255 253 0 188 0 142 0 0 145 255
    9 191 166 255 161 0 0 127 0 36 78 61 199 0 67 84 126 0 240 0 104 65
    255 194 122 0 58 0 65 17 0 255 0 255 46 70 62 37 0 255 210 14 244 0
    75 51 176 196 241 2 162 197 71 0 1 44 203 102 114 56 203 87 0 223
    108 255 255 61 229 0 243 161 224 30 17 66 255 54 113 255 12 157 170
    107 104 160 0 184 71 32 65 213 219 117 7 0 255 0 0 205 48 255 145
    255 255 0 0 152 255 110 40 207 67 25 255 255 0 0 123 214 254 0 214
    120 255 180 0 157 165 255 200 155 78 118 157 0 243 255 0 187 168 255
    0 47 255 161 0 226 255 0 124 0 165 134 165 86 24 193 57 145 118 191
    0 255 0 0 255 0 14 119 255 211 152 61 255 247 154 158 186 97 32 134
    0 181 75 0 169 191 255 255 255 205 255 0 186 0 255 248 229 255 0 51
    6 252 0 112 66 54 0 255 149 164 170 0 107 66 222 255 103 0 255 255 0
    3 139 255 182 171 255 70 22 255 174 0 111 255 0 132 0 0 154 0 255 89
    0 174 215 255 189 208 247 255 171 34 255 0 251 186 23 45 0 0 91 255
    0 246 114 246 222 92 51 19 42 230 184 0 46 0 214 0 155 79 152 173 0
    73 223 88 154 160 50 255 203 28 0 255 84 193 229 53 0 226 34 77 61
    64 47 196 183 0 234 222 105 255 0 27 63 252 223 255 255 158 250 0 0
    0 255 156 231 191 0 45 142 255 255 255 171 16 255 173 255 255 187 4
    254 59 255 20 0 0 57 87 0 204 210 142 255 0 0 0 255 255 113 165 0 5
    243 255 166 164 192 40 255 35 255 138 188 255 152 190 47 255 0 90 30
    255 209 141 255 116 119 223 177 11 155 255 255 30 14 182 86 92 3 255
    86 111 138 30 114 220 154 63 74 0 0 12 0 101 110 21 0 0 136 203 168
    255 255 8 139 255 128 125 218 0 0 74 62 141 232 10 211 204 230 205
    72 255 255 0 187 255 210 54 101 255 0 255 169 84 255 61 0 53 45 115
    255 88 145 0 255 0 7 0 189 146 255 0 229 255 127 77 255 238 0 170 90
    0 210 0 201 255 237 102 47 150 153 247 9 192 189 79 73 133 0 0 241 0
    7 255 156 246 102 199 51 0 83 0 233 68 0 255 238 255 232 0 241 255 0
    48 250 0 149 113 240 252 87 202 49 78 189 91 255 110 98 0 255 18 146
    0 72 223 0 26 213 49 25 255 255 16 251 209 148 27 203 255 0 116 122
    255 136 0 255 251 231 122 155 232 176 0 160 255 151 32 222 124 175
    129 255 18 239 255 0 38 32 0 254 0 0 26 91 2 118 255 0 255 177 0 255
    200 0 0 195 128 22 255 127 107 157 0 107 67 42 115 181 159 198 180
    255 255 17 0 193 91 0 255 0 55 11 0 255 201 113 255 183 255 163 0
    255 0 94 0 235 220 255 0 242 0 0 90 151 208 41 193 220 128 255 177
    255 165 185 95 83 21 255 78 255 255 157 9 255 194 102 195 255 0 219
    118 20 31 158 87 113 255 43 213 203 181 23 0 255 0 224 200 3 255 137
    139 126 206 175 238 225 255 47 0 29 62 0 95 0 255 230 0 42 183 166
    83 0 213 7 255 0 72 180 0 121 211 0 140 13 255 13 105 0 255 59 120
    112 39 168 122 35 26 0 0 190 55 158 0 0 41 137 0 126 126 255 236 0
    255 112 249 0 255 255 230 61 99 182 0 30 255 78 101 178 234 58 0 153
    255 195 88 255 255 80 139 141 133 9 56 86 209 0 11 0 12 200 0 255
    206 120 255 245 255 108 255 56 0 255 0 255 255 255 28 0 1 255 144
    187 255 50 0 197 71 255 126 31 64 131 189 142 124 254 254 214 183 24
    141 144 255 155 0 41 255 255 255 248 162 189 0 0 255 255 197 104 212
    255 152 0 252 217 102 255 0 255 111 0 17 255 0 255 16 216 209 255
    255 249 0 255 52 135 119 255 171 129 255 230 66 0 199 0 0 177 255
    157 173 19 184 0 0 47 0 77 21 86 53 255 255 0 50 150 122 255 29 0
    255 201 0 202 178 0 180 0 20 0 3 0 0 214 0 223 37 134 195 212 32 0
    140 65 153 0 187 250 0 141 114 255 19 35 212 127 0 122 46 0 132 186
    0 255 229 0 66 86 8 207 204 0 255 70 242 81 198 255 25 0 182 255 135
    0 255 255 0 204 0 5 72 229 255 175 110 255 186 47 168 0 255 180 255
    209 21 255 255 26 103 75 0 255 250 87 107 244 255 229 255 95 0 255
    255 129 187 6 255 0 185 188 135 34 0 189 171 44 100 0 116 106 34 0
    204 12 169 255 200 0 201 187 44 30 42 119 255 148 255 0 134 129 247
    0 194 38 53 0 255 255 102 86 127 12 33 96 0 0 214 0 90 255 81 255 33
    255 0 143 176 72 255 43 196 0 92 75 0 94 169 191 255 0 244 232 80
    255 0 108 0 48 41 0 252 37 181 79 171 25 134 255 218 255 141 211 161
    0 158 177 78 255 0 126 0 0 29 71 94 25 245 247 222 118 0 78 12 255
    201 212 0 255 212 44 195 117 0 114 82 140 0 0 0 62 196 166 255 255
    147 255 241 0 0 128 197 0 0 180 191 255 0 6 83 240 95 255 0 21 226
    201 255 0 255 150 246 0 105 116 72 152 85 132 106 241 176 130 29 255
    187 217 255 255 255 177 204 0 89 255 159 0 240 0 151 0 197 135 194 0
    66 138 255 0 62 255 0 131 203 184 255 15 233 255 83 0 72 121 140 0
    232 255 236 192 125 90 111 255 195 0 35 255 129 227 190 214 129 173
    255 255 138 82 21 255 0 0 0 0 255 0 0 255 255 0 204 85 121 255 153
    79 255 172 70 202 96 255 125 0 202 0 0 124 58 96 72 0 108 117 153 0
    255 91 13 12 245 255 0 32 71 0 61 18 156 27 78 21 0 108 148 255 214
    255 0 255 156 0 154 204 122 27 0 127 180 114 0 38 171 220 0 0 0 87
    28 81 231 255 101 0 0 177 255 167 31 0 0 237 17 95 0 190 24 97 210
    96 45 0 255 192 166 255 0 238 227 108 42 89 139 5 91 92 0 106 222 0
    225 47 134 222 255 0 28 0 179 0 0 0 7 104 9 255 211 76 23 246 0 0
    193 118 0 255 0 16 60 255 58 1 113 255 157 251 51 255 128 0 66 0 138
    255 255 255 30 116 56 255 45 50 133 119 65 82 0 211 150 0 170 20 255
    202 177 118 0 77 199 0 102 255 236 0 0 10 249 117 0 255 255 98 255
    255 255 32 199 239 255 0 243 255 194 0 0 248 4 0 36 118 255 41 255
    212 0 0 0 154 255 96 123 215 0 255 112 0 255 0 109 136 120 0 217 72
    255 255 0 150 237 64 229 59 255 89 2 238 241 30 106 255 112 209 0 52
    220 228 64 167 255 232 205 236 255 216 64 110 66 70 0 182 255 255 0
    255 83 84 135 0 0 108 208 255 255 118 245 152 244 182 255 255 219 0
    164 228 40 160 49 93 60 176 2 0 16 0 234 151 233 255 58 62 97 209
    214 255 0 0 49 0 105 77 255 255 0 73 255 202 43 204 5 241 255 0 188
    242 18 255 212 0 0 255 255 109 215 41 187 184 247 215 201 118 0 255
    115 0 113 164 0 171 255 0 43 239 47 206 19 45 255 0 23 91 3 255 157
    255 103 10 254 98 210 255 255 114 142 103 43 255 236 0 231 0 120 0
    255 40 0 255 0 101 0 255 47 255 32 213 246 255 0 15 255 64 153 54 80
    184 191 119 174 28 17 134 216 0 0 255 0 234 161 107 172 0 255 244
    242 234 135 222 0 166 0 0 136 255 204 14 137 48 203 130 42 255 255
    159 255 7 5 133 85 30 123 0 118 0 166 0 213 0 27 255 255 246 19 255
    59 143 135 50 255 255 68 201 0 133 57 118 0 42 206 65 255 201 199 0
    184 15 177 31 72 101 255 255 139 180 44 25 0 106 255 135 0 0 0 25
    255 255 150 0 255 0 0 0 255 28 0 24 120 84 147 169 255 255 50 255
    212 0 255 169 212 17 140 255 255 163 255 255 0 249 0 156 218 89 224
    44 0 255 174 0 83 62 127 28 255 243 181 150 255 183 255 215 0 138
    175 255 255 0 35 52 102 223 203 0 0 130 119 255 81 255 0 0 119 0 162
    74 0 255 191 81 16 78 22 0 0 106 211 255 255 107 171 0 0 211 0 244
    35 255 82 143 183 159 0 0 170 0 0 0 255 234 0 139 26 255 106 176 105
    134 239 127 130 215 68 49 118 211 171 255 255 137 39 14 37 7 203 200
    104 172 182 255 11 153 40 255 255 239 70 30 0 235 142 1 172 59 0 210
    0 255 0 80 176 88 255 0 98 0 212 0 0 1 83 209 10 109 102 0 113 0 217
    178 171 255 97 201 184 0 184 147 255 172 193 255 171 255 90 133 214
    12 0 0 189 0 74 0 26 14 0 97 180 0 17 255 255 237 222 255 220 0 104
    56 194 225 84 154 131 94 255 255 0 222 0 64 161 184 179 65 236 39
    213 127 12 21 227 93 255 151 255 120 246 199 245 194 255 0 133 58 91
    92 38 0 0 0 240 90 245 207 0 85 167 22 17 255 128 174 182 0 255 120
    0 0 216 255 220 255 159 34 79 154 0 182 0 119 159 255 255 0 185 237
    108 84 238 19 0 99 0 82 57 255 0 114 18 218 130 138 137 45 255 198 0
    171 64 255 122 92 118 83 130 247 163 54 0 255 0 127 19 255 0 0 255
    91 246 200 0 255 172 159 132 200 248 238 50 255 255 140 239 234 255
    71 255 255 241 23 53 0 90 0 216 207 94 185 255 85 255 255 255 0 101
    184 0 221 177 0 206 180 255 255 238 126 0 247 255 130 128 185 69 178
    129 204 106 18 82 21 106 176 0 255 70 255 220 69 221 167 0 0 201 124
    0 10 225 255 193 0 45 255 55 55 255 4 0 234 198 166 107 100 255 27 0
    0 22 0 231 192 255 0 187 157 180 0 0 0 142 0 255 121 190 200 255 131
    0 134 135 157 61 137 208 255 255 30 255 0 1 106 0 100 216 10 153 156
    0 127 59 0 152 156 201 234 255 177 0 223 30 0 0 255 25 255 215 255
    115 255 255 199 255 255 255 64 0 221 167 0 235 219 85 2 42 108 255
    255 153 181 3 145 229 255 2 255 179 68 243 0 0 149 84 62 33 253 41
    55 86 69 0 38 86 131 233 17 207 255 155 127 114 62 0 255 24 178 169
    155 255 87 158 255 255 0 255 49 0 68 58 188 0 255 255 50 24 0 0 163
    0 0 248 0 123 216 202 172 255 84 145 155 165 109 255 0 0 0 127 0 239
    255 131 0 255 0 0 16 255 0 0 255 229 134 196 0 136 0 255 0 84 0 229
    255 174 240 248 255 2 17 0 0 185 73 249 163 255 242 225 155 32 55
    141 0 255 216 49 0 162 255 81 143 101 174 71 255 162 220 255 13 255
    209 38 127 0 35 118 121 134 224 136 33 255 0 255 255 0 149 0 29 197
    0 143 255 0 206 199 255 178 40 192 206 7 148 0 200 240 59 102 255 70
    148 0 255 49 250 50 151 238 229 142 0 255 205 132 217 255 248 249 56
    171 255 101 0 43 69 228 15 3 214 255 135 88 0 234 24 218 133 207 21
    188 233 255 108 23 208 0 0 101 89 215 255 51 0 244 104 0 255 240 78
    255 255 100 0 212 0 0 255 161 20 202 117 135 0 137 255 153 121 87 0
    0 135 21 0 255 254 0 60 164 255 115 144 255 255 126 0 51 0 196 112 0
    255 253 62 53 255 170 53 244 191 194 0 96 159 255 156 59 254 255 0
    255 56 33 0 0 255 0 192 102 89 255 41 255 6 6 75 7 255 61 200 0 255
    168 0 255 108 61 55 14 255 62 226 0 121 0 148 167 0 0 255 255 255 40
    97 141 221 0 87 54 57 238 0 128 255 0 170 39 0 255 0 86 255 255 255
    255 19 197 255 88 216 228 111 255 120 0 228 43 193 180 1 0 0 187 255
    201 153 255 217 103 26 228 255 170 0 255 255 0 88 132 0 255 120 255
    255 0 216 195 254 0 247 255 112 205 248 0 19 108 0 175 132 110 240
    233 0 212 52 134 0 36 0 25 132 62 33 167 64 255 255 255 0 255 0 63
    186 29 10 0 201 195 201 206 32 0 165 115 8 104 0 255 255 57 255 200
    0 156 9 254 139 0 120 2 122 0 255 142 154 85 255 100 0 65 0 23 223
    125 80 0 0 54 174 156 255 157 85 255 144 160 255 161 255 0 35 255
    164 213 105 68 106 57 177 255 83 170 255 211 255 255 6 166 154 0 111
    241 83 20 255 255 93 34 176 171 50 1 129 125 131 122 255 161 0 233
    64 0 26 217 228 127 255 142 65 255 0 197 53 0 0 255 247 59 233 0 255
    42 7 222 255 255 0 149 249 0 111 91 255 7 206 255 0 0 33 148 93 0 0
    203 174 0 0 234 255 193 71 255 238 255 195 9 5 74 99 0 255 109 255
    168 176 255 0 255 56 255 146 255 54 212 0 79 255 255 167 39 8 161 22
    204 153 128 165 0 131 196 0 20 203 0 221 255 0 14 183 33 255 255 255
    38 255 116 112 0 0 0 155 39 191 156 226 74 255 255 243 141 217 240 0
    0 255 0 251 130 0 255 61 249 255 0 44 129 0 74 197 0 53 211 174 172
    225 24 123 255 33 157 255 76 39 181 102 0 110 6 93 186 0 255 66 20
    32 0 3 0 0 149 116 47 238 108 144 36 166 120 0 255 119 17 74 138 0
    99 146 105 176 40 192 235 239 192 49 255 37 232 0 219 255 77 217 126
    67 0 18 0 27 255 117 0 7 255 0 0 120 61 29 0 0 189 15 0 10 196 124
    150 0 58 110 0 70 51 0 194 23 25 242 195 156 238 104 74 0 255 17 185
    100 47 66 170 205 191 26 225 255 255 75 119 255 255 160 255 149 6 0
    79 189 0 93 5 0 203 255 0 183 229 10 151 0 85 227 48 0 174 0 255 213
    168 255 197 255 0 73 0 65 5 111 187 33 0 71 223 255 165 115 196 255
    211 255 134 144 87 245 255 255 175 255 248 255 99 0 64 200 139 255
    255 122 155 255 61 205 171 246 87 113 238 1 0 0 175 176 173 239 0 75
    0 132 0 0 137 0 210 253 255 241 203 139 23 255 56 183 161 0 68 45 0
    221 161 0 155 237 102 255 166 133 51 255 226 94 249 30 63 82 0 63 54
    240 59 0 125 234 160 140 0 111 147 146 255 94 255 53 177 4 250 250
    255 206 213 2 255 113 60 255 243 147 0 31 192 101 105 112 255 180
    255 20 115 43 20 30 93 0 191 90 121 248 255 0 255 0 64 255 162 47
    255 149 168 46 103 167 144 133 0 40 240 255 78 255 27 38 0 103 255
    255 0 255 70 11 255 133 255 0 148 255 0 210 255 51 116 67 180 45 82
    255 211 49 255 255 0 255 255 0 0 7 0 139 255 174 61 57 248 0 37 74
    122 181 154 0 154 0 0 92 105 255 245 0 144 240 255 255 185 1 207 23
    121 240 150 169 227 15 230 91 157 48 97 198 223 0 0 192 11 130 0 95
    0 48 225 255 216 87 148 11 82 51 91 155 255 167 178 0 86 255 255 68
    34 109 96 0 255 255 255 255 254 70 118 255 248 82 0 255 221 255 155
    219 0 51 208 140 255 0 255 49 0 225 126 175 0 255 255 255 255 0 0
    255 0 243 0 93 0 239 138 40 107 31 0 119 0 0 247 255 0 255 255 2 63
    206 3 55 252 224 255 178 255 253 116 97 0 27 255 110 255 150 123 182
    244 235 138 255 118 179 64 203 255 0 255 255 255 161 255 0 242 0 93
    0 255 26 247 239 191 177 94 255 35 255 255 239 151 43 250 255 112
    146 172 0 102 143 255 0 0 184 0 91 255 0 0 228 50 255 10 255 0 20 95
    0 29 255 24 180 227 255 255 180 0 175 255 196 0 255 255 47 197 137
    54 0 112 0 154 184 255 63 87 242 0 77 106 255 15 10 169 28 100 0 255
    17 182 0 0 13 10 0 33 18 255 255 178 0 255 155 248 147 0 223 255 0
    231 135 20 77 0 0 9 130 116 160 128 0 204 0 185 165 189 20 255 255 0
    127 255 129 245 130 122 255 255 153 176 247 0 255 84 201 75 188 156
    70 255 35 86 27 243 0 76 254 247 190 48 0 207 255 118 27 0 228 255 0
    47 255 0 24 0 29 95 0 255 0 255 113 90 0 0 28 131 0 22 196 95 198 0
    68 72 25 220 255 183 255 117 255 3 174 85 72 121 239 255 255 0 255
    153 237 143 106 151 70 0 41 27 45 149 121 0 177 255 255 0 0 147 254
    111 255 255 255 73 255 51 223 143 0 0 255 187 223 0 255 151 232 136
    0 20 0 255 95 255 209 153 245 0 242 102 64 31 75 101 53 251 0 134 0
    148 185 255 86 72 182 0 198 48 83 0 4 127 255 255 112 143 13 255 59
    138 222 0 0 11 0 255 255 255 255 0 154 185 200 0 0 255 58 60 34 210
    189 255 149 227 137 114 180 26 23 120 142 255 250 32 255 29 240 255
    149 255 114 204 29 0 12 54 84 2 93 252 59 12 255 59 255 0 255 51 57
    255 65 225 0 54 255 0 0 255 255 0 88 255 185 255 0 47 157 255 0 250
    255 207 171 5 120 92 63 117 0 158 0 125 145 0 67 94 40 108 95 255 0
    11 255 255 0 0 0 0 255 182 246 62 190 16 18 0 0 12 0 214 240 109 141
    0 0 0 255 74 172 255 255 113 29 157 241 0 255 116 124 147 34 35 117
    151 255 85 94 255 0 34 255 255 248 167 0 6 163 255 0 130 255 80 232
    186 242 0 255 175 35 0 0 30 0 6 233 7 30 209 128 50 255 22 0 14 255
    0 255 138 217 135 209 255 43 255 149 1 0 0 0 47 53 255 76 255 241 56
    0 195 121 0 200 70 17 0 2 6 142 238 184 255 93 255 185 0 51 255 255
    19 5 20 39 0 77 176 217 0 173 43 255 18 159 25 255 255 255 8 255 128
    52 163 225 236 239 225 59 74 25 39 0 227 244 151 17 206 151 28 112
    175 255 0 255 48 0 248 138 0 228 174 167 193 234 0 84 115 172 214 11
    0 194 190 0 87 0 82 255 255 120 101 0 92 155 0 12 143 48 115 152 255
    254 0 97 173 228 185 0 200 237 41 0 111 23 228 0 0 255 206 229 20 0
    0 107 0 197 225 255 0 150 155 0 0 0 178 212 0 227 246 254 124 24 255
    255 0 255 102 188 255 255 255 142 198 154 31 227 38 190 0 255 115
    210 33 106 238 216 255 0 98 45 93 255 255 207 0 142 173 255 255 52
    255 244 141 146 210 239 153 0 234 0 0 0 128 47 94 18 75 68 85 227
    225 0 85 0 215 0 182 241 46 16 219 255 1 47 255 223 22 174 0 0 0 143
    0 0 158 255 255 255 67 146 17 255 214 93 255 0 155 97 7 118 220 255
    255 212 214 188 52 255 174 69 0 0 128 93 246 214 0 248 191 240 56 22
    167 164 133 175 19 148 86 206 212 1 0 177 255 255 118 255 153 72 33
    0 8 89 95 130 61 106 14 223 253 183 255 255 0 0 246 255 87 0 255 140
    255 255 152 255 255 224 46 0 161 255 2 182 158 218 75 84 0 105 143
    101 173 0 2 100 98 106 0 255 255 28 146 215 58 39 0 176 215 168 0 0
    97 0 178 0 137 169 0 152 252 89 255 135 0 225 255 63 255 172 0 255
    83 155 99 240 237 178 198 0 23 185 217 9 213 0 49 232 226 225 255
    250 68 0 2 191 255 51 195 223 0 0 201 196 230 255 163 0 182 129 255
    92 255 255 133 255 0 150 75 83 19 67 222 70 98 134 0 0 255 0 0 0 255
    205 0 255 185 0 0 221 255 12 228 68 201 0 255 133 90 255 141 255 85
    59 255 73 221 0 112 126 253 255 0 4 35 255 255 205 251 171 255 176
    221 250 0 255 59 59 81 3 255 126 255 255 177 251 0 70 255 255 228
    217 0 156 0 218 255 44 180 202 125 0 201 255 72 215 237 174 0 255
    205 0 246 76 0 161 204 0 132 136 207 163 255 34 13 0 0 255 60 0 173
    225 0 206 64 241 255 207 19 61 26 0 231 214 255 84 7 0 0 17 0 233
    255 187 255 255 142 0 17 50 45 0 0 181 185 248 0 191 229 179 145 43
    255 85 8 253 8 255 229 255 142 63 8 166 138 230 121 110 0 43 255 7
    191 40 142 78 223 0 0 0 1 51 226 63 192 0 193 136 230 255 255 0 52
    188 70 255 43 15 255 181 255 255 0 0 255 39 0 255 255 240 0 164 255
    0 224 210 77 255 255 199 225 0 104 0 0 121 115 164 36 12 255 217 255
    73 196 136 4 0 138 0 72 188 59 197 255 42 255 0 128 129 231 221 248
    174 13 176 231 255 255 255 219 0 125 121 56 255 184 182 107 0 129
    229 0 142 207 0 143 0 162 2 225 69 154 255 171 16 80 255 112 51 0 22
    201 250 0 8 90 142 101 195 74 198 255 204 22 0 83 0 118 206 114 241
    0 255 0 255 17 164 71 0 255 0 87 51 207 255 0 25 40 210 88 22 0 47
    233 110 162 149 111 71 24 255 255 5 255 80 148 197 5 120 120 187 0
    183 255 96 139 255 0 16 255 255 166 228 202 129 101 56 18 245 196
    255 149 111 255 105 0 137 28 0 0 0 105 211 168 0 255 50 135 255 69
    74 0 0 243 0 68 209 208 135 4 156 200 65 120 138 103 0 38 203 94 13
    255 13 255 206 246 115 50 170 181 255 123 1 169 174 1 0 71 89 255 98
    158 255 255 21 152 118 97 5 91 35 197 255 0 0 0 0 0 66 145 233 0 255
    255 165 255 208 255 255 0 255 130 224 0 201 0 171 0 255 255 30 255
    255 255 130 132 31 55 67 28 0 255 129 17 107 0 42 0 53 32 0 213 160
    176 83 138 219 0 255 139 231 255 153 215 73 97 125 181 210 103 88
    106 0 0 255 200 222 96 14 200 0 186 146 255 218 255 0 20 255 0 255
    240 99 60 82 17 154 76 28 0 116 67 195 255 135 225 6 144 90 138 255
    11 88 255 23 0 211 25 88 42 0 0 0 131 0 226 226 234 112 0 255 131 0
    255 0 0 6 0 0 213 168 255 121 11 236 0 255 255 0 116 180 252 235 162
    202 0 0 59 255 200 59 32 255 0 255 177 144 81 151 255 92 9 13 0 64
    230 175 127 0 96 255 234 102 210 141 162 45 255 189 0 0 220 95 84 0
    0 255 200 171 17 91 225 255 13 234 18 115 68 0 111 123 2 0 255 197
    97 48 195 255 70 224 220 141 255 29 173 122 0 197 255 255 255 255 0
    255 120 94 55 0 255 252 255 32 129 109 64 148 200 18 255 255 32 0
    160 183 255 45 122 255 0 0 216 87 21 118 131 252 20 255 22 170 159
    147 0 8 20 255 62 181 255 199 230 255 240 148 255 185 39 117 6 133 0
    0 207 0 143 255 0 39 154 255 154 166 73 165 143 206 0 0 17 0 255 40
    255 0 255 90 0 255 255 81 0 234 58 27 4 254 51 18 29 0 59 255 255
    255 147 150 0 157 154 0 0 139 0 0 218 42 0 144 216 251 87 255 213 0
    115 72 14 49 246 135 0 0 32 0 118 147 194 101 172 134 189 98 179 90
    168 0 135 234 252 0 42 129 0 30 25 0 216 0 1 71 157 255 98 255 0 0
    35 0 0 0 246 255 245 255 185 81 220 31 0 189 0 240 167 0 147 89 217
    255 193 236 99 29 46 220 104 0 177 130 97 0 64 137 164 255 0 195 129
    0 0 255 17 214 255 0 114 52 215 255 101 61 237 172 0 60 255 139 91
    255 255 255 15 255 249 102 0 189 0 218 0 188 66 94 85 31 202 51 127
    57 24 38 223 14 125 28 74 146 157 255 165 255 255 127 65 166 0 11
    255 0 1 0 255 180 191 32 233 99 0 228 154 47 32 0 77 99 230 255 143
    174 45 12 37 208 255 191 74 255 26 0 255 136 255 65 171 0 255 255
    255 146 245 16 7 237 0 218 0 255 239 0 255 92 94 23 255 99 124 232 0
    0 255 68 255 31 91 202 203 41 0 0 255 65 23 209 119 88 0 255 0 118
    190 88 165 28 68 255 255 255 0 191 0 54 0 138 56 199 78 198 179 66
    255 158 0 138 36 14 109 109 0 165 223 136 141 0 255 255 132 255 178
    232 64 142 192 0 0 102 0 255 255 221 0 142 22 185 0 70 255 44 127
    200 19 0 255 102 255 16 4 252 0 255 9 169 0 255 255 113 121 191 205
    153 54 255 47 214 135 255 0 255 142 184 177 77 0 219 0 0 70 255 0
    255 27 0 145 0 255 0 217 255 0 43 44 71 108 44 255 188 255 255 0 144
    0 210 0 0 255 244 255 221 34 55 225 25 0 41 0 255 0 125 124 94 111
    100 7 255 0 158 51 113 11 255 255 226 22 11 154 39 138 10 107 233
    242 111 0 255 255 13 255 129 31 19 255 255 224 135 74 0 140 174 255
    56 252 243 255 190 0 128 94 92 27 0 0 211 63 148 94 0 116 115 3 68
    99 77 196 122 213 0 110 60 255 213 165 164 183 218 142 222 193 199
    255 220 0 146 186 0 184 255 150 255 225 24 22 93 255 250 245 247 74
    0 39 0 49 247 255 81 170 255 253 1 255 243 25 255 30 0 104 188 243
    255 195 0 157 185 146 224 108 101 0 154 65 54 99 255 243 0 45 231 54
    0 173 5 184 99 0 105 255 97 0 49 255 79 0 143 5 199 34 0 97 0 255
    222 93 193 0 209 144 21 18 103 255 106 67 73 24 244 148 177 0 8 175
    234 212 94 218 66 172 207 234 0 255 181 255 135 0 255 255 90 255 255
    100 187 50 102 104 154 255 236 28 0 155 255 0 255 255 255 73 95 38
    255 127 255 77 0 98 0 110 0 158 245 0 0 30 245 104 42 0 0 255 223
    255 73 17 0 68 192 125 190 200 247 233 14 187 147 0 0 52 146 18 146
    13 255 184 5 255 12 205 255 12 244 229 0 0 59 232 4 169 0 120 255
    255 84 255 0 0 56 241 12 255 85 21 200 61 21 255 255 177 0 89 97 255
    57 255 0 255 106 255 242 255 185 245 231 250 140 240 0 86 86 0 255 0
    0 255 228 82 61 0 29 255 35 186 160 142 53 199 0 13 249 84 215 229
    205 255 182 255 124 251 255 98 178 255 0 20 208 129 255 88 139 255
    174 0 21 88 158 96 140 248 0 255 255 252 106 208 0 255 192 255 76 99
    213 0 38 255 255 184 21 255 255 174 255 255 29 82 0 149 207 211 255
    82 31 255 0 250 178 115 0 255 0 230 46 119 149 128 243 0 0 236 0 90
    139 94 243 97 16 6 35 4 229 255 0 248 0 64 23 58 255 7 71 159 0 73
    52 104 174 0 207 183 0 133 0 255 67 233 255 255 255 255 0 91 212 171
    92 255 152 37 255 180 245 70 97 0 255 203 194 0 213 71 49 76 255 255
    91 136 0 0 63 0 46 111 162 237 0 0 188 101 48 255 42 255 95 0 255
    190 73 255 89 0 238 255 205 145 250 225 255 232 91 255 189 169 174
    225 255 255 177 255 89 255 13 136 55 12 26 89 0 0 255 159 47 255 58
    33 107 195 206 78 0 255 83 255 86 56 51 154 0 231 190 14 12 116 0
    214 255 152 26 13 238 207 14 53 0 62 239 255 44 0 255 0 0 190 252 69
    181 255 160 40 255 81 0 98 87 0 34 0 91 222 70 57 33 255 155 255 51
    0 106 174 200 105 192 87 199 0 65 0 255 255 176 16 78 0 255 228 63
    255 171 189 255 28 216 255 0 255 0 204 0 16 233 111 197 13 156 240
    255 104 173 72 5 93 0 255 0 188 41 0 255 146 224 255 130 254 100 120
    76 230 140 165 216 226 0 108 255 0 56 161 92 9 238 0 76 0 147 0 28
    255 0 85 211 189 169 190 255 255 0 113 255 0 90 236 168 10 214 71
    255 31 255 2 255 0 29 202 90 207 6 138 157 255 135 77 255 98 0 166
    242 214 87 0 100 12 0 255 34 72 91 189 244 30 211 255 167 255 224
    249 140 0 115 73 251 85 0 0 32 62 46 248 255 8 0 21 188 117 211 87
    68 213 170 141 255 47 82 0 177 172 101 0 28 112 191 255 255 55 226
    193 213 186 255 12 239 255 65 0 255 255 133 0 44 0 88 0 83 255 0 181
    240 173 255 82 247 199 95 178 255 56 232 61 167 255 205 100 228 194
    255 90 181 255 246 255 97 0 159 255 255 180 0 89 255 255 10 172 214
    218 255 237 0 203 255 42 0 75 35 49 65 121 253 255 0 143 175 174 0
    140 255 0 123 255 118 148 219 30 48 0 143 6 246 175 161 200 0 0 0
    255 0 0 181 157 4 153 128 201 0 101 0 0 75 115 255 255 124 77 255
    255 0 159 255 123 81 5 0 0 15 20 0 150 240 255 255 67 255 0 0 79 131
    255 5 0 0 0 255 52 0 37 195 143 13 219 255 145 0 254 222 14 112 0 82
    0 255 87 97 255 80 211 255 189 153 69 255 130 0 194 147 124 2 255 0
    219 255 0 0 106 0 142 0 4 39 245 223 238 255 62 255 8 15 0 255 93
    255 255 255 118 25 167 0 0 28 0 17 153 255 96 0 0 131 151 255 78 32
    27 33 255 133 78 63 255 242 255 0 255 0 179 36 0 216 0 255 129 0 115
    235 238 43 0 255 255 20 0 238 10 187 0 255 88 76 255 2 172 192 53 0
    177 50 177 255 42 255 196 0 50 183 255 67 22 133 255 219 110 181 20
    39 119 255 54 0 234 175 233 147 219 255 56 0 255 255 30 129 117 255
    225 23 229 197 207 149 21 178 162 255 0 255 114 175 0 202 0 72 12 0
    200 255 141 255 229 255 72 102 255 239 255 77 0 76 157 218 49 255
    210 255 0 255 168 76 243 22 124 30 172 32 0 0 101 178 215 115 171
    255 165 0 0 179 36 255 105 0 60 7 253 0 255 187 0 132 99 138 255 165
    0 0 76 99 255 161 217 255 214 179 255 0 0 60 50 100 242 214 136 141
    255 0 255 86 0 255 255 233 52 105 255 239 255 47 0 53 214 0 0 132 0
    255 14 169 255 184 126 98 73 43 252 31 105 232 0 0 255 255 47 255
    111 177 63 37 6 83 0 167 200 36 220 216 255 114 0 47 193 45 162 0
    220 113 243 255 60 87 28 191 8 0 6 106 155 255 78 200 189 220 105
    184 125 179 185 108 10 47 72 50 180 21 0 124 0 255 255 176 232 255
    93 255 255 227 18 92 0 255 30 255 201 165 175 175 161 0 255 250 107
    114 208 239 0 58 255 245 153 52 64 44 234 11 255 0 181 19 166 179 21
    167 100 141 0 0 207 0 137 95 0 246 34 251 84 97 191 220 150 72 255
    255 255 255 16 154 125 252 255 255 246 227 42 116 61 73 0 0 0 26 0 0
    71 0 204 38 255 255 143 185 255 0 207 255 216 220 0 255 111 0 0 123
    146 0 215 124 219 0 151 113 255 252 141 156 255 110 183 0 0 255 184
    57 0 222 202 201 255 209 0 211 60 0 0 0 0 0 54 255 230 0 80 13 0 128
    37 240 68 0 83 181 255 0 107 0 130 194 0 0 158 36 160 255 179 255
    222 241 255 119 255 255 174 255 172 255 255 181 160 255 195 0 0 0
    191 155 124 255 188 255 190 126 0 115 252 255 0 100 209 30 68 48 255
    27 0 243 0 129 0 0 107 28 82 95 0 23 165 0 66 120 255 0 33 133 143
    255 255 255 255 61 147 255 206 0 0 0 255 86 115 222 231 242 0 169 96
    229 139 255 132 162 156 235 162 174 251 161 178 57 202 37 140 255 6
    72 0 255 244 72 18 224 48 143 107 0 193 59 62 133 16 255 253 255 255
    243 255 71 255 255 200 0 0 255 241 155 0 13 255 0 0 222 0 214 145
    115 0 171 0 0 242 228 255 112 255 65 147 177 174 164 167 191 0 255
    254 214 244 0 140 24 112 9 18 255 255 0 94 255 0 0 255 255 0 255 128
    45 178 237 212 0 0 0 66 171 0 36 255 167 160 101 240 0 54 233 0 84 0
    39 49 197 81 255 255 112 58 249 255 255 255 0 127 78 0 21 74 0 217
    255 0 71 88 238 113 0 255 179 255 82 0 17 255 26 0 255 255 233 255
    255 255 98 255 218 132 255 250 0 8 77 155 0 61 76 255 0 0 0 6 97 0 0
    227 255 255 177 156 208 73 154 255 170 234 0 0 182 219 11 252 0 86 0
    114 208 255 131 255 20 118 202 155 79 210 61 242 115 186 238 0 169
    194 190 149 51 0 255 0 0 255 198 219 217 255 77 16 255 217 255 86
    141 196 67 144 0 28 89 255 255 149 8 61 0 16 176 147 48 147 255 152
    20 216 151 14 105 116 255 65 102 219 160 67 255 152 255 0 0 248 0
    117 255 135 255 124 0 137 255 167 218 0 180 0 162 35 54 34 255 0 0
    255 0 223 255 54 146 194 255 255 255 77 193 0 255 181 178 255 0 152
    59 255 31 78 180 0 7 133 0 0 171 80 255 221 30 20 20 0 36 113 48 255
    79 118 46 0 255 125 255 0 93 37 0 255 84 209 255 155 0 6 224 104 0
    129 0 206 119 0 0 255 13 197 0 0 170 105 255 246 33 57 251 31 154 52
    212 0 255 31 114 0 99 0 159 0 0 237 255 0 0 62 238 252 101 255 26
    255 135 255 0 245 255 109 108 192 45 34 57 0 244 0 44 193 255 0 169
    0 7 144 0 255 0 247 255 255 255 0 0 255 255 255 255 255 255 137 47 0
    255 0 81 0 0 166 213 42 227 255 255 255 206 221 255 146 255 148 59
    216 255 86 124 255 161 220 52 0 192 0 98 76 0 110 168 52 66 255 66 0
    0 232 6 199 155 0 206 109 0 68 92 8 75 245 16 232 61 255 106 255 255
    0 71 167 89 255 255 255 255 0 0 255 171 183 102 0 108 217 0 183 0 47
    255 104 53 229 96 250 30 68 247 0 56 0 236 137 187 255 39 0 255 159
    255 139 70 240 109 0 255 36 119 212 96 195 133 255 157 115 176 0 212
    0 210 134 33 231 40 180 0 0 0 0 255 231 0 255 87 251 152 255 18 159
    255 184 32 0 74 213 128 0 13 137 255 1 253 0 6 197 0 136 106 123 255
    255 57 96 192 9 255 255 0 194 255 168 192 255 67 57 0 253 255 255
    255 120 0 138 55 168 154 255 0 211 8 58 0 0 15 96 255 15 14 0 0 159
    255 0 123 129 70 0 149 38 134 39 70 129 242 148 86 65 47 147 183 156
    255 192 80 68 255 255 18 184 222 255 0 255 255 90 166 175 242 7 217
    0 0 255 0 226 8 255 221 0 0 22 66 174 255 0 226 255 65 169 255 0 15
    156 158 66 39 125 148 133 57 5 28 46 44 224 255 67 255 255 159 255
    108 177 0 0 255 130 0 164 38 129 151 214 0 239 129 48 172 125 137 0
    222 255 206 124 255 50 162 190 90 21 21 255 0 176 0 0 255 219 0 174
    255 0 0 0 86 23 255 13 255 225 255 211 255 255 0 255 255 255 64 37
    255 0 143 103 0 222 29 255 255 214 170 199 0 90 204 223 104 208 242
    237 59 190 255 255 161 63 8 234 202 255 0 0 130 0 211 0 172 0 105 0
    0 183 204 157 75 38 188 127 184 255 21 15 148 255 126 0 157 180 0
    243 133 78 255 148 170 0 179 41 255 84 216 0 62 5 127 173 73 155 0 0
    255 255 0 255 63 129 0 12 205 119 4 49 227 10 2 239 29 0 230 255 246
    108 82 10 55 40 147 217 72 67 31 192 0 97 0 0 153 255 110 255 74 255
    68 0 174 239 0 74 0 241 0 0 215 255 255 99 7 255 0 173 188 96 11 255
    131 240 0 156 101 166 0 19 6 148 65 255 30 224 248 255 110 26 220 69
    164 218 0 186 84 255 149 0 255 0 255 237 195 176 255 202 0 253 40 43
    255 23 0 210 11 0 7 185 22 193 0 251 255 255 255 82 255 227 8 0 0
    159 7 29 0 182 0 112 120 21 73 158 163 66 106 128 79 0 0 66 220 0 49
    211 241 240 0 8 172 0 18 62 20 255 152 255 0 248 158 46 12 106 255
    52 0 0 31 255 255 171 198 255 140 0 96 69 29 43 255 74 115 99 173
    235 0 238 227 255 96 101 0 150 106 31 114 0 1 208 238 83 255 103 248
    176 44 0 163 0 201 0 0 51 0 143 255 255 0 255 255 210 0 173 0 147 27
    14 223 180 0 47 255 231 220 0 255 0 228 181 255 0 255 43 198 0 46
    211 255 17 15 255 245 255 120 230 87 68 0 211 0 0 85 106 198 162 157
    221 222 182 255 80 242 119 255 255 91 110 224 0 4 82 96 228 83 207
    53 0 255 255 0 70 255 78 190 55 67 0 255 208 211 117 255 255 0 255 0
    130 17 65 203 0 255 9 0 73 164 105 43 255 255 255 0 98 168 148 122
    160 255 0 55 255 131 59 220 167 0 239 182 213 11 13 47 255 20 0 255
    163 210 255 0 0 0 198 0 255 154 84 255 54 255 116 113 181 255 37 0 0
    118 37 15 0 239 35 126 255 0 0 51 255 77 230 167 191 165 0 255 213
    255 255 61 188 74 76 0 0 253 120 85 255 131 0 0 251 255 81 236 91 0
    255 91 248 188 224 255 189 255 107 88 0 255 63 38 255 133 0 255 159
    25 220 218 85 6 255 230 160 78 57 255 255 115 0 170 255 0 4 229 0
    255 255 0 132 0 138 0 25 103 116 255 255 200 255 255 223 255 237 0
    178 255 255 0 224 250 70 220 255 150 198 56 0 99 204 193 255 94 255
    61 99 105 255 55 139 141 0 255 251 0 174 248 138 134 221 127 224 129
    255 7 0 255 193 0 250 255 57 0 105 9 2 233 0 126 255 0 0 255 159 252
    25 92 29 82 255 240 60 102 77 126 0 17 224 255 197 217 162 217 211 0
    177 247 255 114 179 205 183 255 205 255 101 188 255 255 255 186 255
    255 0 155 255 255 88 181 255 56 255 160 60 244 15 94 251 0 85 255 91
    255 41 243 166 104 199 255 44 179 0 227 117 44 143 146 66 197 1 239
    235 23 96 0 195 202 255 180 179 0 151 65 178 247 34 4 229 0 227 201
    0 39 230 0 118 0 0 233 160 32 42 5 37 208 255 0 0 0 5 245 185 235
    130 236 183 253 255 116 255 0 163 5 82 217 136 73 56 162 223 53 0
    255 0 0 4 204 0 0 255 69 255 210 58 200 219 0 0 79 155 0 86 161 93
    255 0 0 42 0 105 226 150 0 0 87 186 229 255 172 255 255 37 53 198
    226 181 255 0 239 129 148 0 0 76 227 95 66 228 29 180 255 121 35 167
    0 255 215 253 92 21 113 0 133 255 255 255 194 133 0 35 124 27 94 255
    14 0 255 255 53 50 255 225 255 45 255 225 184 250 157 255 0 55 195
    123 0 80 170 0 255 255 118 0 53 208 0 26 0 255 25 154 255 4 141 255
    75 146 205 91 135 0 135 0 30 9 211 208 49 83 0 0 132 235 0 255 255
    140 107 255 0 167 205 144 255 255 61 122 0 132 242 70 206 173 0 56
    91 32 192 118 0 255 202 49 0 0 93 187 0 0 255 87 0 239 255 255 129
    217 251 11 2 100 255 255 255 255 155 0 255 16 43 255 255 184 244 103
    123 31 255 208 214 91 255 255 0 254 26 198 255 126 0 153 85 130 208
    56 12 103 255 0 72 117 37 253 96 53 222 146 104 0 28 31 163 213 0 41
    0 107 0 236 0 0 68 255 169 129 255 106 188 166 185 61 238 143 95 116
    150 255 0 49 0 145 255 159 159 86 200 138 255 211 238 255 113 0 220
    0 35 182 255 0 255 0 116 255 0 193 195 121 191 0 255 63 11 50 255 0
    213 188 188 255 0 255 60 0 0 68 99 225 0 0 255 62 22 0 45 20 0 103 0
    7 255 44 86 255 215 221 228 100 255 0 220 253 0 96 212 17 255 195
    211 255 255 0 179 221 90 0 119 255 0 20 153 0 255 254 96 255 0 231 0
    113 195 100 10 155 199 3 0 106 255 23 108 0 65 188 145 9 251 80 146
    214 255 0 0 255 255 174 119 94 252 191 255 190 255 115 89 59 110 45
    116 189 0 114 55 0 94 104 0 0 185 31 236 221 0 82 0 255 153 62 120
    255 189 160 87 133 0 229 0 0 213 11 95 0 255 117 114 255 255 214 171
    255 162 114 222 255 84 69 255 131 255 255 150 196 0 158 202 0 11 121
    0 0 0 246 224 53 174 125 166 255 117 255 93 217 0 0 8 132 2 232 70
    30 220 72 0 0 174 255 166 171 255 206 86 255 141 24 255 118 238 87
    255 0 255 217 169 222 71 19 13 153 103 255 207 137 53 255 177 0 0
    230 255 83 148 0 164 135 87 148 172 252 0 38 127 169 4 172 52 36 255
    151 0 0 49 240 255 129 235 103 0 255 171 143 108 0 255 242 0 0 139
    255 6 0 253 237 255 63 0 0 107 151 0 160 255 255 50 255 9 31 100 112
    67 68 255 80 205 45 218 204 0 142 193 18 245 0 197 235 23 255 221
    207 0 235 255 255 255 145 157 255 94 16 102 0 206 255 98 4 233 122
    210 0 255 73 195 255 0 230 0 251 178 0 41 161 81 3 21 188 90 54 204
    216 111 231 44 73 203 255 170 85 255 70 0 18 0 255 172 181 89 67 8
    242 255 17 140 209 215 255 255 106 255 0 0 88 255 92 137 92 255 46 0
    255 82 168 42 157 196 223 75 143 67 202 0 255 248 73 86 1 147 0 0 0
    71 255 0 41 255 152 246 212 95 128 87 83 255 93 234 255 40 24 255
    196 0 244 255 255 1 81 255 0 48 243 255 242 248 232 153 255 61 88 0
    32 156 110 161 49 241 255 255 241 148 156 13 81 134 87 46 86 156 0
    255 0 193 78 0 96 255 255 183 255 130 0 5 0 129 255 0 0 0 0 196 87
    159 121 34 255 11 127 0 1 250 175 22 255 0 77 255 167 199 210 0 0 0
    101 127 178 104 4 5 0 0 0 58 130 219 3 86 0 255 119 0 255 0 94 255
    109 255 255 222 93 0 255 236 91 114 0 185 26 184 0 89 227 170 190
    255 233 38 98 255 128 129 255 0 136 141 184 183 255 0 168 137 0 156
    172 130 248 0 233 255 0 255 157 233 0 176 255 143 0 155 255 30 255
    255 131 99 255 27 83 255 228 206 205 142 0 0 0 0 0 39 77 255 26 0
    147 111 0 213 209 251 77 0 255 0 0 140 193 2 179 61 0 0 95 87 255 49
    0 255 0 255 255 0 255 6 129 59 255 255 235 255 255 118 19 255 255
    219 27 177 163 255 130 255 0 139 214 0 33 255 255 0 74 244 223 255 0
    68 69 102 55 177 63 15 215 0 191 152 108 222 0 38 214 0 0 0 121 82 0
    0 106 224 0 255 180 0 39 60 240 99 255 0 179 255 129 0 77 0 225 0 7
    0 64 65 144 0 20 255 22 0 188 169 255 235 165 106 0 16 3 26 83 21
    248 0 254 255 255 216 182 35 68 255 204 0 255 140 66 255 255 69 63
    163 40 49 117 181 0 165 255 183 139 242 72 255 0 12 93 0 255 255 255
    255 0 33 255 0 106 255 127 120 0 255 0 237 164 119 255 0 255 195 255
    255 238 212 255 255 255 52 80 255 185 188 119 0 245 116 34 46 201 81
    0 44 255 180 255 190 0 255 217 255 11 0 206 0 0 10 191 255 255 22
    255 144 0 174 57 255 255 192 1 243 255 113 255 131 255 0 255 239 0
    33 68 0 0 233 114 255 157 0 167 255 14 152 255 117 51 6 93 55 194
    207 252 0 169 103 176 0 147 30 198 72 184 38 0 219 180 227 177 255
    255 152 0 72 114 255 222 252 115 45 41 111 200 0 1 255 238 0 111 166
    111 51 255 30 255 48 255 73 53 0 139 224 0 244 30 245 107 249 38 0
    52 0 52 255 81 137 201 48 255 251 0 0 255 31 221 255 73 0 255 0 127
    255 33 12 4 82 255 0 202 0 0 21 255 193 192 255 61 7 137 255 255 23
    247 12 18 145 127 40 254 0 95 112 126 4 54 255 0 121 37 131 0 0 62
    158 144 0 5 165 0 160 91 255 61 161 106 255 230 29 190 230 0 155 0
    14 8 255 45 132 255 123 0 154 82 45 55 252 180 0 255 94 46 15 255 0
    3 0 156 21 229 206 0 210 97 255 0 0 47 73 198 255 0 0 0 0 96 31 68
    42 138 0 90 15 88 255 135 130 189 255 255 134 255 66 255 0 122 51 46
    162 130 0 18 0 207 255 255 228 146 0 144 255 18 211 232 218 218 14
    255 0 173 173 255 255 0 93 211 121 4 175 46 255 186 234 0 167 254
    185 0 255 0 0 147 0 255 157 255 206 255 228 148 75 154 0 69 0 33 255
    233 0 47 188 0 255 37 114 107 59 229 255 11 31 36 255 255 84 91 0
    255 0 26 215 255 0 255 78 90 239 32 0 252 35 0 0 0 0 255 215 255 10
    151 255 185 213 79 152 0 255 61 0 65 255 6 0 255 0 255 254 0 0 22 80
    141 174 255 53 222 34 106 238 114 141 62 245 0 163 187 210 87 255
    143 215 178 255 0 38 255 255 213 219 66 19 0 117 0 55 171 255 56 255
    255 0 199 255 7 20 85 0 0 146 255 73 255 89 65 0 174 92 0 164 113 19
    123 89 116 51 198 0 0 118 0 255 137 35 16 29 176 172 78 0 0 255 149
    46 99 179 206 70 167 255 255 30 78 106 255 0 107 255 255 255 255 255
    191 0 255 0 233 255 170 36 255 0 44 59 219 23 0 228 178 2 0 209 0 26
    200 255 255 227 240 202 146 255 255 255 144 0 83 5 0 255 0 206 255
    85 255 12 71 96 0 255 126 29 123 80 191 255 179 125 62 98 255 11 0
    134 141 127 255 91 37 182 144 156 0 0 156 0 255 204 223 139 18 92
    144 186 153 140 15 41 68 145 0 170 200 181 255 219 132 172 0 182 64
    255 250 7 246 247 91 0 25 9 112 194 0 61 255 255 255 255 95 22 33
    255 207 0 0 0 42 0 49 0 176 0 196 135 39 79 0 47 20 0 136 214 255
    172 36 213 47 76 0 171 195 190 167 255 255 129 122 255 225 0 120 255
    255 255 211 255 255 112 255 137 27 17 0 124 7 0 167 185 65 61 202 83
    0 255 63 255 7 188 47 0 165 196 35 225 167 0 0 102 126 194 36 255
    255 75 255 255 0 238 204 255 8 202 240 126 0 0 0 162 210 74 178 0
    203 123 236 82 89 78 44 40 198 255 16 43 89 0 159 255 254 204 76 167
    255 49 0 0 255 177 192 203 118 0 0 255 255 255 130 255 39 219 2 103
    93 83 95 97 0 255 135 179 90 171 255 203 0 169 154 0 77 255 75 109
    140 173 0 0 244 204 0 87 216 36 235 0 233 255 130 101 227 127 204 85
    213 229 167 84 0 169 170 36 130 0 23 88 255 255 255 27 197 23 4 128
    102 186 180 108 124 80 187 255 62 0 255 147 255 255 255 110 117 2 0
    20 200 75 165 27 12 0 114 105 240 119 94 45 25 42 167 76 0 255 105
    55 255 73 24 52 255 138 224 255 0 241 188 0 255 154 255 151 97 92 58
    252 236 6 231 22 168 232 255 157 19 0 0 48 0 0 0 163 61 173 116 0
    209 18 171 20 84 144 70 78 223 132 161 128 201 0 255 206 159 255 175
    255 0 0 4 20 0 42 0 15 28 0 255 182 59 32 0 189 108 210 255 82 255
    255 255 158 167 36 0 255 53 0 159 0 253 155 0 66 201 34 61 255 255
    129 0 113 123 0 81 138 132 255 192 5 37 207 87 0 255 44 98 255 0 116
    255 255 20 255 47 246 219 148 255 0 0 255 213 11 43 179 201 255 208
    250 186 156 254 255 233 128 75 47 79 42 254 255 0 0 255 255 0 208
    255 0 234 255 255 122 255 0 0 201 15 0 0 214 78 194 249 144 0 132 80
    113 0 59 0 207 175 76 57 71 255 0 95 244 182 229 0 36 0 20 141 50 54
    212 215 4 47 0 0 0 237 35 0 215 64 255 242 255 255 255 95 255 0 71
    23 0 249 250 50 255 223 123 251 148 0 102 65 0 0 0 255 0 31 255 5 50
    170 107 255 135 255 0 233 245 171 92 0 227 236 36 127 0 48 227 56
    232 174 233 177 220 179 255 214 0 255 0 236 255 214 250 117 105 253
    222 0 255 130 65 171 255 255 73 0 21 255 55 163 255 0 19 128 0 39
    130 0 77 229 152 210 254 255 255 156 13 0 0 138 218 128 0 255 26 30
    0 255 2 255 0 48 0 81 255 49 184 104 177 114 161 178 186 200 255 255
    200 86 0 0 82 255 0 0 80 220 91 106 160 0 247 0 101 226 117 255 136
    127 128 60 0 112 57 250 0 79 0 0 118 80 255 0 165 20 254 56 0 56 100
    128 186 243 161 255 129 140 255 132 0 255 156 216 255 0 110 0 152 72
    30 251 38 255 255 255 190 0 96 255 198 255 134 32 254 214 102 168
    108 113 49 19 10 0 255 233 255 255 188 0 254 154 254 78 177 255 114
    70 238 0 213 0 152 243 76 255 85 102 133 22 109 0 33 119 199 255 108
    147 107 60 245 9 255 178 38 255 125 87 255 255 103 126 68 221 0 239
    66 150 0 0 255 96 0 255 58 48 255 34 117 166 167 34 255 82 213 0 244
    0 30 239 171 255 0 41 127 128 101 255 12 0 159 244 97 196 28 129 26
    255 189 232 15 253 217 134 37 205 22 9 255 38 192 105 41 87 5 0 173
    255 236 255 79 135 255 239 16 255 118 80 19 148 184 0 255 61 127 14
    0 255 255 195 53 0 42 40 255 94 61 219 251 255 5 36 143 156 83 56
    255 197 37 255 167 22 173 88 255 255 0 174 0 13 134 172 255 185 255
    80 131 182 0 0 239 156 72 173 217 0 202 0 61 186 133 255 0 0 249 46
    255 38 255 0 0 255 170 43 128 246 168 49 243 0 103 83 227 0 255 95
    71 242 0 12 193 139 0 255 189 12 4 0 0 27 255 0 0 70 0 175 113 255
    111 255 255 166 165 123 77 255 255 34 219 96 0 255 32 58 238 108 0
    241 153 0 255 255 255 255 221 154 180 213 142 0 131 224 194 240 255
    255 0 3 45 0 255 202 255 81 6 194 90 46 190 0 160 72 2 97 0 253 255
    36 156 0 0 255 59 12 3 97 97 186 226 255 247 225 66 132 89 78 87 172
    25 255 202 199 255 0 167 171 66 255 255 173 179 255 130 107 139 0 0
    255 255 255 255 0 236 119 235 255 229 143 41 249 0 46 0 41 109 0 108
    255 255 199 53 0 255 147 242 255 182 6 96 199 0 255 64 47 255 142
    237 60 149 255 255 0 182 255 183 200 255 14 220 208 0 75 255 143 173
    8 117 255 129 61 253 255 0 187 161 69 47 49 164 255 64 0 27 84 38 0
    84 158 0 173 1 0 127 68 61 171 50 125 233 0 194 158 215 194 235 203
    76 95 255 229 255 81 111 140 33 83 126 255 0 255 210 255 59 84 247
    123 0 255 102 241 233 197 123 155 215 121 166 23 109 254 255 95 204
    0 249 99 178 169 76 31 0 255 113 85 234 208 136 104 90 54 128 220 48
    246 0 250 105 122 218 0 0 158 118 6 86 255 0 234 145 23 255 0 0 54
    104 0 221 0 255 0 255 233 0 255 0 181 122 26 159 0 212 221 187 52 0
    16 203 136 118 0 0 19 200 14 42 255 0 136 9 83 95 176 154 255 213
    175 0 187 232 33 32 70 0 255 186 161 255 68 13 0 168 255 118 194 152
    7 73 216 30 255 0 107 199 93 199 38 0 255 191 132 85 92 0 158 182
    255 255 66 171 21 58 121 0 254 0 67 0 213 179 58 77 212 201 113 233
    194 70 255 144 0 200 168 178 178 255 255 151 36 226 0 166 83 207 77
    43 139 87 0 224 247 0 2 224 0 208 0 255 106 0 139 255 94 170 230 247
    179 0 146 243 255 225 252 32 107 127 254 239 228 57 55 79 0 8 95 0 0
    0 155 255 13 242 231 219 61 229 0 81 178 55 7 242 117 15 106 0 0 77
    214 255 0 255 175 0 0 144 58 212 255 87 32 251 0 119 28 24 191 0 138
    200 122 183 231 121 252 36 0 176 79 100 199 0 229 0 191 173 197 71
    57 174 225 82 35 154 47 101 255 111 255 46 24 0 255 96 255 0 44 255
    246 0 255 255 12 223 0 0 98 32 221 131 44 209 0 255 0 128 241 42 16
    0 255 0 87 0 125 160 204 0 160 102 0 180 188 0 190 10 157 10 255 236
    59 7 177 255 138 116 245 0 160 182 0 122 218 255 102 153 0 255 42
    244 255 0 171 134 255 255 207 57 159 131 95 177 255 235 156 175 255
    255 0 166 131 7 15 49 151 178 215 172 255 56 59 244 0 61 255 255 25
    11 0 0 255 0 8 0 136 47 53 184 255 148 188 0 255 17 112 255 21 115
    255 179 240 0 144 196 59 96 0 255 0 255 157 122 30 106 44 230 0 0 20
    151 0 226 225 0 0 157 171 255 129 125 19 0 222 60 161 0 128 48 255
    19 255 6 0 67 255 181 94 51 0 145 175 1 176 255 255 0 255 104 0 255
    244 255 200 217 102 244 160 39 147 241 5 52 101 127 28 86 152 0 252
    99 255 51 84 222 2 0 57 255 222 21 237 255 102 10 255 141 95 231 137
    0 9 255 0 129 136 134 228 195 178 255 253 0 21 26 255 173 255 139
    136 125 228 142 0 0 106 30 172 110 156 90 0 0 142 65 53 250 243 149
    51 39 151 0 241 56 0 149 0 17 183 169 0 0 196 161 0 0 215 0 0 255 0
    255 106 255 137 247 212 47 0 255 0 255 24 255 35 151 71 157 11 0 26
    230 0 103 84 18 115 214 38 0 0 255 132 47 16 243 170 103 81 255 63
    255 193 0 134 63 0 14 0 0 149 0 255 255 184 197 255 0 255 187 31 122
    255 196 226 0 171 164 55 81 252 0 107 104 255 33 187 46 150 9 224 34
    209 255 100 47 0 255 0 255 255 214 103 255 183 255 255 230 8 135 94
    196 207 255 204 69 0 255 86 129 150 0 255 255 0 171 143 195 189 71
    92 255 46 212 18 255 255 196 129 70 81 255 15 88 247 0 255 0 255 106
    255 255 152 236 223 185 0 89 192 172 70 123 255 255 30 2 0 255 253
    137 0 31 37 85 42 255 8 255 255 0 34 247 252 0 152 36 40 0 102 224 0
    207 255 68 255 2 0 170 255 217 253 209 46 175 0 233 255 58 255 232
    255 149 119 67 180 177 0 195 107 255 174 25 255 59 0 131 0 0 25 213
    19 202 205 42 0 104 197 166 52 224 0 0 108 223 17 159 233 191 8 255
    255 193 255 107 218 255 241 27 90 72 130 0 51 100 61 47 0 17 128 27
    255 233 157 197 234 119 35 255 186 47 236 255 255 207 16 143 207 194
    254 0 0 0 255 224 149 0 36 203 26 64 245 113 96 180 0 145 255 30 56
    43 106 196 255 215 168 242 103 0 255 161 255 102 42 75 0 255 255 0
    113 40 51 0 154 162 105 130 255 255 61 116 228 159 0 34 229 0 13 43
    0 249 255 255 255 79 255 0 135 182 0 176 51 255 0 25 3 0 0 255 71
    127 21 5 255 192 255 255 181 7 30 0 60 174 199 148 255 209 0 247 255
    13 255 255 255 102 233 255 0 68 104 160 0 0 153 121 156 0 0 59 58 0
    249 56 135 219 0 242 0 0 255 203 0 185 255 76 128 153 68 255 152 0
    31 0 128 43 0 134 0 0 248 156 16 233 255 0 78 255 0 216 6 121 0 60
    90 5 232 202 109 0 0 190 49 52 0 157 0 17 104 255 0 255 141 154 38
    28 86 0 71 118 64 0 156 155 161 255 33 181 245 0 255 124 115 58 255
    55 235 34 0 51 157 30 144 7 0 160 92 103 167 255 239 173 0 193 87 58
    255 0 255 118 255 156 194 0 230 232 0 58 246 226 104 56 92 255 24
    148 255 255 115 125 117 154 0 255 255 255 255 0 231 255 255 225 153
    0 255 5 173 99 179 0 194 255 0 255 242 0 177 255 133 0 0 208 0 0 0
    136 182 114 179 0 255 25 56 95 0 189 146 163 155 255 23 204 27 127
    255 255 254 255 255 230 88 187 255 165 241 19 30 4 0 17 41 124 0 128
    212 32 11 90 255 255 255 0 255 0 171 209 0 92 150 255 26 145 255 255
    6 109 0 196 124 111 0 255 71 134 18 169 20 67 0 226 53 255 122 27 0
    253 255 133 5 255 39 0 0 0 255 255 0 0 182 12 69 255 86 137 0 255
    232 0 0 255 0 177 255 193 220 15 33 177 248 0 0 236 55 24 0 219 143
    208 114 222 2 0 197 255 205 0 41 122 31 255 126 163 42 105 255 131
    250 255 54 4 255 101 218 17 33 171 38 0 0 255 255 0 59 0 233 84 0 35
    209 58 250 29 207 0 194 0 255 24 228 161 0 237 227 222 42 0 45 0 0
    163 31 108 81 0 116 203 0 48 255 255 198 14 0 255 216 174 174 255 74
    0 104 249 17 0 150 0 210 39 28 0 249 240 0 118 165 0 255 48 255 115
    0 255 101 84 234 177 105 22 90 219 216 159 255 91 0 132 106 9 255
    197 153 23 255 231 0 197 114 255 64 0 255 30 255 198 121 255 110 154
    255 71 255 33 234 0 0 255 13 0 255 36 0 51 0 228 180 174 255 134 0 0
    46 171 15 84 197 72 255 121 178 211 216 9 164 201 255 0 12 0 255 180
    0 134 58 255 141 255 84 0 255 255 254 71 174 99 183 125 4 193 0 131
    25 255 45 91 255 0 209 0 0 255 194 183 146 2 255 13 172 114 255 255
    213 0 251 192 115 255 184 255 245 126 221 89 255 209 35 255 0 83 0
    244 31 0 32 122 196 137 51 33 131 215 34 44 197 214 255 175 14 107 0
    102 255 232 192 0 99 93 167 66 255 255 187 179 44 0 255 255 0 255 12
    255 206 76 255 209 8 30 9 210 83 128 139 219 73 208 78 112 218 0 222
    230 228 255 0 41 0 236 179 255 176 0 52 172 148 66 40 179 25 0 255
    255 234 215 255 3 189 196 173 0 3 47 178 0 255 0 0 208 172 0 216 188
    0 255 142 135 0 240 134 7 95 75 198 40 255 170 255 134 0 255 20 102
    58 46 124 255 255 59 0 119 255 150 156 0 0 0 136 159 236 0 32 234 28
    142 221 255 255 82 136 255 91 183 150 255 255 45 61 176 136 0 0 44
    255 0 109 142 0 0 52 248 60 92 255 255 246 162 117 0 223 45 0 78 125
    0 255 74 100 37 39 255 0 92 225 156 0 0 0 191 157 3 68 255 61 0 73
    33 42 200 75 255 0 77 213 193 187 82 255 0 255 0 205 0 244 181 182
    93 160 156 51 0 0 0 210 0 209 0 0 100 84 212 255 195 0 3 221 249 255
    235 0 255 255 208 255 183 101 0 140 57 173 140 0 155 52 255 0 59 158
    193 176 197 255 255 62 0 242 56 251 3 41 19 0 95 0 255 255 0 127 94
    115 255 145 255 255 188 0 248 255 32 130 236 0 0 0 255 75 150 255
    225 0 57 118 182 236 146 100 64 249 177 129 255 113 71 8 142 132 43
    255 90 99 254 255 116 61 33 10 217 0 68 171 193 120 170 30 255 47
    186 0 93 220 120 255 0 102 204 255 137 255 238 255 0 255 0 58 185 41
    149 255 0 231 147 245 47 39 0 88 255 153 10 187 232 0 106 145 22 122
    0 227 0 228 240 0 165 118 0 201 49 255 67 122 255 255 143 0 255 100
    86 122 59 194 181 61 0 0 255 4 153 95 255 0 255 156 53 0 20 124 143
    131 9 255 36 194 231 255 0 78 28 63 133 180 176 8 0 21 255 87 1 233
    137 255 13 81 202 206 0 103 0 80 54 0 103 0 0 0 255 255 0 134 255 30
    0 6 164 255 44 183 125 41 0 0 0 113 209 255 0 66 164 78 92 119 255
    39 248 0 255 0 144 255 255 167 255 0 14 242 110 34 255 241 255 192
    161 122 197 0 255 70 161 12 255 63 203 135 255 167 31 0 74 0 141 84
    166 185 0 255 255 123 255 255 51 255 255 238 118 255 227 244 0 255 0
    255 229 5 20 0 150 0 255 255 96 0 255 0 62 46 255 0 152 210 0 0 255
    0 248 105 255 255 90 194 255 255 255 72 123 255 27 168 0 18 34 255
    33 129 255 151 0 0 73 0 0 36 84 241 87 150 0 0 0 183 255 145 84 146
    255 183 255 139 169 200 107 71 15 5 174 177 0 238 151 255 119 7 255
    0 0 0 105 16 15 255 255 145 150 0 81 249 252 105 166 241 117 252 20
    111 192 0 255 0 0 214 163 75 227 116 255 9 222 189 208 163 0 223 0
    79 214 0 90 255 255 41 255 255 0 255 143 52 219 255 50 0 255 68 255
    126 0 234 108 180 75 88 218 255 13 0 90 94 96 47 0 220 0 78 41 93
    255 100 0 198 5 69 234 179 40 0 8 255 48 95 39 255 255 143 129 40
    255 70 0 4 55 0 168 255 255 110 60 68 0 9 13 78 192 0 157 0 45 255
    68 255 143 230 255 255 17 0 243 0 101 3 99 40 53 147 145 255 255 47
    77 0 255 0 0 129 0 8 202 255 118 44 255 211 157 9 68 219 231 135 0
    48 167 20 225 206 40 0 0 38 0 73 255 185 0 167 145 193 114 255 182 0
    113 80 255 125 255 189 71 255 252 39 105 0 255 128 132 66 255 152
    238 255 24 0 255 135 42 218 35 255 0 16 6 0 119 0 15 255 0 160 153
    196 0 65 8 78 167 3 19 255 0 161 0 255 220 255 220 255 0 255 192 220
    255 255 145 36 255 97 119 51 0 76 10 255 0 0 116 0 255 255 200 0 15
    157 42 255 255 85 255 82 0 255 0 20 125 0 0 40 0 67 42 211 0 212 81
    121 255 0 243 173 33 162 188 214 255 255 43 20 160 228 255 38 149 4
    210 30 255 255 26 0 50 255 210 11 255 255 0 152 102 110 255 107 158
    4 82 117 97 74 46 109 255 0 167 255 57 254 0 151 72 164 0 0 86 105
    255 86 94 219 255 194 219 255 123 219 26 146 174 34 181 33 82 255
    119 71 0 211 255 209 255 59 255 51 176 255 255 240 233 39 179 20 161
    24 222 180 82 200 144 0 0 54 185 98 67 191 126 0 202 252 0 249 0 0 0
    0 0 0 240 0 239 141 9 29 23 255 0 0 139 255 93 226 205 254 0 255 39
    0 203 0 240 199 0 71 0 0 25 72 116 255 110 0 0 29 0 255 66 255 23
    255 205 0 176 84 144 0 18 0 255 28 255 98 167 2 253 248 255 242 255
    255 121 149 255 172 255 255 9 61 255 253 255 0 158 26 24 255 255 223
    198 191 255 0 0 122 111 118 255 255 56 255 169 255 239 84 119 99 255
    189 127 0 162 230 49 0 142 112 255 0 161 248 134 255 123 49 204 72
    255 0 0 0 218 63 234 118 99 255 255 91 255 78 215 255 70 255 6 248
    217 162 76 255 167 105 34 216 255 0 106 132 0 100 219 113 70 166 238
    177 33 152 255 255 0 255 210 0 158 186 172 0 255 53 255 154 0 134
    214 245 210 31 255 149 46 59 231 255 20 0 255 80 105 189 32 255 153
    255 239 13 221 216 153 108 255 255 111 107 0 255 255 245 166 5 222 4
    0 255 131 34 5 222 139 0 209 60 135 0 15 255 252 255 101 155 80 245
    0 0 26 63 255 217 227 30 241 218 231 213 30 164 255 21 60 0 235 9 99
    0 40 164 240 171 13 255 184 13 68 67 146 255 228 0 173 96 234 0 67
    255 0 142 204 69 184 0 179 222 255 255 255 87 190 183 47 0 249 32 28
    0 255 69 0 66 125 118 85 245 0 255 175 102 46 41 221 61 255 1 109 20
    172 190 255 254 40 0 255 201 68 210 138 219 255 242 255 255 69 0 148
    0 255 70 255 70 154 255 169 103 214 66 255 0 0 219 255 152 1 61 55 0
    69 49 252 56 123 56 178 0 128 243 0 255 1 125 69 3 224 70 121 255
    215 255 0 234 0 55 214 160 178 0 226 142 248 186 154 0 255 197 21 28
    33 0 149 255 0 255 0 0 0 213 88 149 140 109 24 232 200 255 255 0 255
    129 159 151 75 111 81 0 207 233 255 0 202 255 138 234 0 58 66 214 71
    63 38 182 0 54 182 204 0 129 0 255 136 197 255 0 174 35 0 62 212 214
    91 0 255 221 3 242 0 0 167 255 0 0 255 75 0 229 207 148 0 136 0 102
    216 255 0 255 0 119 232 148 88 166 0 193 143 0 193 169 160 255 255
    255 132 255 0 223 148 224 255 180 37 184 145 93 28 23 255 207 255
    255 255 27 3 29 214 6 255 4 212 47 187 255 65 42 134 0 255 157 214 0
    241 255 255 238 69 255 211 255 166 160 255 224 151 181 120 69 94 255
    0 255 227 0 253 13 116 0 0 219 101 77 60 255 247 68 88 111 20 0 82 0
    66 0 255 0 24 69 58 198 107 25 0 193 33 37 0 75 194 182 0 60 216 0
    62 116 110 211 0 239 0 157 161 0 227 0 26 213 52 105 207 207 0 0 146
    235 255 19 193 255 101 0 255 134 71 0 14 185 178 140 197 0 246 0 134
    91 0 0 225 189 0 195 125 0 255 255 20 125 83 221 143 186 255 149 162
    241 1 0 7 255 255 0 166 216 255 0 0 16 0 45 7 255 110 255 255 57 72
    151 65 0 184 136 58 0 153 255 48 87 0 45 0 144 79 148 255 57 255 255
    174 255 45 174 18 0 59 104 151 110 0 69 255 0 255 164 0 111 215 211
    0 90 255 255 0 0 148 255 223 247 255 60 255 255 255 201 255 227 52
    218 0 255 228 159 62 164 183 0 255 0 255 255 0 255 255 255 174 6 255
    255 0 255 61 183 43 255 12 68 255 71 98 235 0 32 0 255 76 27 246 6
    106 10 0 168 165 67 202 56 0 129 195 12 66 79 38 210 108 94 88 0 123
    31 14 0 96 127 50 223 154 254 106 255 219 255 255 207 255 255 255
    153 28 191 42 159 22 180 255 0 182 0 238 210 114 106 0 66 43 95 179
    215 61 56 255 255 18 167 0 169 248 9 255 106 255 0 255 255 255 158 0
    242 177 0 183 155 255 252 0 255 60 0 255 0 123 64 222 18 213 0 18
    255 0 169 152 11 239 182 105 255 7 158 92 255 51 25 17 42 255 0 68
    115 106 214 255 0 255 92 0 246 174 223 176 115 127 206 255 255 111
    252 61 207 38 0 165 38 0 255 192 184 252 255 0 179 0 199 0 0 61 161
    255 255 255 255 255 0 36 148 0 235 222 241 191 128 255 0 25 0 0 240
    245 105 255 156 21 0 220 115 158 255 41 255 255 207 216 119 255 173
    247 244 187 22 24 111 237 23 255 255 0 235 208 0 4 255 24 255 255
    120 28 241 0 0 0 56 68 193 255 0 0 0 189 124 0 232 137 0 255 0 96
    255 46 95 151 178 0 172 44 4 0 111 0 0 60 82 148 0 212 255 166 105
    103 255 0 255 34 255 255 255 255 63 255 0 228 255 21 87 171 221 123
    61 6 249 255 0 239 108 75 159 0 255 127 255 112 54 64 188 179 245 0
    220 28 207 13 207 152 117 125 77 158 77 206 200 167 114 178 161 97
    28 160 117 165 78 189 252 0 0 6 0 255 142 17 255 140 154 255 99 40 0
    245 255 0 255 229 84 220 106 4 0 255 255 255 255 131 190 112 26 5 67
    201 0 0 95 0 255 255 255 181 138 0 23 64 0 204 91 255 165 243 11 164
    255 206 102 195 255 255 0 255 154 0 194 0 110 37 82 0 146 255 36 255
    248 255 64 93 0 246 209 0 224 0 196 201 230 0 169 137 157 113 0 124
    226 216 209 178 159 255 238 104 255 255 26 214 0 13 180 0 6 246 163
    101 0 0 236 222 255 226 255 255 13 243 255 0 255 220 118 0 115 255 0
    0 255 186 0 33 114 63 202 25 0 10 132 0 219 200 160 139 255 103 186
    181 255 90 93 0 15 255 149 0 254 255 206 217 59 87 0 161 64 0 73 153
    0 0 126 255 4 255 46 23 255 229 136 0 225 255 52 0 224 218 100 192
    161 255 141 255 241 230 103 203 162 56 25 156 252 5 15 169 230 139
    53 255 90 82 0 21 251 200 229 149 170 8 3 49 235 180 255 255 170 255
    172 0 167 136 0 0 255 255 255 1 195 150 0 49 255 255 179 0 255 97 0
    82 178 65 181 0 0 143 255 83 11 224 255 160 141 40 0 0 0 224 5 42
    222 111 144 255 0 0 0 255 0 223 51 137 255 123 64 99 255 209 0 255
    28 0 122 187 61 190 0 255 255 255 49 213 246 75 255 0 155 202 54 87
    97 159 190 210 255 75 0 0 16 33 69 95 41 0 18 171 241 133 166 69 234
    255 16 80 0 179 16 0 237 78 255 255 187 221 114 8 0 173 0 167 0 0 93
    83 59 20 255 255 191 255 122 251 150 171 116 0 249 3 215 210 255 119
    70 81 0 0 161 0 108 255 169 0 41 27 255 0 57 0 159 255 0 124 73 242
    255 216 163 100 0 92 255 129 81 8 255 20 245 151 137 255 0 255 118
    60 82 138 169 208 255 91 255 255 0 238 255 52 0 0 123 93 222 161 237
    0 255 220 141 220 0 239 69 89 0 255 188 29 210 255 240 14 92 255 255
    255 255 0 184 87 255 68 5 255 0 75 150 255 123 22 235 95 255 25 193
    242 255 20 0 255 255 0 243 0 0 0 107 126 45 79 251 158 255 255 0 255
    155 5 255 182 255 169 255 81 53 255 255 233 0 238 53 0 69 95 242 73
    0 156 107 104 255 46 255 77 0 220 255 0 49 233 100 0 255 226 240 0
    255 170 0 0 125 68 13 255 255 86 167 235 188 12 42 39 134 2 0 107 58
    222 255 255 0 255 255 45 218 0 118 230 68 0 249 231 219 39 159 0 0 7
    0 0 255 0 92 255 201 255 57 36 18 186 80 142 225 0 255 57 249 0 0
    255 203 184 118 2 106 173 241 93 255 229 0 60 0 73 104 75 49 217 0 0
    0 108 255 0 255 255 0 255 255 0 255 0 255 0 129 0 73 94 17 0 45 119
    0 168 106 70 255 66 0 255 102 255 168 255 0 253 44 255 255 114 255 0
    123 238 10 169 79 42 146 0 0 255 254 255 255 99 33 167 156 250 234 0
    0 0 143 38 255 144 162 71 123 241 255 26 103 0 101 27 193 248 223 97
    255 0 218 78 67 14 166 88 255 255 255 0 231 252 45 43 230 205 51 255
    172 109 168 0 0 0 0 0 200 255 23 255 150 0 255 0 194 231 255 255 14
    0 203 29 27 255 56 204 31 255 31 28 23 255 0 89 125 255 185 70 6 202
    57 0 11 29 0 255 88 255 181 193 13 28 219 24 255 0 30 144 54 33 56
    255 255 255 0 69 238 18 42 238 255 3 11 212 255 149 245 208 255 179
    255 0 60 255 50 164 0 148 136 34 214 206 60 58 223 76 235 0 199 255
    88 196 154 11 59 106 92 136 179 132 255 70 98 174 87 247 221 91 158
    229 130 207 113 226 109 243 227 43 114 133 87 11 156 133 255 255 0
    197 169 172 0 255 0 111 131 0 127 166 55 255 157 224 22 14 97 0 87 0
    139 255 255 0 103 255 0 67 255 0 230 59 255 65 0 0 97 255 0 92 0 11
    204 0 0 0 176 59 93 0 10 0 255 237 0 0 255 182 186 83 0 255 13 64
    255 14 126 255 255 113 230 245 0 56 158 255 111 255 226 84 0 174 95
    0 225 0 194 84 108 30 116 255 0 18 0 160 77 255 57 25 199 255 118 82
    158 19 14 0 56 1 65 245 0 255 80 172 0 165 184 121 240 19 181 182 0
    0 203 102 22 0 255 157 185 47 0 232 98 0 109 123 87 0 112 248 59 255
    82 110 255 210 23 255 143 0 58 175 241 184 255 156 82 214 0 168 112
    189 226 48 133 106 90 182 0 255 107 0 238 229 255 255 159 16 8 152
    31 60 255 176 96 76 217 130 168 41 0 255 46 0 0 0 255 58 241 94 130
    9 255 255 212 233 103 255 129 246 160 182 163 255 255 22 54 164 16
    255 213 255 154 80 0 199 0 66 34 23 129 255 0 171 0 255 242 41 246
    57 230 0 80 255 41 161 255 192 0 143 208 169 255 214 255 111 198 62
    255 23 255 151 0 134 255 242 132 0 68 171 250 38 151 255 207 29 0
    197 255 230 255 82 255 255 77 0 0 175 0 165 140 212 15 157 66 85 0
    165 111 255 31 118 10 255 55 49 255 52 255 0 38 2 13 0 25 95 78 239
    137 232 0 0 255 0 72 41 0 231 255 0 8 0 255 0 115 140 113 137 97 247
    74 68 84 138 0 92 67 0 34 21 238 255 255 255 112 10 255 91 3 223 108
    228 26 120 222 189 0 255 108 255 63 0 213 91 168 2 0 0 0 189 255 0
    255 85 206 0 0 0 255 58 185 27 231 0 0 255 217 35 144 58 34 251 0 0
    0 245 181 255 234 217 84 234 9 255 18 186 45 67 0 53 213 0 0 0 4 37
    62 0 250 103 0 47 255 182 0 255 49 0 255 162 177 0 55 242 153 255 0
    243 121 255 58 211 59 255 51 131 239 255 0 223 255 33 231 255 210 4
    6 49 0 170 255 111 0 181 113 0 123 255 0 255 13 195 255 239 39 50
    255 167 111 255 48 0 97 0 200 246 79 4 112 166 0 191 255 255 27 188
    204 255 236 255 246 245 0 88 255 146 0 200 255 140 126 255 55 77 161
    205 119 255 122 102 108 0 247 255 168 50 83 210 0 61 0 121 31 49 16
    6 0 139 0 183 127 0 12 72 88 127 0 255 14 0 236 57 0 0 0 0 234 37 0
    232 244 0 178 98 0 255 0 255 0 231 255 0 0 147 82 224 0 245 192 0
    255 240 21 248 170 61 255 55 0 199 153 40 90 11 255 253 0 255 52 0 0
    0 108 255 52 0 0 255 17 129 199 198 0 123 255 0 209 178 0 176 203 34
    45 9 255 103 171 255 154 38 255 0 255 0 29 0 133 255 186 78 255 100
    59 181 255 0 179 255 255 118 238 255 0 4 57 255 244 199 248 0 63 132
    240 67 113 216 255 94 0 24 0 23 255 140 0 134 169 238 228 216 55 0
    252 0 239 255 195 211 180 14 221 95 128 89 255 121 169 9 35 143 113
    255 133 213 75 230 178 164 0 0 40 86 199 226 255 98 69 116 0 255 8 0
    0 127 46 20 214 255 147 84 255 95 255 255 206 115 150 148 255 134 23
    105 36 221 255 255 197 255 162 255 135 255 1 255 189 255 111 184 210
    129 85 255 246 60 255 255 61 14 108 103 74 194 0 0 0 94 0 107 155
    255 244 0 223 95 255 81 255 133 70 255 255 0 186 0 119 248 93 200 73
    78 255 255 141 255 89 30 88 0 0 92 199 0 59 255 6 255 68 39 0 3 255
    0 212 0 255 5 0 142 0 0 0 113 34 4 48 0 195 255 184 66 0 65 41 30
    255 9 255 229 0 174 191 44 0 0 127 255 0 27 157 0 255 255 0 65 0 6 0
    255 170 236 48 114 174 135 211 93 123 245 59 18 255 0 255 0 164 255
    76 233 101 255 0 76 35 156 70 138 107 255 0 0 27 255 30 255 255 255
    10 0 47 255 255 255 255 255 255 255 0 0 2 202 39 149 9 57 53 162 103
    0 217 108 40 103 109 49 59 101 0 255 185 61 197 0 0 250 2 255 60 255
    0 0 235 255 0 191 198 0 255 255 255 176 255 183 175 255 65 0 71 113
    98 0 228 232 65 80 141 255 156 0 255 238 119 29 166 0 127 190 104 0
    0 223 2 255 76 34 222 23 49 0 110 24 152 255 138 0 255 31 14 40 0
    131 88 94 0 0 0 0 65 42 0 0 0 255 255 0 255 180 208 27 0 255 0 118
    19 0 0 135 53 137 255 151 15 143 101 230 0 0 0 29 192 188 78 255 201
    255 133 255 91 0 171 0 0 53 255 231 139 188 61 32 0 255 218 255 255
    247 69 103 54 0 0 166 255 21 134 0 255 255 162 0 33 0 118 201 0 52 8
    119 255 14 186 62 0 255 85 204 3 205 0 167 1 110 234 246 147 45 175
    67 91 170 102 179 255 16 126 255 122 31 248 164 153 255 20 209 0 0 0
    255 0 0 255 0 99 216 192 255 255 255 214 255 255 255 108 2 255 220
    125 255 115 255 254 255 99 0 255 39 255 147 0 202 58 0 0 255 0 152
    227 255 255 82 130 0 0 0 102 11 89 42 205 177 224 199 0 148 161 255
    198 255 53 255 255 177 0 90 200 255 190 109 0 0 227 0 178 24 0 0 255
    255 255 0 0 203 197 174 0 255 226 104 46 116 255 239 136 255 87 40
    87 64 16 244 0 255 190 255 112 76 81 255 203 98 234 0 255 253 0 0
    166 72 67 255 212 0 129 156 238 68 0 94 38 134 212 0 0 216 21 0 157
    52 84 0 93 121 255 46 179 137 204 0 0 0 0 29 133 255 14 0 50 38 255
    35 176 145 255 140 0 150 255 211 255 11 255 176 119 95 121 157 78
    255 233 95 255 253 239 0 68 217 254 255 226 255 64 0 255 0 36 42 255
    173 255 185 191 59 226 144 0 255 255 58 11 255 61 153 43 132 0 113
    82 255 191 0 59 0 229 0 13 0 29 241 9 255 31 205 193 137 27 255 77 0
    255 180 147 239 127 255 255 255 53 97 255 0 207 54 45 0 168 255 118
    10 255 0 248 218 86 154 255 117 101 148 222 255 252 175 10 255 157
    255 202 0 171 251 191 255 0 255 0 255 151 12 132 97 132 42 71 153
    255 123 103 0 187 90 0 207 114 255 159 255 54 223 53 0 255 155 15 0
    54 255 0 0 252 0 229 93 191 97 255 141 44 193 148 157 0 107 116 255
    132 251 77 40 104 220 90 95 89 208 255 30 255 158 255 154 255 180 0
    0 247 156 0 107 40 12 200 18 205 176 55 0 209 255 216 134 255 166
    255 73 247 208 68 249 2 193 223 0 213 242 98 255 108 80 0 255 243 9
    244 189 158 160 207 102 255 255 255 188 255 197 0 82 164 152 219 255
    255 230 8 119 77 255 47 22 113 237 124 255 97 235 245 82 207 125 0
    61 154 0 0 136 70 172 255 20 197 0 255 187 0 121 20 243 135 177 90 0
    228 155 3 124 50 0 27 0 5 129 2 0 104 156 55 23 106 57 224 84 217 0
    60 169 229 49 255 91 0 255 142 125 0 255 30 255 255 187 27 66 86 104
    0 145 86 90 91 0 213 0 255 134 0 218 102 255 169 220 255 108 255 255
    177 233 255 255 31 255 39 0 0 0 213 135 120 38 69 18 240 35 8 255
    255 255 186 26 36 66 0 255 160 172 255 0 148 40 0 113 0 0 242 255
    249 255 194 98 85 255 255 210 164 188 131 222 106 26 40 244 0 164 0
    27 131 255 138 255 255 0 255 186 255 2 221 255 154 255 224 126 115
    88 98 58 0 89 243 0 255 53 0 110 21 255 63 171 39 0 0 211 255 242
    212 227 111 162 34 54 43 99 121 255 144 255 255 216 178 65 255 45
    225 0 255 255 17 20 5 82 0 118 0 0 0 196 6 81 255 45 99 125 199 100
    65 255 12 112 233 164 255 103 0 0 9 255 196 238 228 255 202 45 79
    255 74 225 70 76 255 169 0 141 140 255 129 77 255 255 0 152 11 233
    255 83 53 215 0 177 80 255 117 54 255 200 108 255 119 208 127 34 0 0
    80 111 163 52 255 158 255 255 210 159 223 61 0 255 150 250 206 59 0
    33 87 113 91 255 255 143 36 255 48 82 255 255 61 0 182 235 34 255
    255 166 134 255 117 191 0 220 0 0 185 0 112 255 53 255 255 99 222 61
    15 17 94 119 255 0 189 0 59 63 80 0 2 245 125 169 255 111 255 173 10
    22 255 255 0 0 60 0 183 54 255 190 8 255 5 6 255 102 214 255 66 109
    188 24 11 38 142 54 0 255 255 94 0 255 198 31 122 164 220 255 121
    200 255 0 212 0 108 49 0 255 26 255 22 54 255 0 255 255 214 0 83 173
    80 10 243 0 0 255 0 92 138 240 13 161 42 255 228 0 253 255 168 146
    198 248 0 45 217 50 194 0 0 27 84 24 0 137 139 176 232 229 88 117
    166 47 210 0 77 221 255 255 0 46 230 0 44 9 180 191 0 235 0 204 123
    0 182 0 234 106 132 120 81 255 0 255 255 255 255 255 50 197 255 92
    255 220 24 0 28 118 118 252 255 56 94 255 0 10 0 14 0 104 49 49 0
    173 0 0 255 250 99 255 207 255 255 166 87 180 57 0 255 12 200 0 255
    45 160 220 0 26 101 255 0 160 153 226 252 80 231 134 129 0 39 36 201
    29 255 206 211 132 255 255 0 47 183 102 255 229 247 41 0 247 255 79
    197 255 75 0 226 9 4 112 232 172 87 0 156 190 35 81 244 82 255 220
    255 255 225 35 184 255 61 99 162 255 118 255 44 131 16 255 254 219
    178 7 63 0 171 210 0 185 112 255 71 28 218 145 203 206 255 72 255
    112 164 48 0 255 12 211 0 10 234 105 0 255 21 237 255 152 34 48 255
    0 0 186 127 99 160 0 0 255 32 0 0 255 31 97 101 255 174 23 146 142
    195 174 250 163 182 0 0 51 250 195 80 6 239 33 180 0 211 199 255 0
    216 218 233 165 255 195 15 158 0 255 0 0 242 255 255 0 10 27 47 176
    219 32 255 0 48 109 154 25 255 0 181 110 53 255 186 18 255 255 0 200
    206 85 51 67 203 225 255 147 98 43 102 255 233 189 190 124 73 18 218
    200 0 219 255 219 147 255 18 222 249 207 191 255 255 0 53 255 255
    255 111 255 212 0 187 0 101 25 0 88 146 95 129 0 207 132 23 231 0
    247 0 0 250 0 4 255 22 255 54 220 120 24 171 208 52 0 180 0 17 163
    255 0 239 112 229 112 0 0 119 38 255 92 255 187 35 232 205 255 255
    35 255 255 230 172 255 222 13 0 0 229 0 87 160 69 0 51 67 31 81 255
    255 179 62 255 0 204 176 0 49 255 251 224 186 4 200 89 47 206 78 0 6
    165 100 18 23 170 0 226 223 111 90 82 172 115 0 128 244 255 128 154
    255 190 220 54 8 0 0 255 16 93 149 194 237 223 255 192 158 89 10 49
    242 255 0 0 207 219 255 92 126 192 70 0 109 0 255 2 29 85 225 52 255
    0 250 150 212 255 156 15 188 0 164 222 255 184 35 123 229 0 255 18
    11 164 138 255 0 203 1 255 83 114 138 0 67 115 0 62 0 255 134 242
    182 250 255 244 53 194 0 225 255 177 151 0 61 220 61 66 37 255 32 26
    255 52 230 0 205 204 0 49 141 148 63 0 50 0 93 255 0 151 57 214 255
    33 131 0 162 0 0 62 76 0 33 187 255 119 255 228 206 59 156 132 68 58
    255 27 146 255 44 173 33 255 177 109 253 3 4 186 0 135 0 113 0 210
    147 255 255 255 221 202 255 207 91 0 0 58 137 58 9 122 127 209 198
    115 122 67 100 255 93 25 0 255 255 246 125 0 212 117 0 124 251 24
    163 255 122 0 255 0 201 255 0 0 173 255 64 255 102 111 156 54 255 47
    105 0 0 0 187 0 89 21 234 44 181 187 128 1 0 10 199 242 67 221 88
    255 168 192 0 99 69 123 0 126 255 248 44 232 241 103 183 26 255 244
    142 255 209 0 255 178 24 61 255 169 136 114 160 168 255 22 255 0 14
    77 0 124 0 173 61 11 0 0 255 0 75 12 244 16 111 44 161 83 0 44 237
    10 0 35 255 0 255 255 91 0 113 0 255 225 255 0 252 239 0 0 0 3 23
    255 85 116 27 104 134 255 46 187 172 255 15 96 255 255 26 0 138 255
    207 76 236 255 255 0 252 25 166 255 159 157 102 0 4 255 255 89 195 3
    147 90 117 255 51 255 238 170 156 56 197 26 0 255 0 79 138 255 194
    76 0 94 0 255 219 43 79 0 211 205 173 98 0 0 44 61 69 80 0 133 0 33
    147 1 170 166 255 255 60 0 255 85 196 211 255 156 17 255 187 55 136
    144 0 2 177 87 255 0 166 68 170 64 0 80 146 255 0 94 6 0 66 65 255
    148 4 244 0 106 83 0 119 105 0 135 0 103 156 138 0 227 255 0 177 167
    208 0 255 159 82 206 240 230 170 55 138 0 15 255 213 0 255 16 238 53
    14 16 25 54 0 31 255 65 0 255 255 68 169 30 49 114 86 115 0 205 210
    198 0 255 156 97 143 155 255 0 0 243 230 0 105 0 0 255 0 80 58 55 0
    72 0 192 167 110 255 43 0 255 206 255 179 143 255 125 200 247 0 255
    28 189 46 255 225 255 172 207 131 19 237 0 194 0 255 255 83 147 248
    234 26 255 255 25 255 114 255 255 255 0 0 225 164 225 123 99 113 246
    239 255 0 155 7 0 0 195 31 0 38 26 171 195 66 234 145 8 0 193 71 255
    36 248 52 129 25 51 0 199 183 0 14 0 255 108 0 94 113 89 255 55 0 65
    249 255 13 255 107 255 22 255 255 2 255 212 246 76 0 109 255 24 69 0
    18 207 6 187 0 220 61 163 212 0 0 124 248 131 177 26 255 177 81 255
    36 255 244 53 67 0 236 255 120 255 239 0 22 10 229 186 198 199 100
    94 247 121 255 217 40 117 218 238 87 69 255 255 255 0 28 255 18 47
    91 0 199 255 227 125 255 255 0 0 0 0 15 43 33 0 194 246 251 53 179
    255 0 255 253 215 197 126 255 255 133 74 14 101 124 0 31 207 132 24
    0 255 206 212 219 203 107 255 0 114 220 255 157 53 255 54 0 226 154
    0 4 17 0 24 255 145 255 255 0 72 255 176 119 245 37 104 54 0 0 131
    255 217 224 128 255 255 184 0 24 255 168 0 186 131 25 186 137 0 255
    0 136 255 83 27 0 150 213 55 255 53 0 189 202 0 65 220 87 0 95 190
    90 58 67 255 255 0 86 134 163 255 165 0 183 255 0 57 160 255 0 218
    200 255 255 255 19 255 255 40 90 188 22 0 255 120 0 255 227 151 0
    255 255 176 255 57 255 255 245 121 67 155 34 23 0 243 225 6 255 232
    87 155 182 0 17 84 0 0 82 19 0 233 100 255 0 58 0 31 255 0 0 5 250
    174 0 167 13 243 147 0 86 255 0 255 0 99 71 117 122 255 149 205 57
    65 89 255 121 99 65 212 0 139 101 130 153 132 94 255 88 0 180 0 255
    0 26 196 255 71 67 0 101 255 159 157 9 0 255 255 88 94 0 7 212 105
    18 101 134 247 36 40 192 255 0 0 39 209 140 50 255 0 255 230 140 224
    255 227 206 37 0 0 0 255 245 255 83 10 255 205 255 153 44 0 126 172
    0 84 58 167 90 255 228 216 235 211 255 228 43 106 3 148 255 149 242
    0 114 134 175 86 245 255 105 0 236 255 139 229 255 145 0 255 30 204
    31 28 43 237 253 87 162 10 139 0 0 39 255 122 8 82 237 93 212 39 255
    0 171 234 249 211 255 150 255 57 255 159 235 143 114 0 253 3 66 149
    235 255 175 255 90 160 136 214 0 117 33 88 161 119 205 186 17 74 93
    222 237 116 0 255 206 0 40 201 0 255 255 0 92 255 24 245 186 255 141
    32 167 23 172 0 122 154 0 0 140 219 0 149 87 82 36 140 236 161 246
    255 61 105 255 17 255 255 190 184 255 3 255 46 7 255 59 245 65 0 131
    171 75 108 80 0 240 255 93 173 255 49 20 255 198 0 5 162 186 0 141
    218 120 0 255 112 0 113 192 216 255 244 111 0 255 44 0 46 0 126 0
    251 255 0 170 124 255 255 29 135 0 60 170 0 82 65 0 255 198 173 170
    36 17 0 158 193 234 0 158 0 91 116 54 93 105 34 27 31 104 0 23 190
    173 0 0 98 0 0 139 0 255 29 0 22 95 0 255 59 232 179 69 255 98 18 0
    175 0 255 0 246 0 0 0 66 224 255 14 255 255 70 59 73 255 185 239 255
    255 106 167 226 0 45 0 236 0 17 0 250 0 95 255 131 75 10 255 255 255
    255 21 71 0 0 99 0 87 247 25 56 222 27 238 0 19 251 109 0 84 0 232
    94 219 218 0 164 155 177 255 0 103 210 30 24 206 16 0 0 15 6 15 198
    105 124 43 0 40 199 130 0 0 0 0 255 163 176 79 28 255 255 141 255
    214 255 12 236 255 247 255 233 18 200 255 133 0 149 3 0 181 175 255
    25 0 0 48 97 0 64 0 66 255 142 83 124 42 241 0 93 0 38 0 255 193 186
    162 211 204 202 0 195 247 0 0 255 0 0 255 255 0 49 255 255 255 255
    247 255 0 124 5 255 107 210 19 149 0 255 209 46 157 124 9 42 158 36
    161 65 65 229 0 80 243 0 251 157 82 137 0 0 0 233 242 163 185 222
    212 255 255 63 41 255 188 0 255 255 255 255 199 90 255 0 94 170 255
    255 240 255 255 21 0 154 173 0 128 249 0 60 24 7 21 0 0 0 18 0 249
    237 197 22 137 48 255 200 233 0 159 191 122 66 174 94 0 255 180 11
    175 159 0 255 182 62 255 237 255 255 212 156 105 47 0 0 131 0 0 0
    255 52 182 168 223 175 178 254 183 214 249 171 255 1 255 28 197 0 0
    93 136 0 196 255 38 213 0 0 213 163 255 143 255 255 233 184 255 183
    60 255 213 0 134 249 32 255 0 97 255 183 147 3 255 255 0 255 206 0
    169 0 0 154 229 0 5 93 0 211 13 0 255 0 99 4 0 206 224 61 66 0 0 252
    255 0 187 255 255 255 0 206 27 37 0 116 234 37 206 198 178 255 202
    255 121 255 187 179 176 196 215 173 255 150 10 234 255 168 255 0 255
    217 0 141 0 210 84 87 85 0 128 168 67 108 0 141 255 0 255 25 9 255 2
    158 0 203 238 0 147 225 0 82 255 238 0 219 2 137 88 16 74 136 27 2
    183 147 185 217 0 0 159 0 156 62 69 167 255 88 0 139 172 0 128 72 53
    0 119 255 255 35 25 116 22 0 20 199 189 223 65 89 154 129 209 145
    255 0 73 159 0 135 235 0 207 255 167 0 255 77 255 0 109 0 0 20 0 224
    47 0 0 171 31 0 255 255 19 19 68 60 46 244 169 0 26 7 155 110 236 0
    187 253 88 110 238 17 196 0 0 206 0 41 95 187 191 98 0 0 178 66 216
    255 110 255 255 40 0 0 147 109 132 150 14 0 118 83 187 202 191 206
    68 184 119 81 255 132 125 247 255 0 40 74 255 74 43 109 255 0 146 0
    7 105 250 255 49 255 36 89 18 102 9 0 255 75 88 183 91 255 0 22 141
    38 255 225 0 93 173 99 255 255 4 233 140 255 253 92 163 57 67 157
    194 117 119 0 0 0 106 216 255 172 255 72 255 0 135 76 32 255 255 0
    64 254 0 84 255 43 57 233 108 209 55 88 255 151 0 115 153 255 28 193
    97 38 30 182 255 255 107 87 255 0 208 6 158 245 30 0 0 68 0 255 237
    189 185 0 11 5 45 255 0 48 171 21 255 133 131 171 0 226 102 231 253
    4 0 255 10 225 177 0 65 0 40 0 0 130 122 239 121 0 189 255 255 255
    96 255 212 38 53 68 255 86 255 255 45 255 255 255 45 255 171 36 255
    0 38 0 18 130 0 215 255 255 118 255 255 29 147 71 216 98 12 255 0
    100 233 255 146 255 238 231 255 151 255 255 0 150 255 0 177 255 255
    186 174 61 0 255 159 0 0 0 95 0 255 0 149 108 145 255 0 228 238 13
    37 227 255 220 60 247 0 0 184 0 0 0 0 255 0 0 144 0 255 0 255 183
    255 255 168 232 186 44 255 29 0 229 0 127 126 242 133 160 148 0 194
    255 155 255 255 255 184 184 255 0 0 0 129 255 0 103 163 217 0 124
    170 69 169 28 50 37 255 0 233 198 15 255 33 253 255 57 255 255 223 0
    57 119 177 0 2 0 255 0 210 102 77 1 0 25 108 0 0 207 217 97 109 148
    0 111 195 255 111 255 254 251 125 51 0 97 33 25 9 94 80 89 106 69
    255 135 41 127 84 27 251 160 255 145 34 191 0 255 0 135 96 255 59 39
    207 12 0 216 44 200 247 246 173 0 197 151 0 234 100 9 0 142 0 229 0
    202 56 0 216 252 248 0 19 255 63 125 112 245 0 65 37 31 114 126 0 48
    210 109 166 61 124 0 245 255 132 77 255 48 191 255 58 81 0 253 113
    229 255 157 151 255 255 69 110 0 255 176 74 184 0 199 81 255 189 14
    255 0 89 212 255 175 0 14 110 180 255 140 86 51 177 9 189 127 1 0
    206 204 119 255 26 142 95 247 0 218 157 0 249 179 0 216 255 106 243
    255 255 0 96 255 255 0 0 255 163 0 93 134 244 219 147 26 228 98 173
    255 115 133 244 0 5 239 0 0 255 237 0 23 164 210 31 220 98 0 226 255
    0 20 255 252 61 33 90 0 129 242 48 255 255 61 0 139 161 0 229 0 146
    119 0 0 9 142 69 255 0 64 191 255 121 255 65 255 199 0 137 150 0 18
    172 129 255 105 171 187 113 255 255 46 208 255 192 255 206 0 255 255
    250 255 27 65 158 163 205 255 7 23 146 214 61 91 39 21 23 140 189
    250 150 211 0 255 38 166 250 0 142 134 255 233 46 255 0 0 48 241 231
    251 0 173 123 148 153 0 0 234 139 198 0 0 255 54 61 123 147 255 251
    110 179 207 171 138 187 124 0 255 15 255 0 255 255 255 0 144 255 0
    99 255 255 27 104 44 255 209 0 255 199 203 200 255 255 13 183 125
    255 255 62 52 68 255 255 75 175 255 27 144 77 96 113 145 0 255 192
    123 90 31 0 56 0 230 68 126 255 252 201 123 228 137 255 142 62 3 20
    94 0 157 0 255 97 228 160 217 255 168 254 255 241 140 255 30 123 177
    0 68 117 197 71 43 119 28 255 150 0 255 185 0 255 207 184 33 13 255
    255 123 117 120 255 44 0 131 74 159 111 15 137 113 129 178 212 255 0
    190 182 145 84 235 255 164 102 0 117 225 96 216 0 20 0 49 0 0 107 0
    65 167 159 232 255 129 41 255 200 243 255 121 68 0 0 45 180 243 252
    14 222 153 255 208 174 0 0 255 0 37 255 0 222 255 0 30 255 6 109 51
    158 205 17 78 55 136 3 250 0 0 208 225 48 186 215 234 255 111 249
    255 50 0 72 37 198 255 197 107 255 255 207 179 255 179 184 108 0 220
    55 187 142 255 179 0 57 171 0 173 42 200 114 236 109 42 218 255 0 9
    185 255 255 39 17 237 0 38 129 0 255 82 103 51 0 223 168 95 0 255
    222 255 179 0 0 0 0 255 255 161 159 255 255 174 188 234 191 31 213
    94 122 255 78 187 255 0 124 255 0 37 0 255 255 222 0 255 255 191 216
    255 241 255 255 131 255 203 164 255 255 255 0 0 141 161 114 255 138
    253 189 255 0 0 255 95 0 17 0 36 255 58 0 0 255 160 0 223 26 81 54
    132 0 161 239 255 204 189 255 229 158 156 146 89 64 0 236 127 241
    255 0 255 175 255 109 255 125 139 81 0 120 0 156 255 89 255 0 75 0
    20 0 53 208 255 255 255 3 14 0 0 96 255 196 203 136 245 68 125 109 0
    176 103 0 91 248 0 255 0 119 184 255 0 10 255 123 113 39 0 255 0 0
    255 32 171 47 63 255 177 52 255 116 255 255 255 255 0 255 208 255
    205 220 210 56 0 25 255 251 255 98 255 29 0 194 255 198 154 0 255 3
    255 255 255 67 236 0 185 0 49 6 94 40 50 61 182 171 250 222 3 163
    234 0 108 115 170 0 113 0 153 10 255 139 158 221 215 25 36 0 230 121
    255 255 158 76 142 116 65 153 145 56 0 187 96 200 145 118 173 17 86
    0 82 0 46 16 0 231 170 137 81 135 105 255 248 0 252 68 188 0 70 255
    251 230 188 233 147 191 139 255 0 191 232 255 255 72 163 217 0 9 106
    133 248 0 158 236 176 235 250 255 0 148 255 255 4 55 255 189 50 153
    0 181 255 21 156 0 119 0 94 82 0 255 114 80 7 255 63 182 48 255 112
    239 85 77 255 0 71 191 37 0 255 140 18 229 90 212 145 0 0 165 105
    255 255 233 200 19 203 255 198 255 0 255 167 65 213 179 194 1 0 242
    221 255 220 246 255 0 223 195 65 203 219 0 200 22 0 173 255 255 2
    255 0 52 143 188 0 58 255 66 143 157 53 190 75 55 250 0 110 224 0 94
    250 255 255 7 255 0 255 129 0 128 162 87 0 102 165 0 0 255 0 255 248
    132 120 250 255 255 255 124 164 200 0 0 39 255 148 173 84 174 255 0
    56 165 247 255 255 205 22 0 0 255 255 188 255 24 126 176 223 138 171
    154 4 0 89 255 255 86 0 225 253 71 40 183 255 207 255 213 196 0 0 39
    0 164 172 255 142 124 197 0 227 114 47 133 0 0 0 62 177 255 255 205
    213 255 205 156 1 123 0 255 255 251 0 136 255 131 44 248 71 35 6 72
    0 198 0 255 255 224 169 182 255 0 118 65 255 0 171 0 235 161 179 140
    30 57 0 202 237 0 0 255 210 255 132 183 0 0 0 209 255 0 72 255 243 0
    255 255 96 177 255 255 44 32 28 255 0 255 255 214 139 170 0 223 123
    149 12 7 0 0 255 96 192 77 90 255 255 0 204 0 2 171 223 18 255 66 4
    135 255 0 95 0 210 229 255 178 16 52 255 39 222 0 193 163 245 157
    255 255 255 103 255 227 9 175 193 0 0 255 92 197 48 249 255 54 255 3
    227 210 100 37 245 54 26 72 0 179 167 255 176 0 0 178 0 0 255 255
    228 220 240 225 0 161 129 157 0 0 0 128 239 186 136 46 221 118 255
    255 157 0 255 173 178 237 0 38 255 236 199 0 241 66 234 74 255 19
    255 198 239 156 255 255 255 0 225 216 255 184 97 0 103 125 13 0 222
    161 0 115 0 98 174 0 180 186 50 255 255 26 233 237 255 88 104 57 255
    131 231 255 255 255 194 66 22 171 116 147 0 23 255 234 0 211 255 255
    28 255 255 102 162 88 255 239 181 57 0 103 237 35 0 0 158 94 255 0
    255 3 177 0 111 122 32 164 255 255 29 98 255 107 0 99 132 166 0 119
    0 255 29 14 13 0 97 25 217 106 227 255 106 43 255 123 30 203 255 255
    129 255 85 112 251 161 120 0 195 240 81 91 204 199 153 212 0 153 255
    33 251 255 240 73 255 245 0 191 49 44 133 24 214 255 79 113 21 243 0
    25 175 49 0 157 79 144 0 0 76 143 248 2 202 0 255 209 234 203 0 148
    255 249 145 239 134 186 255 178 140 223 113 28 255 175 152 187 0 20
    255 0 0 175 11 255 179 4 255 195 0 158 255 99 0 255 0 97 240 162 255
    228 0 4 9 0 0 197 255 186 160 255 0 133 255 0 0 255 0 255 139 0 133
    128 0 188 234 197 231 0 137 135 255 172 208 246 255 74 148 222 59
    107 43 112 255 0 193 127 0 214 240 255 173 2 255 255 81 124 168 0 4
    50 22 186 49 255 230 7 255 0 255 148 32 183 128 102 255 181 255 200
    255 61 69 215 22 67 255 33 255 255 25 176 255 39 62 87 141 142 0 121
    236 93 103 255 247 0 255 66 118 3 0 168 255 0 41 255 51 137 151 251
    223 255 255 164 219 255 0 105 35 0 0 255 255 0 96 109 111 237 54 53
    255 0 67 255 0 87 4 186 217 73 228 100 255 0 224 126 32 134 160 255
    255 27 0 56 255 82 0 104 70 80 0 137 134 246 0 255 16 0 189 127 255
    233 76 0 255 31 73 228 1 16 0 245 140 255 255 0 43 255 69 255 255 0
    154 109 251 232 67 164 237 0 178 107 10 0 196 57 255 0 171 233 223 0
    0 22 214 0 29 255 242 207 132 243 195 255 0 255 240 0 244 255 164 51
    0 62 63 0 115 255 255 0 255 223 99 192 22 145 227 111 0 0 167 0 204
    124 46 143 109 79 205 167 255 79 0 255 128 242 255 194 243 255 195
    16 36 92 0 58 60 202 0 255 217 0 255 203 71 255 25 147 221 103 47 0
    201 0 255 255 196 187 255 21 4 179 21 231 250 129 255 218 243 70 0 0
    26 125 255 255 255 34 140 50 50 191 64 238 255 244 0 114 87 0 1 140
    255 185 182 255 0 93 178 93 126 255 0 0 154 0 132 247 255 255 0 98 0
    255 172 0 203 165 0 211 118 0 48 0 152 157 254 197 200 58 255 0 0 29
    40 255 0 246 239 255 0 251 40 122 255 0 163 242 255 217 170 231 0 61
    0 25 30 100 15 238 3 122 255 22 0 0 41 0 16 226 0 255 48 250 13 0
    237 255 93 0 174 173 0 108 28 0 231 255 0 236 255 35 138 255 204 173
    143 103 15 141 143 255 122 1 56 45 179 255 0 60 79 231 255 156 143 0
    242 0 0 1 0 0 255 15 0 255 39 195 182 0 49 255 222 255 255 71 130
    135 0 255 68 1 248 34 199 182 0 108 99 255 255 206 230 0 255 212 49
    255 255 101 76 140 255 213 43 255 33 168 19 172 255 255 121 255 255
    255 255 82 255 11 255 255 0 0 122 151 202 255 255 255 217 185 73 252
    255 254 255 255 123 0 239 238 0 0 89 0 0 255 0 255 0 158 255 205 15
    133 255 255 144 136 0 255 255 98 200 255 255 255 255 215 23 133 107
    125 184 28 255 65 0 187 201 57 124 198 0 15 216 0 0 148 255 182 4
    143 52 233 0 255 70 0 187 48 100 57 166 43 0 237 61 156 37 0 126 255
    0 0 13 0 137 132 255 210 150 104 76 28 8 176 116 118 255 73 255 0 74
    1 0 52 234 182 0 255 255 0 254 200 189 202 137 5 46 240 0 207 195
    209 255 217 65 195 33 255 255 180 0 114 129 0 255 242 126 130 0 101
    0 0 0 213 79 205 241 255 158 128 0 62 127 72 0 0 73 195 0 20 160 123
    0 255 255 255 0 129 189 255 46 122 0 19 0 0 178 0 162 28 30 91 27 0
    103 0 226 25 255 6 218 156 117 72 255 211 255 255 110 1 0 255 167
    148 143 204 98 74 140 171 64 17 172 255 133 183 10 0 153 0 170 130
    22 126 134 0 159 98 137 46 166 8 255 0 154 105 138 121 157 0 152 255
    0 0 54 74 77 255 255 137 163 255 49 195 213 255 106 26 18 86 148 43
    79 255 255 174 0 46 0 255 55 255 208 244 41 68 0 255 255 231 14 0 29
    0 207 255 199 185 190 151 100 255 92 120 236 107 209 0 255 255 192
    70 0 0 0 255 0 51 85 0 60 0 242 255 201 8 203 54 44 255 255 0 255
    253 73 130 90 0 159 135 0 135 173 255 10 244 93 134 89 255 93 144
    218 236 27 148 0 108 0 190 124 18 216 12 206 0 237 255 0 19 231 253
    158 51 206 0 228 238 255 37 123 164 31 196 255 188 0 98 255 0 216
    231 71 235 255 0 0 255 0 175 0 0 236 104 0 195 29 255 21 0 250 243 4
    67 0 175 60 34 218 125 255 199 236 48 5 46 0 51 0 22 0 233 155 125
    160 105 35 174 184 39 144 0 228 255 255 255 0 223 235 72 255 238 0
    20 144 190 47 181 0 159 206 255 44 255 168 0 87 128 148 213 59 16 72
    255 115 183 255 0 67 213 255 107 98 231 255 194 62 44 178 0 149 22 0
    254 63 141 128 255 89 255 53 71 255 0 0 189 0 52 175 255 250 255 213
    82 225 95 14 0 245 0 23 0 66 0 228 48 232 255 29 0 179 88 0 23 255
    64 129 0 31 158 255 236 220 172 195 146 132 74 248 11 255 0 108 0 11
    0 161 0 182 205 85 97 0 49 0 165 185 154 255 36 0 133 41 191 255 134
    255 183 93 212 119 0 22 156 255 0 0 162 32 0 91 221 0 213 0 98 41 0
    213 70 65 152 5 210 83 208 229 75 24 0 70 0 6 248 0 255 219 192 48
    255 16 230 120 110 3 139 175 185 205 255 207 0 202 255 176 126 44 0
    225 227 126 0 0 75 255 255 77 220 0 0 0 0 0 75 255 255 0 248 159 215
    15 1 255 0 175 123 0 227 255 44 0 216 255 27 34 255 87 255 206 12 30
    0 62 50 93 65 109 0 63 0 59 0 255 163 0 0 0 194 209 0 71 234 168 255
    255 101 248 0 24 174 147 255 78 97 255 243 189 255 165 0 255 0 255
    182 111 194 148 144 255 50 0 0 67 255 28 55 155 243 179 253 25 183
    248 86 181 75 255 255 112 0 33 255 96 186 89 56 219 255 158 0 255
    216 185 246 19 87 222 60 25 97 0 0 201 117 11 82 60 75 198 255 162
    27 214 55 66 255 3 250 218 67 255 22 0 225 37 170 127 0 98 0 0 77 0
    29 0 185 153 24 0 231 255 165 46 181 0 235 109 105 53 254 60 172 112
    58 0 23 30 0 0 93 147 0 78 82 47 254 0 117 140 168 156 129 21 213
    238 168 169 41 106 178 119 74 134 0 196 255 206 0 255 216 76 0 127
    255 64 139 97 104 236 113 232 73 72 31 255 69 249 0 14 119 255 25 0
    0 104 156 255 197 0 86 0 0 255 0 124 101 16 224 223 0 255 40 225 0
    61 0 189 226 109 142 44 0 90 41 255 33 50 0 0 122 12 0 131 100 210
    255 255 240 131 255 67 255 240 116 99 255 255 0 230 214 69 151 255
    94 8 62 211 7 195 235 0 138 25 152 255 88 174 244 7 255 56 118 137
    119 62 255 206 126 67 233 174 37 221 255 185 125 46 82 0 61 255 167
    255 126 135 255 129 103 0 153 16 255 0 72 58 232 238 20 225 45 238
    165 132 188 0 85 152 34 0 65 82 255 51 255 16 0 0 0 189 255 152 0 34
    0 188 255 0 25 47 255 244 29 255 255 221 255 108 183 0 66 78 47 250
    0 0 255 227 198 255 190 72 255 87 181 124 154 49 167 104 255 140 180
    236 255 0 89 212 118 155 0 174 223 195 255 255 241 243 107 255 62 45
    0 0 154 130 0 167 25 89 0 25 255 237 0 231 222 80 234 40 224 38 77
    191 59 203 163 93 137 0 242 17 0 194 0 81 0 68 45 95 0 162 40 87 244
    210 255 167 231 228 0 0 94 0 0 27 35 91 223 252 0 129 255 54 23 81
    255 188 255 242 141 255 19 19 191 0 10 193 184 0 247 128 55 159 204
    6 81 0 158 55 0 165 141 255 26 142 168 0 154 106 255 255 255 119 227
    125 237 34 68 255 0 0 227 0 137 110 32 0 150 113 131 78 91 192 114
    80 255 204 255 255 94 41 78 227 0 164 208 0 0 240 69 255 89 34 37
    152 0 0 255 182 184 255 252 223 217 255 255 255 195 0 0 90 0 164 255
    43 255 0 32 231 2 44 0 136 245 131 65 255 166 0 49 63 96 151 163 0
    170 66 6 191 206 254 176 11 0 220 187 204 255 156 146 255 0 182 152
    184 71 255 255 191 67 0 87 0 197 244 0 90 255 203 0 0 79 255 255 61
    39 47 0 255 30 11 255 202 252 235 255 255 230 88 0 136 207 0 208 241
    51 247 255 149 166 255 108 203 59 83 47 0 250 0 255 255 0 255 199
    255 0 197 162 197 80 0 113 195 255 192 255 116 239 67 176 255 2 181
    255 215 255 165 192 101 0 255 255 136 59 0 229 255 53 255 64 22 140
    200 150 0 44 255 255 76 186 255 255 103 217 255 101 247 255 178 0 44
    43 255 48 0 82 208 155 255 112 255 0 255 0 0 0 14 0 152 0 0 0 51 72
    199 94 211 255 75 0 89 255 254 0 0 146 221 245 2 199 255 0 0 241 0 0
    197 114 189 63 15 211 230 255 223 255 243 0 255 14 152 0 0 148 140
    79 102 50 203 255 191 66 20 255 38 27 36 224 0 215 0 79 12 238 168 0
    74 35 113 195 180 0 155 148 9 233 200 110 241 199 255 216 219 18 0
    255 205 0 0 255 255 139 206 94 255 0 0 0 0 64 64 255 45 255 255 126
    255 0 44 0 255 17 0 252 80 255 26 206 59 0 255 112 255 0 255 115 255
    177 164 0 214 35 205 80 255 90 206 253 31 84 136 229 255 210 247 255
    72 14 0 0 255 48 79 146 207 255 0 215 214 245 255 63 40 245 235 142
    163 0 106 255 102 136 240 142 145 0 254 235 47 166 94 188 253 255
    130 205 136 97 80 255 255 254 255 36 0 38 59 255 0 65 178 5 119 0 0
    235 255 23 0 2 22 195 0 92 0 48 0 255 0 141 47 0 132 0 85 178 126 0
    255 255 0 81 43 2 0 0 82 0 143 135 255 255 255 255 19 68 187 255 242
    169 189 169 132 0 14 255 0 255 31 154 94 70 100 31 0 255 161 222 255
    64 0 80 94 0 0 44 149 183 169 244 111 188 12 255 244 212 0 0 227 255
    242 255 0 178 16 135 11 34 0 255 239 105 252 242 255 180 189 255 236
    0 229 238 238 159 192 115 255 113 167 66 255 214 0 141 13 0 49 255
    82 0 0 204 27 255 26 144 0 117 215 80 89 255 255 184 0 0 221 67 17
    82 27 41 0 230 2 255 255 0 255 247 0 111 20 35 17 61 174 0 255 81 0
    255 255 143 97 120 199 252 177 155 109 255 241 153 74 67 255 15 102
    255 255 182 255 0 240 1 0 14 255 0 253 145 120 246 255 154 30 255
    248 111 168 200 255 48 15 255 174 136 255 25 255 255 0 92 0 158 33
    37 209 0 0 170 229 77 20 58 255 205 149 193 153 75 255 255 39 100
    176 25 0 252 194 115 181 255 0 255 195 0 0 162 226 73 255 255 93 214
    141 0 132 255 141 42 97 246 181 12 150 133 122 77 0 255 199 237 255
    107 43 254 0 23 157 147 255 0 0 255 175 28 91 146 113 0 49 0 26 255
    255 21 113 237 77 0 0 32 132 77 161 99 62 61 146 15 255 222 234 239
    241 91 0 0 46 0 0 135 228 255 54 105 0 219 251 171 114 18 228 82 255
    27 0 255 0 0 192 88 0 122 0 127 0 190 251 0 120 215 255 74 255 148
    244 89 154 248 0 129 0 255 0 255 22 120 145 177 0 248 255 255 134 0
    120 0 191 255 215 135 90 206 255 248 92 60 0 170 176 182 21 241 0
    114 0 255 255 255 207 255 255 0 84 115 0 178 63 124 168 0 254 136
    106 61 145 253 255 255 255 0 255 42 0 77 0 99 213 66 59 25 213 255
    246 255 255 0 50 149 93 160 168 0 255 72 6 94 255 1 178 224 0 200
    255 161 42 192 0 255 18 44 86 191 33 255 255 58 142 90 166 219 93 93
    0 94 169 72 255 244 170 31 29 0 136 0 116 121 163 92 0 225 221 0 247
    255 41 34 189 238 255 255 255 233 0 0 247 0 0 155 90 68 0 3 243 252
    67 33 255 0 225 24 160 255 0 255 251 255 99 114 245 0 197 0 224 5 0
    0 39 0 0 255 200 0 0 191 166 4 91 111 255 255 247 255 158 45 214 255
    255 121 162 84 118 255 0 21 118 191 143 157 255 180 23 15 112 255 6
    24 14 38 66 23 217 191 151 201 22 255 62 91 0 74 162 147 255 0 0 163
    0 62 200 128 29 217 99 0 130 212 255 233 110 80 0 98 255 0 200 136
    152 0 69 0 254 151 235 116 136 138 255 251 13 125 210 0 239 212 4 0
    7 98 16 0 0 0 27 255 60 0 230 224 0 0 242 255 0 31 61 7 13 255 0 10
    149 255 111 234 33 130 119 216 18 137 0 0 0 255 0 242 156 0 21 55
    255 0 35 20 236 255 0 66 73 28 25 0 0 0 3 0 255 192 79 16 161 21 155
    44 0 0 0 229 179 0 255 31 45 250 0 35 29 142 137 234 240 239 21 255
    0 0 255 0 0 126 255 0 255 255 0 86 255 255 204 255 0 0 0 108 227 164
    231 198 176 66 255 0 97 92 1 81 0 0 215 0 47 255 207 140 172 101 248
    143 208 0 0 255 255 99 0 180 122 220 13 0 255 202 170 255 255 255 54
    203 242 0 81 25 0 199 79 93 222 216 62 54 171 232 0 0 0 78 229 110
    243 190 33 241 159 199 0 148 0 1 219 151 163 0 173 161 0 252 255 136
    206 75 159 37 201 177 158 0 255 192 0 255 166 38 81 0 0 60 88 250 0
    255 255 248 238 255 0 225 95 37 255 173 122 0 233 28 196 0 245 162
    138 194 137 0 113 255 0 0 69 84 137 126 51 107 241 3 57 195 0 0 255
    219 158 26 48 254 19 255 0 0 255 73 83 195 182 153 223 164 255 52
    173 72 221 96 0 183 126 64 197 255 0 255 255 187 12 85 98 255 0 78
    255 180 255 213 255 40 0 72 255 255 33 255 214 0 255 84 48 255 209
    54 255 66 0 102 0 101 167 32 0 217 0 93 233 87 163 255 0 114 255 0 3
    0 255 87 20 75 36 0 160 255 188 255 255 0 130 0 0 155 0 0 0 73 237
    120 140 175 147 210 0 246 107 48 37 193 113 255 132 192 181 153 0
    255 57 255 0 226 76 216 84 0 255 0 167 0 60 34 255 0 108 5 43 49 130
    111 189 170 102 63 121 3 194 166 0 4 243 0 0 122 255 176 45 29 25
    249 0 194 143 100 108 45 184 0 66 75 175 58 147 218 52 0 70 255 66 0
    255 0 95 0 0 63 38 75 6 228 5 142 229 3 255 255 140 53 255 178 255
    181 93 156 200 255 177 0 232 94 169 255 4 1 18 145 130 25 121 235
    222 255 36 0 10 0 100 133 86 255 241 224 204 255 109 0 255 68 255 60
    209 0 25 216 0 162 254 255 38 158 255 0 117 147 255 153 11 255 0 84
    14 49 71 239 71 250 255 249 206 255 65 255 33 114 86 255 0 229 193 0
    58 51 138 255 190 126 39 255 255 88 255 0 221 185 95 0 23 255 210 52
    255 255 133 49 186 0 199 255 255 255 79 255 94 170 189 83 255 255 0
    252 215 0 137 255 255 144 68 236 255 61 0 255 21 194 202 8 165 153
    44 255 0 107 255 159 154 3 175 0 0 0 246 213 245 186 146 0 66 38 0
    255 239 255 255 75 186 214 0 0 229 67 13 0 216 57 116 91 0 217 0 75
    74 193 0 255 255 0 255 217 124 195 158 0 60 151 147 255 255 181 0
    255 140 0 0 255 0 21 255 37 243 255 135 27 166 255 0 0 212 0 0 113
    255 0 0 255 255 252 60 72 97 45 140 255 11 15 134 48 108 147 0 64
    138 255 162 0 0 0 255 0 0 194 70 175 210 0 255 255 28 255 161 238
    107 255 113 38 0 25 125 255 0 255 53 0 61 179 80 179 190 0 255 154
    181 0 0 239 157 255 199 91 1 255 202 255 152 22 233 55 216 1 16 15
    129 178 79 255 192 200 170 116 255 67 7 0 0 198 40 226 54 0 58 190
    227 144 7 128 51 121 255 255 114 49 0 246 84 56 255 198 0 114 255 0
    168 74 53 255 216 115 65 159 178 0 17 59 0 0 174 229 2 76 255 255
    189 255 126 110 0 132 49 79 136 245 251 43 110 0 218 188 186 255 11
    180 55 214 147 171 255 0 0 75 0 254 0 255 68 0 157 102 0 63 255 255
    96 225 187 255 205 117 255 81 0 107 17 0 0 161 255 225 0 58 71 178
    255 171 0 112 116 223 192 24 134 206 0 0 225 255 128 0 218 255 0 204
    0 0 239 213 237 236 0 8 255 255 0 33 255 5 0 87 239 218 0 6 255 77
    66 119 134 163 55 0 255 173 159 191 64 133 198 182 179 183 0 255 255
    0 23 255 250 105 172 37 27 255 171 11 35 0 0 255 0 255 0 255 163 172
    163 3 70 15 255 128 0 49 0 216 194 40 0 255 147 13 255 5 103 12 229
    131 255 0 57 255 255 231 255 178 55 0 0 90 37 0 255 255 60 38 0 162
    56 255 186 116 108 233 0 0 151 255 173 255 29 255 29 224 0 116 40
    207 168 4 0 0 255 99 79 255 255 255 255 221 0 207 0 205 174 0 21 207
    194 255 149 236 95 255 25 22 0 255 0 0 255 189 255 133 61 13 0 255
    176 133 255 232 0 138 0 127 255 227 255 98 203 196 0 212 82 135 178
    0 153 159 255 180 239 149 0 243 127 75 254 0 203 114 157 255 11 161
    0 91 97 198 156 101 120 0 234 123 0 255 190 131 75 128 160 21 0 255
    0 94 0 151 223 22 192 37 73 0 61 39 0 91 255 209 254 255 255 99 0 61
    76 80 131 96 41 0 180 87 255 123 203 12 0 39 0 103 153 255 0 223 255
    41 0 48 0 21 0 0 0 0 78 133 62 100 219 67 0 255 255 255 109 1 0 0 72
    255 252 218 136 230 207 80 23 0 12 0 0 255 231 157 195 35 88 75 255
    0 183 66 255 0 21 255 0 5 97 0 0 120 89 216 136 69 255 129 180 118
    168 255 0 255 40 59 22 255 191 100 56 0 194 144 131 175 255 0 255
    255 0 194 255 0 0 78 0 223 65 235 252 58 255 62 255 170 36 3 53 68
    110 133 255 255 204 71 255 52 255 255 65 147 0 255 0 18 0 77 0 255
    32 72 255 0 31 0 133 255 225 0 0 255 52 94 255 47 0 78 118 239 255
    178 0 231 51 0 0 115 72 19 221 255 137 0 255 0 174 25 227 27 97 69 0
    61 68 0 0 228 0 45 81 129 119 135 181 204 218 0 220 190 21 255 173
    91 97 52 24 0 177 193 189 94 0 223 241 234 0 60 12 255 0 148 244 103
    255 0 199 58 248 0 0 157 223 150 97 0 0 105 158 211 255 40 199 246
    68 182 255 205 0 1 211 0 255 111 255 0 230 129 0 74 255 143 0 55 63
    207 3 34 162 0 255 0 12 255 255 112 255 227 0 255 0 0 29 234 197 83
    0 11 144 0 82 255 255 222 171 0 144 202 108 95 174 255 146 63 173 66
    68 255 0 0 254 49 105 166 9 0 0 226 152 38 216 0 189 0 126 156 31 8
    102 0 255 12 255 223 0 48 138 22 0 255 0 123 255 94 88 18 139 0 78
    149 255 156 117 124 28 73 186 0 255 69 54 247 78 145 65 179 99 110 0
    0 82 213 255 35 16 238 194 0 67 122 199 30 255 51 255 255 177 22 255
    255 105 255 99 136 111 66 255 196 255 255 255 255 216 0 255 52 158
    232 74 148 133 67 0 254 70 18 36 199 39 223 240 0 139 70 162 84 8 6
    255 0 152 0 0 90 182 0 169 255 255 0 232 255 23 33 183 255 51 234
    110 201 62 106 122 188 137 255 0 234 8 214 0 0 5 17 0 0 155 124 0
    255 242 46 90 54 223 255 255 145 255 64 255 166 227 135 0 245 219 54
    255 0 73 208 255 160 0 40 155 255 142 108 52 211 255 138 163 179 255
    36 0 0 13 255 119 173 213 255 15 0 111 212 60 160 255 16 128 7 30
    255 205 255 232 102 0 125 166 121 134 255 255 255 179 148 13 255 116
    0 0 255 0 62 255 255 0 0 0 255 8 0 209 253 251 255 48 255 255 70 41
    0 209 147 255 188 220 255 35 101 69 152 8 92 118 40 180 0 158 80 255
    167 171 255 245 183 23 31 89 89 86 205 213 149 232 0 255 41 169 34
    109 113 183 167 0 78 40 255 242 145 255 146 145 255 29 85 8 255 255
    191 47 122 74 0 106 255 255 195 139 104 255 21 0 44 0 255 134 0 254
    255 255 53 24 255 125 247 0 211 136 3 0 229 0 192 243 12 255 0 0 50
    30 36 255 120 0 249 234 60 86 90 39 153 148 116 122 255 255 255 119
    83 0 0 195 232 80 50 157 255 214 42 70 175 240 33 130 0 200 240 123
    194 123 0 0 255 70 0 0 0 0 0 103 255 0 255 255 245 0 92 255 217 203
    71 73 211 255 9 255 88 0 22 195 50 255 185 255 3 255 52 242 255 222
    0 112 0 48 0 255 249 255 2 0 104 218 13 24 0 181 255 255 208 198 97
    151 193 0 117 176 250 255 0 251 255 0 189 157 255 0 0 255 41 202 128
    251 174 22 176 22 111 30 21 148 175 232 184 41 255 0 0 105 255 0 0 0
    109 225 200 218 0 209 2 170 25 23 167 137 3 174 0 9 222 167 236 6
    208 109 23 0 27 59 146 255 255 40 141 0 86 0 47 255 46 0 237 127 255
    255 255 255 83 131 156 255 0 166 0 214 32 143 120 72 238 245 18 255
    68 159 255 236 83 0 156 134 2 91 103 255 0 0 236 107 241 213 170 255
    178 85 230 95 60 172 0 255 148 144 113 0 125 255 18 0 141 66 0 0 0
    219 0 211 73 104 89 199 86 141 255 255 255 255 201 73 0 0 244 147 57
    129 100 0 0 69 140 0 255 194 0 74 0 18 130 255 199 95 0 61 102 81 0
    185 255 234 80 22 255 0 107 226 0 182 28 233 249 201 203 215 255 248
    115 160 12 9 141 0 125 255 255 0 255 194 0 0 0 255 226 0 52 150 201
    0 254 206 225 29 93 36 0 0 151 0 234 255 31 114 255 104 211 64 255
    255 21 13 255 207 40 255 131 199 239 255 0 156 255 0 192 124 143 77
    255 45 135 255 110 121 255 40 255 5 132 255 255 255 156 255 255 0
    255 143 217 243 0 255 0 255 255 41 27 17 0 59 33 0 0 0 255 0 115 255
    0 133 239 12 85 240 255 166 24 240 60 255 175 161 13 179 227 136 0
    29 71 0 196 221 114 147 255 48 236 255 71 248 255 206 0 102 255 88
    255 106 248 242 255 255 221 255 87 255 0 255 232 255 6 200 122 249
    231 223 158 62 68 161 255 103 0 77 0 255 38 0 255 219 0 0 51 255 0
    165 255 243 0 125 49 59 223 0 255 0 255 226 255 155 72 255 9 142 130
    255 255 255 0 82 0 140 200 255 31 210 157 223 59 237 131 68 130 219
    149 0 142 181 114 0 107 95 176 240 69 255 161 8 255 75 83 237 108
    255 193 255 102 63 255 255 103 249 78 0 234 255 66 73 173 0 0 182
    157 120 76 202 0 162 0 0 72 102 240 131 22 255 26 165 111 87 0 0 0
    255 154 0 0 246 48 0 37 64 114 255 37 55 28 255 255 0 211 180 184 28
    0 255 228 232 94 237 95 214 169 144 255 210 225 103 255 134 212 0
    255 0 0 234 11 65 0 0 255 86 83 255 249 108 36 189 60 0 8 255 0 0 50
    210 255 56 151 0 0 185 27 34 0 20 217 176 204 92 91 145 255 0 96 0
    255 255 156 28 82 235 90 255 0 72 255 255 120 255 176 112 116 195 76
    107 255 176 84 211 47 61 80 255 128 255 0 45 0 255 44 0 76 87 206
    255 49 147 0 0 240 225 0 62 89 157 255 213 52 175 217 124 17 93 211
    93 255 65 0 0 253 191 6 255 255 143 189 113 0 0 39 1 133 76 193 112
    145 74 246 0 111 255 157 255 255 255 11 53 84 0 199 255 255 255 64
    11 16 0 190 88 255 255 212 0 202 213 32 146 0 0 0 179 0 0 222 13 255
    186 240 24 0 255 29 255 255 93 255 0 185 60 104 162 255 255 0 0 255
    48 0 138 32 112 255 41 6 205 0 198 133 0 255 240 0 125 245 255 131 0
    79 130 109 88 151 117 255 85 100 255 0 183 30 129 212 37 146 242 0
    255 255 0 85 157 255 0 214 59 131 135 230 0 0 255 87 0 207 219 0 0
    126 18 52 255 255 0 52 92 97 255 55 255 96 255 1 227 255 255 0 0 0
    194 20 24 253 211 255 236 255 255 255 221 117 90 255 255 0 207 36
    209 48 255 255 0 255 117 198 255 180 0 0 255 65 20 88 58 0 185 119
    255 175 0 255 53 47 71 0 0 7 51 0 12 58 145 59 221 0 255 63 123 65
    255 213 61 245 148 255 178 98 84 67 0 10 189 0 159 0 0 23 179 209
    146 255 218 0 255 0 0 206 0 242 52 168 178 160 80 52 39 120 125 255
    0 0 40 130 233 115 180 233 227 0 229 0 245 255 124 177 61 255 0 58
    251 0 221 154 157 164 222 0 0 255 202 66 0 255 177 255 194 50 0 204
    27 0 95 186 143 173 21 32 0 91 246 16 140 182 217 255 224 223 66 26
    229 62 144 117 255 255 101 110 255 120 0 130 159 48 202 255 146 3 41
    0 170 66 45 130 46 201 255 95 0 237 48 189 252 34 141 250 124 255 56
    98 155 148 255 23 183 99 212 0 125 255 0 0 255 207 255 0 90 0 223
    120 59 0 92 255 180 219 226 25 18 0 129 191 144 255 101 137 29 60 0
    8 255 118 255 145 152 81 2 215 255 0 74 220 165 103 79 101 0 206 151
    41 133 172 0 54 139 255 228 34 104 36 255 67 0 168 255 188 255 255
    82 255 255 0 255 255 255 165 94 0 255 255 0 127 0 255 255 33 255 11
    255 187 171 109 223 255 79 189 116 232 0 255 48 255 35 46 20 150 220
    0 55 132 51 0 119 255 4 0 32 218 0 62 230 163 0 0 21 255 120 77 195
    255 141 0 0 151 0 0 83 255 0 151 255 84 0 40 255 12 0 255 255 82 0 0
    0 22 200 255 0 244 153 8 255 88 135 9 0 255 232 44 0 71 119 135 0 77
    255 66 82 255 0 0 255 249 0 255 48 46 0 214 255 129 21 247 0 157 186
    255 0 219 193 105 103 0 108 255 255 160 7 61 254 166 41 0 185 8 229
    255 255 63 198 220 119 177 255 78 11 9 0 255 187 127 45 188 255 90 0
    237 76 130 115 255 0 7 255 0 255 253 208 218 219 184 0 91 188 153
    255 173 255 57 37 184 219 255 203 255 151 138 0 29 229 255 0 255 169
    244 48 177 171 0 117 237 232 143 0 255 214 255 58 139 247 112 255 0
    192 157 255 28 115 174 255 193 0 0 4 45 0 112 0 195 230 0 124 168 25
    255 0 34 0 0 0 148 110 202 255 173 44 151 255 170 142 118 129 0 140
    15 118 0 255 117 110 213 0 205 183 106 0 69 95 145 241 0 158 64 255
    171 6 180 77 140 35 173 0 0 255 0 29 255 255 78 162 81 117 255 139
    120 255 0 188 167 251 233 0 0 121 97 255 67 0 232 209 0 197 255 0 13
    155 36 120 179 255 52 29 39 214 64 205 165 255 223 255 226 119 54
    255 103 59 26 0 142 0 72 127 0 202 255 225 68 128 198 169 89 170 201
    247 78 255 245 57 255 76 182 23 255 146 100 169 0 0 226 186 0 0 83
    112 0 32 23 0 61 0 147 0 63 151 130 126 234 255 63 0 16 215 112 91
    218 0 63 255 255 50 255 255 73 255 0 8 74 210 254 255 255 136 186
    255 255 0 255 108 233 90 255 254 255 0 255 255 139 173 0 192 31 65
    37 236 0 6 0 18 0 180 186 110 237 83 94 0 23 128 244 106 0 255 87 0
    255 196 150 0 0 7 241 0 255 0 51 16 252 255 255 236 132 0 0 25 255 0
    188 81 56 0 64 127 44 0 241 196 130 0 0 46 255 0 227 255 0 78 251 0
    0 128 255 176 0 69 154 163 11 203 225 243 255 255 255 137 159 157
    255 251 0 69 241 31 123 90 255 25 0 96 28 255 0 1 90 79 255 115 0 0
    0 151 255 13 21 250 241 75 238 111 165 182 245 155 0 116 231 254 51
    60 0 169 255 209 69 255 41 100 37 255 49 255 56 0 0 56 69 0 102 255
    10 25 160 116 0 255 255 0 149 111 1 75 0 152 0 178 235 0 57 169 248
    0 141 153 255 157 60 38 208 252 0 0 116 0 158 69 77 174 255 0 0 255
    235 17 0 32 255 149 77 112 103 0 114 0 0 0 126 136 65 193 248 255 0
    152 255 242 0 111 227 183 0 171 0 9 0 255 177 93 255 255 250 174 0
    30 20 214 113 0 255 246 253 194 210 0 202 0 255 217 131 194 255 0
    255 40 255 255 249 0 129 201 105 122 0 255 255 255 88 0 189 84 68 58
    167 0 255 255 227 140 176 255 255 17 27 107 68 182 252 132 1 77 247
    0 139 166 213 46 255 0 255 0 0 255 73 0 255 0 188 227 0 189 0 255 94
    50 0 123 192 39 174 0 115 31 0 115 9 218 255 253 208 0 0 254 48 255
    115 122 0 255 255 19 127 124 0 236 255 33 196 255 201 0 140 148 255
    0 0 171 182 253 46 255 218 105 9 236 216 255 70 245 0 169 135 0 0 0
    57 68 77 114 4 129 70 0 219 115 232 20 255 60 164 11 6 0 220 255 255
    185 14 255 222 0 255 191 211 229 0 0 246 142 255 255 114 255 34 28
    148 225 179 0 255 208 60 255 0 255 100 176 92 7 180 255 255 2 0 222
    251 132 221 255 85 0 255 255 208 0 37 29 170 220 76 0 80 190 21 245
    78 247 255 13 110 255 171 255 0 0 155 255 255 33 102 150 163 237 177
    114 151 215 255 204 47 255 33 16 255 240 18 100 205 217 161 74 255 0
    252 238 216 255 255 255 205 154 0 240 106 0 182 196 255 74 0 243 255
    154 149 179 144 2 0 79 66 255 34 151 74 29 255 255 231 0 59 255 255
    0 255 0 0 174 193 14 146 195 28 255 77 110 255 255 255 0 255 56 219
    195 0 195 0 157 0 255 35 255 169 175 160 133 0 35 146 255 242 255
    163 68 192 234 255 137 54 46 0 188 153 0 255 106 216 6 0 0 116 255
    177 255 196 0 175 102 9 68 0 211 0 37 255 152 0 82 255 0 60 19 255
    65 0 31 0 0 255 255 213 4 16 14 191 49 115 0 255 57 168 62 141 22 0
    211 111 255 78 34 43 111 255 244 40 230 0 132 149 0 255 121 255 69
    78 255 55 255 255 224 176 232 163 255 0 255 85 39 41 0 44 173 245 10
    75 87 175 180 255 0 0 193 255 139 102 78 233 0 88 49 0 242 222 194
    191 247 255 121 0 141 224 255 0 255 124 200 255 18 99 65 8 0 93 255
    4 0 255 9 213 141 0 226 236 0 89 255 255 81 41 255 5 74 0 255 0 67
    239 255 229 0 153 114 41 255 223 108 255 63 212 20 242 114 94 191
    159 0 255 0 0 255 0 0 255 211 226 9 255 255 0 102 255 255 0 0 139 47
    255 13 255 143 0 204 116 126 94 0 255 150 255 103 136 255 255 0 191
    80 154 255 255 0 0 106 0 0 0 4 0 71 255 133 0 255 0 36 8 71 214 0 62
    255 204 78 58 255 96 255 255 79 255 0 30 213 224 212 150 234 0 135
    255 199 185 0 255 228 157 244 95 0 0 255 255 29 143 255 129 0 68 204
    0 36 105 27 233 152 255 231 239 183 94 255 160 32 200 0 205 64 188
    106 0 211 224 198 142 255 174 255 241 228 72 51 137 227 225 108 162
    81 0 255 255 30 95 0 217 205 105 72 17 255 133 27 0 0 255 62 255 255
    221 194 255 255 188 255 0 249 78 36 115 99 192 43 255 255 0 152 0
    184 158 0 255 140 255 0 181 35 20 179 34 194 255 22 8 45 75 0 151
    202 3 169 84 74 243 67 255 255 255 170 255 196 255 174 0 175 92 250
    193 255 255 34 90 0 0 255 157 218 123 255 0 92 255 242 216 44 40 0 0
    154 0 61 61 152 255 136 228 187 0 0 38 148 105 4 255 150 0 255 155
    255 21 32 255 0 10 152 147 24 28 57 192 237 158 255 57 174 0 131 87
    0 109 206 23 254 0 0 0 111 108 255 15 255 142 0 122 255 39 2 226 180
    78 0 73 0 255 66 255 0 176 0 239 131 227 45 238 0 55 0 107 166 108
    255 0 186 51 220 26 34 0 122 247 149 222 149 21 221 176 255 255 221
    212 255 104 255 93 92 123 186 30 252 194 37 30 156 83 184 160 162 17
    80 42 0 172 0 0 255 102 255 27 19 30 64 202 0 4 118 157 0 178 255 0
    0 100 0 34 0 190 133 0 199 224 255 243 0 74 152 0 0 13 65 255 47 255
    255 0 255 210 114 138 82 155 70 0 255 181 0 8 221 0 255 15 210 255
    135 0 41 255 228 255 140 74 0 0 116 18 24 2 66 11 4 242 255 213 255
    255 90 8 164 90 0 73 58 255 0 105 255 108 0 107 77 46 255 0 0 122 71
    0 7 255 0 255 255 34 144 255 255 20 0 91 89 116 0 249 196 118 109 81
    120 0 255 142 197 255 41 137 190 140 133 103 227 82 57 0 183 255 159
    190 116 255 0 168 255 193 64 143 192 0 59 255 0 0 255 255 31 202 88
    0 203 159 47 77 255 13 5 255 255 70 41 255 157 29 0 255 127 254 255
    226 0 53 130 0 22 215 112 34 0 255 218 255 255 0 239 73 143 0 212
    180 0 163 255 142 255 60 185 74 98 255 102 199 234 0 255 205 174 0
    73 0 0 160 146 9 22 18 255 0 24 135 117 255 174 255 111 0 76 183 91
    86 255 255 194 74 255 255 195 9 255 0 78 239 218 0 255 0 161 255 136
    30 3 40 247 104 227 255 85 125 255 1 0 104 218 102 154 251 197 255 2
    31 53 39 219 162 0 18 255 197 153 98 0 0 212 161 0 36 0 255 146 231
    19 64 0 255 120 19 236 255 3 0 235 187 140 153 0 0 43 97 19 255 254
    203 255 235 255 0 255 20 221 253 96 255 184 213 255 207 66 172 32
    223 70 255 0 10 37 133 0 95 149 148 255 56 180 151 147 255 255 23
    194 255 11 255 8 101 255 250 102 212 235 1 144 0 255 22 56 255 236 0
    175 236 19 59 78 0 194 36 0 255 60 211 51 255 255 204 20 0 0 129 46
    255 183 255 0 136 66 93 95 205 229 184 2 255 255 0 251 6 132 255 0
    188 255 184 219 227 0 2 16 106 206 71 170 255 130 0 0 156 192 196
    235 184 6 79 105 56 255 255 0 41 255 211 255 54 255 244 119 255 87
    66 136 215 80 152 82 76 5 9 255 255 0 255 255 211 44 255 143 250 80
    255 212 0 255 170 126 255 78 70 255 186 37 255 56 0 28 70 255 0 0
    204 171 50 0 253 239 212 255 202 198 0 157 194 0 29 192 0 127 164
    206 255 50 125 205 0 205 84 99 242 54 86 0 141 64 254 206 64 3 141
    163 183 0 255 0 98 255 0 255 255 47 255 49 13 237 0 47 162 0 70 0
    255 255 255 180 255 116 11 0 0 0 14 0 7 0 255 255 255 0 255 255 0 71
    69 0 147 231 11 36 222 105 29 0 0 0 36 74 184 36 220 192 118 228 255
    255 238 134 255 27 255 0 198 28 36 175 31 149 184 155 0 255 255 163
    204 5 121 0 202 198 86 86 217 216 169 141 71 185 255 104 0 255 189 0
    5 178 44 128 253 255 211 110 165 0 0 161 22 2 0 0 58 24 108 0 0 25
    77 199 59 192 231 255 255 255 121 0 123 43 198 32 228 217 63 160 187
    220 0 0 39 199 255 236 234 255 3 0 219 217 255 0 104 0 255 255 255
    254 255 191 255 140 65 0 97 7 17 255 228 171 165 255 205 185 255 0
    253 59 255 255 255 38 255 255 189 255 240 255 159 4 255 255 0 66 255
    150 45 37 120 255 54 26 255 172 196 0 136 0 0 255 0 255 174 26 255
    220 178 193 198 141 134 0 34 0 100 190 122 92 116 9 121 255 255 26
    215 149 255 184 0 140 60 255 175 97 255 4 247 0 123 255 88 144 167
    255 0 36 170 64 138 170 163 190 0 0 0 129 189 140 231 0 0 255 0 255
    255 196 44 0 194 230 14 123 3 255 109 177 0 0 255 225 13 53 12 255
    38 56 59 221 228 139 241 232 24 3 206 182 255 0 212 28 0 214 17 0 77
    0 22 183 137 100 0 226 200 0 37 255 64 176 42 53 0 234 250 21 130 1
    13 206 185 0 35 20 255 150 64 255 165 45 0 163 122 247 0 232 207 111
    7 190 0 249 255 193 164 216 24 29 85 31 35 0 54 10 56 255 0 255 0
    151 110 46 222 255 72 255 255 10 255 255 23 23 2 111 36 255 61 40
    223 10 0 226 255 218 82 153 180 0 173 103 164 0 178 32 255 0 196 255
    153 0 0 32 0 99 171 127 255 255 135 0 165 21 42 255 61 255 255 0 255
    75 161 184 10 255 19 208 118 96 215 41 30 134 140 255 76 210 111 255
    36 193 95 162 255 211 250 0 36 17 82 147 238 55 156 0 199 73 227 255
    104 0 160 4 227 24 210 255 255 8 147 149 59 0 255 0 255 58 0 0 147 0
    0 232 255 141 21 255 189 73 136 91 0 0 141 191 255 100 255 210 99
    121 161 0 255 230 255 215 255 121 0 255 0 189 208 81 0 137 111 0 108
    207 255 0 0 101 241 89 5 246 34 240 163 137 111 116 130 195 172 32
    160 101 185 0 194 38 174 255 248 255 255 116 25 143 14 9 43 0 255
    124 0 22 141 170 83 209 66 104 244 121 132 255 148 255 255 73 180
    159 255 87 194 123 0 176 128 63 108 97 180 255 65 156 255 126 158 14
    227 169 119 140 222 178 120 255 255 0 195 70 197 0 195 13 187 0 230
    255 0 95 0 199 125 222 26 242 100 43 83 255 247 204 155 0 0 255 231
    141 173 255 218 20 36 199 168 132 87 0 255 255 55 255 179 35 255 88
    0 49 255 182 157 36 51 234 6 0 186 141 255 204 200 66 57 212 238 255
    0 255 5 0 38 199 170 209 0 0 226 59 32 0 126 0 105 255 40 0 0 18 255
    59 123 0 132 74 70 0 34 147 0 215 0 15 22 0 255 83 205 22 206 119 66
    247 16 255 0 255 255 255 236 255 255 255 0 140 98 19 68 179 255 0 46
    149 255 193 124 215 255 139 134 251 255 115 110 112 253 255 195 0
    255 56 219 0 32 96 201 21 255 220 100 255 56 0 100 21 255 219 12 17
    255 255 126 41 255 58 135 187 0 16 255 155 255 0 195 208 251 246 202
    255 255 208 0 255 81 255 0 255 142 226 13 125 195 255 255 253 0 66
    11 158 122 122 0 25 0 208 0 215 121 0 206 21 255 122 255 255 83 144
    226 245 0 34 0 176 131 0 115 38 135 41 68 255 153 135 158 22 129 255
    0 32 59 142 3 255 86 255 53 251 0 10 198 0 74 124 255 175 202 255 0
    7 223 36 255 35 255 0 124 190 0 159 254 181 148 72 0 94 202 102 72
    89 59 255 0 190 255 17 255 109 20 37 0 224 35 183 115 0 255 0 113 0
    243 255 0 0 255 0 125 28 56 0 255 255 255 61 255 197 97 0 149 0 208
    137 155 255 228 80 100 90 254 0 255 81 255 35 236 255 0 140 0 0 255
    38 234 0 102 248 91 124 19 255 199 0 217 111 202 18 150 174 255 127
    175 0 0 211 50 0 0 33 0 65 48 154 0 155 60 0 207 255 68 255 255 251
    0 255 18 210 255 109 158 255 105 32 255 245 0 25 29 0 0 129 97 194
    221 0 0 244 205 62 54 255 231 80 152 41 0 156 0 255 140 255 0 104
    137 121 242 112 255 141 247 61 15 218 110 82 183 0 85 255 215 212
    108 0 59 0 61 5 0 66 8 29 235 0 52 77 180 248 90 83 104 81 0 79 223
    18 213 176 112 80 36 118 255 134 214 255 255 15 253 198 226 0 0 255
    0 252 0 54 0 171 255 0 255 255 39 0 83 255 4 0 137 164 0 255 0 0 0 0
    28 255 184 122 0 10 135 255 172 26 169 242 255 27 105 255 0 255 94
    163 211 255 130 95 0 171 0 189 252 153 242 101 255 117 12 255 0 61 0
    255 255 119 215 0 255 43 14 219 197 0 194 174 0 92 13 143 104 11 103
    229 0 0 156 253 100 82 255 38 217 10 54 153 133 250 148 209 0 145
    161 159 255 22 10 59 218 0 0 54 255 255 32 23 255 0 15 193 196 255 0
    122 203 1 107 74 204 63 255 255 124 255 255 224 0 0 65 0 255 0 61
    255 42 0 255 0 0 135 84 183 255 3 255 143 98 58 213 220 255 193 13
    33 255 255 207 241 249 156 0 61 216 80 19 48 250 75 255 139 94 255
    36 52 81 255 255 0 70 0 247 67 192 68 255 2 160 0 0 42 0 7 255 193
    255 216 237 255 239 248 113 135 0 104 222 0 182 0 255 204 146 255 0
    208 69 85 255 255 0 0 230 60 0 49 0 231 255 211 25 245 0 0 118 118 0
    0 0 0 129 255 0 0 109 222 104 198 153 156 103 255 122 32 226 255 23
    29 141 186 126 161 106 203 179 102 255 255 16 131 158 185 205 115
    122 31 15 83 213 255 130 255 105 133 136 166 0 255 255 142 255 0 85
    224 253 255 212 255 41 247 122 57 166 112 231 253 0 58 255 5 0 0 255
    0 181 169 15 3 13 212 69 109 255 219 241 76 143 38 195 0 0 35 255
    202 106 132 27 250 0 255 183 0 129 0 0 0 83 168 159 0 255 0 84 0 10
    147 255 99 255 53 192 0 198 0 18 189 255 213 147 255 255 255 254 141
    255 58 202 255 178 52 239 227 170 0 32 75 122 255 183 164 165 185
    255 243 10 24 0 0 125 169 122 255 18 153 130 43 0 133 0 0 0 108 0 0
    243 217 0 0 255 18 185 142 0 132 0 234 0 147 213 255 6 0 131 243 243
    0 6 0 116 35 255 96 255 131 255 19 219 182 199 0 20 255 0 38 0 233
    255 220 0 0 39 255 51 255 229 255 0 0 255 255 151 41 86 35 118 47
    107 80 86 0 74 115 156 0 255 26 30 187 255 39 157 155 255 255 90 177
    132 255 0 255 165 110 138 95 9 93 218 0 0 98 205 41 107 43 33 255
    255 161 245 255 134 96 242 255 255 255 182 253 110 0 215 249 134 255
    138 254 0 186 125 0 40 50 130 255 119 29 50 167 166 38 140 249 255
    190 27 116 0 128 255 51 250 14 85 36 250 0 242 66 208 204 0 208 20 0
    251 71 8 114 255 255 187 255 207 244 21 255 0 84 142 215 20 253 255
    255 223 0 99 70 0 224 0 200 0 138 174 0 255 121 122 42 89 0 148 0
    150 0 255 255 254 0 234 170 255 134 0 0 86 255 204 48 255 251 218
    156 255 0 150 255 183 241 251 106 182 0 164 23 82 228 0 255 6 5 0
    131 255 80 236 255 194 76 0 248 186 101 216 19 6 0 255 169 214 34 0
    146 0 0 0 255 157 255 223 255 255 96 255 0 255 255 0 0 39 149 255 0
    18 255 105 214 0 49 236 37 105 153 59 255 80 0 43 34 214 139 29 255
    0 0 220 0 255 255 97 255 0 255 0 56 29 0 26 93 138 244 255 18 64 34
    255 255 137 40 255 167 120 38 207 36 0 0 125 255 0 98 0 167 0 20 0
    123 82 0 192 252 163 255 23 0 255 150 0 194 75 44 255 244 115 246 0
    198 143 0 247 175 27 255 203 215 255 0 4 158 219 0 213 162 174 255
    14 255 208 255 255 134 241 173 255 88 255 178 75 131 210 117 61 127
    134 0 255 61 0 255 192 166 170 255 205 179 255 129 0 217 0 0 119 241
    0 197 163 255 214 28 0 128 0 50 102 14 50 255 137 116 171 255 117
    255 0 237 0 33 255 45 35 255 124 92 210 255 0 147 255 34 0 0 242 190
    9 101 222 19 0 255 39 0 157 168 250 255 11 125 172 108 86 228 0 34 1
    0 2 141 55 255 10 137 255 193 11 170 0 0 0 168 0 143 255 243 231 255
    0 17 0 0 107 93 0 11 98 0 13 144 68 111 36 232 126 255 255 255 111
    197 23 0 112 246 0 87 0 234 255 0 84 208 255 255 255 255 43 255 0
    222 0 142 255 84 0 255 225 255 83 47 115 228 228 0 116 35 47 0 0 187
    121 23 123 104 17 0 255 0 73 242 90 255 255 41 111 109 129 130 61
    255 20 220 39 118 255 148 133 231 188 125 255 173 26 68 255 241 123
    255 120 162 255 137 0 131 154 0 163 44 32 0 0 42 0 75 130 0 187 81
    179 47 157 97 108 43 0 72 127 255 255 255 118 208 124 182 14 104 203
    0 255 77 231 255 221 255 59 181 216 94 39 0 0 182 205 186 56 255 166
    0 7 236 237 243 255 31 0 42 255 0 7 44 0 187 227 76 3 239 0 255 214
    63 61 129 125 243 0 255 255 0 0 0 0 208 51 152 0 219 109 255 255 106
    255 110 208 188 138 150 98 88 180 0 0 0 44 7 0 0 150 24 11 127 153
    131 206 255 0 108 188 239 182 0 196 0 255 0 255 255 236 6 225 123
    151 168 0 255 0 149 185 185 0 28 234 6 9 255 120 206 64 255 11 43
    149 83 0 0 155 112 141 0 3 105 41 255 0 151 140 85 211 255 255 255 0
    169 255 32 238 140 0 201 0 0 2 0 255 0 248 208 24 178 91 33 242 72
    20 255 0 155 224 255 157 0 0 191 0 222 0 255 0 238 0 0 128 52 68 170
    255 0 144 0 170 0 108 192 144 135 56 23 15 193 48 36 223 0 100 255
    25 255 0 155 120 0 0 198 255 64 253 103 73 59 143 224 255 255 0 45
    255 98 247 0 51 6 92 125 220 255 0 255 124 88 74 0 255 111 55 255
    255 22 222 147 206 255 255 104 119 217 248 2 255 0 0 225 208 0 181
    142 255 198 255 17 28 0 255 255 73 36 33 0 0 0 152 4 209 110 152 119
    180 17 191 5 79 255 255 0 65 0 187 67 146 252 126 255 217 52 77 48
    255 230 0 0 248 189 84 143 0 188 231 155 138 104 252 0 36 103 16 158
    122 0 66 255 96 0 255 0 231 147 255 23 11 62 78 0 70 178 255 36 160
    144 217 78 0 255 102 0 236 255 0 112 0 0 62 0 133 14 62 168 255 94
    208 230 36 136 2 149 255 106 50 168 119 46 48 0 63 159 255 111 87 51
    209 59 255 88 57 247 14 0 159 41 245 255 255 218 255 255 255 121 158
    63 130 75 158 224 77 109 46 255 0 0 255 226 13 255 249 70 0 2 197
    255 0 255 183 58 255 255 88 34 12 194 207 212 255 174 255 79 255 199
    167 49 17 244 0 209 53 231 0 89 176 0 0 255 48 234 193 170 255 211
    102 54 0 0 0 44 245 223 255 94 0 151 204 95 112 103 195 0 169 206
    195 145 53 108 42 66 0 162 117 44 63 8 61 0 244 0 1 255 15 10 121 63
    69 255 50 149 237 0 107 198 94 0 255 0 103 144 100 255 64 199 255
    255 255 150 255 255 0 0 255 255 9 89 65 4 133 163 13 109 35 52 215
    71 157 32 255 0 0 255 116 0 0 255 103 0 255 73 236 91 95 255 0 255
    255 192 255 0 15 113 255 180 142 255 19 102 30 255 166 0 157 224 249
    111 110 255 255 32 255 240 117 111 255 152 0 193 0 171 76 129 0 255
    20 255 237 164 255 0 255 255 120 255 255 148 0 162 255 125 255 255 6
    169 106 255 4 136 202 16 248 0 0 0 149 121 208 255 189 24 19 205 177
    104 78 53 115 142 0 246 1 101 161 21 96 108 0 183 0 51 190 255 255
    199 13 62 0 158 240 129 196 207 54 65 59 0 0 255 121 44 53 217 0 0 3
    0 0 0 0 0 255 197 255 0 54 187 255 0 40 255 0 142 159 0 248 255 84
    255 0 19 255 134 198 0 254 246 16 114 98 44 0 140 255 17 14 194 30
    255 0 6 90 51 173 216 46 230 198 213 193 234 78 246 255 75 128 210
    222 0 34 92 143 0 0 163 211 186 175 0 255 232 162 255 221 175 134
    254 40 112 186 239 202 178 205 18 255 12 0 0 229 82 75 9 0 255 233
    186 178 255 71 29 255 255 255 0 77 103 146 157 255 50 117 36 140 255
    164 129 0 255 137 110 185 255 250 0 0 0 80 2 220 110 2 255 0 0 230
    161 152 36 182 160 255 120 0 226 0 20 255 3 0 243 255 219 19 0 255
    252 69 159 153 255 149 68 92 234 0 173 133 211 0 0 104 118 58 170
    155 56 255 255 0 183 131 200 239 0 252 255 160 20 43 62 243 0 255
    255 0 255 100 0 206 255 54 101 201 175 242 0 255 0 81 179 0 17 58
    195 147 0 158 122 67 255 171 255 107 121 241 225 199 74 0 0 221 247
    255 85 62 210 0 0 0 0 83 0 80 234 160 106 4 165 101 218 0 255 106 9
    172 190 34 0 0 0 0 121 182 255 44 182 192 43 236 82 0 0 8 107 5 219
    1 38 255 241 0 0 255 189 218 25 255 87 255 255 0 0 181 109 255 117 0
    196 0 255 42 0 115 186 92 0 102 8 0 80 129 0 11 99 114 0 0 192 4 150
    93 0 12 26 117 76 255 255 149 57 134 210 148 49 107 247 39 112 244
    255 234 170 255 211 0 255 0 0 255 57 95 255 232 0 255 0 239 194 255
    255 163 143 249 0 0 141 0 0 255 170 134 218 255 233 209 38 0 0 0 0 0
    246 172 166 105 43 221 132 80 221 8 138 175 210 255 0 100 0 105 161
    0 0 0 41 233 106 66 0 81 19 253 255 255 86 0 105 1 146 0 168 0 80 0
    78 46 12 255 215 255 43 218 255 164 126 255 201 255 77 72 0 0 216 19
    199 159 103 255 0 0 174 207 18 255 140 0 253 255 255 0 209 216 231
    255 54 12 137 221 1 255 0 243 113 51 67 34 111 37 62 216 69 0 215 0
    135 86 26 8 0 255 255 237 255 209 46 255 138 0 46 12 98 0 231 0 113
    49 91 186 229 224 0 253 255 141 255 0 0 255 0 148 63 0 90 255 0 226
    138 255 149 62 255 155 193 75 130 250 230 154 255 247 202 170 29 157
    0 129 0 197 0 255 0 208 221 0 51 248 255 251 176 226 226 9 0 169 192
    0 255 172 156 0 0 0 104 211 155 87 83 234 116 5 183 114 174 255 243
    76 0 255 140 101 131 255 0 0 0 131 0 0 177 129 200 142 0 28 255 0 38
    255 147 246 214 231 255 33 92 93 244 0 51 239 29 0 185 96 199 135 0
    0 0 17 133 85 0 95 255 107 0 147 0 44 0 255 56 246 111 38 0 148 37
    135 167 252 6 140 142 165 164 86 255 90 148 120 206 243 31 235 252
    215 0 15 0 148 0 255 231 0 0 0 182 124 0 255 0 238 255 81 132 255
    145 236 255 242 64 241 13 0 182 0 179 130 56 197 146 240 203 255 69
    212 255 195 248 255 0 255 210 205 76 0 0 0 9 174 43 0 52 55 147 143
    68 0 255 206 45 14 255 106 249 255 30 0 247 84 66 0 0 0 255 255 184
    0 0 255 170 102 152 0 166 8 255 0 134 0 255 131 153 255 110 32 56 17
    188 220 0 125 255 255 0 0 18 255 0 71 255 83 255 136 255 76 55 154
    197 255 60 113 152 224 149 199 14 203 172 241 40 98 215 214 187 154
    53 255 0 166 140 0 17 0 73 0 0 183 108 175 0 194 0 160 249 255 6 78
    15 93 136 176 255 194 39 60 117 142 0 22 0 5 23 218 255 4 197 64 216
    253 54 255 211 0 127 55 225 22 53 0 0 255 255 7 0 255 48 255 255 189
    188 169 0 255 0 0 25 255 255 158 183 74 255 87 255 176 39 12 217 255
    247 225 35 119 255 0 95 133 0 10 120 242 255 119 255 164 17 255 146
    241 141 255 26 223 114 255 255 16 156 34 253 255 0 255 49 255 255 1
    177 173 137 0 0 88 41 46 194 196 255 211 110 53 47 179 0 93 121 196
    13 255 0 0 0 151 128 0 202 17 113 210 255 255 85 136 255 0 30 220
    198 80 92 222 78 255 38 22 0 230 124 195 162 255 255 150 23 142 48 0
    255 0 196 255 255 157 229 0 255 255 83 0 245 255 63 134 183 205 242
    0 178 24 255 108 255 87 203 0 0 0 116 255 253 255 38 66 89 66 0 49
    233 135 99 255 224 255 15 248 255 255 255 0 255 255 0 134 255 8 129
    255 252 144 132 250 80 0 51 255 244 66 0 255 17 255 26 195 29 184
    110 201 255 184 235 255 72 60 188 89 95 0 104 255 255 141 0 250 158
    0 0 255 255 63 0 0 127 144 150 0 201 19 0 32 86 254 0 133 110 246 50
    255 206 83 205 43 255 226 180 44 217 0 0 158 255 139 38 181 164 0 82
    255 255 212 138 254 119 255 121 112 255 61 141 91 0 77 120 220 108 9
    74 137 205 222 214 255 0 50 255 138 255 168 170 80 218 114 171 0 148
    255 222 109 174 233 0 255 125 0 16 15 0 118 184 41 255 129 53 43 0
    129 172 0 158 117 255 127 196 68 171 227 105 255 242 220 255 255 42
    0 133 255 164 0 78 119 102 14 65 169 191 94 76 109 255 191 240 255
    65 236 194 233 205 0 0 129 108 194 0 0 255 152 0 0 139 0 208 255 96
    255 255 209 255 229 160 255 149 236 89 215 241 202 54 255 255 0 102
    226 173 174 45 255 235 72 255 255 36 0 255 0 163 0 183 173 103 177
    47 255 155 0 226 0 0 46 255 3 0 192 47 0 245 247 255 162 3 206 30 16
    52 74 255 0 0 255 12 255 37 84 255 201 155 255 195 47 255 25 227 246
    255 202 126 173 255 173 0 239 177 74 0 101 255 0 172 44 255 144 255
    34 0 255 237 105 0 254 86 96 103 13 77 105 255 131 14 123 252 231
    119 186 146 213 0 0 255 111 55 255 185 255 0 0 0 196 255 245 28 255
    0 251 12 73 28 59 255 255 151 255 140 149 255 218 0 255 163 179 255
    255 255 255 255 37 0 165 141 47 150 152 23 119 255 185 255 255 0 255
    119 132 107 68 39 0 205 145 255 0 0 44 0 255 241 171 88 246 212 29
    108 33 19 255 77 248 255 37 35 255 69 255 0 177 118 75 255 0 143 227
    171 72 111 157 161 245 0 255 223 255 255 255 195 179 226 99 158 211
    21 97 33 213 185 255 255 255 0 175 183 255 151 135 158 93 0 43 135 3
    0 255 241 251 255 255 255 255 145 0 19 94 0 93 0 135 0 0 72 52 218
    255 0 69 255 197 202 125 241 161 245 67 162 255 255 195 255 227 128
    85 221 232 255 0 201 255 0 214 94 255 80 113 255 128 255 0 255 78 88
    105 107 0 80 255 39 229 216 124 0 56 242 127 2 150 216 255 11 0 0
    106 223 128 255 0 189 76 199 255 50 30 255 255 133 117 255 0 255 211
    0 255 16 98 0 22 200 206 15 0 132 51 0 208 203 160 233 255 152 100
    14 255 39 0 210 255 28 255 65 49 255 200 0 255 129 255 255 102 99 92
    39 0 156 83 0 70 171 255 43 255 35 9 214 0 65 238 215 100 177 0 255
    0 211 200 255 161 109 242 198 112 0 4 6 151 110 116 255 93 255 231
    94 232 11 47 0 255 185 0 133 213 227 122 255 0 197 0 0 0 255 255 0 0
    255 152 0 36 32 0 133 0 0 255 247 19 255 234 240 88 69 255 47 34 56
    177 99 8 0 244 0 164 212 0 0 255 1 30 35 255 197 176 0 116 255 255 0
    179 52 12 255 158 95 255 255 255 7 133 0 90 134 50 0 255 112 83 191
    255 24 180 18 0 36 186 71 0 255 255 0 0 0 255 141 0 255 255 240 215
    248 243 255 60 255 0 46 0 57 0 131 3 34 61 159 176 255 41 255 97 176
    200 0 50 85 166 110 0 41 255 0 51 255 255 92 131 40 143 0 145 255
    167 255 204 213 228 4 167 119 0 164 71 178 9 0 207 245 70 255 246 54
    255 0 255 0 225 115 205 255 235 204 255 96 55 0 255 109 152 24 0 0
    163 0 59 243 226 0 246 65 0 255 255 12 6 0 41 95 11 0 144 163 255
    127 0 199 157 0 0 54 255 255 0 60 255 72 155 207 76 255 255 82 255
    52 96 255 215 48 203 0 2 123 180 59 0 233 255 255 0 255 139 22 103
    255 255 255 35 120 201 0 55 131 0 62 0 84 255 100 172 72 255 54 0
    255 236 255 31 255 19 0 134 232 237 204 0 39 139 207 76 255 162 227
    216 52 255 125 48 0 190 135 0 228 255 255 145 98 0 83 12 187 0 95
    158 0 255 159 50 212 196 141 0 121 125 160 197 190 0 223 191 219 5
    69 12 255 216 0 255 0 22 104 124 0 188 93 255 20 208 0 159 56 142
    120 255 221 0 160 205 116 176 255 54 107 216 194 157 168 123 97 0
    130 24 229 244 205 216 117 189 255 255 241 0 0 0 160 143 129 255 24
    255 255 243 141 33 0 0 255 255 105 230 54 255 0 255 11 141 105 255
    255 255 92 242 0 0 207 255 0 103 255 1 127 0 101 231 163 0 175 127
    250 201 100 255 0 3 87 247 0 78 175 255 248 234 99 255 255 255 206
    255 39 0 0 239 187 147 201 211 255 188 255 115 207 174 255 89 0 3
    255 229 255 255 21 184 154 33 225 95 97 255 0 10 255 106 0 255 213
    208 132 86 7 46 167 54 255 0 22 255 0 170 230 211 247 111 136 255
    202 146 136 0 0 46 0 0 255 107 102 255 61 88 108 158 149 214 0 164
    53 85 210 145 0 0 255 242 29 255 255 255 218 59 39 89 111 142 67 34
    186 101 146 239 255 69 0 0 0 79 255 175 46 255 255 0 24 255 11 0 0
    172 255 230 0 7 0 0 255 239 39 255 121 8 255 220 110 255 112 67 78
    242 0 245 189 185 17 70 153 6 218 228 0 25 88 183 30 21 0 161 209
    197 24 225 255 27 65 100 0 255 0 149 73 253 181 159 241 247 0 105
    235 255 98 128 94 255 0 100 167 0 230 0 118 189 154 0 0 123 118 113
    250 21 52 255 67 0 182 77 255 85 79 39 144 255 43 143 255 0 69 78
    134 54 0 255 223 96 255 121 54 217 34 14 113 255 0 0 255 255 255 0
    174 0 148 255 162 20 0 130 171 15 0 234 198 255 193 99 255 255 16 33
    156 255 0 0 53 30 105 208 163 193 105 161 62 238 16 220 121 223 0
    237 148 255 211 193 255 73 255 92 255 32 149 9 255 255 222 37 0 253
    169 255 0 56 210 166 163 226 217 0 212 38 255 14 255 121 0 0 255 130
    112 201 216 255 255 55 205 181 19 255 255 71 189 101 0 192 45 245
    151 0 44 148 76 238 0 84 6 99 255 148 255 165 252 236 0 98 225 0 65
    255 196 76 255 32 255 136 153 0 255 103 0 205 244 255 0 231 49 255
    255 255 255 0 181 163 0 235 229 0 0 255 250 255 187 179 0 191 226
    167 255 192 51 0 184 255 164 0 0 255 69 157 102 0 56 141 255 248 54
    132 0 233 136 207 0 9 110 255 0 255 0 245 101 111 74 74 255 255 107
    234 162 0 87 120 0 255 110 191 255 0 182 0 242 0 189 62 0 87 0 242
    255 0 233 0 123 188 255 255 106 190 255 255 255 255 189 148 0 216
    105 90 0 0 94 0 229 114 255 0 57 0 96 145 0 139 29 97 0 68 255 129
    255 185 70 117 255 185 223 0 3 128 28 141 77 8 91 128 181 28 155 187
    199 21 137 15 17 38 46 222 0 255 150 51 111 0 11 197 216 2 199 159
    255 0 255 0 255 228 166 0 173 149 179 58 0 255 255 146 176 168 0 236
    0 0 174 0 51 0 255 207 79 255 255 255 9 255 188 39 255 201 7 0 255
    84 212 137 228 181 255 149 62 116 121 84 199 255 180 231 117 0 120
    106 0 139 191 33 151 222 16 255 0 102 255 83 0 244 255 52 211 235
    151 234 18 16 0 211 68 0 255 106 255 228 0 109 255 189 0 222 182 133
    0 6 105 151 95 76 150 101 255 0 0 255 190 15 71 233 255 47 185 0 92
    0 0 211 0 188 0 55 0 167 255 126 109 165 0 255 0 255 255 21 175 0
    255 234 77 0 148 144 147 195 165 242 183 4 0 228 0 229 154 255 255
    255 233 128 245 165 33 43 247 138 0 255 119 0 177 0 204 0 241 45 80
    226 0 79 34 17 63 57 0 255 125 255 63 255 0 179 134 255 101 89 23 0
    121 150 63 18 10 46 201 151 152 1 0 245 30 231 100 0 255 0 91 255
    196 103 255 74 255 107 0 255 255 128 0 243 248 159 0 255 34 218 255
    18 173 113 92 26 244 73 212 50 251 0 130 0 0 0 35 192 0 129 110 206
    255 176 240 177 155 255 0 82 0 93 0 0 255 255 111 255 168 124 255 52
    53 0 144 19 0 231 176 0 0 0 255 0 150 255 255 0 26 255 0 36 0 61 255
    0 255 0 0 0 134 25 255 0 0 53 255 228 255 4 124 0 255 0 169 54 0 255
    0 255 0 25 179 181 54 255 110 133 203 12 195 0 182 157 130 87 255
    176 242 0 217 255 159 193 253 124 0 255 0 205 255 0 255 255 255 0
    162 255 255 255 255 0 1 205 133 38 85 63 238 255 231 250 0 254 255
    255 255 170 116 229 38 173 0 255 180 163 255 144 58 255 201 145 124
    177 253 255 20 151 255 15 173 255 177 13 109 255 153 60 0 165 255
    255 0 255 100 103 255 15 40 59 118 51 0 203 181 21 0 144 255 211 0
    255 143 172 242 159 0 255 197 242 26 188 190 255 207 227 140 15 255
    0 0 54 196 216 27 210 0 255 153 200 180 245 231 103 35 234 53 255
    227 206 160 0 0 0 31 0 204 136 255 209 41 149 202 0 123 152 0 0 66 0
    144 0 225 11 154 53 0 185 255 0 42 223 135 255 210 255 255 182 232
    144 39 255 235 255 131 0 202 94 67 0 129 0 21 255 26 0 1 0 103 252 0
    241 232 255 134 5 255 255 255 74 255 181 145 0 24 0 25 239 1 40 65
    147 255 108 226 0 228 121 102 0 105 0 0 255 255 255 255 72 137 0 255
    255 122 0 222 170 241 145 237 201 255 12 130 0 116 26 19 212 141 255
    38 0 226 225 69 255 103 40 48 57 250 240 247 255 0 166 89 11 255 255
    24 3 121 214 204 0 92 255 255 21 255 228 255 0 244 199 0 255 255 0
    61 25 194 8 169 255 255 255 158 255 0 44 255 77 255 9 219 25 255 255
    0 255 161 49 255 217 0 18 255 72 82 0 29 255 0 255 75 56 9 0 12 27 0
    77 183 255 110 14 84 40 191 81 30 128 255 0 45 236 173 0 156 77 0 15
    64 0 177 0 129 63 219 126 255 255 33 255 255 206 255 176 45 89 71
    255 255 255 255 130 253 168 65 0 0 0 182 161 135 90 255 255 196 0
    147 255 205 117 13 255 56 236 149 67 75 101 0 250 0 182 47 52 0 173
    255 0 2 189 107 0 155 145 255 157 185 53 182 255 197 0 0 203 132 70
    166 0 32 159 106 0 132 0 255 0 25 0 227 29 63 191 17 255 156 236 255
    249 242 255 74 116 108 226 19 207 255 73 151 0 231 255 211 202 0 136
    0 244 51 88 241 255 143 0 142 255 109 6 139 220 255 166 223 255 0 0
    137 235 8 182 128 214 128 5 4 149 255 134 0 135 255 234 158 255 255
    0 0 16 136 99 110 0 89 18 255 0 128 142 136 255 97 99 0 28 122 89
    255 234 198 215 0 94 0 148 0 255 231 255 75 181 88 0 255 0 0 85 237
    72 0 164 255 255 88 195 234 140 170 187 0 0 255 117 21 255 206 0 0 0
    0 174 0 86 255 189 0 156 0 251 125 255 69 21 255 52 98 112 155 247
    86 8 255 0 255 255 255 248 197 0 94 255 0 0 232 77 0 51 180 217 245
    2 84 255 0 88 106 193 0 144 215 0 110 37 234 227 141 211 171 255 97
    255 96 255 245 0 237 209 38 0 69 118 72 172 13 137 207 209 255 91 89
    255 2 53 255 239 216 37 186 1 0 255 27 27 255 255 223 69 0 229 21
    129 0 20 255 106 205 202 192 212 209 255 59 116 35 117 72 147 233
    241 0 53 175 171 0 0 0 137 52 71 255 10 0 255 0 255 173 156 179 166
    243 184 166 243 126 0 92 77 51 255 235 148 255 255 20 255 39 255 105
    42 28 255 0 76 255 158 116 154 255 255 170 84 227 62 233 239 0 0 108
    57 194 87 130 233 168 234 166 28 133 79 255 88 210 237 35 255 6 0 72
    183 255 11 40 0 64 152 119 255 216 109 255 222 206 63 145 49 140 126
    255 92 158 0 0 124 167 255 34 0 180 205 73 189 255 160 0 255 160 108
    255 160 255 121 255 214 219 1 255 112 132 0 221 109 114 102 223 122
    67 9 45 0 174 171 69 190 138 0 68 246 23 240 81 4 95 255 11 0 85 82
    178 12 228 6 11 255 0 0 177 140 93 0 57 255 236 88 255 57 255 165
    150 177 188 135 39 255 0 119 255 17 0 76 0 0 158 39 254 78 255 61
    112 255 12 96 227 250 28 85 255 54 149 0 134 255 255 146 27 54 255
    56 208 193 207 13 118 0 126 25 149 102 18 0 165 155 228 2 101 128 0
    148 205 53 124 77 253 30 255 200 89 165 136 166 0 0 0 136 244 90 11
    122 255 0 75 255 1 79 255 216 0 67 0 61 104 0 221 183 250 98 27 0
    246 0 69 106 237 255 255 17 71 255 72 0 178 105 115 19 100 126 129 0
    0 255 251 56 97 229 255 86 0 0 212 66 255 7 149 255 221 56 148 85 0
    156 181 255 213 167 255 255 180 42 16 255 114 222 0 108 230 194 32
    255 0 213 0 9 108 184 205 255 255 255 180 16 190 97 145 0 137 255 91
    0 144 99 65 119 255 255 0 167 242 4 0 63 132 241 255 0 245 39 106 0
    255 0 0 47 74 107 255 255 234 155 140 131 255 255 255 71 255 58 143
    14 0 20 154 253 255 254 255 0 255 255 175 255 255 130 255 95 89 0
    245 255 103 0 176 255 47 187 0 169 116 36 255 147 41 133 154 0 7 238
    25 213 255 25 255 0 168 0 97 175 255 111 249 255 255 220 255 0 181 0
    255 0 78 163 128 29 104 255 255 172 156 133 230 76 255 207 241 114
    255 222 229 209 255 0 255 200 255 78 26 40 255 255 74 255 0 255 149
    252 163 197 63 6 29 255 42 31 42 255 72 18 0 0 255 222 57 0 189 0 44
    27 177 23 228 113 255 43 17 234 218 92 0 0 39 179 232 0 78 73 152 17
    159 69 0 246 99 158 255 79 59 255 88 255 219 243 95 210 0 108 115
    255 142 0 86 36 127 255 122 71 82 219 218 255 33 255 219 198 81 78
    68 132 0 142 213 124 202 185 59 208 81 253 255 112 0 255 255 0 111
    33 244 171 160 86 192 0 97 0 255 0 171 78 116 171 255 255 130 11 85
    156 0 58 54 255 4 255 221 86 122 229 241 56 112 4 200 255 88 255 106
    0 0 0 62 0 15 255 55 194 186 64 89 82 0 255 141 51 74 76 114 31 199
    255 193 0 250 30 141 255 207 196 138 177 240 0 175 211 112 255 114
    207 125 0 136 0 139 74 160 101 0 165 82 199 18 0 192 0 151 132 29 0
    255 44 250 0 255 205 50 255 84 161 203 190 34 18 220 0 0 246 0 109
    255 141 235 209 255 3 98 153 0 44 198 18 216 34 76 195 255 117 81 0
    255 0 198 255 255 0 147 185 161 170 255 0 0 24 119 0 255 195 0 174
    84 74 79 246 85 48 185 76 35 189 255 146 213 199 74 253 255 149 18
    78 93 58 255 190 184 255 255 18 0 181 97 121 245 255 154 7 255 255
    64 146 255 255 0 0 0 0 0 0 142 173 54 0 162 180 169 255 171 70 222
    230 0 146 255 192 146 0 238 255 196 207 208 255 255 128 165 227 114
    255 235 0 70 44 171 255 246 255 221 255 141 139 0 0 161 0 170 0 37
    11 199 0 237 0 111 117 22 29 0 207 212 0 52 155 165 236 146 161 0 69
    99 0 213 197 217 0 0 0 0 255 21 50 106 231 179 0 107 78 0 255 255 0
    249 169 255 16 255 0 68 255 111 119 133 171 0 111 107 0 255 228 199
    255 5 254 154 162 155 162 144 255 229 255 0 0 40 110 12 194 255 185
    217 14 152 242 255 162 0 139 0 10 116 255 94 59 81 80 0 209 76 234
    11 185 139 86 119 110 213 239 55 0 151 0 95 170 177 255 129 87 255 0
    168 43 0 0 214 111 0 255 134 0 255 199 255 36 255 255 196 216 0 251
    209 19 254 214 199 191 35 0 255 219 214 0 143 255 79 225 0 5 0 115
    255 104 201 0 0 255 234 165 0 53 255 123 194 51 121 209 136 251 0
    197 128 153 231 185 191 210 190 191 106 165 239 87 192 163 0 0 123 0
    244 157 123 255 7 209 0 145 255 155 58 255 0 152 64 97 0 203 83 164
    137 255 255 35 68 0 249 111 26 149 244 0 88 0 255 72 32 118 90 197
    119 97 46 169 53 0 37 215 255 255 255 205 255 170 21 0 255 0 138 99
    20 0 167 46 130 171 255 221 217 86 137 172 166 45 144 133 32 140 47
    255 255 201 160 56 75 219 55 162 255 82 0 99 151 186 56 161 80 68
    161 0 205 0 119 238 0 0 8 234 164 255 0 255 255 99 79 4 191 240 218
    0 219 0 51 5 149 147 40 0 0 116 182 255 69 0 123 126 0 195 50 93 255
    3 21 11 255 3 0 200 194 182 255 255 0 254 245 155 204 247 0 79 175 8
    240 178 129 36 255 255 240 255 0 0 0 134 243 21 6 52 0 95 255 75 164
    0 85 0 190 238 255 255 247 75 246 241 14 14 255 111 171 0 150 95 255
    255 0 27 255 193 31 255 195 254 255 76 0 192 255 127 135 101 50 0
    207 63 0 209 107 8 255 255 33 255 0 0 255 106 16 234 255 243 48 29
    42 18 24 0 154 156 169 0 0 46 40 254 2 50 147 9 0 0 255 194 0 4 72
    255 165 224 95 255 191 194 168 136 189 147 0 99 219 255 0 191 0 118
    193 114 0 65 62 231 255 0 190 125 193 167 211 255 11 152 97 72 56
    234 0 0 255 85 255 255 50 0 255 18 255 10 164 213 54 0 62 118 255
    232 40 180 255 161 0 53 115 217 255 104 166 41 25 50 65 120 0 45 148
    0 127 32 100 0 244 255 208 115 0 255 222 2 98 42 255 255 123 88 89
    255 0 96 71 0 224 255 36 0 123 255 0 0 234 255 218 255 199 142 175
    255 0 0 138 157 154 45 107 65 133 183 182 227 202 255 222 29 0 245
    223 58 255 94 0 38 159 255 255 144 0 255 255 18 249 0 25 37 27 16 43
    12 245 196 251 123 0 69 32 209 0 255 255 0 255 116 243 0 3 15 255 17
    112 51 46 255 164 76 163 0 24 255 194 253 0 124 147 66 255 86 67 176
    255 36 255 219 108 28 213 0 150 154 255 92 118 255 255 249 50 0 69
    154 72 255 193 159 255 38 255 44 230 216 137 255 255 255 255 189 228
    92 203 159 157 255 18 24 168 255 98 255 255 255 75 115 52 255 103
    230 83 103 96 195 0 0 255 0 111 160 86 0 113 3 255 114 23 218 221
    218 90 255 0 244 3 55 0 87 71 255 83 3 255 135 255 225 255 241 176
    238 173 0 0 0 23 88 0 0 171 247 222 0 194 255 225 50 90 158 177 248
    255 249 0 206 5 18 188 237 166 158 118 216 38 28 80 231 247 0 34 59
    64 94 255 255 22 99 147 255 177 20 38 255 0 173 255 45 129 40 51 38
    255 0 80 155 255 255 108 157 255 71 191 137 111 122 140 223 150 114
    23 0 255 255 0 109 0 0 133 255 205 107 227 242 255 153 226 0 17 4 52
    255 149 0 104 30 193 63 247 51 0 255 226 183 255 247 0 0 255 255 228
    0 89 54 255 119 66 69 0 255 0 6 218 208 99 111 165 0 211 0 3 253 231
    132 255 250 166 0 255 64 158 87 53 173 157 47 255 255 177 187 255 15
    139 0 2 97 235 0 21 170 70 0 221 255 0 0 203 122 4 255 150 174 255
    254 255 14 20 113 255 0 250 47 146 145 0 113 0 39 218 161 18 255 0
    208 139 92 232 0 255 0 89 0 160 255 255 0 176 135 129 52 0 0 85 255
    163 99 255 0 244 149 0 0 255 130 0 255 255 81 195 161 0 255 255 255
    0 113 0 254 112 178 255 0 238 76 255 201 255 180 234 133 41 107 255
    255 0 0 194 0 255 108 222 0 255 30 255 3 0 47 0 255 0 140 255 0 0 29
    31 43 255 31 20 81 251 134 113 14 255 149 3 255 0 27 29 138 23 255
    155 255 245 20 175 75 0 177 0 83 0 111 255 213 81 255 51 126 0 202
    168 85 0 0 11 190 83 0 104 98 117 0 17 108 0 255 255 198 124 0 21 0
    220 255 255 141 255 78 92 118 151 0 225 51 226 215 94 3 0 255 63 254
    0 111 255 11 3 255 153 236 0 119 144 0 5 95 93 5 0 147 148 255 22 69
    66 203 11 0 255 0 109 255 48 0 177 0 255 187 34 151 130 55 0 46 0
    138 230 173 0 69 129 74 76 213 255 153 142 76 35 0 85 0 0 83 240 39
    176 128 109 5 124 10 29 255 255 153 0 19 0 249 217 125 146 255 198
    99 99 205 0 255 40 245 0 169 139 11 199 255 60 0 18 163 0 185 53 255
    0 0 22 255 66 49 127 179 209 102 0 56 12 94 0 153 0 6 173 35 158 240
    0 141 83 255 255 13 255 219 255 85 0 124 138 0 15 15 119 0 247 0 1 0
    238 44 47 172 207 9 101 83 253 80 183 5 73 255 32 0 6 91 172 0 66
    193 152 119 0 57 148 124 158 54 225 16 26 215 230 206 48 131 0 179
    255 254 31 102 104 102 14 214 215 4 48 80 255 139 102 176 76 40 0
    193 213 0 255 255 192 0 255 255 0 255 255 49 255 127 226 255 164 214
    195 147 86 255 0 0 40 255 169 12 26 3 0 84 110 227 200 216 0 0 102
    237 48 159 255 82 0 255 0 106 71 0 154 231 255 12 134 255 255 255 86
    255 180 0 148 0 0 255 36 10 250 228 221 99 238 63 0 56 0 166 255 0
    102 0 157 255 0 68 189 18 255 255 255 240 255 1 255 177 0 224 113
    114 50 0 0 75 122 58 0 230 216 65 255 143 144 158 11 53 182 255 10
    112 0 128 243 0 254 0 0 255 107 125 173 153 255 194 75 9 95 0 67 19
    255 193 199 255 198 255 238 179 211 203 106 255 37 39 168 170 0 0
    174 249 238 32 34 255 46 255 218 13 97 107 157 0 0 98 0 14 117 105
    255 174 102 211 190 144 43 107 107 84 10 91 0 182 89 15 255 78 246
    255 243 255 81 0 228 255 255 136 0 245 210 93 0 42 218 33 0 90 188
    109 255 241 63 231 139 211 108 255 161 145 255 157 255 255 255 15 82
    255 12 255 121 205 185 97 255 255 254 235 255 255 59 0 16 146 255
    255 0 147 151 247 255 0 0 0 119 255 136 174 27 55 139 70 255 39 221
    80 255 158 255 187 75 117 42 131 255 165 12 183 235 31 10 255 225 0
    0 0 0 44 204 210 143 0 128 207 64 165 83 70 12 255 117 111 213 167
    192 255 124 205 255 0 110 190 19 255 45 77 0 112 134 0 83 212 169
    255 139 211 44 89 109 198 10 0 255 0 65 23 90 255 78 0 93 0 199 0 25
    0 255 208 31 85 255 9 133 0 0 7 117 62 247 0 0 0 0 0 45 231 0 22 184
    0 164 126 255 244 87 0 246 206 160 0 0 255 209 127 77 255 119 170
    122 255 92 188 255 0 187 255 192 192 196 15 48 79 255 169 47 95 231
    206 54 82 166 105 204 23 207 238 105 132 235 108 30 133 13 255 255
    192 189 215 0 0 176 0 163 131 141 0 0 226 160 183 209 61 255 56 255
    30 255 255 115 103 60 4 193 253 255 255 128 7 161 255 120 0 0 255 22
    133 255 242 58 0 216 182 164 140 255 70 0 216 255 71 2 136 71 231 88
    177 90 193 255 240 59 255 28 144 0 0 0 0 0 164 181 168 255 139 133 0
    234 170 0 136 255 97 173 35 219 215 41 155 90 0 255 255 95 191 196
    98 246 130 125 73 89 255 161 255 107 52 255 44 44 77 255 82 134 247
    166 255 0 25 85 165 0 123 0 231 50 72 38 255 19 0 218 255 242 226
    205 115 0 53 0 86 0 255 2 111 111 62 255 240 218 203 220 0 255 232 0
    224 0 0 255 0 137 66 0 255 0 119 35 132 56 255 255 255 132 0 255 39
    0 159 0 21 194 9 14 11 94 0 233 255 189 0 86 89 6 68 255 0 99 255
    137 255 0 73 142 255 255 0 136 240 252 112 101 100 255 143 4 84 70
    21 0 73 255 143 0 255 33 0 255 83 255 49 0 188 142 181 28 30 248 32
    0 46 0 227 0 47 220 0 79 21 52 0 253 142 255 0 255 21 255 104 207
    139 53 0 153 39 23 214 84 69 227 255 179 81 139 48 99 96 255 254 135
    17 192 255 255 255 255 131 138 67 55 130 255 255 95 123 97 255 0 0
    160 63 97 255 26 4 51 194 198 255 106 131 44 0 0 179 52 176 0 104 35
    224 125 91 193 104 174 51 0 255 0 0 185 130 207 247 81 0 139 0 32
    181 192 119 255 32 130 30 173 164 65 255 0 64 251 214 1 20 0 0 212
    156 0 159 147 187 227 0 91 149 112 0 219 57 79 255 255 255 132 188 0
    0 87 35 255 0 0 208 192 222 76 16 172 233 241 255 25 255 138 178 194
    255 227 234 54 0 67 206 119 59 128 23 148 17 222 85 255 49 240 255
    153 255 230 255 181 166 140 0 0 227 40 99 48 106 174 213 59 0 0 88
    82 120 178 54 241 255 231 46 0 92 9 33 106 166 255 42 25 75 0 50 185
    35 200 198 158 0 120 0 0 0 0 47 0 184 0 52 0 255 16 78 19 172 7 0
    164 255 34 255 116 0 159 241 163 116 184 0 148 216 255 215 56 187
    126 220 161 255 0 29 145 255 225 0 40 19 209 0 9 255 0 255 171 0 255
    0 255 36 232 255 184 79 177 43 120 215 180 42 255 125 0 8 148 255 40
    0 234 0 0 59 0 110 90 0 30 86 152 0 0 255 0 0 206 157 107 100 105 2
    0 0 172 189 149 255 0 158 10 217 60 25 0 255 94 0 96 138 255 255 165
    135 128 194 255 0 185 0 234 246 221 193 159 205 103 27 46 178 168 69
    251 255 255 225 98 88 0 18 208 104 0 255 15 173 11 255 3 17 255 69 0
    255 166 255 0 60 97 221 255 0 109 0 255 144 0 29 133 103 0 255 255 0
    0 176 255 37 55 159 255 173 0 162 27 75 169 186 87 117 37 99 198 127
    255 51 20 27 183 255 0 255 242 46 15 38 0 81 222 0 147 198 125 103
    232 255 47 0 149 255 153 95 89 255 156 185 196 214 255 0 140 226 0 3
    104 0 0 255 255 255 0 255 201 255 0 169 41 51 60 15 0 255 65 54 54
    255 144 81 177 0 255 255 231 185 0 168 8 255 244 183 255 0 114 117
    181 195 222 0 44 142 199 255 103 174 43 250 0 138 234 0 150 255 0
    216 255 57 0 0 104 117 196 0 0 0 86 56 58 96 0 66 81 0 254 0 41 4 79
    188 0 1 222 205 151 47 47 0 189 152 140 22 103 255 233 16 255 255
    125 0 104 0 68 133 179 75 0 98 255 255 0 204 6 107 255 226 255 218
    44 180 255 231 143 255 138 161 156 251 247 129 255 70 0 16 69 255 94
    102 155 112 255 237 216 191 192 122 255 0 182 255 255 251 36 255 255
    53 255 255 0 255 158 103 21 173 93 184 5 25 63 0 0 255 197 255 0 106
    157 201 0 238 248 45 242 232 125 255 217 153 222 193 255 100 74 0 0
    255 37 189 0 255 73 0 112 186 0 181 67 176 147 0 84 87 226 255 0 0
    137 0 0 186 0 0 0 190 255 255 0 153 255 71 0 69 237 109 165 181 0
    255 219 47 94 118 243 122 193 140 88 136 126 0 255 21 64 255 190 11
    37 255 0 231 0 180 0 182 255 30 255 209 198 130 180 255 59 176 129
    255 241 255 67 219 11 12 221 88 255 255 0 0 221 0 255 56 6 255 226 0
    217 54 87 207 255 0 0 162 255 76 255 19 89 0 131 144 243 175 244 47
    2 49 0 0 154 0 124 255 200 163 254 159 159 255 156 0 0 0 255 24 23
    216 93 152 192 246 245 255 131 233 98 255 140 255 181 255 0 220 0
    146 210 23 231 248 0 255 0 6 237 133 184 0 43 104 40 107 0 106 0 0
    77 8 255 255 76 0 0 11 0 255 104 0 76 50 255 48 0 113 255 229 255
    255 200 111 181 255 1 255 136 236 6 0 255 11 188 28 31 138 79 0 212
    255 74 255 255 107 255 255 52 104 207 0 235 114 255 150 239 0 216
    158 0 0 144 234 255 74 0 159 0 0 0 0 0 174 23 0 46 23 4 255 210 112
    124 255 6 8 115 197 200 124 156 0 253 255 53 109 69 134 92 0 193 0
    131 88 0 157 59 209 255 255 244 255 195 255 255 71 255 255 179 39
    255 255 26 158 0 0 255 0 0 111 0 153 255 37 255 68 0 75 153 169 255
    255 113 0 197 0 255 0 255 56 255 66 254 255 0 162 205 9 62 115 0 0
    97 38 81 228 163 66 183 133 102 247 58 163 255 224 255 0 144 203 255
    28 96 255 25 255 255 255 157 44 255 0 237 50 184 88 204 129 255 255
    84 10 61 213 55 255 53 249 255 255 0 196 192 227 255 152 187 255 14
    255 255 124 0 144 0 206 33 53 255 171 0 161 34 64 130 184 124 48 27
    75 192 173 0 67 222 255 171 178 211 255 255 255 103 0 255 195 104
    118 255 110 118 255 249 147 211 220 0 178 0 29 255 237 60 6 0 223 0
    61 180 0 212 30 224 107 200 255 36 139 0 0 76 0 0 16 54 219 90 175
    225 216 0 133 255 0 36 102 255 255 255 255 255 254 255 138 59 65 0 0
    86 70 250 133 217 141 228 0 29 238 0 59 255 0 243 188 137 12 227 140
    7 0 93 0 0 142 104 0 0 255 255 102 0 134 251 255 255 129 131 247 255
    61 0 0 232 0 255 255 219 31 144 87 255 0 27 155 139 0 255 247 0 0 21
    161 0 255 114 255 132 103 101 209 12 79 0 6 0 77 255 3 255 68 245
    255 220 210 179 255 78 195 0 0 24 0 0 255 188 225 178 185 154 208
    155 151 245 83 50 0 220 0 255 238 0 116 255 137 120 205 215 0 43 10
    0 28 179 222 0 255 255 220 166 86 255 194 2 189 157 133 167 0 31 112
    182 92 255 141 0 104 185 162 0 255 255 88 255 53 217 20 54 179 115 0
    0 243 214 100 0 255 161 186 0 0 0 0 255 255 22 0 255 40 157 255 90
    131 255 33 0 55 55 135 40 255 255 0 172 99 106 157 139 0 211 120 255
    255 0 73 22 129 98 42 159 133 255 255 255 162 208 39 228 138 38 0
    229 255 0 0 244 167 0 0 252 0 0 233 28 188 0 82 103 35 154 255 197 0
    143 0 255 0 0 255 153 102 0 220 194 0 255 0 186 0 96 255 255 255 255
    130 11 43 0 107 168 215 100 0 145 202 0 0 255 255 0 168 8 72 0 0 0 0
    0 40 237 83 255 180 221 196 162 224 255 0 140 35 92 45 0 227 242 133
    25 26 109 212 0 22 219 255 52 0 106 251 255 101 24 255 0 255 255 255
    166 0 0 114 11 255 188 255 255 255 207 62 0 79 255 67 255 94 255 0
    230 0 241 221 104 255 200 91 255 164 0 90 0 114 108 196 0 229 18 112
    22 67 211 163 255 255 204 0 71 255 101 255 181 255 255 75 195 255
    234 36 74 0 255 0 255 118 255 87 213 125 255 214 255 255 148 255 88
    199 190 255 33 255 197 0 0 187 35 0 145 32 0 83 24 255 50 66 72 106
    180 169 91 0 255 242 143 34 58 255 0 104 224 212 238 53 255 139 255
    0 21 0 4 142 255 57 147 208 97 246 113 255 255 191 231 0 132 241 44
    0 255 0 167 53 33 0 255 255 13 255 68 149 60 165 65 0 227 168 44 0
    106 21 255 255 255 255 255 0 239 173 255 0 30 255 255 115 85 229 108
    157 12 55 211 33 190 0 28 94 255 0 57 255 0 255 255 241 90 255 60
    139 40 92 121 173 234 255 255 163 99 177 10 152 108 150 86 39 137
    123 47 144 92 168 41 0 255 0 0 55 255 116 255 11 0 121 139 58 161
    202 85 0 169 139 45 255 255 10 0 97 174 0 243 0 0 178 250 181 74 77
    241 51 223 0 247 255 197 246 255 2 225 94 186 138 235 246 48 0 44
    255 31 171 50 43 0 117 209 0 255 193 0 255 255 0 37 0 189 121 255 0
    229 161 96 120 204 255 255 255 145 153 255 111 39 95 255 0 255 0 138
    125 169 223 75 97 253 0 219 255 70 54 255 156 236 101 253 131 0 0
    222 0 0 158 0 144 41 255 61 59 255 145 255 0 255 89 81 248 131 228 3
    255 113 0 0 2 0 128 218 17 80 0 150 152 50 11 183 144 6 0 0 27 0 0 0
    61 255 0 22 82 255 102 4 210 255 115 0 230 0 113 230 154 83 0 24 255
    250 255 255 180 81 56 0 172 13 131 255 0 0 0 149 82 0 255 0 255 0 0
    255 130 120 130 0 59 45 0 154 49 176 157 227 31 224 77 145 85 255 66
    192 204 174 255 255 39 255 255 0 65 144 250 0 0 53 99 16 187 231 0 0
    147 5 0 0 255 102 37 184 255 57 78 170 84 0 0 0 34 189 0 228 130 86
    255 78 248 196 0 0 0 244 0 164 255 203 255 11 88 255 154 255 169 121
    58 255 0 255 217 160 139 24 0 7 140 15 41 144 197 247 47 2 0 255 89
    237 71 252 141 76 108 255 255 179 84 0 13 254 105 255 0 169 112 252
    100 189 0 3 153 7 0 255 245 255 173 177 0 173 255 248 202 91 59 255
    134 0 146 103 240 241 0 134 255 213 0 230 200 149 0 165 255 255 98 0
    95 224 241 54 255 204 219 167 203 68 255 25 13 255 167 142 12 142 17
    218 255 191 189 148 255 0 67 0 45 71 0 0 163 0 148 16 46 113 156 109
    79 168 0 0 94 3 187 137 255 0 0 255 84 146 0 0 98 255 0 49 255 16 0
    255 255 183 147 53 0 234 255 131 144 255 255 244 0 104 217 92 0 255
    161 125 0 252 24 0 96 0 75 255 255 121 34 236 24 147 189 169 32 0 0
    0 201 151 0 6 167 0 255 0 169 237 0 108 63 0 222 255 154 0 0 0 126
    53 0 255 0 191 30 207 188 154 74 0 255 136 39 64 146 157 163 255 98
    162 159 255 0 11 39 255 250 0 244 255 0 17 206 7 255 0 155 255 0 0
    64 0 0 255 191 34 208 49 255 255 82 55 127 0 255 192 191 255 0 18 0
    0 255 28 0 224 246 180 0 255 255 27 0 124 0 252 155 201 255 255 185
    255 255 255 43 0 0 143 38 0 255 0 0 0 255 11 97 137 0 185 38 137 158
    245 255 190 33 23 23 255 255 134 0 99 255 156 255 0 188 117 106 87
    234 218 255 155 242 108 0 199 250 23 165 65 27 255 72 64 0 0 237 0
    40 255 0 67 255 255 119 0 97 34 0 0 203 12 54 157 167 34 80 215 231
    0 0 60 130 106 179 117 251 124 131 104 53 180 21 164 115 134 63 141
    176 255 0 155 255 249 255 255 243 88 0 255 167 80 146 0 12 245 0 255
    0 243 209 255 0 255 184 148 255 119 255 21 168 219 237 190 255 203 0
    10 0 2 122 90 0 255 52 0 2 199 0 233 0 200 121 211 108 138 3 99 35
    156 0 255 16 164 65 217 0 0 190 51 0 48 254 2 185 109 92 140 1 53 93
    141 168 90 210 152 255 255 143 197 165 255 0 0 209 1 161 0 122 224
    225 255 245 0 0 0 228 41 0 0 255 21 126 255 138 255 94 64 240 0 0
    229 255 155 0 52 255 0 0 255 0 255 60 115 142 182 160 177 0 255 0
    255 184 58 0 114 0 235 195 255 255 83 15 255 0 208 111 0 24 255 0 18
    214 0 160 255 255 255 249 196 255 0 229 0 255 163 87 0 0 3 0 255 15
    0 139 206 141 0 0 0 0 0 93 255 0 179 170 134 146 148 13 255 67 17
    238 86 229 6 254 112 0 252 0 214 0 204 0 159 255 0 182 118 236 105
    150 0 0 30 83 196 255 255 10 154 248 244 152 0 141 255 0 115 253 132
    255 0 0 222 230 239 99 255 222 0 139 19 168 185 0 250 100 24 36 52
    180 41 255 226 0 234 50 107 230 255 78 255 251 0 255 90 0 47 18 0
    254 0 6 0 4 247 21 255 255 255 167 0 0 0 21 151 124 243 255 0 213 45
    63 255 13 98 16 0 82 210 0 13 105 120 233 87 255 194 0 255 227 219
    255 142 255 16 0 174 44 66 0 255 23 255 255 139 255 0 0 35 255 189 0
    19 2 0 192 192 0 107 255 42 121 130 184 43 54 224 168 231 0 57 253
    42 109 141 255 0 2 230 108 252 226 255 183 83 108 255 170 255 12 202
    159 0 0 0 234 203 147 0 0 190 92 189 18 100 255 255 66 121 79 253
    153 0 0 0 0 121 0 0 197 53 227 239 11 114 37 101 178 59 154 255 11
    133 174 227 100 147 0 255 255 255 169 52 153 36 148 93 77 1 255 75
    103 196 25 255 25 255 159 209 0 0 255 155 132 64 0 0 162 0 0 0 0 255
    97 171 13 171 213 255 81 0 35 55 151 60 114 100 94 196 208 0 233 255
    0 147 255 0 44 165 52 147 255 182 248 255 0 255 255 107 255 255 255
    93 0 161 83 13 14 126 46 102 238 0 205 255 212 0 60 137 0 93 167 172
    255 222 0 0 189 213 0 3 255 255 176 0 255 255 0 154 17 174 255 255
    252 255 91 81 255 255 0 155 0 255 6 255 0 83 240 255 255 210 169 165
    155 198 0 0 0 168 194 196 0 0 212 57 0 162 13 94 255 84 255 241 255
    197 255 120 42 176 20 218 49 255 208 255 165 77 11 11 0 13 214 117
    255 142 31 3 199 54 58 1 255 255 117 0 0 152 255 140 0 255 218 0 255
    19 255 34 46 0 232 255 222 221 0 0 100 241 243 0 250 167 0 57 177 21
    48 255 28 31 25 255 95 81 239 255 61 38 255 98 255 196 255 37 0 58
    230 225 0 252 31 247 182 251 255 0 214 255 14 130 121 17 126 149 211
    0 0 42 17 103 155 139 158 74 0 172 237 0 0 152 131 100 131 79 49 0
    244 0 72 73 82 255 0 202 214 0 0 255 69 255 131 218 56 146 209 226
    49 33 254 255 99 88 255 162 112 111 198 255 0 20 196 30 157 0 0 69 0
    237 0 137 136 234 0 15 197 116 163 255 17 94 119 146 194 0 255 0 255
    255 16 87 0 0 8 250 70 255 61 68 70 49 3 255 24 0 19 8 255 123 63
    255 255 64 198 60 14 98 146 205 29 116 0 61 169 230 255 255 35 0 179
    181 19 255 88 139 235 92 255 0 29 73 119 8 195 162 0 0 255 197 16
    255 90 255 0 175 55 0 104 31 39 76 0 255 255 4 109 56 109 179 179 90
    55 120 0 249 8 255 0 215 255 0 255 28 229 0 255 200 160 0 104 252 16
    165 255 0 0 0 0 255 211 0 25 195 255 63 113 182 29 186 65 255 255
    213 0 107 255 143 211 238 255 255 23 0 255 77 51 146 34 147 145 234
    239 191 0 225 0 182 255 39 67 151 0 0 139 0 0 255 169 182 206 64 21
    66 169 191 255 255 252 73 133 43 108 255 37 1 166 255 159 87 223 0 0
    208 255 0 217 32 41 255 29 172 145 80 71 235 233 78 19 48 255 255
    216 0 81 0 255 187 130 108 81 164 255 255 255 255 255 66 122 20 255
    44 255 235 182 70 214 40 255 19 108 154 0 46 153 120 214 131 191 214
    180 255 178 255 0 113 173 36 154 0 192 216 255 109 97 64 122 255 255
    227 203 255 19 31 255 255 249 255 9 52 233 0 232 233 0 0 2 255 77
    158 207 226 250 87 255 95 255 255 0 255 255 0 179 255 215 0 227 220
    28 218 0 52 197 255 32 0 0 102 148 190 208 246 0 20 0 80 255 0 255 0
    60 0 145 216 255 132 0 208 240 14 218 0 255 73 30 64 49 178 0 135
    255 199 243 0 7 32 166 0 225 45 225 144 255 249 35 186 126 213 177
    81 255 82 149 255 255 111 243 103 255 0 4 101 149 213 197 166 255 14
    188 19 73 111 219 117 99 0 224 255 240 208 81 255 0 218 0 255 255 0
    255 255 181 14 255 181 0 87 0 188 0 0 255 117 98 0 43 255 35 0 236
    218 130 0 164 11 0 255 4 0 0 246 0 89 187 255 48 177 255 206 1 223 0
    198 123 81 255 255 40 177 157 61 124 61 197 255 99 242 117 149 103
    87 255 255 124 125 255 255 255 46 163 255 0 0 1 103 175 233 13 69 0
    255 118 204 255 13 255 250 145 0 0 29 132 0 45 7 234 255 110 255 200
    0 0 24 38 255 228 111 255 223 101 176 242 129 255 164 0 255 255 0 51
    161 175 255 120 175 0 218 39 0 150 255 207 0 0 105 120 0 31 97 143 0
    19 43 144 196 105 2 11 0 119 0 255 255 110 79 0 46 244 0 134 255 0
    65 74 0 124 173 0 0 235 97 17 255 0 255 131 255 232 212 255 201 128
    235 255 52 159 0 255 100 255 204 0 80 91 38 125 106 152 186 255 202
    2 219 190 69 29 255 0 0 255 69 96 148 0 255 169 108 255 0 218 0 0 13
    48 73 0 255 255 12 235 67 255 228 247 159 58 66 186 255 246 66 0 175
    15 136 43 74 137 0 224 255 54 188 99 0 154 240 0 0 142 0 183 15 146
    52 86 132 42 104 0 119 215 255 141 139 0 134 0 223 40 0 182 255 187
    81 255 65 0 58 0 94 255 0 124 222 45 176 0 0 157 255 193 255 117 0
    226 151 157 110 105 138 0 0 231 0 0 0 54 76 0 255 98 255 192 255 197
    255 68 255 0 46 0 0 255 133 206 255 255 110 171 216 3 255 228 161
    219 231 5 255 255 0 138 255 255 78 52 212 123 0 47 158 56 0 26 0 0
    151 50 238 255 255 68 160 108 86 69 214 255 9 5 255 82 0 0 77 96 0
    17 255 231 255 253 255 28 5 255 0 42 234 88 123 118 90 182 0 65 161
    0 218 74 0 0 53 22 255 209 239 19 8 43 173 77 138 253 230 255 77 69
    248 0 115 0 0 0 7 31 82 255 18 0 94 96 69 255 98 255 0 157 255 171 4
    3 10 175 118 82 0 0 244 0 52 255 95 0 0 255 255 173 13 255 154 67
    103 255 255 0 255 255 255 90 7 255 231 44 105 255 131 255 255 0 6 62
    255 243 190 240 78 0 10 0 129 219 200 77 194 223 45 0 108 171 76 0
    126 215 0 255 6 4 0 187 94 124 255 255 155 5 137 138 48 19 0 0 0 10
    183 82 239 25 255 0 40 150 231 115 0 0 67 0 255 255 155 147 103 0
    233 0 0 255 197 190 255 6 0 193 139 0 0 217 85 77 0 255 255 157 239
    113 154 0 66 83 4 255 152 95 255 0 226 147 205 113 0 0 255 5 76 98 0
    0 145 225 255 48 255 135 255 255 51 255 52 19 255 154 255 255 0 66 0
    255 147 171 255 189 92 88 55 0 255 255 0 233 0 0 246 184 78 212 153
    0 17 255 235 7 200 0 0 47 255 0 12 0 255 0 0 3 34 97 255 169 128 114
    136 49 152 54 0 1 82 0 0 0 255 102 0 255 0 255 0 81 0 0 255 104 42 0
    20 0 95 144 70 151 0 198 255 39 87 172 133 110 95 120 0 135 30 0 32
    111 122 0 131 247 252 0 55 39 153 0 9 59 75 243 171 59 236 0 37 255
    147 130 222 27 103 102 117 148 0 95 70 112 0 0 234 255 6 255 140 174
    0 78 225 36 214 61 255 255 255 255 73 255 6 108 21 0 0 37 235 59 255
    239 255 255 46 90 146 3 197 144 77 0 148 241 30 224 145 154 255 166
    182 61 160 255 0 216 108 87 249 41 150 255 33 0 248 0 255 226 68 88
    228 70 255 163 51 255 33 29 197 0 216 74 255 55 4 0 24 109 0 79 201
    30 36 3 69 0 0 228 222 209 184 121 152 37 255 252 255 0 207 255 154
    100 255 196 112 255 27 0 255 31 244 159 87 255 0 204 37 43 255 205
    242 0 28 9 27 255 66 255 103 0 255 182 255 132 139 255 255 0 101 255
    0 191 0 187 238 104 255 11 76 220 129 163 118 0 76 255 253 0 101 215
    128 35 0 171 47 255 201 0 52 110 186 255 38 101 253 0 75 255 48 139
    255 0 204 0 0 255 197 16 0 84 116 48 0 251 106 255 136 25 5 0 186 0
    128 107 5 255 0 16 0 0 91 45 0 121 232 0 242 24 255 108 227 255 229
    53 69 15 128 89 209 255 61 242 252 162 249 0 255 248 255 171 176 167
    0 0 0 255 186 244 137 95 210 150 171 0 239 253 0 58 75 64 255 235
    169 0 21 0 71 237 177 255 4 255 0 141 0 189 191 94 255 42 173 0 185
    195 0 0 0 128 255 23 0 75 178 228 71 255 0 41 14 255 199 19 224 223
    188 255 255 170 172 255 0 178 158 21 230 140 29 188 0 55 0 255 255
    50 217 108 0 255 146 112 1 130 72 14 53 102 0 255 255 23 255 178 49
    149 0 35 24 39 0 235 255 0 0 241 255 245 189 0 99 155 0 255 226 192
    255 55 183 166 0 228 0 28 90 255 174 11 98 65 225 128 31 197 255 55
    252 254 8 255 32 68 248 0 255 0 255 194 195 27 117 255 255 153 135
    176 0 0 195 147 136 205 255 2 255 204 255 0 88 73 150 0 113 76 82 12
    255 255 255 55 17 39 255 118 205 235 145 243 127 103 43 164 163 0
    223 75 255 210 113 245 255 0 62 190 153 255 0 193 0 255 0 210 255 98
    155 32 199 255 191 255 204 173 255 204 26 228 87 123 221 255 110 163
    85 255 89 255 0 13 31 94 182 247 214 184 85 40 19 85 255 0 0 6 84
    127 128 159 255 196 0 255 0 0 0 140 0 255 202 141 255 128 54 157 130
    158 0 0 88 193 239 7 0 238 245 150 69 255 0 125 255 36 0 255 87 229
    78 224 110 0 198 168 0 32 0 171 58 255 182 255 25 150 0 0 56 139 0 0
    76 255 167 217 76 198 115 180 255 185 255 0 255 197 76 255 255 27
    255 122 0 131 190 96 205 14 4 228 0 255 255 79 196 145 0 98 111 255
    106 199 0 0 119 163 77 177 0 0 220 181 255 81 59 72 223 240 55 152 5
    103 238 0 126 52 255 0 51 255 234 0 0 82 255 0 168 155 0 254 141 255
    238 19 188 255 41 83 255 255 0 146 25 139 235 126 0 60 228 82 2 255
    157 131 216 101 255 0 221 255 255 255 25 0 255 96 0 48 126 195 171
    246 37 8 22 255 74 32 255 0 54 212 0 27 242 94 238 9 74 255 187 0
    255 69 139 80 59 204 15 73 105 0 169 0 255 255 33 0 82 37 0 88 169
    56 0 115 111 0 136 242 124 190 178 222 101 11 123 143 177 171 123
    155 255 0 16 255 86 172 255 0 87 126 0 195 13 215 255 13 0 255 215
    112 13 255 1 69 24 0 91 229 39 46 192 245 77 255 92 0 229 0 7 0 0 0
    6 30 0 210 0 255 255 0 255 228 96 255 255 99 199 255 0 217 210 24
    147 54 28 27 35 88 172 173 0 121 0 170 58 59 255 0 80 207 221 1 210
    93 255 205 70 92 17 58 86 0 178 209 0 0 8 255 65 0 0 243 208 99 156
    151 97 0 204 181 0 0 249 255 49 180 255 201 0 115 103 61 141 255 131
    223 0 255 163 181 204 121 0 0 255 184 23 84 224 10 205 142 34 72 0 0
    132 122 129 183 255 0 25 0 255 118 255 54 71 0 190 139 193 194 34
    222 193 189 138 241 169 80 43 140 0 0 81 138 13 163 0 255 143 0 255
    255 235 92 140 15 0 172 0 148 238 0 0 167 183 0 161 194 0 14 0 243
    52 39 0 255 255 6 79 191 72 0 255 0 105 255 240 0 0 0 83 0 0 0 255
    255 46 115 246 230 198 231 245 213 22 243 26 246 255 161 255 241 0
    140 42 0 0 0 72 242 7 31 47 28 50 177 0 222 80 98 255 0 0 255 13 0 0
    246 0 8 38 125 0 159 204 0 58 255 16 109 160 67 88 162 255 224 0 0
    215 0 255 111 134 60 0 213 255 36 255 0 139 0 58 255 156 0 173 7 151
    0 130 255 141 79 86 195 0 0 0 189 76 0 231 237 142 244 209 76 0 162
    98 255 255 224 255 0 253 198 236 78 255 65 192 224 0 144 0 38 246 0
    0 255 165 130 140 179 255 218 0 7 7 213 43 0 0 153 41 198 16 0 115
    255 166 39 255 131 58 78 0 246 80 235 236 183 137 151 95 238 217 101
    0 6 0 223 218 255 65 91 255 23 255 118 179 255 46 178 58 0 35 255 89
    118 0 197 0 146 154 255 239 248 189 235 204 255 0 129 117 0 101 255
    255 0 245 0 255 255 71 38 156 21 43 7 255 0 137 44 0 255 255 255 61
    41 0 255 4 255 235 16 169 246 150 207 126 255 255 226 35 255 255 7
    75 255 255 81 0 255 150 136 0 139 81 213 145 0 25 0 255 128 106 255
    143 71 35 68 101 65 243 182 36 255 76 105 78 255 202 255 34 9 255
    255 101 215 0 183 48 30 255 102 41 110 0 132 9 64 101 9 255 87 29 0
    255 0 223 182 84 255 0 0 255 176 250 74 255 0 29 26 0 255 248 0 255
    165 0 252 0 255 227 0 6 81 86 255 251 130 0 254 20 255 255 23 224
    120 180 76 255 255 0 9 207 0 58 83 85 233 162 178 85 136 243 247 145
    163 234 14 156 231 0 19 31 253 0 173 147 248 255 17 225 112 246 39
    255 0 255 234 235 115 26 49 213 215 255 198 96 0 255 0 204 0 213 0 0
    0 0 0 59 189 219 92 99 176 101 0 84 194 188 146 255 252 255 189 227
    39 255 184 0 0 255 255 124 0 27 172 237 248 57 53 149 188 0 210 255
    10 166 222 146 45 234 255 49 255 250 255 152 232 0 222 255 0 158 146
    255 255 32 213 30 251 200 146 255 0 56 34 71 255 136 205 103 255 47
    169 1 81 4 224 132 126 103 55 118 114 255 255 255 0 255 0 255 154
    138 0 214 243 206 182 248 247 84 255 212 192 255 35 191 37 132 255
    83 84 0 0 123 5 0 128 255 0 59 80 5 0 255 196 209 76 255 232 42 134
    66 0 255 234 255 190 67 255 0 186 0 59 0 89 144 255 0 0 190 26 21 0
    0 118 242 156 205 0 166 67 0 87 255 76 80 155 255 16 72 255 130 73
    227 255 224 196 255 5 118 255 236 236 209 61 205 229 0 79 28 255 255
    255 255 177 91 89 255 255 0 76 219 255 206 104 102 182 46 112 255
    226 0 247 15 15 4 80 52 0 209 127 0 7 230 255 165 63 0 255 9 109 78
    150 173 0 0 255 113 230 236 20 21 176 255 193 51 255 0 27 109 71 0
    255 0 253 255 0 0 44 0 0 75 58 59 223 133 0 255 255 43 255 32 98 97
    255 159 32 4 127 243 158 151 122 139 255 231 75 92 19 249 64 97 255
    83 236 255 180 0 18 188 121 0 0 0 144 0 255 218 182 164 0 249 232
    255 167 170 153 30 255 31 75 196 233 80 209 255 89 0 28 90 0 23 22
    226 0 5 255 255 253 255 255 41 172 255 0 223 193 198 218 6 14 0 166
    196 157 7 178 0 0 123 189 182 255 142 179 252 255 177 255 154 255
    191 79 164 251 192 0 175 52 249 133 210 255 255 55 255 0 117 97 4
    255 174 185 255 205 0 206 105 0 66 36 145 132 10 255 224 53 122 255
    34 255 99 234 165 255 100 158 66 39 255 137 65 0 84 221 190 236 70
    96 19 255 227 85 116 76 93 255 255 194 26 132 33 83 255 67 0 0 255
    183 0 155 16 36 116 255 0 123 255 180 168 222 255 246 255 225 250
    255 79 22 63 94 255 14 254 238 153 255 3 255 138 200 71 0 28 255 119
    172 96 193 0 71 219 0 153 139 0 85 0 78 176 0 133 131 0 0 64 154 0
    83 0 181 15 0 255 27 174 255 152 255 255 48 160 0 255 245 87 255 146
    0 224 132 76 8 0 0 0 0 219 255 61 97 184 156 0 0 111 127 149 185 0 0
    220 96 255 172 255 109 0 17 123 186 177 0 4 167 255 130 0 100 188
    193 127 115 255 167 137 255 23 249 255 50 0 168 159 228 172 255 202
    0 0 205 142 64 0 118 204 255 23 238 255 219 85 226 164 70 255 0 255
    0 203 0 190 119 14 236 0 45 255 94 235 255 89 255 208 237 57 255 54
    77 131 107 197 90 157 0 0 255 0 1 253 235 16 250 20 211 238 226 240
    255 23 183 1 0 0 255 253 188 134 255 255 119 202 255 94 3 255 0 0 62
    51 227 255 0 114 93 172 251 131 74 0 17 195 0 91 133 131 255 152 197
    134 153 255 34 42 96 0 145 72 0 1 255 0 0 45 167 91 52 121 170 251
    217 237 173 230 114 80 244 10 0 151 255 84 150 0 177 251 0 167 0 125
    0 0 48 166 178 48 44 0 152 255 0 255 237 92 209 170 26 0 237 15 0
    255 255 191 0 255 255 137 255 116 0 41 111 33 255 27 0 208 248 35
    255 106 201 161 54 152 17 58 85 0 58 255 129 161 0 120 85 255 177 0
    64 205 0 255 237 0 255 160 67 255 0 255 255 54 255 0 131 48 0 250
    170 0 252 214 215 93 0 107 255 255 248 0 255 141 142 24 120 201 15
    26 249 0 165 255 83 137 57 0 86 175 255 0 0 0 0 1 255 111 0 185 85 0
    0 0 85 196 255 96 255 63 0 72 26 0 81 44 67 0 203 0 172 23 165 92
    255 245 255 255 255 255 250 41 84 135 255 109 183 199 59 41 73 165 9
    24 0 113 176 77 0 29 246 0 53 0 240 255 205 255 255 255 0 0 255 0 0
    120 108 0 92 120 185 107 255 27 75 135 50 81 242 255 255 255 255 21
    255 65 0 115 227 45 88 99 55 117 255 134 30 155 160 0 220 109 0 90 0
    0 255 84 63 98 127 191 255 182 0 220 0 255 209 0 255 249 53 120 0 72
    255 62 0 72 0 171 76 0 0 48 0 200 255 255 190 241 30 31 255 158 255
    205 102 77 0 15 92 255 255 215 0 255 77 249 179 84 119 226 0 109 0
    146 109 177 255 0 58 20 189 180 196 0 75 140 255 0 156 255 0 240 19
    105 138 125 39 255 0 54 38 0 31 0 3 155 221 138 165 86 76 93 17 50 0
    172 255 2 209 176 125 0 0 255 5 0 255 71 230 0 171 255 0 167 255 55
    89 246 60 232 203 52 0 0 127 0 0 228 98 94 255 255 99 255 216 125
    105 0 159 46 255 145 54 77 0 87 3 255 82 246 9 0 0 0 107 193 149 221
    105 197 0 233 107 6 255 0 254 68 8 61 157 93 9 0 193 190 0 199 126
    145 0 255 40 79 92 97 249 22 24 250 55 197 141 174 245 141 255 66
    237 0 206 0 255 10 133 241 128 255 63 235 205 82 255 0 255 0 96 255
    76 0 56 255 230 100 232 255 0 125 113 211 109 107 15 57 217 0 141
    255 215 50 255 255 253 29 240 0 230 255 255 255 0 255 33 255 0 110
    252 56 219 61 56 159 126 0 255 0 255 0 35 71 135 91 0 203 39 107 118
    255 36 0 0 255 103 22 33 12 10 154 76 135 11 48 253 0 40 255 254 94
    255 106 106 255 0 255 212 184 137 0 0 100 255 34 103 200 231 255 191
    50 10 255 0 87 255 0 12 37 32 134 0 170 244 129 0 255 0 46 0 0 210
    14 197 0 0 255 255 0 255 253 85 255 129 255 31 9 35 83 91 45 0 255 0
    25 255 0 0 206 0 255 119 189 250 113 255 236 154 14 86 254 32 75 139
    55 174 75 232 57 0 0 238 190 76 169 0 24 0 43 0 105 26 41 202 210 0
    195 232 79 29 230 248 197 0 227 0 91 147 44 255 255 38 166 255 0 0
    255 126 74 215 150 255 38 80 154 146 255 255 157 0 21 45 41 78 255
    172 216 38 51 183 32 154 112 109 5 0 0 0 213 39 254 0 0 217 255 0 0
    210 115 239 255 0 0 0 217 144 112 255 157 23 13 255 107 140 255 224
    255 243 95 163 143 32 0 75 0 60 66 155 33 206 250 88 255 99 0 125
    152 153 186 77 83 53 34 255 212 255 142 103 241 0 166 0 0 56 21 0
    111 0 255 157 255 255 255 0 255 255 83 0 2 150 0 255 246 40 0 255
    255 18 54 255 151 115 242 255 145 91 255 230 110 233 102 60 0 160
    192 0 158 79 121 67 199 204 0 204 37 42 119 154 228 255 89 255 255
    255 254 122 0 30 97 224 149 37 136 91 7 201 14 0 0 255 53 79 0 255
    218 115 123 255 255 255 0 26 0 255 53 227 40 255 223 0 92 126 95 61
    255 255 135 138 179 255 0 207 255 0 0 124 179 81 17 109 121 7 37 239
    48 198 32 228 19 49 80 217 0 0 255 0 148 44 150 108 184 0 29 0 255
    239 175 223 25 197 121 35 162 81 255 255 63 24 216 69 137 168 69 0
    160 214 0 235 255 41 242 255 0 253 100 0 175 238 33 19 255 0 233 206
    255 168 197 0 0 254 0 139 83 248 255 255 255 0 0 255 49 255 116 111
    255 16 226 0 127 140 48 222 255 255 255 237 72 126 242 252 202 243 0
    249 0 255 0 0 117 255 188 0 0 157 218 201 255 86 39 39 84 9 166 255
    215 5 160 121 112 255 255 24 178 255 249 150 23 230 255 255 255 255
    214 0 68 255 0 253 179 155 202 0 255 73 255 255 0 42 137 94 80 12 0
    0 54 83 255 203 75 136 56 206 114 54 0 23 55 15 255 189 0 150 0 164
    114 133 112 36 0 67 0 124 68 47 210 255 75 255 255 0 255 60 255 255
    75 0 134 0 101 14 253 0 0 20 11 228 255 9 9 113 19 255 109 125 108
    54 87 144 105 142 211 212 69 135 106 137 255 33 119 179 0 147 253
    216 137 0 255 234 255 0 255 33 169 21 0 0 0 122 133 7 189 187 114 0
    0 212 240 150 0 255 0 0 68 255 89 46 129 179 5 162 167 144 0 254 0
    224 142 47 0 139 178 217 233 246 0 112 0 0 136 255 67 118 185 13 0
    255 0 0 159 0 0 67 169 252 255 88 0 50 12 0 156 95 255 152 230 0 0
    255 1 145 98 219 0 27 221 147 114 0 187 0 0 255 0 160 255 255 77 75
    0 72 0 236 85 0 255 173 0 107 86 118 170 0 0 0 132 186 223 255 255 0
    217 122 255 60 255 185 255 108 116 230 35 62 64 51 0 0 79 0 242 22
    167 0 255 40 132 81 55 197 194 194 97 65 255 95 255 186 0 254 90 232
    0 0 111 55 26 143 255 84 0 127 187 0 181 79 0 180 255 255 164 0 255
    255 255 235 236 45 108 52 255 0 0 255 176 185 0 133 0 235 255 88 74
    92 255 183 237 28 19 144 222 107 211 139 126 142 122 198 16 0 255
    255 166 207 45 0 31 0 130 253 130 224 165 255 8 0 165 216 137 0 255
    226 0 159 164 144 255 54 0 255 74 90 0 18 0 0 21 0 165 49 178 77 255
    211 146 255 131 255 255 61 244 255 48 159 92 0 146 255 255 219 113
    255 184 0 96 176 73 255 235 255 0 235 41 175 56 42 60 46 172 222 31
    255 180 57 0 35 255 236 124 10 255 144 0 0 0 0 162 56 171 255 178
    127 16 9 222 244 1 42 42 190 26 255 255 255 189 74 255 255 82 0 255
    255 196 0 241 49 255 255 189 162 237 255 143 178 146 255 108 255 179
    104 187 105 126 0 0 226 78 74 5 255 181 49 26 20 0 75 179 255 0 255
    255 200 211 196 148 133 255 106 0 127 201 0 231 0 127 255 201 0 255
    224 236 203 186 144 237 52 80 0 18 212 207 0 203 255 0 84 218 255 71
    127 255 33 180 114 179 0 232 0 163 19 255 174 0 185 0 61 232 0 0 232
    0 246 143 253 189 8 229 241 255 84 199 138 104 2 230 234 153 255 15
    113 118 0 25 157 196 56 51 187 183 166 183 16 249 0 83 240 17 255 85
    134 169 0 43 255 31 255 255 67 0 18 255 255 255 129 10 168 0 255 99
    13 66 0 255 91 0 255 236 0 44 255 178 202 169 70 61 49 0 236 192 0
    39 41 97 255 130 158 255 130 0 131 255 123 163 189 66 79 206 255 156
    202 255 163 0 204 159 79 50 255 231 94 255 120 255 3 204 89 255 0
    162 86 186 45 255 255 216 11 229 0 255 176 255 0 227 52 40 31 0 255
    35 38 97 0 240 11 198 117 255 0 180 0 0 255 212 255 121 255 255 255
    255 0 157 118 244 151 148 255 0 0 181 0 255 0 218 255 238 255 5 202
    255 115 101 94 213 180 157 255 201 155 199 37 170 9 255 125 0 126 80
    119 222 164 185 194 255 64 0 50 133 255 173 0 229 102 0 0 0 182 83 0
    255 128 179 17 185 0 255 234 86 29 243 0 168 0 109 255 44 104 131 70
    207 31 89 77 95 0 224 238 41 255 114 32 255 0 255 0 101 209 255 0
    111 179 255 232 139 107 0 177 152 0 0 153 154 255 255 109 206 255
    213 0 0 0 237 0 240 94 167 220 146 0 255 47 168 0 22 41 234 194 149
    204 28 0 146 52 255 232 153 255 211 230 255 86 0 255 186 23 75 204
    254 255 16 56 154 42 25 255 149 255 255 255 223 255 64 0 255 0 255 0
    0 0 255 193 137 255 0 255 102 255 186 135 113 82 7 50 200 115 62 110
    162 0 65 135 0 179 163 37 5 255 234 182 73 0 140 76 255 223 255 76
    135 0 126 38 0 46 84 230 255 204 225 27 0 106 66 223 85 0 54 0 191
    86 65 80 143 174 89 145 153 255 4 255 198 105 0 255 255 0 96 240 0
    255 122 218 253 143 53 248 131 47 58 16 91 166 0 43 255 0 178 105
    196 65 0 255 255 0 120 255 197 255 16 198 218 158 217 51 238 255 60
    214 255 101 50 234 89 117 98 17 255 246 42 96 20 232 171 255 255 128
    255 33 255 0 51 255 0 113 198 0 255 255 216 255 0 255 0 0 224 99 98
    113 65 209 217 23 0 242 255 255 41 43 0 255 90 49 103 146 235 96 212
    170 255 140 78 243 234 255 255 255 230 0 130 0 31 0 161 176 0 36 0
    255 146 0 151 45 199 36 255 0 247 40 219 92 255 255 200 255 0 212 12
    255 0 83 198 0 0 197 2 30 255 146 145 255 255 229 189 255 194 255
    255 229 151 255 94 53 63 146 151 0 248 18 252 74 2 0 255 242 97 255
    59 255 34 39 255 176 7 0 68 90 126 255 217 216 255 120 190 255 110
    141 255 125 9 255 134 0 235 0 35 76 255 0 188 213 185 144 148 0 194
    232 126 255 0 245 0 68 0 198 164 119 89 204 228 255 255 110 0 213
    140 123 156 0 0 113 97 0 206 13 0 241 23 255 101 255 81 46 255 0 59
    0 109 255 255 66 0 0 0 159 81 248 15 92 255 41 151 156 0 0 209 143
    184 60 0 172 5 135 0 212 0 158 105 0 38 255 64 127 255 17 20 255 171
    175 88 161 255 207 77 14 124 4 253 255 0 255 231 0 201 219 125 159
    138 0 211 255 68 255 0 255 0 90 53 0 255 217 183 0 255 123 52 105
    102 3 234 212 111 203 59 126 246 48 145 228 255 255 50 33 255 231
    242 255 245 255 76 255 0 134 0 255 15 255 0 59 255 255 173 63 255
    146 70 38 82 15 180 65 0 245 255 82 0 255 141 249 0 84 0 229 3 119
    255 0 37 0 235 255 26 22 0 255 75 66 147 114 33 0 24 239 255 183 112
    38 14 244 101 255 123 110 255 250 161 115 195 139 255 33 124 255 247
    51 255 131 0 159 0 0 234 0 0 248 0 0 219 255 106 255 227 150 142 234
    196 24 66 0 12 164 22 255 113 0 99 255 229 255 117 88 215 152 178
    208 139 159 255 70 179 121 55 88 135 150 62 255 85 95 149 0 123 255
    85 180 0 255 15 0 255 66 29 0 255 173 41 255 127 152 0 47 211 255
    255 72 220 159 54 0 187 0 255 206 50 255 14 155 255 200 163 142 117
    255 60 65 203 0 38 234 255 255 38 255 133 10 135 67 26 0 14 11 221
    47 0 255 22 86 19 148 243 0 33 50 80 6 255 62 178 255 170 119 191 39
    154 5 76 60 218 90 29 13 255 53 0 221 0 107 0 0 14 115 0 51 220 184
    169 63 255 0 53 133 0 255 228 9 0 118 165 218 255 27 212 248 100 243
    0 255 31 6 198 50 255 60 210 255 255 255 212 255 14 255 63 30 255 8
    255 248 0 255 38 117 216 13 178 42 0 170 44 213 0 5 255 0 99 81 179
    172 150 255 110 39 76 255 222 255 0 103 229 179 255 11 152 0 8 240
    160 80 87 158 255 194 0 188 237 81 145 255 255 105 21 3 51 255 255
    32 220 255 83 0 0 255 59 255 82 88 0 26 255 0 255 255 255 69 0 160 0
    33 255 255 15 66 202 203 171 37 0 92 0 0 170 237 0 6 0 0 215 131 255
    154 77 255 210 0 0 191 56 0 255 0 142 0 0 255 58 255 143 255 0 148
    71 118 8 78 149 0 166 83 189 255 255 195 136 229 9 255 51 242 255
    255 9 0 0 0 36 0 24 108 137 86 125 255 62 255 255 44 240 6 0 0 113
    146 255 0 74 0 195 146 25 71 255 111 23 0 68 0 53 8 86 51 40 255 255
    117 255 0 252 28 255 0 22 53 94 255 230 55 0 255 0 228 179 0 79 233
    255 235 219 255 171 88 55 220 19 255 186 0 0 192 148 0 0 34 253 255
    50 0 179 186 118 0 91 82 153 255 255 141 179 0 0 255 209 81 209 0
    168 21 0 255 149 206 0 22 15 35 63 126 95 0 123 149 85 142 198 255
    23 128 251 0 253 255 255 255 25 250 0 71 175 220 0 6 215 51 0 0 0 47
    255 0 215 180 255 255 255 125 48 232 188 0 137 0 222 255 255 0 255
    81 255 66 76 167 136 0 255 255 255 0 46 0 22 35 84 0 255 172 125 255
    226 0 0 55 255 40 0 232 0 0 47 82 89 15 166 0 38 118 235 231 82 255
    0 144 18 228 6 0 181 0 203 60 180 255 0 125 239 129 133 166 224 0 41
    168 129 167 241 74 0 255 10 191 0 214 38 42 255 61 255 0 0 217 153
    255 97 228 224 46 236 160 6 0 20 142 12 255 0 91 0 123 255 174 255
    117 244 255 255 119 255 0 215 176 73 0 0 171 19 144 182 0 0 255 209
    216 205 0 29 87 3 238 220 255 166 212 0 3 127 0 41 246 26 220 63 0
    126 195 255 172 249 250 8 255 0 92 0 42 11 187 255 0 145 201 14 128
    234 0 22 212 121 0 0 170 83 195 213 139 157 39 255 23 0 195 201 213
    159 255 178 31 255 215 15 211 248 83 73 109 195 123 122 163 0 255 86
    255 195 74 255 191 89 50 255 255 240 158 255 255 0 255 153 0 187 77
    42 0 35 255 0 143 120 95 152 255 128 255 169 255 149 223 1 255 18
    255 255 9 38 242 255 233 97 119 82 79 74 55 255 194 255 255 255 0 0
    127 255 177 116 255 111 171 255 30 15 109 0 255 225 211 255 255 17
    109 240 67 181 211 5 255 155 255 255 132 71 255 0 49 139 0 145 0 0
    255 0 152 249 255 189 201 206 97 1 113 226 238 19 66 255 218 254 0
    255 5 255 83 205 242 140 0 234 0 255 157 110 98 0 196 254 255 186
    255 255 165 13 0 242 17 154 225 86 3 0 255 0 0 27 134 255 255 250
    223 20 69 190 246 227 130 103 255 255 53 0 255 134 40 189 97 0 239
    78 31 16 251 255 46 255 160 151 255 186 255 0 211 189 0 67 0 111 0
    64 200 0 89 232 255 255 99 255 151 255 172 16 0 176 188 135 60 0 77
    69 21 174 47 87 0 0 143 80 163 170 39 193 0 36 218 52 85 67 15 0 218
    214 120 219 104 207 255 117 255 254 255 255 116 223 241 91 80 145
    255 0 223 147 0 0 226 255 75 255 114 255 147 198 132 0 255 0 255 36
    50 65 0 193 93 45 108 172 4 200 255 35 255 65 255 125 0 249 69 191 0
    12 255 120 152 255 139 255 78 255 118 90 43 111 0 177 97 5 255 255
    202 193 12 55 250 0 67 9 255 10 123 255 199 255 38 255 236 118 230
    81 0 96 93 0 118 45 118 110 255 172 10 255 0 209 159 175 100 115 252
    51 64 255 187 255 188 48 39 149 255 93 0 255 232 5 144 74 84 128 255
    255 181 102 136 0 90 155 182 27 110 255 43 200 54 250 0 76 250 0 59
    0 163 0 122 254 168 0 255 117 66 0 0 90 255 204 0 255 180 255 96 255
    231 70 189 61 0 255 32 0 194 75 155 255 27 98 251 92 0 255 0 0 237 2
    255 250 0 255 255 184 104 36 43 0 119 140 121 80 31 13 213 255 142 0
    68 105 35 255 127 255 230 62 186 43 252 9 127 0 0 104 118 0 169 0 94
    255 132 249 70 16 98 255 75 205 108 192 0 0 255 103 107 178 0 50 203
    182 61 255 255 143 27 0 94 255 255 0 255 238 0 255 251 0 161 3 179
    255 66 3 255 0 73 0 0 174 0 0 255 154 0 57 247 173 0 2 255 93 71 121
    34 0 149 180 175 255 230 255 242 41 0 239 73 30 156 255 255 211 177
    246 133 142 12 0 145 255 91 255 123 202 232 0 92 215 0 80 99 0 0 10
    248 0 209 0 126 0 0 0 0 191 0 255 194 57 255 0 0 35 0 255 171 0 0 51
    143 255 255 134 65 0 255 169 113 56 35 231 32 4 0 255 255 0 0 0 246
    205 255 0 66 0 64 138 96 222 255 191 11 62 191 0 0 45 0 255 134 0 0
    39 211 31 60 0 255 27 0 255 255 59 255 245 0 32 255 126 20 84 44 53
    155 139 255 0 255 192 57 0 0 83 110 24 147 0 133 0 220 0 179 133 73
    143 255 0 0 83 1 0 14 199 255 255 0 37 95 0 0 230 255 176 199 226
    255 255 150 224 255 226 255 0 213 229 0 201 128 255 194 255 255 0 0
    236 225 0 2 130 0 210 255 99 0 38 241 0 82 0 226 82 187 174 255 255
    231 94 27 189 0 110 41 67 140 131 255 56 207 108 0 255 0 0 3 0 199
    251 247 34 0 255 0 47 0 207 134 117 165 62 60 40 255 0 77 0 0 0 62
    205 105 255 0 5 53 255 188 0 164 32 21 174 53 0 31 0 131 255 0 0 44
    0 0 0 37 145 0 188 17 255 217 72 62 144 133 237 77 65 24 0 106 198
    166 64 209 255 114 172 241 206 25 255 226 20 255 211 0 0 255 98 255
    0 241 241 71 0 95 0 0 0 143 9 190 0 216 212 92 72 255 132 244 255 0
    180 232 0 255 0 166 56 255 255 226 255 192 0 0 230 144 176 255 255
    159 118 144 219 150 243 59 255 255 21 255 255 0 231 0 0 55 0 255 41
    172 255 255 59 92 235 53 77 0 174 255 255 255 180 142 118 98 0 93 0
    51 255 22 35 111 255 0 0 88 212 255 39 0 80 27 0 255 255 191 43 57
    255 80 19 255 255 135 39 203 219 60 119 30 189 0 0 168 44 23 225 122
    155 175 0 159 0 166 27 0 234 255 0 255 148 255 161 11 255 10 30 243
    156 255 22 255 255 255 0 108 114 204 152 255 57 178 145 8 0 83 90
    212 56 130 207 223 157 255 41 171 79 255 184 44 16 255 216 0 137 0 0
    117 172 255 76 66 255 120 0 0 252 86 61 189 27 106 60 255 25 255 157
    0 0 255 107 0 0 11 255 72 255 61 107 165 255 255 255 255 16 118 143
    25 137 255 106 13 231 254 149 255 223 75 87 69 0 255 253 123 160 255
    0 141 255 106 0 0 148 110 53 162 0 190 54 255 245 101 9 228 254 194
    234 99 206 0 0 225 0 240 142 91 255 255 112 0 182 35 74 0 224 255 14
    0 205 12 64 255 255 91 23 255 11 203 154 147 178 15 255 62 89 178
    191 0 75 231 0 88 204 0 134 0 174 255 101 252 92 255 10 0 255 255 0
    250 12 198 237 102 186 96 28 255 91 131 191 42 231 0 146 188 189 2
    255 0 0 153 120 91 114 154 131 255 0 29 255 206 113 88 157 0 0 255
    255 228 2 82 0 0 53 88 255 255 36 158 255 0 130 255 0 0 156 255 0
    255 85 255 255 0 83 235 219 0 0 255 255 121 251 243 255 18 255 255
    95 0 255 172 31 255 0 7 207 0 0 92 73 0 0 4 0 212 193 113 255 65 127
    84 67 117 255 245 0 255 253 189 64 203 221 0 226 194 0 0 24 255 113
    211 144 255 212 255 247 92 11 127 0 0 111 0 123 79 39 20 107 0 50
    255 141 120 179 85 226 27 255 255 94 255 153 128 40 112 255 0 255 0
    31 92 78 0 44 187 0 236 56 34 136 76 189 255 0 146 0 193 96 241 255
    255 255 92 186 255 40 255 227 221 152 0 233 0 78 255 162 0 109 255
    29 0 214 246 35 215 255 182 74 82 173 255 126 0 255 0 0 138 69 115
    94 255 255 25 202 68 255 255 255 74 164 226 0 224 246 0 255 0 255
    133 230 255 45 41 3 255 14 0 229 0 0 108 180 40 209 0 17 215 126 0
    255 52 1 255 128 7 0 101 70 255 255 175 186 67 108 185 152 171 17
    240 8 31 0 0 207 255 247 255 129 243 0 43 47 255 247 0 0 217 255 0
    255 0 146 0 255 255 0 47 63 0 0 182 0 9 68 0 92 243 60 255 222 0 63
    168 29 215 40 255 0 121 114 45 1 191 0 255 109 86 0 0 42 0 0 255 0
    170 255 255 253 244 172 228 40 178 0 136 255 43 230 0 0 126 255 159
    0 19 255 0 255 58 220 252 238 120 101 198 93 5 255 6 197 255 0 166
    240 62 150 46 13 255 206 207 186 0 44 112 88 0 214 222 227 19 120 30
    0 35 90 231 0 255 0 108 0 0 0 182 16 0 255 185 18 255 255 130 255
    163 81 247 0 80 37 220 184 0 165 9 221 199 0 0 253 0 0 134 13 255
    175 255 41 48 0 67 255 5 74 145 255 244 132 231 197 128 201 20 163
    122 26 236 248 255 255 43 255 0 1 147 175 70 161 0 28 205 255 0 172
    240 0 60 146 208 255 255 138 0 109 143 94 0 254 47 7 0 47 216 28 0
    107 127 76 41 255 151 94 0 11 63 131 241 0 0 228 173 255 111 0 0 145
    246 140 210 0 0 244 0 32 255 255 163 255 132 76 255 158 161 91 65 0
    172 140 0 105 16 37 0 62 0 205 163 255 255 0 28 0 129 36 56 235 255
    131 29 118 78 142 255 255 0 250 255 174 208 237 0 255 35 255 233 23
    0 255 180 238 6 255 196 3 0 85 130 18 44 0 26 0 0 108 0 71 255 0 255
    255 0 0 255 255 10 219 255 255 225 0 255 249 0 0 125 0 255 85 255
    255 139 144 0 109 40 173 8 101 126 0 0 152 255 5 140 0 224 255 255
    21 51 255 255 111 74 70 131 134 74 6 222 76 216 246 63 79 80 0 226
    60 254 255 255 72 169 25 255 18 92 255 255 100 36 255 96 94 0 250 0
    255 182 41 78 0 213 0 182 79 104 255 137 0 0 83 255 40 0 96 255 255
    255 0 255 255 134 112 255 152 212 0 255 0 255 210 167 64 70 137 251
    100 255 0 94 205 31 50 0 60 255 255 255 38 72 50 114 168 74 10 255
    173 231 53 187 255 255 255 246 241 141 255 151 138 255 255 0 194 97
    0 79 0 60 187 73 255 255 0 29 0 199 255 174 246 137 8 255 0 73 248
    150 187 237 232 252 255 100 3 242 255 8 255 213 0 0 0 204 184 60 63
    194 188 0 0 123 229 0 247 255 45 0 255 81 0 255 64 195 7 0 176 164
    177 255 0 115 255 0 161 215 0 0 138 255 0 200 0 86 0 8 0 253 198 16
    255 99 13 238 0 84 0 5 32 0 232 69 0 53 15 255 187 124 134 21 255 3
    199 125 0 176 0 0 255 122 255 175 0 0 55 41 243 255 0 0 202 228 0 0
    150 0 0 222 0 186 106 4 122 59 0 228 0 234 0 0 0 0 0 53 66 0 117 0
    98 42 0 125 237 149 74 35 255 87 172 215 0 180 117 255 255 218 117
    59 191 147 182 54 0 151 212 68 52 158 7 240 255 181 179 255 133 255
    186 0 130 151 217 133 252 192 255 255 184 18 255 255 65 255 69 255
    37 200 45 220 44 255 255 15 225 0 255 237 0 0 255 255 30 171 89 39
    197 255 122 106 154 255 54 65 255 234 0 51 72 171 0 131 0 255 161 0
    235 143 255 234 249 0 255 0 140 156 255 255 105 145 0 190 39 0 198
    101 76 134 212 0 54 46 255 219 233 0 146 232 124 203 53 87 163 0 255
    231 255 255 0 103 255 91 178 9 30 227 167 140 255 0 82 255 77 15 41
    188 204 180 144 0 196 143 118 0 255 58 222 49 136 81 128 255 229 0
    132 40 139 75 8 193 191 35 0 246 255 131 0 29 0 171 255 110 255 255
    213 211 157 218 85 211 193 76 0 255 10 255 103 0 0 68 188 0 118 175
    76 225 255 0 127 144 65 93 45 255 89 100 255 109 0 255 0 38 0 0 26
    195 0 17 175 175 255 0 0 223 255 152 255 39 223 0 40 0 0 22 0 0 0
    227 229 3 142 255 189 255 252 242 120 0 0 114 161 151 49 0 133 0 0
    255 255 254 229 0 54 0 237 152 83 255 107 255 95 77 101 0 136 255
    165 192 0 255 255 68 95 200 216 152 0 220 255 238 86 73 134 118 121
    40 255 255 255 69 255 50 145 0 191 204 0 197 253 175 0 145 33 0 92
    151 214 255 34 9 126 9 95 255 255 169 255 255 180 166 0 0 255 0 91
    197 0 204 255 55 115 0 255 192 215 0 255 255 133 48 255 27 129 255
    22 177 10 10 193 34 245 255 18 0 255 201 255 0 255 84 122 167 205
    139 112 255 255 0 255 56 48 125 18 23 142 5 0 98 195 0 0 19 1 255
    255 255 75 203 80 16 116 173 249 255 61 255 255 255 179 255 60 0 192
    129 0 255 255 38 255 26 199 18 255 232 35 142 0 126 255 0 76 255 72
    126 75 0 221 106 118 199 0 165 6 0 39 71 255 0 255 214 255 177 195
    162 153 112 32 86 72 0 177 136 138 255 126 175 200 126 119 226 255
    112 152 171 138 255 68 255 139 101 60 233 0 90 143 255 255 242 192
    58 188 123 0 152 7 53 131 236 198 148 127 194 58 67 251 255 242 255
    38 255 67 0 115 6 218 92 85 121 255 255 242 222 255 255 255 255 255
    29 222 0 253 46 212 179 44 179 23 0 193 11 63 179 103 255 0 4 160
    208 255 94 198 255 118 0 0 255 0 0 0 100 64 0 255 214 255 96 0 46
    255 0 0 0 76 255 255 2 116 229 143 204 224 255 85 0 0 72 0 13 202
    255 2 8 20 34 16 165 23 200 255 157 100 0 255 255 203 154 31 29 142
    243 115 0 255 226 214 0 0 87 124 20 203 176 86 254 48 121 255 1 0
    118 247 219 186 255 78 0 91 255 0 74 53 188 45 0 7 250 0 148 96 0 54
    255 0 109 25 183 36 0 0 110 130 246 43 230 255 27 224 0 237 171 0 0
    255 144 141 0 238 255 100 0 218 138 0 141 0 255 198 173 64 96 173
    160 22 255 216 255 255 30 188 146 227 244 0 0 255 28 113 0 223 57
    255 88 114 69 118 20 211 255 255 0 227 0 20 255 118 168 128 206 204
    33 0 40 158 158 185 0 0 76 211 255 5 255 255 0 0 40 247 134 0 228 0
    76 255 255 224 246 255 255 255 121 255 175 3 255 23 255 65 0 155 116
    146 0 10 249 16 255 231 108 255 83 255 255 86 255 219 0 255 0 0 214
    0 77 23 92 253 156 15 255 85 243 161 48 225 158 0 130 211 76 255 20
    11 103 255 239 0 58 237 128 85 113 132 73 236 46 205 255 32 117 255
    33 255 255 2 162 255 0 255 17 0 41 0 108 255 114 0 97 232 133 54 255
    217 0 255 252 255 191 255 255 138 255 0 98 0 10 208 243 255 151 255
    0 147 62 207 89 80 0 255 0 90 4 173 255 42 243 0 255 100 170 16 155
    27 255 255 255 3 255 255 255 111 37 255 248 134 0 255 255 209 71 255
    249 255 72 0 0 37 0 255 182 0 0 226 255 0 255 255 255 255 255 12 173
    255 255 255 191 0 255 0 254 0 135 33 43 73 0 61 126 238 105 107 255
    0 0 21 255 255 166 132 106 233 0 0 167 0 207 255 211 110 189 255 137
    216 255 255 0 255 37 237 207 0 255 0 255 255 255 227 0 140 0 255 237
    109 0 178 0 0 205 255 126 178 255 251 188 255 93 0 0 255 234 104 202
    176 129 211 25 255 166 101 255 96 221 255 54 31 205 61 165 59 255
    123 248 82 251 230 14 255 32 0 37 34 0 255 0 126 147 63 144 110 212
    255 255 0 151 10 218 0 108 172 255 216 131 252 136 177 0 255 0 255 0
    0 255 0 255 0 127 255 0 133 0 255 0 239 255 0 106 231 193 0 56 255
    163 66 196 202 0 221 255 0 255 113 181 0 0 166 0 255 255 0 204 93
    221 0 196 203 255 190 0 101 156 141 0 58 0 207 255 203 85 163 255 61
    213 0 165 47 203 1 81 93 213 75 203 44 239 75 173 255 189 255 0 110
    0 21 0 149 135 74 201 67 255 126 85 255 204 255 140 249 43 33 0 0 54
    24 0 80 14 136 87 0 184 152 83 0 0 0 0 229 17 96 202 109 0 255 123
    141 117 255 126 255 242 130 124 214 0 0 101 156 136 3 16 255 56 34
    187 21 0 120 106 128 75 0 0 133 137 0 186 0 0 131 0 0 172 0 0 32 187
    30 52 51 255 235 17 0 24 234 0 200 89 118 60 255 162 217 154 87 61
    141 31 0 237 161 238 225 0 0 232 255 10 255 80 45 27 0 63 254 226 0
    255 101 180 60 180 0 141 134 64 255 224 186 255 208 240 255 47 254
    63 0 255 29 255 185 104 255 0 0 176 117 255 0 255 0 0 255 94 23 255
    0 255 109 0 0 177 119 30 18 21 0 210 41 122 111 72 5 9 27 0 255 233
    0 0 0 21 126 0 151 221 78 0 119 214 0 255 124 0 0 0 167 254 136 65
    255 96 178 47 0 255 46 0 0 255 218 154 255 58 105 255 227 255 0 29
    242 222 162 206 31 231 0 73 26 167 215 255 121 183 168 184 27 0 167
    255 47 76 64 86 133 109 232 7 209 132 45 190 0 45 153 0 71 52 0 73
    137 0 0 255 255 70 0 71 255 205 142 255 255 17 56 134 255 172 160
    255 95 0 154 225 255 165 255 255 246 10 19 0 126 0 130 110 81 228 0
    77 0 187 208 0 255 94 156 243 0 218 128 234 255 253 153 249 54 255
    166 240 249 0 255 210 0 0 9 105 125 0 0 170 139 255 252 84 107 255
    209 210 97 198 255 133 255 253 0 255 255 40 211 150 51 176 228 126
    209 215 0 142 0 0 54 255 164 241 0 191 255 140 60 0 24 110 143 77
    179 154 7 0 255 231 163 255 101 255 0 216 87 0 255 0 242 55 142 255
    189 255 154 255 156 0 117 247 233 157 171 0 177 108 0 0 255 83 0 185
    0 201 166 104 255 96 255 255 0 0 45 86 228 3 6 0 155 0 0 219 9 160 0
    255 190 47 168 188 116 255 0 214 255 233 255 0 255 255 77 0 50 75
    255 255 0 217 57 86 186 153 106 123 255 209 252 48 255 0 17 0 168 0
    0 249 190 194 0 255 255 22 156 194 155 200 172 0 0 217 180 0 133 251
    50 237 0 50 0 0 0 0 56 126 240 219 7 112 20 255 98 0 0 0 0 0 232 67
    26 0 0 0 96 0 93 0 194 188 174 107 127 250 44 255 0 187 21 238 0 255
    255 85 255 178 45 203 184 103 255 68 255 255 173 229 0 255 20 235
    255 0 85 139 0 158 54 255 0 0 240 99 69 255 141 44 22 33 255 255 217
    0 44 97 203 250 255 120 55 155 204 255 111 55 0 128 255 178 255 52 0
    0 196 125 223 8 255 135 255 255 56 30 234 120 149 249 255 214 0 223
    65 183 0 18 165 0 136 140 94 0 0 243 255 234 255 255 243 255 0 250 5
    166 70 255 6 255 181 231 0 255 255 0 143 233 227 59 0 255 82 38 241
    22 56 210 13 255 7 0 254 255 92 219 93 244 0 249 255 0 234 185 72
    122 176 0 197 5 255 125 0 49 29 255 0 255 129 220 19 255 250 32 130
    218 12 63 162 0 215 100 178 182 0 0 87 104 90 0 188 170 41 238 118
    107 240 0 118 155 255 162 0 76 230 0 238 118 0 0 6 24 207 255 255
    255 0 41 255 213 41 111 21 167 255 250 101 255 0 255 0 0 255 119 149
    255 149 255 114 233 135 255 179 255 160 255 37 11 173 255 154 0 0
    121 0 0 4 124 51 233 179 255 255 160 227 147 208 0 0 188 12 194 255
    159 167 159 80 178 0 0 255 144 68 158 93 82 255 111 105 255 255 255
    177 255 139 11 193 218 65 255 145 255 0 182 4 145 157 130 0 34 225
    159 106 0 201 255 0 0 0 46 255 0 166 226 0 171 3 169 0 68 0 33 218
    166 112 83 0 255 58 1 0 255 0 0 17 20 0 37 46 236 2 0 133 255 15 250
    238 237 181 24 189 112 130 82 187 255 255 76 6 123 110 130 102 255
    57 179 255 74 247 0 77 19 0 201 29 255 0 0 230 102 153 155 126 0 88
    235 37 98 234 0 146 239 0 235 31 255 255 255 128 255 0 155 107 0 255
    106 255 41 0 122 201 23 0 0 33 23 51 0 0 131 116 190 0 151 0 14 0 0
    0 254 202 0 255 148 255 229 0 0 0 90 93 200 63 233 31 255 24 62 255
    234 255 241 184 81 35 42 255 63 112 44 0 42 37 84 88 0 0 167 127 255
    248 255 198 255 103 205 231 255 120 220 20 193 0 219 83 255 0 255
    255 58 36 65 255 0 118 0 0 255 0 255 238 173 239 247 255 151 221 152
    182 253 153 0 255 255 222 88 215 121 171 255 248 119 174 108 59 13 0
    0 19 166 255 255 255 0 255 53 139 205 227 59 226 179 5 135 175 214 1
    169 255 255 84 175 239 255 176 56 0 255 77 231 201 255 207 142 113
    255 171 127 0 168 136 30 230 0 191 44 140 255 21 165 31 235 255 236
    89 255 82 255 255 195 41 52 49 187 0 255 255 64 255 118 0 215 24 143
    0 13 255 40 96 199 223 52 0 162 98 0 89 255 166 173 43 203 89 0 82
    17 0 0 181 0 255 244 158 0 0 255 86 0 58 82 157 96 187 0 0 0 130 35
    118 88 68 255 174 164 224 139 255 255 0 68 162 172 129 255 86 114
    255 0 218 0 78 255 0 222 255 255 255 0 71 87 0 234 255 0 173 36 194
    46 236 0 0 195 203 229 57 0 0 179 133 18 255 0 255 0 255 0 70 139
    157 208 55 14 127 255 158 242 67 255 0 225 235 45 42 231 0 152 123
    238 230 255 0 255 251 0 219 221 26 236 14 144 0 0 78 55 255 82 158 2
    0 0 112 243 83 0 30 255 159 47 228 74 87 255 90 0 144 87 0 227 178
    255 131 107 75 255 0 79 75 16 255 3 255 213 117 0 255 255 203 0 31 3
    92 50 0 227 254 0 255 28 223 255 52 0 190 0 111 121 9 118 255 164
    255 102 75 76 92 15 146 0 234 0 110 100 129 255 114 250 222 0 84 0
    100 0 188 19 0 128 102 255 0 133 60 39 217 150 0 140 192 136 142 31
    97 40 176 54 0 194 196 102 171 0 94 0 0 164 17 255 89 157 135 89 255
    255 0 12 142 73 0 63 241 198 255 103 255 255 0 0 228 213 0 0 62 239
    0 0 255 215 177 209 98 182 255 180 120 55 255 73 255 0 147 255 27
    197 255 146 137 175 4 176 253 255 126 13 0 16 255 164 201 7 0 255 0
    234 0 190 10 75 255 255 88 62 129 64 0 24 0 255 194 255 110 255 143
    235 200 43 20 0 0 54 206 50 255 80 194 105 85 0 255 155 152 255 47
    255 166 156 73 60 97 235 26 0 0 7 217 177 124 114 227 0 0 0 123 254
    33 0 0 166 152 57 38 148 140 33 255 102 55 0 147 99 175 0 252 244 39
    255 49 177 61 255 0 0 32 146 177 231 7 255 24 0 229 0 114 9 0 238
    255 195 2 255 117 0 55 99 2 65 19 248 0 10 14 174 231 174 0 167 0 93
    226 9 0 4 235 111 177 22 162 255 222 174 118 138 38 164 241 255 255
    0 78 1 170 214 0 0 0 77 2 90 255 255 0 240 0 176 59 24 254 197 235 0
    183 0 143 255 134 195 128 255 151 0 255 0 79 78 215 193 0 47 197 0
    14 75 139 52 255 122 0 255 255 150 255 0 0 255 0 33 130 0 92 0 0 144
    8 184 212 50 32 255 255 154 255 0 255 255 150 197 90 0 255 122 81
    148 255 255 0 255 206 68 255 239 0 0 151 231 58 5 147 212 130 0 140
    106 255 66 0 255 255 121 255 255 0 255 147 149 0 255 60 252 150 255
    42 255 208 255 255 37 155 136 0 57 0 37 131 0 0 54 0 132 0 0 27 255
    255 98 55 255 208 0 0 0 0 180 166 247 243 236 255 0 0 109 66 255 44
    255 172 35 206 255 250 45 87 255 255 153 186 255 121 201 255 80 0 0
    241 3 28 28 112 255 146 87 255 68 242 56 255 71 231 30 255 196 0 186
    61 0 0 77 208 0 111 247 0 137 118 176 91 255 0 219 0 206 255 169 255
    232 0 13 255 255 234 153 162 235 0 0 136 141 8 216 0 255 203 241 240
    77 218 255 247 79 191 197 66 27 255 48 132 31 57 105 0 42 189 192
    191 151 155 110 47 248 32 255 34 255 247 137 66 234 49 255 109 0 0
    146 89 255 167 47 246 156 167 0 12 255 0 0 185 184 246 186 196 255 1
    244 0 231 255 255 227 212 123 0 0 172 255 239 48 140 255 0 95 197
    224 22 255 99 139 0 0 191 0 122 255 23 220 81 103 0 255 162 25 72 77
    0 76 112 0 255 254 125 243 255 158 64 191 255 207 255 131 0 0 233 9
    255 45 255 168 111 255 42 255 212 0 20 46 0 136 204 53 164 0 255 128
    0 11 91 65 129 0 255 88 255 255 255 67 77 27 0 48 3 0 255 125 176
    255 219 255 255 160 0 0 255 91 170 116 129 255 0 255 139 0 248 0 104
    192 132 53 0 255 127 0 46 186 255 247 43 57 0 0 255 139 0 241 76 196
    255 0 236 255 94 244 78 176 255 255 231 0 31 0 212 16 14 180 198 204
    21 44 52 149 208 255 49 255 0 0 255 176 255 255 139 255 253 60 167 0
    94 154 190 255 186 0 102 255 242 0 0 0 0 174 139 226 184 0 24 255 92
    0 98 41 25 128 214 0 255 0 48 234 221 191 255 255 255 0 188 255 255
    85 255 0 255 0 81 5 116 0 0 2 0 0 16 0 0 0 85 186 110 159 71 51 0 67
    19 255 137 0 255 33 92 255 255 123 38 255 0 251 217 0 60 255 117 3 0
    15 151 224 105 0 242 255 162 255 220 0 205 229 24 68 0 62 11 0 0 0
    171 248 255 255 34 0 22 59 0 0 99 0 111 255 5 207 24 140 255 255 149
    0 138 255 99 99 255 200 59 255 0 0 255 67 215 80 255 242 157 236 255
    69 61 0 237 255 0 126 0 111 0 0 132 255 255 255 139 158 143 161 50
    255 187 20 255 101 138 251 247 90 1 119 255 0 154 98 60 0 0 0 50 0
    143 8 8 0 0 225 180 216 211 0 226 0 217 186 180 170 255 146 0 255 0
    0 254 255 0 127 204 149 0 0 209 0 55 0 255 0 17 255 41 255 155 0 0 0
    0 89 255 255 196 0 169 38 99 0 18 123 82 132 56 93 243 0 147 0 149
    255 65 172 0 211 255 0 0 0 139 99 255 172 189 73 255 68 208 80 84 63
    0 17 125 106 24 0 179 29 255 0 120 164 184 0 216 200 119 161 12 0 0
    0 255 8 255 255 162 235 161 113 255 249 12 180 255 0 0 227 0 0 31
    227 227 160 185 7 82 195 96 0 254 1 65 255 255 120 255 0 41 180 88
    255 0 121 91 255 197 255 255 0 0 141 132 167 255 131 255 96 0 147
    100 0 255 117 176 0 36 14 0 0 0 179 166 0 19 37 130 117 91 14 167 0
    0 58 164 108 255 0 77 46 0 173 0 80 4 42 102 106 201 17 78 0 255 255
    173 52 6 3 0 255 128 234 193 255 146 54 45 123 108 0 72 255 163 24
    190 255 31 112 255 108 149 52 67 28 0 255 0 51 96 0 219 217 28 237
    255 0 255 8 255 255 0 178 12 0 30 15 0 255 255 228 255 57 211 212 65
    133 146 211 200 122 0 255 103 22 255 235 255 0 255 13 203 0 98 14
    151 0 166 109 129 208 242 64 139 0 122 255 84 7 255 23 255 89 0 170
    112 166 191 77 255 0 148 210 255 190 17 5 0 0 0 0 44 165 0 110 0 111
    187 117 255 130 26 166 0 51 38 231 200 108 108 79 138 129 37 255 163
    37 218 68 80 222 255 0 255 81 0 183 108 154 255 0 255 207 158 221 0
    144 206 237 205 196 144 0 182 43 197 0 255 255 207 0 184 162 0 184
    172 244 18 0 255 0 237 16 12 8 135 92 168 255 0 9 47 255 184 13 162
    0 0 1 15 0 179 240 80 35 0 212 5 69 170 243 0 255 49 220 40 220 13 0
    95 141 49 154 255 0 0 123 151 108 0 46 187 146 255 0 122 65 48 255 0
    0 255 178 0 0 216 100 187 0 183 255 102 255 0 136 236 86 255 255 255
    89 214 117 175 204 132 57 147 230 133 0 0 102 0 33 42 6 43 73 62 255
    90 255 234 237 255 162 176 224 196 255 158 144 255 90 255 237 0 36
    21 100 29 136 253 28 68 253 199 185 50 117 255 68 158 118 229 0 255
    139 134 255 255 255 255 218 158 183 145 0 55 255 7 150 223 184 99 0
    45 252 0 27 63 142 0 255 255 88 255 255 65 115 255 253 255 62 6 0 63
    57 0 125 0 182 208 217 0 203 255 86 57 255 255 111 73 255 0 19 201
    96 113 255 11 209 168 138 229 0 255 0 175 0 204 0 236 81 128 18 0
    197 152 65 246 251 255 187 198 62 255 219 0 0 198 146 128 11 255 221
    255 0 255 255 104 0 255 0 0 255 199 197 255 216 72 107 117 200 0 255
    151 163 255 206 0 149 110 168 0 188 0 0 0 0 255 198 255 235 255 119
    0 249 0 255 130 61 56 221 0 107 127 208 55 45 255 214 117 237 194 0
    7 171 122 0 172 142 19 255 201 118 255 255 255 44 255 0 0 81 0 125
    217 179 255 255 131 204 90 85 182 0 32 255 0 216 255 77 255 48 66 14
    225 208 111 133 145 255 255 255 148 255 255 96 186 255 40 0 215 0 70
    255 149 255 210 255 142 255 33 17 255 255 250 40 52 167 226 240 211
    197 0 255 145 95 23 68 247 24 0 145 246 0 255 255 42 233 145 0 245
    10 37 112 103 102 0 0 71 255 170 255 183 221 70 81 128 29 0 116 249
    0 0 69 0 255 165 255 35 0 255 0 200 83 29 0 44 0 64 0 195 157 255
    255 0 0 67 6 0 0 0 0 255 255 209 255 255 42 177 60 0 234 25 221 51 0
    0 255 37 254 0 0 126 25 253 239 220 102 255 91 8 246 196 100 255 211
    242 0 168 146 225 231 227 30 0 136 132 255 253 0 119 156 203 0 255
    255 255 199 255 153 255 143 209 69 181 255 87 88 17 255 0 217 255
    255 86 174 255 30 0 225 59 0 217 90 255 243 102 205 0 226 178 0 251
    102 190 132 255 22 255 255 157 60 136 255 82 45 255 120 51 81 255
    255 255 52 255 255 159 0 255 255 87 255 0 215 0 0 0 188 8 143 0 0
    154 127 158 255 0 76 74 241 102 0 88 255 190 219 255 255 255 255 86
    217 105 7 108 122 117 0 180 42 255 167 23 255 120 255 253 148 0 239
    205 38 221 0 44 122 89 48 0 255 231 154 171 67 255 216 0 167 255 167
    79 117 98 255 248 246 131 0 253 78 0 255 255 0 99 0 255 130 0 255
    193 100 179 130 97 0 144 0 139 26 142 46 61 101 154 0 117 0 255 255
    255 176 122 127 3 255 0 127 0 119 182 223 0 255 255 221 253 194 135
    30 16 85 234 0 175 61 255 255 255 98 139 255 255 255 255 98 167 42 3
    94 0 255 138 255 255 99 83 127 200 212 28 255 64 0 0 255 217 255 252
    0 49 4 105 129 88 10 176 255 255 154 0 86 96 0 138 0 174 51 0 108
    145 235 51 33 253 0 0 1 253 145 0 90 38 0 90 110 128 255 0 130 194
    210 92 128 213 255 14 217 255 161 181 0 82 101 66 38 83 255 26 69 0
    75 68 97 82 219 0 255 0 182 0 63 0 74 0 241 6 183 239 199 121 125
    240 0 123 249 12 0 252 148 234 0 41 208 0 255 126 0 0 189 97 126 112
    0 187 255 86 0 20 121 0 255 69 68 142 191 224 255 255 255 105 123
    255 112 184 14 69 193 255 179 0 152 190 207 96 255 165 255 255 0 116
    80 0 0 225 123 245 255 133 0 182 208 139 255 116 207 0 255 70 54 94
    255 255 233 119 255 255 42 181 122 118 200 140 230 0 3 255 150 4 126
    255 0 191 114 210 0 0 226 185 167 0 0 93 255 112 178 226 135 0 255
    115 29 255 125 185 140 255 80 8 229 210 133 235 0 144 106 30 145 255
    235 195 0 52 38 93 40 0 255 92 255 255 210 106 0 0 0 172 255 193 0
    31 237 255 255 255 255 175 130 178 19 17 0 91 224 225 255 129 255
    160 208 255 18 184 0 255 126 26 181 46 48 92 0 248 145 255 204 132
    252 255 0 169 166 113 34 176 0 255 0 0 0 53 255 84 66 0 255 89 140
    82 12 193 0 21 255 66 6 255 0 209 255 52 60 196 167 255 140 232 183
    0 244 0 0 152 196 0 255 222 210 255 80 0 152 91 137 62 197 0 172 201
    255 195 255 255 46 255 35 255 158 152 178 77 133 39 28 0 120 128 96
    255 208 183 153 255 0 0 89 174 255 0 0 251 168 174 65 62 185 0 150
    68 19 185 30 19 255 116 72 172 255 93 255 192 255 85 255 181 176 76
    224 18 0 158 157 0 130 0 52 64 0 255 193 181 64 66 255 98 53 255 249
    69 255 113 255 211 255 36 189 206 0 150 8 0 55 76 130 0 255 255 194
    255 255 3 251 0 106 144 109 244 107 65 91 164 188 255 202 1 255 255
    0 105 32 24 91 255 218 15 239 0 205 237 0 0 127 19 121 77 128 0 0
    255 0 70 0 0 133 255 255 17 118 255 99 46 0 20 255 226 139 134 115
    229 221 255 255 130 79 158 6 115 46 0 0 255 204 5 152 0 85 45 12 108
    74 0 8 0 175 255 71 249 34 255 230 201 124 0 173 40 150 164 46 255
    103 254 0 0 255 0 0 0 0 19 160 18 249 126 101 138 214 104 246 255 0
    18 153 235 208 255 62 148 255 0 255 118 53 168 0 189 244 92 0 4 0 10
    255 244 255 0 180 81 205 255 170 0 193 107 161 181 156 255 200 81 47
    237 184 0 117 94 0 226 0 152 192 255 255 0 255 255 255 0 93 0 0 68
    216 100 54 118 0 121 8 15 175 0 241 52 164 131 229 137 255 66 255
    255 0 208 182 148 202 255 255 255 0 16 17 255 255 105 255 96 253 58
    0 29 255 198 213 134 255 31 220 198 204 70 109 0 18 67 211 21 4 68
    203 190 61 29 252 255 164 148 95 255 220 162 101 255 61 255 82 133
    30 255 135 0 255 0 87 0 171 66 0 255 243 37 180 255 0 28 255 26 50
    205 171 235 142 46 221 69 40 0 108 128 95 255 87 255 31 255 21 0 238
    0 80 158 207 162 93 184 163 0 0 202 184 187 130 255 0 7 255 10 0 0
    29 0 138 144 76 255 151 57 255 46 207 0 0 0 46 16 200 255 255 19 95
    1 247 217 255 0 255 0 155 232 43 251 200 0 126 0 214 255 255 89 255
    213 75 59 0 255 158 249 220 252 0 0 94 5 111 83 50 202 255 46 120
    255 14 56 5 33 53 80 204 255 211 6 24 22 87 0 146 255 255 255 161
    255 144 61 31 255 0 187 122 171 27 0 0 255 0 10 224 36 148 218 22
    147 124 28 189 78 255 164 0 92 18 37 130 207 0 252 248 196 90 11 59
    0 132 0 154 240 245 255 255 6 125 0 147 223 245 255 0 32 145 234 94
    14 0 224 188 255 7 0 153 111 205 60 234 0 32 255 255 255 88 255 61
    113 149 165 241 237 79 165 250 0 156 141 255 33 248 255 0 160 243
    201 255 0 236 255 138 0 180 82 74 0 101 186 0 0 229 224 192 165 248
    241 184 0 8 119 143 0 208 230 77 0 255 186 54 168 17 246 188 38 64
    255 0 91 0 190 255 255 49 216 0 0 221 206 0 38 239 0 78 0 0 255 0
    197 0 93 0 0 107 61 150 193 47 0 255 255 255 121 239 62 255 240 198
    255 236 180 255 214 255 210 137 162 0 0 255 233 255 255 106 0 218 72
    0 80 85 216 76 217 131 178 9 255 185 13 76 213 126 255 0 255 255 174
    202 187 255 0 133 255 232 247 9 0 139 0 255 217 216 69 238 182 255 0
    18 13 0 100 0 0 240 252 0 164 57 255 152 219 145 22 235 198 0 155 88
    217 231 0 22 239 255 200 0 0 173 142 46 84 91 4 54 90 0 75 253 0 22
    59 22 242 3 255 88 221 237 5 233 66 182 44 190 0 146 81 255 255 255
    120 255 238 0 4 172 143 121 198 255 186 255 255 199 200 255 167 196
    51 255 0 0 124 162 36 0 226 255 209 104 0 13 131 55 73 133 90 79 255
    0 237 16 255 176 236 191 3 255 0 10 249 227 0 52 255 120 100 159 169
    89 255 89 255 58 179 103 255 242 203 20 255 198 89 255 232 91 0 11
    107 101 255 255 255 48 150 251 255 204 0 255 157 12 191 24 1 120 114
    170 25 240 235 123 172 0 140 118 124 192 255 239 13 184 230 163 132
    156 255 88 0 255 38 0 69 1 255 255 237 59 80 210 0 51 255 145 255
    216 106 166 176 170 65 21 0 223 106 209 0 255 0 0 255 255 7 255 0 32
    255 150 241 170 212 150 123 59 172 32 0 0 0 195 0 0 107 107 10 255
    55 0 105 255 180 88 169 0 230 255 142 126 0 222 255 88 212 0 69 232
    226 190 68 44 64 151 8 239 0 0 10 255 130 57 255 255 218 215 143 246
    113 152 0 255 130 0 142 187 2 255 73 61 255 0 255 124 168 0 199 125
    122 255 238 95 255 197 255 114 154 114 180 255 109 0 113 255 230 250
    0 221 109 236 226 236 29 244 0 104 178 23 0 10 1 20 245 0 51 102 255
    255 3 161 198 33 155 186 142 119 0 255 0 255 34 0 191 255 37 127 81
    0 213 0 255 231 0 255 43 186 162 0 218 131 0 7 31 123 0 0 158 0 115
    255 161 0 0 223 244 45 255 255 0 185 129 92 255 67 211 173 199 55 37
    0 0 212 86 47 145 0 245 32 119 114 142 84 17 49 255 0 236 255 255 83
    219 255 255 181 180 98 68 135 0 122 35 3 152 0 142 207 140 255 0 113
    255 56 201 107 102 255 117 255 154 152 224 79 0 92 151 0 67 0 225
    125 229 126 0 255 168 0 0 34 79 112 131 255 146 89 2 0 255 255 27 35
    0 156 93 120 1 186 229 255 191 0 12 0 197 137 23 0 232 199 255 191
    255 80 229 228 90 187 247 255 255 86 1 255 255 130 0 255 0 255 147 0
    0 151 36 27 255 48 207 50 125 219 8 22 255 47 255 238 189 255 0 92
    213 210 28 255 91 173 0 166 217 194 69 183 88 0 255 255 126 0 53 0
    215 3 246 223 251 250 156 0 72 68 78 255 0 0 84 133 216 219 91 56
    198 129 64 0 242 90 33 0 129 54 0 138 255 146 21 222 180 255 247 0
    14 156 0 255 27 255 229 159 237 255 195 97 149 0 39 38 7 255 143 172
    139 237 211 164 255 255 0 255 255 241 205 32 0 178 0 98 0 50 0 6 124
    255 255 32 255 34 59 255 255 55 255 152 174 164 184 243 63 47 255
    234 77 0 0 0 134 0 230 77 255 8 231 197 0 255 213 0 232 28 75 0 93
    172 0 255 255 255 208 255 208 44 81 150 255 255 225 109 89 117 138
    81 255 55 53 142 0 255 129 84 0 209 255 97 108 29 16 47 87 229 0 37
    238 255 115 74 107 231 122 0 255 140 238 0 147 79 30 255 51 81 255
    85 93 103 255 123 110 132 62 129 35 255 0 250 59 199 255 0 33 230
    255 129 126 188 207 24 227 61 255 7 0 255 89 0 255 64 115 148 255
    128 82 0 255 129 10 221 3 90 5 53 255 0 0 78 93 226 223 255 50 255
    255 255 103 255 114 185 82 255 60 32 0 0 35 21 120 182 40 255 3 165
    193 135 112 230 0 216 190 196 255 254 225 243 255 34 0 255 227 44
    112 0 0 205 90 255 185 0 0 96 228 70 101 40 63 143 0 255 93 255 172
    186 97 25 16 0 203 108 0 85 111 20 217 66 79 127 7 186 104 255 174
    97 0 84 94 233 196 255 93 0 0 197 78 255 48 233 0 67 171 184 39 95 0
    32 196 255 181 43 255 122 67 38 189 84 35 0 49 255 119 255 187 255
    163 40 125 245 255 191 181 219 181 13 34 255 246 0 0 130 0 146 0 60
    231 83 197 255 194 159 115 0 255 69 58 255 217 0 255 198 130 51 107
    185 255 82 230 20 43 165 15 255 54 141 20 255 107 206 0 244 13 255 0
    122 59 0 47 146 18 255 77 78 0 140 13 255 111 255 135 142 131 208
    152 156 255 0 249 251 0 0 89 37 0 136 150 173 251 30 238 0 125 27
    217 113 89 48 61 213 179 203 182 255 114 255 39 140 20 132 125 16
    117 234 0 197 0 0 64 255 27 98 194 255 178 255 255 130 244 255 0 255
    248 0 155 211 194 118 255 171 231 0 220 255 149 13 153 255 16 43 161
    0 4 136 0 187 255 125 170 241 92 132 186 0 112 45 0 202 255 2 93 16
    24 255 0 0 77 0 255 0 0 127 204 254 142 255 215 255 71 184 227 142
    255 255 255 222 0 0 15 0 13 0 245 255 0 255 131 224 0 75 255 152 168
    54 75 69 58 128 34 2 0 255 61 169 60 123 255 145 14 211 8 228 30 0
    255 1 255 67 100 148 255 192 126 0 80 255 152 255 255 59 89 195 241
    209 255 255 197 113 103 11 143 255 220 17 100 51 69 255 146 78 189
    39 216 255 23 206 238 221 204 13 255 255 121 149 0 79 134 255 106 0
    252 0 177 76 0 248 0 0 255 123 92 0 190 0 236 255 0 212 255 148 104
    124 255 255 255 224 215 255 144 255 207 159 98 0 21 38 0 0 123 255
    43 41 187 105 255 206 0 255 139 65 233 48 112 48 224 174 61 58 255 0
    55 14 203 201 12 8 255 255 0 250 0 235 141 229 165 146 0 159 163 199
    163 58 17 255 73 141 212 227 231 0 0 127 69 250 255 0 88 59 43 202
    255 67 243 0 104 68 0 247 255 174 79 71 0 126 255 52 0 0 205 201 255
    224 0 238 194 0 0 17 0 255 255 204 255 165 72 19 193 0 15 0 10 255 0
    187 190 193 194 208 96 255 255 0 179 177 94 108 238 205 184 219 200
    201 192 118 255 121 68 80 101 0 37 5 133 202 131 255 168 0 161 254
    255 23 200 255 134 30 174 255 0 255 233 0 255 255 100 92 255 157 157
    203 132 0 5 255 255 195 255 34 166 244 133 59 13 255 124 253 0 251
    70 179 140 110 254 214 67 104 0 255 110 98 255 0 154 249 0 98 0 0
    199 134 0 177 255 255 252 85 255 69 253 139 160 148 39 172 65 163 0
    0 47 212 8 0 0 126 95 0 145 159 0 71 0 0 225 255 79 86 80 85 255 255
    0 255 42 245 1 0 72 213 3 255 185 118 0 255 111 49 212 0 220 124 194
    255 107 128 203 70 196 47 137 255 255 255 255 216 242 127 151 220 0
    0 255 34 45 255 55 151 103 25 0 16 180 250 255 90 0 88 0 199 207 108
    155 187 255 88 163 18 255 0 0 114 111 167 144 119 190 163 244 0 131
    55 17 153 58 0 41 55 42 219 124 255 176 255 182 255 0 255 3 0 0 225
    21 58 0 97 255 107 92 0 18 255 0 255 254 28 108 0 21 84 145 0 255 0
    0 184 0 23 0 194 0 101 180 255 173 121 3 252 0 0 0 255 0 43 177 0 0
    60 0 58 184 188 0 43 0 53 17 65 222 255 255 141 255 113 0 241 235
    168 0 49 0 31 23 0 0 0 255 184 255 255 67 178 168 255 235 0 255 255
    243 28 255 255 0 0 191 0 240 217 207 112 142 19 255 220 73 255 255
    15 255 61 0 203 116 0 148 123 255 255 230 255 0 255 255 139 1 255
    255 192 215 148 164 25 255 37 0 255 88 64 255 0 255 160 163 0 27 73
    182 0 184 47 44 255 0 175 35 0 0 203 255 0 255 0 0 118 0 64 255 0
    255 255 111 125 255 5 175 39 245 60 98 113 0 36 66 244 173 255 126
    58 40 200 134 0 78 75 219 0 0 0 232 35 105 72 54 202 190 30 0 0 98
    106 197 255 0 1 120 0 0 182 0 116 31 213 10 91 53 0 209 238 0 255 9
    10 255 171 139 3 0 146 255 120 87 255 237 0 15 110 80 69 0 228 30 0
    251 152 181 255 169 255 70 53 119 173 9 81 255 51 68 159 255 220 133
    95 255 255 0 26 0 89 49 255 226 0 255 0 253 120 127 0 163 109 17 4 0
    186 255 123 117 15 225 108 0 153 0 0 0 32 129 55 255 238 255 0 219
    29 54 225 11 0 174 188 90 56 255 134 0 255 81 16 0 166 208 167 78
    255 244 255 64 21 73 39 109 255 255 212 0 255 89 255 107 61 255 99
    85 255 0 240 170 13 159 226 0 0 230 49 0 0 162 32 234 255 224 173
    231 170 0 249 0 255 255 173 0 0 20 177 46 17 71 26 180 56 28 204 196
    103 185 108 223 138 72 145 201 0 5 96 255 41 144 135 225 221 15 14
    235 98 255 0 14 106 222 159 81 209 255 197 255 172 255 0 126 137 18
    141 178 152 224 89 114 65 159 255 167 4 176 0 0 255 113 255 169 255
    37 42 122 234 230 92 234 32 195 0 255 0 0 255 0 214 244 139 95 37
    237 0 0 133 169 219 171 18 0 123 249 117 235 245 38 255 77 255 195 0
    190 228 0 185 255 204 156 240 255 255 0 102 21 44 37 0 253 148 143
    126 0 255 135 108 184 255 171 247 161 255 107 91 0 255 49 241 255
    117 0 0 128 20 210 107 0 0 105 105 54 104 255 9 253 44 225 0 27 255
    0 255 255 0 189 144 222 36 78 1 168 183 117 144 11 0 130 146 0 255
    220 14 30 255 107 68 161 80 43 255 255 0 0 1 48 255 0 255 24 0 243
    245 189 127 0 103 19 255 154 206 146 255 0 98 171 148 99 255 208 8 0
    255 0 98 0 0 16 255 241 79 86 139 78 207 186 138 255 202 191 62 123
    238 0 96 255 21 188 164 199 0 133 0 0 255 0 0 80 50 174 0 255 48 0 0
    0 0 255 119 255 255 255 61 60 255 217 236 136 26 119 62 255 174 66
    215 66 255 255 20 255 97 242 0 165 34 100 222 201 75 255 113 255 88
    58 0 0 49 0 255 249 132 98 255 52 255 255 0 190 202 0 0 255 252 45
    253 135 156 137 145 255 121 255 61 0 255 42 1 179 191 82 255 0 160
    255 0 175 255 0 194 255 183 226 0 77 118 255 255 0 34 20 0 150 72
    231 13 255 65 130 255 255 45 34 2 52 255 5 255 161 246 0 70 255 79 0
    255 229 72 0 247 121 0 0 144 255 0 220 255 239 54 0 16 36 118 0 200
    140 255 255 0 0 19 255 199 184 188 126 30 255 209 255 237 159 0 220
    222 0 240 255 215 235 130 255 255 33 177 255 0 50 154 0 140 255 255
    30 12 43 100 220 44 106 30 0 235 255 157 161 255 0 53 138 0 51 135
    176 255 172 7 126 175 255 255 216 165 0 0 255 96 245 0 164 0 130 28
    0 131 171 91 175 0 208 110 5 255 29 46 32 248 255 255 189 0 144 254
    0 188 137 0 255 6 255 255 0 246 48 81 199 255 138 0 30 64 66 113 241
    61 0 63 29 0 138 184 45 255 234 98 91 39 142 84 0 82 255 0 180 255
    78 113 255 216 255 182 81 193 0 141 221 255 94 255 237 119 22 255 40
    179 0 247 192 9 10 159 19 21 245 222 0 16 17 87 255 98 56 255 65 70
    255 221 238 171 0 255 0 63 132 255 145 0 255 193 0 0 108 255 0 136
    88 0 37 42 223 0 0 255 255 110 0 0 255 255 214 62 105 255 201 0 47 0
    0 0 161 255 135 255 73 87 175 229 29 255 0 255 137 40 101 101 119
    255 0 224 255 255 255 239 255 81 5 0 201 255 52 0 255 116 249 157
    162 255 0 233 128 243 48 0 88 255 152 255 87 0 0 255 58 198 175 116
    157 255 111 176 102 95 97 107 155 126 255 103 41 24 141 126 174 0
    133 89 65 173 198 71 11 255 255 4 255 76 255 0 253 0 21 120 255 111
    255 78 122 231 255 121 0 0 170 171 255 255 59 255 255 0 0 255 255
    197 103 218 127 8 0 64 255 255 0 38 41 42 191 161 39 0 131 166 0 118
    255 127 200 255 0 205 106 232 0 163 155 17 150 0 255 59 210 255 120
    0 190 97 255 0 141 221 75 255 158 209 153 118 255 0 73 255 255 6 145
    255 0 0 188 78 61 0 32 255 229 0 244 19 53 0 0 255 189 250 0 199 76
    212 64 0 104 150 0 24 130 120 0 124 117 0 9 255 178 255 39 60 0 60
    255 199 0 255 53 255 130 241 21 255 65 156 149 250 120 255 59 184
    255 218 0 195 132 48 66 0 158 0 145 131 205 130 119 255 255 255 255
    71 182 2 0 106 85 103 11 151 188 0 95 235 191 255 255 130 0 0 130
    255 27 18 85 229 54 206 255 240 246 255 249 255 2 255 75 175 43 0 0
    0 233 0 201 0 0 187 24 229 93 0 0 78 255 158 92 38 127 255 148 106
    83 0 190 60 38 41 0 193 94 37 174 0 151 0 0 235 70 122 0 213 255 149
    223 0 0 0 61 255 255 173 0 0 160 242 255 92 119 255 0 53 65 0 84 155
    95 255 195 255 255 165 0 38 157 6 96 173 255 59 0 134 254 0 217 0 87
    19 255 0 255 8 194 255 227 0 217 42 255 252 93 0 117 3 142 33 171
    255 255 249 61 124 100 255 228 0 255 0 131 150 255 255 10 255 197
    255 159 22 172 0 224 42 58 90 114 0 180 235 209 0 72 84 27 0 127 24
    0 0 255 99 255 0 2 43 38 69 255 31 255 249 255 58 120 83 144 8 168
    83 158 196 224 61 0 172 62 72 218 255 138 220 255 205 242 11 255 0
    140 0 137 56 65 103 54 231 0 199 255 0 68 0 216 0 251 190 137 97 82
    0 255 125 255 49 0 223 235 0 221 255 255 8 142 255 218 255 12 255 98
    177 255 67 112 0 0 86 0 0 114 143 43 182 255 245 113 0 140 60 2 165
    178 39 211 255 255 195 255 255 145 63 87 242 255 179 255 255 173 255
    5 0 153 0 120 0 204 255 255 252 43 0 148 255 255 46 224 249 67 244
    120 16 0 0 192 192 255 124 136 255 92 125 2 0 255 222 43 255 2 223
    254 72 55 0 217 143 139 110 0 234 255 255 183 225 255 164 184 0 111
    255 157 183 0 78 255 255 255 26 0 111 143 255 168 40 178 20 0 66 253
    255 186 32 135 68 138 0 255 58 0 126 211 161 81 63 10 95 226 255 218
    255 0 7 31 255 190 255 144 237 255 255 0 0 0 255 238 255 208 153 213
    216 215 12 234 0 255 153 0 255 117 84 255 255 249 136 178 99 27 0 59
    56 208 59 98 255 138 45 53 93 184 169 188 216 191 38 198 157 31 255
    146 0 0 153 35 224 224 93 117 255 136 29 39 213 197 97 0 40 221 101
    8 255 105 7 97 255 255 231 255 219 255 0 181 205 0 255 167 215 223
    247 0 255 55 0 93 6 164 255 163 61 35 66 134 0 255 76 0 210 21 189
    173 0 243 255 0 58 133 102 50 113 153 127 182 208 102 78 97 91 186 0
    129 45 133 158 228 255 216 149 134 192 145 155 8 50 0 21 255 28 247
    255 0 71 85 54 154 62 222 29 125 55 255 0 183 200 153 255 245 255 0
    0 32 207 255 185 147 255 155 253 242 255 176 188 255 229 255 255 156
    113 91 0 150 43 115 240 0 0 89 255 94 40 169 0 0 11 255 32 255 165 0
    126 54 57 7 255 62 251 180 129 0 44 0 133 144 0 233 212 255 0 182
    105 157 102 207 0 254 255 0 118 53 129 97 8 225 23 93 255 34 39 250
    255 0 118 250 0 207 255 207 255 1 136 144 236 255 54 0 161 145 255 0
    203 168 14 6 0 255 182 0 13 178 0 255 108 255 255 231 255 252 13 50
    0 229 0 255 178 0 54 255 255 0 255 32 255 106 0 72 152 189 0 132 239
    255 117 217 101 255 99 0 120 195 188 100 120 62 219 255 255 0 152 86
    255 0 64 130 154 0 255 255 255 74 187 0 0 255 38 0 84 68 0 252 16 56
    255 2 255 36 0 199 123 94 254 255 0 3 255 218 255 241 101 255 3 214
    112 255 73 0 0 120 79 255 0 243 56 103 237 163 21 206 253 126 117 86
    32 157 255 210 0 224 0 255 129 255 203 62 57 211 66 35 0 255 242 196
    0 95 255 137 170 206 160 255 32 153 191 149 255 255 0 167 0 0 51 195
    199 4 85 255 0 28 0 0 197 0 255 130 125 0 137 221 27 229 220 0 255
    85 0 150 167 0 0 27 69 112 255 151 0 255 247 91 255 255 0 255 255 36
    255 7 0 255 255 147 165 214 0 52 0 140 0 146 41 2 144 196 255 90 40
    95 177 233 0 255 97 255 60 0 45 102 0 16 255 136 200 0 114 255 251
    255 57 0 229 0 21 36 189 38 183 70 19 126 0 211 241 28 5 55 19 82 0
    0 234 42 50 0 168 255 59 0 247 255 198 247 123 74 213 0 190 180 0
    194 0 0 0 0 166 23 0 255 0 226 67 251 10 93 101 0 138 255 232 183
    118 255 203 201 0 157 0 0 255 255 246 255 255 0 255 203 136 98 234
    178 0 188 0 184 255 207 82 25 0 255 36 0 54 255 20 0 215 0 209 211
    246 130 0 253 129 79 214 183 154 121 121 0 255 255 181 94 126 255 0
    173 255 21 255 0 252 0 88 15 0 255 156 255 255 28 229 3 138 101 125
    136 111 102 255 0 72 102 254 69 188 41 157 188 240 247 114 0 200 255
    56 255 255 255 18 128 8 254 255 41 247 255 134 63 95 0 255 40 0 0
    249 221 176 255 115 255 44 49 18 201 113 0 44 201 44 212 255 0 155
    173 10 117 0 0 156 203 0 203 255 255 132 91 1 118 131 0 255 0 0 197
    255 255 2 12 174 0 119 221 255 84 0 255 167 255 255 255 106 190 0
    107 255 86 48 0 255 0 32 217 255 210 255 74 0 44 205 0 0 31 217 184
    145 255 231 129 226 157 180 255 154 150 39 0 22 158 138 255 255 0
    173 161 232 88 157 206 182 128 255 238 26 255 0 255 0 62 11 0 176
    255 77 21 31 223 17 101 255 255 255 0 255 255 171 180 63 0 0 0 241
    219 172 0 183 255 119 0 193 244 158 251 198 223 184 0 255 50 0 141
    189 206 0 0 58 184 15 180 255 227 255 17 255 201 171 255 0 0 0 210 0
    156 73 23 193 33 0 68 168 63 26 0 187 255 34 255 255 168 87 0 104
    179 4 255 253 178 171 179 0 0 0 50 221 186 179 181 135 179 190 96
    230 119 187 0 179 23 0 56 199 0 0 220 127 223 168 77 9 93 255 6 62
    163 0 0 0 83 8 255 0 108 187 33 182 37 196 0 255 68 239 255 90 113
    202 243 255 7 58 225 255 255 111 236 0 72 49 0 28 255 255 162 225
    160 134 255 0 255 255 133 248 72 165 92 91 0 231 255 41 176 140 0
    208 219 0 163 239 46 222 255 0 0 172 164 0 0 138 33 255 0 97 189 0
    255 184 255 241 0 0 162 95 255 255 255 177 60 74 255 255 244 221 255
    83 255 23 159 247 0 130 216 0 42 255 196 205 34 214 255 157 255 242
    195 124 117 156 0 132 0 0 255 94 255 0 255 200 248 124 255 47 57 0
    110 16 6 168 142 255 178 255 250 0 0 255 166 34 102 238 0 152 46 252
    13 192 255 134 201 0 51 127 131 0 0 166 0 255 105 90 165 0 35 125
    191 234 1 88 66 21 0 0 0 0 67 235 0 255 26 223 0 255 233 255 0 0 255
    212 0 234 255 72 255 19 129 255 79 232 163 0 205 179 125 0 255 220
    12 0 169 241 156 63 217 0 201 0 255 234 0 0 165 0 42 77 255 187 0
    234 23 232 110 10 255 255 25 249 69 255 41 156 221 255 255 199 255
    255 209 0 0 252 164 70 0 155 0 0 169 17 108 253 35 226 62 255 101 31
    255 99 194 41 0 32 133 200 255 255 142 119 238 210 189 255 0 255 171
    0 0 132 4 31 0 172 36 0 63 154 248 255 192 255 255 218 150 0 0 0 254
    0 255 249 0 182 0 223 254 164 16 121 255 188 243 10 203 0 74 248 92
    204 0 223 255 255 0 104 7 0 0 176 0 255 31 42 54 137 69 135 27 222
    255 250 247 255 244 98 0 229 0 201 0 94 78 134 0 83 255 190 88 128
    19 137 71 201 255 0 64 83 159 17 0 255 8 91 168 216 0 0 0 170 255
    208 255 188 0 46 55 0 255 7 150 137 0 52 235 164 255 131 255 255 216
    48 52 155 240 0 154 255 0 255 233 255 167 210 164 111 199 255 215
    106 255 242 119 255 0 255 177 0 154 73 0 0 194 0 56 111 10 0 207 87
    255 28 200 195 246 0 139 211 24 255 255 82 127 88 232 37 0 142 52
    255 237 175 223 26 3 0 45 193 0 0 177 0 93 194 39 203 184 255 132 0
    112 165 255 255 57 169 255 0 255 0 93 0 200 244 0 0 133 255 56 59 28
    3 36 255 0 93 255 119 75 255 0 5 209 182 125 42 13 245 108 255 255
    24 244 255 0 23 244 84 0 0 171 0 255 213 255 255 180 67 114 23 103
    124 0 4 0 161 0 148 0 255 109 0 0 255 165 105 0 230 0 180 232 255
    218 43 170 148 211 152 0 145 0 60 255 135 253 255 0 255 128 0 255
    195 177 34 0 255 212 0 156 72 255 255 81 246 163 135 205 129 40 129
    211 162 0 179 221 255 0 113 0 69 168 255 0 150 0 255 0 0 244 255 102
    99 0 255 124 255 255 0 89 35 0 184 246 228 254 166 255 255 45 19 161
    0 255 62 182 166 242 255 0 90 0 58 138 150 0 85 112 199 10 141 0 148
    255 0 103 156 129 194 0 91 115 117 238 255 145 207 0 255 220 92 31
    255 198 3 91 129 246 180 255 153 255 246 255 160 188 255 0 175 93
    218 230 0 107 0 0 84 254 0 56 255 255 255 2 0 199 0 255 255 0 238 0
    108 255 0 0 94 109 255 157 173 52 221 19 0 241 215 61 49 0 15 241
    162 255 91 199 140 91 129 18 191 200 184 34 203 255 0 57 178 144 22
    197 172 157 255 255 16 0 0 0 135 255 255 186 25 231 133 204 251 246
    38 0 236 128 95 64 100 165 239 253 0 255 255 255 255 255 255 0 168 0
    170 169 255 166 15 255 1 203 255 255 123 255 0 255 0 90 255 53 145
    255 255 250 119 0 238 213 255 55 17 213 0 0 64 165 3 227 0 247 74 97
    0 0 210 199 143 255 0 255 66 0 42 0 255 255 61 255 36 109 203 0 43 0
    255 29 57 66 0 0 139 16 255 79 156 255 154 236 0 255 230 137 191 255
    177 210 255 54 255 255 21 0 0 215 255 211 40 0 239 0 255 255 255 0
    205 131 0 216 105 75 255 3 0 255 255 88 0 24 229 0 174 255 0 163 175
    46 255 4 142 0 58 155 255 0 248 255 82 146 108 0 0 255 255 104 192 0
    191 0 255 98 213 172 163 8 238 49 146 151 255 140 126 200 48 206 2 0
    179 0 6 36 95 89 0 217 247 255 0 81 173 96 132 39 0 255 0 136 196 0
    44 150 178 255 54 104 78 26 255 0 67 60 104 134 243 0 18 255 0 255
    41 150 98 0 58 255 255 255 206 0 0 0 255 201 0 58 135 165 90 157 166
    216 28 255 53 212 104 14 171 255 169 205 104 45 255 0 255 113 0 170
    191 26 255 40 0 6 0 255 78 0 116 2 145 255 168 18 0 11 126 152 20
    255 217 216 255 0 152 24 0 156 176 225 255 44 233 80 135 255 0 210
    255 55 4 0 209 243 255 255 113 0 176 0 90 255 232 123 185 223 183 0
    119 0 0 227 0 255 106 251 255 208 62 68 103 129 255 255 205 15 0 255
    215 200 89 116 0 250 233 84 189 230 0 62 0 46 101 0 83 0 169 20 255
    86 58 246 0 0 255 255 163 100 48 214 34 153 133 255 188 186 255 185
    255 0 221 0 0 4 45 255 140 149 255 72 174 188 8 243 255 118 0 235 22
    135 27 69 203 140 131 215 138 248 114 117 171 255 8 255 0 100 80 167
    85 20 71 235 0 150 255 13 255 0 195 206 100 225 76 255 238 106 253
    203 135 89 255 0 89 255 255 0 255 0 108 255 209 0 255 255 1 184 88
    33 152 0 161 61 255 196 241 0 255 128 255 101 0 51 165 0 198 7 0 154
    0 47 26 56 27 66 106 0 0 151 255 94 89 241 244 0 110 255 94 37 181
    67 0 70 128 175 146 135 208 0 8 255 148 255 178 10 117 191 11 195
    129 77 32 89 0 86 77 43 0 237 96 0 213 81 72 142 140 161 0 252 236
    200 255 71 162 99 116 96 155 254 0 211 184 41 190 108 0 203 142 0 0
    14 0 27 120 31 203 34 255 0 0 0 68 255 202 174 4 0 59 204 247 209
    236 234 16 100 45 43 0 255 250 98 0 255 255 177 0 255 35 112 85 208
    255 167 96 99 16 187 255 255 141 0 110 114 80 161 149 18 0 0 125 255
    0 22 255 255 0 255 255 255 96 255 27 193 134 255 34 255 231 0 201 77
    104 34 84 0 255 0 118 142 0 5 153 255 107 0 35 183 121 0 0 0 218 150
    255 227 139 205 82 255 137 0 0 151 159 2 199 192 0 127 148 141 255 0
    189 54 5 255 7 250 156 106 255 255 189 0 0 13 0 60 0 255 93 0 255
    255 255 58 146 117 97 127 251 255 62 244 98 174 236 255 75 0 244 58
    225 128 152 233 0 190 102 0 10 0 0 92 143 216 0 162 4 183 178 76 218
    87 47 233 116 0 104 255 144 0 255 240 255 120 26 245 255 121 7 255
    10 177 165 255 48 39 136 119 173 255 127 56 109 255 0 255 168 0 255
    104 235 24 201 0 7 10 87 207 78 0 99 153 0 0 0 255 87 148 254 12 227
    176 0 150 206 58 207 26 126 94 215 0 0 117 199 36 192 96 0 0 49 87
    216 0 241 228 246 193 35 202 87 219 85 0 230 255 0 240 0 219 255 72
    70 255 0 215 155 213 0 0 7 0 86 22 220 99 98 255 0 255 120 255 4 131
    0 0 255 0 0 75 255 145 244 48 0 0 255 171 1 181 0 142 191 0 255 255
    255 128 255 210 154 12 229 187 220 54 180 213 143 83 172 167 255 178
    255 0 52 255 69 64 255 203 255 0 143 203 246 201 50 103 0 0 26 232
    124 0 255 62 0 190 32 255 140 0 196 165 0 171 129 11 213 33 226 0 0
    255 95 255 255 198 144 6 255 4 252 48 0 0 124 114 252 74 0 132 43 29
    0 255 255 215 110 255 255 213 65 214 47 0 155 0 128 54 118 107 44 1
    250 166 134 255 187 226 108 105 121 0 225 255 150 41 255 248 98 157
    131 0 0 161 0 98 242 14 186 255 96 137 182 197 85 13 255 183 0 14 28
    36 202 0 184 226 0 255 0 23 166 117 255 0 133 255 178 0 255 185 233
    174 255 121 66 32 30 238 0 67 75 0 24 255 165 33 148 249 100 255 70
    153 255 14 221 141 5 204 0 75 7 49 0 48 255 174 252 28 160 7 0 255 0
    0 244 131 86 66 89 198 198 252 39 216 148 167 191 255 255 255 89 0
    240 62 39 136 255 255 0 0 108 54 174 255 255 211 91 37 42 159 0 181
    0 200 171 255 0 28 0 0 0 53 255 255 126 93 48 28 194 44 255 255 255
    52 0 0 55 255 37 15 0 0 70 0 217 14 220 129 71 197 154 143 63 165
    102 5 255 206 214 255 179 1 0 116 255 0 255 104 0 174 230 180 81 0 0
    233 103 255 232 255 152 255 255 0 9 69 26 111 188 167 53 141 7 186
    255 0 255 73 251 0 166 246 0 38 1 177 44 115 225 255 102 12 255 41
    125 47 194 255 126 31 255 148 38 168 0 255 78 0 144 167 255 130 224
    0 255 0 214 133 2 0 255 191 0 0 46 0 0 227 168 0 235 252 184 54 71
    33 25 90 255 255 246 255 109 61 0 44 125 0 179 14 78 0 23 89 117 0
    188 182 197 123 0 127 39 42 255 236 205 104 0 217 255 255 34 255 0
    234 255 58 157 65 152 180 70 74 0 174 227 21 255 12 105 7 108 83 0 0
    255 67 255 0 164 10 240 255 0 189 235 0 0 0 146 34 30 186 251 165
    185 0 164 196 186 63 106 91 255 255 143 196 0 25 0 0 0 11 207 0 3 67
    227 0 50 20 162 234 68 98 10 159 56 0 241 255 255 255 255 0 0 190
    144 116 37 81 0 255 0 255 97 214 61 149 117 214 138 200 120 243 255
    166 169 255 0 255 44 130 56 0 0 255 252 151 171 53 255 69 255 0 195
    89 217 45 255 79 113 0 41 22 0 240 0 109 180 255 138 61 192 188 234
    116 235 0 0 84 238 9 3 78 221 164 173 255 0 101 225 0 0 255 0 255 41
    145 0 232 26 234 255 0 129 120 132 36 107 39 11 32 255 0 59 0 160 92
    146 100 255 40 255 143 171 0 0 119 2 247 255 101 68 0 251 255 227
    115 184 166 32 255 250 0 223 0 209 105 184 61 76 0 149 54 0 19 199 0
    243 25 47 50 187 255 178 255 255 82 255 0 106 9 79 127 255 162 23
    133 21 98 238 75 0 0 0 38 157 255 127 10 247 255 255 110 0 255 191
    63 67 0 18 255 255 255 210 255 255 227 6 152 25 241 22 185 54 255
    206 165 242 153 0 187 142 193 0 242 227 68 38 91 0 135 0 124 189 0
    167 187 0 41 0 122 0 255 222 20 23 0 0 255 192 202 128 132 197 126 0
    0 42 23 150 0 186 255 63 96 255 181 255 67 206 108 127 255 151 26
    153 255 240 0 49 185 0 156 98 189 166 62 84 255 208 0 0 154 71 49 0
    4 152 30 255 72 255 189 198 171 113 195 0 24 195 200 0 0 130 255 248
    255 8 210 173 85 249 201 127 133 0 158 26 24 11 196 28 0 0 46 255
    233 32 249 9 124 231 31 255 255 255 0 152 22 136 255 0 0 255 50 243
    255 255 88 255 185 216 85 204 170 160 235 0 0 0 36 255 127 103 60
    133 255 242 32 0 0 0 255 189 255 192 0 150 129 198 108 255 0 168 104
    57 0 102 195 210 255 0 141 255 0 140 204 2 0 94 138 203 255 0 0 255
    235 223 255 0 70 38 214 255 215 90 222 255 125 0 255 255 71 0 89 105
    28 112 255 163 167 87 0 11 162 237 134 8 255 84 105 255 199 255 139
    179 138 46 96 0 72 16 0 0 255 152 48 128 124 112 219 199 111 115 255
    244 0 14 118 184 107 68 0 133 255 65 194 219 75 0 82 92 192 44 69
    255 178 146 255 129 119 233 207 149 237 198 0 255 0 207 255 48 86
    255 176 129 0 0 255 208 166 0 26 94 114 255 255 254 255 18 232 255
    187 84 255 0 0 255 255 186 227 102 69 161 0 190 0 255 116 241 4 61 3
    60 191 184 80 133 201 255 228 0 217 155 255 87 0 65 175 27 51 0 0
    180 10 107 255 186 0 255 122 0 255 255 76 32 204 255 75 174 28 128
    255 183 255 157 175 27 138 128 163 0 255 0 255 255 255 255 117 255
    255 36 183 127 204 167 0 158 0 114 81 0 0 209 145 0 32 174 0 40 249
    165 118 195 0 105 71 229 127 192 255 0 149 0 255 134 44 228 222 0
    104 0 255 121 141 255 235 12 0 213 0 255 184 32 255 0 0 82 50 126
    120 176 255 47 255 0 7 84 200 156 0 255 255 1 246 255 94 128 180 116
    218 45 116 170 0 43 199 241 89 82 0 0 43 0 147 124 243 0 3 203 255
    255 0 0 2 201 217 174 146 68 255 147 66 119 213 113 255 255 9 0 185
    0 165 65 157 165 87 255 92 9 255 108 0 155 186 0 0 28 255 185 83 176
    123 180 215 142 255 0 184 0 0 23 135 0 15 246 255 3 35 0 195 255 230
    4 156 83 0 34 0 255 41 0 59 141 195 0 255 214 27 255 22 1 206 126
    184 227 22 255 255 255 149 0 255 170 25 251 112 85 132 0 0 179 255
    230 202 28 54 236 0 237 201 143 0 182 163 177 210 213 0 255 255 0 0
    0 161 0 0 167 135 160 0 255 255 95 143 27 204 0 245 255 255 133 255
    0 26 255 255 0 0 0 255 93 0 0 243 200 172 50 236 175 127 255 18 8
    225 0 255 26 252 255 185 242 153 131 0 255 140 255 194 71 255 73 0
    224 222 0 57 145 192 0 0 240 230 0 221 224 0 39 132 202 104 0 0 181
    105 0 119 95 21 255 0 171 189 0 255 201 0 0 0 255 224 104 133 84 179
    255 180 186 76 66 159 134 255 0 255 120 252 255 51 129 255 46 255
    255 22 108 255 41 42 155 255 255 255 255 107 0 108 209 192 204 46
    204 46 200 0 255 86 0 52 255 255 2 158 54 128 230 158 255 0 0 212
    110 164 255 197 253 255 6 92 135 255 122 0 255 59 45 43 189 116 193
    65 94 44 0 202 0 0 165 28 132 227 255 255 201 255 255 151 255 79 59
    95 160 0 227 195 255 146 94 255 255 255 0 34 52 194 255 138 255 0
    215 255 96 53 227 0 220 234 253 255 243 127 255 7 153 255 240 0 255
    255 25 116 72 0 0 255 0 75 172 4 144 94 31 242 63 120 147 255 53 0
    155 0 139 255 161 249 45 171 255 190 159 255 90 255 49 237 0 51 222
    86 144 138 238 255 255 188 0 163 255 0 0 0 255 38 0 128 238 255 173
    229 65 0 0 17 59 95 49 98 0 133 169 15 0 146 180 44 205 9 254 255
    255 255 29 94 121 233 143 98 255 9 0 119 220 0 214 255 0 252 0 40
    233 156 255 1 48 163 253 0 205 255 90 255 1 124 0 0 49 0 242 223 217
    122 0 255 255 0 252 255 56 96 255 112 255 228 207 105 255 66 50 255
    156 207 0 0 0 198 189 0 0 160 151 3 255 95 47 0 137 0 0 73 132 255
    154 148 241 221 205 0 255 52 0 173 201 228 0 123 137 85 19 240 25
    255 179 253 255 121 203 0 228 255 255 255 245 255 0 255 234 142 164
    107 5 56 255 0 226 0 171 230 255 95 255 0 173 124 4 0 0 198 0 0 11
    119 253 24 255 125 0 94 146 53 0 166 0 200 69 101 59 173 247 76 224
    130 255 195 129 142 0 0 140 70 38 255 199 255 0 25 194 0 70 7 255
    149 38 60 23 196 239 134 47 0 51 87 0 0 130 20 146 142 255 0 40 255
    229 255 221 190 255 0 23 184 130 105 100 190 77 0 0 0 255 17 255 6 0
    74 197 255 255 0 0 255 0 181 255 255 255 0 16 104 0 22 86 18 15 255
    201 3 123 3 80 0 195 255 233 206 228 0 73 202 101 175 109 0 0 255
    159 0 17 24 23 169 255 255 114 66 255 194 255 103 255 68 180 255 255
    175 0 62 206 178 0 34 71 0 225 79 222 51 106 190 54 255 0 0 246 248
    98 255 75 255 191 226 255 255 255 187 0 255 0 255 244 0 0 7 77 163
    255 255 21 253 255 107 220 194 233 66 74 80 249 23 186 149 153 0 255
    255 156 217 93 0 255 45 112 92 118 255 0 226 255 126 217 255 0 131
    205 215 255 0 255 0 237 116 0 0 1 0 150 255 66 255 234 79 10 26 79
    145 255 35 255 0 252 46 41 228 45 255 159 0 0 111 0 132 116 193 250
    255 230 235 134 0 135 72 240 6 198 255 13 40 143 255 0 154 0 0 97 82
    255 79 27 0 255 199 107 0 255 117 92 233 101 107 0 79 255 15 255 26
    168 55 27 161 108 255 211 255 0 118 0 0 136 63 71 255 45 248 247 255
    184 0 255 246 255 255 255 231 0 116 236 0 131 255 13 129 33 255 59
    28 255 20 0 255 255 255 173 248 33 152 113 244 187 105 0 255 70 255
    51 144 14 255 0 23 255 237 255 231 31 195 0 66 87 135 67 144 77 14
    16 1 15 140 98 242 243 37 1 73 0 255 151 0 92 177 255 190 255 247
    208 207 242 255 175 102 234 233 255 15 194 255 0 59 242 222 0 51 114
    255 179 208 128 0 80 147 255 22 255 182 26 254 162 116 255 255 124 0
    152 209 0 0 255 245 198 0 0 0 78 186 62 89 76 154 11 78 255 115 0 0
    255 234 255 254 138 255 0 255 102 0 1 162 0 0 255 217 61 0 122 140
    123 88 234 0 98 0 232 162 247 24 0 0 255 0 255 255 0 53 149 182 107
    148 184 109 86 0 244 0 0 132 131 177 118 117 58 116 255 60 0 255 22
    47 255 49 0 68 29 161 189 0 0 168 183 0 255 78 177 0 0 255 110 255 0
    255 228 88 0 41 29 51 255 91 136 255 170 116 0 234 0 255 117 164 102
    161 0 115 5 0 205 44 54 255 0 47 100 0 28 255 255 255 255 255 63 255
    255 178 117 0 45 115 27 232 64 0 30 0 255 116 0 255 153 255 195 255
    102 149 166 255 204 86 189 242 0 0 255 100 24 0 165 218 59 128 227
    255 255 233 255 133 135 198 223 0 255 255 255 34 0 102 255 0 105 144
    255 214 0 233 21 0 136 0 0 0 134 159 255 255 255 44 107 136 0 200
    255 198 163 187 255 77 0 173 61 72 238 0 227 123 182 0 255 116 89
    239 30 0 0 183 84 239 255 150 132 101 250 0 0 60 255 0 49 255 255
    210 0 178 165 255 198 255 255 173 77 255 7 81 0 0 255 14 95 54 0 255
    100 168 123 203 185 0 52 0 90 19 102 198 128 0 255 138 170 169 255 0
    0 82 94 190 237 255 32 237 253 40 50 0 255 255 198 190 46 17 91 145
    72 0 211 114 135 165 0 99 64 255 255 213 25 3 255 15 133 26 0 255 6
    0 200 172 0 52 99 171 255 36 255 0 242 111 0 26 108 96 174 93 94 102
    255 255 241 158 19 130 17 147 255 0 46 255 255 139 0 89 45 255 43
    255 143 44 80 255 255 10 140 7 0 172 249 103 221 151 249 173 102 139
    98 176 59 151 102 178 0 79 255 255 130 255 4 0 0 255 137 178 0 0 0
    255 0 199 122 130 15 255 215 120 0 224 0 165 238 255 88 255 108 71
    180 170 0 237 188 0 233 4 0 188 255 56 251 255 157 0 111 91 249 255
    255 235 63 17 255 108 255 185 0 97 98 0 21 75 0 117 0 20 28 251 82
    255 248 194 255 255 255 123 220 0 0 94 255 228 138 132 174 0 0 21 0
    219 32 50 0 171 143 30 142 52 0 255 125 143 255 0 106 181 115 184
    190 127 19 55 225 153 0 171 39 0 53 180 177 0 0 162 177 222 255 0 92
    181 95 81 255 236 0 0 255 129 216 66 180 255 100 202 255 255 90 166
    0 0 255 101 241 206 255 37 6 252 228 153 201 144 255 166 69 170 55 0
    251 187 112 204 177 240 83 255 60 209 181 64 150 0 50 110 55 255 255
    20 213 24 118 224 255 0 136 34 240 255 10 165 255 245 184 0 243 111
    169 155 235 255 229 0 229 255 168 0 104 224 0 20 255 149 255 0 21
    104 0 146 255 228 188 0 0 111 188 110 172 0 5 116 255 104 130 0 35 0
    255 234 66 255 255 140 0 170 249 218 72 255 255 255 0 226 0 14 0 0
    255 9 10 255 236 2 255 226 99 73 20 0 58 80 232 201 225 107 161 175
    94 50 108 195 70 255 255 248 240 43 154 104 226 72 107 77 161 174
    255 41 255 0 231 255 0 255 155 183 99 0 2 67 240 0 47 255 78 30 166
    210 226 166 93 164 0 165 4 56 0 103 193 212 240 190 255 73 255 0 0
    83 73 0 187 255 53 254 210 131 164 0 93 32 189 0 0 59 7 0 0 255 56
    255 246 236 61 0 0 0 77 181 75 255 47 13 100 41 12 0 228 143 231 0 0
    135 81 23 20 104 219 30 255 90 23 2 79 116 106 186 141 0 251 0 235
    11 0 156 181 0 86 179 76 26 0 0 0 78 192 26 255 3 255 149 98 229 0
    232 0 0 255 78 0 13 69 74 174 249 255 0 0 255 0 23 36 255 255 154 0
    220 10 40 255 0 112 0 103 157 65 121 255 255 209 229 0 127 27 103
    126 112 140 255 71 164 74 187 255 0 167 255 53 0 0 27 0 107 226 255
    228 140 12 255 0 255 0 157 0 84 26 156 0 255 69 95 124 255 255 0 0
    255 175 255 197 255 225 0 32 138 255 255 0 199 255 0 219 237 58 255
    231 3 151 90 178 210 0 114 41 0 140 0 185 136 255 0 255 0 1 255 254
    215 255 250 255 63 102 50 150 255 255 90 162 135 0 124 237 76 155 0
    255 255 255 192 166 198 255 201 22 0 255 132 255 104 255 34 255 0
    108 91 42 0 253 151 144 10 161 116 255 0 197 255 255 255 255 206 139
    255 255 46 17 52 255 255 154 19 84 171 255 255 0 0 168 117 243 0 187
    240 192 143 146 222 255 156 93 0 87 166 58 3 255 67 0 255 255 13 2
    255 0 0 206 239 255 0 255 31 18 252 102 255 46 129 13 137 0 255 148
    45 184 242 193 194 38 45 0 9 255 88 162 255 80 118 0 0 77 91 0 32 0
    188 0 0 0 147 255 164 255 0 25 92 0 66 92 46 21 189 255 251 208 255
    22 247 146 140 70 0 93 139 153 197 74 112 78 255 0 255 224 217 125
    255 16 204 210 110 255 255 0 0 9 0 185 30 230 255 225 255 255 16 235
    0 0 114 101 142 142 21 153 135 153 222 255 183 96 83 145 167 194 255
    165 25 33 173 0 109 255 191 142 42 251 75 72 131 255 0 255 255 255
    139 158 116 0 145 225 255 236 193 120 255 7 0 255 55 2 164 167 167
    127 238 163 253 223 1 0 145 150 234 142 16 214 228 145 183 212 245 0
    255 255 98 0 139 255 202 141 47 193 255 243 0 23 82 0 164 0 153 203
    255 62 0 186 0 21 47 0 0 53 67 255 96 0 232 110 76 64 184 0 223 53 0
    169 255 0 0 255 255 120 66 82 123 0 99 255 255 0 255 92 0 0 0 204
    142 0 100 0 36 186 255 129 255 255 255 64 19 255 219 166 181 67 225
    255 166 177 171 0 33 44 0 167 8 204 73 254 255 177 0 255 38 255 26 0
    218 49 0 136 212 66 12 218 28 0 4 255 93 169 0 0 255 196 22 133 73
    133 0 12 107 52 0 0 0 176 255 0 229 167 255 255 15 0 111 9 212 255
    255 255 3 255 0 179 0 242 170 8 255 222 114 255 152 0 255 164 154
    186 255 109 19 242 128 23 125 236 68 125 50 210 147 0 0 185 221 224
    215 184 226 224 255 42 255 0 51 116 209 135 0 0 28 255 213 153 107
    183 0 255 117 255 147 107 0 0 157 0 0 81 255 0 83 54 255 0 76 129
    255 150 149 255 45 0 147 0 100 147 149 255 172 223 255 54 255 51 247
    135 255 113 134 26 0 105 111 159 13 0 179 114 0 255 255 214 0 26 0
    102 255 0 205 0 220 33 0 0 16 255 21 92 255 0 255 175 146 155 255
    238 46 0 255 92 0 57 255 127 179 57 69 119 56 255 169 0 255 195 87
    123 177 0 69 255 70 0 224 141 132 21 255 5 255 0 33 51 178 89 78 139
    108 135 0 0 124 12 243 131 246 0 0 126 255 255 234 137 255 228 139
    20 255 249 178 209 167 97 108 236 145 0 255 70 128 18 25 0 109 255
    150 192 255 144 30 159 201 0 255 229 0 58 255 229 0 25 55 0 103 156
    227 15 255 40 247 82 87 128 101 216 178 149 0 0 192 145 115 113 255
    255 0 243 75 84 248 255 0 73 182 25 0 170 252 0 97 95 5 147 62 255
    22 255 209 11 239 255 134 52 255 255 171 0 31 94 49 255 95 255 68
    219 0 72 212 255 27 0 115 0 226 0 0 95 199 127 255 177 255 22 14 255
    255 255 0 222 255 255 105 207 21 39 30 255 179 141 110 216 65 76 235
    0 238 0 0 210 0 254 0 0 145 102 255 255 0 66 255 215 255 92 153 153
    12 161 255 185 0 0 120 125 9 222 57 255 0 0 127 234 0 189 247 253 37
    0 204 137 255 177 63 151 0 221 19 112 86 180 133 71 6 191 17 0 0 239
    71 19 25 166 178 190 255 0 255 0 0 152 0 151 19 0 255 136 111 178 62
    255 101 54 182 215 216 74 113 71 205 5 110 181 60 0 148 166 210 178
    255 207 0 4 0 0 255 88 255 41 255 255 0 255 0 0 215 0 208 255 0 255
    129 54 40 255 98 237 122 0 65 255 197 0 255 255 0 34 198 80 14 255
    255 218 0 255 255 219 43 143 210 0 216 255 0 171 0 223 255 0 240 0
    154 249 170 0 38 223 146 195 51 255 0 0 234 0 138 80 67 120 255 0
    255 255 255 253 18 15 228 18 156 36 0 255 240 90 0 158 87 121 0 0 0
    141 244 0 138 0 73 0 210 255 255 0 52 222 0 0 0 255 91 140 237 255
    85 24 0 255 219 75 193 76 0 80 49 218 255 0 221 255 255 65 35 255 0
    105 27 0 255 0 180 170 150 46 25 208 224 224 0 118 16 120 22 122 73
    124 67 0 117 9 251 58 161 164 21 233 0 255 116 255 139 174 255 140
    255 225 6 15 37 35 152 250 0 12 255 211 0 189 182 0 18 0 239 94 81
    176 189 4 251 0 252 10 0 255 21 16 255 213 0 255 210 0 0 255 212 238
    40 255 255 198 0 0 255 255 146 12 0 0 250 249 255 0 239 0 126 70 127
    0 164 255 255 145 233 45 0 255 30 255 38 0 96 184 14 255 12 106 0
    122 91 71 218 0 17 160 151 0 0 111 255 169 72 206 0 248 245 227 121
    218 255 99 83 0 76 0 209 89 182 0 0 0 255 188 215 255 140 106 125
    255 203 144 255 0 222 255 228 200 37 255 255 230 76 142 101 243 248
    141 213 79 252 255 255 54 140 0 219 62 0 214 0 94 117 188 255 0 137
    51 0 109 7 90 255 0 255 46 255 118 42 210 0 159 248 65 0 255 164 18
    255 255 159 255 255 20 0 248 21 0 255 56 255 22 235 0 255 150 144 0
    209 165 0 132 152 0 119 19 255 201 52 255 92 255 255 255 220 0 207
    188 0 153 101 93 0 0 11 222 56 224 71 140 255 194 255 240 194 225
    196 227 255 232 232 91 80 255 0 135 174 0 42 255 255 198 0 75 254 64
    26 47 123 180 178 16 73 88 236 0 127 255 255 66 0 25 255 48 104 255
    141 245 129 6 125 53 255 0 255 112 230 241 77 141 106 255 226 136 0
    35 206 84 188 245 232 57 0 255 118 139 0 144 145 120 0 255 227 224
    201 187 255 255 255 46 127 55 194 255 140 255 213 251 160 255 255
    255 122 154 88 181 205 232 31 0 8 15 88 11 255 233 255 255 240 44
    109 41 220 8 250 0 0 26 255 25 20 143 0 187 102 0 242 0 255 255 255
    166 123 106 255 0 255 0 230 24 233 25 104 25 192 255 22 63 150 31
    135 222 0 200 255 255 65 54 9 255 91 0 0 5 255 154 140 206 0 139 131
    0 255 140 255 255 255 165 94 255 0 48 137 36 66 20 17 0 0 0 29 0 0
    211 0 218 195 6 255 154 70 99 62 53 0 70 110 166 97 90 29 162 123
    154 0 62 205 246 196 255 0 255 255 22 0 153 255 59 126 63 82 109 245
    0 0 22 102 73 47 203 0 246 167 0 146 157 252 93 36 4 0 147 178 255
    116 71 0 0 0 9 202 242 75 0 181 177 255 0 74 133 187 38 23 255 254
    255 247 255 0 15 188 147 108 76 255 255 21 255 235 255 255 204 255
    137 108 56 112 255 255 226 212 154 0 178 29 0 128 0 255 223 255 18
    101 0 0 194 0 255 134 157 0 199 0 168 0 0 144 109 255 205 255 30 255
    255 0 249 159 181 212 157 100 255 255 128 0 12 8 18 0 127 249 255
    159 255 230 213 73 0 27 117 0 88 246 50 73 0 0 10 204 158 65 255 100
    218 205 4 79 152 74 255 138 140 226 184 187 43 158 82 87 237 166 67
    255 130 255 191 0 99 175 0 139 104 255 0 255 65 0 19 104 255 255 0 0
    255 0 0 165 38 10 20 211 6 0 113 188 255 113 0 220 0 0 16 57 3 0 181
    0 0 34 6 41 229 200 82 255 161 156 95 203 37 8 55 65 200 131 47 0 26
    142 1 0 255 255 207 202 0 255 0 164 34 172 255 83 56 67 255 255 0 74
    82 25 255 0 26 0 139 179 190 130 0 255 215 163 80 244 50 248 181 255
    4 104 92 255 219 111 215 199 94 219 149 193 242 255 19 188 157 133
    186 173 150 255 200 255 71 237 180 255 71 0 0 186 116 0 249 253 48
    14 255 255 255 255 27 0 241 209 183 0 0 78 0 114 138 246 132 64 198
    97 72 0 115 0 255 255 232 255 174 0 0 51 0 85 0 144 7 255 31 31 186
    93 242 255 255 255 0 162 0 242 255 210 179 60 0 117 242 168 227 0
    129 178 167 31 47 214 179 0 255 138 255 184 12 193 105 75 173 255 43
    188 34 134 255 112 169 0 18 148 49 0 222 114 255 198 0 60 0 62 2 0
    255 255 32 227 0 0 255 73 0 255 0 90 255 20 0 132 110 255 101 245
    255 161 155 67 199 140 67 102 33 0 0 124 51 255 0 207 0 39 255 48
    116 156 255 255 0 80 215 250 29 64 181 247 255 119 200 8 0 94 0 97
    61 234 198 255 4 0 234 111 54 176 255 0 255 0 255 129 102 18 29 255
    224 0 176 123 106 43 60 188 162 162 184 0 0 0 19 76 255 17 0 200 0
    113 215 0 94 168 255 113 133 44 126 222 193 255 187 152 255 251 255
    255 0 111 74 0 0 0 255 0 0 255 183 0 148 206 53 26 216 255 132 255
    74 66 218 68 238 0 238 253 255 255 151 132 249 48 255 79 197 138 255
    48 171 184 81 2 255 120 255 255 255 24 227 17 0 37 31 40 0 196 0 223
    234 15 255 179 131 142 171 0 143 255 0 79 255 0 255 95 0 194 0 238 0
    62 208 0 255 24 0 0 18 117 0 21 0 109 38 163 0 77 0 255 126 255 0 0
    213 225 36 54 255 5 178 202 189 255 35 47 68 85 99 146 157 108 255
    90 182 132 108 90 255 163 230 150 255 228 44 97 185 8 11 78 0 255
    211 95 61 255 149 223 0 147 113 255 193 155 111 212 112 2 162 238
    217 40 255 204 166 9 255 115 0 41 141 0 0 67 140 219 219 255 255 0
    181 89 0 255 196 213 216 152 93 44 255 247 240 106 172 255 76 28 0
    105 77 176 253 226 255 172 5 191 255 137 146 106 0 164 78 210 210
    193 255 255 8 169 178 22 125 106 0 255 120 0 238 207 215 0 0 106 0
    72 191 242 217 255 176 212 182 159 246 141 0 0 114 0 0 65 255 0 149
    114 99 43 17 155 113 216 0 0 19 0 45 18 255 0 255 161 0 0 184 194 83
    255 120 255 255 255 168 210 217 229 255 0 74 247 0 0 248 19 157 58
    29 0 17 187 0 0 255 68 110 240 255 172 0 51 255 72 222 255 0 255 255
    247 19 225 40 196 62 0 255 228 158 45 237 255 255 93 255 239 0 193
    128 235 0 248 68 255 90 138 94 255 0 255 0 153 120 173 242 176 0 1
    154 0 255 70 0 0 0 0 255 213 255 0 54 255 129 251 255 162 0 62 0 116
    35 71 30 21 31 221 0 31 61 0 112 138 0 162 89 59 121 190 255 255 119
    255 10 4 0 82 0 203 255 244 255 102 0 255 0 210 0 202 25 18 158 31
    255 0 5 255 255 0 252 50 174 0 236 0 211 67 168 182 0 255 31 85 157
    136 196 104 0 191 255 135 255 181 99 135 118 133 0 116 222 59 96 53
    255 172 145 186 160 255 40 72 255 90 149 58 127 152 206 127 60 177
    107 255 119 43 255 0 0 161 0 205 0 255 255 0 12 98 64 250 0 126 235
    180 0 7 143 5 170 78 240 38 255 0 118 154 137 155 52 55 94 0 255 74
    0 0 178 118 121 0 255 33 95 13 255 104 66 255 0 83 199 0 219 0 0 255
    226 0 255 255 101 0 206 255 175 0 33 1 236 0 255 155 0 255 255 232
    185 255 215 94 134 255 0 1 103 72 230 30 255 29 74 115 23 255 249
    255 151 0 0 248 60 182 191 98 255 51 255 206 47 210 166 255 120 0 21
    44 190 227 0 0 0 0 161 242 42 255 25 103 141 0 144 124 209 255 58
    203 255 89 0 119 60 0 139 208 0 0 88 195 44 255 255 0 113 255 147 87
    66 159 85 230 43 245 183 184 45 221 255 132 0 255 69 0 58 78 222 46
    129 255 255 172 255 170 127 151 255 242 0 167 66 142 103 0 229 166
    255 108 64 18 242 225 69 119 230 144 0 20 255 134 0 150 0 198 122
    137 219 255 180 255 37 0 255 20 19 0 95 127 0 125 190 192 153 189
    255 255 98 48 34 255 255 121 255 159 0 182 1 124 41 255 255 166 210
    153 247 41 255 253 255 255 0 121 179 255 11 88 255 255 255 0 124 211
    204 199 0 19 0 255 0 225 187 215 0 118 0 0 0 172 248 0 174 255 209 0
    195 124 61 255 255 136 109 0 255 255 118 0 191 88 21 132 38 230 191
    166 178 255 0 43 0 149 99 189 83 255 81 0 255 255 0 130 18 72 255 40
    255 241 0 222 212 105 255 185 0 106 36 0 132 174 109 19 0 255 181 72
    51 255 223 212 232 0 255 0 255 222 0 255 9 104 219 0 151 105 179 0
    255 180 35 1 255 249 250 255 62 72 252 133 60 189 51 15 27 0 255 255
    237 22 255 75 164 0 119 158 20 0 0 0 132 0 103 155 127 255 16 112
    222 255 255 1 52 255 134 0 19 0 44 78 81 33 255 180 62 0 0 236 91 71
    47 0 0 42 0 162 21 0 100 255 39 0 98 142 0 0 250 74 95 227 0 0 224
    142 101 255 51 89 0 66 255 153 140 101 188 104 255 77 9 0 72 36 14
    255 250 52 160 74 230 135 55 97 76 189 255 102 206 255 0 0 242 0 255
    255 165 54 197 194 111 7 234 189 140 15 0 90 255 66 108 172 120 210
    61 90 87 120 7 255 13 87 142 66 206 255 208 0 255 84 200 255 255 255
    255 0 62 219 232 27 23 255 255 0 147 29 255 255 76 228 110 222 163
    81 211 255 248 116 174 1 245 36 32 0 207 0 216 31 255 255 0 129 13 0
    5 69 219 255 48 255 255 0 255 33 0 89 17 45 125 255 63 0 96 195 230
    26 20 255 0 178 39 216 203 0 170 0 243 0 255 173 2 101 255 248 255 0
    123 252 0 6 203 0 97 255 89 255 189 255 40 0 112 79 79 0 0 151 211
    229 255 155 137 0 118 210 140 152 255 190 255 0 0 255 145 167 171
    174 0 204 52 249 184 255 255 255 48 141 255 87 75 0 255 169 83 0 135
    155 0 0 83 0 255 182 74 174 233 103 232 214 255 29 0 0 32 68 87 0 0
    240 23 185 255 35 199 0 0 63 244 0 4 199 74 221 76 0 204 214 0 0 0
    201 23 45 134 0 144 255 0 255 68 0 205 0 166 63 131 4 255 78 169 0
    255 157 255 168 161 105 0 213 0 4 0 0 213 222 0 41 52 25 255 12 69
    219 52 0 0 0 79 7 76 211 106 255 19 0 14 255 52 6 179 0 255 142 0 1
    216 19 111 223 0 255 0 124 0 59 70 0 255 0 0 255 151 0 91 161 0 135
    220 179 255 0 80 0 0 88 255 160 11 27 66 234 171 195 0 255 211 110 0
    52 195 93 137 100 91 215 0 145 41 255 255 92 0 129 228 237 230 178
    255 202 25 206 227 220 123 189 129 14 133 82 135 0 52 71 85 103 224
    126 110 0 34 97 64 255 81 59 134 248 17 97 40 160 197 195 79 158 0 0
    147 0 255 25 0 140 226 197 80 58 32 145 0 0 0 232 224 181 255 146
    163 33 117 255 58 0 255 0 0 40 5 0 165 205 218 11 138 167 83 55 0
    130 109 189 182 160 137 255 255 199 55 17 255 51 180 255 202 255 117
    133 255 255 59 0 255 255 50 255 255 233 255 0 156 183 0 255 74 0 0
    239 0 92 100 69 154 188 20 121 103 205 75 0 238 67 59 42 249 113 116
    0 0 255 197 101 255 92 255 0 202 255 0 4 0 2 91 104 25 0 0 0 20 247
    197 138 18 246 159 148 108 231 64 201 172 0 45 255 30 150 255 0 0
    129 254 0 230 255 38 132 255 251 255 0 255 0 0 0 255 0 0 10 255 162
    0 84 0 255 0 0 153 0 115 120 0 0 0 50 166 255 16 139 255 117 0 255
    255 136 13 255 186 168 0 8 0 76 51 255 173 94 48 52 163 0 183 84 236
    255 0 0 255 10 0 0 222 240 60 240 0 255 0 172 72 255 255 255 143 255
    160 0 135 127 0 0 12 255 169 108 201 77 255 142 255 255 255 255 201
    57 43 230 157 94 90 113 218 2 0 35 22 255 255 255 255 16 255 0 0 38
    0 155 79 63 255 201 120 0 142 214 50 47 255 197 96 0 124 232 113 0
    152 20 0 159 0 255 0 255 153 91 104 10 0 0 0 0 0 58 0 31 158 0 0 8
    107 255 101 191 0 0 35 0 0 158 255 52 255 244 22 218 139 0 8 0 208
    230 0 0 255 255 136 242 82 232 255 251 193 255 0 255 62 0 61 118 151
    224 160 36 200 255 255 211 255 53 127 0 133 55 11 255 121 73 18 93
    28 137 51 0 76 246 0 215 194 82 101 121 0 88 215 0 8 0 136 219 0 118
    164 255 205 15 213 0 176 251 0 179 255 245 34 255 188 190 149 87 161
    225 255 149 255 255 255 255 0 166 229 125 0 181 0 252 255 0 205 0 30
    255 51 0 255 188 242 255 0 0 236 82 145 58 2 232 255 251 161 183 110
    137 106 255 0 134 255 143 15 55 174 255 168 31 210 109 165 0 118 255
    51 255 144 0 104 100 190 0 206 0 0 255 217 38 0 121 179 156 250 246
    255 190 0 255 0 190 255 164 24 141 51 213 255 180 255 135 218 255
    149 7 79 0 103 184 97 255 0 200 117 255 166 255 255 32 0 226 0 155
    243 0 86 71 224 50 206 255 123 0 255 255 8 255 0 255 0 0 0 0 0 35 78
    51 255 255 192 22 198 103 69 255 251 10 86 41 224 178 255 162 255 55
    223 0 230 29 0 84 68 38 157 123 144 255 51 181 255 0 255 255 112 165
    0 0 62 0 255 32 7 23 145 0 0 186 255 138 255 55 34 5 0 48 241 116
    231 43 165 0 192 109 39 205 0 127 184 0 97 0 22 255 67 118 0 38 72
    206 226 38 255 128 0 187 45 0 132 83 105 255 178 255 255 81 255 217
    0 155 252 0 153 0 157 78 0 184 255 240 0 115 255 0 0 86 65 255 8 134
    42 0 191 255 127 82 120 178 253 20 9 0 53 189 137 89 147 0 255 0 18
    255 255 0 55 248 5 235 139 227 0 183 36 255 0 143 0 12 10 255 0 0 12
    141 161 255 255 255 120 105 190 0 250 185 69 8 65 148 255 202 255
    255 0 95 141 158 0 199 38 229 0 102 55 133 29 255 30 1 85 255 192
    206 0 86 166 0 255 0 255 255 255 195 255 156 66 20 5 230 1 74 140
    255 255 61 141 115 0 177 134 149 111 200 255 255 255 200 255 17 205
    0 233 36 38 250 0 101 159 86 255 246 225 118 249 154 174 4 47 0 255
    0 185 178 255 249 0 161 255 0 23 122 255 187 12 255 39 154 169 169
    246 255 0 69 255 0 0 65 243 136 199 0 0 188 219 209 103 202 112 0
    168 85 255 0 144 215 0 0 214 116 23 33 58 92 181 95 5 255 0 0 0 255
    19 165 150 0 226 171 255 0 142 255 0 113 54 148 0 75 255 0 0 255 242
    255 255 169 222 111 189 0 233 226 255 255 66 175 0 139 14 42 183 255
    255 9 255 131 85 84 255 91 142 39 221 129 205 150 187 138 255 255
    255 219 29 255 172 0 38 255 0 145 0 255 0 117 95 44 100 94 0 168 0
    193 255 38 52 48 0 240 255 130 222 121 31 79 0 0 0 51 33 173 13 78
    105 255 107 198 67 0 0 255 94 79 255 116 158 185 14 57 253 182 195
    97 123 255 155 51 241 255 134 153 162 88 223 255 249 200 27 255 113
    35 255 0 0 255 228 218 13 251 255 255 0 92 0 0 0 0 0 237 0 113 135
    99 152 127 202 0 8 92 0 0 95 255 0 183 183 205 218 14 0 20 15 132
    196 18 0 121 254 0 22 219 0 0 255 208 127 255 0 236 216 0 188 73 135
    11 162 49 114 41 244 255 179 153 85 0 255 26 99 241 255 0 206 250 71
    79 132 223 0 239 62 76 11 255 235 53 45 145 25 6 90 203 0 229 148 0
    17 0 225 152 124 255 229 255 255 135 174 110 255 123 71 111 65 46 84
    41 2 255 255 77 102 255 205 255 255 112 0 15 74 0 255 149 0 216 137
    54 108 111 76 171 57 0 0 0 255 255 201 0 255 0 0 129 0 0 255 0 31
    164 101 242 132 172 247 0 159 255 163 112 248 174 227 0 49 0 140 203
    66 215 197 85 0 249 199 19 255 79 0 6 56 0 232 109 83 205 255 215
    255 0 255 0 161 99 80 192 247 119 255 174 255 235 185 50 0 94 0 209
    123 0 116 0 45 204 0 108 234 0 35 0 255 255 251 190 23 180 255 90
    240 69 154 73 0 104 135 242 221 55 104 135 55 67 208 60 160 185 0
    124 121 255 12 0 96 255 255 0 197 15 123 0 34 124 91 0 255 234 46 15
    101 169 4 255 4 29 255 255 127 187 171 36 0 0 0 164 0 37 0 20 80 255
    0 255 255 106 72 255 103 255 0 218 112 148 138 29 133 163 12 44 27
    116 63 62 86 0 254 230 240 0 40 0 87 0 0 0 133 255 112 255 247 107
    103 208 188 57 246 254 255 53 18 255 133 238 209 188 255 208 0 206
    179 186 183 255 255 0 0 255 11 0 0 246 48 0 58 14 255 36 176 0 255
    235 74 141 255 255 119 152 240 0 0 2 220 94 255 13 0 17 134 0 218
    141 80 0 255 233 255 255 142 5 255 0 0 36 219 0 255 20 237 103 162
    255 81 99 255 0 255 76 172 255 37 188 8 206 13 255 180 0 52 32 181 0
    196 195 190 221 255 0 75 196 4 255 191 0 0 255 92 83 82 218 127 76
    152 167 179 0 0 149 197 0 255 0 66 255 0 255 4 223 69 246 0 0 225
    114 124 194 255 16 232 255 157 74 37 196 11 0 209 181 194 27 140 249
    255 109 181 142 40 255 0 255 229 102 218 199 150 53 252 233 108 22 6
    255 0 202 240 154 0 255 255 224 158 61 255 166 35 201 255 71 255 231
    255 255 176 0 194 219 14 68 0 0 0 73 255 0 43 49 208 255 0 0 61 114
    31 255 52 23 0 25 255 0 132 0 129 71 35 181 77 204 62 255 109 0 155
    152 216 0 0 195 205 156 109 197 255 212 129 253 243 255 0 65 0 64
    126 255 106 150 255 66 34 0 215 15 111 56 0 35 67 170 255 147 0 255
    149 255 226 255 30 0 137 255 97 177 29 255 255 94 176 248 18 0 69
    174 255 157 255 204 41 26 228 0 0 138 67 130 9 0 114 255 85 0 239 0
    0 45 65 154 0 0 255 97 131 64 18 0 0 0 255 114 0 255 0 118 255 210
    255 113 255 29 0 255 255 154 255 39 144 255 255 176 255 121 90 120
    37 0 178 0 255 46 1 255 83 255 0 84 0 160 240 102 146 84 255 0 59 0
    57 0 144 39 248 228 60 206 0 255 0 255 200 101 241 255 28 0 0 95 99
    98 70 255 255 131 110 111 0 0 48 204 0 118 42 202 197 0 115 190 0
    103 0 187 0 119 189 145 255 0 125 147 0 21 0 128 0 128 255 255 177 0
    0 139 12 159 0 47 4 100 0 0 255 255 0 255 166 0 22 155 252 255 0 238
    255 255 108 110 131 177 204 198 123 255 70 255 255 73 0 113 50 0 2
    255 237 105 70 156 20 110 255 119 16 255 226 0 166 53 148 237 242
    255 0 143 110 236 188 0 160 147 109 169 99 8 9 157 126 255 0 164 166
    123 255 255 231 231 150 153 255 85 146 219 255 154 86 0 209 96 4 225
    255 5 255 204 47 243 221 255 31 0 109 63 210 76 222 113 99 53 27 0
    11 255 0 18 105 255 145 105 94 80 238 255 0 255 252 79 205 0 51 0 81
    160 0 145 0 0 0 2 112 0 0 43 255 0 0 137 220 46 162 111 74 255 121
    48 0 0 0 89 204 78 238 255 0 110 89 0 0 236 245 171 255 0 0 93 51 55
    19 83 255 87 32 205 44 113 36 40 255 4 0 223 47 30 88 11 46 255 61
    224 216 255 0 66 30 116 0 64 124 30 203 49 0 223 255 255 42 100 255
    168 232 113 255 255 0 216 0 116 0 255 0 95 145 193 185 255 24 112 0
    76 0 121 236 212 85 168 255 213 128 58 181 0 0 71 255 0 0 255 255 0
    9 255 255 20 225 59 95 20 0 165 190 0 73 71 4 0 255 0 0 3 125 255 0
    0 182 157 0 219 0 74 46 38 126 255 207 255 255 255 255 140 119 124
    94 247 99 111 26 196 255 255 172 255 204 255 103 255 254 255 255 127
    221 146 0 48 255 130 0 79 205 255 133 255 0 116 255 255 38 32 171 69
    0 148 73 35 37 0 24 0 60 152 73 6 196 0 0 0 255 255 60 244 255 146
    32 0 226 255 147 0 227 151 64 80 192 217 60 124 255 65 0 19 69 255 0
    17 255 0 170 0 255 188 57 255 255 0 90 177 177 0 226 255 215 0 0 219
    255 233 85 64 142 83 0 92 255 177 144 255 255 105 69 214 28 71 66
    255 40 235 202 255 13 35 208 156 69 44 157 45 217 40 255 213 0 0 0
    60 139 97 139 52 57 255 80 39 2 0 23 17 255 86 31 255 28 255 112 0
    151 252 0 75 0 252 105 0 0 255 27 184 61 188 160 12 47 255 222 167
    144 0 243 143 152 130 43 116 0 0 0 0 19 0 255 228 0 129 203 185 0 0
    255 127 0 255 255 237 255 158 255 237 166 195 255 188 123 41 136 255
    0 46 0 61 255 223 255 0 154 97 94 255 149 0 255 255 93 171 0 255 196
    199 75 55 93 0 0 0 255 255 0 255 62 255 107 248 77 0 28 0 58 122 50
    139 255 243 6 255 255 255 0 132 4 236 255 11 188 121 218 117 187 156
    235 255 46 97 0 157 117 61 0 255 0 255 255 26 80 0 0 100 0 47 41 248
    0 4 0 102 62 255 231 255 0 164 40 61 240 153 10 0 132 0 255 177 152
    255 0 109 55 0 0 219 184 255 0 105 78 124 167 0 28 182 255 255 41
    202 228 219 255 255 233 255 0 255 243 233 115 44 149 19 255 0 255
    203 134 114 233 34 0 136 68 87 90 62 43 255 206 255 179 255 175 181
    203 185 13 238 0 0 255 131 0 86 240 255 255 0 180 0 0 100 0 255 228
    179 139 255 11 211 213 47 147 255 36 0 0 255 141 36 72 73 114 114 6
    255 95 145 225 255 0 0 118 38 195 0 66 202 74 201 113 0 229 236 74
    255 107 247 153 146 103 255 0 73 139 178 188 0 38 40 255 189 255 176
    29 84 2 73 0 42 0 58 83 20 58 182 182 104 255 67 52 220 82 96 0 102
    108 101 56 62 0 82 198 193 75 56 109 0 178 22 156 255 255 0 26 155 0
    0 165 85 210 223 163 10 155 255 239 7 113 182 0 136 126 195 58 84
    204 255 255 255 142 142 70 0 255 255 104 179 13 0 255 2 255 86 237
    86 219 0 18 61 211 0 158 196 77 14 35 255 0 52 146 0 0 0 109 0 56 0
    114 212 206 250 0 200 186 13 255 26 39 51 113 132 0 233 49 255 19
    255 16 151 46 253 255 255 99 0 255 255 0 183 255 193 0 255 255 0 252
    95 70 255 255 219 0 215 220 255 124 113 153 255 255 255 208 106 0 0
    55 183 205 225 141 255 201 143 0 4 255 255 255 0 224 134 57 0 0 233
    0 26 162 171 95 129 180 216 48 0 142 108 64 250 255 153 67 166 75
    228 85 246 255 114 218 245 254 200 57 205 186 255 16 255 109 255 255
    193 255 36 77 155 159 115 17 155 0 0 255 7 55 0 0 47 127 0 70 107 0
    51 111 0 6 171 0 131 0 150 229 75 88 70 255 255 0 60 177 86 175 176
    0 109 232 10 0 255 167 0 26 255 135 205 21 42 0 132 0 40 200 21 220
    0 122 251 177 8 0 255 64 0 73 89 162 0 255 255 255 255 175 33 0 0
    255 255 178 218 255 115 0 198 210 0 0 255 245 73 255 255 0 255 0 167
    255 62 211 78 144 217 167 99 217 255 251 204 255 255 73 167 157 151
    113 76 49 0 255 32 0 62 255 181 0 126 0 41 197 0 103 255 249 0 126
    240 19 31 30 0 255 4 175 120 0 122 227 255 0 189 0 255 208 255 107
    255 0 0 0 224 0 195 110 227 255 184 72 230 218 146 58 0 38 52 6 0
    255 0 238 231 0 70 83 11 255 247 63 135 255 242 7 92 95 118 24 255
    154 239 255 0 133 30 253 241 55 242 213 0 148 0 255 216 255 104 238
    102 255 45 78 221 56 164 121 255 234 252 79 255 255 177 234 255 255
    89 24 0 44 37 87 0 216 154 157 238 8 134 157 28 114 126 237 225 255
    255 181 27 34 57 212 55 140 120 205 247 255 181 238 0 255 255 9 0
    255 255 0 157 252 255 60 206 0 133 172 116 0 29 112 208 44 255 204 0
    215 255 0 0 198 241 253 47 53 255 152 34 196 255 161 207 131 255 66
    208 255 0 0 117 255 45 0 234 210 88 0 236 99 136 141 251 255 174 129
    255 73 110 158 110 0 0 48 175 99 4 255 50 36 31 113 250 0 255 60 0
    190 66 229 193 233 205 108 53 82 155 0 147 150 36 105 197 174 255 0
    104 255 181 155 172 255 0 67 217 208 181 0 255 255 255 193 59 20 251
    153 0 30 255 57 255 200 255 0 255 73 255 212 255 139 248 188 255 242
    106 135 0 57 74 255 96 255 255 114 31 144 0 247 164 159 188 0 0 208
    0 83 218 0 255 136 0 179 0 65 166 255 105 255 195 43 44 181 233 0
    204 142 19 207 255 0 112 98 97 0 255 45 196 107 0 0 89 255 255 208
    255 190 59 198 0 108 107 139 255 91 255 23 255 0 54 174 136 229 177
    83 8 255 0 255 97 233 251 0 3 255 0 253 11 21 255 0 115 229 0 156 2
    0 0 229 174 59 167 97 191 205 29 253 19 117 146 219 0 255 255 216
    255 155 0 0 0 37 0 147 130 198 255 255 255 192 58 227 147 5 3 255
    236 186 0 174 150 184 255 255 35 150 12 52 91 172 0 0 220 255 244
    255 255 85 19 120 34 255 156 0 255 0 145 255 198 218 153 0 255 255
    73 255 0 118 171 226 0 70 6 15 216 232 254 0 255 41 0 0 0 0 163 83
    255 29 172 15 97 8 42 0 93 0 206 94 110 255 150 0 168 50 55 20 0 255
    255 171 63 255 148 255 137 255 23 48 255 62 255 255 66 0 255 255 0
    243 126 0 216 167 255 78 0 147 255 32 255 248 166 99 24 173 0 154 29
    115 255 255 216 181 0 3 23 129 255 35 142 190 84 136 255 150 205 177
    0 31 255 255 79 0 73 145 242 67 84 147 255 0 125 0 203 155 255 26 96
    50 179 250 255 166 0 136 0 53 126 0 245 255 252 0 255 43 255 255 236
    97 47 83 150 231 255 132 108 92 178 255 6 130 209 255 159 23 216 234
    218 0 56 255 159 255 68 16 0 91 169 218 67 43 255 145 230 255 0 255
    255 0 57 92 0 233 145 89 255 122 56 0 168 103 177 255 251 255 7 0
    239 39 239 206 157 255 255 195 8 244 137 179 121 255 255 35 143 255
    0 219 71 0 52 26 81 54 0 5 14 194 0 177 213 0 255 255 0 227 201 245
    0 38 52 227 141 254 0 255 205 132 70 255 35 0 0 255 167 202 255 255
    104 0 255 135 0 0 255 181 0 112 156 166 255 0 0 255 168 255 0 25 228
    238 231 93 99 62 57 96 205 0 0 69 0 0 188 70 255 151 255 139 255 166
    19 0 0 0 60 62 45 145 29 255 0 80 99 54 148 97 174 83 67 7 255 52
    100 0 255 255 229 104 255 0 81 255 220 222 0 233 94 71 255 218 0 255
    130 5 217 127 0 127 133 115 57 103 138 19 214 0 255 174 160 255 205
    255 249 0 222 255 255 255 94 31 255 209 166 35 255 0 213 70 25 64 55
    0 255 255 235 59 59 160 184 206 230 0 53 151 0 26 210 0 135 0 8 36
    255 255 151 0 137 60 242 0 171 76 0 255 0 251 94 78 0 234 0 181 224
    226 64 15 144 217 83 0 248 0 169 65 98 162 55 225 255 0 0 251 18 214
    0 164 80 255 0 144 163 0 0 81 139 63 0 255 0 0 144 255 115 208 2 255
    0 230 181 178 27 0 78 254 197 153 255 139 255 209 229 0 77 38 132
    255 80 0 211 232 255 0 107 57 75 86 179 255 0 237 0 204 187 119 72
    29 0 255 195 131 255 149 107 204 130 130 40 58 199 228 248 165 255
    135 255 41 0 0 255 216 227 118 73 205 125 168 204 135 126 26 203 39
    158 0 203 213 222 194 162 255 232 186 156 179 122 0 255 36 181 255
    232 255 255 51 246 255 20 0 177 202 166 81 34 181 255 35 93 212 255
    5 255 255 249 222 0 114 197 170 0 0 0 0 249 0 134 195 0 255 170 255
    0 196 235 28 1 124 119 0 0 22 60 214 0 34 0 84 182 19 208 4 62 84
    162 0 0 206 189 255 73 0 255 0 60 0 112 0 255 128 255 122 59 122 169
    255 216 63 7 255 0 42 226 193 255 255 127 255 141 0 81 255 40 67 145
    55 0 128 0 180 255 51 98 0 0 0 19 34 243 31 255 255 0 187 217 129
    255 255 103 12 242 255 0 226 46 102 226 255 171 0 255 97 255 78 0 42
    134 148 66 255 207 27 0 62 74 255 227 42 1 152 187 177 255 119 131
    52 116 69 255 0 76 243 244 255 143 255 255 0 87 1 241 244 64 216 185
    243 243 255 145 5 0 0 255 30 0 122 0 34 255 0 255 0 0 170 36 236 236
    220 58 205 0 255 255 118 196 13 255 252 0 189 255 155 197 0 255 255
    0 234 0 48 0 255 220 29 255 169 149 74 157 13 255 26 108 21 14 0 14
    0 153 21 117 36 138 0 240 0 202 192 118 63 26 72 255 255 81 197 237
    253 0 141 208 179 231 255 255 191 0 0 124 188 82 147 219 39 255 164
    163 0 246 131 215 100 111 181 210 62 242 64 231 213 135 196 181 166
    200 0 145 20 222 0 28 158 106 61 169 22 105 203 242 176 171 216 113
    255 71 56 132 151 57 102 251 34 129 0 83 216 3 200 255 147 216 96
    121 102 244 106 180 78 0 0 122 239 228 155 249 255 166 18 255 255 95
    36 231 199 203 0 121 90 68 29 169 101 19 255 135 255 50 29 8 255 196
    46 0 28 168 181 171 163 221 0 143 255 255 216 75 193 138 225 82 165
    28 0 0 0 255 228 95 103 211 255 117 255 240 207 180 213 130 0 86 0
    67 17 71 255 139 255 84 191 215 255 255 204 168 255 255 255 0 139
    101 61 84 255 255 101 218 185 107 255 25 211 204 66 0 255 0 106 10 0
    0 10 232 0 0 255 196 255 141 231 190 78 31 0 65 141 198 11 0 0 162
    255 255 11 0 214 255 0 157 174 186 0 0 102 242 104 48 255 255 255 84
    78 194 39 57 223 255 208 255 0 162 255 255 21 33 101 170 0 59 75 239
    239 0 34 238 52 164 133 255 70 158 255 255 255 59 50 172 154 61 154
    202 207 253 40 176 183 193 2 79 0 73 255 162 0 255 118 255 0 12 27 0
    255 255 61 183 227 226 65 120 187 0 72 128 1 0 255 143 137 0 148 53
    0 252 47 0 42 0 0 110 255 255 255 245 41 79 255 255 109 186 118 165
    6 0 37 26 0 153 0 255 247 15 137 167 255 79 255 204 197 213 0 75 255
    165 162 255 186 255 42 97 0 255 170 0 255 0 178 239 0 242 37 71 0 0
    255 0 201 0 230 65 121 0 164 210 0 151 0 161 26 217 133 28 255 224
    13 255 41 239 112 255 51 0 153 116 0 220 198 220 169 20 86 4 79 86 6
    10 150 226 47 13 255 163 109 34 0 0 43 216 72 31 246 255 35 224 12
    72 178 201 252 255 180 61 140 194 229 51 0 146 203 0 0 21 0 246 192
    0 97 25 74 233 95 255 0 255 0 6 0 0 247 51 253 176 240 62 255 194
    253 203 230 174 176 203 47 255 48 0 0 0 0 255 107 255 0 0 255 209
    165 30 15 23 255 70 0 185 255 0 0 255 29 200 215 41 229 242 246 46
    188 124 223 0 131 255 22 0 237 175 83 148 224 36 0 255 255 0 255 255
    0 0 255 149 250 245 96 0 140 238 127 247 0 143 255 233 255 255 0 48
    0 244 34 0 255 0 104 150 197 136 0 14 170 255 55 0 255 0 187 247 0
    255 195 0 118 117 0 0 168 107 233 255 0 255 211 0 255 0 255 0 255 0
    0 160 0 145 33 255 0 255 225 0 27 126 213 88 151 252 255 0 171 255 0
    134 13 0 182 0 0 70 110 88 249 0 255 6 201 255 91 255 72 97 146 185
    10 142 131 185 0 255 0 255 41 0 167 129 0 0 255 65 117 204 79 6 255
    255 228 20 113 255 60 0 27 223 40 229 69 27 0 227 0 188 163 60 24 25
    0 152 0 150 218 217 13 220 0 173 12 255 11 75 0 0 241 252 242 255 8
    255 255 162 105 255 255 210 255 135 0 241 241 42 4 240 0 188 43 169
    138 237 226 50 118 121 255 144 200 239 1 87 70 133 255 108 146 92 0
    0 0 59 180 255 213 104 146 255 55 118 255 255 255 155 0 236 119 224
    84 255 129 0 1 255 148 0 0 234 160 248 255 229 207 239 255 80 0 255
    255 162 255 255 255 255 0 93 155 33 255 72 128 255 0 0 198 207 229 0
    111 156 0 0 255 255 0 246 0 117 27 8 0 77 255 25 173 255 0 64 14 88
    125 0 255 255 59 254 161 223 255 255 0 123 115 142 65 117 128 13 98
    69 0 204 176 0 255 156 255 255 0 188 9 156 255 62 88 143 255 0 231
    68 125 122 7 255 43 232 106 255 48 108 157 191 255 63 190 121 255 0
    42 236 0 255 0 219 122 138 230 0 36 232 148 255 255 255 255 218 8
    129 249 0 242 29 244 0 255 171 209 255 196 223 246 176 255 243 146 0
    249 0 254 127 121 255 83 139 74 0 93 82 255 0 56 255 255 50 141 134
    222 255 171 78 205 165 89 50 159 18 0 255 9 129 219 0 134 206 255
    134 26 0 0 0 0 135 44 236 251 155 197 150 224 82 227 132 255 0 51 69
    255 58 151 224 83 0 163 255 142 255 123 0 147 166 86 77 0 255 124 20
    12 202 0 32 83 252 255 0 154 142 75 131 0 80 255 97 55 123 0 255 0
    104 41 0 255 52 118 0 198 134 0 34 140 153 52 255 211 237 113 0 0
    160 16 18 95 132 228 204 255 33 255 0 0 48 99 43 170 255 0 49 138 92
    0 0 255 193 91 86 78 0 141 255 34 187 167 168 255 236 171 126 58 89
    211 48 242 111 45 0 215 255 0 57 33 140 254 57 255 86 233 115 41 121
    0 255 255 228 104 255 255 25 255 255 12 104 141 157 6 240 157 187 61
    0 114 0 114 255 203 215 0 218 0 255 255 0 84 250 206 0 93 131 250
    219 255 0 68 101 180 3 242 0 0 0 255 0 255 226 155 210 162 230 216
    255 60 77 255 0 148 198 255 49 182 0 133 16 74 148 74 83 252 136 141
    82 209 0 154 0 0 69 8 39 142 0 222 61 0 174 27 255 0 57 217 68 140
    66 200 201 223 208 209 243 174 235 39 200 255 241 244 255 255 61 96
    0 252 0 58 61 119 0 208 71 156 255 138 92 69 77 225 143 46 0 7 222
    207 244 0 104 19 103 207 0 236 255 255 255 94 5 255 200 236 255 255
    0 37 97 134 88 48 19 198 245 255 0 79 89 195 56 164 214 255 30 0 0
    186 20 173 255 154 159 133 130 93 213 7 149 31 29 49 255 136 80 255
    177 0 0 255 138 0 255 255 0 42 115 103 255 55 173 10 255 52 237 219
    255 255 53 83 66 255 27 90 57 206 245 184 48 145 190 255 0 255 255
    131 88 128 174 0 0 220 194 131 242 255 255 213 200 229 79 0 160 251
    10 57 158 135 0 255 1 0 0 73 224 142 250 35 46 255 193 0 185 255 0 0
    95 131 132 0 255 0 154 255 0 98 201 0 51 255 3 167 255 162 47 4 255
    255 79 255 213 0 255 4 216 154 174 209 185 0 255 0 254 0 222 59 0 14
    165 0 56 11 8 23 90 255 0 255 72 0 7 254 23 177 199 255 143 255 65 0
    95 30 22 135 198 45 0 178 26 0 203 204 111 0 28 217 122 51 121 85
    138 0 65 0 121 117 192 40 234 26 255 111 134 0 64 149 0 0 255 158 62
    192 70 221 79 211 166 255 0 0 103 16 120 77 0 27 0 208 35 18 213 61
    42 153 98 135 255 180 23 255 0 255 255 35 255 255 49 170 0 255 182 0
    255 0 44 240 41 202 0 246 0 175 132 49 252 97 116 189 255 255 35 0
    134 171 19 255 212 43 236 44 162 59 69 48 178 0 0 81 11 255 0 29 134
    0 246 68 135 0 63 255 0 0 131 139 45 13 255 27 180 139 115 58 230 0
    112 241 71 78 192 255 255 199 252 13 131 20 0 51 0 248 182 55 238
    245 255 46 27 255 0 157 133 231 255 141 89 178 84 89 201 0 66 255
    255 171 255 239 255 80 186 0 0 112 0 26 255 140 0 255 23 0 3 225 8
    96 255 0 12 206 127 168 101 250 141 30 30 0 224 47 82 0 0 160 239 77
    81 0 0 255 0 104 0 130 29 234 0 0 48 141 189 0 255 255 0 72 0 191
    222 242 0 28 160 15 45 255 217 0 0 230 98 118 214 121 85 3 255 0 10
    255 71 243 255 0 208 55 214 255 244 255 61 0 255 234 59 220 0 154 78
    202 188 1 206 0 47 2 218 255 255 178 0 187 0 255 224 0 158 85 120 0
    0 0 97 255 0 18 174 0 255 0 189 255 255 255 224 0 255 255 191 255 42
    0 0 8 40 255 255 0 33 255 255 205 255 242 70 37 81 73 167 255 152
    237 121 152 79 0 0 0 255 15 178 79 13 0 255 65 10 0 166 156 124 255
    0 245 115 255 167 255 255 54 151 255 112 0 64 198 214 32 133 71 20
    199 151 62 89 168 24 99 115 0 24 57 255 64 248 35 255 255 76 252 0 0
    64 0 0 140 37 0 255 255 149 212 0 0 196 153 214 91 227 4 0 255 0 88
    210 51 255 255 182 251 105 195 255 102 120 212 212 45 0 255 255 249
    193 254 12 130 53 250 0 126 183 13 0 255 0 208 228 52 255 119 255
    210 222 255 131 251 0 89 255 253 255 133 128 37 0 76 246 190 255 102
    209 189 24 44 0 200 16 0 0 255 235 255 0 177 255 255 0 255 255 9 125
    255 65 249 73 204 0 8 255 213 255 0 255 237 69 0 0 146 46 48 183 110
    53 51 255 0 0 115 248 134 227 53 31 255 65 255 0 209 251 180 36 206
    49 159 0 124 125 255 0 95 248 100 0 255 174 255 116 255 150 49 24
    255 255 255 184 0 255 109 0 30 244 0 255 255 2 58 255 0 46 34 0 199
    0 0 255 43 0 13 245 255 50 101 0 255 0 114 199 187 31 244 0 255 121
    8 177 223 155 0 203 247 217 0 0 255 0 225 0 81 249 16 3 28 47 159
    150 0 252 255 255 0 116 168 0 170 189 0 170 39 107 167 255 130 0 255
    189 21 162 210 74 255 253 255 116 255 240 32 255 12 71 0 104 255 145
    132 255 210 226 0 244 84 200 125 203 244 80 255 69 0 82 26 143 189
    193 255 255 255 183 255 80 255 83 241 50 212 142 144 202 255 255 152
    0 227 0 143 65 255 0 240 41 143 0 0 255 92 2 137 0 0 128 27 118 164
    29 50 19 255 129 0 71 0 148 255 126 7 25 81 255 255 107 214 178 158
    6 9 163 255 0 255 187 83 0 213 136 241 255 185 238 208 0 184 0 255
    124 253 255 30 119 255 255 57 255 0 241 4 18 255 139 0 0 255 130 0 0
    183 69 195 254 0 255 0 226 171 0 80 74 196 241 0 18 230 230 147 254
    154 162 0 255 255 88 22 255 0 0 83 0 0 211 54 0 220 168 255 0 0 152
    255 124 100 252 150 246 113 226 88 91 51 255 49 226 180 83 120 0 144
    255 0 0 111 35 68 255 187 249 0 222 0 140 255 0</data></my_img>
<your_img type_id="opencv-matrix">
  <rows>128</rows>
  <cols>256</cols>
  <dt>"3u"</dt>
  <data>
    0 0 169 0 69 30 252 250 143 191 108 0 206 93 255 255 40 0 0 151 255
    255 255 184 0 141 255 127 255 255 182 195 244 77 0 173 232 204 120
    255 40 63 0 45 211 235 0 74 205 157 36 241 79 205 70 48 0 175 91 210
    21 38 249 22 255 179 0 222 15 14 255 203 63 77 0 140 200 255 0 255
    255 9 255 0 0 255 0 100 182 40 90 32 224 255 226 255 87 0 95 255 0 0
    0 0 86 0 0 129 241 255 0 17 255 0 121 0 32 160 0 0 232 10 255 255
    249 255 184 0 142 255 255 62 0 27 0 226 0 0 255 255 90 162 0 14 111
    151 255 58 0 35 43 123 0 0 255 103 12 255 0 255 85 255 194 215 0 44
    255 52 0 57 51 255 149 226 255 0 3 220 42 5 11 84 0 173 186 255 255
    255 32 35 190 68 64 216 240 0 218 239 74 148 255 193 255 9 240 125
    177 255 149 215 255 49 103 200 165 0 136 59 5 51 0 255 254 92 0 60 0
    157 0 255 53 203 255 169 23 230 16 179 255 255 255 0 124 230 0 0 227
    35 179 56 235 173 255 182 0 149 0 205 218 134 239 255 93 160 112 255
    255 188 255 198 255 51 255 255 63 170 105 0 0 255 25 23 0 14 92 129
    0 0 255 242 255 255 255 255 101 255 107 113 0 93 140 255 204 255 227
    0 185 255 182 223 254 55 255 82 176 124 0 39 0 132 151 255 0 135 0 0
    89 16 126 136 0 128 0 68 117 54 48 90 243 235 0 252 255 255 204 206
    117 255 0 75 131 219 0 164 255 255 0 141 203 0 255 255 96 201 199
    190 251 14 93 217 35 114 46 255 0 32 0 193 255 123 232 136 26 198
    233 255 242 242 28 0 255 235 45 167 27 183 6 164 48 0 0 140 226 1 0
    201 0 0 127 95 255 255 221 255 255 182 231 159 183 61 0 255 241 145
    100 78 255 0 104 28 174 220 0 147 66 166 0 153 255 0 76 231 0 129
    139 223 255 0 0 255 255 54 0 212 0 255 225 255 155 31 196 116 96 17
    166 0 0 255 96 0 201 255 255 17 231 106 136 114 25 95 222 207 255 30
    168 186 96 103 204 0 255 255 0 0 0 33 145 70 255 153 255 77 255 255
    235 247 154 255 0 0 255 107 57 50 200 185 175 255 0 0 40 97 55 171
    255 98 0 167 0 54 69 255 33 231 116 27 233 186 138 100 30 126 255
    166 30 255 146 239 255 166 221 0 34 255 255 111 99 255 0 0 255 129
    201 60 154 177 255 255 216 217 151 187 0 255 0 46 13 114 255 209 11
    93 255 228 0 160 0 231 0 217 205 240 101 225 45 255 177 48 255 124
    185 148 255 102 255 252 0 59 218 39 156 0 115 171 33 0 65 184 218 93
    122 80 12 255 123 29 220 238 0 195 5 244 195 0 244 255 74 208 171
    214 0 238 255 0 255 0 238 177 0 0 162 41 0 0 255 255 0 255 186 255
    106 194 255 255 217 197 255 0 79 35 255 255 253 249 255 115 0 146 0
    255 0 99 255 255 110 0 0 255 168 182 166 90 148 83 140 0 225 51 141
    149 240 218 184 222 0 247 55 255 189 255 165 113 21 0 8 118 0 255 97
    0 255 255 40 163 159 242 254 28 38 255 255 255 109 185 153 214 255
    247 0 0 255 0 255 203 30 138 0 230 243 0 114 0 182 92 222 255 223
    120 149 225 6 9 255 0 228 255 158 0 9 107 155 50 118 0 156 255 75 59
    225 172 70 1 255 0 126 0 134 221 0 248 136 76 243 255 80 125 246 131
    255 255 173 146 178 85 96 255 255 74 0 149 110 33 255 223 4 0 0 64 0
    0 0 135 255 156 229 250 152 239 159 0 248 94 0 0 233 223 6 0 0 202
    198 253 17 255 217 244 16 53 0 42 34 26 231 214 0 238 170 112 124 70
    140 66 251 0 213 104 171 206 4 180 167 7 213 255 0 255 131 217 193 0
    164 109 90 132 127 70 255 161 47 190 19 43 255 255 255 148 0 255 249
    94 0 0 186 196 0 0 182 168 164 207 255 221 154 255 82 113 164 118 21
    71 0 214 0 255 0 255 46 234 85 255 181 182 73 203 0 255 99 109 147
    255 182 46 0 24 255 19 54 95 255 36 177 59 255 205 58 244 158 217
    119 55 140 171 97 132 175 132 232 16 253 249 58 0 195 15 213 77 159
    249 0 0 71 0 132 236 23 0 145 255 240 158 255 255 112 255 0 0 137
    128 124 92 11 251 83 255 214 249 255 0 255 255 119 255 0 0 51 0 0
    234 255 58 51 255 0 2 32 191 0 180 180 255 0 0 25 238 131 189 154
    161 229 255 42 0 0 181 0 255 130 255 144 237 114 78 221 255 0 204
    229 41 47 166 52 186 34 0 140 3 255 0 93 40 0 55 255 239 34 0 0 236
    0 0 255 255 255 242 98 38 48 22 102 255 0 211 255 230 255 0 255 96 0
    255 205 44 204 0 94 85 255 143 43 255 255 57 0 165 190 86 255 0 189
    246 0 182 0 255 255 0 38 0 148 133 105 80 113 196 0 60 255 56 115 0
    27 255 9 172 107 185 255 54 241 0 109 255 68 249 116 53 29 0 0 111
    148 161 190 3 233 18 93 46 35 255 69 101 69 39 24 0 81 84 219 143 95
    54 173 202 178 0 214 184 0 230 0 37 41 0 0 236 124 9 27 221 255 255
    221 68 232 124 214 30 255 223 0 0 4 49 203 0 0 101 139 230 39 8 202
    255 255 255 206 9 87 255 255 255 0 255 240 0 119 188 0 0 120 196 226
    183 0 191 0 87 110 126 166 255 99 0 225 230 207 5 0 255 249 0 94 252
    146 0 36 0 156 91 0 91 255 0 0 0 26 4 3 34 255 119 0 0 255 226 15 80
    7 57 122 0 193 14 114 0 0 188 0 171 31 64 34 0 255 145 0 166 112 219
    151 88 68 62 176 163 21 120 58 217 0 248 255 255 255 154 166 255 35
    255 139 0 71 0 101 0 226 255 8 255 251 142 8 95 0 18 255 16 19 217
    255 0 0 190 0 0 206 255 165 0 166 0 212 64 0 0 26 192 192 26 220 255
    0 255 12 37 98 251 240 7 192 255 0 0 179 255 171 167 138 0 114 255 0
    214 0 69 253 37 21 247 255 0 181 0 211 131 190 183 121 51 48 102 247
    156 211 143 207 254 124 0 255 180 255 255 91 157 172 0 0 98 0 227 0
    0 192 209 159 33 152 255 58 52 82 0 16 0 105 235 26 73 9 0 159 108
    171 19 255 255 123 255 253 84 219 25 0 134 102 0 0 0 219 1 22 154 29
    0 0 181 255 0 0 255 237 0 167 129 255 68 83 179 68 255 171 255 255
    138 0 78 196 126 140 255 90 255 180 150 230 185 133 185 174 165 0
    163 20 202 147 237 235 133 255 0 149 239 0 235 130 209 255 150 255
    129 162 3 202 0 177 255 0 100 84 0 255 255 255 56 76 0 255 0 255 255
    145 248 34 0 91 0 0 51 249 66 70 92 255 0 174 14 255 77 149 0 255
    255 0 75 76 21 137 173 115 11 233 246 149 85 0 192 211 255 63 237
    214 255 57 0 0 47 255 210 0 255 75 255 132 0 91 255 181 0 237 0 162
    205 203 255 0 59 56 159 219 252 153 0 230 44 29 195 136 0 14 160 255
    255 161 101 0 213 112 255 255 105 154 255 0 1 108 248 138 255 181 0
    85 114 207 255 165 255 255 72 236 0 195 159 67 195 207 237 220 149
    53 182 41 105 255 235 244 238 255 165 61 180 220 255 53 110 179 0
    240 255 0 103 255 121 0 255 135 142 0 193 255 255 24 152 81 215 13
    68 178 0 165 0 235 255 68 0 155 40 255 0 178 71 255 83 255 14 169
    255 182 126 112 0 255 69 176 0 48 124 13 99 0 244 114 66 194 118 0
    108 255 0 86 255 0 0 0 239 59 20 0 182 157 255 252 78 198 255 0 157
    207 0 181 89 94 12 76 255 0 141 53 42 255 255 0 0 18 46 195 146 42
    15 0 110 197 243 170 126 255 231 10 255 0 0 44 1 255 0 0 255 241 0
    222 0 35 255 79 174 242 255 28 0 0 255 167 0 255 221 40 194 255 255
    0 88 255 32 255 244 231 0 0 247 0 239 171 0 113 255 0 218 0 203 168
    80 255 255 93 255 232 0 49 0 52 115 207 244 3 208 179 56 85 59 0 239
    114 0 156 36 64 153 226 79 0 0 251 46 0 124 0 57 255 152 24 0 199
    204 57 201 228 0 153 0 243 153 255 255 0 102 58 0 85 0 181 50 196
    255 33 243 204 155 232 255 0 0 137 184 139 255 0 116 255 159 248 220
    255 135 128 34 255 255 0 0 255 222 192 255 214 199 193 0 255 0 114
    227 255 189 203 145 85 179 190 255 0 255 0 0 255 237 255 0 236 217
    32 139 4 12 73 115 99 242 13 37 204 130 0 255 150 0 0 215 151 0 230
    212 178 255 39 40 0 125 66 130 133 255 21 0 0 101 0 0 82 0 0 160 133
    181 73 255 17 143 233 54 79 0 124 230 228 235 0 178 175 0 163 121 0
    11 147 86 173 41 255 114 64 235 0 150 255 6 142 189 245 255 0 255 58
    0 231 110 0 58 236 255 0 255 163 195 138 4 56 165 255 250 7 191 119
    255 0 71 20 76 229 0 29 0 0 56 234 106 219 213 255 35 255 154 163
    188 133 255 191 68 125 172 61 0 68 0 0 58 215 46 118 0 138 104 42
    255 255 247 153 40 0 140 0 0 146 0 49 0 102 153 189 0 70 223 162 126
    213 145 156 255 0 213 0 194 244 35 74 63 255 124 147 255 255 255 206
    80 156 12 0 255 188 255 54 223 171 238 255 39 255 22 0 0 255 223 255
    143 32 255 14 186 205 255 255 255 240 255 215 177 0 245 255 255 83
    119 255 255 34 168 133 200 16 0 186 42 0 1 149 0 115 185 252 255 255
    194 129 0 138 255 204 255 0 4 172 14 56 0 0 197 150 0 0 236 48 247 0
    255 105 255 140 255 255 168 241 235 0 177 115 134 255 89 163 0 184
    255 255 32 128 12 0 180 6 0 0 18 160 0 0 255 0 0 243 0 0 255 121 255
    180 9 70 36 0 114 21 33 255 0 255 152 175 234 0 0 122 127 0 55 129
    255 255 0 255 255 255 38 255 171 113 224 124 196 32 255 99 0 255 255
    0 244 20 0 216 255 0 15 0 0 143 65 255 89 86 192 255 33 255 100 246
    183 0 221 243 41 0 151 255 193 76 0 134 255 62 63 151 0 91 0 0 241
    59 255 29 0 191 0 0 0 0 0 189 3 255 55 96 217 132 133 239 0 142 11
    62 255 255 0 244 255 39 44 128 184 179 255 0 134 1 255 89 255 244 32
    103 0 14 173 69 219 0 0 0 143 161 0 21 104 218 0 0 255 255 239 196 0
    160 178 0 102 10 142 18 101 166 67 69 28 180 16 0 169 0 0 255 196
    255 77 149 252 168 0 49 255 0 0 0 0 99 169 133 227 82 255 175 0 207
    157 0 7 87 0 127 157 0 99 31 112 255 224 255 255 133 16 255 0 255
    130 221 84 205 159 23 240 60 92 41 0 0 4 0 192 222 108 40 0 255 162
    40 252 225 105 255 0 0 255 94 74 164 108 0 255 113 23 46 255 255 239
    187 112 0 0 213 214 219 10 34 203 247 78 182 108 0 165 255 0 206 255
    0 28 106 0 255 255 49 255 17 92 169 45 66 28 53 255 153 220 137 27
    255 0 255 165 255 45 255 206 74 0 22 255 58 0 255 114 255 181 0 255
    150 225 221 60 102 0 27 92 255 39 165 110 0 100 255 255 19 135 88
    192 245 108 210 0 147 232 25 255 0 255 168 0 170 238 196 25 255 231
    160 66 255 225 107 255 96 0 0 255 248 25 222 103 222 173 111 0 0 255
    255 41 255 60 255 148 235 140 0 168 177 217 255 255 0 24 18 255 0 5
    11 77 211 254 255 55 255 102 151 3 174 170 0 174 0 41 255 219 249
    255 18 235 0 255 100 255 45 82 112 0 54 0 121 222 255 0 150 32 22
    255 128 255 0 85 255 41 2 34 82 255 0 0 234 0 4 0 0 255 87 163 255 1
    255 16 254 220 255 165 200 153 0 0 210 0 0 33 210 171 74 9 184 168
    255 11 230 217 74 86 197 216 255 122 216 0 0 0 247 15 0 151 85 0 151
    75 78 0 204 255 255 175 255 218 255 0 211 230 54 255 255 0 77 183 36
    28 42 0 231 0 115 255 255 255 255 148 90 50 255 6 0 14 10 0 255 42
    151 66 255 255 69 136 42 205 255 231 49 204 23 188 38 255 163 0 255
    142 0 128 78 255 228 0 255 255 101 203 20 147 255 0 0 255 80 50 0
    209 230 154 86 155 131 46 152 181 8 147 43 239 52 231 0 67 31 0 200
    102 255 18 255 191 15 23 205 249 121 157 176 255 48 0 222 255 143 18
    51 56 255 251 255 188 255 77 0 73 111 184 255 176 30 255 164 19 255
    141 33 0 0 176 118 255 0 249 91 248 92 243 0 27 255 255 255 255 13
    226 255 161 57 158 0 85 255 84 81 31 38 236 209 0 0 40 112 0 255 198
    168 128 114 189 255 0 66 255 114 5 93 255 34 255 131 130 153 69 0
    255 255 44 214 255 78 255 255 255 0 104 1 0 2 66 255 255 160 255 2
    247 0 255 51 143 174 108 164 48 255 0 149 111 217 144 76 91 255 41
    255 23 50 97 255 103 63 11 55 31 212 255 3 151 189 50 255 186 255
    204 255 0 144 90 103 49 47 0 0 161 0 73 255 52 222 7 0 103 109 15
    255 255 193 37 194 192 33 170 57 0 255 0 110 0 255 43 212 63 255 226
    0 119 204 255 9 171 184 0 202 0 12 0 57 181 66 142 255 238 255 255 6
    17 255 166 91 70 191 255 92 188 255 73 251 149 234 73 255 140 0 47
    54 216 78 255 134 255 121 0 183 125 213 57 118 92 175 0 240 202 135
    59 166 13 53 9 6 133 186 147 9 0 255 255 234 196 255 132 33 62 139
    185 250 95 95 239 162 255 108 255 255 0 0 0 0 149 213 93 174 129 159
    202 0 175 122 83 255 255 0 87 131 252 4 72 113 229 9 37 255 95 185
    201 54 222 255 0 245 241 201 160 22 166 0 43 255 99 0 144 255 166 0
    0 177 0 152 255 0 160 88 255 14 47 0 0 255 49 91 212 180 169 0 176
    64 137 57 255 27 0 255 47 80 125 255 103 255 255 221 41 155 138 106
    0 78 255 255 190 175 185 213 33 151 134 255 49 255 250 255 146 0 0
    255 214 0 255 255 255 83 63 197 255 92 119 255 13 0 255 119 56 216
    125 230 255 128 0 15 210 0 21 0 255 0 255 0 137 218 175 137 255 191
    134 255 114 128 255 101 18 127 255 0 0 171 0 182 1 107 226 197 222 0
    98 76 109 166 169 104 0 90 45 130 0 126 255 255 99 142 4 132 98 255
    230 0 0 0 144 162 65 224 50 22 255 255 0 230 255 0 0 255 255 0 147
    255 225 255 99 255 0 121 255 23 246 137 17 255 125 119 250 0 93 255
    66 255 11 15 230 0 255 233 4 96 233 0 4 17 0 0 19 0 0 175 5 60 0 34
    255 199 255 34 25 41 178 39 83 89 201 255 219 84 255 71 1 255 33 92
    180 20 193 182 0 232 0 131 47 192 255 33 137 107 0 220 255 157 30 0
    199 7 224 9 123 255 48 237 0 199 172 70 210 171 168 116 0 87 92 255
    53 206 236 100 131 153 79 0 255 0 0 105 155 255 100 0 247 248 236 0
    105 0 142 229 55 250 114 38 255 137 255 131 196 122 233 0 37 191 0
    95 0 255 0 162 255 142 176 42 255 197 50 194 0 166 255 11 233 255
    255 187 176 38 3 65 36 191 101 0 56 255 255 75 255 127 255 41 65 230
    103 0 135 134 0 133 92 28 0 255 255 255 202 17 93 0 30 201 158 198
    20 206 5 8 255 31 255 101 255 215 113 0 77 54 29 73 38 255 194 253
    255 175 0 126 123 189 255 255 104 245 239 0 115 255 58 0 246 103 0
    14 255 246 244 255 7 98 103 255 244 105 255 237 255 198 255 134 3
    124 203 30 255 74 255 49 68 255 210 61 91 71 207 215 100 242 0 99 53
    0 255 120 89 19 224 0 0 18 114 3 145 227 0 255 0 165 145 17 189 0
    255 255 129 255 130 20 136 138 252 0 170 59 184 146 255 255 228 244
    167 58 255 255 0 149 0 0 9 0 255 255 0 37 255 163 91 131 85 29 0 95
    255 75 23 255 155 255 98 39 255 0 255 166 138 96 245 38 34 0 179 89
    0 237 255 0 124 255 0 0 77 89 203 216 0 255 0 0 103 0 3 255 143 0
    232 238 82 233 119 246 252 124 223 118 148 194 203 145 134 84 207
    120 164 255 0 151 0 133 0 143 224 0 18 104 0 218 180 143 179 244 217
    255 111 61 0 0 114 0 127 0 0 176 70 184 5 255 104 152 0 255 255 30
    197 0 177 8 255 255 233 249 56 18 96 0 66 255 255 0 255 194 121 41
    148 43 214 169 147 238 0 103 255 139 122 171 255 0 246 168 219 98 65
    0 69 0 84 255 77 255 255 146 255 255 255 43 89 68 73 0 0 255 4 195
    255 58 169 255 0 180 0 0 87 0 21 0 30 255 0 117 60 0 218 65 0 255
    233 255 27 167 222 21 52 58 189 139 0 190 211 247 255 0 158 255 75
    200 214 255 0 78 187 134 158 0 163 0 167 87 255 229 96 255 25 99 236
    255 71 24 25 143 0 121 198 0 255 0 255 0 0 255 135 10 255 0 255 0
    255 119 0 99 84 197 0 23 76 160 0 255 58 42 18 247 224 138 169 7 0
    122 198 0 255 102 1 255 0 201 95 43 255 87 0 77 148 62 25 244 152
    136 235 255 163 255 255 0 120 217 255 255 199 0 178 171 0 255 114
    130 199 144 0 33 0 31 27 0 137 0 187 84 146 111 255 0 0 31 114 212 0
    255 255 121 196 45 118 105 121 255 0 0 249 81 0 98 0 125 0 12 255 0
    0 30 164 63 75 253 255 0 0 254 255 99 18 255 203 205 78 124 105 255
    101 108 83 0 51 255 1 0 0 0 0 0 255 48 0 17 186 200 83 0 206 146 255
    254 171 255 172 255 255 0 158 23 100 251 153 255 248 11 255 50 32 18
    36 255 236 234 230 0 0 58 171 0 7 255 0 56 255 0 255 10 0 234 201 0
    139 0 255 96 255 74 0 255 0 7 10 202 19 144 186 69 0 255 143 4 255 0
    42 161 212 128 46 252 148 0 0 234 64 83 0 213 118 165 255 0 0 5 22
    51 157 0 236 0 0 0 255 0 159 205 0 54 0 219 0 46 185 255 0 0 172 182
    255 194 255 96 0 0 180 181 255 255 30 0 235 0 0 0 140 0 255 147 250
    7 255 255 96 255 109 61 62 255 141 35 143 46 90 226 114 145 255 216
    229 255 0 255 214 0 201 160 175 16 53 243 0 165 48 225 6 80 55 72
    255 255 255 23 0 130 106 217 8 255 0 184 40 0 70 255 0 0 204 0 171
    56 255 255 255 255 55 0 98 229 7 0 255 255 30 245 130 228 254 255
    255 190 131 0 4 0 225 108 241 208 194 24 36 59 163 100 0 28 188 150
    0 0 17 165 124 124 255 255 128 66 110 248 255 252 136 28 155 255 0
    255 81 124 255 65 62 195 255 157 0 124 255 0 30 66 93 0 183 255 53
    213 0 255 193 4 0 0 30 0 0 255 22 241 202 176 72 0 255 0 143 0 96
    255 0 0 82 0 104 255 0 107 0 0 255 224 93 138 255 0 10 176 77 0 5
    195 100 96 45 15 168 0 171 172 71 141 0 111 105 123 255 0 255 49 0
    99 0 63 6 0 29 117 78 45 202 0 255 39 154 84 0 0 255 203 21 255 27
    255 249 38 77 194 208 87 98 255 255 255 222 57 255 0 0 182 0 180 255
    114 19 255 255 0 172 99 33 178 80 187 123 131 0 0 167 218 255 5 17
    101 241 47 249 0 0 72 90 48 4 0 254 0 255 116 50 19 77 255 219 255
    111 250 154 0 0 52 0 104 254 0 255 210 74 207 255 34 255 137 138 79
    255 75 0 210 0 1 0 28 255 95 255 255 32 68 0 255 96 0 128 199 0 0
    255 255 250 163 237 0 120 255 70 0 255 163 255 67 0 60 254 103 255
    190 255 0 142 222 0 255 255 50 113 205 27 10 11 0 0 47 66 179 255
    255 109 148 139 139 255 0 187 255 120 0 39 68 0 110 46 0 255 127 56
    214 203 255 170 140 255 248 153 255 109 255 171 23 0 207 1 94 255
    106 179 111 201 197 255 0 0 220 105 86 0 255 0 255 255 79 2 255 0
    255 122 179 0 140 19 9 196 125 105 160 0 255 180 255 114 128 116 227
    255 154 108 36 104 255 43 9 20 250 155 205 0 155 78 148 58 255 99 86
    114 255 0 149 0 0 255 204 58 153 0 0 86 142 129 0 255 0 19 122 156 0
    0 148 0 181 47 82 255 255 0 160 123 255 35 138 232 127 255 38 255
    163 160 0 92 105 0 154 0 43 87 60 0 255 21 147 10 175 0 130 30 0 255
    152 237 121 215 0 255 73 29 232 63 7 100 187 255 129 108 0 28 0 0
    196 64 0 255 53 35 172 255 236 140 255 0 0 0 255 12 0 45 91 65 247
    248 246 79 255 0 117 55 1 0 1 255 0 213 255 255 226 0 182 169 65 246
    170 0 25 227 103 162 34 1 253 255 183 222 255 0 36 105 150 162 9 69
    255 63 36 234 96 0 137 255 242 0 255 152 0 91 45 0 122 253 67 0 240
    255 159 255 255 42 184 70 0 255 14 21 102 159 255 151 0 110 255 255
    255 143 214 88 159 0 255 255 210 0 121 0 249 255 255 255 150 172 206
    255 255 242 178 255 0 56 164 213 215 143 255 255 115 255 0 148 0 153
    149 196 221 197 84 0 98 234 255 168 137 99 178 255 191 0 0 212 0 255
    0 255 255 162 199 187 206 231 147 17 255 227 14 249 0 213 74 255 255
    255 255 255 0 171 175 0 179 108 255 90 0 83 247 123 255 120 56 255
    89 118 255 45 91 255 0 0 7 15 17 225 212 2 0 255 0 0 255 255 43 255
    0 72 255 29 0 0 46 218 162 145 240 239 240 138 24 0 143 255 250 1
    106 255 215 37 0 255 80 105 255 229 255 196 62 196 57 255 246 148 9
    238 128 242 244 164 17 9 91 0 255 125 20 88 0 28 104 0 195 255 30 92
    107 255 199 0 81 16 7 0 99 184 0 24 255 236 15 244 111 15 134 32 89
    255 68 177 120 192 0 112 222 158 51 0 255 202 239 238 255 255 90 64
    1 115 155 249 13 229 71 255 219 161 255 255 255 125 57 255 160 225
    167 236 196 103 19 0 171 35 255 0 13 255 7 0 255 0 119 235 255 0 0
    255 255 165 0 34 155 47 25 119 103 100 205 255 255 68 161 114 244
    153 255 152 28 34 233 0 196 110 11 0 71 227 152 83 85 118 0 255 230
    255 255 52 255 38 126 0 129 178 255 206 249 0 129 255 49 57 250 0 0
    255 0 0 255 30 5 54 237 128 146 0 215 255 202 207 255 255 12 106 0 0
    60 245 252 104 144 112 1 254 86 255 255 0 255 3 0 2 73 255 244 127
    41 0 255 255 0 255 0 67 255 0 184 93 69 49 111 41 127 255 199 95 255
    234 168 255 249 154 255 238 169 255 188 98 39 110 107 107 255 43 0
    29 35 0 217 208 226 0 255 166 255 255 164 34 147 241 58 139 255 190
    254 143 255 28 96 131 0 0 11 164 32 182 255 6 94 255 0 99 47 255 124
    0 255 196 214 252 0 255 255 255 255 253 46 27 255 236 244 255 255 23
    142 0 210 68 120 164 154 135 226 255 101 170 255 255 5 0 153 123 0
    48 124 0 93 236 181 0 255 29 0 219 91 152 255 237 51 66 195 42 0 44
    230 0 0 81 126 0 187 203 255 131 18 60 0 3 61 255 249 54 67 152 86
    47 156 0 186 0 36 0 173 255 255 190 111 234 36 217 255 0 154 232 140
    48 70 96 190 255 90 241 132 81 185 48 86 255 0 0 9 1 149 255 0 255
    190 178 255 0 148 255 122 0 255 189 255 179 109 2 70 255 0 254 102
    233 215 240 121 255 245 255 153 139 0 29 236 0 0 255 0 0 210 4 191
    255 32 0 255 58 71 228 16 0 0 0 7 255 255 237 255 131 241 83 45 75 0
    104 255 250 135 127 0 0 255 0 255 255 3 49 60 210 46 192 255 255 51
    66 148 127 126 0 215 255 195 134 0 67 132 0 121 0 0 0 0 127 201 255
    79 235 0 59 0 144 0 254 0 68 0 11 255 220 244 181 255 255 62 255 184
    239 245 13 196 144 0 159 202 52 87 186 207 0 255 255 255 255 160 200
    55 255 88 255 247 0 187 255 164 0 162 0 255 175 218 208 254 184 250
    208 246 1 255 210 243 255 255 255 25 0 0 242 242 0 255 225 214 255
    131 54 251 52 250 0 27 132 255 0 0 255 0 111 236 225 255 255 232 137
    134 0 79 255 255 197 0 255 116 27 12 0 255 0 109 142 164 86 0 136 0
    129 41 255 207 0 255 112 108 255 255 63 210 221 214 115 0 255 17 124
    38 255 0 0 50 0 144 0 0 130 255 134 168 43 0 75 12 180 255 0 255 140
    0 255 148 155 0 255 56 0 255 0 255 255 0 195 244 0 0 0 12 158 0 112
    255 137 100 170 129 107 118 68 152 0 165 101 73 255 0 135 23 16 37
    63 163 149 0 67 255 79 0 0 255 154 255 215 0 80 194 255 255 204 0 0
    206 158 0 0 92 2 0 209 0 46 162 16 0 30 87 80 91 157 5 240 35 116
    147 6 89 21 254 225 0 255 230 155 0 0 235 95 255 0 17 116 166 152 0
    0 212 0 66 0 175 111 201 52 114 181 127 124 35 35 0 227 255 81 113
    165 255 0 29 99 42 0 46 230 0 238 0 255 91 176 167 247 58 53 255 133
    162 43 186 0 153 0 0 139 185 113 157 249 254 160 14 255 29 255 164
    199 253 56 16 255 97 255 193 128 194 0 178 78 85 0 254 140 0 241 81
    0 173 255 126 147 0 238 98 246 216 255 255 42 255 251 145 236 203 0
    211 255 0 45 118 163 255 90 5 0 79 101 137 0 24 28 244 255 0 255 225
    160 8 0 0 85 0 0 129 216 219 100 255 60 0 0 194 255 0 110 223 184 64
    0 255 165 99 19 47 255 142 0 68 0 192 19 51 255 156 0 255 85 0 95 44
    255 255 196 255 89 0 183 249 202 155 255 255 54 78 0 0 87 0 183 255
    179 0 64 25 49 0 50 2 0 69 250 0 1 0 80 0 0 0 191 0 108 73 98 37 255
    143 0 141 173 255 61 0 115 255 1 5 226 255 28 0 66 0 0 70 131 255
    183 221 0 67 255 0 82 0 0 152 47 166 26 255 185 255 229 113 146 117
    0 147 0 255 0 0 255 255 2 0 21 0 255 185 0 255 171 0 255 255 0 49 69
    255 162 0 255 164 179 0 0 58 0 117 100 0 136 0 0 255 16 176 0 0 255
    229 255 173 174 0 204 205 222 66 60 18 175 135 163 255 169 255 247
    255 145 50 255 50 168 252 246 226 191 136 217 40 129 185 196 0 151
    71 31 145 100 29 166 0 147 0 0 255 106 254 98 0 0 255 49 0 0 0 46
    211 0 60 31 41 131 29 0 255 255 0 255 255 0 0 60 235 116 171 145 11
    92 240 255 0 52 81 0 136 56 222 0 221 0 104 61 0 76 0 0 0 255 190
    239 115 0 58 6 248 255 255 208 0 212 203 171 180 0 245 255 0 39 255
    177 222 194 255 22 21 172 255 0 47 74 167 177 0 255 0 29 179 0 189 0
    0 209 140 73 0 8 185 255 190 19 0 103 87 225 0 116 255 0 79 0 220
    183 255 0 124 0 35 255 255 95 255 255 102 216 251 0 214 206 0 37 27
    198 182 255 54 121 62 0 69 14 0 0 210 255 255 253 255 245 211 133
    247 8 96 255 54 68 180 255 232 0 187 194 49 0 69 0 6 255 0 191 148
    255 248 182 101 38 220 255 0 79 204 67 0 48 0 17 255 0 190 128 255
    178 108 255 0 65 122 155 255 179 230 100 125 14 0 84 255 233 0 0 114
    28 157 255 141 232 119 255 246 0 255 255 0 28 0 0 18 64 144 73 101
    231 0 8 85 37 0 0 255 0 255 194 5 14 228 29 47 87 229 255 232 249
    255 111 221 114 0 175 60 0 2 99 5 45 255 28 0 255 255 157 255 31 0 0
    0 135 0 169 0 0 135 42 139 0 0 214 255 193 245 216 169 61 108 92 255
    175 226 61 2 196 159 0 0 195 246 255 0 167 146 151 255 155 255 123 0
    106 255 0 0 255 169 95 96 0 21 0 185 255 255 9 0 153 255 0 89 242
    237 176 99 177 255 82 160 255 232 12 204 147 22 173 0 146 184 255
    237 88 82 255 0 61 0 0 13 153 25 0 255 147 136 253 121 0 76 149 0
    255 253 255 222 247 0 0 255 0 255 255 55 255 215 17 146 0 255 255 3
    204 106 50 0 0 129 220 0 1 98 0 0 0 255 136 0 34 174 255 0 7 0 78
    255 124 82 255 255 108 0 130 75 13 78 247 255 244 56 0 111 29 255
    183 0 200 89 101 131 0 215 255 112 48 92 255 234 230 62 240 0 255
    118 174 255 203 0 199 45 153 222 247 138 102 44 255 139 246 127 216
    24 99 119 213 0 255 108 90 206 143 252 0 76 255 140 15 0 0 21 60 0 0
    216 35 24 163 0 0 29 40 252 50 255 79 214 61 10 33 148 255 0 223 232
    63 0 11 226 255 127 64 255 0 229 244 102 72 255 0 231 1 66 49 0 255
    255 0 102 197 83 105 46 244 255 3 0 14 119 0 11 220 255 69 251 255
    49 0 194 131 255 255 172 39 165 36 0 235 127 174 101 255 255 0 249
    80 92 27 24 40 73 190 15 121 51 135 207 235 103 0 243 3 0 183 255
    255 146 58 255 75 72 20 95 200 174 126 169 182 178 50 121 137 243
    255 205 0 126 255 255 0 44 185 219 255 106 255 255 223 255 0 72 129
    135 238 0 255 255 0 0 182 59 7 255 255 255 83 53 136 184 206 83 255
    190 140 255 225 18 255 163 0 8 60 0 0 193 66 149 136 234 55 255 120
    7 27 255 255 255 0 0 32 250 0 187 0 247 227 231 0 91 0 0 69 0 45 255
    0 255 26 142 255 0 255 183 137 255 0 255 255 17 6 248 0 21 23 39 45
    17 7 220 3 60 0 255 95 60 0 255 106 255 0 31 83 141 255 68 21 139
    113 252 0 255 171 139 243 249 194 255 0 255 234 174 64 107 255 229
    239 161 255 143 50 255 0 68 154 42 234 244 215 193 255 243 135 153 0
    103 150 255 0 252 0 255 255 255 255 150 0 77 0 237 255 95 31 255 177
    0 80 164 162 232 255 238 255 167 247 255 93 1 255 255 120 180 68 196
    255 57 137 19 0 0 55 0 0 0 0 78 68 64 226 231 167 65 199 165 255 127
    140 26 165 129 140 0 238 255 0 72 255 213 0 202 255 0 192 223 139
    255 172 148 255 0 236 0 255 27 255 255 120 80 226 29 120 143 25 255
    56 22 102 231 68 0 210 75 0 184 255 174 0 56 255 255 220 244 249 255
    77 255 70 255 60 169 0 23 255 0 255 234 255 0 139 238 104 211 0 227
    0 0 186 85 0 255 255 233 255 215 0 255 255 255 222 71 221 232 0 99
    148 250 230 0 150 30 0 0 140 163 83 0 67 109 205 27 250 166 255 7
    246 255 133 255 255 0 191 33 0 177 227 0 0 255 203 0 0 194 255 113
    255 255 0 220 255 209 67 168 0 255 100 64 40 255 255 46 145 28 0 190
    237 120 95 0 231 159 255 0 226 0 54 8 53 5 186 255 255 238 255 6 255
    225 162 255 0 247 55 20 255 0 198 118 36 255 35 255 0 0 0 89 0 22 0
    109 156 0 0 255 108 196 255 0 202 102 104 255 44 108 0 66 30 207 55
    255 77 0 255 121 255 10 79 255 52 171 255 249 89 121 89 241 0 64 234
    165 130 78 255 0 0 0 0 207 2 6 36 0 60 11 0 12 193 141 205 0 156 186
    0 194 255 255 159 179 0 0 132 199 0 255 85 0 206 0 109 0 155 235 0
    153 255 217 208 210 193 135 38 179 92 32 31 228 255 255 200 7 0 186
    145 255 255 26 242 208 129 0 76 255 92 0 204 255 222 0 102 13 255 91
    83 39 68 98 66 0 231 172 0 255 62 0 0 255 83 0 0 217 255 0 115 35
    155 108 98 255 255 0 122 168 104 115 247 255 0 46 225 0 0 255 255 0
    84 0 174 116 212 255 23 0 137 138 126 255 255 251 16 47 199 60 25 93
    255 0 16 255 173 0 0 123 0 110 36 122 0 255 127 137 219 0 255 255
    255 0 160 20 160 75 255 255 0 11 29 221 131 129 198 0 255 173 0 255
    214 255 255 255 255 255 89 0 154 6 255 147 13 0 255 30 0 26 90 0 255
    237 236 231 30 203 0 255 0 150 238 255 0 7 178 255 23 147 10 105 17
    255 255 163 255 255 91 140 255 255 255 44 129 0 108 255 0 229 255 0
    65 255 52 255 0 0 0 0 80 225 33 14 255 0 0 83 0 78 255 255 24 0 165
    53 137 0 132 114 0 255 226 0 45 156 255 42 44 23 0 59 221 0 196 152
    0 100 44 255 0 0 188 157 255 214 240 255 255 235 0 216 0 0 0 255 203
    37 221 255 27 127 48 163 0 133 229 255 0 242 67 129 55 173 74 255
    137 16 0 0 121 255 255 75 255 72 237 72 104 99 255 152 187 113 255
    255 68 0 87 250 255 0 0 20 21 15 0 232 0 12 255 108 0 0 255 0 185 94
    66 205 0 255 179 189 36 85 255 0 255 221 255 255 0 209 0 255 0 32
    255 0 90 255 36 89 75 0 0 0 66 255 255 147 155 186 146 106 0 251 255
    116 75 108 0 60 0 0 105 188 20 56 164 245 0 121 255 255 200 222 243
    75 90 255 255 99 240 255 255 26 112 172 255 0 27 5 191 136 183 36
    255 255 28 69 120 150 20 200 255 0 255 166 42 227 224 0 219 0 255 0
    0 0 0 187 0 70 238 238 239 255 0 0 255 249 255 4 79 255 255 152 231
    33 219 249 255 11 51 255 135 0 255 123 121 255 38 243 50 231 255 15
    226 193 218 118 255 4 0 255 92 139 255 198 255 239 206 213 195 165
    200 0 0 0 22 149 56 98 19 136 189 0 169 0 232 167 122 102 189 0 4 53
    108 160 0 0 254 255 101 230 199 201 219 0 148 217 135 230 88 0 205
    181 206 32 0 255 91 255 250 95 80 255 255 184 57 255 255 178 255 255
    91 90 0 116 0 0 215 0 64 255 0 25 189 93 137 227 16 0 52 188 126 205
    255 104 0 205 229 164 255 255 162 0 116 13 255 0 1 197 145 227 220
    226 181 186 87 0 110 0 128 95 255 35 165 112 102 0 117 58 225 99 255
    90 0 250 29 255 0 17 0 169 255 93 255 162 0 235 29 0 0 255 11 255
    247 88 126 255 0 110 84 168 82 255 0 0 203 195 197 197 216 0 0 219
    96 137 172 0 45 253 199 172 0 0 255 90 0 233 0 179 0 0 0 123 234 0
    255 226 0 16 248 255 121 197 255 183 69 255 2 222 0 255 241 0 25 255
    255 255 0 255 186 0 255 245 132 255 167 131 52 139 109 223 131 0 214
    114 183 216 29 225 0 223 255 255 153 0 120 0 0 255 255 217 255 131
    36 255 84 0 247 62 0 43 255 0 0 0 255 186 148 223 255 124 27 0 255
    129 255 162 240 244 100 0 254 25 241 61 109 236 165 95 0 0 0 255 255
    229 96 250 231 160 0 0 160 113 0 224 255 9 255 220 187 0 175 0 255
    255 255 59 188 97 251 212 234 95 197 0 233 86 12 1 175 206 134 0 0
    254 178 182 172 10 255 0 166 255 104 52 27 19 255 43 255 216 128 114
    17 32 45 0 255 64 0 0 0 134 114 0 234 166 255 246 240 142 12 100 0
    218 255 208 255 2 90 255 71 0 109 186 255 222 255 0 183 29 17 92 255
    254 91 0 209 255 30 0 176 51 0 0 146 73 10 255 92 40 196 0 155 66
    138 232 128 0 225 243 248 144 0 34 0 134 179 255 231 46 41 188 147
    255 195 114 255 255 255 69 0 49 61 222 0 107 180 179 0 145 0 246 138
    240 0 125 255 0 164 255 86 234 46 108 0 148 192 239 255 0 57 127 0
    255 150 37 255 25 255 52 16 100 0 204 255 255 0 189 236 255 0 0 255
    244 53 255 164 255 210 189 0 115 255 27 0 192 255 33 0 255 60 19 147
    30 215 4 161 66 255 204 237 0 28 86 165 34 0 151 97 0 178 237 0 255
    255 0 0 255 255 212 130 255 101 153 177 0 78 255 67 255 130 201 138
    226 1 134 0 132 9 21 152 142 0 252 138 1 150 255 0 182 196 0 255 28
    154 59 232 26 23 255 255 221 125 255 255 255 242 174 195 255 191 53
    101 255 26 0 81 239 81 161 55 255 131 41 254 128 255 255 82 255 105
    240 49 136 147 149 68 44 77 5 0 255 0 0 255 246 163 116 255 255 234
    0 4 167 34 253 247 255 224 123 126 220 163 111 25 0 100 0 60 84 0
    124 43 18 23 255 0 210 167 134 192 102 255 85 0 191 90 132 156 4 255
    212 197 219 109 0 255 0 216 61 0 224 168 230 125 216 145 0 41 63 34
    199 174 61 0 0 0 255 228 100 92 255 255 108 191 163 172 58 255 0 85
    158 230 205 37 34 11 101 255 148 0 0 39 212 0 28 65 77 0 171 163 0
    248 76 144 0 0 255 168 0 154 255 1 23 168 255 33 255 198 19 154 70
    146 255 0 0 215 221 0 183 0 0 255 2 183 23 0 163 159 0 0 41 255 162
    4 222 181 45 255 255 160 0 241 46 28 234 123 198 98 255 37 252 98
    171 0 9 27 182 244 130 187 210 0 166 28 166 255 125 97 229 0 53 0 62
    255 255 192 250 124 70 102 121 249 255 0 123 254 0 140 255 55 59 255
    40 167 1 213 131 0 188 94 40 255 0 201 255 241 172 38 37 103 0 83 72
    48 103 188 24 242 117 255 193 127 255 186 114 118 45 0 13 236 0 6 26
    0 255 142 255 227 179 255 255 0 96 111 40 163 148 237 0 63 0 98 255
    0 154 49 49 0 130 255 183 137 255 37 255 67 124 0 108 129 63 216 131
    127 255 255 0 181 181 0 253 255 46 255 79 34 255 4 0 66 29 86 143
    184 39 255 255 100 168 136 159 180 98 45 141 7 86 223 0 101 53 0 247
    74 0 73 0 9 0 58 183 119 176 243 215 148 25 0 154 255 255 255 156
    188 105 210 255 124 84 161 255 69 255 206 110 0 103 203 185 113 191
    173 6 228 82 212 255 255 101 0 222 82 252 194 249 255 255 206 240
    255 69 46 188 91 89 244 63 113 255 0 208 255 0 164 0 133 0 16 113
    168 0 124 0 0 141 255 214 29 0 229 255 255 255 0 255 143 83 100 255
    24 16 255 126 255 0 135 0 187 217 255 238 107 227 255 228 255 250
    255 173 7 202 243 62 205 255 255 0 243 21 145 255 0 137 142 3 194 70
    45 101 120 255 165 39 255 38 0 241 210 101 0 178 129 0 226 119 32 0
    255 61 133 255 240 255 80 255 183 126 255 255 0 28 26 255 219 255
    254 255 139 24 255 0 0 160 160 0 0 103 0 43 147 0 0 0 255 251 20 0
    255 0 208 57 68 207 0 5 251 255 0 168 205 0 255 0 31 144 190 254 0 0
    190 0 0 255 213 0 255 86 255 205 0 0 119 103 2 255 153 49 87 154 255
    255 186 255 0 24 168 8 26 106 151 182 199 0 255 228 77 0 248 181 119
    138 0 140 52 19 96 0 241 255 94 182 157 180 223 94 232 45 31 255 255
    100 31 170 125 225 255 255 0 74 38 169 151 27 222 255 0 0 0 0 107 0
    30 255 32 221 237 24 0 14 123 138 255 255 255 0 0 204 13 139 98 27 0
    7 185 0 95 0 52 64 80 237 112 126 107 100 51 255 241 168 255 0 0 255
    115 145 54 0 180 116 97 255 118 0 30 1 208 246 108 238 249 181 183
    64 255 236 255 199 111 214 236 0 145 255 127 194 30 255 224 200 211
    149 231 121 194 49 101 49 255 91 193 200 72 107 158 255 0 191 0 193
    0 203 0 111 208 0 255 57 55 9 83 255 22 0 255 255 50 255 17 255 20 0
    86 176 255 155 11 161 255 255 141 135 177 0 209 216 194 173 244 255
    225 246 185 165 255 207 120 208 61 164 157 255 0 75 7 82 222 0 101
    163 255 200 255 171 209 240 150 158 13 255 255 4 255 168 255 85 255
    164 1 255 150 0 195 43 0 50 0 255 223 255 101 255 197 0 255 51 246
    37 0 169 0 173 251 45 0 93 255 15 75 0 189 0 80 149 0 255 165 255
    216 215 255 79 195 0 213 0 255 0 246 69 94 151 93 105 186 232 255
    155 223 77 252 132 254 187 59 255 156 255 39 47 255 0 20 154 43 41
    211 219 8 156 86 186 8 255 97 29 38 208 107 233 42 143 37 0 13 23
    140 157 255 223 255 3 255 0 255 0 170 255 252 2 242 222 193 0 255
    255 27 174 0 255 228 255 0 239 241 0 46 172 151 158 103 0 137 109 98
    234 0 170 173 0 176 255 165 255 173 0 181 0 255 134 101 255 0 0 80
    36 255 0 40 255 161 248 255 88 255 0 238 255 173 62 18 48 222 176 52
    194 0 234 117 0 255 0 0 82 0 129 0 218 203 255 168 131 101 255 216
    106 0 255 90 77 226 200 0 127 64 255 0 255 0 60 163 222 108 0 248 54
    255 22 23 13 30 255 72 255 83 255 99 255 0 140 159 255 245 255 0 175
    113 114 0 222 33 0 62 196 164 131 66 0 255 205 0 141 255 105 130 255
    57 216 0 0 0 107 0 255 35 16 77 224 0 10 0 214 167 255 25 93 255 255
    51 180 53 81 33 255 255 0 37 0 0 255 175 10 3 76 159 220 0 18 0 255
    0 176 135 22 6 161 105 183 170 106 207 0 235 169 83 154 245 0 2 131
    1 169 0 24 0 0 24 212 0 49 74 192 68 255 255 0 169 235 49 0 255 153
    89 121 6 52 0 0 107 76 239 142 168 106 83 255 33 183 255 65 49 54
    255 198 6 255 0 179 224 220 101 255 171 86 104 180 55 237 145 132 25
    162 0 34 235 101 0 117 152 0 246 234 186 255 119 122 210 88 134 0
    239 255 24 79 202 19 143 164 181 0 185 204 146 255 235 30 0 7 127
    176 86 59 91 0 112 195 76 147 12 116 119 18 0 188 0 255 56 241 215
    86 46 201 101 172 39 83 4 0 99 0 255 182 215 0 223 255 255 0 214 136
    126 50 103 145 157 192 230 91 255 254 0 2 179 118 15 255 0 255 0 192
    54 16 255 95 11 0 0 255 202 93 172 158 182 255 105 5 204 83 112 98
    192 255 0 87 255 81 0 49 0 231 35 236 63 131 255 38 202 65 189 255
    138 118 0 74 121 255 201 171 233 0 137 92 96 0 0 30 124 255 52 152
    218 0 153 148 220 255 78 177 251 243 147 0 32 43 0 156 117 0 9 251
    239 0 0 57 2 253 94 55 0 27 255 88 196 242 125 124 94 0 0 174 0 79
    63 255 255 255 152 127 114 39 93 137 255 214 145 22 255 255 1 255
    223 255 70 10 132 255 151 231 52 235 188 143 49 14 0 0 201 230 78
    104 255 0 255 14 186 169 166 98 120 255 56 255 76 63 4 6 201 104 154
    134 0 0 30 175 255 192 153 218 219 166 0 33 0 0 255 156 255 0 140 89
    166 68 111 139 255 0 222 151 255 0 2 247 68 106 135 0 48 255 0 241
    255 117 0 0 213 0 23 0 255 47 139 137 4 118 255 212 187 0 214 110
    233 16 163 175 24 0 140 64 0 86 255 158 220 255 248 140 0 28 89 70
    255 0 255 56 46 230 55 134 85 255 255 181 145 255 105 255 255 255 43
    109 3 0 28 0 137 0 255 83 90 235 162 0 71 0 23 156 249 189 255 0 0
    152 241 196 25 78 78 129 255 84 182 0 242 68 0 0 189 0 122 210 0 155
    255 255 93 0 32 255 0 89 235 255 255 194 156 237 29 197 0 230 255
    255 104 0 0 218 255 133 245 115 255 231 0 255 255 89 219 154 94 186
    69 255 255 239 242 102 122 232 0 32 17 223 76 123 109 62 255 143 117
    36 20 0 87 255 48 255 0 204 170 21 143 255 255 83 63 255 13 0 0 216
    186 95 0 90 0 125 0 255 130 53 40 194 130 0 98 123 0 0 123 119 106 0
    255 186 0 255 60 0 246 146 17 255 36 0 69 98 85 79 98 0 187 0 0 171
    143 242 0 15 72 64 24 0 49 0 150 255 0 131 30 0 0 65 48 0 174 218
    135 0 15 229 182 11 0 190 85 142 117 40 0 180 237 219 255 255 255
    142 155 95 0 62 245 77 0 4 255 130 255 213 227 232 219 255 88 202
    139 74 0 255 0 0 96 74 0 89 255 185 255 70 72 52 15 254 133 94 50
    144 78 241 255 196 0 255 6 0 83 148 48 40 169 30 78 255 255 214 223
    255 255 243 0 149 255 0 142 255 255 255 185 183 100 121 27 0 24 0
    200 0 95 74 0 225 52 162 248 255 0 0 170 38 119 152 119 26 0 54 200
    167 126 186 152 77 47 143 100 68 185 123 110 11 255 103 87 168 111
    255 255 238 234 230 10 25 79 210 38 0 96 0 159 168 255 203 183 141 0
    102 247 28 0 255 207 0 109 26 39 0 0 126 0 92 255 255 255 176 195
    113 255 180 184 111 0 93 255 235 73 151 195 150 0 0 72 98 255 0 210
    246 151 255 0 12 255 47 255 179 69 217 211 204 255 172 218 98 165 6
    50 0 172 0 240 255 47 255 47 255 251 83 49 0 112 112 131 12 231 255
    0 51 234 216 137 78 255 253 36 14 0 100 111 135 255 0 50 0 233 66
    255 200 255 239 0 255 255 190 24 172 195 255 255 164 163 82 252 255
    133 246 178 255 255 0 152 0 29 230 68 255 255 137 83 0 0 227 98 0
    255 0 212 255 0 206 147 0 250 66 10 255 0 111 59 255 180 17 54 11 0
    0 0 205 255 0 209 255 120 60 173 255 255 38 0 255 110 255 255 148 86
    0 168 255 186 146 0 255 0 255 0 255 51 237 19 113 255 0 124 0 27 255
    0 128 255 0 148 255 0 63 121 0 197 255 100 40 255 102 81 102 193 0
    55 255 156 0 255 243 108 102 207 255 176 138 255 255 0 0 41 116 244
    228 0 227 86 255 169 10 0 255 38 255 251 68 247 191 0 92 7 163 86 2
    109 250 87 255 1 0 201 8 0 133 44 255 230 220 0 91 255 156 179 73 0
    255 254 84 232 6 0 207 101 169 174 0 11 95 255 39 14 255 7 195 44 5
    255 182 130 255 6 56 243 133 255 0 243 213 227 82 37 255 204 209 194
    0 135 254 253 81 188 0 171 0 163 113 254 219 0 255 94 231 0 255 40
    204 65 205 177 219 255 222 50 37 144 58 140 134 255 96 0 3 255 255 0
    212 145 247 255 255 255 255 157 255 251 56 112 114 200 207 195 216
    178 184 101 246 255 66 155 162 255 168 255 235 0 59 23 203 0 232 255
    0 179 39 40 105 215 255 35 10 159 182 182 50 0 0 0 0 173 199 28 131
    43 255 96 255 255 255 91 223 117 255 136 0 60 0 39 107 26 0 242 255
    62 255 2 46 255 255 0 164 0 26 12 226 87 227 22 0 129 167 0 147 247
    3 255 196 178 201 183 20 0 255 210 195 121 46 172 255 0 210 1 123
    159 209 216 112 0 188 83 255 255 157 104 0 0 67 0 170 73 188 120 0
    154 0 70 186 205 59 255 117 59 215 236 188 108 163 41 0 0 30 255 66
    0 255 5 0 195 236 255 255 201 255 22 197 204 255 129 255 13 125 180
    69 255 0 52 0 79 0 0 255 244 81 103 255 4 0 222 51 73 211 179 128 0
    153 66 0 14 41 65 230 45 56 128 22 168 255 103 0 219 211 0 0 195 157
    235 230 255 217 0 145 245 158 255 32 255 144 0 24 255 78 0 121 255
    255 18 255 0 101 153 197 98 255 221 17 0 255 31 255 0 255 0 158 202
    255 196 29 191 98 0 0 0 255 0 238 0 0 97 253 5 0 142 0 22 0 64 248 0
    255 136 255 37 255 255 43 181 81 255 37 0 188 198 164 0 0 255 81 255
    54 255 255 184 232 255 142 135 27 255 254 146 215 152 24 198 54 53 0
    163 0 19 236 255 135 156 109 0 0 204 236 37 245 56 182 228 150 76
    110 228 255 255 0 0 111 137 255 60 0 255 0 222 199 0 33 0 209 255 0
    255 255 59 177 5 255 0 0 255 35 89 255 224 255 8 53 23 255 0 255 255
    0 44 55 255 255 208 38 255 148 255 0 160 238 90 84 0 43 255 176 131
    250 156 255 200 0 255 64 141 1 241 0 179 0 255 244 153 94 131 255 67
    123 208 177 134 97 255 11 15 255 0 0 0 0 220 134 91 110 40 12 0 255
    216 121 3 15 30 60 163 95 67 18 240 49 65 0 150 0 126 42 171 255 93
    255 218 255 167 243 196 0 255 235 0 0 197 255 142 174 141 6 238 1
    109 0 175 255 35 99 0 0 181 239 0 81 223 255 255 13 255 47 156 51
    155 0 0 255 121 107 130 138 0 73 255 44 118 174 58 172 255 78 163 0
    216 36 36 227 0 231 148 52 31 159 218 89 150 255 0 255 209 87 128 8
    255 74 255 23 105 0 255 255 211 36 25 208 0 195 0 255 144 187 51 250
    177 179 194 0 145 165 31 183 239 255 0 178 0 137 76 166 13 219 255
    255 222 148 0 255 139 166 255 147 242 109 234 192 20 255 178 28 151
    0 246 116 0 187 255 231 0 5 156 0 156 0 241 164 64 255 0 203 255 0
    25 234 182 255 6 235 199 0 16 62 255 0 60 255 117 255 0 135 159 0 7
    55 255 0 0 113 249 72 142 255 255 255 59 0 228 4 185 255 134 255 0
    255 255 0 228 0 0 73 152 97 181 93 70 11 51 0 0 255 170 156 78 18 65
    147 133 255 255 161 63 49 54 0 222 28 203 249 134 255 62 255 151 190
    70 238 255 0 6 156 118 102 0 255 8 192 163 27 13 0 199 255 63 83 255
    124 252 62 237 0 18 255 0 72 175 170 150 247 255 0 182 152 145 0 75
    255 21 255 94 255 255 171 122 0 255 0 0 0 52 123 17 84 121 255 175
    65 98 19 255 0 64 67 59 134 0 60 255 210 193 235 0 139 255 255 103
    107 12 26 48 137 109 35 0 0 54 115 43 12 123 255 34 246 109 255 255
    90 248 0 0 0 177 13 103 211 93 146 0 64 58 39 166 84 0 255 247 149
    226 49 255 255 119 255 130 255 255 255 0 141 0 127 188 0 193 0 133
    112 136 7 0 0 0 194 0 40 178 247 140 181 255 145 123 168 0 116 0 140
    88 113 255 212 255 216 178 50 255 118 73 255 54 215 96 77 0 20 0 83
    236 163 131 247 157 73 0 149 160 192 47 133 89 151 21 95 143 95 255
    0 167 101 52 22 106 182 34 108 229 0 127 44 62 154 0 94 255 146 255
    255 104 119 0 193 255 11 62 21 255 61 251 108 0 43 57 255 89 255 164
    0 255 0 75 224 63 115 148 165 0 39 255 255 0 188 0 127 255 234 0 62
    255 0 51 45 0 85 0 154 167 92 128 249 255 0 193 117 255 202 55 119
    72 61 44 80 59 255 58 0 255 162 85 98 130 164 189 166 201 14 0 255 0
    240 141 131 16 0 255 255 129 226 109 49 91 87 177 186 167 255 48 255
    154 0 62 40 17 230 13 239 193 52 255 0 250 35 37 184 112 255 32 3 49
    1 222 56 188 93 0 163 255 215 156 255 255 0 250 0 130 255 243 94 177
    30 80 75 164 130 146 255 124 169 0 147 115 201 255 28 255 255 0 142
    0 7 255 253 0 219 107 146 67 0 118 35 146 116 182 0 0 100 0 255 0
    255 191 255 230 0 60 0 40 0 0 100 92 15 255 255 255 17 150 0 0 196 9
    12 255 130 255 0 44 172 179 66 18 221 255 255 255 255 112 0 29 0 255
    0 110 38 38 139 95 0 150 122 255 126 255 255 133 174 166 255 193 90
    204 0 41 255 215 255 255 130 255 0 235 247 255 0 133 68 17 115 168 0
    0 0 78 232 255 0 154 0 110 0 83 57 108 81 0 0 72 0 255 255 180 255
    68 37 108 85 98 208 0 3 236 165 59 44 134 239 140 133 142 0 0 65 255
    107 105 0 174 148 173 212 17 255 255 255 0 0 0 233 60 0 162 154 255
    255 174 100 255 217 187 0 159 0 255 0 175 0 165 255 0 7 255 0 152
    255 0 255 26 104 0 98 151 5 127 248 195 0 49 17 250 255 0 226 195 17
    0 183 135 0 229 112 149 59 0 133 255 0 106 127 0 255 33 149 250 216
    106 64 0 79 76 125 0 235 62 0 255 0 192 0 50 167 152 57 0 13 128 184
    88 212 64 78 3 255 127 220 208 124 141 180 195 152 117 86 90 244 0
    118 255 0 0 0 6 0 31 57 130 108 28 255 217 255 222 16 0 255 25 156
    225 24 86 0 222 255 0 255 222 5 0 160 101 8 255 255 32 45 189 152 23
    4 46 0 185 194 198 184 0 124 140 148 251 189 61 171 111 255 49 0 12
    0 253 0 34 22 0 73 207 168 33 255 207 255 255 255 255 255 44 0 179
    227 33 27 0 174 183 195 0 255 190 45 175 0 255 50 51 255 12 170 255
    255 78 102 163 255 184 84 0 255 0 110 7 247 126 56 72 0 0 0 66 255
    52 47 13 214 255 85 111 222 255 0 60 154 57 246 198 77 251 120 0 133
    107 165 255 0 255 255 234 255 106 151 35 196 194 255 142 82 255 255
    255 125 213 226 251 22 0 0 0 0 165 255 0 255 255 91 229 29 67 120 0
    255 255 238 0 255 255 38 68 205 0 0 5 0 0 160 255 6 174 236 0 97 155
    0 196 74 225 118 0 0 28 63 255 255 179 254 34 255 255 181 119 103 33
    255 128 40 255 255 7 28 183 61 255 189 17 49 222 170 30 0 255 195
    229 9 106 35 92 250 194 106 190 11 85 255 255 0 23 0 41 7 106 143
    136 48 66 255 13 187 131 17 225 194 144 158 255 0 255 25 207 52 222
    0 26 67 185 0 0 247 193 222 255 255 255 0 17 0 34 255 37 96 255 76 0
    229 255 255 127 218 144 127 229 124 190 192 244 0 0 255 0 104 62 47
    112 108 239 179 16 177 103 202 255 110 173 111 87 255 32 255 118 255
    117 0 149 255 147 39 255 104 210 255 195 92 255 65 0 139 255 45 34
    231 255 195 0 255 255 65 159 207 239 255 255 193 206 0 0 255 255 255
    55 40 0 204 184 255 255 241 108 136 159 0 160 0 83 99 242 255 191
    255 255 0 99 50 134 138 88 92 187 0 149 0 241 105 0 255 208 0 186
    113 162 143 167 255 142 85 255 183 242 255 255 25 12 0 0 43 219 173
    201 255 19 117 248 2 188 214 255 38 38 57 0 255 144 192 255 49 134
    255 0 126 59 255 255 0 90 255 255 182 217 151 255 69 21 25 213 255 0
    0 58 255 182 255 255 167 255 255 149 36 0 0 0 236 0 60 4 187 0 250
    145 134 80 166 13 87 147 189 0 74 42 196 212 17 181 24 40 225 209 0
    66 1 0 28 152 0 212 255 0 101 0 255 22 158 34 82 100 255 255 98 0 0
    36 65 232 11 143 255 97 93 27 219 0 159 248 0 10 139 50 195 0 0 25
    86 213 69 0 60 68 227 19 0 159 0 102 11 0 0 0 255 227 201 255 0 152
    85 162 0 255 0 190 0 80 14 73 80 255 130 255 255 184 226 160 255 35
    101 0 235 176 221 0 4 164 0 242 146 22 0 137 242 0 250 185 7 255 45
    157 255 197 185 0 3 220 106 111 145 203 255 123 255 255 180 170 117
    2 0 255 149 226 83 255 88 244 53 0 0 211 33 72 255 40 176 122 11 106
    210 252 0 98 86 0 224 71 0 194 234 130 190 147 134 113 208 168 0 93
    251 124 8 138 71 158 139 255 62 0 255 0 73 255 115 75 157 30 7 230
    255 0 121 26 255 219 0 0 2 0 33 10 219 112 123 163 77 255 100 140
    215 18 191 49 0 129 45 166 133 0 255 174 127 130 183 255 53 255 3 0
    190 119 255 255 0 59 2 129 133 48 149 231 255 255 191 56 255 255 0
    202 21 151 221 0 184 241 184 255 0 214 125 0 112 0 255 0 122 204 4 0
    255 241 193 255 255 94 211 152 71 154 255 255 255 255 255 255 235
    255 13 90 0 0 74 212 90 255 85 112 191 0 243 255 255 0 88 187 97 186
    157 232 0 161 255 255 138 255 194 48 85 33 16 19 121 194 244 211 177
    0 255 0 0 127 90 98 49 108 218 0 255 0 157 38 78 255 177 144 255 0
    182 182 0 0 255 163 204 173 255 51 84 74 230 112 202 0 62 201 222
    111 0 0 255 255 215 153 207 167 16 255 5 106 0 255 255 0 0 94 255
    155 240 215 137 0 111 152 242 154 0 53 132 60 255 63 46 96 186 255 0
    125 57 25 160 0 116 123 149 255 161 186 233 190 59 0 255 255 0 143
    26 155 0 46 118 79 255 139 41 50 236 185 5 249 239 255 174 190 141
    14 166 92 255 0 35 0 163 12 85 23 185 78 253 255 48 24 69 189 0 153
    0 0 255 243 254 174 93 0 199 155 127 131 255 255 209 178 255 219 52
    157 0 0 0 182 222 239 171 250 255 53 141 255 139 165 209 0 52 0 0
    255 192 255 105 165 255 255 101 0 98 255 0 213 252 223 255 69 110
    208 72 16 255 59 102 255 0 196 114 28 159 142 0 0 255 0 43 0 0 255
    21 60 0 158 58 41 76 184 142 79 81 184 0 0 134 255 213 140 45 107 0
    112 255 12 124 230 0 0 138 239 97 0 0 255 3 128 180 255 255 0 197
    219 167 40 132 41 189 0 14 0 255 81 0 255 0 162 197 0 0 25 0 158 0
    255 145 96 90 255 0 0 169 0 0 196 1 27 106 157 152 168 95 49 185 255
    255 255 228 255 255 0 84 255 0 255 255 0 194 182 160 255 0 206 0 255
    181 64 255 191 255 219 91 134 24 255 255 255 208 0 131 0 255 122 13
    2 231 107 167 137 255 0 0 255 0 255 190 158 0 162 167 255 186 220 27
    32 158 255 0 255 246 190 255 17 255 167 1 38 17 173 0 21 148 196 209
    255 47 0 0 255 28 0 255 3 255 0 26 0 103 0 242 221 38 255 0 51 49 7
    28 38 255 79 0 229 112 186 0 0 0 0 195 0 233 7 0 198 255 192 10 162
    224 0 248 115 126 177 0 233 255 61 219 182 255 8 0 101 0 0 102 228
    255 202 126 179 201 236 255 138 44 101 86 11 255 62 80 0 255 249 0
    251 159 86 197 151 102 255 241 139 255 0 255 0 255 0 136 198 72 9 0
    255 142 255 194 0 64 255 55 97 135 189 0 245 0 31 224 46 234 195 121
    27 141 255 255 255 45 213 137 74 0 0 0 255 155 0 125 39 0 255 253
    255 42 0 197 72 7 105 255 0 0 241 241 116 150 195 93 18 0 113 24 0
    34 0 65 42 238 0 234 255 103 0 255 95 62 255 207 68 213 0 255 166
    255 255 255 255 73 0 211 255 16 223 255 0 116 214 0 0 53 218 255 255
    45 219 110 255 83 25 7 132 149 154 193 118 64 106 255 255 186 0 15
    112 255 74 255 116 48 189 0 98 255 149 255 107 14 255 18 96 191 246
    14 255 23 4 0 147 254 0 255 16 39 255 185 255 121 255 104 255 255 0
    51 208 168 255 135 93 48 80 24 161 0 92 50 216 132 0 255 39 228 61
    94 84 201 255 255 67 255 255 229 91 255 255 78 240 255 221 77 159 37
    0 0 50 42 194 236 34 255 153 255 255 251 139 188 255 198 87 67 26 0
    120 143 98 0 185 96 0 4 71 21 16 185 255 255 98 32 162 134 243 105
    149 0 93 48 0 51 71 38 180 75 252 135 255 34 255 14 152 0 186 255 0
    45 255 254 0 255 111 0 169 44 255 85 255 11 89 62 255 152 255 56 0
    10 64 114 255 26 228 143 0 163 97 126 0 216 255 50 97 121 255 198
    254 255 208 255 87 229 255 0 0 255 183 255 138 0 124 242 255 0 30 77
    0 255 22 116 33 60 0 0 185 203 140 255 255 0 255 0 0 250 255 214 165
    109 95 245 35 253 0 62 179 0 255 125 216 255 0 255 66 0 0 14 219 0
    228 255 255 48 53 0 255 192 160 171 30 137 0 0 122 39 74 104 98 27
    255 170 54 201 255 179 0 0 141 106 49 10 255 149 255 0 25 255 108
    107 127 218 173 109 44 255 0 122 139 134 73 30 63 0 38 0 255 255 255
    174 190 243 78 0 84 0 36 147 255 135 255 0 169 148 255 204 8 255 209
    149 236 121 0 0 244 116 29 64 231 43 186 0 131 0 0 132 94 153 51 92
    155 0 169 0 0 255 200 1 110 121 255 183 0 21 134 0 0 25 53 165 159
    255 0 0 0 0 0 0 63 70 11 255 202 255 255 77 255 190 44 147 214 193
    120 41 255 67 0 104 191 134 61 221 214 235 14 255 255 12 225 133 0
    114 255 255 185 197 113 98 84 39 157 63 149 125 255 238 122 0 37 188
    255 0 64 124 106 0 175 88 0 0 119 255 48 187 152 2 226 113 0 143 202
    0 126 223 193 255 255 255 255 0 22 124 191 147 0 255 157 45 173 255
    187 0 199 255 255 255 0 255 255 0 255 8 0 188 191 246 65 40 94 0 0
    226 13 14 0 0 0 255 0 0 86 0 255 118 141 5 0 183 159 87 255 222 182
    139 255 0 255 47 33 0 0 189 0 237 255 255 239 255 255 0 231 255 165
    255 23 0 255 48 255 255 182 16 112 4 248 7 132 180 255 167 0 177 146
    216 255 0 255 0 220 27 218 224 122 255 42 0 197 24 60 255 215 239
    255 5 138 117 104 255 165 19 255 255 255 249 0 0 255 178 54 0 0 0 24
    172 174 3 255 197 17 115 49 62 255 255 255 0 179 0 255 90 255 0 255
    70 234 0 0 255 255 145 26 224 0 239 255 183 255 186 255 131 17 0 189
    0 9 217 0 170 255 255 68 255 255 255 137 40 230 0 182 164 92 218 255
    150 255 126 0 255 255 43 183 0 255 232 0 143 135 222 198 0 172 118 0
    200 0 81 147 254 0 255 255 111 255 80 0 0 112 40 207 59 255 0 0 255
    126 27 255 55 148 255 228 142 109 0 101 0 0 0 255 255 0 255 255 255
    255 134 190 111 0 68 36 169 33 255 0 255 171 185 179 255 0 255 33
    148 0 46 0 241 112 255 110 0 77 0 177 12 0 187 133 181 0 210 14 191
    68 57 0 37 150 164 166 255 0 182 108 211 52 240 239 0 158 120 0 255
    93 244 62 142 255 37 255 100 60 0 255 216 255 178 255 122 25 255 112
    215 0 255 255 255 255 56 239 0 0 94 28 255 119 209 78 15 0 0 220 255
    122 255 255 209 201 166 239 255 43 255 223 224 0 242 40 153 0 255 0
    81 251 255 146 255 0 130 0 91 0 255 0 113 230 112 231 60 255 0 244
    78 251 145 32 255 255 223 0 0 0 85 0 93 195 88 0 0 91 0 139 78 0 255
    37 111 255 26 0 29 255 72 179 0 69 96 0 52 14 252 209 41 255 157 4
    132 15 0 255 212 0 24 0 0 149 0 109 255 255 60 37 233 82 222 156 231
    255 12 118 244 130 11 0 14 255 113 0 0 255 52 0 90 255 234 147 60 0
    165 0 143 35 238 0 255 229 0 215 165 111 255 255 41 136 0 134 17 234
    253 0 122 194 198 139 72 176 209 19 177 255 0 255 78 250 67 0 0 115
    77 11 74 255 127 191 184 52 255 71 255 8 22 226 120 255 255 255 4
    130 127 245 255 0 242 255 0 185 0 0 153 95 15 69 99 220 255 19 155
    235 32 198 245 255 0 255 74 8 210 0 24 246 139 255 67 1 80 104 83
    135 252 0 0 255 103 209 254 0 174 252 117 0 255 5 0 0 128 255 176
    140 233 140 248 153 255 16 5 203 255 43 97 123 110 150 228 255 0 29
    131 255 141 137 0 31 61 0 255 110 130 68 0 211 99 245 255 200 54 159
    206 115 43 0 0 18 143 0 0 0 18 63 79 183 17 202 75 255 150 188 255
    255 0 31 146 255 255 198 210 0 127 218 154 190 0 4 74 0 250 177 0
    251 106 55 71 199 255 148 25 73 83 135 255 50 168 255 75 107 124 157
    24 0 148 255 118 0 0 255 227 185 230 255 233 82 163 255 233 255 30
    61 228 0 63 110 24 0 122 18 0 0 105 133 113 238 223 174 134 141 220
    38 108 255 0 57 31 0 88 53 235 79 255 109 138 79 51 214 143 19 30 13
    255 0 40 246 0 229 35 82 255 57 0 0 109 0 227 102 126 0 0 132 255 0
    0 0 65 77 0 153 0 255 198 242 111 0 255 0 55 134 29 255 255 255 255
    197 255 145 166 58 86 183 46 0 0 226 0 255 244 23 88 255 151 111 250
    0 26 250 255 255 19 155 0 124 74 0 186 19 0 241 88 0 102 0 0 0 14
    140 49 37 131 122 140 19 255 110 0 0 255 255 0 0 60 39 80 97 202 33
    0 31 73 2 79 109 111 241 227 226 235 0 255 231 0 69 53 217 244 82 61
    12 3 24 234 167 139 167 255 85 158 255 98 255 251 158 178 255 52 48
    196 255 122 65 255 229 145 157 152 0 0 0 56 0 106 251 56 47 207 82
    104 0 193 0 255 0 0 17 0 255 32 220 2 226 132 18 122 0 255 54 0 255
    33 48 68 255 141 149 238 226 0 255 30 0 59 0 255 0 255 168 0 75 108
    28 0 255 168 142 0 255 0 13 0 182 121 174 159 0 255 86 165 255 0 177
    255 48 142 96 255 220 0 244 255 214 0 6 25 126 255 191 255 51 0 225
    150 40 255 0 107 155 104 71 101 30 0 0 121 45 255 193 122 161 28 67
    235 0 103 24 124 0 68 80 0 255 45 54 93 0 255 126 72 0 43 0 66 137
    47 0 50 110 255 0 255 87 116 255 0 0 168 255 62 97 78 46 66 92 255
    20 127 0 255 0 255 0 0 255 43 0 106 108 0 250 142 58 255 149 0 255 0
    0 0 42 192 255 206 213 0 34 255 255 170 150 100 62 234 173 60 139 0
    255 223 0 255 75 131 28 0 192 108 15 53 234 98 255 5 0 255 0 158 184
    175 72 241 255 205 0 255 95 81 0 169 134 0 253 255 255 205 68 173 0
    1 93 32 252 0 199 92 234 0 255 86 0 233 53 234 56 193 0 0 150 255
    235 2 0 4 216 255 112 0 255 183 255 0 173 62 0 0 219 65 255 29 0 97
    206 209 34 0 83 160 0 255 0 43 216 196 255 222 0 23 116 216 128 34
    91 0 53 0 213 25 91 33 255 122 80 0 217 0 40 240 255 255 83 0 0 255
    0 255 24 247 139 255 255 194 255 141 255 28 19 204 0 82 0 206 62 174
    255 255 64 255 131 234 0 147 0 159 255 255 136 199 255 235 21 255 30
    0 0 145 101 11 41 0 0 18 13 167 0 201 110 255 255 255 61 30 235 108
    0 255 107 22 255 255 185 223 209 157 255 10 85 0 146 255 160 204 0
    180 181 242 175 155 196 90 247 203 0 51 255 0 231 171 50 0 23 61 255
    128 64 255 218 255 206 97 0 99 0 217 0 0 63 35 0 0 255 65 0 88 255
    255 179 15 8 168 100 105 60 102 0 255 232 43 0 174 0 0 0 0 20 73 119
    3 255 132 20 0 255 169 90 178 184 206 155 255 161 29 248 255 0 26
    112 255 180 73 224 32 255 183 0 9 216 188 140 33 0 255 153 255 255
    255 96 0 0 0 43 192 4 85 217 175 205 255 155 0 68 165 188 114 113 0
    255 248 240 255 255 26 90 255 230 121 0 0 252 0 103 112 0 115 156 0
    156 0 0 0 255 2 212 159 181 78 0 228 22 103 121 64 7 102 17 0 255
    255 0 17 106 148 0 183 77 23 6 0 82 255 115 252 147 96 79 255 130
    255 28 0 255 0 111 0 184 111 24 0 255 100 193 83 255 255 154 60 0
    144 101 255 255 255 252 103 142 227 85 113 236 102 54 255 0 0 228 81
    94 123 0 147 0 255 48 37 255 133 252 63 189 36 93 44 9 197 146 0 230
    0 35 5 47 8 255 89 239 0 65 250 0 0 255 117 150 0 0 65 202 46 210
    241 0 226 255 180 123 0 117 71 0 241 145 127 117 253 44 119 77 83 94
    66 90 165 40 255 255 255 207 158 98 114 28 80 0 255 75 35 108 255
    255 254 200 17 255 0 0 67 0 0 194 27 255 255 0 0 255 225 239 16 120
    255 176 190 152 0 68 132 98 239 114 29 139 255 0 92 156 51 0 196 244
    177 89 0 229 0 104 21 81 214 187 0 232 255 168 0 226 255 3 255 86
    164 119 174 43 0 255 0 176 91 52 255 71 195 255 0 180 150 33 28 0 0
    198 166 33 0 19 0 0 246 67 1 159 237 109 255 0 19 100 0 255 192 150
    251 118 51 0 202 0 220 132 30 0 0 255 0 27 208 221 0 255 0 53 17 172
    146 255 158 203 89 0 255 172 0 171 168 0 117 172 192 162 255 255 159
    0 0 93 227 241 255 194 70 75 39 0 226 199 255 0 88 211 0 146 80 193
    243 0 181 100 194 255 0 10 64 205 41 255 51 27 98 0 14 89 59 255 255
    176 244 163 140 255 6 255 255 120 255 57 0 23 255 103 0 47 0 152 255
    181 255 255 71 156 65 208 125 0 255 146 113 191 165 255 171 7 255
    197 209 23 0 255 192 155 34 0 255 26 255 175 255 255 36 181 255 227
    18 199 17 255 112 189 119 114 0 254 81 228 200 151 42 150 157 94 0
    103 216 55 153 255 3 255 255 226 127 0 0 50 0 0 222 0 66 43 184 255
    255 0 50 0 255 163 0 171 72 255 85 151 218 112 129 255 0 0 175 220
    255 52 0 16 142 133 255 0 219 157 255 105 234 24 178 73 10 255 255
    140 0 250 251 0 81 196 24 38 0 0 186 119 0 57 236 253 162 225 233
    255 0 255 0 0 202 71 109 68 86 82 255 70 229 140 134 255 0 164 59 0
    0 170 255 0 203 255 115 220 53 74 124 114 222 255 0 0 124 94 87 0
    255 95 37 159 255 29 101 0 0 245 0 199 0 61 236 179 170 13 255 0 0
    166 97 237 55 150 0 98 96 170 118 123 31 255 0 0 140 47 0 255 221 0
    110 255 2 30 0 255 226 255 102 255 0 0 255 140 0 148 255 40 85 74
    255 168 0 255 255 45 0 89 47 8 254 252 0 75 255 216 255 0 255 255
    153 133 91 243 0 0 0 134 255 213 234 0 255 248 123 0 178 52 0 128
    255 255 126 205 255 53 84 255 169 12 105 0 156 255 92 21 10 0 125
    255 71 124 88 131 18 0 82 0 0 57 222 146 66 137 36 60 255 0 53 255
    255 242 1 131 0 107 255 91 86 255 0 255 211 215 0 3 171 255 9 103
    255 0 255 255 224 103 2 134 61 84 0 202 225 255 0 255 26 255 110 81
    0 161 255 205 90 116 154 255 150 172 255 41 148 82 175 255 64 255 32
    191 0 34 140 192 21 171 194 189 62 234 96 198 255 177 254 0 144 199
    212 236 255 255 0 2 217 110 78 0 66 157 68 255 116 125 0 255 0 0 2
    250 144 25 231 71 0 255 131 255 1 39 255 30 114 11 37 255 255 250 0
    0 91 125 62 0 81 0 132 194 119 255 0 208 254 83 0 30 221 250 255 255
    0 39 255 94 163 50 0 0 255 101 185 146 10 0 161 80 255 133 112 0 246
    0 87 255 0 132 9 0 239 255 248 134 0 46 6 0 27 223 0 136 0 0 89 141
    14 0 255 166 20 63 0 15 245 125 90 34 139 165 0 174 226 255 107 253
    157 255 180 0 255 255 92 9 255 94 172 167 197 0 121 255 40 0 209 0
    74 20 6 233 0 188 166 57 134 13 255 0 78 199 236 163 6 170 216 0 142
    194 117 219 255 207 87 0 225 177 71 111 184 25 243 152 162 255 120
    255 0 53 255 6 0 223 216 144 220 174 103 0 255 42 255 96 255 161 216
    146 88 255 0 211 85 255 249 222 255 42 47 169 0 248 237 159 74 161
    151 0 136 175 199 193 144 119 153 109 255 108 251 232 208 137 250
    112 85 0 255 0 0 151 143 91 255 0 151 255 255 0 255 249 255 255 241
    255 255 234 175 172 13 0 255 0 255 18 255 255 255 147 52 98 108 249
    218 226 165 107 0 67 137 151 92 10 9 186 0 36 173 0 150 55 52 0 255
    0 0 103 255 192 81 255 255 114 255 255 0 0 0 152 255 46 153 0 0 1
    255 176 242 59 255 63 200 170 236 255 133 0 255 213 0 80 185 0 255
    189 152 182 0 212 109 86 255 16 255 0 149 0 240 255 246 237 255 0 0
    67 0 12 223 0 0 255 0 0 213 197 137 29 167 79 87 38 0 4 227 243 218
    111 169 0 255 0 6 65 255 212 255 228 0 217 37 215 5 174 135 165 255
    255 119 255 192 94 255 0 38 255 0 0 0 0 27 0 0 0 35 0 255 0 0 255
    255 68 239 255 13 122 172 185 0 73 19 0 124 222 224 35 255 213 142
    68 134 255 182 219 137 117 183 255 6 255 77 215 0 204 214 36 121 1
    223 0 184 126 0 162 255 205 239 9 0 1 255 255 255 150 127 129 11 117
    49 126 62 151 185 211 255 172 184 177 49 255 255 36 255 196 255 132
    222 95 127 26 32 253 134 255 234 255 227 29 130 232 167 255 16 0 0 0
    0 255 66 209 118 0 252 0 113 7 0 68 255 255 199 227 46 243 15 255
    194 234 255 239 116 132 23 255 137 0 255 0 82 231 44 22 68 248 152
    208 112 64 255 88 255 228 0 67 0 255 255 69 0 0 255 183 3 0 200 237
    220 144 42 0 250 253 0 231 25 109 191 0 0 37 78 0 140 255 246 209
    255 0 26 126 6 234 255 196 0 75 255 255 0 242 255 177 237 100 202 6
    210 255 148 0 36 255 44 0 213 255 60 0 0 170 0 255 1 255 193 0 180 0
    60 216 44 238 14 137 125 182 158 58 98 167 18 23 0 255 0 255 145 152
    40 255 203 0 2 203 3 0 200 255 69 0 255 45 65 186 32 255 255 120 81
    255 172 185 159 171 255 215 239 0 10 255 179 255 0 219 4 182 158 255
    255 0 200 26 91 255 164 253 48 255 193 198 241 255 177 239 65 255 75
    73 0 0 0 50 251 47 19 210 255 165 211 0 0 229 110 104 0 228 255 0 62
    139 42 0 186 126 151 36 193 33 255 255 124 34 255 255 251 41 255 95
    36 32 255 174 205 255 62 181 176 223 8 165 0 244 255 188 255 255 17
    188 255 0 8 134 0 185 255 51 198 66 0 102 146 131 0 255 255 113 189
    86 0 174 52 0 0 148 246 246 69 146 255 75 0 0 210 17 0 240 0 0 255
    85 255 87 52 47 255 163 28 15 0 255 0 75 0 255 255 99 206 223 224
    246 176 162 152 0 0 0 78 105 203 0 0 99 0 34 122 255 173 198 157 184
    159 54 175 255 0 127 255 255 22 72 154 187 0 63 162 232 0 0 112 0 0
    136 194 255 189 187 255 160 255 255 224 255 172 0 255 11 0 67 255 0
    168 30 220 255 0 70 0 0 193 255 255 255 175 255 202 107 66 0 0 219
    150 0 210 23 0 174 0 7 0 96 242 239 144 255 212 255 191 109 70 0 82
    0 84 175 161 255 78 255 0 224 50 104 255 0 251 166 0 255 0 0 223 228
    0 127 64 238 255 212 5 180 109 154 0 0 50 8 0 191 121 156 17 188 255
    30 223 0 174 166 79 153 221 0 255 255 122 184 143 126 222 191 201
    255 161 55 191 255 183 0 131 165 0 0 255 195 183 44 255 255 0 255
    255 186 181 110 0 225 104 224 255 255 208 215 255 220 255 143 0 147
    0 0 42 115 115 0 137 255 255 246 182 255 215 71 255 61 36 5 7 219
    114 115 0 2 255 129 211 249 141 0 10 37 225 39 213 103 182 217 255
    227 195 111 0 192 0 0 220 80 229 0 34 0 0 184 205 77 13 49 255 36
    113 139 0 102 162 57 0 255 186 255 117 255 57 116 255 255 28 239 0
    176 255 87 255 185 140 167 162 254 46 0 255 37 179 255 149 255 103 0
    168 180 203 0 85 81 157 255 70 0 97 255 9 54 255 136 218 31 255 230
    88 0 143 90 0 117 237 83 107 113 255 106 135 80 23 39 138 0 255 255
    203 44 255 213 113 36 73 0 2 46 216 182 200 213 204 255 5 255 255
    216 102 71 199 208 113 255 21 57 27 0 0 0 0 55 255 170 113 95 36 30
    222 209 87 253 241 255 199 255 255 158 0 163 0 205 255 255 0 255 111
    164 40 36 244 0 255 255 0 0 252 0 61 0 128 255 145 29 187 53 9 49 23
    255 117 0 86 83 241 230 77 0 0 6 73 203 232 131 147 0 27 98 0 255
    118 0 190 200 0 219 14 246 255 126 152 0 255 117 255 122 176 86 244
    31 255 76 142 144 122 160 0 255 255 245 58 243 132 0 244 0 103 255
    255 243 255 255 0 152 20 115 255 16 28 124 66 23 25 189 25 0 42 0 0
    0 35 203 69 53 41 0 21 0 165 0 255 0 70 0 47 0 0 120 255 176 150 19
    255 22 78 131 255 0 203 255 0 255 1 0 107 0 151 0 255 0 62 158 230
    126 22 121 85 0 232 208 134 255 79 120 46 230 255 0 35 0 87 255 94
    214 178 82 81 121 255 136 255 212 199 145 0 255 11 58 111 148 255 0
    34 119 100 255 195 180 136 40 236 158 255 149 255 87 255 166 162 255
    172 255 255 115 166 97 210 25 146 0 46 214 120 126 255 121 71 62 223
    0 7 211 255 0 27 40 255 3 13 209 0 196 170 75 126 198 0 255 214 193
    174 255 128 0 193 5 37 255 255 255 0 117 242 50 160 80 221 0 201 255
    13 221 183 0 0 118 11 137 76 142 237 64 145 177 227 245 44 255 44 0
    235 44 0 0 201 6 160 0 131 180 0 0 0 21 122 99 51 214 0 226 215 40 0
    0 250 130 79 255 13 54 164 179 0 169 255 253 172 255 96 41 255 22 48
    73 255 26 0 0 255 194 150 235 0 255 0 128 163 0 122 255 76 252 112
    255 0 0 205 237 193 109 255 0 193 130 184 123 10 53 15 0 241 0 29 0
    0 116 226 164 246 225 140 0 255 255 0 114 255 255 236 0 35 3 0 223
    215 255 95 42 160 240 246 7 133 0 92 131 0 21 103 92 255 90 248 53
    219 42 171 239 255 35 36 255 0 231 0 14 0 255 73 25 233 0 19 119 188
    255 0 255 246 154 135 212 250 223 100 255 250 228 211 223 59 0 61 95
    227 142 238 173 135 13 173 255 193 74 92 201 29 0 0 75 210 0 204 255
    255 255 145 139 0 99 255 253 255 255 150 230 19 255 18 14 119 254 71
    0 166 0 222 255 139 255 255 255 255 191 255 0 20 216 148 187 0 0 108
    0 68 255 16 168 62 255 177 0 214 138 255 162 255 34 255 255 0 255
    255 255 188 52 83 255 127 224 57 10 0 0 78 12 26 255 179 0 49 255
    254 236 255 252 255 255 0 255 255 0 74 255 0 203 133 60 0 132 103 97
    255 160 151 166 76 255 0 224 255 228 0 255 46 255 255 255 79 137 0
    209 208 39 99 255 217 0 0 255 84 222 84 0 255 10 62 0 255 154 0 127
    199 255 0 2 215 255 39 0 231 100 0 140 117 104 109 58 0 0 11 4 0 171
    0 255 216 229 0 0 2 247 28 190 0 255 152 0 21 255 0 9 255 80 137 29
    255 92 205 255 108 104 222 0 228 234 0 0 157 105 119 142 0 255 15
    249 215 178 228 0 255 20 255 255 255 71 0 255 242 155 255 87 130 39
    255 101 122 77 0 255 231 0 85 67 82 141 35 255 62 255 255 178 104 88
    255 46 41 155 135 112 0 134 0 0 227 0 255 231 0 214 0 166 113 255
    196 43 49 152 225 161 79 181 38 28 255 215 78 28 232 128 68 0 22 120
    249 141 232 215 255 156 125 122 151 26 229 0 166 203 244 132 181 0
    29 0 0 255 233 0 200 192 255 158 0 234 0 158 0 45 248 255 39 0 0 184
    0 207 48 255 0 233 228 0 244 213 254 255 246 255 0 255 13 35 119 255
    255 85 152 235 40 205 250 255 101 0 199 67 181 255 156 109 1 41 255
    88 236 20 255 24 158 190 52 95 116 0 78 133 137 119 219 255 214 0 31
    160 51 14 255 0 13 42 183 150 0 183 112 185 2 19 255 255 65 241 42
    214 14 0 255 88 255 30 0 255 0 84 0 31 126 94 255 169 155 255 25 0
    177 117 255 37 125 0 225 200 255 106 111 0 41 132 0 236 67 161 255
    82 0 255 76 0 136 0 255 255 0 230 115 12 193 0 211 49 87 121 97 255
    255 0 207 164 42 198 255 174 75 255 231 244 52 43 164 227 0 198 74
    200 21 0 0 255 255 0 15 255 255 174 0 0 133 0 133 183 213 0 255 0
    255 254 51 18 255 153 201 0 0 255 116 0 0 151 8 205 2 237 255 178 15
    209 167 0 171 95 0 117 46 92 255 255 0 77 148 46 213 80 0 109 188 76
    0 167 97 190 79 0 99 66 124 252 199 126 255 13 0 58 0 255 0 0 241
    184 255 25 163 0 254 117 107 255 255 50 149 135 15 247 229 0 0 255
    91 0 37 218 255 255 255 151 167 0 219 0 52 13 0 95 162 163 140 255
    18 255 0 42 255 119 0 178 241 145 46 51 124 141 75 0 157 0 244 126
    122 0 199 90 17 121 181 232 202 85 0 219 216 255 0 255 0 255 255 121
    163 95 0 48 0 169 109 74 112 0 0 245 8 40 255 89 255 206 196 206 255
    50 36 200 255 93 87 0 50 255 33 0 182 15 52 255 184 0 209 145 30 242
    0 255 92 255 10 195 219 238 255 71 176 0 255 113 208 255 189 255 228
    255 255 165 164 88 255 255 229 255 189 21 255 255 0 255 115 255 200
    0 88 203 108 38 191 100 255 255 36 109 80 22 0 57 82 31 240 179 255
    207 204 93 143 255 0 71 207 30 255 75 222 199 51 232 255 103 176 231
    146 0 15 219 255 0 193 100 136 255 0 255 93 26 38 255 174 183 0 185
    20 186 163 52 0 48 250 87 84 83 184 137 253 222 84 130 255 255 255
    236 234 177 181 240 255 186 45 68 255 219 242 156 255 8 255 204 0
    241 255 121 255 184 0 0 60 2 55 186 204 45 255 59 72 255 33 0 91 0
    255 77 183 113 0 225 31 0 73 51 0 102 255 0 101 194 255 0 120 129
    107 99 255 194 118 67 0 6 0 0 181 38 129 0 160 255 70 143 153 180
    136 165 0 0 91 0 126 191 0 187 129 0 226 59 255 123 113 255 62 14
    255 173 255 129 0 255 0 0 158 219 0 235 40 47 0 0 255 0 0 75 211 164
    255 255 164 255 6 255 45 0 1 206 255 186 93 0 187 64 124 226 40 255
    45 0 255 255 162 146 0 180 0 238 7 160 0 123 125 87 168 26 0 28 220
    173 197 109 132 255 104 255 170 255 142 137 0 58 89 248 207 176 189
    0 0 1 22 67 228 205 70 117 0 255 255 87 147 210 0 0 247 255 93 99 24
    0 255 0 255 255 0 46 255 255 156 9 255 81 0 0 202 212 255 0 255 185
    32 255 0 255 163 255 45 0 121 227 16 77 204 0 102 105 43 185 140 0 0
    165 0 28 235 255 210 139 0 140 0 126 111 21 28 80 227 45 255 47 118
    255 255 191 0 0 255 0 53 87 255 146 240 136 0 28 178 0 79 241 140
    108 35 149 255 72 218 255 140 0 130 255 88 48 115 68 151 36 255 26
    47 194 65 136 98 255 63 13 204 255 133 126 35 0 137 255 190 96 19
    255 134 0 0 255 0 78 129 255 108 34 237 0 142 46 118 4 0 255 0 255 0
    195 190 14 0 255 98 0 173 136 86 43 255 255 150 143 103 82 222 0 75
    124 0 0 118 255 28 0 61 0 118 58 104 169 48 181 255 147 147 231 168
    255 216 255 0 167 82 10 190 102 255 255 0 16 46 173 0 131 0 39 140
    132 81 170 76 174 147 255 0 241 0 133 255 255 3 196 220 173 20 141 0
    0 106 25 30 188 255 144 0 62 167 218 75 0 132 234 0 174 10 50 255
    129 57 7 255 184 38 186 184 134 46 0 0 0 56 3 243 255 10 6 68 0 255
    0 197 255 11 60 255 11 255 255 54 0 0 219 0 0 156 54 40 108 0 5 8
    241 146 0 255 29 0 0 124 164 252 24 0 0 255 200 130 255 133 127 255
    250 121 2 100 218 206 145 216 171 0 224 255 75 0 255 13 255 68 101
    226 7 84 18 0 127 209 242 242 210 77 205 56 70 124 49 245 200 0 113
    0 76 127 169 255 221 255 0 0 255 223 137 250 255 195 230 75 255 119
    0 0 174 163 0 233 26 0 0 82 139 0 89 0 0 110 94 0 215 24 255 0 131
    31 130 217 0 69 184 255 84 0 255 186 19 187 0 69 90 0 94 255 37 208
    97 255 255 22 184 196 168 253 252 141 255 255 168 128 140 0 0 255 74
    5 189 0 234 209 255 0 255 0 30 117 179 50 251 255 255 219 141 32 208
    255 0 183 255 0 255 83 245 181 128 185 230 30 0 199 62 255 248 11
    146 100 61 0 180 95 106 53 0 162 45 0 239 133 203 214 0 83 28 24 0
    71 0 255 0 135 54 244 61 148 115 68 194 152 250 241 154 255 85 255 0
    159 237 188 171 143 212 0 43 244 97 123 203 255 0 0 188 219 164 0
    255 255 178 0 73 255 255 0 0 239 0 34 39 0 77 252 255 170 119 90 32
    127 226 165 21 97 180 162 255 134 97 19 253 0 0 74 94 220 124 20 38
    85 0 0 0 179 255 0 228 0 0 255 255 222 255 0 191 0 0 0 200 0 15 255
    0 110 251 255 0 144 40 248 192 2 187 119 165 0 223 255 125 64 200
    255 255 255 111 136 241 167 235 201 114 255 0 199 152 187 104 255 0
    219 196 109 121 255 226 90 71 220 255 107 75 0 190 87 0 163 178 68 0
    255 240 137 242 255 219 235 112 0 126 21 24 26 18 192 0 88 188 255
    58 73 29 181 193 29 255 0 233 152 255 0 0 206 103 222 106 154 255 32
    239 1 255 245 255 255 252 255 255 10 224 255 218 135 127 255 226 248
    0 70 164 0 255 86 255 85 90 255 255 0 255 218 255 52 255 161 255 0
    255 219 255 55 242 255 168 255 8 180 248 139 159 0 0 0 0 63 245 103
    131 85 246 0 0 3 72 0 0 88 255 0 175 214 255 0 0 148 247 63 31 133 0
    255 126 86 0 255 12 255 0 255 255 242 255 64 156 0 41 190 0 252 205
    255 211 255 253 83 29 113 29 0 66 255 0 165 44 0 0 0 131 255 255 171
    26 255 255 255 255 61 243 0 255 199 255 109 240 199 0 47 255 214 255
    255 13 62 130 39 0 9 0 255 149 17 255 0 0 0 78 21 0 1 119 0 111 38
    255 0 131 255 0 126 255 173 15 93 10 24 241 143 242 222 0 130 243
    112 255 200 0 135 71 14 211 0 255 76 255 79 0 212 255 255 138 61 1
    114 104 108 77 0 29 255 255 0 255 184 0 211 154 0 255 12 14 133 178
    146 114 39 222 16 219 2 136 0 255 106 95 80 232 163 230 255 205 56 0
    255 7 171 46 255 27 122 0 55 10 177 0 246 208 233 18 58 126 22 82
    169 184 104 126 0 235 111 0 0 23 255 255 53 179 38 182 194 188 0 124
    174 0 252 124 0 167 3 55 0 0 31 221 130 165 183 113 164 255 14 255
    101 255 44 255 255 176 30 0 111 109 151 107 0 6 131 78 53 188 80 126
    255 205 40 255 240 38 0 255 0 249 203 197 0 6 255 255 0 71 115 251
    107 0 86 83 77 131 255 255 0 46 212 255 160 0 255 0 255 22 9 18 255
    255 222 255 255 0 10 5 0 184 99 9 255 165 224 122 0 255 175 173 49
    255 255 0 242 55 119 0 127 102 16 180 64 4 255 8 8 255 63 190 0 255
    0 255 247 11 117 173 255 255 0 255 0 95 44 218 255 25 175 255 7 255
    25 245 205 122 192 255 255 255 202 255 0 100 255 197 59 255 255 0 0
    0 167 141 85 255 150 0 17 8 255 255 250 253 255 0 255 255 255 209 70
    219 0 255 94 0 255 202 146 0 66 255 0 255 96 132 255 178 71 131 255
    159 127 134 255 217 0 255 0 35 255 109 112 208 255 139 18 253 0 75
    255 0 169 255 0 0 201 160 174 53 107 255 247 207 156 255 37 165 145
    140 0 121 255 0 4 255 54 255 131 0 159 91 109 52 0 0 7 255 98 0 123
    255 55 145 255 46 129 255 0 203 216 255 15 235 158 142 0 178 0 102
    111 113 238 0 0 0 190 0 204 0 0 253 33 0 255 191 122 119 0 134 255
    169 51 122 88 255 74 255 57 0 75 167 0 0 0 34 190 47 238 139 255 175
    255 0 176 170 6 0 54 0 119 255 58 146 244 131 255 26 182 255 0 132
    181 12 229 0 0 29 255 37 255 161 243 236 255 122 166 103 26 0 134
    194 44 239 88 119 9 61 245 0 171 255 110 171 109 150 0 200 27 195 62
    162 67 234 255 255 224 0 255 83 0 43 245 238 117 0 130 0 0 247 0 143
    163 179 24 68 255 191 93 29 0 125 22 0 142 138 0 225 255 97 0 148
    228 101 188 69 21 0 169 204 32 77 73 115 255 255 207 96 0 125 0 126
    255 10 255 56 41 255 177 1 255 0 203 28 0 57 255 91 255 219 255 137
    171 0 255 56 0 190 0 255 16 82 113 64 112 232 154 0 216 129 0 255 0
    38 102 255 0 42 169 21 145 186 228 22 77 0 62 192 121 21 29 0 255
    129 48 158 40 230 130 255 98 0 50 120 140 181 255 0 151 255 37 87
    255 24 189 25 47 151 23 233 255 255 0 0 54 69 220 0 122 90 0 71 0
    193 255 0 10 242 148 8 137 255 12 255 30 0 149 255 64 26 0 255 81
    217 30 0 1 255 0 215 135 255 61 255 247 215 18 255 7 36 0 0 222 4
    153 255 7 216 255 134 16 255 231 0 255 21 255 21 176 6 200 255 0 255
    109 255 0 0 0 0 18 219 0 0 9 255 47 192 255 255 239 140 255 21 58 0
    0 188 0 91 100 0 0 124 0 133 255 196 89 0 37 0 27 235 255 255 255 0
    173 201 0 217 124 166 255 45 255 255 172 168 218 219 255 188 71 217
    129 0 255 28 255 233 0 148 44 0 0 255 234 0 98 224 163 204 255 220
    255 141 202 85 0 155 225 0 72 240 188 255 30 210 199 254 163 51 155
    250 255 146 229 227 0 255 0 11 0 247 0 40 24 13 127 133 228 40 175
    88 195 0 255 15 0 117 255 245 132 255 0 0 255 182 148 255 255 255 93
    130 169 255 103 197 0 175 0 225 232 167 0 0 8 255 113 255 177 119
    251 0 253 194 189 209 255 113 135 130 255 240 0 255 228 255 255 0 0
    23 227 255 102 255 133 57 255 182 255 255 208 250 255 255 195 88 0 0
    151 130 198 255 37 116 222 115 0 255 17 0 135 255 191 225 132 7 177
    35 56 255 173 239 255 247 255 152 252 255 255 236 0 173 99 181 107
    228 0 211 255 0 0 105 0 156 42 255 78 232 184 136 255 46 255 255 0
    131 255 255 255 0 255 255 145 169 69 172 71 155 170 255 0 62 93 133
    0 25 119 81 252 0 0 187 29 40 255 205 165 255 255 255 0 80 246 51 0
    0 46 255 128 130 255 103 75 138 15 41 137 0 46 0 72 184 255 223 49 0
    255 99 114 124 12 8 93 0 255 205 255 54 255 180 11 255 255 119 255 0
    158 139 49 244 255 0 152 0 255 106 55 255 38 201 199 224 245 47 182
    18 0 193 193 0 139 255 0 29 184 199 255 36 61 255 0 155 255 178 201
    250 255 191 255 69 111 0 95 29 255 83 91 246 233 90 135 0 109 27 188
    193 121 212 255 246 51 123 69 172 0 255 25 237 47 72 22 129 69 95 78
    191 248 67 0 55 255 255 116 27 0 224 250 45 46 0 182 255 255 0 145
    255 255 41 255 0 255 226 22 75 110 82 149 157 168 0 220 222 255 206
    207 90 10 205 228 0 141 141 0 151 123 27 169 0 96 215 255 166 214
    144 149 151 135 40 152 93 242 207 0 225 255 255 255 125 0 0 94 0 39
    0 87 0 10 255 107 255 250 240 131 159 123 52 20 255 255 86 125 0 245
    72 59 0 146 161 143 0 77 0 87 58 128 255 112 240 230 255 14 48 0 185
    32 188 255 52 75 133 119 0 0 240 11 217 154 255 68 0 54 0 0 54 0 255
    37 111 96 255 255 208 0 255 255 183 0 185 166 0 145 195 231 0 90 125
    103 117 254 0 0 199 63 242 0 255 184 0 38 0 198 239 60 0 255 6 255
    255 174 232 42 148 0 112 94 238 255 149 255 250 175 0 0 112 65 84
    255 119 0 133 255 18 0 255 255 45 12 107 255 74 232 59 83 84 255 255
    240 47 230 136 137 196 63 255 205 227 223 133 104 255 185 129 0 255
    158 0 255 247 154 255 109 233 147 70 217 0 47 67 46 255 0 236 111 54
    130 100 161 226 0 255 37 79 0 19 255 46 95 255 229 0 231 0 42 255
    255 141 178 191 72 0 210 255 149 88 156 206 0 125 0 163 0 255 193 34
    176 0 89 111 255 190 245 189 21 255 83 112 89 210 255 0 113 255 255
    0 209 136 96 0 194 30 108 74 142 0 151 149 222 105 172 23 75 83 0
    216 40 51 98 249 92 0 255 255 168 255 255 172 0 0 244 8 83 250 139
    157 144 184 143 249 99 0 22 0 175 0 0 20 147 207 186 63 252 255 255
    255 247 255 174 191 0 63 75 206 135 0 255 255 255 164 23 228 0 255
    123 0 255 203 175 255 210 187 196 255 151 135 132 120 195 255 255
    173 0 112 75 255 237 205 255 59 255 161 0 0 148 221 154 255 255 140
    203 23 4 255 255 0 28 0 74 115 0 0 255 38 216 255 163 255 255 175
    239 15 25 208 189 225 100 212 81 0 90 95 0 231 0 92 255 126 174 255
    153 50 255 20 0 161 191 193 53 194 135 0 46 255 221 48 0 255 139 161
    139 28 250 158 191 48 222 187 104 195 44 219 0 124 91 180 184 64 255
    255 0 138 123 194 157 0 0 255 130 0 157 255 234 0 250 44 175 0 180
    255 0 141 255 234 0 255 0 180 124 0 213 255 175 149 137 43 186 96 0
    173 108 0 79 255 0 1 255 0 255 193 0 255 53 98 255 182 29 210 255 0
    24 96 169 255 110 0 255 255 225 28 62 187 147 29 215 255 232 55 14 0
    0 15 236 255 127 61 245 255 173 0 255 109 3 245 127 156 121 255 157
    0 5 141 7 166 0 97 110 74 255 34 244 187 0 255 1 21 119 0 228 84 14
    252 20 54 250 255 255 255 195 179 81 52 255 0 15 2 0 19 228 0 102
    155 148 60 255 0 194 61 105 58 0 172 124 227 255 0 255 202 254 36
    162 0 255 173 0 175 175 148 197 35 0 148 254 37 68 231 236 109 0 98
    98 116 109 178 51 110 160 23 47 255 15 0 0 247 198 218 182 0 187 255
    14 0 0 0 203 139 255 255 199 230 5 108 222 148 70 253 103 226 251 0
    199 255 255 255 79 0 18 61 255 253 59 0 0 47 201 0 0 255 255 139 255
    142 213 0 197 117 84 255 4 255 128 161 80 109 255 255 7 120 6 0 17
    201 150 0 0 184 0 86 25 115 181 208 222 18 0 255 135 76 140 69 189 0
    255 40 0 207 178 255 199 96 85 255 60 221 255 1 255 98 72 180 0 13 0
    34 107 255 255 193 199 255 63 230 63 252 0 13 0 0 95 141 255 179 161
    243 255 52 232 183 198 0 65 0 0 68 145 250 140 205 22 227 255 255
    136 84 229 114 162 255 255 16 255 255 114 120 249 255 0 252 40 41
    255 219 255 252 234 0 156 0 88 255 0 215 0 255 202 255 255 165 27 0
    222 139 0 255 57 0 0 92 42 0 0 0 255 0 201 192 255 235 48 255 255 50
    255 255 255 1 188 187 110 255 2 88 142 182 219 255 255 255 0 241 25
    118 138 255 165 0 133 255 122 156 255 0 129 0 175 167 255 189 77 70
    72 244 145 119 0 0 0 255 0 21 255 101 255 255 0 199 191 0 222 255
    120 126 9 173 69 255 255 255 45 62 255 185 254 17 255 227 66 0 0 0
    255 255 70 255 19 43 16 102 255 125 165 246 0 93 54 255 198 125 157
    144 32 69 0 43 0 0 0 250 127 227 35 255 0 20 147 255 48 0 174 0 183
    151 0 0 243 0 81 255 255 168 0 89 0 193 0 42 255 255 194 34 124 0 66
    0 135 96 150 221 38 255 0 200 85 195 0 0 130 0 255 156 136 255 0 255
    124 150 247 92 255 91 59 0 255 65 87 213 213 0 0 93 50 23 139 161
    255 123 0 160 31 114 255 230 85 150 32 139 23 180 128 13 12 255 255
    0 13 0 171 202 3 255 216 207 90 236 130 106 0 255 176 0 175 207 184
    21 9 127 118 76 52 186 246 140 164 252 251 0 227 28 102 0 51 16 183
    233 0 255 137 255 0 131 63 213 32 0 6 0 222 52 190 255 20 0 255 0 0
    0 255 115 255 225 23 255 27 68 0 242 147 29 12 137 239 68 56 184 120
    106 175 188 60 209 243 255 118 28 133 0 0 55 0 8 255 0 0 43 183 160
    54 0 255 156 0 255 184 255 255 0 123 16 4 239 99 146 151 223 0 0 255
    61 133 206 236 255 69 137 230 62 241 241 255 104 140 54 224 255 55
    203 47 224 17 232 176 253 255 0 131 30 210 80 210 157 0 0 227 64 179
    255 250 255 47 121 255 194 210 99 145 151 0 0 162 51 0 25 255 205 0
    255 109 29 121 0 44 89 188 0 125 121 255 242 231 164 200 131 181 22
    202 26 86 80 170 44 102 255 127 229 0 38 127 0 90 255 215 137 0 193
    255 221 67 145 0 54 150 217 0 196 0 255 0 65 83 222 6 0 17 255 18 65
    127 37 0 66 255 126 0 55 134 222 0 255 108 30 211 255 183 67 255 134
    28 61 245 243 116 150 255 0 143 72 57 255 116 42 95 0 249 0 182 111
    123 255 255 203 0 95 0 127 29 255 65 0 64 97 12 210 33 126 15 61 255
    8 218 150 94 255 255 3 255 188 73 255 195 72 0 4 67 0 114 255 0 11 0
    24 55 61 255 31 255 255 223 116 89 182 255 255 187 0 0 235 220 0 0
    188 128 0 173 192 255 212 110 155 225 255 55 0 184 47 163 0 0 22 203
    36 120 113 255 0 135 62 93 110 159 29 133 0 249 82 96 128 7 68 255
    246 247 33 38 207 80 0 152 221 255 111 222 128 124 100 18 0 138 0 31
    103 0 0 239 9 255 0 68 151 128 0 87 0 35 51 181 164 128 160 139 255
    57 0 251 202 255 63 57 178 241 164 30 0 221 190 131 232 255 236 59
    150 0 194 85 25 255 0 128 224 119 94 109 82 0 255 174 8 0 93 47 97
    195 11 169 114 38 84 255 0 37 123 60 251 244 216 24 63 34 212 0 65
    88 174 100 255 130 249 172 217 255 76 137 0 182 227 255 217 0 255
    101 0 213 62 0 23 255 255 153 215 38 0 255 19 69 151 52 31 11 144
    165 0 242 0 73 147 255 85 0 112 0 170 243 235 0 229 68 129 52 0 177
    0 174 0 13 255 0 0 255 67 144 102 60 101 0 89 191 79 255 173 197 33
    76 252 45 0 108 0 0 119 183 41 0 193 255 253 0 188 0 142 0 0 145 255
    9 191 166 255 161 0 0 127 0 36 78 61 199 0 67 84 126 0 240 0 104 65
    255 194 122 0 58 0 65 17 0 255 0 255 46 70 62 37 0 255 210 14 244 0
    75 51 176 196 241 2 162 197 71 0 1 44 203 102 114 56 203 87 0 223
    108 255 255 61 229 0 243 161 224 30 17 66 255 54 113 255 12 157 170
    107 104 160 0 184 71 32 65 213 219 117 7 0 255 0 0 205 48 255 145
    255 255 0 0 152 255 110 40 207 67 25 255 255 0 0 123 214 254 0 214
    120 255 180 0 157 165 255 200 155 78 118 157 0 243 255 0 187 168 255
    0 47 255 161 0 226 255 0 124 0 165 134 165 86 24 193 57 145 118 191
    0 255 0 0 255 0 14 119 255 211 152 61 255 247 154 158 186 97 32 134
    0 181 75 0 169 191 255 255 255 205 255 0 186 0 255 248 229 255 0 51
    6 252 0 112 66 54 0 255 149 164 170 0 107 66 222 255 103 0 255 255 0
    3 139 255 182 171 255 70 22 255 174 0 111 255 0 132 0 0 154 0 255 89
    0 174 215 255 189 208 247 255 171 34 255 0 251 186 23 45 0 0 91 255
    0 246 114 246 222 92 51 19 42 230 184 0 46 0 214 0 155 79 152 173 0
    73 223 88 154 160 50 255 203 28 0 255 84 193 229 53 0 226 34 77 61
    64 47 196 183 0 234 222 105 255 0 27 63 252 223 255 255 158 250 0 0
    0 255 156 231 191 0 45 142 255 255 255 171 16 255 173 255 255 187 4
    254 59 255 20 0 0 57 87 0 204 210 142 255 0 0 0 255 255 113 165 0 5
    243 255 166 164 192 40 255 35 255 138 188 255 152 190 47 255 0 90 30
    255 209 141 255 116 119 223 177 11 155 255 255 30 14 182 86 92 3 255
    86 111 138 30 114 220 154 63 74 0 0 12 0 101 110 21 0 0 136 203 168
    255 255 8 139 255 128 125 218 0 0 74 62 141 232 10 211 204 230 205
    72 255 255 0 187 255 210 54 101 255 0 255 169 84 255 61 0 53 45 115
    255 88 145 0 255 0 7 0 189 146 255 0 229 255 127 77 255 238 0 170 90
    0 210 0 201 255 237 102 47 150 153 247 9 192 189 79 73 133 0 0 241 0
    7 255 156 246 102 199 51 0 83 0 233 68 0 255 238 255 232 0 241 255 0
    48 250 0 149 113 240 252 87 202 49 78 189 91 255 110 98 0 255 18 146
    0 72 223 0 26 213 49 25 255 255 16 251 209 148 27 203 255 0 116 122
    255 136 0 255 251 231 122 155 232 176 0 160 255 151 32 222 124 175
    129 255 18 239 255 0 38 32 0 254 0 0 26 91 2 118 255 0 255 177 0 255
    200 0 0 195 128 22 255 127 107 157 0 107 67 42 115 181 159 198 180
    255 255 17 0 193 91 0 255 0 55 11 0 255 201 113 255 183 255 163 0
    255 0 94 0 235 220 255 0 242 0 0 90 151 208 41 193 220 128 255 177
    255 165 185 95 83 21 255 78 255 255 157 9 255 194 102 195 255 0 219
    118 20 31 158 87 113 255 43 213 203 181 23 0 255 0 224 200 3 255 137
    139 126 206 175 238 225 255 47 0 29 62 0 95 0 255 230 0 42 183 166
    83 0 213 7 255 0 72 180 0 121 211 0 140 13 255 13 105 0 255 59 120
    112 39 168 122 35 26 0 0 190 55 158 0 0 41 137 0 126 126 255 236 0
    255 112 249 0 255 255 230 61 99 182 0 30 255 78 101 178 234 58 0 153
    255 195 88 255 255 80 139 141 133 9 56 86 209 0 11 0 12 200 0 255
    206 120 255 245 255 108 255 56 0 255 0 255 255 255 28 0 1 255 144
    187 255 50 0 197 71 255 126 31 64 131 189 142 124 254 254 214 183 24
    141 144 255 155 0 41 255 255 255 248 162 189 0 0 255 255 197 104 212
    255 152 0 252 217 102 255 0 255 111 0 17 255 0 255 16 216 209 255
    255 249 0 255 52 135 119 255 171 129 255 230 66 0 199 0 0 177 255
    157 173 19 184 0 0 47 0 77 21 86 53 255 255 0 50 150 122 255 29 0
    255 201 0 202 178 0 180 0 20 0 3 0 0 214 0 223 37 134 195 212 32 0
    140 65 153 0 187 250 0 141 114 255 19 35 212 127 0 122 46 0 132 186
    0 255 229 0 66 86 8 207 204 0 255 70 242 81 198 255 25 0 182 255 135
    0 255 255 0 204 0 5 72 229 255 175 110 255 186 47 168 0 255 180 255
    209 21 255 255 26 103 75 0 255 250 87 107 244 255 229 255 95 0 255
    255 129 187 6 255 0 185 188 135 34 0 189 171 44 100 0 116 106 34 0
    204 12 169 255 200 0 201 187 44 30 42 119 255 148 255 0 134 129 247
    0 194 38 53 0 255 255 102 86 127 12 33 96 0 0 214 0 90 255 81 255 33
    255 0 143 176 72 255 43 196 0 92 75 0 94 169 191 255 0 244 232 80
    255 0 108 0 48 41 0 252 37 181 79 171 25 134 255 218 255 141 211 161
    0 158 177 78 255 0 126 0 0 29 71 94 25 245 247 222 118 0 78 12 255
    201 212 0 255 212 44 195 117 0 114 82 140 0 0 0 62 196 166 255 255
    147 255 241 0 0 128 197 0 0 180 191 255 0 6 83 240 95 255 0 21 226
    201 255 0 255 150 246 0 105 116 72 152 85 132 106 241 176 130 29 255
    187 217 255 255 255 177 204 0 89 255 159 0 240 0 151 0 197 135 194 0
    66 138 255 0 62 255 0 131 203 184 255 15 233 255 83 0 72 121 140 0
    232 255 236 192 125 90 111 255 195 0 35 255 129 227 190 214 129 173
    255 255 138 82 21 255 0 0 0 0 255 0 0 255 255 0 204 85 121 255 153
    79 255 172 70 202 96 255 125 0 202 0 0 124 58 96 72 0 108 117 153 0
    255 91 13 12 245 255 0 32 71 0 61 18 156 27 78 21 0 108 148 255 214
    255 0 255 156 0 154 204 122 27 0 127 180 114 0 38 171 220 0 0 0 87
    28 81 231 255 101 0 0 177 255 167 31 0 0 237 17 95 0 190 24 97 210
    96 45 0 255 192 166 255 0 238 227 108 42 89 139 5 91 92 0 106 222 0
    225 47 134 222 255 0 28 0 179 0 0 0 7 104 9 255 211 76 23 246 0 0
    193 118 0 255 0 16 60 255 58 1 113 255 157 251 51 255 128 0 66 0 138
    255 255 255 30 116 56 255 45 50 133 119 65 82 0 211 150 0 170 20 255
    202 177 118 0 77 199 0 102 255 236 0 0 10 249 117 0 255 255 98 255
    255 255 32 199 239 255 0 243 255 194 0 0 248 4 0 36 118 255 41 255
    212 0 0 0 154 255 96 123 215 0 255 112 0 255 0 109 136 120 0 217 72
    255 255 0 150 237 64 229 59 255 89 2 238 241 30 106 255 112 209 0 52
    220 228 64 167 255 232 205 236 255 216 64 110 66 70 0 182 255 255 0
    255 83 84 135 0 0 108 208 255 255 118 245 152 244 182 255 255 219 0
    164 228 40 160 49 93 60 176 2 0 16 0 234 151 233 255 58 62 97 209
    214 255 0 0 49 0 105 77 255 255 0 73 255 202 43 204 5 241 255 0 188
    242 18 255 212 0 0 255 255 109 215 41 187 184 247 215 201 118 0 255
    115 0 113 164 0 171 255 0 43 239 47 206 19 45 255 0 23 91 3 255 157
    255 103 10 254 98 210 255 255 114 142 103 43 255 236 0 231 0 120 0
    255 40 0 255 0 101 0 255 47 255 32 213 246 255 0 15 255 64 153 54 80
    184 191 119 174 28 17 134 216 0 0 255 0 234 161 107 172 0 255 244
    242 234 135 222 0 166 0 0 136 255 204 14 137 48 203 130 42 255 255
    159 255 7 5 133 85 30 123 0 118 0 166 0 213 0 27 255 255 246 19 255
    59 143 135 50 255 255 68 201 0 133 57 118 0 42 206 65 255 201 199 0
    184 15 177 31 72 101 255 255 139 180 44 25 0 106 255 135 0 0 0 25
    255 255 150 0 255 0 0 0 255 28 0 24 120 84 147 169 255 255 50 255
    212 0 255 169 212 17 140 255 255 163 255 255 0 249 0 156 218 89 224
    44 0 255 174 0 83 62 127 28 255 243 181 150 255 183 255 215 0 138
    175 255 255 0 35 52 102 223 203 0 0 130 119 255 81 255 0 0 119 0 162
    74 0 255 191 81 16 78 22 0 0 106 211 255 255 107 171 0 0 211 0 244
    35 255 82 143 183 159 0 0 170 0 0 0 255 234 0 139 26 255 106 176 105
    134 239 127 130 215 68 49 118 211 171 255 255 137 39 14 37 7 203 200
    104 172 182 255 11 153 40 255 255 239 70 30 0 235 142 1 172 59 0 210
    0 255 0 80 176 88 255 0 98 0 212 0 0 1 83 209 10 109 102 0 113 0 217
    178 171 255 97 201 184 0 184 147 255 172 193 255 171 255 90 133 214
    12 0 0 189 0 74 0 26 14 0 97 180 0 17 255 255 237 222 255 220 0 104
    56 194 225 84 154 131 94 255 255 0 222 0 64 161 184 179 65 236 39
    213 127 12 21 227 93 255 151 255 120 246 199 245 194 255 0 133 58 91
    92 38 0 0 0 240 90 245 207 0 85 167 22 17 255 128 174 182 0 255 120
    0 0 216 255 220 255 159 34 79 154 0 182 0 119 159 255 255 0 185 237
    108 84 238 19 0 99 0 82 57 255 0 114 18 218 130 138 137 45 255 198 0
    171 64 255 122 92 118 83 130 247 163 54 0 255 0 127 19 255 0 0 255
    91 246 200 0 255 172 159 132 200 248 238 50 255 255 140 239 234 255
    71 255 255 241 23 53 0 90 0 216 207 94 185 255 85 255 255 255 0 101
    184 0 221 177 0 206 180 255 255 238 126 0 247 255 130 128 185 69 178
    129 204 106 18 82 21 106 176 0 255 70 255 220 69 221 167 0 0 201 124
    0 10 225 255 193 0 45 255 55 55 255 4 0 234 198 166 107 100 255 27 0
    0 22 0 231 192 255 0 187 157 180 0 0 0 142 0 255 121 190 200 255 131
    0 134 135 157 61 137 208 255 255 30 255 0 1 106 0 100 216 10 153 156
    0 127 59 0 152 156 201 234 255 177 0 223 30 0 0 255 25 255 215 255
    115 255 255 199 255 255 255 64 0 221 167 0 235 219 85 2 42 108 255
    255 153 181 3 145 229 255 2 255 179 68 243 0 0 149 84 62 33 253 41
    55 86 69 0 38 86 131 233 17 207 255 155 127 114 62 0 255 24 178 169
    155 255 87 158 255 255 0 255 49 0 68 58 188 0 255 255 50 24 0 0 163
    0 0 248 0 123 216 202 172 255 84 145 155 165 109 255 0 0 0 127 0 239
    255 131 0 255 0 0 16 255 0 0 255 229 134 196 0 136 0 255 0 84 0 229
    255 174 240 248 255 2 17 0 0 185 73 249 163 255 242 225 155 32 55
    141 0 255 216 49 0 162 255 81 143 101 174 71 255 162 220 255 13 255
    209 38 127 0 35 118 121 134 224 136 33 255 0 255 255 0 149 0 29 197
    0 143 255 0 206 199 255 178 40 192 206 7 148 0 200 240 59 102 255 70
    148 0 255 49 250 50 151 238 229 142 0 255 205 132 217 255 248 249 56
    171 255 101 0 43 69 228 15 3 214 255 135 88 0 234 24 218 133 207 21
    188 233 255 108 23 208 0 0 101 89 215 255 51 0 244 104 0 255 240 78
    255 255 100 0 212 0 0 255 161 20 202 117 135 0 137 255 153 121 87 0
    0 135 21 0 255 254 0 60 164 255 115 144 255 255 126 0 51 0 196 112 0
    255 253 62 53 255 170 53 244 191 194 0 96 159 255 156 59 254 255 0
    255 56 33 0 0 255 0 192 102 89 255 41 255 6 6 75 7 255 61 200 0 255
    168 0 255 108 61 55 14 255 62 226 0 121 0 148 167 0 0 255 255 255 40
    97 141 221 0 87 54 57 238 0 128 255 0 170 39 0 255 0 86 255 255 255
    255 19 197 255 88 216 228 111 255 120 0 228 43 193 180 1 0 0 187 255
    201 153 255 217 103 26 228 255 170 0 255 255 0 88 132 0 255 120 255
    255 0 216 195 254 0 247 255 112 205 248 0 19 108 0 175 132 110 240
    233 0 212 52 134 0 36 0 25 132 62 33 167 64 255 255 255 0 255 0 63
    186 29 10 0 201 195 201 206 32 0 165 115 8 104 0 255 255 57 255 200
    0 156 9 254 139 0 120 2 122 0 255 142 154 85 255 100 0 65 0 23 223
    125 80 0 0 54 174 156 255 157 85 255 144 160 255 161 255 0 35 255
    164 213 105 68 106 57 177 255 83 170 255 211 255 255 6 166 154 0 111
    241 83 20 255 255 93 34 176 171 50 1 129 125 131 122 255 161 0 233
    64 0 26 217 228 127 255 142 65 255 0 197 53 0 0 255 247 59 233 0 255
    42 7 222 255 255 0 149 249 0 111 91 255 7 206 255 0 0 33 148 93 0 0
    203 174 0 0 234 255 193 71 255 238 255 195 9 5 74 99 0 255 109 255
    168 176 255 0 255 56 255 146 255 54 212 0 79 255 255 167 39 8 161 22
    204 153 128 165 0 131 196 0 20 203 0 221 255 0 14 183 33 255 255 255
    38 255 116 112 0 0 0 155 39 191 156 226 74 255 255 243 141 217 240 0
    0 255 0 251 130 0 255 61 249 255 0 44 129 0 74 197 0 53 211 174 172
    225 24 123 255 33 157 255 76 39 181 102 0 110 6 93 186 0 255 66 20
    32 0 3 0 0 149 116 47 238 108 144 36 166 120 0 255 119 17 74 138 0
    99 146 105 176 40 192 235 239 192 49 255 37 232 0 219 255 77 217 126
    67 0 18 0 27 255 117 0 7 255 0 0 120 61 29 0 0 189 15 0 10 196 124
    150 0 58 110 0 70 51 0 194 23 25 242 195 156 238 104 74 0 255 17 185
    100 47 66 170 205 191 26 225 255 255 75 119 255 255 160 255 149 6 0
    79 189 0 93 5 0 203 255 0 183 229 10 151 0 85 227 48 0 174 0 255 213
    168 255 197 255 0 73 0 65 5 111 187 33 0 71 223 255 165 115 196 255
    211 255 134 144 87 245 255 255 175 255 248 255 99 0 64 200 139 255
    255 122 155 255 61 205 171 246 87 113 238 1 0 0 175 176 173 239 0 75
    0 132 0 0 137 0 210 253 255 241 203 139 23 255 56 183 161 0 68 45 0
    221 161 0 155 237 102 255 166 133 51 255 226 94 249 30 63 82 0 63 54
    240 59 0 125 234 160 140 0 111 147 146 255 94 255 53 177 4 250 250
    255 206 213 2 255 113 60 255 243 147 0 31 192 101 105 112 255 180
    255 20 115 43 20 30 93 0 191 90 121 248 255 0 255 0 64 255 162 47
    255 149 168 46 103 167 144 133 0 40 240 255 78 255 27 38 0 103 255
    255 0 255 70 11 255 133 255 0 148 255 0 210 255 51 116 67 180 45 82
    255 211 49 255 255 0 255 255 0 0 7 0 139 255 174 61 57 248 0 37 74
    122 181 154 0 154 0 0 92 105 255 245 0 144 240 255 255 185 1 207 23
    121 240 150 169 227 15 230 91 157 48 97 198 223 0 0 192 11 130 0 95
    0 48 225 255 216 87 148 11 82 51 91 155 255 167 178 0 86 255 255 68
    34 109 96 0 255 255 255 255 254 70 118 255 248 82 0 255 221 255 155
    219 0 51 208 140 255 0 255 49 0 225 126 175 0 255 255 255 255 0 0
    255 0 243 0 93 0 239 138 40 107 31 0 119 0 0 247 255 0 255 255 2 63
    206 3 55 252 224 255 178 255 253 116 97 0 27 255 110 255 150 123 182
    244 235 138 255 118 179 64 203 255 0 255 255 255 161 255 0 242 0 93
    0 255 26 247 239 191 177 94 255 35 255 255 239 151 43 250 255 112
    146 172 0 102 143 255 0 0 184 0 91 255 0 0 228 50 255 10 255 0 20 95
    0 29 255 24 180 227 255 255 180 0 175 255 196 0 255 255 47 197 137
    54 0 112 0 154 184 255 63 87 242 0 77 106 255 15 10 169 28 100 0 255
    17 182 0 0 13 10 0 33 18 255 255 178 0 255 155 248 147 0 223 255 0
    231 135 20 77 0 0 9 130 116 160 128 0 204 0 185 165 189 20 255 255 0
    127 255 129 245 130 122 255 255 153 176 247 0 255 84 201 75 188 156
    70 255 35 86 27 243 0 76 254 247 190 48 0 207 255 118 27 0 228 255 0
    47 255 0 24 0 29 95 0 255 0 255 113 90 0 0 28 131 0 22 196 95 198 0
    68 72 25 220 255 183 255 117 255 3 174 85 72 121 239 255 255 0 255
    153 237 143 106 151 70 0 41 27 45 149 121 0 177 255 255 0 0 147 254
    111 255 255 255 73 255 51 223 143 0 0 255 187 223 0 255 151 232 136
    0 20 0 255 95 255 209 153 245 0 242 102 64 31 75 101 53 251 0 134 0
    148 185 255 86 72 182 0 198 48 83 0 4 127 255 255 112 143 13 255 59
    138 222 0 0 11 0 255 255 255 255 0 154 185 200 0 0 255 58 60 34 210
    189 255 149 227 137 114 180 26 23 120 142 255 250 32 255 29 240 255
    149 255 114 204 29 0 12 54 84 2 93 252 59 12 255 59 255 0 255 51 57
    255 65 225 0 54 255 0 0 255 255 0 88 255 185 255 0 47 157 255 0 250
    255 207 171 5 120 92 63 117 0 158 0 125 145 0 67 94 40 108 95 255 0
    11 255 255 0 0 0 0 255 182 246 62 190 16 18 0 0 12 0 214 240 109 141
    0 0 0 255 74 172 255 255 113 29 157 241 0 255 116 124 147 34 35 117
    151 255 85 94 255 0 34 255 255 248 167 0 6 163 255 0 130 255 80 232
    186 242 0 255 175 35 0 0 30 0 6 233 7 30 209 128 50 255 22 0 14 255
    0 255 138 217 135 209 255 43 255 149 1 0 0 0 47 53 255 76 255 241 56
    0 195 121 0 200 70 17 0 2 6 142 238 184 255 93 255 185 0 51 255 255
    19 5 20 39 0 77 176 217 0 173 43 255 18 159 25 255 255 255 8 255 128
    52 163 225 236 239 225 59 74 25 39 0 227 244 151 17 206 151 28 112
    175 255 0 255 48 0 248 138 0 228 174 167 193 234 0 84 115 172 214 11
    0 194 190 0 87 0 82 255 255 120 101 0 92 155 0 12 143 48 115 152 255
    254 0 97 173 228 185 0 200 237 41 0 111 23 228 0 0 255 206 229 20 0
    0 107 0 197 225 255 0 150 155 0 0 0 178 212 0 227 246 254 124 24 255
    255 0 255 102 188 255 255 255 142 198 154 31 227 38 190 0 255 115
    210 33 106 238 216 255 0 98 45 93 255 255 207 0 142 173 255 255 52
    255 244 141 146 210 239 153 0 234 0 0 0 128 47 94 18 75 68 85 227
    225 0 85 0 215 0 182 241 46 16 219 255 1 47 255 223 22 174 0 0 0 143
    0 0 158 255 255 255 67 146 17 255 214 93 255 0 155 97 7 118 220 255
    255 212 214 188 52 255 174 69 0 0 128 93 246 214 0 248 191 240 56 22
    167 164 133 175 19 148 86 206 212 1 0 177 255 255 118 255 153 72 33
    0 8 89 95 130 61 106 14 223 253 183 255 255 0 0 246 255 87 0 255 140
    255 255 152 255 255 224 46 0 161 255 2 182 158 218 75 84 0 105 143
    101 173 0 2 100 98 106 0 255 255 28 146 215 58 39 0 176 215 168 0 0
    97 0 178 0 137 169 0 152 252 89 255 135 0 225 255 63 255 172 0 255
    83 155 99 240 237 178 198 0 23 185 217 9 213 0 49 232 226 225 255
    250 68 0 2 191 255 51 195 223 0 0 201 196 230 255 163 0 182 129 255
    92 255 255 133 255 0 150 75 83 19 67 222 70 98 134 0 0 255 0 0 0 255
    205 0 255 185 0 0 221 255 12 228 68 201 0 255 133 90 255 141 255 85
    59 255 73 221 0 112 126 253 255 0 4 35 255 255 205 251 171 255 176
    221 250 0 255 59 59 81 3 255 126 255 255 177 251 0 70 255 255 228
    217 0 156 0 218 255 44 180 202 125 0 201 255 72 215 237 174 0 255
    205 0 246 76 0 161 204 0 132 136 207 163 255 34 13 0 0 255 60 0 173
    225 0 206 64 241 255 207 19 61 26 0 231 214 255 84 7 0 0 17 0 233
    255 187 255 255 142 0 17 50 45 0 0 181 185 248 0 191 229 179 145 43
    255 85 8 253 8 255 229 255 142 63 8 166 138 230 121 110 0 43 255 7
    191 40 142 78 223 0 0 0 1 51 226 63 192 0 193 136 230 255 255 0 52
    188 70 255 43 15 255 181 255 255 0 0 255 39 0 255 255 240 0 164 255
    0 224 210 77 255 255 199 225 0 104 0 0 121 115 164 36 12 255 217 255
    73 196 136 4 0 138 0 72 188 59 197 255 42 255 0 128 129 231 221 248
    174 13 176 231 255 255 255 219 0 125 121 56 255 184 182 107 0 129
    229 0 142 207 0 143 0 162 2 225 69 154 255 171 16 80 255 112 51 0 22
    201 250 0 8 90 142 101 195 74 198 255 204 22 0 83 0 118 206 114 241
    0 255 0 255 17 164 71 0 255 0 87 51 207 255 0 25 40 210 88 22 0 47
    233 110 162 149 111 71 24 255 255 5 255 80 148 197 5 120 120 187 0
    183 255 96 139 255 0 16 255 255 166 228 202 129 101 56 18 245 196
    255 149 111 255 105 0 137 28 0 0 0 105 211 168 0 255 50 135 255 69
    74 0 0 243 0 68 209 208 135 4 156 200 65 120 138 103 0 38 203 94 13
    255 13 255 206 246 115 50 170 181 255 123 1 169 174 1 0 71 89 255 98
    158 255 255 21 152 118 97 5 91 35 197 255 0 0 0 0 0 66 145 233 0 255
    255 165 255 208 255 255 0 255 130 224 0 201 0 171 0 255 255 30 255
    255 255 130 132 31 55 67 28 0 255 129 17 107 0 42 0 53 32 0 213 160
    176 83 138 219 0 255 139 231 255 153 215 73 97 125 181 210 103 88
    106 0 0 255 200 222 96 14 200 0 186 146 255 218 255 0 20 255 0 255
    240 99 60 82 17 154 76 28 0 116 67 195 255 135 225 6 144 90 138 255
    11 88 255 23 0 211 25 88 42 0 0 0 131 0 226 226 234 112 0 255 131 0
    255 0 0 6 0 0 213 168 255 121 11 236 0 255 255 0 116 180 252 235 162
    202 0 0 59 255 200 59 32 255 0 255 177 144 81 151 255 92 9 13 0 64
    230 175 127 0 96 255 234 102 210 141 162 45 255 189 0 0 220 95 84 0
    0 255 200 171 17 91 225 255 13 234 18 115 68 0 111 123 2 0 255 197
    97 48 195 255 70 224 220 141 255 29 173 122 0 197 255 255 255 255 0
    255 120 94 55 0 255 252 255 32 129 109 64 148 200 18 255 255 32 0
    160 183 255 45 122 255 0 0 216 87 21 118 131 252 20 255 22 170 159
    147 0 8 20 255 62 181 255 199 230 255 240 148 255 185 39 117 6 133 0
    0 207 0 143 255 0 39 154 255 154 166 73 165 143 206 0 0 17 0 255 40
    255 0 255 90 0 255 255 81 0 234 58 27 4 254 51 18 29 0 59 255 255
    255 147 150 0 157 154 0 0 139 0 0 218 42 0 144 216 251 87 255 213 0
    115 72 14 49 246 135 0 0 32 0 118 147 194 101 172 134 189 98 179 90
    168 0 135 234 252 0 42 129 0 30 25 0 216 0 1 71 157 255 98 255 0 0
    35 0 0 0 246 255 245 255 185 81 220 31 0 189 0 240 167 0 147 89 217
    255 193 236 99 29 46 220 104 0 177 130 97 0 64 137 164 255 0 195 129
    0 0 255 17 214 255 0 114 52 215 255 101 61 237 172 0 60 255 139 91
    255 255 255 15 255 249 102 0 189 0 218 0 188 66 94 85 31 202 51 127
    57 24 38 223 14 125 28 74 146 157 255 165 255 255 127 65 166 0 11
    255 0 1 0 255 180 191 32 233 99 0 228 154 47 32 0 77 99 230 255 143
    174 45 12 37 208 255 191 74 255 26 0 255 136 255 65 171 0 255 255
    255 146 245 16 7 237 0 218 0 255 239 0 255 92 94 23 255 99 124 232 0
    0 255 68 255 31 91 202 203 41 0 0 255 65 23 209 119 88 0 255 0 118
    190 88 165 28 68 255 255 255 0 191 0 54 0 138 56 199 78 198 179 66
    255 158 0 138 36 14 109 109 0 165 223 136 141 0 255 255 132 255 178
    232 64 142 192 0 0 102 0 255 255 221 0 142 22 185 0 70 255 44 127
    200 19 0 255 102 255 16 4 252 0 255 9 169 0 255 255 113 121 191 205
    153 54 255 47 214 135 255 0 255 142 184 177 77 0 219 0 0 70 255 0
    255 27 0 145 0 255 0 217 255 0 43 44 71 108 44 255 188 255 255 0 144
    0 210 0 0 255 244 255 221 34 55 225 25 0 41 0 255 0 125 124 94 111
    100 7 255 0 158 51 113 11 255 255 226 22 11 154 39 138 10 107 233
    242 111 0 255 255 13 255 129 31 19 255 255 224 135 74 0 140 174 255
    56 252 243 255 190 0 128 94 92 27 0 0 211 63 148 94 0 116 115 3 68
    99 77 196 122 213 0 110 60 255 213 165 164 183 218 142 222 193 199
    255 220 0 146 186 0 184 255 150 255 225 24 22 93 255 250 245 247 74
    0 39 0 49 247 255 81 170 255 253 1 255 243 25 255 30 0 104 188 243
    255 195 0 157 185 146 224 108 101 0 154 65 54 99 255 243 0 45 231 54
    0 173 5 184 99 0 105 255 97 0 49 255 79 0 143 5 199 34 0 97 0 255
    222 93 193 0 209 144 21 18 103 255 106 67 73 24 244 148 177 0 8 175
    234 212 94 218 66 172 207 234 0 255 181 255 135 0 255 255 90 255 255
    100 187 50 102 104 154 255 236 28 0 155 255 0 255 255 255 73 95 38
    255 127 255 77 0 98 0 110 0 158 245 0 0 30 245 104 42 0 0 255 223
    255 73 17 0 68 192 125 190 200 247 233 14 187 147 0 0 52 146 18 146
    13 255 184 5 255 12 205 255 12 244 229 0 0 59 232 4 169 0 120 255
    255 84 255 0 0 56 241 12 255 85 21 200 61 21 255 255 177 0 89 97 255
    57 255 0 255 106 255 242 255 185 245 231 250 140 240 0 86 86 0 255 0
    0 255 228 82 61 0 29 255 35 186 160 142 53 199 0 13 249 84 215 229
    205 255 182 255 124 251 255 98 178 255 0 20 208 129 255 88 139 255
    174 0 21 88 158 96 140 248 0 255 255 252 106 208 0 255 192 255 76 99
    213 0 38 255 255 184 21 255 255 174 255 255 29 82 0 149 207 211 255
    82 31 255 0 250 178 115 0 255 0 230 46 119 149 128 243 0 0 236 0 90
    139 94 243 97 16 6 35 4 229 255 0 248 0 64 23 58 255 7 71 159 0 73
    52 104 174 0 207 183 0 133 0 255 67 233 255 255 255 255 0 91 212 171
    92 255 152 37 255 180 245 70 97 0 255 203 194 0 213 71 49 76 255 255
    91 136 0 0 63 0 46 111 162 237 0 0 188 101 48 255 42 255 95 0 255
    190 73 255 89 0 238 255 205 145 250 225 255 232 91 255 189 169 174
    225 255 255 177 255 89 255 13 136 55 12 26 89 0 0 255 159 47 255 58
    33 107 195 206 78 0 255 83 255 86 56 51 154 0 231 190 14 12 116 0
    214 255 152 26 13 238 207 14 53 0 62 239 255 44 0 255 0 0 190 252 69
    181 255 160 40 255 81 0 98 87 0 34 0 91 222 70 57 33 255 155 255 51
    0 106 174 200 105 192 87 199 0 65 0 255 255 176 16 78 0 255 228 63
    255 171 189 255 28 216 255 0 255 0 204 0 16 233 111 197 13 156 240
    255 104 173 72 5 93 0 255 0 188 41 0 255 146 224 255 130 254 100 120
    76 230 140 165 216 226 0 108 255 0 56 161 92 9 238 0 76 0 147 0 28
    255 0 85 211 189 169 190 255 255 0 113 255 0 90 236 168 10 214 71
    255 31 255 2 255 0 29 202 90 207 6 138 157 255 135 77 255 98 0 166
    242 214 87 0 100 12 0 255 34 72 91 189 244 30 211 255 167 255 224
    249 140 0 115 73 251 85 0 0 32 62 46 248 255 8 0 21 188 117 211 87
    68 213 170 141 255 47 82 0 177 172 101 0 28 112 191 255 255 55 226
    193 213 186 255 12 239 255 65 0 255 255 133 0 44 0 88 0 83 255 0 181
    240 173 255 82 247 199 95 178 255 56 232 61 167 255 205 100 228 194
    255 90 181 255 246 255 97 0 159 255 255 180 0 89 255 255 10 172 214
    218 255 237 0 203 255 42 0 75 35 49 65 121 253 255 0 143 175 174 0
    140 255 0 123 255 118 148 219 30 48 0 143 6 246 175 161 200 0 0 0
    255 0 0 181 157 4 153 128 201 0 101 0 0 75 115 255 255 124 77 255
    255 0 159 255 123 81 5 0 0 15 20 0 150 240 255 255 67 255 0 0 79 131
    255 5 0 0 0 255 52 0 37 195 143 13 219 255 145 0 254 222 14 112 0 82
    0 255 87 97 255 80 211 255 189 153 69 255 130 0 194 147 124 2 255 0
    219 255 0 0 106 0 142 0 4 39 245 223 238 255 62 255 8 15 0 255 93
    255 255 255 118 25 167 0 0 28 0 17 153 255 96 0 0 131 151 255 78 32
    27 33 255 133 78 63 255 242 255 0 255 0 179 36 0 216 0 255 129 0 115
    235 238 43 0 255 255 20 0 238 10 187 0 255 88 76 255 2 172 192 53 0
    177 50 177 255 42 255 196 0 50 183 255 67 22 133 255 219 110 181 20
    39 119 255 54 0 234 175 233 147 219 255 56 0 255 255 30 129 117 255
    225 23 229 197 207 149 21 178 162 255 0 255 114 175 0 202 0 72 12 0
    200 255 141 255 229 255 72 102 255 239 255 77 0 76 157 218 49 255
    210 255 0 255 168 76 243 22 124 30 172 32 0 0 101 178 215 115 171
    255 165 0 0 179 36 255 105 0 60 7 253 0 255 187 0 132 99 138 255 165
    0 0 76 99 255 161 217 255 214 179 255 0 0 60 50 100 242 214 136 141
    255 0 255 86 0 255 255 233 52 105 255 239 255 47 0 53 214 0 0 132 0
    255 14 169 255 184 126 98 73 43 252 31 105 232 0 0 255 255 47 255
    111 177 63 37 6 83 0 167 200 36 220 216 255 114 0 47 193 45 162 0
    220 113 243 255 60 87 28 191 8 0 6 106 155 255 78 200 189 220 105
    184 125 179 185 108 10 47 72 50 180 21 0 124 0 255 255 176 232 255
    93 255 255 227 18 92 0 255 30 255 201 165 175 175 161 0 255 250 107
    114 208 239 0 58 255 245 153 52 64 44 234 11 255 0 181 19 166 179 21
    167 100 141 0 0 207 0 137 95 0 246 34 251 84 97 191 220 150 72 255
    255 255 255 16 154 125 252 255 255 246 227 42 116 61 73 0 0 0 26 0 0
    71 0 204 38 255 255 143 185 255 0 207 255 216 220 0 255 111 0 0 123
    146 0 215 124 219 0 151 113 255 252 141 156 255 110 183 0 0 255 184
    57 0 222 202 201 255 209 0 211 60 0 0 0 0 0 54 255 230 0 80 13 0 128
    37 240 68 0 83 181 255 0 107 0 130 194 0 0 158 36 160 255 179 255
    222 241 255 119 255 255 174 255 172 255 255 181 160 255 195 0 0 0
    191 155 124 255 188 255 190 126 0 115 252 255 0 100 209 30 68 48 255
    27 0 243 0 129 0 0 107 28 82 95 0 23 165 0 66 120 255 0 33 133 143
    255 255 255 255 61 147 255 206 0 0 0 255 86 115 222 231 242 0 169 96
    229 139 255 132 162 156 235 162 174 251 161 178 57 202 37 140 255 6
    72 0 255 244 72 18 224 48 143 107 0 193 59 62 133 16 255 253 255 255
    243 255 71 255 255 200 0 0 255 241 155 0 13 255 0 0 222 0 214 145
    115 0 171 0 0 242 228 255 112 255 65 147 177 174 164 167 191 0 255
    254 214 244 0 140 24 112 9 18 255 255 0 94 255 0 0 255 255 0 255 128
    45 178 237 212 0 0 0 66 171 0 36 255 167 160 101 240 0 54 233 0 84 0
    39 49 197 81 255 255 112 58 249 255 255 255 0 127 78 0 21 74 0 217
    255 0 71 88 238 113 0 255 179 255 82 0 17 255 26 0 255 255 233 255
    255 255 98 255 218 132 255 250 0 8 77 155 0 61 76 255 0 0 0 6 97 0 0
    227 255 255 177 156 208 73 154 255 170 234 0 0 182 219 11 252 0 86 0
    114 208 255 131 255 20 118 202 155 79 210 61 242 115 186 238 0 169
    194 190 149 51 0 255 0 0 255 198 219 217 255 77 16 255 217 255 86
    141 196 67 144 0 28 89 255 255 149 8 61 0 16 176 147 48 147 255 152
    20 216 151 14 105 116 255 65 102 219 160 67 255 152 255 0 0 248 0
    117 255 135 255 124 0 137 255 167 218 0 180 0 162 35 54 34 255 0 0
    255 0 223 255 54 146 194 255 255 255 77 193 0 255 181 178 255 0 152
    59 255 31 78 180 0 7 133 0 0 171 80 255 221 30 20 20 0 36 113 48 255
    79 118 46 0 255 125 255 0 93 37 0 255 84 209 255 155 0 6 224 104 0
    129 0 206 119 0 0 255 13 197 0 0 170 105 255 246 33 57 251 31 154 52
    212 0 255 31 114 0 99 0 159 0 0 237 255 0 0 62 238 252 101 255 26
    255 135 255 0 245 255 109 108 192 45 34 57 0 244 0 44 193 255 0 169
    0 7 144 0 255 0 247 255 255 255 0 0 255 255 255 255 255 255 137 47 0
    255 0 81 0 0 166 213 42 227 255 255 255 206 221 255 146 255 148 59
    216 255 86 124 255 161 220 52 0 192 0 98 76 0 110 168 52 66 255 66 0
    0 232 6 199 155 0 206 109 0 68 92 8 75 245 16 232 61 255 106 255 255
    0 71 167 89 255 255 255 255 0 0 255 171 183 102 0 108 217 0 183 0 47
    255 104 53 229 96 250 30 68 247 0 56 0 236 137 187 255 39 0 255 159
    255 139 70 240 109 0 255 36 119 212 96 195 133 255 157 115 176 0 212
    0 210 134 33 231 40 180 0 0 0 0 255 231 0 255 87 251 152 255 18 159
    255 184 32 0 74 213 128 0 13 137 255 1 253 0 6 197 0 136 106 123 255
    255 57 96 192 9 255 255 0 194 255 168 192 255 67 57 0 253 255 255
    255 120 0 138 55 168 154 255 0 211 8 58 0 0 15 96 255 15 14 0 0 159
    255 0 123 129 70 0 149 38 134 39 70 129 242 148 86 65 47 147 183 156
    255 192 80 68 255 255 18 184 222 255 0 255 255 90 166 175 242 7 217
    0 0 255 0 226 8 255 221 0 0 22 66 174 255 0 226 255 65 169 255 0 15
    156 158 66 39 125 148 133 57 5 28 46 44 224 255 67 255 255 159 255
    108 177 0 0 255 130 0 164 38 129 151 214 0 239 129 48 172 125 137 0
    222 255 206 124 255 50 162 190 90 21 21 255 0 176 0 0 255 219 0 174
    255 0 0 0 86 23 255 13 255 225 255 211 255 255 0 255 255 255 64 37
    255 0 143 103 0 222 29 255 255 214 170 199 0 90 204 223 104 208 242
    237 59 190 255 255 161 63 8 234 202 255 0 0 130 0 211 0 172 0 105 0
    0 183 204 157 75 38 188 127 184 255 21 15 148 255 126 0 157 180 0
    243 133 78 255 148 170 0 179 41 255 84 216 0 62 5 127 173 73 155 0 0
    255 255 0 255 63 129 0 12 205 119 4 49 227 10 2 239 29 0 230 255 246
    108 82 10 55 40 147 217 72 67 31 192 0 97 0 0 153 255 110 255 74 255
    68 0 174 239 0 74 0 241 0 0 215 255 255 99 7 255 0 173 188 96 11 255
    131 240 0 156 101 166 0 19 6 148 65 255 30 224 248 255 110 26 220 69
    164 218 0 186 84 255 149 0 255 0 255 237 195 176 255 202 0 253 40 43
    255 23 0 210 11 0 7 185 22 193 0 251 255 255 255 82 255 227 8 0 0
    159 7 29 0 182 0 112 120 21 73 158 163 66 106 128 79 0 0 66 220 0 49
    211 241 240 0 8 172 0 18 62 20 255 152 255 0 248 158 46 12 106 255
    52 0 0 31 255 255 171 198 255 140 0 96 69 29 43 255 74 115 99 173
    235 0 238 227 255 96 101 0 150 106 31 114 0 1 208 238 83 255 103 248
    176 44 0 163 0 201 0 0 51 0 143 255 255 0 255 255 210 0 173 0 147 27
    14 223 180 0 47 255 231 220 0 255 0 228 181 255 0 255 43 198 0 46
    211 255 17 15 255 245 255 120 230 87 68 0 211 0 0 85 106 198 162 157
    221 222 182 255 80 242 119 255 255 91 110 224 0 4 82 96 228 83 207
    53 0 255 255 0 70 255 78 190 55 67 0 255 208 211 117 255 255 0 255 0
    130 17 65 203 0 255 9 0 73 164 105 43 255 255 255 0 98 168 148 122
    160 255 0 55 255 131 59 220 167 0 239 182 213 11 13 47 255 20 0 255
    163 210 255 0 0 0 198 0 255 154 84 255 54 255 116 113 181 255 37 0 0
    118 37 15 0 239 35 126 255 0 0 51 255 77 230 167 191 165 0 255 213
    255 255 61 188 74 76 0 0 253 120 85 255 131 0 0 251 255 81 236 91 0
    255 91 248 188 224 255 189 255 107 88 0 255 63 38 255 133 0 255 159
    25 220 218 85 6 255 230 160 78 57 255 255 115 0 170 255 0 4 229 0
    255 255 0 132 0 138 0 25 103 116 255 255 200 255 255 223 255 237 0
    178 255 255 0 224 250 70 220 255 150 198 56 0 99 204 193 255 94 255
    61 99 105 255 55 139 141 0 255 251 0 174 248 138 134 221 127 224 129
    255 7 0 255 193 0 250 255 57 0 105 9 2 233 0 126 255 0 0 255 159 252
    25 92 29 82 255 240 60 102 77 126 0 17 224 255 197 217 162 217 211 0
    177 247 255 114 179 205 183 255 205 255 101 188 255 255 255 186 255
    255 0 155 255 255 88 181 255 56 255 160 60 244 15 94 251 0 85 255 91
    255 41 243 166 104 199 255 44 179 0 227 117 44 143 146 66 197 1 239
    235 23 96 0 195 202 255 180 179 0 151 65 178 247 34 4 229 0 227 201
    0 39 230 0 118 0 0 233 160 32 42 5 37 208 255 0 0 0 5 245 185 235
    130 236 183 253 255 116 255 0 163 5 82 217 136 73 56 162 223 53 0
    255 0 0 4 204 0 0 255 69 255 210 58 200 219 0 0 79 155 0 86 161 93
    255 0 0 42 0 105 226 150 0 0 87 186 229 255 172 255 255 37 53 198
    226 181 255 0 239 129 148 0 0 76 227 95 66 228 29 180 255 121 35 167
    0 255 215 253 92 21 113 0 133 255 255 255 194 133 0 35 124 27 94 255
    14 0 255 255 53 50 255 225 255 45 255 225 184 250 157 255 0 55 195
    123 0 80 170 0 255 255 118 0 53 208 0 26 0 255 25 154 255 4 141 255
    75 146 205 91 135 0 135 0 30 9 211 208 49 83 0 0 132 235 0 255 255
    140 107 255 0 167 205 144 255 255 61 122 0 132 242 70 206 173 0 56
    91 32 192 118 0 255 202 49 0 0 93 187 0 0 255 87 0 239 255 255 129
    217 251 11 2 100 255 255 255 255 155 0 255 16 43 255 255 184 244 103
    123 31 255 208 214 91 255 255 0 254 26 198 255 126 0 153 85 130 208
    56 12 103 255 0 72 117 37 253 96 53 222 146 104 0 28 31 163 213 0 41
    0 107 0 236 0 0 68 255 169 129 255 106 188 166 185 61 238 143 95 116
    150 255 0 49 0 145 255 159 159 86 200 138 255 211 238 255 113 0 220
    0 35 182 255 0 255 0 116 255 0 193 195 121 191 0 255 63 11 50 255 0
    213 188 188 255 0 255 60 0 0 68 99 225 0 0 255 62 22 0 45 20 0 103 0
    7 255 44 86 255 215 221 228 100 255 0 220 253 0 96 212 17 255 195
    211 255 255 0 179 221 90 0 119 255 0 20 153 0 255 254 96 255 0 231 0
    113 195 100 10 155 199 3 0 106 255 23 108 0 65 188 145 9 251 80 146
    214 255 0 0 255 255 174 119 94 252 191 255 190 255 115 89 59 110 45
    116 189 0 114 55 0 94 104 0 0 185 31 236 221 0 82 0 255 153 62 120
    255 189 160 87 133 0 229 0 0 213 11 95 0 255 117 114 255 255 214 171
    255 162 114 222 255 84 69 255 131 255 255 150 196 0 158 202 0 11 121
    0 0 0 246 224 53 174 125 166 255 117 255 93 217 0 0 8 132 2 232 70
    30 220 72 0 0 174 255 166 171 255 206 86 255 141 24 255 118 238 87
    255 0 255 217 169 222 71 19 13 153 103 255 207 137 53 255 177 0 0
    230 255 83 148 0 164 135 87 148 172 252 0 38 127 169 4 172 52 36 255
    151 0 0 49 240 255 129 235 103 0 255 171 143 108 0 255 242 0 0 139
    255 6 0 253 237 255 63 0 0 107 151 0 160 255 255 50 255 9 31 100 112
    67 68 255 80 205 45 218 204 0 142 193 18 245 0 197 235 23 255 221
    207 0 235 255 255 255 145 157 255 94 16 102 0 206 255 98 4 233 122
    210 0 255 73 195 255 0 230 0 251 178 0 41 161 81 3 21 188 90 54 204
    216 111 231 44 73 203 255 170 85 255 70 0 18 0 255 172 181 89 67 8
    242 255 17 140 209 215 255 255 106 255 0 0 88 255 92 137 92 255 46 0
    255 82 168 42 157 196 223 75 143 67 202 0 255 248 73 86 1 147 0 0 0
    71 255 0 41 255 152 246 212 95 128 87 83 255 93 234 255 40 24 255
    196 0 244 255 255 1 81 255 0 48 243 255 242 248 232 153 255 61 88 0
    32 156 110 161 49 241 255 255 241 148 156 13 81 134 87 46 86 156 0
    255 0 193 78 0 96 255 255 183 255 130 0 5 0 129 255 0 0 0 0 196 87
    159 121 34 255 11 127 0 1 250 175 22 255 0 77 255 167 199 210 0 0 0
    101 127 178 104 4 5 0 0 0 58 130 219 3 86 0 255 119 0 255 0 94 255
    109 255 255 222 93 0 255 236 91 114 0 185 26 184 0 89 227 170 190
    255 233 38 98 255 128 129 255 0 136 141 184 183 255 0 168 137 0 156
    172 130 248 0 233 255 0 255 157 233 0 176 255 143 0 155 255 30 255
    255 131 99 255 27 83 255 228 206 205 142 0 0 0 0 0 39 77 255 26 0
    147 111 0 213 209 251 77 0 255 0 0 140 193 2 179 61 0 0 95 87 255 49
    0 255 0 255 255 0 255 6 129 59 255 255 235 255 255 118 19 255 255
    219 27 177 163 255 130 255 0 139 214 0 33 255 255 0 74 244 223 255 0
    68 69 102 55 177 63 15 215 0 191 152 108 222 0 38 214 0 0 0 121 82 0
    0 106 224 0 255 180 0 39 60 240 99 255 0 179 255 129 0 77 0 225 0 7
    0 64 65 144 0 20 255 22 0 188 169 255 235 165 106 0 16 3 26 83 21
    248 0 254 255 255 216 182 35 68 255 204 0 255 140 66 255 255 69 63
    163 40 49 117 181 0 165 255 183 139 242 72 255 0 12 93 0 255 255 255
    255 0 33 255 0 106 255 127 120 0 255 0 237 164 119 255 0 255 195 255
    255 238 212 255 255 255 52 80 255 185 188 119 0 245 116 34 46 201 81
    0 44 255 180 255 190 0 255 217 255 11 0 206 0 0 10 191 255 255 22
    255 144 0 174 57 255 255 192 1 243 255 113 255 131 255 0 255 239 0
    33 68 0 0 233 114 255 157 0 167 255 14 152 255 117 51 6 93 55 194
    207 252 0 169 103 176 0 147 30 198 72 184 38 0 219 180 227 177 255
    255 152 0 72 114 255 222 252 115 45 41 111 200 0 1 255 238 0 111 166
    111 51 255 30 255 48 255 73 53 0 139 224 0 244 30 245 107 249 38 0
    52 0 52 255 81 137 201 48 255 251 0 0 255 31 221 255 73 0 255 0 127
    255 33 12 4 82 255 0 202 0 0 21 255 193 192 255 61 7 137 255 255 23
    247 12 18 145 127 40 254 0 95 112 126 4 54 255 0 121 37 131 0 0 62
    158 144 0 5 165 0 160 91 255 61 161 106 255 230 29 190 230 0 155 0
    14 8 255 45 132 255 123 0 154 82 45 55 252 180 0 255 94 46 15 255 0
    3 0 156 21 229 206 0 210 97 255 0 0 47 73 198 255 0 0 0 0 96 31 68
    42 138 0 90 15 88 255 135 130 189 255 255 134 255 66 255 0 122 51 46
    162 130 0 18 0 207 255 255 228 146 0 144 255 18 211 232 218 218 14
    255 0 173 173 255 255 0 93 211 121 4 175 46 255 186 234 0 167 254
    185 0 255 0 0 147 0 255 157 255 206 255 228 148 75 154 0 69 0 33 255
    233 0 47 188 0 255 37 114 107 59 229 255 11 31 36 255 255 84 91 0
    255 0 26 215 255 0 255 78 90 239 32 0 252 35 0 0 0 0 255 215 255 10
    151 255 185 213 79 152 0 255 61 0 65 255 6 0 255 0 255 254 0 0 22 80
    141 174 255 53 222 34 106 238 114 141 62 245 0 163 187 210 87 255
    143 215 178 255 0 38 255 255 213 219 66 19 0 117 0 55 171 255 56 255
    255 0 199 255 7 20 85 0 0 146 255 73 255 89 65 0 174 92 0 164 113 19
    123 89 116 51 198 0 0 118 0 255 137 35 16 29 176 172 78 0 0 255 149
    46 99 179 206 70 167 255 255 30 78 106 255 0 107 255 255 255 255 255
    191 0 255 0 233 255 170 36 255 0 44 59 219 23 0 228 178 2 0 209 0 26
    200 255 255 227 240 202 146 255 255 255 144 0 83 5 0 255 0 206 255
    85 255 12 71 96 0 255 126 29 123 80 191 255 179 125 62 98 255 11 0
    134 141 127 255 91 37 182 144 156 0 0 156 0 255 204 223 139 18 92
    144 186 153 140 15 41 68 145 0 170 200 181 255 219 132 172 0 182 64
    255 250 7 246 247 91 0 25 9 112 194 0 61 255 255 255 255 95 22 33
    255 207 0 0 0 42 0 49 0 176 0 196 135 39 79 0 47 20 0 136 214 255
    172 36 213 47 76 0 171 195 190 167 255 255 129 122 255 225 0 120 255
    255 255 211 255 255 112 255 137 27 17 0 124 7 0 167 185 65 61 202 83
    0 255 63 255 7 188 47 0 165 196 35 225 167 0 0 102 126 194 36 255
    255 75 255 255 0 238 204 255 8 202 240 126 0 0 0 162 210 74 178 0
    203 123 236 82 89 78 44 40 198 255 16 43 89 0 159 255 254 204 76 167
    255 49 0 0 255 177 192 203 118 0 0 255 255 255 130 255 39 219 2 103
    93 83 95 97 0 255 135 179 90 171 255 203 0 169 154 0 77 255 75 109
    140 173 0 0 244 204 0 87 216 36 235 0 233 255 130 101 227 127 204 85
    213 229 167 84 0 169 170 36 130 0 23 88 255 255 255 27 197 23 4 128
    102 186 180 108 124 80 187 255 62 0 255 147 255 255 255 110 117 2 0
    20 200 75 165 27 12 0 114 105 240 119 94 45 25 42 167 76 0 255 105
    55 255 73 24 52 255 138 224 255 0 241 188 0 255 154 255 151 97 92 58
    252 236 6 231 22 168 232 255 157 19 0 0 48 0 0 0 163 61 173 116 0
    209 18 171 20 84 144 70 78 223 132 161 128 201 0 255 206 159 255 175
    255 0 0 4 20 0 42 0 15 28 0 255 182 59 32 0 189 108 210 255 82 255
    255 255 158 167 36 0 255 53 0 159 0 253 155 0 66 201 34 61 255 255
    129 0 113 123 0 81 138 132 255 192 5 37 207 87 0 255 44 98 255 0 116
    255 255 20 255 47 246 219 148 255 0 0 255 213 11 43 179 201 255 208
    250 186 156 254 255 233 128 75 47 79 42 254 255 0 0 255 255 0 208
    255 0 234 255 255 122 255 0 0 201 15 0 0 214 78 194 249 144 0 132 80
    113 0 59 0 207 175 76 57 71 255 0 95 244 182 229 0 36 0 20 141 50 54
    212 215 4 47 0 0 0 237 35 0 215 64 255 242 255 255 255 95 255 0 71
    23 0 249 250 50 255 223 123 251 148 0 102 65 0 0 0 255 0 31 255 5 50
    170 107 255 135 255 0 233 245 171 92 0 227 236 36 127 0 48 227 56
    232 174 233 177 220 179 255 214 0 255 0 236 255 214 250 117 105 253
    222 0 255 130 65 171 255 255 73 0 21 255 55 163 255 0 19 128 0 39
    130 0 77 229 152 210 254 255 255 156 13 0 0 138 218 128 0 255 26 30
    0 255 2 255 0 48 0 81 255 49 184 104 177 114 161 178 186 200 255 255
    200 86 0 0 82 255 0 0 80 220 91 106 160 0 247 0 101 226 117 255 136
    127 128 60 0 112 57 250 0 79 0 0 118 80 255 0 165 20 254 56 0 56 100
    128 186 243 161 255 129 140 255 132 0 255 156 216 255 0 110 0 152 72
    30 251 38 255 255 255 190 0 96 255 198 255 134 32 254 214 102 168
    108 113 49 19 10 0 255 233 255 255 188 0 254 154 254 78 177 255 114
    70 238 0 213 0 152 243 76 255 85 102 133 22 109 0 33 119 199 255 108
    147 107 60 245 9 255 178 38 255 125 87 255 255 103 126 68 221 0 239
    66 150 0 0 255 96 0 255 58 48 255 34 117 166 167 34 255 82 213 0 244
    0 30 239 171 255 0 41 127 128 101 255 12 0 159 244 97 196 28 129 26
    255 189 232 15 253 217 134 37 205 22 9 255 38 192 105 41 87 5 0 173
    255 236 255 79 135 255 239 16 255 118 80 19 148 184 0 255 61 127 14
    0 255 255 195 53 0 42 40 255 94 61 219 251 255 5 36 143 156 83 56
    255 197 37 255 167 22 173 88 255 255 0 174 0 13 134 172 255 185 255
    80 131 182 0 0 239 156 72 173 217 0 202 0 61 186 133 255 0 0 249 46
    255 38 255 0 0 255 170 43 128 246 168 49 243 0 103 83 227 0 255 95
    71 242 0 12 193 139 0 255 189 12 4 0 0 27 255 0 0 70 0 175 113 255
    111 255 255 166 165 123 77 255 255 34 219 96 0 255 32 58 238 108 0
    241 153 0 255 255 255 255 221 154 180 213 142 0 131 224 194 240 255
    255 0 3 45 0 255 202 255 81 6 194 90 46 190 0 160 72 2 97 0 253 255
    36 156 0 0 255 59 12 3 97 97 186 226 255 247 225 66 132 89 78 87 172
    25 255 202 199 255 0 167 171 66 255 255 173 179 255 130 107 139 0 0
    255 255 255 255 0 236 119 235 255 229 143 41 249 0 46 0 41 109 0 108
    255 255 199 53 0 255 147 242 255 182 6 96 199 0 255 64 47 255 142
    237 60 149 255 255 0 182 255 183 200 255 14 220 208 0 75 255 143 173
    8 117 255 129 61 253 255 0 187 161 69 47 49 164 255 64 0 27 84 38 0
    84 158 0 173 1 0 127 68 61 171 50 125 233 0 194 158 215 194 235 203
    76 95 255 229 255 81 111 140 33 83 126 255 0 255 210 255 59 84 247
    123 0 255 102 241 233 197 123 155 215 121 166 23 109 254 255 95 204
    0 249 99 178 169 76 31 0 255 113 85 234 208 136 104 90 54 128 220 48
    246 0 250 105 122 218 0 0 158 118 6 86 255 0 234 145 23 255 0 0 54
    104 0 221 0 255 0 255 233 0 255 0 181 122 26 159 0 212 221 187 52 0
    16 203 136 118 0 0 19 200 14 42 255 0 136 9 83 95 176 154 255 213
    175 0 187 232 33 32 70 0 255 186 161 255 68 13 0 168 255 118 194 152
    7 73 216 30 255 0 107 199 93 199 38 0 255 191 132 85 92 0 158 182
    255 255 66 171 21 58 121 0 254 0 67 0 213 179 58 77 212 201 113 233
    194 70 255 144 0 200 168 178 178 255 255 151 36 226 0 166 83 207 77
    43 139 87 0 224 247 0 2 224 0 208 0 255 106 0 139 255 94 170 230 247
    179 0 146 243 255 225 252 32 107 127 254 239 228 57 55 79 0 8 95 0 0
    0 155 255 13 242 231 219 61 229 0 81 178 55 7 242 117 15 106 0 0 77
    214 255 0 255 175 0 0 144 58 212 255 87 32 251 0 119 28 24 191 0 138
    200 122 183 231 121 252 36 0 176 79 100 199 0 229 0 191 173 197 71
    57 174 225 82 35 154 47 101 255 111 255 46 24 0 255 96 255 0 44 255
    246 0 255 255 12 223 0 0 98 32 221 131 44 209 0 255 0 128 241 42 16
    0 255 0 87 0 125 160 204 0 160 102 0 180 188 0 190 10 157 10 255 236
    59 7 177 255 138 116 245 0 160 182 0 122 218 255 102 153 0 255 42
    244 255 0 171 134 255 255 207 57 159 131 95 177 255 235 156 175 255
    255 0 166 131 7 15 49 151 178 215 172 255 56 59 244 0 61 255 255 25
    11 0 0 255 0 8 0 136 47 53 184 255 148 188 0 255 17 112 255 21 115
    255 179 240 0 144 196 59 96 0 255 0 255 157 122 30 106 44 230 0 0 20
    151 0 226 225 0 0 157 171 255 129 125 19 0 222 60 161 0 128 48 255
    19 255 6 0 67 255 181 94 51 0 145 175 1 176 255 255 0 255 104 0 255
    244 255 200 217 102 244 160 39 147 241 5 52 101 127 28 86 152 0 252
    99 255 51 84 222 2 0 57 255 222 21 237 255 102 10 255 141 95 231 137
    0 9 255 0 129 136 134 228 195 178 255 253 0 21 26 255 173 255 139
    136 125 228 142 0 0 106 30 172 110 156 90 0 0 142 65 53 250 243 149
    51 39 151 0 241 56 0 149 0 17 183 169 0 0 196 161 0 0 215 0 0 255 0
    255 106 255 137 247 212 47 0 255 0 255 24 255 35 151 71 157 11 0 26
    230 0 103 84 18 115 214 38 0 0 255 132 47 16 243 170 103 81 255 63
    255 193 0 134 63 0 14 0 0 149 0 255 255 184 197 255 0 255 187 31 122
    255 196 226 0 171 164 55 81 252 0 107 104 255 33 187 46 150 9 224 34
    209 255 100 47 0 255 0 255 255 214 103 255 183 255 255 230 8 135 94
    196 207 255 204 69 0 255 86 129 150 0 255 255 0 171 143 195 189 71
    92 255 46 212 18 255 255 196 129 70 81 255 15 88 247 0 255 0 255 106
    255 255 152 236 223 185 0 89 192 172 70 123 255 255 30 2 0 255 253
    137 0 31 37 85 42 255 8 255 255 0 34 247 252 0 152 36 40 0 102 224 0
    207 255 68 255 2 0 170 255 217 253 209 46 175 0 233 255 58 255 232
    255 149 119 67 180 177 0 195 107 255 174 25 255 59 0 131 0 0 25 213
    19 202 205 42 0 104 197 166 52 224 0 0 108 223 17 159 233 191 8 255
    255 193 255 107 218 255 241 27 90 72 130 0 51 100 61 47 0 17 128 27
    255 233 157 197 234 119 35 255 186 47 236 255 255 207 16 143 207 194
    254 0 0 0 255 224 149 0 36 203 26 64 245 113 96 180 0 145 255 30 56
    43 106 196 255 215 168 242 103 0 255 161 255 102 42 75 0 255 255 0
    113 40 51 0 154 162 105 130 255 255 61 116 228 159 0 34 229 0 13 43
    0 249 255 255 255 79 255 0 135 182 0 176 51 255 0 25 3 0 0 255 71
    127 21 5 255 192 255 255 181 7 30 0 60 174 199 148 255 209 0 247 255
    13 255 255 255 102 233 255 0 68 104 160 0 0 153 121 156 0 0 59 58 0
    249 56 135 219 0 242 0 0 255 203 0 185 255 76 128 153 68 255 152 0
    31 0 128 43 0 134 0 0 248 156 16 233 255 0 78 255 0 216 6 121 0 60
    90 5 232 202 109 0 0 190 49 52 0 157 0 17 104 255 0 255 141 154 38
    28 86 0 71 118 64 0 156 155 161 255 33 181 245 0 255 124 115 58 255
    55 235 34 0 51 157 30 144 7 0 160 92 103 167 255 239 173 0 193 87 58
    255 0 255 118 255 156 194 0 230 232 0 58 246 226 104 56 92 255 24
    148 255 255 115 125 117 154 0 255 255 255 255 0 231 255 255 225 153
    0 255 5 173 99 179 0 194 255 0 255 242 0 177 255 133 0 0 208 0 0 0
    136 182 114 179 0 255 25 56 95 0 189 146 163 155 255 23 204 27 127
    255 255 254 255 255 230 88 187 255 165 241 19 30 4 0 17 41 124 0 128
    212 32 11 90 255 255 255 0 255 0 171 209 0 92 150 255 26 145 255 255
    6 109 0 196 124 111 0 255 71 134 18 169 20 67 0 226 53 255 122 27 0
    253 255 133 5 255 39 0 0 0 255 255 0 0 182 12 69 255 86 137 0 255
    232 0 0 255 0 177 255 193 220 15 33 177 248 0 0 236 55 24 0 219 143
    208 114 222 2 0 197 255 205 0 41 122 31 255 126 163 42 105 255 131
    250 255 54 4 255 101 218 17 33 171 38 0 0 255 255 0 59 0 233 84 0 35
    209 58 250 29 207 0 194 0 255 24 228 161 0 237 227 222 42 0 45 0 0
    163 31 108 81 0 116 203 0 48 255 255 198 14 0 255 216 174 174 255 74
    0 104 249 17 0 150 0 210 39 28 0 249 240 0 118 165 0 255 48 255 115
    0 255 101 84 234 177 105 22 90 219 216 159 255 91 0 132 106 9 255
    197 153 23 255 231 0 197 114 255 64 0 255 30 255 198 121 255 110 154
    255 71 255 33 234 0 0 255 13 0 255 36 0 51 0 228 180 174 255 134 0 0
    46 171 15 84 197 72 255 121 178 211 216 9 164 201 255 0 12 0 255 180
    0 134 58 255 141 255 84 0 255 255 254 71 174 99 183 125 4 193 0 131
    25 255 45 91 255 0 209 0 0 255 194 183 146 2 255 13 172 114 255 255
    213 0 251 192 115 255 184 255 245 126 221 89 255 209 35 255 0 83 0
    244 31 0 32 122 196 137 51 33 131 215 34 44 197 214 255 175 14 107 0
    102 255 232 192 0 99 93 167 66 255 255 187 179 44 0 255 255 0 255 12
    255 206 76 255 209 8 30 9 210 83 128 139 219 73 208 78 112 218 0 222
    230 228 255 0 41 0 236 179 255 176 0 52 172 148 66 40 179 25 0 255
    255 234 215 255 3 189 196 173 0 3 47 178 0 255 0 0 208 172 0 216 188
    0 255 142 135 0 240 134 7 95 75 198 40 255 170 255 134 0 255 20 102
    58 46 124 255 255 59 0 119 255 150 156 0 0 0 136 159 236 0 32 234 28
    142 221 255 255 82 136 255 91 183 150 255 255 45 61 176 136 0 0 44
    255 0 109 142 0 0 52 248 60 92 255 255 246 162 117 0 223 45 0 78 125
    0 255 74 100 37 39 255 0 92 225 156 0 0 0 191 157 3 68 255 61 0 73
    33 42 200 75 255 0 77 213 193 187 82 255 0 255 0 205 0 244 181 182
    93 160 156 51 0 0 0 210 0 209 0 0 100 84 212 255 195 0 3 221 249 255
    235 0 255 255 208 255 183 101 0 140 57 173 140 0 155 52 255 0 59 158
    193 176 197 255 255 62 0 242 56 251 3 41 19 0 95 0 255 255 0 127 94
    115 255 145 255 255 188 0 248 255 32 130 236 0 0 0 255 75 150 255
    225 0 57 118 182 236 146 100 64 249 177 129 255 113 71 8 142 132 43
    255 90 99 254 255 116 61 33 10 217 0 68 171 193 120 170 30 255 47
    186 0 93 220 120 255 0 102 204 255 137 255 238 255 0 255 0 58 185 41
    149 255 0 231 147 245 47 39 0 88 255 153 10 187 232 0 106 145 22 122
    0 227 0 228 240 0 165 118 0 201 49 255 67 122 255 255 143 0 255 100
    86 122 59 194 181 61 0 0 255 4 153 95 255 0 255 156 53 0 20 124 143
    131 9 255 36 194 231 255 0 78 28 63 133 180 176 8 0 21 255 87 1 233
    137 255 13 81 202 206 0 103 0 80 54 0 103 0 0 0 255 255 0 134 255 30
    0 6 164 255 44 183 125 41 0 0 0 113 209 255 0 66 164 78 92 119 255
    39 248 0 255 0 144 255 255 167 255 0 14 242 110 34 255 241 255 192
    161 122 197 0 255 70 161 12 255 63 203 135 255 167 31 0 74 0 141 84
    166 185 0 255 255 123 255 255 51 255 255 238 118 255 227 244 0 255 0
    255 229 5 20 0 150 0 255 255 96 0 255 0 62 46 255 0 152 210 0 0 255
    0 248 105 255 255 90 194 255 255 255 72 123 255 27 168 0 18 34 255
    33 129 255 151 0 0 73 0 0 36 84 241 87 150 0 0 0 183 255 145 84 146
    255 183 255 139 169 200 107 71 15 5 174 177 0 238 151 255 119 7 255
    0 0 0 105 16 15 255 255 145 150 0 81 249 252 105 166 241 117 252 20
    111 192 0 255 0 0 214 163 75 227 116 255 9 222 189 208 163 0 223 0
    79 214 0 90 255 255 41 255 255 0 255 143 52 219 255 50 0 255 68 255
    126 0 234 108 180 75 88 218 255 13 0 90 94 96 47 0 220 0 78 41 93
    255 100 0 198 5 69 234 179 40 0 8 255 48 95 39 255 255 143 129 40
    255 70 0 4 55 0 168 255 255 110 60 68 0 9 13 78 192 0 157 0 45 255
    68 255 143 230 255 255 17 0 243 0 101 3 99 40 53 147 145 255 255 47
    77 0 255 0 0 129 0 8 202 255 118 44 255 211 157 9 68 219 231 135 0
    48 167 20 225 206 40 0 0 38 0 73 255 185 0 167 145 193 114 255 182 0
    113 80 255 125 255 189 71 255 252 39 105 0 255 128 132 66 255 152
    238 255 24 0 255 135 42 218 35 255 0 16 6 0 119 0 15 255 0 160 153
    196 0 65 8 78 167 3 19 255 0 161 0 255 220 255 220 255 0 255 192 220
    255 255 145 36 255 97 119 51 0 76 10 255 0 0 116 0 255 255 200 0 15
    157 42 255 255 85 255 82 0 255 0 20 125 0 0 40 0 67 42 211 0 212 81
    121 255 0 243 173 33 162 188 214 255 255 43 20 160 228 255 38 149 4
    210 30 255 255 26 0 50 255 210 11 255 255 0 152 102 110 255 107 158
    4 82 117 97 74 46 109 255 0 167 255 57 254 0 151 72 164 0 0 86 105
    255 86 94 219 255 194 219 255 123 219 26 146 174 34 181 33 82 255
    119 71 0 211 255 209 255 59 255 51 176 255 255 240 233 39 179 20 161
    24 222 180 82 200 144 0 0 54 185 98 67 191 126 0 202 252 0 249 0 0 0
    0 0 0 240 0 239 141 9 29 23 255 0 0 139 255 93 226 205 254 0 255 39
    0 203 0 240 199 0 71 0 0 25 72 116 255 110 0 0 29 0 255 66 255 23
    255 205 0 176 84 144 0 18 0 255 28 255 98 167 2 253 248 255 242 255
    255 121 149 255 172 255 255 9 61 255 253 255 0 158 26 24 255 255 223
    198 191 255 0 0 122 111 118 255 255 56 255 169 255 239 84 119 99 255
    189 127 0 162 230 49 0 142 112 255 0 161 248 134 255 123 49 204 72
    255 0 0 0 218 63 234 118 99 255 255 91 255 78 215 255 70 255 6 248
    217 162 76 255 167 105 34 216 255 0 106 132 0 100 219 113 70 166 238
    177 33 152 255 255 0 255 210 0 158 186 172 0 255 53 255 154 0 134
    214 245 210 31 255 149 46 59 231 255 20 0 255 80 105 189 32 255 153
    255 239 13 221 216 153 108 255 255 111 107 0 255 255 245 166 5 222 4
    0 255 131 34 5 222 139 0 209 60 135 0 15 255 252 255 101 155 80 245
    0 0 26 63 255 217 227 30 241 218 231 213 30 164 255 21 60 0 235 9 99
    0 40 164 240 171 13 255 184 13 68 67 146 255 228 0 173 96 234 0 67
    255 0 142 204 69 184 0 179 222 255 255 255 87 190 183 47 0 249 32 28
    0 255 69 0 66 125 118 85 245 0 255 175 102 46 41 221 61 255 1 109 20
    172 190 255 254 40 0 255 201 68 210 138 219 255 242 255 255 69 0 148
    0 255 70 255 70 154 255 169 103 214 66 255 0 0 219 255 152 1 61 55 0
    69 49 252 56 123 56 178 0 128 243 0 255 1 125 69 3 224 70 121 255
    215 255 0 234 0 55 214 160 178 0 226 142 248 186 154 0 255 197 21 28
    33 0 149 255 0 255 0 0 0 213 88 149 140 109 24 232 200 255 255 0 255
    129 159 151 75 111 81 0 207 233 255 0 202 255 138 234 0 58 66 214 71
    63 38 182 0 54 182 204 0 129 0 255 136 197 255 0 174 35 0 62 212 214
    91 0 255 221 3 242 0 0 167 255 0 0 255 75 0 229 207 148 0 136 0 102
    216 255 0 255 0 119 232 148 88 166 0 193 143 0 193 169 160 255 255
    255 132 255 0 223 148 224 255 180 37 184 145 93 28 23 255 207 255
    255 255 27 3 29 214 6 255 4 212 47 187 255 65 42 134 0 255 157 214 0
    241 255 255 238 69 255 211 255 166 160 255 224 151 181 120 69 94 255
    0 255 227 0 253 13 116 0 0 219 101 77 60 255 247 68 88 111 20 0 82 0
    66 0 255 0 24 69 58 198 107 25 0 193 33 37 0 75 194 182 0 60 216 0
    62 116 110 211 0 239 0 157 161 0 227 0 26 213 52 105 207 207 0 0 146
    235 255 19 193 255 101 0 255 134 71 0 14 185 178 140 197 0 246 0 134
    91 0 0 225 189 0 195 125 0 255 255 20 125 83 221 143 186 255 149 162
    241 1 0 7 255 255 0 166 216 255 0 0 16 0 45 7 255 110 255 255 57 72
    151 65 0 184 136 58 0 153 255 48 87 0 45 0 144 79 148 255 57 255 255
    174 255 45 174 18 0 59 104 151 110 0 69 255 0 255 164 0 111 215 211
    0 90 255 255 0 0 148 255 223 247 255 60 255 255 255 201 255 227 52
    218 0 255 228 159 62 164 183 0 255 0 255 255 0 255 255 255 174 6 255
    255 0 255 61 183 43 255 12 68 255 71 98 235 0 32 0 255 76 27 246 6
    106 10 0 168 165 67 202 56 0 129 195 12 66 79 38 210 108 94 88 0 123
    31 14 0 96 127 50 223 154 254 106 255 219 255 255 207 255 255 255
    153 28 191 42 159 22 180 255 0 182 0 238 210 114 106 0 66 43 95 179
    215 61 56 255 255 18 167 0 169 248 9 255 106 255 0 255 255 255 158 0
    242 177 0 183 155 255 252 0 255 60 0 255 0 123 64 222 18 213 0 18
    255 0 169 152 11 239 182 105 255 7 158 92 255 51 25 17 42 255 0 68
    115 106 214 255 0 255 92 0 246 174 223 176 115 127 206 255 255 111
    252 61 207 38 0 165 38 0 255 192 184 252 255 0 179 0 199 0 0 61 161
    255 255 255 255 255 0 36 148 0 235 222 241 191 128 255 0 25 0 0 240
    245 105 255 156 21 0 220 115 158 255 41 255 255 207 216 119 255 173
    247 244 187 22 24 111 237 23 255 255 0 235 208 0 4 255 24 255 255
    120 28 241 0 0 0 56 68 193 255 0 0 0 189 124 0 232 137 0 255 0 96
    255 46 95 151 178 0 172 44 4 0 111 0 0 60 82 148 0 212 255 166 105
    103 255 0 255 34 255 255 255 255 63 255 0 228 255 21 87 171 221 123
    61 6 249 255 0 239 108 75 159 0 255 127 255 112 54 64 188 179 245 0
    220 28 207 13 207 152 117 125 77 158 77 206 200 167 114 178 161 97
    28 160 117 165 78 189 252 0 0 6 0 255 142 17 255 140 154 255 99 40 0
    245 255 0 255 229 84 220 106 4 0 255 255 255 255 131 190 112 26 5 67
    201 0 0 95 0 255 255 255 181 138 0 23 64 0 204 91 255 165 243 11 164
    255 206 102 195 255 255 0 255 154 0 194 0 110 37 82 0 146 255 36 255
    248 255 64 93 0 246 209 0 224 0 196 201 230 0 169 137 157 113 0 124
    226 216 209 178 159 255 238 104 255 255 26 214 0 13 180 0 6 246 163
    101 0 0 236 222 255 226 255 255 13 243 255 0 255 220 118 0 115 255 0
    0 255 186 0 33 114 63 202 25 0 10 132 0 219 200 160 139 255 103 186
    181 255 90 93 0 15 255 149 0 254 255 206 217 59 87 0 161 64 0 73 153
    0 0 126 255 4 255 46 23 255 229 136 0 225 255 52 0 224 218 100 192
    161 255 141 255 241 230 103 203 162 56 25 156 252 5 15 169 230 139
    53 255 90 82 0 21 251 200 229 149 170 8 3 49 235 180 255 255 170 255
    172 0 167 136 0 0 255 255 255 1 195 150 0 49 255 255 179 0 255 97 0
    82 178 65 181 0 0 143 255 83 11 224 255 160 141 40 0 0 0 224 5 42
    222 111 144 255 0 0 0 255 0 223 51 137 255 123 64 99 255 209 0 255
    28 0 122 187 61 190 0 255 255 255 49 213 246 75 255 0 155 202 54 87
    97 159 190 210 255 75 0 0 16 33 69 95 41 0 18 171 241 133 166 69 234
    255 16 80 0 179 16 0 237 78 255 255 187 221 114 8 0 173 0 167 0 0 93
    83 59 20 255 255 191 255 122 251 150 171 116 0 249 3 215 210 255 119
    70 81 0 0 161 0 108 255 169 0 41 27 255 0 57 0 159 255 0 124 73 242
    255 216 163 100 0 92 255 129 81 8 255 20 245 151 137 255 0 255 118
    60 82 138 169 208 255 91 255 255 0 238 255 52 0 0 123 93 222 161 237
    0 255 220 141 220 0 239 69 89 0 255 188 29 210 255 240 14 92 255 255
    255 255 0 184 87 255 68 5 255 0 75 150 255 123 22 235 95 255 25 193
    242 255 20 0 255 255 0 243 0 0 0 107 126 45 79 251 158 255 255 0 255
    155 5 255 182 255 169 255 81 53 255 255 233 0 238 53 0 69 95 242 73
    0 156 107 104 255 46 255 77 0 220 255 0 49 233 100 0 255 226 240 0
    255 170 0 0 125 68 13 255 255 86 167 235 188 12 42 39 134 2 0 107 58
    222 255 255 0 255 255 45 218 0 118 230 68 0 249 231 219 39 159 0 0 7
    0 0 255 0 92 255 201 255 57 36 18 186 80 142 225 0 255 57 249 0 0
    255 203 184 118 2 106 173 241 93 255 229 0 60 0 73 104 75 49 217 0 0
    0 108 255 0 255 255 0 255 255 0 255 0 255 0 129 0 73 94 17 0 45 119
    0 168 106 70 255 66 0 255 102 255 168 255 0 253 44 255 255 114 255 0
    123 238 10 169 79 42 146 0 0 255 254 255 255 99 33 167 156 250 234 0
    0 0 143 38 255 144 162 71 123 241 255 26 103 0 101 27 193 248 223 97
    255 0 218 78 67 14 166 88 255 255 255 0 231 252 45 43 230 205 51 255
    172 109 168 0 0 0 0 0 200 255 23 255 150 0 255 0 194 231 255 255 14
    0 203 29 27 255 56 204 31 255 31 28 23 255 0 89 125 255 185 70 6 202
    57 0 11 29 0 255 88 255 181 193 13 28 219 24 255 0 30 144 54 33 56
    255 255 255 0 69 238 18 42 238 255 3 11 212 255 149 245 208 255 179
    255 0 60 255 50 164 0 148 136 34 214 206 60 58 223 76 235 0 199 255
    88 196 154 11 59 106 92 136 179 132 255 70 98 174 87 247 221 91 158
    229 130 207 113 226 109 243 227 43 114 133 87 11 156 133 255 255 0
    197 169 172 0 255 0 111 131 0 127 166 55 255 157 224 22 14 97 0 87 0
    139 255 255 0 103 255 0 67 255 0 230 59 255 65 0 0 97 255 0 92 0 11
    204 0 0 0 176 59 93 0 10 0 255 237 0 0 255 182 186 83 0 255 13 64
    255 14 126 255 255 113 230 245 0 56 158 255 111 255 226 84 0 174 95
    0 225 0 194 84 108 30 116 255 0 18 0 160 77 255 57 25 199 255 118 82
    158 19 14 0 56 1 65 245 0 255 80 172 0 165 184 121 240 19 181 182 0
    0 203 102 22 0 255 157 185 47 0 232 98 0 109 123 87 0 112 248 59 255
    82 110 255 210 23 255 143 0 58 175 241 184 255 156 82 214 0 168 112
    189 226 48 133 106 90 182 0 255 107 0 238 229 255 255 159 16 8 152
    31 60 255 176 96 76 217 130 168 41 0 255 46 0 0 0 255 58 241 94 130
    9 255 255 212 233 103 255 129 246 160 182 163 255 255 22 54 164 16
    255 213 255 154 80 0 199 0 66 34 23 129 255 0 171 0 255 242 41 246
    57 230 0 80 255 41 161 255 192 0 143 208 169 255 214 255 111 198 62
    255 23 255 151 0 134 255 242 132 0 68 171 250 38 151 255 207 29 0
    197 255 230 255 82 255 255 77 0 0 175 0 165 140 212 15 157 66 85 0
    165 111 255 31 118 10 255 55 49 255 52 255 0 38 2 13 0 25 95 78 239
    137 232 0 0 255 0 72 41 0 231 255 0 8 0 255 0 115 140 113 137 97 247
    74 68 84 138 0 92 67 0 34 21 238 255 255 255 112 10 255 91 3 223 108
    228 26 120 222 189 0 255 108 255 63 0 213 91 168 2 0 0 0 189 255 0
    255 85 206 0 0 0 255 58 185 27 231 0 0 255 217 35 144 58 34 251 0 0
    0 245 181 255 234 217 84 234 9 255 18 186 45 67 0 53 213 0 0 0 4 37
    62 0 250 103 0 47 255 182 0 255 49 0 255 162 177 0 55 242 153 255 0
    243 121 255 58 211 59 255 51 131 239 255 0 223 255 33 231 255 210 4
    6 49 0 170 255 111 0 181 113 0 123 255 0 255 13 195 255 239 39 50
    255 167 111 255 48 0 97 0 200 246 79 4 112 166 0 191 255 255 27 188
    204 255 236 255 246 245 0 88 255 146 0 200 255 140 126 255 55 77 161
    205 119 255 122 102 108 0 247 255 168 50 83 210 0 61 0 121 31 49 16
    6 0 139 0 183 127 0 12 72 88 127 0 255 14 0 236 57 0 0 0 0 234 37 0
    232 244 0 178 98 0 255 0 255 0 231 255 0 0 147 82 224 0 245 192 0
    255 240 21 248 170 61 255 55 0 199 153 40 90 11 255 253 0 255 52 0 0
    0 108 255 52 0 0 255 17 129 199 198 0 123 255 0 209 178 0 176 203 34
    45 9 255 103 171 255 154 38 255 0 255 0 29 0 133 255 186 78 255 100
    59 181 255 0 179 255 255 118 238 255 0 4 57 255 244 199 248 0 63 132
    240 67 113 216 255 94 0 24 0 23 255 140 0 134 169 238 228 216 55 0
    252 0 239 255 195 211 180 14 221 95 128 89 255 121 169 9 35 143 113
    255 133 213 75 230 178 164 0 0 40 86 199 226 255 98 69 116 0 255 8 0
    0 127 46 20 214 255 147 84 255 95 255 255 206 115 150 148 255 134 23
    105 36 221 255 255 197 255 162 255 135 255 1 255 189 255 111 184 210
    129 85 255 246 60 255 255 61 14 108 103 74 194 0 0 0 94 0 107 155
    255 244 0 223 95 255 81 255 133 70 255 255 0 186 0 119 248 93 200 73
    78 255 255 141 255 89 30 88 0 0 92 199 0 59 255 6 255 68 39 0 3 255
    0 212 0 255 5 0 142 0 0 0 113 34 4 48 0 195 255 184 66 0 65 41 30
    255 9 255 229 0 174 191 44 0 0 127 255 0 27 157 0 255 255 0 65 0 6 0
    255 170 236 48 114 174 135 211 93 123 245 59 18 255 0 255 0 164 255
    76 233 101 255 0 76 35 156 70 138 107 255 0 0 27 255 30 255 255 255
    10 0 47 255 255 255 255 255 255 255 0 0 2 202 39 149 9 57 53 162 103
    0 217 108 40 103 109 49 59 101 0 255 185 61 197 0 0 250 2 255 60 255
    0 0 235 255 0 191 198 0 255 255 255 176 255 183 175 255 65 0 71 113
    98 0 228 232 65 80 141 255 156 0 255 238 119 29 166 0 127 190 104 0
    0 223 2 255 76 34 222 23 49 0 110 24 152 255 138 0 255 31 14 40 0
    131 88 94 0 0 0 0 65 42 0 0 0 255 255 0 255 180 208 27 0 255 0 118
    19 0 0 135 53 137 255 151 15 143 101 230 0 0 0 29 192 188 78 255 201
    255 133 255 91 0 171 0 0 53 255 231 139 188 61 32 0 255 218 255 255
    247 69 103 54 0 0 166 255 21 134 0 255 255 162 0 33 0 118 201 0 52 8
    119 255 14 186 62 0 255 85 204 3 205 0 167 1 110 234 246 147 45 175
    67 91 170 102 179 255 16 126 255 122 31 248 164 153 255 20 209 0 0 0
    255 0 0 255 0 99 216 192 255 255 255 214 255 255 255 108 2 255 220
    125 255 115 255 254 255 99 0 255 39 255 147 0 202 58 0 0 255 0 152
    227 255 255 82 130 0 0 0 102 11 89 42 205 177 224 199 0 148 161 255
    198 255 53 255 255 177 0 90 200 255 190 109 0 0 227 0 178 24 0 0 255
    255 255 0 0 203 197 174 0 255 226 104 46 116 255 239 136 255 87 40
    87 64 16 244 0 255 190 255 112 76 81 255 203 98 234 0 255 253 0 0
    166 72 67 255 212 0 129 156 238 68 0 94 38 134 212 0 0 216 21 0 157
    52 84 0 93 121 255 46 179 137 204 0 0 0 0 29 133 255 14 0 50 38 255
    35 176 145 255 140 0 150 255 211 255 11 255 176 119 95 121 157 78
    255 233 95 255 253 239 0 68 217 254 255 226 255 64 0 255 0 36 42 255
    173 255 185 191 59 226 144 0 255 255 58 11 255 61 153 43 132 0 113
    82 255 191 0 59 0 229 0 13 0 29 241 9 255 31 205 193 137 27 255 77 0
    255 180 147 239 127 255 255 255 53 97 255 0 207 54 45 0 168 255 118
    10 255 0 248 218 86 154 255 117 101 148 222 255 252 175 10 255 157
    255 202 0 171 251 191 255 0 255 0 255 151 12 132 97 132 42 71 153
    255 123 103 0 187 90 0 207 114 255 159 255 54 223 53 0 255 155 15 0
    54 255 0 0 252 0 229 93 191 97 255 141 44 193 148 157 0 107 116 255
    132 251 77 40 104 220 90 95 89 208 255 30 255 158 255 154 255 180 0
    0 247 156 0 107 40 12 200 18 205 176 55 0 209 255 216 134 255 166
    255 73 247 208 68 249 2 193 223 0 213 242 98 255 108 80 0 255 243 9
    244 189 158 160 207 102 255 255 255 188 255 197 0 82 164 152 219 255
    255 230 8 119 77 255 47 22 113 237 124 255 97 235 245 82 207 125 0
    61 154 0 0 136 70 172 255 20 197 0 255 187 0 121 20 243 135 177 90 0
    228 155 3 124 50 0 27 0 5 129 2 0 104 156 55 23 106 57 224 84 217 0
    60 169 229 49 255 91 0 255 142 125 0 255 30 255 255 187 27 66 86 104
    0 145 86 90 91 0 213 0 255 134 0 218 102 255 169 220 255 108 255 255
    177 233 255 255 31 255 39 0 0 0 213 135 120 38 69 18 240 35 8 255
    255 255 186 26 36 66 0 255 160 172 255 0 148 40 0 113 0 0 242 255
    249 255 194 98 85 255 255 210 164 188 131 222 106 26 40 244 0 164 0
    27 131 255 138 255 255 0 255 186 255 2 221 255 154 255 224 126 115
    88 98 58 0 89 243 0 255 53 0 110 21 255 63 171 39 0 0 211 255 242
    212 227 111 162 34 54 43 99 121 255 144 255 255 216 178 65 255 45
    225 0 255 255 17 20 5 82 0 118 0 0 0 196 6 81 255 45 99 125 199 100
    65 255 12 112 233 164 255 103 0 0 9 255 196 238 228 255 202 45 79
    255 74 225 70 76 255 169 0 141 140 255 129 77 255 255 0 152 11 233
    255 83 53 215 0 177 80 255 117 54 255 200 108 255 119 208 127 34 0 0
    80 111 163 52 255 158 255 255 210 159 223 61 0 255 150 250 206 59 0
    33 87 113 91 255 255 143 36 255 48 82 255 255 61 0 182 235 34 255
    255 166 134 255 117 191 0 220 0 0 185 0 112 255 53 255 255 99 222 61
    15 17 94 119 255 0 189 0 59 63 80 0 2 245 125 169 255 111 255 173 10
    22 255 255 0 0 60 0 183 54 255 190 8 255 5 6 255 102 214 255 66 109
    188 24 11 38 142 54 0 255 255 94 0 255 198 31 122 164 220 255 121
    200 255 0 212 0 108 49 0 255 26 255 22 54 255 0 255 255 214 0 83 173
    80 10 243 0 0 255 0 92 138 240 13 161 42 255 228 0 253 255 168 146
    198 248 0 45 217 50 194 0 0 27 84 24 0 137 139 176 232 229 88 117
    166 47 210 0 77 221 255 255 0 46 230 0 44 9 180 191 0 235 0 204 123
    0 182 0 234 106 132 120 81 255 0 255 255 255 255 255 50 197 255 92
    255 220 24 0 28 118 118 252 255 56 94 255 0 10 0 14 0 104 49 49 0
    173 0 0 255 250 99 255 207 255 255 166 87 180 57 0 255 12 200 0 255
    45 160 220 0 26 101 255 0 160 153 226 252 80 231 134 129 0 39 36 201
    29 255 206 211 132 255 255 0 47 183 102 255 229 247 41 0 247 255 79
    197 255 75 0 226 9 4 112 232 172 87 0 156 190 35 81 244 82 255 220
    255 255 225 35 184 255 61 99 162 255 118 255 44 131 16 255 254 219
    178 7 63 0 171 210 0 185 112 255 71 28 218 145 203 206 255 72 255
    112 164 48 0 255 12 211 0 10 234 105 0 255 21 237 255 152 34 48 255
    0 0 186 127 99 160 0 0 255 32 0 0 255 31 97 101 255 174 23 146 142
    195 174 250 163 182 0 0 51 250 195 80 6 239 33 180 0 211 199 255 0
    216 218 233 165 255 195 15 158 0 255 0 0 242 255 255 0 10 27 47 176
    219 32 255 0 48 109 154 25 255 0 181 110 53 255 186 18 255 255 0 200
    206 85 51 67 203 225 255 147 98 43 102 255 233 189 190 124 73 18 218
    200 0 219 255 219 147 255 18 222 249 207 191 255 255 0 53 255 255
    255 111 255 212 0 187 0 101 25 0 88 146 95 129 0 207 132 23 231 0
    247 0 0 250 0 4 255 22 255 54 220 120 24 171 208 52 0 180 0 17 163
    255 0 239 112 229 112 0 0 119 38 255 92 255 187 35 232 205 255 255
    35 255 255 230 172 255 222 13 0 0 229 0 87 160 69 0 51 67 31 81 255
    255 179 62 255 0 204 176 0 49 255 251 224 186 4 200 89 47 206 78 0 6
    165 100 18 23 170 0 226 223 111 90 82 172 115 0 128 244 255 128 154
    255 190 220 54 8 0 0 255 16 93 149 194 237 223 255 192 158 89 10 49
    242 255 0 0 207 219 255 92 126 192 70 0 109 0 255 2 29 85 225 52 255
    0 250 150 212 255 156 15 188 0 164 222 255 184 35 123 229 0 255 18
    11 164 138 255 0 203 1 255 83 114 138 0 67 115 0 62 0 255 134 242
    182 250 255 244 53 194 0 225 255 177 151 0 61 220 61 66 37 255 32 26
    255 52 230 0 205 204 0 49 141 148 63 0 50 0 93 255 0 151 57 214 255
    33 131 0 162 0 0 62 76 0 33 187 255 119 255 228 206 59 156 132 68 58
    255 27 146 255 44 173 33 255 177 109 253 3 4 186 0 135 0 113 0 210
    147 255 255 255 221 202 255 207 91 0 0 58 137 58 9 122 127 209 198
    115 122 67 100 255 93 25 0 255 255 246 125 0 212 117 0 124 251 24
    163 255 122 0 255 0 201 255 0 0 173 255 64 255 102 111 156 54 255 47
    105 0 0 0 187 0 89 21 234 44 181 187 128 1 0 10 199 242 67 221 88
    255 168 192 0 99 69 123 0 126 255 248 44 232 241 103 183 26 255 244
    142 255 209 0 255 178 24 61 255 169 136 114 160 168 255 22 255 0 14
    77 0 124 0 173 61 11 0 0 255 0 75 12 244 16 111 44 161 83 0 44 237
    10 0 35 255 0 255 255 91 0 113 0 255 225 255 0 252 239 0 0 0 3 23
    255 85 116 27 104 134 255 46 187 172 255 15 96 255 255 26 0 138 255
    207 76 236 255 255 0 252 25 166 255 159 157 102 0 4 255 255 89 195 3
    147 90 117 255 51 255 238 170 156 56 197 26 0 255 0 79 138 255 194
    76 0 94 0 255 219 43 79 0 211 205 173 98 0 0 44 61 69 80 0 133 0 33
    147 1 170 166 255 255 60 0 255 85 196 211 255 156 17 255 187 55 136
    144 0 2 177 87 255 0 166 68 170 64 0 80 146 255 0 94 6 0 66 65 255
    148 4 244 0 106 83 0 119 105 0 135 0 103 156 138 0 227 255 0 177 167
    208 0 255 159 82 206 240 230 170 55 138 0 15 255 213 0 255 16 238 53
    14 16 25 54 0 31 255 65 0 255 255 68 169 30 49 114 86 115 0 205 210
    198 0 255 156 97 143 155 255 0 0 243 230 0 105 0 0 255 0 80 58 55 0
    72 0 192 167 110 255 43 0 255 206 255 179 143 255 125 200 247 0 255
    28 189 46 255 225 255 172 207 131 19 237 0 194 0 255 255 83 147 248
    234 26 255 255 25 255 114 255 255 255 0 0 225 164 225 123 99 113 246
    239 255 0 155 7 0 0 195 31 0 38 26 171 195 66 234 145 8 0 193 71 255
    36 248 52 129 25 51 0 199 183 0 14 0 255 108 0 94 113 89 255 55 0 65
    249 255 13 255 107 255 22 255 255 2 255 212 246 76 0 109 255 24 69 0
    18 207 6 187 0 220 61 163 212 0 0 124 248 131 177 26 255 177 81 255
    36 255 244 53 67 0 236 255 120 255 239 0 22 10 229 186 198 199 100
    94 247 121 255 217 40 117 218 238 87 69 255 255 255 0 28 255 18 47
    91 0 199 255 227 125 255 255 0 0 0 0 15 43 33 0 194 246 251 53 179
    255 0 255 253 215 197 126 255 255 133 74 14 101 124 0 31 207 132 24
    0 255 206 212 219 203 107 255 0 114 220 255 157 53 255 54 0 226 154
    0 4 17 0 24 255 145 255 255 0 72 255 176 119 245 37 104 54 0 0 131
    255 217 224 128 255 255 184 0 24 255 168 0 186 131 25 186 137 0 255
    0 136 255 83 27 0 150 213 55 255 53 0 189 202 0 65 220 87 0 95 190
    90 58 67 255 255 0 86 134 163 255 165 0 183 255 0 57 160 255 0 218
    200 255 255 255 19 255 255 40 90 188 22 0 255 120 0 255 227 151 0
    255 255 176 255 57 255 255 245 121 67 155 34 23 0 243 225 6 255 232
    87 155 182 0 17 84 0 0 82 19 0 233 100 255 0 58 0 31 255 0 0 5 250
    174 0 167 13 243 147 0 86 255 0 255 0 99 71 117 122 255 149 205 57
    65 89 255 121 99 65 212 0 139 101 130 153 132 94 255 88 0 180 0 255
    0 26 196 255 71 67 0 101 255 159 157 9 0 255 255 88 94 0 7 212 105
    18 101 134 247 36 40 192 255 0 0 39 209 140 50 255 0 255 230 140 224
    255 227 206 37 0 0 0 255 245 255 83 10 255 205 255 153 44 0 126 172
    0 84 58 167 90 255 228 216 235 211 255 228 43 106 3 148 255 149 242
    0 114 134 175 86 245 255 105 0 236 255 139 229 255 145 0 255 30 204
    31 28 43 237 253 87 162 10 139 0 0 39 255 122 8 82 237 93 212 39 255
    0 171 234 249 211 255 150 255 57 255 159 235 143 114 0 253 3 66 149
    235 255 175 255 90 160 136 214 0 117 33 88 161 119 205 186 17 74 93
    222 237 116 0 255 206 0 40 201 0 255 255 0 92 255 24 245 186 255 141
    32 167 23 172 0 122 154 0 0 140 219 0 149 87 82 36 140 236 161 246
    255 61 105 255 17 255 255 190 184 255 3 255 46 7 255 59 245 65 0 131
    171 75 108 80 0 240 255 93 173 255 49 20 255 198 0 5 162 186 0 141
    218 120 0 255 112 0 113 192 216 255 244 111 0 255 44 0 46 0 126 0
    251 255 0 170 124 255 255 29 135 0 60 170 0 82 65 0 255 198 173 170
    36 17 0 158 193 234 0 158 0 91 116 54 93 105 34 27 31 104 0 23 190
    173 0 0 98 0 0 139 0 255 29 0 22 95 0 255 59 232 179 69 255 98 18 0
    175 0 255 0 246 0 0 0 66 224 255 14 255 255 70 59 73 255 185 239 255
    255 106 167 226 0 45 0 236 0 17 0 250 0 95 255 131 75 10 255 255 255
    255 21 71 0 0 99 0 87 247 25 56 222 27 238 0 19 251 109 0 84 0 232
    94 219 218 0 164 155 177 255 0 103 210 30 24 206 16 0 0 15 6 15 198
    105 124 43 0 40 199 130 0 0 0 0 255 163 176 79 28 255 255 141 255
    214 255 12 236 255 247 255 233 18 200 255 133 0 149 3 0 181 175 255
    25 0 0 48 97 0 64 0 66 255 142 83 124 42 241 0 93 0 38 0 255 193 186
    162 211 204 202 0 195 247 0 0 255 0 0 255 255 0 49 255 255 255 255
    247 255 0 124 5 255 107 210 19 149 0 255 209 46 157 124 9 42 158 36
    161 65 65 229 0 80 243 0 251 157 82 137 0 0 0 233 242 163 185 222
    212 255 255 63 41 255 188 0 255 255 255 255 199 90 255 0 94 170 255
    255 240 255 255 21 0 154 173 0 128 249 0 60 24 7 21 0 0 0 18 0 249
    237 197 22 137 48 255 200 233 0 159 191 122 66 174 94 0 255 180 11
    175 159 0 255 182 62 255 237 255 255 212 156 105 47 0 0 131 0 0 0
    255 52 182 168 223 175 178 254 183 214 249 171 255 1 255 28 197 0 0
    93 136 0 196 255 38 213 0 0 213 163 255 143 255 255 233 184 255 183
    60 255 213 0 134 249 32 255 0 97 255 183 147 3 255 255 0 255 206 0
    169 0 0 154 229 0 5 93 0 211 13 0 255 0 99 4 0 206 224 61 66 0 0 252
    255 0 187 255 255 255 0 206 27 37 0 116 234 37 206 198 178 255 202
    255 121 255 187 179 176 196 215 173 255 150 10 234 255 168 255 0 255
    217 0 141 0 210 84 87 85 0 128 168 67 108 0 141 255 0 255 25 9 255 2
    158 0 203 238 0 147 225 0 82 255 238 0 219 2 137 88 16 74 136 27 2
    183 147 185 217 0 0 159 0 156 62 69 167 255 88 0 139 172 0 128 72 53
    0 119 255 255 35 25 116 22 0 20 199 189 223 65 89 154 129 209 145
    255 0 73 159 0 135 235 0 207 255 167 0 255 77 255 0 109 0 0 20 0 224
    47 0 0 171 31 0 255 255 19 19 68 60 46 244 169 0 26 7 155 110 236 0
    187 253 88 110 238 17 196 0 0 206 0 41 95 187 191 98 0 0 178 66 216
    255 110 255 255 40 0 0 147 109 132 150 14 0 118 83 187 202 191 206
    68 184 119 81 255 132 125 247 255 0 40 74 255 74 43 109 255 0 146 0
    7 105 250 255 49 255 36 89 18 102 9 0 255 75 88 183 91 255 0 22 141
    38 255 225 0 93 173 99 255 255 4 233 140 255 253 92 163 57 67 157
    194 117 119 0 0 0 106 216 255 172 255 72 255 0 135 76 32 255 255 0
    64 254 0 84 255 43 57 233 108 209 55 88 255 151 0 115 153 255 28 193
    97 38 30 182 255 255 107 87 255 0 208 6 158 245 30 0 0 68 0 255 237
    189 185 0 11 5 45 255 0 48 171 21 255 133 131 171 0 226 102 231 253
    4 0 255 10 225 177 0 65 0 40 0 0 130 122 239 121 0 189 255 255 255
    96 255 212 38 53 68 255 86 255 255 45 255 255 255 45 255 171 36 255
    0 38 0 18 130 0 215 255 255 118 255 255 29 147 71 216 98 12 255 0
    100 233 255 146 255 238 231 255 151 255 255 0 150 255 0 177 255 255
    186 174 61 0 255 159 0 0 0 95 0 255 0 149 108 145 255 0 228 238 13
    37 227 255 220 60 247 0 0 184 0 0 0 0 255 0 0 144 0 255 0 255 183
    255 255 168 232 186 44 255 29 0 229 0 127 126 242 133 160 148 0 194
    255 155 255 255 255 184 184 255 0 0 0 129 255 0 103 163 217 0 124
    170 69 169 28 50 37 255 0 233 198 15 255 33 253 255 57 255 255 223 0
    57 119 177 0 2 0 255 0 210 102 77 1 0 25 108 0 0 207 217 97 109 148
    0 111 195 255 111 255 254 251 125 51 0 97 33 25 9 94 80 89 106 69
    255 135 41 127 84 27 251 160 255 145 34 191 0 255 0 135 96 255 59 39
    207 12 0 216 44 200 247 246 173 0 197 151 0 234 100 9 0 142 0 229 0
    202 56 0 216 252 248 0 19 255 63 125 112 245 0 65 37 31 114 126 0 48
    210 109 166 61 124 0 245 255 132 77 255 48 191 255 58 81 0 253 113
    229 255 157 151 255 255 69 110 0 255 176 74 184 0 199 81 255 189 14
    255 0 89 212 255 175 0 14 110 180 255 140 86 51 177 9 189 127 1 0
    206 204 119 255 26 142 95 247 0 218 157 0 249 179 0 216 255 106 243
    255 255 0 96 255 255 0 0 255 163 0 93 134 244 219 147 26 228 98 173
    255 115 133 244 0 5 239 0 0 255 237 0 23 164 210 31 220 98 0 226 255
    0 20 255 252 61 33 90 0 129 242 48 255 255 61 0 139 161 0 229 0 146
    119 0 0 9 142 69 255 0 64 191 255 121 255 65 255 199 0 137 150 0 18
    172 129 255 105 171 187 113 255 255 46 208 255 192 255 206 0 255 255
    250 255 27 65 158 163 205 255 7 23 146 214 61 91 39 21 23 140 189
    250 150 211 0 255 38 166 250 0 142 134 255 233 46 255 0 0 48 241 231
    251 0 173 123 148 153 0 0 234 139 198 0 0 255 54 61 123 147 255 251
    110 179 207 171 138 187 124 0 255 15 255 0 255 255 255 0 144 255 0
    99 255 255 27 104 44 255 209 0 255 199 203 200 255 255 13 183 125
    255 255 62 52 68 255 255 75 175 255 27 144 77 96 113 145 0 255 192
    123 90 31 0 56 0 230 68 126 255 252 201 123 228 137 255 142 62 3 20
    94 0 157 0 255 97 228 160 217 255 168 254 255 241 140 255 30 123 177
    0 68 117 197 71 43 119 28 255 150 0 255 185 0 255 207 184 33 13 255
    255 123 117 120 255 44 0 131 74 159 111 15 137 113 129 178 212 255 0
    190 182 145 84 235 255 164 102 0 117 225 96 216 0 20 0 49 0 0 107 0
    65 167 159 232 255 129 41 255 200 243 255 121 68 0 0 45 180 243 252
    14 222 153 255 208 174 0 0 255 0 37 255 0 222 255 0 30 255 6 109 51
    158 205 17 78 55 136 3 250 0 0 208 225 48 186 215 234 255 111 249
    255 50 0 72 37 198 255 197 107 255 255 207 179 255 179 184 108 0 220
    55 187 142 255 179 0 57 171 0 173 42 200 114 236 109 42 218 255 0 9
    185 255 255 39 17 237 0 38 129 0 255 82 103 51 0 223 168 95 0 255
    222 255 179 0 0 0 0 255 255 161 159 255 255 174 188 234 191 31 213
    94 122 255 78 187 255 0 124 255 0 37 0 255 255 222 0 255 255 191 216
    255 241 255 255 131 255 203 164 255 255 255 0 0 141 161 114 255 138
    253 189 255 0 0 255 95 0 17 0 36 255 58 0 0 255 160 0 223 26 81 54
    132 0 161 239 255 204 189 255 229 158 156 146 89 64 0 236 127 241
    255 0 255 175 255 109 255 125 139 81 0 120 0 156 255 89 255 0 75 0
    20 0 53 208 255 255 255 3 14 0 0 96 255 196 203 136 245 68 125 109 0
    176 103 0 91 248 0 255 0 119 184 255 0 10 255 123 113 39 0 255 0 0
    255 32 171 47 63 255 177 52 255 116 255 255 255 255 0 255 208 255
    205 220 210 56 0 25 255 251 255 98 255 29 0 194 255 198 154 0 255 3
    255 255 255 67 236 0 185 0 49 6 94 40 50 61 182 171 250 222 3 163
    234 0 108 115 170 0 113 0 153 10 255 139 158 221 215 25 36 0 230 121
    255 255 158 76 142 116 65 153 145 56 0 187 96 200 145 118 173 17 86
    0 82 0 46 16 0 231 170 137 81 135 105 255 248 0 252 68 188 0 70 255
    251 230 188 233 147 191 139 255 0 191 232 255 255 72 163 217 0 9 106
    133 248 0 158 236 176 235 250 255 0 148 255 255 4 55 255 189 50 153
    0 181 255 21 156 0 119 0 94 82 0 255 114 80 7 255 63 182 48 255 112
    239 85 77 255 0 71 191 37 0 255 140 18 229 90 212 145 0 0 165 105
    255 255 233 200 19 203 255 198 255 0 255 167 65 213 179 194 1 0 242
    221 255 220 246 255 0 223 195 65 203 219 0 200 22 0 173 255 255 2
    255 0 52 143 188 0 58 255 66 143 157 53 190 75 55 250 0 110 224 0 94
    250 255 255 7 255 0 255 129 0 128 162 87 0 102 165 0 0 255 0 255 248
    132 120 250 255 255 255 124 164 200 0 0 39 255 148 173 84 174 255 0
    56 165 247 255 255 205 22 0 0 255 255 188 255 24 126 176 223 138 171
    154 4 0 89 255 255 86 0 225 253 71 40 183 255 207 255 213 196 0 0 39
    0 164 172 255 142 124 197 0 227 114 47 133 0 0 0 62 177 255 255 205
    213 255 205 156 1 123 0 255 255 251 0 136 255 131 44 248 71 35 6 72
    0 198 0 255 255 224 169 182 255 0 118 65 255 0 171 0 235 161 179 140
    30 57 0 202 237 0 0 255 210 255 132 183 0 0 0 209 255 0 72 255 243 0
    255 255 96 177 255 255 44 32 28 255 0 255 255 214 139 170 0 223 123
    149 12 7 0 0 255 96 192 77 90 255 255 0 204 0 2 171 223 18 255 66 4
    135 255 0 95 0 210 229 255 178 16 52 255 39 222 0 193 163 245 157
    255 255 255 103 255 227 9 175 193 0 0 255 92 197 48 249 255 54 255 3
    227 210 100 37 245 54 26 72 0 179 167 255 176 0 0 178 0 0 255 255
    228 220 240 225 0 161 129 157 0 0 0 128 239 186 136 46 221 118 255
    255 157 0 255 173 178 237 0 38 255 236 199 0 241 66 234 74 255 19
    255 198 239 156 255 255 255 0 225 216 255 184 97 0 103 125 13 0 222
    161 0 115 0 98 174 0 180 186 50 255 255 26 233 237 255 88 104 57 255
    131 231 255 255 255 194 66 22 171 116 147 0 23 255 234 0 211 255 255
    28 255 255 102 162 88 255 239 181 57 0 103 237 35 0 0 158 94 255 0
    255 3 177 0 111 122 32 164 255 255 29 98 255 107 0 99 132 166 0 119
    0 255 29 14 13 0 97 25 217 106 227 255 106 43 255 123 30 203 255 255
    129 255 85 112 251 161 120 0 195 240 81 91 204 199 153 212 0 153 255
    33 251 255 240 73 255 245 0 191 49 44 133 24 214 255 79 113 21 243 0
    25 175 49 0 157 79 144 0 0 76 143 248 2 202 0 255 209 234 203 0 148
    255 249 145 239 134 186 255 178 140 223 113 28 255 175 152 187 0 20
    255 0 0 175 11 255 179 4 255 195 0 158 255 99 0 255 0 97 240 162 255
    228 0 4 9 0 0 197 255 186 160 255 0 133 255 0 0 255 0 255 139 0 133
    128 0 188 234 197 231 0 137 135 255 172 208 246 255 74 148 222 59
    107 43 112 255 0 193 127 0 214 240 255 173 2 255 255 81 124 168 0 4
    50 22 186 49 255 230 7 255 0 255 148 32 183 128 102 255 181 255 200
    255 61 69 215 22 67 255 33 255 255 25 176 255 39 62 87 141 142 0 121
    236 93 103 255 247 0 255 66 118 3 0 168 255 0 41 255 51 137 151 251
    223 255 255 164 219 255 0 105 35 0 0 255 255 0 96 109 111 237 54 53
    255 0 67 255 0 87 4 186 217 73 228 100 255 0 224 126 32 134 160 255
    255 27 0 56 255 82 0 104 70 80 0 137 134 246 0 255 16 0 189 127 255
    233 76 0 255 31 73 228 1 16 0 245 140 255 255 0 43 255 69 255 255 0
    154 109 251 232 67 164 237 0 178 107 10 0 196 57 255 0 171 233 223 0
    0 22 214 0 29 255 242 207 132 243 195 255 0 255 240 0 244 255 164 51
    0 62 63 0 115 255 255 0 255 223 99 192 22 145 227 111 0 0 167 0 204
    124 46 143 109 79 205 167 255 79 0 255 128 242 255 194 243 255 195
    16 36 92 0 58 60 202 0 255 217 0 255 203 71 255 25 147 221 103 47 0
    201 0 255 255 196 187 255 21 4 179 21 231 250 129 255 218 243 70 0 0
    26 125 255 255 255 34 140 50 50 191 64 238 255 244 0 114 87 0 1 140
    255 185 182 255 0 93 178 93 126 255 0 0 154 0 132 247 255 255 0 98 0
    255 172 0 203 165 0 211 118 0 48 0 152 157 254 197 200 58 255 0 0 29
    40 255 0 246 239 255 0 251 40 122 255 0 163 242 255 217 170 231 0 61
    0 25 30 100 15 238 3 122 255 22 0 0 41 0 16 226 0 255 48 250 13 0
    237 255 93 0 174 173 0 108 28 0 231 255 0 236 255 35 138 255 204 173
    143 103 15 141 143 255 122 1 56 45 179 255 0 60 79 231 255 156 143 0
    242 0 0 1 0 0 255 15 0 255 39 195 182 0 49 255 222 255 255 71 130
    135 0 255 68 1 248 34 199 182 0 108 99 255 255 206 230 0 255 212 49
    255 255 101 76 140 255 213 43 255 33 168 19 172 255 255 121 255 255
    255 255 82 255 11 255 255 0 0 122 151 202 255 255 255 217 185 73 252
    255 254 255 255 123 0 239 238 0 0 89 0 0 255 0 255 0 158 255 205 15
    133 255 255 144 136 0 255 255 98 200 255 255 255 255 215 23 133 107
    125 184 28 255 65 0 187 201 57 124 198 0 15 216 0 0 148 255 182 4
    143 52 233 0 255 70 0 187 48 100 57 166 43 0 237 61 156 37 0 126 255
    0 0 13 0 137 132 255 210 150 104 76 28 8 176 116 118 255 73 255 0 74
    1 0 52 234 182 0 255 255 0 254 200 189 202 137 5 46 240 0 207 195
    209 255 217 65 195 33 255 255 180 0 114 129 0 255 242 126 130 0 101
    0 0 0 213 79 205 241 255 158 128 0 62 127 72 0 0 73 195 0 20 160 123
    0 255 255 255 0 129 189 255 46 122 0 19 0 0 178 0 162 28 30 91 27 0
    103 0 226 25 255 6 218 156 117 72 255 211 255 255 110 1 0 255 167
    148 143 204 98 74 140 171 64 17 172 255 133 183 10 0 153 0 170 130
    22 126 134 0 159 98 137 46 166 8 255 0 154 105 138 121 157 0 152 255
    0 0 54 74 77 255 255 137 163 255 49 195 213 255 106 26 18 86 148 43
    79 255 255 174 0 46 0 255 55 255 208 244 41 68 0 255 255 231 14 0 29
    0 207 255 199 185 190 151 100 255 92 120 236 107 209 0 255 255 192
    70 0 0 0 255 0 51 85 0 60 0 242 255 201 8 203 54 44 255 255 0 255
    253 73 130 90 0 159 135 0 135 173 255 10 244 93 134 89 255 93 144
    218 236 27 148 0 108 0 190 124 18 216 12 206 0 237 255 0 19 231 253
    158 51 206 0 228 238 255 37 123 164 31 196 255 188 0 98 255 0 216
    231 71 235 255 0 0 255 0 175 0 0 236 104 0 195 29 255 21 0 250 243 4
    67 0 175 60 34 218 125 255 199 236 48 5 46 0 51 0 22 0 233 155 125
    160 105 35 174 184 39 144 0 228 255 255 255 0 223 235 72 255 238 0
    20 144 190 47 181 0 159 206 255 44 255 168 0 87 128 148 213 59 16 72
    255 115 183 255 0 67 213 255 107 98 231 255 194 62 44 178 0 149 22 0
    254 63 141 128 255 89 255 53 71 255 0 0 189 0 52 175 255 250 255 213
    82 225 95 14 0 245 0 23 0 66 0 228 48 232 255 29 0 179 88 0 23 255
    64 129 0 31 158 255 236 220 172 195 146 132 74 248 11 255 0 108 0 11
    0 161 0 182 205 85 97 0 49 0 165 185 154 255 36 0 133 41 191 255 134
    255 183 93 212 119 0 22 156 255 0 0 162 32 0 91 221 0 213 0 98 41 0
    213 70 65 152 5 210 83 208 229 75 24 0 70 0 6 248 0 255 219 192 48
    255 16 230 120 110 3 139 175 185 205 255 207 0 202 255 176 126 44 0
    225 227 126 0 0 75 255 255 77 220 0 0 0 0 0 75 255 255 0 248 159 215
    15 1 255 0 175 123 0 227 255 44 0 216 255 27 34 255 87 255 206 12 30
    0 62 50 93 65 109 0 63 0 59 0 255 163 0 0 0 194 209 0 71 234 168 255
    255 101 248 0 24 174 147 255 78 97 255 243 189 255 165 0 255 0 255
    182 111 194 148 144 255 50 0 0 67 255 28 55 155 243 179 253 25 183
    248 86 181 75 255 255 112 0 33 255 96 186 89 56 219 255 158 0 255
    216 185 246 19 87 222 60 25 97 0 0 201 117 11 82 60 75 198 255 162
    27 214 55 66 255 3 250 218 67 255 22 0 225 37 170 127 0 98 0 0 77 0
    29 0 185 153 24 0 231 255 165 46 181 0 235 109 105 53 254 60 172 112
    58 0 23 30 0 0 93 147 0 78 82 47 254 0 117 140 168 156 129 21 213
    238 168 169 41 106 178 119 74 134 0 196 255 206 0 255 216 76 0 127
    255 64 139 97 104 236 113 232 73 72 31 255 69 249 0 14 119 255 25 0
    0 104 156 255 197 0 86 0 0 255 0 124 101 16 224 223 0 255 40 225 0
    61 0 189 226 109 142 44 0 90 41 255 33 50 0 0 122 12 0 131 100 210
    255 255 240 131 255 67 255 240 116 99 255 255 0 230 214 69 151 255
    94 8 62 211 7 195 235 0 138 25 152 255 88 174 244 7 255 56 118 137
    119 62 255 206 126 67 233 174 37 221 255 185 125 46 82 0 61 255 167
    255 126 135 255 129 103 0 153 16 255 0 72 58 232 238 20 225 45 238
    165 132 188 0 85 152 34 0 65 82 255 51 255 16 0 0 0 189 255 152 0 34
    0 188 255 0 25 47 255 244 29 255 255 221 255 108 183 0 66 78 47 250
    0 0 255 227 198 255 190 72 255 87 181 124 154 49 167 104 255 140 180
    236 255 0 89 212 118 155 0 174 223 195 255 255 241 243 107 255 62 45
    0 0 154 130 0 167 25 89 0 25 255 237 0 231 222 80 234 40 224 38 77
    191 59 203 163 93 137 0 242 17 0 194 0 81 0 68 45 95 0 162 40 87 244
    210 255 167 231 228 0 0 94 0 0 27 35 91 223 252 0 129 255 54 23 81
    255 188 255 242 141 255 19 19 191 0 10 193 184 0 247 128 55 159 204
    6 81 0 158 55 0 165 141 255 26 142 168 0 154 106 255 255 255 119 227
    125 237 34 68 255 0 0 227 0 137 110 32 0 150 113 131 78 91 192 114
    80 255 204 255 255 94 41 78 227 0 164 208 0 0 240 69 255 89 34 37
    152 0 0 255 182 184 255 252 223 217 255 255 255 195 0 0 90 0 164 255
    43 255 0 32 231 2 44 0 136 245 131 65 255 166 0 49 63 96 151 163 0
    170 66 6 191 206 254 176 11 0 220 187 204 255 156 146 255 0 182 152
    184 71 255 255 191 67 0 87 0 197 244 0 90 255 203 0 0 79 255 255 61
    39 47 0 255 30 11 255 202 252 235 255 255 230 88 0 136 207 0 208 241
    51 247 255 149 166 255 108 203 59 83 47 0 250 0 255 255 0 255 199
    255 0 197 162 197 80 0 113 195 255 192 255 116 239 67 176 255 2 181
    255 215 255 165 192 101 0 255 255 136 59 0 229 255 53 255 64 22 140
    200 150 0 44 255 255 76 186 255 255 103 217 255 101 247 255 178 0 44
    43 255 48 0 82 208 155 255 112 255 0 255 0 0 0 14 0 152 0 0 0 51 72
    199 94 211 255 75 0 89 255 254 0 0 146 221 245 2 199 255 0 0 241 0 0
    197 114 189 63 15 211 230 255 223 255 243 0 255 14 152 0 0 148 140
    79 102 50 203 255 191 66 20 255 38 27 36 224 0 215 0 79 12 238 168 0
    74 35 113 195 180 0 155 148 9 233 200 110 241 199 255 216 219 18 0
    255 205 0 0 255 255 139 206 94 255 0 0 0 0 64 64 255 45 255 255 126
    255 0 44 0 255 17 0 252 80 255 26 206 59 0 255 112 255 0 255 115 255
    177 164 0 214 35 205 80 255 90 206 253 31 84 136 229 255 210 247 255
    72 14 0 0 255 48 79 146 207 255 0 215 214 245 255 63 40 245 235 142
    163 0 106 255 102 136 240 142 145 0 254 235 47 166 94 188 253 255
    130 205 136 97 80 255 255 254 255 36 0 38 59 255 0 65 178 5 119 0 0
    235 255 23 0 2 22 195 0 92 0 48 0 255 0 141 47 0 132 0 85 178 126 0
    255 255 0 81 43 2 0 0 82 0 143 135 255 255 255 255 19 68 187 255 242
    169 189 169 132 0 14 255 0 255 31 154 94 70 100 31 0 255 161 222 255
    64 0 80 94 0 0 44 149 183 169 244 111 188 12 255 244 212 0 0 227 255
    242 255 0 178 16 135 11 34 0 255 239 105 252 242 255 180 189 255 236
    0 229 238 238 159 192 115 255 113 167 66 255 214 0 141 13 0 49 255
    82 0 0 204 27 255 26 144 0 117 215 80 89 255 255 184 0 0 221 67 17
    82 27 41 0 230 2 255 255 0 255 247 0 111 20 35 17 61 174 0 255 81 0
    255 255 143 97 120 199 252 177 155 109 255 241 153 74 67 255 15 102
    255 255 182 255 0 240 1 0 14 255 0 253 145 120 246 255 154 30 255
    248 111 168 200 255 48 15 255 174 136 255 25 255 255 0 92 0 158 33
    37 209 0 0 170 229 77 20 58 255 205 149 193 153 75 255 255 39 100
    176 25 0 252 194 115 181 255 0 255 195 0 0 162 226 73 255 255 93 214
    141 0 132 255 141 42 97 246 181 12 150 133 122 77 0 255 199 237 255
    107 43 254 0 23 157 147 255 0 0 255 175 28 91 146 113 0 49 0 26 255
    255 21 113 237 77 0 0 32 132 77 161 99 62 61 146 15 255 222 234 239
    241 91 0 0 46 0 0 135 228 255 54 105 0 219 251 171 114 18 228 82 255
    27 0 255 0 0 192 88 0 122 0 127 0 190 251 0 120 215 255 74 255 148
    244 89 154 248 0 129 0 255 0 255 22 120 145 177 0 248 255 255 134 0
    120 0 191 255 215 135 90 206 255 248 92 60 0 170 176 182 21 241 0
    114 0 255 255 255 207 255 255 0 84 115 0 178 63 124 168 0 254 136
    106 61 145 253 255 255 255 0 255 42 0 77 0 99 213 66 59 25 213 255
    246 255 255 0 50 149 93 160 168 0 255 72 6 94 255 1 178 224 0 200
    255 161 42 192 0 255 18 44 86 191 33 255 255 58 142 90 166 219 93 93
    0 94 169 72 255 244 170 31 29 0 136 0 116 121 163 92 0 225 221 0 247
    255 41 34 189 238 255 255 255 233 0 0 247 0 0 155 90 68 0 3 243 252
    67 33 255 0 225 24 160 255 0 255 251 255 99 114 245 0 197 0 224 5 0
    0 39 0 0 255 200 0 0 191 166 4 91 111 255 255 247 255 158 45 214 255
    255 121 162 84 118 255 0 21 118 191 143 157 255 180 23 15 112 255 6
    24 14 38 66 23 217 191 151 201 22 255 62 91 0 74 162 147 255 0 0 163
    0 62 200 128 29 217 99 0 130 212 255 233 110 80 0 98 255 0 200 136
    152 0 69 0 254 151 235 116 136 138 255 251 13 125 210 0 239 212 4 0
    7 98 16 0 0 0 27 255 60 0 230 224 0 0 242 255 0 31 61 7 13 255 0 10
    149 255 111 234 33 130 119 216 18 137 0 0 0 255 0 242 156 0 21 55
    255 0 35 20 236 255 0 66 73 28 25 0 0 0 3 0 255 192 79 16 161 21 155
    44 0 0 0 229 179 0 255 31 45 250 0 35 29 142 137 234 240 239 21 255
    0 0 255 0 0 126 255 0 255 255 0 86 255 255 204 255 0 0 0 108 227 164
    231 198 176 66 255 0 97 92 1 81 0 0 215 0 47 255 207 140 172 101 248
    143 208 0 0 255 255 99 0 180 122 220 13 0 255 202 170 255 255 255 54
    203 242 0 81 25 0 199 79 93 222 216 62 54 171 232 0 0 0 78 229 110
    243 190 33 241 159 199 0 148 0 1 219 151 163 0 173 161 0 252 255 136
    206 75 159 37 201 177 158 0 255 192 0 255 166 38 81 0 0 60 88 250 0
    255 255 248 238 255 0 225 95 37 255 173 122 0 233 28 196 0 245 162
    138 194 137 0 113 255 0 0 69 84 137 126 51 107 241 3 57 195 0 0 255
    219 158 26 48 254 19 255 0 0 255 73 83 195 182 153 223 164 255 52
    173 72 221 96 0 183 126 64 197 255 0 255 255 187 12 85 98 255 0 78
    255 180 255 213 255 40 0 72 255 255 33 255 214 0 255 84 48 255 209
    54 255 66 0 102 0 101 167 32 0 217 0 93 233 87 163 255 0 114 255 0 3
    0 255 87 20 75 36 0 160 255 188 255 255 0 130 0 0 155 0 0 0 73 237
    120 140 175 147 210 0 246 107 48 37 193 113 255 132 192 181 153 0
    255 57 255 0 226 76 216 84 0 255 0 167 0 60 34 255 0 108 5 43 49 130
    111 189 170 102 63 121 3 194 166 0 4 243 0 0 122 255 176 45 29 25
    249 0 194 143 100 108 45 184 0 66 75 175 58 147 218 52 0 70 255 66 0
    255 0 95 0 0 63 38 75 6 228 5 142 229 3 255 255 140 53 255 178 255
    181 93 156 200 255 177 0 232 94 169 255 4 1 18 145 130 25 121 235
    222 255 36 0 10 0 100 133 86 255 241 224 204 255 109 0 255 68 255 60
    209 0 25 216 0 162 254 255 38 158 255 0 117 147 255 153 11 255 0 84
    14 49 71 239 71 250 255 249 206 255 65 255 33 114 86 255 0 229 193 0
    58 51 138 255 190 126 39 255 255 88 255 0 221 185 95 0 23 255 210 52
    255 255 133 49 186 0 199 255 255 255 79 255 94 170 189 83 255 255 0
    252 215 0 137 255 255 144 68 236 255 61 0 255 21 194 202 8 165 153
    44 255 0 107 255 159 154 3 175 0 0 0 246 213 245 186 146 0 66 38 0
    255 239 255 255 75 186 214 0 0 229 67 13 0 216 57 116 91 0 217 0 75
    74 193 0 255 255 0 255 217 124 195 158 0 60 151 147 255 255 181 0
    255 140 0 0 255 0 21 255 37 243 255 135 27 166 255 0 0 212 0 0 113
    255 0 0 255 255 252 60 72 97 45 140 255 11 15 134 48 108 147 0 64
    138 255 162 0 0 0 255 0 0 194 70 175 210 0 255 255 28 255 161 238
    107 255 113 38 0 25 125 255 0 255 53 0 61 179 80 179 190 0 255 154
    181 0 0 239 157 255 199 91 1 255 202 255 152 22 233 55 216 1 16 15
    129 178 79 255 192 200 170 116 255 67 7 0 0 198 40 226 54 0 58 190
    227 144 7 128 51 121 255 255 114 49 0 246 84 56 255 198 0 114 255 0
    168 74 53 255 216 115 65 159 178 0 17 59 0 0 174 229 2 76 255 255
    189 255 126 110 0 132 49 79 136 245 251 43 110 0 218 188 186 255 11
    180 55 214 147 171 255 0 0 75 0 254 0 255 68 0 157 102 0 63 255 255
    96 225 187 255 205 117 255 81 0 107 17 0 0 161 255 225 0 58 71 178
    255 171 0 112 116 223 192 24 134 206 0 0 225 255 128 0 218 255 0 204
    0 0 239 213 237 236 0 8 255 255 0 33 255 5 0 87 239 218 0 6 255 77
    66 119 134 163 55 0 255 173 159 191 64 133 198 182 179 183 0 255 255
    0 23 255 250 105 172 37 27 255 171 11 35 0 0 255 0 255 0 255 163 172
    163 3 70 15 255 128 0 49 0 216 194 40 0 255 147 13 255 5 103 12 229
    131 255 0 57 255 255 231 255 178 55 0 0 90 37 0 255 255 60 38 0 162
    56 255 186 116 108 233 0 0 151 255 173 255 29 255 29 224 0 116 40
    207 168 4 0 0 255 99 79 255 255 255 255 221 0 207 0 205 174 0 21 207
    194 255 149 236 95 255 25 22 0 255 0 0 255 189 255 133 61 13 0 255
    176 133 255 232 0 138 0 127 255 227 255 98 203 196 0 212 82 135 178
    0 153 159 255 180 239 149 0 243 127 75 254 0 203 114 157 255 11 161
    0 91 97 198 156 101 120 0 234 123 0 255 190 131 75 128 160 21 0 255
    0 94 0 151 223 22 192 37 73 0 61 39 0 91 255 209 254 255 255 99 0 61
    76 80 131 96 41 0 180 87 255 123 203 12 0 39 0 103 153 255 0 223 255
    41 0 48 0 21 0 0 0 0 78 133 62 100 219 67 0 255 255 255 109 1 0 0 72
    255 252 218 136 230 207 80 23 0 12 0 0 255 231 157 195 35 88 75 255
    0 183 66 255 0 21 255 0 5 97 0 0 120 89 216 136 69 255 129 180 118
    168 255 0 255 40 59 22 255 191 100 56 0 194 144 131 175 255 0 255
    255 0 194 255 0 0 78 0 223 65 235 252 58 255 62 255 170 36 3 53 68
    110 133 255 255 204 71 255 52 255 255 65 147 0 255 0 18 0 77 0 255
    32 72 255 0 31 0 133 255 225 0 0 255 52 94 255 47 0 78 118 239 255
    178 0 231 51 0 0 115 72 19 221 255 137 0 255 0 174 25 227 27 97 69 0
    61 68 0 0 228 0 45 81 129 119 135 181 204 218 0 220 190 21 255 173
    91 97 52 24 0 177 193 189 94 0 223 241 234 0 60 12 255 0 148 244 103
    255 0 199 58 248 0 0 157 223 150 97 0 0 105 158 211 255 40 199 246
    68 182 255 205 0 1 211 0 255 111 255 0 230 129 0 74 255 143 0 55 63
    207 3 34 162 0 255 0 12 255 255 112 255 227 0 255 0 0 29 234 197 83
    0 11 144 0 82 255 255 222 171 0 144 202 108 95 174 255 146 63 173 66
    68 255 0 0 254 49 105 166 9 0 0 226 152 38 216 0 189 0 126 156 31 8
    102 0 255 12 255 223 0 48 138 22 0 255 0 123 255 94 88 18 139 0 78
    149 255 156 117 124 28 73 186 0 255 69 54 247 78 145 65 179 99 110 0
    0 82 213 255 35 16 238 194 0 67 122 199 30 255 51 255 255 177 22 255
    255 105 255 99 136 111 66 255 196 255 255 255 255 216 0 255 52 158
    232 74 148 133 67 0 254 70 18 36 199 39 223 240 0 139 70 162 84 8 6
    255 0 152 0 0 90 182 0 169 255 255 0 232 255 23 33 183 255 51 234
    110 201 62 106 122 188 137 255 0 234 8 214 0 0 5 17 0 0 155 124 0
    255 242 46 90 54 223 255 255 145 255 64 255 166 227 135 0 245 219 54
    255 0 73 208 255 160 0 40 155 255 142 108 52 211 255 138 163 179 255
    36 0 0 13 255 119 173 213 255 15 0 111 212 60 160 255 16 128 7 30
    255 205 255 232 102 0 125 166 121 134 255 255 255 179 148 13 255 116
    0 0 255 0 62 255 255 0 0 0 255 8 0 209 253 251 255 48 255 255 70 41
    0 209 147 255 188 220 255 35 101 69 152 8 92 118 40 180 0 158 80 255
    167 171 255 245 183 23 31 89 89 86 205 213 149 232 0 255 41 169 34
    109 113 183 167 0 78 40 255 242 145 255 146 145 255 29 85 8 255 255
    191 47 122 74 0 106 255 255 195 139 104 255 21 0 44 0 255 134 0 254
    255 255 53 24 255 125 247 0 211 136 3 0 229 0 192 243 12 255 0 0 50
    30 36 255 120 0 249 234 60 86 90 39 153 148 116 122 255 255 255 119
    83 0 0 195 232 80 50 157 255 214 42 70 175 240 33 130 0 200 240 123
    194 123 0 0 255 70 0 0 0 0 0 103 255 0 255 255 245 0 92 255 217 203
    71 73 211 255 9 255 88 0 22 195 50 255 185 255 3 255 52 242 255 222
    0 112 0 48 0 255 249 255 2 0 104 218 13 24 0 181 255 255 208 198 97
    151 193 0 117 176 250 255 0 251 255 0 189 157 255 0 0 255 41 202 128
    251 174 22 176 22 111 30 21 148 175 232 184 41 255 0 0 105 255 0 0 0
    109 225 200 218 0 209 2 170 25 23 167 137 3 174 0 9 222 167 236 6
    208 109 23 0 27 59 146 255 255 40 141 0 86 0 47 255 46 0 237 127 255
    255 255 255 83 131 156 255 0 166 0 214 32 143 120 72 238 245 18 255
    68 159 255 236 83 0 156 134 2 91 103 255 0 0 236 107 241 213 170 255
    178 85 230 95 60 172 0 255 148 144 113 0 125 255 18 0 141 66 0 0 0
    219 0 211 73 104 89 199 86 141 255 255 255 255 201 73 0 0 244 147 57
    129 100 0 0 69 140 0 255 194 0 74 0 18 130 255 199 95 0 61 102 81 0
    185 255 234 80 22 255 0 107 226 0 182 28 233 249 201 203 215 255 248
    115 160 12 9 141 0 125 255 255 0 255 194 0 0 0 255 226 0 52 150 201
    0 254 206 225 29 93 36 0 0 151 0 234 255 31 114 255 104 211 64 255
    255 21 13 255 207 40 255 131 199 239 255 0 156 255 0 192 124 143 77
    255 45 135 255 110 121 255 40 255 5 132 255 255 255 156 255 255 0
    255 143 217 243 0 255 0 255 255 41 27 17 0 59 33 0 0 0 255 0 115 255
    0 133 239 12 85 240 255 166 24 240 60 255 175 161 13 179 227 136 0
    29 71 0 196 221 114 147 255 48 236 255 71 248 255 206 0 102 255 88
    255 106 248 242 255 255 221 255 87 255 0 255 232 255 6 200 122 249
    231 223 158 62 68 161 255 103 0 77 0 255 38 0 255 219 0 0 51 255 0
    165 255 243 0 125 49 59 223 0 255 0 255 226 255 155 72 255 9 142 130
    255 255 255 0 82 0 140 200 255 31 210 157 223 59 237 131 68 130 219
    149 0 142 181 114 0 107 95 176 240 69 255 161 8 255 75 83 237 108
    255 193 255 102 63 255 255 103 249 78 0 234 255 66 73 173 0 0 182
    157 120 76 202 0 162 0 0 72 102 240 131 22 255 26 165 111 87 0 0 0
    255 154 0 0 246 48 0 37 64 114 255 37 55 28 255 255 0 211 180 184 28
    0 255 228 232 94 237 95 214 169 144 255 210 225 103 255 134 212 0
    255 0 0 234 11 65 0 0 255 86 83 255 249 108 36 189 60 0 8 255 0 0 50
    210 255 56 151 0 0 185 27 34 0 20 217 176 204 92 91 145 255 0 96 0
    255 255 156 28 82 235 90 255 0 72 255 255 120 255 176 112 116 195 76
    107 255 176 84 211 47 61 80 255 128 255 0 45 0 255 44 0 76 87 206
    255 49 147 0 0 240 225 0 62 89 157 255 213 52 175 217 124 17 93 211
    93 255 65 0 0 253 191 6 255 255 143 189 113 0 0 39 1 133 76 193 112
    145 74 246 0 111 255 157 255 255 255 11 53 84 0 199 255 255 255 64
    11 16 0 190 88 255 255 212 0 202 213 32 146 0 0 0 179 0 0 222 13 255
    186 240 24 0 255 29 255 255 93 255 0 185 60 104 162 255 255 0 0 255
    48 0 138 32 112 255 41 6 205 0 198 133 0 255 240 0 125 245 255 131 0
    79 130 109 88 151 117 255 85 100 255 0 183 30 129 212 37 146 242 0
    255 255 0 85 157 255 0 214 59 131 135 230 0 0 255 87 0 207 219 0 0
    126 18 52 255 255 0 52 92 97 255 55 255 96 255 1 227 255 255 0 0 0
    194 20 24 253 211 255 236 255 255 255 221 117 90 255 255 0 207 36
    209 48 255 255 0 255 117 198 255 180 0 0 255 65 20 88 58 0 185 119
    255 175 0 255 53 47 71 0 0 7 51 0 12 58 145 59 221 0 255 63 123 65
    255 213 61 245 148 255 178 98 84 67 0 10 189 0 159 0 0 23 179 209
    146 255 218 0 255 0 0 206 0 242 52 168 178 160 80 52 39 120 125 255
    0 0 40 130 233 115 180 233 227 0 229 0 245 255 124 177 61 255 0 58
    251 0 221 154 157 164 222 0 0 255 202 66 0 255 177 255 194 50 0 204
    27 0 95 186 143 173 21 32 0 91 246 16 140 182 217 255 224 223 66 26
    229 62 144 117 255 255 101 110 255 120 0 130 159 48 202 255 146 3 41
    0 170 66 45 130 46 201 255 95 0 237 48 189 252 34 141 250 124 255 56
    98 155 148 255 23 183 99 212 0 125 255 0 0 255 207 255 0 90 0 223
    120 59 0 92 255 180 219 226 25 18 0 129 191 144 255 101 137 29 60 0
    8 255 118 255 145 152 81 2 215 255 0 74 220 165 103 79 101 0 206 151
    41 133 172 0 54 139 255 228 34 104 36 255 67 0 168 255 188 255 255
    82 255 255 0 255 255 255 165 94 0 255 255 0 127 0 255 255 33 255 11
    255 187 171 109 223 255 79 189 116 232 0 255 48 255 35 46 20 150 220
    0 55 132 51 0 119 255 4 0 32 218 0 62 230 163 0 0 21 255 120 77 195
    255 141 0 0 151 0 0 83 255 0 151 255 84 0 40 255 12 0 255 255 82 0 0
    0 22 200 255 0 244 153 8 255 88 135 9 0 255 232 44 0 71 119 135 0 77
    255 66 82 255 0 0 255 249 0 255 48 46 0 214 255 129 21 247 0 157 186
    255 0 219 193 105 103 0 108 255 255 160 7 61 254 166 41 0 185 8 229
    255 255 63 198 220 119 177 255 78 11 9 0 255 187 127 45 188 255 90 0
    237 76 130 115 255 0 7 255 0 255 253 208 218 219 184 0 91 188 153
    255 173 255 57 37 184 219 255 203 255 151 138 0 29 229 255 0 255 169
    244 48 177 171 0 117 237 232 143 0 255 214 255 58 139 247 112 255 0
    192 157 255 28 115 174 255 193 0 0 4 45 0 112 0 195 230 0 124 168 25
    255 0 34 0 0 0 148 110 202 255 173 44 151 255 170 142 118 129 0 140
    15 118 0 255 117 110 213 0 205 183 106 0 69 95 145 241 0 158 64 255
    171 6 180 77 140 35 173 0 0 255 0 29 255 255 78 162 81 117 255 139
    120 255 0 188 167 251 233 0 0 121 97 255 67 0 232 209 0 197 255 0 13
    155 36 120 179 255 52 29 39 214 64 205 165 255 223 255 226 119 54
    255 103 59 26 0 142 0 72 127 0 202 255 225 68 128 198 169 89 170 201
    247 78 255 245 57 255 76 182 23 255 146 100 169 0 0 226 186 0 0 83
    112 0 32 23 0 61 0 147 0 63 151 130 126 234 255 63 0 16 215 112 91
    218 0 63 255 255 50 255 255 73 255 0 8 74 210 254 255 255 136 186
    255 255 0 255 108 233 90 255 254 255 0 255 255 139 173 0 192 31 65
    37 236 0 6 0 18 0 180 186 110 237 83 94 0 23 128 244 106 0 255 87 0
    255 196 150 0 0 7 241 0 255 0 51 16 252 255 255 236 132 0 0 25 255 0
    188 81 56 0 64 127 44 0 241 196 130 0 0 46 255 0 227 255 0 78 251 0
    0 128 255 176 0 69 154 163 11 203 225 243 255 255 255 137 159 157
    255 251 0 69 241 31 123 90 255 25 0 96 28 255 0 1 90 79 255 115 0 0
    0 151 255 13 21 250 241 75 238 111 165 182 245 155 0 116 231 254 51
    60 0 169 255 209 69 255 41 100 37 255 49 255 56 0 0 56 69 0 102 255
    10 25 160 116 0 255 255 0 149 111 1 75 0 152 0 178 235 0 57 169 248
    0 141 153 255 157 60 38 208 252 0 0 116 0 158 69 77 174 255 0 0 255
    235 17 0 32 255 149 77 112 103 0 114 0 0 0 126 136 65 193 248 255 0
    152 255 242 0 111 227 183 0 171 0 9 0 255 177 93 255 255 250 174 0
    30 20 214 113 0 255 246 253 194 210 0 202 0 255 217 131 194 255 0
    255 40 255 255 249 0 129 201 105 122 0 255 255 255 88 0 189 84 68 58
    167 0 255 255 227 140 176 255 255 17 27 107 68 182 252 132 1 77 247
    0 139 166 213 46 255 0 255 0 0 255 73 0 255 0 188 227 0 189 0 255 94
    50 0 123 192 39 174 0 115 31 0 115 9 218 255 253 208 0 0 254 48 255
    115 122 0 255 255 19 127 124 0 236 255 33 196 255 201 0 140 148 255
    0 0 171 182 253 46 255 218 105 9 236 216 255 70 245 0 169 135 0 0 0
    57 68 77 114 4 129 70 0 219 115 232 20 255 60 164 11 6 0 220 255 255
    185 14 255 222 0 255 191 211 229 0 0 246 142 255 255 114 255 34 28
    148 225 179 0 255 208 60 255 0 255 100 176 92 7 180 255 255 2 0 222
    251 132 221 255 85 0 255 255 208 0 37 29 170 220 76 0 80 190 21 245
    78 247 255 13 110 255 171 255 0 0 155 255 255 33 102 150 163 237 177
    114 151 215 255 204 47 255 33 16 255 240 18 100 205 217 161 74 255 0
    252 238 216 255 255 255 205 154 0 240 106 0 182 196 255 74 0 243 255
    154 149 179 144 2 0 79 66 255 34 151 74 29 255 255 231 0 59 255 255
    0 255 0 0 174 193 14 146 195 28 255 77 110 255 255 255 0 255 56 219
    195 0 195 0 157 0 255 35 255 169 175 160 133 0 35 146 255 242 255
    163 68 192 234 255 137 54 46 0 188 153 0 255 106 216 6 0 0 116 255
    177 255 196 0 175 102 9 68 0 211 0 37 255 152 0 82 255 0 60 19 255
    65 0 31 0 0 255 255 213 4 16 14 191 49 115 0 255 57 168 62 141 22 0
    211 111 255 78 34 43 111 255 244 40 230 0 132 149 0 255 121 255 69
    78 255 55 255 255 224 176 232 163 255 0 255 85 39 41 0 44 173 245 10
    75 87 175 180 255 0 0 193 255 139 102 78 233 0 88 49 0 242 222 194
    191 247 255 121 0 141 224 255 0 255 124 200 255 18 99 65 8 0 93 255
    4 0 255 9 213 141 0 226 236 0 89 255 255 81 41 255 5 74 0 255 0 67
    239 255 229 0 153 114 41 255 223 108 255 63 212 20 242 114 94 191
    159 0 255 0 0 255 0 0 255 211 226 9 255 255 0 102 255 255 0 0 139 47
    255 13 255 143 0 204 116 126 94 0 255 150 255 103 136 255 255 0 191
    80 154 255 255 0 0 106 0 0 0 4 0 71 255 133 0 255 0 36 8 71 214 0 62
    255 204 78 58 255 96 255 255 79 255 0 30 213 224 212 150 234 0 135
    255 199 185 0 255 228 157 244 95 0 0 255 255 29 143 255 129 0 68 204
    0 36 105 27 233 152 255 231 239 183 94 255 160 32 200 0 205 64 188
    106 0 211 224 198 142 255 174 255 241 228 72 51 137 227 225 108 162
    81 0 255 255 30 95 0 217 205 105 72 17 255 133 27 0 0 255 62 255 255
    221 194 255 255 188 255 0 249 78 36 115 99 192 43 255 255 0 152 0
    184 158 0 255 140 255 0 181 35 20 179 34 194 255 22 8 45 75 0 151
    202 3 169 84 74 243 67 255 255 255 170 255 196 255 174 0 175 92 250
    193 255 255 34 90 0 0 255 157 218 123 255 0 92 255 242 216 44 40 0 0
    154 0 61 61 152 255 136 228 187 0 0 38 148 105 4 255 150 0 255 155
    255 21 32 255 0 10 152 147 24 28 57 192 237 158 255 57 174 0 131 87
    0 109 206 23 254 0 0 0 111 108 255 15 255 142 0 122 255 39 2 226 180
    78 0 73 0 255 66 255 0 176 0 239 131 227 45 238 0 55 0 107 166 108
    255 0 186 51 220 26 34 0 122 247 149 222 149 21 221 176 255 255 221
    212 255 104 255 93 92 123 186 30 252 194 37 30 156 83 184 160 162 17
    80 42 0 172 0 0 255 102 255 27 19 30 64 202 0 4 118 157 0 178 255 0
    0 100 0 34 0 190 133 0 199 224 255 243 0 74 152 0 0 13 65 255 47 255
    255 0 255 210 114 138 82 155 70 0 255 181 0 8 221 0 255 15 210 255
    135 0 41 255 228 255 140 74 0 0 116 18 24 2 66 11 4 242 255 213 255
    255 90 8 164 90 0 73 58 255 0 105 255 108 0 107 77 46 255 0 0 122 71
    0 7 255 0 255 255 34 144 255 255 20 0 91 89 116 0 249 196 118 109 81
    120 0 255 142 197 255 41 137 190 140 133 103 227 82 57 0 183 255 159
    190 116 255 0 168 255 193 64 143 192 0 59 255 0 0 255 255 31 202 88
    0 203 159 47 77 255 13 5 255 255 70 41 255 157 29 0 255 127 254 255
    226 0 53 130 0 22 215 112 34 0 255 218 255 255 0 239 73 143 0 212
    180 0 163 255 142 255 60 185 74 98 255 102 199 234 0 255 205 174 0
    73 0 0 160 146 9 22 18 255 0 24 135 117 255 174 255 111 0 76 183 91
    86 255 255 194 74 255 255 195 9 255 0 78 239 218 0 255 0 161 255 136
    30 3 40 247 104 227 255 85 125 255 1 0 104 218 102 154 251 197 255 2
    31 53 39 219 162 0 18 255 197 153 98 0 0 212 161 0 36 0 255 146 231
    19 64 0 255 120 19 236 255 3 0 235 187 140 153 0 0 43 97 19 255 254
    203 255 235 255 0 255 20 221 253 96 255 184 213 255 207 66 172 32
    223 70 255 0 10 37 133 0 95 149 148 255 56 180 151 147 255 255 23
    194 255 11 255 8 101 255 250 102 212 235 1 144 0 255 22 56 255 236 0
    175 236 19 59 78 0 194 36 0 255 60 211 51 255 255 204 20 0 0 129 46
    255 183 255 0 136 66 93 95 205 229 184 2 255 255 0 251 6 132 255 0
    188 255 184 219 227 0 2 16 106 206 71 170 255 130 0 0 156 192 196
    235 184 6 79 105 56 255 255 0 41 255 211 255 54 255 244 119 255 87
    66 136 215 80 152 82 76 5 9 255 255 0 255 255 211 44 255 143 250 80
    255 212 0 255 170 126 255 78 70 255 186 37 255 56 0 28 70 255 0 0
    204 171 50 0 253 239 212 255 202 198 0 157 194 0 29 192 0 127 164
    206 255 50 125 205 0 205 84 99 242 54 86 0 141 64 254 206 64 3 141
    163 183 0 255 0 98 255 0 255 255 47 255 49 13 237 0 47 162 0 70 0
    255 255 255 180 255 116 11 0 0 0 14 0 7 0 255 255 255 0 255 255 0 71
    69 0 147 231 11 36 222 105 29 0 0 0 36 74 184 36 220 192 118 228 255
    255 238 134 255 27 255 0 198 28 36 175 31 149 184 155 0 255 255 163
    204 5 121 0 202 198 86 86 217 216 169 141 71 185 255 104 0 255 189 0
    5 178 44 128 253 255 211 110 165 0 0 161 22 2 0 0 58 24 108 0 0 25
    77 199 59 192 231 255 255 255 121 0 123 43 198 32 228 217 63 160 187
    220 0 0 39 199 255 236 234 255 3 0 219 217 255 0 104 0 255 255 255
    254 255 191 255 140 65 0 97 7 17 255 228 171 165 255 205 185 255 0
    253 59 255 255 255 38 255 255 189 255 240 255 159 4 255 255 0 66 255
    150 45 37 120 255 54 26 255 172 196 0 136 0 0 255 0 255 174 26 255
    220 178 193 198 141 134 0 34 0 100 190 122 92 116 9 121 255 255 26
    215 149 255 184 0 140 60 255 175 97 255 4 247 0 123 255 88 144 167
    255 0 36 170 64 138 170 163 190 0 0 0 129 189 140 231 0 0 255 0 255
    255 196 44 0 194 230 14 123 3 255 109 177 0 0 255 225 13 53 12 255
    38 56 59 221 228 139 241 232 24 3 206 182 255 0 212 28 0 214 17 0 77
    0 22 183 137 100 0 226 200 0 37 255 64 176 42 53 0 234 250 21 130 1
    13 206 185 0 35 20 255 150 64 255 165 45 0 163 122 247 0 232 207 111
    7 190 0 249 255 193 164 216 24 29 85 31 35 0 54 10 56 255 0 255 0
    151 110 46 222 255 72 255 255 10 255 255 23 23 2 111 36 255 61 40
    223 10 0 226 255 218 82 153 180 0 173 103 164 0 178 32 255 0 196 255
    153 0 0 32 0 99 171 127 255 255 135 0 165 21 42 255 61 255 255 0 255
    75 161 184 10 255 19 208 118 96 215 41 30 134 140 255 76 210 111 255
    36 193 95 162 255 211 250 0 36 17 82 147 238 55 156 0 199 73 227 255
    104 0 160 4 227 24 210 255 255 8 147 149 59 0 255 0 255 58 0 0 147 0
    0 232 255 141 21 255 189 73 136 91 0 0 141 191 255 100 255 210 99
    121 161 0 255 230 255 215 255 121 0 255 0 189 208 81 0 137 111 0 108
    207 255 0 0 101 241 89 5 246 34 240 163 137 111 116 130 195 172 32
    160 101 185 0 194 38 174 255 248 255 255 116 25 143 14 9 43 0 255
    124 0 22 141 170 83 209 66 104 244 121 132 255 148 255 255 73 180
    159 255 87 194 123 0 176 128 63 108 97 180 255 65 156 255 126 158 14
    227 169 119 140 222 178 120 255 255 0 195 70 197 0 195 13 187 0 230
    255 0 95 0 199 125 222 26 242 100 43 83 255 247 204 155 0 0 255 231
    141 173 255 218 20 36 199 168 132 87 0 255 255 55 255 179 35 255 88
    0 49 255 182 157 36 51 234 6 0 186 141 255 204 200 66 57 212 238 255
    0 255 5 0 38 199 170 209 0 0 226 59 32 0 126 0 105 255 40 0 0 18 255
    59 123 0 132 74 70 0 34 147 0 215 0 15 22 0 255 83 205 22 206 119 66
    247 16 255 0 255 255 255 236 255 255 255 0 140 98 19 68 179 255 0 46
    149 255 193 124 215 255 139 134 251 255 115 110 112 253 255 195 0
    255 56 219 0 32 96 201 21 255 220 100 255 56 0 100 21 255 219 12 17
    255 255 126 41 255 58 135 187 0 16 255 155 255 0 195 208 251 246 202
    255 255 208 0 255 81 255 0 255 142 226 13 125 195 255 255 253 0 66
    11 158 122 122 0 25 0 208 0 215 121 0 206 21 255 122 255 255 83 144
    226 245 0 34 0 176 131 0 115 38 135 41 68 255 153 135 158 22 129 255
    0 32 59 142 3 255 86 255 53 251 0 10 198 0 74 124 255 175 202 255 0
    7 223 36 255 35 255 0 124 190 0 159 254 181 148 72 0 94 202 102 72
    89 59 255 0 190 255 17 255 109 20 37 0 224 35 183 115 0 255 0 113 0
    243 255 0 0 255 0 125 28 56 0 255 255 255 61 255 197 97 0 149 0 208
    137 155 255 228 80 100 90 254 0 255 81 255 35 236 255 0 140 0 0 255
    38 234 0 102 248 91 124 19 255 199 0 217 111 202 18 150 174 255 127
    175 0 0 211 50 0 0 33 0 65 48 154 0 155 60 0 207 255 68 255 255 251
    0 255 18 210 255 109 158 255 105 32 255 245 0 25 29 0 0 129 97 194
    221 0 0 244 205 62 54 255 231 80 152 41 0 156 0 255 140 255 0 104
    137 121 242 112 255 141 247 61 15 218 110 82 183 0 85 255 215 212
    108 0 59 0 61 5 0 66 8 29 235 0 52 77 180 248 90 83 104 81 0 79 223
    18 213 176 112 80 36 118 255 134 214 255 255 15 253 198 226 0 0 255
    0 252 0 54 0 171 255 0 255 255 39 0 83 255 4 0 137 164 0 255 0 0 0 0
    28 255 184 122 0 10 135 255 172 26 169 242 255 27 105 255 0 255 94
    163 211 255 130 95 0 171 0 189 252 153 242 101 255 117 12 255 0 61 0
    255 255 119 215 0 255 43 14 219 197 0 194 174 0 92 13 143 104 11 103
    229 0 0 156 253 100 82 255 38 217 10 54 153 133 250 148 209 0 145
    161 159 255 22 10 59 218 0 0 54 255 255 32 23 255 0 15 193 196 255 0
    122 203 1 107 74 204 63 255 255 124 255 255 224 0 0 65 0 255 0 61
    255 42 0 255 0 0 135 84 183 255 3 255 143 98 58 213 220 255 193 13
    33 255 255 207 241 249 156 0 61 216 80 19 48 250 75 255 139 94 255
    36 52 81 255 255 0 70 0 247 67 192 68 255 2 160 0 0 42 0 7 255 193
    255 216 237 255 239 248 113 135 0 104 222 0 182 0 255 204 146 255 0
    208 69 85 255 255 0 0 230 60 0 49 0 231 255 211 25 245 0 0 118 118 0
    0 0 0 129 255 0 0 109 222 104 198 153 156 103 255 122 32 226 255 23
    29 141 186 126 161 106 203 179 102 255 255 16 131 158 185 205 115
    122 31 15 83 213 255 130 255 105 133 136 166 0 255 255 142 255 0 85
    224 253 255 212 255 41 247 122 57 166 112 231 253 0 58 255 5 0 0 255
    0 181 169 15 3 13 212 69 109 255 219 241 76 143 38 195 0 0 35 255
    202 106 132 27 250 0 255 183 0 129 0 0 0 83 168 159 0 255 0 84 0 10
    147 255 99 255 53 192 0 198 0 18 189 255 213 147 255 255 255 254 141
    255 58 202 255 178 52 239 227 170 0 32 75 122 255 183 164 165 185
    255 243 10 24 0 0 125 169 122 255 18 153 130 43 0 133 0 0 0 108 0 0
    243 217 0 0 255 18 185 142 0 132 0 234 0 147 213 255 6 0 131 243 243
    0 6 0 116 35 255 96 255 131 255 19 219 182 199 0 20 255 0 38 0 233
    255 220 0 0 39 255 51 255 229 255 0 0 255 255 151 41 86 35 118 47
    107 80 86 0 74 115 156 0 255 26 30 187 255 39 157 155 255 255 90 177
    132 255 0 255 165 110 138 95 9 93 218 0 0 98 205 41 107 43 33 255
    255 161 245 255 134 96 242 255 255 255 182 253 110 0 215 249 134 255
    138 254 0 186 125 0 40 50 130 255 119 29 50 167 166 38 140 249 255
    190 27 116 0 128 255 51 250 14 85 36 250 0 242 66 208 204 0 208 20 0
    251 71 8 114 255 255 187 255 207 244 21 255 0 84 142 215 20 253 255
    255 223 0 99 70 0 224 0 200 0 138 174 0 255 121 122 42 89 0 148 0
    150 0 255 255 254 0 234 170 255 134 0 0 86 255 204 48 255 251 218
    156 255 0 150 255 183 241 251 106 182 0 164 23 82 228 0 255 6 5 0
    131 255 80 236 255 194 76 0 248 186 101 216 19 6 0 255 169 214 34 0
    146 0 0 0 255 157 255 223 255 255 96 255 0 255 255 0 0 39 149 255 0
    18 255 105 214 0 49 236 37 105 153 59 255 80 0 43 34 214 139 29 255
    0 0 220 0 255 255 97 255 0 255 0 56 29 0 26 93 138 244 255 18 64 34
    255 255 137 40 255 167 120 38 207 36 0 0 125 255 0 98 0 167 0 20 0
    123 82 0 192 252 163 255 23 0 255 150 0 194 75 44 255 244 115 246 0
    198 143 0 247 175 27 255 203 215 255 0 4 158 219 0 213 162 174 255
    14 255 208 255 255 134 241 173 255 88 255 178 75 131 210 117 61 127
    134 0 255 61 0 255 192 166 170 255 205 179 255 129 0 217 0 0 119 241
    0 197 163 255 214 28 0 128 0 50 102 14 50 255 137 116 171 255 117
    255 0 237 0 33 255 45 35 255 124 92 210 255 0 147 255 34 0 0 242 190
    9 101 222 19 0 255 39 0 157 168 250 255 11 125 172 108 86 228 0 34 1
    0 2 141 55 255 10 137 255 193 11 170 0 0 0 168 0 143 255 243 231 255
    0 17 0 0 107 93 0 11 98 0 13 144 68 111 36 232 126 255 255 255 111
    197 23 0 112 246 0 87 0 234 255 0 84 208 255 255 255 255 43 255 0
    222 0 142 255 84 0 255 225 255 83 47 115 228 228 0 116 35 47 0 0 187
    121 23 123 104 17 0 255 0 73 242 90 255 255 41 111 109 129 130 61
    255 20 220 39 118 255 148 133 231 188 125 255 173 26 68 255 241 123
    255 120 162 255 137 0 131 154 0 163 44 32 0 0 42 0 75 130 0 187 81
    179 47 157 97 108 43 0 72 127 255 255 255 118 208 124 182 14 104 203
    0 255 77 231 255 221 255 59 181 216 94 39 0 0 182 205 186 56 255 166
    0 7 236 237 243 255 31 0 42 255 0 7 44 0 187 227 76 3 239 0 255 214
    63 61 129 125 243 0 255 255 0 0 0 0 208 51 152 0 219 109 255 255 106
    255 110 208 188 138 150 98 88 180 0 0 0 44 7 0 0 150 24 11 127 153
    131 206 255 0 108 188 239 182 0 196 0 255 0 255 255 236 6 225 123
    151 168 0 255 0 149 185 185 0 28 234 6 9 255 120 206 64 255 11 43
    149 83 0 0 155 112 141 0 3 105 41 255 0 151 140 85 211 255 255 255 0
    169 255 32 238 140 0 201 0 0 2 0 255 0 248 208 24 178 91 33 242 72
    20 255 0 155 224 255 157 0 0 191 0 222 0 255 0 238 0 0 128 52 68 170
    255 0 144 0 170 0 108 192 144 135 56 23 15 193 48 36 223 0 100 255
    25 255 0 155 120 0 0 198 255 64 253 103 73 59 143 224 255 255 0 45
    255 98 247 0 51 6 92 125 220 255 0 255 124 88 74 0 255 111 55 255
    255 22 222 147 206 255 255 104 119 217 248 2 255 0 0 225 208 0 181
    142 255 198 255 17 28 0 255 255 73 36 33 0 0 0 152 4 209 110 152 119
    180 17 191 5 79 255 255 0 65 0 187 67 146 252 126 255 217 52 77 48
    255 230 0 0 248 189 84 143 0 188 231 155 138 104 252 0 36 103 16 158
    122 0 66 255 96 0 255 0 231 147 255 23 11 62 78 0 70 178 255 36 160
    144 217 78 0 255 102 0 236 255 0 112 0 0 62 0 133 14 62 168 255 94
    208 230 36 136 2 149 255 106 50 168 119 46 48 0 63 159 255 111 87 51
    209 59 255 88 57 247 14 0 159 41 245 255 255 218 255 255 255 121 158
    63 130 75 158 224 77 109 46 255 0 0 255 226 13 255 249 70 0 2 197
    255 0 255 183 58 255 255 88 34 12 194 207 212 255 174 255 79 255 199
    167 49 17 244 0 209 53 231 0 89 176 0 0 255 48 234 193 170 255 211
    102 54 0 0 0 44 245 223 255 94 0 151 204 95 112 103 195 0 169 206
    195 145 53 108 42 66 0 162 117 44 63 8 61 0 244 0 1 255 15 10 121 63
    69 255 50 149 237 0 107 198 94 0 255 0 103 144 100 255 64 199 255
    255 255 150 255 255 0 0 255 255 9 89 65 4 133 163 13 109 35 52 215
    71 157 32 255 0 0 255 116 0 0 255 103 0 255 73 236 91 95 255 0 255
    255 192 255 0 15 113 255 180 142 255 19 102 30 255 166 0 157 224 249
    111 110 255 255 32 255 240 117 111 255 152 0 193 0 171 76 129 0 255
    20 255 237 164 255 0 255 255 120 255 255 148 0 162 255 125 255 255 6
    169 106 255 4 136 202 16 248 0 0 0 149 121 208 255 189 24 19 205 177
    104 78 53 115 142 0 246 1 101 161 21 96 108 0 183 0 51 190 255 255
    199 13 62 0 158 240 129 196 207 54 65 59 0 0 255 121 44 53 217 0 0 3
    0 0 0 0 0 255 197 255 0 54 187 255 0 40 255 0 142 159 0 248 255 84
    255 0 19 255 134 198 0 254 246 16 114 98 44 0 140 255 17 14 194 30
    255 0 6 90 51 173 216 46 230 198 213 193 234 78 246 255 75 128 210
    222 0 34 92 143 0 0 163 211 186 175 0 255 232 162 255 221 175 134
    254 40 112 186 239 202 178 205 18 255 12 0 0 229 82 75 9 0 255 233
    186 178 255 71 29 255 255 255 0 77 103 146 157 255 50 117 36 140 255
    164 129 0 255 137 110 185 255 250 0 0 0 80 2 220 110 2 255 0 0 230
    161 152 36 182 160 255 120 0 226 0 20 255 3 0 243 255 219 19 0 255
    252 69 159 153 255 149 68 92 234 0 173 133 211 0 0 104 118 58 170
    155 56 255 255 0 183 131 200 239 0 252 255 160 20 43 62 243 0 255
    255 0 255 100 0 206 255 54 101 201 175 242 0 255 0 81 179 0 17 58
    195 147 0 158 122 67 255 171 255 107 121 241 225 199 74 0 0 221 247
    255 85 62 210 0 0 0 0 83 0 80 234 160 106 4 165 101 218 0 255 106 9
    172 190 34 0 0 0 0 121 182 255 44 182 192 43 236 82 0 0 8 107 5 219
    1 38 255 241 0 0 255 189 218 25 255 87 255 255 0 0 181 109 255 117 0
    196 0 255 42 0 115 186 92 0 102 8 0 80 129 0 11 99 114 0 0 192 4 150
    93 0 12 26 117 76 255 255 149 57 134 210 148 49 107 247 39 112 244
    255 234 170 255 211 0 255 0 0 255 57 95 255 232 0 255 0 239 194 255
    255 163 143 249 0 0 141 0 0 255 170 134 218 255 233 209 38 0 0 0 0 0
    246 172 166 105 43 221 132 80 221 8 138 175 210 255 0 100 0 105 161
    0 0 0 41 233 106 66 0 81 19 253 255 255 86 0 105 1 146 0 168 0 80 0
    78 46 12 255 215 255 43 218 255 164 126 255 201 255 77 72 0 0 216 19
    199 159 103 255 0 0 174 207 18 255 140 0 253 255 255 0 209 216 231
    255 54 12 137 221 1 255 0 243 113 51 67 34 111 37 62 216 69 0 215 0
    135 86 26 8 0 255 255 237 255 209 46 255 138 0 46 12 98 0 231 0 113
    49 91 186 229 224 0 253 255 141 255 0 0 255 0 148 63 0 90 255 0 226
    138 255 149 62 255 155 193 75 130 250 230 154 255 247 202 170 29 157
    0 129 0 197 0 255 0 208 221 0 51 248 255 251 176 226 226 9 0 169 192
    0 255 172 156 0 0 0 104 211 155 87 83 234 116 5 183 114 174 255 243
    76 0 255 140 101 131 255 0 0 0 131 0 0 177 129 200 142 0 28 255 0 38
    255 147 246 214 231 255 33 92 93 244 0 51 239 29 0 185 96 199 135 0
    0 0 17 133 85 0 95 255 107 0 147 0 44 0 255 56 246 111 38 0 148 37
    135 167 252 6 140 142 165 164 86 255 90 148 120 206 243 31 235 252
    215 0 15 0 148 0 255 231 0 0 0 182 124 0 255 0 238 255 81 132 255
    145 236 255 242 64 241 13 0 182 0 179 130 56 197 146 240 203 255 69
    212 255 195 248 255 0 255 210 205 76 0 0 0 9 174 43 0 52 55 147 143
    68 0 255 206 45 14 255 106 249 255 30 0 247 84 66 0 0 0 255 255 184
    0 0 255 170 102 152 0 166 8 255 0 134 0 255 131 153 255 110 32 56 17
    188 220 0 125 255 255 0 0 18 255 0 71 255 83 255 136 255 76 55 154
    197 255 60 113 152 224 149 199 14 203 172 241 40 98 215 214 187 154
    53 255 0 166 140 0 17 0 73 0 0 183 108 175 0 194 0 160 249 255 6 78
    15 93 136 176 255 194 39 60 117 142 0 22 0 5 23 218 255 4 197 64 216
    253 54 255 211 0 127 55 225 22 53 0 0 255 255 7 0 255 48 255 255 189
    188 169 0 255 0 0 25 255 255 158 183 74 255 87 255 176 39 12 217 255
    247 225 35 119 255 0 95 133 0 10 120 242 255 119 255 164 17 255 146
    241 141 255 26 223 114 255 255 16 156 34 253 255 0 255 49 255 255 1
    177 173 137 0 0 88 41 46 194 196 255 211 110 53 47 179 0 93 121 196
    13 255 0 0 0 151 128 0 202 17 113 210 255 255 85 136 255 0 30 220
    198 80 92 222 78 255 38 22 0 230 124 195 162 255 255 150 23 142 48 0
    255 0 196 255 255 157 229 0 255 255 83 0 245 255 63 134 183 205 242
    0 178 24 255 108 255 87 203 0 0 0 116 255 253 255 38 66 89 66 0 49
    233 135 99 255 224 255 15 248 255 255 255 0 255 255 0 134 255 8 129
    255 252 144 132 250 80 0 51 255 244 66 0 255 17 255 26 195 29 184
    110 201 255 184 235 255 72 60 188 89 95 0 104 255 255 141 0 250 158
    0 0 255 255 63 0 0 127 144 150 0 201 19 0 32 86 254 0 133 110 246 50
    255 206 83 205 43 255 226 180 44 217 0 0 158 255 139 38 181 164 0 82
    255 255 212 138 254 119 255 121 112 255 61 141 91 0 77 120 220 108 9
    74 137 205 222 214 255 0 50 255 138 255 168 170 80 218 114 171 0 148
    255 222 109 174 233 0 255 125 0 16 15 0 118 184 41 255 129 53 43 0
    129 172 0 158 117 255 127 196 68 171 227 105 255 242 220 255 255 42
    0 133 255 164 0 78 119 102 14 65 169 191 94 76 109 255 191 240 255
    65 236 194 233 205 0 0 129 108 194 0 0 255 152 0 0 139 0 208 255 96
    255 255 209 255 229 160 255 149 236 89 215 241 202 54 255 255 0 102
    226 173 174 45 255 235 72 255 255 36 0 255 0 163 0 183 173 103 177
    47 255 155 0 226 0 0 46 255 3 0 192 47 0 245 247 255 162 3 206 30 16
    52 74 255 0 0 255 12 255 37 84 255 201 155 255 195 47 255 25 227 246
    255 202 126 173 255 173 0 239 177 74 0 101 255 0 172 44 255 144 255
    34 0 255 237 105 0 254 86 96 103 13 77 105 255 131 14 123 252 231
    119 186 146 213 0 0 255 111 55 255 185 255 0 0 0 196 255 245 28 255
    0 251 12 73 28 59 255 255 151 255 140 149 255 218 0 255 163 179 255
    255 255 255 255 37 0 165 141 47 150 152 23 119 255 185 255 255 0 255
    119 132 107 68 39 0 205 145 255 0 0 44 0 255 241 171 88 246 212 29
    108 33 19 255 77 248 255 37 35 255 69 255 0 177 118 75 255 0 143 227
    171 72 111 157 161 245 0 255 223 255 255 255 195 179 226 99 158 211
    21 97 33 213 185 255 255 255 0 175 183 255 151 135 158 93 0 43 135 3
    0 255 241 251 255 255 255 255 145 0 19 94 0 93 0 135 0 0 72 52 218
    255 0 69 255 197 202 125 241 161 245 67 162 255 255 195 255 227 128
    85 221 232 255 0 201 255 0 214 94 255 80 113 255 128 255 0 255 78 88
    105 107 0 80 255 39 229 216 124 0 56 242 127 2 150 216 255 11 0 0
    106 223 128 255 0 189 76 199 255 50 30 255 255 133 117 255 0 255 211
    0 255 16 98 0 22 200 206 15 0 132 51 0 208 203 160 233 255 152 100
    14 255 39 0 210 255 28 255 65 49 255 200 0 255 129 255 255 102 99 92
    39 0 156 83 0 70 171 255 43 255 35 9 214 0 65 238 215 100 177 0 255
    0 211 200 255 161 109 242 198 112 0 4 6 151 110 116 255 93 255 231
    94 232 11 47 0 255 185 0 133 213 227 122 255 0 197 0 0 0 255 255 0 0
    255 152 0 36 32 0 133 0 0 255 247 19 255 234 240 88 69 255 47 34 56
    177 99 8 0 244 0 164 212 0 0 255 1 30 35 255 197 176 0 116 255 255 0
    179 52 12 255 158 95 255 255 255 7 133 0 90 134 50 0 255 112 83 191
    255 24 180 18 0 36 186 71 0 255 255 0 0 0 255 141 0 255 255 240 215
    248 243 255 60 255 0 46 0 57 0 131 3 34 61 159 176 255 41 255 97 176
    200 0 50 85 166 110 0 41 255 0 51 255 255 92 131 40 143 0 145 255
    167 255 204 213 228 4 167 119 0 164 71 178 9 0 207 245 70 255 246 54
    255 0 255 0 225 115 205 255 235 204 255 96 55 0 255 109 152 24 0 0
    163 0 59 243 226 0 246 65 0 255 255 12 6 0 41 95 11 0 144 163 255
    127 0 199 157 0 0 54 255 255 0 60 255 72 155 207 76 255 255 82 255
    52 96 255 215 48 203 0 2 123 180 59 0 233 255 255 0 255 139 22 103
    255 255 255 35 120 201 0 55 131 0 62 0 84 255 100 172 72 255 54 0
    255 236 255 31 255 19 0 134 232 237 204 0 39 139 207 76 255 162 227
    216 52 255 125 48 0 190 135 0 228 255 255 145 98 0 83 12 187 0 95
    158 0 255 159 50 212 196 141 0 121 125 160 197 190 0 223 191 219 5
    69 12 255 216 0 255 0 22 104 124 0 188 93 255 20 208 0 159 56 142
    120 255 221 0 160 205 116 176 255 54 107 216 194 157 168 123 97 0
    130 24 229 244 205 216 117 189 255 255 241 0 0 0 160 143 129 255 24
    255 255 243 141 33 0 0 255 255 105 230 54 255 0 255 11 141 105 255
    255 255 92 242 0 0 207 255 0 103 255 1 127 0 101 231 163 0 175 127
    250 201 100 255 0 3 87 247 0 78 175 255 248 234 99 255 255 255 206
    255 39 0 0 239 187 147 201 211 255 188 255 115 207 174 255 89 0 3
    255 229 255 255 21 184 154 33 225 95 97 255 0 10 255 106 0 255 213
    208 132 86 7 46 167 54 255 0 22 255 0 170 230 211 247 111 136 255
    202 146 136 0 0 46 0 0 255 107 102 255 61 88 108 158 149 214 0 164
    53 85 210 145 0 0 255 242 29 255 255 255 218 59 39 89 111 142 67 34
    186 101 146 239 255 69 0 0 0 79 255 175 46 255 255 0 24 255 11 0 0
    172 255 230 0 7 0 0 255 239 39 255 121 8 255 220 110 255 112 67 78
    242 0 245 189 185 17 70 153 6 218 228 0 25 88 183 30 21 0 161 209
    197 24 225 255 27 65 100 0 255 0 149 73 253 181 159 241 247 0 105
    235 255 98 128 94 255 0 100 167 0 230 0 118 189 154 0 0 123 118 113
    250 21 52 255 67 0 182 77 255 85 79 39 144 255 43 143 255 0 69 78
    134 54 0 255 223 96 255 121 54 217 34 14 113 255 0 0 255 255 255 0
    174 0 148 255 162 20 0 130 171 15 0 234 198 255 193 99 255 255 16 33
    156 255 0 0 53 30 105 208 163 193 105 161 62 238 16 220 121 223 0
    237 148 255 211 193 255 73 255 92 255 32 149 9 255 255 222 37 0 253
    169 255 0 56 210 166 163 226 217 0 212 38 255 14 255 121 0 0 255 130
    112 201 216 255 255 55 205 181 19 255 255 71 189 101 0 192 45 245
    151 0 44 148 76 238 0 84 6 99 255 148 255 165 252 236 0 98 225 0 65
    255 196 76 255 32 255 136 153 0 255 103 0 205 244 255 0 231 49 255
    255 255 255 0 181 163 0 235 229 0 0 255 250 255 187 179 0 191 226
    167 255 192 51 0 184 255 164 0 0 255 69 157 102 0 56 141 255 248 54
    132 0 233 136 207 0 9 110 255 0 255 0 245 101 111 74 74 255 255 107
    234 162 0 87 120 0 255 110 191 255 0 182 0 242 0 189 62 0 87 0 242
    255 0 233 0 123 188 255 255 106 190 255 255 255 255 189 148 0 216
    105 90 0 0 94 0 229 114 255 0 57 0 96 145 0 139 29 97 0 68 255 129
    255 185 70 117 255 185 223 0 3 128 28 141 77 8 91 128 181 28 155 187
    199 21 137 15 17 38 46 222 0 255 150 51 111 0 11 197 216 2 199 159
    255 0 255 0 255 228 166 0 173 149 179 58 0 255 255 146 176 168 0 236
    0 0 174 0 51 0 255 207 79 255 255 255 9 255 188 39 255 201 7 0 255
    84 212 137 228 181 255 149 62 116 121 84 199 255 180 231 117 0 120
    106 0 139 191 33 151 222 16 255 0 102 255 83 0 244 255 52 211 235
    151 234 18 16 0 211 68 0 255 106 255 228 0 109 255 189 0 222 182 133
    0 6 105 151 95 76 150 101 255 0 0 255 190 15 71 233 255 47 185 0 92
    0 0 211 0 188 0 55 0 167 255 126 109 165 0 255 0 255 255 21 175 0
    255 234 77 0 148 144 147 195 165 242 183 4 0 228 0 229 154 255 255
    255 233 128 245 165 33 43 247 138 0 255 119 0 177 0 204 0 241 45 80
    226 0 79 34 17 63 57 0 255 125 255 63 255 0 179 134 255 101 89 23 0
    121 150 63 18 10 46 201 151 152 1 0 245 30 231 100 0 255 0 91 255
    196 103 255 74 255 107 0 255 255 128 0 243 248 159 0 255 34 218 255
    18 173 113 92 26 244 73 212 50 251 0 130 0 0 0 35 192 0 129 110 206
    255 176 240 177 155 255 0 82 0 93 0 0 255 255 111 255 168 124 255 52
    53 0 144 19 0 231 176 0 0 0 255 0 150 255 255 0 26 255 0 36 0 61 255
    0 255 0 0 0 134 25 255 0 0 53 255 228 255 4 124 0 255 0 169 54 0 255
    0 255 0 25 179 181 54 255 110 133 203 12 195 0 182 157 130 87 255
    176 242 0 217 255 159 193 253 124 0 255 0 205 255 0 255 255 255 0
    162 255 255 255 255 0 1 205 133 38 85 63 238 255 231 250 0 254 255
    255 255 170 116 229 38 173 0 255 180 163 255 144 58 255 201 145 124
    177 253 255 20 151 255 15 173 255 177 13 109 255 153 60 0 165 255
    255 0 255 100 103 255 15 40 59 118 51 0 203 181 21 0 144 255 211 0
    255 143 172 242 159 0 255 197 242 26 188 190 255 207 227 140 15 255
    0 0 54 196 216 27 210 0 255 153 200 180 245 231 103 35 234 53 255
    227 206 160 0 0 0 31 0 204 136 255 209 41 149 202 0 123 152 0 0 66 0
    144 0 225 11 154 53 0 185 255 0 42 223 135 255 210 255 255 182 232
    144 39 255 235 255 131 0 202 94 67 0 129 0 21 255 26 0 1 0 103 252 0
    241 232 255 134 5 255 255 255 74 255 181 145 0 24 0 25 239 1 40 65
    147 255 108 226 0 228 121 102 0 105 0 0 255 255 255 255 72 137 0 255
    255 122 0 222 170 241 145 237 201 255 12 130 0 116 26 19 212 141 255
    38 0 226 225 69 255 103 40 48 57 250 240 247 255 0 166 89 11 255 255
    24 3 121 214 204 0 92 255 255 21 255 228 255 0 244 199 0 255 255 0
    61 25 194 8 169 255 255 255 158 255 0 44 255 77 255 9 219 25 255 255
    0 255 161 49 255 217 0 18 255 72 82 0 29 255 0 255 75 56 9 0 12 27 0
    77 183 255 110 14 84 40 191 81 30 128 255 0 45 236 173 0 156 77 0 15
    64 0 177 0 129 63 219 126 255 255 33 255 255 206 255 176 45 89 71
    255 255 255 255 130 253 168 65 0 0 0 182 161 135 90 255 255 196 0
    147 255 205 117 13 255 56 236 149 67 75 101 0 250 0 182 47 52 0 173
    255 0 2 189 107 0 155 145 255 157 185 53 182 255 197 0 0 203 132 70
    166 0 32 159 106 0 132 0 255 0 25 0 227 29 63 191 17 255 156 236 255
    249 242 255 74 116 108 226 19 207 255 73 151 0 231 255 211 202 0 136
    0 244 51 88 241 255 143 0 142 255 109 6 139 220 255 166 223 255 0 0
    137 235 8 182 128 214 128 5 4 149 255 134 0 135 255 234 158 255 255
    0 0 16 136 99 110 0 89 18 255 0 128 142 136 255 97 99 0 28 122 89
    255 234 198 215 0 94 0 148 0 255 231 255 75 181 88 0 255 0 0 85 237
    72 0 164 255 255 88 195 234 140 170 187 0 0 255 117 21 255 206 0 0 0
    0 174 0 86 255 189 0 156 0 251 125 255 69 21 255 52 98 112 155 247
    86 8 255 0 255 255 255 248 197 0 94 255 0 0 232 77 0 51 180 217 245
    2 84 255 0 88 106 193 0 144 215 0 110 37 234 227 141 211 171 255 97
    255 96 255 245 0 237 209 38 0 69 118 72 172 13 137 207 209 255 91 89
    255 2 53 255 239 216 37 186 1 0 255 27 27 255 255 223 69 0 229 21
    129 0 20 255 106 205 202 192 212 209 255 59 116 35 117 72 147 233
    241 0 53 175 171 0 0 0 137 52 71 255 10 0 255 0 255 173 156 179 166
    243 184 166 243 126 0 92 77 51 255 235 148 255 255 20 255 39 255 105
    42 28 255 0 76 255 158 116 154 255 255 170 84 227 62 233 239 0 0 108
    57 194 87 130 233 168 234 166 28 133 79 255 88 210 237 35 255 6 0 72
    183 255 11 40 0 64 152 119 255 216 109 255 222 206 63 145 49 140 126
    255 92 158 0 0 124 167 255 34 0 180 205 73 189 255 160 0 255 160 108
    255 160 255 121 255 214 219 1 255 112 132 0 221 109 114 102 223 122
    67 9 45 0 174 171 69 190 138 0 68 246 23 240 81 4 95 255 11 0 85 82
    178 12 228 6 11 255 0 0 177 140 93 0 57 255 236 88 255 57 255 165
    150 177 188 135 39 255 0 119 255 17 0 76 0 0 158 39 254 78 255 61
    112 255 12 96 227 250 28 85 255 54 149 0 134 255 255 146 27 54 255
    56 208 193 207 13 118 0 126 25 149 102 18 0 165 155 228 2 101 128 0
    148 205 53 124 77 253 30 255 200 89 165 136 166 0 0 0 136 244 90 11
    122 255 0 75 255 1 79 255 216 0 67 0 61 104 0 221 183 250 98 27 0
    246 0 69 106 237 255 255 17 71 255 72 0 178 105 115 19 100 126 129 0
    0 255 251 56 97 229 255 86 0 0 212 66 255 7 149 255 221 56 148 85 0
    156 181 255 213 167 255 255 180 42 16 255 114 222 0 108 230 194 32
    255 0 213 0 9 108 184 205 255 255 255 180 16 190 97 145 0 137 255 91
    0 144 99 65 119 255 255 0 167 242 4 0 63 132 241 255 0 245 39 106 0
    255 0 0 47 74 107 255 255 234 155 140 131 255 255 255 71 255 58 143
    14 0 20 154 253 255 254 255 0 255 255 175 255 255 130 255 95 89 0
    245 255 103 0 176 255 47 187 0 169 116 36 255 147 41 133 154 0 7 238
    25 213 255 25 255 0 168 0 97 175 255 111 249 255 255 220 255 0 181 0
    255 0 78 163 128 29 104 255 255 172 156 133 230 76 255 207 241 114
    255 222 229 209 255 0 255 200 255 78 26 40 255 255 74 255 0 255 149
    252 163 197 63 6 29 255 42 31 42 255 72 18 0 0 255 222 57 0 189 0 44
    27 177 23 228 113 255 43 17 234 218 92 0 0 39 179 232 0 78 73 152 17
    159 69 0 246 99 158 255 79 59 255 88 255 219 243 95 210 0 108 115
    255 142 0 86 36 127 255 122 71 82 219 218 255 33 255 219 198 81 78
    68 132 0 142 213 124 202 185 59 208 81 253 255 112 0 255 255 0 111
    33 244 171 160 86 192 0 97 0 255 0 171 78 116 171 255 255 130 11 85
    156 0 58 54 255 4 255 221 86 122 229 241 56 112 4 200 255 88 255 106
    0 0 0 62 0 15 255 55 194 186 64 89 82 0 255 141 51 74 76 114 31 199
    255 193 0 250 30 141 255 207 196 138 177 240 0 175 211 112 255 114
    207 125 0 136 0 139 74 160 101 0 165 82 199 18 0 192 0 151 132 29 0
    255 44 250 0 255 205 50 255 84 161 203 190 34 18 220 0 0 246 0 109
    255 141 235 209 255 3 98 153 0 44 198 18 216 34 76 195 255 117 81 0
    255 0 198 255 255 0 147 185 161 170 255 0 0 24 119 0 255 195 0 174
    84 74 79 246 85 48 185 76 35 189 255 146 213 199 74 253 255 149 18
    78 93 58 255 190 184 255 255 18 0 181 97 121 245 255 154 7 255 255
    64 146 255 255 0 0 0 0 0 0 142 173 54 0 162 180 169 255 171 70 222
    230 0 146 255 192 146 0 238 255 196 207 208 255 255 128 165 227 114
    255 235 0 70 44 171 255 246 255 221 255 141 139 0 0 161 0 170 0 37
    11 199 0 237 0 111 117 22 29 0 207 212 0 52 155 165 236 146 161 0 69
    99 0 213 197 217 0 0 0 0 255 21 50 106 231 179 0 107 78 0 255 255 0
    249 169 255 16 255 0 68 255 111 119 133 171 0 111 107 0 255 228 199
    255 5 254 154 162 155 162 144 255 229 255 0 0 40 110 12 194 255 185
    217 14 152 242 255 162 0 139 0 10 116 255 94 59 81 80 0 209 76 234
    11 185 139 86 119 110 213 239 55 0 151 0 95 170 177 255 129 87 255 0
    168 43 0 0 214 111 0 255 134 0 255 199 255 36 255 255 196 216 0 251
    209 19 254 214 199 191 35 0 255 219 214 0 143 255 79 225 0 5 0 115
    255 104 201 0 0 255 234 165 0 53 255 123 194 51 121 209 136 251 0
    197 128 153 231 185 191 210 190 191 106 165 239 87 192 163 0 0 123 0
    244 157 123 255 7 209 0 145 255 155 58 255 0 152 64 97 0 203 83 164
    137 255 255 35 68 0 249 111 26 149 244 0 88 0 255 72 32 118 90 197
    119 97 46 169 53 0 37 215 255 255 255 205 255 170 21 0 255 0 138 99
    20 0 167 46 130 171 255 221 217 86 137 172 166 45 144 133 32 140 47
    255 255 201 160 56 75 219 55 162 255 82 0 99 151 186 56 161 80 68
    161 0 205 0 119 238 0 0 8 234 164 255 0 255 255 99 79 4 191 240 218
    0 219 0 51 5 149 147 40 0 0 116 182 255 69 0 123 126 0 195 50 93 255
    3 21 11 255 3 0 200 194 182 255 255 0 254 245 155 204 247 0 79 175 8
    240 178 129 36 255 255 240 255 0 0 0 134 243 21 6 52 0 95 255 75 164
    0 85 0 190 238 255 255 247 75 246 241 14 14 255 111 171 0 150 95 255
    255 0 27 255 193 31 255 195 254 255 76 0 192 255 127 135 101 50 0
    207 63 0 209 107 8 255 255 33 255 0 0 255 106 16 234 255 243 48 29
    42 18 24 0 154 156 169 0 0 46 40 254 2 50 147 9 0 0 255 194 0 4 72
    255 165 224 95 255 191 194 168 136 189 147 0 99 219 255 0 191 0 118
    193 114 0 65 62 231 255 0 190 125 193 167 211 255 11 152 97 72 56
    234 0 0 255 85 255 255 50 0 255 18 255 10 164 213 54 0 62 118 255
    232 40 180 255 161 0 53 115 217 255 104 166 41 25 50 65 120 0 45 148
    0 127 32 100 0 244 255 208 115 0 255 222 2 98 42 255 255 123 88 89
    255 0 96 71 0 224 255 36 0 123 255 0 0 234 255 218 255 199 142 175
    255 0 0 138 157 154 45 107 65 133 183 182 227 202 255 222 29 0 245
    223 58 255 94 0 38 159 255 255 144 0 255 255 18 249 0 25 37 27 16 43
    12 245 196 251 123 0 69 32 209 0 255 255 0 255 116 243 0 3 15 255 17
    112 51 46 255 164 76 163 0 24 255 194 253 0 124 147 66 255 86 67 176
    255 36 255 219 108 28 213 0 150 154 255 92 118 255 255 249 50 0 69
    154 72 255 193 159 255 38 255 44 230 216 137 255 255 255 255 189 228
    92 203 159 157 255 18 24 168 255 98 255 255 255 75 115 52 255 103
    230 83 103 96 195 0 0 255 0 111 160 86 0 113 3 255 114 23 218 221
    218 90 255 0 244 3 55 0 87 71 255 83 3 255 135 255 225 255 241 176
    238 173 0 0 0 23 88 0 0 171 247 222 0 194 255 225 50 90 158 177 248
    255 249 0 206 5 18 188 237 166 158 118 216 38 28 80 231 247 0 34 59
    64 94 255 255 22 99 147 255 177 20 38 255 0 173 255 45 129 40 51 38
    255 0 80 155 255 255 108 157 255 71 191 137 111 122 140 223 150 114
    23 0 255 255 0 109 0 0 133 255 205 107 227 242 255 153 226 0 17 4 52
    255 149 0 104 30 193 63 247 51 0 255 226 183 255 247 0 0 255 255 228
    0 89 54 255 119 66 69 0 255 0 6 218 208 99 111 165 0 211 0 3 253 231
    132 255 250 166 0 255 64 158 87 53 173 157 47 255 255 177 187 255 15
    139 0 2 97 235 0 21 170 70 0 221 255 0 0 203 122 4 255 150 174 255
    254 255 14 20 113 255 0 250 47 146 145 0 113 0 39 218 161 18 255 0
    208 139 92 232 0 255 0 89 0 160 255 255 0 176 135 129 52 0 0 85 255
    163 99 255 0 244 149 0 0 255 130 0 255 255 81 195 161 0 255 255 255
    0 113 0 254 112 178 255 0 238 76 255 201 255 180 234 133 41 107 255
    255 0 0 194 0 255 108 222 0 255 30 255 3 0 47 0 255 0 140 255 0 0 29
    31 43 255 31 20 81 251 134 113 14 255 149 3 255 0 27 29 138 23 255
    155 255 245 20 175 75 0 177 0 83 0 111 255 213 81 255 51 126 0 202
    168 85 0 0 11 190 83 0 104 98 117 0 17 108 0 255 255 198 124 0 21 0
    220 255 255 141 255 78 92 118 151 0 225 51 226 215 94 3 0 255 63 254
    0 111 255 11 3 255 153 236 0 119 144 0 5 95 93 5 0 147 148 255 22 69
    66 203 11 0 255 0 109 255 48 0 177 0 255 187 34 151 130 55 0 46 0
    138 230 173 0 69 129 74 76 213 255 153 142 76 35 0 85 0 0 83 240 39
    176 128 109 5 124 10 29 255 255 153 0 19 0 249 217 125 146 255 198
    99 99 205 0 255 40 245 0 169 139 11 199 255 60 0 18 163 0 185 53 255
    0 0 22 255 66 49 127 179 209 102 0 56 12 94 0 153 0 6 173 35 158 240
    0 141 83 255 255 13 255 219 255 85 0 124 138 0 15 15 119 0 247 0 1 0
    238 44 47 172 207 9 101 83 253 80 183 5 73 255 32 0 6 91 172 0 66
    193 152 119 0 57 148 124 158 54 225 16 26 215 230 206 48 131 0 179
    255 254 31 102 104 102 14 214 215 4 48 80 255 139 102 176 76 40 0
    193 213 0 255 255 192 0 255 255 0 255 255 49 255 127 226 255 164 214
    195 147 86 255 0 0 40 255 169 12 26 3 0 84 110 227 200 216 0 0 102
    237 48 159 255 82 0 255 0 106 71 0 154 231 255 12 134 255 255 255 86
    255 180 0 148 0 0 255 36 10 250 228 221 99 238 63 0 56 0 166 255 0
    102 0 157 255 0 68 189 18 255 255 255 240 255 1 255 177 0 224 113
    114 50 0 0 75 122 58 0 230 216 65 255 143 144 158 11 53 182 255 10
    112 0 128 243 0 254 0 0 255 107 125 173 153 255 194 75 9 95 0 67 19
    255 193 199 255 198 255 238 179 211 203 106 255 37 39 168 170 0 0
    174 249 238 32 34 255 46 255 218 13 97 107 157 0 0 98 0 14 117 105
    255 174 102 211 190 144 43 107 107 84 10 91 0 182 89 15 255 78 246
    255 243 255 81 0 228 255 255 136 0 245 210 93 0 42 218 33 0 90 188
    109 255 241 63 231 139 211 108 255 161 145 255 157 255 255 255 15 82
    255 12 255 121 205 185 97 255 255 254 235 255 255 59 0 16 146 255
    255 0 147 151 247 255 0 0 0 119 255 136 174 27 55 139 70 255 39 221
    80 255 158 255 187 75 117 42 131 255 165 12 183 235 31 10 255 225 0
    0 0 0 44 204 210 143 0 128 207 64 165 83 70 12 255 117 111 213 167
    192 255 124 205 255 0 110 190 19 255 45 77 0 112 134 0 83 212 169
    255 139 211 44 89 109 198 10 0 255 0 65 23 90 255 78 0 93 0 199 0 25
    0 255 208 31 85 255 9 133 0 0 7 117 62 247 0 0 0 0 0 45 231 0 22 184
    0 164 126 255 244 87 0 246 206 160 0 0 255 209 127 77 255 119 170
    122 255 92 188 255 0 187 255 192 192 196 15 48 79 255 169 47 95 231
    206 54 82 166 105 204 23 207 238 105 132 235 108 30 133 13 255 255
    192 189 215 0 0 176 0 163 131 141 0 0 226 160 183 209 61 255 56 255
    30 255 255 115 103 60 4 193 253 255 255 128 7 161 255 120 0 0 255 22
    133 255 242 58 0 216 182 164 140 255 70 0 216 255 71 2 136 71 231 88
    177 90 193 255 240 59 255 28 144 0 0 0 0 0 164 181 168 255 139 133 0
    234 170 0 136 255 97 173 35 219 215 41 155 90 0 255 255 95 191 196
    98 246 130 125 73 89 255 161 255 107 52 255 44 44 77 255 82 134 247
    166 255 0 25 85 165 0 123 0 231 50 72 38 255 19 0 218 255 242 226
    205 115 0 53 0 86 0 255 2 111 111 62 255 240 218 203 220 0 255 232 0
    224 0 0 255 0 137 66 0 255 0 119 35 132 56 255 255 255 132 0 255 39
    0 159 0 21 194 9 14 11 94 0 233 255 189 0 86 89 6 68 255 0 99 255
    137 255 0 73 142 255 255 0 136 240 252 112 101 100 255 143 4 84 70
    21 0 73 255 143 0 255 33 0 255 83 255 49 0 188 142 181 28 30 248 32
    0 46 0 227 0 47 220 0 79 21 52 0 253 142 255 0 255 21 255 104 207
    139 53 0 153 39 23 214 84 69 227 255 179 81 139 48 99 96 255 254 135
    17 192 255 255 255 255 131 138 67 55 130 255 255 95 123 97 255 0 0
    160 63 97 255 26 4 51 194 198 255 106 131 44 0 0 179 52 176 0 104 35
    224 125 91 193 104 174 51 0 255 0 0 185 130 207 247 81 0 139 0 32
    181 192 119 255 32 130 30 173 164 65 255 0 64 251 214 1 20 0 0 212
    156 0 159 147 187 227 0 91 149 112 0 219 57 79 255 255 255 132 188 0
    0 87 35 255 0 0 208 192 222 76 16 172 233 241 255 25 255 138 178 194
    255 227 234 54 0 67 206 119 59 128 23 148 17 222 85 255 49 240 255
    153 255 230 255 181 166 140 0 0 227 40 99 48 106 174 213 59 0 0 88
    82 120 178 54 241 255 231 46 0 92 9 33 106 166 255 42 25 75 0 50 185
    35 200 198 158 0 120 0 0 0 0 47 0 184 0 52 0 255 16 78 19 172 7 0
    164 255 34 255 116 0 159 241 163 116 184 0 148 216 255 215 56 187
    126 220 161 255 0 29 145 255 225 0 40 19 209 0 9 255 0 255 171 0 255
    0 255 36 232 255 184 79 177 43 120 215 180 42 255 125 0 8 148 255 40
    0 234 0 0 59 0 110 90 0 30 86 152 0 0 255 0 0 206 157 107 100 105 2
    0 0 172 189 149 255 0 158 10 217 60 25 0 255 94 0 96 138 255 255 165
    135 128 194 255 0 185 0 234 246 221 193 159 205 103 27 46 178 168 69
    251 255 255 225 98 88 0 18 208 104 0 255 15 173 11 255 3 17 255 69 0
    255 166 255 0 60 97 221 255 0 109 0 255 144 0 29 133 103 0 255 255 0
    0 176 255 37 55 159 255 173 0 162 27 75 169 186 87 117 37 99 198 127
    255 51 20 27 183 255 0 255 242 46 15 38 0 81 222 0 147 198 125 103
    232 255 47 0 149 255 153 95 89 255 156 185 196 214 255 0 140 226 0 3
    104 0 0 255 255 255 0 255 201 255 0 169 41 51 60 15 0 255 65 54 54
    255 144 81 177 0 255 255 231 185 0 168 8 255 244 183 255 0 114 117
    181 195 222 0 44 142 199 255 103 174 43 250 0 138 234 0 150 255 0
    216 255 57 0 0 104 117 196 0 0 0 86 56 58 96 0 66 81 0 254 0 41 4 79
    188 0 1 222 205 151 47 47 0 189 152 140 22 103 255 233 16 255 255
    125 0 104 0 68 133 179 75 0 98 255 255 0 204 6 107 255 226 255 218
    44 180 255 231 143 255 138 161 156 251 247 129 255 70 0 16 69 255 94
    102 155 112 255 237 216 191 192 122 255 0 182 255 255 251 36 255 255
    53 255 255 0 255 158 103 21 173 93 184 5 25 63 0 0 255 197 255 0 106
    157 201 0 238 248 45 242 232 125 255 217 153 222 193 255 100 74 0 0
    255 37 189 0 255 73 0 112 186 0 181 67 176 147 0 84 87 226 255 0 0
    137 0 0 186 0 0 0 190 255 255 0 153 255 71 0 69 237 109 165 181 0
    255 219 47 94 118 243 122 193 140 88 136 126 0 255 21 64 255 190 11
    37 255 0 231 0 180 0 182 255 30 255 209 198 130 180 255 59 176 129
    255 241 255 67 219 11 12 221 88 255 255 0 0 221 0 255 56 6 255 226 0
    217 54 87 207 255 0 0 162 255 76 255 19 89 0 131 144 243 175 244 47
    2 49 0 0 154 0 124 255 200 163 254 159 159 255 156 0 0 0 255 24 23
    216 93 152 192 246 245 255 131 233 98 255 140 255 181 255 0 220 0
    146 210 23 231 248 0 255 0 6 237 133 184 0 43 104 40 107 0 106 0 0
    77 8 255 255 76 0 0 11 0 255 104 0 76 50 255 48 0 113 255 229 255
    255 200 111 181 255 1 255 136 236 6 0 255 11 188 28 31 138 79 0 212
    255 74 255 255 107 255 255 52 104 207 0 235 114 255 150 239 0 216
    158 0 0 144 234 255 74 0 159 0 0 0 0 0 174 23 0 46 23 4 255 210 112
    124 255 6 8 115 197 200 124 156 0 253 255 53 109 69 134 92 0 193 0
    131 88 0 157 59 209 255 255 244 255 195 255 255 71 255 255 179 39
    255 255 26 158 0 0 255 0 0 111 0 153 255 37 255 68 0 75 153 169 255
    255 113 0 197 0 255 0 255 56 255 66 254 255 0 162 205 9 62 115 0 0
    97 38 81 228 163 66 183 133 102 247 58 163 255 224 255 0 144 203 255
    28 96 255 25 255 255 255 157 44 255 0 237 50 184 88 204 129 255 255
    84 10 61 213 55 255 53 249 255 255 0 196 192 227 255 152 187 255 14
    255 255 124 0 144 0 206 33 53 255 171 0 161 34 64 130 184 124 48 27
    75 192 173 0 67 222 255 171 178 211 255 255 255 103 0 255 195 104
    118 255 110 118 255 249 147 211 220 0 178 0 29 255 237 60 6 0 223 0
    61 180 0 212 30 224 107 200 255 36 139 0 0 76 0 0 16 54 219 90 175
    225 216 0 133 255 0 36 102 255 255 255 255 255 254 255 138 59 65 0 0
    86 70 250 133 217 141 228 0 29 238 0 59 255 0 243 188 137 12 227 140
    7 0 93 0 0 142 104 0 0 255 255 102 0 134 251 255 255 129 131 247 255
    61 0 0 232 0 255 255 219 31 144 87 255 0 27 155 139 0 255 247 0 0 21
    161 0 255 114 255 132 103 101 209 12 79 0 6 0 77 255 3 255 68 245
    255 220 210 179 255 78 195 0 0 24 0 0 255 188 225 178 185 154 208
    155 151 245 83 50 0 220 0 255 238 0 116 255 137 120 205 215 0 43 10
    0 28 179 222 0 255 255 220 166 86 255 194 2 189 157 133 167 0 31 112
    182 92 255 141 0 104 185 162 0 255 255 88 255 53 217 20 54 179 115 0
    0 243 214 100 0 255 161 186 0 0 0 0 255 255 22 0 255 40 157 255 90
    131 255 33 0 55 55 135 40 255 255 0 172 99 106 157 139 0 211 120 255
    255 0 73 22 129 98 42 159 133 255 255 255 162 208 39 228 138 38 0
    229 255 0 0 244 167 0 0 252 0 0 233 28 188 0 82 103 35 154 255 197 0
    143 0 255 0 0 255 153 102 0 220 194 0 255 0 186 0 96 255 255 255 255
    130 11 43 0 107 168 215 100 0 145 202 0 0 255 255 0 168 8 72 0 0 0 0
    0 40 237 83 255 180 221 196 162 224 255 0 140 35 92 45 0 227 242 133
    25 26 109 212 0 22 219 255 52 0 106 251 255 101 24 255 0 255 255 255
    166 0 0 114 11 255 188 255 255 255 207 62 0 79 255 67 255 94 255 0
    230 0 241 221 104 255 200 91 255 164 0 90 0 114 108 196 0 229 18 112
    22 67 211 163 255 255 204 0 71 255 101 255 181 255 255 75 195 255
    234 36 74 0 255 0 255 118 255 87 213 125 255 214 255 255 148 255 88
    199 190 255 33 255 197 0 0 187 35 0 145 32 0 83 24 255 50 66 72 106
    180 169 91 0 255 242 143 34 58 255 0 104 224 212 238 53 255 139 255
    0 21 0 4 142 255 57 147 208 97 246 113 255 255 191 231 0 132 241 44
    0 255 0 167 53 33 0 255 255 13 255 68 149 60 165 65 0 227 168 44 0
    106 21 255 255 255 255 255 0 239 173 255 0 30 255 255 115 85 229 108
    157 12 55 211 33 190 0 28 94 255 0 57 255 0 255 255 241 90 255 60
    139 40 92 121 173 234 255 255 163 99 177 10 152 108 150 86 39 137
    123 47 144 92 168 41 0 255 0 0 55 255 116 255 11 0 121 139 58 161
    202 85 0 169 139 45 255 255 10 0 97 174 0 243 0 0 178 250 181 74 77
    241 51 223 0 247 255 197 246 255 2 225 94 186 138 235 246 48 0 44
    255 31 171 50 43 0 117 209 0 255 193 0 255 255 0 37 0 189 121 255 0
    229 161 96 120 204 255 255 255 145 153 255 111 39 95 255 0 255 0 138
    125 169 223 75 97 253 0 219 255 70 54 255 156 236 101 253 131 0 0
    222 0 0 158 0 144 41 255 61 59 255 145 255 0 255 89 81 248 131 228 3
    255 113 0 0 2 0 128 218 17 80 0 150 152 50 11 183 144 6 0 0 27 0 0 0
    61 255 0 22 82 255 102 4 210 255 115 0 230 0 113 230 154 83 0 24 255
    250 255 255 180 81 56 0 172 13 131 255 0 0 0 149 82 0 255 0 255 0 0
    255 130 120 130 0 59 45 0 154 49 176 157 227 31 224 77 145 85 255 66
    192 204 174 255 255 39 255 255 0 65 144 250 0 0 53 99 16 187 231 0 0
    147 5 0 0 255 102 37 184 255 57 78 170 84 0 0 0 34 189 0 228 130 86
    255 78 248 196 0 0 0 244 0 164 255 203 255 11 88 255 154 255 169 121
    58 255 0 255 217 160 139 24 0 7 140 15 41 144 197 247 47 2 0 255 89
    237 71 252 141 76 108 255 255 179 84 0 13 254 105 255 0 169 112 252
    100 189 0 3 153 7 0 255 245 255 173 177 0 173 255 248 202 91 59 255
    134 0 146 103 240 241 0 134 255 213 0 230 200 149 0 165 255 255 98 0
    95 224 241 54 255 204 219 167 203 68 255 25 13 255 167 142 12 142 17
    218 255 191 189 148 255 0 67 0 45 71 0 0 163 0 148 16 46 113 156 109
    79 168 0 0 94 3 187 137 255 0 0 255 84 146 0 0 98 255 0 49 255 16 0
    255 255 183 147 53 0 234 255 131 144 255 255 244 0 104 217 92 0 255
    161 125 0 252 24 0 96 0 75 255 255 121 34 236 24 147 189 169 32 0 0
    0 201 151 0 6 167 0 255 0 169 237 0 108 63 0 222 255 154 0 0 0 126
    53 0 255 0 191 30 207 188 154 74 0 255 136 39 64 146 157 163 255 98
    162 159 255 0 11 39 255 250 0 244 255 0 17 206 7 255 0 155 255 0 0
    64 0 0 255 191 34 208 49 255 255 82 55 127 0 255 192 191 255 0 18 0
    0 255 28 0 224 246 180 0 255 255 27 0 124 0 252 155 201 255 255 185
    255 255 255 43 0 0 143 38 0 255 0 0 0 255 11 97 137 0 185 38 137 158
    245 255 190 33 23 23 255 255 134 0 99 255 156 255 0 188 117 106 87
    234 218 255 155 242 108 0 199 250 23 165 65 27 255 72 64 0 0 237 0
    40 255 0 67 255 255 119 0 97 34 0 0 203 12 54 157 167 34 80 215 231
    0 0 60 130 106 179 117 251 124 131 104 53 180 21 164 115 134 63 141
    176 255 0 155 255 249 255 255 243 88 0 255 167 80 146 0 12 245 0 255
    0 243 209 255 0 255 184 148 255 119 255 21 168 219 237 190 255 203 0
    10 0 2 122 90 0 255 52 0 2 199 0 233 0 200 121 211 108 138 3 99 35
    156 0 255 16 164 65 217 0 0 190 51 0 48 254 2 185 109 92 140 1 53 93
    141 168 90 210 152 255 255 143 197 165 255 0 0 209 1 161 0 122 224
    225 255 245 0 0 0 228 41 0 0 255 21 126 255 138 255 94 64 240 0 0
    229 255 155 0 52 255 0 0 255 0 255 60 115 142 182 160 177 0 255 0
    255 184 58 0 114 0 235 195 255 255 83 15 255 0 208 111 0 24 255 0 18
    214 0 160 255 255 255 249 196 255 0 229 0 255 163 87 0 0 3 0 255 15
    0 139 206 141 0 0 0 0 0 93 255 0 179 170 134 146 148 13 255 67 17
    238 86 229 6 254 112 0 252 0 214 0 204 0 159 255 0 182 118 236 105
    150 0 0 30 83 196 255 255 10 154 248 244 152 0 141 255 0 115 253 132
    255 0 0 222 230 239 99 255 222 0 139 19 168 185 0 250 100 24 36 52
    180 41 255 226 0 234 50 107 230 255 78 255 251 0 255 90 0 47 18 0
    254 0 6 0 4 247 21 255 255 255 167 0 0 0 21 151 124 243 255 0 213 45
    63 255 13 98 16 0 82 210 0 13 105 120 233 87 255 194 0 255 227 219
    255 142 255 16 0 174 44 66 0 255 23 255 255 139 255 0 0 35 255 189 0
    19 2 0 192 192 0 107 255 42 121 130 184 43 54 224 168 231 0 57 253
    42 109 141 255 0 2 230 108 252 226 255 183 83 108 255 170 255 12 202
    159 0 0 0 234 203 147 0 0 190 92 189 18 100 255 255 66 121 79 253
    153 0 0 0 0 121 0 0 197 53 227 239 11 114 37 101 178 59 154 255 11
    133 174 227 100 147 0 255 255 255 169 52 153 36 148 93 77 1 255 75
    103 196 25 255 25 255 159 209 0 0 255 155 132 64 0 0 162 0 0 0 0 255
    97 171 13 171 213 255 81 0 35 55 151 60 114 100 94 196 208 0 233 255
    0 147 255 0 44 165 52 147 255 182 248 255 0 255 255 107 255 255 255
    93 0 161 83 13 14 126 46 102 238 0 205 255 212 0 60 137 0 93 167 172
    255 222 0 0 189 213 0 3 255 255 176 0 255 255 0 154 17 174 255 255
    252 255 91 81 255 255 0 155 0 255 6 255 0 83 240 255 255 210 169 165
    155 198 0 0 0 168 194 196 0 0 212 57 0 162 13 94 255 84 255 241 255
    197 255 120 42 176 20 218 49 255 208 255 165 77 11 11 0 13 214 117
    255 142 31 3 199 54 58 1 255 255 117 0 0 152 255 140 0 255 218 0 255
    19 255 34 46 0 232 255 222 221 0 0 100 241 243 0 250 167 0 57 177 21
    48 255 28 31 25 255 95 81 239 255 61 38 255 98 255 196 255 37 0 58
    230 225 0 252 31 247 182 251 255 0 214 255 14 130 121 17 126 149 211
    0 0 42 17 103 155 139 158 74 0 172 237 0 0 152 131 100 131 79 49 0
    244 0 72 73 82 255 0 202 214 0 0 255 69 255 131 218 56 146 209 226
    49 33 254 255 99 88 255 162 112 111 198 255 0 20 196 30 157 0 0 69 0
    237 0 137 136 234 0 15 197 116 163 255 17 94 119 146 194 0 255 0 255
    255 16 87 0 0 8 250 70 255 61 68 70 49 3 255 24 0 19 8 255 123 63
    255 255 64 198 60 14 98 146 205 29 116 0 61 169 230 255 255 35 0 179
    181 19 255 88 139 235 92 255 0 29 73 119 8 195 162 0 0 255 197 16
    255 90 255 0 175 55 0 104 31 39 76 0 255 255 4 109 56 109 179 179 90
    55 120 0 249 8 255 0 215 255 0 255 28 229 0 255 200 160 0 104 252 16
    165 255 0 0 0 0 255 211 0 25 195 255 63 113 182 29 186 65 255 255
    213 0 107 255 143 211 238 255 255 23 0 255 77 51 146 34 147 145 234
    239 191 0 225 0 182 255 39 67 151 0 0 139 0 0 255 169 182 206 64 21
    66 169 191 255 255 252 73 133 43 108 255 37 1 166 255 159 87 223 0 0
    208 255 0 217 32 41 255 29 172 145 80 71 235 233 78 19 48 255 255
    216 0 81 0 255 187 130 108 81 164 255 255 255 255 255 66 122 20 255
    44 255 235 182 70 214 40 255 19 108 154 0 46 153 120 214 131 191 214
    180 255 178 255 0 113 173 36 154 0 192 216 255 109 97 64 122 255 255
    227 203 255 19 31 255 255 249 255 9 52 233 0 232 233 0 0 2 255 77
    158 207 226 250 87 255 95 255 255 0 255 255 0 179 255 215 0 227 220
    28 218 0 52 197 255 32 0 0 102 148 190 208 246 0 20 0 80 255 0 255 0
    60 0 145 216 255 132 0 208 240 14 218 0 255 73 30 64 49 178 0 135
    255 199 243 0 7 32 166 0 225 45 225 144 255 249 35 186 126 213 177
    81 255 82 149 255 255 111 243 103 255 0 4 101 149 213 197 166 255 14
    188 19 73 111 219 117 99 0 224 255 240 208 81 255 0 218 0 255 255 0
    255 255 181 14 255 181 0 87 0 188 0 0 255 117 98 0 43 255 35 0 236
    218 130 0 164 11 0 255 4 0 0 246 0 89 187 255 48 177 255 206 1 223 0
    198 123 81 255 255 40 177 157 61 124 61 197 255 99 242 117 149 103
    87 255 255 124 125 255 255 255 46 163 255 0 0 1 103 175 233 13 69 0
    255 118 204 255 13 255 250 145 0 0 29 132 0 45 7 234 255 110 255 200
    0 0 24 38 255 228 111 255 223 101 176 242 129 255 164 0 255 255 0 51
    161 175 255 120 175 0 218 39 0 150 255 207 0 0 105 120 0 31 97 143 0
    19 43 144 196 105 2 11 0 119 0 255 255 110 79 0 46 244 0 134 255 0
    65 74 0 124 173 0 0 235 97 17 255 0 255 131 255 232 212 255 201 128
    235 255 52 159 0 255 100 255 204 0 80 91 38 125 106 152 186 255 202
    2 219 190 69 29 255 0 0 255 69 96 148 0 255 169 108 255 0 218 0 0 13
    48 73 0 255 255 12 235 67 255 228 247 159 58 66 186 255 246 66 0 175
    15 136 43 74 137 0 224 255 54 188 99 0 154 240 0 0 142 0 183 15 146
    52 86 132 42 104 0 119 215 255 141 139 0 134 0 223 40 0 182 255 187
    81 255 65 0 58 0 94 255 0 124 222 45 176 0 0 157 255 193 255 117 0
    226 151 157 110 105 138 0 0 231 0 0 0 54 76 0 255 98 255 192 255 197
    255 68 255 0 46 0 0 255 133 206 255 255 110 171 216 3 255 228 161
    219 231 5 255 255 0 138 255 255 78 52 212 123 0 47 158 56 0 26 0 0
    151 50 238 255 255 68 160 108 86 69 214 255 9 5 255 82 0 0 77 96 0
    17 255 231 255 253 255 28 5 255 0 42 234 88 123 118 90 182 0 65 161
    0 218 74 0 0 53 22 255 209 239 19 8 43 173 77 138 253 230 255 77 69
    248 0 115 0 0 0 7 31 82 255 18 0 94 96 69 255 98 255 0 157 255 171 4
    3 10 175 118 82 0 0 244 0 52 255 95 0 0 255 255 173 13 255 154 67
    103 255 255 0 255 255 255 90 7 255 231 44 105 255 131 255 255 0 6 62
    255 243 190 240 78 0 10 0 129 219 200 77 194 223 45 0 108 171 76 0
    126 215 0 255 6 4 0 187 94 124 255 255 155 5 137 138 48 19 0 0 0 10
    183 82 239 25 255 0 40 150 231 115 0 0 67 0 255 255 155 147 103 0
    233 0 0 255 197 190 255 6 0 193 139 0 0 217 85 77 0 255 255 157 239
    113 154 0 66 83 4 255 152 95 255 0 226 147 205 113 0 0 255 5 76 98 0
    0 145 225 255 48 255 135 255 255 51 255 52 19 255 154 255 255 0 66 0
    255 147 171 255 189 92 88 55 0 255 255 0 233 0 0 246 184 78 212 153
    0 17 255 235 7 200 0 0 47 255 0 12 0 255 0 0 3 34 97 255 169 128 114
    136 49 152 54 0 1 82 0 0 0 255 102 0 255 0 255 0 81 0 0 255 104 42 0
    20 0 95 144 70 151 0 198 255 39 87 172 133 110 95 120 0 135 30 0 32
    111 122 0 131 247 252 0 55 39 153 0 9 59 75 243 171 59 236 0 37 255
    147 130 222 27 103 102 117 148 0 95 70 112 0 0 234 255 6 255 140 174
    0 78 225 36 214 61 255 255 255 255 73 255 6 108 21 0 0 37 235 59 255
    239 255 255 46 90 146 3 197 144 77 0 148 241 30 224 145 154 255 166
    182 61 160 255 0 216 108 87 249 41 150 255 33 0 248 0 255 226 68 88
    228 70 255 163 51 255 33 29 197 0 216 74 255 55 4 0 24 109 0 79 201
    30 36 3 69 0 0 228 222 209 184 121 152 37 255 252 255 0 207 255 154
    100 255 196 112 255 27 0 255 31 244 159 87 255 0 204 37 43 255 205
    242 0 28 9 27 255 66 255 103 0 255 182 255 132 139 255 255 0 101 255
    0 191 0 187 238 104 255 11 76 220 129 163 118 0 76 255 253 0 101 215
    128 35 0 171 47 255 201 0 52 110 186 255 38 101 253 0 75 255 48 139
    255 0 204 0 0 255 197 16 0 84 116 48 0 251 106 255 136 25 5 0 186 0
    128 107 5 255 0 16 0 0 91 45 0 121 232 0 242 24 255 108 227 255 229
    53 69 15 128 89 209 255 61 242 252 162 249 0 255 248 255 171 176 167
    0 0 0 255 186 244 137 95 210 150 171 0 239 253 0 58 75 64 255 235
    169 0 21 0 71 237 177 255 4 255 0 141 0 189 191 94 255 42 173 0 185
    195 0 0 0 128 255 23 0 75 178 228 71 255 0 41 14 255 199 19 224 223
    188 255 255 170 172 255 0 178 158 21 230 140 29 188 0 55 0 255 255
    50 217 108 0 255 146 112 1 130 72 14 53 102 0 255 255 23 255 178 49
    149 0 35 24 39 0 235 255 0 0 241 255 245 189 0 99 155 0 255 226 192
    255 55 183 166 0 228 0 28 90 255 174 11 98 65 225 128 31 197 255 55
    252 254 8 255 32 68 248 0 255 0 255 194 195 27 117 255 255 153 135
    176 0 0 195 147 136 205 255 2 255 204 255 0 88 73 150 0 113 76 82 12
    255 255 255 55 17 39 255 118 205 235 145 243 127 103 43 164 163 0
    223 75 255 210 113 245 255 0 62 190 153 255 0 193 0 255 0 210 255 98
    155 32 199 255 191 255 204 173 255 204 26 228 87 123 221 255 110 163
    85 255 89 255 0 13 31 94 182 247 214 184 85 40 19 85 255 0 0 6 84
    127 128 159 255 196 0 255 0 0 0 140 0 255 202 141 255 128 54 157 130
    158 0 0 88 193 239 7 0 238 245 150 69 255 0 125 255 36 0 255 87 229
    78 224 110 0 198 168 0 32 0 171 58 255 182 255 25 150 0 0 56 139 0 0
    76 255 167 217 76 198 115 180 255 185 255 0 255 197 76 255 255 27
    255 122 0 131 190 96 205 14 4 228 0 255 255 79 196 145 0 98 111 255
    106 199 0 0 119 163 77 177 0 0 220 181 255 81 59 72 223 240 55 152 5
    103 238 0 126 52 255 0 51 255 234 0 0 82 255 0 168 155 0 254 141 255
    238 19 188 255 41 83 255 255 0 146 25 139 235 126 0 60 228 82 2 255
    157 131 216 101 255 0 221 255 255 255 25 0 255 96 0 48 126 195 171
    246 37 8 22 255 74 32 255 0 54 212 0 27 242 94 238 9 74 255 187 0
    255 69 139 80 59 204 15 73 105 0 169 0 255 255 33 0 82 37 0 88 169
    56 0 115 111 0 136 242 124 190 178 222 101 11 123 143 177 171 123
    155 255 0 16 255 86 172 255 0 87 126 0 195 13 215 255 13 0 255 215
    112 13 255 1 69 24 0 91 229 39 46 192 245 77 255 92 0 229 0 7 0 0 0
    6 30 0 210 0 255 255 0 255 228 96 255 255 99 199 255 0 217 210 24
    147 54 28 27 35 88 172 173 0 121 0 170 58 59 255 0 80 207 221 1 210
    93 255 205 70 92 17 58 86 0 178 209 0 0 8 255 65 0 0 243 208 99 156
    151 97 0 204 181 0 0 249 255 49 180 255 201 0 115 103 61 141 255 131
    223 0 255 163 181 204 121 0 0 255 184 23 84 224 10 205 142 34 72 0 0
    132 122 129 183 255 0 25 0 255 118 255 54 71 0 190 139 193 194 34
    222 193 189 138 241 169 80 43 140 0 0 81 138 13 163 0 255 143 0 255
    255 235 92 140 15 0 172 0 148 238 0 0 167 183 0 161 194 0 14 0 243
    52 39 0 255 255 6 79 191 72 0 255 0 105 255 240 0 0 0 83 0 0 0 255
    255 46 115 246 230 198 231 245 213 22 243 26 246 255 161 255 241 0
    140 42 0 0 0 72 242 7 31 47 28 50 177 0 222 80 98 255 0 0 255 13 0 0
    246 0 8 38 125 0 159 204 0 58 255 16 109 160 67 88 162 255 224 0 0
    215 0 255 111 134 60 0 213 255 36 255 0 139 0 58 255 156 0 173 7 151
    0 130 255 141 79 86 195 0 0 0 189 76 0 231 237 142 244 209 76 0 162
    98 255 255 224 255 0 253 198 236 78 255 65 192 224 0 144 0 38 246 0
    0 255 165 130 140 179 255 218 0 7 7 213 43 0 0 153 41 198 16 0 115
    255 166 39 255 131 58 78 0 246 80 235 236 183 137 151 95 238 217 101
    0 6 0 223 218 255 65 91 255 23 255 118 179 255 46 178 58 0 35 255 89
    118 0 197 0 146 154 255 239 248 189 235 204 255 0 129 117 0 101 255
    255 0 245 0 255 255 71 38 156 21 43 7 255 0 137 44 0 255 255 255 61
    41 0 255 4 255 235 16 169 246 150 207 126 255 255 226 35 255 255 7
    75 255 255 81 0 255 150 136 0 139 81 213 145 0 25 0 255 128 106 255
    143 71 35 68 101 65 243 182 36 255 76 105 78 255 202 255 34 9 255
    255 101 215 0 183 48 30 255 102 41 110 0 132 9 64 101 9 255 87 29 0
    255 0 223 182 84 255 0 0 255 176 250 74 255 0 29 26 0 255 248 0 255
    165 0 252 0 255 227 0 6 81 86 255 251 130 0 254 20 255 255 23 224
    120 180 76 255 255 0 9 207 0 58 83 85 233 162 178 85 136 243 247 145
    163 234 14 156 231 0 19 31 253 0 173 147 248 255 17 225 112 246 39
    255 0 255 234 235 115 26 49 213 215 255 198 96 0 255 0 204 0 213 0 0
    0 0 0 59 189 219 92 99 176 101 0 84 194 188 146 255 252 255 189 227
    39 255 184 0 0 255 255 124 0 27 172 237 248 57 53 149 188 0 210 255
    10 166 222 146 45 234 255 49 255 250 255 152 232 0 222 255 0 158 146
    255 255 32 213 30 251 200 146 255 0 56 34 71 255 136 205 103 255 47
    169 1 81 4 224 132 126 103 55 118 114 255 255 255 0 255 0 255 154
    138 0 214 243 206 182 248 247 84 255 212 192 255 35 191 37 132 255
    83 84 0 0 123 5 0 128 255 0 59 80 5 0 255 196 209 76 255 232 42 134
    66 0 255 234 255 190 67 255 0 186 0 59 0 89 144 255 0 0 190 26 21 0
    0 118 242 156 205 0 166 67 0 87 255 76 80 155 255 16 72 255 130 73
    227 255 224 196 255 5 118 255 236 236 209 61 205 229 0 79 28 255 255
    255 255 177 91 89 255 255 0 76 219 255 206 104 102 182 46 112 255
    226 0 247 15 15 4 80 52 0 209 127 0 7 230 255 165 63 0 255 9 109 78
    150 173 0 0 255 113 230 236 20 21 176 255 193 51 255 0 27 109 71 0
    255 0 253 255 0 0 44 0 0 75 58 59 223 133 0 255 255 43 255 32 98 97
    255 159 32 4 127 243 158 151 122 139 255 231 75 92 19 249 64 97 255
    83 236 255 180 0 18 188 121 0 0 0 144 0 255 218 182 164 0 249 232
    255 167 170 153 30 255 31 75 196 233 80 209 255 89 0 28 90 0 23 22
    226 0 5 255 255 253 255 255 41 172 255 0 223 193 198 218 6 14 0 166
    196 157 7 178 0 0 123 189 182 255 142 179 252 255 177 255 154 255
    191 79 164 251 192 0 175 52 249 133 210 255 255 55 255 0 117 97 4
    255 174 185 255 205 0 206 105 0 66 36 145 132 10 255 224 53 122 255
    34 255 99 234 165 255 100 158 66 39 255 137 65 0 84 221 190 236 70
    96 19 255 227 85 116 76 93 255 255 194 26 132 33 83 255 67 0 0 255
    183 0 155 16 36 116 255 0 123 255 180 168 222 255 246 255 225 250
    255 79 22 63 94 255 14 254 238 153 255 3 255 138 200 71 0 28 255 119
    172 96 193 0 71 219 0 153 139 0 85 0 78 176 0 133 131 0 0 64 154 0
    83 0 181 15 0 255 27 174 255 152 255 255 48 160 0 255 245 87 255 146
    0 224 132 76 8 0 0 0 0 219 255 61 97 184 156 0 0 111 127 149 185 0 0
    220 96 255 172 255 109 0 17 123 186 177 0 4 167 255 130 0 100 188
    193 127 115 255 167 137 255 23 249 255 50 0 168 159 228 172 255 202
    0 0 205 142 64 0 118 204 255 23 238 255 219 85 226 164 70 255 0 255
    0 203 0 190 119 14 236 0 45 255 94 235 255 89 255 208 237 57 255 54
    77 131 107 197 90 157 0 0 255 0 1 253 235 16 250 20 211 238 226 240
    255 23 183 1 0 0 255 253 188 134 255 255 119 202 255 94 3 255 0 0 62
    51 227 255 0 114 93 172 251 131 74 0 17 195 0 91 133 131 255 152 197
    134 153 255 34 42 96 0 145 72 0 1 255 0 0 45 167 91 52 121 170 251
    217 237 173 230 114 80 244 10 0 151 255 84 150 0 177 251 0 167 0 125
    0 0 48 166 178 48 44 0 152 255 0 255 237 92 209 170 26 0 237 15 0
    255 255 191 0 255 255 137 255 116 0 41 111 33 255 27 0 208 248 35
    255 106 201 161 54 152 17 58 85 0 58 255 129 161 0 120 85 255 177 0
    64 205 0 255 237 0 255 160 67 255 0 255 255 54 255 0 131 48 0 250
    170 0 252 214 215 93 0 107 255 255 248 0 255 141 142 24 120 201 15
    26 249 0 165 255 83 137 57 0 86 175 255 0 0 0 0 1 255 111 0 185 85 0
    0 0 85 196 255 96 255 63 0 72 26 0 81 44 67 0 203 0 172 23 165 92
    255 245 255 255 255 255 250 41 84 135 255 109 183 199 59 41 73 165 9
    24 0 113 176 77 0 29 246 0 53 0 240 255 205 255 255 255 0 0 255 0 0
    120 108 0 92 120 185 107 255 27 75 135 50 81 242 255 255 255 255 21
    255 65 0 115 227 45 88 99 55 117 255 134 30 155 160 0 220 109 0 90 0
    0 255 84 63 98 127 191 255 182 0 220 0 255 209 0 255 249 53 120 0 72
    255 62 0 72 0 171 76 0 0 48 0 200 255 255 190 241 30 31 255 158 255
    205 102 77 0 15 92 255 255 215 0 255 77 249 179 84 119 226 0 109 0
    146 109 177 255 0 58 20 189 180 196 0 75 140 255 0 156 255 0 240 19
    105 138 125 39 255 0 54 38 0 31 0 3 155 221 138 165 86 76 93 17 50 0
    172 255 2 209 176 125 0 0 255 5 0 255 71 230 0 171 255 0 167 255 55
    89 246 60 232 203 52 0 0 127 0 0 228 98 94 255 255 99 255 216 125
    105 0 159 46 255 145 54 77 0 87 3 255 82 246 9 0 0 0 107 193 149 221
    105 197 0 233 107 6 255 0 254 68 8 61 157 93 9 0 193 190 0 199 126
    145 0 255 40 79 92 97 249 22 24 250 55 197 141 174 245 141 255 66
    237 0 206 0 255 10 133 241 128 255 63 235 205 82 255 0 255 0 96 255
    76 0 56 255 230 100 232 255 0 125 113 211 109 107 15 57 217 0 141
    255 215 50 255 255 253 29 240 0 230 255 255 255 0 255 33 255 0 110
    252 56 219 61 56 159 126 0 255 0 255 0 35 71 135 91 0 203 39 107 118
    255 36 0 0 255 103 22 33 12 10 154 76 135 11 48 253 0 40 255 254 94
    255 106 106 255 0 255 212 184 137 0 0 100 255 34 103 200 231 255 191
    50 10 255 0 87 255 0 12 37 32 134 0 170 244 129 0 255 0 46 0 0 210
    14 197 0 0 255 255 0 255 253 85 255 129 255 31 9 35 83 91 45 0 255 0
    25 255 0 0 206 0 255 119 189 250 113 255 236 154 14 86 254 32 75 139
    55 174 75 232 57 0 0 238 190 76 169 0 24 0 43 0 105 26 41 202 210 0
    195 232 79 29 230 248 197 0 227 0 91 147 44 255 255 38 166 255 0 0
    255 126 74 215 150 255 38 80 154 146 255 255 157 0 21 45 41 78 255
    172 216 38 51 183 32 154 112 109 5 0 0 0 213 39 254 0 0 217 255 0 0
    210 115 239 255 0 0 0 217 144 112 255 157 23 13 255 107 140 255 224
    255 243 95 163 143 32 0 75 0 60 66 155 33 206 250 88 255 99 0 125
    152 153 186 77 83 53 34 255 212 255 142 103 241 0 166 0 0 56 21 0
    111 0 255 157 255 255 255 0 255 255 83 0 2 150 0 255 246 40 0 255
    255 18 54 255 151 115 242 255 145 91 255 230 110 233 102 60 0 160
    192 0 158 79 121 67 199 204 0 204 37 42 119 154 228 255 89 255 255
    255 254 122 0 30 97 224 149 37 136 91 7 201 14 0 0 255 53 79 0 255
    218 115 123 255 255 255 0 26 0 255 53 227 40 255 223 0 92 126 95 61
    255 255 135 138 179 255 0 207 255 0 0 124 179 81 17 109 121 7 37 239
    48 198 32 228 19 49 80 217 0 0 255 0 148 44 150 108 184 0 29 0 255
    239 175 223 25 197 121 35 162 81 255 255 63 24 216 69 137 168 69 0
    160 214 0 235 255 41 242 255 0 253 100 0 175 238 33 19 255 0 233 206
    255 168 197 0 0 254 0 139 83 248 255 255 255 0 0 255 49 255 116 111
    255 16 226 0 127 140 48 222 255 255 255 237 72 126 242 252 202 243 0
    249 0 255 0 0 117 255 188 0 0 157 218 201 255 86 39 39 84 9 166 255
    215 5 160 121 112 255 255 24 178 255 249 150 23 230 255 255 255 255
    214 0 68 255 0 253 179 155 202 0 255 73 255 255 0 42 137 94 80 12 0
    0 54 83 255 203 75 136 56 206 114 54 0 23 55 15 255 189 0 150 0 164
    114 133 112 36 0 67 0 124 68 47 210 255 75 255 255 0 255 60 255 255
    75 0 134 0 101 14 253 0 0 20 11 228 255 9 9 113 19 255 109 125 108
    54 87 144 105 142 211 212 69 135 106 137 255 33 119 179 0 147 253
    216 137 0 255 234 255 0 255 33 169 21 0 0 0 122 133 7 189 187 114 0
    0 212 240 150 0 255 0 0 68 255 89 46 129 179 5 162 167 144 0 254 0
    224 142 47 0 139 178 217 233 246 0 112 0 0 136 255 67 118 185 13 0
    255 0 0 159 0 0 67 169 252 255 88 0 50 12 0 156 95 255 152 230 0 0
    255 1 145 98 219 0 27 221 147 114 0 187 0 0 255 0 160 255 255 77 75
    0 72 0 236 85 0 255 173 0 107 86 118 170 0 0 0 132 186 223 255 255 0
    217 122 255 60 255 185 255 108 116 230 35 62 64 51 0 0 79 0 242 22
    167 0 255 40 132 81 55 197 194 194 97 65 255 95 255 186 0 254 90 232
    0 0 111 55 26 143 255 84 0 127 187 0 181 79 0 180 255 255 164 0 255
    255 255 235 236 45 108 52 255 0 0 255 176 185 0 133 0 235 255 88 74
    92 255 183 237 28 19 144 222 107 211 139 126 142 122 198 16 0 255
    255 166 207 45 0 31 0 130 253 130 224 165 255 8 0 165 216 137 0 255
    226 0 159 164 144 255 54 0 255 74 90 0 18 0 0 21 0 165 49 178 77 255
    211 146 255 131 255 255 61 244 255 48 159 92 0 146 255 255 219 113
    255 184 0 96 176 73 255 235 255 0 235 41 175 56 42 60 46 172 222 31
    255 180 57 0 35 255 236 124 10 255 144 0 0 0 0 162 56 171 255 178
    127 16 9 222 244 1 42 42 190 26 255 255 255 189 74 255 255 82 0 255
    255 196 0 241 49 255 255 189 162 237 255 143 178 146 255 108 255 179
    104 187 105 126 0 0 226 78 74 5 255 181 49 26 20 0 75 179 255 0 255
    255 200 211 196 148 133 255 106 0 127 201 0 231 0 127 255 201 0 255
    224 236 203 186 144 237 52 80 0 18 212 207 0 203 255 0 84 218 255 71
    127 255 33 180 114 179 0 232 0 163 19 255 174 0 185 0 61 232 0 0 232
    0 246 143 253 189 8 229 241 255 84 199 138 104 2 230 234 153 255 15
    113 118 0 25 157 196 56 51 187 183 166 183 16 249 0 83 240 17 255 85
    134 169 0 43 255 31 255 255 67 0 18 255 255 255 129 10 168 0 255 99
    13 66 0 255 91 0 255 236 0 44 255 178 202 169 70 61 49 0 236 192 0
    39 41 97 255 130 158 255 130 0 131 255 123 163 189 66 79 206 255 156
    202 255 163 0 204 159 79 50 255 231 94 255 120 255 3 204 89 255 0
    162 86 186 45 255 255 216 11 229 0 255 176 255 0 227 52 40 31 0 255
    35 38 97 0 240 11 198 117 255 0 180 0 0 255 212 255 121 255 255 255
    255 0 157 118 244 151 148 255 0 0 181 0 255 0 218 255 238 255 5 202
    255 115 101 94 213 180 157 255 201 155 199 37 170 9 255 125 0 126 80
    119 222 164 185 194 255 64 0 50 133 255 173 0 229 102 0 0 0 182 83 0
    255 128 179 17 185 0 255 234 86 29 243 0 168 0 109 255 44 104 131 70
    207 31 89 77 95 0 224 238 41 255 114 32 255 0 255 0 101 209 255 0
    111 179 255 232 139 107 0 177 152 0 0 153 154 255 255 109 206 255
    213 0 0 0 237 0 240 94 167 220 146 0 255 47 168 0 22 41 234 194 149
    204 28 0 146 52 255 232 153 255 211 230 255 86 0 255 186 23 75 204
    254 255 16 56 154 42 25 255 149 255 255 255 223 255 64 0 255 0 255 0
    0 0 255 193 137 255 0 255 102 255 186 135 113 82 7 50 200 115 62 110
    162 0 65 135 0 179 163 37 5 255 234 182 73 0 140 76 255 223 255 76
    135 0 126 38 0 46 84 230 255 204 225 27 0 106 66 223 85 0 54 0 191
    86 65 80 143 174 89 145 153 255 4 255 198 105 0 255 255 0 96 240 0
    255 122 218 253 143 53 248 131 47 58 16 91 166 0 43 255 0 178 105
    196 65 0 255 255 0 120 255 197 255 16 198 218 158 217 51 238 255 60
    214 255 101 50 234 89 117 98 17 255 246 42 96 20 232 171 255 255 128
    255 33 255 0 51 255 0 113 198 0 255 255 216 255 0 255 0 0 224 99 98
    113 65 209 217 23 0 242 255 255 41 43 0 255 90 49 103 146 235 96 212
    170 255 140 78 243 234 255 255 255 230 0 130 0 31 0 161 176 0 36 0
    255 146 0 151 45 199 36 255 0 247 40 219 92 255 255 200 255 0 212 12
    255 0 83 198 0 0 197 2 30 255 146 145 255 255 229 189 255 194 255
    255 229 151 255 94 53 63 146 151 0 248 18 252 74 2 0 255 242 97 255
    59 255 34 39 255 176 7 0 68 90 126 255 217 216 255 120 190 255 110
    141 255 125 9 255 134 0 235 0 35 76 255 0 188 213 185 144 148 0 194
    232 126 255 0 245 0 68 0 198 164 119 89 204 228 255 255 110 0 213
    140 123 156 0 0 113 97 0 206 13 0 241 23 255 101 255 81 46 255 0 59
    0 109 255 255 66 0 0 0 159 81 248 15 92 255 41 151 156 0 0 209 143
    184 60 0 172 5 135 0 212 0 158 105 0 38 255 64 127 255 17 20 255 171
    175 88 161 255 207 77 14 124 4 253 255 0 255 231 0 201 219 125 159
    138 0 211 255 68 255 0 255 0 90 53 0 255 217 183 0 255 123 52 105
    102 3 234 212 111 203 59 126 246 48 145 228 255 255 50 33 255 231
    242 255 245 255 76 255 0 134 0 255 15 255 0 59 255 255 173 63 255
    146 70 38 82 15 180 65 0 245 255 82 0 255 141 249 0 84 0 229 3 119
    255 0 37 0 235 255 26 22 0 255 75 66 147 114 33 0 24 239 255 183 112
    38 14 244 101 255 123 110 255 250 161 115 195 139 255 33 124 255 247
    51 255 131 0 159 0 0 234 0 0 248 0 0 219 255 106 255 227 150 142 234
    196 24 66 0 12 164 22 255 113 0 99 255 229 255 117 88 215 152 178
    208 139 159 255 70 179 121 55 88 135 150 62 255 85 95 149 0 123 255
    85 180 0 255 15 0 255 66 29 0 255 173 41 255 127 152 0 47 211 255
    255 72 220 159 54 0 187 0 255 206 50 255 14 155 255 200 163 142 117
    255 60 65 203 0 38 234 255 255 38 255 133 10 135 67 26 0 14 11 221
    47 0 255 22 86 19 148 243 0 33 50 80 6 255 62 178 255 170 119 191 39
    154 5 76 60 218 90 29 13 255 53 0 221 0 107 0 0 14 115 0 51 220 184
    169 63 255 0 53 133 0 255 228 9 0 118 165 218 255 27 212 248 100 243
    0 255 31 6 198 50 255 60 210 255 255 255 212 255 14 255 63 30 255 8
    255 248 0 255 38 117 216 13 178 42 0 170 44 213 0 5 255 0 99 81 179
    172 150 255 110 39 76 255 222 255 0 103 229 179 255 11 152 0 8 240
    160 80 87 158 255 194 0 188 237 81 145 255 255 105 21 3 51 255 255
    32 220 255 83 0 0 255 59 255 82 88 0 26 255 0 255 255 255 69 0 160 0
    33 255 255 15 66 202 203 171 37 0 92 0 0 170 237 0 6 0 0 215 131 255
    154 77 255 210 0 0 191 56 0 255 0 142 0 0 255 58 255 143 255 0 148
    71 118 8 78 149 0 166 83 189 255 255 195 136 229 9 255 51 242 255
    255 9 0 0 0 36 0 24 108 137 86 125 255 62 255 255 44 240 6 0 0 113
    146 255 0 74 0 195 146 25 71 255 111 23 0 68 0 53 8 86 51 40 255 255
    117 255 0 252 28 255 0 22 53 94 255 230 55 0 255 0 228 179 0 79 233
    255 235 219 255 171 88 55 220 19 255 186 0 0 192 148 0 0 34 253 255
    50 0 179 186 118 0 91 82 153 255 255 141 179 0 0 255 209 81 209 0
    168 21 0 255 149 206 0 22 15 35 63 126 95 0 123 149 85 142 198 255
    23 128 251 0 253 255 255 255 25 250 0 71 175 220 0 6 215 51 0 0 0 47
    255 0 215 180 255 255 255 125 48 232 188 0 137 0 222 255 255 0 255
    81 255 66 76 167 136 0 255 255 255 0 46 0 22 35 84 0 255 172 125 255
    226 0 0 55 255 40 0 232 0 0 47 82 89 15 166 0 38 118 235 231 82 255
    0 144 18 228 6 0 181 0 203 60 180 255 0 125 239 129 133 166 224 0 41
    168 129 167 241 74 0 255 10 191 0 214 38 42 255 61 255 0 0 217 153
    255 97 228 224 46 236 160 6 0 20 142 12 255 0 91 0 123 255 174 255
    117 244 255 255 119 255 0 215 176 73 0 0 171 19 144 182 0 0 255 209
    216 205 0 29 87 3 238 220 255 166 212 0 3 127 0 41 246 26 220 63 0
    126 195 255 172 249 250 8 255 0 92 0 42 11 187 255 0 145 201 14 128
    234 0 22 212 121 0 0 170 83 195 213 139 157 39 255 23 0 195 201 213
    159 255 178 31 255 215 15 211 248 83 73 109 195 123 122 163 0 255 86
    255 195 74 255 191 89 50 255 255 240 158 255 255 0 255 153 0 187 77
    42 0 35 255 0 143 120 95 152 255 128 255 169 255 149 223 1 255 18
    255 255 9 38 242 255 233 97 119 82 79 74 55 255 194 255 255 255 0 0
    127 255 177 116 255 111 171 255 30 15 109 0 255 225 211 255 255 17
    109 240 67 181 211 5 255 155 255 255 132 71 255 0 49 139 0 145 0 0
    255 0 152 249 255 189 201 206 97 1 113 226 238 19 66 255 218 254 0
    255 5 255 83 205 242 140 0 234 0 255 157 110 98 0 196 254 255 186
    255 255 165 13 0 242 17 154 225 86 3 0 255 0 0 27 134 255 255 250
    223 20 69 190 246 227 130 103 255 255 53 0 255 134 40 189 97 0 239
    78 31 16 251 255 46 255 160 151 255 186 255 0 211 189 0 67 0 111 0
    64 200 0 89 232 255 255 99 255 151 255 172 16 0 176 188 135 60 0 77
    69 21 174 47 87 0 0 143 80 163 170 39 193 0 36 218 52 85 67 15 0 218
    214 120 219 104 207 255 117 255 254 255 255 116 223 241 91 80 145
    255 0 223 147 0 0 226 255 75 255 114 255 147 198 132 0 255 0 255 36
    50 65 0 193 93 45 108 172 4 200 255 35 255 65 255 125 0 249 69 191 0
    12 255 120 152 255 139 255 78 255 118 90 43 111 0 177 97 5 255 255
    202 193 12 55 250 0 67 9 255 10 123 255 199 255 38 255 236 118 230
    81 0 96 93 0 118 45 118 110 255 172 10 255 0 209 159 175 100 115 252
    51 64 255 187 255 188 48 39 149 255 93 0 255 232 5 144 74 84 128 255
    255 181 102 136 0 90 155 182 27 110 255 43 200 54 250 0 76 250 0 59
    0 163 0 122 254 168 0 255 117 66 0 0 90 255 204 0 255 180 255 96 255
    231 70 189 61 0 255 32 0 194 75 155 255 27 98 251 92 0 255 0 0 237 2
    255 250 0 255 255 184 104 36 43 0 119 140 121 80 31 13 213 255 142 0
    68 105 35 255 127 255 230 62 186 43 252 9 127 0 0 104 118 0 169 0 94
    255 132 249 70 16 98 255 75 205 108 192 0 0 255 103 107 178 0 50 203
    182 61 255 255 143 27 0 94 255 255 0 255 238 0 255 251 0 161 3 179
    255 66 3 255 0 73 0 0 174 0 0 255 154 0 57 247 173 0 2 255 93 71 121
    34 0 149 180 175 255 230 255 242 41 0 239 73 30 156 255 255 211 177
    246 133 142 12 0 145 255 91 255 123 202 232 0 92 215 0 80 99 0 0 10
    248 0 209 0 126 0 0 0 0 191 0 255 194 57 255 0 0 35 0 255 171 0 0 51
    143 255 255 134 65 0 255 169 113 56 35 231 32 4 0 255 255 0 0 0 246
    205 255 0 66 0 64 138 96 222 255 191 11 62 191 0 0 45 0 255 134 0 0
    39 211 31 60 0 255 27 0 255 255 59 255 245 0 32 255 126 20 84 44 53
    155 139 255 0 255 192 57 0 0 83 110 24 147 0 133 0 220 0 179 133 73
    143 255 0 0 83 1 0 14 199 255 255 0 37 95 0 0 230 255 176 199 226
    255 255 150 224 255 226 255 0 213 229 0 201 128 255 194 255 255 0 0
    236 225 0 2 130 0 210 255 99 0 38 241 0 82 0 226 82 187 174 255 255
    231 94 27 189 0 110 41 67 140 131 255 56 207 108 0 255 0 0 3 0 199
    251 247 34 0 255 0 47 0 207 134 117 165 62 60 40 255 0 77 0 0 0 62
    205 105 255 0 5 53 255 188 0 164 32 21 174 53 0 31 0 131 255 0 0 44
    0 0 0 37 145 0 188 17 255 217 72 62 144 133 237 77 65 24 0 106 198
    166 64 209 255 114 172 241 206 25 255 226 20 255 211 0 0 255 98 255
    0 241 241 71 0 95 0 0 0 143 9 190 0 216 212 92 72 255 132 244 255 0
    180 232 0 255 0 166 56 255 255 226 255 192 0 0 230 144 176 255 255
    159 118 144 219 150 243 59 255 255 21 255 255 0 231 0 0 55 0 255 41
    172 255 255 59 92 235 53 77 0 174 255 255 255 180 142 118 98 0 93 0
    51 255 22 35 111 255 0 0 88 212 255 39 0 80 27 0 255 255 191 43 57
    255 80 19 255 255 135 39 203 219 60 119 30 189 0 0 168 44 23 225 122
    155 175 0 159 0 166 27 0 234 255 0 255 148 255 161 11 255 10 30 243
    156 255 22 255 255 255 0 108 114 204 152 255 57 178 145 8 0 83 90
    212 56 130 207 223 157 255 41 171 79 255 184 44 16 255 216 0 137 0 0
    117 172 255 76 66 255 120 0 0 252 86 61 189 27 106 60 255 25 255 157
    0 0 255 107 0 0 11 255 72 255 61 107 165 255 255 255 255 16 118 143
    25 137 255 106 13 231 254 149 255 223 75 87 69 0 255 253 123 160 255
    0 141 255 106 0 0 148 110 53 162 0 190 54 255 245 101 9 228 254 194
    234 99 206 0 0 225 0 240 142 91 255 255 112 0 182 35 74 0 224 255 14
    0 205 12 64 255 255 91 23 255 11 203 154 147 178 15 255 62 89 178
    191 0 75 231 0 88 204 0 134 0 174 255 101 252 92 255 10 0 255 255 0
    250 12 198 237 102 186 96 28 255 91 131 191 42 231 0 146 188 189 2
    255 0 0 153 120 91 114 154 131 255 0 29 255 206 113 88 157 0 0 255
    255 228 2 82 0 0 53 88 255 255 36 158 255 0 130 255 0 0 156 255 0
    255 85 255 255 0 83 235 219 0 0 255 255 121 251 243 255 18 255 255
    95 0 255 172 31 255 0 7 207 0 0 92 73 0 0 4 0 212 193 113 255 65 127
    84 67 117 255 245 0 255 253 189 64 203 221 0 226 194 0 0 24 255 113
    211 144 255 212 255 247 92 11 127 0 0 111 0 123 79 39 20 107 0 50
    255 141 120 179 85 226 27 255 255 94 255 153 128 40 112 255 0 255 0
    31 92 78 0 44 187 0 236 56 34 136 76 189 255 0 146 0 193 96 241 255
    255 255 92 186 255 40 255 227 221 152 0 233 0 78 255 162 0 109 255
    29 0 214 246 35 215 255 182 74 82 173 255 126 0 255 0 0 138 69 115
    94 255 255 25 202 68 255 255 255 74 164 226 0 224 246 0 255 0 255
    133 230 255 45 41 3 255 14 0 229 0 0 108 180 40 209 0 17 215 126 0
    255 52 1 255 128 7 0 101 70 255 255 175 186 67 108 185 152 171 17
    240 8 31 0 0 207 255 247 255 129 243 0 43 47 255 247 0 0 217 255 0
    255 0 146 0 255 255 0 47 63 0 0 182 0 9 68 0 92 243 60 255 222 0 63
    168 29 215 40 255 0 121 114 45 1 191 0 255 109 86 0 0 42 0 0 255 0
    170 255 255 253 244 172 228 40 178 0 136 255 43 230 0 0 126 255 159
    0 19 255 0 255 58 220 252 238 120 101 198 93 5 255 6 197 255 0 166
    240 62 150 46 13 255 206 207 186 0 44 112 88 0 214 222 227 19 120 30
    0 35 90 231 0 255 0 108 0 0 0 182 16 0 255 185 18 255 255 130 255
    163 81 247 0 80 37 220 184 0 165 9 221 199 0 0 253 0 0 134 13 255
    175 255 41 48 0 67 255 5 74 145 255 244 132 231 197 128 201 20 163
    122 26 236 248 255 255 43 255 0 1 147 175 70 161 0 28 205 255 0 172
    240 0 60 146 208 255 255 138 0 109 143 94 0 254 47 7 0 47 216 28 0
    107 127 76 41 255 151 94 0 11 63 131 241 0 0 228 173 255 111 0 0 145
    246 140 210 0 0 244 0 32 255 255 163 255 132 76 255 158 161 91 65 0
    172 140 0 105 16 37 0 62 0 205 163 255 255 0 28 0 129 36 56 235 255
    131 29 118 78 142 255 255 0 250 255 174 208 237 0 255 35 255 233 23
    0 255 180 238 6 255 196 3 0 85 130 18 44 0 26 0 0 108 0 71 255 0 255
    255 0 0 255 255 10 219 255 255 225 0 255 249 0 0 125 0 255 85 255
    255 139 144 0 109 40 173 8 101 126 0 0 152 255 5 140 0 224 255 255
    21 51 255 255 111 74 70 131 134 74 6 222 76 216 246 63 79 80 0 226
    60 254 255 255 72 169 25 255 18 92 255 255 100 36 255 96 94 0 250 0
    255 182 41 78 0 213 0 182 79 104 255 137 0 0 83 255 40 0 96 255 255
    255 0 255 255 134 112 255 152 212 0 255 0 255 210 167 64 70 137 251
    100 255 0 94 205 31 50 0 60 255 255 255 38 72 50 114 168 74 10 255
    173 231 53 187 255 255 255 246 241 141 255 151 138 255 255 0 194 97
    0 79 0 60 187 73 255 255 0 29 0 199 255 174 246 137 8 255 0 73 248
    150 187 237 232 252 255 100 3 242 255 8 255 213 0 0 0 204 184 60 63
    194 188 0 0 123 229 0 247 255 45 0 255 81 0 255 64 195 7 0 176 164
    177 255 0 115 255 0 161 215 0 0 138 255 0 200 0 86 0 8 0 253 198 16
    255 99 13 238 0 84 0 5 32 0 232 69 0 53 15 255 187 124 134 21 255 3
    199 125 0 176 0 0 255 122 255 175 0 0 55 41 243 255 0 0 202 228 0 0
    150 0 0 222 0 186 106 4 122 59 0 228 0 234 0 0 0 0 0 53 66 0 117 0
    98 42 0 125 237 149 74 35 255 87 172 215 0 180 117 255 255 218 117
    59 191 147 182 54 0 151 212 68 52 158 7 240 255 181 179 255 133 255
    186 0 130 151 217 133 252 192 255 255 184 18 255 255 65 255 69 255
    37 200 45 220 44 255 255 15 225 0 255 237 0 0 255 255 30 171 89 39
    197 255 122 106 154 255 54 65 255 234 0 51 72 171 0 131 0 255 161 0
    235 143 255 234 249 0 255 0 140 156 255 255 105 145 0 190 39 0 198
    101 76 134 212 0 54 46 255 219 233 0 146 232 124 203 53 87 163 0 255
    231 255 255 0 103 255 91 178 9 30 227 167 140 255 0 82 255 77 15 41
    188 204 180 144 0 196 143 118 0 255 58 222 49 136 81 128 255 229 0
    132 40 139 75 8 193 191 35 0 246 255 131 0 29 0 171 255 110 255 255
    213 211 157 218 85 211 193 76 0 255 10 255 103 0 0 68 188 0 118 175
    76 225 255 0 127 144 65 93 45 255 89 100 255 109 0 255 0 38 0 0 26
    195 0 17 175 175 255 0 0 223 255 152 255 39 223 0 40 0 0 22 0 0 0
    227 229 3 142 255 189 255 252 242 120 0 0 114 161 151 49 0 133 0 0
    255 255 254 229 0 54 0 237 152 83 255 107 255 95 77 101 0 136 255
    165 192 0 255 255 68 95 200 216 152 0 220 255 238 86 73 134 118 121
    40 255 255 255 69 255 50 145 0 191 204 0 197 253 175 0 145 33 0 92
    151 214 255 34 9 126 9 95 255 255 169 255 255 180 166 0 0 255 0 91
    197 0 204 255 55 115 0 255 192 215 0 255 255 133 48 255 27 129 255
    22 177 10 10 193 34 245 255 18 0 255 201 255 0 255 84 122 167 205
    139 112 255 255 0 255 56 48 125 18 23 142 5 0 98 195 0 0 19 1 255
    255 255 75 203 80 16 116 173 249 255 61 255 255 255 179 255 60 0 192
    129 0 255 255 38 255 26 199 18 255 232 35 142 0 126 255 0 76 255 72
    126 75 0 221 106 118 199 0 165 6 0 39 71 255 0 255 214 255 177 195
    162 153 112 32 86 72 0 177 136 138 255 126 175 200 126 119 226 255
    112 152 171 138 255 68 255 139 101 60 233 0 90 143 255 255 242 192
    58 188 123 0 152 7 53 131 236 198 148 127 194 58 67 251 255 242 255
    38 255 67 0 115 6 218 92 85 121 255 255 242 222 255 255 255 255 255
    29 222 0 253 46 212 179 44 179 23 0 193 11 63 179 103 255 0 4 160
    208 255 94 198 255 118 0 0 255 0 0 0 100 64 0 255 214 255 96 0 46
    255 0 0 0 76 255 255 2 116 229 143 204 224 255 85 0 0 72 0 13 202
    255 2 8 20 34 16 165 23 200 255 157 100 0 255 255 203 154 31 29 142
    243 115 0 255 226 214 0 0 87 124 20 203 176 86 254 48 121 255 1 0
    118 247 219 186 255 78 0 91 255 0 74 53 188 45 0 7 250 0 148 96 0 54
    255 0 109 25 183 36 0 0 110 130 246 43 230 255 27 224 0 237 171 0 0
    255 144 141 0 238 255 100 0 218 138 0 141 0 255 198 173 64 96 173
    160 22 255 216 255 255 30 188 146 227 244 0 0 255 28 113 0 223 57
    255 88 114 69 118 20 211 255 255 0 227 0 20 255 118 168 128 206 204
    33 0 40 158 158 185 0 0 76 211 255 5 255 255 0 0 40 247 134 0 228 0
    76 255 255 224 246 255 255 255 121 255 175 3 255 23 255 65 0 155 116
    146 0 10 249 16 255 231 108 255 83 255 255 86 255 219 0 255 0 0 214
    0 77 23 92 253 156 15 255 85 243 161 48 225 158 0 130 211 76 255 20
    11 103 255 239 0 58 237 128 85 113 132 73 236 46 205 255 32 117 255
    33 255 255 2 162 255 0 255 17 0 41 0 108 255 114 0 97 232 133 54 255
    217 0 255 252 255 191 255 255 138 255 0 98 0 10 208 243 255 151 255
    0 147 62 207 89 80 0 255 0 90 4 173 255 42 243 0 255 100 170 16 155
    27 255 255 255 3 255 255 255 111 37 255 248 134 0 255 255 209 71 255
    249 255 72 0 0 37 0 255 182 0 0 226 255 0 255 255 255 255 255 12 173
    255 255 255 191 0 255 0 254 0 135 33 43 73 0 61 126 238 105 107 255
    0 0 21 255 255 166 132 106 233 0 0 167 0 207 255 211 110 189 255 137
    216 255 255 0 255 37 237 207 0 255 0 255 255 255 227 0 140 0 255 237
    109 0 178 0 0 205 255 126 178 255 251 188 255 93 0 0 255 234 104 202
    176 129 211 25 255 166 101 255 96 221 255 54 31 205 61 165 59 255
    123 248 82 251 230 14 255 32 0 37 34 0 255 0 126 147 63 144 110 212
    255 255 0 151 10 218 0 108 172 255 216 131 252 136 177 0 255 0 255 0
    0 255 0 255 0 127 255 0 133 0 255 0 239 255 0 106 231 193 0 56 255
    163 66 196 202 0 221 255 0 255 113 181 0 0 166 0 255 255 0 204 93
    221 0 196 203 255 190 0 101 156 141 0 58 0 207 255 203 85 163 255 61
    213 0 165 47 203 1 81 93 213 75 203 44 239 75 173 255 189 255 0 110
    0 21 0 149 135 74 201 67 255 126 85 255 204 255 140 249 43 33 0 0 54
    24 0 80 14 136 87 0 184 152 83 0 0 0 0 229 17 96 202 109 0 255 123
    141 117 255 126 255 242 130 124 214 0 0 101 156 136 3 16 255 56 34
    187 21 0 120 106 128 75 0 0 133 137 0 186 0 0 131 0 0 172 0 0 32 187
    30 52 51 255 235 17 0 24 234 0 200 89 118 60 255 162 217 154 87 61
    141 31 0 237 161 238 225 0 0 232 255 10 255 80 45 27 0 63 254 226 0
    255 101 180 60 180 0 141 134 64 255 224 186 255 208 240 255 47 254
    63 0 255 29 255 185 104 255 0 0 176 117 255 0 255 0 0 255 94 23 255
    0 255 109 0 0 177 119 30 18 21 0 210 41 122 111 72 5 9 27 0 255 233
    0 0 0 21 126 0 151 221 78 0 119 214 0 255 124 0 0 0 167 254 136 65
    255 96 178 47 0 255 46 0 0 255 218 154 255 58 105 255 227 255 0 29
    242 222 162 206 31 231 0 73 26 167 215 255 121 183 168 184 27 0 167
    255 47 76 64 86 133 109 232 7 209 132 45 190 0 45 153 0 71 52 0 73
    137 0 0 255 255 70 0 71 255 205 142 255 255 17 56 134 255 172 160
    255 95 0 154 225 255 165 255 255 246 10 19 0 126 0 130 110 81 228 0
    77 0 187 208 0 255 94 156 243 0 218 128 234 255 253 153 249 54 255
    166 240 249 0 255 210 0 0 9 105 125 0 0 170 139 255 252 84 107 255
    209 210 97 198 255 133 255 253 0 255 255 40 211 150 51 176 228 126
    209 215 0 142 0 0 54 255 164 241 0 191 255 140 60 0 24 110 143 77
    179 154 7 0 255 231 163 255 101 255 0 216 87 0 255 0 242 55 142 255
    189 255 154 255 156 0 117 247 233 157 171 0 177 108 0 0 255 83 0 185
    0 201 166 104 255 96 255 255 0 0 45 86 228 3 6 0 155 0 0 219 9 160 0
    255 190 47 168 188 116 255 0 214 255 233 255 0 255 255 77 0 50 75
    255 255 0 217 57 86 186 153 106 123 255 209 252 48 255 0 17 0 168 0
    0 249 190 194 0 255 255 22 156 194 155 200 172 0 0 217 180 0 133 251
    50 237 0 50 0 0 0 0 56 126 240 219 7 112 20 255 98 0 0 0 0 0 232 67
    26 0 0 0 96 0 93 0 194 188 174 107 127 250 44 255 0 187 21 238 0 255
    255 85 255 178 45 203 184 103 255 68 255 255 173 229 0 255 20 235
    255 0 85 139 0 158 54 255 0 0 240 99 69 255 141 44 22 33 255 255 217
    0 44 97 203 250 255 120 55 155 204 255 111 55 0 128 255 178 255 52 0
    0 196 125 223 8 255 135 255 255 56 30 234 120 149 249 255 214 0 223
    65 183 0 18 165 0 136 140 94 0 0 243 255 234 255 255 243 255 0 250 5
    166 70 255 6 255 181 231 0 255 255 0 143 233 227 59 0 255 82 38 241
    22 56 210 13 255 7 0 254 255 92 219 93 244 0 249 255 0 234 185 72
    122 176 0 197 5 255 125 0 49 29 255 0 255 129 220 19 255 250 32 130
    218 12 63 162 0 215 100 178 182 0 0 87 104 90 0 188 170 41 238 118
    107 240 0 118 155 255 162 0 76 230 0 238 118 0 0 6 24 207 255 255
    255 0 41 255 213 41 111 21 167 255 250 101 255 0 255 0 0 255 119 149
    255 149 255 114 233 135 255 179 255 160 255 37 11 173 255 154 0 0
    121 0 0 4 124 51 233 179 255 255 160 227 147 208 0 0 188 12 194 255
    159 167 159 80 178 0 0 255 144 68 158 93 82 255 111 105 255 255 255
    177 255 139 11 193 218 65 255 145 255 0 182 4 145 157 130 0 34 225
    159 106 0 201 255 0 0 0 46 255 0 166 226 0 171 3 169 0 68 0 33 218
    166 112 83 0 255 58 1 0 255 0 0 17 20 0 37 46 236 2 0 133 255 15 250
    238 237 181 24 189 112 130 82 187 255 255 76 6 123 110 130 102 255
    57 179 255 74 247 0 77 19 0 201 29 255 0 0 230 102 153 155 126 0 88
    235 37 98 234 0 146 239 0 235 31 255 255 255 128 255 0 155 107 0 255
    106 255 41 0 122 201 23 0 0 33 23 51 0 0 131 116 190 0 151 0 14 0 0
    0 254 202 0 255 148 255 229 0 0 0 90 93 200 63 233 31 255 24 62 255
    234 255 241 184 81 35 42 255 63 112 44 0 42 37 84 88 0 0 167 127 255
    248 255 198 255 103 205 231 255 120 220 20 193 0 219 83 255 0 255
    255 58 36 65 255 0 118 0 0 255 0 255 238 173 239 247 255 151 221 152
    182 253 153 0 255 255 222 88 215 121 171 255 248 119 174 108 59 13 0
    0 19 166 255 255 255 0 255 53 139 205 227 59 226 179 5 135 175 214 1
    169 255 255 84 175 239 255 176 56 0 255 77 231 201 255 207 142 113
    255 171 127 0 168 136 30 230 0 191 44 140 255 21 165 31 235 255 236
    89 255 82 255 255 195 41 52 49 187 0 255 255 64 255 118 0 215 24 143
    0 13 255 40 96 199 223 52 0 162 98 0 89 255 166 173 43 203 89 0 82
    17 0 0 181 0 255 244 158 0 0 255 86 0 58 82 157 96 187 0 0 0 130 35
    118 88 68 255 174 164 224 139 255 255 0 68 162 172 129 255 86 114
    255 0 218 0 78 255 0 222 255 255 255 0 71 87 0 234 255 0 173 36 194
    46 236 0 0 195 203 229 57 0 0 179 133 18 255 0 255 0 255 0 70 139
    157 208 55 14 127 255 158 242 67 255 0 225 235 45 42 231 0 152 123
    238 230 255 0 255 251 0 219 221 26 236 14 144 0 0 78 55 255 82 158 2
    0 0 112 243 83 0 30 255 159 47 228 74 87 255 90 0 144 87 0 227 178
    255 131 107 75 255 0 79 75 16 255 3 255 213 117 0 255 255 203 0 31 3
    92 50 0 227 254 0 255 28 223 255 52 0 190 0 111 121 9 118 255 164
    255 102 75 76 92 15 146 0 234 0 110 100 129 255 114 250 222 0 84 0
    100 0 188 19 0 128 102 255 0 133 60 39 217 150 0 140 192 136 142 31
    97 40 176 54 0 194 196 102 171 0 94 0 0 164 17 255 89 157 135 89 255
    255 0 12 142 73 0 63 241 198 255 103 255 255 0 0 228 213 0 0 62 239
    0 0 255 215 177 209 98 182 255 180 120 55 255 73 255 0 147 255 27
    197 255 146 137 175 4 176 253 255 126 13 0 16 255 164 201 7 0 255 0
    234 0 190 10 75 255 255 88 62 129 64 0 24 0 255 194 255 110 255 143
    235 200 43 20 0 0 54 206 50 255 80 194 105 85 0 255 155 152 255 47
    255 166 156 73 60 97 235 26 0 0 7 217 177 124 114 227 0 0 0 123 254
    33 0 0 166 152 57 38 148 140 33 255 102 55 0 147 99 175 0 252 244 39
    255 49 177 61 255 0 0 32 146 177 231 7 255 24 0 229 0 114 9 0 238
    255 195 2 255 117 0 55 99 2 65 19 248 0 10 14 174 231 174 0 167 0 93
    226 9 0 4 235 111 177 22 162 255 222 174 118 138 38 164 241 255 255
    0 78 1 170 214 0 0 0 77 2 90 255 255 0 240 0 176 59 24 254 197 235 0
    183 0 143 255 134 195 128 255 151 0 255 0 79 78 215 193 0 47 197 0
    14 75 139 52 255 122 0 255 255 150 255 0 0 255 0 33 130 0 92 0 0 144
    8 184 212 50 32 255 255 154 255 0 255 255 150 197 90 0 255 122 81
    148 255 255 0 255 206 68 255 239 0 0 151 231 58 5 147 212 130 0 140
    106 255 66 0 255 255 121 255 255 0 255 147 149 0 255 60 252 150 255
    42 255 208 255 255 37 155 136 0 57 0 37 131 0 0 54 0 132 0 0 27 255
    255 98 55 255 208 0 0 0 0 180 166 247 243 236 255 0 0 109 66 255 44
    255 172 35 206 255 250 45 87 255 255 153 186 255 121 201 255 80 0 0
    241 3 28 28 112 255 146 87 255 68 242 56 255 71 231 30 255 196 0 186
    61 0 0 77 208 0 111 247 0 137 118 176 91 255 0 219 0 206 255 169 255
    232 0 13 255 255 234 153 162 235 0 0 136 141 8 216 0 255 203 241 240
    77 218 255 247 79 191 197 66 27 255 48 132 31 57 105 0 42 189 192
    191 151 155 110 47 248 32 255 34 255 247 137 66 234 49 255 109 0 0
    146 89 255 167 47 246 156 167 0 12 255 0 0 185 184 246 186 196 255 1
    244 0 231 255 255 227 212 123 0 0 172 255 239 48 140 255 0 95 197
    224 22 255 99 139 0 0 191 0 122 255 23 220 81 103 0 255 162 25 72 77
    0 76 112 0 255 254 125 243 255 158 64 191 255 207 255 131 0 0 233 9
    255 45 255 168 111 255 42 255 212 0 20 46 0 136 204 53 164 0 255 128
    0 11 91 65 129 0 255 88 255 255 255 67 77 27 0 48 3 0 255 125 176
    255 219 255 255 160 0 0 255 91 170 116 129 255 0 255 139 0 248 0 104
    192 132 53 0 255 127 0 46 186 255 247 43 57 0 0 255 139 0 241 76 196
    255 0 236 255 94 244 78 176 255 255 231 0 31 0 212 16 14 180 198 204
    21 44 52 149 208 255 49 255 0 0 255 176 255 255 139 255 253 60 167 0
    94 154 190 255 186 0 102 255 242 0 0 0 0 174 139 226 184 0 24 255 92
    0 98 41 25 128 214 0 255 0 48 234 221 191 255 255 255 0 188 255 255
    85 255 0 255 0 81 5 116 0 0 2 0 0 16 0 0 0 85 186 110 159 71 51 0 67
    19 255 137 0 255 33 92 255 255 123 38 255 0 251 217 0 60 255 117 3 0
    15 151 224 105 0 242 255 162 255 220 0 205 229 24 68 0 62 11 0 0 0
    171 248 255 255 34 0 22 59 0 0 99 0 111 255 5 207 24 140 255 255 149
    0 138 255 99 99 255 200 59 255 0 0 255 67 215 80 255 242 157 236 255
    69 61 0 237 255 0 126 0 111 0 0 132 255 255 255 139 158 143 161 50
    255 187 20 255 101 138 251 247 90 1 119 255 0 154 98 60 0 0 0 50 0
    143 8 8 0 0 225 180 216 211 0 226 0 217 186 180 170 255 146 0 255 0
    0 254 255 0 127 204 149 0 0 209 0 55 0 255 0 17 255 41 255 155 0 0 0
    0 89 255 255 196 0 169 38 99 0 18 123 82 132 56 93 243 0 147 0 149
    255 65 172 0 211 255 0 0 0 139 99 255 172 189 73 255 68 208 80 84 63
    0 17 125 106 24 0 179 29 255 0 120 164 184 0 216 200 119 161 12 0 0
    0 255 8 255 255 162 235 161 113 255 249 12 180 255 0 0 227 0 0 31
    227 227 160 185 7 82 195 96 0 254 1 65 255 255 120 255 0 41 180 88
    255 0 121 91 255 197 255 255 0 0 141 132 167 255 131 255 96 0 147
    100 0 255 117 176 0 36 14 0 0 0 179 166 0 19 37 130 117 91 14 167 0
    0 58 164 108 255 0 77 46 0 173 0 80 4 42 102 106 201 17 78 0 255 255
    173 52 6 3 0 255 128 234 193 255 146 54 45 123 108 0 72 255 163 24
    190 255 31 112 255 108 149 52 67 28 0 255 0 51 96 0 219 217 28 237
    255 0 255 8 255 255 0 178 12 0 30 15 0 255 255 228 255 57 211 212 65
    133 146 211 200 122 0 255 103 22 255 235 255 0 255 13 203 0 98 14
    151 0 166 109 129 208 242 64 139 0 122 255 84 7 255 23 255 89 0 170
    112 166 191 77 255 0 148 210 255 190 17 5 0 0 0 0 44 165 0 110 0 111
    187 117 255 130 26 166 0 51 38 231 200 108 108 79 138 129 37 255 163
    37 218 68 80 222 255 0 255 81 0 183 108 154 255 0 255 207 158 221 0
    144 206 237 205 196 144 0 182 43 197 0 255 255 207 0 184 162 0 184
    172 244 18 0 255 0 237 16 12 8 135 92 168 255 0 9 47 255 184 13 162
    0 0 1 15 0 179 240 80 35 0 212 5 69 170 243 0 255 49 220 40 220 13 0
    95 141 49 154 255 0 0 123 151 108 0 46 187 146 255 0 122 65 48 255 0
    0 255 178 0 0 216 100 187 0 183 255 102 255 0 136 236 86 255 255 255
    89 214 117 175 204 132 57 147 230 133 0 0 102 0 33 42 6 43 73 62 255
    90 255 234 237 255 162 176 224 196 255 158 144 255 90 255 237 0 36
    21 100 29 136 253 28 68 253 199 185 50 117 255 68 158 118 229 0 255
    139 134 255 255 255 255 218 158 183 145 0 55 255 7 150 223 184 99 0
    45 252 0 27 63 142 0 255 255 88 255 255 65 115 255 253 255 62 6 0 63
    57 0 125 0 182 208 217 0 203 255 86 57 255 255 111 73 255 0 19 201
    96 113 255 11 209 168 138 229 0 255 0 175 0 204 0 236 81 128 18 0
    197 152 65 246 251 255 187 198 62 255 219 0 0 198 146 128 11 255 221
    255 0 255 255 104 0 255 0 0 255 199 197 255 216 72 107 117 200 0 255
    151 163 255 206 0 149 110 168 0 188 0 0 0 0 255 198 255 235 255 119
    0 249 0 255 130 61 56 221 0 107 127 208 55 45 255 214 117 237 194 0
    7 171 122 0 172 142 19 255 201 118 255 255 255 44 255 0 0 81 0 125
    217 179 255 255 131 204 90 85 182 0 32 255 0 216 255 77 255 48 66 14
    225 208 111 133 145 255 255 255 148 255 255 96 186 255 40 0 215 0 70
    255 149 255 210 255 142 255 33 17 255 255 250 40 52 167 226 240 211
    197 0 255 145 95 23 68 247 24 0 145 246 0 255 255 42 233 145 0 245
    10 37 112 103 102 0 0 71 255 170 255 183 221 70 81 128 29 0 116 249
    0 0 69 0 255 165 255 35 0 255 0 200 83 29 0 44 0 64 0 195 157 255
    255 0 0 67 6 0 0 0 0 255 255 209 255 255 42 177 60 0 234 25 221 51 0
    0 255 37 254 0 0 126 25 253 239 220 102 255 91 8 246 196 100 255 211
    242 0 168 146 225 231 227 30 0 136 132 255 253 0 119 156 203 0 255
    255 255 199 255 153 255 143 209 69 181 255 87 88 17 255 0 217 255
    255 86 174 255 30 0 225 59 0 217 90 255 243 102 205 0 226 178 0 251
    102 190 132 255 22 255 255 157 60 136 255 82 45 255 120 51 81 255
    255 255 52 255 255 159 0 255 255 87 255 0 215 0 0 0 188 8 143 0 0
    154 127 158 255 0 76 74 241 102 0 88 255 190 219 255 255 255 255 86
    217 105 7 108 122 117 0 180 42 255 167 23 255 120 255 253 148 0 239
    205 38 221 0 44 122 89 48 0 255 231 154 171 67 255 216 0 167 255 167
    79 117 98 255 248 246 131 0 253 78 0 255 255 0 99 0 255 130 0 255
    193 100 179 130 97 0 144 0 139 26 142 46 61 101 154 0 117 0 255 255
    255 176 122 127 3 255 0 127 0 119 182 223 0 255 255 221 253 194 135
    30 16 85 234 0 175 61 255 255 255 98 139 255 255 255 255 98 167 42 3
    94 0 255 138 255 255 99 83 127 200 212 28 255 64 0 0 255 217 255 252
    0 49 4 105 129 88 10 176 255 255 154 0 86 96 0 138 0 174 51 0 108
    145 235 51 33 253 0 0 1 253 145 0 90 38 0 90 110 128 255 0 130 194
    210 92 128 213 255 14 217 255 161 181 0 82 101 66 38 83 255 26 69 0
    75 68 97 82 219 0 255 0 182 0 63 0 74 0 241 6 183 239 199 121 125
    240 0 123 249 12 0 252 148 234 0 41 208 0 255 126 0 0 189 97 126 112
    0 187 255 86 0 20 121 0 255 69 68 142 191 224 255 255 255 105 123
    255 112 184 14 69 193 255 179 0 152 190 207 96 255 165 255 255 0 116
    80 0 0 225 123 245 255 133 0 182 208 139 255 116 207 0 255 70 54 94
    255 255 233 119 255 255 42 181 122 118 200 140 230 0 3 255 150 4 126
    255 0 191 114 210 0 0 226 185 167 0 0 93 255 112 178 226 135 0 255
    115 29 255 125 185 140 255 80 8 229 210 133 235 0 144 106 30 145 255
    235 195 0 52 38 93 40 0 255 92 255 255 210 106 0 0 0 172 255 193 0
    31 237 255 255 255 255 175 130 178 19 17 0 91 224 225 255 129 255
    160 208 255 18 184 0 255 126 26 181 46 48 92 0 248 145 255 204 132
    252 255 0 169 166 113 34 176 0 255 0 0 0 53 255 84 66 0 255 89 140
    82 12 193 0 21 255 66 6 255 0 209 255 52 60 196 167 255 140 232 183
    0 244 0 0 152 196 0 255 222 210 255 80 0 152 91 137 62 197 0 172 201
    255 195 255 255 46 255 35 255 158 152 178 77 133 39 28 0 120 128 96
    255 208 183 153 255 0 0 89 174 255 0 0 251 168 174 65 62 185 0 150
    68 19 185 30 19 255 116 72 172 255 93 255 192 255 85 255 181 176 76
    224 18 0 158 157 0 130 0 52 64 0 255 193 181 64 66 255 98 53 255 249
    69 255 113 255 211 255 36 189 206 0 150 8 0 55 76 130 0 255 255 194
    255 255 3 251 0 106 144 109 244 107 65 91 164 188 255 202 1 255 255
    0 105 32 24 91 255 218 15 239 0 205 237 0 0 127 19 121 77 128 0 0
    255 0 70 0 0 133 255 255 17 118 255 99 46 0 20 255 226 139 134 115
    229 221 255 255 130 79 158 6 115 46 0 0 255 204 5 152 0 85 45 12 108
    74 0 8 0 175 255 71 249 34 255 230 201 124 0 173 40 150 164 46 255
    103 254 0 0 255 0 0 0 0 19 160 18 249 126 101 138 214 104 246 255 0
    18 153 235 208 255 62 148 255 0 255 118 53 168 0 189 244 92 0 4 0 10
    255 244 255 0 180 81 205 255 170 0 193 107 161 181 156 255 200 81 47
    237 184 0 117 94 0 226 0 152 192 255 255 0 255 255 255 0 93 0 0 68
    216 100 54 118 0 121 8 15 175 0 241 52 164 131 229 137 255 66 255
    255 0 208 182 148 202 255 255 255 0 16 17 255 255 105 255 96 253 58
    0 29 255 198 213 134 255 31 220 198 204 70 109 0 18 67 211 21 4 68
    203 190 61 29 252 255 164 148 95 255 220 162 101 255 61 255 82 133
    30 255 135 0 255 0 87 0 171 66 0 255 243 37 180 255 0 28 255 26 50
    205 171 235 142 46 221 69 40 0 108 128 95 255 87 255 31 255 21 0 238
    0 80 158 207 162 93 184 163 0 0 202 184 187 130 255 0 7 255 10 0 0
    29 0 138 144 76 255 151 57 255 46 207 0 0 0 46 16 200 255 255 19 95
    1 247 217 255 0 255 0 155 232 43 251 200 0 126 0 214 255 255 89 255
    213 75 59 0 255 158 249 220 252 0 0 94 5 111 83 50 202 255 46 120
    255 14 56 5 33 53 80 204 255 211 6 24 22 87 0 146 255 255 255 161
    255 144 61 31 255 0 187 122 171 27 0 0 255 0 10 224 36 148 218 22
    147 124 28 189 78 255 164 0 92 18 37 130 207 0 252 248 196 90 11 59
    0 132 0 154 240 245 255 255 6 125 0 147 223 245 255 0 32 145 234 94
    14 0 224 188 255 7 0 153 111 205 60 234 0 32 255 255 255 88 255 61
    113 149 165 241 237 79 165 250 0 156 141 255 33 248 255 0 160 243
    201 255 0 236 255 138 0 180 82 74 0 101 186 0 0 229 224 192 165 248
    241 184 0 8 119 143 0 208 230 77 0 255 186 54 168 17 246 188 38 64
    255 0 91 0 190 255 255 49 216 0 0 221 206 0 38 239 0 78 0 0 255 0
    197 0 93 0 0 107 61 150 193 47 0 255 255 255 121 239 62 255 240 198
    255 236 180 255 214 255 210 137 162 0 0 255 233 255 255 106 0 218 72
    0 80 85 216 76 217 131 178 9 255 185 13 76 213 126 255 0 255 255 174
    202 187 255 0 133 255 232 247 9 0 139 0 255 217 216 69 238 182 255 0
    18 13 0 100 0 0 240 252 0 164 57 255 152 219 145 22 235 198 0 155 88
    217 231 0 22 239 255 200 0 0 173 142 46 84 91 4 54 90 0 75 253 0 22
    59 22 242 3 255 88 221 237 5 233 66 182 44 190 0 146 81 255 255 255
    120 255 238 0 4 172 143 121 198 255 186 255 255 199 200 255 167 196
    51 255 0 0 124 162 36 0 226 255 209 104 0 13 131 55 73 133 90 79 255
    0 237 16 255 176 236 191 3 255 0 10 249 227 0 52 255 120 100 159 169
    89 255 89 255 58 179 103 255 242 203 20 255 198 89 255 232 91 0 11
    107 101 255 255 255 48 150 251 255 204 0 255 157 12 191 24 1 120 114
    170 25 240 235 123 172 0 140 118 124 192 255 239 13 184 230 163 132
    156 255 88 0 255 38 0 69 1 255 255 237 59 80 210 0 51 255 145 255
    216 106 166 176 170 65 21 0 223 106 209 0 255 0 0 255 255 7 255 0 32
    255 150 241 170 212 150 123 59 172 32 0 0 0 195 0 0 107 107 10 255
    55 0 105 255 180 88 169 0 230 255 142 126 0 222 255 88 212 0 69 232
    226 190 68 44 64 151 8 239 0 0 10 255 130 57 255 255 218 215 143 246
    113 152 0 255 130 0 142 187 2 255 73 61 255 0 255 124 168 0 199 125
    122 255 238 95 255 197 255 114 154 114 180 255 109 0 113 255 230 250
    0 221 109 236 226 236 29 244 0 104 178 23 0 10 1 20 245 0 51 102 255
    255 3 161 198 33 155 186 142 119 0 255 0 255 34 0 191 255 37 127 81
    0 213 0 255 231 0 255 43 186 162 0 218 131 0 7 31 123 0 0 158 0 115
    255 161 0 0 223 244 45 255 255 0 185 129 92 255 67 211 173 199 55 37
    0 0 212 86 47 145 0 245 32 119 114 142 84 17 49 255 0 236 255 255 83
    219 255 255 181 180 98 68 135 0 122 35 3 152 0 142 207 140 255 0 113
    255 56 201 107 102 255 117 255 154 152 224 79 0 92 151 0 67 0 225
    125 229 126 0 255 168 0 0 34 79 112 131 255 146 89 2 0 255 255 27 35
    0 156 93 120 1 186 229 255 191 0 12 0 197 137 23 0 232 199 255 191
    255 80 229 228 90 187 247 255 255 86 1 255 255 130 0 255 0 255 147 0
    0 151 36 27 255 48 207 50 125 219 8 22 255 47 255 238 189 255 0 92
    213 210 28 255 91 173 0 166 217 194 69 183 88 0 255 255 126 0 53 0
    215 3 246 223 251 250 156 0 72 68 78 255 0 0 84 133 216 219 91 56
    198 129 64 0 242 90 33 0 129 54 0 138 255 146 21 222 180 255 247 0
    14 156 0 255 27 255 229 159 237 255 195 97 149 0 39 38 7 255 143 172
    139 237 211 164 255 255 0 255 255 241 205 32 0 178 0 98 0 50 0 6 124
    255 255 32 255 34 59 255 255 55 255 152 174 164 184 243 63 47 255
    234 77 0 0 0 134 0 230 77 255 8 231 197 0 255 213 0 232 28 75 0 93
    172 0 255 255 255 208 255 208 44 81 150 255 255 225 109 89 117 138
    81 255 55 53 142 0 255 129 84 0 209 255 97 108 29 16 47 87 229 0 37
    238 255 115 74 107 231 122 0 255 140 238 0 147 79 30 255 51 81 255
    85 93 103 255 123 110 132 62 129 35 255 0 250 59 199 255 0 33 230
    255 129 126 188 207 24 227 61 255 7 0 255 89 0 255 64 115 148 255
    128 82 0 255 129 10 221 3 90 5 53 255 0 0 78 93 226 223 255 50 255
    255 255 103 255 114 185 82 255 60 32 0 0 35 21 120 182 40 255 3 165
    193 135 112 230 0 216 190 196 255 254 225 243 255 34 0 255 227 44
    112 0 0 205 90 255 185 0 0 96 228 70 101 40 63 143 0 255 93 255 172
    186 97 25 16 0 203 108 0 85 111 20 217 66 79 127 7 186 104 255 174
    97 0 84 94 233 196 255 93 0 0 197 78 255 48 233 0 67 171 184 39 95 0
    32 196 255 181 43 255 122 67 38 189 84 35 0 49 255 119 255 187 255
    163 40 125 245 255 191 181 219 181 13 34 255 246 0 0 130 0 146 0 60
    231 83 197 255 194 159 115 0 255 69 58 255 217 0 255 198 130 51 107
    185 255 82 230 20 43 165 15 255 54 141 20 255 107 206 0 244 13 255 0
    122 59 0 47 146 18 255 77 78 0 140 13 255 111 255 135 142 131 208
    152 156 255 0 249 251 0 0 89 37 0 136 150 173 251 30 238 0 125 27
    217 113 89 48 61 213 179 203 182 255 114 255 39 140 20 132 125 16
    117 234 0 197 0 0 64 255 27 98 194 255 178 255 255 130 244 255 0 255
    248 0 155 211 194 118 255 171 231 0 220 255 149 13 153 255 16 43 161
    0 4 136 0 187 255 125 170 241 92 132 186 0 112 45 0 202 255 2 93 16
    24 255 0 0 77 0 255 0 0 127 204 254 142 255 215 255 71 184 227 142
    255 255 255 222 0 0 15 0 13 0 245 255 0 255 131 224 0 75 255 152 168
    54 75 69 58 128 34 2 0 255 61 169 60 123 255 145 14 211 8 228 30 0
    255 1 255 67 100 148 255 192 126 0 80 255 152 255 255 59 89 195 241
    209 255 255 197 113 103 11 143 255 220 17 100 51 69 255 146 78 189
    39 216 255 23 206 238 221 204 13 255 255 121 149 0 79 134 255 106 0
    252 0 177 76 0 248 0 0 255 123 92 0 190 0 236 255 0 212 255 148 104
    124 255 255 255 224 215 255 144 255 207 159 98 0 21 38 0 0 123 255
    43 41 187 105 255 206 0 255 139 65 233 48 112 48 224 174 61 58 255 0
    55 14 203 201 12 8 255 255 0 250 0 235 141 229 165 146 0 159 163 199
    163 58 17 255 73 141 212 227 231 0 0 127 69 250 255 0 88 59 43 202
    255 67 243 0 104 68 0 247 255 174 79 71 0 126 255 52 0 0 205 201 255
    224 0 238 194 0 0 17 0 255 255 204 255 165 72 19 193 0 15 0 10 255 0
    187 190 193 194 208 96 255 255 0 179 177 94 108 238 205 184 219 200
    201 192 118 255 121 68 80 101 0 37 5 133 202 131 255 168 0 161 254
    255 23 200 255 134 30 174 255 0 255 233 0 255 255 100 92 255 157 157
    203 132 0 5 255 255 195 255 34 166 244 133 59 13 255 124 253 0 251
    70 179 140 110 254 214 67 104 0 255 110 98 255 0 154 249 0 98 0 0
    199 134 0 177 255 255 252 85 255 69 253 139 160 148 39 172 65 163 0
    0 47 212 8 0 0 126 95 0 145 159 0 71 0 0 225 255 79 86 80 85 255 255
    0 255 42 245 1 0 72 213 3 255 185 118 0 255 111 49 212 0 220 124 194
    255 107 128 203 70 196 47 137 255 255 255 255 216 242 127 151 220 0
    0 255 34 45 255 55 151 103 25 0 16 180 250 255 90 0 88 0 199 207 108
    155 187 255 88 163 18 255 0 0 114 111 167 144 119 190 163 244 0 131
    55 17 153 58 0 41 55 42 219 124 255 176 255 182 255 0 255 3 0 0 225
    21 58 0 97 255 107 92 0 18 255 0 255 254 28 108 0 21 84 145 0 255 0
    0 184 0 23 0 194 0 101 180 255 173 121 3 252 0 0 0 255 0 43 177 0 0
    60 0 58 184 188 0 43 0 53 17 65 222 255 255 141 255 113 0 241 235
    168 0 49 0 31 23 0 0 0 255 184 255 255 67 178 168 255 235 0 255 255
    243 28 255 255 0 0 191 0 240 217 207 112 142 19 255 220 73 255 255
    15 255 61 0 203 116 0 148 123 255 255 230 255 0 255 255 139 1 255
    255 192 215 148 164 25 255 37 0 255 88 64 255 0 255 160 163 0 27 73
    182 0 184 47 44 255 0 175 35 0 0 203 255 0 255 0 0 118 0 64 255 0
    255 255 111 125 255 5 175 39 245 60 98 113 0 36 66 244 173 255 126
    58 40 200 134 0 78 75 219 0 0 0 232 35 105 72 54 202 190 30 0 0 98
    106 197 255 0 1 120 0 0 182 0 116 31 213 10 91 53 0 209 238 0 255 9
    10 255 171 139 3 0 146 255 120 87 255 237 0 15 110 80 69 0 228 30 0
    251 152 181 255 169 255 70 53 119 173 9 81 255 51 68 159 255 220 133
    95 255 255 0 26 0 89 49 255 226 0 255 0 253 120 127 0 163 109 17 4 0
    186 255 123 117 15 225 108 0 153 0 0 0 32 129 55 255 238 255 0 219
    29 54 225 11 0 174 188 90 56 255 134 0 255 81 16 0 166 208 167 78
    255 244 255 64 21 73 39 109 255 255 212 0 255 89 255 107 61 255 99
    85 255 0 240 170 13 159 226 0 0 230 49 0 0 162 32 234 255 224 173
    231 170 0 249 0 255 255 173 0 0 20 177 46 17 71 26 180 56 28 204 196
    103 185 108 223 138 72 145 201 0 5 96 255 41 144 135 225 221 15 14
    235 98 255 0 14 106 222 159 81 209 255 197 255 172 255 0 126 137 18
    141 178 152 224 89 114 65 159 255 167 4 176 0 0 255 113 255 169 255
    37 42 122 234 230 92 234 32 195 0 255 0 0 255 0 214 244 139 95 37
    237 0 0 133 169 219 171 18 0 123 249 117 235 245 38 255 77 255 195 0
    190 228 0 185 255 204 156 240 255 255 0 102 21 44 37 0 253 148 143
    126 0 255 135 108 184 255 171 247 161 255 107 91 0 255 49 241 255
    117 0 0 128 20 210 107 0 0 105 105 54 104 255 9 253 44 225 0 27 255
    0 255 255 0 189 144 222 36 78 1 168 183 117 144 11 0 130 146 0 255
    220 14 30 255 107 68 161 80 43 255 255 0 0 1 48 255 0 255 24 0 243
    245 189 127 0 103 19 255 154 206 146 255 0 98 171 148 99 255 208 8 0
    255 0 98 0 0 16 255 241 79 86 139 78 207 186 138 255 202 191 62 123
    238 0 96 255 21 188 164 199 0 133 0 0 255 0 0 80 50 174 0 255 48 0 0
    0 0 255 119 255 255 255 61 60 255 217 236 136 26 119 62 255 174 66
    215 66 255 255 20 255 97 242 0 165 34 100 222 201 75 255 113 255 88
    58 0 0 49 0 255 249 132 98 255 52 255 255 0 190 202 0 0 255 252 45
    253 135 156 137 145 255 121 255 61 0 255 42 1 179 191 82 255 0 160
    255 0 175 255 0 194 255 183 226 0 77 118 255 255 0 34 20 0 150 72
    231 13 255 65 130 255 255 45 34 2 52 255 5 255 161 246 0 70 255 79 0
    255 229 72 0 247 121 0 0 144 255 0 220 255 239 54 0 16 36 118 0 200
    140 255 255 0 0 19 255 199 184 188 126 30 255 209 255 237 159 0 220
    222 0 240 255 215 235 130 255 255 33 177 255 0 50 154 0 140 255 255
    30 12 43 100 220 44 106 30 0 235 255 157 161 255 0 53 138 0 51 135
    176 255 172 7 126 175 255 255 216 165 0 0 255 96 245 0 164 0 130 28
    0 131 171 91 175 0 208 110 5 255 29 46 32 248 255 255 189 0 144 254
    0 188 137 0 255 6 255 255 0 246 48 81 199 255 138 0 30 64 66 113 241
    61 0 63 29 0 138 184 45 255 234 98 91 39 142 84 0 82 255 0 180 255
    78 113 255 216 255 182 81 193 0 141 221 255 94 255 237 119 22 255 40
    179 0 247 192 9 10 159 19 21 245 222 0 16 17 87 255 98 56 255 65 70
    255 221 238 171 0 255 0 63 132 255 145 0 255 193 0 0 108 255 0 136
    88 0 37 42 223 0 0 255 255 110 0 0 255 255 214 62 105 255 201 0 47 0
    0 0 161 255 135 255 73 87 175 229 29 255 0 255 137 40 101 101 119
    255 0 224 255 255 255 239 255 81 5 0 201 255 52 0 255 116 249 157
    162 255 0 233 128 243 48 0 88 255 152 255 87 0 0 255 58 198 175 116
    157 255 111 176 102 95 97 107 155 126 255 103 41 24 141 126 174 0
    133 89 65 173 198 71 11 255 255 4 255 76 255 0 253 0 21 120 255 111
    255 78 122 231 255 121 0 0 170 171 255 255 59 255 255 0 0 255 255
    197 103 218 127 8 0 64 255 255 0 38 41 42 191 161 39 0 131 166 0 118
    255 127 200 255 0 205 106 232 0 163 155 17 150 0 255 59 210 255 120
    0 190 97 255 0 141 221 75 255 158 209 153 118 255 0 73 255 255 6 145
    255 0 0 188 78 61 0 32 255 229 0 244 19 53 0 0 255 189 250 0 199 76
    212 64 0 104 150 0 24 130 120 0 124 117 0 9 255 178 255 39 60 0 60
    255 199 0 255 53 255 130 241 21 255 65 156 149 250 120 255 59 184
    255 218 0 195 132 48 66 0 158 0 145 131 205 130 119 255 255 255 255
    71 182 2 0 106 85 103 11 151 188 0 95 235 191 255 255 130 0 0 130
    255 27 18 85 229 54 206 255 240 246 255 249 255 2 255 75 175 43 0 0
    0 233 0 201 0 0 187 24 229 93 0 0 78 255 158 92 38 127 255 148 106
    83 0 190 60 38 41 0 193 94 37 174 0 151 0 0 235 70 122 0 213 255 149
    223 0 0 0 61 255 255 173 0 0 160 242 255 92 119 255 0 53 65 0 84 155
    95 255 195 255 255 165 0 38 157 6 96 173 255 59 0 134 254 0 217 0 87
    19 255 0 255 8 194 255 227 0 217 42 255 252 93 0 117 3 142 33 171
    255 255 249 61 124 100 255 228 0 255 0 131 150 255 255 10 255 197
    255 159 22 172 0 224 42 58 90 114 0 180 235 209 0 72 84 27 0 127 24
    0 0 255 99 255 0 2 43 38 69 255 31 255 249 255 58 120 83 144 8 168
    83 158 196 224 61 0 172 62 72 218 255 138 220 255 205 242 11 255 0
    140 0 137 56 65 103 54 231 0 199 255 0 68 0 216 0 251 190 137 97 82
    0 255 125 255 49 0 223 235 0 221 255 255 8 142 255 218 255 12 255 98
    177 255 67 112 0 0 86 0 0 114 143 43 182 255 245 113 0 140 60 2 165
    178 39 211 255 255 195 255 255 145 63 87 242 255 179 255 255 173 255
    5 0 153 0 120 0 204 255 255 252 43 0 148 255 255 46 224 249 67 244
    120 16 0 0 192 192 255 124 136 255 92 125 2 0 255 222 43 255 2 223
    254 72 55 0 217 143 139 110 0 234 255 255 183 225 255 164 184 0 111
    255 157 183 0 78 255 255 255 26 0 111 143 255 168 40 178 20 0 66 253
    255 186 32 135 68 138 0 255 58 0 126 211 161 81 63 10 95 226 255 218
    255 0 7 31 255 190 255 144 237 255 255 0 0 0 255 238 255 208 153 213
    216 215 12 234 0 255 153 0 255 117 84 255 255 249 136 178 99 27 0 59
    56 208 59 98 255 138 45 53 93 184 169 188 216 191 38 198 157 31 255
    146 0 0 153 35 224 224 93 117 255 136 29 39 213 197 97 0 40 221 101
    8 255 105 7 97 255 255 231 255 219 255 0 181 205 0 255 167 215 223
    247 0 255 55 0 93 6 164 255 163 61 35 66 134 0 255 76 0 210 21 189
    173 0 243 255 0 58 133 102 50 113 153 127 182 208 102 78 97 91 186 0
    129 45 133 158 228 255 216 149 134 192 145 155 8 50 0 21 255 28 247
    255 0 71 85 54 154 62 222 29 125 55 255 0 183 200 153 255 245 255 0
    0 32 207 255 185 147 255 155 253 242 255 176 188 255 229 255 255 156
    113 91 0 150 43 115 240 0 0 89 255 94 40 169 0 0 11 255 32 255 165 0
    126 54 57 7 255 62 251 180 129 0 44 0 133 144 0 233 212 255 0 182
    105 157 102 207 0 254 255 0 118 53 129 97 8 225 23 93 255 34 39 250
    255 0 118 250 0 207 255 207 255 1 136 144 236 255 54 0 161 145 255 0
    203 168 14 6 0 255 182 0 13 178 0 255 108 255 255 231 255 252 13 50
    0 229 0 255 178 0 54 255 255 0 255 32 255 106 0 72 152 189 0 132 239
    255 117 217 101 255 99 0 120 195 188 100 120 62 219 255 255 0 152 86
    255 0 64 130 154 0 255 255 255 74 187 0 0 255 38 0 84 68 0 252 16 56
    255 2 255 36 0 199 123 94 254 255 0 3 255 218 255 241 101 255 3 214
    112 255 73 0 0 120 79 255 0 243 56 103 237 163 21 206 253 126 117 86
    32 157 255 210 0 224 0 255 129 255 203 62 57 211 66 35 0 255 242 196
    0 95 255 137 170 206 160 255 32 153 191 149 255 255 0 167 0 0 51 195
    199 4 85 255 0 28 0 0 197 0 255 130 125 0 137 221 27 229 220 0 255
    85 0 150 167 0 0 27 69 112 255 151 0 255 247 91 255 255 0 255 255 36
    255 7 0 255 255 147 165 214 0 52 0 140 0 146 41 2 144 196 255 90 40
    95 177 233 0 255 97 255 60 0 45 102 0 16 255 136 200 0 114 255 251
    255 57 0 229 0 21 36 189 38 183 70 19 126 0 211 241 28 5 55 19 82 0
    0 234 42 50 0 168 255 59 0 247 255 198 247 123 74 213 0 190 180 0
    194 0 0 0 0 166 23 0 255 0 226 67 251 10 93 101 0 138 255 232 183
    118 255 203 201 0 157 0 0 255 255 246 255 255 0 255 203 136 98 234
    178 0 188 0 184 255 207 82 25 0 255 36 0 54 255 20 0 215 0 209 211
    246 130 0 253 129 79 214 183 154 121 121 0 255 255 181 94 126 255 0
    173 255 21 255 0 252 0 88 15 0 255 156 255 255 28 229 3 138 101 125
    136 111 102 255 0 72 102 254 69 188 41 157 188 240 247 114 0 200 255
    56 255 255 255 18 128 8 254 255 41 247 255 134 63 95 0 255 40 0 0
    249 221 176 255 115 255 44 49 18 201 113 0 44 201 44 212 255 0 155
    173 10 117 0 0 156 203 0 203 255 255 132 91 1 118 131 0 255 0 0 197
    255 255 2 12 174 0 119 221 255 84 0 255 167 255 255 255 106 190 0
    107 255 86 48 0 255 0 32 217 255 210 255 74 0 44 205 0 0 31 217 184
    145 255 231 129 226 157 180 255 154 150 39 0 22 158 138 255 255 0
    173 161 232 88 157 206 182 128 255 238 26 255 0 255 0 62 11 0 176
    255 77 21 31 223 17 101 255 255 255 0 255 255 171 180 63 0 0 0 241
    219 172 0 183 255 119 0 193 244 158 251 198 223 184 0 255 50 0 141
    189 206 0 0 58 184 15 180 255 227 255 17 255 201 171 255 0 0 0 210 0
    156 73 23 193 33 0 68 168 63 26 0 187 255 34 255 255 168 87 0 104
    179 4 255 253 178 171 179 0 0 0 50 221 186 179 181 135 179 190 96
    230 119 187 0 179 23 0 56 199 0 0 220 127 223 168 77 9 93 255 6 62
    163 0 0 0 83 8 255 0 108 187 33 182 37 196 0 255 68 239 255 90 113
    202 243 255 7 58 225 255 255 111 236 0 72 49 0 28 255 255 162 225
    160 134 255 0 255 255 133 248 72 165 92 91 0 231 255 41 176 140 0
    208 219 0 163 239 46 222 255 0 0 172 164 0 0 138 33 255 0 97 189 0
    255 184 255 241 0 0 162 95 255 255 255 177 60 74 255 255 244 221 255
    83 255 23 159 247 0 130 216 0 42 255 196 205 34 214 255 157 255 242
    195 124 117 156 0 132 0 0 255 94 255 0 255 200 248 124 255 47 57 0
    110 16 6 168 142 255 178 255 250 0 0 255 166 34 102 238 0 152 46 252
    13 192 255 134 201 0 51 127 131 0 0 166 0 255 105 90 165 0 35 125
    191 234 1 88 66 21 0 0 0 0 67 235 0 255 26 223 0 255 233 255 0 0 255
    212 0 234 255 72 255 19 129 255 79 232 163 0 205 179 125 0 255 220
    12 0 169 241 156 63 217 0 201 0 255 234 0 0 165 0 42 77 255 187 0
    234 23 232 110 10 255 255 25 249 69 255 41 156 221 255 255 199 255
    255 209 0 0 252 164 70 0 155 0 0 169 17 108 253 35 226 62 255 101 31
    255 99 194 41 0 32 133 200 255 255 142 119 238 210 189 255 0 255 171
    0 0 132 4 31 0 172 36 0 63 154 248 255 192 255 255 218 150 0 0 0 254
    0 255 249 0 182 0 223 254 164 16 121 255 188 243 10 203 0 74 248 92
    204 0 223 255 255 0 104 7 0 0 176 0 255 31 42 54 137 69 135 27 222
    255 250 247 255 244 98 0 229 0 201 0 94 78 134 0 83 255 190 88 128
    19 137 71 201 255 0 64 83 159 17 0 255 8 91 168 216 0 0 0 170 255
    208 255 188 0 46 55 0 255 7 150 137 0 52 235 164 255 131 255 255 216
    48 52 155 240 0 154 255 0 255 233 255 167 210 164 111 199 255 215
    106 255 242 119 255 0 255 177 0 154 73 0 0 194 0 56 111 10 0 207 87
    255 28 200 195 246 0 139 211 24 255 255 82 127 88 232 37 0 142 52
    255 237 175 223 26 3 0 45 193 0 0 177 0 93 194 39 203 184 255 132 0
    112 165 255 255 57 169 255 0 255 0 93 0 200 244 0 0 133 255 56 59 28
    3 36 255 0 93 255 119 75 255 0 5 209 182 125 42 13 245 108 255 255
    24 244 255 0 23 244 84 0 0 171 0 255 213 255 255 180 67 114 23 103
    124 0 4 0 161 0 148 0 255 109 0 0 255 165 105 0 230 0 180 232 255
    218 43 170 148 211 152 0 145 0 60 255 135 253 255 0 255 128 0 255
    195 177 34 0 255 212 0 156 72 255 255 81 246 163 135 205 129 40 129
    211 162 0 179 221 255 0 113 0 69 168 255 0 150 0 255 0 0 244 255 102
    99 0 255 124 255 255 0 89 35 0 184 246 228 254 166 255 255 45 19 161
    0 255 62 182 166 242 255 0 90 0 58 138 150 0 85 112 199 10 141 0 148
    255 0 103 156 129 194 0 91 115 117 238 255 145 207 0 255 220 92 31
    255 198 3 91 129 246 180 255 153 255 246 255 160 188 255 0 175 93
    218 230 0 107 0 0 84 254 0 56 255 255 255 2 0 199 0 255 255 0 238 0
    108 255 0 0 94 109 255 157 173 52 221 19 0 241 215 61 49 0 15 241
    162 255 91 199 140 91 129 18 191 200 184 34 203 255 0 57 178 144 22
    197 172 157 255 255 16 0 0 0 135 255 255 186 25 231 133 204 251 246
    38 0 236 128 95 64 100 165 239 253 0 255 255 255 255 255 255 0 168 0
    170 169 255 166 15 255 1 203 255 255 123 255 0 255 0 90 255 53 145
    255 255 250 119 0 238 213 255 55 17 213 0 0 64 165 3 227 0 247 74 97
    0 0 210 199 143 255 0 255 66 0 42 0 255 255 61 255 36 109 203 0 43 0
    255 29 57 66 0 0 139 16 255 79 156 255 154 236 0 255 230 137 191 255
    177 210 255 54 255 255 21 0 0 215 255 211 40 0 239 0 255 255 255 0
    205 131 0 216 105 75 255 3 0 255 255 88 0 24 229 0 174 255 0 163 175
    46 255 4 142 0 58 155 255 0 248 255 82 146 108 0 0 255 255 104 192 0
    191 0 255 98 213 172 163 8 238 49 146 151 255 140 126 200 48 206 2 0
    179 0 6 36 95 89 0 217 247 255 0 81 173 96 132 39 0 255 0 136 196 0
    44 150 178 255 54 104 78 26 255 0 67 60 104 134 243 0 18 255 0 255
    41 150 98 0 58 255 255 255 206 0 0 0 255 201 0 58 135 165 90 157 166
    216 28 255 53 212 104 14 171 255 169 205 104 45 255 0 255 113 0 170
    191 26 255 40 0 6 0 255 78 0 116 2 145 255 168 18 0 11 126 152 20
    255 217 216 255 0 152 24 0 156 176 225 255 44 233 80 135 255 0 210
    255 55 4 0 209 243 255 255 113 0 176 0 90 255 232 123 185 223 183 0
    119 0 0 227 0 255 106 251 255 208 62 68 103 129 255 255 205 15 0 255
    215 200 89 116 0 250 233 84 189 230 0 62 0 46 101 0 83 0 169 20 255
    86 58 246 0 0 255 255 163 100 48 214 34 153 133 255 188 186 255 185
    255 0 221 0 0 4 45 255 140 149 255 72 174 188 8 243 255 118 0 235 22
    135 27 69 203 140 131 215 138 248 114 117 171 255 8 255 0 100 80 167
    85 20 71 235 0 150 255 13 255 0 195 206 100 225 76 255 238 106 253
    203 135 89 255 0 89 255 255 0 255 0 108 255 209 0 255 255 1 184 88
    33 152 0 161 61 255 196 241 0 255 128 255 101 0 51 165 0 198 7 0 154
    0 47 26 56 27 66 106 0 0 151 255 94 89 241 244 0 110 255 94 37 181
    67 0 70 128 175 146 135 208 0 8 255 148 255 178 10 117 191 11 195
    129 77 32 89 0 86 77 43 0 237 96 0 213 81 72 142 140 161 0 252 236
    200 255 71 162 99 116 96 155 254 0 211 184 41 190 108 0 203 142 0 0
    14 0 27 120 31 203 34 255 0 0 0 68 255 202 174 4 0 59 204 247 209
    236 234 16 100 45 43 0 255 250 98 0 255 255 177 0 255 35 112 85 208
    255 167 96 99 16 187 255 255 141 0 110 114 80 161 149 18 0 0 125 255
    0 22 255 255 0 255 255 255 96 255 27 193 134 255 34 255 231 0 201 77
    104 34 84 0 255 0 118 142 0 5 153 255 107 0 35 183 121 0 0 0 218 150
    255 227 139 205 82 255 137 0 0 151 159 2 199 192 0 127 148 141 255 0
    189 54 5 255 7 250 156 106 255 255 189 0 0 13 0 60 0 255 93 0 255
    255 255 58 146 117 97 127 251 255 62 244 98 174 236 255 75 0 244 58
    225 128 152 233 0 190 102 0 10 0 0 92 143 216 0 162 4 183 178 76 218
    87 47 233 116 0 104 255 144 0 255 240 255 120 26 245 255 121 7 255
    10 177 165 255 48 39 136 119 173 255 127 56 109 255 0 255 168 0 255
    104 235 24 201 0 7 10 87 207 78 0 99 153 0 0 0 255 87 148 254 12 227
    176 0 150 206 58 207 26 126 94 215 0 0 117 199 36 192 96 0 0 49 87
    216 0 241 228 246 193 35 202 87 219 85 0 230 255 0 240 0 219 255 72
    70 255 0 215 155 213 0 0 7 0 86 22 220 99 98 255 0 255 120 255 4 131
    0 0 255 0 0 75 255 145 244 48 0 0 255 171 1 181 0 142 191 0 255 255
    255 128 255 210 154 12 229 187 220 54 180 213 143 83 172 167 255 178
    255 0 52 255 69 64 255 203 255 0 143 203 246 201 50 103 0 0 26 232
    124 0 255 62 0 190 32 255 140 0 196 165 0 171 129 11 213 33 226 0 0
    255 95 255 255 198 144 6 255 4 252 48 0 0 124 114 252 74 0 132 43 29
    0 255 255 215 110 255 255 213 65 214 47 0 155 0 128 54 118 107 44 1
    250 166 134 255 187 226 108 105 121 0 225 255 150 41 255 248 98 157
    131 0 0 161 0 98 242 14 186 255 96 137 182 197 85 13 255 183 0 14 28
    36 202 0 184 226 0 255 0 23 166 117 255 0 133 255 178 0 255 185 233
    174 255 121 66 32 30 238 0 67 75 0 24 255 165 33 148 249 100 255 70
    153 255 14 221 141 5 204 0 75 7 49 0 48 255 174 252 28 160 7 0 255 0
    0 244 131 86 66 89 198 198 252 39 216 148 167 191 255 255 255 89 0
    240 62 39 136 255 255 0 0 108 54 174 255 255 211 91 37 42 159 0 181
    0 200 171 255 0 28 0 0 0 53 255 255 126 93 48 28 194 44 255 255 255
    52 0 0 55 255 37 15 0 0 70 0 217 14 220 129 71 197 154 143 63 165
    102 5 255 206 214 255 179 1 0 116 255 0 255 104 0 174 230 180 81 0 0
    233 103 255 232 255 152 255 255 0 9 69 26 111 188 167 53 141 7 186
    255 0 255 73 251 0 166 246 0 38 1 177 44 115 225 255 102 12 255 41
    125 47 194 255 126 31 255 148 38 168 0 255 78 0 144 167 255 130 224
    0 255 0 214 133 2 0 255 191 0 0 46 0 0 227 168 0 235 252 184 54 71
    33 25 90 255 255 246 255 109 61 0 44 125 0 179 14 78 0 23 89 117 0
    188 182 197 123 0 127 39 42 255 236 205 104 0 217 255 255 34 255 0
    234 255 58 157 65 152 180 70 74 0 174 227 21 255 12 105 7 108 83 0 0
    255 67 255 0 164 10 240 255 0 189 235 0 0 0 146 34 30 186 251 165
    185 0 164 196 186 63 106 91 255 255 143 196 0 25 0 0 0 11 207 0 3 67
    227 0 50 20 162 234 68 98 10 159 56 0 241 255 255 255 255 0 0 190
    144 116 37 81 0 255 0 255 97 214 61 149 117 214 138 200 120 243 255
    166 169 255 0 255 44 130 56 0 0 255 252 151 171 53 255 69 255 0 195
    89 217 45 255 79 113 0 41 22 0 240 0 109 180 255 138 61 192 188 234
    116 235 0 0 84 238 9 3 78 221 164 173 255 0 101 225 0 0 255 0 255 41
    145 0 232 26 234 255 0 129 120 132 36 107 39 11 32 255 0 59 0 160 92
    146 100 255 40 255 143 171 0 0 119 2 247 255 101 68 0 251 255 227
    115 184 166 32 255 250 0 223 0 209 105 184 61 76 0 149 54 0 19 199 0
    243 25 47 50 187 255 178 255 255 82 255 0 106 9 79 127 255 162 23
    133 21 98 238 75 0 0 0 38 157 255 127 10 247 255 255 110 0 255 191
    63 67 0 18 255 255 255 210 255 255 227 6 152 25 241 22 185 54 255
    206 165 242 153 0 187 142 193 0 242 227 68 38 91 0 135 0 124 189 0
    167 187 0 41 0 122 0 255 222 20 23 0 0 255 192 202 128 132 197 126 0
    0 42 23 150 0 186 255 63 96 255 181 255 67 206 108 127 255 151 26
    153 255 240 0 49 185 0 156 98 189 166 62 84 255 208 0 0 154 71 49 0
    4 152 30 255 72 255 189 198 171 113 195 0 24 195 200 0 0 130 255 248
    255 8 210 173 85 249 201 127 133 0 158 26 24 11 196 28 0 0 46 255
    233 32 249 9 124 231 31 255 255 255 0 152 22 136 255 0 0 255 50 243
    255 255 88 255 185 216 85 204 170 160 235 0 0 0 36 255 127 103 60
    133 255 242 32 0 0 0 255 189 255 192 0 150 129 198 108 255 0 168 104
    57 0 102 195 210 255 0 141 255 0 140 204 2 0 94 138 203 255 0 0 255
    235 223 255 0 70 38 214 255 215 90 222 255 125 0 255 255 71 0 89 105
    28 112 255 163 167 87 0 11 162 237 134 8 255 84 105 255 199 255 139
    179 138 46 96 0 72 16 0 0 255 152 48 128 124 112 219 199 111 115 255
    244 0 14 118 184 107 68 0 133 255 65 194 219 75 0 82 92 192 44 69
    255 178 146 255 129 119 233 207 149 237 198 0 255 0 207 255 48 86
    255 176 129 0 0 255 208 166 0 26 94 114 255 255 254 255 18 232 255
    187 84 255 0 0 255 255 186 227 102 69 161 0 190 0 255 116 241 4 61 3
    60 191 184 80 133 201 255 228 0 217 155 255 87 0 65 175 27 51 0 0
    180 10 107 255 186 0 255 122 0 255 255 76 32 204 255 75 174 28 128
    255 183 255 157 175 27 138 128 163 0 255 0 255 255 255 255 117 255
    255 36 183 127 204 167 0 158 0 114 81 0 0 209 145 0 32 174 0 40 249
    165 118 195 0 105 71 229 127 192 255 0 149 0 255 134 44 228 222 0
    104 0 255 121 141 255 235 12 0 213 0 255 184 32 255 0 0 82 50 126
    120 176 255 47 255 0 7 84 200 156 0 255 255 1 246 255 94 128 180 116
    218 45 116 170 0 43 199 241 89 82 0 0 43 0 147 124 243 0 3 203 255
    255 0 0 2 201 217 174 146 68 255 147 66 119 213 113 255 255 9 0 185
    0 165 65 157 165 87 255 92 9 255 108 0 155 186 0 0 28 255 185 83 176
    123 180 215 142 255 0 184 0 0 23 135 0 15 246 255 3 35 0 195 255 230
    4 156 83 0 34 0 255 41 0 59 141 195 0 255 214 27 255 22 1 206 126
    184 227 22 255 255 255 149 0 255 170 25 251 112 85 132 0 0 179 255
    230 202 28 54 236 0 237 201 143 0 182 163 177 210 213 0 255 255 0 0
    0 161 0 0 167 135 160 0 255 255 95 143 27 204 0 245 255 255 133 255
    0 26 255 255 0 0 0 255 93 0 0 243 200 172 50 236 175 127 255 18 8
    225 0 255 26 252 255 185 242 153 131 0 255 140 255 194 71 255 73 0
    224 222 0 57 145 192 0 0 240 230 0 221 224 0 39 132 202 104 0 0 181
    105 0 119 95 21 255 0 171 189 0 255 201 0 0 0 255 224 104 133 84 179
    255 180 186 76 66 159 134 255 0 255 120 252 255 51 129 255 46 255
    255 22 108 255 41 42 155 255 255 255 255 107 0 108 209 192 204 46
    204 46 200 0 255 86 0 52 255 255 2 158 54 128 230 158 255 0 0 212
    110 164 255 197 253 255 6 92 135 255 122 0 255 59 45 43 189 116 193
    65 94 44 0 202 0 0 165 28 132 227 255 255 201 255 255 151 255 79 59
    95 160 0 227 195 255 146 94 255 255 255 0 34 52 194 255 138 255 0
    215 255 96 53 227 0 220 234 253 255 243 127 255 7 153 255 240 0 255
    255 25 116 72 0 0 255 0 75 172 4 144 94 31 242 63 120 147 255 53 0
    155 0 139 255 161 249 45 171 255 190 159 255 90 255 49 237 0 51 222
    86 144 138 238 255 255 188 0 163 255 0 0 0 255 38 0 128 238 255 173
    229 65 0 0 17 59 95 49 98 0 133 169 15 0 146 180 44 205 9 254 255
    255 255 29 94 121 233 143 98 255 9 0 119 220 0 214 255 0 252 0 40
    233 156 255 1 48 163 253 0 205 255 90 255 1 124 0 0 49 0 242 223 217
    122 0 255 255 0 252 255 56 96 255 112 255 228 207 105 255 66 50 255
    156 207 0 0 0 198 189 0 0 160 151 3 255 95 47 0 137 0 0 73 132 255
    154 148 241 221 205 0 255 52 0 173 201 228 0 123 137 85 19 240 25
    255 179 253 255 121 203 0 228 255 255 255 245 255 0 255 234 142 164
    107 5 56 255 0 226 0 171 230 255 95 255 0 173 124 4 0 0 198 0 0 11
    119 253 24 255 125 0 94 146 53 0 166 0 200 69 101 59 173 247 76 224
    130 255 195 129 142 0 0 140 70 38 255 199 255 0 25 194 0 70 7 255
    149 38 60 23 196 239 134 47 0 51 87 0 0 130 20 146 142 255 0 40 255
    229 255 221 190 255 0 23 184 130 105 100 190 77 0 0 0 255 17 255 6 0
    74 197 255 255 0 0 255 0 181 255 255 255 0 16 104 0 22 86 18 15 255
    201 3 123 3 80 0 195 255 233 206 228 0 73 202 101 175 109 0 0 255
    159 0 17 24 23 169 255 255 114 66 255 194 255 103 255 68 180 255 255
    175 0 62 206 178 0 34 71 0 225 79 222 51 106 190 54 255 0 0 246 248
    98 255 75 255 191 226 255 255 255 187 0 255 0 255 244 0 0 7 77 163
    255 255 21 253 255 107 220 194 233 66 74 80 249 23 186 149 153 0 255
    255 156 217 93 0 255 45 112 92 118 255 0 226 255 126 217 255 0 131
    205 215 255 0 255 0 237 116 0 0 1 0 150 255 66 255 234 79 10 26 79
    145 255 35 255 0 252 46 41 228 45 255 159 0 0 111 0 132 116 193 250
    255 230 235 134 0 135 72 240 6 198 255 13 40 143 255 0 154 0 0 97 82
    255 79 27 0 255 199 107 0 255 117 92 233 101 107 0 79 255 15 255 26
    168 55 27 161 108 255 211 255 0 118 0 0 136 63 71 255 45 248 247 255
    184 0 255 246 255 255 255 231 0 116 236 0 131 255 13 129 33 255 59
    28 255 20 0 255 255 255 173 248 33 152 113 244 187 105 0 255 70 255
    51 144 14 255 0 23 255 237 255 231 31 195 0 66 87 135 67 144 77 14
    16 1 15 140 98 242 243 37 1 73 0 255 151 0 92 177 255 190 255 247
    208 207 242 255 175 102 234 233 255 15 194 255 0 59 242 222 0 51 114
    255 179 208 128 0 80 147 255 22 255 182 26 254 162 116 255 255 124 0
    152 209 0 0 255 245 198 0 0 0 78 186 62 89 76 154 11 78 255 115 0 0
    255 234 255 254 138 255 0 255 102 0 1 162 0 0 255 217 61 0 122 140
    123 88 234 0 98 0 232 162 247 24 0 0 255 0 255 255 0 53 149 182 107
    148 184 109 86 0 244 0 0 132 131 177 118 117 58 116 255 60 0 255 22
    47 255 49 0 68 29 161 189 0 0 168 183 0 255 78 177 0 0 255 110 255 0
    255 228 88 0 41 29 51 255 91 136 255 170 116 0 234 0 255 117 164 102
    161 0 115 5 0 205 44 54 255 0 47 100 0 28 255 255 255 255 255 63 255
    255 178 117 0 45 115 27 232 64 0 30 0 255 116 0 255 153 255 195 255
    102 149 166 255 204 86 189 242 0 0 255 100 24 0 165 218 59 128 227
    255 255 233 255 133 135 198 223 0 255 255 255 34 0 102 255 0 105 144
    255 214 0 233 21 0 136 0 0 0 134 159 255 255 255 44 107 136 0 200
    255 198 163 187 255 77 0 173 61 72 238 0 227 123 182 0 255 116 89
    239 30 0 0 183 84 239 255 150 132 101 250 0 0 60 255 0 49 255 255
    210 0 178 165 255 198 255 255 173 77 255 7 81 0 0 255 14 95 54 0 255
    100 168 123 203 185 0 52 0 90 19 102 198 128 0 255 138 170 169 255 0
    0 82 94 190 237 255 32 237 253 40 50 0 255 255 198 190 46 17 91 145
    72 0 211 114 135 165 0 99 64 255 255 213 25 3 255 15 133 26 0 255 6
    0 200 172 0 52 99 171 255 36 255 0 242 111 0 26 108 96 174 93 94 102
    255 255 241 158 19 130 17 147 255 0 46 255 255 139 0 89 45 255 43
    255 143 44 80 255 255 10 140 7 0 172 249 103 221 151 249 173 102 139
    98 176 59 151 102 178 0 79 255 255 130 255 4 0 0 255 137 178 0 0 0
    255 0 199 122 130 15 255 215 120 0 224 0 165 238 255 88 255 108 71
    180 170 0 237 188 0 233 4 0 188 255 56 251 255 157 0 111 91 249 255
    255 235 63 17 255 108 255 185 0 97 98 0 21 75 0 117 0 20 28 251 82
    255 248 194 255 255 255 123 220 0 0 94 255 228 138 132 174 0 0 21 0
    219 32 50 0 171 143 30 142 52 0 255 125 143 255 0 106 181 115 184
    190 127 19 55 225 153 0 171 39 0 53 180 177 0 0 162 177 222 255 0 92
    181 95 81 255 236 0 0 255 129 216 66 180 255 100 202 255 255 90 166
    0 0 255 101 241 206 255 37 6 252 228 153 201 144 255 166 69 170 55 0
    251 187 112 204 177 240 83 255 60 209 181 64 150 0 50 110 55 255 255
    20 213 24 118 224 255 0 136 34 240 255 10 165 255 245 184 0 243 111
    169 155 235 255 229 0 229 255 168 0 104 224 0 20 255 149 255 0 21
    104 0 146 255 228 188 0 0 111 188 110 172 0 5 116 255 104 130 0 35 0
    255 234 66 255 255 140 0 170 249 218 72 255 255 255 0 226 0 14 0 0
    255 9 10 255 236 2 255 226 99 73 20 0 58 80 232 201 225 107 161 175
    94 50 108 195 70 255 255 248 240 43 154 104 226 72 107 77 161 174
    255 41 255 0 231 255 0 255 155 183 99 0 2 67 240 0 47 255 78 30 166
    210 226 166 93 164 0 165 4 56 0 103 193 212 240 190 255 73 255 0 0
    83 73 0 187 255 53 254 210 131 164 0 93 32 189 0 0 59 7 0 0 255 56
    255 246 236 61 0 0 0 77 181 75 255 47 13 100 41 12 0 228 143 231 0 0
    135 81 23 20 104 219 30 255 90 23 2 79 116 106 186 141 0 251 0 235
    11 0 156 181 0 86 179 76 26 0 0 0 78 192 26 255 3 255 149 98 229 0
    232 0 0 255 78 0 13 69 74 174 249 255 0 0 255 0 23 36 255 255 154 0
    220 10 40 255 0 112 0 103 157 65 121 255 255 209 229 0 127 27 103
    126 112 140 255 71 164 74 187 255 0 167 255 53 0 0 27 0 107 226 255
    228 140 12 255 0 255 0 157 0 84 26 156 0 255 69 95 124 255 255 0 0
    255 175 255 197 255 225 0 32 138 255 255 0 199 255 0 219 237 58 255
    231 3 151 90 178 210 0 114 41 0 140 0 185 136 255 0 255 0 1 255 254
    215 255 250 255 63 102 50 150 255 255 90 162 135 0 124 237 76 155 0
    255 255 255 192 166 198 255 201 22 0 255 132 255 104 255 34 255 0
    108 91 42 0 253 151 144 10 161 116 255 0 197 255 255 255 255 206 139
    255 255 46 17 52 255 255 154 19 84 171 255 255 0 0 168 117 243 0 187
    240 192 143 146 222 255 156 93 0 87 166 58 3 255 67 0 255 255 13 2
    255 0 0 206 239 255 0 255 31 18 252 102 255 46 129 13 137 0 255 148
    45 184 242 193 194 38 45 0 9 255 88 162 255 80 118 0 0 77 91 0 32 0
    188 0 0 0 147 255 164 255 0 25 92 0 66 92 46 21 189 255 251 208 255
    22 247 146 140 70 0 93 139 153 197 74 112 78 255 0 255 224 217 125
    255 16 204 210 110 255 255 0 0 9 0 185 30 230 255 225 255 255 16 235
    0 0 114 101 142 142 21 153 135 153 222 255 183 96 83 145 167 194 255
    165 25 33 173 0 109 255 191 142 42 251 75 72 131 255 0 255 255 255
    139 158 116 0 145 225 255 236 193 120 255 7 0 255 55 2 164 167 167
    127 238 163 253 223 1 0 145 150 234 142 16 214 228 145 183 212 245 0
    255 255 98 0 139 255 202 141 47 193 255 243 0 23 82 0 164 0 153 203
    255 62 0 186 0 21 47 0 0 53 67 255 96 0 232 110 76 64 184 0 223 53 0
    169 255 0 0 255 255 120 66 82 123 0 99 255 255 0 255 92 0 0 0 204
    142 0 100 0 36 186 255 129 255 255 255 64 19 255 219 166 181 67 225
    255 166 177 171 0 33 44 0 167 8 204 73 254 255 177 0 255 38 255 26 0
    218 49 0 136 212 66 12 218 28 0 4 255 93 169 0 0 255 196 22 133 73
    133 0 12 107 52 0 0 0 176 255 0 229 167 255 255 15 0 111 9 212 255
    255 255 3 255 0 179 0 242 170 8 255 222 114 255 152 0 255 164 154
    186 255 109 19 242 128 23 125 236 68 125 50 210 147 0 0 185 221 224
    215 184 226 224 255 42 255 0 51 116 209 135 0 0 28 255 213 153 107
    183 0 255 117 255 147 107 0 0 157 0 0 81 255 0 83 54 255 0 76 129
    255 150 149 255 45 0 147 0 100 147 149 255 172 223 255 54 255 51 247
    135 255 113 134 26 0 105 111 159 13 0 179 114 0 255 255 214 0 26 0
    102 255 0 205 0 220 33 0 0 16 255 21 92 255 0 255 175 146 155 255
    238 46 0 255 92 0 57 255 127 179 57 69 119 56 255 169 0 255 195 87
    123 177 0 69 255 70 0 224 141 132 21 255 5 255 0 33 51 178 89 78 139
    108 135 0 0 124 12 243 131 246 0 0 126 255 255 234 137 255 228 139
    20 255 249 178 209 167 97 108 236 145 0 255 70 128 18 25 0 109 255
    150 192 255 144 30 159 201 0 255 229 0 58 255 229 0 25 55 0 103 156
    227 15 255 40 247 82 87 128 101 216 178 149 0 0 192 145 115 113 255
    255 0 243 75 84 248 255 0 73 182 25 0 170 252 0 97 95 5 147 62 255
    22 255 209 11 239 255 134 52 255 255 171 0 31 94 49 255 95 255 68
    219 0 72 212 255 27 0 115 0 226 0 0 95 199 127 255 177 255 22 14 255
    255 255 0 222 255 255 105 207 21 39 30 255 179 141 110 216 65 76 235
    0 238 0 0 210 0 254 0 0 145 102 255 255 0 66 255 215 255 92 153 153
    12 161 255 185 0 0 120 125 9 222 57 255 0 0 127 234 0 189 247 253 37
    0 204 137 255 177 63 151 0 221 19 112 86 180 133 71 6 191 17 0 0 239
    71 19 25 166 178 190 255 0 255 0 0 152 0 151 19 0 255 136 111 178 62
    255 101 54 182 215 216 74 113 71 205 5 110 181 60 0 148 166 210 178
    255 207 0 4 0 0 255 88 255 41 255 255 0 255 0 0 215 0 208 255 0 255
    129 54 40 255 98 237 122 0 65 255 197 0 255 255 0 34 198 80 14 255
    255 218 0 255 255 219 43 143 210 0 216 255 0 171 0 223 255 0 240 0
    154 249 170 0 38 223 146 195 51 255 0 0 234 0 138 80 67 120 255 0
    255 255 255 253 18 15 228 18 156 36 0 255 240 90 0 158 87 121 0 0 0
    141 244 0 138 0 73 0 210 255 255 0 52 222 0 0 0 255 91 140 237 255
    85 24 0 255 219 75 193 76 0 80 49 218 255 0 221 255 255 65 35 255 0
    105 27 0 255 0 180 170 150 46 25 208 224 224 0 118 16 120 22 122 73
    124 67 0 117 9 251 58 161 164 21 233 0 255 116 255 139 174 255 140
    255 225 6 15 37 35 152 250 0 12 255 211 0 189 182 0 18 0 239 94 81
    176 189 4 251 0 252 10 0 255 21 16 255 213 0 255 210 0 0 255 212 238
    40 255 255 198 0 0 255 255 146 12 0 0 250 249 255 0 239 0 126 70 127
    0 164 255 255 145 233 45 0 255 30 255 38 0 96 184 14 255 12 106 0
    122 91 71 218 0 17 160 151 0 0 111 255 169 72 206 0 248 245 227 121
    218 255 99 83 0 76 0 209 89 182 0 0 0 255 188 215 255 140 106 125
    255 203 144 255 0 222 255 228 200 37 255 255 230 76 142 101 243 248
    141 213 79 252 255 255 54 140 0 219 62 0 214 0 94 117 188 255 0 137
    51 0 109 7 90 255 0 255 46 255 118 42 210 0 159 248 65 0 255 164 18
    255 255 159 255 255 20 0 248 21 0 255 56 255 22 235 0 255 150 144 0
    209 165 0 132 152 0 119 19 255 201 52 255 92 255 255 255 220 0 207
    188 0 153 101 93 0 0 11 222 56 224 71 140 255 194 255 240 194 225
    196 227 255 232 232 91 80 255 0 135 174 0 42 255 255 198 0 75 254 64
    26 47 123 180 178 16 73 88 236 0 127 255 255 66 0 25 255 48 104 255
    141 245 129 6 125 53 255 0 255 112 230 241 77 141 106 255 226 136 0
    35 206 84 188 245 232 57 0 255 118 139 0 144 145 120 0 255 227 224
    201 187 255 255 255 46 127 55 194 255 140 255 213 251 160 255 255
    255 122 154 88 181 205 232 31 0 8 15 88 11 255 233 255 255 240 44
    109 41 220 8 250 0 0 26 255 25 20 143 0 187 102 0 242 0 255 255 255
    166 123 106 255 0 255 0 230 24 233 25 104 25 192 255 22 63 150 31
    135 222 0 200 255 255 65 54 9 255 91 0 0 5 255 154 140 206 0 139 131
    0 255 140 255 255 255 165 94 255 0 48 137 36 66 20 17 0 0 0 29 0 0
    211 0 218 195 6 255 154 70 99 62 53 0 70 110 166 97 90 29 162 123
    154 0 62 205 246 196 255 0 255 255 22 0 153 255 59 126 63 82 109 245
    0 0 22 102 73 47 203 0 246 167 0 146 157 252 93 36 4 0 147 178 255
    116 71 0 0 0 9 202 242 75 0 181 177 255 0 74 133 187 38 23 255 254
    255 247 255 0 15 188 147 108 76 255 255 21 255 235 255 255 204 255
    137 108 56 112 255 255 226 212 154 0 178 29 0 128 0 255 223 255 18
    101 0 0 194 0 255 134 157 0 199 0 168 0 0 144 109 255 205 255 30 255
    255 0 249 159 181 212 157 100 255 255 128 0 12 8 18 0 127 249 255
    159 255 230 213 73 0 27 117 0 88 246 50 73 0 0 10 204 158 65 255 100
    218 205 4 79 152 74 255 138 140 226 184 187 43 158 82 87 237 166 67
    255 130 255 191 0 99 175 0 139 104 255 0 255 65 0 19 104 255 255 0 0
    255 0 0 165 38 10 20 211 6 0 113 188 255 113 0 220 0 0 16 57 3 0 181
    0 0 34 6 41 229 200 82 255 161 156 95 203 37 8 55 65 200 131 47 0 26
    142 1 0 255 255 207 202 0 255 0 164 34 172 255 83 56 67 255 255 0 74
    82 25 255 0 26 0 139 179 190 130 0 255 215 163 80 244 50 248 181 255
    4 104 92 255 219 111 215 199 94 219 149 193 242 255 19 188 157 133
    186 173 150 255 200 255 71 237 180 255 71 0 0 186 116 0 249 253 48
    14 255 255 255 255 27 0 241 209 183 0 0 78 0 114 138 246 132 64 198
    97 72 0 115 0 255 255 232 255 174 0 0 51 0 85 0 144 7 255 31 31 186
    93 242 255 255 255 0 162 0 242 255 210 179 60 0 117 242 168 227 0
    129 178 167 31 47 214 179 0 255 138 255 184 12 193 105 75 173 255 43
    188 34 134 255 112 169 0 18 148 49 0 222 114 255 198 0 60 0 62 2 0
    255 255 32 227 0 0 255 73 0 255 0 90 255 20 0 132 110 255 101 245
    255 161 155 67 199 140 67 102 33 0 0 124 51 255 0 207 0 39 255 48
    116 156 255 255 0 80 215 250 29 64 181 247 255 119 200 8 0 94 0 97
    61 234 198 255 4 0 234 111 54 176 255 0 255 0 255 129 102 18 29 255
    224 0 176 123 106 43 60 188 162 162 184 0 0 0 19 76 255 17 0 200 0
    113 215 0 94 168 255 113 133 44 126 222 193 255 187 152 255 251 255
    255 0 111 74 0 0 0 255 0 0 255 183 0 148 206 53 26 216 255 132 255
    74 66 218 68 238 0 238 253 255 255 151 132 249 48 255 79 197 138 255
    48 171 184 81 2 255 120 255 255 255 24 227 17 0 37 31 40 0 196 0 223
    234 15 255 179 131 142 171 0 143 255 0 79 255 0 255 95 0 194 0 238 0
    62 208 0 255 24 0 0 18 117 0 21 0 109 38 163 0 77 0 255 126 255 0 0
    213 225 36 54 255 5 178 202 189 255 35 47 68 85 99 146 157 108 255
    90 182 132 108 90 255 163 230 150 255 228 44 97 185 8 11 78 0 255
    211 95 61 255 149 223 0 147 113 255 193 155 111 212 112 2 162 238
    217 40 255 204 166 9 255 115 0 41 141 0 0 67 140 219 219 255 255 0
    181 89 0 255 196 213 216 152 93 44 255 247 240 106 172 255 76 28 0
    105 77 176 253 226 255 172 5 191 255 137 146 106 0 164 78 210 210
    193 255 255 8 169 178 22 125 106 0 255 120 0 238 207 215 0 0 106 0
    72 191 242 217 255 176 212 182 159 246 141 0 0 114 0 0 65 255 0 149
    114 99 43 17 155 113 216 0 0 19 0 45 18 255 0 255 161 0 0 184 194 83
    255 120 255 255 255 168 210 217 229 255 0 74 247 0 0 248 19 157 58
    29 0 17 187 0 0 255 68 110 240 255 172 0 51 255 72 222 255 0 255 255
    247 19 225 40 196 62 0 255 228 158 45 237 255 255 93 255 239 0 193
    128 235 0 248 68 255 90 138 94 255 0 255 0 153 120 173 242 176 0 1
    154 0 255 70 0 0 0 0 255 213 255 0 54 255 129 251 255 162 0 62 0 116
    35 71 30 21 31 221 0 31 61 0 112 138 0 162 89 59 121 190 255 255 119
    255 10 4 0 82 0 203 255 244 255 102 0 255 0 210 0 202 25 18 158 31
    255 0 5 255 255 0 252 50 174 0 236 0 211 67 168 182 0 255 31 85 157
    136 196 104 0 191 255 135 255 181 99 135 118 133 0 116 222 59 96 53
    255 172 145 186 160 255 40 72 255 90 149 58 127 152 206 127 60 177
    107 255 119 43 255 0 0 161 0 205 0 255 255 0 12 98 64 250 0 126 235
    180 0 7 143 5 170 78 240 38 255 0 118 154 137 155 52 55 94 0 255 74
    0 0 178 118 121 0 255 33 95 13 255 104 66 255 0 83 199 0 219 0 0 255
    226 0 255 255 101 0 206 255 175 0 33 1 236 0 255 155 0 255 255 232
    185 255 215 94 134 255 0 1 103 72 230 30 255 29 74 115 23 255 249
    255 151 0 0 248 60 182 191 98 255 51 255 206 47 210 166 255 120 0 21
    44 190 227 0 0 0 0 161 242 42 255 25 103 141 0 144 124 209 255 58
    203 255 89 0 119 60 0 139 208 0 0 88 195 44 255 255 0 113 255 147 87
    66 159 85 230 43 245 183 184 45 221 255 132 0 255 69 0 58 78 222 46
    129 255 255 172 255 170 127 151 255 242 0 167 66 142 103 0 229 166
    255 108 64 18 242 225 69 119 230 144 0 20 255 134 0 150 0 198 122
    137 219 255 180 255 37 0 255 20 19 0 95 127 0 125 190 192 153 189
    255 255 98 48 34 255 255 121 255 159 0 182 1 124 41 255 255 166 210
    153 247 41 255 253 255 255 0 121 179 255 11 88 255 255 255 0 124 211
    204 199 0 19 0 255 0 225 187 215 0 118 0 0 0 172 248 0 174 255 209 0
    195 124 61 255 255 136 109 0 255 255 118 0 191 88 21 132 38 230 191
    166 178 255 0 43 0 149 99 189 83 255 81 0 255 255 0 130 18 72 255 40
    255 241 0 222 212 105 255 185 0 106 36 0 132 174 109 19 0 255 181 72
    51 255 223 212 232 0 255 0 255 222 0 255 9 104 219 0 151 105 179 0
    255 180 35 1 255 249 250 255 62 72 252 133 60 189 51 15 27 0 255 255
    237 22 255 75 164 0 119 158 20 0 0 0 132 0 103 155 127 255 16 112
    222 255 255 1 52 255 134 0 19 0 44 78 81 33 255 180 62 0 0 236 91 71
    47 0 0 42 0 162 21 0 100 255 39 0 98 142 0 0 250 74 95 227 0 0 224
    142 101 255 51 89 0 66 255 153 140 101 188 104 255 77 9 0 72 36 14
    255 250 52 160 74 230 135 55 97 76 189 255 102 206 255 0 0 242 0 255
    255 165 54 197 194 111 7 234 189 140 15 0 90 255 66 108 172 120 210
    61 90 87 120 7 255 13 87 142 66 206 255 208 0 255 84 200 255 255 255
    255 0 62 219 232 27 23 255 255 0 147 29 255 255 76 228 110 222 163
    81 211 255 248 116 174 1 245 36 32 0 207 0 216 31 255 255 0 129 13 0
    5 69 219 255 48 255 255 0 255 33 0 89 17 45 125 255 63 0 96 195 230
    26 20 255 0 178 39 216 203 0 170 0 243 0 255 173 2 101 255 248 255 0
    123 252 0 6 203 0 97 255 89 255 189 255 40 0 112 79 79 0 0 151 211
    229 255 155 137 0 118 210 140 152 255 190 255 0 0 255 145 167 171
    174 0 204 52 249 184 255 255 255 48 141 255 87 75 0 255 169 83 0 135
    155 0 0 83 0 255 182 74 174 233 103 232 214 255 29 0 0 32 68 87 0 0
    240 23 185 255 35 199 0 0 63 244 0 4 199 74 221 76 0 204 214 0 0 0
    201 23 45 134 0 144 255 0 255 68 0 205 0 166 63 131 4 255 78 169 0
    255 157 255 168 161 105 0 213 0 4 0 0 213 222 0 41 52 25 255 12 69
    219 52 0 0 0 79 7 76 211 106 255 19 0 14 255 52 6 179 0 255 142 0 1
    216 19 111 223 0 255 0 124 0 59 70 0 255 0 0 255 151 0 91 161 0 135
    220 179 255 0 80 0 0 88 255 160 11 27 66 234 171 195 0 255 211 110 0
    52 195 93 137 100 91 215 0 145 41 255 255 92 0 129 228 237 230 178
    255 202 25 206 227 220 123 189 129 14 133 82 135 0 52 71 85 103 224
    126 110 0 34 97 64 255 81 59 134 248 17 97 40 160 197 195 79 158 0 0
    147 0 255 25 0 140 226 197 80 58 32 145 0 0 0 232 224 181 255 146
    163 33 117 255 58 0 255 0 0 40 5 0 165 205 218 11 138 167 83 55 0
    130 109 189 182 160 137 255 255 199 55 17 255 51 180 255 202 255 117
    133 255 255 59 0 255 255 50 255 255 233 255 0 156 183 0 255 74 0 0
    239 0 92 100 69 154 188 20 121 103 205 75 0 238 67 59 42 249 113 116
    0 0 255 197 101 255 92 255 0 202 255 0 4 0 2 91 104 25 0 0 0 20 247
    197 138 18 246 159 148 108 231 64 201 172 0 45 255 30 150 255 0 0
    129 254 0 230 255 38 132 255 251 255 0 255 0 0 0 255 0 0 10 255 162
    0 84 0 255 0 0 153 0 115 120 0 0 0 50 166 255 16 139 255 117 0 255
    255 136 13 255 186 168 0 8 0 76 51 255 173 94 48 52 163 0 183 84 236
    255 0 0 255 10 0 0 222 240 60 240 0 255 0 172 72 255 255 255 143 255
    160 0 135 127 0 0 12 255 169 108 201 77 255 142 255 255 255 255 201
    57 43 230 157 94 90 113 218 2 0 35 22 255 255 255 255 16 255 0 0 38
    0 155 79 63 255 201 120 0 142 214 50 47 255 197 96 0 124 232 113 0
    152 20 0 159 0 255 0 255 153 91 104 10 0 0 0 0 0 58 0 31 158 0 0 8
    107 255 101 191 0 0 35 0 0 158 255 52 255 244 22 218 139 0 8 0 208
    230 0 0 255 255 136 242 82 232 255 251 193 255 0 255 62 0 61 118 151
    224 160 36 200 255 255 211 255 53 127 0 133 55 11 255 121 73 18 93
    28 137 51 0 76 246 0 215 194 82 101 121 0 88 215 0 8 0 136 219 0 118
    164 255 205 15 213 0 176 251 0 179 255 245 34 255 188 190 149 87 161
    225 255 149 255 255 255 255 0 166 229 125 0 181 0 252 255 0 205 0 30
    255 51 0 255 188 242 255 0 0 236 82 145 58 2 232 255 251 161 183 110
    137 106 255 0 134 255 143 15 55 174 255 168 31 210 109 165 0 118 255
    51 255 144 0 104 100 190 0 206 0 0 255 217 38 0 121 179 156 250 246
    255 190 0 255 0 190 255 164 24 141 51 213 255 180 255 135 218 255
    149 7 79 0 103 184 97 255 0 200 117 255 166 255 255 32 0 226 0 155
    243 0 86 71 224 50 206 255 123 0 255 255 8 255 0 255 0 0 0 0 0 35 78
    51 255 255 192 22 198 103 69 255 251 10 86 41 224 178 255 162 255 55
    223 0 230 29 0 84 68 38 157 123 144 255 51 181 255 0 255 255 112 165
    0 0 62 0 255 32 7 23 145 0 0 186 255 138 255 55 34 5 0 48 241 116
    231 43 165 0 192 109 39 205 0 127 184 0 97 0 22 255 67 118 0 38 72
    206 226 38 255 128 0 187 45 0 132 83 105 255 178 255 255 81 255 217
    0 155 252 0 153 0 157 78 0 184 255 240 0 115 255 0 0 86 65 255 8 134
    42 0 191 255 127 82 120 178 253 20 9 0 53 189 137 89 147 0 255 0 18
    255 255 0 55 248 5 235 139 227 0 183 36 255 0 143 0 12 10 255 0 0 12
    141 161 255 255 255 120 105 190 0 250 185 69 8 65 148 255 202 255
    255 0 95 141 158 0 199 38 229 0 102 55 133 29 255 30 1 85 255 192
    206 0 86 166 0 255 0 255 255 255 195 255 156 66 20 5 230 1 74 140
    255 255 61 141 115 0 177 134 149 111 200 255 255 255 200 255 17 205
    0 233 36 38 250 0 101 159 86 255 246 225 118 249 154 174 4 47 0 255
    0 185 178 255 249 0 161 255 0 23 122 255 187 12 255 39 154 169 169
    246 255 0 69 255 0 0 65 243 136 199 0 0 188 219 209 103 202 112 0
    168 85 255 0 144 215 0 0 214 116 23 33 58 92 181 95 5 255 0 0 0 255
    19 165 150 0 226 171 255 0 142 255 0 113 54 148 0 75 255 0 0 255 242
    255 255 169 222 111 189 0 233 226 255 255 66 175 0 139 14 42 183 255
    255 9 255 131 85 84 255 91 142 39 221 129 205 150 187 138 255 255
    255 219 29 255 172 0 38 255 0 145 0 255 0 117 95 44 100 94 0 168 0
    193 255 38 52 48 0 240 255 130 222 121 31 79 0 0 0 51 33 173 13 78
    105 255 107 198 67 0 0 255 94 79 255 116 158 185 14 57 253 182 195
    97 123 255 155 51 241 255 134 153 162 88 223 255 249 200 27 255 113
    35 255 0 0 255 228 218 13 251 255 255 0 92 0 0 0 0 0 237 0 113 135
    99 152 127 202 0 8 92 0 0 95 255 0 183 183 205 218 14 0 20 15 132
    196 18 0 121 254 0 22 219 0 0 255 208 127 255 0 236 216 0 188 73 135
    11 162 49 114 41 244 255 179 153 85 0 255 26 99 241 255 0 206 250 71
    79 132 223 0 239 62 76 11 255 235 53 45 145 25 6 90 203 0 229 148 0
    17 0 225 152 124 255 229 255 255 135 174 110 255 123 71 111 65 46 84
    41 2 255 255 77 102 255 205 255 255 112 0 15 74 0 255 149 0 216 137
    54 108 111 76 171 57 0 0 0 255 255 201 0 255 0 0 129 0 0 255 0 31
    164 101 242 132 172 247 0 159 255 163 112 248 174 227 0 49 0 140 203
    66 215 197 85 0 249 199 19 255 79 0 6 56 0 232 109 83 205 255 215
    255 0 255 0 161 99 80 192 247 119 255 174 255 235 185 50 0 94 0 209
    123 0 116 0 45 204 0 108 234 0 35 0 255 255 251 190 23 180 255 90
    240 69 154 73 0 104 135 242 221 55 104 135 55 67 208 60 160 185 0
    124 121 255 12 0 96 255 255 0 197 15 123 0 34 124 91 0 255 234 46 15
    101 169 4 255 4 29 255 255 127 187 171 36 0 0 0 164 0 37 0 20 80 255
    0 255 255 106 72 255 103 255 0 218 112 148 138 29 133 163 12 44 27
    116 63 62 86 0 254 230 240 0 40 0 87 0 0 0 133 255 112 255 247 107
    103 208 188 57 246 254 255 53 18 255 133 238 209 188 255 208 0 206
    179 186 183 255 255 0 0 255 11 0 0 246 48 0 58 14 255 36 176 0 255
    235 74 141 255 255 119 152 240 0 0 2 220 94 255 13 0 17 134 0 218
    141 80 0 255 233 255 255 142 5 255 0 0 36 219 0 255 20 237 103 162
    255 81 99 255 0 255 76 172 255 37 188 8 206 13 255 180 0 52 32 181 0
    196 195 190 221 255 0 75 196 4 255 191 0 0 255 92 83 82 218 127 76
    152 167 179 0 0 149 197 0 255 0 66 255 0 255 4 223 69 246 0 0 225
    114 124 194 255 16 232 255 157 74 37 196 11 0 209 181 194 27 140 249
    255 109 181 142 40 255 0 255 229 102 218 199 150 53 252 233 108 22 6
    255 0 202 240 154 0 255 255 224 158 61 255 166 35 201 255 71 255 231
    255 255 176 0 194 219 14 68 0 0 0 73 255 0 43 49 208 255 0 0 61 114
    31 255 52 23 0 25 255 0 132 0 129 71 35 181 77 204 62 255 109 0 155
    152 216 0 0 195 205 156 109 197 255 212 129 253 243 255 0 65 0 64
    126 255 106 150 255 66 34 0 215 15 111 56 0 35 67 170 255 147 0 255
    149 255 226 255 30 0 137 255 97 177 29 255 255 94 176 248 18 0 69
    174 255 157 255 204 41 26 228 0 0 138 67 130 9 0 114 255 85 0 239 0
    0 45 65 154 0 0 255 97 131 64 18 0 0 0 255 114 0 255 0 118 255 210
    255 113 255 29 0 255 255 154 255 39 144 255 255 176 255 121 90 120
    37 0 178 0 255 46 1 255 83 255 0 84 0 160 240 102 146 84 255 0 59 0
    57 0 144 39 248 228 60 206 0 255 0 255 200 101 241 255 28 0 0 95 99
    98 70 255 255 131 110 111 0 0 48 204 0 118 42 202 197 0 115 190 0
    103 0 187 0 119 189 145 255 0 125 147 0 21 0 128 0 128 255 255 177 0
    0 139 12 159 0 47 4 100 0 0 255 255 0 255 166 0 22 155 252 255 0 238
    255 255 108 110 131 177 204 198 123 255 70 255 255 73 0 113 50 0 2
    255 237 105 70 156 20 110 255 119 16 255 226 0 166 53 148 237 242
    255 0 143 110 236 188 0 160 147 109 169 99 8 9 157 126 255 0 164 166
    123 255 255 231 231 150 153 255 85 146 219 255 154 86 0 209 96 4 225
    255 5 255 204 47 243 221 255 31 0 109 63 210 76 222 113 99 53 27 0
    11 255 0 18 105 255 145 105 94 80 238 255 0 255 252 79 205 0 51 0 81
    160 0 145 0 0 0 2 112 0 0 43 255 0 0 137 220 46 162 111 74 255 121
    48 0 0 0 89 204 78 238 255 0 110 89 0 0 236 245 171 255 0 0 93 51 55
    19 83 255 87 32 205 44 113 36 40 255 4 0 223 47 30 88 11 46 255 61
    224 216 255 0 66 30 116 0 64 124 30 203 49 0 223 255 255 42 100 255
    168 232 113 255 255 0 216 0 116 0 255 0 95 145 193 185 255 24 112 0
    76 0 121 236 212 85 168 255 213 128 58 181 0 0 71 255 0 0 255 255 0
    9 255 255 20 225 59 95 20 0 165 190 0 73 71 4 0 255 0 0 3 125 255 0
    0 182 157 0 219 0 74 46 38 126 255 207 255 255 255 255 140 119 124
    94 247 99 111 26 196 255 255 172 255 204 255 103 255 254 255 255 127
    221 146 0 48 255 130 0 79 205 255 133 255 0 116 255 255 38 32 171 69
    0 148 73 35 37 0 24 0 60 152 73 6 196 0 0 0 255 255 60 244 255 146
    32 0 226 255 147 0 227 151 64 80 192 217 60 124 255 65 0 19 69 255 0
    17 255 0 170 0 255 188 57 255 255 0 90 177 177 0 226 255 215 0 0 219
    255 233 85 64 142 83 0 92 255 177 144 255 255 105 69 214 28 71 66
    255 40 235 202 255 13 35 208 156 69 44 157 45 217 40 255 213 0 0 0
    60 139 97 139 52 57 255 80 39 2 0 23 17 255 86 31 255 28 255 112 0
    151 252 0 75 0 252 105 0 0 255 27 184 61 188 160 12 47 255 222 167
    144 0 243 143 152 130 43 116 0 0 0 0 19 0 255 228 0 129 203 185 0 0
    255 127 0 255 255 237 255 158 255 237 166 195 255 188 123 41 136 255
    0 46 0 61 255 223 255 0 154 97 94 255 149 0 255 255 93 171 0 255 196
    199 75 55 93 0 0 0 255 255 0 255 62 255 107 248 77 0 28 0 58 122 50
    139 255 243 6 255 255 255 0 132 4 236 255 11 188 121 218 117 187 156
    235 255 46 97 0 157 117 61 0 255 0 255 255 26 80 0 0 100 0 47 41 248
    0 4 0 102 62 255 231 255 0 164 40 61 240 153 10 0 132 0 255 177 152
    255 0 109 55 0 0 219 184 255 0 105 78 124 167 0 28 182 255 255 41
    202 228 219 255 255 233 255 0 255 243 233 115 44 149 19 255 0 255
    203 134 114 233 34 0 136 68 87 90 62 43 255 206 255 179 255 175 181
    203 185 13 238 0 0 255 131 0 86 240 255 255 0 180 0 0 100 0 255 228
    179 139 255 11 211 213 47 147 255 36 0 0 255 141 36 72 73 114 114 6
    255 95 145 225 255 0 0 118 38 195 0 66 202 74 201 113 0 229 236 74
    255 107 247 153 146 103 255 0 73 139 178 188 0 38 40 255 189 255 176
    29 84 2 73 0 42 0 58 83 20 58 182 182 104 255 67 52 220 82 96 0 102
    108 101 56 62 0 82 198 193 75 56 109 0 178 22 156 255 255 0 26 155 0
    0 165 85 210 223 163 10 155 255 239 7 113 182 0 136 126 195 58 84
    204 255 255 255 142 142 70 0 255 255 104 179 13 0 255 2 255 86 237
    86 219 0 18 61 211 0 158 196 77 14 35 255 0 52 146 0 0 0 109 0 56 0
    114 212 206 250 0 200 186 13 255 26 39 51 113 132 0 233 49 255 19
    255 16 151 46 253 255 255 99 0 255 255 0 183 255 193 0 255 255 0 252
    95 70 255 255 219 0 215 220 255 124 113 153 255 255 255 208 106 0 0
    55 183 205 225 141 255 201 143 0 4 255 255 255 0 224 134 57 0 0 233
    0 26 162 171 95 129 180 216 48 0 142 108 64 250 255 153 67 166 75
    228 85 246 255 114 218 245 254 200 57 205 186 255 16 255 109 255 255
    193 255 36 77 155 159 115 17 155 0 0 255 7 55 0 0 47 127 0 70 107 0
    51 111 0 6 171 0 131 0 150 229 75 88 70 255 255 0 60 177 86 175 176
    0 109 232 10 0 255 167 0 26 255 135 205 21 42 0 132 0 40 200 21 220
    0 122 251 177 8 0 255 64 0 73 89 162 0 255 255 255 255 175 33 0 0
    255 255 178 218 255 115 0 198 210 0 0 255 245 73 255 255 0 255 0 167
    255 62 211 78 144 217 167 99 217 255 251 204 255 255 73 167 157 151
    113 76 49 0 255 32 0 62 255 181 0 126 0 41 197 0 103 255 249 0 126
    240 19 31 30 0 255 4 175 120 0 122 227 255 0 189 0 255 208 255 107
    255 0 0 0 224 0 195 110 227 255 184 72 230 218 146 58 0 38 52 6 0
    255 0 238 231 0 70 83 11 255 247 63 135 255 242 7 92 95 118 24 255
    154 239 255 0 133 30 253 241 55 242 213 0 148 0 255 216 255 104 238
    102 255 45 78 221 56 164 121 255 234 252 79 255 255 177 234 255 255
    89 24 0 44 37 87 0 216 154 157 238 8 134 157 28 114 126 237 225 255
    255 181 27 34 57 212 55 140 120 205 247 255 181 238 0 255 255 9 0
    255 255 0 157 252 255 60 206 0 133 172 116 0 29 112 208 44 255 204 0
    215 255 0 0 198 241 253 47 53 255 152 34 196 255 161 207 131 255 66
    208 255 0 0 117 255 45 0 234 210 88 0 236 99 136 141 251 255 174 129
    255 73 110 158 110 0 0 48 175 99 4 255 50 36 31 113 250 0 255 60 0
    190 66 229 193 233 205 108 53 82 155 0 147 150 36 105 197 174 255 0
    104 255 181 155 172 255 0 67 217 208 181 0 255 255 255 193 59 20 251
    153 0 30 255 57 255 200 255 0 255 73 255 212 255 139 248 188 255 242
    106 135 0 57 74 255 96 255 255 114 31 144 0 247 164 159 188 0 0 208
    0 83 218 0 255 136 0 179 0 65 166 255 105 255 195 43 44 181 233 0
    204 142 19 207 255 0 112 98 97 0 255 45 196 107 0 0 89 255 255 208
    255 190 59 198 0 108 107 139 255 91 255 23 255 0 54 174 136 229 177
    83 8 255 0 255 97 233 251 0 3 255 0 253 11 21 255 0 115 229 0 156 2
    0 0 229 174 59 167 97 191 205 29 253 19 117 146 219 0 255 255 216
    255 155 0 0 0 37 0 147 130 198 255 255 255 192 58 227 147 5 3 255
    236 186 0 174 150 184 255 255 35 150 12 52 91 172 0 0 220 255 244
    255 255 85 19 120 34 255 156 0 255 0 145 255 198 218 153 0 255 255
    73 255 0 118 171 226 0 70 6 15 216 232 254 0 255 41 0 0 0 0 163 83
    255 29 172 15 97 8 42 0 93 0 206 94 110 255 150 0 168 50 55 20 0 255
    255 171 63 255 148 255 137 255 23 48 255 62 255 255 66 0 255 255 0
    243 126 0 216 167 255 78 0 147 255 32 255 248 166 99 24 173 0 154 29
    115 255 255 216 181 0 3 23 129 255 35 142 190 84 136 255 150 205 177
    0 31 255 255 79 0 73 145 242 67 84 147 255 0 125 0 203 155 255 26 96
    50 179 250 255 166 0 136 0 53 126 0 245 255 252 0 255 43 255 255 236
    97 47 83 150 231 255 132 108 92 178 255 6 130 209 255 159 23 216 234
    218 0 56 255 159 255 68 16 0 91 169 218 67 43 255 145 230 255 0 255
    255 0 57 92 0 233 145 89 255 122 56 0 168 103 177 255 251 255 7 0
    239 39 239 206 157 255 255 195 8 244 137 179 121 255 255 35 143 255
    0 219 71 0 52 26 81 54 0 5 14 194 0 177 213 0 255 255 0 227 201 245
    0 38 52 227 141 254 0 255 205 132 70 255 35 0 0 255 167 202 255 255
    104 0 255 135 0 0 255 181 0 112 156 166 255 0 0 255 168 255 0 25 228
    238 231 93 99 62 57 96 205 0 0 69 0 0 188 70 255 151 255 139 255 166
    19 0 0 0 60 62 45 145 29 255 0 80 99 54 148 97 174 83 67 7 255 52
    100 0 255 255 229 104 255 0 81 255 220 222 0 233 94 71 255 218 0 255
    130 5 217 127 0 127 133 115 57 103 138 19 214 0 255 174 160 255 205
    255 249 0 222 255 255 255 94 31 255 209 166 35 255 0 213 70 25 64 55
    0 255 255 235 59 59 160 184 206 230 0 53 151 0 26 210 0 135 0 8 36
    255 255 151 0 137 60 242 0 171 76 0 255 0 251 94 78 0 234 0 181 224
    226 64 15 144 217 83 0 248 0 169 65 98 162 55 225 255 0 0 251 18 214
    0 164 80 255 0 144 163 0 0 81 139 63 0 255 0 0 144 255 115 208 2 255
    0 230 181 178 27 0 78 254 197 153 255 139 255 209 229 0 77 38 132
    255 80 0 211 232 255 0 107 57 75 86 179 255 0 237 0 204 187 119 72
    29 0 255 195 131 255 149 107 204 130 130 40 58 199 228 248 165 255
    135 255 41 0 0 255 216 227 118 73 205 125 168 204 135 126 26 203 39
    158 0 203 213 222 194 162 255 232 186 156 179 122 0 255 36 181 255
    232 255 255 51 246 255 20 0 177 202 166 81 34 181 255 35 93 212 255
    5 255 255 249 222 0 114 197 170 0 0 0 0 249 0 134 195 0 255 170 255
    0 196 235 28 1 124 119 0 0 22 60 214 0 34 0 84 182 19 208 4 62 84
    162 0 0 206 189 255 73 0 255 0 60 0 112 0 255 128 255 122 59 122 169
    255 216 63 7 255 0 42 226 193 255 255 127 255 141 0 81 255 40 67 145
    55 0 128 0 180 255 51 98 0 0 0 19 34 243 31 255 255 0 187 217 129
    255 255 103 12 242 255 0 226 46 102 226 255 171 0 255 97 255 78 0 42
    134 148 66 255 207 27 0 62 74 255 227 42 1 152 187 177 255 119 131
    52 116 69 255 0 76 243 244 255 143 255 255 0 87 1 241 244 64 216 185
    243 243 255 145 5 0 0 255 30 0 122 0 34 255 0 255 0 0 170 36 236 236
    220 58 205 0 255 255 118 196 13 255 252 0 189 255 155 197 0 255 255
    0 234 0 48 0 255 220 29 255 169 149 74 157 13 255 26 108 21 14 0 14
    0 153 21 117 36 138 0 240 0 202 192 118 63 26 72 255 255 81 197 237
    253 0 141 208 179 231 255 255 191 0 0 124 188 82 147 219 39 255 164
    163 0 246 131 215 100 111 181 210 62 242 64 231 213 135 196 181 166
    200 0 145 20 222 0 28 158 106 61 169 22 105 203 242 176 171 216 113
    255 71 56 132 151 57 102 251 34 129 0 83 216 3 200 255 147 216 96
    121 102 244 106 180 78 0 0 122 239 228 155 249 255 166 18 255 255 95
    36 231 199 203 0 121 90 68 29 169 101 19 255 135 255 50 29 8 255 196
    46 0 28 168 181 171 163 221 0 143 255 255 216 75 193 138 225 82 165
    28 0 0 0 255 228 95 103 211 255 117 255 240 207 180 213 130 0 86 0
    67 17 71 255 139 255 84 191 215 255 255 204 168 255 255 255 0 139
    101 61 84 255 255 101 218 185 107 255 25 211 204 66 0 255 0 106 10 0
    0 10 232 0 0 255 196 255 141 231 190 78 31 0 65 141 198 11 0 0 162
    255 255 11 0 214 255 0 157 174 186 0 0 102 242 104 48 255 255 255 84
    78 194 39 57 223 255 208 255 0 162 255 255 21 33 101 170 0 59 75 239
    239 0 34 238 52 164 133 255 70 158 255 255 255 59 50 172 154 61 154
    202 207 253 40 176 183 193 2 79 0 73 255 162 0 255 118 255 0 12 27 0
    255 255 61 183 227 226 65 120 187 0 72 128 1 0 255 143 137 0 148 53
    0 252 47 0 42 0 0 110 255 255 255 245 41 79 255 255 109 186 118 165
    6 0 37 26 0 153 0 255 247 15 137 167 255 79 255 204 197 213 0 75 255
    165 162 255 186 255 42 97 0 255 170 0 255 0 178 239 0 242 37 71 0 0
    255 0 201 0 230 65 121 0 164 210 0 151 0 161 26 217 133 28 255 224
    13 255 41 239 112 255 51 0 153 116 0 220 198 220 169 20 86 4 79 86 6
    10 150 226 47 13 255 163 109 34 0 0 43 216 72 31 246 255 35 224 12
    72 178 201 252 255 180 61 140 194 229 51 0 146 203 0 0 21 0 246 192
    0 97 25 74 233 95 255 0 255 0 6 0 0 247 51 253 176 240 62 255 194
    253 203 230 174 176 203 47 255 48 0 0 0 0 255 107 255 0 0 255 209
    165 30 15 23 255 70 0 185 255 0 0 255 29 200 215 41 229 242 246 46
    188 124 223 0 131 255 22 0 237 175 83 148 224 36 0 255 255 0 255 255
    0 0 255 149 250 245 96 0 140 238 127 247 0 143 255 233 255 255 0 48
    0 244 34 0 255 0 104 150 197 136 0 14 170 255 55 0 255 0 187 247 0
    255 195 0 118 117 0 0 168 107 233 255 0 255 211 0 255 0 255 0 255 0
    0 160 0 145 33 255 0 255 225 0 27 126 213 88 151 252 255 0 171 255 0
    134 13 0 182 0 0 70 110 88 249 0 255 6 201 255 91 255 72 97 146 185
    10 142 131 185 0 255 0 255 41 0 167 129 0 0 255 65 117 204 79 6 255
    255 228 20 113 255 60 0 27 223 40 229 69 27 0 227 0 188 163 60 24 25
    0 152 0 150 218 217 13 220 0 173 12 255 11 75 0 0 241 252 242 255 8
    255 255 162 105 255 255 210 255 135 0 241 241 42 4 240 0 188 43 169
    138 237 226 50 118 121 255 144 200 239 1 87 70 133 255 108 146 92 0
    0 0 59 180 255 213 104 146 255 55 118 255 255 255 155 0 236 119 224
    84 255 129 0 1 255 148 0 0 234 160 248 255 229 207 239 255 80 0 255
    255 162 255 255 255 255 0 93 155 33 255 72 128 255 0 0 198 207 229 0
    111 156 0 0 255 255 0 246 0 117 27 8 0 77 255 25 173 255 0 64 14 88
    125 0 255 255 59 254 161 223 255 255 0 123 115 142 65 117 128 13 98
    69 0 204 176 0 255 156 255 255 0 188 9 156 255 62 88 143 255 0 231
    68 125 122 7 255 43 232 106 255 48 108 157 191 255 63 190 121 255 0
    42 236 0 255 0 219 122 138 230 0 36 232 148 255 255 255 255 218 8
    129 249 0 242 29 244 0 255 171 209 255 196 223 246 176 255 243 146 0
    249 0 254 127 121 255 83 139 74 0 93 82 255 0 56 255 255 50 141 134
    222 255 171 78 205 165 89 50 159 18 0 255 9 129 219 0 134 206 255
    134 26 0 0 0 0 135 44 236 251 155 197 150 224 82 227 132 255 0 51 69
    255 58 151 224 83 0 163 255 142 255 123 0 147 166 86 77 0 255 124 20
    12 202 0 32 83 252 255 0 154 142 75 131 0 80 255 97 55 123 0 255 0
    104 41 0 255 52 118 0 198 134 0 34 140 153 52 255 211 237 113 0 0
    160 16 18 95 132 228 204 255 33 255 0 0 48 99 43 170 255 0 49 138 92
    0 0 255 193 91 86 78 0 141 255 34 187 167 168 255 236 171 126 58 89
    211 48 242 111 45 0 215 255 0 57 33 140 254 57 255 86 233 115 41 121
    0 255 255 228 104 255 255 25 255 255 12 104 141 157 6 240 157 187 61
    0 114 0 114 255 203 215 0 218 0 255 255 0 84 250 206 0 93 131 250
    219 255 0 68 101 180 3 242 0 0 0 255 0 255 226 155 210 162 230 216
    255 60 77 255 0 148 198 255 49 182 0 133 16 74 148 74 83 252 136 141
    82 209 0 154 0 0 69 8 39 142 0 222 61 0 174 27 255 0 57 217 68 140
    66 200 201 223 208 209 243 174 235 39 200 255 241 244 255 255 61 96
    0 252 0 58 61 119 0 208 71 156 255 138 92 69 77 225 143 46 0 7 222
    207 244 0 104 19 103 207 0 236 255 255 255 94 5 255 200 236 255 255
    0 37 97 134 88 48 19 198 245 255 0 79 89 195 56 164 214 255 30 0 0
    186 20 173 255 154 159 133 130 93 213 7 149 31 29 49 255 136 80 255
    177 0 0 255 138 0 255 255 0 42 115 103 255 55 173 10 255 52 237 219
    255 255 53 83 66 255 27 90 57 206 245 184 48 145 190 255 0 255 255
    131 88 128 174 0 0 220 194 131 242 255 255 213 200 229 79 0 160 251
    10 57 158 135 0 255 1 0 0 73 224 142 250 35 46 255 193 0 185 255 0 0
    95 131 132 0 255 0 154 255 0 98 201 0 51 255 3 167 255 162 47 4 255
    255 79 255 213 0 255 4 216 154 174 209 185 0 255 0 254 0 222 59 0 14
    165 0 56 11 8 23 90 255 0 255 72 0 7 254 23 177 199 255 143 255 65 0
    95 30 22 135 198 45 0 178 26 0 203 204 111 0 28 217 122 51 121 85
    138 0 65 0 121 117 192 40 234 26 255 111 134 0 64 149 0 0 255 158 62
    192 70 221 79 211 166 255 0 0 103 16 120 77 0 27 0 208 35 18 213 61
    42 153 98 135 255 180 23 255 0 255 255 35 255 255 49 170 0 255 182 0
    255 0 44 240 41 202 0 246 0 175 132 49 252 97 116 189 255 255 35 0
    134 171 19 255 212 43 236 44 162 59 69 48 178 0 0 81 11 255 0 29 134
    0 246 68 135 0 63 255 0 0 131 139 45 13 255 27 180 139 115 58 230 0
    112 241 71 78 192 255 255 199 252 13 131 20 0 51 0 248 182 55 238
    245 255 46 27 255 0 157 133 231 255 141 89 178 84 89 201 0 66 255
    255 171 255 239 255 80 186 0 0 112 0 26 255 140 0 255 23 0 3 225 8
    96 255 0 12 206 127 168 101 250 141 30 30 0 224 47 82 0 0 160 239 77
    81 0 0 255 0 104 0 130 29 234 0 0 48 141 189 0 255 255 0 72 0 191
    222 242 0 28 160 15 45 255 217 0 0 230 98 118 214 121 85 3 255 0 10
    255 71 243 255 0 208 55 214 255 244 255 61 0 255 234 59 220 0 154 78
    202 188 1 206 0 47 2 218 255 255 178 0 187 0 255 224 0 158 85 120 0
    0 0 97 255 0 18 174 0 255 0 189 255 255 255 224 0 255 255 191 255 42
    0 0 8 40 255 255 0 33 255 255 205 255 242 70 37 81 73 167 255 152
    237 121 152 79 0 0 0 255 15 178 79 13 0 255 65 10 0 166 156 124 255
    0 245 115 255 167 255 255 54 151 255 112 0 64 198 214 32 133 71 20
    199 151 62 89 168 24 99 115 0 24 57 255 64 248 35 255 255 76 252 0 0
    64 0 0 140 37 0 255 255 149 212 0 0 196 153 214 91 227 4 0 255 0 88
    210 51 255 255 182 251 105 195 255 102 120 212 212 45 0 255 255 249
    193 254 12 130 53 250 0 126 183 13 0 255 0 208 228 52 255 119 255
    210 222 255 131 251 0 89 255 253 255 133 128 37 0 76 246 190 255 102
    209 189 24 44 0 200 16 0 0 255 235 255 0 177 255 255 0 255 255 9 125
    255 65 249 73 204 0 8 255 213 255 0 255 237 69 0 0 146 46 48 183 110
    53 51 255 0 0 115 248 134 227 53 31 255 65 255 0 209 251 180 36 206
    49 159 0 124 125 255 0 95 248 100 0 255 174 255 116 255 150 49 24
    255 255 255 184 0 255 109 0 30 244 0 255 255 2 58 255 0 46 34 0 199
    0 0 255 43 0 13 245 255 50 101 0 255 0 114 199 187 31 244 0 255 121
    8 177 223 155 0 203 247 217 0 0 255 0 225 0 81 249 16 3 28 47 159
    150 0 252 255 255 0 116 168 0 170 189 0 170 39 107 167 255 130 0 255
    189 21 162 210 74 255 253 255 116 255 240 32 255 12 71 0 104 255 145
    132 255 210 226 0 244 84 200 125 203 244 80 255 69 0 82 26 143 189
    193 255 255 255 183 255 80 255 83 241 50 212 142 144 202 255 255 152
    0 227 0 143 65 255 0 240 41 143 0 0 255 92 2 137 0 0 128 27 118 164
    29 50 19 255 129 0 71 0 148 255 126 7 25 81 255 255 107 214 178 158
    6 9 163 255 0 255 187 83 0 213 136 241 255 185 238 208 0 184 0 255
    124 253 255 30 119 255 255 57 255 0 241 4 18 255 139 0 0 255 130 0 0
    183 69 195 254 0 255 0 226 171 0 80 74 196 241 0 18 230 230 147 254
    154 162 0 255 255 88 22 255 0 0 83 0 0 211 54 0 220 168 255 0 0 152
    255 124 100 252 150 246 113 226 88 91 51 255 49 226 180 83 120 0 144
    255 0 0 111 35 68 255 187 249 0 222 0 140 255 0</data></your_img>
</opencv_storage>
