<?xml version="1.0"?>
<opencv_storage>
<filter_type>0</filter_type>
<only_luma>0</only_luma>
<r1>1</r1>
<r2>2</r2>
<L2_diff>1.1801936281814098e+03</L2_diff>
<test_img type_id="opencv-matrix">
  <rows>128</rows>
  <cols>256</cols>
  <dt>u</dt>
  <data>
    173 240 197 160 238 121 70 237 92 93 97 179 218 63 163 168 81 137
    170 76 112 151 58 216 7 107 194 41 13 48 99 193 49 150 38 125 176
    201 45 249 73 79 117 12 232 97 215 6 144 69 115 115 31 192 121 187
    161 191 162 39 230 28 226 82 3 141 11 193 210 60 24 238 85 147 88
    207 81 15 61 219 232 17 79 51 191 218 180 145 30 182 106 176 245 254
    69 151 130 195 178 187 209 44 70 22 44 58 133 55 6 201 32 183 218
    251 85 83 44 63 252 93 26 106 236 180 166 213 205 37 114 93 245 38
    181 127 111 252 12 84 16 230 72 113 226 144 66 13 120 186 25 72 142
    117 129 244 105 72 97 97 111 99 190 227 25 42 163 228 67 36 167 120
    2 1 193 11 5 155 107 189 55 223 199 12 22 34 89 185 59 161 120 117
    247 90 81 198 249 4 14 82 152 103 15 210 243 185 163 55 232 43 206
    115 5 210 20 5 69 138 143 55 62 131 252 145 48 234 192 236 162 122
    122 137 68 242 168 191 201 115 86 214 69 96 121 190 15 68 204 185
    104 52 178 64 37 39 254 202 25 126 232 239 249 16 216 76 234 149 236
    220 124 176 81 254 195 189 48 235 20 238 228 154 153 124 0 112 225
    41 15 8 242 217 196 224 223 200 87 2 63 112 243 90 145 94 177 91 127
    30 97 66 178 213 193 8 20 180 98 148 227 182 232 176 3 74 146 97 0
    76 160 44 115 216 68 206 212 67 248 133 181 102 31 23 181 175 102 44
    62 1 237 29 22 127 13 92 247 122 27 132 178 48 173 173 242 17 130
    174 112 17 254 160 72 53 116 254 131 234 250 89 198 102 122 33 123
    240 129 22 113 211 206 151 16 105 123 128 22 62 153 172 183 76 0 21
    200 244 21 192 84 101 26 16 33 70 40 224 45 15 110 158 83 131 156
    237 82 19 245 33 222 235 163 49 215 227 45 145 112 34 243 244 141 15
    41 30 120 82 217 103 135 223 40 194 210 46 247 146 235 181 184 6 58
    213 233 172 142 92 98 222 140 222 65 184 95 47 189 231 204 5 196 153
    18 197 210 189 12 161 251 112 176 29 35 179 134 246 185 207 240 210
    73 48 83 163 244 161 112 243 247 182 116 234 112 14 43 134 13 255 46
    213 255 235 197 94 21 37 122 40 209 197 46 165 206 230 2 216 24 228
    62 140 208 124 10 0 212 246 220 205 202 203 75 156 6 28 28 9 199 138
    249 134 93 221 56 190 179 198 153 128 6 44 92 132 82 218 206 242 189
    77 10 37 185 162 110 147 103 13 178 242 236 9 116 249 233 59 203 154
    199 159 88 12 183 104 84 113 133 197 204 42 65 251 2 190 214 235 199
    137 1 232 238 195 2 61 232 160 109 28 40 202 195 21 107 155 60 44
    159 130 232 38 205 65 159 199 209 185 216 81 84 202 85 246 74 155
    162 70 79 201 125 122 222 109 179 196 8 84 233 162 0 231 82 197 218
    101 140 59 10 116 222 158 166 39 197 179 26 149 241 111 126 98 210
    91 32 83 222 171 246 42 191 126 87 190 72 106 25 168 196 226 99 5
    232 229 214 39 105 204 159 2 31 163 195 18 147 208 229 146 43 42 2
    107 31 72 108 155 254 101 132 33 145 151 214 66 5 142 46 126 177 234
    200 250 196 245 134 50 123 33 189 120 167 32 154 113 54 249 211 80
    159 14 27 52 18 108 56 111 175 75 244 100 113 212 186 254 232 167 40
    85 100 87 161 21 133 142 73 241 237 167 177 222 197 54 47 60 64 145
    116 198 118 16 214 205 200 86 54 240 18 19 129 72 20 211 200 201 18
    249 179 35 172 51 116 125 28 185 120 80 72 177 216 251 250 164 198
    81 68 103 77 193 0 4 254 20 223 0 235 196 56 140 192 229 11 141 123
    240 137 46 223 104 110 8 161 124 224 10 81 45 195 232 89 66 161 59
    117 184 146 30 154 111 174 229 164 158 132 50 78 121 157 11 234 226
    62 245 230 200 14 121 41 112 176 160 178 136 191 73 50 227 248 162
    11 5 103 62 211 233 183 202 159 251 11 58 106 173 123 159 78 191 68
    164 45 240 131 63 142 14 103 211 66 6 49 127 211 242 147 52 148 17
    243 233 196 67 179 9 3 216 78 36 163 169 194 2 20 8 135 45 23 80 255
    94 145 27 193 155 213 1 2 96 206 20 62 233 117 49 68 42 61 18 195
    107 110 212 171 99 169 126 110 151 61 113 138 233 220 140 14 50 183
    133 166 65 142 123 202 86 118 80 76 233 181 107 76 17 14 230 105 246
    99 183 82 210 31 13 119 44 152 181 78 213 38 55 211 224 75 234 198
    167 80 112 217 164 245 144 79 77 169 222 80 110 133 70 211 99 122
    216 58 56 178 6 215 202 230 6 82 96 220 190 43 195 186 216 15 0 111
    25 119 100 55 73 221 197 246 97 234 251 138 82 115 166 110 6 172 13
    9 185 175 213 52 190 228 155 50 174 128 138 209 85 222 17 43 33 157
    202 113 188 223 144 153 114 230 202 163 66 117 3 152 31 56 142 176
    119 43 76 80 82 53 71 61 31 119 114 203 24 204 150 202 54 132 2 122
    80 75 248 90 7 135 211 17 136 10 107 218 18 86 2 86 191 25 156 181
    177 109 118 39 136 236 182 125 253 84 90 194 172 126 144 2 121 24
    109 131 254 92 253 146 82 22 208 42 130 108 122 161 121 178 64 116
    113 88 233 79 53 157 219 8 23 122 232 155 170 155 139 90 113 163 172
    28 154 191 143 234 237 97 106 51 254 207 206 186 220 35 225 183 64
    21 244 231 200 54 208 96 52 95 119 105 204 129 40 116 96 183 64 43
    102 74 181 72 74 193 229 59 181 203 112 184 8 92 207 134 196 160 131
    141 255 85 70 97 216 134 252 186 176 5 127 195 253 55 204 93 73 124
    119 64 163 37 167 98 29 56 182 231 228 193 158 203 192 164 252 208
    45 230 72 46 99 227 151 7 179 63 29 19 151 187 48 43 51 202 36 13
    108 134 16 18 61 233 243 217 168 46 65 102 219 11 73 66 91 158 125
    76 169 141 209 241 131 133 187 90 121 193 176 189 81 122 124 240 121
    77 11 210 228 243 97 197 0 168 239 71 189 83 188 148 241 86 2 157
    108 221 64 119 195 142 254 115 56 90 200 118 2 129 250 2 189 80 90
    32 41 168 38 42 143 237 0 210 79 119 248 182 177 27 238 235 109 137
    255 69 245 154 188 220 171 174 118 77 155 81 81 102 113 72 255 249
    16 164 3 44 88 205 243 242 76 122 69 185 226 129 78 191 20 167 146
    111 240 174 198 73 125 87 171 176 202 127 212 16 41 215 191 163 52
    73 28 81 7 92 0 30 136 201 250 11 41 62 75 233 47 51 175 69 211 212
    110 124 231 227 33 196 156 105 248 26 24 217 32 250 208 22 76 64 73
    21 137 255 141 177 230 49 185 136 43 107 79 185 125 19 182 127 240
    235 27 254 120 9 61 197 110 190 253 217 204 241 227 208 58 32 1 68
    107 59 88 0 253 160 179 171 74 176 222 226 122 8 150 179 30 106 41
    43 201 142 47 143 139 29 101 1 218 110 110 160 143 239 46 114 55 93
    61 180 242 166 180 108 150 46 244 79 26 192 225 189 43 232 9 124 203
    104 226 47 69 232 155 87 117 242 83 230 215 113 202 205 11 242 49
    127 38 200 209 72 119 100 74 133 87 51 168 65 153 184 22 8 130 148
    152 255 160 22 58 129 140 219 63 12 174 252 41 81 240 13 14 51 228
    32 181 170 158 182 105 224 166 248 43 76 59 226 87 213 121 28 78 112
    13 222 184 160 195 45 50 111 103 21 128 134 185 207 116 65 132 10
    217 147 117 211 128 107 94 95 248 245 208 126 246 152 203 231 96 240
    158 57 182 36 145 191 97 14 136 45 47 29 131 160 221 100 32 220 68
    42 79 166 128 213 161 56 197 181 168 247 66 21 72 181 255 28 112 16
    110 118 35 218 86 216 49 1 53 19 78 179 96 212 173 69 240 115 107
    227 217 253 169 187 55 61 190 158 128 206 158 211 136 42 127 25 80
    127 24 49 125 106 154 81 61 99 149 99 29 67 91 124 143 54 57 35 44
    162 29 238 71 127 219 109 74 24 44 46 182 103 219 239 90 149 61 58
    198 147 231 240 27 108 101 93 102 167 5 139 206 92 160 250 99 48 169
    187 50 149 184 133 17 136 48 120 91 208 94 236 207 26 57 201 181 121
    192 247 241 228 65 43 137 242 170 235 23 0 34 226 24 219 141 45 225
    196 117 169 146 103 72 193 248 141 35 30 158 115 192 216 29 134 86
    133 90 143 145 150 81 61 146 36 28 3 94 28 162 172 58 126 115 125
    109 38 1 120 127 153 97 168 229 239 203 148 206 43 96 50 51 200 174
    16 150 46 166 27 69 71 153 47 107 77 87 159 91 173 214 223 174 253
    85 47 42 151 87 241 222 43 30 94 9 45 207 29 176 197 253 112 5 222
    148 208 222 108 121 160 21 247 189 222 64 35 193 235 200 78 236 106
    179 229 135 151 213 151 223 207 232 120 207 222 152 132 136 58 83 30
    20 206 239 6 179 235 99 54 84 117 212 51 63 85 22 164 117 88 154 64
    33 247 37 242 245 238 209 43 0 209 183 246 27 99 127 82 53 121 49
    247 88 16 217 69 170 205 41 225 234 89 188 134 198 64 15 197 81 237
    6 220 231 41 18 228 192 40 32 220 204 232 109 237 133 164 251 134
    159 31 108 209 189 236 121 81 165 239 231 122 80 117 89 159 232 163
    187 167 95 61 85 206 144 113 24 203 225 201 100 157 100 221 82 139
    44 238 22 113 124 23 239 12 248 21 154 76 72 150 22 73 166 243 255
    156 231 176 242 41 201 17 252 102 46 235 221 193 230 170 205 56 110
    155 184 91 114 234 120 0 241 202 98 66 121 97 27 54 82 190 234 40 77
    17 107 219 250 253 127 251 194 166 131 215 106 205 65 66 119 234 20
    23 121 84 6 57 241 17 19 197 221 38 74 44 243 64 107 207 134 79 14
    35 203 47 109 18 14 234 178 126 216 228 208 94 57 42 173 136 2 137
    16 70 121 184 168 77 161 93 166 41 144 152 162 68 98 32 45 195 48
    172 245 61 220 84 67 10 213 186 171 174 17 112 84 152 126 144 51 80
    51 227 157 69 176 104 90 102 195 87 214 124 225 195 141 168 218 55
    183 13 95 142 218 245 54 48 70 62 238 93 21 175 94 31 30 4 169 160
    56 65 255 212 236 183 196 240 158 119 111 44 232 245 248 64 145 79 1
    64 74 115 130 77 14 61 245 198 82 93 204 125 172 49 47 26 22 149 94
    153 185 136 39 171 67 124 171 107 3 113 54 168 90 92 250 191 120 205
    194 222 9 129 195 147 133 100 196 177 122 87 144 8 64 222 223 138 20
    98 191 185 231 210 254 77 255 246 123 250 40 111 191 213 64 236 52
    111 253 90 116 194 204 50 213 127 250 189 189 77 230 73 93 214 203
    228 53 190 104 228 105 11 143 114 130 19 85 47 168 249 242 235 181
    219 71 140 0 98 30 147 204 44 30 37 77 128 94 83 49 54 64 28 183 65
    94 14 97 137 134 146 52 191 47 149 233 48 177 70 204 53 216 154 78
    38 1 203 70 116 53 243 169 253 34 94 125 68 229 69 166 56 125 178 75
    209 109 106 173 174 196 118 182 118 3 175 173 246 0 39 82 58 184 219
    127 148 192 195 204 201 68 135 243 205 192 233 62 38 38 75 209 32 54
    12 173 171 28 61 152 17 237 92 242 95 187 30 202 0 23 16 215 70 183
    133 12 46 17 224 237 24 25 220 199 191 57 225 63 66 211 240 151 169
    199 74 60 78 19 16 180 50 74 193 202 69 100 40 12 149 13 243 97 154
    74 52 141 225 45 198 167 142 108 200 252 171 174 114 75 246 179 60
    229 59 241 170 80 68 206 199 165 160 237 135 175 96 196 86 135 79
    240 43 213 9 129 84 128 111 222 33 249 200 64 26 150 3 95 226 166
    104 120 225 234 96 138 203 97 192 28 219 121 122 196 194 240 174 74
    199 185 53 128 244 45 86 145 83 242 130 44 50 9 48 248 38 146 230 35
    59 100 140 73 133 252 147 31 76 131 124 186 59 179 246 125 73 157 78
    75 237 141 2 63 28 0 86 65 151 232 100 51 114 248 103 204 125 69 8
    247 58 99 44 209 48 124 238 224 217 52 254 221 126 181 227 13 144 11
    92 43 220 43 249 175 56 178 225 80 19 147 41 55 58 195 155 35 81 253
    88 17 102 238 230 8 255 66 35 51 47 38 172 47 51 125 165 142 202 47
    169 247 22 159 32 23 155 241 94 235 37 181 182 156 236 163 137 23 76
    120 208 180 191 65 49 0 65 40 177 243 109 121 171 231 32 219 202 194
    181 105 49 220 161 223 62 206 10 99 21 53 76 182 152 47 183 95 164
    154 190 59 160 159 108 86 20 141 72 228 149 223 30 101 169 41 181 30
    235 237 213 156 0 71 249 45 206 217 71 67 246 10 80 192 81 211 37
    187 225 188 158 35 55 95 24 240 248 149 217 166 207 210 89 186 119
    98 197 14 18 6 200 32 98 18 234 158 157 129 40 80 6 226 113 99 199
    60 16 170 59 71 139 9 249 111 107 144 179 244 7 0 199 158 9 64 204
    223 199 19 237 206 167 2 231 66 21 151 206 42 32 97 138 87 3 231 89
    255 32 234 121 212 244 214 203 7 140 120 45 54 227 63 104 5 204 190
    45 92 155 172 4 228 206 210 118 178 159 226 248 57 183 163 140 253
    93 160 14 21 239 64 88 255 111 88 203 177 190 25 18 216 235 126 212
    130 42 223 189 254 128 53 236 122 120 154 113 71 52 180 231 115 69
    228 208 31 33 195 207 123 36 160 140 74 119 26 88 12 60 190 64 161
    112 10 213 82 251 93 74 77 100 161 87 96 39 40 101 137 181 101 128
    131 4 252 31 175 40 86 54 154 83 46 27 167 189 186 241 109 153 23 55
    117 231 124 139 83 202 154 67 43 138 250 57 238 183 91 17 60 74 129
    49 208 64 91 100 2 122 210 216 37 202 54 53 82 202 172 173 26 222
    197 8 186 31 111 93 132 6 228 166 98 22 132 136 210 254 196 125 53
    237 76 194 16 190 189 136 133 62 68 186 234 139 44 106 144 48 15 51
    53 7 197 184 155 34 10 185 1 234 24 133 165 41 38 23 195 134 68 66
    79 96 58 63 35 27 58 135 126 205 176 147 211 134 131 73 246 181 107
    225 7 220 102 212 67 118 108 219 65 196 109 84 176 52 245 215 172 92
    35 12 167 38 247 101 179 90 120 230 180 112 180 168 173 171 107 90
    157 46 196 166 236 58 2 74 44 233 170 130 251 155 113 124 77 21 61
    213 55 123 63 66 80 14 114 140 190 101 235 221 176 183 125 85 57 58
    117 128 48 70 6 57 211 172 196 233 215 139 189 87 169 4 21 79 170
    226 75 106 236 137 36 68 153 124 235 194 241 77 29 210 122 162 156
    237 197 240 185 210 145 41 69 34 50 1 206 148 128 222 11 87 108 154
    78 79 93 217 198 115 65 61 158 78 214 212 34 191 14 213 145 236 63
    206 225 90 69 69 125 142 58 164 202 62 83 123 223 245 127 197 188 5
    141 52 110 202 130 223 227 18 108 227 160 145 33 20 33 146 137 119
    106 249 134 224 205 154 186 124 181 172 84 147 54 102 151 209 65 98
    153 194 230 137 58 220 51 27 236 185 48 6 218 128 66 145 3 19 20 80
    129 75 188 6 97 28 244 238 224 178 233 182 194 66 37 114 36 81 99
    237 104 115 206 244 242 183 124 115 197 98 244 95 68 117 54 216 154
    98 66 154 170 178 73 248 45 58 101 112 8 140 75 99 17 117 16 187 83
    235 98 83 18 141 177 137 71 242 199 130 102 4 128 91 126 178 159 120
    22 95 0 206 189 203 43 92 73 106 198 140 169 161 50 116 219 189 152
    39 148 237 245 238 156 73 77 110 55 157 153 87 39 152 75 55 133 135
    86 243 150 166 35 95 148 151 178 187 190 63 70 111 212 115 42 249 94
    29 135 115 185 81 99 255 159 59 10 39 160 68 61 39 162 34 42 67 17
    18 245 134 145 186 223 54 176 48 113 142 230 73 198 6 29 193 13 124
    36 135 236 206 220 61 168 39 198 221 74 190 104 9 223 236 242 58 121
    74 24 155 200 161 176 56 240 152 20 172 128 239 251 9 205 106 212
    104 227 251 186 39 41 92 59 39 1 111 147 9 27 241 249 210 147 14 239
    108 113 201 188 126 130 32 184 105 183 207 167 192 218 110 111 56
    146 231 176 126 89 110 30 0 92 121 158 160 7 212 224 140 250 71 65 4
    0 45 133 216 112 13 187 12 130 118 7 118 14 67 117 165 217 124 105
    82 78 92 64 149 214 93 82 79 92 186 230 235 116 74 164 186 28 178
    131 106 220 39 231 192 193 150 223 67 171 56 151 234 1 192 184 128
    232 119 51 149 85 64 76 122 222 47 117 1 19 223 80 174 132 242 131
    100 153 6 118 43 70 35 73 144 252 139 222 147 213 127 194 245 231
    145 215 45 206 77 2 198 45 227 83 130 77 137 55 200 38 173 152 44
    159 213 109 247 198 199 70 233 110 10 175 101 127 70 39 173 123 157
    167 183 192 163 160 143 92 127 241 185 83 188 154 170 253 113 156
    245 103 111 228 226 248 141 134 84 155 237 53 98 103 128 26 164 120
    104 70 105 22 203 208 235 30 183 49 165 134 105 208 178 198 1 30 253
    109 208 251 106 73 9 183 103 32 7 115 62 106 166 178 17 131 99 250
    167 36 255 169 218 105 11 15 149 179 224 225 254 106 123 80 147 3
    190 30 231 121 6 70 36 200 13 35 47 90 179 23 173 186 112 36 110 207
    38 164 250 222 35 43 197 161 85 61 57 239 55 84 190 135 51 62 132
    209 238 36 103 141 39 120 13 219 99 181 181 166 83 168 6 40 45 251
    112 153 242 146 111 62 242 196 136 196 107 211 154 181 169 203 184
    101 198 67 172 246 220 108 78 33 19 74 129 122 99 118 171 139 214
    125 163 68 71 92 39 183 119 112 65 32 150 228 240 55 101 81 0 8 80
    116 151 133 38 197 87 241 29 50 145 52 23 245 56 139 132 36 164 66
    119 31 6 120 51 195 80 85 106 255 148 118 31 85 105 30 48 4 167 89 6
    76 114 188 19 73 71 108 108 150 117 230 113 130 87 135 59 197 38 146
    145 206 140 232 208 227 202 100 219 82 184 215 44 111 224 162 205 85
    198 244 243 96 82 150 30 129 223 235 133 171 208 13 137 14 241 46 54
    30 38 103 172 53 251 177 69 20 236 82 94 231 161 10 125 159 87 87
    250 11 44 174 159 168 146 77 9 223 246 238 206 121 85 180 80 191 221
    138 237 221 52 113 227 133 223 153 170 66 38 188 225 251 82 210 147
    128 120 249 138 86 143 48 30 65 241 65 18 7 20 37 171 71 228 158 205
    130 171 235 21 224 207 234 234 96 122 241 56 204 139 47 157 250 97
    87 197 180 124 64 101 204 254 103 180 209 98 252 249 98 25 115 214
    97 73 216 4 172 250 166 171 232 8 125 156 102 84 224 14 237 157 64
    130 251 210 88 151 22 40 35 213 168 152 13 172 129 195 151 26 214 75
    31 118 100 83 0 203 197 126 106 230 24 183 132 254 24 167 85 114 112
    101 174 236 143 143 121 149 86 117 248 154 45 157 49 228 134 155 18
    246 253 117 33 194 83 103 209 149 226 157 208 102 107 133 26 13 63
    37 170 165 78 193 66 132 23 144 52 190 194 240 176 255 175 113 52 82
    137 214 6 248 49 133 169 40 98 48 180 84 79 20 76 253 17 224 103 42
    14 191 132 101 149 1 163 10 217 106 23 146 61 163 243 80 44 211 82
    51 34 85 58 239 35 107 86 252 190 118 103 116 26 80 106 204 139 60
    104 112 70 185 234 7 135 30 12 234 149 191 45 39 236 203 128 153 59
    64 246 194 239 26 213 99 150 78 157 53 5 62 66 245 199 5 203 129 10
    21 248 182 42 129 38 113 220 235 55 122 249 155 66 255 66 210 182
    203 210 119 57 78 178 112 206 249 111 71 78 15 245 142 61 237 245
    243 210 167 253 166 238 105 15 71 231 64 18 0 238 100 145 21 177 174
    89 120 208 118 136 236 252 193 43 53 9 204 28 194 157 1 206 217 249
    188 138 102 64 44 252 52 98 69 38 222 64 5 211 176 19 9 114 165 43
    233 27 223 138 44 71 44 117 99 81 191 93 11 95 239 6 160 132 184 61
    234 169 152 110 232 41 28 24 6 162 165 80 23 231 251 250 209 88 18
    173 31 120 225 33 186 78 184 195 58 209 69 156 155 156 180 133 98 99
    77 91 183 218 58 101 203 227 115 42 117 123 189 146 48 217 26 229
    223 240 37 214 90 98 173 54 12 109 158 99 146 103 85 211 222 165 235
    149 200 100 234 170 125 175 186 112 82 149 168 134 195 78 211 16 219
    36 72 44 94 0 72 235 66 56 7 91 173 186 111 5 65 186 102 76 251 254
    78 137 19 118 140 27 81 124 249 96 198 18 120 111 20 1 183 150 164
    178 148 184 203 0 103 31 254 73 71 156 48 173 91 16 143 21 234 205
    64 1 137 119 167 141 67 189 178 111 110 156 6 129 216 117 35 20 134
    124 59 61 234 5 252 237 25 131 24 34 204 220 149 49 50 180 129 251
    233 212 35 244 226 88 247 117 91 8 102 255 43 88 1 24 177 39 101 199
    242 62 35 60 240 104 161 169 75 242 67 153 239 213 77 48 19 142 54
    191 213 66 151 30 91 45 152 52 92 18 139 86 84 189 44 1 198 8 143
    164 156 139 216 183 116 23 106 7 50 19 10 41 167 178 79 176 121 123
    24 156 158 122 116 214 51 66 56 64 105 63 79 198 236 123 187 245 222
    250 160 249 237 30 58 188 122 158 159 250 217 71 18 107 62 105 239
    25 243 78 35 247 101 104 220 61 186 136 125 31 147 27 138 216 69 85
    197 45 43 108 165 191 142 90 66 232 47 40 102 78 191 136 82 222 220
    148 34 149 99 229 165 204 72 172 43 18 8 245 127 133 253 120 88 209
    100 148 246 195 224 2 162 50 0 34 152 20 63 208 48 50 206 249 233 49
    55 35 28 169 9 171 167 159 208 74 229 134 216 81 229 116 135 65 147
    38 56 221 171 205 212 128 115 85 115 111 242 220 199 224 187 138 225
    77 126 2 116 105 244 153 6 244 74 222 25 191 16 30 210 200 68 189 21
    185 46 247 131 217 26 85 139 159 25 20 174 17 111 239 111 199 124 75
    109 153 127 184 95 183 87 48 31 50 161 170 36 228 47 141 164 61 107
    179 211 46 76 15 195 189 254 170 165 105 40 219 30 14 219 173 63 145
    235 222 78 75 119 61 248 129 37 121 199 196 92 180 199 249 43 150 2
    62 47 206 248 250 240 22 39 135 112 225 212 125 129 115 30 187 128
    200 159 244 199 41 187 101 248 242 167 87 148 230 51 205 102 165 158
    137 132 254 63 5 172 192 220 251 15 86 141 68 0 97 186 255 172 174
    68 50 125 54 139 26 115 115 4 145 206 106 220 77 22 14 60 173 177
    221 181 16 92 46 98 170 148 181 155 56 197 160 242 33 210 82 6 199
    202 229 223 42 173 127 81 64 14 104 181 52 44 91 36 160 142 93 158
    147 197 112 154 51 105 142 69 229 81 143 171 208 240 18 99 26 42 107
    155 75 148 240 111 55 24 234 37 82 254 151 172 240 207 59 176 236
    233 45 87 143 251 58 5 58 49 81 200 128 201 141 139 42 160 54 161
    186 104 188 13 61 219 246 247 132 19 194 63 57 89 17 41 144 83 9 187
    55 237 240 33 193 225 13 221 195 65 65 168 64 41 84 188 92 61 38 177
    32 35 125 165 163 167 33 44 55 201 187 134 231 168 122 217 73 53 156
    201 204 252 144 240 7 3 34 17 236 216 128 66 39 238 156 127 26 172
    80 80 183 102 218 91 204 209 43 233 193 103 30 168 197 223 234 181
    187 1 56 124 67 246 72 200 34 139 7 5 86 219 175 12 243 96 187 207
    40 67 234 227 245 12 104 143 116 160 97 60 44 111 121 132 139 226 29
    89 67 11 114 242 233 93 183 150 223 72 236 139 31 10 113 96 22 238
    164 136 203 49 115 99 7 15 56 220 85 131 41 35 223 213 224 236 194
    131 119 255 188 161 17 117 59 14 59 73 158 112 218 204 210 215 250
    135 79 250 150 164 128 0 0 118 81 136 76 91 77 222 16 160 56 53 28
    108 158 181 174 21 127 74 199 147 73 164 223 73 60 77 137 20 29 42
    162 79 176 244 171 91 99 111 224 24 177 234 25 110 173 50 116 164 22
    64 122 215 43 76 114 102 54 99 116 107 169 217 139 82 237 54 109 255
    119 183 224 162 141 59 180 169 142 224 182 49 63 78 126 33 61 228
    231 160 57 40 208 89 166 25 191 187 108 22 84 179 186 65 152 96 15
    92 9 178 25 208 83 32 87 242 139 199 32 79 241 244 167 114 103 29 83
    122 0 20 38 95 67 150 215 211 44 58 73 228 75 151 156 250 159 96 116
    25 69 3 16 194 201 218 141 132 9 215 204 84 126 31 234 170 116 100
    144 89 199 232 197 20 70 27 147 192 250 0 170 3 228 232 72 11 28 222
    146 214 3 238 118 1 113 221 128 87 211 236 229 56 84 90 88 40 77 215
    58 144 221 196 161 30 124 222 178 215 55 241 62 151 37 97 113 181 32
    135 196 65 117 106 193 130 72 19 75 178 32 88 231 252 97 177 226 180
    239 44 145 79 241 147 69 134 116 81 101 84 235 176 53 104 172 214 47
    89 163 183 68 213 155 162 76 87 95 171 212 6 223 73 157 11 181 214
    54 132 213 161 250 152 246 141 0 146 63 91 206 190 155 157 110 75 13
    64 113 99 152 93 138 82 84 197 111 100 239 171 99 101 220 73 152 186
    232 159 248 221 71 178 150 160 190 60 141 11 88 153 125 176 130 180
    16 127 209 178 152 115 77 116 196 133 137 222 177 217 29 28 112 71
    181 134 125 251 136 141 208 33 255 254 56 129 122 251 97 0 208 54
    105 120 1 152 221 97 157 16 115 89 200 67 117 139 212 155 192 144
    193 51 49 100 230 22 205 49 254 79 160 21 216 92 255 198 191 208 1
    181 59 172 197 237 0 31 95 245 123 148 70 230 44 69 99 234 4 28 194
    16 71 216 176 96 43 25 69 60 32 223 198 74 244 243 95 247 141 15 166
    118 39 87 21 54 92 188 48 11 51 0 213 247 201 182 204 140 87 148 121
    78 83 158 15 103 58 126 92 187 91 2 164 186 21 71 102 41 172 254 163
    182 196 203 93 2 99 217 206 19 68 58 206 45 209 220 135 212 20 147
    141 211 90 184 108 99 175 137 213 72 166 254 16 55 152 10 159 122 29
    75 29 92 249 148 60 248 86 76 148 90 159 100 50 237 179 130 216 227
    162 224 16 25 96 149 87 150 55 132 30 153 146 129 165 43 137 255 251
    156 125 26 180 90 46 94 69 102 223 102 104 231 149 199 233 37 178
    218 97 57 128 61 247 123 36 232 149 206 201 50 179 131 141 22 111
    113 194 157 120 8 166 227 117 42 70 8 181 29 181 28 172 45 33 217 44
    221 31 73 33 143 40 14 175 83 247 180 243 189 209 228 111 204 239
    226 125 193 161 78 189 100 248 49 14 50 108 49 153 95 124 215 54 244
    103 114 177 67 192 229 86 32 48 227 34 170 87 160 100 171 228 212 84
    254 78 104 244 167 142 100 181 69 184 50 201 208 53 31 90 245 125 82
    24 64 55 158 136 59 216 225 53 158 92 113 84 18 217 96 50 254 42 11
    153 136 51 108 33 235 81 8 41 169 44 63 195 225 81 30 236 34 193 141
    206 117 135 143 63 119 1 21 115 201 219 78 128 246 40 35 192 146 229
    44 251 94 16 200 213 74 173 216 194 176 33 255 139 116 135 64 169 29
    249 52 206 182 93 171 148 64 107 175 59 249 194 62 32 227 159 1 245
    170 208 6 147 183 33 98 88 218 23 123 137 133 47 99 93 200 147 76 16
    99 83 235 184 46 195 155 183 7 44 52 180 184 200 213 134 101 40 0 69
    43 32 60 13 140 31 72 154 140 229 77 91 119 45 224 99 132 221 41 105
    2 154 162 16 169 98 97 196 63 217 173 100 250 208 189 102 245 47 98
    106 122 241 77 169 139 18 157 197 10 232 176 82 118 6 188 46 237 188
    17 193 222 192 101 170 192 95 106 67 78 193 171 250 16 117 8 154 34
    55 158 139 104 162 60 186 108 103 40 248 133 168 191 25 86 154 7 97
    190 84 29 31 88 45 196 215 201 235 6 210 135 105 38 113 166 9 51 210
    241 204 76 144 164 177 101 9 172 125 245 212 120 68 161 215 59 161
    209 177 190 187 40 170 255 234 98 86 177 98 128 34 85 133 130 20 223
    254 8 144 238 182 174 239 35 144 207 13 78 196 226 23 27 84 92 141
    69 82 240 43 149 87 67 71 169 187 198 227 150 145 7 236 174 157 99
    38 3 57 146 72 61 101 185 118 172 42 199 157 89 46 189 194 222 60 55
    253 119 183 43 8 44 101 125 157 95 87 198 50 130 159 162 208 44 56
    68 108 250 104 136 217 219 172 111 174 250 115 12 133 48 150 3 103
    196 111 13 96 227 36 224 183 155 6 7 54 22 222 71 78 228 93 127 5 6
    216 77 191 169 129 99 146 10 51 33 141 31 129 115 39 109 35 238 140
    8 51 21 15 194 173 49 161 17 21 129 67 148 111 175 209 18 91 226 31
    23 100 211 108 42 251 138 8 186 200 108 253 22 134 238 149 32 225 85
    94 218 92 174 221 60 124 216 123 247 219 59 24 49 127 72 250 28 232
    147 172 250 24 34 34 202 171 221 129 175 79 231 227 12 176 217 252
    193 7 138 223 122 110 20 242 186 143 80 148 249 70 64 108 43 213 14
    85 34 7 146 149 100 219 79 84 158 189 156 155 250 190 23 189 59 131
    52 88 80 196 175 235 77 81 1 83 159 149 253 62 105 41 99 177 210 122
    207 108 89 254 75 210 157 74 191 211 151 81 228 127 45 83 247 115
    119 128 235 184 244 88 158 161 122 195 243 131 111 59 221 83 190 16
    230 124 227 54 139 89 6 187 164 56 79 169 17 24 184 197 136 46 221
    242 108 181 213 248 175 65 152 142 115 226 182 22 195 31 75 73 201
    113 59 185 118 25 221 56 33 20 37 1 94 209 126 133 189 187 41 217 15
    85 50 108 190 82 35 250 17 66 14 68 73 79 218 216 177 253 37 98 87
    138 111 63 124 39 113 79 218 65 184 241 88 42 89 100 23 9 234 252
    175 121 160 72 21 198 165 84 75 77 172 199 93 147 41 110 41 20 32
    127 54 50 247 119 183 101 163 110 9 235 21 71 231 88 64 59 156 163
    172 32 250 185 220 166 99 71 192 244 231 55 74 6 48 99 180 105 187
    228 80 210 173 44 35 88 157 22 44 110 43 127 146 88 15 150 81 123 25
    131 204 41 34 92 108 171 212 55 195 94 133 149 158 245 251 218 163
    235 179 16 9 140 158 244 93 98 194 28 242 247 186 133 181 179 161 23
    4 65 9 136 47 150 103 219 185 176 155 162 23 31 182 25 83 50 123 251
    32 220 161 90 156 150 48 66 61 116 107 232 217 150 88 149 113 116
    148 80 33 12 118 63 205 0 144 99 92 97 236 155 83 137 18 247 13 16
    117 156 176 201 145 220 195 21 185 184 54 27 134 227 52 252 45 117
    107 54 194 169 39 17 152 58 182 237 201 189 209 125 108 137 144 89
    94 121 96 80 5 74 176 183 155 47 175 182 53 16 134 115 250 18 179 97
    39 230 225 92 198 189 42 199 56 210 218 44 154 150 194 28 223 134 60
    203 158 34 74 173 89 105 63 202 76 66 41 57 224 124 19 229 62 160
    155 110 208 213 113 222 115 240 147 63 178 56 198 29 229 27 32 115
    43 12 69 188 36 183 159 36 6 149 125 218 32 239 134 185 12 121 126
    26 27 6 157 15 178 194 212 23 141 108 140 158 178 199 69 229 1 238
    128 31 94 13 167 127 40 147 96 15 2 168 79 101 90 179 124 26 18 16
    159 247 98 243 138 173 86 207 201 72 121 239 131 225 104 172 31 66
    196 154 48 221 13 230 26 166 248 221 180 239 110 195 2 208 147 189
    51 194 56 111 56 113 180 53 81 154 119 105 7 116 92 5 1 56 122 178
    68 119 224 1 9 140 178 199 219 221 41 9 105 197 249 14 224 36 211
    130 64 189 39 229 203 20 90 99 179 141 187 91 190 159 132 196 86 31
    171 175 198 158 136 206 42 11 208 115 250 42 15 50 150 147 10 6 152
    220 241 37 218 35 5 147 106 103 130 226 3 106 189 248 5 183 200 209
    189 42 14 164 61 37 6 75 190 99 189 47 9 231 122 255 13 204 167 67
    104 81 104 79 53 180 193 123 83 65 77 188 93 241 182 46 199 219 248
    198 176 85 252 13 1 194 64 120 143 224 92 129 252 148 69 56 74 71
    203 98 29 190 73 234 112 7 87 236 85 13 8 27 97 56 146 176 37 53 153
    99 91 193 221 186 70 211 105 44 234 106 69 44 10 47 182 189 44 234
    178 75 132 160 87 30 84 98 99 188 21 186 0 123 106 80 215 239 44 75
    223 147 101 236 50 41 238 56 168 225 198 203 27 153 149 94 112 139
    77 39 27 26 60 178 108 80 51 239 64 67 133 71 148 80 235 200 101 48
    33 83 165 168 179 152 168 33 116 26 58 35 249 141 175 219 71 217 50
    195 128 104 132 95 133 44 95 100 248 23 74 227 17 229 134 15 13 148
    113 121 159 85 242 192 145 238 120 208 228 237 196 209 110 60 245
    142 95 157 111 166 233 218 57 247 105 254 166 64 14 206 124 94 30 63
    179 120 14 94 107 252 127 158 14 140 39 209 228 29 218 23 60 112 2
    78 53 203 100 211 147 28 54 226 47 243 84 0 90 27 74 25 35 64 241
    144 226 23 93 190 103 238 10 205 183 118 145 104 30 196 117 156 110
    18 58 96 204 21 48 232 87 211 210 4 45 249 135 227 62 145 108 103 76
    182 78 177 103 75 145 62 151 238 30 164 232 245 78 155 77 237 108
    125 191 254 147 154 173 100 237 119 196 122 173 113 1 67 200 17 164
    53 55 7 123 236 128 198 37 19 193 253 14 26 139 226 199 77 6 148 228
    215 250 255 18 93 240 145 156 251 9 247 222 36 154 27 115 33 120 194
    210 240 177 203 103 37 87 53 234 27 190 138 117 54 136 178 18 229
    182 235 12 18 73 108 149 227 92 114 46 28 80 38 95 49 63 104 140 194
    23 214 45 197 180 114 230 33 255 80 221 202 232 106 152 154 121 134
    28 207 156 250 206 4 131 8 59 208 177 177 127 251 62 35 48 49 73 84
    166 57 223 85 193 56 153 255 138 93 179 127 246 189 255 6 198 238
    210 183 103 97 23 90 92 126 47 2 144 120 185 3 146 242 108 12 149
    136 154 195 109 147 146 103 70 12 62 88 178 48 213 170 64 178 136
    223 58 138 174 27 17 154 79 161 60 136 183 146 151 148 11 248 205 82
    89 146 196 37 126 43 121 10 175 52 47 45 215 181 112 142 136 42 115
    90 80 182 138 211 169 5 82 157 49 85 30 199 114 176 190 137 123 170
    211 188 244 15 10 221 211 201 183 138 176 245 127 103 74 13 215 3
    111 185 29 170 158 115 233 81 240 136 173 163 133 153 58 3 226 17 28
    8 57 170 194 133 152 228 82 165 126 105 193 134 187 21 173 181 59
    230 219 11 61 120 81 1 32 64 49 73 74 33 224 176 114 192 208 189 73
    134 38 156 23 180 119 123 225 233 102 78 122 174 144 218 254 26 45
    233 27 143 167 21 132 118 165 230 103 92 199 30 201 215 135 177 86
    233 16 104 131 237 54 3 150 22 38 30 182 229 64 202 6 184 100 244
    251 116 180 92 106 184 12 71 190 247 203 29 177 17 110 87 163 28 152
    234 106 110 233 69 19 192 100 192 51 76 175 106 74 240 110 216 31 61
    236 148 6 112 95 17 51 109 240 135 185 190 4 162 197 144 74 213 78
    141 125 64 41 187 147 55 87 195 198 82 145 38 156 169 214 160 247 72
    196 78 2 38 163 212 138 233 241 252 159 48 236 101 216 94 113 70 25
    72 25 146 2 193 84 182 170 250 29 227 3 201 192 135 49 74 62 23 156
    56 211 60 74 163 18 52 62 173 17 88 87 177 112 43 166 128 203 136
    210 37 173 173 213 179 184 1 195 34 152 192 243 31 11 211 29 74 90
    139 120 36 250 125 158 205 137 104 204 166 241 131 132 201 132 172
    65 176 140 14 46 96 242 248 203 112 23 190 15 90 230 216 42 24 218
    247 124 11 136 122 208 12 158 73 35 18 35 29 40 149 98 89 9 124 161
    46 176 245 42 218 208 164 56 70 28 131 178 136 221 53 169 7 118 89
    98 154 101 242 231 107 138 7 93 254 9 20 38 221 244 93 28 250 222
    172 240 18 111 3 108 93 92 231 58 222 164 98 1 224 1 93 15 71 154
    211 8 108 99 76 251 41 211 145 123 239 83 34 219 151 145 113 125 111
    152 101 194 219 245 224 102 111 217 68 105 172 210 218 42 7 130 109
    42 203 97 215 242 65 234 84 169 58 17 100 253 155 74 12 170 102 137
    49 223 18 211 17 37 89 117 47 145 174 114 21 67 83 177 203 63 146
    105 2 144 75 181 182 55 130 20 90 166 57 222 119 135 158 45 246 46
    92 140 129 214 137 44 133 82 49 85 38 55 194 184 133 185 224 7 229
    146 106 105 5 243 246 90 130 197 20 26 120 190 100 240 57 109 106
    146 137 109 137 226 255 156 108 57 137 248 98 197 99 32 97 21 91 77
    23 5 27 153 243 123 178 65 78 230 44 20 119 85 184 163 156 217 25 18
    151 240 80 0 19 81 234 222 218 0 125 174 245 134 6 102 170 81 241
    185 117 132 199 193 1 61 31 95 109 8 248 130 216 75 3 16 79 52 158
    79 145 192 96 193 18 146 35 33 224 70 212 42 213 14 246 84 202 50 76
    161 174 129 183 70 39 28 141 208 171 118 146 177 92 26 238 57 76 118
    84 160 131 4 237 225 135 91 183 27 97 85 221 38 78 86 105 50 67 147
    95 167 166 48 14 214 106 32 134 68 147 1 111 5 170 207 145 49 150
    188 27 35 24 231 254 1 10 223 70 232 195 2 107 16 253 175 122 125 63
    114 8 208 175 191 177 3 19 219 222 95 156 3 175 66 65 25 151 169 231
    45 84 126 72 126 87 53 223 154 121 57 55 65 63 158 87 218 245 48 93
    162 231 153 152 153 51 211 197 72 16 214 229 78 16 54 68 107 21 125
    4 172 122 165 187 252 151 149 39 0 41 153 162 93 82 57 210 242 208
    166 91 174 84 187 190 185 228 194 164 38 46 140 8 196 24 114 86 43
    174 142 128 49 94 86 11 125 174 133 250 197 161 116 143 140 9 136 79
    99 5 146 59 93 249 69 84 213 233 209 9 183 40 196 196 33 37 247 225
    32 246 240 64 118 92 151 37 120 193 174 80 13 231 160 188 38 83 19
    90 227 133 45 251 5 10 196 156 70 158 85 50 86 251 203 110 59 123 35
    145 217 171 0 75 189 240 160 63 11 183 160 88 222 17 121 142 213 47
    55 46 139 205 58 205 58 176 206 43 65 24 131 249 18 41 250 139 253
    87 10 179 99 71 110 69 235 108 229 130 86 40 62 143 249 127 31 94
    132 249 230 28 76 157 69 22 182 114 71 60 61 209 137 156 105 231 195
    57 71 234 199 70 131 177 229 186 167 201 126 252 81 64 69 2 103 46
    92 31 65 75 24 21 79 36 117 211 32 186 131 27 15 124 13 159 245 17
    224 151 154 228 57 243 79 40 215 232 227 110 75 172 242 51 123 250
    24 90 136 77 124 44 248 32 173 250 152 160 174 70 118 215 106 3 130
    184 19 14 108 212 109 136 66 167 170 193 43 60 227 44 162 64 135 211
    231 107 172 148 193 242 110 159 5 247 224 103 89 138 38 75 84 122
    164 127 221 52 71 91 255 120 99 176 2 236 241 130 3 8 66 91 242 65
    101 121 197 185 129 233 118 151 27 79 214 9 32 59 124 117 110 187 33
    56 153 76 204 94 145 188 175 253 209 211 101 26 59 40 84 247 198 145
    246 92 26 8 146 155 225 64 98 21 195 136 40 91 236 58 50 225 242 103
    57 177 4 17 95 254 139 180 34 111 184 226 12 208 160 38 59 147 139
    97 95 235 93 82 109 76 169 220 64 132 221 205 145 143 134 22 241 63
    23 127 83 161 201 62 19 100 238 3 240 33 147 157 130 13 191 235 31
    90 123 243 132 246 231 80 4 118 252 83 91 231 240 34 129 152 183 239
    247 222 198 254 78 113 60 235 141 84 111 249 39 161 219 22 85 253 96
    54 85 49 215 103 164 56 34 247 83 208 75 24 37 148 153 224 81 142
    244 142 93 70 82 128 254 5 240 199 250 239 162 167 253 20 147 143 80
    3 175 97 51 26 8 91 16 122 185 233 55 88 169 189 118 68 233 197 30
    82 139 209 119 202 127 21 142 199 197 40 116 212 176 212 75 218 38
    129 139 127 164 64 110 90 50 172 88 111 177 66 13 204 160 134 215
    102 16 129 186 68 223 123 220 117 58 197 10 165 31 233 65 200 198
    100 102 86 68 241 227 87 232 78 185 40 227 97 19 193 170 53 247 47
    239 107 121 25 184 0 208 57 124 30 99 56 24 246 60 97 173 224 34 102
    200 207 29 187 144 137 199 27 164 69 225 79 134 82 7 91 10 14 163
    207 90 12 136 167 146 168 150 43 247 82 118 133 228 128 194 213 7
    225 248 170 179 217 192 228 97 41 145 36 165 151 94 149 103 105 103
    183 254 145 254 112 111 133 194 139 33 187 22 123 126 30 231 37 107
    106 48 228 66 209 33 160 221 25 196 161 160 226 84 56 38 193 50 105
    182 107 167 75 105 206 254 234 234 150 250 132 184 106 157 209 128 2
    167 20 56 255 65 205 179 135 21 173 226 71 105 170 140 235 94 167
    241 134 128 123 182 221 208 214 62 34 115 129 182 215 78 226 178 101
    209 55 225 56 196 122 111 232 40 219 56 126 217 147 54 123 156 6 28
    0 108 247 133 15 144 155 153 237 73 99 166 134 70 191 67 168 245 17
    106 42 163 189 140 19 71 179 19 237 174 164 135 218 9 130 179 250
    207 18 109 194 57 194 149 226 130 111 134 132 191 207 22 103 215 6
    191 129 38 9 252 75 81 60 141 253 114 167 117 31 188 58 71 85 175
    195 68 147 65 112 31 91 1 154 113 222 198 107 154 213 240 232 36 61
    108 101 184 75 158 159 75 21 25 184 253 180 116 100 232 202 85 99
    251 147 83 31 234 141 150 126 47 194 185 229 86 244 171 155 16 163
    35 228 222 174 88 233 171 177 243 94 47 194 150 54 169 89 160 28 240
    107 118 30 197 116 48 40 48 2 18 1 120 138 85 50 167 134 117 96 48
    44 146 83 143 6 38 136 178 218 64 124 86 237 239 180 64 31 207 10
    119 51 98 229 19 91 129 236 129 213 98 243 153 25 132 34 75 45 186
    223 151 74 183 171 37 16 30 19 63 5 10 215 229 108 118 171 175 195
    158 243 206 127 54 64 240 199 125 133 113 81 144 205 179 200 99 219
    238 196 230 187 40 184 124 112 211 190 36 104 219 185 60 18 192 85
    33 124 140 241 101 233 195 154 55 20 0 1 87 43 111 233 99 169 123 15
    133 101 16 231 182 7 165 64 226 199 72 110 236 21 114 211 110 239
    244 208 105 196 69 43 43 76 38 132 221 231 126 137 248 87 40 26 187
    83 245 10 147 37 89 41 120 176 208 200 5 230 5 98 50 207 37 82 41
    106 246 160 104 248 109 188 209 125 10 97 197 237 56 254 180 169 193
    171 187 85 3 180 208 205 219 57 164 71 237 23 68 123 112 107 181 230
    255 254 186 147 241 114 100 190 157 107 240 152 220 94 69 63 46 143
    215 88 62 64 119 222 139 78 233 3 20 110 108 52 205 4 133 117 156
    124 86 1 242 39 235 187 248 66 124 141 244 219 2 6 186 92 107 97 96
    207 167 90 176 90 216 214 35 158 190 56 149 128 141 145 225 90 242
    155 124 174 32 179 219 41 126 74 238 86 182 213 182 25 140 25 224
    241 113 160 5 31 227 243 159 65 175 113 130 118 218 81 195 212 152
    54 218 159 156 207 92 31 135 105 80 240 94 1 150 90 169 206 142 219
    227 44 238 184 39 63 111 29 43 18 178 49 160 101 27 11 230 167 239
    57 121 203 169 29 197 64 71 85 18 140 19 200 249 146 14 155 162 130
    179 214 72 67 194 122 154 136 134 10 127 122 5 181 121 213 11 104
    198 66 85 20 180 103 198 103 145 74 222 192 25 227 213 181 136 163
    91 167 76 53 158 168 176 175 200 36 173 240 154 107 147 211 94 21
    168 218 11 99 33 170 22 24 89 106 216 234 47 126 215 88 249 231 131
    71 95 28 74 114 144 86 152 104 144 41 177 59 112 201 219 247 84 150
    238 249 102 165 122 86 6 236 55 69 27 196 203 141 62 106 144 4 103
    162 124 197 64 53 114 173 230 119 79 203 199 54 68 166 35 108 249
    231 139 2 104 170 80 235 51 10 29 21 246 135 209 220 206 205 198 129
    192 92 46 255 1 153 198 54 6 118 160 135 134 226 128 106 135 178 33
    19 164 104 219 229 12 228 242 134 194 3 135 209 123 226 84 197 187
    22 90 56 241 75 175 137 104 100 43 138 9 13 162 40 193 60 146 180
    196 14 27 174 91 192 26 117 224 6 169 18 252 205 241 58 82 221 54
    179 15 51 18 88 211 81 239 64 66 59 82 246 220 193 86 48 136 77 92
    52 43 163 238 192 194 98 199 212 3 213 207 99 45 82 145 103 224 169
    81 112 48 175 112 42 254 83 225 69 201 45 242 194 180 27 101 133 103
    146 0 62 90 135 87 245 120 255 8 42 68 237 150 43 159 176 37 126 17
    100 44 42 216 58 241 98 158 70 59 11 210 12 116 45 140 234 15 74 8
    251 218 144 25 168 107 38 24 61 213 68 36 121 30 149 178 69 165 142
    127 0 209 163 86 143 239 234 166 227 206 6 48 85 202 255 245 255 66
    186 216 22 240 124 242 114 253 77 1 153 15 66 240 51 167 135 254 78
    189 125 221 224 254 34 100 198 59 215 1 0 154 90 53 150 250 224 6
    252 198 88 116 160 224 26 255 223 117 29 20 160 11 254 46 121 217 76
    4 176 7 115 205 32 224 242 234 124 111 67 9 162 196 24 228 130 243
    219 217 231 65 241 75 86 237 4 23 245 12 200 207 155 185 112 25 57
    112 208 52 158 237 60 154 157 98 94 83 253 199 6 180 229 186 181 71
    0 1 78 153 133 216 248 171 171 106 216 168 52 242 140 216 242 7 179
    149 141 14 157 75 46 153 160 110 204 164 39 249 174 76 194 169 151
    97 172 37 173 119 64 19 76 230 231 222 55 155 125 194 141 45 159 126
    7 37 34 11 144 181 41 3 53 157 19 122 114 211 171 101 205 146 234 90
    119 164 249 94 195 50 205 89 31 192 187 158 160 131 87 117 251 51
    159 107 64 238 224 41 172 238 8 169 20 28 150 147 150 86 143 189 25
    90 29 4 120 251 245 158 201 174 96 124 126 54 251 148 40 80 129 233
    207 217 92 43 230 165 59 158 157 28 35 13 190 203 131 211 221 179
    111 123 69 138 106 45 47 220 79 80 147 59 224 232 196 108 218 46 165
    238 166 210 177 84 217 136 173 161 18 128 59 164 135 27 16 254 133
    150 193 84 30 211 222 5 108 95 235 188 216 206 93 136 227 103 2 121
    23 124 94 165 242 8 175 70 229 105 54 183 8 195 249 94 43 202 207
    188 211 255 250 127 70 163 193 36 217 74 9 204 133 135 90 87 237 63
    136 99 158 122 19 60 35 135 148 126 48 143 238 197 79 98 64 52 21
    129 233 105 30 121 224 190 168 195 177 136 251 84 12 181 250 112 171
    109 43 222 121 66 191 139 155 120 101 215 149 137 67 5 246 160 98 87
    141 38 190 127 132 55 198 239 183 13 146 10 121 178 142 117 12 223
    158 244 245 178 105 244 97 54 215 187 185 140 81 215 138 9 73 130 22
    14 77 47 123 18 54 235 182 165 101 251 80 122 238 28 239 110 22 232
    181 242 165 174 216 172 241 242 247 73 204 101 142 175 244 97 220
    225 27 154 198 49 144 225 4 175 12 56 32 236 228 228 154 195 123 202
    166 163 86 246 196 158 223 250 208 236 62 40 5 112 128 162 170 59
    152 148 162 187 111 169 20 63 227 128 153 100 127 116 223 39 132 71
    150 13 110 47 173 69 209 86 90 251 175 61 26 218 105 214 175 84 178
    103 31 158 179 50 65 153 89 199 137 174 237 79 253 244 206 118 97
    116 152 92 4 247 10 162 61 208 186 149 17 120 249 11 76 80 142 134
    79 42 237 184 243 98 140 100 99 97 224 172 44 252 74 199 41 10 235
    30 115 61 117 19 36 57 160 190 80 140 21 107 168 213 164 68 57 180
    63 41 84 195 198 19 130 10 249 60 222 33 246 73 186 135 120 179 66
    252 176 125 40 148 190 12 31 213 119 226 145 23 22 183 58 40 69 210
    93 188 18 189 248 97 93 224 236 178 233 243 232 69 248 104 69 61 90
    253 32 149 253 28 212 89 33 219 94 84 83 12 173 54 130 92 196 208
    193 16 117 0 63 53 254 43 174 246 119 41 245 20 144 114 27 12 61 218
    34 220 205 179 130 236 42 146 142 117 125 33 199 71 12 223 124 151
    175 8 177 254 63 126 61 167 249 219 180 96 221 221 149 180 167 72
    209 17 51 81 124 249 197 12 22 71 120 227 53 60 253 64 137 176 204
    125 36 74 0 123 119 66 136 131 33 90 150 239 24 218 101 38 241 198
    142 183 157 37 14 245 1 243 187 22 196 66 50 69 30 28 16 136 253 133
    252 201 185 94 226 32 81 227 222 30 92 164 111 239 153 144 127 55 78
    65 189 53 254 8 169 33 141 57 179 41 215 220 152 210 99 184 184 32
    230 183 26 203 186 45 126 117 145 227 86 152 120 74 4 120 118 53 57
    128 61 152 84 14 220 180 135 81 112 164 71 90 133 99 3 130 13 20 229
    16 13 73 250 68 216 251 155 30 124 233 135 1 12 195 204 81 178 77
    221 2 241 124 209 143 64 45 150 219 186 17 148 85 3 122 89 252 214
    142 103 183 52 128 167 161 216 217 196 181 101 85 217 178 191 25 162
    148 221 177 185 137 248 63 142 158 249 101 225 183 11 87 69 67 211
    137 99 55 168 207 88 60 1 57 212 195 104 151 25 242 69 54 11 27 85
    138 44 130 30 213 96 204 128 78 208 110 91 250 46 250 188 52 129 32
    58 56 80 73 186 215 171 8 215 56 1 89 7 252 88 64 18 198 248 16 166
    213 36 75 39 190 94 162 161 204 179 215 161 61 59 230 56 66 240 218
    138 163 8 226 94 183 217 238 172 217 188 145 87 18 128 210 32 101
    212 24 249 131 103 202 145 90 111 186 74 2 85 222 40 190 52 132 183
    76 10 243 125 152 78 35 195 115 123 80 88 208 208 105 25 177 109 182
    34 19 137 191 118 84 6 212 250 37 175 141 44 203 167 154 109 181 88
    23 53 21 108 11 177 10 27 229 121 102 211 140 95 184 212 142 125 154
    140 199 25 208 128 210 112 106 42 57 28 97 130 32 195 221 248 237 90
    109 254 35 168 22 36 204 9 62 107 100 40 105 90 39 231 84 107 130 94
    250 8 109 202 102 198 230 211 211 241 34 237 54 19 75 127 184 51 155
    241 133 108 200 234 246 216 208 36 229 230 69 204 196 3 20 209 144
    61 143 123 22 64 150 169 141 94 226 71 45 196 142 218 223 40 57 228
    113 65 219 239 94 35 254 152 210 134 84 238 50 142 122 49 145 201 49
    169 184 236 142 31 42 135 122 166 88 203 254 244 239 228 174 6 208
    220 193 177 136 37 162 199 179 224 176 41 125 130 113 125 56 28 22
    41 16 200 51 211 76 152 43 42 59 204 27 105 227 119 122 110 56 108
    239 123 53 225 29 187 198 235 123 25 166 14 50 118 63 32 47 125 178
    97 110 135 56 77 74 238 99 35 224 206 37 166 224 70 236 39 190 40
    225 0 173 216 5 89 250 180 114 168 140 116 81 0 48 134 13 117 243
    202 138 83 25 252 54 187 15 168 205 38 196 252 66 165 22 130 58 150
    37 103 67 114 252 54 78 83 143 48 35 151 84 152 32 79 116 242 105 33
    188 127 45 158 56 154 215 117 82 236 58 200 64 252 36 166 102 67 233
    160 187 11 100 133 65 151 128 141 33 254 220 243 52 76 63 8 243 141
    55 218 21 225 220 96 109 195 114 195 35 191 207 17 139 146 44 184
    156 36 228 55 71 138 14 62 2 182 182 17 159 85 49 80 89 56 88 97 150
    68 231 78 209 64 222 19 12 239 177 113 164 52 157 199 193 0 28 218
    114 98 115 66 117 16 35 181 11 31 247 71 20 73 4 92 131 206 34 226
    144 169 176 94 188 5 51 26 184 131 76 166 111 55 157 217 26 100 40
    26 153 38 182 73 3 72 15 35 218 174 169 47 154 158 228 212 153 238
    97 32 63 173 49 225 59 5 216 203 123 231 90 204 229 89 2 8 160 187
    96 246 3 119 122 60 0 134 118 217 212 216 24 137 100 30 223 133 29
    224 5 99 70 67 218 228 153 232 202 22 102 92 115 175 17 68 113 26
    113 110 17 184 117 73 215 173 15 148 26 42 252 47 144 140 27 128 8
    88 103 238 210 240 70 45 38 195 195 206 193 64 95 202 193 1 195 109
    1 23 9 222 49 96 239 59 86 125 235 228 164 227 243 100 87 32 232 5 1
    44 225 158 199 112 201 26 72 214 133 21 1 254 201 46 227 74 60 128
    190 249 140 214 106 100 50 232 198 155 240 196 62 247 135 196 187
    124 40 233 80 145 106 92 32 145 36 247 0 42 11 220 51 66 86 47 143
    155 230 188 66 169 66 141 27 79 123 154 20 22 9 225 134 77 158 178
    235 94 92 240 87 43 91 205 18 86 208 34 147 125 253 82 221 50 102
    182 197 145 134 146 175 11 252 43 219 198 132 38 235 132 162 28 102
    60 239 122 210 85 146 26 38 195 203 166 234 168 139 64 221 200 27
    107 156 150 189 178 244 165 231 228 61 195 153 106 183 77 126 162 94
    40 101 0 232 132 68 191 55 1 141 109 194 13 253 28 215 72 46 187 55
    80 255 134 132 150 10 189 236 175 3 232 197 51 146 31 202 57 51 60
    61 211 172 48 67 95 212 10 158 27 211 21 233 152 79 100 64 254 190
    33 7 161 206 32 163 96 202 185 231 26 52 85 82 112 115 149 13 172
    191 225 139 149 37 113 156 44 107 68 253 126 140 166 241 144 52 113
    113 52 235 132 143 179 13 244 177 20 15 14 167 245 207 221 184 68
    218 95 39 57 122 39 229 126 108 4 170 177 242 89 251 225 79 203 112
    70 129 241 155 202 1 8 138 227 193 239 52 249 74 15 238 9 152 51 21
    216 45 224 208 159 141 51 119 153 233 117 68 250 191 47 110 145 91 4
    118 5 49 29 183 161 74 197 203 205 203 193 72 177 209 110 78 48 101
    136 68 161 74 84 31 101 71 59 106 27 67 41 155 231 202 56 23 55 166
    254 43 172 135 71 120 109 102 64 138 211 58 150 143 205 131 155 28
    132 131 187 212 45 236 104 44 156 244 203 212 228 133 4 173 99 172
    106 35 160 61 249 158 52 100 73 229 145 214 146 249 128 83 189 172
    141 206 51 117 210 198 27 177 100 47 78 120 222 72 188 36 94 58 212
    178 207 32 158 159 10 53 56 171 215 165 243 196 218 119 152 168 84
    201 240 249 34 204 108 112 81 69 238 149 48 68 17 244 170 44 63 15
    95 165 64 161 109 44 164 21 193 112 201 120 90 113 244 106 12 73 169
    63 208 199 135 245 45 0 127 3 187 189 50 209 21 160 195 167 10 84
    148 188 132 51 112 187 7 114 168 250 78 68 41 124 240 19 74 33 189
    79 17 211 206 53 78 200 53 204 59 172 239 213 150 53 131 91 117 65
    56 160 45 146 11 208 255 71 108 198 231 37 146 41 47 215 160 0 155
    116 96 222 86 119 157 215 22 108 27 215 162 169 94 188 1 26 194 118
    139 191 140 200 85 173 240 129 26 166 211 232 110 223 231 127 94 243
    78 24 171 39 93 235 70 46 162 186 36 102 177 25 90 60 69 83 16 97 27
    42 88 171 74 239 126 172 170 204 220 12 109 106 225 152 215 100 66
    250 29 79 192 32 251 150 236 40 114 95 40 135 197 36 58 249 97 50 9
    160 35 132 100 30 90 59 212 22 5 6 221 223 192 107 84 161 84 1 77 80
    219 67 163 58 220 210 97 150 49 255 93 241 111 235 62 158 16 242 224
    229 104 199 201 163 218 215 129 31 183 195 5 95 102 0 128 129 195
    146 102 212 154 53 84 122 155 155 226 134 8 227 203 208 1 227 135 34
    238 119 208 133 2 234 147 13 85 0 135 195 171 137 124 82 222 179 202
    168 153 242 24 159 104 206 31 108 197 215 239 171 79 50 36 210 167
    111 10 197 119 10 118 201 156 83 4 31 57 212 64 89 74 52 181 30 247
    143 15 43 199 73 216 134 186 147 181 2 34 158 193 96 44 230 181 132
    253 135 197 41 248 57 66 21 51 223 138 29 172 220 231 69 140 251 94
    112 89 228 58 234 2 45 122 195 102 148 206 200 71 0 30 206 15 80 122
    67 251 6 78 243 145 137 243 206 193 71 85 130 206 155 66 123 248 162
    239 248 179 81 241 55 38 51 120 246 169 82 19 185 21 14 81 178 65 55
    64 210 29 248 201 73 206 44 220 239 168 87 45 98 242 19 156 153 131
    153 145 19 71 228 63 86 228 68 57 28 36 29 160 103 40 135 192 30 73
    132 30 15 16 134 34 200 34 187 202 183 31 117 186 83 126 119 110 237
    169 193 185 199 102 185 250 233 147 23 69 75 146 151 226 192 170 243
    98 47 220 135 249 127 84 250 96 60 208 174 93 83 219 41 0 60 54 185
    237 45 233 33 98 216 203 24 211 163 164 29 159 156 193 164 230 112 1
    255 24 182 21 189 81 238 116 207 16 124 5 40 136 173 77 128 85 152
    107 168 46 215 114 129 1 33 87 159 214 250 240 127 107 106 152 213
    250 169 129 157 0 220 114 31 131 52 77 98 173 196 14 165 168 183 136
    134 149 81 196 178 110 144 88 213 205 160 188 93 66 46 227 148 10 70
    231 88 182 140 245 101 69 240 1 56 226 48 216 75 188 13 71 191 62
    116 230 189 54 182 178 238 230 69 226 78 212 231 240 128 51 198 186
    236 190 196 135 37 250 182 180 88 75 165 188 181 250 125 196 184 160
    89 38 21 33 122 180 105 188 235 232 6 247 235 7 226 2 23 12 69 16 80
    12 212 154 31 86 130 164 56 28 42 164 86 193 221 131 146 64 201 107
    150 117 162 221 163 64 65 36 1 210 148 77 190 199 109 94 128 168 133
    167 12 208 115 14 104 186 97 207 179 69 131 146 218 247 59 213 6 111
    234 65 152 140 88 45 176 179 39 29 105 23 83 98 57 51 105 144 100
    226 74 133 73 47 31 77 42 160 185 238 245 205 79 129 196 185 141 216
    216 97 1 89 14 69 11 41 28 125 230 218 164 203 19 193 3 221 39 4 247
    198 254 154 44 240 181 215 32 151 29 26 37 241 166 120 60 220 52 143
    182 103 255 208 223 25 190 79 228 107 250 209 154 74 241 197 101 14
    203 98 45 98 77 133 229 104 221 66 171 160 213 101 167 115 102 10 36
    68 147 167 174 104 12 46 225 136 73 142 17 200 212 210 104 219 215
    195 206 31 82 171 124 130 29 149 37 7 67 31 206 24 22 79 143 78 119
    107 166 91 236 127 134 246 188 44 173 24 190 201 99 0 237 58 154 104
    103 184 131 211 135 88 61 194 40 164 246 173 145 103 81 15 177 32
    156 177 52 97 39 227 213 33 40 18 15 22 88 194 67 9 69 175 217 185
    57 119 63 116 125 153 213 88 249 153 48 97 90 58 221 9 61 59 154 218
    43 169 130 228 151 198 22 146 87 79 112 136 232 250 36 31 89 26 224
    135 177 251 11 203 39 6 31 125 218 52 22 243 132 103 73 192 221 202
    27 43 95 28 99 45 193 113 6 71 249 84 192 102 253 112 134 202 72 4
    217 48 181 101 62 103 134 76 174 184 15 210 126 167 15 150 247 130
    23 254 208 244 221 24 22 177 237 131 68 154 75 15 190 64 71 44 100 8
    105 86 74 253 228 25 76 168 230 233 182 53 232 121 102 216 114 250
    83 9 125 185 8 187 199 63 225 116 248 53 206 219 31 42 76 78 71 211
    10 190 157 225 134 174 254 17 113 80 51 207 31 5 95 69 237 51 63 136
    113 232 36 102 251 189 66 115 149 136 229 155 225 38 57 63 231 125
    208 178 54 69 253 157 144 214 88 35 32 139 22 163 165 159 213 117
    221 67 214 246 114 61 68 190 107 44 216 80 28 85 117 16 154 150 200
    100 181 45 239 209 81 14 75 171 133 145 250 128 206 61 230 61 149
    192 169 183 77 132 204 202 102 222 51 220 240 120 202 248 199 78 70
    29 3 200 112 113 16 85 225 72 7 219 163 217 83 153 127 211 242 181
    192 145 54 172 137 59 47 99 154 207 148 41 176 250 44 211 178 79 86
    254 146 207 198 41 140 40 154 255 164 170 170 92 130 183 224 116 61
    184 152 234 172 107 144 25 139 193 25 220 43 141 217 240 169 151 27
    197 19 171 223 82 182 144 181 252 241 59 53 83 13 1 160 3 223 61 139
    47 130 142 194 249 172 128 206 46 71 220 89 236 90 179 142 38 118 98
    70 233 100 68 65 5 220 73 209 8 242 125 249 153 235 111 142 246 39
    18 253 126 98 211 151 2 211 194 239 64 99 238 37 158 186 241 0 170
    184 70 166 71 93 237 250 101 200 14 246 204 246 65 112 239 198 211
    47 22 229 224 173 50 117 43 162 126 213 239 19 228 81 50 190 118 165
    19 254 231 239 58 70 114 165 78 81 137 8 54 2 112 162 248 27 204 140
    60 186 86 46 36 18 181 214 23 31 226 236 24 175 184 113 89 212 138
    25 140 200 184 151 58 202 254 117 183 231 142 171 104 221 165 183 19
    201 14 52 25 91 25 86 140 112 218 0 69 107 0 40 208 178 78 248 158
    187 51 202 211 38 63 20 245 75 124 240 142 231 39 147 193 234 64 163
    156 230 131 199 165 165 8 76 127 117 121 173 249 231 42 251 141 248
    225 93 246 253 52 196 83 53 220 82 55 25 234 170 14 25 200 1 181 126
    176 211 70 59 42 14 208 199 19 22 108 169 247 60 50 3 46 143 157 122
    117 215 241 135 124 168 118 170 173 122 34 166 32 218 169 64 218 110
    247 132 164 48 227 151 32 242 251 35 11 136 163 255 233 140 153 127
    9 84 186 186 3 28 186 59 159 254 233 207 65 132 167 135 57 119 77 98
    14 146 180 222 35 129 78 104 116 166 148 246 78 61 223 217 70 158
    188 108 90 118 19 199 84 19 31 7 190 98 104 46 141 51 237 145 206 39
    231 226 208 35 160 42 91 243 82 196 38 99 20 244 153 137 222 95 121
    186 62 207 225 101 78 211 12 19 205 101 53 167 60 101 96 230 202 73
    211 242 207 108 230 233 130 28 126 121 175 134 194 90 126 48 144 232
    97 138 103 47 57 47 243 203 26 238 193 7 131 112 211 218 129 216 135
    240 185 91 250 1 116 72 6 153 196 182 186 158 151 233 152 214 79 179
    99 226 7 211 198 222 25 151 161 41 135 87 237 92 134 121 182 228 98
    128 54 146 241 80 174 47 196 92 52 55 106 24 100 74 64 87 248 132
    144 139 84 252 180 164 167 230 168 108 58 180 156 186 80 255 117 215
    122 236 253 21 127 19 84 65 12 79 103 250 81 90 232 14 10 239 193 20
    214 252 238 96 175 165 231 209 21 171 47 116 138 47 189 54 207 43
    103 32 224 150 254 174 29 125 214 138 165 16 152 234 37 159 157 111
    192 236 75 54 165 212 1 43 125 28 144 196 248 223 28 173 203 238 97
    10 251 170 255 90 65 48 242 178 76 59 92 214 139 162 195 239 128 135
    147 125 94 174 42 54 212 44 1 18 169 126 20 197 72 230 212 148 205
    125 51 80 17 74 111 41 60 53 242 167 131 90 254 155 68 107 9 70 73
    132 218 61 46 221 146 117 167 110 146 157 107 74 159 61 95 40 34 147
    216 226 20 40 224 233 95 70 39 235 46 140 235 155 156 137 195 33 47
    127 113 132 84 238 236 5 169 137 134 98 21 186 211 126 103 30 241 87
    118 136 130 108 108 82 48 242 132 78 144 119 151 228 86 151 187 185
    229 128 175 56 147 79 42 90 187 2 146 22 176 188 54 132 47 120 78 90
    63 162 81 123 35 20 2 176 87 240 16 2 131 160 177 185 234 217 64 92
    48 15 118 179 161 210 193 64 124 75 172 247 164 179 59 64 192 172 85
    158 18 189 176 18 101 140 253 164 213 98 45 246 141 181 103 117 169
    138 174 229 108 79 225 193 91 211 209 190 243 184 85 128 180 182 182
    206 242 144 137 142 98 111 111 168 62 207 195 143 233 186 98 10 173
    177 227 216 36 15 64 226 120 203 137 8 167 110 255 204 217 129 37
    213 214 50 223 199 215 218 187 192 230 103 178 17 200 181 165 203 55
    168 38 151 208 203 147 77 19 70 90 106 146 120 135 2 243 244 250 255
    156 103 200 190 45 223 131 139 66 128 137 175 53 212 128 15 18 116
    92 168 251 34 246 99 34 175 44 126 118 47 198 159 20 4 125 90 88 114
    81 221 41 3 206 223 9 174 249 190 178 68 76 105 225 174 138 172 216
    204 134 198 187 154 244 50 186 26 237 145 18 141 200 89 102 76 83
    197 188 241 246 223 49 179 190 155 131 161 252 62 229 69 152 102 243
    158 105 45 94 25 226 135 55 232 207 56 239 4 58 144 112 24 21 8 59
    47 178 136 76 25 149 14 117 215 221 152 105 182 235 46 143 125 211
    44 117 43 130 37 152 236 38 3 149 105 203 202 209 59 128 236 245 109
    58 201 146 211 111 193 116 39 64 17 217 160 227 76 41 159 57 230 47
    160 115 116 69 66 72 22 98 30 91 104 110 154 8 208 134 174 82 106
    112 123 110 173 237 142 183 199 31 53 242 53 28 86 77 162 8 48 134
    196 141 19 44 193 23 242 141 189 107 225 37 227 248 160 204 94 67 34
    139 143 151 244 25 28 221 70 245 38 215 85 159 3 123 193 27 80 147
    96 176 165 255 87 24 40 6 241 103 75 252 62 160 107 22 71 193 21 243
    43 210 206 86 80 26 169 171 53 209 165 103 150 253 226 166 111 54 91
    105 108 69 195 242 40 237 55 27 202 2 39 185 238 36 181 203 58 30
    121 92 110 136 59 217 41 25 212 254 117 76 194 181 186 204 15 93 120
    40 209 0 233 85 152 122 24 73 78 144 20 17 29 157 175 248 152 128 81
    115 145 129 121 220 233 164 92 100 209 216 135 226 140 228 232 150
    148 194 154 175 226 208 13 138 89 246 56 190 164 155 68 211 170 200
    176 174 9 91 54 15 214 140 241 101 208 174 80 108 113 130 204 86 134
    198 70 117 130 47 175 242 47 187 238 76 220 73 157 215 113 72 115
    215 22 74 105 28 195 109 26 48 75 187 4 32 96 213 183 2 190 248 94
    212 107 244 75 79 174 131 194 20 243 165 60 77 245 7 122 203 35 239
    8 188 211 121 193 83 218 145 239 48 141 43 161 244 176 109 74 97 94
    13 220 0 228 16 62 218 87 56 230 143 119 2 211 159 142 197 5 71 178
    158 141 202 59 54 148 112 65 72 179 251 26 106 28 87 130 51 158 164
    143 97 144 141 26 33 49 135 211 68 101 38 180 90 152 132 123 195 142
    240 118 160 5 95 46 196 149 153 100 110 46 30 59 25 12 194 89 65 4
    189 247 188 130 16 33 211 66 180 233 191 99 223 208 248 64 238 2 26
    146 2 72 185 75 215 245 64 210 12 253 242 102 244 131 48 175 76 102
    205 215 131 195 43 83 65 182 210 2 228 62 92 187 105 116 197 90 54
    232 65 251 151 182 175 26 71 150 72 41 58 40 77 140 174 138 224 143
    8 49 70 173 148 40 49 70 151 184 15 197 118 155 57 192 137 186 128
    26 128 171 72 43 164 119 92 25 45 54 54 59 58 96 188 76 255 93 67
    240 57 198 37 228 208 137 37 110 183 231 47 25 130 117 83 59 22 130
    30 139 47 33 113 200 47 121 185 205 94 34 12 224 77 79 100 190 247
    26 204 47 209 227 207 111 2 73 1 122 49 180 51 151 40 113 18 45 88
    106 242 15 9 54 245 245 50 97 39 131 204 148 240 163 143 83 83 46 93
    56 188 191 2 92 245 106 45 46 150 94 167 97 132 34 207 77 193 182
    158 225 13 180 210 109 229 173 216 135 182 169 144 39 115 142 205 20
    207 249 200 234 183 23 146 250 112 134 150 74 62 34 106 168 143 154
    249 100 8 219 6 173 136 116 219 113 32 161 228 101 50 117 134 122
    186 160 175 114 74 205 154 154 47 44 220 139 158 37 45 153 68 126
    209 74 120 228 72 119 130 205 72 155 126 115 251 46 0 55 19 38 241
    95 148 161 39 253 32 234 125 183 120 152 210 111 121 198 167 70 133
    63 133 32 23 241 3 139 206 114 149 176 90 99 188 8 212 47 42 128 69
    132 201 127 254 115 73 205 22 158 38 132 185 171 32 23 1 98 92 132
    98 151 46 18 182 20 213 107 67 212 192 23 214 82 172 12 162 173 118
    236 226 129 240 216 184 253 138 71 33 198 50 14 247 220 25 48 147
    218 3 152 198 89 127 206 60 115 212 203 138 52 223 98 42 179 167 145
    184 243 12 178 95 51 72 190 226 96 185 179 250 61 216 53 198 47 56
    217 210 64 156 252 88 245 125 129 106 136 106 90 234 103 146 122 125
    36 43 2 0 242 106 78 206 200 221 251 35 135 14 226 234 7 174 144 22
    217 167 113 84 103 56 162 220 67 12 98 85 137 43 3 3 101 206 120 25
    17 240 79 92 49 74 216 41 221 36 183 90 236 203 95 177 24 29 166 32
    175 35 166 152 136 19 4 166 210 25 53 50 91 70 186 234 15 208 144
    221 100 128 109 71 210 213 100 114 42 84 146 202 217 137 135 85 100
    55 113 170 228 80 100 69 94 54 151 238 145 214 90 128 217 4 147 81
    90 227 124 240 243 78 13 35 131 150 14 67 112 28 1 87 183 40 161 148
    161 250 113 194 228 249 31 226 250 126 141 78 51 155 110 20 55 79 16
    120 159 146 158 217 105 190 115 100 91 139 6 22 93 162 243 56 196 25
    141 147 239 236 239 194 26 232 229 203 1 209 43 235 89 194 129 78
    183 175 45 47 187 198 230 84 6 5 163 205 100 26 30 114 114 139 102
    63 148 243 165 81 162 201 148 236 184 129 212 165 169 240 41 186 184
    174 26 16 172 180 106 230 198 104 251 105 41 22 129 213 249 131 121
    213 143 93 25 214 237 135 95 137 247 139 60 42 252 139 125 79 173 8
    3 100 4 140 33 28 0 184 108 200 199 166 174 66 81 107 165 186 130 56
    143 100 245 241 110 221 118 215 181 210 249 90 49 186 185 45 183 195
    137 62 235 168 113 86 224 107 61 203 205 89 17 145 65 156 240 214
    237 247 126 106 255 165 151 174 150 119 36 192 136 209 227 2 121 174
    184 65 229 5 68 39 215 248 5 98 10 124 115 206 216 196 254 78 228 54
    110 21 220 174 62 36 47 252 253 228 173 185 40 229 39 231 6 219 19
    78 122 194 27 81 10 88 7 63 0 72 114 246 122 136 109 199 251 61 16
    219 32 250 194 0 11 31 166 208 4 138 240 176 212 135 21 144 162 31
    31 109 244 106 9 145 13 181 151 106 140 34 201 135 111 217 8 158 213
    227 107 38 71 249 252 59 231 57 3 114 249 131 137 245 184 205 62 230
    222 52 100 22 127 196 67 146 128 104 154 100 158 114 199 233 83 18
    142 233 205 233 194 221 20 223 245 13 10 46 215 189 104 79 53 179 15
    200 121 160 246 161 152 206 120 43 192 223 19 31 48 201 181 32 140
    94 218 180 194 9 68 135 224 186 140 158 71 84 15 30 200 86 105 57
    220 6 11 51 204 155 229 73 19 76 235 214 195 12 242 203 93 17 202
    110 119 160 67 156 15 121 106 114 34 188 50 143 18 249 13 226 215 75
    40 130 148 157 5 120 134 167 203 129 180 133 26 82 167 66 231 59 87
    53 134 68 14 152 94 54 194 85 100 242 49 121 140 132 117 230 118 182
    211 38 24 171 89 122 210 172 57 245 89 31 105 80 246 59 238 167 245
    56 2 16 65 87 64 123 117 169 198 50 157 182 154 82 212 223 137 72 56
    15 56 236 3 199 50 45 11 187 191 45 53 241 91 202 38 252 70 86 17
    184 221 115 200 228 176 92 132 194 245 132 46 246 48 84 39 104 94
    223 161 109 52 247 213 78 171 185 16 115 80 46 252 155 159 112 7 243
    123 207 59 181 194 13 131 88 105 96 237 37 237 62 58 15 191 117 182
    87 165 168 110 13 89 223 51 255 71 171 83 67 163 150 115 226 238 164
    43 199 71 135 166 170 88 86 110 228 125 251 214 188 14 157 237 92 36
    146 149 114 251 211 84 130 132 157 44 167 207 165 134 234 85 36 111
    51 209 204 187 41 157 58 218 82 233 68 76 78 164 184 79 139 57 232
    205 225 156 214 247 87 23 24 8 19 212 181 152 106 249 163 232 105
    177 7 37 20 253 87 174 222 61 35 162 241 172 255 232 191 61 103 158
    15 167 219 56 24 144 123 104 212 198 151 202 179 82 79 79 86 166 150
    76 174 60 72 204 163 144 96 179 245 62 234 159 217 42 188 89 251 28
    101 164 86 180 241 38 235 245 194 78 110 71 80 203 250 178 52 109 96
    200 243 165 90 11 137 123 211 128 209 110 194 250 184 236 206 54 103
    217 18 158 121 90 78 244 32 186 28 237 177 10 226 25 7 104 116 108
    70 40 153 187 29 68 244 176 106 178 239 240 178 104 10 95 254 201 86
    218 173 187 44 57 68 95 160 35 153 130 72 242 131 115 137 255 53 104
    57 99 169 254 97 8 18 124 30 253 195 208 186 173 60 197 120 69 197
    230 57 189 93 101 90 174 165 222 28 134 87 63 232 178 19 75 7 46 121
    145 123 45 15 240 126 193 132 37 151 109 207 100 136 146 6 140 134
    57 38 52 250 26 128 81 19 173 135 191 238 99 240 65 115 205 85 107
    248 179 11 151 91 162 43 95 55 69 91 70 253 206 39 184 157 195 22
    227 177 132 192 154 223 233 154 122 129 49 112 222 40 64 42 177 47
    189 1 164 237 92 152 214 104 147 64 99 154 182 55 176 27 210 239 237
    213 64 37 145 238 36 173 70 109 130 93 235 252 122 115 80 67 31 83
    21 78 236 214 225 9 51 167 187 136 153 123 31 128 7 164 69 85 83 86
    30 229 69 12 175 167 109 72 190 249 24 20 223 100 140 61 146 89 220
    160 200 52 220 53 11 179 56 156 151 232 99 243 188 22 128 65 106 164
    20 188 7 184 253 185 100 118 47 42 148 35 155 183 121 12 38 117 103
    8 34 70 203 6 135 49 148 26 222 190 192 87 103 115 191 25 79 202 140
    142 245 75 37 110 90 102 91 77 228 52 28 41 123 239 173 178 227 108
    138 125 203 199 165 208 12 126 111 143 137 211 97 39 100 196 110 176
    36 221 18 21 45 141 52 21 201 104 40 145 192 251 32 226 28 44 168 23
    148 126 204 203 13 244 76 168 76 32 54 194 113 223 130 186 40 243
    168 22 99 238 86 132 197 224 235 113 57 242 242 83 24 56 169 125 219
    156 157 184 39 221 144 101 176 30 206 228 15 191 184 21 143 152 171
    181 139 156 244 156 187 21 120 152 224 254 80 126 87 170 180 142 28
    10 213 30 200 147 129 190 246 33 84 201 92 40 178 202 22 130 112 162
    56 94 172 242 189 140 120 48 246 167 248 40 95 122 53 151 119 140
    133 227 218 192 115 244 122 140 97 210 166 84 53 160 248 23 174 82
    204 44 117 79 5 196 71 97 43 199 227 239 222 4 214 126 122 25 128
    227 56 233 223 92 104 49 84 185 7 15 13 15 142 190 194 209 36 188
    214 4 21 222 105 51 205 4 225 246 23 193 243 161 111 141 65 83 9 176
    158 141 181 121 57 65 114 139 47 155 188 92 22 115 43 207 124 173
    139 225 44 30 245 109 106 90 201 253 59 53 139 34 161 203 164 102
    123 160 77 243 85 229 229 143 4 70 133 58 146 159 206 121 248 74 117
    151 62 41 185 111 130 183 79 193 210 122 105 230 97 25 193 47 223
    188 169 160 75 129 219 155 211 68 212 14 208 133 248 153 198 248 5
    156 23 43 121 5 187 254 90 140 252 0 100 137 78 101 104 240 195 4
    174 198 116 65 193 11 214 48 18 110 224 202 168 181 30 109 233 182
    134 92 219 4 39 219 178 75 5 90 11 219 204 117 228 58 182 185 23 24
    60 138 164 90 105 141 3 104 147 248 143 76 217 192 202 163 85 225 36
    198 103 165 84 107 12 21 195 41 15 10 203 72 36 133 2 135 71 215 8
    42 155 188 253 84 11 72 193 44 119 235 136 51 82 138 23 92 241 131
    144 95 213 245 71 232 172 162 247 26 113 24 40 91 97 58 250 166 153
    52 158 248 181 249 23 176 36 146 34 227 86 117 124 191 80 146 168
    168 129 162 138 2 132 76 142 79 175 247 24 218 193 230 248 245 0 215
    242 113 245 108 39 52 179 119 119 223 108 1 149 253 7 227 165 89 109
    182 230 67 179 45 81 179 195 82 189 78 61 175 70 62 157 86 229 72 98
    254 122 46 96 14 252 49 111 88 26 36 161 239 3 21 105 21 116 107 87
    117 8 40 71 74 81 102 4 119 49 165 179 71 41 34 95 216 148 249 139
    163 254 183 57 34 108 130 130 158 232 63 77 131 217 228 136 20 50 52
    147 198 72 19 39 11 109 94 67 203 222 116 201 221 92 2 206 41 49 191
    171 216 18 87 62 143 2 100 165 99 48 138 136 241 2 219 54 31 254 103
    140 46 170 40 122 227 241 223 120 255 223 156 56 42 61 184 125 37
    159 21 29 173 34 104 251 128 103 65 84 123 172 223 1 196 134 105 126
    132 53 74 203 149 170 169 41 147 130 101 85 222 160 9 74 47 158 7
    151 176 3 213 149 107 251 131 53 36 168 2 58 39 153 225 191 129 0
    228 109 40 247 234 72 173 53 42 180 57 173 176 112 80 79 160 65 3 24
    230 0 203 165 166 20 42 27 116 182 64 219 102 122 249 247 123 52 203
    237 181 178 247 225 234 181 235 214 164 129 68 220 202 11 149 176
    142 123 176 245 246 217 218 123 201 114 160 90 199 228 57 6 133 196
    150 14 123 188 167 26 238 152 219 128 122 27 35 65 207 228 249 142
    139 32 90 79 230 130 245 40 100 4 195 222 250 210 164 58 49 0 145
    251 140 38 170 163 169 103 244 65 35 195 238 240 115 65 92 236 127
    252 217 85 131 223 157 183 149 210 23 118 60 64 23 176 229 7 8 64 5
    254 122 15 152 125 92 196 70 171 153 167 33 251 224 173 222 239 140
    51 151 57 131 68 230 240 139 18 147 113 170 50 186 113 189 81 214 8
    73 210 198 221 50 65 159 13 101 103 204 112 145 191 8 203 196 128
    125 90 240 146 209 102 3 138 210 16 209 8 10 86 47 75 140 241 33 35
    142 12 25 218 125 252 216 253 149 120 95 226 6 100 48 190 31 196 144
    109 153 158 142 71 252 187 205 156 68 173 35 88 15 50 48 89 81 36
    103 78 6 132 126 177 33 207 128 117 253 92 95 4 179 89 228 120 60 49
    230 134 52 70 7 253 144 64 11 220 80 232 53 75 146 101 3 74 31 70 70
    236 19 88 67 249 95 94 124 193 10 98 114 218 70 22 120 80 95 214 92
    180 249 94 240 9 6 153 75 158 61 158 62 237 119 51 39 30 35 111 199
    46 138 81 159 82 59 86 20 197 119 251 199 64 111 87 116 199 56 29
    126 19 175 227 107 186 184 145 59 164 109 134 188 68 159 198 110 227
    108 230 235 228 225 100 114 92 161 41 215 130 239 152 197 225 59 60
    142 229 110 126 77 206 117 27 152 146 239 120 104 110 21 205 209 143
    102 173 188 251 237 18 254 211 15 129 174 189 118 119 253 252 246 80
    19 85 151 123 238 252 255 255 196 31 59 69 184 105 19 59 76 180 14
    88 4 222 73 88 129 68 30 220 115 251 8 119 118 30 88 62 119 255 176
    197 246 204 114 142 33 142 253 117 53 204 31 38 206 81 172 212 114
    26 8 201 98 182 212 188 55 166 230 55 60 149 239 71 193 80 11 134
    230 178 236 185 219 21 4 37 11 226 204 67 238 52 5 78 237 95 253 231
    255 194 249 138 254 32 226 233 14 226 221 74 164 55 85 207 247 20
    206 231 187 58 255 249 2 166 124 244 128 105 252 125 21 233 61 108
    226 241 228 89 189 159 16 236 211 96 27 101 104 239 90 170 183 32
    198 222 91 82 159 76 49 129 126 223 140 79 67 52 56 35 146 30 9 46
    202 210 66 107 143 149 122 196 186 111 212 210 84 178 206 208 92 115
    39 38 0 6 71 13 58 230 23 155 177 131 29 50 212 37 9 214 130 118 193
    197 199 194 238 115 178 242 99 83 65 82 252 130 130 210 134 56 136
    93 175 149 74 218 77 165 144 23 210 137 52 245 13 142 225 86 208 47
    185 25 220 82 41 55 112 21 190 191 39 215 196 251 63 27 109 105 188
    116 114 0 97 16 29 136 55 36 198 142 211 138 69 233 82 82 199 29 13
    14 2 211 212 10 151 51 8 165 224 67 239 162 151 21 193 56 146 94 13
    25 24 66 15 19 137 4 91 65 130 168 129 168 39 54 153 96 221 134 237
    196 43 19 126 50 248 61 226 216 209 246 203 167 199 86 42 118 253
    123 230 194 21 245 204 204 14 60 243 167 164 5 197 189 107 220 25
    129 140 215 154 169 79 148 12 170 158 87 193 45 187 208 55 211 119
    25 74 136 78 98 217 83 174 136 221 156 247 250 163 80 67 198 91 51
    75 122 241 127 115 103 252 83 227 31 60 61 177 87 252 182 74 72 181
    3 188 52 177 107 108 76 45 218 147 21 85 225 84 152 105 63 76 167 54
    7 15 236 6 116 229 192 62 220 55 135 234 159 170 224 143 85 55 80
    105 144 77 248 163 182 128 65 106 202 141 32 23 207 107 218 121 103
    134 151 96 91 217 103 176 106 99 44 16 130 40 84 158 145 220 160 178
    222 107 204 136 10 33 141 174 30 16 104 187 112 43 242 64 26 57 141
    22 210 247 249 250 255 72 38 251 165 195 218 143 191 185 90 41 124
    170 224 252 28 190 82 255 94 131 220 214 251 219 35 7 118 123 152 64
    78 246 169 54 42 127 185 72 57 101 196 195 51 180 93 0 31 126 188
    190 251 199 30 106 41 181 68 36 247 6 189 176 22 85 8 35 128 182 7
    131 8 96 89 37 179 194 168 230 119 168 39 188 7 51 168 76 7 181 123
    23 194 179 229 96 122 179 0 225 235 180 107 200 68 86 49 131 247 161
    95 17 30 32 96 76 85 205 103 48 163 236 112 50 142 210 249 246 23 6
    11 212 230 76 241 66 162 33 99 120 27 76 169 129 155 65 110 224 155
    157 142 50 146 122 76 235 10 237 87 143 251 121 188 131 136 128 78
    192 212 209 252 191 131 216 172 2 226 146 228 220 37 62 241 29 114
    220 195 111 156 208 253 232 22 228 91 36 141 253 36 72 38 116 116 64
    32 238 198 56 93 115 60 254 60 62 235 1 86 37 143 115 73 21 14 97
    244 88 206 161 42 130 159 192 49 74 207 138 201 16 163 10 113 145
    238 217 235 251 175 18 25 203 117 67 144 182 106 117 118 162 159 137
    39 110 246 216 111 27 71 47 161 114 24 115 168 84 192 78 39 117 52
    121 85 122 81 238 156 122 241 185 218 14 87 217 168 219 26 180 117
    179 24 13 167 222 206 64 133 115 251 39 223 101 18 82 248 181 195
    146 167 40 162 194 191 26 121 167 12 49 209 185 249 87 126 124 156
    100 108 75 147 122 65 56 16 81 70 96 63 183 149 157 138 122 147 139
    184 53 236 236 48 175 161 153 180 229 159 9 249 64 90 178 83 29 67
    29 101 214 86 101 49 178 136 65 47 32 148 32 116 21 89 65 196 66 234
    199 164 226 146 244 19 183 154 195 17 90 175 219 196 103 139 196 13
    30 215 212 96 234 208 60 37 96 209 166 112 130 112 56 148 139 42 242
    170 167 202 217 3 120 108 190 172 24 149 166 88 181 89 149 122 204
    211 8 77 13 51 83 162 169 165 228 246 84 158 254 42 141 77 67 107 47
    221 2 15 6 147 58 16 5 142 45 86 81 62 171 214 75 58 74 189 125 83
    17 234 218 96 72 51 55 212 232 230 160 95 109 194 118 86 139 76 98
    27 117 51 126 231 129 67 45 245 128 25 26 138 99 13 34 177 108 73
    202 207 24 123 164 181 60 129 110 8 88 145 51 174 23 217 13 204 200
    118 20 177 120 236 211 149 77 80 249 235 52 80 8 142 120 49 247 196
    97 143 12 64 191 89 207 91 59 101 235 33 203 95 228 197 12 175 208
    103 7 183 178 53 95 185 39 109 198 103 176 122 81 34 153 198 146 239
    40 91 119 87 194 137 19 170 25 176 152 94 9 150 36 241 30 174 101
    145 208 141 135 211 19 123 81 162 81 217 147 88 62 240 38 51 154 133
    148 147 31 41 248 117 72 4 86 73 92 160 33 97 72 84 21 170 3 195 85
    192 208 141 111 56 143 174 229 120 65 41 101 63 240 47 35 45 195 97
    115 232 45 126 18 214 201 169 0 10 117 72 189 245 21 50 232 2 170 74
    231 129 109 81 144 151 195 143 235 218 166 92 194 129 107 56 144 172
    247 255 156 139 142 245 61 24 42 43 182 109 38 244 166 34 147 223
    173 58 193 229 7 23 158 148 142 175 153 66 66 184 244 92 60 24 164
    205 7 61 176 238 176 249 158 14 182 165 138 230 198 123 119 197 147
    205 209 16 115 133 91 137 200 24 203 17 193 251 238 154 105 160 113
    118 189 191 141 89 145 251 13 11 241 100 91 142 214 108 162 65 182
    203 36 3 233 240 166 11 184 240 18 8 41 43 105 44 149 227 183 198
    177 99 237 100 132 176 21 128 51 231 118 22 226 122 207 165 193 242
    6 250 201 43 111 202 117 20 50 87 170 221 246 234 132 129 193 54 140
    111 250 155 190 131 120 57 117 218 170 236 22 194 173 163 24 52 194
    143 11 44 92 104 78 180 190 194 197 86 146 175 163 137 153 98 93 166
    151 171 230 157 194 193 218 130 169 38 86 237 195 47 204 80 23 128
    149 173 173 181 98 180 202 206 3 46 248 123 192 135 193 212 28 172
    133 7 138 182 251 69 238 218 173 182 38 196 227 18 8 3 64 152 177
    137 245 68 129 137 9 148 136 50 42 138 35 118 54 118 40 61 104 46 37
    227 50 95 76 167 239 80 94 203 19 255 7 128 9 9 215 10 245 71 67 2
    112 142 66 51 132 157 112 77 90 94 129 104 200 194 200 207 123 39
    186 213 74 11 77 255 162 80 215 10 255 165 7 112 66 94 194 65 156 90
    236 74 174 113 110 0 186 63 192 140 189 132 88 183 225 93 202 175 24
    212 95 228 177 34 35 23 81 47 206 92 95 240 184 143 49 217 141 171
    227 45 246 4 141 120 149 62 119 243 247 134 109 211 207 151 89 8 150
    111 44 170 52 58 230 162 230 144 81 189 12 249 201 6 40 67 189 0 41
    111 202 133 133 186 179 150 117 244 158 164 203 56 173 249 141 120
    82 255 191 221 167 18 82 163 231 54 141 84 122 108 248 210 106 39
    171 131 251 109 152 132 12 197 239 216 210 213 25 209 6 142 190 9
    161 171 156 160 138 250 143 26 89 178 56 171 229 112 216 210 233 73
    129 54 78 224 110 213 141 171 31 47 169 124 63 181 209 146 249 52
    172 240 183 222 220 206 244 226 44 127 172 105 42 86 212 157 44 225
    108 146 129 151 53 118 158 137 107 38 221 169 238 118 71 202 167 251
    18 3 149 186 79 240 120 15 235 125 7 192 186 201 210 25 98 157 59 21
    30 164 89 166 133 5 241 177 153 173 151 253 122 127 67 45 96 227 222
    99 94 154 39 57 110 8 57 250 178 98 251 174 245 229 111 185 190 149
    70 29 121 164 62 14 125 216 55 150 36 2 122 227 252 76 31 10 243 250
    152 110 177 154 163 174 116 19 5 12 55 90 158 65 229 175 67 84 178
    20 167 216 155 20 12 237 9 64 173 250 254 96 157 42 147 235 63 104
    236 15 25 85 126 159 78 244 111 78 71 149 181 165 87 42 91 130 206
    60 9 173 238 161 250 89 107 40 199 129 138 9 255 7 196 206 117 119
    193 235 140 3 13 141 3 19 243 238 83 111 93 116 236 22 215 98 20 125
    47 191 40 118 254 92 98 109 223 150 228 180 82 129 57 10 153 255 217
    149 93 100 237 80 221 44 73 83 151 58 18 254 150 49 75 253 101 131
    103 115 123 192 85 173 55 240 246 228 198 164 41 126 203 235 26 67
    157 75 137 49 37 93 80 252 165 55 77 227 17 79 208 59 131 191 80 174
    30 192 116 76 2 126 70 35 129 186 29 224 26 50 61 64 182 77 126 138
    143 155 17 239 135 6 86 124 203 182 239 106 135 196 148 253 183 149
    187 252 63 134 41 128 112 232 30 23 59 90 240 10 8 2 57 211 26 185
    150 150 186 207 177 181 239 87 20 189 159 26 207 28 142 13 222 131
    115 53 204 7 73 83 210 85 231 61 243 238 170 192 130 189 233 18 42
    249 61 111 17 24 116 99 84 24 230 151 164 134 130 167 93 50 211 154
    254 218 12 216 149 182 213 243 183 179 33 68 244 50 77 32 73 222 213
    73 181 178 154 34 155 113 75 199 162 207 148 52 13 49 60 100 158 31
    130 14 72 119 100 28 20 39 215 30 11 158 248 129 42 126 113 227 53
    51 152 0 55 194 88 176 113 114 175 74 160 209 236 16 48 133 29 29
    199 95 226 228 83 129 22 242 72 31 69 66 75 207 69 175 226 120 156
    195 161 37 113 128 148 191 71 190 197 33 221 47 143 31 178 66 61 155
    196 247 151 185 102 66 134 116 53 54 255 83 132 135 248 25 249 95 13
    171 55 60 25 202 150 238 173 102 151 208 243 16 143 118 235 243 55
    83 173 91 80 5 5 75 221 192 214 6 10 112 27 40 185 250 125 118 8 217
    76 107 11 244 205 132 26 205 45 244 126 119 73 106 90 57 223 244 121
    136 29 152 244 0 42 24 220 171 144 95 52 119 175 48 24 148 107 212
    110 26 151 199 106 98 46 26 38 163 128 159 94 124 219 9 22 82 121
    137 43 200 116 214 61 4 221 249 0 253 62 46 42 220 152 95 33 80 75
    228 44 165 192 23 51 244 155 144 154 196 28 141 232 30 72 193 49 188
    179 84 97 6 73 84 26 218 83 100 198 47 192 134 120 130 255 136 101
    12 163 7 56 253 221 195 70 100 200 23 114 137 196 167 28 121 242 232
    131 126 226 110 60 45 231 215 138 215 208 130 161 50 214 107 25 242
    107 248 116 84 144 167 188 61 190 117 129 108 15 31 55 147 124 75 19
    167 115 192 55 63 1 13 235 109 167 142 194 153 125 19 116 140 113
    166 239 216 50 109 188 28 25 122 66 31 64 23 213 77 60 204 96 73 107
    226 0 251 61 42 21 205 12 63 147 162 240 98 245 53 150 147 143 119
    248 217 235 7 64 29 122 220 195 85 131 16 77 166 21 72 205 151 30
    197 83 7 64 193 22 212 232 67 122 171 236 237 203 62 111 118 86 36
    78 168 99 197 29 127 105 94 17 153 211 155 75 33 50 105 146 223 101
    239 253 205 96 154 39 218 217 40 160 155 44 229 0 29 234 167 102 23
    152 25 168 187 235 5 144 249 240 107 184 68 26 88 3 3 142 43 61 138
    226 153 25 89 142 229 45 182 100 190 233 65 16 174 7 99 23 191 119
    108 185 81 68 58 199 152 251 111 76 137 98 69 54 55 61 167 53 173 80
    94 82 249 89 124 87 245 145 205 45 46 147 154 225 128 6 177 139 230
    91 179 94 228 157 155 4 182 138 20 115 37 178 179 231 101 169 156
    169 98 32 43 158 26 237 204 103 49 66 121 112 50 194 12 112 110 61
    248 246 233 10 46 192 63 42 217 166 182 51 175 167 7 24 109 249 91
    228 225 66 45 142 102 68 114 89 235 42 227 221 42 102 10 19 247 61
    107 111 140 186 102 109 254 231 166 244 62 229 212 171 227 50 120
    114 209 143 221 8 84 58 181 82 143 152 231 19 176 77 112 186 92 98
    11 104 158 96 234 128 131 170 75 232 68 75 37 177 84 14 143 158 232
    8 149 22 126 233 29 15 247 208 94 196 13 103 245 25 63 135 15 157
    186 206 149 141 222 239 223 30 149 103 112 111 63 64 14 198 148 91
    248 130 38 168 152 210 253 73 88 243 209 194 138 191 182 55 43 122
    23 105 195 59 197 29 103 130 182 114 249 93 198 11 89 44 155 243 226
    59 136 179 56 97 83 75 47 226 186 10 174 111 97 43 14 90 56 118 127
    16 138 76 206 158 170 235 157 145 254 30 35 11 108 122 18 66 50 84
    113 133 168 226 92 114 164 166 6 108 21 59 246 27 175 158 99 155 124
    85 112 72 51 70 165 5 122 57 102 23 161 238 183 204 45 104 199 232
    100 88 171 54 245 239 54 232 132 165 63 235 248 58 41 74 181 29 146
    126 9 118 167 98 14 251 35 220 69 224 154 59 237 206 59 23 178 135
    123 199 30 212 162 123 51 243 54 209 98 147 163 37 228 176 97 186
    128 221 212 155 130 240 53 159 84 119 56 203 36 210 105 30 134 38 83
    120 158 94 157 67 129 36 77 77 150 129 113 15 29 241 107 254 147 106
    146 43 80 147 211 235 66 82 44 243 150 23 120 182 136 19 137 155 79
    224 81 85 234 157 53 81 153 26 124 199 145 65 137 219 37 65 216 3
    173 45 162 124 147 34 77 111 30 43 107 144 181 145 44 46 22 68 173
    201 216 198 73 32 15 22 129 189 221 32 147 103 21 185 155 215 239
    134 67 237 94 240 182 239 204 231 79 57 150 133 107 183 64 211 89 38
    85 148 209 234 233 45 168 54 56 18 95 20 51 211 138 128 235 29 103
    42 172 92 20 10 124 135 20 220 135 119 124 10 184 65 185 146 171 229
    25 214 178 229 48 28 166 232 40 201 241 161 193 217 174 246 144 120
    147 108 10 221 8 96 124 63 147 172 79 204 241 203 150 232 62 240 48
    213 21 9 159 81 20 172 160 19 76 187 228 238 205 55 26 148 41 49 182
    39 105 216 213 98 237 99 100 175 196 48 187 59 5 98 124 67 157 228
    234 237 206 217 169 189 93 162 69 40 207 207 80 69 24 153 131 200
    244 181 119 233 204 153 135 83 5 173 95 15 224 188 224 86 219 126
    218 215 113 223 187 161 149 138 223 62 22 21 212 246 114 116 210 101
    144 52 169 100 158 212 28 48 173 63 216 203 112 59 77 9 36 153 60 33
    152 6 120 84 16 249 223 182 58 27 234 222 105 191 72 210 84 17 222 3
    248 179 246 118 159 5 4 155 74 40 210 121 76 120 82 56 217 215 147
    200 25 48 68 143 15 111 235 199 99 171 195 66 189 142 38 30 102 192
    245 143 106 199 87 239 178 127 59 154 85 31 155 205 86 236 167 168
    110 172 127 199 210 181 73 205 216 100 84 118 35 181 133 26 156 170
    161 172 188 22 103 121 49 243 124 251 70 96 182 235 94 37 116 49 3
    218 177 255 8 112 243 130 51 19 193 139 24 186 128 192 30 50 108 224
    154 237 169 187 4 56 12 142 193 209 26 165 196 214 103 242 84 12 115
    250 171 148 255 153 212 102 108 11 200 185 129 161 134 113 53 253
    157 234 148 235 56 89 185 148 66 188 248 149 41 66 251 224 53 137
    235 133 9 248 120 71 12 129 185 214 44 145 105 199 116 143 80 199 75
    27 139 95 214 118 185 167 255 208 131 49 157 249 94 2 50 108 228 135
    14 40 94 183 37 233 99 130 92 8 252 164 124 250 40 150 203 190 248
    26 196 213 17 109 35 204 192 189 9 203 218 134 247 42 73 72 91 139 7
    124 38 106 173 124 83 220 114 86 252 145 4 229 254 212 122 23 18 174
    193 195 90 145 20 233 138 148 253 193 111 206 84 196 176 173 147 136
    175 157 162 110 71 183 214 15 90 139 5 245 8 45 157 65 119 228 31 27
    87 116 130 37 17 205 204 237 251 63 220 144 220 216 182 162 210 200
    158 27 60 122 84 245 166 163 30 144 153 43 60 126 207 60 158 177 247
    248 12 27 55 132 207 75 254 178 0 34 103 5 69 255 191 35 27 231 111
    84 109 81 14 189 88 165 192 223 251 43 116 229 244 207 74 183 127
    214 228 130 189 89 226 30 34 177 252 105 234 253 175 129 237 114 110
    179 184 190 215 22 31 8 118 48 231 246 135 167 175 81 162 217 75 16
    116 138 52 198 85 200 241 145 14 172 9 153 149 127 226 44 22 222 65
    170 143 183 101 66 207 111 64 71 161 101 21 0 7 76 218 134 6 109 187
    45 199 113 186 107 53 75 154 67 218 185 158 145 127 198 70 64 103
    176 253 79 154 51 206 170 72 35 122 154 160 69 196 88 64 42 196 22
    152 132 212 123 243 161 15 253 37 214 30 169 21 122 133 8 75 163 151
    250 87 204 202 77 218 146 91 251 121 195 115 218 196 96 163 147 6
    208 223 118 77 70 213 194 153 198 189 110 241 198 204 139 90 60 161
    127 184 39 90 232 181 129 237 114 160 238 75 123 209 188 17 87 184
    73 181 169 39 199 77 117 53 129 56 24 134 239 247 97 174 233 198 142
    192 220 245 240 16 236 172 91 52 64 165 245 189 213 250 5 72 89 44
    220 234 206 198 126 185 13 224 70 166 16 134 125 86 114 65 237 10
    174 168 128 12 208 108 172 91 8 108 32 150 159 12 233 21 237 143 177
    175 80 119 42 160 56 29 220 52 48 152 254 59 205 212 222 243 77 21
    160 227 87 220 236 142 126 177 154 140 246 129 73 153 5 226 3 62 125
    237 110 248 201 187 18 96 84 10 186 222 250 210 24 237 184 75 16 208
    104 222 29 54 236 53 136 239 246 180 186 33 9 119 23 70 168 90 223
    243 196 152 24 58 203 133 194 44 116 241 161 198 84 209 166 89 227
    185 193 167 100 217 64 118 143 95 227 180 228 34 179 125 106 151 2
    85 168 145 162 191 197 55 117 69 242 76 117 86 51 88 63 96 217 53
    249 177 190 55 75 41 197 36 214 39 47 182 27 107 145 155 187 106 105
    132 9 225 68 243 234 45 85 189 53 63 146 62 195 92 204 157 12 52 133
    42 172 184 77 52 95 76 3 85 249 246 194 158 105 47 215 234 193 163
    136 96 71 164 227 196 98 37 129 76 42 163 139 208 60 171 19 71 116
    205 251 111 193 137 194 244 220 173 245 21 156 238 81 180 122 22 41
    168 215 19 46 220 87 92 115 56 36 104 35 168 23 185 65 250 139 14
    218 168 186 244 6 27 88 138 108 204 175 221 154 91 167 25 20 84 213
    74 162 127 165 149 58 211 65 122 136 15 165 247 111 61 122 138 207
    139 254 68 66 56 60 152 90 101 65 71 187 203 133 199 38 69 33 25 247
    105 223 110 140 28 220 46 255 35 155 5 234 218 44 72 92 185 110 191
    160 36 163 79 32 248 139 240 176 212 133 227 192 134 13 101 128 127
    133 51 247 154 3 102 243 167 208 253 247 72 211 186 228 89 98 52 222
    159 225 200 57 88 17 180 86 205 158 110 194 170 99 66 96 236 240 131
    98 89 211 190 38 116 226 158 233 57 41 230 209 21 107 129 116 154 62
    45 23 173 56 218 111 129 175 125 99 235 214 253 18 159 170 86 212 58
    195 233 230 7 151 207 116 67 61 40 170 52 84 6 162 28 131 156 132
    232 50 211 181 229 41 160 142 148 208 33 90 246 218 181 215 220 194
    184 74 235 69 228 67 84 25 63 19 117 108 196 4 21 96 18 65 18 87 170
    167 122 70 219 136 230 118 110 79 43 230 155 105 199 76 181 3 249 33
    40 85 40 44 148 112 75 40 73 163 185 254 16 171 111 203 9 199 118
    177 65 206 25 86 62 51 219 189 228 75 33 47 241 126 221 252 92 21
    193 107 231 152 166 55 236 8 250 106 223 200 66 231 69 203 231 186
    49 149 230 174 47 155 1 229 198 235 62 243 15 10 111 137 149 96 204
    60 16 254 69 11 2 40 225 194 201 238 176 130 105 110 178 191 135 174
    61 224 78 88 4 18 14 228 246 134 34 254 192 128 58 171 15 167 195
    245 244 101 251 141 153 187 157 41 139 49 11 140 21 204 40 206 191
    156 124 237 246 141 103 218 0 51 199 185 129 99 75 171 87 191 82 1
    158 144 190 17 105 61 137 11 246 1 40 108 86 4 12 137 242 246 48 202
    161 206 220 143 202 212 56 152 15 245 185 133 154 30 86 141 234 1
    198 12 169 253 29 196 32 63 62 115 60 116 229 217 102 148 110 105 90
    122 27 10 72 208 198 183 3 26 213 27 234 71 85 128 141 162 183 123
    207 68 46 238 156 68 84 33 73 206 46 205 243 44 227 185 58 224 6 92
    162 74 131 83 216 2 25 176 91 130 55 209 151 29 189 138 200 32 223
    232 177 46 38 186 172 22 237 224 93 123 222 97 246 39 102 42 188 116
    227 173 153 185 104 196 79 210 35 185 164 217 161 29 150 119 97 226
    254 206 179 99 86 201 26 74 181 255 192 125 96 72 212 25 157 14 218
    99 123 84 218 3 65 213 75 232 153 237 41 221 24 110 111 108 254 245
    76 130 243 161 203 220 37 30 189 32 222 108 66 131 21 107 19 203 105
    39 159 162 46 61 57 22 15 160 233 60 138 1 68 187 129 213 71 233 182
    121 182 28 223 124 51 214 162 255 5 38 214 140 172 118 49 124 189
    122 185 87 145 141 167 236 38 2 11 174 106 177 25 75 68 174 120 224
    231 150 170 123 98 183 138 145 215 240 95 221 126 248 237 217 125 48
    18 152 124 186 141 211 32 131 162 170 161 45 20 149 83 186 133 120
    22 214 68 63 230 66 196 139 204 232 125 223 37 184 174 221 106 208
    221 59 75 72 81 239 148 136 164 116 103 145 188 19 244 200 13 179
    110 197 111 58 162 240 106 85 180 203 196 17 130 80 151 160 184 118
    68 155 139 36 152 157 91 243 216 58 94 27 205 214 148 41 203 186 222
    189 187 72 55 85 135 240 108 123 78 66 33 63 158 217 210 172 3 116
    126 37 175 190 33 122 217 232 123 107 193 241 184 25 48 187 112 101
    138 104 140 56 183 198 61 78 218 141 33 88 126 16 176 207 177 178
    185 167 145 106 80 152 92 169 174 96 140 207 168 179 236 99 16 94 84
    48 148 232 129 138 93 4 78 113 127 71 239 73 57 138 31 122 250 140
    104 123 173 250 140 152 205 136 177 58 144 247 55 201 140 224 70 38
    234 243 46 141 236 40 221 135 175 78 115 16 120 163 191 164 167 145
    47 22 200 182 10 131 52 15 214 19 111 135 28 43 107 127 10 167 20
    171 210 194 108 242 74 48 43 143 45 228 167 200 142 154 180 13 138
    71 89 188 221 131 103 58 198 189 17 146 140 185 113 77 48 190 75 216
    146 86 107 86 68 198 88 114 95 108 173 202 221 72 242 29 181 127 145
    168 222 28 167 188 104 171 201 204 35 132 178 162 70 197 69 151 158
    255 2 222 249 33 139 95 252 126 35 245 245 218 40 10 41 98 71 90 180
    200 176 11 158 244 92 238 161 207 114 144 90 113 139 2 204 56 129
    167 20 211 174 32 104 163 207 214 54 14 151 198 156 198 253 203 221
    151 175 220 104 192 201 195 197 123 226 154 124 241 12 174 103 36
    154 241 123 227 57 114 121 153 201 230 137 38 197 101 237 237 29 75
    123 34 49 10 185 129 93 83 170 187 58 153 146 76 139 226 60 74 146
    148 114 36 223 160 217 3 240 139 239 17 68 15 69 74 28 101 186 78
    156 17 75 114 95 20 122 64 118 142 219 52 85 109 59 150 207 236 198
    76 191 17 249 77 135 70 12 14 237 141 150 186 9 145 182 21 20 50 95
    145 157 237 15 70 80 54 30 4 87 214 207 249 10 78 105 45 211 28 0 86
    84 251 28 19 129 180 100 129 10 191 4 118 24 237 255 162 213 92 9 98
    12 73 191 65 162 214 189 131 154 158 10 145 160 70 102 125 159 213
    84 97 80 246 167 175 154 215 226 76 236 46 121 163 167 227 131 182
    11 89 207 142 9 177 58 6 228 159 116 196 67 209 137 5 55 181 77 169
    238 58 5 144 120 138 189 90 200 138 36 183 180 217 78 136 82 220 41
    118 62 116 50 250 223 83 196 102 136 87 154 142 163 166 0 240 80 95
    221 20 145 183 237 73 141 221 48 138 112 198 249 176 125 158 16 93
    14 82 81 212 45 195 153 217 102 96 114 100 22 12 220 131 65 167 22
    234 105 125 109 136 68 105 157 35 224 65 227 143 62 130 3 218 212
    216 74 136 169 213 91 212 205 244 247 159 191 98 187 199 133 137 162
    52 62 202 241 90 2 94 244 22 176 50 149 208 246 116 0 232 31 226 13
    32 99 181 151 45 190 193 132 29 29 77 20 104 233 36 96 25 17 252 75
    94 230 215 60 170 90 86 233 122 128 69 189 30 161 177 245 246 22 43
    184 117 241 90 192 171 5 80 37 100 20 238 46 135 58 250 239 197 192
    35 129 208 138 34 16 162 120 114 35 140 209 162 86 55 255 56 173 187
    107 120 57 150 161 92 35 24 53 192 127 243 216 60 197 166 71 245 131
    239 198 103 51 41 124 195 32 191 247 150 88 134 7 123 247 169 76 153
    62 233 207 53 64 80 60 140 112 159 82 193 54 177 111 197 176 182 166
    143 107 73 238 73 195 81 85 78 252 191 161 92 90 0 138 214 36 115
    128 95 181 58 114 109 44 95 81 154 11 126 241 244 90 55 135 55 208
    143 92 50 130 203 67 221 168 92 45 18 255 12 131 164 235 144 134 103
    170 58 169 6 51 7 134 56 12 152 7 62 75 106 220 157 23 223 82 116 47
    57 64 95 90 126 253 153 145 138 71 176 6 48 100 180 70 38 231 22 180
    73 252 50 219 21 221 39 196 146 108 200 168 147 227 245 255 138 176
    117 35 100 216 9 0 157 234 15 18 51 109 6 177 45 225 139 191 156 65
    72 65 195 211 84 125 55 216 127 247 167 236 173 18 50 245 105 242 61
    7 97 75 198 138 172 66 202 166 58 148 149 74 40 117 45 14 211 106 64
    255 104 81 128 161 38 1 156 174 104 9 128 219 30 243 141 208 182 123
    204 195 63 94 219 69 97 158 99 135 26 130 192 5 87 42 133 99 9 55
    144 27 164 70 163 124 224 182 200 95 149 205 140 214 110 207 141 33
    28 43 225 146 236 50 229 172 55 193 39 26 198 169 119 225 208 48 107
    198 68 24 228 145 22 55 112 129 241 191 146 223 120 116 201 173 61
    122 62 116 6 142 63 137 0 45 155 36 83 79 142 8 48 150 40 111 13 105
    198 135 254 248 93 230 11 200 33 49 228 36 199 189 5 129 204 144 92
    226 36 14 238 98 8 50 34 35 223 40 150 8 48 169 158 160 190 195 195
    204 129 152 219 139 15 49 221 168 121 20 237 68 4 175 180 69 0 31
    144 205 250 129 54 168 202 69 65 154 76 76 94 196 81 204 121 31 65
    71 32 211 159 180 85 90 220 22 15 244 156 93 43 118 95 8 244 120 201
    85 189 162 207 111 83 221 190 33 64 147 229 108 239 193 98 102 156
    93 69 220 225 1 150 250 194 210 142 16 67 159 210 161 88 151 92 239
    40 13 185 67 145 242 69 26 39 150 228 126 227 54 18 48 172 202 217
    208 248 250 211 16 108 104 228 111 6 94 51 22 228 247 88 27 57 29
    250 111 216 36 158 156 158 254 42 4 96 7 231 26 155 24 139 57 118 95
    46 90 240 91 145 122 39 168 190 119 199 208 237 8 235 117 30 238 105
    20 72 202 243 222 116 107 67 152 189 110 239 174 250 109 87 89 165
    61 27 55 17 9 37 10 104 246 146 160 226 59 118 136 210 221 26 86 27
    52 215 75 222 210 178 125 115 88 181 78 104 73 123 218 211 64 31 83
    56 169 20 133 214 31 162 101 220 247 91 81 167 251 35 64 191 166 183
    112 235 29 220 187 132 222 77 232 252 125 191 136 113 84 124 103 126
    93 237 227 91 114 201 40 184 10 131 168 83 211 24 77 17 6 135 169 82
    243 144 23 229 254 84 239 115 197 25 225 237 200 191 169 247 51 205
    176 42 95 129 249 225 134 163 141 88 99 222 224 36 102 28 5 95 7 135
    11 161 205 117 136 30 245 235 128 40 22 184 47 247 214 158 190 224
    16 101 60 213 91 114 81 232 209 246 147 173 222 227 241 22 88 18 134
    60 151 194 60 16 20 221 121 135 134 64 236 66 206 240 135 46 150 130
    6 119 152 82 202 202 23 201 171 48 40 246 200 222 121 141 21 238 213
    41 94 131 201 213 37 22 96 212 1 83 188 142 77 76 165 154 252 137 83
    224 68 68 154 188 172 111 177 140 200 5 86 239 23 76 63 82 67 118
    165 154 186 54 113 89 97 166 82 132 69 213 44 98 104 216 133 0 175
    105 182 40 159 152 145 172 59 62 81 202 191 5 26 114 3 227 110 187
    59 125 129 104 6 138 195 215 217 7 213 56 200 19 253 145 212 143 221
    103 52 235 3 16 19 167 160 202 193 162 23 160 81 204 217 46 150 215
    178 105 132 5 180 213 232 175 37 153 98 230 210 103 195 83 245 211
    222 178 164 16 49 251 198 57 42 111 28 142 77 167 118 207 172 11 23
    75 65 73 236 32 146 234 94 241 141 173 70 108 124 5 163 199 65 114 0
    186 52 245 201 71 201 44 225 83 222 230 49 94 236 198 51 44 152 179
    94 175 124 230 107 22 250 30 236 28 71 248 119 86 20 15 56 195 70
    244 202 183 169 65 237 84 75 10 122 164 200 70 143 33 115 15 175 130
    78 47 168 35 167 245 200 33 137 239 133 103 218 97 87 162 147 130 74
    203 216 203 1 233 234 2 49 251 51 10 148 13 15 204 220 165 39 140
    101 170 181 133 154 211 193 200 133 234 245 144 141 18 181 20 77 96
    132 138 141 20 113 249 246 221 98 166 217 28 32 157 52 5 41 129 171
    83 199 40 201 29 121 105 188 22 66 41 207 9 235 73 86 172 236 225 76
    252 187 90 145 118 178 207 113 72 126 30 140 215 41 28 134 114 3 17
    61 205 181 25 194 40 251 249 22 26 63 245 220 187 96 169 70 69 99 79
    15 109 36 254 214 226 69 175 75 213 143 248 175 111 134 36 6 236 138
    95 165 209 152 125 62 60 76 205 182 120 83 221 167 200 207 184 161
    21 111 146 78 40 138 171 253 155 45 42 75 63 182 106 150 26 244 9 79
    5 54 12 196 178 65 62 209 34 198 192 152 62 2 109 1 231 162 130 103
    147 166 84 112 191 137 70 234 30 16 245 200 155 146 94 137 185 212
    103 239 171 123 14 152 237 210 160 137 116 146 160 165 176 116 234
    128 88 47 53 140 13 238 13 111 180 144 195 110 9 65 150 92 131 230
    164 221 234 37 155 105 199 153 61 251 138 105 65 169 184 95 246 132
    2 44 13 235 224 22 246 139 143 122 132 39 117 36 124 255 48 203 15
    116 149 5 193 28 115 224 233 236 134 89 30 115 225 139 133 249 133
    97 80 56 26 102 140 18 15 219 249 139 57 246 38 154 20 94 129 110
    137 82 215 116 20 228 51 72 238 42 116 213 243 220 185 169 63 254
    126 24 233 95 95 79 34 241 232 101 107 157 175 164 135 108 228 32
    180 89 208 187 27 139 5 124 227 55 200 22 249 11 144 114 244 92 160
    110 230 230 89 5 76 181 174 7 217 227 211 31 19 248 61 129 237 47
    229 150 212 142 35 103 125 243 30 224 230 213 37 33 48 199 33 58 58
    52 78 250 7 150 229 71 243 77 111 62 38 59 3 88 139 74 229 74 147
    150 86 238 91 102 106 138 240 21 65 205 68 4 80 156 85 86 140 192
    158 118 93 249 213 92 31 222 180 72 91 240 157 212 95 204 4 247 173
    94 199 162 125 105 131 73 164 231 137 92 97 250 156 26 238 204 144
    174 199 180 72 233 119 132 0 41 236 99 192 144 137 210 254 108 127
    108 116 225 203 50 116 249 232 24 196 176 95 6 73 144 124 185 27 37
    207 170 62 125 244 196 109 213 224 197 243 26 34 138 34 212 112 95
    69 173 194 6 228 98 36 101 73 77 84 66 188 138 57 80 159 54 124 231
    206 58 230 218 21 156 231 126 34 116 216 27 161 122 203 202 213 162
    254 220 165 16 253 73 90 219 58 136 139 217 5 136 29 0 171 72 241
    144 195 154 184 130 119 22 154 9 148 25 193 68 46 226 42 17 178 182
    34 189 66 196 117 70 71 166 37 63 36 124 146 254 46 225 210 65 152
    134 128 16 114 160 78 248 218 242 44 23 92 113 27 46 227 73 6 134 70
    172 100 238 181 19 191 245 246 81 205 150 204 73 143 180 61 4 147
    210 253 69 124 230 162 34 97 45 226 117 143 171 215 86 208 76 70 254
    254 222 217 217 1 0 212 170 246 99 200 115 224 181 173 147 178 134
    133 36 7 242 80 53 192 142 229 221 130 113 31 198 180 8 75 156 97
    119 183 99 39 144 195 200 230 34 174 26 110 120 149 139 72 139 90
    142 67 165 121 33 231 83 49 119 2 190 174 73 156 126 97 154 172 204
    156 75 23 47 79 43 4 91 73 120 4 137 11 129 234 190 16 141 163 19 53
    37 3 244 146 64 153 82 236 114 130 190 113 171 182 27 141 240 251 26
    69 191 112 97 43 231 132 108 106 2 169 140 198 180 218 139 21 48 148
    223 223 127 43 191 65 38 214 162 20 27 137 72 138 145 167 130 109
    213 32 175 8 44 87 38 231 251 57 117 247 28 181 235 76 217 188 25
    202 177 174 7 213 97 63 101 132 84 45 234 178 209 30 188 148 236 47
    50 74 233 52 205 73 149 41 196 66 33 80 250 82 173 116 161 251 21
    127 119 227 238 204 253 170 209 32 80 175 77 80 17 7 88 242 174 253
    57 5 16 123 49 138 172 119 135 86 147 87 232 93 125 237 6 206 58 243
    239 158 190 167 126 211 150 213 178 47 90 106 150 178 228 3 104 175
    10 66 219 149 158 164 168 63 21 11 115 216 108 176 173 65 1 179 123
    152 26 231 253 15 220 171 141 115 37 184 164 199 128 91 206 24 42 20
    139 11 170 20 159 250 221 35 60 32 194 7 163 98 152 145 94 222 187
    211 13 182 166 66 19 144 111 69 235 250 97 248 17 243 6 67 242 124
    80 136 145 203 3 228 63 192 189 116 208 1 95 37 58 60 206 150 220 18
    220 203 8 242 68 104 156 56 242 209 222 37 219 82 88 247 108 41 28
    130 233 48 141 186 127 131 240 34 67 56 103 121 182 193 40 139 251 0
    5 164 84 11 74 68 235 98 255 21 204 97 72 225 39 144 46 145 59 157
    159 201 148 3 88 0 98 236 194 17 23 123 122 47 188 238 68 220 24 112
    82 81 100 250 18 186 63 115 10 105 175 82 235 61 177 9 24 179 225 32
    74 97 97 237 166 52 134 175 136 93 165 108 64 184 78 160 214 11 111
    117 62 44 8 93 166 91 144 48 89 186 37 113 147 145 136 69 83 25 135
    48 199 154 236 10 84 229 32 251 172 91 60 98 33 37 169 80 245 1 89
    10 95 167 190 244 131 16 150 140 220 153 209 107 233 69 40 202 114
    149 128 205 76 254 231 187 228 197 98 10 12 44 182 227 128 158 44
    217 152 141 90 155 124 79 76 1 103 63 226 213 78 142 246 60 228 219
    67 31 7 181 233 174 22 66 45 169 105 205 90 89 182 92 224 131 4 24
    14 98 52 125 180 144 179 238 89 2 175 57 50 145 30 162 157 212 149
    138 8 198 235 98 197 74 38 13 213 0 209 240 67 193 167 212 5 143 77
    143 249 175 200 111 206 200 33 11 40 154 17 231 182 249 240 143 44
    103 215 115 158 33 185 98 242 196 114 57 198 17 239 231 254 171 165
    234 179 248 102 128 41 136 202 85 140 184 43 99 104 203 184 37 248
    18 164 30 207 1 91 181 177 167 232 94 57 17 92 26 167 153 81 115 16
    77 68 193 43 205 59 221 233 169 172 165 42 116 83 157 212 17 45 82
    56 123 99 255 87 122 1 85 13 8 111 63 71 210 20 80 112 240 29 243 47
    180 94 12 47 106 179 230 123 33 162 26 19 206 67 2 98 14 216 135 6
    181 80 88 228 84 93 137 77 138 57 143 91 155 226 254 26 119 54 133
    228 87 192 186 58 90 202 175 254 134 42 56 35 14 215 150 86 49 242
    167 85 222 249 62 177 195 132 200 39 191 125 10 89 208 224 158 169
    248 109 173 58 50 29 209 80 222 3 170 222 174 151 35 196 134 12 202
    40 209 90 233 93 205 52 57 226 190 167 43 231 43 118 180 28 92 198
    127 133 150 65 45 173 28 104 128 57 196 157 25 78 92 151 1 224 242
    164 248 8 35 9 71 98 210 252 158 127 142 60 246 126 247 229 188 33 7
    123 54 185 151 220 36 125 36 166 130 105 151 27 145 225 209 41 208
    101 222 225 120 23 205 138 110 178 165 157 52 143 36 60 167 65 122
    179 132 116 149 116 71 121 108 148 136 216 169 208 234 226 196 110
    110 143 95 201 109 77 175 25 161 156 227 52 96 144 253 178 245 91
    166 199 20 76 236 200 11 77 45 21 4 237 27 185 34 239 68 80 108 96
    10 72 230 47 28 124 209 180 21 159 132 236 142 11 54 180 204 103 225
    61 47 236 230 111 205 21 238 143 238 138 177 19 177 191 205 185 208
    206 210 138 87 215 147 11 86 166 20 109 213 215 133 137 189 208 227
    0 157 244 125 30 194 47 4 50 87 117 241 96 11 171 184 130 7 218 18
    163 253 124 137 151 211 92 26 143 201 239 204 155 160 17 248 155 64
    172 246 243 246 105 62 231 144 164 135 123 25 214 157 39 146 5 231
    245 71 100 134 231 39 16 245 103 80 59 238 118 77 102 189 67 27 2 61
    28 250 198 135 160 190 139 40 10 179 55 13 35 71 49 245 161 139 221
    24 48 42 10 232 72 253 162 248 243 9 12 180 41 210 57 124 220 78 55
    85 122 238 66 184 189 44 127 71 42 77 118 198 240 40 33 115 5 40 164
    165 142 32 195 20 204 57 200 120 143 81 130 19 148 92 242 55 105 237
    155 36 19 133 254 21 69 170 148 148 193 88 246 31 142 233 133 227
    132 153 125 213 99 27 100 109 23 228 227 112 99 222 216 93 150 177
    78 152 249 69 171 192 13 249 184 198 251 97 146 232 121 74 21 183
    165 24 240 207 169 186 13 147 2 186 243 126 45 192 139 123 12 116
    245 60 212 37 57 244 176 86 37 142 17 72 31 192 211 193 29 88 21 11
    89 200 0 51 97 170 40 220 204 141 206 106 52 86 153 103 141 5 178 86
    213 240 66 149 12 180 60 168 254 122 177 139 94 126 37 15 139 207
    237 199 239 238 113 144 67 164 138 202 1 119 127 103 165 126 167 91
    36 221 124 193 197 131 34 125 130 51 106 61 163 180 103 142 41 46
    147 66 53 98 200 34 196 101 104 157 144 129 101 146 204 219 37 244
    25 15 165 114 173 98 49 43 92 11 214 24 13 143 71 212 203 30 102 219
    62 151 180 25 68 35 142 244 143 252 217 43 87 106 134 159 173 212 78
    212 145 236 151 80 59 64 251 99 12 117 83 86 52 94 110 116 91 3 64
    29 5 18 25 82 132 228 138 74 139 150 228 11 211 164 163 217 239 108
    151 204 122 25 232 182 182 134 86 34 172 199 161 245 204 163 41 13
    62 213 93 123 113 231 38 178 207 47 118 229 202 183 205 163 16 155
    85 189 171 23 23 200 54 221 188 241 33 112 62 253 150 245 86 132 211
    202 219 129 193 135 71 228 90 4 183 114 242 202 88 97 23 55 191 244
    3 43 213 182 58 174 8 255 32 3 73 19 214 13 63 185 209 205 45 105
    192 208 115 164 217 209 126 251 211 7 251 89 10 8 163 224 143 165 49
    212 102 83 253 156 174 86 4 61 171 244 190 140 83 255 83 113 181 232
    237 174 238 132 185 224 244 4 219 117 231 234 111 191 81 221 88 203
    84 202 161 247 56 211 108 45 208 244 216 6 26 172 98 22 56 166 114
    153 218 71 63 146 30 44 181 162 238 214 86 228 145 59 220 146 150 16
    191 229 148 94 52 208 192 232 212 231 143 160 121 117 38 59 216 139
    104 235 150 229 173 131 34 139 197 24 123 166 148 9 202 146 122 20
    117 58 142 12 220 87 208 76 21 103 110 93 236 255 212 88 101 89 248
    204 167 227 68 58 138 208 150 127 109 173 0 137 193 158 164 94 183
    106 44 234 17 217 208 57 146 16 94 204 192 190 19 24 196 109 247 74
    159 44 178 151 112 125 10 32 35 97 149 64 221 108 21 57 123 107 243
    164 159 167 178 102 13 177 226 1 151 113 28 75 239 231 6 45 111 163
    157 82 36 38 87 28 125 148 32 98 62 149 240 44 64 170 134 244 171
    151 109 178 89 14 35 66 104 83 216 144 45 208 110 215 212 246 93 164
    145 81 52 177 126 252 168 81 95 38 23 105 126 41 79 215 114 203 13
    178 109 8 15 156 160 238 84 64 125 102 78 172 215 140 215 155 163 66
    226 9 37 10 216 199 129 87 13 187 88 19 230 185 219 6 131 244 213
    223 238 196 205 150 106 108 210 86 230 231 119 180 98 89 40 161 206
    59 67 132 234 253 185 14 203 74 77 45 97 64 46 199 202 30 129 166
    178 113 207 116 249 150 86 213 28 19 81 162 49 72 83 84 45 128 161
    89 208 247 184 105 183 195 41 124 163 199 223 216 71 9 118 132 37 78
    250 180 186 129 141 113 149 74 247 244 63 188 72 84 87 239 176 180
    69 83 156 251 0 21 130 77 123 143 49 116 38 97 218 118 161 69 32 65
    32 247 15 148 215 106 56 5 3 114 2 40 134 143 252 125 195 179 36 224
    140 75 28 146 92 37 33 183 69 160 17 216 228 101 59 60 25 186 91 23
    155 100 28 161 242 131 207 70 59 35 235 136 151 193 254 95 221 165
    191 181 1 130 26 125 50 32 205 201 209 63 21 11 232 255 161 150 103
    11 34 77 19 131 40 86 2 140 190 252 91 210 160 71 220 148 29 223 170
    108 82 47 114 227 111 255 80 137 69 214 209 240 52 133 50 166 105 56
    207 24 224 230 233 85 254 135 154 184 97 103 114 211 250 245 84 156
    223 120 2 124 100 249 80 43 150 131 120 185 36 81 131 181 74 195 56
    107 9 103 247 146 253 10 179 229 112 84 5 145 242 238 42 224 171 253
    67 38 115 34 55 184 197 40 226 139 231 204 183 127 75 16 234 205 18
    82 192 181 192 230 91 227 166 147 82 229 153 73 166 230 13 210 252
    131 246 110 248 21 97 17 37 13 236 76 88 45 67 111 5 134 104 6 179
    203 8 235 6 6 98 36 169 69 141 131 163 11 84 197 130 235 118 122 96
    192 16 106 139 42 110 109 243 231 208 103 39 218 198 190 204 175 102
    54 12 162 50 114 23 235 89 192 133 103 211 218 123 54 140 89 198 172
    3 29 170 82 133 57 37 183 37 242 150 220 46 45 62 30 221 102 33 190
    103 52 204 221 114 80 246 7 72 248 221 163 113 33 32 31 245 156 230
    245 234 181 46 224 19 228 54 53 51 4 106 176 9 61 235 135 194 63 20
    176 46 14 254 217 170 142 121 123 60 104 37 116 60 155 69 63 118 67
    37 40 154 93 240 33 18 64 106 167 169 184 68 246 149 243 7 254 229
    175 252 55 39 8 150 255 196 13 231 0 91 246 109 158 26 223 213 127 6
    134 169 100 116 101 228 196 7 249 80 189 239 113 30 133 192 49 166
    66 222 165 17 159 141 213 24 44 19 90 129 19 203 215 82 134 145 18
    143 30 17 80 181 17 175 222 220 24 223 103 251 200 104 107 250 194
    79 186 206 102 50 179 163 20 23 15 177 9 196 45 109 236 152 130 152
    161 155 48 34 147 158 152 250 178 152 157 94 20 179 4 155 24 212 27
    173 140 128 86 142 193 251 104 237 108 131 251 85 202 98 114 125 94
    235 194 117 14 107 106 112 22 149 50 230 63 66 14 251 100 243 231
    134 184 39 63 177 63 208 237 225 13 145 52 190 45 4 111 231 204 149
    120 80 223 151 68 36 163 233 82 167 103 151 223 35 127 127 227 138
    137 148 59 242 148 143 42 77 13 138 129 25 238 193 121 243 199 107
    14 251 204 103 81 156 14 20 250 180 156 195 141 222 20 11 18 119 68
    155 185 146 229 82 126 11 205 238 160 25 217 211 58 164 85 113 122
    157 143 243 200 91 111 108 240 92 63 143 165 43 161 225 125 93 176
    68 30 254 153 215 183 99 71 213 161 58 117 147 248 132 177 76 98 45
    97 45 0 162 213 191 111 180 255 37 16 110 27 8 13 156 107 167 4 180
    156 46 149 71 18 59 207 195 67 131 200 8 152 70 246 213 215 245 215
    64 43 78 230 163 18 243 175 154 131 37 61 246 188 224 34 253 254 175
    81 189 38 145 58 81 83 96 91 18 178 181 3 121 219 255 3 98 77 62 88
    244 197 90 137 247 75 183 228 228 110 132 80 23 180 244 99 17 41 241
    112 4 252 105 160 251 250 26 147 22 67 112 181 140 176 100 225 71
    183 154 128 200 247 245 151 49 191 91 69 70 83 240 72 93 96 19 91
    170 154 163 34 255 26 91 183 116 188 87 51 10 225 167 97 105 93 213
    255 51 17 255 148 247 111 64 17 186 225 21 254 67 113 166 48 249 113
    46 2 60 8 88 127 7 15 129 45 46 27 16 166 184 36 150 35 186 79 97 94
    142 78 234 66 62 159 255 121 18 192 182 31 19 78 38 20 14 74 30 87
    103 103 206 250 235 200 224 44 45 200 133 187 20 24 59 22 44 181 98
    187 48 216 77 201 43 7 43 97 38 42 62 158 156 21 78 198 113 147 63
    252 72 52 156 241 225 238 165 106 90 125 134 1 7 219 75 130 101 237
    221 28 52 20 174 181 202 9 103 223 150 31 179 91 33 96 195 200 114
    191 217 94 84 139 71 57 7 91 83 237 3 193 185 231 160 54 198 48 152
    85 243 224 129 56 79 99 222 133 212 61 84 106 1 252 47 212 205 42
    175 59 9 249 154 0 4 174 115 47 200 159 98 74 55 102 224 75 252 56
    246 117 113 218 63 67 217 247 42 254 210 27 36 3 54 219 81 85 42 52
    78 66 39 180 76 174 244 75 143 214 92 202 9 134 114 109 87 194 193 8
    198 71 68 203 18 63 164 218 172 230 88 201 211 198 6 119 123 87 84
    94 34 5 209 111 83 105 253 193 233 98 124 83 140 126 144 40 51 65
    254 139 214 74 8 102 64 167 174 115 131 148 49 155 224 76 201 32 221
    21 54 162 84 114 191 217 134 130 169 170 88 76 58 250 159 123 243 0
    83 192 24 153 74 184 176 74 134 179 215 224 38 134 65 121 119 145
    210 192 164 51 89 128 190 43 204 210 14 97 28 129 184 48 128 67 37
    133 84 240 77 104 90 240 196 60 222 133 239 67 125 233 175 132 203
    81 206 5 191 247 80 77 184 217 154 90 7 62 128 139 89 147 148 110 24
    243 246 200 6 23 203 215 64 54 49 53 69 11 233 70 241 247 5 182 29
    52 48 44 55 26 175 249 151 238 92 94 251 42 46 145 81 35 179 157 84
    96 95 37 151 213 146 5 38 99 188 252 176 49 117 245 15 21 48 152 134
    238 188 46 89 102 45 250 31 4 148 233 81 19 155 91 243 77 247 167
    207 237 111 34 113 129 40 82 169 182 215 83 192 18 83 173 249 182 12
    212 99 213 155 26 74 113 153 134 65 152 209 67 31 15 150 166 134 106
    26 140 66 153 190 88 122 202 208 91 121 180 137 174 199 215 251 12 5
    1 130 113 59 41 75 218 50 121 120 83 216 238 143 240 201 60 22 103
    184 26 30 55 110 68 193 2 234 5 136 117 15 162 219 88 66 1 234 67 0
    88 9 187 20 242 64 213 176 141 114 26 224 80 96 130 111 78 207 87
    211 147 44 237 54 241 251 158 10 55 103 54 147 115 242 223 130 210
    24 144 88 210 136 209 57 249 19 168 187 52 96 162 174 87 40 81 96 30
    195 134 4 125 177 128 188 209 241 208 235 179 157 231 180 231 47 194
    190 200 95 98 205 206 111 21 28 129 47 239 61 126 118 177 174 195
    102 210 232 169 152 89 81 1 203 229 254 115 65 157 14 81 193 238 220
    236 213 48 15 185 158 244 149 92 208 49 203 145 210 147 43 98 222
    237 236 13 148 170 18 36 233 222 158 8 230 211 186 124 92 67 52 29
    26 21 175 134 110 189 183 117 238 229 27 88 145 42 187 210 92 148
    229 227 106 222 84 30 136 131 104 74 102 117 212 142 233 179 244 185
    95 81 250 109 41 4 243 219 148 190 214 186 181 143 204 115 211 231
    73 12 154 126 193 244 137 35 85 199 77 107 32 26 129 205 1 80 19 202
    159 118 56 204 165 221 41 205 67 187 253 93 3 149 196 143 85 14 48
    146 172 119 192 181 252 240 226 40 117 82 82 122 177 112 139 103 96
    227 51 162 75 186 253 191 184 181 179 188 96 151 192 144 5 219 172
    25 61 231 12 36 8 111 214 126 114 219 61 23 219 203 84 192 91 85 148
    183 80 75 180 108 87 8 224 178 200 139 204 94 58 32 185 161 177 80
    229 98 66 252 139 123 113 3 42 90 9 9 150 141 232 219 0 214 131 182
    119 24 40 156 4 226 76 153 35 226 209 206 140 206 235 97 52 190 24
    65 10 57 70 170 236 46 99 199 161 73 55 246 74 151 154 215 20 13 132
    14 205 99 54 11 203 177 62 174 85 234 8 129 101 231 218 40 18 175 4
    135 139 250 238 194 106 130 92 219 20 221 41 221 192 77 197 112 137
    154 125 173 219 19 189 134 74 26 50 21 201 44 254 222 217 67 68 211
    174 3 140 105 15 224 148 137 113 83 129 4 86 63 139 182 195 33 119
    229 220 210 182 240 100 138 87 253 75 202 248 151 141 112 19 140 128
    145 90 219 2 179 35 238 46 209 210 237 32 130 96 194 200 146 150 214
    210 178 90 56 121 50 119 136 21 149 153 71 216 52 39 189 91 27 142
    19 147 19 243 82 200 30 52 138 175 144 152 49 243 9 255 152 99 112
    180 165 117 160 60 101 245 87 230 219 25 251 121 10 242 17 67 109
    199 12 70 25 239 123 154 106 187 98 73 8 160 57 113 143 41 69 30 154
    200 194 29 2 227 111 40 220 180 130 195 175 139 102 248 216 41 174 1
    24 3 5 232 252 137 237 4 214 37 166 3 102 146 144 9 240 5 231 34 122
    119 168 179 223 74 167 227 106 217 149 185 234 234 198 64 112 201 42
    168 246 235 242 110 87 112 90 75 177 213 249 67 39 17 7 157 81 156
    108 32 69 40 230 204 102 128 252 226 231 40 80 179 93 190 232 181 91
    116 122 187 159 63 147 40 153 5 73 237 139 20 4 66 159 12 105 196
    168 71 33 175 160 42 209 214 156 36 219 110 248 147 107 6 249 109
    244 239 7 101 148 52 203 219 70 254 169 221 181 71 86 158 253 92 152
    97 215 66 183 79 188 133 142 21 9 51 218 75 82 225 96 180 175 172
    167 175 189 239 79 106 228 97 174 210 244 193 222 8 201 8 14 101 255
    16 3 74 5 229 112 172 12 45 250 224 211 118 93 230 124 77 177 164 20
    144 203 16 50 231 75 213 31 186 246 20 97 154 20 224 236 191 180 194
    136 52 167 53 12 245 31 44 68 122 254 54 251 244 190 176 38 199 75
    103 46 58 184 212 85 12 47 211 80 126 205 160 90 189 89 34 170 22
    208 112 115 17 10 70 77 172 214 193 124 154 226 217 148 242 19 5 128
    46 76 207 223 229 97 5 180 88 158 116 229 62 1 4 246 73 208 102 101
    56 41 24 161 127 249 254 105 41 39 234 200 14 163 42 40 214 93 255
    129 90 172 224 99 142 28 163 225 113 105 54 220 130 179 131 234 207
    133 25 10 32 238 24 157 17 231 186 106 66 166 46 96 182 129 219 13
    221 116 203 6 172 27 247 217 160 96 69 137 49 1 209 203 179 49 204
    17 111 26 228 17 159 45 181 3 224 172 50 137 247 207 141 131 171 180
    202 245 240 35 112 155 95 114 176 182 66 84 59 35 122 251 76 175 159
    51 114 211 151 124 139 210 208 63 213 232 154 48 93 144 100 176 29
    181 198 149 249 98 253 6 7 190 176 103 55 84 228 248 216 115 146 107
    128 224 7 138 226 199 240 23 167 3 44 179 173 232 113 202 113 254
    191 125 44 29 5 3 28 73 64 96 200 98 154 191 177 79 201 156 186 144
    10 200 170 108 49 76 214 192 197 70 69 9 217 75 141 36 172 73 62 253
    27 83 178 223 185 187 82 68 42 4 71 237 74 120 249 179 50 221 144
    177 129 54 7 131 171 81 75 246 242 191 170 255 99 8 74 160 191 84
    108 212 209 148 113 175 26 46 105 172 2 84 119 155 83 163 212 123 35
    146 166 65 211 229 182 81 52 50 156 34 76 124 141 203 110 33 220 2
    71 79 252 204 112 131 194 225 145 160 196 169 52 174 97 130 166 110
    155 193 185 109 37 53 146 87 42 129 197 76 252 155 235 46 71 227 252
    191 4 51 190 47 215 15 81 147 25 215 127 118 67 19 47 199 76 217 175
    20 70 205 193 170 133 144 61 6 207 26 156 27 168 72 117 153 161 222
    203 21 232 146 125 7 87 90 242 214 131 173 19 169 110 112 139 162
    164 219 243 36 134 84 114 74 82 130 246 223 5 254 101 222 192 29 161
    85 185 72 182 208 211 170 206 21 76 137 115 2 193 92 117 69 237 202
    83 231 221 120 109 60 85 163 185 104 186 67 238 165 177 87 211 223
    90 199 161 38 18 192 155 42 150 192 64 191 189 246 60 97 224 207 197
    233 102 225 136 39 124 195 78 165 46 251 134 76 130 213 7 49 60 83
    19 183 19 47 65 107 245 60 245 20 182 212 115 104 159 116 229 156 48
    30 123 253 4 224 112 9 196 84 212 251 26 203 118 184 207 9 201 68
    113 48 119 19 1 97 230 128 212 117 162 10 209 174 20 26 104 171 40
    140 152 104 194 59 56 248 92 9 122 123 90 225 186 98 99 103 85 61 93
    207 107 37 137 252 195 130 62 141 81 232 226 187 222 237 154 67 66
    123 222 221 75 42 40 59 236 30 136 191 246 7 184 148 41 188 137 249
    35 79 115 153 21 216 179 233 58 67 143 199 68 37 126 208 62 243 150
    186 58 78 102 96 62 235 117 121 173 36 81 170 168 164 181 28 244 45
    70 72 218 58 102 193 67 124 124 8 156 175 242 176 100 226 2 35 53
    110 220 189 164 67 57 66 222 157 221 248 233 227 142 150 218 81 99
    227 183 52 46 49 219 88 186 231 5 26 58 83 200 217 69 216 132 190
    223 30 254 180 159 79 126 177 173 151 93 23 165 35 1 179 116 167 23
    35 152 211 207 199 142 166 97 161 249 57 238 95 139 29 127 248 84
    113 159 39 82 149 178 105 143 208 82 134 20 159 147 135 43 111 118
    106 145 140 171 124 177 168 251 172 137 24 133 136 160 144 37 55 151
    67 40 202 149 20 89 151 106 124 36 137 142 159 99 88 28 115 135 83
    96 184 104 110 233 57 4 128 51 39 247 5 169 11 129 89 181 183 236 2
    192 88 160 140 218 194 171 90 91 18 20 163 170 192 51 38 116 23 129
    57 177 94 180 117 166 113 252 86 36 131 205 63 72 35 244 113 29 28
    197 137 122 9 54 13 207 156 101 116 173 203 92 3 180 29 214 44 123
    127 104 64 158 18 33 160 77 2 213 238 33 142 112 120 86 205 20 21 88
    35 45 43 162 200 135 43 97 231 160 175 104 222 216 40 193 68 98 156
    43 135 136 39 248 211 213 218 134 60 177 205 220 131 131 28 108 219
    187 83 91 205 107 166 190 238 55 51 70 113 166 19 153 92 51 4 70 228
    133 27 180 200 206 219 196 248 173 108 3 67 98 115 248 56 225 80 109
    228 191 246 41 73 22 246 146 180 135 227 68 9 178 44 2 118 233 156
    41 236 150 143 20 25 121 103 65 121 151 246 170 206 36 105 200 156
    81 210 193 40 255 129 223 93 44 140 71 71 249 65 220 237 179 212 131
    49 33 205 28 145 241 190 150 113 92 125 193 189 156 162 211 164 144
    27 141 36 1 153 113 231 155 28 76 187 197 105 157 210 153 108 40 175
    169 13 119 55 133 107 96 243 47 179 220 78 225 215 124 250 50 198 52
    117 183 10 234 37 124 85 250 89 125 104 30 161 28 54 156 51 34 75 40
    122 40 49 11 250 133 171 191 103 78 227 4 45 132 105 229 138 250 12
    232 39 45 210 75 52 224 74 3 213 63 243 235 55 55 204 89 33 127 171
    62 199 203 15 93 97 146 42 233 22 147 98 234 88 58 64 171 221 214 3
    6 55 123 177 86 146 74 243 165 72 198 86 175 32 94 182 148 134 135
    109 41 213 154 223 179 151 200 51 26 130 98 46 96 72 198 78 249 221
    86 190 28 142 230 43 37 169 109 177 214 34 95 249 216 72 232 22 19
    73 56 216 86 230 88 176 166 81 98 21 186 43 70 110 213 45 41 121 156
    113 175 178 128 168 171 94 93 73 164 57 189 144 122 74 47 43 43 61 7
    10 45 134 101 16 173 35 167 141 17 181 204 154 40 163 144 198 60 123
    179 45 209 76 252 101 102 3 80 25 242 62 112 247 58 211 211 24 152
    175 45 254 76 254 43 39 167 132 62 182 219 20 211 222 243 49 238 79
    217 148 127 199 104 70 117 72 214 245 219 3 118 233 150 76 99 203
    245 33 205 99 227 160 170 178 219 128 134 215 134 66 60 250 139 21
    14 20 132 238 190 34 65 249 160 215 7 113 94 29 198 116 56 21 214
    228 145 82 150 164 111 90 100 55 254 213 207 97 168 132 24 33 219
    181 115 138 231 189 213 48 60 32 229 154 206 157 137 230 149 37 77
    53 192 124 197 97 132 14 229 23 111 35 219 84 3 32 192 102 51 182
    232 106 9 103 189 205 124 106 33 195 221 137 130 167 129 137 5 201
    134 49 147 111 147 228 207 10 28 255 226 229 222 221 229 181 155 87
    86 136 238 21 201 30 41 76 29 113 62 65 138 83 44 234 147 70 68 200
    44 135 55 227 94 6 121 255 48 167 168 69 170 151 202 141 15 76 243
    40 57 36 27 121 160 74 206 131 223 17 187 191 195 106 233 194 36 71
    81 201 174 21 142 106 154 184 249 196 53 203 94 73 144 31 87 159 50
    235 49 118 157 96 185 215 253 28 219 110 142 248 56 28 113 86 202 72
    36 65 130 240 25 129 185 242 46 114 140 30 107 14 86 22 45 144 228
    120 139 238 106 69 30 109 221 225 110 164 139 161 224 100 35 50 232
    215 43 21 229 218 235 218 21 211 191 141 156 14 149 214 160 211 81
    72 26 172 126 92 37 244 7 106 32 118 134 126 190 242 160 105 229 139
    156 165 147 24 0 174 220 119 71 234 189 239 3 18 185 178 143 52 106
    204 185 228 249 50 93 250 246 232 109 115 201 130 180 154 61 229 6
    49 91 184 243 172 75 54 192 183 105 13 173 46 23 213 248 117 137 107
    12 188 168 114 47 199 139 10 228 206 61 115 88 70 194 59 168 48 51
    118 163 222 27 93 212 150 235 142 215 237 253 136 200 12 102 231 181
    193 253 234 22 184 193 51 224 181 11 113 200 53 27 230 158 199 179
    236 253 59 61 212 20 244 98 185 19 36 253 192 68 133 73 107 144 132
    73 6 84 167 156 52 58 204 152 54 69 49 61 222 67 38 94 133 98 182
    120 200 169 64 177 214 140 117 235 82 202 154 76 169 202 203 248 84
    49 53 105 3 112 22 35 179 29 244 234 153 206 24 110 184 230 90 216 7
    118 209 12 219 242 89 38 103 68 193 64 67 35 138 7 127 140 80 139 8
    74 11 58 35 131 34 33 82 247 245 9 142 2 144 239 133 194 55 71 202
    219 112 247 155 90 45 91 122 20 231 125 250 125 98 218 45 162 45 73
    134 57 88 214 226 100 161 188 48 225 201 91 77 106 179 73 90 58 19
    93 41 36 239 229 222 240 171 110 130 220 119 6 141 219 68 58 32 210
    144 141 109 183 75 119 57 170 254 53 181 148 124 39 137 225 70 221
    88 65 254 108 249 9 111 192 196 250 41 139 23 207 116 252 255 27 66
    206 254 95 249 127 28 23 98 231 247 255 193 68 177 213 185 219 57
    194 33 196 250 15 135 144 27 146 43 189 175 198 255 229 72 124 85 10
    55 110 39 171 149 242 183 96 130 172 162 154 196 40 217 180 161 68
    111 137 48 24 225 240 233 83 59 110 30 22 177 135 181 59 191 180 146
    122 175 144 136 66 117 204 54 3 21 1 133 58 158 11 230 87 151 228 27
    138 197 241 226 12 112 216 196 33 109 207 114 65 112 79 69 185 228
    215 116 86 152 159 210 68 73 157 48 254 234 116 109 106 208 23 145
    232 127 193 68 245 181 208 74 179 84 124 4 146 62 54 202 22 118 152
    186 13 189 31 99 157 79 126 248 111 29 123 157 174 247 121 122 137
    57 20 16 177 181 133 202 217 30 163 220 190 204 23 71 207 32 210 67
    203 253 198 200 169 197 164 42 28 144 41 130 160 163 152 232 112 194
    213 223 111 94 168 163 230 29 120 31 56 190 142 120 227 61 111 23
    233 85 12 135 127 7 197 254 119 203 206 136 246 235 25 162 137 142
    119 65 8 204 178 51 37 24 87 95 26 67 250 98 185 167 147 181 28 11
    35 16 41 67 162 186 59 108 12 89 128 114 215 199 91 14 140 163 207
    242 52 255 187 181 128 89 74 230 205 29 63 118 26 125 193 211 42 93
    0 133 95 193 184 192 130 147 89 25 111 188 107 153 22 87 250 167 69
    68 165 178 167 117 186 43 114 131 29 58 60 174 113 162 109 253 240
    135 222 102 196 20 20 253 232 167 205 6 8 101 121 211 55 244 96 216
    181 197 213 32 58 56 45 197 27 217 159 86 239 140 13 136 130 59 217
    24 148 105 108 19 129 244 148 34 131 69 244 42 4 61 50 73 58 52 50
    87 14 67 105 35 59 66 11 124 222 36 233 201 151 233 72 167 26 95 35
    67 248 210 198 134 127 9 125 147 104 119 129 254 23 136 217 179 229
    165 149 226 229 77 194 18 37 173 202 190 251 242 43 91 58 36 119 59
    190 254 88 216 215 145 105 216 199 159 58 69 195 13 233 75 157 225
    139 165 47 24 246 118 222 158 16 237 175 234 19 76 139 164 124 219
    29 80 123 54 31 112 198 116 63 81 146 33 23 176 224 92 154 212 22 67
    212 133 18 79 208 240 180 208 235 93 15 48 189 130 35 97 190 251 15
    250 100 195 238 84 117 180 252 142 121 160 207 98 13 70 154 103 74
    94 34 234 204 103 123 184 89 54 53 252 197 196 228 184 3 222 20 234
    145 59 180 116 111 147 192 69 140 46 6 116 172 201 85 68 56 28 46
    138 27 201 194 174 50 46 5 83 82 28 215 182 89 100 10 13 150 255 106
    34 173 73 148 251 0 245 59 7 50 132 12 183 218 95 238 252 121 127
    136 136 25 83 173 170 225 243 116 225 249 180 194 170 253 123 127
    147 46 150 199 80 89 173 57 107 85 138 134 173 237 178 165 153 130
    241 66 93 162 69 255 123 216 79 52 253 175 165 81 125 4 133 221 187
    61 222 153 22 112 98 36 226 71 208 247 182 147 213 253 223 72 144 28
    146 214 215 214 219 176 9 54 167 227 0 90 37 62 146 222 5 226 32 186
    126 139 192 75 251 29 247 131 161 133 121 138 51 141 3 194 236 63
    147 161 240 61 176 88 12 227 148 249 39 52 147 41 172 38 138 28 142
    236 254 214 12 14 15 222 138 97 117 100 157 190 153 217 96 191 197
    86 109 107 94 200 227 102 51 179 176 226 245 220 134 21 91 175 213
    146 32 5 110 195 132 240 138 255 205 105 111 132 16 72 133 219 198
    185 111 218 69 76 206 25 171 251 90 58 82 51 252 38 249 77 119 87
    151 79 229 27 162 188 182 247 167 17 1 207 16 162 45 144 19 207 32
    114 192 87 217 14 85 184 88 168 143 76 17 166 30 236 184 47 216 179
    244 44 38 132 138 19 82 11 118 213 222 45 30 73 69 218 139 175 216
    140 193 198 55 251 105 48 30 204 143 187 89 59 226 105 42 123 146 40
    198 110 93 161 203 216 142 169 169 112 218 123 95 31 29 102 134 62
    192 120 76 194 175 165 144 29 205 86 52 34 141 29 187 164 181 218
    154 202 121 152 233 150 23 238 85 189 122 219 110 18 208 224 212 129
    40 45 81 74 247 154 96 166 31 157 141 142 121 232 66 169 240 91 135
    116 136 33 10 170 197 226 212 0 117 245 97 167 247 69 89 44 76 152
    164 99 224 205 8 209 87 202 181 156 224 213 118 74 34 228 112 23 147
    158 53 239 152 53 83 153 75 12 89 131 165 14 95 212 21 43 90 0 144
    121 74 162 176 223 178 142 192 33 46 233 108 47 123 203 122 11 217
    195 190 88 66 94 185 178 149 251 253 34 229 70 49 133 181 9 161 174
    103 23 191 85 158 253 51 115 11 92 36 104 124 189 111 223 63 93 37
    23 247 147 177 45 34 58 99 61 12 195 8 48 244 149 64 31 57</data></test_img>
<my_img type_id="opencv-matrix">
  <rows>128</rows>
  <cols>256</cols>
  <dt>u</dt>
  <data>
    83 255 168 206 255 204 0 255 0 0 42 188 255 0 255 255 0 61 255 0 94
    255 0 255 0 192 255 0 0 0 0 255 0 246 0 156 216 255 0 255 0 0 162 0
    255 0 255 0 255 0 173 18 0 255 45 255 113 255 184 0 255 0 255 12 0
    255 0 255 255 0 0 255 0 181 0 255 0 0 0 255 255 0 117 0 255 255 255
    255 0 255 0 169 255 255 0 255 88 255 111 255 255 0 0 0 0 0 255 38 0
    255 0 255 255 255 0 0 0 0 255 19 0 0 255 123 192 255 255 0 64 0 255
    0 255 98 0 255 0 0 0 255 0 170 255 20 53 0 112 255 0 90 255 63 88
    255 0 25 132 85 48 0 255 255 0 0 61 255 0 0 255 255 0 0 255 0 0 255
    0 255 0 255 255 0 0 0 0 255 0 225 140 0 255 30 0 255 255 0 0 116 255
    0 0 255 255 255 255 0 255 0 255 0 0 255 0 0 0 255 255 0 0 41 255 45
    0 255 0 255 161 255 224 255 0 255 33 255 236 15 0 255 0 0 0 255 0 0
    255 255 106 0 255 83 0 0 255 255 0 162 255 239 255 0 255 0 255 0 255
    255 81 255 0 255 255 255 0 255 0 255 255 114 255 251 0 0 255 0 0 0
    255 255 255 255 255 255 0 0 0 0 255 0 255 0 255 0 146 0 239 0 255
    255 255 0 0 255 0 147 255 255 255 255 0 0 255 185 0 0 234 0 175 255
    0 255 255 0 255 62 255 67 0 0 255 255 0 0 0 0 255 0 0 234 0 0 255 48
    0 28 255 0 255 255 255 0 255 255 196 0 255 252 8 0 0 255 0 255 255 0
    255 32 255 0 0 255 1 0 43 255 255 194 0 193 39 255 0 0 255 255 255 0
    0 0 255 255 0 255 7 0 0 0 0 59 0 255 0 0 58 255 0 255 25 255 103 0
    255 0 255 255 154 0 255 255 0 255 130 0 255 255 255 0 0 0 255 0 255
    0 191 255 0 255 255 0 255 0 255 255 255 0 0 255 255 67 0 0 0 255 22
    255 0 255 131 0 255 255 255 0 255 255 0 255 255 255 0 182 255 0 255
    0 0 255 43 255 181 255 255 255 0 0 0 255 255 10 0 255 255 255 33 255
    116 0 0 255 0 255 0 255 255 255 221 0 0 0 255 0 255 255 0 255 255
    255 0 255 0 255 0 0 255 194 0 0 255 255 255 255 255 255 0 255 0 0 0
    0 255 221 255 144 0 255 0 255 255 255 133 255 0 5 0 148 0 255 255
    255 255 0 0 0 244 175 40 255 141 0 255 255 255 0 0 255 255 0 255 105
    255 235 0 0 255 89 0 0 116 255 255 0 0 255 0 255 255 255 255 255 0
    255 255 255 0 0 255 255 81 0 0 255 255 0 123 255 0 0 255 0 255 0 255
    0 255 255 255 60 255 0 0 255 0 255 0 255 255 0 52 255 0 0 255 63 255
    255 0 0 255 183 0 255 0 255 255 0 255 0 0 142 255 80 255 0 255 255 0
    255 255 0 133 0 255 37 0 0 255 190 255 0 255 0 0 255 0 255 0 255 255
    255 0 0 255 255 255 0 0 255 255 0 0 255 255 0 83 255 255 255 0 0 0
    255 0 0 101 255 255 0 255 0 150 136 255 0 0 255 0 120 164 255 255
    255 255 255 21 0 255 0 255 0 255 0 255 71 0 255 255 0 255 0 0 0 0
    255 4 0 255 0 255 0 0 255 236 255 255 255 0 64 41 0 255 0 85 50 0
    255 255 26 255 255 255 0 0 45 0 222 0 255 94 0 255 255 255 49 0 255
    0 0 127 71 0 255 255 255 0 255 238 0 255 0 126 133 0 255 18 0 0 255
    255 255 255 13 255 0 0 106 0 255 0 0 255 0 255 0 255 255 0 80 255
    255 0 255 100 255 138 0 255 60 151 0 255 12 255 0 38 0 255 255 0 0
    255 0 0 255 255 0 255 0 255 255 150 220 255 0 0 158 255 0 255 255 0
    255 255 255 0 255 0 87 255 198 255 76 255 0 0 255 255 218 0 0 255 0
    255 255 161 255 255 255 0 0 0 255 34 255 0 255 0 255 0 255 71 0 255
    0 0 255 0 0 0 175 255 255 127 0 255 0 255 255 255 0 255 0 0 255 0 0
    255 255 255 0 0 0 255 0 0 97 255 0 254 0 255 22 255 0 0 58 255 0 0
    255 0 0 0 0 62 0 255 0 0 255 255 0 255 161 75 106 0 0 94 255 255 255
    0 0 255 0 255 0 252 62 255 0 170 24 0 255 255 152 45 0 0 255 0 255 0
    255 0 255 0 0 146 0 255 255 0 255 0 0 255 255 0 255 255 255 0 0 255
    100 255 255 0 0 255 255 0 154 173 0 255 0 10 255 0 0 255 0 255 102
    255 0 60 0 255 255 0 255 255 255 0 0 255 0 211 101 0 0 255 255 255 0
    255 255 255 0 94 255 0 0 255 0 0 255 255 255 0 255 255 231 0 255 50
    98 255 0 255 0 0 0 133 255 0 255 255 0 178 0 255 255 220 0 127 0 255
    0 0 10 255 29 0 19 16 0 0 228 0 0 167 0 255 0 255 0 255 0 255 0 232
    65 0 255 143 0 129 255 0 255 0 207 255 0 0 0 0 255 0 255 255 245 100
    45 0 105 255 130 76 255 0 0 255 255 37 255 0 255 0 182 0 255 0 255 0
    209 0 255 0 255 0 89 255 0 255 0 55 0 0 255 0 1 211 255 0 0 0 255
    155 255 186 124 0 109 255 255 0 255 255 0 255 255 1 255 0 255 255
    255 255 255 0 255 255 0 0 255 255 255 0 255 0 0 78 235 0 255 8 0 106
    0 255 0 0 255 0 255 0 0 255 255 0 255 255 0 255 0 0 255 187 255 218
    255 60 255 0 0 142 255 0 255 192 255 0 148 255 255 0 255 0 0 132 126
    0 255 0 255 129 0 0 255 255 255 255 85 255 255 0 255 255 0 255 0 0 0
    255 255 0 255 49 0 0 255 255 0 32 0 255 0 0 186 152 0 0 0 255 255
    255 255 0 0 51 255 0 0 68 0 255 210 0 229 10 255 255 187 1 255 0 63
    255 227 255 0 95 0 255 91 0 0 255 255 255 31 255 0 255 255 0 255 0
    255 131 255 1 0 255 0 255 0 0 255 49 255 0 0 0 255 244 0 189 255 0
    255 0 0 0 0 255 0 0 255 255 0 255 0 73 255 122 255 0 255 255 0 9 255
    0 255 40 255 255 211 255 182 0 255 0 0 140 87 0 255 255 0 255 0 0 0
    255 255 255 0 140 0 255 255 146 0 255 0 255 25 35 255 158 255 0 199
    0 255 255 255 22 255 0 0 255 255 255 0 159 0 159 0 146 0 0 161 255
    255 0 0 0 0 255 0 0 255 0 255 255 23 0 255 255 0 255 255 0 255 0 0
    255 0 255 255 0 0 0 3 0 124 255 110 208 255 0 255 39 0 85 0 255 161
    0 255 0 255 255 0 255 83 0 0 255 0 255 255 255 255 255 255 255 0 0 0
    109 135 0 10 0 255 130 255 255 0 138 255 255 85 0 255 255 0 255 0 0
    255 204 0 193 255 0 226 0 255 0 145 255 199 255 0 69 0 0 0 255 255
    56 255 151 255 0 255 0 0 255 255 255 0 255 0 67 255 0 255 0 0 255
    194 0 0 255 0 255 255 0 255 255 0 255 0 255 0 255 255 0 94 114 0 222
    132 0 255 0 255 255 0 0 205 255 143 255 131 0 108 184 16 255 0 0 255
    255 0 0 255 0 0 0 255 0 255 220 132 255 0 255 11 255 0 21 0 255 0
    255 0 0 0 147 0 255 255 255 255 0 0 255 0 0 255 166 255 255 67 0 235
    0 255 120 67 255 0 0 16 0 255 255 255 0 255 0 212 255 0 255 255 0
    255 0 110 255 0 0 255 0 0 0 216 255 255 0 0 255 0 0 0 255 27 255 255
    0 255 255 58 255 0 0 0 255 255 0 251 0 53 118 0 255 0 255 0 0 17 0 0
    255 0 255 255 0 255 90 0 255 255 255 255 255 0 0 255 255 61 255 96
    255 155 0 239 0 187 125 0 0 190 0 252 0 0 0 255 38 0 131 0 255 255 0
    0 0 0 255 0 255 0 55 255 47 6 0 114 0 255 30 255 255 0 255 0 0 255
    73 255 255 0 88 0 0 45 255 0 182 255 0 95 255 0 0 229 255 0 255 255
    113 0 255 0 62 23 255 0 255 255 0 0 255 203 0 255 255 255 255 0 0
    154 255 255 255 0 0 0 255 0 255 168 0 255 255 111 255 124 0 0 255
    255 238 0 0 255 0 217 255 0 191 0 77 0 255 53 216 43 0 209 0 0 0 91
    0 188 255 0 209 98 80 189 0 0 206 69 255 0 255 255 255 255 0 255 0 9
    0 0 255 255 0 255 0 255 0 42 0 255 0 255 124 0 255 0 152 255 255 226
    255 0 0 0 255 0 255 255 0 0 144 0 0 255 0 255 239 255 60 0 255 206
    255 255 0 114 255 0 255 255 255 0 0 255 255 255 0 255 0 230 255 131
    255 255 0 255 255 255 84 255 255 255 144 191 0 107 0 0 255 255 0 255
    255 0 0 0 0 255 0 0 0 0 255 83 21 214 0 0 255 0 255 255 255 255 0 0
    255 218 255 0 187 230 87 0 255 0 255 54 0 255 0 255 255 0 255 255 0
    255 0 255 0 0 255 0 255 0 255 255 0 0 255 255 0 0 255 240 255 0 255
    0 130 255 74 255 0 123 255 247 255 106 0 255 255 255 0 72 96 0 217
    255 153 255 255 102 0 0 255 0 180 0 255 255 255 0 209 0 255 0 255 0
    255 0 97 255 0 255 0 255 0 255 11 0 255 0 0 114 255 255 0 255 16 255
    0 255 0 255 0 0 255 255 255 255 78 255 0 45 255 255 0 28 255 42 0
    255 255 0 0 255 22 0 0 60 255 255 0 101 0 0 255 255 255 0 255 255
    236 152 255 0 255 0 0 0 255 0 0 255 118 0 0 255 0 0 255 255 0 20 0
    255 0 88 255 245 0 0 0 255 0 255 0 0 255 138 0 255 255 255 0 0 0 255
    154 0 254 0 0 37 255 255 0 255 0 255 0 216 139 255 0 82 0 0 255 0
    242 255 0 255 0 89 0 255 255 228 255 0 105 0 255 0 107 0 109 0 255
    85 0 255 131 184 0 255 0 255 105 255 191 255 178 255 0 255 0 78 93
    255 255 0 17 90 0 255 15 0 255 164 0 0 0 255 255 0 0 255 255 255 124
    255 255 205 0 160 0 255 255 255 0 255 5 0 155 85 0 52 0 0 0 255 255
    0 0 255 64 255 0 0 0 0 255 0 105 255 134 0 255 0 109 255 0 0 255 0
    255 0 0 255 255 0 255 153 255 0 149 255 90 140 0 255 250 84 13 255 0
    0 255 255 255 0 170 255 153 255 255 255 0 255 255 0 255 0 58 196 255
    0 255 0 0 255 0 0 255 255 0 255 0 255 216 255 0 255 0 0 255 255 255
    0 255 31 255 195 0 108 219 255 0 217 0 194 255 255 255 5 255 0 255 0
    131 0 255 255 0 0 0 0 255 178 0 0 138 156 0 255 0 252 0 0 255 229
    223 0 255 0 255 255 0 255 0 255 0 255 255 0 0 0 255 0 161 0 255 166
    255 0 97 255 0 255 0 255 0 50 255 0 255 0 161 255 255 255 0 255 78 0
    255 0 255 0 1 0 0 255 255 185 255 255 255 255 255 0 233 255 255 223
    255 0 0 0 4 255 0 0 0 216 255 0 0 255 0 255 0 255 0 255 0 255 0 0 0
    255 0 255 230 0 0 0 255 255 0 0 255 110 255 0 255 0 0 255 255 12 255
    255 0 0 226 0 0 255 0 6 255 255 0 223 0 0 255 0 255 0 255 0 0 153
    255 0 255 255 113 0 255 255 23 255 0 0 255 255 0 255 0 255 255 0 0
    255 255 80 95 255 97 255 0 255 0 255 0 255 0 255 0 255 0 56 0 255 0
    255 255 0 0 255 0 0 255 255 0 213 255 255 0 198 255 0 255 0 255 49 0
    255 255 255 255 0 255 255 0 2 255 0 0 109 0 255 0 0 0 0 0 255 0 255
    255 0 0 131 47 0 84 255 27 0 46 255 67 255 0 155 255 21 14 255 0 0
    255 203 0 214 0 0 255 0 217 255 0 0 0 255 0 255 48 0 0 255 0 0 0 255
    0 30 255 255 255 0 255 255 0 223 255 0 255 0 250 0 255 0 255 255 0
    255 255 0 0 255 0 0 0 255 238 0 0 255 0 0 96 255 255 0 255 0 0 0 0 0
    255 0 0 0 76 28 255 0 255 255 0 255 0 0 255 255 0 255 0 255 255 43
    255 107 255 0 107 0 255 255 255 0 9 0 0 0 255 255 0 0 255 255 0 255
    255 255 255 186 0 255 0 255 0 255 0 255 0 32 0 255 255 0 255 0 255
    255 255 0 255 255 0 114 0 255 0 255 20 255 0 48 255 0 255 0 255 255
    255 255 0 0 255 0 255 255 0 0 255 0 0 255 0 255 0 255 255 255 255 0
    0 0 0 255 255 98 255 202 255 255 0 255 0 0 255 0 0 0 255 0 230 0 255
    150 255 255 0 60 0 255 0 52 255 0 0 255 0 0 255 0 255 0 0 255 255
    255 0 0 255 255 0 40 255 255 255 0 255 255 255 0 255 0 0 169 255 0 0
    82 170 41 0 255 0 255 0 255 0 255 255 237 255 0 255 255 0 0 255 0
    251 0 255 255 0 0 255 255 0 255 255 255 68 247 255 255 255 0 255 255
    0 255 0 255 0 0 255 0 0 255 0 22 255 255 255 0 0 255 255 0 255 151 0
    255 92 255 69 0 255 180 164 182 0 134 0 255 255 13 0 255 255 0 0 255
    255 61 0 255 218 0 247 0 255 0 0 255 0 241 228 0 255 0 255 0 0 66 24
    255 0 0 0 0 69 255 255 87 197 230 0 255 0 255 0 106 0 255 0 0 0 255
    214 79 255 0 255 0 36 32 255 34 145 13 255 255 0 0 1 255 0 255 255
    44 0 10 0 92 0 255 0 0 0 0 20 255 255 0 255 0 0 0 255 213 255 0 255
    255 0 255 0 206 0 213 0 255 30 0 0 255 129 255 255 180 0 0 255 0 255
    0 255 255 141 216 0 0 255 255 0 0 217 255 0 0 24 0 0 255 255 255 0 0
    255 0 255 0 255 255 0 0 0 255 122 0 0 0 255 94 0 0 0 0 50 0 255 255
    0 255 0 255 0 255 255 0 255 0 255 0 255 0 255 0 255 0 255 0 0 255 0
    255 255 255 0 0 0 255 0 255 0 255 0 0 255 255 0 255 255 227 127 0 0
    255 0 255 59 255 0 0 64 0 255 255 9 255 0 179 250 0 0 0 255 0 146 51
    53 0 0 138 145 255 0 255 255 66 255 227 0 0 0 92 255 0 92 0 0 255
    249 255 255 255 92 255 0 255 0 0 0 255 255 0 20 255 238 0 0 255 91
    255 166 255 0 0 255 2 255 210 255 252 255 255 255 175 0 127 0 67 0
    255 241 0 255 0 208 0 255 0 55 0 255 255 65 11 0 255 0 255 255 0 255
    0 255 0 255 0 255 255 0 0 0 100 255 0 255 255 0 0 90 255 255 15 255
    255 0 255 0 114 255 0 255 255 0 57 255 4 255 0 0 0 255 229 255 0 255
    0 255 255 2 193 0 255 255 0 252 0 0 240 255 0 104 156 255 255 4 0
    255 0 0 255 255 0 0 255 223 0 255 0 38 0 0 255 0 255 0 62 0 255 255
    255 255 255 255 255 0 0 255 0 231 0 255 35 0 255 255 255 250 0 57
    255 0 255 0 57 94 0 255 255 73 0 129 223 216 0 255 0 0 62 58 0 255 0
    255 0 255 0 255 0 255 0 13 0 164 255 77 0 255 255 140 168 0 255 0 49
    255 255 255 0 219 0 255 205 255 0 0 0 138 255 114 255 255 0 210 255
    255 166 0 52 255 255 255 99 0 0 188 0 255 198 38 0 255 117 0 181 154
    0 255 71 255 0 29 173 255 255 255 255 0 0 0 255 0 0 255 0 0 169 0
    255 0 7 255 192 0 0 0 255 0 0 0 255 0 0 54 0 0 255 19 121 95 255 0
    255 0 49 147 255 0 255 0 0 255 0 255 0 27 255 255 255 0 255 0 255
    255 0 255 203 0 255 255 255 0 73 162 0 175 255 0 255 0 255 255 0 255
    87 255 255 0 255 0 255 0 255 255 255 0 5 0 0 0 0 147 255 0 0 255 255
    255 224 0 255 0 199 255 255 0 255 0 255 0 173 255 255 255 255 15 130
    0 209 255 255 127 0 248 0 0 97 240 255 255 0 255 255 141 255 0 0 0 0
    0 148 255 85 0 255 0 255 177 0 255 0 0 0 127 255 100 0 123 0 178 0
    238 255 0 0 12 67 212 255 255 2 0 255 255 0 255 160 0 255 0 255 247
    255 0 255 0 255 0 255 255 0 255 255 0 255 0 0 255 16 0 0 95 255 0
    255 0 0 255 0 215 146 255 159 110 255 0 255 0 89 0 0 119 255 153 255
    0 255 0 197 255 255 37 255 0 255 0 0 255 0 255 0 255 0 204 0 255 0
    255 255 0 255 255 0 255 255 255 0 255 77 0 255 103 221 0 0 255 0 127
    206 255 255 255 137 255 0 118 255 255 0 255 168 223 255 0 195 255 0
    126 255 255 255 0 130 0 12 255 0 59 126 255 0 255 0 0 0 164 0 255
    255 255 0 255 0 255 74 0 255 175 255 0 0 255 0 255 255 0 0 0 255 41
    0 0 244 36 0 255 255 0 235 0 255 255 0 255 192 255 115 0 0 255 255
    238 177 255 0 188 0 255 0 255 0 255 50 0 0 0 255 0 0 0 0 255 0 255
    255 77 0 0 255 0 255 255 255 0 0 255 255 0 0 0 255 0 0 255 200 0 0
    51 255 255 0 187 255 0 255 0 255 0 255 255 255 0 255 0 0 0 255 0 0
    255 197 243 0 255 255 0 255 50 255 0 255 112 255 255 0 255 0 255 255
    255 0 25 0 0 0 5 255 0 114 255 43 255 29 255 8 0 145 0 255 227 45
    105 0 149 255 255 0 0 0 0 0 40 207 255 255 0 255 0 255 0 0 255 0 0
    255 0 155 191 0 255 0 255 0 0 255 0 255 0 144 0 255 50 198 0 54 255
    0 0 0 255 0 0 83 0 255 0 37 36 64 47 255 0 255 0 255 0 255 0 255 0
    255 0 255 0 255 255 255 255 0 255 0 245 255 0 0 255 0 255 0 255 255
    255 85 0 255 0 255 255 255 54 255 255 0 255 0 255 0 0 0 0 0 255 0
    255 255 96 0 255 0 0 255 255 0 195 210 0 0 255 0 0 255 83 218 255 0
    0 255 255 255 255 10 0 255 0 255 255 8 255 255 0 52 255 76 255 123
    247 0 0 255 255 255 0 255 255 255 114 255 0 0 255 0 0 8 255 0 0 0 0
    0 255 0 255 141 255 0 255 255 0 255 177 255 255 0 22 255 0 255 229 0
    200 255 64 0 255 153 53 0 0 252 255 0 255 255 0 255 255 55 0 43 255
    0 0 255 0 250 255 51 114 255 0 152 237 67 0 255 0 255 255 0 112 255
    255 0 255 0 0 0 255 212 255 0 255 0 255 253 0 255 0 0 255 0 0 0 255
    255 162 123 255 0 255 0 255 0 255 0 245 214 0 255 255 0 156 168 246
    0 0 255 124 0 255 0 255 51 255 0 255 255 0 0 255 0 0 255 53 255 166
    255 158 104 193 0 0 114 0 255 255 0 255 0 255 0 255 0 255 244 255
    148 255 83 140 0 0 0 255 0 255 0 74 255 0 74 0 255 0 0 0 0 255 0 255
    45 51 0 255 34 0 255 0 255 0 255 0 0 255 0 239 255 0 0 255 0 0 0 0 0
    255 0 42 45 255 255 138 150 107 0 152 0 255 207 0 180 204 0 255 255
    0 255 0 0 255 0 255 0 0 255 255 144 255 0 0 255 117 255 0 255 0 255
    0 255 0 0 0 0 255 255 0 255 148 0 0 255 255 0 255 0 0 255 255 0 37
    255 152 0 255 0 255 74 211 255 96 0 93 255 0 255 255 0 0 93 0 255 46
    0 255 255 255 255 168 255 37 255 0 0 34 255 0 0 0 255 78 188 0 255
    186 0 204 255 0 0 255 255 255 0 0 0 255 0 255 255 0 255 255 255 179
    63 81 0 0 255 0 5 106 0 255 0 0 255 255 0 0 169 255 0 255 0 255 255
    0 157 0 168 139 2 255 81 0 0 255 0 255 47 255 0 255 255 255 98 255 0
    0 0 0 210 255 0 0 255 255 255 255 0 0 255 0 173 255 0 255 0 255 255
    0 255 0 240 171 173 230 255 10 0 0 0 192 255 0 121 255 255 30 0 0
    235 255 246 0 255 0 255 255 255 0 255 0 179 255 0 0 145 255 0 230 90
    67 255 255 0 255 197 255 0 255 208 98 255 241 74 16 239 252 101 255
    0 255 0 255 0 90 0 255 0 37 255 0 0 0 51 255 255 79 0 0 255 0 13 255
    255 0 255 0 175 255 0 53 181 255 0 255 0 255 167 0 0 255 75 255 255
    108 255 255 0 255 0 255 0 0 255 0 255 81 0 255 0 255 255 0 0 255 114
    78 185 0 255 200 0 0 255 0 243 255 23 0 0 255 105 21 0 255 0 255 255
    0 196 0 0 255 255 255 0 0 255 124 255 255 255 0 255 255 0 255 0 99 0
    5 255 0 0 0 0 255 0 0 255 255 0 0 0 255 0 255 255 0 255 0 28 255 255
    0 91 0 255 0 255 255 0 255 0 185 0 211 0 104 0 255 0 23 255 0 0 255
    0 255 255 39 121 255 255 0 0 223 0 70 0 0 0 255 255 0 255 102 255 0
    142 49 0 0 255 0 0 0 0 14 0 0 255 255 0 255 255 255 255 0 255 255 0
    0 255 29 255 72 255 255 14 0 36 0 0 255 0 255 0 0 255 0 0 255 0 255
    105 243 0 255 0 255 255 0 0 255 0 0 44 255 255 134 0 0 255 0 0 175 0
    255 125 0 255 255 255 0 255 0 255 0 255 0 255 0 0 0 255 18 102 255
    104 0 255 0 255 255 228 255 0 255 0 0 0 255 0 0 255 0 0 255 255 255
    0 0 0 0 255 0 255 255 135 255 0 255 0 255 0 255 0 255 0 255 0 0 255
    79 255 255 0 65 149 155 0 255 255 255 255 255 86 255 0 255 0 118 6
    255 255 0 255 0 255 0 255 0 0 255 255 0 255 0 255 0 255 100 255 0 0
    31 255 0 0 255 0 0 255 0 255 179 0 106 255 255 255 0 255 42 0 0 0
    255 255 0 255 0 255 255 0 27 237 255 0 74 0 255 255 255 84 136 50 0
    255 0 0 255 255 0 173 255 255 0 0 177 0 255 255 0 125 255 255 0 208
    255 255 0 255 0 49 0 255 255 255 255 0 0 255 123 255 255 95 43 130 0
    255 58 255 241 255 255 0 255 0 255 255 77 0 196 255 0 255 70 255 223
    121 0 255 0 0 255 255 255 255 0 220 219 54 0 0 235 255 118 255 0 0
    255 0 255 0 255 127 0 255 255 0 255 0 0 0 0 255 255 255 255 0 165 0
    48 245 94 156 82 0 255 93 255 0 255 0 0 255 255 255 255 0 255 30 0 0
    0 0 255 0 0 30 0 255 255 115 255 255 255 113 255 0 62 255 0 255 0
    255 255 255 255 0 255 0 0 0 238 0 32 255 0 0 0 255 0 25 255 129 255
    255 255 0 255 255 255 0 108 89 255 0 0 0 0 0 255 140 255 241 181 0
    255 0 255 255 0 255 0 0 255 255 255 0 0 255 0 0 142 0 0 238 177 0
    255 0 255 255 0 255 255 0 255 255 0 0 255 0 0 0 255 0 63 0 255 0 0
    171 255 69 255 0 0 0 255 255 0 255 203 127 255 0 0 217 255 255 255 0
    255 0 0 0 0 255 255 136 65 0 255 255 55 0 255 0 0 255 0 255 0 255
    255 0 255 255 220 0 255 255 250 255 227 255 0 0 70 0 255 0 255 0 255
    0 0 0 255 255 0 255 0 255 255 0 0 255 255 255 0 0 105 68 255 0 0 0 4
    167 0 0 255 0 0 39 0 9 255 255 0 255 186 255 0 255 74 0 0 123 145 0
    255 216 0 255 0 255 72 0 0 0 255 0 255 0 0 255 255 255 255 255 15 0
    255 255 212 0 255 0 0 0 0 255 0 255 255 255 255 255 18 0 255 129 255
    215 0 0 175 0 222 0 0 0 255 0 255 0 0 0 21 217 246 255 0 255 0 255
    235 0 255 255 0 41 32 141 0 0 0 255 0 255 255 255 0 0 0 255 0 255
    255 0 255 255 0 133 255 0 0 106 255 0 0 99 10 0 120 0 164 255 255 0
    0 255 0 0 255 0 255 255 255 199 0 255 183 137 255 255 0 0 0 255 0 0
    255 255 228 0 0 255 0 255 0 255 255 187 0 0 255 255 0 255 128 0 202
    0 255 0 255 0 0 0 255 0 255 0 0 255 255 249 200 181 0 0 222 0 0 0 0
    0 186 255 255 0 42 0 255 0 255 0 255 152 0 106 0 71 0 0 255 168 255
    255 255 0 255 255 0 255 0 255 116 180 87 255 0 255 255 255 0 112 0
    255 255 255 0 255 0 255 255 0 0 0 255 52 255 0 255 117 0 173 255 99
    0 255 255 255 0 0 0 39 0 0 255 0 184 255 255 255 0 117 255 129 255 0
    255 0 255 0 0 110 255 0 255 255 0 169 0 255 213 0 0 0 255 0 0 255
    255 0 255 255 255 255 0 186 0 255 70 0 23 195 0 71 0 255 255 0 60
    255 255 0 0 255 255 0 255 220 255 0 0 14 255 255 0 255 0 255 0 255
    255 0 226 255 222 255 0 255 250 0 196 0 0 255 255 108 255 54 0 0 0
    199 27 255 0 255 81 0 255 0 0 255 255 0 0 255 0 255 227 255 131 255
    255 0 215 60 240 255 0 255 0 0 255 0 255 76 255 0 126 255 255 227 0
    0 125 255 179 0 255 160 255 0 0 236 0 255 177 0 255 0 237 255 0 255
    255 0 38 116 255 114 0 255 0 144 255 0 114 255 0 255 0 255 0 255 0
    216 78 255 143 255 24 255 0 7 0 255 0 255 0 255 0 255 0 255 0 255
    255 156 255 0 255 0 162 255 255 0 0 0 255 0 235 0 255 0 0 0 255 0 0
    255 0 0 255 197 50 0 0 98 0 0 255 255 0 255 255 0 255 114 0 255 140
    0 26 0 83 0 255 0 0 125 0 255 255 255 201 255 144 0 255 160 0 80 255
    0 66 0 255 0 255 41 0 230 255 0 0 142 0 255 255 189 172 255 255 0 0
    139 255 255 0 0 0 255 0 255 255 0 255 0 255 52 255 0 255 65 0 255 19
    255 0 92 255 0 0 255 0 255 255 0 0 0 0 255 255 0 255 0 0 255 0 184
    124 0 255 249 16 255 255 255 255 0 0 104 255 0 255 0 255 0 255 213 6
    255 0 108 255 255 255 160 0 255 0 0 69 0 0 255 24 0 255 212 255 255
    0 255 255 0 0 205 0 255 37 0 255 192 255 255 0 255 218 255 0 208 0
    255 152 62 0 255 255 104 0 0 0 255 0 255 0 255 0 0 255 0 255 0 0 0
    255 0 0 255 0 255 70 255 159 255 255 0 255 255 255 0 255 227 0 255 0
    255 0 0 12 94 0 255 115 1 255 0 255 0 138 255 0 255 255 0 0 0 255 0
    255 0 255 0 92 255 255 0 255 0 0 255 14 204 143 255 0 255 0 255 255
    0 0 0 255 62 0 0 3 0 255 255 0 255 255 0 255 82 141 53 0 255 0 0 255
    0 0 235 0 0 176 0 255 0 0 0 255 0 0 255 255 0 0 255 0 255 130 255 23
    250 239 0 255 0 0 167 255 255 0 82 255 0 0 255 141 255 0 255 0 0 255
    255 0 255 255 201 255 0 255 178 204 255 0 255 0 255 0 255 255 0 255
    189 0 221 255 0 255 255 0 0 255 255 0 255 255 255 0 255 255 0 41 0
    255 0 69 205 255 0 138 0 255 255 0 0 24 0 255 255 0 255 130 255 0 0
    7 255 254 255 255 191 2 0 0 15 0 0 49 0 255 0 0 255 32 255 0 7 255 0
    255 0 0 255 0 157 0 255 255 0 255 0 0 255 0 255 83 0 255 255 255 0
    255 0 255 0 201 255 0 255 139 0 255 255 0 255 255 0 255 0 255 0 255
    226 0 255 255 198 0 179 255 0 52 0 0 243 255 255 0 255 0 255 0 0 165
    255 0 255 0 255 135 48 0 255 187 236 255 0 0 255 0 154 255 0 0 0 0 0
    255 207 255 255 0 255 98 161 0 0 255 0 0 255 255 255 0 255 186 255
    97 0 255 0 255 255 128 0 255 255 0 101 255 255 174 255 0 247 255 255
    39 0 255 0 255 0 9 210 255 0 255 255 0 155 255 156 55 255 0 255 255
    0 0 255 255 0 0 0 82 206 0 0 255 0 255 0 0 0 255 255 129 255 185 255
    0 255 57 255 0 0 0 0 255 0 0 0 255 0 255 0 255 225 0 0 255 255 255 0
    0 255 0 255 6 0 0 0 225 255 0 0 255 0 10 232 145 255 0 0 0 0 255 0
    88 255 255 255 0 212 255 0 0 255 0 255 0 116 255 145 0 0 255 0 255
    255 255 0 0 143 0 255 0 0 255 0 255 0 0 255 0 255 175 0 2 255 0 0 0
    255 0 255 186 0 255 0 255 255 0 0 0 0 255 255 0 255 0 0 255 0 255
    142 255 255 0 0 255 0 0 61 255 94 0 255 255 0 255 255 0 255 0 196
    255 255 0 255 0 0 255 0 255 255 0 230 255 0 255 255 0 0 0 245 0 255
    0 255 0 255 255 0 57 0 255 243 255 0 255 0 255 255 0 255 255 255 255
    0 255 255 0 255 0 255 223 122 8 136 255 0 7 255 0 255 0 110 0 0 255
    135 0 255 0 0 164 209 217 183 255 255 0 255 0 255 0 246 0 255 128
    255 0 0 0 88 255 86 255 0 255 0 0 255 255 0 255 59 33 255 0 255 255
    0 255 255 255 0 255 201 0 0 255 0 141 25 255 0 255 0 255 255 138 255
    255 149 255 0 255 0 255 0 255 0 255 0 127 0 0 255 255 0 38 255 0 0
    255 255 167 0 255 255 0 255 255 255 255 0 255 135 94 255 255 0 255 0
    13 0 255 73 0 255 167 0 255 0 0 0 0 0 153 255 0 234 255 255 0 255 0
    255 0 0 255 91 0 255 0 255 0 0 102 0 255 255 119 255 0 116 110 141
    105 0 249 0 144 1 255 0 255 255 0 0 35 42 0 0 255 255 255 137 255 11
    0 255 255 0 0 0 255 255 0 255 0 0 0 0 0 255 0 0 255 2 228 0 255 38 0
    255 0 0 255 0 0 0 255 215 255 0 255 192 255 199 174 0 255 255 255 0
    0 0 0 39 255 0 240 255 0 255 202 0 0 0 255 0 0 255 0 210 226 42 0
    255 0 255 0 110 255 0 0 31 110 255 255 0 255 0 178 62 158 255 255
    255 3 255 255 0 0 118 255 255 33 6 255 0 255 255 255 0 255 255 255 0
    0 0 0 255 0 255 0 255 255 224 174 255 0 0 255 0 102 0 4 255 0 255
    175 1 255 255 0 0 0 165 0 255 255 217 0 184 0 0 255 79 0 0 45 0 255
    0 180 5 0 0 255 138 0 255 0 255 0 0 209 255 149 255 36 255 255 0 255
    255 0 0 105 255 0 255 0 92 0 0 255 255 0 0 255 0 255 255 220 255 255
    217 240 255 255 103 36 0 150 60 0 0 255 184 255 0 255 255 0 0 255 0
    255 0 255 100 0 255 255 0 255 197 0 255 0 255 255 0 255 255 255 0
    255 199 0 255 255 0 0 255 0 255 0 255 0 0 0 0 255 166 0 255 0 255
    190 0 255 255 0 255 3 255 255 0 255 0 255 0 255 0 0 255 0 0 39 255 0
    255 255 0 0 255 49 255 0 255 0 255 0 144 156 0 0 0 255 0 255 255 255
    0 205 0 255 28 182 255 0 255 0 255 243 0 255 0 255 154 0 255 131 0 0
    255 0 220 0 255 206 0 0 0 99 255 0 255 0 193 0 255 255 0 3 255 105
    255 0 255 0 0 255 255 0 255 0 255 0 255 255 255 201 255 6 255 0 255
    70 255 0 255 0 248 0 255 255 0 0 255 38 0 0 44 128 0 0 0 196 255 0
    143 255 0 0 255 255 222 255 255 0 0 255 255 255 0 255 0 255 84 0 255
    0 255 255 0 117 0 255 255 255 0 255 115 49 255 0 0 255 75 255 175 16
    255 0 0 255 0 255 0 0 0 255 255 0 0 225 255 255 0 255 0 0 255 0 167
    167 255 0 180 255 255 0 255 255 255 255 0 0 255 0 3 0 134 255 0 255
    0 0 255 0 255 0 255 255 0 144 0 23 0 0 255 255 9 50 0 0 255 0 255
    255 0 255 214 255 255 255 0 255 0 0 255 0 88 108 255 0 0 255 20 0 0
    0 0 255 0 0 255 0 255 209 0 72 255 0 0 0 0 96 0 255 255 0 0 255 0 0
    255 255 255 0 255 79 0 255 205 0 0 0 0 255 255 0 255 255 0 217 126
    45 0 158 128 0 255 0 255 0 255 0 0 255 255 0 0 255 196 0 255 0 0 255
    0 251 255 247 255 0 255 210 84 0 240 0 0 0 0 0 255 68 0 0 255 0 0
    255 0 192 0 255 255 101 0 0 0 255 255 255 115 255 0 255 0 4 0 255 13
    166 255 0 255 0 255 108 98 187 0 255 0 79 0 255 0 0 255 0 255 255 0
    0 240 0 68 255 0 255 255 158 255 0 255 255 255 251 255 0 0 255 186 0
    255 0 101 255 255 0 255 0 255 255 0 0 255 20 75 0 62 255 237 0 199
    33 255 0 255 0 255 0 255 255 0 255 0 0 255 0 141 0 255 0 255 232 0 0
    255 0 255 0 0 255 0 49 0 0 0 255 0 255 0 228 255 0 255 0 255 255 146
    255 122 0 255 0 255 252 0 0 0 255 0 0 255 0 255 255 0 0 255 29 255 0
    255 100 22 0 255 0 255 4 0 255 0 41 255 0 255 255 255 0 255 0 255 0
    68 255 255 156 255 250 0 255 0 255 0 255 83 0 0 255 0 255 0 0 0 245
    255 0 255 0 0 255 255 0 0 159 255 255 0 0 255 255 255 255 255 0 0
    255 19 0 255 0 255 255 0 255 0 255 0 61 255 224 255 130 255 40 0 123
    0 255 0 255 164 247 0 163 255 0 255 255 255 0 0 0 221 217 255 0 89 0
    0 169 0 58 0 0 73 35 255 0 255 0 255 254 0 255 0 255 0 255 255 255
    20 255 255 2 248 0 255 69 255 255 0 255 0 0 255 255 249 82 255 0 0 0
    0 0 0 255 0 255 0 255 0 238 255 0 0 255 0 255 86 255 0 255 255 255
    108 0 79 0 68 0 249 71 0 255 134 255 0 138 255 0 0 255 75 203 255 0
    238 184 135 50 0 167 0 255 0 255 167 0 255 80 255 0 46 255 0 0 255 0
    255 0 255 229 40 97 255 0 255 255 0 0 139 255 0 255 0 255 0 255 0 26
    0 255 255 0 191 255 0 255 0 0 255 203 255 255 0 30 255 0 183 0 255
    99 255 255 124 146 255 255 70 255 0 0 255 255 255 255 57 216 255 0 0
    0 0 255 0 0 255 0 255 255 0 255 0 255 111 255 255 44 255 0 0 255 0 0
    0 0 215 255 92 128 255 0 255 214 44 255 0 255 0 255 255 0 255 255 0
    0 0 20 0 0 0 0 198 8 0 255 255 0 255 255 255 0 255 0 255 0 255 166
    93 255 255 5 0 134 151 108 255 255 0 0 255 0 255 255 0 255 248 255
    255 32 0 255 0 255 255 100 255 0 255 0 255 21 255 0 0 255 0 0 0 255
    255 0 255 0 255 0 255 255 0 255 0 76 255 0 0 255 255 255 0 255 0 181
    29 226 0 94 255 0 0 255 0 0 255 0 255 0 37 255 0 0 255 0 255 0 0 255
    255 0 255 0 0 0 244 255 0 255 255 0 255 255 189 0 255 0 255 255 42 0
    255 241 0 0 255 255 0 246 0 255 255 255 223 255 0 255 0 0 0 255 255
    0 255 255 255 185 0 255 0 255 0 220 39 0 210 0 255 0 255 0 255 255
    255 0 255 0 255 255 115 0 0 0 0 255 0 255 0 0 255 0 0 0 255 0 60 0
    255 0 0 255 0 255 46 255 0 255 134 255 255 255 0 255 0 255 243 255 0
    0 255 0 0 0 251 55 0 255 0 255 255 73 139 255 255 255 0 11 255 70
    255 0 255 255 0 0 0 255 255 255 128 0 255 0 114 255 255 0 0 255 255
    255 0 255 0 255 0 255 0 0 0 0 0 0 252 36 157 0 255 255 0 255 255 0
    255 255 255 0 161 0 58 255 0 255 0 255 0 183 0 111 255 0 255 255 0
    255 0 34 255 0 0 0 255 255 7 0 255 255 227 255 0 255 0 255 0 10 255
    0 255 202 149 0 255 0 141 0 0 194 255 0 255 116 0 255 0 255 52 75
    255 0 0 255 33 255 89 136 96 255 0 255 255 255 255 139 5 255 0 230
    255 255 255 0 0 63 0 0 255 0 255 255 0 255 0 255 0 0 44 255 198 0 0
    255 0 145 0 255 0 255 0 0 0 199 0 242 255 255 0 0 0 255 255 0 238 92
    0 255 0 255 255 0 255 0 129 255 0 255 0 255 255 0 255 0 0 255 39 255
    95 0 255 0 0 104 0 0 255 255 112 255 255 0 255 213 4 75 0 255 255 0
    194 255 0 0 255 255 0 255 0 32 183 118 255 0 0 255 255 212 0 0 255
    255 0 255 206 0 221 0 0 0 0 0 0 168 255 0 255 0 0 255 0 0 255 0 255
    97 73 255 0 0 248 255 0 0 0 0 255 231 255 0 255 168 255 178 0 0 255
    0 255 255 175 186 255 255 0 144 0 0 255 0 255 0 255 0 0 0 167 0 255
    0 67 255 32 255 0 255 0 0 255 0 255 0 255 0 255 0 255 0 0 255 255 0
    255 0 0 0 114 255 255 0 255 255 22 0 255 0 0 127 0 255 62 0 255 255
    245 0 255 0 16 0 255 0 86 0 157 0 0 255 56 245 255 0 0 255 43 0 255
    0 255 0 198 0 255 255 152 0 255 255 0 13 0 255 255 0 0 255 0 255 255
    0 202 0 255 255 0 0 0 255 0 255 188 255 255 0 0 255 255 0 255 0 255
    0 29 0 255 255 255 0 10 255 0 255 68 0 255 230 88 41 0 0 0 250 0 255
    255 0 0 255 255 121 130 195 0 255 255 0 0 255 255 36 0 0 0 138 0 167
    0 255 0 218 252 255 255 194 0 0 0 235 255 176 126 0 255 255 255 255
    0 255 0 255 255 54 255 255 255 0 0 2 0 255 0 235 0 0 255 255 179 0
    205 83 0 255 255 92 255 180 255 35 255 255 0 174 0 95 0 255 0 0 255
    9 111 255 255 255 0 255 0 255 255 0 0 255 255 0 255 255 0 255 0 255
    0 199 255 255 48 0 255 47 255 0 167 0 0 255 24 0 255 0 0 255 249 0
    255 0 0 33 255 255 0 0 211 0 250 255 255 0 0 255 255 255 0 0 255 255
    0 255 0 174 30 255 0 91 0 142 255 0 255 0 255 255 0 28 0 255 255 0 0
    255 38 255 0 0 255 0 0 98 0 255 40 255 166 205 0 0 96 255 182 0 37 0
    255 255 0 0 255 1 0 255 0 149 68 0 255 0 97 0 255 255 0 0 255 255 0
    54 255 255 207 74 255 0 255 0 0 106 0 255 0 176 0 83 0 0 0 74 0 127
    255 0 255 255 0 0 255 0 255 255 0 255 82 98 255 0 255 0 0 255 255
    255 55 0 255 255 0 0 255 0 75 209 0 230 0 255 0 255 255 105 255 213
    0 105 255 255 0 255 255 0 0 202 255 0 108 0 255 83 255 0 0 255 0 255
    0 235 255 255 0 212 255 255 255 0 255 0 255 255 0 0 255 0 15 0 22
    255 0 255 0 0 54 255 0 0 255 0 255 255 28 0 0 0 0 255 0 78 70 255
    238 163 255 0 185 0 0 255 0 0 0 66 227 0 255 0 0 255 0 255 0 235 255
    168 255 115 255 102 0 40 47 0 255 255 93 255 82 0 0 255 197 255 0
    255 0 255 67 0 0 255 0 0 255 255 0 0 255 0 0 76 255 38 255 0 84 255
    255 0 255 255 0 0 255 139 145 0 255 0 39 0 0 255 255 0 26 255 255 75
    139 173 0 255 0 0 255 0 229 255 0 0 0 255 0 255 0 255 218 217 0 255
    255 0 113 95 255 0 255 255 0 0 49 255 0 0 255 255 0 34 101 197 255
    255 255 255 255 0 255 0 255 127 62 52 255 0 255 255 0 0 255 0 0 34 0
    255 10 255 0 0 255 0 255 0 0 0 134 88 255 0 0 255 28 84 0 0 119 255
    0 255 194 255 255 218 255 255 0 217 23 24 0 255 88 0 0 0 255 0 103
    255 255 0 0 255 255 50 0 255 255 0 175 149 255 0 255 144 0 121 255
    255 0 62 255 180 255 0 255 0 197 105 177 255 0 149 0 0 255 0 59 255
    0 0 255 228 0 255 0 0 63 255 0 255 0 255 48 0 255 0 255 0 255 0 255
    255 18 0 245 0 255 255 0 255 0 255 0 255 0 0 255 255 0 255 0 255 0
    197 0 255 0 255 0 255 0 162 0 0 255 0 0 165 255 0 23 255 255 0 255 0
    209 255 0 255 0 255 0 252 72 0 84 0 0 255 255 0 0 255 255 1 255 255
    0 255 0 95 0 255 0 255 255 0 255 255 63 65 255 255 255 0 0 164 0 255
    175 0 255 0 168 48 255 255 107 255 132 0 87 255 255 0 255 0 255 234
    0 255 0 0 161 0 255 0 255 0 232 255 0 255 161 52 255 0 0 0 255 0 0
    255 0 255 9 14 255 255 255 255 153 255 0 255 0 255 255 61 0 255 0 0
    255 0 255 255 255 0 255 255 0 173 255 0 255 0 215 255 65 11 129 151
    255 197 255 0 0 105 255 179 255 0 255 255 0 255 0 255 0 255 0 0 255
    0 255 0 0 255 255 0 18 255 0 0 0 114 255 84 0 255 155 36 255 0 0 226
    68 0 255 0 255 255 0 196 0 255 255 255 0 0 255 0 255 255 255 0 255 0
    161 255 255 255 0 0 255 0 255 23 255 198 0 255 59 255 255 0 46 255 0
    255 38 0 0 255 0 0 0 0 255 0 255 128 0 255 0 0 0 255 255 0 255 0 200
    0 255 0 255 0 255 255 0 168 255 255 255 0 0 152 0 255 0 177 255 0 0
    0 255 255 255 85 0 255 255 0 0 255 255 33 0 255 46 152 160 0 255 198
    255 0 255 162 185 0 255 0 255 255 249 0 255 255 255 255 56 0 255 255
    0 255 0 255 0 255 0 91 0 255 198 0 0 9 0 0 0 93 255 0 0 255 214 183
    0 0 0 255 0 219 0 0 206 255 255 0 255 0 255 255 255 0 0 255 0 255 0
    0 255 0 67 0 255 0 255 0 255 150 0 255 0 2 0 255 255 97 0 255 255 0
    0 0 0 146 0 0 255 255 0 8 255 197 255 0 255 255 129 0 0 255 255 59 0
    81 16 90 255 185 255 0 255 255 190 255 240 0 255 0 34 255 255 0 196
    255 255 0 0 255 25 0 191 155 255 0 255 183 255 0 0 0 0 0 0 102 255 0
    255 255 0 229 31 0 255 255 0 255 0 255 255 0 0 255 0 95 255 0 255
    255 255 0 255 0 0 0 26 0 255 255 255 0 79 255 64 0 0 255 0 255 0 255
    0 159 0 119 255 255 255 0 255 0 252 0 255 0 134 0 0 255 207 0 255 0
    255 255 4 0 193 255 255 0 255 255 187 255 255 255 0 0 255 255 255
    255 0 255 0 255 0 0 255 0 42 255 255 255 255 255 0 255 0 0 255 255 0
    255 0 255 0 73 0 0 136 255 0 0 0 56 255 102 0 255 0 0 142 30 0 255 0
    255 202 255 210 252 0 255 0 255 255 255 0 216 6 255 255 0 0 255 26
    99 0 0 255 255 0 255 0 255 255 0 255 255 0 255 181 174 0 255 0 255
    67 27 255 0 255 255 0 164 0 255 0 183 255 255 0 255 0 255 255 50 255
    0 0 255 255 17 0 255 0 140 0 255 0 255 255 255 0 255 162 143 255 0 0
    255 0 0 255 104 0 197 0 150 255 0 255 255 0 255 232 0 0 229 0 90 0
    255 0 255 130 0 0 255 0 255 0 204 255 255 0 255 0 52 0 0 255 0 255
    255 154 0 155 136 203 255 255 0 0 255 0 195 255 255 0 255 197 0 255
    0 255 0 223 255 0 121 0 255 0 255 0 255 0 255 255 0 255 255 255 181
    255 0 255 0 0 202 130 255 143 255 0 255 255 170 94 135 255 0 0 255
    255 0 251 0 255 0 0 103 0 255 255 0 55 255 0 255 255 255 0 0 0 0 174
    255 0 155 132 255 0 255 0 0 255 255 255 0 47 255 255 0 255 154 110 0
    255 0 0 0 255 255 255 0 112 255 0 0 255 121 255 0 18 84 255 255 99 0
    255 255 0 0 255 0 221 255 255 168 0 99 255 0 255 0 0 0 0 255 0 255
    255 255 254 255 139 255 0 0 255 0 248 255 0 0 175 189 160 80 255 59
    0 62 255 0 0 244 0 255 255 0 255 255 0 255 0 80 255 0 255 0 255 255
    0 0 0 255 0 255 93 0 80 0 255 0 0 255 0 255 0 97 255 255 0 0 255 0
    255 0 255 255 0 255 0 255 255 255 0 0 255 0 255 0 22 0 0 255 0 255 0
    0 0 0 255 255 255 54 0 255 82 0 0 0 245 255 255 255 0 255 255 0 255
    255 0 0 0 255 15 255 255 0 64 0 255 61 0 255 0 255 0 255 0 255 255
    255 0 0 255 35 255 0 127 0 192 0 255 0 255 0 0 0 255 230 0 255 255 0
    196 0 255 0 0 255 0 255 0 255 0 0 0 255 0 252 0 255 255 0 233 0 255
    255 201 0 255 0 0 0 0 255 34 0 255 0 206 255 0 255 255 192 0 255 68
    0 103 255 255 0 255 255 0 0 0 255 255 255 255 0 255 255 0 255 0 255
    0 255 0 0 255 0 0 255 0 199 56 255 0 255 0 255 255 255 0 0 255 0 255
    0 0 255 0 0 255 255 255 0 255 255 0 99 239 255 0 255 255 203 0 0 255
    0 255 0 0 255 0 0 255 0 30 255 0 255 255 255 77 0 0 0 202 255 0 255
    122 255 255 255 255 0 255 0 0 255 0 0 255 0 255 255 90 255 0 0 126 0
    255 0 255 255 0 255 255 113 0 0 255 255 0 255 255 225 255 0 0 0 99
    255 11 255 255 255 255 20 255 240 0 255 10 255 255 0 242 121 255 0
    255 0 0 255 255 0 255 255 0 255 255 0 255 255 127 0 255 0 255 53 0 0
    0 255 255 255 0 255 36 211 200 0 255 253 0 0 0 0 255 255 0 0 0 255 0
    143 5 255 83 0 255 143 255 0 0 255 255 0 255 0 255 145 0 255 255 0
    255 2 0 0 255 0 255 74 0 255 255 0 166 255 0 255 0 0 190 168 102 0
    198 255 0 8 0 0 4 255 255 12 255 255 0 46 255 0 255 255 0 0 0 255
    204 255 71 0 255 171 0 83 148 0 0 0 255 218 55 255 255 198 48 255 0
    255 129 0 0 255 0 0 255 0 255 255 255 0 255 0 120 255 35 255 255 0
    255 190 245 255 0 255 0 177 221 0 0 255 130 0 255 0 0 255 255 0 7 36
    255 119 255 255 0 179 255 2 0 112 0 151 0 255 255 0 255 0 255 0 0
    255 0 255 255 0 0 255 255 205 255 255 255 255 0 161 255 0 255 19 0
    255 0 228 26 0 255 0 255 93 240 255 0 0 0 255 214 191 0 168 255 255
    1 87 0 0 0 152 255 0 0 142 255 255 117 255 182 235 255 0 0 255 255 0
    255 43 0 255 47 0 255 0 255 120 0 255 211 159 0 0 255 255 157 0 255
    0 255 0 255 0 255 255 255 0 255 0 174 255 148 177 0 255 34 255 255
    255 0 255 41 0 255 255 181 199 0 255 253 0 0 255 0 0 0 0 255 0 0 255
    233 255 0 255 0 198 255 0 255 10 0 255 115 255 255 255 255 157 255
    255 255 0 255 0 255 253 255 0 255 255 0 255 255 0 226 255 0 255 0 0
    0 255 255 255 0 255 0 255 14 177 0 255 252 255 255 255 255 255 0 0 0
    236 233 255 255 0 255 255 175 255 0 255 0 0 255 0 255 0 82 118 255 0
    255 0 255 0 249 0 255 0 255 0 0 255 255 40 0 255 0 255 197 0 255 29
    0 255 255 0 0 255 0 255 0 159 255 0 255 255 255 0 0 136 218 132 0
    255 0 255 0 255 255 255 0 187 255 0 0 0 144 137 0 0 255 57 255 0 186
    3 105 0 255 255 0 255 0 255 0 0 255 0 255 0 255 0 0 0 255 255 0 255
    0 96 255 255 255 0 0 255 0 0 0 255 255 0 255 0 255 0 255 0 255 0 255
    192 27 236 0 255 188 37 0 255 255 0 0 255 0 255 9 0 0 255 0 0 0 255
    0 255 0 255 255 46 0 255 255 0 255 255 255 0 255 0 0 0 0 255 0 225
    255 0 255 0 0 255 0 86 25 0 255 0 179 24 255 255 255 0 162 0 150 0
    255 0 132 255 0 0 255 0 255 97 0 0 0 255 0 255 255 245 0 255 0 255
    118 83 211 0 255 0 0 255 0 153 255 0 255 255 0 20 0 245 255 255 255
    0 255 255 72 123 216 0 255 0 0 0 221 255 255 0 0 0 0 255 0 0 255 0
    255 180 255 160 0 2 0 181 118 0 201 217 0 130 31 255 0 255 68 0 255
    255 22 127 218 0 0 255 0 255 255 0 255 0 0 83 0 0 0 56 255 0 255 208
    255 0 255 0 0 255 255 0 0 255 138 255 247 126 255 0 0 0 255 0 255 0
    255 0 255 0 255 0 255 255 0 255 0 255 255 0 255 255 0 255 255 0 255
    150 37 255 0 255 204 206 0 255 80 0 0 153 0 255 0 0 255 255 145 0
    127 255 0 0 253 132 0 255 0 0 255 0 0 0 255 0 255 255 180 0 91 255
    147 0 0 255 255 0 255 0 255 0 255 0 255 255 0 0 255 255 255 0 255 68
    0 192 0 255 232 0 0 255 0 255 255 255 255 236 255 255 0 0 255 193
    255 0 255 65 255 238 208 129 255 0 255 171 255 0 255 255 0 255 0 0
    255 0 90 0 255 255 0 0 0 0 255 255 0 255 0 255 0 0 0 0 0 234 0 255 0
    255 0 255 185 0 255 194 0 255 0 255 255 0 177 0 0 0 0 0 249 255 237
    0 255 0 0 163 0 255 0 40 0 255 255 0 255 255 0 123 0 255 0 255 255
    255 255 255 199 0 0 255 0 0 255 255 180 224 0 255 0 255 255 255 125
    255 255 176 84 0 0 255 0 29 255 0 255 212 134 255 55 0 0 255 0 0 0
    255 0 255 0 171 255 0 0 255 7 177 37 0 255 0 231 0 0 255 255 9 0 255
    0 255 0 0 255 255 82 99 0 255 255 0 255 255 0 255 165 255 0 255 112
    0 0 0 255 0 255 0 0 255 110 0 255 128 0 255 255 149 169 255 234 255
    0 255 140 255 0 251 0 11 0 209 113 0 255 196 255 255 0 0 255 0 255 0
    0 255 0 0 0 164 0 171 0 0 255 0 30 197 0 255 0 198 255 0 255 246 255
    255 255 0 255 0 0 0 0 255 0 255 255 24 0 255 255 255 255 255 0 255
    255 0 255 255 0 0 255 167 0 189 255 0 0 255 255 217 0 255 0 0 255 27
    255 255 0 0 255 0 0 255 255 0 0 255 211 255 114 0 255 0 255 98 0 255
    255 0 255 18 255 173 0 0 255 146 255 0 255 255 255 255 255 255 0 255
    255 255 255 138 0 255 255 117 255 255 0 201 255 82 255 0 0 0 0 0 255
    0 255 0 255 0 0 0 255 0 0 255 206 92 105 0 0 255 146 0 255 0 255 255
    255 0 0 255 0 0 41 0 0 0 136 255 26 132 255 0 0 0 255 8 0 255 255 0
    255 255 0 255 0 255 0 255 0 255 255 0 0 255 255 0 255 217 255 157 0
    0 255 0 139 255 255 153 0 0 255 0 255 0 255 255 0 255 255 0 255 0
    155 0 255 0 245 0 0 255 0 0 0 255 0 0 255 0 255 0 96 40 255 95 0 255
    255 0 255 0 76 255 0 0 255 0 255 0 255 0 255 0 0 255 161 255 0 179
    196 0 255 255 183 0 255 126 255 0 0 0 0 255 0 0 255 0 255 255 0 0
    255 0 255 0 255 255 0 255 80 0 255 246 0 255 0 57 154 0 249 0 255
    255 0 255 47 0 43 0 0 80 0 255 0 255 0 255 0 255 0 0 255 255 82 255
    0 205 255 255 0 0 255 79 0 255 0 173 0 0 255 0 0 255 0 0 128 0 45
    101 255 0 255 0 238 159 0 255 0 0 0 255 190 0 255 0 0 124 255 0 255
    0 0 255 0 255 0 0 237 0 0 255 165 255 0 255 188 255 255 57 255 0 0 0
    255 0 255 0 0 255 255 51 255 0 255 255 0 0 0 255 255 0 255 0 255 38
    9 0 230 128 255 255 255 0 255 99 0 255 72 0 255 0 255 0 0 255 255 81
    255 255 0 0 15 127 255 0 84 232 0 170 255 0 255 6 0 255 255 0 255 0
    0 255 0 165 255 0 168 0 138 115 255 255 255 0 0 0 255 131 255 255 0
    29 255 255 0 255 129 0 0 0 255 0 15 255 0 88 94 255 255 7 255 255 0
    68 0 255 0 0 0 255 78 255 0 255 0 0 255 243 0 0 255 255 0 255 0 0
    225 255 255 0 255 49 56 0 255 228 39 255 255 0 255 4 228 255 127 0
    255 0 255 0 235 0 255 0 255 0 0 0 255 0 23 0 0 255 72 255 255 0 255
    0 255 0 162 124 255 0 0 0 255 0 0 168 252 255 0 0 255 46 0 0 255 0 0
    255 0 255 0 255 0 255 0 191 255 255 71 46 159 255 0 255 0 255 255
    101 0 255 128 255 0 208 0 255 0 255 0 255 0 0 255 255 168 255 255
    224 0 255 255 0 0 142 130 255 255 255 39 255 255 0 255 255 0 255 0
    232 255 0 0 128 0 255 28 0 255 0 0 229 0 255 0 255 0 255 0 0 255 0 0
    255 0 255 255 0 255 255 255 0 255 255 0 255 0 255 0 0 0 0 255 255 0
    0 0 255 0 255 0 255 0 255 183 0 46 0 255 255 0 0 255 255 0 255 0 255
    255 255 0 2 0 0 0 132 255 0 255 250 255 22 255 0 1 255 0 0 0 255 169
    255 100 255 144 0 255 105 0 255 0 73 255 0 255 255 0 0 0 255 255 230
    255 182 0 255 151 0 0 255 0 255 0 130 0 231 193 255 0 255 255 0 255
    9 0 71 255 81 255 0 0 255 255 204 255 0 255 0 0 255 0 255 0 0 255 0
    255 255 244 255 0 224 251 255 151 0 255 213 0 184 255 25 0 255 0 0 0
    255 255 0 255 255 255 255 255 0 255 255 0 0 0 0 196 0 255 0 187 0
    200 0 0 184 0 0 0 255 255 255 0 0 0 244 255 0 255 217 46 88 164 133
    0 142 255 0 255 0 255 0 255 0 197 27 201 255 0 255 110 0 255 255 255
    255 255 94 0 255 0 255 55 0 255 0 255 57 0 199 0 255 207 255 167 255
    86 0 255 255 255 255 0 0 255 255 0 255 120 10 0 165 255 0 255 0 6 0
    255 85 255 0 255 189 0 0 0 224 255 74 255 229 255 0 224 255 0 254
    255 255 0 255 198 43 0 0 255 255 0 0 0 255 247 0 140 0 44 255 0 255
    255 0 255 0 255 0 255 255 0 0 255 2 0 0 255 0 255 255 28 255 0 0 255
    0 255 255 0 255 0 107 255 255 0 43 193 255 204 0 69 255 0 138 219
    255 0 0 0 103 255 0 161 0 255 0 0 255 255 0 0 255 0 255 0 255 255
    255 228 0 110 133 205 0 0 255 0 255 0 255 255 0 218 255 255 0 183 0
    0 255 178 0 255 189 0 255 0 255 29 255 0 255 0 255 255 255 19 255 0
    0 255 138 67 255 2 255 0 255 255 170 0 255 255 255 0 255 255 230 0
    255 0 0 255 0 0 255 0 0 141 255 0 151 255 0 0 0 0 114 0 255 0 0 43
    255 0 255 50 236 248 255 255 0 230 10 255 0 255 0 0 255 0 0 255 0
    255 43 255 0 94 130 0 250 255 0 0 255 63 0 0 255 0 243 135 0 197 0
    255 0 0 0 255 255 255 0 95 255 142 0 192 0 255 0 255 0 255 255 0 255
    0 255 0 255 0 255 0 255 0 255 156 255 0 255 255 153 255 255 0 0 255
    255 0 209 114 0 24 46 255 115 39 255 127 0 89 255 184 188 255 215 0
    255 179 255 0 255 115 0 255 12 255 186 0 255 160 0 0 0 115 255 255
    135 250 0 255 93 255 38 218 255 0 255 140 255 0 0 255 255 255 198 60
    0 0 255 255 181 0 255 61 0 91 255 67 49 0 0 0 255 0 0 47 0 255 0 255
    209 0 0 255 0 255 7 255 43 255 0 0 221 255 91 0 255 202 45 255 0 255
    0 255 0 31 0 0 255 255 0 223 255 255 0 108 255 0 0 10 255 0 255 0 0
    43 255 0 41 255 255 0 0 0 255 0 0 123 0 255 0 0 255 27 145 255 255
    255 0 0 117 255 255 0 17 255 210 255 255 255 0 255 0 0 0 55 255 255
    0 0 255 0 0 0 255 0 34 0 255 0 255 255 0 255 0 255 255 251 0 0 132
    255 0 255 255 124 255 255 0 0 255 0 0 255 0 0 0 0 0 235 130 0 255
    255 0 0 255 0 0 0 255 0 255 0 255 255 255 0 43 255 0 193 7 0 255 235
    245 255 255 0 255 255 255 255 0 0 0 146 80 255 255 53 255 166 0 255
    123 255 116 0 255 0 0 255 255 0 0 255 0 0 70 0 222 255 0 255 0 0 255
    255 0 255 91 255 0 255 255 255 255 255 106 0 255 0 255 0 255 0 255 0
    255 0 193 0 0 255 255 0 82 0 255 0 255 0 255 0 253 0 0 0 255 255 255
    255 0 90 17 255 255 255 149 138 255 0 255 0 0 255 0 22 0 255 255 0
    255 178 255 225 6 255 0 255 141 0 223 0 255 255 255 255 7 0 0 255
    255 0 0 255 0 255 187 255 0 0 255 0 0 255 0 255 0 255 0 0 255 0 51
    255 255 0 255 255 255 255 0 255 0 255 255 255 0 0 255 57 255 255 255
    212 0 255 255 255 0 0 160 255 255 255 0 255 255 255 0 0 0 0 0 255 0
    255 255 255 0 255 255 0 255 0 0 0 60 0 93 0 255 255 0 0 255 255 0 0
    0 255 0 255 255 109 255 0 255 39 249 84 255 255 255 0 0 0 0 255 167
    0 255 255 0 0 27 255 121 255 0 255 124 0 5 255 0 255 255 0 23 61 255
    255 0 255 0 162 255 0 255 255 82 0 255 255 0 0 205 0 132 58 0 0 0
    255 0 255 0 255 0 0 0 210 0 255 208 255 255 255 0 224 255 255 218
    255 255 28 0 87 0 0 0 0 0 216 255 255 194 255 0 255 0 255 0 0 255
    255 255 182 0 255 132 255 0 255 0 10 0 255 255 120 0 255 0 99 184 0
    255 255 255 0 255 0 255 0 255 255 142 0 255 255 43 0 255 0 0 255 0 0
    255 0 255 0 255 9 255 0 255 0 38 0 0 0 255 255 255 0 0 0 255 82 0
    255 0 255 255 255 0 255 255 139 255 0 0 255 77 255 0 255 0 0 0 0 255
    0 0 0 236 0 188 0 255 0 255 75 77 255 249 0 255 0 255 255 0 0 255 0
    255 0 0 255 0 255 164 0 0 255 0 255 255 194 163 56 0 0 255 0 255 255
    0 247 0 255 255 0 0 0 0 0 24 255 0 0 0 255 255 255 0 62 0 141 8 115
    255 0 255 255 0 0 20 0 255 0 11 0 255 255 0 255 61 255 74 255 0 255
    6 0 176 150 255 255 0 0 55 0 255 87 105 255 0 255 0 0 0 57 255 0 0
    255 0 91 0 255 255 255 0 0 217 0 93 0 255 0 0 0 255 0 255 0 255 0
    146 255 0 0 255 0 255 0 0 0 255 0 255 255 0 255 127 255 0 255 255 79
    0 255 255 255 255 0 0 255 255 10 0 224 0 0 255 0 144 0 255 0 255 0 0
    255 255 0 65 158 255 255 255 0 255 173 0 255 0 255 0 0 42 255 0 255
    255 0 255 0 255 0 255 255 0 0 0 113 0 255 0 255 17 255 169 255 255 0
    155 0 0 255 0 0 0 0 255 0 0 239 0 255 0 0 255 255 0 105 239 81 255
    148 255 0 0 0 255 0 255 255 0 0 255 255 0 255 0 0 0 255 0 255 234
    236 255 73 255 0 255 255 0 0 0 255 12 0 255 0 0 11 209 0 255 6 255 0
    255 0 255 255 0 0 9 255 97 61 255 0 255 0 255 0 246 255 211 255 0
    205 255 255 0 255 0 255 255 17 255 255 255 0 0 0 0 255 117 171 0 97
    255 0 0 255 134 255 0 255 100 243 255 201 255 255 0 255 75 0 0 199
    212 255 38 0 213 255 0 255 255 0 0 255 0 255 255 0 236 0 154 255 81
    68 255 65 84 255 255 30 0 255 255 255 100 121 255 0 223 255 0 255 0
    255 255 255 255 250 0 255 0 255 255 0 255 152 255 255 255 0 0 102 0
    0 255 0 255 0 255 0 102 221 255 255 190 78 255 0 0 255 0 255 0 255
    255 0 0 26 0 255 0 0 0 0 255 0 255 0 255 0 255 255 255 0 255 255 0 0
    255 98 0 255 201 0 255 255 255 0 0 255 0 255 245 255 0 255 255 0 255
    0 45 255 255 0 255 0 255 255 255 0 0 255 255 255 0 0 255 255 255 0
    212 0 255 11 255 255 0 255 0 0 255 75 192 0 255 255 255 0 0 43 255 0
    0 255 0 81 0 104 135 255 0 255 255 0 255 101 0 0 0 255 255 0 0 255
    255 0 255 255 0 0 255 255 0 129 255 230 173 0 255 255 0 255 255 13
    255 0 255 46 255 0 255 0 163 0 53 0 0 125 0 255 0 24 255 0 0 255 255
    0 255 87 255 0 255 255 0 0 0 255 0 25 255 87 255 0 144 255 255 0 255
    45 255 0 255 77 255 0 0 255 123 7 203 255 255 0 255 0 255 255 0 255
    255 0 255 0 0 255 0 0 0 255 178 0 0 255 0 255 140 255 255 0 0 0 0
    255 255 0 0 0 246 255 0 0 0 0 192 255 33 84 255 255 136 255 136 0
    255 255 21 0 255 0 255 204 0 255 0 255 44 255 0 255 255 0 255 255 0
    0 255 102 255 255 0 211 126 0 0 255 255 0 0 255 0 44 255 255 255 0
    118 255 255 0 222 0 0 0 214 255 255 0 108 0 255 0 212 3 255 0 0 255
    255 0 255 255 0 0 73 0 255 0 0 0 0 255 0 110 0 255 0 255 102 255 0
    255 255 255 0 255 0 0 255 0 255 0 124 0 255 210 92 255 0 56 255 0
    255 255 0 0 255 0 0 255 0 0 255 0 214 0 255 255 0 255 255 255 0 255
    255 255 0 127 53 255 61 255 0 255 0 147 255 0 119 0 0 0 0 255 255 0
    255 255 0 255 0 255 255 0 255 0 255 255 0 255 0 196 30 0 228 255 205
    255 143 45 255 202 255 0 255 0 255 0 255 255 255 0 150 255 0 216 0
    255 0 250 34 255 255 0 255 0 74 255 0 255 0 255 0 0 0 124 0 255 0 74
    0 255 0 255 255 0 255 255 255 7 255 255 96 0 255 226 255 0 255 0 255
    16 255 255 0 184 0 255 187 0 0 0 255 0 0 255 0 0 255 255 0 255 255
    255 0 255 20 255 255 0 255 0 34 255 0 255 0 255 0 0 0 255 0 255 204
    0 60 255 0 255 0 187 255 0 255 218 0 255 255 0 0 255 255 0 0 255 0
    192 255 255 255 0 186 255 255 22 0 255 68 255 0 0 0 255 142 0 0 0
    255 14 140 255 255 0 255 255 255 0 255 0 0 255 0 0 0 255 199 0 255 0
    255 255 175 255 6 0 134 0 0 170 0 0 0 255 177 232 0 255 107 0 229 0
    0 98 138 255 0 0 255 240 3 255 0 15 255 59 0 255 0 26 0 0 255 255
    255 0 0 255 255 0 0 0 255 0 58 255 163 182 97 255 0 0 132 0 255 0
    255 255 0 255 0 113 0 0 255 255 255 6 0 255 0 0 161 118 68 116 0 0
    255 15 0 255 0 211 255 0 99 255 255 255 126 255 0 120 0 0 55 255 0
    255 0 255 255 0 255 0 255 0 73 0 255 0 255 0 0 0 255 0 255 0 0 255
    25 139 198 255 255 0 194 0 0 29 255 219 255 255 0 207 0 247 255 118
    255 0 0 255 255 0 201 0 255 255 0 191 0 255 141 255 0 0 255 0 255 0
    28 255 17 255 255 47 0 255 255 0 255 255 255 255 255 0 97 255 255
    255 255 255 151 165 135 88 64 9 255 0 255 255 34 255 255 51 0 255
    255 255 255 0 0 0 255 0 255 255 0 255 0 255 255 255 118 0 255 255 0
    255 249 255 255 191 161 255 0 255 0 255 255 154 255 0 255 0 255 255
    255 255 0 0 0 0 0 44 107 255 0 255 255 255 255 110 44 255 255 0 255
    0 255 0 255 163 255 0 255 169 0 0 196 0 215 255 0 255 0 0 255 0 255
    217 0 255 235 0 0 255 142 0 0 0 255 0 0 255 255 0 255 255 255 255 0
    24 38 255 255 235 56 214 255 23 255 255 55 255 0 255 0 255 231 0 167
    255 0 93 63 0 255 255 255 255 255 0 255 217 74 125 190 255 0 255 0
    194 0 255 255 180 0 0 0 255 232 0 255 255 0 255 0 0 234 121 0 0 0 0
    0 255 86 0 0 255 0 25 255 255 240 0 255 255 0 255 15 255 0 163 0 255
    0 233 255 0 0 255 0 255 255 255 0 18 255 255 0 0 255 144 255 0 255
    63 0 4 0 255 70 255 0 0 255 0 255 0 255 42 107 0 0 61 0 0 0 24 84 0
    255 0 255 0 255 0 0 68 222 66 105 255 0 176 255 0 0 255 0 0 0 0 255
    0 0 255 255 255 0 0 255 0 255 0 255 0 255 0 255 255 236 255 0 0 0
    188 114 136 255 0 0 255 0 255 0 255 0 255 0 157 255 0 84 255 0 255
    255 255 8 0 38 0 255 0 0 255 0 255 137 0 0 255 0 255 0 255 255 1 0 0
    255 255 0 255 227 0 255 255 255 255 11 0 70 98 255 0 255 255 0 255 0
    0 255 0 0 255 255 0 255 255 0 0 60 0 155 212 0 255 0 0 255 255 0 0
    255 153 255 255 0 80 231 0 255 0 255 0 255 255 0 104 0 229 0 0 0 255
    208 255 47 66 0 0 255 58 0 255 255 55 0 40 255 255 0 255 0 255 255
    92 190 255 255 255 255 255 0 255 0 255 0 255 255 255 0 255 255 255
    221 255 0 255 0 0 255 45 255 0 255 255 49 89 119 109 255 0 255 255 0
    65 255 0 255 255 0 217 255 0 255 0 46 255 0 0 21 255 0 0 153 0 255
    236 0 0 0 255 0 0 0 255 255 0 255 255 0 255 0 255 0 44 255 141 255 0
    255 255 0 0 255 0 211 255 0 255 0 255 255 172 255 0 255 209 255 0
    255 0 255 255 228 30 0 167 117 0 255 0 255 0 0 255 0 0 255 84 224 0
    255 255 255 255 0 0 255 11 154 255 0 0 255 153 0 0 255 255 0 28 0 95
    247 0 154 206 255 0 247 159 0 0 0 78 255 0 214 0 255 0 209 159 0 255
    199 255 0 255 0 21 0 255 251 255 0 156 0 0 0 0 0 255 0 69 0 255 255
    255 47 0 0 255 0 255 255 255 0 255 255 255 0 255 0 0 255 0 0 255 0
    255 255 0 255 0 255 255 0 255 92 0 255 0 0 255 255 0 255 0 77 0 255
    255 0 255 0 43 255 0 0 255 0 0 255 0 255 0 246 255 0 0 255 0 0 11 0
    0 255 248 89 255 251 0 0 0 255 104 0 0 0 255 255 0 255 0 255 0 255
    184 255 216 0 150 255 0 0 255 107 26 0 0 0 64 0 0 167 255 0 255 0 0
    255 0 255 0 255 255 245 0 0 255 255 0 0 255 44 0 115 0 255 0 255 0 0
    59 255 0 48 255 255 0 0 0 255 2 0 0 255 255 0 255 0 255 255 255 193
    0 0 0 189 0 255 0 235 0 255 0 0 0 0 255 0 0 0 255 255 0 104 0 98 255
    0 255 73 220 0 178 0 0 0 255 255 0 0 255 97 0 0 255 0 255 0 236 0
    255 0 255 255 62 255 0 255 255 0 255 163 255 148 255 255 157 0 255
    191 255 0 255 255 255 255 255 0 192 255 0 255 255 63 0 0 134 255 247
    149 255 0 0 255 0 255 255 55 255 0 0 249 255 58 0 255 85 0 255 255
    255 22 0 255 0 255 0 0 255 145 255 0 0 197 0 43 255 0 0 255 0 45 141
    255 0 255 100 0 255 0 0 73 0 0 255 0 18 255 0 255 0 255 7 255 130
    108 255 0 0 255 255 11 255 0 255 0 0 255 0 255 255 0 191 255 19 7
    255 0 255 0 0 255 0 0 255 0 255 42 0 255 0 255 0 255 255 255 0 0 0
    173 0 255 159 255 0 0 255 0 255 0 0 255 255 0 255 0 255 0 223 255 0
    255 255 0 255 255 86 255 89 0 0 255 0 0 255 255 0 0 255 255 0 191
    255 0 255 255 0 110 255 255 125 0 255 13 0 255 103 115 255 255 0 255
    32 0 0 255 255 0 255 255 255 0 255 0 255 0 0 255 255 0 255 255 0 255
    0 130 0 242 128 39 255 0 182 53 255 0 0 0 0 255 0 0 255 255 255 255
    0 255 0 255 255 0 255 236 0 255 110 0 0 159 0 200 255 0 0 108 0 255
    0 0 0 0 255 165 0 0 255 0 0 0 0 255 0 255 0 255 0 255 255 0 255 0 0
    255 0 255 0 255 74 168 0 0 235 255 0 0 0 70 0 255 255 0 255 111 255
    0 255 188 0 255 255 0 214 0 73 1 255 255 105 238 0 90 0 9 62 255 0
    68 78 199 0 148 255 50 255 0 49 255 0 255 0 0 255 3 255 255 0 0 0
    255 255 0 105 214 0 0 0 255 0 255 82 186 255 4 218 255 255 0 255 255
    0 180 0 0 255 4 0 14 148 0 64 146 246 255 255 0 255 122 27 0 255 0 0
    248 80 255 0 255 0 255 6 255 255 255 255 0 255 255 255 0 255 0 255 0
    255 255 0 215 255 0 0 255 255 255 0 0 0 255 255 53 0 0 220 74 163 0
    0 224 255 204 0 255 255 16 255 107 4 255 128 255 255 0 255 255 255 0
    0 255 255 14 255 255 0 255 0 0 0 6 255 255 117 0 255 254 160 0 255
    255 165 0 124 255 165 0 0 255 77 105 0 255 0 0 255 0 255 0 0 0 255 0
    255 255 239 255 0 0 160 255 255 106 0 255 15 255 255 0 255 0 255 241
    255 255 0 0 255 255 0 255 255 157 0 255 153 62 0 255 0 0 255 255 34
    0 255 0 156 255 255 255 255 41 42 255 255 94 255 184 122 0 255 121
    255 255 0 126 255 255 0 255 0 114 0 255 255 0 156 0 255 121 255 255
    218 255 0 255 0 255 0 255 255 0 0 0 255 255 255 255 255 0 255 0 255
    0 255 0 164 50 255 0 219 0 172 0 149 0 191 35 255 64 0 47 255 255 0
    0 255 0 255 255 0 0 0 255 255 0 183 255 193 255 68 0 228 255 0 0 191
    255 0 0 255 0 255 131 0 203 0 255 0 0 255 0 190 255 255 0 0 0 255
    255 0 255 0 0 33 255 0 70 255 152 255 0 255 255 0 26 0 255 255 0 255
    94 12 255 0 255 0 255 255 0 0 240 255 255 255 141 255 0 255 255 0 0
    0 255 255 0 0 0 255 0 255 0 77 255 197 250 255 0 0 255 255 0 0 0 255
    255 0 255 0 255 182 255 0 0 10 255 255 72 255 0 30 0 0 255 39 164 0
    255 0 0 0 255 92 255 0 0 0 255 255 255 0 255 255 112 0 255 0 0 223 0
    255 0 135 0 255 0 255 0 255 0 255 0 255 255 0 0 18 76 255 0 125 255
    239 255 33 234 0 0 87 255 0 255 0 0 0 255 0 0 255 0 0 255 0 0 255 0
    255 175 201 0 255 0 238 255 0 0 255 0 0 255 255 0 255 0 0 14 0 255 0
    255 0 255 0 0 0 0 0 0 151 178 215 255 0 255 255 255 0 255 255 255 0
    83 0 0 255 0 255 0 0 0 255 255 0 0 255 0 255 0 255 0 0 0 255 255 0
    255 255 255 0 172 255 255 33 0 255 0 82 0 0 0 255 229 255 0 255 255
    0 255 255 0 208 75 0 255 0 241 182 0 255 0 255 0 255 255 0 255 0 180
    0 255 0 255 0 0 0 255 0 255 0 243 255 14 0 0 255 0 255 0 255 0 0 230
    86 0 255 255 255 0 255 0 230 255 255 85 0 76 255 0 255 145 255 0 196
    255 0 0 115 255 3 255 255 0 255 176 255 0 154 255 255 122 255 0 0
    137 0 255 255 255 0 255 0 255 0 255 14 72 8 192 255 0 255 0 255 255
    255 0 255 255 0 0 50 0 0 255 189 252 0 255 59 255 0 255 0 0 0 255 0
    255 255 0 0 255 255 124 255 255 255 0 65 255 0 239 255 0 0 196 62 0
    255 255 255 255 255 102 0 66 22 255 255 0 240 0 0 255 255 255 0 255
    255 0 255 95 255 0 255 0 255 0 0 255 0 255 255 0 255 255 255 0 116
    94 98 255 255 255 0 90 0 255 255 112 0 0 255 0 255 0 255 0 255 255
    145 255 255 0 43 255 0 255 69 10 0 255 0 255 0 255 255 0 255 0 0 97
    22 131 68 0 255 255 0 0 255 255 0 255 255 255 253 0 0 24 255 255 0
    255 85 255 0 0 27 0 255 0 255 255 0 255 16 211 24 255 0 188 0 0 255
    255 145 0 0 255 0 255 255 255 255 251 0 255 113 0 255 255 0 255 0
    142 69 255 83 255 0 255 0 0 255 255 0 131 0 0 224 255 52 0 0 255 0
    255 229 0 255 3 255 0 117 255 0 255 175 0 0 0 255 0 145 0 0 255 32
    255 255 0 255 0 132 255 0 0 255 255 0 255 0 255 0 129 0 0 0 0 255
    255 0 255 218 255 0 255 255 64 255 19 255 255 100 0 188 0 126 255 0
    0 0 255 0 255 0 255 255 0 29 255 0 255 0 0 255 255 0 255 0 255 255
    255 255 0 0 70 255 0 255 0 97 226 0 255 255 0 161 0 13 0 100 0 0 255
    253 255 0 0 255 255 0 255 138 0 255 0 255 0 0 0 39 0 255 0 0 255 219
    0 0 255 255 0 0 255 0 255 0 230 0 255 167 255 0 255 0 0 255 0 237 0
    255 0 255 255 0 255 44 102 255 0 255 0 225 255 255 0 255 0 0 255 0
    165 255 255 0 0 145 0 0 0 0 255 0 255 0 255 0 255 242 255 31 142 74
    255 0 0 255 204 138 255 0 0 113 0 51 128 0 255 0 0 0 126 255 255 255
    255 0 88 0 255 255 98 255 0 67 0 181 0 255 130 0 0 255 0 255 0 255 0
    0 0 255 0 0 255 47 0 187 255 255 0 255 0 0 255 0 255 24 255 255 0
    255 0 255 0 0 0 255 0 255 0 255 0 255 186 0 131 255 0 219 255 255
    255 0 0 255 255 58 0 0 255 81 255 73 180 255 0 255 98 0 255 0 255
    255 0 255 255 0 141 111 255 255 76 103 255 217 255 0 211 150 255 255
    0 136 36 212 170 255 0 0 255 0 255 255 72 255 255 0 0 255 152 0 255
    255 0 255 0 255 0 0 204 255 255 78 229 0 255 151 255 0 0 207 0 255
    50 209 75 255 255 255 37 255 211 255 0 255 200 31 0 198 255 0 255 0
    255 0 190 0 0 255 0 140 0 255 255 255 255 0 255 80 0 0 255 255 0 255
    255 0 30 0 0 255 0 0 0 0 255 250 255 255 0 255 255 0 0 255 24 0 255
    0 255 255 0 255 255 255 77 255 0 88 0 255 132 110 173 0 0 0 21 255 0
    255 255 0 0 249 0 255 95 255 58 255 0 0 255 53 194 0 255 255 0 0 255
    0 235 255 123 0 127 217 0 255 0 255 255 199 0 0 255 0 255 253 255 0
    255 0 255 255 0 0 255 115 211 255 0 255 255 0 137 255 0 0 255 0 255
    226 255 147 0 112 255 255 255 0 255 0 255 0 255 0 255 255 0 255 0 0
    128 0 255 255 0 0 255 0 255 255 0 0 0 255 255 0 255 255 106 0 255 0
    255 0 0 115 255 255 255 255 0 0 255 255 90 0 255 0 0 255 255 0 0 67
    0 255 255 0 255 0 255 255 0 0 0 49 105 0 90 141 0 174 149 255 255 0
    255 255 255 255 0 255 0 255 0 255 0 207 0 0 255 0 0 0 255 0 0 255 0
    255 0 255 0 0 255 175 255 0 0 0 255 0 68 255 32 0 0 255 0 0 255 66
    200 0 255 255 0 255 194 226 255 0 196 0 29 0 4 0 255 144 255 0 255
    255 215 255 0 255 0 255 0 255 0 255 255 255 0 228 156 255 72 255 255
    0 157 0 225 0 255 255 0 255 255 255 255 255 0 255 255 0 255 0 0 0
    255 114 0 255 181 0 176 255 0 255 19 0 0 255 255 0 255 0 0 255 255 0
    255 0 0 255 22 0 255 0 255 0 8 255 49 0 247 0 255 0 0 0 0 0 255 255
    0 0 223 0 255 39 0 173 0 0 0 29 0 255 0 209 0 255 255 0 0 0 0 255 0
    255 0 51 255 255 0 0 135 129 87 168 255 0 0 0 255 255 0 0 0 0 255
    255 0 0 0 0 202 91 0 255 255 0 255 255 23 0 255 0 0 255 167 255 0 0
    0 255 0 178 255 0 0 201 56 255 0 255 0 0 255 0 255 0 255 0 255 255
    255 255 0 255 255 238 0 0 0 255 75 0 255 0 0 255 0 0 255 0 92 0 118
    255 181 255 0 255 158 183 255 255 0 0 255 124 255 255 0 255 0 81 0
    255 123 0 75 0 255 0 255 255 0 255 0 0 255 103 0 0 255 0 0 0 98 255
    255 255 0 255 130 0 255 255 0 255 0 0 255 0 255 255 61 0 4 176 0 0 0
    255 0 255 168 255 0 0 0 255 255 0 255 0 20 255 255 18 0 255 255 99
    255 255 255 255 121 255 255 255 146 0 255 255 0 255 247 148 192 171
    255 255 255 255 0 255 0 255 0 249 255 0 0 255 255 255 0 255 255 255
    0 255 154 255 147 255 0 0 0 255 255 255 214 255 0 80 0 255 0 255 0
    238 0 255 255 255 255 255 0 0 0 248 255 62 0 255 255 255 0 255 0 0
    255 255 255 0 0 0 255 0 255 255 0 123 255 33 255 0 255 0 232 7 30 0
    255 255 0 0 0 0 255 0 0 255 60 0 255 0 221 177 255 0 255 255 150 255
    255 13 0 255 0 255 0 255 255 0 0 139 114 255 0 255 0 255 0 255 0 0
    255 255 255 0 0 255 0 255 0 255 0 255 255 0 255 255 217 255 0 255 0
    255 95 0 255 255 0 255 0 0 50 0 0 196 255 0 0 241 0 0 255 23 255 147
    255 191 70 0 255 0 94 0 255 0 255 253 0 137 255 255 0 255 255 255
    255 0 255 0 212 0 0 0 48 42 0 217 2 0 255 26 255 0 255 0 30 255 0
    121 0 255 0 255 115 0 0 255 135 0 35 0 255 216 0 0 255 0 255 0 0 118
    0 0 0 0 0 0 255 0 100 0 255 0 132 0 255 0 154 0 255 0 0 69 0 0 255 0
    230 255 0 255 0 0 255 0 255 0 255 0 255 0 0 0 0 0 242 255 0 210 0
    255 4 0 109 0 255 0 255 255 0 118 93 0 255 0 0 212 0 255 255 0 255
    255 255 0 255 20 40 255 0 255 255 0 255 0 255 255 230 255 0 0 0 255
    0 255 0 255 0 255 255 0 0 146 255 0 226 0 255 211 0 255 175 255 0
    121 64 0 255 255 100 109 79 255 255 255 0 255 255 0 255 201 255 11 0
    255 255 255 0 0 0 165 0 255 255 255 255 255 0 0 0 255 241 0 51 0 255
    0 168 0 255 0 0 211 0 0 255 0 255 0 156 226 0 0 36 61 255 194 255
    255 255 0 255 0 255 255 173 0 255 0 0 255 0 255 255 146 0 0 255 0
    242 255 255 0 255 255 0 0 179 255 0 255 0 0 195 255 120 255 174 255
    0 0 48 0 255 255 0 255 0 0 0 255 0 255 255 255 255 255 93 255 0 255
    255 0 255 255 0 255 0 0 255 255 0 255 255 255 0 255 255 0 255 60 255
    147 0 255 166 0 255 0 23 255 255 255 0 255 255 0 255 255 111 0 38 0
    255 0 255 221 0 255 255 16 0 255 0 0 51 85 255 178 155 0 0 0 0 255 0
    0 0 255 255 0 0 255 77 0 255 255 0 255 255 0 255 255 255 0 25 0 0 0
    0 43 0 0 255 0 255 255 171 0 0 255 0 0 255 0 102 255 255 255 255 255
    0 187 255 0 0 0 0 255 0 0 255 151 0 255 83 255 220 0 255 0 255 255 0
    255 58 0 255 0 211 255 0 255 0 255 0 255 0 0 0 167 0 255 255 0 255
    116 255 0 0 86 0 255 82 200 0 142 0 0 255 0 0 255 0 255 160 0 255 0
    0 255 0 0 0 0 255 255 0 255 0 0 255 255 0 255 174 255 0 255 0 226 0
    0 0 0 160 0 0 255 0 82 0 210 255 105 255 0 0 255 0 255 0 255 255 0 0
    255 0 255 0 255 255 251 255 255 233 255 0 0 0 255 26 255 255 0 255
    255 255 0 0 255 40 220 0 255 255 0 255 0 19 0 255 22 255 0 255 0 255
    166 0 255 0 255 255 0 255 30 0 33 255 0 0 255 0 255 0 255 48 255 255
    84 0 0 255 0 0 142 94 255 13 179 0 255 0 255 0 0 0 255 0 255 255 0 0
    255 0 255 0 255 0 90 9 0 255 166 0 0 255 0 170 0 0 0 255 0 0 0 255 0
    100 255 255 0 255 0 185 255 222 201 255 151 50 0 18 236 255 0 255
    255 255 147 0 6 255 34 0 0 255 0 255 0 117 255 208 0 0 255 0 255 126
    188 0 0 201 0 0 255 140 255 220 106 255 0 255 255 0 0 249 255 0 0 54
    255 13 0 255 0 0 0 255 0 255 255 255 255 255 0 0 255 224 255 255 0
    255 255 17 0 212 190 255 255 0 255 0 255 0 25 255 255 255 255 0 0
    255 72 255 0 0 255 255 0 0 38 255 0 0 0 255 255 0 255 13 0 0 159 255
    255 255 255 0 248 0 255 0 0 255 0 255 238 0 255 0 0 255 255 0 229 0
    87 0 0 255 255 222 255 0 255 0 255 0 0 255 0 0 255 202 0 255 186 255
    0 0 255 0 255 255 243 0 255 0 5 0 255 255 241 120 0 0 0 97 115 0 255
    151 0 255 255 40 0 255 255 255 255 0 0 0 255 255 0 255 0 255 0 74 0
    0 0 255 0 255 0 55 255 137 208 255 0 255 255 0 255 0 255 0 140 255 0
    255 120 91 149 0 255 255 255 255 225 15 255 255 0 255 141 255 255 0
    0 255 0 13 255 255 0 180 255 255 255 0 255 60 0 110 255 0 0 0 214
    177 0 0 255 255 0 0 255 0 255 0 0 255 0 255 0 255 138 37 0 0 40 255
    0 255 255 0 104 230 255 0 0 255 74 255 0 255 0 150 198 255 255 255
    255 255 0 0 255 147 0 210 255 0 0 0 255 213 108 0 44 255 255 108 0
    14 0 255 13 0 107 255 0 255 0 0 253 0 166 0 174 0 255 85 77 255 202
    255 0 0 255 126 255 0 255 89 255 0 0 255 255 255 0 255 0 255 0 255
    53 0 0 255 74 255 255 255 0 255 238 255 0 207 255 0 0 255 255 255 0
    255 206 192 3 88 0 255 54 0 0 0 115 0 125 0 255 191 255 130 0 108
    249 255 0 255 255 0 255 220 188 209 255 255 0 255 0 0 255 0 0 58 0
    15 255 0 175 0 255 85 54 0 0 255 0 255 0 255 0 255 0 255 255 160 255
    1 255 0 255 139 255 0 190 255 255 255 0 113 255 0 0 255 255 0 255
    255 0 0 0 255 255 83 103 199 0 101 251 0 255 96 46 255 255 0 226 0
    255 255 0 255 255 0 255 0 192 0 255 255 0 191 0 0 0 199 99 255 255
    255 0 255 255 0 101 0 0 189 0 255 0 0 0 255 0 0 0 255 0 197 89 0 255
    255 0 0 0 255 65 0 0 255 255 0 9 0 0 255 255 255 166 0 32 255 0 0
    255 0 26 0 255 0 28 255 32 0 0 255 86 0 0 255 13 0 0 255 43 0 255
    255 0 8 194 255 0 255 183 0 0 255 0 255 0 255 0 255 252 52 0 255 0
    255 255 255 0 0 255 255 0 0 0 255 161 0 255 255 66 255 0 55 255 0
    255 0 0 0 255 0 255 0 255 255 0 255 255 69 0 255 255 0 0 255 0 0 255
    0 255 86 76 0 255 255 27 255 0 0 128 0 255 255 0 255 0 87 64 130 0
    255 0 255 0 255 155 0 255 109 121 255 0 255 80 255 0 255 251 2 0 255
    0 0 255 40 255 255 0 0 255 0 22 0 0 0 0 255 0 231 0 135 0 255 0 255
    0 255 255 119 13 0 255 102 255 30 0 0 255 0 255 0 0 0 255 0 162 255
    0 255 0 255 204 255 0 0 210 0 255 255 0 0 255 0 255 0 255 46 0 0 255
    202 255 86 255 255 255 0 255 0 212 0 198 255 255 255 255 63 229 255
    0 0 0 0 255 106 0 255 255 0 255 255 198 0 255 255 0 0 255 215 255
    255 174 0 0 255 255 0 0 0 231 255 0 0 255 255 68 255 255 0 255 199 7
    255 255 221 0 255 198 255 255 0 133 255 0 127 255 0 255 0 255 255
    255 183 0 255 0 148 255 255 149 0 160 255 0 0 255 0 16 194 255 0 255
    0 255 255 0 0 255 255 255 0 255 255 0 0 0 0 255 0 134 255 164 255
    255 0 255 0 0 255 0 255 0 255 85 0 255 0 255 210 233 255 0 255 255 0
    0 255 242 0 0 17 255 255 255 255 45 47 255 0 255 0 255 87 255 195
    230 0 133 255 255 255 0 255 133 255 0 0 255 255 0 0 109 25 0 255 255
    255 255 0 64 255 203 90 255 6 0 253 136 255 255 79 255 251 255 157
    255 0 0 255 255 0 255 0 0 149 255 255 139 255 0 255 255 255 0 0 255
    0 255 32 255 255 0 255 255 0 255 126 255 0 255 255 176 255 0 248 255
    0 0 0 0 255 193 29 255 0 84 239 0 227 139 0 0 255 0 254 0 255 0 0 0
    0 0 255 0 0 0 245 255 21 0 255 0 255 0 255 0 0 255 0 255 0 45 0 160
    227 0 0 255 255 171 0 0 154 146 0 255 192 255 255 71 0 255 255 0 0 0
    255 243 0 255 0 255 255 0 32 0 96 255 0 255 0 255 0 255 115 174 0
    255 0 255 145 255 49 0 255 255 0 255 171 0 255 0 255 255 0 0 0 0 0
    255 0 0 255 255 230 0 255 0 182 255 0 255 0 255 246 247 0 0 255 255
    0 0 255 255 33 11 0 255 88 0 255 0 0 255 170 255 82 0 255 0 255 255
    0 0 0 255 0 0 49 255 0 8 255 255 227 0 255 0 123 255 0 241 255 81
    150 0 255 255 255 255 0 12 215 255 0 255 0 255 47 255 255 8 0 255 31
    255 0 141 255 0 255 255 255 255 255 0 255 0 212 255 0 228 255 255
    140 28 255 82 0 1 255 0 255 255 0 255 255 255 0 255 0 0 255 0 255 53
    218 0 0 255 255 0 255 255 30 255 0 149 255 217 255 255 255 255 255 0
    200 255 99 0 59 255 255 0 255 0 255 229 208 0 182 255 243 189 0 255
    166 255 0 0 255 255 255 0 0 255 255 0 255 255 0 255 255 0 255 166
    255 255 0 179 247 0 0 0 255 0 255 165 0 255 191 67 114 0 255 0 155 0
    0 93 255 255 0 25 255 0 36 0 0 12 255 255 0 255 124 255 255 0 255
    255 191 0 0 206 255 0 0 0 255 0 255 0 0 64 255 255 0 0 0 255 255 134
    137 255 145 111 255 162 0 0 0 82 0 255 0 255 255 0 72 255 0 220 255
    255 0 0 255 0 0 133 255 255 0 255 0 255 255 0 0 255 0 0 62 61 255 0
    255 0 0 0 255 221 255 33 0 0 107 255 0 0 255 255 21 255 112 143 0
    255 28 255 0 255 0 255 255 73 228 255 255 220 0 0 255 0 0 255 255 0
    255 0 120 255 0 255 0 0 247 0 255 0 0 255 0 235 0 255 255 255 255 0
    118 0 0 255 255 255 226 91 0 255 0 255 0 0 0 255 0 0 255 224 0 0 255
    19 214 0 192 24 255 0 255 0 255 255 255 219 112 0 0 255 255 0 0 255
    0 255 0 0 56 0 255 161 0 0 255 0 0 255 0 148 255 0 255 0 255 0 44 0
    189 0 0 220 255 0 255 0 143 0 0 255 0 15 214 202 255 0 255 186 0 145
    49 255 85 255 44 121 255 0 255 255 0 255 255 0 255 0 154 0 255 0 0
    22 0 255 0 0 0 0 255 0 255 26 90 255 255 132 255 255 0 0 255 255 0
    255 0 255 0 255 255 231 0 255 0 150 0 255 0 255 0 255 255 214 255 37
    255 255 0 0 255 0 159 0 0 255 0 0 0 255 65 255 128 255 210 47 0 255
    0 255 255 0 255 172 172 255 255 185 255 0 0 255 0 128 0 0 255 255 0
    255 255 255 0 255 71 0 255 140 255 142 0 0 0 0 0 239 0 255 0 0 255
    43 0 0 0 255 0 0 255 255 88 0 255 0 255 0 0 255 0 0 255 0 255 41 50
    255 0 255 255 255 0 0 255 0 0 255 0 255 255 0 255 0 255 0 0 136 0 0
    255 0 255 255 122 79 255 255 0 56 177 221 255 0 255 255 0 255 0 255
    0 255 0 0 168 255 255 218 255 0 0 255 122 0 0 255 0 255 0 255 0 255
    0 0 255 0 0 0 255 0 255 255 0 255 255 255 0 255 79 255 255 0 0 255 0
    147 0 0 0 255 255 255 0 0 171 0 0 255 255 149 121 0 255 0 171 0 255
    255 114 0 255 0 255 126 94 0 42 146 0 255 255 149 255 0 255 255 0 79
    0 255 83 203 0 0 0 255 0 0 255 0 255 0 0 255 255 91 255 0 0 0 255 0
    255 0 37 255 0 0 0 0 176 0 255 10 255 0 0 255 255 0 255 0 0 0 255
    219 37 0 0 0 255 0 255 255 0 0 255 110 2 255 255 0 182 255 0 0 255 0
    255 255 0 220 0 148 44 0 255 0 0 255 0 255 0 172 0 255 0 64 0 255 0
    0 255 255 255 0 39 255 0 219 168 255 255 0 150 255 255 0 124 255 101
    0 0 255 255 0 255 255 0 255 0 255 156 0 255 0 255 0 23 255 255 255 0
    255 61 133 0 0 0 65 255 134 138 0 255 0 255 0 0 0 0 255 0 174 221
    255 93 239 0 208 179 0 255 255 255 0 49 255 0 0 255 0 0 54 0 255 0 0
    255 41 0 0 255 0 255 0 0 0 255 0 0 255 154 255 0 255 0 255 159 216 0
    255 255 255 0 0 0 120 255 255 0 255 0 102 255 0 0 255 255 0 255 109
    0 0 255 0 255 255 0 255 241 255 255 255 0 255 0 23 0 0 255 0 255 0
    255 0 89 0 215 255 188 0 0 0 82 152 255 0 255 255 255 0 255 0 255
    255 0 255 255 0 255 0 0 255 255 39 0 255 0 255 226 255 0 255 255 255
    0 255 0 0 94 0 0 255 0 31 0 255 255 0 0 0 255 0 255 0 255 255 0 0
    255 0 35 0 255 31 0 255 0 0 0 255 0 255 0 0 221 29 17 0 0 0 249 0
    255 0 153 0 255 0 255 0 255 41 255 0 0 255 0 255 208 0 255 29 255 0
    255 0 255 219 255 0 255 255 0 222 0 255 255 255 0 255 66 145 0 0 0
    255 0 255 255 67 0 0 98 6 0 255 0 83 197 0 255 255 255 0 0 255 0 0
    255 198 255 0 255 255 0 0 94 255 0 255 255 0 0 255 0 0 124 0 255 0
    255 255 0 190 0 0 255 0 177 58 98 255 0 0 255 255 0 255 0 255 255
    236 255 0 255 0 255 0 255 0 167 0 255 0 204 44 255 0 255 0 191 255 0
    63 0 205 255 0 255 0 138 255 0 255 0 40 0 255 0 0 255 0 255 0 255 0
    2 255 0 0 255 255 0 255 0 1 255 0 0 255 0 255 255 255 106 40 255 255
    255 0 216 108 0 3 0 113 0 255 203 0 255 60 0 255 109 255 255 0 0 255
    255 255 207 255 255 0 0 211 0 35 255 0 255 0 113 147 255 0 255 0 255
    0 55 0 195 255 255 0 110 255 0 0 114 18 0 255 255 0 255 0 0 0 0 255
    0 190 254 0 255 0 255 188 153 255 247 211 255 0 0 0 189 255 0 0 0 51
    0 229 92 255 50 21 215 206 0 255 0 0 255 0 255 190 0 194 0 24 28 0 0
    0 255 0 222 0 255 0 255 255 251 255 0 0 255 255 0 0 255 0 255 255 0
    255 230 255 0 255 255 0 0 119 255 0 255 195 0 193 255 110 0 255 0
    255 0 255 183 0 255 255 0 0 255 255 0 255 0 255 124 114 0 255 0 255
    0 196 255 0 255 207 0 255 0 255 255 120 169 255 0 255 0 224 0 255 0
    255 0 0 255 0 0 255 209 0 169 0 147 0 0 0 255 61 223 0 0 255 0 255
    222 46 255 0 28 253 255 255 0 234 0 255 94 0 218 255 180 0 255 255 0
    255 0 0 255 242 0 141 255 0 255 255 255 0 29 255 0 0 255 0 255 0 255
    0 255 0 4 247 0 0 0 184 255 255 0 0 0 32 255 252 255 255 0 0 0 0 244
    255 255 0 255 145 0 255 37 255 255 79 0 255 0 255 255 255 255 255 0
    0 255 30 76 255 0 255 90 0 0 255 255 255 255 0 255 0 42 0 183 0 0
    255 72 0 255 0 203 0 255 57 0 0 211 239 0 255 98 230 255 0 255 0 255
    9 246 255 0 255 255 255 0 0 255 255 0 255 255 174 232 255 255 255 0
    165 255 140 0 255 0 60 170 0 255 255 0 255 255 255 132 255 0 255 0
    255 0 0 255 0 0 255 255 0 0 255 255 255 255 0 0 255 0 0 255 0 67 255
    255 0 255 0 19 255 255 0 255 0 0 0 45 0 255 255 255 255 255 255 41
    255 0 224 0 0 255 255 0 0 0 225 144 255 255 255 45 255 255 189 195
    150 0 255 19 0 255 190 255 0 255 0 255 255 0 255 210 255 255 37 255
    0 0 0 255 255 36 101 255 0 255 0 255 0 125 255 0 0 255 0 255 255 184
    0 44 0 0 255 0 0 255 0 255 13 0 255 255 255 6 0 255 255 0 255 0 255
    0 0 255 0 255 146 255 18 255 0 0 255 63 0 255 0 0 96 0 0 255 255 107
    255 0 0 0 255 0 0 255 255 0 244 255 0 255 104 0 0 76 255 255 242 0
    255 0 255 255 71 0 255 138 0 126 255 0 255 43 255 0 255 0 255 255
    211 0 255 255 49 15 184 0 255 255 0 255 255 255 165 255 0 90 255 0
    255 0 255 0 0 255 255 0 0 255 64 0 255 255 255 0 113 255 0 0 0 255
    255 0 255 164 255 0 0 0 255 46 255 98 255 0 0 0 59 255 255 0 255 255
    255 0 255 0 0 0 255 206 0 255 0 255 0 217 0 255 255 86 255 173 114 0
    255 0 255 0 255 0 0 255 255 0 255 255 191 0 0 255 255 0 8 255 79 0
    255 0 139 0 19 255 255 0 240 0 255 0 227 0 255 0 0 255 39 255 0 255
    246 255 255 0 0 69 255 0 0 0 0 255 205 0 0 0 255 0 255 0 149 105 0
    255 255 0 255 0 237 255 252 255 0 255 255 0 202 0 255 255 255 0 255
    255 49 255 0 116 0 191 134 0 224 0 170 255 134 0 255 41 0 255 248 0
    255 255 255 38 0 0 255 255 255 0 255 0 255 227 21 255 255 0 255 0
    255 255 255 169 105 255 139 104 0 0 255 255 0 0 255 0 255 0 0 193 0
    36 255 0 0 0 48 255 0 0 255 242 255 255 0 255 0 255 255 255 195 255
    212 243 0 0 133 0 255 195 218 0 255 255 0 0 100 255 0 255 114 255
    255 0 0 0 213 255 0 255 255 0 0 255 0 0 255 255 0 0 255 103 67 122 0
    0 255 0 225 255 255 255 0 63 255 255 255 0 255 214 255 255 0 255 0
    255 0 0 255 255 0 255 255 255 37 255 0 0 255 231 255 255 0 0 0 173 0
    255 255 0 165 255 0 255 255 0 0 207 255 0 255 0 255 255 136 0 255 0
    255 255 0 255 0 0 255 0 255 81 255 76 0 255 37 0 0 255 60 0 0 0 0
    255 93 0 135 255 0 255 0 255 71 0 0 248 0 255 255 233 63 211 255 0 0
    0 255 255 0 255 0 255 229 0 0 0 255 255 0 255 0 0 0 255 0 255 0 255
    24 255 255 0 255 0 255 0 255 0 108 255 0 35 255 140 255 0 255 255 0
    255 19 0 255 100 255 0 255 255 0 255 255 0 255 255 0 0 0 255 255 0
    255 247 0 255 255 255 238 117 0 255 80 255 0 17 255 255 49 255 0 145
    255 0 209 255 255 0 0 255 0 255 255 0 255 0 118 0 184 0 0 33 255 255
    0 255 255 255 33 255 255 255 255 0 255 255 0 0 0 247 255 103 255 255
    0 38 0 0 255 252 255 255 91 255 0 255 0 255 0 255 87 0 220 0 255 0
    255 255 255 0 255 0 255 145 0 88 0 241 255 0 255 0 255 0 255 171 0
    255 0 255 0 0 255 0 0 94 255 0 255 238 255 255 0 0 255 255 0 255 255
    75 0 255 118 70 255 195 7 255 0 255 0 26 0 255 0 255 255 255 0 204 0
    0 255 255 255 255 0 255 170 39 0 255 0 255 0 0 255 0 255 255 255 214
    255 0 0 128 0 0 255 0 255 255 255 252 0 0 255 0 255 0 0 255 255 255
    0 255 245 0 255 227 232 255 0 255 0 171 211 0 255 181 255 0 255 8 36
    230 0 0 255 210 122 255 255 0 52 0 255 0 204 0 0 59 0 0 255 0 255 0
    255 0 0 0 255 0 255 0 0 255 0 139 144 91 255 36 118 98 0 255 0 255
    255 0 0 255 0 0 255 0 255 0 255 255 0 0 255 0 255 255 0 0 93 0 0 0
    255 255 255 81 110 0 255 255 243 255 202 0 0 207 255 188 0 0 225 0 0
    214 37 255 0 255 0 0 105 255 255 0 255 91 255 255 255 158 255 0 231
    255 0 255 164 0 0 255 255 0 0 255 0 0 255 0 0 255 0 255 0 255 0 255
    219 0 255 143 232 255 0 0 0 255 0 255 96 255 172 0 255 0 0 0 255 0
    255 123 248 222 0 255 0 74 255 0 255 255 8 0 120 0 255 0 255 0 0 0 0
    255 0 0 0 0 255 228 0 255 0 86 0 0 255 0 255 0 255 0 255 0 255 0 255
    0 255 255 0 168 0 255 0 245 89 0 255 62 0 255 0 255 86 255 0 255 255
    255 0 255 0 0 159 0 255 87 0 8 255 160 255 255 255 0 255 73 255 0 98
    0 255 114 255 255 0 255 0 255 0 255 255 0 255 166 0 0 0 255 255 49 0
    0 255 255 0 141 255 153 255 0 0 255 255 0 249 244 89 255 0 61 0 255
    0 255 0 0 188 197 0 255 255 255 0 162 159 0 255 0 255 255 255 0 255
    255 0 0 185 0 255 0 0 0 255 0 255 255 154 255 0 255 54 255 0 255 82
    66 255 0 25 255 255 110 255 255 255 255 0 255 0 255 0 0 0 0 0 180 43
    255 0 0 180 0 0 0 0 255 93 109 0 255 0 255 0 255 109 0 255 255 42
    255 0 255 0 255 0 0 101 0 0 210 134 0 0 0 107 163 255 0 255 0 255 0
    255 0 255 0 255 0 137 46 0 255 169 255 0 0 0 255 0 255 255 30 0 255
    0 255 223 255 0 255 0 255 0 255 255 0 255 0 255 255 255 0 154 255
    255 0 255 0 255 255 255 0 255 0 0 255 0 255 0 255 0 0 255 0 0 0 0
    255 189 255 255 233 45 3 15 255 255 0 255 0 255 0 35 0 0 0 255 255
    218 0 255 255 255 0 255 0 255 77 255 255 0 255 0 219 255 255 0 255 0
    0 255 0 255 0 255 226 52 112 255 255 117 0 255 0 0 255 255 87 0 0
    255 0 255 22 0 255 157 255 0 255 0 255 0 255 0 0 241 0 0 0 137 255
    255 0 255 67 214 255 27 255 255 0 255 0 255 190 0 255 0 20 138 255 0
    255 0 255 255 0 255 0 0 0 107 0 178 255 255 0 255 0 0 0 62 0 0 0 255
    255 255 0 0 255 0 255 0 0 211 167 255 255 61 255 0 0 255 255 0 191 0
    0 255 0 255 255 0 255 255 0 255 0 133 255 0 159 0 255 0 0 255 0 255
    0 255 255 0 255 162 255 0 255 255 219 0 0 255 255 0 255 255 0 0 255
    0 255 0 255 0 255 0 255 238 255 255 0 255 0 255 0 255 8 255 205 0
    243 52 0 255 255 255 255 0 0 255 0 0 162 255 255 110 0 0 255 0 255 0
    255 0 193 0 255 0 0 255 0 255 0 255 0 255 0 197 167 0 255 255 0 0
    255 181 255 255 0 0 255 0 255 0 0 255 0 255 0 255 6 0 255 211 0 0 0
    0 0 233 255 0 208 0 0 255 37 255 0 255 255 154 255 0 255 1 0 255 0
    255 0 0 255 157 255 0 0 167 255 0 255 0 222 40 255 255 0 0 0 255 0
    255 0 178 0 255 0 255 255 70 255 149 64 255 46 78 255 255 0 255 0
    255 255 255 124 0 0 255 8 255 0 255 0 255 77 255 255 0 0 204 0 255
    255 192 0 255 0 0 255 0 255 0 255 255 0 255 0 255 172 255 0 255 255
    0 0 9 0 255 113 52 255 0 0 107 255 0 255 255 0 255 21 255 115 0 255
    255 0 62 246 255 255 0 255 0 108 173 255 245 0 255 255 0 255 212 0
    255 255 0 104 0 255 255 148 0 255 255 255 255 255 40 0 0 237 255 0
    255 0 17 0 0 255 255 255 255 0 68 120 0 255 255 0 0 255 255 0 0 255
    255 255 0 0 255 81 0 255 5 255 0 255 255 0 0 255 229 0 26 232 0 242
    255 140 207 255 255 255 58 18 255 0 213 255 0 203 255 255 230 255 0
    0 14 0 0 111 255 124 255 0 0 0 249 145 0 255 0 0 255 0 216 255 83 25
    199 255 255 208 141 255 218 255 0 229 255 0 255 119 255 0 0 255 255
    0 223 255 0 255 0 255 0 255 0 12 245 255 152 255 244 0 0 255 255 0
    212 0 0 255 0 215 255 0 1 210 130 0 255 0 255 255 255 0 255 0 0 0
    136 0 255 152 255 19 102 255 0 255 0 38 207 255 0 81 0 255 255 0 255
    158 255 58 0 0 255 0 255 255 0 0 119 0 255 0 0 44 0 255 186 255 0
    255 0 255 174 119 255 255 0 255 255 0 252 255 255 0 255 255 185 0
    255 0 219 149 255 0 255 255 0 255 0 255 157 0 255 255 255 0 0 0 133
    0 25 255 255 255 0 241 255 0 255 114 255 9 255 0 0 135 0 255 0 231
    255 0 255 255 0 247 198 255 255 0 0 188 255 144 255 255 255 255 31
    255 255 0 247 255 255 255 0 255 255 96 255 0 255 14 0 251 255 0 255
    0 255 0 171 255 255 255 0 255 0 255 255 0 0 204 0 0 0 255 55 17 0
    255 255 0 166 191 0 208 255 0 0 155 4 10 0 255 255 255 0 255 8 255 0
    189 0 0 61 0 57 255 0 255 0 0 40 0 0 255 0 209 0 255 0 25 0 0 255
    225 255 255 0 255 0 255 0 120 89 0 0 255 0 157 255 0 174 255 0 0 0
    37 220 223 255 0 206 4 0 0 0 88 255 255 255 0 14 0 0 255 0 0 198 20
    255 0 0 221 221 0 184 0 255 0 255 0 255 255 49 255 66 0 140 0 0 255
    0 163 255 255 0 255 255 0 255 255 0 212 142 255 255 0 0 0 255 0 255
    67 255 255 0 255 0 123 255 154 255 110 255 0 0 255 228 0 255 0 0 255
    105 11 255 0 255 158 0 0 255 0 245 255 0 0 200 167 174 255 0 255 221
    0 255 86 255 0 195 0 255 0 89 0 232 0 255 255 0 255 7 234 0 255 124
    219 255 0 255 0 0 255 0 130 91 255 0 23 255 0 236 0 255 255 111 23
    233 0 220 0 143 0 255 0 255 15 255 0 0 81 79 0 0 255 210 0 255 0 255
    0 248 0 160 0 68 255 0 255 0 255 240 0 255 0 255 255 255 0 223 255
    255 0 255 255 255 255 255 244 0 241 255 0 201 163 0 0 255 255 0 0 0
    255 0 255 0 157 255 255 197 0 255 0 255 0 0 0 255 255 0 255 255 63 0
    0 180 0 34 255 0 255 0 0 255 0 0 255 255 0 255 0 0 255 54 47 0 255 0
    255 255 255 255 0 0 255 0 255 0 255 255 0 255 0 255 0 255 0 255 0
    255 255 255 255 0 255 255 250 0 0 255 0 255 0 217 255 255 0 0 255 0
    255 255 5 181 0 255 255 168 0 0 0 255 74 255 255 0 255 243 0 255 0
    255 255 0 0 0 122 255 0 255 255 216 0 255 0 156 255 255 0 178 0 255
    255 0 0 232 0 149 15 255 0 255 0 255 0 255 255 250 160 255 228 0 255
    0 255 0 0 0 255 223 255 32 186 0 137 255 0 246 157 79 255 0 204 138
    0 0 68 255 0 255 255 255 0 0 255 0 255 184 0 0 0 255 0 255 255 0 0 0
    255 0 255 167 255 98 255 0 255 0 255 0 0 0 255 0 0 255 0 0 0 0 255
    242 0 255 0 167 0 16 57 0 58 0 255 0 255 255 0 255 0 0 36 255 0 0
    255 0 255 0 255 0 255 0 255 0 255 255 0 255 218 253 255 255 255 0
    199 173 0 0 255 0 0 255 255 0 0 0 255 0 255 0 255 13 255 213 0 111 0
    255 255 0 255 0 255 0 255 84 255 255 0 0 255 0 255 0 0 32 0 255 255
    255 0 255 168 0 190 255 0 0 255 0 0 255 0 0 255 0 0 0 255 0 0 255
    255 131 0 33 255 0 255 0 255 255 39 255 255 0 0 255 0 0 255 0 255 0
    255 255 0 0 0 123 0 0 0 255 0 255 0 151 9 255 255 255 0 132 255 44
    255 0 255 186 0 0 0 255 74 255 0 255 255 0 255 0 0 255 255 0 255 255
    0 0 255 0 0 255 199 0 0 53 0 255 255 70 255 156 0 255 255 0 255 0
    128 0 255 0 255 0 0 255 0 165 40 255 0 0 255 0 51 0 99 255 0 255 255
    0 255 0 255 0 0 255 0 255 255 0 48 255 255 0 255 0 0 255 0 0 0 44 0
    255 0 255 0 0 255 179 190 255 148 255 255 0 205 255 255 0 0 255 255
    165 0 255 0 0 255 255 119 0 0 173 255 255 0 0 255 255 0 0 241 47 0
    15 255 0 255 86 0 0 0 0 255 29 255 0 0 255 0 0 255 244 0 0 185 73 0
    255 0 255 0 255 0 255 98 0 255 255 0 0 255 255 0 255 245 0 0 177 94
    0 255 255 0 191 255 255 255 62 0 0 255 255 250 0 255 0 255 0 0 255 0
    0 255 0 0 0 255 255 0 255 0 0 0 255 255 255 222 255 255 255 0 0 0
    255 0 0 255 0 0 255 255 0 0 2 0 255 44 255 0 243 244 230 255 0 0 255
    0 255 0 255 0 255 0 77 105 0 0 255 0 255 228 0 255 255 0 255 255 255
    0 255 0 0 255 0 0 14 255 255 255 68 91 0 255 255 0 255 140 255 0 0 0
    255 0 0 46 0 0 7 0 0 255 255 111 255 0 255 148 255 255 0 239 0 0 255
    0 255 255 255 224 0 0 255 0 151 0 209 255 255 0 0 75 0 255 0 102 255
    0 255 0 255 255 0 0 255 255 0 40 255 255 255 0 255 0 255 255 0 255 0
    255 255 0 255 105 255 0 0 0 138 45 255 255 0 0 255 0 255 0 122 199 0
    255 0 127 0 0 255 255 0 255 218 0 255 255 0 255 63 255 0 255 255 156
    255 171 255 0 255 248 0 141 150 255 255 111 97 255 0 100 255 255 0
    134 0 0 229 0 255 0 130 255 0 104 0 255 255 120 0 0 255 0 255 255
    170 108 255 0 255 0 255 0 224 0 255 255 255 233 67 255 255 255 0 137
    0 255 0 253 255 0 0 0 255 0 188 88 0 255 0 255 255 118 0 255 255 0
    147 255 0 255 255 0 255 255 0 0 255 255 255 85 172 0 255 255 0 240
    119 255 255 0 0 0 255 0 40 255 35 0 0 255 103 255 0 0 255 0 0 255
    255 255 156 255 122 255 0 0 255 0 0 0 0 0 3 226 152 255 0 255 143
    100 255 0 255 0 255 0 255 75 255 15 0 255 0 255 0 232 173 94 255 0 0
    13 255 255 0 0 245 0 255 0 255 0 255 203 47 0 250 255 255 255 0 255
    0 255 0 255 58 255 0 255 125 0 255 0 0 0 255 195 255 255 255 0 255 0
    255 255 0 188 255 255 0 255 0 255 255 255 255 0 157 0 255 255 0 255
    0 255 255 255 216 233 0 0 255 255 0 0 219 0 255 0 255 0 255 255 0 0
    107 0 0 255 0 113 255 0 255 0 255 0 212 204 0 255 255 0 255 0 255 0
    255 255 0 255 0 255 0 255 255 0 0 255 255 0 0 255 255 0 255 152 255
    0 0 255 0 255 0 0 255 0 6 0 0 0 255 0 255 224 201 210 0 255 0 31 0
    157 216 255 0 255 0 168 0 255 153 0 0 255 0 255 255 255 0 177 255 0
    0 255 0 48 176 119 255 0 255 255 255 0 255 255 0 0 255 0 0 255 0 0
    255 255 211 0 255 0 255 255 130 6 255 99 255 32 255 255 73 255 0 255
    0 0 0 137 255 255 0 134 255 255 255 0 255 255 0 0 255 0 0 0 18 255 0
    255 0 255 0 255 0 255 0 10 0 255 0 255 0 0 128 255 255 0 255 182 0
    255 90 255 255 152 0 255 0 247 255 0 0 232 111 0 0 0 255 255 0 255 0
    255 255 0 0 0 255 255 255 50 255 0 0 143 0 0 90 0 255 255 255 0 255
    0 255 0 255 255 0 64 0 0 255 13 0 182 255 184 99 0 0 0 255 255 194 0
    255 0 255 255 255 255 0 112 255 28 0 255 255 255 255 0 0 0 0 255 0
    255 0 255 0 223 0 55 0 255 255 0 0 255 0 255 255 167 0 0 255 0 255
    223 75 33 255 255 0 42 255 154 0 255 0 0 255 255 227 159 66 0 255
    255 0 255 255 163 0 255 255 255 84 102 0 212 255 21 255 3 255 0 0 0
    0 255 0 255 0 7 255 34 255 46 0 0 112 0 108 255 0 255 255 0 255 0
    255 133 0 255 15 0 0 255 227 0 255 255 0 10 0 255 255 0 255 0 227
    171 115 0 231 0 0 255 0 255 0 145 116 0 255 0 236 255 255 255 21 51
    0 78 255 147 0 255 0 36 24 0 0 255 255 0 0 255 255 0 0 255 0 255 0
    84 120 69 255 0 255 0 0 255 0 0 255 0 0 255 255 255 255 255 0 255
    140 0 255 21 100 54 0 255 255 0 0 255 255 255 44 0 255 0 255 0 255
    255 0 255 0 0 255 0 255 0 255 0 255 1 255 0 255 0 255 255 0 0 0 255
    255 0 255 255 255 0 0 255 0 0 255 0 255 134 255 255 0 100 153 255 0
    255 255 255 0 0 0 255 0 40 0 0 0 255 0 255 255 0 255 0 57 0 0 0 0
    185 255 0 255 0 190 255 0 255 0 39 28 0 255 0 0 255 0 0 0 255 0 0
    138 255 65 21 0 255 255 66 0 255 255 0 0 255 0 255 0 255 0 255 255 0
    255 255 123 0 255 0 173 255 147 0 0 255 186 0 255 255 219 169 255
    255 0 255 0 255 0 0 255 0 255 78 118 255 255 0 90 119 0 255 255 0 0
    255 255 0 255 255 0 0 209 255 205 255 0 0 255 255 0 7 255 255 0 255
    255 226 255 0 0 255 0 255 0 152 0 188 255 0 255 110 0 41 0 63 75 0
    255 251 0 0 255 0 89 255 255 0 255 255 0 143 255 163 0 13 255 0 255
    0 255 255 255 0 255 255 214 0 255 0 0 255 0 101 247 255 0 255 0 0
    255 0 255 0 198 255 255 0 192 0 255 0 255 0 255 5 0 255 0 0 255 255
    0 255 0 255 40 0 0 255 0 100 0 95 70 255 0 255 255 0 255 255 193 0
    101 255 0 255 255 255 0 0 0 58 0 0 255 0 0 255 0 255 0 255 255 0 255
    255 255 0 255 255 255 0 255 255 0 0 192 255 255 0 190 255 255 0 61 0
    255 0 122 157 255 0 255 0 0 255 255 255 255 255 0 0 255 132 255 0
    255 0 255 232 255 0 255 246 255 0 0 255 0 0 255 76 255 255 160 131 0
    255 255 0 0 255 0 205 255 0 0 255 255 119 255 0 255 0 249 0 255 135
    0 79 15 255 0 255 164 0 255 0 0 240 0 255 255 0 255 0 0 255 242 255
    200 0 0 0 0 109 0 228 0 96 0 255 0 85 255 255 0 255 255 0 0 0 0 255
    255 0 255 0 255 0 255 255 0 255 242 0 255 255 255 0 0 255 47 0 0 255
    0 140 255 0 255 42 255 125 255 173 0 0 255 255 255 239 0 255 0 0 255
    163 0 0 255 0 209 255 255 0 46 255 0 255 0 0 99 0 255 255 0 78 255 0
    255 255 0 255 255 0 255 255 255 0 255 0 28 105 59 0 0 255 255 255 0
    255 0 255 0 3 0 255 0 255 0 171 0 255 0 0 0 255 0 255 71 93 255 0
    255 84 255 255 255 255 53 255 0 0 255 0 195 0 0 110 255 122 255 0 0
    0 255 0 140 255 114 255 0 216 0 255 0 0 255 0 255 0 255 255 0 255 53
    0 255 190 255 255 0 0 0 4 255 255 0 77 255 0 0 255 128 146 181 246 0
    0 0 79 255 0 255 255 0 0 255 0 227 0 255 255 0 255 255 251 255 0 255
    210 255 162 0 255 0 42 0 255 0 255 0 255 255 255 0 13 0 255 0 255 0
    255 255 0 255 79 255 0 255 255 0 0 213 48 0 255 255 0 255 0 255 0 0
    255 169 0 255 78 255 0 255 0 255 255 0 255 0 36 0 0 0 255 0 255 0
    255 255 0 255 0 155 171 0 255 255 255 0 255 0 0 255 0 0 0 109 255 0
    255 255 139 113 255 0 0 0 0 134 255 255 0 75 255 0 0 255 0 0 32 0
    255 0 255 0 255 30 0 255 0 156 0 255 0 184 207 255 161 0 177 0 125
    255 255 0 0 239 179 0 255 255 0 255 0 109 0 99 0 255 0 255 0 255 0
    173 255 0 255 0 255 0 0 255 255 0 0 33 0 255 255 0 112 255 129 0 255
    18 0 255 0 211 255 0 255 255 0 0 0 0 255 60 255 0 133 255 0 82 248
    255 255 0 0 0 255 0 255 103 255 0 0 255 0 255 176 0 0 3 0 0 255 0
    255 0 129 0 137 232 255 255 0 0 255 47 255 140 255 0 255 0 0 255 0
    255 31 255 0 255 255 231 255 255 0 0 0 0 255 255 0 255 0 255 64 239
    73 255 122 174 41 0 68 0 255 255 0 181 255 0 255 255 0 0 0 255 255
    230 0 46 0 255 120 255 5 0 255 0 255 0 0 0 0 167 0 226 255 182 250
    255 174 0 255 0 0 255 0 255 143 255 233 147 0 255 255 15 255 0 0 0
    255 0 255 255 0 255 199 255 0 255 0 0 255 243 255 0 255 255 0 0 0
    255 0 255 178 255 255 255 0 27 255 0 255 0 255 0 255 255 202 0 255 0
    255 255 255 134 210 255 196 255 0 255 0 244 255 0 218 255 0 216 4
    255 255 0 255 0 255 0 255 0 0 183 255 118 255 0 0 0 198 0 255 227
    102 212 0 0 0 255 0 255 0 255 255 242 253 255 0 0 0 255 255 0 0 212
    0 255 0 255 0 255 0 255 0 0 255 0 27 255 0 0 0 255 0 255 0 255 120 0
    0 31 255 255 156 0 255 0 0 255 22 0 255 0 255 185 0 255 0 0 255 0 0
    255 0 255 0 253 0 128 255 255 0 162 0 97 255 0 246 255 0 0 255 145
    255 0 0 0 0 0 255 11 37 0 255 255 0 255 255 0 255 196 0 255 0 255
    208 0 8 255 255 130 58 255 29 255 0 39 0 255 0 255 0 255 255 179 255
    0 255 255 0 255 0 255 0 255 0 255 0 0 255 255 255 0 255 0 129 255 0
    155 255 58 255 255 98 0 255 0 17 255 0 255 190 0 66 0 255 0 255 255
    72 255 0 0 0 12 156 255 255 36 14 95 0 255 0 255 255 255 0 0 255 0
    255 23 255 0 255 0 255 80 0 255 0 255 255 255 0 255 0 255 255 6 0
    255 46 0 255 210 255 0 255 0 0 255 0 101 255 247 47 218 0 26 73 16
    177 250 255 255 255 255 255 255 0 55 255 26 255 210 0 255 0 255 244
    255 0 0 229 255 233 255 0 143 255 0 0 255 255 0 0 0 0 0 255 0 255 0
    255 0 39 81 98 0 0 255 0 0 255 255 255 0 255 0 255 97 0 0 255 255 0
    255 0 0 255 255 89 255 0 255 0 255 2 255 0 255 255 255 255 255 255
    255 105 0 255 255 0 87 255 0 255 255 255 10 95 255 228 255 0 255 255
    90 0 255 0 0 0 168 0 255 76 0 255 255 255 0 255 0 190 255 4 84 255
    255 0 0 162 216 255 230 129 236 0 255 255 0 255 255 255 255 49 0 255
    60 255 132 135 0 255 199 0 255 0 255 255 0 80 102 255 0 0 255 0 129
    0 255 47 39 0 255 0 0 0 101 0 255 255 73 255 211 255 11 0 255 0 0 0
    0 0 255 199 254 255 0 5 0 0 255 0 255 187 255 255 0 0 255 0 255 0 37
    255 0 0 106 28 255 0 255 255 0 255 0 0 0 215 255 255 0 0 255 0 0 255
    255 225 0 255 0 255 0 255 72 255 0 239 0 255 0 255 0 0 255 143 0 0 6
    255 0 0 233 190 255 255 0 255 0 255 255 8 255 0 36 3 255 70 0 124 0
    0 255 255 0 47 255 255 41 255 255 0 246 255 0 255 255 0 255 222 255
    255 0 255 255 64 0 0 255 255 0 255 249 130 255 0 255 0 255 255 0 0
    255 54 230 0 4 255 0 255 0 0 255 255 0 0 255 0 0 0 255 255 255 0 240
    0 0 0 255 0 0 0 255 0 255 255 0 255 0 0 0 255 0 255 0 255 0 255 255
    0 255 0 255 0 255 255 78 208 15 0 255 0 0 210 255 255 178 255 255 0
    255 0 135 0 255 0 89 0 0 247 232 168 0 0 255 0 255 255 46 0 112 255
    0 12 0 255 255 0 255 0 0 255 44 16 0 255 0 255 0 81 255 214 255 139
    29 255 255 0 255 0 0 255 0 255 196 0 0 207 0 255 0 0 255 0 255 255 0
    0 255 0 105 255 0 230 0 174 255 58 255 255 0 58 93 249 111 231 255 0
    255 2 255 195 0 0 0 255 134 0 255 0 168 0 67 177 244 31 0 0 0 0 0 0
    83 0 255 73 0 161 255 255 0 255 255 255 255 255 0 181 255 69 0 255
    255 255 137 103 0 255 255 83 255 255 153 0 0 0 255 0 72 0 255 0 255
    255 0 52 255 255 255 255 255 0 255 0 255 255 0 0 255 0 255 198 255 0
    180 0 255 0 255 0 64 255 255 255 0 255 240 0 255 0 0 255 0 255 255 0
    189 0 0 255 255 0 0 255 255 0 255 0 255 0 0 233 0 255 0 13 255 255
    255 0 0 255 255 0 136 255 255 0 255 255 0 255 0 0 0 255 255 255 255
    0 255 0 0 255 11 255 0 0 107 255 255 169 0 0 255 0 55 255 255 255 53
    255 0 255 255 255 0 255 34 255 255 0 255 0 255 0 255 0 255 31 255 0
    255 0 0 255 255 255 0 0 255 0 0 0 255 28 96 255 0 0 255 0 0 255 15
    255 255 0 255 62 0 255 255 255 0 255 255 202 97 0 255 139 255 255
    255 13 235 62 188 0 0 255 0 0 255 0 255 255 214 0 216 255 0 163 242
    237 0 255 202 222 0 33 0 255 0 255 0 255 0 0 88 77 0 255 255 255 35
    56 0 255 189 194 255 0 0 20 255 135 129 0 255 0 255 255 152 255 0
    255 5 0 255 0 255 255 0 255 0 14 255 255 255 0 0 255 0 255 0 255 0
    255 255 0 149 0 0 0 0 255 0 255 0 0 81 255 0 255 37 255 41 255 106 0
    255 255 0 255 231 0 0 255 255 0 0 69 249 255 178 0 0 0 0 107 255 0
    176 0 18 255 0 0 255 148 255 247 19 0 255 159 0 0 0 147 0 255 243 0
    255 0 255 255 255 0 233 164 0 0 255 0 255 255 0 164 0 0 103 255 0 0
    255 0 255 0 255 255 0 0 121 164 255 0 0 255 138 0 255 255 0 255 180
    155 0 255 0 0 0 255 205 0 0 0 255 0 0 255 150 255 0 255 255 255 255
    255 108 255 255 115 0 255 0 255 255 61 255 0 90 0 255 255 0 0 113
    255 255 255 0 255 0 0 0 159 123 0 255 255 0 200 255 193 0 255 0 255
    128 0 255 0 0 0 255 0 0 0 0 0 76 255 0 255 255 255 0 255 255 0 60
    118 255 255 255 0 0 132 255 0 14 255 255 255 180 160 0 255 0 255 255
    0 255 0 0 38 255 225 255 0 0 196 255 0 0 255 0 101 214 0 255 0 0 255
    0 255 53 0 136 0 255 0 217 255 17 0 0 0 255 0 0 255 16 255 0 255 255
    0 255 119 40 0 255 133 0 0 255 0 255 0 255 255 34 0 0 0 255 58 0 255
    22 0 255 255 131 255 0 0 0 255 204 135 255 255 0 255 255 255 255 0
    255 0 255 0 0 255 255 255 0 0 0 255 255 255 175 84 0 0 120 0 205 0
    81 0 209 219 255 0 255 255 0 255 193 0 255 255 60 69 0 180 255 0 255
    0 255 0 255 255 255 0 232 0 255 160 0 255 0 255 255 255 0 255 0 218
    255 0 119 0 255 255 255 0 31 255 255 0 255 0 255 0 0 255 0 0 255 0 0
    118 255 0 255 0 43 0 0 255 0 255 0 255 255 84 122 0 159 255 255 0
    255 160 255 0 0 255 0 0 255 255 0 255 0 255 255 192 197 129 0 255
    255 0 0 255 255 243 255 0 255 191 255 0 255 200 0 138 255 0 255 255
    0 255 0 255 0 133 0 9 0 255 0 0 0 0 255 0 255 0 0 255 255 0 255 0 0
    93 0 255 0 137 73 255 0 0 255 0 255 0 176 0 255 0 6 255 0 255 13 255
    255 255 0 0 255 255 255 255 255 130 66 0 255 0 255 0 255 0 255 96 0
    255 255 74 0 255 0 255 255 0 0 255 0 255 0 0 255 0 255 53 255 0 0 0
    0 255 104 0 255 0 0 255 255 0 0 255 0 0 255 255 203 200 0 0 0 255 0
    255 255 255 255 0 255 0 255 0 0 61 0 175 255 0 0 255 0 255 0 0 255 0
    0 255 255 255 11 24 97 0 250 0 51 0 231 22 0 180 0 0 0 255 0 255 0 0
    0 1 255 162 213 0 255 0 255 0 255 255 166 255 0 0 0 149 255 255 0
    255 0 0 255 3 255 0 255 255 54 0 255 255 0 255 0 255 255 0 255 0 225
    255 255 0 255 255 0 255 0 255 255 0 255 116 255 0 121 0 61 255 0 255
    255 0 152 255 0 255 0 0 0 255 0 255 255 255 0 255 0 255 255 10 0 255
    224 0 255 255 0 0 255 175 0 0 0 255 0 255 0 209 255 0 255 255 234
    244 0 0 255 255 255 255 88 255 167 40 0 255 0 255 0 255 0 255 208 86
    0 255 255 255 0 255 0 175 255 0 255 38 91 152 0 255 255 198 0 117 0
    157 0 255 0 255 0 0 0 255 0 255 255 52 255 0 0 255 0 255 255 255 0
    255 0 255 0 0 80 255 255 255 78 0 255 251 11 0 255 255 0 255 0 71
    255 0 141 103 255 0 167 255 0 255 79 246 0 49 0 255 255 0 255 255 0
    255 255 174 0 255 255 163 0 255 0 0 255 73 191 255 131 255 0 0 0 193
    0 97 255 177 255 0 255 0 255 255 255 0 255 255 0 255 5 0 0 45 82 255
    255 0 0 0 255 69 0 255 255 0 102 255 0 0 255 18 0 255 34 255 255 0 1
    255 130 0 201 255 255 0 255 36 0 0 243 0 0 144 255 255 0 255 255 0 0
    255 0 0 0 255 0 255 0 255 255 0 234 0 0 0 255 255 0 6 255 0 255 0
    255 255 255 255 255 0 0 0 255 255 0 255 138 210 71 0 0 255 222 255 0
    255 255 247 0 255 0 255 0 0 96 0 235 0 255 255 0 184 255 255 0 201
    19 0 0 255 255 0 17 255 0 233 255 255 92 203 116 0 255 255 92 0 0
    255 0 0 255 0 0 255 255 0 255 0 104 23 240 145 255 0 255 0 255 255
    56 255 255 255 255 0 255 0 0 55 0 255 0 33 111 0 21 182 255 255 0
    255 0 78 255 0 255 0 0 0 255 255 26 176 0 255 255 0 0 255 0 255 12 0
    0 255 255 0 255 0 58 255 0 255 192 0 0 51 0 104 255 0 0 255 0 0 0 0
    255 255 0 255 0 255 0 63 0 232 0 255 0 0 255 255 0 0 255 255 0 0 5 0
    0 0 0 0 91 87 0 255 255 255 219 255 0 0 255 105 255 0 0 0 0 0 255 0
    255 0 255 0 255 0 0 0 92 0 0 0 255 255 0 0 255 11 255 0 255 0 0 220
    255 245 255 165 0 0 14 255 0 0 255 41 214 0 255 255 0 0 0 255 255
    255 0 135 255 153 0 255 0 0 0 255 255 0 194 255 0 74 255 12 0 0 255
    0 255 0 255 255 255 221 0 255 0 199 0 255 255 84 0 0 94 255 3 255 0
    56 110 0 255 0 255 255 0 255 29 0 255 89 0 0 255 0 0 255 248 0 0 0 0
    255 0 255 0 255 0 0 255 0 0 255 255 0 255 255 0 0 0 0 255 0 92 0 0
    161 0 0 255 0 220 255 0 255 255 0 255 0 252 0 59 0 255 255 0 255 0 0
    255 0 40 255 255 146 255 0 255 255 255 0 216 114 47 0 0 0 0 255 0 0
    0 255 247 255 0 255 0 255 120 255 0 0 0 255 104 255 57 0 73 0 255
    255 165 255 255 0 255 255 0 255 0 255 0 0 255 0 100 255 255 42 100
    224 255 0 0 0 255 255 0 255 0 145 255 0 255 0 255 192 0 86 216 255
    255 0 255 0 87 255 135 255 255 255 0 158 119 255 0 255 255 0 213 0
    126 255 0 255 0 0 255 0 255 0 38 0 255 255 0 255 0 255 0 64 255 225
    23 255 0 255 0 255 255 0 0 170 255 254 38 0 0 190 255 0 75 238 249 0
    255 255 255 0 0 255 255 0 0 0 0 36 0 255 0 255 255 0 255 0 0 0 0 0 0
    255 255 11 255 0 0 255 0 0 255 0 0 255 172 17 0 87 0 97 255 127 0 34
    0 213 255 255 0 28 255 0 0 0 255 67 255 202 0 0 196 0 255 0 0 255
    255 0 0 255 0 255 0 255 149 255 255 58 0 173 230 0 0 255 119 255 0
    255 0 0 188 255 255 0 255 0 255 216 0 0 145 225 255 0 174 255 28 0 0
    249 126 96 0 0 255 0 255 255 0 163 255 255 0 0 255 111 255 255 233
    255 0 0 0 255 45 0 0 46 255 0 178 126 0 255 255 132 255 255 0 0 68
    255 0 0 0 141 0 255 0 255 0 255 139 0 119 255 0 0 0 255 0 0 69 0 255
    0 255 0 255 255 76 76 0 255 0 0 76 36 0 255 0 255 140 0 255 0 255
    255 255 0 0 2 0 248 0 255 255 0 255 0 255 0 255 76 255 0 255 0 255
    255 0 0 255 199 0 0 108 186 0 255 178 0 255 197 169 255 117 255 255
    255 255 179 255 255 255 0 255 235 255 29 0 255 255 0 0 0 255 0 255 0
    244 203 255 220 255 0 255 255 117 255 0 255 0 255 255 255 60 0 255 0
    0 255 255 255 255 255 0 0 255 162 255 193 0 255 0 255 88 255 255 0 0
    255 241 255 0 255 208 0 0 255 255 255 0 255 255 255 46 118 0 41 0 0
    0 255 145 0 255 169 0 255 255 0 0 255 0 255 255 0 255 255 255 0 255
    0 0 219 175 0 0 133 56 255 0 255 168 255 255 0 0 255 98 0 0 255 255
    0 255 255 200 255 0 255 0 255 255 0 0 255 0 226 255 128 0 0 255 0
    255 0 0 255 255 0 101 0 255 215 17 0 255 88 255 0 255 0 255 255 0 0
    255 255 255 39 0 0 255 208 155 255 255 255 255 255 0 255 191 0 255
    255 74 255 63 78 255 0 255 0 255 255 255 69 255 255 255 0 224 255
    255 0 255 255 0 0 255 0 0 0 255 255 231 11 255 0 0 255 255 0 255 0 0
    149 255 12 0 255 48 19 0 255 235 255 50 255 0 39 0 255 198 255 0 255
    0 0 255 0 53 0 0 0 0 0 0 255 124 255 255 0 255 50 240 241 0 0 255 0
    255 0 255 0 255 255 255 67 255 255 0 0 255 0 184 0 0 0 195 255 0 172
    255 139 0 0 255 0 237 255 255 0 0 255 0 255 0 0 0 255 255 0 255 0
    255 0 255 0 255 255 0 0 255 0 255 40 255 255 255 0 153 0 255 0 255 0
    255 255 0 255 0 176 206 34 255 255 0 255 38 106 0 0 0 255 0 255 255
    255 0 0 255 255 0 255 0 0 255 129 0 141 0 69 0 221 0 155 154 255 0 0
    255 255 255 185 255 0 19 0 255 0 255 255 0 226 177 0 212 255 255 3
    255 0 255 0 255 0 255 255 255 0 129 0 255 255 0 226 255 195 253 20 0
    255 0 255 255 0 170 255 0 255 0 0 255 0 0 255 0 255 0 255 0 255 0 0
    59 255 211 255 0 255 0 255 150 0 62 255 131 48 255 0 0 255 0 255 255
    0 255 255 0 255 0 0 29 255 0 0 0 255 0 206 0 255 9 0 0 255 0 220 255
    0 11 0 255 237 255 0 0 255 37 0 255 255 136 255 81 167 0 255 255 0
    255 0 0 0 0 255 255 0 255 0 255 0 255 0 129 255 116 0 255 0 255 0 93
    49 107 207 255 0 98 255 0 255 185 255 255 255 255 0 0 255 0 255 255
    255 255 53 0 255 210 0 255 179 255 0 0 0 0 255 0 255 0 0 39 0 255
    255 0 137 255 255 255 0 0 255 0 255 255 255 0 161 0 255 158 0 255 0
    255 0 0 255 149 0 0 0 255 0 74 255 255 0 0 255 255 0 255 255 255 0
    255 0 255 137 141 0 255 0 255 255 0 214 255 0 255 255 0 255 0 255
    158 0 0 239 255 0 204 0 255 0 255 0 255 194 165 0 0 0 255 0 0 255 0
    255 104 100 188 255 169 255 0 0 255 0 173 255 255 211 255 0 255 0 0
    208 255 0 0 91 0 255 0 255 0 0 255 255 255 36 0 255 84 0 255 255 0
    255 255 0 0 255 0 255 0 255 255 0 122 255 0 255 255 245 200 255 85 0
    255 0 0 255 0 0 18 208 255 0 255 255 255 251 0 255 0 165 3 0 255 255
    96 0 0 255 0 255 255 100 0 255 0 0 255 0 255 27 107 0 0 0 0 255 255
    255 91 59 255 255 0 255 0 0 177 0 0 255 255 255 3 0 255 0 255 0 255
    0 0 0 255 0 255 0 26 0 0 0 255 78 255 255 65 0 0 255 255 0 255 0 0
    255 0 255 17 6 255 255 0 255 0 186 255 132 210 0 255 0 255 0 255 255
    42 0 0 0 255 0 255 0 255 255 0 0 255 0 52 255 4 255 0 255 0 255 0
    255 0 255 255 39 0 37 255 0 0 255 255 255 0 255 0 255 0 255 0 255 0
    255 0 255 255 0 35 255 255 15 129 229 255 157 255 255 0 44 243 0 0
    255 231 0 91 0 0 66 255 0 255 255 0 102 255 176 65 71 255 255 0 255
    255 8 0 33 215 0 255 0 255 221 0 255 0 255 0 0 255 255 196 0 60 255
    255 255 31 255 0 9 255 0 255 255 255 255 0 255 0 0 244 217 255 0 255
    0 255 205 40 0 0 0 0 0 0 0 0 255 0 255 255 255 0 255 255 255 255 0
    255 255 0 0 0 255 255 255 0 61 0 255 0 255 0 255 0 0 255 0 0 255 255
    255 255 61 0 82 0 0 255 0 160 255 255 0 255 0 255 145 0 0 213 172 0
    0 255 255 214 193 255 0 0 1 255 255 0 102 255 255 233 31 255 0 0 92
    255 0 239 255 255 0 143 255 146 0 255 176 0 255 255 255 0 0 0 255 0
    0 172 98 255 80 0 255 0 71 0 255 255 0 67 255 255 40 119 255 255 0
    231 0 100 255 0 205 255 255 0 0 0 254 51 0 255 255 0 255 240 255 0 0
    255 255 255 0 0 255 0 255 0 0 255 0 255 76 217 0 0 0 255 0 255 255 0
    7 255 217 109 148 152 0 0 255 0 255 0 255 0 148 252 81 255 255 0 255
    174 169 0 18 0 255 255 0 255 0 255 63 0 89 255 70 255 255 0 255 0
    255 0 124 31 255 255 0 255 0 255 255 0 255 0 255 0 255 249 243 237
    255 0 0 218 255 0 255 0 0 0 255 255 0 255 255 0 183 0 0 101 244 0
    255 0 255 255 255 0 255 255 0 255 249 0 0 255 224 0 255 255 0 255
    131 255 0 0 255 255 99 255 0 255 60 0 118 255 0 255 0 255 234 0 5
    255 0 0 4 111 0 255 0 0 54 0 255 0 255 0 255 255 0 24 255 0 255 255
    0 0 0 255 0 255 77 0 255 0 255 255 0 255 0 255 255 0 255 0 245 0 255
    0 0 16 255 0 255 0 255 0 255 255 0 0 0 255 0 255 231 51 255 0 0 255
    0 0 98 255 0 255 184 0 91 182 47 0 0 255 44 0 228 255 255 206 0 255
    0 255 255 255 255 255 255 0 0 135 255 255 0 0 0 0 255 0 85 255 255 0
    255 255 0 255 0 255 0 27 36 255 0 255 255 255 0 0 116 255 1 0 115
    255 0 255 227 255 0 84 94 84 0 255 24 127 255 0 0 255 139 255 255 0
    255 0 0 0 255 0 47 255 0 161 255 0 255 219 255 255 0 255 0 0 0 0 255
    207 255 0 0 0 255 230 255 255 255 255 0 0 255 0 0 255 255 0 0 0 255
    0 255 255 0 0 0 0 255 255 0 255 0 255 255 0 255 255 50 0 0 255 217
    38 10 0 255 0 0 255 0 255 0 0 255 255 255 255 255 255 0 96 255 0 255
    0 255 0 113 255 0 36 255 0 0 203 255 0 195 255 0 255 0 255 167 255 0
    194 84 67 163 255 160 0 255 71 255 144 129 0 255 152 255 125 0 0 255
    22 0 255 118 0 92 195 0 130 0 255 72 255 134 112 0 162 255 59 0 255
    0 0 255 0 0 255 28 0 255 0 255 0 255 0 255 196 255 0 255 1 225 0 255
    106 255 0 196 0 0 255 168 255 0 0 132 0 245 0 255 0 255 0 218 0 255
    0 0 225 255 0 29 0 255 79 0 0 255 109 255 0 0 0 255 186 0 106 177
    255 174 0 255 0 255 0 255 0 208 0 255 0 0 255 8 0 255 255 0 180 37
    255 0 255 0 0 34 0 0 0 252 255 206 0 0 255 0 255 47 255 255 0 255 0
    125 255 0 255 152 0 255 255 255 255 242 0 255 255 255 0 178 0 57 255
    211 0 0 255 0 255 255 255 0 0 0 0 255 0 255 65 0 0 0 255 255 0 255
    255 255 227 228 255 145 152 0 131 0 0 255 0 255 0 0 255 255 255 0
    224 0 255 0 255 204 255 0 0 255 0 0 21 255 251 0 255 0 255 0 0 228 7
    0 233 186 255 255 255 0 50 255 255 0 255 255 0 255 0 255 0 0 255 0 0
    255 0 255 255 0 255 5 0 0 255 0 255 255 255 184 9 124 0 255 255 188
    117 255 87 255 0 255 0 0 255 91 255 162 0 0 255 255 12 0 255 226 71
    0 255 255 0 241 0 160 0 0 255 0 255 255 0 255 255 0 255 0 255 0 172
    255 0 255 0 255 0 255 0 243 58 0 255 0 0 255 0 0 181 0 150 0 0 0 255
    0 255 255 102 0 255 0 0 255 69 255 0 255 0 255 0 0 255 0 0 255 0 0
    255 0 255 255 0 0 255 0 0 158 255 0 255 255 0 130 0 255 0 255 0 255
    0 255 0 0 34 244 255 255 0 0 0 164 255 0 255 0 255 235 0 255 0 255 0
    0 255 255 132 34 27 0 255 74 255 255 0 255 0 0 210 60 0 0 0 255 0
    255 255 0 255 0 179 255 0 0 255 0 255 255 0 0 255 255 0 255 0 0 140
    0 255 0 255 0 255 255 0 142 0 255 0 54 0 255 0 0 112 255 74 204 255
    255 255 117 10 200 0 255 0 255 255 65 0 0 0 0 0 0 0 0 225 119 0 255
    0 126 255 0 255 255 249 0 255 235 255 0 238 255 0 255 0 255 0 255 0
    187 0 255 0 0 255 0 255 255 0 255 255 0 255 0 255 0 0 255 38 0 255
    255 0 255 255 255 0 255 0 255 255 203 255 0 0 185 0 255 255 255 0 86
    255 111 0 0 255 255 0 255 0 255 71 255 255 255 32 0 255 118 0 0 255
    238 0 0 0 86 255 255 0 0 255 170 255 0 0 188 0 255 105 0 0 255 255
    123 0 46 255 0 62 0 0 255 220 255 0 255 160 0 0 255 255 0 111 255
    245 255 0 0 0 255 86 255 177 0 255 223 0 0 0 255 0 255 0 255 0 255 0
    40 0 255 89 0 0 255 108 0 255 255 4 0 114 255 255 203 3 0 255 255 26
    166 255 0 122 0 255 132 0 255 72 130 255 255 0 0 255 255 255 255 255
    255 237 62 0 0 51 255 0 255 0 0 0 0 168 0 0 255 109 0 255 255 0 0
    255 0 255 0 255 0 0 21 255 0 255 255 0 255 85 255 255 0 0 255 0 43 0
    0 229 255 0 255 0 255 0 255 255 255 38 255 255 0 0 0 255 255 0 255 0
    156 163 255 255 0 255 0 0 202 0 0 255 0 255 0 178 243 29 255 255 255
    0 255 0 106 255 0 0 172 0 255 0 0 0 0 255 0 246 217 255 0 0 71 0 215
    0 109 0 0 181 255 25 213 255 0 0 0 255 255 255 0 255 140 205 255 126
    0 0 255 255 0 0 255 255 255 255 0 255 255 0 239 0 255 255 152 255 0
    0 0 209 81 0 0 255 0 255 0 174 255 197 154 255 208 0 255 98 140 231
    255 0 0 255 255 117 0 255 255 255 0 0 255 202 14 0 0 255 213 255 255
    0 0 255 255 255 0 84 255 107 241 255 0 255 0 0 0 255 255 255 0 0 255
    255 0 0 255 0 0 255 255 0 80 0 0 255 255 137 0 255 104 0 255 255 0 0
    26 0 255 0 255 0 0 119 192 255 0 0 255 0 255 22 255 255 255 0 255 0
    0 255 255 255 255 255 0 255 255 0 255 255 0 229 255 0 0 255 64 248
    255 255 255 0 0 255 0 255 0 255 0 0 255 255 0 255 0 49 255 255 0 0
    19 255 203 0 0 255 127 0 0 0 0 255 0 0 0 255 30 255 63 255 255 0 255
    255 188 0 255 0 255 136 0 106 255 255 255 0 0 0 9 0 251 0 0 255 0
    255 255 123 255 0 147 255 255 0 255 0 0 255 0 255 255 0 0 250 0 255
    0 24 0 255 0 176 208 0 255 0 0 0 80 0 255 0 0 0 255 255 0 255 0 255
    255 0 255 0 0 255 255 0 255 255 0 0 108 255 0 255 0 255 0 25 255 0
    255 0 131 255 0 11 255 255 0 159 255 0 255 255 0 122 246 255 0 70 0
    0 64 0 0 255 255 240 255 255 0 0 255 112 0 255 255 0 0 0 255 193 140
    68 255 0 255 0 255 255 0 255 73 58 0 231 255 0 255 0 0 255 0 255 0
    33 255 255 255 0 255 0 255 0 255 255 0 0 255 255 0 255 129 0 0 121
    255 255 255 255 0 255 255 229 255 0 255 0 255 255 0 255 255 0 255 0
    255 165 255 255 255 0 176 0 0 0 63 0 255 9 255 245 0 0 131 233 221
    255 0 255 255 184 0 161 251 0 0 255 255 255 0 0 221 0 0 255 47 255 0
    255 255 200 107 255 239 0 0 252 255 0 0 0 0 153 0 255 0 255 0 222
    255 0 209 208 255 255 0 0 255 255 0 196 255 98 0 177 20 0 255 255
    255 0 0 255 106 255 0 0 255 0 255 255 77 70 0 255 0 255 255 0 255 0
    255 255 255 0 255 0 255 0 255 33 0 255 0 255 190 255 0 255 0 0 255 0
    29 255 0 0 160 152 120 255 0 50 255 0 0 0 255 228 0 231 255 0 198
    255 135 255 0 0 255 0 255 0 255 255 255 255 165 255 255 0 0 218 0
    143 234 255 167 255 0 247 255 255 0 7 240 212 255 0 255 0 0 255 96
    81 255 0 255 0 255 0 0 255 184 0 255 255 0 255 255 37 255 255 0 255
    253 119 134 0 0 255 219 0 0 0 155 255 0 0 255 0 255 197 1 255 0 0 6
    0 0 0 255 255 0 25 0 0 124 0 255 255 0 0 75 76 255 255 0 255 255 255
    27 0 0 255 255 0 0 255 0 167 255 255 0 22 0 191 0 255 255 255 137 86
    88 0 0 255 15 255 0 46 255 245 0 0 255 255 255 134 255 0 215 193 0 0
    0 255 57 255 0 255 255 86 255 0 255 0 0 255 255 0 255 0 0 152 0 255
    0 255 0 255 255 255 255 0 0 0 0 255 0 255 255 0 255 137 0 251 144 0
    255 0 255 16 65 0 0 255 219 0 255 0 255 0 0 0 0 82 0 0 0 124 0 0 134
    0 0 0 0 92 255 0 255 255 92 255 0 255 0 170 0 0 255 255 255 1 255 0
    195 255 5 207 216 255 0 51 255 65 255 204 0 255 255 0 255 0 0 255
    223 211 255 255 0 0 0 0 246 0 255 255 0 255 255 210 0 255 255 152 0
    0 255 0 255 0 122 255 47 255 0 0 255 0 255 255 0 255 110 255 0 75
    101 255 0 255 0 0 234 0 0 0 255 15 0 0 255 0 0 255 255 0 255 255 0 0
    255 215 0 0 255 255 219 255 255 110 0 0 255 255 0 0 255 255 0 255 0
    255 255 0 84 255 255 64 0 98 255 0 0 0 255 87 0 116 0 255 255 0 117
    255 0 0 0 255 255 251 255 255 0 255 0 255 255 0 255 0 98 128 255 0
    255 0 0 152 131 255 0 81 0 0 0 255 0 255 255 255 0 0 0 0 45 0 255
    255 0 238 0 0 84 255 0 0 255 0 116 255 0 255 0 0 0 255 0 255 255 0
    255 255 126 92 40 255 0 0 255 123 255 255 0 255 255 255 255 241 255
    0 158 255 0 255 255 0 148 255 0 227 0 216 93 255 255 252 255 217 74
    255 0 84 255 0 255 0 255 0 0 255 255 255 51 255 0 178 255 255 0 255
    232 0 118 69 0 255 0 255 255 255 0 255 255 255 0 255 0 255 255 255
    255 255 255 0 0 216 255 0 128 0 0 51 255 0 255 0 255 0 87 255 0 255
    0 255 0 255 0 0 255 0 255 0 255 255 0 255 255 255 0 255 134 0 255 92
    255 0 0 255 0 255 0 255 0 255 255 255 255 0 0 0 255 127 23 93 51 255
    255 136 255 0 255 255 0 123 54 0 255 255 0 0 255 202 255 255 255 0 0
    18 100 255 255 0 0 86 255 0 255 0 255 255 0 30 255 0 0 0 255 254 255
    0 255 0 43 255 0 255 255 0 30 0 0 255 0 255 0 255 0 255 0 255 0 255
    255 255 255 123 0 0 255 0 255 0 255 0 255 0 248 255 0 255 0 111 255
    0 255 211 0 0 255 0 255 255 0 255 69 255 0 0 255 255 0 172 0 32 255
    255 0 0 0 0 255 118 255 255 69 255 255 0 255 0 0 0 255 75 255 64 0
    255 0 0 84 255 0 255 171 0 255 255 255 0 135 255 0 255 0 0 0 0 174
    244 0 255 92 0 255 116 243 154 0 255 108 0 0 255 0 255 108 255 255
    107 255 0 229 255 2 0 255 0 255 0 255 0 0 255 255 255 135 0 0 222 0
    255 168 0 255 0 255 177 182 163 255 0 255 255 0 96 68 67 0 0 255 255
    255 255 0 162 255 0 255 255 0 0 0 0 233 249 0 255 255 0 255 0 255
    255 205 255 255 93 93 0 255 0 0 255 255 0 255 102 0 56 255 0 0 148 0
    255 0 0 255 0 0 90 0 255 255 2 255 134 255 119 0 255 0 0 255 0 0 255
    255 204 0 255 255 255 0 0 0 255 192 255 255 255 0 255 0 0 148 255 0
    255 255 16 0 255 0 136 255 0 255 0 214 0 205 0 255 0 255 0 91 0 0
    255 173 255 0 0 0 146 0 0 255 0 0 255 96 0 0 0</data></my_img>
<your_img type_id="opencv-matrix">
  <rows>128</rows>
  <cols>256</cols>
  <dt>u</dt>
  <data>
    0 255 87 255 255 145 0 255 0 0 0 228 255 0 194 218 4 0 255 0 0 255 0
    255 0 110 255 0 0 112 0 255 0 215 0 11 255 255 0 255 0 25 204 0 255
    0 255 0 255 0 35 3 0 255 186 255 231 255 126 0 255 0 255 33 0 255 0
    255 255 0 0 255 0 150 0 255 0 0 0 255 255 0 0 0 255 255 255 255 0
    255 128 255 255 255 0 255 250 255 152 255 255 0 0 0 0 0 255 102 0
    255 0 255 255 255 0 0 0 0 255 0 0 202 255 18 179 255 255 0 28 0 255
    0 255 87 132 255 0 48 0 255 17 225 255 0 131 0 233 255 0 161 255 174
    204 255 119 128 96 0 193 0 255 255 0 0 55 255 0 0 255 255 0 0 255 0
    0 255 0 255 0 255 255 0 0 0 0 255 0 180 242 0 255 30 0 255 255 0 0
    232 255 0 0 255 255 255 255 0 255 0 255 0 0 255 0 0 0 255 130 0 88 0
    255 47 0 255 0 255 100 255 255 137 0 255 37 172 219 0 0 255 0 0 0
    255 0 0 255 253 51 0 255 77 0 0 255 221 0 154 254 239 255 0 255 0
    255 0 255 255 81 255 0 255 255 255 0 255 0 255 255 114 255 251 0 0
    255 0 0 0 255 255 255 255 255 255 0 0 0 0 255 0 255 0 255 0 146 0
    239 0 255 255 255 0 0 255 0 147 255 255 255 255 0 0 255 185 0 0 234
    0 175 255 0 255 255 0 255 62 255 67 0 0 255 255 0 0 0 0 255 0 0 234
    0 0 255 48 0 28 255 0 255 255 255 0 255 255 196 0 255 252 8 0 0 255
    0 255 255 0 255 32 255 0 0 255 1 0 43 255 255 194 0 193 39 255 0 0
    255 255 255 0 0 0 255 255 0 255 7 0 0 0 0 59 0 255 0 0 58 255 0 255
    25 255 103 0 255 0 255 255 154 0 255 255 0 255 130 0 255 255 255 0 0
    0 255 0 255 0 191 255 0 255 255 0 255 0 255 255 255 0 0 255 255 67 0
    0 0 255 22 255 0 255 131 0 255 255 255 0 255 255 0 255 255 255 0 182
    255 0 255 0 0 255 43 255 181 255 255 255 0 0 0 255 255 10 0 255 255
    255 33 255 116 0 0 255 0 255 0 255 255 255 221 0 0 0 255 0 255 255 0
    255 255 255 0 255 0 255 0 0 255 194 0 0 255 255 255 255 255 255 0
    255 0 0 0 0 255 221 255 144 0 255 0 255 255 255 133 255 0 5 0 148 0
    255 255 255 255 0 0 0 244 175 40 255 141 0 255 255 255 0 0 255 255 0
    255 105 255 235 0 0 255 89 0 0 116 255 255 0 0 255 0 255 255 255 255
    255 0 255 255 255 0 0 255 255 81 0 0 255 255 0 123 255 0 0 255 0 255
    0 255 0 255 255 255 60 255 0 0 255 0 255 0 255 255 0 52 255 0 0 255
    63 255 255 0 0 255 183 0 255 0 255 255 0 255 0 0 142 255 80 255 0
    255 255 0 255 255 0 133 0 255 37 0 0 255 190 255 0 255 0 0 255 0 255
    0 255 255 255 0 0 255 255 255 0 0 255 255 0 0 255 255 0 83 255 255
    255 0 0 0 255 0 0 101 255 255 0 255 0 150 136 255 0 0 255 0 120 164
    255 255 255 255 255 21 0 255 0 255 0 255 0 255 71 0 255 255 0 255 0
    0 0 0 255 4 0 255 0 255 0 0 255 236 255 255 255 0 64 41 0 255 0 85
    50 0 255 255 26 255 255 255 0 0 45 0 222 0 255 94 0 255 255 255 49 0
    255 0 0 127 71 0 255 255 255 0 255 238 0 255 0 126 133 0 255 18 0 0
    255 255 255 255 13 255 0 0 106 0 255 0 0 255 0 255 0 255 255 0 80
    255 255 0 255 100 255 138 0 255 60 151 0 255 12 255 0 38 0 255 255 0
    0 255 0 0 255 255 0 255 0 255 255 150 220 255 0 0 158 255 0 255 255
    0 255 255 255 0 255 0 87 255 198 255 76 255 0 0 255 255 218 0 0 255
    0 255 255 161 255 255 255 0 0 0 255 34 255 0 255 0 255 0 255 71 0
    255 0 0 255 0 0 0 175 255 255 127 0 255 0 255 255 255 0 255 0 0 255
    0 0 255 255 255 0 0 0 255 0 0 97 255 0 254 0 255 22 255 0 0 58 255 0
    0 255 0 0 0 0 62 0 255 0 0 255 255 0 255 161 75 106 0 0 94 255 255
    255 0 0 255 0 255 0 252 62 255 0 170 24 0 255 255 152 45 0 0 255 0
    255 0 255 0 255 0 0 146 0 255 255 0 255 0 0 255 255 0 255 255 255 0
    0 255 100 255 255 0 0 255 255 0 154 173 0 255 0 10 255 0 0 255 0 255
    102 255 0 60 0 255 255 0 255 255 255 0 0 255 0 211 101 0 0 255 255
    255 0 255 255 255 0 94 255 0 0 255 0 0 255 255 255 0 255 255 231 0
    255 50 98 255 0 255 0 0 0 133 255 0 255 255 0 178 0 255 255 220 0
    127 0 255 0 0 10 255 29 0 19 16 0 0 228 0 0 167 0 255 0 255 0 255 0
    255 0 232 65 0 255 143 0 129 255 0 255 0 207 255 0 0 0 0 255 0 255
    255 245 100 45 0 105 255 130 76 255 0 0 255 255 37 255 0 255 0 182 0
    255 0 255 0 209 0 255 0 255 0 89 255 0 255 0 55 0 0 255 0 1 211 255
    0 0 0 255 155 255 186 124 0 109 255 255 0 255 255 0 255 255 1 255 0
    255 255 255 255 255 0 255 255 0 0 255 255 255 0 255 0 0 78 235 0 255
    8 0 106 0 255 0 0 255 0 255 0 0 255 255 0 255 255 0 255 0 0 255 187
    255 218 255 60 255 0 0 142 255 0 255 192 255 0 148 255 255 0 255 0 0
    132 126 0 255 0 255 129 0 0 255 255 255 255 85 255 255 0 255 255 0
    255 0 0 0 255 255 0 255 49 0 0 255 255 0 32 0 255 0 0 186 152 0 0 0
    255 255 255 255 0 0 51 255 0 0 68 0 255 210 0 229 10 255 255 187 1
    255 0 63 255 227 255 0 95 0 255 91 0 0 255 255 255 31 255 0 255 255
    0 255 0 255 131 255 1 0 255 0 255 0 0 255 49 255 0 0 0 255 244 0 189
    255 0 255 0 0 0 0 255 0 0 255 255 0 255 0 73 255 122 255 0 255 255 0
    9 255 0 255 40 255 255 211 255 182 0 255 0 0 140 87 0 255 255 0 255
    0 0 0 255 255 255 0 140 0 255 255 146 0 255 0 255 25 35 255 158 255
    0 199 0 255 255 255 22 255 0 0 255 255 255 0 159 0 159 0 146 0 0 161
    255 255 0 0 0 0 255 0 0 255 0 255 255 23 0 255 255 0 255 255 0 255 0
    0 255 0 255 255 0 0 0 3 0 124 255 0 218 255 0 255 39 0 85 0 255 161
    0 255 0 255 255 0 255 83 0 0 255 0 255 255 255 255 255 255 255 0 0 0
    109 135 0 10 0 255 130 255 255 0 138 255 255 85 0 255 255 0 255 0 0
    255 204 0 193 255 0 226 0 255 0 145 255 199 255 0 69 0 0 0 255 255
    56 255 151 255 0 255 0 0 255 255 255 0 255 0 67 255 0 255 0 0 255
    194 0 0 255 0 255 255 0 255 255 0 255 0 255 0 255 255 0 94 114 0 222
    132 0 255 0 255 255 0 0 205 255 143 255 131 0 108 184 16 255 0 0 255
    255 0 0 255 0 0 0 255 0 255 220 132 255 0 255 11 255 0 21 0 255 0
    255 0 0 0 147 0 255 255 255 255 0 0 255 0 0 255 166 255 255 67 0 235
    0 255 120 67 255 0 0 16 0 255 255 255 0 255 0 212 255 0 255 255 0
    255 0 110 255 0 0 255 0 0 0 216 255 255 0 0 255 0 0 0 255 27 255 255
    0 255 255 58 255 0 0 0 255 255 0 251 0 53 118 0 255 0 255 0 0 17 0 0
    255 0 255 255 0 255 67 0 255 255 255 255 255 0 0 255 255 61 255 96
    255 155 0 239 0 187 125 0 0 190 0 252 0 0 0 255 38 0 131 0 255 255 0
    0 0 0 255 0 255 0 55 255 47 6 0 114 0 255 30 255 255 0 255 0 0 255
    73 255 255 0 88 0 0 45 255 0 182 255 0 95 255 0 0 229 255 0 255 255
    113 0 255 0 62 23 255 0 255 255 0 0 255 203 0 255 255 255 255 0 0
    154 255 255 255 0 0 0 255 0 255 168 0 255 255 111 255 124 0 0 255
    255 238 0 0 255 0 217 255 0 191 0 77 0 255 53 216 43 0 209 0 0 0 91
    0 188 255 0 209 98 80 189 0 0 206 69 255 0 255 255 255 255 0 255 0 9
    0 0 255 255 0 255 0 255 0 42 0 255 0 255 124 0 255 0 152 255 255 226
    255 0 0 0 255 0 255 255 0 0 144 0 0 255 0 255 239 255 60 0 255 206
    255 255 0 114 255 0 255 255 255 0 0 255 255 255 0 255 0 230 255 131
    255 255 0 255 255 255 84 255 255 255 144 191 0 107 0 0 255 255 0 255
    255 0 0 21 0 255 0 0 0 0 255 83 21 214 0 0 255 0 255 255 255 255 0 0
    255 218 255 0 187 230 87 0 255 0 255 54 0 255 0 255 255 0 255 255 0
    255 0 255 0 0 255 0 255 0 255 255 0 0 255 255 0 0 255 240 255 0 255
    0 130 255 74 255 0 123 255 247 255 106 0 255 255 255 0 72 96 0 217
    255 153 255 255 102 0 0 255 0 180 0 255 255 255 0 209 0 255 0 255 0
    255 0 97 255 0 255 0 255 0 255 11 0 255 0 0 114 255 255 0 255 16 255
    0 255 0 255 0 0 255 255 255 255 78 255 0 45 255 255 0 28 255 42 0
    255 255 0 0 255 22 0 0 60 255 255 0 101 0 0 255 255 255 0 255 255
    236 152 255 0 255 0 0 0 255 0 0 255 118 0 0 255 0 0 255 255 0 20 0
    255 0 88 255 245 0 0 0 255 0 255 0 0 255 138 0 255 255 255 0 0 0 255
    154 0 254 0 0 37 255 255 0 255 0 255 0 216 139 255 0 82 0 0 255 0
    242 255 0 255 0 89 0 255 255 228 255 0 105 0 255 0 107 0 109 0 255
    85 0 255 131 184 0 255 0 255 105 255 191 255 178 255 0 255 0 78 93
    255 255 0 17 90 0 255 15 0 255 164 0 0 0 255 255 0 0 255 255 255 124
    255 255 205 0 160 0 255 255 255 0 255 5 0 155 85 0 52 0 0 0 255 255
    0 0 255 64 255 0 0 0 0 255 0 105 255 134 0 255 0 109 255 0 0 255 0
    255 0 0 255 255 0 255 153 255 0 149 255 90 140 0 255 250 84 13 255 0
    0 255 255 255 0 170 255 153 255 255 255 0 255 255 0 255 0 58 196 255
    0 255 0 0 255 0 0 255 255 0 255 0 255 216 255 0 255 0 0 255 255 255
    0 255 31 255 195 0 108 219 255 0 217 0 194 255 255 255 5 255 0 255 0
    131 0 255 255 0 0 0 0 255 178 0 0 138 156 0 255 0 252 0 0 255 229
    223 0 255 0 255 255 0 255 0 255 0 255 255 0 0 0 255 0 161 0 255 166
    255 0 97 255 0 255 0 255 0 50 255 0 255 0 161 255 255 255 0 255 78 0
    255 0 255 0 1 0 0 255 255 185 255 255 255 255 255 0 233 255 249 223
    255 0 0 0 4 255 0 0 0 216 255 0 0 255 0 255 0 255 0 255 0 255 0 0 0
    255 0 255 230 0 0 0 255 255 0 0 255 110 255 0 255 0 0 255 255 12 255
    255 0 0 226 0 0 255 0 6 255 255 0 223 0 0 255 0 255 0 255 0 0 153
    255 0 255 255 113 0 255 255 23 255 0 0 255 255 0 255 0 255 255 0 0
    255 255 80 95 255 97 255 0 255 0 255 0 255 0 255 0 255 0 56 0 255 0
    255 255 0 0 255 0 0 255 255 0 213 255 255 0 198 255 0 255 0 255 49 0
    255 255 255 255 0 255 255 0 2 255 0 0 109 0 255 0 0 0 0 0 255 0 255
    255 0 0 131 47 0 84 255 27 0 46 255 67 255 0 155 255 21 14 255 0 0
    255 203 0 214 0 0 255 0 217 255 0 0 0 255 0 255 48 0 0 255 0 0 0 255
    0 30 255 255 255 0 255 255 0 223 255 0 255 0 250 0 255 0 255 255 0
    255 255 0 0 255 0 0 0 255 238 0 0 255 0 0 96 255 255 0 255 0 0 0 0 0
    255 0 0 85 129 28 255 0 255 255 0 255 0 0 255 255 0 255 0 255 255 43
    255 107 255 0 107 0 255 255 255 0 9 0 0 0 255 255 0 0 255 255 0 255
    255 255 255 186 0 255 0 255 0 255 0 255 0 32 0 255 255 0 255 0 255
    255 255 0 255 255 0 114 0 255 0 255 20 255 0 48 255 0 255 0 255 255
    255 255 0 0 255 0 255 255 0 0 255 0 0 255 0 255 0 255 255 255 255 0
    0 0 0 255 255 98 255 202 255 255 0 255 0 0 255 0 0 0 255 0 230 0 255
    150 255 255 0 60 0 255 0 52 255 0 0 255 0 0 255 0 255 0 0 255 255
    255 0 0 255 255 0 40 255 255 255 0 255 255 255 0 255 0 0 169 255 0 0
    82 170 41 0 255 0 255 0 255 0 255 255 237 255 0 255 255 0 0 255 0
    251 0 255 255 0 0 255 255 0 255 255 255 68 247 255 255 255 0 255 255
    0 255 0 255 0 0 255 0 0 255 0 22 255 255 255 0 0 255 255 0 255 151 0
    255 92 255 69 0 255 180 164 182 0 134 0 255 255 13 0 255 255 0 0 255
    255 61 0 255 218 0 247 0 255 0 0 255 0 241 228 0 255 0 255 0 0 66 24
    255 0 0 0 0 69 255 255 87 197 230 0 255 0 255 0 106 0 255 0 0 0 255
    214 79 255 0 255 0 36 32 255 34 145 13 255 255 0 0 1 255 0 255 255
    44 0 10 0 92 0 255 0 0 0 0 20 255 255 0 255 0 0 0 255 213 255 0 255
    255 0 255 0 206 0 213 0 255 30 0 0 255 129 255 255 180 0 0 255 0 255
    0 255 255 141 216 0 0 255 255 0 0 217 255 0 0 24 0 0 255 255 255 0 0
    255 0 255 0 255 255 0 0 0 255 122 0 0 0 255 94 0 0 0 0 50 0 255 255
    0 255 0 255 0 255 255 0 255 0 255 0 255 0 255 0 255 0 255 0 0 255 0
    255 255 255 0 0 0 255 0 255 0 255 0 0 255 255 0 255 255 227 127 0 0
    255 0 255 59 255 0 0 64 0 255 255 9 255 0 179 250 0 0 0 255 0 146 51
    53 0 0 138 145 255 0 255 255 66 255 227 0 0 0 92 255 0 92 0 0 255
    249 255 255 255 92 255 0 255 0 0 0 255 255 0 20 255 238 0 0 255 91
    255 166 255 0 0 255 2 255 210 255 252 255 255 255 175 0 127 0 67 0
    255 241 0 255 0 208 0 255 0 55 0 255 255 65 11 0 255 0 255 255 0 255
    0 255 0 255 0 255 255 0 0 0 100 255 0 255 255 0 0 90 255 255 15 255
    255 0 255 0 114 255 0 255 255 0 57 255 4 255 0 0 0 255 229 255 0 255
    0 255 255 2 193 0 255 255 0 252 0 0 240 255 0 104 156 255 255 4 0
    255 0 0 255 255 0 0 255 223 0 255 0 38 0 0 255 0 255 0 62 0 255 255
    255 255 255 255 255 0 0 255 0 231 0 255 35 0 255 255 255 250 0 57
    255 0 255 0 57 94 0 255 255 73 0 129 223 216 0 255 0 0 62 58 0 255 0
    255 0 255 0 255 0 255 0 13 0 164 255 77 0 255 255 140 168 0 255 0 49
    255 255 255 0 219 0 255 205 255 0 0 0 138 255 114 255 255 0 210 255
    255 166 0 52 255 255 255 99 0 0 188 0 255 198 38 0 255 117 0 181 154
    0 255 71 255 0 0 173 255 255 255 255 0 0 0 255 0 0 255 0 0 169 0 255
    0 7 255 192 0 0 0 255 0 0 0 255 0 0 54 0 0 255 19 121 95 255 0 255 0
    49 147 255 0 255 0 0 255 0 255 0 27 255 255 255 0 255 0 255 255 0
    255 203 0 255 255 255 0 73 162 0 175 255 0 255 0 255 255 0 255 87
    255 255 0 255 0 255 0 255 255 255 0 5 0 0 0 0 147 255 0 0 255 255
    255 224 0 255 0 199 255 255 0 255 0 255 0 173 255 255 255 255 15 130
    0 209 255 255 127 0 248 0 0 97 240 255 255 0 255 255 141 255 0 0 0 0
    0 148 255 85 0 255 0 255 177 0 255 0 0 0 127 255 100 0 123 0 178 0
    238 255 0 0 12 67 212 255 255 2 0 255 255 0 255 160 0 255 0 255 247
    255 0 255 0 255 0 255 255 0 255 255 0 255 0 0 255 16 0 0 95 255 0
    255 0 0 255 0 215 146 255 159 110 255 0 255 0 89 0 0 119 255 153 255
    0 255 0 197 255 255 37 255 0 255 0 0 255 0 255 0 255 0 204 0 255 0
    255 255 0 255 255 0 255 255 255 0 255 77 0 255 103 221 0 0 255 0 127
    206 255 255 255 137 255 0 118 255 255 0 255 168 223 255 0 195 255 0
    126 255 255 255 0 130 0 12 255 0 59 126 255 0 255 0 0 0 164 0 255
    255 255 0 255 0 255 74 0 255 175 255 0 0 255 0 255 255 0 0 0 255 41
    0 0 244 36 0 255 255 0 235 0 255 255 0 255 192 255 115 0 0 255 255
    238 177 255 0 188 0 255 0 255 0 255 50 0 0 0 255 0 0 0 0 255 0 255
    255 77 0 0 255 0 255 255 255 0 0 255 255 0 0 0 255 0 0 255 200 0 0
    51 255 255 0 187 255 0 255 0 255 0 255 255 255 0 255 0 0 0 255 0 0
    255 197 243 0 255 255 0 255 50 255 0 255 112 255 255 0 255 0 255 255
    255 0 25 0 0 0 5 255 0 114 255 43 255 29 255 8 0 145 0 255 227 45
    105 0 149 255 255 0 0 0 0 0 40 207 255 255 0 255 0 255 0 0 255 0 0
    255 0 155 191 0 255 0 255 0 0 255 0 255 0 144 0 255 50 223 0 54 255
    0 0 0 255 0 0 83 0 255 0 37 36 64 47 255 0 255 0 255 0 255 0 255 0
    255 0 255 0 255 255 255 255 0 255 0 245 255 0 0 255 0 255 0 255 255
    255 85 0 255 0 255 255 255 54 255 255 0 255 0 255 0 0 0 0 0 255 0
    255 255 96 0 255 0 0 255 255 0 195 210 0 0 255 0 0 255 83 218 255 0
    0 255 255 255 255 10 0 255 0 255 255 8 255 255 0 52 255 76 255 123
    247 0 0 255 255 255 0 255 255 255 114 255 0 0 255 0 0 8 255 0 0 0 0
    0 255 0 255 141 255 0 255 255 0 255 177 255 255 0 22 255 0 255 229 0
    200 255 64 0 255 153 53 0 0 252 255 0 255 255 0 255 255 55 0 43 255
    0 0 255 0 250 255 51 114 255 0 152 237 67 0 255 0 255 255 0 112 255
    255 0 255 0 0 0 255 212 255 0 255 0 255 253 0 255 0 0 255 0 0 0 255
    255 162 123 255 0 255 0 255 0 255 0 245 214 0 255 255 0 156 168 246
    0 0 255 124 0 255 0 255 51 255 0 255 255 0 0 255 0 0 255 53 255 166
    255 158 104 193 0 0 114 0 255 255 0 255 0 255 0 255 0 255 244 255
    148 255 83 140 0 0 0 255 0 255 0 74 255 0 74 0 255 0 0 0 0 255 0 255
    45 51 0 255 34 0 255 0 255 0 255 0 0 255 0 239 255 0 0 255 0 0 0 0 0
    255 0 42 45 255 255 138 150 107 0 152 0 255 207 0 180 204 0 255 255
    0 255 0 0 255 0 255 0 0 255 255 144 255 0 0 255 117 255 0 255 0 255
    0 255 0 0 0 0 255 255 0 255 148 0 0 255 255 0 255 0 0 255 255 0 37
    255 152 0 255 0 255 74 211 255 96 0 93 255 0 255 255 0 0 93 0 255 46
    0 255 255 255 255 168 255 37 255 0 0 34 255 0 0 0 255 78 188 0 255
    186 0 204 255 0 0 255 255 255 0 0 0 255 0 255 255 0 255 255 255 179
    63 81 0 0 255 0 5 106 0 255 0 0 255 255 0 0 169 255 0 255 0 255 255
    0 157 0 168 139 2 255 81 0 0 255 0 255 47 255 0 255 255 255 98 255 0
    0 0 0 210 255 0 0 255 255 255 255 0 0 255 0 173 255 0 255 0 255 255
    0 255 0 240 171 173 230 255 10 0 0 0 192 255 0 121 255 255 30 0 0
    235 255 246 0 255 0 255 255 255 0 255 0 179 255 0 0 145 255 0 230 90
    67 255 255 0 255 197 255 0 255 208 98 255 241 74 16 239 252 101 255
    0 255 0 255 0 90 0 255 0 37 255 0 0 0 51 255 255 79 0 0 255 0 13 255
    255 0 255 0 175 255 0 53 181 255 0 255 0 255 167 0 0 255 75 255 255
    108 255 255 0 255 0 255 0 0 255 0 255 81 0 255 0 255 255 0 0 255 114
    78 185 0 255 200 0 0 255 0 243 255 23 0 0 255 105 21 0 255 0 255 255
    0 196 0 0 255 255 255 0 0 255 124 255 255 255 0 255 255 0 255 0 99 0
    5 255 0 0 0 0 255 0 0 255 255 0 0 0 255 0 255 255 0 255 0 28 255 255
    0 91 0 255 0 255 255 0 255 0 185 0 211 0 104 0 255 0 23 255 0 0 255
    0 255 255 39 121 255 255 0 0 223 0 70 0 0 0 255 255 0 255 102 158 0
    142 49 0 0 255 0 0 0 0 14 0 0 255 255 0 255 255 255 255 0 255 255 0
    0 255 29 255 72 255 255 14 0 36 0 0 255 0 255 0 0 255 0 0 255 0 255
    105 243 0 255 0 255 255 0 0 255 0 0 44 255 255 134 0 0 255 0 0 175 0
    255 125 0 255 255 255 0 255 0 255 0 255 0 255 0 0 0 255 18 102 255
    104 0 255 0 255 255 228 255 0 255 0 0 0 255 0 0 255 0 0 255 255 255
    0 0 0 0 255 0 255 255 135 255 0 255 0 255 0 255 0 255 0 255 0 0 255
    79 255 255 0 65 149 155 0 255 255 255 255 255 86 255 0 255 0 118 6
    255 255 0 255 0 255 0 255 0 0 255 255 0 255 0 255 0 255 100 255 0 0
    31 255 0 0 255 0 0 255 0 255 179 0 106 255 255 255 0 255 42 0 0 0
    255 255 0 255 0 255 255 0 27 237 255 0 74 0 255 255 255 84 136 50 0
    255 0 0 255 255 0 173 255 255 0 0 177 0 255 255 0 125 255 255 0 208
    255 255 0 255 0 49 0 255 255 255 255 0 0 255 85 255 255 95 43 130 0
    255 58 255 241 255 255 0 255 0 255 255 77 0 196 255 0 255 70 255 223
    121 0 255 0 0 255 255 255 255 0 220 219 54 0 0 235 255 118 255 0 0
    255 0 255 0 255 127 0 255 255 0 255 0 0 0 0 255 255 255 255 0 165 0
    48 245 94 156 82 0 255 93 255 0 255 0 0 255 255 255 255 0 255 30 0 0
    0 0 255 0 0 30 0 255 255 115 255 255 255 113 255 0 62 255 0 255 0
    255 255 255 255 0 255 0 0 0 238 0 32 255 0 0 0 255 0 25 255 129 255
    255 255 0 255 255 255 0 108 89 255 0 0 0 0 0 255 140 255 241 181 0
    255 0 255 255 0 255 0 0 255 255 255 0 0 255 0 0 142 0 0 238 177 0
    255 0 255 255 0 255 255 0 255 255 0 0 255 0 0 0 255 0 63 0 255 0 0
    171 255 69 255 0 0 0 255 255 0 255 203 127 255 0 0 217 255 255 255 0
    255 0 0 0 0 255 255 136 65 0 255 255 55 0 255 0 0 255 0 255 0 255
    255 0 255 255 220 0 255 255 250 255 227 255 0 0 70 0 255 0 255 0 255
    0 0 0 255 255 0 255 0 255 255 0 0 255 255 255 0 0 105 68 255 0 0 0 4
    167 0 0 255 0 0 39 0 9 255 255 0 255 186 255 0 255 74 0 0 123 145 0
    255 216 0 255 0 255 72 0 0 0 255 0 255 0 0 255 255 255 255 255 15 0
    255 255 212 0 255 0 0 0 0 255 0 255 255 255 255 255 18 0 255 129 255
    215 0 0 175 0 222 0 0 0 255 0 255 0 0 0 21 217 246 255 0 255 0 255
    235 0 255 255 0 41 32 141 0 0 0 255 0 255 255 255 0 0 0 255 0 255
    255 0 255 255 0 133 255 0 0 106 255 0 0 99 10 0 120 0 164 255 255 0
    0 255 0 0 255 0 255 255 255 199 0 255 183 137 255 255 0 0 0 255 0 0
    255 255 228 0 0 255 0 255 0 255 255 187 0 0 255 255 0 255 128 0 202
    0 255 0 255 0 0 0 255 0 255 0 0 255 255 249 200 181 0 0 222 0 0 0 0
    0 186 255 255 0 42 0 255 0 255 0 255 152 0 106 0 71 0 0 255 168 255
    81 255 0 255 255 0 255 0 255 116 180 87 255 0 255 255 255 0 112 0
    255 255 255 0 255 0 255 255 0 0 0 255 52 255 0 255 117 0 173 255 99
    0 255 255 255 0 0 0 39 0 0 255 0 184 255 255 255 0 117 255 129 255 0
    255 0 255 0 0 110 255 0 255 255 0 169 0 255 213 0 0 0 255 0 0 255
    255 0 255 255 255 255 0 186 0 255 70 0 23 195 0 71 0 255 255 0 60
    255 255 0 0 255 255 0 255 220 255 0 0 14 255 255 0 255 0 255 0 255
    255 0 226 255 222 255 0 255 250 0 196 0 0 255 255 108 255 54 0 0 0
    199 27 255 0 255 81 0 255 0 0 255 255 0 0 255 0 255 227 255 131 255
    255 0 215 60 240 255 0 255 0 0 255 0 255 76 255 0 126 255 255 227 0
    0 125 255 179 0 255 160 255 0 0 236 0 255 177 0 255 0 237 255 0 255
    255 0 38 116 255 114 0 255 0 144 255 0 114 255 0 255 0 255 0 255 0
    216 78 255 143 255 24 255 0 7 0 255 0 255 0 255 0 255 0 255 0 255
    255 156 255 0 255 0 162 255 255 0 0 0 255 0 235 0 255 0 0 0 255 0 0
    255 0 0 255 197 50 0 0 98 0 0 255 255 0 255 255 0 255 114 0 255 140
    0 26 0 83 0 255 0 0 125 0 255 255 255 201 255 144 0 255 160 0 80 255
    0 66 0 255 0 255 41 0 230 255 0 0 142 0 255 255 189 172 255 255 0 0
    139 255 255 0 0 0 255 0 255 255 0 255 0 255 52 255 0 255 65 0 255 19
    255 0 92 255 0 0 255 0 255 255 0 0 0 0 255 255 0 255 0 0 255 0 184
    124 0 255 249 16 255 255 255 255 0 0 104 255 0 255 0 255 0 255 213 6
    255 0 108 255 255 255 160 0 255 0 0 69 0 0 255 24 0 255 212 255 255
    0 255 255 0 0 205 0 255 37 0 255 192 255 255 0 255 218 255 0 208 0
    255 152 62 0 255 255 104 0 0 0 255 0 255 0 255 0 0 255 0 255 0 0 0
    255 0 0 255 0 255 70 255 159 255 255 0 255 255 255 0 255 227 0 255 0
    255 0 0 12 94 0 255 115 1 255 0 255 0 138 255 0 255 255 0 0 0 255 0
    255 0 255 0 92 255 255 0 255 0 0 255 14 204 143 255 0 255 0 255 255
    0 0 0 255 62 0 0 3 0 255 255 0 255 255 0 255 82 141 53 0 255 0 0 255
    0 0 235 0 0 176 0 255 0 0 0 255 0 0 255 255 0 0 255 0 255 130 255 23
    250 239 0 255 0 0 167 255 255 0 82 255 0 0 255 141 255 0 255 0 0 255
    255 0 255 255 201 255 0 255 178 204 255 0 255 0 255 0 255 255 0 255
    189 0 221 255 0 255 255 0 0 255 255 0 255 255 255 0 255 255 0 41 0
    255 0 69 205 255 0 138 0 255 255 0 0 24 0 255 255 0 255 130 255 0 0
    7 255 254 255 255 191 2 0 0 15 0 0 49 0 255 0 0 255 32 255 0 7 255 0
    255 0 0 255 0 157 0 255 255 0 255 0 0 255 0 255 83 0 255 255 255 0
    255 0 255 0 201 255 0 255 139 0 255 255 0 255 255 0 255 0 255 0 255
    226 0 255 255 198 0 179 255 0 52 0 0 243 255 255 0 255 0 255 0 0 165
    255 0 255 0 255 135 48 0 255 255 236 255 0 0 255 0 154 255 0 0 0 0 0
    255 207 255 255 0 255 98 161 0 0 255 0 0 255 255 255 0 255 186 255
    97 0 255 0 255 255 128 0 255 255 0 101 255 255 174 255 0 247 255 255
    39 0 255 0 255 0 9 210 255 0 255 255 0 155 255 156 55 255 0 255 255
    0 0 255 255 0 0 0 82 206 0 0 255 0 255 0 0 0 255 255 129 255 185 255
    0 255 57 255 0 0 0 0 255 0 0 0 255 0 255 0 255 225 0 0 255 255 255 0
    0 255 0 255 6 0 0 0 225 255 0 0 255 0 10 232 145 255 0 0 0 0 255 0
    88 255 255 255 0 212 255 0 0 255 0 255 0 116 255 145 0 0 255 0 255
    255 255 0 0 143 0 255 0 0 255 0 255 0 0 255 0 255 175 0 2 255 0 0 0
    255 0 255 186 0 255 0 255 255 0 0 0 0 255 255 0 255 0 0 255 0 255
    142 255 255 0 0 255 0 0 61 255 94 0 255 255 0 255 255 0 255 0 196
    255 255 0 255 0 0 255 0 255 255 0 230 255 0 255 255 0 0 0 245 0 255
    0 255 0 255 255 0 57 0 255 243 255 0 255 0 255 255 0 255 255 255 255
    0 255 255 0 255 0 255 223 122 8 136 255 0 7 255 0 255 0 110 0 0 255
    135 0 255 0 0 164 209 217 183 255 255 0 255 0 255 0 246 0 255 128
    255 0 0 0 88 255 86 255 0 255 0 0 255 255 0 255 59 33 255 0 255 255
    0 255 255 255 0 255 201 0 0 255 0 141 25 255 0 255 0 255 255 138 255
    255 149 255 0 255 0 255 0 255 0 255 0 127 0 0 255 255 0 38 255 0 0
    255 255 167 0 255 255 0 255 255 255 255 0 255 135 94 255 255 0 255 0
    13 0 255 73 0 255 167 0 255 0 0 0 0 0 153 255 0 234 255 255 0 255 0
    255 0 0 255 91 0 255 0 255 0 0 102 0 255 255 119 255 0 116 110 141
    105 0 249 0 144 1 255 0 255 255 0 0 35 42 0 0 255 255 255 137 255 11
    0 255 255 0 0 0 255 255 0 255 0 0 0 0 0 255 0 0 255 2 228 0 255 38 0
    255 0 0 255 0 0 0 255 215 255 0 255 192 255 199 174 0 255 255 255 0
    0 0 0 39 255 0 240 255 0 255 202 0 0 0 255 0 0 255 0 210 226 42 0
    255 0 255 0 110 255 0 0 31 110 255 255 0 255 0 178 62 158 255 255
    255 3 255 255 0 0 118 255 255 33 6 255 0 255 255 255 0 255 255 255 0
    0 0 0 255 0 255 0 255 255 224 174 255 0 0 255 0 102 0 4 255 0 255
    175 1 255 255 0 0 0 165 0 255 255 217 0 184 0 0 255 79 0 0 45 0 255
    0 180 5 0 0 255 138 0 255 0 255 0 0 209 255 149 255 36 255 255 0 255
    255 0 0 105 255 0 255 0 92 0 0 255 255 0 0 255 0 255 255 220 255 255
    217 240 255 255 103 36 0 150 60 0 0 255 184 255 0 255 255 0 0 255 0
    255 0 255 100 0 255 255 0 255 197 0 255 0 255 255 0 255 255 255 0
    255 199 0 255 255 0 0 255 0 255 0 255 0 0 0 0 255 166 0 255 0 255
    190 0 255 255 0 255 3 255 255 0 255 0 255 0 255 0 0 255 0 0 39 255 0
    255 255 0 0 255 49 255 0 255 0 255 0 255 255 0 0 0 255 0 255 255 255
    0 205 0 255 28 182 255 0 255 0 255 243 0 255 0 255 154 0 255 131 0 0
    255 0 220 0 255 206 0 0 0 99 255 0 255 0 193 0 255 255 0 3 255 105
    255 0 255 0 0 255 255 0 255 0 255 0 255 255 255 201 255 6 255 0 255
    70 255 0 255 0 248 0 255 255 0 0 255 38 0 0 44 128 0 0 0 196 255 0
    143 255 0 0 255 255 222 255 255 0 0 255 255 255 0 255 0 255 84 0 255
    0 255 255 0 117 0 255 255 255 0 255 115 49 255 0 0 255 75 255 175 16
    255 0 0 255 0 255 0 0 0 255 255 0 0 225 255 255 0 255 0 0 255 0 167
    167 255 0 180 255 255 0 255 255 255 255 0 0 255 0 3 0 134 255 0 255
    0 0 255 0 255 0 255 255 0 144 0 23 0 0 255 255 9 50 0 0 255 0 255
    255 0 255 214 255 255 255 0 255 0 0 255 0 88 108 255 0 0 255 20 0 0
    0 0 255 0 0 255 0 255 209 0 72 255 0 0 0 0 96 0 255 255 0 0 255 0 0
    255 255 255 0 255 79 0 255 205 0 0 0 0 255 255 0 255 255 0 217 126
    45 0 158 128 0 255 0 255 0 255 0 0 255 255 0 0 255 196 0 255 0 0 255
    0 251 255 247 255 0 255 210 84 0 240 0 0 0 0 0 255 68 0 0 255 0 0
    255 0 192 0 255 255 101 0 0 0 255 255 255 115 255 0 255 0 4 0 255 13
    166 255 0 255 0 255 108 98 187 0 255 0 79 0 255 0 0 255 0 255 255 0
    0 240 0 68 255 0 255 255 158 255 0 255 255 255 251 255 0 0 255 186 0
    255 0 101 255 255 0 255 0 255 255 0 0 255 20 75 0 62 255 237 0 199
    33 255 0 255 0 255 0 255 255 0 255 0 0 255 0 141 0 255 0 255 232 0 0
    255 0 255 0 0 255 0 49 0 0 0 255 0 255 0 228 255 0 255 0 255 255 146
    255 122 0 255 0 255 252 0 0 0 255 0 0 255 0 255 255 0 0 255 29 255 0
    255 100 22 0 255 0 255 4 0 255 0 41 255 0 255 255 255 0 255 0 255 0
    68 255 255 156 255 250 0 255 0 255 0 255 83 0 66 255 0 255 0 0 0 245
    255 0 255 0 0 255 255 0 0 159 255 255 0 0 255 255 255 255 255 0 0
    255 19 0 255 0 255 255 0 255 0 255 0 61 255 224 255 130 255 40 0 123
    0 255 0 255 164 247 0 163 255 0 255 255 255 0 0 0 221 217 255 0 89 0
    0 169 0 58 0 0 73 35 255 0 255 0 255 254 0 255 0 255 0 255 255 255
    20 255 255 2 248 0 255 69 255 255 0 255 0 0 255 255 249 82 255 0 0 0
    0 0 0 255 0 255 0 255 0 238 255 0 0 255 0 255 86 255 0 255 255 255
    108 0 79 0 68 0 249 71 0 255 134 255 0 138 255 0 0 255 75 203 255 0
    238 184 135 50 0 167 0 255 0 255 167 0 255 80 255 0 46 255 0 0 255 0
    255 0 255 229 40 97 255 0 255 255 0 0 139 255 0 255 0 255 0 255 0 26
    0 255 255 0 191 255 0 255 0 0 255 203 255 255 0 30 255 0 183 0 255
    99 255 255 124 146 255 255 70 255 0 0 255 255 255 255 57 216 255 0 0
    0 0 255 0 0 255 0 255 255 0 255 0 255 111 255 255 44 255 0 0 255 0 0
    0 0 215 255 92 128 255 0 255 214 44 255 0 255 0 255 255 0 255 255 0
    0 0 20 0 0 0 0 198 8 0 255 255 0 255 255 255 0 255 0 255 0 255 166
    93 255 255 5 0 134 151 108 255 255 0 0 255 0 255 255 0 255 248 255
    255 32 0 255 0 255 255 100 255 0 255 0 255 21 255 0 0 255 0 0 0 255
    255 0 255 0 255 0 255 255 0 255 0 76 255 0 0 255 255 255 0 255 0 181
    29 226 0 94 255 0 0 255 0 0 255 0 255 0 37 255 0 0 255 0 255 0 0 255
    255 0 255 0 0 0 244 255 0 255 255 0 255 255 189 0 255 0 255 255 42 0
    255 241 0 0 255 255 0 246 0 255 255 255 223 255 0 255 0 0 0 255 255
    0 255 255 255 185 0 255 0 255 0 220 39 0 210 0 255 0 255 0 255 255
    255 0 255 0 255 255 115 0 0 0 0 255 0 255 0 0 255 0 0 0 255 0 60 0
    255 0 0 255 0 255 46 255 0 255 134 255 255 255 0 255 0 255 243 255 0
    0 255 0 94 0 251 55 0 255 0 255 255 73 139 255 255 255 0 11 255 70
    255 0 255 255 0 0 0 255 255 255 128 0 255 0 114 255 255 0 0 255 255
    255 0 255 0 255 0 255 0 0 0 0 0 0 252 36 157 0 255 255 0 255 255 0
    255 255 255 0 161 0 58 255 0 255 0 255 0 183 0 111 255 0 255 255 0
    255 0 34 255 0 0 0 255 255 7 0 255 255 227 255 0 255 0 255 0 10 255
    0 255 202 149 0 255 0 141 0 0 194 255 0 255 116 0 255 0 255 52 75
    255 0 0 255 33 255 89 136 96 255 0 255 255 255 255 139 5 255 0 230
    255 255 255 0 0 63 0 0 255 0 255 255 0 255 0 255 0 0 44 255 198 0 0
    255 0 145 0 255 0 255 0 0 0 199 0 242 255 255 0 0 0 255 255 0 238 92
    0 255 0 255 255 0 255 0 129 255 0 255 0 255 255 0 255 0 0 255 39 255
    95 0 255 0 0 104 0 0 255 255 112 255 255 0 255 213 4 75 0 255 255 0
    194 255 0 0 255 255 0 255 0 32 183 118 255 0 0 255 255 212 0 0 255
    255 0 255 206 0 221 0 0 0 0 0 0 168 255 0 255 0 0 255 0 0 255 0 255
    97 73 255 0 0 248 255 0 0 0 0 255 231 255 0 255 168 255 178 0 0 255
    0 255 255 175 186 255 255 0 144 0 0 255 0 255 0 255 0 0 0 167 0 255
    0 67 255 32 255 0 255 0 0 255 0 255 0 255 0 255 0 255 0 0 255 255 0
    255 0 0 0 114 255 255 0 255 255 22 0 255 0 0 127 0 255 62 0 255 255
    245 0 255 0 16 0 255 0 86 0 157 0 0 255 56 245 255 0 0 255 43 0 255
    0 255 0 198 0 255 255 152 0 255 255 0 13 0 255 255 0 0 255 0 255 255
    0 202 0 255 255 0 0 0 255 0 255 188 255 255 0 0 255 255 0 255 0 255
    0 29 0 255 255 255 0 10 255 0 255 68 0 255 230 88 41 0 0 0 250 0 255
    255 0 0 255 255 121 130 195 0 255 255 0 0 255 255 36 0 0 0 138 0 167
    0 255 0 218 252 255 255 194 0 0 0 235 255 176 126 0 255 255 255 255
    0 255 0 255 255 54 255 255 255 0 0 205 0 255 0 235 0 0 255 255 179 0
    205 83 0 255 255 92 255 180 255 35 255 255 0 174 0 95 0 255 0 0 255
    9 111 255 255 255 0 255 0 255 255 0 0 255 255 0 255 255 0 255 0 255
    0 199 255 255 48 0 255 47 255 0 167 0 0 255 24 0 255 0 0 255 249 0
    255 0 0 33 255 255 0 0 211 0 250 255 255 0 0 255 255 255 0 0 255 255
    0 255 0 174 30 255 0 91 0 142 255 0 255 0 255 255 0 28 0 255 255 0 0
    255 38 255 0 0 255 0 0 98 0 255 40 255 166 205 0 0 96 255 182 0 37 0
    255 255 0 0 255 1 0 255 0 149 68 0 255 0 97 0 255 255 0 0 255 255 0
    54 255 255 207 74 255 0 255 0 0 106 0 255 0 176 0 83 0 0 0 74 0 127
    255 0 255 255 0 0 255 0 255 255 0 255 82 98 255 0 255 0 0 255 255
    255 55 0 255 255 0 0 255 0 75 209 0 230 0 255 0 255 255 105 255 213
    0 105 255 255 0 255 255 0 0 202 255 0 108 0 255 83 255 0 0 255 0 255
    0 235 255 255 0 212 255 255 255 0 255 0 255 255 0 0 255 0 15 0 22
    255 0 255 0 0 54 255 0 0 255 0 255 255 28 0 0 0 0 255 0 78 70 255
    238 163 255 0 185 0 0 255 0 0 0 66 227 0 255 0 0 255 0 255 0 235 255
    168 255 115 255 102 0 40 47 0 255 255 93 255 82 0 0 255 197 255 0
    255 0 255 67 0 0 255 0 0 255 255 0 0 255 0 0 76 255 38 255 0 84 255
    255 0 255 255 0 0 255 139 145 0 255 0 39 0 0 255 255 0 26 255 255 75
    139 173 0 255 0 0 255 0 229 255 0 0 0 255 0 255 0 255 218 217 0 255
    255 0 113 95 255 0 255 255 0 0 49 255 0 0 255 255 0 34 101 197 255
    255 255 255 255 0 255 0 255 127 62 52 255 0 255 255 0 0 255 0 0 34 0
    255 10 255 0 0 255 0 255 0 0 0 134 88 255 0 0 255 28 84 0 0 119 255
    0 255 194 255 255 218 255 255 0 217 23 24 0 255 88 0 0 0 255 0 103
    255 255 0 0 255 255 50 0 255 255 0 175 149 255 0 255 144 0 0 255 255
    0 62 255 180 255 0 255 0 197 105 177 255 0 149 0 0 255 0 59 255 0 0
    255 228 0 255 0 0 63 255 0 255 0 255 48 0 255 0 255 0 255 0 255 255
    18 0 245 0 255 255 0 255 0 255 0 255 0 0 255 255 0 255 0 255 0 197 0
    255 0 255 0 255 0 162 0 0 255 0 0 165 255 0 23 255 255 0 255 0 209
    255 0 255 0 255 0 252 72 0 84 0 0 255 255 0 0 255 255 1 255 255 0
    255 0 95 0 255 0 255 255 0 255 255 63 65 255 255 255 0 0 164 0 255
    175 0 255 0 168 48 255 255 107 255 132 0 87 255 255 0 255 0 255 234
    0 255 0 0 161 0 255 0 255 0 232 255 0 255 161 52 255 0 0 0 255 0 0
    255 0 255 9 14 255 255 255 255 153 255 0 255 0 255 255 61 0 255 0 0
    255 0 255 255 255 0 255 255 0 173 255 0 255 0 215 255 65 11 129 151
    255 197 255 0 0 105 255 179 255 0 255 255 0 255 0 255 0 255 0 0 255
    0 255 0 0 255 255 0 18 255 0 0 0 114 255 84 0 235 155 36 255 0 0 226
    68 0 255 0 255 255 0 196 0 255 255 255 0 0 255 0 255 255 255 0 255 0
    161 255 255 255 0 0 255 0 255 23 255 198 0 255 59 255 255 0 46 255 0
    255 38 0 0 255 0 0 0 0 255 0 255 128 0 255 0 0 0 255 255 0 255 0 200
    0 255 0 255 0 255 255 0 168 255 255 255 0 0 152 0 255 0 177 255 0 0
    0 255 255 255 85 0 255 255 0 0 255 255 33 0 255 46 152 160 0 255 198
    255 0 255 162 185 0 255 0 255 255 249 0 255 255 255 255 56 0 255 255
    0 255 0 255 0 255 0 91 0 255 198 0 0 9 0 0 0 93 255 0 0 255 214 183
    0 0 0 255 0 219 0 0 206 255 255 0 255 0 255 255 255 0 0 255 0 255 0
    0 255 0 67 0 255 0 255 0 255 150 0 255 0 2 0 255 255 97 0 255 255 0
    0 0 0 146 0 0 255 255 0 8 255 197 255 0 255 255 129 0 0 255 255 59 0
    81 16 90 255 185 255 0 255 255 190 255 240 0 255 0 34 255 255 0 196
    255 255 0 0 255 0 0 191 155 255 0 255 183 255 0 0 0 0 0 0 102 255 0
    255 255 0 229 31 0 255 255 0 255 0 255 255 0 0 255 0 95 255 0 255
    255 255 0 255 0 0 0 26 0 255 255 255 0 79 255 64 0 0 255 0 255 0 255
    0 159 0 119 255 255 255 0 255 0 252 0 255 0 134 0 0 255 207 0 255 0
    255 255 4 0 193 255 255 0 255 255 187 255 255 255 0 0 255 255 255
    255 0 255 0 255 0 0 255 0 42 255 255 255 255 255 0 255 0 0 255 255 0
    255 0 255 0 73 0 0 136 255 0 0 0 56 255 102 0 255 0 0 142 30 0 255 0
    255 202 255 210 252 0 255 0 255 255 255 0 216 6 255 255 0 0 255 26
    99 0 0 255 255 0 255 0 255 255 0 255 255 0 255 181 174 0 255 0 255
    67 27 255 0 255 255 0 164 0 255 0 183 255 255 0 255 0 255 255 50 255
    0 0 255 255 17 0 255 0 140 0 255 0 255 255 255 0 255 162 143 255 0 0
    255 0 0 255 104 0 197 0 150 255 0 255 255 0 255 232 0 0 229 0 90 0
    255 0 255 130 0 0 255 0 255 0 204 255 255 0 255 0 52 0 0 255 0 255
    255 154 0 155 136 203 255 255 0 0 255 0 195 255 255 0 255 197 0 255
    0 255 0 223 255 0 121 0 255 0 255 0 255 0 255 255 0 255 255 255 181
    255 0 255 0 0 202 130 255 143 255 0 255 255 170 94 135 255 0 0 255
    255 0 251 0 255 0 0 103 0 255 255 0 55 255 0 255 255 255 0 0 0 0 174
    255 0 155 132 255 0 255 0 0 255 255 255 0 47 255 255 0 255 154 110 0
    255 0 0 0 255 255 255 0 112 255 0 0 255 121 255 0 18 84 255 255 99 0
    255 255 0 0 255 0 221 255 255 168 0 99 255 0 255 0 0 0 0 255 0 255
    255 255 254 255 139 255 0 0 255 0 248 255 0 0 175 189 160 80 255 59
    0 62 255 0 0 244 0 255 255 0 255 255 0 255 0 80 255 0 255 0 255 255
    0 0 0 255 0 255 93 0 80 0 255 0 0 255 0 255 0 97 255 255 0 0 255 0
    255 0 255 255 0 255 0 255 255 255 0 0 255 0 255 0 22 0 0 255 0 255 0
    0 0 0 255 255 255 54 0 255 82 0 0 0 245 255 255 255 0 255 255 0 255
    255 0 0 0 255 15 255 255 0 64 0 255 61 0 255 0 255 0 255 0 255 255
    255 0 0 255 35 255 0 127 0 192 0 255 0 255 0 0 0 255 230 0 255 255 0
    196 0 255 0 0 255 0 255 0 255 0 0 0 255 0 252 0 255 255 0 233 0 255
    255 201 0 255 0 0 0 0 255 34 0 255 0 206 255 0 255 255 192 0 255 68
    0 103 255 255 0 255 255 0 0 0 255 255 255 255 0 255 255 0 255 0 255
    0 255 0 0 255 0 0 255 0 199 56 255 0 255 0 255 255 255 0 0 255 0 255
    0 0 255 0 0 255 255 255 0 255 255 0 99 239 255 0 255 255 203 0 0 255
    0 255 0 0 255 0 0 255 0 30 255 0 255 255 255 77 0 0 0 202 255 0 255
    122 255 255 255 255 0 255 0 0 255 0 0 255 0 255 255 90 255 0 0 126 0
    255 0 255 255 0 255 255 113 0 0 255 255 0 255 255 225 255 0 0 0 99
    255 11 255 255 255 255 20 255 240 0 255 10 255 255 0 242 121 255 0
    255 0 0 255 255 0 255 255 0 255 255 0 255 255 127 0 255 0 255 53 0 0
    0 255 255 255 0 255 36 211 200 0 255 253 0 0 0 0 255 255 0 0 0 255 0
    143 5 255 83 0 255 143 255 0 0 255 255 0 255 0 255 145 0 255 255 0
    255 2 0 0 255 0 255 74 0 255 255 0 166 255 0 255 0 0 190 168 102 0
    198 255 0 8 0 0 4 255 255 12 255 255 0 46 255 0 255 255 0 0 0 255
    204 255 71 0 255 171 0 83 148 0 0 0 255 218 55 255 255 198 48 255 0
    255 129 0 0 255 0 0 255 0 255 255 255 0 255 0 120 255 35 255 255 0
    255 190 245 255 0 255 0 177 221 0 0 255 130 0 255 0 0 255 255 0 7 36
    255 119 255 255 0 179 255 2 0 112 0 151 0 255 255 0 255 0 255 0 0
    255 0 255 255 0 0 255 255 205 255 255 255 255 0 161 255 0 255 19 0
    255 0 228 26 0 255 0 255 93 240 255 0 0 0 255 214 191 0 168 255 255
    1 87 0 0 0 152 255 0 0 142 255 177 117 255 182 235 255 0 0 255 255 0
    255 43 0 255 47 0 255 0 255 120 0 255 211 159 0 0 255 255 157 0 255
    0 255 0 255 0 255 255 255 0 255 0 174 255 148 177 0 255 34 255 255
    255 0 255 41 0 255 255 181 199 0 255 253 0 0 255 0 0 0 0 255 0 0 255
    233 255 0 255 0 198 255 0 255 10 0 255 115 255 255 255 255 157 255
    255 255 0 255 0 255 253 255 0 255 255 0 255 255 0 226 255 0 255 0 0
    0 255 255 255 0 255 0 255 14 177 0 255 252 255 255 255 255 255 0 0 0
    236 233 255 255 0 255 255 175 255 0 255 0 0 255 0 255 0 82 118 255 0
    255 0 255 0 249 0 255 0 255 0 0 255 255 40 0 255 0 255 197 0 255 29
    0 255 255 0 0 255 0 255 0 159 255 0 255 255 255 0 0 136 218 132 0
    255 0 255 0 255 255 255 0 187 255 0 0 0 144 137 0 0 255 57 255 0 186
    3 105 0 255 255 0 255 0 255 0 0 255 0 255 0 255 0 0 0 255 255 0 255
    0 96 255 255 255 0 0 255 0 0 43 255 255 0 255 0 255 0 255 0 255 0
    255 192 27 236 0 255 188 37 0 255 255 0 0 255 0 255 9 0 0 255 0 0 0
    255 0 255 0 255 255 46 0 255 255 0 255 255 255 0 255 0 0 0 0 255 0
    225 255 0 255 0 0 255 0 86 25 0 255 0 179 24 255 255 255 0 162 0 150
    0 255 0 132 255 0 0 255 0 255 97 0 0 0 255 0 255 255 245 0 255 0 255
    118 83 211 0 255 0 0 255 0 153 255 0 255 255 0 20 0 245 255 255 255
    0 255 255 72 123 216 0 255 0 0 0 221 255 255 0 0 0 0 255 0 0 255 0
    255 180 255 160 0 2 0 181 118 0 201 217 0 130 31 255 0 255 68 0 255
    255 22 127 218 0 0 255 0 255 255 0 255 0 0 83 0 0 0 56 255 0 255 208
    255 0 255 0 0 255 255 0 0 255 138 255 247 126 255 0 0 0 255 0 255 0
    255 0 255 0 255 0 255 255 0 255 0 255 255 0 255 255 0 255 255 0 255
    150 37 255 0 255 204 206 0 255 80 0 0 153 0 255 0 0 255 255 145 0
    127 255 0 0 253 132 0 255 0 0 255 0 0 0 255 0 255 255 180 0 91 255
    147 0 0 255 255 0 255 0 255 0 255 0 255 255 0 0 255 255 255 0 255 68
    0 192 0 255 232 0 0 255 0 255 255 255 255 236 255 255 0 0 255 193
    255 0 255 65 255 238 208 129 255 0 255 171 255 0 255 255 0 255 0 0
    255 0 90 0 255 255 0 0 0 0 255 255 0 255 0 255 0 0 0 0 0 234 0 255 0
    255 0 255 185 0 255 194 0 255 0 255 255 0 177 0 0 0 0 0 249 255 237
    0 255 0 0 163 0 255 0 40 0 255 255 0 255 255 0 123 0 255 0 255 255
    255 255 255 199 0 0 255 0 0 255 255 180 224 0 255 0 255 255 255 125
    255 255 176 84 0 0 255 0 29 255 0 255 212 134 255 55 0 0 255 0 0 0
    255 0 255 0 171 255 0 0 255 7 177 37 0 255 0 231 0 0 255 255 9 0 255
    0 255 0 0 255 255 82 99 0 255 255 0 255 255 0 255 165 255 0 255 112
    0 0 0 255 0 255 0 0 255 110 0 255 128 0 255 255 149 169 255 170 255
    0 255 140 255 0 251 0 11 0 209 113 0 255 196 255 255 0 0 255 0 255 0
    0 255 0 0 0 164 0 171 0 0 255 0 30 197 0 255 0 198 255 0 255 246 255
    255 255 0 255 0 0 0 0 255 0 255 255 24 0 255 255 255 255 255 0 255
    255 0 255 255 0 0 255 167 0 189 255 0 0 255 255 217 0 255 0 0 255 27
    255 255 0 0 255 0 0 255 255 0 0 255 211 255 114 0 255 0 255 98 0 255
    255 0 255 18 255 173 0 0 255 146 255 0 255 255 255 255 255 255 0 255
    255 255 255 138 0 255 255 117 255 255 0 201 255 82 255 0 0 0 0 0 255
    0 255 0 255 0 0 0 255 0 0 255 206 92 105 0 0 255 146 0 255 0 255 255
    255 0 0 255 0 0 41 0 0 0 136 255 26 132 255 0 0 0 255 8 0 255 255 0
    255 255 0 255 0 255 0 255 0 255 255 0 0 255 255 0 255 217 255 157 0
    0 255 0 139 255 255 153 0 0 255 0 255 0 255 255 0 255 255 0 255 0
    155 0 255 0 245 0 0 255 0 0 0 255 0 0 255 0 255 0 96 40 255 95 0 255
    255 0 255 0 76 255 0 0 255 0 255 0 255 0 255 0 0 255 161 255 0 179
    196 0 255 255 183 0 255 126 255 0 0 0 0 255 0 0 255 0 255 255 0 0
    255 0 255 0 255 255 0 255 80 0 255 246 0 255 0 57 154 0 249 0 255
    255 0 255 47 0 43 0 0 80 0 255 0 255 0 255 0 255 0 0 255 255 82 255
    0 205 255 255 0 0 255 79 0 255 0 173 0 0 255 0 0 255 0 0 128 0 45
    101 255 0 255 0 238 159 0 255 0 0 0 255 190 0 255 0 0 124 255 0 255
    0 0 255 0 255 0 0 237 0 0 255 165 255 0 255 188 255 255 57 255 0 0 0
    255 0 255 0 0 255 255 51 255 0 255 255 0 0 0 255 255 0 255 0 255 38
    9 0 230 128 255 255 255 0 255 99 0 255 72 0 255 0 255 0 0 255 255 81
    255 255 0 0 15 127 255 0 84 232 0 170 255 0 255 6 0 255 255 0 255 0
    0 255 0 165 255 0 168 0 138 115 255 255 255 0 0 0 255 131 255 255 0
    29 255 255 0 255 129 0 0 0 255 0 15 255 0 88 94 255 255 7 255 255 0
    68 0 255 0 0 0 255 78 255 0 255 0 0 255 243 0 0 255 255 0 255 0 0
    225 255 255 0 255 49 56 0 255 228 39 255 255 0 255 4 228 255 127 0
    255 0 255 0 235 0 255 0 255 0 0 0 255 0 23 0 0 255 72 255 255 0 255
    0 255 0 162 124 255 0 0 0 255 0 0 168 252 255 0 0 255 46 0 0 255 0 0
    255 0 255 0 255 0 255 0 191 255 255 71 46 159 255 0 255 0 255 255
    101 0 255 128 255 0 208 0 255 0 255 0 255 0 0 255 255 168 255 255
    224 0 255 255 0 0 142 130 255 255 255 39 255 255 0 255 255 0 255 0
    232 255 0 0 128 0 255 28 0 255 0 0 229 0 255 0 255 0 255 0 0 255 0 0
    255 0 255 255 0 255 255 255 0 255 255 0 255 0 255 0 0 0 0 255 255 0
    0 0 255 0 255 0 255 0 255 183 0 46 0 255 255 0 0 255 255 0 255 0 255
    255 255 0 2 0 0 0 132 255 0 255 250 255 22 255 0 1 255 0 5 0 255 169
    255 100 255 144 0 255 105 0 255 0 73 255 0 255 255 0 0 0 255 255 230
    255 182 0 255 151 0 0 255 0 255 0 130 0 231 193 255 0 255 255 0 255
    9 0 71 255 81 255 0 0 255 255 204 255 0 255 0 0 255 0 255 0 0 255 0
    255 255 244 255 0 224 251 255 151 0 255 213 0 184 255 25 0 255 0 0 0
    255 255 0 255 255 255 255 255 0 255 255 0 0 0 0 196 0 255 0 187 0
    200 0 0 184 0 0 0 255 255 255 0 0 0 244 255 0 255 217 46 88 164 133
    0 142 255 0 255 0 255 0 255 0 197 27 201 255 0 255 110 0 255 255 255
    255 255 94 0 255 0 255 55 0 255 0 255 57 0 199 0 255 207 255 167 255
    86 0 255 255 255 255 0 0 255 255 0 255 120 10 0 165 255 0 255 0 6 0
    255 85 255 0 255 189 0 0 0 224 255 74 255 229 255 0 224 255 0 254
    255 255 0 255 198 43 0 0 255 255 0 0 0 255 247 0 140 0 44 255 0 255
    255 0 255 0 255 0 255 255 0 0 255 2 0 0 255 0 255 255 28 255 0 0 255
    0 255 255 0 255 0 107 255 255 0 43 193 255 204 0 69 255 0 138 219
    255 0 0 0 103 255 0 161 0 255 0 0 255 255 0 0 255 0 255 0 255 255
    255 228 0 110 133 205 0 0 255 0 255 0 255 255 0 218 255 255 0 183 0
    0 255 178 0 255 189 0 255 0 255 29 255 0 255 0 255 255 255 19 255 0
    0 255 138 67 255 2 255 0 255 255 170 0 255 255 255 0 255 255 230 0
    255 0 0 255 0 0 255 0 0 141 255 0 151 255 0 0 0 0 114 0 255 0 0 43
    255 0 255 50 236 248 255 255 0 230 10 255 0 255 0 0 255 0 0 255 0
    255 43 255 0 94 130 0 250 255 0 0 255 63 0 0 255 0 243 135 0 197 0
    255 0 0 0 255 255 255 0 95 255 142 0 192 0 255 0 255 0 255 255 0 255
    0 255 0 255 0 255 0 255 0 255 156 255 0 255 255 153 255 255 0 0 255
    255 0 209 114 0 24 46 255 115 39 255 127 0 89 255 184 188 255 215 0
    255 179 255 0 255 115 0 255 12 255 186 0 255 160 0 0 0 115 255 255
    135 250 0 255 93 255 38 218 255 0 255 140 255 0 0 255 255 255 198 60
    0 0 255 255 181 0 255 61 0 91 255 67 49 0 0 0 255 0 0 47 0 255 0 255
    209 0 0 255 0 255 7 255 43 255 0 0 221 255 91 0 255 202 45 255 0 255
    0 255 0 31 0 0 255 255 0 223 255 255 0 108 255 0 0 10 255 0 255 0 0
    43 255 0 41 255 255 0 0 0 255 0 0 123 0 255 0 0 255 27 145 255 255
    255 0 0 117 255 255 0 17 255 210 255 255 255 0 255 0 0 0 55 255 255
    0 0 255 0 0 0 255 0 34 0 255 0 255 255 0 255 0 255 255 251 0 0 132
    255 0 255 255 124 255 255 0 0 255 0 0 255 0 0 0 0 0 235 130 0 255
    255 0 0 255 0 0 0 255 0 255 0 255 255 255 0 43 255 0 193 7 0 255 235
    245 255 255 0 255 255 255 255 0 0 0 146 80 255 255 53 255 166 0 255
    123 255 116 0 255 0 0 255 255 0 0 255 0 0 70 0 222 255 0 255 0 0 255
    255 0 255 91 255 0 255 255 255 255 255 106 0 255 0 255 0 255 0 255 0
    255 0 193 0 0 255 255 0 82 0 255 0 255 0 255 0 253 0 0 0 255 255 255
    255 0 90 17 255 255 255 149 138 255 0 255 0 0 255 0 22 0 255 255 0
    255 178 255 225 6 255 0 255 141 0 223 0 255 255 255 255 7 0 0 255
    255 0 0 255 0 255 187 255 0 0 255 0 0 255 0 255 0 255 0 0 255 0 51
    255 255 0 255 255 255 255 0 255 0 255 255 255 0 0 255 57 255 255 255
    212 0 255 255 255 0 0 160 255 255 255 0 255 255 255 0 0 0 0 0 255 0
    255 255 255 0 255 255 0 255 0 0 0 60 0 93 0 255 255 0 0 255 255 0 0
    0 255 0 255 255 109 255 0 255 39 249 84 255 255 255 0 0 0 0 255 167
    0 255 255 0 0 27 255 121 255 0 255 124 0 5 255 0 255 255 0 23 61 255
    255 0 255 0 162 255 0 255 255 82 0 255 255 0 0 205 0 132 58 0 0 0
    255 0 255 0 255 0 0 0 210 0 255 208 255 255 255 0 224 255 255 218
    255 255 28 0 87 0 0 0 0 0 216 255 255 194 255 0 255 0 255 0 0 255
    255 255 182 0 255 132 255 0 255 0 10 0 255 255 120 0 255 0 99 184 0
    255 255 255 0 255 0 255 0 255 255 142 0 255 255 43 0 255 0 0 255 0 0
    255 0 255 0 255 9 255 0 255 0 38 0 0 0 255 255 255 0 0 0 255 82 0
    255 0 255 255 255 0 255 255 139 255 0 0 255 77 255 0 255 0 0 0 0 255
    0 0 0 236 0 188 0 255 0 255 75 77 255 249 0 255 0 255 255 0 0 255 0
    255 0 0 255 0 255 164 0 0 255 0 255 255 194 163 56 0 0 255 0 255 255
    0 247 0 255 255 0 0 0 0 0 24 255 0 0 0 255 255 255 0 62 0 141 8 115
    255 0 255 255 0 0 20 0 255 0 11 0 255 255 0 255 61 255 74 255 0 255
    6 0 176 150 255 255 0 0 55 0 255 87 105 255 0 255 0 0 0 57 255 0 0
    255 0 91 0 255 255 255 0 0 217 0 93 0 255 0 0 0 255 0 255 0 255 0
    146 255 0 0 255 0 255 0 0 0 255 0 255 255 0 255 104 255 0 255 255 79
    0 255 255 255 255 0 0 255 255 10 0 224 0 0 255 0 144 0 255 0 255 0 0
    255 255 0 65 158 255 255 255 0 255 173 0 255 0 255 0 0 42 255 0 255
    255 0 255 0 255 0 255 255 0 0 0 113 0 255 0 255 17 255 169 255 255 0
    155 0 0 255 0 0 0 0 255 0 0 239 0 255 0 0 255 255 0 105 239 81 255
    148 255 0 0 0 255 0 255 255 0 0 255 255 0 255 0 0 0 255 0 255 234
    236 255 73 255 0 255 255 0 0 0 255 12 0 255 0 0 11 209 0 255 6 255 0
    255 0 255 255 0 0 9 255 97 61 255 0 255 0 255 0 246 255 211 255 0
    205 255 255 0 255 0 255 255 17 255 255 255 0 0 0 0 255 117 171 0 97
    255 0 0 255 134 255 0 255 100 243 255 201 255 255 0 255 75 0 0 199
    212 255 38 0 213 255 0 255 255 0 0 255 0 255 255 0 236 0 154 255 81
    68 255 65 84 255 255 30 0 255 255 255 100 121 255 0 223 255 0 255 0
    255 255 255 255 250 0 255 0 255 255 0 255 96 255 255 255 0 0 102 0 0
    255 0 255 0 255 0 102 221 255 255 190 78 255 0 0 255 0 255 0 255 255
    0 0 26 0 255 0 0 0 0 255 0 255 0 255 0 255 255 255 0 255 255 0 0 255
    98 0 255 201 0 255 255 255 0 0 255 0 255 245 255 0 255 255 0 255 0
    45 255 255 0 255 0 255 255 255 0 0 255 255 255 0 0 255 255 255 0 212
    0 255 11 255 255 0 255 0 0 255 75 192 0 255 255 255 0 0 43 255 0 0
    255 0 81 0 104 135 255 0 255 255 0 255 101 0 0 0 255 255 0 0 255 255
    0 255 255 0 0 255 255 0 129 255 230 173 0 255 255 0 255 255 13 255 0
    255 46 255 0 255 0 163 0 53 0 0 125 0 255 0 24 255 0 0 255 255 0 255
    87 255 0 255 255 0 0 0 255 0 25 255 87 255 0 144 255 255 0 255 45
    255 0 255 77 255 0 0 255 123 7 203 255 255 0 255 0 255 255 0 255 255
    0 255 0 0 255 0 0 0 255 178 0 0 255 0 255 140 255 255 0 0 0 0 255
    255 0 0 0 246 255 0 0 0 0 192 255 33 84 255 255 136 255 136 0 255
    255 21 0 255 0 255 204 0 255 0 255 44 255 0 255 255 0 255 255 0 0
    255 102 255 255 0 211 126 0 0 255 255 0 0 255 0 44 255 255 255 0 118
    255 255 0 222 0 0 0 214 255 255 0 108 0 255 0 212 3 255 0 0 255 255
    0 255 255 0 0 73 0 255 0 0 0 0 255 0 110 0 255 0 255 102 255 0 255
    255 255 0 255 0 0 255 0 255 0 124 0 255 210 92 255 0 56 255 0 255
    255 0 0 255 0 0 255 0 0 255 0 214 0 255 255 0 255 255 255 0 255 255
    255 0 127 53 255 61 255 0 255 0 147 255 0 119 0 0 0 0 255 255 0 255
    255 0 255 0 255 255 0 255 0 255 255 0 255 0 196 30 0 228 255 205 255
    143 45 255 202 255 0 255 0 255 0 255 255 255 0 150 255 0 216 0 255 0
    250 34 255 255 0 255 0 74 255 0 255 0 255 0 0 0 124 0 255 0 74 0 255
    0 255 255 0 255 255 255 7 255 255 96 0 255 226 255 0 255 0 255 16
    255 255 0 184 0 255 234 0 0 0 255 0 0 255 0 0 255 255 0 255 255 255
    0 255 20 255 255 0 255 0 34 255 0 255 0 255 0 0 0 255 0 255 204 0 60
    255 0 255 0 187 255 0 255 218 0 255 255 0 0 255 255 0 0 255 0 192
    255 255 255 0 186 255 255 22 0 255 68 255 0 0 0 255 142 0 0 0 255 14
    140 255 255 0 255 255 255 0 255 0 0 255 0 0 0 255 199 0 255 0 255
    255 175 255 6 0 134 0 0 170 0 0 0 255 177 232 0 255 107 0 229 0 0 98
    138 255 0 0 255 240 3 255 0 15 255 59 0 255 0 26 0 0 255 255 255 0 0
    255 255 0 0 0 255 0 58 255 163 182 97 255 0 0 132 0 255 0 255 255 0
    255 0 113 0 0 255 255 255 6 0 255 0 0 161 118 68 116 0 0 255 15 0
    255 0 211 255 0 99 255 255 255 126 255 0 120 0 0 55 255 0 255 0 255
    255 0 255 0 255 0 73 0 255 0 255 0 0 0 255 0 255 0 0 255 25 139 198
    255 255 0 194 0 0 29 255 219 255 255 0 207 0 247 255 118 255 0 0 255
    255 0 201 0 255 255 0 191 0 255 141 255 0 0 255 0 255 0 28 255 17
    255 255 47 0 255 255 0 255 255 255 255 255 0 97 255 255 255 255 255
    151 165 135 88 64 9 255 0 255 255 34 255 255 51 0 255 255 255 255 0
    0 0 255 0 255 255 0 255 0 255 255 255 118 0 255 255 0 255 249 255
    255 191 161 255 0 255 0 255 255 154 255 0 255 0 255 255 255 255 0 0
    0 0 0 44 107 255 0 255 255 255 255 110 44 255 255 0 255 0 255 0 255
    163 255 0 255 169 0 0 196 0 215 255 0 255 0 0 255 0 255 217 0 255
    235 0 0 255 142 0 0 0 255 0 0 255 255 0 255 255 255 255 0 24 38 255
    255 235 56 214 255 23 255 255 55 255 0 255 0 255 231 0 167 255 0 93
    63 0 255 255 255 255 255 0 255 217 74 125 190 255 0 255 0 194 0 255
    255 180 0 0 0 255 232 0 255 255 0 255 0 0 234 121 0 0 0 0 0 255 86 0
    0 255 0 25 255 255 240 0 255 255 0 255 15 255 0 163 0 255 0 233 255
    0 0 255 0 255 255 255 0 18 255 255 0 0 255 144 255 0 255 63 0 4 0
    255 70 255 0 0 255 0 255 0 255 42 107 0 0 61 0 0 0 24 84 0 255 0 255
    0 255 0 0 68 222 66 105 255 0 176 255 0 0 255 0 0 0 0 255 0 0 255
    255 255 0 0 255 0 255 0 255 0 255 0 255 255 236 255 0 0 0 188 114
    136 255 0 0 255 0 255 0 255 0 255 0 157 255 0 84 255 0 255 255 255 8
    0 38 0 255 0 0 255 0 255 137 0 0 255 0 255 0 255 255 1 0 0 255 255 0
    255 227 0 255 255 255 255 11 0 70 98 255 0 255 255 0 255 0 0 255 0 0
    255 255 0 255 255 0 0 60 0 155 212 0 255 0 0 255 255 0 0 255 153 255
    255 0 80 231 0 255 0 255 0 255 255 0 104 0 229 0 0 0 255 208 255 47
    66 0 0 255 58 0 255 255 55 0 40 255 255 0 255 0 255 255 92 190 255
    255 255 255 255 0 255 0 255 0 255 255 255 0 255 255 255 221 255 0
    255 0 0 255 45 255 0 255 255 49 89 119 109 255 0 255 255 0 197 255 0
    255 255 0 217 255 0 255 0 46 255 0 0 21 255 0 0 153 0 255 236 0 0 0
    255 0 0 0 255 255 0 255 255 0 255 0 255 0 44 255 141 255 0 255 255 0
    0 255 0 211 255 0 255 0 255 255 172 255 0 255 209 255 0 255 0 255
    255 228 30 0 167 117 0 255 0 255 0 0 255 0 0 255 84 224 0 255 255
    255 255 0 0 255 11 154 255 0 0 255 153 0 0 255 255 0 28 0 95 247 0
    154 206 255 0 247 159 0 0 0 78 255 0 214 0 255 0 209 159 0 255 199
    255 0 255 0 21 0 255 251 255 0 156 0 0 0 0 0 255 0 69 0 255 255 255
    47 0 0 255 0 255 255 255 0 255 255 255 0 255 0 0 255 0 0 255 0 255
    255 0 255 0 255 255 0 255 92 0 255 0 0 255 255 0 255 0 77 0 255 255
    0 255 0 43 255 0 0 255 0 0 255 0 255 0 246 255 0 0 255 0 0 11 0 0
    255 248 89 255 251 0 0 0 255 104 0 0 0 255 255 0 255 0 255 0 255 184
    255 216 0 150 255 0 0 255 107 26 0 0 0 64 0 0 167 255 0 255 0 0 255
    0 255 0 255 255 245 0 0 255 255 0 0 255 44 0 115 0 255 0 255 0 0 59
    255 0 48 255 255 0 0 0 255 2 0 0 255 255 0 255 0 255 255 255 193 0 0
    0 189 0 255 0 235 0 255 0 0 0 0 255 0 0 0 255 255 0 104 0 98 255 0
    255 73 220 0 178 0 0 0 255 255 0 0 255 97 0 0 255 0 255 0 236 0 255
    0 255 255 62 255 0 255 255 0 255 163 255 148 255 255 157 0 255 191
    255 0 255 255 255 255 255 0 192 255 0 255 255 63 0 0 134 255 247 149
    255 0 0 255 0 255 255 55 255 0 0 249 255 58 0 255 85 0 255 255 255
    22 0 255 0 255 0 0 255 145 255 0 0 197 0 43 255 0 0 255 0 45 141 255
    0 255 100 0 255 0 0 73 0 0 255 0 18 255 0 255 0 255 7 255 130 108
    255 0 0 255 255 11 255 0 255 0 0 255 0 255 255 0 191 255 19 7 255 0
    255 0 0 255 0 0 255 0 255 42 0 255 0 255 0 255 255 255 0 0 0 173 0
    255 81 255 0 0 255 0 255 0 0 255 255 0 255 0 255 0 223 255 0 255 255
    0 255 255 86 255 89 0 0 255 0 0 255 255 0 0 255 255 0 191 255 0 255
    255 0 110 255 255 125 0 255 13 0 255 103 115 255 255 0 255 32 0 0
    255 255 0 255 255 255 0 255 0 255 0 0 255 255 0 255 255 0 255 0 130
    0 242 128 39 255 0 182 53 255 0 0 0 0 255 0 0 255 255 255 255 0 255
    0 255 255 0 255 236 0 255 110 0 0 159 0 200 255 0 0 108 0 255 0 0 0
    0 255 165 0 0 255 0 0 0 0 255 0 255 0 255 0 255 255 0 255 0 0 255 0
    255 0 255 74 168 0 0 235 255 0 0 0 70 0 255 255 0 255 111 255 0 255
    188 0 255 255 0 214 0 73 1 255 255 105 238 0 90 0 9 62 255 0 68 78
    199 0 148 255 50 255 0 49 255 0 255 0 0 255 3 255 255 0 0 0 255 255
    0 105 214 0 0 0 255 0 255 82 186 255 4 218 255 255 0 255 255 0 180 0
    0 255 4 0 14 148 0 64 146 246 255 255 0 255 122 63 0 255 0 0 248 80
    255 0 255 0 255 6 255 255 255 255 0 255 255 255 0 255 0 255 0 255
    255 0 215 255 0 0 255 255 255 0 0 0 255 255 53 0 0 220 74 163 0 0
    224 255 204 0 255 255 16 255 107 4 255 128 255 255 0 255 255 255 0 0
    255 255 14 255 255 0 255 0 0 0 6 255 255 117 0 255 254 160 0 255 255
    165 0 124 255 165 0 0 255 77 105 0 255 0 0 255 0 255 0 0 0 255 0 255
    255 239 255 0 0 160 255 255 106 0 255 15 255 255 0 255 0 255 241 255
    255 0 0 255 255 0 255 255 157 0 255 153 62 0 255 0 0 255 255 34 0
    255 0 156 255 255 255 255 41 42 255 255 94 255 184 122 0 255 121 255
    255 0 126 255 255 0 255 0 114 0 255 255 0 156 0 255 121 255 255 218
    255 0 255 0 255 0 255 255 0 0 0 255 255 255 255 255 0 255 0 255 0
    255 0 164 50 255 0 219 0 172 0 149 0 191 35 255 64 0 47 255 255 0 0
    255 0 255 255 0 0 0 255 255 0 183 255 193 255 68 0 228 255 0 0 251
    255 0 0 255 0 255 131 0 203 0 255 0 0 255 0 190 255 255 0 0 0 255
    255 0 255 0 0 33 255 0 70 255 152 255 0 255 255 0 26 0 255 255 0 255
    94 12 255 0 255 0 255 255 0 0 240 255 255 255 141 255 0 255 255 0 0
    0 255 255 0 0 0 255 0 255 0 77 255 197 250 255 0 0 255 255 0 0 0 255
    255 0 255 0 255 182 255 0 0 10 255 255 72 255 0 30 0 0 255 39 164 0
    255 0 0 0 255 92 255 0 0 0 255 255 255 0 255 255 112 0 255 0 0 223 0
    255 0 135 0 255 0 255 0 255 0 255 0 255 255 0 0 18 76 255 0 125 255
    239 255 33 234 0 0 87 255 0 255 0 0 0 255 0 0 255 0 0 255 0 0 255 0
    255 175 201 0 255 0 238 255 0 0 255 0 0 255 255 0 255 0 0 14 0 255 0
    255 0 255 0 0 0 0 0 0 151 178 215 255 0 255 255 255 0 255 255 255 0
    83 0 0 255 0 255 0 0 0 255 255 0 0 255 0 255 0 255 0 0 0 255 255 0
    255 255 255 0 172 255 255 32 0 255 0 82 0 0 0 255 229 255 0 255 255
    0 255 255 0 208 75 0 255 0 241 182 0 255 0 255 0 255 255 0 255 0 180
    0 255 0 255 0 0 0 255 0 255 0 243 255 14 0 0 255 0 255 0 255 0 0 230
    86 0 255 255 255 0 255 0 230 255 255 85 0 76 255 0 255 145 255 0 196
    255 0 0 115 255 3 255 255 0 255 176 255 0 154 255 255 122 255 0 0
    137 0 255 255 255 0 255 0 255 0 255 14 72 8 192 255 0 255 0 255 255
    255 0 255 255 0 0 50 0 0 255 189 252 0 255 59 255 0 255 0 0 0 255 0
    255 255 0 0 255 255 124 255 255 255 0 65 255 0 239 255 0 0 196 62 0
    255 255 255 255 255 102 0 66 22 255 255 0 240 0 0 255 255 255 0 255
    255 0 255 95 255 0 255 0 255 0 0 255 0 255 255 0 255 255 255 0 116
    94 98 255 255 255 0 90 0 255 255 112 0 0 255 0 255 0 255 0 255 255
    145 255 255 0 43 255 0 255 69 10 0 255 0 255 0 255 255 0 255 0 0 97
    22 131 68 0 255 255 0 0 255 255 0 255 255 255 253 0 0 24 255 255 0
    255 85 255 0 0 27 0 255 0 255 255 0 255 16 211 24 255 0 188 0 0 255
    255 145 0 0 255 0 255 255 255 255 251 0 255 113 0 255 255 0 255 0
    142 69 255 83 255 0 255 0 0 255 255 0 131 0 0 224 255 52 0 0 255 0
    255 229 0 255 3 255 0 117 255 0 255 175 0 0 0 255 0 145 0 0 255 32
    255 255 0 255 0 132 255 0 0 255 255 0 255 0 255 0 129 0 0 0 0 255
    255 0 255 218 255 0 255 255 64 255 19 255 255 100 0 188 0 126 255 0
    0 0 255 0 255 0 255 255 0 29 255 0 255 0 0 255 255 0 255 0 255 255
    255 255 0 0 70 255 0 255 0 97 226 0 255 255 0 161 0 13 0 100 0 0 255
    253 255 0 0 255 255 0 255 138 0 255 0 255 0 0 0 39 0 255 0 0 255 219
    0 0 255 255 0 0 255 0 255 0 230 0 255 167 255 0 255 0 0 255 0 237 0
    255 0 255 255 0 255 44 102 255 0 255 0 225 255 255 0 255 0 0 255 0
    165 255 255 0 0 145 0 0 0 0 255 0 255 0 255 0 255 242 255 31 142 74
    255 0 0 255 204 138 255 0 0 113 0 51 128 0 255 0 0 0 126 255 255 255
    255 0 88 0 255 255 98 255 0 67 0 181 0 255 130 0 0 255 0 255 0 255 0
    0 0 255 0 0 255 47 0 187 255 255 0 255 0 0 255 0 255 24 255 255 0
    255 0 255 0 0 0 255 0 255 0 255 0 255 186 0 131 255 0 219 255 255
    255 0 0 255 255 58 0 0 255 81 255 73 180 255 0 255 98 0 255 0 255
    255 0 255 255 0 141 111 255 255 76 103 255 217 255 0 211 150 255 255
    0 136 36 212 170 255 0 0 255 0 255 255 72 255 255 0 0 255 152 0 255
    255 0 255 0 255 0 0 204 255 255 78 229 0 255 151 255 0 0 207 0 255
    50 209 75 255 255 255 37 255 211 255 0 255 200 31 0 198 255 0 255 0
    255 0 190 0 0 255 0 140 0 255 255 255 255 0 255 80 0 0 255 255 0 255
    255 0 30 0 0 255 0 0 0 0 255 250 255 255 0 255 255 0 0 255 24 0 255
    0 255 255 0 255 255 255 77 255 0 88 0 255 132 110 173 0 0 0 21 255 0
    255 255 0 0 249 0 255 95 255 58 255 0 0 255 53 194 0 255 255 0 0 255
    0 235 255 123 0 127 217 0 255 0 255 255 199 0 0 255 0 255 253 255 0
    255 0 255 255 0 0 255 115 211 255 0 255 255 0 137 255 0 0 255 0 255
    226 255 147 0 112 255 255 255 0 255 0 255 0 255 0 255 255 0 255 0 0
    128 0 255 255 0 0 255 0 255 255 0 0 0 255 255 0 255 255 106 0 255 0
    255 0 0 115 255 255 255 255 0 0 255 255 90 0 255 0 0 255 255 0 0 67
    0 255 255 0 255 0 255 255 0 0 0 49 105 0 90 141 0 174 149 255 255 0
    255 255 255 255 0 255 0 255 0 255 0 207 0 0 255 0 0 0 255 0 0 255 0
    255 0 255 0 0 255 175 255 0 0 0 255 0 68 255 32 0 0 255 0 0 255 66
    200 0 255 255 0 255 194 226 255 0 196 0 29 0 4 0 255 144 255 0 255
    255 215 255 0 255 0 255 0 255 0 255 255 255 0 228 156 255 76 255 255
    0 157 0 225 0 255 255 0 255 255 255 255 255 0 255 255 0 255 0 0 0
    255 114 0 255 181 0 176 255 0 255 19 0 0 255 255 0 255 0 0 255 255 0
    255 0 0 255 22 0 255 0 255 0 8 255 49 0 247 0 255 0 0 0 0 0 255 255
    0 0 223 0 255 39 0 173 0 0 0 29 0 255 0 209 0 255 255 0 0 0 0 255 0
    255 0 51 255 255 0 0 135 129 87 168 255 0 0 0 255 255 0 0 0 0 255
    255 0 0 0 0 202 91 0 255 255 0 255 255 23 0 255 0 0 255 167 255 0 0
    0 255 0 178 255 0 0 201 56 255 0 255 0 0 255 0 255 0 255 0 255 255
    255 255 0 255 255 238 0 0 0 255 75 0 255 0 0 255 0 0 255 0 92 0 118
    255 181 255 0 255 158 183 255 255 0 0 255 124 255 255 0 255 0 81 0
    255 123 0 75 0 255 0 255 255 0 255 0 0 255 103 0 0 255 0 0 0 98 255
    255 255 0 255 130 0 255 255 0 255 0 0 255 0 255 255 61 0 4 176 0 0 0
    255 0 255 168 255 0 0 0 255 255 0 255 0 20 255 255 18 0 255 255 99
    255 255 255 255 121 255 255 255 146 0 255 255 0 255 247 148 192 171
    255 255 255 255 0 255 0 255 0 249 255 0 0 255 255 255 0 255 255 255
    0 255 154 255 147 255 0 0 0 255 255 255 214 255 0 80 0 255 0 255 0
    238 0 255 255 255 255 255 0 0 0 248 255 62 0 255 255 255 0 255 0 0
    255 255 255 0 0 0 255 0 255 255 0 123 255 33 255 0 255 0 232 7 30 0
    255 255 0 0 0 0 255 0 0 255 60 0 255 0 221 177 255 0 255 255 150 255
    255 13 0 255 0 255 0 255 255 0 0 139 114 255 0 255 0 255 0 255 0 0
    255 255 255 0 0 255 0 255 0 255 0 255 255 0 255 255 217 255 0 255 0
    255 95 0 255 255 0 255 0 0 50 0 0 196 255 0 0 241 0 0 255 23 255 147
    255 191 70 0 255 0 94 0 255 0 255 253 0 137 255 255 0 255 255 255
    255 0 255 0 212 0 0 0 48 42 0 217 2 0 255 26 255 0 255 0 30 255 0
    121 0 255 0 255 115 0 0 255 135 0 35 0 255 216 0 0 255 0 255 0 0 118
    0 0 0 0 0 0 255 0 100 0 255 0 132 0 255 0 154 0 255 0 0 69 0 0 255 0
    230 255 0 255 0 0 255 0 255 0 255 0 255 0 0 0 0 0 242 255 0 210 0
    255 4 0 109 0 255 0 255 255 0 118 93 0 255 0 0 212 0 255 255 0 255
    255 255 0 255 20 40 255 0 255 255 0 255 0 255 255 230 255 0 0 0 255
    0 255 0 255 0 255 255 0 0 146 255 0 226 0 255 211 0 255 175 255 0
    121 64 0 255 255 100 109 79 255 255 255 0 255 255 0 255 201 255 11 0
    255 255 255 0 0 0 165 0 255 255 255 255 255 0 0 0 255 241 0 51 0 255
    0 168 0 255 0 0 211 0 0 255 0 255 0 156 226 0 0 36 61 255 194 255
    255 255 0 255 0 255 255 173 0 255 0 0 255 0 255 255 146 0 0 255 0
    242 255 255 0 255 255 0 0 179 255 0 255 0 0 195 255 120 255 174 255
    0 0 48 0 255 255 0 255 0 0 0 255 0 255 255 255 255 255 93 255 0 255
    255 0 255 255 0 255 0 0 255 255 0 255 255 255 0 255 255 0 255 60 255
    147 0 255 166 0 255 0 23 255 255 255 0 255 255 0 255 255 111 0 38 0
    255 0 255 221 0 255 255 16 0 255 0 0 51 85 255 178 155 0 0 0 0 255 0
    0 0 255 255 0 0 255 77 0 255 255 0 255 255 0 255 255 255 0 25 0 0 0
    0 43 0 0 255 0 255 255 171 0 0 255 0 0 255 0 102 255 255 255 255 255
    0 187 255 0 0 0 0 255 0 0 255 151 0 255 83 255 220 0 255 0 255 255 0
    255 58 0 255 0 211 255 0 255 0 255 0 255 0 0 0 167 0 255 255 0 255
    116 255 0 0 86 0 255 82 200 0 142 0 0 255 0 0 255 0 255 160 0 255 0
    0 255 0 0 0 0 255 255 0 255 0 0 255 255 0 255 174 255 0 255 0 226 0
    0 0 0 160 0 0 255 0 82 0 210 255 105 255 0 0 255 0 255 0 255 255 0 0
    255 0 255 0 255 255 251 255 255 233 255 0 0 0 255 26 255 255 0 255
    255 255 0 0 255 40 220 0 255 255 0 255 0 19 0 255 22 255 0 255 0 255
    166 0 255 0 255 255 0 255 30 0 33 255 0 0 255 0 255 0 255 48 255 255
    84 0 0 255 0 0 142 94 255 13 179 0 255 0 255 0 0 0 255 0 255 255 0 0
    255 0 255 0 255 0 90 9 0 255 166 0 0 255 0 170 0 0 0 255 0 0 0 255 0
    100 255 255 0 255 0 185 255 222 201 255 151 50 0 18 236 255 0 255
    255 255 147 0 6 255 34 0 0 255 0 255 0 117 255 208 0 0 255 0 255 126
    188 0 0 201 0 0 255 140 255 220 106 255 0 255 255 0 0 249 255 0 0 54
    255 13 0 255 0 0 0 255 0 255 255 255 255 255 0 0 255 224 255 255 0
    255 255 17 0 212 190 255 255 0 255 0 255 0 25 255 255 255 255 0 0
    255 72 255 0 0 255 255 0 0 38 255 0 0 0 255 255 0 255 13 0 0 159 255
    255 255 255 0 248 0 255 0 0 255 0 255 238 0 255 0 0 255 255 0 229 0
    87 0 0 255 255 222 255 0 255 0 255 0 0 255 0 0 255 202 0 255 186 255
    0 0 255 0 255 255 243 0 255 0 5 0 255 255 241 120 0 0 0 97 115 0 255
    151 0 255 255 40 0 255 255 255 255 0 0 0 255 255 0 255 0 255 0 74 0
    0 0 255 0 255 0 55 255 137 208 255 0 255 255 0 255 0 255 0 140 255 0
    255 120 91 149 0 255 255 255 255 225 15 255 255 0 255 141 255 255 0
    0 255 0 13 255 255 0 180 255 255 255 0 255 60 0 110 255 0 0 0 214
    177 0 0 255 255 0 0 255 0 255 0 0 255 0 255 0 255 138 37 0 0 40 255
    0 255 255 0 104 230 255 0 0 255 74 255 0 255 0 150 198 255 255 255
    255 255 0 0 255 147 0 210 255 0 0 0 255 213 108 0 44 255 255 108 0
    14 0 255 13 0 107 255 0 255 0 0 253 0 166 0 174 0 255 85 77 255 202
    255 0 0 255 126 255 0 255 89 255 0 0 255 255 255 0 255 0 255 0 255
    53 0 0 255 74 255 255 255 0 255 238 255 0 207 255 0 0 255 255 255 0
    255 206 192 3 88 0 255 54 0 0 0 115 0 125 0 255 191 255 130 0 108
    249 255 0 255 255 0 255 220 188 209 255 255 0 255 0 0 255 0 0 58 0
    15 255 0 175 0 255 85 54 0 0 255 0 255 0 255 0 255 0 255 255 160 255
    1 255 0 255 139 255 0 190 255 255 255 0 113 255 0 0 255 255 0 255
    255 0 0 0 255 255 83 103 199 0 101 251 0 255 96 46 255 255 0 226 0
    255 255 0 255 255 0 255 0 192 0 255 255 0 191 0 0 0 199 99 255 255
    255 0 255 255 0 101 0 0 189 0 255 0 0 0 255 0 0 0 255 0 197 89 0 255
    255 0 0 0 255 65 0 0 255 255 0 9 0 0 255 255 255 166 0 32 255 0 0
    255 0 26 0 255 0 28 255 32 0 0 255 86 0 0 255 13 0 0 255 43 0 255
    255 0 8 194 255 0 255 183 0 0 255 0 255 0 255 0 255 252 52 0 255 0
    255 255 255 0 0 255 255 0 0 0 255 161 0 255 255 66 255 0 55 255 0
    255 0 0 0 255 0 255 0 255 255 0 255 255 69 0 255 255 0 0 255 0 0 255
    0 255 86 76 0 255 255 27 255 0 0 128 0 255 255 0 255 0 185 64 130 0
    255 0 255 0 255 155 0 255 109 121 255 0 255 80 255 0 255 251 2 0 255
    0 0 255 40 255 255 0 0 255 0 22 0 0 0 0 255 0 231 0 135 0 255 0 255
    0 255 255 119 13 0 255 102 255 30 0 0 255 0 255 0 0 0 255 0 162 255
    0 255 0 255 204 255 0 0 210 0 255 255 0 0 255 0 255 0 255 46 0 0 255
    202 255 86 255 255 255 0 255 0 212 0 198 255 255 255 255 63 229 255
    0 0 0 0 255 106 0 255 255 0 255 255 198 0 255 255 0 0 255 215 255
    255 174 0 0 255 255 0 0 0 231 255 0 0 255 255 68 255 255 0 255 199 7
    255 255 221 0 255 198 255 255 0 133 255 0 127 255 0 255 0 255 255
    255 183 0 255 0 148 255 255 149 0 160 255 0 0 255 0 16 194 255 0 255
    0 255 255 0 0 255 255 255 0 255 255 0 0 0 0 255 0 134 255 164 255
    255 0 255 0 0 255 0 255 0 255 85 0 255 0 255 210 233 255 0 255 255 0
    0 255 242 0 0 17 255 255 255 255 45 47 255 0 255 0 255 55 255 195
    230 0 133 255 255 255 0 255 133 255 0 0 255 255 0 0 109 25 0 255 255
    255 255 0 64 255 203 90 255 6 0 253 136 255 255 79 255 251 255 157
    255 0 0 255 255 0 255 0 0 149 255 255 139 255 0 255 255 255 0 0 255
    0 255 32 255 255 0 255 255 0 255 126 255 0 255 255 176 255 0 248 255
    0 0 0 0 255 193 29 255 0 84 239 0 227 139 0 0 255 0 254 0 255 0 0 0
    0 0 255 0 0 0 245 255 21 0 255 0 255 0 255 0 0 255 0 255 0 45 0 160
    227 0 0 255 255 171 0 0 154 146 0 255 192 255 255 71 0 255 255 0 0 0
    255 243 0 255 0 255 255 0 32 0 96 255 0 255 0 255 0 255 115 174 0
    255 0 255 145 255 49 0 255 255 0 255 171 0 255 0 255 255 0 0 0 0 0
    255 0 0 255 255 230 0 255 0 182 255 0 255 0 255 246 247 0 0 255 255
    0 0 255 255 33 11 0 255 88 0 255 0 0 255 170 255 82 0 255 0 255 255
    0 0 0 255 0 0 49 255 0 8 255 255 227 0 255 0 170 255 0 241 255 81
    150 0 255 255 255 255 0 12 215 255 0 255 0 255 47 255 255 8 0 255 31
    255 0 141 255 0 255 255 255 255 255 0 255 0 212 255 0 228 255 255
    140 28 255 82 0 1 255 0 255 255 0 255 255 255 0 255 0 0 255 0 255 53
    218 0 0 255 255 0 255 255 30 255 0 149 255 217 255 255 255 255 255 0
    200 255 99 0 59 255 255 0 255 0 255 229 208 0 182 255 243 189 0 255
    166 255 0 0 255 255 255 0 0 255 255 0 255 255 0 255 255 0 255 166
    255 255 0 179 247 0 0 0 255 0 255 165 0 255 191 67 114 0 255 0 155 0
    0 93 255 255 0 25 255 0 36 0 0 12 255 255 0 255 124 255 255 0 255
    255 191 0 0 206 255 0 0 0 255 0 255 0 0 64 255 255 0 0 0 255 255 134
    137 255 145 111 255 162 0 0 0 82 0 255 0 255 255 0 72 255 0 220 255
    255 0 0 255 0 0 133 255 255 0 255 0 255 255 0 0 255 0 0 62 61 255 0
    255 0 0 0 255 221 255 33 0 0 107 255 0 0 255 255 21 255 18 143 0 255
    28 255 0 255 0 255 255 73 228 255 255 220 0 0 255 0 0 255 255 0 255
    0 120 255 0 255 0 0 247 0 255 0 0 255 0 235 0 255 255 255 255 0 118
    0 0 255 255 255 226 91 0 255 0 255 0 0 0 255 0 0 255 224 0 0 255 19
    214 0 192 24 255 0 255 0 255 255 255 219 112 0 0 255 255 0 0 255 0
    255 0 0 56 0 255 161 0 0 255 0 0 255 0 148 255 0 255 0 255 0 44 0
    189 0 0 220 255 0 255 0 143 0 0 255 0 15 214 202 255 0 255 186 0 145
    49 255 85 255 44 121 255 0 255 255 0 255 255 0 255 0 154 0 255 0 0
    22 0 255 0 0 0 0 255 0 255 26 90 255 255 132 255 255 0 0 255 255 0
    255 0 255 0 255 255 231 0 255 0 150 0 255 0 255 0 255 255 214 255 37
    255 255 0 0 255 0 159 0 0 255 0 0 0 255 65 255 128 255 210 47 0 255
    0 255 255 0 255 172 172 255 255 185 255 0 0 255 0 128 0 0 255 255 0
    255 255 255 0 255 71 0 255 140 255 142 0 0 29 0 0 239 0 255 0 0 255
    43 0 0 0 255 0 0 255 255 88 0 255 0 255 0 0 255 0 0 255 0 255 41 50
    255 0 255 255 255 0 0 255 0 0 255 0 255 255 0 255 0 255 0 0 136 0 0
    255 0 255 255 122 79 255 255 0 56 177 221 255 0 255 255 0 255 0 255
    0 255 0 0 168 255 255 218 255 0 0 255 122 0 0 255 0 255 0 255 0 255
    0 0 255 0 0 0 255 0 255 255 0 255 255 255 0 255 79 255 255 0 0 255 0
    147 0 0 0 255 255 255 0 0 171 0 0 255 255 149 121 0 255 0 171 0 255
    255 114 0 255 0 255 126 94 0 42 146 0 255 255 149 255 0 255 255 0 79
    0 255 83 203 0 0 0 255 0 0 255 0 255 0 0 255 255 91 255 0 0 0 255 0
    255 0 37 255 0 0 0 0 176 0 255 10 255 0 0 255 255 0 255 0 0 0 255
    219 37 0 0 0 255 0 255 255 0 0 255 110 2 255 255 0 182 255 0 0 255 0
    255 255 0 220 0 148 44 0 255 0 0 255 0 255 0 172 0 255 0 64 0 255 0
    0 255 255 255 0 39 255 0 219 168 255 255 0 150 255 255 0 124 255 101
    0 0 255 255 0 255 255 0 255 0 255 156 0 255 0 255 0 23 255 255 255 0
    255 61 133 0 0 0 65 255 134 138 0 255 0 255 0 0 0 0 255 0 174 221
    255 93 239 0 208 179 0 255 255 255 0 49 255 0 0 255 0 0 54 0 255 0 0
    255 41 0 0 255 0 255 0 0 0 255 0 0 255 154 255 0 255 0 255 159 216 0
    255 255 255 0 0 0 120 255 255 0 255 0 102 255 0 0 255 255 0 255 109
    0 0 255 0 255 255 0 255 241 255 255 255 0 255 0 23 0 0 255 0 255 0
    255 0 89 0 215 255 188 0 0 0 82 152 255 0 255 255 255 0 255 0 255
    255 0 255 255 0 255 0 0 255 255 39 0 255 0 255 226 255 0 255 255 255
    0 255 0 0 94 0 0 255 0 31 0 255 255 0 0 0 255 0 255 0 255 255 0 0
    255 0 35 0 255 31 0 255 0 0 0 255 0 255 0 0 221 29 17 0 0 0 249 0
    255 0 153 0 255 0 255 0 255 41 255 0 0 255 0 255 208 0 255 29 255 0
    255 0 255 219 255 0 255 255 0 222 0 255 255 255 0 255 66 145 0 0 0
    255 0 255 255 67 0 0 98 6 0 255 0 83 197 0 255 255 255 0 0 255 0 0
    255 198 255 0 255 255 0 0 94 255 0 255 255 0 0 255 0 0 124 0 255 0
    255 255 0 190 0 0 255 0 177 58 98 255 0 0 255 255 0 255 0 255 255
    236 255 0 255 0 255 0 255 0 167 0 255 0 204 44 255 0 255 0 191 255 0
    63 0 205 255 0 255 0 138 255 0 255 0 40 0 255 0 0 255 0 255 0 255 0
    2 255 0 0 255 255 0 255 0 1 255 0 0 255 0 255 255 255 106 40 255 255
    255 0 216 108 0 3 0 113 0 255 203 0 255 60 0 255 109 255 255 0 0 255
    255 255 207 255 255 0 0 211 0 35 255 0 255 0 113 147 255 0 255 0 255
    0 55 0 195 255 255 0 110 255 0 0 114 18 0 255 255 0 255 0 0 0 0 255
    0 190 254 0 255 0 255 188 153 255 247 211 255 0 0 0 189 255 0 0 0 51
    0 229 92 255 1 21 215 206 0 255 0 0 255 0 255 190 0 194 0 24 28 0 0
    0 255 0 222 0 255 0 255 255 251 255 0 0 255 255 0 0 255 0 255 255 0
    255 230 255 0 255 255 0 0 119 255 0 255 195 0 193 255 110 0 255 0
    255 0 255 183 0 255 255 0 0 255 255 0 255 0 255 124 114 0 255 0 255
    0 196 255 0 255 207 0 255 0 255 255 120 169 255 0 255 0 224 0 255 0
    255 0 0 255 0 0 255 209 0 169 0 147 0 0 0 255 61 223 0 0 255 0 255
    222 46 255 0 28 253 255 255 0 234 0 255 94 0 218 255 180 0 255 255 0
    255 0 0 255 242 0 141 255 0 255 255 255 0 29 255 0 0 255 0 255 0 255
    0 255 0 4 247 0 0 0 184 255 255 0 0 0 32 255 252 255 255 0 0 0 0 244
    255 255 0 255 145 0 255 37 255 255 79 0 255 0 255 255 255 255 255 0
    0 255 30 76 255 0 255 90 0 0 255 255 255 255 0 255 0 42 0 183 0 0
    255 72 0 255 0 203 0 255 57 0 0 211 239 0 255 98 230 255 0 255 0 255
    9 246 255 0 255 255 255 0 0 255 255 0 255 255 174 232 255 255 255 0
    165 255 140 0 255 0 60 170 0 255 255 0 255 255 255 132 255 0 255 0
    255 0 0 255 0 0 255 255 0 0 255 255 255 255 0 0 255 0 0 255 0 67 255
    255 0 255 0 19 255 255 0 255 0 0 0 45 0 255 255 255 255 255 255 41
    255 0 224 0 0 255 255 0 0 0 225 144 255 255 255 45 255 255 189 195
    150 0 255 19 0 255 190 255 0 255 0 255 255 0 255 210 255 255 37 255
    0 0 0 255 255 36 101 255 0 255 0 255 0 125 255 0 0 255 0 255 255 184
    0 44 0 0 255 0 0 255 0 255 13 0 255 255 255 6 0 255 255 0 255 0 255
    0 0 255 0 255 146 255 18 255 0 0 255 63 0 255 0 0 96 0 0 255 255 107
    255 0 0 0 255 0 0 255 255 0 244 255 0 255 104 0 0 76 255 255 242 0
    255 0 255 255 71 0 255 138 0 126 255 0 255 43 255 0 255 0 255 255
    211 0 255 255 49 15 184 0 255 255 0 255 255 255 165 255 0 90 255 0
    255 0 255 0 0 255 255 0 0 255 64 0 255 255 255 0 113 255 0 0 0 255
    255 0 255 164 255 0 0 0 255 46 255 98 255 0 0 0 59 255 255 0 255 255
    255 0 255 0 0 0 255 206 0 255 0 255 0 217 0 255 255 86 255 173 114 0
    255 0 255 0 255 0 0 255 255 0 255 255 191 0 0 255 255 0 8 255 79 0
    255 0 139 0 19 255 255 0 240 0 255 0 227 0 255 0 0 255 39 255 0 255
    246 255 255 0 0 69 255 0 0 0 0 255 205 0 0 0 255 0 255 0 149 105 0
    255 255 0 255 0 237 255 252 255 0 255 255 0 202 0 255 255 255 0 255
    255 49 255 0 116 0 191 134 0 224 0 170 255 134 0 255 41 0 255 248 0
    255 255 255 38 0 0 255 255 255 0 255 0 255 227 21 255 255 0 255 0
    255 255 255 169 105 255 139 104 0 0 255 255 0 0 255 0 255 0 0 193 0
    36 255 0 0 0 48 255 0 0 255 242 255 255 0 255 0 255 255 255 195 255
    212 243 0 0 133 0 255 195 218 0 255 255 0 0 100 255 0 255 114 255
    255 0 0 0 213 255 0 255 255 0 0 255 0 0 255 255 0 0 255 103 67 122 0
    0 255 0 225 255 255 255 0 63 255 255 255 0 255 214 255 255 0 255 0
    255 0 0 255 255 0 255 255 255 37 255 0 0 255 231 255 255 0 0 0 173 0
    255 255 0 165 255 0 255 255 0 0 207 255 0 255 0 255 255 136 0 255 0
    255 255 0 255 0 0 255 0 255 81 255 76 0 255 37 0 0 255 60 0 0 0 0
    255 93 0 135 255 0 255 0 255 71 0 0 248 0 255 255 233 63 211 255 0 0
    0 255 255 0 255 0 255 229 0 0 0 255 255 0 255 0 0 0 255 0 255 0 255
    24 255 255 0 255 0 255 0 255 0 108 255 0 35 255 140 255 0 255 255 0
    255 19 0 255 100 255 0 255 255 0 255 255 0 255 255 0 0 0 255 255 0
    255 247 0 255 255 255 238 117 0 255 80 255 0 17 255 255 49 255 0 145
    255 0 209 255 255 0 0 255 0 255 255 0 255 0 118 0 184 0 0 33 255 255
    0 255 255 255 33 255 255 255 255 0 255 255 0 0 0 247 255 103 245 255
    0 38 0 0 255 252 255 255 91 255 0 255 0 255 0 255 87 0 220 0 255 0
    255 255 255 0 255 0 255 145 0 88 0 241 255 0 255 0 255 0 255 171 0
    255 0 255 0 0 255 0 0 94 255 0 255 238 255 255 0 0 255 255 0 255 255
    75 0 255 118 70 255 195 7 255 0 255 0 26 0 255 0 255 255 255 0 204 0
    0 255 255 255 255 0 255 170 39 0 255 0 255 0 0 255 0 255 255 255 214
    255 0 0 128 0 0 255 0 255 255 255 252 0 0 255 0 255 0 0 255 255 255
    0 255 245 0 255 227 232 255 0 255 0 171 211 0 255 181 255 0 255 8 36
    230 0 0 255 210 122 255 255 0 52 0 255 0 204 0 0 59 0 0 255 0 255 0
    255 0 0 0 255 0 255 0 0 255 0 139 144 91 255 36 118 98 0 255 0 255
    255 0 0 255 0 0 255 0 255 0 255 255 0 0 255 0 255 255 0 0 93 0 0 0
    255 255 255 81 110 0 255 255 243 255 202 0 0 207 255 188 0 0 225 0 0
    214 37 255 0 255 0 0 105 255 255 0 255 91 255 255 255 158 255 0 231
    255 0 255 164 0 0 255 255 0 0 255 0 0 255 0 0 255 0 255 0 255 0 255
    219 0 255 143 232 255 0 0 0 255 0 255 96 255 172 0 255 0 0 0 255 0
    255 123 248 222 0 255 0 74 255 0 255 255 8 0 120 0 255 0 255 0 0 0 0
    255 0 0 0 0 255 228 0 255 0 86 0 0 255 0 255 0 255 0 255 0 255 0 255
    0 255 255 0 168 0 255 0 245 89 0 255 62 0 255 0 255 86 255 0 255 255
    255 0 255 0 0 159 0 255 87 0 8 255 160 255 255 255 0 255 73 255 0 98
    0 255 114 255 255 0 255 0 255 0 255 255 0 255 166 0 0 0 255 255 49 0
    0 255 255 0 141 255 153 255 0 0 255 255 0 249 244 89 255 0 61 0 255
    0 255 0 0 188 197 0 255 255 255 0 162 159 0 255 0 255 255 255 0 255
    255 0 0 185 0 255 0 0 0 255 0 255 255 154 255 0 255 54 255 0 255 82
    66 255 0 25 255 255 110 255 255 255 255 0 255 0 255 0 0 0 0 0 180 43
    255 0 0 180 0 62 0 0 255 93 109 0 255 0 255 0 255 109 0 255 255 42
    255 0 255 0 255 0 0 101 0 0 210 134 0 0 0 107 163 255 0 255 0 255 0
    255 0 255 0 255 0 137 46 0 255 169 255 0 0 0 255 0 255 255 30 0 255
    0 255 223 255 0 255 0 255 0 255 255 0 255 0 255 255 255 0 154 255
    255 0 255 0 255 255 255 0 255 0 0 255 0 255 0 255 0 0 255 0 0 0 0
    255 189 255 255 233 45 3 15 255 255 0 255 0 255 0 35 0 0 0 255 255
    218 0 255 255 255 0 255 0 255 77 255 255 0 255 0 219 255 255 0 255 0
    0 255 0 255 0 255 226 52 112 255 255 117 0 255 0 0 255 255 87 0 0
    255 0 255 22 0 255 157 255 0 255 0 255 0 255 0 0 241 0 0 0 137 255
    255 0 255 67 214 255 27 255 255 0 255 0 255 190 0 255 0 20 138 255 0
    255 0 255 255 0 255 0 0 0 107 0 178 255 255 0 255 0 0 0 62 0 0 0 255
    255 255 0 0 255 0 255 0 0 211 167 255 255 61 255 0 0 255 255 0 191 0
    0 255 0 255 255 0 255 255 0 255 0 133 255 0 159 0 255 0 0 255 0 255
    0 255 255 0 255 162 255 0 255 255 219 0 0 255 255 0 255 255 0 0 255
    0 255 0 255 0 255 0 255 238 255 255 0 255 0 255 0 255 8 255 205 0
    243 52 0 255 255 255 255 0 0 255 0 0 162 255 255 110 0 0 255 0 255 0
    255 0 193 0 255 0 0 255 0 255 0 255 0 255 0 197 167 0 255 255 0 0
    255 181 255 255 0 0 255 0 255 0 0 255 0 255 0 255 6 0 255 211 0 0 0
    0 0 233 255 0 208 0 0 255 37 255 0 255 255 154 255 0 255 1 0 255 0
    255 0 0 255 157 255 0 0 167 255 0 255 0 222 40 255 255 0 0 0 255 0
    255 0 178 0 255 0 255 255 70 255 149 64 255 46 78 255 255 0 255 0
    255 255 255 124 0 0 255 8 255 0 255 0 255 77 255 255 0 0 204 0 255
    255 192 0 255 0 0 255 0 255 0 255 255 0 255 0 255 172 255 0 255 255
    0 0 9 0 255 113 52 255 0 0 107 255 0 255 255 0 255 21 255 208 0 255
    255 0 62 246 255 255 0 255 0 108 173 255 245 0 255 255 0 255 212 0
    255 255 0 104 0 255 255 148 0 255 255 255 255 255 40 0 0 237 255 0
    255 0 17 0 0 255 255 255 255 0 68 120 0 255 255 0 0 255 255 0 0 255
    255 255 0 0 255 81 0 255 5 255 0 255 255 0 0 255 229 0 26 232 0 242
    255 140 207 255 255 255 58 18 255 0 213 255 0 203 255 255 230 255 0
    0 14 0 0 111 255 124 255 0 0 0 249 145 0 255 0 0 255 0 216 255 83 25
    199 255 255 208 141 255 218 255 0 229 255 0 255 119 255 0 0 255 255
    0 223 255 0 255 0 255 0 255 0 12 245 255 152 255 244 0 0 255 255 0
    212 0 0 255 0 215 255 0 1 210 130 0 255 0 255 255 255 0 255 0 0 0
    136 0 255 152 255 19 102 255 0 255 0 38 207 255 0 81 0 255 255 0 255
    158 255 58 0 0 255 0 255 255 0 0 119 0 255 0 0 44 0 255 186 255 0
    255 0 255 174 119 255 255 0 255 255 0 252 255 255 0 255 255 185 0
    255 0 255 53 255 0 255 255 0 255 0 255 157 0 255 255 255 0 0 0 133 0
    25 255 255 255 0 241 255 0 255 114 255 9 255 0 0 135 0 255 0 231 255
    0 255 255 0 247 198 255 255 0 0 188 255 144 255 255 255 255 31 255
    255 0 247 255 255 255 0 255 255 96 255 0 255 14 0 251 255 0 255 0
    255 0 171 255 255 255 0 255 0 255 255 0 0 204 0 0 0 255 55 17 0 255
    255 0 166 191 0 208 255 0 0 155 4 10 0 255 255 255 0 255 8 255 0 189
    0 0 61 0 57 255 0 255 0 0 40 0 0 255 0 209 0 255 0 25 0 0 255 225
    255 255 0 255 0 255 0 120 89 0 0 255 0 157 255 0 174 255 0 0 0 37
    220 223 255 0 206 4 0 0 0 88 255 255 255 0 14 0 0 255 0 0 198 20 255
    0 0 221 221 0 184 0 255 0 255 0 255 255 49 255 66 0 140 0 0 255 0
    163 255 255 0 255 255 0 255 255 0 212 142 255 255 0 0 0 255 0 255 67
    255 255 0 255 0 123 255 154 255 110 255 0 0 255 228 0 255 0 0 255 35
    0 255 0 255 158 0 0 255 0 245 255 0 0 200 167 174 255 0 255 221 0
    255 86 255 0 195 0 255 0 89 0 232 0 255 255 0 255 7 234 0 255 124
    219 255 0 255 0 0 255 0 130 91 255 0 23 255 0 236 0 255 255 111 23
    233 0 220 0 143 0 255 0 255 15 255 0 0 81 79 0 0 255 210 0 255 0 255
    0 248 0 160 0 68 255 0 255 0 255 240 0 255 0 255 255 255 0 223 255
    255 0 255 255 255 255 255 244 0 241 255 0 201 163 0 0 255 255 0 0 0
    255 0 255 0 157 255 255 197 0 255 0 255 0 0 0 255 255 0 255 255 63 0
    0 180 0 34 255 0 255 0 0 255 0 0 255 255 0 255 0 0 255 54 47 0 255 0
    255 255 255 255 0 0 255 0 255 0 255 255 0 255 0 255 0 255 0 255 0
    255 255 255 255 0 255 255 250 0 0 255 0 255 0 217 255 255 0 0 255 0
    255 255 5 181 0 255 255 168 0 0 0 255 74 255 255 0 255 243 0 255 0
    255 255 0 0 0 122 255 0 255 255 216 0 255 0 156 255 255 0 218 0 255
    255 0 0 232 0 149 15 255 0 255 0 255 0 255 255 250 160 255 228 0 255
    0 255 0 0 0 255 223 255 32 186 0 137 255 0 246 157 79 255 0 204 138
    0 0 68 255 0 255 255 255 0 0 255 0 255 184 0 0 0 255 0 255 255 0 0 0
    255 0 255 167 255 98 255 0 255 0 255 0 0 0 255 0 0 255 0 0 0 0 255
    242 0 255 0 167 0 16 57 0 58 0 255 0 255 255 0 255 0 0 36 255 0 0
    255 0 255 0 255 0 255 0 255 0 255 255 0 255 218 253 255 255 255 0
    199 173 0 0 255 0 0 255 255 0 0 0 255 0 255 0 255 13 255 213 0 111 0
    255 255 0 255 0 255 0 255 84 255 255 0 0 255 0 255 0 0 32 0 255 255
    255 0 255 168 0 190 255 0 0 255 0 0 255 0 0 255 0 0 0 255 0 0 255
    255 131 0 33 255 0 255 0 255 255 39 255 255 0 0 255 0 0 255 0 255 0
    255 255 0 0 0 123 0 0 0 255 0 255 0 151 9 255 255 255 0 132 255 44
    255 0 255 186 0 0 0 255 74 255 0 255 255 0 255 0 0 255 255 0 255 255
    0 0 255 0 0 255 199 0 0 53 0 255 255 70 255 156 0 255 255 0 255 0
    128 0 255 0 255 0 0 255 0 165 40 255 0 0 255 0 51 0 99 255 0 255 255
    0 255 0 255 0 0 255 0 255 255 0 48 255 255 0 255 0 0 255 0 0 0 44 0
    255 0 255 0 0 255 179 190 255 148 255 255 0 205 255 255 0 0 255 255
    165 0 255 0 0 255 255 119 0 0 173 255 255 0 0 255 255 0 0 241 47 0
    15 255 0 255 86 0 0 0 0 255 29 255 0 0 255 0 0 255 244 0 0 185 73 0
    255 0 255 0 255 0 255 98 0 255 255 0 0 255 255 0 255 245 0 0 177 94
    0 255 255 0 191 255 255 255 62 0 0 255 255 250 0 255 0 255 0 0 255 0
    0 255 0 0 0 255 255 0 255 0 0 0 255 255 255 222 255 255 255 0 0 0
    255 0 0 255 0 0 255 255 0 0 2 0 255 44 255 0 243 244 230 255 0 0 255
    0 255 0 255 0 255 0 77 105 0 0 255 0 255 228 0 255 255 0 255 255 255
    0 255 0 0 255 0 0 14 255 255 255 68 91 0 255 255 0 255 140 255 0 0 0
    255 0 0 46 0 0 7 0 0 255 255 111 255 0 255 148 255 255 0 239 0 0 255
    0 255 255 255 224 0 0 255 0 151 0 209 255 255 0 0 75 0 255 0 102 255
    0 255 0 255 255 0 0 255 255 0 40 255 255 255 0 255 0 255 255 0 255 0
    255 255 0 255 105 255 0 0 0 138 45 255 255 0 0 255 0 255 0 122 199 0
    255 0 127 0 0 255 255 0 255 218 0 255 255 0 255 63 255 0 255 255 156
    255 171 255 0 255 248 0 141 150 255 255 111 97 255 0 100 255 255 0
    134 0 0 229 0 255 0 130 255 0 104 0 255 255 120 0 0 255 0 255 255
    170 108 255 0 255 0 255 0 224 0 255 255 255 233 67 255 255 255 0 137
    0 255 0 253 255 0 0 0 255 0 188 88 0 255 0 255 255 118 0 255 255 0
    147 255 0 255 255 0 255 255 0 0 255 255 255 85 172 0 255 255 0 240
    119 255 255 0 0 0 255 0 40 255 35 0 0 255 103 255 0 0 255 0 0 255
    255 255 156 255 122 255 0 0 255 0 0 0 0 0 3 226 152 255 0 255 143
    100 255 0 255 0 255 0 255 75 255 15 0 255 0 255 0 232 173 94 255 0 0
    13 255 255 0 0 245 0 255 0 255 0 255 203 47 0 250 255 255 255 0 255
    0 255 0 255 58 255 0 255 125 0 255 0 0 0 255 195 255 255 255 0 255 0
    255 255 0 188 255 255 0 255 0 255 255 255 255 0 157 0 255 255 0 255
    0 255 255 255 216 233 0 0 255 255 0 0 219 0 255 0 255 0 255 255 0 0
    107 0 0 255 0 113 255 0 255 0 255 0 212 204 0 255 255 0 255 0 255 0
    255 255 0 255 0 255 0 255 255 0 0 255 255 0 0 255 255 0 255 152 255
    0 0 255 0 255 0 0 255 0 6 0 0 0 255 0 255 224 201 210 0 255 0 31 0
    157 216 255 0 255 0 168 0 255 153 0 0 255 0 255 255 255 0 177 255 0
    0 255 0 48 176 119 255 0 255 255 255 0 255 255 0 0 255 0 0 255 0 0
    255 255 211 0 255 0 255 255 130 6 255 99 255 32 255 255 73 255 0 255
    0 0 0 137 255 255 0 134 255 255 255 0 255 255 0 0 255 0 0 0 18 255 0
    255 0 255 0 255 0 255 0 10 0 255 0 255 0 0 128 255 255 0 255 182 0
    255 90 255 255 152 0 255 0 247 255 0 0 232 111 0 0 0 255 255 0 255 0
    255 255 0 0 0 255 255 255 50 255 0 0 143 0 0 90 0 255 255 255 0 255
    0 255 0 255 255 0 64 0 0 255 13 0 182 255 184 99 0 0 0 255 255 194 0
    255 0 255 255 255 255 0 112 255 28 0 255 255 255 255 0 0 0 0 255 0
    255 0 255 0 223 0 55 0 255 255 0 0 255 0 255 255 167 0 0 255 0 255
    223 75 33 255 255 0 42 255 154 0 255 0 0 255 255 227 159 66 0 255
    255 0 255 255 163 0 255 255 255 84 102 0 212 255 21 255 3 255 0 0 0
    0 255 0 255 0 7 255 34 255 46 0 0 112 0 108 255 0 255 255 0 255 0
    255 133 0 255 15 0 0 255 227 0 255 255 0 10 0 255 255 0 255 0 227
    171 115 0 231 0 0 255 0 255 0 145 245 0 255 0 236 255 255 255 21 51
    0 78 255 147 0 255 0 36 24 0 0 255 255 0 0 255 255 0 0 255 0 255 0
    84 120 69 255 0 255 0 0 255 0 0 255 0 0 255 255 255 255 255 0 255
    140 0 255 21 100 54 0 255 255 0 0 255 255 255 44 0 255 0 255 0 255
    255 0 255 0 0 255 0 255 0 255 0 255 1 255 0 255 0 255 255 0 0 0 255
    255 0 255 255 255 0 0 255 0 0 255 0 255 134 255 255 0 100 153 255 0
    255 255 255 0 0 0 255 0 40 0 0 0 255 0 255 255 0 255 0 57 0 0 0 0
    185 255 0 255 0 190 255 0 255 0 39 28 0 255 0 0 255 0 0 0 255 0 0
    138 255 65 21 0 255 255 66 0 255 255 0 0 255 0 255 0 255 0 255 255 0
    255 255 123 0 255 0 173 255 147 0 0 255 186 0 255 255 219 169 255
    255 0 255 0 255 0 0 255 0 255 78 118 255 255 0 90 119 0 255 255 0 0
    255 255 0 255 255 0 0 209 255 205 255 0 0 255 255 0 7 255 255 0 255
    255 226 255 0 0 255 0 255 0 152 0 188 255 0 255 110 0 41 0 63 75 0
    255 251 0 0 255 0 89 255 255 0 255 255 0 143 255 163 0 13 255 0 255
    0 255 255 255 0 255 255 214 0 255 0 0 255 0 101 247 255 0 255 0 0
    255 0 255 0 198 255 255 0 192 0 255 0 255 0 255 5 0 255 0 0 255 255
    0 255 0 255 40 0 0 255 0 100 0 95 70 255 0 255 255 0 255 255 193 0
    101 255 0 255 255 255 0 0 0 58 0 0 255 0 0 255 0 255 0 255 255 0 255
    255 255 0 255 255 255 0 255 255 0 0 192 255 255 0 190 255 255 0 61 0
    255 0 122 157 255 0 255 0 0 255 255 255 255 255 0 0 255 132 255 0
    255 0 255 232 255 0 255 246 255 0 0 255 0 0 255 76 255 255 160 131 0
    255 255 0 0 255 0 205 255 0 0 255 255 119 255 0 255 0 249 0 255 135
    0 79 15 255 0 255 164 0 255 0 0 240 0 255 255 0 255 0 0 255 242 255
    200 0 0 0 0 109 0 228 0 96 0 255 0 85 255 255 0 255 255 0 0 0 0 255
    255 0 255 0 255 0 255 255 0 255 242 0 255 255 255 0 0 255 47 0 0 255
    0 140 255 0 255 42 255 125 255 173 0 0 255 255 255 239 0 255 0 0 255
    163 0 0 255 0 209 255 255 0 46 255 0 255 0 0 99 0 255 255 0 78 255 0
    255 255 0 255 255 0 255 255 255 0 255 0 28 105 59 0 0 255 255 255 0
    255 0 255 0 3 0 255 0 255 0 171 0 255 0 0 0 255 0 255 71 93 255 0
    255 84 255 255 255 255 53 255 0 0 255 0 195 0 0 110 255 122 255 0 0
    0 255 0 140 255 114 255 0 216 0 255 0 0 255 0 255 0 255 255 0 255 53
    0 255 190 255 255 0 0 0 4 255 255 0 77 255 0 0 255 128 146 181 246 0
    0 0 79 255 0 255 255 0 0 255 0 227 0 255 255 0 255 255 251 255 0 255
    210 255 162 0 255 0 42 0 255 0 255 0 255 255 255 0 13 0 255 0 255 0
    255 255 0 255 79 255 0 255 255 0 0 213 48 0 255 255 0 255 0 255 0 0
    255 169 0 255 78 255 0 255 0 255 255 0 255 0 36 0 0 0 255 0 255 0
    255 255 0 255 0 155 171 0 255 255 255 0 255 0 0 255 0 0 0 109 255 0
    255 255 139 113 255 0 0 0 0 134 255 255 0 75 255 0 0 255 0 0 32 0
    255 0 255 0 255 30 0 255 0 156 0 255 0 184 207 255 161 0 177 0 125
    255 255 0 0 239 179 0 255 255 0 255 0 109 0 99 0 255 0 255 0 255 0
    173 255 0 255 0 255 0 0 255 255 0 0 33 0 255 255 0 112 255 129 0 255
    18 0 255 0 211 255 0 255 255 0 0 0 0 255 60 255 0 133 255 0 82 248
    255 255 0 0 0 255 0 255 103 255 0 0 255 0 255 176 0 0 3 0 0 255 0
    255 0 129 0 137 232 255 255 0 0 255 47 255 140 255 0 255 0 0 255 0
    255 31 255 0 255 255 231 255 255 0 0 0 0 255 255 0 255 0 255 64 239
    73 255 122 174 41 0 68 0 255 255 0 181 255 0 255 255 0 0 0 255 255
    230 0 46 0 255 120 255 5 0 255 0 255 0 0 0 0 167 0 226 255 182 250
    255 174 0 255 0 0 255 0 255 143 255 233 204 0 255 255 15 255 0 0 0
    255 0 255 255 0 255 199 255 0 255 0 0 255 243 255 0 255 255 0 0 0
    255 0 255 178 255 255 255 0 27 255 0 255 0 255 0 255 255 202 0 255 0
    255 255 255 134 210 255 196 255 0 255 0 244 255 0 218 255 0 216 4
    255 255 0 255 0 255 0 255 0 0 183 255 118 255 0 0 0 198 0 255 227
    102 212 0 0 0 255 0 255 0 255 255 242 253 255 0 0 0 255 255 0 0 212
    0 255 0 255 0 255 0 255 0 0 255 0 27 255 0 0 0 255 0 255 0 255 120 0
    0 31 255 255 156 0 255 0 0 255 22 0 255 0 255 185 0 255 0 0 255 0 0
    255 0 255 0 253 0 128 255 255 0 162 0 97 255 0 246 255 0 0 255 145
    255 0 0 0 0 0 255 11 37 0 255 255 0 255 255 0 255 196 0 255 0 255
    208 0 8 255 255 130 58 255 29 255 0 39 0 255 0 255 0 255 255 179 255
    0 255 255 0 255 0 255 0 255 0 255 0 0 255 255 255 0 255 0 129 255 0
    155 255 58 255 255 98 0 255 0 17 159 0 255 190 0 66 0 255 0 255 255
    72 255 0 0 0 12 156 255 255 36 14 95 0 255 0 255 255 255 0 0 255 0
    255 23 255 0 255 0 255 80 0 255 0 255 255 255 0 255 0 255 255 6 0
    255 46 0 255 210 255 0 255 0 0 255 0 101 255 247 47 218 0 26 73 16
    177 250 255 255 255 255 255 255 0 55 255 26 255 210 0 255 0 255 244
    255 0 0 229 255 233 255 0 143 255 0 0 255 255 0 0 0 0 0 255 0 255 0
    255 0 39 81 98 0 0 255 0 0 255 255 255 0 255 0 255 97 0 0 255 255 0
    255 0 0 255 255 89 255 0 255 0 255 2 255 0 255 255 255 255 255 255
    255 105 0 255 255 0 87 255 0 255 255 255 10 95 255 228 255 0 255 255
    90 0 255 0 0 0 168 0 255 76 0 255 255 255 0 255 0 190 255 4 84 255
    255 0 0 162 216 255 230 129 236 0 255 255 0 255 255 255 255 49 0 255
    60 255 132 135 0 255 199 0 255 0 255 255 0 80 102 255 0 0 255 0 129
    0 255 47 39 0 255 0 0 0 101 0 255 255 0 255 211 255 11 0 255 0 0 0 0
    0 255 199 254 255 0 5 0 0 255 0 255 187 255 255 0 0 255 0 255 0 37
    255 0 0 106 28 255 0 255 255 0 255 0 0 0 215 255 255 0 0 255 0 0 255
    255 225 0 255 0 255 0 255 72 255 0 239 0 255 0 255 0 0 255 143 0 0 6
    255 0 0 233 190 255 255 0 255 0 255 255 8 255 0 36 3 255 70 0 124 0
    0 255 255 0 47 255 255 41 255 255 0 246 255 0 255 255 0 255 222 255
    255 0 255 255 64 0 0 255 255 0 255 249 130 255 0 255 0 255 255 0 0
    255 54 230 0 4 255 0 255 0 0 255 255 0 0 255 0 0 0 255 255 255 0 240
    0 0 0 255 0 0 0 255 0 255 255 0 255 0 0 0 255 0 255 0 255 0 255 255
    0 255 0 255 0 255 255 78 208 15 0 255 0 0 210 255 255 178 255 255 0
    255 0 135 0 255 0 89 0 0 247 232 168 0 0 255 0 255 255 46 0 112 255
    0 12 0 255 255 0 255 0 0 255 44 16 0 255 0 255 0 81 255 214 255 139
    29 255 255 0 255 0 0 255 0 255 196 0 0 207 0 255 0 0 255 0 255 255 0
    0 255 0 105 255 0 230 0 174 255 58 255 255 0 58 93 249 111 231 255 0
    255 2 255 195 0 0 0 255 134 0 255 0 168 0 67 177 244 31 0 0 0 0 0 0
    83 0 255 73 0 161 255 255 0 255 255 255 255 255 0 181 255 69 0 255
    255 255 137 103 0 255 255 83 255 255 153 0 0 0 255 0 72 0 255 0 255
    255 0 52 255 255 255 255 255 0 255 0 255 255 0 0 255 0 255 198 255 0
    180 0 255 0 255 0 64 255 255 255 0 255 240 0 255 0 0 255 0 255 255 0
    189 0 0 255 255 0 0 255 255 0 255 0 255 0 0 233 0 255 0 13 255 255
    255 0 0 255 255 0 136 255 255 0 255 255 0 255 0 0 0 255 255 255 255
    0 255 0 0 255 11 255 0 0 107 255 255 169 0 0 255 0 55 255 255 255 53
    255 0 255 255 255 0 255 34 255 255 0 255 0 255 0 255 0 255 31 255 0
    255 0 0 255 255 255 0 0 255 0 0 0 255 28 96 255 0 0 255 0 0 255 15
    255 255 0 255 62 0 255 255 255 0 255 255 202 97 0 255 139 255 255
    255 13 235 62 188 0 0 255 0 0 255 0 255 255 214 0 216 255 0 163 242
    237 0 255 202 222 0 33 0 255 0 255 0 255 0 0 88 77 0 255 255 255 35
    56 0 255 189 194 255 0 0 20 255 135 129 0 255 0 255 255 152 255 0
    255 5 0 255 0 255 255 0 255 0 14 255 255 255 0 0 255 0 255 0 255 0
    255 255 0 149 0 0 0 0 255 0 255 0 0 81 255 0 255 37 255 41 255 106 0
    255 255 0 255 231 0 0 255 255 0 0 69 249 255 178 0 0 0 0 107 255 0
    176 0 18 255 0 0 255 148 255 247 19 0 255 159 0 0 0 147 0 255 243 0
    255 0 255 255 255 0 233 164 0 0 255 0 255 255 0 164 0 0 103 255 0 0
    255 0 255 0 255 255 0 0 121 164 255 0 0 255 138 0 255 255 0 255 180
    155 0 255 0 0 0 255 205 0 0 0 255 0 0 255 150 255 0 255 255 255 255
    255 108 255 255 115 0 255 0 255 255 61 255 0 90 0 255 255 0 0 113
    255 255 255 0 255 0 0 0 159 123 0 255 255 0 200 255 193 0 255 0 255
    128 0 255 0 0 0 255 0 0 0 0 0 76 255 0 255 255 255 0 255 255 0 60
    118 255 255 255 0 0 132 255 0 14 255 255 255 180 160 0 255 0 255 255
    0 255 0 0 38 255 225 255 0 0 196 255 0 0 255 0 101 214 0 255 0 0 255
    0 255 53 0 136 0 255 0 217 255 17 0 0 0 255 0 0 255 16 255 0 255 255
    0 255 119 40 0 255 133 0 0 255 0 255 0 255 255 34 0 0 0 255 58 0 255
    22 0 255 255 131 255 0 0 0 255 204 135 255 255 0 255 255 255 255 0
    255 0 255 0 0 255 255 255 0 0 0 255 255 255 175 84 0 0 120 0 205 0
    81 0 209 219 255 0 255 255 0 255 193 0 255 255 60 69 0 180 255 0 255
    0 255 0 255 255 255 0 232 0 255 160 0 255 0 255 255 255 0 255 0 218
    255 0 119 0 255 255 255 0 31 255 255 0 255 0 255 0 0 255 0 0 255 0 0
    118 255 0 255 0 43 0 0 255 0 255 0 255 255 133 122 0 159 255 255 0
    255 160 255 0 0 255 0 0 255 255 0 255 0 255 255 192 197 129 0 255
    255 0 0 255 255 243 255 0 255 191 255 0 255 200 0 138 255 0 255 255
    0 255 0 255 0 133 0 9 0 255 0 0 0 0 255 0 255 0 0 255 255 0 255 0 0
    93 0 255 0 137 73 255 0 0 255 0 255 0 176 0 255 0 6 255 0 255 13 255
    255 255 0 0 255 255 255 255 255 130 66 0 255 0 255 0 255 0 255 96 0
    255 255 74 0 255 0 255 255 0 0 255 0 255 0 0 255 0 255 53 255 0 0 0
    0 255 104 0 255 0 0 255 255 0 0 255 0 0 255 255 203 200 0 0 0 255 0
    255 255 255 255 0 255 0 255 0 0 61 0 175 255 0 0 255 0 255 0 0 255 0
    0 255 255 255 11 24 97 0 250 0 51 0 231 22 0 180 0 0 0 255 0 255 0 0
    0 1 255 162 213 0 255 0 255 0 255 255 166 255 0 0 0 149 255 255 0
    255 0 0 255 3 255 0 255 255 54 0 255 255 0 255 0 255 255 0 255 0 225
    255 255 0 255 255 0 255 0 255 255 0 255 116 255 0 121 0 61 255 0 255
    255 0 152 255 0 255 0 0 0 255 0 255 255 255 0 255 0 255 255 10 0 255
    224 0 255 255 0 0 255 175 0 0 0 255 0 255 0 209 255 0 255 255 234
    244 0 0 255 255 255 255 88 255 167 40 0 255 0 255 0 255 0 255 208 86
    0 255 255 255 0 255 0 175 255 0 255 38 91 152 0 255 255 198 0 117 0
    157 0 255 0 255 0 0 0 255 0 255 255 52 255 0 0 255 0 255 255 255 0
    255 0 255 0 0 80 255 255 255 78 0 255 251 11 0 255 255 0 255 0 71
    255 0 141 103 255 0 167 255 0 255 79 246 0 49 0 255 255 0 255 255 0
    255 255 174 0 255 255 163 0 255 0 0 255 73 191 255 131 255 0 0 0 193
    0 97 255 177 255 0 255 0 255 255 255 0 255 255 0 255 5 0 0 45 82 255
    255 0 0 0 255 69 0 255 255 0 102 255 0 0 255 18 0 255 34 255 255 0 1
    255 130 0 201 255 255 0 255 36 0 0 243 0 0 144 255 255 0 255 255 0 0
    255 0 0 0 255 0 255 0 255 255 0 234 0 0 0 255 255 0 6 255 0 255 0
    255 255 255 255 255 0 0 0 255 255 0 255 138 210 71 0 0 255 222 255 0
    255 255 247 0 255 0 255 0 0 96 0 235 0 255 255 0 184 255 255 0 201
    19 0 0 255 255 0 17 255 0 233 255 255 92 203 116 0 255 255 92 0 0
    255 0 0 255 0 0 255 255 0 255 0 104 23 240 145 255 0 255 0 255 255
    56 255 255 255 255 0 255 0 0 55 0 255 0 33 111 0 21 182 255 255 0
    255 0 78 255 0 255 0 0 0 255 255 26 176 0 255 255 0 0 255 0 255 12 0
    0 255 255 0 255 0 58 255 0 255 192 0 0 51 0 104 255 0 0 255 0 0 0 0
    255 255 0 255 0 255 0 63 0 232 0 255 0 0 255 255 0 0 255 255 0 0 5 0
    0 0 0 0 91 87 0 255 255 255 219 255 0 0 255 105 255 0 0 0 0 0 255 0
    255 0 255 0 255 0 0 0 92 0 0 0 255 255 0 0 255 11 255 0 255 0 0 220
    255 245 255 165 0 0 14 255 0 0 255 0 214 0 255 255 0 0 0 255 255 255
    0 135 255 153 0 255 0 0 0 255 255 0 194 255 0 74 255 12 0 0 255 0
    255 0 255 255 255 221 0 255 0 199 0 255 255 84 0 0 94 255 3 255 0 56
    110 0 255 0 255 255 0 255 29 0 255 89 0 0 255 0 0 255 248 0 0 0 0
    255 0 255 0 255 0 0 255 0 0 255 255 0 255 255 0 0 0 0 255 0 92 0 0
    161 0 0 255 0 220 255 0 255 255 0 255 0 252 0 59 0 255 255 0 255 0 0
    255 0 40 255 255 146 255 0 255 255 255 0 216 114 47 0 0 0 0 255 0 0
    0 255 247 255 0 255 0 255 120 255 0 0 0 255 104 255 57 0 73 0 255
    255 165 255 255 0 255 255 0 255 0 255 0 0 255 0 100 255 255 42 100
    224 255 0 0 0 255 255 0 255 0 145 255 0 255 0 255 192 0 86 216 255
    255 0 255 0 87 255 135 255 255 255 0 158 119 255 0 255 255 0 213 0
    126 255 0 255 0 0 255 0 255 0 38 0 255 255 0 255 0 255 0 64 255 225
    23 255 0 255 0 198 255 0 0 170 255 254 38 0 0 190 255 0 75 238 249 0
    255 255 255 0 0 255 255 0 0 0 0 36 0 255 0 255 255 0 255 0 0 0 0 0 0
    255 255 11 255 0 0 255 0 0 255 0 0 255 172 17 0 87 0 97 255 127 0 34
    0 213 255 255 0 28 255 0 0 0 255 67 255 202 0 0 196 0 255 0 0 255
    255 0 0 255 0 255 0 255 149 255 255 58 0 173 230 0 0 255 119 255 0
    255 0 0 188 255 255 0 255 0 255 216 0 0 145 225 255 0 174 255 28 0 0
    249 126 96 0 0 255 0 255 255 0 163 255 255 0 0 255 111 255 255 233
    255 0 0 0 255 45 0 0 46 255 0 178 126 0 255 255 132 255 255 0 0 68
    255 0 0 0 141 0 255 0 255 0 255 139 0 119 255 0 0 0 255 0 0 69 0 255
    0 255 0 255 255 76 76 0 255 0 0 76 36 0 255 0 255 140 0 255 0 255
    255 255 0 0 2 0 248 0 255 255 0 255 0 255 0 255 76 255 0 255 0 255
    255 0 0 255 199 0 0 108 186 0 255 178 0 255 197 183 255 117 255 255
    255 255 179 255 255 255 0 255 235 255 29 0 255 255 0 0 0 255 0 255 0
    244 203 255 220 255 0 255 255 117 255 0 255 0 255 255 255 60 0 255 0
    0 255 255 255 255 255 0 0 255 162 255 193 0 255 0 255 88 255 255 0 0
    255 241 255 0 255 208 0 0 255 255 255 0 255 255 255 46 118 0 41 0 0
    0 255 145 0 255 169 0 255 255 0 0 255 0 255 255 0 255 255 255 0 255
    0 0 219 175 0 0 133 56 255 0 255 168 255 255 0 0 255 98 0 0 255 255
    0 255 255 200 255 0 255 0 255 255 0 0 255 0 226 255 128 0 0 255 0
    255 0 0 255 255 0 101 0 255 215 17 0 255 88 255 0 255 0 255 255 0 0
    255 255 255 39 0 0 255 208 155 255 255 255 255 255 0 255 191 0 255
    255 74 255 63 78 255 0 255 0 255 255 255 69 255 255 255 0 224 255
    255 0 255 255 0 0 255 0 0 0 255 255 231 11 255 0 0 255 255 0 255 0 0
    149 255 12 0 255 48 19 0 255 235 255 50 255 0 39 0 255 198 255 0 255
    0 0 255 0 53 0 0 0 0 0 0 255 124 255 255 0 255 50 240 241 0 0 255 0
    255 0 255 0 255 255 255 67 255 255 0 0 255 0 184 0 0 0 195 255 0 172
    255 139 0 0 255 0 237 255 255 0 0 255 0 255 0 0 0 255 255 0 255 0
    255 0 255 0 255 255 0 0 255 0 255 40 255 255 255 0 153 0 255 0 255 0
    255 255 0 255 0 176 206 34 255 255 0 255 38 106 0 0 0 255 0 255 255
    255 0 0 255 255 0 255 0 0 255 129 0 141 0 69 0 221 0 155 154 255 0 0
    255 255 255 185 255 0 19 0 255 0 255 255 0 226 177 0 212 255 255 3
    255 0 255 0 255 0 255 255 255 0 129 0 255 255 0 226 255 195 253 20 0
    255 0 255 255 0 170 255 0 255 0 0 255 0 0 255 0 255 0 255 0 255 0 0
    59 255 211 255 0 255 0 255 150 0 62 255 131 48 255 0 0 255 0 255 255
    0 255 255 0 255 0 0 29 255 0 0 0 255 0 206 0 255 9 0 0 255 0 220 255
    0 11 0 255 237 255 0 0 255 37 0 255 255 22 255 81 167 0 255 255 0
    255 0 0 0 0 255 255 0 255 0 255 0 255 0 129 255 116 0 255 0 255 0 93
    49 107 207 255 0 98 255 0 255 185 255 255 255 255 0 0 255 0 255 255
    255 255 53 0 255 210 0 255 179 255 0 0 0 0 255 0 255 0 0 39 0 255
    255 0 137 255 255 255 0 0 255 0 255 255 255 0 161 0 255 158 0 255 0
    255 0 0 255 149 0 0 0 255 0 74 255 255 0 0 255 255 0 255 255 255 0
    255 0 255 137 141 0 255 0 255 255 0 214 255 0 255 255 0 255 0 255
    158 0 0 239 255 0 204 0 255 0 255 0 255 194 165 0 0 0 255 0 0 255 0
    255 104 100 188 255 169 255 0 0 255 0 173 255 255 211 255 0 255 0 0
    208 255 0 0 91 0 255 0 255 0 0 255 255 255 36 0 255 84 0 255 255 0
    255 255 0 0 255 0 255 0 255 255 0 122 255 0 255 255 245 200 255 85 0
    255 0 0 255 0 0 18 208 255 0 255 255 255 251 0 255 0 165 3 0 255 255
    96 0 0 255 0 255 255 100 0 255 0 0 255 0 255 27 107 0 0 0 0 255 255
    255 91 59 255 255 0 255 0 0 177 0 0 255 255 255 3 0 255 0 255 0 255
    0 0 0 255 0 255 0 26 0 0 0 255 78 255 255 65 0 0 255 255 0 255 0 0
    255 0 255 17 6 255 255 0 255 0 186 255 132 210 0 255 0 255 0 255 255
    42 0 0 0 255 0 255 0 255 255 0 0 255 0 52 255 4 255 0 255 0 255 0
    255 0 255 255 39 0 37 255 0 0 255 255 255 0 255 0 255 0 255 0 255 0
    255 0 255 255 0 35 255 255 15 129 229 255 157 255 255 0 44 243 0 0
    255 231 0 91 0 0 66 255 0 255 255 0 102 255 176 65 71 255 255 0 255
    255 8 0 33 215 0 255 0 255 221 0 255 0 255 0 0 255 255 196 0 60 255
    255 255 31 255 0 9 255 0 255 255 255 255 0 255 0 0 244 217 255 0 255
    0 255 205 40 0 0 0 0 0 0 0 0 255 0 255 255 255 0 255 255 255 255 0
    255 255 0 0 0 255 255 255 0 61 0 255 0 255 0 255 0 0 255 0 0 255 255
    255 255 61 0 161 0 0 255 0 160 255 255 0 255 0 255 145 0 0 213 172 0
    0 255 255 214 193 255 0 0 1 255 255 0 102 255 255 233 31 255 0 0 92
    255 0 239 255 255 0 143 255 146 0 255 176 0 255 255 255 0 0 0 255 0
    0 172 98 255 80 0 255 0 71 0 255 255 0 67 255 255 40 119 255 255 0
    231 0 100 255 0 205 255 255 0 0 0 254 51 0 255 255 0 255 240 255 0 0
    255 255 255 0 0 255 0 255 0 0 255 0 255 76 217 0 0 0 255 0 255 255 0
    7 255 217 109 148 152 0 0 255 0 255 0 255 0 148 252 81 255 255 0 255
    174 169 0 18 0 255 255 0 255 0 255 63 0 89 255 70 255 255 0 255 0
    255 0 124 31 255 255 0 255 0 255 255 0 255 0 255 0 255 249 243 237
    255 0 0 218 255 0 255 0 0 0 255 255 0 255 255 0 183 0 0 101 244 0
    255 0 255 255 255 0 255 255 0 255 249 0 0 255 224 0 255 255 0 255
    131 255 0 0 255 255 99 255 0 255 60 0 118 255 0 255 0 255 234 0 5
    255 0 0 4 93 0 255 0 0 54 0 255 0 255 0 255 255 0 24 255 0 255 255 0
    0 0 255 0 255 77 0 255 0 255 255 0 255 0 255 255 0 255 0 245 0 255 0
    0 16 255 0 255 0 255 0 255 255 0 0 0 255 0 255 231 51 255 0 0 255 0
    0 98 255 0 255 184 0 91 182 47 0 0 255 44 0 228 255 255 206 0 255 0
    255 255 255 255 255 255 0 0 135 255 255 0 0 0 0 255 0 85 255 255 0
    255 255 0 255 0 255 0 27 36 255 0 255 255 255 0 0 116 255 1 0 115
    255 0 255 227 255 0 84 94 84 0 255 24 127 255 0 0 255 139 255 255 0
    255 0 0 0 255 0 47 255 0 161 255 0 255 219 255 255 0 255 0 0 0 0 255
    207 255 0 0 0 255 230 255 255 255 255 0 0 255 0 0 255 255 0 0 0 255
    0 255 255 0 0 0 0 255 255 0 255 0 255 255 0 255 255 50 0 0 255 217
    38 10 0 255 0 0 255 0 255 0 0 255 255 255 255 255 255 0 96 255 0 255
    0 255 0 113 255 0 36 255 0 0 203 255 0 195 255 0 213 0 255 167 255 0
    194 84 67 163 255 160 0 255 71 255 144 129 0 255 152 255 125 0 0 255
    22 0 255 118 0 92 195 0 130 0 255 72 255 134 112 0 162 255 59 0 255
    0 0 255 0 0 255 28 0 255 0 255 0 255 0 255 196 255 0 255 1 225 0 255
    106 255 0 196 0 0 255 168 255 0 0 132 0 245 0 255 0 255 0 218 0 255
    0 0 225 255 0 29 0 255 79 0 0 255 109 255 0 0 0 255 186 0 106 177
    255 174 0 255 0 255 0 255 0 208 0 255 0 0 255 8 0 255 255 0 180 37
    255 0 255 0 0 34 0 0 0 252 255 206 0 0 255 0 255 47 255 255 0 255 0
    125 255 0 255 152 0 255 255 255 255 242 0 255 255 255 0 178 0 57 255
    211 0 0 255 0 255 255 255 0 0 0 0 255 0 255 65 0 0 0 255 255 0 255
    255 255 227 228 255 145 152 0 131 0 0 255 0 255 0 0 255 255 255 0
    224 0 255 0 255 204 255 0 0 255 0 0 21 255 251 0 255 0 255 0 0 228 7
    0 233 186 255 255 255 0 50 255 255 0 255 255 0 255 0 255 0 0 255 0 0
    255 0 255 255 0 255 5 0 0 255 0 255 255 255 184 9 124 0 255 255 188
    117 255 87 255 0 255 0 0 255 91 255 162 0 0 255 255 12 0 255 226 71
    0 255 255 0 241 0 160 0 0 255 0 255 255 0 255 255 0 255 0 255 0 172
    255 0 255 0 255 0 255 0 243 58 0 255 0 0 255 0 0 181 0 150 0 0 0 255
    0 255 255 102 0 255 0 0 255 69 255 0 255 0 255 0 0 255 0 0 255 0 0
    255 0 255 255 0 0 255 0 0 158 255 0 255 255 0 130 0 255 0 255 0 255
    0 255 0 0 34 244 255 255 0 0 0 164 255 0 255 0 255 235 0 255 0 255 0
    0 255 255 132 34 27 0 255 74 255 255 0 255 0 0 210 60 0 0 0 255 0
    255 255 0 255 0 179 255 0 0 255 0 255 255 0 0 255 255 0 255 0 0 140
    0 255 0 255 0 255 255 0 142 0 255 0 54 0 255 0 0 112 255 74 204 255
    255 255 117 10 200 0 255 0 255 255 65 0 0 0 0 0 0 0 0 225 119 0 255
    0 186 255 0 255 255 249 0 255 235 255 0 238 255 0 255 0 255 0 255 0
    187 0 255 0 0 255 0 255 255 0 255 255 0 255 0 255 0 0 255 38 0 255
    255 0 255 255 255 0 255 0 255 255 203 255 0 0 185 0 255 255 255 0 86
    255 111 0 0 255 255 0 255 0 255 71 255 255 255 32 0 255 118 0 0 255
    238 0 0 0 86 255 255 0 0 255 170 255 0 0 188 0 255 105 0 0 255 255
    123 0 46 255 0 62 0 0 255 220 255 0 255 160 0 0 255 255 0 111 255
    245 255 0 0 0 255 86 255 177 0 255 223 0 0 0 255 0 255 0 255 0 255 0
    40 0 255 89 0 0 255 108 0 255 255 4 0 114 255 255 203 3 0 255 255 26
    166 255 0 122 0 255 132 0 255 72 130 255 255 0 0 255 255 255 255 255
    255 237 62 0 0 51 255 0 255 0 0 0 0 168 0 0 255 109 0 255 255 0 0
    255 0 255 0 255 0 0 21 255 0 255 255 0 255 85 255 255 0 0 255 0 43 0
    0 229 255 0 255 0 255 0 255 255 255 38 255 255 0 0 0 255 255 0 255 0
    156 163 255 255 0 255 0 0 202 0 0 255 0 255 0 178 243 29 255 255 255
    0 255 0 106 255 0 0 172 0 255 0 0 0 0 255 0 246 217 255 0 0 71 0 215
    0 109 0 0 181 255 25 213 255 0 0 0 255 255 255 0 255 140 205 255 126
    0 0 255 255 0 0 255 255 255 255 0 255 255 0 239 0 255 255 152 255 0
    0 0 209 81 0 0 255 0 255 0 174 255 197 154 255 208 0 255 98 140 231
    255 0 0 255 255 117 0 255 255 255 0 0 255 202 14 0 0 255 213 255 255
    0 0 255 255 255 0 84 255 107 241 255 0 255 0 0 0 255 255 255 0 0 255
    255 0 0 255 0 0 255 255 0 80 0 0 255 255 137 0 255 104 0 255 255 0 0
    26 0 255 0 255 0 0 119 192 255 0 0 255 0 255 22 255 255 255 0 255 0
    0 255 255 255 255 255 0 255 255 0 255 255 0 229 255 0 0 255 64 248
    255 255 255 0 0 255 0 255 0 255 0 0 255 255 0 255 0 49 255 255 0 0
    19 255 203 0 0 255 127 0 0 0 0 255 0 0 0 255 30 255 63 255 255 0 255
    255 188 0 255 0 255 136 0 106 255 255 255 0 0 0 9 0 251 0 0 255 0
    255 255 123 255 0 147 255 255 0 255 0 0 255 0 255 255 0 0 250 0 255
    0 24 0 255 0 176 208 0 255 0 0 0 80 0 255 0 0 0 255 255 0 255 0 255
    255 0 255 0 0 255 255 0 255 255 0 0 108 255 0 255 0 255 0 25 255 0
    255 0 131 255 0 11 255 255 0 159 255 0 255 255 0 122 246 255 0 70 0
    0 64 0 0 255 255 240 255 255 0 0 255 112 0 255 255 0 0 0 255 193 140
    68 255 0 255 0 255 255 0 255 73 58 0 231 255 0 255 0 0 255 0 255 0
    33 255 255 255 0 255 0 255 0 255 255 0 0 255 255 0 255 129 0 0 121
    255 255 255 255 0 255 255 229 255 0 255 0 255 255 0 255 255 0 255 0
    255 165 255 255 255 0 176 0 0 0 63 0 255 9 255 245 0 0 131 233 221
    255 0 255 255 184 0 161 251 0 0 255 255 255 0 0 221 0 0 255 47 255 0
    255 255 200 107 255 239 0 0 255 255 0 0 0 0 153 0 255 0 255 0 222
    255 0 209 208 255 255 0 0 255 255 0 196 255 98 0 177 20 0 255 255
    255 0 0 255 106 255 0 0 255 0 255 255 77 70 0 255 0 255 255 0 255 0
    255 255 255 0 255 0 255 0 255 33 0 255 0 255 190 255 0 255 0 0 255 0
    29 255 0 0 160 152 120 255 0 50 255 0 0 0 255 228 0 231 255 0 198
    255 135 255 0 0 255 0 255 0 255 255 255 255 165 255 255 0 0 218 0
    143 234 255 167 255 0 247 255 255 0 7 240 212 255 0 255 0 0 255 96
    81 255 0 255 0 255 0 0 255 184 0 255 255 0 255 255 37 255 255 0 255
    253 119 134 0 0 255 219 0 0 0 155 255 0 0 255 0 255 197 1 255 0 0 6
    0 0 0 255 255 0 25 0 0 124 0 255 255 0 0 75 76 255 255 0 255 255 255
    27 0 0 255 255 0 0 255 0 167 255 255 0 22 0 191 0 255 255 255 137 86
    88 0 0 255 15 255 0 46 255 245 0 0 255 255 255 134 255 0 215 193 0 0
    0 255 57 255 0 255 255 50 255 0 255 0 0 255 255 0 255 0 0 152 0 255
    0 255 0 255 255 255 255 0 0 0 0 255 0 255 255 0 255 137 0 251 144 0
    255 0 255 16 65 0 0 255 219 0 255 0 255 0 0 0 0 82 0 0 0 124 0 0 134
    0 0 0 0 92 255 0 255 255 92 255 0 255 0 170 0 0 255 255 255 1 255 0
    195 255 5 207 216 255 0 51 255 65 255 204 0 255 255 0 255 0 0 255
    223 211 255 255 0 0 0 0 246 0 255 255 0 255 255 210 0 255 255 152 0
    0 255 0 255 0 122 255 47 255 0 0 255 0 255 255 0 255 110 255 0 75
    101 255 0 255 0 0 234 0 0 0 255 15 0 0 255 0 0 255 255 0 255 255 0 0
    255 215 0 0 255 255 219 255 255 110 0 0 255 255 0 0 255 255 0 255 0
    255 255 0 84 255 255 64 0 98 255 0 0 0 255 87 0 116 0 255 255 0 117
    255 0 0 0 255 255 251 255 255 0 255 0 255 255 0 255 0 98 128 255 0
    255 0 0 152 131 255 0 81 0 0 0 255 0 255 255 255 0 0 0 0 45 0 255
    255 0 238 0 0 84 255 0 0 255 0 116 255 0 255 0 0 0 255 0 255 255 0
    255 255 126 92 40 255 0 0 255 123 255 255 0 255 255 255 255 241 255
    0 158 255 0 255 255 0 148 255 0 227 0 216 93 255 255 252 255 217 74
    255 0 84 255 0 255 0 255 0 0 255 255 255 51 255 0 178 255 255 0 255
    232 0 118 69 0 255 0 255 255 255 0 255 255 255 0 255 0 255 255 255
    255 255 255 0 0 216 255 0 128 0 0 51 255 0 255 0 255 0 87 255 0 255
    0 255 0 255 0 0 255 0 255 0 255 255 0 255 255 255 0 255 134 0 255 92
    255 0 0 255 0 255 0 255 0 255 255 255 255 0 0 0 255 127 23 93 51 255
    255 136 255 0 255 255 0 123 54 0 255 255 0 0 255 202 255 255 255 0 0
    18 100 255 255 0 0 86 255 0 255 0 255 255 0 30 255 0 0 0 255 254 255
    0 255 0 43 255 0 255 255 0 30 0 0 255 0 255 0 255 0 255 0 255 0 255
    255 255 255 123 0 0 255 0 255 0 255 0 255 0 248 255 0 255 0 255 255
    0 255 255 200 0 255 0 255 255 0 255 139 255 0 0 255 255 0 116 0 0
    255 255 0 0 24 0 255 30 255 255 0 255 255 0 255 0 0 0 255 0 197 0 0
    255 165 0 29 255 0 255 145 0 255 255 255 0 60 208 0 255 42 0 0 0 23
    255 0 255 0 0 255 10 156 196 0 255 165 0 0 255 0 255 146 255 255 154
    255 0 255 255 0 0 255 0 232 0 255 25 0 255 255 255 0 0 0 255 0 255 0
    160 255 0 255 114 4 221 255 0 167 255 0 84 159 29 0 0 255 255 255
    255 0 238 255 67 103 255 0 38 0 0 255 217 0 255 255 0 255 0 255 253
    255 255 255 27 162 0 255 0 0 255 255 0 255 192 0 0 255 0 0 0 0 255 0
    0 255 0 0 219 0 145 183 0 202 143 255 35 0 255 0 0 255 0 0 255 255
    176 0 255 88 255 0 0 9 255 255 255 255 255 0 255 0 0 0 255 0 210 255
    0 0 255 0 255 255 0 255 0 255 0 186 25 255 0 255 0 0 0 0 255 255 255
    0 35 0 255 0 0 255 0 0 255 255 0 6 53</data></your_img>
</opencv_storage>
