<?xml version="1.0"?>
<opencv_storage>
<filter_type>0</filter_type>
<only_luma>0</only_luma>
<r1>1</r1>
<r2>2</r2>
<L2_diff>1.9653523857059324e+03</L2_diff>
<test_img type_id="opencv-matrix">
  <rows>128</rows>
  <cols>256</cols>
  <dt>"3u"</dt>
  <data>
    223 103 121 159 118 115 1 225 206 61 100 174 78 50 180 51 15 107 204
    78 171 89 55 52 47 44 85 119 134 115 157 51 42 100 133 153 69 119 85
    29 243 147 80 249 106 207 155 211 191 226 37 50 155 14 95 62 113 161
    34 35 22 137 19 51 95 28 67 187 20 107 128 121 58 76 240 215 155 229
    245 196 147 42 241 67 227 125 14 140 191 39 255 55 42 34 40 52 154
    159 106 221 42 149 92 139 39 47 89 123 186 30 117 56 157 17 216 182
    144 215 162 87 153 178 119 163 200 152 96 45 135 190 151 24 156 118
    213 123 134 13 114 203 147 205 190 169 158 189 105 47 243 96 242 28
    141 239 188 78 70 219 201 203 193 41 67 24 122 70 226 239 33 1 165
    127 13 104 159 243 151 139 113 216 45 152 210 235 170 239 9 132 31
    130 150 143 234 99 222 93 201 192 38 125 176 241 142 100 151 8 185
    168 29 27 57 236 67 77 119 183 83 189 24 30 110 126 132 111 112 229
    82 98 154 61 171 72 185 156 193 199 40 140 42 189 80 247 105 215 142
    167 231 120 140 115 174 235 146 1 50 48 192 224 8 240 249 103 63 77
    128 99 186 64 55 240 42 99 115 62 224 30 34 16 96 19 245 168 76 238
    85 52 106 243 13 47 99 180 131 5 80 127 229 159 107 221 59 217 217
    241 89 99 192 37 25 57 93 117 44 159 123 12 97 154 5 137 61 100 229
    134 83 220 155 66 253 83 135 3 115 154 158 124 134 122 165 161 25 28
    171 190 238 24 116 93 100 252 163 247 200 35 62 110 122 235 159 212
    95 223 60 180 113 8 83 99 132 160 24 56 50 89 214 119 55 145 145 44
    171 67 150 129 108 211 86 166 226 173 100 56 93 125 24 127 173 91 2
    152 102 173 93 124 47 36 57 37 252 33 100 117 92 90 42 240 146 45 19
    145 147 188 49 165 188 182 185 12 45 237 96 9 105 186 235 219 88 27
    59 97 29 234 204 119 201 177 246 255 108 217 6 83 47 159 35 254 69
    150 7 185 253 252 212 242 232 226 215 231 129 10 193 13 174 215 43
    159 205 32 71 221 80 113 67 107 3 15 184 126 252 163 191 34 181 138
    204 109 137 171 222 255 137 4 57 116 80 57 209 100 132 48 186 228 43
    151 72 34 253 137 173 34 117 10 166 165 94 91 243 186 191 201 154
    150 48 201 91 33 173 169 62 97 39 181 252 129 240 240 210 136 88 56
    135 52 177 117 104 250 24 12 23 207 136 243 78 45 210 181 140 196 21
    4 109 114 160 66 154 184 77 107 32 178 238 29 185 49 35 184 27 34 40
    95 31 118 246 123 241 10 54 157 116 20 220 171 64 240 128 211 246
    227 89 230 232 80 78 249 35 255 208 142 120 25 51 10 138 58 222 55
    150 174 43 65 223 241 79 237 205 35 188 252 205 225 196 238 196 239
    138 149 58 3 236 90 150 45 193 94 62 240 65 72 200 246 159 221 186
    192 248 69 113 76 239 98 104 253 145 243 71 111 59 117 107 138 5 167
    246 99 194 212 174 194 192 7 201 227 243 31 227 72 153 94 234 207 5
    240 17 136 243 213 94 243 17 102 49 193 107 177 149 40 245 255 33
    134 252 206 245 223 15 176 187 96 61 66 73 17 142 243 74 196 110 173
    210 55 160 134 183 163 180 12 189 181 243 110 90 84 162 114 121 170
    179 158 189 23 226 72 36 93 107 209 61 162 191 197 13 202 80 165 87
    135 64 196 249 32 148 213 164 175 31 180 110 170 161 50 239 125 246
    174 208 126 62 223 120 128 85 66 73 62 9 94 3 235 188 139 28 148 48
    157 80 58 146 7 96 50 97 74 40 160 62 235 14 77 90 218 30 87 228 221
    132 140 187 76 151 174 82 210 221 230 80 186 123 168 199 68 114 167
    229 56 106 19 122 240 225 80 137 72 172 249 52 184 237 64 74 6 110
    30 246 58 231 55 141 142 225 138 40 241 216 137 229 200 64 231 72
    179 63 228 214 221 201 75 5 166 172 203 25 190 171 181 23 199 225 72
    155 7 164 31 175 1 43 249 207 122 20 110 178 52 219 234 141 253 125
    196 92 240 106 71 63 172 79 42 66 95 123 39 107 231 237 202 24 182
    103 175 45 28 41 202 139 103 171 252 13 174 251 14 192 111 91 76 217
    35 145 230 198 205 250 118 97 77 175 246 226 245 4 228 93 232 28 53
    69 78 253 100 118 229 165 53 215 253 47 106 69 14 249 168 126 6 51
    172 104 23 94 194 135 51 78 36 77 127 175 219 55 127 61 130 166 165
    42 74 63 31 37 5 77 91 183 69 103 159 104 182 144 242 174 219 92 174
    245 30 159 67 178 21 144 204 67 147 101 190 59 229 197 163 159 80
    135 55 87 230 103 253 72 122 100 65 143 4 170 54 19 2 2 201 37 171
    144 192 182 181 220 48 2 79 106 5 85 197 148 227 29 232 74 89 244
    192 131 136 95 146 102 123 223 228 94 14 126 25 194 20 142 53 98 67
    10 46 159 110 130 125 211 38 166 197 15 140 35 105 141 43 232 153
    157 178 144 129 0 183 155 166 196 103 126 64 183 243 220 113 187 182
    116 101 212 177 168 167 70 30 234 78 98 48 169 132 77 33 246 192 214
    211 21 3 216 63 142 188 56 239 100 89 253 125 20 92 13 173 120 245
    57 112 32 201 136 28 187 42 211 238 216 143 118 197 49 218 1 30 214
    56 254 204 204 51 172 187 229 242 190 18 28 86 188 231 164 208 185
    69 211 102 5 174 17 227 131 220 237 195 229 159 255 171 231 190 43
    130 95 3 44 106 198 122 161 133 232 74 120 24 112 42 88 42 3 144 37
    201 78 174 245 227 158 42 65 34 175 54 247 243 105 108 22 64 76 188
    55 127 78 86 216 186 100 7 99 62 10 205 133 34 15 66 122 121 128 140
    125 241 19 129 137 5 45 207 35 122 200 18 246 55 148 2 137 46 47 147
    9 6 14 45 252 221 210 241 146 221 201 234 50 69 0 30 29 187 192 161
    215 54 30 27 172 11 39 34 198 244 169 8 221 105 36 62 239 99 38 176
    228 253 56 22 80 229 85 238 180 155 69 139 133 234 88 244 11 131 243
    3 9 3 216 39 194 122 168 146 23 242 110 46 5 225 212 33 253 178 151
    10 89 111 54 89 77 89 92 50 201 22 154 150 146 141 33 253 245 141 7
    182 231 120 243 68 212 113 161 18 0 94 92 207 53 175 6 6 22 42 36 17
    146 30 242 88 1 239 212 33 166 76 62 202 130 216 187 203 231 40 45
    150 208 89 254 242 246 224 123 6 56 125 2 193 29 41 151 151 184 5 27
    82 221 89 140 227 150 123 61 175 124 36 196 53 127 84 56 184 96 189
    68 2 189 180 47 249 162 77 120 195 143 152 58 37 6 52 7 238 217 85
    250 214 187 47 51 116 63 236 241 12 65 243 254 171 242 52 148 49 99
    57 155 94 208 96 178 240 132 4 86 17 246 159 255 214 220 0 50 255
    163 251 233 116 60 126 8 218 238 192 73 111 7 202 125 188 97 154 174
    237 97 18 45 123 68 58 57 162 53 188 242 37 92 116 158 160 86 171
    160 116 55 57 116 198 202 7 76 128 178 38 35 197 216 196 141 189 215
    21 252 170 80 69 4 138 120 48 119 63 72 156 196 69 167 32 97 53 76
    153 44 186 39 176 125 18 8 68 42 42 12 23 220 141 22 237 89 28 59 27
    45 20 21 4 78 50 27 249 91 143 171 52 90 209 24 200 253 56 39 82 54
    167 222 64 193 192 80 105 106 236 24 254 124 136 156 212 78 88 208
    131 11 230 167 209 62 182 12 227 180 168 137 125 140 187 22 228 88
    232 154 244 245 154 189 192 104 110 210 65 104 239 105 153 69 185 36
    224 10 136 212 249 159 65 186 246 244 204 11 203 100 228 5 62 234 76
    15 141 215 143 18 71 63 131 12 43 223 17 171 30 151 183 55 242 44
    226 18 150 253 204 233 93 178 76 50 49 104 148 127 10 198 236 172 52
    246 2 58 13 235 207 7 49 113 121 94 207 185 38 2 45 89 236 172 31
    239 224 179 169 27 147 139 50 225 118 140 243 51 98 216 63 242 239
    38 171 137 99 199 120 152 247 246 175 40 132 236 4 70 115 211 152
    223 234 214 240 138 24 77 238 252 40 2 195 200 190 8 145 126 44 113
    124 1 217 70 48 35 80 155 32 180 64 124 37 128 171 202 239 194 217
    22 23 93 61 96 44 37 55 196 59 190 174 32 204 64 47 145 231 203 204
    163 151 5 125 27 51 145 11 179 207 80 207 181 220 190 233 94 60 99
    98 226 123 5 6 204 187 37 39 169 7 36 252 245 230 235 136 103 26 84
    182 202 75 158 113 180 178 2 175 93 18 176 169 31 161 147 254 250
    221 64 92 172 102 196 119 106 53 42 223 69 255 135 83 42 205 106 93
    184 175 217 113 93 157 83 122 122 47 105 93 29 83 29 169 38 125 1
    217 164 221 204 77 247 64 130 129 225 200 112 254 225 27 12 115 149
    92 92 248 81 116 164 251 170 214 45 118 38 192 169 207 113 222 227
    77 172 64 27 41 108 19 239 250 122 26 74 209 126 199 209 67 243 69
    73 7 130 77 122 127 177 22 207 80 106 97 10 199 89 108 134 193 103
    253 16 46 240 222 171 62 221 98 169 115 37 88 2 175 166 123 113 183
    40 161 207 244 62 31 42 246 89 244 97 149 88 184 238 255 12 29 33
    127 208 103 169 131 153 12 59 47 44 95 129 127 186 161 124 60 161 37
    212 7 9 114 29 206 10 100 14 64 217 85 149 39 183 18 141 226 96 248
    42 113 62 150 11 5 101 126 141 36 76 120 39 29 96 54 54 197 71 180
    10 41 22 217 216 162 4 133 162 28 211 34 176 49 45 125 10 36 16 58
    19 13 106 138 23 223 45 67 54 158 242 17 130 34 24 7 255 25 175 27
    19 196 134 64 186 125 156 102 87 95 20 230 103 96 148 255 104 77 137
    189 216 67 187 68 139 31 129 196 212 106 25 74 163 230 7 34 200 3
    120 84 90 146 94 133 100 179 89 78 142 81 209 70 184 101 163 164 26
    113 172 43 118 135 134 9 131 202 7 54 35 65 24 231 94 1 37 140 37 31
    52 15 25 19 22 202 219 171 36 104 171 211 192 118 123 181 117 89 65
    220 52 72 237 235 252 197 146 244 117 120 24 14 28 178 127 237 67
    251 108 171 119 60 56 123 51 103 25 95 20 190 240 206 204 80 13 178
    105 129 164 101 137 165 248 211 134 250 1 71 203 247 124 206 149 174
    133 76 130 161 163 198 181 8 12 3 166 9 1 3 16 252 147 183 99 200 27
    241 125 237 245 19 32 59 4 86 144 222 66 159 56 199 135 173 221 166
    144 42 45 124 215 106 121 236 201 209 98 60 184 25 196 208 25 216
    113 204 234 197 156 51 153 33 128 207 65 34 179 86 229 250 116 216
    193 92 6 156 31 46 132 43 255 149 237 201 1 76 61 224 239 131 216
    230 205 123 190 152 105 5 159 144 1 43 67 198 93 237 189 209 134 101
    91 230 16 182 50 239 150 224 180 33 65 34 201 192 169 11 201 214 221
    100 230 116 128 89 172 100 163 34 52 13 111 71 43 125 212 125 111
    201 142 209 144 204 207 251 249 227 223 212 116 218 94 44 214 254 40
    91 127 150 215 155 48 71 70 223 3 200 53 130 193 86 179 219 233 93
    81 191 70 232 225 153 192 86 102 18 165 150 4 58 202 99 226 6 103
    211 103 72 18 28 213 207 15 145 210 38 161 96 141 246 167 162 40 51
    79 241 171 116 115 2 22 41 182 6 63 145 203 35 176 42 34 236 134 204
    221 147 89 96 183 150 102 169 182 74 194 6 230 160 138 189 202 31
    203 114 52 150 189 67 58 45 155 188 163 161 131 243 85 96 168 208
    130 114 227 60 144 134 127 62 22 92 128 154 199 30 165 226 87 195 37
    166 136 90 53 78 31 218 173 88 77 143 156 179 103 192 121 193 220
    124 174 115 204 206 219 148 159 165 240 197 58 193 237 37 131 29 59
    234 125 135 189 82 163 229 178 217 70 25 36 107 113 68 132 0 60 223
    86 227 101 47 253 137 136 91 135 171 235 155 246 215 133 145 24 123
    123 126 99 200 114 201 111 13 254 244 164 134 200 106 185 116 213
    167 82 205 141 115 189 18 223 243 227 205 134 239 67 80 60 252 233
    241 39 190 72 112 12 21 144 2 6 188 154 12 19 225 183 108 216 40 31
    51 202 45 152 194 231 191 239 153 29 111 32 121 152 237 165 75 108
    121 58 77 125 251 44 108 199 238 169 229 82 165 217 163 48 168 82
    143 251 139 248 18 135 24 152 1 99 164 11 197 172 113 239 144 16 6
    184 154 190 69 4 192 112 200 237 246 70 211 144 39 245 208 9 75 49 1
    218 164 201 21 205 202 110 151 194 239 84 88 228 54 160 207 63 120
    64 201 99 173 220 51 21 88 49 180 41 47 115 86 201 29 144 237 84 226
    113 99 130 194 3 230 213 209 202 158 169 41 137 125 57 200 10 133
    232 210 156 85 39 88 203 37 142 165 166 233 155 186 32 5 215 133 41
    210 54 89 67 129 74 161 55 40 230 42 27 244 123 120 64 144 124 8 24
    76 60 117 158 6 235 231 20 205 78 21 193 217 51 7 217 193 100 248
    248 128 73 158 94 14 166 137 240 79 171 202 105 226 37 220 27 151
    104 116 226 141 165 43 253 21 214 5 246 226 115 176 218 214 126 229
    42 167 204 190 199 120 133 74 229 44 234 192 160 16 33 69 1 38 43 79
    7 5 170 92 86 78 20 176 235 247 27 172 47 213 139 223 121 54 94 116
    37 188 76 115 108 189 180 195 249 12 179 55 108 89 17 146 102 129
    217 72 61 251 192 40 123 59 170 142 115 238 112 90 51 6 69 213 197
    194 88 76 50 119 20 228 4 226 59 226 230 172 230 90 51 186 219 249
    108 248 73 78 86 50 212 94 131 68 214 194 201 97 15 153 84 93 209
    114 3 238 93 95 121 181 202 246 79 125 90 69 64 237 192 1 255 217 73
    83 244 117 164 127 28 34 218 77 55 22 97 102 254 186 105 150 241 238
    58 59 198 51 223 241 160 89 231 138 232 125 158 221 143 38 172 53 77
    56 188 135 126 9 31 190 75 11 132 87 81 150 88 163 117 200 99 110 47
    87 156 49 75 148 111 205 14 137 69 131 36 186 96 22 20 15 235 117
    145 145 162 173 188 171 172 99 139 228 204 182 218 162 63 167 15 107
    96 25 183 10 11 202 104 224 55 45 83 181 123 29 226 129 58 49 86 157
    184 143 160 69 245 57 180 6 64 203 67 212 151 241 127 141 153 16 108
    139 63 204 129 19 19 141 194 199 24 110 191 60 195 131 171 128 226
    11 141 234 117 224 126 14 137 186 255 25 161 196 229 150 252 29 217
    52 64 147 107 26 109 235 36 18 154 26 238 157 48 218 20 13 87 218 38
    94 246 156 12 196 28 55 8 213 25 190 162 237 205 204 154 6 39 198 34
    4 148 107 253 45 230 37 239 169 91 80 50 111 221 20 57 96 225 141
    131 123 70 173 175 242 86 221 222 86 87 46 205 71 70 221 149 42 230
    66 71 40 179 72 141 145 235 17 190 197 175 124 84 216 120 163 86 22
    246 51 233 172 239 159 103 31 245 102 99 216 40 238 113 177 122 165
    58 43 43 243 96 243 36 165 83 169 253 141 255 101 245 87 90 125 121
    1 191 53 170 104 93 5 222 44 20 251 32 108 249 187 208 79 232 91 250
    185 104 72 208 192 168 161 19 90 143 204 153 95 223 156 167 108 182
    7 204 15 93 246 26 36 109 39 136 158 134 192 102 71 68 126 44 81 19
    115 138 152 106 11 77 136 180 84 110 49 200 77 137 85 37 129 152 132
    173 139 243 26 178 237 174 180 160 186 177 189 119 93 179 192 145
    208 98 228 230 177 16 169 181 43 133 132 237 188 151 106 164 218 209
    110 2 90 121 145 103 6 129 30 93 169 238 254 99 32 73 36 76 224 244
    137 97 250 49 12 182 172 109 233 174 144 176 100 104 252 6 68 161 14
    30 155 216 113 107 130 4 129 204 127 87 247 85 50 39 16 89 216 195
    116 34 215 225 209 72 48 157 219 255 122 14 203 97 18 217 169 16 137
    93 215 143 226 76 117 180 22 167 106 208 5 90 48 128 240 95 9 126 19
    36 214 36 192 11 54 3 102 71 160 14 233 98 22 243 94 220 165 68 11
    214 142 9 74 74 161 51 24 66 130 101 146 229 158 12 15 192 89 66 248
    91 181 36 128 223 5 180 237 2 194 113 221 7 155 119 57 227 203 21 69
    184 216 73 109 203 215 247 171 84 136 17 189 218 124 214 189 11 251
    166 253 155 217 102 163 122 2 73 211 25 95 73 231 21 109 174 212 123
    186 114 211 175 124 27 123 135 11 103 116 116 196 21 123 23 46 63 99
    48 66 79 102 120 237 190 207 228 203 8 7 80 137 193 131 136 144 43
    79 239 89 212 193 179 190 169 167 92 97 99 67 249 85 194 200 146 156
    118 160 123 140 202 221 192 176 28 84 62 74 204 183 64 127 131 213
    205 34 84 52 63 228 61 140 32 190 238 207 217 123 184 196 219 133 35
    131 10 89 207 179 138 58 41 78 61 11 147 197 122 82 229 188 70 197
    119 75 38 180 94 87 68 114 230 119 72 35 166 32 155 39 31 105 192
    132 86 46 52 165 231 85 218 217 170 36 204 125 223 160 62 101 35 111
    134 69 203 157 5 88 147 29 158 92 10 61 37 200 200 91 85 71 138 143
    33 228 232 83 244 43 162 254 78 119 191 43 12 250 187 163 23 185 106
    106 188 196 46 225 21 32 94 211 8 112 157 191 84 253 104 125 176 87
    141 241 164 63 91 166 150 164 197 60 84 6 154 64 224 62 17 64 199 73
    194 227 182 104 56 54 130 21 89 224 96 47 94 166 77 211 45 110 114
    119 200 63 14 109 235 67 69 171 170 86 142 66 190 162 254 78 40 52
    46 236 113 190 107 250 174 96 177 173 175 114 249 174 88 255 151 182
    158 251 3 170 149 99 104 219 84 119 31 111 83 153 207 20 148 21 150
    167 116 87 207 89 52 42 250 56 134 219 250 17 186 217 235 195 158
    231 158 178 238 35 166 59 227 155 42 169 163 151 167 148 80 31 88
    100 131 18 235 8 117 64 82 208 205 178 148 47 73 134 106 191 17 79
    50 158 5 65 88 73 96 97 58 112 213 149 175 51 112 145 12 144 187 227
    106 249 4 14 243 210 145 102 195 128 171 197 138 26 242 6 207 125 93
    221 16 57 251 81 38 204 122 188 78 87 152 54 244 51 174 206 184 124
    226 206 88 246 199 100 9 74 90 236 50 10 26 120 85 185 117 154 18 19
    167 247 248 254 28 0 23 10 235 38 21 104 218 45 126 132 176 91 61
    214 154 175 165 169 210 230 7 234 185 189 194 20 82 142 114 234 244
    16 211 255 75 12 50 13 69 76 62 133 7 106 180 245 9 49 251 190 133 2
    65 81 103 41 113 128 230 139 146 14 162 214 250 247 142 155 204 128
    35 100 144 240 62 141 224 69 8 240 237 76 112 78 217 26 57 237 251
    45 20 121 164 235 96 231 194 39 175 215 56 194 84 194 64 84 90 59
    177 68 78 184 185 85 188 16 86 89 194 127 58 87 136 130 16 191 56
    246 45 13 159 147 18 219 37 11 185 38 199 251 20 125 23 164 181 227
    92 154 129 70 90 244 53 217 57 92 31 240 64 178 140 62 117 140 7 161
    19 133 15 91 247 186 229 82 157 103 93 183 220 214 189 48 229 91 117
    3 171 31 190 41 236 233 27 158 213 235 27 82 248 197 7 252 201 4 132
    33 13 218 222 54 154 188 186 180 82 101 86 21 201 81 254 76 134 231
    183 72 214 76 91 10 10 236 117 53 77 25 100 129 95 61 124 201 233 36
    112 138 20 203 96 87 178 149 123 184 79 22 65 155 227 210 129 244
    143 132 10 38 109 201 247 161 251 160 73 117 147 128 246 112 48 61
    67 59 204 184 164 77 184 235 145 15 201 41 110 151 35 148 6 148 138
    137 0 67 201 195 182 235 37 125 74 10 72 157 252 189 92 178 99 155
    160 78 190 92 176 0 230 39 194 105 127 134 72 217 78 164 167 16 64
    164 252 76 95 177 73 49 201 121 129 101 226 20 106 233 240 198 68
    154 3 37 7 247 114 110 237 2 163 124 150 124 237 163 7 167 59 176
    212 226 155 117 243 68 224 189 24 205 69 247 97 145 18 24 81 9 154
    205 226 162 229 115 77 228 243 33 39 218 38 220 216 71 103 56 129
    124 117 232 224 196 45 86 53 176 119 101 102 14 110 72 101 20 93 33
    0 104 157 111 146 126 184 243 94 135 81 224 250 182 1 151 192 89 224
    160 154 206 39 180 105 204 90 18 190 194 34 137 228 150 57 219 43
    178 177 92 215 168 2 172 151 213 49 238 169 231 129 18 239 168 59
    151 227 115 108 39 182 141 145 122 81 190 129 105 175 28 117 16 244
    155 11 236 129 250 196 134 75 93 54 243 56 215 88 166 9 243 83 253
    16 58 202 132 187 129 242 35 178 43 110 197 55 95 221 164 248 153
    116 130 48 50 0 244 50 200 187 243 4 195 171 196 154 109 118 229 75
    237 159 170 6 209 251 110 123 169 154 157 52 157 121 64 64 26 44 53
    170 141 37 214 126 42 166 163 63 202 151 251 212 193 86 243 229 229
    125 21 54 214 37 222 30 137 114 107 241 157 77 35 1 238 156 35 206
    157 166 192 2 172 195 125 124 154 120 148 73 175 236 14 161 172 248
    135 30 253 144 252 52 15 201 205 161 178 114 221 28 248 187 182 10
    119 236 217 179 219 238 161 208 214 170 254 99 81 246 253 136 5 106
    19 7 80 5 213 60 89 180 236 150 148 227 225 67 34 205 155 245 165
    204 155 133 135 140 0 155 142 181 38 35 201 234 249 43 220 26 28 255
    142 31 69 188 45 138 59 97 45 97 103 34 227 243 250 50 194 250 87 24
    83 141 150 208 59 224 144 165 245 17 42 159 128 202 110 224 83 147
    123 12 130 192 220 201 10 153 42 157 77 174 14 186 141 196 85 7 245
    126 123 31 237 155 83 154 209 44 107 114 127 200 154 255 4 26 202
    165 93 204 205 224 182 200 185 97 180 64 169 56 0 80 178 85 65 30
    217 52 19 71 71 196 237 138 49 84 150 186 81 249 53 35 232 228 100
    199 126 170 179 5 165 127 80 122 8 66 164 47 25 241 135 216 204 1
    230 194 193 68 219 114 73 102 165 232 218 20 92 96 80 244 232 146 68
    139 181 208 127 201 36 16 76 136 0 68 120 89 22 23 42 65 242 17 191
    39 99 50 38 139 166 49 226 169 135 151 210 170 194 80 201 211 72 124
    124 149 134 41 4 30 26 13 40 97 225 7 35 207 236 44 0 234 155 62 82
    172 37 127 123 252 104 222 128 8 10 35 6 186 97 47 127 251 53 94 141
    87 145 168 224 145 151 73 140 220 235 6 143 207 81 169 246 156 93
    227 81 113 22 170 56 188 28 138 74 221 160 184 187 75 0 23 178 211
    90 129 74 22 134 204 93 129 129 129 89 142 77 216 197 128 144 46 93
    231 172 13 245 132 68 155 139 211 165 173 41 215 14 55 134 230 67 55
    160 213 42 43 169 174 64 8 203 92 133 51 62 213 13 28 17 66 57 46
    128 128 44 200 249 110 193 211 154 77 220 92 12 104 219 232 201 29
    207 134 186 25 225 74 63 245 61 1 192 140 96 173 207 19 168 192 69
    73 75 150 200 18 20 151 119 57 2 155 59 30 25 233 125 136 129 0 136
    184 164 173 156 105 193 165 146 5 44 11 189 22 138 229 239 99 136 25
    38 240 96 188 189 134 196 218 194 231 247 130 27 161 49 201 63 82
    227 89 149 120 74 116 55 206 95 179 71 67 203 134 132 79 95 227 128
    112 171 177 115 134 48 201 103 204 122 202 12 164 73 62 10 37 158
    172 136 19 93 240 228 76 12 152 185 219 104 103 145 176 9 117 85 40
    159 161 8 208 57 147 20 108 103 170 127 106 134 46 10 168 238 174
    163 42 226 87 144 54 18 245 150 173 120 224 2 29 104 101 200 100 115
    38 197 63 9 16 154 251 201 226 69 80 163 34 225 164 82 247 36 61 243
    75 39 156 214 227 255 159 4 100 49 46 191 246 190 255 96 201 173 196
    184 79 74 106 33 83 188 128 237 80 178 175 240 32 108 209 160 88 102
    68 202 240 185 218 101 155 107 167 150 106 65 17 167 222 9 38 142
    236 81 241 98 34 131 7 131 91 140 81 155 33 101 235 203 106 43 10
    113 238 55 4 126 151 16 251 78 223 84 149 4 32 84 31 37 254 117 19
    73 125 96 229 158 63 14 230 6 219 120 21 96 164 252 40 251 240 225
    213 18 96 136 88 128 141 80 22 226 15 56 46 93 148 150 106 178 131
    246 44 249 62 185 86 94 178 119 233 208 63 226 177 178 177 25 136 69
    0 6 24 209 72 76 175 50 110 222 211 21 242 152 131 71 132 54 2 216
    95 94 0 219 162 13 91 197 145 195 16 11 162 201 88 66 49 129 10 135
    195 111 196 217 153 99 213 100 214 70 173 3 95 54 155 71 102 162 8
    63 142 225 173 217 97 178 22 14 77 211 211 4 218 129 153 192 53 199
    138 12 39 173 68 65 131 100 103 140 2 71 112 91 54 121 125 239 231 6
    188 93 250 115 25 195 253 145 67 140 250 129 140 94 22 242 74 188
    238 125 165 149 27 47 83 28 172 167 57 151 200 169 227 50 240 69 106
    34 145 177 155 88 226 123 206 247 112 1 132 74 18 194 147 192 105
    223 130 36 249 39 24 119 125 173 21 48 160 1 48 128 65 216 129 39
    133 212 0 110 238 77 66 233 239 31 248 232 99 169 13 84 255 244 80
    10 240 58 43 90 161 24 140 72 232 109 14 98 119 177 130 123 155 53
    27 177 235 57 181 65 83 90 13 59 95 117 152 90 88 225 252 162 181
    245 135 53 169 237 236 24 205 154 169 1 49 5 28 112 66 222 197 247
    223 27 163 65 147 92 76 120 71 186 155 170 201 126 63 247 162 201
    106 199 110 65 198 148 15 236 126 230 81 235 52 70 65 139 132 117
    176 57 27 90 220 208 164 48 10 236 185 128 26 204 44 227 59 3 232 25
    241 150 32 140 170 69 19 202 24 187 105 181 88 75 88 8 228 81 41 243
    218 248 123 137 22 67 134 169 162 68 236 226 241 94 7 180 214 250 92
    147 204 69 224 111 220 45 219 117 175 213 236 50 204 136 61 36 246
    70 228 177 75 125 10 36 172 22 211 160 159 124 74 65 87 171 47 170
    183 169 216 198 180 183 41 63 177 233 202 239 148 161 27 14 224 125
    132 72 138 205 168 25 254 179 92 211 129 35 158 143 253 105 157 69
    194 188 170 80 237 32 234 212 87 80 109 220 72 80 55 190 210 116 173
    41 46 117 22 157 199 184 237 96 151 211 11 145 231 243 112 245 6 59
    60 159 68 210 169 199 67 73 24 178 89 185 98 10 84 72 35 23 39 133
    23 195 57 49 114 90 123 14 181 195 149 38 166 185 30 252 219 21 67
    96 128 188 115 49 237 175 67 113 123 227 244 172 181 17 164 6 159
    191 132 16 80 143 219 49 209 57 180 175 81 32 46 114 128 175 157 98
    213 79 64 116 75 170 110 198 17 190 93 141 163 86 197 196 65 60 105
    195 40 98 56 223 110 162 127 84 110 63 200 60 157 12 22 161 96 63 81
    63 183 216 131 25 9 159 100 214 156 188 99 61 221 65 32 82 165 219
    165 55 246 248 169 133 188 79 107 190 16 147 232 48 242 9 140 67 20
    100 76 221 2 8 28 114 113 226 71 11 56 244 214 221 155 160 143 47 93
    97 252 235 247 174 132 13 96 71 120 18 34 204 8 218 55 55 144 41 107
    239 243 22 62 187 192 246 68 73 116 102 240 246 227 207 155 122 208
    239 205 11 76 27 222 20 137 225 97 24 135 31 254 26 72 76 252 245 85
    176 63 205 120 20 34 81 151 185 207 105 129 191 184 185 226 204 160
    50 170 92 58 57 72 172 11 125 21 72 75 195 247 52 62 76 143 223 19
    23 180 44 91 108 108 82 134 244 225 35 198 208 74 21 27 129 46 23
    244 59 9 230 3 126 18 198 118 252 66 173 221 115 92 221 184 200 209
    169 210 94 193 62 250 48 148 165 125 117 27 65 219 124 213 203 81 74
    167 166 131 131 222 187 193 31 101 74 98 244 231 129 66 212 211 34
    170 175 146 241 222 111 69 54 103 35 221 122 123 235 77 4 14 106 133
    223 130 27 216 0 32 240 210 40 105 81 203 67 109 61 218 46 99 77 216
    49 53 84 44 185 141 171 172 161 161 5 90 154 133 201 23 207 132 187
    68 79 90 177 129 123 193 241 170 28 12 77 110 40 212 89 219 237 180
    91 175 192 13 149 67 47 12 112 84 252 199 48 106 227 183 35 172 176
    132 88 25 103 120 2 7 40 144 149 188 133 58 59 117 156 77 140 113
    183 195 144 92 202 114 124 121 237 194 185 40 22 232 196 115 42 157
    89 64 184 204 224 248 99 230 161 135 203 174 31 116 111 193 80 249
    99 237 225 138 149 133 193 16 31 24 144 60 186 141 213 30 134 13 167
    21 4 221 161 180 190 95 198 255 62 191 177 3 242 243 47 250 228 56
    89 205 209 203 52 89 174 16 114 78 192 44 59 46 20 236 239 255 148
    186 107 109 138 81 248 49 252 1 77 38 71 118 63 20 119 41 213 93 174
    33 72 169 185 86 167 182 24 185 193 12 204 216 44 232 227 47 42 112
    191 150 44 68 161 100 207 117 172 68 191 203 209 71 153 229 149 94
    197 40 241 167 153 104 99 14 203 117 215 153 74 248 224 7 139 34 51
    174 95 254 51 196 38 88 180 15 156 22 191 154 242 206 211 176 63 26
    235 196 121 92 79 197 49 235 151 30 93 223 71 10 179 111 189 95 10
    194 157 238 65 171 128 33 167 188 163 21 14 229 239 127 248 86 97
    200 29 97 135 155 220 235 74 46 41 243 24 138 112 101 253 198 128
    163 154 192 156 162 187 80 14 45 96 150 124 239 233 5 86 182 22 84
    56 120 76 70 242 44 205 120 238 211 30 212 16 254 223 97 149 127 162
    69 239 212 67 172 220 103 86 40 54 128 186 83 152 149 69 105 110 7
    43 103 17 78 181 117 93 218 127 200 106 71 120 141 182 72 212 15 160
    197 98 116 14 42 2 112 84 143 167 144 227 233 66 133 234 15 51 24
    190 238 245 204 196 66 40 5 193 102 97 218 31 238 9 121 53 184 222 6
    6 72 90 136 39 152 132 205 67 63 215 11 40 184 167 244 102 29 24 136
    79 166 168 157 39 27 81 90 34 143 38 244 136 172 206 243 234 35 5
    149 119 122 25 66 92 174 37 107 19 112 163 10 97 194 77 3 179 17 101
    11 182 15 12 78 137 186 98 239 187 70 100 115 235 254 108 193 5 141
    145 136 205 236 4 231 70 88 166 80 185 125 226 227 225 145 51 244
    123 140 200 54 75 122 60 89 146 160 60 213 148 106 237 16 192 237
    176 226 185 185 132 217 201 83 92 155 150 112 103 239 218 80 38 246
    168 242 144 108 140 131 138 177 55 148 3 233 91 52 40 234 42 102 43
    158 216 40 155 173 72 85 100 175 186 120 247 11 110 69 53 187 200
    243 154 155 155 211 21 116 141 216 184 203 200 223 59 196 230 152
    166 105 109 130 135 188 64 204 1 220 34 175 160 68 193 52 183 176 75
    90 154 246 124 196 196 222 180 55 82 53 252 143 18 206 171 237 32
    253 116 107 28 140 206 161 172 61 88 53 225 20 136 159 227 132 125
    42 77 78 219 105 18 244 255 247 122 40 119 146 36 31 210 227 155 214
    35 64 18 74 117 50 61 116 218 60 134 63 109 191 36 255 209 102 227
    30 92 157 126 226 28 171 100 199 81 64 161 207 215 186 117 133 183
    16 27 202 193 132 249 66 149 21 145 131 190 196 160 39 178 147 94 52
    44 168 21 219 130 44 126 36 21 61 149 240 27 198 1 160 7 83 159 193
    135 73 55 255 210 93 147 245 198 160 52 19 230 106 24 105 30 220 132
    189 101 224 155 105 51 117 128 48 152 116 77 56 218 201 141 71 79 42
    216 179 52 71 162 213 202 212 17 174 116 136 220 142 103 144 186 122
    193 124 3 205 210 161 227 125 59 172 244 251 202 59 194 122 109 221
    190 67 121 92 243 1 106 20 189 107 94 7 66 12 169 124 9 76 187 57 14
    21 210 150 162 249 198 24 198 66 110 219 30 18 226 140 226 116 1 72
    133 218 125 156 164 53 250 172 156 47 161 47 142 104 214 176 195 240
    240 75 21 79 253 247 187 108 73 189 49 92 106 164 140 140 107 109
    144 96 113 179 148 189 80 136 166 231 229 65 191 54 154 209 241 9 26
    148 125 225 108 144 56 11 213 228 76 85 126 226 203 196 134 47 71
    168 245 234 248 90 59 141 15 158 95 255 245 113 129 234 4 15 15 147
    34 153 200 6 122 33 7 5 27 127 211 103 47 143 239 76 47 93 250 206
    67 240 252 168 147 21 254 59 31 145 80 245 217 167 18 182 203 67 237
    199 144 78 0 152 9 28 180 165 87 130 125 81 253 62 103 180 144 16
    173 224 216 5 139 246 254 11 184 238 45 107 105 114 6 254 32 28 69
    178 242 157 200 146 173 216 87 76 237 14 35 109 81 61 127 96 121 180
    114 242 197 255 159 211 141 83 191 216 136 48 179 105 49 129 107 240
    235 193 183 160 205 32 36 161 68 94 101 138 170 224 104 74 115 252 4
    247 187 91 71 100 168 228 209 45 201 219 53 92 190 254 254 104 68
    111 166 208 207 170 20 43 142 158 34 8 198 203 99 115 0 21 81 23 155
    17 47 223 95 243 102 127 177 26 241 142 78 197 215 87 138 213 137
    136 157 124 27 53 190 234 77 251 115 108 20 251 75 106 187 192 39 28
    92 197 46 118 250 196 23 129 48 242 58 88 125 3 245 212 36 109 61 91
    120 69 249 219 213 55 156 174 16 128 108 38 182 194 5 35 189 156 146
    248 249 118 208 52 208 132 121 30 30 167 130 145 135 101 170 131 157
    197 62 91 92 27 48 16 200 12 149 112 107 116 174 254 203 49 87 37 44
    131 150 13 221 218 164 200 0 48 164 152 55 66 139 7 28 181 153 77
    110 173 63 50 152 110 224 31 15 59 171 177 73 107 33 88 240 74 12 41
    161 239 251 161 202 177 239 217 178 59 232 66 125 85 76 96 192 56
    175 170 91 66 108 194 175 202 204 151 250 155 251 69 62 192 223 46
    133 143 52 255 160 103 189 162 243 7 83 18 116 16 238 205 193 121
    250 153 187 1 15 151 119 40 151 222 117 138 82 246 21 52 105 205 143
    27 72 205 102 39 219 254 216 170 246 253 34 157 255 145 202 32 100
    31 129 44 225 65 151 101 49 177 233 207 66 142 57 244 45 243 30 136
    56 33 39 166 11 164 39 144 133 181 208 157 163 158 222 239 161 126
    49 1 142 67 33 58 221 203 134 83 192 11 220 223 122 249 98 12 232
    133 114 48 229 229 92 238 151 122 222 214 175 50 103 200 121 98 15
    142 193 59 203 181 174 12 77 232 7 174 5 62 100 170 130 27 228 47
    192 165 197 111 208 143 130 197 147 51 74 133 154 63 140 191 206 236
    57 16 72 53 72 153 192 14 225 213 47 187 98 153 65 120 54 148 131
    117 94 255 91 183 24 228 111 23 231 182 74 67 152 172 57 103 139 144
    168 80 194 212 201 244 74 154 30 55 95 199 114 146 9 210 105 105 101
    35 150 0 62 14 161 9 227 31 160 58 6 112 201 0 54 85 132 136 130 140
    44 203 1 195 115 50 185 119 51 119 37 219 194 110 53 62 14 232 43 30
    16 165 57 16 232 163 71 41 110 251 2 119 174 251 114 101 37 122 12
    97 206 150 52 231 253 171 45 105 93 192 194 16 46 196 224 204 143 68
    56 212 53 115 147 58 112 13 38 207 238 46 12 214 209 6 18 248 111
    228 86 158 89 188 155 121 106 40 94 37 250 140 81 247 139 167 118 56
    192 137 118 234 218 142 231 28 215 197 76 232 244 89 114 215 243 195
    144 7 33 192 39 185 171 97 79 226 55 76 128 238 218 46 122 211 49
    122 209 33 48 115 145 171 226 93 213 236 149 115 161 116 231 121 85
    173 217 96 109 12 170 108 54 126 48 6 9 116 93 199 242 133 189 57
    253 182 21 180 159 226 221 198 126 247 16 15 1 150 57 223 205 105 29
    238 218 119 112 107 124 90 53 119 88 197 223 22 88 241 79 178 136
    230 74 156 197 49 117 58 236 98 221 73 228 34 171 176 203 74 234 210
    49 245 89 147 160 184 235 38 237 183 222 171 46 212 228 216 70 100
    250 100 130 94 28 22 232 136 145 105 39 6 42 238 206 114 253 63 125
    212 241 58 59 3 111 115 120 207 67 157 203 162 89 28 114 126 234 21
    48 225 154 51 142 243 50 233 198 62 42 130 111 31 202 144 231 78 151
    148 59 18 173 16 119 230 107 201 90 208 203 167 65 88 1 153 116 147
    228 209 141 206 222 213 206 255 208 188 183 116 45 134 113 140 11
    138 148 113 175 101 21 10 16 171 93 167 76 24 135 101 124 133 172
    114 232 45 84 142 50 9 86 152 52 124 61 118 12 7 244 233 170 193 222
    80 8 163 76 137 8 72 110 45 58 37 70 107 195 247 118 214 113 154 121
    171 174 21 65 3 174 101 7 216 19 30 150 229 163 45 168 165 68 23 247
    131 88 37 6 240 214 136 78 177 232 124 103 49 140 148 96 28 14 110
    148 211 50 77 82 107 243 135 139 65 13 150 229 201 231 73 193 112
    254 158 194 226 180 154 239 188 173 86 96 88 176 47 18 89 190 34 42
    21 142 129 54 18 195 8 179 80 149 16 8 133 150 176 166 11 96 168 183
    48 89 17 54 104 162 19 247 166 193 152 42 60 245 76 36 4 80 234 208
    181 54 72 122 18 218 27 77 200 182 109 89 193 142 246 241 52 164 13
    61 156 73 119 92 37 137 184 54 226 30 4 114 69 236 200 202 188 34
    195 10 33 234 246 82 32 156 190 90 236 54 38 254 122 136 206 48 179
    117 82 131 234 251 29 147 66 187 133 133 234 79 139 130 29 58 105
    213 86 196 79 235 29 181 39 122 0 212 233 174 124 254 146 228 110
    185 73 48 111 199 79 117 204 23 98 58 48 39 255 35 168 147 140 113
    62 212 215 5 253 144 224 106 222 8 197 208 189 53 102 0 59 194 187
    166 172 132 90 20 151 223 218 180 147 219 233 22 45 61 154 117 227 3
    250 249 149 121 44 194 210 119 212 254 13 14 156 199 117 128 215 41
    208 221 115 175 202 58 17 232 41 26 66 140 147 7 212 19 158 232 101
    146 92 128 12 131 168 144 187 56 176 45 177 152 30 153 234 112 27 8
    212 116 206 251 142 35 71 213 242 167 167 27 235 222 222 125 214 217
    143 185 218 86 149 70 188 255 2 198 138 215 185 56 122 184 150 144
    64 119 66 188 61 56 172 243 24 202 11 196 18 89 208 31 59 103 31 234
    44 144 132 248 6 10 203 246 171 170 70 97 214 152 41 184 184 69 185
    146 187 198 16 124 52 228 206 243 173 254 111 137 17 165 220 222 29
    140 233 164 143 158 142 45 153 147 255 27 78 96 228 164 194 114 130
    32 222 146 29 133 134 2 28 247 73 135 33 108 202 213 55 35 9 185 108
    173 211 132 43 53 88 13 42 168 100 224 4 145 61 208 165 72 17 91 165
    217 78 192 78 154 41 193 177 49 250 229 93 133 220 42 81 126 22 189
    54 128 57 205 42 128 122 213 100 196 177 183 205 223 131 239 19 183
    71 184 170 142 137 76 240 106 20 174 11 51 111 205 101 33 153 231 60
    244 246 26 251 110 114 169 157 80 78 113 92 173 47 73 204 69 107 131
    245 236 90 178 109 118 235 72 48 6 198 81 194 246 166 18 241 190 252
    68 196 5 28 247 132 243 116 11 61 228 217 105 129 163 229 179 183
    144 151 112 167 109 94 150 147 146 95 149 97 72 104 215 23 233 200
    22 4 92 136 11 57 106 253 201 98 37 48 75 61 222 83 117 137 135 36
    22 173 146 84 130 157 128 18 146 117 240 122 25 59 187 59 156 92 137
    247 135 29 126 238 142 184 155 18 117 89 171 212 225 51 32 0 229 176
    235 255 45 178 23 133 34 14 19 198 66 156 163 6 151 33 35 172 27 217
    245 225 213 147 33 35 144 66 4 240 177 131 105 9 77 38 91 245 49 210
    114 227 94 54 193 105 140 6 68 39 154 193 49 122 74 189 201 254 245
    119 201 179 41 244 159 195 242 20 26 252 7 204 95 68 132 93 213 169
    214 110 73 75 42 214 21 146 54 99 4 212 120 21 125 66 231 253 80 78
    84 227 172 229 122 55 72 114 100 179 4 26 163 239 252 73 96 100 229
    174 196 101 38 134 2 77 176 171 3 50 63 72 135 106 9 32 58 122 216
    41 45 66 16 189 160 15 225 181 128 12 140 179 227 12 45 240 231 106
    183 143 131 158 65 139 70 188 161 207 240 19 153 57 204 174 24 164
    61 70 158 208 70 224 123 91 112 208 24 70 133 28 218 121 88 241 64
    60 226 236 175 146 236 123 134 57 190 218 127 238 210 139 32 223 215
    149 76 13 47 198 55 35 253 102 72 76 57 157 17 141 83 54 125 133 118
    54 31 242 177 28 196 191 6 194 26 199 123 93 131 105 97 112 160 214
    127 73 234 115 88 141 244 15 36 56 70 171 176 249 200 152 205 63 207
    72 118 75 96 221 150 97 150 11 78 235 50 198 19 232 106 242 230 208
    203 20 231 177 108 197 153 224 14 99 114 31 137 220 4 65 161 49 175
    135 72 2 181 122 127 63 63 158 48 84 69 195 44 78 136 65 226 148 189
    223 116 124 37 225 249 198 26 36 159 32 153 205 134 164 188 113 15
    127 87 121 101 172 137 206 130 153 145 9 223 199 83 45 245 118 185
    108 89 199 126 194 107 203 96 80 190 76 98 6 103 37 56 132 7 26 50
    227 121 218 245 239 42 30 47 75 160 1 137 45 40 51 67 114 120 119
    104 246 252 118 157 27 158 80 32 80 224 161 25 162 204 23 109 98 206
    201 219 32 7 154 196 224 146 199 212 158 65 94 97 228 175 70 69 87
    118 79 146 253 229 116 28 175 7 166 144 106 68 30 99 103 82 254 165
    24 234 67 69 146 230 13 117 254 104 206 99 254 198 174 16 11 172 18
    167 171 107 37 206 147 202 49 79 2 14 93 99 55 42 87 141 15 171 158
    70 157 235 25 72 55 29 63 47 172 95 55 255 212 23 78 187 83 192 236
    184 2 164 174 57 51 82 16 202 43 102 233 14 128 118 39 104 47 237 83
    140 163 117 145 59 21 174 93 247 159 149 233 76 155 85 253 31 62 157
    186 187 18 117 96 97 149 204 131 16 165 42 92 172 117 62 182 198 62
    166 52 155 167 56 76 38 147 58 125 72 51 117 219 57 153 144 189 166
    231 189 20 216 66 173 201 155 63 227 168 120 53 48 13 146 117 221 52
    120 5 214 32 137 63 69 216 5 237 212 180 116 211 237 101 129 42 247
    12 217 45 174 231 126 92 130 245 212 112 136 180 242 119 53 227 45
    38 24 49 4 243 27 27 20 151 169 187 145 108 66 146 91 18 62 76 169
    120 191 53 40 20 170 216 93 13 103 38 214 229 46 142 134 19 158 181
    111 56 148 97 106 60 12 61 10 26 141 10 140 218 61 78 128 251 157
    108 53 158 205 134 156 157 149 120 28 14 232 253 63 45 88 182 119
    205 169 89 186 157 50 180 201 201 177 244 209 67 47 95 16 75 202 20
    200 121 43 96 91 56 44 94 111 82 44 43 63 77 63 0 238 1 183 177 205
    127 180 192 170 143 65 12 108 237 210 154 69 150 132 183 128 57 104
    218 51 161 196 174 215 16 93 197 144 143 136 201 50 82 173 66 155
    189 74 15 34 195 11 146 81 246 29 69 152 128 251 236 171 241 251 172
    212 227 47 55 83 201 228 197 22 5 188 93 193 87 160 175 0 107 151
    201 106 255 153 109 13 146 92 36 62 14 148 43 194 54 207 169 171 97
    69 88 106 186 58 157 251 87 17 192 172 83 240 156 134 36 83 3 39 236
    136 173 167 172 126 163 32 240 23 77 239 243 54 251 172 59 14 235
    189 72 145 242 161 235 64 139 90 69 128 107 162 226 3 150 171 97 232
    122 57 218 102 237 148 30 159 111 87 217 172 177 93 235 115 249 116
    153 186 66 147 234 19 218 35 77 96 155 225 214 173 6 84 43 238 236
    207 60 53 108 85 209 74 53 50 106 185 72 198 40 75 81 96 202 243 92
    50 248 61 5 246 55 216 9 84 166 181 26 131 225 162 162 72 14 182 216
    71 118 16 192 64 26 1 148 112 71 49 101 86 209 162 166 215 58 155
    175 186 110 81 72 104 29 16 107 89 41 185 172 89 39 242 38 236 24 18
    185 255 119 48 34 40 168 132 87 247 116 53 251 13 69 249 225 40 182
    61 195 57 4 212 236 105 85 69 61 254 248 59 215 110 74 142 43 137
    214 32 108 83 253 50 154 252 147 60 230 116 207 35 140 223 167 111
    159 182 47 14 72 229 227 102 245 136 11 97 147 88 123 176 205 130 90
    42 114 147 180 27 212 3 51 204 70 237 130 32 255 81 29 225 158 179
    34 119 233 66 255 48 189 213 182 67 250 218 210 58 4 31 27 44 240
    150 20 241 40 231 1 49 30 35 23 51 137 243 99 213 212 142 87 213 91
    58 193 134 1 30 100 80 66 29 111 184 98 143 218 157 222 206 243 155
    110 191 58 159 84 153 14 223 147 85 4 166 42 144 189 120 214 45 123
    209 97 21 73 222 140 139 33 248 41 110 72 121 10 24 35 132 219 0 189
    203 153 112 190 234 35 28 52 132 33 63 42 9 133 113 98 179 75 16 93
    228 134 108 88 65 69 194 216 33 223 28 241 11 89 187 72 249 102 69
    198 59 209 86 107 216 80 23 42 6 95 107 54 147 10 60 1 70 192 97 123
    59 13 153 193 91 148 66 161 239 48 26 114 212 195 35 197 70 66 242
    135 131 30 125 221 136 51 193 247 89 168 185 169 203 128 130 3 95
    106 114 153 244 47 99 118 25 17 68 189 164 188 57 151 241 151 25 64
    224 130 182 213 10 103 6 97 197 157 204 30 161 146 146 94 102 214
    234 139 176 58 229 54 127 127 164 67 119 192 55 223 207 164 124 46
    157 196 0 244 115 167 199 123 140 44 120 149 181 241 103 94 160 221
    4 71 130 154 209 141 115 155 204 211 158 182 238 152 14 228 54 24 95
    113 21 112 132 86 138 177 159 243 8 6 193 250 218 90 22 153 223 238
    208 30 116 33 222 101 71 51 11 155 65 223 133 44 244 24 233 1 251 11
    250 230 20 210 5 213 71 93 95 133 34 124 215 161 194 103 31 165 121
    230 8 174 218 26 96 205 78 17 141 164 42 203 141 148 200 148 2 242
    254 76 233 96 81 168 19 239 168 231 196 50 243 65 117 203 2 223 29
    31 137 116 50 91 200 44 237 150 103 141 60 187 41 125 192 225 236
    195 147 124 45 74 136 180 30 75 227 19 106 68 96 232 138 199 150 231
    65 245 90 7 140 32 248 169 74 89 221 65 61 144 53 122 214 246 192 83
    141 140 42 106 133 176 238 25 230 213 68 1 195 243 39 56 67 238 11
    139 81 211 140 204 181 144 253 114 147 184 195 71 209 43 181 193 230
    232 11 39 245 131 249 253 58 27 239 96 194 24 109 26 77 160 147 158
    16 69 85 109 152 41 192 87 32 21 5 164 200 21 86 231 251 186 14 15
    151 11 252 84 125 216 22 251 3 2 201 85 154 138 218 111 159 239 56
    129 137 65 124 125 125 177 56 74 127 183 76 18 146 148 47 218 108 29
    253 253 67 8 108 127 172 83 51 168 155 253 64 30 209 55 221 132 139
    116 255 14 88 130 24 55 2 79 144 3 178 62 28 137 98 247 155 40 143
    223 213 60 85 46 97 201 15 239 159 108 75 37 171 55 231 74 230 154
    206 214 202 136 53 129 229 203 0 234 159 96 136 245 117 249 188 6
    186 230 189 1 11 174 243 127 90 115 56 186 150 14 10 42 139 95 135
    35 77 163 53 17 160 24 166 84 78 15 19 170 134 160 241 169 140 170
    106 10 48 245 94 229 95 13 113 143 87 11 100 131 171 31 205 111 30
    209 192 163 149 42 51 233 52 159 237 86 24 163 200 185 70 95 28 144
    251 40 86 144 214 213 186 190 26 81 159 47 240 113 240 86 147 100
    178 25 237 59 88 122 136 44 221 86 105 26 248 24 71 104 250 119 19
    16 203 15 205 67 43 246 169 141 172 175 42 193 211 26 78 114 169 211
    170 104 8 151 245 99 228 101 119 49 84 209 27 111 130 147 173 44 178
    126 143 135 218 255 186 146 2 224 89 182 184 2 235 127 220 122 87
    125 141 55 29 146 140 122 222 190 0 105 57 212 79 227 239 13 10 152
    131 150 6 166 233 236 34 142 195 217 81 181 181 241 58 197 81 160 37
    3 33 134 168 87 19 59 160 149 16 158 200 21 44 162 254 101 164 23
    157 18 162 70 139 142 23 51 172 209 190 27 95 45 105 75 134 60 240
    235 62 191 228 28 116 152 241 155 69 145 245 133 43 4 249 97 171 218
    210 80 231 41 227 137 4 63 77 162 255 54 21 30 207 199 60 143 57 219
    193 234 41 244 70 217 128 81 238 158 13 56 6 64 153 112 60 229 147
    113 164 127 97 152 208 205 170 95 185 168 55 132 167 73 184 202 210
    29 254 151 85 25 184 192 140 171 75 224 223 231 161 152 75 35 96 132
    115 5 223 68 142 152 124 47 91 250 151 103 96 110 50 196 194 80 188
    184 209 156 149 152 54 31 16 148 224 209 243 150 60 26 100 101 16
    206 51 211 230 80 248 224 16 150 100 86 36 79 14 142 245 216 204 194
    183 65 243 25 26 4 218 70 149 75 170 95 219 81 65 206 177 140 222
    250 20 75 171 188 230 96 235 105 221 98 57 137 104 147 146 96 12 140
    100 0 180 4 176 90 153 75 95 37 239 23 141 122 123 238 210 233 31
    233 146 3 156 84 214 45 241 155 193 14 110 170 181 119 184 104 98
    125 79 224 180 109 66 177 214 112 213 213 143 104 135 165 38 26 70
    231 35 225 183 4 109 129 33 123 112 130 194 58 163 90 1 149 84 142
    50 199 16 64 46 76 3 253 174 225 8 182 74 242 202 154 33 194 91 136
    214 70 226 35 194 45 32 43 197 230 125 118 160 12 118 29 162 172 197
    91 2 12 235 143 119 118 79 194 205 251 194 76 128 52 222 178 157 114
    235 32 224 189 155 80 118 72 143 58 16 76 211 37 189 118 100 161 179
    201 8 157 46 99 230 47 28 15 244 135 103 119 183 183 81 151 134 206
    15 117 220 132 50 229 215 144 2 193 53 126 71 83 176 179 206 8 244
    245 161 80 225 99 7 184 27 199 121 230 211 241 218 242 66 21 126 242
    174 150 227 81 60 92 33 198 1 143 37 198 64 89 37 45 240 174 222 235
    126 1 49 13 114 233 57 202 16 242 98 59 67 209 131 107 113 164 38
    206 43 113 43 87 63 135 243 125 130 80 217 189 193 133 192 174 117
    100 215 225 33 242 131 216 252 204 233 228 164 228 96 191 21 135 139
    244 51 166 112 210 204 238 92 4 29 116 63 76 7 220 191 51 223 166 62
    111 25 111 10 222 22 63 102 176 244 14 31 28 14 172 25 213 142 47 65
    67 252 103 135 232 249 80 188 106 190 52 111 5 129 101 0 170 154 237
    72 195 54 80 124 34 201 4 137 54 126 226 27 37 96 208 145 61 98 119
    227 54 101 16 224 168 207 165 44 85 113 103 145 145 251 20 22 42 29
    202 231 13 45 236 41 44 250 157 135 180 246 101 189 186 221 49 110
    160 67 33 15 244 27 175 131 21 108 94 44 240 149 89 176 123 32 146
    25 84 73 140 83 154 61 78 8 230 140 203 62 33 77 24 176 43 131 202
    118 129 229 250 142 231 114 126 130 106 71 223 152 14 151 247 18 210
    119 198 205 206 112 41 201 146 73 123 252 1 74 68 216 84 58 94 254
    114 119 160 236 142 4 46 24 76 34 247 81 16 76 17 238 96 221 130 132
    203 121 52 42 220 216 154 18 211 213 250 66 161 144 116 183 18 126
    14 15 121 59 166 89 64 226 222 178 180 210 226 50 67 12 24 156 62
    185 131 131 155 40 104 81 206 178 114 27 131 181 67 77 46 169 177
    225 48 31 156 2 206 197 212 129 177 71 8 155 32 133 129 220 183 251
    192 12 76 172 190 48 63 59 38 183 39 118 45 188 46 21 171 123 63 64
    172 122 237 58 0 183 88 50 20 204 96 136 95 29 114 140 254 108 113
    100 203 206 71 52 74 85 34 189 30 117 59 138 106 68 103 254 181 125
    159 235 46 240 21 32 252 4 140 76 85 216 134 156 56 235 18 34 128 59
    69 96 181 150 65 78 254 201 189 55 86 8 236 163 79 62 169 65 170 58
    27 128 14 63 66 232 163 249 164 65 156 120 82 149 237 28 233 199 41
    166 106 60 85 172 94 248 232 224 216 75 101 183 99 223 138 26 57 141
    4 81 20 170 142 255 13 217 212 176 63 253 68 50 134 60 156 170 254
    118 59 251 1 121 74 205 36 237 146 132 97 41 97 2 248 73 58 82 155
    130 56 55 222 222 152 158 119 249 86 110 135 32 243 55 9 14 76 105
    87 105 222 232 114 130 241 181 83 77 192 236 111 33 70 189 41 37 145
    43 122 28 172 105 87 176 1 12 57 110 36 51 30 245 183 121 179 33 244
    120 207 226 166 75 155 92 118 76 29 246 240 253 141 108 223 13 121
    19 168 54 61 110 83 50 193 64 231 168 85 115 95 31 78 57 9 129 103
    163 35 100 186 25 15 45 19 65 107 127 208 172 185 11 219 163 212 197
    50 222 239 123 141 254 112 120 189 135 188 27 98 173 41 242 115 45
    177 73 102 149 160 231 32 43 156 1 28 250 67 242 237 72 212 110 1 87
    191 225 206 224 214 156 193 179 239 246 224 167 118 36 105 137 35
    143 10 243 185 1 161 58 132 4 42 30 34 183 185 162 182 121 177 75 45
    87 150 120 160 122 15 47 90 42 86 117 83 27 135 177 222 176 13 194
    18 154 183 34 125 74 92 114 193 181 214 182 167 117 17 78 44 115 148
    58 50 194 222 245 184 60 233 50 65 52 76 79 117 187 140 150 159 6
    174 20 176 91 122 86 30 90 154 214 143 17 31 164 229 166 76 23 25
    208 10 23 137 210 164 153 133 98 234 91 39 255 249 230 52 222 42 159
    23 42 98 186 73 122 30 124 228 64 47 39 228 246 104 30 143 75 175
    143 91 122 63 239 248 3 152 11 213 221 129 95 16 44 133 238 110 93
    203 133 8 66 113 84 162 207 171 154 214 98 194 214 159 91 119 200
    225 141 122 97 122 209 107 216 21 57 197 65 3 99 208 12 102 95 242
    155 36 56 227 40 205 134 171 191 33 201 237 189 61 62 14 145 57 103
    208 77 37 202 191 205 213 92 58 23 242 188 29 114 188 65 79 251 217
    85 113 51 227 70 186 34 212 21 112 240 58 228 170 157 3 118 93 130
    68 92 235 199 106 184 6 231 201 179 135 115 137 119 82 212 156 183
    49 194 84 246 58 237 132 90 140 204 19 113 4 81 27 97 238 227 8 153
    18 115 58 112 231 245 156 82 77 89 231 165 208 198 161 212 192 102
    69 236 44 162 227 40 191 21 141 14 104 91 147 170 122 17 207 242 145
    217 71 178 125 74 21 174 78 255 71 34 204 221 140 59 71 202 184 35
    88 145 169 164 176 145 32 41 28 203 153 45 40 127 83 133 208 182 127
    182 111 122 41 131 120 158 65 132 63 65 145 73 75 58 169 162 88 54
    243 19 124 94 232 18 16 50 122 13 168 238 103 172 88 1 196 117 233
    116 4 162 51 182 236 252 6 70 94 71 216 254 128 63 22 124 244 153 13
    11 136 166 113 108 20 3 7 246 7 206 139 221 41 119 111 34 79 205 92
    85 71 20 219 104 135 73 166 233 101 70 213 180 125 192 251 151 134
    62 100 113 118 199 115 248 183 156 167 78 253 145 29 174 97 100 37
    142 218 48 254 87 244 161 79 124 116 184 29 55 29 253 149 226 117
    138 83 114 88 15 83 12 92 222 178 15 171 199 145 173 46 24 55 2 64
    239 34 144 87 4 201 6 136 88 182 229 156 119 104 13 154 134 123 90
    201 85 199 170 166 38 43 238 182 24 23 246 79 31 52 215 234 20 57
    187 142 22 151 9 74 115 31 160 162 220 82 131 179 97 179 3 238 211
    47 118 133 2 252 215 254 32 40 206 240 32 71 146 248 4 126 155 177
    57 185 213 229 72 227 59 26 195 172 211 188 175 171 129 193 87 50
    162 51 126 36 220 36 149 16 202 207 155 168 183 210 59 186 4 177 92
    47 15 135 167 214 52 153 100 30 36 137 32 251 86 66 163 33 96 140
    183 9 53 24 179 8 253 168 210 239 197 23 71 140 6 146 2 147 7 161 19
    4 62 227 81 183 211 224 73 212 116 25 134 74 164 252 124 54 230 166
    53 203 145 9 20 199 42 189 56 30 220 85 193 29 129 225 51 76 78 91
    213 157 192 219 187 254 132 154 159 70 210 36 126 88 126 192 84 1
    223 91 146 152 143 66 106 52 161 118 8 161 50 208 167 236 65 138 135
    108 21 180 62 139 25 85 128 194 187 54 26 234 146 239 209 164 190 45
    202 231 239 114 44 47 20 43 197 185 80 40 7 169 63 132 179 126 171
    80 145 150 253 142 209 16 11 123 192 140 7 60 30 239 74 94 155 30
    254 203 158 19 88 73 71 142 185 150 212 127 221 183 22 14 107 62 86
    41 87 80 128 9 21 145 147 51 231 113 64 42 215 129 109 148 242 27 95
    138 155 131 2 16 17 123 81 170 248 199 123 250 217 210 91 194 144 22
    109 40 173 165 229 141 26 16 209 222 236 73 100 61 120 218 166 215
    187 75 17 50 112 79 26 65 94 145 220 244 73 163 24 242 175 233 132
    208 190 157 100 128 47 7 229 152 21 184 203 83 75 10 148 71 208 129
    122 141 56 165 149 158 211 209 182 130 122 7 254 114 152 241 151 64
    47 200 71 108 67 47 108 7 26 27 254 18 76 193 0 229 26 207 230 128
    13 148 146 80 207 82 45 89 193 59 222 57 106 245 194 54 27 50 185
    213 246 210 91 169 104 179 245 41 141 29 205 50 2 24 212 84 214 254
    82 95 161 46 183 42 119 22 63 80 109 238 219 128 151 115 111 168 217
    223 43 229 11 86 4 221 189 220 97 2 80 163 5 49 249 181 95 203 73 0
    237 36 95 81 140 167 153 167 34 1 40 34 75 139 228 167 22 168 95 1
    255 11 246 91 222 22 86 187 107 223 3 166 254 227 139 84 138 253 32
    51 101 185 72 40 118 235 248 91 177 65 226 67 219 237 252 33 35 250
    149 22 47 191 41 121 205 134 8 139 93 252 103 244 27 130 93 124 173
    198 157 30 237 10 43 43 102 129 235 186 220 226 51 50 56 94 40 176
    38 8 122 30 216 188 23 222 39 172 170 177 58 203 52 238 198 178 54
    152 194 173 253 206 29 125 115 118 248 26 193 244 35 43 222 146 180
    228 34 139 238 5 130 86 148 237 132 54 254 228 96 180 225 113 183 35
    65 253 125 3 211 149 125 73 240 93 40 186 218 86 59 199 120 229 18
    255 129 47 53 191 171 52 139 169 195 13 78 204 125 200 196 25 119 95
    25 80 69 195 46 208 104 185 254 106 71 79 31 218 119 207 27 83 138
    118 30 42 95 132 149 153 86 217 64 150 206 158 173 83 174 228 151
    159 189 34 85 33 10 28 8 121 228 176 241 147 227 231 82 28 242 156
    61 179 116 11 31 255 19 96 0 216 45 88 61 153 125 177 7 210 175 164
    76 136 237 144 106 209 99 79 180 42 130 121 46 162 225 68 53 79 174
    225 91 58 71 82 126 54 151 33 209 58 198 146 41 237 126 118 37 127
    23 90 70 147 25 48 139 228 138 42 1 94 168 116 20 37 110 238 105 44
    176 217 94 20 27 47 69 183 41 54 81 189 41 95 237 138 76 31 191 19
    82 247 253 136 50 105 228 240 10 101 192 149 180 187 165 183 50 103
    147 102 160 100 14 138 46 0 82 28 59 236 119 242 157 126 5 63 76 223
    240 193 92 10 148 138 56 89 127 18 69 222 163 179 159 80 70 0 92 221
    64 193 27 105 11 60 57 60 35 131 22 81 235 3 155 71 33 235 8 172 239
    216 213 69 222 34 227 254 120 171 181 179 248 64 27 176 8 239 124 86
    23 112 15 239 170 183 122 128 131 16 122 68 243 255 250 85 5 45 253
    19 46 35 232 239 114 96 96 112 121 35 194 189 90 94 13 221 17 140 43
    238 224 186 104 235 76 21 113 150 218 247 162 93 46 201 191 110 60
    181 105 235 71 127 96 56 111 31 191 131 50 152 155 137 104 13 255
    239 7 140 46 148 224 174 107 240 47 61 167 161 194 105 230 124 140
    49 102 143 242 54 185 105 20 61 24 66 126 185 2 195 160 209 240 161
    15 253 243 199 147 19 31 150 75 124 219 220 158 34 172 81 10 196 41
    45 227 128 26 40 136 118 137 156 53 212 144 88 73 182 143 160 85 149
    244 194 100 174 235 230 47 178 78 177 29 161 121 157 182 165 33 154
    11 173 228 184 223 197 5 123 39 71 235 118 58 234 153 99 26 243 46
    177 85 81 212 119 237 102 123 209 168 6 38 72 175 164 138 180 142
    207 33 0 13 9 155 103 243 42 226 210 126 126 182 17 198 251 140 65
    10 149 198 235 89 127 107 158 241 37 252 53 135 11 116 6 248 74 144
    243 232 217 234 9 109 82 185 129 253 86 142 166 134 227 65 139 248
    214 12 91 49 157 180 51 141 18 50 93 61 6 248 91 187 106 124 125 247
    135 86 201 53 110 110 139 249 122 55 97 156 153 53 67 125 37 41 166
    226 94 10 250 141 27 216 177 182 143 67 215 201 98 118 227 250 86 9
    131 153 21 25 47 59 129 13 146 159 211 177 16 59 0 139 21 137 58 58
    223 29 66 132 113 135 122 86 202 201 57 16 182 28 221 167 23 129 67
    129 17 180 255 214 87 2 40 142 241 174 93 178 134 253 120 65 197 164
    181 57 103 10 201 35 172 126 47 180 29 21 223 86 62 170 190 162 98
    63 200 96 162 96 68 95 116 96 194 63 212 116 210 33 57 163 102 19 72
    172 244 246 178 206 182 124 154 21 91 206 125 95 191 66 15 103 69
    253 2 191 251 224 250 45 203 11 205 15 105 99 29 165 25 10 193 14
    100 106 182 142 231 124 47 59 49 67 101 188 127 59 100 191 219 46
    222 159 231 2 74 148 241 68 227 131 207 78 165 9 212 243 196 186 10
    10 131 224 82 77 147 79 9 68 140 99 75 138 43 229 222 239 43 219 4
    37 87 131 34 211 60 165 114 86 193 94 226 76 69 206 207 40 241 18
    108 218 42 91 110 156 22 149 181 188 218 248 218 47 163 168 110 177
    216 153 14 80 174 172 71 142 102 0 8 163 243 31 138 233 235 86 165
    108 121 232 94 29 167 242 189 176 115 70 214 247 174 255 77 245 168
    56 19 43 90 123 225 188 204 232 109 72 7 48 175 246 221 253 95 66
    181 44 134 55 78 43 112 167 219 149 42 89 227 170 224 158 4 203 48
    99 117 118 119 46 160 179 116 226 97 32 117 91 33 231 144 169 221
    230 217 218 204 215 155 93 233 153 247 123 185 68 78 139 56 201 95
    79 235 212 108 112 100 164 100 213 114 92 34 3 8 8 20 104 138 120
    229 140 93 64 119 253 98 170 16 124 150 214 114 30 5 65 177 48 30 67
    211 104 158 254 206 142 188 169 21 191 49 56 60 71 154 113 112 23
    213 247 76 254 155 45 181 153 152 141 47 63 44 227 18 137 9 154 176
    109 26 188 154 185 34 165 141 251 111 116 190 225 124 250 183 155
    216 34 122 218 157 173 103 46 120 233 175 141 88 116 176 113 183 18
    240 24 68 151 229 33 132 243 97 78 79 94 90 223 107 136 115 181 48
    142 48 215 169 247 166 92 140 89 143 171 83 84 135 38 164 189 175
    165 78 120 236 31 28 35 160 125 47 47 174 184 219 65 112 49 148 187
    213 103 85 141 64 111 206 39 201 211 227 76 212 215 221 24 67 41 221
    138 234 150 50 27 67 5 149 250 201 219 183 184 144 185 162 18 65 201
    173 133 143 64 175 254 8 71 162 165 131 180 191 107 242 237 38 77 48
    70 148 120 208 30 144 29 66 35 169 109 85 214 38 107 134 63 169 181
    225 116 15 102 66 132 85 98 24 239 178 200 38 208 182 127 201 220
    155 123 229 19 200 163 2 239 186 250 243 124 11 118 9 7 181 40 229
    28 122 126 15 35 198 69 143 200 162 252 77 91 197 248 24 152 243 14
    51 2 122 104 17 126 170 68 61 144 232 128 8 100 118 210 37 55 72 220
    232 67 87 190 122 223 95 122 170 147 196 194 18 176 73 30 123 127 68
    47 58 110 157 250 231 203 226 41 129 220 149 64 151 148 125 222 96
    94 40 89 173 142 115 41 157 168 184 89 211 130 64 169 189 207 10 128
    121 155 101 10 44 11 9 170 92 117 149 141 108 6 192 250 119 220 219
    203 34 190 73 121 225 10 118 193 13 232 205 79 241 88 149 45 195 231
    236 49 43 110 18 174 208 203 81 226 186 90 0 202 101 192 86 102 19
    239 135 128 17 17 174 55 114 192 56 165 93 4 176 104 243 5 171 243
    137 164 76 236 120 107 160 0 93 92 128 167 119 34 58 2 132 48 80 247
    182 207 137 126 133 106 82 154 73 110 217 111 7 151 193 229 228 239
    38 54 190 248 50 244 89 82 116 187 118 122 24 183 136 132 33 199 206
    209 148 204 185 162 190 125 63 185 73 172 169 105 245 85 219 143 27
    163 144 86 245 233 222 39 170 111 107 2 146 236 224 245 64 97 140 64
    39 83 70 172 65 78 24 106 12 250 67 108 78 57 48 20 229 15 58 131 35
    229 88 105 210 57 243 72 208 171 178 249 55 214 89 232 41 141 5 195
    31 238 53 26 199 244 239 63 222 64 108 105 150 172 242 63 32 185 93
    135 231 135 35 85 204 243 14 206 78 234 160 198 159 210 232 253 163
    200 73 146 239 73 206 125 117 3 83 248 161 95 94 121 35 231 23 174
    48 10 160 74 6 57 211 120 92 16 37 136 143 193 148 66 58 122 224 206
    36 204 223 104 23 149 40 138 79 125 153 117 244 247 222 215 49 219
    174 127 129 246 252 213 207 133 197 76 237 81 233 167 50 54 145 213
    178 14 195 232 208 246 52 99 106 172 106 122 168 153 33 135 51 159
    201 76 101 243 7 17 127 230 192 197 75 9 113 36 51 52 59 212 233 73
    99 147 88 229 154 221 126 171 82 206 243 89 115 34 203 168 42 71 201
    95 78 154 102 107 148 229 194 197 16 49 247 95 128 224 86 170 125
    127 197 220 165 168 245 28 247 98 129 80 175 137 49 237 177 84 80 36
    64 122 117 177 93 86 212 149 160 21 170 252 34 133 172 136 226 173
    154 182 34 41 112 50 125 208 186 24 217 160 152 205 253 76 140 243
    205 156 226 150 87 159 28 162 113 194 118 119 137 41 216 134 41 59
    17 65 52 246 102 254 193 135 32 247 206 172 246 146 44 30 205 40 176
    140 5 134 94 94 128 168 45 153 154 4 245 118 191 228 201 76 61 157
    180 217 95 84 86 110 181 232 125 80 189 9 115 221 241 95 211 238 212
    56 105 253 163 27 218 218 90 203 14 144 162 58 151 104 179 240 36
    123 121 6 0 34 163 82 178 157 204 180 1 126 234 191 27 76 117 215 19
    25 195 99 177 78 237 188 208 57 0 93 217 93 194 41 133 212 120 118
    25 94 33 168 108 187 186 75 162 10 100 142 37 182 82 23 116 152 218
    26 93 183 168 144 129 138 109 55 40 143 221 32 36 231 155 39 84 185
    52 184 227 143 207 183 164 23 62 118 253 238 43 5 208 154 15 140 117
    83 174 31 146 77 178 16 182 54 157 64 152 98 71 41 160 238 250 249
    76 146 124 175 153 23 142 154 64 56 128 173 31 222 98 202 97 214 162
    125 153 198 100 95 86 200 56 68 117 84 92 153 3 114 55 21 253 7 182
    208 47 30 9 176 29 96 252 38 185 99 222 149 58 66 168 211 138 58 101
    38 215 15 205 138 224 85 71 12 66 0 184 185 19 174 111 117 31 98 115
    185 195 22 246 124 208 254 60 66 21 187 73 219 78 235 160 182 67 20
    32 170 211 207 172 162 149 234 4 97 157 121 83 97 33 64 2 121 76 59
    99 183 118 217 218 54 108 170 132 76 247 3 220 16 255 35 29 74 120
    85 41 30 103 83 17 186 169 153 134 99 165 54 180 45 239 250 73 37 78
    32 17 134 197 83 132 131 18 62 13 71 77 36 124 27 227 157 188 224 55
    5 241 149 118 215 229 122 252 169 189 150 174 46 86 168 118 44 106
    134 42 138 158 51 216 198 77 134 69 170 37 180 108 239 136 219 33 54
    53 194 220 227 4 73 67 157 198 173 207 222 222 122 138 48 83 2 159
    151 33 92 155 147 84 241 216 15 223 246 155 214 4 248 206 138 184
    118 23 47 23 170 182 231 230 237 60 2 91 145 173 226 225 114 142 233
    2 197 44 79 200 75 233 181 80 71 106 6 84 197 209 22 1 189 101 249
    166 162 112 167 26 220 254 225 20 58 215 95 40 219 240 127 223 66
    241 47 202 219 58 37 152 75 127 44 191 248 182 245 59 234 126 197 93
    15 85 134 47 106 170 195 159 252 140 183 182 228 17 162 139 88 237
    138 25 173 225 69 233 193 160 88 93 155 95 85 85 182 165 248 98 192
    176 85 112 131 137 236 101 228 219 150 160 195 36 224 252 227 192
    175 30 121 18 138 127 182 95 18 66 83 117 50 9 12 215 214 102 26 51
    109 174 255 163 38 50 210 254 211 243 252 3 35 216 51 90 94 3 23 175
    181 10 206 248 187 15 133 10 164 35 146 214 118 82 13 149 28 142 133
    100 236 48 154 60 165 114 127 10 59 170 175 251 202 135 100 218 102
    234 54 119 195 16 172 55 84 200 203 50 103 200 22 173 228 166 254
    220 157 158 113 182 249 82 183 7 238 198 113 134 199 80 109 204 127
    159 218 109 52 220 181 228 216 179 149 62 255 92 86 182 61 196 199
    172 68 17 133 20 197 70 40 10 28 240 81 79 126 189 203 9 97 37 42 43
    74 197 120 48 44 215 20 0 81 107 219 210 197 185 21 248 58 54 164
    115 142 5 59 126 59 216 137 31 12 178 238 98 17 241 182 187 41 185
    125 63 199 202 162 24 167 100 81 215 142 81 23 136 98 67 49 200 57
    209 17 232 19 130 195 107 152 38 168 28 193 94 102 77 101 84 237 1
    224 176 209 194 168 236 149 60 226 150 163 18 109 136 27 74 229 146
    187 199 141 81 90 157 62 225 114 126 135 59 112 116 171 33 63 220 3
    0 123 102 122 218 31 80 178 62 34 202 112 251 21 79 189 91 171 187
    248 140 95 145 85 226 67 72 164 69 17 171 84 204 10 166 45 142 255
    247 152 135 13 186 129 13 220 14 181 150 251 172 14 189 15 138 97 91
    234 56 57 131 62 213 113 75 104 59 107 1 216 126 234 45 237 183 190
    242 155 95 109 68 20 138 200 146 202 6 130 230 202 255 192 51 165 37
    178 42 195 15 79 221 113 45 147 42 194 220 188 17 75 196 198 39 33 6
    85 115 192 103 98 3 251 57 14 40 215 127 7 129 144 214 123 213 59 72
    95 5 59 119 49 204 206 27 197 159 184 58 40 165 113 245 125 80 24 39
    205 89 217 194 23 5 148 129 195 229 91 147 27 221 21 60 67 151 230
    237 112 224 65 211 177 94 160 92 72 70 77 53 217 225 188 92 51 204
    206 170 36 164 134 167 50 246 58 135 233 221 68 190 110 96 251 231
    212 33 176 73 79 68 23 146 182 23 57 83 135 5 219 7 126 86 158 118
    55 58 66 62 203 77 169 25 182 29 7 131 16 233 112 151 217 160 137
    238 161 20 214 234 67 117 70 233 35 7 80 3 142 212 181 159 112 144
    117 112 210 165 226 129 145 108 182 100 84 10 191 40 80 140 202 196
    232 147 95 51 248 112 219 220 94 161 27 188 142 236 200 164 114 127
    175 160 208 130 253 145 241 88 127 10 2 105 63 145 164 215 193 3 238
    60 44 154 91 34 129 179 28 144 58 37 154 0 250 94 112 135 255 221 57
    79 5 174 51 166 37 104 95 114 11 152 70 119 12 240 43 119 71 240 41
    204 60 234 151 142 107 136 67 220 165 46 0 125 111 151 62 28 238 247
    137 148 84 90 58 215 225 114 236 35 236 81 190 229 152 107 7 127 4
    62 23 110 92 156 14 232 251 117 111 188 166 73 199 136 28 181 216 15
    103 212 7 163 239 252 40 130 25 66 47 220 67 88 113 31 162 89 1 134
    228 188 18 223 233 9 214 211 0 225 217 12 59 151 241 238 221 249 230
    46 8 110 190 164 91 195 112 21 191 23 26 77 194 86 255 14 213 199 8
    233 1 64 149 19 241 23 206 21 186 145 155 252 156 172 89 41 71 83
    154 218 14 210 205 166 197 63 179 49 95 93 229 109 212 86 164 48 178
    200 188 156 84 236 245 35 205 104 169 162 98 131 119 99 249 107 84
    253 229 234 200 181 83 62 179 104 146 46 207 214 178 216 143 206 40
    50 135 70 205 236 211 233 39 246 177 57 138 229 124 81 248 4 142 224
    80 69 133 121 195 211 115 177 147 224 62 52 11 196 142 179 172 194
    194 82 60 226 86 195 225 52 231 87 232 156 70 145 50 152 197 173 137
    168 193 164 165 2 247 45 29 80 11 112 68 4 34 188 101 42 93 218 59
    64 83 140 200 165 92 119 208 54 6 146 180 226 95 140 39 164 80 72 12
    36 90 184 80 19 138 212 140 169 81 166 98 38 80 59 133 176 95 83 13
    169 63 197 80 249 232 213 222 47 122 13 73 97 89 110 130 188 37 150
    2 140 95 52 18 250 247 244 28 66 156 164 37 75 28 46 161 96 229 179
    227 220 169 167 133 42 94 47 217 41 112 53 43 129 230 40 127 144 91
    98 164 47 95 255 248 86 225 193 15 191 26 86 77 145 161 253 253 174
    242 16 135 254 92 161 19 114 184 191 160 216 120 232 82 125 200 217
    188 60 232 50 88 57 3 178 31 219 82 193 108 191 57 57 173 96 84 8
    141 202 191 142 38 62 153 55 33 68 204 20 184 164 92 192 128 159 196
    52 202 27 102 20 54 191 157 2 13 82 45 141 147 178 60 214 255 174
    129 186 198 75 62 88 85 87 82 180 50 123 122 14 149 144 151 94 233
    129 138 73 15 110 183 123 249 124 187 169 89 129 230 147 89 32 133
    156 186 154 8 86 235 177 185 139 121 119 81 9 215 242 167 4 203 219
    106 53 80 241 164 44 3 28 64 158 192 24 94 241 162 129 244 129 215
    161 155 98 110 130 152 163 135 209 22 103 115 164 200 208 248 134
    179 3 38 63 179 211 217 254 92 244 169 239 224 62 233 79 5 17 245
    179 108 87 224 34 163 37 168 240 194 120 14 186 133 56 96 110 185
    186 196 250 92 97 116 118 233 13 3 171 227 184 180 115 65 79 65 118
    227 244 101 201 119 230 56 234 227 168 238 233 191 127 160 201 78
    250 133 76 78 89 191 185 27 100 105 21 133 182 152 22 101 246 10 200
    21 56 123 158 154 118 167 190 251 203 252 46 172 120 104 172 183 194
    163 162 117 69 235 136 108 223 142 98 96 80 85 58 123 19 157 108 59
    107 129 40 218 16 94 150 234 93 30 189 201 132 231 127 120 41 64 164
    200 250 26 43 82 247 135 52 119 46 239 24 6 143 137 98 193 201 86 38
    17 45 118 13 78 231 103 238 254 3 194 7 205 17 209 71 160 216 5 169
    186 167 4 114 243 254 184 91 60 172 47 180 86 219 45 85 167 159 129
    8 63 85 128 218 80 95 187 52 210 21 192 77 13 163 193 83 255 186 54
    43 249 61 109 56 17 111 106 21 106 182 2 3 55 135 128 211 177 236
    195 136 91 147 215 160 250 156 108 150 203 121 113 78 237 185 91 37
    133 68 224 147 86 56 55 90 35 85 129 157 111 177 18 94 147 37 102
    178 160 183 235 122 206 44 151 210 127 51 32 190 10 184 163 97 194
    83 101 211 238 18 198 92 40 72 159 62 138 36 239 230 183 154 40 107
    189 169 100 30 183 150 255 98 29 179 198 49 86 83 42 85 8 84 80 180
    104 119 48 220 254 88 132 41 182 44 157 153 244 158 122 65 244 221
    68 13 7 8 17 101 95 5 92 87 199 120 14 188 107 115 245 198 127 120
    234 118 38 221 241 193 236 235 162 203 2 207 191 96 129 28 130 155
    54 197 171 189 231 34 16 69 185 15 231 6 187 227 154 249 17 195 212
    223 245 11 250 112 127 191 188 62 202 204 60 7 32 128 30 30 103 18
    162 135 77 142 0 102 49 237 134 83 94 2 248 170 248 213 187 140 40
    219 231 176 132 215 31 202 246 224 158 202 108 208 190 203 163 253
    29 111 15 62 242 8 171 202 231 64 224 238 47 189 60 147 80 245 189
    59 79 209 192 56 152 138 217 12 29 10 137 51 231 136 220 163 123 50
    97 90 24 193 124 81 186 92 24 138 141 149 154 33 194 41 124 3 128
    186 83 126 91 238 69 57 180 228 205 146 78 120 82 59 239 9 171 39
    219 49 44 225 242 38 94 118 189 172 165 232 19 91 145 53 220 1 45 1
    82 58 144 60 137 225 129 239 197 129 188 8 206 96 72 237 136 57 110
    173 179 181 30 53 243 10 178 186 159 77 128 114 220 57 51 238 169
    251 140 233 105 202 103 50 243 234 165 133 159 45 5 205 90 24 147
    198 77 137 31 153 159 206 214 79 57 6 233 165 36 38 245 165 247 59
    18 45 34 113 158 122 88 100 3 3 119 205 127 214 219 19 168 168 8 99
    36 113 41 140 60 64 68 152 95 144 48 206 164 50 195 248 252 127 131
    82 46 37 224 163 17 16 120 27 62 235 255 139 41 71 221 126 162 56 3
    74 205 162 234 125 76 21 88 152 35 180 123 91 157 159 214 57 122 112
    117 250 149 207 49 73 148 131 195 127 116 192 235 161 138 106 19 183
    125 1 240 45 179 137 62 195 69 123 74 71 4 109 228 129 124 156 50 98
    235 131 247 136 56 96 189 143 226 27 53 76 65 137 220 219 26 209 150
    232 79 78 91 227 192 77 214 223 202 8 41 157 140 125 197 180 226 181
    30 141 253 148 115 197 60 90 61 180 130 150 135 216 82 55 70 141 37
    214 73 139 249 172 204 18 61 17 60 51 152 50 65 163 61 162 51 124
    153 130 20 117 231 10 102 85 226 157 149 180 138 144 84 7 6 171 70
    238 231 188 123 144 70 43 203 170 21 104 1 64 209 75 24 166 26 255
    196 64 179 174 207 78 169 236 135 9 113 78 216 49 209 204 213 103
    171 182 83 204 225 23 175 91 102 162 149 233 173 28 168 29 70 209
    189 180 92 114 84 228 246 174 110 135 131 79 240 83 63 134 180 50 26
    49 222 45 28 105 60 46 22 138 96 85 112 223 107 35 239 179 249 232
    10 186 128 156 72 184 90 63 68 127 74 64 4 215 75 193 166 8 113 233
    57 221 13 129 188 252 125 242 254 245 17 1 148 237 124 129 236 45 55
    55 54 37 143 233 137 118 208 40 252 28 47 252 196 163 164 123 228 70
    139 161 232 12 221 245 130 37 95 160 25 194 161 40 198 33 12 188 75
    167 169 80 98 218 33 76 218 192 28 13 220 123 45 145 145 4 136 234 2
    67 139 231 181 58 70 55 214 135 133 252 230 200 2 116 33 173 70 209
    122 242 84 133 215 239 12 182 201 209 117 236 207 136 187 213 202 20
    121 247 67 134 189 26 76 186 202 56 6 228 152 48 146 174 179 42 7
    109 149 188 32 155 33 237 153 226 12 38 68 74 188 89 17 26 181 157
    169 55 91 107 111 5 156 123 61 22 158 112 221 53 167 145 166 153 244
    32 42 63 17 14 111 211 100 147 54 96 169 93 197 207 10 181 209 146
    19 149 36 220 136 173 32 101 230 81 84 224 66 215 161 184 116 41 88
    143 82 250 15 248 131 99 156 115 132 114 97 84 198 165 175 121 76 87
    133 155 221 22 172 53 47 10 195 244 25 147 43 58 136 246 22 120 11
    215 28 54 94 162 114 76 7 8 224 138 90 0 182 27 39 60 16 68 96 155
    93 160 89 198 94 245 18 142 209 223 26 20 127 28 207 67 45 61 220
    220 144 56 23 180 136 240 99 69 127 19 7 252 106 223 91 172 69 250
    119 226 107 35 151 84 197 16 139 251 237 50 109 229 10 165 53 69 92
    232 219 158 116 194 51 209 52 211 208 4 21 77 127 22 174 159 158 112
    128 107 149 175 75 64 30 134 197 189 196 20 80 28 156 242 106 199
    223 100 216 21 53 41 184 37 127 37 91 66 203 82 228 61 91 119 61 255
    228 93 248 128 103 149 161 8 0 53 128 220 214 189 223 68 143 248 163
    20 51 208 129 45 31 208 38 179 116 36 194 109 2 62 244 99 162 114
    114 248 44 124 152 125 13 65 186 255 234 98 108 24 238 27 14 222 62
    45 155 168 219 100 37 162 205 180 219 104 165 182 47 195 59 191 200
    67 127 214 150 60 216 191 211 197 202 38 95 78 98 191 67 215 36 245
    197 240 194 109 35 250 236 178 13 85 10 131 94 57 0 81 78 12 102 237
    3 235 124 162 254 250 181 75 50 71 63 199 45 40 186 127 98 155 24 55
    250 238 6 84 170 126 163 43 93 54 176 27 117 71 28 221 79 153 97 155
    207 174 244 232 188 230 198 220 7 111 42 85 41 101 104 173 141 0 224
    20 73 158 209 211 150 149 155 22 187 93 62 250 64 76 160 51 118 27
    42 184 230 198 93 190 50 27 197 40 93 97 31 171 66 207 76 7 211 99
    85 148 192 182 241 208 154 214 52 44 243 150 83 195 46 254 255 253
    237 14 7 198 194 30 174 177 99 24 120 136 65 233 200 90 132 97 98 33
    176 247 18 145 120 79 54 149 109 206 16 48 86 198 0 86 17 48 129 246
    67 127 55 54 87 17 233 188 81 130 203 67 103 249 119 154 148 130 57
    216 172 206 244 199 5 215 125 201 3 0 51 13 87 245 31 233 17 231 85
    44 100 72 246 42 12 178 55 199 211 209 164 236 128 19 177 199 97 134
    111 249 131 191 214 170 62 241 145 179 228 188 234 135 255 100 117
    32 77 157 50 17 76 175 59 172 118 135 128 163 191 99 118 100 147 193
    192 231 95 249 251 4 85 152 100 234 214 39 151 232 93 205 68 139 104
    2 138 143 210 114 247 216 7 239 240 103 87 123 247 168 118 154 145
    85 94 64 79 157 62 27 25 5 36 196 81 69 243 42 217 125 113 6 29 35
    39 126 120 32 126 210 35 211 88 183 75 22 218 44 67 82 100 237 60
    128 182 99 144 45 176 13 88 244 161 193 58 163 191 160 189 164 166
    122 220 249 155 122 165 164 203 47 81 179 32 114 69 113 231 225 155
    11 127 122 35 138 168 200 68 86 103 97 149 159 182 161 129 20 248
    236 35 165 46 210 245 252 22 177 87 219 212 50 159 84 70 59 191 149
    228 143 173 133 82 32 191 49 7 54 198 192 221 73 153 114 84 25 224
    193 229 88 89 71 163 33 58 203 19 146 148 223 65 176 10 80 28 79 98
    115 112 23 241 107 216 8 239 39 60 41 150 213 47 68 77 214 93 49 18
    95 156 206 127 205 44 144 121 200 211 87 155 185 98 110 92 26 242
    167 102 148 85 55 19 93 177 57 249 150 65 93 220 75 43 153 17 172
    153 223 16 42 66 142 163 16 158 215 111 1 172 22 197 126 173 26 48
    97 68 67 179 9 240 150 254 127 104 197 200 34 116 65 229 208 162 134
    139 110 248 184 243 34 56 171 71 206 224 26 176 74 15 46 110 106 219
    177 59 234 118 186 54 144 55 190 108 226 11 109 48 137 15 236 85 111
    55 231 94 184 12 27 159 129 36 73 106 146 233 1 254 47 194 101 251
    216 129 243 115 219 109 170 218 32 151 121 20 54 134 28 215 91 252
    40 218 207 241 46 114 11 56 215 122 105 49 131 232 225 113 49 41 229
    31 208 154 95 231 195 97 184 186 161 34 93 112 156 119 183 154 8 12
    198 250 48 155 99 174 73 147 229 248 43 168 255 32 39 58 246 35 31
    49 180 215 13 88 137 93 227 111 201 216 39 94 180 41 91 148 70 39 74
    11 247 166 44 40 80 172 11 64 103 223 188 18 154 185 57 198 42 106
    25 0 86 100 155 101 128 210 33 17 192 106 193 239 95 109 179 127 122
    191 45 59 72 25 177 203 117 205 204 163 114 69 197 70 67 194 116 51
    210 32 205 36 9 88 72 121 221 191 197 60 164 18 235 157 115 196 174
    196 126 249 59 158 85 122 143 148 254 237 69 86 55 77 86 155 74 100
    109 13 7 154 230 200 139 5 81 195 29 28 85 190 1 42 188 25 219 154
    104 204 130 101 210 204 234 47 175 14 127 230 147 147 44 119 104 197
    128 125 26 159 135 123 127 23 237 22 66 0 100 221 142 228 122 104 14
    137 209 64 160 176 242 63 170 207 3 16 54 203 77 34 107 122 113 206
    116 4 95 220 234 20 44 155 24 236 23 199 20 161 157 247 104 127 111
    102 178 53 86 41 115 79 69 254 183 83 209 217 138 36 40 78 70 131
    225 20 64 112 151 112 63 197 82 170 7 167 50 169 158 150 117 186 231
    242 203 134 2 231 143 102 187 191 41 244 47 155 64 105 79 35 223 189
    10 148 224 83 247 211 154 246 199 32 36 69 159 73 50 116 155 123 156
    101 180 65 188 127 152 237 151 184 85 16 23 43 75 101 35 170 25 249
    203 20 163 208 111 219 236 238 84 36 191 64 149 132 224 170 26 0 127
    183 208 222 25 36 120 155 77 113 223 122 177 21 65 70 51 46 164 47
    52 249 244 100 159 176 239 143 248 179 177 49 118 198 37 191 233 214
    115 106 155 108 85 73 241 194 181 47 5 186 232 223 59 24 134 140 104
    168 65 80 231 126 141 64 96 196 70 142 123 218 237 126 128 226 4 103
    75 50 94 34 105 53 124 49 77 116 172 245 117 230 165 176 184 36 161
    11 157 11 19 186 220 39 38 161 132 40 124 176 129 126 69 93 31 206
    133 73 243 116 3 186 139 94 117 17 138 218 187 178 158 237 189 41 66
    159 131 75 169 18 115 35 125 74 135 123 254 42 185 176 78 96 94 47
    32 208 127 71 25 169 73 158 182 203 193 197 73 228 161 182 101 218
    86 99 152 164 206 191 80 242 117 137 162 20 0 215 70 192 37 247 235
    228 139 50 90 150 124 0 68 183 44 148 40 69 211 14 110 45 135 156 5
    167 75 48 7 43 144 174 96 162 211 31 114 90 246 180 38 133 132 39
    189 91 128 14 70 214 82 6 206 96 99 225 116 66 37 165 246 136 67 113
    12 120 73 47 151 204 20 219 145 68 242 104 188 37 28 246 253 219 185
    78 148 163 64 29 24 43 140 17 161 211 105 219 81 169 156 156 27 201
    76 171 57 215 72 160 55 64 55 67 149 7 245 174 161 21 90 14 159 204
    41 90 227 77 207 32 67 165 131 221 199 80 91 67 247 125 149 113 111
    148 167 200 24 171 104 34 154 253 188 239 213 96 184 45 65 153 139
    43 105 15 13 139 196 57 137 40 152 34 198 68 90 27 213 57 101 216
    189 217 66 71 9 61 43 34 79 69 156 16 19 155 123 204 196 231 148 107
    105 57 248 120 228 188 15 249 104 248 19 162 71 214 244 224 9 78 18
    153 55 106 64 213 120 13 144 61 240 34 41 124 177 248 224 22 235 193
    235 8 81 15 56 252 125 133 178 205 23 80 240 248 186 229 124 109 77
    88 228 61 167 84 48 118 52 108 189 39 168 107 166 65 96 132 3 81 101
    197 157 89 100 60 234 61 161 15 4 20 100 30 221 102 202 191 104 245
    138 73 184 94 232 122 147 174 77 128 60 53 232 226 55 78 215 95 166
    117 58 101 82 25 146 176 185 101 215 114 5 197 128 180 45 187 208
    156 36 39 166 47 197 124 141 55 240 208 118 157 142 203 95 58 29 245
    25 148 124 11 140 117 251 55 11 67 223 6 216 85 164 249 252 222 111
    180 6 45 179 65 151 33 220 110 7 141 117 65 224 234 90 236 159 226
    251 112 143 240 205 132 211 175 211 252 87 218 248 234 162 216 188
    98 254 93 224 6 118 74 94 154 138 153 47 40 115 238 227 8 127 217 98
    187 125 158 216 34 103 176 57 240 89 51 156 4 128 202 207 89 248 222
    101 183 189 38 84 5 104 179 159 18 93 17 97 104 240 246 115 13 119
    86 78 9 157 17 212 68 198 152 193 41 157 5 29 43 238 209 110 138 142
    7 228 166 190 215 3 166 108 33 45 194 100 230 64 132 131 120 137 146
    114 252 117 243 184 103 99 65 248 201 92 177 237 72 43 3 94 78 53 19
    51 33 152 185 117 106 245 186 248 187 133 116 139 73 62 124 132 8 19
    35 204 123 0 44 121 217 27 33 204 166 162 247 78 149 42 95 118 225
    187 109 140 65 218 25 147 225 188 149 244 126 219 232 119 95 235 41
    189 10 52 81 2 232 88 49 180 91 110 166 194 137 236 78 246 133 165 6
    207 13 88 217 42 150 42 127 197 57 213 230 216 46 119 4 46 20 197
    234 60 36 39 238 55 171 247 94 5 216 92 206 192 208 124 84 116 113
    247 184 41 32 4 136 246 158 13 62 103 4 113 163 96 144 163 48 15 184
    86 77 133 124 108 145 195 116 30 106 52 19 90 29 178 163 165 123 20
    194 10 184 245 100 76 244 110 174 201 248 105 217 77 32 247 19 54
    136 236 182 241 140 144 134 88 35 216 0 156 195 65 19 218 143 108
    115 165 102 49 39 44 145 40 45 122 63 143 243 218 35 245 227 124 200
    69 163 24 181 211 176 127 98 137 54 232 213 46 51 100 171 135 181
    116 105 210 205 46 91 148 108 93 38 247 100 123 17 171 119 218 172
    158 171 216 104 188 62 85 214 123 3 135 76 122 90 187 6 249 116 138
    117 22 7 115 42 185 4 161 164 210 171 206 61 24 172 215 174 41 133
    209 17 9 72 81 223 206 173 134 171 58 125 185 246 36 67 71 6 210 83
    220 34 55 19 202 167 14 24 170 215 205 168 25 82 155 12 221 20 169
    158 68 222 72 220 219 15 100 245 7 114 140 44 50 219 67 211 55 252
    235 10 237 42 40 214 228 164 21 25 58 141 100 157 9 32 36 18 205 28
    164 224 243 227 150 253 175 123 175 156 231 120 169 233 165 217 41
    203 172 87 254 104 118 201 45 110 193 228 140 76 153 53 78 40 223
    180 170 132 121 12 148 228 71 128 8 249 184 124 17 59 229 236 175
    244 236 96 30 245 170 16 6 186 215 131 54 84 1 59 106 205 193 90 224
    233 79 244 140 250 178 88 56 214 63 227 68 95 33 222 206 32 63 195
    124 70 64 132 178 52 158 59 56 232 155 106 60 235 8 63 147 65 240
    158 161 158 11 231 109 143 139 32 45 56 202 1 164 218 65 208 72 78
    56 74 101 67 36 122 90 157 78 129 251 82 131 211 156 123 97 29 161
    191 27 49 101 117 77 227 105 175 230 192 211 198 26 126 146 154 235
    88 177 169 49 138 9 86 89 43 109 43 252 167 92 32 129 134 181 185 24
    234 59 165 193 66 220 47 253 50 37 18 70 15 216 234 77 50 43 94 212
    50 210 62 19 34 91 251 3 221 84 23 204 80 68 250 252 8 190 202 191
    243 153 177 94 174 225 65 102 71 154 126 238 44 160 61 105 153 248
    114 227 6 163 85 36 90 98 109 84 148 154 176 32 164 36 248 78 67 8
    236 15 187 44 123 35 142 169 145 62 235 165 156 50 125 246 201 71
    191 64 13 218 184 209 44 225 135 45 149 208 149 40 3 173 85 94 192
    25 89 116 175 156 42 178 184 235 37 248 99 194 176 74 142 14 19 245
    65 54 191 94 36 102 25 229 173 155 58 36 151 80 58 218 38 74 188 83
    85 30 0 249 226 49 218 229 146 29 228 131 166 231 42 244 75 227 1
    115 92 231 51 189 190 235 169 245 133 208 8 26 110 4 240 131 139 178
    103 185 212 233 62 112 126 123 216 85 90 74 17 243 162 174 210 253
    165 103 86 57 171 205 50 247 136 16 52 202 176 169 155 201 238 49 24
    25 253 180 83 243 234 143 219 154 53 116 198 251 110 20 231 27 30
    238 37 255 160 171 1 103 248 127 59 223 54 7 187 220 21 20 219 225
    58 190 137 170 3 4 60 201 70 251 1 156 62 218 157 69 176 12 27 32 20
    183 200 153 38 10 178 45 187 156 91 135 161 58 133 157 8 209 193 149
    214 83 32 151 126 223 145 234 143 49 175 53 190 161 170 118 81 206 7
    177 192 16 25 160 199 76 96 189 27 225 172 235 101 106 23 85 189 11
    116 76 35 77 25 43 224 229 145 165 96 201 131 159 102 83 52 97 54
    222 20 249 98 82 76 42 152 1 127 82 229 64 0 36 169 142 117 161 117
    22 67 187 42 252 170 189 90 115 31 252 65 234 232 77 145 46 44 176
    15 210 247 48 186 109 113 164 177 106 31 170 190 55 130 36 84 54 95
    53 116 203 205 201 61 66 5 29 50 130 134 83 165 179 12 222 252 207
    145 244 231 220 119 23 3 198 30 87 178 210 69 7 14 115 126 231 167
    89 238 216 168 230 143 94 255 151 134 173 104 94 125 159 144 66 69
    90 163 58 139 203 209 197 195 120 250 211 245 88 77 132 53 90 70 30
    120 181 248 110 26 37 200 137 243 234 44 133 254 39 6 82 27 71 91
    254 11 126 63 51 46 149 149 49 91 208 140 64 17 132 141 152 34 33 97
    230 28 79 232 58 57 14 246 154 211 59 67 38 134 171 244 53 138 32
    248 228 163 5 143 204 136 82 234 117 28 5 231 14 85 57 60 192 227
    153 228 78 153 188 183 253 213 134 68 229 101 116 69 241 32 194 231
    163 113 251 246 182 235 158 162 160 84 167 16 159 102 85 205 208 184
    76 101 254 58 197 98 8 240 65 24 54 254 37 164 64 178 154 17 159 41
    231 255 197 85 83 187 231 213 14 119 24 205 204 132 222 36 172 143
    34 147 100 210 253 59 132 205 144 181 165 209 202 196 106 59 171 62
    72 133 149 184 193 114 223 209 220 171 152 132 242 56 21 111 208 138
    252 127 125 236 115 190 5 235 218 11 129 146 90 134 45 159 111 87
    243 160 70 219 253 10 151 57 4 252 11 74 65 249 193 163 70 209 196
    255 73 180 164 9 249 68 36 32 165 238 183 130 159 57 63 238 59 74
    164 118 219 244 172 126 204 201 99 178 190 176 250 82 124 56 227 107
    220 143 179 108 248 135 104 159 75 21 27 198 11 146 84 182 93 63 152
    44 119 131 37 255 192 175 213 70 204 161 251 158 56 194 74 59 92 96
    250 223 20 114 46 163 101 51 12 162 5 119 114 40 174 134 222 151 234
    115 209 216 32 50 221 65 248 236 38 69 42 193 15 146 137 158 181 72
    221 153 193 92 10 108 245 185 249 154 198 204 186 36 75 221 126 119
    124 180 155 251 171 125 69 9 47 45 98 197 68 142 221 92 243 213 207
    240 195 244 181 48 49 240 68 82 167 169 223 162 0 93 56 179 103 162
    27 77 83 39 6 32 52 127 165 1 8 248 129 221 231 131 143 181 251 60
    67 172 37 111 10 149 182 112 138 180 2 204 79 52 47 143 147 186 88 6
    110 81 164 108 85 63 34 106 172 109 25 187 143 65 167 130 180 47 252
    240 80 15 223 40 161 130 2 10 213 146 222 161 91 4 154 233 49 15 16
    135 105 150 22 148 6 123 220 195 203 172 68 144 36 87 100 29 132 147
    96 209 163 74 206 208 10 90 18 0 63 238 122 188 59 119 130 144 70 59
    127 79 65 142 64 65 7 162 158 202 54 187 218 41 128 10 183 95 98 43
    76 68 19 157 175 25 240 46 130 60 178 33 53 219 222 63 150 17 50 24
    197 102 155 48 106 177 193 56 191 128 101 167 244 149 203 184 254
    254 80 220 200 42 123 113 1 8 56 45 179 29 147 205 7 220 33 207 199
    184 123 228 100 67 31 207 192 187 116 129 156 39 68 48 202 3 232 154
    181 61 11 148 196 134 15 63 122 155 132 17 138 232 122 167 107 64
    173 13 126 110 107 173 65 68 50 160 27 209 133 30 134 248 20 42 140
    184 128 215 170 21 168 101 120 165 193 206 94 223 169 81 157 221 164
    178 235 39 248 172 141 98 50 225 42 155 130 200 162 223 209 16 92
    142 252 140 101 158 222 101 141 209 133 109 38 153 191 147 202 110
    68 200 144 163 128 204 69 245 234 62 236 132 81 76 253 166 173 20 61
    59 161 112 227 63 69 128 129 92 126 216 152 88 215 138 103 66 4 147
    143 107 212 9 215 7 166 22 173 170 245 86 249 4 35 21 43 2 229 35 75
    223 220 59 70 119 62 127 144 133 215 132 197 236 229 98 132 28 216
    100 95 99 219 199 136 242 42 132 227 21 190 246 133 248 234 240 162
    97 73 55 29 190 28 106 42 107 100 89 240 139 153 201 124 177 220 135
    48 141 68 56 176 131 214 119 74 140 46 194 157 148 125 64 158 177 80
    124 255 169 66 20 251 52 166 232 187 187 101 162 137 68 50 236 20
    108 169 221 236 34 97 11 95 164 83 17 218 19 63 140 9 102 151 2 93
    76 150 2 190 65 205 30 99 73 181 212 251 158 177 127 205 144 116 195
    34 159 211 108 232 174 181 237 103 129 92 192 35 192 131 208 233 72
    153 3 84 55 185 222 7 8 203 84 158 152 188 109 184 190 126 41 231
    122 102 60 7 49 158 44 236 218 110 254 231 28 86 122 209 217 29 240
    175 11 119 117 22 129 20 241 235 245 10 223 139 10 36 10 167 2 251
    109 136 28 195 214 51 27 198 7 188 249 16 212 116 76 11 118 174 204
    50 249 79 117 109 194 71 12 188 68 147 29 27 242 129 49 83 227 6 9
    234 30 157 141 140 155 110 159 222 125 64 113 66 101 110 1 51 255
    136 8 207 253 250 134 83 203 44 92 27 156 178 224 181 193 95 197 46
    58 22 155 96 178 21 72 149 6 216 176 217 190 141 175 110 111 59 135
    251 172 184 234 178 226 3 211 200 182 60 220 4 127 230 156 95 219
    172 59 47 115 29 202 250 231 32 99 202 80 131 163 17 178 53 29 129
    58 180 208 14 108 188 83 81 232 249 20 156 170 188 107 196 72 20 92
    11 22 164 161 137 144 238 50 159 155 172 37 165 73 113 190 65 58 11
    92 112 80 163 246 46 31 78 111 84 73 153 186 198 150 243 104 175 40
    127 236 114 58 138 90 167 28 100 181 48 7 227 249 113 189 91 131 236
    231 248 164 35 185 222 229 30 190 226 51 68 181 171 110 181 225 218
    103 190 142 178 2 31 207 164 189 122 185 199 39 87 10 116 87 159 97
    132 68 158 94 219 65 212 1 124 3 104 224 149 42 179 250 155 156 190
    192 99 179 66 227 14 172 63 116 170 5 217 237 246 109 59 189 133 143
    7 166 142 119 7 74 173 4 121 100 14 166 229 191 186 3 16 29 227 15
    237 40 170 29 115 51 52 176 125 171 0 64 189 60 249 184 112 245 204
    228 28 38 219 204 209 133 15 31 69 19 113 100 43 42 248 90 8 176 251
    239 109 231 22 31 146 111 238 134 144 180 137 125 150 34 125 154 60
    216 233 185 105 32 85 158 13 113 251 128 28 29 71 74 100 124 0 46 88
    208 194 192 219 7 114 144 231 115 79 143 148 23 216 44 15 156 243 9
    245 86 11 180 141 154 3 51 49 33 51 178 66 94 92 144 65 220 26 43
    111 247 53 202 254 72 233 90 34 109 239 142 159 234 20 80 39 253 72
    135 241 15 1 229 244 6 180 66 213 92 214 45 43 234 95 33 25 202 85
    218 87 190 5 201 194 63 247 5 40 218 253 60 124 253 232 2 64 224 201
    243 134 240 45 202 120 37 49 151 56 111 255 37 19 12 98 117 12 174 5
    6 181 124 79 85 104 220 182 32 112 244 178 78 141 203 17 92 76 25
    232 115 20 146 213 123 63 252 38 49 113 198 168 146 99 99 206 124 97
    251 19 156 37 44 228 32 69 9 113 210 86 59 224 46 146 47 240 65 129
    38 42 200 189 101 57 208 126 117 51 56 42 122 95 220 222 199 206 126
    197 183 179 0 68 20 137 19 47 93 155 163 194 114 157 2 97 134 236
    201 184 239 156 103 177 166 236 190 217 165 189 219 15 237 22 174
    239 48 89 94 251 166 10 105 169 90 64 212 159 57 6 155 253 162 122
    122 54 159 105 0 146 59 193 209 23 54 234 4 79 35 33 39 7 10 40 149
    197 227 27 181 247 204 74 82 59 99 152 140 28 136 165 79 30 149 84
    71 148 129 150 142 166 229 148 78 55 70 191 132 170 182 92 3 23 11
    211 32 249 249 115 235 26 162 78 232 206 9 123 116 79 190 144 252
    237 4 165 165 243 153 151 12 246 220 226 9 238 190 15 219 1 184 155
    59 160 17 234 160 227 44 35 94 204 34 163 215 135 162 81 14 142 252
    94 185 160 104 53 190 0 225 173 136 22 160 64 172 127 12 99 242 150
    219 253 135 29 142 203 192 241 92 235 212 196 194 102 104 253 33 10
    110 62 145 10 18 106 182 139 3 109 210 148 208 185 152 115 23 101 83
    94 54 107 27 136 14 55 74 249 207 211 158 16 33 242 203 171 255 50
    215 50 45 183 121 112 202 158 247 83 207 20 220 58 86 137 2 97 115
    102 115 26 177 243 127 165 203 79 114 124 133 141 196 252 197 131
    208 6 244 83 178 33 35 83 22 87 158 225 79 135 229 26 180 23 133 127
    1 141 190 194 22 103 224 114 177 89 228 175 114 201 143 39 150 184
    35 212 179 78 14 253 171 109 194 254 87 238 122 190 12 99 109 225 78
    195 61 212 33 148 188 167 205 238 149 180 207 210 79 8 48 63 179 73
    245 106 79 71 104 209 57 113 207 253 251 85 251 2 188 58 246 150 165
    55 125 181 87 229 103 159 85 216 38 208 187 112 172 86 247 227 50
    194 211 239 250 249 188 89 202 247 35 51 72 22 246 233 126 56 138
    187 148 66 33 161 20 44 84 160 205 146 129 165 115 64 193 230 159
    126 68 164 122 200 137 248 214 9 58 35 162 40 191 126 197 46 53 242
    34 148 141 220 109 109 14 173 238 48 148 178 206 198 24 139 1 53 183
    45 139 230 200 44 141 143 138 1 157 216 13 188 228 201 112 27 233 8
    243 245 14 131 227 155 35 223 131 209 160 64 57 151 236 6 198 190
    107 113 34 239 108 226 136 243 21 48 97 179 18 232 183 176 153 151
    78 64 108 1 183 25 77 225 162 254 94 59 96 18 135 130 198 145 148 20
    70 111 122 112 122 112 255 3 53 8 146 59 113 67 204 45 89 141 162 18
    204 40 83 196 28 146 76 144 8 181 195 18 135 18 141 67 18 43 24 155
    128 8 137 178 172 165 137 165 191 241 230 196 223 163 9 39 234 30
    145 91 94 180 16 36 194 167 84 170 95 176 229 191 244 207 186 102 40
    130 217 136 188 246 74 161 231 239 80 167 229 66 49 68 0 2 102 167
    79 175 226 188 227 170 107 89 143 212 81 206 57 12 77 226 25 225 213
    164 84 34 1 159 192 213 213 24 141 17 116 222 207 131 26 149 182 184
    170 227 2 52 122 63 28 144 38 86 28 143 174 27 133 27 152 65 128 119
    40 27 120 195 230 93 235 247 120 93 168 93 125 116 170 245 25 47 74
    161 208 118 125 186 104 225 112 39 48 190 3 31 71 28 193 28 240 221
    6 169 106 173 10 124 57 69 121 250 214 205 209 103 42 76 89 27 216
    43 244 108 199 133 43 211 124 179 15 50 217 105 80 31 150 168 5 199
    77 63 178 225 182 2 99 172 157 12 145 219 209 206 88 133 6 201 204
    191 8 57 134 121 167 50 66 42 210 173 29 245 233 151 9 109 159 123
    39 0 236 155 54 36 193 164 168 135 9 241 233 42 241 219 29 178 23 12
    37 67 57 101 129 225 8 131 86 59 117 102 178 159 193 191 236 2 123
    126 194 110 246 148 157 213 217 202 180 172 52 100 14 156 217 237
    149 89 119 202 145 210 158 90 38 13 167 3 158 129 214 34 111 230 237
    73 43 91 129 66 15 246 148 254 119 49 40 227 42 75 219 213 85 92 63
    52 215 222 122 107 167 42 141 8 56 228 84 156 142 113 165 97 1 76
    235 228 137 206 132 250 114 172 194 142 35 130 71 175 144 142 43 249
    26 238 61 211 61 63 133 237 2 92 132 67 6 67 146 77 16 225 148 39 77
    16 181 237 134 241 122 64 196 132 176 54 214 12 0 49 147 205 169 156
    37 15 211 247 253 47 32 119 95 138 101 241 53 210 95 59 127 216 41
    93 39 25 48 91 152 171 139 124 107 168 165 179 247 25 181 167 18 127
    27 240 78 228 69 91 206 43 13 64 187 174 168 72 195 194 74 120 130
    107 175 184 176 174 17 231 164 141 166 13 98 76 182 140 80 156 3 200
    107 124 186 181 224 66 176 63 123 228 24 204 155 3 92 57 123 187 12
    164 34 59 228 215 140 105 59 206 113 209 241 114 18 128 60 204 148
    175 200 195 192 69 54 157 185 221 50 9 250 180 181 104 163 77 135 30
    234 5 246 236 117 91 22 168 132 211 209 245 73 150 121 79 127 60 53
    194 56 241 203 100 7 189 91 39 36 158 38 178 84 183 176 213 231 42
    58 218 200 28 238 42 30 218 68 107 67 108 13 184 92 102 230 85 251
    38 180 119 230 14 46 107 100 176 61 238 35 184 42 218 152 122 132 42
    61 249 140 35 51 49 34 127 227 3 99 214 32 138 132 2 83 198 92 40
    165 221 47 173 4 86 84 209 167 40 124 125 151 179 168 126 98 194 226
    35 83 72 248 88 61 123 228 212 247 244 222 110 160 36 172 236 82 191
    198 63 156 140 111 196 5 38 248 199 219 30 29 184 209 205 224 245
    115 169 88 91 83 192 185 228 142 30 163 217 15 176 238 135 135 150
    37 76 41 249 183 217 34 219 120 249 52 215 244 43 147 93 128 174 123
    147 0 15 142 227 138 235 93 19 235 135 97 151 247 247 251 206 226 43
    81 103 33 117 121 242 191 141 89 160 160 25 115 186 164 85 70 181
    176 111 7 240 71 114 148 236 169 142 57 118 94 80 108 153 199 133 22
    43 164 25 93 173 55 233 177 31 248 126 201 94 169 16 189 61 220 172
    85 180 37 70 52 19 193 178 37 193 201 3 184 39 5 57 106 24 132 66
    242 14 251 151 88 155 164 100 127 241 137 164 229 237 160 157 127 57
    50 103 2 74 78 59 16 223 61 34 136 109 32 226 224 73 76 53 82 234
    243 158 42 247 1 215 40 140 34 70 171 21 228 39 24 207 97 4 126 52
    127 92 79 157 134 205 6 212 58 174 68 230 17 83 240 107 111 94 253
    239 181 39 103 137 192 107 166 72 131 105 169 59 144 253 27 254 156
    123 113 224 237 48 10 41 196 18 74 7 113 144 46 148 164 231 141 214
    30 69 45 179 128 229 239 99 107 175 95 213 53 96 209 138 26 200 86
    56 115 19 201 183 126 64 79 88 89 139 67 186 159 128 16 62 227 16 35
    50 139 204 242 208 208 32 105 61 221 170 154 107 13 48 14 100 185 97
    174 56 250 224 39 76 71 111 12 42 255 74 215 231 22 0 241 245 47 123
    174 4 97 90 131 111 224 58 126 97 197 200 245 136 131 115 67 5 22 48
    91 36 102 8 173 217 18 29 93 111 162 158 100 198 125 159 34 15 19 43
    45 19 160 81 198 71 131 145 72 168 195 60 242 159 139 192 34 108 201
    139 32 79 196 161 167 52 178 60 18 222 73 163 12 77 13 67 243 163
    156 247 88 221 87 65 155 187 204 48 99 145 14 167 223 97 122 7 197
    137 129 94 133 249 17 144 25 18 146 47 220 117 144 144 122 247 125
    210 107 150 213 146 91 103 246 205 164 127 96 123 218 27 55 52 166
    108 54 220 58 193 160 101 27 58 210 181 31 155 224 61 148 185 180 43
    69 100 64 224 219 127 167 88 75 151 87 181 79 33 91 46 93 155 187
    119 67 203 63 187 157 61 177 93 47 73 247 42 100 239 97 52 72 56 173
    222 22 227 11 124 40 82 161 123 120 232 52 167 206 96 98 235 245 25
    30 66 160 88 195 216 98 222 100 18 158 127 65 54 140 91 161 252 52
    154 197 160 41 0 33 250 208 24 88 230 43 79 199 158 131 25 90 74 74
    13 152 136 139 212 99 96 145 45 194 217 108 110 92 165 100 27 14 212
    153 58 27 251 5 161 2 200 207 198 26 64 26 227 210 18 1 189 159 155
    57 186 212 103 215 152 67 245 82 231 87 2 202 245 231 96 134 116 24
    172 234 19 247 8 159 146 210 35 199 202 191 250 125 189 158 200 135
    160 101 230 133 238 208 88 218 63 141 174 92 49 252 173 189 143 216
    65 147 24 70 114 194 231 68 70 216 70 223 203 24 115 106 66 99 142
    69 27 66 106 140 41 47 207 67 29 103 149 160 10 190 154 198 44 201
    183 169 188 244 100 150 30 84 110 233 73 237 15 30 205 45 182 109
    125 247 243 1 89 101 60 205 6 52 89 138 173 173 25 75 162 91 230 184
    243 178 32 20 124 231 148 147 9 168 94 132 87 214 1 104 176 125 187
    77 53 129 25 94 11 108 98 249 71 123 149 103 36 94 209 234 177 14
    228 146 123 253 218 231 253 196 74 214 8 23 50 188 115 124 162 243
    240 116 69 25 46 29 65 12 244 120 167 127 144 50 63 240 101 130 63
    64 109 220 187 233 16 50 181 220 209 1 8 102 164 19 121 213 156 53
    160 65 129 146 99 165 202 15 238 60 78 37 127 164 128 84 172 145 17
    180 108 192 74 159 83 227 134 202 172 213 18 7 125 174 22 137 64 39
    252 47 39 51 183 144 42 60 17 13 68 230 155 55 61 57 139 13 85 159
    130 194 69 82 197 183 113 153 31 80 197 89 150 70 30 36 196 35 114
    36 118 119 140 96 114 229 16 241 25 8 18 56 172 10 193 73 178 72 94
    255 84 242 30 11 180 132 58 97 181 134 175 128 164 5 199 196 226 139
    26 103 102 99 145 102 235 146 51 229 238 219 31 25 253 87 32 219 128
    92 234 232 248 179 234 82 21 165 168 108 1 120 0 191 128 90 10 142
    67 200 30 140 202 238 223 26 174 245 173 161 161 121 175 182 166 145
    75 130 44 28 72 169 210 149 227 140 187 213 169 118 245 5 238 153 83
    227 246 81 36 173 63 156 24 39 201 133 201 46 102 122 252 140 72 9
    171 65 16 180 180 70 29 44 79 180 100 128 218 224 225 7 165 111 238
    170 232 240 188 59 6 112 100 21 57 134 166 72 190 225 46 145 137 154
    86 177 190 97 165 183 12 26 252 234 231 87 245 102 53 44 75 52 112
    100 234 185 238 1 69 82 52 55 76 164 182 124 230 41 232 196 87 101
    207 17 77 68 165 221 28 197 22 10 174 130 240 171 65 243 136 124 215
    52 38 79 239 182 153 159 140 46 81 135 66 99 100 93 0 141 196 88 254
    225 196 135 58 113 172 116 44 51 116 207 251 244 75 179 59 146 165
    155 176 129 103 238 127 16 113 88 77 15 60 44 8 206 249 165 7 71 76
    181 141 147 30 120 58 19 195 27 52 139 207 229 103 102 168 249 219
    202 96 186 201 145 56 188 75 87 201 135 230 209 153 4 162 208 116
    165 77 243 146 239 224 105 57 72 76 112 161 252 155 71 121 213 78
    175 141 249 217 91 136 13 184 141 62 7 246 35 167 166 24 238 255 85
    97 195 149 206 178 94 172 92 1 197 124 205 12 3 44 20 133 130 29 246
    200 41 235 16 187 128 57 145 51 89 116 207 8 223 106 1 158 226 144
    206 21 214 141 239 236 252 206 4 50 221 69 2 198 175 60 255 22 174
    70 132 209 75 1 159 97 2 19 87 18 59 185 232 95 62 242 6 142 61 163
    54 70 182 220 255 172 219 81 57 153 67 151 140 27 77 73 15 40 205
    168 155 54 71 153 167 157 187 194 63 174 7 82 178 35 6 211 97 251
    100 38 133 135 169 46 109 15 254 184 80 138 246 10 41 68 50 2 130 17
    11 15 84 50 83 31 201 229 248 54 51 15 109 201 29 12 255 101 159 54
    28 116 44 244 66 78 127 162 118 26 66 179 158 58 110 1 109 208 175
    217 185 110 174 98 159 22 65 154 148 201 28 43 100 91 21 98 243 205
    151 158 58 254 124 92 126 176 66 77 191 155 141 167 189 174 175 245
    238 149 109 68 220 235 19 113 72 101 124 140 243 24 102 178 146 61
    171 135 4 242 108 201 110 123 100 242 124 198 13 7 236 16 221 125
    159 4 25 57 179 253 241 140 183 129 251 36 0 42 179 113 221 113 26
    52 102 161 181 206 244 68 35 11 142 48 138 51 86 188 235 1 88 63 47
    24 165 89 220 15 203 17 85 212 34 151 138 73 165 9 33 103 106 167
    240 76 131 18 60 89 74 145 90 120 33 149 119 129 227 31 44 109 218
    238 118 146 128 105 135 24 82 26 158 215 56 254 81 146 2 35 98 13 36
    205 192 148 166 81 179 199 53 254 173 157 142 150 204 26 162 100 16
    96 229 104 105 229 161 82 49 191 153 104 247 182 33 96 43 130 74 127
    106 45 13 215 210 118 153 215 163 221 41 67 167 190 135 20 134 55 66
    64 71 147 241 171 183 68 45 104 203 13 29 107 241 176 114 221 93 199
    21 108 241 176 147 163 185 248 80 237 68 214 127 161 88 222 183 63
    243 139 110 44 202 86 7 147 220 153 165 203 91 154 175 138 37 18 109
    61 217 120 222 105 169 130 100 92 97 49 181 192 216 175 163 17 62
    226 128 138 93 159 32 153 128 87 25 111 167 111 209 64 130 0 49 52
    220 59 245 75 86 207 122 219 21 188 204 176 207 200 187 138 19 2 97
    168 41 178 204 136 160 123 67 180 36 224 121 20 132 175 26 166 53 10
    66 244 237 223 164 144 229 218 56 9 105 165 125 155 183 109 168 31
    119 70 211 61 162 198 124 220 128 99 130 235 110 219 225 241 227 188
    32 63 154 218 190 110 123 112 27 91 99 69 59 109 213 34 220 131 98
    50 105 156 194 197 147 160 201 98 170 157 235 128 9 176 206 3 243
    135 97 155 93 116 224 169 114 119 84 193 35 65 71 177 169 198 15 38
    211 9 241 221 77 176 12 218 180 31 216 62 78 33 114 9 67 101 121 128
    159 196 140 211 226 148 63 155 202 246 209 7 213 202 229 130 24 162
    106 68 159 162 176 139 243 20 67 19 139 126 251 200 175 115 165 250
    17 152 41 137 107 219 171 72 204 52 232 120 240 110 41 106 113 8 212
    109 39 116 77 60 95 56 11 23 160 231 23 95 137 127 58 12 105 170 136
    144 199 245 239 50 104 189 140 153 235 176 187 250 180 38 123 39 157
    7 55 4 54 23 4 144 168 36 131 63 197 5 76 131 13 46 69 8 154 251 7
    128 218 114 135 57 192 57 130 144 90 247 116 111 106 103 129 49 171
    240 54 137 220 37 78 173 88 193 228 243 100 51 107 122 220 172 45
    175 31 254 123 162 174 137 158 135 90 4 210 170 96 35 140 169 188 65
    109 43 178 2 94 228 82 137 161 138 76 177 11 251 98 33 40 28 150 176
    9 185 248 192 226 217 185 165 242 163 67 162 97 17 78 232 8 229 253
    31 60 48 186 109 20 248 182 103 199 246 104 166 64 135 20 255 198
    235 57 209 126 211 133 95 135 231 233 98 12 140 134 112 151 50 73
    228 54 147 179 97 115 17 155 170 24 79 217 179 1 214 107 108 184 203
    158 64 253 108 103 186 80 238 28 112 70 152 188 107 24 206 50 218
    139 181 16 140 0 23 168 23 44 196 72 30 133 95 121 80 220 39 199 139
    33 36 95 183 253 182 90 88 61 143 99 90 41 241 248 181 213 26 186
    201 155 163 134 124 228 145 74 29 182 34 50 59 32 59 147 170 29 233
    228 95 162 47 163 96 151 2 167 231 150 130 101 235 22 66 4 199 106
    182 103 227 52 133 171 82 63 23 135 147 178 230 239 17 203 62 115 62
    101 205 34 47 76 48 52 237 190 169 32 35 210 101 178 188 69 135 22
    253 60 131 39 114 216 209 123 30 118 69 215 101 41 216 222 191 68 15
    37 249 33 72 37 108 150 43 18 78 192 154 89 134 102 58 77 71 237 203
    251 87 108 22 42 220 198 90 54 90 253 102 115 135 25 219 19 179 140
    143 1 83 227 82 174 121 109 22 56 201 135 8 175 31 166 178 123 145
    20 149 126 106 146 105 152 185 121 148 250 2 79 50 245 122 189 0 93
    140 7 25 170 48 46 137 40 39 187 250 36 182 82 19 102 108 170 99 68
    151 106 92 42 251 10 79 42 50 131 46 61 105 130 226 66 80 232 114 64
    20 1 224 224 11 13 150 75 153 114 173 178 200 184 10 195 163 212 92
    170 120 5 27 135 111 187 231 247 141 224 221 119 5 44 154 71 181 70
    131 140 91 215 114 69 184 145 107 207 241 75 46 19 76 187 159 152 90
    78 249 133 80 101 48 177 54 149 172 147 183 119 142 54 77 51 25 135
    38 78 173 114 166 156 89 14 53 153 34 3 110 216 142 154 113 73 99 29
    7 56 247 171 57 91 139 0 223 173 129 59 151 42 182 75 69 107 115 100
    19 24 100 22 237 248 77 75 224 226 88 8 56 171 91 209 19 133 171 11
    42 48 219 187 72 44 215 175 22 109 106 112 189 193 69 95 190 151 43
    229 33 146 135 147 173 113 40 253 194 52 45 168 152 242 102 238 60
    177 83 182 236 226 193 33 13 90 54 117 29 187 225 122 23 51 250 173
    65 254 89 223 233 134 139 185 247 219 140 248 118 56 71 76 134 214
    173 171 248 20 178 211 180 163 147 50 18 240 167 136 49 227 223 253
    173 89 46 101 42 40 64 128 17 196 125 198 250 35 73 152 114 17 198 6
    57 84 54 43 126 227 73 171 153 241 197 121 207 152 234 160 245 237
    72 155 151 38 53 200 113 0 190 189 85 199 139 57 234 179 117 107 232
    45 144 229 228 36 175 45 172 32 212 86 60 198 140 67 202 241 31 81
    181 169 247 247 140 168 131 224 192 11 60 186 10 216 218 60 154 150
    38 168 46 252 22 121 4 117 7 71 245 93 243 201 62 58 3 189 118 4 190
    202 243 187 121 135 3 152 215 203 144 146 81 42 206 189 248 137 122
    148 217 3 59 28 188 138 45 167 132 72 18 132 112 100 91 149 56 166
    11 229 194 170 89 44 21 177 99 60 120 226 140 0 34 200 44 183 154
    149 11 170 199 34 213 209 86 164 164 154 174 27 160 66 88 40 189 122
    110 53 65 96 106 67 77 39 48 161 131 14 103 112 102 201 46 85 228
    250 207 56 123 99 220 150 4 0 113 249 32 103 178 228 147 162 156 63
    7 167 239 86 237 184 92 51 173 144 195 75 152 24 248 250 135 244 19
    86 63 62 239 252 143 112 100 19 158 23 235 201 111 32 1 192 47 239
    180 54 209 38 82 58 145 42 180 70 12 195 188 153 101 77 81 229 211 2
    11 223 241 63 210 240 38 151 137 195 86 232 180 196 75 10 178 223
    160 93 36 134 148 101 236 48 84 165 4 54 202 16 59 39 24 166 228 101
    234 179 28 173 187 64 23 54 162 131 212 216 175 181 134 48 138 85
    218 13 83 57 160 229 50 71 73 127 192 48 95 35 192 168 64 172 214
    208 85 101 99 52 208 128 128 142 5 187 210 168 188 2 249 126 177 193
    194 177 247 174 50 224 252 9 206 94 141 116 85 208 144 39 11 210 41
    154 50 139 239 176 93 117 252 210 225 106 182 132 61 255 108 204 40
    35 171 139 188 12 92 208 141 146 57 134 27 4 172 244 31 156 28 193
    45 79 98 252 192 6 204 175 9 62 146 98 29 21 100 14 91 30 204 237 52
    229 15 232 170 174 166 228 95 108 237 240 101 15 74 203 145 81 85 32
    116 87 177 145 14 239 165 74 70 160 167 7 9 144 36 169 212 99 196
    240 63 47 120 239 165 19 242 102 112 76 224 56 207 76 182 169 86 108
    235 198 73 29 212 109 178 177 120 255 3 117 189 60 204 232 31 79 115
    143 96 147 122 148 70 27 131 3 29 165 224 236 45 139 43 222 162 29
    77 66 211 255 199 123 148 182 246 202 183 195 178 28 66 172 133 119
    70 137 232 204 190 133 76 250 231 180 43 31 65 129 59 94 155 62 136
    150 94 93 14 125 22 66 198 12 58 248 251 55 5 90 127 243 84 104 78
    248 7 57 52 254 179 95 154 225 111 126 152 110 81 70 240 202 246 46
    194 9 95 251 19 29 197 22 213 202 96 161 206 226 183 20 203 63 20
    233 234 67 130 94 24 121 245 89 90 155 248 217 9 243 43 106 91 200
    73 127 227 225 182 94 93 154 203 102 28 157 97 49 130 168 36 219 103
    165 121 84 17 17 146 168 132 0 104 15 218 78 54 118 146 243 51 69 48
    219 200 158 100 150 135 148 26 113 10 185 137 153 147 217 19 233 74
    200 250 79 185 97 123 247 234 27 178 243 234 98 83 228 75 61 105 30
    156 182 174 125 35 241 82 167 227 83 251 85 157 215 96 188 131 230
    45 74 180 31 217 254 85 174 248 96 15 31 46 43 48 239 137 16 5 71
    146 131 64 109 114 23 51 77 14 141 15 101 179 136 118 135 144 166
    139 143 161 144 170 157 140 189 105 57 141 209 198 0 94 93 45 76 231
    203 195 143 27 27 56 149 99 198 186 229 169 85 20 127 161 133 72 127
    113 165 92 90 245 238 213 5 154 52 175 115 105 77 190 109 238 0 100
    22 148 154 65 193 244 177 121 107 48 183 5 41 204 56 25 205 181 205
    238 133 165 63 79 83 79 204 48 234 121 238 36 37 67 94 138 134 25
    145 93 2 101 177 98 182 115 55 155 204 48 104 171 194 242 168 53 206
    225 111 194 142 112 108 50 13 215 65 231 189 246 212 51 98 197 128
    18 82 192 189 58 68 141 232 130 99 46 105 232 151 203 90 146 162 201
    207 23 134 184 225 101 234 55 62 149 220 145 111 185 207 0 161 249
    149 20 93 114 205 52 85 209 25 212 24 38 21 84 35 76 36 228 1 209 2
    233 253 51 106 117 50 75 120 109 225 58 241 46 151 243 183 254 118
    57 17 126 102 38 240 0 170 216 148 165 77 21 89 10 151 205 59 81 118
    73 9 55 235 140 149 112 236 1 138 198 23 24 99 166 136 176 95 200
    104 175 210 167 37 98 246 180 37 204 108 251 42 198 200 169 115 162
    159 174 143 91 0 149 205 194 242 174 112 32 193 207 131 18 77 242
    113 234 222 132 14 132 36 122 237 107 201 116 109 124 95 18 144 14
    236 76 197 78 27 114 167 252 153 137 178 40 120 80 215 171 171 149
    134 47 26 28 76 252 182 96 56 84 201 27 63 41 0 73 88 228 103 51 173
    46 207 231 107 25 145 115 16 122 158 106 171 34 102 109 45 104 222
    92 205 128 34 72 151 194 169 205 18 72 254 31 142 39 171 137 82 183
    243 251 230 195 23 42 7 21 156 207 47 249 196 149 239 132 242 169 38
    133 238 60 178 234 245 215 54 40 66 246 137 40 216 58 220 160 162
    132 211 85 195 1 105 86 93 163 255 165 156 119 215 247 123 192 8 50
    150 47 98 205 214 187 171 52 20 17 45 201 99 207 92 16 85 219 69 60
    102 102 85 192 248 10 124 199 79 176 160 112 106 255 87 55 15 134
    131 41 22 253 86 55 40 22 241 141 142 78 126 48 65 174 230 43 124 79
    107 245 103 102 4 240 96 142 27 253 228 96 130 125 137 82 29 0 220
    149 124 217 207 93 18 174 15 66 214 87 84 70 104 188 252 138 30 179
    134 140 168 217 176 63 153 193 177 185 254 210 57 25 14 166 110 9
    240 41 114 174 30 250 226 209 97 41 35 64 38 251 198 12 10 115 113
    79 154 73 197 5 29 1 27 31 56 207 55 12 242 156 66 108 168 206 178
    24 225 96 58 33 140 33 17 199 138 59 81 104 30 148 50 149 51 233 203
    75 166 197 96 45 231 56 145 239 221 137 135 121 45 218 78 23 176 81
    96 38 168 105 68 112 63 232 22 189 21 130 20 219 153 54 163 143 204
    105 150 54 153 179 71 129 154 105 215 102 169 38 132 252 179 2 110
    151 168 223 66 124 214 197 74 20 143 9 151 45 126 34 119 38 253 173
    53 76 127 146 241 202 52 181 62 184 233 117 30 47 91 20 203 13 130
    41 228 106 28 11 85 157 206 194 41 76 155 157 58 57 132 105 61 34
    103 31 47 37 154 7 137 80 107 181 63 86 108 39 19 157 3 97 53 50 202
    101 168 250 110 60 87 215 81 25 234 135 124 36 176 90 144 208 77 71
    103 237 18 12 206 36 10 68 92 109 8 63 17 134 61 4 17 149 142 168 82
    12 131 228 232 13 132 182 167 203 56 60 27 168 15 232 158 240 169
    223 167 32 155 156 249 221 172 197 31 5 188 2 68 153 164 219 242 26
    22 214 104 122 212 207 110 108 213 248 146 18 224 73 137 141 41 125
    17 223 181 201 108 136 236 12 28 58 45 240 118 112 169 88 243 78 13
    227 112 39 212 47 249 246 70 250 165 78 240 101 253 152 26 15 166
    218 80 1 21 62 54 255 10 51 146 146 157 153 100 122 67 163 26 35 138
    12 90 56 176 90 94 238 251 202 182 212 24 108 142 2 219 64 139 213
    79 212 228 81 204 158 143 71 164 12 163 89 69 196 2 208 190 127 233
    173 182 166 253 96 155 40 208 224 128 68 8 204 137 126 81 224 174
    115 175 232 55 76 239 209 105 212 254 168 11 180 131 239 75 255 90
    228 107 222 255 127 60 195 199 52 77 101 49 248 184 82 60 133 127
    177 77 20 125 121 33 14 207 96 189 144 123 194 122 76 48 118 161 6
    20 10 253 146 147 47 34 122 164 59 114 169 40 28 82 207 1 48 65 44
    187 35 102 129 249 209 189 171 137 123 95 127 235 55 194 171 161 25
    143 183 180 240 173 111 23 23 45 239 23 244 165 42 229 84 120 25 192
    51 62 109 53 38 100 39 198 75 170 109 162 77 225 191 17 207 8 21 141
    111 172 97 105 160 248 159 99 26 77 246 86 200 180 113 47 195 138
    230 100 22 187 169 84 14 35 61 174 79 44 125 245 127 166 109 23 170
    169 250 64 252 100 245 0 8 81 170 40 231 56 227 37 43 158 41 74 97
    79 29 183 242 74 161 69 104 63 104 171 76 48 181 160 92 181 172 129
    37 251 92 56 207 137 155 76 18 119 247 204 30 66 110 188 183 170 4
    28 60 232 245 231 182 187 89 138 87 95 210 125 218 141 168 137 83
    204 25 34 102 115 240 132 119 99 48 133 11 194 141 45 57 176 112 131
    183 136 192 120 114 210 226 152 254 184 100 95 194 10 61 216 123 163
    202 255 231 160 24 144 57 66 20 128 233 42 41 230 202 30 190 172 162
    48 60 104 198 127 137 232 252 173 150 232 108 7 174 45 213 157 202
    106 3 112 170 226 49 67 69 164 15 207 140 16 71 169 143 53 107 147
    152 38 62 146 61 166 182 13 165 128 63 186 190 43 34 99 186 209 157
    158 103 197 44 103 102 180 63 78 39 105 103 74 60 71 46 218 113 150
    69 91 56 110 71 203 93 249 179 72 161 60 121 171 71 251 77 191 174
    45 249 229 108 252 186 129 15 39 66 40 230 8 216 212 173 88 133 3
    227 89 121 237 243 88 199 62 78 206 68 189 144 226 138 146 163 14 4
    104 185 111 9 178 165 151 247 181 224 244 144 177 252 25 241 241 111
    220 171 225 113 2 228 248 143 41 127 210 90 111 149 25 130 118 43 45
    160 0 84 197 57 48 179 132 216 41 7 80 151 156 76 242 40 68 80 54
    218 87 76 154 79 241 69 144 172 35 30 47 132 99 52 114 92 204 180 67
    19 151 122 105 103 41 139 94 90 83 20 225 114 72 219 181 71 86 230 5
    71 73 47 2 83 235 96 53 182 163 85 228 148 226 52 215 201 149 135
    219 159 25 96 103 157 49 172 94 153 88 203 251 10 226 169 218 172 8
    174 129 25 146 133 244 96 20 159 222 192 220 213 39 132 26 218 109
    13 32 227 47 94 196 253 153 36 232 107 184 169 244 44 133 100 28 204
    54 130 78 180 112 3 164 136 152 37 37 203 126 248 229 81 19 184 20
    30 192 153 22 52 143 198 194 185 62 217 24 44 147 37 96 143 95 78 57
    154 61 113 245 11 19 183 241 237 120 59 131 70 148 206 100 74 248
    228 159 94 102 237 246 104 193 11 80 47 229 75 244 15 86 200 32 204
    44 178 99 83 213 70 146 14 185 93 99 58 123 132 200 11 164 117 244
    251 166 47 212 63 21 67 228 10 229 25 236 202 81 101 39 125 219 63
    110 75 210 86 66 237 96 21 254 2 249 248 227 136 31 231 93 2 119 194
    107 213 146 43 254 39 45 102 170 210 253 133 6 4 77 79 158 139 249
    48 180 204 133 35 165 122 45 17 108 3 66 107 222 53 35 64 186 118
    217 216 237 142 96 55 175 152 166 23 124 228 81 170 231 31 2 196 105
    21 110 193 92 8 126 219 66 113 94 58 156 99 147 113 163 41 69 75 19
    145 13 69 56 167 76 86 200 109 103 173 14 66 102 221 111 32 35 171
    37 19 237 158 184 117 185 23 144 197 41 120 124 241 121 14 0 155 48
    187 140 197 224 78 1 75 38 244 62 152 60 18 246 120 65 153 16 19 143
    116 53 78 131 167 215 3 114 90 72 249 73 124 149 109 183 230 153 86
    188 186 136 95 58 136 204 3 198 220 149 81 130 70 164 76 101 104 202
    30 84 65 116 77 35 190 85 141 58 195 153 171 61 29 213 238 188 45 12
    175 131 20 7 213 36 154 49 173 111 140 251 143 223 88 102 166 93 12
    222 134 74 204 179 231 176 25 5 14 171 157 33 56 63 179 246 179 48
    212 227 201 218 102 72 100 63 5 7 46 183 137 13 55 196 88 116 187
    178 2 126 62 25 17 140 251 198 225 213 167 21 93 82 152 27 131 34
    176 109 17 103 57 231 224 99 166 122 45 99 120 151 233 213 16 240
    103 151 154 210 68 127 187 245 217 44 128 25 250 38 11 192 159 175
    194 176 2 180 224 43 130 44 74 132 188 142 166 232 228 227 64 64 45
    8 97 113 91 126 85 205 55 51 139 195 8 239 228 33 214 178 248 43 96
    234 103 88 54 24 246 123 239 98 254 157 79 99 56 229 167 252 65 84
    73 213 168 162 114 89 191 43 141 105 218 197 44 218 120 237 67 29
    200 19 150 237 230 42 28 12 255 213 174 162 35 66 21 181 163 197 198
    23 186 47 232 6 216 61 91 21 124 150 85 157 120 130 195 123 102 95
    49 101 95 55 240 205 109 201 77 251 175 184 117 215 85 120 199 223
    143 246 45 167 210 147 86 92 12 232 87 137 179 112 170 112 142 202
    121 249 65 214 73 174 64 67 168 0 169 15 87 78 106 34 175 77 11 19
    52 55 236 228 111 238 214 82 130 193 232 109 1 143 63 45 77 171 156
    236 176 62 49 192 234 222 236 95 88 126 106 159 202 47 178 29 43 159
    189 30 81 209 86 120 234 206 20 95 214 121 28 211 182 55 24 234 209
    106 255 84 169 107 185 188 210 10 228 156 36 253 199 33 181 146 180
    108 150 212 22 167 121 40 110 101 238 220 194 95 219 127 250 105 149
    43 252 254 83 60 36 243 42 225 110 186 16 88 133 46 43 52 253 66 206
    92 194 52 208 42 35 225 69 118 71 161 236 29 212 188 198 152 84 1
    250 199 56 228 25 198 93 71 248 235 187 226 72 163 212 30 95 105 9
    58 38 123 100 252 84 254 45 14 244 64 146 66 184 246 160 146 219 245
    136 49 231 136 130 29 17 160 236 74 212 150 241 103 144 168 151 67
    104 12 88 170 212 91 96 195 222 11 162 131 238 9 3 136 153 0 45 254
    246 207 136 54 153 53 113 251 158 180 182 217 243 118 178 159 168
    133 228 193 127 158 209 49 177 177 193 199 81 203 38 24 64 94 200 52
    91 254 113 213 150 77 101 95 229 81 219 29 242 131 25 87 80 153 135
    74 236 53 188 232 241 47 142 13 2 7 23 170 194 37 63 67 214 235 191
    235 126 203 146 8 211 248 11 35 210 165 238 171 193 246 28 98 108 9
    199 96 89 124 35 17 7 14 57 148 25 224 254 38 243 100 129 4 102 123
    181 156 93 187 71 128 118 229 27 140 102 217 66 135 88 167 166 250
    210 209 11 47 77 234 87 110 98 7 157 189 33 173 27 78 113 152 6 12
    42 206 194 76 152 169 85 205 75 33 198 108 190 33 48 127 132 170 42
    92 229 211 109 107 74 253 246 1 193 129 252 4 117 118 113 192 86 185
    222 232 124 16 39 225 74 5 60 247 148 106 239 181 83 194 188 59 204
    171 95 63 201 64 78 154 87 162 7 49 29 0 31 175 63 193 239 34 243 77
    107 85 56 238 3 142 39 16 228 67 53 175 119 36 28 22 79 109 99 170
    228 142 9 159 47 67 248 151 36 112 119 156 97 111 66 89 90 79 68 38
    76 93 15 247 116 175 125 82 70 197 226 80 141 245 93 135 183 212 195
    243 132 158 54 101 185 78 77 226 99 151 35 182 180 31 191 229 233
    108 165 192 187 101 181 227 13 63 66 247 203 153 251 63 249 232 7 61
    99 249 185 60 30 205 64 205 6 208 31 217 75 11 52 145 72 6 104 14
    189 117 4 163 164 7 48 55 161 103 69 26 221 128 236 139 68 61 239
    212 211 114 117 81 217 145 103 18 34 144 215 48 58 171 95 191 214 9
    151 251 208 52 242 177 40 29 11 17 45 78 28 144 85 113 240 120 197
    102 226 124 114 18 88 6 11 14 187 193 109 177 152 10 216 66 68 116
    255 175 242 173 126 103 10 110 112 241 29 131 196 17 207 8 165 246
    86 42 6 57 237 219 243 70 218 85 50 2 8 119 158 34 184 12 82 175 227
    188 249 22 53 15 173 135 103 182 246 101 213 51 23 147 47 165 62 52
    170 134 135 1 75 160 222 126 84 239 159 40 111 234 127 48 67 20 94
    189 247 160 7 219 176 213 246 29 109 8 253 138 155 5 6 16 66 179 83
    4 177 83 95 166 215 223 215 113 76 110 61 237 251 3 39 57 142 121
    227 90 30 156 66 54 18 146 126 180 83 161 122 150 185 180 161 23 232
    168 167 184 19 210 224 116 17 178 194 79 184 67 253 35 118 41 181
    144 118 131 12 93 87 25 177 175 212 203 91 56 98 3 244 230 174 233
    155 94 121 253 60 239 19 41 237 226 219 69 209 255 128 91 35 33 37
    38 86 116 156 65 91 55 65 39 36 42 249 199 68 119 244 143 41 217 82
    37 255 206 230 51 42 51 3 102 12 176 147 178 73 224 185 108 212 71
    33 184 93 199 174 134 164 149 93 180 168 238 124 114 86 156 107 243
    152 189 216 87 11 181 61 20 109 11 81 50 169 99 9 202 20 56 74 245
    204 11 109 57 117 252 226 222 13 247 249 44 42 194 163 168 227 29
    111 142 129 89 75 111 113 75 108 5 185 50 35 140 15 199 198 206 153
    95 84 255 186 170 110 33 108 142 183 69 200 208 62 130 237 148 4 198
    92 146 101 62 154 195 58 156 240 10 88 99 196 217 58 182 90 49 21
    184 117 221 197 104 208 1 172 38 228 33 53 95 244 179 202 160 69 111
    225 176 29 54 189 236 213 131 250 127 229 111 193 143 210 77 73 73
    210 60 10 88 252 190 170 20 88 161 234 75 120 220 65 188 25 29 251
    157 152 56 197 95 11 96 49 201 215 198 165 155 109 143 97 42 230 227
    8 221 85 218 45 33 204 189 123 240 153 240 155 180 84 252 252 178
    156 32 70 251 10 0 79 195 115 5 58 212 136 147 17 55 250 28 2 207 81
    121 54 110 215 93 183 122 248 222 60 127 50 163 162 24 41 47 39 240
    64 90 191 243 188 178 1 164 42 105 209 24 169 154 57 36 158 104 183
    144 48 246 161 134 88 176 173 134 224 39 49 150 110 202 16 51 33 65
    167 111 72 55 92 59 67 173 248 193 212 181 196 131 94 5 69 19 53 192
    174 83 182 163 226 144 176 201 25 57 76 95 208 226 202 59 17 188 60
    121 115 69 68 51 136 10 100 92 58 214 41 213 212 150 88 195 147 47
    171 48 60 229 176 244 99 11 133 176 34 175 62 251 100 149 183 194 49
    113 48 49 38 110 139 183 23 27 24 50 237 120 16 236 208 33 79 69 144
    186 182 102 97 231 161 122 58 0 71 179 179 165 13 43 11 222 130 210
    247 206 111 75 102 129 83 50 47 126 142 51 54 118 187 228 92 78 82 7
    188 224 246 99 88 7 235 213 147 59 157 174 116 211 203 128 126 172
    155 237 193 207 176 123 224 100 40 52 97 122 168 243 161 86 91 244
    145 48 248 19 154 245 29 27 223 134 105 89 128 62 116 160 55 79 234
    240 96 180 234 103 91 207 42 32 66 100 6 100 111 224 116 28 187 166
    171 115 127 25 204 49 121 9 65 158 235 54 69 18 150 54 60 64 42 183
    23 156 48 162 98 70 138 133 192 229 3 144 96 62 191 45 255 254 222
    163 38 43 112 152 201 251 83 98 59 249 239 147 238 65 160 113 7 184
    200 194 138 71 234 186 107 214 169 238 115 254 35 34 87 9 139 46 247
    84 143 75 235 13 96 191 254 251 60 253 20 130 235 70 225 152 254 48
    51 177 53 59 180 106 175 70 208 115 212 116 2 102 209 253 192 127
    105 96 12 241 231 246 125 33 185 166 255 121 95 96 119 1 86 95 157
    110 170 253 153 245 132 126 54 173 206 250 179 199 8 36 175 87 213
    77 102 135 64 202 138 174 117 72 175 198 46 191 234 97 254 65 23 248
    199 117 227 91 104 132 251 65 176 126 186 134 145 1 147 79 105 41
    174 82 149 86 210 202 200 49 139 58 235 69 150 226 79 243 130 12 118
    188 95 101 98 243 202 184 45 64 120 235 248 69 201 201 140 111 74 20
    218 113 44 107 191 226 22 168 39 80 131 167 216 0 185 119 53 64 38
    80 188 222 118 133 247 77 196 108 79 196 6 35 1 82 24 61 110 209 223
    18 92 104 12 160 220 38 201 237 169 62 58 95 190 139 174 72 77 240
    245 38 117 64 247 162 245 169 40 86 232 66 163 224 12 15 229 115 94
    2 142 73 117 10 251 223 68 112 248 6 56 86 13 179 200 108 103 165
    227 216 244 167 177 103 178 39 66 72 127 42 75 1 167 192 177 225 176
    62 204 192 144 151 100 76 53 53 240 105 53 240 20 194 182 207 123
    137 12 214 39 106 89 252 154 95 181 38 124 100 169 82 18 43 135 188
    182 53 134 252 8 27 159 2 18 177 131 253 15 169 151 218 155 192 212
    72 185 130 233 128 89 201 211 0 116 106 12 49 7 100 0 75 110 201 251
    169 79 91 136 109 242 31 234 167 215 12 69 208 236 7 103 234 57 9 33
    93 241 64 48 202 130 204 157 92 22 18 79 172 164 3 79 108 12 212 241
    53 88 73 110 216 61 134 163 155 78 67 48 68 140 190 8 11 238 56 155
    150 79 119 89 134 179 223 30 79 145 229 11 255 148 138 166 211 197
    82 215 29 208 40 36 115 216 3 82 35 107 56 128 186 192 199 104 139
    220 113 113 212 210 140 202 215 156 54 15 168 216 28 92 212 26 2 225
    230 200 243 237 138 139 2 173 16 231 196 171 93 132 193 223 98 106
    51 229 62 237 62 205 206 205 184 170 196 123 136 31 143 238 250 253
    69 165 211 81 207 29 115 133 239 129 80 232 43 16 158 56 62 198 73
    218 227 220 180 30 133 238 6 60 146 144 4 175 178 175 57 216 214 116
    184 23 106 190 186 36 230 254 4 74 157 231 252 128 238 237 220 54
    208 69 75 47 55 198 83 216 153 164 82 22 78 81 79 96 122 237 97 23
    79 36 20 199 73 160 241 30 0 76 112 145 182 180 200 237 162 61 140
    61 199 93 195 164 206 183 141 20 183 230 21 7 10 41 11 226 6 113 163
    245 47 132 196 72 149 126 143 212 99 245 201 144 10 131 69 219 211
    123 65 238 31 17 0 87 117 22 75 146 213 186 198 243 38 162 75 64 178
    232 103 102 134 29 51 33 217 253 177 135 128 146 183 242 54 64 233 9
    28 83 153 159 137 125 161 36 87 239 85 25 237 129 216 138 17 64 152
    208 134 50 140 201 119 239 68 32 18 24 7 229 34 172 78 44 255 115 25
    82 56 84 146 203 149 238 173 211 44 26 34 92 139 242 140 167 210 19
    218 190 172 3 87 189 108 45 56 76 113 183 241 56 187 40 26 154 135
    43 3 136 201 103 157 157 107 136 164 205 111 56 91 124 138 112 30 85
    159 236 66 243 167 75 202 247 84 154 38 59 56 215 37 136 20 27 217
    99 66 41 230 105 222 45 3 157 64 213 47 29 118 9 88 182 66 145 112
    235 243 161 162 26 0 165 23 22 56 151 143 182 101 240 74 53 103 193
    199 193 247 45 159 101 34 207 176 218 88 155 235 54 55 136 110 153 4
    54 16 12 60 195 180 125 84 133 6 8 136 238 98 127 47 55 92 183 138
    182 9 107 123 59 189 61 113 205 117 202 125 84 186 185 56 228 10 247
    190 16 145 250 195 217 117 1 122 125 200 19 75 156 203 96 122 59 9
    183 186 183 63 233 247 94 206 216 141 181 193 207 43 57 183 30 155
    245 79 145 105 163 8 80 237 109 72 243 166 33 70 118 235 233 132 193
    203 61 45 161 29 152 71 99 124 228 13 180 59 209 176 34 186 7 241 15
    229 28 209 13 234 33 40 108 240 208 170 212 242 161 106 177 44 12
    147 67 124 184 82 204 247 87 158 192 197 174 31 118 102 25 23 115
    202 96 95 240 180 197 120 55 67 63 144 207 83 29 97 147 83 96 214
    184 145 110 247 202 62 214 88 254 242 76 102 216 67 161 243 89 14
    229 54 36 135 166 101 234 176 219 181 93 229 39 172 112 199 126 97
    254 96 149 17 12 249 100 193 254 110 66 149 218 67 144 161 34 69 67
    141 17 156 102 24 216 208 135 11 82 34 227 181 103 122 129 222 136
    175 30 91 214 249 80 55 54 206 205 157 119 20 183 5 29 68 96 240 57
    166 199 126 229 79 52 50 40 123 60 45 66 99 132 103 69 49 170 198
    122 125 16 240 60 37 215 146 213 18 93 34 38 227 186 222 237 61 209
    208 119 68 110 192 235 25 144 20 23 92 22 75 109 46 22 154 5 56 117
    230 61 195 228 139 168 213 237 241 30 145 234 72 71 147 68 64 75 128
    208 84 88 92 137 106 216 159 250 147 234 56 18 177 234 37 206 55 68
    120 2 151 181 132 116 137 155 246 217 0 120 124 81 176 142 161 172
    72 100 210 36 150 3 31 226 7 21 56 41 220 143 81 28 183 59 238 84
    138 32 229 135 185 116 218 238 181 183 250 68 80 241 255 27 123 83
    229 55 101 180 169 172 224 26 115 210 17 212 114 0 114 121 193 224
    83 46 3 237 116 252 105 37 227 124 38 217 253 153 241 37 89 232 210
    185 202 240 201 92 197 217 233 93 142 75 207 227 100 169 84 147 63
    131 85 235 100 252 119 38 36 164 27 200 82 24 184 235 110 252 210
    148 91 27 131 251 152 128 105 250 1 23 39 110 117 126 127 255 23 84
    126 42 160 243 223 116 62 75 139 73 195 206 33 195 61 163 149 195
    126 8 53 131 141 114 6 135 140 221 123 12 68 121 231 11 152 30 199
    190 251 41 143 71 64 215 152 94 22 145 90 11 152 169 202 215 43 244
    234 212 84 237 112 189 3 22 85 168 28 83 71 133 123 46 13 1 111 122
    0 61 4 189 179 59 123 127 65 118 62 115 5 180 201 53 182 2 123 175
    243 52 205 155 71 168 117 139 216 102 58 187 93 15 114 252 17 128
    215 141 72 148 237 209 201 133 227 218 46 23 169 249 19 78 38 61 102
    5 119 196 180 231 34 19 143 155 199 98 11 238 179 239 118 97 148 142
    58 25 248 39 92 118 251 112 141 113 254 15 195 138 28 253 108 72 70
    10 151 234 198 252 84 48 157 217 72 169 159 131 129 157 113 30 63 77
    187 90 200 251 54 34 215 23 184 167 20 208 127 5 17 187 5 220 210 15
    21 86 244 219 250 171 88 171 97 143 201 83 129 112 89 31 245 73 255
    200 178 10 68 61 47 85 130 137 165 150 2 128 61 0 79 112 123 205 82
    147 237 238 223 236 176 173 84 205 21 111 125 232 91 85 35 12 251
    154 59 46 227 90 205 50 143 134 221 216 210 18 37 250 248 62 180 255
    209 55 254 98 115 238 232 89 109 146 155 13 93 201 182 169 8 233 23
    4 6 75 152 37 116 109 104 167 59 250 104 96 205 52 186 187 141 232
    161 75 28 123 255 25 124 54 210 133 9 4 2 39 163 106 159 133 221 207
    103 42 221 26 103 142 244 148 236 76 5 82 251 16 122 95 92 44 164
    148 5 52 203 178 19 208 108 198 80 153 197 30 62 120 28 153 122 183
    181 194 125 214 140 204 172 247 5 18 77 70 178 92 98 196 147 134 170
    57 185 4 81 119 223 51 112 151 98 75 6 142 71 9 94 11 76 21 117 105
    127 34 137 78 52 255 54 5 149 95 203 242 153 236 161 4 141 139 234
    41 91 253 81 75 174 174 56 80 141 48 160 227 182 50 134 175 160 232
    95 104 79 109 74 20 109 147 213 102 81 9 219 143 83 13 208 121 211
    109 52 114 122 153 145 161 62 62 207 1 113 118 25 53 106 138 92 139
    176 54 184 46 167 90 204 140 233 37 113 203 174 106 244 72 19 113
    155 141 139 21 106 160 168 119 61 201 153 33 147 111 224 218 137 129
    172 85 89 168 203 123 144 82 10 145 185 219 208 241 220 9 78 14 103
    171 126 52 81 171 115 13 177 185 155 21 140 22 127 72 10 59 23 60
    142 61 128 210 180 179 7 193 168 251 55 234 57 14 9 54 105 211 1 56
    4 4 17 216 19 87 131 24 105 187 0 103 67 59 29 61 51 112 110 146 61
    142 132 173 231 99 49 177 145 156 172 11 39 233 204 224 49 76 22 58
    45 24 99 246 135 84 159 181 102 131 15 58 89 230 164 26 13 210 185
    239 139 147 134 156 99 227 252 7 122 75 246 144 95 23 148 179 133 36
    198 157 193 201 187 76 184 136 217 213 137 106 15 170 16 212 227 89
    107 131 193 242 117 122 225 167 107 154 92 39 64 105 118 164 28 81
    63 68 210 109 54 220 195 188 116 95 152 9 23 17 118 225 148 140 47
    253 157 237 70 26 249 191 208 251 137 2 39 32 30 168 104 163 171 235
    169 105 132 46 81 28 40 163 27 57 143 127 122 237 137 50 175 201 241
    108 99 175 131 29 230 87 250 142 183 65 254 243 56 66 7 218 208 247
    70 203 105 34 56 178 71 8 118 160 223 73 27 104 219 50 29 112 28 228
    167 188 235 200 97 251 118 21 75 115 145 113 10 22 138 203 207 192
    129 228 41 192 242 218 184 163 120 77 202 237 159 12 40 117 10 215
    41 26 205 18 221 64 191 5 186 88 44 80 100 24 100 83 202 111 178 37
    106 25 199 253 238 45 63 254 23 140 228 48 78 134 79 3 236 235 166
    174 45 87 11 18 244 193 151 204 193 99 122 218 237 52 64 40 138 97
    41 217 9 88 84 84 10 199 35 30 15 59 155 0 223 58 210 59 92 17 114
    40 129 186 209 80 147 176 72 72 76 238 171 25 225 3 171 8 226 19 114
    126 6 254 42 235 124 16 2 158 125 121 4 11 126 53 36 192 250 224 202
    198 212 30 198 128 16 243 154 92 17 127 220 87 23 147 188 202 63 0
    28 168 203 64 74 65 25 201 238 128 71 159 143 85 59 237 180 89 13
    103 76 85 142 137 6 44 46 108 28 252 177 63 245 48 62 229 62 218 107
    163 215 130 43 187 150 51 174 60 187 132 43 116 160 72 228 106 124
    162 7 197 187 234 77 42 209 170 230 115 26 116 134 101 25 191 240 40
    209 133 232 84 96 105 247 202 116 133 96 220 5 2 191 235 125 21 45
    64 13 151 112 55 64 126 62 183 252 122 198 154 107 43 6 227 11 173
    115 46 215 51 75 166 121 187 240 202 201 36 240 1 57 160 221 123 182
    107 134 51 201 245 206 72 54 79 144 71 80 127 41 175 15 110 240 253
    229 171 128 45 250 16 27 165 143 66 69 116 145 0 190 220 43 251 18
    38 99 41 131 33 151 183 105 68 60 237 200 36 174 210 178 231 75 70
    243 192 171 90 211 114 75 30 130 235 51 94 154 16 121 196 98 211 101
    31 183 21 93 78 34 9 132 205 150 21 12 146 181 165 6 200 117 86 130
    15 31 151 73 99 11 255 251 157 89 23 118 107 175 145 190 109 23 96
    14 198 98 111 205 163 19 55 70 241 146 18 143 40 174 242 170 213 176
    105 173 228 179 179 39 80 134 219 216 250 25 180 17 205 13 229 189
    88 172 230 13 164 173 117 33 131 28 150 121 60 15 147 217 241 82 78
    180 137 198 109 9 188 65 160 20 87 243 22 30 127 129 105 75 252 218
    161 194 110 227 38 127 145 105 71 70 192 90 153 74 136 96 124 209
    211 101 255 17 105 239 107 186 143 212 23 186 50 83 25 8 187 191 236
    185 68 88 68 48 150 33 213 157 220 122 8 89 164 109 9 183 245 246
    118 253 234 216 239 183 183 248 160 247 120 97 223 27 12 120 20 166
    166 161 52 173 17 118 120 87 57 15 130 46 23 254 208 104 165 84 47
    231 147 135 212 103 212 60 23 228 23 245 73 162 201 116 131 102 69
    31 35 234 215 162 218 167 234 128 120 89 163 228 234 36 134 219 119
    202 208 22 90 60 157 146 221 19 193 168 131 221 200 203 41 36 100
    178 118 80 153 21 77 245 33 236 10 59 21 102 188 137 26 79 66 237
    142 194 36 22 73 127 177 107 241 75 152 249 16 200 14 54 60 87 235
    129 181 80 29 226 193 77 226 221 106 15 172 36 0 196 238 74 119 107
    175 162 69 19 92 52 233 167 201 218 175 211 236 196 196 120 87 187
    49 179 80 124 233 18 45 87 166 205 246 173 159 122 142 253 120 113
    207 222 162 129 57 174 97 231 239 246 158 248 170 253 228 92 42 53
    248 60 172 39 172 125 228 156 132 26 83 49 212 71 32 15 129 130 10
    80 107 0 75 85 40 101 10 102 108 50 20 249 63 18 209 245 163 80 67
    235 152 150 76 231 163 32 198 218 150 198 196 250 223 222 139 231
    136 169 180 246 56 12 159 217 83 60 244 50 106 106 83 132 102 94 232
    126 203 180 0 93 169 24 247 136 230 7 247 11 172 138 31 70 203 52
    202 187 40 124 69 114 30 180 172 89 194 62 152 28 67 252 234 182 241
    84 243 28 99 115 10 76 61 176 119 108 39 109 148 70 172 38 202 53 75
    74 159 175 243 14 146 154 155 90 151 69 72 63 252 73 194 43 135 6
    149 106 176 131 0 89 27 247 156 252 47 161 164 223 147 20 75 142 237
    130 239 232 183 187 75 19 11 206 119 102 98 114 199 196 142 204 129
    74 145 215 240 192 152 175 180 121 174 186 119 210 116 193 181 124
    68 132 141 240 10 107 88 5 106 180 147 87 170 4 207 165 165 178 166
    179 14 100 253 234 34 75 63 9 135 189 196 39 55 55 43 24 142 221 35
    173 5 107 118 207 162 186 35 188 104 6 158 209 113 170 175 86 155 88
    218 134 240 10 0 255 29 39 16 174 100 236 43 187 29 167 136 1 92 163
    154 213 181 184 87 122 4 232 136 79 3 226 177 124 88 79 55 125 103
    84 107 135 241 182 154 210 251 217 106 15 149 155 119 133 64 7 117
    40 74 243 140 32 94 130 8 126 163 12 114 123 131 250 171 107 47 127
    138 188 127 104 146 41 50 12 55 180 76 240 123 236 12 186 58 156 63
    135 132 30 151 56 123 89 87 140 115 120 41 167 247 139 151 37 54 141
    238 110 138 132 171 202 207 27 125 248 25 122 29 59 215 41 124 234
    206 248 67 250 217 185 243 189 14 254 122 147 14 123 178 32 253 226
    4 180 170 180 240 255 97 27 172 233 15 35 95 92 222 193 143 113 201
    117 203 38 249 182 21 85 233 37 129 29 158 176 141 119 24 107 84 26
    40 84 141 187 69 14 113 138 143 151 201 49 203 5 237 65 160 89 188
    129 178 80 82 54 82 147 8 190 166 168 41 163 212 36 250 132 9 46 104
    252 8 136 9 179 50 212 181 220 88 48 21 70 35 183 52 234 135 145 116
    198 68 243 42 80 26 221 238 59 68 38 249 157 209 7 98 10 170 155 121
    78 91 92 218 32 164 9 189 232 82 120 84 145 26 43 179 69 151 141 254
    90 182 192 114 98 31 10 9 78 58 237 92 112 124 198 80 48 255 140 99
    133 208 85 5 159 209 65 238 101 33 240 101 99 30 49 207 192 86 226
    219 46 134 142 64 155 189 0 14 24 103 25 229 55 126 88 114 231 136
    246 229 79 184 77 58 89 133 192 23 182 90 135 162 219 79 48 107 158
    45 69 75 228 57 43 99 62 22 45 255 129 70 201 80 103 128 82 71 29
    214 144 96 107 41 194 214 154 55 147 176 1 255 103 131 114 175 38
    190 235 56 215 127 58 169 164 155 212 48 30 19 245 241 41 103 179 45
    10 54 159 47 41 23 229 150 142 201 44 22 189 20 247 235 61 199 175
    12 145 40 191 125 216 21 36 86 109 180 243 107 160 124 166 200 198
    143 193 76 16 39 118 206 60 59 23 41 35 25 202 18 94 50 19 35 7 193
    148 82 92 135 49 43 37 107 0 151 121 43 113 111 11 73 112 155 130 85
    104 140 155 224 221 102 227 141 211 200 218 189 191 222 185 99 77
    133 130 87 30 189 77 171 72 25 106 176 108 142 193 138 18 203 73 157
    253 193 101 158 158 217 199 247 107 102 114 46 10 86 175 218 187 141
    159 98 104 219 31 107 201 198 82 159 175 225 115 71 107 33 94 71 249
    162 56 87 224 132 184 231 79 71 76 112 221 118 179 215 238 206 66
    153 15 99 95 32 201 86 88 164 208 138 222 199 132 33 238 38 185 110
    144 125 92 50 189 95 250 141 68 230 38 55 242 254 250 70 111 226 110
    57 139 127 11 166 75 96 172 49 142 4 114 149 120 97 84 205 249 171
    112 116 90 152 75 112 228 188 238 189 139 150 96 135 166 240 96 16
    120 175 250 172 2 58 16 50 173 184 76 25 81 59 137 227 188 58 196 30
    155 71 74 135 38 116 146 231 120 176 46 151 214 131 40 132 75 146
    213 40 191 176 135 88 138 198 64 157 65 126 30 19 167 193 128 44 188
    107 142 10 217 169 165 75 250 34 203 19 87 67 87 105 238 246 13 202
    194 77 194 5 102 158 74 90 103 102 235 199 199 196 1 43 64 48 1 84
    52 255 40 199 144 7 141 33 254 2 0 247 239 69 51 148 203 83 98 75
    162 36 234 206 221 255 71 222 202 132 203 94 121 23 144 157 32 87
    104 59 104 97 111 181 32 208 56 27 55 84 133 240 72 86 181 16 66 238
    103 172 65 163 164 143 160 226 190 19 126 201 195 231 20 104 185 125
    210 218 40 122 76 128 208 85 68 58 236 164 116 206 181 85 234 154
    106 118 11 228 197 252 140 193 116 160 224 254 250 161 15 107 23 185
    238 61 21 199 97 249 213 126 8 32 185 203 160 9 149 169 167 8 121
    102 34 74 158 92 36 171 150 102 2 226 189 157 163 246 202 137 17 173
    98 18 218 18 150 117 146 47 161 134 99 209 165 46 180 242 93 228 186
    70 15 136 218 63 44 174 110 73 2 85 109 102 116 127 216 106 106 29
    158 6 58 84 63 188 59 136 188 200 79 25 29 37 30 226 5 57 54 208 11
    90 171 213 144 218 32 55 176 32 113 244 5 209 212 12 69 55 106 2 134
    47 242 169 217 43 40 208 220 83 186 81 125 207 179 204 152 47 71 255
    98 132 24 61 55 61 209 89 17 138 160 0 53 232 241 228 146 62 230 251
    193 240 33 149 69 118 50 31 250 27 78 63 212 97 165 222 24 38 218 87
    139 28 16 67 2 244 16 221 163 132 140 110 114 96 68 11 76 90 57 121
    150 242 201 205 88 15 43 155 193 56 212 132 8 253 51 200 232 116 168
    114 111 56 6 231 103 182 145 72 154 47 155 186 167 138 189 122 5 138
    19 180 165 85 100 221 160 171 68 13 144 152 29 38 236 116 117 7 11
    241 215 65 125 77 151 21 2 221 124 196 187 83 198 94 38 51 175 231
    18 74 225 143 0 242 138 73 221 83 137 180 183 141 127 43 8 11 228
    221 209 220 82 124 208 78 60 141 136 146 148 52 37 182 229 218 77 95
    129 64 173 59 32 109 224 136 118 64 182 55 130 116 209 89 238 44 65
    84 117 241 150 116 187 173 196 2 120 50 242 132 118 152 49 137 137
    34 219 223 84 88 171 57 69 166 153 121 190 114 52 38 90 234 24 137
    92 58 204 254 202 240 33 240 66 117 60 106 25 113 207 59 141 245 2 3
    67 227 197 130 99 102 6 123 81 94 5 225 133 171 234 2 241 12 111 197
    116 195 122 82 199 245 97 235 61 232 211 167 166 215 90 164 139 117
    138 17 72 11 115 111 139 194 149 111 201 101 93 58 87 106 174 150
    145 186 241 1 230 162 100 130 246 246 105 235 160 142 160 193 165 99
    22 165 9 47 199 52 67 226 69 2 159 198 229 230 122 130 30 204 13 11
    148 241 98 142 49 198 109 177 96 204 16 42 104 98 95 27 118 192 42
    21 1 85 174 35 50 93 116 199 1 178 125 76 31 116 104 32 46 59 202
    142 136 80 136 8 167 1 103 40 99 208 8 162 114 55 121 20 47 233 91
    95 77 200 47 67 106 64 191 89 239 110 158 66 134 65 239 10 119 91 67
    36 60 20 228 75 142 57 170 104 163 231 113 238 129 231 162 171 183
    80 220 139 233 59 75 117 159 129 18 171 36 122 184 54 183 250 48 15
    11 211 247 184 61 181 187 182 96 140 204 31 55 178 25 149 199 66 75
    5 109 96 82 23 133 35 119 28 231 101 188 219 195 198 55 104 181 23
    29 75 171 194 232 193 221 131 75 111 132 29 94 212 138 233 127 64 78
    63 53 243 184 133 77 122 181 46 221 213 1 52 216 48 117 164 48 24 14
    54 168 193 49 163 96 146 152 58 188 115 113 238 92 137 70 4 225 227
    188 70 223 77 5 224 81 200 203 67 147 193 152 17 46 156 190 15 185
    58 58 100 134 99 199 41 58 239 113 108 233 70 192 131 216 25 111 21
    108 110 64 233 227 3 149 232 238 27 96 117 183 19 170 17 69 181 31
    10 124 230 114 45 43 46 244 23 210 254 11 142 73 165 235 108 157 122
    213 80 98 193 3 101 107 70 111 59 134 199 221 184 212 32 111 32 171
    227 121 101 97 181 86 232 152 205 205 152 223 86 65 72 165 214 51 20
    163 97 180 198 224 17 130 135 153 68 206 190 186 103 164 213 76 12
    86 92 145 9 254 87 122 171 216 217 151 195 32 5 158 223 83 28 179
    216 155 167 56 244 104 168 79 172 219 38 168 167 247 10 149 242 136
    91 109 186 118 158 95 196 81 236 213 169 45 207 26 187 10 201 238
    229 19 5 249 49 56 205 85 199 184 72 244 232 57 121 62 120 234 27 63
    202 81 220 70 58 173 33 66 222 200 75 177 91 178 102 250 98 121 78
    55 194 32 241 67 225 4 118 28 38 158 192 45 68 64 162 29 247 187 74
    196 76 97 33 56 100 49 251 105 24 214 243 133 154 58 255 221 63 58
    109 125 237 219 145 88 23 29 179 14 29 67 203 157 20 254 72 111 221
    163 11 19 202 33 32 22 222 109 128 93 223 191 151 128 236 76 173 79
    48 30 75 44 222 90 175 2 138 35 147 130 156 75 14 114 63 39 207 53
    90 252 95 85 85 170 170 242 111 166 62 16 58 216 113 69 52 151 23 51
    98 127 136 247 224 96 65 239 129 238 45 104 138 199 200 102 13 116
    254 216 252 131 176 107 214 214 95 229 82 208 234 156 166 124 87 130
    202 100 163 1 154 20 119 60 128 13 27 173 167 91 105 198 58 59 133
    124 190 239 200 230 194 189 17 65 144 60 157 233 254 89 25 149 170
    232 214 184 190 78 202 214 54 131 90 196 70 45 218 22 22 36 170 246
    64 239 44 182 193 254 56 78 218 57 230 114 153 37 222 61 33 30 74 59
    81 118 169 152 135 109 205 78 168 115 164 213 181 1 233 115 60 70
    122 53 47 95 26 57 168 150 67 150 90 138 158 12 59 228 142 155 59
    113 153 180 191 46 38 1 201 13 180 7 251 138 241 11 115 212 107 67
    49 185 64 17 88 86 149 0 114 96 156 86 19 171 6 8 42 247 20 186 29
    88 133 235 184 10 222 63 123 17 125 36 139 42 217 125 66 156 134 41
    236 42 247 139 201 160 153 101 104 28 95 50 240 79 209 223 201 139
    255 12 100 97 139 76 62 65 82 200 174 128 237 10 190 153 29 67 194
    68 247 1 196 0 19 208 224 218 45 140 170 26 85 220 49 234 103 76 238
    24 88 27 78 153 190 31 117 68 113 87 69 108 121 135 183 74 99 17 84
    220 45 66 211 149 135 251 146 67 86 201 133 186 87 62 199 35 135 222
    44 199 138 198 185 207 15 232 35 66 1 69 69 229 69 62 198 241 73 253
    33 37 128 9 178 143 26 254 34 241 159 8 96 55 70 110 12 94 37 31 14
    164 183 218 230 187 67 157 184 87 1 56 186 35 194 35 62 126 123 170
    164 213 147 174 12 157 18 22 91 55 180 254 208 217 62 129 163 152
    221 107 216 226 32 222 145 197 195 224 114 166 34 107 251 228 187
    213 6 27 141 236 252 81 179 20 68 236 28 90 56 94 78 205 12 171 169
    26 117 19 209 38 88 249 86 154 193 236 30 108 52 91 237 255 211 102
    47 4 5 236 183 44 24 28 191 208 36 160 153 100 105 0 55 106 247 90
    179 158 172 167 247 160 96 28 189 140 103 1 20 57 128 239 37 160 93
    94 243 20 241 13 47 219 211 177 218 188 31 102 200 242 92 153 21 220
    196 209 56 188 175 104 254 167 217 105 2 244 125 27 86 94 107 43 96
    196 127 217 91 143 169 101 97 107 94 205 185 35 171 80 240 65 45 31
    79 39 142 192 41 166 109 209 40 188 90 236 137 229 60 43 102 94 14
    87 16 213 24 42 74 252 184 130 177 243 210 147 106 138 205 73 82 92
    253 173 109 181 88 54 91 195 43 84 43 55 90 166 67 5 16 240 158 179
    118 103 22 20 198 30 27 231 63 115 42 250 90 92 214 116 100 122 211
    82 84 11 128 116 239 77 95 139 228 91 166 115 199 152 75 222 121 184
    39 188 85 70 59 43 153 175 227 249 108 39 96 104 9 192 230 136 150
    249 180 244 164 49 66 204 102 69 112 152 99 219 101 9 180 92 1 59 68
    59 80 14 160 138 1 69 242 142 236 117 210 191 253 246 132 17 32 222
    251 180 5 51 154 51 97 188 124 187 32 7 162 21 249 233 196 247 223
    192 109 181 175 225 4 247 225 188 119 75 48 72 161 163 132 16 54 80
    21 115 168 153 40 218 8 29 243 56 143 147 62 246 146 174 236 224 80
    223 120 165 129 163 225 131 35 87 64 62 80 46 182 41 117 125 20 55
    104 246 142 115 243 84 225 101 22 102 131 222 5 3 210 83 131 112 96
    235 39 66 204 102 80 95 104 245 63 253 78 75 108 33 128 197 32 61
    137 102 145 202 100 222 82 83 99 95 72 172 240 235 224 105 62 204 39
    85 77 16 120 113 155 13 133 202 74 225 162 76 42 117 21 225 159 149
    204 230 18 218 63 214 73 209 16 10 182 79 81 238 227 71 141 184 75
    95 72 88 189 73 25 62 170 240 159 199 82 4 95 204 239 63 36 252 248
    146 35 232 23 50 195 50 215 202 195 244 153 90 180 224 248 226 126
    115 47 26 169 137 159 183 75 47 115 144 150 222 78 45 232 13 38 232
    161 226 228 32 240 117 82 107 250 75 202 186 212 26 225 209 238 65
    121 239 225 166 83 212 37 75 101 150 215 218 4 48 79 15 146 117 220
    189 161 142 218 25 228 105 109 81 222 111 103 134 174 96 229 38 159
    140 128 22 94 210 63 96 61 172 204 91 30 250 242 148 233 96 158 190
    210 39 113 211 206 100 88 250 69 147 43 34 245 13 102 56 47 247 207
    147 74 169 248 197 182 75 186 205 228 63 82 198 176 20 135 238 188
    167 231 229 232 44 124 223 130 208 64 108 154 12 224 99 215 163 127
    62 98 82 27 200 35 62 166 212 80 250 46 141 128 106 136 150 172 32
    236 96 179 55 41 86 64 37 48 201 239 119 150 248 26 145 43 181 103
    10 70 195 103 77 202 189 226 14 139 55 6 244 216 67 93 81 46 160 171
    29 244 138 222 209 107 101 63 241 191 228 138 89 165 242 212 114 222
    2 151 187 144 176 254 237 35 83 147 115 42 113 78 193 38 0 61 220 51
    142 62 198 90 231 141 43 93 135 102 115 135 129 121 186 72 42 247 93
    86 96 141 29 128 186 15 52 141 15 229 31 49 67 37 114 176 95 109 254
    75 41 71 183 249 145 237 117 38 80 188 80 252 43 15 246 16 151 232
    187 41 182 12 229 225 209 63 31 0 61 36 99 30 242 78 4 138 182 60
    184 9 11 26 77 103 88 40 55 244 154 224 149 112 39 59 110 190 140
    118 244 212 146 181 130 96 24 27 194 62 87 220 141 204 177 212 4 152
    106 213 91 100 48 166 158 55 12 222 152 77 6 199 186 160 251 101 252
    151 193 201 237 103 63 169 48 54 163 16 163 2 68 62 119 94 236 89 7
    3 110 175 190 18 100 67 76 56 8 172 211 56 37 162 91 96 45 197 126
    41 170 187 183 32 232 39 211 91 188 94 128 240 125 178 245 210 74 56
    154 47 226 17 147 214 186 72 112 198 203 95 92 18 202 39 10 108 135
    180 76 178 29 217 204 62 224 38 0 223 201 35 16 147 210 125 46 91
    189 44 195 127 253 115 219 234 174 20 149 41 7 216 98 209 21 221 114
    129 109 91 50 5 200 12 173 66 201 233 245 112 157 3 35 4 213 13 241
    28 10 219 49 29 79 28 46 31 216 46 128 168 69 192 131 12 207 23 225
    60 157 182 19 221 36 251 15 134 177 145 252 238 1 209 196 214 202
    102 130 207 227 249 209 84 209 64 237 179 187 197 4 133 23 110 38
    138 22 193 185 34 106 124 78 139 87 102 240 58 34 43 119 67 111 80
    219 126 140 55 105 89 112 46 15 245 171 49 209 181 53 116 25 207 2
    182 73 144 10 210 149 167 172 52 117 104 230 52 201 160 68 107 54 81
    159 55 66 25 240 124 250 158 83 24 168 107 108 18 144 52 205 251 185
    85 165 178 15 8 80 47 111 132 43 253 36 88 28 5 91 53 142 175 229
    255 137 40 140 201 241 110 3 189 38 55 202 62 238 249 221 192 199 62
    200 174 34 52 25 58 11 115 0 114 157 140 141 208 203 222 23 4 171
    248 72 170 248 250 16 189 107 144 224 155 161 72 75 216 195 61 206
    254 46 79 172 162 246 196 194 0 168 7 16 192 152 35 171 86 154 65 26
    78 37 94 86 221 172 194 159 90 206 151 124 177 3 205 37 97 129 208
    155 113 136 180 171 87 153 184 40 111 10 109 165 17 63 25 226 154
    161 249 53 204 78 101 117 214 41 249 251 10 154 106 64 184 166 137
    74 146 227 152 170 236 39 48 131 77 45 212 215 73 174 248 184 115 6
    95 210 23 111 224 168 235 96 99 206 93 230 244 163 211 86 173 173 27
    213 67 54 4 177 31 156 74 156 76 255 146 20 10 87 187 177 216 195 99
    147 158 172 35 117 120 252 244 120 2 213 83 74 190 95 111 35 41 213
    53 92 120 217 252 186 27 226 236 51 75 133 169 36 91 140 250 164 149
    249 2 44 70 240 72 66 71 60 172 231 33 226 201 133 178 207 28 203
    117 166 252 33 114 243 254 27 9 196 29 42 195 13 86 57 37 54 131 248
    34 252 196 213 54 164 141 116 139 14 159 220 117 101 17 206 39 236
    165 236 208 46 59 22 73 153 21 172 94 14 165 153 14 114 2 21 135 207
    163 250 126 226 63 18 62 83 36 43 159 162 144 89 123 182 128 165 150
    252 183 164 87 139 69 175 24 28 190 239 216 37 41 182 48 138 225 127
    35 237 180 105 55 244 100 216 75 65 109 208 149 196 102 112 33 253
    89 202 129 9 134 100 176 137 225 213 245 45 217 86 52 253 243 215
    153 229 118 206 219 248 127 149 29 183 87 130 139 91 89 188 213 147
    126 151 220 88 45 78 145 174 46 40 39 46 211 88 171 14 169 109 185
    70 126 67 119 59 38 130 89 98 57 10 216 133 98 129 202 225 173 97
    218 106 73 205 212 28 143 67 72 16 251 58 25 217 85 104 90 248 167
    36 82 129 237 22 80 143 3 37 185 75 123 173 65 29 133 115 90 173 188
    208 78 34 148 103 43 248 169 32 113 121 162 32 75 48 203 149 47 94
    183 23 147 200 104 29 73 49 213 134 82 242 222 171 147 23 89 131 217
    77 112 113 14 202 67 188 124 48 60 73 26 34 46 232 33 212 103 196
    128 58 92 224 9 0 47 146 133 97 161 118 90 248 128 112 153 55 68 6
    213 34 234 243 100 94 28 3 162 146 191 30 245 160 18 82 169 59 21
    123 221 13 20 187 69 13 227 8 112 243 100 248 139 250 67 47 51 215
    159 99 185 175 217 63 148 235 151 132 73 33 96 133 192 136 43 204 0
    190 43 248 45 38 44 36 153 183 55 106 210 16 232 59 222 36 64 16 65
    240 124 205 83 175 139 127 59 220 242 84 223 81 219 18 177 189 123
    13 127 254 8 154 100 68 25 53 65 50 106 34 142 185 17 243 173 143
    196 180 233 222 133 242 152 253 16 129 167 108 81 48 79 62 116 98 19
    212 238 216 204 158 125 205 29 44 226 33 98 131 76 132 85 134 197 39
    156 255 223 215 57 131 142 60 125 158 173 206 129 149 142 138 66 24
    141 24 27 232 126 244 198 69 43 255 103 198 125 156 252 174 109 83
    139 225 184 116 55 122 141 136 76 12 131 216 2 189 254 77 1 184 125
    212 1 170 242 118 112 110 134 25 206 40 222 28 254 206 231 189 74
    173 154 44 238 248 107 156 126 166 78 219 40 143 38 156 13 142 96
    210 23 152 83 179 169 118 191 214 227 95 218 7 5 47 184 18 222 67 57
    103 202 144 68 3 170 206 122 90 11 12 185 149 220 24 85 95 185 98 68
    113 34 113 210 190 157 220 44 11 88 114 191 228 133 185 48 103 147
    200 50 61 97 111 202 47 69 54 50 195 230 190 69 108 110 96 111 187
    72 174 180 24 39 245 238 47 98 207 177 124 171 91 190 201 148 214
    226 46 123 250 229 127 164 181 149 232 34 250 121 10 30 138 103 244
    143 193 255 173 107 174 9 203 242 9 228 233 90 160 50 250 193 228
    241 226 34 145 7 159 67 88 220 166 154 16 113 245 76 250 138 55 213
    120 239 16 125 122 92 143 108 78 42 170 25 234 147 121 49 238 120
    108 34 166 202 140 205 165 183 25 74 238 68 244 167 51 254 159 212
    219 223 248 198 113 19 95 17 128 210 252 115 244 32 160 43 139 73
    133 141 163 141 40 254 41 187 180 232 30 98 253 184 253 34 226 77
    220 121 3 230 69 49 237 188 150 237 88 242 13 217 120 90 80 169 221
    49 35 6 142 45 59 219 227 78 211 62 96 122 55 82 123 42 10 5 209 83
    210 12 197 49 243 243 156 14 169 183 136 229 52 50 32 207 101 89 13
    36 163 6 205 50 52 39 166 242 145 214 181 242 103 127 16 254 136 15
    159 91 22 23 15 160 127 47 199 109 246 55 157 164 28 118 198 186 174
    129 242 219 80 220 143 142 134 238 202 192 56 205 99 15 201 255 254
    173 44 55 68 34 148 72 142 148 70 163 70 49 136 17 47 204 238 232
    222 109 219 74 91 39 146 195 243 213 233 72 63 87 82 19 123 90 42 96
    16 167 166 161 231 141 78 189 106 88 140 22 46 107 85 81 182 132 248
    59 109 116 176 186 46 77 229 0 60 248 40 249 227 65 59 203 209 189
    69 235 51 247 163 28 16 50 179 168 136 19 18 209 44 185 81 90 249
    134 94 30 43 25 192 132 114 180 68 112 119 25 64 77 204 94 129 199
    76 209 211 17 211 74 97 127 6 34 243 124 241 112 167 146 140 21 177
    55 211 128 234 35 62 248 232 104 211 189 47 123 165 173 238 202 190
    87 137 69 227 94 215 64 146 194 102 87 182 193 16 184 179 35 28 252
    251 108 114 158 217 1 220 94 131 18 92 15 192 0 251 6 9 71 61 149
    140 36 217 192 25 226 201 176 109 155 123 145 94 146 49 255 241 213
    191 197 34 196 0 255 76 157 1 54 209 106 224 8 215 238 224 23 138 19
    171 2 92 242 90 217 167 111 129 112 199 221 26 136 81 222 226 125 71
    188 194 49 200 118 86 28 62 147 240 182 187 129 19 150 236 188 89 46
    194 179 44 51 157 116 243 162 18 63 222 127 160 158 132 132 131 8
    229 251 176 71 251 233 239 27 30 105 37 225 176 10 150 76 4 120 162
    255 16 141 2 132 197 98 123 83 13 51 130 160 218 56 251 23 28 102 24
    224 69 32 150 136 80 17 162 6 45 222 41 54 251 185 15 154 75 77 212
    58 146 103 9 169 150 189 101 99 231 96 31 214 45 74 239 128 49 183
    190 59 139 215 97 32 242 184 81 7 222 156 171 246 199 245 24 178 102
    226 49 207 32 145 78 150 2 172 252 192 39 210 162 22 0 218 94 20 106
    218 245 53 141 116 232 178 121 156 45 93 14 101 143 174 103 158 123
    14 190 39 181 203 230 94 63 233 223 149 80 142 122 60 43 133 216 216
    26 136 47 220 50 209 42 124 175 18 101 41 18 161 165 77 177 106 84
    81 192 75 105 215 24 32 134 21 146 224 113 172 33 127 24 143 148 190
    118 248 83 215 133 113 54 16 221 135 144 72 71 135 75 81 8 185 26
    187 102 158 102 60 50 217 205 139 6 48 233 46 99 58 186 43 237 20
    181 45 145 180 228 184 46 222 196 190 136 206 57 134 205 156 150 229
    61 163 33 231 43 184 22 44 132 163 210 92 56 92 179 93 87 76 118 81
    32 149 106 90 213 248 179 193 254 186 90 22 53 215 51 198 50 85 248
    45 223 245 38 252 36 204 15 161 187 18 240 119 68 59 211 230 72 225
    53 158 130 109 199 20 202 235 140 107 24 171 140 125 165 28 220 16
    98 73 7 38 69 44 33 93 74 227 69 89 248 176 37 125 156 160 130 154
    57 26 246 172 189 222 156 47 68 7 128 22 118 86 183 59 220 155 116
    232 146 143 224 225 81 151 163 80 230 180 224 249 7 117 136 75 125
    213 158 63 15 147 197 211 26 43 249 163 7 147 40 92 201 110 44 224
    236 46 105 69 52 166 183 104 58 175 141 166 251 28 30 1 220 177 169
    155 131 121 162 154 102 87 134 69 130 139 25 147 180 20 92 40 96 150
    139 54 21 50 94 69 243 206 27 3 7 124 47 121 205 66 142 105 186 228
    90 161 211 208 34 84 157 194 130 40 141 224 151 116 228 0 193 75 236
    52 14 34 227 15 143 194 206 153 158 222 233 111 9 46 66 62 221 140
    32 127 154 126 129 140 171 130 49 100 141 120 204 103 10 2 119 196
    166 186 141 71 193 107 21 24 235 220 99 251 39 57 133 141 94 77 174
    216 147 121 24 130 106 26 68 177 69 242 29 241 159 3 189 34 144 87
    186 73 23 209 67 31 27 214 169 118 101 62 101 71 16 104 2 151 155 2
    130 53 225 195 170 188 2 220 173 200 217 130 81 222 8 37 202 98 36
    141 197 188 63 185 244 192 214 183 193 130 177 202 111 78 68 104 27
    36 223 22 48 215 110 159 157 204 137 162 141 143 192 176 133 223 89
    232 7 121 20 90 209 7 164 225 76 68 55 251 51 213 20 121 242 202 107
    156 246 172 169 162 65 11 189 112 200 57 120 221 218 166 149 138 194
    32 200 95 169 151 157 168 164 222 70 239 87 137 188 14 24 233 234
    120 22 174 131 60 66 209 34 230 10 63 53 30 182 10 22 216 248 220 21
    7 22 101 225 45 12 100 46 44 157 66 242 21 144 50 180 50 68 201 79
    177 153 71 218 96 47 41 207 180 98 57 129 53 168 152 176 206 167 93
    41 227 212 126 92 123 18 66 29 9 15 177 191 213 81 81 125 158 142 32
    141 241 122 212 188 47 124 1 206 71 159 194 109 36 32 112 79 17 229
    26 170 32 208 217 47 150 173 210 246 152 164 172 83 111 107 38 185
    165 22 129 96 155 193 242 206 24 116 20 33 76 58 72 206 68 172 37 22
    182 18 220 123 213 23 25 242 133 42 185 214 30 89 44 56 1 161 204 38
    5 140 249 115 137 62 192 123 70 227 222 185 128 211 211 170 238 180
    206 87 104 156 68 26 46 81 232 33 93 238 66 206 144 186 143 210 206
    226 54 0 157 229 187 104 113 232 250 90 156 188 15 167 55 74 43 127
    94 199 237 226 107 144 214 108 160 142 158 72 17 65 68 170 242 178
    110 205 39 219 48 244 152 191 119 236 188 14 249 222 231 213 255 171
    218 43 200 235 60 114 55 64 78 246 191 20 52 102 55 119 232 51 155
    175 211 238 213 218 168 194 237 31 60 1 30 173 200 124 96 234 93 38
    30 149 239 247 45 232 156 61 24 245 106 193 79 29 157 183 171 51 121
    104 198 9 21 197 132 44 101 36 200 239 195 31 235 187 228 232 249
    229 61 147 41 135 120 98 150 142 217 254 141 184 10 221 197 152 158
    193 162 68 26 44 67 233 48 113 162 99 95 208 32 243 226 233 219 223
    210 133 107 52 129 232 181 216 107 28 153 50 6 95 115 168 5 227 203
    149 207 70 86 12 36 108 244 94 2 200 48 196 185 225 210 11 228 49 78
    134 12 87 236 174 0 12 22 201 41 188 32 255 114 90 33 105 126 128
    188 170 108 22 2 166 35 135 229 20 212 240 209 94 196 235 196 156 78
    221 12 136 142 100 77 232 188 253 200 211 172 27 130 114 236 190 123
    6 89 30 201 38 101 22 200 0 216 94 241 232 172 67 5 9 30 170 151 140
    132 148 215 26 172 149 172 95 8 218 250 9 203 125 220 42 190 230 228
    151 32 180 126 118 224 196 198 135 69 102 238 17 221 218 129 107 80
    103 124 112 178 99 192 213 43 25 244 37 77 234 32 138 37 204 165 133
    246 94 121 241 225 140 154 142 18 226 12 228 98 210 164 128 59 16 15
    87 114 249 33 221 144 250 68 238 47 36 119 251 185 104 68 60 227 80
    140 192 120 35 17 211 17 102 162 148 230 108 172 254 84 83 149 205
    188 213 176 159 90 157 47 32 223 204 182 47 81 86 117 32 20 153 42
    137 213 107 66 0 42 208 185 24 141 200 88 189 117 125 179 197 244 9
    239 17 186 148 242 182 172 191 39 208 69 77 105 253 176 191 211 68
    175 78 115 53 70 236 189 213 3 61 217 244 111 116 22 78 161 140 167
    216 210 215 69 33 125 153 246 173 5 60 4 39 224 62 77 111 8 216 74
    215 74 236 93 176 225 168 7 221 10 68 1 203 99 172 40 176 161 130
    121 181 115 98 181 220 38 247 111 22 226 182 83 165 125 144 94 220
    156 4 167 116 152 174 100 61 163 72 250 253 8 156 131 185 135 137
    188 64 151 2 171 196 146 43 158 250 97 134 171 220 225 10 145 240
    141 61 59 248 207 1 25 66 84 249 84 43 195 208 129 137 212 156 207 4
    170 234 69 247 133 57 251 38 101 163 146 156 147 119 146 6 177 87
    248 82 87 100 139 90 144 176 29 187 41 10 174 21 88 88 68 20 128 115
    131 75 62 61 244 72 224 104 181 184 104 100 131 116 195 157 171 133
    76 181 175 194 191 210 76 77 167 132 75 92 127 83 78 135 194 98 26
    129 22 67 44 0 249 167 71 111 173 198 51 157 42 162 86 18 171 168
    223 104 49 47 212 210 236 109 75 197 183 80 250 89 135 216 88 53 225
    111 174 217 13 169 46 170 8 132 124 182 103 151 235 42 44 142 15 132
    249 108 9 243 95 81 217 172 159 57 3 197 100 16 39 207 189 55 133
    218 4 103 38 166 122 187 57 101 75 216 229 59 235 113 61 126 115 210
    94 156 207 121 206 115 202 98 191 120 130 172 176 42 152 80 178 214
    12 167 239 150 124 17 28 31 11 44 189 17 80 222 75 118 53 70 211 60
    223 6 41 38 64 61 31 79 4 86 169 99 202 194 150 184 114 114 146 131
    171 79 8 19 126 176 205 183 130 98 192 74 200 228 214 49 130 41 147
    98 224 105 31 26 80 187 226 152 135 39 80 89 173 64 229 146 84 49 38
    62 47 223 175 68 17 72 3 99 186 197 201 153 49 89 34 66 157 250 5
    222 147 39 235 0 228 40 247 245 120 205 119 33 72 197 47 98 75 229
    84 188 201 140 168 164 187 26 31 177 223 105 62 78 201 92 4 243 11
    49 100 7 104 145 62 174 23 202 111 144 145 139 37 140 212 149 47 91
    242 232 223 189 150 92 207 29 22 141 241 43 30 72 81 70 75 77 15 40
    0 45 34 109 36 128 149 180 161 14 21 177 20 96 55 80 165 187 245 60
    47 165 142 188 172 198 33 241 202 38 83 182 244 14 202 108 28 164
    134 34 101 235 27 87 107 60 117 26 202 90 191 57 130 201 243 98 118
    209 112 227 24 124 103 191 155 188 125 37 202 243 153 98 13 187 91
    54 182 227 187 152 235 153 230 46 26 186 120 31 5 85 144 20 94 0 68
    129 130 71 223 147 45 243 183 37 48 209 177 155 80 70 59 248 196 126
    44 3 101 162 181 87 238 74 212 124 63 164 228 78 150 88 0 109 195
    127 176 205 176 185 253 12 168 58 126 154 234 69 142 21 204 194 254
    86 13 170 99 144 145 2 55 244 201 121 215 117 91 63 204 139 39 150
    37 164 63 109 178 53 173 175 229 162 70 233 141 55 119 6 242 226 12
    129 28 139 23 191 235 84 203 109 206 192 5 214 211 91 243 2 61 192
    123 10 95 149 12 174 115 13 205 126 160 72 74 160 204 192 82 87 158
    18 110 23 24 158 15 117 32 228 95 219 136 102 91 60 199 207 107 132
    242 143 16 2 128 112 71 217 82 115 204 206 211 56 118 200 71 21 14
    185 120 115 164 115 92 97 15 123 170 83 8 71 90 97 217 188 24 67 43
    219 205 63 172 196 113 242 97 107 179 187 27 243 129 7 218 57 192 61
    233 79 207 51 87 188 56 208 223 169 179 230 174 100 129 29 212 100
    134 103 19 148 6 81 139 245 149 242 215 199 151 219 5 74 92 167 25
    60 103 30 37 220 183 192 213 113 231 195 99 166 92 62 228 128 76 220
    5 103 106 5 29 158 218 99 55 207 18 120 192 223 59 158 82 241 141
    218 233 81 125 218 93 237 216 179 90 189 6 64 109 225 9 147 31 87
    121 224 232 94 165 184 42 142 238 30 183 183 175 213 139 180 240 232
    80 241 164 20 98 57 86 92 46 10 178 22 84 148 192 39 189 95 144 253
    216 59 185 138 207 131 107 253 80 254 162 248 80 198 37 202 203 37
    246 191 140 160 54 105 236 101 210 24 230 55 189 112 26 25 174 61 89
    65 59 135 128 230 76 187 52 100 199 74 183 229 246 197 56 107 7 79
    18 11 129 87 249 37 99 200 15 116 176 16 76 0 201 189 72 121 218 231
    252 74 49 220 204 111 197 30 238 135 172 134 24 60 183 28 46 29 230
    135 55 140 112 38 159 81 240 83 157 57 91 122 209 142 224 165 195 18
    22 102 104 193 245 172 42 111 251 134 101 124 222 52 188 234 139 18
    15 127 198 236 151 230 144 225 111 82 153 197 165 94 235 174 123 246
    3 189 22 133 93 100 189 88 211 221 39 1 105 181 81 203 64 153 78 232
    1 60 63 244 183 100 49 156 85 112 195 49 121 200 116 26 230 70 31
    240 42 102 229 213 234 252 167 206 81 144 95 198 119 222 223 120 184
    103 109 19 143 2 225 76 129 50 207 64 162 223 235 88 81 39 105 232
    65 97 121 57 107 89 184 247 128 176 216 216 211 81 112 164 114 103
    60 57 251 166 224 28 7 71 159 120 126 67 106 173 151 135 58 255 133
    146 11 233 177 13 88 114 221 229 71 61 206 14 248 74 33 17 137 75
    174 76 204 108 88 197 179 249 22 152 127 128 225 109 90 12 61 186 0
    243 220 134 10 191 51 56 89 196 35 107 6 34 187 196 178 211 214 164
    19 26 214 203 118 75 248 52 107 118 149 190 225 167 84 62 5 141 105
    45 199 226 84 96 238 79 6 90 37 63 36 142 66 46 61 75 169 163 91 117
    148 165 107 77 72 137 118 56 169 168 131 223 155 193 181 21 81 100
    220 200 217 177 99 80 154 26 218 112 241 19 169 202 132 53 15 27 125
    28 76 192 240 226 253 38 25 6 55 200 99 131 120 247 197 75 8 69 96
    42 21 85 231 232 199 50 51 0 59 182 117 247 44 149 200 48 245 37 81
    191 81 159 114 185 235 135 139 248 120 37 173 121 218 148 205 31 128
    251 59 6 25 91 241 115 202 224 218 134 100 107 159 91 181 75 35 11
    201 19 12 104 48 116 99 93 68 144 134 152 209 102 87 186 11 247 131
    109 162 182 24 120 127 189 168 139 110 49 150 212 109 132 123 164 89
    118 2 46 204 108 68 183 6 235 144 49 95 42 190 82 59 14 66 107 41 21
    215 180 35 59 175 146 194 251 176 163 189 238 65 73 40 102 37 211
    104 120 217 224 234 110 103 16 75 44 143 121 46 255 21 188 247 141
    189 172 8 242 122 251 81 243 224 85 46 51 174 165 24 249 49 82 124
    202 217 182 64 160 8 162 254 68 95 203 249 101 9 113 176 236 74 34
    181 102 98 125 17 21 92 179 226 196 131 190 73 180 212 119 183 24
    189 190 129 118 46 101 79 238 89 198 119 236 58 22 97 125 96 225 247
    254 174 6 12 194 197 208 30 103 51 9 151 230 183 119 1 122 112 219
    254 242 233 131 176 3 105 81 226 129 194 178 189 92 99 105 59 103
    154 34 95 51 171 5 26 228 124 59 27 56 252 246 198 89 225 95 181 145
    192 187 151 188 99 94 20 205 13 169 138 188 76 36 220 245 205 209 43
    2 119 156 181 47 133 30 254 227 235 95 185 182 124 65 65 243 19 86
    148 171 89 40 165 147 191 45 87 111 80 52 70 233 248 0 161 14 228
    182 231 52 33 233 18 157 244 112 81 253 203 251 57 40 102 245 61 147
    190 41 110 17 93 150 252 205 150 126 240 204 136 99 242 178 105 52
    41 191 103 198 62 178 228 212 229 145 132 111 67 133 102 45 185 39
    43 139 30 167 153 74 29 101 247 12 180 124 62 112 226 90 137 169 111
    70 249 119 197 183 177 151 176 141 212 44 83 82 130 228 39 83 211 40
    192 40 153 109 219 171 148 177 31 234 112 75 252 32 200 238 159 206
    190 63 203 142 9 16 183 181 93 92 9 25 133 232 46 28 170 200 194 102
    87 0 96 132 123 204 240 12 249 84 30 155 21 23 223 247 156 208 58
    145 64 248 185 209 64 98 217 192 229 172 156 146 59 167 88 112 19
    110 211 137 7 89 114 17 67 34 69 29 193 87 91 72 17 73 98 211 37 213
    113 253 49 48 246 4 119 220 20 176 215 90 43 128 58 128 123 19 134
    44 249 191 98 6 210 179 140 17 243 122 232 207 27 109 114 193 206
    101 235 153 190 99 217 100 134 134 20 51 96 164 152 59 226 19 176 0
    176 205 249 44 188 215 71 123 122 67 29 252 33 240 206 108 101 234
    139 75 152 160 122 255 170 77 143 117 59 212 53 199 74 10 178 109
    206 125 82 28 69 55 241 241 211 196 61 73 191 222 17 130 172 137 221
    29 57 105 90 214 171 41 54 144 202 106 44 77 97 119 150 180 7 80 192
    225 208 79 77 89 81 193 252 97 15 226 41 244 248 191 196 68 115 111
    185 48 125 116 84 181 85 152 91 176 26 137 62 212 91 207 224 17 224
    108 46 160 222 22 97 18 138 97 153 143 140 200 126 175 66 30 54 104
    244 250 60 12 123 100 136 150 168 152 82 142 180 85 148 99 78 54 63
    66 26 164 58 86 207 26 100 222 217 65 214 218 30 136 228 171 90 170
    40 123 31 105 77 76 229 251 187 72 90 72 26 169 240 191 175 9 91 164
    34 184 126 68 179 58 231 141 14 60 52 19 55 230 80 212 156 158 88
    150 41 119 19 27 59 150 185 50 2 63 31 251 232 148 68 135 241 251
    223 38 225 248 168 30 5 88 234 231 189 167 39 78 11 22 210 163 236
    225 57 5 167 44 145 110 167 177 26 64 72 137 15 191 72 240 147 63
    139 150 177 76 53 177 3 158 72 114 22 216 133 2 5 152 7 200 113 40
    195 3 240 41 11 204 9 113 93 31 170 59 113 171 70 92 191 249 185 209
    162 237 84 244 44 6 117 153 90 7 184 81 170 116 253 239 170 207 24
    25 225 207 213 70 200 97 115 172 55 213 58 112 252 18 132 138 75 250
    88 181 105 6 12 69 161 244 164 84 44 144 159 135 11 104 229 109 213
    121 107 200 21 148 76 34 213 165 198 127 228 134 145 24 224 132 221
    202 190 224 252 97 36 21 69 194 68 252 192 192 75 45 55 218 96 116
    11 101 161 39 175 215 240 236 197 67 80 39 147 208 150 254 91 124
    217 38 56 48 220 88 54 217 179 226 98 173 123 130 55 8 214 99 8 182
    154 119 145 68 56 109 90 62 97 210 10 203 248 196 29 24 181 91 66
    242 138 99 252 32 73 134 60 254 39 37 63 58 221 29 248 148 179 57 28
    111 157 185 236 108 246 209 104 254 209 161 116 222 200 174 69 12 87
    61 64 8 158 149 138 150 152 56 40 99 57 133 216 44 80 195 40 221 209
    108 76 35 247 82 246 4 136 137 184 72 57 210 172 209 1 8 152 64 87 9
    155 12 143 72 183 69 170 114 162 9 2 10 33 94 221 235 254 227 223
    253 213 251 36 144 129 246 111 54 223 8 58 154 32 135 93 227 202 15
    87 227 197 162 178 251 94 44 220 172 177 117 247 212 244 35 93 26
    214 56 27 20 80 188 69 182 169 164 187 1 181 121 89 144 111 245 200
    138 26 239 14 157 237 111 7 119 83 97 51 66 141 147 126 67 12 117
    230 189 171 139 171 57 64 220 241 86 85 209 75 89 216 224 36 255 110
    223 35 38 230 42 75 224 4 209 28 88 252 16 113 191 130 217 113 215
    107 180 50 162 66 16 1 209 150 112 219 32 187 47 179 244 22 230 86
    225 220 171 19 69 14 197 226 147 154 69 126 202 238 146 39 158 35 62
    76 248 161 117 252 250 78 50 192 74 59 216 138 35 66 246 12 188 248
    114 114 8 49 132 81 216 185 19 142 1 9 216 120 229 6 241 252 149 8
    159 22 172 20 123 204 236 252 16 98 164 2 215 10 140 67 224 119 34
    193 216 178 84 161 196 186 233 12 44 23 9 87 42 139 170 74 255 8 55
    34 162 170 201 37 211 25 233 133 202 83 169 71 20 93 149 24 89 38 62
    70 234 178 20 248 120 0 238 8 228 138 141 177 99 95 2 195 240 23 133
    150 207 84 159 122 67 145 236 96 109 76 208 99 178 79 129 56 222 115
    119 164 143 163 230 104 219 33 240 177 88 107 23 179 43 233 161 100
    184 196 190 66 217 155 100 108 209 86 83 247 213 132 95 34 158 136
    90 64 169 123 149 86 32 211 167 149 84 223 9 8 2 216 139 8 248 195
    72 138 170 38 242 12 228 251 87 224 246 204 130 179 18 236 117 50
    230 87 103 201 56 28 144 119 176 189 160 91 239 174 227 95 26 170 54
    185 156 2 77 201 252 62 3 29 52 92 180 198 18 10 162 175 72 71 87 49
    101 23 2 163 145 189 212 246 231 221 95 166 131 53 195 229 11 209
    228 43 51 107 74 44 204 113 122 118 68 101 241 198 221 52 55 94 27
    164 231 226 77 169 132 87 198 249 162 214 64 131 141 5 157 231 43 14
    66 58 78 165 61 215 145 9 6 182 62 118 87 21 153 131 233 129 78 82
    92 16 66 195 155 166 92 163 179 203 137 27 101 98 159 132 216 53 214
    250 73 224 243 163 197 157 119 148 107 50 39 89 229 252 84 68 237
    123 237 243 153 190 201 183 215 18 200 62 203 211 59 112 181 36 20
    137 99 45 92 242 106 131 113 181 142 110 92 238 252 31 66 131 232 67
    28 153 26 238 189 222 253 165 94 131 117 120 37 133 125 43 59 45 79
    78 1 243 70 33 163 248 237 205 28 184 212 74 49 139 23 102 146 252
    94 25 214 105 80 180 58 49 86 152 87 230 135 68 60 220 132 198 113
    109 148 183 67 214 111 185 48 134 188 210 180 15 228 92 243 8 162
    220 196 65 171 61 143 247 78 136 77 37 208 140 255 123 175 72 204
    246 27 200 101 135 56 68 84 252 120 114 192 254 33 253 0 192 25 41
    22 28 185 197 25 186 92 176 59 56 122 131 163 130 15 16 201 23 188
    45 112 169 149 40 102 120 72 213 168 46 217 243 139 206 177 141 106
    152 125 180 206 71 86 90 111 212 219 207 20 45 168 72 23 236 124 33
    17 7 76 70 19 41 92 123 126 2 84 61 30 166 224 6 253 168 222 81 193
    197 250 2 183 85 40 10 151 202 165 97 202 229 212 26 186 225 148 252
    165 162 230 71 121 238 113 211 221 86 44 127 126 149 192 98 47 2 170
    170 65 71 208 218 132 223 46 62 24 186 240 67 16 91 147 7 110 197
    202 114 181 224 175 19 164 161 160 220 253 253 59 119 91 0 198 74
    128 216 227 47 0 73 162 139 85 111 2 92 255 1 121 206 2 213 121 187
    171 113 216 147 139 3 75 209 2 46 224 69 241 15 255 121 48 76 50 15
    73 214 138 193 234 22 254 194 197 206 13 240 220 176 17 47 44 205 2
    61 158 210 236 194 57 38 191 82 244 56 76 132 157 63 74 89 63 204
    109 115 231 96 93 154 144 16 231 52 51 4 143 149 94 212 15 202 203
    57 232 231 186 32 82 130 31 153 133 248 139 204 111 148 202 179 171
    247 251 50 227 145 12 184 135 51 54 13 230 247 189 162 90 104 179
    176 96 53 83 196 90 195 221 166 167 167 188 72 231 71 29 120 1 233
    84 196 94 152 37 69 63 44 233 138 18 162 198 199 176 146 145 119 13
    175 115 82 178 126 92 21 231 68 94 136 201 234 227 153 142 253 102
    42 159 183 64 7 152 238 200 176 141 151 142 154 124 223 78 189 139
    22 230 154 148 234 124 243 43 166 57 130 222 107 53 218 55 40 183 72
    54 159 215 172 70 138 203 231 230 38 66 67 180 9 1 121 4 186 79 37
    160 199 95 102 130 37 127 78 164 223 188 202 102 196 87 43 141 73 20
    140 35 40 247 44 206 112 160 166 38 163 48 12 182 192 236 224 216 11
    98 32 104 10 174 50 50 160 209 183 120 190 150 76 148 111 84 27 7
    151 35 216 183 43 5 66 213 120 188 111 124 114 135 148 130 172 110
    231 199 0 15 203 169 129 72 149 155 59 121 68 67 121 177 242 175 11
    183 30 224 38 20 80 0 19 187 154 153 23 79 94 72 161 233 225 159 29
    171 248 88 233 86 16 115 124 109 221 65 147 140 21 181 199 39 64 168
    80 57 118 163 138 252 159 88 63 60 98 201 196 165 148 12 27 77 110
    104 23 146 248 233 35 80 34 229 148 102 212 187 129 55 149 246 89 83
    46 173 93 72 15 88 199 140 103 232 180 16 218 225 205 30 164 132 59
    167 200 173 217 46 167 50 24 41 146 9 16 99 160 115 27 5 203 116 57
    165 172 236 81 23 236 174 253 38 164 163 221 254 192 56 28 246 43 73
    114 117 209 195 255 96 156 68 10 205 66 204 98 91 229 55 236 193 125
    20 209 222 47 254 230 109 87 210 244 140 1 217 227 164 150 239 192
    117 242 235 255 27 151 221 251 2 73 232 215 111 167 9 31 194 243 207
    127 42 149 58 116 103 43 64 19 233 14 89 120 99 158 64 154 201 139
    215 90 222 251 133 155 71 254 91 71 233 177 54 79 174 215 121 4 65
    80 205 59 50 106 100 120 92 48 73 85 194 141 242 29 111 148 189 29
    241 28 42 166 94 89 252 122 91 200 174 19 208 238 246 73 217 245 69
    186 53 13 239 84 132 232 30 16 164 189 248 255 127 195 11 204 234 24
    137 161 93 98 113 235 0 158 255 244 71 79 102 50 135 216 180 192 192
    65 229 184 81 186 128 202 207 121 79 182 154 167 133 33 28 60 185 30
    82 244 224 224 231 78 62 117 17 5 221 185 203 41 120 228 34 69 12 10
    199 211 33 244 167 154 239 141 116 215 0 248 58 137 137 242 35 3 53
    143 252 242 22 177 85 194 191 65 223 138 73 144 153 181 54 136 109
    59 239 238 87 51 61 149 71 145 90 81 79 95 233 76 150 39 78 140 96
    173 219 12 157 89 79 167 32 54 220 106 81 201 166 73 34 250 236 202
    228 186 198 87 12 74 237 234 98 201 249 30 216 206 144 49 252 66 215
    52 9 160 100 27 169 89 70 73 255 30 147 244 122 30 139 98 158 115
    105 67 15 202 69 77 159 138 237 132 6 165 242 125 104 204 172 174 94
    115 134 45 203 129 98 227 100 24 37 191 218 90 253 140 57 30 9 193
    34 146 202 65 136 124 251 137 47 253 63 74 191 219 199 1 53 210 202
    191 210 194 251 1 244 202 214 139 253 171 216 218 115 67 215 73 24
    50 3 247 210 14 2 190 20 12 6 61 40 63 21 202 92 231 69 162 47 60
    206 50 243 108 65 178 52 153 193 172 163 156 118 94 67 122 216 170
    24 251 211 189 191 26 246 20 81 68 10 83 192 152 20 147 85 185 166
    157 68 123 186 36 56 169 144 91 180 3 125 141 252 144 103 129 239 65
    85 114 87 95 33 175 124 69 116 236 43 92 193 22 22 106 18 230 137
    154 57 157 169 210 212 9 80 81 213 215 97 184 255 120 142 206 117
    199 232 171 194 51 82 242 152 29 172 148 14 146 142 209 23 171 170
    99 140 148 179 18 198 244 143 188 17 187 36 40 42 7 208 253 110 11
    41 247 159 91 56 221 1 7 112 243 64 8 218 92 9 224 133 229 236 112
    31 241 254 50 140 220 86 97 134 91 150 124 236 164 162 183 21 55 6
    193 168 77 201 137 33 209 106 210 93 15 200 123 235 36 176 223 47
    199 5 17 125 251 187 75 218 249 221 179 180 236 97 212 73 110 20 121
    108 253 92 75 238 111 160 90 215 39 52 250 95 144 60 95 240 218 51
    166 252 157 27 73 0 3 92 43 33 249 165 74 157 93 254 138 51 164 41
    54 13 248 117 143 199 119 65 17 155 112 247 202 224 8 23 141 64 239
    70 95 90 88 220 144 155 144 80 41 234 234 175 15 10 242 93 76 83 160
    241 159 97 71 235 214 113 250 195 133 156 159 185 237 176 137 20 251
    37 32 227 8 6 161 226 226 181 214 55 250 155 27 197 104 153 17 41 55
    195 190 168 251 28 78 215 37 200 169 139 10 28 236 6 25 5 246 177
    236 79 114 151 140 200 5 23 158 54 24 176 200 137 70 213 206 200 4
    239 100 166 90 249 21 253 70 134 202 144 157 68 124 202 17 113 110
    126 13 131 147 181 34 113 62 118 213 109 162 59 8 110 230 246 193
    130 89 207 91 27 251 203 120 80 218 191 230 80 251 190 227 25 191 24
    249 139 137 222 104 4 199 164 154 189 222 19 3 143 181 98 76 114 103
    62 97 46 170 145 29 253 247 30 76 8 246 11 47 159 141 101 12 179 65
    124 209 249 60 85 219 254 234 83 140 210 73 90 168 203 34 213 160
    203 3 254 143 79 243 78 14 251 200 63 11 122 241 219 198 131 48 232
    122 27 221 231 48 190 113 100 156 153 165 23 49 99 170 69 160 26 1
    149 57 58 69 16 240 71 189 132 28 183 13 166 183 54 245 122 39 79
    204 1 114 43 108 206 27 39 211 7 159 222 47 134 22 173 173 153 55
    222 65 149 5 64 17 218 107 51 102 90 207 23 172 48 6 95 136 47 123
    204 191 249 206 110 238 149 245 162 11 215 152 55 40 234 220 120 2
    114 240 188 10 42 45 209 26 200 108 183 115 124 52 162 212 144 88 92
    131 166 238 124 241 211 128 103 201 154 115 246 234 52 53 137 226
    146 29 148 68 167 160 211 135 39 83 254 184 200 249 102 86 134 72 58
    30 251 205 21 181 25 15 151 119 241 55 126 181 123 85 215 150 70 30
    188 11 229 52 142 10 28 197 190 79 106 231 205 143 227 149 243 46 91
    183 202 94 222 243 191 141 219 58 92 52 225 10 183 227 194 191 128
    134 66 56 191 8 17 192 229 148 155 124 234 110 67 63 225 101 242 0
    79 251 149 14 205 108 103 243 3 111 181 237 34 245 201 152 124 88
    144 59 33 227 136 160 147 55 16 76 145 96 249 238 235 99 135 75 141
    137 127 117 216 194 29 164 136 201 155 144 226 238 162 220 88 116
    151 230 79 12 133 75 71 217 1 214 168 136 205 156 76 22 191 204 153
    50 216 153 208 244 53 16 222 136 39 212 98 123 211 97 57 140 210 181
    165 157 87 159 113 244 78 111 87 148 240 27 178 124 28 86 172 175 59
    156 215 75 25 94 182 156 186 254 53 79 238 89 91 113 255 120 186 191
    106 231 192 214 107 38 9 90 235 237 203 250 123 84 29 53 128 133 73
    80 156 71 129 159 147 58 253 70 163 222 100 32 229 159 253 60 251
    138 130 199 182 75 194 221 14 52 32 128 128 148 224 171 236 56 242
    151 215 155 57 228 239 129 197 102 199 209 23 196 3 239 175 170 16
    32 50 44 128 35 208 37 127 99 55 223 51 255 143 204 93 158 82 187
    111 76 185 27 142 84 195 202 235 150 40 239 154 52 103 154 187 37 48
    251 101 0 56 117 134 233 198 32 192 55 185 237 91 61 212 193 28 225
    239 205 192 56 70 17 72 215 163 147 193 142 31 236 135 125 26 22 175
    37 198 172 131 72 208 67 58 58 245 153 1 69 33 159 91 196 134 157 39
    126 231 89 218 145 46 117 122 133 13 2 219 133 205 201 251 134 173
    119 32 104 112 235 4 46 150 190 198 136 244 156 1 151 252 227 112 10
    182 79 6 222 202 113 252 20 143 166 224 249 16 143 186 60 239 70 220
    43 86 246 189 29 65 34 97 185 110 221 224 80 26 48 64 224 39 204 239
    233 172 195 95 190 2 99 151 34 219 140 77 235 27 106 240 33 160 249
    62 117 86 238 71 126 10 155 214 40 214 223 65 232 42 131 102 25 140
    176 73 123 151 162 60 123 194 168 245 5 176 222 26 43 31 56 66 102
    58 226 183 155 125 188 26 113 137 101 179 211 73 218 170 199 67 247
    87 28 96 133 42 163 230 145 89 191 199 60 191 114 47 123 128 230 43
    169 126 248 206 198 120 217 60 169 67 161 203 169 189 15 235 156 104
    3 111 164 221 235 105 137 222 239 48 23 101 219 142 113 85 199 196
    154 242 42 207 248 219 54 86 109 102 34 192 53 165 97 239 23 217 15
    215 149 61 93 36 59 161 172 202 250 113 224 165 217 140 231 71 77
    236 196 220 65 32 192 203 83 212 14 0 153 246 177 42 87 46 6 101 154
    109 249 46 131 214 253 213 217 77 169 101 138 217 161 161 205 12 254
    130 28 151 15 184 177 70 246 6 89 227 0 19 67 154 155 71 110 128 166
    233 187 6 174 244 22 187 254 141 222 252 251 85 137 168 245 162 152
    247 221 226 180 200 217 127 72 167 106 215 77 3 142 15 166 144 170
    191 166 69 137 234 188 155 2 237 85 215 6 155 134 126 74 239 127 198
    37 177 112 72 137 80 128 153 184 59 30 110 43 205 104 133 147 50 205
    77 231 97 30 192 157 52 87 108 199 197 176 185 30 253 107 122 28 183
    141 153 61 232 243 115 13 248 64 174 95 182 26 2 106 242 236 251 51
    220 32 211 154 62 73 129 26 28 180 196 180 30 172 237 173 254 163
    133 207 112 241 206 221 106 151 64 101 198 77 65 185 124 64 138 211
    237 154 127 108 151 3 91 27 93 4 81 215 23 20 68 3 93 122 226 126 29
    129 56 194 126 19 81 201 11 81 13 208 38 207 201 163 195 51 24 5 83
    125 199 210 80 179 159 165 43 99 170 167 196 56 50 33 134 151 188 50
    110 156 33 36 32 233 19 169 10 253 215 207 138 231 181 62 22 29 40
    64 49 100 10 186 200 155 108 167 103 143 28 85 112 26 70 19 65 22 15
    49 220 176 225 68 216 191 236 205 245 183 99 82 89 69 4 45 26 33 200
    1 170 161 171 247 165 95 201 134 28 35 161 117 116 167 119 47 181
    160 11 40 26 241 44 34 14 167 57 99 101 240 112 249 90 222 115 204
    165 221 89 201 108 111 186 175 59 8 52 197 28 66 36 172 42 165 26
    227 52 113 45 41 116 147 147 70 80 214 67 165 151 191 167 50 37 132
    16 232 237 132 249 1 30 78 131 193 29 221 162 161 252 247 168 137
    169 239 65 124 173 125 86 146 58 116 12 40 234 253 156 185 75 100
    191 73 90 247 181 239 78 35 109 18 48 45 144 21 17 158 201 73 67 194
    24 77 232 21 34 148 44 166 168 102 163 52 83 79 145 227 68 134 210
    53 77 168 142 75 182 159 204 85 125 135 208 98 39 27 129 67 83 159
    246 102 111 27 34 68 53 104 26 134 102 122 113 178 80 3 233 75 169
    46 28 17 134 180 88 14 254 104 216 42 47 208 121 81 97 144 97 55 247
    84 134 179 243 16 152 92 80 56 98 174 202 96 23 129 20 58 40 64 62
    157 34 56 104 249 161 148 160 100 206 200 57 133 123 252 47 233 24
    101 249 117 141 116 222 16 118 228 220 104 202 60 96 30 36 114 170
    114 187 33 29 121 47 37 101 227 137 214 87 35 61 166 158 185 129 237
    196 189 239 208 72 176 76 89 123 182 126 17 0 25 98 22 187 15 119 7
    83 129 117 114 171 86 68 44 41 176 66 147 129 230 190 199 19 245 36
    225 76 80 151 143 149 19 254 92 102 134 104 152 117 219 85 157 116
    208 206 70 33 34 207 3 133 250 18 227 180 210 11 184 61 115 112 217
    157 29 113 33 145 165 92 65 33 103 194 184 196 185 250 253 225 32 8
    44 182 18 177 226 255 227 163 106 93 48 39 139 24 7 136 253 68 250
    230 7 23 160 100 14 63 221 41 47 225 12 168 144 171 191 166 244 121
    59 254 105 23 59 243 60 22 188 203 170 138 147 54 74 208 201 197 165
    50 145 236 104 68 169 114 97 32 16 107 19 37 54 202 127 237 242 197
    110 233 172 235 188 1 13 213 53 162 251 203 96 47 51 89 187 64 192
    181 78 132 15 223 97 148 54 134 19 146 176 173 215 40 54 238 142 204
    63 61 153 90 138 222 137 173 124 241 66 228 126 234 204 3 165 65 11
    7 131 211 29 164 52 146 7 238 195 89 199 51 52 48 79 3 21 239 189 47
    73 254 64 130 172 251 34 179 113 143 84 148 34 140 75 241 123 68 89
    160 128 44 58 181 88 107 121 34 250 115 166 167 249 94 78 199 230
    195 163 81 98 222 6 76 126 114 141 153 117 173 136 57 179 17 29 183
    236 144 210 95 92 109 234 39 225 143 2 158 221 157 209 176 198 60
    217 130 168 202 45 143 133 187 99 107 46 146 252 75 140 180 218 149
    162 175 128 198 7 124 33 63 226 93 124 120 165 34 0 21 157 121 216
    178 218 203 124 205 202 66 201 81 149 128 170 237 177 221 92 132 98
    33 99 2 168 240 64 21 57 254 66 237 144 37 145 9 46 205 181 37 156
    200 11 223 48 159 255 231 103 108 166 111 230 36 190 14 39 65 145
    108 196 122 195 72 133 48 160 239 97 183 79 94 235 48 69 132 239 93
    232 249 236 223 123 197 21 255 217 75 162 252 212 33 111 123 112 21
    148 116 64 95 85 16 208 202 247 136 186 27 35 166 181 249 175 152
    216 229 22 113 184 202 255 169 60 66 85 32 114 174 143 77 28 128 123
    21 116 58 120 139 87 26 174 200 145 173 164 117 170 52 215 56 211
    117 176 137 54 193 128 60 242 119 142 137 184 251 44 167 169 16 198
    164 51 250 225 123 159 43 235 212 33 200 80 127 203 30 36 61 241 124
    188 18 202 53 71 18 144 116 118 63 84 192 221 138 231 118 64 32 163
    46 2 194 229 74 130 237 183 162 138 172 167 39 177 147 6 40 171 120
    98 18 220 31 104 77 214 68 91 83 203 123 233 24 83 101 200 179 67
    105 152 244 164 171 124 252 131 86 203 29 194 84 122 243 244 177 48
    186 240 26 223 49 201 35 191 15 38 156 33 63 72 220 81 195 198 163
    82 124 215 161 177 171 125 78 254 250 205 255 138 53 187 198 49 87 9
    254 188 235 218 54 100 220 82 231 95 241 68 102 25 183 187 246 86
    238 118 229 98 130 61 219 194 5 117 62 216 30 36 225 250 144 15 215
    162 20 133 35 207 200 151 174 145 156 248 153 24 118 63 209 92 220
    92 156 145 121 101 42 124 127 73 224 252 187 204 215 51 136 52 215
    249 207 137 118 219 151 198 35 206 122 83 44 223 180 35 239 94 38 52
    220 49 167 231 45 28 134 76 211 212 216 65 38 199 231 126 126 213 69
    169 251 5 92 179 76 221 210 220 204 151 197 137 39 99 112 40 230 159
    198 190 87 20 105 148 252 23 97 113 211 238 255 144 60 15 58 63 201
    162 136 88 92 253 16 81 43 195 34 140 170 200 6 233 122 244 151 83
    251 255 120 67 97 248 140 229 166 35 220 212 153 253 213 230 9 10
    127 52 254 84 231 61 56 157 81 14 103 58 204 75 244 184 203 37 177
    50 8 112 216 36 34 162 231 166 96 71 216 18 100 162 134 146 145 51
    241 178 204 203 34 251 130 210 229 184 58 99 232 202 73 186 5 26 171
    223 253 143 159 219 186 153 18 169 253 227 235 165 203 160 152 139 9
    99 255 84 176 197 219 179 140 60 197 124 165 241 251 90 233 54 227
    196 101 217 173 34 58 106 164 172 17 149 103 201 210 107 74 187 5
    163 150 212 107 197 198 58 108 168 151 53 32 117 161 9 119 35 114
    215 146 51 204 153 127 100 197 235 172 240 247 227 221 132 183 136
    255 74 0 247 186 45 88 196 140 40 108 37 110 195 193 162 172 55 129
    22 177 178 187 202 90 46 209 8 63 165 214 153 65 165 87 191 245 158
    129 150 65 61 96 49 168 93 100 194 176 21 93 100 130 69 215 125 211
    3 155 150 61 115 125 167 128 141 133 20 79 7 219 231 248 75 185 42
    94 119 123 38 102 25 140 217 228 146 182 226 38 127 1 79 109 170 109
    160 94 210 160 130 211 135 86 188 38 11 129 37 57 151 86 163 75 63
    66 113 237 205 233 228 177 234 235 14 129 203 131 232 58 19 16 40
    204 109 207 148 13 172 157 211 125 138 50 189 58 228 127 233 15 39
    255 165 125 9 49 47 188 253 80 221 220 205 80 182 243 96 133 254 86
    46 76 122 146 76 223 234 167 136 219 69 133 101 71 237 161 94 133
    248 0 224 132 112 164 124 207 216 163 223 198 174 13 117 156 127 183
    136 15 141 106 70 66 237 250 183 177 114 20 209 175 145 30 119 221
    241 88 166 95 5 232 245 66 77 212 80 4 51 223 35 133 56 208 115 108
    191 129 239 4 162 250 179 47 223 174 155 25 66 60 216 115 52 9 211 2
    112 161 239 204 81 194 23 234 207 204 188 101 190 7 134 206 167 222
    164 64 232 65 233 163 87 4 97 210 15 94 211 180 14 141 84 71 164 117
    165 113 117 150 124 133 56 141 12 50 63 235 83 81 184 26 74 190 50
    162 95 57 177 147 74 76 198 17 57 218 173 102 207 17 114 59 255 150
    218 188 72 188 84 83 242 183 249 210 241 125 64 213 175 69 30 136 55
    173 253 130 196 16 109 164 144 162 0 25 82 104 198 89 132 151 132
    112 198 102 80 44 173 228 184 90 64 178 51 21 161 74 173 7 229 129
    207 186 219 104 35 98 186 16 251 49 135 47 55 184 153 168 57 52 222
    211 189 190 101 234 159 66 179 86 182 177 49 6 79 115 135 213 222
    186 84 167 81 61 69 41 200 59 157 148 56 249 127 58 74 130 69 235
    114 42 10 11 204 85 3 35 221 210 55 112 29 154 16 23 143 25 52 196
    228 23 122 184 100 40 97 235 119 52 234 71 192 120 249 118 201 168
    109 28 64 117 100 57 255 153 149 13 121 40 206 135 251 169 167 66 73
    12 191 241 145 163 208 81 27 102 131 132 130 206 153 149 152 113 92
    149 184 66 4 91 196 76 22 112 141 117 13 29 186 121 96 73 178 234
    201 109 1 162 155 216 144 129 112 230 170 38 252 182 254 76 25 188
    57 208 182 213 207 66 24 56 121 173 247 90 31 246 238 116 104 16 91
    236 137 78 227 173 24 202 41 163 59 111 80 45 126 11 230 5 1 81 97
    65 17 222 23 29 97 182 100 187 11 246 139 58 100 212 10 84 91 13 241
    213 124 3 121 86 223 148 13 248 82 178 213 239 186 64 7 69 100 220
    168 134 26 102 95 239 43 248 48 17 173 2 151 62 224 179 45 41 184
    112 42 201 158 7 118 106 163 82 131 128 251 246 111 115 229 192 70
    59 108 36 168 109 110 104 182 30 98 168 234 106 196 201 46 106 227
    121 196 44 236 41 164 8 248 82 29 239 10 82 164 97 125 175 122 36
    147 142 26 133 13 77 185 25 168 184 78 185 194 15 198 248 134 200 68
    212 124 31 115 254 38 96 7 35 194 250 144 168 23 163 88 110 182 115
    167 164 155 23 21 101 15 218 195 177 192 199 176 66 183 204 200 204
    246 136 183 144 145 182 65 108 128 214 47 150 234 87 76 144 208 116
    52 13 232 175 86 152 62 173 79 144 25 113 23 185 62 1 191 228 92 144
    175 222 76 228 36 28 45 228 22 78 248 235 112 194 216 147 107 225 11
    216 21 199 86 185 179 230 12 244 233 48 127 103 47 241 225 232 143
    112 6 192 238 61 205 26 55 62 191 242 5 42 14 34 113 242 109 233 200
    82 226 229 10 227 110 130 56 232 131 104 226 113 56 252 175 130 54
    10 161 233 80 32 66 185 8 14 82 37 144 146 63 24 218 36 202 61 134
    85 79 239 149 73 17 31 199 154 220 65 85 113 146 223 7 81 85 217 152
    24 49 13 131 52 150 160 33 138 52 61 64 110 80 71 236 27 225 64 104
    238 210 90 156 171 241 200 24 220 68 2 102 192 145 228 6 59 102 118
    234 106 241 92 73 5 45 112 203 82 229 41 135 32 182 198 31 2 139 35
    107 181 146 115 50 238 175 175 132 97 93 100 44 202 53 146 255 57
    112 69 158 48 89 248 214 233 128 123 124 201 244 121 225 73 194 154
    102 59 203 202 61 77 21 136 101 179 93 108 169 101 218 249 95 238
    132 93 154 124 10 179 213 90 46 65 224 104 249 216 94 196 161 251
    150 92 203 152 64 164 172 169 90 1 46 100 195 29 1 222 1 242 175 182
    8 228 252 138 187 174 47 201 55 139 59 251 252 182 202 36 143 125 82
    240 249 177 165 219 162 169 158 149 126 45 169 183 47 65 76 108 152
    22 218 252 191 89 174 111 215 63 183 220 116 49 14 231 220 246 65
    229 98 174 61 55 231 96 71 187 130 140 173 193 248 71 183 231 113
    204 213 159 226 156 235 148 85 56 124 21 230 49 247 165 112 141 99
    64 193 102 22 243 247 8 140 168 191 194 114 37 209 220 61 112 142
    229 142 66 28 154 36 87 100 194 117 220 235 76 227 49 196 140 61 69
    105 216 115 54 103 212 50 42 63 214 70 144 15 108 11 242 98 94 213
    138 246 148 170 4 68 7 112 165 191 252 113 119 18 58 160 154 208 58
    249 46 162 61 156 198 207 32 91 118 20 222 200 56 200 254 107 95 90
    242 7 40 212 132 182 211 128 200 124 17 128 145 54 21 182 101 219
    205 178 120 67 79 30 16 189 27 94 56 221 134 139 147 120 219 166 55
    193 173 255 132 190 216 164 2 31 144 252 193 197 247 202 193 131 144
    86 157 17 234 109 211 213 136 145 110 235 139 11 107 84 181 156 39
    21 66 184 141 95 82 85 140 230 139 254 80 18 208 186 95 53 188 187
    238 165 134 253 242 84 12 21 107 30 188 228 166 185 218 231 188 82
    255 1 184 59 17 46 242 83 252 106 94 247 139 7 123 242 1 196 206 127
    111 68 66 19 140 140 78 60 134 152 140 4 13 206 238 31 160 103 159
    234 251 43 164 110 48 77 181 173 176 3 9 208 120 218 137 173 246 46
    35 228 80 123 91 11 138 83 45 136 194 16 13 35 88 78 201 255 114 109
    206 128 216 181 123 51 25 129 55 87 128 77 43 14 119 228 188 179 221
    102 193 160 250 249 3 41 52 155 60 116 11 46 245 179 170 139 206 69
    52 70 108 87 43 58 222 51 40 112 136 68 171 249 215 252 107 6 135
    193 3 118 70 248 111 126 203 160 13 153 234 143 71 244 121 54 116
    230 66 187 67 126 27 123 199 4 251 32 124 66 1 201 1 228 65 243 132
    72 233 210 92 241 135 24 218 56 208 217 71 75 142 77 91 11 92 48 129
    175 150 186 102 226 101 231 69 119 146 172 157 86 55 116 124 183 163
    0 85 129 144 14 156 174 50 160 148 190 4 2 98 113 167 203 102 108
    118 142 209 80 34 159 111 250 44 98 163 90 60 254 6 117 185 218 63
    79 131 214 22 71 97 133 239 154 184 114 190 189 72 9 84 33 57 175
    150 141 203 140 254 68 137 9 166 249 20 8 203 73 118 182 16 181 243
    183 207 7 106 46 162 254 123 247 241 205 48 101 89 164 216 233 36 44
    12 246 102 107 43 241 238 90 237 98 84 94 223 129 14 154 206 106 36
    250 7 9 208 72 122 70 232 62 225 126 245 22 144 143 7 68 214 205 131
    127 157 247 97 45 78 165 223 43 151 195 221 157 12 142 1 130 152 28
    8 220 57 152 217 130 12 84 195 197 27 30 249 16 14 207 202 80 150 9
    230 42 156 219 243 156 150 96 113 196 86 225 228 49 212 136 189 248
    52 105 223 63 117 107 106 25 46 176 113 45 235 14 138 193 105 217 15
    115 103 195 54 148 14 79 161 69 169 64 11 174 210 99 142 11 242 26
    158 45 171 112 91 9 87 253 117 72 171 112 16 31 44 198 143 58 238 95
    52 102 80 145 128 163 124 168 3 193 130 145 74 12 209 2 141 77 79
    185 89 197 132 152 207 213 26 202 242 201 146 255 95 131 94 166 88
    90 181 96 84 80 2 6 217 64 155 163 48 46 95 161 50 71 11 153 141 71
    195 232 118 36 104 100 8 222 235 92 28 132 105 157 46 126 53 241 164
    233 217 81 32 24 33 193 226 175 222 150 15 38 157 246 36 95 217 223
    91 240 73 7 210 149 77 8 17 127 183 169 27 193 138 92 247 196 81 152
    171 139 227 172 138 131 176 90 148 191 96 132 188 43 59 115 245 233
    219 197 20 189 25 33 24 39 234 230 63 240 68 145 74 194 6 93 204 245
    122 76 215 18 69 1 93 239 14 248 95 139 68 120 60 18 128 121 194 24
    114 87 196 36 152 7 141 106 49 99 129 245 50 212 203 232 221 193 101
    129 108 35 20 23 33 196 138 133 125 165 196 51 178 76 240 100 177 38
    13 97 102 190 234 63 64 167 3 80 114 132 141 240 84 156 100 117 122
    63 83 64 99 49 169 245 187 201 114 84 211 237 188 107 151 255 42 134
    119 20 40 117 189 177 222 230 101 222 141 106 64 165 71 121 21 6 200
    131 117 203 240 204 171 152 171 9 83 27 143 189 28 203 245 233 29 85
    219 4 230 148 126 239 75 113 214 199 250 90 227 45 155 116 95 12 229
    27 119 108 47 47 203 13 34 67 238 170 96 5 3 84 140 121 147 107 236
    157 175 22 225 239 83 178 197 32 106 131 185 238 57 194 238 55 139
    116 245 111 251 115 26 216 108 26 57 203 176 238 149 247 37 6 139
    169 91 25 0 174 80 215 156 223 7 135 207 136 247 73 227 116 117 83
    239 118 97 162 195 133 140 38 164 66 171 73 124 179 51 135 12 29 98
    217 95 86 32 184 24 252 215 206 205 11 98 151 102 48 108 28 29 205
    215 62 164 18 115 150 135 196 0 20 219 156 37 203 222 131 107 80 121
    189 210 0 12 67 68 174 51 158 88 85 41 46 46 154 175 163 129 72 145
    251 240 92 48 113 177 121 215 114 164 20 204 168 192 103 173 231 5
    205 212 71 2 75 125 70 218 163 12 224 72 137 220 106 85 237 175 215
    237 62 50 157 233 241 198 119 62 39 25 118 18 229 144 131 153 132 50
    110 114 74 124 48 249 55 143 34 49 228 136 233 192 41 42 209 152 81
    129 162 174 154 215 122 137 216 164 107 200 184 3 109 203 232 52 84
    7 50 195 27 100 196 89 251 37 80 252 215 7 163 177 135 145 251 38
    183 207 149 19 31 62 4 63 225 100 207 126 100 170 151 48 187 163 101
    214 126 171 109 80 126 249 131 161 41 161 163 28 67 254 109 99 23
    115 226 1 192 144 110 160 115 190 95 167 254 190 67 114 188 225 81
    92 63 113 144 97 2 248 118 235 19 140 168 139 95 95 195 103 235 82
    82 163 203 19 188 171 179 119 85 150 228 158 54 112 15 102 120 13 94
    124 173 40 98 46 17 102 189 216 43 35 8 121 4 38 173 1 14 226 208
    182 162 101 166 30 115 61 243 47 194 168 73 149 132 32 97 247 133
    163 158 170 77 42 13 9 120 91 70 24 105 249 109 243 106 132 32 58
    255 249 158 10 187 69 2 171 184 173 95 234 116 124 7 206 10 113 62
    213 129 140 103 195 105 170 233 7 76 245 90 17 159 75 202 223 240
    218 26 174 254 191 202 105 252 217 129 130 169 147 249 123 56 59 255
    232 157 113 223 24 116 25 62 81 53 121 239 235 112 129 13 78 1 199
    239 132 244 145 66 40 193 66 0 29 228 179 92 200 219 161 107 238 38
    110 252 174 2 77 2 71 155 166 12 55 178 66 237 119 195 83 63 127 3
    57 38 111 19 62 172 138 97 82 49 33 246 236 32 35 101 99 166 219 49
    137 219 92 32 226 175 150 27 224 60 231 177 228 207 115 117 156 90
    139 21 110 36 197 153 180 75 192 218 83 159 50 127 136 197 36 253 83
    216 163 243 149 217 245 122 247 43 173 176 129 217 201 111 153 227
    17 151 155 71 197 120 99 121 9 92 130 11 202 126 156 176 149 52 4 90
    124 2 110 24 165 105 16 147 96 142 202 6 7 0 53 49 173 157 99 59 221
    150 40 109 223 144 231 103 20 63 205 180 79 65 23 186 166 179 238
    140 120 209 26 139 253 185 63 35 57 135 145 105 185 201 47 8 225 138
    198 15 35 194 197 146 222 92 182 243 48 102 255 131 1 144 163 126
    244 28 83 27 72 76 75 48 227 26 168 161 250 188 168 7 185 240 244
    219 201 78 157 205 108 142 95 206 205 161 198 119 86 68 2 200 162 29
    42 68 84 10 80 240 185 144 228 131 230 60 117 73 118 103 161 129 224
    111 150 136 217 115 248 136 184 255 91 173 140 191 150 12 232 171
    134 53 152 150 10 70 82 97 246 87 203 28 92 94 223 22 253 97 199 186
    28 184 31 178 88 107 115 93 131 14 104 160 170 45 137 86 93 12 103
    246 27 196 155 240 183 240 129 252 139 165 133 139 74 159 78 124 33
    219 45 173 10 68 50 221 244 211 171 42 100 26 57 125 8 186 108 129
    96 175 150 27 204 89 214 255 158 52 14 183 227 39 224 159 40 110 142
    88 56 130 10 1 55 166 108 188 73 51 17 145 129 36 48 95 20 229 106
    214 209 227 253 210 87 94 96 197 52 135 66 70 128 158 20 222 136 137
    187 235 217 237 85 43 16 65 85 145 244 179 115 82 196 246 22 45 92
    240 131 142 190 96 120 9 224 91 18 85 194 44 142 17 3 159 25 241 65
    115 65 110 41 40 236 220 4 33 195 249 165 80 155 13 20 213 14 59 101
    227 24 232 220 238 8 184 204 252 237 109 195 252 184 220 156 13 144
    175 223 183 81 224 68 113 108 79 173 109 76 163 230 231 253 209 55
    122 141 228 134 2 245 202 222 144 39 250 238 29 3 142 39 122 216 160
    58 9 1 97 26 84 219 65 189 92 142 164 79 126 204 165 159 36 217 203
    10 19 141 155 43 113 2 199 5 59 72 208 107 225 219 48 182 186 17 220
    127 200 16 230 86 156 217 174 186 150 56 164 234 235 211 61 158 48
    88 188 201 155 21 185 132 226 49 91 255 167 130 44 245 20 66 252 176
    40 36 20 8 33 20 61 108 102 15 32 205 99 4 69 108 8 78 171 174 111
    207 211 110 169 58 48 123 142 71 161 9 231 238 95 98 194 73 82 141
    174 50 224 205 44 250 55 80 163 244 102 192 136 174 135 190 19 202
    214 87 236 219 248 89 210 174 6 213 77 102 203 180 108 254 7 76 83
    131 153 251 24 204 239 52 70 68 46 59 242 37 197 4 224 138 81 109
    223 55 164 255 154 123 232 175 116 196 173 89 138 78 227 22 42 250
    44 39 133 226 7 67 196 141 160 103 248 145 84 39 160 205 69 206 175
    146 194 205 3 26 107 177 180 157 130 111 58 116 110 185 83 29 171 43
    194 40 68 52 254 49 131 136 102 38 166 161 131 215 209 88 190 15 136
    44 52 94 74 161 254 159 80 201 225 116 239 22 130 135 36 254 27 56
    16 109 163 242 107 117 232 58 236 92 28 171 247 172 62 94 216 30 13
    106 226 201 252 105 247 64 103 235 111 48 184 203 192 33 132 135 144
    113 3 120 68 174 230 250 242 39 132 57 28 190 119 146 145 133 220 39
    247 142 251 186 187 154 141 51 12 91 181 183 40 36 61 137 119 14 92
    89 209 203 142 115 103 23 124 179 81 177 77 250 207 231 150 155 209
    88 52 246 15 2 180 198 194 141 68 88 191 36 237 136 207 144 18 119 4
    88 114 132 19 116 244 96 99 114 140 203 251 146 26 176 237 67 8 65
    81 167 175 182 41 248 143 244 151 242 213 181 89 229 124 191 124 169
    205 32 216 250 199 95 238 175 200 46 146 91 83 168 159 9 247 245 141
    75 186 45 200 178 181 242 138 31 204 170 50 183 125 250 209 134 175
    145 123 230 84 42 248 174 253 233 60 120 167 182 204 151 181 127 83
    72 31 227 100 118 117 168 137 214 57 224 31 221 75 71 6 45 138 107
    179 57 108 204 55 246 223 217 195 88 187 196 139 201 232 181 162 212
    3 33 61 130 165 185 22 144 219 134 148 112 188 166 146 185 23 250
    164 139 78 174 197 200 242 94 189 70 162 130 92 143 71 184 152 186
    141 197 184 5 205 100 66 152 18 161 146 11 153 69 24 207 147 204 188
    221 65 161 124 53 248 60 63 199 68 68 242 177 93 143 207 17 59 82
    254 2 41 131 134 237 1 24 248 77 24 114 141 195 105 98 41 246 23 229
    36 76 167 226 102 213 254 7 155 248 94 12 152 128 191 147 238 222
    156 197 40 217 46 94 149 217 71 188 40 211 242 98 222 240 144 50 69
    255 100 189 68 150 173 79 19 231 72 208 219 67 38 231 237 137 155
    120 214 87 227 69 234 186 119 8 56 86 81 149 0 28 131 201 78 220 190
    7 102 173 65 167 95 8 60 114 143 26 39 103 170 199 195 166 230 246
    185 112 27 139 15 134 157 240 91 16 149 93 71 2 223 100 130 31 208
    224 48 133 31 87 151 12 142 184 99 254 15 218 107 135 84 233 234 39
    118 156 102 67 201 194 66 241 38 232 226 97 243 44 242 109 25 200
    144 201 167 80 206 189 250 229 206 151 26 135 153 113 116 90 218 209
    36 64 55 180 244 234 81 220 252 174 221 41 218 50 254 98 201 105 215
    7 248 160 200 188 54 209 184 218 116 40 123 135 78 163 25 20 246 101
    186 246 229 237 189 51 11 132 7 203 166 55 61 47 204 235 164 203 56
    26 164 144 252 222 206 149 150 243 150 102 190 5 72 53 60 86 70 204
    62 137 135 186 76 14 183 79 113 111 67 193 39 32 215 210 216 132 216
    218 24 84 113 5 149 129 18 208 72 209 199 137 101 119 58 178 42 105
    235 81 165 30 8 123 243 87 54 164 198 188 61 242 214 63 97 58 37 10
    14 212 206 94 48 70 94 121 225 36 147 84 240 212 18 182 8 158 40 158
    171 151 58 55 245 143 100 101 73 206 114 212 72 208 139 144 24 205
    189 134 10 135 205 238 233 95 95 61 227 21 186 129 255 58 28 142 37
    79 120 130 134 239 55 123 253 7 79 178 91 217 236 13 186 100 156 117
    129 194 86 26 155 28 103 220 5 161 198 199 140 175 252 235 160 226
    239 132 203 242 57 160 240 74 6 148 212 140 169 195 177 59 204 205
    195 122 91 235 82 3 154 119 178 188 181 96 88 5 219 98 96 62 15 126
    18 55 52 139 166 23 2 25 138 43 17 242 125 73 184 151 239 199 29 74
    148 84 108 184 120 189 59 145 161 106 249 89 186 66 111 186 192 111
    44 66 166 143 253 249 71 61 122 60 12 99 93 113 80 231 140 197 234
    130 147 15 84 5 139 78 111 115 68 147 24 143 203 117 149 165 0 88 28
    116 244 57 181 199 173 212 33 246 194 56 205 98 40 245 98 15 71 81
    83 83 147 78 20 81 56 67 40 20 172 7 249 116 139 207 145 118 102 18
    152 49 204 198 34 137 103 65 136 138 56 8 242 127 172 70 192 100 190
    108 61 203 46 240 232 229 226 255 98 128 198 250 98 20 168 15 18 22
    191 131 223 134 156 248 21 62 232 246 45 189 84 5 148 233 248 15 247
    196 164 194 92 77 225 34 65 106 27 100 108 47 251 194 160 246 205
    109 112 31 223 94 118 65 234 164 173 212 128 208 159 250 197 133 156
    181 248 72 92 86 15 91 247 244 101 36 80 126 205 194 155 167 219 204
    90 203 113 22 50 67 227 227 163 193 238 216 141 47 79 58 199 100 139
    4 227 10 239 226 142 95 209 232 182 104 35 0 71 243 110 169 251 75 5
    45 85 120 169 77 166 217 186 178 206 25 161 232 5 240 72 250 214 249
    123 198 168 37 212 112 228 175 170 55 63 127 53 197 101 120 200 242
    172 106 123 58 157 0 213 206 120 199 231 234 183 193 74 238 77 9 169
    15 66 144 57 196 63 202 118 108 74 157 163 184 3 178 155 74 48 85
    181 137 129 49 48 64 119 149 79 209 76 112 112 66 83 179 126 33 104
    122 38 24 236 8 234 210 156 222 22 168 237 247 229 29 146 28 47 88
    11 195 207 62 209 88 195 201 138 29 82 253 143 184 62 95 106 200 169
    226 55 42 149 225 197 132 124 6 147 186 112 199 132 94 5 187 204 83
    165 69 53 172 108 156 225 160 107 31 224 77 122 0 63 182 124 153 47
    21 81 27 117 210 195 191 157 199 81 117 100 178 251 38 204 233 49 20
    207 129 94 102 172 121 106 25 85 43 207 31 58 1 106 118 136 12 188
    58 102 24 125 76 32 29 97 103 67 163 26 13 186 246 233 73 13 158 8
    82 178 39 85 78 236 11 8 130 239 158 246 11 44 160 1 250 1 38 111
    123 83 89 184 18 43 211 221 224 210 25 16 67 91 202 89 125 122 76 48
    212 99 48 10 115 238 128 60 13 48 110 89 164 201 193 192 171 47 161
    78 72 115 187 133 20 247 222 33 84 23 221 59 157 199 44 21 77 132
    161 150 152 145 244 147 32 60 85 2 185 72 238 104 90 136 56 95 51
    243 214 184 213 144 85 246 83 7 3 102 232 68 64 76 95 154 44 237 199
    232 194 210 13 252 152 146 132 224 6 79 178 81 188 109 184 65 99 244
    32 84 252 196 227 83 64 231 171 71 214 52 62 129 106 25 7 177 162 63
    133 23 47 216 88 183 95 135 114 87 239 125 255 190 126 242 75 30 176
    255 246 3 52 32 56 54 12 161 73 35 116 186 175 80 81 53 188 128 64
    159 37 181 69 44 164 77 79 182 44 242 105 240 250 112 104 70 116 65
    109 10 236 6 103 104 140 245 227 73 235 99 142 125 189 233 175 126
    17 210 139 74 231 106 84 139 114 107 198 117 177 143 119 189 101 113
    1 234 222 57 126 42 105 115 220 169 170 234 73 43 105 135 48 91 95
    56 20 137 28 136 101 108 182 172 107 163 227 83 230 63 231 213 197
    188 177 163 66 139 217 60 133 173 84 85 46 6 38 219 190 48 241 171
    140 122 138 224 144 39 253 193 74 251 93 144 145 181 44 63 21 245
    163 116 40 166 156 219 117 172 83 61 12 29 183 94 219 4 207 132 102
    185 180 244 3 31 165 99 222 9 122 54 231 222 215 48 177 192 78 59
    223 49 132 216 180 41 215 27 164 233 201 192 135 225 152 23 227 90
    92 14 26 72 128 163 88 229 55 251 27 191 20 189 45 66 248 139 38 231
    183 17 215 225 167 9 112 130 252 57 53 111 59 141 1 209 153 110 9 25
    9 190 119 218 128 61 169 107 21 255 190 157 179 177 172 140 34 64
    124 3 102 200 111 112 10 129 88 195 136 9 218 185 172 18 26 106 131
    124 202 38 172 13 48 197 45 208 27 108 29 233 225 140 121 8 242 188
    167 219 31 209 100 106 130 10 113 120 163 177 164 88 246 77 9 59 133
    172 2 189 217 205 204 240 98 89 75 51 206 106 34 253 6 136 21 61 26
    167 99 245 184 144 37 170 134 27 172 247 128 106 86 118 214 182 59
    48 149 234 116 187 76 147 185 202 131 210 177 68 233 218 45 238 95
    238 102 227 53 114 140 72 77 250 53 117 71 147 52 235 225 133 36 253
    101 105 167 209 144 60 161 171 9 37 118 65 26 159 149 186 75 238 63
    189 16 117 10 31 108 141 34 72 53 27 184 185 123 228 180 195 81 212
    201 175 188 80 180 96 180 231 254 42 8 73 162 4 36 136 62 211 226
    153 113 212 211 74 105 214 118 44 252 183 245 117 0 198 225 51 87
    251 198 130 216 6 177 99 124 241 136 200 155 144 236 184 70 232 196
    53 149 26 17 236 24 186 193 236 57 146 91 27 199 12 189 148 140 240
    211 242 233 129 253 212 59 159 244 246 241 91 49 101 105 234 68 18
    120 162 79 39 205 9 48 162 52 138 60 17 24 52 226 21 100 59 154 119
    129 139 210 227 204 92 230 18 17 228 2 38 145 83 210 68 5 141 19 52
    137 60 68 103 236 45 74 60 155 187 223 91 31 15 230 169 142 17 142
    180 138 137 9 133 54 19 156 26 43 208 210 240 254 139 31 235 161 140
    104 207 162 136 23 0 137 159 192 115 139 8 6 254 41 90 254 115 163
    30 57 195 46 91 172 153 15 6 160 101 201 14 78 117 107 126 199 130
    24 251 195 119 24 187 123 1 192 25 59 167 197 124 244 186 225 183
    114 8 40 85 65 159 50 5 133 57 35 67 241 1 100 67 199 5 18 130 86
    192 66 130 182 111 72 10 66 170 34 182 154 228 104 101 242 41 5 169
    245 242 80 190 221 22 80 131 140 230 232 138 33 63 11 90 176 62 173
    229 162 179 163 60 140 93 115 176 60 101 240 97 159 155 105 127 85
    179 104 132 92 187 233 158 80 28 160 84 161 209 253 74 220 130 170
    246 37 165 32 48 155 4 113 236 177 169 2 106 169 27 145 75 169 67
    193 254 87 72 149 88 16 198 65 61 183 121 0 104 232 104 134 182 83 7
    196 17 144 201 233 102 214 220 190 153 248 88 81 221 18 89 180 212
    136 11 137 63 70 108 139 223 54 203 39 89 203 60 52 10 20 129 246
    141 122 232 92 13 101 54 56 99 49 127 11 229 211 240 232 137 230 218
    67 2 247 77 163 136 72 220 130 247 99 123 132 192 57 41 69 246 215
    169 91 117 161 193 251 10 201 174 35 218 162 42 26 24 211 228 232 80
    79 218 226 8 96 186 47 163 128 94 46 187 109 213 25 30 162 193 225
    253 22 177 193 236 55 253 167 1 247 107 155 133 239 226 54 46 221
    239 71 234 220 114 197 68 77 67 117 82 122 182 62 252 184 82 0 131
    251 152 227 205 179 202 218 91 219 154 163 68 77 112 62 144 215 166
    96 69 92 221 20 249 216 8 86 169 96 195 121 65 1 8 37 94 155 222 71
    47 88 210 84 239 16 148 41 88 220 102 231 93 95 52 115 237 161 52 49
    26 61 183 39 223 156 230 210 92 182 16 53 232 83 84 86 94 83 75 149
    27 173 7 222 28 36 169 246 147 166 196 229 198 72 119 91 100 207 86
    75 38 250 229 197 231 55 33 83 131 78 171 97 156 125 231 154 24 95
    184 250 132 155 24 85 166 207 182 239 30 55 208 75 15 53 73 4 142 90
    150 90 159 251 190 39 252 10 80 137 26 59 238 75 122 231 182 88 6
    207 80 163 207 143 184 185 181 99 34 43 168 171 138 145 78 171 248
    119 197 58 74 31 66 21 114 176 226 2 67 76 194 183 115 53 94 0 71 73
    216 179 225 172 157 123 148 210 200 255 226 208 146 81 52 112 43 70
    20 235 252 213 80 95 193 168 226 168 155 35 10 28 167 185 20 147 92
    153 228 85 114 16 129 46 130 115 191 137 195 84 60 245 235 75 179 50
    4 3 1 150 113 233 90 15 158 240 24 62 162 95 204 103 150 235 12 204
    244 229 45 166 224 97 163 250 26 15 129 176 1 251 83 168 183 235 192
    117 25 3 245 33 92 214 27 129 7 183 141 208 187 202 60 67 44 41 8
    249 22 42 69 229 24 184 225 80 110 62 62 223 122 171 19 6 238 115
    150 19 156 32 44 16 1 52 184 235 190 43 60 69 83 255 154 177 54 129
    91 97 79 15 15 249 113 230 91 56 78 245 7 221 181 186 5 219 45 186
    78 230 198 116 137 174 145 108 150 101 36 177 203 252 230 183 212
    127 132 12 43 72 29 66 247 231 197 94 88 81 85 218 133 101 89 38 118
    28 52 185 203 215 68 217 249 69 177 146 198 131 243 139 230 197 114
    111 182 59 84 200 47 127 62 212 233 88 116 12 206 172 21 226 161 53
    114 89 126 85 15 175 150 218 103 53 46 191 66 4 198 22 166 202 3 45
    39 148 115 254 47 176 14 12 62 7 5 1 98 121 242 223 121 195 132 84
    160 198 184 208 252 44 93 207 123 228 115 30 138 25 61 45 9 45 193
    123 161 161 11 131 85 91 150 212 117 39 48 196 75 21 21 37 232 15
    195 61 58 242 210 166 146 38 20 32 208 160 103 155 220 46 136 87 1
    199 71 84 208 194 227 82 46 115 38 20 164 116 190 224 62 55 114 22
    60 73 5 142 167 68 15 211 182 140 246 92 7 238 128 183 58 222 244
    188 147 114 185 165 99 83 246 129 157 58 240 99 208 207 182 208 176
    5 155 222 237 15 246 85 10 146 245 222 161 58 227 160 116 167 96 102
    126 93 24 146 137 92 100 150 112 95 23 187 230 128 56 231 146 242 20
    32 239 236 197 92 229 234 72 32 19 114 1 118 187 111 39 197 210 76
    51 13 108 59 147 113 95 13 28 172 114 3 200 82 229 2 25 133 136 238
    185 189 195 24 11 69 218 121 250 180 242 232 129 94 39 37 54 97 185
    200 185 4 39 232 172 3 134 76 182 240 26 57 65 143 34 125 115 248 30
    177 47 164 239 234 170 114 45 117 143 139 198 242 47 203 139 149 209
    144 6 91 66 239 181 196 179 196 36 52 166 220 78 208 66 88 211 241
    83 242 160 159 79 46 237 110 52 205 104 150 45 92 208 178 135 197
    182 104 6 12 38 215 20 199 39 73 7 164 24 108 57 195 14 45 3 78 236
    35 78 170 212 15 172 161 50 120 41 197 45 191 46 94 174 220 5 37 241
    131 184 240 246 50 113 214 246 121 25 235 204 167 165 44 88 86 139
    157 8 240 200 180 50 118 106 47 224 95 123 59 204 62 0 207 56 151 45
    124 42 14 198 186 101 181 247 135 170 65 204 75 238 240 14 80 128 23
    212 11 13 183 129 145 11 146 134 136 249 165 138 133 36 242 68 106
    250 194 176 200 107 102 225 196 52 79 91 122 227 78 233 179 103 158
    34 9 119 149 107 48 40 168 37 152 144 63 76 210 167 82 137 107 57
    191 90 57 178 43 205 4 185 167 85 240 231 10 100 6 144 62 7 80 72
    161 28 217 41 250 207 75 226 30 126 126 175 218 0 138 186 183 84 140
    183 26 245 42 70 161 5 218 141 115 120 91 121 122 130 2 179 233 239
    66 184 95 59 82 133 226 134 59 89 41 87 99 36 113 5 53 88 96 40 69
    229 49 232 121 248 190 200 240 83 125 240 190 204 21 199 158 110 254
    144 231 213 167 24 229 17 186 214 1 244 115 175 60 87 92 134 35 98
    63 55 149 23 85 60 221 159 175 158 194 20 147 199 14 67 101 82 16
    239 220 50 98 6 235 17 120 197 22 74 164 60 41 157 248 49 68 42 98
    184 107 42 95 161 157 201 64 230 19 189 158 94 20 130 70 228 158 5
    188 237 217 37 195 78 42 104 50 250 205 220 246 226 29 175 25 54 152
    102 243 23 213 16 13 196 223 192 169 73 20 249 53 195 230 38 201 114
    21 22 205 101 106 69 7 128 99 150 238 247 110 231 253 89 158 25 233
    40 172 90 41 115 186 0 174 149 213 136 134 240 192 87 144 45 18 103
    203 169 150 212 21 68 116 102 161 95 48 222 126 255 215 70 109 149
    181 19 85 199 102 160 99 114 33 124 81 9 115 114 59 211 102 48 235
    216 52 58 215 242 183 238 15 61 115 185 117 126 75 69 212 189 122 17
    45 177 146 128 159 142 69 3 177 0 174 164 118 171 203 95 207 171 254
    162 95 201 57 7 226 172 145 213 236 235 43 48 44 124 33 92 183 87
    222 233 82 114 251 85 95 122 255 13 155 101 15 209 227 222 156 85
    247 43 234 142 76 103 244 144 122 170 200 195 15 127 90 240 220 162
    55 237 240 158 94 229 156 167 65 16 23 85 50 68 184 216 75 105 99 68
    47 73 55 129 195 69 88 58 28 176 183 250 248 170 191 131 126 156 194
    138 176 35 227 192 13 88 139 46 154 68 189 178 157 191 244 107 81
    207 159 202 201 64 9 157 104 63 94 36 219 138 19 209 62 108 159 48
    162 231 22 11 60 45 125 106 170 231 230 221 118 108 181 16 181 128
    64 168 65 234 9 153 48 111 33 17 117 103 133 10 36 235 159 222 135
    242 61 82 140 185 80 122 123 195 28 152 189 176 153 202 174 133 94
    131 55 144 172 233 188 255 111 33 236 184 34 144 118 68 95 81 15 162
    1 186 213 145 85 158 173 180 135 54 89 15 73 68 0 252 145 31 68 135
    95 246 235 209 99 217 10 160 210 87 107 165 98 199 7 161 81 162 239
    237 135 18 56 253 138 253 78 209 26 74 165 195 12 76 123 199 159 45
    230 141 102 27 52 146 185 162 85 244 39 148 147 122 195 83 151 6 226
    255 39 195 195 159 134 6 217 184 70 71 231 43 250 221 18 53 183 69
    173 89 93 233 58 38 129 36 101 35 102 217 226 151 238 174 91 27 125
    61 22 182 126 85 240 10 104 178 7 41 67 184 126 70 55 185 123 42 28
    184 90 162 103 101 212 4 132 224 75 173 135 197 244 65 125 86 56 72
    254 43 94 60 131 103 59 240 67 225 32 247 115 189 215 158 106 234
    162 153 55 122 34 251 196 232 32 21 178 120 16 169 184 169 156 49
    146 154 250 45 222 140 154 95 223 130 187 103 50 190 133 42 3 26 172
    4 188 68 193 52 180 68 237 219 150 149 74 212 227 40 241 23 68 51
    245 247 224 217 90 23 175 17 97 154 76 41 88 138 182 67 210 222 85
    176 87 132 221 159 155 169 60 109 159 190 32 58 181 191 13 74 72 153
    149 243 143 124 166 30 33 103 18 176 201 169 113 117 103 201 77 182
    233 227 40 254 225 128 219 60 248 150 63 233 26 132 233 85 39 146
    202 61 52 72 87 211 95 120 12 99 230 82 91 37 252 201 70 93 20 16 30
    254 245 8 196 60 219 35 214 177 252 11 13 248 19 103 156 123 135 110
    47 6 113 165 175 8 142 164 165 120 103 166 121 220 223 171 113 216
    37 100 149 147 168 238 142 216 112 142 85 198 135 246 252 52 12 212
    196 24 12 26 7 24 233 119 82 208 96 158 59 89 205 200 54 78 161 248
    197 150 142 105 89 230 116 39 119 175 232 13 213 227 125 35 242 32
    238 136 224 157 3 30 62 98 26 241 221 191 98 249 146 55 62 39 91 11
    175 166 226 159 173 77 100 125 221 23 147 0 20 157 244 88 82 130 199
    26 252 203 161 11 141 83 48 115 111 105 45 99 187 97 144 89 253 174
    160 234 189 184 15 205 55 16 23 137 81 232 142 82 150 175 75 166 6
    192 212 153 75 81 78 251 210 94 32 89 116 2 79 185 214 97 2 28 223 0
    74 27 234 131 68 9 193 23 189 28 199 59 14 25 112 151 131 21 123 56
    144 151 55 148 155 212 253 76 231 204 1 53 61 76 209 67 213 111 18
    165 235 73 38 179 234 127 252 70 123 240 163 67 83 37 130 165 184 30
    137 164 103 106 3 228 46 144 46 209 237 47 1 22 82 109 192 127 112
    148 79 212 14 40 245 148 17 164 100 217 109 92 2 210 17 22 120 71 8
    185 14 237 228 89 103 130 125 164 201 244 217 44 180 155 38 159 40
    241 130 2 121 178 140 111 139 60 186 234 26 10 17 43 79 252 150 213
    186 147 172 132 122 218 195 69 173 191 209 235 152 101 139 90 121 85
    209 150 123 151 207 112 120 158 53 177 42 162 77 85 233 101 236 158
    78 106 180 191 110 173 118 149 216 142 172 179 122 22 19 184 31 182
    177 248 229 43 128 252 82 2 128 4 245 124 238 164 16 192 75 200 44
    144 27 130 233 159 227 154 227 68 61 164 184 86 24 142 138 144 8 45
    93 198 41 167 198 204 97 127 196 133 126 163 97 78 110 151 195 159 8
    115 71 1 244 159 43 88 12 36 217 14 69 36 224 97 204 33 41 84 33 149
    202 129 182 69 81 102 165 126 200 98 144 210 161 202 222 153 250 47
    223 204 107 123 1 228 215 35 201 72 137 111 186 151 187 54 182 119
    239 161 111 87 131 233 226 107 74 147 49 171 175 231 185 51 244 35
    239 27 189 170 115 253 222 87 37 217 151 23 217 145 56 66 85 143 228
    169 38 171 125 228 79 221 49 25 54 131 139 32 134 141 233 235 68 143
    99 76 128 143 203 130 216 119 5 111 38 204 140 176 225 116 117 209
    130 176 92 1 63 209 252 16 203 170 158 246 108 76 173 190 33 134 13
    213 189 24 108 64 19 233 230 78 60 31 77 99 124 167 94 208 127 203
    70 118 30 90 198 229 125 253 172 94 228 73 93 241 172 21 35 236 162
    127 34 170 80 23 143 58 21 101 70 129 70 48 203 182 254 40 49 230
    104 237 137 216 237 28 3 216 246 3 157 44 248 201 172 145 109 243 37
    162 203 30 181 15 210 158 45 129 175 195 28 69 229 127 33 0 85 136
    36 138 131 174 49 107 159 18 160 198 247 226 135 174 236 162 121 65
    14 124 20 250 164 78 182 7 96 66 102 250 200 60 196 176 38 200 52
    115 12 99 58 166 236 42 65 130 217 169 106 27 125 239 143 212 71 208
    149 25 111 169 254 198 223 2 153 148 129 83 239 119 247 43 124 81
    215 199 240 193 18 107 157 117 149 107 13 254 201 113 217 96 169 20
    82 142 208 202 179 120 102 29 167 49 103 167 11 18 215 142 176 96
    107 123 139 142 105 46 69 231 34 214 183 119 201 203 159 71 218 108
    155 234 247 23 69 132 28 29 65 244 124 166 244 130 144 3 80 191 199
    65 238 73 238 104 60 184 65 65 51 57 85 211 227 199 71 241 2 123 230
    20 187 219 9 18 71 90 165 211 10 0 86 71 107 117 18 139 251 240 162
    100 230 203 47 238 119 173 232 40 22 19 110 115 254 201 195 61 40 85
    52 86 82 194 182 139 237 87 15 184 136 186 104 226 121 81 46 178 203
    125 165 255 48 104 218 69 94 64 138 76 97 190 41 159 199 212 88 120
    13 30 18 205 14 14 59 118 116 74 12 65 108 64 120 112 137 75 68 159
    221 69 168 93 59 202 107 159 161 235 193 48 103 92 233 116 224 95
    122 132 236 98 90 137 119 123 84 202 220 105 134 194 68 39 136 133
    139 53 223 36 163 206 30 25 111 120 251 202 208 177 18 113 53 65 132
    172 172 38 19 180 45 221 82 60 154 46 119 27 3 150 18 12 56 71 28
    150 193 110 34 159 144 134 60 83 245 179 39 224 6 5 39 14 15 123 79
    138 136 233 27 2 152 245 253 158 219 239 88 30 123 115 77 93 203 191
    97 73 245 32 108 224 208 229 107 80 124 187 230 197 36 183 4 135 96
    153 198 202 144 29 160 250 135 113 194 64 71 207 193 100 169 244 255
    235 19 157 232 130 12 224 91 6 135 38 33 9 100 74 149 118 235 243 15
    149 220 100 198 31 124 97 113 121 171 210 116 211 0 68 225 101 164
    47 38 161 34 188 17 12 57 100 21 45 132 32 83 246 243 51 6 209 190
    133 255 175 36 119 39 117 241 176 36 179 222 89 198 164 107 67 218
    255 204 246 182 69 250 82 229 206 217 109 44 163 86 152 63 151 214
    166 202 235 25 85 196 133 177 177 97 52 108 181 206 135 170 118 155
    182 205 64 126 168 222 160 132 163 180 41 106 247 197 53 35 250 240
    99 146 102 231 194 253 168 140 40 153 222 27 102 253 42 37 235 226
    204 90 158 151 161 107 140 253 224 105 193 60 170 146 126 47 80 226
    105 208 186 39 102 118 49 169 58 226 88 214 151 19 77 63 219 86 154
    49 254 108 229 100 60 72 184 188 108 67 189 235 142 166 12 85 164 35
    115 168 198 32 29 19 196 25 227 134 248 192 154 97 184 216 128 232
    248 180 197 220 74 93 51 191 69 116 97 208 174 83 41 2 9 144 221 2
    109 173 170 247 108 70 86 246 10 47 89 225 37 71 3 125 37 72 69 91
    138 65 240 109 164 164 50 94 142 210 157 18 243 133 225 126 130 180
    118 156 109 55 121 219 222 13 184 70 27 42 3 63 37 230 160 120 100
    247 126 167 31 19 55 219 234 52 153 59 7 49 156 29 76 204 147 161 91
    3 50 123 89 130 84 191 178 118 19 235 11 183 0 21 39 119 122 176 38
    161 211 111 83 83 18 89 179 14 206 40 10 214 123 46 53 45 90 41 225
    188 31 34 198 252 192 54 185 163 27 235 198 115 4 151 25 21 169 208
    167 50 92 133 76 6 161 230 82 249 191 245 39 140 189 129 95 97 130
    146 83 74 240 160 86 149 160 118 194 184 64 104 169 45 193 244 216
    166 227 157 230 202 233 112 185 128 78 42 1 4 222 85 109 17 126 83
    254 43 193 56 33 191 7 32 103 106 95 119 122 108 72 166 129 104 143
    214 71 77 2 40 80 135 130 16 9 92 233 18 242 156 238 105 91 119 232
    139 76 61 91 75 238 160 164 119 73 95 79 202 141 15 239 55 158 30 60
    210 181 188 79 69 220 169 128 31 216 30 17 45 215 45 77 87 237 173
    90 253 110 212 200 176 30 106 191 94 200 18 84 146 96 248 164 245 62
    129 4 18 171 169 158 62 247 148 93 72 73 140 197 49 48 73 27 219 165
    30 114 207 211 176 98 115 69 108 83 97 236 22 0 253 73 19 83 141 245
    182 1 18 96 93 40 69 97 228 197 91 239 168 251 139 200 116 248 61
    142 92 212 133 204 144 32 237 170 104 63 159 170 23 188 21 64 134
    194 179 31 151 87 94 174 216 206 117 64 247 45 214 227 245 102 111
    144 243 170 101 68 135 85 241 2 93 249 12 136 4 58 174 205 141 17 40
    20 41 236 128 249 67 227 255 131 166 117 81 228 175 93 136 175 47
    200 6 11 16 144 118 131 125 29 249 250 122 230 96 253 187 167 79 58
    116 122 179 121 47 63 117 228 182 165 152 206 142 1 96 15 147 1 163
    116 211 184 15 114 1 156 30 222 21 244 96 78 106 78 189 206 199 98
    207 144 78 101 192 186 204 225 79 189 180 85 189 47 172 55 106 68
    207 237 76 65 160 45 65 157 210 89 227 210 71 204 201 75 83 230 218
    217 30 90 138 137 115 31 229 240 13 201 201 174 142 125 110 216 152
    147 79 78 126 44 120 57 201 241 216 6 195 210 43 154 226 128 216 196
    110 15 107 167 150 158 26 12 237 94 161 189 31 37 19 208 62 184 158
    106 152 61 123 188 187 88 110 213 56 215 106 183 223 206 38 129 117
    60 66 176 126 46 0 54 251 89 234 89 200 32 22 165 112 234 243 41 114
    200 214 200 210 152 164 212 240 250 246 195 49 184 244 57 155 237
    224 112 35 165 4 62 146 213 29 49 209 168 211 175 103 123 157 235
    172 59 185 235 44 191 30 11 79 75 139 227 39 8 202 220 201 174 75
    103 227 241 29 223 199 32 190 30 202 125 111 107 84 212 133 18 36 99
    49 131 51 7 23 145 241 84 116 63 48 192 101 99 87 122 164 68 19 155
    136 13 75 189 139 47 3 22 62 48 71 42 200 101 10 51 108 192 251 248
    31 254 81 65 230 114 140 197 157 9 221 93 110 16 142 90 82 141 254
    111 29 71 150 95 2 82 28 222 238 57 1 28 164 187 103 58 170 223 33
    142 138 110 74 154 99 177 113 61 246 133 5 131 52 184 36 196 218 24
    133 16 226 105 169 41 13 144 51 51 228 22 82 36 244 177 209 221 245
    211 70 16 98 23 33 95 228 116 60 68 129 89 236 11 142 216 194 30 8
    74 221 115 243 91 18 48 126 160 110 115 29 175 2 8 126 206 229 249
    82 96 155 138 121 249 211 150 230 96 241 0 46 109 195 156 111 31 23
    34 216 73 100 34 197 65 176 173 55 108 38 27 111 64 80 125 33 99 178
    107 240 103 241 7 249 89 31 39 230 162 255 10 255 93 133 86 239 167
    250 40 176 155 115 184 25 29 198 225 155 120 2 131 88 122 209 195
    145 164 49 131 126 235 38 8 82 128 209 225 17 114 228 226 228 229 50
    154 104 163 5 4 244 22 137 226 198 182 45 231 88 155 222 91 48 160
    154 7 177 55 227 92 23 77 88 179 179 5 255 193 201 100 33 176 47 193
    221 12 213 174 187 255 4 54 214 252 165 203 58 218 78 226 213 45 58
    255 175 149 222 242 75 20 37 230 172 143 68 230 138 8 190 92 136 34
    251 197 59 0 145 115 39 34 66 141 36 128 116 183 106 248 241 41 236
    250 128 186 165 220 211 178 107 142 16 196 64 118 119 113 101 244 69
    121 204 109 33 53 220 249 145 27 190 96 253 87 16 127 205 101 189
    101 109 140 110 88 217 78 27 190 238 252 182 241 242 113 225 187 6
    40 210 234 201 205 90 209 48 128 77 139 146 95 109 64 218 195 62 76
    241 220 80 225 22 131 216 51 247 192 14 46 251 163 66 120 48 43 115
    39 168 149 161 169 1 39 201 215 104 114 251 92 48 190 89 29 108 58
    149 129 231 64 118 226 121 132 57 210 80 153 219 33 242 178 105 69
    30 178 183 48 100 36 192 25 131 28 110 83 158 73 137 220 42 78 158
    51 16 230 154 254 70 80 3 41 58 78 75 106 183 217 60 222 149 139 174
    121 175 12 249 201 22 100 178 80 147 177 241 216 210 148 138 90 163
    225 4 3 172 132 92 200 172 44 45 228 134 127 169 194 231 15 46 54
    150 90 144 92 144 149 31 64 183 74 69 96 158 41 209 119 217 176 128
    60 159 30 2 83 156 85 185 219 100 71 59 195 116 104 154 211 207 180
    74 204 35 23 250 178 242 100 111 20 168 30 128 213 172 35 5 66 139
    227 91 199 203 247 207 57 26 144 58 19 157 119 121 68 149 225 72 64
    20 15 39 208 30 216 157 144 235 107 249 185 86 208 139 123 60 18 137
    46 96 243 249 231 38 241 161 202 130 177 226 147 240 66 253 212 86
    167 63 203 238 224 230 218 179 208 170 133 102 61 180 223 233 106
    129 222 123 71 171 157 78 211 94 252 113 98 130 176 22 229 178 247
    153 120 40 55 194 131 17 164 181 8 222 192 126 237 174 129 157 218
    181 243 108 211 9 59 10 138 13 175 119 101 159 244 109 113 128 28
    107 145 235 55 179 139 104 213 120 187 98 195 79 217 212 1 150 16 67
    34 120 78 185 172 131 236 86 25 143 46 151 94 231 153 172 62 237 56
    213 53 19 154 113 102 48 65 230 117 185 134 91 148 167 14 136 2 245
    141 241 169 58 185 20 87 250 191 130 212 254 208 80 160 74 172 143
    208 67 85 233 102 145 16 210 238 127 62 23 128 25 48 235 78 204 199
    38 147 249 18 131 214 192 9 110 131 32 185 85 230 159 191 67 52 194
    12 61 77 27 24 190 230 81 166 74 232 144 27 236 54 252 152 147 157
    230 193 51 55 121 133 105 76 169 208 11 17 111 166 215 151 250 23
    162 225 207 31 95 41 127 48 194 157 49 103 182 97 183 41 18 209 206
    75 161 27 208 252 12 119 242 104 65 126 158 190 35 241 199 44 109
    177 133 10 100 221 21 138 194 112 72 63 218 204 20 178 15 39 12 215
    12 146 245 234 126 93 143 134 189 115 155 168 75 208 211 201 137 123
    200 89 88 249 8 236 47 56 127 164 233 129 38 224 122 39 153 245 207
    134 162 146 9 127 149 55 173 50 96 133 30 120 212 175 137 130 120 41
    7 114 104 187 110 44 29 182 247 219 31 154 83 119 177 113 205 200
    245 108 67 49 244 190 200 234 188 85 129 91 144 168 37 180 233 56
    212 237 91 106 84 196 236 210 114 139 251 228 131 32 88 198 178 79
    77 154 223 110 251 185 163 171 52 102 154 93 229 53 203 138 42 106
    231 119 142 157 5 132 187 240 93 30 101 217 206 105 5 19 116 149 162
    66 185 166 35 180 204 14 3 83 242 155 186 95 168 49 166 8 152 99 222
    240 73 208 254 51 63 114 10 118 16 141 131 254 137 11 24 122 216 227
    235 150 196 244 224 230 209 62 7 178 246 94 229 142 31 241 219 163
    239 253 8 94 113 252 67 203 1 142 70 46 246 31 7 199 113 48 13 226
    32 198 14 19 225 220 70 18 188 171 9 132 212 149 199 90 28 230 242
    121 122 164 101 203 163 27 219 96 104 241 152 254 58 228 216 157 67
    140 228 91 40 150 185 254 60 126 69 197 6 254 78 188 242 104 24 250
    212 213 178 47 182 232 94 247 184 135 190 32 175 166 22 140 223 222
    41 232 244 146 140 171 143 37 128 123 233 108 19 206 205 20 250 140
    5 239 24 182 110 113 88 244 110 54 249 233 122 216 204 101 88 254
    160 138 242 157 5 231 25 11 73 7 191 190 82 91 2 225 16 145 142 85
    185 217 204 134 241 87 177 155 229 117 246 72 4 132 141 155 63 135
    81 113 91 65 213 219 122 200 226 185 155 8 150 81 254 255 150 47 191
    197 132 159 6 167 207 115 48 247 221 88 150 14 97 20 84 156 133 145
    46 169 27 71 107 221 240 56 100 110 82 201 181 107 188 255 46 232
    199 119 114 182 232 167 234 135 218 87 29 209 129 182 145 214 68 56
    204 103 84 200 138 144 52 217 55 98 44 212 35 207 224 185 133 40 63
    226 24 211 29 200 67 187 25 104 224 170 247 195 196 0 212 224 244 70
    216 146 109 45 244 15 8 206 83 97 149 163 99 185 176 75 51 190 150
    114 92 24 100 69 71 239 22 249 217 243 48 135 73 86 41 98 110 127 11
    73 9 222 252 151 227 96 202 92 254 42 239 6 106 236 70 55 199 57 223
    122 163 155 163 85 207 201 215 73 65 162 117 218 182 205 241 51 194
    119 161 77 119 207 187 20 111 196 33 18 143 172 180 183 52 62 144 28
    187 13 161 70 29 169 81 175 100 84 55 104 168 124 106 198 64 62 197
    192 58 120 239 224 176 239 13 230 76 27 172 182 153 235 17 232 114
    84 154 226 225 52 200 161 62 177 97 149 130 232 127 232 157 251 194
    68 205 5 4 252 88 107 135 174 139 133 215 206 68 95 131 155 22 5 73
    251 164 122 9 53 133 43 213 190 219 114 81 165 0 240 139 25 69 54
    151 205 132 177 165 205 122 95 248 114 18 88 17 1 205 122 167 75 2
    36 132 138 134 40 241 152 57 182 99 139 0 167 179 165 254 161 196
    146 5 159 132 84 76 249 58 31 91 136 95 82 168 97 36 254 8 186 104
    23 49 136 114 232 246 132 230 113 168 213 94 130 42 213 31 135 101
    184 111 58 143 142 143 56 82 145 152 143 132 118 47 6 9 8 107 46 61
    78 128 236 118 211 74 97 121 191 19 252 162 217 240 48 51 178 225
    128 8 32 189 194 88 230 184 221 89 118 204 214 231 15 170 164 23 54
    239 180 220 134 153 202 220 225 190 72 103 203 103 34 242 180 154
    152 90 185 239 226 234 179 44 243 125 241 248 155 65 74 175 206 22
    210 206 177 228 179 41 185 29 149 186 45 77 73 165 110 18 183 24 12
    50 161 124 240 16 146 61 190 125 44 8 153 34 212 195 230 164 62 115
    119 97 183 220 101 12 229 61 226 215 160 185 38 12 104 192 4 243 30
    66 248 121 192 245 78 6 214 140 165 184 77 80 182 58 158 2 46 218
    139 91 160 62 178 236 113 120 84 239 132 175 54 5 55 254 147 83 168
    119 174 91 150 180 122 144 46 199 114 50 213 54 239 123 10 50 227 96
    83 63 222 29 29 168 140 120 186 122 155 174 96 213 52 203 116 80 134
    138 219 127 245 75 36 26 66 13 18 148 53 173 108 16 164 105 219 50
    77 229 181 197 4 226 11 72 139 138 147 167 46 132 105 160 38 96 15
    204 143 99 176 255 117 156 118 1 89 139 224 189 205 32 251 196 183
    25 18 50 239 211 179 79 19 163 90 136 36 169 145 55 113 24 47 132
    157 133 252 17 138 73 90 213 238 82 94 26 76 146 55 73 185 2 5 20
    244 156 198 226 37 77 234 189 26 225 255 182 226 217 155 103 170 26
    108 145 39 107 215 32 56 0 120 74 182 123 102 190 169 231 216 27 84
    212 72 107 219 204 161 22 173 207 120 110 201 92 141 210 129 190 254
    220 43 104 139 203 107 51 157 253 37 214 188 199 15 194 58 85 201
    197 184 24 72 123 209 34 116 199 140 141 251 52 241 143 110 144 241
    161 171 125 241 100 178 38 39 135 45 73 47 195 42 167 71 6 174 232
    13 133 205 88 111 108 80 42 42 63 129 78 217 24 216 112 216 136 148
    155 88 41 78 223 191 15 145 246 35 125 77 123 182 0 34 107 28 2 246
    73 153 96 52 19 45 147 198 70 168 165 94 113 99 85 188 208 127 97
    173 85 200 13 37 54 20 15 20 233 50 160 10 39 171 188 176 96 151 117
    206 91 146 36 118 3 242 160 182 155 75 46 73 196 7 74 55 155 17 24
    218 47 9 130 134 48 218 175 40 208 92 126 76 131 126 120 89 184 244
    11 108 3 153 37 168 238 120 39 20 213 209 238 2 252 203 111 135 6
    129 28 220 192 50 210 178 169 88 136 152 173 185 155 230 54 2 96 24
    134 237 132 207 111 36 169 222 110 129 63 100 92 149 133 187 100 193
    212 62 5 17 141 232 53 67 64 232 61 92 13 176 40 244 107 183 81 138
    51 106 56 185 77 72 244 29 110 29 16 186 11 193 32 107 227 121 17
    184 98 205 144 65 107 109 177 188 37 42 40 209 27 143 243 161 175
    186 82 174 16 4 138 227 70 167 241 107 170 165 0 130 235 10 154 49
    31 31 35 88 227 182 34 231 193 198 105 179 172 66 160 171 180 3 90
    100 117 128 172 170 34 80 133 182 64 166 17 253 140 149 185 80 198
    189 240 78 131 193 204 0 191 251 158 10 160 64 88 226 92 11 29 234
    123 143 168 39 136 70 93 22 35 118 216 51 77 12 113 204 199 202 101
    133 154 3 158 8 30 86 210 5 226 44 66 219 68 91 52 41 63 66 177 5
    180 223 0 67 8 122 92 103 41 76 191 213 144 2 63 46 45 8 42 29 164
    54 185 44 244 126 1 206 88 209 145 105 125 170 19 16 174 78 246 216
    207 136 19 41 204 185 0 46 52 62 234 148 255 161 156 66 122 188 236
    162 4 198 192 188 8 246 20 37 155 48 248 144 231 83 152 230 69 240
    210 228 172 187 191 91 235 217 73 104 171 217 245 67 79 255 253 88
    191 132 255 81 186 36 158 13 120 51 171 57 116 253 83 109 213 227
    195 183 209 180 49 194 45 40 128 120 73 53 238 123 238 76 186 63 124
    126 198 127 223 38 251 62 134 175 160 170 16 147 52 13 56 216 82 47
    180 77 112 101 48 158 159 17 8 167 150 58 168 156 137 120 29 138 29
    115 100 196 150 117 130 118 19 138 237 18 156 119 69 111 162 205 182
    215 87 135 110 21 12 111 63 252 18 92 40 107 122 119 56 216 89 122
    88 71 196 111 88 38 143 138 24 89 117 225 234 190 78 227 141 116 31
    219 198 165 108 220 40 198 144 16 44 10 225 251 184 195 157 14 222
    44 98 243 193 14 254 161 82 149 35 25 177 197 102 138 13 222 102 93
    219 135 76 49 30 199 254 118 176 185 36 109 129 152 242 28 48 114 9
    220 131 52 105 245 47 88 7 239 138 77 239 86 26 178 21 157 168 92
    108 223 53 128 188 199 239 204 164 112 51 127 49 218 168 59 232 204
    97 70 18 18 2 249 128 214 191 173 89 138 105 180 180 175 3 201 211
    98 86 147 33 205 113 166 73 241 196 132 248 28 95 19 68 179 178 107
    159 60 211 96 132 163 66 212 83 11 55 139 42 167 201 184 4 145 219
    141 54 81 213 182 130 226 150 120 251 10 199 110 5 134 186 157 172
    107 196 137 121 120 151 15 172 228 224 146 188 11 170 170 9 101 224
    254 151 106 140 246 154 12 6 105 55 31 23 170 122 90 90 242 127 58
    123 129 155 239 179 14 37 189 100 197 136 166 113 29 180 144 185 148
    184 166 14 171 146 66 140 48 255 155 7 155 192 154 116 154 120 13
    252 203 13 35 93 151 128 20 51 236 111 1 52 153 37 243 242 223 231
    30 48 246 255 88 216 117 252 169 90 34 229 219 145 206 56 124 103
    144 5 245 44 67 222 130 197 178 22 38 25 227 103 153 123 245 247 106
    184 199 165 55 103 167 184 22 212 191 66 124 175 252 254 85 43 250
    61 39 125 182 35 12 171 57 200 111 243 251 249 176 224 117 101 107
    208 56 74 28 214 137 51 178 155 12 106 59 53 124 247 67 94 203 91
    127 50 224 69 215 211 141 60 134 233 33 228 200 84 84 137 164 254
    133 116 108 17 61 110 245 26 178 70 32 65 147 8 140 246 93 147 29
    140 200 108 28 52 15 240 68 20 32 158 192 65 157 90 52 12 40 34 124
    93 243 138 188 219 75 205 141 115 242 20 120 92 239 98 102 20 244
    131 190 158 118 192 76 205 188 4 103 250 26 19 52 176 212 153 163
    219 197 17 235 190 243 191 133 105 107 119 100 54 223 189 195 107 42
    115 178 222 112 12 88 37 3 208 195 233 72 212 10 24 243 181 235 0 28
    134 175 118 184 163 128 165 55 250 181 51 112 164 229 224 143 212 68
    193 103 193 42 220 166 235 57 62 139 85 190 119 11 157 16 58 119 108
    52 115 86 186 149 247 231 216 201 45 43 40 179 241 49 19 132 112 108
    26 5 148 216 154 26 79 142 44 157 75 180 3 6 144 32 189 73 134 9 64
    142 217 170 170 193 126 217 20 94 91 130 187 14 200 198 92 174 240
    103 0 106 59 236 90 9 27 175 55 56 230 173 155 3 18 154 114 42 224
    175 252 87 161 6 44 153 228 24 58 241 107 184 137 120 234 151 243
    235 82 176 188 242 153 0 139 44 34 22 179 199 89 179 29 156 63 92 18
    178 233 100 72 97 224 236 222 5 246 24 198 25 55 133 159 23 13 195
    70 198 244 7 77 203 155 80 103 208 94 13 127 219 207 143 91 217 56
    25 251 166 32 41 30 232 19 148 225 123 206 210 214 204 239 25 189
    252 170 68 222 176 20 50 40 104 109 206 94 251 245 241 91 69 32 72
    54 27 28 112 37 17 218 135 24 247 247 31 197 210 226 182 117 140 217
    177 83 192 244 173 167 101 211 218 94 186 90 193 212 154 242 100 245
    204 5 249 81 197 171 34 124 79 110 192 174 11 47 254 99 65 199 73 25
    90 235 229 230 123 187 170 34 182 203 88 140 41 82 167 101 24 214
    126 37 9 232 58 214 121 179 155 28 227 233 1 135 30 215 32 150 115
    73 198 19 13 84 8 129 28 76 52 157 124 209 125 181 67 185 226 4 188
    248 251 13 129 68 9 88 107 31 41 117 247 221 58 215 208 69 166 245
    232 123 100 100 166 117 37 244 22 254 41 43 129 44 17 177 56 254 123
    164 7 17 164 219 178 55 56 159 204 85 135 239 91 32 17 9 165 222 217
    0 132 87 2 245 201 188 62 228 254 9 131 72 141 232 210 228 125 130
    47 153 152 105 249 109 78 220 135 144 68 158 87 97 109 225 131 14
    205 240 139 1 118 9 29 22 236 243 84 189 21 102 43 252 69 73 240 208
    211 6 60 234 48 96 133 61 225 119 92 10 153 34 0 222 223 169 21 127
    37 249 177 4 130 126 164 165 13 202 228 43 160 73 230 34 70 66 104
    180 59 100 197 158 245 102 239 10 172 77 108 74 155 45 51 146 190 17
    243 41 194 242 226 158 208 93 42 207 157 76 50 170 150 11 31 213 77
    84 166 35 83 234 182 220 162 53 194 144 187 151 57 187 15 58 82 161
    46 56 233 160 176 149 151 121 242 174 40 81 207 95 181 218 249 76
    199 25 202 40 234 17 123 42 161 19 224 128 93 197 40 166 166 168 198
    104 255 107 245 220 195 57 181 139 30 33 172 127 199 12 100 75 156
    209 160 11 67 27 215 163 192 165 181 62 59 173 82 27 215 20 141 16
    34 209 249 183 163 22 13 67 158 123 200 218 67 54 138 208 89 107 7
    175 188 35 238 33 225 159 29 0 36 91 66 231 159 53 207 255 76 32 55
    58 224 185 104 34 33 180 140 206 112 197 164 232 104 121 165 173 226
    47 155 72 88 145 149 58 27 6 29 108 84 20 243 83 42 42 222 17 162 40
    186 254 194 225 45 242 76 65 218 169 168 90 83 166 62 0 94 111 27
    235 79 116 130 67 174 226 128 33 178 60 251 192 58 92 148 50 141 51
    223 246 238 201 102 110 172 71 18 65 89 58 209 74 149 132 189 168
    199 3 229 34 34 123 2 71 217 116 235 26 216 119 165 89 254 249 17 86
    108 124 209 60 31 90 87 245 211 129 222 205 245 9 188 95 190 169 31
    8 98 249 120 194 51 83 41 184 150 81 236 202 224 211 71 103 115 20
    165 184 97 109 207 225 168 108 83 159 238 17 152 212 186 1 242 176
    78 244 12 235 187 246 195 139 25 180 5 2 76 38 142 90 160 233 6 145
    93 33 206 44 196 223 121 81 10 82 250 108 173 79 249 62 255 126 205
    124 221 175 245 221 131 79 4 135 209 187 100 65 125 196 237 181 235
    202 114 192 108 48 53 49 128 131 0 195 9 89 23 93 79 189 167 8 26
    157 121 173 9 213 75 176 149 145 200 3 17 108 194 140 133 8 61 195
    47 247 231 179 164 76 139 213 141 173 229 160 166 32 221 55 98 207
    35 39 125 12 227 143 189 53 106 189 5 197 248 85 172 107 209 155 16
    1 132 133 192 175 154 157 171 13 187 187 250 137 129 73 171 194 252
    209 169 108 132 202 160 116 105 96 116 220 250 3 196 128 23 41 127
    213 206 69 98 101 190 112 143 131 116 47 70 205 242 62 55 182 28 221
    28 48 42 26 57 69 143 35 87 24 196 37 121 49 247 182 44 11 48 71 67
    57 115 109 206 80 42 26 56 139 187 63 1 145 81 160 183 131 79 179
    183 160 138 14 176 121 123 176 79 182 75 37 162 252 9 205 0 25 31 31
    133 107 182 43 28 119 157 172 14 6 126 61 119 239 24 216 81 175 126
    135 226 213 59 183 67 7 15 98 110 135 145 7 248 170 55 214 160 112
    169 63 115 62 71 138 237 209 247 247 200 27 71 77 25 231 50 11 74
    183 114 129 160 220 110 65 31 173 141 54 138 89 144 205 18 159 32
    200 126 233 142 203 121 0 244 127 216 168 226 118 114 47 98 149 203
    243 133 94 217 33 84 182 47 105 112 144 222 238 112 56 29 216 123 69
    42 9 72 25 92 199 18 13 251 104 252 13 157 152 231 50 92 169 67 65
    32 40 36 182 55 166 23 56 98 227 92 54 95 148 18 39 225 250 50 118
    54 124 69 48 108 99 168 21 83 234 105 61 96 189 46 131 147 85 61 9
    116 243 223 10 26 19 103 90 46 114 91 82 164 124 182 149 98 69 141
    71 103 118 165 1 176 7 252 61 239 15 186 72 201 140 90 123 54 124
    248 121 128 255 165 52 171 102 17 151 106 252 132 192 83 29 99 83
    250 189 83 240 211 195 31 7 222 224 241 17 244 43 243 170 214 214
    241 249 234 12 247 29 122 42 155 133 171 150 145 250 179 105 152 84
    184 110 220 156 210 19 190 48 101 94 225 81 200 243 109 156 101 119
    48 175 175 248 156 103 52 184 64 37 169 99 50 76 113 5 223 30 141 0
    132 140 155 62 1 98 111 14 170 103 53 246 147 68 2 134 143 57 137 83
    108 237 194 136 17 169 3 24 140 224 83 242 113 103 218 224 85 255 84
    22 69 25 6 198 155 138 165 61 165 75 61 113 79 101 8 210 66 237 193
    87 11 238 61 139 243 37 72 245 52 237 81 193 113 0 149 233 40 243 67
    14 7 38 10 79 19 141 168 52 168 66 118 169 20 229 205 180 4 53 226
    19 178 216 166 220 172 92 103 251 16 103 44 15 26 152 81 148 168 196
    30 6 95 107 108 216 41 65 18 220 6 5 223 58 254 176 137 109 115 196
    107 94 55 168 179 135 130 158 42 208 191 27 140 18 10 199 17 142 237
    246 28 42 106 178 182 190 197 114 14 219 70 224 93 244 56 17 12 175
    24 199 224 234 79 23 109 2 37 95 123 112 208 78 18 95 44 226 116 29
    91 32 13 255 209 250 251 68 105 125 153 76 200 176 58 49 182 232 39
    42 219 132 20 217 31 251 243 108 242 108 199 66 236 44 33 100 172
    191 128 172 35 239 147 179 120 80 38 162 59 83 73 226 107 85 207 114
    102 199 229 50 45 132 133 42 42 196 194 155 254 198 9 135 37 63 227
    173 222 174 89 145 10 226 97 29 25 145 165 221 104 111 57 185 30 216
    218 115 228 139 31 27 243 83 201 255 68 135 110 4 124 243 102 12 205
    162 254 91 4 113 97 197 31 107 180 109 9 113 129 50 248 214 93 251
    149 52 206 115 105 210 207 128 151 66 160 86 182 55 21 132 146 66 42
    183 254 81 104 209 172 184 232 116 214 163 230 109 195 141 102 143
    156 151 99 120 36 27 248 49 93 69 202 232 80 102 17 171 40 134 172
    248 36 236 89 216 8 218 213 39 232 74 112 123 82 173 19 149 40 212
    172 253 251 186 51 69 1 156 23 215 174 186 154 39 243 181 162 179
    189 199 236 69 47 255 50 58 168 214 12 151 214 42 75 169 231 68 164
    27 132 194 19 252 6 160 72 86 14 33 164 154 211 108 79 137 123 35 18
    218 229 228 217 240 37 17 218 171 253 178 207 4 165 162 61 77 209
    143 147 189 198 70 183 159 182 57 23 16 145 187 228 186 131 226 193
    113 106 94 164 199 76 172 84 183 30 201 60 176 217 224 79 164 115 57
    96 135 138 200 156 170 25 240 233 216 214 44 150 228 113 216 54 44
    62 60 81 137 180 104 154 213 129 101 250 183 27 83 234 198 47 208 87
    177 247 143 101 103 140 31 102 178 238 92 232 61 2 198 148 98 61 240
    232 72 244 129 156 132 203 37 30 86 164 110 88 123 193 69 28 114 52
    146 47 254 181 118 217 28 192 167 110 190 45 157 107 159 43 228 185
    214 26 68 172 175 223 246 175 61 11 67 147 232 193 156 52 108 180 1
    180 255 178 111 234 205 211 228 29 153 206 161 67 10 81 219 99 132
    135 243 153 68 135 60 203 109 158 178 23 210 76 38 90 206 29 221 195
    196 64 71 102 184 7 255 26 9 207 104 55 9 80 141 119 37 220 106 241
    1 104 88 58 0 191 6 242 21 141 180 73 37 24 122 174 17 105 175 24
    154 40 220 200 132 46 35 66 96 224 159 69 15 89 198 3 59 102 101 144
    218 228 172 46 94 58 237 188 250 173 59 185 199 17 87 8 170 84 223
    218 132 118 99 120 207 56 114 9 244 110 29 130 84 175 67 46 89 16 75
    255 225 20 5 107 221 193 52 56 132 117 50 206 176 169 103 147 232
    160 239 226 252 236 158 112 125 10 239 41 37 152 93 46 168 52 67 115
    236 44 75 96 92 170 40 243 221 230 124 163 191 21 87 132 25 49 90
    217 172 183 254 43 145 225 19 223 77 137 90 140 184 162 231 184 199
    248 91 160 242 218 19 137 33 241 128 245 79 91 85 72 100 209 39 196
    90 115 72 189 12 116 205 186 70 58 104 166 252 161 250 170 83 244
    208 56 254 198 223 52 4 126 76 218 116 88 250 49 227 119 56 188 128
    93 229 201 218 117 35 79 166 24 100 194 255 26 9 123 173 196 13 189
    192 222 122 43 143 25 133 191 111 24 112 240 241 61 221 2 177 190 15
    75 122 239 177 109 105 95 95 128 82 222 213 130 196 146 254 115 71
    28 207 119 122 230 250 243 122 124 34 235 44 131 25 68 195 196 144
    82 81 172 197 203 88 190 91 151 217 106 115 65 2 114 1 71 80 62 27
    147 101 90 180 98 237 103 130 63 102 222 82 116 83 48 238 95 22 17
    56 153 103 172 60 140 166 209 247 186 175 226 230 23 30 149 126 185
    199 87 162 11 37 241 34 82 239 224 1 244 81 102 134 116 238 142 94
    25 147 172 136 188 74 121 218 48 165 112 121 165 156 243 72 45 31
    118 233 174 174 124 87 99 89 162 17 159 57 28 181 148 97 157 68 157
    59 238 157 240 126 136 82 218 169 161 88 2 155 174 71 178 98 52 190
    209 150 135 175 64 143 127 152 225 40 88 52 244 240 128 190 20 35 6
    45 163 47 118 220 71 253 207 29 76 110 84 139 13 146 144 249 9 6 112
    184 247 143 238 172 107 85 161 107 66 164 92 237 171 225 192 221 110
    118 15 88 44 237 130 247 82 16 14 160 240 119 14 21 146 192 55 10
    154 54 255 221 61 58 228 7 248 17 185 213 83 168 220 158 224 224 99
    45 148 129 10 87 197 74 245 229 123 213 97 106 145 120 164 141 181
    230 228 173 36 105 14 248 130 213 181 171 114 254 52 114 120 177 8
    169 104 244 63 82 133 10 134 123 134 42 203 103 51 235 35 94 87 109
    143 63 130 5 150 126 227 43 158 126 24 45 196 76 93 159 202 176 75
    62 223 221 146 128 180 167 211 175 218 69 25 218 22 156 38 86 32 23
    199 216 74 3 35 122 39 74 16 161 148 35 89 21 240 72 217 11 10 77
    117 5 27 78 83 68 170 122 101 72 61 39 126 52 50 91 81 220 81 27 167
    37 196 193 171 30 208 146 99 82 248 39 152 120 74 84 83 243 181 43 1
    158 94 173 114 165 110 97 224 34 122 103 243 76 221 57 94 235 139
    147 16 66 187 19 39 217 224 128 61 219 125 72 241 226 175 9 210 239
    60 253 21 94 50 243 28 136 22 111 184 39 61 152 145 10 193 10 23 109
    240 183 205 211 170 84 4 2 102 200 34 20 218 247 233 95 0 171 41 124
    202 21 196 104 214 19 51 113 65 110 236 195 30 244 163 157 246 176
    46 113 111 232 169 239 11 67 152 58 34 208 252 59 107 74 141 125 59
    13 205 189 189 75 101 153 23 176 207 157 139 226 158 173 46 224 13
    59 136 116 235 15 192 53 255 83 126 99 113 67 75 165 93 89 79 1 112
    75 213 114 251 115 86 10 205 168 90 248 163 46 75 239 72 45 235 190
    18 178 118 52 79 4 17 239 25 178 165 181 211 77 83 32 212 33 108 185
    174 2 211 225 233 14 232 88 254 4 40 117 223 61 55 174 184 110 146
    222 30 34 194 122 147 230 253 43 16 81 77 133 127 54 247 184 22 38
    64 198 12 72 3 240 217 175 48 192 239 100 13 189 6 31 190 169 115 81
    58 81 1 221 173 209 184 160 69 23 49 200 123 110 192 251 224 1 164
    90 136 115 98 97 143 110 227 102 105 27 68 20 251 121 223 251 245
    211 82 131 45 226 189 158 72 254 77 98 16 8 9 238 47 102 188 165 245
    218 68 233 11 217 95 152 188 49 151 248 36 58 42 31 248 54 14 172
    118 173 16 29 236 199 157 60 156 109 189 81 12 120 245 198 228 19 59
    45 149 2 11 35 33 39 245 198 14 162 207 78 193 127 40 146 30 73 232
    19 114 225 118 55 39 217 47 34 163 118 58 69 188 124 109 139 113 90
    233 222 34 210 26 52 156 156 214 230 107 84 221 223 3 189 120 164
    249 98 162 98 45 217 98 217 194 158 145 33 101 207 160 116 145 138
    228 192 69 38 75 237 204 86 196 82 87 214 139 11 211 182 5 223 195
    16 12 93 106 210 53 45 89 240 201 102 13 36 148 165 206 131 154 156
    124 82 68 127 36 163 241 104 93 254 204 12 190 248 6 221 60 243 162
    167 137 47 135 98 241 51 240 45 218 149 82 79 184 58 95 70 94 24 161
    147 55 251 22 100 131 178 189 117 220 173 189 44 195 202 245 116 8
    41 99 152 121 196 32 151 213 66 207 184 47 37 233 187 21 44 68 226
    234 58 25 27 41 220 196 219 94 155 50 183 107 139 78 219 5 54 247
    153 110 111 113 149 8 128 229 69 254 252 92 78 121 190 193 155 3 184
    254 101 147 154 227 68 38 230 191 138 228 59 167 87 196 196 89 60
    190 49 213 179 122 83 216 0 254 127 36 26 91 0 64 179 164 9 98 24
    217 46 189 202 96 194 141 235 31 48 238 159 135 133 246 31 98 196
    147 212 55 77 212 213 255 17 212 138 188 237 89 180 173 206 86 250
    247 191 199 124 20 25 149 151 46 30 114 153 109 240 112 176 241 22 3
    233 97 49 102 20 236 32 234 81 25 154 188 139 45 200 139 216 131 135
    115 230 54 252 36 193 249 182 189 25 226 23 190 61 17 134 122 98 78
    84 24 70 45 137 62 212 136 175 137 23 180 149 139 234 17 171 119 114
    199 141 116 52 59 196 90 58 161 97 209 6 77 116 36 116 192 216 245
    223 17 202 76 154 201 21 129 196 50 45 143 66 217 206 237 69 63 46
    58 18 108 220 120 227 99 64 55 144 37 53 1 157 54 158 141 17 162 27
    65 75 61 68 30 236 73 246 142 25 193 162 194 129 51 209 210 116 194
    147 132 120 81 243 88 184 142 26 95 103 120 196 177 156 207 206 177
    219 200 35 208 92 233 99 58 129 229 159 66 73 25 94 27 79 157 6 167
    83 161 18 110 225 41 130 62 62 243 99 120 53 13 216 131 226 165 85
    192 204 210 246 228 39 184 223 159 14 20 149 186 218 130 14 11 209 8
    192 35 199 246 16 87 103 123 188 155 242 164 220 115 162 46 251 120
    62 232 16 183 55 86 12 93 30 88 225 152 186 8 126 55 59 109 82 210
    62 235 202 86 228 23 28 157 80 44 156 21 247 200 70 61 95 3 57 150
    133 157 84 2 156 3 160 253 106 4 76 207 34 250 180 58 131 227 47 143
    175 103 5 59 107 146 57 252 201 242 111 7 113 112 80 1 11 98 165 83
    169 85 91 3 164 160 101 145 42 2 181 102 133 199 60 200 146 2 220
    168 105 5 177 129 16 195 151 54 155 104 16 209 125 144 45 158 35 165
    38 62 192 74 95 132 8 255 37 167 99 37 113 60 242 240 83 219 230 146
    159 253 232 78 84 105 195 47 216 216 142 7 11 34 233 84 147 214 78
    137 241 25 147 98 206 149 60 28 132 109 149 85 29 2 14 16 28 63 126
    251 204 214 203 92 120 218 27 228 214 98 23 12 27 21 0 4 61 234 136
    149 101 207 210 138 104 210 76 101 144 8 149 184 141 134 205 213 227
    220 192 60 130 116 37 8 8 180 108 164 140 109 188 139 60 112 159 136
    230 185 230 68 206 125 253 254 146 39 16 198 155 182 33 32 254 195
    36 35 141 127 229 1 5 212 17 241 248 2 194 86 187 251 134 79 126 148
    197 189 197 251 68 186 150 105 144 121 205 20 4 153 221 22 137 186
    252 50 247 153 229 111 70 253 188 134 174 24 16 234 202 178 166 131
    80 166 86 46 73 133 13 63 56 218 248 98 7 228 8 75 52 50 58 164 38
    67 63 239 249 91 11 197 231 104 74 217 38 57 102 155 124 208 39 77
    124 154 99 110 118 169 247 67 124 19 75 221 64 119 228 218 118 238
    97 22 11 121 88 146 51 101 173 117 164 158 95 132 164 187 142 130
    213 40 221 217 187 144 115 236 146 41 197 134 212 149 255 18 55 53
    201 86 139 166 101 166 18 171 189 199 110 81 90 81 249 234 199 118
    80 28 216 77 232 31 67 136 202 152 138 45 9 218 88 46 24 138 42 184
    244 57 234 13 7 111 50 117 113 101 31 61 185 137 233 103 223 120 46
    183 205 237 51 76 104 241 18 222 177 210 149 114 90 4 61 147 211 124
    84 10 112 10 71 194 22 32 100 43 157 175 32 92 165 80 231 182 65 111
    42 163 89 219 10 211 210 126 96 66 4 240 36 91 113 214 156 9 72 109
    63 157 222 109 199 89 251 133 101 83 13 186 155 252 140 75 26 201
    193 127 167 50 0 229 116 236 148 192 62 253 222 139 164 210 166 207
    185 77 248 221 172 154 165 211 254 15 220 214 101 175 134 75 184 75
    76 219 119 74 200 61 158 35 144 78 129 210 50 223 104 50 82 113 216
    175 188 54 87 22 107 15 92 220 79 0 142 190 237 78 203 204 57 123
    146 92 243 132 254 148 186 253 236 184 86 76 162 16 6 157 89 54 144
    204 212 75 210 242 143 77 20 159 189 45 114 154 15 239 235 35 191
    253 31 151 2 59 55 227 59 125 4 68 247 120 117 58 99 111 28 5 148
    233 60 188 169 43 22 201 177 173 224 154 118 128 128 233 21 168 236
    83 58 253 215 99 206 92 5 64 36 64 157 90 102 121 227 64 224 245 205
    136 112 169 45 191 45 84 136 215 25 67 87 44 117 185 131 6 52 1 168
    88 161 96 36 33 25 190 97 114 92 138 159 100 14 254 75 60 198 206 60
    53 225 49 137 133 169 12 165 183 88 210 108 87 94 156 85 53 12 135
    185 16 167 14 37 118 122 6 110 101 201 149 100 189 113 72 173 66 139
    221 63 161 12 201 8 109 48 74 105 94 252 247 88 147 38 132 241 171
    158 135 198 1 38 241 209 238 104 225 135 174 187 137 168 125 161 139
    28 204 206 25 150 209 77 221 119 235 102 53 223 145 182 243 85 106
    82 65 217 59 151 219 10 69 204 65 138 113 20 19 0 251 120 135 103 85
    75 235 92 233 175 162 229 238 236 211 62 150 193 39 38 217 109 65 14
    143 43 112 65 158 234 61 61 74 34 125 98 27 26 191 152 43 18 182 210
    23 74 215 88 211 87 13 10 95 150 143 232 246 6 227 175 150 22 158
    146 133 95 98 102 180 157 176 242 98 107 119 90 245 71 166 255 252
    164 87 175 96 72 38 112 252 69 36 169 196 10 64 104 209 60 235 0 176
    13 60 214 9 182 215 118 69 208 200 99 27 55 156 26 215 214 209 139
    133 117 254 220 13 237 179 84 121 131 51 168 107 52 197 98 75 250
    105 80 116 71 43 192 49 58 217 129 33 187 101 152 91 169 96 206 212
    23 114 218 249 167 248 172 102 120 199 76 210 220 47 60 162 21 102
    238 79 195 149 71 101 26 0 54 180 229 123 194 132 13 85 158 105 193
    160 3 98 194 115 57 41 31 84 204 159 112 35 30 38 249 52 103 248 56
    255 193 3 1 29 240 42 123 98 124 167 154 167 217 50 211 17 161 57
    216 188 107 134 163 54 71 219 211 210 95 247 135 29 214 214 203 112
    227 45 88 135 202 249 110 3 104 207 227 184 175 173 7 32 90 238 210
    49 14 124 159 123 162 239 246 200 148 30 16 185 113 104 193 31 154
    55 54 232 19 244 79 7 201 230 93 142 206 2 121 106 206 253 143 191
    188 43 184 151 195 85 34 195 1 190 158 124 16 99 38 185 248 177 151
    109 187 227 82 177 113 77 153 152 7 238 178 113 15 77 189 146 50 77
    36 221 245 17 223 170 215 94 101 138 204 65 62 224 85 238 72 45 35 4
    99 209 184 143 254 144 145 137 217 132 162 244 251 47 135 214 35 244
    212 140 29 39 96 167 136 233 149 249 158 78 241 147 219 50 189 115
    86 19 106 235 246 244 4 186 133 192 191 171 176 208 14 202 3 128 36
    33 26 139 155 149 213 13 104 138 59 163 232 245 219 67 242 107 18
    153 15 177 210 92 233 118 212 201 99 215 162 97 110 127 188 118 205
    113 100 211 199 186 133 38 133 230 106 196 243 134 104 187 26 112
    138 26 250 24 228 14 180 86 212 57 31 167 143 36 213 137 242 91 183
    248 165 201 238 53 221 229 24 220 155 31 141 23 3 203 79 67 148 162
    51 113 32 141 149 7 64 240 16 74 244 227 172 152 24 3 199 147 97 177
    237 82 239 210 13 87 192 118 88 128 236 213 11 199 174 25 186 27 244
    10 10 176 239 239 143 239 133 29 239 67 188 87 203 35 18 152 3 2 150
    192 22 119 215 130 59 42 163 200 80 152 26 251 207 161 48 214 84 79
    234 121 222 186 52 21 90 83 46 187 185 100 193 1 202 179 139 146 189
    236 101 176 160 245 38 55 235 226 240 85 14 36 122 56 231 117 127 51
    220 62 48 80 26 195 69 148 206 68 85 70 149 165 106 199 171 27 18
    100 123 230 221 33 200 227 27 100 205 151 60 161 67 3 153 15 247 168
    20 26 128 54 15 238 219 25 118 177 49 98 91 6 175 34 176 228 232 33
    134 35 123 76 53 56 104 74 96 235 3 173 162 180 244 122 63 87 14 123
    61 70 9 82 10 178 221 162 116 30 134 232 146 36 127 111 43 100 133
    215 136 81 166 187 142 93 125 71 15 39 253 145 186 121 2 4 226 18
    131 207 233 134 237 100 238 187 4 129 126 121 77 16 15 1 33 12 168
    238 50 23 103 68 99 33 187 150 44 101 234 162 109 146 70 26 251 71
    48 144 48 192 248 69 69 139 172 69 42 109 110 212 249 232 109 209
    214 247 169 10 32 197 59 62 76 95 200 24 184 108 187 196 103 166 173
    67 148 156 65 70 231 84 42 72 9 155 118 33 240 105 200 81 179 34 79
    101 148 250 221 208 16 197 60 109 206 164 15 142 43 5 248 33 37 41 7
    181 161 152 60 240 241 251 142 8 33 58 73 2 220 170 194 182 207 65 9
    154 55 117 250 3 198 244 4 185 118 191 111 53 136 185 220 110 247 83
    168 76 151 19 86 116 82 53 111 57 95 252 244 63 244 140 61 152 12 8
    251 13 16 71 128 206 155 156 252 182 90 117 210 80 48 106 50 78 159
    154 56 125 189 186 246 40 140 57 203 137 240 140 94 234 113 79 225
    108 227 109 154 74 102 78 249 254 77 149 128 194 243 65 246 159 5 70
    137 218 146 214 201 77 221 239 181 41 68 160 175 103 239 34 5 113
    237 153 18 236 22 160 44 81 226 59 253 7 57 12 100 68 79 44 197 96 0
    35 153 185 226 86 91 115 57 25 195 217 128 19 68 209 177 46 222 31
    133 9 57 235 111 239 138 141 152 198 111 154 215 45 212 234 10 117
    175 95 221 33 75 248 54 116 52 139 118 175 13 147 244 196 106 14 197
    184 251 64 89 103 191 64 143 102 92 114 219 194 63 55 228 33 163 91
    189 241 41 23 208 65 127 14 152 96 18 144 158 108 137 207 1 210 246
    150 95 27 90 200 76 75 224 2 44 59 222 195 249 82 46 202 131 81 28
    49 30 200 236 153 27 3 165 19 189 14 142 21 154 98 207 146 151 92 8
    120 64 68 168 139 177 60 29 199 120 104 153 4 182 28 2 56 217 65 111
    102 122 103 134 169 144 93 159 163 135 133 60 48 111 82 228 140 63
    184 227 204 3 162 70 249 233 210 213 154 223 125 251 77 142 162 134
    229 139 52 176 228 213 16 252 135 15 90 137 36 137 45 192 192 136
    221 66 233 73 37 170 247 40 56 58 64 95 208 255 135 74 46 60 203 81
    235 87 206 113 35 115 53 216 88 27 150 201 198 105 193 184 39 8 171
    158 17 132 151 211 9 181 9 110 112 185 201 31 183 52 220 205 187 30
    217 146 52 208 2 51 12 240 210 63 152 95 125 245 21 170 41 23 65 1
    160 37 134 72 49 182 97 249 110 250 168 27 82 186 88 144 24 137 133
    88 29 85 29 162 13 210 9 13 230 201 4 53 239 146 130 120 157 238 38
    24 59 94 75 69 99 49 83 74 130 98 232 101 38 30 61 79 135 58 56 89
    45 82 228 182 207 44 74 152 163 69 133 226 242 81 237 1 89 251 44 80
    3 158 186 155 178 194 225 88 51 201 237 183 140 75 214 101 14 253
    101 195 222 28 11 76 131 41 182 44 61 224 37 154 185 227 144 29 106
    76 187 7 216 168 159 86 140 124 47 245 214 31 121 139 142 182 119 93
    40 235 119 246 8 197 26 250 251 252 54 75 7 207 71 144 251 175 134
    107 218 58 255 75 190 180 165 191 165 155 210 101 118 222 221 75 157
    143 121 53 152 11 126 210 170 60 171 69 83 86 26 91 27 155 101 168
    104 146 240 138 121 16 232 224 131 228 241 83 50 22 39 209 84 82 209
    128 81 90 129 104 69 135 212 73 116 39 239 153 112 145 189 220 0 202
    123 206 241 48 2 124 115 40 141 252 107 225 181 72 207 118 131 67 90
    228 135 133 21 204 59 104 35 205 233 68 29 73 39 228 14 161 197 115
    79 65 177 2 137 56 227 177 72 146 16 118 81 185 111 113 161 217 115
    40 50 21 79 86 241 104 209 194 204 71 196 54 137 204 141 19 102 173
    117 220 150 109 183 173 22 224 61 214 94 248 241 105 222 10 99 181
    208 234 112 134 51 120 76 228 68 24 100 252 61 218 105 71 43 147 74
    123 199 154 168 204 100 198 248 136 132 110 130 7 144 71 36 83 177
    178 207 106 85 41 102 64 221 35 120 241 186 199 101 14 254 231 36 45
    7 116 160 62 144 43 163 0 190 85 99 149 6 14 106 106 137 22 232 255
    52 243 175 106 251 206 224 103 252 4 13 126 222 38 47 180 120 49 189
    96 167 161 199 12 111 33 56 161 2 202 212 207 166 245 66 171 243 99
    0 163 51 38 139 43 250 243 210 239 220 202 86 87 164 190 138 238 19
    147 50 24 219 144 216 1 216 85 214 183 198 35 132 115 195 31 254 236
    123 67 55 177 204 16 87 244 128 246 242 164 58 249 65 253 171 96 47
    141 85 134 231 61 64 249 209 227 143 26 95 172 219 40 25 113 96 25
    212 2 71 126 101 206 165 143 3 46 154 216 112 38 218 219 176 206 253
    186 218 231 89 167 140 137 38 66 242 11 111 152 199 195 168 134 165
    236 23 16 188 226 162 120 181 184 234 175 121 224 31 230 123 129 107
    113 35 124 178 229 35 157 147 225 105 116 227 87 237 1 125 157 2 214
    45 229 162 58 195 224 151 22 104 131 179 14 235 19 85 43 88 51 29 53
    111 47 172 106 207 55 228 40 174 114 225 133 216 250 160 90 207 225
    70 72 197 66 235 173 218 90 148 82 97 211 58 205 66 239 253 16 58
    172 179 117 29 93 95 183 186 13 2 127 225 64 251 3 187 251 111 188
    135 137 154 201 152 184 44 250 49 158 9 130 136 101 53 37 61 19 235
    84 71 72 183 49 29 9 238 181 125 111 43 175 172 86 254 219 46 90 165
    145 118 44 252 56 3 158 81 141 75 188 74 23 195 106 59 87 110 191 46
    167 23 45 132 156 135 86 97 67 170 118 102 56 14 132 17 137 138 204
    227 102 168 67 224 167 147 196 10 19 108 89 104 83 171 103 179 80 65
    235 15 4 87 27 218 123 202 35 113 53 247 120 18 206 214 20 28 114
    208 125 166 137 94 207 255 167 199 210 204 26 156 154 101 139 15 109
    35 3 76 1 109 184 141 137 129 80 240 41 203 97 167 223 72 131 251 88
    68 128 49 165 40 254 142 95 233 64 232 243 121 211 45 102 32 113 222
    229 236 124 101 58 123 141 66 196 100 222 53 153 69 109 8 42 171 18
    35 55 223 109 110 32 194 40 38 64 189 159 113 90 19 46 238 30 113
    157 128 103 161 62 182 28 129 238 83 95 171 220 25 244 67 169 222
    219 48 4 90 46 181 222 40 252 54 96 54 251 119 171 36 201 108 152
    161 119 43 12 227 15 100 69 42 135 183 68 128 163 16 223 176 177 3
    165 168 90 123 242 114 242 60 220 113 24 85 49 125 58 39 39 151 70
    192 95 92 217 239 229 86 11 235 182 232 252 179 3 168 150 78 110 75
    34 68 138 228 201 88 67 99 76 187 12 91 245 134 227 146 95 229 169
    160 69 124 40 3 222 231 106 208 62 233 137 158 251 65 243 198 8 128
    134 214 16 3 169 103 192 184 192 121 42 221 190 36 38 186 98 210 236
    246 211 40 61 165 220 192 140 126 31 198 116 150 164 106 134 77 72
    247 191 178 49 234 5 30 221 82 49 61 148 221 120 16 222 210 43 133
    113 65 221 42 255 174 229 80 100 103 247 61 65 63 180 184 142 159
    150 176 163 126 164 172 82 159 192 24 40 9 187 193 226 142 177 254
    172 35 172 114 94 251 211 106 245 82 210 129 148 203 46 146 33 21
    222 197 147 29 185 85 106 35 184 94 131 238 25 163 98 208 86 92 94
    139 65 4 162 194 33 57 30 205 148 35 34 119 235 176 107 195 35 92
    251 236 220 216 144 200 100 187 119 61 59 249 62 116 22 195 247 157
    197 234 66 191 197 124 17 145 151 61 226 179 50 169 125 129 227 167
    20 105 204 35 42 206 88 81 151 46 63 20 242 98 135 71 248 171 189 3
    136 125 78 86 8 43 181 97 160 46 97 139 82 101 243 222 53 83 7 188
    96 189 180 215 231 44 65 163 105 150 238 58 205 10 163 235 59 108 36
    187 13 86 76 20 185 2 239 202 58 160 153 82 59 122 6 6 74 222 35 74
    58 17 107 46 30 53 3 237 42 228 15 207 148 242 6 248 213 95 75 59
    252 65 240 84 44 187 106 209 160 27 191 118 219 51 153 34 74 65 21
    247 54 38 215 193 45 37 18 109 183 70 33 193 211 29 115 130 167 209
    60 23 55 151 12 76 53 217 9 108 20 2 44 29 108 27 54 116 89 177 149
    242 80 137 6 171 158 97 72 107 248 151 78 234 146 134 231 153 233
    222 57 253 252 53 12 110 255 82 237 99 215 238 213 141 221 31 136
    181 135 19 145 52 223 201 121 110 171 174 173 82 244 73 139 116 120
    249 66 78 178 241 162 10 99 137 135 164 57 35 26 153 83 117 55 153 7
    233 109 74 219 120 181 30 37 81 229 142 16 226 56 49 243 140 38 152
    136 197 139 33 53 84 220 76 206 126 190 102 148 23 181 189 64 35 63
    2 77 136 207 229 144 210 241 96 165 220 41 126 114 178 147 160 80
    217 44 56 119 68 49 32 241 12 41 167 81 103 34 46 121 132 84 162 33
    184 11 5 57 6 51 160 112 227 81 194 239 74 16 86 255 203 221 94 220
    172 195 9 128 47 160 19 100 85 152 112 239 11 157 69 27 88 192 88 50
    66 188 243 249 58 82 99 122 82 166 85 143 167 186 134 141 45 86 137
    227 124 84 1 86 39 163 226 166 248 9 242 107 20 44 44 39 196 168 94
    62 98 225 46 153 190 216 150 192 143 73 3 215 47 254 133 8 23 135
    153 12 106 22 42 108 170 183 157 192 142 120 233 207 205 26 120 94
    176 250 30 29 242 152 19 171 50 200 180 114 32 128 174 190 14 234
    120 229 97 209 150 155 16 165 65 196 197 67 54 195 174 4 31 224 83
    96 36 52 30 103 110 16 157 199 34 249 141 136 31 118 211 61 84 243
    252 206 171 38 155 101 187 239 208 236 65 36 107 150 208 152 216 24
    207 113 155 104 10 122 30 213 93 31 73 58 207 123 137 44 4 40 182 32
    41 83 195 156 217 170 153 247 192 160 125 244 157 179 108 161 93 248
    109 144 214 240 195 254 230 117 130 218 19 115 87 199 153 84 124 40
    25 140 135 116 49 156 226 209 18 55 80 99 228 98 162 65 234 96 233
    229 75 215 211 4 50 109 240 158 133 4 155 131 162 224 168 165 197 46
    244 126 245 160 191 94 22 5 34 62 154 206 150 129 90 247 239 165 232
    165 215 212 239 192 150 234 120 146 182 71 115 65 202 150 15 167 13
    228 25 153 13 103 103 87 9 11 142 239 113 185 201 13 189 220 179 143
    2 140 69 163 198 16 180 53 166 6 147 74 211 48 62 108 183 102 141
    251 160 212 62 122 223 114 253 89 115 220 190 74 246 228 69 186 14
    123 75 63 158 13 157 54 114 109 169 133 108 7 245 81 166 72 162 234
    174 178 194 236 226 147 13 247 111 105 237 32 133 94 239 130 128 69
    144 233 32 134 251 131 113 53 15 81 79 33 14 43 246 167 122 46 3 11
    9 15 255 235 107 224 171 80 208 170 174 101 10 151 75 92 48 39 109
    20 129 44 187 128 196 108 19 105 162 62 227 190 32 238 219 21 179 21
    169 58 66 138 62 130 231 63 9 117 189 169 56 38 216 168 219 182 154
    123 24 9 98 116 249 30 29 106 176 74 64 176 25 119 155 7 87 62 50
    157 250 145 219 56 86 250 252 214 206 210 253 92 253 51 156 11 139
    201 164 25 186 210 215 6 252 37 144 223 190 181 248 249 46 147 140
    148 198 94 33 229 97 60 187 141 117 238 185 163 249 9 182 220 212 87
    3 80 33 106 75 62 39 245 178 252 254 35 205 108 55 145 124 117 152
    156 16 49 185 169 138 146 255 105 40 133 50 94 109 128 25 35 33 111
    212 201 142 127 110 124 144 170 78 79 135 52 34 119 140 26 199 227
    220 207 5 129 110 122 161 109 2 230 214 232 213 85 37 40 27 143 219
    90 237 35 126 251 18 64 64 98 216 238 151 215 84 110 187 147 117 92
    185 152 187 2 12 78 147 206 164 25 138 224 46 70 253 36 126 233 23
    19 141 93 27 168 249 18 118 214 31 43 62 144 158 40 179 33 13 161
    118 52 252 56 203 71 90 151 221 189 129 93 244 208 165 55 145 92 1
    115 108 26 127 122 184 151 72 128 116 139 147 34 1 101 163 150 210
    211 55 7 138 18 218 1 32 246 165 174 151 180 85 148 189 119 180 82
    207 133 181 36 126 149 250 103 108 129 52 245 238 81 130 192 117 209
    31 146 125 87 183 161 40 195 116 101 0 191 177 129 11 178 48 49 97
    131 58 183 72 255 169 69 95 222 194 186 205 91 138 172 163 226 117
    35 26 165 173 78 77 124 106 45 31 85 121 111 103 183 83 109 120 35
    164 251 65 246 172 178 165 18 1 100 178 85 31 110 248 251 36 83 5 95
    180 57 143 15 166 140 89 238 166 74 212 108 252 224 36 111 130 216
    254 129 27 250 115 69 206 71 244 194 191 4 91 148 143 247 113 238
    250 224 61 103 226 233 42 107 242 10 219 170 12 31 68 235 19 91 77
    114 154 38 15 23 129 77 66 225 21 77 171 145 93 35 27 26 210 92 225
    220 61 151 177 40 55 130 160 106 28 121 159 183 253 115 90 45 126 83
    182 21 24 216 101 35 23 186 129 71 255 150 4 44 211 227 170 244 173
    215 99 72 44 117 35 9 60 61 185 205 29 53 139 230 160 173 155 200 39
    153 41 164 165 140 251 186 143 63 3 169 20 197 55 189 138 109 53 121
    61 134 229 193 138 154 109 236 238 195 7 19 115 105 233 107 147 211
    166 232 21 243 39 124 216 213 86 88 202 83 164 96 153 98 50 247 249
    35 119 253 70 183 141 251 246 103 109 129 90 196 243 54 58 130 28
    106 187 69 9 157 135 238 62 112 220 99 52 204 148 188 166 92 106 234
    225 167 180 157 104 166 170 49 43 199 138 59 25 6 48 218 27 23 32 10
    49 228 105 121 29 117 66 91 57 111 194 163 87 93 33 134 89 50 156 3
    1 235 138 169 166 198 13 41 236 130 158 69 239 227 181 4 28 32 148
    105 125 116 169 115 73 135 207 53 38 80 140 206 110 49 2 18 97 138
    144 15 47 128 126 152 123 15 44 3 28 122 218 180 41 17 185 189 160
    244 84 155 209 176 69 215 37 126 41 238 43 13 67 13 60 79 62 63 188
    137 179 61 231 26 223 25 130 150 204 236 13 177 70 113 69 197 14 211
    111 235 176 198 186 176 240 114 192 107 49 0 104 22 79 18 175 4 137
    144 22 2 252 98 8 29 57 178 165 222 105 81 147 246 170 110 251 50 40
    213 143 20 95 254 84 211 142 26 2 213 164 157 58 8 15 92 43 119 233
    55 247 163 14 205 45 240 251 131 136 189 164 15 12 172 138 123 42 82
    129 246 158 194 245 3 246 4 201 21 41 99 38 35 78 220 15 108 39 169
    24 68 167 207 195 3 206 113 21 3 219 187 49 255 69 145 121 153 165
    185 95 145 120 212 246 206 84 111 79 160 236 49 134 137 163 220 20
    201 245 180 156 165 61 208 98 181 82 138 255 67 109 192 139 164 115
    15 163 173 244 51 53 172 205 88 152 30 14 237 187 53 231 213 32 202
    180 11 245 55 135 236 102 248 144 176 249 180 48 204 89 133 98 60
    199 94 83 68 144 13 112 62 100 230 80 222 198 174 105 199 215 208 6
    83 222 14 80 79 201 151 5 24 164 218 74 121 30 84 33 117 83 111 213
    175 63 188 101 167 219 4 201 231 183 226 243 198 254 192 0 10 139 74
    25 254 114 223 184 190 49 59 23 85 169 148 205 16 149 188 159 200
    237 77 33 109 223 29 79 172 158 176 88 31 62 79 189 179 121 192 177
    233 157 53 115 34 191 222 124 18 21 180 109 253 124 179 5 14 87 253
    230 1 27 137 0 21 15 10 136 238 169 233 66 3 27 85 223 32 37 101 113
    195 145 192 134 88 42 215 240 42 154 27 204 201 86 148 47 245 101
    191 18 143 54 86 93 182 125 214 3 74 236 74 179 241 149 60 212 30 8
    134 196 114 41 145 95 85 53 83 64 43 62 119 133 181 151 168 134 70
    124 56 164 73 151 18 42 173 133 113 103 43 141 128 151 34 187 129
    107 85 129 183 238 31 56 90 222 3 15 88 82 182 51 154 182 46 25 169
    29 124 94 188 0 84 205 44 93 116 43 138 223 131 7 26 150 178 39 238
    135 181 196 3 47 185 12 147 143 231 84 200 0 21 167 187 184 172 233
    222 63 58 44 138 135 52 235 181 10 81 182 75 138 238 84 200 14 13
    242 88 9 206 54 157 250 9 73 24 172 22 176 110 193 43 134 183 168 86
    254 53 248 197 193 60 30 102 132 123 37 90 246 114 189 172 93 65 208
    244 115 209 206 238 198 4 199 47 237 61 236 184 88 179 212 152 27
    175 164 79 68 45 255 159 161 82 112 63 214 78 29 211 151 91 208 136
    40 163 112 138 127 144 2 99 76 39 123 249 226 236 184 10 185 186 95
    28 94 163 223 86 24 127 143 64 216 103 231 222 217 149 245 62 66 35
    25 95 138 102 233 73 134 69 243 109 154 241 9 147 197 226 86 166 20
    21 40 78 51 234 240 190 131 13 82 246 39 218 211 78 26 21 25 104 252
    160 250 113 187 208 1 131 8 125 86 198 166 44 189 53 160 213 214 206
    217 201 125 239 80 35 243 172 70 121 20 225 176 43 163 5 122 85 216
    108 109 252 254 39 105 137 243 75 221 228 70 213 16 35 80 115 75 11
    114 110 59 161 25 74 10 241 248 14 143 117 65 36 38 195 186 63 129
    181 69 176 180 174 117 184 54 156 99 192 173 169 118 125 8 170 99
    222 109 193 71 76 138 82 21 196 241 253 174 49 123 83 126 81 25 167
    170 236 118 192 118 227 10 18 155 97 16 239 17 197 6 235 188 85 123
    171 216 205 37 130 48 131 134 66 241 136 1 229 87 84 214 245 8 33
    120 100 223 226 211 48 37 90 81 23 67 47 126 149 252 86 78 67 132 27
    174 5 190 173 49 116 31 86 101 151 179 63 145 196 238 93 43 129 204
    22 52 61 156 198 79 66 173 179 169 172 114 159 253 110 19 119 14 191
    143 45 235 47 106 102 68 73 177 175 212 98 78 183 219 23 211 213 128
    242 30 181 200 105 214 135 108 77 35 177 3 35 159 195 86 150 68 96
    31 187 173 85 249 147 33 250 230 150 229 182 93 77 123 211 19 176
    250 196 217 9 163 45 243 237 151 56 208 130 2 26 236 189 192 228 159
    142 70 239 32 107 221 160 89 40 251 45 251 82 79 174 125 0 140 60 58
    93 115 97 158 176 139 199 147 227 35 182 106 120 22 41 231 143 39 78
    26 229 226 179 100 174 165 162 71 212 245 229 105 134 227 175 53 241
    179 134 82 226 233 55 69 57 118 70 34 87 247 158 41 135 13 130 97 27
    10 229 94 227 247 13 75 188 216 74 154 245 72 201 183 164 78 253 230
    184 254 226 231 18 177 165 166 9 50 62 122 35 54 152 125 112 43 9
    118 222 143 130 210 172 148 212 160 169 237 66 128 42 102 18 181 247
    211 240 128 51 117 192 76 124 135 109 41 112 177 157 187 155 155 131
    162 86 61 101 103 93 99 110 54 248 133 227 192 43 142 130 242 19 91
    181 85 107 109 37 56 51 144 56 147 236 131 248 186 14 248 33 133 19
    70 162 42 80 245 54 147 112 71 11 9 128 203 98 90 123 157 211 217 57
    206 21 153 34 9 220 52 179 136 241 235 112 207 155 222 133 210 170
    100 158 183 174 124 25 175 85 17 23 163 30 152 81 144 188 69 140 78
    159 52 169 37 173 225 65 47 242 245 240 152 146 183 231 76 110 238
    71 206 232 94 169 103 140 47 114 111 50 190 210 58 59 250 40 118 45
    80 238 107 247 124 248 37 185 253 122 5 33 148 69 148 120 13 112 36
    172 12 230 225 112 149 140 171 168 241 230 50 76 19 44 43 154 121 63
    76 66 177 68 205 127 209 105 110 255 170 116 153 171 36 130 164 105
    148 39 4 76 54 78 85 23 226 200 148 191 157 169 189 123 120 233 106
    189 140 230 252 234 59 158 43 15 204 45 73 114 220 176 123 183 46 45
    49 21 142 207 163 56 158 232 40 72 119 231 92 41 251 142 102 15 231
    228 45 195 187 112 24 139 219 129 214 133 151 225 95 210 67 38 238
    153 36 97 151 58 162 137 155 49 91 46 252 29 91 246 70 114 31 138
    131 205 138 108 255 89 19 236 51 120 145 75 69 158 164 22 45 128 229
    159 90 125 144 56 6 159 82 186 28 131 13 100 144 31 205 58 172 200
    173 68 134 160 189 30 249 114 15 28 203 24 39 179 247 98 72 251 152
    158 156 31 215 81 135 8 208 228 127 52 2 148 240 89 134 115 9 28 158
    169 60 85 66 211 8 179 204 165 240 167 15 63 85 186 101 249 66 238
    25 133 155 33 61 190 190 84 153 0 159 28 255 244 69 75 190 77 252
    108 25 236 171 78 139 75 219 74 229 187 70 70 14 224 94 119 42 23
    242 81 57 157 129 169 242 255 90 247 60 30 118 235 97 201 239 96 62
    27 114 239 5 86 64 157 77 31 52 241 2 67 148 120 139 155 24 99 123
    80 63 199 225 21 246 154 107 137 168 83 227 130 83 129 213 225 221
    199 179 29 212 5 178 209 162 186 46 245 232 81 54 79 56 229 165 239
    140 216 183 121 16 166 196 172 189 233 222 159 125 128 37 184 6 228
    241 3 46 39 173 82 192 160 15 105 13 190 50 5 186 154 142 150 224
    106 56 80 251 57 168 210 66 217 141 3 165 35 20 50 51 127 159 95 218
    153 136 80 252 128 53 98 169 195 20 179 183 37 77 68 22 179 74 190
    206 38 210 246 137 169 112 190 38 77 6 98 32 1 27 201 118 203 107
    242 37 137 242 76 221 29 178 79 243 163 130 186 22 169 150 220 253
    217 140 130 26 237 248 36 93 23 105 189 227 45 225 5 164 72 20 58
    141 219 241 226 86 34 95 61 94 23 59 207 23 159 253 253 63 170 11 56
    66 153 24 151 15 176 209 71 144 235 124 83 146 206 14 80 242 55 90
    113 47 240 88 211 22 6 216 183 48 60 39 85 15 181 229 129 126 247 65
    81 27 22 66 37 124 84 146 234 239 127 8 207 240 66 23 71 128 236 158
    135 19 224 26 58 110 163 228 185 118 88 140 174 29 156 254 224 229
    125 183 108 226 214 99 226 1 120 10 175 92 217 152 62 37 141 104 213
    216 100 121 149 118 152 215 168 1 51 94 94 29 11 97 70 60 69 188 118
    56 88 36 224 134 227 116 56 91 106 226 15 148 143 29 185 173 29 129
    110 189 136 154 216 168 223 149 98 219 10 188 107 63 183 9 33 239 92
    56 149 7 166 254 38 231 189 147 52 158 24 223 217 214 52 26 27 102
    228 100 85 27 119 166 121 46 250 3 235 53 242 48 79 85 0 133 220 164
    232 8 198 197 244 131 36 224 104 84 73 121 152 99 116 119 173 189 20
    229 24 164 146 177 106 129 60 37 229 18 177 15 157 33 176 185 21 116
    187 202 144 66 114 6 165 20 60 22 139 230 47 13 209 119 203 131 100
    44 129 214 9 38 160 161 33 55 48 35 20 20 14 43 171 240 91 147 64
    212 126 91 72 152 174 105 10 80 39 56 196 76 110 46 152 200 174 114
    105 247 212 220 206 252 11 6 146 135 18 124 230 221 241 213 224 72
    45 200 1 193 138 19 58 92 107 165 242 73 21 240 54 112 100 223 221
    85 107 103 123 110 105 158 105 120 102 178 92 171 5 140 122 182 32
    162 86 120 166 155 232 202 107 255 210 115 181 239 28 103 62 113 176
    253 166 246 238 118 193 146 147 135 77 80 88 230 241 113 236 4 14 61
    250 2 6 19 155 126 29 56 199 107 180 251 99 162 29 31 14 188 102 127
    49 44 91 170 169 190 64 189 193 78 12 183 100 75 221 112 177 248 169
    183 89 8 66 0 72 225 207 131 64 173 53 187 228 137 170 52 97 233 162
    134 183 224 142 220 105 180 19 246 72 173 65 47 163 161 235 145 174
    172 166 175 210 110 156 237 117 127 250 38 90 154 72 1 184 39 121
    114 20 92 158 90 92 11 185 63 211 222 34 80 112 87 64 25 210 89 153
    48 131 77 228 214 171 71 66 217 22 78 197 57 167 143 255 232 19 163
    167 72 240 251 58 22 184 10 64 116 94 56 124 71 202 96 131 52 185
    239 151 162 163 46 23 133 228 77 185 41 72 160 135 214 3 243 117 46
    195 40 91 243 9 197 93 223 107 190 15 30 141 246 47 160 123 218 17
    48 109 58 203 79 231 161 248 220 129 74 140 181 142 95 81 124 124
    129 32 23 137 159 105 239 188 109 246 67 130 151 125 253 82 191 100
    243 243 157 234 242 202 1 18 107 159 158 170 49 205 163 246 100 224
    66 151 106 48 43 205 127 31 45 228 221 251 38 236 134 131 147 61 47
    50 154 134 96 73 181 0 99 178 155 179 214 12 30 9 249 143 248 32 22
    73 129 24 66 82 179 96 173 12 210 101 252 14 116 73 53 188 20 243
    144 119 221 115 24 162 11 4 24 217 102 60 101 8 205 210 238 249 174
    169 112 159 121 41 52 16 132 8 119 213 112 236 35 103 128 183 102
    106 203 1 126 109 35 109 192 129 121 250 130 169 1 30 148 159 127
    106 3 130 55 70 81 62 117 131 240 234 179 139 116 30 108 217 115 239
    4 180 183 102 238 24 250 34 163 104 150 43 153 16 95 168 56 81 13
    207 204 156 251 28 8 47 115 110 88 219 194 74 19 136 50 236 27 241
    196 241 176 75 159 253 114 171 64 141 25 230 210 29 161 71 89 26 163
    192 186 67 236 146 116 71 255 176 32 233 159 38 197 155 233 99 213
    190 76 145 93 223 25 10 154 3 45 3 173 66 216 164 141 230 226 21 24
    218 146 142 151 7 53 93 121 65 108 214 48 205 181 236 229 138 49 92
    10 183 139 174 206 214 26 238 70 159 18 196 140 63 113 197 52 54 150
    131 217 210 22 177 220 64 111 89 251 145 75 70 158 176 230 99 98 157
    92 232 88 67 121 240 150 234 194 253 249 47 112 62 32 211 73 207 125
    195 243 214 197 209 228 166 57 191 251 73 82 129 166 39 7 246 111
    123 222 111 176 152 81 63 124 65 7 135 86 60 134 143 210 19 174 48
    55 144 82 20 6 152 188 173 31 70 87 5 28 114 161 231 145 39 129 181
    140 95 165 30 206 238 222 249 41 201 120 107 121 140 231 19 232 230
    92 132 212 250 81 191 10 142 186 199 146 52 52 80 124 177 250 115
    166 81 184 149 252 245 23 121 57 177 67 57 69 41 162 180 49 13 206
    251 174 72 95 235 179 22 212 113 233 177 91 89 83 179 26 226 186 14
    120 8 8 91 106 109 103 13 138 150 182 122 6 195 78 48 122 52 248 157
    196 125 219 112 176 69 161 182 99 92 0 148 184 88 52 65 9 158 39 111
    104 130 27 133 233 54 227 25 179 219 134 157 30 84 98 224 34 137 130
    38 211 81 22 133 29 201 200 132 97 165 207 236 102 92 179 184 233
    216 122 6 54 17 33 143 251 42 133 243 252 55 99 73 119 241 175 15
    178 189 179 162 61 147 101 11 84 192 177 171 83 56 11 50 186 1 36 54
    244 65 96 215 2 57 208 114 251 147 134 202 177 253 150 246 189 224
    244 176 180 50 28 242 120 161 154 226 105 250 202 141 63 75 89 60
    219 11 151 249 197 153 230 118 233 80 252 115 209 25 201 47 131 251
    190 229 26 34 77 208 140 73 99 106 19 80 196 16 150 0 122 22 59 92
    42 148 151 44 163 27 254 219 116 255 247 188 242 121 90 92 16 99 126
    194 193 146 189 179 218 246 65 39 224 25 252 168 79 66 12 156 145 52
    110 83 74 164 163 223 54 116 10 116 14 83 129 85 152 132 36 203 77
    106 6 67 9 155 76 159 215 88 40 249 17 69 81 21 13 13 174 171 170
    139 183 230 136 81 127 179 10 183 179 239 38 205 83 70 196 40 103 92
    58 252 57 173 228 24 175 204 137 53 142 93 190 96 117 81 122 47 122
    204 226 233 37 107 255 135 212 29 82 47 141 66 203 213 235 100 67 27
    98 170 207 109 186 151 142 145 233 56 129 197 125 129 139 246 57 124
    207 73 98 22 64 216 201 12 218 244 247 219 160 146 108 249 145 70
    160 165 236 196 26 59 26 60 227 95 61 248 212 210 159 41 80 36 171
    161 205 217 164 54 151 105 212 134 49 40 71 226 163 173 32 58 91 199
    246 102 76 7 127 228 168 60 85 220 74 249 180 28 223 123 88 250 218
    128 19 159 36 11 1 154 147 163 119 163 95 97 114 229 219 234 4 207
    204 123 104 207 201 191 232 97 188 203 217 136 75 97 129 52 215 173
    215 51 206 69 122 177 150 42 189 39 60 17 224 43 135 248 183 225 21
    216 16 18 46 172 69 152 67 78 37 229 120 42 223 30 86 241 224 19 94
    133 55 150 131 101 39 76 24 155 179 170 111 92 191 212 210 203 17 61
    38 59 128 171 241 93 116 227 158 142 125 31 208 184 129 206 94 22 67
    85 134 6 168 159 102 45 190 244 107 134 232 177 165 118 186 136 183
    192 74 42 223 201 17 201 41 3 167 154 84 255 208 226 70 139 139 122
    68 35 124 178 84 51 14 255 11 241 39 35 83 148 208 194 47 74 6 80 57
    95 106 21 154 171 155 237 185 155 27 251 178 67 61 237 192 102 225 1
    241 90 216 108 39 147 192 198 249 95 147 164 144 207 225 2 138 80 30
    164 39 251 21 167 127 229 186 60 81 190 84 202 250 217 187 53 68 99
    92 87 215 117 214 165 24 225 146 6 8 229 129 84 16 245 252 171 40
    133 137 171 193 78 125 13 190 104 48 252 197 76 60 118 164 133 19
    161 92 85 117 13 46 181 110 164 146 221 194 111 20 20 174 79 159 247
    220 43 84 135 201 111 131 177 105 37 15 129 106 89 9 127 10 29 46
    194 117 131 174 187 44 34 191 63 160 225 129 38 14 162 132 127 251
    25 163 220 196 36 216 185 82 222 217 154 233 204 225 39 0 131 144
    156 129 188 250 99 20 3 67 210 199 130 174 163 151 11 66 164 220 110
    242 181 159 15 196 227 168 1 68 72 16 93 130 36 237 152 24 132 158
    244 211 9 122 49 219 28 180 224 63 75 17 224 171 108 45 215 132 155
    41 56 219 103 233 62 46 246 162 165 47 24 229 223 129 0 125 115 119
    71 240 202 148 128 76 39 168 70 237 231 39 146 11 27 23 20 121 40
    204 149 98 187 226 14 59 22 179 225 99 4 140 193 202 212 100 140 122
    254 159 67 9 144 211 219 105 216 193 210 190 112 69 1 80 218 113 130
    237 12 203 90 59 192 191 86 236 130 100 89 49 158 193 136 16 162 123
    244 109 242 13 67 68 237 50 49 226 173 128 34 63 181 152 6 237 164 4
    20 249 169 174 200 98 99 62 130 28 173 151 94 29 71 15 146 193 89
    246 144 178 27 119 138 156 118 189 69 206 161 238 212 142 203 55 63
    102 195 83 130 94 200 61 159 255 151 105 250 224 212 19 168 220 60
    13 146 185 72 46 144 242 94 22 51 19 213 245 254 253 253 55 16 111
    10 233 217 113 151 46 203 44 84 129 132 128 191 117 76 162 19 166 38
    103 106 23 203 221 113 227 25 11 226 62 218 185 212 174 57 29 207 65
    66 141 244 188 81 250 60 231 74 204 89 102 218 236 244 143 30 228 15
    52 151 109 209 236 240 245 52 176 178 240 226 72 105 44 159 242 82
    60 233 244 66 87 228 246 41 133 102 73 216 100 1 240 16 246 98 66
    131 147 178 211 135 186 162 201 5 232 255 74 243 144 123 153 65 29
    105 36 191 252 63 210 193 148 141 83 121 126 111 99 0 148 16 169 109
    105 78 208 30 49 154 163 48 15 102 245 178 9 82 233 184 216 185 151
    9 222 154 67 188 194 66 119 181 19 189 199 73 248 50 145 191 141 169
    245 180 186 62 161 29 252 43 207 210 193 182 217 105 176 171 25 18
    115 227 90 201 34 181 92 118 239 32 75 192 106 212 67 166 237 174 89
    106 13 93 180 27 47 224 91 186 21 133 183 157 180 119 132 238 34 31
    180 249 42 192 188 233 187 17 42 12 88 188 45 38 173 39 19 211 61 54
    176 39 49 135 141 239 45 195 90 250 58 114 101 105 137 206 46 152
    192 107 158 253 249 123 174 67 55 103 249 206 95 23 211 120 38 130
    94 235 209 48 138 10 144 144 243 57 1 209 19 146 113 218 10 254 70
    153 92 230 77 121 119 77 103 66 233 139 232 88 66 22 236 205 189 175
    73 24 182 166 9 145 227 74 48 212 218 248 90 217 9 89 51 231 231 231
    108 87 92 97 251 65 224 135 227 52 117 203 138 190 167 181 46 187
    126 80 241 148 207 119 19 184 18 98 119 76 198 58 133 108 180 115
    207 83 189 16 97 194 242 118 12 169 193 100 136 222 60 129 183 215
    155 123 180 41 222 243 45 209 247 139 45 137 188 239 0 94 22 69 59
    51 179 99 154 151 83 56 81 195 120 102 100 225 205 115 123 214 46
    223 158 16 87 53 210 98 34 192 93 159 246 194 40 19 119 7 17 104 246
    138 106 215 74 211 90 133 17 108 92 213 75 205 230 164 232 98 195
    174 137 0 226 25 221 141 56 236 200 90 142 51 140 42 244 12 101 121
    112 56 67 139 193 119 187 72 162 234 44 78 157 110 227 96 187 231 26
    89 234 174 163 111 185 115 7 187 37 70 212 78 190 147 227 251 28 104
    57 145 172 186 167 146 227 96 229 180 184 94 129 19 123 219 97 9 243
    75 226 115 211 15 28 44 87 34 132 80 179 23 160 36 237 22 140 226
    200 180 45 102 36 54 154 195 81 157 231 220 60 75 127 31 53 55 12
    239 119 196 105 28 158 183 51 140 133 197 118 213 10 247 181 64 141
    110 26 48 165 37 60 37 168 203 40 1 61 105 205 212 41 130 219 190
    109 159 91 230 53 73 34 251 46 39 19 77 80 183 191 146 157 188 206
    198 171 36 245 199 48 16 160 11 22 48 58 152 110 83 142 163 23 220
    130 25 6 222 124 170 133 20 244 126 247 105 134 227 181 139 31 181
    211 0 112 220 107 9 66 56 211 212 80 139 98 208 240 177 202 214 52
    211 221 218 99 231 108 127 188 104 86 197 153 216 181 129 12 51 225
    168 59 234 69 93 131 241 152 30 82 235 14 9 165 164 111 150 150 239
    107 114 8 197 169 13 62 175 192 219 92 171 205 86 203 88 10 14 34
    181 223 98 83 185 196 240 4 137 168 222 63 23 8 97 208 171 185 131
    45 3 250 24 219 2 206 136 210 47 68 247 151 134 127 192 170 238 247
    44 226 68 124 201 114 104 183 252 182 112 254 179 50 9 97 111 101
    192 49 66 211 39 53 112 122 189 151 101 214 219 8 228 143 127 138 33
    244 83 15 168 42 29 163 167 194 215 244 32 212 249 77 164 77 24 202
    141 200 242 145 227 241 182 77 93 145 20 197 12 29 68 208 152 127
    245 254 105 81 76 86 195 189 138 154 167 31 122 159 73 125 248 156
    68 235 196 97 232 19 160 86 67 120 218 78 207 33 136 101 220 137 204
    194 32 123 230 36 128 144 100 156 70 143 23 179 248 207 53 197 145
    50 58 159 172 2 192 98 161 108 68 255 85 247 15 130 38 6 186 110 86
    155 30 21 239 243 205 158 133 213 172 125 160 156 12 189 64 139 78
    72 121 55 254 46 238 243 70 74 199 121 62 28 71 215 136 75 12 98 117
    188 234 188 179 203 235 63 106 91 59 239 59 209 189 185 5 186 213 54
    118 19 162 30 161 4 18 47 225 9 210 7 235 129 10 28 119 93 17 209
    240 202 76 69 19 84 71 163 12 47 45 82 163 1 63 129 219 55 229 8 166
    233 199 97 114 148 164 121 211 194 181 188 156 195 83 121 145 198 77
    28 183 4 42 250 153 78 242 145 170 226 25 234 224 119 7 45 69 89 201
    8 22 142 8 49 74 74 55 137 156 242 165 229 192 87 193 126 54 77 110
    47 189 149 95 77 173 137 37 28 70 9 80 98 60 196 59 254 14 191 82
    213 182 185 24 224 22 158 111 35 141 31 56 157 213 169 116 86 133 77
    28 58 225 226 166 118 85 174 250 49 21 187 47 151 187 166 216 239
    198 128 145 233 92 222 202 205 131 13 13 57 18 172 136 73 20 116 162
    185 142 224 118 75 203 6 113 114 235 157 45 203 217 224 168 135 74
    51 250 237 193 207 94 224 221 14 80 109 8 115 214 212 180 53 213 183
    149 39 201 7 112 59 25 224 60 110 21 171 212 112 139 18 137 131 39
    112 37 203 27 210 251 74 130 55 186 241 153 245 113 86 24 3 125 5 90
    52 208 229 102 80 217 149 216 47 137 92 199 6 84 66 175 8 156 226
    189 214 214 28 221 190 177 1 177 47 27 250 53 236 180 126 184 252
    252 85 143 171 195 29 239 95 144 232 51 25 107 43 110 39 0 154 221
    148 109 129 114 143 146 190 180 228 194 89 202 181 39 65 35 63 155
    170 116 154 70 100 231 135 121 64 210 221 99 31 182 146 226 29 184
    161 208 82 162 93 243 19 96 236 227 47 17 15 73 66 69 210 77 51 234
    21 157 240 214 112 242 107 85 235 24 247 14 168 147 244 64 77 209
    130 67 94 248 252 146 190 127 135 2 38 237 252 141 143 217 100 138
    127 250 243 3 21 221 219 180 15 23 22 219 213 121 218 253 218 198
    132 143 132 147 230 9 255 248 181 70 113 41 193 122 196 28 243 109
    212 131 241 139 233 85 174 185 87 198 19 16 93 65 241 17 221 167 45
    61 68 46 124 132 45 123 205 176 100 81 53 199 51 176 157 249 7 149 6
    65 88 24 171 124 150 117 207 133 199 55 98 45 130 62 35 197 215 25
    141 210 228 27 149 45 31 22 229 250 143 150 85 10 117 59 14 9 125 10
    93 223 124 199 59 106 80 47 152 84 48 0 242 179 227 241 94 123 56 58
    156 166 156 116 8 248 101 123 97 105 243 123 231 246 202 87 247 120
    116 238 191 154 63 189 143 200 144 1 94 156 236 167 51 27 93 156 170
    148 139 217 101 118 104 87 122 196 173 157 252 177 141 58 242 200 72
    155 102 51 227 82 163 105 111 38 36 201 177 205 7 58 220 78 117 34
    59 22 126 118 230 219 116 37 100 5 28 8 47 93 28 127 23 248 146 109
    83 137 154 238 35 248 210 178 189 3 49 114 222 227 71 27 137 130 75
    112 88 122 153 136 235 195 219 120 81 9 165 24 205 130 46 1 47 94
    191 232 115 52 156 207 222 137 98 182 62 247 30 2 203 64 241 167 227
    142 126 119 250 169 235 80 144 130 86 196 151 31 199 15 161 12 140
    107 0 144 70 127 78 237 187 26 39 78 186 41 1 207 5 203 189 73 253
    62 228 221 203 107 11 207 246 196 66 135 242 39 23 172 5 82 18 117
    43 46 139 86 240 42 102 170 213 191 148 143 251 7 167 84 204 7 157
    144 142 247 112 61 177 131 83 30 78 62 84 151 232 2 253 127 178 233
    216 225 140 194 195 35 158 203 87 117 167 141 188 215 199 56 8 110
    221 64 116 12 59 53 182 234 145 153 76 239 223 179 170 30 233 184 40
    106 58 74 45 60 125 16 177 184 55 194 104 17 38 30 213 247 37 171 55
    101 250 208 202 97 108 213 105 64 105 203 19 246 209 6 189 73 74 50
    20 15 139 245 243 189 243 164 80 231 226 200 240 240 245 164 4 199
    165 27 233 107 99 170 100 195 195 123 212 206 11 37 160 90 162 193
    218 6 176 202 44 204 241 152 23 180 199 30 94 10 107 156 48 215 43
    60 198 100 108 90 68 224 71 74 240 115 244 26 15 93 122 230 124 236
    152 219 69 204 112 233 97 46 84 175 191 101 119 171 240 204 8 155
    169 240 238 10 72 171 84 92 252 182 221 74 84 124 249 43 19 170 24
    116 152 145 13 128 174 27 210 196 184 56 232 204 218 165 37 195 226
    123 245 245 66 7 90 180 40 133 19 132 134 138 253 232 33 216 134 141
    4 131 231 182 120 86 239 83 88 89 175 14 148 41 115 240 42 93 61 151
    72 251 237 41 174 141 217 212 3 192 196 8 65 30 21 101 93 23 6 144
    62 93 46 53 70 46 202 143 12 246 150 52 174 183 111 39 167 186 54
    181 54 221 168 27 129 105 40 210 152 113 242 223 100 103 153 129 65
    7 192 141 151 30 250 10 6 183 55 128 171 125 19 115 76 194 198 25 7
    91 50 191 98 49 227 56 95 243 126 229 120 108 158 50 123 115 54 14
    117 21 36 97 87 90 72 109 165 46 95 33 12 200 85 217 253 236 6 165
    222 2 239 92 206 136 27 116 153 143 203 195 51 51 186 93 242 102 125
    106 35 50 39 200 39 88 204 159 44 14 195 127 58 24 227 35 109 248
    103 219 127 189 193 164 23 144 221 218 228 0 206 152 177 9 189 142
    151 58 222 28 8 40 234 78 238 22 151 88 59 80 221 100 249 64 25 195
    239 51 51 250 248 57 23 160 101 185 250 178 193 112 150 6 22 63 137
    212 169 87 143 61 183 92 48 239 41 127 121 96 219 229 244 171 247 65
    231 130 29 235 19 182 151 215 198 67 2 50 221 145 22 35 50 189 43 71
    99 71 52 211 114 17 7 54 47 181 226 95 97 122 225 189 50 168 252 15
    117 90 89 225 223 127 196 5 131 151 135 145 149 93 184 85 68 170 46
    146 217 198 134 219 117 22 82 103 77 11 144 123 240 82 35 76 147 48
    86 3 61 209 40 28 241 21 194 123 13 146 174 221 103 101 130 44 60
    204 159 189 227 133 38 194 103 197 6 14 82 239 56 67 136 23 142 7 44
    80 78 10 104 171 55 18 253 84 12 54 174 153 70 245 18 159 107 120
    216 76 255 213 156 155 158 180 39 183 71 159 46 156 96 126 127 205
    242 229 237 5 194 245 11 9 46 142 255 106 81 43 15 152 47 20 9 87 92
    79 46 252 13 6 138 190 88 145 121 219 251 152 97 83 111 39 146 162
    208 168 33 108 48 223 110 230 135 169 79 182 235 74 89 21 24 247 139
    61 211 83 55 140 223 179 47 36 199 148 69 176 195 240 80 83 16 222
    48 97 4 231 131 40 232 249 184 175 254 74 64 205 133 220 107 16 19
    39 66 62 69 110 75 25 234 125 241 95 80 191 61 232 166 28 31 229 220
    162 90 185 165 79 216 92 59 158 152 108 157 137 180 181 253 211 54
    73 236 1 150 3 103 149 173 134 48 224 97 243 109 211 238 137 175 125
    237 74 203 25 180 192 30 34 160 118 8 31 179 191 170 206 255 151 242
    205 164 34 107 20 8 200 166 104 35 192 163 163 173 133 203 77 127 70
    231 218 164 74 253 169 77 150 100 170 106 29 216 199 107 198 34 244
    44 249 54 58 242 226 19 103 228 30 140 57 136 42 124 77 252 62 146
    122 148 98 57 67 53 28 165 234 178 213 150 142 176 59 224 208 45 210
    108 154 146 142 39 57 214 175 91 163 82 25 171 163 78 248 16 217 0
    36 152 84 179 151 91 210 9 123 83 178 59 26 11 11 8 222 5 3 187 65
    197 209 2 81 19 210 115 248 253 87 255 231 3 255 48 127 243 237 61
    117 205 57 148 249 30 143 72 85 51 149 149 158 125 245 202 124 149
    26 104 120 221 44 7 82 150 225 198 145 210 20 119 190 20 201 190 154
    241 27 213 103 7 110 127 102 245 41 240 136 44 54 75 72 114 178 129
    98 105 209 59 161 255 209 174 14 237 175 36 128 101 132 7 35 250 127
    156 47 109 162 24 50 43 229 196 58 121 217 121 174 236 148 160 229
    97 83 34 1 106 48 33 173 205 106 52 52 14 120 175 215 27 207 89 150
    251 235 101 139 181 131 206 168 176 100 184 189 152 218 37 163 65
    237 100 198 188 120 229 192 198 80 78 221 203 201 19 90 18 13 95 83
    233 241 139 2 105 71 52 201 224 152 247 96 162 15 7 236 223 32 56 26
    232 205 169 190 221 160 199 162 167 116 72 246 118 213 227 190 186
    36 80 87 250 87 55 90 217 95 96 24 58 157 183 94 68 248 226 173 204
    82 117 229 154 14 109 254 222 152 80 195 22 120 158 113 89 163 113
    83 196 114 176 13 38 7 109 52 98 76 166 213 221 123 253 150 53 78 94
    79 220 127 99 187 69 21 112 176 138 77 76 6 215 169 5 49 187 65 235
    52 50 130 42 144 255 109 161 191 82 201 101 143 160 104 214 171 206
    18 68 235 165 167 66 91 111 142 46 85 116 168 182 66 237 161 109 101
    53 114 235 13 40 71 195 109 135 200 124 30 186 100 21 254 7 76 32 74
    106 80 198 214 107 198 207 214 249 108 115 10 47 5 60 229 218 200 12
    3 254 13 29 140 211 233 2 58 39 146 85 223 51 250 182 200 9 177 6
    109 106 90 147 228 120 0 136 67 248 196 173 118 189 18 122 208 223
    139 156 129 143 148 63 216 193 217 207 157 195 71 134 235 197 164 4
    75 97 5 198 2 148 203 110 67 204 180 42 247 137 251 45 139 161 96
    119 198 32 11 158 49 5 153 206 139 16 77 151 11 203 244 56 245 77
    130 22 140 9 195 3 196 81 151 161 91 221 105 215 132 112 212 152 252
    85 47 129 64 116 81 55 109 34 41 194 82 26 99 196 202 169 130 165
    193 97 234 53 54 4 244 101 89 116 187 230 12 153 21 190 147 88 186
    240 220 75 9 100 100 43 71 53 99 36 45 137 7 216 220 224 179 215 233
    166 156 68 167 74 45 223 80 62 69 165 238 129 232 233 164 29 42 55
    253 188 74 127 78 174 194 175 196 228 164 23 108 217 148 135 144 218
    102 20 86 254 115 95 76 226 213 144 212 59 34 12 45 98 24 92 214 103
    194 211 24 61 184 170 75 110 19 1 129 16 107 0 22 159 90 116 91 139
    225 13 252 59 237 167 184 186 240 61 165 217 187 89 137 218 44 202
    35 183 254 20 84 51 112 16 129 113 67 30 188 21 55 58 155 97 43 42
    48 136 9 210 107 89 190 16 183 28 6 185 24 112 157 0 215 100 211 113
    249 192 194 75 121 205 227 105 232 62 154 77 36 20 33 80 84 89 49 12
    239 219 216 56 188 215 41 201 195 73 116 120 187 162 32 127 251 38 8
    63 170 174 112 216 203 17 232 240 153 243 201 2 135 38 91 73 10 11
    99 99 134 195 187 221 192 3 77 148 231 49 186 86 252 155 58 4 144
    101 186 171 203 122 24 77 160 100 237 0 15 156 82 229 216 25 43 216
    170 89 54 151 234 133 65 127 225 208 144 134 224 39 53 29 205 202 28
    5 5 237 82 242 184 89 22 186 244 254 213 40 44 45 245 190 137 60 229
    249 54 36 65 192 216 62 42 223 237 177 138 127 223 200 244 215 141 6
    205 11 228 99 168 197 70 157 194 87 105 72 82 244 78 178 40 60 247
    85 169 116 172 50 251 180 205 108 221 191 238 175 172 45 107 236 103
    38 200 54 28 179 70 171 191 72 10 113 162 154 160 249 16 164 142 71
    134 253 5 199 245 159 164 144 164 19 148 198 214 123 0 71 167 54 35
    128 20 196 117 31 247 59 155 226 192 188 139 10 118 29 114 194 238
    195 29 84 37 99 15 80 31 216 157 163 4 41 2 244 170 146 151 244 78
    251 23 224 14 97 128 92 153 236 76 142 97 174 218 25 250 19 215 255
    131 181 184 94 96 116 189 172 177 15 226 2 27 94 247 132 1 212 126
    46 133 58 32 130 198 24 181 247 178 250 144 28 90 102 159 64 28 83
    168 166 121 126 69 109 35 16 3 30 68 139 239 165 167 34 13 97 149 20
    236 206 43 46 246 39 197 94 181 144 119 68 247 27 19 58 191 100 189
    20 185 176 173 24 117 14 196 235 15 47 249 5 13 242 63 154 187 91 24
    240 51 10 6 29 189 42 142 75 251 203 188 166 108 119 75 42 203 156
    101 123 142 53 147 132 47 255 16 81 60 148 121 146 25 136 115 166 42
    8 86 114 80 178 67 16 113 142 41 161 27 223 73 243 158 81 23 190 155
    23 71 131 103 133 98 78 45 107 22 69 144 112 104 162 178 232 10 50
    136 80 181 125 200 178 56 201 20 26 121 2 199 128 221 123 204 234
    210 250 38 80 91 61 227 65 36 50 185 2 66 85 96 48 200 239 157 18
    212 2 7 191 163 180 151 80 188 46 35 230 217 114 221 134 113 120 162
    66 89 83 131 13 235 144 225 75 120 27 202 144 241 200 161 28 199 176
    189 38 84 174 130 67 52 166 194 152 48 234 35 198 226 25 234 86 49
    67 233 251 57 225 111 97 46 48 199 171 54 46 56 135 66 47 238 87 124
    70 242 159 66 56 129 190 92 7 38 205 152 55 181 96 203 150 235 144
    204 228 64 230 23 240 191 145 152 38 73 40 38 81 134 41 118 180 11
    128 87 21 141 104 163 133 87 169 53 209 152 166 149 98 33 19 141 195
    165 228 160 62 89 211 240 132 205 11 198 202 114 244 169 130 18 179
    219 48 227 243 247 222 79 62 62 181 161 101 47 220 22 104 135 152 41
    2 121 21 197 225 143 118 224 139 59 194 189 212 131 124 175 45 72 7
    139 0 76 113 68 128 114 162 183 252 172 126 110 201 12 239 177 90 78
    229 173 145 128 243 156 70 75 139 16 238 195 249 113 230 186 35 226
    89 109 204 227 208 75 119 240 126 215 16 140 193 64 47 253 161 41 53
    153 153 90 80 183 169 36 101 84 16 5 123 216 174 67 138 24 186 181
    81 119 90 12 10 67 213 252 5 47 178 148 111 248 140 22 68 16 23 161
    190 20 203 44 45 132 236 15 41 100 221 96 3 214 233 211 26 250 144
    165 222 210 70 18 177 135 127 175 177 226 188 26 165 77 201 2 226
    113 108 2 170 140 152 1 151 228 138 94 83 128 136 242 113 18 16 155
    38 181 193 50 76 188 86 223 195 247 32 108 199 105 170 178 189 204
    99 26 234 105 215 199 64 216 140 246 109 92 171 18 204 64 88 69 231
    12 208 122 87 128 53 121 156 157 57 193 123 83 33 51 108 124 58 81
    19 146 143 58 24 211 138 120 111 28 192 208 161 94 181 110 223 192
    186 130 217 226 29 62 219 16 17 134 179 174 80 96 99 198 196 222 57
    11 43 228 5 68 18 98 239 200 129 87 171 64 177 245 32 13 223 11 146
    111 234 225 231 214 190 108 51 198 123 146 55 68 124 46 73 28 209
    126 128 58 38 173 236 194 151 108 73 201 74 46 11 0 8 101 189 42 237
    225 122 134 70 137 240 32 222 197 29 105 152 193 65 128 157 54 198
    186 122 78 223 247 181 130 54 63 242 205 149 255 242 22 89 70 181
    227 192 64 113 157 90 197 134 190 6 54 104 233 75 42 50 63 54 103 28
    209 224 40 152 26 160 131 167 187 149 1 156 154 39 109 88 208 67 194
    48 144 185 191 141 253 51 248 7 171 179 132 184 53 145 121 109 42
    105 224 16 149 57 238 108 116 114 155 245 20 21 131 169 238 245 92
    206 142 154 175 188 129 26 176 168 250 193 216 229 10 160 149 93 146
    3 21 118 197 184 225 104 2 255 65 38 51 95 100 27 19 217 98 221 67
    216 11 206 225 238 67 152 236 213 53 193 66 34 144 54 248 197 62 245
    142 121 63 117 55 50 64 136 227 192 40 59 6 63 44 246 2 233 241 69
    66 177 196 126 230 29 77 215 38 12 27 226 184 47 227 232 22 53 222
    205 24 85 117 59 178 215 7 171 68 166 46 117 181 188 180 14 245 146
    54 178 140 55 132 161 53 78 234 104 232 160 16 233 19 247 180 71 225
    208 76 224 107 60 175 28 54 177 12 67 221 170 33 143 94 9 204 1 219
    197 133 226 137 134 96 111 148 234 44 93 245 123 229 136 235 43 140
    75 179 205 10 36 67 193 71 230 125 217 250 88 218 93 249 248 93 3
    248 199 61 81 79 150 10 138 112 99 195 80 255 161 130 53 159 56 210
    207 254 127 32 149 232 85 205 189 191 123 242 70 165 156 98 191 114
    102 213 69 131 1 153 160 229 189 132 252 49 247 181 97 60 185 161
    113 101 233 119 15 39 251 252 175 30 227 154 90 209 31 236 14 91 140
    210 137 66 29 94 143 174 194 225 167 196 144 243 224 194 185 135 29
    202 238 4 37 172 61 226 234 148 222 233 155 18 66 103 146 51 181 52
    240 12 21 167 81 232 255 140 132 41 203 190 189 125 52 165 105 14 52
    131 190 236 165 37 244 163 5 117 70 211 45 158 57 195 50 38 95 58
    229 251 26 167 242 6 109 4 196 95 139 29 238 64 1 131 204 232 96 65
    220 162 13 113 66 130 13 36 113 208 197 13 224 218 26 240 175 55 44
    174 94 81 41 12 226 125 28 51 135 90 52 250 1 0 215 69 107 14 70 202
    29 132 94 118 152 83 17 140 250 234 49 113 51 83 43 69 180 91 47 196
    13 74 175 46 230 95 237 43 236 15 59 26 136 184 35 147 107 131 169
    210 168 140 117 86 23 215 156 255 137 148 206 45 53 3 25 235 134 22
    174 41 115 36 119 50 72 221 119 148 247 102 233 140 243 107 177 242
    49 48 31 153 11 205 65 74 8 100 14 11 223 33 57 165 111 61 238 244
    32 149 153 249 38 164 14 197 79 177 113 131 242 115 138 3 14 205 67
    38 80 109 211 192 66 93 83 215 26 187 140 68 46 112 14 38 53 122 189
    127 5 174 155 211 161 234 122 159 12 163 91 70 183 146 60 138 223
    177 93 122 58 24 96 87 250 112 14 48 176 209 129 200 119 36 19 82 77
    218 145 159 204 43 168 67 19 104 114 175 187 20 0 95 40 102 44 170
    107 15 53 17 232 32 99 73 183 170 96 29 208 163 254 25 169 193 248
    105 4 10 104 208 250 40 175 29 179 171 78 245 71 247 78 199 94 17 16
    227 195 224 191 44 62 250 150 7 178 182 82 127 119 28 12 99 63 201
    59 82 86 123 182 67 216 90 187 48 6 160 68 56 51 35 76 29 172 130
    179 222 227 161 72 3 202 38 67 206 221 206 132 69 136 171 150 219 74
    42 26 18 24 154 134 192 89 33 79 208 92 201 149 228 246 173 92 82
    249 161 24 12 237 203 190 99 233 121 94 129 50 102 230 175 90 226 70
    12 69 102 6 115 43 99 175 6 212 46 83 149 25 96 3 237 148 250 63 255
    102 250 168 166 58 104 14 66 231 118 193 158 24 74 113 79 39 231 238
    255 234 135 91 90 224 155 231 7 231 193 18 148 21 60 59 145 144 77
    78 69 152 15 83 32 41 104 227 187 167 100 153 193 20 86 54 37 240
    161 17 194 136 253 117 228 155 161 80 110 22 32 85 72 240 47 31 95
    100 15 246 88 210 9 106 167 21 254 226 188 50 57 163 170 8 61 247 3
    232 217 178 46 145 185 49 97 215 37 172 86 1 220 132 235 151 53 144
    4 215 130 231 78 146 22 250 27 244 39 241 24 196 30 12 140 91 203
    202 178 133 141 195 35 70 176 121 94 203 64 212 19 49 80 235 208 150
    156 125 112 71 208 247 155 230 33 200 99 20 245 197 9 122 228 48 0
    175 75 196 93 71 11 48 187 172 70 163 205 226 42 142 230 7 42 42 65
    0 41 50 217 77 149 1 56 25 251 93 245 171 224 60 39 252 179 71 243
    167 44 120 204 165 6 249 38 98 29 46 20 161 240 18 240 232 84 252
    246 181 211 150 200 249 221 207 138 138 190 192 105 73 141 200 197
    200 167 252 43 142 39 196 54 72 28 143 117 151 136 90 218 254 121
    132 225 255 194 153 243 253 103 219 217 222 44 69 247 176 24 242 86
    7 68 25 136 104 108 84 240 213 160 202 250 23 242 148 253 152 190 75
    80 57 78 249 138 146 91 225 156 153 246 232 198 214 245 62 92 137 75
    20 132 176 195 43 170 36 18 199 171 142 30 8 205 173 232 17 144 173
    159 19 47 79 41 204 220 208 212 10 116 206 51 5 110 197 233 117 15
    186 152 45 254 186 243 155 100 198 142 153 94 38 35 128 104 47 64
    175 116 217 176 145 13 237 125 162 13 175 17 135 1 23 40 103 58 220
    175 172 83 105 87 135 172 85 7 18 160 13 253 194 6 250 2 230 36 131
    93 55 86 225 69 88 214 91 185 114 0 230 4 105 247 244 98 8 76 214 56
    143 224 179 237 247 190 44 219 106 23 227 10 242 133 140 134 60 130
    102 10 189 188 155 187 204 87 171 34 183 164 198 142 200 198 28 88
    128 229 170 199 189 40 95 179 3 173 154 174 101 132 160 204 42 78
    164 39 145 118 105 201 40 177 24 115 76 109 161 39 50 20 227 238 228
    81 106 180 197 128 149 24 254 225 17 254 248 248 112 156 79 221 25
    72 154 95 189 103 171 50 47 70 8 64 30 131 42 178 248 151 215 248 24
    36 254 106 124 41 25 137 191 67 75 211 225 212 22 149 175 142 123
    207 92 72 165 24 127 121 71 153 69 20 238 166 72 171 193 0 159 129
    101 117 24 91 244 197 231 61 133 87 253 123 243 181 128 110 151 52
    109 190 150 127 235 79 90 239 28 160 253 20 87 214 209 85 11 234 217
    155 233 236 242 239 192 13 148 237 158 136 8 212 215 176 110 42 225
    209 59 17 195 242 4 150 83 28 198 124 172 36 152 110 47 195 114 71
    151 146 198 39 222 252 227 248 239 241 229 84 178 93 182 64 195 70
    125 222 76 221 255 179 108 124 7 232 52 16 137 226 44 114 107 24 202
    88 218 21 99 184 65 236 17 108 109 2 221 245 89 94 49 172 85 21 188
    47 125 42 126 216 77 6 105 250 248 217 108 92 132 42 103 139 220 10
    149 7 26 246 87 66 38 238 91 99 53 163 95 26 215 135 62 230 62 161
    117 252 122 220 122 247 150 65 230 148 109 222 65 64 17 197 205 224
    53 254 189 144 150 109 196 225 224 46 83 156 152 165 110 170 76 138
    91 10 142 46 8 28 15 250 79 81 139 111 179 71 208 184 51 155 20 61
    53 81 151 167 31 193 150 159 244 157 183 185 117 22 15 29 160 252 40
    139 246 141 217 144 67 215 225 144 184 240 4 109 90 55 15 53 27 191
    221 45 243 200 169 238 240 254 158 3 41 88 76 197 26 57 173 168 137
    24 146 144 142 131 122 138 51 97 204 69 41 126 104 157 16 15 165 150
    116 250 217 132 6 216 255 16 231 209 214 20 214 150 229 99 161 234
    43 51 143 147 241 17 125 71 80 41 57 154 241 105 56 17 43 230 8 157
    219 136 163 240 120 138 124 18 156 210 75 31 10 200 185 145 47 226
    108 146 184 17 154 146 191 149 36 121 66 68 129 81 132 160 41 94 160
    185 56 118 108 196 175 151 189 169 11 79 155 141 179 9 241 87 146 30
    137 250 112 239 98 27 169 136 248 179 128 81 180 152 45 3 149 111 42
    5 52 240 142 109 145 225 71 16 236 123 246 211 185 197 106 200 239
    135 180 204 177 203 200 141 57 251 173 143 210 123 119 121 250 42
    143 103 29 47 134 162 16 100 5 82 42 84 114 7 163 15 227 54 235 62
    64 188 112 228 229 139 247 21 111 204 165 185 71 41 39 75 113 167
    253 184 29 201 88 71 85 154 196 104 154 147 119 183 112 184 62 81
    197 200 63 3 61 231 101 90 213 55 145 243 97 167 87 25 216 9 55 248
    246 26 176 191 183 246 138 122 196 120 193 63 69 122 83 94 247 171
    89 36 34 118 66 14 13 162 229 103 210 69 170 99 229 30 21 193 11 101
    198 136 65 120 196 81 42 229 206 64 31 197 84 239 51 42 4 235 103
    192 29 125 218 146 208 105 162 215 233 151 219 83 0 197 196 29 166
    48 48 14 69 22 106 22 44 192 126 71 18 216 212 207 184 228 161 79 74
    190 151 10 29 154 242 233 234 219 123 4 166 7 85 196 190 151 122 67
    182 99 157 49 99 191 238 232 99 132 208 158 36 107 149 53 106 110 34
    184 111 82 23 146 2 24 170 61 50 122 22 150 237 39 60 76 59 38 168
    58 72 118 204 43 236 225 83 220 16 2 50 111 94 21 88 134 255 41 170
    13 80 217 234 54 249 167 38 255 73 246 255 173 204 121 161 19 222
    177 87 120 255 22 225 133 104 67 35 108 135 14 221 180 22 182 86 81
    78 141 154 132 64 211 192 151 185 142 144 252 9 126 134 175 230 250
    31 143 22 127 22 46 41 228 58 161 21 249 80 29 184 210 0 59 24 144
    92 67 138 214 134 131 210 24 132 5 27 95 251 87 190 125 151 58 116
    176 158 54 75 4 205 133 13 109 23 110 226 6 9 76 212 158 99 130 150
    194 55 94 175 102 200 239 131 8 248 5 173 128 189 15 91 176 134 46
    239 142 30 133 83 2 103 230 186 192 111 81 1 76 24 227 192 199 142
    63 247 209 74 183 226 198 137 73 142 8 167 186 146 237 22 213 78 197
    178 204 70 216 29 14 16 99 135 231 242 118 57 85 79 183 80 35 110
    123 32 143 103 76 81 57 246 184 220 205 206 78 69 114 48 138 129 0
    124 101 31 14 202 136 122 203 100 95 23 189 75 124 186 139 63 82 44
    137 210 212 137 76 219 108 98 159 65 107 14 134 224 35 152 199 16 48
    240 247 9 223 116 167 241 67 118 72 7 137 150 99 59 146 220 225 159
    4 66 164 136 69 132 248 149 239 206 87 224 166 100 179 190 90 189 84
    65 242 52 156 212 4 236 123 109 36 188 68 246 230 109 120 202 111
    205 157 69 197 191 67 153 122 200 203 124 130 151 34 201 184 129 243
    237 73 137 0 102 128 104 210 152 151 91 11 113 9 165 55 53 156 235
    212 91 65 157 109 60 182 72 36 196 205 95 236 32 66 188 238 155 75 4
    76 206 97 14 76 194 119 203 115 74 119 193 231 198 14 48 90 145 243
    13 111 178 121 224 123 78 154 83 116 27 83 66 225 29 123 45 127 28
    13 246 204 193 227 229 253 21 165 78 157 66 36 74 125 183 19 180 5
    254 98 48 120 139 244 53 218 187 240 110 174 231 4 13 241 4 48 103
    25 94 184 85 128 105 206 105 177 115 124 62 217 32 195 232 90 60 82
    23 104 211 105 162 202 234 24 34 145 5 250 12 113 223 170 41 91 217
    121 54 47 136 157 13 118 6 54 180 146 221 217 226 249 18 225 194 192
    66 99 102 170 38 235 140 88 195 66 8 72 91 117 255 173 33 157 155
    229 40 117 177 113 232 165 188 132 55 67 223 37 166 131 247 36 50 0
    40 132 179 70 202 65 39 117 114 25 63 231 43 30 247 147 82 49 37 77
    125 171 48 136 169 43 202 186 101 238 111 117 66 121 141 23 129 197
    138 218 111 124 98 221 93 85 53 183 16 134 169 184 83 116 16 245 70
    151 31 171 72 153 154 222 86 206 249 153 4 52 148 141 23 180 51 26
    137 142 157 39 173 31 102 95 240 148 58 194 25 47 117 193 209 89 74
    107 121 193 171 63 139 241 88 37 194 87 213 49 233 220 58 32 230 191
    100 75 242 113 0 17 81 78 191 153 60 6 46 203 197 215 16 250 170 129
    155 254 142 10 140 160 238 3 101 141 25 156 184 185 88 162 215 208
    240 50 245 115 130 104 219 45 161 154 108 188 68 53 33 142 19 62 89
    23 129 34 254 164 43 120 168 69 122 94 161 185 150 82 105 91 233 133
    249 163 100 0 132 235 121 3 237 214 180 30 195 4 224 161 53 99 91 38
    112 120 243 53 208 11 216 139 150 30 131 159 146 31 121 78 80 54 141
    183 224 211 77 241 32 38 24 92 3 2 143 59 160 111 104 97 111 133 96
    227 219 109 37 242 137 201 84 252 170 17 199 224 93 12 34 193 178
    243 247 178 7 41 4 5 157 211 76 92 216 64 86 129 13 88 27 247 150 12
    189 250 124 44 202 63 145 234 194 178 49 227 221 203 70 233 238 211
    77 157 118 169 199 215 237 152 233 64 10 122 213 234 35 1 241 177
    250 135 48 58 5 134 142 93 97 151 13 209 227 168 170 255 188 79 144
    62 221 114 169 247 152 62 24 205 185 179 184 250 45 213 32 114 81
    189 236 40 234 200 16 164 162 208 159 47 145 174 227 144 136 129 68
    81 130 24 189 215 220 183 169 212 85 221 19 33 122 150 130 151 222
    125 100 195 50 202 39 27 54 247 134 98 73 207 126 75 171 120 159 23
    231 97 47 59 78 126 119 153 114 167 25 19 151 98 161 228 208 211 28
    245 204 169 238 54 22 36 225 199 86 185 110 70 13 24 253 63 141 171
    175 39 217 65 244 137 64 127 228 107 197 128 169 106 241 72 134 168
    35 170 49 86 70 255 196 252 31 127 57 4 199 97 38 172 181 133 97 109
    214 6 255 226 52 149 86 230 59 51 0 111 68 186 179 12 72 64 109 34
    103 156 41 54 128 77 215 155 181 63 103 160 108 165 85 206 102 247
    112 31 36 43 70 100 10 212 197 169 62 244 108 98 51 51 153 202 126
    164 199 137 154 186 225 229 205 92 124 231 67 127 29 112 174 172 84
    160 95 140 25 183 32 102 201 94 92 115 202 105 195 168 19 76 31 82
    155 105 248 19 58 184 82 77 110 56 29 156 9 6 4 36 155 173 23 194
    211 137 33 193 86 250 191 146 217 88 193 159 2 180 158 166 137 170
    56 185 64 164 115 119 79 236 101 130 224 98 164 165 52 131 59 222 90
    127 124 252 61 117 195 96 19 75 211 68 219 150 203 165 232 80 237
    191 114 40 109 143 124 22 19 239 96 23 10 236 184 185 228 199 162
    161 237 27 222 8 127 117 138 81 27 17 179 181 127 110 83 5 229 227
    112 98 149 154 15 115 117 101 132 73 173 208 198 209 17 132 84 78
    231 70 251 129 17 95 10 199 121 229 101 36 97 22 131 69 64 28 241 5
    85 14 128 176 82 122 57 79 226 62 226 135 31 39 153 131 96 86 130
    138 64 115 187 145 214 207 244 17 133 141 235 98 187 145 18 178 163
    177 6 136 1 14 192 50 102 25 18 47 115 14 216 23 195 57 249 159 2
    224 46 215 65 146 20 52 85 138 6 196 55 25 44 197 154 32 25 252 147
    94 176 133 10 78 26 16 35 224 78 51 172 194 252 161 28 60 61 205 141
    37 156 58 54 34 88 73 151 255 203 230 26 235 23 93 28 2 15 206 192
    33 145 217 244 32 202 181 29 29 170 147 33 45 83 128 124 226 3 208
    173 38 177 249 152 174 42 41 154 10 185 70 150 130 37 70 7 225 117
    246 37 52 95 163 204 144 252 206 30 58 125 162 173 203 119 236 189
    103 150 229 168 190 207 166 229 247 210 100 78 204 56 1 31 124 49 60
    149 41 191 17 135 22 150 108 119 171 1 173 106 0 245 74 151 118 149
    30 152 238 139 190 111 119 204 163 160 84 68 29 164 208 155 3 135 3
    131 186 34 47 52 157 36 23 127 144 186 77 55 245 220 220 28 212 94
    255 119 218 203 206 67 166 94 236 109 23 4 113 16 73 65 64 13 253 85
    170 54 17 186 4 80 8 100 85 107 175 100 149 226 71 232 235 86 188 91
    60 109 12 88 99 163 115 153 207 129 114 41 49 36 107 245 225 141 110
    141 41 29 139 23 249 28 243 37 82 5 207 239 199 212 31 81 166 50 12
    136 213 24 149 157 5 216 197 200 232 211 78 244 177 94 208 175 29 1
    58 37 42 166 82 235 101 36 236 223 75 208 89 194 238 88 168 22 96
    164 0 44 25 62 48 129 101 156 184 94 244 227 210 233 29 143 74 133
    82 0 35 61 195 244 236 241 49 4 47 117 239 144 29 45 78 166 167 214
    46 121 206 224 52 21 103 211 53 159 5 145 196 235 212 41 97 92 91
    107 197 190 186 98 52 185 167 69 254 178 181 232 143 242 94 187 186
    106 93 36 26 121 100 181 119 73 107 17 222 34 201 55 252 117 221 171
    179 185 99 186 71 146 107 154 82 238 252 29 32 119 247 167 248 122
    176 176 248 7 92 76 154 238 11 116 237 239 174 87 60 81 121 39 191
    142 242 231 72 189 245 43 134 165 112 245 21 59 4 221 216 83 48 21
    57 161 202 60 139 103 214 181 255 37 147 98 97 211 134 211 242 185
    120 195 61 214 76 82 218 79 106 124 207 60 125 31 189 56 255 160 75
    109 245 41 253 97 110 182 100 208 39 46 147 234 168 12 71 2 63 32
    124 81 23 4 8 41 53 122 146 76 225 49 208 53 217 209 11 38 218 32 51
    31 111 117 62 104 208 196 108 198 150 113 162 36 14 242 153 68 188
    78 151 123 66 230 37 26 231 178 157 191 135 130 140 96 134 133 0 189
    157 15 66 159 187 160 136 107 77 6 243 89 241 1 40 12 32 250 216 59
    174 233 221 216 167 110 228 149 105 148 28 7 129 207 179 35 153 112
    233 253 14 153 239 65 78 104 55 108 203 172 162 34 122 185 18 218
    151 151 17 185 141 115 240 113 74 232 61 43 22 215 242 233 218 150 2
    117 38 96 243 196 135 238 129 186 129 15 135 194 62 139 224 81 240
    107 131 25 52 212 85 49 207 7 244 207 221 183 85 34 180 138 126 158
    135 145 44 196 25 185 239 23 210 165 84 39 198 216 82 155 107 199
    238 105 168 226 101 204 126 94 179 80 165 186 195 155 89 216 175 219
    183 12 124 162 0 3 213 143 181 133 11 89 11 48 45 186 62 87 102 144
    28 66 136 116 169 78 206 47 67 72 18 43 22 110 129 159 6 47 207 217
    112 9 110 158 46 82 185 99 80 211 248 242 236 105 212 152 41 157 243
    185 157 156 149 114 70 224 93 172 154 35 189 121 17 145 51 128 204
    156 182 205 216 242 130 252 30 26 52 75 88 0 98 136 168 35 139 216
    198 17 210 78 75 172 202 82 87 193 111 247 54 9 212 14 163 197 19 24
    54 214 177 47 192 93 108 193 59 0 253 182 159 178 14 239 125 222 57
    180 6 118 225 43 189 157 177 113 46 136 0 53 77 83 65 200 145 171 28
    97 233 164 87 84 239 93 181 219 74 226 3 176 133 142 237 149 119 88
    207 78 46 187 251 225 3 123 246 25 211 200 19 94 29 166 137 64 242
    41 251 20 56 141 43 244 191 174 112 118 114 86 194 41 75 243 237 241
    167 28 85 40 94 30 27 61 251 249 11 144 137 59 42 42 50 147 18 229
    85 112 215 243 27 249 232 177 59 65 137 109 202 27 161 61 61 74 248
    166 203 210 46 35 140 156 55 165 207 83 72 62 88 27 100 47 134 150
    137 199 177 105 132 9 202 69 25 208 140 121 234 204 205 229 105 1
    189 35 42 238 156 108 89 126 57 93 214 69 85 153 249 67 103 209 175
    133 73 164 28 201 178 18 65 150 245 27 153 213 211 20 202 88 164 159
    0 245 169 104 56 79 49 182 217 79 214 83 215 234 83 182 237 176 77
    247 242 0 150 135 165 30 152 233 187 228 224 217 204 116 199 207 48
    68 113 113 126 229 23 77 190 129 178 56 115 200 169 135 11 69 110
    232 225 4 69 226 187 147 88 148 142 249 6 107 218 51 148 106 101 150
    70 212 225 228 31 217 250 228 249 233 87 72 98 35 61 125 29 92 87
    116 232 12 158 144 206 168 19 35 101 45 251 159 226 143 60 136 130
    245 194 177 19 68 169 53 84 227 253 98 165 160 137 146 114 140 25
    179 163 46 119 110 0 244 122 119 63 87 72 174 81 119 238 188 233 55
    101 23 120 21 32 64 208 23 198 136 160 83 81 141 251 232 133 17 129
    241 34 127 121 98 127 242 119 248 30 171 53 44 188 1 153 152 109 181
    200 217 160 63 205 241 167 184 47 77 56 128 217 155 173 1 182 75 202
    66 118 240 152 202 147 137 197 204 180 139 142 107 36 34 118 219 111
    250 249 240 98 125 190 19 47 161 185 36 210 229 75 126 61 28 34 107
    143 125 188 229 200 198 255 179 182 151 220 123 67 169 159 121 203
    227 74 134 63 48 234 97 133 12 137 205 114 9 224 82 211 28 197 106
    151 71 35 54 163 148 194 15 89 108 177 141 115 13 4 23 239 245 15
    184 68 168 221 128 10 232 243 187 205 145 175 241 136 203 243 133 68
    120 17 68 166 86 210 100 160 91 149 172 245 46 105 110 219 0 235 138
    165 245 120 23 218 117 9 132 85 230 90 24 230 185 148 161 233 75 235
    122 77 40 147 206 1 187 122 244 54 102 173 200 14 78 170 73 224 33
    226 68 199 43 126 193 227 201 160 42 47 207 217 42 122 150 136 149
    167 171 26 11 195 161 134 86 196 80 146 51 248 204 22 173 227 108 50
    119 1 252 201 131 12 152 45 178 74 226 84 34 87 190 209 55 202 207
    128 139 126 62 58 76 227 126 186 120 59 10 35 66 212 198 234 67 103
    18 94 0 177 206 255 245 8 191 214 222 170 71 200 113 195 192 118 16
    90 34 130 87 217 67 123 114 162 77 80 99 174 112 10 105 48 19 28 207
    61 111 48 145 1 106 194 167 228 101 160 87 88 7 117 9 133 102 10 4
    197 38 244 73 34 198 237 180 148 184 253 254 59 150 41 144 52 157
    130 206 147 59 125 47 18 215 92 34 156 112 71 202 149 44 13 127 191
    167 147 35 12 163 216 72 19 220 247 129 48 217 26 197 89 87 226 133
    189 164 168 56 128 241 162 146 3 86 51 99 230 173 51 91 82 8 17 136
    171 174 128 187 146 36 154 62 31 250 234 51 203 149 61 184 37 216
    162 186 253 7 183 255 141 30 124 137 56 89 85 115 133 108 240 60 64
    233 237 87 95 220 86 18 61 152 66 231 86 57 69 106 178 69 76 56 166
    238 201 175 141 88 159 182 102 34 162 206 162 95 212 189 126 157 133
    204 69 158 54 51 70 242 165 176 80 32 16 180 1 179 28 100 249 149 51
    182 238 189 94 146 196 139 103 89 152 71 68 92 104 6 117 55 235 117
    29 25 164 149 92 66 155 6 51 49 122 82 11 176 193 3 18 237 84 87 93
    201 17 12 251 185 35 84 236 140 202 18 187 54 20 176 240 83 50 100
    125 69 60 51 89 158 38 226 114 173 84 38 217 68 189 56 44 33 151 183
    241 182 148 158 196 53 229 227 212 58 194 63 241 193 128 81 223 184
    42 106 207 95 119 52 186 178 121 50 223 119 61 103 84 80 149 134 121
    187 174 136 91 22 156 198 12 46 174 75 96 211 40 6 129 219 89 85 61
    137 29 24 41 34 1 142 38 198 186 51 203 177 250 92 221 49 171 47 137
    75 133 200 58 148 91 222 209 255 158 134 82 151 50 3 61 252 55 224
    169 62 216 150 122 142 178 129 11 149 95 240 146 42 217 45 155 60
    248 152 122 10 189 55 191 241 203 160 178 61 130 226 138 161 173 113
    215 238 220 226 153 211 35 202 125 162 223 230 227 113 90 89 162 11
    82 70 124 216 55 157 130 77 155 103 93 84 125 182 5 93 224 215 93 42
    238 159 122 108 233 175 74 189 45 161 122 178 200 235 192 94 46 139
    2 194 88 148 32 188 243 83 110 112 0 101 1 214 249 169 35 46 181 69
    237 115 92 177 130 245 92 17 192 87 142 167 238 7 149 64 40 187 240
    77 232 36 64 49 196 170 115 219 63 205 140 99 65 197 46 182 137 228
    163 23 111 83 41 244 53 207 30 172 134 20 37 230 35 22 69 216 105 78
    12 100 56 37 93 128 226 205 212 210 119 117 6 159 8 247 104 178 56
    96 207 180 90 70 25 221 182 55 173 152 5 202 128 207 220 110 112 12
    70 141 159 40 157 150 39 234 248 56 210 196 236 117 86 36 74 66 235
    62 119 246 69 147 26 34 88 251 248 160 215 9 167 206 111 150 86 251
    236 201 68 163 127 68 148 63 171 218 219 83 31 12 227 1 152 53 129
    53 73 75 2 129 68 151 13 96 16 95 221 152 171 217 125 214 99 239 104
    217 175 169 8 180 173 202 217 126 236 201 10 85 60 140 152 74 131 48
    108 221 94 206 143 157 244 11 70 116 204 38 50 139 197 13 235 113
    121 197 247 27 252 107 74 40 241 159 205 40 237 132 67 24 151 37 239
    132 172 71 145 76 106 231 160 240 242 186 28 141 83 88 80 250 2 82
    143 134 65 202 137 191 80 50 20 5 18 208 171 157 97 233 135 67 163
    28 84 50 7 138 245 179 47 11 127 236 152 9 93 85 136 201 21 210 135
    187 8 77 37 168 206 28 17 105 231 142 142 2 202 129 144 147 102 236
    6 73 94 53 227 19 164 57 118 29 183 180 141 1 123 167 6 186 88 197
    205 55 74 63 103 70 76 63 213 38 237 80 200 115 20 3 26 165 68 148
    103 20 234 42 56 215 40 144 41 116 56 205 234 166 2 179 245 131 62
    143 45 203 90 68 101 94 25 235 143 160 162 83 58 92 157 23 48 73 48
    250 20 182 230 11 91 146 245 208 83 91 32 89 76 77 163 170 226 210
    102 205 233 21 168 68 42 110 143 146 203 96 30 64 166 133 178 72 137
    184 175 210 225 33 112 151 79 187 40 98 23 254 81 201 90 149 79 193
    186 234 60 8 83 15 98 144 208 191 43 197 245 172 21 223 111 180 57
    192 135 53 173 154 163 203 23 181 176 21 201 225 16 205 41 27 121
    231 209 11 46 14 213 235 67 157 150 179 5 216 224 194 22 191 179 63
    219 10 79 19 141 4 244 99 242 14 183 14 149 79 105 220 10 182 211 81
    172 146 221 99 212 153 13 158 136 94 8 11 212 152 158 71 48 203 42
    40 170 223 130 228 140 225 100 107 193 80 53 52 106 28 243 231 176
    173 50 244 246 202 98 66 209 158 176 251 199 43 32 240 118 22 58 84
    214 33 217 128 0 53 232 245 15 82 131 239 53 216 3 204 139 118 16
    234 193 159 135 28 252 199 140 187 5 183 132 55 34 231 15 22 197 125
    53 10 14 247 153 246 127 105 230 146 150 114 47 197 152 17 136 30
    232 65 189 35 104 171 148 171 79 27 88 67 26 32 212 154 53 86 103
    108 69 178 142 87 148 152 157 186 120 28 125 125 122 101 100 63 175
    106 224 239 95 204 143 46 23 133 164 169 73 237 180 117 230 225 76
    82 235 47 27 204 199 155 59 63 217 234 119 105 133 126 57 191 4 169
    45 21 218 49 144 173 174 186 24 20 185 62 73 130 239 236 33 37 135
    229 27 231 132 59 21 57 201 158 112 214 209 162 159 240 169 97 148
    123 181 101 125 223 1 80 156 16 228 83 3 154 78 253 201 226 183 106
    100 116 252 196 37 200 247 62 137 119 52 32 149 71 13 236 253 55 25
    112 209 86 205 229 250 102 187 164 78 134 130 78 168 190 249 199 42
    77 246 91 42 182 183 70 150 187 34 172 230 208 99 230 217 95 53 121
    139 103 247 13 80 132 115 209 184 60 233 247 210 75 251 221 85 129
    56 227 126 84 102 189 176 20 146 112 32 163 95 5 45 34 219 195 102
    183 15 107 202 99 144 242 216 191 194 246 123 246 43 85 12 245 151
    19 5 228 62 200 143 230 221 44 109 208 51 152 148 94 245 9 84 207 44
    129 36 192 65 207 65 210 254 43 10 93 61 194 206 64 128 17 109 188
    31 135 95 23 231 148 85 218 121 122 112 35 129 139 65 17 20 19 159
    116 187 63 63 53 13 201 57 210 105 86 215 212 107 3 135 94 58 210 82
    53 96 215 120 100 107 249 87 220 110 16 167 11 209 246 158 128 180
    49 100 192 3 101 40 91 91 206 241 172 158 244 9 141 126 186 147 70
    233 147 170 96 109 120 164 32 236 9 143 121 252 16 40 65 175 200 6
    206 91 118 31 214 87 102 46 152 163 35 112 42 206 14 217 70 150 98
    13 19 7 173 67 195 113 38 193 59 59 28 146 178 50 212 22 207 87 98
    107 64 179 224 115 79 156 250 240 220 6 12 196 235 202 241 8 162 255
    219 48 223 21 254 221 101 80 164 135 139 79 162 79 58 160 215 159 19
    165 225 140 221 66 84 102 149 141 38 170 235 29 40 33 167 134 247
    120 53 234 253 125 58 99 214 141 98 123 50 136 150 134 88 174 128
    228 125 254 157 90 217 132 238 57 244 153 247 193 86 200 110 207 121
    249 14 75 81 56 253 30 145 157 99 191 134 53 143 92 111 205 220 180
    61 154 36 228 180 76 121 205 184 141 238 12 215 19 168 169 102 56
    176 214 51 123 80 222 13 104 134 88 172 26 69 122 216 174 47 6 150
    148 51 108 94 137 99 19 43 122 17 135 192 160 79 212 103 231 128 40
    124 148 192 246 104 168 188 238 194 116 94 105 131 117 23 56 61 216
    198 124 178 166 203 74 164 223 56 156 242 246 152 74 138 2 133 222
    31 31 122 185 125 39 55 1 216 28 12 228 188 99 246 241 125 204 153
    68 191 237 123 125 243 32 79 160 218 98 81 218 237 131 130 31 131
    180 37 151 59 243 18 239 237 68 228 64 11 230 186 69 124 113 229 131
    171 181 251 50 28 40 18 50 193 220 140 42 60 63 236 158 83 171 181
    106 31 1 227 151 44 114 104 110 110 254 88 0 82 255 0 6 184 251 74
    228 24 113 96 34 144 221 201 149 56 72 87 18 116 31 95 15 18 47 54
    146 135 193 167 190 197 117 102 72 56 129 232 255 128 227 10 60 103
    253 15 131 83 37 49 172 93 127 223 209 128 47 217 183 148 213 222
    167 95 127 0 93 102 38 113 214 122 116 142 191 197 112 148 60 179 5
    165 23 53 63 114 199 89 175 224 245 251 83 229 158 23 228 162 165 42
    79 80 122 197 37 181 161 120 190 197 248 106 95 185 236 144 225 118
    11 67 177 221 83 211 214 208 148 247 132 124 42 186 223 96 97 40 209
    70 172 207 152 236 180 200 71 86 90 17 38 203 254 98 3 113 177 69
    235 234 94 111 74 53 248 201 233 57 131 25 242 211 182 122 184 78
    102 48 250 186 183 138 237 19 241 218 69 196 246 205 7 27 213 114
    210 208 57 28 66 63 12 185 5 254 141 147 20 138 116 187 228 55 245
    77 223 170 20 55 93 197 92 133 143 85 63 245 52 137 19 42 98 140 112
    68 213 185 154 215 125 155 177 151 101 176 231 200 248 144 56 70 80
    195 31 78 167 192 141 42 198 56 229 247 182 165 230 69 108 75 69 245
    142 117 60 212 141 93 156 23 97 77 203 207 8 220 161 214 177 22 226
    169 240 71 76 239 184 181 153 177 58 103 156 65 216 87 134 79 80 185
    255 44 13 3 117 14 95 5 150 84 14 226 85 186 100 133 62 1 31 56 84
    162 77 14 212 193 230 29 45 78 3 137 226 103 110 147 97 149 247 121
    162 206 70 204 39 196 208 156 39 235 178 175 151 86 151 76 181 155
    239 197 212 166 99 88 170 161 133 43 250 122 73 47 26 183 39 225 134
    25 157 148 126 10 82 129 206 31 98 252 110 103 59 175 229 32 33 202
    142 199 75 79 196 217 21 215 77 89 50 158 142 176 5 9 167 193 217 41
    116 228 61 81 233 24 229 220 19 39 180 97 182 129 7 88 25 42 253 241
    137 97 175 68 14 246 241 36 197 238 167 99 230 14 52 148 44 227 8
    199 76 4 190 77 59 115 203 244 78 165 106 12 115 83 171 229 174 30
    78 55 167 83 115 90 222 56 149 181 21 49 42 51 226 142 225 108 142
    133 76 198 152 153 42 46 222 2 195 19 208 169 32 33 138 225 75 74
    192 5 69 144 104 97 55 6 111 156 83 237 168 91 12 235 120 141 255
    111 89 26 39 40 191 190 57 209 36 35 246 160 88 10 244 201 83 188 70
    171 115 223 218 143 154 34 90 78 0 143 76 42 4 78 69 191 228 59 225
    129 137 2 140 131 12 111 28 30 70 47 146 159 245 234 106 83 19 13 18
    96 241 22 84 172 176 94 160 186 118 228 77 195 1 32 104 254 22 116
    20 202 233 231 206 165 198 3 17 12 119 54 163 107 41 158 108 13 44
    204 223 147 220 137 139 62 171 225 76 4 197 155 1 84 229 207 243 24
    190 9 189 149 121 58 27 130 157 72 168 201 208 36 117 105 230 212
    140 190 70 219 178 130 91 63 202 196 142 75 137 36 212 132 91 108
    102 57 139 211 26 45 208 115 185 17 28 30 245 148 200 12 76 54 238
    46 148 253 102 253 40 135 4 175 152 67 4 143 178 36 110 200 208 207
    251 110 82 226 191 29 110 249 209 235 70 137 148 120 70 60 203 163
    236 44 103 24 254 117 80 39 70 212 241 215 12 11 227 39 42 208 127
    133 166 50 130 181 62 12 251 56 192 134 207 18 48 211 184 93 195 130
    241 173 242 197 223 161 219 89 133 171 2 16 211 38 77 13 65 170 122
    96 72 210 134 31 66 199 220 59 170 184 126 207 41 168 63 120 244 143
    209 51 160 108 130 82 83 246 185 150 125 127 245 35 150 202 208 97
    177 166 72 222 100 114 182 163 67 143 134 209 171 201 230 0 164 61
    68 93 235 160 188 20 197 93 223 93 7 183 147 11 102 124 77 193 31 69
    118 252 146 157 109 95 113 179 246 73 245 134 96 72 187 82 250 253
    204 250 249 131 249 18 62 34 68 225 4 187 143 181 62 162 93 109 53
    130 184 40 153 94 168 190 70 176 76 54 146 69 70 177 89 234 59 221
    191 138 198 95 210 26 243 136 135 79 108 195 16 187 2 100 237 206
    227 60 215 36 58 95 122 89 121 200 154 148 181 83 30 142 220 1 52
    201 33 184 180 23 187 39 127 219 83 207 86 197 240 185 215 137 238 8
    194 208 215 128 69 121 144 214 226 100 118 109 223 108 82 163 237 73
    89 126 50 212 198 222 108 104 167 186 230 158 135 50 142 139 89 11
    104 66 105 43 175 94 100 137 221 23 179 45 54 166 215 135 251 47 78
    23 114 124 27 160 49 118 218 8 45 214 142 253 113 152 16 122 36 207
    73 33 101 80 55 40 168 241 98 183 157 243 168 204 136 125 71 18 18
    216 68 199 250 46 103 22 30 140 244 71 190 148 216 2 46 2 132 206 74
    100 20 58 98 141 13 78 121 142 164 61 57 208 253 158 151 218 61 15
    150 46 73 49 189 133 145 15 151 105 181 19 75 89 45 64 125 29 223
    191 95 80 29 95 106 135 170 150 3 59 89 52 142 248 37 141 237 6 80
    32 255 167 0 11 222 179 20 46 214 60 171 44 135 153 144 108 161 38
    143 228 154 187 109 44 23 39 95 100 213 185 147 201 111 169 98 117
    179 144 42 187 211 132 128 59 78 93 207 211 94 11 20 55 9 32 181 144
    155 201 22 130 165 28 83 54 176 54 20 166 24 42 238 119 36 161 137 6
    50 162 217 118 117 158 222 46 60 178 4 182 196 110 83 23 229 189 213
    255 206 147 194 80 149 216 138 78 35 147 41 182 188 60 77 155 150
    116 106 178 201 214 193 186 4 109 28 130 47 212 90 124 199 55 87 57
    202 234 137 242 146 250 127 126 237 232 5 116 111 13 77 54 83 231 7
    50 58 57 217 140 169 181 103 247 252 194 121 186 16 204 22 107 160
    73 146 108 250 89 104 86 24 203 173 120 54 179 6 123 80 32 225 68
    251 38 71 171 40 188 106 55 25 40 222 36 246 90 19 166 99 7 57 207
    255 113 126 128 82 159 185 201 119 62 165 203 182 58 131 70 19 46 25
    9 50 188 218 26 78 85 115 108 148 11 187 126 194 68 95 235 218 73
    242 95 161 194 234 178 148 86 25 1 82 87 100 51 189 240 238 189 140
    108 199 90 247 225 102 185 0 4 56 67 243 186 133 249 40 47 129 33 29
    165 23 145 146 27 103 170 155 94 81 77 16 183 38 146 54 79 56 134
    133 171 216 96 183 234 173 34 25 209 130 5 147 231 192 156 161 252
    155 35 190 209 106 114 82 153 146 151 241 130 38 55 169 220 110 80
    68 240 187 62 210 254 252 111 123 195 240 152 63 5 222 196 64 173
    131 115 98 88 204 208 194 131 75 78 68 212 30 106 44 33 243 121 254
    115 15 250 17 124 57 208 147 78 229 79 163 41 112 84 212 149 102 255
    236 30 106 106 128 176 212 101 62 140 65 17 37 182 204 251 28 50 70
    188 86 114 47 233 4 88 206 158 207 175 52 107 146 34 252 245 117 101
    27 119 70 95 162 125 216 210 233 104 76 44 168 34 91 157 35 80 67
    214 62 234 210 159 131 99 219 83 199 113 70 30 156 178 10 134 93 11
    61 145 38 246 165 173 180 104 221 230 130 120 211 112 80 162 186 167
    143 19 40 153 165 101 248 117 130 134 34 27 81 95 193 229 118 54 169
    200 107 250 129 220 54 197 213 235 255 25 188 143 219 28 217 173 163
    161 234 141 2 185 94 159 79 112 91 220 71 41 253 189 83 54 2 25 9
    131 193 83 51 239 178 42 245 68 67 116 217 90 254 7 208 107 54 177
    210 8 194 7 153 39 132 158 70 155 166 74 241 104 127 248 183 46 66
    142 77 141 168 222 150 162 32 201 93 198 250 164 251 32 110 24 131
    36 207 112 159 210 35 127 51 81 95 28 9 20 247 214 114 160 32 180
    212 239 212 99 110 143 232 82 168 36 110 105 209 56 56 204 145 217
    214 145 140 154 63 145 136 108 32 123 224 105 142 91 129 168 7 44 19
    26 254 118 230 175 97 231 207 112 212 93 11 98 61 253 75 30 2 197
    252 90 211 149 238 214 127 217 106 72 248 244 245 132 179 234 152 30
    70 149 184 255 145 157 213 8 161 92 240 42 236 1 102 109 183 210 113
    251 111 232 13 100 193 135 147 248 215 47 200 132 98 123 71 153 207
    134 98 111 129 132 143 189 249 22 155 231 190 40 10 157 114 168 128
    7 46 100 129 136 139 50 100 157 33 224 9 130 205 141 206 158 223 148
    116 16 90 121 0 255 202 142 13 66 56 75 189 157 104 21 81 96 138 125
    0 188 88 171 237 122 232 191 130 215 25 229 158 108 112 164 240 26
    113 143 226 125 91 24 65 103 248 202 109 213 63 118 240 98 173 48
    151 203 195 63 63 94 190 198 138 130 56 217 109 24 96 231 169 162
    170 160 109 23 135 227 252 38 246 24 207 46 88 191 22 133 177 184
    238 130 93 167 93 219 244 46 60 144 148 60 71 171 225 157 127 17 69
    153 128 129 209 161 62 107 100 202 9 49 146 206 65 202 38 40 240 206
    10 24 100 106 114 178 86 64 137 93 158 203 114 141 118 45 208 113
    214 163 234 252 169 2 142 174 232 99 108 17 31 106 59 152 105 115
    226 34 108 93 240 161 63 109 236 6 196 148 5 59 90 92 178 249 214
    110 16 222 81 179 77 144 126 59 167 31 150 13 123 40 229 97 171 241
    12 157 41 206 249 163 169 85 222 14 60 77 105 251 203 73 42 187 237
    165 241 110 144 113 109 235 193 176 54 99 145 219 72 98 189 50 166
    228 10 253 238 39 231 94 96 206 107 114 9 158 172 78 19 108 7 223
    193 69 13 226 88 198 67 241 187 155 54 141 120 203 85 7 160 56 129
    82 80 4 111 40 179 183 178 98 34 245 71 188 115 75 175 209 131 191
    231 170 120 224 175 32 94 255 239 109 14 205 245 34 135 36 244 220
    239 104 201 242 72 191 134 144 246 139 99 127 253 235 179 198 64 9
    21 254 67 156 213 22 14 78 166 210 84 13 69 102 81 69 203 38 163 63
    218 9 141 11 222 127 173 216 100 86 15 34 77 198 187 55 167 208 255
    80 102 112 211 110 104 182 95 224 219 157 87 214 158 34 241 27 149
    103 138 188 130 47 58 212 108 228 119 34 171 154 101 90 206 217 73
    172 219 251 119 203 97 187 12 35 5 114 35 37 106 102 178 49 176 134
    172 246 55 116 84 48 132 5 251 92 57 11 74 31 81 174 108 48 93 156
    238 103 251 88 162 23 54 110 78 39 104 80 228 99 86 18 185 225 21
    227 89 151 116 43 98 193 49 28 244 40 252 8 6 36 19 109 112 59 222
    95 46 47 0 58 40 168 137 223 192 147 126 81 194 185 25 87 100 20 156
    79 227 244 13 177 212 67 79 201 114 254 48 65 141 168 148 79 72 183
    231 234 119 184 209 240 26 221 154 19 127 124 122 42 218 218 49 197
    178 7 108 48 134 66 57 191 2 16 229 250 151 55 16 252 215 151 150 7
    195 50 241 34 182 40 102 17 41 73 104 166 233 252 83 158 4 55 203 64
    22 67 187 33 60 9 129 205 119 83 22 116 218 42 183 196 199 89 242
    176 119 157 234 64 184 194 238 247 149 30 220 110 33 129 132 67 250
    126 188 11 151 184 118 11 214 29 144 28 213 197 242 139 189 200 26
    125 235 196 229 68 163 126 70 35 85 161 50 53 151 69 246 34 25 89
    125 54 134 97 104 225 121 141 155 48 24 64 37 241 19 131 72 8 75 67
    10 241 245 237 233 161 137 170 49 155 21 90 157 145 74 46 165 163 55
    234 196 230 243 244 125 180 32 113 58 82 95 129 238 85 127 196 118
    197 58 30 54 91 62 143 143 221 79 149 181 212 229 80 32 165 145 75
    43 129 222 55 185 122 129 245 186 184 56 75 255 93 127 115 250 219 5
    55 218 65 210 44 89 45 175 169 90 249 190 235 51 67 149 65 193 185
    249 30 191 186 174 182 217 191 21 208 15 234 151 169 75 137 236 74
    172 134 63 124 235 120 139 120 88 232 134 135 137 17 172 89 17 234
    163 151 176 156 15 185 161 133 144 230 132 109 102 115 96 107 107
    209 178 30 64 149 109 243 65 105 132 187 68 174 237 82 193 206 63
    160 239 127 92 25 84 234 76 98 203 134 227 184 228 158 75 105 2 147
    204 8 90 216 112 248 173 157 193 206 59 229 7 74 177 135 248 75 145
    186 135 56 171 239 205 93 176 249 160 39 6 139 31 26 17 130 230 100
    54 174 209 168 223 249 177 63 100 237 42 122 105 33 219 232 230 190
    201 61 93 87 28 27 31 30 178 216 78 85 134 228 228 179 144 64 4 235
    238 125 4 229 207 68 88 32 202 203 20 187 201 152 178 79 196 42 241
    52 116 55 122 8 203 195 26 209 1 166 240 99 50 147 157 148 168 245
    75 200 110 3 109 247 117 218 226 252 113 166 17 166 181 148 23 179
    231 5 3 175 44 192 234 234 227 200 6 138 176 54 158 63 142 242 124
    38 19 105 81 81 91 6 208 17 215 112 213 43 164 124 40 95 52 234 165
    22 142 10 32 107 6 170 61 210 201 134 132 30 19 202 163 32 189 46
    208 221 19 171 94 228 16 161 160 224 0 188 243 228 118 146 12 81 75
    41 48 64 68 221 230 65 88 125 144 108 25 229 173 118 246 120 209 228
    65 180 149 121 203 194 112 214 110 62 152 9 183 79 27 253 206 190 59
    98 233 62 66 107 167 195 131 97 68 245 234 25 89 171 82 122 237 36
    135 59 235 119 128 187 61 57 243 101 181 180 120 238 209 235 0 50 48
    4 234 182 229 255 15 93 91 140 80 85 101 55 16 136 190 96 164 98 183
    167 136 206 123 252 226 215 207 243 13 73 15 236 30 153 121 160 7
    215 65 238 157 163 16 19 210 225 153 112 45 223 129 253 243 18 165
    17 187 75 104 142 29 143 125 193 65 26 123 247 239 180 150 111 207 6
    169 162 160 241 98 89 95 85 106 213 183 14 58 214 149 50 242 135 62
    226 109 147 159 26 223 129 118 123 26 126 140 190 193 90 96 118 254
    118 34 233 89 135 169 58 109 209 240 66 203 22 27 25 249 66 190 249
    47 94 244 32 40 2 183 113 177 113 200 158 8 86 160 152 53 243 121
    125 235 28 221 213 87 55 84 28 145 246 124 98 246 77 99 109 83 159
    18 140 134 155 215 179 90 158 95 5 209 99 132 6 46 175 106 129 152
    127 141 2 247 40 198 245 16 212 215 154 40 75 181 33 5 212 36 66 169
    48 89 249 165 79 8 45 0 16 135 92 160 211 33 244 200 228 66 12 153
    127 11 83 209 253 85 91 187 112 122 17 176 163 247 70 250 101 60 99
    188 34 35 201 99 36 77 126 250 139 126 99 221 38 19 240 222 53 165
    209 233 243 184 78 13 151 47 35 197 151 207 215 89 237 102 9 21 59
    252 157 184 119 252 161 157 76 164 69 233 100 195 209 178 116 135
    146 242 158 162 14 135 76 119 145 239 91 171 124 27 155 31 216 132
    95 193 118 206 232 141 158 28 126 109 96 227 124 176 222 73 156 143
    244 107 114 245 28 138 134 82 202 215 145 75 185 80 226 116 102 177
    221 116 25 143 181 53 154 245 232 47 26 85 15 203 206 235 93 44 210
    1 119 106 235 64 14 60 107 16 188 228 207 178 67 150 195 219 138 115
    162 200 28 197 24 157 159 148 164 27 9 48 95 237 134 163 80 186 6 50
    140 106 147 134 248 52 237 76 63 27 72 136 233 68 116 60 247 100 175
    132 104 17 78 94 94 170 10 105 59 252 225 146 156 2 192 193 225 184
    85 37 135 55 25 207 234 169 226 109 66 214 249 59 122 174 106 10 4
    224 210 3 119 57 244 189 9 127 193 77 156 17 26 145 220 183 158 128
    52 113 38 83 247 34 205 213 241 182 243 225 123 2 231 95 108 181 92
    180 147 99 91 136 22 53 39 67 145 224 179 173 184 116 172 85 52 251
    152 255 171 99 104 27 131 36 254 94 247 255 220 252 79 61 133 249 67
    166 143 217 85 67 92 209 232 135 136 152 254 62 1 191 49 184 212 21
    36 165 209 162 163 217 20 8 238 241 250 117 100 176 196 200 172 224
    233 162 172 139 9 124 244 224 177 38 45 27 69 129 109 93 206 51 154
    193 94 231 89 220 180 181 219 27 139 92 211 250 77 28 68 18 182 190
    200 143 91 86 24 144 85 163 43 254 182 129 132 227 104 168 153 83 90
    127 89 190 209 85 246 227 51 2 212 121 241 227 189 142 218 166 3 9
    74 31 188 141 234 155 102 181 148 235 84 92 65 193 191 123 96 208
    193 221 7 171 199 92 160 13 180 140 247 206 165 212 151 222 189 44
    120 94 221 9 92 28 25 169 103 148 39 117 24 211 66 211 196 224 193
    188 84 159 151 86 195 67 64 81 200 97 172 239 180 137 142 37 231 83
    136 194 8 254 9 228 102 64 61 198 194 26 136 244 187 125 164 117 83
    160 49 59 10 215 113 207 209 255 119 245 192 118 54 52 210 234 85 65
    217 18 122 51 97 16 209 82 1 40 74 71 101 252 235 150 135 104 207 97
    62 69 25 27 145 211 222 77 114 135 123 217 94 133 197 84 108 20 82
    103 211 230 226 191 50 182 62 216 163 198 73 179 246 22 130 36 143
    228 91 96 248 74 146 55 255 182 45 207 22 62 50 12 138 132 74 72 159
    60 244 253 233 241 54 152 46 10 77 104 143 26 223 130 194 203 81 218
    215 132 164 188 97 161 106 202 242 230 95 138 87 6 230 135 67 15 8
    161 241 253 124 149 123 204 140 191 103 167 206 249 222 50 232 96 88
    227 157 27 90 217 182 179 75 22 32 131 3 130 154 90 87 202 52 176
    108 169 148 183 101 39 198 165 174 17 218 86 220 252 237 67 253 182
    113 94 176 91 87 12 171 48 196 175 198 182 136 106 41 74 49 125 134
    146 0 83 164 74 16 207 154 113 89 242 112 11 30 252 50 106 43 179
    247 3 141 80 135 24 146 157 251 183 134 198 122 204 250 225 244 212
    104 19 196 151 161 239 67 22 15 38 29 168 15 157 35 210 170 204 215
    204 218 68 48 78 36 197 204 160 60 190 234 39 237 209 110 227 194 36
    139 37 52 33 240 30 105 127 108 194 84 222 89 190 160 106 178 3 100
    59 42 26 138 191 207 219 112 61 133 217 23 101 174 121 92 199 127 45
    133 112 185 214 95 225 155 206 107 90 216 168 205 19 26 244 42 115
    219 185 173 113 39 20 60 244 77 80 249 241 205 150 148 37 197 154 55
    141 228 122 242 23 40 206 11 92 141 90 64 188 188 74 125 119 187 147
    156 89 196 12 35 4 249 42 112 18 82 243 73 232 145 113 11 15 114 170
    77 79 28 142 151 146 1 65 171 187 183 10 58 20 223 142 110 221 51 14
    16 172 69 53 101 171 248 235 98 112 130 155 90 157 127 1 167 209 200
    232 241 196 120 34 254 18 236 221 196 127 128 212 1 111 221 38 166
    210 227 61 141 143 230 81 149 41 60 132 79 225 132 81 85 96 254 12
    212 139 40 61 59 23 110 231 102 37 28 184 29 220 21 248 132 170 165
    26 192 79 120 226 196 115 161 25 35 242 235 168 42 191 82 111 160 27
    77 184 223 173 5 61 192 92 15 25 242 123 228 249 199 131 182 39 192
    82 99 74 113 32 164 212 204 154 230 130 13 150 70 209 220 178 235
    124 74 67 116 246 126 130 233 78 17 122 149 126 19 24 192 142 192
    111 61 172 82 13 75 135 55 101 73 173 221 109 189 218 201 195 79 150
    134 12 105 114 175 204 174 142 21 196 254 129 83 114 79 189 47 142
    204 38 97 145 30 220 225 245 232 79 78 187 2 134 125 242 57 64 218
    163 192 49 137 190 209 49 189 92 214 218 218 60 15 141 197 135 252
    100 248 44 163 100 110 78 185 187 243 152 58 61 179 241 70 207 69
    151 170 166 125 164 36 86 227 74 108 189 143 137 150 240 16 124 244
    182 2 112 196 162 54 75 229 132 238 107 43 77 0 74 224 110 25 16 54
    146 193 7 2 56 1 132 91 103 184 96 46 24 147 46 185 82 53 149 222
    205 195 51 168 126 149 8 54 107 92 67 235 4 175 25 216 71 228 206 53
    63 195 99 227 86 189 21 191 6 154 188 163 238 181 180 197 68 101 195
    143 220 68 63 185 102 167 166 81 238 36 252 88 17 37 225 241 234 81
    154 113 8 177 216 224 152 162 14 84 192 185 228 14 35 127 135 16 93
    196 131 75 137 253 255 98 56 59 121 77 180 191 29 81 69 103 211 132
    28 159 213 129 140 186 145 119 104 133 48 13 231 53 7 80 78 181 195
    2 0 12 143 70 223 190 232 9 214 189 52 170 96 25 191 28 123 90 244
    233 137 88 174 42 166 21 162 123 172 129 241 207 104 54 204 133 144
    202 65 32 90 143 22 143 107 32 191 230 245 237 22 26 72 84 248 169
    18 207 79 67 56 180 114 136 120 173 58 139 74 22 57 150 62 206 18
    165 46 136 108 27 22 51 76 190 26 111 189 227 224 84 76 103 27 216
    197 77 7 104 29 71 103 176 132 211 140 209 181 9 216 61 180 175 240
    124 135 18 158 206 13 8 184 3 75 162 220 171 117 139 113 165 147 252
    208 175 202 172 114 224 5 219 128 253 163 39 157 83 84 46 104 169
    180 61 189 255 22 228 211 95 37 17 228 24 160 249 145 152 157 186
    191 239 231 49 62 27 190 97 16 22 157 74 157 106 99 246 7 136 26 175
    87 86 74 74 115 19 129 215 43 164 231 206 168 113 24 137 167 10 228
    79 175 159 17 59 47 156 250 64 184 249 8 165 77 199 54 222 250 30 51
    33 74 250 251 183 83 35 10 10 230 34 229 27 150 157 200 35 217 11
    190 45 90 150 27 141 117 28 186 138 154 5 231 69 14 107 157 41 223
    180 199 172 66 27 251 173 201 213 35 52 93 107 64 226 186 200 123
    118 168 50 162 240 81 51 42 202 63 10 198 57 198 179 62 41 192 191
    184 33 11 178 157 27 179 136 107 169 246 42 229 90 11 239 100 179
    156 26 60 222 232 144 253 70 156 161 138 21 87 220 36 158 104 226
    242 4 197 237 253 47 183 253 37 115 139 142 44 23 29 163 187 78 39
    125 4 246 44 61 133 57 62 171 65 98 186 251 210 167 84 181 164 167
    253 130 248 224 239 6 49 219 108 37 146 156 205 254 79 76 205 147
    240 206 14 113 1 96 254 32 229 121 241 174 80 234 235 46 81 86 41
    228 93 219 109 201 177 18 67 75 99 122 188 181 153 173 9 76 59 137
    101 87 71 97 74 229 131 66 191 197 93 22 199 212 163 21 18 166 88
    110 133 132 25 251 148 207 250 140 149 60 253 232 45 222 178 209 231
    23 234 131 103 119 149 35 211 239 71 219 118 146 252 241 121 86 47
    80 99 196 185 218 79 171 82 236 171 92 5 184 104 89 75 158 89 120
    143 197 223 78 140 162 9 57 112 204 44 225 71 193 174 37 246 40 102
    64 111 91 233 142 18 105 61 26 255 131 11 156 3 194 177 41 49 136 7
    157 189 203 115 48 236 57 25 128 213 179 114 210 50 141 169 169 207
    19 155 45 60 22 47 205 87 152 109 254 231 3 147 222 1 167 210 64 28
    113 228 231 204 93 106 155 121 70 128 202 229 17 192 170 32 170 37
    246 233 93 183 177 104 53 131 157 235 241 180 117 37 112 50 92 223
    31 150 254 110 44 121 57 156 190 220 144 49 100 117 70 239 147 221
    210 139 95 1 33 217 89 176 201 36 238 10 136 223 0 246 200 187 139
    191 190 111 217 105 212 162 53 130 254 49 225 172 60 97 231 178 19
    247 12 45 24 114 55 169 233 115 225 140 189 62 16 147 168 212 5 24
    60 109 107 213 21 17 128 250 164 179 187 170 98 135 19 74 26 76 204
    88 162 73 164 171 174 108 222 161 246 47 251 75 65 143 221 213 54
    226 186 139 38 79 117 133 173 109 10 102 239 223 207 27 161 138 124
    128 36 241 16 95 15 206 94 248 35 205 68 247 103 227 122 152 88 151
    222 40 248 190 189 191 228 30 237 68 200 171 64 152 194 212 3 62 207
    174 207 198 33 242 202 221 168 163 121 116 224 225 117 116 74 32 7
    42 198 233 232 120 7 3 252 75 214 101 252 104 181 175 150 94 116 93
    47 243 108 232 66 140 125 241 228 24 198 81 27 144 166 183 142 57 45
    132 48 254 14 19 230 7 223 24 75 127 217 12 23 50 76 176 181 187 119
    2 141 203 196 154 197 20 127 216 48 246 142 36 7 229 138 158 24 51
    43 48 83 22 24 3 2 191 181 132 212 85 117 108 99 67 163 156 217 112
    249 39 137 69 174 155 134 61 45 117 182 152 128 157 45 48 127 56 71
    220 103 112 154 67 128 194 116 164 13 115 213 178 73 90 129 15 6 209
    89 62 136 162 218 122 7 100 83 85 15 214 203 113 5 19 45 206 192 81
    178 112 200 40 195 66 126 150 229 74 73 50 234 15 30 39 48 145 173
    242 210 10 172 250 115 221 233 87 75 219 39 186 6 229 17 164 128 191
    72 153 90 177 252 83 255 42 63 106 115 226 74 130 203 209 211 149 35
    129 181 139 178 224 238 230 197 9 130 169 127 40 71 8 2 164 17 123 6
    42 162 245 17 134 103 237 79 186 68 179 73 230 99 220 155 49 195 79
    254 57 171 204 223 85 248 216 53 37 66 115 80 63 106 103 10 7 23 165
    225 172 93 42 37 243 249 4 94 11 251 177 167 42 41 234 43 132 202 4
    185 166 172 146 245 109 100 195 80 157 248 109 244 192 181 100 168
    248 103 127 45 177 57 130 133 151 100 19 106 124 137 72 47 26 96 97
    66 89 201 55 68 56 13 81 66 93 27 54 178 10 249 227 246 40 35 125
    116 112 210 189 71 76 154 81 240 76 18 33 208 127 169 28 245 88 78
    191 48 133 140 29 88 8 82 127 122 205 189 28 75 51 93 194 208 254
    205 5 242 205 64 213 62 160 91 136 97 209 153 16 84 55 20 37 101 196
    244 81 221 126 82 44 213 212 36 66 171 147 36 183 131 244 193 139 6
    254 247 60 232 189 236 35 196 121 231 171 201 202 51 53 72 117 155
    97 151 197 188 190 136 225 152 186 249 128 158 98 6 163 74 208 86
    168 17 78 61 182 239 103 2 37 142 255 210 44 37 100 231 240 71 185
    86 141 238 128 30 89 207 21 174 26 249 132 152 153 4 189 135 6 238
    182 83 184 86 76 234 45 124 250 148 50 56 21 186 135 19 85 78 237
    153 139 64 107 122 67 71 159 97 230 231 250 80 252 121 191 113 146
    85 50 241 0 118 74 208 152 23 111 226 40 105 218 166 92 67 158 119
    196 27 172 53 35 209 176 208 98 185 113 27 174 26 159 102 254 75 247
    196 159 188 17 123 227 49 196 220 146 99 41 37 185 19 34 60 64 156
    133 189 65 193 180 192 27 12 147 172 78 188 240 120 186 179 196 96
    184 27 61 185 36 193 57 78 246 135 111 127 49 195 84 45 96 44 110
    137 61 50 12 17 167 79 47 92 202 186 71 88 92 18 36 49 90 164 193
    216 48 86 236 43 154 48 145 164 170 71 245 227 30 241 182 180 38 20
    212 17 1 116 171 42 166 200 23 142 144 177 192 25 212 216 107 66 174
    128 53 34 22 61 21 130 235 49 10 197 232 156 173 18 41 131 160 250
    142 202 49 238 17 97 66 235 75 148 75 30 81 90 228 115 37 146 40 165
    248 237 150 99 37 102 28 178 166 43 74 76 85 131 88 228 95 190 36 26
    16 118 221 249 52 222 152 14 146 50 255 176 59 36 156 138 146 71 68
    138 218 214 175 97 37 20 175 102 166 160 118 227 207 128 47 127 232
    82 47 110 190 119 86 61 3 72 74 200 32 237 247 104 199 48 124 23 29
    8 122 32 9 168 208 163 206 77 215 72 142 102 12 112 22 136 185 63
    156 148 241 118 61 165 23 2 209 134 45 111 222 131 96 154 125 162 53
    74 27 105 101 78 96 225 54 149 219 148 242 207 30 158 161 73 134 68
    126 35 172 75 207 43 232 148 27 66 85 51 61 207 239 246 67 253 76
    172 237 66 229 171 54 131 62 23 222 170 41 86 41 215 224 173 183 245
    161 188 47 60 255 104 181 33 187 220 206 145 180 6 38 76 46 95 196
    65 28 51 164 200 17 88 216 73 53 195 65 115 50 253 181 152 213 120
    24 135 120 52 48 102 8 157 181 78 138 58 226 22 169 20 195 197 214
    252 99 14 228 149 30 131 4 116 57 196 157 44 62 206 147 179 153 234
    13 41 159 251 14 158 201 246 212 19 114 5 126 46 156 132 80 103 94
    26 231 27 236 246 138 103 110 179 13 72 194 206 102 57 166 54 150 23
    74 35 132 125 236 90 228 118 123 231 223 109 20 68 211 115 163 129
    12 197 30 113 13 200 17 237 187 168 243 99 50 213 173 181 11 117 119
    154 7 54 208 96 209 201 137 246 50 98 190 106 192 178 201 84 199 24
    196 180 96 80 111 24 242 253 88 119 42 100 238 25 185 234 29 254 245
    18 157 147 161 99 46 123 107 222 26 204 196 129 216 56 179 110 204
    135 250 92 248 57 218 250 221 228 34 15 139 236 130 115 150 139 121
    17 235 228 167 201 19 229 220 220 214 223 112 152 21 46 207 214 106
    3 232 197 223 4 198 203 174 49 105 132 21 132 190 105 16 249 22 40
    96 169 177 164 49 236 240 248 110 16 132 28 181 54 252 187 133 33 52
    203 252 158 5 231 194 122 196 55 91 119 234 46 104 0 202 62 138 253
    34 153 201 129 67 213 82 157 202 172 13 15 189 16 160 174 246 183
    213 253 207 46 27 105 146 42 191 231 71 123 200 74 183 216 180 114
    216 247 108 80 67 207 125 245 165 123 139 117 42 77 237 187 57 124
    110 59 21 80 158 140 88 255 243 253 96 48 75 230 104 68 136 240 134
    192 176 140 24 232 148 243 95 105 232 255 110 107 105 194 147 63 228
    84 249 151 51 95 84 93 98 156 8 175 236 217 110 241 140 117 106 55
    68 230 48 205 43 37 110 173 42 66 60 243 217 120 116 110 129 61 142
    60 130 120 50 229 23 197 73 75 187 60 4 31 133 203 173 60 18 43 77
    160 27 8 241 94 201 52 164 173 192 204 91 90 57 81 102 19 33 133 14
    224 168 226 251 43 201 93 27 129 110 76 116 151 213 0 94 192 147 145
    71 253 26 59 207 135 164 104 245 34 52 228 27 105 82 107 9 143 205
    242 249 121 161 77 208 79 52 162 15 53 96 0 136 182 66 108 137 4 7
    179 122 151 185 243 37 57 117 111 39 174 32 132 218 10 78 220 98 26
    5 37 199 20 39 175 233 224 110 253 155 30 127 130 69 77 180 231 29
    41 115 33 0 220 56 238 28 112 188 143 95 70 157 26 77 160 30 193 46
    253 241 135 86 42 244 125 198 255 230 150 144 72 205 117 162 170 217
    234 183 89 151 185 223 73 97 7 172 178 55 211 20 146 193 105 74 178
    203 28 245 73 171 220 142 24 130 131 183 114 130 227 212 215 4 88
    136 30 114 169 164 69 22 89 159 166 121 191 159 161 180 229 163 15
    93 91 66 130 139 46 250 98 169 27 75 56 141 78 51 37 145 75 171 110
    199 240 171 197 242 180 30 171 126 42 106 70 249 128 134 249 66 157
    176 252 39 192 236 192 23 64 49 30 243 132 115 2 98 90 1 2 0 242 127
    202 170 66 135 243 231 110 68 174 27 255 143 68 193 217 233 245 162
    157 83 219 246 60 143 144 191 210 100 47 178 166 159 72 67 193 118
    55 125 26 74 213 201 38 175 207 67 216 34 235 164 117 224 146 116
    254 162 65 143 156 190 37 152 145 212 126 29 120 157 97 142 60 186
    215 108 255 75 72 44 147 132 131 213 73 7 134 102 64 202 16 40 53
    224 9 56 162 112 252 173 163 125 160 73 234 146 175 108 213 239 167
    67 230 188 30 93 211 195 117 20 212 20 142 74 226 242 157 111 208
    252 2 111 120 246 78 161 72 106 148 41 107 110 10 137 192 195 194 95
    13 239 114 192 30 193 254 191 125 35 163 85 240 14 10 253 8 164 70
    70 39 230 137 35 1 232 34 103 175 214 202 185 20 106 6 116 141 97 92
    50 189 71 139 187 26 219 135 32 88 250 76 160 182 121 5 3 151 102
    132 27 83 116 239 208 218 183 114 230 246 48 214 150 26 61 79 245
    131 73 100 5 183 8 119 235 33 153 72 173 30 92 130 99 108 111 34 176
    9 11 130 158 232 225 92 149 20 197 202 178 69 101 229 214 175 87 123
    140 136 137 46 28 246 60 179 57 51 147 113 253 122 101 221 171 93
    236 174 115 234 58 201 19 236 228 104 55 120 12 228 195 180 58 254
    94 4 84 227 150 87 162 120 183 27 146 56 159 253 112 69 231 241 122
    17 100 111 137 205 68 116 1 136 231 222 16 36 162 31 152 21 95 40 4
    136 37 8 24 248 50 85 23 89 189 95 190 216 32 126 93 20 179 100 123
    207 16 197 143 22 208 203 245 66 36 67 124 105 62 61 156 211 218 221
    85 56 41 185 255 253 114 56 80 80 6 234 82 115 187 15 25 71 9 207
    233 238 67 115 91 176 38 18 80 110 225 169 131 56 193 135 46 81 96
    123 157 193 30 31 54 34 90 81 72 184 55 226 155 128 12 203 206 244
    187 109 68 157 155 140 133 177 10 170 61 239 37 215 197 101 231 175
    7 46 130 15 221 57 47 185 66 173 165 227 229 228 74 61 162 93 141
    100 55 9 9 207 139 121 245 130 173 132 144 101 148 80 133 152 43 136
    71 26 142 220 239 110 59 85 23 8 234 250 247 227 148 230 38 69 19
    235 44 186 113 86 101 41 57 176 187 64 236 88 166 218 42 151 188 159
    79 111 48 227 188 37 71 34 253 89 242 31 54 196 196 86 73 60 213 51
    236 175 191 94 38 139 220 241 188 73 168 38 253 30 228 198 175 166
    164 218 240 108 211 132 245 181 120 22 134 143 45 47 232 237 12 174
    144 212 89 70 157 156 237 244 96 70 180 91 179 180 100 139 3 161 202
    156 225 133 23 139 75 92 27 10 58 214 24 223 81 206 227 67 30 175
    245 213 94 240 136 200 141 185 22 207 208 62 69 111 179 250 173 222
    238 165 178 128 32 51 167 90 192 77 250 68 63 181 0 248 16 1 131 219
    83 82 245 239 111 147 181 189 75 193 29 90 214 109 85 248 204 47 221
    107 120 1 36 20 40 114 26 187 163 203 141 116 217 239 214 29 189 130
    147 248 44 206 196 34 215 132 75 197 3 153 242 3 184 37 181 71 166
    159 197 102 88 172 216 207 125 168 109 246 146 73 193 96 64 149 229
    0 198 200 66 234 42 11 217 51 52 97 76 72 82 1 166 218 34 168 72 198
    12 172 64 252 240 215 74 148 141 91 27 85 125 83 249 150 59 45 81 71
    243 127 149 9 225 68 71 90 61 231 21 11 147 4 214 62 111 253 13 203
    190 182 205 122 239 113 94 39 129 145 166 24 227 207 178 77 90 95 37
    88 248 253 211 215 91 219 0 127 65 145 140 63 99 22 209 9 195 17 208
    229 142 22 129 193 221 67 144 118 29 21 233 242 63 39 97 93 64 215 7
    212 142 101 217 163 7 250 81 212 139 165 128 237 245 52 36 58 124 63
    127 140 141 231 106 170 173 161 169 27 80 250 250 180 50 229 29 85
    57 60 155 105 140 110 235 132 222 253 206 119 32 193 201 196 121 27
    159 176 153 10 114 39 20 115 122 35 96 121 117 149 23 70 142 69 54
    113 65 213 238 90 19 19 148 202 73 250 3 159 36 157 90 212 94 73 94
    124 91 148 28 62 243 30 124 157 70 63 217 104 48 199 229 22 51 195
    125 171 92 157 39 221 252 4 87 117 152 200 204 108 148 248 195 128
    152 68 182 198 202 48 235 221 18 204 117 17 180 184 37 188 120 67 33
    213 176 43 95 193 224 195 153 106 78 90 101 144 226 11 115 6 30 205
    186 38 126 169 65 81 149 230 172 124 156 91 99 33 65 70 153 222 167
    102 135 90 107 49 241 200 248 228 166 72 168 66 244 188 142 61 29 69
    85 187 31 111 227 160 159 81 37 83 19 215 42 104 42 125 38 73 214
    108 65 160 98 104 62 239 92 9 83 182 161 163 128 145 84 61 186 91
    191 134 194 159 49 66 169 1 33 138 48 226 181 137 11 147 85 103 150
    75 116 126 88 114 228 55 52 120 108 101 165 243 183 19 211 132 93 24
    44 223 16 73 213 92 107 4 240 110 93 40 112 63 230 134 116 76 59 147
    214 76 62 98 250 168 149 181 138 245 251 28 43 231 215 94 196 235
    132 218 108 165 146 49 222 25 46 207 49 51 130 137 120 232 216 146
    133 170 63 153 151 149 143 248 11 220 57 233 215 125 24 60 9 220 177
    243 137 174 135 101 143 112 211 7 87 71 111 176 128 51 239 202 192
    255 217 197 196 54 117 189 155 28 218 212 64 133 114 147 60 244 40
    165 168 49 204 19 36 122 174 85 108 104 27 212 160 21 30 136 54 202
    152 19 32 161 115 113 83 137 180 223 173 145 153 47 196 224 214 137
    253 33 181 217 212 117 37 136 2 247 80 0 30 108 51 144 130 86 130 48
    66 44 95 18 58 135 29 137 171 117 137 79 254 71 235 101 131 229 170
    12 49 202 128 91 54 138 144 167 19 180 29 29 8 229 246 250 85 6 107
    129 11 112 233 75 249 90 167 245 21 201 155 53 44 237 58 25 153 120
    213 247 255 53 24 58 52 227 232 227 198 210 23 121 82 216 44 125 26
    57 3 93 10 185 253 151 124 63 32 162 87 220 182 32 143 162 250 28
    179 229 145 183 92 44 174 162 9 26 156 114 32 130 34 150 58 15 175
    170 230 160 150 222 217 20 57 0 136 196 138 70 165 159 27 137 70 241
    211 111 59 52 196 9 118 221 210 176 69 198 99 77 137 124 5 234 235
    169 34 236 181 198 212 252 144 206 174 76 77 124 82 227 205 246 153
    64 171 28 88 65 167 101 65 149 66 23 84 42 228 189 65 102 130 136 40
    47 198 156 134 111 50 163 87 252 25 187 252 196 67 91 20 166 70 21
    153 120 104 190 123 150 0 209 1 204 32 77 210 172 23 169 190 212 58
    5 22 151 76 3 117 178 231 66 15 59 14 125 94 33 247 180 196 103 245
    98 207 16 111 221 73 242 189 164 34 30 207 18 134 32 221 206 172 100
    110 123 172 226 43 178 42 224 100 206 245 160 189 153 103 220 22 19
    25 54 143 48 129 167 45 226 121 48 101 221 187 234 205 200 209 84
    135 60 236 86 62 205 27 192 210 94 1 40 50 106 177 151 160 183 24 66
    121 122 115 231 68 227 190 78 67 90 133 147 57 219 246 191 142 81
    128 176 239 197 165 224 52 43 3 147 123 1 131 238 219 10 68 15 129
    21 10 164 53 108 66 160 216 27 142 138 156 165 225 19 165 197 155
    113 26 12 103 60 197 143 69 206 37 149 94 105 164 152 128 5 239 25
    151 200 251 96 21 52 183 230 159 21 131 99 2 240 86 206 200 198 51
    15 139 107 52 17 160 224 149 31 253 176 199 137 151 196 34 96 205
    163 38 98 52 41 135 11 50 116 48 155 151 170 79 224 108 108 187 107
    221 183 88 216 120 227 108 130 86 206 139 64 250 24 229 43 8 19 185
    227 222 164 31 17 193 247 115 103 171 53 113 228 64 47 148 245 186
    212 85 100 132 153 136 148 45 9 124 169 142 222 128 0 136 187 101
    212 210 226 115 138 20 55 227 72 153 110 91 43 115 166 172 195 232
    72 117 241 127 69 158 56 222 59 117 119 218 136 68 3 148 204 22 243
    124 109 152 11 175 129 137 99 230 70 213 141 246 145 223 167 166 144
    65 201 217 254 35 67 154 56 134 61 188 66 35 174 2 146 28 56 198 192
    239 196 235 171 13 224 30 158 210 191 195 127 6 196 214 238 169 62
    145 235 192 254 25 106 21 60 55 200 14 236 114 182 205 183 95 251
    141 246 48 90 95 32 184 173 128 196 140 84 225 143 114 193 128 239
    121 142 106 188 120 100 73 193 211 53 246 158 105 168 202 206 85 15
    8 55 88 255 176 42 145 112 174 105 26 130 109 235 224 74 120 38 209
    237 19 87 48 44 124 63 218 39 49 52 113 223 138 72 79 248 64 49 201
    190 89 246 113 81 131 47 161 209 82 21 227 109 255 152 147 150 3 201
    62 15 233 71 241 209 46 131 91 251 14 163 53 217 100 172 87 222 25
    38 85 182 147 36 210 124 37 233 86 61 226 229 179 178 206 194 6 75
    39 204 149 185 238 46 39 124 187 240 54 209 113 107 167 73 21 236
    198 82 154 196 168 225 178 111 202 246 62 145 187 180 236 221 17 86
    1 100 219 49 185 233 243 177 98 141 201 51 30 198 58 95 198 106 131
    118 247 65 127 230 70 192 48 46 33 239 0 169 108 196 108 244 124 48
    172 54 117 188 3 181 17 244 213 113 46 140 117 103 238 183 130 253
    12 183 33 172 229 49 228 100 42 202 123 246 42 47 48 82 79 9 122 18
    111 241 129 12 137 39 173 193 14 129 229 5 99 39 33 10 167 157 155
    214 193 93 247 45 150 48 134 79 88 236 132 113 75 243 92 141 132 98
    65 109 105 241 55 53 230 109 84 65 53 156 1 67 150 144 221 69 129
    206 117 143 169 228 244 54 37 239 178 98 125 127 222 244 197 25 119
    115 176 93 141 174 210 176 8 123 72 73 170 199 216 150 4 231 148 211
    73 237 106 37 38 35 20 186 37 235 3 169 112 19 163 136 134 183 88 83
    15 205 233 14 116 100 242 78 125 248 82 249 99 105 167 94 119 131
    110 57 144 197 58 249 101 175 211 204 55 142 162 208 102 156 129 17
    122 176 246 229 242 247 225 16 23 49 68 95 61 230 173 132 147 59 57
    140 233 125 28 46 38 48 31 14 80 152 231 114 232 152 84 22 16 128
    244 102 54 172 170 172 43 246 99 212 79 86 31 216 84 89 0 35 56 216
    206 173 90 27 107 95 31 74 116 185 251 68 93 217 249 85 237 100 153
    211 147 236 183 87 32 21 10 251 161 24 128 60 91 38 150 225 88 195
    194 179 209 249 143 132 225 196 251 123 132 0 228 32 207 170 209 237
    107 190 20 16 65 209 101 17 86 99 125 148 220 20 89 29 33 33 174 106
    198 158 49 189 243 223 131 222 181 162 5 237 143 51 118 170 75 118
    151 124 234 86 107 218 54 119 53 151 57 155 72 15 95 87 133 170 221
    69 50 209 14 151 185 139 136 208 248 193 96 32 83 101 10 117 125 206
    105 14 225 116 62 213 112 165 252 68 120 20 50 107 210 9 77 26 212
    166 111 20 238 164 141 129 75 180 179 16 175 87 212 169 46 83 119
    236 178 203 213 14 98 240 59 184 131 19 206 134 3 27 125 93 227 58
    203 24 254 109 59 80 147 138 104 87 246 178 166 167 101 10 5 179 50
    119 165 250 133 51 118 58 91 205 83 119 44 50 198 251 113 180 175
    231 50 23 154 211 161 210 246 224 139 40 233 215 64 38 37 22 176 147
    93 118 164 77 142 189 76 106 185 221 137 85 222 221 188 215 124 65
    194 115 184 228 161 179 55 240 78 153 14 247 180 151 254 126 184 217
    123 15 240 189 118 207 194 11 43 83 16 226 38 131 201 79 135 155 40
    253 200 64 83 243 90 30 223 174 171 253 70 205 242 123 135 55 21 7
    215 71 184 101 39 66 194 57 210 95 104 211 112 113 210 219 172 51
    168 47 114 212 11 21 88 33 227 75 76 1 213 85 134 67 29 245 29 15
    119 165 147 216 82 63 179 157 158 215 175 81 163 55 15 234 31 200
    111 239 103 128 91 191 8 108 195 37 65 86 241 27 230 43 102 194 190
    95 170 211 76 84 243 131 137 36 16 109 242 205 109 182 3 70 63 31 58
    112 48 132 192 216 221 209 71 95 236 212 137 14 16 192 50 65 112 208
    74 254 37 195 80 232 40 95 81 35 93 242 25 229 129 1 224 218 216 206
    61 98 179 207 206 184 151 137 183 22 128 224 191 180 63 178 215 152
    23 246 34 247 201 78 104 152 119 222 168 85 155 126 180 65 68 176 56
    1 37 78 212 120 160 148 205 230 241 68 13 141 71 50 77 243 101 51
    182 11 199 23 200 84 239 74 87 94 105 47 107 188 172 97 216 141 235
    209 67 152 237 209 53 7 55 65 67 237 140 189 95 162 252 113 146 137
    217 219 69 204 41 112 142 214 204 125 29 143 175 234 15 100 84 217
    57 228 66 43 2 134 165 195 94 133 187 187 234 90 193 121 30 48 88 77
    239 240 128 125 147 107 7 226 110 9 197 13 200 15 153 121 196 63 167
    160 167 172 87 251 155 32 20 154 32 98 69 239 102 219 241 232 175
    121 107 87 5 104 54 86 89 194 90 46 253 15 53 72 109 221 119 139 189
    21 40 41 88 151 186 20 73 247 97 158 103 200 133 185 246 199 168 174
    114 123 93 81 70 169 208 206 206 99 189 140 100 233 61 165 166 27
    195 61 191 42 103 27 40 214 116 192 246 143 204 65 72 152 212 37 19
    65 184 42 56 53 185 124 25 207 5 1 93 15 106 241 21 114 246 82 51 25
    4 225 65 254 231 75 3 193 149 18 227 60 214 84 228 214 204 31 111 29
    123 137 57 99 88 224 57 58 43 26 229 125 200 34 29 213 63 209 227 96
    198 135 251 55 254 143 3 13 3 98 158 152 133 169 114 73 42 71 195 89
    127 73 181 128 175 98 205 151 113 5 16 169 73 119 190 46 121 69 122
    50 62 152 191 191 87 223 144 77 55 116 97 6 44 92 128 28 193 154 172
    21 114 22 185 193 59 138 251 47 139 124 168 14 207 45 123 55 223 176
    174 169 221 54 231 243 156 218 45 46 129 63 61 98 248 56 122 75 73
    202 25 219 81 57 100 81 61 204 122 87 16 208 183 145 139 239 104 207
    153 66 63 215 25 200 1 68 86 16 85 159 244 117 192 181 238 210 175
    136 62 186 65 126 233 108 101 195 139 75 218 218 125 87 109 244 116
    107 23 73 194 128 10 168 183 214 210 134 122 240 65 143 209 52 86
    249 198 60 37 22 148 49 120 250 99 186 195 236 95 5 249 169 10 47
    199 48 163 7 66 215 211 94 242 233 42 145 205 108 168 162 93 11 224
    103 105 216 195 52 111 210 232 42 152 239 244 58 177 79 61 102 27
    113 241 1 230 145 245 210 185 5 128 238 156 229 79 64 106 95 149 241
    30 11 47 157 211 142 201 11 103 171 116 142 140 180 158 176 86 125
    157 222 166 161 14 109 201 50 207 90 62 228 243 77 190 25 28 240 181
    13 103 240 208 52 181 222 197 219 207 46 157 116 141 251 76 57 167
    127 17 243 83 85 182 172 63 145 64 149 207 111 173 58 109 236 175
    249 244 238 6 201 117 241 217 168 137 43 159 103 57 159 129 172 169
    29 38 169 124 204 212 4 102 191 238 145 81 68 33 246 202 105 42 80
    123 107 244 47 190 179 30 78 63 39 248 102 93 251 32 249 142 173 59
    212 141 84 250 149 111 49 251 222 223 127 174 29 175 201 95 252 35
    243 149 45 245 80 58 119 166 117 21 166 99 206 205 0 96 66 69 242
    165 74 199 149 132 206 48 13 118 67 127 167 201 208 227 184 82 165
    135 14 15 165 179 216 190 64 161 36 94 177 59 155 63 144 147 255 7
    67 149 42 52 143 79 161 44 216 147 216 110 121 160 17 227 33 81 3
    209 238 58 209 61 146 78 55 47 51 135 107 61 252 69 210 214 10 144
    218 73 11 99 4 91 84 36 204 143 133 176 244 56 66 178 254 173 213
    161 91 80 0 131 78 103 106 200 166 240 85 117 72 76 158 156 124 33
    47 77 74 100 46 51 202 77 167 153 67 197 245 185 151 188 95 87 108
    229 40 213 71 27 160 142 142 235 250 201 141 136 37 255 151 243 213
    113 33 114 35 97 246 171 7 253 121 23 98 124 226 236 1 87 141 60 235
    216 31 77 173 68 174 152 146 136 186 36 48 108 22 50 75 150 36 228
    161 255 147 228 38 46 126 231 250 119 200 223 21 236 59 219 245 244
    207 6 215 165 189 36 132 196 14 229 178 138 175 8 148 70 107 169 180
    50 84 225 88 118 123 219 115 3 192 139 111 142 248 204 255 26 160 61
    105 53 54 198 127 13 95 205 185 59 101 226 37 207 186 175 205 134 12
    201 163 6 122 33 210 53 104 204 157 208 6 24 255 109 203 199 7 118
    137 170 48 220 122 103 5 142 34 227 197 31 217 107 167 35 129 179
    117 4 131 234 85 248 179 242 155 143 100 108 208 253 245 137 237 155
    15 228 12 53 4 111 152 77 201 129 80 96 238 174 11 217 25 182 18 249
    72 215 198 209 47 13 69 195 123 66 201 230 29 104 50 26 90 101 42 27
    235 20 103 175 78 126 74 159 137 99 10 87 171 121 20 60 86 127 86 49
    130 241 11 65 207 183 178 183 38 232 20 77 153 97 20 188 214 81 240
    193 175 68 21 173 73 48 134 39 150 147 184 177 243 141 134 26 165 84
    74 21 86 8 247 89 227 220 174 125 138 0 91 35 8 232 153 222 232 17
    255 50 214 161 215 161 53 206 31 11 135 132 248 111 43 243 247 234
    138 154 226 252 225 200 109 30 26 255 145 1 105 232 66 154 196 129
    218 209 242 224 138 23 32 3 120 55 116 221 153 111 141 129 252 241
    20 71 226 255 10 11 232 72 238 220 237 244 77 131 255 194 83 251 55
    67 195 185 229 68 223 138 251 103 219 68 56 206 55 207 141 79 123
    239 46 1 57 255 219 150 59 198 119 0 14 9 38 217 61 234 226 251 133
    90 8 39 104 41 82 212 233 151 170 39 147 52 164 109 60 252 98 71 26
    71 127 174 88 102 23 254 37 137 92 18 167 63 39 15 67 66 13 73 205
    69 83 64 185 239 136 195 57 129 245 12 206 41 52 53 170 86 119 38
    143 213 154 222 202 198 32 206 255 254 186 45 90 93 142 170 65 237
    39 13 254 140 178 244 173 171 195 106 243 42 229 155 67 164 228 23
    239 238 29 70 250 43 142 188 185 193 19 159 195 134 15 118 177 51
    248 73 246 189 186 130 98 80 6 170 98 80 56 76 8 65 71 30 136 15 208
    199 143 185 246 243 34 149 89 229 48 101 29 42 32 22 127 72 206 36
    60 149 205 42 148 251 50 42 129 209 53 208 160 232 201 161 0 167 32
    112 163 46 191 183 144 64 89 235 240 233 18 203 239 175 125 53 47
    231 175 74 230 53 182 145 32 243 252 131 173 119 19 92 153 77 155
    171 83 219 3 109 6 155 205 199 212 26 44 177 91 175 5 182 241 162 60
    74 28 36 51 155 150 92 215 33 120 152 161 74 121 95 159 78 18 140 75
    179 212 74 202 108 238 124 224 242 168 211 37 5 204 216 49 150 80 71
    251 35 133 51 186 50 10 200 209 165 191 159 52 182 6 99 162 112 110
    72 205 17 196 145 82 229 58 196 23 180 131 221 118 146 188 237 46
    202 217 103 16 59 141 127 67 49 0 7 240 59 60 220 218 18 98 44 155
    236 85 82 160 46 10 255 117 82 165 175 233 122 116 101 159 141 191
    163 50 251 194 189 163 66 218 176 28 131 108 86 200 45 84 102 247
    166 4 229 77 237 195 128 128 66 116 168 235 200 159 100 98 16 32 118
    184 62 72 93 166 234 231 182 28 114 28 190 62 62 127 83 132 9 167
    145 18 92 168 209 96 112 218 241 124 134 236 94 8 180 74 80 135 195
    142 112 32 24 70 207 88 125 23 145 63 39 11 162 205 147 208 225 118
    250 227 15 124 99 199 150 187 160 47 170 20 22 64 89 13 224 254 184
    50 246 88 220 75 171 97 188 146 111 48 198 143 20 165 20 68 25 199
    252 47 81 77 10 26 208 26 197 173 162 233 129 53 9 191 204 107 91 11
    250 82 182 172 22 76 191 231 237 222 202 184 179 15 48 1 95 31 50
    154 53 209 158 41 115 103 173 116 89 172 112 163 129 6 25 8 246 194
    186 46 52 255 20 95 240 146 159 48 142 111 82 161 249 229 116 97 126
    20 55 112 46 231 150 40 158 246 110 210 247 248 242 9 71 216 157 178
    154 191 236 15 123 45 115 49 216 162 204 225 248 182 19 120 40 52
    133 114 31 86 168 6 211 191 143 4 173 208 45 104 186 112 124 192 255
    130 64 247 65 241 150 154 249 70 244 175 101 145 44 156 227 242 114
    160 27 30 186 253 182 179 37 15 61 135 205 171 160 252 96 34 232 223
    91 174 167 238 155 82 127 20 143 179 125 109 224 187 106 175 253 216
    31 199 4 38 134 64 61 48 5 98 48 104 112 11 206 237 139 109 17 174
    55 133 218 13 231 116 98 197 54 5 86 99 243 86 18 125 36 76 120 40
    138 161 73 48 106 60 141 244 110 163 202 232 48 76 85 42 33 124 89
    197 119 185 171 253 68 209 22 253 185 163 138 11 124 181 174 136 9
    53 183 187 9 165 108 120 112 227 79 195 148 67 106 115 85 160 26 89
    151 167 225 3 63 204 48 71 217 231 40 246 227 223 177 250 196 27 25
    132 79 69 14 135 69 74 230 225 153 217 169 131 254 177 126 115 117
    82 247 222 220 204 86 109 153 225 247 56 25 36 155 60 145 81 106 174
    66 143 38 179 60 77 72 195 236 238 46 102 98 254 172 77 94 154 86
    220 186 51 137 113 93 103 205 62 111 7 251 216 80 192 229 38 12 92
    113 4 93 112 178 111 107 69 158 33 40 156 172 174 196 55 147 225 252
    112 239 0 94 86 206 106 106 234 127 73 232 123 78 30 17 173 89 14
    189 222 0 106 169 55 153 112 154 158 228 119 52 15 90 189 82 221 116
    203 89 124 243 194 90 221 203 93 82 153 194 230 24 107 7 203 161 30
    98 71 105 234 45 2 138 125 129 132 158 74 174 215 234 68 10 193 194
    110 201 249 140 24 163 148 249 21 138 125 38 244 77 126 82 22 141
    115 197 95 205 123 190 54 151 27 163 57 227 142 73 155 8 166 226 204
    233 73 157 217 252 73 191 2 88 153 31 61 64 3 219 154 121 159 213
    198 174 136 245 109 200 206 20 51 48 130 160 24 20 116 246 195 237
    219 81 255 43 132 153 22 168 79 71 102 32 101 217 2 137 187 167 116
    235 156 141 77 67 98 43 130 124 35 99 62 18 153 86 32 157 109 129 24
    62 229 112 51 241 97 21 61 45 33 231 107 136 137 42 150 19 151 243
    81 138 163 59 142 101 6 1 221 19 77 75 252 176 18 188 47 174 53 138
    166 167 102 68 232 247 183 246 50 201 122 204 213 128 39 91 142 251
    17 169 87 148 82 95 237 184 243 21 42 122 203 146 66 142 208 65 202
    139 192 185 125 233 28 14 141 251 79 253 70 219 201 96 27 215 140
    147 153 91 48 176 26 184 11 231 208 183 231 183 190 45 95 103 170 70
    128 220 94 77 106 176 0 61 7 240 92 11 242 218 84 119 63 252 142 214
    156 247 90 60 167 164 194 104 34 21 231 228 67 121 39 215 131 47 229
    72 139 7 52 228 15 31 216 210 251 235 111 218 166 219 219 215 36 73
    52 38 207 54 130 103 151 77 69 144 21 51 63 52 219 249 74 241 206
    156 28 67 229 42 112 192 219 145 103 140 41 179 244 80 181 243 21 34
    44 157 38 114 102 220 43 211 232 185 189 177 16 194 44 157 45 147 23
    97 148 109 83 81 185 100 53 38 96 111 109 116 63 169 5 108 84 209 19
    136 108 228 37 71 135 148 89 201 104 85 39 28 228 48 105 215 55 40
    109 27 188 20 61 71 199 12 68 188 115 68 167 221 115 175 222 78 184
    63 202 158 120 230 77 165 158 167 174 38 144 11 211 253 243 233 169
    5 212 104 12 223 237 21 176 180 39 194 249 252 0 253 166 182 107 121
    173 238 8 30 47 163 247 106 223 163 120 191 30 6 177 229 175 30 86
    185 48 61 8 127 127 69 133 104 105 67 133 60 169 57 120 154 29 177
    69 170 86 217 36 222 246 107 196 94 42 13 97 98 59 129 29 169 0 62
    12 89 225 224 114 28 81 180 44 47 75 179 255 20 221 254 134 169 95
    84 149 184 106 201 59 101 9 58 78 7 90 187 225 235 208 182 128 212
    109 169 166 117 63 20 236 35 32 189 164 40 220 91 72 249 18 82 231
    154 240 252 239 21 189 35 119 255 246 103 66 6 98 221 16 202 78 109
    117 219 213 205 255 53 3 130 210 220 92 107 154 35 199 96 83 125 142
    37 46 223 77 47 205 215 22 151 173 219 170 157 227 5 183 117 185 146
    46 84 131 185 60 18 73 222 251 18 145 65 115 162 84 85 243 151 2 178
    180 6 105 20 189 117 156 28 159 124 242 196 215 2 138 70 254 237 97
    218 237 175 197 76 102 119 217 41 196 160 55 56 8 28 41 78 126 255
    237 207 110 226 230 100 209 109 73 77 96 196 157 74 27 17 173 139
    252 107 96 8 11 234 252 215 2 225 55 135 155 13 35 5 25 22 230 197
    197 194 170 98 73 176 96 106 187 248 151 5 8 213 42 11 222 11 24 245
    200 94 253 229 11 7 113 248 148 237 222 172 137 134 236 190 63 0 158
    104 221 199 233 0 59 61 66 30 207 232 171 6 105 206 7 174 133 219
    111 91 103 169 192 90 150 115 13 222 125 162 36 250 18 179 91 220
    231 97 212 133 81 141 176 17 13 186 65 184 179 181 222 15 176 157
    177 144 216 230 158 180 226 112 242 28 113 119 228 73 162 101 254 53
    217 61 195 183 109 38 78 83 80 75 239 56 208 54 241 28 0 126 4 158
    168 195 247 6 221 22 235 149 216 26 43 132 112 113 153 65 31 58 151
    209 62 38 160 64 7 222 139 185 188 134 183 0 163 103 119 252 85 13
    141 115 198 147 103 164 17 153 248 23 234 153 131 213 224 68 126 227
    215 171 189 121 53 130 96 137 81 120 56 137 51 136 226 203 136 185
    34 3 226 198 72 187 82 149 105 90 60 107 169 65 246 15 135 240 150
    35 169 29 157 203 134 140 181 221 103 238 219 8 156 234 32 176 153
    190 254 128 126 28 27 88 41 144 44 125 246 144 4 167 168 245 40 192
    187 87 231 46 181 0 83 197 35 192 138 128 209 78 175 157 44 37 105
    78 56 87 56 24 105 86 191 190 212 142 55 133 223 38 140 239 73 144
    145 168 172 243 189 2 137 201 113 203 55 140 193 70 24 90 154 43 199
    209 99 21 232 121 71 2 32 122 197 143 209 243 6 12 177 64 105 44 122
    176 89 223 132 8 215 49 153 145 195 235 109 130 237 19 165 20 42 54
    245 162 142 99 225 73 104 179 69 186 142 221 86 105 144 54 166 127
    99 13 46 151 3 111 31 102 232 138 127 241 217 225 210 19 220 23 42
    10 244 53 60 191 239 194 30 114 103 184 216 148 150 23 202 55 107
    187 68 3 89 74 152 178 55 183 197 101 190 45 76 123 241 255 28 251
    44 134 251 241 242 134 12 81 243 111 226 146 169 140 136 145 154 148
    193 97 48 173 13 253 74 16 30 170 238 40 19 237 74 226 28 243 249
    183 190 240 27 168 159 146 90 96 88 232 98 138 11 181 206 114 100
    104 253 39 148 108 53 143 190 221 70 128 40 90 38 151 113 103 153 40
    171 81 96 104 89 251 203 59 173 99 73 176 149 53 249 157 164 117 18
    190 194 141 195 252 158 129 132 10 106 49 75 146 99 228 84 174 214
    69 221 77 242 227 93 197 175 32 225 216 30 199 227 218 36 44 152 133
    10 129 34 162 73 103 66 160 19 214 185 176 36 184 32 119 229 230 184
    42 121 197 99 74 112 53 120 119 2 121 15 22 166 136 190 3 14 252 135
    90 67 196 220 186 72 186 204 56 144 65 245 176 113 164 115 155 190
    135 132 102 83 76 44 80 5 218 21 215 13 55 36 167 77 154 121 125 234
    69 115 32 23 24 205 54 141 138 116 201 132 49 249 213 254 194 184
    140 255 58 160 206 197 191 73 30 56 15 228 133 213 49 242 136 252
    102 252 31 180 2 128 216 73 38 92 31 187 87 80 210 52 199 126 38 40
    204 186 185 162 202 107 161 237 130 139 127 137 40 240 91 221 75 116
    164 146 216 107 130 112 77 94 40 45 27 170 24 154 208 95 46 191 153
    58 123 16 44 184 132 169 48 171 55 245 136 203 146 96 184 48 180 78
    217 45 207 92 119 193 139 139 244 66 143 189 84 234 218 47 188 91
    169 73 189 53 195 64 109 126 89 158 105 60 3 191 220 222 225 229 207
    54 96 5 129 236 208 78 229 169 148 16 247 26 75 23 60 178 57 239 245
    176 136 187 251 200 11 252 108 197 206 186 84 77 106 108 177 17 225
    116 238 246 82 214 10 169 164 58 240 232 24 17 88 242 251 88 215 220
    203 220 152 224 144 109 119 183 7 170 68 170 200 120 17 134 76 189
    184 28 37 232 33 72 103 116 14 3 42 22 224 104 37 222 159 232 162 9
    245 209 222 126 190 38 137 44 188 66 32 219 219 51 133 192 234 57
    164 199 163 118 22 250 31 50 119 80 108 161 46 141 61 119 218 51 219
    96 144 123 228 243 69 217 17 41 251 230 52 190 145 140 252 10 8 233
    90 224 227 146 74 15 201 36 36 87 107 50 238 53 108 240 162 157 139
    67 55 42 108 69 89 229 149 119 217 89 197 143 207 63 210 183 80 83
    63 68 204 98 162 218 170 254 238 136 229 34 171 245 113 90 82 186 96
    217 58 200 183 135 170 199 173 168 88 47 114 33 227 254 254 0 198
    163 211 104 203 61 75 15 57 230 113 244 133 182 86 135 210 109 190
    129 184 3 212 175 162 231 159 254 143 190 171 5 113 119 253 6 123 37
    102 45 152 78 136 174 242 11 38 75 168 80 232 175 146 149 123 152 16
    234 45 169 237 206 28 11 194 26 135 187 109 186 36 35 250 191 51 194
    0 118 221 41 216 211 154 13 115 182 185 242 20 245 77 168 34 81 30
    84 12 131 34 141 18 245 140 13 192 233 145 82 216 73 124 58 188 54
    163 21 24 186 133 199 127 5 20 163 86 71 164 64 180 209 78 138 147
    243 39 28 204 246 12 108 168 52 116 179 163 86 6 17 103 109 226 5 26
    118 2 144 255 121 223 217 176 107 79 136 88 181 85 221 10 206 80 47
    202 191 237 83 175 154 12 73 156 209 195 164 78 208 239 37 10 204
    228 171 225 140 23 61 66 185 117 200 124 179 185 29 214 164 145 7
    112 116 236 155 212 211 42 183 151 238 246 207 130 142 177 78 112
    140 180 136 146 74 60 133 18 33 176 211 83 166 76 118 133 162 4 103
    244 83 122 26 248 162 48 196 93 85 161 237 96 254 114 132 21 49 236
    36 202 59 208 180 217 103 197 33 152 120 156 30 48 23 231 194 12 161
    125 77 52 15 36 155 241 151 58 106 9 123 204 65 16 90 203 11 152 22
    132 3 203 148 189 18 175 37 80 85 226 113 241 51 16 157 209 175 118
    21 60 71 94 17 46 71 207 223 185 51 201 11 199 199 107 16 245 151
    222 79 251 40 173 0 177 20 213 136 125 44 138 79 77 97 13 26 226 32
    59 8 118 24 232 80 51 232 139 71 27 171 68 193 27 96 224 163 123 146
    253 181 134 58 188 254 242 208 112 165 5 43 201 233 97 222 39 252
    106 247 33 217 239 182 156 37 98 61 61 114 42 109 184 84 95 30 137
    157 160 144 162 1 93 93 107 30 97 128 197 200 108 17 187 229 220 124
    80 253 98 15 88 190 152 49 38 44 39 40 168 171 12 149 129 144 40 222
    28 182 191 117 3 63 60 133 69 127 164 92 28 2 211 230 181 52 201 156
    87 159 158 31 162 155 67 170 245 56 91 39 217 159 253 209 84 71 74
    253 201 246 201 87 57 11 105 241 247 222 153 93 196 195 30 58 188
    174 232 146 12 185 73 17 215 167 218 231 126 102 31 68 6 246 179 247
    155 55 181 226 129 200 237 182 54 104 106 69 163 153 34 131 93 78 49
    123 183 3 72 193 219 46 191 15 167 36 233 247 14 31 166 180 86 222
    88 113 55 154 203 129 66 115 10 120 75 103 22 134 153 226 174 110
    110 236 35 114 172 153 60 132 194 148 206 121 133 72 146 177 68 141
    155 168 155 126 162 13 107 83 244 82 24 110 91 246 247 207 126 163
    28 55 15 210 5 80 87 101 152 207 72 14 39 145 205 111 19 211 156 107
    51 107 216 159 178 122 208 33 231 220 102 46 70 76 21 221 255 47 141
    161 159 220 55 151 244 225 73 114 130 190 243 150 94 150 3 105 156
    186 205 32 70 24 109 73 213 112 175 247 22 165 27 233 41 62 133 172
    132 200 97 42 233 172 36 88 208 20 189 14 194 154 24 167 249 227 215
    30 89 104 232 165 99 70 62 95 85 66 230 168 174 95 236 171 16 233
    214 223 255 216 45 92 58 181 133 156 109 191 247 244 71 234 79 172
    245 68 190 255 219 133 124 137 31 145 133 151 184 84 74 214 67 96
    225 201 226 188 81 115 166 24 159 76 50 229 108 213 160 98 126 148
    166 16 106 193 148 12 110 11 215 93 36 53 23 64 180 142 80 201 4 137
    199 192 27 201 251 12 122 84 49 65 147 156 53 166 240 228 9 105 141
    216 40 102 93 148 229 17 254 159 75 121 18 80 176 124 59 98 231 167
    128 84 117 215 15 135 148 56 173 22 175</data></test_img>
<my_img type_id="opencv-matrix">
  <rows>128</rows>
  <cols>256</cols>
  <dt>"3u"</dt>
  <data>
    255 109 231 255 51 49 0 255 255 0 0 255 0 0 255 0 0 0 255 0 255 0 0
    0 0 0 0 138 255 205 255 0 0 44 255 255 0 47 0 0 255 255 108 255 0
    255 112 255 255 255 0 0 255 0 207 0 255 227 0 0 0 255 0 0 0 0 0 255
    0 255 90 83 0 0 255 255 217 255 255 214 49 0 255 0 255 125 0 43 255
    0 255 0 0 0 0 0 255 255 0 255 0 255 21 255 0 0 0 255 255 0 191 0 255
    0 255 255 255 255 231 0 104 255 110 187 255 39 0 0 255 255 255 0 255
    0 255 18 252 0 0 255 255 255 183 255 197 255 99 0 255 108 255 0 255
    255 255 0 0 255 255 255 255 0 0 0 13 0 255 255 0 0 255 202 0 0 112
    255 255 112 34 255 0 255 255 255 255 255 0 76 0 108 191 255 255 0
    255 0 255 255 0 43 255 255 255 5 159 0 255 234 0 0 33 255 0 0 124
    255 202 255 0 0 19 24 185 255 0 255 16 0 255 0 255 0 255 255 255 255
    0 219 0 255 0 255 0 255 250 218 255 0 164 0 255 255 255 0 0 0 255
    255 0 255 255 211 0 0 255 0 255 0 0 255 0 0 133 9 255 0 0 0 0 0 255
    255 146 255 0 0 40 255 0 0 30 255 92 0 0 55 255 255 76 255 0 255 255
    255 0 93 255 0 0 0 50 110 0 255 101 0 0 255 0 96 0 255 255 120 0 231
    255 0 255 0 118 0 207 255 255 0 53 196 255 85 0 0 255 255 255 0 0 0
    0 255 255 255 255 0 0 0 0 255 147 255 0 255 0 255 0 0 0 202 255 255
    0 0 0 19 255 206 0 26 183 0 255 0 119 188 0 255 0 255 255 255 0 0 39
    231 0 245 255 28 0 255 147 255 0 68 0 0 20 0 255 0 0 0 0 0 0 255 47
    0 0 250 255 255 0 236 255 255 255 0 0 255 0 0 0 255 255 255 0 0 0 0
    0 255 255 135 62 132 255 255 4 255 0 0 0 255 0 255 0 182 0 253 255
    255 245 255 255 255 255 255 239 0 35 0 255 255 0 255 136 0 0 255 12
    255 0 99 0 0 255 228 255 255 255 0 255 146 255 0 53 255 255 255 167
    0 0 0 0 0 255 67 128 0 255 255 0 53 0 0 255 146 255 0 122 0 255 255
    64 0 255 255 255 255 87 255 0 255 0 0 255 255 0 0 0 255 255 255 255
    255 255 164 0 0 69 0 255 208 160 255 0 0 0 255 255 255 0 0 255 255
    255 185 0 0 72 167 255 59 255 255 0 0 0 255 255 0 241 0 0 255 0 0 0
    0 0 134 255 255 255 0 0 0 0 0 255 255 0 255 95 255 255 255 0 255 255
    0 0 255 0 255 255 255 255 0 0 0 249 0 255 0 255 94 0 0 255 255 13
    255 184 0 255 255 255 255 255 255 255 255 124 49 0 0 255 4 255 0 255
    0 0 255 0 0 64 255 54 255 231 255 255 0 20 0 255 0 11 255 255 255 0
    77 0 255 0 255 0 221 255 0 209 255 255 255 255 0 255 255 255 0 255 0
    255 0 255 255 0 255 0 209 255 255 165 255 0 80 0 255 178 255 0 0 255
    255 0 0 255 255 255 255 0 255 255 255 0 0 0 0 226 255 0 255 79 255
    255 0 255 0 255 160 255 0 255 255 255 144 69 0 255 4 48 183 255 101
    255 0 255 0 0 0 4 255 22 164 255 255 0 255 0 255 0 64 0 255 255 0
    113 255 255 255 0 255 0 255 74 0 255 204 255 255 255 0 0 255 191 255
    90 0 0 0 0 0 0 255 255 255 0 69 0 167 0 0 255 0 243 0 106 36 0 255 0
    255 0 142 0 255 0 0 255 255 255 77 255 0 75 255 0 255 255 255 0 84 0
    254 255 0 0 255 255 0 29 0 255 255 255 3 35 0 255 255 0 255 255 0 17
    0 255 0 255 0 255 0 198 255 255 209 0 255 255 255 255 255 0 255 0
    255 0 255 255 255 255 0 0 255 255 255 0 255 69 255 0 255 255 0 145 0
    255 0 255 0 0 255 255 101 0 0 255 0 255 255 255 255 0 255 0 255 0 29
    0 255 0 0 24 106 165 0 45 255 255 255 0 255 150 255 0 0 0 255 0 68
    255 255 0 255 255 0 255 0 79 0 255 0 255 255 255 255 255 0 0 0 141
    255 255 255 0 255 0 255 0 0 0 0 255 95 134 255 255 0 255 255 74 0 0
    0 255 255 108 0 0 199 236 0 187 255 255 0 0 0 0 255 255 255 0 31 0
    255 255 255 0 67 0 0 0 0 0 5 255 38 1 248 0 255 102 255 255 255 0
    239 255 0 255 0 255 0 234 255 0 244 0 255 0 255 255 255 196 0 0 0 0
    255 0 255 0 23 32 0 76 0 255 0 0 0 0 255 0 255 71 255 255 255 255 0
    0 0 0 0 0 255 220 255 0 255 0 158 255 255 255 0 0 204 0 224 255 255
    117 0 87 0 255 0 255 0 130 0 0 0 255 233 255 146 255 0 210 255 0 0 0
    0 235 0 255 150 255 255 197 126 0 255 255 255 255 21 0 0 255 255 255
    0 255 34 110 0 255 255 255 210 0 0 255 0 118 0 255 157 7 0 255 255
    255 255 0 0 255 23 166 255 0 255 0 0 255 255 0 0 0 255 255 255 0 0 0
    255 255 0 228 0 255 255 255 183 4 255 0 255 0 0 255 0 255 255 255 0
    89 211 255 255 255 0 0 0 255 255 255 255 255 0 255 0 0 85 0 255 0
    255 255 255 255 0 255 224 255 255 0 127 87 0 0 75 255 71 255 105 255
    0 64 0 218 0 30 0 0 176 0 255 0 255 255 255 255 0 0 0 219 0 255 255
    255 0 0 0 0 255 0 240 0 255 255 255 136 0 0 0 0 255 255 0 0 0 255
    255 26 197 210 255 0 248 0 0 0 255 0 85 255 0 255 0 255 0 213 0 90
    255 0 0 0 0 255 255 255 255 46 255 255 255 0 0 0 0 0 255 255 255 255
    0 0 0 255 0 0 0 255 255 255 0 255 0 0 0 255 184 0 255 255 255 0 0 0
    255 106 255 69 245 0 158 0 255 0 255 0 55 255 0 0 0 255 3 255 187
    196 255 0 255 97 0 0 255 255 0 255 255 255 0 0 0 0 0 24 0 49 0 255 0
    167 255 255 136 0 255 255 143 0 255 255 0 255 0 255 63 255 0 0 163 0
    255 37 255 0 0 0 0 66 0 255 0 255 0 0 255 255 0 195 0 0 255 22 255
    255 255 255 0 0 104 255 0 255 255 255 255 0 0 0 156 0 255 0 0 250
    255 255 0 0 0 255 1 143 255 152 50 0 255 48 0 255 0 179 0 0 255 148
    255 0 0 163 255 0 255 245 0 0 255 255 222 0 0 0 0 0 255 255 46 255
    255 255 0 0 0 184 255 255 0 0 255 255 137 255 0 255 0 210 0 255 0
    242 0 255 255 255 0 0 0 255 141 255 255 255 0 0 255 255 255 255 63 0
    0 0 255 255 255 0 0 0 255 159 255 0 255 255 255 0 0 0 243 0 0 0 255
    0 255 255 0 0 1 255 254 38 255 192 0 0 0 255 255 255 0 61 190 255 0
    0 255 255 255 255 168 255 0 255 255 103 0 0 165 99 0 98 0 15 46 255
    0 168 0 45 6 7 255 0 255 0 255 29 0 0 5 0 0 0 0 255 188 0 255 0 0 0
    0 0 0 0 0 51 0 0 255 99 158 110 0 0 255 0 255 255 149 0 0 0 255 255
    0 255 255 19 0 0 255 0 255 0 202 123 255 0 28 255 195 0 255 255 255
    0 231 0 255 255 255 0 0 255 255 0 255 0 255 167 255 255 255 219 61
    119 72 167 0 0 255 0 255 0 255 0 255 0 246 255 255 205 0 255 255 255
    255 0 255 0 255 0 0 255 0 0 126 255 196 0 0 0 117 0 0 255 0 253 0
    155 255 0 255 0 255 0 79 255 255 255 40 255 0 0 0 255 174 219 0 255
    255 255 0 255 0 0 0 255 255 0 0 0 248 176 255 255 0 0 0 71 255 255 0
    255 255 255 255 0 0 174 0 255 159 255 255 0 0 255 144 255 255 0 178
    160 0 255 60 210 255 255 247 0 86 255 0 0 0 255 155 255 255 255 255
    0 0 0 255 255 0 0 255 255 255 0 30 53 55 0 187 0 255 0 0 0 0 255 0
    255 0 161 0 0 255 255 255 255 255 0 0 0 0 73 0 0 0 255 0 255 255 0
    255 0 0 54 255 255 255 238 253 0 0 0 0 76 0 255 255 0 255 41 255 255
    255 0 0 0 17 255 0 0 0 255 255 15 0 112 0 0 255 255 255 255 0 12 0 0
    255 255 0 242 122 255 255 0 167 0 0 255 255 0 43 153 255 255 255 0 0
    200 153 255 20 0 0 0 255 46 255 135 197 0 255 0 0 198 255 255 0 0 37
    0 189 191 0 0 65 0 0 0 255 0 91 0 255 255 255 255 0 255 0 72 15 255
    255 29 255 255 0 0 243 255 36 0 255 0 145 95 255 255 255 0 15 0 255
    255 255 230 255 255 0 200 0 0 0 53 0 255 255 10 0 0 255 255 255 255
    0 255 0 0 0 190 0 255 148 255 0 255 0 41 131 0 255 0 142 79 255 64
    255 0 0 255 255 255 0 255 91 255 142 0 0 0 255 255 255 38 255 0 255
    255 255 0 0 0 255 0 255 0 0 0 255 255 255 0 0 0 239 255 68 255 241
    255 0 0 0 0 0 247 255 255 230 255 0 255 0 255 0 0 0 0 255 0 0 0 0
    255 0 255 0 255 0 161 255 201 255 0 255 38 255 0 0 0 255 255 0 0 84
    0 0 0 0 0 255 0 255 0 0 0 255 255 255 0 20 255 0 255 0 255 0 0 48 0
    0 0 0 0 0 0 255 0 255 0 0 0 255 255 0 255 0 0 0 255 69 255 0 0 255
    124 0 255 158 255 51 0 46 0 255 0 0 198 255 11 0 105 255 255 0 255 0
    13 0 0 255 255 227 0 0 255 255 0 0 255 0 194 0 83 238 0 255 3 255 0
    0 166 0 255 0 255 148 255 255 0 21 255 0 230 255 150 0 255 255 0 0 0
    0 0 255 68 0 0 255 68 0 0 0 0 0 0 255 255 255 0 0 146 255 255 0 200
    255 0 89 0 255 0 0 255 255 255 255 27 255 127 184 0 0 0 255 46 255 0
    255 105 255 8 0 0 127 36 87 0 0 0 255 255 255 255 0 0 85 139 93 230
    0 162 255 255 255 235 255 0 0 255 255 118 255 246 255 0 0 189 82 255
    255 255 0 0 0 255 0 0 0 0 255 255 255 0 255 0 255 0 255 255 0 0 0 0
    117 255 255 0 255 0 255 49 255 255 255 255 0 0 151 255 0 73 255 255
    255 0 0 255 0 255 255 0 255 61 255 255 255 255 0 255 0 255 255 0 0
    255 0 255 255 114 255 255 0 0 168 0 0 241 0 255 240 255 255 0 0 0
    255 255 131 255 255 255 41 255 39 18 0 204 246 0 0 0 255 0 255 255
    255 0 0 0 255 0 255 0 255 255 255 255 0 0 0 255 255 255 0 255 255
    255 0 255 0 187 0 255 27 255 0 0 0 173 0 0 0 255 0 83 255 128 255
    155 255 255 255 255 255 255 255 97 255 0 0 255 255 0 0 0 255 255 255
    0 0 0 255 0 255 0 78 58 26 255 255 255 17 0 255 0 255 255 210 255 0
    0 0 255 255 0 0 255 182 255 0 230 255 209 0 0 0 255 255 0 124 255 0
    227 0 255 255 255 255 0 0 0 255 255 183 43 0 0 0 255 0 0 231 255 0
    255 0 0 255 220 255 255 255 0 0 255 204 47 61 255 0 255 0 255 80 255
    255 255 0 255 0 5 255 255 18 0 0 255 255 255 255 101 255 0 0 128 255
    255 5 255 0 255 160 43 0 0 0 216 255 255 0 194 255 0 255 0 255 255 1
    0 0 0 255 255 0 0 45 255 255 69 255 0 255 255 0 146 0 255 255 255 62
    107 255 255 255 0 255 255 18 4 0 54 255 96 255 238 0 0 255 255 255 0
    0 0 0 170 8 153 0 0 255 228 255 0 0 255 172 249 0 32 204 255 40 255
    255 106 215 0 106 30 247 27 255 255 255 0 0 255 255 255 0 255 0 255
    49 255 255 0 255 198 146 255 0 255 255 255 255 136 255 0 0 0 255 255
    255 0 255 0 59 0 0 129 0 0 255 255 0 0 255 255 73 255 0 0 0 255 0
    255 255 255 255 255 185 0 0 0 189 255 255 255 94 25 127 0 0 175 255
    0 1 255 255 119 255 0 255 255 255 0 123 0 59 255 255 255 0 255 0 255
    0 24 255 0 255 233 172 255 188 0 0 255 255 255 0 0 255 169 255 255
    255 0 255 119 0 255 255 0 0 0 0 255 198 255 0 255 255 0 113 255 255
    110 0 255 0 255 255 0 188 0 255 57 255 255 0 0 0 0 255 0 0 169 0 255
    0 255 255 255 255 53 148 166 255 0 255 255 255 255 255 255 0 17 56
    60 255 0 141 255 255 255 0 0 0 255 0 255 255 255 255 255 104 0 0 255
    255 0 255 0 0 0 209 0 255 0 0 255 0 0 255 255 255 0 255 255 0 0 0 16
    0 255 0 255 255 0 255 0 0 255 255 0 0 255 255 244 255 255 255 0 40
    24 0 255 94 255 0 215 255 0 255 0 255 0 179 0 198 255 255 255 0 255
    0 255 0 255 255 130 179 255 255 8 255 0 189 255 255 255 0 255 0 255
    0 255 255 255 0 0 0 0 0 0 0 0 0 255 131 23 0 0 255 255 255 0 221 0
    255 255 255 116 0 0 131 0 255 22 255 73 255 255 255 255 0 255 0 0 0
    0 75 224 250 255 0 52 255 255 0 0 0 242 35 90 255 255 121 0 0 0 255
    255 255 0 0 0 255 0 255 0 255 0 255 255 255 255 0 0 255 255 255 103
    255 0 0 0 0 255 0 122 0 255 255 255 0 0 103 8 108 255 232 0 255 0 36
    0 255 255 255 0 249 0 0 44 255 255 0 255 255 73 0 255 155 255 93 0 0
    255 83 0 0 18 48 255 165 0 182 255 255 0 0 255 0 255 255 255 0 255 0
    255 6 255 255 153 0 255 0 78 0 255 159 220 0 0 255 67 0 151 113 0
    255 0 144 45 255 0 19 0 0 255 0 0 255 0 255 0 255 0 255 0 255 0 0 0
    0 255 226 217 129 255 255 255 255 255 0 198 255 255 255 255 255 0
    255 0 0 52 0 255 0 0 255 143 255 0 0 0 255 232 0 255 0 0 0 0 201 255
    199 237 0 255 0 255 0 0 255 0 255 41 255 255 75 94 0 0 0 0 255 85 0
    0 187 255 255 0 96 255 0 255 60 255 65 255 0 55 255 255 255 0 0 197
    255 255 0 132 23 255 101 255 0 255 0 0 101 14 0 115 255 0 0 255 0
    255 255 0 255 0 0 0 255 0 135 255 255 0 255 0 66 0 255 0 255 176 255
    255 255 168 0 0 255 0 0 255 81 255 0 255 0 255 255 0 0 0 0 255 0 0 0
    255 255 8 0 0 255 211 255 0 255 255 0 0 0 255 31 0 255 255 0 255 0
    105 0 255 0 241 144 255 0 255 255 248 0 0 255 28 255 10 0 255 0 255
    255 255 43 0 0 255 0 121 255 0 255 0 255 248 255 0 0 0 255 174 255 0
    252 0 230 255 93 255 0 255 0 0 0 36 0 255 0 255 0 116 0 255 0 0 255
    0 62 255 255 255 0 255 0 255 192 105 0 255 255 255 141 0 80 148 255
    255 0 255 255 255 0 255 0 255 0 41 255 0 0 0 0 255 255 233 255 92 0
    0 68 0 45 0 112 255 255 0 0 0 255 255 0 198 0 255 78 255 0 0 0 213 0
    255 87 255 0 255 255 255 110 255 255 255 255 28 54 255 255 213 255 0
    255 255 255 0 247 255 0 141 147 255 255 197 0 246 255 255 0 0 0 255
    255 58 0 0 0 77 255 255 255 0 0 0 0 0 255 255 87 114 255 0 0 255 229
    243 255 207 255 30 162 166 255 0 72 255 0 0 124 255 255 0 0 0 255
    239 178 0 255 49 0 0 0 0 255 255 14 0 255 255 255 0 0 255 255 255 0
    0 255 0 0 255 255 0 0 0 255 79 255 0 0 255 0 255 38 255 0 0 0 255
    255 176 0 0 0 0 255 0 255 0 0 0 234 0 255 0 255 109 0 255 59 255 72
    0 0 255 255 0 0 71 255 0 0 0 130 57 255 255 216 0 0 255 71 0 255 0
    255 0 76 255 0 255 255 0 255 51 255 0 255 0 31 255 255 0 0 255 255 0
    65 255 255 255 255 0 61 0 255 255 255 255 255 0 255 255 255 70 255
    83 182 0 0 0 255 0 212 0 255 0 178 106 255 0 255 3 255 255 86 0 4
    131 0 0 255 129 255 0 255 0 0 0 168 0 0 0 0 59 255 255 255 255 255 0
    0 0 255 255 93 190 162 0 0 255 61 255 255 255 255 255 255 58 0 11 0
    255 0 255 255 214 61 87 24 48 89 255 255 255 255 0 0 0 0 255 255 0
    99 182 255 255 0 0 0 2 255 0 255 0 255 255 255 255 0 186 255 255 147
    0 0 0 165 255 255 216 0 0 9 0 0 255 255 250 0 255 255 0 255 0 0 0
    255 0 0 0 5 255 194 0 0 255 0 255 0 0 0 255 255 0 0 0 255 255 0 255
    193 255 0 255 120 255 147 0 0 0 8 255 0 255 255 0 0 174 0 255 8 0 0
    0 255 255 62 0 0 193 106 0 255 255 42 255 0 255 255 95 134 99 0 0
    255 255 255 0 182 0 25 255 255 0 255 0 0 0 255 0 241 103 255 0 255 0
    255 195 0 255 255 229 0 0 206 255 255 255 0 117 0 255 0 255 0 0 0
    255 0 255 255 255 0 0 0 18 0 176 255 0 0 0 255 0 255 0 0 0 255 255 0
    0 116 255 0 0 254 255 0 107 0 255 255 255 0 0 0 0 255 0 255 0 255
    255 0 255 151 255 111 255 255 0 255 186 255 213 255 0 255 0 235 0
    255 145 32 0 120 133 255 255 0 255 0 216 255 114 0 255 0 0 0 255 0
    255 255 255 0 218 255 255 255 206 238 144 234 255 0 44 0 255 80 0
    255 195 184 255 217 0 0 0 0 255 0 255 0 255 0 181 255 255 255 206 0
    0 255 169 255 0 60 0 255 0 0 0 141 131 0 0 255 255 255 184 0 2 125 0
    84 255 255 255 255 0 0 255 255 170 0 255 175 255 255 255 0 255 0 255
    31 255 255 0 0 255 0 0 255 4 255 0 0 177 0 255 0 255 255 255 51 255
    255 0 255 255 29 0 0 0 255 0 0 0 197 0 255 15 255 0 0 255 255 255
    255 0 0 0 0 255 0 0 0 255 0 152 58 113 30 0 255 100 255 87 255 255
    255 0 255 255 255 255 0 0 228 255 255 255 0 255 255 86 0 0 0 0 0 0
    255 0 117 255 255 0 0 255 255 154 0 0 0 48 0 158 219 255 255 173 0
    255 255 255 255 0 197 255 0 0 0 189 255 29 253 255 0 0 255 255 0 197
    0 255 0 0 255 255 0 0 0 255 255 0 255 255 0 71 255 0 255 0 255 0 0 0
    0 255 0 28 255 255 15 255 0 0 0 255 109 0 0 59 210 0 255 0 255 0 0 0
    255 23 255 0 0 255 87 255 255 0 41 0 218 255 255 0 255 36 0 0 255 0
    255 0 227 0 255 49 255 111 89 0 255 0 255 0 255 0 52 255 255 255 0
    164 0 92 255 255 255 255 0 255 0 255 0 255 0 255 0 255 255 0 255 255
    255 0 0 255 255 0 255 255 0 0 0 0 255 255 0 207 255 255 255 0 0 0 0
    255 103 255 0 255 255 255 33 255 0 98 0 0 255 255 0 0 0 142 243 20 0
    255 255 255 0 0 36 0 255 0 0 255 255 255 255 0 0 0 255 255 255 101
    255 255 255 0 0 58 255 255 193 255 85 0 0 206 62 255 140 0 0 0 0 255
    255 165 0 255 255 255 0 255 0 183 141 0 225 0 255 255 121 0 0 255
    255 255 255 0 98 0 0 0 255 255 255 45 242 0 255 255 0 255 0 255 0
    255 0 255 0 39 128 59 255 94 255 255 0 0 123 255 0 214 255 0 0 255
    51 255 0 255 0 0 255 255 255 0 255 0 0 0 255 255 87 255 0 226 2 167
    162 255 255 0 16 0 255 255 255 55 0 255 0 255 255 0 255 0 255 0 232
    0 0 0 0 255 255 255 238 255 0 40 255 255 0 0 255 0 255 255 0 36 0 0
    77 0 255 255 255 0 0 0 255 255 233 0 0 121 0 255 0 182 0 0 0 255 126
    112 0 255 255 0 148 0 255 255 255 0 165 255 67 255 255 235 255 0 255
    207 255 0 0 255 255 0 204 255 255 0 248 0 255 47 254 255 109 0 255
    158 255 0 255 252 255 134 0 255 255 0 126 255 177 10 0 255 241 255
    154 0 255 255 0 255 0 1 0 255 35 0 255 0 255 255 135 0 0 0 255 0 255
    0 255 0 255 64 255 0 0 255 255 255 0 255 0 219 0 210 255 0 0 255 255
    255 175 183 137 0 0 0 255 0 255 34 255 0 255 153 255 0 0 0 255 0 255
    195 255 0 255 255 226 136 255 255 234 0 255 245 91 0 0 0 0 255 255 0
    255 116 0 32 247 0 255 49 255 255 255 0 255 255 255 46 0 0 255 0 255
    0 115 0 8 255 166 0 0 0 255 255 0 218 255 255 114 0 255 255 255 81
    255 93 255 25 255 255 0 204 255 255 59 0 255 78 255 0 0 193 255 255
    228 0 255 0 255 255 255 0 0 255 255 255 255 255 86 255 255 255 255 0
    0 255 255 253 0 0 0 0 70 0 255 0 109 255 255 208 255 255 255 7 0 255
    121 255 205 255 139 255 205 255 0 178 255 255 0 0 255 255 255 0 255
    0 0 255 255 0 0 255 0 255 0 54 0 7 28 0 255 255 255 0 255 255 72 0 0
    255 153 255 0 255 255 255 255 0 0 192 5 255 0 255 0 255 0 0 174 255
    255 255 0 218 0 255 0 255 0 255 255 255 0 0 255 0 76 0 255 255 255
    59 255 0 0 0 99 255 255 255 0 0 255 255 0 255 255 255 255 255 255 0
    255 0 255 0 0 0 255 0 67 0 255 0 0 0 121 255 255 255 0 82 173 255 0
    255 0 0 255 255 203 255 255 255 255 0 255 204 92 16 0 0 120 0 0 255
    255 255 255 0 255 255 255 0 255 0 0 0 255 255 255 0 0 0 0 255 255 49
    0 80 255 255 91 255 0 0 67 255 0 120 25 122 0 0 0 0 255 0 255 0 35 0
    0 27 255 0 255 212 82 115 255 255 255 0 255 255 0 225 119 255 139 0
    0 0 0 0 0 93 255 0 0 255 255 0 0 255 255 134 0 255 0 255 0 255 66
    255 110 0 0 0 0 255 0 0 125 255 0 159 8 0 119 231 255 195 255 0 255
    255 255 0 30 202 15 255 255 255 0 255 0 0 0 255 0 255 0 233 0 255
    243 255 255 0 0 0 255 255 70 0 0 0 174 255 0 255 162 143 9 0 0 255
    255 255 6 0 230 255 255 0 255 255 0 161 166 255 255 255 0 255 0 0 16
    255 0 0 156 255 0 0 255 255 22 0 255 123 255 0 0 255 0 0 0 0 0 30
    255 67 0 179 255 0 255 255 255 0 255 0 0 0 255 255 255 0 255 8 255 0
    255 0 158 255 9 0 255 255 155 255 255 0 255 255 0 0 0 248 255 0 0
    255 255 74 0 255 0 0 0 255 255 255 0 0 94 255 255 222 255 0 255 255
    255 0 0 0 255 0 255 255 255 0 0 0 0 255 87 255 114 32 255 255 255
    255 255 52 0 190 0 255 0 82 255 0 255 0 56 9 0 255 0 255 0 21 255
    226 141 0 0 255 92 26 255 255 0 244 0 255 0 255 21 255 0 255 0 0 0 0
    255 255 147 0 0 255 255 5 0 255 255 255 23 162 110 255 0 37 0 0 211
    255 0 255 0 255 0 158 185 255 255 133 96 0 0 255 255 255 235 0 255 0
    129 0 0 255 166 255 0 255 0 0 0 0 255 0 126 0 255 0 0 0 255 255 255
    255 0 0 175 0 255 255 129 255 0 0 255 52 0 75 255 255 255 208 0 0 0
    0 255 255 255 255 0 255 255 255 255 0 0 43 0 0 255 199 255 0 255 179
    255 0 19 255 255 0 0 0 255 255 255 255 0 125 0 255 213 0 0 0 255 255
    0 0 98 255 73 255 180 0 95 0 255 0 255 0 51 0 12 255 255 196 0 0 174
    255 0 0 0 255 0 255 0 255 0 255 0 0 0 0 0 255 147 0 0 175 169 255 83
    0 0 255 0 255 0 0 57 232 255 0 255 255 255 255 0 0 40 0 121 183 33 0
    255 0 66 0 71 255 121 158 255 124 255 0 255 0 255 0 0 249 190 255
    255 0 255 255 255 202 0 122 0 0 0 0 255 41 167 64 0 0 255 255 0 255
    0 255 0 0 0 0 255 0 11 0 255 101 0 0 255 254 255 0 0 165 255 0 0 0
    54 0 255 162 17 255 255 255 62 255 0 255 0 255 0 0 0 255 0 0 248 0 0
    0 255 255 255 0 255 0 0 0 255 255 0 255 158 255 232 0 255 121 0 0
    255 0 0 255 154 59 225 0 60 112 106 0 36 255 255 255 0 255 0 255 7 0
    255 255 63 0 157 255 220 140 0 0 255 0 255 255 162 167 255 0 0 0 0
    255 156 0 255 255 255 255 0 255 0 0 0 184 255 255 0 255 69 255 255
    95 0 0 0 0 255 210 255 0 255 0 0 255 0 0 36 219 255 0 0 235 0 0 0 0
    255 19 0 124 255 0 255 255 0 0 255 255 0 255 255 104 144 0 0 255 255
    0 0 255 0 0 0 255 0 255 0 255 117 0 0 61 255 255 107 119 0 0 237 255
    0 255 0 0 0 0 0 0 202 171 0 0 255 255 255 255 255 0 0 255 255 255 0
    255 210 255 0 0 0 0 66 0 255 255 255 255 0 255 0 255 0 49 0 0 255
    255 255 255 0 0 255 152 255 0 248 109 0 128 255 0 255 51 255 0 255 0
    67 0 255 255 61 255 0 0 0 255 255 189 0 0 255 255 255 0 255 0 255 0
    0 255 0 255 127 0 255 203 0 0 255 0 255 0 255 0 0 0 0 255 0 0 255
    255 255 0 10 0 0 133 255 255 0 255 255 255 0 0 255 255 255 0 44 252
    0 255 0 255 0 255 29 255 255 255 0 255 0 23 0 255 0 255 255 0 0 0 0
    255 0 255 255 255 0 0 0 0 255 0 255 130 255 255 255 255 135 0 0 245
    255 255 255 255 23 0 0 255 161 199 0 250 255 255 0 255 255 250 255
    157 0 255 143 255 0 224 0 255 255 255 0 255 0 255 255 0 0 155 255 0
    0 0 255 255 255 255 0 0 0 0 254 255 255 255 0 227 255 0 255 255 255
    221 255 0 0 0 255 0 255 255 255 0 0 0 255 165 255 0 0 0 65 0 0 0 255
    0 255 0 0 206 0 127 0 255 255 255 0 0 255 0 255 255 0 0 0 121 255 0
    14 255 255 0 0 180 255 255 255 255 0 189 0 255 255 255 0 82 131 255
    0 255 0 255 255 0 0 0 49 219 255 255 114 255 7 0 207 0 255 10 255 0
    255 0 255 255 49 255 255 0 34 76 255 0 152 0 255 182 255 38 0 255 0
    255 59 255 0 0 255 219 0 0 0 255 255 255 0 0 35 0 255 255 255 0 0
    255 0 0 0 255 255 183 0 255 255 255 0 175 0 72 255 0 254 255 0 255 0
    204 0 0 49 111 255 0 0 0 224 255 255 0 0 0 255 255 255 108 255 214 0
    0 0 255 255 255 208 73 0 0 0 62 0 0 255 0 255 0 0 35 0 50 255 255 0
    0 255 255 255 0 0 0 0 255 255 255 255 0 0 255 255 255 0 0 0 255 0
    155 255 38 0 179 0 255 0 0 0 255 255 0 255 0 255 85 0 0 0 255 255
    255 0 0 255 140 255 255 255 255 0 255 0 0 0 0 255 0 255 0 0 0 255
    255 0 0 0 255 255 0 0 168 0 57 0 0 0 174 255 255 0 255 255 12 0 0 0
    0 0 255 28 0 255 0 106 0 255 3 255 0 255 255 112 0 255 255 255 255
    87 255 0 255 0 255 0 255 255 255 0 0 0 255 255 255 255 0 0 157 148
    233 132 255 255 255 0 0 0 131 255 255 162 0 247 255 0 248 248 255
    255 255 47 0 0 206 0 255 174 249 255 0 0 0 45 255 255 255 0 255 0 0
    255 255 0 174 2 255 0 5 0 255 0 203 93 255 0 0 0 0 255 52 248 255
    228 97 0 0 255 255 255 0 255 172 255 0 0 0 255 47 79 255 255 255 0 0
    0 67 0 255 0 255 255 255 4 197 255 0 255 0 0 0 0 0 255 255 0 80 255
    255 0 229 255 255 0 0 204 40 0 0 0 255 255 255 0 0 0 27 255 0 32 0
    255 255 255 43 255 41 36 93 255 255 255 0 0 255 255 215 0 255 0 0
    255 255 255 255 0 255 146 255 255 255 0 0 25 255 0 255 0 255 255 227
    190 178 255 0 0 0 255 0 255 255 255 0 255 0 255 0 0 255 255 255 255
    43 243 255 0 255 137 0 255 255 5 255 255 0 0 255 255 255 0 0 216 0
    195 0 255 0 0 0 0 255 255 255 0 255 172 0 255 0 255 0 255 0 0 0 231
    146 45 0 89 0 255 156 255 0 0 69 255 181 175 229 0 255 255 0 255 255
    0 255 255 0 0 61 255 255 0 0 255 119 255 52 255 0 255 255 255 0 181
    255 255 0 211 0 255 255 232 0 61 0 255 112 255 161 26 255 255 0 53 0
    0 255 0 255 0 255 0 0 255 0 115 0 255 150 255 255 255 207 0 0 255
    255 0 0 0 255 0 255 0 0 0 255 100 0 255 140 255 0 0 255 237 255 0
    170 0 0 255 255 255 0 0 255 255 255 255 0 112 255 0 0 2 255 255 255
    0 0 0 255 0 0 0 125 255 255 235 100 70 203 63 255 255 0 0 0 0 210
    255 255 255 0 0 143 0 92 0 0 213 0 255 0 255 71 255 255 0 255 0 255
    255 0 20 0 167 0 255 255 0 255 255 14 0 0 0 198 255 255 172 47 0 0
    202 0 0 190 0 6 255 106 0 255 255 255 0 0 0 76 255 0 255 0 255 255
    111 184 0 0 0 255 21 213 255 255 255 255 102 22 255 0 0 0 255 255
    255 255 255 0 0 0 255 243 98 255 0 255 0 112 0 255 255 0 0 0 0 255 0
    220 242 255 0 0 255 0 0 255 255 255 128 0 0 173 31 255 255 255 0 0 0
    28 0 255 0 255 0 255 255 255 255 0 0 126 255 255 0 139 154 255 0 228
    0 255 184 0 34 247 71 0 255 0 255 0 255 0 0 0 204 255 255 255 254 0
    0 205 255 255 42 248 0 216 125 255 255 255 0 255 0 55 255 0 191 0
    255 255 255 181 0 255 255 255 255 0 0 0 0 113 56 255 0 255 255 184
    255 0 255 255 255 255 52 164 39 255 255 0 0 176 127 0 0 255 255 0 0
    255 255 255 192 57 25 193 56 255 0 205 0 255 0 0 0 255 0 0 0 255 255
    0 243 255 0 0 0 255 255 0 255 0 150 0 0 255 255 255 4 255 255 255 0
    0 46 255 255 255 97 255 0 255 255 255 255 94 24 238 52 255 0 255 0
    255 0 255 91 0 255 0 255 231 0 0 196 255 127 255 255 255 255 0 0 0
    255 138 0 255 255 255 0 255 0 63 0 255 255 255 255 0 0 0 255 0 174
    255 255 0 207 0 0 232 255 42 0 255 255 255 0 0 51 184 0 0 255 255
    255 255 0 0 0 0 164 0 0 23 255 91 221 0 99 225 0 255 255 45 255 0 0
    255 50 255 0 255 0 255 0 0 144 255 255 242 174 190 212 0 0 120 255
    255 255 0 255 0 149 209 255 255 255 0 255 245 0 0 0 252 0 255 112 0
    219 0 0 0 255 255 0 255 0 255 0 0 255 255 114 0 0 255 255 0 0 255
    255 179 0 0 255 226 0 0 0 255 147 255 0 255 196 103 0 94 230 91 255
    93 0 0 255 255 169 0 0 0 255 255 0 0 255 255 255 255 0 199 0 255 255
    106 185 0 255 255 255 137 0 253 255 255 255 0 0 227 255 255 255 0
    232 0 255 255 255 0 125 0 255 0 195 0 255 19 201 0 0 0 255 147 0 0
    255 0 0 0 255 86 255 255 255 0 255 0 255 255 0 0 255 213 255 0 0 0
    35 255 255 133 255 0 255 255 255 0 161 0 247 111 255 255 255 255 255
    0 0 0 255 255 255 0 0 255 0 0 0 255 56 197 110 0 0 0 101 255 91 255
    0 218 255 255 255 0 255 0 255 255 255 0 0 44 116 255 11 122 0 0 255
    255 24 0 0 255 255 255 0 0 0 255 255 255 255 0 0 7 0 205 0 255 255
    142 255 255 0 0 0 255 0 255 255 0 102 0 0 0 0 255 255 0 0 188 255 0
    0 50 255 255 0 255 255 255 255 0 255 0 0 0 0 255 255 255 0 225 255 0
    255 255 255 0 0 118 0 0 255 255 18 5 0 0 255 0 127 255 28 0 255 255
    255 0 255 255 255 0 255 255 0 255 0 199 0 255 0 0 0 204 255 255 228
    255 255 255 84 129 255 0 0 0 8 57 207 0 67 255 0 255 249 255 155 255
    134 0 255 255 255 0 230 0 0 0 0 255 255 255 222 255 255 0 0 255 0 0
    0 255 255 255 66 0 0 255 0 255 110 161 0 0 255 255 255 0 255 212 0 0
    255 255 255 0 0 0 255 255 255 255 0 0 255 238 0 0 255 255 189 3 0 0
    185 0 255 0 0 255 90 255 0 0 255 0 255 6 2 255 255 181 62 255 252
    255 255 137 0 0 255 255 7 255 0 3 0 255 0 255 255 255 0 0 0 255 0
    255 255 255 0 98 0 255 17 0 104 0 255 255 0 0 0 0 69 0 255 255 255 0
    255 255 0 190 125 0 255 255 0 0 255 255 255 255 255 56 255 0 255 255
    255 0 0 199 255 176 0 0 171 255 255 255 0 56 50 0 0 0 255 0 255 0 0
    83 255 255 255 0 0 0 0 255 120 0 255 255 255 203 0 0 128 255 0 0 31
    0 0 255 255 64 0 255 0 0 255 112 255 0 0 0 255 255 0 0 0 77 255 0 0
    0 255 255 255 235 255 255 255 255 255 0 255 0 40 0 24 0 255 0 255
    255 0 0 0 255 255 255 255 199 255 243 255 0 0 221 255 0 0 0 0 255
    193 30 255 255 255 0 54 0 191 0 255 255 255 18 255 255 255 0 0 144
    238 0 255 255 0 255 0 255 0 0 0 255 250 0 0 255 72 0 255 255 255 255
    255 255 0 112 255 255 255 0 69 0 255 0 255 0 255 0 0 255 255 255 0
    255 0 255 0 255 0 117 0 0 0 255 0 255 0 255 44 255 255 145 107 0 255
    255 255 111 0 0 255 0 0 0 255 255 164 0 255 0 255 255 255 255 49 0
    255 44 255 0 255 255 0 255 27 25 255 255 255 0 0 255 198 0 0 79 255
    11 255 255 244 0 0 255 0 255 0 0 0 255 195 0 255 0 255 7 255 0 255 0
    255 255 77 0 0 0 255 0 0 255 255 255 0 0 0 0 162 255 255 0 255 255 0
    255 0 255 0 132 0 237 214 44 0 255 0 255 0 255 33 0 255 243 0 0 255
    255 0 0 141 229 255 0 150 255 255 255 0 171 0 0 0 255 211 237 0 255
    14 39 0 0 255 0 31 0 255 0 255 0 255 0 0 0 255 0 0 41 108 255 221
    255 0 255 0 255 2 0 255 175 0 68 0 255 255 206 0 0 0 255 0 0 0 241 0
    0 255 210 0 0 0 255 0 0 85 255 0 116 0 255 0 156 255 255 0 255 255
    255 0 0 224 255 255 0 0 255 255 255 0 0 0 255 0 119 254 0 75 0 0 255
    255 0 0 255 255 0 0 255 192 255 0 244 0 255 255 255 110 0 0 0 255
    127 0 255 255 255 0 0 255 224 228 255 255 207 255 0 255 255 0 255
    255 0 0 255 255 255 191 0 0 255 0 255 118 255 0 255 0 0 129 255 255
    0 0 255 0 255 255 0 0 0 255 198 255 0 255 255 255 0 29 101 255 26 0
    255 255 0 0 0 139 24 97 0 0 0 0 0 212 255 255 221 255 0 255 255 0
    192 73 255 255 255 0 255 0 0 0 255 92 255 255 0 0 255 255 142 11 0
    234 0 0 53 63 255 255 0 0 255 0 255 178 255 0 255 255 0 100 0 255 0
    255 0 255 0 255 255 255 0 255 255 0 255 0 240 255 255 255 0 255 255
    255 0 0 255 255 255 0 0 255 173 238 0 0 0 255 255 255 58 0 0 0 255
    255 106 255 0 231 255 255 0 0 0 0 0 169 255 0 233 255 255 0 0 35 211
    255 0 0 255 255 0 0 255 0 255 255 0 0 43 200 0 255 13 255 0 255 230
    0 0 243 0 148 255 13 255 0 255 255 255 0 0 0 24 0 255 255 255 126
    255 255 255 255 255 255 255 255 184 0 255 16 255 0 140 250 97 255 92
    0 0 0 255 108 255 0 0 196 0 186 0 255 218 255 0 100 0 0 0 0 255 0
    102 0 78 0 0 255 255 255 255 255 0 0 177 85 255 0 0 87 0 0 0 0 0 255
    255 146 255 0 255 21 255 255 0 0 0 255 220 0 255 0 0 255 255 255 0
    255 90 0 0 255 255 0 0 0 255 255 243 0 255 255 255 0 0 255 237 182 0
    0 132 255 255 0 0 0 222 255 224 33 0 0 188 255 255 255 0 255 0 255 0
    255 255 255 255 255 255 255 0 45 172 255 0 0 0 255 0 0 0 255 228 0 0
    255 0 255 0 255 0 0 26 255 255 255 0 0 255 255 0 0 0 0 0 255 0 255
    255 255 170 0 0 255 167 0 0 0 255 255 255 0 0 115 0 255 0 0 255 255
    0 0 255 220 255 255 0 232 0 0 255 0 255 0 0 64 255 0 255 0 0 0 0 255
    255 255 255 0 255 0 0 255 255 0 0 70 255 157 255 0 0 255 206 211 255
    0 139 0 0 182 255 255 0 0 0 255 255 129 255 0 255 0 0 0 0 255 0 255
    0 255 0 255 0 128 0 255 255 255 25 255 142 255 0 255 0 0 0 255 89 77
    255 0 0 0 0 0 255 0 255 136 197 0 0 255 255 0 255 0 255 0 255 0 255
    255 255 0 0 0 0 255 255 255 255 0 0 0 255 255 255 210 255 255 255 0
    0 0 255 20 255 0 255 255 255 37 0 255 255 255 255 255 0 0 15 255 180
    26 255 0 255 255 255 255 255 0 0 255 0 0 0 255 255 0 255 0 255 255
    255 255 0 100 0 253 255 255 255 0 255 0 255 37 0 255 255 98 0 0 255
    0 255 255 220 0 0 255 255 255 169 0 255 255 255 0 255 255 175 255
    255 0 0 0 255 255 0 255 20 255 255 0 184 255 255 141 0 40 0 255 0 85
    104 255 0 255 0 255 0 78 255 0 0 56 0 255 0 255 255 255 0 0 255 255
    255 239 0 88 255 255 0 255 255 0 255 255 255 255 0 22 0 255 255 255
    171 255 0 63 0 255 255 255 0 228 255 255 255 157 251 0 155 255 255 0
    0 0 255 232 255 0 0 0 255 255 32 129 171 0 0 255 0 255 0 118 255 255
    0 0 0 255 197 255 255 212 0 0 0 0 0 255 110 255 0 255 0 255 255 0 0
    0 160 255 0 255 0 242 0 255 219 0 255 255 6 0 255 0 0 134 0 255 0
    232 0 255 0 201 0 255 0 255 255 255 255 255 115 255 0 255 0 255 255
    104 86 0 255 21 0 242 0 0 126 255 8 0 208 255 184 255 255 0 255 0
    213 255 255 0 0 0 55 255 0 0 255 8 0 198 255 255 0 255 0 255 255 0 0
    0 255 0 255 255 245 0 255 255 255 0 255 0 0 255 255 255 45 0 0 255
    255 0 0 183 255 255 255 59 255 0 255 14 78 250 255 227 67 151 0 0 0
    255 0 255 255 0 0 0 255 0 0 0 255 255 83 0 0 61 6 255 0 239 142 222
    0 0 255 255 0 219 255 220 0 36 251 255 119 0 0 255 55 215 14 255 255
    134 0 88 255 255 255 255 0 12 0 255 255 255 0 0 0 255 255 255 255 0
    255 0 255 0 0 0 255 10 255 255 0 240 0 0 230 0 255 255 255 255 122 0
    0 124 0 0 255 255 255 0 0 0 0 0 255 0 255 52 255 0 0 255 160 255 0 0
    0 255 255 0 0 0 255 255 255 255 0 203 255 0 255 255 255 255 0 0 255
    0 255 0 0 95 0 255 255 255 31 0 97 0 255 0 255 0 220 0 255 188 0 83
    0 255 255 0 0 0 255 255 255 0 0 0 134 164 255 0 0 255 255 255 0 0 0
    255 255 255 0 0 176 0 0 255 255 0 0 0 76 255 97 0 0 0 144 255 0 0 0
    0 255 255 0 255 255 0 0 225 255 255 0 0 255 255 255 255 158 94 119 0
    153 0 255 255 255 255 0 18 0 255 234 0 154 0 91 130 255 0 255 0 255
    140 255 0 0 75 0 255 255 88 255 0 0 255 255 255 122 255 199 135 0
    255 255 107 255 255 1 0 255 255 255 0 0 0 255 0 0 255 169 0 0 0 255
    0 235 0 0 196 255 153 0 0 255 255 0 255 255 0 255 0 255 40 128 116 0
    0 155 255 255 250 0 255 93 149 255 255 0 0 0 0 255 255 255 255 0 255
    0 255 0 176 0 125 255 163 73 105 0 34 255 0 255 0 255 0 255 255 255
    197 0 255 210 148 255 105 255 0 0 0 0 183 255 0 0 237 22 255 80 0 0
    255 204 161 0 0 255 0 100 0 255 0 0 38 0 255 255 255 255 66 0 0 255
    255 255 0 0 4 0 255 255 255 255 255 0 0 0 0 213 0 255 174 255 243 0
    73 0 255 255 89 0 255 0 255 0 0 255 84 255 128 255 0 0 255 0 93 0
    142 0 0 255 0 0 0 255 255 255 255 255 0 0 0 0 255 0 242 0 0 0 0 192
    143 209 118 255 255 50 255 0 176 0 0 0 255 255 0 66 255 0 0 0 255
    255 255 0 0 24 255 255 244 255 255 152 0 0 177 255 255 0 0 0 18 0
    166 255 255 172 0 255 0 255 255 240 0 0 0 91 0 255 255 0 255 0 96
    177 255 0 51 255 56 255 0 255 255 255 0 0 91 0 255 181 255 0 255 255
    255 0 0 0 0 249 209 0 0 0 253 0 255 0 72 255 255 0 48 0 0 0 0 255 0
    143 255 255 0 0 136 0 255 255 255 0 220 255 61 0 0 0 255 0 109 255 0
    0 213 0 0 0 255 0 255 168 255 138 0 0 255 0 255 255 47 255 0 255 0
    255 0 0 235 255 255 0 52 0 136 255 255 240 0 255 0 131 255 255 0 255
    255 0 255 0 255 255 0 0 0 255 0 255 0 0 156 255 0 250 0 255 255 255
    255 0 255 0 255 255 255 0 255 255 187 0 0 0 255 0 255 0 13 0 255 0
    160 0 0 255 0 255 255 255 64 255 255 0 8 0 255 0 255 0 255 255 76 0
    183 255 255 7 141 255 255 210 0 255 0 0 0 0 0 255 0 0 0 255 255 255
    133 0 0 255 74 0 0 0 255 206 255 0 0 0 255 255 0 0 0 0 255 255 0 0
    135 0 255 181 189 0 255 78 255 0 0 0 0 0 249 0 255 255 0 0 0 255 220
    0 0 255 255 168 255 255 255 0 0 0 255 255 0 0 0 255 255 255 255 1
    255 11 0 255 231 255 255 255 255 0 0 0 0 0 255 0 255 176 0 0 2 0 0 0
    255 0 0 0 0 0 0 0 255 0 255 255 255 31 118 255 255 181 0 0 71 255
    255 101 0 11 196 255 0 37 0 255 0 180 255 255 255 0 62 255 145 255
    205 255 0 0 255 91 255 255 0 0 0 255 0 255 0 255 0 0 71 196 255 255
    255 255 255 255 255 255 0 0 0 255 255 255 0 0 255 0 255 0 255 240 0
    0 0 255 124 255 0 82 0 255 155 0 2 0 255 0 255 0 255 255 255 110 0
    58 13 255 30 255 255 0 0 9 244 23 255 255 255 0 0 0 0 255 231 255
    255 255 0 255 0 255 0 54 255 255 0 255 242 0 0 255 255 0 190 255 255
    255 0 255 0 0 212 35 255 255 0 0 255 155 255 31 0 255 255 255 25 0
    94 62 0 255 228 255 0 255 0 255 0 255 255 83 158 255 0 255 0 9 0 222
    255 255 255 0 0 0 255 255 255 0 0 0 209 255 0 0 0 0 255 34 255 0 0 0
    0 255 255 0 0 255 0 0 255 0 255 0 156 40 255 0 0 255 255 191 0 0 255
    255 0 163 0 255 0 0 0 255 246 198 0 0 52 255 255 227 255 0 208 255
    255 95 0 0 157 0 0 0 0 0 255 255 224 0 255 0 255 0 0 255 255 255 0 0
    0 255 243 90 255 227 0 255 0 0 255 255 0 139 0 255 0 0 255 255 29 0
    0 0 255 255 0 255 59 0 0 0 255 255 0 223 0 255 0 255 255 255 0 255
    52 255 0 255 255 255 188 255 255 0 0 0 255 255 240 255 19 0 0 209 0
    255 255 255 217 0 0 108 73 255 0 255 0 0 255 29 255 0 0 255 0 0 255
    255 255 0 0 255 0 255 0 255 255 255 0 255 255 255 0 0 0 0 0 255 255
    0 255 0 255 0 0 0 0 0 0 255 255 172 255 255 243 0 255 0 135 255 255
    0 0 0 0 0 0 153 255 74 255 255 0 255 255 255 96 0 255 0 255 0 255 0
    255 102 136 0 255 0 122 255 255 255 0 97 255 0 0 0 255 190 181 0 255
    0 255 0 255 0 0 0 255 255 0 255 255 250 76 255 255 0 0 0 113 0 0 0 0
    189 233 59 230 0 0 22 255 255 168 0 0 70 255 255 0 255 0 255 0 0 255
    162 255 15 0 255 0 255 0 97 255 140 0 0 0 8 255 0 255 0 0 0 0 255
    255 253 0 0 157 255 57 0 0 255 255 0 0 101 255 255 0 255 0 0 255 255
    0 0 115 255 76 0 255 255 0 255 119 255 255 0 224 0 0 0 255 255 255 0
    42 128 0 0 0 255 255 255 0 255 255 132 0 0 255 255 255 255 0 4 0 0
    255 255 255 0 255 255 255 0 0 255 255 61 255 0 255 0 255 61 255 0 0
    255 0 255 255 255 0 0 255 255 0 255 0 255 255 181 0 0 0 255 255 255
    0 0 127 255 0 0 0 255 255 123 0 255 255 255 255 255 255 255 0 255 0
    0 0 101 0 71 213 0 144 255 255 255 0 0 255 255 255 0 0 77 255 255
    255 0 9 0 255 64 0 0 0 255 44 255 160 0 255 0 255 0 255 0 255 255 0
    255 0 255 0 245 0 58 0 162 255 255 255 41 0 255 45 255 0 255 255 0
    62 255 112 0 0 255 0 255 211 255 255 201 0 255 255 162 255 0 0 92 0
    255 255 255 255 0 255 0 0 255 0 255 0 0 153 122 0 0 255 0 255 255 0
    255 0 255 0 204 255 255 255 255 213 236 0 163 136 255 0 0 255 0 0 0
    78 255 204 255 0 255 0 255 0 0 0 0 255 152 0 0 255 0 0 189 0 88 255
    255 255 0 92 255 0 0 245 255 255 0 255 255 15 0 255 255 0 0 0 255 0
    133 0 255 85 255 234 0 255 22 217 125 255 0 255 0 255 255 255 255 0
    0 255 255 255 255 0 0 255 124 255 0 190 0 114 255 255 255 0 0 0 0
    255 0 255 0 0 0 0 255 255 0 30 255 255 255 0 0 255 0 255 199 84 255
    0 255 0 0 255 28 255 0 255 66 255 255 0 52 82 0 169 90 184 255 0 0
    236 255 51 0 176 255 0 255 0 0 255 255 0 0 0 221 255 0 0 142 255 255
    0 0 255 0 255 0 255 0 255 0 132 105 0 0 0 0 255 0 255 0 0 193 134
    255 179 0 255 255 255 0 0 0 71 255 0 255 255 79 9 0 255 0 255 0 255
    228 255 255 255 0 0 148 255 255 0 255 0 122 0 255 114 255 144 0 255
    255 255 0 0 205 255 213 2 0 21 255 255 0 0 0 255 233 255 0 84 255 0
    0 253 0 255 12 0 0 0 255 246 255 255 255 255 255 0 0 0 255 0 255 47
    0 41 199 12 0 241 0 255 0 188 0 0 255 255 255 0 0 0 255 0 255 255
    141 0 28 255 255 0 0 0 222 255 0 0 120 255 255 255 217 0 0 255 0 255
    0 255 0 255 0 255 0 255 0 71 0 248 0 255 0 255 0 255 0 0 0 255 184 0
    0 255 0 255 0 0 255 255 255 155 117 0 255 255 0 0 0 255 255 255 0 0
    255 255 126 255 48 0 0 23 255 0 0 180 255 255 0 255 0 255 255 255
    255 255 87 0 255 0 255 217 0 255 114 255 57 184 28 0 0 0 0 169 255
    255 255 0 17 0 255 188 255 255 0 0 182 114 229 0 221 255 255 0 129
    247 255 0 255 201 255 0 255 0 255 0 0 0 255 255 0 0 0 255 226 0 255
    255 0 0 100 255 59 255 0 255 0 255 128 255 212 0 0 255 255 255 0 0 0
    156 0 255 43 255 255 41 255 255 0 100 194 255 255 0 176 255 0 0 0
    255 75 255 255 255 0 255 0 255 174 0 0 0 255 255 0 0 0 255 255 0 201
    0 255 255 255 0 255 0 255 0 140 255 255 0 0 0 213 255 0 28 255 255
    162 0 98 0 255 255 255 255 0 255 255 0 0 184 5 255 114 255 0 255 28
    107 0 250 255 186 151 0 255 255 255 255 255 0 0 0 81 198 0 255 0 255
    176 96 0 0 255 255 255 0 0 0 255 255 0 255 248 255 165 251 255 0 0 0
    211 255 255 255 255 0 0 0 198 0 255 0 255 255 78 255 255 0 168 13
    198 0 0 0 167 255 255 255 255 255 15 255 0 0 0 255 0 255 0 255 132
    255 0 0 255 255 238 255 255 0 0 22 255 255 0 255 0 255 29 0 130 89
    255 210 0 0 17 255 0 255 0 255 0 255 0 106 0 255 0 255 0 94 255 255
    255 0 255 172 0 255 0 255 0 255 255 254 0 0 64 255 0 255 0 0 2 12
    255 255 10 0 255 255 8 255 255 209 0 255 255 0 0 0 255 0 255 255 0
    91 0 0 79 58 211 255 0 225 87 0 255 0 255 0 255 0 21 0 121 0 255 255
    255 0 126 0 255 255 255 0 255 0 138 255 0 255 0 255 0 0 0 255 255
    161 39 152 0 210 0 255 255 255 0 0 0 255 255 255 0 0 255 255 255 255
    0 11 0 255 255 228 0 255 0 255 255 255 0 44 0 178 0 0 0 255 0 255 84
    0 247 255 255 0 31 0 255 255 0 0 0 255 44 185 0 255 255 0 203 69 255
    0 255 255 156 0 255 255 255 0 255 0 0 0 104 255 255 255 0 255 255
    255 0 255 90 0 255 0 255 0 255 255 255 255 255 0 0 0 255 255 255 255
    0 0 146 0 255 0 255 0 255 0 0 0 0 255 255 255 255 255 0 0 0 0 255 0
    255 0 255 0 0 0 255 100 255 2 255 0 255 0 148 0 0 0 255 255 0 0 9
    255 228 255 255 255 237 0 119 255 255 0 255 98 255 255 255 254 255
    255 255 0 255 0 255 192 255 0 160 0 255 255 255 0 0 0 218 0 0 0 255
    255 0 255 255 0 8 0 70 0 255 0 0 5 255 255 0 0 0 0 248 0 255 255 0 0
    0 255 0 255 255 255 0 255 0 255 0 67 0 79 203 0 248 191 255 0 255 0
    0 70 0 255 0 224 0 255 255 0 0 63 255 207 0 0 52 255 0 176 0 255 255
    255 131 0 0 0 0 255 232 255 0 0 0 0 255 255 0 0 255 0 0 255 255 255
    159 255 0 255 255 255 0 95 255 0 0 0 255 0 255 128 0 0 0 0 255 248
    141 34 170 0 159 0 84 0 255 0 255 0 54 0 255 184 255 0 0 0 0 255 0
    36 255 110 255 255 255 219 255 0 137 0 56 0 255 0 0 117 255 0 255 0
    255 255 255 0 0 255 130 137 0 255 0 0 0 255 0 0 13 255 149 20 255
    255 252 0 0 0 180 0 255 134 0 0 0 255 0 255 35 255 255 0 0 0 255 255
    255 0 255 255 255 0 152 190 225 255 0 235 0 0 115 73 217 0 0 255 255
    255 255 255 255 0 0 0 0 255 0 255 156 255 100 0 0 0 255 255 109 0 33
    255 48 0 0 255 255 255 0 0 243 0 255 144 255 204 255 0 0 154 0 255 0
    255 255 255 255 0 47 255 255 0 0 0 0 255 0 255 0 255 0 0 255 136 0 0
    255 229 255 0 0 255 0 0 0 255 70 164 0 0 89 255 255 0 0 0 255 255 0
    0 0 119 0 255 0 152 0 255 0 0 0 255 255 77 64 255 0 255 0 0 255 0 74
    0 35 255 149 255 0 255 0 0 122 0 0 217 255 61 0 0 255 255 255 0 0 0
    255 232 43 0 252 138 255 0 0 14 0 0 0 255 255 255 255 0 113 0 0 62
    255 0 255 255 0 255 26 0 0 255 54 255 255 255 255 0 0 255 212 255
    144 0 0 144 0 0 0 255 132 255 0 255 103 255 0 255 0 13 0 0 255 255
    255 213 0 255 0 160 0 255 0 255 255 255 57 0 0 0 255 0 37 0 255 94 0
    0 255 255 13 255 138 255 1 0 239 0 255 0 0 0 0 35 0 6 255 255 0 241
    255 255 0 0 255 255 0 0 0 255 76 0 249 0 0 0 255 208 129 255 0 0 0
    252 0 0 0 255 255 11 121 0 255 0 255 255 255 0 102 78 0 0 0 255 255
    255 50 0 255 0 66 0 255 0 0 0 0 0 255 0 255 255 4 9 111 0 0 0 0 255
    179 255 0 139 255 0 0 0 0 21 0 44 255 255 234 0 230 246 255 255 0
    255 255 113 205 255 75 0 255 210 255 0 0 255 0 255 255 0 255 0 0 255
    255 255 0 0 18 0 0 255 0 255 255 73 255 0 0 0 255 255 255 255 255 0
    142 112 255 255 255 109 35 0 92 255 0 39 0 255 255 0 188 0 255 0 0 0
    0 255 255 102 255 63 255 0 0 0 255 255 255 255 0 0 0 0 97 0 0 0 170
    255 255 255 0 204 0 214 255 0 0 0 151 0 255 255 255 255 255 78 0 0 0
    143 175 0 0 255 255 255 255 0 255 0 67 0 0 34 109 255 255 255 255 0
    255 0 255 0 15 0 0 45 255 255 206 0 0 255 255 255 0 0 0 255 0 0 87
    255 255 231 33 78 255 0 0 255 255 255 0 255 0 255 0 0 0 255 0 45 0
    255 255 0 0 0 255 255 50 0 91 0 255 255 0 0 0 255 255 0 19 0 255 255
    255 44 0 0 243 255 0 0 255 97 0 0 0 64 238 255 255 255 255 0 255 255
    255 0 205 255 255 185 0 0 13 255 85 255 0 0 255 0 0 0 255 0 122 75
    255 124 0 0 255 0 255 144 255 255 0 255 255 255 0 0 0 226 0 192 255
    0 0 239 255 255 255 0 0 0 255 255 0 0 255 0 69 255 255 0 19 0 255 0
    255 0 255 0 117 255 0 255 219 255 0 213 0 0 0 0 255 255 0 255 0 255
    255 255 0 192 119 0 55 255 255 255 0 255 0 255 0 255 30 255 127 255
    0 255 0 0 0 210 255 255 0 185 0 173 0 103 255 255 211 0 0 0 255 255
    255 255 255 255 235 162 0 255 0 151 255 0 255 0 255 0 0 0 255 255 0
    0 255 255 255 255 0 255 16 155 0 255 0 255 0 0 255 255 255 0 0 255
    255 0 48 246 255 255 255 72 0 0 0 255 255 16 0 18 0 255 255 255 100
    255 0 196 0 255 156 255 0 255 0 74 131 0 0 0 255 120 10 0 255 0 255
    84 255 0 0 0 0 0 255 255 251 235 0 0 255 228 255 22 0 116 0 255 255
    255 0 0 0 0 255 255 198 0 0 255 255 241 0 0 217 255 255 106 0 0 0
    255 0 255 38 255 0 65 43 0 0 255 255 0 0 0 255 141 46 0 219 255 227
    0 255 255 255 255 255 255 62 0 0 0 0 255 114 255 217 87 164 99 255
    238 0 255 126 41 0 72 255 0 255 0 255 104 0 0 235 255 0 0 0 255 255
    255 100 227 12 206 113 0 0 0 155 255 255 0 251 255 255 255 0 0 0 0 0
    255 0 255 0 0 255 0 124 0 255 255 255 21 0 0 255 0 209 0 255 0 255
    255 228 0 0 255 255 0 0 255 0 0 0 255 255 0 0 255 255 0 255 0 0 38 0
    255 255 255 15 107 255 0 255 0 255 255 119 0 0 0 255 255 255 0 0 255
    255 0 0 138 255 0 174 11 255 0 255 255 255 106 255 0 0 255 255 255
    255 255 255 0 255 0 0 79 0 255 0 255 0 255 0 255 255 255 255 252 255
    0 255 0 255 0 0 0 201 255 255 0 255 0 0 0 112 0 255 227 0 243 0 0
    255 255 0 0 0 255 0 255 255 255 255 255 0 0 214 0 255 0 255 0 255 0
    0 0 255 0 255 255 255 122 255 28 0 0 0 255 255 255 0 255 114 0 255
    23 0 0 255 0 255 0 0 255 141 255 0 255 255 0 0 0 0 255 73 255 255
    255 255 77 145 186 0 255 0 0 0 255 255 0 0 255 5 255 94 255 0 0 0
    255 222 0 186 0 255 255 255 0 206 215 147 0 255 0 74 0 0 224 255 255
    0 0 255 242 255 255 169 241 0 255 255 255 103 0 0 0 25 255 255 0 0 0
    255 0 255 255 141 255 0 228 37 255 198 255 0 0 255 255 255 0 0 0 255
    93 47 189 0 255 255 255 0 0 0 0 255 255 255 255 50 255 255 0 0 182 0
    0 0 35 107 255 0 0 198 255 0 255 119 0 0 255 0 255 152 255 0 118 255
    255 255 0 0 0 0 40 255 255 255 1 255 255 255 0 255 156 0 0 0 255 255
    255 70 0 0 255 255 255 0 0 0 148 255 255 255 255 0 0 0 174 96 0 0 0
    160 255 255 0 104 0 255 255 255 0 255 255 255 0 0 0 0 255 255 0 255
    255 3 0 0 255 6 255 219 0 116 0 255 125 209 255 255 255 0 0 0 255
    119 255 255 36 0 0 255 39 33 0 0 62 0 0 0 255 0 0 255 0 255 0 255
    255 255 0 218 236 5 255 0 0 0 255 0 255 0 129 255 255 0 0 0 255 255
    255 255 0 247 63 255 255 0 212 0 255 0 0 0 255 77 255 255 0 0 146 0
    255 0 62 0 0 0 219 255 255 68 89 0 173 255 255 255 0 255 0 52 0 255
    255 255 0 0 0 255 0 0 255 255 222 255 0 0 255 0 0 0 137 255 255 255
    0 0 0 0 59 255 255 255 0 240 81 0 255 0 255 49 255 0 0 255 68 255 0
    255 255 255 7 0 33 255 0 0 0 255 0 0 0 255 255 0 255 0 255 0 255 255
    255 0 0 255 255 0 0 255 0 255 255 255 0 176 0 255 0 255 0 8 0 228
    255 255 255 0 255 0 0 0 117 149 255 255 255 255 0 0 0 163 0 255 0 0
    43 0 255 255 0 255 0 255 164 255 0 255 0 255 255 255 0 0 255 255 255
    255 0 0 84 111 255 0 255 255 0 0 255 255 255 255 0 140 255 0 0 0 255
    255 0 0 255 255 84 138 255 114 80 0 78 255 186 0 255 202 255 0 255 0
    0 255 255 132 0 255 0 255 0 255 38 0 0 255 255 0 177 255 255 0 0 255
    255 255 255 0 34 0 0 0 0 255 0 255 81 255 255 70 0 0 0 255 59 255 0
    0 140 255 0 0 0 255 96 170 53 255 0 137 255 255 210 0 255 255 255
    255 255 0 12 0 0 0 0 128 255 255 255 168 255 255 0 0 255 255 0 255 0
    0 0 255 0 196 0 255 0 0 0 255 196 255 0 255 255 255 0 136 255 255
    177 252 0 0 147 0 255 0 0 255 255 19 0 0 255 255 0 0 0 0 182 0 255 0
    255 0 255 247 0 255 91 255 0 144 0 112 140 218 0 0 157 255 255 0 0 0
    255 225 0 0 255 255 0 0 255 255 156 0 0 0 0 255 0 0 0 255 0 46 255
    170 0 0 255 0 153 255 255 255 0 88 255 255 0 0 255 244 208 255 220
    255 0 0 234 155 255 255 0 136 0 0 0 0 0 255 151 255 255 0 0 0 0 255
    255 255 0 0 255 255 50 7 0 0 0 255 255 255 255 0 0 0 122 255 0 255 0
    255 0 0 0 58 0 0 0 0 255 0 74 0 0 255 0 255 255 255 255 0 255 0 255
    255 172 88 255 255 255 0 0 255 0 255 168 148 0 0 0 255 255 255 135 0
    29 0 0 0 255 255 255 0 0 0 255 0 0 0 255 255 33 0 8 60 70 0 255 255
    60 0 0 255 0 150 0 255 255 255 168 255 0 0 0 255 255 255 249 0 0 255
    255 87 0 255 0 255 0 241 59 0 238 0 255 0 0 213 255 0 42 0 255 255 0
    0 0 255 255 255 112 255 0 0 79 205 255 14 255 0 255 0 0 187 255 0
    255 65 0 0 0 4 24 255 0 255 126 255 255 255 0 255 255 255 125 0 0
    231 86 220 255 255 245 0 166 126 0 255 0 0 255 211 0 0 139 255 255
    255 0 255 62 0 0 255 147 51 0 91 255 255 0 255 255 255 0 255 0 255 0
    255 0 255 241 255 0 118 0 162 255 255 255 255 0 0 0 34 255 141 0 255
    93 0 0 255 0 162 0 0 255 57 255 0 255 255 255 0 0 0 255 255 108 255
    255 255 0 0 0 0 255 48 255 0 255 255 238 0 120 0 255 255 104 0 0 152
    255 255 44 0 82 184 255 0 255 0 255 0 0 0 255 0 255 255 255 255 255
    0 97 0 255 199 255 0 141 239 163 255 0 255 255 255 0 0 0 255 255 0
    199 0 91 0 0 0 255 80 255 0 183 110 255 255 0 255 0 0 0 255 255 73 0
    23 255 255 0 0 118 0 0 255 255 0 0 255 168 0 255 255 255 4 0 255 220
    0 102 255 255 0 0 245 255 0 0 0 0 255 0 255 255 255 255 0 0 0 255 0
    255 0 123 255 0 0 129 206 76 156 0 255 255 0 0 255 0 255 255 0 255 0
    65 0 255 255 255 0 0 0 255 255 255 0 255 0 255 160 0 255 142 255 0
    41 0 255 0 255 7 68 255 0 0 255 0 0 255 255 255 0 0 255 78 255 0 0 0
    33 0 255 0 255 114 255 0 0 213 0 0 0 255 255 255 255 255 245 255 180
    0 99 255 204 110 200 0 0 55 0 255 0 255 255 255 255 0 255 0 255 0 76
    128 0 255 0 0 255 0 46 0 255 112 255 104 0 0 0 0 174 255 113 0 0 255
    255 0 255 255 255 0 0 0 255 0 255 0 255 0 80 0 255 255 255 255 0 0
    255 255 29 0 0 20 0 0 232 147 0 0 0 255 255 255 0 255 0 0 0 195 0
    255 0 255 0 0 255 238 255 0 0 214 255 0 255 0 168 255 0 255 0 255 0
    255 248 255 255 255 255 0 30 149 52 255 255 186 0 0 255 255 0 235
    118 0 0 255 255 0 167 255 255 0 0 0 210 255 0 0 142 255 255 170 0 0
    187 255 222 255 0 255 255 0 0 0 0 255 255 255 255 255 121 0 0 0 235
    255 255 255 110 0 255 0 198 0 10 0 255 255 255 85 0 0 255 255 255
    255 0 255 0 0 0 255 0 0 250 255 221 255 0 0 0 0 0 255 56 255 255 255
    255 255 255 255 255 0 255 213 255 0 222 0 30 255 0 255 0 0 255 255 0
    57 0 141 0 255 127 133 0 0 0 0 0 96 255 22 255 255 0 0 72 255 0 239
    0 255 235 255 119 0 0 0 255 0 0 0 255 52 191 255 255 255 255 255 0
    255 0 0 0 0 255 0 0 0 255 255 89 255 0 0 244 245 255 248 0 0 0 255 0
    255 0 255 255 255 0 255 255 255 0 71 208 255 62 35 8 255 0 255 255
    255 255 0 72 255 255 255 0 0 0 255 255 229 0 210 237 0 255 0 255 0 0
    56 255 0 208 255 255 0 0 0 0 255 0 255 50 255 0 255 0 255 160 255
    255 0 7 48 255 168 9 0 207 0 188 255 255 255 0 0 255 0 0 0 255 255 0
    0 255 255 255 0 0 0 228 255 255 122 0 0 32 148 255 0 255 255 255 0
    255 255 255 0 0 0 255 255 255 204 0 0 0 0 226 255 255 255 133 255
    216 255 201 0 0 255 255 160 90 0 255 255 0 0 142 255 163 255 249 151
    255 255 0 0 0 0 255 222 255 0 255 0 0 0 175 100 85 255 0 153 0 0 255
    255 255 165 0 0 0 255 0 162 0 255 255 255 0 255 173 255 255 255 255
    73 255 0 158 104 0 255 255 255 255 255 0 0 0 0 255 0 255 0 253 0 0 0
    255 48 255 135 255 255 0 0 255 255 0 255 255 0 0 0 255 41 0 255 211
    0 0 255 255 110 0 0 0 255 0 0 0 255 255 0 0 169 241 255 0 128 92 255
    255 255 0 255 0 42 177 255 0 0 0 0 255 255 255 255 255 0 172 255 255
    0 31 97 164 255 5 0 0 0 255 93 29 0 255 255 255 0 255 5 0 214 255
    255 0 204 74 255 232 0 0 0 0 255 226 161 255 51 0 0 255 255 143 255
    255 255 0 255 0 188 255 0 111 255 0 255 255 78 255 0 252 0 255 255
    255 0 0 0 0 255 255 255 0 255 255 118 0 255 30 255 0 0 0 255 255 255
    0 0 255 16 0 255 17 252 114 0 255 0 255 0 135 255 126 228 0 255 140
    234 184 0 16 121 255 255 238 0 0 0 96 0 97 255 255 255 208 184 156 0
    0 27 22 229 255 0 0 18 255 255 255 255 0 0 59 255 0 255 0 14 102 255
    0 121 0 255 14 121 0 255 255 255 0 255 255 255 255 23 0 255 0 255
    255 153 255 0 255 76 0 0 40 0 255 255 255 0 236 52 27 0 247 255 255
    255 0 44 70 0 0 0 0 255 0 66 0 255 0 255 0 132 0 0 0 0 255 0 0 7 0
    255 0 28 255 0 255 0 255 255 236 255 0 255 0 255 0 255 0 255 0 255 0
    0 255 255 255 0 255 0 8 0 255 255 255 0 0 0 45 255 255 71 0 0 255
    255 0 255 0 255 0 255 32 255 255 255 255 243 0 65 255 0 255 0 0 0 0
    255 255 20 0 145 0 255 0 255 0 0 255 0 0 0 255 194 19 0 0 255 255
    255 255 0 0 190 255 255 0 255 255 88 0 255 0 242 0 55 79 13 255 255
    255 255 0 255 255 255 0 255 255 255 255 83 255 0 255 0 255 21 0 0
    255 255 255 0 77 255 255 255 0 81 13 255 3 0 255 201 0 75 0 255 255
    208 81 255 0 0 0 255 255 255 0 0 0 0 14 0 83 255 255 0 0 199 0 255
    163 255 0 172 0 255 255 0 0 0 255 111 0 0 255 3 0 129 0 1 0 255 255
    255 0 0 255 0 98 255 0 164 11 17 255 255 255 122 255 0 255 0 255 0
    255 78 0 255 255 139 0 0 0 58 176 236 169 0 255 226 255 0 255 255 0
    177 190 255 255 255 255 99 0 0 0 0 255 255 255 0 255 148 255 255 255
    0 0 255 255 255 255 234 0 255 0 255 53 255 158 0 255 0 255 200 0 0 0
    0 0 255 195 255 195 18 0 255 255 255 255 52 0 0 255 0 255 31 0 25 31
    181 139 255 0 150 255 0 255 0 255 255 255 0 0 189 255 255 0 0 0 143
    255 255 255 0 239 0 86 255 255 0 255 255 255 0 0 255 255 0 255 255
    163 255 0 255 255 0 94 35 255 255 0 227 241 0 0 0 255 138 255 248
    255 252 0 102 255 255 0 0 58 255 0 0 255 183 255 0 255 255 255 0 0 0
    255 139 255 0 34 255 255 177 0 56 0 128 0 255 255 0 199 0 0 214 31
    255 0 0 16 255 255 0 102 255 255 137 150 68 22 0 0 143 255 0 0 255
    255 0 0 255 0 255 255 255 255 255 219 0 0 111 255 255 0 0 255 255 0
    103 255 0 255 0 255 0 255 0 255 0 255 0 255 0 0 0 121 255 255 255 0
    74 122 192 95 0 255 227 0 0 0 255 0 255 0 255 4 255 8 91 129 255 0 0
    30 255 0 0 0 84 0 255 0 18 0 0 255 0 255 255 0 0 0 255 0 159 255 0
    255 63 255 0 0 0 255 255 253 0 90 0 255 0 255 133 255 0 0 0 0 0 255
    255 0 255 0 67 0 0 0 255 255 0 255 233 255 255 0 0 0 255 0 255 0 255
    255 255 0 0 0 255 255 255 255 207 245 255 0 0 215 255 95 250 0 0 0
    134 16 0 0 255 238 255 255 0 0 0 224 0 255 0 255 0 255 0 0 0 255 26
    0 0 0 0 0 255 255 240 50 0 255 0 255 0 255 255 99 0 0 0 0 67 255 108
    238 141 0 0 0 0 228 0 106 0 255 255 255 255 0 0 255 157 56 255 255 0
    255 70 255 0 255 0 0 255 255 0 0 164 0 170 185 0 255 255 24 126 0
    255 0 255 0 255 220 255 0 0 0 255 255 255 0 0 0 255 255 255 255 255
    255 39 255 0 0 0 255 255 0 22 7 255 161 255 241 0 255 255 93 255 0
    255 255 255 255 24 0 0 0 255 255 255 255 255 0 0 0 123 255 255 255
    59 66 255 0 171 0 0 255 2 255 255 153 0 20 0 152 255 255 0 0 69 137
    255 208 255 0 196 0 255 255 255 0 0 255 103 0 255 255 242 255 0 255
    0 255 255 0 0 255 0 255 0 255 255 255 255 0 255 122 255 0 0 0 85 0
    55 71 255 236 255 0 255 219 255 0 116 0 64 255 8 0 0 255 0 255 243
    255 0 10 117 0 13 0 255 255 255 87 255 255 0 0 97 133 255 0 255 255
    255 255 255 0 255 255 255 194 255 0 73 0 250 255 255 13 0 0 0 245 0
    0 0 255 255 210 0 0 0 255 255 239 0 0 255 255 255 255 255 0 0 255 0
    0 0 0 0 255 255 0 255 255 255 0 150 0 235 0 255 255 39 0 0 206 0 122
    255 0 255 0 255 0 255 225 0 0 0 196 255 255 255 150 0 255 0 255 0 0
    255 0 255 0 0 255 255 0 0 255 0 128 255 255 255 255 0 0 0 255 255 0
    255 0 255 234 246 77 246 0 0 255 0 255 255 141 0 255 255 255 255 185
    154 0 255 0 0 227 0 255 255 254 0 0 135 0 255 0 0 0 0 255 131 0 179
    255 255 0 77 0 0 0 126 255 0 0 0 255 0 0 0 105 255 255 255 255 0 255
    0 0 255 0 138 0 0 51 61 255 65 0 0 255 255 21 0 255 255 255 0 255 99
    0 255 255 255 0 203 15 198 255 200 78 0 200 0 44 0 255 0 255 0 255 0
    229 255 131 255 0 255 0 255 33 103 0 166 0 255 0 255 29 255 255 255
    255 229 0 255 255 255 0 50 0 0 0 255 255 255 255 89 0 0 205 0 255
    138 135 0 0 255 39 158 0 0 255 0 0 31 255 255 255 0 0 255 0 0 255
    255 255 0 0 255 0 255 255 255 68 0 255 0 255 0 171 194 0 0 255 15
    255 0 124 0 255 255 255 237 77 0 234 127 0 255 0 255 255 255 255 0
    197 0 106 101 97 255 9 0 138 71 255 141 0 230 0 29 0 255 13 255 0
    255 255 255 255 255 119 0 0 0 171 255 255 255 0 0 255 255 255 255 0
    224 0 255 0 255 0 0 255 247 0 130 0 255 255 255 0 0 255 255 0 0 0 21
    255 255 0 16 0 255 0 0 0 255 195 0 36 11 255 203 255 0 17 0 0 0 0 0
    255 255 0 255 255 248 0 0 255 255 255 158 0 0 0 255 99 255 125 0 0 0
    255 255 255 0 255 0 255 0 0 0 255 255 255 0 255 0 255 255 176 255 0
    13 0 0 0 255 255 255 0 0 255 255 255 0 255 0 255 0 255 0 244 255 255
    0 57 0 0 255 255 255 0 124 0 0 0 0 255 255 0 0 0 255 0 255 0 246 52
    255 220 0 0 0 31 255 0 255 0 255 0 0 85 0 255 48 255 193 192 186 255
    236 0 255 255 0 113 0 255 0 0 0 0 255 255 255 255 0 115 77 0 255 255
    255 0 151 50 255 46 22 0 255 0 0 52 255 255 255 140 0 0 255 206 255
    255 0 6 0 255 255 255 255 255 0 0 220 157 255 0 255 118 255 0 131 0
    0 83 0 255 255 255 255 0 255 0 0 255 0 44 0 255 0 85 0 0 255 0 255 0
    0 110 255 255 0 0 0 255 0 255 0 235 0 221 0 255 0 255 0 255 0 255 0
    255 0 255 0 255 188 255 0 75 0 255 255 0 0 255 202 255 0 0 255 255
    255 171 0 0 0 255 255 0 255 0 255 0 255 255 255 0 0 224 0 0 0 255 0
    219 0 255 255 255 0 255 191 0 255 216 0 255 255 0 0 233 0 255 255
    255 0 104 0 0 0 255 0 51 13 0 255 0 0 248 255 255 0 255 255 0 231
    255 0 255 255 0 0 55 255 255 255 255 255 0 0 0 255 255 196 250 46 0
    255 0 0 0 255 0 255 0 255 255 0 255 0 0 233 0 255 0 255 0 255 6 92
    255 234 255 0 0 0 123 51 255 0 255 255 255 255 0 255 0 104 0 255 215
    255 0 255 0 255 255 255 140 0 255 255 0 138 0 255 215 0 0 0 0 255 0
    50 255 255 255 255 255 0 0 255 23 77 0 255 255 255 255 102 255 0 0 0
    0 255 255 255 255 0 255 0 63 0 255 255 0 255 0 255 255 40 0 0 147
    255 255 25 255 255 255 0 0 0 255 255 253 245 255 255 0 0 255 0 255
    255 0 255 0 255 141 0 0 0 255 188 200 98 142 255 148 255 0 255 0 0 0
    0 215 0 0 0 255 0 0 0 255 0 0 0 206 255 117 9 255 255 0 0 255 255
    255 0 188 0 255 0 0 0 0 42 255 0 0 166 255 255 255 0 255 56 0 0 0
    184 255 0 1 0 255 0 255 0 255 255 255 255 0 172 0 0 0 27 116 87 255
    0 225 0 255 0 0 0 255 255 255 0 0 200 255 0 0 0 0 255 0 255 255 255
    255 255 255 255 0 99 0 255 0 103 0 0 249 255 0 100 153 195 0 48 0 0
    255 255 0 255 255 0 255 0 0 0 255 255 255 255 255 255 0 0 255 49 172
    0 0 255 255 97 255 0 255 0 156 255 255 255 0 255 0 2 0 0 255 0 255 0
    255 173 255 0 0 255 165 0 0 49 255 255 231 0 0 255 0 0 0 255 0 255
    112 70 162 195 255 255 0 255 0 79 0 187 255 255 0 0 0 0 255 140 212
    0 255 255 226 7 255 255 23 0 0 0 0 69 255 0 255 117 0 57 100 255 67
    255 170 134 0 0 0 255 183 255 85 255 199 0 211 255 103 0 0 15 255
    255 255 0 0 255 255 255 0 255 77 0 0 255 255 255 0 255 255 0 0 85
    255 255 0 0 0 0 255 255 0 100 255 255 138 255 90 255 108 255 0 117
    190 123 255 136 255 0 0 0 255 255 255 255 255 255 0 0 0 255 255 255
    255 0 255 221 255 255 54 255 0 0 0 255 255 255 0 255 0 195 0 255 255
    255 0 0 232 198 0 0 0 255 255 255 255 0 0 59 255 255 0 0 133 255 255
    255 98 0 0 0 238 255 255 24 255 0 255 0 255 255 255 255 255 255 241
    192 255 0 255 169 0 0 136 255 255 0 0 0 0 255 255 255 0 0 255 0 255
    0 0 255 255 255 0 255 227 255 255 255 0 145 0 0 213 255 255 255 150
    107 0 255 255 22 255 100 35 0 0 108 0 0 0 219 68 0 0 190 0 255 0 0
    255 255 0 0 104 255 249 255 91 0 0 0 255 255 255 0 0 0 255 206 0 184
    0 255 0 0 48 147 207 255 255 64 0 0 0 151 0 0 255 57 255 255 0 255 0
    255 0 255 0 255 255 0 255 255 255 0 0 255 255 255 0 0 255 0 255 0
    255 0 0 255 255 255 0 0 0 255 255 0 0 255 0 255 0 255 0 0 108 255
    172 255 240 0 0 255 0 116 0 0 242 0 0 47 255 0 0 0 244 81 255 255
    255 220 167 0 28 255 255 255 68 86 245 255 0 105 0 255 255 30 0 2 0
    255 255 0 0 0 0 0 177 136 255 188 255 0 0 126 0 75 190 255 187 255
    95 255 0 255 255 255 0 0 255 0 232 255 183 160 0 255 202 255 0 255 0
    0 0 255 0 91 0 255 255 255 0 0 1 255 255 0 0 255 255 255 0 0 255 255
    0 126 0 43 0 0 29 0 255 0 166 0 255 255 0 59 0 255 0 255 255 255 166
    66 0 255 255 0 0 0 0 0 168 0 0 0 208 255 255 0 255 0 67 255 255 103
    186 255 25 0 255 255 255 255 255 142 255 0 255 255 0 51 0 44 255 0
    255 255 255 255 0 0 0 255 0 255 0 255 255 233 255 0 228 255 255 255
    0 255 0 255 255 255 32 255 255 0 0 0 255 0 0 0 0 255 201 160 255 0 0
    0 255 255 0 0 0 255 181 255 255 255 161 0 255 255 255 0 255 0 255
    255 255 147 251 0 255 241 255 155 255 0 0 0 0 255 0 255 255 255 0
    255 255 0 255 0 255 0 255 255 0 0 255 255 0 255 0 255 0 0 0 255 0
    255 158 255 255 158 0 0 0 0 255 120 141 255 0 0 126 255 255 255 0
    255 0 222 0 255 255 0 9 0 255 0 0 255 255 255 199 0 0 90 0 255 0 255
    0 255 0 0 255 255 0 0 0 255 255 255 255 0 0 47 1 255 0 0 0 89 29 255
    0 0 255 116 255 255 62 255 0 255 0 0 255 144 0 0 255 255 255 0 0 255
    0 255 255 255 0 73 87 255 0 0 255 255 255 130 255 89 255 0 0 255 255
    255 86 112 0 0 254 0 0 9 255 107 255 0 41 255 255 255 0 0 0 255 244
    0 0 255 255 255 0 0 0 0 217 255 255 126 0 0 0 38 255 255 255 255 0
    181 255 0 68 0 255 0 255 0 104 0 255 93 132 0 255 171 0 193 255 255
    0 0 0 0 0 255 255 0 0 152 0 0 255 255 31 0 0 255 255 255 0 0 0 255
    255 255 9 0 0 0 255 0 255 191 119 165 156 255 0 23 0 0 255 255 255 0
    0 208 255 255 0 42 255 255 255 2 0 0 64 122 0 255 0 255 107 0 255 2
    207 0 0 0 218 255 255 185 61 0 0 255 237 255 25 0 0 255 0 255 0 0 0
    0 255 255 255 0 255 143 255 0 0 0 255 255 0 255 255 255 0 0 200 193
    172 255 255 255 236 0 0 255 255 255 255 0 0 0 255 113 167 0 255 0 0
    0 234 0 255 0 106 255 255 255 0 0 0 0 0 221 0 0 255 0 115 0 160 139
    121 0 0 255 0 60 0 255 97 255 255 255 255 0 0 0 255 0 255 255 255 0
    76 0 0 255 255 0 0 0 0 255 100 0 19 0 255 144 0 255 170 255 0 255
    255 255 0 76 0 255 0 255 179 255 81 251 255 0 255 255 0 255 0 0 146
    255 255 255 0 127 0 0 255 255 255 0 0 0 255 255 255 34 0 0 0 255 0 0
    57 255 0 0 0 255 98 0 0 0 0 0 182 0 95 179 255 35 0 255 255 255 255
    0 255 0 255 0 255 0 0 0 255 0 0 0 255 231 255 35 0 0 255 0 255 0 67
    255 255 0 255 255 255 0 0 185 255 255 139 255 0 0 0 0 0 255 255 255
    0 255 0 255 0 0 255 255 255 255 189 255 0 255 255 255 0 255 255 255
    0 0 255 0 255 255 0 255 0 0 255 0 255 187 97 0 255 0 0 255 255 0 0
    255 214 0 58 116 0 193 255 0 0 109 255 255 0 0 0 255 224 239 255 255
    255 0 147 0 255 0 255 9 255 0 255 255 255 0 255 154 255 37 255 127
    107 255 255 255 0 0 255 129 255 186 0 0 255 255 0 0 255 239 0 49 255
    255 0 0 123 159 255 0 255 0 255 255 255 0 0 0 197 255 0 0 0 255 255
    255 0 78 0 114 0 255 58 0 0 255 239 255 0 255 44 255 255 255 0 0 0 0
    0 178 255 0 44 0 0 180 69 255 255 0 255 255 243 0 0 0 255 118 255 0
    170 255 0 0 255 0 255 67 255 104 0 0 255 0 255 0 255 0 0 255 59 45 0
    0 0 255 255 255 0 0 0 254 181 255 0 255 0 0 0 255 255 0 143 0 75 255
    255 0 132 0 255 0 0 0 255 156 0 0 0 255 217 0 0 255 0 0 0 0 0 0 255
    35 231 0 255 0 255 0 255 255 255 0 0 0 0 255 0 0 0 255 255 255 0 0
    186 255 255 169 0 0 0 0 255 67 255 0 255 0 255 0 255 0 0 255 0 255 0
    255 255 255 0 0 255 0 243 0 0 0 255 255 255 0 255 0 255 0 255 255 0
    0 0 74 0 235 255 255 106 168 28 208 255 0 0 0 125 255 255 255 0 0 0
    218 255 6 196 255 66 255 0 0 0 255 0 255 0 38 0 255 0 255 0 0 0 0
    255 255 0 255 0 110 185 255 0 0 0 255 255 255 255 254 0 255 255 255
    0 0 255 150 0 0 255 0 255 10 0 255 61 0 0 255 202 255 157 170 255 0
    255 77 9 0 0 255 255 255 0 0 0 255 0 0 255 0 0 0 255 255 0 0 134 255
    255 255 0 235 255 0 255 0 255 255 0 0 255 119 0 255 255 255 255 255
    0 0 0 118 255 0 255 0 255 255 255 159 0 0 255 255 255 0 0 0 255 91 7
    0 56 0 0 0 255 0 255 0 246 255 255 255 0 0 0 0 255 0 0 255 255 206 0
    0 0 255 255 0 0 255 255 255 0 121 0 255 0 8 0 0 255 0 128 0 57 255
    255 255 255 191 255 255 255 0 75 0 0 0 173 202 255 255 0 255 0 8 194
    255 255 114 76 0 0 255 136 0 255 0 0 255 0 202 0 0 255 255 255 0 214
    0 0 255 0 0 29 0 255 0 255 49 0 255 78 0 85 228 255 255 255 44 255 0
    0 255 255 3 211 0 255 255 255 255 0 0 229 255 0 255 255 2 0 0 138
    130 255 255 85 130 0 0 0 255 255 0 255 0 0 0 255 1 255 0 0 0 255 0 0
    0 0 157 255 0 201 0 0 0 0 255 255 62 255 227 0 127 255 186 255 0 85
    0 255 255 255 255 255 0 255 96 255 0 0 0 0 0 255 0 255 0 255 0 0 13
    6 255 0 0 255 0 255 255 255 245 255 0 0 109 255 111 0 0 255 127 255
    255 255 0 255 74 255 255 255 255 127 255 0 0 0 120 255 0 0 0 255 37
    255 183 235 24 250 255 0 0 0 23 255 183 255 219 255 255 0 0 0 153
    255 255 0 134 255 210 255 0 90 0 0 138 0 255 145 255 255 0 255 255 0
    0 0 255 255 170 96 173 29 0 0 10 255 61 0 0 0 0 255 100 0 255 0 255
    0 243 0 0 0 0 255 0 0 0 255 0 255 67 255 14 0 255 0 0 54 0 255 67 84
    255 0 255 0 255 0 0 255 255 251 0 255 192 255 255 147 255 124 255
    255 255 0 153 164 255 0 0 255 0 0 0 11 255 255 255 0 116 0 0 101 255
    255 0 0 0 0 255 254 255 174 0 0 255 255 0 0 0 255 255 255 0 193 0
    255 255 0 151 0 0 0 255 255 255 106 255 204 0 0 255 0 0 0 255 255
    255 0 255 0 86 0 255 255 255 0 0 0 255 0 0 255 0 255 38 255 0 255 0
    0 0 124 58 0 177 0 255 0 255 0 255 0 0 0 255 255 0 0 0 255 99 0 0 0
    92 255 255 255 0 0 41 255 255 103 115 255 246 0 0 0 255 255 245 196
    0 0 0 0 255 0 255 69 0 0 255 115 0 255 0 255 255 255 0 0 0 255 168 0
    255 255 255 0 153 0 255 191 255 0 0 0 216 0 255 0 255 252 255 0 208
    255 255 0 0 0 255 255 255 99 99 0 255 255 255 0 0 0 81 255 255 0 255
    0 0 0 102 255 255 255 0 255 0 255 0 90 0 255 111 255 0 77 0 255 0
    255 0 57 0 255 207 255 0 0 255 88 0 0 33 167 255 0 255 0 255 29 255
    255 246 255 120 255 23 229 255 0 184 0 0 0 255 0 255 0 255 0 255 255
    255 0 0 0 0 255 95 53 0 255 255 255 0 0 0 255 0 255 129 0 255 255 0
    255 178 255 0 0 0 255 255 255 255 0 0 255 255 0 208 0 255 0 117 255
    255 0 255 255 0 0 0 255 0 0 0 255 255 0 0 0 0 255 255 255 255 0 66
    227 0 0 255 162 0 0 0 255 255 0 0 0 255 0 0 0 255 255 0 146 255 0
    255 0 157 0 0 119 205 255 255 246 255 0 0 196 255 255 255 4 0 255
    255 114 255 0 0 0 0 255 255 55 255 255 98 0 0 255 0 11 255 203 0 255
    0 255 0 0 0 0 2 255 255 255 0 255 0 255 255 90 255 156 255 184 255 0
    255 0 209 0 213 255 255 0 0 0 147 0 255 0 255 0 0 0 255 255 255 67 0
    0 255 0 0 0 255 0 0 255 0 255 160 112 255 0 0 255 255 255 0 79 0 0
    255 148 255 0 239 43 255 139 192 0 255 239 0 227 0 255 0 0 0 0 255
    241 255 127 0 0 185 255 140 255 255 255 0 255 255 0 0 0 255 0 0 15
    215 255 255 0 0 0 255 255 0 0 61 0 255 0 255 0 255 94 255 0 180 13 0
    255 0 0 0 0 0 0 255 255 63 255 255 255 0 0 0 255 255 255 0 0 0 255
    52 0 255 0 255 0 255 0 255 241 172 0 255 255 255 255 9 0 255 67 255
    255 255 0 255 0 255 0 135 0 0 255 255 0 0 255 0 255 255 255 255 255
    0 0 0 255 0 0 137 255 216 255 0 255 0 255 51 104 255 255 255 0 0 0 0
    0 102 0 255 0 255 255 0 0 255 0 255 255 255 0 0 216 0 101 255 255
    255 0 0 0 255 255 255 0 0 0 135 0 73 255 255 255 0 0 0 0 0 255 0 0
    255 255 0 91 40 255 186 255 255 255 0 0 95 0 255 255 255 0 0 202 0 0
    0 255 255 255 0 0 255 255 255 0 0 22 255 173 99 0 0 255 160 158 0 0
    255 0 139 66 255 255 255 206 255 0 133 0 0 50 0 255 0 255 0 0 255
    255 255 2 255 255 255 255 0 162 0 255 0 0 255 255 0 0 144 131 0 0
    255 255 195 0 0 0 255 68 36 255 215 0 255 246 0 0 0 78 255 255 255
    244 255 255 0 0 211 255 117 255 0 170 0 41 0 255 0 255 0 255 201 77
    14 0 0 0 255 123 14 0 194 25 255 208 255 255 255 0 255 0 255 0 255 0
    0 208 255 255 255 0 255 54 255 0 0 0 255 0 255 0 255 255 255 0 0 14
    255 151 0 0 255 0 116 0 0 255 0 177 0 106 255 0 255 0 0 0 0 255 255
    112 255 255 0 0 0 255 255 0 0 144 0 255 0 116 0 0 255 50 0 255 255
    118 255 0 0 0 255 255 255 0 11 0 12 0 0 255 255 0 255 29 10 255 104
    255 0 0 255 255 255 255 0 255 255 0 0 0 0 221 0 255 255 62 255 0 255
    255 251 0 255 0 255 0 255 0 255 0 19 0 0 235 0 255 167 255 0 0 0 255
    255 0 0 255 0 255 0 0 63 255 255 255 0 0 0 255 151 255 0 11 163 255
    255 0 255 0 0 0 255 255 255 255 161 236 0 0 240 255 0 0 0 0 255 255
    0 226 0 168 0 255 0 162 0 255 0 0 255 255 255 51 0 0 0 0 0 0 0 255 0
    0 64 20 255 255 255 255 0 52 0 255 43 255 255 0 255 0 255 0 216 0
    255 255 255 0 0 0 255 0 44 97 255 57 0 25 0 255 0 0 0 255 255 255 0
    255 255 255 0 0 0 66 255 135 255 255 255 0 0 255 255 255 255 163 0 0
    35 255 0 227 0 0 156 0 0 255 0 255 40 255 0 0 2 0 0 0 255 255 0 26 0
    255 102 255 0 0 0 255 0 255 199 255 255 0 255 159 0 255 0 255 58 255
    255 65 0 0 0 255 255 0 0 255 238 255 34 0 0 0 0 255 255 255 245 255
    170 0 255 131 231 0 255 255 255 0 0 255 0 255 155 50 0 255 255 170
    185 255 255 0 0 0 255 0 255 0 0 222 193 255 0 0 0 255 0 255 0 255
    255 255 255 108 235 0 0 255 0 255 0 255 202 0 0 0 0 255 255 43 255
    251 255 255 0 191 255 255 156 98 228 255 255 0 255 255 255 51 255
    213 0 255 0 255 0 255 0 34 255 255 239 0 0 163 255 255 0 0 255 23
    255 26 255 255 0 0 255 172 255 0 0 255 0 150 255 255 0 255 255 169
    255 255 0 0 0 133 255 255 0 4 0 0 255 255 255 255 0 88 0 255 0 255 0
    255 0 255 214 255 0 255 0 0 0 255 255 82 0 0 0 255 255 255 255 0 224
    0 0 0 255 0 255 0 164 85 126 171 99 72 255 104 255 243 0 0 0 255 255
    218 255 255 0 0 0 91 0 166 0 0 0 255 255 0 0 255 255 255 215 0 0 0 0
    0 211 255 0 0 0 255 249 0 0 255 255 0 0 113 255 255 255 0 33 0 135
    86 255 255 0 195 0 255 0 93 255 255 34 255 101 255 255 143 0 255 0
    255 0 0 0 0 255 129 0 255 0 156 178 255 136 255 0 255 0 255 0 255 0
    175 255 0 255 0 0 212 0 255 255 255 0 0 0 0 0 255 255 0 0 0 255 0
    255 255 208 0 255 0 255 255 255 220 0 0 150 255 255 0 0 0 255 255
    255 0 0 0 0 186 255 255 226 116 0 0 255 0 0 173 134 189 255 255 255
    0 172 0 0 22 0 255 255 255 70 0 155 0 255 255 200 0 255 22 255 255
    255 94 255 0 0 255 0 0 35 255 255 255 0 255 0 11 0 255 0 255 200 17
    0 255 154 68 0 255 90 0 0 0 255 0 0 0 0 255 255 255 0 255 255 102
    255 0 254 0 255 255 255 189 0 0 0 255 255 0 0 0 255 255 255 0 86 255
    255 0 0 255 134 7 0 255 0 255 0 250 9 255 255 255 0 255 0 255 0 0
    255 179 0 215 0 255 0 255 0 255 14 255 0 0 0 133 0 255 0 255 209 255
    255 255 0 0 191 255 255 0 210 255 0 0 0 44 255 255 255 51 255 0 255
    255 255 0 0 0 0 255 0 255 0 0 0 255 255 0 0 255 255 255 255 0 0 255
    0 255 0 255 147 0 255 100 255 255 0 0 255 0 119 140 0 0 255 0 255 0
    255 255 0 255 0 0 255 255 255 0 0 0 233 218 255 0 0 0 0 255 0 196
    255 255 255 197 255 92 0 255 115 255 70 14 255 253 255 0 213 180 112
    255 220 0 255 0 0 255 255 255 0 219 0 0 0 255 208 255 26 0 0 255 255
    0 0 0 255 255 255 0 0 255 255 255 255 255 0 0 255 255 0 0 255 255
    255 0 0 0 0 247 255 255 172 255 255 0 255 195 255 107 0 0 255 0 255
    0 16 0 255 255 0 0 247 132 0 0 84 255 0 161 0 0 255 211 186 0 255 0
    0 217 0 255 255 140 255 0 255 133 252 73 0 0 0 255 0 222 255 39 255
    0 0 0 0 217 0 0 20 0 60 0 60 255 0 11 255 253 171 0 0 255 255 0 0 0
    255 0 255 61 255 255 255 255 173 0 0 140 255 255 6 242 255 0 255 0
    186 0 0 0 0 255 244 0 0 5 255 255 255 0 255 0 255 255 0 255 0 255 0
    0 0 0 0 255 255 0 0 0 0 255 0 255 0 0 0 0 255 0 255 0 0 255 0 42 255
    255 0 255 255 255 255 97 178 0 255 255 0 0 0 255 170 255 0 133 0 78
    254 255 42 255 0 255 0 0 0 0 0 0 255 255 255 0 255 0 255 0 0 0 255 0
    255 0 78 0 188 173 48 0 255 255 223 0 212 255 255 0 97 0 0 255 184
    255 0 255 0 0 255 255 255 0 0 255 37 17 255 0 62 175 255 177 0 255
    222 255 0 255 0 255 255 0 94 0 0 255 0 0 255 0 0 0 0 255 255 255 0 0
    195 38 63 255 0 66 255 205 33 0 0 255 255 0 255 255 255 0 255 225
    255 255 0 255 0 255 0 149 0 255 0 255 218 255 70 255 255 255 0 0 0 0
    255 121 255 171 0 255 255 255 0 0 177 255 255 63 0 0 0 255 255 255
    255 255 221 0 0 0 255 255 145 255 48 0 0 255 255 197 131 255 255 0 0
    0 255 255 0 255 255 255 255 136 0 105 255 255 142 0 255 0 0 255 0
    255 106 190 0 90 255 255 0 255 0 0 255 255 0 0 255 255 0 255 247 255
    0 0 0 255 32 255 0 255 0 255 255 99 255 0 0 0 0 255 255 255 0 0 255
    0 255 22 92 68 255 0 62 255 0 255 255 255 255 0 0 33 62 255 255 255
    212 0 62 0 255 255 255 255 0 229 0 255 249 0 0 252 255 2 8 226 0 255
    255 255 15 0 0 0 255 0 201 0 100 0 0 0 255 255 255 255 0 255 220 255
    0 57 0 118 0 255 0 255 177 14 0 0 255 0 222 110 255 0 0 0 255 255
    118 255 0 0 0 255 0 255 255 255 0 51 0 255 0 255 255 82 0 0 0 142 0
    255 255 0 255 0 126 243 255 0 0 255 255 0 72 0 158 0 20 0 0 255 255
    255 0 0 0 0 0 255 36 0 235 146 0 255 255 255 0 255 255 255 0 0 0 255
    0 84 255 255 0 0 0 94 255 255 255 0 255 255 255 255 69 0 255 77 255
    131 126 0 2 254 255 0 48 10 255 0 255 179 255 255 221 0 255 255 255
    0 0 40 0 0 0 0 103 255 255 0 0 0 255 255 255 255 0 199 255 0 0 0 0
    90 0 255 0 223 0 0 0 255 255 0 18 255 255 0 0 255 255 236 0 0 0 255
    0 0 255 0 0 0 255 255 255 0 0 0 255 255 255 0 29 0 255 255 183 0 70
    255 137 0 255 0 0 0 255 0 0 0 0 255 255 255 255 0 219 255 255 255
    255 125 0 255 0 247 0 255 0 255 255 255 0 255 255 255 255 255 255
    187 0 112 0 255 0 0 255 255 195 0 0 255 9 255 0 0 255 0 0 0 255 0
    147 0 255 255 0 143 0 255 255 255 0 0 255 255 255 0 0 0 255 255 194
    255 0 255 200 0 61 66 255 255 0 0 255 255 255 126 255 255 255 93 0
    232 0 0 84 255 186 255 0 255 255 255 203 255 158 255 0 0 0 255 89
    255 196 201 255 38 255 0 255 255 0 0 95 218 172 0 255 0 39 255 168 0
    255 255 0 45 0 0 255 0 0 0 255 255 255 0 255 255 255 0 131 237 0 255
    0 0 0 232 255 255 232 78 0 0 255 0 0 44 54 255 255 255 185 255 234 0
    255 255 235 255 0 245 0 255 97 255 41 223 0 255 196 167 189 0 0 0
    255 0 255 0 255 0 59 0 0 23 103 0 255 255 255 255 0 255 255 255 228
    0 255 94 0 0 0 255 255 0 69 0 255 66 0 0 255 0 92 54 0 197 0 255 99
    255 176 255 255 0 0 255 182 255 255 0 0 0 255 0 255 176 237 255 0
    255 255 255 0 0 0 255 255 255 69 255 255 255 0 0 255 211 87 0 255
    197 255 255 0 0 0 0 0 0 255 0 0 255 141 255 255 255 255 255 255 182
    0 0 255 0 95 133 255 255 255 0 0 0 255 89 255 0 85 0 0 0 0 0 255 235
    0 0 255 173 255 255 0 255 255 255 44 0 245 0 138 0 194 255 255 0 255
    0 255 0 0 0 255 255 255 0 0 0 76 255 81 0 0 0 255 208 199 0 255 149
    27 246 201 255 0 255 255 0 0 255 0 255 0 0 0 255 255 255 163 0 0 191
    255 0 0 0 255 218 255 0 255 0 62 255 255 255 255 0 255 0 0 0 0 0 145
    175 255 242 59 255 255 0 0 0 0 0 255 255 255 0 0 255 251 0 0 0 0 0
    221 0 0 0 255 81 255 0 255 255 0 186 0 255 112 146 0 0 0 0 255 255 0
    255 0 255 0 255 0 0 255 255 0 119 0 0 0 255 43 255 0 127 255 255 21
    255 0 134 255 255 84 255 255 255 255 0 255 255 0 142 93 0 0 0 0 255
    0 88 255 0 255 0 255 255 255 255 255 0 0 0 255 255 255 16 39 255 0 0
    0 255 0 255 255 255 0 0 223 255 255 0 0 255 255 35 0 58 255 255 191
    0 0 255 0 172 101 255 255 0 19 0 255 0 255 0 0 157 255 0 0 22 255
    255 255 255 0 255 0 146 228 255 255 197 255 37 42 0 255 255 177 255
    0 255 255 0 0 0 255 0 255 0 255 255 255 255 0 0 136 255 98 0 255 255
    69 255 255 255 0 0 255 255 255 255 0 0 255 158 255 54 255 0 255 255
    0 255 69 0 0 255 255 255 0 0 0 255 175 255 0 0 0 0 24 255 255 209 0
    255 116 172 0 0 208 182 141 255 0 255 0 255 0 255 255 255 31 255 0 0
    0 76 0 255 0 60 255 255 0 0 0 0 151 242 133 255 18 255 255 255 0 35
    0 255 0 0 0 255 255 161 255 0 214 255 0 255 255 0 255 255 255 255 73
    0 0 0 255 0 96 0 31 108 0 255 255 227 255 27 255 255 85 0 147 0 0
    255 90 255 249 1 40 0 255 255 255 168 0 185 255 16 194 255 169 49 0
    255 0 255 255 255 255 141 255 30 0 0 255 0 0 140 255 255 0 0 0 43
    255 241 0 255 0 0 0 0 170 140 0 29 0 255 0 255 0 255 0 0 0 255 255
    255 217 255 156 207 255 0 212 0 0 255 139 255 70 255 255 0 135 0 255
    0 255 0 255 255 0 176 0 0 0 255 255 0 0 199 0 255 118 255 0 255 255
    139 0 255 255 61 0 0 0 143 0 255 255 237 255 255 0 0 0 255 255 0 255
    255 0 6 0 0 23 0 255 255 255 0 255 89 0 0 0 255 0 255 0 43 0 255 255
    0 0 255 0 255 255 0 255 133 0 0 255 255 255 0 255 0 255 110 244 0 0
    255 0 170 0 0 255 131 149 0 255 0 0 255 0 189 24 141 181 205 255 255
    172 0 0 0 0 0 0 0 255 215 0 255 255 255 130 0 255 0 6 0 255 255 255
    202 255 63 255 0 0 0 255 255 255 0 0 157 0 255 255 255 255 255 100 0
    0 0 255 255 255 221 255 226 255 0 255 255 255 0 255 0 255 255 251 0
    255 255 0 0 0 0 255 255 255 0 0 255 86 0 255 0 255 0 0 0 0 255 255 0
    0 247 0 0 255 255 0 0 174 255 206 255 20 0 0 0 0 148 203 247 154 255
    0 255 205 255 0 252 0 193 255 20 0 0 130 45 0 255 255 0 0 0 0 0 0
    159 194 255 249 255 0 192 0 147 255 1 0 218 0 255 0 214 102 0 0 255
    255 182 200 0 0 255 255 255 70 0 241 255 255 0 255 255 0 0 178 255
    120 255 255 255 0 255 76 255 0 0 255 255 255 0 255 255 0 0 0 80 0
    255 0 255 0 255 0 255 0 255 0 118 0 55 255 92 0 215 255 209 255 187
    255 62 255 0 255 0 255 0 255 234 0 255 255 255 0 0 255 225 228 0 255
    57 207 0 0 255 0 255 0 0 251 255 255 255 0 0 0 255 0 255 0 255 0 145
    0 0 255 255 255 0 0 255 21 255 255 0 255 255 255 0 0 255 255 255 37
    0 0 0 0 255 0 0 0 255 0 0 255 255 255 80 255 0 0 42 208 255 98 151
    255 255 217 254 0 84 232 0 255 255 255 0 0 0 217 0 123 255 203 0 0 0
    60 199 165 0 0 0 255 255 255 255 0 17 255 255 84 66 0 255 0 255 0 0
    0 255 0 255 0 0 242 255 255 0 0 0 0 0 255 0 184 0 255 10 255 0 0 0
    255 0 255 255 70 255 0 0 0 255 255 187 255 0 0 0 255 33 255 255 0 0
    255 255 0 255 0 255 0 255 0 0 255 0 0 0 255 0 255 0 255 0 255 255 0
    255 0 0 255 255 0 0 255 255 0 0 255 255 255 0 255 0 255 0 0 0 236 0
    225 255 0 0 0 52 255 0 255 0 0 255 212 0 0 177 255 255 0 0 255 255 0
    0 255 0 0 0 0 255 0 0 255 255 255 0 255 0 0 0 255 255 207 8 0 255
    255 0 255 0 196 0 0 255 0 0 0 86 255 85 0 255 0 111 0 255 0 255 0 0
    255 255 86 0 255 145 228 0 0 0 86 0 255 255 255 255 0 255 255 255 0
    0 0 255 0 0 0 255 255 255 29 249 0 0 0 255 255 255 255 50 0 192 255
    255 255 255 255 255 255 0 255 0 255 255 0 0 35 255 255 0 30 255 0 0
    255 255 0 0 186 255 255 0 0 0 222 0 0 104 20 255 255 0 0 255 0 0 0 0
    0 0 0 0 255 255 255 0 255 255 255 0 0 0 136 255 155 0 255 116 84 0
    240 103 59 142 176 120 189 255 255 136 0 0 0 255 255 255 255 63 0 0
    0 255 0 255 255 255 255 0 252 0 255 255 0 0 0 0 255 255 255 255 0 0
    255 255 255 234 0 255 255 255 0 255 255 0 255 0 255 199 0 217 0 255
    255 255 0 0 0 255 0 73 255 255 57 0 0 147 255 0 255 187 143 0 255 0
    255 255 255 0 126 0 255 131 0 0 255 255 255 255 255 0 0 255 255 255
    0 255 255 255 255 13 0 255 0 0 0 236 255 0 0 127 255 232 0 31 255
    255 255 255 255 18 0 134 0 50 0 145 0 255 0 0 0 255 255 255 96 0 0
    255 255 255 255 0 255 0 0 255 0 0 255 128 255 0 255 0 255 0 15 255 0
    42 1 0 0 0 226 255 255 255 255 0 0 16 86 71 255 255 255 0 255 0 255
    0 255 0 0 0 0 0 231 255 0 153 255 0 255 0 155 33 0 116 255 255 0 0
    255 86 255 0 255 246 0 255 117 0 198 255 0 255 39 17 0 255 255 60
    123 255 0 255 0 255 0 0 0 255 0 255 0 255 0 255 235 255 255 255 0
    255 255 255 0 0 0 0 255 0 255 0 0 0 122 255 0 38 255 255 255 0 255 0
    255 0 255 245 255 0 58 216 33 255 0 255 0 255 0 255 255 80 159 51
    255 255 0 139 255 255 255 255 231 0 249 255 0 0 0 0 255 255 185 0
    240 255 255 0 0 208 0 0 0 255 255 255 255 147 0 0 255 255 255 0 0
    255 127 255 255 255 255 0 0 0 255 0 255 0 255 0 0 255 0 220 145 255
    0 0 0 239 255 0 92 255 255 255 0 171 0 0 255 0 133 255 255 0 63 115
    127 0 116 255 0 255 255 255 204 0 255 0 255 255 0 0 255 255 0 255
    212 255 162 0 0 113 255 0 255 255 0 31 0 255 0 255 194 255 0 0 0 255
    0 255 255 255 153 232 148 0 225 0 255 0 0 255 255 255 0 0 0 0 240
    255 255 147 250 0 0 122 63 0 255 84 255 0 0 0 218 0 246 0 255 0 81
    42 255 0 255 0 62 255 0 255 0 255 0 255 255 0 228 0 255 0 0 0 0 255
    219 0 248 255 255 255 0 47 255 255 255 255 255 37 0 0 255 0 225 28
    25 255 0 0 255 255 0 229 0 255 255 255 255 255 255 0 0 49 255 255
    255 255 0 255 255 255 0 255 255 0 0 0 0 0 97 255 12 92 255 255 255
    201 0 0 179 255 52 255 0 0 0 255 0 255 255 255 0 0 0 19 255 255 255
    0 186 0 0 255 255 0 0 108 255 255 255 255 0 0 0 0 0 255 0 126 0 255
    255 0 255 0 255 0 255 7 0 0 255 255 255 0 255 255 100 0 132 0 81 116
    255 255 0 0 0 255 255 255 21 255 21 255 11 0 0 255 0 0 0 0 255 0 255
    255 0 255 63 255 0 159 0 0 89 255 255 255 255 0 0 0 0 0 255 0 255 0
    255 150 0 255 255 255 0 0 255 135 0 0 137 255 0 255 0 0 255 255 255
    0 79 255 223 0 255 255 255 255 0 0 0 255 255 255 0 0 85 207 255 0 0
    0 255 255 0 255 255 254 0 0 255 249 0 0 255 255 0 0 255 255 167 0 0
    255 255 114 255 255 0 255 0 0 0 63 0 26 198 255 0 255 0 97 255 143
    255 209 255 255 255 0 92 45 255 100 255 19 233 255 255 255 255 255 0
    0 0 255 255 255 47 0 0 255 255 255 255 0 0 0 255 0 255 236 255 0 255
    255 255 0 0 125 0 1 0 255 255 255 0 0 0 255 0 0 255 255 45 0 0 0 255
    255 92 0 255 0 166 0 0 255 0 255 129 183 255 0 0 0 255 255 240 255
    80 255 0 255 255 255 0 0 0 255 49 255 0 255 0 255 0 255 0 103 106
    255 0 167 255 36 0 0 165 0 0 255 255 0 0 0 255 255 255 255 0 0 255 0
    255 21 255 0 0 0 255 255 255 195 0 0 255 255 255 0 0 80 71 255 0 255
    0 255 0 0 161 255 0 0 0 0 0 219 255 219 136 80 0 255 255 255 255 0
    255 255 0 136 0 255 0 255 0 139 255 0 0 0 255 255 255 7 255 255 0 0
    0 0 255 255 251 255 0 255 255 255 154 0 0 0 255 255 48 255 0 255 0
    144 255 255 255 0 92 0 81 255 0 255 226 0 0 0 85 255 0 255 0 0 255
    255 184 35 0 255 211 255 255 107 0 0 0 255 218 208 255 255 255 0 0
    255 255 255 0 0 255 255 255 0 255 0 149 0 255 0 255 255 251 0 0 255
    0 255 251 255 0 227 172 0 0 0 0 255 0 255 171 255 0 255 0 0 0 255 0
    255 0 255 255 255 255 0 0 255 255 0 255 0 0 255 0 125 0 0 0 255 0
    133 255 0 255 0 255 255 255 0 0 0 86 255 0 255 0 255 0 255 255 241 0
    0 0 255 255 0 0 0 0 255 255 0 0 255 0 77 0 0 0 255 0 0 179 255 0 255
    0 0 143 255 255 0 14 56 255 255 255 116 27 255 255 0 57 0 255 0 0 50
    255 255 255 255 255 0 4 0 255 255 67 255 239 0 113 255 89 255 0 0
    255 255 255 0 0 201 255 255 255 255 114 255 0 78 0 255 255 255 173 0
    69 255 0 111 255 255 73 74 0 0 0 255 253 255 0 255 0 255 0 255 255 0
    68 0 255 255 255 255 0 0 10 255 255 255 0 0 255 122 0 94 255 255 255
    255 255 0 0 0 0 59 255 255 255 242 0 255 177 0 249 255 255 0 0 255
    195 194 0 255 0 249 255 255 255 185 0 133 0 0 0 255 255 154 0 0 57 0
    0 189 0 255 255 0 255 171 255 0 255 0 255 0 255 255 55 255 0 0 0 0
    255 255 68 255 255 0 255 0 0 0 0 0 255 0 255 0 255 250 246 198 237 0
    167 255 86 149 255 255 255 255 33 0 0 0 0 255 0 0 0 255 0 0 137 33 0
    255 255 0 0 0 0 255 255 255 0 255 0 255 0 169 0 0 255 0 255 0 0 255
    253 0 204 0 198 0 0 255 0 255 0 255 0 255 0 255 0 15 255 0 0 0 255
    255 255 0 0 0 255 253 255 0 90 0 255 0 115 255 0 255 115 0 22 255
    255 0 0 0 255 0 58 0 111 143 0 255 255 255 255 255 0 0 0 255 255 255
    255 76 0 255 31 255 0 143 255 94 0 255 85 0 0 0 255 255 240 0 22 0 0
    142 0 255 255 173 0 0 255 0 0 0 218 255 255 255 255 0 0 0 255 255
    255 0 0 0 0 83 255 42 255 0 255 255 0 0 0 0 0 0 255 44 255 255 0 0
    255 255 39 24 255 0 0 0 255 0 255 0 238 0 255 255 255 0 255 0 64 0 0
    0 209 0 0 0 255 255 0 0 0 240 236 217 56 255 167 255 0 0 0 0 105 0
    255 0 255 0 44 0 0 42 255 0 255 255 178 255 0 100 255 255 0 0 255
    255 255 0 237 0 0 255 0 255 0 0 0 0 255 255 222 255 0 255 0 0 112
    255 255 0 0 80 0 255 255 0 206 0 255 240 209 99 255 255 0 0 0 0 255
    0 255 4 85 203 128 255 241 255 0 255 255 0 0 0 255 255 255 0 0 63
    255 0 0 0 255 255 0 255 0 255 165 45 0 0 255 255 0 99 255 0 107 255
    255 0 0 13 38 255 255 136 220 0 0 255 0 255 0 0 0 0 205 255 255 136
    0 215 5 255 196 0 255 0 8 0 255 0 17 255 154 0 0 0 224 255 0 255 0
    226 0 19 255 254 27 255 0 255 255 0 157 255 255 0 0 0 157 110 255
    255 253 255 0 0 132 200 0 0 0 0 179 255 0 255 255 255 0 0 0 255 255
    0 0 255 0 0 255 255 220 0 253 0 0 0 255 255 231 255 240 0 255 0 255
    255 136 81 0 255 0 0 0 255 255 0 0 255 0 255 0 255 255 255 0 0 0 255
    255 0 0 255 223 255 0 255 255 255 232 255 0 255 42 255 0 0 255 255
    255 0 71 0 0 216 255 0 255 0 255 0 255 0 255 255 255 255 103 255 255
    255 0 97 0 255 135 255 255 0 255 0 75 255 35 0 255 255 255 0 255 0
    255 0 0 244 255 255 0 0 255 153 255 255 0 0 0 0 144 255 0 0 0 138
    186 0 11 255 0 0 226 255 255 0 255 248 255 0 255 243 255 255 255 0
    169 0 0 0 255 0 255 0 0 255 0 255 0 219 255 255 0 0 34 0 255 0 0 0
    255 255 255 0 0 0 0 255 255 255 255 0 0 0 255 255 83 0 228 0 255 0
    255 0 0 137 111 255 0 0 0 0 95 0 150 0 255 0 255 158 0 0 0 255 255
    255 0 255 0 187 255 255 255 255 255 0 255 0 0 0 255 0 58 255 255 255
    140 0 0 0 0 0 0 255 216 255 84 0 0 0 255 238 255 0 0 0 255 255 255 0
    0 255 255 255 0 0 0 227 0 144 255 255 0 231 0 255 140 19 226 255 0
    255 0 62 0 242 255 111 27 250 229 0 255 0 255 0 255 0 255 123 255
    255 255 0 0 148 255 0 2 0 0 255 0 0 0 255 255 0 0 0 0 76 255 255 0 0
    0 255 0 17 255 255 255 0 0 255 255 199 0 0 0 255 154 255 0 0 0 255 0
    110 0 198 37 255 255 0 255 0 255 0 0 0 0 255 0 255 0 236 0 0 255 47
    255 0 0 242 255 0 0 255 165 255 116 255 0 255 255 255 150 0 0 62 17
    255 55 255 231 0 255 255 255 0 0 255 39 0 255 146 0 255 255 255 171
    255 0 0 255 255 199 0 45 0 255 120 86 0 255 0 255 0 45 255 255 255 0
    255 255 255 15 255 106 255 255 216 255 0 44 0 0 0 255 255 255 255 96
    255 255 255 0 255 0 255 154 53 255 255 112 0 255 0 255 0 0 255 255
    255 0 0 84 255 131 0 0 255 0 0 255 255 37 0 0 0 255 0 0 255 255 255
    0 41 0 255 255 255 255 255 0 0 0 63 0 0 187 255 0 255 255 0 167 118
    220 0 255 255 0 255 206 0 0 255 255 255 0 255 0 0 0 0 0 0 0 255 255
    255 0 97 0 0 0 0 255 255 0 255 0 255 255 73 0 255 0 0 0 254 255 9
    255 0 0 255 255 255 255 0 255 255 229 255 0 0 0 255 255 255 255 147
    0 0 255 0 0 0 0 0 0 255 17 255 255 255 8 0 255 255 57 0 0 0 255 255
    255 0 255 0 136 255 255 151 164 62 255 71 0 153 15 51 0 0 0 0 255
    255 255 0 0 0 255 255 255 0 0 0 0 255 0 0 89 255 255 1 0 0 255 255
    255 0 255 255 255 0 236 0 0 143 150 255 255 132 0 225 255 0 255 0
    255 255 255 255 0 0 0 0 230 255 255 179 0 54 255 0 253 215 255 255
    26 198 0 255 0 0 0 255 0 255 37 0 255 255 75 0 205 255 255 253 117
    255 0 0 255 63 255 0 0 0 0 161 157 0 255 255 0 255 0 255 36 0 132 0
    255 0 255 0 255 0 0 4 255 255 255 0 255 158 255 255 255 253 0 0 255
    4 0 255 255 0 255 0 255 0 255 255 0 0 255 255 0 0 70 0 0 255 255 0 0
    255 0 255 0 248 0 0 255 255 255 255 255 0 0 255 14 255 255 0 10 0 0
    0 255 255 255 0 0 150 255 227 255 255 0 108 0 143 155 0 0 255 255
    255 0 0 15 171 255 0 38 0 255 255 26 255 255 0 0 0 0 0 255 0 0 0 63
    0 0 0 255 255 255 0 0 0 243 255 0 0 255 167 255 0 0 0 0 255 0 23 218
    255 95 0 0 134 255 37 0 0 0 255 255 255 255 11 255 62 255 0 0 255
    255 255 0 0 35 65 0 0 255 255 0 243 0 255 0 0 0 253 0 0 255 255 188
    255 255 255 255 255 255 0 0 0 255 255 0 0 0 58 231 255 255 0 107 255
    255 0 240 255 0 255 85 255 0 0 0 255 255 255 0 0 255 0 255 40 255 0
    0 0 255 255 255 0 255 255 255 0 0 0 255 255 255 178 0 0 0 255 255
    255 255 0 0 0 255 0 22 0 27 255 255 0 0 0 81 0 255 0 255 0 255 0 110
    255 18 255 255 190 255 0 0 0 229 255 255 93 82 0 0 0 0 255 0 198 0
    192 196 255 255 0 0 90 255 255 255 37 146 0 255 0 24 0 139 255 0 255
    31 255 0 0 0 0 0 255 255 175 158 0 255 255 0 255 211 255 51 96 255 0
    101 47 0 38 255 199 21 255 255 0 0 255 255 207 255 255 0 103 0 193 0
    242 48 0 0 255 255 230 102 255 255 255 0 0 255 255 255 0 205 0 13 0
    0 230 255 255 255 0 0 170 255 0 0 93 255 255 0 255 59 255 0 0 255
    255 111 153 228 255 0 255 0 255 30 255 0 255 255 0 255 0 154 0 255 0
    0 0 255 255 255 255 0 255 255 71 0 0 0 0 255 245 255 0 255 140 0 0 0
    0 255 255 255 255 138 0 0 255 209 255 0 255 0 255 229 201 0 113 255
    197 255 0 93 0 82 0 255 0 255 0 0 255 11 255 0 255 255 255 255 255
    255 119 0 0 29 207 0 255 255 176 255 0 0 255 0 255 69 0 73 255 0 255
    0 0 0 255 255 255 228 119 255 255 0 0 0 255 255 255 255 53 255 0 201
    0 255 0 187 255 255 255 0 0 0 255 0 255 255 255 255 255 0 0 225 255
    255 0 29 180 0 0 0 0 0 0 255 0 255 89 48 0 0 255 255 255 255 255 255
    0 255 255 255 0 0 99 255 0 255 91 177 93 0 0 255 255 0 0 0 255 0 0 0
    255 255 255 0 0 228 0 255 255 0 201 0 255 255 0 255 0 45 0 239 0 0
    37 201 229 255 255 93 255 255 48 0 255 255 255 255 0 255 255 255 219
    0 124 0 23 255 192 255 21 255 0 0 0 169 0 255 255 215 53 197 255 0
    255 0 230 107 255 255 0 255 0 255 231 255 0 0 0 0 0 255 122 63 0 161
    0 111 0 0 0 255 255 0 7 159 230 0 0 0 255 67 170 255 255 255 0 0 255
    254 94 255 255 255 255 255 0 0 0 255 0 24 0 0 0 0 137 255 0 235 0
    255 0 18 0 0 0 0 0 255 255 0 0 255 60 178 0 255 0 72 67 0 255 0 0
    137 0 174 0 255 255 0 255 255 0 0 172 0 255 255 255 0 0 0 84 255 255
    0 255 0 255 36 255 32 226 255 99 0 0 255 255 0 0 56 205 255 0 161 0
    212 0 134 255 68 255 79 255 0 255 0 255 157 0 0 0 255 255 0 255 255
    255 255 255 255 188 255 255 7 99 0 0 0 255 0 255 255 0 0 0 255 120 0
    255 250 171 255 255 14 255 0 80 0 255 255 255 0 255 93 255 143 0 164
    255 255 0 0 46 255 255 192 0 0 255 0 255 255 0 155 0 152 255 0 170
    255 255 0 255 88 157 255 255 255 0 255 0 0 255 0 255 0 0 0 255 138
    103 0 255 0 255 242 255 0 255 0 0 191 0 0 255 0 0 255 0 204 0 255 0
    255 122 0 0 0 255 255 255 0 0 0 255 27 26 0 255 255 239 255 0 255
    217 255 255 144 53 255 120 0 0 255 0 0 0 0 0 192 255 0 255 255 0 255
    0 255 0 255 0 255 255 243 219 0 255 0 0 0 255 77 255 0 255 0 252 255
    0 0 0 125 168 255 255 255 0 255 0 0 0 0 255 0 0 0 0 0 255 255 255 0
    0 255 255 255 255 0 0 0 255 0 154 0 114 255 255 214 0 0 72 255 62 0
    255 255 255 0 0 0 255 0 0 0 255 255 0 0 111 255 255 10 189 0 0 0 0
    255 255 255 2 0 0 0 255 255 0 0 15 255 118 0 113 0 255 0 255 89 255
    0 0 255 0 255 0 166 0 0 255 255 0 255 0 255 255 124 255 0 112 253 34
    63 0 255 255 150 255 255 0 10 0 255 255 255 0 0 94 0 0 255 0 0 0 0 0
    255 255 0 255 0 0 18 102 255 0 0 150 0 41 0 255 0 0 0 0 105 0 0 149
    255 255 0 0 255 255 0 0 0 255 255 0 0 191 0 255 0 245 255 255 255 0
    255 99 255 0 255 0 0 0 2 0 255 255 255 203 255 255 53 0 0 255 79 255
    0 0 60 70 255 66 0 255 239 218 255 255 0 0 0 34 255 255 255 0 42 255
    98 0 0 0 255 0 209 254 255 255 5 255 0 0 0 0 255 0 0 255 108 255 255
    97 0 0 144 0 0 0 255 255 188 82 166 0 0 0 0 255 255 0 0 166 0 255
    255 255 0 137 0 255 0 0 177 7 121 0 0 0 0 255 255 84 0 255 255 0 0 0
    255 0 255 0 255 230 0 0 0 255 255 0 0 255 255 0 0 0 255 255 255 0 0
    161 255 0 255 0 209 91 255 255 0 0 255 255 0 0 255 255 255 0 255 0
    221 0 252 255 255 255 0 0 0 0 0 0 255 255 64 0 0 255 255 0 255 0 255
    255 9 23 255 255 255 134 255 2 0 0 0 255 255 255 255 255 0 255 234
    255 190 0 0 0 255 160 228 0 255 255 255 255 0 0 170 0 0 0 75 0 255
    246 255 255 0 0 1 169 0 255 0 9 0 0 0 34 255 0 238 111 255 255 0 255
    107 255 225 255 255 0 245 62 0 0 255 92 0 255 255 0 197 60 0 255 255
    255 0 255 0 255 255 255 0 255 0 255 0 255 0 32 255 255 0 255 255 0 0
    136 255 255 255 32 188 63 255 123 0 0 255 0 255 255 0 0 122 0 255 0
    255 0 255 0 207 0 0 255 187 255 255 0 0 0 255 246 0 255 255 255 255
    207 26 0 255 255 255 255 29 0 0 255 255 255 0 56 255 255 0 0 0 255
    134 0 255 200 0 0 248 0 196 0 255 0 255 0 255 255 255 0 0 0 255 0 0
    243 255 111 0 0 255 0 255 100 255 0 238 236 0 255 255 53 93 255 223
    255 0 255 0 52 0 255 255 14 0 0 142 225 0 0 0 0 228 255 0 0 0 194
    255 0 24 255 255 255 0 0 241 255 225 0 0 55 255 0 0 180 255 255 255
    64 0 0 153 255 70 255 159 0 0 143 232 255 0 145 0 255 255 255 255 0
    0 0 0 255 255 255 0 0 0 255 0 255 255 115 0 0 255 0 255 255 0 255 0
    87 0 255 0 255 0 0 255 255 255 0 0 0 255 255 0 0 255 255 85 255 255
    0 255 28 255 0 255 255 255 0 0 255 255 255 0 0 0 253 221 255 0 0 21
    0 0 255 0 0 0 0 255 255 4 255 158 0 255 255 0 0 0 255 32 255 255 255
    206 83 0 255 0 255 0 0 0 255 255 0 0 0 255 255 0 0 0 255 255 0 255
    255 255 94 79 0 0 255 255 123 67 0 241 255 255 255 0 255 54 255 72
    255 255 255 207 0 255 255 0 255 0 255 144 0 255 31 0 0 255 0 88 0
    255 255 255 0 0 255 255 255 0 41 181 0 255 255 255 0 0 174 145 255 0
    28 255 141 255 0 82 0 0 255 255 0 255 0 255 0 0 193 255 255 0 255
    124 0 0 255 144 0 0 196 0 0 0 255 255 0 255 0 255 22 255 255 255 0 0
    255 255 0 0 0 255 255 35 0 0 116 78 255 236 0 255 255 0 0 255 255 0
    0 96 0 255 255 157 255 255 0 0 255 255 255 0 255 0 184 0 255 0 255 0
    255 225 0 77 255 255 0 0 255 160 255 255 37 255 0 247 139 128 255
    255 0 0 0 255 0 255 255 252 86 0 173 0 0 218 255 255 0 219 0 255 255
    0 0 0 255 255 255 0 12 224 255 255 255 255 255 0 0 188 174 0 0 186
    255 255 243 21 0 255 255 255 0 0 0 152 0 27 255 0 188 255 0 90 0 136
    0 0 255 0 0 255 255 0 0 0 255 255 0 184 0 255 0 0 0 255 255 0 255
    255 81 223 255 0 0 0 255 255 255 0 255 0 110 255 0 0 200 0 255 255 0
    142 255 255 255 0 94 0 0 255 255 204 0 0 0 102 255 0 55 255 255 255
    0 255 0 255 0 255 0 255 255 255 255 0 0 223 255 159 0 251 0 0 73 255
    0 255 139 255 225 0 0 0 255 255 255 0 8 0 255 0 0 100 255 255 0 0 0
    255 255 255 0 29 129 255 0 0 0 255 0 255 0 255 0 255 0 255 255 0 233
    0 255 255 255 0 255 255 255 0 0 255 0 0 0 0 255 255 255 199 0 255 34
    232 255 0 255 0 255 255 0 255 38 255 0 0 210 0 255 255 0 255 255 58
    0 0 0 0 69 255 255 0 0 0 220 255 117 20 158 0 0 173 0 255 0 255 255
    88 214 176 220 218 110 255 212 255 150 255 250 255 0 0 197 255 255 0
    0 0 0 0 255 255 255 255 0 0 0 255 0 255 255 255 69 0 0 194 255 251 0
    124 85 255 0 0 255 255 255 0 17 0 255 0 10 0 255 0 255 0 69 0 255 64
    0 255 255 255 50 77 0 255 0 0 255 0 0 255 255 255 255 159 235 0 0 0
    0 255 0 255 0 255 0 0 0 8 47 237 0 175 0 0 0 235 33 255 57 0 54 255
    0 74 233 255 255 255 0 255 255 101 255 235 223 0 0 0 255 0 255 255
    255 255 0 0 255 86 0 0 255 255 0 0 255 255 255 0 0 0 255 255 255 0
    128 255 255 255 0 178 230 255 25 255 0 0 163 255 218 128 255 255 0
    255 255 255 0 22 165 255 0 0 255 0 255 0 0 0 5 0 62 0 255 0 255 0
    255 255 0 0 0 0 0 255 19 255 0 255 0 199 255 255 255 0 0 0 0 245 0
    255 0 255 255 255 255 0 0 0 0 255 255 4 0 184 0 0 0 255 255 255 134
    255 0 247 255 0 0 29 255 250 255 0 255 0 255 255 177 0 114 255 255 0
    255 0 255 0 255 158 255 0 207 245 255 11 51 0 22 255 255 255 129 0 0
    255 255 255 0 0 255 227 255 255 255 0 58 0 255 255 111 255 0 188 209
    72 0 255 0 255 0 255 0 0 0 255 255 255 239 255 0 107 0 255 255 251
    255 255 0 0 0 103 255 255 0 0 0 255 0 0 0 0 0 212 255 233 0 90 0 255
    255 0 0 204 0 0 0 255 0 255 0 26 0 0 0 255 5 255 0 0 0 177 255 255
    255 0 0 255 0 179 0 255 46 0 158 255 255 255 255 0 0 0 0 104 255 0
    255 251 176 255 127 255 72 0 170 255 0 255 255 255 255 0 0 0 255 255
    0 190 0 255 0 255 147 255 0 255 0 131 0 144 255 255 230 0 140 255
    255 99 185 0 0 26 0 12 255 255 255 255 0 0 0 0 255 255 255 0 0 0 255
    0 0 0 23 100 255 255 0 0 255 0 236 0 0 0 255 0 0 0 255 200 0 0 255
    61 0 0 0 255 195 255 0 103 0 0 255 255 0 0 0 0 255 0 130 0 255 0 72
    0 255 255 31 0 223 255 0 0 0 255 238 255 255 255 0 0 255 0 33 255 92
    0 0 63 255 255 88 0 255 0 58 255 255 253 0 126 255 255 255 255 255 0
    0 0 255 255 0 255 0 57 255 0 255 255 255 0 0 0 0 0 255 255 0 0 22
    255 0 255 44 255 0 0 0 0 0 0 255 0 0 255 255 0 53 255 255 255 0 255
    0 0 0 207 0 0 255 255 0 0 0 0 255 0 255 0 255 255 0 124 255 42 0 255
    0 255 255 255 255 0 0 0 255 0 0 255 0 86 0 255 0 0 250 0 255 0 255 0
    174 0 255 226 0 187 229 255 0 255 0 255 255 102 0 255 165 255 64 255
    0 255 255 255 0 0 227 255 255 0 120 255 255 65 0 143 0 255 0 123 0
    75 0 255 255 0 0 48 255 255 255 0 104 0 255 255 236 0 0 205 0 255 0
    194 0 255 23 0 0 0 255 255 255 0 0 255 255 0 0 109 233 0 0 43 0 0 0
    255 0 37 0 105 255 0 100 103 0 0 250 0 7 0 0 255 124 255 255 0 0 0
    255 186 0 255 247 228 0 184 39 255 255 0 0 0 255 0 0 255 0 0 0 163
    152 0 0 0 222 0 0 0 255 255 255 0 0 255 255 255 0 99 255 255 255 0
    88 0 255 0 255 164 255 226 255 125 0 185 96 255 255 255 255 0 0 255
    0 0 0 255 255 255 0 0 255 114 145 255 255 123 0 255 255 150 0 255 0
    124 106 0 200 0 255 255 255 149 255 255 0 0 0 0 255 135 89 251 219
    255 14 0 255 0 0 255 0 255 255 47 255 234 0 255 143 255 242 0 0 255
    255 0 0 0 38 0 255 0 0 0 255 255 255 28 248 0 255 0 0 170 0 55 0 255
    0 0 255 255 255 255 255 0 0 255 0 255 0 133 255 0 255 255 0 255 250
    255 0 255 0 255 52 0 255 0 255 255 92 255 144 255 253 255 11 66 0
    255 255 123 0 0 255 143 117 16 255 255 255 255 255 0 0 255 255 94
    255 255 155 0 255 30 255 0 255 0 255 0 255 255 113 0 255 255 0 0 44
    0 255 255 188 0 185 255 255 0 0 201 201 0 0 255 78 255 235 255 255
    255 0 0 141 255 0 0 0 255 255 255 0 0 0 255 13 255 228 0 0 0 255 0 0
    0 0 255 0 108 0 255 255 255 255 234 0 42 0 255 0 255 255 219 0 24
    163 255 255 255 105 0 0 0 255 0 255 137 0 255 0 255 0 255 0 0 47 0 0
    148 0 255 0 255 0 194 34 255 255 0 255 0 0 19 255 255 0 0 255 255
    255 0 0 0 255 13 255 193 180 0 255 255 255 0 0 255 255 96 0 0 97 255
    0 0 9 255 255 255 0 0 255 255 255 0 255 29 255 0 0 0 255 0 255 0 255
    0 0 223 0 101 0 0 0 255 255 0 255 0 36 0 0 94 0 0 255 255 61 255 140
    255 0 255 40 0 255 150 255 0 0 0 255 255 0 0 0 255 255 255 0 0 0 255
    255 255 213 255 0 5 0 0 255 231 255 210 255 84 18 255 0 0 0 186 255
    255 177 0 0 94 0 255 106 0 0 255 255 234 231 110 195 55 138 255 255
    255 255 206 77 0 184 0 35 255 0 255 255 255 255 255 0 240 0 0 0 184
    255 0 0 255 255 0 255 231 255 0 0 44 255 63 226 255 255 255 218 255
    0 0 255 0 255 255 255 96 0 0 255 255 0 0 0 255 0 255 51 0 0 255 255
    0 0 255 255 0 0 255 43 255 230 0 255 20 0 255 255 0 0 0 255 255 66
    255 0 255 0 79 36 255 0 9 0 0 162 0 0 86 0 255 0 255 0 175 0 255 0
    255 186 255 255 0 111 0 107 255 50 255 73 255 119 0 255 255 255 255
    255 221 0 0 0 0 255 0 255 255 255 0 121 0 255 0 255 255 255 74 225 0
    0 255 0 255 172 255 225 255 255 0 0 136 255 165 0 255 255 255 255
    255 255 255 255 255 255 0 255 255 82 255 166 255 0 0 255 255 255 0
    159 255 164 0 156 0 255 66 0 0 122 0 0 255 0 0 255 255 255 0 0 0 255
    255 0 255 0 0 0 0 255 0 56 237 0 255 94 255 255 0 0 0 226 140 0 0 0
    255 255 0 0 229 157 181 187 0 255 111 0 0 0 255 50 29 255 255 0 0
    255 0 0 0 0 0 13 255 0 0 255 255 0 255 242 255 0 255 255 202 144 255
    255 0 40 119 255 0 255 0 209 0 255 255 0 255 255 255 221 0 255 0 0
    255 255 255 0 0 39 255 255 255 255 0 255 0 255 105 0 0 255 0 150 255
    255 255 0 255 0 255 255 255 0 0 0 0 255 0 84 0 255 172 0 255 203 255
    0 0 255 255 255 255 97 0 255 0 0 255 193 0 0 86 255 255 255 0 255 0
    0 183 0 163 255 0 0 0 160 0 3 255 0 0 255 255 255 52 0 0 0 255 255
    41 0 255 255 255 0 0 255 255 48 255 0 0 0 255 0 255 0 0 255 0 255 0
    255 0 109 255 0 207 0 255 90 0 0 218 246 255 0 255 0 255 255 255 0
    255 0 0 0 255 0 255 0 255 255 0 0 0 202 255 0 81 0 255 0 173 255 183
    0 255 0 255 255 255 0 0 255 0 0 0 255 161 255 163 0 255 0 0 0 255
    255 255 156 0 0 0 37 255 255 255 0 255 255 255 0 255 114 102 0 14 0
    0 67 255 0 0 0 255 79 255 255 255 72 0 0 255 119 207 0 0 255 49 255
    255 0 0 255 217 0 108 255 0 0 186 255 0 100 63 15 223 0 255 174 255
    0 0 0 0 208 0 0 0 255 0 133 255 255 18 188 0 0 164 255 0 0 0 145 0 0
    255 244 255 43 255 0 111 255 0 82 144 255 0 0 0 255 0 255 33 255 255
    0 0 0 0 255 0 141 0 0 255 255 89 50 0 0 255 255 0 0 241 255 255 0 58
    0 103 255 0 255 0 241 255 255 255 0 255 255 255 0 57 255 255 0 255
    255 255 0 0 0 255 0 255 0 255 0 0 0 157 0 0 255 0 255 0 255 255 255
    0 0 255 255 255 0 0 255 34 0 0 255 0 255 0 143 0 0 255 255 255 0 214
    0 109 0 255 255 0 255 255 255 255 0 0 0 255 255 0 0 0 255 255 255 0
    255 255 255 255 0 0 0 0 0 0 0 255 142 0 0 255 0 114 255 255 0 21 0 0
    0 240 255 255 255 255 184 0 132 0 255 0 206 0 255 113 0 0 0 255 255
    220 255 90 0 0 0 255 255 255 0 255 0 255 255 255 0 85 255 255 255 0
    29 0 255 0 0 255 239 255 255 255 0 255 255 0 108 0 0 91 255 144 217
    255 255 255 0 0 0 0 82 255 0 113 0 255 0 48 0 255 0 255 255 0 255
    161 255 0 30 255 123 0 0 0 255 178 255 0 255 177 0 0 0 255 255 255 0
    0 0 255 255 255 154 0 255 0 174 112 255 255 0 255 62 255 0 0 255 0
    255 255 255 0 0 0 255 255 255 189 0 0 0 255 255 255 255 0 255 0 255
    0 255 0 132 0 204 255 114 197 54 202 255 226 151 0 0 0 0 0 255 255 0
    223 0 255 255 255 133 255 0 255 127 255 117 255 0 255 255 255 0 0 0
    255 0 255 255 212 255 0 54 255 105 255 0 255 0 255 0 0 255 0 255 0
    51 0 30 0 255 0 0 0 0 0 255 255 255 255 255 0 6 255 255 69 0 255 0 0
    0 255 255 255 255 0 0 255 255 255 255 0 0 141 0 167 255 0 255 0 0
    127 255 0 67 255 0 219 255 255 0 0 255 71 0 255 255 0 0 255 255 173
    255 0 255 0 255 255 255 0 255 147 0 255 255 0 255 255 255 0 93 255 0
    255 218 0 0 9 255 255 255 0 255 0 255 0 149 0 255 255 0 0 0 255 0
    255 0 255 0 148 245 0 0 0 255 0 255 0 255 0 255 0 0 255 0 255 0 255
    255 0 255 255 255 33 0 0 255 255 0 255 0 255 0 0 255 255 255 255 0
    169 249 0 107 0 0 0 0 167 31 255 75 255 0 0 255 0 255 0 255 255 200
    163 255 255 9 0 255 255 252 0 0 255 255 0 255 218 255 0 255 103 255
    0 0 0 84 255 255 0 0 255 255 0 255 152 255 0 0 255 255 0 0 255 255
    255 95 0 0 0 29 255 239 255 203 255 255 0 255 20 255 104 255 255 189
    0 255 0 78 255 255 255 0 255 0 0 0 122 255 0 45 255 126 255 99 0 112
    0 255 0 255 0 255 0 0 8 0 119 255 0 255 0 255 255 255 0 131 0 0 0 0
    255 255 0 0 0 255 255 255 255 94 255 0 0 255 255 0 0 255 255 255 219
    255 255 0 21 26 0 255 84 207 213 0 0 0 0 0 83 8 255 255 0 255 0 255
    0 183 175 255 255 0 255 0 255 139 255 0 136 0 255 0 255 0 144 255
    255 255 255 0 0 0 255 255 209 0 0 255 255 0 255 0 121 0 255 0 0 0
    255 255 0 63 255 51 255 0 0 255 202 255 0 0 255 255 255 0 61 255 255
    67 0 0 255 255 0 255 114 255 0 37 49 206 244 0 255 255 255 0 0 0 255
    68 0 0 255 159 26 255 255 35 255 255 0 255 255 132 0 255 0 0 255 111
    255 0 0 0 0 0 255 0 255 255 0 255 0 0 0 0 255 0 67 0 0 255 0 0 255
    228 0 0 0 138 42 73 255 255 251 0 128 0 139 255 255 0 0 60 255 128
    242 0 9 0 93 0 0 0 98 0 255 96 255 0 0 0 255 255 8 30 255 0 84 143
    255 255 255 121 137 0 68 233 93 67 255 0 196 0 255 207 0 255 255 255
    0 250 255 255 51 255 255 0 0 0 255 255 104 255 0 255 255 0 0 0 255
    255 24 0 255 0 255 0 255 0 255 0 0 0 255 0 0 0 0 255 255 0 255 255 0
    0 0 255 0 90 0 255 32 255 0 0 0 255 255 255 0 0 0 255 234 76 0 0 255
    255 0 0 66 74 255 255 0 141 255 255 0 255 255 0 0 0 0 0 187 0 208
    130 52 255 0 255 0 255 0 206 0 254 0 0 0 255 255 181 23 224 0 255 0
    35 0 255 255 255 255 38 0 0 14 0 255 0 199 255 0 219 0 255 255 52 0
    0 0 255 255 255 0 255 0 0 0 0 226 255 0 255 0 0 232 255 255 255 0 0
    0 255 227 14 217 255 185 255 0 0 70 0 255 0 0 255 255 92 0 0 255 255
    247 0 255 27 0 72 255 255 0 0 0 17 255 255 241 0 255 255 255 255 0 0
    0 255 255 255 0 0 0 72 255 177 0 135 0 0 0 255 255 255 55 0 0 75 255
    255 0 0 0 255 255 255 0 0 95 0 0 0 255 255 255 0 255 0 255 255 255
    130 0 255 255 255 255 0 255 255 60 0 203 255 0 255 0 255 0 178 0 255
    255 144 147 0 0 0 0 255 255 255 255 0 0 0 0 255 255 255 255 0 0 0
    255 0 255 0 0 255 255 255 0 255 255 133 0 0 0 0 0 177 51 255 68 0 0
    0 0 0 0 255 255 0 16 255 235 0 255 0 0 255 255 255 0 0 0 0 72 0 255
    79 255 0 255 237 255 201 0 0 255 0 255 255 255 231 88 0 147 222 255
    151 143 0 255 0 255 224 255 218 64 0 255 0 0 50 0 123 12 255 160 0
    255 0 0 0 255 255 0 0 0 255 255 255 255 0 255 255 0 0 101 255 255
    255 0 137 231 255 121 45 194 204 0 118 0 255 51 0 61 0 255 255 255
    98 0 0 255 255 255 0 0 0 164 255 0 255 255 0 190 255 231 0 255 0 255
    0 48 211 255 0 255 255 0 0 133 255 255 0 255 0 0 0 255 255 255 255 0
    255 0 255 0 255 0 0 0 255 255 255 12 0 165 255 255 0 0 255 255 255
    113 255 0 255 0 255 119 255 0 0 20 255 0 0 0 255 255 215 0 0 186 255
    132 0 255 0 255 0 0 255 206 255 0 255 203 0 0 0 255 255 255 255 244
    41 97 0 0 255 255 0 255 0 255 0 0 255 255 0 255 255 255 0 255 0 255
    255 255 160 0 0 255 0 0 0 255 255 0 0 255 255 68 0 0 255 0 0 255 102
    255 0 160 255 0 255 92 255 255 0 0 0 255 255 0 0 0 0 255 0 0 171 255
    255 255 0 161 0 33 255 12 255 0 0 0 228 199 255 247 0 255 212 47 0
    255 255 171 255 0 0 255 33 255 0 0 0 0 255 76 24 0 0 0 0 255 255 199
    255 255 255 34 0 0 0 0 0 255 255 0 120 190 255 255 255 255 0 0 0 0
    255 255 255 0 0 255 0 255 0 0 0 0 143 0 0 0 0 255 0 255 255 255 113
    187 220 0 118 0 0 255 255 255 0 0 189 255 0 255 0 255 0 255 216 255
    0 240 0 0 0 230 255 255 0 0 0 65 255 197 0 255 255 0 0 0 255 255 255
    0 0 255 255 187 0 0 0 255 255 255 0 0 0 255 240 255 255 255 26 0 18
    233 0 0 0 229 112 0 0 0 255 255 174 0 0 0 255 255 255 0 0 0 255 255
    250 0 110 255 255 255 255 99 0 255 45 255 255 255 201 95 255 92 0 0
    0 101 255 255 255 0 56 255 255 0 255 0 255 255 0 0 255 117 255 71
    215 0 92 198 0 0 255 255 0 255 255 79 0 255 0 0 0 114 0 39 255 255
    79 0 142 255 255 0 255 0 255 10 99 0 0 255 255 0 11 0 255 0 0 0 0
    255 0 255 0 255 0 0 0 255 255 255 0 113 5 0 255 0 255 255 255 255 0
    0 0 255 255 255 0 0 0 255 255 255 255 0 255 0 0 255 255 255 0 0 255
    255 96 255 56 255 0 255 0 0 0 0 255 0 255 0 255 0 255 0 0 255 255
    255 0 255 0 164 255 0 255 151 255 0 0 240 0 0 255 99 255 0 255 255
    255 0 0 0 255 255 255 255 0 0 0 255 255 255 0 0 71 255 255 0 0 0 0 0
    70 19 177 139 148 255 255 255 13 0 0 255 255 255 255 255 0 0 255 152
    255 0 35 3 0 255 255 255 0 0 156 255 0 255 255 224 255 0 0 255 255
    108 255 0 0 0 255 0 255 0 255 107 255 0 89 0 255 0 255 0 101 0 255
    255 255 0 224 0 255 0 255 255 168 255 0 0 0 255 0 0 0 255 255 255 0
    0 0 255 255 0 255 255 255 16 0 0 255 223 0 0 255 255 0 255 0 54 255
    255 255 0 255 83 59 0 0 158 255 255 255 38 255 32 255 11 0 255 0 0 0
    2 0 0 255 255 255 0 0 0 0 43 255 0 255 255 255 0 0 0 255 255 255 0 0
    255 255 0 0 0 255 255 255 92 0 0 255 168 255 255 0 0 255 230 104 0
    255 0 255 0 255 255 221 0 255 0 0 0 0 255 255 0 0 72 255 255 255 0
    255 0 208 0 0 0 255 0 0 0 255 255 255 255 77 0 255 255 255 70 18 0 0
    0 255 100 0 255 0 255 255 255 0 202 0 255 0 85 0 255 255 0 255 0 255
    98 255 0 0 0 84 255 255 12 177 255 0 0 173 0 0 255 231 255 0 255 0
    255 255 255 255 0 255 97 255 45 0 255 255 0 9 0 0 0 0 16 0 0 0 255
    255 255 0 0 204 56 255 0 255 255 255 0 0 255 255 0 150 255 0 0 0 122
    255 0 0 255 57 255 176 134 0 0 170 255 255 0 0 0 0 255 255 0 0 0 24
    255 47 107 255 255 26 0 0 0 255 255 0 0 255 0 255 26 0 11 0 255 255
    255 0 77 0 255 0 255 105 164 141 255 255 0 255 0 255 0 0 127 255 0 0
    0 161 0 0 255 255 255 16 0 255 227 125 255 255 15 255 255 109 0 0
    204 255 0 245 255 0 0 255 255 255 255 255 132 225 0 255 0 255 255
    255 0 58 255 255 0 0 0 255 0 255 0 255 255 255 255 255 255 141 112 0
    0 255 255 255 0 0 255 0 255 0 232 204 255 89 85 255 0 0 100 0 0 255
    0 255 255 255 186 0 85 255 0 0 0 236 0 255 255 255 0 255 255 255 158
    0 0 97 255 0 255 255 0 0 255 255 255 0 255 255 255 0 255 0 0 0 0 255
    0 255 141 255 0 0 0 0 0 38 218 255 255 0 0 0 0 255 0 255 255 0 0 0 4
    100 255 255 255 255 255 0 175 0 255 0 255 255 255 255 0 0 255 255 0
    0 0 0 0 255 0 255 255 255 0 255 255 0 0 53 69 255 75 255 255 91 0 61
    49 255 255 255 0 255 0 0 0 0 60 0 0 23 255 255 255 255 0 42 0 56 255
    255 177 67 149 0 0 0 255 255 255 0 0 255 255 255 23 0 255 0 0 0 255
    255 224 255 205 0 0 255 0 0 255 255 255 120 0 0 255 255 212 0 0 255
    255 255 0 0 0 0 0 255 0 255 0 0 255 183 0 0 0 18 255 255 255 255 255
    255 0 0 0 159 255 255 255 188 255 0 255 255 255 0 7 255 149 0 0 0
    255 255 255 0 206 0 0 255 55 0 0 0 255 173 255 255 0 0 215 255 140 0
    0 155 255 0 0 0 57 255 23 255 255 9 255 255 2 118 0 0 0 255 0 0 0 0
    255 220 51 0 255 11 255 0 0 255 0 255 0 0 1 0 99 255 0 99 0 255 255
    255 0 0 0 255 0 0 0 255 160 255 138 255 0 0 0 255 255 255 255 0 177
    0 0 255 134 255 0 176 255 0 0 30 171 255 0 0 0 0 0 255 255 255 23
    239 0 0 41 255 212 98 0 0 0 255 255 191 0 123 0 0 255 0 0 255 193
    222 0 0 255 255 0 255 0 255 211 0 212 255 255 255 118 0 20 196 255 0
    0 56 255 0 0 0 0 255 255 255 0 255 255 93 255 255 0 255 255 255 0 0
    255 0 255 255 0 255 21 148 0 0 255 138 0 255 255 0 0 13 255 255 255
    255 251 75 0 255 0 255 0 187 150 255 0 226 0 255 255 0 255 0 255 0
    255 0 255 0 255 0 0 0 255 255 255 255 255 175 239 255 0 0 57 0 234
    253 0 255 255 0 163 255 255 246 0 255 23 0 0 140 255 123 77 255 255
    255 219 0 0 0 255 255 0 0 18 0 142 177 255 255 45 0 255 255 0 255 0
    255 255 7 0 164 50 255 255 23 0 255 0 0 0 196 0 255 255 255 255 0
    255 0 255 72 255 102 10 255 0 255 0 0 255 107 255 255 0 0 30 255 0
    234 255 0 1 0 255 0 208 142 0 255 255 255 0 0 0 255 255 46 61 225
    255 246 75 0 0 255 255 0 0 0 255 255 255 38 0 255 0 0 0 33 255 0 255
    255 255 255 0 0 0 0 191 0 0 0 168 156 45 0 0 255 255 107 2 0 255 0 0
    255 255 255 0 0 0 0 255 255 255 255 0 255 255 242 0 131 255 255 0
    255 0 0 12 0 129 0 0 0 255 0 0 0 255 0 255 255 198 255 255 255 255 0
    255 255 126 0 255 0 0 90 255 255 0 92 0 235 25 255 162 255 255 255 0
    0 255 255 0 255 0 0 33 0 255 255 255 0 0 255 255 255 0 7 4 10 255 66
    255 234 0 0 255 0 255 0 0 255 0 0 0 0 255 0 28 0 255 0 255 0 48 0
    255 112 216 0 255 255 255 209 255 0 0 255 255 0 0 0 255 0 0 203 255
    255 255 0 106 255 0 255 0 0 0 33 255 255 0 0 0 255 247 255 38 0 255
    0 0 255 255 255 255 0 132 255 255 255 255 255 255 0 255 255 255 0 0
    0 255 255 0 255 0 255 0 206 0 255 0 255 0 0 0 255 0 255 0 0 244 255
    163 255 255 255 0 0 255 255 255 255 7 255 0 0 0 185 46 255 255 255 0
    74 0 0 238 255 255 36 0 0 155 143 255 255 0 255 0 255 231 255 139 0
    0 255 255 210 0 255 255 255 134 0 0 0 255 0 86 0 255 255 255 0 93 0
    0 255 255 72 0 180 0 0 128 255 255 255 0 255 255 255 0 255 0 255 0 0
    0 255 0 26 0 177 255 0 0 0 176 255 0 0 0 255 255 0 25 128 0 255 0
    189 0 255 255 0 219 0 111 255 255 0 255 250 0 242 34 255 255 233 0
    162 0 0 70 255 0 197 255 226 0 96 255 255 255 0 255 255 0 0 255 255
    0 0 0 0 3 0 120 255 255 255 0 0 92 255 255 0 0 255 255 255 0 205 255
    0 0 0 255 0 138 0 255 0 214 54 255 0 255 255 0 255 77 0 0 0 255 255
    255 255 0 0 148 255 39 255 255 255 251 135 41 0 0 0 240 56 255 255
    103 0 255 0 255 230 0 255 41 0 0 255 0 255 255 0 0 0 255 255 255 255
    0 255 72 157 255 0 255 0 0 0 255 0 255 255 255 0 0 0 0 0 255 144 255
    255 0 155 0 0 0 154 202 255 0 52 255 255 255 255 28 255 0 255 0 111
    171 255 88 0 0 0 255 186 0 0 255 198 255 0 81 13 255 255 255 0 0 255
    255 0 255 255 255 0 255 0 67 255 255 0 12 0 255 0 0 255 255 255 0
    255 0 0 0 180 255 0 76 132 0 255 0 255 72 133 255 0 255 213 255 255
    33 0 0 0 255 0 0 0 255 255 0 0 0 0 255 39 255 129 255 255 0 0 255 0
    105 141 255 255 255 0 0 0 255 0 199 0 38 0 255 255 0 0 255 255 0 255
    0 255 0 255 236 0 0 2 0 255 0 255 255 255 0 255 0 255 255 255 0 0 0
    25 255 0 87 255 255 0 232 0 255 0 25 94 255 0 213 255 120 61 0 226
    76 0 26 0 0 0 255 171 255 0 110 0 0 255 2 0 0 0 255 255 255 255 232
    0 255 38 255 0 128 255 0 0 205 255 25 0 75 0 255 255 255 0 21 181
    255 255 0 84 0 174 0 0 91 255 255 0 0 0 255 113 0 0 255 176 255 0 0
    0 45 255 255 159 0 0 255 0 255 0 0 0 90 177 255 14 255 0 255 0 255 0
    255 255 255 0 0 217 255 255 255 0 0 0 255 209 255 0 182 255 135 255
    0 255 255 0 162 0 255 255 172 162 202 0 0 247 255 255 255 0 0 98 255
    255 255 255 255 0 0 0 255 255 172 0 0 223 0 0 255 255 255 0 255 0
    172 0 0 0 0 71 255 0 255 255 255 255 0 255 255 255 0 255 0 0 0 0 0
    255 0 0 0 0 0 255 0 125 91 0 180 255 0 255 0 0 0 0 0 203 82 193 0
    255 223 255 255 0 0 206 255 255 215 0 0 255 255 255 0 0 0 0 0 0 0
    255 147 0 230 255 56 255 0 0 23 255 255 0 0 255 255 255 159 255 0 96
    67 255 255 0 0 0 255 244 0 0 233 198 216 0 255 93 255 255 255 0 241
    201 255 255 130 0 0 255 0 255 255 14 0 255 255 255 0 60 255 255 134
    102 0 0 0 255 116 255 0 0 0 0 247 222 0 255 255 255 62 0 225 0 0 0 0
    255 251 124 0 255 255 255 0 0 255 255 255 255 255 0 0 0 0 255 174
    183 255 255 234 0 76 0 0 0 0 255 0 0 0 255 255 255 255 0 255 255 255
    0 0 0 255 0 255 0 255 0 140 0 255 255 0 0 0 255 255 255 0 255 0 0 0
    255 55 0 138 255 255 0 0 0 255 51 0 0 0 255 255 255 255 255 0 255 52
    0 0 157 255 218 0 0 193 255 255 255 0 255 0 194 255 255 255 67 0 0
    255 255 255 0 0 104 0 255 0 0 255 0 255 0 255 0 255 0 0 0 194 0 27 0
    255 0 255 0 0 0 255 255 255 0 0 255 0 255 255 0 106 0 0 0 255 255
    255 255 0 0 0 0 255 255 255 255 193 0 39 255 255 0 0 0 190 11 30 255
    0 94 0 130 0 255 0 0 0 8 255 0 255 0 255 0 74 0 137 0 255 255 255 99
    155 255 0 0 0 255 255 0 255 0 255 0 255 0 127 96 0 255 0 255 0 0 0
    255 255 233 0 0 0 0 0 255 255 255 255 255 255 0 219 0 0 255 113 126
    0 255 255 0 0 255 255 255 0 0 0 255 255 36 0 0 0 255 255 121 0 181 0
    0 0 255 255 98 0 52 0 65 145 255 0 0 0 166 0 255 255 0 255 0 0 255 0
    255 0 255 255 0 0 255 255 0 255 0 255 0 23 0 255 0 255 136 95 255 0
    255 255 255 0 0 255 255 255 0 0 0 0 108 0 187 255 0 255 0 255 0 0 79
    255 255 0 255 0 255 0 0 255 255 210 0 0 0 0 255 151 0 0 142 0 255
    255 138 255 255 0 0 0 255 0 255 31 0 255 0 0 11 0 255 255 255 255 0
    255 0 0 220 255 254 255 0 41 0 255 255 255 0 0 0 151 0 0 255 0 255 0
    93 255 255 255 183 19 0 255 0 0 255 255 0 0 0 119 0 150 255 0 255 0
    0 0 0 223 0 255 255 26 0 0 255 255 0 158 255 255 255 0 0 255 255 255
    0 255 94 0 0 192 255 0 43 119 0 235 255 255 255 0 0 255 0 58 0 0 0
    235 255 255 0 0 255 255 255 0 194 26 153 0 0 0 235 0 75 0 255 255
    255 0 0 140 0 255 255 255 0 0 0 0 255 0 255 255 255 0 0 66 255 255 0
    0 0 255 255 255 255 243 22 78 255 255 255 0 0 0 255 255 255 0 255 0
    255 0 255 255 183 255 255 0 255 181 255 0 149 0 255 0 0 0 245 255
    255 0 0 54 255 255 178 0 255 0 255 0 92 255 0 0 81 35 192 0 255 255
    169 255 8 255 0 255 234 0 0 0 255 195 205 0 0 0 106 255 255 43 255 0
    0 255 36 255 0 255 0 255 0 0 0 0 255 255 255 255 0 0 0 0 255 0 255
    255 255 216 0 0 206 0 0 255 255 255 57 255 255 255 255 255 240 255
    255 255 29 117 255 0 0 0 0 255 255 255 0 255 0 145 47 181 0 0 72 0 0
    255 255 255 81 0 0 255 189 124 255 65 255 0 0 255 0 255 0 255 255 87
    255 0 0 0 0 255 255 255 255 255 255 5 0 0 255 255 255 0 0 255 255
    255 255 0 0 0 255 217 255 0 255 77 180 255 255 255 0 0 26 255 144 85
    0 0 0 255 0 255 0 0 0 66 255 255 0 0 0 255 255 255 0 0 0 199 255 103
    255 16 255 255 0 255 0 0 0 0 255 255 255 0 0 255 204 41 255 255 152
    0 166 0 0 224 255 0 0 0 255 255 47 0 0 0 255 199 255 255 255 255 255
    255 255 215 0 255 0 255 43 202 255 0 0 0 255 255 255 255 80 21 255
    255 126 0 255 255 255 0 0 255 0 255 255 255 0 255 224 255 255 0 0 0
    255 0 255 0 255 76 255 115 214 0 0 0 255 0 0 0 105 255 0 6 255 0 0
    55 0 119 0 255 0 0 0 255 0 0 255 255 127 0 0 255 255 204 0 255 255 0
    226 255 112 255 255 255 255 255 105 255 9 255 255 255 0 0 255 255
    237 0 255 0 139 22 159 0 0 0 255 255 255 255 0 0 255 0 255 0 255 0
    255 0 255 100 0 0 255 0 255 255 0 0 0 104 0 162 255 14 255 0 197 0 0
    255 255 255 255 9 255 0 250 14 0 0 12 255 126 11 0 23 255 0 255 0
    255 0 33 0 255 255 255 0 130 121 255 0 255 0 73 0 255 0 255 0 54 0
    147 132 255 255 0 0 0 255 255 255 0 216 184 255 150 0 0 0 255 118
    255 255 255 255 0 0 0 255 255 122 0 47 255 255 255 255 0 0 89 255
    255 255 92 183 255 188 180 255 156 255 0 255 255 212 0 255 232 255 0
    252 0 0 35 255 255 0 255 0 255 210 244 255 255 120 0 0 255 255 0 0 0
    0 255 255 255 0 0 0 0 0 218 255 0 255 0 0 0 255 255 255 0 255 0 0
    232 255 117 255 188 0 255 0 255 29 255 0 0 255 0 0 0 255 0 255 0 255
    0 255 103 0 0 255 212 255 255 255 0 110 0 255 53 0 0 255 255 255 0 0
    0 255 47 0 150 255 255 255 0 255 255 255 113 0 156 255 241 113 0 0 0
    0 54 255 255 0 0 98 0 255 255 0 0 30 143 255 255 0 0 0 223 255 255 0
    255 0 0 0 0 255 0 255 131 255 0 255 0 255 0 251 247 0 244 0 101 59
    84 255 0 0 0 255 255 255 0 0 0 165 255 0 54 0 255 255 255 0 58 255 0
    82 0 0 255 0 0 255 255 255 0 255 255 255 255 255 0 255 104 255 0 0
    255 0 255 255 0 116 220 255 255 255 0 0 73 255 0 0 0 169 255 255 255
    0 255 60 255 0 255 255 0 0 255 0 223 0 255 255 255 152 0 117 0 0 0 0
    255 255 0 0 11 255 255 255 255 0 255 0 255 0 248 0 255 182 255 0 0 0
    0 255 0 255 255 255 0 172 255 0 255 0 0 0 131 255 0 108 0 255 0 255
    255 255 0 0 0 109 0 255 0 255 0 255 0 255 0 255 0 0 0 255 255 0 0 0
    255 255 255 0 0 0 255 255 130 0 132 0 255 0 255 0 255 255 0 255 82
    238 0 0 255 0 255 254 255 121 255 255 125 2 0 0 0 110 0 255 85 182 0
    247 0 0 255 108 108 179 255 0 0 0 255 182 255 117 0 255 219 0 0 0
    255 255 87 255 255 0 160 133 97 255 255 0 0 0 173 0 255 0 47 0 0 255
    80 255 255 0 255 0 0 47 167 255 0 255 0 255 255 255 0 0 0 255 0 51 0
    255 0 0 0 0 0 0 255 166 0 255 25 89 110 0 0 0 255 219 43 0 0 255 255
    255 0 80 255 0 255 0 255 0 255 0 255 255 22 255 0 0 255 255 255 255
    0 0 0 255 255 0 24 255 0 0 0 255 0 0 0 255 255 255 255 0 0 255 0 255
    255 46 255 192 0 190 0 255 255 255 0 0 0 255 255 255 157 182 0 255
    255 255 255 255 0 0 0 69 255 48 17 0 0 0 0 255 0 188 0 0 0 0 255 255
    78 42 242 0 0 0 99 0 198 255 144 100 0 0 0 19 255 183 0 0 27 255 255
    255 0 255 92 255 255 255 124 255 255 255 9 0 0 194 14 0 255 0 255 0
    0 127 255 153 255 255 255 0 255 0 255 255 255 0 18 0 255 255 255 0
    43 0 0 0 0 255 255 255 114 60 0 0 255 0 0 236 255 0 106 195 255 255
    0 13 0 0 0 255 160 0 0 255 225 255 255 0 0 0 98 255 96 255 255 255
    255 0 0 0 0 2 0 255 0 114 97 255 255 255 255 255 0 255 0 255 0 255 6
    111 0 255 0 255 161 75 255 0 0 255 255 255 0 0 255 109 116 27 255 0
    255 62 0 255 0 255 0 128 255 255 0 0 255 255 255 87 117 0 104 0 0
    255 255 255 255 132 105 0 255 255 255 0 0 0 255 255 255 0 0 0 0 255
    255 28 0 0 0 253 255 255 0 255 0 247 0 35 58 0 115 197 255 223 253 0
    255 255 132 0 38 72 114 255 0 255 232 57 0 137 255 0 255 0 211 0 0
    255 255 255 0 255 0 255 0 255 253 255 0 255 0 255 0 0 0 40 255 255
    255 0 255 255 21 255 0 98 220 0 0 0 203 255 255 255 255 0 0 0 20 0 0
    0 255 0 255 165 0 195 0 255 0 0 255 255 0 0 255 255 48 0 0 255 0 255
    255 255 255 0 255 255 49 255 0 124 0 82 197 0 114 0 0 123 37 128 255
    0 255 0 0 0 34 255 255 0 0 25 0 0 255 47 255 0 255 255 104 255 255
    130 0 0 255 255 255 0 0 255 255 255 255 0 18 0 253 255 0 0 0 255 255
    226 255 255 0 255 255 0 0 0 255 255 255 0 255 0 24 255 255 255 255 0
    0 0 255 255 64 0 104 156 255 255 224 0 0 255 255 246 0 120 255 255 0
    0 0 0 83 255 0 0 255 46 0 0 255 124 255 202 255 255 196 0 255 25 0
    255 0 255 0 222 0 146 121 16 255 8 0 255 255 40 255 255 0 0 219 255
    0 0 255 69 0 0 0 131 255 146 0 255 99 189 0 255 0 0 0 0 255 0 255
    255 255 0 0 0 0 0 255 0 0 0 255 0 0 255 255 255 255 0 0 255 0 221
    255 0 255 255 0 0 0 59 0 255 0 255 255 255 0 0 255 255 120 255 0 0
    255 255 255 169 0 0 255 26 255 0 0 0 73 255 71 0 255 149 0 0 255 255
    255 177 0 255 255 255 255 0 255 0 0 0 0 255 0 201 0 255 120 255 255
    0 0 255 255 255 0 0 5 0 255 0 255 211 161 64 225 255 146 0 0 0 0 0
    181 228 255 255 255 0 0 0 247 255 152 255 0 0 255 0 255 255 255 255
    80 50 0 0 255 0 255 255 0 184 0 255 255 255 255 255 99 0 0 0 255 255
    0 0 255 255 255 0 0 255 191 0 0 255 255 39 0 0 255 255 0 149 0 255 0
    0 255 219 255 255 131 255 0 0 0 255 255 0 50 255 255 0 255 255 0 255
    0 255 255 255 92 74 0 0 0 255 255 255 255 0 94 255 0 0 127 211 255
    229 0 0 255 255 255 89 0 63 0 255 0 0 42 255 255 101 0 255 0 144 0
    255 0 255 0 0 0 113 255 255 0 255 255 255 0 0 0 255 255 183 105 0 0
    0 0 255 255 0 0 223 0 0 255 255 255 255 57 0 0 0 255 0 255 0 0 255
    255 255 255 0 255 0 255 0 48 0 240 255 0 255 255 0 0 0 255 255 255 0
    0 0 193 0 131 0 255 255 255 255 0 255 0 0 255 145 255 0 0 255 255 0
    255 0 255 255 255 182 255 14 255 255 80 255 0 107 0 153 0 255 255
    220 58 255 3 0 0 60 102 255 227 255 255 255 0 255 163 0 211 255 255
    0 255 0 213 255 255 108 0 0 168 0 0 255 0 1 255 0 0 0 255 255 255 88
    101 0 255 0 0 55 255 0 143 0 255 134 255 66 255 0 0 62 0 21 0 152
    255 0 0 0 213 255 0 0 0 255 255 0 255 0 0 0 0 255 0 0 0 255 234 255
    0 255 0 255 0 68 0 23 255 0 255 176 128 69 0 0 255 120 59 0 255 0 0
    43 0 255 0 255 0 255 0 191 0 255 0 179 0 0 0 0 0 255 0 255 0 255 16
    255 255 0 255 0 255 157 94 150 0 255 255 255 0 0 130 255 255 0 83 0
    160 200 2 255 255 0 0 0 255 255 255 0 227 255 255 75 190 255 0 0 255
    0 255 255 0 0 0 81 98 71 0 237 0 250 0 255 0 255 255 255 255 0 27
    181 0 0 0 255 255 255 255 255 0 0 0 0 0 0 255 246 255 252 0 0 0 0
    255 255 0 0 0 249 111 255 255 0 0 255 0 243 255 0 0 0 0 255 255 0
    255 0 231 167 0 255 97 0 255 112 136 0 0 255 255 255 0 255 0 0 255
    42 255 255 0 207 255 255 0 0 198 255 0 255 0 82 0 255 171 255 0 0
    255 255 9 255 0 255 0 255 0 127 0 0 0 58 255 255 0 255 255 255 0 0
    82 255 0 255 0 115 255 0 0 69 255 255 0 0 0 255 0 255 255 0 0 0 255
    255 91 255 0 255 0 79 229 0 45 0 0 220 0 137 255 255 255 255 0 0 0
    255 255 255 77 0 255 0 255 242 255 255 77 255 0 0 0 255 255 0 0 139
    83 255 255 255 0 2 61 168 0 255 255 255 173 255 255 0 0 0 0 255 0
    255 0 97 66 255 255 255 255 0 0 255 255 0 0 218 255 255 255 0 255 34
    255 0 255 255 0 255 255 255 0 255 255 255 109 71 255 255 255 0 255 0
    255 255 255 0 255 0 255 0 255 255 255 0 0 255 0 0 255 0 255 175 9
    255 255 0 0 0 255 255 0 0 255 98 255 1 0 150 0 0 255 255 0 248 0 255
    0 255 107 7 0 0 255 0 255 0 255 0 13 0 0 255 255 0 0 0 255 0 255 255
    67 255 0 149 0 0 0 0 255 49 0 255 255 124 0 0 255 255 0 0 4 255 255
    255 255 0 0 0 255 0 0 27 255 255 0 255 0 120 255 255 0 0 255 0 0 0
    255 104 255 14 255 255 255 83 255 0 255 0 0 0 28 0 255 203 255 0 147
    0 255 152 255 0 0 0 94 0 255 0 159 255 0 0 0 255 255 255 224 255 0 0
    0 255 157 85 0 111 0 0 0 255 255 255 255 95 0 255 255 255 0 0 146
    255 255 0 0 0 255 255 255 84 255 0 255 255 0 255 0 255 255 255 255 0
    0 71 255 20 255 0 255 0 255 0 255 0 0 255 255 35 0 255 0 0 90 216
    255 255 255 255 255 255 0 0 0 0 255 255 255 0 0 8 255 255 255 212
    255 0 255 255 0 154 0 255 28 0 255 0 0 0 255 255 0 255 0 255 255 255
    0 0 255 0 255 0 255 0 255 0 0 0 0 0 75 0 255 255 39 156 255 0 96 0
    255 255 255 0 255 0 26 0 128 20 0 0 0 0 255 255 0 164 0 220 252 0 0
    255 255 255 0 0 169 255 255 0 0 0 255 0 255 0 255 254 255 0 0 255
    107 0 0 255 26 0 112 3 255 0 0 0 255 32 0 255 0 0 0 255 0 255 0 51
    48 255 255 0 255 0 255 0 255 0 98 0 255 53 0 76 179 0 255 0 255 121
    255 210 255 0 0 0 0 0 255 0 255 255 255 71 255 0 170 0 255 9 0 0 0
    255 255 255 255 0 255 186 0 0 255 0 255 0 255 0 0 255 255 255 0 235
    255 0 0 255 0 255 0 191 255 0 26 0 251 255 255 0 26 0 11 0 0 76 255
    234 255 0 0 0 48 255 0 0 255 255 255 255 208 0 0 255 225 255 0 0 255
    0 119 255 0 255 0 255 173 255 0 255 0 0 0 156 30 255 0 73 135 255 0
    255 0 0 0 0 255 255 0 255 0 255 134 0 0 0 0 4 0 230 0 0 0 126 255
    255 255 217 0 255 255 47 0 0 255 0 255 0 0 0 22 255 255 255 255 255
    0 255 0 0 0 0 255 255 255 255 0 79 186 209 255 98 255 255 0 255 0
    255 207 255 58 107 0 0 255 255 255 255 0 0 18 255 255 115 255 0 0
    255 0 0 0 237 0 255 0 255 146 0 201 0 255 0 0 255 71 183 255 255 0 0
    0 0 255 255 255 0 0 0 0 255 255 0 0 0 255 255 0 123 255 167 11 0 0 0
    255 0 255 25 255 255 255 182 0 0 255 247 237 0 0 0 240 255 0 116 91
    0 255 0 255 0 0 255 255 255 255 255 0 0 255 255 0 255 0 255 255 255
    0 181 255 28 255 255 255 0 0 255 205 0 0 0 10 0 0 255 255 255 110
    157 255 131 0 0 59 255 255 0 255 0 255 0 2 0 0 0 243 255 0 255 12
    255 0 255 0 255 122 255 0 0 0 25 0 0 0 255 0 0 0 255 255 0 221 255
    255 63 0 93 255 0 77 0 255 255 255 255 0 0 0 255 0 0 0 76 81 255 0 0
    0 255 255 255 26 0 0 0 247 0 0 255 0 167 0 255 0 84 255 58 12 49 255
    0 0 0 255 3 255 0 0 107 255 0 246 0 255 255 0 255 140 255 0 255 0 0
    0 0 255 255 255 255 35 0 0 0 0 255 255 192 187 255 255 255 142 0 0
    255 0 107 0 255 255 255 46 0 255 70 0 0 0 0 0 0 255 94 0 0 255 255
    255 0 255 171 255 255 0 0 0 255 255 255 0 0 0 0 0 255 255 255 0 0
    223 0 255 255 255 255 255 255 0 255 255 255 0 255 255 255 0 0 0 0
    255 255 255 0 0 0 0 255 249 255 0 255 0 0 255 183 95 255 0 255 59
    255 255 255 0 255 0 255 97 178 255 176 0 0 0 0 80 0 255 23 255 0 0 0
    70 255 255 27 255 21 255 0 0 0 235 255 0 0 255 195 255 32 84 255 0 0
    183 115 0 49 0 255 0 255 0 0 0 0 230 255 0 0 89 245 51 255 97 255 0
    0 0 0 0 255 255 255 255 102 0 255 29 183 0 0 198 0 217 0 0 255 42
    255 255 54 0 0 0 255 173 255 218 255 0 255 0 255 0 255 0 0 255 0 0
    255 255 5 188 255 0 0 39 0 255 0 0 0 255 255 255 255 0 0 0 255 255 0
    0 255 255 255 0 255 0 0 229 0 255 255 255 255 0 0 136 255 255 255
    233 0 0 0 255 255 255 255 0 0 78 191 255 255 0 0 255 0 0 255 255 255
    255 0 255 0 159 28 255 0 255 255 255 0 255 255 255 0 75 255 255 255
    0 255 0 0 0 255 255 255 0 0 18 0 255 169 255 238 255 0 255 0 255 0
    14 0 255 36 188 0 255 128 255 0 255 96 252 0 24 255 0 120 0 255 255
    0 0 255 255 255 255 0 255 255 255 0 0 255 255 93 0 255 0 231 0 0 255
    0 2 0 0 255 255 101 0 163 255 255 214 0 255 255 255 0 0 245 255 0
    138 255 255 8 255 255 255 0 0 255 255 255 0 0 95 0 255 0 255 240 133
    0 0 0 0 255 0 0 255 255 0 255 0 255 68 7 230 71 255 0 255 0 255 0 0
    52 0 0 0 255 255 222 202 255 0 4 0 255 0 0 0 255 174 0 255 255 255 0
    64 0 0 255 255 119 0 0 0 0 255 0 255 255 255 255 108 0 0 255 255 255
    0 0 125 255 255 0 255 0 255 255 226 255 255 255 0 0 46 255 0 0 80
    255 0 0 0 255 0 255 0 255 0 255 235 0 0 39 0 58 36 133 255 73 0 0
    255 19 111 0 216 0 16 207 0 0 255 0 255 0 0 0 0 163 255 0 143 255 0
    0 0 215 255 255 255 31 0 0 255 162 255 0 0 255 0 255 255 255 0 255 0
    255 255 255 0 0 0 0 0 255 0 255 0 0 190 255 43 255 0 0 0 97 104 0 0
    0 255 255 255 176 127 0 0 152 255 255 242 255 255 219 255 34 0 0 0
    255 0 155 255 83 255 255 255 0 255 79 255 0 21 0 255 219 0 0 255 145
    0 0 255 255 177 255 81 255 0 255 255 255 5 0 255 0 0 255 0 255 0 106
    0 197 197 255 0 0 0 229 255 255 0 67 0 128 0 0 255 255 0 0 255 0 160
    0 255 70 0 255 255 255 0 255 0 255 0 255 0 61 255 0 255 255 255 0 0
    255 0 255 0 255 255 255 0 15 255 255 0 0 0 255 0 0 144 255 255 0 255
    0 255 255 145 255 0 0 255 255 0 0 255 255 255 0 0 255 0 255 27 255 0
    255 255 255 0 0 0 0 255 0 255 0 255 0 224 35 0 0 0 255 0 255 0 255
    255 255 128 125 0 0 0 255 0 255 0 0 255 37 0 0 0 0 0 255 0 0 255 13
    255 137 0 255 0 255 0 255 255 0 255 0 255 0 99 245 255 255 255 0 255
    255 255 255 0 0 255 255 255 255 0 194 0 255 255 255 255 0 183 0 255
    0 255 0 255 255 0 0 46 0 124 0 204 255 0 0 0 111 0 106 64 255 27 255
    0 206 160 48 0 0 255 255 0 211 255 0 69 0 255 0 255 0 250 0 255 176
    255 185 0 177 0 255 0 255 255 0 0 0 148 255 0 0 0 255 199 255 169 0
    0 255 0 255 0 139 0 255 255 255 69 255 255 0 0 0 80 0 255 0 255 0 0
    0 0 0 0 172 255 255 255 248 0 0 255 255 161 0 203 0 0 102 0 255 255
    255 255 181 0 255 255 0 0 0 0 0 176 0 215 170 173 238 255 255 255 0
    0 255 255 0 255 255 255 0 212 0 255 255 255 228 0 0 255 255 0 255
    255 0 0 255 255 255 255 255 0 251 0 0 255 255 0 138 49 255 0 0 0 0 0
    0 255 255 255 77 69 255 255 164 245 0 255 0 82 0 255 218 16 53 234
    236 22 172 255 0 0 0 244 255 0 0 0 255 255 230 255 0 255 0 225 0 255
    0 255 255 0 93 0 0 255 255 158 0 61 255 255 255 255 0 0 0 0 0 255
    255 90 255 255 255 0 0 86 255 0 0 255 255 255 0 0 255 0 255 255 255
    255 0 113 255 0 255 0 0 0 255 0 255 0 255 0 255 255 0 0 0 255 255
    255 146 0 215 196 255 0 0 64 255 255 46 0 255 0 0 255 0 157 0 0 255
    0 0 0 255 255 179 0 255 255 0 0 135 255 0 0 75 255 255 255 255 0 0 0
    255 0 0 0 110 255 255 0 255 255 243 123 255 0 255 53 255 255 0 49
    255 255 0 0 255 0 0 255 0 71 0 0 0 41 255 0 255 255 255 0 255 218 54
    169 0 255 255 4 133 0 255 0 255 255 255 255 0 0 0 0 255 0 255 0 0
    217 255 0 0 0 0 11 255 255 255 198 255 0 0 0 0 0 0 255 255 90 0 0
    255 7 255 0 255 255 255 0 255 0 255 0 0 255 255 255 0 0 199 0 255
    255 209 0 255 255 6 0 255 20 255 0 0 0 255 255 255 0 94 0 255 0 255
    0 0 190 0 255 129 255 255 255 0 255 0 0 255 255 255 65 255 0 255 255
    255 97 255 0 255 0 144 0 0 58 255 255 255 83 255 255 0 0 0 198 255 0
    0 0 0 255 0 255 0 255 141 255 0 255 0 185 0 0 183 200 0 0 0 255 100
    152 108 255 255 137 0 255 0 0 255 255 0 69 0 0 0 255 0 0 255 0 168
    151 255 255 0 0 176 255 0 0 195 0 0 255 24 255 255 0 0 152 191 0 255
    255 255 0 0 0 0 0 255 255 0 10 27 255 0 0 0 255 83 36 0 255 0 255
    255 255 0 0 0 255 203 0 255 255 255 106 0 18 223 255 0 0 54 0 255 9
    255 54 0 0 0 0 0 0 255 0 255 0 255 75 22 0 255 0 0 0 255 255 0 255 0
    206 255 238 24 255 0 0 0 255 0 255 255 255 0 0 0 255 180 255 0 255
    113 0 0 255 7 0 0 255 0 0 243 3 0 255 0 98 255 61 255 184 255 0 0 0
    255 255 82 255 255 255 0 0 255 255 140 0 0 95 150 255 255 0 255 0
    255 0 255 0 0 0 0 255 255 167 73 255 0 255 0 255 0 0 0 0 255 215 255
    0 255 207 0 0 255 255 0 255 0 255 0 255 255 77 0 139 255 0 255 0 0 0
    0 94 0 0 0 0 255 0 255 255 224 216 245 255 255 0 255 167 255 0 255
    255 247 129 0 0 0 125 0 0 255 255 255 255 255 255 255 0 0 255 0 253
    194 0 212 155 172 168 0 228 255 255 255 0 136 27 59 0 255 255 255 40
    126 217 217 0 0 157 0 0 255 194 255 255 0 0 255 203 255 0 247 255
    134 0 0 135 255 255 168 0 104 255 240 0 0 100 255 0 255 255 0 0 255
    36 255 0 255 255 255 255 0 241 0 255 0 255 0 255 255 255 251 0 255
    43 0 255 255 105 103 0 255 0 255 0 194 0 255 0 255 58 255 0 255 0
    255 206 0 255 255 255 209 255 0 0 0 255 0 255 0 0 100 255 104 0 0
    255 255 255 0 0 0 255 255 255 0 0 0 255 64 0 0 0 255 255 255 255 255
    0 0 0 234 255 255 255 255 0 16 223 255 0 0 6 255 255 59 0 0 0 255
    255 255 0 0 0 162 138 255 10 255 255 0 0 255 255 0 51 255 255 0 14
    31 186 255 255 255 255 0 0 255 255 59 3 255 21 255 0 255 0 0 0 124 0
    255 255 255 255 255 0 71 0 255 255 0 255 255 6 0 0 255 162 255 255
    255 0 158 0 255 0 66 255 255 219 0 0 255 0 255 117 0 255 0 255 0 167
    0 161 255 8 114 0 255 0 255 119 114 0 255 43 32 0 229 255 223 255
    171 255 0 0 255 80 255 255 0 255 255 255 255 255 255 255 0 0 0 0 217
    255 255 42 255 0 202 0 84 0 255 255 180 255 0 255 0 255 134 255 0 0
    255 254 255 0 255 0 255 0 0 255 0 0 255 255 255 255 0 255 0 255 0
    116 65 255 255 0 0 0 0 0 40 255 255 4 255 0 56 0 0 241 177 0 0 0 255
    0 255 0 255 0 255 255 255 0 139 255 255 255 0 0 0 255 110 0 0 0 255
    0 255 0 0 0 255 255 186 255 255 255 0 140 0 255 0 0 255 214 0 0 0
    255 255 0 255 0 255 0 255 167 0 0 255 255 139 0 255 255 0 255 0 237
    0 255 255 255 0 255 0 0 147 255 255 255 0 0 0 0 167 0 255 231 118
    255 0 0 28 0 0 255 255 255 255 0 255 0 0 0 56 255 255 255 255 0 0 0
    0 0 88 25 0 122 0 197 255 255 255 255 0 222 185 68 216 0 0 0 177 0
    255 255 255 0 28 0 255 255 0 0 255 0 0 255 0 255 255 0 0 255 255 255
    0 255 0 255 255 0 0 0 255 255 162 0 0 255 0 255 0 0 255 246 39 0 0 0
    255 204 252 255 0 151 187 0 0 0 255 67 81 240 0 255 255 0 255 0 202
    0 0 0 255 208 255 108 255 0 255 0 254 0 255 166 255 0 0 255 255 0
    255 169 0 0 255 255 255 255 255 0 111 0 255 0 255 0 255 255 0 25 193
    255 0 255 85 0 0 255 255 174 117 215 255 0 255 0 255 0 0 0 255 0 255
    0 0 0 65 63 124 0 255 255 0 255 255 255 0 115 111 255 0 137 0 255
    255 255 255 255 0 255 0 255 100 248 0 0 255 168 255 0 255 255 255 0
    255 0 255 0 0 255 0 255 169 143 106 70 255 255 0 141 0 255 255 255 0
    255 255 0 255 128 0 0 0 46 255 255 255 0 0 255 255 255 0 0 255 255 0
    0 126 246 255 108 0 0 255 234 255 19 214 0 45 0 255 255 255 0 255
    255 255 0 0 0 35 255 255 0 0 0 0 21 255 255 0 3 0 217 255 255 220 0
    0 0 255 255 255 0 255 0 0 0 0 255 0 0 255 255 255 0 213 0 0 255 0 0
    255 255 0 0 0 0 255 16 255 0 0 255 255 255 0 184 255 0 0 255 0 0 255
    241 0 219 240 0 184 255 0 0 255 255 0 0 255 185 255 255 255 255 0
    255 0 255 0 255 0 255 0 255 0 255 255 255 0 255 188 0 0 255 8 0 0
    255 255 0 81 0 255 255 116 255 0 33 0 0 194 255 8 136 138 0 255 0
    255 255 255 0 0 255 255 247 0 255 0 0 0 196 255 255 0 0 0 255 0 255
    0 30 255 0 110 0 0 255 255 160 255 0 0 0 255 204 255 255 0 0 156 0
    255 255 81 255 0 172 0 117 144 255 11 255 0 255 163 0 0 0 255 255
    255 0 0 255 0 55 0 255 0 255 18 255 0 0 0 255 255 181 0 0 255 0 33 0
    255 0 255 0 255 0 255 255 255 180 0 255 160 255 0 255 0 141 242 255
    184 255 0 255 0 255 0 255 0 0 53 255 255 0 0 0 255 136 0 0 46 0 0
    154 0 0 255 255 146 255 255 255 0 0 0 255 0 255 0 0 255 0 255 255 0
    255 0 255 0 109 255 0 255 36 0 0 255 255 0 255 0 255 0 0 255 0 255
    255 255 147 0 112 251 176 255 0 255 0 0 0 0 0 38 0 0 0 0 255 0 28
    255 255 0 195 187 255 227 41 0 0 255 255 255 255 255 0 0 0 255 0 255
    0 255 0 255 148 0 255 70 255 255 255 0 57 255 0 255 255 255 255 0 0
    130 0 255 255 216 0 0 255 255 255 0 0 255 255 0 0 0 159 255 40 0 255
    255 0 3 0 0 255 255 54 0 201 225 255 255 0 0 0 255 255 255 95 170 46
    255 77 1 0 255 102 150 251 0 255 255 0 0 0 236 179 255 0 0 0 56 6
    255 255 0 0 0 244 0 71 255 0 20 103 231 255 0 255 255 255 0 0 255
    255 13 0 66 255 255 0 255 0 255 0 255 0 0 0 255 0 214 185 255 194
    225 255 255 242 0 0 0 0 255 201 0 96 189 139 67 116 202 83 0 0 222
    255 255 13 0 0 0 255 255 255 234 32 255 49 0 0 255 255 141 255 0 0
    51 118 67 0 255 255 255 101 0 175 0 0 0 255 0 255 0 255 255 0 197 0
    255 0 255 0 0 255 0 0 0 255 255 112 116 0 0 35 0 211 0 224 238 0 170
    0 255 255 255 255 0 255 238 255 255 255 0 255 0 0 255 169 0 191 255
    255 0 255 255 255 255 211 124 215 237 255 56 52 0 142 0 0 255 0 0
    255 8 255 101 255 0 218 0 229 255 255 0 255 0 255 0 101 0 0 255 0
    252 255 0 0 0 255 0 255 0 90 255 255 0 168 255 255 255 205 0 0 255
    116 255 0 0 255 255 255 111 157 255 0 255 0 255 240 219 255 255 255
    0 255 0 255 255 0 0 255 255 95 0 255 95 0 0 255 0 255 0 0 0 0 255 0
    0 255 255 255 0 0 0 255 255 0 0 0 0 0 255 0 255 0 255 0 255 0 0 255
    54 255 255 25 255 0 0 0 255 255 141 0 41 0 255 255 255 255 116 0 0
    255 255 250 0 110 0 2 0 0 0 255 255 255 0 0 255 255 83 0 40 255 255
    255 255 0 41 0 255 0 255 255 12 0 0 66 139 0 255 0 255 0 255 255 0 0
    255 255 255 136 193 255 0 0 105 0 255 255 0 123 0 255 255 255 255 0
    24 0 0 0 0 14 255 151 255 0 0 255 0 255 255 255 0 0 255 255 0 255
    255 0 52 0 0 0 255 255 0 0 255 255 0 255 0 255 0 0 255 255 255 136
    137 255 255 255 250 255 0 0 119 0 0 0 21 255 0 0 255 0 255 0 255 0
    255 255 255 0 0 255 255 246 0 102 255 255 46 255 255 0 255 0 0 0 180
    24 255 255 255 0 214 255 114 255 228 255 0 0 0 0 255 255 255 0 255 0
    255 0 255 1 255 113 255 255 0 255 255 255 255 255 175 255 0 255 255
    0 86 0 0 0 255 255 0 0 0 0 212 255 0 255 195 255 255 255 255 255 255
    255 0 0 0 0 255 255 255 153 255 0 0 0 255 255 255 0 255 50 0 0 255
    106 255 0 0 253 255 255 0 154 117 255 0 0 255 255 0 0 0 255 255 255
    0 255 99 255 255 255 255 0 125 0 255 0 0 201 56 255 255 79 255 0 255
    255 255 255 255 255 0 0 0 25 255 0 167 246 206 0 255 0 255 255 255
    255 255 255 0 0 0 244 255 255 255 0 0 255 0 0 49 19 255 0 255 255
    255 255 0 134 0 0 255 255 95 0 255 0 255 255 255 255 0 255 0 24 0 0
    255 255 255 0 0 0 255 0 255 0 255 138 0 0 103 170 255 255 255 0 0 0
    255 0 104 255 0 255 255 255 0 255 255 255 225 0 255 0 255 33 0 0 255
    255 255 255 255 79 0 0 0 255 255 90 0 111 0 255 0 221 0 255 0 255 0
    255 255 255 0 0 0 0 255 255 169 253 201 255 0 255 251 255 0 0 255
    255 0 255 0 255 0 255 255 255 174 0 33 27 252 255 255 255 0 0 0 255
    0 255 255 185 44 0 20 149 109 193 79 255 255 0 0 255 0 155 255 0 210
    0 255 255 236 255 0 0 255 255 255 33 192 0 255 0 255 0 255 190 255 0
    0 0 51 223 255 0 255 0 255 0 255 0 0 173 255 255 0 0 0 255 0 246 255
    82 0 0 255 0 195 255 138 255 252 255 255 0 0 23 255 255 255 255 255
    11 22 0 0 255 255 255 0 0 64 255 0 0 255 15 136 255 133 0 0 0 255
    255 0 124 255 0 255 51 255 255 255 255 0 255 0 255 94 255 255 255
    255 0 255 0 0 0 255 255 255 255 0 255 0 0 0 0 255 255 255 0 0 255
    255 255 0 0 0 106 102 241 255 255 255 0 0 80 255 255 255 0 0 0 16
    255 22 0 143 0 255 0 255 0 255 0 255 255 255 0 255 0 107 0 255 210
    255 0 255 154 93 0 184 0 0 183 255 0 255 0 0 255 255 25 255 96 52
    111 255 82 0 142 74 255 255 7 0 39 0 255 255 0 46 0 255 255 180 255
    0 255 0 255 255 65 0 235 255 2 0 255 255 255 0 168 255 186 0 0 255
    255 0 0 0 253 255 0 0 255 255 151 0 255 255 255 0 175 255 0 255 180
    0 255 0 0 0 113 255 255 9 222 0 255 133 255 0 168 0 193 70 255 255 0
    255 0 0 250 0 17 0 0 0 174 255 255 0 0 0 255 0 255 0 255 187 0 0 0
    73 255 206 255 98 0 255 255 255 255 255 0 0 255 255 0 29 121 0 109
    246 255 38 0 32 0 0 0 0 255 230 0 0 255 255 0 255 0 255 0 0 255 255
    255 0 0 0 255 255 255 0 0 227 255 0 255 0 125 255 62 0 255 150 209
    255 0 255 0 255 0 255 44 255 227 255 255 0 0 68 0 255 255 255 0 255
    0 138 255 255 255 0 0 255 40 0 0 255 255 0 0 255 0 87 0 255 235 255
    0 0 0 255 255 0 255 0 0 0 51 255 11 208 255 146 255 0 255 0 255 0
    243 85 255 0 146 0 255 255 0 216 255 255 255 0 0 0 0 0 255 0 105 255
    244 112 0 0 255 0 255 0 0 0 0 69 0 0 0 106 255 141 255 255 255 255 0
    0 185 37 255 0 0 0 85 255 255 153 0 0 110 0 255 255 255 0 39 0 255
    215 255 0 0 0 0 255 255 255 62 0 0 0 255 0 255 212 0 0 0 0 0 255 255
    36 0 0 0 0 255 255 255 230 0 0 0 0 159 255 0 255 255 0 255 0 255 0
    255 255 255 255 0 0 0 255 0 61 0 255 0 255 169 255 255 255 253 0 0
    255 255 38 0 0 255 40 0 255 0 0 0 0 197 255 0 255 0 255 0 255 255
    137 0 219 255 157 0 0 255 255 255 57 85 0 255 0 0 255 255 0 0 0 0 37
    49 158 0 0 0 0 0 166 0 77 255 255 94 0 0 255 0 107 0 0 255 255 255 0
    0 137 181 255 57 255 0 255 255 0 0 255 255 0 255 0 0 161 164 0 0 255
    0 91 67 0 0 0 255 4 255 0 255 255 255 116 0 255 0 255 0 65 0 255 255
    255 103 0 255 255 211 0 0 255 0 0 255 255 255 0 255 255 255 0 0 255
    247 0 0 0 255 0 0 0 0 0 214 0 255 255 0 255 163 0 0 255 255 255 0 0
    0 255 255 4 0 0 0 255 255 0 255 0 255 0 72 255 255 118 12 0 0 0 255
    223 248 255 255 255 255 0 255 0 224 255 255 0 122 0 255 255 255 0 0
    65 166 255 187 0 0 255 255 255 255 0 0 0 255 236 0 118 0 255 0 0 255
    0 255 255 255 255 4 255 255 0 0 0 255 255 0 255 0 155 0 255 255 117
    255 118 255 255 0 255 255 119 255 0 0 223 58 0 0 15 0 255 111 0 255
    17 255 0 0 177 255 255 0 0 255 0 81 0 0 255 0 125 0 255 0 255 255 0
    0 0 255 255 0 160 255 240 0 0 77 16 0 255 0 74 255 255 255 0 183 255
    0 0 0 255 110 115 255 136 0 0 0 255 255 155 0 0 0 219 255 255 0 0 0
    255 255 0 26 255 45 255 0 0 212 255 0 255 76 0 255 0 255 0 255 32
    255 0 44 69 0 255 255 255 255 255 250 0 255 0 255 255 255 0 0 176 0
    0 32 255 90 255 255 255 82 255 0 0 0 255 0 0 0 0 0 255 255 255 255
    245 255 255 0 192 11 0 255 255 0 255 0 8 0 0 0 255 255 239 0 255 0
    102 255 255 0 2 0 255 157 255 255 125 0 156 0 255 255 255 0 255 0
    108 0 255 0 235 0 0 50 255 255 86 187 203 0 42 255 0 255 255 249 255
    0 255 255 255 0 255 255 0 0 0 0 88 0 0 255 0 194 0 255 0 255 0 255
    255 255 0 255 255 255 30 0 255 0 255 5 255 0 255 0 255 255 0 255 255
    227 62 0 0 255 0 255 0 255 0 255 0 0 0 255 0 26 0 0 242 92 255 0 255
    0 35 255 0 216 255 255 255 0 61 0 0 0 0 217 210 255 0 0 255 0 239
    255 0 0 0 255 255 0 28 255 255 255 0 0 255 255 117 255 0 255 176 255
    0 0 0 255 0 0 0 255 255 0 0 170 0 133 0 255 0 255 0 0 0 255 255 255
    255 255 0 0 0 0 255 255 185 0 106 255 108 97 0 255 0 255 255 255 0 0
    209 255 255 132 255 250 255 0 0 55 255 255 0 255 255 0 255 0 255 0
    226 0 0 255 31 255 255 0 0 0 255 173 255 0 255 0 255 0 0 0 255 255
    81 0 183 122 99 255 0 190 255 255 0 255 0 0 255 0 0 255 255 255 255
    173 255 0 224 0 255 0 255 255 255 244 0 0 0 255 0 255 0 226 0 255 0
    255 255 255 0 0 0 185 255 53 20 0 0 0 31 255 255 121 218 255 255 255
    0 153 255 255 0 0 0 255 255 255 0 0 0 255 162 229 0 6 255 28 255 0
    255 0 38 0 255 255 0 0 16 255 255 70 0 255 0 255 0 0 0 255 39 255 0
    255 0 0 255 213 255 0 8 176 255 255 255 0 0 0 255 0 255 255 255 0
    255 0 15 0 255 0 89 0 0 255 255 255 255 255 173 0 0 255 255 255 0
    255 0 10 0 255 255 255 255 0 0 0 118 62 0 255 255 184 0 255 161 0 0
    0 0 0 255 48 0 0 0 255 255 42 0 172 255 132 0 0 255 0 0 255 255 149
    255 255 255 255 0 0 0 255 255 255 255 0 0 255 0 255 0 255 0 255 255
    255 0 0 0 11 0 0 255 255 255 255 0 0 0 0 255 0 100 0 255 255 0 0 9
    255 0 0 0 255 255 255 0 0 0 0 255 127 255 0 95 255 0 255 0 95 157 0
    112 8 255 255 43 236 255 255 0 255 0 255 255 255 0 243 255 0 0 0 0
    255 0 255 255 255 0 0 0 255 47 255 0 0 0 255 0 0 129 0 255 0 0 0 255
    255 255 255 111 0 255 0 255 14 252 213 255 0 0 0 255 255 118 0 0 255
    255 151 210 40 255 16 0 0 0 255 255 0 255 0 255 255 0 0 0 255 0 0 0
    0 121 0 0 255 255 0 0 10 255 255 255 211 255 255 255 4 0 0 175 0 255
    0 176 255 255 255 0 0 0 0 28 109 255 0 255 0 255 255 255 255 59 0
    255 0 255 0 255 255 0 0 0 255 255 0 255 0 0 0 255 255 255 0 138 0
    255 255 0 0 255 255 0 0 0 255 255 0 0 176 209 199 147 0 0 0 255 255
    255 63 69 0 255 255 116 255 0 255 255 149 0 0 0 0 255 0 255 132 255
    0 0 0 54 0 255 255 255 148 0 0 255 255 255 0 14 0 0 255 255 255 96 0
    0 0 255 255 255 255 0 255 0 46 0 255 2 255 255 255 109 121 0 0 67
    255 0 126 0 246 0 0 255 150 0 0 0 255 255 255 0 255 0 255 0 255 255
    255 255 0 54 0 255 0 255 255 255 0 0 255 255 255 255 0 0 40 254 255
    0 0 0 255 255 255 0 255 255 0 0 0 255 0 78 179 255 0 0 218 255 255 0
    0 0 0 0 0 255 255 0 58 0 255 255 255 0 0 255 0 255 255 236 0 255 255
    255 0 0 0 255 0 201 255 0 0 0 137 255 255 255 0 0 255 210 13 0 255
    255 0 0 0 255 0 255 0 255 255 255 255 234 133 0 0 198 145 0 255 0 0
    6 0 255 122 0 0 0 255 0 255 33 97 206 255 134 227 255 167 0 255 9
    255 255 255 255 255 135 255 0 0 0 71 255 0 0 255 0 255 0 255 0 255
    255 255 255 0 255 179 48 255 0 255 255 255 255 240 9 255 34 0 0 255
    255 140 0 0 0 255 255 0 0 255 255 255 30 0 0 0 0 255 255 255 0 255 0
    0 68 0 0 255 255 255 255 0 143 0 255 255 255 0 0 255 255 255 94 255
    0 0 255 0 19 0 255 255 134 0 19 140 0 10 0 0 0 255 0 255 0 0 0 0 255
    0 255 143 255 0 0 255 0 117 255 0 255 255 0 0 255 0 242 160 0 103 0
    255 255 30 0 255 116 229 0 255 99 255 255 0 0 15 255 255 28 255 42
    255 0 255 38 255 103 0 0 155 253 255 0 255 0 254 0 255 255 255 0 255
    255 109 225 0 86 0 255 0 255 255 255 149 255 98 0 108 213 255 255
    255 0 107 0 0 255 34 255 0 0 255 213 255 0 0 0 0 0 255 255 255 255 0
    0 255 255 0 128 255 174 255 0 0 0 169 255 255 0 0 255 255 84 0 0 0
    232 255 255 0 0 255 255 255 0 0 0 0 255 255 0 0 255 0 255 255 255
    255 0 0 0 255 0 118 0 0 255 0 255 46 255 0 245 0 255 183 255 255 0
    255 0 31 255 255 0 0 0 255 89 155 255 255 255 93 255 0 0 0 185 255
    255 0 0 72 0 110 255 193 177 0 164 250 47 91 0 90 0 0 65 0 255 0 141
    255 0 28 255 255 0 255 255 0 158 255 255 0 255 0 255 0 0 0 28 255
    255 255 0 0 0 0 255 255 255 240 0 0 255 19 255 186 0 255 0 255 94 0
    0 0 0 0 255 0 255 77 255 0 255 0 126 0 0 0 255 255 0 0 0 0 255 255
    255 0 102 255 255 255 0 255 255 255 0 0 0 255 255 255 255 0 0 0 0
    255 255 255 255 0 0 151 0 255 249 255 255 0 0 0 255 0 255 7 255 185
    0 195 255 255 34 0 255 0 255 0 133 0 255 255 0 0 190 0 255 154 0 255
    0 255 0 0 255 0 255 86 0 255 0 0 230 0 0 255 255 159 255 0 255 0 255
    0 0 232 232 115 0 255 0 255 0 255 255 255 255 0 0 255 255 255 0 255
    0 0 209 0 255 0 0 255 0 64 81 0 255 28 255 0 0 0 0 255 255 255 0 0
    255 255 163 0 0 255 255 255 0 0 255 0 255 0 0 255 255 255 152 255 0
    197 0 255 0 255 255 255 255 255 0 0 0 0 255 0 255 255 255 0 0 0 255
    62 99 0 0 231 0 255 255 255 255 255 0 0 0 255 255 170 255 114 140
    255 0 0 0 255 9 0 255 255 255 0 214 76 3 0 0 255 104 0 255 255 255 0
    0 0 6 0 108 0 255 0 255 255 255 0 0 146 204 0 255 139 51 255 0 0 121
    0 255 0 0 0 0 255 0 255 137 255 0 0 0 255 255 255 0 255 252 2 255
    255 239 0 255 255 255 0 0 0 0 0 0 248 255 255 141 255 0 0 0 63 255
    255 0 0 255 0 255 255 75 5 0 255 168 255 0 255 0 255 0 0 255 255 255
    0 0 255 0 202 0 255 0 255 0 255 0 255 158 255 0 0 0 0 0 255 255 255
    255 255 255 255 255 0 218 150 255 202 0 255 0 0 177 0 62 0 255 255 0
    0 255 255 255 255 255 15 0 255 255 255 0 255 255 255 0 116 0 255 0 0
    0 0 255 0 255 255 189 255 0 205 0 0 255 140 255 255 252 0 255 0 255
    255 255 0 196 0 45 0 0 255 222 188 0 0 181 255 255 255 0 187 0 0 255
    255 227 0 255 0 159 255 255 0 255 220 255 0 0 255 56 0 255 0 255 0
    75 255 0 0 255 179 255 0 255 0 255 0 250 0 0 0 255 255 89 255 0 158
    0 255 255 0 255 0 255 255 255 0 0 0 255 255 255 45 0 68 255 255 255
    0 203 0 0 0 255 242 87 255 255 0 0 255 0 0 255 4 0 0 255 0 255 255
    113 255 0 0 112 0 255 255 0 76 0 0 255 165 255 0 255 255 255 0 247 0
    255 0 9 255 255 255 0 0 255 0 255 0 255 0 255 43 0 255 255 255 0 0
    255 255 255 0 0 0 0 17 0 255 255 219 255 0 0 0 255 211 255 0 255 0
    255 73 255 0 255 0 0 0 237 0 131 0 0 0 255 255 0 255 220 0 255 0 255
    58 255 221 0 0 0 255 255 0 255 76 255 90 103 0 60 244 255 0 125 0
    255 0 255 0 185 0 255 102 150 39 255 214 255 19 255 0 255 255 0 174
    0 255 0 255 174 0 255 221 255 0 255 219 147 15 255 0 0 255 255 245 0
    0 255 29 228 0 255 255 74 0 0 255 255 255 0 255 0 0 0 255 108 0 255
    255 60 0 245 0 255 0 255 255 34 255 255 255 43 255 0 255 32 0 255 85
    236 255 0 0 134 0 255 255 255 0 255 255 255 3 0 180 0 255 172 0 0
    255 255 93 0 0 0 214 255 255 0 0 185 255 0 0 149 0 35 0 0 151 229
    255 255 255 255 255 30 255 71 0 255 255 0 255 255 21 0 0 56 0 255
    255 255 0 0 22 255 255 255 0 0 0 0 251 255 255 84 164 0 0 255 255
    255 249 0 112 13 0 255 255 28 0 0 0 0 255 0 255 251 0 0 255 31 255 0
    0 241 255 255 148 0 0 0 0 0 255 255 255 0 255 255 255 255 0 0 0 255
    194 255 10 255 255 0 255 255 180 255 255 13 255 0 0 0 0 255 255 0 0
    255 0 255 255 194 255 255 255 255 0 255 0 255 255 94 0 255 0 0 93 0
    0 0 255 224 0 0 255 251 0 0 255 255 0 0 230 255 0 0 211 0 255 213
    255 255 222 5 111 0 0 0 174 155 0 0 0 0 35 0 255 0 0 52 255 255 255
    0 255 255 0 0 96 0 120 199 255 150 0 255 0 60 255 0 0 0 255 75 255 0
    0 0 255 200 255 0 114 56 255 0 255 16 255 0 124 255 255 255 0 255 0
    255 0 255 255 255 0 22 0 255 255 55 80 0 0 255 103 255 16 64 0 255
    255 0 255 0 255 0 0 0 255 141 211 255 255 0 255 0 255 0 0 0 0 255
    255 0 255 0 255 0 0 135 255 255 169 0 0 255 0 255 0 255 228 255 0 0
    39 0 255 100 0 255 255 218 255 108 30 0 140 112 255 255 0 0 0 188
    255 255 255 0 0 23 0 0 255 255 0 0 0 41 0 0 0 47 75 255 0 84 0 0 36
    255 0 255 85 255 0 255 193 255 0 255 0 0 0 255 255 255 0 255 255 255
    0 250 255 255 255 255 255 255 0 0 255 127 255 255 0 0 0 215 255 255
    0 0 0 255 255 0 0 255 255 150 255 0 0 0 255 255 0 0 0 255 0 141 255
    255 0 255 255 255 0 255 0 236 255 255 255 0 0 0 0 254 0 255 255 255
    0 0 0 255 255 0 46 0 188 255 0 89 255 0 255 119 255 174 134 255 119
    184 0 0 255 0 0 255 0 255 0 255 0 0 0 0 0 1 255 187 255 255 0 255
    255 255 211 0 255 255 255 0 0 0 255 0 0 0 255 255 255 0 0 255 34 255
    0 17 255 255 0 0 0 58 255 250 166 255 0 0 221 255 0 255 0 0 0 3 255
    0 255 0 255 117 0 255 255 255 0 0 182 0 255 211 255 0 255 76 48 255
    255 255 255 255 0 255 146 0 255 255 0 0 0 255 255 255 108 0 0 255
    255 0 0 0 255 0 255 255 255 193 191 255 0 255 0 0 7 0 255 0 255 0
    255 0 0 0 0 255 51 0 66 255 255 217 255 62 123 0 255 141 215 255 4 0
    0 255 0 0 123 255 255 255 255 190 255 0 0 217 255 0 0 188 255 255
    255 206 163 112 255 0 255 25 133 0 0 255 255 34 255 62 255 0 255 0
    153 255 201 0 255 0 0 255 0 0 255 255 255 0 23 255 255 255 0 0 0 255
    0 0 164 0 255 0 0 255 255 125 6 243 0 79 0 255 255 255 255 0 255 0 0
    151 81 0 0 0 0 255 0 255 0 255 255 0 225 0 0 100 255 255 255 255 0 0
    0 225 0 255 0 0 107 255 255 110 205 216 0 152 223 0 0 0 27 0 255 252
    0 0 0 255 12 255 0 117 148 164 54 62 255 40 255 223 0 0 255 255 89 0
    250 255 0 173 0 0 232 255 255 255 0 255 0 255 0 0 0 0 0 255 255 255
    0 0 0 0 255 255 255 149 0 152 255 0 255 0 0 0 255 136 255 128 182 39
    0 255 255 0 0 254 68 0 0 255 242 255 255 0 0 0 0 255 255 255 148 0 0
    0 161 0 0 189 255 255 0 0 0 255 166 221 255 255 80 0 239 255 0 0 0
    255 0 0 0 0 255 176 143 255 155 0 255 255 255 0 72 0 0 181 255 255
    255 0 255 0 0 0 255 0 0 0 255 115 0 0 255 0 0 222 255 255 6 0 255
    255 255 0 78 0 255 255 194 0 0 255 0 0 0 33 255 255 255 65 198 0 0
    255 30 255 85 0 255 0 255 161 97 0 255 255 0 255 255 0 0 255 255 232
    0 255 255 255 160 255 255 0 255 255 255 0 255 255 255 0 0 255 255
    243 75 0 0 255 255 255 0 0 21 0 149 108 0 142 0 255 0 35 141 0 255 0
    77 255 206 255 0 255 255 43 213 0 255 0 0 255 255 0 0 255 255 82 0 0
    19 255 0 0 171 6 244 0 0 0 0 255 247 255 0 157 0 255 0 255 0 0 124 0
    21 255 236 0 134 255 0 255 255 255 0 255 255 0 160 0 0 255 0 255 255
    0 0 79 255 255 255 0 255 0 255 255 0 108 162 20 174 132 255 0 255
    255 255 0 0 0 0 255 255 255 194 255 0 255 255 0 105 104 255 255 132
    0 186 255 255 255 0 0 0 255 0 99 255 255 255 255 0 0 0 0 0 255 255
    255 0 190 255 0 0 0 0 255 255 0 255 182 255 255 255 0 255 0 255 0
    255 255 255 0 0 0 255 255 255 0 255 0 255 255 0 255 0 0 255 255 255
    0 51 0 0 255 255 0 0 0 255 32 255 0 0 0 0 255 0 172 0 0 68 251 255
    255 0 255 50 45 225 0 0 255 150 0 255 88 0 0 255 255 255 255 180 255
    0 0 2 255 255 7 131 255 0 255 255 255 0 255 11 255 0 0 255 23 0 255
    0 0 0 255 0 255 255 255 0 71 0 255 144 0 0 0 255 0 0 255 255 255 150
    0 27 255 113 0 255 255 255 0 0 171 0 255 44 255 255 70 0 0 255 255 0
    255 131 0 0 0 255 0 255 255 0 0 255 255 146 0 255 0 0 255 255 255 0
    0 255 255 255 255 255 255 0 255 235 255 0 255 255 255 255 129 0 255
    21 0 0 0 255 255 0 0 255 0 0 0 0 0 3 0 255 179 255 0 160 0 0 255 0
    255 0 0 255 0 255 255 255 255 110 38 0 0 146 255 255 0 255 255 255
    255 0 255 0 159 0 0 26 255 255 0 210 0 255 255 212 0 13 255 0 0 201
    255 0 255 0 125 148 255 255 0 116 255 0 0 0 0 0 0 255 162 133 0 255
    0 61 255 0 0 0 0 255 25 255 0 22 255 255 255 0 0 0 255 255 0 85 255
    0 147 255 43 255 255 255 255 0 0 255 255 0 110 216 0 255 25 255 0
    255 198 67 78 255 255 0 255 255 249 255 0 255 0 0 0 0 255 255 0 0 0
    255 219 66 0 255 0 0 72 255 0 0 177 10 0 255 255 255 255 0 0 255 255
    0 0 255 0 147 101 2 255 91 255 255 255 255 0 0 0 255 255 194 255 255
    0 255 176 255 0 0 255 64 255 0 242 255 0 255 0 0 115 255 255 0 255
    255 255 255 232 255 0 255 0 135 0 188 206 255 0 0 255 0 255 132 255
    0 0 255 128 206 0 74 255 255 0 255 255 255 0 0 0 0 0 0 0 255 255 0
    255 164 255 209 0 136 0 0 0 255 0 255 255 114 0 0 255 20 255 255 255
    0 0 147 0 255 0 0 0 0 255 255 255 110 0 0 255 255 115 0 0 255 0 0 0
    255 255 255 50 0 255 255 26 255 255 108 0 160 255 255 144 255 0 255
    0 0 255 0 0 204 255 255 230 255 0 255 187 0 255 252 255 0 0 0 255
    255 255 255 0 0 255 0 255 255 0 0 0 255 0 0 0 255 255 255 0 0 255
    255 255 0 0 145 0 0 243 255 255 0 255 255 255 0 255 0 255 0 255 0
    255 0 255 255 59 255 0 0 255 0 187 0 255 0 236 43 255 0 0 0 251 255
    103 226 0 0 0 255 255 255 30 0 255 0 0 255 255 0 0 255 255 255 0 255
    235 255 0 255 0 255 255 255 255 0 0 232 173 255 255 255 0 0 81 255
    124 0 0 144 0 46 0 255 0 0 255 255 0 0 0 255 0 0 255 255 216 0 255 0
    112 255 255 0 0 255 255 255 0 255 255 0 17 231 255 0 255 128 255 0
    255 103 96 255 0 0 255 255 0 0 0 255 255 173 191 0 255 0 0 255 255 0
    255 0 0 255 255 255 0 0 15 255 249 255 0 0 255 0 0 0 0 255 0 255 138
    0 213 0 255 255 0 255 4 0 0 255 0 103 0 255 255 0 0 255 0 255 255 0
    0 0 255 255 255 0 255 0 255 0 0 0 255 58 0 37 0 255 0 255 0 0 0 135
    0 0 255 255 255 255 0 255 255 255 152 0 255 0 7 0 255 255 0 0 48 255
    255 0 0 0 255 0 255 142 255 0 87 0 255 255 255 0 0 194 255 255 48
    255 255 139 22 255 202 204 255 255 0 0 255 255 255 0 37 0 255 255
    255 94 0 0 255 255 255 255 0 0 255 0 0 0 255 255 0 230 0 0 127 255
    255 0 29 255 255 0 255 176 0 0 255 0 255 0 255 0 0 255 255 0 0 255
    255 127 255 74 255 0 0 105 255 0 255 255 255 115 255 0 0 0 255 0 255
    255 255 255 22 0 0 3 255 0 0 255 255 255 255 79 255 0 8 0 255 172
    255 0 0 255 255 0 255 255 118 255 0 255 255 255 0 255 255 225 0 154
    73 0 0 255 114 255 136 0 0 0 174 57 255 255 255 0 40 0 255 0 158 255
    255 255 0 255 202 255 255 126 255 255 255 255 0 58 99 255 117 0 126
    78 0 255 0 255 149 255 255 132 0 0 255 255 255 0 255 255 255 255 0 0
    255 255 0 255 21 181 255 0 0 0 255 255 251 255 0 255 127 255 0 198 0
    182 255 0 255 0 0 0 255 255 0 255 255 0 0 0 255 255 255 255 0 0 255
    0 224 0 255 150 255 111 0 255 255 255 19 0 0 0 255 255 255 255 0 0 0
    0 192 112 19 26 255 0 255 192 255 0 255 0 255 255 132 0 255 255 255
    0 255 72 166 115 241 0 255 255 0 0 0 255 0 218 255 255 255 0 255 150
    255 0 0 255 255 9 255 1 255 255 0 255 0 255 255 255 0 0 0 0 255 0
    255 0 52 72 0 255 0 255 94 255 0 255 76 255 58 58 255 0 198 0 255
    255 255 255 0 255 197 0 19 179 255 0 0 255 143 0 0 0 255 255 255 0
    233 0 255 255 0 0 255 255 0 255 255 255 255 0 0 0 0 255 255 255 255
    241 0 255 218 97 0 0 224 0 255 226 255 98 255 0 0 0 255 255 0 0 0
    255 0 255 128 255 0 0 255 136 255 109 0 255 61 204 0 0 255 255 255
    255 255 138 255 0 0 159 152 255 0 0 255 255 255 138 255 255 0 0 255
    255 87 0 14 0 0 255 255 0 255 0 134 255 255 255 0 0 213 0 255 0 255
    0 0 255 255 0 0 0 0 255 194 255 255 78 0 0 0 255 0 255 255 255 237
    255 0 255 0 0 29 0 255 255 145 255 0 179 255 0 255 255 0 215 0 255 0
    255 0 255 255 0 255 255 0 255 0 200 0 0 141 255 0 95 17 255 0 0 255
    177 255 0 255 255 0 0 0 0 0 149 0 255 255 255 88 255 0 0 0 174 255
    255 0 255 13 255 0 255 0 0 32 0 0 255 255 49 0 255 255 0 255 0 0 125
    255 255 0 190 0 255 255 255 0 255 0 255 0 255 255 136 255 0 255 255
    186 0 79 255 255 255 0 0 255 255 0 0 119 255 229 113 0 255 255 255
    255 0 255 255 255 0 0 0 199 0 255 0 255 0 255 0 255 0 255 255 0 0 0
    0 176 255 255 255 63 255 0 255 112 255 0 0 255 255 255 0 0 255 255
    143 255 0 0 236 255 255 0 0 0 0 0 255 97 255 0 168 255 255 255 255 0
    195 0 255 255 255 136 255 0 255 217 0 177 0 255 255 0 255 0 3 255 0
    0 0 255 255 0 0 0 255 255 255 0 255 255 0 255 255 255 255 255 255 0
    70 225 255 211 223 255 255 255 136 255 255 191 0 255 134 255 3 0 126
    0 255 48 255 255 255 0 0 255 255 255 0 255 14 255 0 255 12 213 0 255
    62 255 0 255 30 0 0 0 102 220 255 0 0 0 0 255 0 255 255 0 255 0 255
    0 0 255 255 0 0 111 255 255 255 236 0 255 0 210 0 255 87 204 0 255
    255 255 0 255 0 255 0 255 0 0 0 255 255 255 0 255 0 255 255 0 0 208
    0 0 255 255 242 0 139 255 255 255 255 97 166 0 255 255 255 0 210 0
    119 255 0 0 255 0 0 0 255 255 146 255 7 255 0 89 0 0 0 71 255 0 0 0
    0 0 255 255 255 0 0 0 255 58 0 18 255 0 0 0 255 0 255 255 255 255 0
    0 0 13 128 255 255 0 255 255 255 0 0 255 255 255 0 0 0 255 255 255 0
    0 255 0 0 0 255 0 199 0 255 255 255 64 255 255 0 0 0 0 51 0 0 0 255
    255 255 0 255 83 255 0 0 229 0 0 0 0 0 0 0 255 255 255 0 255 146 255
    255 255 255 0 0 0 3 0 0 0 0 255 0 255 255 255 255 255 36 255 138 0 0
    255 108 83 255 120 0 255 255 0 0 0 255 0 0 0 255 0 121 0 255 14 255
    0 255 0 255 226 255 0 219 0 106 255 255 0 0 0 255 0 123 0 255 0 255
    0 255 0 112 0 0 255 255 198 0 0 255 0 255 255 255 164 0 0 0 0 255
    255 255 255 0 0 0 123 255 0 255 0 255 255 255 162 62 130 255 0 0 255
    208 169 86 0 0 0 0 255 255 255 255 0 0 255 0 0 255 255 255 0 0 0 0 0
    0 181 0 0 255 255 46 0 213 0 0 255 0 0 48 0 255 255 145 255 0 0 126
    255 255 11 143 237 0 0 195 150 0 255 252 255 0 169 82 255 0 0 0 63 0
    161 153 255 197 48 0 0 0 0 41 0 255 0 255 0 255 0 0 255 175 255 0 0
    0 255 255 57 0 255 128 255 0 6 255 126 0 0 171 49 0 255 0 255 255
    255 0 255 0 0 0 0 255 255 10 0 144 0 96 0 0 0 255 0 0 93 255 255 79
    112 199 255 255 0 0 0 255 0 255 0 0 255 0 255 0 255 0 96 255 255 180
    255 0 0 0 0 159 255 255 255 0 0 6 0 0 0 255 255 255 0 0 0 220 192
    255 162 255 255 255 255 255 0 104 0 0 0 255 152 0 0 0 255 0 255 0
    204 0 0 125 191 176 255 0 0 0 0 255 0 90 0 255 255 255 0 255 0 255 0
    122 243 0 255 0 255 0 239 57 0 147 105 255 0 30 114 255 255 0 0 0
    255 0 94 255 0 255 159 255 0 242 0 14 108 255 255 0 0 0 209 255 221
    0 0 0 255 255 255 183 255 255 255 0 0 0 255 0 195 255 255 255 75 0 0
    0 0 255 0 0 52 255 0 255 255 0 0 85 96 0 0 255 0 0 255 0 163 0 255
    255 255 255 36 0 255 0 0 0 255 0 0 255 255 255 132 66 0 0 255 255
    255 32 0 152 255 0 0 167 239 173 0 0 0 0 0 0 255 255 255 255 255 0
    255 255 255 255 0 0 255 0 255 255 255 0 0 0 0 255 0 255 255 0 0 0
    255 0 255 0 235 0 149 255 255 255 0 0 255 255 255 0 0 172 0 66 255 4
    255 0 255 0 255 76 255 255 0 83 0 0 0 0 255 0 255 0 234 0 255 255 0
    255 0 0 0 0 0 0 255 255 0 0 255 0 185 104 255 0 255 0 168 0 255 0
    191 13 255 255 0 0 255 123 0 0 255 225 0 128 0 255 0 255 199 255 0 0
    255 255 255 149 0 52 255 0 0 0 102 255 126 215 255 255 0 255 0 0 201
    255 118 255 0 23 0 255 0 255 0 0 132 255 243 255 108 255 0 255 255
    255 255 0 68 255 255 23 0 0 255 255 0 255 221 255 48 24 255 0 255 0
    0 0 0 255 97 255 152 255 0 0 0 255 176 255 255 255 255 174 255 255 0
    255 0 101 96 255 255 255 255 177 254 5 0 0 0 255 255 0 0 0 255 47
    255 9 0 218 0 0 255 255 0 0 255 0 255 0 255 255 255 3 0 255 0 255 0
    255 0 0 0 255 0 255 0 255 0 97 0 255 255 166 227 0 255 255 0 0 87
    255 0 255 255 255 255 0 176 0 255 255 0 217 255 255 0 91 0 11 0 255
    68 60 87 0 0 255 255 255 164 255 0 0 120 255 255 250 91 255 255 0 0
    184 255 255 255 0 0 0 0 183 255 255 0 0 6 152 0 195 0 212 173 0 0
    251 255 255 196 255 0 255 0 255 0 255 109 255 255 0 255 255 0 255 0
    136 168 255 255 0 171 44 0 255 168 0 255 255 129 255 0 255 255 0 255
    0 255 255 0 0 0 255 255 255 0 255 0 0 0 255 140 42 0 0 255 255 255
    255 40 0 0 255 0 0 255 255 0 0 255 207 226 189 35 104 0 255 92 0 0
    255 71 98 0 255 0 174 0 255 0 0 0 255 255 255 0 0 3 255 255 0 39 202
    255 255 255 181 255 255 74 255 0 255 0 0 255 255 105 0 255 255 0 255
    0 255 0 255 0 0 188 0 0 0 255 0 255 255 187 0 0 255 255 255 175 0 0
    255 255 255 255 40 0 212 255 0 0 0 255 255 255 255 0 0 255 0 255 0
    255 0 0 0 255 255 255 0 255 0 255 16 49 0 255 255 0 99 0 255 0 0 255
    255 79 0 255 255 0 134 0 255 255 255 255 0 255 255 255 0 112 0 255
    13 255 0 255 255 228 0 0 0 109 0 255 255 255 255 255 0 114 0 255 255
    255 57 0 255 109 255 0 255 0 0 0 255 255 0 255 0 0 0 255 125 255 255
    0 0 14 0 255 255 255 0 0 255 255 160 0 145 0 255 255 0 0 114 0 255
    255 255 255 237 255 90 0 21 0 0 255 255 255 255 0 0 85 255 255 0 0 0
    255 255 255 117 0 0 0 0 255 208 115 119 0 255 0 201 0 255 0 255 255
    255 0 255 161 255 86 0 255 255 207 0 0 255 255 255 106 0 255 255 255
    255 255 255 0 0 0 0 255 83 255 0 0 255 5 0 0 0 255 0 255 255 255 0
    255 0 0 255 255 0 0 228 255 255 190 0 255 0 197 218 255 91 255 0 255
    255 255 255 0 255 94 255 255 255 0 0 255 255 0 107 0 0 255 255 255
    85 255 255 255 111 0 138 255 255 255 77 255 255 182 0 0 0 255 0 255
    255 255 105 183 0 255 203 255 255 255 0 255 0 255 185 78 255 197 0 0
    0 255 255 0 240 0 255 255 133 0 255 0 255 90 255 102 255 224 0 0 255
    255 0 0 152 255 0 0 0 255 255 189 0 255 204 255 0 255 255 93 255 255
    255 255 0 255 150 255 0 0 255 255 0 2 255 225 0 0 0 0 255 255 142
    255 0 110 0 255 255 255 255 0 0 255 0 0 255 255 255 0 255 0 255 255
    255 17 255 0 0 0 0 255 68 242 255 255 0 0 0 162 0 255 0 255 0 143
    154 0 193 0 255 125 159 180 0 0 0 255 255 255 0 181 0 0 29 255 0 0 0
    255 255 255 255 255 255 0 105 0 9 81 255 0 201 0 255 247 46 255 250
    0 255 0 0 0 0 0 226 110 255 0 0 0 63 255 255 255 255 255 255 255 0
    41 255 255 255 0 0 0 0 255 255 255 88 0 233 82 255 0 255 0 255 0 255
    255 255 0 0 255 255 237 0 0 0 255 255 133 255 255 255 0 255 255 196
    139 255 65 0 0 19 218 0 255 255 252 103 255 0 0 0 0 255 128 165 91
    255 0 255 46 255 255 78 255 255 255 255 255 255 0 0 119 255 255 110
    0 86 75 0 0 255 255 255 155 0 0 255 255 255 0 0 255 255 0 72 0 0 255
    255 78 0 255 0 0 0 255 0 49 0 255 0 95 255 1 255 0 234 255 255 0 255
    255 255 0 0 0 255 96 12 0 255 0 35 255 255 255 0 255 0 255 255 255
    255 0 153 0 156 255 255 255 130 0 255 0 255 118 0 0 0 255 0 135 255
    255 0 192 0 0 255 188 255 39 136 123 140 104 0 167 0 0 0 255 255 0
    255 0 0 255 0 255 0 1 255 255 12 0 255 0 0 255 255 107 255 0 0 0 255
    255 255 255 0 255 0 0 255 255 255 255 255 0 0 255 255 0 0 56 56 255
    255 120 255 0 0 255 255 255 0 0 0 118 255 0 38 142 138 176 255 0 0 0
    255 255 255 0 0 145 0 0 255 40 255 0 255 0 255 255 255 0 0 0 255 0
    255 0 144 0 0 255 255 255 0 0 255 255 255 177 4 255 255 0 255 0 255
    255 0 0 0 0 118 255 255 255 36 255 64 0 0 0 255 0 255 151 18 255 192
    0 0 199 209 255 144 0 0 0 255 0 0 0 255 255 0 153 0 255 0 0 255 0 0
    255 255 0 0 255 0 0 0 255 126 0 255 0 255 0 255 115 255 64 111 0 0 0
    167 0 255 255 255 0 116 0 255 183 255 206 255 0 0 0 255 255 255 255
    255 0 0 121 0 255 222 255 76 209 231 0 31 255 255 0 0 0 255 58 0 1
    255 164 0 0 255 183 0 0 255 255 255 0 0 57 255 255 40 33 0 255 174 0
    255 255 255 0 0 211 0 255 255 255 255 0 0 0 216 255 255 0 0 255 255
    0 0 0 193 255 246 0 255 255 0 255 0 255 0 238 1 0 146 0 255 0 0 0 0
    0 0 255 0 0 0 255 0 255 0 255 14 0 0 255 0 0 0 0 255 255 255 0 141 0
    255 255 0 255 0 255 255 255 255 0 0 0 162 255 255 216 0 0 0 255 0
    255 0 0 255 0 255 0 255 255 0 0 255 81 0 255 246 0 45 0 255 0 0 114
    255 255 0 93 255 255 0 0 0 0 255 0 84 0 255 0 0 154 255 23 255 255 0
    0 255 126 255 0 255 0 255 0 255 93 0 255 0 31 49 91 255 86 138 0 92
    255 0 108 0 25 255 0 255 255 150 255 225 0 255 255 7 255 0 255 0 0 0
    255 0 0 0 0 255 255 245 255 0 136 0 175 124 65 255 255 176 0 0 0 0
    255 255 248 255 145 255 0 255 255 255 255 255 84 241 189 213 226 0
    148 30 255 0 135 255 0 0 234 255 0 0 0 255 255 150 111 0 255 0 255 0
    255 0 255 0 0 255 255 1 255 242 255 0 255 0 0 0 255 0 0 255 255 106
    252 255 255 120 255 0 255 0 255 0 255 169 255 0 255 255 0 0 0 0 255
    255 255 0 0 0 255 255 41 255 0 0 0 255 255 0 0 0 0 6 255 80 255 255
    47 255 255 0 255 0 255 0 255 255 214 255 7 0 255 255 164 0 0 255 255
    0 0 0 255 0 0 0 0 196 249 0 0 255 0 255 0 83 0 0 255 255 0 0 0 255
    255 255 0 0 86 255 255 0 0 40 255 255 0 0 0 0 0 255 255 0 111 0 0 0
    0 140 0 255 0 255 0 101 255 255 0 146 255 255 255 0 255 0 0 0 255
    245 255 0 0 0 135 255 40 255 0 0 0 0 0 255 35 255 0 57 0 255 255 0 0
    0 0 224 255 239 0 0 255 255 255 0 28 0 107 0 255 0 255 255 0 150 0
    186 0 3 255 255 255 0 0 50 255 255 170 255 0 255 157 0 0 255 255 0 0
    0 255 120 255 0 58 236 0 255 255 26 255 165 0 135 0 0 255 255 38 0 0
    255 71 255 255 0 255 152 255 255 187 255 85 0 195 255 255 70 0 0 210
    255 0 0 255 0 255 156 255 0 255 255 255 255 249 0 255 0 238 0 255
    255 255 255 0 0 0 0 255 255 255 193 255 221 255 223 255 84 0 255 255
    0 0 0 39 255 0 255 255 255 0 161 0 255 0 255 255 220 0 0 255 255 255
    0 255 0 255 0 0 255 211 0 255 0 75 255 255 255 0 127 255 80 255 255
    204 255 235 255 176 102 0 39 0 255 0 255 157 91 2 1 65 255 0 0 255
    255 0 36 185 255 255 0 0 255 255 0 0 104 255 253 0 0 255 0 16 0 255
    255 255 255 0 255 0 255 157 0 0 211 255 0 11 0 255 0 0 0 255 0 255 0
    120 0 255 112 102 255 255 255 255 255 0 0 0 129 255 255 255 205 27 0
    0 255 111 255 0 255 0 255 0 255 255 255 0 0 0 0 255 186 0 255 255 93
    220 69 255 0 0 219 247 255 255 255 255 0 0 68 73 0 0 255 159 255 255
    255 124 0 0 0 0 255 0 0 0 255 207 151 113 255 255 255 0 255 249 255
    40 255 255 255 0 0 142 255 255 255 255 255 255 30 255 0 194 0 255 0
    255 255 0 99 224 255 213 0 47 211 255 255 0 0 0 255 255 93 0 15 95
    255 255 255 0 0 255 255 225 0 134 255 255 20 100 255 255 25 0 0 0 0
    255 255 255 203 255 255 255 0 255 0 255 0 0 0 255 137 255 0 38 255
    255 0 0 255 0 255 255 170 0 0 0 0 255 99 0 0 172 255 71 0 0 255 255
    0 152 0 255 255 255 0 255 0 0 0 255 255 255 0 0 255 255 255 113 255
    255 0 0 255 62 69 0 0 255 0 0 255 255 0 0 0 0 0 255 255 208 0 255
    102 255 255 90 0 0 223 0 0 255 0 0 0 135 255 255 255 255 0 255 160
    255 255 0 0 0 255 29 71 0 0 255 255 255 189 255 23 0 0 201 0 69 0
    255 0 0 0 143 0 136 255 255 255 0 0 255 255 0 132 0 255 154 255 255
    255 0 255 255 255 0 255 0 0 0 255 79 255 0 229 0 0 255 0 255 0 157 0
    0 255 0 255 0 255 76 0 255 255 38 255 183 0 255 0 255 255 0 0 191 0
    82 0 0 0 63 255 105 255 0 255 62 255 0 46 255 255 169 0 0 0 198 255
    218 0 0 226 175 0 255 102 0 255 178 255 0 0 0 255 255 255 0 0 0 255
    255 0 0 202 129 255 0 163 0 0 0 255 0 255 205 255 0 0 251 255 0 0 0
    239 255 255 255 11 255 255 0 0 0 0 0 255 255 255 255 132 255 0 66 0
    255 255 0 0 255 174 177 177 0 255 255 255 255 0 0 0 255 255 190 255
    255 255 0 0 0 255 255 255 0 0 0 255 4 0 0 255 255 171 255 0 0 131
    255 207 0 215 255 255 0 255 0 0 255 0 255 0 255 0 255 0 255 0 255 0
    0 0 255 255 131 83 214 255 0 0 0 255 255 0 228 255 255 255 0 137 0
    255 190 0 0 255 87 255 255 191 0 0 255 255 0 0 255 0 0 255 255 0 255
    0 255 0 209 255 255 247 206 0 0 255 0 255 255 0 255 255 255 255 0 60
    255 0 0 29 0 0 0 255 255 0 255 0 255 255 255 255 0 171 0 255 0 255 0
    72 255 141 255 0 0 255 255 7 222 0 255 0 255 0 255 179 75 0 72 255
    25 0 157 212 0 0 0 255 255 0 255 0 0 0 0 254 147 255 194 255 0 255
    115 115 0 0 255 0 255 0 0 255 0 255 0 255 255 255 0 216 255 255 127
    255 0 0 0 255 0 0 255 140 0 0 0 0 255 185 255 175 0 0 142 255 0 0 0
    255 236 0 255 255 80 0 0 70 0 255 255 244 0 255 71 255 0 33 0 255
    255 255 255 3 0 0 0 255 255 255 255 0 0 0 158 255 0 115 255 255 101
    255 0 0 255 255 0 0 0 255 255 255 0 135 137 137 255 255 0 13 255 140
    255 255 255 0 205 0 248 255 44 200 255 0 0 8 255 255 255 255 0 255 0
    0 0 0 255 255 0 255 0 255 0 255 0 188 255 255 235 0 255 0 0 0 0 255
    0 255 0 255 51 118 0 0 42 255 255 0 255 0 255 0 255 0 255 0 0 39 0
    255 0 255 255 255 255 255 103 139 47 0 0 0 0 255 255 15 220 188 255
    0 255 0 255 46 255 0 0 0 255 255 255 0 0 255 0 0 0 238 220 255 0 53
    15 177 0 0 29 0 0 0 163 255 255 255 0 0 255 255 230 4 23 255 0 89 0
    0 0 0 255 255 255 255 0 255 66 71 0 222 0 169 0 0 255 170 255 255
    255 255 255 255 255 0 0 0 179 219 0 255 255 255 0 0 255 0 255 152
    155 255 0 0 255 255 255 0 255 0 255 0 45 0 255 0 49 0 0 0 255 0 0 0
    255 255 0 0 0 142 255 30 255 2 255 189 219 0 255 255 190 241 255 0 0
    156 255 255 0 255 255 0 93 0 255 144 255 0 0 255 19 0 0 255 255 255
    255 255 0 0 212 255 0 0 0 176 27 255 255 255 0 0 255 99 255 0 255 33
    249 0 255 0 47 193 255 101 106 0 255 0 255 0 206 255 11 193 0 0 0
    255 34 19 0 255 0 255 255 255 255 0 76 99 255 0 156 0 0 255 255 0
    239 0 159 255 255 255 0 0 255 255 0 255 255 255 0 0 131 255 255 0 0
    0 0 255 0 196 24 159 0 0 0 255 255 255 54 0 153 255 255 0 0 0 255
    125 255 0 212 0 255 255 255 155 255 255 0 255 255 0 0 0 93 11 255
    255 0 255 0 255 255 33 0 255 255 255 255 0 0 89 255 255 255 0 0 0 0
    0 0 255 120 163 32 207 0 0 82 0 136 0 255 0 72 0 0 255 255 255 255 0
    0 255 255 0 0 9 255 187 255 8 74 255 255 234 255 101 0 51 255 255 0
    0 0 0 255 0 0 255 149 255 0 136 255 255 0 199 46 255 47 255 0 255
    255 255 0 0 0 0 0 255 1 255 74 230 255 18 14 255 255 5 255 0 255 0 0
    0 255 187 255 0 255 0 0 0 255 23 0 0 129 255 0 217 132 254 255 0 255
    0 255 255 255 0 0 255 255 0 0 0 255 182 0 0 255 0 255 0 243 255 255
    129 0 255 5 255 0 234 43 255 0 255 245 255 0 0 186 255 255 0 24 0 81
    255 0 0 110 255 68 0 0 0 119 255 255 0 0 0 122 0 0 255 0 0 255 255
    196 255 21 182 0 212 0 255 0 255 222 0 0 0 0 0 255 255 255 199 255 0
    0 0 0 255 209 0 0 0 255 255 255 0 198 0 0 255 255 255 0 125 0 0 255
    255 255 0 255 0 246 0 255 0 85 0 255 0 234 0 255 140 255 255 0 104
    255 123 0 255 0 255 255 255 255 0 255 255 255 255 0 255 255 123 0
    209 255 255 37 0 0 255 255 255 0 255 0 255 0 80 0 0 255 255 255 96
    221 0 0 0 255 255 255 255 0 0 0 255 0 0 0 255 255 122 255 255 255 0
    255 0 85 255 255 0 0 0 156 255 255 0 0 255 0 255 0 255 0 0 255 0 0 0
    181 0 0 255 255 48 0 0 0 255 255 0 0 0 255 255 255 0 217 255 18 0
    255 181 255 0 255 0 255 238 255 255 0 0 255 85 255 0 0 0 255 125 255
    0 255 255 0 64 0 190 0 255 0 255 0 255 14 255 255 255 255 126 255 0
    192 0 69 255 255 117 255 255 0 255 17 0 255 0 33 0 0 0 255 0 255 91
    255 255 116 0 0 122 255 0 255 0 255 0 0 230 190 255 255 0 0 0 0 0
    255 255 30 0 255 71 0 0 255 178 255 0 0 0 255 255 0 0 0 255 255 255
    255 99 0 255 0 223 255 255 0 0 0 111 62 184 255 255 0 0 255 255 255
    0 0 255 255 134 255 0 255 255 0 10 255 200 0 19 255 255 255 0 0 0 0
    0 0 0 255 0 223 71 255 205 146 0 245 255 255 255 156 0 172 255 0 159
    0 255 255 255 255 255 0 0 0 255 210 0 0 0 0 0 60 255 255 42 255 42
    255 0 76 0 0 0 255 42 255 0 230 0 255 0 255 255 255 255 0 250 153
    255 33 0 255 255 255 0 150 255 0 0 0 0 255 178 255 0 11 0 255 0 255
    0 255 255 0 255 0 255 0 200 80 0 198 0 225 255 255 0 213 0 0 0 0 255
    0 255 0 255 189 255 0 255 114 127 157 255 0 255 0 234 0 255 0 255 0
    0 0 255 255 255 230 0 0 0 0 86 0 255 29 184 0 255 255 0 180 48 255
    255 255 0 0 255 255 0 255 54 0 90 255 54 17 10 0 0 0 255 193 255 0 0
    0 255 253 0 0 138 0 255 0 255 231 255 255 255 0 0 0 255 0 147 0 179
    0 255 0 255 208 255 177 255 255 255 0 0 0 0 88 206 255 255 47 16 255
    255 0 0 0 255 136 255 255 0 196 0 255 0 0 0 255 0 255 0 0 255 0 255
    0 244 0 0 0 0 255 255 0 0 255 255 255 0 60 0 0 255 0 0 0 255 0 255
    255 255 0 203 255 255 255 0 255 255 255 255 11 0 0 255 255 255 29
    255 0 0 0 9 255 0 0 255 255 255 255 255 0 0 248 255 0 0 255 255 255
    0 0 255 255 0 0 180 0 255 255 255 0 0 0 92 0 0 255 0 255 0 154 0 0 0
    255 162 255 0 255 255 0 0 255 255 0 119 0 255 0 0 0 255 174 255 255
    0 222 255 0 255 0 255 0 255 0 255 255 255 255 255 0 31 255 255 255 0
    0 0 0 255 255 137 0 255 78 255 0 0 255 255 255 0 255 0 0 255 255 37
    0 0 0 0 0 11 255 0 0 0 255 102 0 0 67 0 0 239 255 0 255 255 195 255
    0 0 143 255 0 199 0 255 255 255 0 255 0 177 147 255 0 255 255 0 255
    0 0 202 255 0 255 99 255 0 255 0 255 255 0 255 255 255 77 255 228 0
    255 0 190 255 255 109 255 0 0 0 255 255 255 0 255 255 3 0 0 0 0 255
    0 255 0 255 0 23 0 255 0 255 255 255 0 255 197 73 255 255 0 142 0
    255 0 0 255 0 0 221 255 0 0 255 0 255 0 255 224 0 0 156 255 0 255
    150 255 255 255 0 0 31 255 255 255 97 0 0 182 96 255 54 0 255 0 255
    0 0 0 255 0 255 0 0 0 229 201 251 255 255 0 255 0 66 0 0 0 0 255 255
    255 0 255 255 8 255 0 190 255 0 255 0 0 0 219 255 255 121 0 255 5
    255 0 0 255 255 255 0 0 255 0 0 0 255 255 255 77 255 0 76 255 180 0
    255 255 255 0 0 255 255 0 0 0 0 255 255 255 255 0 59 0 0 255 255 186
    250 6 255 0 255 23 255 255 255 255 147 0 0 113 255 255 0 0 0 165 145
    0 0 0 255 255 255 0 0 0 0 255 0 187 0 255 255 255 86 255 255 0 0 255
    0 0 254 255 255 252 0 0 255 0 255 255 255 255 0 62 0 0 184 255 0 255
    255 99 0 0 255 255 255 248 0 255 255 0 0 0 0 255 190 255 0 255 44
    255 101 255 220 255 0 255 33 255 0 192 255 0 255 255 255 0 255 255
    255 0 93 0 255 255 33 0 255 255 255 0 116 0 255 255 255 255 34 0 255
    255 0 255 229 255 255 247 239 158 162 255 0 0 255 255 255 255 0 0
    114 255 255 184 255 80 0 0 0 255 0 91 0 255 27 255 0 255 0 255 0 0 0
    0 242 110 255 0 0 221 0 255 255 255 255 0 255 255 88 255 255 255 223
    255 0 0 0 255 255 255 0 253 255 218 20 0 255 255 9 255 0 255 255 229
    0 18 255 255 255 0 255 0 255 71 0 255 0 255 56 255 203 255 255 0 255
    0 0 0 0 200 255 0 217 0 0 255 21 255 162 255 0 113 34 0 255 0 0 189
    0 0 255 255 4 255 255 0 0 0 255 0 0 36 255 255 0 0 255 220 0 0 255
    255 0 0 0 255 0 255 0 0 255 255 89 255 255 0 210 255 96 0 229 188
    255 255 255 255 174 255 0 255 0 163 69 255 0 255 0 255 255 192 255
    255 0 0 0 255 0 255 0 255 164 161 0 255 45 255 204 0 0 255 255 15 82
    22 255 0 255 0 255 255 155 0 0 0 68 255 0 0 0 255 89 255 255 0 2 157
    87 255 98 0 0 211 255 0 0 0 255 255 255 250 255 255 255 2 0 255 0
    175 255 255 101 0 255 104 0 0 255 0 40 0 255 255 0 120 0 3 0 0 211
    255 0 255 0 255 0 161 0 255 255 0 0 246 106 42 255 255 0 255 0 255
    255 0 255 0 255 0 0 255 255 255 218 0 255 255 255 255 255 191 0 232
    224 66 0 125 255 255 0 0 0 255 255 255 0 255 255 242 255 0 255 0 255
    0 255 0 255 0 255 255 255 255 0 255 255 255 0 0 0 239 234 52 0 0 255
    9 235 255 255 255 255 0 0 0 0 255 255 0 0 0 255 255 255 255 0 0 0
    215 255 255 255 73 255 255 230 114 255 0 20 0 0 0 0 255 0 255 255
    255 101 0 255 0 222 38 0 255 0 0 255 255 255 34 255 255 0 0 42 0 255
    105 0 255 0 255 255 255 0 57 0 255 0 148 255 153 227 0 0 140 255 67
    0 9 255 255 0 255 255 0 130 0 0 0 0 255 255 102 0 0 255 135 255 0
    174 0 255 255 0 255 0 255 0 255 255 171 0 0 255 255 68 0 0 255 0 255
    0 255 0 104 0 255 255 130 0 118 255 255 255 0 0 0 255 0 255 180 255
    0 0 255 0 0 168 255 195 255 0 255 255 0 0 112 163 255 255 0 255 0
    255 0 255 255 74 0 0 0 125 255 0 255 255 255 0 255 255 255 89 255
    255 160 255 255 0 255 255 0 0 0 255 183 240 255 237 0 255 255 255
    104 131 255 0 0 98 0 255 255 255 0 0 0 255 38 255 0 0 255 0 0 0 255
    255 0 0 0 255 0 0 255 156 0 75 255 255 255 0 0 45 33 0 255 183 255 0
    255 124 0 255 0 255 0 89 255 255 14 0 0 47 255 255 255 0 0 53 0 0
    126 0 117 0 255 44 255 255 123 174 0 10 0 255 0 128 10 75 178 0 255
    255 255 178 255 0 0 0 62 255 0 255 255 255 255 0 255 255 0 255 0 0
    255 43 0 0 0 115 0 146 0 0 0 0 0 0 0 255 0 255 118 255 255 255 79 6
    0 0 0 255 255 0 97 0 0 255 131 0 0 255 107 255 0 255 0 255 0 0 255 0
    255 255 255 255 255 0 116 255 255 0 0 134 0 0 0 255 255 255 222 255
    255 0 0 255 255 0 196 0 0 150 255 255 0 255 255 255 255 17 0 255 0 5
    0 0 0 0 0 255 255 255 255 255 0 0 0 255 0 0 0 255 255 255 255 0 255
    200 255 255 40 235 255 255 0 11 0 0 0 255 255 205 0 0 134 255 255
    148 119 255 255 0 255 10 0 0 0 255 255 47 255 255 255 255 0 0 0 255
    0 255 0 255 0 255 255 33 0 255 255 255 0 0 0 0 255 44 255 255 10 0 0
    0 168 255 0 255 255 255 255 202 0 0 255 0 255 0 255 255 255 0 255
    209 0 255 0 255 171 255 0 0 102 0 255 0 171 255 255 255 96 94 0 255
    0 255 255 121 255 255 255 248 255 0 255 145 0 74 0 29 255 0 255 0
    255 0 0 0 255 255 255 0 255 255 0 0 0 255 87 255 0 0 0 142 255 0 255
    0 0 0 0 12 255 219 0 32 0 65 0 255 0 255 255 255 255 0 113 255 255
    255 0 216 0 0 0 0 255 255 0 255 0 255 255 0 0 0 255 255 255 0 0 0
    255 255 255 0 0 255 255 255 0 0 0 0 255 116 255 93 0 0 255 255 0 77
    0 0 255 40 255 255 234 54 0 255 24 255 0 61 255 255 255 0 0 0 0 250
    255 255 255 255 255 0 0 76 255 255 0 255 255 0 0 255 168 255 0 255
    81 233 0 0 0 255 0 0 0 183 0 255 0 255 0 9 0 204 106 0 0 52 115 132
    189 0 0 255 255 255 0 0 72 0 134 255 0 0 0 255 0 0 0 255 255 255 0 0
    255 0 255 0 0 0 241 97 187 131 0 0 255 255 255 255 0 0 0 30 255 33
    255 67 0 0 255 255 0 0 208 255 137 0 0 0 43 109 255 255 255 255 255
    0 255 0 0 106 163 129 0 255 255 0 0 0 255 0 255 255 0 0 0 255 255
    255 255 255 255 255 0 0 0 0 255 0 255 55 100 255 0 0 0 255 255 255
    255 106 0 255 80 0 0 0 255 34 0 10 0 177 0 255 255 255 255 255 0 255
    69 255 126 255 0 0 218 97 255 0 255 0 0 255 0 0 255 255 255 0 0 255
    255 49 255 0 0 41 185 0 0 255 255 34 0 0 0 255 0 255 0 125 175 0 255
    255 255 255 92 255 0 0 255 255 255 0 0 0 0 0 0 255 0 0 228 255 255 0
    0 0 255 163 0 255 0 255 0 0 131 121 0 255 0 255 10 255 255 95 0 0
    255 0 255 0 255 0 0 0 255 255 255 0 255 0 189 0 255 255 162 0 0 255
    217 0 255 0 0 0 95 21 255 255 255 105 176 255 0 0 0 255 255 0 0 0 0
    195 255 255 255 255 0 0 0 172 37 0 0 0 0 255 0 214 0 184 255 249 160
    208 255 0 255 0 255 255 255 255 255 138 0 128 255 0 255 255 0 126 0
    0 0 255 255 0 255 154 253 0 255 255 132 0 255 255 22 255 0 255 255
    255 0 0 0 255 255 190 0 184 241 255 7 255 81 0 0 0 255 72 255 0 255
    155 0 255 255 255 0 0 255 211 255 0 5 0 255 255 255 0 139 174 74 0
    255 0 253 255 255 0 255 0 255 255 255 255 122 255 255 0 255 0 237 0
    0 33 153 255 0 255 0 255 0 255 0 255 0 21 255 243 0 255 255 0 255
    255 255 0 17 188 255 27 0 73 0 44 0 255 134 255 0 0 0 255 255 255
    242 53 255 0 0 255 255 255 30 255 255 0 0 0 0 0 100 255 118 3 0 51 0
    255 97 0 255 255 255 0 0 96 255 183 255 0 248 0 0 255 0 255 0 0 0
    255 255 171 0 0 255 255 171 255 0 255 63 215 87 0 206 72 255 255 255
    0 255 0 0 0 255 255 0 255 255 255 255 255 0 0 0 67 255 142 0 255 0
    198 0 0 0 255 189 255 255 210 0 189 98 0 239 255 255 0 0 155 255 255
    0 0 131 255 140 156 0 255 255 255 255 255 255 0 255 255 0 255 0 255
    0 255 0 93 0 0 0 255 0 245 0 225 0 255 255 255 0 255 0 66 157 255
    255 0 255 254 0 0 55 0 0 161 151 255 0 255 0 255 0 149 0 0 255 255 0
    0 0 0 255 255 188 255 245 255 0 255 255 255 214 0 255 0 255 255 255
    0 0 15 255 0 0 168 0 255 255 217 0 255 255 0 60 255 0 0 255 255 255
    0 0 255 255 0 0 255 255 130 255 0 255 0 118 255 40 255 221 255 255
    255 0 255 255 27 0 0 0 255 0 255 255 255 0 161 0 0 255 0 255 56 255
    255 255 255 255 242 255 255 0 0 255 255 255 0 0 0 83 255 0 0 199 234
    255 0 255 0 0 255 25 255 0 0 0 0 255 0 0 0 225 126 12 39 255 255 255
    0 255 0 0 255 0 0 75 6 255 0 0 141 0 0 255 0 176 0 255 0 0 0 255 255
    255 0 0 0 255 255 255 0 56 255 255 235 0 0 0 0 135 0 0 209 255 255
    255 0 0 255 255 184 0 255 255 255 0 0 96 255 255 115 0 0 0 255 11
    124 255 130 221 0 0 255 0 189 255 255 0 0 255 166 255 0 0 172 231
    251 255 173 0 255 255 255 0 255 255 0 255 0 0 79 255 100 255 255 255
    224 0 0 0 0 47 255 0 0 167 0 62 0 255 0 231 0 255 0 0 164 49 255 0
    255 255 169 0 0 0 255 0 255 255 255 47 0 255 0 0 255 255 255 0 255
    255 0 0 0 255 255 255 87 0 0 0 0 237 0 255 255 255 255 217 0 153 176
    224 255 0 0 255 174 255 140 0 229 1 255 0 104 0 255 255 227 0 0 255
    0 255 255 255 0 255 0 255 255 0 180 0 0 52 0 0 255 255 81 0 0 218 0
    98 0 255 0 255 255 253 0 135 243 0 227 0 48 255 28 0 0 255 182 255
    175 132 0 255 0 255 255 255 0 255 255 255 128 255 106 0 255 0 198
    255 255 189 0 133 0 0 204 162 255 0 255 0 0 255 76 0 0 0 255 255 255
    255 255 38 0 0 0 0 126 0 0 0 255 255 255 255 214 255 255 0 0 255 66
    255 0 0 255 106 255 0 208 183 255 0 0 0 255 255 255 0 0 255 255 255
    0 255 212 0 255 255 0 0 0 255 255 255 0 0 255 255 0 0 255 0 255 0
    123 0 255 39 255 0 0 51 255 255 255 0 255 127 255 0 255 252 0 255 0
    165 170 255 255 0 0 255 255 0 255 255 255 255 0 0 0 0 35 39 255 0
    255 255 0 0 0 255 255 255 255 206 255 255 26 255 255 255 0 0 76 0
    255 255 255 0 0 0 255 0 255 255 0 0 255 60 255 139 133 0 0 0 61 255
    255 0 0 0 255 0 255 0 255 0 0 255 118 255 0 0 0 219 255 255 0 0 0 0
    255 0 255 255 255 255 0 255 0 21 255 124 66 0 121 0 0 255 0 255 0
    255 0 0 70 255 236 255 255 255 255 0 33 81 96 255 0 0 0 255 255 255
    255 0 0 0 130 0 255 0 255 140 255 255 0 0 255 255 140 98 0 0 255 255
    255 255 0 0 255 0 0 0 156 0 255 0 211 0 255 255 255 0 255 0 54 0 0 0
    255 0 166 255 255 106 0 255 0 255 205 255 255 255 255 107 0 0 207
    255 255 192 0 225 255 54 255 0 0 0 0 0 229 255 255 0 0 0 255 255 255
    0 0 0 0 0 255 255 255 233 17 0 0 255 255 255 255 255 112 0 0 255 0 0
    0 255 255 255 0 0 242 255 255 255 255 0 0 0 255 255 0 153 0 255 255
    0 0 0 7 0 225 110 255 255 255 0 0 255 255 4 255 0 0 0 0 247 255 255
    0 0 76 255 0 0 255 29 255 52 255 255 0 255 255 255 0 140 255 13 255
    255 0 0 0 255 0 255 0 255 125 255 255 59 0 0 255 0 0 255 0 32 0 255
    118 255 255 255 0 0 0 0 0 255 0 0 0 255 0 255 255 132 0 0 0 255 168
    255 0 0 255 0 255 0 255 0 0 0 0 0 255 255 255 0 0 0 50 255 255 255 0
    131 229 255 0 0 0 255 255 255 0 55 0 255 0 255 255 255 0 255 0 255 0
    255 255 48 0 80 169 27 150 0 0 255 255 255 255 198 255 255 149 0 0 0
    0 0 255 255 255 0 0 0 0 255 255 68 15 0 0 0 0 255 255 255 0 255 255
    0 255 0 255 96 255 0 255 221 34 108 118 0 0 255 0 75 0 255 255 0 0 0
    255 209 0 255 232 0 0 0 49 0 0 255 232 255 0 0 0 255 60 0 255 0 255
    255 0 0 0 255 221 255 0 255 0 0 0 0 0 0 64 166 255 255 75 255 46 0
    42 255 255 255 255 0 0 255 255 255 194 0 255 0 0 0 0 0 255 255 255
    186 0 123 0 130 255 255 66 0 0 255 74 0 0 0 255 0 255 0 0 255 255
    255 139 0 0 0 255 255 0 0 255 0 34 0 0 255 0 0 255 255 255 0 0 0 0 0
    255 255 255 255 0 0 49 0 0 0 0 255 169 0 0 218 255 255 255 0 0 255
    82 184 0 255 255 255 56 36 255 211 26 0 255 0 255 0 255 0 255 249
    255 255 219 0 255 255 255 0 255 0 0 245 255 255 255 0 255 255 255
    190 78 111 29 0 0 78 204 62 0 176 163 0 0 255 255 158 0 255 196 255
    0 0 255 255 255 0 255 255 0 0 0 122 0 255 255 1 0 255 255 90 0 0 58
    0 255 184 29 0 0 255 245 0 255 88 255 0 0 0 255 255 255 255 255 0 0
    0 255 255 255 255 255 255 160 0 0 0 0 57 255 255 255 0 0 255 255 0
    157 0 255 255 0 0 0 255 0 255 0 255 0 255 0 255 255 255 222 60 0 0
    28 255 255 255 0 255 26 255 255 255 0 0 0 255 255 255 152 255 0 0
    178 255 90 255 0 40 255 255 0 255 131 108 0 0 255 139 0 255 0 255 0
    0 255 255 255 255 255 26 0 0 0 255 0 255 0 0 0 255 0 255 0 255 0 0 0
    101 255 0 0 196 255 0 255 255 0 162 0 255 0 255 0 143 255 255 0 0
    255 249 255 255 255 0 0 255 255 40 0 255 255 255 255 0 0 0 135 255 0
    255 255 255 0 0 0 0 255 0 255 0 255 0 0 255 0 255 0 185 0 0 255 204
    170 255 255 0 255 0 255 0 255 255 0 0 255 0 255 0 0 255 90 225 0 151
    173 198 255 255 1 97 0 255 0 0 255 255 255 142 0 124 255 255 0 0 0 0
    255 0 255 255 194 235 0 0 35 255 168 0 0 255 0 255 0 0 0 255 255 43
    29 106 0 255 77 0 255 0 255 0 213 171 51 255 255 0 5 0 255 0 0 0 0
    255 0 255 0 255 255 105 255 0 0 85 255 255 0 255 255 255 0 15 255 0
    255 0 0 163 0 255 69 255 0 0 160 0 40 0 255 255 255 0 255 0 0 0 113
    255 255 0 0 0 0 138 0 255 0 0 9 0 41 0 255 0 255 71 255 255 255 255
    0 0 255 255 255 0 255 0 52 255 0 255 255 255 0 255 0 255 255 0 255 0
    255 0 0 0 223 0 0 0 0 160 0 0 0 255 192 255 112 194 0 255 255 0 29 0
    0 0 255 255 0 105 0 255 0 255 255 0 158 104 0 0 204 255 0 0 0 127
    255 237 0 0 255 255 255 0 255 0 255 234 232 0 97 0 255 39 0 255 255
    255 0 255 0 0 0 0 255 255 255 255 255 0 226 0 0 161 63 255 0 255 0 0
    255 255 255 0 0 0 255 0 255 255 109 255 0 0 0 255 255 0 0 0 0 0 255
    255 255 155 255 255 0 255 0 255 0 255 0 0 0 255 0 255 212 255 0 148
    255 255 58 215 0 0 6 255 255 255 255 0 0 0 85 225 84 0 234 186 255
    255 0 24 200 255 0 0 255 255 255 0 255 0 255 0 0 0 145 0 255 0 0 255
    255 0 0 255 255 255 255 0 0 0 255 182 52 0 0 255 255 129 0 0 255 255
    255 255 255 0 0 255 0 255 255 255 233 255 0 255 255 255 64 0 255 0 0
    255 242 101 255 255 255 0 0 0 43 0 0 255 0 255 255 192 222 255 0 33
    0 255 0 234 0 0 255 255 255 255 0 255 0 255 106 154 0 255 227 131
    255 255 255 0 0 0 255 255 142 0 255 255 115 0 255 255 255 0 0 0 0 0
    13 255 255 0 208 85 0 0 0 0 255 255 105 34 0 0 255 255 255 255 255
    216 0 0 98 255 139 85 0 255 255 0 0 126 0 181 0 255 242 255 255 255
    0 0 173 255 255 255 0 0 213 179 0 0 0 255 97 0 255 0 0 0 0 255 255 0
    0 0 0 250 0 255 255 255 255 123 0 255 0 255 255 0 255 0 255 0 255 0
    209 0 0 201 119 88 0 0 255 255 255 183 255 0 0 201 255 0 88 194 255
    0 178 255 255 169 255 255 255 0 62 0 75 255 255 255 255 0 0 255 255
    0 193 57 121 57 0 0 216 0 255 255 255 0 255 255 255 255 0 0 0 0 0 0
    255 255 0 0 0 0 255 255 255 0 255 0 255 170 250 0 255 0 255 0 70 0
    255 255 255 0 0 0 255 73 255 0 255 0 113 255 255 0 0 0 255 255 0 255
    157 0 0 0 255 255 255 0 255 0 130 134 88 255 0 231 0 255 255 0 255
    255 255 28 0 255 204 159 0 255 0 255 255 0 0 255 96 255 148 116 255
    0 0 255 0 73 0 160 255 255 220 255 228 77 0 111 0 0 255 143 137 255
    0 44 255 0 0 0 255 0 0 0 255 0 0 0 255 0 176 127 0 255 0 111 255 0
    255 127 255 255 6 178 0 48 0 255 0 142 0 183 151 0 255 0 255 0 255
    53 255 236 255 0 255 255 214 0 27 0 255 255 255 0 0 255 149 0 255
    255 255 242 0 255 210 255 0 255 49 255 0 255 141 255 0 0 255 255 0 0
    0 255 0 255 0 255 0 255 0 255 255 109 217 0 255 255 0 255 0 0 0 255
    255 255 255 0 0 255 0 255 255 0 0 113 119 255 0 255 255 0 138 0 15
    255 255 255 255 0 227 255 255 0 12 242 255 0 0 0 133 255 255 210 87
    228 0 0 0 0 255 255 255 0 20 57 255 0 255 255 255 0 255 255 19 255 0
    255 255 0 255 0 176 255 136 0 164 255 0 0 0 0 255 81 166 0 105 255 0
    41 0 255 255 99 0 0 0 0 255 255 0 255 0 255 0 255 252 255 0 0 255 0
    105 152 255 255 246 0 0 255 255 255 0 226 255 255 157 27 113 217 255
    255 255 0 255 0 0 0 255 175 255 27 255 41 234 0 255 255 255 255 0 0
    255 255 81 0 0 0 0 255 255 0 255 0 255 0 188 255 255 0 0 133 255 255
    58 166 0 7 255 0 0 255 255 255 0 255 255 255 0 255 0 255 240 255 242
    0 0 0 0 0 255 255 255 50 255 116 0 0 0 0 0 255 169 255 255 255 0 246
    0 255 0 41 0 0 255 255 15 0 0 255 0 255 255 255 0 0 0 0 0 72 97 0
    146 255 83 137 0 255 232 255 255 193 255 0 255 0 0 0 196 149 255 255
    33 33 255 0 191 0 255 255 255 0 0 27 255 255 0 0 0 133 0 0 255 255 0
    0 0 255 0 0 0 255 255 53 0 255 0 255 0 255 0 0 0 45 255 255 0 230 0
    255 159 0 164 250 255 255 0 255 255 0 0 0 0 255 0 255 0 0 255 255 0
    0 199 255 199 255 0 85 255 255 0 0 0 255 255 255 0 122 255 186 149 0
    255 0 229 0 255 255 0 0 0 0 123 255 255 0 255 58 255 0 0 255 171 0
    255 0 255 0 43 0 255 0 0 0 39 0 255 0 255 255 0 0 27 129 39 255 255
    255 0 217 164 0 255 0 255 255 0 0 255 255 0 65 0 255 255 0 0 0 0 13
    255 255 255 194 0 0 0 184 255 255 0 206 246 255 255 117 0 255 0 115
    43 255 236 0 5 255 44 0 255 0 255 0 225 0 0 255 0 255 103 4 80 125
    255 112 213 157 194 255 234 255 255 205 0 0 255 0 255 255 255 238 0
    255 255 0 0 0 0 255 189 255 149 0 255 0 255 0 255 0 112 255 255 255
    0 255 0 0 255 255 67 0 127 255 255 0 0 40 255 0 255 255 255 0 0 255
    255 174 232 0 0 0 255 255 255 0 0 0 0 255 255 0 0 0 0 255 0 0 0 255
    176 255 0 0 0 0 255 255 255 255 0 0 0 255 102 255 0 4 197 255 255
    255 179 255 0 255 255 72 0 0 255 255 0 174 0 255 0 255 13 255 0 255
    8 255 255 0 0 255 255 255 107 0 231 0 255 255 255 255 0 255 0 255 0
    255 0 206 255 255 26 0 255 109 0 255 105 0 0 0 255 255 255 0 255 0
    255 0 255 0 0 0 176 222 0 19 111 255 255 0 190 0 0 85 0 255 255 255
    129 0 103 0 255 243 255 255 184 0 255 255 255 33 0 0 255 255 0 255
    219 255 255 105 0 170 255 0 204 0 255 255 0 0 0 0 255 255 65 0 0 0
    127 0 255 56 255 86 255 0 0 0 0 255 255 255 255 124 0 255 0 118 255
    255 0 0 255 193 128 0 255 0 0 255 0 0 68 0 138 0 0 255 255 255 0 0
    255 0 255 79 255 255 0 0 255 255 0 5 0 255 255 145 255 0 255 0 255
    255 0 255 0 255 183 0 255 255 255 0 0 255 99 0 0 0 255 0 255 255 255
    0 0 53 0 223 255 255 255 174 185 255 255 0 0 0 222 0 255 255 47 205
    0 89 0 238 255 255 0 157 255 0 255 0 255 0 0 0 255 255 0 0 24 255
    233 0 0 55 255 137 255 0 255 12 0 41 47 255 255 255 0 255 0 120 0
    255 85 255 0 165 0 255 255 255 255 0 0 150 99 255 0 0 255 255 122
    255 86 255 0 0 205 255 255 255 85 142 0 255 0 235 255 0 0 255 255
    255 0 0 93 255 128 0 0 0 255 0 255 119 155 255 255 255 0 255 0 255
    255 255 0 0 65 0 0 0 255 179 255 255 53 0 0 124 255 255 0 255 0 255
    0 21 255 60 14 0 0 0 255 255 255 0 255 0 222 255 0 255 255 0 0 0 255
    255 255 0 0 0 255 140 0 0 111 255 255 255 11 255 255 0 255 205 255
    255 0 0 0 188 233 255 255 255 0 0 2 0 0 0 255 255 255 255 0 0 255
    144 255 0 255 0 0 0 255 255 255 255 255 0 0 255 0 0 0 171 0 0 255 0
    164 255 255 92 146 0 0 0 255 0 0 0 255 255 0 0 0 169 0 97 144 255 0
    0 33 255 60 200 3 0 255 0 255 230 255 255 0 0 0 255 243 255 0 235 88
    255 90 2 255 0 41 23 255 255 202 255 255 0 0 222 0 255 0 255 0 255
    255 0 0 10 134 255 255 255 255 0 0 0 0 149 255 255 0 0 255 0 255 0 0
    255 20 186 0 0 255 0 0 0 0 0 255 255 0 0 255 255 167 0 184 255 255 0
    255 0 0 0 0 0 6 113 255 214 255 0 0 80 255 255 255 255 255 72 0 0 27
    0 0 255 207 0 0 255 0 0 255 255 255 0 0 0 255 255 255 0 191 0 255 0
    234 255 255 0 0 216 255 255 107 255 0 0 255 255 0 0 255 255 255 0
    126 255 255 0 255 0 0 211 0 0 0 103 0 83 84 255 255 0 0 255 49 255 0
    141 0 137 255 207 255 5 255 0 0 255 182 255 0 0 255 0 255 0 0 0 223
    0 0 160 0 0 255 255 0 0 80 255 255 255 255 0 0 0 255 255 251 0 210
    255 104 255 161 0 0 253 255 255 255 255 0 255 0 255 255 255 0 0 255
    0 92 0 50 239 255 255 255 0 0 255 143 255 255 26 0 29 255 255 84 255
    129 123 255 255 0 173 255 255 245 210 255 84 0 66 255 255 0 0 255
    255 0 65 0 255 255 255 156 9 0 124 255 0 0 255 0 0 255 255 255 0 227
    255 22 0 255 255 255 29 255 0 255 247 145 0 0 255 215 255 255 0 0 33
    0 255 0 255 0 255 222 0 0 0 255 0 255 0 255 140 255 0 0 0 255 255 18
    0 198 255 238 255 0 0 203 0 90 255 255 0 0 0 255 0 255 99 255 161
    168 0 190 255 125 255 255 255 255 255 0 0 0 255 0 214 0 255 255 51 0
    0 0 255 255 0 0 255 255 255 0 0 0 255 0 0 0 255 0 63 0 255 0 0 90 57
    255 22 255 0 255 255 0 0 252 255 170 0 255 181 255 101 220 255 224
    103 0 0 115 255 255 0 255 0 0 0 0 85 0 255 248 160 0 255 255 255 0 0
    0 255 255 126 255 0 0 0 228 0 0 255 255 255 0 0 0 207 0 0 176 255
    255 52 0 255 0 255 0 0 0 254 255 252 0 214 255 255 0 0 0 17 255 0
    255 0 0 255 255 0 0 0 35 0 255 255 0 0 255 255 255 0 171 56 0 255
    255 255 0 192 0 0 255 255 255 0 0 80 0 0 232 255 0 255 190 255 0 255
    255 255 0 0 255 248 0 0 255 255 97 0 0 69 255 255 0 0 229 0 255 255
    255 47 255 0 255 255 255 0 255 0 140 0 0 0 255 0 210 0 255 0 255 0
    255 0 0 203 0 0 9 199 139 255 3 0 0 173 29 88 188 255 108 0 0 0 86
    255 158 0 0 0 255 0 255 176 255 0 0 172 255 255 0 0 0 0 255 255 255
    0 0 0 204 255 226 0 255 0 206 0 0 255 255 255 0 0 255 245 228 0 255
    0 0 0 255 0 0 0 255 255 0 255 0 255 255 255 0 0 255 100 255 0 0 255
    74 255 85 255 17 34 0 0 255 255 255 0 255 158 62 0 0 255 255 0 0 0 0
    255 255 0 0 255 255 255 0 235 0 0 0 133 255 0 0 255 0 0 0 255 255
    255 0 0 0 255 0 0 0 255 255 37 255 9 255 0 255 35 255 0 108 0 255
    244 255 135 0 255 255 139 0 255 255 0 255 0 0 188 255 255 0 178 0 0
    255 255 255 0 0 255 0 255 255 255 0 0 0 255 255 0 0 165 46 255 0 0
    255 0 255 0 0 255 255 255 0 0 0 0 255 255 255 0 255 255 224 0 0 0
    255 255 255 83 255 0 255 0 0 0 254 255 186 0 0 255 255 60 255 0 255
    255 255 0 0 0 241 255 74 0 0 80 255 255 255 166 255 255 0 0 0 255 0
    237 112 255 255 0 255 0 255 0 255 0 255 0 0 22 29 255 255 255 0 255
    49 0 0 251 255 255 255 0 255 255 18 255 0 255 0 0 0 255 255 27 0 22
    0 0 35 255 0 255 255 0 255 255 0 0 255 255 255 0 0 199 184 47 0 255
    255 0 200 255 255 0 85 191 255 255 255 0 0 255 0 32 0 255 255 255 0
    255 251 0 43 255 255 255 255 0 0 0 255 255 112 0 0 255 255 255 255 0
    0 0 255 0 255 255 68 141 0 49 255 255 0 0 255 0 255 0 255 255 255 0
    29 0 0 0 255 255 0 0 0 255 0 255 34 255 0 0 0 211 255 255 0 0 165
    255 255 255 0 131 255 255 255 255 194 0 120 255 0 61 255 255 0 0 255
    0 0 129 255 0 0 255 255 255 255 0 0 210 255 211 0 210 255 0 255 0 0
    0 1 255 255 0 0 255 255 255 78 0 28 255 255 0 255 255 0 255 0 255 0
    92 0 40 255 209 0 0 0 0 250 0 0 0 255 255 216 0 0 0 255 233 116 0
    255 212 0 0 255 42 0 18 255 255 0 0 0 114 0 104 0 255 75 0 0 0 255
    255 255 0 255 0 0 255 83 255 255 255 0 255 0 255 0 255 0 124 238 255
    91 0 0 255 143 0 0 0 255 255 10 0 0 255 255 63 0 154 255 0 255 117
    255 0 221 255 255 0 0 255 226 0 55 0 255 0 255 255 0 146 0 255 149
    255 0 0 52 22 0 255 0 7 0 255 250 255 255 255 255 0 0 0 0 0 158 255
    255 0 0 250 0 255 0 255 255 255 0 0 0 255 255 255 0 0 0 15 255 243
    255 0 215 0 0 0 255 255 255 0 44 0 29 177 255 255 226 255 71 255 0 0
    0 255 255 165 0 0 0 255 0 156 0 255 0 255 255 0 2 0 0 22 0 123 7 0
    76 255 0 255 0 255 0 255 0 0 0 255 102 255 0 255 0 118 0 255 182 255
    0 229 255 255 255 0 0 255 255 255 63 0 0 0 255 255 255 123 255 0 239
    255 255 0 0 0 255 255 255 0 0 255 255 255 255 0 255 0 162 0 0 255 0
    204 255 255 255 0 255 0 255 255 0 0 255 255 0 255 0 255 0 0 0 169
    255 255 0 255 255 255 0 0 253 0 255 255 0 255 255 255 255 0 0 255
    255 255 255 0 255 0 255 255 0 0 255 255 255 255 255 0 0 0 255 255
    255 0 255 110 0 255 0 176 0 255 255 0 0 253 197 0 0 0 255 0 255 0
    178 119 255 255 0 255 255 255 150 255 255 255 218 0 255 0 255 0 46 0
    252 0 255 0 41 255 110 0 0 255 255 102 0 255 74 255 0 0 0 255 39 255
    0 217 18 230 0 255 0 0 255 255 255 255 255 255 0 255 187 0 0 255 255
    255 255 0 255 0 199 0 255 198 0 1 0 255 255 0 0 255 255 0 255 0 0
    255 0 255 39 0 0 255 255 82 0 0 0 122 0 206 205 255 255 0 0 255 255
    255 69 255 0 0 255 0 0 0 0 254 0 255 0 0 255 0 203 0 255 102 182 241
    0 255 255 0 0 0 255 255 0 157 0 255 0 255 0 106 110 252 53 255 255 0
    0 163 0 0 255 255 255 0 0 0 0 0 0 0 0 255 255 0 255 255 98 255 167
    213 0 255 232 0 0 255 0 255 255 255 255 255 0 0 39 255 255 0 0 54
    161 25 255 255 0 0 255 206 108 255 255 255 0 0 0 255 0 255 0 255 255
    0 0 227 0 0 0 199 0 255 49 255 159 80 0 255 0 0 0 192 255 255 255 30
    0 0 255 176 20 208 255 255 255 0 255 0 0 255 255 255 68 76 0 255 0
    255 255 255 0 0 0 0 255 0 255 255 255 255 0 0 0 0 0 255 207 151 0
    255 255 24 0 0 0 0 255 0 255 20 128 255 56 255 255 69 255 255 34 0 0
    57 0 0 255 255 255 0 255 123 255 0 255 255 145 255 0 255 255 43 0 0
    255 255 255 255 255 255 255 255 56 0 0 255 255 255 104 29 255 96 0 5
    255 0 255 30 255 0 235 0 255 0 255 255 255 65 0 0 0 238 147 0 178 99
    0 255 132 199 255 226 116 78 255 255 255 71 255 0 0 0 255 0 255 0 0
    153 255 0 13 13 0 176 255 255 0 211 93 128 255 31 255 0 255 0 255
    255 0 255 0 0 0 61 92 255 255 255 255 28 0 197 0 255 0 255 48 255 0
    255 0 255 0 0 222 223 0 0 0 255 255 255 23 152 29 255 0 202 0 255
    238 255 255 0 225 0 28 255 255 215 255 255 255 0 0 0 255 184 255 0 0
    255 0 110 0 255 255 166 0 0 93 0 0 255 211 255 189 0 183 255 0 255
    255 255 0 0 236 0 255 0 255 249 255 0 0 255 0 23 0 0 0 255 255 0 249
    90 255 255 0 255 0 255 195 255 255 255 255 0 0 82 149 154 15 255 255
    0 0 0 227 255 100 255 0 255 255 255 0 93 0 161 0 255 255 0 0 255 255
    255 0 0 255 255 52 74 0 255 255 0 142 255 77 0 25 255 255 0 255 255
    0 0 153 207 0 0 255 0 213 255 26 0 0 255 255 0 255 0 0 0 255 0 255
    255 255 132 0 95 227 255 0 255 80 0 255 255 255 255 13 255 73 0 255
    0 255 0 0 0 255 255 239 0 255 0 0 0 255 255 255 0 27 0 126 220 0 255
    0 90 179 0 0 255 255 255 120 69 0 0 0 51 255 0 0 0 255 255 255 0 63
    0 60 255 0 255 255 255 0 0 0 255 255 255 255 229 14 29 0 92 186 0
    130 255 0 255 255 31 0 0 255 255 255 0 192 255 255 196 0 0 255 255 0
    0 122 255 0 255 255 255 209 0 0 144 0 255 0 255 0 0 0 255 255 255 0
    0 188 255 255 0 0 0 255 255 211 0 0 179 254 255 0 240 255 0 255 255
    0 0 0 255 255 255 0 255 0 255 0 181 0 255 255 0 255 255 0 0 0 0 164
    0 224 255 255 255 0 0 32 255 255 255 114 255 255 255 255 251 0 0 213
    255 28 255 122 0 255 244 255 255 255 0 0 0 255 0 255 0 243 0 126 255
    0 0 255 110 0 0 255 0 255 0 0 255 255 0 0 255 225 0 0 255 255 255 0
    0 255 255 255 0 196 17 255 220 0 255 0 22 255 50 255 0 255 255 85 0
    141 255 142 0 184 255 255 0 251 0 255 0 255 0 255 255 25 0 255 255
    255 167 0 255 255 0 255 255 0 255 0 255 131 0 255 255 255 0 255 255
    233 245 107 37 0 184 183 255 156 0 255 255 0 255 243 0 255 0 255 0
    255 81 255 18 0 255 255 255 255 255 43 0 255 128 164 255 255 0 255 0
    0 0 0 255 255 0 28 0 255 0 220 0 0 246 255 255 175 255 0 255 178 255
    115 255 0 0 119 254 255 0 255 0 0 0 0 255 255 87 255 255 255 151 0
    138 0 255 255 255 0 239 255 76 107 0 238 255 110 0 255 255 167 254 0
    0 0 0 255 255 245 0 255 0 0 15 255 255 0 24 3 0 255 255 109 255 255
    0 255 255 0 0 255 255 255 255 0 255 0 0 255 12 255 255 255 0 0 255
    162 97 255 148 203 0 255 0 255 0 255 0 255 255 255 0 0 0 255 0 255 0
    255 0 255 0 123 255 255 255 255 255 0 255 255 255 0 255 0 124 0 255
    0 0 255 138 57 113 90 0 255 193 0 0 255 255 255 0 0 0 108 0 255 0
    255 255 255 0 0 0 0 0 216 135 255 0 0 0 255 255 180 255 0 255 0 255
    0 255 0 172 255 0 0 225 0 255 0 255 0 255 0 255 255 255 0 0 60 19
    255 255 255 255 0 255 0 255 0 125 255 255 0 94 230 0 0 69 255 255
    255 0 0 255 0 255 0 255 0 0 255 115 255 0 0 0 201 255 175 72 255 0 0
    255 255 0 0 255 255 255 255 0 255 0 0 0 255 255 255 0 255 0 0 209
    255 255 0 255 114 0 255 0 255 4 255 0 255 255 255 255 0 255 0 0 255
    0 104 63 255 156 220 255 255 0 0 178 255 0 0 0 255 255 247 0 0 191 0
    255 255 255 44 0 51 0 255 212 0 0 0 199 255 160 255 255 255 12 0 255
    95 0 0 0 0 255 255 255 0 0 0 130 174 233 0 255 255 0 255 0 251 0 214
    255 255 255 255 255 95 0 255 29 92 0 255 0 0 0 227 205 158 233 167 0
    255 0 255 0 0 0 101 106 255 255 255 255 113 255 255 0 255 0 255 0
    255 57 255 93 0 255 230 255 0 0 115 255 255 255 103 0 0 0 0 248 0 0
    17 75 255 244 255 0 185 0 255 0 255 252 255 255 0 0 255 255 206 0 0
    255 255 0 255 235 255 0 0 255 255 255 0 255 59 0 0 255 255 255 0 55
    255 255 255 213 0 222 255 0 0 255 255 255 201 0 255 255 255 255 255
    0 255 0 255 255 93 0 0 142 255 0 230 255 255 255 255 0 254 0 138 231
    0 0 0 198 200 0 255 0 0 0 255 200 255 0 32 0 255 0 0 0 34 0 255 255
    255 255 0 0 0 26 255 255 39 0 255 0 255 255 255 168 0 0 0 255 0 255
    0 0 255 255 255 255 0 0 255 255 255 138 5 0 255 3 185 0 0 255 255 46
    108 0 255 255 61 19 0 255 255 255 0 0 0 255 255 0 117 0 255 0 255
    255 95 255 0 255 16 0 255 0 255 139 0 0 255 0 94 0 255 0 0 167 255
    255 255 40 255 207 0 255 0 255 0 0 0 204 255 118 255 0 0 0 0 0 0 122
    40 255 0 0 255 183 255 0 0 255 255 255 0 255 0 0 87 255 156 186 0 22
    11 255 0 0 0 255 3 160 179 255 236 194 7 0 0 144 255 255 255 0 255
    255 255 0 0 0 255 255 255 0 0 255 0 255 0 255 132 0 72 0 0 0 255 63
    255 0 0 0 0 255 255 0 0 0 0 241 0 0 255 0 0 0 255 255 255 255 0 0
    255 255 0 255 255 255 255 255 213 0 76 0 10 125 0 103 255 0 0 0 114
    4 255 89 0 255 255 255 255 0 0 255 0 170 255 255 255 0 254 255 255
    23 255 63 97 255 36 255 255 255 0 0 170 255 0 0 106 255 0 255 255
    255 0 255 0 0 255 255 255 0 0 188 255 0 0 208 255 2 255 0 255 0 255
    0 255 98 255 12 255 0 255 0 0 5 0 0 0 255 0 255 0 0 255 255 0 255
    255 118 69 0 0 0 0 0 164 0 255 0 255 112 255 77 255 231 0 0 24 255
    255 0 142 255 0 155 0 255 255 0 0 0 0 0 255 0 255 21 0 0 0 219 255
    163 255 211 0 0 62 90 255 255 253 16 255 157 255 0 0 0 0 0 0 255 108
    181 0 0 255 255 255 0 212 0 255 122 255 0 98 0 255 255 255 62 0 0 0
    255 0 163 0 255 0 0 255 0 0 0 6 0 255 255 0 255 34 142 0 255 123 96
    0 180 255 0 0 0 255 0 255 255 255 0 0 255 255 255 0 255 255 37 123 0
    150 0 255 255 0 255 255 255 0 0 219 200 255 255 255 0 0 0 0 183 255
    255 255 0 0 155 255 174 67 0 162 0 255 101 255 0 255 255 0 0 0 255
    255 0 0 0 255 0 126 0 255 0 255 0 255 0 255 0 0 0 255 122 152 255 0
    119 0 0 255 0 255 0 229 255 255 0 255 149 255 192 0 0 57 255 255 0 0
    0 255 0 255 255 255 255 255 0 193 0 0 0 255 0 244 255 207 255 255 0
    23 255 0 255 0 0 0 0 0 255 255 0 255 255 255 0 255 255 0 255 193 255
    0 0 0 68 255 255 255 0 73 104 255 0 255 0 255 255 251 170 0 255 255
    255 0 255 168 255 0 255 255 255 0 18 0 59 255 0 0 0 255 255 198 255
    0 204 0 0 0 0 184 255 0 0 0 51 255 255 255 76 24 199 0 155 0 0 0 255
    0 255 0 163 255 0 93 0 0 0 0 255 0 255 255 0 0 0 255 226 153 0 0 255
    255 255 0 0 0 0 0 0 0 255 0 255 0 255 0 0 255 67 255 0 255 192 255 0
    0 156 0 255 255 255 0 0 0 255 255 0 0 0 0 255 255 255 161 177 0 0
    255 255 255 0 255 255 255 0 255 0 0 188 0 255 67 255 0 89 231 0 255
    197 255 255 255 196 0 255 255 0 0 254 255 255 0 0 255 255 0 255 48
    255 0 255 0 255 0 211 0 255 0 255 255 0 21 255 255 255 255 255 255 0
    200 0 0 175 0 11 0 255 36 255 0 255 0 146 36 255 56 255 0 255 0 200
    255 255 255 0 117 0 0 0 255 0 0 229 110 53 0 68 255 255 0 0 163 255
    0 246 182 162 221 0 255 0 237 42 255 255 255 0 0 0 0 255 0 243 0 0 0
    215 255 248 255 76 76 0 0 0 255 0 255 0 6 0 46 61 255 0 255 0 0 0 0
    255 31 0 0 188 255 0 0 0 255 255 193 0 255 71 165 0 255 255 255 0
    255 0 255 255 0 0 0 255 255 255 255 163 0 255 0 255 255 255 0 255
    255 32 121 0 0 161 255 29 205 0 255 0 143 255 255 0 0 0 255 255 245
    255 255 0 0 173 255 255 0 0 0 0 255 0 0 35 255 0 75 0 255 255 154
    255 0 0 255 0 255 157 0 0 255 0 117 255 255 255 255 248 245 0 18 0
    255 239 95 255 255 0 0 0 0 0 255 13 255 255 255 0 7 0 255 215 253 0
    255 255 169 0 12 0 255 0 255 0 255 255 255 255 0 48 0 0 255 255 0 85
    0 255 7 143 228 0 255 0 0 0 233 0 255 255 255 0 204 255 255 0 0 255
    255 254 255 255 41 255 0 255 0 0 69 255 255 138 19 255 0 223 0 241 0
    216 255 255 84 255 0 255 168 0 0 255 255 113 0 70 255 255 0 0 0 0 0
    0 255 84 176 0 255 255 0 20 64 255 255 255 0 0 255 84 255 149 217 81
    0 255 60 255 255 255 255 0 255 247 0 255 0 255 221 0 0 255 255 223
    232 17 0 255 255 0 0 66 255 43 0 0 255 139 0 0 57 0 255 255 255 255
    0 0 255 255 75 255 148 255 183 0 0 255 255 255 255 0 82 0 255 0 255
    0 0 255 255 255 255 0 0 0 255 60 255 216 255 255 9 255 255 255 0 0
    252 255 0 255 255 0 0 255 255 255 0 0 255 2 0 199 255 0 0 255 0 255
    0 255 255 255 118 255 0 102 0 255 0 0 0 255 63 26 255 255 0 0 0 0 27
    255 176 56 255 0 35 0 255 0 255 255 92 0 95 255 0 255 243 57 0 93
    255 255 255 255 93 0 0 158 255 0 255 0 0 0 19 0 140 255 101 134 0
    255 255 243 0 0 0 255 0 0 0 255 255 158 255 41 0 0 0 0 255 31 255
    255 255 255 0 255 56 255 255 0 0 0 255 0 81 0 255 255 255 255 82 255
    0 255 255 0 90 255 0 0 0 255 255 255 255 255 255 0 255 255 255 255
    67 0 0 84 0 0 255 255 255 0 0 68 255 255 255 0 0 0 0 255 255 255 0
    255 0 0 255 255 255 0 0 0 255 187 193 255 56 150 0 255 255 0 5 255
    255 255 138 255 0 255 0 255 0 255 255 255 0 0 35 46 255 194 0 255 0
    0 1 143 0 70 31 255 255 255 255 255 255 0 0 0 255 255 0 0 255 255
    100 0 0 255 255 255 0 0 207 0 255 185 255 0 0 79 9 255 0 205 0 0 255
    255 255 255 255 84 255 0 0 0 215 255 0 255 187 255 255 255 165 0 0 0
    255 42 0 0 121 31 0 255 255 207 0 0 0 15 0 255 255 255 0 255 0 0 233
    255 0 0 255 34 255 0 0 255 255 255 255 0 244 255 255 255 0 147 0 0 0
    255 255 0 255 0 255 0 0 0 255 255 0 0 0 255 255 255 0 255 0 255 0 0
    0 255 0 0 206 0 255 255 0 0 255 255 0 116 255 0 0 7 255 255 229 0
    255 0 0 255 255 0 0 0 255 0 120 255 196 255 255 255 255 255 0 255
    255 255 0 255 255 0 0 0 218 42 255 0 255 255 255 0 0 0 0 0 0 0 0 0 0
    255 250 12 255 255 0 255 255 255 195 0 43 255 193 0 255 255 255 255
    1 255 255 0 255 0 255 255 255 255 0 255 255 0 255 0 255 255 0 0 0
    255 255 255 0 0 255 224 0 255 0 0 0 255 255 255 125 255 138 0 255
    255 235 0 0 0 148 167 0 255 130 0 0 255 0 255 22 255 170 0 255 255 0
    255 0 255 0 255 220 0 255 0 0 158 0 255 0 0 0 255 173 255 5 178 0
    255 255 0 255 255 255 0 0 0 0 255 0 0 0 0 255 255 0 255 255 0 255
    255 255 21 0 0 64 197 0 255 0 255 0 116 0 0 0 255 0 255 241 255 0 0
    211 255 255 0 0 188 255 14 255 255 60 0 0 0 255 255 255 0 0 0 0 255
    255 255 0 255 255 0 43 0 72 255 255 255 133 0 0 115 136 96 255 119
    101 255 146 255 0 255 0 255 136 255 159 0 255 255 238 0 0 0 0 0 255
    255 119 255 0 131 0 255 0 0 255 255 255 0 0 255 0 0 148 0 255 0 145
    0 255 0 0 255 255 255 0 60 0 255 255 0 109 228 255 214 0 255 255 0
    255 0 255 0 0 0 255 255 0 0 255 255 255 0 255 0 255 0 196 0 255 0 0
    185 255 0 255 0 255 255 255 255 236 0 0 255 255 0 0 255 255 0 0 255
    148 153 130 0 4 255 255 255 106 0 255 187 255 255 0 171 0 0 19 255 0
    0 255 255 240 82 0 163 255 195 0 0 164 130 255 255 255 0 255 0 255 0
    255 0 224 0 255 0 255 145 0 255 0 255 172 255 255 0 255 0 255 246
    255 0 255 166 0 0 255 132 255 0 100 0 255 255 255 0 0 0 255 255 255
    255 255 0 0 255 145 0 255 0 180 0 0 255 255 255 255 0 0 0 204 255
    255 255 0 0 0 255 58 0 0 255 255 0 255 0 255 255 0 0 0 0 85 255 255
    0 255 255 0 0 0 0 255 255 81 0 0 255 255 255 0 255 255 255 124 0 255
    255 255 0 193 0 126 216 255 0 0 0 0 0 48 0 255 0 91 0 255 0 253 0
    255 255 255 255 0 255 0 0 255 255 255 0 0 255 0 0 0 0 0 255 62 0 0 0
    255 255 255 0 156 0 255 247 17 0 255 0 159 0 255 255 255 255 145 174
    193 0 0 0 75 0 255 0 217 0 255 82 255 0 255 0 0 0 0 0 255 226 255 0
    255 0 255 0 255 255 0 0 0 158 255 0 0 0 73 255 255 0 255 255 255 0
    255 0 255 206 0 0 2 255 255 255 0 0 0 255 255 0 255 255 255 255 0 54
    0 0 255 255 0 32 255 255 255 0 0 145 255 0 255 255 255 0 255 255 128
    255 0 255 236 255 255 255 0 255 0 0 0 0 86 157 255 255 0 0 27 0 255
    0 255 255 255 0 0 0 255 106 255 0 255 0 255 0 255 0 255 255 255 255
    109 0 0 0 255 255 126 0 0 244 255 255 255 255 147 255 72 0 0 0 0 255
    0 255 0 28 0 0 36 255 255 0 0 255 0 255 0 255 0 255 241 255 255 0 0
    0 255 238 103 0 0 255 0 255 255 255 157 0 139 255 142 255 255 147
    255 0 255 0 5 255 0 0 0 0 255 255 255 0 0 202 0 255 255 115 234 69
    255 165 0 0 0 97 255 217 255 54 11 0 255 255 255 164 58 0 255 255
    255 255 0 0 1 255 255 68 0 0 255 255 255 0 255 0 0 0 102 255 255 0 0
    0 255 155 255 55 4 0 0 255 255 0 0 176 0 255 0 0 0 0 25 0 255 0 0 0
    255 0 40 0 255 255 0 0 0 0 154 0 2 123 255 0 0 0 0 248 255 0 0 141 0
    255 255 0 0 255 255 255 209 0 255 20 82 255 149 255 0 0 255 255 0
    255 0 0 0 0 255 90 255 0 0 255 255 255 0 0 2 0 198 255 0 255 0 255 0
    255 255 255 0 255 0 0 0 39 214 231 255 0 255 255 39 255 236 0 255 0
    57 0 0 0 255 255 255 255 255 0 0 0 0 255 0 0 0 255 108 240 255 255
    12 0 0 255 255 0 53 94 255 255 0 227 0 255 0 255 255 255 0 0 255 80
    255 218 255 0 0 0 0 239 255 255 114 19 255 0 9 155 0 0 32 168 255
    255 0 0 0 255 212 63 0 0 0 0 241 255 0 0 255 0 255 0 255 153 255 0 0
    255 0 0 0 0 0 255 3 255 0 0 0 255 170 0 0 152 0 0 255 255 0 219 0
    196 0 0 120 66 255 0 38 255 0 61 0 255 0 105 255 0 0 0 234 255 255 0
    0 0 152 0 0 135 0 0 109 220 255 252 100 0 254 0 200 22 255 0 255 0
    255 0 255 0 255 0 255 255 5 0 0 255 255 75 195 255 255 0 131 154 0
    255 95 255 107 255 0 0 0 0 255 255 56 255 255 255 0 0 255 255 255 0
    255 0 255 209 255 255 255 255 255 0 255 0 213 0 255 255 217 158 25
    255 255 60 181 0 247 0 255 150 255 0 255 0 199 0 255 0 255 255 32
    255 0 0 0 255 255 255 112 235 0 255 0 0 255 218 125 0 0 0 255 0 255
    0 255 255 255 0 0 95 43 0 255 0 0 255 175 0 0 67 170 0 2 0 255 255
    255 255 0 255 0 0 49 255 0 255 0 113 255 255 94 255 0 0 0 0 0 255
    255 255 255 6 255 0 0 186 0 0 0 255 0 255 130 0 0 255 0 255 255 0 0
    255 0 255 0 255 0 0 143 255 0 255 0 0 0 0 0 103 0 255 255 0 221 0 75
    218 0 255 255 255 0 0 255 0 255 255 255 255 122 0 57 255 0 96 0 0 0
    255 0 255 255 255 0 0 0 255 140 255 0 0 0 255 0 0 255 0 255 255 148
    0 70 255 0 0 0 255 255 255 0 255 0 255 255 0 0 0 0 255 0 255 255 255
    0 0 0 255 255 255 140 81 0 255 0 255 0 255 0 0 0 255 0 255 255 255
    135 0 0 0 0 0 241 255 255 5 0 26 0 255 161 0 0 0 0 255 255 255 255 0
    0 0 202 0 255 255 0 0 255 255 0 0 255 255 0 255 0 255 255 0 255 0
    255 0 255 0 0 15 255 255 46 255 0 255 237 255 0 90 0 228 0 0 0 255 0
    0 255 125 0 255 255 0 0 103 187 0 0 255 255 255 255 255 0 0 0 0 255
    255 255 255 0 57 0 255 0 0 0 255 255 255 78 44 0 255 0 255 255 255
    255 0 0 0 255 56 255 255 16 157 0 0 245 255 179 0 255 255 255 86 0 0
    0 255 0 168 208 140 0 0 179 0 255 255 19 255 143 0 255 0 175 255 255
    220 105 0 203 165 255 0 0 0 116 0 0 255 255 0 0 255 255 249 255 0
    255 202 255 106 255 0 0 138 246 255 145 0 0 0 255 0 0 0 255 255 0 65
    0 219 0 255 86 255 0 255 0 255 0 255 255 0 255 0 123 217 57 255 0
    167 0 255 255 255 255 255 0 0 0 255 0 255 255 255 39 0 255 255 255
    199 228 255 255 0 0 255 0 45 255 255 0 255 255 0 0 115 255 0 255 0
    95 255 0 255 0 255 0 0 0 0 255 255 255 0 13 20 162 0 0 255 255 255
    255 255 0 0 255 255 255 255 255 0 210 119 93 0 255 255 255 205 255 0
    255 255 255 0 0 0 255 255 255 255 144 255 255 0 0 18 212 255 0 231 0
    255 0 255 0 255 255 255 0 80 0 0 0 255 255 255 181 32 0 255 255 255
    255 0 142 255 219 255 0 0 0 0 0 255 255 28 255 255 255 46 255 251 0
    0 255 255 0 255 0 255 255 255 102 0 200 0 0 238 255 69 255 0 0 255
    255 69 0 255 255 0 255 70 255 0 255 0 0 0 255 129 79 59 255 95 0 192
    0 255 0 255 255 244 255 0 255 255 255 255 0 255 23 182 0 255 255 255
    0 0 64 255 255 255 198 0 0 0 255 255 255 162 0 0 255 0 255 255 255 0
    255 255 255 255 0 255 255 255 0 0 0 255 11 255 183 255 255 0 14 0
    255 168 255 255 0 255 0 46 0 255 0 255 255 255 0 0 0 255 0 255 0 0
    255 115 25 0 0 77 183 0 255 188 255 0 255 0 0 0 255 0 255 0 255 255
    0 0 0 117 255 0 195 255 0 84 0 255 255 255 0 0 0 92 255 255 0 0 0
    255 0 0 0 42 205 255 255 243 0 0 0 255 255 255 0 0 127 255 0 108 0
    255 0 255 255 167 0 0 181 255 0 0 0 255 78 0 208 76 255 0 0 0 0 52
    255 255 0 0 0 255 255 0 0 197 145 0 255 255 161 0 13 255 255 255 255
    255 255 255 0 155 0 255 0 0 142 81 0 255 0 0 233 255 0 0 0 0 222 0
    255 255 255 133 255 255 0 0 0 0 0 0 255 255 255 255 10 78 255 0 255
    0 255 0 255 239 105 255 255 255 255 0 255 255 255 0 0 0 255 168 255
    0 84 0 134 37 255 0 255 0 251 0 255 0 167 255 255 0 0 0 202 255 255
    255 35 0 255 255 0 255 255 255 0 0 218 0 255 92 0 255 0 255 111 0
    255 0 0 255 255 255 148 0 0 255 0 165 255 255 0 0 224 255 255 0 255
    255 255 129 0 13 0 255 255 74 0 90 255 255 0 255 0 255 255 0 0 0 255
    255 107 0 0 0 189 0 255 255 70 255 255 255 0 0 0 255 118 255 255 255
    255 0 0 0 255 0 255 0 0 255 255 238 0 0 255 255 255 0 255 0 178 255
    234 0 0 0 0 0 125 0 0 0 255 0 0 241 0 255 0 15 0 109 255 117 0 0 0
    255 133 0 0 0 255 97 255 0 173 255 255 255 255 194 255 255 0 0 108
    111 255 255 138 12 0 0 255 0 30 255 255 0 255 0 110 139 110 255 171
    0 0 156 255 54 255 109 89 255 0 97 22 0 255 255 255 0 0 0 0 255 255
    255 0 0 21 0 255 0 255 0 0 255 255 141 255 0 255 0 255 201 255 0 103
    0 255 255 255 0 0 255 255 46 255 0 0 255 255 255 24 255 0 43 222 255
    255 0 0 0 255 255 173 255 0 0 0 0 255 0 26 255 0 255 255 0 0 2 45
    255 0 255 255 255 0 0 124 255 255 255 255 131 0 0 255 44 0 162 85
    255 44 255 255 255 0 70 0 0 0 255 86 255 0 0 0 255 255 226 0 0 216
    255 0 0 90 85 255 255 185 0 255 0 255 0 255 255 0 228 255 255 255
    255 65 0 238 56 0 0 255 0 255 255 114 255 0 0 60 83 255 61 255 255
    255 255 0 0 0 255 121 255 19 255 78 255 0 222 0 255 0 255 0 255 53
    125 0 0 184 0 238 0 251 162 55 255 0 84 0 171 182 0 0 0 255 131 255
    0 255 0 0 0 255 0 0 181 255 218 0 0 255 255 228 0 248 247 255 255
    255 0 0 255 0 255 0 4 0 0 255 255 64 0 0 255 0 0 0 215 255 0 39 0
    255 60 255 0 0 0 252 0 0 0 0 23 255 255 128 0 0 0 135 0 0 0 149 255
    0 0 191 0 255 255 255 0 255 0 41 0 255 0 255 179 0 0 0 255 255 0 0
    255 61 255 226 227 96 22 255 0 223 0 255 0 255 0 0 255 255 41 0 0
    255 0 0 255 255 39 0 255 51 0 255 255 255 0 255 255 44 255 0 47 0
    255 0 182 0 255 255 0 0 237 234 0 255 0 0 0 255 255 255 255 255 0 0
    0 114 255 0 0 255 255 255 0 0 112 4 152 255 0 255 8 255 0 0 0 0 255
    255 255 0 237 190 255 255 255 0 127 40 255 255 255 0 12 61 0 0 255
    255 0 0 37 255 189 0 0 255 255 255 0 0 190 0 214 255 255 74 255 26
    255 0 255 0 0 129 0 255 0 255 0 255 0 255 0 0 0 0 255 255 0 74 0 12
    0 255 157 255 0 0 0 255 255 255 255 40 0 0 255 2 0 255 255 0 226 255
    120 0 0 0 255 0 255 255 255 255 0 78 0 255 0 167 255 255 0 255 255
    255 0 255 0 255 0 0 0 255 0 0 252 255 176 255 255 0 0 255 53 255 255
    255 0 0 0 242 107 106 0 255 255 0 0 0 255 0 0 0 255 255 255 0 255
    255 239 0 224 0 0 255 255 108 129 0 0 0 255 255 255 255 137 0 0 0
    255 0 99 255 255 255 0 104 0 255 0 2 0 255 255 255 0 196 0 0 0 255 0
    255 255 255 255 0 0 0 255 255 255 0 255 161 141 0 0 0 255 0 0 52 255
    255 255 0 255 0 255 0 255 255 0 255 255 0 0 0 0 255 0 0 131 255 255
    0 0 255 255 255 0 94 113 255 0 0 0 255 255 255 0 0 0 255 0 0 0 0 15
    255 255 0 135 255 72 255 73 0 0 0 0 255 0 42 255 200 27 0 255 0 0
    255 0 0 0 255 255 24 1 87 255 255 255 0 255 0 0 82 255 255 255 0 0
    255 255 0 163 0 255 255 174 253 0 0 255 67 255 255 190 181 0 0 255
    255 0 0 150 255 255 0 0 0 255 255 196 142 0 0 255 160 0 243 243 0
    255 255 0 0 131 102 255 0 0 0 255 255 184 0 0 255 255 255 255 40 176
    169 75 0 0 0 255 255 95 61 255 255 0 146 255 0 255 0 255 255 255 0 0
    255 0 255 0 255 0 255 6 0 0 255 0 191 0 116 0 190 255 0 255 0 33 0
    255 255 0 255 255 255 0 255 255 255 0 0 0 0 255 255 255 0 65 255 0
    255 255 0 0 255 255 0 0 0 255 255 0 0 0 0 255 255 255 0 53 0 255 0
    255 0 255 0 0 255 255 51 0 230 255 0 1 255 78 255 255 0 0 0 255 255
    229 0 255 255 0 190 226 255 0 0 255 255 25 255 0 236 0 255 255 0 0
    255 0 255 120 255 0 255 0 255 46 0 0 0 0 27 255 255 0 0 0 255 0 255
    255 0 255 215 255 0 0 255 255 240 58 255 0 0 255 255 255 0 0 255 255
    255 0 255 128 255 255 0 255 88 255 0 255 255 255 255 0 0 0 255 255 0
    0 0 255 130 255 50 255 255 0 0 255 179 0 0 0 255 0 255 0 0 201 222
    255 0 255 255 255 0 234 0 255 0 255 0 255 255 255 255 0 255 0 255 0
    0 214 255 31 103 0 0 0 0 255 0 255 223 255 239 0 255 255 255 255 0
    255 109 255 255 255 0 0 86 255 0 0 255 37 255 0 0 0 0 0 255 255 255
    255 0 237 0 255 255 0 255 255 0 0 88 0 255 255 255 0 0 0 0 0 34 255
    255 255 0 105 0 227 0 0 0 255 0 255 238 0 228 0 0 103 0 0 0 255 75
    255 185 0 255 255 255 0 0 255 255 156 255 195 0 0 0 255 0 255 71 0 0
    0 255 255 255 132 255 255 255 255 255 0 255 35 255 0 0 10 255 160 0
    0 0 0 0 156 255 0 255 0 141 0 37 255 81 9 0 0 255 255 125 0 0 255
    255 255 255 0 62 255 255 255 255 0 255 255 255 0 0 26 255 255 228 0
    0 255 0 255 0 255 255 0 0 0 211 255 91 255 228 255 0 188 0 255 201 0
    255 0 255 0 237 0 23 0 0 255 255 255 0 177 0 0 70 9 255 40 255 255
    173 255 0 0 42 193 0 255 0 255 255 158 0 0 0 0 167 255 255 0 0 190 0
    255 255 0 0 0 255 76 255 21 159 0 255 0 147 255 43 0 0 0 255 0 255
    255 255 0 0 91 147 56 0 0 132 255 25 255 0 18 0 255 255 158 215 0 0
    255 26 141 182 0 255 53 0 255 179 255 0 145 255 0 255 215 161 255 98
    0 255 123 255 0 255 0 255 0 49 255 107 0 125 0 255 0 255 0 0 0 0 255
    255 99 255 255 197 238 255 255 0 113 0 255 0 255 255 255 0 0 0 255
    46 255 255 19 42 255 0 108 0 255 218 0 0 36 180 255 111 0 0 0 0 0 52
    0 255 255 255 255 0 0 255 0 255 255 255 0 0 0 0 0 0 0 255 255 199 24
    255 255 180 0 255 66 0 10 0 230 255 138 0 255 255 255 255 255 0 255
    124 0 0 0 255 255 255 255 89 255 255 0 0 255 164 255 255 255 0 255 0
    255 255 159 0 0 255 255 255 0 0 255 255 0 0 165 255 255 0 0 248 0
    255 255 0 255 0 255 255 152 0 0 65 238 255 255 255 0 235 87 0 255
    255 255 0 0 188 255 0 245 202 255 0 255 255 255 0 0 255 255 254 0 0
    0 255 255 255 93 130 41 213 0 0 0 255 0 0 0 255 255 185 0 255 0 55 0
    0 0 255 0 0 0 255 255 0 0 255 255 255 0 255 0 0 0 255 255 255 0 0 0
    255 0 0 112 247 255 0 118 0 0 255 0 0 255 255 222 255 72 0 0 255 100
    255 0 143 255 185 255 78 0 158 214 177 255 0 255 0 255 255 255 92
    133 255 112 0 220 86 255 195 255 0 0 0 255 0 255 255 166 249 0 233
    255 255 84 0 0 0 255 255 255 0 0 0 255 47 255 0 0 0 255 255 189 0 0
    255 0 0 0 10 0 255 255 50 255 0 0 0 0 248 255 119 0 0 255 250 255 0
    255 0 0 255 255 255 0 21 0 255 0 255 139 255 255 77 0 0 0 255 255
    107 105 0 0 0 85 255 0 0 0 0 255 255 0 0 229 86 255 255 0 0 0 255 78
    255 0 255 255 255 0 0 0 255 0 70 74 255 255 0 0 0 0 255 255 0 255 0
    255 255 0 0 0 255 255 255 61 0 0 255 255 241 195 0 0 255 189 255 39
    200 0 255 255 212 100 255 232 255 190 0 255 255 255 127 109 255 255
    0 255 255 21 225 255 0 255 0 0 255 83 0 255 0 255 0 141 84 29 255 0
    255 0 0 0 70 255 255 255 0 0 0 96 0 255 255 0 0 152 255 255 0 255
    201 0 0 254 110 255 0 255 0 154 255 255 255 0 0 255 0 0 255 0 0 255
    255 255 0 255 255 191 0 0 254 255 0 0 8 0 255 255 25 255 255 0 255 0
    0 0 255 0 66 0 0 255 255 111 0 0 0 0 0 253 255 0 255 154 0 0 255 255
    255 255 198 0 255 44 255 0 255 255 0 0 255 255 46 255 0 0 0 0 0 255
    0 245 111 255 0 255 255 255 255 68 255 0 255 0 132 119 255 0 0 0 0
    255 255 255 0 0 0 255 174 255 0 0 0 0 255 0 0 0 255 188 0 0 255 0 55
    255 255 0 0 255 0 164 99 255 0 155 255 255 255 0 114 0 255 0 0 0 255
    255 0 155 0 0 48 255 0 105 121 255 255 193 255 29 0 255 0 174 255 0
    255 0 255 0 70 0 0 0 229 255 255 0 36 0 255 255 187 255 255 255 0 0
    255 255 255 0 255 0 255 255 43 255 255 255 75 0 255 255 0 192 255 0
    255 27 255 0 0 255 255 255 255 10 0 0 0 255 75 255 255 0 0 255 0 255
    253 0 0 0 255 208 255 0 110 0 255 0 255 255 255 255 255 255 255 0
    255 112 0 0 255 40 121 0 255 0 0 0 255 255 0 0 0 0 255 1 0 0 255 255
    0 0 255 255 0 0 255 59 255 0 0 0 0 255 255 255 255 0 255 255 255 0
    255 100 255 0 72 0 255 255 255 255 0 0 49 23 255 0 255 255 255 255 0
    255 114 0 0 255 255 76 0 242 255 0 0 0 255 0 255 0 255 0 18 255 0
    255 255 174 0 255 255 79 0 0 255 0 255 255 255 32 0 108 255 255 0
    255 255 0 0 0 0 179 227 0 255 159 182 255 119 79 0 0 0 195 0 93 255
    255 0 146 9 255 0 198 0 255 255 0 0 255 255 254 255 255 129 0 255 36
    255 255 0 0 165 0 3 255 5 255 255 0 30 0 0 0 255 255 255 255 0 0 0
    255 245 255 89 0 0 255 255 0 0 0 70 255 255 49 0 0 0 255 0 0 255 0
    255 255 0 0 0 255 0 248 0 94 176 255 218 255 0 255 0 255 0 255 255
    255 143 255 0 0 255 255 255 189 255 35 0 236 255 255 0 255 0 0 0 255
    255 38 0 0 255 255 255 255 255 0 0 0 255 255 0 0 31 255 0 207 255
    255 255 188 0 0 255 255 196 255 0 255 0 0 255 0 255 0 0 211 255 208
    244 255 0 0 0 255 255 255 255 247 0 255 255 255 0 0 255 0 255 132
    255 0 0 0 255 255 255 27 2 255 255 116 255 0 0 14 144 0 255 199 142
    0 99 255 255 0 0 0 255 255 0 255 255 255 0 182 27 255 1 0 255 255
    255 0 0 0 0 111 255 255 255 255 195 73 51 255 0 255 255 255 0 19 255
    0 255 255 255 0 0 0 255 178 255 107 255 255 0 255 255 255 0 255 115
    0 0 0 255 255 255 0 255 0 255 255 255 216 255 0 255 0 185 0 0 0 131
    255 165 255 0 0 0 0 255 255 255 255 0 255 140 0 0 0 255 255 15 255 5
    255 255 3 255 255 0 0 0 255 97 255 0 0 234 255 255 104 0 0 255 0 255
    255 255 0 255 0 0 220 0 255 0 255 0 255 0 255 0 0 137 232 0 255 101
    255 0 219 255 255 255 255 0 255 255 0 255 234 0 169 0 0 255 0 40 255
    255 0 201 0 255 255 0 0 255 0 0 255 255 255 173 0 0 255 255 145 139
    255 0 255 255 0 0 211 215 0 112 255 255 0 255 255 0 255 0 255 0 0
    255 255 255 186 255 255 0 255 0 255 0 255 0 0 191 0 0 255 255 0 243
    255 246 0 0 255 255 0 153 0 255 255 255 0 255 58 0 255 251 255 224 0
    0 0 0 0 255 255 36 255 0 255 177 251 246 255 255 0 255 194 255 0 0
    255 255 255 0 0 0 147 0 255 0 255 0 255 0 0 0 0 255 4 255 255 0 16 0
    86 255 118 255 255 0 0 0 255 255 255 0 255 255 0 0 255 255 0 27 78 0
    72 0 255 255 0 0 0 0 0 255 255 0 0 168 0 90 157 0 157 0 255 255 255
    0 137 0 255 0 0 0 0 0 0 255 0 249 213 255 255 52 0 0 0 255 35 100 0
    0 0 255 255 255 63 0 145 255 255 0 0 174 0 0 118 255 151 0 255 255
    147 16 3 0 0 0 255 255 255 17 0 0 255 0 255 208 255 179 255 0 255
    213 0 0 192 255 0 0 0 0 0 0 255 255 0 0 100 0 255 0 255 175 0 0 255
    254 208 0 0 0 255 0 0 0 0 255 255 51 0 0 255 72 0 0 0 255 255 255 0
    255 255 255 255 0 0 255 0 0 0 173 255 0 234 103 255 247 35 169 255
    104 255 202 0 0 255 0 0 0 0 147 255 0 255 0 255 0 255 0 0 0 147 255
    255 255 0 252 0 254 188 224 0 0 0 0 255 0 0 0 0 255 235 240 0 255
    255 255 100 0 0 0 103 0 255 255 255 255 255 0 0 13 0 103 255 0 255
    255 0 255 83 255 0 0 0 255 255 0 255 0 255 0 255 0 8 0 37 0 0 0 48
    255 255 109 255 235 114 0 0 0 255 0 0 0 153 255 255 244 255 255 0 0
    255 0 0 0 0 0 255 97 0 0 255 255 255 0 101 0 255 182 255 94 132 255
    102 0 255 39 255 30 255 0 0 0 255 255 0 89 0 255 255 151 255 255 0 0
    157 255 255 255 60 0 255 255 255 0 0 239 255 255 255 0 0 0 255 255 0
    255 0 255 0 0 255 5 255 0 20 0 50 0 149 0 255 0 0 0 204 255 255 0 0
    0 0 0 255 255 108 0 0 255 255 0 255 0 0 0 0 255 255 255 0 215 255
    255 97 187 255 0 255 255 0 21 255 40 255 0 0 255 0 220 0 178 89 159
    0 251 255 255 0 0 255 255 255 0 0 0 255 0 158 0 0 45 255 255 0 0 255
    0 135 0 255 255 0 0 255 0 141 0 134 0 0 147 255 255 54 255 0 255 255
    255 0 0 0 255 214 0 255 0 0 0 255 255 255 0 0 255 96 113 0 0 0 255
    255 255 0 0 255 0 255 0 255 0 255 0 255 229 255 0 0 60 0 0 255 142
    156 0 0 255 215 72 255 0 255 0 0 0 255 0 95 12 0 87 184 255 109 0
    231 255 255 30 0 0 0 21 255 0 2 255 255 255 0 66 0 255 255 255 255
    138 255 0 255 0 0 131 72 255 0 0 255 255 255 0 255 172 0 0 209 0 232
    0 255 255 255 255 0 255 0 0 255 255 0 0 0 0 61 255 255 206 0 0 0 255
    0 255 0 255 0 0 30 0 255 0 0 255 255 255 26 255 255 0 0 255 255 0
    248 45 255 0 255 0 184 111 255 255 0 255 0 255 255 255 0 255 255 56
    255 0 0 0 255 255 59 22 0 100 255 0 255 0 0 0 0 255 0 255 0 0 255 58
    255 9 255 249 0 0 255 0 194 0 175 154 0 0 59 0 255 0 255 0 0 255 255
    0 0 255 255 215 121 255 255 0 0 0 255 0 0 30 0 134 0 49 201 255 160
    0 0 0 0 200 5 0 0 0 0 255 255 255 0 4 255 136 0 96 255 255 0 255 0
    72 255 0 0 0 255 255 255 255 255 255 0 0 255 255 255 255 0 255 97 0
    255 125 255 255 0 0 0 197 0 255 0 0 255 0 255 255 255 255 0 113 0
    255 0 255 69 255 0 0 0 0 255 255 0 0 0 255 250 0 88 0 255 132 255 0
    195 0 255 255 255 0 0 0 255 0 255 255 219 252 0 255 0 255 0 255 199
    255 255 141 255 255 0 66 255 255 0 255 255 255 0 212 0 255 255 255 0
    205 0 142 0 0 0 0 255 0 255 0 123 255 215 0 0 255 255 255 255 255 92
    0 0 0 255 50 212 255 189 110 0 41 0 0 98 255 0 0 0 255 255 177 187
    255 255 0 255 102 255 255 0 0 0 9 0 195 255 59 255 255 0 255 18 25 0
    52 255 112 255 0 255 0 0 0 255 255 0 0 15 0 255 0 255 255 244 0 0
    255 0 255 0 255 255 0 155 0 158 0 255 82 0 255 255 214 0 0 0 79 0
    255 0 255 255 255 0 255 0 255 253 255 0 0 148 255 255 240 78 37 255
    0 255 0 255 0 255 255 235 255 0 127 255 255 255 25 153 0 82 0 255 0
    0 0 255 0 255 0 0 0 1 0 62 255 255 255 255 35 255 255 53 255 0 114 0
    255 0 0 0 255 255 255 0 0 0 194 0 255 0 255 255 255 255 0 0 255 255
    0 0 0 0 255 0 255 0 255 0 255 20 194 177 0 0 16 0 173 0 255 255 0
    255 113 0 255 247 255 129 255 0 0 68 255 0 0 60 150 0 255 0 255 165
    255 0 20 0 0 255 0 255 255 255 157 255 0 255 255 0 0 0 0 0 216 0 255
    255 255 255 255 234 0 0 255 255 157 255 0 0 0 0 255 210 255 0 255 0
    255 255 255 0 224 0 255 0 255 255 255 0 0 255 255 0 0 255 189 255
    255 255 0 255 0 255 88 49 0 176 0 255 255 0 0 255 255 255 42 0 0 255
    255 0 0 0 56 0 255 0 0 237 0 255 255 164 0 0 255 255 95 0 255 255
    255 255 255 230 255 255 57 229 185 29 0 0 255 0 192 0 255 255 255
    211 255 255 0 0 255 255 255 0 133 255 255 255 103 255 0 255 106 255
    0 97 0 255 255 255 0 148 213 255 138 17 255 0 255 0 185 255 0 255 0
    255 183 0 255 255 251 0 99 8 255 0 255 0 104 0 255 0 0 0 255 0 255 0
    255 0 255 0 255 0 255 28 255 255 255 0 255 255 0 0 255 0 255 255 255
    0 175 0 0 255 0 255 0 255 255 0 0 255 255 255 0 0 110 255 255 0 0 0
    255 19 255 0 255 255 175 255 0 0 131 255 70 255 0 255 0 255 0 236 60
    83 67 0 0 0 255 0 125 0 255 0 0 0 255 255 173 9 0 249 147 94 255 255
    0 0 255 7 89 0 255 0 0 235 0 255 0 255 32 0 255 81 0 0 115 255 0 255
    0 0 255 255 255 0 32 0 255 255 255 0 0 255 0 147 28 255 255 0 175 0
    255 255 229 255 0 0 87 18 255 0 255 123 255 19 8 255 0 0 25 0 255
    255 255 0 100 0 255 0 0 255 255 0 0 41 255 151 255 0 0 255 255 255
    255 255 255 0 255 255 255 255 0 4 0 0 0 0 33 255 255 54 255 0 255 0
    255 42 255 255 46 193 255 5 0 56 0 255 0 255 255 0 255 0 255 255 58
    255 0 101 0 24 255 255 255 0 0 0 0 255 0 255 42 255 0 249 0 137 0 0
    255 0 0 0 255 4 138 0 255 0 0 0 255 255 136 0 0 0 255 0 169 146 255
    0 255 0 210 0 255 255 0 149 150 255 0 255 0 255 255 255 0 0 0 0 255
    255 0 255 0 0 0 255 8 255 0 255 37 192 133 0 0 0 255 0 74 0 0 248
    255 62 0 255 0 255 255 255 0 255 183 120 0 255 5 255 0 255 0 0 0 0
    215 0 0 0 255 0 255 0 0 255 255 255 0 0 255 229 255 255 109 0 162
    226 0 0 0 0 0 255 255 255 34 0 74 79 255 0 0 255 255 255 21 0 255
    255 255 0 0 0 0 255 255 0 255 0 255 0 33 255 128 255 250 0 107 213
    255 0 0 151 0 255 255 255 0 0 255 255 0 0 255 99 255 255 255 255 0 0
    255 255 255 11 0 0 255 71 169 255 55 0 0 0 255 255 255 0 255 0 0 255
    83 0 0 255 255 205 0 255 255 19 0 0 0 255 0 255 223 255 0 103 117
    255 0 0 0 255 255 245 255 210 255 196 93 189 202 47 186 255 0 0 0
    255 255 255 77 255 255 255 0 111 0 3 255 255 52 255 0 255 205 255
    255 0 35 0 0 255 255 255 0 255 0 255 0 255 141 140 255 0 197 0 255 0
    182 0 115 0 0 255 255 0 0 0 255 255 0 0 255 255 255 131 232 0 0 255
    255 255 255 105 255 42 255 0 3 0 255 0 0 0 255 255 255 255 255 0 255
    255 255 0 5 255 143 255 255 0 74 139 221 255 111 0 126 255 0 0 255 0
    56 84 0 0 0 255 0 255 0 255 255 255 0 255 169 0 0 0 0 255 78 255 0 0
    0 0 255 255 255 0 0 0 255 75 255 255 255 255 0 0 59 255 198 255 0
    247 0 255 255 0 74 0 255 0 0 0 0 255 0 255 255 0 192 144 135 0 112 0
    0 107 255 0 0 0 0 201 0 0 0 0 255 0 255 0 255 33 255 0 255 255 0 0 0
    255 0 255 0 0 105 113 255 209 0 255 0 255 0 170 0 0 0 0 255 0 0 255
    255 0 0 0 255 255 0 0 255 255 0 0 158 255 255 0 0 0 255 0 160 0 255
    0 255 0 0 0 0 95 0 0 83 8 255 255 255 25 54 0 255 125 181 0 27 255
    181 0 255 174 41 255 170 255 255 20 255 255 0 0 0 255 0 255 0 255
    255 255 0 255 0 191 230 255 0 0 0 255 255 2 0 255 255 255 0 255 0
    249 0 143 255 0 0 255 255 123 0 55 255 255 255 0 0 0 255 0 255 0 255
    0 255 168 0 255 254 255 0 0 0 255 255 0 255 0 0 255 255 0 125 169
    255 255 0 0 13 255 0 255 64 255 0 225 0 255 255 0 0 0 0 0 138 255
    255 58 255 255 0 255 255 0 34 0 255 60 255 0 255 0 0 204 0 0 0 255 0
    0 255 31 80 0 0 55 255 0 255 0 255 0 0 0 0 0 255 136 255 0 255 255 0
    0 0 255 255 255 0 255 255 255 0 235 0 255 0 6 0 255 193 255 0 255 0
    0 0 255 0 0 0 255 255 255 0 0 0 229 0 255 0 255 255 255 83 51 0 0
    136 255 128 0 0 0 0 255 255 255 255 0 255 0 0 0 0 0 255 255 0 0 0
    255 0 255 116 255 255 255 69 0 0 255 0 255 46 0 0 0 255 0 215 0 0 95
    208 255 77 239 28 176 255 255 255 0 0 0 255 255 0 0 255 255 0 255 0
    255 223 0 0 255 255 255 0 255 0 255 0 255 255 255 0 255 0 255 255 0
    0 255 255 0 0 255 66 232 0 0 0 0 55 0 156 255 0 255 255 255 0 0 255
    0 0 255 255 255 210 0 255 0 255 255 255 255 0 0 0 255 255 255 255 0
    255 27 255 0 0 67 0 255 247 0 0 0 255 91 255 0 0 0 255 0 0 0 255 255
    255 255 133 255 103 209 0 255 222 255 0 255 0 255 0 71 255 255 255
    255 255 68 68 255 0 0 0 255 255 222 67 0 0 255 241 0 0 168 255 255 0
    0 0 33 255 48 255 0 255 41 255 255 0 255 255 0 0 0 255 255 156 0 0
    235 255 255 255 31 208 0 255 70 255 238 255 84 0 0 0 0 255 255 181
    92 0 255 255 192 255 224 255 255 255 255 106 255 156 227 194 0 58 0
    255 255 0 255 0 255 0 255 0 255 255 0 0 0 255 255 255 255 255 0 249
    255 255 255 0 0 36 255 255 0 255 0 255 0 255 0 255 0 0 0 255 27 122
    255 255 255 0 0 255 111 255 0 183 255 255 0 255 255 4 255 0 0 0 0
    255 0 255 0 255 43 255 31 195 0 255 14 255 0 255 255 106 255 255 255
    255 155 0 255 153 159 255 0 167 0 255 217 67 0 255 255 0 165 255 255
    93 0 0 0 0 0 0 0 255 255 239 0 0 0 0 0 255 255 176 213 255 0 255 255
    255 0 0 255 0 76 0 0 181 0 205 0 255 247 255 167 0 0 255 215 255 255
    0 255 255 0 255 0 255 0 0 0 0 255 255 0 0 7 255 255 0 0 255 255 255
    255 255 3 0 0 57 255 255 0 0 2 252 81 0 155 0 174 255 0 0 0 0 85 255
    255 255 0 0 255 255 255 255 223 255 0 255 0 39 0 255 255 255 0 255
    255 255 0 255 0 255 255 255 255 255 255 0 255 0 255 255 215 0 255 0
    0 151 65 146 255 255 79 255 0 255 255 255 0 0 0 0 137 0 0 0 255 255
    255 255 0 136 0 0 0 102 255 255 255 0 0 255 255 234 102 255 58 0 119
    0 172 110 255 0 0 0 247 255 255 255 22 0 255 254 255 155 0 90 0 0 57
    44 0 255 255 255 255 0 12 79 151 206 10 0 255 255 255 255 0 0 0 0
    127 255 55 255 0 196 255 0 0 0 0 255 255 255 255 0 68 255 170 255 0
    255 255 255 0 0 0 255 255 255 0 85 255 0 0 255 0 81 255 0 0 0 0 0
    255 255 0 226 255 0 0 0 249 255 0 255 0 0 134 255 0 255 0 255 0 0
    179 255 168 0 0 255 255 220 0 255 0 0 0 162 0 181 161 255 185 0 0 29
    255 255 0 0 37 243 255 255 255 0 0 255 0 255 0 0 255 255 255 0 255 0
    228 255 163 255 0 255 0 255 0 161 255 255 218 0 4 0 255 255 8 0 255
    219 255 0 164 0 210 193 255 0 255 68 124 0 255 255 185 0 253 0 0 22
    225 0 255 138 255 119 0 0 255 255 255 255 41 182 212 255 255 141 0 0
    255 255 93 12 251 223 0 0 0 59 87 53 255 100 136 0 0 190 255 69 255
    255 255 150 0 0 167 255 35 0 163 255 255 0 0 0 203 255 0 212 0 255
    87 124 255 255 0 255 77 255 255 0 0 180 255 255 255 0 255 240 0 255
    0 255 255 255 0 0 51 229 255 0 255 255 255 0 9 255 255 0 0 255 0 255
    255 0 0 0 255 0 0 0 249 255 0 0 0 131 3 155 255 0 84 255 244 104 0 0
    0 255 188 255 255 89 215 175 0 0 222 255 45 0 0 255 255 255 46 0 0 0
    42 230 0 0 255 81 0 0 215 255 202 255 146 0 0 255 255 176 255 255
    255 0 0 0 209 0 0 0 122 255 255 0 0 101 255 255 255 187 255 0 244 0
    201 172 187 255 255 67 0 0 255 0 255 0 255 223 122 0 0 0 81 255 255
    114 46 15 255 255 255 0 0 0 145 255 86 169 255 208 255 0 255 0 255
    255 255 0 0 255 0 155 70 136 0 19 255 255 0 0 255 0 255 0 255 255 0
    0 0 0 255 255 0 0 73 0 225 255 0 0 255 255 255 0 0 255 0 0 255 255
    255 135 0 0 255 255 255 163 0 183 255 255 0 0 255 255 10 0 0 0 255 0
    0 0 0 0 255 255 255 0 12 0 0 0 164 255 255 0 34 0 202 64 0 104 0 0
    255 218 255 164 255 0 0 255 77 255 0 255 255 255 0 0 0 255 53 200
    196 255 0 0 255 255 0 0 0 255 255 191 0 0 0 195 255 255 0 0 56 255
    255 140 0 0 0 0 166 255 255 0 0 166 255 255 255 0 255 255 255 0 255
    0 255 0 255 0 0 0 0 0 0 0 0 255 84 255 0 255 0 255 0 249 255 255 255
    0 255 0 132 0 255 0 255 0 255 185 255 255 225 255 14 255 68 0 0 255
    0 84 0 255 0 255 140 0 0 255 198 0 0 0 255 255 255 0 0 205 255 255
    228 255 0 12 255 191 0 0 255 0 255 0 0 0 255 255 255 0 0 0 78 0 29
    255 78 255 182 0 236 0 255 255 255 255 255 253 0 0 255 255 177 0 0
    54 255 255 255 255 0 255 0 255 0 0 0 0 0 0 255 0 255 0 255 0 0 255
    255 255 0 255 0 0 0 255 255 0 255 0 255 0 216 255 255 0 155 0 255
    255 255 0 0 88 255 255 0 34 175 224 255 0 255 255 255 108 207 0 255
    0 244 0 206 255 0 35 205 255 255 0 0 255 255 255 0 0 255 255 88 14 0
    0 255 255 2 255 255 0 255 255 0 255 0 241 255 0 255 62 255 255 255 0
    255 18 80 0 0 255 0 0 0 255 0 0 0 0 255 0 255 255 83 0 255 255 255 0
    0 255 0 0 0 255 255 0 0 255 255 62 255 0 158 0 0 0 207 255 255 0 250
    0 255 255 0 255 255 255 255 255 255 255 255 0 0 0 195 0 255 0 255
    255 255 0 0 0 0 255 255 255 0 189 125 255 255 255 0 0 0 255 0 0 255
    255 255 0 0 0 0 255 255 93 255 255 255 255 0 0 0 255 255 19 0 0 255
    55 255 46 255 0 0 0 255 255 0 0 44 0 0 0 0 77 255 255 255 0 0 0 112
    255 0 0 0 0 255 255 255 12 0 0 255 255 0 38 0 255 255 0 254 0 255 0
    255 0 255 0 110 0 255 255 255 0 0 255 92 255 255 255 0 255 0 0 66
    255 0 0 255 45 0 0 47 0 0 0 177 240 255 255 255 155 0 255 0 255 134
    210 0 0 177 255 64 0 0 255 81 255 0 255 190 23 0 204 255 255 0 0 0
    255 0 0 0 0 243 0 255 244 0 0 231 0 255 0 255 0 45 255 0 10 38 0 255
    255 21 0 0 253 255 0 255 255 255 159 0 0 255 0 255 252 255 0 255 0 0
    255 255 255 227 255 255 0 0 0 255 255 29 255 255 0 0 255 136 33 255
    30 255 0 0 255 164 0 147 76 255 255 0 0 0 255 0 255 45 255 0 0 153
    255 0 255 0 255 255 255 0 0 56 255 0 0 0 255 132 255 255 0 0 255 255
    0 248 255 255 255 0 255 0 255 0 255 210 40 255 255 206 0 191 255 0 0
    0 255 255 255 0 27 0 255 0 0 255 255 60 255 95 0 146 132 255 245 255
    0 0 0 0 20 255 255 255 255 0 255 255 0 0 0 239 255 0 0 0 255 0 255 0
    255 255 255 129 255 0 0 0 0 0 169 255 255 0 160 0 255 26 164 255 0
    207 255 255 0 255 0 0 0 0 0 255 255 255 0 0 0 255 0 255 255 8 0 0 0
    128 255 175 255 47 255 255 0 58 0 255 0 255 255 0 255 0 255 255 255
    255 255 255 201 255 0 0 255 255 0 10 0 255 255 0 214 0 186 0 255 51
    180 255 255 0 0 0 255 0 255 255 0 255 0 0 0 218 0 0 11 174 0 255 0 0
    0 255 255 0 60 168 0 0 0 255 255 0 202 255 0 255 255 255 164 255 0
    255 0 255 255 255 0 0 0 196 76 255 0 255 0 0 0 0 0 255 255 255 255 0
    176 0 255 68 0 255 255 255 0 255 9 255 0 0 0 255 0 255 0 255 0 255
    255 0 0 255 255 255 0 0 0 0 7 0 255 254 0 255 0 95 255 255 0 0 0 182
    255 255 255 0 0 0 0 0 0 0 255 255 255 0 0 0 200 0 255 0 255 255 108
    0 0 179 185 255 255 0 147 255 255 0 0 8 255 0 0 0 255 255 0 0 192
    255 255 172 68 157 255 74 0 7 0 255 255 0 255 0 211 0 0 0 255 255
    255 0 0 255 255 0 255 255 215 255 0 255 255 100 255 81 28 62 0 165 0
    0 150 255 240 255 0 0 0 255 255 15 255 0 0 255 255 255 255 255 0 0 0
    255 0 217 255 255 255 0 69 0 255 255 195 0 255 0 0 0 255 255 255 255
    0 255 0 255 0 140 255 255 0 0 255 0 255 0 50 255 237 0 255 0 0 0 0 0
    255 246 180 255 66 255 0 255 145 0 0 0 255 252 0 0 0 255 255 255 0
    255 255 255 0 255 255 255 16 136 255 186 0 255 255 100 0 255 255 0 0
    0 255 0 0 103 255 255 0 29 0 244 0 0 0 255 107 255 255 0 0 115 255 0
    143 255 0 255 124 129 0 255 255 255 255 255 255 0 255 66 255 0 0 0
    174 0 0 255 255 120 0 0 107 255 223 122 255 255 255 255 123 255 255
    0 177 0 0 0 255 255 255 255 51 0 0 255 3 255 68 140 0 0 255 255 255
    29 255 98 255 0 0 215 84 0 0 128 0 255 255 255 255 0 174 0 255 0 3
    255 123 255 0 0 17 0 255 0 52 255 255 255 255 0 255 0 104 0 0 179 0
    11 255 0 255 63 129 0 0 165 255 57 0 0 255 255 255 0 255 0 255 0 0
    255 0 255 19 255 255 0 255 47 255 31 255 255 0 233 255 255 105 0 255
    0 0 0 255 0 169 131 255 255 0 255 0 255 0 185 0 255 255 0 0 255 255
    255 0 191 255 255 0 44 255 0 255 255 186 255 0 255 0 0 57 0 255 255
    156 0 255 9 162 0 0 255 0 255 155 255 0 255 255 16 0 0 155 255 255
    105 0 181 0 255 0 255 255 224 255 0 253 255 255 255 0 0 0 0 0 255 40
    0 0 0 255 0 255 92 255 0 72 255 119 122 255 255 0 191 167 255 255 0
    0 18 0 0 0 0 255 255 255 255 0 255 188 48 0 255 37 255 0 255 255 255
    0 128 0 0 255 0 0 0 255 255 130 242 0 0 0 0 117 255 211 0 184 255 0
    0 182 255 0 0 255 104 0 0 255 255 0 255 255 130 0 0 255 143 255 201
    255 255 190 255 0 0 255 255 0 0 235 0 187 108 255 0 73 0 255 0 74
    255 0 171 0 186 100 255 58 94 255 22 0 255 0 229 153 0 0 255 255 0 0
    247 255 255 0 74 117 0 0 255 0 255 0 93 0 149 255 0 255 0 255 255
    255 0 178 113 255 0 255 35 0 0 255 0 0 255 255 20 0 255 255 216 203
    0 255 0 212 0 255 255 255 0 0 152 255 213 255 0 0 0 255 255 0 0 0
    255 0 255 255 255 255 251 0 0 0 255 0 255 0 255 0 255 0 0 0 232 255
    0 255 0 160 0 255 255 109 0 255 159 255 0 0 255 255 0 255 0 255 0
    255 255 0 0 0 255 35 2 0 0 255 0 0 0 95 255 255 255 29 255 0 0 0 255
    248 255 255 178 0 0 0 255 0 175 0 255 0 0 0 255 0 0 178 255 255 74 0
    44 0 0 0 255 255 0 255 0 148 46 255 0 255 32 47 0 255 255 255 255
    255 0 255 0 255 255 93 193 0 255 255 0 0 0 0 255 255 255 162 255 255
    52 0 104 211 255 255 255 255 255 0 255 0 176 0 255 255 0 0 0 255 50
    255 255 0 129 0 255 0 0 255 255 255 255 255 0 0 0 255 0 255 255 0
    255 193 0 255 0 0 0 0 255 255 90 255 255 70 0 255 223 0 0 255 255 0
    193 255 0 0 0 0 255 39 255 255 0 255 255 255 255 0 255 0 0 0 160 0 0
    0 255 46 255 32 255 0 0 255 0 255 0 255 0 255 255 0 255 0 255 149
    255 255 255 0 0 0 255 255 0 0 0 125 255 255 0 255 0 255 0 0 0 78 255
    255 255 0 0 39 0 0 0 0 255 0 255 255 255 0 255 0 0 0 255 0 255 0 255
    255 94 217 255 100 23 138 255 0 0 255 0 0 0 0 255 57 255 0 0 255 255
    0 0 0 0 0 255 255 255 235 255 31 0 0 0 0 0 234 0 255 255 255 155 0
    255 255 0 0 0 255 255 120 255 0 255 0 0 0 255 255 255 0 0 80 255 0
    255 255 255 255 70 211 0 255 255 0 255 0 79 0 255 9 255 248 0 0 100
    102 255 255 0 0 12 0 255 255 255 0 0 0 0 0 0 179 0 25 0 255 189 0 0
    0 255 255 255 0 0 0 0 255 0 126 159 0 255 255 0 116 0 255 164 65 255
    255 255 255 0 255 0 255 30 66 203 0 0 255 161 0 0 0 255 255 0 255
    255 255 0 145 0 255 255 255 0 0 0 255 255 0 20 0 80 227 241 0 255 0
    255 0 255 0 0 0 0 132 255 253 255 0 255 255 255 88 0 255 90 43 0 73
    255 43 115 255 255 255 0 255 0 255 145 255 8 52 0 0 255 0 255 0 255
    0 255 216 0 0 255 255 255 0 8 0 255 0 0 0 255 255 0 0 255 191 255 75
    0 0 240 255 0 0 255 255 0 0 0 0 0 0 0 0 255 255 126 128 0 255 198 0
    0 255 255 234 0 0 0 0 255 0 0 0 251 255 255 161 0 255 255 255 255
    255 0 0 177 126 0 0 255 255 255 255 255 0 0 255 0 255 136 0 0 0 255
    255 255 0 0 255 0 170 0 255 255 0 14 60 0 193 2 255 0 124 0 255 0
    255 0 193 13 255 0 255 0 115 59 255 255 255 206 255 255 255 255 255
    0 0 0 155 135 255 255 255 255 0 255 0 93 227 0 0 63 255 255 0 255 0
    0 0 255 0 0 0 255 12 0 0 255 77 255 255 73 255 0 0 0 255 235 255 0 0
    0 255 255 255 0 255 255 0 0 255 17 0 255 0 255 255 255 255 0 0 0 0 0
    255 255 206 0 255 0 255 255 255 73 0 0 255 255 163 255 255 136 255 0
    255 0 255 0 204 0 0 255 111 255 148 255 0 255 255 139 0 91 255 255
    97 255 0 241 29 0 0 255 0 255 0 0 0 255 177 185 0 255 0 255 255 0 0
    0 0 0 0 255 0 255 0 74 0 255 255 129 0 0 255 0 0 189 0 255 122 255
    255 0 0 42 202 255 255 79 0 255 0 0 0 88 0 217 0 255 0 75 0 255 255
    255 255 121 0 0 69 255 224 255 0 0 155 48 255 0 255 232 0 233 0 0
    255 0 255 0 255 0 255 0 0 19 255 0 255 0 255 0 0 58 0 255 0 255 255
    255 255 0 0 255 255 154 0 0 136 255 10 0 0 107 240 121 255 255 0 255
    0 176 0 23 255 0 255 0 255 255 226 255 255 255 0 0 0 255 177 255 0
    255 83 255 0 255 0 255 0 0 0 255 255 0 0 255 255 255 0 255 0 255 216
    0 0 0 255 255 136 0 255 0 0 224 255 255 255 0 0 0 255 255 255 0 0 0
    255 0 30 0 255 0 255 0 255 82 255 0 26 0 0 255 0 255 71 255 255 255
    0 187 0 0 0 255 161 0 0 0 255 255 255 255 255 255 15 255 255 0 0 0
    255 0 255 255 206 255 0 109 1 255 68 16 255 0 174 0 0 0 144 140 83
    255 255 148 0 0 184 255 153 2 0 255 0 173 0 0 46 255 255 255 255 0 0
    0 0 255 211 255 0 255 255 0 255 0 255 0 255 43 255 0 255 0 255 255 0
    0 0 255 255 255 255 0 0 0 0 160 174 255 255 0 0 172 0 255 0 255 255
    255 156 0 158 255 108 255 0 75 0 255 255 0 255 0 0 0 255 255 255 0
    255 0 3 0 255 255 0 255 138 0 255 134 255 0 255 255 0 125 0 255 0 0
    255 0 0 0 246 0 255 112 255 255 255 0 0 255 255 232 255 0 0 22 255
    48 14 255 0 255 255 255 255 106 0 0 0 255 87 255 255 255 0 255 0 255
    0 255 134 0 124 234 0 0 200 255 255 255 0 255 255 0 0 0 255 255 0 0
    255 255 255 0 0 149 0 255 0 0 0 255 229 255 255 255 255 0 19 0 0 255
    0 255 0 255 255 255 216 255 255 112 0 255 255 28 0 42 197 0 0 255 93
    255 255 0 255 95 160 0 33 0 0 255 0 0 159 145 255 0 196 0 57 252 0 0
    0 255 255 255 0 0 0 0 0 255 255 255 156 0 0 255 255 0 255 0 255 255
    255 255 0 255 0 107 68 50 255 0 255 255 170 53 255 255 100 255 0 255
    255 255 255 0 0 0 255 255 255 195 255 0 255 255 255 255 0 139 0 255
    0 0 0 0 255 255 0 0 255 255 237 0 0 255 255 0 255 0 255 255 0 0 0
    255 0 255 255 0 0 0 0 210 255 89 0 0 93 230 255 138 0 220 0 0 0 0
    255 213 255 107 255 0 255 0 255 255 0 52 0 255 255 182 0 0 0 255 0
    190 0 165 0 17 255 0 255 0 255 255 146 255 0 0 0 255 0 120 0 0 255
    36 0 0 0 255 255 160 0 219 255 255 0 0 88 255 255 255 255 0 0 0 0
    247 255 0 255 255 255 0 0 0 255 255 255 0 255 255 255 139 0 233 0 0
    0 255 255 255 0 0 0 0 255 0 0 0 255 93 211 255 0 0 255 201 255 83 0
    248 118 255 80 255 255 255 255 255 110 0 0 255 14 200 32 255 158 255
    255 112 0 0 0 0 255 0 255 255 255 255 255 0 255 0 255 0 255 0 255 0
    164 255 255 255 0 0 0 255 255 33 0 33 0 0 255 0 255 0 254 0 0 26 0
    172 255 0 84 0 255 255 176 255 255 255 255 0 54 0 0 0 73 255 255 108
    255 255 255 255 51 0 255 0 255 255 0 0 0 255 255 0 0 0 0 255 255 255
    0 255 0 0 0 0 255 0 191 219 0 255 12 255 0 0 0 255 18 255 255 106 0
    255 0 62 0 0 0 0 255 255 225 80 255 255 143 0 127 255 0 255 163 255
    0 255 0 26 255 0 12 0 0 255 0 255 255 0 255 255 255 0 50 0 255 132
    246 0 0 0 0 255 255 255 0 0 255 198 255 0 0 0 0 0 255 255 255 0 0 0
    0 255 255 37 255 0 235 0 255 0 119 255 16 255 99 255 0 109 255 0 0 0
    168 255 255 0 255 255 255 255 5 63 72 255 107 0 157 255 255 255 0 0
    0 126 255 64 0 255 255 255 255 0 0 0 255 255 255 255 128 0 1 255 255
    221 0 0 0 255 255 255 0 0 0 255 255 238 0 0 230 255 255 0 0 255 0
    255 131 0 255 0 0 255 255 255 0 255 0 0 0 152 255 255 182 190 0 0 0
    255 255 255 0 255 255 115 0 175 255 255 255 0 255 255 255 33 26 0
    255 0 255 255 255 0 255 0 255 255 255 0 255 0 0 0 255 0 208 255 255
    255 0 255 0 0 0 255 35 255 0 0 0 255 255 0 255 0 28 255 255 0 0 95 0
    192 206 200 0 0 0 136 255 255 0 0 255 255 255 255 0 0 0 0 255 255
    255 0 0 255 255 255 0 0 255 255 255 255 66 0 0 0 255 0 255 255 0 0
    255 255 0 48 255 255 229 0 255 255 255 255 0 0 255 255 0 255 0 0 144
    255 0 255 255 255 0 164 255 106 0 0 255 255 0 0 0 255 0 255 0 0 0
    255 255 255 0 0 0 0 0 0 215 0 172 255 245 255 244 255 0 255 255 0 0
    255 255 86 255 0 255 0 255 0 0 78 255 255 255 0 226 0 255 255 255 0
    109 0 0 193 0 255 0 255 70 255 255 0 0 180 0 255 255 255 255 0 0 0 0
    29 255 241 255 255 0 255 144 0 0 255 118 0 0 255 255 255 0 0 192 255
    255 0 0 0 255 0 3 255 255 0 0 203 255 255 0 255 0 217 109 0 0 200 81
    255 255 255 255 0 0 0 76 0 255 255 255 0 0 217 255 201 31 255 0 0 0
    255 12 119 0 250 0 0 0 255 111 255 255 255 0 0 106 0 255 255 192 0 0
    75 255 241 255 0 255 255 255 0 255 221 0 255 255 25 255 255 255 0 0
    145 15 166 154 255 255 65 0 0 0 255 255 255 255 255 255 0 0 255 255
    93 255 255 33 0 255 255 255 0 0 0 0 0 98 0 255 255 0 107 231 255 255
    0 138 0 255 0 255 255 0 0 0 255 230 41 0 255 136 255 0 0 255 0 255 0
    0 255 255 143 0 0 255 255 177 0 255 0 183 0 255 255 255 19 0 0 255
    106 255 255 0 253 0 0 0 0 255 0 255 166 194 255 255 0 0 0 255 255 59
    0 66 255 255 255 0 46 73 255 221 0 0 249 255 255 112 255 255 255 255
    185 0 0 0 255 255 147 255 0 255 0 57 97 255 0 255 144 0 0 0 255 255
    231 0 127 86 255 0 255 0 0 0 255 0 0 255 255 111 0 0 83 125 0 255 87
    0 0 255 255 255 255 0 119 0 46 0 255 255 177 0 0 0 255 255 0 255 94
    255 0 52 82 255 213 255 0 255 255 255 255 212 255 0 0 0 255 0 102 0
    255 0 255 255 152 0 255 255 255 0 255 255 0 0 244 255 0 0 160 255 99
    0 0 0 255 255 255 255 255 0 0 0 0 255 255 88 255 0 255 0 0 5 249 255
    255 255 0 255 0 255 0 0 11 0 255 255 255 255 0 0 255 0 255 218 255
    212 0 0 255 0 0 255 255 255 0 255 0 255 0 255 0 0 255 255 255 255 0
    255 0 0 4 138 255 255 255 255 0 103 255 255 255 0 0 0 255 255 0 0
    255 255 0 0 255 255 0 0 0 0 255 118 0 255 0 255 0 0 0 106 255 255
    195 255 0 255 0 255 255 154 255 34 255 194 0 0 0 0 255 255 0 255 251
    255 156 0 0 255 47 165 0 183 0 255 0 255 80 255 0 22 171 255 0 0 227
    255 255 0 0 255 255 255 255 216 0 255 119 209 255 255 0 0 255 0 255
    255 0 255 0 255 255 238 200 255 255 255 0 255 0 255 0 255 255 255
    117 255 167 255 255 0 0 130 255 49 255 0 175 0 255 255 0 0 255 255
    255 0 255 255 255 0 0 0 0 194 0 0 255 157 255 0 255 156 255 105 138
    81 255 0 0 255 255 0 255 255 255 255 0 0 0 193 255 146 0 255 61 0
    255 65 33 255 0 0 149 255 255 0 255 0 255 0 255 0 125 255 255 0 145
    255 0 255 255 255 33 255 0 0 0 255 255 41 0 255 196 0 0 0 255 255 0
    125 0 255 255 255 0 0 241 0 255 0 255 0 255 0 255 0 255 0 0 184 0 0
    0 255 255 255 0 0 0 255 255 255 64 0 0 255 255 0 231 255 0 0 255 255
    255 0 255 0 19 0 255 255 255 2 0 0 0 255 0 255 0 255 0 0 255 255 255
    255 255 0 255 0 0 255 242 255 48 0 255 0 0 66 0 255 0 75 0 255 142
    255 0 255 0 0 255 255 7 0 158 248 129 0 255 0 143 255 255 255 0 249
    0 255 255 0 255 255 130 0 118 255 255 0 57 0 0 0 0 255 19 225 162 0
    0 0 255 74 0 0 255 255 0 0 255 0 255 255 0 0 0 255 84 0 251 86 255
    255 255 0 0 0 0 0 113 255 255 0 255 35 255 0 255 0 117 0 255 0 255
    255 255 255 0 255 216 233 0 255 0 255 0 55 255 255 0 97 0 255 0 255
    0 255 0 200 0 0 125 255 157 255 0 227 255 0 0 255 0 255 0 255 255 0
    0 255 255 159 0 255 0 0 132 0 0 255 0 255 166 255 255 0 0 0 255 255
    255 255 119 255 0 255 255 255 0 37 0 102 255 0 0 255 0 255 38 255 0
    0 0 154 0 255 47 255 0 255 0 255 0 52 255 255 255 0 0 0 0 255 255 32
    185 255 255 48 0 0 0 0 0 0 255 213 255 0 0 241 255 0 243 0 255 0 255
    0 255 228 189 0 0 0 0 255 0 0 0 255 255 0 0 0 255 255 255 0 255 255
    255 0 195 0 255 0 68 0 255 0 74 0 0 0 255 255 255 255 105 255 255
    241 0 255 247 0 0 228 0 0 0 0 255 78 46 112 255 0 255 0 0 0 255 172
    255 0 0 255 189 255 0 125 255 255 172 0 255 255 0 136 255 255 0 0 0
    255 255 0 87 0 255 255 255 255 246 0 255 254 255 0 255 114 255 255
    105 0 255 231 255 255 63 0 0 255 255 0 255 0 30 57 255 135 0 0 255 0
    0 171 255 0 25 255 255 1 46 0 255 255 0 0 255 255 255 0 11 255 10
    255 0 0 0 0 255 255 9 0 255 255 255 0 255 255 255 0 0 0 0 255 255
    255 82 0 0 255 0 255 0 255 189 255 0 0 255 255 167 0 255 255 255 255
    0 255 0 200 255 0 33 255 255 255 0 255 255 0 0 0 53 192 255 0 0 255
    0 0 0 167 255 118 235 255 255 0 255 209 255 115 0 255 0 0 166 0 0 70
    255 255 255 255 0 255 255 169 210 0 0 255 242 255 255 255 255 255
    255 0 0 255 0 255 0 0 0 255 201 207 255 255 20 0 0 0 255 255 255 146
    120 0 0 83 0 47 255 255 0 255 255 0 255 0 255 0 96 103 255 0 255 0
    255 0 255 126 255 255 0 13 255 0 205 54 209 255 0 0 0 255 255 255 0
    228 94 0 0 150 255 0 255 0 255 0 0 255 0 255 0 61 0 0 217 154 208 66
    0 0 255 255 255 122 51 255 255 34 154 99 0 255 0 255 0 0 0 0 255 0
    255 255 0 0 255 255 0 0 0 255 255 0 0 0 46 255 255 255 255 255 255 0
    0 0 0 255 0 255 154 255 0 255 255 0 95 0 255 0 255 0 32 0 255 0 255
    0 255 3 0 0 11 0 0 255 255 255 0 0 0 88 0 255 0 0 0 118 255 0 0 25
    255 0 255 0 186 255 255 0 119 42 242 21 255 255 255 255 255 255 0
    101 83 255 18 0 255 0 0 255 255 140 255 255 255 255 0 255 255 255 0
    0 0 234 255 0 0 123 0 0 0 0 0 255 255 255 151 255 228 0 255 66 0 0 0
    0 255 169 0 0 241 255 0 0 0 0 0 30 0 255 0 255 0 255 0 255 255 255 0
    255 0 255 0 0 5 0 0 255 255 216 168 0 255 0 0 0 255 255 255 0 0 255
    255 0 0 220 0 89 255 244 255 255 255 198 0 255 0 255 255 255 43 0 0
    0 0 255 255 0 0 138 133 255 176 255 107 0 198 0 229 228 255 255 0
    181 255 255 255 41 0 0 255 255 255 255 0 255 255 0 0 0 0 0 255 255
    255 0 255 255 255 0 255 0 0 0 0 255 56 206 0 255 255 255 46 0 112
    136 0 255 0 255 0 255 255 0 0 0 255 255 255 255 232 0 0 0 255 0 0 0
    255 255 107 0 255 25 255 0 255 0 255 0 0 0 255 0 255 255 255 255 255
    0 255 255 255 0 161 0 0 255 0 255 41 0 255 255 255 0 164 77 255 0
    255 0 194 255 0 0 14 0 0 0 0 82 255 255 0 0 9 232 255 255 255 255
    255 0 255 255 0 0 0 0 255 255 255 176 0 0 255 228 157 0 255 255 10 0
    255 255 255 0 255 143 255 0 255 0 255 0 251 255 255 0 0 0 0 45 0 255
    224 0 255 0 255 255 255 0 255 255 0 255 0 255 0 255 227 255 0 0 255
    0 0 24 255 255 255 253 31 126 0 0 255 255 208 210 255 0 72 255 255
    255 0 0 255 255 255 0 0 0 255 255 0 255 255 255 255 0 33 65 255 255
    0 255 255 255 0 0 0 255 6 255 0 255 0 255 0 255 201 255 0 65 255 0
    255 0 0 0 0 255 0 255 249 32 0 0 0 0 0 0 140 255 255 0 0 0 255 0 255
    73 255 0 177 0 0 0 0 255 32 221 0 255 117 255 0 0 0 255 0 17 255 255
    0 131 255 255 0 255 0 0 0 255 255 255 94 0 0 255 0 0 0 255 0 18 255
    186 255 0 46 0 0 255 0 0 0 255 255 255 255 0 0 0 0 242 255 255 155 0
    255 0 108 0 0 255 167 255 255 255 0 255 49 47 255 255 253 0 255 193
    255 170 0 0 255 255 255 0 0 0 255 182 255 45 255 3 4 0 0 135 255 255
    255 255 200 0 0 255 255 91 0 0 0 255 0 255 0 73 0 0 255 255 255 0 0
    255 255 238 0 0 0 0 255 255 255 206 0 126 0 0 0 0 52 0 139 0 255 233
    120 0 255 177 255 0 255 255 255 255 0 0 0 255 255 0 0 0 108 61 94 97
    36 44 194 255 255 255 0 0 0 255 0 255 199 0 0 0 85 255 255 153 0 189
    255 255 111 0 255 0 255 0 0 249 0 255 255 255 0 5 0 255 255 255 0 70
    132 71 255 255 0 255 0 255 0 231 79 0 255 0 255 15 255 255 0 0 0 255
    0 0 233 0 255 255 0 255 0 255 255 255 0 0 255 255 255 0 0 255 0 0
    255 0 83 0 255 0 0 87 24 255 0 55 154 255 136 209 128 255 0 255 0
    255 0 50 255 217 255 41 0 255 144 81 0 0 0 105 52 255 0 255 0 255
    255 255 255 130 255 255 0 255 255 0 0 0 206 255 255 255 0 0 198 255
    16 255 0 0 0 255 255 199 0 0 255 255 236 88 0 255 255 0 21 0 0 0 0
    137 0 255 255 0 255 75 0 0 0 255 255 0 76 0 0 255 255 255 0 43 255 0
    0 0 255 0 255 255 0 255 4 33 0 0 0 0 255 255 255 255 116 0 255 255
    255 255 255 255 222 0 255 255 0 255 0 86 129 22 255 227 255 255 255
    0 0 80 0 255 255 255 0 111 255 0 255 255 255 0 189 255 0 32 0 213
    255 0 255 0 0 255 94 73 0 34 255 0 0 255 255 255 0 0 0 33 255 0 255
    102 255 0 255 167 255 0 0 0 255 255 0 52 255 255 255 0 62 255 255
    255 0 0 0 0 37 255 255 255 0 0 61 255 0 0 230 0 255 17 255 0 116 255
    0 255 215 255 0 255 255 255 17 0 157 255 255 255 255 0 0 0 255 0 188
    0 92 243 255 255 255 0 255 0 255 0 0 255 255 76 0 255 0 0 0 255 0
    255 0 255 255 0 0 0 255 37 255 255 0 255 99 255 255 0 255 255 0 0 0
    0 16 0 0 0 255 0 164 6 0 0 39 255 255 0 255 123 0 255 139 143 0 0
    255 0 108 0 255 116 0 13 0 0 255 241 207 255 255 45 0 255 41 0 0 255
    18 255 0 255 0 0 254 56 255 255 255 0 7 0 255 255 0 0 0 60 255 0 0
    255 0 0 255 255 255 0 51 255 0 168 0 11 0 0 0 0 117 123 60 79 48 255
    0 0 0 0 255 0 255 255 255 0 158 255 0 255 173 255 0 0 13 255 180 255
    255 0 0 255 0 255 148 238 0 0 0 0 255 0 20 255 255 0 0 255 255 24 0
    255 0 249 255 160 255 0 255 218 6 0 0 255 255 255 0 255 255 255 0
    255 54 255 31 255 0 0 0 255 116 255 0 255 0 0 0 255 179 255 0 0 255
    255 0 0 255 255 0 0 98 42 255 255 255 255 147 236 0 0 0 255 255 255
    0 208 0 255 0 0 255 0 183 0 0 255 255 255 255 255 0 255 230 0 255 0
    255 52 255 255 0 0 0 255 255 0 0 0 255 0 0 0 0 0 255 255 0 0 0 0 255
    255 0 44 225 255 255 0 255 255 0 0 0 37 255 255 69 255 0 45 44 255
    117 255 0 255 17 0 116 0 255 255 255 52 255 0 0 0 0 0 0 249 175 255
    0 0 0 255 0 0 0 0 255 0 0 255 0 255 0 0 240 255 255 5 73 0 0 0 255
    255 255 255 0 0 255 221 255 0 0 0 255 100 62 240 0 255 0 0 0 0 0 154
    255 0 0 255 0 0 0 255 255 28 255 0 255 86 83 255 0 255 255 163 240
    199 255 0 221 0 255 0 255 0 255 146 255 255 255 255 0 255 255 0 0 0
    255 255 140 0 0 0 255 20 0 0 229 0 56 0 255 0 0 0 255 12 98 0 255
    255 255 29 0 136 0 255 255 255 255 0 48 0 255 0 255 0 98 0 255 255 0
    0 0 0 255 255 142 255 0 0 103 255 255 0 0 255 8 0 255 255 255 0 0 0
    255 0 0 0 255 0 0 255 255 255 255 255 0 0 255 255 255 0 0 0 0 140
    100 251 88 47 0 255 170 255 0 0 255 0 255 92 0 0 255 255 255 0 255
    255 80 255 0 0 255 215 0 255 0 255 255 255 255 0 0 255 0 133 0 75
    185 255 232 0 255 0 255 77 255 255 86 255 0 255 0 255 0 255 255 0 0
    255 255 0 0 255 255 255 255 255 52 255 255 255 0 0 0 0 255 255 74 0
    255 255 144 255 0 255 0 41 0 255 231 255 0 255 255 0 150 20 255 0 0
    255 255 0 255 0 255 0 255 0 0 255 255 0 0 255 0 185 0 255 0 255 0
    255 0 99 0 255 0 0 0 0 0 255 255 255 255 255 103 253 0 255 255 0 255
    0 255 255 118 0 0 255 255 243 0 0 0 255 255 0 255 0 255 0 0 255 0
    255 255 50 255 0 255 0 255 65 0 0 0 0 255 0 0 249 23 255 255 0 0 0
    255 255 255 255 66 255 255 0 255 0 255 255 255 24 17 184 0 0 255 0
    255 0 0 0 229 134 234 19 255 255 255 169 0 255 255 255 0 0 0 255 255
    255 16 236 0 11 141 0 252 255 174 255 0 255 0 0 0 255 1 255 0 255
    188 0 0 0 0 255 255 180 0 2 255 0 123 255 255 120 0 255 255 0 255
    109 133 0 0 255 255 255 0 224 255 0 0 0 255 247 0 35 255 132 255 255
    255 255 255 84 0 0 0 193 0 0 255 255 255 0 0 0 240 255 255 0 255 0
    255 255 255 0 57 255 18 255 255 255 0 255 255 150 255 0 255 0 255 0
    255 230 138 255 255 255 0 0 255 255 255 0 0 0 0 0 129 255 255 251 0
    0 0 0 255 255 255 255 0 255 0 0 255 255 0 0 0 255 255 255 255 255
    217 255 255 248 0 0 255 0 255 255 255 255 0 0 0 255 0 0 0 255 216 0
    0 0 255 255 42 0 255 255 255 255 0 103 255 176 0 9 255 255 255 0 228
    0 255 131 122 178 211 0 0 255 149 255 0 0 0 209 0 75 0 255 255 255
    61 255 28 0 0 0 0 255 255 192 255 0 0 27 255 255 5 0 0 255 255 0 0
    255 139 255 0 0 0 0 172 255 119 206 161 0 255 68 184 255 0 255 255
    255 0 0 255 255 255 0 16 53 255 0 0 43 255 255 0 255 255 236 0 0 112
    255 0 0 0 255 210 255 255 169 0 82 0 0 255 0 48 0 0 87 123 255 255
    120 255 255 255 255 0 130 0 0 0 0 255 255 255 0 0 255 0 0 220 255
    255 0 0 0 253 0 255 0 255 145 255 0 255 0 205 0 12 255 255 255 0 37
    0 255 255 255 0 220 0 255 255 255 255 0 114 145 164 0 255 255 255
    255 32 255 0 0 255 255 255 0 0 62 0 255 0 255 255 233 0 255 255 0
    255 128 255 0 43 174 200 255 255 0 0 236 0 0 255 255 255 0 0 70 0
    255 255 0 255 0 255 0 255 0 255 0 255 0 212 117 29 255 0 255 66 0
    255 255 255 8 0 107 0 255 0 0 0 0 0 255 23 0 0 255 255 255 0 0 255 0
    255 0 0 0 255 110 0 194 255 255 0 255 0 255 34 0 255 255 255 0 0 8
    126 0 93 0 100 0 0 167 0 255 255 255 142 255 255 177 149 0 255 0 0
    255 0 0 0 100 255 113 255 255 255 0 0 0 255 255 0 0 0 255 255 255
    255 255 255 0 0 255 255 81 193 255 0 0 0 255 0 0 0 255 255 255 255 0
    0 0 0 122 0 0 255 226 255 255 0 0 253 255 102 0 0 0 255 0 178 0 0
    255 141 45 0 56 255 0 255 0 255 0 255 236 255 0 255 255 255 98 0 255
    0 255 0 255 255 0 0 0 75 0 255 0 160 0 255 0 0 0 255 69 0 0 0 182 0
    255 93 0 255 0 220 0 0 255 48 145 119 0 255 0 255 0 255 242 255 0
    184 255 255 0 255 0 255 0 0 0 0 25 198 0 0 0 255 255 255 0 176 255 0
    255 255 0 0 255 255 71 0 78 255 0 0 0 255 255 243 255 253 0 255 255
    255 255 255 0 12 0 227 0 0 0 167 0 2 255 255 255 255 0 0 210 255 0
    255 12 255 170 28 0 43 80 255 255 255 232 0 0 255 112 255 0 0 219
    236 255 255 0 0 255 255 20 0 255 255 28 0 0 255 255 255 142 255 0 0
    0 255 255 0 0 0 255 0 255 177 25 0 220 255 255 255 0 0 0 255 255 31
    0 255 255 0 0 0 255 255 0 0 255 255 255 55 0 255 255 255 218 255 0
    255 0 255 0 255 223 0 103 255 219 3 0 0 255 149 255 0 0 255 9 255 0
    255 0 255 255 255 0 255 177 255 139 194 0 0 255 180 0 255 0 0 199 29
    255 255 0 0 0 255 255 236 255 0 169 0 62 25 255 0 255 255 255 255
    255 255 0 255 255 255 0 0 0 255 0 0 0 0 255 86 0 255 0 200 255 255
    255 123 0 0 0 18 255 255 255 0 0 0 221 0 0 0 255 255 255 0 0 0 255
    187 255 0 255 0 255 0 255 0 1 0 181 255 255 0 255 0 96 255 0 255 0
    255 255 119 222 255 0 0 0 255 255 255 0 255 0 0 0 255 255 0 255 0 0
    0 0 0 72 255 0 255 255 255 255 52 0 0 223 255 0 0 0 247 255 220 202
    0 135 0 0 0 0 0 149 255 255 255 0 0 0 142 0 255 255 63 0 255 0 255
    64 255 49 225 0 255 0 0 0 255 5 255 0 255 255 255 0 0 0 255 255 24 0
    255 0 0 255 0 255 231 143 0 255 0 0 0 0 255 0 192 0 255 255 255 255
    30 0 0 0 255 255 233 0 255 0 120 104 0 255 0 0 0 255 73 255 0 120
    255 255 0 0 0 255 35 224 44 0 0 216 0 255 0 255 0 255 255 0 0 255
    255 0 0 108 154 255 0 12 0 0 0 0 211 84 156 255 255 255 0 0 107 0
    255 0 255 255 0 255 0 0 111 0 255 202 255 0 255 255 255 255 0 0 0
    116 255 0 0 0 255 0 28 0 0 0 255 255 255 0 177 0 0 255 255 255 230
    64 135 0 0 255 255 34 255 0 25 0 179 0 19 0 191 0 255 255 255 0 184
    0 255 247 255 255 122 0 255 255 255 0 0 255 255 0 0 255 255 255 0
    255 0 255 255 0 255 0 0 0 255 255 0 255 0 124 0 0 255 255 0 0 0 0 0
    0 255 0 0 0 255 228 0 0 255 255 0 0 0 255 255 0 255 0 255 106 255
    255 211 255 0 255 0 255 255 255 255 0 0 0 0 0 233 0 0 255 0 0 0 0
    233 8 255 255 0 255 0 255 255 255 255 0 0 0 97 255 255 255 186 0 0
    255 255 69 255 0 255 255 150 255 42 0 0 255 255 0 255 255 255 255 0
    0 0 255 164 188 0 255 0 170 147 255 0 0 88 0 255 255 189 213 255 0 0
    255 255 255 255 208 255 0 148 0 192 0 0 5 89 100 0 255 255 255 255
    255 0 255 0 255 255 0 0 255 201 177 61 255 70 53 0 136 0 255 241 255
    76 255 255 0 255 0 255 255 255 255 0 63 255 255 255 0 255 232 0 7
    255 255 0 0 255 255 102 126 255 255 0 60 0 0 0 255 255 255 0 0 0 255
    255 255 158 0 0 0 0 255 255 0 0 17 228 255 255 255 0 0 0 0 255 255 0
    255 0 153 0 255 0 0 32 255 129 0 255 255 255 0 255 0 255 255 255 0 0
    255 16 168 255 255 255 255 0 255 0 255 0 255 48 137 0 255 255 255 0
    184 255 255 0 0 0 255 255 120 0 0 106 0 255 225 0 0 255 18 255 255
    255 0 42 255 0 255 255 255 255 30 0 255 78 255 255 0 255 255 255 0 0
    255 0 255 0 41 0 255 0 255 110 182 1 0 255 255 255 0 255 72 0 0 28
    94 237 0 0 0 255 202 0 0 255 255 119 0 0 255 255 255 0 239 118 255
    255 255 156 255 255 0 0 255 0 0 64 255 255 0 0 0 255 255 255 0 0 0
    255 0 0 0 153 255 255 229 0 46 0 255 255 0 0 255 0 126 0 255 255 255
    255 220 0 0 255 255 255 0 0 80 0 0 0 255 107 135 0 0 255 255 255 191
    68 0 255 0 0 0 0 0 0 255 0 255 255 121 145 16 14 255 0 255 255 0 92
    232 255 0 0 16 0 255 255 97 0 255 255 255 0 0 0 255 255 255 255 255
    0 0 0 255 255 255 0 0 255 0 255 123 255 0 0 0 255 69 0 0 0 0 153 0
    255 255 0 162 0 255 10 255 255 49 0 255 211 0 121 0 255 61 255 0 255
    209 255 0 255 0 255 0 255 255 239 255 0 255 0 0 0 0 255 0 255 0 255
    0 132 36 255 255 0 0 17 255 255 255 0 255 74 255 255 233 1 0 255 167
    255 255 255 255 0 255 122 251 178 0 0 0 255 255 255 190 0 255 0 0 0
    218 0 0 0 255 93 255 0 255 0 255 255 255 0 85 255 255 0 255 7 0 207
    0 255 255 0 255 239 167 0 0 0 0 0 255 255 255 0 0 0 0 0 255 0 255
    255 0 0 155 255 194 255 0 125 255 0 0 0 255 255 0 255 255 0 0 255
    255 0 0 60 0 255 255 0 255 0 211 0 118 255 255 255 0 255 130 0 255
    230 0 225 249 0 0 255 16 255 255 0 255 0 255 51 0 255 255 117 255 0
    0 120 0 0 166 0 0 255 255 42 88 0 0 255 0 255 255 252 255 255 255 0
    154 243 255 0 0 255 192 255 97 255 0 143 50 255 255 0 0 0 255 0 255
    0 255 255 0 255 0 255 255 0 0 255 255 0 0 0 255 0 0 131 104 255 0
    255 252 190 0 57 0 255 255 255 0 0 0 255 0 255 239 255 21 255 0 173
    100 120 152 37 0 255 0 151 0 255 255 255 255 159 255 0 255 208 115 0
    230 255 198 0 255 0 0 0 255 255 255 0 255 255 0 255 0 255 0 137 161
    255 235 0 0 0 255 255 255 255 135 178 237 255 255 255 200 0 0 255
    255 0 0 163 0 255 255 216 255 255 194 0 0 0 255 0 255 0 255 0 0 0 78
    255 255 200 0 0 255 255 255 94 0 133 204 0 0 0 255 255 255 0 255 199
    0 37 0 255 0 255 0 255 0 0 0 2 255 255 0 19 255 0 0 0 255 0 255 0
    255 0 0 78 255 255 0 0 255 255 0 136 0 227 0 0 46 255 255 0 255 255
    0 255 118 0 0 255 228 0 0 0 255 247 0 0 57 0 0 255 0 0 255 11 0 0 0
    255 0 154 81 190 204 0 0 246 255 255 0 0 0 0 0 0 238 255 0 255 0 0
    214 0 255 0 255 0 255 0 0 0 255 255 0 233 0 190 255 255 255 173 0 0
    0 255 255 255 204 228 255 0 0 0 0 255 220 0 255 0 187 0 255 0 0 255
    255 53 255 0 255 0 255 196 255 255 0 0 0 248 0 255 0 159 0 171 0 0
    255 0 0 143 20 35 255 255 0 255 20 255 0 92 0 255 0 255 136 36 255
    255 124 0 0 255 0 0 0 234 255 255 0 0 0 255 0 255 0 0 0 132 0 0 0
    255 255 198 0 255 135 255 159 255 0 255 0 246 0 0 255 223 0 233 255
    255 109 55 0 0 0 73 255 36 0 0 255 255 255 255 142 0 0 0 0 255 255
    255 255 0 111 0 0 0 115 255 255 0 0 101 0 190 0 255 255 0 0 0 255 0
    42 0 255 81 22 0 255 216 255 0 255 255 255 0 0 0 255 255 255 0 240 0
    151 175 0 255 0 255 73 255 0 0 0 255 255 255 253 0 0 255 255 0 255
    255 0 212 0 0 0 0 0 255 0 81 0 146 255 0 255 0 255 0 0 204 0 0 0 0
    158 0 255 208 255 255 255 255 0 0 255 0 0 255 255 255 164 0 0 255
    255 255 0 0 0 0 0 255 255 255 0 0 0 255 0 255 255 255 255 0 0 0 255
    255 0 0 255 255 255 114 255 255 83 0 0 73 255 255 89 255 0 0 0 163 0
    2 0 0 255 0 255 0 140 62 0 0 0 255 0 255 0 255 0 255 255 255 0 0 0 0
    255 255 255 182 0 0 0 0 0 255 255 255 255 0 0 0 255 255 255 0 255
    255 0 0 0 47 0 255 255 0 19 0 255 0 38 0 0 187 255 255 255 9 247 255
    0 0 0 0 255 255 0 255 0 255 0 255 14 255 0 113 0 0 9 19 255 0 0 0 30
    0 255 118 255 0 0 255 0 255 255 255 0 0 255 255 0 0 255 0 255 255
    255 0 148 255 0 0 255 0 255 0 0 255 255 255 255 0 198 0 255 255 255
    0 255 0 255 0 255 0 255 0 255 0 0 102 19 255 255 255 88 59 255 0 0
    255 187 0 255 0 255 0 0 0 255 255 255 232 0 0 0 255 255 193 255 0
    255 0 0 255 255 0 147 255 137 0 255 0 255 0 0 0 0 255 255 0 161 255
    255 0 255 255 0 0 0 0 0 0 0 255 196 255 0 0 0 255 0 255 255 255 0 0
    255 255 28 255 107 0 133 255 255 0 255 0 196 0 0 0 247 255 0 255 255
    8 255 255 255 255 82 140 255 255 255 0 170 255 255 0 0 4 255 255 255
    80 255 0 255 0 255 0 0 0 216 123 89 0 0 255 255 0 0 255 255 255 255
    255 255 0 255 255 255 0 0 255 255 0 255 123 0 0 0 255 119 20 0 255
    255 255 114 255 0 255 0 255 182 255 0 0 0 0 255 52 255 0 255 183 169
    255 255 255 255 255 0 0 15 0 0 255 255 255 0 240 0 0 255 255 71 0 0
    255 255 255 0 255 255 255 0 0 0 0 255 255 255 255 0 34 255 0 0 0 255
    255 145 0 0 35 0 255 255 255 204 143 255 255 255 12 0 0 255 77 0 0
    255 130 255 205 255 0 255 55 255 0 255 0 219 0 0 0 229 0 255 255 255
    0 0 0 255 255 0 0 0 255 0 255 255 0 255 0 255 0 255 0 0 0 255 53 6
    255 128 255 255 0 255 0 255 255 255 0 0 0 255 0 255 255 255 255 255
    255 0 255 0 0 255 0 255 255 255 0 0 23 0 0 255 255 255 255 255 0 243
    0 255 62 255 193 255 255 0 14 112 255 255 255 252 0 0 255 0 255 217
    255 0 194 255 255 0 0 195 0 210 106 92 255 0 255 0 126 0 172 255 0 0
    0 255 255 255 0 0 255 255 0 138 0 255 255 0 255 255 255 0 75 0 255 0
    0 104 155 255 90 255 0 0 0 0 17 0 173 0 255 255 255 255 255 0 0 255
    255 255 0 0 218 255 0 0 255 255 255 0 96 255 181 255 255 0 0 207 0
    156 51 196 151 0 0 255 253 32 185 255 0 251 190 101 0 0 28 255 255
    255 0 62 0 255 180 255 255 255 89 243 0 0 255 255 216 255 57 3 255 0
    255 255 0 0 255 255 0 0 255 255 255 255 255 255 255 219 0 0 255 255
    213 0 255 255 255 0 0 255 255 0 0 255 255 0 0 0 0 255 16 255 0 167
    218 0 192 0 0 232 131 255 0 255 255 255 255 255 255 255 0 255 0 255
    0 255 0 11 255 0 255 255 255 14 65 0 255 0 0 43 255 0 123 143 0 255
    0 255 0 0 255 0 255 0 48 0 0 255 255 142 70 0 255 0 0 255 0 103 0
    255 255 0 0 0 255 255 255 0 0 78 0 54 8 255 0 104 0 0 255 0 0 0 255
    92 0 0 255 35 0 255 255 0 255 0 255 0 255 0 255 116 255 255 0 255 28
    255 255 0 0 0 255 255 255 0 255 231 254 19 0 255 255 255 0 0 51 170
    255 0 224 0 109 0 0 89 0 0 0 0 255 46 67 250 0 255 0 255 255 0 255 0
    35 0 182 28 215 0 255 71 255 255 255 255 255 0 0 0 0 255 255 0 0 255
    255 255 0 0 255 255 255 219 255 0 123 0 19 0 0 0 255 255 0 255 230
    255 255 255 255 210 0 0 86 13 255 0 0 255 255 244 0 255 255 145 183
    42 183 50 26 255 0 0 255 98 255 0 0 113 255 94 255 255 248 0 255 255
    0 255 255 255 0 255 49 255 0 255 255 0 0 255 166 255 0 189 0 0 0 0
    255 255 0 0 0 0 255 0 214 255 255 216 255 63 253 0 0 160 255 0 0 0
    255 255 255 0 255 197 255 255 0 255 199 255 255 0 218 0 0 255 128
    255 240 0 64 255 255 0 0 171 255 255 255 255 188 0 0 255 255 255 0
    255 0 255 0 234 255 255 255 0 0 255 255 255 255 137 0 255 86 0 0 255
    158 0 0 0 255 5 0 244 255 0 0 255 155 255 255 255 68 0 255 255 255
    255 255 255 255 218 154 0 255 255 174 255 0 0 18 255 0 104 0 0 0 0
    255 0 0 0 200 0 5 255 0 255 0 255 0 255 0 0 255 212 255 255 255 255
    0 126 255 255 255 0 0 0 0 114 255 255 255 0 255 0 0 0 161 255 95 90
    0 107 255 84 255 0 0 255 255 0 0 0 255 79 0 255 0 255 255 162 91 135
    0 255 0 51 255 255 0 0 198 255 255 221 0 255 162 255 0 0 0 0 255 255
    255 86 0 0 97 0 0 0 255 255 45 255 0 255 53 255 0 0 255 0 2 255 255
    0 148 240 72 0 255 255 161 0 255 111 255 0 0 0 255 162 255 0 0 255
    255 255 0 255 180 255 255 255 0 0 255 255 0 255 0 0 0 86 0 208 0 0
    255 74 0 0 255 255 255 255 255 64 0 0 255 182 0 0 7 255 255 255 255
    129 0 84 0 1 255 255 194 170 0 255 17 250 0 0 255 255 255 0 131 255
    255 0 0 255 107 0 0 0 255 0 120 0 240 0 0 204 0 0 0 0 255 255 0 0 0
    0 0 255 0 89 0 255 0 255 255 88 255 0 0 0 30 0 0 105 0 255 0 255 0
    48 255 255 0 255 169 0 255 0 255 255 255 255 0 229 0 255 218 255 0
    255 0 255 20 255 0 0 0 35 0 255 255 0 255 0 183 0 207 211 231 0 255
    255 206 255 255 241 255 0 37 0 255 255 255 0 255 0 176 0 0 0 255 0
    255 0 255 0 0 255 255 0 0 0 170 0 0 49 255 255 140 255 0 255 0 0 0
    255 0 255 73 252 0 169 255 255 0 0 0 255 185 0 0 0 215 255 0 0 0 255
    145 0 255 255 254 0 0 250 0 255 255 255 0 255 0 255 244 255 0 255
    138 255 0 255 255 0 113 0 0 7 255 255 255 0 25 0 0 0 255 255 255 0 0
    255 255 0 255 255 255 77 0 101 0 255 255 215 255 0 255 0 255 255 255
    0 255 0 0 0 177 110 255 255 255 0 0 58 255 61 0 90 255 0 181 85 0 0
    0 255 255 255 255 255 26 0 0 0 255 239 0 110 0 0 0 255 255 255 255 0
    229 0 255 0 151 255 255 0 0 0 255 255 255 104 0 255 35 210 162 0 0 0
    0 255 0 255 157 0 10 255 255 0 240 20 255 255 0 0 0 0 28 255 0 0 82
    255 255 255 0 0 187 97 0 75 255 255 255 255 20 255 255 187 255 255 0
    255 34 0 255 0 243 255 0 255 0 255 0 255 0 255 255 255 0 255 49 255
    0 0 255 255 0 197 64 255 255 225 0 0 0 190 159 255 255 255 0 63 0
    194 130 105 255 255 255 114 0 113 0 255 0 0 192 255 255 0 0 155 126
    104 255 0 0 234 255 0 255 0 0 255 255 255 0 0 0 255 212 0 0 255 177
    255 0 0 0 255 255 255 0 0 0 128 255 0 0 255 255 255 38 0 250 0 17 0
    88 0 255 0 255 0 159 0 0 255 255 255 255 255 255 0 173 0 255 0 0 0
    43 255 0 255 0 255 0 0 97 137 255 0 255 255 255 111 255 255 0 0 255
    0 0 44 0 44 255 0 161 0 255 0 255 0 255 0 255 0 255 255 227 0 0 0
    109 255 122 255 255 255 0 0 255 0 255 0 179 255 255 0 0 255 40 0 0
    177 255 0 201 0 0 255 255 255 255 255 255 0 255 255 255 0 71 0 255 0
    255 255 180 255 0 0 0 0 255 255 255 0 104 255 255 0 0 255 130 255
    255 255 0 0 0 255 0 255 255 255 0 0 0 0 255 255 78 255 0 0 122 209 0
    0 255 0 0 255 255 77 0 0 47 174 255 0 119 255 0 255 251 251 255 140
    220 0 73 189 0 97 255 255 255 0 173 100 255 0 17 0 255 0 225 255 255
    0 62 0 255 0 255 0 255 0 255 255 255 0 255 255 255 0 0 181 255 0 240
    0 0 255 129 255 0 255 0 219 2 255 255 0 255 0 0 0 255 255 109 0 0
    191 255 255 0 255 255 89 0 255 0 255 0 255 254 0 0 255 255 86 0 255
    212 0 0 29 0 255 255 0 0 0 255 255 255 0 255 132 255 255 255 52 0
    158 255 255 0 0 32 0 255 255 255 0 68 255 255 255 0 255 0 255 0 255
    0 213 255 222 255 0 0 0 226 0 0 102 0 228 0 255 255 0 39 251 12 0 0
    255 255 216 0 0 0 255 218 255 255 0 0 233 255 222 0 255 255 255 0
    255 0 255 255 46 0 0 0 116 17 255 0 255 0 255 43 255 0 78 255 255 0
    215 0 61 0 255 255 255 255 11 255 0 0 0 102 0 0 92 130 255 126 190 0
    37 0 0 255 255 120 0 255 16 255 0 255 61 0 255 255 0 0 0 255 255 255
    255 255 0 0 0 0 255 255 16 44 255 0 35 2 0 0 0 255 255 0 255 255 103
    0 255 0 255 255 255 255 0 255 255 255 0 255 255 255 0 60 0 255 255
    255 255 255 255 0 0 169 255 255 0 0 255 255 255 255 0 0 0 229 255
    103 0 236 0 255 255 255 255 255 255 0 0 0 255 0 255 255 109 0 0 255
    255 255 255 255 0 255 0 45 0 255 255 0 255 255 0 222 255 255 52 0
    129 255 255 255 98 6 0 0 0 0 255 255 255 218 0 255 26 255 0 0 57 129
    76 149 255 255 0 255 0 255 0 0 0 255 116 19 0 255 255 0 255 223 255
    0 255 0 0 0 66 162 255 255 255 255 0 0 157 0 255 255 255 255 0 255
    255 255 255 0 0 0 255 255 28 255 81 0 0 0 255 0 255 28 255 0 255 0
    255 0 0 0 255 99 255 0 255 0 255 8 0 197 0 255 0 0 0 255 255 255 0 0
    0 0 255 0 0 139 255 107 0 0 255 0 255 255 0 235 0 255 0 0 0 193 16
    255 255 0 0 0 149 0 67 249 0 0 198 0 255 199 255 0 21 47 178 211 0
    255 0 255 0 0 0 0 0 0 0 255 255 255 0 255 170 55 0 0 255 255 120 164
    255 0 177 255 255 255 255 0 0 255 0 255 0 170 255 255 0 242 0 255 0
    255 0 176 255 66 0 0 255 161 255 255 0 0 0 70 255 0 255 0 0 255 17 0
    0 0 0 255 0 0 0 6 222 255 0 255 255 255 0 89 0 255 255 255 255 0 255
    93 0 255 4 255 26 255 0 255 0 255 0 177 65 255 36 101 255 171 201
    105 0 160 0 255 0 255 99 255 0 203 255 0 0 0 255 95 255 58 255 232
    255 0 255 156 47 0 0 255 67 0 0 255 0 0 0 255 255 255 255 203 255 14
    255 0 255 0 255 0 255 0 0 0 255 255 255 0 0 0 255 255 118 15 255 152
    0 0 163 119 80 0 255 255 255 255 0 140 0 0 255 0 255 140 0 0 0 255
    32 255 111 0 0 0 255 0 0 0 255 0 0 0 238 255 123 0 0 0 255 0 255 0 0
    0 255 255 123 0 29 61 0 88 255 255 255 255 255 0 26 136 255 255 255
    59 0 255 254 255 0 141 0 0 255 0 255 0 0 0 255 0 255 0 255 0 255 255
    0 255 0 255 0 113 0 0 0 255 0 255 0 0 0 255 226 0 0 255 253 255 255
    155 0 0 0 0 0 255 36 0 249 255 255 185 0 0 0 255 255 0 217 0 156 0 0
    0 255 255 255 255 0 255 0 255 0 0 0 255 255 0 182 255 255 0 255 135
    0 0 255 255 0 0 0 255 135 255 0 255 196 0 108 255 255 255 0 0 74 0
    255 78 255 120 0 0 0 255 159 255 0 0 0 246 255 255 255 255 0 0 0 174
    255 255 106 255 182 44 4 255 255 255 199 134 255 255 255 0 0 255 0 0
    0 60 0 30 255 0 255 0 255 0 255 233 215 255 0 236 115 0 255 0 255 30
    21 0 156 255 255 255 0 20 255 255 176 0 0 0 255 255 255 0 130 0 255
    255 0 27 0 255 0 0 255 255 255 0 0 255 255 255 0 255 0 255 0 255 255
    255 0 255 93 255 125 0 0 0 0 0 0 0 0 255 164 255 0 0 255 0 76 0 190
    48 220 255 98 42 255 0 255 255 153 196 55 0 0 0 0 0 255 141 255 255
    255 0 0 0 0 156 255 255 255 8 172 0 0 255 0 255 0 255 0 0 0 255 255
    255 255 0 0 255 0 0 144 255 0 0 134 0 255 220 255 255 255 0 255 255
    85 255 221 0 0 0 0 0 224 20 255 0 0 255 255 0 255 0 255 255 83 237 0
    10 255 0 0 0 0 0 41 222 255 255 0 255 255 255 255 0 255 0 255 0 0 0
    0 255 255 255 255 0 0 0 47 255 255 0 0 0 255 255 255 0 108 255 255 0
    0 0 255 0 79 0 23 255 255 255 0 0 0 93 95 255 255 255 0 0 255 132 50
    255 255 255 255 84 255 0 255 59 31 0 0 0 0 238 255 166 0 242 0 255 0
    255 0 255 82 255 193 255 255 0 255 0 255 0 197 0 255 255 0 0 0 255
    255 255 0 255 255 255 0 0 0 255 255 0 14 255 255 255 0 0 0 109 0 255
    207 255 246 0 255 255 0 32 255 251 255 0 0 0 255 255 126 0 0 0 255
    255 0 111 0 255 188 255 0 0 0 0 255 110 255 255 255 0 255 0 255 0 96
    255 0 236 0 255 0 244 0 255 0 255 46 73 0 255 0 255 0 0 255 0 255 0
    0 255 255 255 0 0 0 0 0 255 100 0 0 0 0 0 126 255 0 255 0 255 0 255
    255 0 0 255 0 0 0 104 0 0 83 255 255 0 255 202 255 131 0 0 255 255 0
    255 0 92 255 0 255 0 0 255 255 255 255 128 169 122 94 180 255 0 255
    248 0 0 163 255 255 100 0 0 0 255 55 255 0 0 0 0 255 255 0 156 255
    255 255 117 82 255 255 84 177 0 0 0 255 255 0 0 203 255 255 0 150
    255 143 0 0 0 107 255 255 255 0 0 216 0 255 2 255 0 180 255 207 255
    43 171 255 0 0 0 255 255 255 255 255 0 0 0 82 255 255 33 255 255 245
    0 0 73 255 86 86 255 0 255 0 116 0 0 255 140 0 255 0 255 255 255 255
    0 0 238 93 221 195 0 255 0 255 0 188 255 0 255 219 41 0 255 255 0
    204 91 255 255 131 166 255 150 255 193 57 255 0 173 255 255 255 0
    255 255 255 190 0 125 194 0 0 255 255 255 171 0 0 0 0 0 255 0 158 0
    174 0 0 195 255 255 0 255 0 0 64 0 0 0 255 255 255 0 0 255 255 255 0
    166 37 0 107 255 10 0 255 255 255 255 50 255 188 0 255 255 255 184
    211 255 255 0 255 0 255 255 0 255 194 0 113 0 109 255 191 255 255
    255 255 229 255 0 0 0 44 202 0 254 255 255 0 216 255 255 0 255 0 0
    255 255 174 0 255 215 255 0 0 255 0 255 255 0 0 0 255 255 0 236 0 99
    255 0 0 255 255 255 255 0 255 0 255 0 255 0 186 255 0 255 255 255 72
    0 255 0 0 0 0 0 255 136 255 0 0 255 164 0 0 255 108 255 255 0 255 0
    225 68 255 255 80 142 0 255 0 0 255 255 255 0 0 255 0 255 255 0 0 0
    255 255 0 255 0 255 0 0 0 0 255 255 255 0 0 63 98 255 0 0 255 255
    255 255 0 0 0 255 0 0 18 255 255 0 199 157 166 0 0 0 243 0 255 0 146
    255 255 0 255 255 255 0 0 172 169 255 0 255 0 0 0 255 255 255 255 0
    0 0 255 0 255 255 80 113 0 180 0 192 0 76 255 255 255 255 0 64 0 255
    0 0 255 255 203 255 255 255 255 0 0 255 0 0 255 255 96 0 50 0 99 255
    0 88 199 255 0 0 255 255 255 0 172 0 255 255 0 0 187 255 0 186 255
    255 0 255 0 164 161 0 255 255 146 0 0 0 255 255 35 255 26 255 255 0
    255 255 255 0 255 255 0 235 0 233 0 55 255 255 255 255 255 255 200
    255 255 0 0 0 255 112 255 0 0 255 227 255 0 188 255 255 247 0 0 0
    255 255 0 0 255 255 255 0 255 241 255 0 0 255 0 186 0 0 101 0 255
    255 255 0 255 255 255 255 255 0 0 0 0 0 108 0 0 235 59 255 0 106 249
    255 255 0 0 0 0 255 255 255 255 0 0 27 255 255 255 0 0 81 0 0 255
    255 0 11 36 115 144 97 12 0 255 235 0 0 0 0 255 219 255 0 0 0 231 0
    0 255 255 255 0 49 0 255 0 0 0 255 0 255 255 255 0 0 162 255 255 137
    0 0 255 0 36 0 0 47 255 255 255 0 255 0 0 255 0 95 229 78 255 255
    255 122 0 228 255 255 255 0 0 0 120 255 165 255 0 255 0 255 0 65 255
    112 255 17 255 255 255 161 225 165 92 0 0 0 255 56 255 255 255 42
    184 255 0 0 211 255 0 255 255 76 222 0 0 0 38 255 97 255 255 255 255
    255 255 255 8 255 158 0 255 255 255 255 255 0 0 0 0 255 0 255 0 255
    255 255 0 255 0 255 0 255 91 255 0 0 0 255 255 255 0 0 0 255 255 198
    0 0 0 255 255 0 151 0 255 255 166 0 255 255 255 225 255 255 255 135
    255 255 207 0 0 0 0 255 0 255 0 222 0 255 255 255 0 88 0 255 0 255 0
    255 255 0 0 255 58 0 161 50 255 0 0 255 255 255 69 255 0 255 0 0 0
    173 255 0 255 20 255 0 0 176 255 0 0 255 0 255 0 255 0 255 0 15 255
    255 255 255 0 0 255 255 0 0 211 228 255 255 106 0 0 255 255 255 0
    255 0 255 0 255 255 0 255 255 175 0 0 0 255 255 255 0 161 0 255 0
    255 0 0 0 255 255 0 255 255 255 155 115 0 0 0 255 141 255 42 0 0 0 0
    255 255 255 0 252 0 0 0 255 255 255 255 0 255 255 255 255 0 255 66
    255 255 223 0 0 0 116 0 255 0 255 0 255 0 0 79 255 184 0 0 0 0 0 255
    58 255 0 255 0 0 245 255 255 116 212 0 145 0 51 0 255 0 0 0 255 0
    255 0 0 255 255 255 130 255 255 255 0 103 0 129 0 255 243 255 255 51
    76 0 0 255 0 0 0 169 118 255 255 0 0 113 255 255 9 0 0 241 255 0 0
    255 255 255 0 255 0 255 0 0 255 218 255 170 255 0 170 255 255 134 0
    0 0 119 255 255 0 5 47 0 0 177 255 255 61 255 255 0 88 0 0 255 255 0
    255 226 0 255 0 255 255 255 255 0 255 255 255 0 130 137 0 0 0 66 231
    170 255 0 0 255 255 0 0 255 0 0 0 201 196 255 120 0 0 103 255 0 0 0
    255 255 255 255 11 0 255 255 0 0 255 255 255 0 255 186 53 255 176
    255 0 255 0 0 0 255 255 255 0 0 0 255 0 255 0 192 255 136 0 255 255
    255 0 0 255 227 11 0 255 0 0 0 255 0 0 0 255 84 0 0 255 255 130 0
    128 0 0 3 191 60 0 255 255 0 0 255 0 149 0 255 0 0 255 255 0 0 255
    255 255 0 255 0 0 255 255 0 0 0 255 0 0 0 0 255 0 255 72 255 0 0 255
    0 255 0 0 0 93 255 255 255 50 135 242 0 255 255 255 0 255 0 255 219
    10 0 255 255 0 0 255 0 82 0 255 75 255 0 255 10 0 0 0 0 112 118 89
    255 255 0 0 0 255 255 0 0 228 0 255 255 0 0 170 255 255 0 0 180 0 0
    0 0 0 234 47 255 255 0 255 255 255 0 255 0 255 0 146 0 255 255 0 255
    0 255 255 255 255 113 0 200 0 0 0 255 0 255 199 0 255 255 233 233
    255 235 0 242 0 255 154 0 255 0 255 0 255 238 0 0 255 0 255 255 255
    9 153 0 75 255 255 203 118 0 255 255 255 255 69 255 0 255 102 178
    255 255 255 49 0 0 255 0 0 0 255 255 0 255 20 0 62 0 72 200 174 255
    0 0 255 255 0 0 255 228 200 0 255 255 0 255 0 193 4 255 255 255 255
    0 0 87 0 255 0 255 0 255 255 0 0 0 0 0 0 255 255 226 0 0 255 79 255
    17 0 255 196 255 1 0 93 0 255 142 255 0 39 0 0 248 255 0 255 0 0 0
    255 255 0 255 0 255 0 170 0 255 0 255 130 255 255 0 0 0 0 255 0 255
    0 255 0 0 0 255 0 0 0 255 0 82 0 0 0 0 0 0 255 255 255 255 0 184 0
    255 0 255 5 255 0 41 255 255 0 0 0 255 255 8 255 195 0 255 145 255
    255 20 0 0 73 167 255 0 255 0 0 255 255 0 255 214 255 0 0 0 0 0 255
    0 0 255 0 255 0 0 0 255 255 253 255 0 255 255 0 255 0 255 255 255 0
    229 78 0 130 0 255 255 255 0 0 0 255 0 255 0 255 0 0 0 0 255 72 255
    0 0 0 41 255 255 255 255 4 255 0 255 0 255 125 255 0 255 255 255 255
    201 255 255 0 0 0 103 255 0 62 0 0 255 0 255 255 255 255 0 0 8 255 0
    0 114 255 0 255 0 180 146 255 0 255 0 0 0 255 185 255 0 255 0 10 0
    168 0 255 188 255 0 194 0 0 255 255 255 255 255 0 49 0 255 96 255 0
    32 0 255 0 255 190 255 0 0 0 0 0 255 255 215 0 255 97 0 255 0 0 0 0
    255 255 255 0 0 217 255 255 0 0 74 131 255 0 255 255 255 0 0 0 255
    255 0 0 0 255 101 227 0 255 213 255 255 56 255 0 0 126 33 255 0 255
    0 192 0 255 255 255 0 0 203 0 255 7 255 255 0 0 0 116 0 34 0 255 0
    255 75 255 0 0 0 0 255 168 203 0 0 255 0 0 255 0 255 0 0 0 255 255
    68 0 155 255 255 0 137 0 255 0 200 0 0 0 255 255 255 255 0 0 0 255 0
    0 69 0 255 0 255 255 0 0 201 255 255 0 0 0 0 0 0 255 255 255 255 101
    255 255 0 219 0 0 136 255 255 255 0 0 0 255 174 228 0 255 134 255
    255 255 0 0 255 184 255 0 82 0 255 0 255 0 255 0 255 255 255 0 0 0 0
    0 224 255 255 0 255 255 255 0 255 9 255 0 255 148 0 250 255 255 255
    0 255 216 0 255 255 0 255 0 0 0 255 255 0 0 0 255 255 0 212 168 255
    0 255 255 255 0 255 255 6 255 0 62 0 255 0 255 26 255 0 255 0 171 0
    187 255 0 255 255 0 255 161 255 91 255 159 0 157 255 150 0 0 255 255
    255 0 0 255 0 0 255 255 220 255 255 255 0 44 255 0 0 0 0 0 255 255
    255 255 0 255 255 255 0 0 255 225 255 255 255 0 0 255 255 0 0 0 255
    2 255 0 0 0 255 255 0 17 0 255 0 255 0 255 169 255 0 255 255 255 0 0
    255 255 255 255 0 255 101 0 0 255 0 0 255 255 0 0 0 255 255 255 41
    105 255 255 238 0 0 255 247 0 2 0 255 0 255 0 20 255 255 255 0 0 63
    0 0 0 255 238 0 0 96 29 99 255 255 0 122 185 255 255 0 0 133 34 183
    53 30 0 255 53 255 255 0 255 151 0 0 177 255 255 0 255 192 0 255 255
    0 0 255 0 0 255 255 207 0 0 255 255 121 0 163 119 0 255 0 255 0 0
    255 0 199 255 255 255 0 0 255 0 0 152 255 255 0 0 0 255 0 255 56 0 0
    0 246 200 0 255 255 255 168 255 255 0 93 65 255 73 0 255 0 0 235 0
    255 0 0 0 0 255 255 255 255 0 0 0 255 255 0 255 255 0 211 0 0 0 240
    0 0 255 255 0 0 0 255 0 255 255 255 0 240 230 0 194 169 0 255 255
    255 255 0 0 255 63 0 132 255 0 134 139 0 255 255 255 0 255 255 0 0 0
    255 167 255 0 0 15 255 255 238 0 255 255 255 0 255 255 0 0 0 255 51
    0 197 255 255 0 118 88 0 255 0 0 0 0 255 255 10 255 0 0 255 0 218
    255 255 255 217 255 211 255 0 46 0 255 255 0 0 255 0 255 194 255 255
    0 0 255 0 255 255 0 255 0 71 255 0 244 0 255 0 255 0 255 255 0 0 0 0
    255 255 0 0 0 88 255 0 0 0 0 255 255 0 255 231 147 0 0 255 253 91 0
    0 0 255 255 255 0 0 0 0 255 0 255 0 0 255 255 0 0 172 54 35 255 0 0
    0 255 131 84 0 255 85 255 0 0 163 0 255 255 255 0 0 41 168 255 0 77
    0 0 0 255 255 255 245 255 0 215 0 255 255 5 255 127 238 2 13 0 255 0
    255 0 199 0 255 0 0 0 255 255 0 255 0 255 0 255 0 131 0 243 255 0 10
    0 255 0 255 0 255 202 0 0 0 255 99 255 160 0 255 0 0 0 172 255 0 255
    0 255 0 195 0 0 255 255 90 0 33 255 255 255 0 0 255 255 255 255 0
    255 255 255 0 255 0 255 255 22 0 220 255 254 0 255 0 0 184 255 255 0
    133 255 255 255 0 133 59 198 255 0 255 255 0 0 0 255 255 255 92 0
    255 255 0 0 0 255 255 212 34 0 255 96 255 21 115 50 255 136 255 80 0
    255 133 255 0 255 221 255 212 0 255 0 255 0 255 0 0 0 27 255 0 255
    11 200 255 255 0 165 46 138 255 255 255 0 0 0 255 161 0 0 255 255
    255 255 0 255 0 255 52 0 0 197 255 0 181 0 255 0 21 22 133 255 0 0 0
    255 255 0 0 255 255 0 0 216 255 7 0 0 171 0 255 168 255 0 255 29 255
    25 0 0 255 255 255 0 255 255 255 255 0 0 0 255 220 0 0 0 255 255 64
    255 127 255 0 255 255 0 58 255 255 187 0 0 0 255 255 0 0 142 255 255
    0 0 0 255 0 0 255 255 0 255 255 222 196 109 0 255 255 255 0 255 0 61
    158 255 0 54 255 255 236 0 0 56 255 0 255 0 255 0 255 255 188 255 0
    0 255 255 0 0 0 255 122 240 255 255 0 0 0 0 0 255 255 255 0 0 0 255
    189 101 255 255 0 0 0 255 255 0 0 10 167 70 255 0 0 57 255 0 0 255
    255 111 255 0 0 0 0 194 255 255 255 0 0 0 0 80 0 45 0 0 0 0 255 255
    255 255 255 255 157 0 0 0 211 255 255 189 255 0 0 0 255 0 255 0 0 0
    255 0 0 255 255 165 0 255 255 255 255 255 255 0 0 0 0 0 0 0 255 255
    5 151 255 255 0 255 0 255 0 255 0 0 0 84 255 0 189 255 255 255 0 255
    67 0 255 255 255 0 0 0 145 255 0 255 255 0 255 255 255 0 0 255 255
    255 255 0 0 0 255 255 0 255 255 255 0 255 0 0 0 255 255 20 163 0 255
    0 255 255 203 255 255 255 0 83 0 0 0 255 255 0 0 0 255 0 255 255 70
    0 0 0 255 255 255 0 0 0 255 255 255 143 255 0 0 0 255 173 255 0 255
    0 255 255 0 255 255 255 0 0 255 255 255 255 0 0 0 0 0 255 0 255 255
    255 0 66 185 255 255 0 255 0 255 219 0 0 0 255 0 208 0 139 0 255 0
    206 0 0 99 177 0 0 255 255 141 255 57 170 223 154 0 121 255 255 255
    92 0 0 0 255 0 0 255 255 255 0 255 0 255 255 255 255 255 0 0 0 0 255
    118 246 0 255 174 153 94 0 75 35 255 255 0 255 255 255 176 0 255 255
    255 0 0 255 255 255 193 92 0 0 255 0 255 0 101 0 166 255 255 0 0 0
    179 0 208 0 255 0 0 255 0 255 86 255 0 0 0 0 150 212 0 0 255 255 255
    0 0 0 0 255 255 255 142 0 109 196 255 255 169 255 0 255 0 255 255
    255 0 255 255 255 235 0 121 0 255 244 255 255 255 131 35 0 255 255
    17 0 255 255 0 0 0 255 0 255 240 0 255 255 227 0 107 60 255 0 11 255
    0 0 0 255 255 0 0 255 255 255 0 97 255 255 0 255 0 0 0 255 255 255 0
    0 255 255 255 0 0 255 0 0 255 0 255 255 0 0 255 207 255 108 0 0 0 0
    255 255 255 105 255 0 0 255 255 0 255 255 255 46 255 0 0 255 0 255 0
    255 0 0 205 0 0 118 255 255 163 133 0 0 0 0 255 255 255 0 0 0 255 0
    141 0 255 0 197 151 0 0 0 0 255 91 255 0 255 0 0 255 255 243 0 0 255
    0 255 0 255 83 0 0 255 255 169 0 255 0 0 200 169 212 0 0 0 255 148
    255 169 0 0 255 0 119 255 222 54 0 0 0 255 255 67 255 0 0 255 252 0
    0 255 255 0 170 0 130 171 255 255 156 116 0 0 0 0 255 0 41 0 0 15
    255 255 0 255 55 224 0 182 255 0 196 0 0 0 0 206 255 255 255 60 0 0
    0 0 0 255 0 154 84 248 53 218 255 5 255 0 255 0 0 0 255 0 13 0 255
    255 255 255 255 255 0 0 0 255 33 255 101 0 255 0 0 0 255 255 238 255
    115 0 0 255 255 0 0 255 255 0 0 255 255 255 0 255 0 255 255 255 0 0
    73 155 0 255 255 255 0 0 54 255 255 0 141 0 255 255 212 0 0 255 255
    255 0 215 0 255 111 253 100 0 0 255 255 0 0 255 234 255 0 0 0 255
    159 255 0 1 0 255 0 68 255 6 255 0 38 0 255 141 0 0 255 255 0 0 192
    255 255 255 0 0 255 255 0 0 255 255 255 0 124 153 198 0 0 255 255
    255 0 0 0 255 156 0 0 0 255 255 255 0 0 255 0 0 255 255 255 255 0 7
    255 0 0 255 0 255 223 255 0 0 255 255 0 255 127 255 255 255 255 255
    80 255 172 255 255 0 0 255 0 0 0 9 255 255 43 0 255 92 0 0 255 255 0
    144 255 255 255 0 255 0 82 255 162 255 0 255 0 53 0 0 255 255 232 55
    175 255 0 255 255 255 97 177 255 0 255 24 203 255 188 0 0 73 255 255
    255 255 0 152 0 0 0 255 128 255 0 255 97 255 0 0 255 231 0 0 157 0
    255 0 0 0 255 255 114 0 0 0 255 255 0 255 0 0 0 204 0 255 255 255
    255 255 0 255 0 0 0 0 255 0 255 122 255 0 179 0 188 0 244 255 0 0 0
    255 255 0 255 0 0 189 0 0 255 0 255 0 255 242 207 255 0 255 0 255
    153 159 5 0 255 0 255 0 170 255 255 255 0 255 0 0 5 107 0 0 255 255
    255 255 0 0 134 255 0 0 255 0 255 255 0 121 0 94 255 0 255 0 255 255
    242 255 0 255 0 255 255 255 133 0 98 255 255 255 0 0 0 255 0 52 255
    255 54 0 0 0 255 255 255 54 0 163 253 255 255 73 0 168 255 0 0 0 0
    29 0 255 0 181 39 255 0 255 0 0 43 255 255 255 0 0 0 18 195 0 80 0
    255 255 0 0 255 80 255 56 112 0 131 0 255 94 0 41 0 0 0 255 255 0
    255 0 255 255 255 175 208 0 0 0 255 17 255 255 0 0 0 0 255 255 0 255
    131 255 0 0 0 88 255 29 191 0 0 0 251 0 0 195 255 255 0 0 255 255
    220 255 255 0 0 255 0 0 0 255 221 255 0 255 18 255 0 0 0 0 0 0 0 255
    255 0 0 0 156 228 255 255 194 0 0 0 0 255 255 36 224 255 0 0 0 255
    255 0 0 255 255 0 0 255 0 255 0 255 141 255 0 243 0 255 255 255 255
    255 0 0 0 0 167 255 255 255 255 0 255 0 104 255 208 0 255 255 255
    127 0 0 177 255 255 0 0 0 0 0 0 168 255 243 255 0 110 145 0 116 0
    255 0 0 87 0 0 255 255 0 171 32 0 0 231 255 255 127 203 255 0 0 255
    0 255 255 43 0 0 255 255 255 255 255 157 255 0 50 255 178 0 0 216 0
    255 255 0 0 255 221 147 0 255 255 255 255 255 0 0 0 255 0 255 131
    140 255 0 0 0 255 255 195 255 88 255 63 180 255 255 0 0 66 0 0 67 0
    255 0 0 0 0 255 255 255 252 0 255 255 255 53 255 0 255 0 115 108 25
    255 105 255 0 70 0 0 255 255 231 0 255 0 115 0 0 255 0 255 0 0 255 0
    255 47 0 0 0 255 40 255 76 0 255 0 0 0 255 255 126 0 0 0 237 255 255
    172 0 255 255 255 0 255 0 0 0 0 0 0 255 255 0 0 0 255 69 255 0 255
    255 255 0 0 255 255 0 255 0 152 255 255 255 241 0 0 0 0 0 0 0 255
    255 255 255 236 0 255 0 255 255 61 255 0 0 0 0 255 255 251 255 0 0 0
    0 0 255 0 214 75 0 105 255 255 31 0 9 0 255 0 255 0 9 0 61 130 255
    255 0 226 255 255 0 0 255 12 0 0 255 255 121 255 255 255 0 255 255
    92 0 0 255 123 200 255 0 0 0 255 255 0 0 0 255 255 0 255 255 255 0
    70 255 255 183 0 0 255 255 0 255 150 255 0 0 255 255 255 255 0 93 0
    255 0 31 0 0 255 255 255 191 0 255 0 142 0 255 255 0 255 0 255 0 0 0
    255 97 35 255 255 0 0 0 255 255 255 240 0 255 0 0 0 255 255 255 0 0
    0 255 0 250 0 255 0 0 255 255 255 255 0 0 0 0 255 255 247 0 0 22 0
    77 105 103 255 255 255 0 0 0 255 0 166 172 0 30 0 255 0 255 255 195
    89 0 255 134 255 30 0 0 113 255 0 206 0 0 0 255 0 255 255 255 78 61
    255 255 255 128 255 7 0 255 255 255 241 0 0 243 255 33 255 91 143
    112 0 0 0 0 255 255 0 0 148 255 0 255 231 255 0 255 255 255 255 0
    255 48 255 0 255 239 255 213 255 38 0 255 0 255 0 0 12 255 0 0 255
    255 0 0 0 0 0 255 255 101 0 255 255 0 255 0 0 0 255 60 255 0 255 0 0
    255 255 0 255 0 236 0 255 255 0 255 255 0 255 0 252 255 255 0 0 76
    12 215 255 255 108 255 0 255 0 255 255 255 255 0 98 0 168 0 255 118
    255 255 0 209 0 4 0 0 0 0 255 255 139 0 0 255 255 255 255 0 0 101
    255 40 255 0 164 207 255 0 0 255 235 255 255 255 0 179 0 255 25 0 0
    255 255 180 255 47 255 255 0 0 0 0 255 206 255 64 38 255 255 189 255
    0 0 106 44 255 6 0 0 255 255 0 255 0 255 255 45 255 0 0 255 255 255
    0 214 255 255 0 0 145 255 255 182 62 255 0 255 0 255 0 255 0 143 9
    255 255 84 255 6 255 0 151 255 148 255 255 255 0 255 210 0 0 0 255
    255 172 0 115 128 79 179 255 255 0 255 255 255 0 0 201 173 255 227 0
    0 0 255 255 217 0 0 255 0 255 0 101 255 218 255 202 255 210 152 0 0
    0 0 255 255 255 0 0 0 0 255 255 173 0 0 0 252 132 0 255 0 255 255
    168 255 255 13 255 0 255 179 23 0 255 255 0 48 18 255 237 0 0 0 0
    255 255 160 255 0 167 255 17 255 0 255 255 255 0 0 0 255 255 255 80
    0 255 0 0 0 255 255 255 255 174 0 0 255 255 255 0 255 0 255 0 0 255
    0 158 255 255 255 0 0 198 5 255 255 0 0 170 255 0 0 169 255 255 57 0
    0 238 211 150 255 255 0 0 81 255 0 0 119 255 140 255 0 44 255 255 0
    0 0 18 127 235 0 0 0 0 255 255 255 204 92 0 255 0 255 198 255 255
    198 0 162 255 255 45 0 0 0 46 13 71 135 122 255 0 114 0 255 247 108
    0 255 0 255 255 0 0 27 0 255 255 255 144 0 255 0 255 0 229 192 5 255
    0 255 0 240 0 255 85 255 255 0 10 0 255 255 224 255 0 255 0 0 0 47
    255 255 0 0 255 255 255 255 16 39 0 38 255 255 255 0 0 76 255 18 0
    128 46 226 255 0 255 255 0 255 0 12 255 44 210 0 255 255 175 0 81 0
    255 255 0 0 255 0 255 0 255 255 255 0 255 255 255 0 0 250 0 255 0 12
    0 72 0 255 255 255 42 0 255 11 255 0 0 255 255 129 255 255 255 255
    255 242 0 0 255 255 0 0 255 255 0 0 0 255 255 255 0 187 255 0 245 34
    160 255 73 0 0 255 255 255 255 0 0 0 255 167 255 255 0 0 0 255 255 0
    0 0 0 0 0 255 0 255 0 255 0 255 0 255 255 255 255 0 0 0 0 115 255
    255 0 255 255 255 0 0 0 255 53 119 255 0 255 255 199 0 255 255 0 255
    0 210 0 255 255 0 0 0 255 148 255 0 0 255 53 0 0 255 255 0 211 255
    255 136 255 0 255 0 0 0 126 0 0 144 105 255 0 233 255 255 255 0 0 0
    0 217 0 255 54 0 0 0 0 145 255 120 0 0 17 255 0 255 0 255 0 0 0 0 0
    0 64 255 8 0 0 255 255 0 255 0 255 0 0 211 133 0 0 255 15 255 0 0 0
    0 0 122 0 255 106 0 0 0 0 0 255 143 255 255 212 79 0 255 255 0 0 91
    0 31 16 255 255 0 255 255 0 0 255 0 255 0 0 0 255 255 0 0 255 255
    255 49 255 255 255 0 255 228 0 217 179 0 0 255 255 0 255 255 0 1 0
    255 0 0 255 0 0 255 255 175 0 0 255 255 255 255 0 255 0 255 0 255 0
    24 0 0 0 69 255 255 255 27 31 0 91 255 0 0 0 255 0 0 0 255 255 255 0
    0 98 255 0 255 255 255 0 255 107 217 137 255 0 255 255 255 255 255 0
    255 0 0 0 216 0 255 38 227 0 255 255 130 0 255 0 255 0 255 255 255
    113 255 207 0 24 255 255 255 0 255 0 0 0 0 255 0 0 255 67 255 0 0 0
    151 0 24 55 207 255 1 255 90 0 0 0 0 255 0 255 0 0 0 0 0 255 255 255
    255 136 25 255 0 161 0 50 166 214 0 0 255 241 0 255 255 255 255 255
    0 255 0 145 0 13 66 255 255 0 20 211 255 255 0 0 0 5 0 255 122 255 0
    39 255 255 255 0 0 193 255 0 0 0 255 0 159 0 198 255 255 255 0 0 255
    0 10 102 255 255 0 0 255 62 255 0 114 0 255 255 0 255 255 255 0 0 59
    0 255 255 255 0 186 255 255 255 255 255 0 255 0 255 255 255 0 103
    255 0 255 22 0 47 255 111 75 0 108 255 255 244 225 0 115 0 0 255 255
    255 255 255 0 255 154 238 223 255 179 177 0 179 0 0 93 255 255 0 0
    183 36 255 0 83 132 255 0 255 255 0 255 255 0 106 255 255 0 0 0 255
    0 0 255 201 255 207 255 255 0 0 0 255 255 0 0 255 0 255 255 255 227
    255 0 255 0 0 241 255 255 0 181 255 150 0 255 255 255 0 255 255 255
    0 0 255 0 0 0 214 255 71 0 127 255 255 255 255 92 0 0 255 0 46 0 0
    255 255 255 228 197 0 0 122 0 0 0 0 255 255 0 0 149 255 255 255 0 0
    0 255 255 252 0 255 255 0 0 0 255 255 0 255 255 255 255 0 255 0 255
    0 255 0 37 0 255 255 0 255 0 255 255 0 0 0 255 255 255 255 0 255 0 0
    0 255 77 255 255 255 0 170 0 255 255 188 0 255 255 0 0 107 0 255 255
    255 255 255 0 183 255 0 81 0 255 255 85 0 0 112 97 0 143 0 255 0 255
    0 255 0 255 81 0 0 0 255 255 0 160 0 0 174 0 255 0 255 255 255 0 0 0
    255 255 0 255 0 255 255 0 255 0 255 0 255 98 255 0 255 255 255 0 0 0
    0 0 0 0 0 0 255 255 0 0 244 255 218 0 255 250 213 255 96 255 255 0
    148 0 96 255 255 0 255 82 0 255 0 255 0 0 255 255 255 0 0 255 0 0 22
    255 255 0 6 0 255 255 0 0 181 182 239 255 0 136 0 255 230 255 255 0
    0 255 156 236 31 0 255 255 255 0 0 0 0 255 255 255 255 0 0 0 255 0
    82 0 0 0 153 255 133 207 0 255 185 107 255 0 255 255 255 255 255 0 0
    0 255 0 255 0 255 0 255 0 255 255 255 0 0 255 255 156 37 0 255 244
    255 255 0 186 0 255 0 255 244 0 255 255 255 0 0 94 255 255 255 39 37
    255 0 255 255 255 255 67 0 0 0 88 255 190 0 0 255 255 0 255 231 0
    255 205 228 0 0 255 237 255 80 0 99 173 255 255 0 0 221 255 255 0
    255 0 242 196 0 57 255 255 0 255 0 0 0 255 74 255 255 0 0 255 0 0 0
    255 0 255 219 255 103 0 23 255 255 0 255 176 13 255 0 255 255 49 0 0
    0 255 255 255 0 255 0 43 56 4 255 0 99 208 223 255 255 0 0 0 0 255 0
    217 0 0 255 20 255 236 207 255 0 255 0 255 255 0 255 255 255 0 0 255
    0 0 255 66 139 0 0 134 255 255 0 0 0 0 0 177 239 200 255 0 255 255
    255 0 0 0 52 0 0 255 255 0 0 206 122 255 0 255 255 255 0 255 24 0 0
    255 0 0 255 123 0 0 172 255 54 117 0 255 0 0 255 255 0 0 255 255 255
    255 0 0 81 0 0 246 255 255 255 0 255 0 0 0 0 255 255 255 96 255 255
    255 0 255 0 255 17 255 255 255 0 0 61 255 232 255 0 211 0 255 234
    255 9 255 197 0 93 0 255 172 0 30 31 255 255 244 189 0 141 148 87
    255 255 255 255 0 95 171 255 255 1 255 0 90 0 36 255 255 255 0 255
    29 255 0 175 255 255 1 0 36 235 0 179 255 255 0 0 0 0 255 255 255 0
    0 255 0 255 0 255 0 0 0 0 0 255 255 255 255 0 191 255 255 0 93 255
    255 0 255 0 155 255 255 255 0 0 0 15 255 51 243 0 255 0 0 166 0 255
    153 255 0 255 0 0 0 79 255 255 0 0 0 255 0 255 108 140 0 0 174 0 255
    0 43 0 255 255 255 0 0 255 255 255 255 0 0 94 0 0 255 255 255 255 0
    0 255 255 0 157 255 194 0 0 255 255 0 0 0 255 255 0 81 255 122 165 0
    0 255 255 255 49 41 0 0 0 0 255 0 255 214 255 161 255 255 0 0 255 64
    0 199 0 255 0 90 1 255 0 0 0 43 255 255 255 255 233 0 38 0 0 255 255
    255 120 0 0 0 255 0 255 0 255 255 255 255 0 0 71 255 8 255 0 255 0 0
    0 255 255 172 255 255 255 0 0 255 0 255 255 0 0 53 255 255 255 255 0
    0 255 255 255 0 0 146 255 255 255 255 255 255 255 75 0 0 255 255 255
    0 0 0 0 240 189 0 255 0 74 255 0 255 0 255 255 255 255 0 0 92 255
    255 56 0 0 0 255 255 255 147 0 39 0 255 0 255 0 255 93 187 0 255 145
    255 151 0 16 0 191 248 255 0 255 255 0 0 255 239 255 255 255 187 255
    255 0 0 0 0 255 216 255 145 50 255 62 255 0 0 0 255 255 255 0 255
    255 255 0 196 255 255 255 0 255 125 255 255 198 255 255 255 255 0 0
    0 255 0 0 0 0 255 0 255 0 162 0 255 0 255 166 255 255 255 0 224 58 0
    255 0 0 0 255 128 200 255 255 217 136 0 255 0 101 255 0 255 0 255 0
    0 0 255 255 0 68 255 255 33 255 0 24 255 0 0 0 255 69 255 255 255 0
    255 194 109 0 0 255 255 0 0 255 0 255 0 229 0 255 7 0 0 0 0 121 255
    255 138 82 0 255 173 0 0 0 0 204 255 255 0 0 189 66 255 0 255 255
    131 53 0 0 158 255 255 255 255 0 255 0 255 131 216 0 205 255 0 0 0
    255 255 177 0 255 0 255 0 255 255 0 255 0 0 0 0 255 119 0 0 114 0
    255 255 255 255 0 255 0 0 14 0 255 0 255 126 255 173 0 255 255 255
    255 255 0 255 0 255 255 255 0 0 0 0 255 255 0 0 0 255 255 255 0 143
    0 255 223 255 0 255 255 255 255 0 255 0 134 255 255 0 0 255 255 255
    0 0 0 255 0 255 136 28 0 255 0 255 91 255 255 255 0 0 255 125 255 0
    255 0 255 255 255 0 255 62 57 0 255 0 123 0 238 0 255 255 255 255 78
    126 0 0 0 174 255 162 0 165 209 0 0 255 255 67 0 255 0 0 0 255 0 0 0
    255 255 0 255 0 255 0 136 125 255 255 38 99 0 255 255 255 255 255 0
    0 30 255 255 255 0 0 0 0 0 255 0 207 0 255 226 255 255 255 255 0 0 0
    0 255 255 229 0 255 255 0 255 145 255 255 255 0 27 0 0 0 255 0 233
    63 104 255 0 255 0 255 255 255 255 0 177 0 0 0 94 255 255 255 72 0
    200 255 0 75 197 203 140 255 106 0 233 0 255 255 0 255 255 255 0 0
    255 255 255 0 0 255 0 135 255 255 255 194 0 0 0 255 0 0 255 255 255
    80 50 0 255 86 78 0 255 235 255 0 0 255 0 92 52 124 0 255 255 0 129
    1 255 115 255 0 255 0 0 0 255 0 81 0 0 255 0 255 255 116 0 0 255 255
    0 78 0 255 178 111 0 0 255 255 255 0 0 0 255 255 255 255 0 0 0 255
    73 0 0 255 255 255 23 0 195 255 26 255 26 0 0 255 255 255 255 255
    111 0 255 0 255 255 255 249 0 255 0 98 255 0 255 255 255 0 208 0 255
    44 201 0 0 0 16 255 226 0 0 1 255 0 255 132 0 0 0 0 0 255 0 0 0 255
    0 255 0 255 114 255 81 0 255 0 129 255 255 255 214 0 0 255 255 255 0
    255 155 154 0 0 0 255 255 255 0 0 255 186 0 0 255 0 255 255 255 0
    255 0 255 0 176 0 103 0 255 255 255 255 255 80 0 0 0 255 255 255 255
    136 0 0 0 255 42 77 255 0 0 215 255 1 0 0 255 255 255 139 0 255 0 0
    0 145 0 7 0 255 255 0 161 255 255 255 0 108 161 0 111 152 255 255
    219 0 0 255 255 255 0 0 0 255 0 255 255 0 0 23 0 255 255 255 255 0 0
    249 0 255 92 255 0 0 255 255 255 0 85 255 255 0 255 0 255 255 255 0
    0 0 255 38 255 0 255 0 255 0 212 0 255 255 255 0 0 0 228 255 0 255 0
    141 253 255 0 164 0 158 255 0 0 158 35 255 166 255 0 224 255 255 0
    84 255 255 0 0 255 178 255 104 0 0 0 23 255 68 0 0 46 255 255 0 0 0
    0 195 0 255 255 0 0 0 167 51 255 0 0 133 255 255 255 0 255 42 255 0
    0 0 170 0 255 0 255 0 255 0 255 255 0 0 255 0 255 0 255 0 255 0 136
    255 173 255 255 255 255 0 0 255 255 255 0 0 238 122 255 255 0 255 0
    255 0 0 0 255 255 255 33 69 0 0 255 255 255 210 174 0 0 255 255 255
    0 0 127 255 0 34 255 78 0 212 255 255 14 0 0 57 155 255 255 0 0 0
    255 255 109 0 186 255 255 192 255 40 219 0 57 0 0 255 0 0 0 0 255
    255 0 0 0 117 0 255 255 255 0 255 255 19 238 0 0 255 0 221 0 255 255
    173 0 167 0 255 0 255 0 255 81 255 255 82 0 255 255 255 255 0 0 0
    255 0 39 61 0 255 255 255 255 0 0 0 0 255 255 0 255 0 0 0 255 0 251
    251 249 0 255 0 0 0 255 0 255 0 255 0 255 114 0 0 0 0 255 0 0 255
    255 255 0 0 0 0 255 255 113 0 0 0 16 50 255 74 255 67 255 255 0 255
    0 255 255 255 41 81 0 255 255 0 0 109 0 0 44 255 255 56 53 0 250 253
    255 255 169 255 255 0 255 0 255 242 255 255 0 188 20 0 0 254 255 255
    0 215 255 0 255 255 67 0 0 255 0 255 255 255 195 127 255 255 255 255
    0 0 0 255 0 0 0 255 0 220 247 52 255 0 255 0 255 0 82 57 0 0 0 210
    255 0 227 255 255 255 0 0 7 255 0 255 0 255 255 0 0 0 170 255 40 151
    255 0 255 0 255 0 255 255 0 0 0 0 255 255 255 0 0 0 0 255 0 255 0
    255 127 255 0 255 0 255 0 0 239 0 77 0 0 255 18 255 0 255 0 0 0 255
    0 255 255 255 164 0 0 255 255 255 255 0 0 0 73 0 255 255 255 0 10
    255 0 255 255 0 0 0 255 0 0 252 0 255 197 0 0 255 255 255 0 0 255
    255 0 255 59 255 213 255 0 255 0 0 255 203 255 235 0 0 255 255 229
    255 0 255 255 239 0 0 255 0 255 0 255 255 0 255 255 255 0 255 255 0
    80 100 255 0 0 0 255 255 182 0 156 0 255 0 45 39 0 0 245 0 23 255
    255 255 219 0 174 255 205 255 0 255 255 255 0 0 255 54 0 0 255 255
    255 0 0 255 255 255 255 0 0 0 0 255 0 255 91 255 181 108 255 255 0 0
    0 0 255 127 255 17 255 255 0 0 0 71 127 239 255 184 255 0 0 0 255 0
    0 0 8 137 255 82 0 255 255 0 0 255 255 255 0 0 255 48 255 40 196 0
    255 199 255 255 65 0 0 255 255 0 198 255 255 255 0 255 0 43 0 168 0
    255 255 0 255 0 130 255 255 30 0 0 0 0 255 255 255 0 255 0 255 206
    238 0 255 0 0 0 255 0 78 211 255 255 146 245 171 0 0 0 255 0 255 0
    255 255 0 255 0 242 0 37 9 255 255 0 0 0 0 255 255 0 215 0 255 255 0
    0 136 0 255 255 255 147 0 255 0 0 12 255 255 130 255 0 121 255 255
    255 0 255 0 0 0 0 255 0 255 146 255 255 0 140 213 0 255 255 0 0 0
    255 255 255 0 10 145 0 0 89 255 255 0 246 251 0 204 0 255 255 190
    255 255 0 0 0 255 255 255 255 175 0 0 0 0 255 0 255 255 170 0 50 0
    255 255 255 233 0 0 0 0 255 255 255 255 255 0 0 0 255 183 255 255 0
    255 0 160 255 0 255 255 255 35 255 255 147 255 91 255 176 0 99 255
    46 255 255 0 0 255 255 0 255 0 0 0 212 0 255 255 53 255 20 255 0 0
    237 255 255 0 0 0 255 238 255 0 0 0 255 255 255 255 255 183 236 0 0
    0 0 255 219 244 0 223 127 255 0 255 81 255 0 255 0 0 253 255 255 0
    255 255 255 0 0 83 255 255 27 0 0 255 255 255 0 113 219 123 255 0
    255 0 130 0 255 0 255 0 255 0 255 0 255 0 207 0 153 255 0 255 191
    255 173 255 0 255 0 255 255 0 255 255 255 0 0 255 255 255 255 0 255
    255 255 255 168 0 0 255 255 159 177 0 0 0 0 255 255 255 0 0 0 255 0
    255 0 255 0 255 253 255 1 193 0 0 255 0 255 0 234 0 255 255 0 255 0
    0 182 255 255 255 0 0 255 0 255 0 0 255 0 255 0 64 255 255 0 0 0 34
    255 255 255 0 0 122 255 255 255 255 0 0 255 0 255 0 0 0 255 255 255
    0 0 0 0 118 0 0 0 0 255 255 255 255 0 142 0 47 0 255 113 255 0 255 0
    98 0 255 255 214 0 0 0 255 255 139 255 0 0 23 0 0 255 6 255 105 0 99
    255 255 210 0 2 255 255 0 0 0 0 0 255 115 0 255 255 255 169 0 0 0 20
    0 255 255 255 0 0 0 255 255 69 255 0 255 0 255 0 237 201 255 0 0 0
    255 0 0 0 0 255 255 255 255 0 163 255 255 255 255 104 0 255 0 255 0
    255 0 255 76 255 0 130 0 255 255 95 255 0 0 0 197 255 0 111 255 255
    255 157 0 0 136 183 255 255 255 255 255 0 243 255 255 0 0 0 0 255 0
    114 0 0 255 255 0 34 0 255 0 255 0 255 0 255 32 255 223 0 255 0 255
    0 255 253 255 118 255 255 0 0 0 255 22 17 104 215 0 0 0 255 255 255
    0 0 0 255 255 0 0 0 255 255 255 0 0 255 0 65 220 0 255 37 255 115
    255 5 0 247 0 141 255 0 255 236 255 0 221 255 0 255 0 255 0 255 212
    255 0 0 211 255 255 0 0 0 135 0 0 193 255 0 0 0 0 0 0 0 0 0 255 0
    255 255 255 0 0 86 117 207 255 255 0 0 112 116 255 0 0 0 255 255 255
    0 255 0 0 229 0 237 255 0 0 0 127 45 255 255 255 0 0 0 0 255 255 255
    255 0 255 255 0 255 0 255 0 229 8 255 251 0 0 0 0 0 255 255 255 0
    255 0 0 0 255 255 0 0 119 241 0 255 63 255 202 0 0 255 255 0 255 255
    255 0 255 0 255 255 255 255 0 0 0 159 255 0 213 255 255 149 0 255
    103 255 255 255 140 0 0 255 0 255 0 255 0 0 0 255 255 21 0 0 255 255
    255 0 0 0 255 255 0 255 0 255 255 219 0 0 255 0 255 0 255 255 199 0
    0 255 187 0 255 255 134 255 0 36 255 0 255 255 255 0 0 0 255 194 0 0
    0 255 251 135 0 0 18 0 0 222 0 255 255 255 0 255 12 255 0 171 0 0
    255 0 255 0 255 255 0 0 255 0 36 255 255 0 0 255 56 255 0 255 0 0
    255 255 255 172 176 255 0 255 0 255 0 255 0 255 255 189 165 0 100
    255 0 255 255 180 0 0 0 255 0 0 0 0 255 135 255 0 255 255 255 0 0 0
    157 0 255 255 200 255 253 255 0 255 0 0 255 0 255 0 0 255 177 65 56
    0 255 0 0 0 0 255 95 168 0 0 0 255 0 0 0 255 255 39 101 0 0 0 0 86
    255 255 255 0 0 255 0 171 0 255 182 255 0 255 255 0 255 255 255 0 0
    255 0 0 173 255 0 255 255 0 153 223 255 255 0 255 255 111 0 255 230
    0 0 0 0 0 255 255 0 0 255 255 255 255 0 0 218 255 255 23 255 0 255 0
    77 0 255 0 255 0 0 0 202 255 255 0 0 0 255 255 255 126 14 0 0 0 255
    255 0 0 0 0 176 9 255 0 255 0 0 0 255 255 255 0 255 60 0 0 0 255 190
    0 0 255 208 148 0 0 68 255 255 255 0 0 0 255 179 255 97 255 255 255
    0 0 9 255 0 0 0 255 255 0 0 0 46 0 255 0 255 255 139 255 0 223 0 0 0
    217 0 0 255 255 255 255 0 255 0 255 27 0 0 0 255 255 0 216 64 255
    135 0 0 0 0 255 36 49 59 255 255 0 221 255 255 0 0 0 255 155 24 51
    255 0 255 255 255 255 255 0 28 255 0 226 0 222 0 255 0 255 0 255 92
    0 0 0 0 0 255 255 255 0 255 0 255 255 0 255 255 0 75 0 0 255 255 0 0
    0 255 255 215 170 255 255 227 0 0 255 132 255 0 255 255 255 255 255
    0 0 0 0 109 255 50 0 0 255 255 0 0 255 0 0 255 0 142 0 255 255 255
    255 49 0 255 115 171 0 0 0 137 255 0 136 0 255 0 255 0 255 255 255
    255 0 0 255 255 0 87 0 186 0 255 255 0 0 255 109 255 181 255 0 0 83
    255 0 255 255 255 255 0 13 0 139 0 255 118 0 0 176 0 255 0 255 255
    168 6 0 255 0 0 255 255 133 0 162 18 255 0 0 0 97 31 255 0 255 0 255
    255 255 0 0 0 255 255 255 197 0 255 0 241 0 255 0 255 252 255 255 0
    0 255 246 255 0 255 255 149 0 0 255 212 255 255 151 255 0 0 130 0
    255 42 255 0 255 0 255 211 250 0 0 0 255 255 0 0 0 110 255 0 255 255
    0 255 255 0 132 255 255 54 0 100 0 255 0 255 255 170 255 0 255 0 255
    46 255 0 255 0 255 255 255 255 0 0 183 255 160 131 168 54 80 0 255
    255 255 168 0 255 255 255 255 255 0 187 0 0 255 255 84 0 255 255 255
    0 255 255 255 0 0 0 0 255 255 184 0 255 0 0 0 255 255 255 0 255 255
    255 163 0 255 0 255 0 255 255 120 0 0 255 255 255 0 255 255 255 255
    0 0 17 255 0 0 0 255 0 255 255 0 255 239 198 0 254 0 255 255 255 0 0
    255 0 255 213 255 255 255 255 255 0 0 0 255 50 255 255 0 0 255 46
    255 255 255 0 255 255 0 0 0 255 255 255 168 0 66 0 0 0 255 255 0 222
    0 0 0 0 255 52 0 255 255 255 0 0 18 255 0 14 0 255 255 255 255 68 0
    255 255 255 0 0 255 255 98 0 0 255 255 0 255 0 255 133 0 0 0 74 0
    205 0 255 255 255 0 255 255 0 0 0 0 255 0 255 0 0 77 255 0 0 0 255
    255 85 0 43 48 0 255 0 40 126 0 255 0 255 0 186 255 0 0 0 59 255 255
    0 0 0 0 242 0 0 255 0 255 0 255 255 255 255 24 0 0 51 165 0 0 139 0
    255 255 255 255 0 222 0 0 38 62 0 79 255 255 0 0 255 183 255 0 255 0
    0 255 149 255 165 255 0 0 255 0 255 0 45 0 232 255 255 255 0 185 0
    255 35 0 239 0 0 0 0 226 255 0 255 36 0 0 255 0 255 255 255 0 0 0
    236 0 255 0 255 255 0 0 255 98 0 0 0 255 0 0 255 255 255 215 255 172
    0 225 255 4 0 255 255 0 0 0 0 0 255 0 255 0 38 255 80 54 0 255 0 0
    255 0 255 0 255 255 133 0 0 255 66 255 255 255 92 0 0 255 57 255 179
    255 255 255 0 243 255 255 0 0 0 255 255 0 255 0 255 255 0 0 121 255
    0 255 0 255 255 255 0 124 225 255 43 210 255 255 255 0 0 42 0 24 255
    255 0 0 0 255 255 112 255 0 255 255 255 255 0 0 249 82 198 251 0 255
    0 255 0 0 0 255 0 0 0 255 0 255 0 255 255 255 255 255 255 0 205 255
    0 167 0 255 255 235 255 0 255 255 255 0 255 255 255 0 0 0 0 255 107
    90 0 229 113 0 0 0 255 255 255 62 0 85 255 255 110 0 211 0 255 0 0
    255 255 255 255 146 252 0 255 255 0 90 70 255 255 0 0 255 255 240 0
    0 255 134 0 0 0 0 255 255 0 255 255 0 255 0 255 64 0 255 0 255 255
    188 0 103 255 255 0 63 255 255 255 0 0 255 153 50 0 255 255 100 255
    0 11 0 132 255 255 255 0 0 0 233 0 255 0 0 0 255 0 0 99 241 255 234
    255 0 255 0 255 64 255 0 255 255 56 0 255 161 0 0 255 255 106 0 255
    0 175 0 255 255 220 19 255 255 0 0 0 255 0 130 0 101 255 0 91 0 0 69
    255 255 255 0 0 255 140 255 0 255 255 255 19 0 255 0 255 0 0 255 0
    255 0 112 0 255 56 0 0 255 0 153 70 255 255 255 0 0 0 214 255 250 14
    0 255 100 69 255 0 255 0 0 0 255 0 255 255 242 0 0 255 255 255 0 5 0
    255 255 255 176 108 255 255 0 255 72 0 0 0 255 255 0 0 0 255 0 167
    255 0 255 0 255 0 62 0 226 0 76 0 255 0 0 44 255 255 255 0 59 0 255
    255 255 0 0 255 255 255 0 91 82 255 0 0 0 255 70 255 0 0 151 70 255
    51 43 255 217 0 255 240 14 255 0 255 0 255 255 149 0 70 0 255 255
    255 0 255 0 0 0 255 255 36 255 0 255 0 125 0 255 255 27 0 255 255
    155 0 0 0 220 255 0 14 0 255 255 255 0 0 248 0 255 0 0 0 0 255 0 0 0
    255 14 0 0 22 255 255 255 255 0 0 0 0 255 148 103 255 0 255 0 0 255
    255 255 0 0 0 154 126 0 0 231 255 255 255 0 0 0 255 255 255 0 0 0 0
    0 255 40 150 255 0 0 0 0 255 255 255 0 0 0 255 0 0 0 163 255 255 255
    0 255 143 0 0 0 255 255 255 0 0 0 0 0 0 0 255 0 255 255 0 0 255 255
    255 255 0 0 125 169 255 167 255 0 255 0 255 0 255 255 255 255 255 0
    0 95 0 255 0 0 255 0 255 152 255 255 255 0 0 255 0 255 235 0 0 0 255
    255 166 255 62 255 42 212 30 202 0 255 222 0 245 0 0 255 255 255 161
    0 0 0 0 255 255 255 255 65 255 0 0 0 255 0 255 45 192 0 0 0 255 255
    0 255 0 235 255 0 255 255 255 0 50 0 255 255 0 0 0 255 80 255 0 0
    255 255 0 0 0 255 0 255 255 255 0 0 110 255 255 255 0 255 0 255 0
    255 255 255 116 255 255 255 49 255 71 255 128 174 0 198 230 0 0 255
    255 0 216 209 255 0 0 135 255 255 255 0 0 245 0 255 255 0 224 0 255
    255 255 255 0 0 0 54 228 0 0 0 255 0 255 92 255 255 0 0 183 255 255
    35 255 7 255 0 255 0 255 255 0 0 0 255 255 255 255 255 255 255 84 0
    0 255 0 255 0 255 16 0 255 0 255 0 0 0 255 0 95 255 255 0 167 253
    255 91 255 0 0 255 23 26 255 255 0 255 0 181 0 0 0 0 180 0 255 255
    255 40 0 255 255 255 0 82 71 255 255 0 255 255 0 255 73 0 202 0 255
    255 0 255 0 255 0 255 255 255 78 0 255 255 255 91 255 0 255 255 35
    173 0 0 46 255 0 255 255 168 255 0 0 255 0 23 0 192 0 0 0 255 255 0
    255 0 255 0 255 0 255 255 255 0 214 214 42 0 0 235 0 255 255 0 0 0 0
    255 96 255 0 255 29 0 0 0 255 0 0 152 0 255 0 132 255 0 255 255 255
    255 142 255 127 0 0 218 249 255 0 255 255 255 0 0 0 0 0 255 255 255
    255 0 255 0 131 0 255 255 0 22 0 255 0 255 0 255 255 156 0 2 255 255
    0 255 0 0 0 255 255 42 0 0 228 61 255 0 255 0 255 255 255 0 255 0
    255 0 16 135 255 255 0 0 0 149 0 181 38 0 255 20 229 255 255 93 0 0
    255 255 255 0 255 0 0 0 0 250 15 188 156 255 173 255 255 255 0 0 255
    255 255 0 0 255 255 255 0 19 0 0 138 232 0 0 146 92 239 0 0 255 0 0
    70 0 255 255 162 0 0 19 255 0 255 0 255 0 255 0 255 0 65 2 252 118
    56 0 0 255 0 255 79 0 100 255 0 0 255 255 0 0 255 174 255 7 161 0
    255 255 0 0 0 255 255 255 0 134 255 255 0 85 0 255 255 255 0 255 255
    0 206 52 0 165 255 0 255 0 28 0 255 255 0 0 255 255 255 249 0 0 0 0
    188 255 0 0 0 0 255 255 0 0 90 0 0 227 255 255 173 255 0 196 0 0 0
    255 255 255 128 167 0 0 0 255 255 255 255 255 0 178 0 255 255 255 0
    0 0 0 255 0 0 255 255 255 0 0 71 0 255 0 255 0 177 0 2 255 131 0 40
    0 237 0 255 0 0 0 255 255 255 0 15 0 0 255 0 255 255 255 194 0 0 255
    0 0 36 0 255 255 255 0 135 21 26 255 20 72 40 0 106 255 0 16 0 69 90
    255 255 242 0 255 170 0 0 0 255 0 0 255 0 242 0 255 86 88 0 188 0
    255 237 159 0 0 191 255 0 0 0 255 255 0 0 255 255 255 0 0 255 255 0
    178 255 149 255 0 148 255 0 255 0 0 255 0 0 52 218 111 255 255 255
    217 202 0 106 149 255 0 255 0 255 0 255 255 184 0 0 0 255 255 255
    255 248 75 12 179 100 255 0 0 0 163 255 182 0 255 244 255 255 255
    255 255 0 85 255 237 0 255 255 54 159 0 255 0 255 0 255 255 0 255 0
    0 75 255 17 89 29 0 255 255 0 0 66 107 255 142 0 0 255 186 0 0 255
    255 255 255 0 119 0 255 255 255 0 255 0 255 255 255 0 0 52 0 255 38
    0 0 0 0 255 255 172 42 0 0 0 40 0 0 127 0 205 250 140 39 0 255 0 255
    0 116 255 255 0 0 255 18 183 0 112 31 255 0 255 0 0 0 255 255 255 0
    0 0 66 0 92 255 0 255 0 255 255 0 255 136 0 0 255 0 0 0 148 255 255
    255 0 0 0 0 255 255 255 255 255 0 168 0 255 0 73 0 0 0 0 0 255 255
    255 0 0 0 18 162 255 255 0 255 233 255 0 255 255 255 255 0 0 250 204
    0 0 227 255 0 255 0 255 0 0 255 247 255 67 255 255 255 0 0 0 255 255
    255 0 236 155 0 0 0 255 255 71 0 0 255 0 0 255 255 255 0 255 154 130
    77 0 0 255 255 255 0 255 101 255 185 255 255 254 255 0 0 80 0 255
    255 255 255 0 255 0 0 0 255 104 63 212 0 0 0 0 255 255 18 0 157 0 0
    0 255 255 255 86 0 255 0 255 0 255 255 255 0 0 0 255 0 0 255 201 0
    255 136 255 0 255 0 255 0 0 255 255 0 255 255 255 0 0 0 255 0 0 208
    255 255 0 0 0 0 146 0 0 255 255 255 0 255 0 255 0 0 255 51 255 255
    242 0 0 255 0 48 0 255 255 255 0 0 255 255 255 0 255 0 255 0 255 255
    192 224 255 229 255 0 0 0 0 219 0 223 255 0 255 0 0 0 255 255 255
    255 255 255 0 39 0 255 220 0 242 0 255 255 115 0 0 0 0 255 255 174
    255 0 0 0 70 0 255 0 255 255 0 0 121 116 255 0 255 255 255 121 0 0
    233 255 255 255 255 0 0 0 200 173 0 213 255 255 0 0 0 129 0 0 255 0
    0 6 255 255 0 139 74 255 255 255 0 255 255 255 76 0 0 114 0 255 203
    0 255 0 255 53 10 255 163 154 0 255 0 255 255 255 0 0 0 255 255 255
    0 34 22 0 255 0 255 255 255 0 0 255 0 0 0 255 255 255 0 255 255 255
    171 255 255 0 17 255 255 0 132 0 0 247 0 0 21 0 255 100 255 0 255 0
    33 249 255 255 221 0 255 0 255 0 78 27 255 242 0 255 0 255 0 0 0 255
    255 255 133 0 0 255 255 220 14 134 61 179 255 0 0 49 255 255 255 0 0
    0 255 255 255 0 0 81 255 255 255 0 0 10 255 167 255 255 255 0 0 0 0
    255 125 255 0 0 0 197 255 255 255 255 0 0 255 255 0 255 0 255 0 105
    0 255 250 0 0 83 255 0 255 131 97 233 0 255 177 255 0 255 0 255 0
    255 200 255 212 105 0 0 255 255 255 0 0 255 0 255 0 255 0 0 255 0
    243 0 0 255 255 255 255 255 255 0 255 0 255 255 255 255 0 0 255 255
    255 235 0 177 255 255 255 0 36 0 121 0 255 0 255 0 255 180 255 0 255
    197 255 0 0 0 0 255 255 192 255 0 55 255 5 0 255 0 255 0 193 0 255 5
    0 0 255 255 0 255 251 60 255 255 255 0 0 0 0 255 255 255 0 75 0 255
    0 0 0 0 255 255 0 0 0 255 255 0 0 0 0 248 0 255 0 0 0 148 255 197 46
    0 255 0 0 192 255 0 255 41 0 0 0 242 255 53 0 255 60 255 81 255 86 0
    255 0 0 255 13 255 255 0 80 0 255 0 255 0 255 0 255 12 255 0 0 0 255
    255 0 255 0 0 255 0 0 255 255 255 255 255 255 0 0 0 255 255 255 255
    0 0 121 255 255 0 255 0 255 132 0 0 255 255 25 36 255 255 255 243 0
    255 255 0 64 114 255 255 255 0 0 0 31 255 0 255 255 255 254 0 132
    255 0 0 132 0 0 255 78 255 86 255 0 0 255 0 255 0 0 0 255 0 255 0
    255 160 255 110 0 43 0 0 255 0 255 0 255 255 0 0 32 211 153 255 255
    180 255 0 255 0 255 255 0 255 0 0 255 255 255 0 0 0 89 158 0 0 0 255
    255 255 0 102 0 255 255 15 213 255 0 230 0 0 0 255 255 255 255 255 0
    255 0 122 0 204 0 0 255 193 89 0 255 25 255 38 37 0 126 119 255 0 0
    255 44 0 0 0 255 0 0 255 255 255 0 21 252 13 0 229 255 255 0 0 255
    255 69 0 0 255 255 255 0 117 45 255 0 207 255 255 255 0 45 0 0 255
    255 255 0 0 255 120 255 0 255 0 0 0 0 0 255 0 255 0 255 0 0 190 255
    255 255 0 0 0 255 255 0 0 0 255 0 172 255 155 255 0 0 186 0 39 67
    129 0 106 255 0 255 0 255 255 255 0 214 255 255 252 255 0 0 0 165
    255 255 255 255 255 0 0 0 0 0 0 255 255 255 82 0 0 255 255 255 0 0 0
    0 0 0 73 136 255 101 255 129 0 0 0 255 255 180 0 255 255 255 0 255 0
    255 0 64 0 255 0 0 0 0 0 255 255 255 0 0 112 0 0 0 12 255 255 0 0
    255 255 0 255 0 255 255 255 255 255 0 0 0 0 255 255 0 156 0 0 0 162
    255 0 255 255 255 255 255 131 0 255 255 255 0 137 0 255 0 255 255
    255 255 0 255 0 0 0 255 117 0 0 92 223 251 255 0 0 0 0 0 255 117 255
    255 0 255 255 255 0 255 255 255 0 255 194 0 26 255 0 132 255 34 255
    42 255 255 0 56 0 255 0 255 0 0 1 0 255 255 255 115 0 255 0 255 104
    92 0 255 255 255 0 0 0 0 0 175 72 255 153 0 255 247 0 255 201 255
    255 0 61 0 71 41 255 0 0 0 255 118 67 0 255 167 255 0 0 255 255 0 78
    126 255 255 0 0 0 255 255 255 255 0 0 255 0 255 100 0 255 138 0 0
    219 0 255 0 255 0 255 0 0 0 255 214 45 0 255 255 255 255 0 0 0 207 0
    189 255 255 224 0 0 0 71 255 189 150 0 0 255 255 0 255 255 255 0 0
    15 255 255 255 255 255 0 0 255 255 63 0 0 0 255 255 111 90 193 0 209
    255 0 5 255 255 0 0 255 255 255 255 18 0 103 0 255 255 53 255 0 255
    0 224 0 255 255 171 255 219 255 177 0 0 255 255 255 255 255 0 0 0 0
    255 5 65 255 0 0 140 0 255 255 0 0 255 18 0 255 255 255 255 0 255
    255 140 251 0 0 0 255 162 255 0 0 0 255 0 255 56 87 255 8 0 255 255
    255 0 65 0 255 255 0 0 0 0 255 0 34 0 255 67 149 0 7 255 0 0 0 255
    255 255 0 0 255 225 255 255 255 74 0 0 0 255 0 255 0 255 0 255 0 255
    0 80 255 0 0 0 255 0 255 0 21 255 255 0 255 255 0 66 255 255 255 0 0
    116 255 255 87 249 0 0 0 22 0 67 0 0 255 255 255 201 0 0 255 255 119
    0 0 255 0 161 0 255 0 255 0 255 0 255 0 174 0 0 0 255 0 255 135 0
    255 255 255 255 0 5 239 255 255 255 255 0 255 0 95 255 255 255 0 255
    255 255 0 255 0 255 191 0 0 28 172 255 227 0 255 224 255 0 0 255 0 0
    0 0 255 0 118 23 255 255 255 0 0 203 0 0 0 255 77 0 255 0 255 0 255
    0 255 0 119 0 55 0 169 255 255 0 255 211 255 166 0 77 255 255 0 0 0
    0 0 255 255 213 0 199 255 0 0 174 255 255 0 255 0 0 226 255 255 191
    0 241 255 255 0 0 0 255 0 255 0 0 0 240 255 255 0 196 255 255 255 0
    255 0 0 0 0 134 255 255 255 225 31 25 0 255 100 0 255 0 255 0 255 0
    255 0 255 255 55 255 0 255 152 0 0 255 0 35 0 255 0 255 255 255 255
    0 0 4 0 0 0 57 120 255 0 0 255 0 0 0 104 255 222 255 255 0 0 0 255
    255 255 0 0 255 63 226 0 255 30 232 255 255 255 255 63 5 0 0 0 255
    255 255 255 0 255 40 95 255 0 168 95 0 255 0 255 0 0 0 0 255 141 255
    255 255 255 0 0 255 255 0 0 0 255 0 0 0 255 255 0 255 0 0 0 0 51 255
    0 84 255 0 0 0 0 255 2 255 255 0 0 255 255 0 255 0 255 0 255 255 255
    0 0 0 223 255 0 129 0 255 0 0 0 0 255 255 255 0 0 255 38 255 255 0
    255 66 255 0 255 255 0 0 0 64 243 255 255 255 153 0 0 20 255 0 58 0
    255 0 161 100 255 255 0 0 0 255 0 255 255 0 255 0 63 0 0 251 255 255
    0 255 152 0 0 79 68 0 0 0 78 0 255 255 255 0 0 0 255 255 9 0 255 0
    255 0 255 0 255 0 255 0 255 235 255 139 255 0 255 255 255 255 0 0 74
    0 0 0 255 0 18 0 0 255 0 255 0 0 0 0 0 255 57 79 0 255 255 255 0 255
    98 255 110 0 0 255 0 255 0 129 18 0 171 250 255 0 255 137 255 255
    171 255 0 195 0 255 255 0 127 255 0 0 255 255 63 0 0 255 49 157 0 0
    255 196 0 187 255 255 255 183 0 255 0 255 255 0 0 255 255 0 0 0 129
    0 123 255 0 255 255 255 13 0 255 255 0 0 255 0 255 0 24 255 255 222
    255 255 0 36 255 178 255 79 41 0 244 0 225 255 255 0 118 255 255 0
    73 255 255 0 255 0 0 0 0 88 255 0 255 0 255 255 255 0 0 255 255 255
    0 0 0 0 255 255 0 0 0 255 255 255 255 0 0 194 27 255 5 254 193 255 0
    0 218 255 204 161 0 0 255 0 255 0 0 255 255 0 255 0 0 255 255 0 0
    255 255 0 24 255 255 255 255 0 9 0 215 255 0 0 191 235 0 255 0 18
    255 255 0 0 0 255 255 133 220 0 0 255 255 255 255 255 0 255 29 255
    255 255 0 0 41 114 0 255 90 255 206 0 0 221 255 255 255 0 0 255 255
    255 0 0 0 255 255 207 0 0 179 142 255 0 255 255 0 0 0 0 255 59 0 255
    0 255 0 255 0 255 5 0 255 173 181 0 255 255 255 0 255 0 255 255 0
    255 0 255 229 27 255 0 0 131 255 151 0 255 99 255 255 0 0 0 108 255
    255 0 130 255 255 255 0 0 80 27 255 255 255 255 255 153 0 254 103 0
    0 167 255 255 255 0 222 0 0 241 0 78 0 221 255 255 0 0 55 52 0 76 0
    255 0 255 158 255 66 0 255 0 255 0 0 0 255 255 0 255 0 255 0 0 0 0
    81 62 4 255 49 255 170 0 199 255 52 0 0 0 0 0 0 255 117 180 255 255
    0 0 94 255 255 255 255 0 0 0 225 0 255 11 255 212 255 13 0 0 0 255
    206 255 0 0 0 0 24 0 0 255 0 255 0 0 181 255 255 156 255 0 15 104
    255 0 255 0 0 79 192 73 255 255 255 1 0 0 255 174 255 255 69 0 0 0
    255 255 255 0 255 26 0 0 255 255 255 0 0 91 0 255 255 0 0 183 0 255
    199 255 255 255 0 0 0 0 0 0 179 0 255 0 255 255 255 0 0 133 255 255
    140 255 255 0 255 0 255 255 255 255 0 255 255 255 0 0 255 0 255 227
    255 255 0 147 0 186 255 255 0 0 255 61 92 253 255 21 0 255 0 121 0
    255 255 255 0 246 0 233 0 0 255 54 0 0 255 255 0 0 255 0 255 255 255
    255 54 0 255 209 0 204 0 255 0 0 255 255 255 0 0 255 255 255 255 0
    62 0 255 0 255 140 181 0 224 0 255 255 0 255 0 255 0 255 239 76 0 0
    255 15 255 255 255 170 61 0 0 255 255 255 255 255 213 0 255 0 0 0
    111 255 0 255 0 0 0 255 255 0 255 0 255 0 255 0 255 255 255 0 0 35
    255 31 0 255 255 0 0 0 0 178 0 0 0 255 0 0 255 16 255 0 255 255 0 0
    133 255 255 0 0 0 215 52 0 122 255 0 0 255 255 255 255 0 255 0 72 58
    0 0 176 255 0 255 255 255 0 0 185 0 0 74 0 255 128 255 255 255 126
    240 0 255 0 143 0 0 0 255 0 255 255 255 0 183 0 0 0 0 255 255 255
    255 0 255 0 255 88 255 255 0 255 0 0 196 255 255 46 0 255 255 255 0
    11 255 255 255 255 0 0 0 255 242 0 0 255 0 255 255 98 255 255 255
    255 153 0 0 0 255 0 146 255 255 0 2 93 255 255 0 0 255 255 0 0 255 0
    255 255 255 255 0 39 255 255 0 255 0 0 255 255 255 0 255 0 255 17
    255 0 0 255 0 255 88 96 0 255 0 0 0 255 255 255 0 255 161 0 0 0 0
    255 0 255 255 255 113 0 0 0 0 0 0 255 255 255 255 0 255 0 232 138 92
    255 0 0 0 0 255 255 0 0 0 255 0 4 0 0 255 9 0 0 0 0 0 0 255 0 0 0
    255 255 75 255 0 186 255 0 255 0 0 0 255 142 70 0 11 255 255 255 255
    255 0 255 255 255 255 0 0 0 144 255 51 255 0 0 255 52 255 255 255 78
    255 0 255 0 255 16 188 91 255 0 255 255 0 0 255 0 176 255 255 248 0
    255 255 101 0 24 201 0 255 0 255 255 255 255 0 0 0 255 54 255 0 0 0
    0 0 0 57 0 255 255 255 255 255 255 0 255 0 255 0 0 0 0 0 0 255 0 255
    0 0 129 255 12 255 255 0 0 10 255 0 255 255 255 255 255 0 255 0 132
    211 0 255 255 0 0 0 255 255 255 0 255 255 255 21 0 0 255 255 0 255 0
    255 0 0 255 255 255 164 0 0 0 255 62 255 255 0 255 0 150 0 129 255
    255 255 0 0 251 100 200 0 255 255 255 8 0 0 0 0 210 255 0 255 0 133
    44 255 0 4 97 255 0 0 8 163 255 255 0 255 0 255 22 255 255 255 255 0
    0 255 255 0 219 0 0 255 0 236 0 255 0 0 255 255 255 237 255 0 255 0
    156 255 255 230 0 255 0 255 255 0 255 0 255 0 255 205 255 108 255
    255 255 0 255 255 110 0 0 255 198 0 0 0 0 255 0 255 255 255 0 0 0
    255 255 232 0 190 0 0 255 74 0 255 255 255 0 35 0 255 255 255 105 0
    255 255 255 95 0 255 255 0 0 197 10 255 0 0 143 255 255 0 255 0 255
    255 127 0 0 0 255 255 255 255 122 0 0 0 0 255 0 0 0 255 255 255 255
    0 126 0 255 56 0 252 0 71 0 255 106 0 116 255 255 0 148 255 255 255
    139 255 0 0 240 36 0 165 255 114 18 0 0 29 255 70 59 0 135 0 0 0 210
    255 255 255 255 183 255 255 0 6 0 255 255 255 255 0 255 0 0 0 161 0
    255 255 255 0 255 0 255 0 202 0 255 149 216 0 255 255 0 255 0 0 0
    255 255 36 0 0 0 0 255 0 255 255 255 255 233 0 0 255 255 69 0 0 255
    47 255 0 0 0 255 255 255 255 255 255 232 0 0 0 0 0 0 255 0 255 255 0
    68 116 255 88 66 255 123 255 117 0 0 0 255 255 255 0 0 255 0 0 255
    255 225 0 122 106 0 255 255 255 69 0 108 0 0 45 0 255 0 0 60 255 20
    255 255 255 255 0 0 255 255 255 241 255 255 0 174 0 219 0 255 10 255
    255 255 255 0 0 0 0 255 208 0 0 161 0 255 255 255 0 255 255 0 0 255
    0 23 255 255 174 0 255 0 255 154 255 255 0 255 255 56 32 0 255 255
    255 173 133 0 0 255 255 255 230 0 0 0 255 255 255 255 255 9 0 255
    255 0 176 255 255 255 0 29 0 115 255 26 0 255 255 0 160 255 255 0
    255 0 0 255 117 0 0 0 255 0 50 0 0 255 255 230 0 0 255 76 255 255 0
    255 0 0 255 0 0 0 56 255 0 0 65 0 183 253 0 255 255 0 0 0 0 183 255
    0 255 255 255 0 72 38 0 0 146 0 255 0 255 227 255 0 255 0 255 255
    234 0 0 232 255 255 3 0 0 255 255 0 255 0 255 0 255 0 255 178 0 0 0
    66 255 0 0 255 255 255 0 0 255 0 0 255 255 0 255 255 255 255 255 198
    0 0 107 0 0 0 0 0 0 255 255 255 255 255 118 255 255 255 0 0 0 255
    255 255 255 0 0 255 255 255 0 0 0 255 0 255 0 0 255 0 255 0 255 0 0
    0 255 255 255 0 0 0 255 216 0 0 108 0 255 255 0 0 0 251 169 255 0 0
    0 255 255 135 255 255 0 0 0 135 0 79 1 255 0 161 33 255 0 0 0 255
    255 255 0 172 255 255 132 255 0 0 0 255 255 248 255 255 0 255 28 0 0
    0 255 0 0 255 255 0 0 255 105 223 50 255 227 255 119 0 0 0 255 0 255
    111 255 0 218 255 255 19 255 255 0 0 255 255 255 0 0 0 255 255 0 0 0
    254 255 0 0 86 116 202 255 109 0 255 255 255 0 0 194 255 161 255 255
    0 0 180 187 255 0 66 161 0 255 67 9 0 0 198 80 255 0 255 29 255 0
    255 0 255 0 255 255 0 103 0 255 255 255 255 0 255 255 255 0 255 0 23
    15 0 0 0 0 255 255 211 174 255 255 255 0 255 0 255 255 0 0 0 255 255
    0 0 0 255 255 255 255 0 255 0 200 88 0 255 0 0 45 0 66 255 0 255 190
    255 109 255 255 106 0 0 0 0 255 175 0 0 0 0 255 72 0 255 98 75 0 0
    255 220 0 255 66 0 0 0 0 255 187 124 29 0 255 0 255 255 179 228 255
    64 255 0 0 0 255 0 76 89 255 255 0 255 0 255 0 196 255 255 0 0 255
    255 255 255 0 255 0 255 255 0 0 0 69 255 0 207 0 255 0 0 255 255 255
    0 0 7 255 223 39 0 255 0 255 171 255 255 233 255 0 0 81 255 0 255 0
    255 255 177 0 255 247 255 208 47 0 255 0 255 0 255 255 255 255 255
    255 0 0 0 255 0 30 255 45 0 0 255 0 0 0 255 0 0 255 255 0 185 0 255
    143 255 255 255 0 0 255 255 255 0 0 0 255 255 0 107 0 255 231 0 255
    0 164 0 131 255 0 0 255 255 255 255 153 151 160 255 255 255 0 0 0 0
    255 0 155 200 227 194 81 255 0 0 0 0 255 255 32 255 255 94 0 0 255 0
    151 255 255 241 0 133 0 210 255 45 255 255 0 0 0 184 0 56 0 255 0
    255 255 255 255 255 0 255 0 255 0 255 0 0 180 100 0 69 255 137 0 0
    188 190 55 219 0 255 0 255 0 255 0 255 136 255 0 0 57 99 16 255 0 0
    0 0 255 19 0 255 0 0 0 0 255 0 0 0 255 0 0 244 151 0 207 255 255 231
    255 0 255 0 255 99 119 255 0 255 212 255 255 0 27 0 255 255 255 255
    199 0 255 0 0 255 255 0 98 251 0 255 255 255 0 255 146 255 0 92 255
    255 0 0 0 255 255 55 255 255 239 255 0 0 238 255 255 0 0 255 0 0 0
    177 200 0 243 0 0 0 172 0 254 0 175 255 0 255 0 255 0 255 0 255 255
    127 255 0 0 0 49 253 0 255 0 255 0 0 0 175 255 255 54 0 0 255 0 0 0
    252 255 0 255 255 255 237 0 0 47 255 75 255 0 88 0 0 0 0 0 255 255
    255 255 255 0 255 0 255 255 0 0 0 255 0 0 214 255 0 255 46 0 255 0 0
    255 164 255 255 255 0 125 0 252 255 255 35 0 0 0 255 0 255 0 70 0
    255 255 255 255 0 0 245 255 255 0 0 255 0 255 0 140 114 0 0 0 255 0
    0 146 255 0 149 164 255 255 255 255 0 255 0 255 214 0 0 108 255 0 0
    0 255 255 0 46 0 176 255 0 68 255 34 0 255 255 0 130 0 255 30 255 0
    232 50 255 255 255 0 0 0 255 255 0 255 255 255 255 0 33 0 255 0 255
    255 48 0 0 0 0 0 255 255 255 255 0 255 255 255 255 0 0 0 14 255 255
    0 0 0 255 255 255 0 0 0 0 255 255 255 0 255 0 255 255 0 0 0 0 0 255
    255 255 255 255 0 0 239 56 8 255 255 172 0 0 255 0 0 255 0 0 255 255
    249 255 255 0 0 0 255 255 255 255 139 11 107 255 255 0 0 0 0 255 255
    255 0 0 0 0 0 255 255 255 0 0 255 0 255 255 255 0 0 0 255 255 130 80
    0 0 255 4 255 0 255 0 239 0 255 255 33 255 24 45 195 255 0 0 255 0
    255 255 255 255 0 255 44 255 129 255 255 136 183 255 0 255 0 160 0
    255 0 255 0 255 0 255 0 255 156 38 0 0 0 70 0 255 0 255 0 255 0 0 40
    0 149 255 255 255 0 255 0 255 255 255 0 0 30 255 255 255 0 0 0 255
    255 90 0 59 0 0 255 124 255 255 50 255 0 109 0 255 255 135 0 0 211
    255 193 0 171 0 165 255 0 255 0 255 255 255 0 0 255 255 255 255 197
    0 253 19 244 0 166 0 102 0 190 255 255 255 244 0 0 255 255 122 212 0
    255 0 0 0 0 255 0 255 0 147 255 255 0 94 0 180 255 181 166 187 255
    151 255 255 0 237 255 0 59 0 255 255 140 0 0 0 0 0 255 0 255 255 210
    0 183 255 255 0 100 255 0 255 0 255 0 0 255 0 255 8 196 255 0 255
    174 0 0 67 0 0 0 0 0 75 0 255 255 255 38 0 68 255 0 248 255 3 45 0
    255 238 255 255 0 0 255 255 255 0 181 255 0 0 0 255 0 255 255 0 0
    255 132 132 0 0 129 255 255 255 255 0 0 255 0 0 0 0 255 208 255 138
    0 255 0 241 188 255 255 0 91 255 0 255 0 0 0 255 255 255 70 255 0 0
    160 0 255 235 255 0 11 196 0 255 222 49 0 0 255 0 0 0 125 255 240
    212 255 255 255 255 0 255 0 0 0 255 0 0 255 255 255 0 0 0 255 255
    247 255 0 255 0 235 255 0 0 0 0 255 198 12 255 255 153 255 0 0 0 255
    255 0 255 0 189 255 255 255 0 0 0 255 93 255 194 255 169 19 158 255
    255 255 161 0 255 0 255 0 0 0 255 255 0 0 255 0 255 0 255 255 255
    241 255 0 255 241 255 0 0 0 255 0 255 0 255 255 0 0 141 255 0 255 0
    0 0 255 255 0 137 0 0 0 228 173 162 255 0 255 0 0 0 126 255 255 0
    158 0 45 255 255 0 255 255 255 0 0 255 255 255 255 255 255 248 35 0
    0 0 2 255 80 255 54 255 255 0 255 0 255 255 255 255 187 0 255 255 0
    255 255 255 0 0 137 255 0 183 0 255 11 255 0 255 0 255 255 255 0 152
    0 90 255 255 255 0 226 255 240 0 87 0 255 108 0 0 0 0 255 255 255 0
    0 255 255 183 0 255 255 255 0 255 255 0 206 0 255 255 43 204 0 210
    252 255 144 17 0 0 0 0 0 255 0 255 0 0 0 255 0 255 113 27 255 51 201
    0 0 0 255 0 109 79 96 255 189 0 255 255 255 201 255 55 255 0 255 255
    255 255 0 0 0 0 255 143 255 0 255 0 255 0 255 0 255 0 196 255 0 0 27
    0 255 54 0 255 89 255 0 0 0 255 255 255 145 255 0 255 255 19 162 153
    255 0 255 0 255 0 0 255 255 255 0 110 35 0 0 0 0 0 255 0 255 255 2 0
    255 255 51 0 0 0 255 255 255 0 238 0 255 138 255 255 0 255 0 255 0
    255 0 255 0 166 255 124 204 255 0 255 255 229 255 255 0 218 0 255 0
    255 0 255 0 49 0 0 255 22 0 0 255 255 255 255 255 255 0 0 0 250 255
    255 0 255 119 216 0 255 0 0 0 0 255 0 255 255 104 28 255 255 255 0
    255 36 255 255 255 0 0 55 109 255 0 255 107 255 255 0 250 0 255 149
    7 255 255 0 0 0 255 255 0 187 255 255 255 152 255 108 69 29 255 0
    255 0 255 255 151 0 28 51 255 255 0 0 255 0 0 140 208 0 0 0 0 255 56
    0 255 255 255 255 0 255 255 255 0 255 0 255 0 255 0 0 255 255 0 32
    255 255 0 245 255 255 0 0 255 0 0 0 60 162 255 0 1 0 185 255 0 255 0
    255 17 255 255 0 255 0 0 255 255 0 211 169 255 255 0 0 255 152 255
    255 255 0 0 255 0 0 0 60 0 255 0 57 255 255 255 48 0 0 0 0 0 0 255
    255 149 255 0 255 0 255 0 255 255 36 0 0 0 255 4 255 255 255 255 255
    0 255 0 255 255 0 0 0 255 0 255 0 255 255 91 16 255 255 82 0 0 0 0
    255 255 255 0 255 148 255 6 255 0 0 0 0 255 143 255 0 255 0 236 255
    0 255 0 255 0 255 255 190 255 132 255 203 255 255 0 0 164 255 0 255
    0 159 0 255 0 255 255 255 0 0 0 255 0 255 255 210 255 0 255 0 255 0
    255 255 255 0 0 255 0 245 255 185 255 0 0 255 255 0 255 0 0 255 0
    255 255 255 0 0 255 255 255 0 255 0 255 0 0 0 1 0 255 0 255 0 255
    120 0 224 255 255 0 255 0 255 0 255 0 255 0 0 255 255 255 0 0 0 225
    89 27 243 0 255 255 0 255 255 255 0 0 255 255 0 0 66 0 0 255 255 0 0
    0 255 255 255 0 0 27 0 213 255 255 255 255 252 0 0 141 0 255 0 255 0
    255 0 0 255 255 255 0 255 0 0 0 255 255 255 0 0 255 255 0 0 151 255
    255 255 255 0 0 0 255 152 255 143 242 255 0 255 173 255 0 0 66 255
    255 255 255 0 100 134 255 255 255 63 189 105 0 75 31 255 255 166 0 0
    139 0 0 144 255 0 255 0 192 235 147 0 0 255 0 0 0 255 255 0 255 0 48
    224 255 88 255 111 0 0 0 255 0 255 0 255 139 255 0 255 0 235 161 255
    0 0 0 255 255 0 255 145 0 0 0 0 255 255 255 0 0 0 255 255 0 0 0 255
    0 255 0 247 0 255 191 255 0 243 0 0 0 255 255 255 0 0 255 255 255
    102 0 0 0 146 0 0 0 255 255 255 0 255 0 255 255 116 0 255 67 255 0
    255 0 255 0 255 0 255 7 166 0 214 0 0 0 0 0 255 0 0 0 52 0 255 0 33
    255 238 89 0 255 0 255 0 81 255 255 210 222 255 255 5 0 156 255 255
    255 0 76 0 0 255 255 0 255 0 255 0 255 0 255 255 255 184 0 0 0 0 0 0
    200 255 0 51 0 117 248 255 255 255 0 193 0 255 0 0 25 255 255 0 0
    255 255 255 36 0 255 114 0 14 255 255 0 0 0 0 0 255 255 0 192 0 255
    0 255 0 255 255 255 0 0 0 234 43 255 255 0 0 0 255 255 255 0 255 197
    183 255 241 0 255 0 0 255 255 0 0 0 255 255 255 255 0 0 0 255 255
    255 255 0 0 0 0 255 255 255 22 101 253 255 0 0 255 255 255 255 0 101
    0 0 255 255 255 255 217 108 0 0 0 255 255 255 117 0 119 255 255 255
    255 207 0 0 0 197 255 255 0 172 0 26 0 255 255 0 0 255 255 0 255 0
    254 0 255 255 0 0 0 255 116 255 0 8 0 255 255 255 0 186 0 255 0 0 0
    0 255 255 255 0 0 255 0 0 213 255 0 0 255 255 255 0 37 0 255 187 0
    252 202 255 255 0 255 0 93 0 255 0 0 0 0 255 255 255 95 255 0 0 0
    255 0 38 0 255 255 255 0 0 0 255 255 0 0 255 255 127 0 0 255 255 255
    0 255 0 255 255 0 0 0 0 0 255 255 0 229 255 255 255 0 208 255 255 0
    0 0 255 255 255 0 193 0 0 255 255 255 0 0 0 226 0 255 235 228 255 0
    156 0 255 0 0 0 255 128 255 0 0 255 255 0 0 255 0 255 0 255 214 0
    246 255 255 255 0 0 44 255 255 0 0 0 0 0 0 255 231 255 0 255 173 0
    255 255 255 255 255 0 0 0 255 175 255 0 255 255 255 0 255 0 255 255
    0 255 255 255 158 8 196 0 18 0 255 252 0 0 255 0 114 255 255 255 125
    0 0 239 0 255 0 0 255 145 255 167 60 95 65 170 0 0 255 255 0 0 0 255
    196 0 0 0 60 255 255 7 255 0 255 217 255 0 255 255 0 0 0 0 0 255 255
    0 255 255 255 0 0 174 255 0 0 0 76 255 0 255 255 0 0 0 0 255 91 0 24
    255 255 15 0 145 255 0 107 255 0 255 0 255</data></my_img>
<your_img type_id="opencv-matrix">
  <rows>128</rows>
  <cols>256</cols>
  <dt>"3u"</dt>
  <data>
    255 0 255 167 102 0 0 255 255 0 0 255 0 0 255 0 0 0 255 0 255 94 0 0
    0 0 0 139 255 2 255 0 0 142 255 255 198 31 119 0 255 255 108 255 76
    255 140 255 255 255 0 0 255 0 184 0 255 218 0 0 0 120 0 0 0 0 0 255
    0 255 75 0 0 0 255 255 255 255 255 248 41 0 255 0 255 81 0 180 255 0
    255 0 0 0 0 0 255 255 0 255 0 255 0 255 0 0 0 255 255 0 0 0 255 0
    255 255 158 255 255 0 243 170 230 110 255 64 0 0 255 255 248 0 255 0
    255 0 255 0 0 255 243 255 230 255 188 255 174 0 255 0 255 0 175 255
    255 0 0 208 255 255 255 0 0 0 204 0 255 255 0 0 236 255 0 0 55 255
    255 127 0 255 0 255 255 255 255 255 0 0 0 59 17 255 255 0 255 41 255
    255 0 0 192 255 77 0 152 0 255 140 0 0 32 255 0 0 114 255 170 255 0
    0 14 36 71 255 0 255 144 0 255 10 103 0 255 255 255 255 0 255 0 255
    0 255 13 255 189 255 255 0 188 0 255 255 235 0 0 0 255 255 0 255 255
    197 0 0 255 59 255 0 0 255 0 0 121 0 255 0 0 0 0 0 255 251 175 255 0
    0 127 255 0 0 0 255 211 0 0 0 255 150 47 255 0 255 255 255 0 145 255
    0 0 0 195 95 0 221 0 0 0 255 0 201 0 255 255 60 0 164 255 0 255 0 0
    0 106 229 255 48 151 181 227 44 0 0 255 255 255 0 0 0 33 255 255 255
    255 0 0 0 0 255 130 255 30 255 10 255 0 0 0 52 255 255 0 0 0 0 255
    68 0 134 255 0 215 0 55 162 0 255 0 255 255 255 0 0 25 255 0 255 255
    233 0 230 141 255 0 77 0 0 86 32 255 0 89 0 75 0 0 255 0 0 0 255 255
    255 0 3 255 255 255 0 0 255 0 0 0 255 255 255 0 0 0 0 0 255 255 208
    8 165 255 255 0 255 0 0 0 255 0 255 0 0 0 228 255 255 227 255 255
    255 255 255 144 0 45 0 243 255 0 208 127 0 0 255 71 255 11 59 0 0
    255 170 255 255 255 0 255 255 255 58 255 226 255 255 242 0 0 0 0 12
    255 166 25 0 185 255 0 100 0 0 255 120 255 0 127 0 255 93 74 84 255
    255 255 255 117 255 0 255 0 0 255 255 0 0 0 255 255 255 255 255 255
    61 0 0 0 0 255 255 182 255 0 0 0 255 255 255 0 0 191 255 255 219 0 0
    183 255 255 84 255 255 0 0 0 255 255 24 219 0 34 255 0 0 0 186 0 99
    255 255 255 0 51 0 0 0 255 255 0 255 72 255 255 255 16 255 255 0 0
    255 0 255 255 255 255 0 0 0 222 0 255 0 255 0 0 4 255 255 0 255 26 0
    176 255 255 255 255 255 255 255 255 213 0 0 255 0 255 0 255 0 0 255
    0 0 77 255 45 255 191 255 255 0 255 0 255 0 95 255 255 255 0 219 0
    255 0 255 0 255 255 0 185 255 255 255 255 0 255 255 255 0 255 0 255
    0 255 255 0 239 0 133 255 255 120 255 0 0 0 255 91 255 0 50 255 255
    0 2 255 255 255 255 0 224 255 255 0 0 0 0 255 255 0 250 116 255 255
    0 255 0 255 255 255 0 255 255 255 125 143 0 255 0 0 255 255 15 255 0
    255 0 0 0 0 255 0 110 74 255 0 255 0 255 0 64 0 255 255 0 113 255
    255 255 0 255 0 255 74 0 255 204 255 255 255 0 0 255 191 255 90 0 0
    0 0 0 0 255 255 255 0 69 0 167 0 0 255 0 243 0 106 36 0 255 0 255 0
    142 0 255 0 0 255 255 255 77 255 0 75 255 0 255 255 255 0 84 0 254
    255 0 0 255 255 0 29 0 255 255 255 3 35 0 255 255 0 255 255 0 17 0
    255 0 255 0 255 0 198 255 255 209 0 255 255 255 255 255 0 255 0 255
    0 255 255 255 255 0 0 255 255 255 0 255 69 255 0 255 255 0 145 0 255
    0 255 0 0 255 255 101 0 0 255 0 255 255 255 255 0 255 0 255 0 29 0
    255 0 0 24 106 165 0 45 255 255 255 0 255 150 255 0 0 0 255 0 68 255
    255 0 255 255 0 255 0 79 0 255 0 255 255 255 255 255 0 0 0 141 255
    255 255 0 255 0 255 0 0 0 0 255 95 134 255 255 0 255 255 74 0 0 0
    255 255 108 0 0 199 236 0 187 255 255 0 0 0 0 255 255 255 0 31 0 255
    255 255 0 67 0 0 0 0 0 5 255 38 1 248 0 255 102 255 255 255 0 239
    255 0 255 0 255 0 234 255 0 244 0 255 0 255 255 255 196 0 0 0 0 255
    0 255 0 23 32 0 76 0 255 0 0 0 0 255 0 255 71 255 255 255 255 0 0 0
    0 0 0 255 220 255 0 255 0 158 255 255 255 0 0 204 0 224 255 255 117
    0 87 0 255 0 255 0 130 0 0 0 255 233 255 146 255 0 210 255 0 0 0 0
    235 0 255 150 255 255 197 126 0 255 255 255 255 21 0 0 255 255 255 0
    255 34 110 0 255 255 255 210 0 0 255 0 118 0 255 157 7 0 255 255 255
    255 0 0 255 23 166 255 0 255 0 0 255 255 0 0 0 255 255 255 0 0 0 255
    255 0 228 0 255 255 255 183 4 255 0 255 0 0 255 0 255 255 255 0 89
    211 255 255 255 0 0 0 255 255 255 255 255 0 255 0 0 85 0 255 0 255
    255 255 255 0 255 224 255 255 0 127 87 0 0 75 255 71 255 105 255 0
    64 0 218 0 30 0 0 176 0 255 0 255 255 255 255 0 0 0 219 0 255 255
    255 0 0 0 0 255 0 240 0 255 255 255 136 0 0 0 0 255 255 0 0 0 255
    255 26 197 210 255 0 248 0 0 0 255 0 85 255 0 255 0 255 0 213 0 90
    255 0 0 0 0 255 255 255 255 46 255 255 255 0 0 0 0 0 255 255 255 255
    0 0 0 255 0 0 0 255 255 255 0 255 0 0 0 255 184 0 255 255 255 0 0 0
    255 106 255 69 245 0 158 0 255 0 255 0 55 255 0 0 0 255 3 255 187
    196 255 0 255 97 0 0 255 255 0 255 255 255 0 0 0 0 0 24 0 49 0 255 0
    167 255 255 136 0 255 255 143 0 255 255 0 255 0 255 63 255 0 0 163 0
    255 37 255 0 0 0 0 66 0 255 0 255 0 0 255 255 0 195 0 0 255 22 255
    255 255 255 0 0 104 255 0 255 255 255 255 0 0 0 156 0 255 0 0 250
    255 255 0 0 0 255 1 143 255 152 50 0 255 48 0 255 0 179 0 0 255 148
    255 0 0 163 255 0 255 245 0 0 255 255 222 0 0 0 0 0 255 255 46 255
    255 255 0 0 0 184 255 255 0 0 255 255 181 255 0 255 0 210 0 255 0
    242 0 255 255 255 0 0 0 255 141 255 255 255 0 0 255 255 255 255 63 0
    0 0 255 255 255 0 0 0 255 159 255 0 255 255 255 0 0 0 243 0 0 0 255
    0 255 255 0 0 1 255 254 38 255 192 0 0 0 255 255 255 0 61 190 255 0
    0 255 255 255 255 168 255 0 255 255 103 0 0 165 99 0 98 0 15 46 255
    0 168 0 45 6 7 255 0 255 0 255 29 0 0 5 0 0 0 0 255 188 0 255 0 0 0
    0 0 0 0 0 51 0 0 255 99 158 110 0 0 255 0 255 255 149 0 0 0 255 255
    0 255 255 19 0 0 255 0 255 0 202 123 255 0 28 255 195 0 255 255 255
    0 231 0 255 255 255 0 0 255 255 0 255 0 255 167 255 255 255 219 61
    119 72 167 0 0 255 0 255 0 255 0 255 0 246 255 255 205 0 255 255 255
    255 0 255 0 255 0 0 255 0 0 126 255 196 0 0 0 117 0 0 255 0 253 0
    155 255 0 255 0 255 0 79 255 255 255 40 255 0 0 0 255 174 219 0 255
    255 255 0 255 0 0 0 255 255 0 0 0 248 176 255 255 0 0 0 71 255 255 0
    255 255 255 255 0 0 174 0 255 159 255 255 0 0 255 144 255 255 0 178
    160 0 255 60 210 255 255 247 0 86 255 0 0 0 255 155 255 255 255 255
    0 0 0 255 255 0 0 255 255 255 0 30 53 55 0 187 0 255 0 0 0 0 255 0
    255 0 161 0 0 255 255 255 255 255 0 0 0 0 73 0 0 0 255 0 255 255 0
    255 0 0 54 255 255 255 238 253 0 0 0 0 76 0 255 255 0 255 41 255 255
    255 0 0 0 17 255 0 0 0 255 255 15 0 112 0 0 255 255 255 255 0 12 0 0
    255 255 0 242 122 255 255 0 167 0 0 255 255 0 43 153 255 255 255 0 0
    200 153 255 20 0 0 0 255 46 255 135 197 0 255 0 0 198 255 255 0 0 37
    0 189 191 0 0 65 0 0 0 255 0 91 0 255 255 255 255 0 255 0 72 15 255
    255 29 255 255 0 0 243 255 36 0 255 0 145 95 255 255 255 0 15 0 255
    255 255 230 255 255 0 200 0 0 0 53 0 255 255 10 0 0 255 255 255 255
    0 255 0 0 0 190 0 255 148 255 0 255 0 41 131 0 255 0 142 79 255 64
    255 0 0 255 255 255 0 255 91 255 142 0 0 0 255 255 255 38 255 0 255
    255 255 0 0 0 255 0 255 0 0 0 255 255 255 0 0 0 239 255 68 255 241
    255 0 0 0 0 0 247 255 255 230 255 0 255 0 255 0 0 0 0 255 0 0 0 0
    255 0 255 0 255 0 161 255 201 255 0 255 38 255 0 0 0 255 255 0 0 84
    0 0 0 0 0 255 0 255 0 0 0 255 255 255 0 20 255 0 255 0 255 0 0 48 0
    0 0 0 0 0 0 255 0 255 0 0 0 255 255 0 255 0 0 0 255 69 255 0 0 255
    124 0 255 158 255 51 0 46 0 255 0 0 198 255 11 0 105 255 255 0 255 0
    13 0 0 255 255 227 0 0 255 255 0 0 255 0 194 0 83 238 0 255 3 255 0
    0 166 0 255 0 255 148 255 255 0 21 255 0 230 255 150 0 255 255 0 0 0
    0 0 255 68 0 0 255 68 0 0 0 0 0 0 255 255 255 0 0 146 255 255 0 166
    255 0 89 0 255 0 0 255 255 255 255 27 255 127 184 0 0 0 255 46 255 0
    255 105 255 8 0 0 127 36 87 0 0 0 255 255 255 255 0 0 85 139 93 230
    0 162 255 255 255 235 255 0 0 255 255 118 255 246 255 0 0 189 82 255
    255 255 0 0 0 255 0 0 0 0 255 255 255 0 255 0 255 0 255 255 0 0 0 0
    117 255 255 0 255 0 255 49 255 255 255 255 0 0 151 255 0 73 255 255
    255 0 0 255 0 255 255 0 255 61 255 255 255 255 0 255 0 255 255 0 0
    255 0 255 255 114 255 255 0 0 168 0 0 241 0 255 240 255 255 0 0 0
    255 255 131 255 255 255 41 255 39 18 0 204 246 0 0 0 255 0 255 255
    255 0 0 0 255 0 255 0 255 255 255 255 0 0 0 255 255 255 0 255 255
    255 0 255 0 187 0 255 27 255 0 0 0 173 0 0 0 255 0 83 255 128 255
    155 255 255 255 255 255 255 255 97 255 0 0 255 255 0 0 0 255 255 255
    0 0 0 255 0 255 0 78 58 26 255 255 255 17 0 255 0 255 255 210 255 0
    0 0 255 255 0 0 255 182 255 0 230 255 209 0 0 0 255 255 0 124 255 0
    227 0 255 255 255 255 0 0 0 255 255 183 43 0 0 0 255 0 0 231 255 0
    255 0 0 255 220 255 255 255 0 0 255 204 47 61 255 0 255 0 255 80 255
    255 255 0 255 0 5 255 255 18 0 0 255 255 255 255 101 255 0 0 128 255
    255 5 255 0 255 160 43 0 0 0 216 255 255 0 194 255 0 255 0 255 255 1
    0 0 0 255 255 0 0 45 255 255 69 255 0 255 255 0 146 0 255 255 255 62
    107 255 255 255 0 255 255 18 4 0 54 255 96 255 238 0 0 255 255 255 0
    0 0 0 170 8 153 0 0 255 228 255 0 0 255 172 249 0 32 204 255 40 255
    255 106 215 0 106 30 247 27 255 255 255 0 0 255 255 255 0 255 0 255
    49 255 255 0 255 198 146 255 0 255 255 255 255 136 255 0 0 0 255 255
    255 0 255 0 59 0 0 129 0 0 255 255 0 0 255 255 73 255 0 0 0 255 0
    255 255 255 255 255 185 0 0 0 189 255 255 255 94 25 127 0 0 175 255
    0 1 255 255 119 255 0 255 255 255 0 123 0 59 255 255 255 0 255 0 255
    0 24 255 0 255 233 172 255 188 0 0 255 255 255 0 0 255 169 255 255
    255 0 255 119 0 255 255 0 0 0 0 255 198 255 0 255 255 0 113 255 255
    110 0 255 0 255 255 0 188 0 255 57 255 255 0 0 0 0 255 0 0 169 0 255
    0 255 255 255 255 53 148 166 255 0 255 255 255 255 255 255 0 17 56
    60 255 0 141 255 255 255 0 0 0 255 0 255 255 255 255 255 104 0 0 255
    255 0 255 0 0 0 209 0 255 0 0 255 0 0 255 255 255 0 255 255 0 0 0 16
    0 255 0 255 255 0 255 0 0 255 255 0 0 255 255 244 255 255 255 0 40
    24 0 255 94 255 0 215 255 0 255 0 255 0 179 0 198 255 255 255 0 255
    0 255 0 255 255 130 179 255 255 8 255 0 189 255 255 255 0 255 0 255
    0 255 255 255 0 0 0 0 0 0 0 0 0 255 131 23 0 0 255 255 255 0 221 0
    255 255 255 116 0 0 131 0 255 22 255 73 255 255 255 255 0 255 0 119
    0 0 63 186 250 255 0 52 255 255 0 0 0 242 35 90 255 255 121 0 0 0
    255 255 255 0 0 0 255 0 255 0 255 0 255 255 255 255 0 0 255 255 255
    103 255 0 0 0 0 255 0 122 0 255 255 255 0 0 103 8 108 255 232 0 255
    0 36 0 255 255 255 0 249 0 0 44 255 255 0 255 255 73 0 255 155 255
    93 0 0 255 83 0 0 18 48 255 165 0 182 255 255 0 0 255 0 255 255 255
    0 255 0 255 6 255 255 153 0 255 0 78 0 255 159 220 0 0 255 67 0 151
    113 0 255 0 144 45 255 0 19 0 0 255 0 0 255 0 255 0 255 0 255 0 255
    0 0 0 0 255 226 217 129 255 255 255 255 255 0 198 255 255 255 255
    255 0 255 0 0 52 0 255 0 0 255 143 255 0 0 0 255 232 0 255 0 0 0 0
    201 255 199 237 0 255 0 255 0 0 255 0 255 41 255 255 75 94 0 0 0 0
    255 85 0 0 187 255 255 0 96 255 0 255 60 255 65 255 0 55 255 255 255
    0 0 197 255 255 0 132 23 255 101 255 0 255 0 0 101 14 0 115 255 0 0
    255 0 255 255 0 255 0 0 0 255 0 135 255 255 0 255 0 66 0 255 0 255
    176 255 255 255 168 0 0 255 0 0 255 81 255 0 255 0 255 255 0 0 0 0
    255 0 0 0 255 255 8 0 0 255 211 255 0 255 255 0 0 0 255 31 0 255 255
    0 255 0 105 0 255 0 241 144 255 0 255 255 248 0 0 255 28 255 10 0
    255 0 255 255 255 43 0 0 255 0 121 255 0 255 0 255 248 255 0 0 0 255
    174 255 0 252 0 230 255 93 255 0 255 0 0 0 36 0 255 0 255 0 116 0
    255 0 0 255 0 62 255 255 255 0 255 0 255 192 105 0 255 255 255 141 0
    80 148 255 255 0 255 255 255 0 255 0 255 0 41 255 0 0 0 0 255 255
    233 255 92 0 0 68 0 45 0 112 255 255 0 0 0 255 255 0 198 0 255 78
    255 0 0 0 213 0 255 87 255 0 255 255 255 110 255 255 255 255 28 54
    255 255 213 255 0 255 255 255 0 247 255 0 141 147 255 255 197 0 246
    255 255 0 0 0 255 255 58 0 0 0 77 255 255 255 0 0 0 0 0 255 255 87
    114 255 0 0 255 229 243 255 207 255 30 162 166 255 0 72 255 0 0 124
    255 255 0 0 0 255 239 178 0 255 49 0 0 0 0 255 255 14 0 255 255 255
    0 0 255 255 255 0 0 255 0 0 255 255 0 0 0 255 79 255 0 0 255 0 255
    38 255 0 0 0 255 255 176 0 0 0 0 255 0 255 0 0 0 234 0 255 0 255 109
    0 255 59 255 72 0 0 255 255 0 0 71 255 0 0 0 130 57 255 255 216 0 0
    255 71 0 255 0 255 0 76 255 0 255 255 0 255 51 255 0 255 0 31 255
    255 0 0 255 255 0 65 255 255 255 255 0 61 0 255 255 255 255 255 0
    255 255 255 70 255 83 182 0 0 0 255 0 212 0 255 0 178 106 255 0 255
    3 255 255 86 0 4 131 0 0 255 129 255 0 255 0 0 0 168 0 0 0 0 59 255
    255 255 255 255 0 0 0 255 255 93 190 162 0 0 255 61 255 255 255 255
    255 255 58 0 11 0 255 0 255 255 214 61 87 24 48 89 255 255 255 255 0
    0 0 0 255 255 0 99 182 255 255 0 0 0 0 255 0 255 0 255 255 255 255 0
    186 255 255 147 0 0 0 165 255 255 216 0 0 9 0 0 255 255 250 0 255
    255 0 255 0 0 0 255 0 0 0 5 255 194 0 0 255 0 255 0 0 0 255 255 0 0
    0 255 255 0 255 193 255 0 255 120 255 147 0 0 0 8 255 0 255 255 0 0
    174 0 255 8 0 0 0 255 255 62 0 0 193 106 0 255 255 42 255 0 255 255
    95 134 99 0 0 255 255 255 0 182 0 25 255 255 0 255 0 0 0 255 0 241
    103 255 0 255 0 255 195 0 255 255 229 0 0 206 255 255 255 0 117 0
    255 0 255 0 0 0 255 0 255 255 255 0 0 0 18 0 176 255 0 0 0 255 0 255
    0 0 0 255 255 0 0 116 255 0 0 254 255 0 107 0 255 255 255 0 0 0 0
    255 0 255 0 255 255 0 255 151 255 111 255 255 0 255 186 255 213 255
    0 255 0 235 0 255 145 32 0 120 133 255 255 0 255 0 216 255 114 0 255
    0 0 0 255 0 255 255 255 0 218 255 255 255 206 238 144 234 255 0 44 0
    255 80 0 255 195 184 255 217 0 0 0 0 255 0 255 0 255 0 181 255 255
    255 206 0 0 255 169 255 0 60 0 255 0 0 0 141 131 0 0 255 255 255 184
    0 2 125 0 84 255 255 255 255 0 0 255 255 170 0 255 175 255 255 255 0
    255 0 255 31 255 255 0 0 255 0 0 255 4 255 0 0 177 0 255 0 255 255
    255 51 255 255 0 255 255 29 0 0 0 255 0 0 0 197 0 255 15 255 0 0 255
    255 255 255 0 0 0 0 255 0 0 0 255 0 152 58 113 30 0 255 100 255 87
    255 255 255 0 255 255 255 255 0 0 228 255 255 255 0 255 255 86 0 0 0
    0 0 0 255 0 117 255 255 0 0 255 255 154 0 0 0 48 0 158 219 255 255
    173 0 255 255 255 255 0 197 255 0 0 0 189 255 29 253 255 0 0 255 255
    0 197 0 255 0 0 255 255 0 0 0 255 255 0 255 255 0 71 255 0 255 0 255
    0 0 0 0 255 0 28 255 255 15 255 0 0 0 255 109 0 0 59 210 0 255 0 255
    0 0 0 255 23 255 0 0 255 87 255 255 0 41 0 218 255 255 0 255 36 0 0
    255 0 255 0 227 0 255 49 255 111 89 0 255 0 255 0 255 0 52 255 255
    255 0 164 0 92 255 255 255 255 0 255 0 255 0 255 0 255 0 255 255 0
    255 255 255 0 0 255 255 0 255 255 0 0 0 0 255 255 0 207 255 255 255
    0 0 0 0 255 103 255 0 255 255 255 33 255 0 98 0 0 255 255 0 0 0 142
    243 20 0 255 255 255 0 0 36 0 255 0 0 255 255 255 255 0 0 0 255 255
    255 101 255 255 255 0 0 58 255 255 193 255 85 0 0 206 62 255 140 0 0
    0 0 255 255 165 0 255 255 255 0 255 0 183 141 0 225 0 255 255 121 0
    0 255 255 255 255 0 98 0 0 0 255 255 255 45 242 0 255 255 0 255 0
    255 0 255 0 255 0 39 128 59 255 94 255 255 0 0 123 255 0 214 255 0 0
    255 51 255 0 255 0 0 255 255 255 0 255 0 0 0 255 255 87 255 0 226 2
    167 162 255 255 0 16 0 255 255 255 55 0 255 0 255 255 0 255 0 255 0
    232 0 0 0 0 255 255 255 238 255 0 40 255 255 0 0 255 0 255 255 0 36
    0 0 77 0 255 255 255 0 0 0 255 255 233 0 0 121 0 255 0 182 0 0 0 255
    126 112 0 255 255 0 148 0 255 255 255 0 165 255 67 255 255 235 255 0
    255 207 255 0 0 255 255 0 204 255 255 0 248 0 255 47 254 255 109 0
    255 158 255 0 255 252 255 134 0 255 255 0 126 255 177 10 0 255 241
    255 154 0 255 255 0 255 0 1 0 255 35 0 255 0 255 255 135 0 0 0 255 0
    255 0 255 0 255 64 255 0 0 255 255 255 0 255 0 219 0 210 255 0 0 255
    255 255 175 183 137 0 0 0 255 0 255 34 255 0 255 153 255 0 0 0 255 0
    255 195 255 0 255 255 226 136 255 255 234 0 255 245 91 0 0 0 0 255
    255 0 255 116 0 32 247 0 255 49 255 255 255 0 255 255 255 46 0 0 255
    0 255 0 115 0 8 255 166 0 0 0 255 255 0 218 255 255 114 0 255 255
    255 81 255 93 255 25 255 255 0 204 255 255 59 0 255 78 255 0 0 193
    255 255 228 0 255 0 255 255 255 0 0 255 255 255 255 255 86 255 255
    255 255 0 0 255 255 253 0 0 0 0 70 0 255 0 109 255 255 208 255 255
    255 7 0 255 121 255 205 255 139 255 205 255 0 178 255 255 0 0 255
    255 255 0 255 0 0 255 255 0 0 255 0 255 0 54 0 7 28 0 255 255 255 0
    255 255 72 0 0 255 153 255 0 255 255 255 255 0 0 192 5 255 0 255 0
    255 0 0 174 255 255 255 0 218 0 255 0 255 0 255 255 255 0 0 255 0 76
    0 255 255 255 59 255 0 0 0 99 255 255 255 0 0 255 255 0 255 255 255
    255 255 255 0 255 0 255 0 0 0 255 0 67 0 255 0 0 0 121 255 255 255 0
    82 173 255 0 255 0 0 255 255 203 255 255 255 255 0 255 204 92 16 0 0
    120 0 0 255 255 255 255 0 255 255 255 0 255 0 0 0 255 255 255 0 0 0
    0 255 255 49 0 80 255 255 91 255 0 0 67 255 0 120 25 122 0 0 0 0 255
    0 255 0 35 0 0 27 255 0 255 212 82 115 255 255 255 0 255 255 0 225
    119 255 139 0 0 0 0 0 0 93 255 0 0 255 255 0 0 255 255 134 0 255 0
    255 0 255 66 255 110 0 0 0 0 255 0 0 125 255 0 159 8 0 119 231 255
    195 255 0 255 255 255 0 30 202 15 255 255 255 0 255 0 0 0 255 0 255
    0 233 0 255 243 255 255 0 0 0 255 255 70 0 0 0 174 255 0 255 162 143
    9 0 0 255 255 255 6 0 230 255 255 0 255 255 0 161 166 255 255 255 0
    255 0 0 16 255 0 0 156 255 0 0 255 255 22 0 255 123 255 0 0 255 0 0
    0 0 0 30 255 67 0 179 255 0 255 255 255 0 255 0 0 0 255 255 255 0
    255 8 255 0 255 0 158 255 9 0 255 255 155 255 255 0 255 255 0 0 0
    248 255 0 0 255 255 74 0 255 0 0 0 255 255 255 0 0 94 255 255 222
    255 0 255 255 255 0 0 0 255 0 255 255 255 0 0 0 0 255 87 255 114 32
    255 255 255 255 255 52 0 190 0 255 0 82 255 0 255 0 56 9 0 255 0 255
    0 21 255 226 141 0 0 255 92 26 255 255 0 244 0 255 0 255 21 255 0
    255 0 0 0 0 255 255 147 0 0 255 255 0 0 255 255 255 23 162 110 255 0
    37 0 0 211 255 0 255 0 255 0 158 185 255 255 133 96 0 0 255 255 255
    235 0 255 0 129 0 0 255 166 255 0 255 0 0 0 0 255 0 126 0 255 0 0 0
    255 255 255 255 0 0 175 0 255 255 129 255 0 0 255 52 0 75 255 255
    255 208 0 0 0 0 255 255 255 255 0 255 255 255 255 0 0 43 0 0 255 199
    255 0 255 179 255 0 19 255 255 0 0 0 255 255 255 255 0 125 0 255 213
    0 0 0 255 255 0 0 98 255 73 255 180 0 95 0 255 0 255 0 51 0 12 255
    255 196 0 0 174 255 0 0 0 255 0 255 0 255 0 255 0 0 0 0 0 255 147 0
    0 175 169 255 83 0 0 255 0 255 0 0 57 232 255 0 255 255 255 255 0 0
    40 0 121 183 33 0 255 0 66 0 71 255 121 158 255 124 255 0 255 0 255
    0 0 249 190 255 255 0 255 255 255 202 0 122 0 0 0 0 255 41 167 64 0
    0 255 255 0 255 0 255 0 0 0 0 255 0 11 0 255 101 0 0 255 254 255 0 0
    165 255 0 0 0 54 0 255 162 17 255 255 255 62 255 0 255 0 255 0 0 0
    255 0 0 248 0 0 0 255 255 255 0 255 0 0 0 255 255 0 255 158 255 232
    0 255 121 0 0 255 0 0 255 154 59 225 0 60 112 106 0 36 255 255 255 0
    255 0 255 7 0 255 255 63 0 157 255 220 140 0 0 255 0 255 255 162 167
    255 0 0 0 0 255 156 0 255 255 255 255 0 255 0 0 0 184 255 255 0 255
    69 255 255 95 0 0 0 0 255 210 255 0 255 0 0 255 0 0 36 219 255 0 0
    235 0 0 0 0 255 19 0 124 255 0 255 255 0 0 255 255 0 255 255 104 144
    0 0 255 255 0 0 255 0 0 0 255 0 255 0 255 117 0 0 61 255 255 107 119
    0 0 237 255 0 255 0 0 0 0 0 0 202 171 0 0 255 255 255 255 255 0 0
    255 255 255 0 255 210 255 0 0 0 0 66 0 255 255 255 255 0 255 0 255 0
    49 0 0 255 255 255 255 0 0 255 152 255 0 248 109 0 128 255 0 255 51
    255 0 255 0 67 0 255 255 61 255 0 0 0 255 255 189 0 0 255 255 255 0
    255 0 255 0 0 255 0 255 127 0 255 203 0 0 255 0 255 0 255 0 0 0 0
    255 0 0 255 255 255 0 10 0 0 133 255 255 0 255 255 255 0 0 255 255
    255 0 44 252 0 255 0 255 0 255 29 255 255 255 0 255 0 23 0 255 0 255
    255 0 0 0 0 255 0 255 255 255 0 0 0 0 255 0 255 130 255 255 255 255
    135 0 0 245 255 255 255 255 23 0 0 255 161 199 0 250 255 255 0 255
    255 250 255 157 0 255 143 255 0 224 0 255 255 255 0 255 0 255 255 0
    0 155 255 0 0 0 255 255 255 255 0 0 0 0 254 255 255 255 0 227 255 0
    255 255 255 221 255 0 0 0 255 0 255 255 255 0 0 0 255 165 255 0 0 0
    65 0 0 0 255 0 255 0 0 206 0 127 0 255 255 255 0 0 255 0 255 255 0 0
    0 121 255 0 14 255 255 0 0 180 255 255 255 255 0 189 0 255 255 255 0
    82 131 255 0 255 0 255 255 0 0 0 49 219 255 255 114 255 7 0 207 0
    255 10 255 0 255 0 255 255 32 255 255 0 116 3 255 0 152 0 255 182
    255 38 0 255 0 255 59 255 0 0 255 219 0 0 0 255 255 255 0 0 35 0 255
    255 255 0 0 255 0 0 0 255 255 183 0 255 255 255 0 175 0 72 255 0 254
    255 0 255 0 204 0 0 49 111 255 0 0 0 224 255 255 0 0 0 255 255 255
    108 255 214 0 0 0 255 255 255 208 73 0 0 0 62 0 0 255 0 255 0 0 35 0
    50 255 255 0 0 255 255 255 0 0 0 0 255 255 255 255 0 0 255 255 255 0
    0 0 255 0 155 255 38 0 179 0 255 0 0 0 255 255 0 255 0 255 85 0 0 0
    255 255 255 0 0 255 140 255 255 255 255 0 255 0 0 0 0 255 0 255 0 0
    0 255 255 0 0 0 255 255 0 0 168 0 57 0 0 0 174 255 255 0 255 255 12
    0 0 0 0 0 255 28 0 255 0 106 0 255 3 255 0 255 255 112 0 255 255 255
    255 87 255 0 255 0 255 0 255 255 255 0 0 0 255 255 255 255 0 0 157
    148 233 132 255 255 255 0 0 0 131 255 255 162 0 247 255 0 248 248
    255 255 255 47 0 0 206 0 255 174 249 255 0 0 0 45 255 255 255 0 255
    0 0 255 255 0 174 2 255 0 5 0 255 0 203 93 255 0 0 0 0 255 52 248
    255 228 97 0 0 255 255 255 0 255 172 255 0 0 0 255 47 79 255 255 255
    0 0 0 67 0 255 0 255 255 255 4 197 255 0 255 0 0 0 0 0 255 255 0 80
    255 255 0 229 255 255 0 0 204 40 0 0 0 255 255 255 0 0 0 27 255 0 32
    0 255 255 255 43 255 41 36 93 255 255 255 0 0 255 255 215 0 255 0 0
    255 255 255 255 0 255 146 255 255 255 0 0 25 255 0 255 0 255 255 227
    190 178 255 0 0 0 255 0 255 255 255 0 255 0 255 0 0 255 255 255 255
    43 243 255 0 255 137 0 255 255 5 255 255 0 0 255 255 255 0 0 216 0
    195 0 255 0 0 0 0 255 255 255 0 255 172 0 255 0 255 0 255 0 0 0 231
    146 45 0 89 0 255 156 255 0 0 69 255 181 175 229 0 255 255 0 255 255
    0 255 255 0 0 61 255 255 0 0 255 119 255 52 255 0 255 255 255 0 181
    255 255 0 211 0 255 255 232 0 61 0 255 112 255 161 26 255 255 0 53 0
    0 255 0 255 0 255 0 0 255 0 115 0 255 150 255 255 255 207 0 0 255
    255 0 0 0 255 0 255 0 0 0 255 100 0 255 140 255 0 0 255 237 255 0
    170 0 0 255 255 255 0 0 255 255 255 255 0 112 255 0 0 2 255 255 255
    0 0 0 255 0 0 0 125 255 255 235 100 70 203 63 255 255 0 0 0 0 210
    255 255 255 0 0 143 0 92 0 0 213 0 255 0 255 71 255 255 0 255 0 255
    255 0 20 0 167 0 255 255 0 255 255 14 0 0 0 198 255 255 172 47 0 0
    202 0 0 190 0 6 255 106 0 255 255 255 0 0 0 76 255 0 255 0 255 255
    111 184 0 0 0 255 21 213 255 255 255 255 102 22 255 0 0 0 255 255
    255 255 255 0 0 0 255 243 98 255 0 255 0 112 0 255 255 0 0 0 0 255 0
    220 242 255 0 0 255 0 0 255 255 255 128 0 0 173 31 255 255 255 0 0 0
    28 0 255 0 255 0 255 255 255 255 0 0 126 255 255 0 164 138 255 0 228
    0 255 184 0 34 247 71 0 255 0 255 0 255 0 0 0 204 255 255 255 254 0
    0 205 255 255 42 248 0 216 125 255 255 255 0 255 0 55 255 0 191 0
    255 255 255 181 0 255 255 255 255 0 0 0 0 113 56 255 0 255 255 184
    255 0 255 255 255 255 52 164 39 255 255 0 0 176 127 0 0 255 255 0 0
    255 255 255 192 57 25 193 56 255 0 205 0 255 0 0 0 255 0 0 0 255 255
    0 243 255 0 0 0 255 255 0 255 0 150 0 0 255 255 255 4 255 255 255 0
    0 46 255 255 255 97 255 0 255 255 255 255 94 24 238 52 255 0 255 0
    255 0 255 91 0 255 0 255 231 0 0 196 255 127 255 255 255 255 0 0 0
    255 138 0 255 255 255 0 255 0 63 0 255 255 255 255 0 0 0 255 0 174
    255 255 0 207 0 0 232 255 42 0 255 255 255 0 0 51 184 0 0 255 255
    255 255 0 0 0 0 164 0 0 23 255 91 221 0 99 225 0 255 255 45 255 0 0
    255 50 255 0 255 0 255 0 0 144 255 255 242 174 190 212 0 0 120 255
    255 255 0 255 0 149 209 255 255 255 0 255 245 0 0 0 252 0 255 112 0
    219 0 0 0 255 255 0 255 0 255 0 0 255 255 114 0 0 255 255 0 0 255
    255 179 0 0 255 226 0 0 0 255 147 255 0 255 196 103 0 94 230 91 255
    93 0 0 255 255 169 0 0 0 255 255 0 0 255 255 255 255 0 199 0 255 255
    106 185 0 255 255 255 137 0 253 255 255 255 0 0 227 255 255 255 0
    232 0 255 255 255 0 125 0 255 0 195 0 255 19 201 0 0 0 255 147 0 0
    255 0 0 0 255 86 255 255 255 0 255 0 255 255 0 0 255 213 255 0 0 0
    35 255 255 133 255 0 255 255 255 0 161 0 247 111 255 255 255 255 255
    0 0 0 255 255 255 0 0 255 0 0 0 255 56 197 110 0 0 0 101 255 91 255
    0 218 255 255 255 0 255 0 255 255 255 0 0 44 116 255 11 122 0 0 255
    255 24 0 0 255 255 255 0 0 0 255 255 255 255 0 0 7 0 205 0 255 255
    142 255 255 0 0 0 255 0 255 255 0 102 0 0 0 0 255 255 0 0 188 255 0
    0 50 255 255 0 255 255 255 255 0 255 0 0 0 0 255 255 255 0 225 255 0
    255 255 255 0 0 118 0 0 255 255 18 5 0 0 255 0 127 255 28 0 255 255
    255 0 255 255 255 0 255 255 0 255 0 199 0 255 0 0 0 204 255 255 228
    255 255 255 84 129 255 0 0 0 8 57 207 0 67 255 0 255 249 255 155 255
    134 0 255 255 255 0 230 0 0 0 0 255 255 255 222 255 255 0 0 255 0 0
    0 255 255 255 66 0 0 255 0 255 110 161 0 0 255 255 255 0 255 212 0 0
    255 255 255 0 0 0 255 255 255 255 0 0 255 238 0 0 255 255 189 3 0 0
    185 0 255 0 0 255 90 255 0 0 255 0 255 6 2 255 255 181 62 255 252
    255 255 137 0 0 255 255 7 255 0 3 0 255 0 255 255 255 0 0 0 255 0
    255 255 255 0 98 0 255 17 0 104 0 255 255 0 0 0 0 69 0 255 255 255 0
    255 255 0 190 125 0 255 255 0 0 255 255 255 255 255 56 255 0 255 255
    255 0 0 199 255 176 0 0 171 255 255 255 0 0 27 0 0 0 255 0 255 0 0
    83 255 255 255 0 0 0 0 255 120 0 255 255 255 203 0 0 128 255 0 0 31
    0 0 255 255 64 0 255 0 0 255 112 255 0 0 0 255 255 0 0 0 77 255 0 0
    0 255 255 255 235 255 255 255 255 255 0 255 0 40 0 24 0 255 0 255
    255 0 0 0 255 255 255 255 199 255 243 255 0 0 221 255 0 0 0 0 255
    193 30 255 255 255 0 54 0 191 0 255 255 255 18 255 255 255 0 0 144
    238 0 255 255 0 255 0 255 0 0 0 255 250 0 0 255 72 0 255 255 255 255
    255 255 0 112 255 255 255 0 69 0 255 0 255 0 255 0 0 255 255 255 0
    255 0 255 0 255 0 117 0 0 0 255 0 255 0 255 44 255 255 145 107 0 255
    255 255 111 0 0 255 0 0 0 255 255 164 0 255 0 255 255 255 255 49 0
    255 44 255 0 255 255 0 255 27 25 255 255 255 0 0 255 198 0 0 79 255
    11 255 255 244 0 0 255 0 255 0 0 0 255 195 0 255 0 255 7 255 0 255 0
    255 255 77 0 0 0 255 0 0 255 255 255 0 0 0 0 162 255 255 0 255 255 0
    255 0 255 0 132 0 237 214 44 0 255 0 255 0 255 33 0 255 243 0 0 255
    255 0 0 141 229 255 0 150 255 255 255 0 171 0 0 0 255 211 237 0 255
    14 39 0 0 255 0 31 0 255 0 255 0 255 0 0 0 255 0 0 41 108 255 221
    255 0 255 0 255 2 0 255 175 0 68 0 255 255 206 0 0 0 255 0 0 0 241 0
    0 255 210 0 0 0 255 0 0 85 255 0 116 0 255 0 156 255 255 0 255 255
    255 0 0 224 255 255 0 0 255 255 255 0 0 0 255 0 119 254 0 75 0 0 255
    255 0 0 255 255 0 0 255 192 255 0 244 0 255 255 255 110 0 0 0 255
    127 0 255 255 255 0 0 255 224 228 255 255 207 255 0 255 255 0 255
    255 0 0 255 255 255 191 0 0 255 0 255 118 255 0 255 0 0 129 255 255
    0 0 255 0 255 255 0 0 0 255 198 255 0 255 255 255 0 29 101 255 26 0
    255 255 0 0 0 139 24 97 0 0 0 0 0 212 255 255 221 255 0 255 255 0
    192 73 255 255 255 0 255 0 0 0 255 92 255 255 0 0 255 255 142 11 0
    234 0 0 53 63 255 255 0 0 255 0 255 178 255 0 255 255 0 100 0 255 0
    255 0 255 0 255 255 255 0 255 255 0 255 0 240 255 255 255 0 255 255
    255 0 0 255 255 255 0 0 255 173 238 0 0 0 255 255 255 58 0 0 0 255
    255 106 255 0 231 255 255 0 0 0 0 0 169 255 0 233 255 255 0 0 35 211
    255 0 0 255 255 0 0 255 0 255 255 0 0 43 200 0 255 13 255 0 255 230
    0 0 243 0 148 255 13 255 0 255 255 255 0 0 0 24 0 255 255 255 126
    255 255 255 255 255 255 255 255 184 0 255 16 255 0 140 250 97 255 92
    0 0 0 255 108 255 0 0 196 0 186 0 255 218 255 0 100 0 0 0 0 255 0
    102 0 78 0 0 255 255 255 255 255 0 0 177 85 255 0 0 87 0 0 0 0 0 255
    255 146 255 0 255 21 255 255 0 0 0 255 220 0 255 0 0 255 255 255 0
    255 90 0 0 255 255 0 0 0 255 255 243 0 255 255 255 0 0 255 237 160 0
    0 242 255 255 0 0 0 222 255 224 33 0 0 188 255 255 255 0 255 0 255 0
    255 255 255 255 255 255 255 0 45 172 255 0 0 0 255 0 0 0 255 228 0 0
    255 0 255 0 255 0 0 26 255 255 255 0 0 255 255 0 0 0 0 0 255 0 255
    255 255 170 0 0 255 167 0 0 0 255 255 255 0 0 115 0 255 0 0 255 255
    0 0 255 220 255 255 0 232 0 0 255 0 255 0 0 64 255 0 255 0 0 0 0 255
    255 255 255 0 255 0 0 255 255 0 0 70 255 157 255 0 0 255 206 211 255
    0 139 0 0 182 255 255 0 0 0 255 255 129 255 0 255 0 0 0 0 255 0 255
    0 255 0 255 0 128 0 255 255 255 25 255 142 255 0 255 0 0 0 255 89 77
    255 0 0 0 0 0 255 0 255 136 197 0 0 255 255 0 255 0 255 0 255 0 255
    255 255 0 0 0 0 255 255 255 255 0 0 0 255 255 255 210 255 255 255 0
    0 0 255 20 255 0 255 255 255 37 0 255 255 255 255 255 0 0 15 255 180
    26 255 0 255 255 255 255 255 0 0 255 0 0 0 255 255 0 255 0 255 255
    255 255 0 100 0 253 255 255 255 0 255 0 255 37 0 255 255 98 0 0 255
    0 255 255 220 0 0 255 255 255 169 0 255 255 255 0 255 255 175 255
    255 0 0 0 255 255 0 255 20 255 255 0 184 255 255 141 0 40 0 255 0 85
    104 255 0 255 0 255 0 78 255 0 0 56 0 255 0 255 255 255 0 0 255 255
    255 239 0 88 255 255 0 255 255 0 255 255 255 255 0 22 0 255 255 255
    171 255 0 63 0 255 255 255 0 228 255 255 255 157 251 0 155 255 255 0
    0 0 255 232 255 0 0 0 255 255 32 129 171 0 0 255 0 255 0 118 255 255
    0 0 0 255 197 255 255 212 0 0 0 0 0 255 110 255 0 255 0 255 255 0 0
    0 160 255 0 255 0 242 0 255 219 0 255 255 6 0 255 0 0 134 0 255 0
    232 0 255 0 201 0 255 0 255 255 255 255 255 115 255 0 255 0 255 255
    104 86 0 255 21 0 242 0 0 126 255 8 0 208 255 184 255 255 0 255 0
    213 255 255 0 0 0 55 255 0 0 255 8 0 198 255 255 0 255 0 255 255 0 0
    0 255 0 255 255 245 0 255 255 255 0 255 0 0 255 255 255 45 0 0 255
    255 0 0 183 255 255 255 59 255 0 255 14 78 250 255 227 67 151 0 0 0
    255 0 255 255 0 0 0 255 0 0 0 255 255 83 0 0 61 6 255 0 239 142 222
    0 0 255 255 0 219 255 220 0 36 251 255 119 0 0 255 55 215 14 255 255
    134 0 88 255 255 255 255 0 12 0 255 255 255 0 0 0 255 255 255 255 0
    255 0 255 0 0 0 255 10 255 255 0 240 0 0 230 0 255 255 255 255 122 0
    0 124 0 0 255 255 255 0 0 0 0 0 255 0 255 52 255 0 0 255 160 255 0 0
    0 255 255 0 0 0 255 255 255 255 0 203 255 0 255 255 255 255 0 0 255
    0 255 0 0 95 0 255 255 255 31 0 97 0 255 0 255 0 220 0 255 188 0 83
    0 255 255 0 0 0 255 255 255 0 0 0 134 164 255 0 0 255 255 255 0 0 0
    255 255 255 0 0 176 0 0 255 255 0 0 0 76 255 97 0 0 0 144 255 0 0 0
    0 255 255 0 255 255 0 0 225 255 255 0 0 255 255 255 255 158 94 119 0
    153 0 255 255 255 255 0 18 0 255 234 0 154 0 91 130 255 0 255 0 255
    140 255 0 0 75 0 255 255 88 255 0 0 255 255 255 122 255 199 135 0
    255 255 107 255 255 1 0 255 255 255 0 0 0 255 0 0 255 169 0 0 0 255
    0 235 0 0 196 255 153 0 0 255 255 0 255 255 0 255 0 255 40 128 116 0
    0 155 255 255 250 0 255 93 149 255 255 0 0 0 0 255 255 255 255 0 255
    0 255 0 176 0 125 255 163 73 105 0 34 255 0 255 0 255 0 255 255 255
    197 0 255 210 148 255 105 255 0 0 0 0 183 255 0 0 237 22 255 80 0 0
    255 204 161 0 0 255 0 100 0 255 0 0 38 0 255 255 255 255 66 0 0 255
    255 255 0 0 4 0 255 255 255 255 255 0 0 0 0 213 0 255 174 255 243 0
    73 0 255 255 89 0 255 0 255 0 0 255 84 255 128 255 0 0 255 0 93 0
    142 0 0 255 0 0 0 255 255 255 255 255 0 0 0 0 255 0 242 0 0 0 0 192
    143 209 118 255 255 50 255 0 176 0 0 0 255 255 0 66 255 0 0 0 255
    255 255 0 0 24 255 255 244 255 255 152 0 0 177 255 255 0 0 0 18 0
    166 255 255 172 0 255 0 255 255 240 0 0 0 91 0 255 255 0 255 0 96
    177 255 0 51 255 56 255 0 255 255 255 0 0 91 0 255 181 255 0 255 255
    255 0 0 0 0 249 209 0 0 0 253 0 255 0 72 255 255 0 48 0 0 0 0 255 0
    143 255 255 0 0 136 0 255 255 255 0 220 255 61 0 0 0 255 0 109 255 0
    0 213 0 0 0 255 0 255 168 255 138 0 0 255 0 255 255 47 255 0 255 0
    255 0 0 235 255 255 0 52 0 136 255 255 240 0 255 0 131 255 255 0 255
    255 0 255 0 255 255 0 0 0 255 0 255 0 0 156 255 0 250 0 255 255 255
    255 0 255 0 255 255 255 0 255 255 187 0 0 0 255 0 255 0 13 0 255 0
    160 0 0 255 0 255 255 255 64 255 255 0 8 0 255 0 255 0 255 255 76 0
    183 255 255 7 141 255 255 210 0 255 0 0 0 0 0 255 0 0 0 255 255 255
    133 0 0 255 74 0 0 0 255 206 255 0 0 0 255 255 0 0 0 0 255 255 0 0
    135 0 255 181 189 0 255 78 255 0 0 0 0 0 249 0 255 255 0 0 0 255 220
    0 0 255 255 168 255 255 255 0 0 0 255 255 0 0 0 255 255 255 255 1
    255 11 0 255 231 255 255 255 255 0 0 0 0 0 255 0 255 176 0 0 2 0 0 0
    255 0 0 0 0 0 0 0 255 0 255 255 255 31 118 255 255 181 0 0 71 255
    255 101 0 11 196 255 0 37 0 255 0 180 255 255 255 0 62 255 145 255
    205 255 0 0 255 91 255 255 0 0 0 255 0 255 0 255 0 0 71 196 255 255
    255 255 255 255 255 255 0 0 0 255 255 255 0 0 255 0 255 0 255 240 0
    0 0 255 124 255 0 82 0 255 155 0 2 0 255 0 255 0 255 255 255 110 0
    58 13 255 30 255 255 0 0 9 244 23 255 255 255 0 0 0 0 255 231 255
    255 255 0 255 0 255 0 54 255 255 0 255 242 0 0 255 255 0 190 255 255
    255 0 255 0 0 212 35 255 255 0 0 255 255 255 31 0 255 255 255 25 0
    94 62 0 255 228 255 0 255 0 255 0 255 255 83 158 255 0 255 0 9 0 222
    255 255 255 0 0 0 255 255 255 0 0 0 209 255 0 0 0 0 255 34 255 0 0 0
    0 255 255 0 0 255 0 0 255 0 255 0 156 40 255 0 0 255 255 191 0 0 255
    255 0 163 0 255 0 0 0 255 246 198 0 0 52 255 255 227 255 0 208 255
    255 95 0 0 157 0 0 0 0 0 255 255 224 0 255 0 255 0 0 255 255 255 0 0
    0 255 243 90 255 227 0 255 0 0 255 255 0 139 0 255 0 0 255 255 29 0
    0 0 255 255 0 255 59 0 0 0 255 255 0 223 0 255 0 255 255 255 0 255
    52 255 0 255 255 255 188 255 255 0 0 0 255 255 240 255 19 0 0 209 0
    255 255 255 217 0 0 108 73 255 0 255 0 0 255 29 255 0 0 255 0 0 255
    255 255 0 0 255 0 255 0 255 255 255 0 255 255 255 0 0 0 0 0 255 255
    0 255 0 255 0 0 0 0 0 0 255 255 172 255 255 243 0 255 0 135 255 255
    0 0 0 0 0 0 153 255 74 255 255 0 255 255 255 96 0 255 0 255 0 255 0
    255 102 136 0 255 0 122 255 255 255 0 97 255 0 0 0 255 190 181 0 255
    0 255 0 255 0 0 0 255 255 0 255 255 250 76 255 255 0 0 0 113 0 0 0 0
    189 233 59 230 0 0 22 255 255 168 0 0 70 255 255 0 255 0 255 0 0 255
    162 255 15 0 255 0 255 0 97 255 140 0 0 0 8 255 0 255 0 0 0 0 255
    255 253 0 0 157 255 57 0 0 255 255 0 0 101 255 255 0 255 0 0 255 255
    0 0 115 255 76 0 255 255 0 255 119 255 255 0 224 0 0 0 255 255 255 0
    42 128 0 0 0 255 255 255 0 255 255 132 0 0 255 255 255 255 0 4 0 0
    255 255 255 0 255 255 255 0 0 255 255 61 255 0 255 0 255 61 255 0 0
    255 0 255 255 255 0 0 255 255 0 255 0 255 255 181 0 0 0 255 255 255
    0 0 127 255 0 0 0 255 255 123 0 255 255 255 255 255 255 255 0 255 0
    0 0 101 0 71 213 0 144 255 255 255 0 0 255 255 255 0 0 77 255 255
    255 0 9 0 255 64 0 0 0 255 44 255 160 0 255 0 255 0 255 0 255 255 0
    255 0 255 0 245 0 58 0 162 255 255 255 41 0 255 45 255 0 255 255 0
    62 255 112 0 0 255 0 255 211 255 255 201 0 255 255 162 255 0 0 92 0
    255 255 255 255 0 255 0 0 255 0 255 0 0 153 122 0 0 255 0 255 255 0
    255 0 255 0 204 255 255 255 255 213 236 0 163 136 255 0 0 255 0 0 0
    78 255 204 255 0 255 0 255 0 0 0 0 255 152 0 0 255 0 0 189 0 88 255
    255 255 0 92 255 0 0 245 255 255 0 255 255 15 0 255 255 0 0 0 255 0
    133 0 255 85 255 234 0 255 22 217 125 255 0 255 0 255 255 255 255 0
    0 255 255 255 255 0 0 255 124 255 0 190 0 114 255 255 255 0 0 0 0
    255 0 255 0 0 0 0 255 255 0 30 255 255 255 0 0 255 0 255 199 84 255
    0 255 0 0 255 28 255 0 255 66 255 255 0 52 82 0 169 90 184 255 0 0
    236 255 51 0 176 255 0 255 0 0 255 255 0 0 0 221 255 0 0 142 255 255
    0 0 255 0 255 0 255 0 255 0 132 105 0 0 0 0 255 0 255 0 0 193 134
    255 179 0 255 255 255 0 0 0 71 255 0 255 255 79 9 0 255 0 255 0 255
    228 255 255 255 0 0 148 255 255 0 255 0 122 0 255 114 255 144 0 255
    255 255 0 0 205 255 213 2 0 21 255 255 0 0 0 255 233 255 0 84 255 0
    0 253 0 255 12 0 0 0 255 246 255 255 255 255 255 0 0 0 255 0 255 47
    0 41 199 12 0 241 0 255 0 188 0 0 255 255 255 0 0 0 255 0 255 255
    141 0 28 255 255 0 0 0 222 255 0 0 120 255 255 255 217 0 0 255 0 255
    0 255 0 255 0 255 0 255 0 71 0 248 0 255 0 255 0 255 0 0 0 255 184 0
    0 255 0 255 0 0 255 255 255 155 117 0 255 255 0 0 0 255 255 255 0 0
    255 255 126 255 48 0 0 23 255 0 0 180 255 255 0 255 0 255 255 255
    255 255 87 0 255 0 255 217 0 255 114 255 57 184 28 0 0 0 0 169 255
    255 255 0 17 0 255 188 255 255 0 0 182 114 229 0 221 255 255 0 129
    247 255 0 255 201 255 0 255 0 255 0 0 0 255 255 0 0 0 255 226 0 255
    255 0 0 100 255 59 255 0 255 0 255 128 255 212 0 0 255 255 255 0 0 0
    156 0 255 43 255 255 41 255 255 0 100 194 255 255 0 176 255 0 0 0
    255 75 255 255 255 0 255 0 255 174 0 0 0 255 255 0 0 0 255 255 0 201
    0 255 255 255 0 255 0 255 0 140 255 255 0 0 0 213 255 0 28 255 255
    162 0 98 0 255 255 255 255 0 255 255 0 0 184 5 255 114 255 0 255 28
    107 0 250 255 186 151 0 255 255 255 255 255 0 0 0 81 198 0 255 0 255
    176 96 0 0 255 255 255 0 0 0 255 255 0 255 248 255 165 251 255 0 0 0
    211 255 255 255 255 0 0 0 198 0 255 0 255 255 78 255 255 0 168 13
    198 0 0 0 167 255 255 255 255 255 15 255 0 0 0 255 0 255 0 255 132
    255 0 0 255 255 238 255 255 0 0 22 255 255 0 255 0 255 29 0 130 89
    255 210 0 0 17 255 0 255 0 255 0 255 0 106 0 255 0 255 0 94 255 255
    255 0 255 172 0 255 0 255 0 255 255 254 0 0 64 255 0 255 0 0 2 12
    255 255 10 0 255 255 8 255 255 209 0 255 255 0 0 0 255 0 255 255 0
    91 0 0 79 58 211 255 0 225 87 0 255 0 255 0 255 0 21 0 121 0 255 255
    255 0 126 0 255 255 255 0 255 0 138 255 0 255 0 255 0 0 0 255 255
    161 39 152 0 210 0 255 255 255 0 0 0 255 255 255 0 0 255 255 255 255
    0 11 0 255 255 228 0 255 0 255 255 255 0 44 0 178 0 0 0 255 0 255 84
    0 247 255 255 0 31 0 255 255 0 0 0 255 44 185 0 255 255 0 203 69 255
    0 255 255 156 0 255 255 255 0 255 0 0 0 104 255 255 255 0 255 255
    255 0 255 90 0 255 0 255 0 255 255 255 255 255 0 0 0 255 255 255 255
    0 0 146 0 255 0 255 0 255 0 0 0 0 255 255 255 255 255 0 0 0 0 255 0
    255 0 255 0 0 0 255 100 255 2 255 0 255 0 148 0 0 0 255 255 0 42 0
    255 255 255 255 255 237 0 119 255 255 0 255 98 255 255 255 254 255
    255 255 0 255 0 255 192 255 0 160 0 255 255 255 0 0 0 218 0 0 0 255
    255 0 255 255 0 8 0 70 0 255 0 0 5 255 255 0 0 0 0 248 0 255 255 0 0
    0 255 0 255 255 255 0 255 0 255 0 67 0 79 203 0 248 191 255 0 255 0
    0 70 0 255 0 224 0 255 255 0 0 63 255 207 0 0 52 255 0 176 0 255 255
    255 131 0 0 0 0 255 232 255 0 0 0 0 255 255 0 0 255 0 0 255 255 255
    159 255 0 255 255 255 0 95 255 0 0 0 255 0 255 128 0 0 0 0 255 248
    141 34 170 0 159 0 84 0 255 0 255 0 54 0 255 184 255 0 0 0 0 255 0
    36 255 110 255 255 255 219 255 0 137 0 56 0 255 0 0 117 255 0 255 0
    255 255 255 0 0 255 130 137 0 255 0 0 0 255 0 0 13 255 149 20 255
    255 252 0 0 0 180 0 255 134 0 0 0 255 0 255 35 255 255 0 0 0 255 255
    255 0 255 255 255 0 152 190 225 255 0 235 0 0 115 73 217 0 0 255 255
    255 255 255 255 0 0 0 0 255 0 255 156 255 100 0 0 0 255 255 109 0 33
    255 48 0 0 255 255 255 0 0 243 0 255 144 255 204 255 0 0 154 0 255 0
    255 255 255 255 0 47 255 255 0 0 0 0 255 0 255 0 255 0 0 255 136 0 0
    255 229 255 0 0 255 0 0 0 255 70 164 0 0 89 255 255 0 0 0 255 255 0
    0 0 119 0 255 0 152 0 255 0 0 0 255 255 77 64 255 0 255 0 0 255 0 74
    0 35 255 149 255 0 255 0 0 122 0 0 217 255 61 0 0 255 255 255 0 0 0
    255 232 43 0 252 138 255 0 0 14 0 0 0 255 255 255 255 0 113 0 0 62
    255 0 255 255 0 255 26 0 0 255 54 255 255 255 255 0 0 255 212 255
    144 0 0 144 0 0 0 255 132 255 0 255 103 255 0 255 0 13 0 0 255 255
    255 213 0 255 0 160 0 255 0 255 255 255 57 0 0 0 255 0 37 0 255 94 0
    0 255 255 13 255 138 255 1 0 239 0 255 0 0 0 0 35 0 6 255 255 0 241
    255 255 0 0 255 255 0 0 0 255 76 0 249 0 0 0 255 208 129 255 0 0 0
    252 0 0 0 255 255 11 121 0 255 0 255 255 255 0 102 78 0 0 0 255 255
    255 50 0 255 0 66 0 255 0 0 0 0 0 255 0 255 255 4 9 111 0 0 0 0 255
    179 255 0 139 255 0 0 0 0 21 0 44 255 255 234 0 230 246 255 255 0
    255 255 113 205 255 75 0 255 210 255 0 0 255 0 255 255 0 255 0 0 255
    255 255 0 0 18 0 0 255 0 255 255 73 255 0 0 0 255 255 255 255 255 0
    142 112 255 255 255 109 35 0 92 255 0 39 0 255 255 0 188 0 255 0 0 0
    0 255 255 102 255 63 255 0 0 0 255 255 255 255 0 0 0 0 97 0 0 0 170
    255 255 255 0 204 0 214 255 0 0 0 151 0 255 255 255 255 255 78 0 0 0
    143 175 0 0 255 255 255 255 0 255 0 67 0 0 34 109 255 255 255 255 0
    255 0 255 0 15 0 0 45 255 255 206 0 0 255 255 255 0 0 0 255 0 0 87
    255 255 231 33 78 255 0 0 255 255 255 0 255 0 255 0 0 0 255 0 45 0
    255 255 0 0 0 255 255 50 0 91 0 255 255 0 0 0 255 255 0 19 0 255 255
    255 44 0 0 243 255 0 0 255 97 0 0 0 64 238 255 255 255 255 0 255 255
    255 0 205 255 255 185 0 0 13 255 85 255 0 0 255 0 0 0 255 0 122 75
    255 124 0 0 255 0 255 144 255 255 0 255 255 255 0 0 0 226 0 192 255
    0 0 239 255 255 255 0 0 0 255 255 0 0 255 0 69 255 255 0 19 0 255 0
    255 0 255 0 117 255 0 255 219 255 0 213 0 0 0 0 255 255 0 255 0 255
    255 255 0 192 119 0 55 255 255 255 0 255 0 255 0 255 30 255 127 255
    0 255 0 0 0 210 255 255 0 185 0 173 0 103 255 255 211 0 0 0 255 255
    255 255 255 255 235 162 0 255 0 151 255 0 255 0 255 0 0 0 255 255 0
    0 255 255 255 255 0 255 16 155 0 255 0 255 0 0 255 255 255 0 0 255
    255 0 48 246 255 255 255 72 0 0 0 255 255 16 0 18 0 255 255 255 100
    255 0 196 0 255 156 255 0 255 0 74 131 0 0 0 255 120 10 0 255 0 255
    84 255 0 0 0 0 0 255 255 251 235 0 0 255 228 255 22 0 116 0 255 255
    255 0 0 0 0 255 255 198 0 0 255 255 241 0 0 217 255 255 106 0 0 0
    255 0 255 38 255 0 65 43 0 0 255 255 0 0 0 255 141 46 0 219 255 227
    0 255 255 255 255 255 255 62 0 0 0 0 255 114 255 217 87 164 99 255
    238 0 255 126 41 0 72 255 0 255 0 255 104 0 0 235 255 0 0 0 255 255
    255 100 227 12 206 113 0 0 0 155 255 255 0 251 255 255 255 0 0 0 0 0
    255 0 255 0 0 255 0 124 0 255 255 255 21 0 0 255 0 209 0 255 0 255
    255 228 0 0 255 255 0 0 255 0 0 0 255 255 0 0 255 255 0 255 0 0 38 0
    255 255 255 15 107 255 0 255 0 255 255 119 0 0 0 255 255 255 0 0 255
    255 0 0 138 255 0 174 11 255 0 255 255 255 106 255 0 0 255 255 255
    255 255 255 0 255 0 0 79 0 255 0 255 0 255 0 255 255 255 255 252 255
    0 255 0 255 0 0 0 201 255 255 0 255 0 0 0 112 0 255 227 0 243 0 0
    255 255 0 0 0 255 0 255 255 255 255 255 0 0 214 0 255 0 255 0 255 0
    0 0 255 0 255 255 255 122 255 28 0 0 0 255 255 255 0 255 114 0 255
    23 0 0 255 0 255 0 0 255 141 255 0 255 255 0 0 0 0 255 73 255 255
    255 255 77 145 186 0 255 0 0 0 255 255 0 0 255 5 255 94 255 0 0 0
    255 222 0 186 0 255 255 255 0 206 215 147 0 255 0 74 0 0 224 255 255
    0 0 255 242 255 255 169 241 0 255 255 255 103 0 0 0 25 255 255 0 0 0
    255 0 255 255 141 255 0 228 37 255 198 255 0 0 255 255 255 0 0 0 255
    93 47 189 0 255 255 255 0 0 0 0 255 255 255 255 50 255 255 0 0 182 0
    0 0 35 107 255 0 0 198 255 0 255 119 0 0 255 0 255 152 255 0 118 255
    255 255 0 0 0 0 40 255 255 255 1 255 255 255 0 255 156 0 0 0 255 255
    255 70 0 0 255 255 255 0 0 0 148 255 255 255 255 0 0 0 141 238 0 0 0
    255 255 255 0 104 0 255 255 255 0 255 255 255 0 0 0 0 255 255 0 255
    255 3 0 0 255 6 255 219 0 116 0 255 125 209 255 255 255 0 0 0 255
    119 255 255 36 0 0 255 39 33 0 0 62 0 0 0 255 0 0 255 0 255 0 255
    255 255 0 218 236 5 255 0 0 0 255 0 255 0 129 255 255 0 0 0 255 255
    255 255 0 247 63 255 255 0 212 0 255 0 0 0 255 77 255 255 0 0 146 0
    255 0 62 0 0 0 219 255 255 68 89 0 173 255 255 255 0 255 0 52 0 255
    255 255 0 0 0 255 0 0 255 255 222 255 0 0 255 0 0 0 137 255 255 255
    0 0 0 0 59 255 255 255 0 240 81 0 255 0 255 49 255 0 0 255 68 255 0
    255 255 255 7 0 33 255 0 0 0 255 0 0 0 255 255 0 255 0 255 0 255 255
    255 0 0 255 255 0 0 255 0 255 255 255 0 176 0 255 0 255 0 8 0 228
    255 255 255 0 255 0 0 0 117 149 255 255 255 255 0 0 0 163 0 255 0 0
    43 0 255 255 0 255 0 255 164 255 0 255 0 255 255 255 0 0 255 255 255
    255 0 0 84 111 255 0 255 255 0 0 255 255 255 255 0 140 255 0 0 0 255
    255 0 0 255 255 84 138 255 114 80 0 78 255 186 0 255 202 255 0 255 0
    0 255 255 132 0 255 0 255 0 255 38 0 0 255 255 0 177 255 255 0 0 255
    255 255 255 0 34 0 0 0 0 255 0 255 81 255 255 70 0 0 0 255 59 255 0
    0 140 255 0 0 0 255 96 170 53 255 0 137 255 255 210 0 255 255 255
    255 255 0 12 0 0 0 0 128 255 255 255 168 255 255 0 0 255 255 0 255 0
    0 0 255 0 196 0 255 0 0 0 255 196 255 0 255 255 255 0 136 255 255
    177 252 0 0 147 0 255 0 0 255 255 19 0 0 255 255 0 0 0 0 182 0 255 0
    255 0 255 247 0 255 91 255 0 144 0 112 140 218 0 0 157 255 255 0 0 0
    255 225 0 0 255 255 0 0 255 255 156 0 0 0 0 255 0 0 0 255 0 46 255
    170 0 0 255 0 153 255 255 255 0 88 255 255 0 0 255 244 208 255 220
    255 0 0 234 155 255 255 0 136 0 0 0 0 0 255 151 255 255 0 0 0 0 255
    255 255 0 0 255 255 50 7 0 0 0 255 255 255 255 0 0 0 122 255 0 255 0
    255 0 0 0 58 0 0 0 0 255 0 74 0 0 255 0 255 255 255 255 0 255 0 255
    255 172 88 255 255 255 0 0 255 0 255 168 148 0 0 0 255 255 255 135 0
    29 0 0 0 255 255 255 0 0 0 255 0 0 0 255 255 33 0 8 60 70 0 255 255
    60 0 0 255 0 150 0 255 255 255 168 255 0 0 0 255 255 255 249 0 0 255
    255 87 0 255 0 255 0 241 59 0 238 0 255 0 0 213 255 0 42 0 255 255 0
    0 0 255 255 255 112 255 0 0 79 205 255 14 255 0 255 0 0 187 255 0
    255 65 0 0 0 4 24 255 0 255 126 255 255 255 0 255 255 255 125 0 0
    231 86 220 255 255 245 0 166 126 0 255 0 0 255 211 0 0 139 255 255
    255 0 255 62 0 0 255 147 51 0 91 255 255 0 255 255 255 0 255 0 255 0
    255 0 255 241 255 0 118 0 162 255 255 255 255 0 0 0 123 255 57 0 255
    93 0 0 255 0 162 0 0 255 57 255 0 255 255 255 0 0 0 255 255 108 255
    255 255 0 0 0 0 255 48 255 0 255 255 238 0 120 0 255 255 104 0 0 152
    255 255 44 0 82 184 255 0 255 0 255 0 0 0 255 0 255 255 255 255 255
    0 97 0 255 199 255 0 141 239 163 255 0 255 255 255 0 0 0 255 255 0
    199 0 91 0 0 0 255 80 255 0 183 110 255 255 0 255 0 0 0 255 255 73 0
    23 255 255 0 0 118 0 0 255 255 0 0 255 168 0 255 255 255 4 0 255 220
    0 102 255 255 0 0 245 255 0 0 0 0 255 0 255 255 255 255 0 0 0 255 0
    255 0 123 255 0 0 129 206 76 156 0 255 255 0 0 255 0 255 255 0 255 0
    65 0 255 255 255 0 0 0 255 255 255 0 255 0 255 160 0 255 142 255 0
    41 0 255 0 255 7 68 255 0 0 255 0 0 255 255 255 0 0 255 78 255 0 0 0
    33 0 255 0 255 114 255 0 0 213 0 0 0 255 255 255 255 255 245 255 180
    0 99 255 204 110 200 0 0 55 0 255 0 255 255 255 255 0 255 0 255 0 76
    128 0 255 0 0 255 0 46 0 255 112 255 104 0 0 0 0 174 255 113 0 0 255
    255 0 255 255 255 0 0 0 255 0 255 0 255 0 80 0 255 255 255 255 0 0
    255 255 29 0 0 20 0 0 232 147 0 0 0 255 255 255 0 255 0 0 0 195 0
    255 0 255 0 0 255 238 255 0 0 214 255 0 255 0 168 255 0 255 0 255 0
    255 248 255 255 255 255 0 30 149 52 255 255 186 0 0 255 255 0 235
    118 0 0 255 255 0 167 255 255 0 0 0 210 255 0 0 142 255 255 170 0 0
    187 255 222 255 0 255 255 0 0 0 0 255 255 255 255 255 121 0 0 0 235
    255 255 255 110 0 255 0 198 0 10 0 255 255 255 85 0 0 255 255 255
    255 0 255 0 0 0 255 0 0 250 255 221 255 0 0 0 0 0 255 56 255 255 255
    255 255 255 255 255 0 255 213 255 0 222 0 30 255 0 255 0 0 255 255 0
    57 0 141 0 255 127 133 0 0 0 0 0 96 255 22 255 255 0 0 72 255 0 239
    0 255 235 255 119 0 0 0 255 0 0 0 255 52 191 255 255 255 255 255 0
    255 0 0 0 0 255 0 0 0 255 255 89 255 0 0 244 245 255 248 0 0 0 255 0
    255 0 255 255 255 0 255 255 255 0 71 208 255 62 35 8 255 0 255 255
    255 255 0 72 255 255 255 0 0 0 255 255 229 0 210 237 0 255 0 255 0 0
    56 255 0 208 255 255 0 0 0 0 255 0 255 50 255 0 255 0 255 160 255
    255 0 7 48 255 168 9 0 207 0 188 255 255 255 0 0 255 0 0 0 255 255 0
    0 255 255 255 0 0 0 228 255 255 122 0 0 32 148 255 0 255 255 255 0
    255 255 255 0 0 0 255 255 255 204 0 0 0 0 226 255 255 255 133 255
    216 255 201 0 0 255 255 160 90 0 255 255 0 0 142 255 163 255 249 151
    255 255 0 0 0 0 255 222 255 0 255 0 0 0 175 100 85 255 0 153 0 0 255
    255 255 165 0 0 0 255 0 162 0 255 255 255 0 255 173 255 255 255 255
    73 255 0 158 104 0 255 255 255 255 255 0 0 0 0 255 0 255 0 253 0 0 0
    255 151 255 171 255 255 0 0 255 255 0 255 255 0 0 0 255 41 0 255 211
    0 0 255 255 110 0 0 0 255 0 0 0 255 255 0 0 169 241 255 0 128 92 255
    255 255 0 255 0 42 177 255 0 0 0 0 255 255 255 255 255 0 172 255 255
    0 31 97 164 255 5 0 0 0 255 93 29 0 255 255 255 0 255 5 0 214 255
    255 0 204 74 255 232 0 0 0 0 255 226 161 255 51 0 0 255 255 143 255
    255 255 0 255 0 188 255 0 111 255 0 255 255 78 255 0 252 0 255 255
    255 0 0 0 0 255 255 255 0 255 255 118 0 255 30 255 0 0 0 255 255 255
    0 0 255 16 0 255 17 252 114 0 255 0 255 0 135 255 126 228 0 255 140
    234 184 0 16 121 255 255 238 0 0 0 96 0 97 255 255 255 208 184 156 0
    0 27 22 229 255 0 0 18 255 255 255 255 0 0 59 255 0 255 0 14 102 255
    0 121 0 255 14 121 0 255 255 255 0 255 255 255 255 23 0 255 0 255
    255 153 255 0 255 76 0 0 40 0 255 255 255 0 236 52 27 0 247 255 255
    255 0 44 70 0 0 0 0 255 0 66 0 255 0 255 0 132 0 0 0 0 255 0 0 7 0
    255 0 28 255 0 255 0 255 255 236 255 0 255 0 255 0 255 0 255 0 255 0
    0 255 255 255 0 255 0 8 0 255 255 255 0 0 0 45 255 255 71 0 0 255
    255 0 255 0 255 0 255 32 255 255 255 255 243 0 65 255 0 255 0 0 0 0
    255 255 20 0 145 0 255 0 255 0 0 255 0 0 0 255 194 19 0 0 255 255
    255 255 0 0 190 255 255 0 255 255 88 0 255 0 242 0 55 79 13 255 255
    255 255 0 255 255 255 0 255 255 255 255 83 255 0 255 0 255 21 0 0
    255 255 255 0 77 255 255 255 0 81 13 255 3 0 255 201 0 75 0 255 255
    208 81 255 0 0 0 255 255 255 0 0 0 0 14 0 83 255 255 0 0 199 0 255
    163 255 0 172 0 255 255 0 0 0 255 111 0 0 255 3 0 129 0 1 0 255 255
    255 0 0 255 0 98 255 0 164 11 17 255 255 255 122 255 0 255 0 255 0
    255 78 0 255 255 139 0 0 0 58 176 236 169 0 255 226 255 0 255 255 0
    177 190 255 255 255 255 99 0 0 0 0 255 255 255 0 255 148 255 255 255
    0 0 255 255 255 255 234 0 255 0 255 53 255 158 0 255 0 255 200 0 0 0
    0 0 255 195 255 195 18 0 255 255 255 255 52 0 0 255 0 255 31 0 25 31
    181 139 255 0 150 255 0 255 0 255 255 255 0 0 189 255 255 0 0 0 143
    255 255 255 0 239 0 86 255 255 0 255 255 255 0 0 255 255 0 255 255
    163 255 0 255 255 0 94 35 255 255 0 227 241 0 0 0 255 138 255 248
    255 252 0 102 255 255 0 0 58 255 0 0 255 183 255 0 255 255 255 0 0 0
    255 139 255 0 34 255 255 177 0 56 0 128 0 255 255 0 199 0 0 214 31
    255 0 0 16 255 255 0 102 255 255 137 150 68 22 0 0 143 255 0 0 255
    255 0 0 255 0 255 255 255 255 255 219 0 0 111 255 255 0 0 255 255 0
    103 255 0 255 0 255 0 255 0 255 0 255 0 255 0 0 0 121 255 255 255 0
    74 122 192 95 0 255 227 0 0 0 255 0 255 0 255 4 255 8 156 167 255 0
    0 159 255 0 0 0 84 0 255 0 18 0 0 255 0 255 255 0 0 0 255 0 159 255
    0 255 63 255 0 0 0 255 255 253 0 90 0 255 0 255 133 255 0 0 0 0 0
    255 255 0 255 0 67 0 0 0 255 255 0 255 233 255 255 0 0 0 255 0 255 0
    255 255 255 0 0 0 255 255 255 255 207 245 255 0 0 215 255 95 250 0 0
    0 134 16 0 0 255 238 255 255 0 0 0 224 0 255 0 255 0 255 0 0 0 255
    26 0 0 0 0 0 255 255 240 50 0 255 0 255 0 255 255 99 0 0 0 0 67 255
    108 238 141 0 0 0 0 228 0 106 0 255 255 255 255 0 0 255 157 56 255
    255 0 255 70 255 0 255 0 0 255 255 0 0 164 0 170 185 0 255 255 24
    126 0 255 0 255 0 255 220 255 0 0 0 255 255 255 0 0 0 255 255 255
    255 255 255 39 255 0 0 0 255 255 0 22 7 255 161 255 241 0 255 255 93
    255 0 255 255 255 255 24 0 0 0 255 255 255 255 255 0 0 0 123 255 255
    255 59 66 255 0 171 0 0 255 2 255 255 153 0 20 0 152 255 255 0 0 69
    137 255 208 255 0 196 0 255 255 255 0 0 255 103 0 255 255 242 255 0
    255 0 255 255 0 0 255 0 255 0 255 255 255 255 0 255 122 255 0 0 0 85
    0 55 71 255 236 255 0 255 219 255 0 116 0 64 255 8 0 0 255 0 255 243
    255 0 10 117 0 13 0 255 255 255 87 255 255 0 0 97 133 255 0 255 255
    255 255 255 0 255 255 255 194 255 0 73 0 250 255 255 13 0 0 0 245 0
    0 0 255 255 210 0 0 0 255 255 239 0 0 255 255 255 255 255 0 0 255 0
    0 0 0 0 255 255 0 255 255 255 0 150 0 235 0 255 255 39 0 0 206 0 122
    255 0 255 0 255 0 255 225 0 0 0 196 255 255 255 150 0 255 0 255 0 0
    255 0 255 0 0 255 255 0 0 255 0 128 255 255 255 255 0 0 0 255 255 0
    255 0 255 234 246 77 246 0 0 255 0 255 255 141 0 255 255 255 255 185
    154 0 255 0 0 227 0 255 255 254 0 0 135 0 255 0 0 0 0 255 131 0 179
    255 255 0 77 0 0 0 126 255 0 0 0 255 0 0 0 105 255 255 255 255 0 255
    0 0 255 0 138 0 0 51 61 255 65 0 0 255 255 21 0 255 255 255 0 255 99
    0 255 255 255 0 203 15 198 255 200 78 0 200 0 44 0 255 0 255 0 255 0
    229 255 131 255 0 255 0 255 33 103 0 166 0 255 0 255 29 255 255 255
    255 229 0 255 255 255 0 50 0 0 0 255 255 255 255 89 0 0 205 0 255
    138 135 0 0 255 39 158 0 0 255 0 0 31 255 255 255 0 0 255 0 0 255
    255 255 0 0 255 0 255 255 255 68 0 255 0 255 0 171 194 0 0 255 15
    255 0 124 0 255 255 255 237 77 0 234 127 0 255 0 255 255 255 255 0
    197 0 106 101 97 255 9 0 138 71 255 141 0 230 0 29 0 255 13 255 0
    255 255 255 255 255 119 0 0 0 171 255 255 255 0 0 255 255 255 255 0
    224 0 255 0 255 0 0 255 247 0 130 0 255 255 255 0 0 255 255 0 0 0 21
    255 255 0 16 0 255 0 0 0 255 195 0 36 11 255 203 255 0 17 0 0 0 0 0
    255 255 0 179 255 247 0 0 255 255 255 158 0 0 0 255 99 255 125 0 0 0
    255 255 255 0 255 0 255 0 0 0 255 255 255 0 255 0 255 255 176 255 0
    13 0 0 0 255 255 255 0 0 255 255 255 0 255 0 255 0 255 0 244 255 255
    0 57 0 0 255 255 255 0 124 0 0 0 0 255 255 0 0 0 255 0 255 0 246 52
    255 220 0 0 0 31 255 0 255 0 255 0 0 85 0 255 48 255 193 192 186 255
    236 0 255 255 0 113 0 255 0 0 0 0 255 255 255 255 0 115 77 0 255 255
    255 0 151 50 255 46 22 0 255 0 0 52 255 255 255 140 0 0 255 206 255
    255 0 6 0 255 255 255 255 255 0 0 220 157 255 0 255 118 255 0 131 0
    0 83 0 255 255 255 255 0 255 0 0 255 0 44 0 255 0 85 0 0 255 0 255 0
    0 110 255 255 0 0 0 255 0 255 0 235 0 221 0 255 0 255 0 255 0 255 0
    255 0 255 0 255 188 255 0 75 0 255 255 0 0 255 202 255 0 0 255 255
    255 171 0 0 0 255 255 0 255 0 255 0 255 255 255 0 0 224 0 0 0 255 0
    219 0 255 255 255 0 255 191 0 255 216 0 255 255 0 0 233 0 255 255
    255 0 104 0 0 0 255 0 51 13 0 255 0 0 248 255 255 0 255 255 0 231
    255 0 255 255 0 0 55 255 255 255 255 255 0 0 0 255 255 196 250 46 0
    255 0 0 0 255 0 255 0 255 255 0 255 0 0 233 0 255 0 255 0 255 6 92
    255 234 255 0 0 0 123 51 255 0 255 255 255 255 0 255 0 104 0 255 215
    255 0 255 0 255 255 255 140 0 255 255 0 138 0 255 215 0 0 0 0 255 0
    50 255 255 255 255 255 0 0 255 23 77 0 255 255 255 255 102 255 0 0 0
    0 255 255 255 255 0 255 0 63 0 255 255 0 255 0 255 255 40 0 0 147
    255 255 25 255 255 255 0 0 0 255 255 253 245 255 255 0 0 255 0 255
    255 0 255 0 255 141 0 0 0 255 188 200 98 142 255 148 255 0 255 0 0 0
    0 215 0 0 0 255 0 0 0 255 0 0 0 206 255 117 9 255 255 0 0 255 255
    255 0 188 0 255 0 0 0 0 42 255 0 0 166 255 255 255 0 255 56 0 0 0
    184 255 0 1 0 255 0 255 0 255 255 255 255 0 172 0 0 0 27 116 87 255
    0 225 0 255 0 0 0 255 255 255 0 0 200 255 0 0 0 0 255 0 255 255 255
    255 255 255 255 0 99 0 255 0 103 0 0 249 255 0 100 153 195 0 48 0 0
    255 255 0 255 255 0 255 0 0 0 255 255 255 255 255 255 0 0 255 49 172
    0 0 255 255 97 255 0 255 0 156 255 255 255 0 255 0 2 0 0 255 0 255 0
    255 173 255 0 0 255 165 0 0 49 255 255 231 0 0 255 0 0 0 255 0 255
    112 70 162 195 255 255 0 255 0 79 0 187 255 255 0 0 0 0 255 140 212
    0 255 255 226 7 255 255 23 0 0 0 0 69 255 0 255 117 0 57 100 255 67
    255 170 134 0 0 0 255 183 255 85 255 199 0 211 255 103 0 0 15 255
    255 255 0 0 255 255 255 0 255 77 0 0 255 255 255 0 255 255 0 0 85
    255 255 0 0 0 0 255 255 0 100 255 255 138 255 90 255 108 255 0 117
    190 123 255 136 255 0 0 0 255 255 255 255 255 255 0 0 0 255 255 255
    255 0 255 221 255 255 54 255 0 0 0 255 255 255 0 255 0 195 0 255 255
    255 0 0 232 198 0 0 0 255 255 255 255 0 0 59 255 255 0 0 133 255 255
    255 98 0 0 0 238 255 255 24 255 0 255 0 255 255 255 255 255 255 241
    192 255 0 255 169 0 0 136 255 255 0 0 0 0 255 255 255 0 0 255 0 255
    0 0 255 255 255 0 255 227 255 255 255 0 145 0 0 213 255 255 255 150
    107 0 255 255 22 255 100 35 0 0 108 0 0 0 219 68 0 0 190 0 255 0 0
    255 255 0 0 104 255 249 255 91 0 0 0 255 255 255 0 0 0 255 206 0 184
    0 255 0 0 48 147 207 255 255 64 0 0 0 151 0 0 255 57 255 255 0 255 0
    255 0 255 0 255 255 0 255 255 255 0 0 255 255 255 0 0 255 0 255 0
    255 0 0 255 255 255 0 0 0 255 255 0 0 255 0 255 0 255 0 0 108 255
    172 255 240 0 0 255 0 116 0 0 242 0 0 47 255 0 0 0 244 81 255 255
    255 220 167 0 28 255 255 255 68 86 245 255 0 105 0 255 255 30 0 2 0
    255 255 0 0 0 0 0 177 136 255 188 255 0 0 126 0 75 190 255 187 255
    95 255 0 255 255 255 0 0 255 0 232 255 183 160 0 255 202 255 0 255 0
    0 0 255 0 91 0 255 255 255 0 0 1 255 255 0 0 255 255 255 0 0 255 255
    0 126 0 43 0 0 29 0 255 0 166 0 255 255 0 59 0 255 0 255 255 255 166
    66 0 255 255 0 0 0 0 0 168 0 0 0 208 255 255 0 255 0 67 255 255 103
    186 255 25 0 255 255 255 255 255 142 255 0 255 255 0 51 0 44 255 0
    255 255 255 255 0 0 0 255 0 255 0 255 255 233 255 0 228 255 255 255
    0 255 0 255 255 255 32 255 255 0 0 0 255 0 0 0 0 255 201 160 255 0 0
    0 255 255 0 0 0 255 181 255 255 255 161 0 255 255 255 0 255 0 255
    255 255 147 251 0 255 241 255 155 255 0 0 0 0 255 0 255 255 255 0
    255 255 0 255 0 255 0 255 255 0 0 255 255 0 255 0 255 0 0 0 255 0
    255 158 255 255 158 0 0 0 0 255 120 141 255 0 0 126 255 255 255 0
    255 0 222 0 255 255 0 9 0 255 0 0 255 255 255 199 0 0 90 0 255 0 255
    0 255 0 0 255 255 0 0 0 255 255 255 255 0 0 47 1 255 0 0 0 89 29 255
    0 0 255 116 255 255 62 255 0 255 0 0 255 144 0 0 255 255 255 0 0 255
    0 255 255 255 0 73 87 255 0 0 255 255 255 130 255 89 255 0 0 255 255
    255 86 112 0 0 254 0 0 9 255 107 255 0 41 255 255 255 0 0 0 255 244
    0 0 255 255 255 0 0 0 0 217 255 255 126 0 0 0 38 255 255 255 255 0
    181 255 0 68 0 255 0 255 0 104 0 255 93 132 0 255 171 0 193 255 255
    0 0 0 0 0 255 255 0 0 152 0 0 255 255 31 0 0 255 255 255 0 0 0 255
    255 255 9 0 0 0 255 0 255 191 119 165 156 255 0 23 0 0 255 255 255 0
    0 208 255 255 0 42 255 255 255 2 0 0 64 122 0 255 0 255 107 0 255 2
    207 0 0 0 218 255 255 185 61 0 0 255 237 255 25 0 0 255 189 255 0 0
    0 0 255 255 255 0 255 143 255 0 0 0 255 255 0 255 255 255 0 0 200
    193 172 255 255 255 236 0 0 255 255 255 255 0 0 0 255 113 167 0 255
    0 0 0 234 0 255 0 106 255 255 255 0 0 0 0 0 221 0 0 255 0 115 0 160
    139 121 0 0 255 0 60 0 255 97 255 255 255 255 0 0 0 255 0 255 255
    255 0 76 0 0 255 255 0 0 0 0 255 100 0 19 0 255 144 0 255 170 255 0
    255 255 255 0 76 0 255 0 255 179 255 81 251 255 0 255 255 0 255 0 0
    146 255 255 255 0 127 0 0 255 255 255 0 0 0 255 255 255 34 0 0 0 255
    0 0 57 255 0 0 0 255 98 0 0 0 0 0 182 0 95 179 255 35 0 255 255 255
    255 0 255 0 255 0 255 0 0 0 255 0 0 0 255 231 255 35 0 0 255 0 255 0
    67 255 255 0 255 255 255 0 0 185 255 255 139 255 0 0 0 0 0 255 255
    255 0 255 0 255 0 0 255 255 255 255 189 255 0 255 255 255 0 255 255
    255 0 0 255 0 255 255 0 255 0 0 255 0 255 187 97 0 255 0 0 255 255 0
    0 255 214 0 58 116 0 193 255 0 0 109 255 255 0 0 0 255 224 239 255
    255 255 0 147 0 255 0 255 9 255 0 255 255 255 0 255 154 255 37 255
    127 107 255 255 255 0 0 255 129 255 186 0 0 255 255 0 0 255 239 0 49
    255 255 0 0 123 159 255 0 255 0 255 255 255 0 0 0 197 255 0 0 0 255
    255 255 0 78 0 114 0 255 58 0 0 255 239 255 0 255 44 255 255 255 0 0
    0 0 0 178 255 0 44 0 0 180 69 255 255 0 255 255 243 0 0 0 255 118
    255 0 170 255 0 0 255 0 255 67 255 104 0 0 255 0 255 0 255 0 0 255
    59 45 0 0 0 255 255 255 0 0 0 254 181 255 0 255 0 0 0 255 255 0 143
    0 75 255 255 0 132 0 255 0 0 0 255 156 0 0 0 255 217 0 0 255 0 0 0 0
    0 0 255 35 231 0 255 0 255 0 255 255 255 0 0 0 0 255 0 0 0 255 255
    255 0 0 186 255 255 169 0 0 0 0 255 67 255 0 255 0 255 0 255 0 0 255
    0 255 0 255 255 255 0 0 255 0 243 0 0 0 255 255 255 0 255 0 255 0
    255 255 0 0 0 74 0 235 255 255 106 168 28 208 255 0 0 0 125 255 255
    255 0 0 0 218 255 6 196 255 66 255 0 0 0 255 0 255 0 38 0 255 0 255
    0 0 0 0 255 255 0 255 0 110 185 255 0 0 0 255 255 255 255 254 0 255
    255 255 0 0 255 150 0 0 255 0 255 10 0 255 61 0 0 255 202 255 157
    170 255 0 255 77 9 0 0 255 255 255 0 0 0 255 0 0 255 0 0 0 255 255 0
    0 134 255 255 255 0 235 255 0 255 0 255 255 0 0 255 119 0 255 255
    255 255 255 0 0 0 118 255 0 255 0 255 255 255 159 0 0 255 255 255 0
    0 0 255 91 7 0 56 0 0 0 255 0 255 0 246 255 255 255 0 0 0 0 255 0 0
    255 255 206 0 0 0 255 255 0 0 255 255 255 0 121 0 255 0 8 0 0 255 0
    128 0 57 255 255 255 255 191 255 255 255 0 75 0 0 0 173 202 255 255
    0 255 0 8 194 255 255 114 76 0 0 255 136 0 255 0 0 255 0 202 0 0 255
    255 255 0 214 0 0 255 0 0 29 0 255 0 255 49 0 255 78 0 85 228 255
    255 255 44 255 0 0 255 255 3 211 0 255 255 255 255 0 0 229 255 0 255
    255 2 0 0 138 130 255 255 85 130 0 0 0 255 255 0 255 0 0 0 255 1 255
    0 0 0 255 0 0 0 0 157 255 0 201 0 0 0 0 255 255 62 255 227 0 127 255
    186 255 0 85 0 255 255 255 255 255 0 255 96 255 0 0 0 0 0 255 0 255
    0 255 0 0 13 6 255 0 0 255 0 255 255 255 245 255 0 0 109 255 111 0 0
    255 127 255 255 255 0 255 74 255 255 255 255 127 255 0 0 0 120 255 0
    0 0 255 37 255 183 235 24 250 255 0 0 0 23 255 183 255 219 255 255 0
    0 0 153 255 255 0 134 255 210 255 0 90 0 0 138 0 255 145 255 255 0
    255 255 0 0 0 255 255 170 96 173 29 0 0 10 255 61 0 0 0 0 255 100 0
    255 0 255 0 243 0 0 0 0 255 0 0 0 255 0 255 67 255 14 0 255 0 0 54 0
    255 67 84 255 0 255 0 255 0 0 255 255 251 0 255 192 255 255 147 255
    124 255 255 255 0 153 164 255 0 0 255 0 0 0 11 255 255 255 0 116 0 0
    101 255 255 0 0 0 0 255 254 255 174 0 0 255 255 0 0 0 255 255 255 0
    193 0 255 255 0 151 0 0 0 255 255 255 106 255 204 0 0 255 0 0 0 255
    255 255 0 255 0 86 0 255 255 255 0 0 0 255 0 0 255 0 255 38 255 0
    255 0 0 0 124 58 0 177 0 255 0 255 0 255 0 0 0 255 255 0 0 0 255 99
    0 0 0 92 255 255 255 0 0 41 255 255 103 115 255 246 0 0 0 255 255
    245 196 0 0 0 0 255 0 255 69 0 0 255 115 0 255 0 255 255 255 0 0 0
    255 168 0 255 255 255 0 153 0 255 191 255 0 0 0 216 0 255 0 255 252
    255 0 208 255 255 0 0 0 255 255 255 99 99 0 255 255 255 0 0 0 81 255
    255 0 255 0 0 0 102 255 255 255 0 255 0 255 0 90 0 255 111 255 0 77
    0 255 0 255 0 57 0 255 207 255 0 0 255 88 0 0 33 167 255 0 255 0 255
    29 255 255 246 255 120 255 23 229 255 0 184 0 0 0 255 0 255 0 255 0
    255 255 255 0 0 0 0 255 95 53 0 255 255 255 0 0 0 255 0 255 129 0
    255 255 0 255 178 255 0 0 0 255 255 255 255 0 0 255 255 0 208 0 255
    0 117 255 255 0 255 255 0 0 0 255 0 0 0 255 255 0 0 0 0 255 255 255
    255 0 66 227 0 0 255 162 0 0 0 255 255 0 0 0 255 0 0 0 255 255 0 146
    255 0 255 0 157 0 0 119 205 255 255 246 255 0 0 196 255 255 255 4 0
    255 255 114 255 0 0 0 0 255 255 55 255 255 98 0 0 255 0 11 255 203 0
    255 0 255 0 0 0 0 2 255 255 255 0 255 0 255 255 90 255 156 255 184
    255 0 255 0 209 0 213 255 255 0 0 0 147 0 255 0 255 0 0 0 255 255
    255 67 0 0 255 0 0 0 255 0 0 255 0 255 160 112 255 0 0 255 255 255 0
    79 0 0 255 148 255 0 239 43 255 139 192 0 255 239 0 227 0 255 0 0 0
    0 255 241 255 127 0 0 139 255 177 255 255 255 0 255 255 0 0 0 255 0
    0 15 215 255 255 0 0 0 255 255 0 0 61 0 255 0 255 0 255 94 255 0 180
    13 0 255 0 0 0 0 0 0 255 255 63 255 255 255 0 0 0 255 255 255 0 0 0
    255 52 0 255 0 255 0 255 0 255 241 172 0 255 255 255 255 9 0 255 67
    255 255 255 0 255 0 255 0 135 0 0 255 255 0 0 255 0 255 255 255 255
    255 0 0 0 255 0 0 137 255 216 255 0 255 0 255 51 104 255 255 255 0 0
    0 0 0 102 0 255 0 255 255 0 0 255 0 255 255 255 0 0 216 0 101 255
    255 255 0 0 0 255 255 255 0 0 0 135 0 73 255 255 255 0 0 0 0 0 255 0
    0 255 255 0 91 40 255 186 255 255 255 0 0 95 0 255 255 255 0 0 202 0
    0 0 255 255 255 0 0 255 255 255 0 0 22 255 173 99 0 0 255 160 158 0
    0 255 0 139 66 255 255 255 206 255 0 133 0 0 50 0 255 0 255 0 0 255
    255 255 2 255 255 255 255 0 162 0 255 0 0 255 255 0 0 144 131 0 0
    255 255 195 0 0 0 255 68 36 255 215 0 255 246 0 0 0 78 255 255 255
    244 255 255 0 0 211 255 117 255 0 170 0 41 0 255 0 255 0 255 201 77
    14 0 0 0 255 123 14 0 194 25 255 208 255 255 255 0 255 0 255 0 255 0
    0 208 255 255 255 0 255 54 255 0 0 0 255 0 255 0 255 255 255 0 0 14
    255 151 0 0 255 0 116 0 0 255 0 177 0 106 255 0 255 0 0 0 0 255 255
    112 255 255 0 0 0 255 255 0 0 144 0 255 0 116 0 0 255 50 0 255 255
    118 255 0 0 0 255 255 255 0 11 0 12 0 0 255 255 0 255 29 10 255 104
    255 0 0 255 255 255 255 0 255 255 0 0 0 0 221 0 255 255 62 255 0 255
    255 251 0 255 0 255 0 255 0 255 0 19 0 0 235 0 255 167 255 0 0 0 255
    255 0 0 255 0 255 0 0 63 255 255 255 0 0 0 255 151 255 0 11 163 255
    255 0 255 0 0 0 255 255 255 255 161 236 0 0 240 255 0 0 0 0 255 255
    0 226 0 168 0 255 0 162 0 255 0 0 255 255 255 51 0 0 0 0 0 0 0 255 0
    0 64 20 255 255 255 255 0 52 0 255 43 255 255 0 255 0 255 0 216 0
    255 255 255 0 0 0 255 0 44 97 255 57 0 25 0 255 0 0 0 255 255 255 0
    255 255 255 0 0 0 66 255 135 255 255 255 0 0 255 255 255 255 163 0 0
    35 255 0 227 0 0 156 0 0 255 0 255 40 255 0 0 2 0 0 0 255 255 0 26 0
    255 102 255 0 0 0 255 0 255 199 255 255 0 255 159 0 255 0 255 58 255
    255 65 0 0 0 255 255 0 0 255 238 255 34 0 0 0 0 255 255 255 245 255
    170 0 255 131 231 0 255 255 255 0 0 255 0 255 155 50 0 255 255 170
    185 255 255 0 0 0 255 0 255 0 0 222 193 255 0 0 0 255 0 255 0 255
    255 255 255 108 235 0 0 255 0 255 0 255 202 0 0 0 0 255 255 43 255
    251 255 255 0 191 255 255 156 98 228 255 255 0 255 255 255 51 255
    213 0 255 0 255 0 255 0 34 255 255 239 0 0 163 255 255 0 0 255 23
    255 26 255 255 0 0 255 172 255 0 12 162 0 126 255 255 0 255 255 169
    255 255 0 0 0 133 255 255 0 4 0 0 255 255 255 255 0 88 0 255 0 255 0
    255 0 255 214 255 0 255 0 0 0 255 255 82 0 0 0 255 255 255 255 0 224
    0 0 0 255 0 255 0 164 85 126 171 99 72 255 104 255 243 0 0 0 255 255
    218 255 255 0 0 0 91 0 166 0 0 0 255 255 0 0 255 255 255 215 0 0 0 0
    0 211 255 0 0 0 255 249 0 0 255 255 0 0 113 255 255 255 0 33 0 135
    86 255 255 0 195 0 255 0 93 255 255 34 255 101 255 255 143 0 255 0
    255 0 0 0 0 255 129 0 255 0 156 178 255 136 255 0 255 0 255 0 255 0
    175 255 0 255 0 0 212 0 255 255 255 0 0 0 0 0 255 255 0 0 0 255 0
    255 255 208 0 255 0 255 255 255 220 0 0 150 255 255 0 0 0 255 255
    255 0 0 0 0 186 255 255 226 116 0 0 255 0 0 173 134 189 255 255 255
    0 172 0 0 22 0 255 255 255 70 0 155 0 255 255 200 0 255 22 255 255
    255 94 255 0 0 255 0 0 35 255 255 255 0 255 0 11 0 255 0 255 200 17
    0 255 154 68 0 255 90 0 0 0 255 0 0 0 0 255 255 255 0 255 255 102
    255 0 254 0 255 255 255 189 0 0 0 255 255 0 0 0 255 255 255 0 86 255
    255 0 0 255 134 7 0 255 0 255 0 250 9 255 255 255 0 255 0 255 0 0
    255 179 0 215 0 255 0 255 0 255 14 255 0 0 0 133 0 255 0 255 209 255
    255 255 0 0 191 255 255 0 210 255 0 0 0 44 255 255 255 51 255 0 255
    255 255 0 0 0 0 255 0 255 0 0 0 255 255 0 0 255 255 255 255 0 0 255
    0 255 0 255 147 0 255 100 255 255 0 0 255 0 119 140 0 0 255 0 255 0
    255 255 0 255 0 0 255 255 255 0 0 0 233 218 255 0 0 0 0 255 0 196
    255 255 255 197 255 92 0 255 115 255 70 14 255 253 255 0 213 180 112
    255 220 0 255 0 0 255 255 255 0 219 0 0 0 255 208 255 26 0 0 255 255
    0 0 0 255 255 255 0 0 255 255 255 255 255 0 0 255 255 0 0 255 255
    255 0 0 0 0 247 255 255 172 255 255 0 255 195 255 107 0 0 255 0 255
    0 16 0 255 255 0 0 247 132 0 0 84 255 0 161 0 0 255 211 186 0 255 0
    0 217 0 255 255 140 255 0 255 133 252 73 0 0 0 255 0 222 255 39 255
    0 0 0 0 217 0 0 20 0 60 0 60 255 0 11 255 253 171 0 0 255 255 0 0 0
    255 0 255 61 255 255 255 255 173 0 0 140 255 255 6 242 255 0 255 0
    186 0 0 0 0 255 244 0 0 5 255 255 255 0 255 0 255 255 0 255 0 255 0
    0 0 0 0 255 255 0 0 0 0 255 0 255 0 0 0 0 255 0 255 0 0 255 0 42 255
    255 0 255 255 255 255 97 178 0 255 255 0 0 0 255 170 255 0 133 0 78
    254 255 42 255 0 255 0 0 0 0 0 0 255 255 255 0 255 0 255 0 0 0 255 0
    255 0 78 0 188 173 48 0 255 255 223 0 212 255 255 0 97 0 0 255 184
    255 0 255 0 0 255 255 255 0 0 255 37 17 255 0 62 175 255 177 0 255
    222 255 0 255 0 255 255 0 94 0 0 255 25 0 255 149 0 0 0 255 255 255
    0 0 195 38 63 255 0 66 255 205 33 0 0 255 255 0 255 255 255 0 255
    225 255 255 0 255 0 255 0 149 0 255 0 255 218 255 70 255 255 255 0 0
    0 0 255 121 255 171 0 255 255 255 0 0 177 255 255 63 0 0 0 255 255
    255 255 255 221 0 0 0 255 255 145 255 48 0 0 255 255 197 131 255 255
    0 0 0 255 255 0 255 255 255 255 136 0 105 255 255 142 0 255 0 0 255
    0 255 106 190 0 90 255 255 0 255 0 0 255 255 0 0 255 255 0 255 247
    255 0 0 0 255 32 255 0 255 0 255 255 99 255 0 0 0 0 255 255 255 0 0
    255 0 255 22 92 68 255 0 62 255 0 255 255 255 255 0 0 33 62 255 255
    255 212 0 62 0 255 255 255 255 0 229 0 255 249 0 0 252 255 2 8 226 0
    255 255 255 15 0 0 0 255 0 201 0 100 0 0 0 255 255 255 255 0 255 220
    255 0 57 0 118 0 255 0 255 177 14 0 0 255 0 222 110 255 0 0 0 255
    255 118 255 0 0 0 255 0 255 255 255 0 51 0 255 0 255 255 82 0 0 0
    142 0 255 255 0 255 0 126 243 255 0 0 255 255 0 72 0 158 0 20 0 0
    255 255 255 0 0 0 0 0 255 36 0 235 146 0 255 255 255 0 255 255 255 0
    0 0 255 0 84 255 255 0 0 0 94 255 255 255 0 255 255 255 255 69 0 255
    77 255 131 126 0 2 254 255 0 48 10 255 0 255 179 255 255 221 0 255
    255 255 0 0 40 0 0 0 0 103 255 255 0 0 0 255 255 255 255 0 199 255 0
    0 0 0 90 0 255 0 223 0 0 0 255 255 0 18 255 255 0 0 255 255 236 0 0
    0 255 0 0 255 0 0 0 255 255 255 0 0 0 255 255 255 0 29 0 255 255 183
    0 70 255 137 0 255 0 0 0 255 0 0 0 0 255 255 255 255 0 219 255 255
    255 255 125 0 255 0 247 0 255 0 255 255 255 0 255 255 255 255 255
    255 187 0 112 0 255 0 0 255 255 195 0 0 255 9 255 0 0 255 0 0 0 255
    0 147 0 255 255 0 143 0 255 255 255 0 0 255 255 255 0 0 0 255 255
    194 255 0 255 200 0 61 66 255 255 0 0 255 255 255 126 255 255 255 93
    0 232 0 0 84 255 186 255 0 255 255 255 203 255 158 255 0 0 0 255 89
    255 196 201 255 38 255 0 255 255 0 0 95 218 172 0 255 0 39 255 168 0
    255 255 0 45 0 0 255 0 0 0 255 255 255 0 255 255 255 0 131 237 0 255
    0 0 0 232 255 255 232 78 0 0 255 0 0 44 54 255 255 255 185 255 234 0
    255 255 235 255 0 245 0 255 97 255 41 223 0 255 196 167 189 0 0 0
    255 0 255 0 255 0 59 0 0 23 103 0 255 255 255 255 0 255 255 255 228
    0 255 94 0 0 0 255 255 0 69 0 255 66 0 0 255 0 92 54 0 197 0 255 99
    255 176 255 255 0 0 255 182 255 255 0 0 0 255 0 255 176 237 255 0
    255 255 255 0 0 0 255 255 255 69 255 255 255 0 0 255 211 87 0 255
    197 255 255 0 0 0 0 0 0 255 0 0 255 141 255 255 255 255 255 255 182
    0 0 255 0 95 133 255 255 255 0 0 0 255 89 255 0 85 0 0 0 0 0 255 235
    0 0 255 255 255 255 0 255 255 255 44 0 245 0 138 0 194 255 255 0 255
    0 255 0 0 0 255 255 255 0 0 0 76 255 81 0 0 0 255 208 199 0 255 149
    27 246 201 255 0 255 255 0 0 255 0 255 0 0 0 255 255 255 163 0 0 191
    255 0 0 0 255 218 255 0 255 0 62 255 255 255 255 0 255 0 0 0 0 0 145
    175 255 242 59 255 255 0 0 0 0 0 255 255 255 0 0 255 251 0 0 0 0 0
    221 0 0 0 255 81 255 0 255 255 0 186 0 255 112 146 0 0 0 0 255 255 0
    255 0 255 0 255 0 0 255 255 0 119 0 0 0 255 43 255 0 127 255 255 21
    255 0 134 255 255 84 255 255 255 255 0 255 255 0 142 93 0 0 0 0 255
    0 88 255 0 255 0 255 255 255 255 255 0 0 0 255 255 255 16 39 255 0 0
    0 255 0 255 255 255 0 0 223 255 255 0 0 255 255 35 0 58 255 255 191
    0 0 255 0 172 101 255 255 0 19 0 255 0 255 0 0 157 255 0 0 22 255
    255 255 255 0 255 0 146 228 255 255 197 255 37 42 0 255 255 177 255
    0 255 255 0 0 0 255 0 255 0 255 255 255 255 0 0 136 255 98 0 255 255
    69 255 255 255 0 0 255 255 255 255 0 0 255 158 255 54 255 0 255 255
    0 255 69 0 0 255 255 255 0 0 0 255 175 255 0 0 0 0 24 255 255 209 0
    255 116 172 0 0 208 182 141 255 0 255 0 255 0 255 255 255 31 255 0 0
    0 76 0 255 0 60 255 255 0 0 0 0 151 242 133 255 18 255 255 255 0 35
    0 255 0 0 0 255 255 161 255 0 214 255 0 255 255 0 255 255 255 255 73
    0 0 0 255 0 96 0 31 108 0 255 255 227 255 27 255 255 85 0 147 0 0
    255 90 255 249 1 40 0 255 255 255 168 0 185 255 16 194 255 169 49 0
    255 0 255 255 255 255 141 255 30 0 0 255 0 0 140 255 255 0 0 0 43
    255 241 0 255 0 0 0 0 170 140 0 29 0 255 0 255 0 255 0 0 0 255 255
    255 217 255 156 207 255 0 212 0 0 255 139 255 70 255 255 0 135 0 255
    0 255 0 255 255 0 176 0 0 0 255 255 0 0 199 0 255 118 255 0 255 255
    139 0 255 255 61 0 0 0 143 0 255 255 237 255 255 0 0 0 255 255 0 255
    255 0 6 0 0 23 0 255 255 255 0 255 89 0 0 0 255 0 255 0 43 0 255 255
    0 0 255 0 255 255 0 255 133 0 0 255 255 255 0 255 0 255 110 244 0 0
    255 0 170 0 0 255 131 149 0 255 0 0 255 0 189 24 141 181 205 255 255
    172 0 0 0 0 0 0 0 255 215 0 255 255 255 130 0 255 0 6 0 255 255 255
    202 255 63 255 0 0 0 255 255 255 0 0 157 0 255 255 255 255 255 100 0
    0 0 255 255 255 221 255 226 255 0 255 255 255 0 255 0 255 255 251 0
    255 255 0 0 0 0 255 255 255 0 0 255 86 0 255 0 255 0 0 0 0 255 255 0
    0 247 0 0 255 255 0 0 174 255 206 255 20 0 0 0 0 148 203 247 154 255
    0 255 205 255 0 252 0 193 255 20 0 0 130 45 0 255 255 0 0 0 0 0 0
    159 194 255 249 255 0 192 0 147 255 1 0 218 0 255 0 214 102 0 0 255
    255 182 200 0 0 255 255 255 65 0 136 255 255 0 255 255 0 0 178 255
    120 255 255 255 0 255 76 255 0 0 255 255 255 0 255 255 0 0 0 80 0
    255 0 255 0 255 0 255 0 255 0 118 0 55 255 92 0 215 255 209 255 187
    255 62 255 0 255 0 255 0 255 234 0 255 255 255 0 0 255 225 228 0 255
    57 207 0 0 255 0 255 0 0 251 255 255 255 0 0 0 255 0 255 0 255 0 145
    0 0 255 255 255 0 0 255 21 255 255 0 255 255 255 0 0 255 255 255 37
    0 0 0 0 255 0 0 0 255 0 0 255 255 255 80 255 0 0 42 208 255 98 151
    255 255 217 254 0 84 232 0 255 255 255 0 0 0 217 0 123 255 203 0 0 0
    60 199 165 0 0 0 255 255 255 255 0 17 255 255 84 66 0 255 0 255 0 0
    0 255 0 255 0 0 242 255 255 0 0 0 0 0 255 0 184 0 255 10 255 0 0 0
    255 0 255 255 70 255 0 0 0 255 255 187 255 0 0 0 255 33 255 255 0 0
    255 255 0 255 0 255 0 255 0 0 255 0 0 0 255 0 255 0 255 0 255 255 0
    255 0 0 255 255 0 0 255 255 0 0 255 255 255 0 255 0 255 0 0 0 236 0
    225 255 0 0 0 52 255 0 255 0 0 255 212 0 0 177 255 255 0 0 255 255 0
    0 255 0 0 0 0 255 0 0 255 255 255 0 255 0 0 0 255 255 207 8 0 255
    255 0 255 0 196 0 0 255 0 0 0 86 255 85 0 255 0 111 0 255 0 255 0 0
    255 255 86 0 255 145 228 0 0 0 86 0 255 255 255 255 0 255 255 255 0
    0 0 255 0 0 0 255 255 255 29 249 0 0 0 255 255 255 255 50 0 192 255
    255 255 255 255 255 255 0 255 0 255 255 0 0 35 255 255 0 30 255 0 0
    255 255 0 0 186 255 255 0 0 0 222 0 0 104 20 255 255 0 0 255 0 0 0 0
    0 0 0 0 255 255 255 0 255 255 255 0 0 0 136 255 155 0 255 116 84 0
    240 103 59 142 176 120 189 255 255 136 0 0 0 255 255 255 255 63 0 0
    0 255 0 255 255 255 255 0 252 0 255 255 0 0 0 0 255 255 255 255 0 0
    255 255 255 234 0 255 255 255 0 255 255 0 255 0 255 199 0 217 0 255
    255 255 0 0 0 255 0 73 255 255 57 0 0 147 255 0 255 187 143 0 255 0
    255 255 255 0 126 0 255 131 0 0 255 255 255 255 255 0 0 255 255 255
    0 255 255 255 255 13 0 255 0 0 0 236 255 0 0 127 255 232 0 31 255
    255 255 255 255 18 0 134 0 50 0 145 0 255 0 0 0 255 255 255 96 0 0
    255 255 255 255 0 255 0 0 255 0 0 255 128 255 0 255 0 255 0 15 255 0
    42 1 0 0 0 226 255 255 255 255 0 0 16 86 71 255 255 255 0 255 0 255
    0 255 0 0 0 0 0 231 255 0 153 255 0 255 0 155 33 0 116 255 255 0 0
    255 86 255 0 255 246 0 255 117 0 198 255 0 255 39 17 0 255 255 60
    123 255 0 255 0 255 0 0 0 255 0 255 0 255 0 255 235 255 255 255 0
    255 255 255 0 0 0 0 255 0 255 0 0 0 122 255 0 38 255 255 255 0 255 0
    255 0 255 245 255 0 58 216 33 255 0 255 0 255 0 255 255 80 159 51
    255 255 0 139 255 255 255 255 231 0 249 255 0 0 0 0 255 255 185 0
    240 255 255 0 0 208 0 0 0 255 255 255 255 147 0 0 255 255 255 0 0
    255 127 255 255 255 255 0 0 0 255 0 255 0 255 0 0 255 0 220 145 255
    0 0 0 239 255 0 92 255 255 255 0 171 0 0 255 0 133 255 255 0 63 115
    127 0 116 255 0 255 255 255 204 0 255 0 255 255 0 0 255 255 0 255
    212 255 162 0 0 113 255 0 255 255 0 31 0 255 0 255 194 255 0 0 0 255
    0 255 255 255 153 232 148 0 225 0 255 0 0 255 255 255 0 0 0 0 240
    255 255 147 250 0 0 122 63 0 255 84 255 0 0 0 218 0 246 0 255 0 81
    42 255 0 255 0 62 255 0 255 0 255 0 255 255 0 228 0 255 0 0 0 0 255
    219 0 248 255 255 255 0 47 255 255 255 255 255 37 0 0 255 0 225 28
    25 255 0 0 255 255 0 229 0 255 255 255 255 255 255 0 0 49 255 255
    255 255 0 255 255 255 0 255 255 0 0 0 0 0 97 255 12 92 255 255 255
    201 0 0 179 255 52 255 0 0 0 255 0 255 255 255 0 0 0 19 255 255 255
    0 186 0 0 255 255 0 0 108 255 255 255 255 0 0 0 0 0 255 0 126 0 255
    255 0 255 0 255 0 255 7 0 0 255 255 255 0 255 255 100 0 132 0 81 116
    255 255 0 0 0 255 255 255 21 255 21 255 11 0 0 255 0 0 0 0 255 0 255
    255 0 255 63 255 0 159 0 0 89 255 255 255 255 0 0 0 0 0 255 0 255 0
    255 150 0 255 255 255 0 0 255 135 0 0 137 255 0 255 0 0 255 255 255
    0 79 255 223 0 255 255 255 255 0 0 0 255 255 255 0 0 85 207 255 0 0
    0 255 255 0 255 255 254 0 0 255 249 0 0 255 255 0 0 255 255 167 0 0
    255 255 114 255 255 0 255 0 0 0 63 0 26 198 255 0 255 0 97 255 143
    255 209 255 255 255 0 92 45 255 100 255 19 233 255 255 255 255 255 0
    0 0 255 255 255 47 0 0 255 255 255 255 0 0 0 255 0 255 236 255 0 255
    255 255 0 0 125 0 1 0 255 255 255 0 0 0 255 0 0 255 255 45 0 0 0 255
    255 92 0 255 0 166 0 0 255 0 255 129 183 255 0 0 0 255 255 240 255
    80 255 0 255 255 255 0 0 0 255 49 255 0 255 0 255 0 255 0 103 106
    255 0 167 255 36 0 0 165 0 0 255 255 0 0 0 255 255 255 255 0 0 255 0
    255 21 255 0 0 0 255 255 255 195 0 0 255 255 255 0 0 80 71 255 0 255
    0 255 0 0 161 255 0 0 0 0 0 219 255 219 136 80 0 255 255 255 255 0
    255 255 0 136 0 255 0 255 0 139 255 0 0 0 255 255 255 7 255 255 0 0
    0 0 255 255 251 255 0 255 255 255 154 0 0 0 255 255 48 255 0 255 0
    144 255 255 255 0 92 0 81 255 0 255 226 0 0 0 85 255 0 255 0 0 255
    255 184 35 0 255 211 255 255 107 0 0 0 255 218 208 255 255 255 0 0
    255 255 255 0 0 255 255 255 0 255 0 149 0 255 0 255 255 251 0 0 255
    0 255 251 255 0 227 172 0 0 0 0 255 0 255 171 255 0 255 0 0 0 255 0
    255 0 255 255 255 255 0 0 255 255 0 255 0 0 255 0 125 0 0 0 255 0
    133 255 0 255 0 255 255 255 0 0 0 86 255 0 255 0 255 0 255 255 241 0
    0 0 255 255 0 0 0 0 255 255 0 0 255 0 77 0 0 0 255 0 0 179 255 0 255
    0 0 143 255 255 0 14 56 255 255 255 116 27 255 255 0 57 0 255 0 0 50
    255 255 255 255 255 0 4 0 255 255 67 255 239 0 113 255 89 255 0 0
    255 255 255 0 0 201 255 255 255 255 114 255 0 78 0 255 255 255 173 0
    69 255 0 111 255 255 73 74 0 0 0 255 253 255 0 255 0 255 0 255 255 0
    68 0 255 255 255 255 0 0 10 255 255 255 0 0 255 122 0 94 255 255 255
    255 255 0 0 0 0 59 255 255 255 242 0 255 177 0 249 255 255 0 0 255
    195 194 0 255 0 249 255 255 255 185 0 133 0 0 0 255 255 154 0 0 57 0
    0 189 0 255 255 0 255 171 255 0 255 0 255 0 255 255 55 255 0 0 0 0
    255 255 68 255 255 0 255 0 0 0 0 0 255 0 255 0 255 250 246 198 237 0
    167 255 86 149 255 255 255 255 33 0 0 0 0 255 0 0 0 255 0 0 137 33 0
    255 255 0 0 0 0 255 255 255 0 255 0 255 0 169 0 0 255 0 255 0 0 255
    253 0 204 0 198 0 0 255 0 255 0 255 0 255 0 255 0 15 255 0 0 0 255
    255 255 0 0 0 255 253 255 0 90 0 255 0 115 255 0 255 115 0 22 255
    255 0 0 0 255 0 58 0 111 143 0 255 255 255 255 255 0 0 0 255 255 255
    255 76 0 255 31 255 0 143 255 94 0 255 85 0 0 0 255 255 240 0 22 0 0
    142 0 255 255 173 0 0 255 0 0 0 218 255 255 255 255 0 0 0 255 255
    255 0 0 0 0 83 255 42 255 0 255 255 0 0 0 0 0 0 255 44 255 255 0 0
    255 255 39 24 255 0 0 0 255 0 255 0 238 0 255 255 255 0 255 0 64 0 0
    0 209 0 0 0 255 255 0 0 0 240 236 217 56 255 167 255 0 0 0 0 105 0
    255 0 255 0 44 0 0 42 255 0 255 255 178 255 0 100 255 255 0 0 255
    255 255 0 237 0 0 255 0 255 0 0 0 0 255 255 222 255 0 255 0 0 112
    255 255 0 0 80 0 255 255 0 206 0 255 240 209 99 255 255 0 0 0 0 255
    0 255 4 85 203 128 255 241 255 0 255 255 0 0 0 255 255 255 0 0 63
    255 0 0 0 255 255 0 255 0 255 165 45 0 0 255 255 0 99 255 0 107 255
    255 0 0 13 38 255 255 136 220 0 0 255 0 255 0 0 0 0 205 255 255 136
    0 215 5 255 196 0 255 0 8 0 255 0 17 255 154 0 0 0 224 255 0 255 0
    226 0 19 255 254 27 255 0 255 255 0 157 255 255 0 0 0 157 110 255
    255 253 255 0 0 132 200 0 0 0 0 179 255 0 255 255 255 0 0 0 255 255
    0 0 255 0 0 255 255 220 0 253 0 0 0 255 255 231 255 240 0 255 0 255
    255 136 81 0 255 0 0 0 255 255 0 0 255 0 255 0 255 255 255 0 0 0 255
    255 0 0 255 223 255 0 255 255 255 232 255 0 255 42 255 0 0 255 255
    255 0 71 0 0 216 255 0 255 0 255 0 255 0 255 255 255 255 103 255 255
    255 0 97 0 255 135 255 255 0 255 0 75 255 35 0 255 255 255 0 255 0
    255 0 0 244 255 255 0 0 255 255 255 255 0 0 0 0 144 255 0 0 0 138
    186 0 11 255 0 0 226 255 255 0 255 248 255 0 255 243 255 255 255 0
    169 0 0 0 255 0 255 0 0 255 0 255 0 219 255 255 0 0 34 0 255 0 0 0
    255 255 255 0 0 0 0 255 255 255 255 0 0 0 255 255 83 0 228 0 255 0
    255 0 0 137 111 255 0 0 0 0 95 0 150 0 255 0 255 158 0 0 0 255 255
    255 0 255 0 187 255 255 255 255 255 0 255 0 0 0 255 0 58 255 255 255
    140 0 0 0 0 0 0 255 216 255 84 0 0 0 255 238 255 0 0 0 255 255 255 0
    0 255 255 255 0 0 0 227 0 144 255 255 0 231 0 255 140 19 226 255 0
    255 0 62 0 242 255 111 27 250 229 0 255 0 255 0 255 0 255 123 255
    255 255 0 0 148 255 0 2 0 0 255 0 0 0 255 255 0 0 0 0 76 255 255 0 0
    0 255 0 17 255 255 255 0 0 255 255 199 0 0 0 255 154 255 0 0 0 255 0
    110 0 198 37 255 255 0 255 0 255 0 0 0 0 255 0 255 0 236 0 0 255 47
    255 0 0 242 255 0 0 255 165 255 116 255 0 255 255 255 150 0 0 62 17
    255 55 255 231 0 255 255 255 0 0 255 39 0 255 146 0 255 255 255 171
    255 0 0 255 255 199 0 45 0 255 120 86 0 255 0 255 0 45 255 255 255 0
    255 255 255 15 255 106 255 255 216 255 0 44 0 0 0 255 255 255 255 96
    255 255 255 0 255 0 255 154 53 255 255 112 0 255 0 255 0 0 255 255
    255 0 0 84 255 131 0 0 255 0 0 255 255 37 0 0 0 255 0 0 255 255 255
    0 41 0 255 255 255 255 255 0 0 0 63 0 0 187 255 0 255 255 0 167 118
    220 0 255 255 0 255 206 0 0 255 255 255 0 255 0 0 0 0 0 0 0 255 255
    255 0 97 0 0 0 0 255 255 0 255 0 255 255 73 0 255 0 0 0 254 255 9
    255 0 0 255 255 255 255 0 255 255 229 255 0 0 0 255 255 255 255 147
    0 0 255 0 0 0 0 0 0 255 17 255 255 255 8 0 255 255 57 0 0 0 255 255
    255 0 255 0 136 255 255 151 164 62 255 71 0 153 15 51 0 0 0 0 255
    255 255 0 0 0 255 255 255 0 0 0 0 255 0 0 89 255 255 1 0 0 255 255
    255 0 255 255 255 0 236 0 0 143 150 255 255 132 0 225 255 0 255 0
    255 255 255 255 0 0 0 0 230 255 255 179 0 54 255 0 253 215 255 255
    26 198 0 255 0 0 0 255 0 255 37 0 255 255 75 0 205 255 255 253 117
    255 0 0 255 63 255 0 0 0 0 161 157 0 255 255 0 255 0 255 36 0 132 0
    255 0 255 0 255 0 0 4 255 255 255 0 255 158 255 255 255 253 0 0 255
    4 0 255 255 0 255 0 255 0 255 255 0 0 255 255 0 0 70 0 0 255 255 0 0
    255 0 255 0 248 0 0 255 255 255 255 255 0 0 255 14 255 255 0 10 0 0
    0 255 255 255 0 0 150 255 227 255 255 0 108 0 143 155 0 0 255 255
    255 0 0 15 171 255 0 38 0 255 255 26 255 255 0 0 0 0 0 255 0 0 0 63
    0 0 0 255 255 255 0 0 0 243 255 0 0 255 167 255 0 0 0 0 255 0 23 218
    255 95 0 0 232 255 0 0 0 0 255 255 255 255 11 255 62 255 0 0 255 255
    255 0 0 35 65 0 0 255 255 0 243 0 255 0 0 0 253 0 0 255 255 188 255
    255 255 255 255 255 0 0 0 255 255 0 0 0 58 231 255 255 0 107 255 255
    0 240 255 0 255 85 255 0 0 0 255 255 255 0 0 255 0 255 40 255 0 0 0
    255 255 255 0 255 255 255 0 0 0 255 255 255 178 0 0 0 255 255 255
    255 0 0 0 255 0 22 0 27 255 255 0 0 0 81 0 255 0 255 0 255 0 110 255
    18 255 255 190 255 0 0 0 229 255 255 93 82 0 0 0 0 255 0 198 0 192
    196 255 255 0 0 90 255 255 255 37 146 0 255 0 24 0 139 255 0 255 31
    255 0 0 0 0 0 255 255 175 158 0 255 255 0 255 211 255 51 96 255 0
    101 47 0 38 255 199 21 255 255 0 0 255 255 207 255 255 0 103 0 193 0
    242 48 0 0 255 255 230 102 255 255 255 0 0 255 255 255 0 205 0 13 0
    0 230 255 255 255 0 0 170 255 0 0 93 255 255 0 255 59 255 0 0 255
    255 111 153 228 255 0 255 0 255 30 255 0 255 255 0 255 0 154 0 255 0
    0 0 255 255 255 255 0 255 255 71 0 0 0 0 255 245 255 0 255 140 0 0 0
    0 255 255 255 255 138 0 0 255 209 255 0 255 0 255 229 201 0 113 255
    197 255 0 93 0 82 0 255 0 255 0 0 255 11 255 0 255 255 255 255 255
    255 119 0 0 29 207 0 255 255 176 255 0 0 255 0 255 69 0 73 255 0 255
    0 0 0 255 255 255 228 119 255 255 0 0 0 255 255 255 255 53 255 0 201
    0 255 0 187 255 255 255 0 0 0 255 0 255 255 255 255 255 0 0 225 255
    255 0 29 180 0 0 0 0 0 0 255 0 255 89 48 0 0 255 255 255 255 255 255
    0 255 255 255 0 0 99 255 0 255 91 177 93 0 0 255 255 0 0 0 255 0 0 0
    255 255 255 0 0 228 0 255 255 0 201 0 255 255 0 255 0 45 0 239 0 0
    37 201 229 255 255 93 255 255 48 0 255 255 255 255 0 255 255 255 219
    0 124 0 23 255 192 255 21 255 0 0 0 169 0 255 255 215 53 197 255 0
    255 0 230 107 255 255 0 255 0 255 231 255 0 0 0 0 0 255 122 63 0 161
    0 111 0 0 0 255 255 0 7 159 230 0 0 0 255 67 170 255 255 255 0 0 255
    254 94 255 255 255 255 255 0 0 0 255 0 24 0 0 0 0 137 255 0 235 0
    255 0 18 0 0 0 0 0 255 255 0 0 255 60 178 0 255 0 72 67 0 255 0 0
    137 0 174 0 255 255 0 255 255 0 0 172 0 255 255 255 0 0 0 84 255 255
    0 255 0 255 36 255 32 226 255 99 0 0 255 255 0 0 56 205 255 0 161 0
    212 0 134 255 68 255 79 255 0 255 0 255 157 0 0 0 255 255 0 255 255
    255 255 255 255 188 255 255 7 99 0 0 0 255 0 255 255 0 0 0 255 120 0
    255 250 171 255 255 14 255 0 80 0 255 255 255 0 255 93 255 143 0 164
    255 255 0 0 46 255 255 192 0 0 255 0 255 255 0 155 0 152 255 0 170
    255 255 0 255 88 157 255 255 255 0 255 0 0 255 0 255 0 0 0 255 138
    103 0 255 0 255 242 255 0 255 0 0 191 0 0 255 0 0 255 0 204 0 255 0
    255 122 0 0 0 255 255 255 0 0 0 255 27 26 0 255 255 239 255 0 255
    217 255 255 144 53 255 120 0 0 255 0 0 0 0 0 192 255 0 255 255 0 255
    0 255 0 255 0 255 255 243 219 0 255 0 0 0 255 77 255 0 255 0 252 255
    0 0 0 125 168 255 255 255 0 255 0 0 0 0 255 0 0 0 0 0 255 255 255 0
    0 255 255 255 255 0 0 0 255 0 154 0 114 255 255 214 0 0 72 255 62 0
    255 255 255 0 0 0 255 0 0 0 255 255 0 0 111 255 255 10 189 0 0 0 0
    255 255 255 2 0 0 0 255 255 0 0 15 255 118 0 113 0 255 0 255 89 255
    0 0 255 0 255 0 166 0 0 255 255 0 255 0 255 255 124 255 0 112 253 34
    63 0 255 255 150 255 255 0 10 0 255 255 255 0 0 94 0 0 255 0 0 0 0 0
    255 255 0 255 0 0 18 102 255 0 0 150 0 41 0 255 0 0 0 0 105 0 0 149
    255 255 0 0 255 255 0 0 0 255 255 0 0 191 0 255 0 245 255 255 255 0
    255 99 255 0 255 0 0 0 2 0 255 255 255 203 255 255 53 0 0 255 79 255
    0 0 60 70 255 66 0 255 239 218 255 255 0 0 0 34 255 255 255 0 42 255
    98 0 0 0 255 0 209 254 255 255 5 255 0 0 0 0 255 0 0 255 108 255 255
    97 0 0 144 0 0 0 255 255 188 82 166 0 0 0 0 255 255 0 0 166 0 255
    255 255 0 137 0 255 0 0 177 7 121 0 0 0 0 255 255 84 0 255 255 0 0 0
    255 0 255 0 255 230 0 0 0 255 255 0 0 255 255 0 0 0 255 255 255 0 0
    161 255 0 255 0 209 91 255 255 0 0 255 255 0 0 255 255 255 0 255 0
    221 0 252 255 255 255 0 0 0 0 0 0 255 255 64 0 0 255 255 0 255 0 255
    255 9 23 255 255 255 134 255 2 0 0 0 255 255 255 255 255 0 255 234
    255 190 0 0 0 255 160 228 0 255 255 255 255 0 0 170 0 0 0 75 0 255
    246 255 255 0 0 1 169 0 255 0 9 0 0 0 34 255 0 238 111 255 255 0 255
    107 255 225 255 255 0 245 62 0 0 255 92 0 255 255 0 197 60 0 255 255
    255 0 255 0 255 255 255 0 255 0 255 0 255 0 32 255 255 0 255 255 0 0
    136 255 255 255 32 188 63 255 123 0 0 255 0 255 255 0 0 122 0 255 0
    255 0 255 0 207 0 0 255 187 255 255 0 0 0 255 246 0 255 255 255 255
    207 26 0 255 255 255 255 29 0 0 255 255 255 0 56 255 255 0 0 0 255
    134 0 255 200 0 0 248 0 196 0 255 0 255 0 255 255 255 0 0 0 255 0 0
    243 255 111 0 0 255 0 255 100 255 0 238 236 0 255 255 53 93 255 223
    255 0 255 0 52 0 255 255 14 0 0 142 225 0 0 0 0 228 255 0 0 0 194
    255 0 24 255 255 255 0 0 241 255 225 0 0 55 255 0 0 180 255 255 255
    64 0 0 153 255 70 255 159 0 0 143 232 255 0 145 0 255 255 255 255 0
    0 0 0 255 255 255 0 0 0 255 0 255 255 115 0 0 255 0 255 255 0 255 0
    87 0 255 0 255 0 0 255 255 255 0 0 0 255 255 0 0 255 255 85 255 255
    0 255 28 255 0 255 223 255 0 0 255 255 255 0 0 0 253 221 255 0 0 21
    0 0 255 0 0 0 0 255 255 4 255 158 0 255 255 0 0 0 255 32 255 255 255
    206 83 0 255 0 255 0 0 0 255 255 0 0 0 255 255 0 0 0 255 255 0 255
    255 255 94 79 0 0 255 255 123 67 0 241 255 255 255 0 255 54 255 72
    255 255 255 207 0 255 255 0 255 0 255 144 0 255 31 0 0 255 0 88 0
    255 255 255 0 0 255 255 255 0 41 181 0 255 255 255 0 0 174 145 255 0
    28 255 141 255 0 82 0 0 255 255 0 255 0 255 0 0 193 255 255 0 255
    124 0 0 255 144 0 0 196 0 0 0 255 255 0 255 0 255 22 255 255 255 0 0
    255 255 0 0 0 255 255 35 0 0 116 78 255 236 0 255 255 0 0 255 255 0
    0 96 0 255 255 157 255 255 0 0 255 255 255 0 255 0 184 0 255 0 255 0
    255 225 0 77 255 255 0 0 255 160 255 255 37 255 0 247 139 128 255
    255 0 0 0 255 0 255 255 252 86 0 173 0 0 218 255 255 0 219 0 255 255
    0 0 0 255 255 255 0 12 224 255 255 255 255 255 0 0 188 174 0 0 186
    255 255 243 21 0 255 255 255 0 0 0 152 0 27 255 0 188 255 0 90 0 136
    0 0 255 0 0 255 255 0 0 0 255 255 0 184 0 255 0 0 0 255 255 0 255
    255 81 223 255 0 0 0 255 255 255 0 255 0 110 255 0 0 200 0 255 255 0
    142 255 255 255 0 94 0 0 255 255 204 0 0 0 102 255 0 55 255 255 255
    0 255 0 255 0 255 0 255 255 255 255 0 0 223 255 159 0 251 0 0 73 255
    0 255 139 255 225 0 0 0 255 255 255 0 8 0 255 0 0 100 255 255 0 0 0
    255 255 255 0 29 129 255 0 0 0 255 0 255 0 255 0 255 0 255 255 0 233
    0 255 255 255 0 255 255 255 0 0 255 0 0 0 0 255 255 255 199 0 255 34
    232 255 0 255 0 255 255 0 255 38 255 0 0 210 0 255 255 0 255 255 58
    0 0 0 0 69 255 255 0 0 0 220 255 117 20 158 0 0 173 0 255 0 255 255
    88 214 176 220 218 110 255 212 255 150 255 250 255 0 0 197 255 255 0
    0 0 0 0 255 255 255 255 0 0 0 255 0 255 255 255 69 0 0 194 255 251 0
    124 85 255 0 0 255 255 255 0 17 0 255 0 10 0 255 0 255 0 69 0 255 64
    0 255 255 255 50 77 0 255 0 0 255 0 0 255 255 255 255 159 235 0 0 0
    0 255 0 255 0 255 0 0 0 8 47 237 0 175 0 0 0 235 33 255 57 0 54 255
    0 74 233 255 255 255 0 255 255 101 255 235 223 0 0 0 255 0 255 255
    255 255 0 0 255 86 0 0 255 255 0 0 255 255 255 0 0 0 255 255 255 0
    128 255 255 255 0 178 230 255 25 255 0 0 163 255 218 128 255 255 0
    255 255 255 0 22 165 255 0 0 255 0 255 0 0 0 5 0 62 0 255 0 255 0
    255 255 0 0 0 0 0 255 19 255 0 255 0 199 255 255 255 0 0 0 0 245 0
    255 0 255 255 255 255 0 0 0 0 255 255 4 0 184 0 0 0 255 255 255 134
    255 0 247 255 0 0 29 255 250 255 0 255 0 255 255 177 0 114 255 255 0
    255 0 255 0 255 158 255 0 207 245 255 0 0 0 15 255 255 255 129 0 0
    255 255 255 0 0 255 227 255 255 255 0 58 0 255 255 111 255 0 188 209
    72 0 255 0 255 0 255 0 0 0 255 255 255 239 255 0 107 0 255 255 251
    255 255 0 0 0 103 255 255 0 0 0 255 0 0 0 0 0 212 255 233 0 90 0 255
    255 0 0 204 0 0 0 255 0 255 0 26 0 0 0 255 5 255 0 0 0 177 255 255
    255 0 0 255 0 179 0 255 46 0 158 255 255 255 255 0 0 0 0 104 255 0
    255 251 176 255 127 255 72 0 170 255 0 255 255 255 255 0 0 0 255 255
    0 190 0 255 0 255 147 255 0 255 0 131 0 144 255 255 230 0 140 255
    255 99 185 0 0 26 0 12 255 255 255 255 0 0 0 0 255 255 255 0 0 0 255
    0 0 0 23 100 255 255 0 0 255 0 236 0 0 0 255 0 0 0 255 200 0 0 255
    61 0 0 0 255 195 255 0 103 0 0 255 255 0 0 0 0 255 0 130 0 255 0 72
    0 255 255 31 0 223 255 0 0 0 255 238 255 255 255 0 0 255 0 33 255 92
    0 0 63 255 255 88 0 255 0 58 255 255 253 0 126 255 255 255 255 255 0
    0 0 255 255 0 255 0 57 255 0 255 255 255 0 0 0 0 0 255 255 0 0 22
    255 0 255 44 255 0 0 0 0 0 0 255 0 0 255 255 0 53 255 255 255 0 255
    0 0 0 207 0 0 255 255 0 0 0 0 255 0 255 0 255 255 0 124 255 42 0 255
    0 255 255 255 255 0 0 0 255 0 0 255 0 86 0 255 0 0 250 0 255 0 255 0
    174 0 255 226 0 187 229 255 0 255 0 255 255 102 0 255 165 255 64 255
    0 255 255 255 0 0 227 255 255 0 120 255 255 65 0 143 0 255 0 123 0
    75 0 255 255 0 0 48 255 255 255 0 104 0 255 255 236 0 0 205 0 255 0
    194 0 255 23 0 0 0 255 255 255 0 0 255 255 0 0 109 233 0 0 43 0 0 0
    255 0 37 0 105 255 0 100 103 0 0 250 0 7 0 0 255 124 255 255 0 0 0
    255 186 0 255 247 228 0 184 39 255 255 0 0 0 255 0 0 255 0 0 0 163
    152 0 0 0 222 0 0 0 255 255 255 0 0 255 255 255 0 99 255 255 255 0
    88 0 255 0 255 164 255 226 255 125 0 185 96 255 255 255 255 0 0 255
    0 0 0 255 255 255 0 0 255 114 145 255 255 123 0 255 255 150 0 255 0
    124 106 0 200 0 255 255 255 149 255 255 0 0 0 0 255 135 89 251 219
    255 14 0 255 0 0 255 0 255 255 47 255 234 0 255 143 255 242 0 0 255
    255 0 0 0 38 0 255 0 0 0 255 255 255 28 248 0 255 0 0 170 0 55 0 255
    0 0 255 255 255 255 255 0 0 255 0 255 0 133 255 0 255 255 0 255 250
    255 0 255 0 255 52 0 255 0 255 255 92 255 144 255 253 255 11 66 0
    255 255 123 0 0 255 143 117 16 255 255 255 255 255 0 0 255 255 94
    255 255 155 0 255 30 255 0 255 0 255 0 255 255 113 0 255 255 0 0 44
    0 255 255 188 0 185 255 255 0 0 201 201 0 0 255 78 255 235 255 255
    255 0 0 141 255 0 0 0 255 255 255 0 0 0 255 13 255 228 0 0 0 255 0 0
    0 0 255 0 108 0 255 255 255 255 234 0 42 0 255 0 255 255 233 0 24
    163 255 255 255 105 0 0 0 255 0 255 137 0 255 0 255 0 255 0 0 47 0 0
    148 0 255 0 255 0 194 34 255 255 0 255 0 0 19 255 255 0 0 255 255
    255 0 0 0 255 13 255 193 180 0 255 255 255 0 0 255 255 96 0 0 97 255
    0 0 9 255 255 255 0 0 255 255 255 0 255 29 255 0 0 0 255 0 255 0 255
    0 0 223 0 101 0 0 0 255 255 0 255 0 36 0 0 94 0 0 255 255 61 255 140
    255 0 255 40 0 255 150 255 0 0 0 255 255 0 0 0 255 255 255 0 0 0 255
    255 255 213 255 0 5 0 0 255 231 255 210 255 84 18 255 0 0 0 186 255
    255 177 0 0 94 0 255 106 0 0 255 255 234 231 110 195 55 138 255 255
    255 255 206 77 0 184 0 35 255 0 255 255 255 255 255 0 240 0 0 0 184
    255 0 0 255 255 0 255 231 255 0 0 44 255 63 226 255 255 255 218 255
    0 0 255 0 255 255 255 96 0 0 255 255 0 0 0 255 0 255 51 0 0 255 255
    0 0 255 255 0 0 255 43 255 230 0 255 20 0 255 255 0 0 0 255 255 66
    255 0 255 0 79 36 255 0 9 0 0 162 0 0 86 0 255 0 255 0 175 0 255 0
    255 186 255 255 0 111 0 107 255 50 255 73 255 119 0 255 255 255 255
    255 221 0 0 0 0 255 0 255 255 255 0 121 0 255 0 255 255 255 74 225 0
    0 255 0 255 172 255 225 255 255 0 0 136 255 165 0 255 255 255 255
    255 255 255 255 255 255 0 255 255 82 255 166 255 0 0 255 255 255 0
    159 255 164 0 156 0 255 66 0 0 122 0 0 255 0 0 255 255 255 0 0 0 255
    255 0 255 0 0 0 0 255 0 56 237 0 255 94 255 255 0 0 0 226 140 0 0 0
    255 255 0 0 229 157 181 187 0 255 111 0 0 0 255 50 29 255 255 0 0
    255 0 0 0 0 0 13 255 0 0 255 255 0 255 242 255 0 255 255 202 144 255
    255 0 40 119 255 0 255 0 209 0 255 255 0 255 255 255 221 0 255 0 0
    255 255 255 0 0 39 255 255 255 255 0 255 0 255 105 0 0 255 0 150 255
    255 255 0 255 0 255 255 255 0 0 0 0 255 0 84 0 255 172 0 255 203 255
    0 0 255 255 255 255 97 0 255 0 0 255 193 0 0 86 255 255 255 0 255 0
    0 183 0 163 255 0 0 0 160 0 3 255 0 0 255 255 255 52 0 0 0 255 255
    41 0 255 255 255 0 0 255 255 48 255 0 0 0 255 0 255 0 0 255 0 255 0
    255 0 109 255 0 207 0 255 90 0 0 218 246 255 0 255 0 255 255 255 0
    255 0 0 0 255 0 255 0 255 255 0 0 0 202 255 0 81 0 255 0 173 255 183
    0 255 0 255 255 255 0 0 255 0 0 0 255 161 255 163 0 255 0 0 0 255
    255 255 156 0 0 0 37 255 255 255 0 255 255 255 0 255 114 102 0 14 0
    0 67 255 0 0 0 255 79 255 255 255 72 0 0 255 119 207 0 0 255 49 255
    255 0 0 255 217 0 108 255 0 0 186 255 0 100 63 15 223 0 255 174 255
    0 0 0 0 208 0 0 0 255 0 133 255 255 18 188 0 0 164 255 0 0 0 145 0 0
    255 244 255 43 255 0 111 255 0 82 144 255 0 0 0 255 0 255 49 255 255
    60 0 38 0 255 0 141 0 0 255 255 89 50 0 0 255 255 0 0 241 255 255 0
    58 0 103 255 0 255 0 241 255 255 255 0 255 255 255 0 57 255 255 0
    255 255 255 0 0 0 255 0 255 0 255 0 0 0 157 0 0 255 0 255 0 255 255
    255 0 0 255 255 255 0 0 255 34 0 0 255 0 255 0 143 0 0 255 255 255 0
    214 0 109 0 255 255 0 255 255 255 255 0 0 0 255 255 0 0 0 255 255
    255 0 255 255 255 255 0 0 0 0 0 0 0 255 142 0 0 255 0 114 255 255 0
    21 0 0 0 240 255 255 255 255 184 0 132 0 255 0 206 0 255 113 0 0 0
    255 255 220 255 90 0 0 0 255 255 255 0 255 0 255 255 255 0 85 255
    255 255 0 29 0 255 0 0 255 239 255 255 255 0 255 255 0 108 0 0 91
    255 144 217 255 255 255 0 0 0 0 82 255 0 113 0 255 0 48 0 255 0 255
    255 0 255 161 255 0 30 255 123 0 0 0 255 178 255 0 255 177 0 0 0 255
    255 255 0 0 0 255 255 255 154 0 255 0 174 112 255 255 0 255 62 255 0
    0 255 0 255 255 255 0 0 0 255 255 255 189 0 0 0 255 255 255 255 0
    255 0 255 0 255 0 132 0 204 255 114 197 54 202 255 226 151 0 0 0 0 0
    255 255 0 223 0 255 255 255 133 255 0 255 127 255 117 255 0 255 255
    255 0 0 0 255 0 255 255 212 255 0 54 255 105 255 0 255 0 255 0 0 255
    0 255 0 51 0 30 0 255 0 0 0 0 0 255 255 255 255 255 0 6 255 255 69 0
    255 0 0 0 255 255 255 255 0 0 255 255 255 255 0 0 141 0 167 255 0
    255 0 0 127 255 0 67 255 0 219 255 255 0 0 255 71 0 255 255 0 0 255
    255 173 255 0 255 0 255 255 255 0 255 147 0 255 255 0 255 255 255 0
    93 255 0 255 218 0 0 9 255 255 255 0 255 0 255 0 149 0 255 255 0 0 0
    255 0 255 0 255 0 148 245 0 0 0 255 0 255 0 255 0 255 0 0 255 0 255
    0 255 255 0 255 255 255 33 0 0 255 255 0 255 0 255 0 0 255 255 255
    255 0 169 249 0 107 0 0 0 0 167 31 255 75 255 0 0 255 0 255 0 255
    255 200 163 255 255 9 0 255 255 252 0 0 255 255 0 255 218 255 0 255
    103 255 0 0 0 84 255 255 0 0 255 255 0 255 152 255 0 0 255 255 0 0
    255 255 255 95 0 0 0 29 255 239 255 203 255 255 0 255 20 255 104 255
    255 189 0 255 0 78 255 255 255 0 255 0 0 0 122 255 0 45 255 126 255
    99 0 112 0 255 0 255 0 255 0 0 8 0 119 255 0 255 0 255 255 255 0 131
    0 0 0 0 255 255 0 0 0 255 255 255 255 94 255 0 0 255 255 0 0 255 255
    255 219 255 255 0 21 26 0 255 84 207 213 0 0 0 0 0 83 8 255 255 0
    255 0 255 0 183 175 255 255 0 255 0 255 139 255 0 136 0 255 0 255 0
    144 255 255 255 255 0 0 0 255 255 209 0 0 255 255 0 255 0 121 0 255
    0 0 0 255 255 0 63 255 51 255 0 0 255 202 255 0 0 255 255 255 0 61
    255 255 67 0 0 255 255 0 255 114 255 0 37 49 206 244 0 255 255 255 0
    0 0 255 68 0 0 255 159 44 255 255 202 255 255 0 255 255 132 0 255 0
    0 255 111 255 0 0 0 0 0 255 0 255 255 0 255 0 0 0 0 255 0 67 0 0 255
    0 0 255 228 0 0 0 138 42 73 255 255 251 0 128 0 139 255 255 0 0 60
    255 128 242 0 9 0 93 0 0 0 98 0 255 96 255 0 0 0 255 255 8 30 255 0
    84 143 255 255 255 121 137 0 68 233 93 67 255 0 196 0 255 207 0 255
    255 255 0 250 255 255 51 255 255 0 0 0 255 255 104 255 0 255 255 0 0
    0 255 255 24 0 255 0 255 0 255 0 255 0 0 0 255 0 0 0 0 255 255 0 255
    255 0 0 0 255 0 90 0 255 32 255 0 0 0 255 255 255 0 0 0 255 234 76 0
    0 255 255 0 0 66 74 255 255 0 141 255 255 0 255 255 0 0 0 0 0 187 0
    208 130 52 255 0 255 0 255 0 206 0 254 0 0 0 255 255 181 23 224 0
    255 0 35 0 255 255 255 255 38 0 0 14 0 255 0 199 255 0 219 0 255 255
    52 0 0 0 255 255 255 0 255 0 0 0 0 226 255 0 255 0 0 232 255 255 255
    0 0 0 255 227 14 217 255 185 255 0 0 70 0 255 0 0 255 255 92 0 0 255
    255 247 0 255 27 0 72 255 255 0 0 0 17 255 255 241 0 255 255 255 255
    0 0 0 255 255 255 0 0 0 72 255 177 0 135 0 0 0 255 255 255 55 0 0 75
    255 255 0 0 0 255 255 255 0 0 95 0 0 0 255 255 255 0 255 0 255 255
    255 130 0 255 255 255 255 0 255 255 60 0 203 255 0 255 0 255 0 178 0
    255 255 144 147 0 0 0 0 255 255 255 255 0 0 0 0 255 255 255 255 0 0
    0 255 0 255 0 0 255 255 255 0 255 255 133 0 0 0 0 0 177 51 255 68 0
    0 0 0 0 0 255 255 0 16 255 235 0 255 0 0 255 255 255 0 0 0 0 72 0
    255 79 255 0 255 237 255 201 0 0 255 0 255 255 255 231 88 0 147 222
    255 151 143 0 255 0 255 224 255 218 64 0 255 0 0 50 0 123 12 255 160
    0 255 0 0 0 255 255 0 0 0 255 255 255 255 0 255 255 0 0 101 255 255
    255 0 137 231 255 121 45 194 204 0 118 0 255 51 0 61 0 255 255 255
    98 0 0 255 255 255 0 0 0 164 255 0 255 255 0 190 255 231 0 255 0 255
    0 48 211 255 0 255 255 0 0 133 255 255 0 255 0 0 0 255 255 255 255 0
    255 0 255 0 255 0 0 0 255 255 255 12 0 165 255 255 0 0 255 255 255
    113 255 0 255 0 255 119 255 0 0 20 255 0 0 0 255 255 215 0 0 186 255
    132 0 255 0 255 0 0 255 206 255 0 255 203 0 0 0 255 255 255 255 244
    41 97 0 0 255 255 0 255 0 255 0 0 255 255 0 255 255 255 0 255 0 255
    255 255 160 0 0 255 0 0 0 255 255 0 0 255 255 68 0 0 255 0 0 255 102
    255 0 160 255 0 255 92 255 255 0 0 0 255 255 0 0 0 0 255 0 0 171 255
    255 255 0 161 0 33 255 12 255 0 0 0 228 199 255 247 0 255 212 47 0
    255 255 171 255 0 0 255 33 255 0 0 0 0 255 76 24 0 0 0 0 255 255 199
    255 255 255 34 0 0 0 0 0 255 255 0 120 190 255 255 255 255 0 0 0 0
    255 255 255 0 0 255 0 255 0 0 0 0 143 0 0 0 0 255 0 255 255 255 113
    187 220 0 118 0 0 255 255 255 0 0 189 255 0 255 0 255 0 255 216 255
    0 240 0 0 0 230 255 255 0 0 0 65 255 197 0 255 255 0 0 0 255 255 255
    0 0 255 255 187 0 0 0 255 255 255 0 0 0 255 240 255 255 255 26 0 18
    233 0 0 0 229 112 0 0 0 255 255 174 0 0 0 255 255 255 0 0 0 255 255
    250 0 110 255 255 255 255 99 0 255 45 255 255 255 201 95 255 92 0 0
    0 101 255 255 255 0 56 255 255 0 255 0 255 255 0 0 255 117 255 71
    215 0 92 198 0 0 255 255 0 255 255 79 0 255 0 0 0 114 0 39 255 255
    79 0 142 255 255 0 255 0 255 10 99 0 0 255 255 0 11 0 255 0 0 0 0
    255 0 255 0 255 0 0 0 255 255 255 0 113 5 0 255 0 255 255 255 255 0
    0 0 255 255 255 0 0 0 255 255 255 255 0 255 0 0 255 255 255 0 0 255
    255 96 255 56 255 0 255 0 0 0 0 255 0 255 0 255 0 255 0 0 255 255
    255 0 255 0 164 255 0 255 151 255 0 0 240 0 0 255 99 255 0 255 255
    255 0 0 0 255 255 255 255 0 0 0 255 255 255 0 0 71 255 255 0 0 0 0 0
    70 19 177 139 148 255 255 255 13 0 0 255 255 255 255 255 0 0 255 152
    255 0 35 3 0 255 255 255 0 0 156 255 0 255 255 224 255 0 0 255 255
    108 255 0 0 0 255 0 255 0 255 107 255 0 89 0 255 0 255 0 101 0 255
    255 255 0 224 0 255 0 255 255 168 255 0 0 0 255 0 0 0 255 255 255 0
    0 0 255 255 0 255 255 255 16 0 0 255 223 0 0 255 255 0 255 0 54 255
    255 255 0 255 83 59 0 0 158 255 255 255 38 255 32 255 11 0 255 0 0 0
    2 0 0 255 255 255 0 0 0 0 43 255 0 255 255 255 0 0 0 255 255 255 0 0
    255 255 0 0 0 255 255 255 92 0 0 255 168 255 255 0 0 255 230 104 0
    255 0 255 0 255 255 221 0 255 0 0 0 0 255 255 0 0 72 255 255 255 0
    255 0 208 0 0 0 255 0 0 0 255 255 255 255 77 0 255 255 255 70 18 0 0
    0 255 100 0 255 0 255 255 255 0 202 0 255 0 85 0 255 255 0 255 0 255
    98 255 0 0 0 84 255 255 12 177 255 0 0 173 0 0 255 231 255 0 255 0
    255 255 255 255 0 255 97 255 45 0 255 255 0 9 0 0 0 0 16 0 0 0 255
    255 255 0 0 204 56 255 0 255 255 255 0 0 255 255 0 150 255 0 0 0 122
    255 0 0 255 57 255 176 134 0 0 170 255 255 0 0 0 0 255 255 0 0 0 24
    255 47 107 255 255 26 0 0 0 255 255 0 0 255 0 255 26 0 11 0 255 255
    255 0 77 0 255 0 255 105 164 141 255 255 0 255 0 255 0 0 127 255 0 0
    0 161 0 0 255 255 255 16 0 255 227 125 255 255 15 255 255 109 0 0
    204 255 0 245 255 0 0 255 255 255 255 255 132 225 0 255 0 255 255
    255 0 58 255 255 0 0 0 255 0 255 0 255 255 255 255 255 255 141 112 0
    0 255 255 255 0 0 255 0 255 0 232 204 255 89 85 255 0 0 100 0 0 255
    0 255 255 255 0 0 0 255 0 0 0 236 0 255 255 255 0 255 255 255 158 0
    0 97 255 0 255 255 0 0 255 255 255 0 255 255 255 0 255 0 0 0 0 255 0
    255 141 255 0 0 0 0 0 38 218 255 255 0 0 0 0 255 0 255 255 0 0 0 4
    100 255 255 255 255 255 0 175 0 255 0 255 255 255 255 0 0 255 255 0
    0 0 0 0 255 0 255 255 255 0 255 255 0 0 53 69 255 75 255 255 91 0 61
    49 255 255 255 0 255 0 0 0 0 60 0 0 23 255 255 255 255 0 42 0 56 255
    255 177 67 149 0 0 0 255 255 255 0 0 255 255 255 23 0 255 0 0 0 255
    255 224 255 205 0 0 255 0 0 255 255 255 120 0 0 255 255 212 0 0 255
    255 255 0 0 0 0 0 255 0 255 0 0 255 183 0 0 0 18 255 255 255 255 255
    255 0 0 0 159 255 255 255 188 255 0 255 255 255 0 7 255 149 0 0 0
    255 255 255 0 206 0 0 255 55 0 0 0 255 173 255 255 0 0 215 255 140 0
    0 155 255 0 0 0 57 255 23 255 255 9 255 255 2 118 0 0 0 255 0 0 0 0
    255 220 51 0 255 11 255 0 0 255 0 255 0 0 1 0 99 255 0 99 0 255 255
    255 0 0 0 255 0 0 0 255 160 255 138 255 0 0 0 255 255 255 255 0 177
    0 0 255 134 255 0 176 255 0 0 30 171 255 0 0 0 0 0 255 255 255 23
    239 0 0 41 255 212 98 0 0 0 255 255 191 0 123 0 0 255 0 0 255 193
    222 0 0 255 255 0 255 0 255 211 0 212 255 255 255 118 0 20 196 255 0
    0 56 255 0 0 0 0 255 255 255 0 255 255 93 255 255 0 255 255 255 0 0
    255 0 255 255 0 255 21 148 0 0 255 138 0 255 255 0 0 13 255 255 255
    255 251 75 0 255 0 255 0 187 150 255 0 226 0 255 255 0 255 0 255 0
    255 0 255 0 255 0 0 0 255 255 255 255 255 175 239 255 0 0 57 0 234
    253 0 255 255 0 163 255 255 246 0 255 23 0 0 140 255 123 77 255 255
    255 219 0 0 0 255 255 0 0 18 0 142 177 255 255 45 0 255 255 0 255 0
    255 255 7 0 164 50 255 255 23 0 255 0 0 0 196 0 255 255 255 255 0
    255 0 255 72 255 102 10 255 0 255 0 0 255 107 255 255 0 0 30 255 0
    234 255 0 1 0 255 0 208 142 0 255 255 255 0 0 0 255 255 46 61 225
    255 246 75 0 0 255 255 0 0 0 255 255 255 38 0 255 0 0 0 33 255 0 255
    255 255 255 0 0 0 0 191 0 0 0 168 156 45 0 0 255 255 107 2 0 255 0 0
    255 255 255 0 0 0 0 255 255 255 255 0 255 255 242 0 131 255 255 0
    255 0 0 12 0 129 0 0 0 255 0 0 0 255 0 255 255 198 255 255 255 255 0
    255 255 126 0 255 0 0 90 255 255 0 92 0 235 25 255 162 255 255 255 0
    0 255 255 0 255 0 0 33 0 255 255 255 0 0 255 255 255 0 7 4 10 255 66
    255 234 0 0 255 0 255 0 0 255 0 0 0 0 255 0 28 0 255 0 255 0 48 0
    255 112 216 0 255 255 255 209 255 0 0 255 255 0 0 0 255 0 0 203 255
    255 255 0 106 255 0 255 0 0 0 33 255 255 0 0 0 255 247 255 38 0 255
    0 0 255 255 255 255 0 15 255 255 255 255 255 255 0 255 255 255 0 0 0
    255 255 0 255 0 255 0 206 0 255 0 255 0 0 0 255 0 255 0 0 244 255
    163 255 255 255 0 0 255 255 255 255 7 255 0 0 0 185 46 255 255 255 0
    74 0 0 238 255 255 36 0 0 155 143 255 255 0 255 0 255 231 255 139 0
    0 255 255 210 0 255 255 255 134 0 0 0 255 0 86 0 255 255 255 0 93 0
    0 255 255 72 0 180 0 0 128 255 255 255 0 255 255 255 0 255 0 255 0 0
    0 255 0 26 0 177 255 0 0 0 176 255 0 0 0 255 255 0 25 128 0 255 0
    189 0 255 255 0 219 0 111 255 255 0 255 250 0 242 34 255 255 233 0
    162 0 0 70 255 0 197 255 226 0 96 255 255 255 0 255 255 0 0 255 255
    0 0 0 0 3 0 120 255 255 255 0 0 92 255 255 0 0 255 255 255 0 205 255
    0 0 0 255 0 138 0 255 0 214 54 255 0 255 255 0 255 77 0 0 0 255 255
    255 255 0 0 148 255 39 255 255 255 251 135 41 0 0 0 240 56 255 255
    103 0 255 0 255 230 0 255 41 0 0 255 0 255 255 0 0 0 255 255 255 255
    0 255 72 157 255 0 255 0 0 0 255 0 255 255 255 0 0 0 0 0 255 144 255
    255 0 155 0 0 0 154 202 255 0 52 255 255 255 255 28 255 0 255 0 111
    171 255 88 0 0 0 255 186 0 0 255 198 255 0 81 13 255 255 255 0 0 255
    255 0 255 255 255 0 255 0 67 255 255 0 12 0 255 0 0 255 255 255 0
    255 0 0 0 180 255 0 76 132 0 255 0 255 72 133 255 0 255 213 255 255
    33 0 0 0 255 0 0 0 255 255 0 0 0 0 255 39 255 129 255 255 0 0 255 0
    105 141 255 255 255 0 0 0 255 0 199 0 38 0 255 255 0 0 255 255 0 255
    0 255 0 255 236 0 0 2 0 255 0 255 255 255 0 255 0 255 255 255 0 0 0
    25 255 0 87 255 255 0 232 0 255 0 25 94 255 0 213 255 120 61 0 226
    76 0 26 0 0 0 255 171 255 0 110 0 0 255 2 0 0 0 255 255 255 255 232
    0 255 38 255 0 128 255 0 0 205 255 25 0 75 0 255 255 255 0 21 181
    255 255 0 84 0 174 0 0 91 255 255 0 0 0 255 113 0 0 255 176 255 0 0
    0 45 255 255 159 0 0 255 0 255 0 0 0 90 177 255 14 255 0 255 0 255 0
    255 255 255 0 0 217 255 255 255 0 0 0 255 209 255 0 182 255 135 255
    0 255 255 0 162 0 255 255 172 162 202 0 0 247 255 255 255 0 0 98 255
    255 255 255 255 0 0 0 255 255 172 0 0 223 0 0 255 255 255 0 255 0
    172 0 0 0 0 71 255 0 255 255 255 255 0 255 255 255 0 255 0 0 0 0 0
    255 0 0 0 0 0 255 0 125 91 0 180 255 0 255 0 0 0 0 0 203 82 193 0
    255 223 255 255 0 0 206 255 255 215 0 0 255 255 255 0 0 0 0 0 0 0
    255 147 0 230 255 56 255 0 0 23 255 255 0 0 255 255 255 159 255 0 96
    67 255 255 0 0 0 255 244 0 0 233 198 216 0 255 93 255 255 255 0 241
    201 255 255 130 0 0 255 0 255 255 14 0 255 255 255 0 60 255 255 134
    102 0 0 0 255 116 255 0 0 0 0 255 102 0 255 255 255 62 0 225 0 0 0 0
    255 251 124 0 255 255 255 0 0 255 255 255 255 255 0 0 0 0 255 174
    183 255 255 234 0 76 0 0 0 0 255 0 0 0 255 255 255 255 0 255 255 255
    0 0 0 255 0 255 0 255 0 140 0 255 255 0 0 0 255 255 255 0 255 0 0 0
    255 55 0 138 255 255 0 0 0 255 51 0 0 0 255 255 255 255 255 0 255 52
    0 0 157 255 218 0 0 193 255 255 255 0 255 0 194 255 255 255 67 0 0
    255 255 255 0 0 104 0 255 0 0 255 0 255 0 255 0 255 0 0 0 194 0 27 0
    255 0 255 0 0 0 255 255 255 0 0 255 0 255 255 0 106 0 0 0 255 255
    255 255 0 0 0 0 255 255 255 255 193 0 39 255 255 0 0 0 190 11 30 255
    0 94 0 130 0 255 0 0 0 8 255 0 255 0 255 0 74 0 137 0 255 255 255 99
    155 255 0 0 0 255 255 0 255 0 255 0 255 0 127 96 0 255 0 255 0 0 0
    255 255 233 0 0 0 0 0 255 255 255 255 255 255 0 219 0 0 255 113 126
    0 255 255 0 0 255 255 255 0 0 0 255 255 36 0 0 0 255 255 121 0 181 0
    0 0 255 255 98 0 52 0 65 145 255 0 0 0 166 0 255 255 0 255 0 0 255 0
    255 0 255 255 0 0 255 255 0 255 0 255 0 23 0 255 0 255 136 95 255 0
    255 255 255 0 0 255 255 255 0 0 0 0 108 0 187 255 0 255 0 255 0 0 79
    255 255 0 255 0 255 0 0 255 255 210 0 0 0 0 255 151 0 0 142 0 255
    255 138 255 255 0 0 0 255 0 255 31 0 255 0 0 11 0 255 255 255 255 0
    255 0 0 220 255 254 255 0 41 0 255 255 255 0 0 0 151 0 0 255 0 255 0
    93 255 255 255 183 19 0 255 0 0 255 255 0 0 0 119 0 150 255 0 255 0
    0 0 0 223 0 255 255 26 0 0 255 255 0 158 255 255 255 0 0 255 255 255
    0 255 94 0 0 192 255 0 43 119 0 235 255 255 255 0 0 255 0 58 0 0 0
    235 255 255 0 0 255 255 255 0 194 26 153 0 0 0 235 0 75 0 255 255
    255 0 0 140 0 255 255 255 0 0 0 0 255 0 255 255 255 0 0 66 255 255 0
    0 0 255 255 255 255 243 22 78 255 255 255 0 0 0 255 255 255 0 255 0
    255 0 255 255 183 255 255 0 255 181 255 0 149 0 255 0 0 0 245 255
    255 0 0 54 255 255 178 0 255 0 255 0 92 255 0 0 81 35 192 0 255 255
    169 255 8 255 0 255 234 0 0 0 255 195 205 0 0 0 106 255 255 43 255 0
    0 255 36 255 0 255 0 255 0 0 0 0 255 255 255 255 0 0 0 0 255 0 255
    255 255 216 0 0 206 0 0 255 255 255 57 255 255 255 255 255 240 255
    255 255 29 117 255 0 0 0 0 255 255 255 0 255 0 145 47 181 0 0 72 0 0
    255 255 255 81 0 0 255 189 124 255 65 255 0 0 255 0 255 0 255 255 87
    255 0 0 0 0 255 255 255 255 255 255 5 0 0 255 255 255 0 0 255 255
    255 255 0 0 0 255 217 255 0 255 77 180 255 255 255 0 0 26 255 144 85
    0 0 0 255 0 255 0 0 0 66 255 255 0 0 0 255 255 255 0 0 0 199 255 103
    255 0 255 255 0 255 0 0 0 0 255 255 255 0 0 255 204 41 255 255 152 0
    166 0 0 224 255 0 0 0 255 255 47 0 0 0 255 199 255 255 255 255 255
    255 255 215 0 255 0 255 43 202 255 0 0 0 255 255 255 255 80 21 255
    255 126 0 255 255 255 0 0 255 0 255 255 255 0 255 224 255 255 0 0 0
    255 0 255 0 255 76 255 115 214 0 0 0 255 0 0 0 105 255 0 6 255 0 0
    55 0 119 0 255 0 0 0 255 0 0 255 255 127 0 0 255 255 204 0 255 255 0
    226 255 112 255 255 255 255 255 105 255 9 255 255 255 0 0 255 255
    237 0 255 0 139 22 159 0 0 0 255 255 255 255 0 0 255 0 255 0 255 0
    255 0 255 100 0 0 255 0 255 255 0 0 0 104 0 162 255 14 255 0 197 0 0
    255 255 255 255 9 255 0 250 14 0 0 12 255 126 11 0 23 255 0 255 0
    255 0 33 0 255 255 255 0 130 121 255 0 255 0 73 0 255 0 255 0 54 0
    147 132 255 255 0 0 0 255 255 255 0 216 184 255 150 0 0 0 255 118
    255 255 255 255 0 0 0 255 255 122 0 47 255 255 255 255 0 0 89 255
    255 255 92 183 255 188 180 255 156 255 0 255 255 212 0 255 232 255 0
    252 0 0 35 255 255 0 255 0 255 210 244 255 255 120 0 0 255 255 0 0 0
    0 255 255 255 0 0 0 0 0 218 255 0 255 0 0 0 255 255 255 0 255 0 0
    232 255 117 255 188 0 255 0 255 29 255 0 0 255 0 0 0 255 0 255 0 255
    0 255 103 0 0 255 212 255 255 255 0 110 0 255 53 0 0 255 255 255 0 0
    0 255 47 0 150 255 255 255 0 255 255 255 113 0 156 255 241 113 0 0 0
    0 54 255 255 0 0 98 0 255 255 0 0 30 143 255 255 0 0 0 223 255 255 0
    255 0 0 0 0 255 0 255 131 255 0 255 0 255 0 251 247 0 244 0 101 59
    84 255 0 0 0 255 255 255 0 0 0 165 255 0 54 0 255 255 255 0 58 255 0
    82 0 0 255 0 0 255 255 255 0 255 255 255 255 255 0 255 104 255 0 0
    255 0 255 255 0 116 220 255 255 255 0 0 73 255 0 0 0 169 255 255 255
    0 255 60 255 0 255 255 0 0 255 0 223 0 255 255 255 152 0 117 0 0 0 0
    255 255 0 0 11 255 255 255 255 0 255 0 255 0 248 0 255 182 255 0 0 0
    0 255 0 255 255 255 0 172 255 0 255 0 0 0 131 255 0 108 0 255 0 255
    255 255 0 0 0 109 0 255 0 255 0 255 0 255 0 255 0 0 0 255 255 0 0 0
    255 255 255 0 0 0 255 255 130 0 132 0 255 0 255 0 255 255 0 255 82
    238 0 0 255 0 255 254 255 121 255 255 125 2 0 0 0 110 0 255 85 182 0
    247 0 0 255 108 108 179 255 0 0 0 255 182 255 117 0 255 219 0 0 0
    255 255 87 255 255 0 160 133 97 255 255 0 0 0 173 0 255 0 47 0 0 255
    80 255 255 0 255 0 0 47 167 255 0 255 0 255 255 255 0 0 0 255 0 51 0
    255 0 0 0 0 0 0 255 166 0 255 25 89 110 0 0 0 255 219 43 0 0 255 255
    255 0 80 255 0 255 0 255 0 255 0 255 255 22 255 0 0 255 255 255 255
    0 0 0 255 255 0 24 255 0 0 0 255 0 0 0 255 255 255 255 0 0 255 0 255
    255 46 255 192 0 190 0 255 255 255 0 0 0 255 255 255 157 182 0 255
    255 255 255 255 0 0 0 69 255 48 17 0 0 0 0 255 0 188 0 0 0 0 255 255
    78 42 242 0 0 0 99 0 198 255 144 100 0 0 0 19 255 183 0 0 27 255 255
    255 0 255 92 255 255 255 124 255 255 255 9 0 0 194 14 0 255 0 255 0
    0 127 255 153 255 255 255 0 255 0 255 255 255 0 18 0 255 255 255 0
    43 0 0 0 0 255 255 255 114 60 0 0 255 0 0 236 255 0 106 195 255 255
    0 13 0 0 0 255 160 0 0 255 225 255 255 0 0 0 98 255 96 255 255 255
    255 0 0 0 0 2 0 255 0 114 97 255 255 255 255 255 0 255 0 255 0 255 6
    111 0 255 0 255 161 75 255 0 0 255 255 255 0 0 255 109 116 27 255 0
    255 62 0 255 0 255 0 128 255 255 0 0 255 255 255 87 117 0 104 0 0
    255 255 255 255 132 105 0 255 255 255 0 0 0 255 255 255 0 0 0 0 255
    255 28 0 0 0 253 255 255 0 255 0 247 0 35 58 0 115 197 255 223 253 0
    255 255 132 0 38 72 114 255 0 255 232 57 0 137 255 0 255 0 211 0 0
    255 255 255 0 255 0 255 0 255 253 255 0 255 0 255 0 0 0 40 255 255
    255 0 255 255 21 255 0 98 220 0 0 0 203 255 255 255 255 0 0 0 20 0 0
    0 255 0 255 165 0 195 0 255 0 0 255 255 0 0 255 255 48 0 0 255 0 255
    255 255 255 0 255 255 49 255 0 124 0 82 197 0 114 0 0 123 37 128 255
    0 255 0 0 0 34 255 255 0 0 25 0 0 255 47 255 0 255 255 104 255 255
    130 0 0 255 255 255 0 0 255 255 255 255 0 18 0 253 255 0 0 0 255 255
    226 255 255 0 255 255 0 0 0 255 255 255 0 255 0 24 255 255 255 255 0
    0 0 255 255 64 0 104 156 255 255 224 0 0 255 255 246 0 120 255 255 0
    0 0 0 83 255 0 0 255 46 0 0 255 124 255 202 255 255 196 0 255 25 0
    255 0 255 0 222 0 146 121 16 255 8 0 255 255 40 255 255 0 0 219 255
    0 0 255 69 0 0 0 131 255 146 0 255 99 189 0 255 0 0 0 0 255 0 255
    255 255 0 0 0 0 0 255 0 0 0 255 0 0 255 255 255 255 0 0 255 0 221
    255 0 255 255 0 0 0 59 0 255 0 255 255 255 0 0 255 255 120 255 0 0
    255 255 255 169 0 0 255 26 255 0 0 0 73 255 71 0 255 149 0 0 255 255
    255 177 0 255 255 255 255 0 255 0 0 0 0 255 0 201 0 255 120 255 255
    0 0 255 255 255 0 0 5 0 255 0 255 211 161 64 225 255 146 0 0 0 0 0
    181 228 255 255 255 0 0 0 247 255 152 255 0 0 255 0 255 255 255 255
    80 50 0 0 255 0 255 255 0 184 0 255 255 255 255 255 99 0 0 0 255 255
    0 0 255 255 255 0 0 255 191 0 0 255 255 39 0 0 255 255 0 149 0 255 0
    0 255 219 255 255 131 255 0 0 0 255 255 0 50 255 255 0 255 255 0 255
    0 255 255 255 92 74 0 0 0 255 255 255 255 0 94 255 0 0 127 211 255
    229 0 0 255 255 255 89 0 63 0 255 0 0 42 255 255 15 0 255 0 144 0
    255 0 255 0 0 0 113 255 255 0 255 255 255 0 0 0 255 255 183 105 0 0
    0 0 255 255 0 0 223 0 0 255 255 255 255 57 0 0 0 255 0 255 0 0 255
    255 255 255 0 255 0 255 0 48 0 240 255 0 255 255 0 0 0 255 255 255 0
    0 0 193 0 131 0 255 255 255 255 0 255 0 0 255 145 255 0 0 255 255 0
    255 0 255 255 255 182 255 14 255 255 80 255 0 107 0 153 0 255 255
    220 58 255 3 0 0 60 102 255 227 255 255 255 0 255 163 0 211 255 255
    0 255 0 213 255 255 108 0 0 168 0 0 255 0 1 255 0 0 0 255 255 255 88
    101 0 255 0 0 55 255 0 143 0 255 134 255 66 255 0 0 62 0 21 0 152
    255 0 0 0 213 255 0 0 0 255 255 0 255 0 0 0 0 255 0 0 0 255 234 255
    0 255 0 255 0 68 0 23 255 0 255 176 128 69 0 0 255 120 59 0 255 0 0
    43 0 255 0 255 0 255 0 191 0 255 0 179 0 0 0 0 0 255 0 255 0 255 16
    255 255 0 255 0 255 157 94 150 0 255 255 255 0 0 130 255 255 0 83 0
    160 200 2 255 255 0 0 0 255 255 255 0 227 255 255 75 190 255 0 0 255
    0 255 255 0 0 0 81 98 71 0 237 0 250 0 255 0 255 255 255 255 0 27
    181 0 0 0 255 255 255 255 255 0 0 0 0 0 0 255 246 255 252 0 0 0 0
    255 255 0 0 0 249 111 255 255 0 0 255 0 243 255 0 0 0 0 255 255 0
    255 0 231 167 0 255 97 0 255 112 136 0 0 255 255 255 0 255 0 0 255
    42 255 255 0 207 255 255 0 0 198 255 0 255 0 82 0 255 171 255 0 0
    255 255 9 255 0 255 0 255 0 127 0 0 0 58 255 255 0 255 255 255 0 0
    82 255 0 255 0 115 255 0 0 69 255 255 0 0 0 255 0 255 255 0 0 0 255
    255 91 255 0 255 0 79 229 0 45 0 0 220 0 137 255 255 255 255 0 0 0
    255 255 255 77 0 255 0 255 242 255 255 77 255 0 0 0 255 255 0 0 139
    83 255 255 255 0 2 61 168 0 255 255 255 173 255 255 0 0 0 0 255 0
    255 0 97 66 255 255 255 255 0 0 255 255 0 0 218 255 255 255 0 255 34
    255 0 255 255 0 255 255 255 0 255 255 255 109 71 255 255 255 0 255 0
    255 255 255 0 255 0 255 0 255 255 255 0 0 255 0 0 255 0 255 175 9
    255 255 0 0 0 255 255 0 0 255 98 255 1 0 150 0 0 255 255 0 248 0 255
    0 255 107 7 0 0 255 0 255 0 255 0 13 0 0 255 255 0 0 0 255 0 255 255
    67 255 0 149 0 0 0 0 255 49 0 255 255 124 0 0 255 255 0 0 4 255 255
    255 255 0 0 0 255 0 0 27 255 255 0 255 0 120 255 255 0 0 255 0 0 0
    255 104 255 14 255 255 255 83 255 0 255 0 0 0 28 0 255 203 255 0 147
    0 255 152 255 0 0 0 94 0 255 0 159 255 0 0 0 255 255 255 224 255 0 0
    0 255 157 85 0 111 0 0 0 255 255 255 255 95 0 255 255 255 0 0 146
    255 255 0 0 0 255 255 255 84 255 0 255 255 0 255 0 255 255 255 255 0
    0 71 255 20 255 0 255 0 255 0 255 0 0 255 255 72 0 255 0 0 55 216
    255 255 255 255 255 255 0 0 0 0 255 255 255 0 0 8 255 255 255 212
    255 0 255 255 0 154 0 255 28 0 255 0 0 0 255 255 0 255 0 255 255 255
    0 0 255 0 255 0 255 0 255 0 0 0 0 0 75 0 255 255 39 156 255 0 96 0
    255 255 255 0 255 0 26 0 128 20 0 0 0 0 255 255 0 164 0 220 252 0 0
    255 255 255 0 0 169 255 255 0 0 0 255 0 255 0 255 254 255 0 0 255
    107 0 0 255 26 0 112 3 255 0 0 0 255 32 0 255 0 0 0 255 0 255 0 51
    48 255 255 0 255 0 255 0 255 0 98 0 255 53 0 76 179 0 255 0 255 121
    255 210 255 0 0 0 0 0 255 0 255 255 255 71 255 0 170 0 255 9 0 0 0
    255 255 255 255 0 255 186 0 0 255 0 255 0 255 0 0 255 255 255 0 235
    255 0 0 255 0 255 0 191 255 0 26 0 251 255 255 0 26 0 11 0 0 76 255
    234 255 0 0 0 48 255 0 0 255 255 255 255 208 0 0 255 225 255 0 0 255
    0 119 255 0 255 0 255 173 255 0 255 0 0 0 156 30 255 0 73 135 255 0
    255 0 0 0 0 255 255 0 255 0 255 134 0 0 0 0 4 0 230 0 0 0 126 255
    255 255 217 0 255 255 47 0 0 255 0 255 0 0 0 22 255 255 255 255 255
    0 255 0 0 0 0 255 255 255 255 0 79 186 209 255 98 255 255 0 255 0
    255 207 255 58 107 0 0 255 255 255 255 0 0 18 255 255 115 255 0 0
    255 0 0 0 237 0 255 0 255 146 0 201 0 255 0 0 255 71 183 255 255 0 0
    0 0 255 255 255 0 0 0 0 255 255 0 0 0 255 255 0 123 255 167 11 0 0 0
    255 0 255 25 255 255 255 182 0 0 255 247 237 0 0 0 240 255 0 116 91
    0 255 0 255 0 0 255 255 255 255 255 0 0 255 255 0 255 0 255 255 255
    0 181 255 28 255 255 255 0 0 255 205 0 0 0 10 0 0 255 255 255 110
    157 255 131 0 0 59 255 255 0 255 0 255 0 2 0 0 0 243 255 0 255 12
    255 0 255 0 255 122 255 0 0 0 25 0 0 0 255 0 0 0 255 255 0 221 255
    255 63 0 93 255 0 77 0 255 255 255 255 0 0 0 255 0 0 0 76 81 255 0 0
    0 255 255 255 26 0 0 0 247 0 0 255 0 167 0 255 0 84 255 58 12 49 255
    0 0 0 255 3 255 0 0 107 255 0 246 0 255 255 0 255 140 255 0 255 0 0
    0 0 255 255 255 255 35 0 0 0 0 255 255 192 187 255 255 255 142 0 0
    255 0 107 0 255 255 255 46 0 255 70 0 0 0 0 0 0 255 94 0 0 255 255
    255 0 255 171 255 255 0 0 0 255 255 255 0 0 0 0 0 255 255 255 0 0
    223 0 255 255 255 255 255 255 0 255 255 255 0 255 255 255 0 0 0 0
    255 255 255 0 0 0 0 255 249 255 0 255 0 0 255 183 95 255 0 255 59
    255 255 255 0 255 0 255 97 178 255 176 0 0 0 0 80 0 255 23 255 0 0 0
    70 255 255 27 255 21 255 0 0 0 235 255 0 0 255 195 255 32 84 255 0 0
    183 115 0 49 0 255 0 255 0 0 0 0 230 255 0 0 89 245 51 255 97 255 0
    0 0 0 0 255 255 255 255 0 0 255 47 115 0 0 198 0 217 0 0 255 42 255
    255 54 0 0 0 255 173 255 218 255 0 255 0 255 0 255 0 0 255 0 0 255
    255 5 188 255 0 0 39 0 255 0 0 0 255 255 255 255 0 0 0 255 255 0 0
    255 255 255 0 255 0 0 229 0 255 255 255 255 0 0 136 255 255 255 233
    0 0 0 255 255 255 255 0 0 78 191 255 255 0 0 255 0 0 255 255 255 255
    0 255 0 159 28 255 0 255 255 255 0 255 255 255 0 75 255 255 255 0
    255 0 0 0 255 255 255 0 0 18 0 255 169 255 238 255 0 255 0 255 0 14
    0 255 36 188 0 255 128 255 0 255 96 252 0 24 255 0 120 0 255 255 0 0
    255 255 255 255 0 255 255 255 0 0 255 255 93 0 255 0 231 0 0 255 0 2
    0 0 255 255 101 0 163 255 255 214 0 255 255 255 0 0 245 255 0 138
    255 255 8 255 255 255 0 0 255 255 255 0 0 95 0 255 0 255 240 133 0 0
    0 0 255 0 0 255 255 0 255 0 255 68 7 230 71 255 0 255 0 255 0 0 52 0
    0 0 255 255 222 202 255 0 4 0 255 0 0 0 255 174 0 255 255 255 0 64 0
    0 255 255 119 0 0 0 0 255 0 255 255 255 255 108 0 0 255 255 255 0 0
    125 255 255 0 255 0 255 255 226 255 255 255 0 0 46 255 0 0 80 255 0
    0 0 255 0 255 0 255 0 255 235 0 0 39 0 58 36 133 255 73 0 0 255 19
    111 0 216 0 16 207 0 0 255 0 255 0 0 0 0 163 255 0 143 255 0 0 0 215
    255 255 255 31 0 0 255 162 255 0 0 255 0 255 255 255 0 255 0 255 255
    255 0 0 0 0 0 255 0 255 0 0 190 255 43 255 0 0 0 97 104 0 0 0 255
    255 255 176 127 0 0 152 255 255 242 255 255 219 255 34 0 0 0 255 0
    155 255 83 255 255 255 0 255 79 255 0 21 0 255 219 0 0 255 145 0 0
    255 255 177 255 81 255 0 255 255 255 5 0 255 0 0 255 0 255 0 106 0
    197 197 255 0 0 0 229 255 255 0 67 0 128 0 0 255 255 0 0 255 0 160 0
    255 70 0 255 255 255 0 255 0 255 0 255 0 61 255 0 255 255 255 0 0
    255 0 255 0 255 255 255 0 15 255 255 0 0 0 255 0 0 144 255 255 0 255
    0 255 255 145 255 0 0 255 255 0 0 255 255 255 0 0 255 0 255 27 255 0
    255 255 255 0 0 0 0 255 0 255 0 255 0 224 35 0 0 0 255 0 255 0 255
    255 255 128 125 0 0 0 255 0 255 0 0 255 37 0 0 0 0 0 255 0 0 255 13
    255 137 0 255 0 255 0 255 255 0 255 0 255 0 99 245 255 255 255 0 255
    255 255 255 0 0 255 255 255 255 0 194 0 255 255 255 255 0 183 0 255
    0 255 0 255 255 0 0 46 0 124 0 204 255 0 0 0 111 0 106 64 255 27 255
    0 206 160 48 0 0 255 255 0 211 255 0 69 0 255 0 255 0 250 0 255 176
    255 185 0 177 0 255 0 255 255 0 0 0 148 255 0 0 0 255 199 255 169 0
    0 255 0 255 0 139 0 255 255 255 69 255 255 0 0 0 80 0 255 0 255 0 0
    0 0 0 0 172 255 255 255 248 0 0 255 255 161 0 203 0 0 102 0 255 255
    255 255 181 0 255 255 0 0 0 155 0 161 0 215 170 173 238 255 255 255
    0 0 255 255 0 255 255 255 0 212 0 255 255 255 228 0 0 255 255 0 255
    255 0 0 255 255 255 255 255 0 251 0 0 255 255 0 138 49 255 0 0 0 0 0
    0 255 255 255 77 69 255 255 164 245 0 255 0 82 0 255 218 16 53 234
    236 22 172 255 0 0 0 244 255 0 0 0 255 255 230 255 0 255 0 225 0 255
    0 255 255 0 93 0 0 255 255 158 0 61 255 255 255 255 0 0 0 0 0 255
    255 90 255 255 255 0 0 86 255 0 0 255 255 255 0 0 255 0 255 255 255
    255 0 113 255 0 255 0 0 0 255 0 255 0 255 0 255 255 0 0 0 255 255
    255 146 0 215 196 255 0 0 64 255 255 46 0 255 0 0 255 0 157 0 0 255
    0 0 0 255 255 179 0 255 255 0 0 135 255 0 0 75 255 255 255 255 0 0 0
    255 0 0 0 110 255 255 0 255 255 243 123 255 0 255 53 255 255 0 49
    255 255 0 0 255 0 0 255 0 71 0 0 0 41 255 0 255 255 255 0 255 218 54
    169 0 255 255 4 133 0 255 0 255 255 255 255 0 0 0 0 255 0 255 0 0
    217 255 0 0 0 0 11 255 255 255 198 255 0 0 0 0 0 0 255 255 90 0 0
    255 7 255 0 255 255 255 0 255 0 255 0 0 255 255 255 0 0 199 0 255
    255 209 0 255 255 6 0 255 20 255 0 0 0 255 255 255 0 94 0 255 0 255
    0 0 190 0 255 129 255 255 255 0 255 0 0 255 255 255 65 255 0 255 255
    255 97 255 0 255 0 144 0 0 58 255 255 255 83 255 255 0 0 0 198 255 0
    0 0 0 255 0 255 0 255 141 255 0 255 0 185 0 0 183 200 0 0 0 255 100
    152 108 255 255 137 0 255 0 0 255 255 0 69 0 0 0 255 0 0 255 0 168
    151 255 255 0 0 176 255 0 0 195 0 0 255 24 255 255 0 0 152 191 0 255
    255 255 0 0 0 0 0 255 255 0 10 27 255 0 0 0 255 83 36 0 255 0 255
    255 255 0 0 0 255 203 0 255 255 255 106 0 18 223 255 0 0 54 0 255 9
    255 54 0 0 0 0 0 0 255 0 255 0 255 75 22 0 255 0 0 0 255 255 0 255 0
    206 255 238 24 255 0 0 0 255 0 255 255 255 0 0 0 255 180 255 0 255
    113 0 0 255 7 0 0 255 0 0 243 3 0 255 0 98 255 61 255 184 255 0 0 0
    255 255 82 255 255 255 0 0 255 255 140 0 0 95 150 255 255 0 255 0
    255 0 255 0 0 0 0 255 255 167 73 255 0 255 0 255 0 0 0 0 255 215 255
    0 255 207 0 0 255 255 0 255 0 255 0 255 255 77 0 139 255 0 255 0 0 0
    0 94 0 0 0 0 255 0 255 255 224 216 245 255 255 0 255 167 255 0 255
    255 247 129 0 0 0 125 0 0 255 255 255 255 255 255 255 0 0 255 0 253
    194 0 212 155 172 168 0 228 255 255 255 0 136 27 59 0 255 255 255 40
    126 217 217 0 0 157 0 0 255 194 255 255 0 0 255 203 255 0 247 255
    134 0 0 135 255 255 168 0 104 255 240 0 0 100 255 0 255 255 0 0 255
    36 255 0 255 255 255 255 0 241 0 255 0 255 0 255 255 255 251 0 255
    43 0 255 255 105 103 0 255 0 255 0 194 0 255 0 255 0 255 0 255 0 255
    206 0 255 255 255 209 255 0 0 0 255 0 255 0 0 100 255 104 0 0 255
    255 255 0 0 0 255 255 255 0 0 0 255 64 0 0 0 255 255 255 255 255 0 0
    0 234 255 255 255 255 0 16 223 255 0 0 6 255 255 59 0 0 0 255 255
    255 0 0 0 162 138 255 10 255 255 0 0 255 255 0 51 255 255 0 14 31
    186 255 255 255 255 0 0 255 255 59 3 255 21 255 0 255 0 0 0 124 0
    255 255 255 255 255 0 71 0 255 255 0 255 255 6 0 0 255 162 255 255
    255 0 158 0 255 0 66 255 255 219 0 0 255 0 255 117 0 255 0 255 0 167
    0 161 255 8 114 0 255 0 255 119 114 0 255 43 32 0 229 255 223 255
    171 255 0 0 255 80 255 255 0 255 255 255 255 255 255 255 0 0 0 0 217
    255 255 42 255 0 202 0 84 0 255 255 180 255 0 255 0 255 134 255 0 0
    255 254 255 0 255 0 255 0 0 255 0 0 255 255 255 255 0 255 0 255 0
    116 65 255 255 0 0 0 0 0 40 255 255 4 255 0 56 0 0 241 177 0 0 0 255
    0 255 0 255 0 255 255 255 0 139 255 255 255 0 0 0 255 110 0 0 0 255
    0 255 0 0 0 255 255 186 255 255 255 0 140 0 255 0 0 255 214 0 0 0
    255 255 0 255 0 255 0 255 167 0 0 255 255 139 0 255 255 0 255 0 237
    0 255 255 255 0 255 0 0 147 255 255 255 0 0 0 0 167 0 255 231 118
    255 0 0 28 0 0 255 255 255 255 0 255 0 0 0 56 255 255 255 255 0 0 0
    0 0 88 25 0 122 0 197 255 255 255 255 0 222 185 68 216 0 0 0 177 0
    255 255 255 0 28 0 255 255 0 0 255 0 0 255 0 255 255 0 0 255 255 255
    0 255 0 255 255 0 0 0 255 255 162 0 0 255 0 255 0 0 255 246 39 0 0 0
    255 204 252 255 0 151 187 0 0 0 255 67 81 240 0 255 255 0 255 0 202
    0 0 0 255 208 255 108 255 0 255 0 254 0 255 166 255 0 0 255 255 0
    255 169 0 0 255 255 255 255 255 0 111 0 255 0 255 0 255 255 0 25 193
    255 0 255 85 0 0 255 255 174 117 215 255 0 255 0 255 0 0 0 255 0 255
    0 0 0 65 63 124 0 255 255 0 255 255 255 0 115 111 255 0 137 0 255
    255 255 255 255 0 255 0 255 100 248 0 0 255 168 255 0 255 255 255 0
    255 0 255 0 0 255 0 255 169 143 106 70 255 255 0 141 0 255 255 255 0
    255 255 0 255 128 0 0 0 46 255 255 255 0 0 255 255 255 0 0 255 255 0
    0 126 246 255 108 0 0 255 234 255 19 214 0 45 0 255 255 255 0 255
    255 255 0 0 0 35 255 255 0 0 0 0 21 255 255 0 3 0 217 255 255 220 0
    0 0 255 255 255 0 255 0 0 0 0 255 0 0 255 255 255 0 213 0 0 255 0 0
    255 255 0 0 0 0 255 16 255 0 0 255 255 255 0 184 255 0 0 255 0 0 255
    241 0 219 240 0 184 255 0 0 255 255 0 0 255 185 255 255 255 255 0
    255 0 255 0 255 0 255 0 255 0 255 255 255 0 255 188 0 0 255 8 0 0
    255 255 0 81 0 255 255 116 255 0 33 0 0 194 255 8 136 138 0 255 0
    255 255 255 0 0 255 255 255 0 255 0 0 0 196 255 255 0 0 0 255 0 255
    0 30 255 0 110 0 0 255 255 160 255 0 0 0 255 204 255 255 0 0 156 0
    255 255 81 255 0 172 0 117 144 255 11 255 0 255 163 0 0 0 255 255
    255 0 0 255 0 55 0 255 0 255 18 255 0 0 0 255 255 181 0 0 255 0 33 0
    255 0 255 0 255 0 255 255 255 180 0 255 160 255 0 255 0 141 242 255
    184 255 0 255 0 255 0 255 0 0 53 255 255 0 0 0 255 136 0 0 46 0 0
    154 0 0 255 255 146 255 255 255 0 0 0 255 0 255 0 0 255 0 255 255 0
    255 0 255 0 109 255 0 255 36 0 0 255 255 0 255 0 255 0 0 255 0 255
    255 255 147 0 112 251 176 255 0 255 0 0 0 0 0 38 0 0 0 0 255 0 28
    255 255 0 195 187 255 227 41 0 0 255 255 255 255 255 0 0 0 255 0 255
    0 255 0 255 148 0 255 70 255 255 255 0 57 255 0 255 255 255 255 0 0
    130 0 255 255 216 0 0 255 255 255 0 0 255 255 0 0 0 159 255 40 0 255
    255 0 3 0 0 255 255 54 0 201 225 255 255 0 0 0 255 255 255 95 170 46
    255 77 1 0 255 102 150 251 0 255 255 0 0 0 236 179 255 0 0 0 56 6
    255 255 0 0 0 244 0 71 255 0 20 103 231 255 0 255 255 255 0 0 255
    255 13 0 66 255 255 0 255 0 255 0 255 0 0 0 255 0 214 185 255 194
    225 255 255 242 0 0 0 0 255 201 0 96 189 139 67 116 202 83 0 0 222
    255 255 13 0 0 0 255 255 255 234 32 255 49 0 0 255 255 141 255 0 0
    51 118 67 0 255 255 255 101 0 175 0 0 0 255 0 255 0 255 255 0 197 0
    255 0 255 0 0 255 0 0 0 255 255 112 116 0 0 35 0 211 0 224 238 0 170
    0 255 255 255 255 0 255 238 255 255 255 0 255 0 0 255 169 0 191 255
    255 0 255 255 255 255 211 124 215 237 255 56 52 0 142 0 0 255 0 0
    255 8 255 101 255 0 218 0 229 255 255 0 255 0 255 0 101 0 0 255 0
    252 255 0 0 0 255 0 255 0 90 255 255 0 168 255 255 255 205 0 0 255
    116 255 0 0 255 255 255 111 157 255 0 255 0 255 240 219 255 255 255
    0 255 0 255 255 0 0 255 255 95 0 255 95 0 0 255 0 255 0 0 0 0 255 0
    0 255 255 255 0 0 0 255 255 0 0 0 0 0 255 0 255 0 255 0 255 0 0 255
    54 255 255 25 255 0 0 0 255 255 141 0 41 0 255 255 255 255 116 0 0
    255 255 250 0 110 0 2 0 0 0 255 255 255 0 0 255 255 83 0 40 255 255
    255 255 0 41 0 255 0 255 255 12 0 0 66 139 0 255 0 255 0 255 255 0 0
    255 255 255 136 193 255 0 0 105 0 255 255 0 123 0 255 255 255 255 0
    24 0 0 0 0 14 255 151 255 0 0 255 0 255 255 255 0 0 255 255 0 255
    255 0 52 0 0 0 255 255 0 0 255 255 0 255 0 255 0 0 255 255 255 136
    137 255 255 255 250 255 0 0 119 0 0 0 21 255 0 0 255 0 255 0 255 0
    255 255 255 0 0 255 255 246 0 102 255 255 46 255 255 0 255 0 0 0 180
    24 255 255 255 0 214 255 114 255 228 255 0 0 0 0 255 255 255 0 255 0
    255 0 255 1 255 113 255 255 0 255 255 255 255 255 175 255 0 255 255
    0 86 0 0 0 255 255 0 0 0 0 212 255 0 255 195 255 255 255 255 255 255
    255 0 0 0 0 255 255 255 153 255 0 0 0 255 255 255 0 255 50 0 0 255
    106 255 0 0 253 255 255 0 154 117 255 0 0 255 255 0 0 0 255 255 255
    0 255 99 255 255 255 255 0 125 0 255 0 0 201 56 255 255 79 255 0 255
    255 255 255 255 255 0 0 0 25 255 0 167 246 206 0 255 0 255 255 255
    255 255 255 0 0 0 244 255 255 255 0 0 255 0 0 49 19 255 0 255 255
    255 255 0 134 0 0 255 255 95 0 255 0 255 255 255 255 0 255 0 24 0 0
    255 255 255 0 0 0 255 0 255 0 255 138 0 0 103 170 255 255 255 0 0 0
    255 0 104 255 0 255 255 255 0 255 255 255 225 0 255 0 255 33 0 0 255
    255 255 255 255 79 0 0 0 255 255 90 0 111 0 255 0 221 0 255 0 255 0
    255 255 255 0 0 0 0 255 255 169 253 201 255 0 255 251 255 0 0 255
    255 0 255 0 255 0 255 255 255 174 0 33 27 252 255 255 255 0 0 0 255
    0 255 255 185 44 0 20 149 109 193 79 255 255 0 0 255 0 155 255 0 210
    0 255 255 236 255 0 0 255 255 255 33 192 0 255 0 255 0 255 190 255 0
    0 0 51 223 255 0 255 0 255 0 255 0 0 173 255 255 0 0 0 255 0 246 255
    82 0 0 255 0 195 255 138 255 252 255 255 0 0 23 255 255 255 255 255
    11 22 0 0 255 255 255 0 0 64 255 0 0 255 15 136 255 133 0 0 0 255
    255 0 124 255 0 255 51 255 255 255 255 0 255 0 255 94 255 255 255
    255 0 255 0 0 0 255 255 255 255 0 255 0 0 0 0 255 255 255 0 0 255
    255 255 0 0 0 106 102 241 255 255 255 0 0 80 255 255 255 0 0 0 16
    255 22 0 143 0 255 0 255 0 255 0 255 255 255 0 255 0 107 0 255 210
    255 0 255 154 93 0 184 0 0 183 255 0 255 0 0 255 255 25 255 96 52
    111 255 82 0 142 74 255 255 7 0 39 0 255 255 0 46 0 255 255 180 255
    0 255 0 255 255 65 0 235 255 2 0 255 255 255 0 168 255 186 0 0 255
    255 0 0 0 253 255 0 0 255 255 151 0 255 255 255 0 175 255 0 255 180
    0 255 0 0 0 113 255 255 9 222 0 255 133 255 0 168 0 193 70 255 255 0
    255 0 0 250 0 17 0 0 0 174 255 255 0 0 0 255 0 255 0 255 187 0 0 0
    73 255 206 255 98 0 255 255 255 255 255 0 0 255 255 0 29 121 0 109
    246 255 38 0 32 0 0 0 0 255 230 0 0 255 255 0 255 0 255 0 0 255 255
    255 0 0 0 255 255 255 0 0 227 255 0 255 0 125 255 62 0 255 150 209
    255 0 255 0 255 0 255 44 255 227 255 255 0 0 68 0 255 255 255 0 255
    0 138 255 255 255 0 0 255 40 0 0 255 255 0 0 255 0 87 0 255 235 255
    0 0 0 255 255 0 255 0 0 0 51 255 11 208 255 146 255 0 255 0 255 0
    243 85 255 0 146 0 255 255 0 216 255 255 255 0 0 0 0 0 255 0 105 255
    244 112 0 0 255 0 255 0 0 0 0 69 0 0 0 106 255 247 255 214 255 255
    40 0 185 37 255 0 0 0 85 255 255 153 0 0 110 0 255 255 255 0 39 0
    255 215 255 0 0 0 0 255 255 255 62 0 0 0 255 0 255 212 0 0 0 0 0 255
    255 36 0 0 0 0 255 255 255 230 0 0 0 0 159 255 0 255 255 0 255 0 255
    0 255 255 255 255 0 0 0 255 0 61 0 255 0 255 169 255 255 255 253 0 0
    255 255 38 0 0 255 40 0 255 0 0 0 0 197 255 0 255 0 255 0 255 255
    137 0 219 255 157 0 0 255 255 255 57 85 0 255 0 0 255 255 0 0 0 0 37
    49 158 0 0 0 0 0 166 0 77 255 255 94 0 0 255 0 107 0 0 255 255 255 0
    0 137 181 255 57 255 0 255 255 0 0 255 255 0 255 0 0 161 164 0 0 255
    0 91 67 0 0 0 255 4 255 0 255 255 255 116 0 255 0 255 0 65 0 255 255
    255 103 0 255 255 211 0 0 255 0 0 255 255 255 0 255 255 255 0 0 255
    247 0 0 0 255 0 0 0 0 0 214 0 255 255 0 255 163 0 0 255 255 255 0 0
    0 255 255 4 0 0 0 255 255 0 255 0 255 0 72 255 255 118 12 0 0 0 255
    223 248 255 255 255 255 0 255 0 224 255 255 0 122 0 255 255 255 0 0
    65 166 255 187 0 0 255 255 255 255 0 0 0 255 236 0 118 0 255 0 0 255
    0 255 255 255 255 4 255 255 0 0 0 255 255 0 255 0 155 0 255 255 117
    255 118 255 255 0 255 255 119 255 0 0 223 58 0 0 15 0 255 111 0 255
    17 255 0 0 177 255 255 0 0 255 0 81 0 0 255 0 125 0 255 0 255 255 0
    0 0 255 255 0 160 255 240 0 0 77 16 0 255 0 74 255 255 255 0 183 255
    0 0 0 255 110 115 255 136 0 0 0 255 255 155 0 0 0 219 255 255 0 0 0
    255 255 0 26 255 45 255 0 0 212 255 0 255 76 0 255 0 255 0 255 32
    255 0 44 69 0 255 255 255 255 255 250 0 255 0 255 255 255 0 0 176 0
    0 32 255 90 255 255 255 82 255 0 0 0 255 0 0 0 0 0 255 255 255 255
    245 255 255 0 192 11 0 255 255 0 255 0 8 0 0 0 255 255 239 0 255 0
    102 255 255 0 2 0 255 157 255 255 125 0 156 0 255 255 255 0 255 0
    108 0 255 0 235 0 0 50 255 255 86 187 203 0 42 255 0 255 255 249 255
    0 255 255 255 0 255 255 0 0 0 0 88 0 0 255 0 194 0 255 0 255 0 255
    255 255 0 255 255 255 30 0 255 0 255 5 255 0 255 0 255 255 0 255 255
    227 62 0 0 255 0 255 0 255 0 255 0 0 0 255 0 26 0 0 242 92 255 0 255
    0 35 255 0 216 255 255 255 0 61 0 0 0 0 217 210 255 0 0 255 0 239
    255 0 0 0 255 255 0 28 255 255 255 0 0 255 255 117 255 0 255 176 255
    0 0 0 255 0 0 0 255 255 0 0 170 0 133 0 255 0 255 0 0 0 255 255 255
    255 255 0 0 0 0 255 255 185 0 106 255 108 97 0 255 0 255 255 255 0 0
    209 255 255 132 255 250 255 0 0 55 255 255 0 255 255 0 255 0 255 0
    226 0 0 255 31 255 255 0 0 0 255 173 255 0 255 0 255 0 0 0 255 255
    81 0 183 122 99 255 0 190 255 255 0 255 0 0 255 0 0 255 255 255 255
    173 255 0 224 0 255 0 255 255 255 244 0 0 0 255 0 255 0 226 0 255 0
    255 255 255 0 0 0 185 255 53 20 0 0 0 31 255 255 121 218 255 255 255
    0 153 255 255 0 0 0 255 255 255 0 0 0 255 162 229 0 6 255 28 255 0
    255 0 38 0 255 255 0 0 16 255 255 70 0 255 0 255 0 0 0 255 39 255 0
    255 0 0 255 213 255 0 8 176 255 255 255 0 0 0 255 0 255 255 255 0
    255 0 15 0 255 0 89 0 0 255 255 255 255 255 173 0 0 255 255 255 0
    255 0 10 0 255 255 255 255 0 0 0 118 62 0 255 255 184 0 255 161 0 0
    0 0 0 255 48 0 0 0 255 255 42 0 172 255 132 0 0 255 0 0 255 255 149
    255 255 255 255 0 0 0 255 255 255 255 0 0 255 0 255 0 255 0 255 255
    255 0 0 0 11 0 0 255 255 255 255 0 0 0 0 255 0 100 0 255 255 0 0 9
    255 0 0 0 255 255 255 0 0 0 0 255 127 255 0 95 255 0 255 0 95 157 0
    112 8 255 255 43 236 255 255 0 255 0 255 255 255 0 243 255 0 0 0 0
    255 0 255 255 255 0 0 0 255 47 255 0 0 0 255 0 0 129 0 255 0 0 0 255
    255 255 255 111 0 255 0 255 14 252 213 255 0 0 0 255 255 118 0 0 255
    255 151 210 40 255 16 0 0 0 255 255 0 255 0 255 255 0 0 0 255 0 0 0
    0 121 0 0 255 255 0 0 10 255 255 255 211 255 255 255 4 0 0 175 0 255
    0 176 255 255 255 0 0 0 0 28 109 255 0 255 0 255 255 255 255 59 0
    255 0 255 0 255 255 0 0 0 255 255 0 255 0 0 0 255 255 255 0 138 0
    255 255 0 0 255 255 0 0 0 255 255 0 0 176 209 199 147 0 0 0 255 255
    255 63 69 0 255 255 116 255 0 255 255 149 0 0 0 0 255 0 255 132 255
    0 0 0 54 0 255 255 255 148 0 0 255 255 255 0 14 0 0 255 255 255 96 0
    0 0 255 255 255 255 0 255 0 46 0 255 2 255 255 255 109 121 0 0 67
    255 0 126 0 246 0 0 255 150 0 0 0 255 255 255 0 255 0 255 0 255 255
    255 255 0 54 0 255 0 255 255 255 0 0 255 255 255 255 0 0 40 254 255
    0 0 0 255 255 255 0 255 255 0 0 0 255 0 78 179 255 0 0 218 255 255 0
    0 0 0 0 0 255 255 0 58 0 255 255 255 0 0 255 0 255 255 236 0 255 255
    255 0 0 0 255 0 201 255 0 0 0 137 255 255 255 0 0 255 210 13 0 255
    255 0 0 0 255 0 255 0 255 255 255 255 234 133 0 0 198 145 0 255 0 0
    6 0 255 122 0 0 0 255 0 255 33 97 206 255 134 227 255 167 0 255 9
    255 255 255 255 255 135 255 0 0 0 71 255 0 0 255 0 255 0 255 0 255
    255 255 255 0 255 179 48 255 0 255 255 255 255 240 9 255 34 0 0 255
    255 140 0 0 0 255 255 0 0 255 255 255 30 0 0 0 0 255 255 255 0 255 0
    0 68 0 0 255 255 255 255 0 143 0 255 255 255 0 0 255 255 255 94 255
    0 0 255 0 19 0 255 255 134 0 19 140 0 10 0 0 0 255 0 255 0 0 0 0 255
    0 255 143 255 0 0 255 0 117 255 0 255 255 0 0 178 0 242 160 0 103 0
    255 255 30 0 255 116 229 0 255 99 255 255 0 0 15 255 255 28 255 42
    255 0 255 38 255 103 0 0 155 253 255 0 255 0 254 0 255 255 255 0 255
    255 109 225 0 86 0 255 0 255 255 255 149 255 98 0 108 213 255 255
    255 0 107 0 0 255 34 255 0 0 255 213 255 0 0 0 0 0 255 255 255 255 0
    0 255 255 0 128 255 174 255 0 0 0 169 255 255 0 0 255 255 84 0 0 0
    232 255 255 0 0 255 255 255 0 0 0 0 255 255 0 0 255 0 255 255 255
    255 0 0 0 255 0 118 0 0 255 0 255 46 255 0 245 0 255 183 255 255 0
    255 0 31 255 255 0 0 0 255 89 155 255 255 255 93 255 0 0 0 185 255
    255 0 0 72 0 110 255 193 177 0 164 250 47 91 0 90 0 0 65 0 255 0 141
    255 0 28 255 255 0 255 255 0 158 255 255 0 255 0 255 0 0 0 28 255
    255 255 0 0 0 0 255 255 255 240 0 0 255 19 255 186 0 255 0 255 94 0
    0 0 0 0 255 0 255 77 255 0 255 0 126 0 0 0 255 255 0 0 0 0 255 255
    255 0 102 255 255 255 0 255 255 255 0 0 0 255 255 255 255 0 0 0 0
    255 255 255 255 0 0 151 0 255 249 255 255 0 0 0 255 0 255 7 255 185
    0 195 255 255 34 0 255 0 255 0 133 0 255 255 0 0 190 0 255 154 0 255
    0 255 0 0 255 0 255 86 0 255 0 0 230 0 0 255 255 159 255 0 255 0 255
    0 0 232 232 115 0 255 0 255 0 255 255 255 255 0 0 255 255 255 0 255
    0 0 209 0 255 0 0 255 0 64 81 0 255 28 255 0 0 0 0 255 255 255 0 0
    255 255 163 0 0 255 255 255 0 0 255 0 255 0 0 255 255 255 152 255 0
    197 0 255 0 255 255 255 255 255 0 0 0 0 255 0 255 255 255 0 0 0 255
    62 99 0 0 231 0 255 255 255 255 255 0 0 0 255 255 170 255 114 140
    255 0 0 0 255 9 0 255 255 255 0 214 76 3 0 0 255 104 0 255 255 255 0
    0 0 6 0 108 0 255 0 255 255 255 0 0 146 204 0 255 139 51 255 0 0 121
    0 255 0 0 0 0 255 0 255 137 255 0 0 0 255 255 255 0 255 252 2 255
    255 239 0 255 255 255 0 0 0 0 0 0 248 255 255 141 255 0 0 0 63 255
    255 0 0 255 0 255 255 75 5 0 255 168 255 0 255 0 255 0 0 255 255 255
    0 0 255 0 202 0 255 0 255 0 255 0 255 158 255 0 0 0 0 0 255 255 255
    255 255 255 255 255 0 218 150 255 202 0 255 0 0 177 0 62 0 255 255 0
    0 255 255 255 255 255 15 0 255 255 255 0 255 255 255 0 116 0 255 0 0
    0 0 255 0 255 255 189 255 0 205 0 0 255 140 255 255 252 0 255 0 255
    255 255 0 196 0 45 0 0 255 222 188 0 0 181 255 255 255 0 187 0 0 255
    255 227 0 255 0 159 255 255 0 255 220 255 0 0 255 56 0 255 0 255 0
    75 255 0 0 255 179 255 0 255 0 255 0 250 0 0 0 255 255 89 255 0 158
    0 255 255 0 255 0 255 255 255 0 0 0 255 255 255 45 0 68 255 255 255
    0 203 0 0 0 255 242 87 255 255 0 0 255 0 0 255 4 0 0 255 0 255 255
    209 197 0 0 112 0 255 255 0 76 0 0 255 165 255 0 255 255 255 0 247 0
    255 0 9 255 255 255 0 0 255 0 255 0 255 0 255 43 0 255 255 255 0 0
    255 255 255 0 0 0 0 17 0 255 255 219 255 0 0 0 255 211 255 0 255 0
    255 73 255 0 255 0 0 0 237 0 131 0 0 0 255 255 0 255 220 0 255 0 255
    58 255 221 0 0 0 255 255 0 255 76 255 90 103 0 60 244 255 0 125 0
    255 0 255 0 185 0 255 102 150 39 255 214 255 19 255 0 255 255 0 174
    0 255 0 255 174 0 255 221 255 0 255 219 147 15 255 0 0 255 255 245 0
    0 255 29 228 0 255 255 74 0 0 255 255 255 0 255 0 0 0 255 108 0 255
    255 60 0 245 0 255 0 255 255 34 255 255 255 43 255 0 255 32 0 255 85
    236 255 0 0 134 0 255 255 255 0 255 255 255 3 0 180 0 255 172 0 0
    255 255 93 0 0 0 214 255 255 0 0 185 255 0 0 149 0 35 0 0 151 229
    255 255 255 255 255 30 255 71 0 255 255 0 255 255 21 0 0 56 0 255
    255 255 0 0 22 255 255 255 0 0 0 0 251 255 255 84 164 0 0 255 255
    255 249 0 112 13 0 255 255 28 0 0 0 0 255 0 255 251 0 0 255 31 255 0
    0 241 255 255 148 0 0 0 0 0 255 255 255 0 255 255 255 255 0 0 0 255
    194 255 10 255 255 0 255 255 180 255 255 13 255 0 0 0 0 255 255 0 0
    255 0 255 255 194 255 255 255 255 0 255 0 255 255 94 0 255 0 0 93 0
    0 0 255 224 0 0 255 251 0 0 255 255 0 0 230 255 0 0 211 0 255 213
    255 255 222 5 111 0 0 0 174 155 0 0 0 0 35 0 255 0 0 52 255 255 255
    0 255 255 0 0 96 0 120 199 255 150 0 255 0 60 255 0 0 0 255 75 255 0
    0 0 255 200 255 0 114 56 255 0 255 16 255 0 124 255 255 255 0 255 0
    255 0 255 255 255 0 22 0 255 255 55 80 0 0 255 103 255 16 64 0 255
    255 0 255 0 255 0 0 0 255 141 211 255 255 0 255 0 255 0 0 0 0 255
    255 0 255 0 255 0 0 135 255 255 169 0 0 255 0 255 0 255 228 255 0 0
    39 0 255 100 0 255 255 218 255 108 30 0 140 112 255 255 0 0 0 188
    255 255 255 0 0 23 0 0 255 255 0 0 0 41 0 0 0 47 75 255 0 84 0 0 36
    255 0 255 85 255 0 255 193 255 0 255 0 0 0 255 255 255 0 255 255 255
    0 250 255 255 255 255 255 255 0 0 255 127 255 255 0 0 0 215 255 255
    0 0 0 255 255 0 0 255 255 150 255 0 0 0 255 255 0 0 0 255 0 141 255
    255 0 255 255 255 0 255 0 236 255 255 255 0 0 0 0 254 0 255 255 255
    0 0 0 255 255 0 46 0 188 255 0 89 255 0 255 119 255 174 134 255 119
    184 0 0 255 0 0 255 0 255 0 255 0 0 0 0 0 1 255 187 255 255 0 255
    255 255 211 0 255 255 255 0 0 0 255 0 0 0 255 255 255 0 0 255 34 255
    0 17 255 255 0 0 0 58 255 250 166 255 0 0 221 255 0 255 0 0 0 3 255
    0 255 0 255 117 0 255 255 255 0 0 182 0 255 211 255 0 255 76 48 255
    255 255 255 255 0 255 9 0 255 255 0 0 0 255 255 255 108 0 0 255 255
    0 0 0 255 0 255 255 255 193 191 255 0 255 0 0 7 0 255 0 255 0 255 0
    0 0 0 255 51 0 66 255 255 217 255 62 123 0 255 141 215 255 4 0 0 255
    0 0 123 255 255 255 255 190 255 0 0 217 255 0 0 188 255 255 255 206
    163 112 255 0 255 25 133 0 0 255 255 34 255 62 255 0 255 0 153 255
    201 0 255 0 0 255 0 0 255 255 255 0 23 255 255 255 0 0 0 255 0 0 164
    0 255 0 0 255 255 125 6 243 0 79 0 255 255 255 255 0 255 0 0 151 81
    0 0 0 0 255 0 255 0 255 255 0 225 0 0 100 255 255 255 255 0 0 0 225
    0 255 0 0 107 255 255 110 205 216 0 152 223 0 0 0 27 0 255 252 0 0 0
    255 12 255 0 117 148 164 54 62 255 40 255 223 0 0 255 255 89 0 250
    255 0 173 0 0 232 255 255 255 0 255 0 255 0 0 0 0 0 255 255 255 0 0
    0 0 255 255 255 149 0 152 255 0 255 0 0 0 255 136 255 128 182 39 0
    255 255 0 0 254 68 0 0 255 242 255 255 0 0 0 0 255 255 255 148 0 0 0
    161 0 0 189 255 255 0 0 0 255 166 221 255 255 80 0 239 255 0 0 0 255
    0 0 0 0 255 176 143 255 155 0 255 255 255 0 72 0 0 181 255 255 255 0
    255 0 0 0 255 0 0 0 255 115 0 0 255 0 0 222 255 255 6 0 255 255 255
    0 78 0 255 255 194 0 0 255 0 0 0 33 255 255 255 65 198 0 0 255 30
    255 85 0 255 0 255 161 97 0 255 255 0 255 255 0 0 255 255 232 0 255
    255 255 160 255 255 0 255 255 255 0 255 255 255 0 0 255 255 243 75 0
    0 255 255 255 0 0 21 0 149 108 0 142 0 255 0 35 141 0 255 0 77 255
    206 255 0 255 255 43 213 0 255 0 0 255 255 0 0 255 255 82 0 0 19 255
    0 0 171 6 244 0 0 0 0 255 247 255 0 157 0 255 0 255 0 0 124 0 21 255
    236 0 134 255 0 255 255 255 0 255 255 0 160 0 0 255 0 255 255 0 0 79
    255 255 255 0 255 0 255 255 0 108 162 20 174 132 255 0 255 255 255 0
    0 0 0 255 255 255 194 255 0 255 255 0 105 104 255 255 132 0 186 255
    255 255 0 0 0 255 0 99 255 255 255 255 0 0 0 0 0 255 255 255 0 190
    255 0 0 0 0 255 255 0 255 182 255 255 255 0 255 0 255 0 255 255 255
    0 0 0 255 255 255 0 255 0 255 255 0 255 0 0 255 255 255 0 51 0 0 255
    255 0 0 0 255 32 255 0 0 0 0 255 0 172 0 0 68 251 255 255 0 255 50
    45 225 0 0 255 150 0 255 88 0 0 255 255 255 255 180 255 0 0 2 255
    255 7 131 255 0 255 255 255 0 255 11 255 0 0 255 23 0 255 0 0 0 255
    0 255 255 255 0 71 0 255 144 0 0 0 255 0 0 255 255 255 150 0 27 255
    113 0 255 255 255 0 0 171 0 255 44 255 255 70 0 0 255 255 0 255 131
    0 0 0 255 0 255 255 0 0 255 255 146 0 255 0 0 255 255 255 0 0 255
    255 255 255 255 255 0 255 235 255 0 255 255 255 255 129 0 255 21 0 0
    0 255 255 0 0 255 0 0 0 0 0 3 0 255 167 255 0 109 0 0 255 0 255 0 0
    255 0 255 255 255 255 110 38 0 0 146 255 255 0 255 255 255 255 0 255
    0 159 0 0 26 255 255 0 210 0 255 255 212 0 13 255 0 0 201 255 0 255
    0 125 148 255 255 0 116 255 0 0 0 0 0 0 255 162 133 0 255 0 61 255 0
    0 0 0 255 25 255 0 22 255 255 255 0 0 0 255 255 0 85 255 0 147 255
    43 255 255 255 255 0 0 255 255 0 110 216 0 255 25 255 0 255 198 67
    78 255 255 0 255 255 249 255 0 255 0 0 0 0 255 255 0 0 0 255 219 66
    0 255 0 0 72 255 0 0 177 10 0 255 255 255 255 0 0 255 255 0 0 255 0
    147 101 2 255 91 255 255 255 255 0 0 0 255 255 194 255 255 0 255 176
    255 0 0 255 64 255 0 242 255 0 255 0 0 115 255 255 0 255 255 255 255
    232 255 0 255 0 135 0 188 206 255 0 0 255 0 255 132 255 0 0 255 128
    206 0 74 255 255 0 255 255 255 0 0 0 0 0 0 0 255 255 0 255 164 255
    209 0 136 0 0 0 255 0 255 255 114 0 0 255 20 255 255 255 0 0 147 0
    255 0 0 0 0 255 255 255 110 0 0 255 255 115 0 0 255 0 0 0 255 255
    255 50 0 255 255 26 255 255 108 0 160 255 255 144 255 0 255 0 0 255
    0 0 204 255 255 230 255 0 255 187 0 255 252 255 0 0 0 255 255 255
    255 0 0 255 0 255 255 0 0 0 255 0 0 0 255 255 255 0 0 255 255 255 0
    0 145 0 0 243 255 255 0 255 255 255 0 255 0 255 0 255 0 255 0 255
    255 59 255 0 0 255 0 187 0 255 0 236 43 255 0 0 0 251 255 103 226 0
    0 0 255 255 255 30 0 255 0 0 255 255 0 0 255 255 255 0 255 235 255 0
    255 0 255 255 255 255 0 0 232 173 255 255 255 0 0 81 255 124 0 0 144
    0 46 0 255 0 0 255 255 0 0 0 255 0 0 255 255 216 0 255 0 112 255 255
    0 0 255 255 255 0 255 255 0 17 231 255 0 255 128 255 0 255 103 96
    255 0 0 255 255 0 0 0 255 255 173 191 0 255 0 0 255 255 0 255 0 0
    255 255 255 0 0 15 255 249 255 0 0 255 0 0 0 0 255 0 255 138 0 213 0
    255 255 0 255 4 0 0 255 0 103 0 255 255 0 0 255 0 255 255 0 0 0 255
    255 255 0 255 0 255 0 0 0 255 58 0 37 0 255 0 255 0 0 0 135 0 0 255
    255 255 255 0 255 255 255 152 0 255 0 7 0 255 255 0 0 48 255 255 0 0
    0 255 0 255 142 255 0 87 0 255 255 255 0 0 194 255 255 48 255 255
    139 22 255 202 204 255 255 0 0 255 255 255 0 37 0 255 255 255 94 0 0
    255 255 255 255 0 0 255 0 0 0 255 255 0 230 0 0 127 255 255 0 29 255
    255 0 255 176 0 0 255 0 255 0 255 0 0 255 255 0 0 255 255 127 255 74
    255 0 0 105 255 0 255 255 255 115 255 0 0 0 255 0 255 255 255 255 22
    0 0 3 255 0 0 255 255 255 255 79 255 0 8 0 255 172 255 0 0 255 255 0
    255 255 118 255 0 255 255 255 0 255 255 225 0 154 73 0 0 255 114 255
    136 0 0 0 174 57 255 255 255 0 40 0 255 0 158 255 255 255 0 255 239
    255 255 0 255 255 255 255 0 58 99 255 117 0 126 78 0 255 0 255 149
    255 255 132 0 0 255 255 255 0 255 255 255 255 0 0 255 255 0 255 21
    181 255 0 0 0 255 255 251 255 0 255 127 255 0 198 0 182 255 0 255 0
    0 0 255 255 0 255 255 0 0 0 255 255 255 255 0 0 255 0 224 0 255 150
    255 111 0 255 255 255 19 0 0 0 255 255 255 255 0 0 0 0 192 112 19 26
    255 0 255 192 255 0 255 0 255 255 132 0 255 255 255 0 255 72 166 115
    241 0 255 255 0 0 0 255 0 218 255 255 255 0 255 150 255 0 0 255 255
    9 255 1 255 255 0 255 0 255 255 255 0 0 0 0 255 0 255 0 52 72 0 255
    0 255 94 255 0 255 76 255 58 58 255 0 198 0 255 255 255 255 0 255
    197 0 19 179 255 0 0 255 143 0 0 0 255 255 255 0 233 0 255 255 0 0
    255 255 0 255 255 255 255 0 0 0 0 255 255 255 255 241 0 255 218 97 0
    0 224 0 255 226 255 98 255 0 0 0 255 255 0 0 0 255 0 255 128 255 0 0
    255 136 255 109 0 255 61 204 0 0 255 255 255 255 255 138 255 0 0 159
    152 255 0 0 255 255 255 138 255 255 0 0 255 255 87 0 14 0 0 255 255
    0 255 0 134 255 255 255 0 0 213 0 255 0 255 0 0 255 255 0 0 0 0 255
    194 255 255 78 0 0 0 255 0 255 255 255 237 255 0 255 0 0 29 0 255
    255 145 255 0 179 255 0 255 255 0 215 0 255 0 255 0 255 255 0 255
    255 0 255 0 200 0 0 141 255 0 95 17 255 0 0 255 177 255 0 255 255 0
    0 0 0 0 149 0 255 255 255 88 255 0 0 0 174 255 255 0 255 13 255 0
    255 0 0 32 0 0 255 255 49 0 255 255 0 255 0 0 125 255 255 0 190 0
    255 255 255 0 255 0 255 0 255 255 136 255 0 255 255 186 0 79 255 255
    255 0 0 255 255 0 0 119 255 229 113 0 255 255 255 255 0 255 255 255
    0 0 0 199 0 255 0 255 0 255 0 255 0 255 255 0 0 0 0 176 255 255 255
    63 255 0 255 112 255 0 0 255 255 255 0 0 255 255 143 255 0 0 236 255
    255 0 0 0 0 0 255 97 255 0 168 255 255 255 255 0 195 0 255 255 255
    136 255 0 255 217 0 177 0 255 255 0 255 0 3 255 0 0 0 255 255 0 0 0
    255 255 255 0 255 255 0 255 255 255 255 255 255 0 70 225 255 211 223
    255 255 255 136 255 255 191 0 255 134 255 3 0 126 0 255 48 255 255
    255 0 0 255 255 255 0 255 14 255 0 255 12 213 0 255 62 255 0 255 30
    0 0 0 102 220 255 0 0 0 0 255 0 255 255 0 255 0 255 0 0 255 255 0 0
    111 255 255 255 236 0 255 0 210 0 255 87 204 0 255 255 255 0 255 0
    255 0 255 0 0 0 255 255 255 0 255 0 255 255 0 0 208 0 0 255 255 242
    0 139 255 255 255 255 97 166 0 255 255 255 0 210 0 119 255 0 0 255 0
    0 0 255 255 146 255 7 255 0 89 0 0 0 71 255 0 0 0 0 0 255 255 255 0
    0 0 255 58 0 18 255 0 0 0 255 0 255 255 255 255 0 0 0 13 128 255 255
    0 255 255 255 0 0 255 255 255 0 0 0 255 255 255 0 0 255 0 0 0 255 0
    32 0 255 255 255 64 255 255 0 0 0 0 51 0 0 0 255 255 255 0 255 83
    255 0 0 229 0 0 0 0 0 0 0 255 255 255 0 255 146 255 255 255 255 0 0
    0 3 0 0 0 0 255 0 255 255 255 255 255 36 255 138 0 0 255 108 83 255
    120 0 255 255 0 0 0 255 0 0 0 255 0 121 0 255 14 255 0 255 0 255 226
    255 0 219 0 106 255 255 0 0 0 255 0 123 0 255 0 255 0 255 0 112 0 0
    255 255 198 0 0 255 0 255 255 255 164 0 0 0 0 255 255 255 255 0 0 0
    123 255 0 255 0 255 255 255 162 62 130 255 0 0 255 208 169 86 0 0 0
    0 255 255 255 255 0 0 255 0 0 255 255 255 0 0 0 0 0 0 181 0 0 255
    255 46 0 213 0 0 255 0 0 48 0 255 255 145 255 0 0 126 255 255 11 143
    237 0 0 195 150 0 255 252 255 0 169 82 255 0 0 0 63 0 161 153 255
    197 48 0 0 0 0 41 0 255 0 255 0 255 0 0 255 175 255 0 0 0 255 255 57
    0 255 128 255 0 6 255 126 0 0 171 49 0 255 0 255 255 255 0 255 0 0 0
    0 255 255 10 0 144 0 96 0 0 0 255 0 0 93 255 255 79 112 199 255 255
    0 0 0 255 0 255 0 0 255 0 255 0 255 0 96 255 255 180 255 0 0 0 0 159
    255 255 255 0 0 6 0 0 0 255 255 255 0 0 0 220 192 255 162 255 255
    255 255 255 0 104 0 0 0 255 152 0 0 0 255 0 255 0 204 0 0 125 191
    176 255 0 0 0 0 255 0 90 0 255 255 255 0 255 0 255 0 122 243 0 255 0
    255 0 239 57 0 147 105 255 0 30 114 255 255 0 0 0 255 0 94 255 0 255
    159 255 0 242 0 14 108 255 255 0 0 0 209 255 221 0 0 0 255 255 255
    183 255 255 255 0 0 0 255 0 195 255 255 255 75 0 0 0 0 255 0 0 52
    255 0 255 255 0 0 85 96 0 0 255 0 0 255 0 163 0 255 255 255 255 36 0
    255 0 0 0 255 0 0 255 255 255 132 66 0 0 255 255 255 32 0 152 255 0
    0 167 239 173 0 0 0 0 0 0 255 255 255 255 255 0 255 255 255 255 0 0
    255 0 255 255 255 0 0 0 0 255 0 255 255 0 0 0 255 0 255 0 235 0 149
    255 255 255 0 0 255 255 255 0 0 172 0 66 255 4 255 0 255 0 255 76
    255 255 0 83 0 0 0 0 255 0 255 0 234 0 255 255 0 255 0 0 0 0 0 0 255
    255 0 0 255 0 185 104 255 0 255 0 168 0 255 0 191 13 255 255 0 0 255
    123 0 0 255 225 0 128 0 255 0 255 199 255 0 0 255 255 255 149 0 52
    255 0 0 0 102 255 126 215 255 255 0 255 0 0 201 255 118 255 0 23 0
    255 0 255 0 0 132 255 243 255 108 255 0 255 255 255 255 0 68 255 255
    23 0 0 255 255 0 255 221 255 48 24 255 0 255 0 0 0 0 255 97 255 152
    255 0 0 0 255 176 255 255 255 255 174 255 255 0 255 0 101 96 255 255
    255 255 177 254 5 0 0 0 255 255 0 0 0 255 47 255 9 0 218 0 0 255 255
    0 0 255 0 255 0 255 255 255 3 0 255 0 255 0 255 0 0 0 255 0 255 0
    255 0 97 0 255 255 166 227 0 255 255 0 0 105 255 0 255 255 255 255 0
    176 0 255 255 0 217 255 255 0 91 0 11 0 255 68 60 87 0 0 255 255 255
    164 255 0 0 120 255 255 250 91 255 255 0 0 184 255 255 255 0 0 0 0
    183 255 255 0 0 6 152 0 195 0 212 173 0 0 251 255 255 196 255 0 255
    0 255 0 255 109 255 255 0 255 255 0 255 0 136 168 255 255 0 171 44 0
    255 168 0 255 255 129 255 0 255 255 0 255 0 255 255 0 0 0 255 255
    255 0 255 0 0 0 255 140 42 0 0 255 255 255 255 40 0 0 255 0 0 255
    255 0 0 255 207 226 189 35 104 0 255 92 0 0 255 71 98 0 255 0 174 0
    255 0 0 0 255 255 255 0 0 3 255 255 0 39 202 255 255 255 181 255 255
    74 255 0 255 0 0 255 255 105 0 255 255 0 255 0 255 0 255 0 0 188 0 0
    0 255 0 255 255 187 0 0 255 255 255 175 0 0 255 255 255 255 40 0 212
    255 0 0 0 255 255 255 255 0 0 255 0 255 0 255 0 0 0 255 255 255 0
    255 0 255 16 49 0 255 255 0 99 0 255 0 0 255 255 79 0 255 255 0 134
    0 255 255 255 255 0 255 255 255 0 112 0 255 13 255 0 255 255 228 0 0
    0 109 0 255 255 255 255 255 0 114 0 255 255 255 57 0 255 109 255 0
    255 0 0 0 255 255 0 255 0 0 0 255 125 255 255 0 0 14 0 255 255 255 0
    0 255 255 160 0 145 0 255 255 0 0 114 0 255 255 255 255 237 255 90 0
    21 0 0 255 255 255 255 0 0 85 255 255 0 0 0 255 255 255 117 0 0 0 0
    255 208 115 119 0 255 0 201 0 255 0 255 255 255 0 255 161 255 86 0
    255 255 207 0 0 255 255 255 106 0 255 255 255 255 255 255 0 0 0 0
    255 83 255 0 0 255 5 0 0 0 255 0 255 255 255 0 255 0 0 255 255 0 0
    228 255 255 190 0 255 0 197 218 255 91 255 0 255 255 255 255 0 255
    94 255 255 255 0 0 255 255 0 107 0 0 255 255 255 85 255 255 255 111
    0 138 255 255 255 77 255 255 182 0 0 0 255 0 255 255 255 105 183 0
    255 203 255 255 255 0 255 0 255 185 78 255 197 0 0 0 255 255 0 240 0
    255 255 133 0 255 0 255 90 255 102 255 224 0 0 255 255 0 0 152 255 0
    0 0 255 255 189 0 255 204 255 0 255 255 93 255 255 255 255 0 255 150
    255 0 0 255 255 0 2 255 225 0 0 0 0 255 255 142 255 0 110 0 255 255
    255 255 0 0 255 0 0 255 255 255 0 255 0 255 255 255 17 255 0 0 0 0
    255 68 242 255 255 0 0 0 162 0 255 0 255 0 143 154 0 193 0 255 125
    159 180 0 0 0 255 255 255 0 181 0 0 29 255 0 0 0 255 255 255 255 255
    255 0 105 0 9 81 255 0 201 0 255 247 46 255 250 0 255 0 0 0 0 0 226
    110 255 0 0 0 63 255 255 255 255 255 255 255 0 41 255 255 255 0 0 0
    0 255 255 255 88 0 233 82 255 0 255 0 255 0 255 255 255 0 0 255 255
    237 0 0 0 255 255 133 255 255 255 0 255 255 196 139 255 65 0 0 19
    218 0 255 255 252 103 255 0 0 0 0 255 128 165 91 255 0 255 46 255
    255 78 255 255 255 255 255 255 0 0 119 255 255 110 0 86 178 69 0 255
    255 255 155 0 0 255 255 255 0 0 255 255 0 72 0 0 255 255 78 0 255 0
    0 0 255 0 49 0 255 0 95 255 1 255 0 234 255 255 0 255 255 255 0 0 0
    255 96 12 0 255 0 35 255 255 255 0 255 0 255 255 255 255 0 153 0 156
    255 255 255 130 0 255 0 255 118 0 0 0 255 0 135 255 255 0 192 0 0
    255 188 255 39 136 123 140 104 0 167 0 0 0 255 255 0 255 0 0 255 0
    255 0 1 255 255 12 0 255 0 0 255 255 107 255 0 0 0 255 255 255 255 0
    255 0 0 255 255 255 255 255 0 0 255 255 0 0 56 56 255 255 120 255 0
    0 255 255 255 0 0 0 118 255 0 38 142 138 176 255 0 0 0 255 255 255 0
    0 145 0 0 255 40 255 0 255 0 255 255 255 0 0 0 255 0 255 0 144 0 0
    255 255 255 0 0 255 255 255 177 4 255 255 0 255 0 255 255 0 0 0 0
    118 255 255 255 36 255 64 0 0 0 255 0 255 151 18 255 192 0 0 199 209
    255 144 0 0 0 255 0 0 0 255 255 0 153 0 255 0 0 255 0 0 255 255 0 0
    255 0 0 0 255 126 0 255 0 255 0 255 115 255 64 111 0 0 0 167 0 255
    255 255 0 116 0 255 183 255 206 255 0 0 0 255 255 255 255 255 0 0
    121 0 255 222 255 76 209 231 0 31 255 255 0 0 0 255 58 0 1 255 164 0
    0 255 183 0 0 255 255 255 0 0 57 255 255 40 33 0 255 174 0 255 255
    255 0 0 211 0 255 255 255 255 0 0 0 216 255 255 0 0 255 255 0 0 0
    193 255 246 0 255 255 0 255 0 255 0 238 1 0 146 0 255 0 0 0 0 0 0
    255 0 0 0 255 0 255 0 255 14 0 0 255 0 0 0 0 255 255 255 0 141 0 255
    255 0 255 0 255 255 255 255 0 0 0 162 255 255 216 0 0 0 255 0 255 0
    0 255 0 255 0 255 255 0 0 255 81 0 255 246 0 45 0 255 0 0 114 255
    255 0 93 255 255 0 0 0 0 255 0 84 0 255 0 0 154 255 23 255 255 0 0
    255 126 255 0 255 0 255 0 255 93 0 255 0 31 49 91 255 86 138 0 92
    255 0 108 0 25 255 0 255 255 150 255 225 0 255 255 7 255 0 255 0 0 0
    255 0 0 0 0 255 255 245 255 0 136 0 175 124 65 255 255 176 0 0 0 0
    255 255 248 255 145 255 0 255 255 255 255 255 84 241 189 213 226 0
    148 30 255 0 135 255 0 0 234 255 0 0 0 255 255 150 111 0 255 0 255 0
    255 0 255 0 0 255 255 1 255 242 255 0 255 0 0 0 255 0 0 255 255 106
    252 255 255 120 255 0 255 0 255 0 255 169 255 0 255 255 0 0 0 0 255
    255 255 0 0 0 255 255 41 255 0 0 0 255 255 0 0 0 0 6 255 80 255 255
    47 255 255 0 255 0 255 0 255 255 214 255 7 0 255 255 164 0 0 255 255
    0 0 0 255 0 0 0 0 196 249 0 0 255 0 255 0 83 0 0 255 255 0 0 0 255
    255 255 0 0 86 255 255 0 0 40 255 255 0 0 0 0 0 255 255 0 111 0 0 0
    0 140 0 255 0 255 0 101 255 255 0 146 255 255 255 0 255 0 0 0 255
    245 255 0 0 0 135 255 40 255 0 0 0 0 0 255 35 255 0 57 0 255 255 0 0
    0 0 224 255 239 0 0 255 255 255 0 28 0 107 0 255 0 255 255 0 150 0
    186 0 3 255 255 255 0 0 50 255 255 170 255 0 255 157 0 0 255 255 0 0
    0 255 120 255 0 58 236 0 255 255 26 255 165 0 135 0 0 255 255 38 0 0
    255 71 255 255 0 255 152 255 255 187 255 85 0 195 255 255 70 0 0 210
    255 0 0 255 0 255 156 255 0 255 255 255 255 249 0 255 0 238 0 255
    255 255 255 0 0 0 0 255 255 255 193 255 221 255 223 255 84 0 255 255
    0 0 0 39 255 0 255 255 255 0 161 0 255 0 255 255 220 0 0 255 255 255
    0 255 0 255 0 0 255 211 0 255 0 75 255 255 255 0 127 255 80 255 255
    204 255 235 255 176 102 0 39 0 255 0 255 157 91 2 1 65 255 0 0 255
    255 0 36 185 255 255 0 0 255 255 0 0 104 255 253 0 0 255 0 16 0 255
    255 255 255 0 255 0 255 157 0 0 211 255 0 11 0 255 0 0 0 255 0 255 0
    120 0 255 112 102 255 255 255 255 255 0 0 0 129 255 255 255 205 27 0
    0 255 111 255 0 255 0 255 0 255 255 255 0 0 0 0 255 186 0 255 255 93
    220 69 255 0 0 219 247 255 255 255 255 0 0 68 73 0 0 255 159 255 255
    255 124 0 0 0 0 255 0 0 0 255 207 151 113 255 255 255 0 255 249 255
    40 255 255 255 0 0 142 255 255 255 255 255 255 30 255 0 194 0 255 0
    255 255 0 99 224 255 213 0 47 211 255 255 0 0 0 255 255 93 0 15 95
    255 255 255 0 0 255 255 225 0 134 255 255 20 100 255 255 25 0 0 0 0
    255 255 255 203 255 255 255 0 255 0 255 0 0 0 255 137 255 0 38 255
    255 0 0 255 0 255 255 170 0 0 0 0 255 99 0 0 172 255 71 0 0 255 255
    0 152 0 255 255 255 0 255 0 0 0 255 255 255 0 0 255 255 255 113 255
    255 0 0 255 62 69 0 0 255 0 0 255 255 0 0 0 0 0 255 255 208 0 255
    102 255 255 90 0 0 223 0 0 255 0 0 0 135 255 255 255 255 0 255 160
    255 255 0 0 0 255 29 71 0 0 255 255 255 189 255 23 0 0 201 0 69 0
    255 0 0 0 143 0 136 255 255 255 0 0 255 255 0 132 0 255 154 255 255
    255 0 255 255 255 0 255 0 0 0 255 79 255 0 229 0 0 255 0 255 0 157 0
    0 255 0 255 0 255 76 0 255 255 38 255 183 0 255 0 255 255 0 0 191 0
    82 0 0 0 63 255 105 255 0 255 62 255 0 46 255 255 169 0 0 0 198 255
    218 0 0 226 175 0 255 102 0 255 178 255 0 0 0 255 255 255 0 0 0 255
    255 0 0 202 129 255 0 163 0 0 0 255 0 255 205 255 0 0 251 255 0 0 0
    239 255 255 255 11 255 255 0 0 0 0 0 255 255 255 255 132 255 0 66 0
    255 255 0 0 255 174 177 177 0 255 255 255 255 0 0 0 255 255 190 255
    255 255 0 0 0 255 255 255 0 0 0 255 4 0 0 255 255 171 255 0 0 131
    255 207 0 215 255 255 0 255 0 0 255 0 255 0 255 0 255 0 255 0 255 0
    0 0 255 255 131 83 214 255 0 0 0 255 255 0 228 255 255 255 0 137 0
    255 190 0 0 255 87 255 255 191 0 0 255 255 0 0 255 0 0 255 255 0 255
    0 255 0 209 255 255 247 206 0 0 255 0 255 255 0 255 255 255 255 0 60
    255 0 0 29 0 0 0 255 255 0 255 0 255 255 255 255 0 171 0 255 0 255 0
    72 255 141 255 0 0 255 255 7 222 0 255 0 255 0 255 179 75 0 72 255
    25 0 157 212 0 0 0 255 255 0 255 0 0 0 0 254 147 255 194 255 0 255
    115 115 0 0 255 0 255 0 0 255 0 255 0 255 255 255 0 216 255 255 127
    255 0 0 0 255 0 0 255 140 0 0 0 0 255 185 255 175 0 0 142 255 0 0 0
    255 236 0 255 255 80 0 0 70 0 255 255 244 0 255 71 255 0 33 0 255
    255 255 255 3 0 0 0 255 255 255 255 0 0 0 158 255 0 115 255 255 101
    255 0 0 255 255 0 0 0 255 255 255 0 135 137 137 255 255 0 13 255 140
    255 255 255 0 205 0 248 255 44 200 255 0 0 8 255 255 255 255 0 255 0
    0 0 0 255 255 0 255 0 255 0 255 0 188 255 255 235 0 255 0 0 0 0 255
    0 255 0 255 51 118 0 0 42 255 255 0 255 0 255 0 255 0 255 0 0 39 0
    255 0 255 255 255 255 255 103 139 47 0 0 0 0 255 255 15 220 188 255
    0 255 0 255 46 255 0 0 0 255 255 255 0 0 255 0 0 0 238 220 255 0 53
    15 177 0 0 29 0 0 0 163 255 255 255 0 0 255 255 230 4 23 255 0 89 0
    0 0 0 255 255 255 255 0 255 66 71 0 222 0 169 0 0 255 170 255 255
    255 255 255 255 255 0 0 0 179 219 0 255 255 255 0 0 255 0 255 152
    155 255 0 0 255 255 255 0 255 0 255 0 45 0 255 0 49 0 0 0 255 0 0 0
    255 255 0 0 0 142 255 30 255 2 255 189 219 0 255 255 190 241 255 0 0
    156 255 255 0 255 255 0 93 0 255 144 255 0 0 255 19 0 0 255 255 255
    255 255 0 0 212 255 0 0 0 176 27 255 255 255 0 0 255 99 255 0 255 33
    249 0 255 0 47 193 255 101 106 0 255 0 255 0 206 255 11 193 0 0 0
    255 34 19 0 255 0 255 255 255 255 0 76 99 255 0 156 0 0 255 255 0
    239 0 159 255 255 255 0 0 255 255 0 255 255 255 0 0 131 255 255 0 0
    0 0 255 0 196 24 159 0 0 0 255 255 255 54 0 153 255 255 0 0 0 255
    125 255 0 212 0 255 255 255 155 255 255 0 255 255 0 0 0 93 11 255
    255 0 255 0 255 255 33 0 255 255 255 255 0 0 89 255 255 255 0 0 0 0
    0 0 255 120 163 32 207 0 0 82 0 136 0 255 0 72 0 0 255 255 255 255 0
    0 255 255 0 0 9 255 187 255 8 74 255 255 234 255 101 0 51 255 255 0
    0 0 0 255 0 0 255 149 255 0 136 255 255 0 199 46 255 47 255 0 255
    255 255 0 0 0 0 0 255 1 255 74 230 255 18 14 255 255 5 255 0 255 0 0
    0 255 187 255 0 255 0 0 0 255 23 0 0 129 255 0 217 132 254 255 0 255
    0 255 255 255 0 0 255 255 0 0 0 255 182 0 0 255 0 255 0 243 255 255
    129 0 255 5 255 0 234 43 255 0 255 245 255 0 0 186 255 255 0 24 0 81
    255 0 0 110 255 68 0 0 0 119 255 255 0 0 0 122 0 0 255 0 0 255 255
    255 255 69 255 0 212 0 255 0 255 222 0 0 0 0 0 255 255 255 199 255 0
    0 0 0 255 209 0 0 0 255 255 255 0 198 0 0 255 255 255 0 125 0 0 255
    255 255 0 255 0 246 0 255 0 85 0 255 0 234 0 255 140 255 255 0 104
    255 123 0 255 0 255 255 255 255 0 255 255 255 255 0 255 255 123 0
    209 255 255 37 0 0 255 255 255 0 255 0 255 0 80 0 0 255 255 255 96
    221 0 0 0 255 255 255 255 0 0 0 255 0 0 0 255 255 122 255 255 255 0
    255 0 85 255 255 0 0 0 156 255 255 0 0 255 0 255 0 255 0 0 255 0 0 0
    181 0 0 255 255 48 0 0 0 255 255 0 0 0 255 255 255 0 217 255 18 0
    255 181 255 0 255 0 255 238 255 255 0 0 255 85 255 0 0 0 255 125 255
    0 255 255 0 64 0 190 0 255 0 255 0 255 14 255 255 255 255 126 255 0
    192 0 69 255 255 117 255 255 0 255 17 0 255 0 33 0 0 0 255 0 255 91
    255 255 116 0 0 122 255 0 255 0 255 0 0 230 190 255 255 0 0 0 0 0
    255 255 30 0 255 71 0 0 255 178 255 0 0 0 255 255 0 0 0 255 255 255
    255 99 0 255 0 223 255 255 0 0 0 111 62 184 255 255 0 0 255 255 255
    0 0 255 255 134 255 0 255 255 0 10 255 200 0 19 255 255 255 0 0 0 0
    0 0 0 255 0 223 71 255 205 146 0 245 255 255 255 156 0 172 255 0 159
    0 255 255 255 255 255 0 0 0 255 210 0 0 0 0 0 60 255 255 42 255 42
    255 0 76 0 0 0 255 42 255 0 230 0 255 0 255 255 255 255 0 250 153
    255 33 0 255 255 255 0 150 255 0 0 0 0 255 178 255 0 11 0 255 0 255
    0 255 255 0 255 0 255 0 200 80 0 198 0 225 255 255 0 213 0 0 0 0 255
    0 255 0 255 189 255 0 255 114 127 157 255 0 255 0 234 0 255 0 255 0
    0 0 255 255 255 230 0 0 0 0 86 0 255 29 184 0 255 255 0 180 48 255
    255 255 0 0 255 255 0 255 54 0 90 255 54 17 10 0 0 0 255 193 255 0 0
    0 255 253 0 0 138 0 255 0 255 231 255 255 255 0 0 0 255 0 147 0 179
    0 255 0 255 208 255 177 255 255 255 0 0 0 0 88 206 255 255 47 16 255
    255 0 0 0 255 136 255 255 0 196 0 255 0 0 0 255 0 255 0 0 255 0 255
    0 244 0 0 0 0 255 255 0 0 255 255 255 0 60 0 0 255 0 0 0 255 0 255
    255 255 0 203 255 255 255 0 255 255 255 255 11 0 0 255 255 255 29
    255 0 0 0 9 255 0 0 255 255 255 255 255 0 0 248 255 0 0 255 255 255
    0 0 255 255 0 0 180 0 255 255 255 0 0 0 92 0 0 255 0 255 0 154 0 0 0
    255 162 255 0 255 255 0 0 255 255 0 119 0 255 0 0 0 255 174 255 255
    0 222 255 0 255 0 255 0 255 0 255 255 255 255 255 0 31 255 255 255 0
    0 0 0 255 255 137 0 255 78 255 0 0 255 255 255 0 255 0 0 255 255 37
    0 0 0 0 0 11 255 0 0 0 255 102 0 0 67 0 0 239 255 0 255 255 195 255
    0 0 143 255 0 199 0 255 255 255 0 255 0 177 147 255 0 255 255 0 255
    0 0 53 255 0 255 73 255 0 255 0 255 255 0 255 255 255 77 255 228 0
    255 0 190 255 255 109 255 0 0 0 255 255 255 0 255 255 3 0 0 0 0 255
    0 255 0 255 0 23 0 255 0 255 255 255 0 255 197 73 255 255 0 142 0
    255 0 0 255 0 0 221 255 0 0 255 0 255 0 255 224 0 0 156 255 0 255
    150 255 255 255 0 0 31 255 255 255 97 0 0 182 96 255 54 0 255 0 255
    0 0 0 255 0 255 0 0 0 229 201 251 255 255 0 255 0 66 0 0 0 0 255 255
    255 0 255 255 8 255 0 190 255 0 255 0 0 0 219 255 255 121 0 255 5
    255 0 0 255 255 255 0 0 255 0 0 0 255 255 255 77 255 0 76 255 180 0
    255 255 255 0 0 255 255 0 0 0 0 255 255 255 255 0 59 0 0 255 255 186
    250 6 255 0 255 23 255 255 255 255 147 0 0 113 255 255 0 0 0 165 145
    0 0 0 255 255 255 0 0 0 0 255 0 187 0 255 255 255 86 255 255 0 0 255
    0 0 254 255 255 252 0 0 255 0 255 255 255 255 0 62 0 0 184 255 0 255
    255 99 0 0 255 255 255 248 0 255 255 0 0 0 0 255 190 255 0 255 44
    255 101 255 220 255 0 255 33 255 0 192 255 0 255 255 255 0 255 255
    255 0 93 0 255 255 33 0 255 255 255 0 116 0 255 255 255 255 34 0 255
    255 0 255 229 255 255 247 239 158 162 255 0 0 255 255 255 255 0 0
    114 255 255 184 255 80 0 0 0 255 0 91 0 255 27 255 0 255 0 255 0 0 0
    0 242 110 255 0 0 221 0 255 255 255 255 0 255 255 88 255 255 255 223
    255 0 0 0 255 255 255 0 253 255 218 20 0 255 255 9 255 0 255 255 229
    0 18 255 255 255 0 255 0 255 71 0 255 0 255 56 255 203 255 255 0 255
    0 0 0 0 200 255 0 217 0 0 255 21 255 162 255 0 113 34 0 255 0 0 189
    0 0 255 255 4 255 255 0 0 0 255 0 0 36 255 255 0 0 255 220 0 0 255
    255 0 0 0 255 0 255 0 0 255 255 89 255 255 0 210 255 96 0 229 188
    255 255 255 255 174 255 0 255 0 163 69 255 0 255 0 255 255 192 255
    255 0 0 0 255 0 255 0 255 164 161 0 255 45 255 204 0 0 255 255 15 82
    22 255 0 255 0 255 255 155 0 0 0 68 255 0 0 0 255 89 255 255 0 2 157
    87 255 98 0 0 211 255 0 0 0 255 255 255 250 255 255 255 2 0 255 0
    175 255 255 101 0 255 104 0 0 255 0 40 0 255 255 0 120 0 3 0 0 211
    255 0 255 0 255 0 161 0 255 255 0 0 246 106 42 255 255 0 255 0 255
    255 0 255 0 255 0 0 255 255 255 218 0 255 255 255 255 255 191 0 232
    224 66 0 125 255 255 0 0 0 255 255 255 0 255 255 242 255 0 255 0 255
    0 255 0 255 0 255 255 255 255 0 255 255 255 0 0 0 239 234 52 0 0 255
    9 235 255 255 255 255 0 0 0 0 255 255 0 0 0 255 255 255 255 0 0 0
    215 255 255 255 73 255 255 230 114 255 0 20 0 0 0 0 255 0 255 255
    255 101 0 255 0 222 38 0 255 0 0 255 255 255 34 255 255 0 0 42 0 255
    105 0 255 0 255 255 255 0 57 0 255 0 148 255 153 227 0 0 140 255 161
    0 0 255 136 0 255 255 0 130 0 0 0 0 255 255 102 0 0 255 135 255 0
    174 0 255 255 0 255 0 255 0 255 255 171 0 0 255 255 68 0 0 255 0 255
    0 255 0 104 0 255 255 130 0 118 255 255 255 0 0 0 255 0 255 180 255
    0 0 255 0 0 168 255 195 255 0 255 255 0 0 112 163 255 255 0 255 0
    255 0 255 255 74 0 0 0 125 255 0 255 255 255 0 255 255 255 89 255
    255 160 255 255 0 255 255 0 0 0 255 183 240 255 237 0 255 255 255
    104 131 255 0 0 98 0 255 255 255 0 0 0 255 38 255 0 0 255 0 0 0 255
    255 0 0 0 255 0 0 255 156 0 75 255 255 255 0 0 45 33 0 255 183 255 0
    255 124 0 255 0 255 0 89 255 255 14 0 0 47 255 255 255 0 0 53 0 0
    126 0 117 0 255 44 255 255 123 174 0 10 0 255 0 128 10 75 178 0 255
    255 255 178 255 0 0 0 62 255 0 255 255 255 255 0 255 255 0 255 0 0
    255 43 0 0 0 115 0 146 0 0 0 0 0 0 0 255 0 255 118 255 255 255 79 6
    0 0 0 255 255 0 97 0 0 255 131 0 0 255 107 255 0 255 0 255 0 0 255 0
    255 255 255 255 255 0 116 255 255 0 0 134 0 0 0 255 255 255 222 255
    255 0 0 255 255 0 196 0 0 150 255 255 0 255 255 255 255 17 0 255 0 5
    0 0 0 0 0 255 255 255 255 255 0 0 0 255 0 0 0 255 255 255 255 0 255
    200 255 255 40 235 255 255 0 11 0 0 0 255 255 205 0 0 134 255 255
    148 119 255 255 0 255 10 0 0 0 255 255 47 255 255 255 255 0 0 0 255
    0 255 0 255 0 255 255 33 0 255 255 255 0 0 0 0 255 44 255 255 10 0 0
    0 168 255 0 255 255 255 255 202 0 0 255 0 255 0 255 255 255 0 255
    209 0 255 0 255 171 255 0 0 102 0 255 0 171 255 255 255 96 94 0 255
    0 255 255 121 255 255 255 248 255 0 255 145 0 74 0 29 255 0 255 0
    255 0 0 0 255 255 255 0 255 255 0 0 0 255 87 255 0 0 0 142 255 0 255
    0 0 0 0 12 255 219 0 32 0 65 0 255 0 255 255 255 255 0 113 255 255
    255 0 216 0 0 0 0 255 255 0 255 0 255 255 0 0 0 255 255 255 0 0 0
    255 255 255 0 0 255 255 255 0 0 0 0 255 116 255 93 0 0 255 255 0 77
    0 0 255 40 255 255 234 54 0 255 24 255 0 61 255 255 255 0 0 0 0 250
    255 255 255 255 255 0 0 76 255 255 0 255 255 0 0 255 168 255 0 255
    81 233 0 0 0 255 0 0 0 183 0 255 0 255 0 9 0 204 106 0 0 52 115 132
    189 0 0 255 255 255 0 0 72 0 134 255 0 0 0 255 0 0 0 255 255 255 0 0
    255 0 255 0 0 0 241 97 187 131 0 0 255 255 255 255 0 0 0 30 255 33
    255 67 0 0 255 255 0 0 208 255 137 0 0 0 43 109 255 255 255 255 255
    0 255 0 0 106 163 129 0 255 255 0 0 0 255 0 255 255 0 0 0 255 255
    255 255 255 255 255 0 0 0 0 255 0 255 55 100 255 0 0 0 255 255 255
    255 106 0 255 80 0 0 0 255 34 0 10 0 177 0 255 255 255 255 255 0 255
    69 255 126 255 0 0 192 255 255 56 129 24 0 255 0 0 255 255 255 0 0
    255 255 49 255 0 0 41 185 0 0 255 255 34 0 0 0 255 0 255 0 125 175 0
    255 255 255 255 92 255 0 0 255 255 255 0 0 0 0 0 0 255 0 0 228 255
    255 0 0 0 255 163 0 255 0 255 0 0 131 121 0 255 0 255 10 255 255 95
    0 0 255 0 255 0 255 0 0 0 255 255 255 0 255 0 189 0 255 255 162 0 0
    255 217 0 255 0 0 0 95 21 255 255 255 105 176 255 0 0 0 255 255 0 0
    0 0 195 255 255 255 255 0 0 0 172 37 0 0 0 0 255 0 214 0 184 255 249
    160 208 255 0 255 0 255 255 255 255 255 138 0 128 255 0 255 255 0
    126 0 0 0 255 255 0 255 154 253 0 255 255 132 0 255 255 22 255 0 255
    255 255 0 0 0 255 255 190 0 184 241 255 7 255 81 0 0 0 255 72 255 0
    255 155 0 255 255 255 0 0 255 211 255 0 5 0 255 255 255 0 139 174 74
    0 255 0 253 255 255 0 255 0 255 255 255 255 122 255 255 0 255 0 237
    0 0 33 153 255 0 255 0 255 0 255 0 255 0 21 255 243 0 255 255 0 255
    255 255 0 17 188 255 27 0 73 0 44 0 255 134 255 0 0 0 255 255 255
    242 53 255 0 0 255 255 255 30 255 255 0 0 0 0 0 100 255 118 3 0 51 0
    255 97 0 255 255 255 0 0 96 255 183 255 0 248 0 0 255 0 255 0 0 0
    255 255 171 0 0 255 255 171 255 0 255 63 215 87 0 206 72 255 255 255
    0 255 0 0 0 255 255 0 255 255 255 255 255 0 0 0 67 255 142 0 255 0
    198 0 0 0 255 189 255 255 210 0 189 98 0 239 255 255 0 0 155 255 255
    0 0 131 255 140 156 0 255 255 255 255 255 255 0 255 255 0 255 0 255
    0 255 0 93 0 0 0 255 0 245 0 225 0 255 255 255 0 255 0 66 157 255
    255 0 255 254 0 0 55 0 0 161 151 255 0 255 0 255 0 149 0 0 255 255 0
    0 0 0 255 255 188 255 245 255 0 255 255 255 214 0 255 0 255 255 255
    0 0 15 255 0 0 168 0 255 255 217 0 255 255 0 60 255 0 0 255 255 255
    0 0 255 255 0 0 255 255 130 255 0 255 0 118 255 40 255 221 255 255
    255 0 255 255 27 0 0 0 255 0 255 255 255 0 161 0 0 255 0 255 56 255
    255 255 255 255 242 255 255 0 0 255 255 255 0 0 0 83 255 0 0 199 234
    255 0 255 0 0 255 25 255 0 0 0 0 255 0 0 0 225 126 12 39 255 255 255
    0 255 0 0 255 0 0 75 6 255 0 0 141 0 0 255 0 176 0 255 0 0 0 255 255
    255 0 0 0 255 255 255 0 56 255 255 235 0 0 0 0 135 0 0 209 255 255
    255 0 0 255 255 184 0 255 255 255 0 0 96 255 255 115 0 0 0 255 11
    124 255 130 221 0 0 255 0 189 255 255 0 0 255 166 255 0 0 172 231
    251 255 173 0 255 255 255 0 255 255 0 255 0 0 79 255 100 255 255 255
    224 0 0 0 0 47 255 0 0 167 0 62 0 255 0 231 0 255 0 0 164 49 255 0
    255 255 169 0 0 0 255 0 255 255 255 47 0 255 0 0 255 255 255 0 255
    255 0 0 0 255 255 255 87 0 0 0 0 237 0 255 255 255 255 97 0 39 198
    169 171 0 0 255 174 255 140 0 229 1 255 0 104 0 255 255 227 0 0 255
    0 255 255 255 0 255 0 255 255 0 180 0 0 52 0 0 255 255 81 0 0 218 0
    98 0 255 0 255 255 253 0 135 243 0 227 0 48 255 28 0 0 255 182 255
    175 132 0 255 0 255 255 255 0 255 255 255 128 255 106 0 255 0 198
    255 255 189 0 133 0 0 204 162 255 0 255 0 0 255 76 0 0 0 255 255 255
    255 255 38 0 0 0 0 126 0 0 0 255 255 255 255 214 255 255 0 0 255 66
    255 0 0 255 106 255 0 208 183 255 0 0 0 255 255 255 0 0 255 255 255
    0 255 212 0 255 255 0 0 0 255 255 255 0 0 255 255 0 0 255 0 255 0
    123 0 255 39 255 0 0 51 255 255 255 0 255 127 255 0 255 252 0 255 0
    165 170 255 255 0 0 255 255 0 255 255 255 255 0 0 0 0 35 39 255 0
    255 255 0 0 0 255 255 255 255 206 255 255 26 255 255 255 0 0 76 0
    255 255 255 0 0 0 255 0 255 255 0 0 255 60 255 139 133 0 0 0 61 255
    255 0 0 0 255 0 255 0 255 0 0 255 118 255 0 0 0 219 255 255 0 0 0 0
    255 0 255 255 255 255 0 255 0 21 255 124 66 0 121 0 0 255 0 255 0
    255 0 0 70 255 236 255 255 255 255 0 33 81 96 255 0 0 0 255 255 255
    255 0 0 0 130 0 255 0 255 140 255 255 0 0 255 255 140 98 0 0 255 255
    255 255 0 0 255 0 0 0 156 0 255 0 211 0 255 255 255 0 255 0 54 0 0 0
    255 0 166 255 255 106 0 255 0 255 205 255 255 255 255 107 0 0 207
    255 255 192 0 225 255 54 255 0 0 0 0 0 229 255 255 0 0 0 255 255 255
    0 0 0 0 0 255 255 255 233 17 0 0 255 255 255 255 255 112 0 0 255 0 0
    0 255 255 255 0 0 242 255 255 255 255 0 0 0 255 255 0 153 0 255 255
    0 0 0 7 0 225 110 255 255 255 0 0 255 255 4 255 0 0 0 0 247 255 255
    0 0 76 255 0 0 255 29 255 52 255 255 0 255 255 255 0 140 255 13 255
    255 0 0 0 255 0 255 0 255 125 255 255 59 0 0 255 0 0 255 0 32 0 255
    118 255 255 255 0 0 0 0 0 255 0 0 0 255 0 255 255 132 0 0 0 255 168
    255 0 0 255 0 255 0 255 0 0 0 0 0 255 255 255 0 0 0 50 255 255 255 0
    131 229 255 0 0 0 255 255 255 0 55 0 255 0 255 255 255 0 255 0 255 0
    255 255 48 0 80 169 27 150 0 0 255 255 255 255 198 255 255 149 0 0 0
    0 0 255 255 255 0 0 0 0 255 255 68 15 0 0 0 0 255 255 255 0 255 255
    0 255 0 255 96 255 0 255 221 34 108 118 0 0 255 0 75 0 255 255 0 0 0
    255 209 0 255 232 0 0 0 49 0 0 255 232 255 0 0 0 255 60 0 255 0 255
    255 0 0 0 255 221 255 0 255 0 0 0 0 0 0 64 166 255 255 75 255 46 0
    42 255 255 255 255 0 0 255 255 255 194 0 255 0 0 0 0 0 255 255 255
    186 0 123 0 130 255 255 66 0 0 255 74 0 0 0 255 0 255 0 0 255 255
    255 139 0 0 0 255 255 0 0 255 0 34 0 0 255 0 0 255 255 255 0 0 0 0 0
    128 255 255 255 0 0 49 0 0 0 0 255 169 0 0 218 255 255 255 0 0 255
    82 184 0 255 255 255 56 36 255 211 26 0 255 0 255 0 255 0 255 249
    255 255 219 0 255 255 255 0 255 0 0 245 255 255 255 0 255 255 255
    190 78 111 29 0 0 78 204 62 0 176 163 0 0 255 255 158 0 255 196 255
    0 0 255 255 255 0 255 255 0 0 0 122 0 255 255 1 0 255 255 90 0 0 58
    0 255 184 29 0 0 255 245 0 255 88 255 0 0 0 255 255 255 255 255 0 0
    0 255 255 255 255 255 255 160 0 0 0 0 57 255 255 255 0 0 255 255 0
    157 0 255 255 0 0 0 255 0 255 0 255 0 255 0 255 255 255 222 60 0 0
    28 255 255 255 0 255 26 255 255 255 0 0 0 255 255 255 152 255 0 0
    178 255 90 255 0 40 255 255 0 255 131 108 0 0 255 139 0 255 0 255 0
    0 255 255 255 255 255 26 0 0 0 255 0 255 0 0 0 255 0 255 0 255 0 0 0
    101 255 0 0 196 255 0 255 255 0 162 0 255 0 255 0 143 255 255 0 0
    255 249 255 255 255 0 0 255 255 40 0 255 255 255 255 0 0 0 135 255 0
    255 255 255 0 0 0 0 255 0 255 0 255 0 0 255 0 255 0 185 0 0 255 204
    170 255 255 0 255 0 255 0 255 255 0 0 255 0 255 0 0 255 90 225 0 151
    173 198 255 255 1 97 0 255 0 0 255 255 255 142 0 124 255 255 0 0 0 0
    255 0 255 255 194 235 0 0 35 255 168 0 0 255 0 255 0 0 0 255 255 43
    29 106 0 255 77 0 255 0 255 0 213 171 51 255 255 0 5 0 255 0 0 0 0
    255 0 255 0 255 255 105 255 0 0 85 255 255 0 255 255 255 0 15 255 0
    255 0 0 163 0 255 69 255 0 0 160 0 40 0 255 255 255 0 255 0 0 0 113
    255 255 0 0 0 0 138 0 255 0 0 9 0 41 0 255 0 255 71 255 255 255 255
    0 0 255 255 255 0 255 0 52 255 0 255 255 255 0 255 0 255 255 0 255 0
    255 0 0 0 223 0 0 0 0 160 0 0 0 255 192 255 112 194 0 255 255 0 29 0
    0 0 255 255 0 105 0 255 0 255 255 0 158 104 0 0 204 255 0 0 0 127
    255 237 0 0 255 255 255 0 255 0 255 234 232 0 97 0 255 39 0 255 255
    255 0 255 0 0 0 0 255 255 255 255 255 0 226 0 0 161 63 255 0 255 0 0
    255 255 255 0 0 0 255 0 255 255 109 255 0 0 0 255 255 0 0 0 0 0 255
    255 255 155 255 255 0 255 0 255 0 255 0 0 0 255 0 255 212 255 0 148
    255 255 58 215 0 0 6 255 255 255 255 0 0 0 85 225 84 0 234 186 255
    255 0 24 200 255 0 0 255 255 255 0 255 0 255 0 0 0 145 0 255 0 0 255
    255 0 0 255 255 255 255 0 0 0 255 182 52 0 0 255 255 129 0 0 255 255
    255 255 255 0 0 255 0 255 255 255 233 255 0 255 255 255 64 0 255 0 0
    255 242 101 255 255 255 0 0 0 43 0 0 255 0 255 255 192 222 255 0 33
    0 255 0 234 0 0 255 255 255 255 0 255 0 255 106 154 0 255 227 131
    255 255 255 0 0 0 255 255 142 0 255 255 115 0 255 255 255 0 0 0 0 0
    13 255 255 0 255 190 6 0 0 0 255 255 105 34 0 0 255 255 255 255 255
    216 0 0 98 255 139 85 0 255 255 0 0 126 0 181 0 255 242 255 255 255
    0 0 173 255 255 255 0 0 213 179 0 0 0 255 97 0 255 0 0 0 0 255 255 0
    0 0 0 250 0 255 255 255 255 123 0 255 0 255 255 0 255 0 255 0 255 0
    209 0 0 201 119 88 0 0 255 255 255 183 255 0 0 201 255 0 88 194 255
    0 178 255 255 169 255 255 255 0 62 0 75 255 255 255 255 0 0 255 255
    0 193 57 121 57 0 0 216 0 255 255 255 0 255 255 255 255 0 0 0 0 0 0
    255 255 0 0 0 0 255 255 255 0 255 0 255 170 250 0 255 0 255 0 70 0
    255 255 255 0 0 0 255 73 255 0 255 0 113 255 255 0 0 0 255 255 0 255
    157 0 0 0 255 255 255 0 255 0 130 134 88 255 0 231 0 255 255 0 255
    255 255 28 0 255 204 159 0 255 0 255 255 0 0 255 96 255 148 116 255
    0 0 255 0 73 0 160 255 255 220 255 228 77 0 111 0 0 255 143 137 255
    0 44 255 0 0 0 255 0 0 0 255 0 0 0 255 0 176 127 0 255 0 111 255 0
    255 127 255 255 6 178 0 48 0 255 0 142 0 183 151 0 255 0 255 0 255
    53 255 236 255 0 255 255 214 0 27 0 255 255 255 0 0 255 149 0 255
    255 255 242 0 255 210 255 0 255 49 255 0 255 141 255 0 0 255 255 0 0
    0 255 0 255 0 255 0 255 0 255 255 109 217 0 255 255 0 255 0 0 0 255
    255 255 255 0 0 255 0 255 255 0 0 113 119 255 0 255 255 0 138 0 15
    255 255 255 255 0 227 255 255 0 12 242 255 0 0 0 133 255 255 210 87
    228 0 0 0 0 255 255 255 0 20 57 255 0 255 255 255 0 255 255 19 255 0
    255 255 0 255 0 176 255 136 0 164 255 0 0 0 0 255 81 166 0 105 255 0
    41 0 255 255 99 0 0 0 0 255 255 0 255 0 255 0 255 252 255 0 0 255 0
    105 152 255 255 246 0 0 255 255 255 0 226 255 255 157 27 113 217 255
    255 255 0 255 0 0 0 255 175 255 27 255 41 234 0 255 255 255 255 0 0
    255 255 81 0 0 0 0 255 255 0 255 0 255 0 188 255 255 0 0 133 255 255
    58 166 0 7 255 0 0 255 255 255 0 255 255 255 0 255 0 255 240 255 242
    0 0 0 0 0 255 255 255 50 255 116 0 0 0 0 0 255 169 255 255 255 0 246
    0 255 0 41 0 0 255 255 15 0 0 255 0 255 255 255 0 0 0 0 0 72 97 0
    146 255 83 137 0 255 232 255 255 193 255 0 255 0 0 0 196 149 255 255
    33 33 255 0 191 0 255 255 255 0 0 27 255 255 0 0 0 133 0 0 255 255 0
    0 0 255 0 0 0 255 255 53 0 255 0 255 0 255 0 0 0 45 255 255 0 230 0
    255 159 0 164 250 255 255 0 255 255 0 0 0 0 255 0 255 0 0 255 255 0
    0 199 255 199 255 0 85 255 255 0 0 0 255 255 255 0 122 255 186 149 0
    255 0 229 0 255 255 0 0 0 0 123 255 255 0 255 58 255 0 0 255 171 0
    255 0 255 0 43 0 255 0 0 0 39 0 255 0 255 255 0 0 27 129 39 255 255
    255 0 217 164 0 255 0 255 255 0 0 255 255 0 0 151 255 255 0 0 0 0 13
    255 255 255 194 0 0 0 184 255 255 0 206 246 255 255 117 0 255 0 115
    43 255 236 0 5 255 44 0 255 0 255 0 225 0 0 255 0 255 103 4 80 125
    255 112 213 157 194 255 234 255 255 205 0 0 255 0 255 255 255 238 0
    255 255 0 0 0 0 255 189 255 149 0 255 0 255 0 255 0 112 255 255 255
    0 255 0 0 255 255 67 0 127 255 255 0 0 40 255 0 255 255 255 0 0 255
    255 174 232 0 0 0 255 255 255 0 0 0 0 255 255 0 0 0 0 255 0 0 0 255
    176 255 0 0 0 0 255 255 255 255 0 0 0 255 102 255 0 4 197 255 255
    255 179 255 0 255 255 72 0 0 255 255 0 174 0 255 0 255 13 255 0 255
    8 255 255 0 0 255 255 255 107 0 231 0 255 255 255 255 0 255 0 255 0
    255 0 206 255 255 26 0 255 109 0 255 105 0 0 0 255 255 255 0 255 0
    255 0 255 0 0 0 176 222 0 19 111 255 255 0 190 0 0 85 0 255 255 255
    129 0 103 0 255 243 255 255 184 0 255 255 255 33 0 0 255 255 0 255
    219 255 255 105 0 170 255 0 204 0 255 255 0 0 0 0 255 255 65 0 0 0
    127 0 255 56 255 86 255 0 0 0 0 255 255 255 255 124 0 255 0 118 255
    255 0 0 255 193 128 0 255 0 0 255 0 0 68 0 138 0 0 255 255 255 0 0
    255 0 255 79 255 255 0 0 255 255 0 5 0 255 255 145 255 0 255 0 255
    255 0 255 0 255 183 0 255 255 255 0 0 255 99 0 0 0 255 0 255 255 255
    0 0 53 0 223 255 255 255 174 185 255 255 0 0 0 222 0 255 255 47 205
    0 89 0 238 255 255 0 157 255 0 255 0 255 0 0 0 255 255 0 0 24 255
    233 0 0 55 255 137 255 0 255 12 0 41 47 255 255 255 0 255 0 120 0
    255 85 255 0 165 0 255 255 255 255 0 0 150 99 255 0 0 255 255 122
    255 86 255 0 0 205 255 255 255 85 142 0 255 0 235 255 0 0 255 255
    255 0 0 93 255 128 0 0 0 255 0 255 119 155 255 255 255 0 255 0 255
    255 255 0 0 65 0 0 0 255 179 255 255 53 0 0 124 255 255 0 255 0 255
    0 21 255 60 14 0 0 0 255 255 255 0 255 0 222 255 0 255 255 0 0 0 255
    255 255 0 0 0 255 140 0 0 111 255 255 255 11 255 255 0 255 205 255
    255 0 0 0 188 233 255 255 255 0 0 2 0 0 0 255 255 255 255 0 0 255
    144 255 0 255 0 0 0 255 255 255 255 255 0 0 255 0 0 0 171 0 0 255 0
    164 255 255 92 146 0 0 0 255 0 0 0 255 255 0 0 0 169 0 97 144 255 0
    0 33 255 60 200 3 0 255 0 255 230 255 255 0 0 0 255 243 255 0 235 88
    255 90 2 255 0 41 23 255 255 202 255 255 0 0 222 0 255 0 255 0 255
    255 0 0 10 134 255 255 255 255 0 0 0 0 149 255 255 0 0 255 0 255 0 0
    255 20 186 0 0 255 0 0 0 0 0 255 255 0 0 255 255 167 0 184 255 255 0
    255 0 0 0 0 0 6 113 255 214 255 0 0 80 255 255 255 255 255 72 0 0 27
    0 0 255 207 0 0 255 0 0 255 255 255 0 0 0 255 255 255 0 191 0 255 0
    255 255 255 0 0 216 255 255 107 255 0 0 255 255 0 0 255 255 255 0
    126 255 255 0 255 0 0 211 0 0 0 103 0 83 84 255 255 0 0 255 49 255 0
    141 0 137 255 207 255 5 255 0 0 255 182 255 0 0 255 0 255 0 0 0 223
    0 0 160 0 0 255 255 0 0 80 255 255 255 255 0 0 0 255 255 251 0 210
    255 104 255 161 0 0 253 255 255 255 255 0 255 0 255 255 255 0 0 255
    0 92 0 50 239 255 255 255 0 0 255 143 255 255 26 0 29 255 255 84 255
    129 123 255 255 0 173 255 255 245 210 255 84 0 66 255 255 0 0 255
    255 0 65 0 255 255 255 156 9 0 124 255 0 0 255 0 0 255 255 255 0 227
    255 22 0 255 255 255 29 255 0 255 247 145 0 0 255 215 255 255 0 0 33
    0 255 0 255 0 255 222 0 0 0 255 0 255 0 255 140 255 0 0 0 255 255 18
    0 198 255 238 255 0 0 203 0 90 255 255 0 0 0 255 0 255 99 255 161
    168 0 190 255 125 255 255 255 255 255 0 0 0 255 0 214 0 255 255 51 0
    0 0 255 255 0 0 255 255 255 0 0 0 255 0 0 0 255 0 63 0 255 0 0 90 57
    255 22 255 0 255 255 0 0 252 255 170 0 255 181 255 101 220 255 224
    103 0 0 115 255 255 0 255 0 0 0 0 85 0 255 248 160 0 255 255 255 0 0
    0 255 255 126 255 0 0 0 228 0 0 255 255 255 0 0 0 207 0 0 176 255
    255 52 0 255 0 255 0 0 0 254 255 252 0 214 255 255 0 0 0 17 255 0
    255 0 0 255 255 0 0 0 35 0 255 255 0 0 255 255 255 0 171 56 0 255
    255 255 0 192 0 0 255 255 255 0 0 80 0 0 232 255 0 255 190 255 0 255
    255 255 0 0 255 248 0 0 255 255 97 0 0 69 255 255 0 0 229 0 255 255
    255 47 255 0 255 255 255 0 255 0 140 0 0 0 255 0 210 0 255 0 255 0
    255 0 0 203 0 0 9 199 139 255 3 0 0 173 29 88 188 255 108 0 0 0 86
    255 158 0 0 0 255 0 255 176 255 0 0 172 255 255 0 0 0 0 255 255 255
    0 0 0 204 255 226 0 255 0 206 0 0 255 255 255 0 0 255 245 228 0 255
    0 0 0 255 0 0 0 255 255 0 255 0 255 255 255 0 0 255 100 255 0 0 255
    74 255 85 255 17 34 0 0 255 255 255 0 255 158 62 0 0 255 255 0 0 0 0
    255 255 0 0 255 255 255 0 235 0 0 0 133 255 0 0 255 0 0 0 255 255
    255 0 0 0 255 0 0 0 255 255 37 255 9 255 0 255 35 255 0 108 0 255
    244 255 135 0 255 255 139 0 255 255 0 255 0 0 188 255 255 0 178 0 0
    255 255 255 0 0 255 0 255 255 255 0 0 0 255 255 0 0 165 46 255 0 0
    255 0 255 0 0 255 255 255 0 0 0 0 255 255 255 0 255 255 224 0 0 0
    255 255 255 83 255 0 255 0 0 0 254 255 186 0 0 255 255 60 255 0 255
    255 255 0 0 0 241 255 74 0 0 80 255 255 255 166 255 255 0 0 0 255 0
    237 112 255 255 0 255 0 255 0 255 0 255 0 0 22 29 255 255 255 0 255
    49 0 0 251 255 255 255 0 255 255 18 255 0 255 0 0 0 255 255 27 0 22
    0 0 35 255 0 255 255 0 255 159 0 0 255 255 255 0 0 199 184 47 0 255
    255 0 200 255 255 0 85 191 255 255 255 0 0 255 0 32 0 255 255 255 0
    255 251 0 43 255 255 255 255 0 0 0 255 255 112 0 0 255 255 255 255 0
    0 0 255 0 255 255 68 141 0 49 255 255 0 0 255 0 255 0 255 255 255 0
    29 0 0 0 255 255 0 0 0 255 0 255 34 255 0 0 0 211 255 255 0 0 165
    255 255 255 0 131 255 255 255 255 194 0 120 255 0 61 255 255 0 0 255
    0 0 129 255 0 0 255 255 255 255 0 0 210 255 211 0 210 255 0 255 0 0
    0 1 255 255 0 0 255 255 255 78 0 28 255 255 0 255 255 0 255 0 255 0
    92 0 40 255 209 0 0 0 0 250 0 0 0 255 255 216 0 0 0 255 233 116 0
    255 212 0 0 255 42 0 18 255 255 0 0 0 114 0 104 0 255 75 0 0 0 255
    255 255 0 255 0 0 255 83 255 255 255 0 255 0 255 0 255 0 124 238 255
    91 0 0 255 143 0 0 0 255 255 10 0 0 255 255 63 0 154 255 0 255 117
    255 0 221 255 255 0 0 255 226 0 55 0 255 0 255 255 0 146 0 255 149
    255 0 0 52 22 0 255 0 7 0 255 250 255 255 255 255 0 0 0 0 0 158 255
    255 0 0 250 0 255 0 255 255 255 0 0 0 255 255 255 0 0 0 15 255 243
    255 0 215 0 0 0 255 255 255 0 44 0 29 177 255 255 226 255 71 255 0 0
    0 255 255 165 0 0 0 255 0 156 0 255 0 255 255 0 2 0 0 22 0 123 7 0
    76 255 0 255 0 255 0 255 0 0 0 255 102 255 0 255 0 118 0 255 182 255
    0 229 255 255 255 0 0 255 255 255 63 0 0 0 255 255 255 123 255 0 239
    255 255 0 0 0 255 255 255 0 0 255 255 255 255 0 255 0 162 0 0 255 0
    204 255 255 255 0 255 0 255 255 0 0 255 255 0 255 0 255 0 0 0 169
    255 255 0 255 255 255 0 0 253 0 255 255 0 255 255 255 255 0 0 255
    255 255 255 0 255 0 255 255 0 0 255 255 255 255 255 0 0 0 255 255
    255 0 255 110 0 255 0 176 0 255 255 0 0 253 197 0 0 0 255 0 255 0
    178 119 255 255 0 255 255 255 150 255 255 255 218 0 255 0 255 0 46 0
    252 0 255 0 41 255 110 0 0 255 255 102 0 255 74 255 0 0 0 255 39 255
    0 217 18 230 0 255 0 0 255 255 255 255 255 255 0 255 187 0 0 255 255
    255 255 0 255 0 199 0 255 198 0 1 0 255 255 0 0 255 255 0 255 0 0
    255 0 255 39 0 0 255 255 82 0 0 0 122 0 206 205 255 255 0 0 255 255
    255 69 255 0 0 255 0 0 0 0 254 0 255 0 0 255 0 203 0 255 102 182 241
    0 255 255 0 0 0 255 255 0 157 0 255 0 255 0 106 110 252 53 255 255 0
    0 163 0 0 255 255 255 0 0 0 0 0 0 0 0 255 255 0 255 255 98 255 167
    213 0 255 232 0 0 255 0 255 255 255 255 255 0 0 39 255 255 0 0 54
    161 25 255 255 0 0 255 206 108 255 255 255 0 0 0 255 0 255 0 255 255
    0 0 227 0 0 0 199 0 255 49 255 159 80 0 255 0 0 0 192 255 255 255 30
    0 0 255 176 20 208 255 255 255 0 255 0 0 255 255 255 0 76 0 255 0
    255 255 255 0 0 0 0 255 0 255 255 255 255 0 0 0 0 0 255 207 151 0
    255 255 24 0 0 0 0 255 0 255 20 128 255 56 255 255 69 255 255 34 0 0
    57 0 0 255 255 255 0 255 123 255 0 255 255 145 255 0 255 255 43 0 0
    255 255 255 255 255 255 255 255 56 0 0 255 255 255 104 29 255 96 0 5
    255 0 255 30 255 0 235 0 255 0 255 255 255 65 0 0 0 238 147 0 178 99
    0 255 132 199 255 226 116 78 255 255 255 71 255 0 0 0 255 0 255 0 0
    153 255 0 13 13 0 176 255 255 0 211 93 128 255 31 255 0 255 0 255
    255 0 255 0 0 0 61 92 255 255 255 255 28 0 197 0 255 0 255 48 255 0
    255 0 255 0 0 222 223 0 0 0 255 255 255 23 152 29 255 0 202 0 255
    238 255 255 0 225 0 28 255 255 215 255 255 255 0 0 0 255 184 255 0 0
    255 0 110 0 255 255 166 0 0 93 0 0 255 211 255 189 0 183 255 0 255
    255 255 0 0 236 0 255 0 255 249 255 0 0 255 0 23 0 0 0 255 255 0 249
    90 255 255 0 255 0 255 195 255 255 255 255 0 0 82 149 154 15 255 255
    0 0 0 227 255 100 255 0 255 255 255 0 93 0 161 0 255 255 0 0 255 255
    255 0 0 255 255 52 74 0 255 255 0 142 255 77 0 25 255 255 0 255 255
    0 0 153 207 0 0 255 0 213 255 26 0 0 255 255 0 255 0 0 0 255 0 255
    255 255 132 0 95 227 255 0 255 80 0 255 255 255 255 13 255 73 0 255
    0 255 0 0 0 255 255 239 0 255 0 0 0 255 255 255 0 27 0 126 220 0 255
    0 90 179 0 0 255 255 255 120 69 0 0 0 51 255 0 0 0 255 255 255 0 63
    0 60 255 0 255 255 255 0 0 0 255 255 255 255 229 14 29 0 92 186 0
    130 255 0 255 255 31 0 0 255 255 255 0 192 255 255 196 0 0 255 255 0
    0 122 255 0 255 255 255 209 0 0 144 0 255 0 255 0 0 0 255 255 255 0
    0 188 255 255 0 0 0 255 255 211 0 0 179 254 255 0 240 255 0 255 255
    0 0 0 255 255 255 0 255 0 255 0 181 0 255 255 0 255 255 0 0 0 0 164
    0 224 255 255 255 0 0 32 255 255 255 114 255 255 255 255 251 0 0 213
    255 28 255 122 0 255 244 255 255 255 0 0 0 255 0 255 0 243 0 126 255
    0 0 255 110 0 0 255 0 255 0 0 255 255 0 0 255 225 0 0 255 255 255 0
    0 255 255 255 0 196 17 255 220 0 255 0 22 255 50 255 0 255 255 85 0
    141 255 142 0 184 255 255 0 251 0 255 0 255 0 255 255 25 0 255 255
    255 167 0 255 255 0 255 255 0 255 0 255 131 0 255 255 255 0 255 255
    233 245 107 37 0 184 183 255 156 0 255 255 0 255 243 0 255 0 255 0
    255 81 255 18 0 255 255 255 255 255 43 0 255 128 164 255 255 0 255 0
    0 0 0 255 255 0 28 0 255 0 220 0 0 246 255 255 175 255 0 255 178 255
    115 255 0 0 119 254 255 0 255 0 0 0 0 255 255 87 255 255 255 151 0
    138 0 255 255 255 0 239 255 76 107 0 238 255 110 0 255 255 167 254 0
    0 0 0 255 255 245 0 255 0 0 15 255 255 0 0 5 0 255 75 126 255 255 0
    255 255 0 0 255 255 255 255 0 255 0 0 255 12 255 255 255 0 0 255 162
    97 255 148 203 0 255 0 255 0 255 0 255 255 255 0 0 0 255 0 255 0 255
    0 255 0 123 255 255 255 255 255 0 255 255 255 0 255 0 124 0 255 0 0
    255 138 57 113 90 0 255 193 0 0 255 255 255 0 0 0 108 0 255 0 255
    255 255 0 0 0 0 0 216 135 255 0 0 0 255 255 180 255 0 255 0 255 0
    255 0 172 255 0 0 225 0 255 0 255 0 255 0 255 255 255 0 0 60 19 255
    255 255 255 0 255 0 255 0 125 255 255 0 94 230 0 0 69 255 255 255 0
    0 255 0 255 0 255 0 0 255 115 255 0 0 0 201 255 175 72 255 0 0 255
    255 0 0 255 255 255 255 0 255 0 0 0 255 255 255 0 255 0 0 209 255
    255 0 255 114 0 255 0 255 4 255 0 255 255 255 255 0 255 0 0 255 0
    104 63 255 156 220 255 255 0 0 178 255 0 0 0 255 255 247 0 0 191 0
    255 255 255 44 0 51 0 255 212 0 0 0 199 255 160 255 255 255 12 0 255
    95 0 0 0 0 255 255 255 0 0 0 130 174 233 0 255 255 0 255 0 251 0 214
    255 255 255 255 255 95 0 255 29 92 0 255 0 0 0 227 205 158 233 167 0
    255 0 255 0 0 0 101 106 255 255 255 255 113 255 255 0 255 0 255 0
    255 57 255 93 0 255 230 255 0 0 115 255 255 255 103 0 0 0 0 248 0 0
    17 75 255 244 255 0 185 0 255 0 255 252 255 255 0 0 255 255 206 0 0
    255 255 0 255 235 255 0 0 255 255 255 0 255 59 0 0 255 255 255 0 55
    255 255 255 213 0 222 255 0 0 255 255 255 201 0 255 255 255 255 255
    0 255 0 255 255 93 0 0 142 255 0 230 255 255 255 255 0 254 0 138 231
    0 0 0 198 200 0 255 0 0 0 255 200 255 0 32 0 255 0 0 0 34 0 255 255
    255 255 0 0 0 26 255 255 39 0 255 0 255 255 255 168 0 0 0 255 0 255
    0 0 255 255 255 255 0 0 255 255 255 138 5 0 255 3 185 0 0 255 255 46
    108 0 255 255 61 19 0 255 255 255 0 0 0 255 255 0 117 0 255 0 255
    255 95 255 0 255 16 0 255 0 255 139 0 0 255 0 94 0 255 0 0 167 255
    255 255 40 255 207 0 255 0 255 0 0 0 204 255 118 255 0 0 0 0 0 0 122
    40 255 0 0 255 183 255 0 0 255 255 255 0 255 0 0 87 255 156 186 0 22
    11 255 0 0 0 255 3 160 179 255 236 194 7 0 0 144 255 255 255 0 255
    255 255 0 0 0 255 255 255 0 0 255 0 255 0 255 132 0 72 0 0 0 255 63
    255 0 0 0 0 255 255 0 0 0 0 241 0 0 255 0 0 0 255 255 255 255 0 0
    255 255 0 255 255 255 255 255 213 0 76 0 10 125 0 103 255 0 0 0 114
    4 255 89 0 255 255 255 255 0 0 255 0 170 255 255 255 0 254 255 255
    23 255 63 97 255 36 255 255 255 0 0 170 255 0 0 106 255 0 255 255
    255 0 255 0 0 255 255 255 0 0 188 255 0 0 208 255 2 255 0 255 0 255
    0 255 98 255 12 255 0 255 0 0 5 0 0 0 255 0 255 0 0 255 255 0 255
    255 118 69 0 0 0 0 0 255 0 255 0 255 112 255 77 255 231 0 0 24 255
    255 0 142 255 0 155 0 255 255 0 0 0 0 0 255 0 255 21 0 0 0 219 255
    163 255 211 0 0 62 90 255 255 253 16 255 157 255 0 0 0 0 0 0 255 108
    181 0 0 255 255 255 0 212 0 255 122 255 0 98 0 255 255 255 62 0 0 0
    255 0 163 0 255 0 0 255 0 0 0 6 0 255 255 0 255 34 142 0 255 123 96
    0 180 255 0 0 0 255 0 255 255 255 0 0 255 255 255 0 255 255 37 123 0
    150 0 255 255 0 255 255 255 0 0 219 200 255 255 255 0 0 0 0 183 255
    255 255 0 0 155 255 174 67 0 162 0 255 101 255 0 255 255 0 0 0 255
    255 0 0 0 255 0 126 0 255 0 255 0 255 0 255 0 0 0 255 122 152 255 0
    119 0 0 255 0 255 0 229 255 255 0 255 149 255 192 0 0 57 255 255 0 0
    0 255 0 255 255 255 255 255 0 193 0 0 0 255 0 244 255 207 255 255 0
    23 255 0 255 0 0 0 0 0 255 255 0 255 255 255 0 255 255 0 255 193 255
    0 0 0 68 255 255 255 0 73 104 255 0 255 0 255 255 251 170 0 255 255
    255 0 255 168 255 0 255 255 255 0 18 0 59 255 0 0 0 255 255 198 255
    0 204 0 0 0 0 184 255 0 0 0 51 255 255 255 76 24 199 0 155 0 0 0 255
    0 255 0 163 255 0 93 0 0 0 0 255 0 255 255 0 0 0 255 226 153 0 0 255
    255 255 0 0 0 0 0 0 0 255 0 255 0 255 0 0 255 67 255 0 255 192 255 0
    0 156 0 255 255 255 0 0 0 255 255 0 0 0 0 255 255 255 161 177 0 0
    255 255 255 0 255 255 255 0 255 0 0 188 0 255 67 255 0 89 231 0 255
    197 255 255 255 196 0 255 255 0 0 254 255 255 0 0 255 255 0 255 48
    255 0 255 0 255 0 211 0 255 0 255 255 0 21 255 255 255 255 255 255 0
    200 0 0 175 0 11 0 255 36 255 0 255 0 146 36 255 56 255 0 255 0 200
    255 255 255 0 117 0 0 0 255 0 0 229 110 53 0 68 255 255 0 0 163 255
    0 246 182 162 221 0 255 0 237 42 255 255 255 0 0 0 0 255 0 243 0 0 0
    215 255 248 255 76 76 0 0 0 255 0 255 0 6 0 46 61 255 0 255 0 0 0 0
    255 31 0 0 188 255 0 0 0 255 255 193 0 255 71 165 0 255 255 255 0
    255 0 255 255 0 0 0 255 255 255 255 163 0 255 0 255 255 255 0 255
    255 32 121 0 0 161 255 29 205 0 255 0 143 255 255 0 0 0 255 255 245
    255 255 0 0 173 255 255 0 0 0 0 255 0 0 35 255 0 75 0 255 255 154
    255 0 0 255 0 255 157 0 0 255 0 117 255 255 255 255 248 245 0 18 0
    255 239 95 255 255 0 0 0 0 0 255 13 255 255 255 0 7 0 255 215 253 0
    255 255 169 0 12 0 255 0 255 0 255 255 255 255 0 48 0 0 255 255 0 85
    0 255 7 143 228 0 255 0 0 0 233 0 255 255 255 0 204 255 255 0 0 255
    255 254 255 255 41 255 0 255 0 0 69 255 255 138 19 255 0 223 0 241 0
    216 255 255 84 255 0 255 168 0 0 255 255 113 0 70 255 255 0 0 0 0 0
    0 255 84 176 0 255 255 0 0 0 255 255 255 0 0 255 84 255 149 217 81 0
    255 60 255 255 255 255 0 255 247 0 255 0 255 221 0 0 255 255 223 232
    17 0 255 255 0 0 66 255 43 0 0 255 139 0 0 57 0 255 255 255 255 0 0
    255 255 75 255 148 255 183 0 0 255 255 255 255 0 82 0 255 0 255 0 0
    255 255 255 255 0 0 0 255 60 255 216 255 255 9 255 255 255 0 0 252
    255 0 255 255 0 0 255 255 255 0 0 255 2 0 199 255 0 0 255 0 255 0
    255 255 255 118 255 0 102 0 255 0 0 0 255 63 26 255 255 0 0 0 0 27
    255 176 56 255 0 35 0 255 0 255 255 92 0 95 255 0 255 243 57 0 93
    255 255 255 255 93 0 0 158 255 0 255 0 0 0 19 0 140 255 101 134 0
    255 255 243 0 0 0 255 0 0 0 255 255 158 255 41 0 0 0 0 255 31 255
    255 255 255 0 255 56 255 255 0 0 0 255 0 81 0 255 255 255 255 82 255
    0 255 255 0 90 255 0 0 0 255 255 255 255 255 255 0 255 255 255 255
    67 0 0 84 0 0 255 255 255 0 0 68 255 255 255 0 0 0 0 255 255 255 0
    255 0 0 255 255 255 0 0 0 255 187 193 255 56 150 0 255 255 0 5 255
    255 255 138 255 0 255 0 255 0 255 255 255 0 0 35 46 255 194 0 255 0
    0 1 143 0 70 31 255 255 255 255 255 255 0 0 0 255 255 0 0 255 255
    100 0 0 255 255 255 0 0 207 0 255 185 255 0 0 79 9 255 0 205 0 0 255
    255 255 255 255 84 255 0 0 0 215 255 0 255 187 255 255 255 165 0 0 0
    255 42 0 0 121 31 0 255 255 207 0 0 0 15 0 255 255 255 0 255 0 0 233
    255 0 0 255 34 255 0 0 255 255 255 255 0 244 255 255 255 0 147 0 0 0
    255 255 0 255 0 255 0 0 0 255 255 0 0 0 255 255 255 0 255 0 255 0 0
    0 255 0 0 206 0 255 255 0 0 255 255 0 116 255 0 0 7 255 255 229 0
    255 0 0 255 255 0 0 0 255 0 120 255 196 255 255 255 255 255 0 255
    255 255 0 255 255 0 0 0 218 42 255 0 255 255 255 0 0 0 0 0 0 0 0 0 0
    255 250 12 255 255 0 255 255 255 195 0 43 255 193 0 255 255 255 255
    1 255 255 0 255 0 255 255 255 255 0 255 255 0 255 0 255 255 0 0 0
    255 255 255 0 0 255 224 0 255 0 0 0 255 255 255 125 255 138 0 255
    255 235 0 0 0 148 167 0 255 130 0 0 255 0 255 22 255 170 0 255 255 0
    255 0 255 0 255 220 0 255 0 0 158 0 255 0 0 0 255 173 255 5 178 0
    255 255 0 255 255 255 0 0 0 0 255 0 0 0 0 255 255 0 255 255 0 255
    255 255 21 0 0 64 197 0 255 0 255 0 116 0 0 0 255 0 255 241 255 0 0
    211 255 255 0 0 188 255 14 255 255 60 0 0 0 255 255 255 0 0 0 0 255
    255 255 0 255 255 0 43 0 72 255 255 255 133 0 0 115 136 96 255 119
    101 255 146 255 0 255 0 255 136 255 159 0 255 255 238 0 0 0 0 0 255
    255 119 255 0 131 0 255 0 0 255 255 255 0 0 255 0 0 148 0 255 0 145
    0 255 0 0 255 255 255 0 60 0 255 255 0 109 228 255 214 0 255 255 53
    222 0 255 0 0 0 255 255 0 0 255 255 255 0 255 0 255 0 196 0 255 0 0
    185 255 0 255 0 255 255 255 255 236 0 0 255 255 0 0 255 255 0 0 255
    148 153 130 0 4 255 255 255 106 0 255 187 255 255 0 171 0 0 19 255 0
    0 255 255 240 82 0 163 255 195 0 0 164 130 255 255 255 0 255 0 255 0
    255 0 224 0 255 0 255 145 0 255 0 255 172 255 255 0 255 0 255 246
    255 0 255 166 0 0 255 132 255 0 100 0 255 255 255 0 0 0 255 255 255
    255 255 0 0 255 145 0 255 0 180 0 0 255 255 255 255 0 0 0 204 255
    255 255 0 0 0 255 58 0 0 255 255 0 255 0 255 255 0 0 0 0 85 255 255
    0 255 255 0 0 0 0 255 255 81 0 0 255 255 255 0 255 255 255 124 0 255
    255 255 0 193 0 126 216 255 0 0 0 0 0 48 0 255 0 91 0 255 0 253 0
    255 255 255 255 0 255 0 0 255 255 255 0 0 255 0 0 0 0 0 255 62 0 0 0
    255 255 255 0 156 0 255 247 17 0 255 0 159 0 255 255 255 255 145 174
    193 0 0 0 75 0 255 0 217 0 255 82 255 0 255 0 0 0 0 0 255 226 255 0
    255 0 255 0 255 255 0 0 0 158 255 0 0 0 73 255 255 0 255 255 255 0
    255 0 255 206 0 0 2 255 255 255 0 0 0 255 255 0 255 255 255 255 0 54
    0 0 255 255 0 32 255 255 255 0 0 145 255 0 255 255 255 0 255 255 128
    255 0 255 236 255 255 255 0 255 0 0 0 0 86 157 255 255 0 0 27 0 255
    0 255 255 255 0 0 0 255 106 255 0 255 0 255 0 255 0 255 255 255 255
    109 0 0 0 255 255 126 0 0 244 255 255 255 255 147 255 72 0 0 0 0 255
    0 255 0 28 0 0 36 255 255 0 0 255 0 255 0 255 0 255 241 255 255 0 0
    0 255 238 103 0 0 255 0 255 255 255 157 0 139 255 142 255 255 147
    255 0 255 0 5 255 0 0 0 0 255 255 255 0 0 202 0 255 255 115 234 69
    255 165 0 0 0 97 255 217 255 54 11 0 255 255 255 164 58 0 255 255
    255 255 0 0 1 255 255 68 0 0 255 255 255 0 255 0 0 0 102 255 255 0 0
    0 255 155 255 55 4 0 0 255 255 0 0 176 0 255 0 0 0 0 25 0 255 0 0 0
    255 0 40 0 255 255 0 0 0 0 154 0 2 123 255 0 0 0 0 248 255 0 0 141 0
    255 255 0 0 255 255 255 209 0 255 20 82 255 149 255 0 0 255 255 0
    255 0 0 0 0 255 90 255 0 0 255 255 255 0 0 2 0 198 255 0 255 0 255 0
    255 255 255 0 255 0 0 0 39 214 231 255 0 255 255 39 255 236 0 255 0
    57 0 0 0 255 255 255 255 255 0 0 0 0 255 0 0 0 255 108 240 255 255
    12 0 0 255 255 0 53 94 255 255 0 227 0 255 0 255 255 255 0 0 255 80
    255 218 255 0 0 0 0 239 255 255 114 19 255 0 9 155 0 0 32 168 255
    255 0 0 0 255 212 63 0 0 0 0 241 255 0 0 255 0 255 0 255 153 255 0 0
    255 0 0 0 0 0 255 3 255 0 0 0 255 170 0 0 152 0 0 255 255 0 219 0
    196 0 0 120 66 255 0 38 255 0 61 0 255 0 105 255 0 0 0 183 255 255 0
    0 0 152 0 0 135 0 0 109 220 255 252 100 0 254 0 200 22 255 0 255 0
    255 0 255 0 255 0 255 255 5 0 0 255 255 75 195 255 255 0 131 154 0
    255 95 255 107 255 0 0 0 0 255 255 56 255 255 255 0 0 255 255 255 0
    255 0 255 209 255 255 255 255 255 0 255 0 213 0 255 255 217 158 25
    255 255 60 181 0 247 0 255 150 255 0 255 0 199 0 255 0 255 255 32
    255 0 0 0 255 255 255 112 235 0 255 0 0 255 218 125 0 0 0 255 0 255
    0 255 255 255 0 0 95 43 0 255 0 0 255 175 0 0 67 170 0 2 0 255 255
    255 255 0 255 0 0 49 255 0 255 0 113 255 255 94 255 0 0 0 0 0 255
    255 255 255 6 255 0 0 186 0 0 0 255 0 255 130 0 0 255 0 255 255 0 0
    255 0 255 0 255 0 0 143 255 0 255 0 0 0 0 0 103 0 255 255 0 221 0 75
    218 0 255 255 255 0 0 255 0 255 255 255 255 122 0 57 255 0 96 0 0 0
    255 0 255 255 255 0 0 0 255 140 255 0 0 0 255 0 0 255 0 255 255 148
    0 70 255 0 0 0 255 255 255 0 255 0 255 255 0 0 0 0 255 0 255 255 255
    0 0 0 255 255 255 140 81 0 255 0 255 0 255 0 0 0 255 0 255 255 255
    135 0 0 0 0 0 241 255 255 5 0 26 0 255 161 0 0 0 0 255 255 255 255 0
    0 0 202 0 255 255 0 0 255 255 0 0 255 255 0 255 0 255 255 0 255 0
    255 0 255 0 0 15 255 255 46 255 0 255 237 255 0 90 0 228 0 0 0 255 0
    0 255 125 0 255 255 0 0 103 187 0 0 255 255 255 255 255 0 0 0 0 255
    255 255 255 0 57 0 255 0 0 0 255 255 255 78 44 0 255 0 255 255 255
    255 0 0 0 255 56 255 255 16 157 0 0 245 255 179 0 255 255 255 86 0 0
    0 255 0 168 208 140 0 0 179 0 255 255 19 255 143 0 255 0 175 255 255
    220 105 0 203 165 255 0 0 0 116 0 0 255 255 0 0 255 255 249 255 0
    255 202 255 106 255 0 0 138 246 255 145 0 0 0 255 0 0 0 255 255 0 65
    0 219 0 255 86 255 0 255 0 255 0 255 255 0 255 0 123 217 57 255 0
    167 0 255 255 255 255 255 0 0 0 255 0 255 255 255 39 0 255 255 255
    199 228 255 255 0 0 255 0 45 255 255 0 255 255 0 0 115 255 0 255 0
    95 255 0 255 0 255 0 0 0 0 255 255 255 0 13 20 162 0 0 255 255 255
    255 255 0 0 255 255 255 255 255 0 210 119 93 0 255 255 255 205 255 0
    255 255 255 0 0 0 255 255 255 255 144 255 255 0 0 18 212 255 0 231 0
    255 0 255 0 255 255 255 0 80 0 0 0 255 255 255 181 32 0 255 255 255
    255 0 142 255 219 255 0 0 0 0 0 255 255 28 255 255 255 46 255 251 0
    0 255 255 0 255 0 255 255 255 102 0 200 0 0 238 255 69 255 0 0 255
    255 69 0 255 255 0 255 70 255 0 255 0 0 0 255 129 79 59 255 95 0 192
    0 255 0 255 255 244 255 0 255 255 255 255 0 255 23 182 0 255 255 255
    0 0 64 255 255 255 198 0 0 0 255 255 255 162 0 0 255 0 255 255 255 0
    255 255 255 255 0 255 255 255 0 0 0 255 0 255 183 255 255 0 14 0 255
    168 255 255 0 255 0 46 0 255 0 255 255 255 0 0 0 255 0 255 0 0 255
    115 25 0 0 77 183 0 255 188 255 0 255 0 0 0 255 0 255 0 255 255 0 0
    0 117 255 0 195 255 0 84 0 255 255 255 0 0 0 92 255 255 0 0 0 255 0
    0 0 42 205 255 255 243 0 0 0 255 255 255 0 0 127 255 0 108 0 255 0
    255 255 167 0 0 181 255 0 0 0 255 78 0 208 76 255 0 0 0 0 52 255 255
    0 0 0 255 255 0 0 197 145 0 255 255 161 0 13 255 255 255 255 255 255
    255 0 155 0 255 0 0 142 81 0 255 0 0 233 255 0 0 0 0 222 0 255 255
    255 133 255 255 0 0 0 0 0 0 255 255 255 255 10 78 255 0 255 0 255 0
    255 239 105 255 255 255 255 0 255 255 255 0 0 0 255 168 255 0 84 0
    134 37 255 0 255 0 251 0 255 0 167 255 255 0 0 0 202 255 255 255 35
    0 255 255 0 255 255 255 0 0 218 0 255 92 0 255 0 255 111 0 255 0 0
    255 255 255 148 0 0 255 0 165 255 255 0 0 224 255 255 0 255 255 255
    129 0 13 0 255 255 74 0 90 255 255 0 255 0 255 255 0 0 0 255 255 107
    0 0 0 189 0 255 255 70 255 255 255 0 0 0 255 118 255 255 255 255 0 0
    0 255 0 255 0 0 255 255 238 0 0 255 255 255 0 255 0 178 255 234 0 0
    0 0 0 125 0 0 0 255 0 0 241 0 255 0 15 0 109 255 117 0 0 0 255 133 0
    0 0 255 97 255 0 173 255 255 255 255 194 255 255 0 0 108 111 255 255
    138 12 0 0 255 0 30 255 255 0 255 0 110 139 110 255 171 0 0 156 255
    54 255 109 89 255 0 97 22 0 255 255 255 0 0 0 0 255 255 255 0 0 21 0
    255 0 255 0 0 255 255 141 255 0 255 0 255 201 255 0 103 0 255 255
    255 0 0 255 255 46 255 0 0 255 255 255 24 255 0 43 222 255 255 0 0 0
    255 255 173 255 0 0 0 0 255 0 26 255 0 255 255 0 0 2 45 255 0 255
    255 255 0 0 124 255 255 255 255 131 0 0 255 44 0 162 85 255 44 255
    255 255 0 70 0 0 0 255 86 255 0 0 0 255 255 226 0 0 216 255 0 0 90
    85 255 255 185 0 255 0 255 0 255 255 0 228 255 255 255 255 65 0 238
    56 0 0 255 0 255 255 114 255 0 0 60 83 255 61 255 255 255 255 0 0 0
    255 121 255 19 255 78 255 0 222 0 255 0 255 0 255 53 125 0 0 184 0
    238 0 251 162 55 255 0 84 0 171 182 0 0 0 255 131 255 0 255 0 0 0
    255 0 0 181 255 218 0 0 255 255 228 0 248 247 255 255 255 0 0 255 0
    255 0 4 0 0 255 255 64 0 0 255 0 0 0 215 255 0 39 0 255 60 255 0 0 0
    252 0 0 0 0 23 255 255 128 0 0 0 135 0 0 0 149 255 0 0 191 0 255 255
    255 0 255 0 41 0 255 0 255 179 0 0 0 255 255 0 0 255 61 255 226 227
    96 22 255 0 223 0 255 0 255 0 0 255 255 41 0 0 255 0 0 255 255 39 0
    255 51 0 255 255 255 0 255 255 44 255 0 47 0 255 0 182 0 255 255 0 0
    237 234 0 255 0 0 0 255 255 255 255 255 0 0 0 114 255 0 0 255 255
    255 0 0 112 4 152 255 0 255 8 255 0 0 0 0 255 255 255 0 237 190 255
    255 255 0 127 40 255 255 255 0 12 61 0 0 255 255 0 0 37 255 189 0 0
    255 255 255 0 0 190 0 214 255 255 74 255 26 255 0 255 0 0 129 0 255
    0 255 0 255 0 255 0 0 0 0 255 255 0 74 0 12 0 255 157 255 0 0 0 255
    255 255 255 40 0 0 255 2 0 255 255 0 226 255 120 0 0 0 255 0 255 255
    255 255 0 78 0 255 0 167 255 255 0 255 255 255 0 255 0 255 0 0 0 255
    0 0 252 255 176 255 255 0 0 255 53 255 255 255 0 0 0 242 107 106 0
    255 255 0 0 0 255 0 0 0 255 255 255 0 255 255 239 0 224 0 0 255 255
    108 129 0 0 0 255 255 255 255 137 0 0 0 255 0 99 255 255 255 0 104 0
    255 0 2 0 255 255 255 0 196 0 0 0 255 0 255 255 255 255 0 0 0 255
    255 255 0 255 161 141 0 0 0 255 0 0 52 255 255 255 0 255 0 255 0 255
    255 0 255 255 0 0 0 0 255 0 0 131 255 255 0 0 255 255 255 0 94 113
    255 0 0 0 255 255 255 0 0 0 255 0 0 0 0 15 255 255 0 135 255 72 255
    73 0 0 0 0 255 0 42 255 200 27 0 255 0 0 255 0 0 0 255 255 24 1 87
    255 255 255 0 255 0 0 82 255 255 255 0 0 255 255 0 163 0 255 255 174
    253 0 0 255 67 255 255 190 181 0 0 255 255 0 0 150 255 255 0 0 0 255
    255 196 142 0 0 255 160 0 243 243 0 255 255 0 0 131 102 255 0 0 0
    255 255 184 0 0 255 255 255 255 40 176 169 75 0 0 0 255 255 95 61
    255 255 0 146 255 0 255 0 255 255 255 0 0 255 0 255 0 255 0 255 6 0
    0 255 0 191 0 116 0 190 255 0 255 0 33 0 255 255 0 255 255 255 0 255
    255 255 0 0 0 0 255 255 255 0 65 255 0 255 255 0 0 255 255 0 0 0 255
    255 0 0 0 0 255 255 255 0 53 0 255 0 255 0 255 0 0 255 255 51 0 230
    255 0 1 255 78 255 255 0 0 0 255 255 229 0 255 255 0 190 226 255 0 0
    255 255 25 255 0 236 0 255 255 0 0 255 0 255 120 255 0 255 0 255 46
    0 0 0 0 27 255 255 0 0 0 255 0 255 255 0 255 215 255 0 0 255 255 240
    58 255 0 0 255 255 255 0 0 255 255 255 0 255 128 255 255 0 255 88
    255 0 255 255 255 255 0 0 0 255 255 0 0 0 255 130 255 50 255 255 0 0
    255 179 0 0 0 255 0 255 0 0 201 222 255 0 255 255 255 0 234 0 255 0
    255 0 255 255 255 255 0 255 0 255 0 0 214 255 31 103 0 0 0 0 255 0
    255 223 255 239 0 255 255 255 255 0 255 109 255 255 255 0 0 86 255 0
    0 255 37 255 0 0 0 0 0 255 255 255 255 0 237 0 255 255 0 255 255 0 0
    88 0 255 255 255 0 0 0 0 0 34 255 255 255 0 105 0 227 0 0 0 255 0
    255 238 0 228 0 0 103 0 0 0 255 75 255 185 0 255 255 255 0 0 255 255
    156 255 195 0 0 0 255 0 255 71 0 0 0 255 255 255 132 255 255 255 255
    255 0 255 35 255 0 0 10 255 255 0 0 0 0 0 156 255 0 255 0 141 0 37
    255 81 9 0 0 255 255 125 0 0 255 255 255 255 0 62 255 255 255 255 0
    255 255 255 0 0 26 255 255 228 0 0 255 0 255 0 255 255 0 0 0 211 255
    91 255 228 255 0 188 0 255 201 0 255 0 255 0 237 0 23 0 0 255 255
    255 0 177 0 0 70 9 255 40 255 255 173 255 0 0 42 193 0 255 0 255 255
    158 0 0 0 0 167 255 255 0 0 190 0 255 255 0 0 0 255 76 255 21 159 0
    255 0 147 255 43 0 0 0 255 0 255 255 255 0 0 91 147 56 0 0 132 255
    25 255 0 18 0 255 255 158 215 0 0 255 26 141 182 0 255 53 0 255 179
    255 0 145 255 0 255 215 161 255 98 0 255 123 255 0 255 0 255 0 49
    255 107 0 125 0 255 0 255 0 0 0 0 255 255 99 255 255 197 238 255 255
    0 113 0 255 0 255 255 255 0 0 0 255 46 255 255 19 42 255 0 108 0 255
    218 0 0 36 180 255 111 0 0 0 0 0 52 0 255 255 255 255 0 0 255 0 255
    255 255 0 0 0 0 0 0 0 255 255 199 24 255 255 180 0 255 66 0 10 0 230
    255 138 0 255 255 255 255 255 0 255 124 0 0 0 255 255 255 255 89 255
    255 0 0 255 164 255 255 255 0 255 0 255 255 159 0 0 255 255 255 0 0
    255 255 0 0 165 255 255 0 0 248 0 255 255 0 255 0 255 255 152 0 0 65
    238 255 255 255 0 235 87 0 255 255 255 0 0 188 255 0 245 202 255 0
    255 255 255 0 0 255 255 254 0 0 0 255 255 255 93 130 41 213 0 0 0
    255 0 0 0 255 255 185 0 255 0 55 0 0 0 255 0 0 0 255 255 0 0 255 255
    255 0 255 0 0 0 255 255 255 0 0 0 255 0 0 112 247 255 0 118 0 0 255
    0 0 255 255 222 255 72 0 0 255 100 255 0 143 255 185 255 78 0 158
    214 177 255 0 255 0 255 255 255 92 133 255 112 0 220 86 255 195 255
    0 0 0 255 0 255 255 166 249 0 233 255 255 84 0 0 0 255 255 255 0 0 0
    255 47 255 0 0 0 255 255 189 0 0 255 0 0 0 10 0 255 255 50 255 0 0 0
    0 248 255 119 0 0 255 250 255 0 255 0 0 255 255 255 0 21 0 255 0 255
    139 255 255 77 0 0 0 255 255 107 105 0 0 0 85 255 0 0 0 0 255 255 0
    0 229 86 255 255 0 0 0 255 78 255 0 255 255 255 0 0 0 255 0 70 74
    255 255 0 0 0 0 255 255 0 255 0 255 255 0 0 0 255 255 255 61 0 0 255
    255 241 195 0 0 255 189 255 39 200 0 255 255 212 100 255 232 255 190
    0 255 255 255 127 109 255 255 0 255 255 21 225 255 0 255 0 0 255 83
    0 255 0 255 0 141 84 29 255 0 255 0 0 0 70 255 255 255 0 0 0 96 0
    255 255 0 0 152 255 255 0 255 201 0 0 254 110 255 0 255 0 154 255
    255 255 0 0 255 0 0 255 0 0 255 255 255 0 255 255 191 0 0 254 255 0
    0 8 0 255 255 25 255 255 0 255 0 0 0 255 0 66 0 0 255 255 111 0 0 0
    0 0 253 255 0 255 154 0 0 255 255 255 255 198 0 255 44 255 0 255 255
    0 0 255 255 46 255 0 0 0 0 0 255 0 245 111 255 0 255 255 255 255 0
    255 0 255 0 132 119 255 0 0 0 0 255 255 255 0 0 0 255 174 255 0 0 0
    0 255 0 0 0 255 188 0 0 255 0 55 255 255 0 0 255 0 164 99 255 0 155
    255 255 255 0 114 0 255 0 0 0 255 255 0 155 0 0 48 255 0 105 121 255
    255 193 255 29 0 255 0 174 255 0 255 0 255 0 70 0 0 0 229 255 255 0
    36 0 255 255 187 255 255 255 0 0 255 255 255 0 255 0 255 255 43 255
    255 255 75 0 255 255 0 192 255 0 255 27 255 0 0 255 255 255 255 10 0
    0 0 255 75 255 255 0 0 255 0 255 253 0 0 0 255 208 255 0 110 0 255 0
    255 255 255 255 255 255 255 0 255 112 0 0 255 40 121 0 255 0 0 0 255
    255 0 0 0 0 255 1 0 0 255 255 0 0 255 255 0 0 255 59 255 0 0 0 0 255
    255 255 255 0 255 255 255 0 255 100 255 0 72 0 255 255 255 255 0 0
    49 23 255 0 255 255 255 255 0 255 114 0 0 255 255 76 0 242 255 0 0 0
    255 0 255 0 255 0 18 255 0 255 255 174 0 255 255 79 0 0 255 0 255
    255 255 32 0 108 255 255 0 255 255 0 0 0 0 179 227 0 255 159 182 255
    119 79 0 0 0 195 0 93 255 255 0 146 9 255 0 198 0 255 255 0 0 255
    255 254 255 255 129 0 255 36 255 255 0 0 165 0 3 255 5 255 255 0 30
    0 0 0 255 255 255 255 0 0 0 255 245 255 89 0 0 255 255 0 0 0 70 255
    255 49 0 0 0 255 0 0 255 0 255 255 0 0 0 255 0 248 0 94 176 255 218
    255 0 255 0 255 0 255 255 255 143 255 0 0 255 255 255 189 255 35 0
    236 255 255 0 255 0 0 0 255 255 38 0 0 255 255 255 255 255 0 0 0 255
    255 0 0 31 255 0 207 255 255 255 188 0 0 255 255 196 255 0 255 0 0
    255 0 255 0 0 211 255 208 244 255 0 0 0 255 255 255 255 247 0 255
    255 255 0 0 255 0 255 132 255 0 0 0 255 255 255 27 2 255 255 116 255
    0 0 14 144 0 255 199 142 0 99 255 255 0 0 0 255 255 0 255 255 255 0
    182 27 255 1 0 255 255 255 0 0 0 0 111 255 255 255 255 195 73 51 255
    0 255 255 255 0 19 255 0 255 255 255 0 0 0 255 178 255 107 255 255 0
    255 255 255 0 255 115 0 0 0 255 255 255 0 255 0 255 255 255 216 255
    0 255 0 185 0 0 0 131 255 165 255 0 0 0 0 255 255 255 255 0 255 140
    0 0 0 255 255 15 255 5 255 255 3 255 255 0 0 0 255 97 255 0 0 234
    255 255 104 0 0 255 0 255 255 255 0 255 0 0 220 0 255 0 255 0 255 0
    255 0 0 137 232 0 255 101 255 0 219 255 255 255 255 0 255 255 0 255
    234 0 169 0 0 255 0 40 255 255 0 201 0 255 255 0 0 255 0 0 255 255
    255 173 0 0 255 255 145 139 255 0 255 255 0 0 211 215 0 112 255 255
    0 255 255 0 255 0 255 0 0 255 255 255 186 255 255 0 255 0 255 0 255
    0 0 191 0 0 255 255 0 243 255 246 0 0 255 255 0 153 0 255 255 255 0
    255 58 0 255 251 255 224 0 0 0 0 0 255 255 36 255 0 255 177 251 246
    255 255 0 255 194 255 0 0 255 255 255 0 0 0 81 0 255 0 255 0 255 0 0
    0 0 255 4 255 255 0 16 0 86 255 118 255 255 0 0 0 255 255 255 0 255
    255 0 0 255 255 0 27 78 0 72 0 255 255 0 0 0 0 0 255 255 0 0 168 0
    90 157 0 157 0 255 255 255 0 137 0 255 0 0 0 0 0 0 255 0 249 213 255
    255 52 0 0 0 255 35 100 0 0 0 255 255 255 63 0 145 255 255 0 0 174 0
    0 118 255 151 0 255 255 147 16 3 0 0 0 255 255 255 17 0 0 255 0 255
    208 255 179 255 0 255 213 0 0 192 255 0 0 0 0 0 0 255 255 0 0 100 0
    255 0 255 175 0 0 255 254 208 0 0 0 255 0 0 0 0 255 255 51 0 0 255
    72 0 0 0 255 255 255 0 255 255 255 255 0 0 255 0 0 0 173 255 0 234
    103 255 247 35 169 255 104 255 202 0 0 255 0 0 0 0 147 255 0 255 0
    255 0 255 0 0 0 147 255 255 255 0 252 0 254 188 224 0 0 0 0 255 0 0
    0 0 255 235 240 0 255 255 255 100 0 0 0 103 0 255 255 255 255 255 0
    0 13 0 103 255 0 255 255 0 255 83 255 0 0 0 255 255 0 255 0 255 0
    255 0 8 0 37 0 0 0 48 255 255 109 255 235 114 0 0 0 255 0 0 0 153
    255 255 244 255 255 0 0 255 0 0 0 0 0 255 97 0 0 255 255 255 0 101 0
    255 182 255 94 132 255 102 0 255 39 255 30 255 0 0 0 255 255 0 89 0
    255 255 151 255 255 0 0 157 255 255 255 60 0 255 255 255 0 0 239 255
    255 255 0 0 0 255 255 0 255 0 255 0 0 255 5 255 0 20 0 50 0 149 0
    255 0 0 0 204 255 255 0 0 0 0 0 255 255 108 0 0 255 255 0 255 0 0 0
    0 255 255 255 0 215 255 255 97 187 255 0 255 255 0 21 255 40 255 0 0
    255 0 220 0 178 89 159 0 251 255 255 0 0 255 255 255 0 0 0 255 0 158
    0 0 45 255 255 0 0 255 0 135 0 255 255 0 0 255 0 141 0 134 0 0 147
    255 255 54 255 0 255 255 255 0 0 0 255 214 0 255 0 0 0 255 255 255 0
    0 255 96 113 0 0 0 255 255 255 0 0 255 0 255 0 255 0 255 0 255 229
    255 0 0 60 0 0 255 142 156 0 0 255 215 72 255 0 255 0 0 0 255 0 95
    12 0 87 184 255 109 0 231 255 255 30 0 0 0 21 255 0 2 255 255 255 0
    66 0 255 255 255 255 138 255 0 255 0 0 131 72 255 0 0 255 255 255 0
    255 172 0 0 209 0 232 0 255 255 255 255 0 255 0 0 255 255 0 0 0 0 61
    255 255 206 0 0 0 255 0 255 0 255 0 0 30 0 255 0 0 255 255 255 26
    255 255 0 0 255 255 0 248 45 255 0 255 0 184 111 255 255 0 255 0 255
    255 255 0 255 255 56 255 0 0 0 255 255 59 22 0 100 255 0 255 0 0 0 0
    255 0 255 0 0 255 58 255 9 255 249 0 0 255 0 194 0 175 154 0 0 59 0
    255 0 255 0 0 255 255 0 0 255 255 215 121 255 255 0 0 0 255 0 0 30 0
    134 0 49 201 255 160 0 0 0 0 200 5 0 0 0 0 255 255 255 0 4 255 136 0
    96 255 255 0 255 0 72 255 0 0 0 255 255 255 255 255 255 0 0 255 255
    255 255 0 255 97 0 255 125 255 255 0 0 0 197 0 255 0 0 255 0 255 255
    255 255 0 113 0 255 0 255 69 255 0 0 0 0 255 255 0 0 0 255 250 0 88
    0 255 132 255 0 195 0 255 255 255 0 0 0 255 0 255 255 219 252 0 255
    0 255 0 255 199 255 255 141 255 255 0 66 255 255 0 255 255 255 0 212
    0 255 255 255 0 205 0 142 0 0 0 0 255 0 255 0 123 255 215 0 0 255
    255 255 255 255 92 0 0 0 255 50 212 255 189 110 0 41 0 0 98 255 0 0
    0 255 255 177 187 255 255 0 255 102 255 255 0 0 0 9 0 195 255 59 255
    255 0 255 18 25 0 52 255 112 255 0 255 0 0 0 255 255 0 0 15 0 255 0
    255 255 244 0 0 255 0 255 0 255 255 0 155 0 158 0 255 82 0 255 255
    214 0 0 0 79 0 255 0 255 255 255 0 255 0 255 253 255 0 0 148 255 255
    240 78 37 255 0 255 0 255 0 255 255 235 255 0 127 255 255 255 25 153
    0 82 0 255 0 0 0 255 0 255 0 0 0 1 0 62 255 255 255 255 35 255 255
    53 255 0 114 0 255 0 0 0 255 255 255 0 0 0 194 0 255 0 255 255 255
    255 0 0 255 255 0 0 0 0 255 0 255 0 255 0 255 20 194 177 0 0 16 0
    173 0 255 255 0 255 113 0 255 247 255 129 255 0 0 68 255 0 0 60 150
    0 255 0 255 165 255 0 20 0 0 255 0 255 255 255 157 255 0 255 255 0 0
    0 0 0 216 0 255 255 255 255 255 234 0 0 255 255 157 255 0 0 0 0 255
    210 255 0 255 0 255 255 255 0 224 0 255 0 255 255 255 0 0 255 255 0
    0 255 189 255 255 255 0 255 0 255 88 49 0 176 0 255 255 0 0 255 255
    255 42 0 0 255 255 0 0 0 56 0 255 0 0 237 0 255 255 164 0 0 255 255
    95 0 255 255 255 255 255 230 255 255 57 229 185 29 0 0 255 0 192 0
    255 255 255 211 255 255 0 0 255 255 255 0 133 255 255 255 103 255 0
    255 106 255 0 97 0 255 255 255 0 148 213 255 138 17 255 0 255 0 185
    255 0 255 0 255 183 0 255 255 251 0 99 8 255 0 255 0 104 0 255 0 0 0
    255 0 255 0 255 0 255 0 255 0 255 28 255 255 255 0 255 255 0 0 255 0
    255 255 255 0 175 0 0 255 0 255 0 255 255 0 0 255 255 255 0 0 110
    255 255 0 0 0 255 19 255 0 255 255 175 255 0 0 131 255 70 255 0 255
    0 255 0 236 60 83 67 0 0 0 255 0 125 0 255 0 0 0 255 255 173 9 0 249
    147 94 255 255 0 0 255 7 89 0 255 0 0 235 0 255 0 255 32 0 255 81 0
    0 115 255 0 255 0 0 255 255 255 0 32 0 255 255 255 0 0 255 0 147 28
    255 255 0 175 0 255 255 229 255 0 0 87 18 255 0 255 123 255 19 8 255
    0 0 25 0 255 255 255 0 100 0 255 0 0 255 255 0 0 41 255 151 255 0 0
    255 255 255 255 255 255 0 255 255 255 255 0 4 0 0 0 0 33 255 255 54
    255 0 255 0 255 42 255 255 46 193 255 5 0 56 0 255 0 255 255 0 255 0
    255 255 58 255 0 101 0 24 255 255 255 0 0 0 0 255 0 255 42 255 0 249
    0 137 0 0 255 0 0 0 255 0 255 0 255 0 0 0 255 255 136 0 0 0 255 0
    169 146 255 0 255 0 210 0 255 255 0 149 150 255 0 255 0 255 255 255
    0 0 0 0 255 255 0 255 0 0 0 255 8 255 0 255 37 192 133 0 0 0 255 0
    74 0 0 248 255 62 0 255 0 255 255 255 0 255 183 120 0 255 5 255 0
    255 0 0 0 0 215 0 0 0 255 0 255 0 0 255 255 255 0 0 255 229 255 255
    109 0 162 226 0 0 0 0 0 255 255 255 34 0 74 79 255 0 0 255 255 255
    21 0 255 255 255 0 0 0 0 255 255 0 255 0 255 0 33 255 128 255 250 0
    107 213 255 0 0 151 0 255 255 255 0 0 255 255 0 0 255 99 255 255 255
    255 0 0 255 255 255 11 0 0 255 71 169 255 55 0 0 0 255 255 255 0 255
    0 0 255 83 0 0 255 255 205 0 255 255 19 0 0 0 255 0 255 223 255 0
    103 117 255 0 0 0 255 255 245 255 210 255 196 93 189 202 47 186 255
    0 0 0 255 255 255 77 255 255 255 0 111 0 3 255 255 52 255 0 255 205
    255 255 0 35 0 0 255 255 255 0 255 0 255 0 255 141 140 255 0 197 0
    255 0 182 0 115 0 0 255 255 0 0 0 255 255 0 0 255 255 255 131 232 0
    0 255 255 255 255 105 255 42 255 0 3 0 255 0 0 0 255 255 255 255 255
    0 255 255 255 0 5 255 143 255 255 0 74 139 221 255 111 0 126 255 0 0
    255 0 56 84 0 0 0 255 0 255 0 255 255 255 0 255 169 0 0 0 0 255 78
    255 0 0 0 0 255 255 255 0 0 0 255 75 255 255 255 255 0 0 59 255 198
    255 0 247 0 255 255 0 74 0 255 0 0 0 0 255 0 255 255 0 192 144 135 0
    112 0 0 107 255 0 0 0 0 201 0 0 0 0 255 0 255 0 255 33 255 0 255 255
    0 0 0 255 0 255 0 0 105 113 255 209 0 255 0 255 0 170 0 0 0 0 255 0
    0 255 255 0 0 0 255 255 0 0 255 255 0 0 158 255 255 0 0 0 255 0 160
    0 255 0 255 0 0 0 0 95 0 0 83 8 255 255 255 25 54 0 255 125 181 0 27
    255 181 0 255 174 41 255 170 255 255 20 255 255 0 0 0 255 0 255 0
    255 255 255 0 255 0 191 230 255 0 0 0 255 255 2 0 255 255 255 0 255
    0 249 0 143 255 0 0 255 255 123 0 55 255 255 255 0 0 0 255 0 255 0
    255 0 255 168 0 255 254 255 0 0 0 255 255 0 255 0 0 255 255 0 125
    169 255 255 0 0 13 255 0 255 64 255 0 225 0 255 255 0 0 0 0 0 138
    255 255 58 255 255 0 255 255 0 34 0 255 60 255 0 255 0 0 204 0 0 0
    255 0 0 255 31 80 0 0 55 255 0 255 0 255 0 0 0 0 0 255 136 255 0 255
    255 0 0 0 255 255 255 0 255 255 255 0 235 0 255 0 6 0 255 193 255 0
    255 0 0 0 255 0 0 0 255 255 255 0 0 0 229 0 255 0 255 255 255 83 51
    0 0 136 255 128 0 0 0 0 255 255 255 255 0 255 0 0 0 0 0 255 255 0 0
    0 255 0 255 116 255 255 255 69 0 0 255 0 255 46 0 0 0 255 0 215 0 0
    95 208 255 77 239 28 176 255 255 255 0 0 0 255 255 0 0 255 255 0 246
    0 255 202 0 0 255 255 255 0 255 0 255 0 255 255 255 0 255 0 255 255
    0 0 255 255 0 0 255 66 232 0 0 0 0 55 0 156 255 0 255 255 255 0 0
    255 0 0 255 255 255 210 0 255 0 255 255 255 255 0 0 0 255 255 255
    255 0 255 27 255 0 0 67 0 255 247 0 0 0 255 91 255 0 0 0 255 0 0 0
    255 255 255 255 133 255 103 209 0 255 222 255 0 255 0 255 0 71 255
    255 255 255 255 68 68 255 0 0 0 255 255 222 67 0 0 255 241 0 0 168
    255 255 0 0 0 33 255 48 255 0 255 41 255 255 0 255 255 0 0 0 255 255
    156 0 0 235 255 255 255 31 208 0 255 70 255 238 255 84 0 0 0 0 255
    255 181 92 0 255 255 192 255 224 255 255 255 255 106 255 156 227 194
    0 58 0 255 255 0 255 0 255 0 255 0 255 255 0 0 0 255 255 255 255 255
    0 249 255 255 255 0 0 36 255 255 0 255 0 255 0 255 0 255 0 0 0 255
    27 122 255 255 255 0 0 255 111 255 0 183 255 255 0 255 255 4 255 0 0
    0 0 255 0 255 0 255 43 255 31 195 0 255 14 255 0 255 255 106 255 255
    255 255 155 0 255 153 159 255 0 167 0 255 217 67 0 255 255 0 165 255
    255 93 0 0 0 0 0 0 0 255 255 239 0 0 0 0 0 255 255 176 213 255 0 255
    255 255 0 0 255 0 76 0 0 181 0 205 0 255 247 255 167 0 0 255 215 255
    255 0 255 255 0 255 0 255 0 0 0 0 255 255 0 0 7 255 255 0 0 255 255
    255 255 255 3 0 0 57 255 255 0 0 2 252 81 0 155 0 174 255 0 0 0 0 85
    255 255 255 0 0 255 255 255 255 223 255 0 255 0 39 0 255 255 255 0
    255 255 255 0 255 0 255 255 255 255 255 255 0 255 0 255 255 215 0
    255 0 0 151 65 146 255 255 79 255 0 255 255 255 0 0 0 0 137 0 0 0
    255 255 255 255 0 136 0 0 0 102 255 255 255 0 0 255 255 234 102 255
    58 0 119 0 172 110 255 0 0 0 247 255 255 255 22 0 255 254 255 155 0
    90 0 0 57 44 0 255 255 255 255 0 12 79 151 206 10 0 255 255 255 255
    0 0 0 0 127 255 55 255 0 196 255 0 0 0 0 255 255 255 255 0 68 255
    170 255 0 255 255 255 0 0 0 255 255 255 0 85 255 0 0 255 0 81 255 0
    0 0 0 0 255 255 0 226 255 0 0 0 249 255 0 255 0 0 134 255 0 255 0
    255 0 0 179 255 168 0 0 255 255 220 0 255 0 0 0 162 0 181 161 255
    185 0 0 29 255 255 0 0 37 243 255 255 255 0 0 255 0 255 0 0 255 255
    255 0 255 0 228 255 163 255 0 255 0 255 0 161 255 255 218 0 4 0 255
    255 8 0 255 219 255 0 164 0 210 193 255 0 255 68 124 0 255 255 185 0
    253 0 0 22 225 0 255 138 255 119 0 0 255 255 255 255 41 182 212 255
    255 141 0 0 255 255 93 12 251 223 0 0 0 59 87 53 255 100 136 0 0 190
    255 69 255 255 255 150 0 0 167 255 35 0 163 255 255 0 0 0 203 255 0
    212 0 255 87 124 255 255 0 255 77 255 255 0 0 180 255 255 255 0 255
    240 0 255 0 255 255 255 0 0 51 229 255 0 255 255 255 0 9 255 255 0 0
    255 0 255 255 0 0 0 255 0 0 0 249 255 0 0 0 131 3 155 255 0 84 255
    244 104 0 0 0 255 188 255 255 89 215 175 0 0 222 255 45 0 0 255 255
    255 46 0 0 0 42 230 0 0 255 81 0 0 215 255 202 255 146 0 0 255 255
    176 255 255 255 0 0 0 209 0 0 0 122 255 255 0 0 101 255 255 255 187
    255 0 244 0 201 172 187 255 255 67 0 0 255 0 255 0 255 223 122 0 0 0
    81 255 255 114 46 15 255 255 255 0 0 0 145 255 86 169 255 208 255 0
    255 0 255 255 255 0 0 255 0 155 70 136 0 19 255 255 0 0 255 0 255 0
    255 255 0 0 0 0 255 255 0 0 73 0 225 255 0 0 255 255 255 0 0 255 0 0
    255 255 255 135 0 0 255 255 255 163 0 183 255 255 0 0 255 255 10 0 0
    0 255 0 0 0 0 0 255 255 255 0 12 0 0 0 164 255 255 0 34 0 202 64 0
    104 0 0 255 218 255 164 255 0 0 255 77 255 0 255 255 255 0 0 0 255
    53 200 196 255 0 0 255 255 0 0 0 255 255 191 0 0 0 195 255 255 0 0
    56 255 255 140 0 0 0 0 166 255 255 0 0 166 255 255 255 0 255 255 255
    0 255 0 255 0 255 0 0 0 0 0 0 0 0 255 84 255 0 255 0 255 0 249 255
    255 255 0 255 0 132 0 255 0 255 0 255 185 255 255 225 255 14 255 68
    0 0 255 0 84 0 255 0 255 140 0 0 255 198 0 0 0 255 255 255 0 0 205
    255 255 228 255 0 12 255 191 0 0 255 0 255 0 0 0 255 255 255 0 0 0
    78 0 29 255 78 255 182 0 236 0 255 255 255 255 255 253 0 0 255 255
    177 0 0 54 255 255 255 255 0 255 0 255 0 0 0 0 0 0 255 0 255 0 255 0
    0 255 255 255 0 255 0 0 0 255 255 0 255 0 255 0 216 255 255 0 155 0
    255 255 255 0 0 88 255 255 0 34 175 224 255 0 255 255 255 108 207 0
    255 0 244 0 206 255 0 35 205 255 255 0 0 255 255 255 0 0 255 255 88
    14 0 0 255 255 2 255 255 0 255 255 0 255 0 241 255 0 255 62 255 255
    255 0 255 18 80 0 0 255 0 0 0 255 0 0 0 0 255 0 255 255 83 0 255 255
    255 0 0 255 0 0 0 255 255 0 0 255 255 62 255 0 158 0 0 0 207 255 255
    0 250 0 255 255 0 255 255 255 255 255 255 255 255 0 0 0 195 0 255 0
    255 255 255 0 0 0 0 255 255 255 0 189 125 255 255 255 0 0 0 255 0 0
    255 255 255 0 0 0 0 255 255 93 255 255 255 255 0 0 0 255 255 19 0 0
    255 55 255 46 255 0 0 0 255 255 0 0 44 0 0 0 0 77 255 255 255 0 0 0
    112 255 0 0 0 0 255 255 255 12 0 0 255 255 0 38 0 255 255 0 254 0
    255 0 255 0 255 0 110 0 255 255 255 0 0 255 92 255 255 255 0 255 0 0
    66 255 0 0 255 45 0 0 47 0 0 0 177 240 255 255 255 155 0 255 0 255
    134 210 0 0 177 255 64 0 0 255 81 255 0 255 190 23 0 204 255 255 0 0
    0 255 0 0 0 0 243 0 255 244 0 0 231 0 255 0 255 0 45 255 0 10 38 0
    255 255 21 0 0 253 255 0 255 255 255 159 0 0 255 0 255 252 255 0 255
    0 0 255 255 255 227 255 255 0 0 0 255 255 29 255 255 0 0 255 136 33
    255 30 255 0 0 255 164 0 147 76 255 255 0 0 0 255 0 255 45 255 0 0
    153 255 0 255 0 255 255 255 0 0 56 255 0 0 0 255 132 255 255 0 0 255
    255 0 248 255 255 255 0 255 0 255 0 255 210 40 255 255 206 0 191 255
    0 0 0 255 255 255 0 27 0 255 0 0 255 255 60 255 95 0 146 132 255 245
    255 0 0 0 0 20 255 255 255 255 0 255 255 0 0 0 239 255 0 0 0 255 0
    255 0 255 255 255 129 255 0 0 0 0 0 169 255 255 0 160 0 255 26 164
    255 0 207 255 255 0 255 0 0 0 0 0 255 255 255 0 0 0 255 0 255 255 8
    0 0 0 128 255 175 255 47 255 255 0 58 0 255 0 255 255 0 255 0 255
    255 255 255 255 255 201 255 0 0 255 255 0 10 0 255 255 0 214 0 186 0
    255 51 180 255 255 0 0 0 255 0 255 255 0 255 0 0 0 218 0 0 11 174 0
    255 0 0 0 255 255 0 60 168 0 0 0 255 255 0 202 255 0 255 255 255 164
    255 0 255 0 255 255 255 0 0 0 196 76 255 0 255 0 0 0 0 0 255 255 255
    255 0 176 0 255 68 0 255 255 255 0 255 9 255 0 0 0 255 0 255 0 255 0
    255 255 0 0 255 255 255 0 0 0 0 7 0 255 254 0 255 0 95 255 255 0 0 0
    182 255 255 255 0 0 0 0 0 0 0 255 255 255 0 0 0 200 0 255 0 255 255
    108 0 0 179 185 255 255 0 147 255 255 0 0 8 255 0 0 0 255 255 0 0
    192 255 255 172 68 157 255 74 0 7 0 255 255 0 255 0 211 0 0 0 255
    255 255 0 0 255 255 0 255 255 215 255 0 255 255 100 255 81 28 62 0
    165 0 0 150 255 240 255 0 0 0 255 255 15 255 0 0 255 255 255 255 255
    0 0 0 255 0 217 255 255 255 0 69 0 255 255 195 0 255 0 0 0 255 255
    255 255 0 255 0 255 0 140 255 255 0 0 255 0 255 0 50 255 237 0 255 0
    0 0 0 0 255 246 180 255 66 255 0 255 145 0 0 0 255 252 0 0 0 255 255
    255 0 255 255 255 0 255 255 255 16 136 255 186 0 255 255 100 0 255
    255 0 0 0 255 0 0 103 255 255 0 29 0 244 0 0 0 255 107 255 255 0 0
    115 255 0 143 255 0 255 124 129 0 255 255 255 255 255 255 0 255 66
    255 0 0 0 174 0 0 255 255 120 0 0 107 255 223 122 255 255 255 255
    123 255 255 0 177 0 0 0 255 255 255 255 51 0 0 255 3 255 68 140 0 0
    255 255 255 29 255 98 255 0 0 215 84 0 0 128 0 255 255 255 255 0 174
    0 255 0 3 255 123 255 0 0 17 0 255 0 52 255 255 255 255 0 255 0 104
    0 0 179 0 11 255 0 255 63 129 0 0 165 255 57 0 0 255 255 255 0 255 0
    255 0 0 255 0 255 19 255 255 0 255 47 255 31 255 255 0 233 255 255
    105 0 255 0 0 0 255 0 169 131 255 255 0 255 0 255 0 185 0 255 255 0
    0 255 255 255 0 191 255 255 0 44 255 0 255 255 186 255 0 255 0 0 57
    0 255 255 156 0 255 9 162 0 0 255 0 255 155 255 0 255 255 16 0 0 155
    255 255 105 0 181 0 255 0 255 255 158 186 0 253 255 255 255 0 0 0 0
    0 255 40 0 0 0 255 0 255 92 255 0 72 255 119 122 255 255 0 191 167
    255 255 0 0 18 0 0 0 0 255 255 255 255 0 255 188 48 0 255 37 255 0
    255 255 255 0 128 0 0 255 0 0 0 255 255 130 242 0 0 0 0 117 255 211
    0 184 255 0 0 182 255 0 0 255 104 0 0 255 255 0 255 255 130 0 0 255
    143 255 201 255 255 190 255 0 0 255 255 0 0 235 0 187 108 255 0 73 0
    255 0 74 255 0 171 0 186 100 255 58 94 255 22 0 255 0 229 153 0 0
    255 255 0 0 247 255 255 0 74 117 0 0 255 0 255 0 93 0 149 255 0 255
    0 255 255 255 0 178 113 255 0 255 35 0 0 255 0 0 255 255 20 0 255
    255 216 203 0 255 0 212 0 255 255 255 0 0 152 255 213 255 0 0 0 255
    255 0 0 0 255 0 255 255 255 255 251 0 0 0 255 0 255 0 255 0 255 0 0
    0 232 255 0 255 0 160 0 255 255 109 0 255 159 255 0 0 255 255 0 255
    0 255 0 255 255 0 0 0 255 35 2 0 0 255 0 0 0 95 255 255 255 29 255 0
    0 0 255 248 255 255 178 0 0 0 255 0 175 0 255 0 0 0 255 0 0 178 255
    255 74 0 44 0 0 0 255 255 0 255 0 148 46 255 0 255 32 47 0 255 255
    255 255 255 0 255 0 255 255 93 193 0 255 255 0 0 0 0 255 255 255 162
    255 255 52 0 104 211 255 255 255 255 255 0 255 0 176 0 255 255 0 0 0
    255 50 255 255 0 129 0 255 0 0 255 255 255 255 255 0 0 0 255 0 255
    255 0 255 193 0 255 0 0 0 0 255 255 90 255 255 70 0 255 223 0 0 255
    255 0 193 255 0 0 0 0 255 39 255 255 0 255 255 255 255 0 255 0 0 0
    160 0 0 0 255 46 255 32 255 0 0 255 0 255 0 255 0 255 255 0 255 0
    255 149 255 255 255 0 0 0 255 255 0 0 0 125 255 255 0 255 0 255 0 0
    0 78 255 255 255 0 0 39 0 0 0 0 255 0 255 255 255 0 255 0 0 0 255 0
    255 0 255 255 94 217 255 100 23 138 255 0 0 255 0 0 0 0 255 57 255 0
    0 255 255 0 0 0 0 0 255 255 255 235 255 31 0 0 0 0 0 234 0 255 255
    255 155 0 255 255 0 0 0 255 255 120 255 0 255 0 0 0 255 255 255 0 0
    80 255 0 255 255 255 255 70 211 0 255 255 0 255 0 79 0 255 9 255 248
    0 0 100 102 255 255 0 0 12 0 255 255 255 0 0 0 0 0 0 179 0 25 0 255
    189 0 0 0 255 255 255 0 0 0 0 255 0 126 159 0 255 255 0 116 0 255
    164 65 255 255 255 255 0 255 0 255 30 66 203 0 0 255 161 0 0 0 255
    255 0 255 255 255 0 145 0 255 255 255 0 0 0 255 255 0 20 0 80 227
    241 0 255 0 255 0 255 0 0 0 0 132 255 253 255 0 255 255 255 88 0 255
    90 43 0 73 255 43 115 255 255 255 0 255 0 255 145 255 8 52 0 0 255 0
    255 0 255 0 255 216 0 0 255 255 255 0 8 0 255 0 0 0 255 255 0 0 255
    191 255 75 0 0 240 255 0 0 255 255 0 0 0 0 0 0 0 0 255 255 126 128 0
    255 198 0 0 255 255 255 0 0 0 0 255 0 0 0 251 255 255 161 0 255 255
    255 255 255 0 0 177 126 0 0 255 255 255 255 255 0 0 255 0 255 136 0
    0 0 255 255 255 0 0 255 0 170 0 255 255 0 14 60 0 193 2 255 0 124 0
    255 0 255 0 193 13 255 0 255 0 115 59 255 255 255 206 255 255 255
    255 255 0 0 0 155 135 255 255 255 255 0 255 0 93 227 0 0 63 255 255
    0 255 0 0 0 255 0 0 0 255 12 0 0 255 77 255 255 73 255 0 0 0 255 235
    255 0 0 0 255 255 255 0 255 255 0 0 255 17 0 255 0 255 255 255 255 0
    0 0 0 0 255 255 206 0 255 0 255 255 255 73 0 0 255 255 163 255 255
    136 255 0 255 0 255 0 204 0 0 255 111 255 148 255 0 255 255 139 0 91
    255 255 97 255 0 241 29 0 0 255 0 255 0 0 0 255 177 185 0 255 0 255
    255 0 0 0 0 0 0 255 0 255 0 74 0 255 255 129 0 0 255 0 0 189 0 255
    122 255 255 0 0 42 202 255 255 79 0 255 0 0 0 88 0 217 0 255 0 75 0
    255 255 255 255 121 0 0 69 255 224 255 0 0 155 48 255 0 255 232 0
    233 0 0 255 0 255 0 255 0 255 0 0 19 255 0 255 0 255 0 0 58 0 255 0
    255 255 255 255 0 0 255 255 154 0 0 136 255 10 0 0 107 240 121 255
    255 0 255 0 176 0 23 255 0 255 0 255 255 226 255 255 255 0 0 0 255
    177 255 0 255 83 255 0 255 0 255 0 0 0 255 255 0 0 255 255 255 0 255
    0 255 216 0 0 0 255 255 136 0 255 0 0 224 255 255 255 0 0 0 255 255
    255 0 0 0 255 0 30 0 255 0 255 0 255 82 255 0 26 0 0 255 0 255 71
    255 255 255 0 187 0 0 0 255 161 0 0 0 255 255 255 255 255 255 15 255
    255 0 0 0 255 0 255 255 206 255 0 109 1 255 68 16 255 0 174 0 0 0
    144 140 83 255 255 148 0 0 184 255 153 2 0 255 0 173 0 0 46 255 255
    255 255 0 0 0 0 255 211 255 0 255 255 0 255 0 255 0 255 43 255 0 255
    0 255 255 0 0 0 255 255 255 255 0 0 0 0 160 174 255 255 0 0 172 0
    255 0 255 255 255 156 0 158 255 108 255 0 75 0 255 255 0 255 0 0 0
    255 255 255 0 255 0 3 0 255 255 0 255 138 0 255 134 255 0 255 255 0
    125 0 255 0 0 255 0 0 0 246 0 255 112 255 255 255 0 0 255 255 232
    255 0 0 22 255 48 14 255 0 255 255 255 255 106 0 0 0 255 87 255 255
    255 0 255 0 255 0 255 134 0 124 234 0 0 200 255 255 255 0 255 255 0
    0 0 255 255 0 0 255 255 255 0 0 149 0 255 0 0 0 255 229 255 255 255
    255 0 19 0 0 255 0 255 0 255 255 255 216 255 255 112 0 255 255 28 0
    42 197 0 0 255 93 255 255 0 255 95 160 0 33 0 0 255 0 0 159 145 255
    0 196 0 57 252 0 0 0 255 255 255 0 0 0 0 0 255 255 255 156 0 0 255
    255 0 255 0 255 255 255 255 0 255 0 107 68 50 255 0 255 255 170 53
    255 255 100 255 0 255 255 255 255 0 0 0 255 255 255 195 255 0 255
    255 255 255 0 139 0 255 0 0 0 0 255 255 0 0 255 255 237 0 0 255 255
    0 255 0 255 255 0 0 0 255 0 255 255 0 0 0 0 210 255 89 0 0 93 230
    255 138 0 220 0 0 0 0 255 213 255 107 255 0 255 0 255 255 0 52 0 255
    255 182 0 0 0 255 0 190 0 165 0 17 255 0 255 0 255 255 146 255 0 0 0
    255 0 120 0 0 255 36 0 0 0 255 255 160 0 219 255 255 0 0 88 255 255
    255 255 0 0 0 0 247 255 0 255 255 255 0 0 0 255 255 255 0 255 255
    255 139 0 233 0 0 0 255 255 255 0 0 0 0 255 0 0 0 255 93 211 255 0 0
    255 201 255 83 0 248 118 255 80 255 255 255 255 255 110 0 0 255 14
    200 32 255 158 255 255 112 0 0 0 0 255 0 255 255 255 255 255 0 255 0
    255 0 255 0 255 0 164 255 255 255 0 0 0 255 255 33 0 33 0 0 255 0
    255 0 254 0 0 26 0 172 255 0 84 0 255 255 176 255 255 255 255 0 54 0
    0 0 73 255 255 108 255 255 255 255 51 0 255 0 255 255 0 0 0 255 255
    0 0 0 0 255 255 255 0 255 0 0 0 0 255 0 191 219 0 255 12 255 0 0 0
    255 18 255 255 106 0 255 0 62 0 0 0 0 255 255 225 80 255 255 143 0
    127 255 0 255 163 255 0 255 0 26 255 0 12 0 0 255 0 255 255 0 255
    255 255 0 50 0 255 132 246 0 0 0 0 255 255 255 0 0 255 198 255 0 0 0
    0 0 255 255 255 0 0 0 0 255 255 37 255 0 235 0 255 0 119 255 16 255
    99 255 0 109 255 0 0 0 168 255 255 0 255 255 255 255 5 63 72 255 107
    0 157 255 255 255 0 0 0 126 255 64 0 255 255 255 255 0 0 0 255 255
    255 255 128 0 1 255 255 221 0 0 0 255 255 255 0 0 0 255 255 238 0 0
    230 255 255 0 0 255 0 255 131 0 255 0 0 255 255 255 0 255 0 0 0 152
    255 255 182 190 0 0 0 255 255 255 0 255 255 115 0 175 255 255 255 0
    255 255 255 33 26 0 255 0 255 255 255 0 255 0 255 255 255 0 255 0 0
    0 255 0 208 255 255 255 0 255 0 0 0 255 35 255 0 0 0 255 255 0 255 0
    28 255 255 0 0 95 0 192 206 200 0 0 0 136 255 255 0 0 255 255 255
    255 0 0 0 0 255 255 255 0 0 255 255 255 0 0 255 255 255 255 66 0 0 0
    255 0 255 255 0 0 255 255 0 48 255 255 229 0 255 255 255 255 0 0 255
    255 0 255 0 0 144 255 0 255 255 255 0 164 255 106 0 0 255 255 0 0 0
    255 0 255 0 0 0 255 255 255 0 0 0 0 0 0 215 0 172 255 245 255 244
    255 0 255 255 0 0 255 255 86 255 0 255 0 255 0 0 78 255 255 255 0
    226 0 255 255 255 0 109 0 0 193 0 255 0 255 70 255 255 0 0 180 0 255
    255 255 255 0 0 0 0 29 255 241 255 255 0 255 144 0 0 255 118 0 0 255
    255 255 0 0 192 255 255 0 0 0 255 0 3 255 255 0 0 203 255 255 0 255
    0 217 109 0 0 200 81 255 255 255 255 0 0 0 76 0 255 255 255 0 0 217
    255 201 31 255 0 0 0 255 12 119 0 250 0 0 0 255 111 255 255 255 0 0
    106 0 255 255 192 0 0 75 255 241 255 0 255 255 255 0 255 221 0 255
    255 25 255 255 255 0 0 228 0 166 154 255 255 65 0 0 0 255 255 255
    255 255 255 0 0 255 255 93 255 255 33 0 255 255 255 0 0 0 0 0 98 0
    255 255 0 107 231 255 255 0 138 0 255 0 255 255 0 0 0 255 230 41 0
    255 136 255 0 0 255 0 255 0 0 255 255 143 0 0 255 255 177 0 255 0
    183 0 255 255 255 19 0 0 255 106 255 255 0 253 0 0 0 0 255 0 255 166
    194 255 255 0 0 0 255 255 59 0 66 255 255 255 0 46 73 255 221 0 0
    249 255 255 112 255 255 255 255 185 0 0 0 255 255 147 255 0 255 0 57
    97 255 0 255 144 0 0 0 255 255 231 0 127 86 255 0 255 0 0 0 255 0 0
    255 255 111 0 0 83 125 0 255 87 0 0 255 255 255 255 0 119 0 46 0 255
    255 177 0 0 0 255 255 0 255 94 255 0 52 82 255 213 255 0 255 255 255
    255 212 255 0 0 0 255 0 102 0 255 0 255 255 152 0 255 255 255 0 255
    255 0 0 244 255 0 0 160 255 99 0 0 0 255 255 255 255 255 0 0 0 0 255
    255 88 255 0 255 0 0 5 249 255 255 255 0 255 0 255 0 0 11 0 255 255
    255 255 0 0 255 0 255 218 255 212 0 0 255 0 0 255 255 255 0 255 0
    255 0 255 0 0 255 255 255 255 0 255 0 0 4 138 255 255 255 255 0 103
    255 255 255 0 0 0 255 255 0 0 255 255 0 0 255 255 0 0 0 0 255 118 0
    255 0 255 0 0 0 106 255 255 195 255 0 255 0 255 255 154 255 34 255
    194 0 0 0 0 255 255 0 255 251 255 156 0 0 255 47 165 0 183 0 255 0
    255 80 255 0 22 171 255 0 0 227 255 255 0 0 255 255 255 255 216 0
    255 119 209 255 255 0 0 255 0 255 255 0 255 0 255 255 238 200 255
    255 255 0 255 0 255 0 255 255 255 117 255 167 255 255 0 0 130 255 49
    255 0 175 0 255 255 0 0 255 255 255 0 255 255 255 0 0 0 0 194 0 0
    255 157 255 0 255 156 255 105 138 81 255 0 0 255 255 0 255 255 255
    255 0 0 0 193 255 146 0 255 61 0 255 65 33 255 0 0 149 255 255 0 255
    0 255 0 255 0 125 255 255 0 145 255 0 255 255 255 33 255 0 0 0 255
    255 41 0 255 196 0 0 0 255 255 0 125 0 255 255 255 0 0 241 0 255 0
    255 0 255 0 255 0 255 0 0 184 0 0 0 255 255 255 0 0 0 255 255 255 64
    0 0 255 255 0 231 255 0 0 255 255 255 0 255 0 19 0 255 255 255 2 0 0
    0 255 0 255 0 255 0 0 255 255 255 255 255 0 255 0 0 255 242 255 48 0
    255 0 0 66 0 255 0 75 0 255 142 255 0 255 0 0 255 255 7 0 158 248
    129 0 255 0 143 255 255 255 0 249 0 255 255 0 255 255 130 0 118 255
    255 0 57 0 0 0 0 255 19 225 162 0 0 0 255 74 0 0 255 255 0 0 255 0
    255 255 0 0 0 255 84 0 251 86 255 255 255 0 0 0 0 0 113 255 255 0
    255 35 255 0 255 0 117 0 255 0 255 255 255 255 0 255 216 233 0 255 0
    255 0 55 255 255 0 97 0 255 0 255 0 255 0 200 0 0 125 255 157 255 0
    227 255 0 0 255 0 255 0 255 255 0 0 255 255 159 0 255 0 0 132 0 0
    255 82 255 255 255 255 0 0 0 255 255 255 255 119 255 0 255 255 255 0
    37 0 102 255 0 0 255 0 255 38 255 0 0 0 154 0 255 47 255 0 255 0 255
    0 52 255 255 255 0 0 0 0 255 255 32 185 255 255 48 0 0 0 0 0 0 255
    213 255 0 0 241 255 0 243 0 255 0 255 0 255 228 189 0 0 0 0 255 0 0
    0 255 255 0 0 0 255 255 255 0 255 255 255 0 195 0 255 0 68 0 255 0
    74 0 0 0 255 255 255 255 105 255 255 241 0 255 247 0 0 228 0 0 0 0
    255 78 46 112 255 0 255 0 0 0 255 172 255 0 0 255 189 255 0 125 255
    255 172 0 255 255 0 136 255 255 0 0 0 255 255 0 87 0 255 255 255 255
    246 0 255 254 255 0 255 114 255 255 105 0 255 231 255 255 63 0 0 255
    255 0 255 0 30 57 255 135 0 0 255 0 0 171 255 0 25 255 255 1 46 0
    255 255 0 0 255 255 255 0 11 255 10 255 0 0 0 0 255 255 9 0 255 255
    255 0 255 255 255 0 0 0 0 255 255 255 82 0 0 255 0 255 0 255 189 255
    0 0 255 255 167 0 255 255 255 255 0 255 0 200 255 0 33 255 255 255 0
    255 255 0 0 0 53 192 255 0 0 255 0 0 0 167 255 118 235 255 255 0 255
    209 255 115 0 255 0 0 166 0 0 70 255 255 255 255 0 255 255 169 210 0
    0 255 242 255 255 255 255 255 255 0 0 255 0 255 0 0 0 255 201 207
    255 255 20 0 0 0 255 255 255 146 120 0 0 83 0 47 255 255 0 255 255 0
    255 0 255 0 96 103 255 0 255 0 255 0 255 126 255 255 0 13 255 0 205
    54 209 255 0 0 0 255 255 255 0 228 94 0 0 150 255 0 255 0 255 0 0
    255 0 255 0 61 0 0 217 154 208 66 0 0 255 255 255 122 51 255 255 34
    154 99 0 255 0 255 0 0 0 0 255 0 255 255 0 0 255 255 0 0 0 255 255 0
    0 0 46 255 255 255 255 255 255 0 0 0 0 255 0 255 154 255 0 255 255 0
    95 0 255 0 255 0 32 0 255 0 255 0 255 3 0 0 11 0 0 255 255 255 0 0 0
    88 0 255 0 0 0 118 255 0 0 25 255 0 255 0 186 255 255 0 119 42 242
    21 255 255 255 255 255 255 0 101 83 255 18 0 255 0 0 255 255 140 255
    255 255 255 0 255 255 255 0 0 0 234 255 0 0 123 0 0 0 0 0 255 255
    255 151 255 228 0 255 66 0 0 0 0 255 169 0 0 241 255 0 0 0 0 0 30 0
    255 0 255 0 255 0 255 255 255 0 255 0 255 0 0 5 0 0 255 255 216 168
    0 255 0 0 0 255 255 255 0 0 255 255 0 0 220 0 89 255 244 255 255 255
    198 0 255 0 255 255 255 43 0 0 0 0 255 255 0 0 138 133 255 176 255
    107 0 198 0 229 228 255 255 0 181 255 255 255 41 0 0 255 255 255 255
    0 255 255 0 0 0 0 0 255 255 255 0 255 255 255 0 255 0 0 0 0 255 56
    206 0 255 255 255 46 0 112 136 0 255 0 255 0 255 255 0 0 0 255 255
    255 255 232 0 0 0 255 0 0 0 255 255 107 0 255 25 255 0 255 0 255 0 0
    0 255 0 255 255 255 255 255 0 255 255 255 0 161 0 0 255 0 255 41 0
    255 255 255 0 102 0 255 0 255 92 194 255 0 0 14 0 0 0 0 82 255 255 0
    0 9 232 255 255 255 255 255 0 255 255 0 0 0 0 255 255 255 176 0 0
    255 228 157 0 255 255 10 0 255 255 255 0 255 143 255 0 255 0 255 0
    251 255 255 0 0 0 0 45 0 255 224 0 255 0 255 255 255 0 255 255 0 255
    0 255 0 255 227 255 0 0 255 0 0 24 255 255 255 253 31 126 0 0 255
    255 208 210 255 0 72 255 255 255 0 0 255 255 255 0 0 0 255 255 0 255
    255 255 255 0 33 65 255 255 0 255 255 255 0 0 0 255 6 255 0 255 0
    255 0 255 201 255 0 65 255 0 255 0 0 0 0 255 0 255 249 32 0 0 0 0 0
    0 140 255 255 0 0 0 255 0 255 73 255 0 177 0 0 0 0 255 32 221 0 255
    117 255 0 0 0 255 0 17 255 255 0 131 255 255 0 255 0 0 0 255 255 255
    94 0 0 255 0 0 0 255 0 18 255 186 255 0 46 0 0 255 0 0 0 255 255 255
    255 0 0 0 0 242 255 255 155 0 255 0 108 0 0 255 167 255 255 255 0
    255 49 47 255 255 253 0 255 193 255 170 0 0 255 255 255 0 0 0 255
    182 255 45 255 3 4 0 0 135 255 255 255 255 200 0 0 255 255 91 0 0 0
    255 0 255 0 73 0 0 255 255 255 0 0 255 255 238 0 0 0 0 255 255 255
    206 0 126 0 0 0 0 52 0 139 0 255 233 120 0 255 177 255 0 255 255 255
    255 0 0 0 255 255 0 0 0 108 61 94 97 36 44 194 255 255 255 0 0 0 255
    0 255 199 0 0 0 85 255 255 153 0 189 255 255 111 0 255 0 255 0 0 249
    0 255 255 255 0 5 0 255 255 255 0 70 132 71 255 255 0 255 0 255 0
    231 79 0 255 0 255 15 255 255 0 0 0 255 0 0 233 0 255 255 0 255 0
    255 255 255 0 0 255 255 255 0 0 255 0 0 255 0 83 0 255 0 0 87 24 255
    0 55 154 255 136 209 128 255 0 255 0 255 0 50 255 217 255 41 0 255
    144 81 0 0 0 105 52 255 0 255 0 255 255 255 255 130 255 255 0 255
    255 0 0 0 206 255 255 255 0 0 198 255 16 255 0 0 0 255 255 199 0 0
    255 255 236 88 0 255 255 0 21 0 0 0 0 137 0 255 255 0 255 75 0 0 0
    255 255 0 76 0 0 255 255 255 0 43 255 0 0 0 255 0 255 255 0 255 4 33
    0 0 0 0 255 255 255 255 116 0 255 255 255 255 255 255 222 0 255 255
    0 255 0 86 129 22 255 227 255 255 255 0 0 80 0 255 255 255 0 111 255
    0 255 255 255 0 189 255 0 32 0 213 255 0 255 0 0 255 94 73 0 34 255
    0 0 255 255 255 0 0 0 33 255 0 255 102 255 0 255 167 255 0 0 0 255
    255 0 52 255 255 255 0 62 255 255 255 0 0 0 0 37 255 255 255 0 0 61
    255 0 0 230 0 255 17 255 0 116 255 0 255 215 255 0 255 255 255 17 0
    157 255 255 255 255 0 0 0 255 0 188 0 92 243 255 255 255 0 255 0 255
    0 0 255 255 76 0 255 0 0 0 255 0 255 0 255 255 0 0 0 255 37 255 255
    0 255 99 255 255 0 255 255 0 0 0 0 16 0 0 0 255 0 164 6 0 0 39 255
    255 0 255 123 0 255 139 143 0 47 255 0 191 0 255 116 0 13 0 0 255
    241 207 255 255 45 0 255 41 0 0 255 18 255 0 255 0 0 254 56 255 255
    255 0 7 0 255 255 0 0 0 60 255 0 0 255 0 0 255 255 255 0 51 255 0
    168 0 11 0 0 0 0 117 123 60 79 48 255 0 0 0 0 255 0 255 255 255 0
    158 255 0 255 173 255 0 0 13 255 180 255 255 0 0 255 0 255 148 238 0
    0 0 0 255 0 20 255 255 0 0 255 255 24 0 255 0 249 255 160 255 0 255
    218 6 0 0 255 255 255 0 255 255 255 0 255 54 255 31 255 0 0 0 255
    116 255 0 255 0 0 0 255 179 255 0 0 255 255 0 0 255 255 0 0 98 42
    255 255 255 255 147 236 0 0 0 255 255 255 0 208 0 255 0 0 255 0 183
    0 0 255 255 255 255 255 0 255 230 0 255 0 255 52 255 255 0 0 0 255
    255 0 0 0 255 0 0 0 0 0 255 255 0 0 0 0 255 255 0 44 225 255 255 0
    255 255 0 0 0 37 255 255 69 255 0 45 44 255 117 255 0 255 17 0 116 0
    255 255 255 52 255 0 0 0 0 0 0 249 175 255 0 0 0 255 0 0 0 0 255 0 0
    255 0 255 0 0 240 255 255 5 73 0 0 0 255 255 255 255 0 0 255 221 255
    0 0 0 255 100 62 240 0 255 0 0 0 0 0 154 255 0 0 255 0 0 0 255 255
    28 255 0 255 86 83 255 0 255 255 163 240 199 255 0 221 0 255 0 255 0
    255 146 255 255 255 255 0 255 255 0 0 0 255 255 140 0 0 0 255 20 0 0
    229 0 56 0 255 0 0 0 255 12 98 0 255 255 255 29 0 136 0 255 255 255
    255 0 48 0 255 0 255 0 98 0 255 255 0 0 0 0 255 255 142 255 0 0 103
    255 255 0 0 255 8 0 255 255 255 0 0 0 255 0 0 0 255 0 0 255 255 255
    255 255 0 0 255 255 255 0 0 0 0 140 100 251 88 47 0 255 170 255 0 0
    255 0 255 92 0 0 255 255 255 0 255 255 80 255 0 0 255 215 0 255 0
    255 255 255 255 0 0 255 0 133 0 75 185 255 232 0 255 0 255 77 255
    255 86 255 0 255 0 255 0 255 255 0 0 255 255 0 0 255 255 255 255 255
    52 255 255 255 0 0 0 0 255 255 74 0 255 255 144 255 0 255 0 41 0 255
    231 255 0 255 255 0 150 20 255 0 0 255 255 0 255 0 255 0 255 0 0 255
    255 0 0 255 0 185 0 255 0 255 0 255 0 99 0 255 0 0 0 0 0 255 255 255
    255 255 103 253 0 255 255 0 255 0 255 255 118 0 0 255 255 243 0 0 0
    255 255 0 255 0 255 0 0 255 0 255 255 50 255 0 255 0 255 65 0 0 0 0
    255 0 0 249 23 255 255 0 0 0 255 255 255 255 66 255 255 0 255 0 255
    255 255 24 17 184 0 0 255 0 255 0 0 0 229 134 234 19 255 255 255 169
    0 255 255 255 0 0 0 255 255 255 16 236 0 11 141 0 252 255 174 255 0
    255 0 0 0 255 1 255 0 255 188 0 0 0 0 255 255 180 0 2 255 0 123 255
    255 120 0 255 255 0 255 109 133 0 0 255 255 255 0 224 255 0 0 0 255
    247 0 35 255 132 255 255 255 255 255 84 0 0 0 193 0 0 255 255 255 0
    0 0 240 255 255 0 255 0 255 255 255 0 0 255 18 255 255 255 0 255 255
    150 255 0 255 0 255 0 255 230 138 255 255 255 0 0 255 255 255 0 0 0
    0 0 129 255 255 251 0 0 0 0 255 255 255 255 0 255 0 0 255 255 0 0 0
    255 255 255 255 255 217 255 255 248 0 0 255 0 255 255 255 255 0 0 0
    255 0 0 0 255 216 0 0 0 255 255 42 0 255 255 255 255 0 103 255 176 0
    9 255 255 255 0 228 0 255 131 122 178 211 0 0 255 149 255 0 0 0 209
    0 75 0 255 255 255 61 255 28 0 0 0 0 255 255 192 255 0 0 27 255 255
    5 0 0 255 255 0 0 255 139 255 0 0 0 0 172 255 119 206 161 0 255 68
    184 255 0 255 255 255 0 0 255 255 255 0 16 53 255 0 0 43 255 255 0
    255 255 236 0 0 112 255 0 0 0 255 210 255 255 169 0 82 0 0 255 0 48
    0 0 87 123 255 255 120 255 255 255 255 0 130 0 0 0 0 255 255 255 0 0
    255 0 0 220 255 255 0 0 0 253 0 255 0 255 145 255 0 255 0 205 0 12
    255 255 255 0 37 0 255 255 255 0 220 0 255 255 255 255 0 114 145 164
    0 255 255 255 255 32 255 0 0 255 255 255 0 0 62 0 255 0 255 255 233
    0 255 255 0 255 128 255 0 43 174 200 255 255 0 0 236 0 0 255 255 255
    0 0 70 0 255 255 0 255 0 255 0 255 0 255 0 255 0 212 117 29 255 0
    255 66 0 255 255 255 8 0 107 0 255 0 0 0 0 0 255 23 0 0 255 255 255
    0 0 255 0 255 0 0 0 255 110 0 194 255 255 0 255 0 255 34 0 255 255
    255 0 0 8 126 0 93 0 100 0 0 167 0 255 255 255 142 255 255 177 149 0
    255 0 0 255 0 0 0 100 255 113 255 255 255 0 0 0 255 255 0 0 0 255
    255 255 255 255 255 0 0 255 255 81 193 255 0 0 0 255 0 0 0 255 255
    255 255 0 0 0 0 122 0 0 255 226 255 255 0 0 253 255 102 0 0 0 255 0
    178 0 0 255 141 45 0 56 255 0 255 0 255 0 255 236 255 0 255 255 255
    98 0 255 0 255 0 255 255 0 0 0 75 0 255 0 160 0 255 0 0 0 255 69 0 0
    0 182 0 255 93 0 255 0 220 0 0 255 48 145 119 0 255 0 255 0 255 242
    255 0 184 255 255 0 255 0 255 0 0 0 0 25 198 0 0 0 255 255 255 0 176
    255 0 255 255 0 0 255 255 71 0 78 255 0 0 0 255 255 243 255 253 0
    255 255 255 255 255 0 12 0 227 0 0 0 167 0 2 255 255 255 255 0 0 210
    255 0 255 12 255 170 28 0 43 80 255 255 255 232 0 0 255 112 255 0 0
    219 236 255 255 0 0 255 255 20 0 255 255 28 0 0 255 255 255 142 255
    0 0 0 255 255 0 0 0 255 0 255 177 25 0 220 255 255 255 0 0 0 255 255
    31 0 255 255 0 0 0 255 255 0 0 255 255 255 55 0 255 255 255 218 255
    0 255 0 255 0 255 223 0 103 255 219 3 0 0 255 149 255 0 0 255 9 255
    0 255 0 255 255 255 0 255 177 255 139 194 0 0 255 180 0 255 0 0 199
    29 255 255 0 0 0 255 255 236 255 0 169 0 62 25 255 0 255 255 255 255
    255 255 0 255 255 255 0 0 0 255 0 0 0 0 255 86 0 255 0 255 255 255
    255 123 0 0 0 18 255 255 255 0 0 0 221 0 0 0 255 255 255 0 0 0 255
    187 255 0 255 0 255 0 255 0 1 0 181 255 255 0 255 0 96 255 0 255 0
    255 255 119 222 255 0 0 0 255 255 255 0 255 0 0 0 255 255 0 255 0 0
    0 0 0 72 255 0 255 255 255 255 52 0 0 223 255 0 0 0 247 255 220 202
    0 135 0 0 0 0 0 149 255 255 255 0 0 0 142 0 255 255 63 0 255 0 255
    64 255 49 225 0 255 0 0 0 255 5 255 0 255 255 255 0 0 0 255 255 24 0
    255 0 0 255 0 255 231 143 0 255 0 0 0 0 255 0 192 0 255 255 255 255
    30 0 0 0 255 255 233 0 255 0 120 104 0 255 0 0 0 255 73 255 0 120
    255 255 0 0 0 255 35 224 44 0 0 216 0 255 0 255 0 255 255 0 0 255
    255 0 0 108 154 255 0 12 0 0 0 0 211 84 156 255 255 255 0 0 107 0
    255 0 255 255 0 255 0 0 111 0 255 202 255 0 255 255 255 255 0 0 0
    116 255 0 0 0 255 0 28 0 0 0 255 255 255 0 177 0 0 255 255 255 230
    64 135 0 0 255 255 34 255 0 25 0 179 0 19 0 191 0 255 255 255 0 184
    0 255 247 255 255 122 0 255 255 255 0 0 255 255 0 0 255 255 255 0
    255 0 255 255 0 255 0 0 0 255 255 0 255 0 124 0 0 255 255 0 0 0 0 0
    0 255 0 0 0 255 228 0 0 255 255 0 0 0 255 255 0 255 0 255 106 255
    255 211 255 0 255 0 255 255 255 255 0 0 0 0 0 233 0 0 255 0 0 0 0
    233 8 255 255 0 255 0 255 255 255 255 0 0 0 97 255 255 255 186 0 0
    255 255 69 255 0 255 255 150 255 42 0 0 255 255 0 255 255 255 255 0
    0 0 255 164 188 0 255 0 170 147 255 0 0 88 0 255 255 189 213 255 0 0
    255 255 255 255 208 255 0 148 0 192 0 0 5 89 100 0 255 255 255 255
    255 0 255 0 255 255 0 0 255 201 177 61 255 70 53 0 136 0 255 241 255
    76 255 255 0 255 0 255 255 255 255 0 63 255 255 255 0 255 232 0 7
    255 255 0 0 255 255 102 126 255 255 0 60 0 0 0 255 255 255 0 0 0 255
    255 255 158 0 0 0 0 255 255 0 0 17 228 255 255 255 0 0 0 0 255 255 0
    255 0 153 0 255 0 0 32 255 129 0 255 255 255 0 255 0 255 255 255 0 0
    255 16 168 255 255 255 255 0 255 0 255 0 255 48 137 0 255 255 255 0
    184 255 255 0 0 0 255 255 120 0 0 106 0 255 225 0 0 255 18 255 255
    255 0 42 255 0 255 255 255 255 30 0 255 78 255 255 0 255 255 255 0 0
    255 0 255 0 41 0 255 0 255 110 182 1 0 255 255 255 0 255 72 0 0 28
    94 237 0 0 0 255 202 0 0 255 255 119 0 0 255 255 255 0 239 118 255
    255 255 156 255 255 0 0 255 0 0 64 255 255 0 0 0 255 255 255 0 0 0
    255 0 0 0 153 255 255 229 0 46 0 255 255 0 0 255 0 126 0 255 255 255
    255 220 0 0 255 255 255 0 0 80 0 0 0 255 107 135 0 0 255 255 255 191
    68 0 255 0 0 0 0 0 0 255 0 255 255 121 145 16 14 255 0 255 255 0 92
    232 255 0 0 0 0 255 255 97 0 255 255 255 0 0 0 255 255 255 255 255 0
    0 0 255 255 255 0 0 255 0 255 123 255 0 0 0 255 69 0 0 0 0 153 0 255
    255 0 162 0 255 10 255 255 49 0 255 211 0 121 0 255 61 255 0 255 209
    255 0 255 0 255 0 255 255 239 255 0 255 0 0 0 0 255 0 255 0 255 0
    132 36 255 255 0 0 17 255 255 255 0 255 74 255 255 233 1 0 255 167
    255 255 255 255 0 255 122 251 178 0 0 0 255 255 255 190 0 255 0 0 0
    218 0 0 0 255 93 255 0 255 0 255 255 255 0 85 255 255 0 255 7 0 207
    0 255 255 0 255 239 167 0 0 0 0 0 255 255 255 0 0 0 0 0 255 0 255
    255 0 0 155 255 194 255 0 125 255 0 0 0 255 255 0 255 255 0 0 255
    255 0 0 60 0 255 255 0 255 0 211 0 118 255 255 255 0 255 130 0 255
    230 0 225 249 0 0 255 16 255 255 0 255 0 255 51 0 255 255 117 255 0
    0 120 0 0 166 0 0 255 255 42 88 0 0 255 0 255 255 252 255 255 255 0
    154 243 255 0 0 255 192 255 97 255 0 143 50 255 255 0 0 0 255 0 255
    0 255 255 0 255 0 255 255 0 0 255 255 0 0 0 255 0 0 131 104 255 0
    255 252 190 0 57 0 255 255 255 0 0 0 255 0 255 239 255 21 255 0 173
    100 120 152 37 0 255 0 151 0 255 255 255 255 159 255 0 255 208 115 0
    230 255 198 0 255 0 0 0 255 255 255 0 255 255 0 255 0 255 0 137 161
    255 235 0 0 0 255 255 255 255 135 178 237 255 255 255 200 0 0 255
    255 0 0 163 0 255 255 216 255 255 194 0 0 0 255 0 255 0 255 0 0 0 78
    255 255 200 0 0 255 255 255 94 0 133 204 0 0 0 255 255 255 0 255 199
    0 37 0 255 0 255 0 255 0 0 0 2 255 255 0 19 255 0 0 0 255 0 255 0
    255 0 0 78 255 255 0 0 255 255 0 136 0 227 0 0 46 255 255 0 255 255
    0 255 118 0 0 255 228 0 0 0 255 247 0 0 57 0 0 255 0 0 255 11 0 0 0
    255 0 154 81 190 204 0 0 246 255 255 0 0 0 0 0 0 238 255 0 255 0 0
    214 0 255 0 255 0 255 0 0 0 255 255 0 233 0 190 255 255 255 173 0 0
    0 255 255 255 204 228 255 0 0 0 0 255 220 0 255 0 187 0 255 0 0 255
    255 53 255 0 255 0 255 196 255 255 0 0 0 248 0 255 0 159 0 171 0 0
    255 0 0 143 20 35 255 255 0 255 20 255 0 92 0 255 0 255 136 36 255
    255 124 0 0 255 0 0 0 234 255 255 0 0 0 255 0 255 0 0 0 132 0 0 0
    255 255 198 0 255 135 255 159 255 0 255 0 246 0 0 255 223 0 233 255
    255 109 55 0 0 0 73 255 36 0 0 255 255 255 255 142 0 0 0 0 255 255
    255 255 0 111 0 0 0 115 255 255 0 0 101 0 190 0 255 255 0 0 0 255 0
    42 0 255 81 22 0 255 216 255 0 255 255 255 0 0 0 255 255 255 0 240 0
    151 175 0 255 0 255 73 255 0 0 0 255 255 255 253 0 0 255 255 0 255
    255 0 212 0 0 0 0 0 255 0 81 0 146 255 0 255 0 255 0 0 204 0 0 0 0
    158 0 255 255 255 255 255 233 0 0 255 0 0 255 255 255 164 0 0 255
    255 255 0 0 0 0 0 255 255 255 0 0 0 255 0 255 255 255 255 0 0 0 255
    255 0 0 255 255 255 114 255 255 83 0 0 73 255 255 89 255 0 0 0 163 0
    2 0 0 255 0 255 0 140 62 0 0 0 255 0 255 0 255 0 255 255 255 0 0 0 0
    255 255 255 182 0 0 0 0 0 255 255 255 255 0 0 0 255 255 255 0 255
    255 0 0 0 47 0 255 255 0 19 0 255 0 38 0 0 187 255 255 255 9 247 255
    0 0 0 0 255 255 0 255 0 255 0 255 14 255 0 113 0 0 9 19 255 0 0 0 30
    0 255 118 255 0 0 255 0 255 255 255 0 0 255 255 0 0 255 0 255 255
    255 0 148 255 0 0 255 0 255 0 0 255 255 255 255 0 198 0 255 255 255
    0 255 0 255 0 255 0 255 0 255 0 0 102 19 255 255 255 88 59 255 0 0
    255 187 0 255 0 255 0 0 0 255 255 255 232 0 0 0 255 255 193 255 0
    255 0 0 255 255 0 147 255 137 0 255 0 255 0 0 0 0 255 255 0 161 255
    255 0 255 255 0 0 0 0 0 0 0 255 196 255 0 0 0 255 0 255 255 255 0 0
    255 255 28 255 107 0 133 255 255 0 255 0 196 0 0 0 247 255 0 255 255
    8 255 255 255 255 82 140 255 255 255 0 170 255 255 0 0 4 255 255 255
    80 255 0 255 0 255 0 0 0 216 123 89 0 0 255 255 0 0 255 255 255 255
    255 255 0 255 255 255 0 0 255 255 0 255 123 0 0 0 255 119 20 0 255
    255 255 114 255 0 255 0 255 182 255 0 0 0 0 255 52 255 0 255 183 169
    255 255 255 255 255 0 0 15 0 0 255 255 255 0 240 0 0 255 255 71 0 0
    255 255 255 0 255 255 255 0 0 0 0 255 255 255 255 0 34 255 0 0 0 255
    255 145 0 0 35 0 255 255 255 204 143 255 255 255 12 0 0 255 77 0 0
    255 130 255 205 255 0 255 55 255 0 255 0 219 0 0 0 229 0 255 255 255
    0 0 0 255 255 0 0 0 255 0 255 255 0 255 0 255 0 255 0 0 0 255 53 6
    255 128 255 255 0 255 0 255 255 255 0 0 0 255 0 255 255 255 255 255
    255 0 255 0 0 255 0 255 255 255 0 0 23 0 0 255 255 255 255 255 0 243
    0 255 62 255 193 255 255 0 14 112 255 255 255 252 0 0 255 0 255 217
    255 0 194 255 255 0 0 195 0 210 106 92 255 0 255 0 126 0 172 255 0 0
    0 255 255 255 0 0 255 255 0 138 0 255 255 0 255 255 255 0 75 0 255 0
    0 104 155 255 90 255 0 0 0 0 17 0 173 0 255 255 255 255 255 0 0 255
    255 255 0 0 218 255 0 0 255 255 255 0 96 255 181 255 255 0 0 207 0
    156 51 196 151 0 0 255 253 32 185 255 0 251 190 101 0 0 28 255 255
    255 0 62 0 255 180 255 255 255 89 243 0 0 255 255 216 255 57 3 255 0
    255 255 0 0 255 255 0 0 255 255 255 255 255 255 255 219 0 0 255 255
    213 0 255 255 255 0 0 255 255 0 0 255 255 0 0 0 0 255 16 255 0 167
    218 0 192 0 0 232 131 255 0 255 255 255 255 255 255 255 0 255 0 255
    0 255 0 11 255 0 255 255 255 14 65 0 255 0 0 0 255 0 0 255 0 255 0
    255 0 0 255 0 255 0 48 0 0 255 255 142 70 0 255 0 0 255 0 103 0 255
    255 0 0 0 255 255 255 0 0 78 0 54 8 255 0 104 0 0 255 0 0 0 255 92 0
    0 255 35 0 255 255 0 255 0 255 0 255 0 255 116 255 255 0 255 28 255
    255 0 0 0 255 255 255 0 255 231 254 19 0 255 255 255 0 0 51 170 255
    0 224 0 109 0 0 89 0 0 0 0 255 46 67 250 0 255 0 255 255 0 255 0 35
    0 182 28 215 0 255 71 255 255 255 255 255 0 0 0 0 255 255 0 0 255
    255 255 0 0 255 255 255 219 255 0 123 0 19 0 0 0 255 255 0 255 230
    255 255 255 255 210 0 0 86 13 255 0 0 255 255 244 0 255 255 145 183
    42 183 50 26 255 0 0 255 98 255 0 0 113 255 94 255 255 248 0 255 255
    0 255 255 255 0 255 49 255 0 255 255 0 0 255 166 255 0 189 0 0 0 0
    255 255 0 0 0 0 255 0 214 255 255 216 255 63 253 0 0 160 255 0 0 0
    255 255 255 0 255 197 255 255 0 255 199 255 255 0 218 0 0 255 128
    255 240 0 64 255 255 0 0 171 255 255 255 255 188 0 0 255 255 255 0
    255 0 255 0 234 255 255 255 0 0 255 255 255 255 137 0 255 86 0 0 255
    158 0 0 0 255 5 0 244 255 0 0 255 155 255 255 255 68 0 255 255 255
    255 255 255 255 218 154 0 255 255 174 255 0 0 18 255 0 104 0 0 0 0
    255 0 0 0 200 0 5 255 0 255 0 255 0 255 0 0 255 212 255 255 255 255
    0 126 255 255 255 0 0 0 0 114 255 255 255 0 255 0 0 0 161 255 95 90
    0 107 255 84 255 0 0 255 255 0 0 0 255 79 0 255 0 255 255 162 91 135
    0 255 0 51 255 255 0 0 198 255 255 221 0 255 162 255 0 0 0 0 255 255
    255 86 0 0 97 0 0 0 255 255 45 255 0 255 53 255 0 0 255 0 2 255 255
    0 148 240 72 0 255 255 161 0 255 111 255 0 0 0 255 162 255 0 0 255
    255 255 0 255 180 255 255 255 0 0 255 255 0 255 0 0 0 86 0 208 0 0
    255 74 0 0 255 255 255 255 255 64 0 0 255 182 0 0 7 255 255 255 255
    129 0 84 0 1 255 255 194 170 0 255 17 250 0 0 255 255 255 0 131 255
    255 0 0 255 107 0 0 0 255 0 120 0 240 0 0 204 0 0 0 0 255 255 0 0 0
    0 0 255 0 89 0 255 0 255 255 88 255 0 0 0 30 0 0 105 0 255 0 255 0
    48 255 255 0 255 169 0 255 0 255 255 255 255 0 229 0 255 218 255 0
    255 0 255 20 255 0 0 0 35 0 255 255 0 255 0 183 0 207 211 231 0 255
    255 206 255 255 241 255 0 37 0 255 255 255 0 255 0 176 0 0 0 255 0
    255 0 255 0 0 255 255 0 0 0 170 0 0 49 255 255 140 255 0 255 0 0 0
    255 0 255 73 252 0 169 255 255 0 0 0 255 185 0 0 0 215 255 0 0 0 255
    145 0 255 255 254 0 0 250 0 255 255 255 0 255 0 255 244 255 0 255
    138 255 0 255 255 0 113 0 0 7 255 255 255 0 25 0 0 0 255 255 255 0 0
    255 255 0 255 255 255 77 0 101 0 255 255 215 255 0 255 0 255 255 255
    0 255 0 0 0 177 110 255 255 255 0 0 58 255 61 0 90 255 0 181 85 0 0
    0 255 255 255 255 255 26 0 0 0 255 239 0 110 0 0 0 255 255 255 255 0
    229 0 255 0 151 255 255 0 0 0 255 255 255 104 0 255 35 210 162 0 0 0
    0 255 0 255 157 0 10 255 255 0 240 20 255 255 0 0 0 0 28 255 0 0 82
    255 255 255 0 0 187 97 0 75 255 255 255 255 20 255 255 187 255 255 0
    255 34 0 255 0 243 255 0 255 0 255 0 255 0 255 255 255 0 255 49 255
    0 0 255 255 0 197 64 255 255 225 0 0 0 190 159 255 255 255 0 63 0
    194 130 105 255 255 255 114 0 113 0 255 0 0 192 255 255 0 0 155 126
    104 255 0 0 234 255 0 255 0 0 255 255 255 0 0 0 255 212 0 0 255 177
    255 0 0 0 255 255 255 0 0 0 128 255 0 0 255 255 255 38 0 250 0 17 0
    88 0 255 0 255 0 159 0 0 255 255 255 255 255 255 0 173 0 255 0 0 0
    43 255 0 255 0 255 0 0 97 137 255 0 255 255 255 111 255 255 0 0 255
    0 0 44 0 44 255 0 161 0 255 0 255 0 255 0 255 0 255 255 227 0 0 0
    109 255 122 255 255 255 0 0 255 0 255 0 179 255 255 0 0 255 40 0 0
    177 255 0 201 0 0 255 255 255 255 255 255 0 255 255 255 0 71 0 255 0
    255 255 180 255 0 0 0 0 255 255 255 0 104 255 255 0 0 255 130 255
    255 255 0 0 0 255 0 255 255 255 0 0 0 0 255 255 78 255 0 0 122 209 0
    0 255 0 0 255 255 77 0 0 47 174 255 0 119 255 0 255 251 251 255 140
    220 0 73 189 0 97 255 255 255 0 173 100 255 0 17 0 255 0 225 255 255
    0 62 0 255 0 255 0 255 0 255 255 255 0 255 255 255 0 0 181 255 0 240
    0 0 255 129 255 0 255 0 219 2 255 255 0 255 0 0 0 255 255 109 0 0
    191 255 255 0 255 255 89 0 255 0 255 0 255 254 0 0 255 255 86 0 255
    212 0 0 29 0 255 255 0 0 0 255 255 255 0 255 132 255 255 255 52 0
    158 255 255 0 0 32 0 255 255 255 0 68 255 255 255 0 255 0 255 0 255
    0 213 255 222 255 0 0 0 226 0 0 102 0 228 0 255 255 0 39 251 12 0 0
    255 255 216 0 0 0 255 218 255 255 0 0 233 255 222 0 255 255 255 0
    255 0 255 255 46 0 0 0 116 17 255 0 255 0 255 43 255 0 78 255 255 0
    215 0 61 0 255 255 255 255 11 255 0 0 0 102 0 0 92 130 255 126 190 0
    37 0 0 255 255 120 0 255 16 255 0 255 61 0 255 255 0 0 0 255 255 255
    255 255 0 0 0 0 255 255 16 44 255 0 35 2 0 0 0 255 255 0 255 255 103
    0 255 0 255 255 255 255 0 255 255 255 0 255 255 255 0 60 0 255 255
    255 255 255 255 0 0 169 255 255 0 0 255 255 255 255 0 0 0 229 255
    103 0 236 0 255 255 255 255 255 255 0 0 0 255 0 255 255 109 0 0 255
    255 255 255 255 0 255 0 45 0 255 255 0 255 255 0 222 255 255 52 0
    129 255 255 255 98 6 0 0 0 0 255 255 255 218 0 255 26 255 0 0 57 129
    76 149 255 255 0 255 0 255 0 0 0 255 116 19 0 255 255 0 255 98 255 0
    255 0 0 0 66 162 255 255 255 255 0 0 157 0 255 255 255 255 0 255 255
    255 255 0 0 0 255 255 28 255 81 0 0 0 255 0 255 28 255 0 255 0 255 0
    0 0 255 99 255 0 255 0 255 8 0 197 0 255 0 0 0 255 255 255 0 0 0 0
    255 0 0 139 255 107 0 0 255 0 255 255 0 235 0 255 0 0 0 193 16 255
    255 0 0 0 149 0 67 249 0 0 198 0 255 199 255 0 21 47 178 211 0 255 0
    255 0 0 0 0 0 0 0 255 255 255 0 255 170 55 0 0 255 255 120 164 255 0
    177 255 255 255 255 0 0 255 0 255 0 170 255 255 0 242 0 255 0 255 0
    176 255 66 0 0 255 161 255 255 0 0 0 70 255 0 255 0 0 255 17 0 0 0 0
    255 0 0 0 6 222 255 0 255 255 255 0 89 0 255 255 255 255 0 255 93 0
    255 4 255 26 255 0 255 0 255 0 177 65 255 36 101 255 171 201 105 0
    160 0 255 0 255 99 255 0 203 255 0 0 0 255 95 255 58 255 232 255 0
    255 156 47 0 0 255 67 0 0 255 0 0 0 255 255 255 255 203 255 14 255 0
    255 0 255 0 255 0 0 0 255 255 255 0 0 0 255 255 118 15 255 152 0 0
    163 119 80 0 255 255 255 255 0 140 0 0 255 0 255 140 0 0 0 255 32
    255 111 0 0 0 255 0 0 0 255 0 0 0 238 255 123 0 0 0 255 0 255 0 0 0
    255 255 123 0 29 61 0 88 255 255 255 255 255 0 26 136 255 255 255 59
    0 255 254 255 0 141 0 0 255 0 255 0 0 0 255 0 255 0 255 0 255 255 0
    255 0 255 0 113 0 0 0 255 0 255 0 0 0 255 226 0 0 255 253 255 255
    155 0 0 0 0 0 255 36 0 249 255 255 185 0 0 0 255 255 0 217 0 156 0 0
    0 255 255 255 255 0 255 0 255 0 0 0 255 255 0 182 255 255 0 255 135
    0 0 255 255 0 0 0 255 135 255 0 255 196 0 108 255 255 255 0 0 74 0
    255 78 255 120 0 0 0 255 159 255 0 0 0 246 255 255 255 255 0 0 0 174
    255 255 106 255 182 44 4 255 255 255 199 134 255 255 255 0 0 255 0 0
    0 60 0 30 255 0 255 0 255 0 255 233 215 255 0 236 115 0 255 0 255 30
    21 0 156 255 255 255 0 20 255 255 176 0 0 0 255 255 255 0 130 0 255
    255 0 27 0 255 0 0 255 255 255 0 0 255 255 255 0 255 0 255 0 255 255
    255 0 255 93 255 125 0 0 0 0 0 0 0 0 255 164 255 0 0 255 0 76 0 190
    48 220 255 98 42 255 0 255 255 153 196 55 0 0 0 0 0 255 141 255 255
    255 0 0 0 0 156 255 255 255 8 172 0 0 255 0 255 0 255 0 0 0 255 255
    255 255 0 0 255 0 0 144 255 0 0 134 0 255 220 255 255 255 0 255 255
    85 255 221 0 0 0 0 0 224 20 255 0 0 255 255 0 255 0 255 255 83 237 0
    10 255 0 0 0 0 0 41 222 255 255 0 255 255 255 255 0 255 0 255 0 0 0
    0 255 255 255 255 0 0 0 47 255 255 0 0 0 255 255 255 0 108 255 255 0
    0 0 255 0 79 0 23 255 255 255 0 0 0 93 95 255 255 255 0 0 255 132 50
    255 255 255 255 84 255 0 255 0 57 0 0 0 72 238 255 166 0 242 0 255 0
    255 0 255 82 255 193 255 255 0 255 0 255 0 197 0 255 255 0 0 0 255
    255 255 0 255 255 255 0 0 0 255 255 0 14 255 255 255 0 0 0 109 0 255
    207 255 246 0 255 255 0 32 255 251 255 0 0 0 255 255 126 0 0 0 255
    255 0 111 0 255 188 255 0 0 0 0 255 110 255 255 255 0 255 0 255 0 96
    255 0 236 0 255 0 244 0 255 0 255 46 73 0 255 0 255 0 0 255 0 255 0
    0 255 255 255 0 0 0 0 0 255 100 0 0 0 0 0 126 255 0 255 0 255 0 255
    255 0 0 255 0 0 0 104 0 0 83 255 255 0 255 202 255 131 0 0 255 255 0
    255 0 92 255 0 255 0 0 255 255 255 255 128 169 122 94 180 255 0 255
    248 0 0 163 255 255 100 0 0 0 255 55 255 0 0 0 0 255 255 0 156 255
    255 255 117 82 255 255 84 177 0 0 0 255 255 0 0 203 255 255 0 150
    255 143 0 0 0 107 255 255 255 0 0 216 0 255 2 255 0 180 255 207 255
    43 171 255 0 0 0 255 255 255 255 255 0 0 0 82 255 255 33 255 255 245
    0 0 73 255 86 86 255 0 255 0 116 0 0 255 140 0 255 0 255 255 255 255
    0 0 238 93 221 195 0 255 0 255 0 188 255 0 255 219 41 0 255 255 0
    204 91 255 255 131 166 255 150 255 193 57 255 0 173 255 255 255 0
    255 255 255 190 0 125 194 0 0 255 255 255 171 0 0 0 0 0 255 0 158 0
    174 0 0 195 255 255 0 255 0 0 64 0 0 0 255 255 255 0 0 255 255 255 0
    166 37 0 107 255 10 0 255 255 255 255 50 255 188 0 255 255 255 184
    211 255 255 0 255 0 255 255 0 255 194 0 113 0 109 255 191 255 255
    255 255 229 255 0 0 0 44 202 0 254 255 255 0 216 255 255 0 255 0 0
    255 255 174 0 255 215 255 0 0 255 0 255 255 0 0 0 255 255 0 236 0 99
    255 0 0 255 255 255 255 0 255 0 255 0 255 0 186 255 0 255 255 255 72
    0 255 0 0 0 0 0 255 136 255 0 0 255 164 0 0 255 108 255 255 0 255 0
    225 68 255 255 80 142 0 255 0 0 255 255 255 0 0 255 0 255 255 0 0 0
    255 255 0 255 0 255 0 0 0 0 255 255 255 0 0 63 98 255 0 0 255 255
    255 255 0 0 0 255 0 0 18 255 255 0 199 157 166 0 0 0 243 0 255 0 146
    255 255 0 255 255 255 0 0 172 169 255 0 255 0 0 0 255 255 255 255 0
    0 0 255 0 255 255 80 113 0 180 0 192 0 76 255 255 255 255 0 64 0 255
    0 0 255 255 203 255 255 255 255 0 0 255 0 0 255 255 96 0 50 0 99 255
    0 88 199 255 0 0 255 255 255 0 172 0 255 255 0 0 187 255 0 186 255
    255 0 255 0 164 161 0 255 255 146 0 0 0 255 255 35 255 26 255 255 0
    255 255 255 0 255 255 0 235 0 233 0 55 255 255 255 255 255 255 200
    255 255 0 0 0 255 112 255 0 0 255 227 255 0 188 255 255 247 0 0 0
    255 255 0 0 255 255 255 0 255 241 255 0 0 255 0 186 0 0 101 0 255
    255 255 0 255 255 255 255 255 0 0 0 0 0 108 0 0 235 59 255 0 106 249
    255 255 0 0 0 0 255 255 255 255 0 0 27 255 255 255 0 0 81 0 0 255
    255 0 11 36 115 144 97 12 0 255 235 0 0 0 0 255 219 255 0 0 0 231 0
    0 255 255 255 0 49 0 255 0 0 0 255 0 255 255 255 0 0 162 255 255 137
    0 0 255 0 36 0 0 47 255 255 255 0 255 0 0 255 0 95 229 78 255 255
    255 122 0 228 255 255 255 0 0 0 120 255 165 255 0 255 0 255 0 65 255
    112 255 17 255 255 255 161 225 165 92 0 0 0 255 56 255 255 255 42
    184 255 0 0 211 255 0 255 255 76 222 0 0 0 38 255 97 255 255 255 255
    255 255 255 8 255 158 0 255 255 255 255 255 0 0 0 0 255 0 255 0 255
    255 255 0 255 0 255 0 255 91 255 0 0 0 255 255 255 0 0 0 255 255 198
    0 0 0 255 255 0 151 0 255 255 166 0 255 255 255 225 255 255 255 135
    255 255 207 0 0 0 0 255 0 255 0 222 0 255 255 255 0 88 0 255 0 255 0
    255 255 0 0 255 58 0 161 50 255 0 0 255 255 255 69 255 0 255 0 0 0
    173 255 0 255 20 255 0 0 176 255 0 0 255 0 255 0 255 0 255 0 15 255
    255 255 255 0 0 255 255 0 0 211 228 255 255 106 0 0 255 255 255 0
    255 0 255 0 255 255 0 255 255 175 0 0 0 255 255 255 0 161 0 255 0
    255 0 0 0 255 255 0 255 255 255 155 115 0 0 0 255 141 255 42 0 0 0 0
    255 255 255 0 252 0 0 0 255 255 255 255 0 255 255 255 255 0 255 66
    255 255 223 0 0 0 116 0 255 0 255 0 255 0 0 79 255 184 0 0 0 0 0 255
    58 255 0 255 0 0 245 255 255 116 212 0 145 0 51 0 255 0 0 0 255 0
    255 0 0 255 255 255 130 255 255 255 0 103 0 129 0 255 243 255 255 51
    76 0 0 255 0 0 0 169 118 255 255 0 0 113 255 255 9 0 0 241 255 0 0
    255 255 255 0 255 0 255 0 0 255 218 255 170 255 0 170 255 255 134 0
    0 0 119 255 255 0 5 47 0 0 177 255 255 61 255 255 0 88 0 0 255 255 0
    255 226 0 255 0 255 255 255 255 0 255 255 255 0 130 137 0 0 0 66 231
    170 255 0 0 255 255 0 0 255 0 0 0 201 196 255 120 0 0 103 255 0 0 0
    255 255 255 255 11 0 255 255 0 0 255 255 255 0 255 186 53 255 176
    255 0 255 0 0 0 255 255 255 0 0 0 255 0 255 0 192 255 136 0 255 255
    255 0 0 255 227 11 0 255 0 0 0 255 0 0 0 255 84 0 0 255 255 130 0
    128 0 0 3 191 60 0 255 255 0 0 255 0 149 0 255 0 0 255 255 0 0 255
    255 255 0 255 0 0 255 255 0 0 0 255 0 0 0 0 255 0 255 72 255 0 0 255
    0 255 0 0 0 93 255 255 255 50 135 242 0 255 255 255 0 255 0 255 219
    10 0 255 255 0 0 255 0 82 0 255 75 255 0 255 10 0 0 0 0 112 118 89
    255 255 0 0 0 255 255 0 0 228 0 255 255 0 0 170 255 255 0 0 180 0 0
    0 0 0 234 47 255 255 0 255 255 255 0 255 0 255 0 146 0 255 255 0 255
    0 255 255 255 255 113 0 200 0 0 0 255 0 255 199 0 255 255 233 233
    255 235 0 242 0 255 154 0 255 0 255 0 255 238 75 0 255 0 255 255 255
    9 153 0 75 255 255 203 118 0 255 255 255 255 69 255 0 255 102 178
    255 255 255 49 0 0 255 0 0 0 255 255 0 255 20 0 62 0 72 200 174 255
    0 0 255 255 0 0 255 228 200 0 255 255 0 255 0 193 4 255 255 255 255
    0 0 87 0 255 0 255 0 255 255 0 0 0 0 0 0 255 255 226 0 0 255 79 255
    17 0 255 196 255 1 0 93 0 255 142 255 0 39 0 0 248 255 0 255 0 0 0
    255 255 0 255 0 255 0 170 0 255 0 255 130 255 255 0 0 0 0 255 0 255
    0 255 0 0 0 255 0 0 0 255 0 82 0 0 0 0 0 0 255 255 255 255 0 184 0
    255 0 255 5 255 0 41 255 255 0 0 0 255 255 8 255 195 0 255 145 255
    255 20 0 0 73 167 255 0 255 0 0 255 255 0 255 214 255 0 0 0 0 0 255
    0 0 255 0 255 0 0 0 255 255 253 255 0 255 255 0 255 0 255 255 255 0
    229 78 0 130 0 255 255 255 0 0 0 255 0 255 0 255 0 0 0 0 255 72 255
    0 0 0 41 255 255 255 255 4 255 0 255 0 255 125 255 0 255 255 255 255
    201 255 255 0 0 0 103 255 0 62 0 0 255 0 255 255 255 255 0 0 8 255 0
    0 114 255 0 255 0 180 146 255 0 255 0 0 0 255 185 255 0 255 0 10 0
    168 0 255 188 255 0 194 0 0 255 255 255 255 255 0 49 0 255 96 255 0
    32 0 255 0 255 190 255 0 0 0 0 0 255 255 215 0 255 97 0 255 0 0 0 0
    255 255 255 0 0 217 255 255 0 0 74 131 255 0 255 255 255 0 0 0 255
    255 0 0 0 255 101 227 0 255 213 255 255 56 255 0 0 126 33 255 0 255
    0 192 0 255 255 255 0 0 203 0 255 7 255 255 0 0 0 116 0 34 0 255 0
    255 75 255 0 0 0 0 255 168 203 0 0 255 0 0 255 0 255 0 0 0 255 255
    68 0 155 255 255 0 137 0 255 0 200 0 0 0 255 255 255 255 0 0 0 255 0
    0 69 0 255 0 255 255 0 0 201 255 255 0 0 0 0 0 0 255 255 255 255 101
    255 255 0 219 0 0 136 255 255 255 0 0 0 255 174 228 0 255 134 255
    255 255 0 0 255 184 255 0 82 0 255 0 255 0 255 0 255 255 255 0 0 0 0
    0 224 255 255 0 255 255 255 0 255 9 255 0 255 148 0 250 255 255 255
    0 255 216 0 255 255 0 255 0 0 0 255 255 0 0 0 255 255 0 212 168 255
    0 255 255 255 0 255 255 6 255 0 62 0 255 0 255 26 255 0 255 0 171 0
    187 255 0 255 255 0 255 161 255 91 255 159 0 157 255 150 0 0 255 255
    255 0 0 255 0 0 255 255 220 255 255 255 0 44 255 0 0 0 0 0 255 255
    255 255 0 255 255 255 0 0 255 225 255 255 255 0 0 255 255 0 0 0 255
    2 255 0 0 0 255 255 0 17 0 255 0 255 0 255 169 255 0 255 255 255 0 0
    255 255 255 255 0 255 101 0 0 255 0 0 255 255 0 0 0 255 255 255 41
    105 255 255 238 0 0 255 247 0 2 0 255 0 255 0 20 255 255 255 0 0 63
    0 0 0 255 238 0 0 96 29 99 255 255 0 122 185 255 255 0 0 133 34 183
    53 30 0 255 53 255 255 0 255 151 0 0 177 255 255 0 255 164 7 255 255
    0 0 255 0 0 255 255 207 0 0 255 255 121 0 163 119 0 255 0 255 0 0
    255 0 199 255 255 255 0 0 255 0 0 152 255 255 0 0 0 255 0 255 56 0 0
    0 246 200 0 255 255 255 168 255 255 0 93 65 255 73 0 255 0 0 235 0
    255 0 0 0 0 255 255 255 255 0 0 0 255 255 0 255 255 0 211 0 0 0 240
    0 0 255 255 0 0 0 255 0 255 255 255 0 240 230 0 194 169 0 255 255
    255 255 0 0 255 63 0 132 255 0 134 139 0 255 255 255 0 255 255 0 0 0
    255 167 255 0 0 15 255 255 238 0 255 255 255 0 255 255 0 0 0 255 51
    0 197 255 255 0 118 88 0 255 0 0 0 0 255 255 10 255 0 0 255 0 218
    255 255 255 217 255 211 255 0 46 0 255 255 0 0 255 0 255 194 255 255
    0 0 255 0 255 255 0 255 0 71 255 0 244 0 255 0 255 0 255 255 0 0 0 0
    255 255 0 0 0 88 255 0 0 0 0 255 255 0 255 231 147 0 0 255 253 91 0
    0 0 255 255 255 0 0 0 0 255 0 255 0 0 255 255 0 0 172 54 35 255 0 0
    0 255 131 84 0 255 85 255 0 0 163 0 255 255 255 0 0 41 168 255 0 77
    0 0 0 255 255 255 245 255 0 215 0 255 255 5 255 127 238 2 13 0 255 0
    255 0 199 0 255 0 0 0 255 255 0 255 0 255 0 255 0 131 0 243 255 0 10
    0 255 0 255 0 255 202 0 0 0 255 99 255 160 0 255 0 0 0 172 255 0 255
    0 255 0 195 0 0 255 255 90 0 33 255 255 255 0 0 255 255 255 255 0
    255 255 255 0 255 0 255 255 22 0 220 255 254 0 255 0 0 184 255 255 0
    133 255 255 255 0 133 59 198 255 0 255 255 0 0 0 255 255 255 92 0
    255 255 0 0 0 255 255 212 34 0 255 96 255 21 115 50 255 136 255 80 0
    255 133 255 0 255 221 255 212 0 255 0 255 0 255 0 0 0 27 255 0 255
    11 200 255 255 0 165 46 138 255 255 255 0 0 0 255 161 0 0 255 255
    255 255 0 255 0 255 52 0 0 197 255 0 181 0 255 0 21 22 133 255 0 0 0
    255 255 0 0 255 255 0 0 216 255 7 0 0 171 0 255 168 255 0 255 29 255
    25 0 0 255 255 255 0 255 255 255 255 0 0 0 255 220 0 0 0 255 255 64
    255 127 255 0 255 255 0 58 255 255 187 0 0 0 255 255 0 0 142 255 255
    0 0 0 255 0 0 255 255 0 255 255 222 196 109 0 255 255 255 0 255 0 61
    158 255 0 54 255 255 236 0 0 56 255 0 255 0 255 0 255 255 188 255 0
    0 255 255 0 0 0 255 122 240 255 255 0 0 0 0 0 255 255 255 0 0 0 255
    189 101 255 255 0 0 0 255 255 0 0 10 167 70 255 0 0 57 255 0 0 255
    255 111 255 0 0 0 0 194 255 255 255 0 0 0 0 80 0 45 0 0 0 0 255 255
    255 255 255 255 157 0 0 0 211 255 255 189 255 0 0 0 255 0 255 0 0 0
    255 0 0 255 255 165 0 255 255 255 255 255 255 0 0 0 0 0 0 0 255 255
    5 151 255 255 0 255 0 255 0 255 0 0 0 84 255 0 189 255 255 255 0 255
    67 0 255 255 255 0 0 0 145 255 0 255 255 0 255 255 255 0 0 201 255
    255 255 0 0 0 255 255 0 255 255 255 0 255 0 0 0 255 255 20 163 0 255
    0 255 255 203 255 255 255 0 83 0 0 0 255 255 0 0 0 255 0 255 255 70
    0 0 0 255 255 255 0 0 0 255 255 255 143 255 0 0 0 255 173 255 0 255
    0 255 255 0 255 255 255 0 0 255 255 255 255 0 0 0 0 0 255 0 255 255
    255 0 66 185 255 255 0 255 0 255 219 0 0 0 255 0 208 0 139 0 255 0
    206 0 0 99 177 0 0 255 255 141 255 57 170 223 154 0 121 255 255 255
    92 0 0 0 255 0 0 255 255 255 0 255 0 255 255 255 255 255 0 0 0 0 255
    118 246 0 255 174 153 94 0 75 35 255 255 0 255 255 255 176 0 255 255
    255 0 0 255 255 255 193 92 0 0 255 0 255 0 101 0 166 255 255 0 0 0
    179 0 208 0 255 0 0 255 0 255 86 255 0 0 0 0 150 212 0 0 255 255 255
    0 0 0 0 255 255 255 142 0 109 196 255 255 169 255 0 255 0 255 255
    255 0 255 255 255 235 0 121 0 255 244 255 255 255 131 35 0 255 255
    17 0 255 255 0 0 0 255 0 255 240 0 255 255 227 0 107 60 255 0 11 255
    0 0 0 255 255 0 0 255 255 255 0 97 255 255 0 255 0 0 0 255 255 255 0
    0 255 255 255 0 0 255 0 0 255 0 255 255 0 0 255 207 255 108 0 0 0 0
    255 255 255 105 255 0 0 255 255 0 255 255 255 46 255 0 0 255 0 255 0
    255 0 0 205 0 0 118 255 255 163 133 0 0 0 0 255 255 255 0 0 0 255 0
    141 0 255 0 197 151 0 0 0 0 255 91 255 0 255 0 0 255 255 243 0 0 255
    0 255 0 255 83 0 0 255 255 169 0 255 0 0 200 169 212 0 0 0 255 148
    255 169 0 0 255 0 119 255 222 54 0 0 0 255 255 67 255 0 0 255 252 0
    0 255 255 0 170 0 130 171 255 255 156 116 0 0 0 0 255 0 41 0 0 15
    255 255 0 255 55 224 0 182 255 0 196 0 0 0 0 206 255 255 255 60 0 0
    0 0 0 255 0 154 84 248 53 218 255 5 255 0 255 0 0 0 255 0 13 0 255
    255 255 255 255 255 0 0 0 255 33 255 101 0 255 0 0 0 255 255 238 255
    115 0 0 255 255 0 0 255 255 0 0 255 255 255 0 255 0 255 255 255 0 0
    73 155 0 255 255 255 0 0 54 255 255 0 141 0 255 255 212 0 0 255 255
    255 0 215 0 255 111 253 100 0 0 255 255 0 0 255 234 255 0 0 0 255
    159 255 0 1 0 255 0 68 255 6 255 0 38 0 255 141 0 0 255 255 0 0 192
    255 255 255 0 0 255 255 0 0 255 255 255 0 124 153 198 0 0 255 255
    255 0 0 0 255 156 0 0 0 255 255 255 0 0 255 0 0 255 255 255 255 0 7
    255 0 0 255 0 255 223 255 0 0 255 255 0 255 127 255 255 255 255 255
    80 255 172 255 255 0 0 255 0 0 0 9 255 255 43 0 255 92 0 0 255 255 0
    144 255 255 255 0 255 0 82 255 162 255 0 255 0 53 0 0 255 255 232 55
    175 255 0 255 255 255 97 177 255 0 255 24 203 255 188 0 0 73 255 255
    255 255 0 152 0 0 0 255 128 255 0 255 97 255 0 0 255 231 0 0 157 0
    255 0 0 0 255 255 212 0 0 0 255 255 0 255 0 0 0 204 0 255 255 255
    255 255 0 255 0 0 0 0 255 0 255 122 255 0 179 0 188 0 244 255 0 0 0
    255 255 0 255 0 0 189 0 0 255 0 255 0 255 242 207 255 0 255 0 255
    153 159 5 0 255 0 255 0 170 255 255 255 0 255 0 0 5 107 0 0 255 255
    255 255 0 0 134 255 0 0 255 0 255 255 0 121 0 94 255 0 255 0 255 255
    242 255 0 255 0 255 255 255 133 0 98 255 255 255 0 0 0 255 0 52 255
    255 54 0 0 0 255 255 255 54 0 163 253 255 255 73 0 168 255 0 0 0 0
    29 0 255 0 181 39 255 0 255 0 0 43 255 255 255 0 0 0 18 195 0 80 0
    255 255 0 0 255 80 255 56 112 0 131 0 255 94 0 41 0 0 0 255 255 0
    255 0 255 255 255 175 208 0 0 0 255 17 255 255 0 0 0 0 255 255 0 255
    131 255 0 0 0 88 255 29 191 0 0 0 251 0 0 195 255 255 0 0 255 255
    220 255 255 0 0 255 0 0 0 255 221 255 0 255 18 255 0 0 0 0 0 0 0 255
    255 0 0 0 156 228 255 255 194 0 0 0 0 255 255 36 224 255 0 0 0 255
    255 0 0 255 255 0 0 255 0 255 0 255 141 255 0 243 0 255 255 255 255
    255 0 0 0 0 167 255 255 255 255 0 255 0 104 255 208 0 255 255 255
    127 0 0 177 255 255 0 0 0 0 0 0 168 255 243 255 0 110 145 0 116 0
    255 0 0 87 0 0 255 255 0 171 32 0 0 231 255 255 127 203 255 0 0 255
    0 255 255 43 0 0 255 255 255 255 255 157 255 0 50 255 178 0 0 216 0
    255 255 0 0 255 221 147 0 255 255 255 255 255 0 0 0 255 0 255 131
    140 255 0 0 0 255 255 195 255 88 255 63 180 255 255 0 0 66 0 0 67 0
    255 0 0 0 0 255 255 255 252 0 255 255 255 53 255 0 255 0 115 108 25
    255 105 255 0 70 0 0 255 255 231 0 255 0 115 0 0 255 0 255 0 0 255 0
    255 47 0 0 0 255 40 255 76 0 255 0 0 0 255 255 126 0 0 0 237 255 255
    172 0 255 255 255 0 255 0 0 0 0 0 0 255 255 0 0 0 255 69 255 0 255
    255 255 0 0 255 255 0 255 0 152 255 255 255 241 0 0 0 0 0 0 0 255
    255 255 255 236 0 255 0 255 255 61 255 0 0 0 0 255 255 251 255 0 0 0
    0 0 255 0 214 75 0 105 255 255 31 0 9 0 255 0 255 0 9 0 61 130 255
    255 0 226 255 255 0 0 255 12 0 0 255 255 121 255 255 255 0 255 255
    92 0 0 255 123 200 255 0 0 0 255 255 0 0 0 255 255 0 255 255 255 0
    70 255 255 183 0 0 255 255 0 255 150 255 0 0 255 255 255 255 0 93 0
    255 0 31 0 0 255 255 255 191 0 255 0 142 0 255 255 0 255 0 255 0 0 0
    255 97 35 255 255 0 0 0 255 255 255 240 0 255 0 0 0 255 255 255 0 0
    0 255 0 250 0 255 0 0 255 255 255 255 0 0 0 0 255 255 247 0 0 22 0
    77 105 103 255 255 255 0 0 0 255 0 166 172 0 30 0 255 0 255 255 195
    89 0 255 134 255 30 0 0 113 255 0 206 0 0 0 255 0 255 255 255 78 61
    255 255 255 53 255 0 0 255 255 255 241 0 0 243 255 33 255 91 143 112
    0 0 0 0 255 255 0 0 148 255 0 255 231 255 0 255 255 255 255 0 255 48
    255 0 255 239 255 213 255 38 0 255 0 255 0 0 12 255 0 0 255 255 0 0
    0 0 0 255 255 101 0 255 255 0 255 0 0 0 255 60 255 0 255 0 0 255 255
    0 255 0 236 0 255 255 0 255 255 0 255 0 252 255 255 0 0 76 12 215
    255 255 108 255 0 255 0 255 255 255 255 0 98 0 168 0 255 118 255 255
    0 209 0 4 0 0 0 0 255 255 139 0 0 255 255 255 255 0 0 101 255 40 255
    0 164 207 255 0 0 255 235 255 255 255 0 179 0 255 25 0 0 255 255 180
    255 47 255 255 0 0 0 0 255 206 255 64 38 255 255 189 255 0 0 106 44
    255 6 0 0 255 255 0 255 0 255 255 45 255 0 0 255 255 255 0 214 255
    255 0 0 145 255 255 182 62 255 0 255 0 255 0 255 0 143 9 255 255 84
    255 6 255 0 151 255 148 255 255 255 0 255 210 0 0 0 255 255 172 0
    115 128 79 179 255 255 0 255 255 255 0 0 201 173 255 227 0 0 0 255
    255 217 0 0 255 0 255 0 101 255 218 255 202 255 210 152 0 0 0 0 255
    255 255 0 0 0 0 255 255 173 0 0 0 252 132 0 255 0 255 255 168 255
    255 13 255 0 255 179 23 0 255 255 0 48 18 255 237 0 0 0 0 255 255
    160 255 0 167 255 17 255 0 255 255 255 0 0 0 255 255 255 80 0 255 0
    0 0 255 255 255 255 174 0 0 255 255 255 0 255 0 255 0 0 255 0 158
    255 255 255 0 0 198 5 255 255 0 0 170 255 0 0 169 255 255 57 0 0 238
    211 150 255 255 0 0 81 255 0 0 119 255 140 255 0 44 255 255 0 0 0 18
    127 235 0 0 0 0 255 255 255 204 92 0 255 0 255 198 255 255 198 0 162
    255 255 45 0 0 0 46 13 71 135 122 255 0 114 0 255 247 108 0 255 0
    255 255 0 0 27 0 255 255 255 144 0 255 0 255 0 229 192 5 255 0 255 0
    240 0 255 85 255 255 0 10 0 255 255 224 255 0 255 0 0 0 47 255 255 0
    0 255 255 255 255 16 39 0 38 255 255 255 0 0 76 255 18 0 128 46 226
    255 0 255 255 0 255 0 12 255 44 210 0 255 255 175 0 81 0 255 255 0 0
    255 0 255 0 255 255 255 0 255 255 255 0 0 250 0 255 0 12 0 72 0 255
    255 255 42 0 255 11 255 0 0 255 255 129 255 255 255 255 255 242 0 0
    255 255 0 0 255 255 0 0 0 255 255 255 0 187 255 0 245 34 160 255 73
    0 0 255 255 255 255 0 0 0 255 167 255 255 0 0 0 255 255 0 0 0 0 0 0
    255 0 255 0 255 0 255 0 255 255 255 255 0 0 0 0 115 255 255 0 255
    255 255 0 0 0 255 53 119 255 0 255 255 199 0 255 255 0 255 0 210 0
    255 255 0 0 0 255 148 255 0 0 255 53 0 0 255 255 0 211 255 255 136
    255 0 255 0 0 0 126 0 0 144 105 255 0 233 255 255 255 0 0 0 0 217 0
    255 54 0 0 0 0 145 255 120 0 0 17 255 0 255 0 255 0 0 0 0 0 0 64 255
    8 0 0 255 255 0 255 0 255 0 0 211 133 0 0 255 15 255 0 0 0 0 0 150 0
    255 106 0 0 0 0 0 255 143 255 255 212 79 0 255 255 0 0 91 0 31 16
    255 255 0 255 255 0 0 255 0 255 0 0 0 255 255 0 0 255 255 255 49 255
    255 255 0 255 228 0 217 179 0 0 255 255 0 255 255 0 1 0 255 0 0 255
    0 0 255 255 175 0 0 255 255 255 255 0 255 0 255 0 255 0 24 0 0 0 69
    255 255 255 27 31 0 91 255 0 0 0 255 0 0 0 255 255 255 0 0 98 255 0
    255 255 255 0 255 107 217 137 255 0 255 255 255 255 255 0 255 0 0 0
    216 0 255 38 227 0 255 255 130 0 255 0 255 0 255 255 255 113 255 207
    0 24 255 255 255 0 255 0 0 0 0 255 0 0 255 67 255 0 0 0 151 0 24 55
    207 255 1 255 90 0 0 0 0 255 0 255 0 0 0 0 0 255 255 255 255 136 25
    255 0 161 0 50 166 214 0 0 255 241 0 255 255 255 255 255 0 255 0 145
    0 13 66 255 255 0 20 211 255 255 0 0 0 5 0 255 122 255 0 39 255 255
    255 0 0 193 255 0 0 0 255 0 159 0 198 255 255 255 0 0 255 0 10 102
    255 255 0 0 255 62 255 0 114 0 255 255 0 255 255 255 0 0 59 0 255
    255 255 0 186 255 255 255 255 255 0 255 0 255 255 255 0 103 255 0
    255 22 0 47 255 111 75 0 108 255 255 244 225 0 115 0 0 255 255 255
    255 255 0 255 154 238 223 255 179 177 0 179 0 0 93 255 255 0 0 183
    36 255 0 83 132 255 0 255 255 0 255 255 0 106 255 255 0 0 0 255 0 0
    255 201 255 207 255 255 0 0 0 255 255 0 0 255 0 255 255 255 227 255
    0 255 0 0 241 255 255 0 181 255 150 0 255 255 255 0 255 255 255 0 0
    255 0 0 0 214 255 71 0 127 255 255 255 255 92 0 0 255 0 46 0 0 255
    255 255 228 197 0 0 122 0 0 0 0 255 255 0 0 149 255 255 255 0 0 0
    255 255 252 0 255 255 0 0 0 255 255 0 255 255 255 255 0 255 0 255 0
    255 0 37 0 255 255 0 255 0 255 255 0 0 0 255 255 255 255 0 255 0 0 0
    255 77 255 255 255 0 170 0 255 255 188 0 255 255 0 0 107 0 255 255
    255 255 255 0 183 255 0 81 0 255 255 85 0 0 112 97 0 143 0 255 0 255
    0 255 0 255 81 0 0 0 255 255 0 160 0 0 174 0 255 0 255 255 255 0 0 0
    255 255 0 255 0 255 255 0 255 0 255 0 255 98 255 0 255 255 255 0 0 0
    0 0 0 0 0 0 255 255 0 0 244 255 218 0 255 250 213 255 96 255 255 0
    148 0 96 255 255 0 255 82 0 255 0 255 0 0 255 255 255 0 0 255 0 0 22
    255 255 0 6 0 255 255 0 0 181 182 239 255 0 136 0 255 230 255 255 0
    0 255 156 236 31 0 255 255 255 0 0 0 0 255 255 255 255 0 0 0 255 0
    82 0 0 0 153 255 133 207 0 255 185 107 255 0 255 255 255 255 255 0 0
    0 255 0 255 0 255 0 255 0 255 255 255 0 0 255 255 156 37 0 255 244
    255 255 0 186 0 255 0 255 244 0 255 255 255 0 0 94 255 255 255 39 37
    255 0 255 255 255 255 67 0 0 0 88 255 190 0 0 255 255 0 255 231 0
    255 205 228 0 0 255 237 255 0 0 38 247 255 255 0 0 221 255 255 0 255
    0 242 196 0 57 255 255 0 255 0 0 0 255 74 255 255 0 0 255 0 0 0 255
    0 255 219 255 103 0 23 255 255 0 255 176 13 255 0 255 255 49 0 0 0
    255 255 255 0 255 0 43 56 4 255 0 99 208 223 255 255 0 0 0 0 255 0
    217 0 0 255 20 255 236 207 255 0 255 0 255 255 0 255 255 255 0 0 255
    0 0 255 66 139 0 0 134 255 255 0 0 0 0 0 177 239 200 255 0 255 255
    255 0 0 0 52 0 0 255 255 0 0 206 122 255 0 255 255 255 0 255 24 0 0
    255 0 0 255 123 0 0 172 255 54 117 0 255 0 0 255 255 0 0 255 255 255
    255 0 0 81 0 0 246 255 255 255 0 255 0 0 0 0 255 255 255 96 255 255
    255 0 255 0 255 17 255 255 255 0 0 61 255 232 255 0 211 0 255 234
    255 9 255 197 0 93 0 255 172 0 30 31 255 255 244 189 0 141 148 87
    255 255 255 255 0 95 171 255 255 1 255 0 90 0 36 255 255 255 0 255
    29 255 0 175 255 255 1 0 36 235 0 179 255 255 0 0 0 0 255 255 255 0
    0 255 0 255 0 255 0 0 0 0 0 255 255 255 255 0 191 255 255 0 93 255
    255 0 255 0 155 255 255 255 0 0 0 15 255 51 243 0 255 0 0 166 0 255
    153 255 0 255 0 0 0 79 255 255 0 0 0 255 0 255 108 140 0 0 174 0 255
    0 43 0 255 255 255 0 0 255 255 255 255 0 0 94 0 0 255 255 255 255 0
    0 255 255 0 157 255 194 0 0 255 255 0 0 0 255 255 0 81 255 122 165 0
    0 255 255 255 49 41 0 0 0 0 255 0 255 214 255 161 255 255 0 0 255 64
    0 199 0 255 0 90 1 255 0 0 0 43 255 255 255 255 233 0 38 0 0 255 255
    255 120 0 0 0 255 0 255 0 255 255 255 255 0 0 71 255 8 255 0 255 0 0
    0 255 255 172 255 255 255 0 0 255 0 255 255 0 0 53 255 255 255 255 0
    0 255 255 255 0 0 146 255 255 255 255 255 255 255 75 0 0 255 255 255
    0 0 0 0 240 189 0 255 0 74 255 0 255 0 255 255 255 255 0 0 92 255
    255 56 0 0 0 255 255 255 147 0 39 0 255 0 255 0 255 93 187 0 255 145
    255 151 0 16 0 191 248 255 0 255 255 0 0 255 239 255 255 255 187 255
    255 0 0 0 0 255 216 255 145 50 255 62 255 0 0 0 255 255 255 0 255
    255 255 0 196 255 255 255 0 255 125 255 255 198 255 255 255 255 0 0
    0 255 0 0 0 0 255 0 255 0 162 0 255 0 255 166 255 255 255 0 224 58 0
    255 0 0 0 255 128 200 255 255 217 136 0 255 0 101 255 0 255 0 255 0
    0 0 255 255 0 68 255 255 33 255 0 24 255 0 0 0 255 69 255 255 255 0
    255 194 109 0 0 255 255 0 0 255 0 255 0 229 0 255 7 0 0 0 0 121 255
    255 138 82 0 255 173 0 0 0 0 204 255 255 0 0 189 66 255 0 255 255
    131 53 0 0 158 255 255 255 255 0 255 0 255 131 216 0 205 255 0 0 0
    255 255 177 0 255 0 255 0 255 255 0 255 0 0 0 0 255 119 0 0 114 0
    255 255 255 255 0 255 0 0 14 0 255 0 255 126 255 173 0 255 255 255
    177 236 0 163 0 255 255 255 0 0 0 0 255 255 0 0 0 255 255 255 0 143
    0 255 223 255 0 255 255 255 255 0 255 0 134 255 255 0 0 255 255 255
    0 0 0 255 0 255 136 28 0 255 0 255 91 255 255 255 0 0 255 125 255 0
    255 0 255 255 255 0 255 62 57 0 255 0 123 0 238 0 255 255 255 255 78
    126 0 0 0 174 255 162 0 165 209 0 0 255 255 67 0 255 0 0 0 255 0 0 0
    255 255 0 255 0 255 0 136 125 255 255 38 99 0 255 255 255 255 255 0
    0 30 255 255 255 0 0 0 0 0 255 0 207 0 255 226 255 255 255 255 0 0 0
    0 255 255 229 0 255 255 0 255 145 255 255 255 0 27 0 0 0 255 0 233
    63 104 255 0 255 0 255 255 255 255 0 177 0 0 0 94 255 255 255 72 0
    200 255 0 75 197 203 140 255 106 0 233 0 255 255 0 255 255 255 0 0
    255 255 255 0 0 255 0 135 255 255 255 194 0 0 0 255 0 0 255 255 255
    80 50 0 255 86 78 0 255 235 255 0 0 255 0 92 52 124 0 255 255 0 129
    1 255 115 255 0 255 0 0 0 255 0 81 0 0 255 0 255 255 116 0 0 255 255
    0 78 0 255 178 111 0 0 255 255 255 0 0 0 255 255 255 255 0 0 0 255
    73 0 0 255 255 255 23 0 195 255 26 255 26 0 0 255 255 255 255 255
    111 0 255 0 255 255 255 249 0 255 0 98 255 0 255 255 255 0 208 0 255
    44 201 0 0 0 16 255 226 0 0 1 255 0 255 132 0 0 0 0 0 255 0 0 0 255
    0 255 0 255 114 255 81 0 255 0 129 255 255 255 214 0 0 255 255 255 0
    255 155 154 0 0 0 255 255 255 0 0 255 186 0 0 255 0 255 255 255 0
    255 0 255 0 176 0 103 0 255 255 255 255 255 80 0 0 0 255 255 255 255
    136 0 0 0 255 42 77 255 0 0 215 255 1 0 0 255 255 255 139 0 255 0 0
    0 145 0 7 0 255 255 0 161 255 255 255 0 108 161 0 111 152 255 255
    219 0 0 255 255 255 0 0 0 255 0 255 255 0 0 23 0 255 255 255 255 0 0
    249 0 255 92 255 0 0 255 255 255 0 85 255 255 0 255 0 255 255 255 0
    0 0 255 38 255 0 255 0 255 0 212 0 255 255 255 0 0 0 228 255 0 255 0
    141 253 255 0 164 0 158 255 0 0 158 35 255 166 255 0 224 255 255 0
    84 255 255 0 0 255 178 255 104 0 0 0 23 255 68 0 0 46 255 255 0 0 0
    0 195 0 255 255 0 0 0 167 51 255 0 0 133 255 255 255 0 255 42 255 0
    0 0 170 0 255 0 255 0 255 0 255 255 0 0 255 0 255 0 255 0 255 0 136
    255 173 255 255 255 255 0 0 255 255 255 0 0 238 122 255 255 0 255 0
    255 0 0 0 255 255 255 33 69 0 0 255 255 255 210 174 0 0 255 255 255
    0 0 127 255 0 34 255 78 0 212 255 255 14 0 0 57 155 255 255 0 0 0
    255 255 109 0 186 255 255 192 255 40 219 0 57 0 0 255 0 0 0 0 255
    255 0 0 0 117 0 255 255 255 0 255 255 19 238 0 0 255 0 221 0 255 255
    173 0 167 0 255 0 255 0 255 81 255 255 82 0 255 255 255 255 0 0 0
    255 0 39 61 0 255 255 255 255 0 0 0 96 255 255 0 255 0 0 0 255 0 251
    251 249 0 255 0 0 0 255 0 255 0 255 0 255 114 0 0 0 0 255 0 0 255
    255 255 0 0 0 0 255 255 113 0 0 0 16 50 255 74 255 67 255 255 0 255
    0 255 255 255 41 81 0 255 255 0 0 109 0 0 44 255 255 56 53 0 250 253
    255 255 169 255 255 0 255 0 255 242 255 255 0 188 20 0 0 254 255 255
    0 215 255 0 255 255 67 0 0 255 0 255 255 255 195 127 255 255 255 255
    0 0 0 255 0 0 0 255 0 220 247 52 255 0 255 0 255 0 82 57 0 0 0 210
    255 0 227 255 255 255 0 0 7 255 0 255 0 255 255 0 0 0 170 255 40 151
    255 0 255 0 255 0 255 255 0 0 0 0 255 255 255 0 0 0 0 255 0 255 0
    255 127 255 0 255 0 255 0 0 239 0 77 0 0 255 18 255 0 255 0 0 0 255
    0 255 255 255 164 0 0 255 255 255 255 0 0 0 73 0 255 255 255 0 10
    255 0 255 255 0 0 0 255 0 0 252 0 255 197 0 0 255 255 255 0 0 255
    255 0 255 59 255 213 255 0 255 0 0 255 203 255 235 0 0 255 255 229
    255 0 255 255 239 0 0 255 0 255 0 255 255 0 255 255 255 0 255 255 0
    80 100 255 0 0 0 255 255 182 0 156 0 255 0 45 39 0 0 245 0 23 255
    255 255 219 0 174 255 205 255 0 255 255 255 0 0 255 54 0 0 255 255
    255 0 0 255 255 255 255 0 0 0 0 255 0 255 91 255 181 108 255 255 0 0
    0 0 255 127 255 17 255 255 0 0 0 71 127 239 255 184 255 0 0 0 255 0
    0 0 8 137 255 82 0 255 255 0 0 255 255 255 0 0 255 48 255 40 196 0
    255 199 255 255 65 0 0 255 255 0 198 255 255 255 0 255 0 43 0 168 0
    255 255 0 255 0 130 255 255 30 0 0 0 0 255 255 255 0 255 0 255 206
    238 0 255 0 0 0 255 0 78 211 255 255 146 245 171 0 0 0 255 0 255 0
    255 255 0 255 0 242 0 37 9 255 255 0 0 0 0 255 255 0 215 0 255 255 0
    0 136 0 255 255 255 147 0 255 0 0 12 255 255 130 255 0 121 255 255
    255 0 255 0 0 0 0 255 0 255 146 255 255 0 140 213 0 255 255 0 0 0
    255 255 255 0 10 145 0 0 89 255 255 0 246 251 0 204 0 255 255 190
    255 255 0 0 0 255 255 255 255 175 0 0 0 0 255 0 255 255 170 0 50 0
    255 255 255 233 0 0 0 0 255 255 255 255 255 0 0 0 255 183 255 255 0
    255 0 160 255 0 255 255 255 35 255 255 147 255 91 255 176 0 99 255
    46 255 255 0 0 255 255 0 255 0 0 0 212 0 255 255 53 255 20 255 0 0
    237 255 255 0 0 0 255 238 255 0 0 0 255 255 255 255 255 183 236 0 0
    0 0 255 219 244 0 223 127 255 0 255 81 255 0 255 0 0 253 255 255 0
    255 255 255 0 0 83 255 255 27 0 0 255 255 255 0 113 219 123 255 0
    255 0 130 0 255 0 255 0 255 0 255 0 255 0 207 0 153 255 0 255 191
    255 173 255 0 255 0 255 255 0 255 255 255 0 0 255 255 255 255 0 255
    255 255 255 168 0 0 255 255 159 177 0 0 0 0 255 255 255 0 0 0 255 0
    255 0 255 0 255 253 255 0 36 0 0 255 0 255 0 234 0 255 255 0 255 0 0
    182 255 255 255 0 0 255 0 255 0 0 255 0 255 0 64 255 255 0 0 0 34
    255 255 255 0 0 122 255 255 255 255 0 0 255 0 255 0 0 0 255 255 255
    0 0 0 0 118 0 0 0 0 255 255 255 255 0 142 0 47 0 255 113 255 0 255 0
    98 0 255 255 214 0 0 0 255 255 139 255 0 0 23 0 0 255 6 255 105 0 99
    255 255 210 0 2 255 255 0 0 0 0 0 255 115 0 255 255 255 169 0 0 0 20
    0 255 255 255 0 0 0 255 255 69 255 0 255 0 255 0 237 201 255 0 0 0
    255 0 0 0 0 255 255 255 255 0 163 255 255 255 255 104 0 255 0 255 0
    255 0 255 76 255 0 130 0 255 255 95 255 0 0 0 197 255 0 111 255 255
    255 157 0 0 136 183 255 255 255 255 255 0 243 255 255 0 0 0 0 255 0
    114 0 0 255 255 0 34 0 255 0 255 0 255 0 255 32 255 223 0 255 0 255
    0 255 253 255 118 255 255 0 0 0 255 22 17 104 215 0 0 0 255 255 255
    0 0 0 255 255 0 0 0 255 255 255 0 0 255 0 65 220 0 255 37 255 115
    255 5 0 247 0 141 255 0 255 236 255 0 221 255 0 255 0 255 0 255 212
    255 0 0 211 255 255 0 0 0 135 0 0 193 255 0 0 0 0 0 0 0 0 0 255 0
    255 255 255 0 0 86 117 207 255 255 0 0 112 116 255 0 0 0 255 255 255
    0 255 0 0 229 0 237 255 0 0 0 127 45 255 255 255 0 0 0 0 255 255 255
    255 0 255 255 0 255 0 255 0 229 8 255 251 0 0 0 0 0 255 255 255 0
    255 0 0 0 255 255 0 0 119 241 0 255 63 255 202 0 0 255 255 0 255 255
    255 0 255 0 255 255 255 255 0 0 0 159 255 0 213 255 255 149 0 255
    103 255 255 255 140 0 0 255 0 255 0 255 0 0 0 255 255 21 0 0 255 255
    255 0 0 0 255 255 0 255 0 255 255 219 0 0 255 0 255 0 255 255 199 0
    0 255 187 0 255 255 134 255 0 36 255 0 255 255 255 0 0 0 255 194 0 0
    0 255 251 135 0 0 18 0 0 222 0 255 255 255 0 255 12 255 0 171 0 0
    255 0 255 0 255 255 0 0 255 0 36 255 255 0 0 255 56 255 0 255 0 0
    255 255 255 172 176 255 0 255 0 255 0 255 0 255 255 189 165 0 100
    255 0 255 255 180 0 0 0 255 0 0 0 0 255 135 255 0 255 255 255 0 0 0
    157 0 255 255 200 255 253 255 0 255 0 0 255 0 255 0 0 255 177 65 56
    0 255 0 0 0 0 255 95 168 0 0 0 255 0 0 0 255 255 39 101 0 0 0 0 86
    255 255 255 0 0 255 0 171 0 255 182 255 0 255 255 0 255 255 255 0 0
    255 0 0 173 255 0 255 255 0 153 223 255 255 0 255 255 111 0 255 230
    0 0 0 0 0 255 255 0 0 255 255 255 255 0 0 218 255 255 23 255 0 255 0
    77 0 255 0 255 0 0 0 202 255 255 0 0 0 255 255 255 126 14 0 0 0 255
    255 0 0 0 0 176 9 255 0 255 0 0 0 255 255 255 0 255 60 0 0 0 255 190
    0 0 255 208 148 0 0 68 255 255 255 0 0 0 255 179 255 97 255 255 255
    0 0 9 255 0 0 0 255 255 0 0 0 46 0 255 0 255 255 139 255 0 223 0 0 0
    217 0 0 255 255 255 255 0 255 0 255 27 0 0 0 255 255 0 216 64 255
    135 0 0 0 0 255 36 49 59 255 255 0 221 255 255 0 0 0 255 155 24 51
    255 0 255 255 255 255 255 0 28 255 0 226 0 222 0 255 0 255 0 255 92
    0 0 0 0 0 255 255 255 0 255 0 255 255 0 255 255 0 75 0 0 255 255 0 0
    0 255 255 215 170 255 255 227 0 0 255 132 255 0 255 255 255 255 255
    0 0 0 0 109 255 50 0 0 255 255 0 0 255 0 0 255 0 142 0 255 255 255
    255 49 0 255 115 171 0 0 0 137 255 0 136 0 255 0 255 0 255 255 255
    255 0 0 255 255 0 87 0 186 0 255 255 0 0 255 109 255 181 255 0 0 83
    255 0 255 255 255 255 0 13 0 139 0 255 118 0 0 176 0 255 0 255 255
    168 6 0 255 0 0 255 255 133 0 162 18 255 0 0 0 97 31 255 0 255 0 255
    255 255 0 0 0 255 255 255 197 0 255 0 241 0 255 0 255 252 255 255 0
    0 255 246 255 0 255 255 149 0 0 255 212 255 255 151 255 0 0 130 0
    255 42 255 0 255 0 255 211 250 0 0 0 255 255 0 0 0 110 255 0 255 255
    0 255 255 0 132 255 255 54 0 100 0 255 0 255 255 170 255 0 255 0 255
    46 255 0 255 0 255 255 255 255 0 0 183 255 160 131 168 54 80 0 255
    255 255 168 0 255 255 255 255 255 0 187 0 0 255 255 84 0 255 255 255
    0 255 255 255 0 0 0 0 255 255 184 0 255 0 0 0 255 255 255 0 255 255
    255 163 0 255 0 255 0 255 255 120 0 0 255 255 255 0 255 255 255 255
    0 0 17 255 0 0 0 255 0 255 255 0 255 239 198 0 254 0 255 255 255 0 0
    255 0 255 213 255 255 255 255 255 0 0 0 255 50 255 255 0 0 255 46
    255 255 255 0 255 255 0 0 0 255 255 255 168 0 66 0 0 0 255 255 0 222
    0 0 0 0 255 52 0 255 255 255 0 0 18 255 0 14 0 255 255 255 255 68 0
    255 255 255 0 0 255 255 98 0 0 255 255 0 255 0 255 133 0 0 0 74 0
    205 0 255 255 255 0 255 255 0 0 0 0 255 0 255 0 0 77 255 0 0 0 255
    255 85 0 43 48 0 255 0 40 126 0 255 0 255 0 186 255 0 0 0 59 255 255
    0 0 0 0 242 0 0 255 0 255 0 255 255 255 255 24 0 0 51 165 0 0 139 0
    255 255 255 255 0 222 0 0 38 62 0 79 255 255 0 0 255 183 255 0 255 0
    0 255 149 255 165 255 0 0 255 0 255 0 45 0 232 255 255 255 0 185 0
    255 35 0 239 0 0 0 0 226 255 0 255 36 0 0 255 0 255 255 255 0 0 0
    236 0 255 0 255 255 0 0 255 98 0 0 0 255 0 0 255 255 255 215 255 172
    0 225 255 4 0 255 255 0 0 0 0 0 255 0 255 0 38 255 80 54 0 255 0 0
    255 0 255 0 255 255 133 0 0 255 66 255 255 255 92 0 0 255 57 255 179
    255 255 255 0 243 255 255 0 0 0 255 255 0 255 0 255 255 0 0 121 255
    0 255 0 255 255 255 0 124 225 255 43 210 255 255 255 0 0 42 0 24 255
    255 0 0 0 255 255 112 255 0 255 255 255 255 0 0 113 82 198 251 0 255
    0 255 0 0 0 255 0 0 0 255 0 255 0 255 255 255 255 255 255 0 205 255
    0 167 0 255 255 235 255 0 255 255 255 0 255 255 255 0 0 0 0 255 107
    90 0 229 113 0 0 0 255 255 255 62 0 85 255 255 110 0 211 0 255 0 0
    255 255 255 255 146 252 0 255 255 0 90 70 255 255 0 0 255 255 240 0
    0 255 134 0 0 0 0 255 255 0 255 255 0 255 0 255 64 0 255 0 255 255
    188 0 103 255 255 0 63 255 255 255 0 0 255 153 50 0 255 255 100 255
    0 11 0 132 255 255 255 0 0 0 233 0 255 0 0 0 255 0 0 99 241 255 234
    255 0 255 0 255 64 255 0 255 255 56 0 255 161 0 0 255 255 106 0 255
    0 175 0 255 255 220 19 255 255 0 0 0 255 0 130 0 101 255 0 91 0 0 69
    255 255 255 0 0 255 140 255 0 255 255 255 19 0 255 0 255 0 0 255 0
    255 0 112 0 255 56 0 0 255 0 153 70 255 255 255 0 0 0 214 255 250 14
    0 255 100 69 255 0 255 0 0 0 255 0 255 255 242 0 0 255 255 255 0 5 0
    255 255 255 176 108 255 255 0 255 72 0 0 0 255 255 0 0 0 255 0 167
    255 0 255 0 255 0 62 0 226 0 76 0 255 0 0 44 255 255 255 0 59 0 255
    255 255 0 0 255 255 255 0 91 82 255 0 0 0 255 70 255 0 0 151 70 255
    51 43 255 217 0 255 240 14 255 0 255 0 255 255 149 0 70 0 255 255
    255 0 255 0 0 0 255 255 36 255 0 255 0 125 0 255 255 27 0 255 255
    155 0 0 0 220 255 0 14 0 255 255 255 0 0 248 0 255 0 0 0 0 255 0 0 0
    255 14 0 0 22 255 255 255 255 0 0 0 0 255 148 103 255 0 255 0 0 255
    255 255 0 0 0 154 126 0 0 231 255 255 255 0 0 0 255 255 255 0 0 0 0
    0 255 40 150 255 0 0 0 0 255 255 255 0 0 0 255 0 0 0 163 255 255 255
    0 255 143 0 0 0 255 255 255 0 0 0 0 0 0 0 255 0 255 255 0 0 255 255
    255 255 0 0 125 169 255 167 255 0 255 0 255 0 255 255 255 255 255 0
    0 95 0 255 0 0 255 0 255 152 255 255 255 0 0 255 0 255 235 0 0 0 255
    255 166 255 62 255 42 212 30 202 0 255 222 0 245 0 0 255 255 255 161
    0 0 0 0 255 255 255 255 65 255 0 0 0 255 0 255 45 192 0 0 0 255 255
    0 255 0 235 255 0 255 255 255 0 50 0 255 255 0 0 0 255 80 255 0 0
    255 255 0 0 0 255 0 255 255 255 0 0 110 255 255 255 0 255 0 255 0
    255 255 255 116 255 255 255 49 255 71 255 128 174 0 198 230 0 0 255
    255 0 216 209 255 0 0 135 255 255 255 0 0 245 0 255 255 0 224 0 255
    255 255 255 0 0 0 54 228 0 0 0 255 0 255 92 255 255 0 0 183 255 255
    35 255 7 255 0 255 0 255 255 0 0 0 255 255 255 255 255 255 255 84 0
    0 255 0 255 0 255 16 0 255 0 255 0 0 0 255 0 95 255 255 0 167 253
    255 91 255 0 0 255 23 26 255 255 0 255 0 181 0 0 0 0 180 0 255 255
    255 40 0 255 255 255 0 82 71 255 255 0 255 255 0 255 73 0 80 0 255
    255 0 255 0 255 0 255 255 255 78 0 255 255 255 91 255 0 255 255 35
    173 0 0 46 255 0 255 255 168 255 0 0 255 0 23 0 192 0 0 0 255 255 0
    255 0 255 0 255 0 255 255 255 0 214 214 42 0 0 235 0 255 255 0 0 0 0
    255 96 255 0 255 29 0 0 0 255 0 0 152 0 255 0 132 255 0 255 255 255
    255 142 255 127 0 0 218 249 255 0 255 255 255 0 0 0 0 0 255 255 255
    255 0 255 0 131 0 255 255 0 22 0 255 0 255 0 255 255 156 0 2 255 255
    0 255 0 0 0 255 255 42 0 0 228 61 255 0 255 0 255 255 255 0 255 0
    255 0 16 135 255 255 0 0 0 149 0 181 38 0 255 20 229 255 255 93 0 0
    255 255 255 0 255 0 0 0 0 250 15 188 156 255 173 255 255 255 0 0 255
    255 255 0 0 255 255 255 0 19 0 0 138 232 0 0 146 92 239 0 0 255 0 0
    70 0 255 255 162 0 0 19 255 0 255 0 255 0 255 0 255 0 65 2 252 118
    56 0 0 255 0 255 79 0 100 255 0 0 255 255 0 0 255 174 255 7 161 0
    255 255 0 0 0 255 255 255 0 134 255 255 0 85 0 255 255 255 0 255 255
    0 206 52 0 165 255 0 255 0 28 0 255 255 0 0 255 255 255 249 0 0 0 0
    188 255 0 0 0 0 255 255 0 0 90 0 0 227 255 255 173 255 0 196 0 0 0
    255 255 255 128 167 0 0 0 255 255 255 255 255 0 178 0 255 255 255 0
    0 0 0 255 0 0 255 255 255 0 0 71 0 255 0 255 0 177 0 2 255 131 0 40
    0 237 0 255 0 0 0 255 255 255 0 15 0 0 255 0 255 255 255 194 0 0 255
    0 0 36 0 255 255 255 0 135 21 26 255 20 72 40 0 106 255 0 16 0 69 90
    255 255 242 0 255 170 0 0 0 255 0 0 255 0 242 0 255 86 88 0 188 0
    255 237 159 0 0 191 255 0 0 0 255 255 0 0 255 255 255 0 0 255 255 0
    178 255 149 255 0 148 255 0 255 0 0 255 0 0 52 218 111 255 255 255
    217 202 0 106 149 255 0 255 0 255 0 255 255 184 0 0 0 255 255 255
    255 248 75 12 179 100 255 0 0 0 163 255 182 0 255 244 255 255 255
    255 255 0 85 255 237 0 255 255 54 159 0 255 0 255 0 255 255 0 255 0
    0 75 255 17 89 29 0 255 255 0 0 66 107 255 142 0 0 255 186 0 0 255
    255 255 255 0 119 0 255 255 255 0 255 0 255 255 255 0 0 52 0 255 38
    0 0 0 0 255 255 172 42 0 0 0 40 0 0 127 0 205 250 140 39 0 255 0 255
    0 116 255 255 0 0 255 18 183 0 112 31 255 0 255 0 0 0 255 255 255 0
    0 0 66 0 92 255 0 255 0 255 255 0 255 136 0 0 255 0 0 0 148 255 255
    255 0 0 0 0 255 255 255 255 255 0 168 0 255 0 73 0 0 0 0 0 255 255
    255 0 0 0 18 162 255 255 0 255 233 255 0 255 255 255 255 0 0 250 204
    0 0 227 255 0 255 0 255 0 0 255 247 255 67 255 255 255 0 0 0 255 255
    255 0 236 155 0 0 0 255 255 71 0 0 255 0 0 255 255 255 0 255 154 130
    77 0 0 255 255 255 0 255 101 255 185 255 255 254 255 0 0 80 0 255
    255 255 189 0 255 0 0 0 255 104 63 212 0 0 0 0 255 255 18 0 157 0 0
    0 255 255 255 86 0 255 0 255 0 255 255 255 0 0 0 255 0 0 255 201 0
    255 136 255 0 255 0 255 0 0 255 255 0 255 255 255 0 0 0 255 0 0 208
    255 255 0 0 0 0 146 0 0 255 255 255 0 255 0 255 0 0 255 51 255 255
    242 0 0 255 0 48 0 255 255 255 0 0 255 255 255 0 255 0 255 0 255 255
    192 224 255 229 255 0 0 0 0 219 0 223 255 0 255 0 0 0 255 255 255
    255 255 255 0 39 0 255 220 0 242 0 255 255 115 0 0 0 0 255 255 174
    255 0 0 0 70 0 255 0 255 255 0 0 121 116 255 0 255 255 255 121 0 0
    233 255 255 255 255 0 0 0 200 173 0 213 255 255 0 0 0 129 0 0 255 0
    0 6 255 255 0 139 74 255 255 255 0 255 255 255 76 0 0 114 0 255 203
    0 255 0 255 53 10 255 163 154 0 255 0 255 255 255 0 0 0 255 255 255
    0 34 22 0 255 0 255 255 255 0 0 255 0 0 0 255 255 255 0 255 255 255
    171 255 255 0 17 255 255 0 132 0 0 247 0 0 21 0 255 100 255 0 255 0
    33 249 255 255 221 0 255 0 255 0 78 27 255 242 0 255 0 255 0 0 0 255
    255 255 133 0 0 255 255 220 14 134 61 179 255 0 0 49 255 255 255 0 0
    0 255 255 255 0 0 81 255 255 255 0 0 10 255 167 255 255 255 0 0 0 0
    255 125 255 0 0 0 197 255 255 255 255 0 0 255 255 0 255 0 255 0 105
    0 255 250 0 0 83 255 0 255 131 97 233 0 255 177 255 0 255 0 255 0
    255 200 255 212 105 0 0 255 255 255 0 0 255 0 255 0 255 0 0 255 0
    243 0 0 255 255 255 255 255 255 0 255 0 255 255 255 255 0 0 255 255
    255 235 0 177 255 255 255 0 36 0 121 0 255 0 255 0 255 180 255 0 255
    197 255 0 0 0 0 255 255 192 255 0 55 255 5 0 255 0 255 0 193 0 255 5
    0 0 255 255 0 255 251 60 255 255 255 0 0 0 0 255 255 255 0 75 0 255
    0 0 0 0 255 255 0 0 0 255 255 0 0 0 0 248 0 255 0 0 0 148 255 197 46
    0 255 0 0 192 255 0 255 41 0 0 0 242 255 53 0 255 60 255 81 255 86 0
    255 0 0 255 13 255 255 0 80 0 255 0 255 0 255 0 255 12 255 0 0 0 255
    255 0 255 0 0 255 0 0 255 255 255 255 255 255 0 0 0 255 255 255 255
    0 0 121 255 255 0 255 0 255 132 0 0 255 255 25 36 255 255 255 243 0
    255 255 0 64 114 255 255 255 0 0 0 31 255 0 255 255 255 254 0 132
    255 0 0 132 0 0 255 78 255 86 255 0 0 255 0 255 0 0 0 255 0 255 0
    255 160 255 110 0 43 0 0 255 0 255 0 255 255 0 0 32 211 153 255 255
    180 255 0 255 0 255 255 0 255 0 0 255 255 255 0 0 0 89 158 0 0 0 255
    255 255 0 102 0 255 255 15 213 255 0 230 0 0 0 255 255 255 255 255 0
    255 0 122 0 204 0 0 255 193 89 0 255 25 255 38 37 0 126 119 255 0 0
    255 44 0 0 0 255 0 0 255 255 255 0 21 252 13 0 229 255 255 0 0 255
    255 69 0 0 255 255 255 0 0 157 252 0 207 255 255 255 0 45 0 0 255
    255 255 0 0 255 120 255 0 255 0 0 0 0 0 255 0 255 0 255 0 0 190 255
    255 255 0 0 0 255 255 0 0 0 255 0 172 255 155 255 0 0 186 0 39 67
    129 0 106 255 0 255 0 255 255 255 0 214 255 255 252 255 0 0 0 165
    255 255 255 255 255 0 0 0 0 0 0 255 255 255 82 0 0 255 255 255 0 0 0
    0 0 0 73 136 255 101 255 129 0 0 0 255 255 180 0 255 255 255 0 255 0
    255 0 64 0 255 0 0 0 0 0 255 255 255 0 0 112 0 0 0 12 255 255 0 0
    255 255 0 255 0 255 255 255 255 255 0 0 0 0 255 255 0 156 0 0 0 162
    255 0 255 255 255 255 255 131 0 255 255 255 0 137 0 255 0 255 255
    255 255 0 255 0 0 0 255 117 0 0 92 223 251 255 0 0 0 0 0 255 117 255
    255 0 255 255 255 0 255 255 255 0 255 194 0 26 255 0 132 255 34 255
    42 255 255 0 56 0 255 0 255 0 0 1 0 255 255 255 115 0 255 0 255 104
    92 0 255 255 255 0 0 0 0 0 175 72 255 153 0 255 247 0 255 201 255
    255 0 61 0 71 41 255 0 0 0 255 118 67 0 255 167 255 0 0 255 255 0 78
    126 255 255 0 0 0 255 255 255 255 0 0 255 0 255 100 0 255 138 0 0
    219 0 255 0 255 0 255 0 0 0 255 214 45 0 255 255 255 255 0 0 0 207 0
    189 255 255 224 0 0 0 71 255 189 150 0 0 255 255 0 255 255 255 0 0
    15 255 255 255 255 255 0 0 255 255 63 0 0 0 255 255 111 90 193 0 209
    255 0 5 255 255 0 0 255 255 255 255 18 0 103 0 255 255 53 255 0 255
    0 224 0 255 255 171 255 219 255 177 0 0 255 255 255 255 255 0 0 0 0
    255 5 65 255 0 0 140 0 255 255 0 0 255 18 0 255 255 255 255 0 255
    255 140 251 0 0 0 255 162 255 0 0 0 255 0 255 56 87 255 8 0 255 255
    255 0 65 0 255 255 0 0 0 0 255 0 34 0 255 67 149 0 7 255 0 0 0 255
    255 255 0 0 255 225 255 255 255 74 0 0 0 255 0 255 0 255 0 255 0 255
    0 80 255 0 0 0 255 0 255 0 21 255 255 0 255 255 0 66 255 255 255 0 0
    116 255 255 87 249 0 0 0 22 0 67 0 0 255 255 255 201 0 0 255 255 119
    0 0 255 0 161 0 255 0 255 0 255 0 255 0 174 0 0 0 255 0 255 135 0
    255 255 255 255 0 5 239 255 255 255 255 0 255 0 95 255 255 255 0 255
    255 255 0 255 0 255 191 0 0 28 172 255 227 0 255 224 255 0 0 255 0 0
    0 0 255 0 118 23 255 255 255 0 0 203 0 0 0 255 77 0 255 0 255 0 255
    0 255 0 119 0 55 0 169 255 255 0 255 211 255 166 0 77 255 255 0 0 0
    0 0 255 255 213 0 199 255 0 0 174 255 255 0 255 0 0 226 255 255 191
    0 241 255 255 0 0 0 255 0 255 0 0 0 240 255 255 0 196 255 255 255 0
    255 0 0 0 0 134 255 255 255 225 31 25 0 255 100 0 255 0 255 0 255 0
    255 0 255 255 55 255 0 255 152 0 0 255 0 35 0 255 0 255 255 255 255
    0 0 4 0 0 0 57 120 255 0 0 255 0 0 0 88 255 222 255 255 0 0 0 255
    255 255 0 0 255 63 226 0 255 30 232 255 255 255 255 63 5 0 0 0 255
    255 255 255 0 255 40 95 255 0 168 95 0 255 0 255 0 0 0 0 255 141 255
    255 255 255 0 0 255 255 0 0 0 255 0 0 0 255 255 0 255 0 0 0 0 51 255
    0 84 255 0 0 0 0 255 2 255 255 0 0 255 255 0 255 0 255 0 255 255 255
    0 0 0 223 255 0 129 0 255 0 0 0 0 255 255 255 0 0 255 38 255 255 0
    255 66 255 0 255 255 0 0 0 64 243 255 255 255 153 0 0 20 255 0 58 0
    255 0 161 100 255 255 0 0 0 255 0 255 255 0 255 0 63 0 0 251 255 255
    0 255 152 0 0 79 68 0 0 0 78 0 255 255 255 0 0 0 255 255 9 0 255 0
    255 0 255 0 255 0 255 0 255 235 255 139 255 0 255 255 255 255 0 0 74
    0 0 0 255 0 18 0 0 255 0 255 0 0 0 0 0 255 57 79 0 255 255 255 0 255
    98 255 110 0 0 255 0 255 0 129 18 0 171 250 255 0 255 137 255 255
    171 255 0 195 0 255 255 0 127 255 0 0 255 255 63 0 0 255 49 157 0 0
    255 196 0 187 255 255 255 183 0 255 0 255 255 0 0 255 255 0 0 0 129
    0 123 255 0 255 255 255 13 0 255 255 0 0 255 0 255 0 24 255 255 222
    255 255 0 36 255 178 255 79 41 0 244 0 225 255 255 0 118 255 255 0
    73 255 255 0 255 0 0 0 0 88 255 0 255 0 255 255 255 0 0 255 255 255
    0 0 0 0 255 255 0 0 0 255 255 255 255 0 0 194 27 255 5 254 193 255 0
    0 218 255 204 161 0 0 255 0 255 0 0 255 255 0 255 0 0 255 255 0 0
    255 255 0 24 255 255 255 255 0 9 0 215 255 0 0 191 235 0 255 0 18
    255 255 0 0 0 255 255 133 220 0 0 255 255 255 255 255 0 255 29 255
    255 255 0 0 41 114 0 255 90 255 206 0 0 221 255 255 255 0 0 255 255
    255 0 0 0 255 255 207 0 0 179 142 255 0 255 255 0 0 0 0 255 59 0 255
    0 255 0 255 0 255 5 0 255 173 181 0 255 255 255 0 255 0 255 255 0
    255 0 255 229 27 255 0 0 131 255 151 0 255 99 255 255 0 0 0 108 255
    255 0 130 255 255 255 0 0 80 27 255 255 255 255 255 153 0 254 103 0
    0 167 255 255 255 0 222 0 0 241 0 78 0 221 255 255 0 0 55 52 0 76 0
    255 0 255 158 255 66 0 255 0 255 0 0 0 255 255 0 255 0 255 0 0 0 0
    81 62 4 255 49 255 170 0 199 255 52 0 0 0 0 0 0 255 117 180 255 255
    0 0 94 255 255 255 255 0 0 0 225 0 255 11 255 212 255 13 0 0 0 255
    206 255 0 0 0 0 24 0 0 255 0 255 0 0 181 255 255 156 255 0 15 104
    255 0 255 0 0 79 192 73 255 255 255 1 0 0 255 174 255 255 69 0 0 0
    255 255 255 0 255 26 0 0 255 255 255 0 0 91 0 255 255 0 0 183 0 255
    199 255 255 255 0 0 0 0 0 0 179 0 255 0 255 255 255 0 0 133 255 255
    140 255 255 0 255 0 255 255 255 255 0 255 255 255 0 0 255 0 255 227
    255 255 0 147 0 186 255 255 0 0 255 61 80 137 255 0 0 255 0 121 0
    255 255 255 0 246 0 233 0 0 255 54 0 0 255 255 0 0 255 0 255 255 255
    255 54 0 255 209 0 204 0 255 0 0 255 255 255 0 0 255 255 255 255 0
    62 0 255 0 255 140 181 0 224 0 255 255 0 255 0 255 0 255 239 76 0 0
    255 15 255 255 255 170 61 0 0 255 255 255 255 255 213 0 255 0 0 0
    111 255 0 255 0 0 0 255 255 0 255 0 255 0 255 0 255 255 255 0 0 35
    255 31 0 255 255 0 0 0 0 178 0 0 0 255 0 0 255 16 255 0 255 255 0 0
    133 255 255 0 0 0 215 52 0 122 255 0 0 255 255 255 255 0 255 0 72 58
    0 0 176 255 0 255 255 255 0 0 185 0 0 74 0 255 128 255 255 255 126
    240 0 255 0 143 0 0 0 255 0 255 255 255 0 183 0 0 0 0 255 255 255
    255 0 255 0 255 88 255 255 0 255 0 0 196 255 255 46 0 255 255 255 0
    11 255 255 255 255 0 0 0 255 242 0 0 255 0 255 255 98 255 255 255
    255 153 0 0 0 255 0 146 255 255 0 2 93 255 255 0 0 255 255 0 0 255 0
    255 255 255 255 0 39 255 255 0 255 0 0 255 255 255 0 255 0 255 17
    255 0 0 255 0 255 88 96 0 255 0 0 0 255 255 255 0 255 161 0 0 0 0
    255 0 255 255 255 113 0 0 0 0 0 0 255 255 255 255 0 255 0 232 138 92
    255 0 0 0 0 255 255 0 0 0 255 0 4 0 0 255 9 0 0 0 0 0 0 255 0 0 0
    255 255 75 255 0 186 255 0 255 0 0 0 255 142 70 0 11 255 255 255 255
    255 0 255 255 255 255 0 0 0 144 255 51 255 0 0 255 52 255 255 255 78
    255 0 255 0 255 16 188 91 255 0 255 255 0 0 255 0 176 255 255 248 0
    255 255 101 0 24 201 0 255 0 255 255 255 255 0 0 0 255 54 255 0 0 0
    0 0 0 57 0 255 255 255 255 255 255 0 255 0 255 0 0 0 0 0 0 255 0 255
    0 0 129 255 12 255 255 0 0 10 255 0 255 255 255 255 255 0 255 0 132
    211 0 255 255 0 0 0 255 255 255 0 255 255 255 21 0 0 255 255 0 255 0
    255 0 0 255 255 255 164 0 0 0 255 62 255 255 0 255 0 150 0 129 255
    255 255 0 0 251 100 200 0 255 255 255 8 0 0 0 0 210 255 0 255 0 133
    44 255 0 4 97 255 0 0 8 163 255 255 0 255 0 255 22 255 255 255 255 0
    0 255 255 0 219 0 0 255 0 236 0 255 0 0 255 255 255 237 255 0 255 0
    156 255 255 230 0 255 0 255 255 0 255 0 255 0 255 205 255 108 255
    255 255 0 255 255 110 0 0 255 198 0 0 0 0 255 0 255 255 255 0 0 0
    255 255 232 0 190 0 0 255 74 0 255 255 255 0 35 0 255 255 255 105 0
    255 255 255 95 0 255 255 0 0 197 10 255 0 0 143 255 255 0 255 0 255
    255 127 0 0 0 255 255 255 255 122 0 0 0 0 255 0 0 0 255 255 255 255
    0 126 0 255 56 0 252 0 71 0 255 106 0 116 255 255 0 148 255 255 255
    139 255 0 0 240 36 0 165 255 114 18 0 0 29 255 70 59 0 135 0 0 0 210
    255 255 255 255 183 255 255 0 6 0 255 255 255 255 0 255 0 0 0 255 0
    255 255 255 0 255 0 255 0 202 0 255 149 216 0 255 255 0 255 0 0 0
    255 255 36 0 0 0 0 255 0 255 255 255 255 233 0 0 255 255 69 0 0 255
    47 255 0 0 0 255 255 255 255 255 255 232 0 0 0 0 0 0 255 0 255 255 0
    68 116 255 88 66 255 123 255 117 0 0 0 255 255 255 0 0 255 0 0 255
    255 225 0 122 106 0 255 255 255 69 0 108 0 0 45 0 255 0 0 60 255 20
    255 255 255 255 0 0 255 255 255 241 255 255 0 174 0 219 0 255 10 255
    255 255 255 0 0 0 0 255 208 0 0 161 0 255 255 255 0 255 255 0 0 255
    0 23 255 255 174 0 255 0 255 154 255 255 0 255 255 56 32 0 255 255
    255 173 133 0 0 255 255 255 230 0 0 0 255 255 255 255 255 9 0 255
    255 0 176 255 255 255 0 29 0 115 255 26 0 255 255 0 160 255 255 0
    255 0 0 255 117 0 0 0 255 0 50 0 0 255 255 230 0 0 255 76 255 255 0
    255 0 0 255 0 0 0 56 255 0 0 65 0 183 253 0 255 255 0 0 0 0 183 255
    0 255 255 255 0 72 38 0 0 146 0 255 0 255 227 255 0 255 0 255 255
    234 0 0 232 255 255 3 0 0 255 255 0 255 0 255 0 255 0 255 178 0 0 0
    66 255 0 0 255 255 255 0 0 255 0 0 255 255 0 255 255 255 255 255 198
    0 0 107 0 0 0 0 0 0 255 255 255 255 255 118 255 255 255 0 0 0 255
    255 255 255 0 0 255 255 255 0 0 0 255 0 255 0 0 255 0 255 0 255 0 0
    0 255 255 255 0 0 0 255 216 0 0 108 0 255 255 0 0 0 251 169 255 0 0
    0 255 255 135 255 255 0 0 0 135 0 79 1 255 0 161 33 255 0 0 0 255
    255 255 0 172 255 255 132 255 0 0 0 255 255 248 255 255 0 255 28 0 0
    0 255 0 0 255 255 0 0 255 105 223 50 255 227 255 119 0 0 0 255 0 255
    111 255 0 218 255 255 19 255 255 0 0 255 255 255 0 0 0 255 255 0 0 0
    254 255 0 0 86 116 202 255 109 0 255 255 255 0 0 194 255 161 255 255
    0 0 180 187 255 0 66 161 0 255 67 9 0 0 198 80 255 0 255 29 255 0
    255 0 255 0 255 255 0 103 0 255 255 255 255 0 255 255 255 0 255 0 23
    15 0 0 0 0 255 255 211 174 255 255 255 0 255 0 255 255 0 0 0 255 255
    0 0 0 255 255 255 255 0 255 0 200 88 0 255 0 0 45 0 66 255 0 255 190
    255 109 255 255 106 0 0 0 0 255 175 0 0 0 0 255 72 0 255 98 75 0 0
    255 220 0 255 66 0 0 0 0 255 187 124 29 0 255 0 255 255 179 228 255
    64 255 0 0 0 255 0 76 89 255 255 0 255 0 255 0 196 255 255 0 0 255
    255 255 255 0 255 0 255 255 0 0 0 69 255 0 207 0 255 0 0 255 255 255
    0 0 7 255 223 39 0 255 0 255 171 255 255 233 255 0 0 81 255 0 255 0
    255 255 177 0 255 247 255 208 47 0 255 0 255 0 255 255 255 255 255
    255 0 0 0 255 0 30 255 45 0 0 255 0 0 0 255 0 0 255 255 0 185 0 255
    143 255 255 255 0 0 255 255 255 0 0 0 255 255 0 107 0 255 231 0 255
    0 164 0 131 255 0 0 255 255 255 255 0 151 160 255 255 255 0 0 0 0
    255 0 155 200 227 194 81 255 0 0 0 0 255 255 32 255 255 94 0 0 255 0
    151 255 255 241 0 133 0 210 255 45 255 255 0 0 0 184 0 56 0 255 0
    255 255 255 255 255 0 255 0 255 0 255 0 0 180 100 0 69 255 137 0 0
    188 190 55 219 0 255 0 255 0 255 0 255 136 255 0 0 57 99 16 255 0 0
    0 0 255 19 0 255 0 0 0 0 255 0 0 0 255 0 0 244 151 0 207 255 255 231
    255 0 255 0 255 99 119 255 0 255 212 255 255 0 27 0 255 255 255 255
    199 0 255 0 0 255 255 0 98 251 0 255 255 255 0 255 146 255 0 92 255
    255 0 0 0 255 255 55 255 255 239 255 0 0 238 255 255 0 0 255 0 0 0
    177 200 0 243 0 0 0 172 0 254 0 175 255 0 255 0 255 0 255 0 255 255
    127 255 0 0 0 49 253 0 255 0 255 0 0 0 175 255 255 54 0 0 255 0 0 0
    252 255 0 255 255 255 237 0 0 47 255 75 255 0 88 0 0 0 0 0 255 255
    255 255 255 0 255 0 255 255 0 0 0 255 0 0 214 255 0 255 46 0 255 0 0
    255 164 255 255 255 0 125 0 252 255 255 35 0 0 0 255 0 255 0 70 0
    255 255 255 255 0 0 245 255 255 0 0 255 0 255 0 140 114 0 0 0 255 0
    0 146 255 0 149 164 255 255 255 255 0 255 0 255 214 0 0 108 255 0 0
    0 255 255 0 46 0 176 255 0 68 255 34 0 255 255 0 130 0 255 30 255 0
    232 50 255 255 255 0 0 0 255 255 0 255 255 255 255 0 33 0 255 0 255
    255 48 0 0 0 0 0 255 255 255 255 0 255 255 255 255 0 0 0 14 255 255
    0 0 0 255 255 255 0 0 0 0 255 255 255 0 255 0 255 255 0 0 0 0 0 255
    255 255 255 255 0 0 239 56 8 255 255 172 0 0 255 0 0 255 0 0 255 255
    249 255 255 0 0 0 255 255 255 255 139 11 107 255 255 0 0 0 0 255 255
    255 0 0 0 0 0 255 255 255 0 0 255 0 255 255 255 0 0 0 255 255 130 80
    0 0 255 4 255 0 255 0 239 0 255 255 33 255 24 45 195 255 0 0 255 0
    255 255 255 255 0 255 44 255 129 255 255 136 183 255 0 255 0 160 0
    255 0 255 0 255 0 255 0 255 156 38 0 0 0 70 0 255 0 255 0 255 0 0 40
    0 149 255 255 255 0 255 0 255 255 255 0 0 30 255 255 255 0 0 0 255
    255 90 0 59 0 0 255 124 255 255 50 255 0 109 0 255 255 135 0 0 211
    255 193 0 171 0 165 255 0 255 0 255 255 255 0 0 255 255 255 255 197
    0 253 19 244 0 166 0 102 0 190 255 255 255 244 0 0 255 255 122 212 0
    255 0 0 0 0 255 0 255 0 147 255 255 0 94 0 180 255 181 166 187 255
    151 255 255 0 237 255 0 59 0 255 255 140 0 0 0 0 0 255 0 255 255 210
    0 183 255 255 0 100 255 0 255 0 255 0 0 255 0 255 8 196 255 0 255
    174 0 0 67 0 0 0 0 0 75 0 255 255 255 38 0 68 255 0 248 255 3 45 0
    255 238 255 255 0 0 255 255 255 0 181 255 0 0 0 255 0 255 255 0 0
    255 132 132 0 0 129 255 255 255 255 0 0 255 200 117 0 0 255 234 255
    138 0 255 0 241 188 255 255 0 91 255 0 255 0 0 0 255 255 255 70 255
    0 0 160 0 255 235 255 0 11 196 0 255 222 49 0 0 255 0 0 0 125 255
    240 212 255 255 255 255 0 255 0 0 0 255 0 0 255 255 255 0 0 0 255
    255 247 255 0 255 0 235 255 0 0 0 0 255 198 12 255 255 153 255 0 0 0
    255 255 0 255 0 189 255 255 255 0 0 0 255 93 255 194 255 169 19 158
    255 255 255 161 0 255 0 255 0 0 0 255 255 0 0 255 0 255 0 255 255
    255 241 255 0 255 241 255 0 0 0 255 0 255 0 255 255 0 0 141 255 0
    255 0 0 0 255 255 0 137 0 0 0 228 173 162 255 0 255 0 0 0 126 255
    255 0 158 0 45 255 255 0 255 255 255 0 0 255 255 255 255 255 255 248
    35 0 0 0 2 255 80 255 54 255 255 0 255 0 255 255 255 255 187 0 255
    255 0 255 255 255 0 0 137 255 0 183 0 255 11 255 0 255 0 255 255 255
    0 152 0 90 255 255 255 0 226 255 240 0 87 0 255 108 0 0 0 0 255 255
    255 0 0 255 255 183 0 255 255 255 0 255 255 0 206 0 255 255 43 204 0
    210 252 255 144 17 0 0 0 0 0 255 0 255 0 0 0 255 0 255 113 27 255 51
    201 0 0 0 255 0 109 79 96 255 189 0 255 255 255 201 255 55 255 0 255
    255 255 255 0 0 0 0 255 143 255 0 255 0 255 0 255 0 255 0 196 255 0
    0 27 0 255 54 0 255 89 255 0 0 0 255 255 255 145 255 0 255 255 19
    162 153 255 0 255 0 255 0 0 255 255 255 0 110 35 0 0 0 0 0 255 0 255
    255 2 0 255 255 51 0 0 0 255 255 255 0 238 0 255 138 255 255 0 255 0
    255 0 255 0 255 0 166 255 124 204 255 0 255 255 229 255 255 0 218 0
    255 0 255 0 255 0 49 0 0 255 22 0 0 255 255 255 255 255 255 0 0 0
    250 255 255 0 255 119 216 0 255 0 0 0 0 255 0 255 255 104 28 255 255
    255 0 255 36 255 255 255 0 0 55 109 255 0 255 107 255 255 0 250 0
    255 149 7 255 255 0 0 0 255 255 0 187 255 255 255 152 255 108 69 29
    255 0 255 0 255 255 151 0 28 51 255 255 0 0 255 0 0 140 208 0 0 0 0
    255 56 0 255 255 255 255 0 255 255 255 0 255 0 255 0 255 0 0 255 255
    0 32 255 255 0 245 255 255 0 0 255 0 0 0 60 162 255 0 1 0 185 255 0
    255 0 255 17 255 255 0 255 0 0 255 255 0 211 169 255 255 0 0 255 152
    255 255 255 0 0 255 0 0 0 60 0 255 0 57 255 255 255 48 0 0 0 0 0 0
    255 255 149 255 0 255 0 255 0 255 255 36 0 0 0 255 4 255 255 255 255
    255 0 255 0 255 255 0 0 0 255 0 255 0 255 255 91 16 255 255 82 0 0 0
    0 255 255 255 0 255 148 255 6 255 0 0 0 0 255 143 255 0 255 0 236
    255 0 255 0 255 0 255 255 190 255 132 255 203 255 255 0 0 164 255 0
    255 0 159 0 255 0 255 255 255 0 0 0 255 0 255 255 210 255 0 255 0
    255 0 255 255 255 0 0 255 0 245 255 185 255 0 0 255 255 0 255 0 0
    255 0 255 255 255 0 0 255 255 255 0 255 0 255 0 137 0 174 0 255 0
    123 0 255 36 0 163 255 255 0 255 0 255 0 255 0 247 0 0 190 255 255 0
    0 0 240 0 0 238 0 255 255 0 255 255 255 0 0 255 255 0 0 139 0 0 255
    255 0 0 0 255 255 255 0 0 0 0 0 255 255 255 255 255 0 0 119 66 255 0
    255 0 255 0 0 255 255 255 91 245 0 0 0 255 255 255 0 0 255 255 0 0
    54 255 255 255 255 0 0 0 255 53 255 126 255 255 0 255 137 255 0 0
    197 255 255 255 255 0 0 255 255 255 255 0 255 52 0 0 0 255 255 121 0
    0 163 0 0 117 255 0 255 0 91 168 255 0 0 255 0 129 0 255 215 0 255 0
    201 175 255 0 255 78 22 0 0 255 0 255 0 255 95 255 0 255 0 255 57
    255 0 0 0 255 255 0 134 134 0 0 0 0 255 255 255 0 0 0 255 255 0 0 0
    255 0 255 0 47 0 255 83 255 0 210 0 0 0 255 255 255 0 0 255 255 255
    38 0 0 59 58 0 0 0 255 255 255 0 255 0 255 181 255 0 255 199 255 0
    255 0 255 0 255 0 255 33 254 0 255 229 0 0 0 0 255 0 0 0 106 0 255 0
    30 255 92 10 0 255 0 255 0 25 255 255 186 255 255 255 0 0 121 255
    255 255 0 228 0 0 255 255 52 255 0 255 43 255 0 255 255 255 100 0 96
    0 0 0 0 21 255 0 93 0 45 134 255 255 255 0 255 0 140 0 94 0 255 212
    0 0 255 255 255 79 0 255 100 0 76 255 255 0 0 0 0 0 255 255 0 165 0
    255 0 255 0 255 255 219 0 0 0 18 8 105 255 0 0 0 255 255 255 0 255
    253 255 255 255 0 255 64 0 255 255 0 0 0 255 255 255 255 0 0 0 255
    255 255 255 0 0 0 0 255 255 255 0 98 255 255 0 0 255 255 255 255 0
    100 0 0 223 255 255 255 57 140 0 0 0 255 255 255 125 0 248 255 255
    255 255 231 0 0 0 149 255 255 0 0 0 17 0 112 255 0 0 255 255 0 255 0
    255 0 255 255 0 0 0 255 255 255 0 0 0 244 255 255 0 81 0 255 0 120 0
    0 255 255 255 24 0 255 0 0 255 255 0 0 194 255 255 0 0 0 164 149 0
    186 234 244 255 28 255 0 0 0 255 0 0 0 0 255 255 255 255 255 0 0 0
    255 0 189 0 220 255 255 0 0 0 255 255 0 0 255 182 224 0 113 255 255
    255 0 223 0 255 255 0 0 0 0 0 255 255 0 202 255 255 255 0 201 255
    255 0 0 0 255 255 255 0 105 0 0 255 255 255 0 0 0 255 0 255 149 133
    255 0 143 0 255 0 0 84 255 154 255 69 0 255 255 0 0 255 0 255 0 255
    198 0 255 255 255 255 0 0 0 255 255 0 0 0 20 0 0 255 255 255 93 255
    255 0 238 255 255 255 255 0 4 0 255 156 255 0 255 255 255 0 255 0
    255 255 0 255 255 255 255 0 255 0 0 0 255 165 0 0 255 0 58 255 255
    255 89 0 0 255 0 255 0 0 255 0 255 55 210 0 124 215 0 52 181 255 0 0
    0 255 94 0 0 0 130 255 255 0 255 0 230 109 255 0 255 255 0 0 0 0 0
    239 187 0 206 255 255 0 0 255 255 0 88 0 72 255 0 255 255 0 0 0 0
    255 135 0 104 255 237 19 148 53 255 0 0 255 0 255 0 255</data></your_img>
</opencv_storage>
