<?xml version="1.0"?>
<opencv_storage>
<filter_type>2</filter_type>
<only_luma>0</only_luma>
<r1>1</r1>
<r2>5</r2>
<L2_diff>1.</L2_diff>
<test_img type_id="opencv-matrix">
  <rows>128</rows>
  <cols>256</cols>
  <dt>"3u"</dt>
  <data>
    121 148 136 157 243 87 66 244 225 185 42 216 208 5 201 154 87 148
    232 136 98 129 245 169 188 41 129 224 218 63 67 194 150 131 172 88
    108 101 235 155 116 206 251 10 9 146 107 148 146 215 138 24 17 215
    164 179 41 142 151 64 3 148 48 132 31 193 130 134 177 82 155 224 55
    167 10 43 96 226 107 21 4 242 30 110 75 209 142 200 153 108 194 164
    119 108 186 83 113 102 72 246 194 7 114 157 234 113 5 7 162 100 135
    178 189 151 225 15 66 98 32 249 60 214 231 110 225 160 64 199 74 89
    168 193 187 12 137 21 40 218 22 221 244 22 252 253 6 35 42 69 197
    201 245 99 193 2 46 183 41 154 74 249 117 206 64 240 183 78 232 138
    13 29 135 211 172 154 105 200 242 210 99 40 209 192 95 74 182 15 232
    1 61 44 13 71 115 153 123 219 19 210 94 207 185 162 116 180 76 26 26
    52 32 23 226 232 78 119 44 107 47 131 230 47 210 233 58 60 140 131
    218 75 200 67 68 177 94 117 167 10 183 245 245 202 46 59 255 213 225
    160 253 244 184 137 2 6 61 230 53 73 192 135 251 122 33 229 144 194
    70 213 165 116 162 241 218 184 224 158 250 187 58 180 156 15 148 205
    96 118 251 239 215 21 148 135 205 5 219 32 16 136 184 132 219 208
    159 167 31 122 155 104 184 21 122 238 57 134 227 132 146 154 19 85
    35 209 85 226 216 194 87 185 184 81 106 60 63 66 196 137 42 232 95
    215 105 140 117 216 239 83 149 0 8 45 3 199 153 168 18 214 95 27 145
    10 116 227 56 27 217 238 249 115 90 25 238 72 70 162 183 202 26 32
    224 244 213 101 37 24 80 26 184 188 82 44 120 162 2 133 4 225 113
    157 167 210 110 241 113 29 145 129 41 253 251 206 246 103 122 11 243
    142 61 119 197 250 157 23 117 35 66 6 133 133 253 250 61 69 86 146
    56 10 140 41 28 221 27 25 136 106 198 115 21 247 195 80 164 167 164
    134 61 207 240 94 101 136 32 112 179 45 240 186 130 73 214 66 199 26
    17 55 148 36 207 99 60 222 14 151 94 68 19 216 15 212 206 89 39 64
    79 7 154 48 151 215 126 9 176 16 158 241 157 241 37 53 172 26 219 55
    175 121 189 77 52 132 176 255 157 19 52 116 144 202 51 145 102 210
    122 125 35 202 17 138 246 123 40 102 57 101 242 252 204 130 180 34
    138 115 31 239 243 87 134 193 171 21 241 119 208 9 139 163 217 17
    185 134 120 205 31 16 165 19 224 64 143 96 151 237 219 53 91 92 68
    69 174 48 2 59 227 144 230 244 100 45 31 132 192 113 221 48 67 156 2
    10 55 163 103 242 10 167 104 8 202 207 53 131 184 178 82 202 124 193
    220 156 154 184 40 1 120 118 253 0 254 196 94 119 114 181 89 219 202
    137 123 205 154 183 135 58 102 72 118 235 228 61 122 202 62 122 38
    46 204 78 97 152 183 171 58 198 97 121 127 140 68 44 4 96 248 77 66
    170 190 196 225 23 36 141 195 93 205 15 61 252 34 141 222 77 63 69
    61 187 20 242 47 96 97 232 250 244 80 218 207 30 196 48 203 188 56
    176 232 241 120 32 24 196 64 253 156 37 194 145 249 62 26 29 85 236
    255 141 11 188 135 33 75 175 109 69 121 165 11 13 101 180 140 55 41
    158 195 222 121 24 195 51 68 105 225 141 103 57 113 176 92 146 141
    31 84 171 222 202 29 35 57 177 99 135 172 133 130 206 80 214 104 147
    162 226 234 82 198 143 161 87 43 67 11 105 159 118 249 249 176 10
    156 219 227 10 242 255 149 192 124 4 244 254 53 32 137 72 26 70 22
    25 7 152 183 78 95 111 3 93 159 111 234 178 238 52 166 128 87 132 7
    145 89 174 162 232 163 107 81 172 77 112 130 126 252 180 146 68 174
    53 106 142 194 124 57 171 208 12 86 25 96 6 139 145 36 2 23 29 26
    185 184 252 1 199 103 40 150 175 83 156 209 103 68 37 86 168 216 132
    47 84 221 218 159 62 151 228 231 137 125 176 88 214 191 6 53 184 47
    30 138 52 176 85 67 31 111 56 7 12 3 26 189 204 55 38 217 122 23 166
    85 60 227 41 93 25 48 85 53 118 49 108 111 205 75 28 225 167 163 234
    103 2 32 216 180 144 15 21 218 200 113 165 173 113 48 41 87 137 220
    137 97 35 20 232 113 172 6 13 110 104 206 223 8 79 38 224 219 141 14
    158 67 216 174 183 197 151 56 132 74 249 128 240 255 234 222 206 62
    73 143 201 30 172 175 58 207 31 111 79 195 1 126 168 130 204 158 243
    250 12 172 212 54 88 129 37 77 169 175 79 206 250 166 113 29 93 123
    153 41 193 44 36 139 233 94 142 144 48 79 136 78 200 94 240 80 116
    138 106 125 209 42 189 218 7 195 255 45 238 189 63 79 248 157 29 57
    7 115 32 28 177 8 220 243 54 48 202 84 5 78 78 154 118 216 174 172
    40 39 54 135 24 35 142 67 130 151 37 1 49 157 143 15 98 202 145 77
    120 200 42 54 162 173 242 137 4 74 5 28 116 176 149 192 96 208 205
    80 8 246 255 193 22 24 120 42 63 114 139 19 200 174 80 255 93 25 234
    2 149 85 108 242 33 120 210 199 164 109 225 165 226 18 86 69 178 151
    35 53 65 80 24 223 207 232 130 9 32 240 108 170 174 237 54 234 40 78
    37 23 242 185 165 51 78 184 97 100 242 178 94 211 225 24 204 187 56
    15 239 39 44 120 29 183 190 47 45 230 238 58 142 248 183 27 31 166
    102 46 255 143 194 134 26 43 9 38 135 150 26 86 0 99 91 157 173 241
    89 45 8 214 35 56 30 209 29 165 13 99 219 183 78 170 48 158 31 223
    62 43 95 4 197 138 16 134 179 225 7 165 92 66 165 243 6 171 202 129
    115 108 204 68 67 46 22 84 154 201 245 105 210 188 0 79 252 237 122
    173 130 6 118 78 254 145 88 231 160 177 130 147 250 229 130 228 18
    204 157 227 28 82 26 112 174 66 101 192 48 38 69 18 211 201 217 20
    83 254 50 46 108 45 253 152 4 97 213 220 166 123 49 121 106 106 191
    242 253 23 61 215 253 80 82 243 109 123 132 45 28 247 174 230 224 23
    109 200 112 44 81 196 228 91 70 65 226 1 196 253 106 203 76 92 96
    167 212 2 107 233 41 227 192 52 251 48 210 40 191 230 19 74 110 155
    153 143 99 59 3 27 204 247 180 94 191 99 75 100 176 133 92 2 220 38
    226 166 201 207 74 172 182 64 146 37 120 11 154 234 231 214 106 243
    205 11 160 97 169 130 79 32 49 173 228 64 143 189 76 46 191 77 108
    233 228 180 50 87 46 244 101 74 64 10 74 81 236 86 192 156 209 131 8
    212 88 29 191 19 67 237 20 244 183 53 53 255 146 147 147 248 145 246
    61 128 28 56 129 15 210 204 254 254 91 59 224 101 84 124 97 108 97
    202 89 74 39 177 189 207 112 101 157 33 11 122 99 110 112 210 98 153
    202 59 217 233 105 42 15 32 244 155 153 40 193 20 114 221 32 79 89
    255 25 208 179 210 101 138 68 42 79 212 95 219 96 181 70 145 224 92
    66 124 16 185 130 236 0 121 27 78 243 236 54 89 177 46 82 189 125
    146 86 121 149 141 97 20 251 15 229 42 219 61 169 108 0 162 5 60 156
    47 61 205 163 129 101 191 242 48 60 81 17 57 111 168 82 58 95 105 5
    113 201 94 229 176 252 168 173 21 141 14 176 98 86 178 57 50 246 54
    21 217 0 156 83 182 114 101 26 171 177 48 31 252 225 73 135 2 45 138
    182 133 154 124 23 108 134 93 170 169 138 253 157 191 142 82 181 78
    45 163 196 204 206 235 46 23 188 17 73 107 76 151 117 6 163 166 215
    253 95 15 62 64 106 26 231 72 41 13 160 166 68 77 32 163 65 159 116
    98 115 10 83 185 143 60 15 180 215 255 234 15 122 123 162 108 154
    153 142 182 165 219 54 173 247 187 183 145 241 228 158 240 24 55 91
    53 235 240 27 20 165 221 212 188 125 131 34 41 10 114 18 31 46 241
    43 65 213 197 111 146 253 205 124 56 177 108 204 207 8 150 90 154 78
    113 8 133 102 144 5 126 75 52 42 237 240 163 136 150 44 211 199 118
    102 232 69 20 176 131 227 71 15 243 200 198 245 127 63 24 100 162 5
    23 224 136 36 2 92 33 207 251 2 206 181 71 201 211 113 178 232 225
    89 25 71 255 1 197 140 199 218 42 122 166 53 194 127 60 14 167 146
    137 136 175 113 253 117 149 50 85 165 248 85 249 164 158 188 87 230
    163 220 58 8 204 174 26 41 98 199 210 152 161 182 80 164 111 109 152
    31 177 19 238 67 170 180 28 40 150 65 178 18 118 79 35 69 63 13 71
    75 224 52 114 248 48 41 8 43 82 83 251 105 195 134 242 111 47 99 89
    162 97 183 248 69 174 119 239 160 185 59 79 44 92 181 199 229 23 100
    139 33 162 42 162 255 146 167 55 65 207 102 204 182 89 33 237 67 24
    255 82 121 225 200 170 30 70 77 96 27 59 116 135 53 175 181 206 95
    216 44 79 32 97 65 127 135 55 196 116 175 56 195 94 23 227 215 30
    132 89 206 55 54 82 18 0 51 208 233 215 43 159 68 127 113 208 48 39
    188 212 188 167 114 1 234 51 231 154 105 243 24 238 55 114 40 40 53
    219 43 128 53 47 120 104 206 143 72 1 198 147 114 117 102 244 151 20
    198 17 113 248 219 145 252 177 182 112 21 158 108 136 207 48 216 1
    189 245 141 188 149 148 224 214 194 162 190 221 234 37 128 48 132
    142 72 79 48 196 118 73 119 37 52 225 90 186 12 190 196 92 24 63 216
    206 90 79 182 213 224 155 137 89 43 62 5 226 48 137 167 38 213 246
    149 106 104 226 54 100 82 187 166 2 208 2 80 127 166 185 248 29 39
    123 209 86 45 68 120 154 51 127 83 62 101 114 203 4 213 216 122 24
    16 30 184 47 98 110 126 14 185 99 4 190 225 129 81 239 252 98 11 133
    79 137 207 253 64 227 169 255 200 133 100 146 174 115 205 59 198 111
    138 95 127 198 89 208 69 162 43 25 176 148 122 108 141 95 2 212 174
    222 239 183 247 199 228 28 144 63 107 202 210 244 57 162 123 202 232
    51 0 202 250 166 134 66 64 106 61 183 34 209 191 78 67 47 109 90 227
    19 101 151 129 185 48 37 192 137 50 125 150 10 143 121 45 97 0 117
    62 222 139 175 235 254 31 37 208 204 228 224 80 160 84 79 217 136 18
    161 76 227 249 167 106 27 143 94 209 187 42 27 134 53 110 162 53 9
    83 13 226 214 91 219 86 136 57 244 253 221 217 123 154 183 114 189
    153 115 123 154 93 185 227 40 196 12 69 245 22 7 133 116 27 104 49
    251 188 58 211 34 137 14 209 147 181 204 69 12 201 29 198 192 22 141
    159 61 12 173 36 223 64 57 16 88 126 196 232 165 114 236 123 63 70
    229 55 168 217 203 162 169 107 174 183 154 89 231 116 76 129 180 247
    238 129 30 94 206 79 54 243 214 163 242 15 33 254 88 2 228 177 86 19
    231 233 144 241 43 62 183 228 99 65 8 171 172 252 194 188 67 187 130
    59 104 219 14 150 171 43 187 147 240 97 203 31 229 137 35 14 45 216
    230 49 143 198 102 17 31 11 98 2 151 75 162 215 184 234 10 20 199
    240 148 213 153 230 86 13 131 88 86 231 14 155 198 42 10 102 127 18
    7 216 96 243 161 36 252 248 141 197 164 35 95 40 250 67 110 195 83
    127 68 88 214 71 218 106 182 198 144 233 193 15 232 186 7 86 37 198
    244 39 178 214 183 38 154 61 194 7 57 164 218 233 180 140 153 89 102
    209 122 196 190 143 195 218 131 184 131 90 33 124 224 157 120 160
    170 214 66 60 89 181 18 83 50 44 51 142 96 193 243 248 43 118 210 29
    80 6 234 59 239 115 48 2 57 128 164 28 79 136 41 132 221 83 141 104
    8 179 127 248 200 226 147 75 208 112 171 164 116 210 204 71 183 239
    157 205 53 85 136 167 181 188 181 91 251 235 19 72 210 12 189 24 153
    219 234 240 125 3 189 150 158 165 29 217 98 0 67 86 144 100 108 34
    220 225 53 214 1 110 248 10 249 235 54 90 173 228 80 24 198 96 166
    113 148 188 58 128 113 235 217 239 41 140 183 137 27 212 12 123 73
    163 183 164 23 129 155 209 255 158 98 255 96 94 90 17 218 149 77 209
    229 255 116 79 46 138 217 245 58 52 78 153 198 21 238 51 227 35 28
    218 164 176 50 86 122 150 39 36 182 129 89 68 157 192 129 167 66 223
    120 121 232 106 188 0 22 17 151 105 20 227 162 16 92 24 126 76 25
    114 30 239 50 56 164 179 124 59 84 178 50 216 2 252 76 137 243 66
    155 232 176 41 230 135 238 177 252 244 230 155 8 40 82 126 203 255
    214 229 204 92 197 52 153 180 173 183 220 123 115 54 91 172 170 22 8
    72 132 170 13 220 248 96 207 253 94 107 5 15 215 73 253 32 143 255
    236 191 54 211 68 178 65 63 197 152 14 108 8 117 120 139 180 143 183
    253 1 115 73 42 149 134 159 73 171 128 243 48 204 236 190 173 122 39
    180 180 93 179 207 73 31 61 152 31 164 220 201 117 78 88 53 245 9 85
    166 242 227 49 97 96 14 243 64 116 21 238 111 102 61 32 88 169 51
    165 65 28 109 122 55 49 98 134 188 52 31 20 45 41 49 119 79 57 110
    120 47 237 125 106 18 10 254 54 170 182 131 181 48 152 242 223 119
    12 41 52 108 248 223 27 148 38 250 168 87 157 36 80 180 120 105 170
    47 110 151 179 2 52 88 222 144 248 51 54 188 229 51 186 230 113 178
    53 89 198 46 167 129 84 129 218 96 229 152 242 249 121 48 225 106 62
    151 178 90 38 128 93 75 10 43 131 203 179 201 79 61 179 143 132 16
    191 79 65 233 174 124 105 22 93 47 89 204 12 142 107 78 91 47 63 3
    249 166 56 171 104 212 53 235 255 202 223 172 249 237 21 45 86 49
    205 173 188 151 250 195 223 113 69 176 49 249 171 137 131 154 19 88
    27 98 66 121 163 18 150 10 168 24 197 102 165 239 215 23 152 141 95
    165 117 103 4 153 59 205 86 28 208 252 168 234 68 107 9 87 240 75 35
    52 72 116 53 52 60 125 85 70 88 206 41 243 1 83 74 246 75 86 12 174
    234 91 36 101 28 33 84 250 54 99 15 248 187 61 1 81 44 14 125 238 42
    212 190 24 105 186 26 145 44 225 247 176 4 162 76 92 194 211 61 168
    25 99 141 225 107 23 37 187 60 28 143 237 143 147 192 103 16 134 36
    69 27 172 209 181 170 170 112 245 78 140 140 136 15 144 243 180 236
    100 84 194 184 246 223 95 232 170 226 14 72 25 3 105 235 25 13 84 15
    229 50 200 111 64 196 184 54 81 9 66 79 236 58 46 154 40 42 135 83
    171 19 240 61 25 133 16 19 19 199 84 87 31 217 117 170 182 56 226 6
    101 248 218 170 56 158 36 90 206 68 20 132 53 37 130 213 207 73 152
    171 194 224 121 25 242 209 209 6 10 42 165 155 12 118 200 2 14 203
    93 229 80 59 85 198 166 232 95 172 166 245 228 163 39 98 242 220 63
    77 244 235 172 229 44 146 245 147 181 28 171 54 90 166 206 70 150
    154 144 3 67 197 1 175 86 149 76 252 152 35 157 50 16 213 247 181 92
    69 24 19 99 110 222 3 108 214 65 80 100 148 210 0 225 30 12 42 175
    107 149 230 255 8 82 251 65 207 9 169 172 238 60 82 79 50 237 198 28
    232 232 184 41 239 166 74 80 156 104 191 198 62 157 46 245 193 193
    157 29 50 18 88 190 239 52 128 133 70 241 223 18 55 192 188 8 76 101
    139 253 1 93 203 101 144 214 5 112 39 72 90 82 40 75 168 23 138 65
    87 144 196 209 167 73 118 66 225 209 157 10 247 65 38 81 234 156 21
    133 218 198 205 42 85 246 163 224 40 112 23 79 116 79 248 90 141 64
    171 206 199 31 145 31 104 69 87 189 198 85 116 24 179 88 12 149 45
    113 140 236 98 176 220 143 139 105 85 52 69 74 221 63 53 73 24 100
    47 139 59 231 116 236 199 56 122 8 7 249 255 62 163 239 62 140 250
    247 85 239 168 15 199 86 138 31 67 225 30 237 237 136 100 170 208
    160 36 185 111 77 10 30 196 70 51 114 212 250 187 177 162 187 65 44
    87 23 89 239 119 49 213 254 199 133 215 194 191 207 61 160 122 2 179
    14 58 213 92 52 104 208 156 169 186 65 23 129 94 104 147 10 3 236
    110 167 151 204 152 118 155 76 156 252 188 82 225 196 191 229 5 69
    59 222 255 74 7 77 99 252 138 40 30 72 23 164 143 25 127 96 169 123
    41 93 249 52 155 50 198 157 42 155 211 158 122 95 154 129 154 58 254
    11 164 123 43 226 97 129 128 255 195 176 62 87 109 17 143 6 174 42
    193 203 108 45 59 192 237 30 10 248 49 201 22 137 83 7 72 22 203 102
    2 116 95 208 104 127 195 237 140 66 144 200 253 255 98 134 114 64
    157 98 204 200 111 120 64 125 217 88 32 193 120 219 123 156 111 34
    133 0 248 0 148 26 3 12 177 195 194 150 18 19 126 225 136 182 236 67
    13 177 247 183 222 19 54 101 81 33 211 131 224 18 54 217 251 136 94
    138 110 149 17 167 203 55 185 47 167 21 199 130 158 172 134 99 188
    22 183 1 55 179 184 247 228 15 184 126 207 14 170 218 205 80 49 246
    204 81 170 254 160 209 57 128 238 29 167 235 53 248 3 63 92 111 179
    80 103 96 210 79 72 104 26 73 219 123 123 200 91 54 129 127 125 148
    223 61 171 226 143 255 124 229 91 76 181 149 172 22 139 198 57 26
    180 80 59 248 187 57 65 248 29 127 155 57 40 214 26 179 66 188 146
    11 240 56 117 36 87 13 226 79 130 192 192 61 137 143 110 145 43 155
    108 182 51 206 219 132 157 40 199 8 98 34 245 243 148 89 128 194 203
    156 165 147 139 32 172 202 51 5 177 180 73 219 2 248 91 6 25 41 164
    157 84 241 159 255 122 249 28 51 192 164 57 78 222 119 42 159 206
    190 128 127 50 171 219 227 206 80 187 230 26 11 56 195 168 20 160 23
    163 103 228 102 234 2 6 217 141 89 185 152 197 149 5 25 38 104 183
    106 161 94 14 162 154 14 67 140 235 43 80 206 23 73 246 14 254 127
    156 224 32 133 160 233 166 204 111 208 86 138 233 111 196 147 232
    212 112 133 252 235 32 141 125 4 246 242 49 90 246 92 205 245 41 124
    249 140 74 131 53 49 28 87 199 37 125 65 21 80 241 92 141 179 17 64
    110 83 244 122 97 207 1 160 78 191 94 107 75 2 10 21 29 119 218 81
    245 197 34 43 100 98 148 128 236 225 72 168 203 172 250 119 213 134
    194 113 210 47 129 166 180 177 136 25 145 237 209 152 85 25 132 46
    63 17 17 15 130 134 242 163 208 202 23 74 138 230 135 32 99 196 69
    135 59 170 148 159 14 140 85 73 200 106 178 148 234 139 152 28 5 158
    216 202 87 247 135 136 67 97 19 213 130 59 65 45 129 33 45 98 64 152
    89 172 11 186 84 56 166 253 23 15 92 33 129 80 15 220 56 121 211 108
    20 183 80 242 91 178 103 133 133 89 101 71 28 107 172 92 97 223 71
    13 214 54 238 154 149 208 13 8 129 230 27 235 158 68 201 178 75 6 69
    168 26 127 245 37 51 141 80 134 57 118 28 178 204 243 26 201 104 22
    65 147 173 255 208 242 115 103 104 97 141 26 217 246 26 211 231 24
    170 189 118 178 213 229 248 88 82 145 20 79 135 137 117 148 181 21
    175 45 169 119 189 189 100 244 144 5 220 190 198 2 45 86 28 21 163
    253 50 152 253 158 169 17 6 34 246 20 213 87 96 65 246 110 121 217
    178 252 150 82 119 49 80 16 143 171 162 106 141 186 181 226 253 205
    88 10 9 18 60 100 195 198 145 87 166 47 191 254 201 245 169 193 157
    158 47 118 253 130 162 228 251 89 223 141 37 160 0 21 120 16 163 218
    27 219 162 251 184 26 193 182 224 69 44 152 220 172 24 244 13 102
    132 81 121 91 138 4 182 207 154 184 135 167 144 134 2 111 172 231 7
    144 165 127 224 189 139 29 104 9 203 103 211 70 208 191 121 193 25
    68 205 156 155 45 31 55 52 102 13 47 54 244 75 193 158 13 83 131 57
    19 214 100 170 196 43 44 245 198 97 30 243 218 226 120 12 197 203
    218 43 9 87 236 92 144 178 161 84 13 160 234 161 6 225 83 92 170 126
    201 216 254 206 56 153 21 48 255 198 154 248 79 55 98 192 33 53 190
    148 120 158 167 35 131 176 153 6 174 195 19 44 43 116 170 27 41 58
    232 104 202 26 123 10 248 27 156 177 253 217 27 123 27 144 225 253
    182 136 144 59 113 25 127 35 120 117 95 126 88 233 27 37 158 233 135
    101 115 116 133 56 137 211 0 68 223 133 92 247 37 27 53 173 153 63
    140 195 90 252 175 102 75 242 60 25 111 97 29 58 210 5 158 60 78 74
    117 145 6 41 75 30 91 144 84 181 131 36 230 148 236 231 47 101 213
    36 7 190 238 69 16 250 64 190 133 141 254 220 9 4 229 118 151 244 5
    194 42 63 70 206 29 133 167 48 106 138 47 81 37 187 166 125 164 198
    183 151 88 208 51 59 203 196 95 114 107 11 54 208 163 235 196 238 71
    38 214 41 226 214 45 142 204 155 19 66 108 150 23 171 137 255 190
    178 17 45 232 24 95 159 3 255 36 13 78 181 88 22 72 87 133 104 237
    184 89 246 15 238 178 209 30 4 162 111 244 5 167 226 148 47 32 181
    86 4 222 118 114 116 39 145 71 37 229 120 114 19 153 215 186 195 201
    76 47 64 106 50 207 39 0 173 234 4 59 86 172 171 141 190 93 191 222
    109 134 221 95 87 241 118 238 58 105 89 89 151 207 179 13 105 62 27
    199 193 160 83 113 187 155 1 13 118 121 51 10 231 39 162 142 77 72
    129 235 191 1 70 31 110 124 201 165 81 246 98 178 109 47 210 243 62
    11 92 191 107 103 163 210 193 247 69 64 110 196 76 78 101 232 91 228
    107 228 62 203 70 225 144 254 31 31 24 254 149 150 118 232 53 201
    238 77 17 204 154 32 128 42 184 30 102 49 191 0 93 100 118 13 212 73
    12 27 218 228 65 103 134 216 243 31 25 174 93 9 27 155 31 199 99 146
    241 92 240 236 128 188 152 26 219 97 32 100 11 16 203 197 238 10 240
    60 85 40 250 53 143 19 97 89 26 197 227 148 110 237 48 238 228 84 46
    200 27 221 185 103 36 135 135 65 126 149 141 217 243 31 217 45 38 63
    154 217 155 218 65 173 95 201 68 3 185 76 243 248 127 252 222 236
    120 80 5 153 207 55 142 251 140 68 119 171 218 224 142 68 156 21 117
    26 155 143 205 3 10 135 93 61 145 56 6 128 61 21 79 7 62 37 118 172
    73 218 92 174 185 233 62 207 255 203 115 210 10 216 34 5 238 151 114
    83 38 0 200 139 38 96 36 248 236 207 128 195 80 17 37 47 227 206 105
    173 0 115 184 176 140 238 214 48 163 230 119 6 64 90 89 120 240 7
    106 125 90 123 250 207 209 100 64 2 196 233 157 14 11 222 252 12 104
    134 160 166 107 166 111 118 90 165 161 11 8 192 65 75 199 17 20 107
    25 251 155 98 144 110 47 151 105 135 171 84 95 71 131 65 220 168 54
    62 99 18 27 127 248 91 220 25 86 50 118 151 176 25 83 108 82 18 94
    195 114 192 251 93 239 27 195 144 21 172 96 222 230 178 222 79 131
    165 32 236 33 164 248 201 3 68 72 76 114 178 183 85 163 243 53 7 155
    187 143 85 37 82 77 71 169 241 220 17 203 90 209 153 82 131 145 9 48
    189 206 251 154 73 84 225 149 14 214 166 10 163 44 21 190 233 9 136
    139 23 18 208 239 245 239 22 24 20 17 137 29 53 150 61 212 197 117
    45 135 121 255 156 125 77 72 202 56 187 203 158 78 25 76 20 253 213
    240 156 250 241 26 25 13 77 87 187 68 91 192 186 66 210 53 186 148
    82 192 121 193 180 112 136 248 39 221 211 80 111 111 103 60 253 136
    212 158 168 89 29 110 5 177 46 17 224 139 74 141 96 147 202 213 66
    21 139 126 233 136 54 181 225 133 32 15 243 240 35 197 11 163 13 92
    246 64 118 101 135 172 139 87 143 160 201 14 247 142 13 237 135 23
    241 5 209 244 156 239 150 106 0 204 89 141 129 148 194 218 114 173
    216 215 213 134 186 44 45 253 39 57 150 16 235 195 19 140 239 42 116
    12 48 239 202 9 224 134 80 69 49 233 236 19 53 59 181 131 252 63 87
    56 193 33 227 79 203 109 14 114 110 155 114 3 86 212 65 179 120 110
    49 10 240 224 2 161 128 2 12 76 232 64 18 215 220 183 166 120 43 50
    80 95 128 248 28 50 54 127 40 173 92 83 169 59 201 240 103 27 92 241
    126 119 9 124 131 98 163 227 49 100 255 177 159 129 134 180 252 8 30
    172 91 206 184 91 61 247 81 164 65 253 196 102 203 30 249 27 130 252
    64 14 10 102 78 223 131 86 206 228 166 71 76 198 151 137 106 142 204
    195 210 167 147 2 66 105 55 174 125 80 156 21 227 76 239 218 171 145
    230 0 193 217 185 136 191 186 214 197 10 14 50 70 175 107 177 253
    233 192 181 209 58 85 13 162 2 194 28 113 158 100 201 213 244 229 88
    124 70 96 194 2 125 189 161 64 13 186 8 207 225 251 41 22 69 145 46
    215 156 132 120 23 136 230 11 25 133 41 216 38 36 201 132 68 218 205
    127 140 142 242 176 4 198 252 230 101 18 6 13 88 216 50 26 203 150
    239 57 41 35 9 200 14 173 57 240 62 142 153 152 51 227 54 82 158 35
    137 85 150 5 189 131 52 66 103 65 237 109 46 167 27 44 18 97 166 137
    135 118 61 54 130 25 241 91 3 62 223 63 187 233 152 87 7 135 81 121
    56 206 17 156 254 186 222 112 117 108 221 54 51 51 214 59 199 207
    235 98 60 101 143 50 238 23 113 215 55 104 69 203 130 62 119 134 194
    72 240 116 128 173 168 215 219 1 149 203 147 145 143 1 249 74 127
    149 176 176 193 189 170 75 45 221 226 81 224 46 216 61 134 129 26
    221 197 158 18 207 59 207 3 11 207 56 156 215 10 176 177 99 72 120
    143 111 166 92 131 145 121 108 254 132 26 81 197 12 42 160 111 116
    181 207 4 222 190 19 247 110 183 225 86 165 2 107 82 78 22 15 109
    212 27 85 117 203 176 3 34 58 233 63 93 154 137 242 17 194 238 2 230
    130 192 151 225 20 150 105 174 229 118 216 206 203 172 235 141 103
    43 145 165 82 250 108 155 7 30 203 225 184 239 252 32 158 50 210 51
    105 71 168 244 233 218 71 31 88 65 13 135 75 240 198 217 189 171 29
    190 96 113 68 21 250 94 128 235 171 245 227 123 99 101 92 0 228 193
    81 18 1 88 162 236 19 144 98 184 126 214 181 19 22 62 220 162 6 248
    35 51 150 177 185 95 197 115 111 194 118 76 110 100 105 187 118 113
    44 165 87 145 99 149 39 159 60 240 213 62 27 88 120 44 190 177 89 90
    152 3 31 48 39 47 159 89 65 226 182 160 16 96 139 253 253 230 96 141
    85 169 61 229 162 93 232 89 59 205 115 56 251 50 152 253 245 55 44
    174 133 42 147 250 171 14 210 170 7 80 242 30 68 159 200 9 202 235
    43 39 86 26 25 68 190 136 80 79 117 255 209 54 139 225 178 220 202
    146 147 42 202 201 65 97 226 128 154 191 32 63 206 65 65 245 36 151
    232 207 24 197 56 17 8 200 244 42 226 42 150 97 119 215 184 137 230
    18 118 137 124 217 18 4 100 222 167 157 207 160 30 178 212 253 52
    129 131 172 32 14 11 186 133 9 15 172 147 148 104 109 59 210 144 86
    77 110 146 177 204 208 68 161 142 222 212 151 37 52 182 49 44 40 159
    167 78 103 201 203 250 226 142 119 63 29 127 190 195 135 183 71 238
    5 99 208 186 210 70 186 255 175 27 128 153 56 136 194 217 235 22 233
    22 67 37 247 39 12 216 196 76 217 101 242 16 234 152 179 249 3 124
    43 151 13 209 136 23 213 191 250 112 157 59 56 6 99 238 113 46 221
    156 8 120 147 118 108 228 66 139 170 232 130 152 67 29 248 13 59 162
    99 46 30 249 177 121 204 86 168 31 46 211 90 200 142 244 59 154 253
    15 38 183 56 188 126 124 230 58 31 35 173 216 82 58 23 81 169 93 193
    194 48 152 255 117 138 13 130 36 96 184 179 47 255 90 89 224 65 21
    177 236 121 20 176 198 119 191 24 2 175 69 247 205 56 228 180 91 58
    29 213 186 89 132 212 112 132 77 143 22 82 227 120 173 74 0 176 253
    247 176 106 99 99 191 100 239 5 188 183 177 2 39 67 4 50 75 137 88
    235 97 225 130 16 161 91 92 149 57 184 172 33 129 177 218 58 10 123
    150 166 239 26 254 227 2 129 179 246 232 109 123 154 168 253 165 127
    45 179 185 239 184 207 102 89 53 134 23 135 48 121 142 21 241 136 62
    198 55 232 156 45 229 1 181 163 42 238 99 224 90 110 23 84 164 123
    85 138 156 197 14 21 109 28 136 208 121 201 141 115 111 39 114 239
    28 111 20 44 6 11 218 255 244 117 0 2 218 139 200 160 172 181 129
    114 193 179 144 147 193 170 179 92 96 6 165 166 63 97 110 63 184 74
    5 194 25 182 228 128 185 242 166 63 201 128 231 124 179 64 9 15 12
    242 141 247 61 200 174 207 145 55 85 3 2 253 228 3 44 9 131 235 173
    43 69 197 0 221 139 176 167 124 57 30 87 168 191 137 255 100 78 82
    127 85 115 240 239 198 162 96 145 118 70 31 212 82 255 123 149 57
    129 117 221 234 57 140 173 235 107 54 201 239 232 251 198 30 17 219
    206 205 147 132 211 135 125 96 72 234 234 165 157 126 16 25 24 81 35
    61 90 162 243 88 107 127 188 16 212 102 58 230 148 192 114 82 214 86
    162 60 15 187 137 36 30 99 53 124 106 242 58 23 90 239 148 132 217 2
    14 244 74 35 158 95 132 255 178 47 65 230 2 52 147 88 104 247 162
    254 240 106 135 240 170 233 161 139 158 156 196 43 103 165 136 224
    16 153 23 68 90 35 201 205 242 231 180 247 207 115 223 238 34 41 169
    182 236 94 133 132 93 19 32 110 174 188 34 17 14 0 239 131 130 79
    107 56 253 147 222 180 36 140 229 221 132 205 105 124 65 100 69 17
    206 90 31 159 237 181 200 80 128 136 210 189 227 69 217 186 89 120
    115 37 240 221 36 169 222 157 165 31 47 157 44 214 197 151 200 243
    205 92 178 25 183 150 180 85 227 206 74 167 120 8 231 155 61 161 14
    103 194 77 30 12 64 192 238 167 249 157 44 63 177 85 245 115 95 169
    138 51 246 187 189 201 192 144 158 4 84 169 13 227 81 218 42 55 103
    78 54 200 104 17 73 27 214 20 84 29 195 28 119 52 215 63 52 53 223 4
    132 121 255 55 131 59 46 200 94 87 92 118 37 30 165 167 153 63 253
    28 172 30 181 146 222 57 96 14 183 229 8 162 115 133 40 163 231 108
    158 231 101 61 94 131 10 72 226 103 226 128 140 122 126 93 175 43
    196 213 217 14 73 217 197 119 74 108 31 112 105 43 118 82 30 129 248
    190 53 138 252 181 48 235 138 217 81 117 170 73 90 89 234 245 157
    170 74 176 128 75 0 198 220 110 169 24 105 184 162 164 188 13 109
    141 186 163 124 211 31 253 25 122 80 252 156 241 248 51 204 51 57
    215 102 242 221 24 129 158 55 21 27 63 84 104 128 58 200 112 236 114
    190 169 126 28 84 157 202 93 234 99 15 56 179 230 198 197 66 6 102 9
    136 108 111 12 31 255 231 17 149 249 104 71 253 140 166 55 32 185
    137 164 89 187 207 116 93 229 5 216 112 22 23 179 152 99 159 195 164
    97 208 183 203 20 245 104 234 178 209 88 52 228 190 173 82 41 162
    122 120 69 250 195 17 148 23 64 95 85 104 69 192 200 158 87 187 89
    100 126 193 86 155 80 15 137 173 4 11 153 163 219 184 128 209 46 174
    13 59 155 42 95 209 1 123 154 216 187 57 225 59 72 219 47 159 85 108
    116 170 28 225 185 73 163 156 127 238 181 122 42 102 124 119 238 220
    178 17 28 196 220 62 252 36 132 72 121 84 112 102 33 16 39 185 101
    147 56 170 208 128 156 88 177 108 46 212 127 63 85 203 196 26 229 94
    208 197 181 137 38 155 206 54 32 242 245 141 153 141 67 115 251 27
    182 58 50 36 122 50 151 180 1 198 140 69 3 79 112 137 124 215 31 106
    50 51 94 34 153 117 177 53 13 135 99 3 224 130 97 167 98 254 212 119
    93 190 31 57 216 104 242 230 195 133 144 8 48 167 80 236 86 56 236
    24 152 26 86 101 74 212 56 37 12 106 203 190 130 13 1 251 174 25 70
    50 64 118 228 231 20 186 39 179 69 190 77 104 12 246 83 124 71 100
    135 229 228 126 26 65 43 31 203 194 80 162 179 187 170 72 94 251 180
    19 163 143 224 244 10 218 138 188 137 143 170 85 177 200 183 15 21
    187 107 222 140 92 247 202 67 49 151 212 171 184 67 146 219 114 75
    207 180 255 23 64 16 4 35 223 10 119 7 0 69 176 42 183 221 206 215
    226 194 64 111 3 217 200 26 228 235 99 115 237 150 53 45 2 235 173
    169 247 15 2 212 193 163 148 238 136 134 55 223 212 234 4 244 161 55
    162 113 101 158 25 193 184 135 77 180 164 22 12 104 184 14 110 222
    89 52 43 132 223 39 135 208 48 96 190 193 111 226 168 38 83 43 91
    207 30 248 58 146 204 244 182 108 107 201 209 107 105 103 215 249
    144 146 204 162 120 242 97 252 255 93 254 69 153 169 199 56 183 138
    233 166 140 171 220 119 229 105 69 126 207 37 64 34 155 9 132 117
    184 240 58 77 115 145 161 190 18 96 192 107 30 111 244 103 69 252 99
    103 182 18 64 6 26 147 201 84 84 107 56 173 49 242 153 177 201 244
    180 50 18 103 107 151 253 215 167 113 190 208 45 43 240 94 124 68
    147 152 129 204 208 63 167 81 241 28 182 216 251 145 203 202 127 217
    82 140 239 7 65 216 182 189 127 156 118 86 217 84 96 130 185 139 210
    197 145 154 54 63 94 15 108 215 77 128 152 73 212 207 107 213 147 15
    31 212 44 190 94 88 132 14 197 81 228 70 125 46 25 22 182 228 119
    103 228 46 89 22 1 197 15 43 15 3 184 80 249 219 209 194 51 34 209
    108 27 153 221 175 192 246 7 208 100 27 134 152 99 247 43 57 106 161
    167 153 188 11 127 116 105 153 196 70 206 132 208 180 108 212 210 54
    36 214 76 66 73 26 214 21 220 27 201 22 50 252 241 185 63 167 97 110
    67 92 79 248 95 114 78 107 175 145 118 165 116 238 23 27 219 1 38
    255 237 167 94 97 30 53 98 75 209 123 46 109 244 118 59 119 40 18 63
    183 143 78 243 55 151 215 197 213 134 95 132 104 122 36 99 103 81
    184 90 240 229 42 3 177 208 161 36 115 241 167 216 167 187 193 95
    147 64 84 113 65 194 75 171 172 103 249 48 209 94 69 38 236 67 77 79
    243 152 121 118 252 110 153 255 197 235 208 52 219 81 173 176 206 91
    137 109 89 230 227 56 152 154 26 173 46 175 101 143 19 68 230 64 243
    4 13 73 55 78 40 194 104 6 50 250 221 150 77 46 242 196 96 251 156
    232 101 82 243 102 23 243 202 30 110 153 109 46 166 195 139 162 13
    130 254 136 82 192 14 253 210 178 249 223 11 37 251 182 195 13 9 228
    25 141 26 101 194 105 226 5 235 232 134 34 161 197 225 132 124 57 89
    60 68 209 22 163 166 217 18 204 235 46 232 64 158 128 240 76 224 31
    245 248 76 232 162 167 124 146 81 72 212 255 232 45 62 232 85 129 91
    34 242 169 183 199 142 96 196 55 165 15 160 51 227 119 252 209 98 79
    38 113 86 146 240 128 119 26 224 210 127 8 79 47 85 194 29 85 78 189
    27 46 143 118 6 0 164 56 1 98 220 230 85 29 174 139 207 172 238 57
    38 42 177 157 236 142 207 131 173 133 95 207 73 213 209 7 22 114 188
    113 37 45 122 188 87 202 160 254 29 147 181 234 58 198 9 166 69 48
    234 31 95 38 206 41 116 2 56 243 155 3 57 76 79 144 158 253 25 75 91
    143 234 1 179 144 210 128 85 148 23 124 39 140 31 77 8 32 93 244 175
    0 200 123 82 108 27 206 249 87 44 56 38 84 229 253 90 217 82 86 178
    82 165 12 77 179 243 138 178 17 18 112 97 4 25 175 188 239 55 252
    123 168 244 68 100 201 143 225 2 160 249 28 211 42 218 213 228 68 27
    199 208 41 49 246 154 201 90 44 222 3 37 147 122 239 149 62 140 211
    45 27 147 38 190 180 120 122 224 152 198 38 238 218 195 102 69 149
    124 87 189 177 57 144 126 98 86 28 26 45 84 92 167 132 155 141 166
    43 1 115 12 159 24 9 137 118 241 19 2 183 206 20 12 199 173 205 173
    210 228 236 235 103 111 246 59 68 23 214 187 108 201 61 245 28 139 8
    97 78 215 213 97 116 224 231 110 149 2 71 252 58 208 252 182 215 209
    79 77 33 144 159 128 32 220 15 118 231 101 89 103 217 232 59 234 45
    53 2 59 177 131 221 185 205 87 92 6 1 82 63 221 72 159 153 77 110 48
    221 57 110 119 176 146 8 207 66 37 48 116 227 139 75 12 195 168 148
    119 123 59 251 164 35 131 11 217 164 227 194 187 63 53 122 107 151
    187 241 77 35 185 94 97 189 62 126 50 183 105 32 178 135 179 37 251
    146 185 218 6 16 107 199 232 224 244 198 21 153 3 83 239 150 112 103
    163 92 21 146 79 86 20 16 154 201 69 209 218 28 46 6 244 218 138 39
    57 29 35 134 206 125 11 97 228 206 222 67 39 106 237 248 9 225 188
    178 234 230 1 17 199 190 72 151 133 118 21 214 112 254 26 63 76 13
    157 212 131 175 44 45 231 77 8 243 134 217 26 212 196 137 209 238 12
    181 96 241 227 213 84 233 112 151 245 96 186 47 252 105 236 183 26
    247 132 255 5 70 129 24 39 191 35 254 166 217 173 170 199 64 65 60
    112 42 21 245 127 26 59 238 24 86 120 164 81 227 234 76 208 128 129
    223 230 15 166 77 28 93 249 210 103 144 239 1 54 72 34 214 180 66
    110 182 67 114 12 94 243 91 17 52 162 232 60 35 210 113 179 80 48 99
    224 32 133 65 49 70 57 130 223 225 249 57 47 202 68 2 147 128 169 50
    106 18 184 149 2 118 134 113 35 198 144 250 178 164 250 222 118 143
    67 142 27 66 98 37 179 178 0 108 173 165 111 3 212 202 188 21 150
    234 80 41 56 114 223 7 87 188 190 59 21 106 84 193 83 213 108 223
    147 19 166 115 159 93 228 207 201 170 102 241 44 27 30 171 211 78
    154 141 45 54 95 168 224 16 15 220 205 53 131 54 51 118 198 137 126
    242 223 212 145 146 34 46 12 117 36 132 208 32 97 221 155 193 207 72
    100 105 206 211 194 20 9 47 106 61 132 50 175 213 156 23 107 163 208
    225 234 138 147 119 40 243 11 117 181 129 76 60 218 158 49 166 83
    142 125 48 163 224 135 130 231 114 80 4 148 197 0 213 143 244 10 162
    149 87 191 22 32 199 37 101 252 37 106 166 44 148 239 103 5 215 220
    109 232 40 204 216 54 117 108 167 218 235 21 118 135 10 17 244 213
    23 120 241 34 62 0 2 100 180 143 80 239 114 236 254 158 19 159 132
    83 12 227 141 180 133 170 73 189 234 64 163 95 177 66 159 63 250 226
    79 81 46 149 29 91 204 35 4 149 4 130 144 51 129 136 105 85 129 250
    168 231 74 14 12 86 198 59 218 26 214 227 206 74 92 184 228 105 42
    186 105 93 126 78 37 112 109 88 103 138 221 131 206 38 70 0 169 114
    80 192 144 220 86 143 230 218 157 178 124 34 107 63 218 114 62 50
    211 71 0 206 79 87 111 109 110 61 81 33 158 229 30 208 144 5 50 198
    47 94 92 190 54 99 202 157 186 95 40 225 58 205 97 192 11 79 204 225
    189 184 207 170 151 35 7 106 17 79 215 150 235 212 252 123 30 32 82
    62 160 124 62 161 175 187 113 94 83 119 115 0 151 82 170 204 21 151
    48 120 236 178 245 200 9 22 107 250 228 30 203 24 125 31 211 241 99
    123 58 7 226 129 221 21 141 234 129 113 77 176 174 18 29 160 5 178
    36 83 100 178 197 178 143 198 241 134 55 215 199 215 53 79 109 119
    56 157 48 151 6 67 74 25 255 119 232 149 243 128 195 172 115 219 78
    12 108 217 215 123 250 178 6 125 108 112 23 45 159 154 53 151 85 102
    190 227 204 60 143 160 17 27 40 29 238 37 234 98 171 151 168 107 80
    96 61 194 49 174 186 238 119 78 18 151 178 10 216 121 235 100 224
    242 216 71 199 55 99 219 62 24 23 184 191 92 71 251 217 112 44 247
    25 173 114 200 220 174 66 238 13 162 190 2 126 243 91 52 227 151 108
    153 162 194 157 120 140 112 19 35 130 59 179 170 118 29 5 178 103
    174 41 36 178 173 12 232 39 244 137 73 175 91 109 247 194 27 27 84 8
    80 120 121 106 78 45 9 70 175 248 82 102 20 159 100 20 179 169 152
    158 192 96 106 122 210 48 157 84 120 123 104 2 103 117 105 116 71 59
    52 3 127 194 82 34 123 26 207 64 222 69 226 108 93 66 86 66 32 184
    129 201 110 142 121 153 140 169 77 97 189 133 225 195 99 164 101 61
    181 174 218 206 22 125 47 56 243 117 59 112 24 127 56 6 65 163 24 11
    249 200 31 33 60 194 255 77 172 200 253 0 0 111 123 124 61 111 181
    234 114 85 212 69 171 77 254 49 186 38 196 84 110 45 228 18 225 82
    192 10 67 249 64 59 101 159 216 186 84 230 106 93 74 153 27 193 120
    75 40 251 175 231 140 242 7 243 183 118 59 194 24 72 240 255 184 203
    133 165 45 66 122 143 19 150 243 99 114 44 92 252 115 139 196 65 221
    178 159 65 138 35 146 174 90 182 12 4 114 185 114 204 205 165 45 113
    252 131 155 62 124 218 225 158 50 165 138 173 168 236 172 22 219 126
    231 103 37 200 251 10 129 29 25 74 36 172 201 224 213 82 41 74 173
    162 11 117 221 166 218 250 94 60 245 244 45 164 80 70 92 10 65 219
    176 131 95 168 189 128 149 64 154 86 105 192 130 194 33 255 85 143
    29 142 195 88 232 144 186 179 51 205 126 234 208 249 36 200 214 24
    162 251 229 26 175 178 63 242 155 28 189 179 140 191 129 68 66 84
    228 75 147 120 45 50 235 138 44 233 150 199 243 93 155 176 187 65
    191 67 225 31 43 156 190 79 20 217 85 9 212 156 141 169 80 150 103
    100 127 250 71 29 234 27 77 9 218 143 201 217 33 237 43 20 129 54
    187 236 95 144 178 26 43 91 191 141 208 200 51 187 95 193 82 203 106
    207 236 69 127 155 182 207 57 233 83 75 41 124 235 202 84 165 89 141
    4 80 226 4 17 132 214 207 195 46 95 16 193 130 85 166 153 1 71 198 9
    65 87 114 21 231 11 175 136 252 223 21 211 84 159 8 120 80 42 81 104
    9 170 158 212 172 148 83 159 190 172 68 144 168 164 190 94 159 166
    93 62 75 36 25 12 133 150 243 4 57 170 47 83 231 228 132 207 214 11
    58 237 24 88 190 185 119 177 115 177 177 86 141 84 245 217 174 111
    12 30 103 72 218 218 230 37 3 173 130 19 155 241 128 236 93 205 136
    202 234 117 253 87 28 198 124 237 189 228 179 189 226 179 74 67 21
    171 14 113 128 213 39 202 21 11 65 69 169 50 7 178 35 126 158 47 23
    132 56 198 133 98 32 145 192 28 80 8 15 174 58 238 94 68 91 101 229
    218 38 11 218 158 207 142 114 233 0 49 175 178 218 177 43 172 58 54
    104 65 236 129 69 10 180 125 118 32 249 101 127 112 56 26 43 25 217
    243 177 199 56 110 15 241 118 204 167 131 113 65 108 147 183 104 3
    178 56 60 159 225 86 99 233 34 44 67 124 59 229 96 131 170 156 115
    164 97 66 86 223 161 210 97 2 58 90 120 146 79 79 45 170 198 129 234
    197 141 171 24 208 129 105 237 58 207 110 157 213 132 246 21 64 227
    20 210 88 225 190 74 0 22 250 60 50 72 194 202 102 134 241 124 45 28
    33 240 187 106 108 47 166 4 99 28 233 37 129 137 244 137 146 120 60
    232 117 57 178 22 26 147 45 44 82 19 19 211 3 142 60 251 47 115 180
    226 130 139 201 119 199 170 167 191 221 136 185 150 123 177 105 35
    93 142 49 169 71 175 55 9 87 52 128 115 120 234 152 73 160 92 46 102
    127 218 95 254 161 220 148 49 245 184 109 187 31 117 47 205 230 67
    135 238 129 96 29 237 98 193 132 62 72 159 5 53 3 39 41 110 81 66
    217 236 179 14 228 121 85 233 81 224 215 24 141 170 97 2 142 120 143
    133 185 211 122 240 253 222 183 184 64 21 224 51 60 113 216 156 37
    141 80 4 22 86 238 125 22 249 50 154 160 78 217 210 192 129 204 225
    106 230 33 94 2 49 59 235 13 214 9 111 142 249 119 77 74 175 208 209
    36 223 69 4 191 192 87 197 122 35 29 32 110 112 63 48 67 28 43 197
    207 106 227 106 90 206 83 175 78 164 223 161 103 46 125 120 219 96
    39 238 237 147 186 250 233 139 194 216 82 102 46 205 122 216 193 101
    176 99 71 45 169 240 83 203 66 32 216 132 9 114 84 106 47 51 111 24
    58 79 208 124 171 76 190 53 251 211 50 176 179 1 217 16 6 40 12 18
    206 71 196 33 203 182 161 134 219 38 181 144 132 52 141 239 92 107
    162 79 229 224 204 95 187 103 141 118 167 144 142 92 173 146 145 147
    200 168 188 25 210 127 245 206 24 87 168 3 63 193 218 181 173 229 83
    77 39 210 4 69 150 182 10 90 85 230 222 42 172 138 3 62 75 123 170
    180 33 155 238 55 148 181 160 73 108 83 40 76 40 241 207 0 196 207
    19 213 195 142 36 254 50 240 63 233 146 15 35 89 94 195 129 49 223 4
    49 152 15 101 175 81 63 235 52 255 32 177 193 170 230 191 106 33 78
    92 145 69 38 117 249 85 151 80 220 187 9 126 77 250 81 89 39 49 43
    220 187 136 232 132 186 3 123 193 94 64 231 188 104 241 173 113 105
    114 237 148 192 186 152 242 98 114 218 15 47 100 34 26 138 162 6 145
    4 129 107 4 91 236 181 235 180 169 48 230 245 214 101 215 0 72 158
    233 162 205 230 222 105 220 242 99 88 255 182 160 101 6 121 131 133
    97 231 246 9 10 249 118 73 40 64 20 228 132 107 175 142 135 86 22
    156 205 218 235 89 183 28 163 192 241 163 181 74 230 80 155 180 104
    145 102 31 135 20 248 27 135 37 77 251 7 237 222 197 213 236 200 0
    91 147 187 27 189 201 119 11 6 141 25 158 149 182 33 158 227 166 231
    22 56 30 203 13 187 235 156 220 230 181 175 133 80 177 189 149 77 47
    78 217 100 119 128 134 10 226 133 3 180 115 136 188 81 179 201 254
    196 50 251 67 148 67 192 33 21 14 253 238 168 72 58 34 240 32 120
    105 89 9 175 79 192 69 161 184 117 69 203 11 66 232 161 52 116 111
    210 206 188 23 232 117 29 179 17 28 220 62 110 143 83 161 249 239
    193 182 166 143 24 6 100 239 149 151 120 83 244 182 35 115 89 255 34
    6 12 128 171 68 211 16 31 42 15 102 60 119 211 79 93 210 26 192 16
    206 177 10 86 201 219 29 225 4 251 15 121 131 4 251 104 15 75 47 166
    88 230 93 46 21 254 141 176 3 126 239 218 129 90 8 193 192 163 96
    215 233 136 137 208 215 102 131 143 142 8 9 205 8 20 198 182 37 101
    71 50 79 103 63 0 24 51 160 172 183 194 41 133 218 79 93 52 241 217
    77 121 254 18 105 37 36 108 150 74 35 51 213 182 0 185 11 93 189 8
    76 99 124 211 22 225 111 117 123 42 233 91 211 175 175 208 85 26 233
    29 159 196 146 237 168 100 231 145 17 232 175 154 145 237 72 51 157
    16 104 185 16 182 219 220 14 5 184 153 111 36 194 207 253 173 13 70
    85 39 140 185 87 1 137 188 198 105 53 169 176 27 139 210 243 200 137
    249 0 183 15 176 30 106 93 239 111 144 204 81 187 84 71 73 55 13 229
    195 34 8 167 10 73 221 255 176 245 82 221 19 98 174 168 203 88 9 104
    29 172 59 211 179 192 233 43 34 220 137 189 133 17 119 254 179 153
    244 219 182 148 205 96 76 156 159 6 20 159 64 112 9 54 99 236 201
    252 214 10 17 63 217 98 167 253 145 231 82 108 191 20 114 181 26 207
    134 192 98 150 180 126 30 10 6 118 81 80 102 250 28 137 112 7 244 76
    32 160 238 57 72 22 190 61 18 58 240 95 244 169 36 156 5 121 60 215
    68 215 206 2 12 149 199 195 255 136 28 37 53 201 178 248 42 48 211
    218 197 230 96 179 252 247 180 241 165 109 238 65 186 64 181 133 171
    194 209 174 183 109 55 4 253 139 39 139 113 12 8 74 152 243 223 15
    157 108 37 180 94 215 126 100 203 159 16 185 169 129 218 4 23 89 186
    4 41 65 25 121 152 24 220 68 32 49 242 144 225 143 27 172 14 37 165
    78 76 45 31 69 239 157 179 211 161 233 239 99 100 207 161 242 240
    238 10 88 249 249 44 227 243 114 20 86 156 72 89 211 201 73 110 26
    238 111 65 92 37 204 10 30 172 132 239 199 195 152 31 211 111 234 45
    185 199 247 127 3 211 247 92 21 32 29 202 49 121 221 145 61 195 51
    166 94 173 237 238 216 107 161 154 80 39 220 40 38 35 112 126 142
    117 242 235 27 114 124 243 226 51 111 196 49 69 35 78 138 4 174 238
    84 15 73 184 215 194 231 128 134 41 4 151 228 224 50 7 149 97 130
    191 253 128 122 73 151 154 163 206 110 77 150 241 66 56 68 246 10 37
    239 178 244 96 239 52 126 31 104 141 60 246 149 205 46 180 248 71
    199 1 19 172 95 199 49 144 174 139 73 161 249 171 137 57 138 49 144
    163 33 235 139 63 11 34 32 11 59 221 191 34 127 87 91 50 240 0 91
    252 24 206 207 248 222 249 111 1 186 135 233 218 112 16 199 116 5
    100 250 234 73 153 238 232 69 247 108 179 6 41 189 185 2 233 184 254
    58 29 240 112 11 198 246 156 135 144 115 98 149 199 214 122 92 191
    181 176 81 137 220 222 162 130 2 236 216 147 152 30 234 44 39 186
    192 161 39 71 171 156 221 157 168 66 83 89 242 88 117 112 19 214 39
    112 75 60 18 77 130 184 62 251 202 58 136 180 68 98 103 215 250 206
    214 34 189 64 214 94 60 87 179 183 121 166 120 123 112 132 1 93 27
    240 145 199 181 81 99 212 203 250 139 233 177 26 94 111 172 236 7
    170 210 127 40 255 53 251 146 42 148 184 92 162 200 95 181 40 65 28
    202 170 182 6 75 232 74 186 238 178 185 23 214 184 171 10 148 191
    219 182 58 183 112 175 173 190 218 105 223 251 251 232 54 50 198 246
    65 164 96 214 109 168 151 18 26 111 196 58 178 234 16 220 168 217 54
    142 57 89 15 234 153 224 9 203 189 195 221 32 242 147 194 19 94 86
    61 253 133 29 23 1 238 181 158 12 2 207 46 53 67 188 156 27 64 199
    252 32 34 53 116 46 82 69 113 228 62 127 117 102 212 61 148 174 26
    152 58 32 239 212 204 50 147 124 106 64 21 185 197 243 160 117 238
    30 132 95 145 75 194 113 24 171 30 2 248 90 149 186 205 177 25 177
    18 28 37 233 201 204 120 121 96 104 118 117 220 77 104 134 74 233 58
    81 252 13 17 144 196 46 220 24 35 209 159 12 122 41 215 195 148 191
    181 76 173 165 132 139 193 111 54 103 168 12 34 21 39 193 167 63 87
    216 86 193 108 94 49 230 247 116 129 173 83 233 75 199 137 149 223
    159 43 181 137 251 106 227 13 237 217 143 126 60 234 175 217 210 11
    243 199 160 253 214 248 222 189 191 8 141 39 218 56 4 253 255 241 38
    216 245 205 54 12 55 10 176 132 226 200 52 26 97 163 8 80 134 132
    205 189 152 46 221 158 83 177 30 45 70 161 64 71 135 70 223 114 250
    54 80 61 122 145 79 145 124 192 216 170 146 136 84 138 156 19 184
    201 183 60 78 138 124 105 46 165 108 28 61 2 188 188 34 247 200 212
    199 170 206 127 246 255 109 135 91 252 193 157 251 36 228 243 11 127
    246 155 193 158 248 66 157 63 215 99 5 162 150 36 107 129 150 198 92
    107 189 154 213 190 33 152 206 163 150 226 19 108 115 142 41 155 180
    15 209 0 73 230 255 180 212 244 206 108 94 68 116 152 224 115 160 55
    147 136 10 81 1 101 88 119 74 154 88 250 169 211 17 39 186 113 231
    44 209 80 174 148 170 79 10 191 89 137 57 78 25 19 133 12 117 133
    151 42 170 121 118 126 177 211 208 139 219 205 54 67 29 167 57 42 12
    122 49 107 226 182 7 36 181 3 151 189 19 137 208 50 216 240 173 124
    53 138 93 217 109 69 12 126 66 77 239 43 159 163 178 175 241 148 252
    104 219 147 38 145 158 38 99 135 14 236 113 191 188 53 120 179 31
    145 99 146 72 140 172 165 137 6 170 6 207 105 138 247 214 139 186
    202 176 153 18 185 174 250 15 131 220 236 218 64 20 67 98 27 53 127
    151 50 212 111 181 80 94 164 144 103 225 133 156 204 174 1 176 212
    43 166 194 31 232 73 177 222 58 9 102 81 165 173 198 240 252 151 115
    31 27 122 202 94 232 250 69 84 218 35 199 53 104 93 3 113 155 25 255
    167 23 47 154 25 122 117 205 33 60 121 78 248 201 88 126 34 172 179
    133 183 43 121 123 216 163 83 58 96 227 132 169 159 121 78 48 196
    242 156 214 122 67 23 225 152 255 35 101 29 9 238 223 186 124 9 133
    78 216 134 152 174 190 30 103 137 34 171 251 136 165 192 158 63 41
    14 36 166 232 243 170 224 237 79 52 74 136 3 36 62 83 200 50 65 145
    50 35 32 115 99 214 6 147 105 76 45 187 25 15 247 135 255 209 7 161
    253 209 29 138 138 125 201 78 151 91 80 26 149 172 30 57 129 185 31
    2 224 253 28 48 22 205 126 147 140 132 85 195 105 173 20 129 31 151
    32 44 59 226 131 9 204 38 243 94 68 134 238 242 207 154 12 2 215 81
    224 128 68 15 79 54 0 29 179 208 65 43 224 194 115 4 220 180 244 15
    151 99 245 231 127 75 187 206 144 55 179 254 213 124 101 54 202 237
    164 102 216 48 220 51 24 161 46 214 129 185 80 125 111 86 85 139 100
    136 152 184 139 43 109 42 131 237 80 242 148 51 100 71 136 165 66
    134 143 206 80 198 73 45 108 222 144 98 3 35 43 104 95 70 139 165
    139 17 12 18 236 89 254 248 42 240 73 233 172 173 141 112 212 176 63
    111 240 2 48 75 100 44 244 37 168 136 57 254 86 63 62 180 65 106 157
    249 242 55 5 109 178 18 115 109 157 157 63 58 232 114 53 44 241 65
    26 165 252 127 180 119 15 197 169 185 77 255 155 98 132 47 208 77 5
    113 157 125 144 75 139 190 116 67 233 225 186 157 132 186 106 0 5
    110 188 169 79 186 138 107 180 101 129 223 67 154 247 148 116 161
    141 73 138 234 248 80 28 242 181 27 227 120 37 117 232 160 242 211
    182 79 101 230 177 5 26 233 51 221 49 233 23 74 21 30 173 213 70 206
    105 82 37 190 85 133 50 164 231 80 215 211 37 23 197 218 195 64 46
    27 46 10 252 158 111 185 117 217 186 178 203 201 1 205 184 166 97
    177 109 41 94 191 108 74 136 89 143 70 65 222 220 65 217 40 255 234
    158 201 8 96 115 89 19 184 32 66 198 116 225 71 177 51 209 203 84
    173 108 83 177 98 151 22 217 61 137 127 20 149 150 148 207 22 33 149
    12 156 36 84 103 183 87 9 194 75 75 133 115 69 10 241 250 33 209 99
    211 163 146 60 62 79 205 44 166 32 169 240 27 117 135 210 104 114
    152 126 75 10 242 153 65 111 167 72 162 19 216 132 107 155 90 203
    196 170 203 99 48 152 108 84 9 133 174 159 43 200 88 129 72 13 78
    232 157 101 85 196 20 209 137 172 49 62 140 155 32 156 230 188 48
    217 24 146 244 56 244 250 145 212 72 49 7 27 22 210 48 133 212 95
    198 50 88 0 35 41 188 202 100 171 52 183 126 216 138 88 204 145 207
    47 31 4 142 250 7 18 34 239 37 7 254 174 207 205 174 148 57 130 13
    64 37 73 24 142 180 28 116 7 215 112 185 43 170 225 4 128 129 7 178
    70 97 155 190 232 56 141 245 70 169 115 174 157 74 82 241 18 223 223
    93 153 37 116 125 125 193 194 164 108 122 217 239 84 3 48 217 48 175
    107 39 241 177 96 158 225 58 32 253 60 51 251 104 62 26 218 239 125
    88 186 161 197 120 217 40 217 119 130 223 203 99 117 13 156 34 224
    251 221 187 148 53 195 76 24 228 241 194 148 78 0 213 177 231 220
    227 132 137 86 159 32 215 1 69 105 16 167 243 167 29 161 36 204 233
    33 189 132 44 118 205 41 120 184 69 76 231 0 33 191 100 203 114 133
    216 233 22 66 90 234 227 190 66 133 196 180 139 201 143 131 210 195
    14 175 187 186 143 172 93 66 154 24 169 133 233 177 95 27 66 246 125
    21 18 160 240 49 148 143 146 234 98 80 25 189 188 25 169 200 154 13
    50 104 49 150 178 184 184 26 40 26 23 240 72 14 198 153 184 58 204
    197 65 100 21 253 52 224 104 140 84 65 4 141 156 102 66 35 252 95
    105 247 58 66 113 75 230 91 58 43 52 239 147 248 36 177 255 82 181
    179 102 136 182 68 137 237 62 85 254 25 170 25 128 79 222 144 248
    190 208 74 117 153 132 113 227 252 221 26 20 58 105 119 202 180 139
    32 63 175 224 237 146 155 156 118 203 25 226 209 17 152 200 22 126
    132 90 38 107 222 223 65 165 64 72 175 125 132 78 202 25 233 9 161
    234 237 220 120 178 66 98 1 144 100 163 92 244 37 13 15 0 17 18 189
    211 32 224 156 77 50 184 0 168 181 184 211 230 174 129 40 84 35 157
    99 77 134 192 225 112 234 0 75 50 224 44 85 79 141 125 147 69 162
    150 241 139 43 164 6 42 51 187 8 204 236 223 9 251 166 253 233 32
    246 211 132 245 166 61 157 142 126 18 235 74 132 22 163 252 231 51
    54 163 181 231 5 217 213 247 165 190 51 130 49 201 174 203 181 44
    243 5 202 127 216 99 89 40 91 200 45 115 227 154 202 209 201 180 93
    1 75 123 130 110 211 92 149 57 141 253 209 173 119 98 203 52 51 85
    221 226 219 38 87 7 84 204 81 145 54 182 0 255 102 57 179 240 84 132
    148 157 29 224 14 113 215 220 49 3 233 44 229 118 140 244 193 13 95
    37 229 204 171 127 31 230 138 213 95 5 218 51 112 97 12 128 75 42 2
    119 232 90 17 9 156 213 84 163 240 186 26 234 95 189 200 154 244 254
    119 50 69 28 109 20 189 135 29 252 133 38 247 215 126 248 194 74 157
    85 37 90 196 114 179 103 168 196 10 232 5 43 96 196 32 128 163 43
    145 42 61 53 232 238 217 215 242 124 159 116 8 9 107 60 185 211 187
    42 177 118 84 219 198 159 50 18 91 241 45 64 214 42 44 229 78 212 48
    33 19 253 111 219 69 193 26 177 80 14 143 128 117 68 141 9 97 86 115
    174 145 26 11 174 55 10 143 194 243 132 216 94 220 232 86 76 94 105
    143 97 45 144 130 141 222 30 137 118 56 148 38 218 177 161 141 157
    100 39 42 3 91 109 69 151 80 21 119 214 171 123 69 191 154 108 151
    62 235 119 74 164 222 192 207 158 186 52 166 177 172 146 168 250 109
    62 231 95 206 245 16 20 137 7 106 194 105 172 58 63 181 49 85 11 255
    110 104 52 119 73 191 210 38 9 253 195 66 139 35 95 137 158 137 105
    208 41 168 111 103 133 68 149 28 153 227 92 240 37 189 3 166 199 50
    123 59 40 171 104 223 21 59 205 76 209 36 173 24 159 24 233 189 8 75
    175 190 255 219 253 43 143 60 168 200 51 124 215 127 176 60 148 14
    175 214 138 208 191 70 166 65 72 195 21 25 171 206 191 115 235 126
    210 78 95 79 97 207 245 69 79 152 163 24 139 243 146 129 197 217 5
    147 235 33 147 238 118 70 68 199 249 253 77 190 225 177 197 17 165
    162 108 156 75 20 251 14 190 196 204 236 170 26 94 249 60 201 115 71
    207 248 236 40 44 161 180 69 231 2 230 4 148 176 140 230 23 43 244
    66 198 244 109 204 120 63 155 207 245 5 97 202 148 199 180 5 186 33
    234 99 78 202 126 244 253 158 69 79 168 106 142 42 99 53 6 9 180 223
    132 245 196 152 191 111 13 71 225 219 226 20 215 53 42 229 80 48 162
    226 83 117 238 212 163 234 225 171 22 238 40 137 66 57 195 189 92 95
    4 117 133 105 180 146 236 195 14 193 152 4 175 165 15 17 59 68 53 10
    67 221 135 2 198 174 66 9 127 164 95 251 67 110 149 90 194 28 186 81
    55 86 249 133 109 43 222 118 248 144 54 89 107 58 126 246 143 156 93
    208 154 187 107 85 85 41 182 36 159 0 218 183 72 18 124 207 48 69
    235 7 100 213 245 154 229 226 105 138 29 241 128 159 139 123 163 12
    115 252 10 97 76 214 156 158 198 110 206 147 75 27 112 71 58 166 184
    19 239 54 11 139 112 85 159 228 36 241 168 153 213 77 105 107 243 30
    163 255 92 202 76 127 158 205 202 143 91 11 196 48 73 180 225 54 247
    67 202 178 19 106 48 107 135 180 246 24 107 179 157 254 111 144 21
    214 117 98 235 189 159 253 169 212 254 114 4 54 186 13 96 255 168 38
    55 228 75 195 22 121 62 145 44 29 16 175 150 163 149 108 208 90 200
    87 111 213 109 43 148 23 69 143 96 79 90 168 5 162 199 147 114 111
    240 83 182 108 217 174 183 85 184 75 157 10 240 71 212 115 139 161
    119 220 43 100 172 185 232 5 216 15 92 237 221 16 156 11 119 20 45
    243 226 225 55 75 211 26 247 254 235 103 228 207 157 115 47 165 113
    249 203 34 0 80 108 184 78 87 233 232 140 42 233 20 148 133 223 246
    120 130 22 105 155 42 67 26 165 110 38 10 105 179 92 110 172 91 175
    17 8 58 166 27 30 158 13 118 254 167 223 244 30 54 176 232 176 3 167
    138 176 134 231 74 49 115 229 161 89 73 52 40 43 166 77 172 40 186
    220 117 78 160 138 45 78 112 229 216 19 31 192 146 233 136 134 231
    66 232 216 9 228 64 12 61 25 70 59 1 121 100 198 171 178 113 147 97
    144 0 27 230 205 180 84 112 56 121 208 26 165 67 187 44 142 12 21
    194 119 228 255 138 19 100 214 160 209 145 138 192 24 9 52 18 202
    140 42 13 141 136 120 95 118 87 251 150 125 116 66 75 224 194 208
    248 17 64 159 177 21 236 117 179 203 152 80 186 21 37 56 98 193 199
    95 185 71 38 187 199 146 163 88 20 29 155 84 133 71 46 40 69 113 61
    59 242 28 220 60 99 25 230 237 85 148 47 169 147 122 213 193 154 158
    250 86 73 141 252 68 211 18 208 45 244 18 59 142 178 3 28 157 224
    108 64 219 1 235 24 222 48 68 182 241 151 91 172 12 83 100 180 226
    74 32 143 194 45 196 32 113 136 228 226 178 48 70 105 38 79 102 137
    169 217 10 159 156 253 108 54 39 32 243 105 22 102 78 15 212 65 178
    192 100 75 111 24 24 4 249 38 209 78 233 43 125 201 209 243 163 25
    117 127 131 163 9 103 21 12 114 97 117 113 54 158 10 74 74 222 232
    172 106 235 17 123 175 151 127 3 235 110 13 206 224 174 164 53 57
    125 255 152 235 192 115 4 142 205 82 166 165 46 253 174 76 7 210 178
    41 70 107 74 138 86 209 13 141 24 197 194 52 180 74 132 171 79 70
    132 209 93 236 30 210 90 55 172 56 101 243 9 107 224 110 83 252 101
    25 15 208 129 90 243 3 218 144 2 75 156 176 152 197 17 73 100 163
    198 69 248 92 105 231 217 62 195 45 255 189 188 218 153 130 250 126
    27 70 14 6 89 77 114 165 63 196 38 241 134 185 88 93 47 85 9 87 131
    145 100 219 155 239 214 129 165 12 243 36 177 171 229 225 69 194 193
    128 239 178 187 119 8 0 52 81 43 147 30 126 236 219 110 238 26 180
    193 104 151 133 211 105 146 51 171 124 29 151 46 155 116 214 73 213
    108 203 216 159 168 13 139 147 210 25 16 65 188 117 94 30 126 2 148
    15 249 217 51 163 151 12 180 88 245 134 82 23 101 103 185 183 4 210
    178 64 6 218 88 239 185 22 0 108 230 196 106 248 205 118 165 171 34
    220 191 118 139 138 112 152 215 110 85 173 72 62 239 241 69 245 59
    180 129 239 199 88 33 244 243 96 220 247 38 131 163 24 136 174 207
    56 35 234 247 83 136 240 238 228 160 242 62 155 162 130 169 251 236
    43 141 14 217 129 158 140 102 90 235 4 47 89 157 204 59 224 248 86
    149 171 95 193 240 244 24 115 243 240 70 168 114 15 93 37 111 20 216
    82 168 32 228 127 149 21 56 81 19 33 57 0 224 20 117 244 239 214 252
    246 241 197 221 198 104 6 7 166 85 141 48 72 125 78 120 89 173 80
    209 179 3 193 181 193 89 255 217 240 32 110 2 129 114 127 29 254 165
    92 152 159 122 236 205 194 193 136 71 59 171 179 20 87 179 31 219
    128 212 19 80 79 196 240 235 206 65 106 120 192 229 22 114 252 249
    194 78 48 166 240 141 128 112 219 77 33 43 56 32 102 78 126 219 13
    230 152 165 116 184 251 162 22 48 75 27 141 152 254 231 39 21 27 194
    182 253 205 235 92 151 45 91 76 110 158 117 24 113 246 249 71 77 83
    152 175 27 1 233 33 44 135 115 134 64 106 127 242 228 27 50 103 2
    189 1 17 91 64 185 45 170 153 2 124 67 135 179 134 24 107 16 90 68
    188 149 251 73 219 185 71 106 37 254 79 16 67 9 147 92 209 205 161
    185 34 58 30 75 89 33 10 146 75 154 9 85 58 1 30 55 0 214 97 145 229
    18 7 99 148 18 235 165 35 85 209 181 103 171 155 138 91 86 6 68 137
    176 114 10 227 219 109 46 39 17 82 91 137 172 117 123 126 213 150
    218 201 161 46 240 91 75 210 198 174 199 168 179 120 10 111 190 43
    206 34 227 210 103 86 114 94 57 118 186 191 155 207 157 68 165 40
    132 174 242 67 6 8 222 122 78 142 36 181 254 60 205 66 219 223 196
    188 254 204 238 1 67 178 41 166 184 176 237 101 108 152 9 69 88 56
    189 237 42 159 200 214 195 161 67 187 70 67 119 255 136 149 126 45
    171 57 248 62 75 70 50 121 62 207 170 94 199 200 153 70 51 182 108
    199 167 76 184 87 239 68 83 25 227 96 202 4 240 129 203 75 228 32
    232 39 48 95 101 149 77 9 72 29 247 85 59 115 183 233 189 254 155
    233 147 160 193 30 74 21 95 227 255 163 251 177 242 109 125 132 28
    186 144 217 186 105 254 228 88 34 147 92 16 137 190 21 236 255 39 29
    77 58 178 75 14 6 187 238 43 13 127 253 237 110 35 214 90 213 108
    235 138 124 143 201 240 244 5 151 80 74 121 190 77 1 157 180 137 125
    74 104 32 180 80 45 139 101 209 179 81 31 153 209 161 236 101 66 102
    189 92 1 254 5 91 151 192 163 179 167 66 77 93 228 76 23 99 150 31
    59 8 107 89 135 165 131 47 46 128 22 159 238 23 216 51 142 41 137
    165 247 182 165 126 179 4 58 64 137 12 67 64 34 177 118 124 213 238
    209 136 71 128 172 30 189 183 126 198 248 248 66 47 169 137 105 4
    143 80 199 194 159 199 104 15 168 153 76 4 178 74 179 105 82 6 221
    76 148 209 193 222 8 146 147 229 55 183 55 145 192 58 48 117 226 121
    172 60 243 229 32 114 124 16 217 103 219 185 10 157 30 242 227 145
    157 85 52 23 57 1 67 220 5 137 158 31 21 188 0 241 206 224 151 114
    171 212 68 2 44 241 34 34 143 173 168 212 6 98 0 233 38 54 158 253
    174 223 106 28 79 23 111 2 19 8 90 110 154 226 172 135 175 242 74
    135 100 59 105 9 203 24 226 16 1 191 128 227 58 15 131 182 255 19
    229 155 147 140 107 82 205 219 233 102 139 117 130 116 186 96 142
    249 80 240 184 61 106 11 216 131 86 225 202 109 151 255 20 3 153 26
    74 214 240 79 210 205 71 200 253 90 153 251 108 139 167 96 113 18 5
    117 27 169 221 231 112 239 44 254 114 207 193 155 205 167 83 124 237
    38 166 175 128 255 109 194 141 238 238 172 80 140 211 48 237 179 232
    102 35 181 87 17 192 133 225 119 69 188 153 224 36 50 11 219 132 108
    124 243 58 94 184 9 54 239 6 250 134 61 126 170 103 217 39 97 167
    213 78 34 135 150 3 142 236 243 215 227 221 110 142 154 57 106 196
    91 121 113 167 124 120 57 48 29 12 186 132 167 77 218 99 100 182 92
    183 124 0 152 39 74 48 115 68 22 143 199 240 119 162 235 92 134 78
    206 237 143 42 130 143 109 180 86 217 10 213 37 143 153 255 20 41 13
    63 33 99 46 1 184 254 104 150 23 86 8 107 175 54 34 113 178 99 87 11
    30 227 122 163 165 240 2 232 243 187 79 226 25 156 149 54 59 11 210
    122 118 180 255 38 178 146 234 152 202 239 131 95 227 150 225 7 150
    36 166 242 152 237 49 19 36 24 138 178 74 252 51 68 85 117 240 55
    232 179 210 166 139 138 36 60 27 151 251 220 135 162 58 127 16 0 168
    66 186 126 230 145 117 34 108 118 129 2 211 209 216 15 203 212 247
    132 175 200 75 30 105 134 147 233 226 197 245 21 181 224 62 108 192
    77 49 69 137 0 54 80 147 229 32 33 149 253 5 57 34 153 23 107 133 13
    206 37 200 86 219 188 62 181 1 115 136 77 141 136 206 192 126 62 194
    228 159 252 186 57 14 44 245 161 160 146 10 195 235 54 139 103 72
    143 164 202 85 241 246 244 4 228 101 145 125 85 176 255 25 99 180
    220 27 172 119 244 213 143 229 44 20 116 18 50 252 197 17 52 53 118
    212 241 98 57 140 61 47 215 74 155 191 169 99 186 106 114 33 55 56
    41 98 163 150 81 4 242 39 190 17 34 65 158 131 175 76 241 95 204 145
    199 246 193 25 107 175 93 20 242 130 206 242 82 128 2 22 208 230 90
    195 145 83 87 43 54 197 217 60 83 234 22 154 108 72 242 46 121 242
    120 143 172 153 203 113 226 53 214 42 212 234 43 36 197 71 61 185
    252 124 180 147 29 145 7 39 198 77 200 208 70 154 121 183 36 214 24
    195 196 132 143 126 178 89 95 187 218 181 241 46 93 44 29 245 114
    122 180 11 112 210 37 192 240 68 197 118 225 184 193 30 18 191 155 8
    97 181 58 36 140 155 167 193 164 15 73 108 66 90 13 241 154 163 172
    35 255 144 169 132 189 90 11 155 230 191 176 95 170 212 16 183 15
    248 134 11 146 31 106 234 175 76 118 114 57 133 168 130 233 48 32
    182 46 159 54 208 143 73 159 174 201 164 196 215 222 182 52 104 45
    235 164 86 51 117 131 6 237 132 7 171 170 206 86 235 109 114 255 244
    223 252 67 0 54 62 231 125 234 61 163 247 5 26 255 51 39 104 101 222
    160 39 66 131 36 186 241 77 219 199 145 180 133 248 117 16 138 19
    140 243 139 125 243 61 13 169 112 14 5 218 12 144 70 42 12 38 213
    214 188 243 252 247 196 231 186 109 247 76 164 106 159 194 95 87 118
    169 139 198 132 167 193 28 129 12 93 221 26 25 26 201 170 252 200 38
    47 176 104 222 18 94 102 53 48 31 123 26 220 43 119 6 90 159 111 91
    213 19 103 42 137 235 199 22 86 137 186 11 140 239 166 202 244 27
    252 23 19 89 56 116 37 255 148 191 144 163 75 45 149 218 108 127 105
    166 95 97 240 27 127 242 203 172 65 95 23 111 127 55 79 113 248 109
    137 43 200 255 205 150 2 64 102 106 231 44 122 245 91 124 41 38 92
    95 208 139 245 1 180 20 82 77 169 198 104 61 197 198 124 209 176 167
    197 109 47 92 6 73 101 111 233 241 16 167 221 65 147 192 201 209 157
    103 102 67 128 39 36 159 167 239 139 44 65 95 144 55 96 115 171 148
    13 64 210 182 252 110 89 94 93 188 182 102 169 82 92 124 201 10 196
    2 195 97 227 195 97 212 91 143 60 150 139 22 38 135 85 128 25 200
    209 62 153 29 45 135 192 26 199 119 146 120 116 197 244 181 65 81 99
    48 116 124 190 243 104 234 9 95 205 66 254 231 76 6 96 200 1 101 219
    3 75 248 46 148 67 50 13 186 9 17 35 53 69 255 150 64 99 200 31 200
    78 98 187 146 106 88 152 181 65 78 132 2 240 189 133 45 184 6 46 192
    182 64 210 97 75 21 99 24 53 189 107 137 132 233 17 8 33 145 191 26
    10 200 141 215 121 226 75 68 204 92 89 200 118 240 206 26 2 52 101
    82 83 234 141 49 104 177 124 51 41 230 31 212 17 100 69 45 140 232
    74 128 0 168 53 1 89 229 120 160 230 167 125 175 255 90 13 48 110 89
    164 33 84 222 171 159 96 182 252 234 50 72 220 100 187 39 179 56 122
    61 48 208 71 45 170 81 190 129 131 182 194 159 66 73 61 218 28 146
    227 203 147 241 233 224 43 58 115 226 74 57 174 58 53 141 195 79 38
    82 49 14 67 24 101 245 211 38 149 156 143 207 186 175 123 171 152 79
    214 191 244 43 217 219 152 48 142 125 4 128 241 238 204 97 173 148
    219 211 128 116 124 190 7 58 219 10 117 180 113 252 239 91 140 160
    204 172 166 169 175 93 57 215 226 206 12 210 247 87 212 210 123 95
    201 19 216 52 129 25 38 147 211 74 87 237 64 221 246 103 74 185 27
    224 51 191 195 39 4 138 117 143 240 105 130 12 129 86 61 9 154 179
    185 98 124 71 145 23 186 22 146 49 99 100 31 77 3 1 123 243 237 180
    184 134 180 42 157 187 225 145 151 128 107 107 163 55 141 63 244 242
    79 25 197 99 192 79 134 204 31 2 22 239 165 211 163 45 106 152 178
    248 37 244 66 38 67 112 77 65 106 161 7 45 55 124 33 94 209 169 139
    165 39 52 215 23 115 104 180 101 51 239 219 240 235 4 69 30 54 197
    254 166 146 241 219 1 14 14 225 165 106 126 121 138 80 6 147 209 15
    43 39 159 246 205 25 73 137 135 135 111 130 95 79 30 225 233 45 190
    146 139 0 211 37 123 88 245 107 228 203 191 43 196 139 35 87 77 228
    24 150 221 180 181 152 254 206 250 103 238 38 112 162 197 70 214 64
    218 208 188 69 228 24 170 146 173 83 1 198 120 68 53 253 173 100 25
    87 40 34 10 141 10 248 232 233 137 75 64 126 119 137 67 253 125 239
    130 153 167 212 21 159 36 190 12 90 85 227 39 183 126 100 182 53 211
    164 154 30 67 7 203 43 48 149 231 8 209 234 4 73 32 140 17 11 48 177
    142 250 56 57 164 29 227 41 75 242 46 218 189 219 155 30 17 45 39
    119 188 230 210 122 189 43 71 183 83 133 79 1 9 162 209 182 150 43
    86 207 37 15 107 39 23 183 51 76 43 133 181 118 65 204 16 141 36 91
    193 176 252 174 115 132 26 94 155 196 62 152 76 156 225 29 199 255
    151 20 69 232 204 108 218 26 199 146 11 204 80 240 57 115 26 15 192
    81 168 77 122 206 21 77 109 136 7 189 120 177 160 193 213 112 190 88
    179 100 65 245 127 158 154 100 125 97 106 176 102 216 44 127 219 162
    156 11 110 252 80 190 26 4 29 123 29 203 171 242 224 189 199 117 173
    141 173 125 108 25 91 238 204 1 215 229 58 59 111 24 215 240 102 154
    154 91 195 123 101 22 174 178 164 212 84 32 18 158 44 243 21 82 167
    54 2 195 65 78 235 3 121 159 141 29 246 241 199 102 98 25 148 78 50
    9 99 234 99 159 237 115 211 124 146 112 250 95 86 156 74 54 45 190
    155 31 147 141 89 16 136 20 19 163 211 50 2 157 234 113 205 131 169
    242 234 233 129 126 107 238 110 90 179 222 138 61 63 199 74 169 47
    234 39 212 192 174 218 134 68 70 26 165 239 71 180 73 191 145 199
    116 7 116 162 234 193 124 46 196 177 251 21 51 28 228 253 165 24 175
    143 31 158 45 50 196 93 228 22 122 19 19 89 168 214 127 236 149 227
    185 150 185 233 70 5 194 18 216 239 125 194 141 128 4 165 23 181 48
    39 98 48 157 214 104 173 248 41 165 104 123 11 223 229 161 164 199
    112 0 21 145 144 63 38 39 89 112 51 3 157 141 82 8 222 222 186 52
    101 151 48 68 60 15 111 193 88 193 30 163 92 17 52 212 146 112 145
    112 110 215 235 149 177 184 192 16 167 65 228 171 90 254 165 252 201
    108 174 126 217 87 88 217 204 176 171 248 229 49 11 17 173 103 58 15
    114 4 122 90 39 156 78 79 220 201 202 12 229 192 7 6 90 182 168 152
    159 238 26 75 113 12 127 174 67 223 105 195 113 234 44 22 91 206 184
    35 78 65 235 226 64 151 71 156 114 191 21 223 14 157 124 68 171 218
    96 236 253 88 215 106 0 172 78 87 138 202 49 145 39 28 229 201 40 94
    59 191 83 22 91 29 13 213 14 255 232 219 162 213 199 212 212 40 138
    239 188 218 177 3 146 102 22 201 205 173 13 54 174 142 49 135 114
    127 89 83 44 140 239 45 116 212 55 222 11 152 110 26 244 76 80 183
    68 12 147 160 226 244 251 185 5 45 223 130 98 211 181 11 255 194 223
    57 4 70 66 219 131 97 197 132 20 246 70 64 48 111 155 99 152 144 54
    27 112 171 11 96 104 155 180 14 44 96 226 198 103 96 31 169 215 36
    183 255 240 218 79 205 16 26 210 63 206 102 81 111 177 4 133 238 154
    13 132 205 146 1 157 136 227 85 246 167 225 16 45 98 152 229 136 5
    93 183 190 71 226 29 157 203 38 22 226 70 223 46 50 60 59 164 179
    151 89 192 107 50 121 133 154 196 22 224 82 177 63 162 245 45 139
    228 203 106 214 4 31 24 65 233 78 216 48 69 172 109 241 68 14 64 68
    239 224 222 188 83 42 177 182 16 110 221 47 232 89 79 199 178 151 96
    135 175 251 131 42 240 153 212 174 31 54 32 151 75 89 90 95 193 29
    17 222 42 239 34 242 150 38 136 90 211 79 245 233 39 7 43 102 188
    239 234 14 100 12 58 242 188 113 34 228 87 91 124 67 81 17 209 89 93
    46 61 88 155 140 77 243 41 141 29 150 6 189 196 171 85 128 212 176
    78 1 106 169 19 220 80 42 163 149 57 33 214 176 67 117 88 173 233
    182 197 105 136 221 228 250 21 249 165 249 208 175 69 135 218 231
    252 241 81 93 93 3 161 227 83 150 248 110 48 80 1 187 156 253 123
    119 114 207 166 220 224 227 168 17 33 194 208 234 112 84 121 182 167
    252 168 55 199 43 90 44 167 39 102 94 72 119 110 230 226 214 179 46
    183 220 49 16 165 44 160 176 204 221 212 187 247 116 145 136 145 207
    215 92 155 232 208 38 42 21 74 14 104 15 14 64 83 32 245 136 104 215
    157 191 175 2 223 205 124 34 161 51 249 80 200 184 195 86 123 6 216
    155 139 232 89 181 41 179 197 83 42 219 244 56 68 17 228 218 67 71
    141 22 39 213 211 201 13 219 43 32 54 197 86 123 142 9 36 87 170 226
    166 184 122 21 131 140 218 104 130 90 241 45 140 125 25 189 81 59
    141 240 55 40 195 203 110 56 250 132 29 65 66 46 211 21 219 12 134
    22 200 45 68 31 248 145 109 176 233 101 20 142 186 234 161 231 250 9
    166 39 158 71 124 71 10 145 225 176 2 161 174 202 134 96 26 174 153
    242 224 85 85 78 22 237 235 28 92 213 70 82 133 160 246 88 38 178 57
    130 25 154 196 99 35 211 180 143 161 241 18 201 236 116 40 40 192
    248 219 95 67 26 251 45 208 196 104 162 38 196 250 247 194 16 126 92
    63 2 158 93 129 122 60 178 81 236 67 210 173 70 208 199 192 134 240
    33 135 193 132 66 35 46 41 121 64 106 145 43 52 203 2 139 154 180
    188 14 86 188 233 181 117 18 107 54 235 112 132 27 119 125 113 241
    70 9 236 148 157 40 42 27 210 213 102 4 111 33 186 25 124 241 200
    194 253 17 179 247 160 111 25 47 147 10 188 21 93 144 72 193 143 38
    160 80 18 246 201 213 169 174 169 192 100 195 19 168 103 99 197 229
    50 122 124 48 184 56 60 105 245 246 149 202 12 202 179 108 253 248
    143 227 234 166 149 88 209 212 166 245 246 11 39 74 222 10 231 46
    143 118 196 50 30 94 50 216 3 44 250 86 84 52 46 179 34 107 14 115
    182 117 29 13 245 111 8 159 237 231 162 107 81 67 152 121 147 107 74
    19 120 169 152 223 173 229 188 204 0 33 153 2 50 250 71 55 157 24
    100 3 156 23 172 51 226 14 136 132 10 125 203 150 144 95 72 139 44
    227 114 4 254 124 59 169 253 129 123 116 20 115 118 9 43 184 1 11
    206 193 108 77 11 126 93 56 230 180 46 83 231 137 10 219 241 143 64
    170 87 68 231 86 153 3 248 146 183 221 0 22 135 21 84 152 201 85 43
    161 84 65 12 118 103 236 179 105 255 42 69 29 38 196 149 231 123 156
    112 40 70 27 193 171 175 61 136 16 58 175 203 177 242 89 6 22 29 113
    255 143 90 61 55 108 170 80 171 107 137 51 169 103 79 157 169 74 193
    70 108 37 143 51 125 255 64 121 79 194 25 9 127 33 44 32 15 161 193
    161 87 207 188 124 167 95 211 206 27 29 78 157 192 142 131 116 199
    114 34 39 132 188 176 81 247 120 61 244 94 175 46 172 121 58 158 236
    183 239 137 177 70 1 148 114 151 180 169 130 226 50 188 227 22 36 90
    161 146 159 186 55 69 248 100 170 196 248 249 218 239 132 111 246
    143 255 236 211 38 86 64 73 95 32 176 142 87 119 207 245 77 66 8 6
    198 54 71 69 85 52 138 143 181 14 188 137 79 255 196 156 230 206 110
    48 114 175 246 16 229 70 129 219 45 129 69 236 43 9 154 82 85 210 66
    154 17 195 247 72 140 31 227 184 164 117 72 184 99 210 248 190 245
    83 37 16 128 91 104 203 196 59 158 225 171 151 198 91 206 52 71 56
    91 214 228 163 1 123 205 4 107 117 197 130 196 54 28 10 151 154 83
    39 207 68 3 59 162 119 208 46 159 25 128 12 133 8 112 138 96 245 133
    184 33 133 254 235 89 108 123 19 98 166 120 68 180 201 16 74 101 82
    90 168 33 225 17 232 119 189 34 253 236 51 244 27 63 160 42 228 172
    29 63 248 183 118 134 229 119 4 237 102 139 73 216 237 231 184 231
    19 131 249 11 147 248 208 127 194 60 20 110 66 124 249 127 1 61 201
    105 82 37 204 107 192 79 43 46 153 210 80 150 193 200 5 89 153 254
    30 168 82 194 165 195 131 244 212 163 217 59 214 146 35 31 201 38
    224 165 230 106 106 139 228 86 243 88 151 45 105 93 95 239 39 41 230
    27 23 88 160 233 51 54 11 51 44 5 128 245 187 183 83 48 204 76 104
    144 66 245 214 174 130 230 132 204 54 207 222 181 62 93 115 89 90
    127 47 206 215 175 254 73 58 20 205 183 234 68 220 238 79 93 19 219
    118 185 232 113 134 225 74 59 62 73 147 4 68 15 213 114 160 181 101
    135 229 205 240 192 78 168 174 175 105 202 51 30 25 54 128 103 126
    110 94 69 236 223 202 223 85 171 221 48 192 130 217 252 239 50 178
    90 89 188 170 122 195 220 91 187 141 206 230 138 118 250 70 209 62
    103 93 25 125 150 197 95 179 251 69 96 116 46 254 136 213 78 204 209
    223 155 186 119 134 50 228 6 123 55 136 55 147 129 186 174 126 158
    107 116 241 219 240 228 122 223 170 31 174 237 32 94 152 242 186 149
    181 118 205 115 4 208 171 26 133 99 111 253 79 94 110 105 244 228
    251 127 216 83 170 135 189 132 87 137 2 223 209 123 87 70 29 86 253
    92 211 190 139 39 252 126 90 78 101 149 1 149 139 246 171 86 49 208
    194 199 154 33 58 44 237 13 224 107 58 118 89 12 161 207 24 197 157
    24 220 103 161 131 225 17 123 86 12 170 188 214 136 235 241 37 141
    187 60 144 229 155 101 3 98 50 123 46 44 36 181 206 211 72 247 211
    212 26 50 5 177 18 13 92 63 1 86 189 101 222 155 87 145 241 140 253
    92 51 144 168 99 231 1 19 83 193 96 247 56 51 102 34 252 163 119 168
    236 97 118 117 178 180 239 186 100 169 243 89 68 202 232 2 133 132
    70 33 142 216 141 9 39 237 127 53 234 31 146 189 15 234 131 168 205
    112 48 114 105 51 96 47 122 208 53 219 146 63 176 11 183 90 248 134
    161 242 38 247 128 192 218 231 63 242 39 246 122 38 148 150 129 84
    100 195 7 254 92 196 107 52 17 171 31 34 177 162 104 88 161 238 166
    141 217 214 39 30 136 25 104 54 235 166 166 135 148 183 166 175 249
    111 120 102 141 170 157 4 68 60 46 27 119 136 82 170 236 222 163 137
    159 25 218 224 190 81 7 252 231 160 178 180 132 28 114 120 230 242
    49 105 74 205 72 120 48 18 116 117 51 149 5 232 157 19 93 202 206 86
    218 178 62 84 7 29 113 17 143 112 15 171 74 152 60 243 232 224 89
    191 155 110 115 64 21 182 251 65 80 4 234 80 253 73 123 120 244 119
    39 254 40 80 207 138 206 195 101 8 108 132 255 244 50 154 233 160
    230 141 163 239 26 162 231 243 23 229 130 98 68 103 238 127 117 135
    130 218 197 42 85 45 148 104 61 231 182 12 57 16 254 159 43 3 142
    194 208 125 128 143 105 25 134 126 31 155 15 81 199 72 235 226 63
    253 233 217 167 95 160 54 191 243 170 76 186 69 234 83 32 63 60 131
    234 145 3 71 228 12 106 63 157 183 25 206 64 83 36 132 112 242 56
    122 22 177 174 117 5 219 61 130 68 220 118 50 113 18 219 130 146 15
    111 7 27 178 46 1 89 212 141 30 247 61 181 133 21 231 116 245 45 213
    193 131 89 193 27 23 171 94 134 239 193 111 89 92 251 122 122 146
    206 96 170 219 254 93 212 104 157 87 42 63 2 211 211 228 207 172 158
    245 39 170 221 225 1 67 61 33 207 170 147 77 239 76 255 211 40 177
    196 196 239 51 157 230 124 184 217 219 15 141 254 46 241 169 96 90
    228 17 96 97 74 228 107 147 137 182 34 184 23 34 158 208 130 114 148
    171 186 151 95 4 28 38 145 80 76 1 138 204 198 0 185 155 21 240 152
    103 88 71 254 52 188 160 163 154 137 111 52 51 40 36 218 7 84 91 0
    130 7 82 158 24 33 114 177 165 61 176 15 62 183 102 116 149 192 88
    124 165 120 124 91 245 73 180 182 120 222 166 191 98 253 64 181 142
    231 125 59 33 204 44 63 156 111 128 56 79 186 212 180 172 61 151 236
    131 199 112 55 157 140 57 174 157 48 6 248 234 128 160 204 182 239
    56 106 169 230 36 63 238 210 60 159 66 169 191 115 125 124 153 213
    204 136 36 222 249 207 169 231 46 208 192 245 175 201 1 214 9 49 113
    37 248 29 32 213 136 0 47 131 179 127 46 253 211 57 118 51 88 151
    107 83 118 55 74 142 249 174 71 137 196 65 185 230 233 204 6 60 170
    180 149 254 11 64 194 54 200 209 239 163 216 70 208 186 26 55 169 37
    45 59 121 93 90 247 54 213 214 13 152 255 254 86 182 79 161 54 32 17
    71 198 77 215 63 166 203 32 250 130 136 203 159 51 79 73 110 37 142
    255 40 225 47 1 172 62 154 176 21 164 189 153 208 174 72 188 58 12
    183 144 88 240 187 89 81 148 70 33 247 102 16 231 146 39 131 29 225
    27 108 236 209 118 254 251 61 188 149 218 153 217 4 209 191 216 244
    162 81 200 19 55 112 177 49 47 156 11 136 111 121 155 245 32 154 70
    166 43 211 103 168 177 113 138 251 47 43 61 115 92 67 148 68 17 0 59
    39 240 47 4 24 35 142 206 0 33 23 240 226 32 247 57 96 137 206 197
    217 63 7 160 233 120 49 188 166 121 54 144 153 120 132 41 6 92 79 75
    186 134 108 63 20 184 36 19 139 195 11 221 50 180 217 8 204 128 216
    39 137 3 13 163 209 184 58 36 223 5 80 177 56 83 104 124 42 85 251
    154 16 112 186 93 240 106 216 108 20 207 194 29 191 109 41 63 134 61
    236 163 46 255 62 244 243 51 108 226 177 129 247 205 119 102 242 0
    226 202 27 14 29 98 20 43 249 118 142 219 116 90 160 84 201 196 178
    200 174 182 156 112 18 77 53 72 207 171 132 67 205 70 150 7 56 73 44
    175 177 249 46 68 131 122 210 104 242 213 244 205 124 204 128 54 9
    31 88 42 59 246 130 75 112 73 235 129 90 191 96 236 210 97 233 106
    213 72 216 213 225 198 180 170 77 65 182 76 52 185 219 201 210 229
    99 25 201 6 52 98 230 14 190 112 90 62 4 193 86 70 193 35 123 232 21
    126 87 188 179 230 200 113 136 160 192 7 68 169 105 123 147 111 214
    61 119 31 96 172 110 75 44 42 31 73 32 142 128 50 16 57 196 240 123
    117 164 5 133 220 153 204 169 195 125 160 63 182 146 140 12 14 88
    183 130 31 36 212 73 52 97 164 86 203 178 102 135 17 47 33 253 134
    109 251 72 237 235 157 206 120 130 128 18 10 166 93 143 145 109 69
    111 6 147 202 43 131 223 37 119 87 122 158 96 87 157 115 230 75 61
    119 20 246 117 74 134 64 82 233 117 13 89 229 149 57 187 239 128 237
    166 38 155 130 86 107 43 83 131 23 5 67 246 59 46 152 145 0 134 37 1
    145 181 120 21 40 205 185 172 119 188 66 235 240 36 69 80 100 40 47
    91 195 27 233 234 160 193 64 104 100 109 148 167 192 125 206 34 213
    113 115 203 108 121 179 20 157 184 213 125 240 234 115 43 127 48 120
    81 229 15 215 202 5 201 231 39 254 89 184 70 36 42 53 106 80 171 207
    56 31 110 10 151 65 137 182 71 181 48 253 246 237 117 59 166 189 176
    194 9 146 193 169 227 155 11 226 166 109 55 59 207 177 158 102 220
    90 83 228 153 197 11 7 216 43 240 137 124 100 83 85 201 178 100 245
    186 160 71 145 46 133 176 11 86 90 153 155 87 175 108 248 216 148 89
    193 39 37 30 4 145 48 163 121 171 49 213 75 242 70 146 191 95 170 61
    60 141 136 113 226 9 132 91 45 46 177 111 59 199 152 47 218 229 215
    140 136 18 32 237 153 87 119 130 143 95 34 236 74 243 0 15 71 227 80
    104 128 248 18 32 112 101 127 35 48 152 222 60 58 182 200 139 6 66
    156 87 61 243 169 112 177 40 172 104 246 146 69 147 228 145 151 136
    95 188 66 73 48 192 73 147 32 220 14 89 144 227 104 244 251 5 230
    242 159 109 19 255 149 191 210 103 123 21 87 3 111 70 168 164 222
    221 93 98 4 78 197 109 63 226 63 9 16 133 240 48 26 144 194 52 11
    206 46 35 82 217 96 9 240 64 31 223 93 126 125 81 141 108 5 192 85
    132 233 54 26 215 107 22 237 69 11 233 217 103 140 89 38 153 8 116
    73 222 191 178 56 249 240 10 230 133 232 223 243 83 19 121 13 243 37
    30 111 57 21 184 203 101 151 45 2 159 190 187 150 240 163 74 113 142
    106 139 180 143 111 117 46 248 107 255 229 162 100 208 193 194 247
    244 187 85 146 17 184 86 112 117 13 168 62 176 152 127 132 130 87 26
    213 167 27 89 124 57 242 235 181 13 158 127 166 155 209 183 8 253
    251 214 203 140 234 143 61 89 10 114 45 238 123 14 224 247 155 33
    150 243 30 175 95 240 233 49 13 121 74 68 64 190 82 10 132 60 199
    122 209 31 174 166 81 122 153 156 82 14 221 171 13 186 53 193 69 255
    231 90 231 138 30 170 148 3 233 195 172 21 224 169 82 154 112 254 16
    226 252 138 69 26 249 81 179 26 166 94 117 225 90 56 238 102 80 136
    224 13 42 134 252 206 81 111 138 127 91 142 27 42 206 112 51 249 6
    49 41 28 149 197 178 217 88 55 94 182 15 72 216 64 241 10 218 32 137
    52 240 2 82 101 69 199 88 24 236 0 195 140 135 85 169 218 156 79 105
    99 55 159 84 39 166 31 208 25 196 37 92 62 133 72 120 86 149 249 241
    209 32 78 125 222 205 210 145 43 155 253 106 104 3 231 165 47 134
    175 207 43 74 49 44 55 253 149 123 58 218 43 152 74 219 56 67 246 87
    204 215 11 75 185 170 106 147 58 68 125 134 239 237 128 59 74 95 72
    199 35 249 150 34 150 184 26 181 191 9 226 70 235 248 56 76 172 32
    14 49 94 219 109 85 199 192 211 13 95 16 163 249 236 239 124 236 200
    106 209 42 122 26 5 149 80 176 251 168 174 170 53 99 234 158 201 213
    19 65 31 126 4 37 96 62 175 127 91 20 125 63 129 94 248 127 26 120
    143 131 50 10 139 217 129 75 65 182 75 101 115 190 167 87 223 86 187
    243 102 214 202 181 137 167 73 10 77 9 171 133 106 10 52 73 244 47
    196 189 191 197 61 188 156 161 232 167 176 23 132 33 165 236 116 91
    222 80 48 255 19 237 122 246 178 153 158 225 58 244 115 87 122 122 9
    103 187 242 143 89 38 126 109 114 180 63 67 2 116 128 133 148 171
    149 161 108 110 20 76 200 20 197 72 63 201 186 53 63 42 49 42 44 68
    221 74 17 193 191 13 31 1 239 244 192 50 187 90 41 106 180 90 240
    208 44 128 181 53 146 153 24 63 81 150 92 105 102 166 221 158 38 186
    71 21 177 6 50 203 33 119 188 122 177 48 152 187 47 81 90 25 9 59
    103 35 9 143 169 165 164 214 123 24 202 21 217 43 198 255 91 206 58
    184 192 143 133 216 39 115 181 46 107 148 46 239 117 133 215 182 88
    206 194 148 128 38 94 222 99 142 82 34 93 29 73 14 43 150 97 72 165
    220 81 59 240 226 81 100 56 171 139 40 255 130 187 92 227 18 14 143
    202 34 164 239 254 135 76 160 186 225 120 75 220 147 59 10 55 165
    213 60 2 249 177 249 61 136 187 6 2 38 40 90 209 152 73 93 190 2 213
    133 170 250 153 177 126 6 145 93 91 31 104 18 188 19 82 54 119 230
    243 233 250 251 156 169 143 186 247 106 241 169 125 16 126 79 170
    239 219 166 100 233 49 138 194 42 159 164 108 67 129 247 127 90 86
    127 215 39 162 155 149 226 33 91 136 24 137 91 105 241 174 185 4 131
    203 97 233 29 169 87 241 163 88 70 44 233 169 208 72 10 79 204 253
    131 32 158 86 39 178 25 103 114 172 125 234 63 62 161 6 42 154 67
    218 48 28 6 82 76 50 155 212 131 149 193 162 73 125 201 185 76 245
    28 88 205 42 219 85 219 209 1 146 43 119 96 136 233 50 5 43 12 80
    122 116 182 116 103 86 209 69 234 219 29 43 95 42 128 77 200 254 148
    54 98 165 184 126 110 54 55 51 250 234 40 202 229 6 168 237 219 133
    159 145 135 138 89 96 139 54 129 208 240 123 199 142 173 116 249 130
    39 16 229 110 157 205 204 42 14 28 176 252 177 130 173 154 48 186
    233 186 6 57 240 151 111 64 42 99 122 199 56 45 243 116 139 96 52
    190 83 15 255 138 62 136 194 246 207 205 84 252 104 164 33 196 238
    69 45 214 185 236 146 99 249 173 128 254 187 19 36 29 248 194 218 16
    245 175 59 153 205 183 3 199 111 56 68 158 77 2 203 188 178 36 62
    164 46 174 127 161 46 118 239 187 111 21 252 51 118 70 178 8 134 118
    169 33 187 78 221 220 217 228 192 222 167 239 156 171 222 246 233
    254 217 4 168 230 211 224 8 93 134 66 227 172 54 14 204 44 94 103
    104 32 253 40 160 79 64 155 203 89 109 175 244 192 128 123 76 68 207
    35 92 94 249 115 158 235 152 114 209 152 111 25 99 79 4 169 54 203
    229 206 118 216 191 232 16 238 223 165 148 247 114 11 176 232 129
    214 112 92 121 108 191 226 15 59 216 37 128 177 219 5 18 71 108 3
    253 3 211 244 179 188 93 65 128 162 24 147 41 215 176 130 254 139
    216 183 112 94 214 238 104 77 188 170 180 12 125 49 106 204 168 112
    94 95 184 219 210 126 118 215 247 45 107 184 6 117 175 15 125 98 107
    198 127 11 65 171 143 184 166 116 252 236 36 161 203 26 57 118 240
    56 208 143 31 161 219 25 64 155 249 43 164 251 156 140 62 242 114 43
    59 85 200 91 19 66 112 90 30 186 157 245 203 3 56 204 17 68 202 40
    34 16 113 206 211 210 147 217 143 122 107 188 96 42 198 112 211 141
    119 46 177 8 205 200 180 28 253 234 151 19 1 67 232 139 166 6 59 209
    173 25 102 250 171 228 98 248 141 248 48 211 118 138 152 227 38 198
    86 17 54 144 18 172 33 223 152 196 33 17 62 84 32 52 208 56 182 101
    219 225 210 30 201 57 27 225 120 233 195 96 116 163 194 25 91 254 49
    62 196 15 177 156 109 62 143 149 185 234 129 201 208 130 103 169 113
    76 57 26 39 232 225 26 211 38 161 108 34 158 77 160 159 86 228 138
    133 193 254 174 9 150 52 89 56 119 252 31 253 87 64 207 225 197 209
    216 10 100 16 11 152 173 10 230 42 46 175 32 111 89 27 241 208 55
    170 168 197 207 57 144 232 245 164 154 93 10 126 165 71 119 199 111
    219 49 223 67 112 140 73 208 219 210 143 229 72 192 8 108 73 134 7
    139 19 180 243 131 120 24 167 165 40 31 122 220 121 147 76 226 66
    115 153 204 214 61 65 126 239 124 135 119 36 197 218 209 5 121 141
    164 51 142 14 143 181 18 174 61 193 63 77 55 93 8 251 236 204 209
    141 178 135 243 173 248 126 81 87 95 219 255 20 141 224 225 28 29 92
    185 105 109 200 1 175 2 186 236 215 98 25 97 91 209 174 28 31 1 88
    197 36 125 80 40 127 237 195 30 153 88 216 153 43 13 51 208 68 210
    218 90 134 132 125 148 238 121 59 28 4 42 10 60 214 203 1 153 202
    110 200 95 254 17 194 200 161 208 237 190 37 32 69 127 242 56 98 46
    216 73 212 186 184 13 252 253 62 155 154 186 0 27 160 78 162 8 166
    86 78 142 239 243 202 5 156 20 19 208 151 45 185 185 14 46 204 39 35
    151 84 29 161 23 245 27 222 100 198 196 177 37 128 102 148 214 244
    12 125 35 93 194 5 31 176 124 176 127 149 49 130 138 113 37 192 201
    18 149 27 101 80 225 203 128 113 126 212 52 176 9 231 79 25 96 80
    141 33 6 240 197 213 218 230 144 231 115 1 226 227 96 61 62 241 239
    227 197 117 113 91 161 170 125 35 174 123 48 74 192 165 245 199 242
    15 227 224 213 176 126 182 166 237 211 213 146 101 0 76 206 173 147
    93 242 167 96 99 95 97 5 98 164 200 156 71 251 189 32 13 119 26 246
    90 212 5 221 145 172 37 68 83 48 56 1 14 91 100 85 169 180 194 30
    139 198 221 255 66 191 122 100 123 49 30 94 43 74 5 17 117 20 189
    249 78 3 107 26 109 200 127 137 207 248 241 205 227 154 242 230 31
    61 242 164 79 149 174 17 186 228 243 26 183 94 230 233 44 106 204
    234 167 63 176 220 133 59 73 29 157 36 157 202 37 87 85 230 248 28
    158 14 57 190 196 247 219 67 115 217 26 73 231 220 62 106 145 18 159
    225 60 1 27 197 195 55 22 109 183 141 142 58 215 214 48 252 107 34
    175 28 228 122 9 238 114 188 209 48 237 145 243 186 81 159 156 47
    204 203 243 207 69 94 181 92 146 8 45 151 135 115 231 55 37 199 137
    121 243 37 182 23 87 5 115 146 41 46 246 226 188 88 146 179 115 218
    98 110 241 61 198 98 18 183 12 167 181 157 129 78 45 214 149 250 206
    197 225 84 89 151 1 209 128 16 206 144 222 111 155 50 100 179 98 58
    28 202 233 169 193 203 204 33 154 38 15 70 225 211 49 105 4 80 49
    193 95 253 220 148 26 62 86 100 114 108 35 78 168 182 172 65 145 196
    127 90 134 84 96 9 29 78 47 147 89 232 72 101 187 195 84 27 133 171
    61 142 62 4 249 143 201 26 143 145 241 168 6 226 228 120 13 0 167 79
    145 177 249 193 160 131 88 155 194 239 213 108 249 153 117 131 191
    129 244 34 108 104 53 97 155 93 241 231 246 103 9 246 107 114 7 6
    101 225 116 220 244 145 110 37 239 223 150 89 108 142 155 160 241
    171 155 113 205 96 160 7 215 254 80 42 152 90 5 0 30 67 175 198 66
    106 52 30 152 167 12 74 118 149 0 101 186 16 171 139 70 40 222 75 18
    242 234 32 190 106 202 112 123 102 221 35 169 150 236 210 61 154 223
    169 40 9 238 244 186 128 105 68 121 51 48 68 221 242 231 114 189 135
    125 78 49 139 85 139 171 109 87 139 122 200 5 109 110 53 230 139 28
    57 114 157 161 182 25 8 163 8 238 196 192 73 155 206 161 124 205 4
    226 184 49 19 254 223 182 110 176 229 226 77 180 155 92 59 131 200
    167 30 182 231 229 142 129 144 26 241 94 162 60 195 121 32 24 2 122
    36 154 92 249 126 46 102 210 129 254 201 46 160 233 21 87 157 68 243
    139 138 47 31 218 222 138 70 127 201 126 155 80 251 136 253 174 20 3
    208 13 147 203 237 198 66 187 149 73 69 117 105 141 107 137 206 73
    114 236 171 195 245 173 199 8 163 138 28 117 109 16 91 171 228 112
    76 253 133 58 235 194 93 125 45 201 159 0 41 34 175 100 14 35 191
    201 176 95 26 94 236 234 251 175 208 74 5 23 201 250 250 133 137 90
    147 208 229 211 103 163 155 58 157 80 25 70 104 38 162 174 129 153
    193 254 181 52 4 58 251 174 33 44 89 87 3 48 90 99 155 12 136 207 50
    103 173 90 239 140 59 56 16 94 147 200 144 121 153 175 156 220 241
    98 144 26 111 122 36 135 255 40 217 37 212 3 36 23 21 225 194 74 88
    136 67 27 94 168 132 68 236 25 221 147 122 193 46 139 126 138 14 225
    180 228 25 22 216 90 254 98 235 162 167 235 19 41 97 40 254 178 223
    142 63 87 159 90 47 219 3 52 161 137 91 86 178 64 220 206 55 108 43
    241 13 22 173 232 84 171 90 245 65 119 25 17 192 97 8 195 233 248
    245 250 79 61 85 163 215 94 215 233 245 221 98 169 234 244 191 179 6
    199 13 219 70 143 73 91 173 64 237 233 249 74 96 190 68 251 223 58
    163 136 67 89 174 238 174 91 81 35 132 222 231 222 168 76 215 36 108
    199 141 40 184 63 246 64 245 8 222 217 7 188 108 43 225 23 244 159
    128 8 64 167 21 231 101 254 132 151 178 48 132 172 191 23 187 218
    232 144 201 108 187 200 28 112 96 92 67 122 170 96 178 251 1 12 191
    192 244 250 108 73 191 246 66 224 204 65 62 176 62 220 140 160 171
    135 214 172 209 163 157 93 65 216 139 14 64 122 222 48 10 154 210 21
    122 130 165 19 67 179 27 39 89 29 242 85 21 21 162 147 21 198 254 77
    63 110 226 56 58 203 157 62 204 206 48 226 230 85 205 118 214 150 46
    219 17 252 4 118 12 211 102 222 139 239 7 118 58 202 209 32 241 61
    33 208 165 250 98 210 38 86 58 207 12 10 246 118 116 219 102 173 214
    60 202 97 90 182 61 248 13 15 232 254 98 221 206 239 34 120 255 191
    122 158 89 180 75 101 254 157 72 111 116 209 171 193 130 241 43 90
    50 28 233 158 157 85 193 18 75 59 101 67 180 65 135 25 117 238 87 26
    98 233 50 40 170 184 231 186 50 155 83 109 131 201 59 9 223 152 132
    100 54 106 33 228 184 95 36 170 143 192 240 97 23 48 13 126 148 64
    191 130 97 190 25 208 255 152 73 102 60 14 152 237 62 98 102 25 141
    242 165 185 180 121 156 206 169 23 128 156 241 5 25 249 103 69 88
    238 78 118 48 64 55 80 247 211 132 62 118 47 187 142 211 164 84 49
    129 182 97 43 161 58 250 140 235 243 34 214 24 185 59 25 174 100 120
    177 145 83 237 236 123 233 93 189 211 66 251 57 205 18 55 0 3 199 24
    191 247 86 224 237 119 60 125 116 34 156 59 11 203 105 9 75 51 42 33
    78 211 17 238 243 130 196 225 174 77 250 88 92 152 145 206 222 10
    136 84 4 120 118 110 222 244 254 219 211 136 103 238 79 103 55 67 89
    234 189 232 50 227 32 174 193 209 36 192 24 206 231 253 136 147 252
    65 62 201 154 69 8 220 29 106 73 223 184 218 104 39 112 27 124 2 80
    184 60 126 53 251 190 71 103 99 16 77 35 126 0 221 130 107 36 16 229
    171 76 242 77 141 122 82 35 145 87 230 82 89 36 204 119 16 130 82 26
    108 177 160 229 180 36 254 127 74 146 23 143 130 57 210 224 244 200
    51 182 244 135 203 210 112 243 65 119 184 47 177 94 99 112 77 170 85
    197 172 133 35 196 31 150 196 170 84 212 143 105 40 129 255 4 126
    252 34 240 218 88 221 32 161 32 133 216 141 26 79 16 165 36 5 45 242
    232 202 171 162 208 56 29 100 231 91 11 79 252 4 234 65 64 57 188
    185 107 3 41 98 209 215 93 229 139 74 191 51 85 94 237 221 161 174
    217 55 242 251 220 37 206 34 199 150 38 122 166 43 138 182 77 135
    148 148 234 28 22 211 63 76 182 41 148 7 206 184 165 117 217 74 252
    192 205 131 73 48 68 158 110 19 29 167 21 139 49 183 115 25 241 132
    75 210 52 203 89 179 194 70 208 232 234 46 41 171 3 189 25 186 235
    209 208 74 158 23 162 178 221 215 229 209 130 39 17 250 246 114 123
    219 217 40 80 221 35 115 42 191 73 124 104 246 203 138 124 15 96 40
    113 131 217 47 173 227 73 244 33 92 232 235 138 109 183 163 23 40 64
    222 126 177 109 66 136 215 115 153 244 185 194 213 51 215 94 95 193
    178 195 147 64 28 192 197 254 5 120 135 18 136 70 254 116 23 44 165
    20 16 234 156 65 249 115 154 108 121 20 201 250 25 28 221 57 81 168
    216 217 47 109 153 103 125 68 8 155 126 76 8 152 72 28 64 159 198
    161 150 76 133 109 153 120 157 153 88 33 165 53 115 235 246 253 47
    236 4 246 241 124 94 33 156 195 226 253 75 196 64 0 116 54 24 251
    186 202 203 242 29 122 159 82 156 134 8 247 154 137 230 130 22 91
    171 64 138 207 68 4 210 124 158 200 215 205 71 76 239 100 220 113
    237 208 109 86 83 131 210 72 26 3 63 78 55 36 173 166 238 25 46 245
    120 13 7 251 1 77 197 6 241 97 40 111 48 214 83 142 178 146 181 156
    36 6 165 106 212 220 164 246 25 226 108 131 229 71 4 9 159 99 197 10
    103 194 27 86 70 80 14 195 52 107 84 12 200 117 179 159 54 199 187
    107 40 15 135 196 112 165 115 203 83 70 162 160 174 64 64 131 1 203
    28 16 74 15 39 48 223 24 70 127 195 248 237 105 51 140 231 197 134
    246 136 149 153 195 146 9 91 132 8 13 221 232 49 145 253 9 7 108 236
    135 50 11 108 36 95 118 169 233 60 12 24 246 29 180 5 239 28 123 167
    228 116 88 211 6 121 45 189 1 18 0 95 169 251 168 218 208 198 162
    230 25 12 120 54 221 239 43 159 248 157 174 137 114 13 75 162 185
    220 178 161 130 14 64 163 122 38 232 68 190 40 71 190 124 6 29 77
    112 65 172 173 162 20 96 75 77 84 3 198 205 207 197 165 25 166 141
    116 25 213 171 13 214 18 76 22 96 87 45 74 88 193 206 4 240 223 110
    65 107 11 168 15 184 111 195 79 169 48 77 127 200 85 197 209 50 254
    139 217 197 95 126 108 144 104 105 88 122 15 51 220 52 202 188 173
    199 254 229 195 85 209 245 187 134 92 112 1 61 28 106 205 57 230 120
    27 42 177 249 122 13 22 62 193 40 58 103 11 247 187 193 40 206 175
    25 24 149 77 53 219 198 128 31 180 208 131 83 141 80 180 23 112 12
    225 99 244 88 38 149 154 148 204 76 84 112 253 111 76 19 124 177 123
    100 156 182 178 162 88 43 110 233 65 206 208 62 208 52 140 129 198
    85 0 4 133 210 136 178 235 248 93 141 220 90 228 115 141 170 72 219
    143 26 224 171 134 7 220 70 156 197 38 44 242 190 9 190 130 137 151
    201 249 35 95 249 56 106 100 94 237 183 153 218 99 124 253 50 114 47
    89 93 16 33 85 113 166 253 145 86 79 162 139 128 58 193 156 210 152
    19 198 18 47 141 244 51 212 57 236 242 85 4 37 165 116 8 155 24 187
    240 3 255 42 0 33 250 121 53 251 57 199 200 210 188 212 131 19 77
    181 21 5 23 103 213 224 215 53 203 250 195 166 177 195 207 225 157
    61 17 109 51 78 28 10 31 124 169 103 216 194 13 53 126 255 144 252
    150 44 236 19 195 192 76 90 164 170 217 160 247 204 106 171 192 55
    51 84 169 85 9 119 202 42 187 96 57 78 0 212 41 94 23 60 121 82 255
    19 242 135 234 66 235 48 174 71 123 143 113 28 203 170 179 195 224
    58 155 235 33 111 187 118 173 209 227 84 122 17 178 15 204 148 14 73
    203 23 137 203 237 165 91 193 201 86 113 49 244 199 244 145 160 53
    225 33 169 61 114 42 21 83 192 219 22 140 248 232 176 180 100 214
    225 149 9 43 143 130 155 13 203 87 125 126 241 243 255 185 62 121 77
    58 176 184 137 215 243 195 166 217 175 105 26 112 232 63 7 245 80
    143 204 70 157 58 181 145 179 179 9 144 190 226 55 143 158 101 77
    157 253 171 21 176 58 124 40 70 86 224 165 210 207 156 110 41 186 6
    44 80 109 155 69 40 160 185 100 163 135 135 37 43 25 137 139 243 50
    16 118 152 83 114 89 245 248 175 249 74 95 46 193 248 162 255 143 38
    7 95 146 251 70 119 149 190 35 209 36 93 110 176 189 248 254 40 8
    104 192 45 227 79 120 179 178 160 210 70 98 26 54 226 188 130 28 117
    187 59 76 193 71 68 169 84 46 214 238 20 90 24 147 197 224 79 156
    220 249 41 182 120 236 251 141 139 105 119 26 112 21 95 97 63 98 59
    115 76 108 61 11 87 174 185 231 198 189 251 21 248 60 168 154 253
    154 127 112 46 43 40 144 222 242 173 199 40 242 35 114 230 225 134
    117 148 218 233 150 72 138 13 241 126 40 17 1 121 28 23 158 151 202
    185 87 84 215 16 3 52 154 171 84 246 52 27 1 251 103 48 59 60 194
    241 199 226 86 184 115 215 128 78 226 179 104 4 160 173 101 42 252
    45 196 184 119 63 147 175 244 75 192 102 45 114 48 28 106 151 194
    234 147 209 147 122 34 172 165 210 39 108 69 15 139 245 102 163 50
    97 254 86 96 85 72 191 42 110 211 200 38 251 175 33 239 13 24 192
    250 202 207 228 127 121 105 41 65 208 61 52 56 180 26 82 91 131 45
    85 122 133 150 184 43 147 30 199 112 230 175 44 129 60 163 187 218
    183 218 123 228 20 63 144 193 137 193 131 27 216 52 104 27 255 11 88
    186 102 209 104 106 93 15 224 189 115 116 196 87 249 23 34 47 215 70
    253 121 63 156 231 154 156 8 69 144 98 100 161 41 249 106 36 58 204
    32 112 14 14 217 165 215 127 23 221 151 121 23 24 16 167 126 15 132
    107 218 73 41 199 158 190 20 132 237 219 137 232 31 11 215 156 39
    141 211 239 229 192 137 74 136 106 229 103 235 168 232 6 9 115 254
    220 235 18 87 22 188 213 217 177 190 239 23 255 227 231 222 244 178
    49 157 180 47 89 158 112 138 169 98 204 83 70 150 249 213 7 176 89
    253 13 90 203 125 31 41 165 68 41 189 247 45 164 61 124 33 104 53
    160 146 78 244 249 179 239 54 159 238 37 71 206 159 41 105 18 69 29
    93 113 5 67 202 141 82 211 250 133 194 3 50 54 219 84 18 212 120 224
    250 157 114 113 201 123 196 171 253 176 5 78 155 160 126 140 25 12
    220 110 20 153 170 39 139 85 73 253 13 47 158 28 106 159 48 108 185
    139 98 14 123 228 82 175 250 132 208 87 85 150 27 165 110 125 73 202
    152 11 142 96 203 131 153 146 121 42 141 140 229 119 224 78 53 204
    200 196 249 116 88 60 25 28 203 80 105 102 120 16 144 95 126 110 214
    34 77 68 200 230 75 205 247 254 169 44 82 215 26 74 81 221 206 222 7
    82 118 234 199 122 32 186 16 110 21 183 145 9 212 186 100 138 52 208
    162 191 89 23 224 149 97 129 132 52 138 195 106 171 167 95 173 253
    138 48 22 237 220 7 152 111 205 149 6 28 54 10 218 133 177 153 238
    122 63 210 28 37 228 49 151 190 123 58 202 172 20 131 154 57 13 140
    52 74 205 113 69 127 82 0 33 181 198 130 2 214 61 127 10 3 124 251
    39 101 222 178 71 112 69 158 178 147 14 32 11 16 248 69 128 240 175
    99 168 135 58 98 105 100 194 251 236 140 132 207 186 108 227 159 176
    247 239 236 7 165 132 29 241 73 124 189 89 229 97 62 0 179 42 172
    104 70 98 134 149 246 156 251 51 187 120 16 215 100 167 194 213 30
    107 127 130 239 72 18 155 243 5 72 26 164 80 74 86 16 218 238 237
    106 16 70 39 56 239 229 65 135 153 91 195 24 69 19 222 201 22 210 30
    114 70 213 157 39 254 131 136 80 179 23 77 162 156 86 82 178 208 148
    124 220 71 43 134 150 229 109 66 8 32 25 106 120 65 193 190 242 146
    72 243 59 198 49 228 163 26 10 6 240 203 23 120 1 16 183 154 235 204
    10 51 151 136 135 215 209 212 197 235 56 205 118 95 65 179 106 81
    132 221 14 227 144 57 174 80 184 142 175 13 11 125 145 26 48 153 4
    200 23 17 255 227 207 138 49 202 158 5 166 156 15 97 156 136 125 54
    61 210 62 201 178 231 155 49 240 146 165 114 100 222 117 91 90 37
    100 49 89 24 50 98 106 157 43 155 11 252 226 185 176 197 131 79 209
    179 42 235 221 48 191 184 81 248 203 41 7 252 20 202 50 127 137 248
    114 171 211 98 170 133 162 73 14 125 181 174 132 249 76 160 142 222
    102 248 57 222 121 108 62 226 154 54 169 187 253 45 4 64 6 7 48 61
    149 126 37 191 29 62 107 177 239 74 180 129 138 44 226 110 136 225
    203 239 4 247 44 226 149 20 205 203 175 252 246 136 23 174 15 90 117
    224 105 57 236 128 16 28 238 21 65 12 28 213 206 182 24 61 68 190 2
    77 120 204 170 255 121 30 244 229 191 191 5 19 6 200 94 14 196 105
    250 82 80 78 218 9 80 33 247 228 134 41 199 63 231 138 216 104 240
    124 222 10 202 109 189 27 226 161 27 22 137 25 51 110 135 56 6 39 56
    52 48 10 148 98 179 73 44 78 110 236 223 24 214 8 14 156 33 48 192
    26 173 224 145 197 7 124 25 30 67 202 68 21 176 243 148 58 249 124
    254 112 30 250 90 6 149 226 59 121 248 45 203 5 212 187 78 210 14
    150 128 72 62 159 111 216 123 183 129 37 70 117 44 194 234 153 175
    151 207 166 66 34 23 61 37 69 39 85 246 139 158 154 51 186 110 110
    106 223 209 242 126 84 197 187 241 118 219 107 121 128 246 136 176
    31 174 235 251 2 47 92 136 56 77 144 111 43 189 130 238 40 111 7 130
    68 133 104 246 121 230 113 53 225 15 77 1 197 52 89 238 139 56 162
    164 182 101 138 163 128 69 45 224 220 199 187 252 202 63 39 166 126
    25 254 2 169 226 233 88 253 27 72 110 106 134 31 131 170 103 61 127
    87 204 121 105 41 158 147 69 86 36 77 216 210 232 178 204 17 152 116
    188 110 132 11 30 55 83 123 126 230 29 171 129 225 230 127 227 7 232
    100 160 109 1 1 8 236 172 243 64 242 249 58 251 16 126 128 208 119
    115 84 79 15 162 108 62 235 149 136 41 15 110 173 58 128 179 77 34 0
    13 218 200 72 70 207 127 197 142 195 244 60 52 69 166 120 75 5 42
    166 144 40 36 40 97 31 171 169 131 180 157 165 68 127 188 109 105 13
    234 0 60 232 148 251 73 61 71 177 205 43 105 58 127 229 103 255 223
    108 180 226 105 97 179 107 174 84 91 32 250 9 147 100 203 142 128
    142 176 109 186 117 249 43 51 186 105 195 113 140 84 234 105 254 234
    158 158 120 163 76 242 207 4 143 46 12 122 89 194 86 124 203 7 205
    234 168 164 141 129 104 41 62 255 141 33 170 112 170 65 213 2 154 4
    208 218 52 7 141 82 85 22 71 189 241 205 97 9 197 249 80 14 231 2 85
    56 116 111 44 160 14 132 2 117 107 71 239 53 255 147 195 80 230 140
    237 113 187 233 175 27 86 200 193 55 202 90 14 214 57 50 115 39 134
    233 133 122 128 78 197 0 149 161 96 29 185 67 173 160 231 18 249 70
    110 180 178 34 93 115 166 178 211 46 166 246 19 233 195 129 108 131
    164 135 109 209 169 96 137 74 251 23 108 86 23 139 139 132 42 113
    180 250 0 170 173 156 6 133 163 16 71 140 61 7 82 119 66 115 11 202
    240 8 248 18 4 72 34 32 50 87 145 46 150 232 220 10 29 108 165 148 4
    34 241 132 27 200 194 162 211 78 69 30 64 130 242 103 161 121 242 2
    93 174 237 45 70 103 117 185 232 186 73 12 192 172 24 113 119 119
    239 132 211 151 130 232 85 109 166 219 125 57 43 18 188 50 174 127
    180 14 79 8 114 141 226 95 94 65 169 162 139 30 1 82 86 48 204 108
    243 136 90 187 168 17 205 217 254 192 220 157 193 90 248 234 230 31
    96 31 237 246 139 243 244 47 181 30 104 32 215 93 253 156 78 179 133
    156 10 125 254 25 141 7 138 123 83 203 55 193 81 88 8 9 158 170 199
    131 71 22 108 114 45 98 25 8 53 71 253 81 143 223 83 12 158 178 109
    198 39 98 50 61 82 81 241 143 93 217 101 160 124 223 129 200 136 16
    142 201 88 179 216 99 100 145 237 217 154 0 240 106 163 174 213 38
    99 214 177 112 168 71 224 252 156 243 24 108 137 186 202 231 79 52
    152 124 91 97 99 2 228 74 191 28 154 246 219 105 195 158 187 46 153
    233 93 194 7 159 249 202 224 5 116 29 196 238 193 59 76 208 180 19
    30 50 68 206 20 154 137 230 233 227 230 74 107 100 13 229 196 133 82
    199 216 181 77 92 114 238 204 105 115 137 199 217 217 144 216 77 253
    204 15 123 158 235 163 192 64 21 189 109 159 19 41 94 201 153 188
    214 101 216 156 62 106 99 230 2 153 82 63 153 26 77 225 7 231 90 159
    45 54 24 222 150 9 128 145 57 212 253 181 80 101 27 68 151 218 106
    96 35 86 233 107 185 73 137 235 215 47 11 16 186 84 64 230 146 12
    156 248 176 72 42 118 163 161 39 76 232 145 193 110 221 170 237 32
    119 21 38 194 102 64 1 0 67 237 82 225 80 100 124 42 141 251 214 205
    188 96 147 214 146 182 9 22 179 126 253 203 198 9 82 171 198 8 134
    104 172 206 124 137 164 80 124 132 134 133 185 125 52 69 85 212 173
    170 206 38 238 191 141 214 131 90 246 35 240 163 235 170 153 198 137
    200 231 133 148 218 231 175 229 119 219 52 206 103 223 243 167 106
    210 58 105 142 12 159 246 146 113 14 49 107 10 145 210 188 236 152
    184 151 152 250 135 73 53 247 192 243 190 22 124 154 177 167 197 154
    64 118 239 205 120 43 235 85 216 18 58 7 170 92 7 244 251 104 247
    229 202 184 171 147 114 244 225 53 220 141 156 163 218 218 93 44 196
    6 155 177 238 247 237 152 182 225 248 63 5 153 24 47 218 218 102 24
    7 88 248 243 9 212 32 27 33 193 19 148 70 211 226 5 250 31 98 80 137
    31 110 42 147 44 41 7 207 198 42 189 43 122 112 106 252 173 168 23
    14 145 26 128 194 88 133 160 50 242 127 26 219 184 159 41 236 107 81
    36 181 132 91 63 181 12 168 1 170 214 117 195 242 85 15 186 6 127
    238 134 64 53 87 71 115 72 152 32 36 115 114 171 173 3 119 74 203 94
    230 20 151 240 210 43 130 35 181 218 3 220 75 111 180 98 222 143 229
    130 20 181 243 186 73 155 102 251 146 173 80 36 166 227 253 184 137
    60 5 98 239 26 184 43 49 210 121 111 58 86 127 211 254 105 177 85
    157 23 133 231 160 185 16 190 114 98 82 115 237 49 167 191 132 247
    253 117 208 35 249 85 14 21 48 119 208 224 213 81 119 79 15 47 187
    148 248 231 66 156 225 32 148 224 109 205 102 181 114 72 15 215 240
    107 147 67 133 21 28 135 47 210 173 136 221 11 168 83 231 40 20 201
    60 112 147 208 184 231 234 171 228 174 83 159 180 34 185 38 177 123
    115 160 19 56 116 251 15 36 126 148 202 14 103 240 80 169 115 34 210
    233 205 38 5 236 141 65 101 61 173 132 224 44 239 96 48 14 123 211
    181 209 26 53 234 194 195 50 113 60 27 139 13 70 121 128 148 151 235
    70 49 115 211 10 44 61 163 71 137 237 91 165 127 34 162 116 171 117
    71 103 31 172 122 185 190 130 34 119 28 89 135 240 85 61 42 62 2 241
    135 28 241 127 73 43 98 244 82 45 155 93 215 23 192 46 181 148 103
    157 134 120 110 82 174 216 137 2 162 46 239 154 36 163 180 248 97 93
    63 46 129 187 161 51 253 11 108 217 77 197 47 132 83 253 243 155 70
    0 27 178 133 15 158 222 2 76 158 40 35 252 241 73 172 202 245 147 34
    42 3 157 101 138 67 57 73 104 69 218 178 233 136 247 128 63 48 100
    218 231 250 34 171 232 67 5 145 241 161 131 207 153 136 180 225 136
    103 194 64 100 106 248 202 25 49 65 76 179 126 130 23 86 220 3 61 57
    226 3 109 59 186 212 225 150 216 143 124 253 118 72 246 74 174 229
    125 70 155 104 64 207 207 113 120 43 116 53 162 153 62 100 181 108
    143 18 23 181 100 170 175 129 159 132 248 125 174 244 225 47 43 202
    108 129 216 70 114 183 33 188 133 136 3 61 253 2 25 231 156 124 143
    194 140 165 72 193 196 200 250 190 175 223 25 117 238 165 198 225
    169 148 13 123 148 129 140 55 191 235 88 60 15 241 130 0 50 77 140
    189 230 83 34 25 160 18 50 111 179 20 232 98 96 18 243 136 46 41 35
    63 102 200 107 71 245 247 8 215 220 135 202 128 51 81 29 186 70 252
    252 123 157 104 37 71 192 148 201 141 147 234 163 94 78 102 201 193
    62 99 102 141 16 241 141 86 171 205 210 161 160 25 201 112 249 40 16
    24 173 162 31 235 188 222 13 35 175 68 242 143 150 121 21 225 180 24
    92 224 46 28 183 175 49 169 239 5 66 116 62 175 194 180 101 145 94
    250 141 24 16 169 126 23 156 105 19 25 34 249 197 176 29 229 194 206
    150 184 197 151 196 55 133 233 217 24 46 208 160 195 66 45 53 184
    130 132 134 147 70 147 30 7 72 170 110 183 195 224 203 164 198 208
    191 49 103 9 195 239 185 86 216 18 23 61 4 222 113 134 185 178 135 7
    87 31 81 123 216 48 0 54 120 143 162 235 241 144 186 212 144 175 37
    125 64 244 22 249 68 201 117 48 74 18 183 202 154 111 109 22 54 117
    232 157 213 7 114 78 42 248 6 8 164 211 165 16 163 109 119 196 164
    21 82 207 3 156 115 201 125 27 161 169 104 74 9 141 247 50 57 206
    148 110 126 136 3 7 26 152 41 182 211 39 165 216 76 141 108 58 2 140
    171 122 71 222 253 190 20 179 77 149 122 244 106 12 34 248 134 195
    74 135 163 225 32 17 134 198 217 84 138 171 221 67 33 12 61 153 70
    200 1 206 202 249 87 106 11 156 131 29 53 232 80 130 11 95 159 250
    180 156 14 246 72 45 128 38 105 177 215 229 104 61 53 234 237 122 77
    120 117 5 1 101 68 78 154 123 69 90 249 4 79 76 125 38 211 82 171 73
    228 190 248 16 206 214 21 253 192 58 19 210 224 93 36 15 172 239 143
    141 120 219 81 219 14 120 224 4 39 181 81 239 244 209 146 83 183 248
    11 254 1 105 186 91 54 253 124 113 50 18 11 190 234 58 211 12 4 147
    232 23 45 24 92 250 169 146 52 7 139 74 35 95 60 97 102 100 12 191
    159 237 179 36 111 20 80 63 3 30 240 35 29 150 30 203 51 151 59 239
    133 141 81 198 227 236 161 220 194 37 28 49 69 254 100 222 51 11 225
    88 53 16 85 129 176 37 210 157 139 246 130 178 182 10 181 139 61 223
    27 24 93 73 232 71 21 205 181 224 223 246 78 43 15 164 86 221 238
    109 132 56 46 18 228 223 191 200 16 50 209 21 103 186 35 85 114 44
    252 224 194 131 167 1 188 43 105 15 218 25 228 42 186 3 128 126 9
    171 206 182 103 127 25 90 76 72 226 52 134 57 223 84 107 95 57 207
    172 94 198 189 113 26 163 213 93 228 110 29 10 202 178 34 76 121 30
    4 30 236 114 141 197 93 45 39 112 51 174 135 137 248 63 249 138 10
    230 222 84 119 185 228 86 48 54 62 23 115 197 117 33 74 53 204 239
    24 19 62 68 150 58 64 135 9 84 65 28 61 121 107 71 205 155 126 99
    137 41 231 13 239 227 73 65 215 181 84 205 166 254 217 14 237 11 245
    35 88 250 232 192 52 26 112 160 132 152 96 44 51 84 209 26 175 147
    82 75 75 223 104 218 117 95 242 250 48 166 248 49 21 253 35 117 87
    66 231 78 191 26 177 144 42 122 199 13 29 105 174 250 230 249 245 64
    183 188 240 235 231 131 105 72 93 30 198 196 101 76 150 36 62 177 21
    241 146 143 32 160 3 199 129 135 42 32 12 248 203 197 166 126 9 101
    127 182 1 89 20 117 223 118 110 1 61 149 178 128 71 201 22 234 21 48
    0 194 250 8 197 182 114 63 209 119 89 178 255 87 202 194 12 226 162
    56 223 184 159 49 177 70 136 114 131 58 87 58 114 82 86 192 44 65
    226 215 61 207 97 82 184 82 82 244 228 137 95 76 210 205 22 170 216
    182 57 215 61 225 14 158 251 150 103 68 209 131 121 164 98 67 125
    149 15 249 143 108 134 228 151 78 241 25 143 69 149 209 36 53 20 169
    155 127 111 42 236 93 206 249 177 116 156 118 84 184 103 200 47 152
    65 46 28 222 80 234 143 128 204 98 78 174 29 0 36 140 145 80 157 45
    218 203 225 113 237 245 136 75 93 50 54 118 205 80 186 89 222 52 155
    123 131 160 38 67 89 228 174 111 117 98 40 170 7 44 191 66 108 174
    56 204 189 77 248 178 79 154 79 3 190 111 198 24 200 198 238 71 123
    122 113 233 246 121 210 146 128 161 76 87 192 15 83 88 150 183 61
    199 186 131 248 121 98 50 161 58 201 208 44 109 3 144 207 234 164 59
    104 51 215 247 49 194 183 135 142 96 171 143 102 78 150 185 71 26
    156 6 131 11 179 147 140 248 23 198 210 222 187 91 133 47 72 66 199
    0 226 99 55 84 96 134 41 59 185 226 224 193 130 70 92 199 16 228 222
    126 196 217 41 136 135 164 28 115 54 228 1 92 20 12 62 60 236 209 60
    11 127 125 13 121 163 183 53 231 23 64 157 92 119 175 203 91 68 36
    232 42 71 195 215 152 162 152 6 105 187 121 93 187 108 119 151 250
    162 96 94 22 62 52 237 9 235 251 106 31 1 248 14 74 145 126 52 205
    64 219 126 54 107 250 123 235 225 139 220 161 254 226 110 229 83 211
    148 97 49 149 114 165 3 29 219 83 218 66 244 174 252 241 91 64 103
    218 215 104 249 94 166 87 252 17 44 192 179 7 176 110 155 204 65 109
    168 222 44 164 60 118 38 185 153 240 49 243 156 171 48 241 140 160
    124 133 1 72 75 117 226 251 121 227 124 53 136 109 225 137 27 26 128
    120 251 251 114 89 61 216 142 149 100 147 244 186 102 215 48 153 73
    21 154 102 206 78 196 33 72 106 85 148 135 135 230 219 163 249 122
    111 119 143 178 21 225 91 216 232 27 244 100 109 99 58 200 108 131
    115 216 94 10 20 218 39 65 210 179 222 9 123 249 25 114 161 127 85
    23 130 169 246 200 201 127 206 250 130 111 211 148 184 198 149 232
    210 152 76 185 141 221 79 201 23 68 47 145 16 197 13 192 99 159 120
    95 118 103 243 59 163 42 35 155 176 87 28 73 218 247 196 123 185 139
    22 119 176 117 118 113 218 252 238 39 147 8 203 210 244 150 37 107
    90 35 77 11 117 33 188 144 44 20 10 7 108 228 95 79 247 49 124 12 61
    5 238 100 46 51 113 107 126 92 104 131 237 154 10 185 97 87 20 140
    18 4 229 130 141 130 201 165 115 229 252 158 177 178 173 130 240 201
    158 82 201 83 20 83 133 73 199 193 129 145 130 227 69 156 6 228 205
    155 74 160 61 58 188 233 176 212 82 244 10 151 116 77 87 129 89 229
    96 210 8 250 205 214 186 209 182 31 71 217 81 141 53 231 114 139 95
    207 251 168 235 173 162 146 106 116 79 188 99 113 103 249 12 80 220
    68 66 187 93 40 252 80 24 27 239 105 109 171 65 212 84 182 104 222
    160 199 25 59 178 46 65 63 141 68 184 212 65 3 191 69 151 113 254 42
    11 37 169 147 184 214 84 29 211 246 209 154 122 176 5 129 113 207
    159 113 177 66 99 63 41 1 105 44 41 193 27 150 191 30 240 4 125 30
    214 55 172 94 180 153 140 119 33 228 8 154 10 123 158 4 44 109 154 4
    180 243 142 104 147 222 150 187 117 234 136 63 228 1 184 46 80 157
    163 144 80 232 55 80 190 83 248 248 68 197 161 187 54 55 197 64 157
    54 75 104 54 240 128 240 223 243 90 20 49 57 246 236 108 85 136 24
    228 77 185 57 180 92 66 13 108 9 183 150 124 180 58 170 82 163 193
    118 90 28 250 203 84 231 10 78 54 82 91 87 22 251 83 145 197 105 129
    150 211 167 93 89 200 201 110 252 3 21 61 115 132 207 9 40 33 220
    221 188 57 199 189 119 36 132 161 7 111 148 98 155 12 21 248 71 163
    111 118 36 167 139 179 224 236 204 121 127 159 215 250 252 5 120 237
    118 174 67 61 209 132 109 182 136 191 123 221 129 87 70 21 186 6 28
    96 148 154 25 132 96 56 102 215 231 214 132 81 32 22 5 10 171 28 174
    28 62 168 175 51 35 82 254 133 147 181 110 230 188 125 167 105 163
    235 226 214 68 168 142 113 232 231 193 179 28 24 120 66 4 32 56 199
    200 152 3 126 182 2 161 106 193 44 83 227 10 196 115 110 41 99 60
    224 188 57 231 166 4 251 17 31 144 173 155 114 62 148 196 2 54 245
    102 27 43 149 210 141 42 251 16 114 214 43 168 14 252 41 204 35 94
    163 112 221 111 97 108 156 252 173 246 94 108 249 158 163 54 254 84
    60 41 32 133 18 206 135 47 15 231 50 8 7 40 32 148 207 156 104 226
    20 1 79 251 6 46 250 221 242 224 190 130 124 178 65 143 81 54 228
    139 169 143 197 24 129 175 132 248 105 67 210 69 235 79 29 74 62 251
    150 209 186 137 47 191 229 119 34 186 8 162 118 172 244 230 194 241
    106 2 55 174 95 194 155 70 253 193 145 132 212 202 113 165 93 239
    155 66 34 132 250 135 91 221 215 229 208 49 74 154 155 105 59 89 67
    37 236 48 17 4 167 165 205 156 184 182 34 55 239 86 90 99 56 26 110
    243 18 204 144 42 96 222 15 61 140 159 132 104 108 221 139 125 218
    197 5 129 2 157 33 160 21 114 163 81 37 202 243 107 197 193 247 100
    72 167 198 177 143 100 20 17 78 177 68 129 23 19 2 224 147 49 122 5
    105 66 88 236 81 238 71 114 167 167 23 75 79 28 173 141 95 42 248 66
    140 44 216 148 127 223 16 65 230 29 174 169 210 145 15 97 169 152 56
    199 63 111 245 82 90 221 76 81 200 193 50 224 157 129 250 33 22 118
    244 10 56 54 148 119 251 78 41 159 16 87 226 60 225 3 202 111 99 129
    205 164 150 184 212 20 137 27 107 112 148 73 191 98 78 180 92 189
    154 247 76 142 194 235 72 41 112 7 193 78 175 119 3 54 3 217 218 187
    207 94 150 124 217 70 165 151 135 52 18 247 63 235 76 249 105 93 18
    88 96 127 110 49 214 178 154 87 18 7 205 193 233 202 31 94 98 163
    251 91 163 98 103 104 40 112 126 150 243 218 101 133 123 70 99 117
    150 5 195 251 251 118 134 98 156 250 43 61 145 198 144 145 238 148
    114 61 154 38 204 121 67 71 99 160 95 159 8 144 58 218 224 209 128
    248 30 151 240 255 84 212 50 59 231 56 245 144 33 116 214 128 215
    191 249 15 133 74 202 47 175 62 241 86 76 237 18 212 178 228 132 244
    137 157 22 119 52 107 162 207 72 177 20 33 247 133 110 117 72 253
    252 179 56 226 108 100 114 36 14 162 64 219 21 150 251 35 138 226
    165 206 158 217 240 203 102 120 214 129 249 247 205 57 96 229 31 165
    6 238 160 115 44 103 239 195 164 147 52 176 18 160 130 42 215 198 77
    172 15 251 16 47 3 158 135 95 184 111 200 37 152 141 243 23 28 215
    80 92 119 26 118 5 165 57 167 7 67 211 185 4 147 14 222 248 245 154
    17 155 157 137 60 73 147 138 151 209 73 10 180 147 121 85 56 112 36
    30 67 251 124 117 245 124 196 198 48 203 56 74 46 16 91 30 84 209 27
    58 28 101 37 8 53 29 205 1 96 225 63 244 55 20 6 183 177 107 113 174
    205 220 29 87 188 248 41 139 76 235 146 85 25 179 98 55 47 46 64 243
    13 79 164 109 38 133 18 203 235 55 227 22 74 73 65 243 213 67 76 143
    126 127 132 12 216 17 114 181 101 175 166 227 127 87 37 12 248 95 78
    87 87 214 251 161 110 143 204 19 149 55 155 90 197 220 108 169 202
    155 248 59 25 157 246 38 72 126 177 255 195 84 69 154 141 250 108
    146 94 173 114 179 220 243 165 163 48 33 241 98 68 37 194 102 109
    216 172 131 228 32 235 58 12 129 179 178 253 12 1 1 53 125 157 105
    77 167 150 48 235 7 243 82 32 42 129 3 210 254 165 196 39 41 27 9 79
    48 68 131 41 1 158 243 246 117 0 31 222 32 106 167 14 66 141 217 69
    66 218 147 157 251 24 40 63 151 74 205 223 102 202 68 2 89 164 21 41
    92 10 129 165 6 31 135 50 14 133 62 77 103 5 87 177 48 188 189 251
    33 32 248 176 174 39 91 178 115 7 86 55 94 59 127 88 120 182 184 138
    191 179 32 87 90 44 80 215 102 202 235 216 250 84 96 24 202 33 128
    32 90 203 107 234 90 236 131 50 187 129 6 59 72 177 109 24 237 175
    204 249 113 214 10 229 218 55 101 83 137 178 78 51 162 168 179 104
    128 45 218 50 21 63 38 244 67 137 94 99 152 198 4 13 159 185 192 218
    207 150 16 214 246 206 9 64 155 74 138 89 189 54 127 188 84 94 122
    118 138 20 184 64 185 12 252 231 118 100 13 33 182 43 95 98 132 63
    118 215 250 20 15 6 193 102 41 60 235 194 185 163 47 127 206 21 184
    163 149 40 167 254 149 19 167 138 202 95 181 39 159 11 75 122 1 123
    15 215 19 44 2 23 234 80 90 206 70 116 183 172 45 51 118 230 93 227
    247 141 117 106 250 83 194 178 105 51 211 99 111 33 81 55 90 50 37
    185 16 67 133 110 47 175 157 142 91 123 165 156 62 20 220 42 64 221
    149 107 218 52 186 196 90 48 176 75 166 202 127 236 247 136 155 160
    232 57 42 78 41 108 225 253 84 87 133 185 193 34 216 163 186 26 72
    53 131 236 206 89 94 241 115 215 117 121 23 14 72 168 155 173 180
    165 138 49 134 220 36 93 12 4 189 41 53 146 57 179 167 166 78 191
    170 61 106 92 116 182 88 72 43 202 47 194 64 97 201 191 60 237 135 9
    80 11 204 43 22 107 70 240 249 51 12 115 192 8 218 33 93 230 182 58
    221 144 241 239 133 216 199 193 206 81 242 227 243 112 181 10 144
    146 156 166 215 213 157 170 94 110 86 61 174 207 163 176 183 81 3 39
    253 99 14 222 244 158 82 22 216 125 19 40 101 3 59 104 40 255 85 185
    178 105 243 110 0 42 233 157 56 235 240 23 89 210 72 214 229 243 78
    155 138 176 141 70 46 52 95 69 252 142 162 50 169 113 238 106 182
    207 245 68 68 247 104 150 12 41 84 116 7 44 248 98 193 194 63 229
    141 42 70 226 142 184 51 232 147 31 194 232 23 174 35 56 79 98 22
    255 60 219 197 142 198 156 163 34 12 184 49 143 2 232 168 222 1 117
    171 151 129 183 27 214 66 181 222 200 0 120 169 83 29 44 208 24 117
    211 116 189 34 81 49 14 57 103 99 63 116 93 151 151 131 128 17 18
    140 217 158 148 67 17 79 119 244 68 95 244 222 48 33 47 117 143 204
    176 80 172 246 214 214 156 103 93 40 19 209 112 34 184 254 19 252
    208 236 246 164 83 121 219 170 62 228 226 111 17 208 17 254 229 52
    215 232 47 202 151 36 31 53 121 76 151 43 100 26 198 115 22 17 211
    170 247 192 136 64 59 211 102 210 220 134 205 93 237 13 90 65 198
    134 48 193 171 65 29 138 236 137 245 65 120 49 240 158 62 137 1 197
    241 96 132 186 246 64 2 141 66 24 158 98 158 145 137 110 187 92 51
    202 253 147 19 40 149 113 85 106 130 242 202 164 70 217 208 240 92
    247 53 20 164 48 238 145 35 155 18 188 143 121 216 45 55 164 8 170
    235 190 213 217 43 207 229 115 130 185 233 220 42 216 63 11 86 206
    165 217 213 243 87 193 54 105 52 189 196 17 131 152 173 28 179 155
    58 194 141 147 92 21 232 40 185 70 13 74 220 67 16 206 5 237 211 113
    168 248 253 90 94 43 206 36 67 156 49 63 155 218 139 39 23 48 109
    210 99 12 223 181 187 165 235 28 143 230 173 227 81 192 48 134 101
    173 254 192 42 73 252 12 245 154 162 126 143 106 41 91 181 87 209
    207 194 29 10 89 118 113 43 112 96 233 244 192 192 25 55 27 129 74
    121 112 19 234 175 180 71 215 34 134 186 5 77 40 73 30 18 119 242 1
    119 251 80 178 107 54 149 116 179 27 31 251 136 184 7 129 244 29 166
    35 30 245 61 222 220 237 41 41 71 107 70 83 114 117 160 210 236 130
    126 239 247 249 229 235 68 36 173 218 171 233 70 49 6 34 69 86 30
    140 30 122 133 104 107 116 178 88 196 28 174 45 171 194 43 104 17
    183 94 186 81 233 177 210 235 86 214 159 128 203 33 250 201 170 131
    134 20 19 54 222 172 86 218 43 122 78 219 241 109 158 118 236 209
    173 65 155 80 19 133 154 189 194 232 86 159 223 192 2 197 58 107 22
    220 1 17 169 150 148 67 217 64 38 246 35 33 130 215 212 213 52 188
    200 194 232 152 198 188 36 98 222 74 113 227 142 170 46 142 242 164
    71 255 43 113 4 63 221 169 17 167 189 1 224 125 235 162 241 178 176
    106 86 169 101 159 120 119 20 238 106 6 26 120 5 5 116 236 71 20 43
    163 170 48 74 179 3 199 199 249 225 50 93 147 97 97 231 59 7 23 120
    79 186 150 104 56 223 212 53 59 74 215 0 195 67 214 234 213 211 96
    158 139 92 216 254 190 98 7 168 233 8 92 191 149 54 82 157 34 75 141
    112 77 174 127 15 28 85 124 229 93 174 176 44 118 11 193 241 75 78
    89 102 17 239 167 95 22 197 113 94 202 147 213 220 90 125 202 162
    174 72 174 137 11 153 152 215 254 40 93 70 37 10 17 190 78 96 237
    158 153 126 5 253 44 108 240 251 153 54 105 5 104 151 47 130 241 101
    64 133 42 133 125 40 204 210 243 21 135 191 130 205 250 83 175 150
    253 129 34 82 174 19 0 53 254 210 20 209 130 170 79 104 125 224 202
    146 6 29 167 236 108 86 161 186 71 126 94 126 176 33 58 11 90 53 39
    48 205 251 50 103 248 4 131 125 23 11 37 111 131 84 27 39 250 93 196
    56 126 130 117 158 63 28 28 6 25 138 47 177 159 206 86 136 61 124 62
    114 168 75 181 207 126 190 119 6 48 58 197 73 99 112 74 255 79 1 69
    154 11 237 51 136 93 143 0 250 189 151 109 223 31 118 231 125 158 23
    3 96 70 109 58 76 133 27 223 163 236 251 1 150 46 209 124 222 94 6
    142 145 27 155 228 20 125 32 180 25 124 62 159 212 150 65 211 124
    214 123 182 212 45 40 186 35 237 107 39 172 208 13 63 66 251 202 238
    133 85 123 213 239 137 46 212 32 39 254 145 106 134 176 107 18 154
    136 202 5 167 198 127 108 240 250 134 87 61 67 151 72 143 166 204 77
    8 81 253 249 32 199 164 182 205 115 188 206 31 167 180 188 192 68
    202 44 221 170 186 154 87 45 48 139 184 143 222 23 209 231 134 37
    102 101 127 62 70 99 174 157 126 214 8 20 3 22 53 165 213 138 192 97
    159 32 213 105 232 125 220 251 14 79 6 62 56 119 127 213 82 200 2
    117 169 225 201 48 158 214 53 172 86 35 75 156 36 111 194 210 152
    192 254 61 254 216 54 98 45 216 174 190 118 76 190 58 212 54 243 188
    233 5 215 134 43 188 64 79 125 171 162 154 195 95 73 139 154 6 215
    223 186 97 235 60 45 122 210 125 237 72 158 51 23 142 184 62 120 144
    223 67 5 94 244 37 109 253 243 56 41 46 42 175 47 32 209 114 179 170
    10 121 14 233 209 179 93 210 37 147 161 14 23 235 80 232 222 57 236
    142 52 6 133 30 133 149 252 19 192 178 3 55 61 223 230 164 189 131
    181 246 65 185 116 248 70 77 111 86 12 175 99 48 41 180 91 120 110
    113 68 103 245 155 82 111 64 182 248 104 251 117 229 141 45 155 38
    222 106 227 48 237 233 71 93 170 52 1 205 10 144 180 121 4 108 3 126
    55 210 232 41 98 255 30 42 252 203 186 147 43 225 10 126 105 246 86
    194 172 250 192 14 4 172 66 65 50 222 106 152 63 195 176 165 250 65
    183 124 131 133 222 202 97 73 128 54 96 45 252 136 126 171 223 62
    239 163 230 188 214 19 49 175 2 189 110 187 38 20 204 66 90 43 223 2
    26 189 103 134 11 89 93 26 38 130 31 53 235 188 122 51 145 239 50
    211 204 20 61 145 74 87 111 214 66 41 40 39 128 23 181 246 0 5 162
    153 198 182 127 210 227 180 96 252 203 177 183 121 154 159 159 40
    141 225 226 61 31 8 46 105 125 107 148 44 197 44 31 21 153 192 61
    233 48 31 7 176 226 90 84 176 229 110 193 122 247 68 201 102 44 255
    90 145 211 105 188 173 17 224 41 166 195 222 241 243 69 210 182 107
    101 156 254 107 79 242 187 107 8 105 54 118 251 241 46 170 173 127
    208 244 145 129 31 218 95 188 107 252 94 160 243 188 83 124 113 20
    168 192 42 103 215 126 87 205 119 15 108 190 127 58 156 23 53 59 162
    124 82 0 44 156 179 190 225 26 141 247 14 71 52 139 21 46 5 164 96 8
    46 159 31 21 183 179 60 210 78 167 99 70 107 143 168 209 3 243 162
    151 165 219 99 113 161 202 125 132 131 253 217 21 161 58 69 243 250
    35 48 193 182 98 56 32 141 181 128 102 122 56 46 44 249 115 17 19
    232 137 166 107 21 188 107 94 12 117 128 99 183 245 203 89 165 114
    131 130 106 27 39 84 11 184 198 86 43 42 63 129 114 69 129 214 217
    253 74 99 141 45 130 97 75 138 175 84 209 168 89 64 25 113 87 133
    122 224 180 81 111 172 51 19 236 29 64 2 105 63 198 241 188 192 73
    113 24 38 34 107 161 68 212 113 11 141 87 204 48 149 13 163 28 205
    48 156 11 95 59 49 145 234 61 133 101 241 141 135 247 117 245 240
    223 50 113 41 158 173 162 219 88 206 144 111 162 17 24 56 6 62 208
    50 241 242 253 205 103 1 116 179 143 231 44 199 235 40 131 87 156 75
    236 158 222 2 185 166 141 57 20 110 81 73 107 130 123 9 57 131 176
    41 162 42 221 111 4 162 107 124 41 212 81 167 45 56 252 148 40 76
    231 104 177 171 205 153 50 51 183 169 101 169 103 24 73 44 253 54
    232 108 165 195 138 217 254 95 75 144 195 68 135 75 252 215 201 162
    247 161 170 250 136 176 241 136 47 219 64 245 79 200 168 166 67 238
    82 137 174 253 122 155 38 138 228 37 168 188 121 205 228 155 109 75
    13 68 151 130 175 139 145 57 130 1 104 239 124 149 118 25 133 211 28
    172 11 225 88 221 4 150 27 181 172 80 184 95 231 59 89 46 145 237 81
    52 150 70 179 213 103 22 243 142 50 75 188 177 200 40 92 62 194 90
    241 136 228 73 189 49 52 199 223 184 112 148 206 88 242 171 79 22
    115 106 71 197 77 86 228 2 7 46 140 254 48 108 205 69 112 157 131 65
    190 191 70 247 172 176 51 132 139 46 117 49 115 97 251 219 141 11
    196 97 225 248 36 231 12 220 221 233 23 73 220 149 37 149 80 50 113
    164 64 62 50 165 183 142 63 211 186 235 230 219 227 3 206 227 33 23
    168 67 227 165 137 43 209 218 255 234 149 127 68 155 173 166 144 47
    72 55 63 255 71 233 176 243 161 2 29 23 24 22 21 169 145 248 175 136
    171 19 165 171 170 54 175 142 185 75 68 31 129 145 215 6 77 121 193
    134 169 10 13 142 219 144 229 113 12 40 161 145 91 204 46 236 89 90
    120 82 86 195 146 28 105 230 104 145 129 219 191 198 81 22 34 127
    234 68 160 220 85 175 199 185 224 155 119 206 158 40 59 98 125 174
    29 142 203 201 167 111 64 84 92 26 122 59 54 228 77 121 180 207 66
    143 53 55 220 97 38 217 234 116 5 190 101 2 150 208 16 125 232 79
    143 10 167 24 223 184 73 254 149 98 40 16 111 218 244 208 7 149 5 51
    250 119 51 102 64 104 104 205 238 252 63 113 115 236 17 193 20 189
    66 127 242 73 223 106 72 163 71 164 190 254 75 117 201 128 139 88
    183 108 118 67 127 21 145 205 133 97 167 182 64 177 82 124 212 12
    166 37 113 96 45 176 69 166 98 198 114 194 249 83 142 94 98 232 222
    90 201 68 98 60 252 219 5 90 6 50 223 69 157 61 214 129 141 164 150
    113 38 166 31 70 233 62 253 27 250 149 143 126 220 204 69 172 46 132
    209 189 20 58 173 46 212 248 55 51 60 19 217 110 252 219 89 84 200
    200 22 186 171 31 141 143 201 131 75 86 204 34 149 68 155 197 42 222
    255 29 189 67 222 58 46 9 123 33 228 10 195 238 7 20 104 111 49 142
    16 55 8 234 185 111 112 232 33 208 17 41 30 94 180 143 18 180 166
    190 220 78 238 53 210 219 210 132 28 3 57 120 82 27 31 35 194 198
    138 4 74 158 21 212 88 93 172 77 38 34 38 183 97 61 94 105 28 51 228
    83 131 53 191 160 62 151 192 157 129 235 37 136 251 183 70 129 244
    178 180 88 46 222 171 63 242 123 249 134 158 176 249 238 219 27 211
    238 141 214 166 226 215 141 199 171 253 109 88 237 219 252 211 71
    177 0 30 17 212 159 166 46 245 135 22 8 117 6 253 1 244 83 4 228 210
    63 156 159 207 90 147 170 29 124 151 33 92 12 118 45 27 33 155 184
    170 89 151 173 78 60 112 195 80 31 60 25 199 71 170 46 171 64 218 54
    44 43 222 74 76 183 100 76 110 80 31 243 52 42 122 64 182 74 166 113
    1 157 179 176 78 193 47 102 181 119 42 67 159 60 150 60 157 160 146
    171 69 136 58 65 192 136 87 54 39 114 206 223 144 203 128 168 153 12
    56 213 16 39 29 246 28 206 241 206 83 15 180 95 123 47 16 85 253 140
    17 201 197 22 245 192 98 220 214 134 218 182 217 66 14 251 158 128
    32 175 145 26 88 19 4 246 56 127 15 76 27 125 38 116 138 44 73 167
    254 38 173 235 203 14 146 117 126 45 236 67 175 27 214 176 78 95 0
    79 248 22 140 234 171 185 254 137 37 43 71 34 99 237 98 216 112 253
    68 42 103 160 25 5 224 101 94 134 107 177 39 216 21 7 203 158 22 95
    114 159 30 57 163 197 30 28 119 144 34 194 143 111 197 227 37 54 77
    248 57 22 239 150 190 48 190 251 46 94 102 3 55 12 220 105 229 193
    38 136 226 131 129 68 224 206 180 171 227 34 159 204 51 210 19 173
    29 195 9 86 154 228 206 230 184 62 209 203 218 46 135 112 159 78 177
    41 103 97 148 0 244 185 61 80 161 130 238 36 170 7 68 25 44 62 69 2
    169 154 19 227 191 9 94 61 246 117 165 13 240 8 33 24 166 212 10 120
    155 122 232 28 42 242 11 209 207 18 124 45 127 30 199 181 80 195 238
    207 254 120 209 181 85 189 29 188 108 54 156 121 187 71 37 228 132
    143 36 153 21 66 166 45 25 10 185 67 146 109 141 20 57 196 127 39 33
    206 212 137 26 94 115 134 101 3 244 20 119 199 216 61 37 28 216 164
    243 185 103 4 183 104 157 19 133 111 243 180 246 34 99 146 142 33
    103 168 114 130 231 213 125 201 216 15 251 114 147 241 122 126 92
    248 229 198 206 178 81 109 48 174 232 46 126 148 69 152 19 141 163
    163 160 247 71 87 121 129 161 204 23 46 203 220 60 210 218 152 106
    234 184 74 203 250 47 98 111 240 70 12 22 28 72 252 252 93 255 2 102
    114 250 20 10 11 8 166 246 28 99 20 132 42 157 49 126 197 213 33 251
    250 215 215 210 86 19 1 255 70 81 36 63 99 109 91 74 248 95 119 83
    236 162 233 146 219 240 37 32 184 207 251 233 74 252 158 2 156 89
    226 62 164 126 109 45 63 55 151 101 170 215 211 62 173 207 6 134 31
    203 19 207 236 180 235 68 250 199 14 199 180 229 68 39 104 48 217
    213 188 147 224 39 107 211 138 178 254 17 47 127 248 159 112 86 232
    62 160 7 49 175 128 211 61 235 58 163 151 207 97 242 111 255 139 71
    72 172 155 62 102 233 205 16 106 223 29 198 107 91 242 5 156 241 68
    220 153 5 73 223 55 183 68 100 237 115 152 180 115 147 87 131 46 163
    222 95 1 134 124 15 0 10 230 17 116 219 222 45 193 182 121 108 185 6
    104 108 48 147 97 191 237 237 170 87 230 219 152 101 117 212 159 87
    133 200 183 62 63 204 108 11 53 233 142 13 33 213 227 146 159 227
    150 80 147 118 125 26 144 155 20 114 158 221 22 79 20 248 26 247 178
    40 155 206 131 188 57 118 168 125 190 6 34 21 6 13 140 46 81 6 122
    19 65 197 71 38 57 224 247 213 201 206 138 194 216 234 87 178 47 88
    15 191 249 242 53 78 217 244 158 167 100 28 36 202 17 70 139 91 66
    88 189 233 37 143 138 91 248 51 137 29 224 212 65 153 73 43 169 241
    144 164 237 207 174 213 179 239 36 86 28 216 102 218 184 97 4 240 88
    174 7 50 10 132 32 253 136 218 78 213 39 78 133 80 40 87 224 132 59
    243 100 115 90 140 96 16 162 167 24 36 100 200 137 50 85 82 125 149
    232 19 169 25 127 234 91 154 200 107 105 105 81 209 179 190 77 186
    31 94 208 120 41 28 212 50 205 185 107 30 39 154 204 91 204 254 179
    138 43 200 201 179 120 41 96 127 208 4 171 76 62 82 63 76 213 216
    225 14 19 16 8 234 34 115 163 173 108 103 56 38 40 36 40 10 108 252
    116 182 13 7 157 38 107 207 253 64 152 41 231 137 122 96 139 131 76
    8 129 125 159 78 131 247 142 162 93 77 200 192 123 188 67 189 160
    180 191 219 187 105 63 227 122 146 122 104 183 153 210 147 162 98 5
    185 65 31 145 20 255 98 43 73 233 40 173 27 253 217 224 27 214 244
    46 227 167 12 55 180 39 209 113 21 13 52 175 201 110 161 247 29 221
    130 191 252 141 227 136 88 49 134 35 242 75 185 49 6 89 156 220 164
    157 58 253 120 170 138 16 204 140 110 110 163 209 2 103 177 169 97 7
    140 80 227 172 191 185 163 34 81 35 226 16 205 227 3 103 103 109 17
    63 132 97 59 76 212 90 172 13 219 238 243 51 64 96 13 90 5 175 223
    146 145 6 250 126 21 100 106 74 214 174 40 129 73 20 7 102 52 106 85
    236 229 96 36 41 72 155 108 66 141 86 232 182 92 145 168 35 97 159
    206 43 227 221 39 241 15 119 181 131 165 200 172 16 102 13 171 48 85
    123 34 57 57 114 39 114 75 14 37 66 116 10 33 133 22 139 5 45 159
    233 131 242 187 33 73 46 233 120 23 119 175 34 230 96 209 65 244 76
    227 84 100 127 130 199 59 221 73 206 3 71 109 250 107 145 130 52 192
    237 130 239 210 6 58 178 103 158 215 108 221 92 219 18 66 236 105
    237 209 237 7 99 244 130 239 211 46 173 19 225 151 14 148 98 150 193
    216 212 145 104 214 118 227 215 229 144 232 89 145 7 211 196 12 238
    9 248 224 27 67 123 195 191 13 145 211 110 54 140 131 41 146 193 30
    187 247 188 62 111 33 7 196 25 212 92 105 245 101 228 43 166 190 208
    223 113 197 75 93 16 13 41 218 163 51 16 119 134 214 68 91 79 96 21
    62 40 153 6 69 36 136 136 236 26 185 198 173 2 30 29 70 136 124 191
    250 172 6 25 130 125 93 10 250 214 114 122 94 54 50 83 144 11 220
    146 214 97 46 126 135 28 185 207 72 127 216 250 93 147 212 97 67 144
    109 86 138 179 108 134 139 235 114 124 29 139 35 0 247 140 184 124
    192 119 191 140 186 151 251 123 216 48 195 50 78 222 229 52 10 130
    94 108 200 186 188 171 248 6 233 209 132 136 93 238 118 25 124 191
    24 66 225 243 57 127 243 224 10 158 59 103 151 160 11 133 156 251
    210 226 255 92 243 255 97 204 45 227 202 160 229 209 11 4 41 30 233
    213 105 124 200 169 113 67 55 79 246 151 176 44 49 56 5 12 224 72 84
    244 30 129 65 30 9 203 205 70 67 92 28 38 88 104 239 85 138 4 81 3
    163 191 54 151 252 211 147 40 119 54 103 158 22 103 186 240 77 190
    42 197 224 100 166 145 231 202 212 155 11 132 221 164 165 35 137 216
    168 157 158 187 157 152 124 9 124 202 117 234 5 234 158 179 11 61 76
    203 188 15 121 200 228 130 56 106 128 51 86 217 205 142 201 230 49
    45 77 133 36 30 89 132 192 222 66 110 213 13 88 124 57 254 32 19 103
    16 53 194 210 43 80 255 72 106 21 239 196 224 60 126 98 133 96 145
    100 87 226 62 30 150 56 235 220 77 160 80 242 45 156 81 134 163 155
    162 192 182 110 231 31 109 238 113 8 207 144 106 199 93 43 75 51 74
    69 248 151 62 216 113 225 111 144 178 175 14 173 195 216 98 169 99
    244 125 191 182 135 12 225 240 29 116 18 255 215 104 88 174 27 70 65
    12 212 254 94 202 0 53 80 198 136 52 223 146 30 115 207 123 208 177
    109 2 153 1 76 62 43 25 152 114 8 171 170 97 117 126 230 22 11 180
    104 221 132 63 161 48 255 199 12 154 253 172 192 100 95 31 18 178
    176 144 235 24 158 92 37 218 243 23 83 235 205 29 217 115 179 52 167
    78 29 76 77 140 195 164 220 126 167 119 96 68 132 106 40 175 67 151
    143 209 131 87 114 130 16 18 195 140 2 246 9 96 10 54 132 157 81 104
    167 161 253 122 143 202 173 216 47 95 148 132 169 231 73 85 158 247
    160 36 199 124 162 0 112 214 23 125 124 65 9 97 215 147 129 21 168
    233 61 251 253 242 249 22 172 132 160 102 132 134 47 114 227 54 225
    52 13 62 157 1 144 184 157 239 14 160 137 71 219 201 19 224 39 157
    25 130 161 223 169 74 43 6 230 26 3 236 90 118 27 224 164 223 218
    148 133 64 183 55 77 216 47 84 42 140 126 211 134 233 30 179 251 230
    148 8 240 98 155 152 26 13 183 238 35 226 153 26 118 206 143 2 216
    91 75 239 211 16 26 90 86 130 127 13 239 232 235 144 51 100 51 204
    196 14 215 118 95 184 92 23 235 179 138 159 165 131 123 228 152 210
    12 137 66 60 233 64 197 59 142 4 149 137 24 251 124 233 63 132 78 4
    204 106 33 254 18 49 252 197 179 44 177 188 48 77 63 11 200 239 28
    33 133 209 251 72 106 217 179 195 81 129 246 169 193 15 89 0 60 35
    226 241 168 241 143 178 236 94 250 198 212 161 184 65 213 30 235 235
    244 181 65 82 136 167 192 171 147 41 140 128 229 161 71 131 114 126
    106 0 181 236 106 64 239 130 169 118 225 18 138 47 65 88 34 81 51 29
    145 81 84 57 48 52 214 127 210 122 244 99 238 43 177 152 29 88 104
    59 93 25 91 7 168 191 220 19 102 135 55 22 169 128 228 140 7 173 208
    85 167 182 105 242 178 30 20 104 178 119 136 193 232 197 89 159 121
    146 206 32 49 240 3 9 87 146 233 147 138 104 222 110 220 88 130 80
    126 117 27 247 58 134 150 141 113 117 175 229 68 42 97 187 119 203
    154 10 0 126 184 86 78 129 55 200 15 106 118 255 247 73 124 41 94 96
    248 34 247 202 84 90 168 184 127 174 255 176 86 190 201 118 205 53
    74 123 0 59 88 204 20 185 209 22 181 8 216 176 206 39 122 6 16 74 89
    133 193 5 89 125 217 96 130 54 116 250 127 19 135 113 66 120 240 114
    161 47 59 114 111 137 207 121 60 234 87 205 174 144 231 63 202 243
    240 253 194 202 94 6 74 62 27 180 27 117 138 156 199 0 254 80 219
    224 254 244 38 152 88 239 209 54 58 203 245 13 1 81 160 1 206 30 95
    4 154 147 230 26 245 140 57 191 181 72 35 220 195 239 120 52 231 118
    231 143 91 32 193 95 96 81 255 22 171 26 236 5 62 52 235 215 166 53
    100 85 130 155 228 235 191 145 221 38 161 109 197 254 11 208 106 101
    200 184 99 22 225 37 235 11 0 164 234 198 44 40 37 234 74 37 181 199
    137 11 195 154 81 93 116 201 54 61 164 227 21 226 186 139 155 31 222
    204 134 13 15 12 89 63 117 53 243 117 172 72 101 102 253 42 196 31
    211 253 215 41 116 106 83 39 196 158 140 134 134 139 66 187 178 207
    1 181 240 199 200 7 14 50 192 86 169 205 219 159 243 14 213 231 169
    18 236 35 53 227 214 226 36 246 34 91 39 224 97 99 214 69 123 5 11
    233 219 194 138 34 188 174 167 0 160 129 226 32 11 139 252 199 119
    65 59 121 221 190 216 204 137 87 57 88 215 23 115 168 113 120 45 146
    0 156 130 10 108 86 46 221 141 69 0 126 51 230 22 147 47 45 167 34
    98 139 52 54 38 224 172 206 105 198 89 27 191 0 126 29 89 162 188 50
    158 32 167 54 127 173 57 12 213 83 153 183 81 140 174 124 35 205 13
    17 126 131 99 221 164 116 72 158 237 50 251 158 82 6 82 20 221 171
    254 27 206 171 128 11 11 5 79 40 251 242 229 18 187 22 206 196 151
    165 47 53 198 61 231 71 116 79 57 115 25 200 60 221 160 136 164 11
    165 223 44 139 204 209 34 183 130 4 168 102 189 134 227 185 208 137
    13 228 143 67 69 67 167 133 43 111 11 143 183 25 160 135 255 68 242
    92 190 252 106 216 215 15 207 112 76 254 252 122 234 216 81 70 85
    129 238 238 205 159 112 1 110 187 87 111 97 82 96 248 6 74 118 157
    213 5 148 221 15 46 38 70 99 220 220 53 6 64 62 236 236 29 230 18
    245 59 186 156 128 177 20 80 140 167 238 103 127 143 57 131 54 166
    199 31 14 161 157 41 254 251 179 230 213 19 88 217 251 160 62 166
    199 126 59 79 116 190 136 182 164 141 95 142 45 159 223 239 145 112
    109 39 179 127 25 241 58 254 169 66 134 194 6 2 37 155 28 161 86 107
    47 99 6 14 194 140 66 93 169 46 96 2 107 189 211 215 248 138 40 152
    202 229 165 227 92 11 155 220 25 26 216 91 124 130 156 162 215 35 39
    118 59 109 252 119 94 65 50 202 7 39 186 239 48 251 40 129 61 17 5
    30 199 241 31 245 85 190 212 82 60 242 136 158 33 69 29 52 253 97
    187 239 55 237 2 60 239 107 219 10 20 86 82 153 138 89 244 109 91
    151 207 23 248 10 169 7 157 85 247 181 82 183 213 242 103 136 224 95
    40 83 89 216 13 249 118 146 191 219 244 110 172 247 147 176 200 222
    123 29 121 28 113 76 112 52 204 16 94 221 241 81 57 251 121 86 230
    115 104 231 212 13 92 24 202 2 132 52 94 111 145 145 45 151 206 152
    192 61 196 53 233 161 249 195 4 218 215 245 65 107 196 88 249 77 139
    184 79 153 243 210 76 47 51 103 12 117 142 227 207 89 219 204 145
    232 231 82 231 96 85 102 120 78 13 245 41 133 161 170 178 159 134
    139 183 203 72 229 246 176 245 12 148 86 233 63 177 214 149 118 239
    180 105 31 18 3 233 156 38 67 46 141 129 230 72 86 24 170 163 202
    143 233 191 164 9 38 131 109 148 172 206 178 69 36 110 43 235 150
    179 188 57 58 83 200 160 4 200 69 163 72 60 249 17 235 57 24 74 222
    9 155 61 104 13 91 34 156 48 19 214 199 240 64 0 104 245 54 248 101
    199 227 23 60 140 143 223 206 65 197 248 182 166 163 154 165 149 227
    155 12 123 82 91 193 132 237 245 94 86 171 113 223 182 180 242 133
    130 226 212 184 177 104 203 187 61 137 57 238 131 128 112 34 100 103
    87 73 106 57 103 29 47 17 113 41 60 32 36 55 217 65 212 86 237 35
    161 27 224 45 182 40 230 92 198 111 2 36 193 231 33 5 90 247 92 115
    91 149 105 137 175 166 37 140 171 126 63 27 164 64 115 250 72 52 72
    61 176 140 159 225 0 174 96 222 215 57 219 191 201 31 124 161 15 218
    166 147 102 140 33 25 106 32 227 224 33 251 220 96 150 72 242 220
    255 230 96 222 97 14 32 224 114 2 84 128 251 186 158 99 127 135 184
    238 179 215 118 112 5 133 153 190 233 26 186 209 123 18 216 57 208
    129 59 81 149 38 206 217 165 227 105 96 209 86 252 103 14 171 91 216
    250 75 3 244 188 5 215 130 41 138 129 185 177 243 116 142 103 100 65
    239 254 82 223 169 215 14 86 100 122 33 189 198 35 179 167 181 58
    246 40 177 90 124 63 59 171 53 131 83 177 101 106 23 129 53 6 223
    203 216 98 86 146 53 237 115 120 179 174 53 207 234 44 131 181 193
    142 3 88 142 59 219 153 196 122 227 87 211 17 203 18 40 109 250 99
    19 28 16 111 203 204 156 106 233 114 95 221 64 211 83 245 243 71 99
    211 174 187 102 177 182 35 102 53 215 57 158 91 202 146 61 124 78
    209 185 210 119 192 223 161 170 185 204 75 200 213 154 31 98 202 113
    194 66 160 121 118 221 41 134 198 166 66 180 123 220 236 45 130 97
    150 125 186 233 27 43 82 214 8 169 44 204 53 93 233 103 205 244 49
    92 239 163 213 38 115 13 246 91 231 147 197 155 46 62 240 4 247 48
    206 141 235 99 144 160 55 164 159 228 152 81 250 247 193 58 112 175
    31 212 17 159 159 111 123 1 162 129 94 229 105 168 32 90 173 135 170
    46 208 39 26 24 149 191 219 135 38 105 182 222 183 82 226 113 16 219
    212 115 131 49 103 174 135 122 189 63 27 37 33 92 11 59 25 242 44
    123 221 191 201 54 225 255 232 239 128 4 142 159 9 204 110 43 100
    137 43 20 163 32 143 121 251 122 226 28 172 159 13 152 196 78 158 60
    132 184 83 108 223 159 228 30 249 104 174 103 209 133 164 170 227
    174 38 21 2 64 123 96 52 252 145 51 178 63 151 70 39 132 90 142 194
    62 177 34 243 104 250 209 84 94 207 103 207 190 222 161 169 24 25 88
    227 46 19 140 4 190 44 171 125 60 12 40 50 110 159 236 14 105 251
    154 19 142 89 151 88 211 103 128 170 132 53 0 156 76 191 134 221 55
    177 56 14 85 148 25 54 116 27 18 232 115 27 85 103 83 140 72 253 193
    156 186 71 82 193 4 121 188 205 174 217 156 79 2 81 162 173 91 153
    92 186 38 107 177 164 239 186 111 238 131 97 45 174 243 190 239 40
    131 133 233 94 240 67 176 238 230 48 66 17 133 182 142 5 137 245 159
    59 112 51 78 90 171 11 84 39 177 179 114 232 29 160 170 70 93 36 33
    31 19 45 197 87 43 236 254 75 211 153 251 168 42 97 239 114 243 157
    32 77 255 127 156 86 215 78 40 186 106 71 246 222 116 236 215 234
    148 226 161 21 215 104 25 121 27 108 108 184 184 67 30 90 242 127
    125 214 94 55 83 45 124 51 202 115 127 205 70 175 100 177 197 68 55
    151 230 84 65 184 181 62 159 189 173 91 176 118 14 180 203 181 173
    174 32 51 166 19 177 231 134 72 242 94 123 144 41 241 107 110 214
    144 172 171 68 83 126 208 217 58 88 3 228 55 201 189 236 167 211 222
    77 191 82 57 250 118 61 193 161 174 133 0 111 121 195 100 156 77 107
    242 209 172 78 146 138 140 106 14 198 76 89 152 174 91 226 62 22 26
    218 177 181 97 0 67 210 34 207 211 223 135 53 163 92 167 232 88 137
    98 183 95 34 58 51 246 241 197 170 8 150 132 69 126 255 196 78 202
    92 235 117 90 22 44 114 242 225 220 164 32 100 70 85 70 22 55 209 11
    63 175 23 129 226 207 168 103 94 109 201 234 180 211 208 111 98 37 0
    125 145 88 2 128 70 160 61 165 162 76 191 6 176 65 54 170 205 158 96
    82 216 47 177 230 236 101 118 222 107 4 211 14 31 85 2 197 40 104 3
    162 208 147 76 198 139 160 114 217 47 79 16 189 178 39 176 136 210
    255 95 98 228 178 232 224 106 132 198 11 184 71 37 91 224 47 228 235
    169 45 240 149 101 154 96 150 75 227 187 163 115 179 132 55 68 10
    168 172 162 255 26 87 108 44 53 88 53 57 77 229 80 21 184 147 66 91
    122 146 173 254 142 254 241 166 176 16 206 70 158 123 180 177 113 22
    102 125 85 107 204 10 179 2 3 181 116 8 175 88 234 236 46 75 183 68
    9 105 75 135 224 41 106 70 103 208 169 159 245 64 219 61 5 83 206 35
    3 229 96 178 43 217 206 214 99 37 159 40 66 81 87 13 174 237 119 96
    42 119 91 64 186 246 137 67 29 28 252 35 59 176 89 43 129 215 17 10
    155 236 209 117 28 246 155 52 140 250 104 129 159 10 118 34 212 164
    86 33 244 78 183 224 109 162 17 153 202 183 60 55 205 71 151 34 94
    148 176 83 215 67 243 66 246 147 205 251 24 39 182 80 72 79 81 107
    189 98 210 51 183 73 251 46 160 74 156 161 173 219 229 75 9 232 56
    31 24 3 197 85 206 66 19 171 181 93 116 117 182 172 56 164 247 240
    176 151 113 127 33 142 20 166 127 233 120 221 245 68 83 136 53 105
    250 173 27 7 181 98 232 97 44 109 175 90 104 165 215 62 20 20 236
    165 102 252 216 84 185 22 21 200 246 164 106 26 56 140 133 240 117
    252 214 229 82 9 15 128 153 64 64 107 64 247 53 203 61 70 185 29 98
    231 48 246 247 199 84 133 20 170 41 107 242 133 157 8 238 182 108 15
    40 235 233 65 127 202 224 182 213 243 66 48 143 241 170 209 242 139
    21 117 165 145 213 147 158 92 207 126 4 56 40 143 248 3 48 73 60 120
    67 50 82 137 222 11 187 225 183 241 176 167 1 78 81 153 159 94 51 59
    26 233 102 19 58 149 248 84 234 193 129 111 192 235 10 68 109 197
    249 81 167 74 233 58 246 194 146 251 33 86 203 24 154 151 83 184 22
    153 213 29 155 27 180 115 119 84 201 59 122 114 3 179 68 126 103 233
    168 228 50 196 166 243 23 64 109 152 68 72 252 45 154 178 88 152 230
    80 6 145 197 192 221 103 186 189 82 165 196 225 24 186 198 180 212
    243 144 208 103 201 109 68 152 195 197 67 138 184 32 197 194 240 82
    182 170 239 62 33 211 152 199 254 196 196 15 72 100 237 1 45 73 16
    94 18 182 224 148 253 35 213 80 41 204 223 24 49 83 43 201 100 41 11
    166 252 17 33 160 237 20 71 57 197 39 121 19 159 199 34 118 22 122
    145 75 129 56 222 3 89 188 142 63 102 2 17 68 41 141 83 225 113 179
    242 211 229 112 47 158 129 144 101 244 71 168 253 243 78 239 115 190
    226 167 222 166 222 108 236 152 169 30 201 227 105 116 152 132 108
    99 179 93 207 43 157 160 204 190 226 184 57 95 152 24 100 51 23 61
    43 97 61 249 206 6 204 69 181 26 253 206 224 248 112 37 253 202 128
    46 69 123 25 208 6 200 189 86 110 88 10 155 85 82 201 181 131 127
    247 37 192 174 127 43 160 61 162 57 202 190 185 82 208 2 163 235 170
    248 220 191 164 183 33 185 232 42 191 16 227 229 173 151 245 26 204
    183 191 209 198 169 233 74 29 221 231 172 22 195 88 54 4 143 254 108
    4 148 239 249 131 235 70 32 41 214 115 127 178 234 187 81 60 199 127
    138 146 68 16 74 189 55 99 5 120 93 195 171 47 130 136 136 233 12
    206 87 162 168 199 134 131 150 6 63 194 84 102 119 100 82 162 69 100
    150 152 24 156 9 65 30 218 156 127 234 136 237 160 105 99 143 2 116
    114 240 87 29 223 174 248 51 163 134 172 96 20 19 81 187 17 141 54
    27 145 1 131 13 71 184 203 37 194 233 203 112 218 221 193 222 201
    112 101 226 168 25 14 100 96 76 91 72 201 138 192 78 77 131 210 174
    78 238 80 113 175 177 10 152 115 19 21 195 19 61 21 138 62 116 76
    200 60 72 25 149 66 175 235 66 118 199 206 99 72 80 37 132 138 2 2
    122 120 85 42 91 216 230 140 173 236 33 86 172 170 15 219 171 95 119
    145 159 72 43 224 139 252 246 242 40 14 230 168 254 114 233 183 152
    103 225 118 240 132 157 64 50 205 231 26 128 242 94 223 60 49 20 57
    12 106 51 32 56 122 82 20 8 54 126 35 223 34 128 81 216 167 201 123
    72 102 249 174 237 215 13 172 105 4 11 120 64 202 209 103 237 11 145
    105 251 14 71 35 229 77 181 25 152 44 197 67 246 134 72 56 141 50 72
    7 224 178 165 115 78 91 213 164 217 226 251 106 52 72 207 65 43 111
    143 71 25 18 254 134 167 11 120 120 206 151 50 74 124 183 50 215 15
    129 103 148 18 66 83 238 157 142 36 196 212 243 82 228 81 125 232 30
    31 29 227 73 201 0 188 7 138 18 195 50 105 34 64 179 180 126 224 46
    127 18 227 225 22 236 187 101 12 163 25 234 200 63 169 49 164 162
    129 185 15 8 122 119 208 161 118 19 48 143 65 105 91 230 158 70 31
    195 192 115 203 7 25 98 44 53 50 134 97 161 122 189 146 174 51 4 134
    254 50 68 178 222 120 217 116 210 199 188 37 5 160 163 136 212 104
    25 251 109 108 52 83 53 45 76 192 51 166 47 193 237 159 40 2 187 228
    23 122 17 36 128 118 92 92 136 253 233 169 152 240 55 158 221 237
    102 234 175 31 210 48 72 170 212 97 27 36 56 231 50 24 171 39 51 235
    143 251 226 122 152 235 106 232 9 77 219 30 208 157 243 145 169 176
    167 93 230 101 253 64 160 144 185 198 119 24 147 92 77 242 50 142
    185 169 105 212 129 188 46 175 163 52 115 20 66 190 216 223 213 159
    29 102 146 2 116 248 86 139 122 6 133 154 195 47 216 201 104 103 190
    187 159 170 192 237 224 23 178 134 111 18 222 232 103 134 188 141
    159 223 128 46 165 243 21 65 201 175 199 2 119 250 91 142 40 240 110
    25 93 63 91 184 114 29 174 150 157 71 4 154 205 126 157 245 5 131
    253 225 208 112 250 225 222 99 190 203 4 82 211 20 149 163 135 93 86
    226 107 201 100 168 154 244 164 162 23 113 58 42 96 98 101 250 6 10
    148 91 91 237 242 13 33 141 122 103 104 16 3 48 249 51 103 61 243 45
    247 127 254 242 196 136 197 219 66 218 121 109 181 211 133 225 217
    106 205 107 192 147 112 4 69 182 82 122 64 246 0 123 192 200 162 61
    225 122 133 58 44 197 223 88 63 132 145 96 236 79 131 245 128 68 194
    7 185 44 168 55 102 104 234 118 58 57 154 2 24 49 190 118 86 63 216
    135 169 97 64 72 187 75 154 252 181 136 101 154 33 91 84 61 114 233
    96 255 56 28 151 146 252 223 61 83 21 227 51 251 60 139 187 107 72
    27 136 19 136 68 14 69 203 245 119 231 139 6 169 214 156 136 204 228
    19 143 94 151 239 186 145 246 197 207 149 24 11 135 200 205 22 191
    154 145 164 47 232 165 239 62 12 108 208 228 131 154 232 253 153 66
    246 170 34 249 62 123 151 198 244 15 109 172 8 231 13 247 80 119 15
    73 240 60 1 162 8 68 134 148 83 16 159 212 166 148 250 205 179 189
    78 38 90 98 58 209 124 105 156 73 111 112 79 61 127 17 72 152 38 239
    73 99 21 143 100 182 26 235 181 241 239 208 74 135 95 171 237 20 223
    104 33 114 80 194 8 76 24 39 217 27 192 30 61 57 150 182 136 139 213
    133 94 200 211 150 44 48 172 171 75 104 113 88 99 100 177 72 7 248
    224 98 77 62 235 244 230 161 29 215 251 205 222 113 41 21 187 69 8
    184 0 110 212 200 200 224 75 195 89 164 219 204 118 179 107 88 33 37
    77 91 219 112 60 215 212 112 111 14 193 60 224 157 218 138 191 219
    161 12 236 156 244 184 209 82 145 28 239 210 125 221 97 133 1 220
    200 116 75 208 131 218 171 163 103 222 112 82 82 135 122 0 84 192 61
    116 182 208 236 32 152 35 121 251 36 189 212 205 252 237 43 175 15
    206 92 77 183 199 222 208 137 161 253 8 117 211 162 178 244 111 165
    92 143 179 7 51 153 133 197 10 144 123 132 24 211 135 215 35 8 81
    165 172 204 237 132 128 241 19 198 57 55 147 98 184 144 54 87 13 213
    247 190 223 205 215 167 249 166 27 110 53 111 176 240 58 228 182 194
    136 220 19 153 191 152 88 107 54 249 249 167 106 6 134 71 17 255 176
    134 136 21 24 56 19 64 89 16 59 18 86 138 170 9 201 100 0 193 146 69
    212 63 26 89 72 223 88 250 147 14 241 46 197 127 254 254 76 82 90
    216 6 74 84 57 228 71 50 175 138 212 119 18 48 194 185 183 104 206
    18 95 249 185 79 58 24 81 129 116 71 31 221 252 58 205 46 79 207 68
    172 215 13 175 16 207 255 38 176 7 194 145 130 213 174 68 170 171
    187 83 19 211 39 10 159 33 14 119 107 229 135 117 73 130 207 181 3
    18 109 147 188 231 68 247 171 235 136 4 203 79 89 183 175 98 179 2
    12 115 8 253 66 149 100 25 0 49 67 132 44 164 50 78 228 68 141 42
    170 72 25 107 155 248 47 177 26 170 3 55 53 11 37 73 11 27 44 126
    179 78 209 146 219 67 3 238 26 118 162 248 162 195 56 177 233 60 216
    229 39 91 50 251 170 8 179 94 133 15 197 180 73 237 66 74 81 41 163
    148 60 41 76 210 6 174 210 128 72 248 238 240 21 137 253 41 93 162
    184 173 18 81 155 101 163 1 79 20 112 184 92 10 67 21 52 58 30 33
    203 151 26 195 144 234 207 10 179 235 118 202 147 134 84 89 171 112
    218 119 105 136 207 224 95 57 236 199 231 176 203 41 21 150 21 122
    126 168 148 141 219 114 92 2 36 63 55 205 86 136 185 205 131 234 34
    109 113 126 201 41 106 124 104 141 98 101 205 100 198 23 121 202 126
    111 102 200 21 134 119 181 145 54 5 105 45 237 245 179 136 184 61
    126 56 154 192 164 251 186 92 153 87 191 118 165 176 236 194 85 121
    80 233 26 43 1 45 160 119 92 227 180 210 227 63 162 182 39 176 59 78
    0 93 39 246 154 211 93 5 7 231 23 176 110 244 51 199 28 216 98 65
    189 236 126 215 92 72 109 26 138 184 220 10 156 252 146 251 98 181
    90 0 11 171 194 158 155 229 204 59 20 206 228 213 197 21 139 39 100
    166 191 87 134 179 201 131 137 56 95 121 227 55 24 178 6 68 30 113
    60 137 170 48 193 159 188 192 18 188 74 241 114 194 250 198 99 211 7
    243 237 187 94 51 253 191 94 103 32 213 5 55 140 21 195 62 168 65
    195 7 186 15 57 245 236 158 156 187 93 120 115 143 183 216 223 174
    170 157 177 141 83 13 83 95 130 196 57 16 78 2 174 161 232 59 158
    204 170 169 57 74 199 82 31 106 11 110 47 177 98 44 6 103 167 115 87
    241 229 150 36 225 223 237 43 214 255 184 232 198 17 109 18 35 27
    137 247 142 209 84 88 87 54 86 82 116 206 114 139 62 212 182 86 160
    3 180 233 102 154 229 246 53 187 103 33 171 94 233 196 125 150 51 5
    52 13 236 6 135 227 42 51 213 123 153 98 22 109 235 55 189 222 104
    194 161 180 248 68 22 12 182 7 188 253 20 64 214 225 175 55 31 200 2
    83 209 250 32 207 212 222 54 90 130 236 87 189 89 1 95 225 123 135
    190 207 174 178 166 37 78 72 226 65 188 204 129 148 144 57 102 193
    91 115 179 80 76 157 142 211 26 92 92 14 87 49 198 238 232 153 40
    115 2 218 189 186 184 34 227 188 89 171 170 183 21 235 255 70 223 29
    46 162 229 231 20 210 249 114 30 209 203 13 166 64 181 81 144 149 79
    15 120 89 158 253 21 202 41 120 148 54 227 227 82 154 237 7 40 71 32
    121 154 99 79 129 192 180 249 232 141 60 76 163 49 123 3 61 131 12
    48 34 236 160 30 34 100 144 168 136 137 110 30 16 149 110 43 214 160
    105 194 199 235 26 128 202 161 186 244 124 60 203 184 47 182 41 192
    240 238 216 179 121 34 72 242 41 211 83 190 123 249 247 115 161 164
    255 178 221 161 186 198 71 195 217 138 100 23 53 58 100 236 95 246
    38 192 55 253 104 33 192 123 228 58 145 16 110 61 143 165 127 187
    124 154 197 49 46 18 204 54 87 64 150 72 110 107 76 67 175 67 253
    116 192 3 101 244 167 182 23 250 144 22 167 152 41 119 53 148 163 44
    74 22 77 69 254 1 33 220 75 36 197 45 37 231 167 114 212 166 111 79
    225 139 59 37 157 78 210 44 179 176 91 169 62 245 109 34 175 80 159
    236 203 223 224 94 215 43 190 75 63 50 76 238 8 79 92 117 238 255 55
    98 251 132 137 123 132 212 207 66 158 40 149 159 10 145 52 58 47 139
    90 150 204 242 94 228 64 81 155 149 109 115 177 196 18 43 120 223 73
    64 132 251 154 124 177 90 37 209 234 251 235 223 26 78 9 123 195 40
    27 169 43 123 31 131 70 159 109 231 135 65 65 240 20 68 136 103 69
    25 141 199 60 80 169 208 191 111 234 64 149 234 183 132 226 247 132
    160 175 28 95 34 204 90 136 82 118 22 249 13 14 10 125 6 3 146 196
    178 35 154 44 221 89 63 81 103 87 221 12 26 188 148 178 34 3 109 5
    62 147 2 193 98 173 143 218 197 244 241 111 147 12 136 217 183 115
    232 8 248 242 206 210 112 202 182 87 60 230 105 59 96 254 254 99 214
    92 146 87 57 43 64 143 15 52 43 153 171 119 108 147 0 149 32 100 168
    102 218 188 169 85 171 58 220 9 139 16 113 248 70 48 149 49 179 0
    164 67 168 13 207 212 196 32 78 192 43 90 82 120 12 116 38 31 163
    190 2 186 77 114 38 68 83 245 7 245 204 204 177 175 97 69 245 146
    234 247 167 76 145 43 135 52 211 121 37 206 8 79 112 33 78 135 210
    183 47 135 43 149 214 235 204 39 190 18 134 183 183 148 214 215 76
    231 228 252 88 190 100 195 173 213 111 164 138 57 13 151 135 171 47
    124 181 30 229 217 3 32 203 124 140 82 89 9 192 10 225 81 17 132 67
    232 34 4 75 118 189 57 32 119 157 78 207 221 21 128 167 185 206 223
    85 187 44 164 161 222 35 1 75 241 81 75 223 117 19 172 196 223 66
    146 52 255 62 43 217 19 200 200 240 109 212 123 132 165 147 77 216
    246 86 52 33 106 61 247 17 29 81 177 61 108 88 218 26 77 69 32 27
    202 167 12 74 118 166 101 222 234 186 48 142 116 85 111 237 155 156
    211 69 24 180 55 40 190 154 112 242 39 113 255 79 239 157 110 116
    196 220 201 6 236 104 102 249 99 153 60 209 50 61 229 52 105 61 211
    1 68 45 34 203 214 39 88 44 53 184 126 181 131 18 59 240 247 20 180
    96 15 12 226 196 160 171 245 248 186 79 67 182 77 174 167 230 82 236
    165 8 143 126 184 248 179 31 186 197 56 198 196 217 50 170 220 97
    167 135 234 77 145 225 157 163 105 176 137 196 91 12 67 22 95 185 96
    189 203 113 110 137 147 138 235 116 84 72 60 175 185 112 96 198 236
    187 208 170 230 38 70 4 125 248 6 84 124 16 70 61 202 39 28 253 206
    183 157 124 113 202 97 157 128 64 194 185 17 185 165 216 209 250 91
    68 12 207 27 65 136 194 101 34 236 64 207 144 5 230 162 137 29 141
    248 94 77 157 226 43 159 56 186 3 88 25 219 74 143 88 161 39 4 140
    84 141 252 33 221 178 247 173 216 134 48 211 248 212 229 27 247 134
    41 110 81 89 167 246 191 81 214 55 152 63 44 37 122 182 223 172 164
    96 96 128 29 185 34 153 35 153 145 139 124 18 5 238 5 72 52 118 111
    152 239 77 180 203 63 49 209 248 35 101 65 138 209 191 143 109 185
    230 75 17 208 240 245 112 2 168 177 89 151 143 241 234 19 81 26 141
    47 179 226 239 113 155 139 51 152 200 254 161 210 159 234 170 230 98
    189 202 172 107 252 244 145 99 109 19 223 39 7 246 154 147 106 75
    149 43 184 154 55 62 217 158 140 108 29 101 168 42 158 68 20 45 18
    122 147 181 154 134 28 198 207 163 36 197 37 35 213 118 108 253 49
    78 177 144 196 211 248 227 4 169 40 171 188 165 0 190 77 242 91 59
    59 234 125 209 160 188 148 230 49 24 71 189 116 19 202 46 177 91 130
    218 151 96 123 40 87 142 57 44 255 191 245 114 32 210 124 249 50 30
    125 41 192 53 205 209 152 212 72 240 172 212 233 233 141 223 182 111
    147 179 31 148 136 174 48 17 98 204 128 194 137 76 219 180 74 231
    125 41 249 224 243 153 211 82 10 17 195 53 166 7 253 186 203 198 211
    13 243 176 110 185 138 119 246 13 202 46 162 170 192 42 174 163 192
    72 13 234 25 88 160 205 69 238 114 211 13 61 3 247 107 27 251 81 175
    191 70 166 233 184 116 222 136 9 166 174 59 31 92 248 247 32 142 212
    168 139 236 153 181 189 181 105 32 172 68 6 167 85 161 143 152 1 154
    226 46 179 81 152 232 22 139 15 174 121 23 92 59 162 221 61 150 178
    55 142 127 2 37 151 177 97 147 102 234 138 169 21 188 23 102 172 5
    61 112 67 2 232 99 141 231 67 131 114 17 199 87 67 13 222 163 119 2
    105 198 137 205 62 222 87 221 13 5 243 40 16 39 73 65 43 71 156 27
    200 112 132 238 229 250 199 36 18 184 124 67 52 253 38 190 38 136
    174 114 239 221 54 3 141 145 254 236 64 41 12 33 214 167 254 10 26
    71 144 166 135 64 49 7 25 189 158 158 100 140 116 93 134 53 69 191
    19 245 0 147 159 83 247 141 188 20 174 91 36 67 192 170 205 226 60
    196 108 171 29 68 214 8 83 176 20 182 96 190 253 241 24 176 185 30
    110 228 235 130 121 244 106 59 184 71 116 143 84 72 45 178 223 121
    133 48 219 251 0 54 61 217 97 207 128 102 54 179 194 164 93 12 153
    136 230 219 106 72 121 159 70 153 17 121 110 9 213 171 243 238 112
    112 136 59 63 237 22 42 255 139 224 38 184 182 122 255 27 115 111
    204 25 19 65 137 1 0 83 56 168 105 150 201 200 114 178 1 44 116 15
    214 124 216 0 143 0 98 216 31 65 14 6 149 12 51 160 194 107 102 118
    78 90 195 75 115 58 144 189 92 195 1 66 12 222 20 46 178 93 165 99 6
    31 47 131 63 103 241 43 221 134 18 2 16 121 224 177 162 96 136 14
    170 236 13 179 112 179 254 92 87 37 137 119 227 222 98 135 9 243 213
    187 251 70 216 29 145 156 208 35 51 25 82 47 220 170 59 87 132 0 111
    213 27 120 156 152 113 131 44 254 80 51 94 137 191 255 175 226 127
    31 253 103 186 248 36 151 77 155 62 254 136 21 5 135 135 9 138 64
    159 239 58 138 97 141 174 111 231 90 104 38 38 162 96 110 22 162 19
    139 108 200 229 164 224 12 237 198 64 143 68 60 69 62 186 223 168
    116 199 40 70 88 51 8 156 214 233 221 106 123 120 17 113 74 182 44
    98 166 168 24 26 16 104 60 62 43 154 216 255 110 148 3 151 238 132
    181 87 101 23 130 120 83 137 9 243 138 83 195 214 203 11 147 23 4 93
    133 40 228 119 6 3 131 21 5 39 6 132 176 179 107 16 68 187 8 131 150
    3 107 132 29 13 140 63 44 47 22 119 121 68 143 180 244 113 85 250
    249 78 139 236 254 34 3 183 57 30 139 238 179 147 158 119 203 211
    174 167 81 4 176 99 60 96 21 33 190 125 59 245 18 11 223 96 18 191
    58 33 204 123 141 215 97 221 211 89 237 151 200 180 156 18 5 245 147
    36 24 236 207 219 220 228 204 123 132 222 205 89 47 226 160 57 206
    174 103 0 13 158 58 233 133 190 0 69 246 104 154 152 14 10 19 20 68
    45 15 195 217 122 76 148 134 183 12 143 112 204 64 11 163 9 223 217
    183 248 118 21 169 127 35 41 33 233 40 141 156 113 196 212 157 89
    226 229 217 51 117 119 238 35 244 214 149 143 215 170 222 246 14 135
    233 158 90 134 48 64 77 161 25 32 240 250 146 178 92 100 249 48 242
    25 92 219 255 82 173 49 160 100 86 65 135 3 214 233 74 55 78 203 112
    0 103 94 215 112 231 229 177 181 33 228 32 174 20 0 210 81 62 183 2
    118 213 212 145 32 41 137 219 213 69 141 74 217 84 212 231 188 140
    205 140 123 76 135 160 51 139 171 26 124 250 191 166 58 134 190 159
    173 240 82 197 122 109 203 53 172 169 167 165 166 136 168 228 51 249
    234 44 79 87 213 56 180 182 24 233 25 126 7 55 59 64 63 46 153 53 49
    112 168 252 37 255 255 73 84 2 200 122 21 229 36 95 204 58 67 43 200
    124 212 36 14 15 186 59 248 247 63 177 42 160 87 41 45 91 148 70 122
    22 56 81 232 64 89 217 15 179 112 9 132 19 27 95 2 83 62 230 112 203
    64 210 51 165 9 181 92 1 179 168 11 205 182 245 16 114 187 11 79 146
    164 114 65 194 211 179 32 138 143 31 30 112 71 106 132 217 34 141
    119 16 6 204 139 94 192 46 206 214 32 234 16 253 97 114 96 219 170 6
    70 241 13 193 225 169 138 37 164 244 176 152 160 154 72 158 221 37
    19 228 135 120 68 83 231 239 172 9 218 166 31 100 57 192 202 111 99
    1 96 173 58 111 14 146 79 181 249 128 229 199 241 78 240 52 44 28 17
    167 208 5 186 230 66 155 181 131 64 237 29 101 142 143 99 104 222
    140 103 218 160 166 97 179 177 198 106 154 195 57 132 94 30 87 59
    136 60 128 11 33 12 110 233 239 79 67 172 121 244 183 216 95 52 141
    163 168 166 77 188 82 196 108 196 156 58 243 50 10 159 8 88 189 82
    181 202 161 120 245 211 124 210 109 161 29 117 190 128 133 38 104 53
    84 82 138 44 228 209 179 17 239 101 126 237 196 253 86 215 99 246 17
    71 108 128 42 20 211 199 209 184 233 145 243 0 207 202 128 142 191
    42 83 209 193 149 248 109 102 226 26 11 200 85 88 198 12 125 156 207
    10 54 195 198 92 251 78 7 226 184 172 144 153 241 242 232 142 192
    221 69 129 119 247 80 46 173 96 129 202 85 149 237 128 40 46 82 198
    147 90 237 31 104 26 202 123 146 23 169 92 233 209 176 183 101 14 71
    72 224 101 83 98 37 86 222 111 179 207 115 196 112 108 96 103 22 98
    196 65 162 88 67 91 31 164 140 155 244 60 23 59 80 128 93 66 193 23
    67 13 135 147 168 135 237 63 184 160 36 12 203 94 219 174 86 178 245
    177 210 8 74 212 71 163 141 52 171 30 2 152 11 141 252 40 120 116
    133 53 85 195 135 196 178 9 169 203 159 101 188 228 254 163 71 154
    57 199 136 4 106 109 5 231 141 228 1 193 54 234 46 252 167 167 219
    172 134 5 15 177 148 160 82 141 84 230 113 9 218 132 60 2 85 44 140
    104 199 200 180 141 169 122 15 9 107 94 11 200 82 78 19 35 220 80 53
    78 202 159 129 212 153 95 104 188 226 23 197 69 4 24 65 121 202 177
    120 245 21 37 195 41 185 69 43 127 85 167 173 60 182 208 186 135 108
    201 163 115 228 55 125 144 20 168 192 34 164 97 143 37 23 122 107
    243 77 221 126 138 231 207 136 114 54 165 228 217 126 59 45 86 137
    128 19 99 117 40 192 22 56 64 5 224 120 243 225 235 219 120 191 155
    71 181 217 235 58 151 28 99 179 163 148 57 224 218 69 204 48 109 85
    19 33 20 118 239 145 23 68 3 221 172 170 162 124 253 17 1 61 121 252
    30 202 4 204 199 117 143 148 175 182 246 209 182 146 105 169 7 27 65
    168 236 251 255 210 132 214 168 126 213 167 165 180 175 217 157 62
    20 99 151 70 188 6 223 75 228 25 9 67 171 6 13 172 239 205 44 79 144
    176 11 72 200 151 243 149 155 111 75 111 13 105 169 181 63 196 93
    122 51 32 56 14 134 29 219 13 190 221 189 104 78 214 92 51 27 103 68
    155 97 31 255 61 147 114 137 92 154 64 178 170 160 120 203 253 127
    136 127 238 19 102 33 56 161 239 186 137 28 224 5 211 133 199 88 80
    99 43 253 54 22 225 241 240 119 44 59 221 112 188 112 169 154 198 94
    237 220 122 182 160 37 119 246 26 141 136 167 35 4 77 50 123 118 174
    78 58 66 174 11 107 130 253 160 189 45 255 30 101 83 72 218 11 50
    253 250 118 82 159 132 128 72 138 89 103 131 139 81 238 24 113 152
    121 91 180 178 175 172 5 9 249 99 92 64 231 237 75 25 130 16 58 236
    4 189 44 199 211 171 230 93 107 247 134 81 187 193 87 71 191 209 108
    221 85 188 140 166 244 120 247 117 12 169 254 20 47 49 171 249 100
    255 161 171 69 79 207 5 96 54 43 102 207 132 249 26 236 101 31 38
    184 165 224 112 102 124 28 118 122 225 199 123 251 211 143 65 80 161
    101 249 61 206 157 125 38 218 198 185 182 49 75 33 64 246 25 161 11
    117 71 15 179 221 251 76 224 227 112 110 73 149 79 87 29 197 230 15
    30 161 11 204 17 100 144 61 140 69 99 28 195 250 236 120 103 103 191
    23 13 99 19 162 248 50 74 227 29 207 206 250 179 118 183 178 143 78
    85 127 222 89 53 129 8 136 242 86 125 21 88 231 252 168 211 207 214
    170 248 142 142 239 249 227 141 145 253 157 72 201 246 129 87 120
    103 101 103 153 4 93 76 43 47 84 178 145 125 41 19 17 176 202 214
    238 99 197 164 214 122 54 189 125 147 19 160 125 186 11 238 130 57
    145 109 184 210 189 110 7 52 111 65 247 12 147 144 187 244 254 59
    252 32 209 222 225 149 30 12 105 161 152 255 131 138 249 126 237 55
    104 108 250 4 39 96 136 173 24 171 239 250 199 11 182 127 149 186
    249 4 113 227 107 131 140 189 205 80 50 154 59 125 120 173 158 161
    46 238 64 23 108 212 176 206 238 184 46 114 143 190 87 98 105 71 9
    162 88 191 46 149 150 157 155 219 113 99 153 106 85 182 54 65 165
    251 239 82 198 201 136 16 169 120 134 83 33 173 137 189 149 121 114
    137 191 172 244 158 151 138 166 228 244 49 103 83 60 67 31 179 102
    115 221 18 28 151 19 68 175 238 98 158 97 213 63 249 162 231 120 128
    45 64 222 168 156 216 39 107 74 232 119 170 254 210 162 73 105 214
    196 121 15 243 217 163 216 33 72 126 237 143 243 6 167 107 244 243
    148 117 4 90 153 3 162 121 206 234 169 217 117 231 21 5 16 202 58
    204 53 143 78 245 75 156 137 82 230 243 38 125 49 56 123 25 50 222
    246 106 146 177 149 220 22 9 44 12 15 127 141 227 239 111 40 116 71
    55 88 29 26 141 239 21 161 74 199 132 107 172 137 172 227 13 37 146
    135 107 254 3 99 125 118 87 49 164 90 4 97 206 232 109 215 117 255
    24 36 126 10 119 26 132 74 184 217 218 212 41 22 73 15 185 111 236
    214 152 126 202 153 128 253 175 136 248 165 138 93 117 185 45 226
    169 247 1 219 4 84 197 214 74 246 142 20 239 147 78 51 17 202 7 104
    41 75 98 119 132 24 224 72 88 201 124 222 135 8 16 6 28 132 229 40
    166 5 211 3 197 226 239 28 148 106 65 144 177 243 64 165 17 15 57
    143 168 0 125 118 156 187 93 108 85 23 129 57 15 107 17 170 52 71
    137 121 211 223 156 96 6 108 119 99 12 111 154 212 252 75 98 91 173
    171 103 54 234 117 161 103 3 0 64 102 44 60 188 11 10 175 154 18 140
    246 146 90 77 58 148 189 14 218 29 3 217 119 198 155 69 74 134 143
    231 107 1 64 140 45 207 237 28 37 58 124 52 221 30 127 90 214 2 47
    149 141 108 90 92 138 63 224 114 136 80 217 225 126 108 127 221 202
    104 243 139 11 127 136 233 253 171 225 91 229 156 12 42 165 14 159
    82 207 2 66 88 97 180 185 130 230 91 119 157 0 206 145 59 82 170 14
    1 178 92 98 74 248 236 132 50 120 222 254 57 130 96 130 4 193 78 165
    128 220 33 200 81 86 101 205 136 13 88 174 85 38 81 184 140 214 249
    4 226 197 234 238 20 100 35 199 175 60 176 95 138 163 134 28 146 45
    65 122 77 188 194 189 125 139 237 29 163 108 255 43 137 207 31 64
    121 108 225 195 105 185 182 251 112 186 160 149 87 239 7 86 116 191
    95 45 161 83 192 157 224 132 121 66 32 49 59 227 152 121 165 27 1 35
    62 27 65 231 4 200 71 28 9 177 99 214 185 239 254 81 52 145 22 209
    185 13 88 7 227 64 222 25 9 33 149 100 234 123 230 139 193 180 11 41
    109 158 132 28 32 216 18 35 101 90 216 243 133 135 70 106 88 178 90
    139 50 163 57 15 245 19 205 2 190 33 201 186 78 40 97 116 126 213
    180 78 231 0 125 12 204 9 103 33 112 118 32 60 37 7 6 173 110 236
    104 235 163 116 98 44 78 134 88 79 113 199 161 29 1 229 50 146 134
    100 135 212 42 64 233 195 144 136 90 35 251 125 195 61 15 114 104 78
    162 238 197 73 220 144 234 98 5 192 220 160 133 41 8 32 198 188 24
    20 92 200 193 189 84 88 46 220 122 165 166 90 236 14 10 187 155 187
    37 214 88 83 139 253 80 221 253 90 62 85 14 167 127 196 4 116 178 9
    109 101 94 143 81 100 35 178 29 48 35 88 241 124 220 168 200 253 180
    105 112 170 45 247 169 122 195 40 148 150 90 7 125 148 184 231 228
    183 134 24 211 138 48 16 8 154 74 17 2 37 38 62 88 197 15 74 184 20
    219 10 230 148 171 198 43 175 105 156 2 226 26 127 75 182 158 130
    170 163 104 122 212 58 225 180 240 245 107 123 197 101 202 71 68 78
    109 110 212 51 227 253 184 61 44 84 136 136 19 204 142 160 167 49
    146 163 122 156 180 136 32 107 53 128 44 96 244 139 62 68 228 191
    223 8 72 40 60 59 52 95 64 70 198 197 145 170 251 12 7 201 66 6 120
    147 169 95 74 106 65 225 125 187 162 77 24 207 14 13 167 61 219 190
    215 145 42 62 234 124 12 201 243 0 170 88 91 227 196 155 157 183 252
    170 25 49 145 71 50 190 158 228 239 35 117 213 25 56 252 224 50 49
    177 40 105 77 108 130 28 92 119 230 49 163 165 114 174 4 32 9 2 82
    14 227 5 65 157 143 1 145 178 32 74 243 143 135 245 51 160 165 32
    203 25 17 22 132 11 66 154 227 134 234 91 244 58 198 248 122 158 184
    155 231 0 195 155 58 198 209 22 100 166 43 147 100 10 202 137 198
    205 59 129 212 115 65 38 87 113 215 44 132 243 192 98 82 95 173 114
    204 206 147 203 87 81 39 16 222 106 208 231 101 29 196 19 114 130
    173 145 215 15 114 103 211 235 193 225 173 235 2 165 70 222 191 5
    155 112 177 143 211 162 50 31 150 110 54 210 32 27 15 232 25 55 205
    96 192 233 129 204 212 38 151 30 209 253 103 90 208 189 80 203 147
    250 105 184 38 50 96 7 168 251 84 87 172 208 34 252 53 158 18 159 85
    213 115 165 181 160 50 180 64 116 28 35 92 244 142 170 204 97 197 86
    219 109 32 15 113 174 201 166 171 172 208 246 211 140 190 30 91 93
    43 227 196 11 1 228 166 131 29 241 89 206 3 232 142 197 169 114 37
    196 246 48 248 211 201 227 95 93 94 140 217 78 16 217 117 43 166 240
    241 124 148 133 130 164 201 196 86 159 5 152 123 140 212 97 92 36 81
    82 215 32 189 9 112 106 210 49 128 25 99 12 43 172 139 69 144 108
    161 205 176 116 42 240 82 234 127 203 155 117 175 109 67 215 208 1
    42 116 65 33 70 139 147 228 61 39 25 51 11 167 210 86 103 204 21 208
    70 98 112 248 157 140 103 243 27 152 249 48 237 246 63 242 251 55
    206 190 121 51 99 13 135 210 149 126 187 216 120 134 24 68 78 245
    168 78 178 93 177 153 154 166 62 99 228 240 207 223 29 217 160 176
    65 142 106 121 201 63 115 152 219 130 95 102 176 50 16 223 192 234
    209 86 227 87 138 47 136 18 114 56 228 27 49 207 196 190 140 9 235
    31 108 104 81 214 168 112 23 76 171 76 167 82 6 172 13 189 167 147
    175 33 173 103 98 12 10 98 45 198 213 23 40 39 34 86 96 254 110 12
    105 121 219 85 167 243 107 223 93 249 203 138 172 154 241 155 47 134
    44 189 118 21 107 192 190 113 247 60 2 77 0 219 191 150 103 202 220
    68 183 236 109 60 52 245 165 170 199 35 180 202 44 97 83 208 33 131
    58 176 138 61 34 138 0 23 253 34 124 69 187 108 242 130 161 6 235 10
    241 202 88 105 230 130 216 231 48 41 214 53 169 82 238 111 9 98 18
    205 97 230 98 99 159 24 176 145 46 222 231 65 89 34 147 8 70 179 215
    39 137 187 75 239 132 33 213 167 11 249 209 1 72 2 248 217 115 203
    13 190 15 166 226 14 154 181 15 89 108 230 44 125 119 9 206 235 88
    225 96 249 137 209 63 206 249 195 16 247 54 215 184 92 171 180 81 80
    135 53 14 52 122 86 54 137 38 213 188 200 217 32 48 167 24 214 164
    52 73 170 67 95 48 154 130 182 88 185 235 112 142 251 133 31 204 14
    246 240 212 17 27 244 99 182 201 173 61 19 125 130 242 199 220 243
    90 223 9 11 228 202 98 83 251 100 34 79 237 92 6 183 41 50 63 95 255
    75 112 234 244 98 228 173 124 15 147 186 47 221 223 192 53 122 197
    198 13 229 12 72 101 127 8 132 227 93 82 233 115 96 108 122 251 205
    22 184 70 106 8 82 28 229 42 31 219 61 183 159 30 97 50 153 250 116
    201 8 132 252 47 206 116 63 136 169 187 224 89 21 229 15 214 177 8
    137 145 144 48 218 24 19 95 222 89 25 150 58 103 146 52 162 47 119
    212 178 90 236 63 160 114 36 118 2 38 29 41 204 209 228 157 222 128
    36 17 79 166 1 41 139 167 113 195 207 12 52 161 249 11 116 217 79 25
    195 37 95 205 183 129 218 28 153 220 226 155 147 155 205 111 149 75
    137 41 99 112 173 21 242 246 224 163 101 158 220 176 239 193 164 171
    127 132 193 88 201 101 127 151 43 39 223 73 63 22 91 13 231 179 76
    136 40 232 93 23 115 151 118 160 139 37 41 229 104 214 239 93 55 50
    25 205 56 213 7 192 97 45 110 7 145 107 240 194 157 217 224 142 235
    99 156 235 154 251 33 120 115 57 0 213 18 98 5 104 209 191 29 134
    189 73 165 207 105 255 137 199 139 30 92 133 4 10 29 195 2 51 80 178
    105 53 142 53 61 137 246 159 215 249 165 168 231 87 33 37 38 80 175
    101 54 82 51 114 60 27 177 60 204 66 245 30 107 25 120 89 57 162 223
    247 4 225 65 165 61 91 241 30 132 228 249 183 233 114 159 13 38 59
    105 227 80 216 139 255 76 163 83 168 205 132 237 178 232 42 80 193
    99 203 83 138 243 193 191 127 169 249 110 206 26 129 90 159 12 184
    10 247 117 246 18 81 20 109 103 110 146 112 195 213 137 99 40 125 51
    33 19 136 199 34 129 195 73 138 107 110 245 35 58 100 184 171 139 2
    27 1 86 0 196 107 230 181 5 104 60 156 171 65 53 152 194 229 15 243
    47 71 208 178 92 138 238 127 253 6 221 24 30 224 167 190 244 161 184
    173 183 133 197 35 176 222 235 160 220 247 84 240 159 26 92 250 54
    89 19 228 108 149 82 155 164 209 193 67 147 18 159 167 190 28 71 76
    105 52 50 64 245 109 9 212 136 146 111 147 47 244 27 133 73 78 15 49
    200 83 234 82 102 151 88 105 228 228 131 194 33 5 239 52 189 229 16
    120 167 184 88 14 177 228 102 140 46 226 237 19 251 16 59 135 43 29
    248 136 251 120 176 165 28 17 69 42 211 122 224 82 43 197 46 215 248
    80 6 252 115 168 65 71 253 146 102 253 203 212 53 26 154 237 19 211
    140 121 250 181 53 117 237 78 221 199 28 202 38 218 86 154 96 36 25
    225 42 230 86 13 39 83 5 79 11 209 229 112 221 36 39 175 96 126 166
    146 219 89 217 224 176 205 87 169 102 84 83 138 94 187 53 218 116
    165 211 255 175 103 102 194 45 26 62 54 157 195 34 232 194 242 61
    243 112 169 37 4 230 43 111 216 0 44 241 19 158 1 81 177 221 188 2
    202 187 56 122 49 24 52 160 20 30 248 73 4 11 153 57 249 167 243 76
    88 96 155 1 229 227 154 102 35 97 24 215 243 200 160 7 207 178 95 38
    71 175 57 18 100 131 184 20 244 50 77 113 61 58 220 69 147 180 1 192
    98 139 209 68 118 137 101 176 212 9 230 142 173 104 3 1 45 57 194 64
    101 48 193 78 47 35 234 200 186 51 176 225 178 132 125 162 189 152
    224 213 175 226 235 129 209 16 88 108 20 42 93 99 169 132 229 12 188
    100 54 1 85 45 218 11 195 162 37 87 207 15 229 246 188 180 130 250
    139 204 174 222 153 100 15 61 76 146 24 40 214 34 115 237 164 217
    131 214 89 65 239 179 193 208 137 170 86 31 24 251 123 55 153 206 61
    70 51 21 196 234 132 209 133 227 197 80 100 246 158 79 68 0 110 102
    69 4 88 200 166 198 101 37 202 211 236 70 217 62 33 78 94 92 200 220
    246 130 113 50 208 3 183 62 114 10 186 218 114 81 45 188 249 166 108
    47 149 79 146 228 169 186 37 158 33 251 229 73 150 71 148 49 84 229
    12 125 77 93 240 222 184 224 174 176 249 252 51 237 208 85 120 131
    193 226 23 48 38 159 155 98 163 245 156 49 253 205 219 93 170 57 158
    164 152 43 134 149 135 115 213 219 84 221 147 233 198 87 55 251 230
    19 86 131 211 137 68 20 132 227 66 30 98 89 188 253 102 174 98 204
    22 140 115 214 42 47 76 159 192 30 130 202 145 178 178 102 210 62 24
    76 230 52 130 162 63 87 239 209 158 37 46 224 207 105 207 183 157
    101 90 207 202 32 181 218 203 79 138 33 226 61 77 235 36 28 23 91
    101 28 210 47 35 28 96 76 21 5 159 41 71 86 104 1 239 46 70 147 35
    175 18 251 20 213 226 152 45 83 167 116 38 64 8 232 94 46 154 75 157
    155 23 238 62 224 12 27 24 143 92 47 207 10 23 54 207 221 242 100 39
    110 168 47 57 168 170 68 211 148 246 121 197 188 178 105 188 161 187
    2 24 88 163 254 217 42 1 14 135 225 241 185 125 157 119 35 211 218
    166 50 248 205 117 229 84 34 103 166 147 195 124 19 194 153 11 45 73
    184 141 24 22 210 114 1 195 21 244 144 244 217 87 82 194 56 84 192
    50 188 212 76 18 230 229 191 24 15 227 191 162 25 179 254 16 32 218
    46 18 2 216 137 146 243 25 11 50 93 206 94 152 221 43 236 174 211
    191 84 161 135 49 11 90 96 48 66 109 82 39 60 28 160 107 175 228 17
    88 58 93 145 147 71 54 104 113 243 239 161 109 152 97 228 202 167
    157 97 237 195 56 160 94 52 248 99 110 15 115 114 201 87 121 180 100
    246 34 187 161 136 68 6 252 205 154 12 127 113 204 50 123 162 90 14
    184 139 231 241 114 248 70 174 95 255 123 191 72 158 250 247 204 143
    103 8 235 177 83 84 57 60 14 34 206 90 165 49 17 111 75 236 135 100
    57 100 217 183 122 134 195 131 123 141 242 188 44 34 59 167 145 27
    148 38 5 216 75 171 70 103 36 44 240 253 177 173 117 237 5 199 146
    245 73 129 50 19 200 70 18 191 234 201 235 197 32 101 42 4 116 192
    144 49 139 122 170 170 170 10 82 152 85 145 169 162 197 189 115 157
    37 36 32 18 175 212 5 121 198 155 30 236 6 69 133 170 5 34 88 228
    212 150 47 221 68 203 201 102 14 27 182 201 227 104 178 233 237 61
    255 154 47 197 220 122 155 133 191 209 240 115 111 194 21 208 165
    133 201 92 169 161 241 19 144 222 133 19 106 102 19 225 62 131 97 66
    124 160 20 132 170 31 193 1 73 170 180 187 187 103 147 212 88 221
    233 179 113 28 135 254 255 233 140 87 60 170 145 126 148 10 48 160
    130 25 32 75 31 121 114 43 227 106 202 22 47 157 60 139 3 13 210 45
    44 221 254 167 190 124 191 89 101 216 98 244 162 60 110 53 213 72
    155 128 220 60 118 139 30 187 1 195 46 252 12 237 239 153 115 164
    138 182 187 112 150 52 91 58 129 210 33 59 1 234 15 98 42 239 179
    195 47 72 242 36 133 195 184 44 11 238 98 76 156 157 254 165 152 60
    92 38 128 232 104 245 61 111 181 132 96 84 24 191 129 11 229 35 178
    56 115 128 90 211 9 26 125 124 211 128 31 43 106 165 177 114 96 166
    207 188 21 30 76 14 37 53 222 116 218 169 51 121 229 35 174 36 24 5
    146 233 193 66 38 60 197 136 77 109 13 124 186 251 94 12 115 124 32
    210 131 105 177 217 246 71 188 199 180 182 210 117 90 153 222 46 243
    24 103 73 247 49 237 117 150 133 141 48 66 53 117 66 154 185 127 38
    42 206 27 3 197 143 123 113 118 129 235 115 50 125 89 52 44 19 160
    86 71 107 66 212 64 43 142 124 227 86 220 74 241 190 218 228 197 165
    73 70 10 60 99 187 76 246 182 108 12 139 207 242 39 60 65 0 61 156
    221 189 207 243 85 169 110 69 179 26 39 114 33 169 59 210 240 131
    141 78 60 209 122 143 96 235 166 3 46 211 77 41 79 165 145 65 204
    160 28 65 82 128 22 15 54 148 210 141 203 52 118 209 50 174 132 20
    57 132 248 53 146 210 195 12 213 204 88 176 112 60 122 7 226 92 183
    154 90 75 243 198 121 176 210 44 145 163 45 161 208 170 47 214 42 59
    103 242 181 195 242 114 146 170 197 203 130 195 20 64 204 218 2 91
    69 107 17 95 145 44 102 9 166 58 25 173 112 203 161 204 93 143 105
    200 178 248 226 204 89 111 48 45 134 96 137 228 129 179 125 202 196
    145 176 135 211 102 220 24 103 67 225 109 126 34 82 222 41 129 27
    106 61 132 179 32 84 172 14 189 55 56 153 247 215 125 151 193 90 204
    151 85 154 122 213 65 116 151 166 207 78 226 206 61 39 191 178 137
    38 102 218 142 236 240 233 130 48 159 233 9 125 211 114 231 108 96
    165 159 229 19 196 107 209 18 133 97 98 49 105 199 136 227 227 237
    47 195 187 235 95 120 17 73 52 180 52 40 54 42 102 243 52 139 151
    222 58 201 147 218 135 54 183 61 37 160 108 74 60 85 32 103 2 49 41
    234 128 139 14 119 52 213 21 126 208 1 141 169 209 224 169 147 55 48
    109 230 223 72 163 238 111 234 226 77 112 90 64 236 117 244 147 42
    107 162 52 71 226 152 124 236 171 253 167 64 240 75 17 120 121 135
    205 207 255 145 160 156 44 224 254 245 67 27 92 143 173 203 44 196
    76 149 27 63 51 49 192 61 212 253 71 125 33 96 6 207 94 71 8 167 117
    147 207 34 94 98 230 229 18 231 237 121 162 24 5 240 229 68 212 206
    235 157 10 224 45 229 225 40 8 29 200 203 188 47 168 101 141 226 231
    167 120 122 242 246 46 103 47 113 166 221 138 164 229 204 191 234
    127 212 164 59 121 88 130 73 57 178 235 126 115 122 112 118 64 3 32
    37 160 42 28 20 164 190 245 78 105 34 47 252 206 144 142 144 139 108
    207 238 184 229 118 117 198 51 87 65 251 219 15 70 179 80 210 104 27
    22 106 245 138 0 252 154 219 236 254 65 14 114 189 49 69 43 243 21
    13 55 114 147 194 46 60 39 15 1 40 207 223 219 181 128 185 223 228
    71 199 83 204 20 165 192 17 128 239 108 247 50 224 150 204 127 227
    212 226 110 209 240 250 212 30 110 228 131 157 188 107 117 13 8 175
    66 43 201 3 80 90 143 48 1 73 226 18 152 34 104 93 167 5 42 193 204
    207 128 82 132 139 232 135 20 182 134 194 190 198 99 100 56 232 37
    55 29 62 106 151 194 4 201 150 121 159 67 79 36 24 79 72 52 0 38 135
    219 164 122 172 99 104 126 103 123 225 236 44 20 117 20 102 228 232
    143 65 218 92 200 201 232 147 245 166 98 143 142 103 36 190 9 8 117
    24 49 36 71 161 246 202 140 71 146 233 235 28 167 177 218 140 10 57
    99 175 205 212 251 122 137 35 168 209 14 200 72 36 118 6 246 38 93
    96 85 180 130 182 68 4 53 195 32 70 112 190 243 206 172 218 187 249
    64 109 234 159 47 214 83 188 59 61 190 159 73 14 65 191 201 162 239
    119 177 119 61 220 252 247 140 192 32 56 254 5 172 206 58 22 249 88
    92 30 3 62 217 24 200 143 165 67 246 144 98 229 207 238 11 82 132
    169 50 253 46 139 148 98 112 255 121 17 231 153 180 152 67 219 93
    135 59 62 7 7 47 176 34 15 160 208 222 235 81 96 111 199 90 87 66
    237 99 126 234 92 155 60 121 56 38 123 107 131 225 239 239 7 98 11
    243 152 84 191 181 187 74 71 20 168 150 242 152 89 240 190 176 75
    175 159 176 34 150 224 29 198 112 121 146 1 241 13 93 215 182 7 220
    77 213 39 53 40 16 92 102 145 217 59 135 146 26 107 211 132 246 134
    42 12 200 26 50 243 186 153 84 67 160 176 91 73 11 103 141 11 123 68
    55 109 229 21 29 177 35 255 221 207 65 136 179 85 193 252 69 16 224
    166 20 50 32 249 62 18 94 131 61 144 145 1 8 226 221 112 121 83 145
    152 246 242 46 89 67 47 71 82 11 82 7 158 144 202 129 41 11 210 21
    195 169 120 9 144 236 130 204 112 42 56 95 226 112 124 40 154 203
    119 200 168 21 147 154 214 128 220 193 86 141 254 114 111 100 193
    194 99 235 56 20 26 13 121 95 225 182 205 7 53 16 182 49 225 88 253
    181 134 42 216 28 23 249 87 176 115 45 101 153 171 34 213 96 244 122
    144 249 7 157 35 159 125 153 216 91 86 61 230 209 227 57 241 253 38
    16 55 39 44 228 255 146 22 251 22 160 190 155 245 204 64 118 210 251
    28 13 116 26 222 147 176 55 43 154 93 3 237 127 220 34 242 40 172
    184 33 109 235 111 196 135 153 240 156 225 67 123 123 114 154 159
    194 81 27 194 60 91 50 207 93 75 62 225 145 254 98 80 37 35 107 100
    133 124 213 38 117 243 153 241 194 47 157 96 200 217 162 42 36 12
    125 90 244 182 200 234 18 13 99 136 42 12 7 45 114 113 146 174 100
    126 79 250 97 179 224 40 162 129 191 141 55 131 30 151 178 3 237 207
    10 245 8 179 189 135 51 60 60 102 161 116 208 5 252 123 1 230 96 173
    168 55 53 73 77 241 18 139 88 226 254 2 170 168 1 42 204 253 208 194
    229 11 254 98 249 45 100 158 17 181 246 213 33 234 111 100 48 226
    132 153 22 175 222 237 18 23 177 99 37 124 239 100 242 101 36 84 180
    143 71 69 77 81 66 112 162 110 41 229 214 2 33 144 99 191 69 70 128
    109 221 68 194 190 163 136 202 8 176 205 216 235 124 122 217 52 179
    41 21 84 158 158 64 86 78 158 72 198 250 77 228 172 180 43 224 43
    165 75 156 48 237 202 130 247 206 6 12 247 146 235 207 121 213 123
    183 130 211 202 152 87 238 162 22 83 70 28 104 253 73 173 204 62 230
    153 180 237 133 201 17 13 177 30 221 185 146 29 189 215 193 216 252
    250 48 186 102 182 46 237 54 31 4 188 16 21 133 212 157 142 154 41
    130 212 232 99 94 154 156 85 125 172 212 85 22 252 202 118 128 162
    15 208 30 231 37 157 239 74 0 134 91 251 49 234 15 121 126 255 253
    239 140 25 33 255 84 159 89 150 225 241 48 21 93 130 158 209 50 184
    10 190 88 253 57 33 10 94 46 10 242 241 219 72 231 121 149 235 184
    52 123 16 53 90 238 103 215 116 56 215 166 88 21 171 212 163 171 97
    154 108 34 136 192 65 244 233 216 223 58 75 193 211 227 237 251 145
    60 195 10 97 70 8 64 173 15 217 7 191 98 53 241 25 241 226 109 23
    135 40 133 211 58 11 209 153 32 61 229 153 20 92 160 73 243 130 7
    130 164 170 33 229 106 143 193 84 97 241 76 3 38 112 105 147 136 110
    10 245 238 141 145 29 190 92 195 220 45 109 237 43 22 150 165 212 12
    65 133 193 225 62 133 135 119 121 141 255 200 102 51 97 42 176 201
    175 119 252 152 69 243 202 91 245 164 86 92 178 134 123 102 205 229
    66 181 138 75 79 124 153 1 11 124 195 211 62 47 221 14 159 161 132
    155 41 193 57 58 250 100 218 115 161 253 144 61 173 108 182 76 246
    217 109 29 118 93 130 223 45 253 207 145 217 236 216 223 86 195 221
    176 202 117 111 230 31 88 32 115 230 118 109 152 218 109 127 203 155
    97 235 6 144 150 107 62 201 78 147 159 85 125 55 139 161 251 75 176
    56 81 230 176 219 22 37 226 90 129 185 160 70 200 182 228 224 101
    172 83 59 78 11 224 203 153 90 217 44 240 58 225 23 252 199 36 53
    155 94 242 186 102 109 187 171 154 205 3 162 143 173 22 60 97 225 77
    249 192 41 87 132 115 14 142 24 151 62 197 91 91 137 225 163 59 92
    80 237 69 124 62 210 161 37 155 179 100 82 28 10 7 169 190 45 249 63
    87 239 22 210 200 57 230 127 152 214 72 203 13 221 67 167 247 142
    118 138 52 67 231 90 70 223 22 108 235 85 157 43 236 39 5 194 11 11
    3 48 111 184 61 41 92 247 155 148 104 62 98 70 145 139 172 105 135
    32 166 239 210 203 195 202 79 114 138 36 43 230 173 101 160 201 209
    168 91 100 36 186 209 36 85 214 90 155 128 136 14 109 23 76 129 15
    231 242 227 6 142 234 184 9 159 155 142 51 180 28 79 135 212 165 123
    131 231 154 87 166 247 184 172 198 159 204 93 252 195 255 148 69 144
    193 112 36 252 209 43 109 52 233 68 38 121 179 137 82 104 9 172 1
    191 107 253 248 142 37 49 72 158 136 214 146 148 236 25 168 187 169
    80 190 231 174 209 48 238 109 58 138 57 141 180 203 147 99 188 70
    203 21 148 76 31 95 195 139 100 31 78 190 52 197 84 198 74 157 233
    39 134 253 124 12 139 235 154 45 159 33 117 92 41 44 238 98 196 241
    32 232 82 119 243 141 83 195 238 96 171 187 240 33 41 195 14 161 199
    23 13 224 198 16 220 14 172 98 19 121 224 60 167 48 243 194 155 3
    114 165 116 241 9 86 23 181 190 160 138 231 146 51 241 245 29 26 211
    227 153 203 249 252 93 9 18 171 54 245 134 3 206 74 71 162 44 51 212
    228 130 66 69 213 102 25 81 73 248 86 231 24 158 5 204 93 253 152 44
    26 210 175 31 94 131 195 74 188 167 76 10 165 43 160 187 201 82 186
    228 34 150 179 202 222 37 62 30 187 126 68 93 252 245 7 151 141 130
    229 253 49 188 155 247 23 129 32 164 84 29 246 247 213 193 200 19 59
    195 171 100 36 211 233 161 192 125 68 247 57 197 144 180 144 82 187
    186 43 222 199 60 1 3 98 180 247 44 45 227 118 227 219 95 45 136 227
    237 79 121 148 192 8 157 214 57 224 190 211 96 17 79 76 220 36 196
    162 104 2 14 178 2 161 232 84 131 38 187 26 96 206 74 38 140 27 71
    80 158 42 4 47 106 135 95 77 164 245 198 39 8 184 39 29 161 223 66
    176 159 177 252 219 127 218 156 185 83 234 51 139 82 41 16 74 214 21
    199 70 5 155 180 184 185 96 222 81 78 4 187 234 37 8 142 108 115 235
    108 231 85 36 224 235 191 27 36 14 19 125 224 68 251 182 134 190 220
    189 149 252 183 44 43 88 165 30 243 97 128 169 115 144 105 229 140
    116 167 97 35 195 135 191 67 143 19 72 42 115 98 68 32 137 156 11
    128 9 85 254 218 99 193 51 10 143 114 136 189 157 112 183 238 3 58
    37 202 181 61 29 97 163 133 146 101 234 160 176 202 244 222 53 229
    76 93 236 203 227 249 72 211 79 4 25 166 221 186 248 141 57 32 111
    113 99 105 128 23 81 36 34 217 243 245 25 46 20 107 124 152 69 123
    229 248 9 201 123 57 137 69 39 64 207 216 225 189 238 114 209 226 94
    85 84 108 78 192 99 198 105 50 130 159 178 84 205 116 138 196 65 218
    40 225 204 116 149 4 145 199 140 50 94 202 205 3 52 39 115 201 48
    241 36 112 32 107 224 72 97 29 209 107 253 27 18 142 132 53 88 241
    176 219 100 31 204 218 62 181 194 234 182 249 31 246 109 227 65 162
    65 244 4 80 217 174 253 187 70 92 134 255 70 250 116 44 12 71 94 88
    233 190 56 48 81 198 19 221 186 251 40 189 199 168 26 54 231 22 183
    116 5 115 82 252 151 177 28 85 59 174 163 92 86 126 211 69 68 178 29
    69 27 111 139 49 204 169 20 158 21 222 183 195 141 244 134 88 158
    169 85 42 139 98 171 235 52 18 16 141 216 51 255 120 154 13 247 245
    218 69 36 36 166 68 152 191 16 247 100 54 185 201 55 50 118 179 118
    154 47 31 198 154 168 161 38 116 104 137 116 152 28 197 234 6 222 43
    32 69 19 182 143 6 230 189 187 78 70 53 188 63 92 133 135 126 45 229
    79 137 64 248 132 187 76 216 25 92 187 21 51 40 214 1 187 45 137 69
    169 5 216 46 144 175 165 190 100 106 58 103 131 138 232 102 127 56
    253 84 47 19 201 145 195 70 65 7 22 16 70 102 72 43 104 99 52 187
    179 244 13 243 155 226 194 57 147 126 21 119 147 227 249 188 184 11
    108 225 65 124 73 112 177 121 131 52 208 49 164 188 175 192 201 210
    122 249 99 235 160 144 207 60 154 168 172 32 187 70 208 244 196 110
    49 203 36 130 102 29 125 52 59 118 143 249 225 162 190 173 45 37 207
    129 174 141 6 148 2 163 190 60 54 36 133 181 112 4 102 8 114 105 73
    15 28 29 216 103 57 222 105 250 200 203 204 5 6 222 218 69 75 211
    130 215 230 148 4 238 62 220 88 87 225 243 181 240 207 63 126 21 63
    105 248 206 169 25 192 41 195 64 184 188 231 95 183 160 29 77 26 74
    88 170 213 190 72 131 188 136 62 54 232 5 229 146 230 245 236 182
    229 201 101 170 62 75 203 61 251 182 136 65 162 116 203 217 150 223
    119 19 45 196 66 71 100 3 109 140 243 32 72 159 238 162 136 41 151
    183 95 185 110 55 44 224 107 84 254 194 124 4 76 64 167 202 78 224
    115 15 229 32 251 241 188 236 222 144 160 37 45 43 127 44 44 244 57
    71 14 196 170 19 232 217 0 227 159 135 119 165 86 209 95 244 44 51
    81 14 163 88 195 26 119 180 231 92 241 239 19 7 52 10 248 218 30 147
    75 99 207 218 144 51 159 101 129 201 199 141 124 37 5 190 17 17 179
    76 194 70 11 162 218 63 236 84 135 216 180 49 32 143 95 68 191 119
    40 9 21 11 50 196 83 6 74 31 50 103 4 142 103 211 185 51 5 133 19 58
    188 244 151 151 122 141 41 66 229 114 92 59 211 174 142 112 67 175
    171 58 163 217 30 38 26 98 96 27 49 54 17 209 66 55 60 187 49 31 179
    237 179 220 174 104 64 57 187 84 214 77 183 50 173 38 23 168 228 139
    157 210 25 175 92 23 192 71 185 220 249 159 227 4 57 175 18 164 28
    156 66 254 233 166 247 218 23 28 31 21 65 31 19 225 148 185 79 237
    214 188 143 255 145 32 110 64 216 222 102 142 4 224 212 173 113 54 5
    168 17 23 162 26 177 32 94 129 116 88 180 17 106 136 63 17 16 106
    125 145 21 38 148 217 183 32 196 14 173 112 86 148 110 245 215 153
    28 152 67 12 133 18 138 194 238 172 45 113 122 184 224 240 81 168
    228 83 94 61 138 129 117 40 227 108 128 201 154 53 108 74 15 244 64
    229 239 150 199 242 113 2 75 54 173 66 28 30 151 157 28 80 24 98 107
    95 163 171 184 242 188 100 59 103 247 162 233 213 202 251 9 124 4 65
    232 42 134 120 123 214 249 37 4 195 216 126 28 153 177 202 110 52 11
    226 190 210 86 101 108 136 216 80 243 75 16 122 55 185 52 121 245
    131 150 114 221 252 188 245 214 134 172 112 230 243 215 139 168 129
    158 60 22 221 72 218 236 180 138 167 198 247 34 41 245 26 97 141 31
    220 102 53 235 169 222 153 101 98 6 203 224 180 93 10 48 37 156 236
    43 92 88 81 171 20 31 149 47 173 43 229 50 249 217 142 34 32 107 129
    165 239 128 222 1 254 208 220 1 79 103 196 247 155 246 222 151 82 48
    124 240 186 50 253 82 173 195 123 189 81 97 142 83 125 240 223 117
    134 90 137 204 235 123 167 164 206 108 163 32 3 239 210 111 94 229
    14 202 98 87 218 149 221 197 96 127 254 208 255 192 178 173 215 113
    9 59 142 196 189 233 254 91 158 172 118 136 238 145 123 29 133 126
    41 238 97 98 222 112 180 133 141 125 187 54 251 86 59 164 191 165
    204 33 221 124 90 231 163 246 251 250 25 157 174 184 3 10 28 146 186
    111 203 158 100 162 156 28 164 105 131 33 87 95 23 28 11 249 176 1
    105 148 43 142 145 67 147 167 41 34 110 33 33 88 26 168 107 44 166
    137 18 66 3 221 225 154 150 28 26 241 119 71 46 115 11 206 135 45
    157 167 98 24 198 24 118 158 210 37 145 220 145 84 163 23 91 154 167
    51 210 76 142 16 247 93 9 55 126 36 139 61 140 218 236 118 223 181
    230 225 185 61 140 72 150 99 239 84 60 184 32 253 150 86 167 83 81
    195 101 143 151 198 143 206 161 61 161 93 248 24 15 238 75 68 18 227
    238 61 110 76 205 96 5 72 180 199 53 153 254 115 119 147 228 202 153
    36 185 84 148 68 201 230 147 63 246 107 254 115 45 95 225 10 213 79
    42 9 50 131 126 192 63 184 222 51 41 200 30 66 248 70 255 168 191
    222 144 73 106 181 174 98 10 163 103 7 79 235 64 141 102 249 39 23
    144 13 22 22 7 173 255 80 98 76 10 124 180 159 154 222 140 137 97
    163 90 108 81 107 250 250 169 38 74 239 73 154 208 52 33 87 210 83
    134 83 63 58 213 154 8 115 90 48 29 125 33 131 137 178 183 35 135
    221 23 150 65 169 117 134 21 8 152 241 194 182 158 18 74 67 229 238
    51 156 62 79 5 19 16 15 149 243 14 161 7 112 14 107 59 114 202 185
    205 197 106 56 94 32 71 120 101 5 35 114 86 244 241 160 92 253 200
    186 26 184 138 27 47 52 36 236 250 106 222 179 149 102 146 114 199
    161 122 92 129 120 109 16 184 74 77 243 56 49 32 24 184 178 1 173 32
    76 219 188 187 212 165 146 21 213 230 20 115 103 203 107 207 78 133
    208 15 222 39 8 105 63 84 180 48 185 143 250 204 15 233 31 173 199
    99 214 195 97 162 208 140 249 8 185 218 218 159 134 15 93 245 210 5
    161 207 17 88 39 46 66 106 30 242 110 55 71 123 99 30 19 122 201 252
    103 3 57 90 169 188 5 38 214 75 67 49 63 177 125 17 140 173 186 32
    224 3 210 222 121 185 144 255 93 169 58 168 204 15 128 255 143 253
    114 167 64 135 128 232 55 228 115 180 192 67 199 48 235 216 56 82
    185 119 61 107 42 166 245 243 60 213 46 131 38 233 160 194 85 167 2
    132 20 123 119 113 156 204 50 205 160 41 136 145 90 133 198 92 167
    244 152 243 116 109 166 1 108 160 152 168 217 170 45 184 171 49 191
    193 174 233 91 21 236 155 168 46 123 175 172 26 102 80 31 87 204 122
    72 54 68 152 1 83 116 230 81 105 139 245 91 48 149 195 226 238 7 82
    14 175 247 188 167 63 93 30 43 205 153 104 10 127 96 211 118 185 202
    235 51 178 167 92 197 116 170 159 113 36 37 22 65 201 46 69 141 118
    32 96 192 156 230 86 134 159 23 132 117 249 219 177 6 149 242 63 215
    71 14 120 52 201 66 106 150 135 162 82 82 80 189 41 133 194 196 91
    190 195 29 140 201 116 155 144 2 210 146 193 106 97 171 129 155 245
    41 188 196 170 129 170 181 180 205 106 96 227 205 46 193 186 42 207
    149 249 197 184 102 15 208 83 249 149 92 9 70 118 42 157 109 179 179
    131 22 54 163 251 218 80 107 17 110 225 31 56 198 158 98 103 239 32
    71 196 194 167 228 121 236 20 226 38 42 198 51 47 151 160 178 119
    223 130 3 188 140 8 179 100 218 109 18 156 208 247 127 211 117 157
    93 211 244 187 111 90 225 185 15 44 91 232 144 219 138 105 163 30 23
    60 19 226 53 34 92 116 122 113 25 203 152 173 188 83 180 127 219 249
    7 29 117 195 170 88 208 203 51 14 205 199 2 148 177 198 152 172 106
    141 228 191 254 64 18 6 103 176 111 20 212 232 208 52 144 86 48 154
    5 135 4 184 153 54 36 152 21 64 160 76 124 96 190 167 1 240 145 85
    65 185 108 114 16 240 220 101 29 57 93 110 121 179 164 229 177 112
    163 119 39 68 54 243 51 179 22 126 118 131 149 33 148 250 252 69 236
    45 198 187 76 118 114 42 223 125 2 95 231 140 208 215 84 198 157 229
    152 179 207 251 186 126 162 121 200 112 80 235 160 72 237 67 87 231
    234 45 110 94 235 26 251 40 79 12 159 88 208 111 39 175 121 211 231
    113 131 160 118 6 26 183 102 247 52 186 124 168 102 37 150 243 63
    116 208 59 225 171 207 130 216 121 244 233 168 220 172 105 70 90 76
    234 235 56 152 27 17 21 254 126 241 177 3 250 122 188 105 239 199 6
    124 194 1 239 153 234 94 7 72 55 218 217 74 199 196 71 109 189 56
    117 131 243 227 0 240 41 252 118 184 127 254 252 230 227 254 110 56
    9 6 195 162 108 55 228 49 7 41 194 21 110 191 141 0 62 127 188 151
    247 102 93 51 1 184 100 82 165 198 37 157 92 138 204 201 31 125 134
    192 167 253 244 29 81 114 116 216 197 138 189 51 214 1 115 34 117 66
    10 200 250 200 76 156 15 0 58 52 166 227 139 155 5 53 255 52 85 9
    138 62 254 150 79 170 32 85 167 227 255 248 123 50 174 207 165 21 14
    0 145 212 234 103 31 9 29 167 32 145 15 109 226 140 168 160 113 252
    112 122 135 159 163 173 0 54 10 144 252 156 169 133 101 36 7 30 122
    227 210 61 102 107 89 64 43 63 20 146 159 167 51 251 230 209 159 159
    67 98 156 117 11 25 99 195 155 217 79 56 75 210 226 134 44 132 63
    155 113 79 57 74 38 198 80 171 67 85 28 201 186 232 177 89 164 67
    190 134 88 159 237 179 234 239 56 229 151 156 17 98 2 109 175 83 13
    96 153 62 168 113 124 78 147 125 220 37 214 189 117 90 235 37 100 61
    14 210 32 117 173 214 125 193 163 21 23 23 41 178 3 203 45 229 133 2
    205 51 204 163 243 162 231 183 75 183 179 227 240 24 178 218 66 68
    120 234 44 223 104 59 39 76 153 79 132 92 165 35 115 224 232 72 154
    66 195 174 247 206 251 48 213 8 33 43 189 200 159 41 193 156 52 19
    110 219 136 204 135 213 229 140 167 197 29 125 115 215 83 91 179 181
    56 228 172 39 24 80 253 130 236 184 63 48 211 81 26 40 188 120 98
    120 154 216 176 197 200 55 79 15 166 202 150 117 241 164 244 165 84
    214 173 152 122 242 70 240 62 220 158 66 189 205 162 53 157 132 9 8
    66 228 77 237 127 166 89 136 15 213 66 230 177 187 234 81 216 137
    153 129 185 152 229 235 175 86 59 76 141 228 168 174 148 208 154 67
    83 62 128 224 142 63 24 93 86 56 44 17 234 255 243 76 62 148 188 24
    40 50 147 186 38 61 250 101 122 224 178 82 10 158 181 56 222 205 221
    87 104 224 230 37 19 157 153 18 158 135 44 86 86 209 26 24 9 233 186
    119 18 136 2 30 198 253 64 135 201 93 129 203 3 216 241 73 138 79 16
    64 199 17 16 90 160 80 153 33 69 228 224 200 135 113 159 246 119 62
    38 198 71 252 22 30 92 108 20 174 73 135 133 154 50 103 78 88 167
    251 29 48 244 58 56 133 80 159 179 3 157 158 127 209 26 214 140 173
    32 236 217 233 118 1 255 44 117 180 85 238 38 121 143 96 153 119 236
    200 1 189 198 79 211 152 240 54 29 217 200 129 165 96 56 121 105 74
    9 168 127 36 135 165 87 37 152 96 13 2 79 181 126 106 191 25 127 81
    124 252 49 27 152 31 35 246 90 44 94 83 253 129 169 181 71 202 254
    11 178 140 207 63 65 33 244 220 153 76 69 111 192 94 62 13 207 162
    58 96 89 28 9 21 219 39 137 231 101 72 16 33 226 21 3 32 195 54 67
    228 245 118 213 105 120 6 252 42 104 168 129 98 251 150 119 88 247
    245 89 99 145 226 52 209 132 172 181 57 152 209 42 162 25 65 24 241
    166 214 188 125 43 194 254 174 77 72 141 69 129 186 31 103 194 66
    142 109 245 230 29 13 163 181 3 172 138 88 56 207 207 2 53 3 229 13
    11 162 244 63 69 225 102 176 158 78 34 51 247 131 175 87 9 146 66 64
    79 237 81 62 205 56 186 74 44 75 31 190 123 219 149 239 225 135 93
    51 251 208 230 125 84 142 105 245 61 210 236 72 47 211 139 49 0 231
    105 201 41 191 131 219 93 201 121 12 43 208 97 16 141 212 0 102 148
    164 208 68 91 185 33 163 245 151 31 114 139 190 123 8 145 15 101 42
    253 168 224 17 60 215 127 107 65 173 84 204 24 94 140 189 170 148
    235 221 171 118 86 195 135 238 140 196 21 167 100 102 158 215 79 33
    107 98 173 176 152 209 119 244 76 174 119 98 20 206 216 146 46 27
    146 10 154 61 240 184 100 30 91 132 64 98 66 118 146 161 175 248 248
    92 243 71 164 65 165 254 50 143 248 39 186 18 83 83 159 89 5 84 8 25
    204 192 244 14 25 176 152 102 196 90 184 170 132 169 6 144 128 136
    217 112 148 242 114 171 53 99 39 166 175 45 52 33 235 193 228 224 31
    57 245 192 94 131 97 79 2 210 219 238 12 25 69 66 107 182 246 0 23
    218 198 62 180 167 179 78 135 87 11 111 101 39 213 87 125 20 25 210
    123 97 214 95 27 177 19 151 83 197 214 158 27 74 160 204 132 185 151
    249 142 61 149 186 42 26 157 168 47 10 134 44 20 132 63 64 220 196
    167 30 8 53 32 228 42 72 118 72 50 191 20 226 1 85 82 158 212 200
    145 196 36 202 14 116 226 183 57 158 49 165 134 33 120 126 162 25
    211 21 76 87 170 54 50 181 71 51 151 247 47 248 234 58 130 166 208
    182 32 254 170 247 160 178 27 8 85 211 179 236 81 247 135 43 184 204
    107 130 20 166 223 147 22 242 90 1 255 60 251 171 99 111 120 236 81
    155 234 199 49 157 120 31 117 221 107 200 181 136 42 129 176 116 108
    61 192 206 237 11 255 153 14 139 99 245 113 13 113 114 142 106 97
    229 170 238 238 217 148 59 230 51 26 253 201 236 120 212 126 8 50 3
    69 208 72 110 121 20 119 147 18 112 74 124 228 53 173 55 225 41 62
    196 41 59 252 48 100 250 30 122 62 238 38 110 219 135 85 131 140 252
    150 54 240 97 95 203 78 108 153 163 19 39 73 181 182 2 74 3 26 62
    134 106 33 254 216 142 178 28 44 104 206 137 37 43 1 147 120 18 120
    45 165 168 234 143 122 249 20 227 144 226 224 27 82 21 11 44 209 77
    228 203 149 129 39 10 69 86 10 174 225 214 151 232 60 131 43 80 220
    3 196 66 116 59 8 202 86 154 154 85 36 73 205 48 22 191 44 126 29
    237 97 193 18 17 3 89 82 96 173 8 239 123 132 221 171 95 85 243 10
    15 57 143 56 105 120 248 53 129 15 245 194 182 143 166 95 220 171
    236 144 207 212 153 247 226 133 200 156 162 245 83 126 8 82 44 98
    206 233 236 99 103 10 145 254 123 125 239 192 15 2 2 39 186 168 168
    17 217 31 112 197 68 236 56 50 124 8 201 189 42 221 89 143 193 159
    105 47 94 109 105 134 197 175 133 45 151 118 4 22 176 206 86 57 96
    233 251 65 134 136 81 165 214 135 241 165 163 251 240 64 153 239 193
    48 46 15 220 84 127 84 17 230 166 155 229 213 156 7 29 35 35 5 227
    103 120 141 132 39 185 148 40 67 47 140 242 72 225 151 96 238 128
    249 157 73 32 216 80 69 80 21 0 112 53 64 38 106 17 209 249 129 88
    20 186 1 188 4 213 198 131 148 23 113 12 14 103 190 229 8 20 205 147
    226 54 131 161 226 206 74 14 198 149 42 243 23 110 43 177 139 168
    187 2 80 71 133 123 164 49 31 109 19 15 142 226 185 44 223 80 112 1
    60 140 233 151 226 215 131 228 236 177 144 141 53 133 33 195 207 236
    36 63 223 22 47 75 163 137 203 11 51 165 50 60 251 69 218 10 152 196
    187 112 165 153 74 176 183 159 65 209 141 237 80 206 86 49 165 51 57
    171 195 34 168 140 247 147 9 160 30 2 199 46 201 150 42 250 249 253
    204 62 16 106 23 101 104 119 196 215 174 152 121 236 75 1 217 54 64
    103 191 238 96 150 87 246 61 137 183 103 235 203 34 212 108 83 160
    249 101 66 208 181 202 198 187 196 205 166 58 153 232 105 5 14 94
    157 217 8 7 55 22 88 179 220 115 99 216 44 88 190 58 38 98 50 12 121
    237 227 242 207 20 76 33 33 21 126 75 14 137 129 0 64 154 182 176 88
    99 6 123 43 144 175 164 22 233 125 237 112 119 43 68 11 194 191 67
    53 210 87 120 115 63 118 254 76 211 39 37 251 51 186 112 173 224 44
    128 140 249 134 172 193 25 134 117 64 30 255 104 235 240 96 166 227
    110 154 84 123 57 30 218 246 93 184 212 29 23 151 222 211 100 65 182
    238 4 82 120 147 181 106 226 64 48 61 168 65 18 92 247 109 200 203
    93 76 108 41 83 146 66 40 230 251 199 227 177 62 222 48 71 8 94 157
    27 46 188 131 24 77 109 4 225 53 188 41 22 25 218 168 132 38 27 149
    116 164 45 81 54 129 132 59 16 63 39 252 110 192 146 69 153 130 188
    87 109 169 252 242 27 29 75 210 94 130 118 128 182 71 26 202 68 204
    30 129 200 198 233 220 58 234 110 49 213 191 104 125 166 141 161 37
    158 65 141 23 182 124 68 230 140 237 135 146 56 200 235 62 116 112
    131 183 220 62 47 73 224 77 64 107 150 142 184 127 158 109 68 43 34
    204 204 172 25 32 68 73 251 26 203 250 2 66 47 106 57 53 16 142 226
    49 54 137 86 57 201 17 27 249 64 116 0 131 195 49 73 216 7 59 32 103
    43 121 139 158 177 30 228 254 244 4 21 204 3 168 244 168 11 158 43
    61 196 69 94 114 41 236 54 51 162 185 119 130 112 201 254 53 37 120
    238 52 46 50 62 231 89 223 123 50 219 166 90 239 240 181 234 208 236
    0 178 27 15 104 250 143 0 42 146 180 33 223 145 117 206 200 53 145
    150 238 117 229 205 98 153 37 239 50 41 144 88 81 149 197 176 208
    189 70 221 201 7 198 225 191 90 201 223 21 39 230 211 220 30 72 23
    19 182 95 82 101 23 103 136 192 22 207 27 78 200 104 73 207 125 183
    89 81 166 242 59 232 202 186 234 22 142 253 80 52 34 227 98 105 33
    111 204 99 110 254 70 172 223 59 3 189 79 2 56 13 2 147 207 253 54
    12 69 90 204 74 213 129 183 13 255 237 83 20 52 20 95 231 27 61 9 59
    137 57 0 243 169 203 56 174 103 178 53 135 179 245 97 100 88 81 2 48
    103 246 139 107 248 150 168 237 112 5 74 74 15 177 4 68 208 209 98
    219 30 5 37 45 159 218 140 59 191 17 244 204 243 192 37 4 10 179 163
    109 53 118 29 90 55 216 57 195 198 145 203 211 244 163 93 108 201
    105 125 248 166 104 91 94 246 77 219 138 253 23 193 22 25 156 187 21
    138 117 233 30 48 22 156 47 39 63 119 76 217 139 216 154 149 213 23
    183 126 21 90 220 135 253 98 125 131 240 207 47 152 255 245 217 154
    11 57 250 123 73 249 179 227 167 17 159 7 103 0 242 204 56 213 88
    128 107 43 114 221 64 233 10 161 84 75 30 192 59 223 38 190 15 116
    170 71 249 18 160 135 213 231 92 92 144 20 56 114 207 92 37 15 255
    72 13 216 236 104 48 161 201 186 13 72 197 213 138 107 230 172 113
    157 216 210 48 225 209 223 70 105 142 159 32 236 138 223 2 17 87 43
    127 94 62 85 162 225 66 230 50 253 101 165 19 8 126 133 29 107 28
    249 157 139 30 174 68 97 99 2 202 204 19 255 127 251 254 182 231 70
    211 164 53 109 249 16 133 63 218 246 240 191 71 149 30 220 119 63
    134 171 242 160 134 89 85 101 98 65 1 107 195 57 183 19 170 96 63 39
    81 230 207 151 150 111 46 160 223 91 24 144 53 121 176 75 208 129
    138 235 65 53 50 127 129 183 245 89 50 48 167 37 255 135 181 195 92
    54 243 124 186 4 242 45 31 170 56 54 32 119 47 26 250 88 96 230 250
    158 22 113 204 68 73 89 76 126 85 206 48 105 119 42 23 149 61 1 158
    233 230 254 60 49 115 208 25 240 124 229 170 64 5 96 196 31 150 64
    190 230 126 162 32 234 147 131 224 176 196 146 221 103 205 210 42
    104 230 224 92 126 9 2 55 104 247 210 175 10 122 218 75 1 139 176
    214 96 63 116 31 234 200 220 151 80 190 104 144 216 219 163 14 115
    88 156 214 116 74 207 18 184 93 140 104 155 73 63 192 213 174 118
    166 147 28 23 127 184 39 141 248 185 144 101 205 153 123 124 19 163
    62 125 80 71 230 31 249 105 182 210 210 105 81 49 70 59 29 176 93
    119 29 197 97 141 250 58 239 98 122 180 198 157 12 123 132 251 62 2
    182 143 136 174 34 145 224 80 173 83 131 81 233 190 125 118 4 248 31
    12 9 94 77 184 205 242 227 124 114 88 248 18 21 74 17 117 245 75 227
    231 225 114 17 112 5 28 88 62 35 174 46 172 80 33 60 198 235 23 227
    88 241 37 47 150 220 175 4 62 14 207 247 52 15 102 86 167 165 247
    229 203 80 157 160 81 130 89 133 73 149 147 248 182 202 197 190 55
    210 244 20 2 84 99 59 21 106 46 108 159 49 152 217 64 45 43 2 53 213
    240 189 95 48 1 96 1 247 81 221 85 245 16 118 102 168 18 186 128 175
    113 47 183 128 63 182 127 173 76 208 201 136 18 53 98 238 19 105 111
    78 140 157 211 80 6 165 180 175 52 200 186 115 84 111 230 15 248 110
    243 241 101 105 223 53 245 232 246 50 127 157 68 90 30 20 67 11 142
    53 81 188 230 198 191 139 180 3 160 24 250 35 127 168 66 50 72 226
    231 95 228 179 5 12 73 149 230 46 45 144 92 129 68 6 237 25 39 62
    220 148 244 139 96 41 136 11 75 85 169 209 251 24 61 93 55 255 32 94
    117 131 239 224 88 167 67 118 192 74 35 17 5 254 55 41 237 73 69 175
    16 253 150 149 25 152 169 172 41 235 167 139 123 22 6 163 248 177
    160 240 8 31 56 53 92 143 128 20 15 185 181 31 9 166 60 170 157 220
    138 205 195 60 117 194 7 51 98 146 56 108 220 196 107 66 49 94 108
    64 215 121 32 83 61 214 196 80 145 0 41 104 229 199 211 214 225 224
    239 184 170 38 7 29 19 109 103 205 48 185 11 97 117 217 17 45 103 32
    177 227 131 140 128 81 47 30 101 62 32 17 57 207 131 115 59 157 235
    195 45 64 139 14 219 171 81 140 159 231 165 145 20 102 64 105 87 129
    38 16 219 36 255 7 148 110 198 68 94 180 176 10 60 168 122 118 178
    154 251 160 243 9 89 139 141 246 59 87 248 234 131 100 10 198 164 88
    94 73 244 252 93 202 1 206 175 39 130 151 4 248 67 84 63 214 120 15
    14 113 202 104 210 184 19 211 21 126 138 48 97 106 5 160 203 217 74
    173 57 225 71 147 173 66 250 217 156 155 244 218 154 209 127 100 171
    235 69 244 17 11 104 157 173 57 103 128 251 235 140 81 194 19 12 102
    106 129 239 195 187 3 114 50 107 255 234 224 94 76 52 94 244 173 208
    156 212 36 210 93 210 104 176 246 228 28 22 114 77 71 93 237 147 59
    204 234 153 79 94 30 202 67 206 90 246 165 110 204 43 235 24 70 198
    159 189 173 206 78 229 131 181 117 155 113 223 100 9 94 243 232 107
    151 231 116 74 188 212 237 204 69 179 6 189 151 211 74 182 88 244 53
    32 91 51 7 50 1 113 197 167 234 41 44 224 27 241 53 121 65 38 96 239
    71 230 21 96 26 222 129 148 169 188 137 59 45 78 240 76 116 161 109
    254 42 3 224 187 117 145 8 102 115 117 144 38 253 159 78 17 34 149
    153 177 92 109 210 8 146 155 95 110 216 146 97 10 96 55 201 241 8 98
    247 236 3 184 1 183 164 172 193 230 228 36 39 247 22 95 172 158 217
    86 150 129 102 149 186 100 64 2 212 40 30 136 148 132 82 105 106 85
    233 138 161 88 93 196 50 41 63 19 193 254 30 127 112 138 227 175 249
    56 66 234 225 127 117 170 232 41 148 108 207 99 98 63 39 94 172 7
    243 196 52 38 23 140 119 205 117 242 141 40 49 103 88 68 107 136 190
    223 87 69 206 232 0 85 64 14 1 202 35 60 187 32 149 236 17 40 210 89
    153 47 78 1 67 219 54 143 121 138 176 173 10 206 25 229 45 242 147
    250 87 150 171 15 92 226 61 50 135 134 202 200 57 218 224 61 18 123
    233 13 98 234 37 203 228 174 186 68 227 8 8 144 211 255 66 22 141 9
    37 176 112 81 109 59 227 252 34 206 167 71 167 242 221 80 60 93 23
    194 81 225 38 254 82 209 204 157 95 123 149 72 242 11 243 161 214
    213 13 248 101 169 241 150 120 127 88 210 168 222 167 161 52 123 251
    146 149 146 6 77 237 92 36 134 173 184 95 14 160 142 207 32 70 188
    147 179 172 158 159 106 240 75 16 63 159 207 117 91 47 0 45 127 88
    245 21 75 228 178 183 136 9 6 71 144 192 134 230 210 164 10 70 24 69
    97 185 83 162 88 96 213 145 109 24 169 201 133 236 74 109 125 106
    173 14 188 36 179 89 220 196 179 0 248 133 70 117 232 118 70 19 146
    184 141 117 177 180 136 84 18 232 196 140 24 100 215 131 172 204 136
    220 178 208 171 2 55 30 20 46 78 56 170 8 191 73 254 145 28 202 219
    64 152 54 53 242 233 228 125 248 201 145 167 92 186 233 90 245 148
    85 143 204 127 102 10 201 71 159 169 231 103 136 165 98 177 215 53
    24 245 168 187 176 35 128 112 125 153 24 241 131 83 44 57 35 115 15
    191 76 33 47 229 57 247 177 184 191 26 212 246 53 11 188 250 171 134
    19 141 209 163 16 207 2 18 61 215 250 221 162 45 131 206 114 101 229
    205 214 66 129 240 190 147 56 236 6 5 83 112 172 208 186 111 121 231
    62 3 20 122 24 15 194 62 60 124 180 236 0 151 183 250 87 90 26 217
    219 26 128 34 141 6 208 121 102 109 208 138 166 103 172 56 118 135
    71 187 95 249 44 215 254 36 46 232 208 132 70 229 36 209 115 74 32
    45 152 232 41 197 119 82 192 145 144 168 225 99 59 172 198 179 198
    225 189 197 6 94 201 53 47 231 116 172 73 153 177 146 76 43 106 129
    236 115 216 242 91 176 219 213 18 230 170 201 89 185 117 213 111 38
    189 117 114 83 144 139 201 188 34 175 51 122 42 251 46 131 76 97 205
    64 153 47 144 5 217 8 136 39 57 82 136 145 145 211 123 1 43 111 118
    7 175 75 163 28 144 54 243 115 53 26 207 158 163 215 180 134 41 105
    145 197 30 130 16 15 68 120 238 205 153 183 42 203 214 88 4 163 85
    234 51 254 132 153 165 162 73 71 211 2 64 182 129 177 165 62 9 245
    151 221 82 20 169 173 180 148 134 114 131 54 118 37 154 133 254 238
    104 145 213 248 149 164 236 191 130 142 219 204 1 156 202 164 97 230
    36 237 136 151 52 210 81 250 21 125 58 25 111 64 144 173 170 89 85
    12 181 246 38 230 181 94 110 41 178 109 169 210 228 76 5 87 94 120
    85 11 34 188 103 130 90 26 42 125 191 157 112 86 198 205 199 64 181
    27 238 147 165 173 96 68 29 227 251 49 153 172 28 155 81 77 253 7
    111 135 36 90 170 148 221 137 180 65 101 176 234 247 89 29 244 241 6
    78 50 60 89 195 61 188 187 175 59 194 146 159 217 200 198 155 125
    114 148 53 164 244 228 91 148 13 222 105 172 81 117 18 122 8 40 55
    230 187 195 250 98 185 101 192 9 217 243 92 105 36 62 202 83 69 124
    246 12 21 53 235 145 225 47 116 29 140 222 236 98 215 174 84 248 141
    239 194 33 204 104 195 48 18 48 26 4 46 55 84 189 101 84 237 30 95
    209 91 81 215 124 236 91 76 29 82 91 171 100 97 129 153 56 95 126
    133 195 184 101 89 155 26 221 181 169 168 194 166 37 43 198 180 65
    220 61 202 10 122 227 173 58 163 168 63 191 58 155 183 183 73 132
    238 74 125 193 151 34 185 131 45 8 102 68 202 175 244 59 98 195 147
    44 137 106 150 33 61 83 4 150 153 223 240 60 183 60 1 88 157 147 168
    94 77 120 165 164 29 57 186 250 23 131 40 149 14 128 18 252 55 152
    84 164 70 141 36 212 150 58 164 159 201 59 180 71 201 176 110 137
    221 253 175 171 77 164 180 218 171 50 8 20 234 65 20 232 254 247 74
    226 139 0 100 205 171 110 195 87 71 47 175 172 8 92 180 61 8 40 15
    54 186 168 224 206 176 150 56 224 166 207 104 2 35 165 173 99 65 30
    152 153 207 55 76 158 64 160 113 129 144 10 170 8 233 57 176 175 136
    61 5 4 192 55 214 189 244 127 19 254 178 226 96 12 1 126 163 35 73
    59 93 164 240 192 23 235 86 93 253 248 16 32 33 225 185 137 20 240
    137 193 230 72 181 225 97 87 141 104 88 110 14 18 82 39 71 22 163
    178 172 145 150 117 139 109 197 248 24 3 79 32 227 65 109 197 207
    230 240 52 46 203 14 79 41 53 207 146 168 214 103 247 217 111 198
    243 177 35 82 241 105 112 246 93 65 82 243 68 112 90 109 91 157 162
    171 224 6 164 226 155 236 160 160 195 51 181 191 147 25 217 208 165
    218 114 138 114 96 43 68 24 102 77 34 107 43 132 231 102 140 140 160
    35 75 100 221 20 97 70 112 231 128 230 180 211 88 147 34 212 40 116
    72 248 225 6 78 219 51 242 215 87 180 18 80 200 202 73 215 25 54 43
    231 222 146 135 22 38 176 228 99 216 125 64 150 1 185 53 104 243 74
    151 233 64 191 191 224 181 159 183 225 123 163 107 83 9 186 147 32
    125 173 210 55 16 75 172 144 34 9 212 118 106 60 121 95 36 47 106
    158 180 217 209 22 30 52 77 152 139 148 174 199 214 14 41 163 79 213
    149 196 194 160 121 27 38 33 75 90 200 158 191 167 88 175 170 210 79
    12 205 69 117 139 127 97 246 157 100 15 209 0 26 17 232 35 177 115
    222 139 123 172 206 144 188 111 173 182 81 35 172 96 195 243 117 50
    152 160 155 216 161 208 133 155 246 206 147 244 209 91 41 140 167 40
    186 117 224 240 1 232 125 134 131 137 119 235 227 77 129 174 152 238
    94 201 185 146 154 52 162 25 148 235 219 106 147 235 248 170 107 142
    159 185 203 106 111 78 250 52 156 202 252 26 44 216 253 255 165 8
    131 23 94 113 78 136 100 138 214 181 196 209 175 132 222 217 141 92
    124 138 24 167 158 178 199 146 3 58 203 156 21 58 114 116 177 22 35
    244 87 211 159 153 119 87 32 6 39 78 88 34 150 251 53 135 150 226
    158 131 45 162 220 43 73 63 11 10 58 77 105 51 58 212 253 245 225
    117 29 97 4 108 166 24 45 90 110 37 228 63 41 4 231 214 185 218 173
    183 63 24 76 68 50 54 248 201 151 20 48 233 158 169 218 208 42 11 37
    104 146 56 161 158 237 87 24 76 27 140 26 56 170 86 167 97 155 188
    74 193 248 152 178 100 146 36 154 160 205 214 189 179 128 194 171
    127 88 130 185 244 133 32 29 28 204 2 194 34 133 45 32 206 24 196 75
    172 178 38 149 81 57 104 172 122 251 205 45 164 168 129 44 112 229
    14 110 223 230 7 49 57 240 49 60 204 56 108 47 67 100 196 136 158
    104 235 12 139 78 41 222 181 18 185 175 69 192 112 57 89 254 35 172
    181 205 94 172 236 133 185 3 132 4 68 32 254 222 127 144 132 209 6
    40 141 226 229 46 164 228 26 59 152 170 78 7 235 33 196 41 161 56
    178 130 146 209 251 22 252 168 140 201 186 177 37 17 143 10 108 239
    171 121 31 84 31 212 136 246 94 152 148 24 55 230 237 234 213 76 177
    52 198 1 223 195 47 114 56 87 54 44 222 155 92 227 164 135 102 72 39
    187 75 152 43 165 35 89 138 39 136 37 168 131 2 224 228 77 192 3 187
    29 248 103 138 179 216 127 121 124 173 15 114 61 170 9 204 110 171
    212 32 136 30 136 12 109 240 109 132 46 131 63 127 255 52 243 224
    230 183 36 101 52 111 74 18 90 17 202 159 163 30 125 233 184 140 204
    142 253 172 27 114 202 28 183 93 110 78 166 173 129 50 198 80 32 247
    104 219 51 8 223 72 28 14 51 90 30 124 1 36 77 62 232 237 138 144 7
    43 240 231 218 195 232 218 8 12 101 212 4 66 217 233 217 154 246 19
    94 86 175 91 24 145 189 199 57 130 84 106 182 58 97 219 50 223 102
    85 161 144 95 80 222 182 25 251 100 121 75 31 136 127 255 27 152 112
    29 39 49 160 63 250 93 105 108 107 74 174 137 23 52 12 41 38 221 202
    241 212 81 154 73 252 146 80 251 145 234 96 141 28 133 226 37 225
    235 79 127 36 12 115 10 214 87 129 62 122 58 209 109 222 61 108 4 76
    38 71 188 64 215 148 239 242 179 97 154 75 32 73 113 6 36 130 228 87
    158 88 92 186 123 177 253 49 122 26 136 153 121 91 14 134 68 59 152
    25 171 182 152 214 117 19 130 37 34 21 127 182 179 69 224 141 87 62
    188 133 0 121 115 46 117 51 253 192 45 159 160 163 148 177 12 1 209
    73 67 165 185 67 160 29 59 75 60 165 208 88 178 141 196 58 187 124
    103 243 173 38 73 154 57 239 107 89 99 116 94 232 197 136 198 125
    150 144 117 18 224 32 99 142 228 94 156 14 60 42 253 206 103 244 39
    144 81 226 36 203 136 144 175 232 57 69 54 18 120 112 142 213 38 226
    63 108 28 101 100 53 199 119 226 83 22 29 234 80 20 206 38 124 224
    157 152 64 248 31 136 221 45 255 89 168 238 23 24 156 199 215 4 129
    70 96 249 98 224 119 79 76 173 101 144 150 247 192 136 160 238 56
    193 126 254 125 206 218 169 183 54 243 31 191 238 103 177 174 182 95
    7 75 9 61 126 79 234 149 129 242 22 83 181 119 204 85 202 121 101
    138 94 50 249 161 43 228 140 173 118 14 100 175 118 168 213 18 25
    146 156 203 10 5 8 191 57 40 43 67 253 174 131 39 117 29 54 225 200
    191 157 119 203 5 240 121 209 42 145 30 5 54 232 204 57 62 213 14
    250 41 31 90 67 146 91 37 209 32 5 29 216 16 141 205 183 87 82 22
    180 191 127 92 232 100 17 167 255 81 126 47 161 8 104 140 47 187 19
    253 29 59 77 33 143 243 79 194 97 100 204 26 150 255 25 127 197 161
    193 84 221 40 219 83 202 160 240 127 218 120 155 160 254 207 133 207
    100 187 233 181 157 1 114 69 145 63 30 251 38 50 202 225 168 34 40
    30 66 27 68 213 178 239 175 109 160 251 45 142 48 77 216 172 245 83
    252 110 114 93 58 147 210 168 24 45 13 205 178 214 145 23 54 194 94
    94 27 150 243 134 6 120 184 236 205 101 246 113 66 146 254 71 237 38
    66 159 114 157 198 63 14 193 34 22 160 39 78 158 99 146 55 62 187
    233 167 115 221 175 76 93 32 163 139 28 150 35 227 156 75 189 58 37
    255 72 23 1 51 150 254 46 220 106 163 169 238 132 107 108 169 139
    173 187 200 208 131 241 108 23 26 64 90 45 219 229 109 185 104 84 14
    163 132 228 155 34 137 58 16 94 123 219 139 52 229 38 211 169 80 147
    153 231 119 75 86 213 192 22 109 111 97 143 47 242 200 97 58 135 28
    52 42 151 129 231 210 175 99 62 25 241 15 146 249 26 131 168 184 244
    119 177 198 114 3 111 252 51 87 102 212 79 45 15 178 235 13 134 79
    178 54 30 180 49 135 64 235 4 25 134 144 4 73 6 109 78 23 157 20 130
    40 17 68 74 36 81 71 176 130 107 10 151 110 53 234 253 113 30 89 198
    11 166 73 34 151 47 35 23 37 23 48 162 40 7 95 143 144 126 153 121
    105 48 104 76 135 77 140 94 95 22 199 25 236 240 125 228 219 236 41
    164 86 134 179 239 164 196 81 200 117 94 10 159 176 191 250 145 118
    249 117 242 125 111 173 89 98 4 197 5 54 74 120 197 18 18 72 212 151
    23 185 203 68 178 93 109 224 2 227 5 209 149 40 36 24 13 170 119 12
    16 173 11 76 162 245 104 159 70 98 179 125 49 15 210 225 228 113 8
    189 174 7 119 104 87 147 191 71 140 147 44 211 27 66 212 177 168 126
    71 65 163 146 143 202 234 47 187 172 228 154 218 97 55 84 12 2 219
    143 121 57 247 194 66 210 40 33 134 130 53 128 204 172 178 194 46 57
    85 86 125 82 144 179 166 127 4 140 97 116 132 29 186 21 212 131 6
    103 21 208 121 113 253 17 77 123 87 165 68 146 126 75 153 178 147
    100 7 116 178 128 140 57 24 193 147 33 116 47 40 112 241 41 7 26 170
    137 145 0 27 129 255 247 115 157 26 109 98 140 183 165 30 46 96 90
    115 63 172 195 205 128 52 158 144 159 14 132 135 244 32 46 138 159
    33 1 60 242 179 43 156 132 145 9 243 166 188 146 120 213 2 55 157
    213 124 149 233 108 119 252 151 78 21 34 120 171 52 38 65 47 243 111
    100 119 209 40 215 163 133 71 102 146 18 59 67 86 204 153 221 229 28
    99 252 121 140 74 251 192 201 193 99 38 146 133 112 55 214 210 52 34
    229 185 5 44 109 118 163 167 200 57 178 170 158 118 22 50 12 168 40
    139 73 94 25 84 125 193 92 139 0 76 195 87 47 85 41 47 122 109 58
    167 180 44 96 111 41 93 129 141 170 61 44 159 120 130 161 185 228
    197 165 171 220 83 31 23 129 114 62 110 239 110 227 176 71 141 129
    28 165 25 179 110 56 95 41 217 238 73 145 149 188 198 107 155 149 63
    94 89 255 254 166 132 83 1 141 226 175 197 20 157 119 23 4 53 10 244
    215 77 164 125 174 127 20 207 63 142 213 121 79 13 170 42 148 30 96
    178 7 187 95 51 143 75 195 130 52 182 219 243 224 203 164 51 172 208
    224 215 194 25 227 139 146 69 234 97 170 209 162 130 146 32 58 185
    108 207 121 169 188 10 43 25 212 22 113 9 3 206 210 48 183 25 204 17
    125 20 76 107 232 68 234 208 36 174 240 222 162 102 49 78 130 4 173
    50 234 170 81 59 177 83 3 215 136 133 147 249 99 69 95 57 22 180 239
    2 185 10 14 169 207 230 17 231 84 135 213 235 173 83 107 87 165 107
    209 255 189 161 47 165 43 160 253 188 254 237 156 41 158 4 241 168
    114 156 111 41 153 131 189 91 8 177 32 162 237 80 171 163 134 160
    135 196 28 148 16 16 3 170 100 91 229 214 254 77 198 25 10 172 205
    195 184 19 5 79 55 167 250 228 18 73 158 155 246 84 234 147 142 82
    116 53 191 197 217 130 190 130 209 57 52 243 99 3 158 227 209 58 175
    168 100 142 191 40 69 193 187 57 139 228 145 108 51 221 69 199 76
    148 26 14 139 52 84 180 23 12 126 63 73 151 32 42 38 248 79 112 92
    100 199 205 160 113 7 203 184 177 3 141 164 148 8 177 9 185 235 56
    243 218 166 78 199 249 47 26 95 212 181 31 159 254 0 243 245 110 98
    176 125 54 177 134 214 127 204 246 221 198 179 1 72 115 163 142 93
    237 85 232 183 229 90 90 32 131 184 95 29 237 104 180 153 236 192
    110 76 186 161 15 128 252 118 11 83 232 243 168 145 71 234 139 29
    253 88 201 63 180 44 49 118 119 52 92 64 200 248 201 207 58 82 186
    112 93 192 216 170 193 227 14 91 84 208 211 250 207 151 207 178 17
    72 253 26 255 196 87 226 140 91 137 101 121 201 181 24 128 222 64
    115 121 106 10 112 211 84 31 67 76 190 153 113 210 203 99 154 86 61
    143 166 25 143 49 228 21 67 241 36 237 64 209 117 233 14 110 60 19
    147 167 193 166 172 178 50 31 58 99 28 13 231 36 2 55 53 133 234 227
    160 101 15 238 46 120 74 32 35 88 142 25 157 29 146 195 110 24 148
    159 154 119 243 209 221 52 104 148 163 95 126 254 163 119 242 208
    146 37 163 61 28 142 115 249 124 176 33 195 116 142 250 38 73 96 165
    150 152 94 117 102 49 252 167 125 19 223 128 202 1 233 211 134 51
    121 0 75 7 33 47 219 209 6 17 251 141 4 72 94 111 93 188 50 242 175
    59 181 243 127 32 23 190 170 75 13 82 91 43 243 95 223 20 58 236 172
    97 67 56 159 22 206 207 46 148 124 160 210 173 0 67 128 108 141 179
    122 252 244 168 36 129 88 87 166 33 25 239 41 224 139 123 226 40 25
    181 52 23 55 69 228 58 137 199 184 250 92 126 52 76 93 153 175 114
    114 173 243 130 155 94 220 231 181 31 83 54 167 32 228 74 183 213 80
    43 229 168 118 28 162 48 79 146 40 140 94 90 196 226 157 227 169 159
    186 248 49 231 88 194 189 91 34 71 107 235 202 120 7 121 71 13 1 236
    115 46 3 34 235 189 62 74 31 205 181 175 91 42 13 246 251 120 173
    242 68 120 238 108 111 34 227 221 172 66 35 236 208 24 168 187 191 8
    86 214 119 131 184 137 55 146 45 46 50 212 104 54 174 52 61 127 53
    95 88 95 100 3 179 39 198 5 95 217 110 11 43 159 94 220 245 15 235
    17 78 153 87 181 73 78 71 81 20 13 224 107 157 114 140 194 172 243
    13 159 148 67 195 239 206 197 107 124 83 235 230 175 134 128 26 246
    21 25 74 248 15 182 105 205 45 44 255 45 157 101 81 184 133 69 183
    243 248 163 130 11 109 51 225 126 181 145 171 86 101 68 161 106 218
    101 166 136 182 233 239 87 152 139 13 143 104 108 49 195 248 254 42
    181 98 19 152 112 128 42 60 154 195 92 120 45 68 130 32 164 187 62
    121 22 255 229 43 251 67 158 52 129 102 207 79 51 61 131 183 53 203
    188 176 166 2 245 245 45 244 212 125 198 49 84 226 94 248 72 240 43
    168 129 165 52 98 176 142 226 135 40 244 146 232 29 33 198 67 205
    116 54 100 17 143 119 145 252 186 91 249 35 153 248 231 141 31 90
    188 200 6 94 114 109 141 41 246 54 21 11 132 147 234 161 232 26 113
    66 86 27 238 81 247 88 119 146 108 242 76 92 112 30 93 51 222 229
    121 91 242 193 24 138 134 230 58 123 163 0 87 168 219 161 65 192 181
    250 74 132 102 249 219 238 125 148 109 22 8 98 23 203 206 161 138
    239 86 236 159 30 230 25 24 108 36 119 65 216 62 176 79 94 157 211
    59 193 247 135 67 54 33 162 98 181 158 243 74 77 174 20 234 180 38
    216 233 136 29 179 130 120 11 166 70 241 187 49 138 184 227 112 158
    245 114 195 168 64 212 6 105 65 43 192 157 120 114 19 125 233 25 136
    108 43 237 246 112 67 157 48 86 216 59 191 51 24 78 89 71 254 102
    198 252 39 110 70 71 234 44 17 222 194 31 190 83 58 227 202 99 56 57
    71 200 217 37 118 19 235 251 221 189 115 254 203 252 158 120 201 129
    172 6 138 175 92 22 40 254 239 160 19 185 48 122 71 235 54 45 84 26
    24 38 55 233 163 213 82 41 17 141 30 3 0 144 0 71 98 254 187 112 239
    245 175 233 165 16 30 168 103 200 211 4 151 105 37 211 6 225 34 0
    107 162 156 123 207 139 100 7 204 219 205 147 3 182 105 32 227 74
    149 103 191 36 22 61 210 146 134 106 226 133 243 0 100 95 52 128 231
    139 119 157 235 70 241 19 13 115 97 202 77 50 214 146 189 65 5 79
    162 132 135 242 224 124 20 194 39 127 176 15 123 94 68 168 142 31
    177 122 255 10 61 65 150 2 94 91 198 101 217 30 185 61 45 123 65 50
    20 213 30 109 170 239 66 48 221 253 242 217 243 44 218 59 138 23 14
    1 201 118 167 50 136 72 247 177 49 51 76 95 226 145 104 238 10 131
    135 243 174 81 158 193 78 14 191 95 11 9 242 112 89 102 129 65 127
    218 15 111 76 57 228 132 129 124 121 152 31 191 129 12 182 229 118
    78 7 37 101 239 107 195 20 168 142 69 220 63 255 92 112 254 65 114 8
    141 183 115 62 211 121 100 252 177 235 133 86 77 124 175 152 196 202
    198 86 84 134 121 158 52 204 131 242 96 13 151 171 212 95 222 83 204
    139 79 225 249 138 179 232 229 145 133 203 201 206 165 59 204 152 68
    212 44 65 208 69 190 146 1 187 209 61 68 90 14 17 89 78 38 138 13
    155 60 198 71 102 126 116 150 63 50 34 30 201 110 43 94 154 165 57
    146 117 106 130 77 193 116 218 142 192 186 87 14 162 139 108 252 97
    164 3 49 109 150 92 179 92 177 36 156 126 156 151 189 45 12 221 51 5
    178 68 209 116 222 12 151 218 233 1 202 159 78 162 240 96 110 195 79
    244 64 74 196 105 248 105 11 61 216 99 5 135 133 154 44 105 123 31
    41 189 41 12 10 152 102 1 158 64 15 225 63 92 211 168 225 119 173
    234 123 64 56 92 107 61 249 68 43 27 63 51 51 56 112 2 171 189 92
    236 174 218 106 112 205 50 196 252 164 156 197 68 177 49 196 124 230
    218 32 180 172 115 134 229 140 118 252 187 105 218 187 164 205 65
    239 66 142 158 252 140 17 118 9 9 250 209 237 17 248 72 199 144 144
    149 107 255 93 111 223 111 208 199 93 62 71 101 155 204 140 180 47 7
    251 100 140 143 59 1 70 239 54 106 238 107 25 24 180 197 76 76 43
    237 30 202 157 40 127 42 178 78 79 176 8 158 139 133 70 192 129 132
    218 230 38 253 249 211 239 110 224 240 26 108 10 214 231 86 49 24 31
    210 240 0 231 251 192 255 52 179 182 101 127 99 62 18 225 44 205 189
    150 184 110 215 65 250 172 176 243 131 112 42 217 113 140 183 105
    223 17 225 246 213 236 24 131 136 201 97 82 153 18 90 224 37 6 64
    180 108 91 138 1 170 253 32 95 218 16 183 151 44 122 144 106 202 178
    214 76 7 115 147 30 10 55 122 152 240 109 43 145 194 65 34 153 238
    155 72 230 172 59 52 151 188 52 193 73 129 205 212 69 53 88 13 216
    137 98 100 234 171 64 64 195 133 240 228 238 49 107 6 164 174 18 108
    164 173 217 82 255 15 208 110 204 160 104 18 138 43 238 203 8 252
    243 138 255 40 184 83 235 250 139 34 155 208 132 52 242 63 129 9 139
    192 66 186 220 214 125 42 155 65 196 7 156 238 98 169 243 177 15 192
    133 180 124 105 192 62 168 87 225 160 97 84 229 252 102 241 119 232
    0 168 96 164 79 81 44 6 56 16 4 139 64 192 50 68 254 157 226 32 10
    115 151 31 240 9 193 236 79 189 20 247 207 146 11 176 44 14 196 242
    229 94 174 20 216 77 71 91 72 157 25 160 21 170 14 246 109 56 196 22
    212 124 234 46 11 150 174 177 54 228 11 55 43 236 78 229 251 0 96
    118 186 86 67 4 164 161 187 47 165 6 85 24 173 167 200 125 136 216
    217 117 202 148 176 92 220 37 110 168 12 146 247 247 105 193 110 161
    113 100 107 100 126 227 99 64 129 131 67 146 234 187 173 101 188 115
    224 164 122 180 99 59 232 125 152 26 106 238 84 248 237 157 100 1 50
    150 35 93 63 5 33 206 192 26 36 127 116 82 228 74 133 137 164 94 60
    137 246 75 172 100 62 144 185 22 92 115 233 150 201 121 104 198 112
    2 252 105 211 190 191 114 160 109 252 102 177 82 231 13 20 184 112
    53 50 118 254 103 177 97 198 49 69 134 238 144 105 111 125 250 241
    233 93 250 30 224 89 22 199 83 89 203 167 212 136 248 85 198 222 129
    39 182 83 81 186 42 63 166 202 212 160 238 36 201 126 51 114 171 255
    81 111 91 71 230 16 123 250 238 217 35 158 219 202 36 47 174 128 33
    191 155 161 155 212 230 8 16 36 24 180 214 106 117 199 232 232 52
    124 159 243 165 34 234 3 69 252 100 253 100 83 71 228 44 128 93 219
    95 164 105 194 193 13 203 194 252 166 69 57 128 234 52 33 17 81 202
    175 180 57 163 166 92 98 116 223 33 206 208 178 170 227 173 70 102
    42 169 201 253 138 161 19 183 20 224 76 37 239 213 28 102 195 125
    216 117 119 138 25 145 89 85 27 89 9 108 174 210 59 62 55 83 101 98
    11 226 5 6 12 155 196 42 58 227 110 129 101 91 243 52 111 25 56 1 64
    200 176 187 106 56 71 251 63 237 176 163 218 215 212 46 56 170 43 17
    203 23 186 223 55 252 19 72 140 203 205 189 155 76 26 253 80 75 218
    200 186 6 199 65 167 101 235 35 120 165 99 123 253 205 62 118 112
    248 6 41 33 35 147 98 141 11 61 133 226 236 35 159 150 199 212 216
    191 2 187 201 15 202 162 186 80 207 207 67 35 243 245 60 148 35 1
    126 110 251 86 185 202 169 227 202 146 231 253 35 181 74 37 202 208
    203 202 46 225 147 243 172 62 213 114 125 136 24 236 128 175 219 211
    153 148 229 80 5 64 135 136 242 222 183 138 147 31 89 88 163 141 98
    158 17 200 104 101 103 20 60 201 219 62 236 71 245 44 146 142 109 44
    34 199 240 203 151 15 221 48 246 192 150 73 5 236 110 40 178 106 50
    174 137 120 62 38 131 169 176 177 14 69 199 6 251 63 62 142 93 73
    132 142 246 90 92 105 95 32 134 17 82 143 78 243 89 149 170 168 199
    153 66 115 176 250 153 133 212 233 10 101 183 93 148 151 114 5 14 6
    101 143 178 2 4 190 39 80 14 158 162 37 106 239 165 30 214 50 166 29
    252 20 137 94 118 158 60 27 63 7 92 44 109 29 80 61 22 112 89 97 205
    173 181 132 67 208 40 45 10 232 79 53 169 166 27 242 173 121 209 21
    174 99 150 80 170 131 102 123 100 135 231 219 108 211 172 201 110
    196 85 51 171 146 243 214 240 167 24 137 143 142 105 136 98 179 99
    72 175 240 169 251 39 150 250 149 222 227 126 115 211 164 37 74 230
    142 34 220 155 90 29 57 40 119 204 222 168 179 75 16 130 58 212 183
    14 238 181 166 146 211 223 181 150 63 39 204 67 91 103 205 219 11
    202 33 222 35 142 78 244 89 210 13 166 5 58 178 189 157 180 167 21
    151 101 252 245 132 48 78 148 217 91 214 198 24 249 27 12 152 231 36
    152 209 236 38 129 118 127 18 108 146 76 75 139 139 33 72 64 7 128
    18 216 99 128 74 32 10 185 115 100 152 67 218 5 137 102 123 230 207
    224 220 178 243 113 2 34 213 175 104 102 120 7 124 58 104 120 146
    185 114 142 151 126 239 125 3 192 154 130 105 218 40 149 185 99 140
    150 146 242 55 127 26 55 233 78 254 231 46 128 57 193 147 153 26 197
    210 100 250 234 199 184 149 1 249 236 35 27 49 252 219 126 210 82
    127 169 186 247 178 40 104 235 237 151 214 221 99 199 188 134 174
    227 246 20 138 108 43 102 211 248 245 66 154 174 213 195 128 61 179
    177 126 101 48 34 92 84 119 195 13 57 20 204 55 65 153 42 89 240 163
    8 218 209 143 67 10 117 204 30 55 126 57 4 195 228 116 219 171 22 30
    255 245 151 213 170 162 255 202 250 49 218 80 203 138 57 203 82 82
    72 79 113 253 232 135 162 74 205 140 196 236 138 181 243 200 194 125
    72 91 42 201 18 63 160 237 97 68 39 249 65 66 71 157 214 116 2 235
    237 75 117 202 247 47 41 112 101 39 69 41 241 68 142 81 144 26 140
    203 249 189 68 122 175 214 207 25 24 238 197 53 12 81 190 149 162
    221 223 56 156 192 135 215 229 205 84 168 83 122 75 179 178 181 233
    86 101 114 16 155 26 116 4 190 223 234 214 125 203 198 93 148 9 161
    134 29 105 90 159 32 169 222 168 250 5 129 237 187 109 161 120 187
    102 18 51 1 149 113 1 217 173 212 207 85 25 87 95 122 90 167 197 160
    178 0 65 141 234 37 132 223 117 235 98 99 75 206 117 69 211 127 54
    18 244 233 215 233 209 205 157 166 104 238 243 137 190 168 227 197
    199 136 174 225 211 215 148 128 2 253 12 245 136 175 135 72 106 181
    71 46 164 123 96 37 180 45 210 63 3 30 109 137 206 190 126 25 36 218
    178 12 78 138 237 80 76 249 69 171 183 72 82 8 35 206 116 248 71 92
    246 138 85 188 182 33 27 76 164 51 132 201 47 145 75 222 91 208 19
    238 204 147 78 60 204 206 75 164 209 5 158 122 183 43 45 108 28 236
    155 50 105 152 48 234 200 35 193 91 5 206 178 183 227 205 220 54 133
    135 62 205 54 55 200 153 47 111 125 28 23 142 150 24 128 3 30 138 54
    147 222 244 81 232 216 179 72 166 255 37 137 74 172 12 117 127 202
    83 20 69 72 87 129 89 182 12 131 1 31 87 158 132 92 184 248 227 67 2
    65 22 159 100 248 85 3 232 82 75 251 35 17 85 28 112 101 63 20 224
    178 189 224 115 10 88 60 104 76 183 59 51 111 209 255 56 108 164 251
    107 29 32 68 214 30 252 237 30 241 127 244 40 48 103 84 57 213 151
    186 237 59 67 4 95 72 17 55 246 192 44 177 70 12 79 60 57 198 222
    109 231 75 222 171 97 80 109 142 132 142 227 60 7 199 153 221 228 0
    190 29 74 12 196 146 5 135 118 95 32 120 101 49 39 135 221 23 250
    227 106 212 113 25 1 4 192 214 172 29 248 177 238 220 189 164 244 24
    1 119 4 14 126 54 164 159 186 166 22 68 58 13 241 61 179 191 212 86
    23 145 143 123 142 41 148 169 60 54 159 45 171 215 102 119 13 22 190
    86 240 20 240 94 19 65 167 136 214 249 111 204 109 97 43 154 239 13
    113 36 10 43 31 176 207 23 169 89 150 200 138 243 57 218 217 50 235
    80 24 20 223 172 98 243 219 133 18 81 119 198 101 89 63 202 160 71
    91 254 175 30 195 160 23 72 53 200 214 137 131 14 196 84 64 109 44
    33 154 239 238 174 158 42 15 131 195 140 151 50 87 13 111 160 161
    129 247 247 155 161 254 224 121 108 11 32 254 105 90 111 55 94 26
    149 40 28 251 232 1 8 33 116 63 166 142 33 70 156 250 219 223 172
    253 231 224 60 245 145 102 49 54 102 199 22 220 120 130 167 126 155
    16 244 234 171 57 235 72 186 254 104 141 59 207 23 71 158 163 183
    172 74 41 69 92 104 229 93 218 199 6 116 101 153 64 225 27 89 54 208
    178 70 168 22 52 205 159 149 178 192 93 154 244 55 20 182 255 150 42
    169 149 46 96 245 6 150 123 58 246 28 68 189 252 119 28 101 226 252
    15 84 48 228 21 5 80 199 109 163 137 48 252 103 173 176 208 222 17
    220 226 223 96 130 55 242 98 108 81 220 127 225 23 159 59 90 9 207
    46 222 13 171 155 202 140 17 226 164 222 203 138 147 24 165 200 75
    172 184 169 253 89 222 220 230 71 84 127 84 216 224 232 239 27 150
    36 85 255 78 196 122 82 57 137 129 137 133 193 34 196 52 135 68 23
    240 159 244 204 56 53 8 142 158 118 110 216 178 218 204 246 199 250
    65 240 135 80 219 84 103 194 233 162 214 229 241 180 61 135 249 26
    146 3 134 156 143 2 180 91 148 251 254 242 9 39 153 187 211 47 238
    204 83 72 164 0 121 104 137 137 120 46 43 113 235 99 143 83 155 162
    208 99 119 228 52 18 34 198 126 12 183 162 152 71 31 8 10 50 26 230
    150 34 182 38 205 181 137 164 80 104 172 41 202 40 81 24 127 12 17
    56 219 62 85 251 139 139 230 158 136 4 230 79 181 116 75 138 250 42
    26 243 229 178 69 231 17 23 0 199 152 66 96 212 75 190 228 233 75 70
    237 226 14 66 184 118 212 10 62 146 140 77 232 49 206 123 84 12 166
    230 68 95 251 25 178 252 14 107 40 168 78 179 119 16 195 245 70 66
    38 12 197 122 171 82 4 13 112 165 69 165 143 47 226 166 238 140 175
    217 152 251 193 68 226 146 95 177 230 20 212 59 107 68 248 250 195
    81 129 136 22 65 7 82 180 32 61 219 154 57 224 239 142 78 136 70 85
    152 66 69 65 85 211 142 75 33 98 132 200 101 170 130 110 41 156 76
    98 149 230 162 8 252 46 134 203 166 60 205 143 194 242 174 126 121
    239 230 211 246 254 64 55 105 71 41 39 120 10 166 254 44 128 10 34
    61 237 189 133 78 117 47 71 90 218 26 18 96 239 170 72 228 248 109
    235 250 122 31 32 6 80 156 197 139 229 173 203 222 19 101 25 163 133
    198 205 80 118 44 179 12 212 184 150 88 92 236 217 167 2 194 118 117
    158 6 237 212 201 125 155 29 248 251 168 196 67 182 200 102 97 109
    132 35 132 172 3 224 114 222 200 162 37 205 39 17 90 56 217 1 175
    207 15 50 153 173 202 183 109 169 63 176 105 159 14 125 22 37 248 39
    69 22 184 111 39 215 138 7 159 123 143 35 186 175 218 91 23 153 193
    185 124 120 127 109 168 51 56 13 4 150 178 32 37 32 203 46 95 170 45
    66 241 193 108 97 77 102 187 79 88 65 78 185 129 222 76 34 74 69 125
    126 161 72 41 65 45 198 250 212 124 69 178 232 239 86 225 15 140 35
    227 145 73 194 120 248 159 251 72 125 3 146 130 35 106 187 133 131
    241 152 56 204 195 74 52 120 183 185 250 254 242 113 54 92 182 15 1
    26 146 146 83 244 62 167 23 120 128 247 200 251 76 209 132 234 153
    152 253 155 38 221 252 210 18 161 4 219 203 116 127 56 215 199 124
    185 196 105 218 44 184 188 137 210 192 56 35 90 171 7 188 231 50 222
    204 166 78 140 243 188 63 105 183 73 107 50 153 116 203 71 76 36 149
    150 196 174 47 99 199 99 180 196 47 155 201 39 253 177 51 252 57 243
    177 227 241 17 154 189 235 170 16 188 212 193 112 58 184 68 231 172
    81 139 143 146 138 158 21 165 97 232 60 17 144 104 51 2 103 11 153
    67 210 159 222 107 16 116 187 84 248 24 191 69 9 117 81 87 141 114
    74 178 182 136 148 222 96 253 89 196 218 6 247 170 21 94 90 211 100
    111 222 88 14 230 83 148 148 227 221 192 173 32 239 72 114 227 147
    176 44 175 131 198 195 216 241 20 134 153 195 88 216 74 76 200 163
    235 39 85 35 190 7 107 105 184 5 50 156 207 42 172 128 93 219 175 67
    65 46 93 55 131 16 41 206 70 72 234 28 152 184 62 28 204 28 72 37 40
    197 139 41 161 66 179 21 193 141 173 177 152 52 35 254 181 245 106
    104 1 160 46 55 202 27 51 237 183 8 247 195 105 90 18 131 39 249 140
    237 85 12 143 99 72 189 161 124 123 119 199 31 49 199 31 105 11 213
    37 1 227 99 131 40 2 159 188 226 217 76 163 5 167 201 94 92 87 13 64
    177 207 220 164 155 88 157 167 96 34 109 251 39 102 184 30 244 12 30
    98 194 27 5 34 123 131 210 113 29 19 84 127 88 20 48 183 231 204 223
    124 111 69 120 83 57 93 245 220 97 221 154 254 246 144 204 30 175
    220 123 67 135 24 29 126 166 221 72 64 50 68 181 134 122 129 24 211
    141 49 174 72 163 120 94 202 91 126 239 78 246 192 218 183 126 57 64
    224 208 105 9 129 98 80 239 17 147 27 174 116 114 51 8 38 39 167 106
    50 24 249 72 70 158 208 249 180 161 88 121 88 225 138 33 217 189 229
    46 239 45 82 190 238 100 68 58 166 183 212 216 162 13 175 245 120
    240 61 104 6 55 48 98 195 72 185 58 198 69 148 33 138 84 114 219 118
    159 174 103 138 244 83 247 244 193 89 99 198 129 101 162 39 49 56
    185 12 140 71 117 146 104 132 10 91 229 68 59 131 6 251 152 48 85 9
    201 36 243 119 129 1 61 133 234 48 7 151 40 126 252 232 37 194 242
    28 239 46 153 131 91 153 5 146 161 41 136 67 185 119 163 15 49 217
    178 195 44 170 51 201 216 96 109 21 217 46 253 250 128 3 48 139 202
    13 30 209 242 161 48 102 28 206 221 225 123 75 91 213 112 80 13 58
    130 185 21 133 189 202 223 104 237 1 182 33 79 126 224 42 201 38 191
    59 12 87 130 174 50 3 165 126 222 239 53 165 95 111 79 226 69 63 194
    159 176 36 126 161 199 58 89 57 214 112 202 154 114 206 209 161 119
    151 48 73 225 64 173 209 203 189 51 103 137 172 179 50 224 101 136 8
    186 55 4 88 211 90 195 0 81 6 8 171 133 2 110 207 116 167 218 193 75
    85 254 127 245 39 92 188 78 98 118 168 78 235 125 212 150 192 120 26
    2 33 42 62 155 152 146 225 114 27 43 115 162 6 24 55 21 47 13 115
    121 224 80 187 23 210 79 125 186 212 170 116 234 151 58 162 101 206
    193 130 75 13 143 78 40 166 251 207 9 254 27 97 181 175 59 164 160 5
    254 114 177 148 187 187 93 208 229 94 120 78 125 169 207 153 203 255
    130 106 187 192 37 2 141 31 80 172 86 221 28 21 78 48 251 107 189 61
    41 227 196 147 181 132 127 196 192 128 35 141 118 119 249 171 173
    163 216 111 105 140 25 172 63 167 152 76 90 66 8 222 188 62 104 172
    141 33 232 115 163 131 237 204 214 192 177 152 157 31 231 63 195 244
    245 83 216 177 55 199 143 137 134 167 166 244 211 181 170 144 49 185
    38 191 9 97 121 8 61 29 216 151 137 106 250 211 154 25 241 161 219
    161 198 218 87 173 72 246 183 2 111 126 61 67 63 192 63 16 23 24 139
    226 28 158 42 233 77 216 97 123 223 62 134 93 17 8 21 138 202 24 209
    85 77 166 93 134 174 21 35 79 238 32 223 16 141 232 194 233 216 241
    154 100 31 173 106 128 141 195 77 73 39 78 227 35 118 158 200 152 36
    233 244 254 100 53 190 127 171 36 116 96 107 117 38 14 250 57 126 87
    116 180 152 189 155 218 35 147 204 91 240 72 126 164 198 146 56 15
    28 95 53 7 24 30 132 130 255 241 177 223 30 95 218 161 240 22 158 22
    225 84 15 199 170 19 186 165 166 166 189 182 113 0 106 238 57 176 83
    147 250 165 163 155 19 183 247 244 4 146 19 106 62 225 195 114 187
    255 224 32 29 123 254 209 246 33 146 33 190 251 3 74 70 48 210 146
    57 36 225 253 132 110 52 172 223 84 118 9 77 252 79 179 2 156 209
    167 140 192 228 159 28 70 150 90 199 194 236 162 184 146 99 251 44
    151 230 76 157 160 18 245 20 106 12 176 197 154 20 22 160 216 218
    109 204 195 27 81 46 191 136 33 176 60 63 28 181 53 197 30 90 89 104
    34 251 245 157 253 90 72 110 208 204 115 95 190 214 219 212 66 174
    243 153 15 1 144 224 237 6 4 214 153 7 236 16 122 91 88 214 194 152
    66 78 221 168 69 39 73 244 76 107 198 250 133 239 213 123 253 25 229
    78 122 196 88 163 216 84 250 139 208 72 37 6 20 115 138 155 223 222
    202 85 112 148 210 69 102 226 98 132 158 147 57 52 12 113 152 50 217
    195 68 146 20 198 227 233 4 78 66 229 149 41 141 142 105 62 148 154
    70 23 0 252 122 221 32 1 212 80 83 102 93 66 199 124 6 155 143 190
    213 77 9 106 144 182 171 245 86 22 146 212 132 78 189 137 252 68 96
    151 200 164 5 196 229 133 244 182 205 202 197 62 173 97 4 35 47 223
    99 238 21 207 187 133 213 252 193 15 228 76 116 180 172 0 171 225
    163 227 65 107 104 118 141 115 76 59 235 131 49 92 224 198 72 24 102
    48 71 98 243 217 37 47 235 200 221 228 223 17 234 252 120 117 222
    177 115 95 231 23 218 191 187 250 43 220 90 228 189 49 106 216 96
    152 85 184 203 137 193 158 236 114 142 79 193 141 8 180 180 222 203
    126 28 44 247 167 16 114 143 155 42 174 135 193 159 134 214 42 50 27
    61 135 188 211 191 52 12 168 200 252 51 25 238 166 246 174 185 41 51
    245 83 112 83 131 29 195 229 95 74 47 234 52 141 202 163 81 108 104
    189 43 85 187 134 150 3 130 10 152 252 7 101 121 51 151 124 122 142
    143 155 10 18 140 80 237 40 194 7 94 227 215 91 26 63 4 31 240 102 7
    235 140 160 60 254 239 198 209 102 37 225 122 151 145 200 173 19 158
    116 237 95 218 225 86 105 9 234 103 216 71 223 237 89 202 109 246 12
    134 28 0 218 64 223 148 112 127 142 76 188 109 198 133 124 253 176
    97 188 52 46 70 66 105 50 21 48 198 248 109 115 99 186 218 64 150
    174 235 84 87 199 134 251 97 198 28 155 96 27 159 237 5 122 215 34
    205 171 66 118 185 91 71 104 209 254 118 232 236 185 190 171 74 93
    218 185 98 141 92 0 216 250 161 61 82 20 215 7 234 174 52 39 202 159
    227 170 120 26 106 220 156 67 160 13 31 85 137 27 108 241 31 55 33
    14 228 165 90 232 242 83 129 226 91 54 99 214 85 175 239 33 86 234
    250 81 84 2 127 88 194 242 7 213 83 117 191 104 201 32 219 55 39 108
    71 27 210 106 96 75 27 84 53 15 109 203 88 91 190 134 181 158 174 96
    137 247 102 55 122 192 55 252 86 42 92 45 30 95 183 25 107 213 80
    143 102 185 245 33 18 123 95 85 235 56 175 28 238 188 121 222 167 68
    52 239 147 72 109 19 168 139 120 49 72 26 230 189 232 229 215 206
    157 161 149 158 2 101 143 181 209 240 239 240 139 25 255 158 251 217
    176 183 215 19 40 248 39 186 70 13 157 159 253 102 3 193 36 135 0
    230 175 73 79 13 222 3 178 183 183 27 253 20 197 201 197 127 244 117
    150 14 26 54 113 164 244 137 227 194 107 35 191 141 55 114 123 144
    86 254 250 78 72 142 110 153 134 27 166 207 162 252 228 131 52 217
    222 153 38 21 102 132 69 129 186 63 135 104 165 197 14 191 231 110
    250 13 11 72 202 48 232 34 6 146 130 31 37 154 229 154 58 159 61 189
    5 110 118 46 211 200 233 63 242 172 198 232 66 165 44 42 17 21 159
    102 16 23 113 87 226 155 201 182 212 177 145 188 159 127 226 137 74
    78 48 33 156 60 21 116 170 181 215 233 125 39 21 99 108 192 158 191
    3 79 70 59 186 123 219 148 11 141 172 141 228 62 87 49 209 221 56
    142 166 57 72 202 98 192 225 94 181 119 125 14 181 220 190 63 3 85
    121 197 104 72 209 27 172 123 67 86 33 250 195 161 19 68 40 245 221
    233 112 235 85 79 248 111 192 166 155 40 200 9 101 61 94 145 83 200
    195 28 38 54 130 23 220 152 69 133 48 3 197 243 164 27 250 127 73
    183 52 82 177 94 1 232 63 146 242 172 73 217 131 118 34 136 218 118
    31 138 121 10 218 131 11 226 72 202 62 245 211 222 152 63 137 218
    226 197 112 91 194 50 119 165 104 229 178 85 149 159 192 92 61 97 2
    14 68 245 166 215 220 166 176 70 182 187 176 20 148 89 213 237 31 17
    118 75 129 58 126 192 224 59 122 252 245 232 183 152 85 198 101 183
    87 152 175 64 136 153 6 230 33 183 211 80 163 67 69 240 37 202 90 7
    248 203 209 229 180 165 60 149 42 58 155 78 212 55 156 170 61 1 23
    125 234 55 213 211 101 239 214 166 137 106 63 50 181 171 45 14 83
    148 116 1 79 165 22 26 7 78 170 254 20 39 217 227 205 76 120 213 116
    15 204 55 32 220 127 20 7 121 26 161 234 95 112 44 58 198 74 24 8 10
    242 0 37 240 219 242 23 102 123 124 158 20 119 232 153 69 56 189 48
    206 48 97 90 251 241 160 223 247 12 71 6 49 80 110 10 100 119 119 75
    198 200 143 113 253 212 42 140 179 145 108 250 23 29 143 143 165 54
    87 87 99 33 91 249 14 180 135 111 201 120 46 167 211 134 36 94 94 71
    156 5 178 213 32 163 184 247 42 30 101 8 242 159 43 123 207 222 64
    131 107 131 20 11 197 218 59 220 87 88 42 121 67 156 202 246 126 9
    84 208 163 123 71 248 215 219 188 118 209 116 16 255 140 190 100 254
    92 174 106 97 102 249 236 14 215 167 69 200 24 247 2 103 39 0 201
    252 122 119 102 208 44 40 92 80 78 115 13 20 188 215 60 58 29 32 132
    24 161 212 48 69 102 162 135 249 192 57 76 61 189 175 136 7 206 249
    64 186 216 179 36 120 123 158 192 25 139 15 150 27 83 86 13 176 230
    171 20 202 0 44 155 171 203 199 9 78 34 31 3 78 122 41 52 38 224 35
    192 90 140 4 141 210 157 236 184 216 178 179 137 25 135 169 213 186
    31 141 228 133 77 191 78 21 196 207 215 118 154 121 172 47 96 204
    231 31 113 255 241 92 202 33 252 170 220 226 193 137 134 135 64 246
    3 13 126 66 142 39 125 98 230 8 156 203 52 236 164 171 210 232 6 194
    4 147 110 162 119 6 79 229 31 156 98 1 163 107 56 130 106 28 73 78
    173 0 53 129 144 35 210 153 79 106 177 3 195 92 165 7 178 209 230
    254 119 29 84 74 53 228 37 238 18 77 218 189 60 165 178 36 46 37 191
    6 8 100 192 8 251 215 181 34 113 12 226 4 211 240 27 69 208 50 226
    49 9 154 176 176 138 250 13 3 110 252 187 137 161 178 254 197 96 116
    54 174 19 111 193 64 72 147 31 188 18 5 180 204 238 83 217 2 181 101
    5 38 247 53 217 244 54 69 2 69 145 162 147 216 248 181 60 74 75 169
    202 58 224 207 212 68 95 161 214 93 23 63 234 171 89 132 52 119 192
    20 216 103 193 115 79 45 254 50 16 88 36 104 204 124 220 124 131 194
    16 224 148 197 49 123 6 171 13 232 140 184 156 183 73 12 248 178 60
    255 116 90 135 200 150 100 82 199 96 182 124 121 149 107 79 156 48
    184 46 25 29 102 113 120 206 178 121 224 120 83 100 218 178 36 104
    248 254 136 215 69 52 249 201 203 206 239 200 8 2 39 230 101 61 33
    22 142 59 20 139 196 235 57 143 34 11 138 106 100 40 244 195 225 91
    20 75 208 165 183 32 49 58 74 227 101 59 48 127 132 144 29 241 197
    232 220 197 64 158 240 50 233 237 55 188 84 28 237 112 86 96 104 42
    216 174 0 120 219 249 235 99 135 211 26 66 13 208 247 43 154 130 112
    152 143 156 111 245 196 39 235 98 190 62 205 100 22 58 246 47 38 145
    62 21 232 197 111 189 74 82 152 40 104 4 175 37 249 0 128 36 165 53
    50 135 2 242 180 225 180 87 64 204 83 54 153 172 15 32 124 138 177
    54 79 124 24 31 24 241 129 3 107 30 95 22 19 81 54 208 69 51 216 148
    39 220 40 172 251 250 170 12 189 20 116 48 128 172 89 7 103 176 178
    153 11 106 172 83 193 142 126 71 18 245 200 38 205 214 97 63 225 242
    242 233 121 249 63 18 80 210 157 243 155 165 225 223 225 158 61 215
    93 63 82 39 252 109 83 216 174 41 77 54 37 153 90 199 36 138 193 143
    47 114 40 22 232 184 180 174 52 156 37 13 57 139 22 137 228 43 127
    154 92 171 252 104 46 185 152 177 153 202 180 135 169 1 72 247 220
    41 164 37 151 178 136 81 106 185 16 108 85 217 129 80 221 81 212 152
    70 99 104 159 106 121 229 106 172 84 149 22 43 152 144 127 49 212
    249 22 67 230 147 174 140 157 151 172 120 204 151 110 101 1 230 62
    43 141 159 2 248 136 102 112 185 120 140 2 162 107 178 198 213 144
    238 49 94 18 109 242 1 139 234 107 118 129 63 3 190 159 59 68 185 10
    3 28 12 158 245 98 113 178 212 121 64 29 22 197 215 27 17 233 108
    116 118 153 145 152 60 246 248 200 221 165 169 109 49 227 10 144 197
    82 175 161 49 161 4 224 203 31 93 74 228 178 31 63 101 201 163 231
    119 67 89 8 172 173 124 155 70 215 116 175 208 194 209 106 78 174
    220 101 184 160 206 46 195 112 72 236 69 147 208 19 44 30 53 106 98
    40 201 208 55 59 149 57 140 38 186 154 214 120 120 92 95 31 36 214
    49 145 151 111 10 163 200 251 132 178 143 168 226 186 74 234 87 164
    67 158 121 120 205 243 206 54 221 114 164 56 243 1 97 96 38 98 69 97
    136 94 122 246 25 150 33 85 6 27 134 103 216 253 183 176 171 254 229
    42 61 19 235 157 74 197 59 17 121 39 250 159 58 129 134 252 244 108
    162 121 132 113 103 181 188 242 95 92 243 79 203 66 254 234 60 170
    63 231 136 90 246 143 92 16 89 204 158 132 12 31 255 40 209 134 135
    7 227 99 158 129 188 215 250 212 59 170 47 8 109 52 190 155 17 103
    119 42 131 108 187 65 199 21 180 209 114 166 43 57 255 247 122 78 17
    190 230 229 136 142 205 192 42 158 142 184 229 74 9 180 170 87 166
    153 34 191 209 69 162 205 120 101 30 41 208 124 93 92 208 240 250 33
    199 71 175 123 246 69 135 48 33 75 209 52 33 194 104 164 2 45 129
    224 134 185 95 92 123 203 42 242 211 30 53 151 149 56 193 91 65 187
    185 37 103 90 164 178 186 161 79 181 102 178 168 138 102 115 128 14
    248 181 52 250 179 10 134 62 11 168 13 68 249 38 219 47 53 229 230
    175 69 154 27 24 157 241 74 23 180 220 96 137 140 153 4 154 66 253
    58 186 11 2 215 238 86 151 124 87 167 152 41 15 164 231 151 91 100
    133 147 66 32 184 198 178 136 246 102 101 192 255 48 224 229 23 102
    7 127 120 252 87 25 142 227 200 224 149 80 94 32 170 9 126 195 112
    128 226 144 98 213 166 25 12 136 166 132 42 237 241 200 188 173 34
    246 95 156 170 170 198 98 50 23 60 247 99 40 104 106 198 74 204 55
    169 189 206 204 230 124 30 142 212 208 178 170 195 221 186 31 247
    144 147 161 190 16 97 116 174 23 181 224 237 15 232 163 178 88 115
    130 231 177 141 150 205 82 174 187 119 14 70 73 95 238 156 129 80 15
    191 184 207 167 194 220 105 112 151 109 250 58 77 16 85 211 158 158
    196 250 167 7 214 186 150 114 151 174 58 22 82 155 22 62 97 33 175
    233 214 22 212 69 51 43 99 144 83 41 216 74 91 136 221 163 189 116
    91 17 100 213 33 125 56 231 72 109 165 114 99 22 169 248 204 205 204
    243 119 77 235 239 188 208 217 162 29 54 38 255 243 168 121 197 7
    196 79 182 72 30 36 189 224 112 161 63 38 219 126 105 46 104 194 41
    33 223 128 105 54 38 240 254 203 87 193 241 172 179 173 112 225 177
    7 85 48 34 186 119 252 103 194 228 22 122 236 72 240 63 178 133 14
    116 119 170 19 187 163 123 132 149 184 60 131 29 105 228 224 169 163
    248 146 165 180 172 189 10 32 187 13 70 100 23 49 35 170 59 129 65
    255 87 21 10 232 118 35 149 118 137 61 151 57 73 57 105 12 247 61 19
    54 215 242 136 33 21 169 155 132 191 178 39 117 222 121 69 115 237
    19 21 222 2 71 162 194 124 244 165 156 222 230 72 83 246 108 170 234
    108 162 24 132 128 80 233 43 132 55 215 64 140 28 241 118 76 205 201
    200 249 111 81 123 243 224 119 216 183 47 15 12 81 93 254 47 203 170
    166 184 126 121 14 137 212 166 157 156 144 117 192 8 161 200 74 203
    237 181 157 60 171 138 249 125 47 86 60 111 81 122 105 229 137 24 57
    190 142 236 229 34 246 144 222 198 219 44 34 245 177 75 108 189 157
    53 197 77 101 159 194 78 129 150 206 19 26 111 152 124 147 233 235
    106 22 126 138 196 142 114 68 251 207 55 130 200 29 193 68 104 209
    141 240 9 129 201 200 45 120 65 39 8 5 208 199 8 111 27 99 174 108
    189 79 116 166 90 13 72 156 200 55 138 18 241 4 189 62 164 225 148
    77 251 225 69 63 12 85 31 143 16 84 108 128 24 67 119 163 183 164 11
    193 188 54 180 122 118 235 171 207 116 203 204 81 73 198 155 159 254
    159 13 77 24 231 175 81 24 150 221 160 179 198 209 120 41 122 20 194
    117 195 74 189 9 198 128 124 85 131 99 213 6 148 83 244 129 87 233
    233 135 196 160 205 246 217 84 60 29 78 139 230 129 103 74 108 47
    247 61 81 80 185 150 232 67 82 5 201 54 186 13 241 225 21 197 159
    209 217 72 185 172 209 113 22 87 40 136 209 54 10 24 34 194 16 93 63
    148 104 235 167 110 42 129 242 128 211 91 16 182 239 9 30 238 192
    189 97 149 163 184 90 59 9 236 234 79 130 72 58 0 120 121 206 161 92
    171 202 79 173 91 187 102 130 147 184 236 189 249 221 64 73 68 80
    211 130 255 104 16 188 85 209 220 14 213 130 221 139 52 20 20 185
    101 30 6 223 15 134 82 26 210 47 7 79 145 138 250 43 85 4 177 121 58
    164 39 201 26 118 86 64 176 224 130 246 116 135 180 71 198 249 6 66
    32 248 31 212 122 44 27 246 17 105 252 14 167 240 83 116 57 55 249
    16 5 82 236 73 151 196 163 94 28 80 68 248 116 10 80 80 255 234 118
    250 219 55 40 240 94 23 242 200 151 176 130 49 219 146 106 249 241
    74 220 112 102 32 194 116 118 16 168 216 240 62 49 67 128 186 107
    122 22 33 253 151 103 121 207 190 43 109 201 235 42 33 179 89 48 13
    206 132 202 209 241 244 192 206 17 231 1 61 109 184 27 60 45 78 99
    71 127 49 121 64 192 236 90 222 55 222 224 90 230 22 224 81 193 46
    86 166 139 210 86 156 72 167 81 200 160 50 52 233 229 141 62 131 14
    105 208 246 45 157 123 38 78 141 6 132 159 246 105 44 202 40 171 239
    16 92 61 114 251 239 88 65 74 43 212 151 138 165 155 145 71 247 73
    225 198 243 47 151 165 135 86 27 229 254 12 84 57 28 242 251 222 139
    231 243 16 62 21 130 119 80 73 254 83 243 104 220 156 150 53 114 234
    116 118 53 107 64 45 202 70 227 218 27 126 216 184 62 189 32 246 96
    221 247 155 91 110 151 91 90 61 59 11 32 148 1 251 155 84 28 233 11
    237 95 253 140 173 44 222 188 149 3 64 107 216 193 179 226 39 172 36
    187 64 20 113 127 179 103 121 102 190 95 122 92 103 51 239 242 170
    73 63 198 73 127 95 244 124 153 41 69 50 248 119 156 163 116 10 73
    221 141 91 25 117 56 167 173 87 108 191 200 108 222 45 120 242 153
    13 142 181 202 40 150 130 67 71 104 149 155 126 192 25 142 230 129
    83 136 198 38 229 239 221 188 222 219 101 59 193 52 201 152 149 20
    91 244 140 44 88 193 91 158 20 42 54 171 237 121 223 246 150 71 59
    80 123 108 79 236 200 24 32 26 223 195 53 45 186 115 15 228 188 186
    248 184 124 111 89 91 132 16 126 106 130 243 96 50 77 71 55 186 65
    245 136 251 65 96 196 209 37 219 206 190 44 12 89 4 190 32 11 243
    207 24 18 239 145 250 236 228 164 150 171 159 7 144 79 104 53 24 93
    172 136 88 49 110 91 234 198 147 24 111 166 241 23 233 171 243 247
    16 217 142 8 14 30 231 110 75 23 101 179 211 68 245 232 22 163 21
    249 4 42 59 109 214 210 21 78 226 90 249 25 168 108 57 11 5 53 203
    59 238 105 142 218 204 214 20 120 48 92 5 16 140 21 30 87 75 36 127
    6 233 34 240 86 16 63 133 152 44 207 213 213 155 244 50 57 25 146 22
    26 156 230 255 34 70 169 221 77 167 64 73 93 46 31 120 245 139 17
    136 161 41 150 87 213 147 136 56 125 77 219 20 148 172 29 0 227 150
    139 103 102 116 199 16 145 219 80 163 0 7 6 55 201 10 80 210 103 157
    30 192 136 152 91 168 168 199 85 3 1 48 42 211 219 47 177 91 34 183
    23 214 196 167 7 227 186 85 5 205 129 232 73 55 184 230 91 180 1 117
    181 210 240 164 122 217 229 54 247 207 12 93 34 231 241 65 242 160
    110 75 104 139 16 6 99 131 76 250 85 242 10 161 67 111 199 115 96
    188 120 139 104 90 118 239 56 63 109 181 87 146 29 29 252 33 63 151
    39 163 219 235 126 16 240 167 70 139 122 105 195 167 185 59 129 203
    102 184 90 122 96 59 76 211 12 160 54 207 126 15 225 7 148 142 186 0
    58 200 124 170 148 40 73 97 106 234 75 25 24 28 11 23 127 47 188 116
    211 111 81 36 186 44 141 71 176 143 205 184 160 39 75 216 135 81 215
    246 213 192 231 146 201 156 104 24 135 189 163 68 89 255 148 132 238
    2 8 30 160 82 149 14 174 76 72 195 58 141 112 19 228 86 167 247 240
    105 25 184 138 97 45 135 127 97 250 55 235 90 210 140 231 216 125 23
    89 116 51 71 169 177 175 158 133 197 51 218 238 164 4 153 205 169 32
    192 32 76 198 24 29 144 94 29 68 20 150 94 230 247 233 180 36 112 84
    185 32 193 245 12 94 155 224 197 65 180 142 239 224 194 41 159 43
    204 107 59 82 120 23 131 130 141 63 120 33 255 81 136 137 17 152 62
    109 218 160 205 226 127 70 210 144 34 58 170 54 102 251 238 193 87
    181 170 225 199 66 68 121 195 208 75 52 6 184 70 26 93 231 29 172
    121 4 2 107 206 141 125 238 70 167 52 188 69 73 61 152 131 39 55 60
    20 69 77 227 237 197 11 93 33 133 190 89 237 103 70 68 213 127 74
    103 189 121 248 231 131 151 117 152 241 185 94 128 29 33 194 115 61
    15 2 83 5 233 60 82 148 149 55 69 83 114 47 178 154 140 156 28 97 33
    45 31 152 142 73 246 112 202 167 134 229 117 59 102 114 13 217 90
    217 134 222 158 16 243 86 2 124 151 99 162 157 174 65 69 55 57 51
    201 67 72 210 74 125 44 193 177 149 80 17 249 57 235 224 69 233 172
    77 194 92 13 1 42 99 117 68 50 82 74 42 100 55 97 81 47 78 214 112
    231 142 22 93 40 118 105 188 144 252 236 82 239 94 18 65 105 63 169
    218 195 253 18 144 74 108 231 39 35 235 214 239 169 202 162 103 17
    220 229 128 38 137 195 241 27 165 5 29 146 45 40 5 69 229 67 128 185
    214 75 141 169 118 232 100 241 113 147 75 157 213 251 220 9 156 94
    248 193 65 139 62 18 91 54 99 223 232 107 251 177 142 91 68 85 208
    31 157 136 161 3 80 192 160 113 160 213 219 113 18 21 195 118 205
    240 155 34 96 19 212 245 202 132 246 131 244 158 19 201 228 14 64
    111 131 140 91 107 89 192 8 129 169 51 188 98 3 205 11 143 173 239
    57 226 155 29 61 92 5 61 91 137 154 92 214 219 184 145 71 251 178
    241 155 111 242 211 8 137 39 146 23 201 8 70 236 60 127 116 72 127
    133 163 54 236 31 135 135 236 115 175 60 212 64 47 227 60 131 239
    180 170 91 45 249 183 38 131 52 131 235 194 133 55 234 217 170 4 94
    85 95 199 160 90 101 190 138 34 183 176 201 11 26 162 191 91 103 177
    0 209 182 31 243 55 255 10 57 29 41 108 125 38 153 147 39 116 131
    247 153 135 199 109 155 24 231 249 253 96 36 194 69 97 134 143 183
    203 27 23 250 113 20 156 229 199 206 83 198 209 22 222 177 213 2 65
    171 228 171 136 139 231 68 253 32 41 249 177 127 113 28 99 249 252
    214 129 5 69 157 15 103 12 249 191 161 137 3 180 220 111 36 247 111
    114 98 20 72 227 18 127 201 35 30 7 215 227 180 240 60 1 253 187 179
    22 139 134 46 193 142 191 17 100 18 77 12 53 91 241 192 156 196 171
    181 125 152 59 195 231 173 58 251 241 50 182 210 132 61 191 165 221
    32 19 62 106 13 146 161 179 106 44 4 112 226 185 157 73 56 112 73
    250 142 16 111 82 41 173 100 193 221 159 236 33 250 31 253 255 253
    142 172 18 48 6 137 182 22 152 170 54 49 99 230 137 97 159 109 145
    237 17 131 201 229 142 102 29 135 2 8 149 81 240 5 111 61 95 158 206
    154 141 176 68 48 171 234 198 19 75 202 104 73 222 128 245 231 212
    147 62 14 71 6 184 99 229 217 230 112 228 8 86 135 123 28 100 12 243
    136 110 224 131 95 24 171 208 10 195 94 216 213 230 239 146 75 195
    223 123 111 107 53 165 132 144 18 141 75 89 77 193 19 104 207 160 16
    53 121 61 180 0 34 113 12 71 130 89 73 94 57 106 94 72 119 152 57 14
    201 91 172 231 58 162 124 16 58 26 137 212 121 70 194 6 25 253 183
    194 172 110 197 73 132 74 169 212 127 124 115 68 21 162 33 207 84 71
    138 150 181 35 132 17 113 159 126 124 77 70 3 146 116 99 120 153 55
    225 40 245 126 177 12 172 1 247 224 76 172 238 100 104 28 207 30 195
    136 139 107 6 5 52 215 170 81 189 250 144 156 127 155 85 74 29 103
    142 230 152 148 168 211 17 160 7 39 253 139 161 34 237 91 142 132 6
    81 4 148 154 55 133 180 213 142 35 0 207 179 24 239 66 142 147 172
    88 54 224 167 84 212 199 138 13 141 97 246 17 124 34 46 162 237 109
    18 219 194 203 210 241 91 20 54 224 96 18 225 192 133 191 241 241 1
    182 70 165 171 152 2 122 87 132 126 159 35 138 216 119 105 252 39
    237 147 233 58 4 219 109 199 187 247 25 69 170 203 57 158 193 246
    220 153 70 113 252 192 174 166 24 111 81 35 98 47 175 23 40 98 136
    103 189 224 24 200 22 160 202 58 28 104 70 31 202 190 233 106 44 133
    243 83 110 33 132 65 183 138 145 195 101 105 229 150 205 151 56 34
    242 207 176 190 173 1 16 145 125 120 195 149 145 120 169 188 110 58
    40 157 202 181 47 90 50 26 70 254 177 232 160 68 234 104 103 154 182
    118 191 201 237 109 231 8 110 97 131 65 48 191 131 240 239 134 108
    36 5 225 119 10 183 224 64 32 176 69 159 248 2 159 194 19 248 214
    173 11 69 188 29 233 62 86 70 211 79 223 105 159 174 185 207 116 219
    147 83 193 190 159 156 219 4 141 31 65 106 41 182 39 182 76 94 31
    108 174 165 8 224 178 235 19 215 65 228 250 100 251 154 161 236 188
    44 240 106 204 152 105 22 201 1 30 88 136 165 15 74 132 242 138 195
    4 4 132 53 240 185 80 191 117 55 4 39 148 252 236 222 163 216 48 9
    158 70 249 79 158 116 215 255 221 241 242 96 155 251 128 82 168 32
    127 139 247 159 241 181 137 118 91 185 43 188 143 48 187 122 181 37
    193 96 169 50 175 143 24 103 217 234 183 155 153 105 97 156 253 4 76
    147 167 31 206 16 13 239 57 127 102 53 52 220 10 40 42 58 41 136 32
    243 68 106 107 134 160 41 202 188 162 215 183 78 113 169 130 227 1
    232 197 225 91 92 81 71 92 108 57 253 173 73 242 40 212 27 22 251 31
    237 128 188 191 214 216 142 212 210 80 7 242 166 97 87 106 55 6 186
    180 100 126 83 54 160 145 0 19 66 230 100 1 37 198 167 191 224 35
    163 250 34 3 57 111 50 95 218 12 13 211 128 60 113 0 80 195 250 126
    198 95 113 128 199 173 83 185 37 97 255 161 21 14 93 138 115 46 87
    208 144 177 215 54 174 170 143 138 28 125 158 190 102 51 212 44 239
    47 29 255 177 247 246 191 58 145 97 101 67 226 101 88 138 94 71 211
    218 165 7 36 103 60 247 42 132 133 77 18 35 105 207 150 222 69 31
    243 232 217 29 107 128 185 73 6 227 47 253 207 37 162 94 192 155 106
    50 165 216 105 226 17 8 105 32 46 125 246 49 0 116 201 195 65 176 45
    74 60 168 204 166 8 103 192 119 47 174 19 210 83 5 210 170 25 99 103
    103 232 74 41 70 131 103 242 72 253 19 198 60 9 131 119 67 249 136
    125 12 46 32 147 55 55 192 159 152 7 17 0 137 215 235 79 237 233 87
    22 4 13 185 85 13 193 233 18 210 15 29 144 16 246 69 69 219 162 147
    92 242 250 208 52 94 85 137 108 163 54 186 158 218 21 196 249 173
    218 173 192 207 62 34 29 66 162 105 25 32 64 94 210 67 129 255 138
    81 90 116 192 10 202 49 188 249 32 42 190 131 105 43 196 255 173 36
    11 193 9 180 54 112 79 27 44 75 95 101 138 171 26 10 226 123 164 254
    122 147 191 4 197 85 120 183 140 76 244 171 38 34 131 89 73 69 109
    19 214 34 212 31 227 200 66 61 34 5 6 175 18 55 254 152 222 71 97
    240 197 207 149 86 65 15 200 51 47 77 172 112 225 209 91 193 141 6
    98 27 59 156 144 234 94 169 35 203 90 35 124 91 245 7 168 60 195 247
    165 255 36 227 26 71 44 224 167 234 227 108 7 38 33 197 207 242 80
    18 89 117 41 13 181 244 169 182 11 250 147 121 251 228 80 219 124
    119 96 209 108 74 42 216 182 247 11 136 62 141 171 8 249 197 129 4
    33 93 80 85 193 59 165 80 138 242 201 11 36 225 216 60 160 69 212
    146 68 195 152 48 38 235 152 117 11 231 98 152 91 137 244 40 172 25
    214 179 206 141 85 235 45 36 68 107 59 247 238 237 158 11 123 28 137
    247 232 132 232 230 40 7 157 85 223 44 169 116 96 175 250 123 158
    232 229 35 162 188 11 23 37 161 21 239 252 173 157 74 197 102 77 189
    234 108 154 190 251 153 78 95 15 224 55 228 248 75 241 141 201 130
    36 171 190 189 28 63 81 162 55 252 119 34 20 5 41 182 250 179 233
    187 64 141 229 226 16 50 144 27 188 179 244 132 254 60 15 73 178 149
    158 82 14 137 188 27 142 218 237 152 114 246 166 104 224 255 45 82
    18 71 91 93 178 165 43 47 98 217 29 74 86 90 23 13 248 13 226 93 3
    81 245 210 153 143 176 78 113 169 166 181 107 216 38 3 158 67 177
    191 155 39 3 193 87 173 120 99 55 67 83 57 65 110 61 163 82 76 159
    115 72 159 54 245 174 3 146 22 105 16 188 190 85 73 107 5 74 38 109
    208 110 99 137 123 226 196 0 199 193 197 148 237 114 97 194 51 142
    215 183 130 207 116 173 1 184 19 166 234 174 96 5 128 140 13 246 82
    251 147 114 214 147 192 235 146 66 119 207 132 254 241 239 66 228
    139 64 134 72 168 163 194 39 48 96 144 31 179 184 52 99 234 29 37 62
    108 76 206 52 96 24 116 130 251 0 203 48 117 223 148 77 91 183 86 31
    174 200 235 84 227 228 6 145 39 43 255 226 15 91 227 126 1 194 232
    173 75 162 104 255 110 227 242 177 20 7 47 97 185 94 14 198 65 221
    245 48 118 189 56 41 102 86 0 173 111 254 127 30 12 7 121 125 64 118
    251 45 167 174 249 157 192 100 251 169 65 46 57 64 197 145 243 157
    108 44 165 82 123 145 96 66 118 185 113 53 253 220 145 69 54 224 62
    206 0 44 234 31 120 178 41 106 74 34 32 144 29 163 172 149 4 103 184
    99 144 223 42 0 98 192 68 123 5 253 92 175 44 241 62 99 143 240 154
    219 27 63 131 154 47 97 33 79 12 96 73 8 114 82 178 66 195 112 240
    82 44 20 170 33 55 68 179 253 145 8 144 110 3 228 163 142 163 249
    135 99 197 223 72 90 128 75 97 255 163 102 12 134 64 136 239 41 216
    70 201 78 154 186 20 194 168 86 69 1 133 125 196 172 179 210 45 121
    200 148 219 93 22 141 215 103 87 250 104 205 75 243 4 231 191 16 237
    62 191 131 195 41 95 63 156 238 156 245 124 135 63 94 163 22 145 165
    183 204 237 104 214 80 11 89 203 67 30 117 121 41 180 244 40 187 108
    25 191 230 194 198 93 129 129 12 7 11 183 64 78 177 67 219 207 111
    41 47 86 73 108 190 30 241 124 218 136 18 42 249 43 116 38 36 98 158
    160 120 209 73 178 224 202 44 235 208 52 56 28 171 31 220 57 152 205
    74 241 43 98 241 106 155 172 245 64 239 0 50 149 35 139 31 44 76 90
    84 162 151 102 180 249 238 79 75 169 174 192 144 234 66 177 39 195
    155 193 205 107 11 71 76 82 84 12 179 66 183 60 61 145 245 27 150
    212 165 31 207 32 183 25 21 209 120 140 158 15 174 26 204 136 240
    202 65 118 95 86 196 5 64 33 32 227 184 173 116 128 44 78 68 0 108
    232 74 198 220 20 165 137 230 142 241 57 18 136 198 45 0 162 254 180
    98 253 251 148 115 73 118 63 156 88 204 68 233 23 46 226 216 8 26
    134 114 136 236 150 79 215 25 228 221 120 17 254 209 178 0 98 216
    164 252 136 193 233 206 61 103 111 208 113 78 239 129 123 75 157 46
    245 131 154 223 111 210 143 123 179 50 37 156 12 32 238 213 37 151
    16 140 219 221 167 188 63 28 18 146 174 204 19 104 33 255 100 53 182
    173 167 74 199 58 75 6 52 45 9 222 235 79 189 190 32 222 113 211 13
    173 47 174 132 115 6 57 236 223 81 175 198 97 43 117 162 29 62 228
    13 216 95 156 205 39 211 204 100 102 186 163 171 241 27 84 22 175
    102 215 100 62 178 215 31 235 147 102 247 64 127 235 130 192 89 17
    112 97 79 151 171 92 43 39 37 29 87 85 11 39 195 47 30 77 47 236 127
    126 94 189 174 91 229 254 219 76 222 126 109 255 121 245 128 229 100
    179 111 110 60 111 230 102 88 26 224 12 183 197 97 74 205 199 204
    179 97 55 216 66 77 147 22 129 186 138 157 222 117 46 193 111 219
    204 45 177 86 130 70 160 161 150 34 150 233 34 165 226 158 38 225
    151 80 180 100 109 180 179 161 170 208 69 48 54 5 16 137 28 172 189
    83 28 2 197 158 230 99 155 89 239 2 68 151 5 67 128 205 75 228 215
    137 236 14 116 125 214 31 13 154 233 126 36 183 197 235 24 165 206
    149 194 185 93 130 66 143 130 142 8 50 41 190 91 208 30 246 186 82
    147 174 233 243 47 69 10 148 211 166 63 60 17 184 123 253 63 88 159
    189 73 109 169 188 234 208 185 56 178 127 149 227 3 225 8 200 168 32
    203 99 30 96 226 254 103 216 42 152 116 178 223 131 150 3 219 134
    206 129 188 168 151 75 7 130 81 190 77 108 126 5 169 23 83 18 194 28
    80 105 9 46 195 45 171 246 195 182 3 45 129 116 2 3 108 46 140 224
    217 179 236 10 209 87 242 74 223 67 116 196 106 55 88 167 129 110
    119 184 44 25 108 48 135 95 170 54 255 165 198 126 148 174 183 220
    133 226 11 121 233 223 211 191 76 86 150 181 60 131 247 209 49 238
    69 7 49 5 131 53 176 178 60 136 217 55 173 120 57 162 224 45 165 16
    143 66 161 110 30 10 95 168 34 156 73 77 168 1 229 123 213 122 224
    217 54 178 212 92 163 65 203 223 68 162 116 193 215 243 14 81 36 143
    99 248 170 17 181 156 231 97 155 30 83 94 189 192 42 227 250 126 47
    74 227 77 197 143 68 53 161 69 73 29 12 151 16 201 72 198 105 45 2
    114 129 252 195 240 172 22 155 188 181 224 160 117 43 183 158 42 119
    194 174 56 164 236 164 24 187 255 71 17 172 45 160 179 220 83 1 228
    191 0 207 220 60 162 122 193 111 191 106 222 136 28 35 88 21 49 142
    162 51 224 43 24 108 122 153 27 144 9 91 70 171 147 116 233 144 130
    247 118 175 134 251 224 65 43 87 47 244 50 76 6 52 132 162 206 148
    166 96 218 201 87 254 14 127 220 28 24 102 213 48 116 5 182 234 215
    228 30 118 71 136 55 12 196 244 226 183 17 46 154 27 198 196 86 52
    252 115 250 240 17 0 104 34 227 222 243 245 214 194 242 205 114 132
    255 29 159 109 247 203 1 187 70 198 8 228 29 220 150 157 151 198 71
    159 58 81 148 186 239 146 239 108 181 11 237 76 132 131 247 79 152
    222 155 95 49 14 31 88 230 44 121 198 119 154 38 207 191 149 253 16
    190 102 178 101 120 91 239 95 119 252 222 116 71 131 168 146 112 138
    39 109 194 71 220 173 166 40 242 252 120 58 160 0 133 233 175 149
    131 238 131 48 138 116 200 21 176 189 231 235 135 14 216 24 84 175
    10 198 35 202 251 123 118 209 169 157 92 111 231 40 76 122 162 57
    161 127 2 246 11 235 246 43 220 196 206 162 17 219 250 14 62 192 147
    151 44 54 230 124 244 203 193 111 252 68 155 89 90 143 33 18 57 2
    202 125 95 33 92 222 61 226 220 8 105 188 193 96 15 36 221 209 55
    217 25 125 177 242 13 106 26 242 68 52 150 72 143 223 149 147 68 132
    227 139 53 50 227 110 80 128 252 107 147 128 179 92 246 55 160 126
    52 42 85 87 169 82 60 150 59 182 153 150 89 146 174 229 26 85 91 73
    156 93 154 47 101 160 193 254 8 167 155 83 231 69 175 71 125 141 205
    225 119 105 5 127 168 45 63 37 53 114 164 90 66 98 192 185 192 28
    167 29 229 188 5 144 101 43 98 73 17 249 33 230 64 147 253 42 45 101
    195 217 113 166 133 185 194 104 144 47 124 134 204 31 69 225 162 188
    156 125 75 194 98 187 214 136 66 117 97 44 228 1 23 188 167 165 198
    192 200 233 79 156 193 165 175 5 40 59 9 128 144 88 152 230 188 202
    203 179 215 77 61 185 130 32 194 15 61 204 198 83 191 135 10 145 166
    126 38 126 177 65 251 87 226 138 27 183 86 3 184 64 133 104 52 132
    192 205 244 61 204 202 148 57 129 78 133 142 100 90 38 160 230 161
    68 191 242 19 49 70 46 54 169 202 90 212 242 131 12 52 71 70 254 149
    208 54 14 119 207 11 100 180 190 194 221 159 69 171 168 172 198 201
    211 145 245 153 117 184 147 9 214 119 49 210 28 234 57 46 173 240
    131 188 176 218 160 98 110 25 249 22 229 199 70 108 197 94 179 185
    166 67 34 50 71 149 109 95 35 229 24 208 221 69 188 105 62 214 141 3
    88 234 46 45 68 120 143 215 179 161 169 139 51 230 61 18 107 160 108
    60 122 32 77 146 71 164 48 243 208 208 197 18 83 238 125 10 122 176
    182 60 177 170 148 173 82 33 64 250 76 3 229 222 216 155 152 167 57
    170 135 2 153 7 173 78 63 132 205 21 215 161 247 51 134 245 79 252
    15 44 113 53 186 116 210 46 122 91 245 84 192 57 99 20 94 59 216 179
    236 215 78 101 133 247 96 185 114 149 4 41 59 16 202 74 20 12 119 94
    42 121 196 91 47 177 120 109 17 39 202 110 93 32 88 0 23 127 71 146
    18 81 239 235 1 156 250 180 191 188 39 61 72 211 11 236 25 188 48
    197 226 234 177 243 84 156 158 207 227 73 163 55 171 187 37 50 248
    107 21 154 45 24 64 80 60 64 88 12 150 172 223 216 148 76 93 205 235
    155 252 36 199 51 36 240 75 218 70 11 231 15 131 32 76 98 13 177 52
    63 196 7 12 98 152 203 255 129 90 170 53 185 253 114 47 151 197 45
    47 89 66 95 161 104 8 8 222 53 201 164 53 23 29 153 133 32 243 232
    18 204 71 140 41 36 12 201 60 142 148 178 36 77 136 80 216 16 48 100
    222 43 164 51 148 239 41 190 168 107 201 44 139 226 63 155 158 209
    189 88 107 158 232 27 75 109 188 6 113 136 37 202 68 60 146 123 70
    16 199 217 233 247 31 198 27 142 164 167 188 4 39 16 93 207 47 165
    18 221 155 32 66 208 49 4 183 185 88 189 199 81 99 181 197 252 22 30
    137 47 6 205 133 142 132 238 21 194 214 69 201 44 232 201 189 209
    147 173 4 50 48 107 223 173 135 170 126 66 92 91 185 252 176 81 177
    105 196 100 230 66 82 174 177 200 102 71 104 36 58 14 103 228 46 5
    27 154 77 97 221 43 76 233 169 114 174 211 24 100 250 140 215 153
    170 5 135 160 198 222 123 38 142 210 97 166 187 170 130 218 184 242
    125 222 70 83 245 52 241 108 196 22 243 57 119 84 45 41 242 40 234
    108 93 75 119 122 15 184 78 248 84 225 179 110 6 7 160 167 158 67
    203 100 53 70 133 225 151 27 36 90 245 107 238 104 15 67 196 141 112
    95 11 222 123 69 99 152 246 70 86 112 78 206 31 27 124 158 39 30 6
    172 167 186 46 227 202 100 235 79 26 147 47 129 129 160 164 34 59 59
    133 249 181 48 57 34 197 191 147 186 50 141 153 151 69 46 213 49 235
    199 53 49 191 139 145 195 103 155 115 136 225 82 155 205 147 7 207
    250 204 133 146 232 73 199 225 63 129 139 97 115 96 224 115 197 137
    244 206 45 159 173 214 119 194 25 20 162 247 171 178 213 64 215 111
    168 188 40 150 156 142 88 56 249 138 156 60 121 118 198 137 84 20 31
    188 49 167 89 68 9 43 164 170 211 239 140 184 89 65 166 200 227 50
    161 33 183 131 105 215 32 103 180 10 39 245 176 96 247 18 178 92 24
    161 214 204 254 8 122 63 12 56 99 185 197 196 14 69 33 228 236 96 67
    20 144 196 105 48 241 167 59 190 151 53 136 123 222 97 173 176 230
    54 11 145 208 204 152 254 46 55 3 125 79 2 172 59 179 181 71 108 165
    186 251 78 1 97 158 158 91 152 137 149 222 216 128 77 251 164 138
    218 150 133 36 52 90 166 236 44 23 152 73 152 171 54 234 73 11 68 12
    38 160 27 45 233 231 65 183 126 24 87 155 179 231 150 136 64 28 47
    181 240 220 247 195 110 241 225 16 37 156 75 193 119 120 208 31 77
    213 116 133 82 241 217 153 56 93 110 159 31 134 85 174 91 158 112
    134 250 100 22 151 230 2 209 27 197 41 102 3 180 46 153 222 243 62
    163 208 140 241 96 5 88 97 248 142 96 20 56 221 124 240 85 226 247
    114 100 56 85 78 166 122 59 52 100 240 144 85 145 157 226 159 80 211
    113 115 100 80 229 162 74 170 154 35 57 192 17 106 8 51 149 170 238
    139 99 18 114 71 253 219 159 221 104 161 220 250 65 67 139 110 64
    157 181 164 177 44 218 200 170 234 21 79 85 255 53 195 164 168 117
    252 145 167 120 122 169 28 3 27 2 175 142 126 15 80 240 58 51 125
    195 242 125 2 194 133 50 237 182 224 219 170 226 213 74 55 187 16
    240 81 80 40 124 133 28 93 149 245 87 203 44 230 93 23 241 144 177
    67 139 156 244 137 186 165 241 107 124 135 20 41 159 17 99 107 104
    60 166 7 15 36 149 155 249 36 225 47 141 189 61 216 65 229 215 190 4
    114 199 38 54 103 238 76 166 186 30 15 231 124 213 130 64 185 38 63
    167 50 198 134 242 181 170 101 112 17 71 182 250 138 171 199 170 22
    186 55 189 63 126 41 178 166 33 111 210 236 209 248 246 147 58 10
    244 226 84 184 62 129 12 75 124 230 121 85 41 167 47 156 243 163 123
    181 148 54 125 63 63 20 104 101 182 44 247 118 145 16 18 239 212 160
    40 82 68 246 200 199 62 158 125 79 189 89 224 158 252 107 179 71 141
    158 217 124 3 74 11 235 145 200 222 35 19 11 224 69 191 123 126 163
    91 10 143 12 208 155 135 33 56 52 235 164 121 94 173 160 255 43 2
    106 79 17 170 114 65 148 147 112 133 18 73 91 176 255 233 166 29 113
    218 199 253 165 69 216 137 108 249 20 247 61 39 134 74 195 158 6 122
    122 6 233 149 103 15 246 54 164 75 73 113 37 91 197 119 150 236 234
    179 15 24 186 221 50 223 187 194 214 59 248 118 39 80 86 107 155 37
    85 135 120 154 25 8 110 111 128 254 95 179 8 160 185 46 225 192 12
    108 148 240 196 195 146 189 237 203 247 31 94 188 178 146 147 173
    245 99 246 25 39 151 228 229 9 27 40 117 249 231 42 84 29 55 69 161
    250 197 197 10 149 101 50 108 115 217 93 25 41 148 250 156 42 215
    197 79 145 67 127 219 167 31 36 48 55 116 153 64 84 185 39 238 158
    96 137 228 158 83 142 203 254 9 101 127 180 229 181 87 221 1 197 39
    219 119 219 159 58 18 98 235 58 85 43 102 31 12 46 205 247 188 48 57
    26 80 187 164 50 143 38 253 96 45 238 25 230 238 245 62 151 110 189
    68 54 141 97 173 116 238 93 210 105 155 143 65 155 194 139 219 80
    229 111 235 250 165 162 59 137 219 94 39 62 227 37 49 172 126 203
    180 50 86 236 189 176 154 48 38 4 21 52 147 191 232 45 21 150 219
    140 114 211 77 223 96 242 116 211 33 71 119 250 173 48 87 47 235 94
    175 22 28 198 75 230 250 18 118 67 109 217 203 6 205 187 73 116 111
    198 139 228 102 230 71 201 8 113 162 11 20 0 54 154 194 251 87 88
    154 90 20 244 188 51 102 57 141 224 243 139 252 132 185 217 137 142
    103 161 17 46 3 249 172 168 163 95 119 215 107 26 84 169 144 103 198
    28 109 34 112 122 139 211 107 82 190 246 244 24 199 250 171 205 190
    61 223 33 65 107 204 176 101 250 77 115 141 165 45 203 224 21 81 92
    247 1 199 29 131 1 215 60 132 225 24 234 17 53 170 94 210 182 92 239
    31 174 204 253 188 223 18 219 149 145 163 0 247 213 203 71 47 126 28
    146 13 89 25 149 73 73 80 176 10 145 6 65 91 247 199 32 214 80 235
    226 224 191 231 49 194 68 109 166 204 146 254 205 218 175 77 224 17
    204 113 12 235 87 14 8 177 162 117 51 187 177 225 9 197 245 119 193
    60 223 202 79 205 9 161 93 16 243 231 61 249 222 201 201 57 8 108 70
    250 227 26 137 144 173 6 80 35 119 197 112 28 121 0 76 187 198 25
    130 38 91 148 102 174 112 142 29 75 207 110 235 147 104 156 212 232
    146 7 211 29 159 95 225 244 4 11 213 101 253 240 7 225 97 218 131
    165 66 116 176 4 158 199 152 152 9 0 152 63 93 69 36 146 173 171 203
    35 107 238 162 142 118 220 155 11 219 102 179 213 249 146 239 60 49
    190 179 57 212 141 184 68 22 240 46 141 66 176 187 82 85 214 164 169
    68 141 120 198 124 129 148 167 37 240 217 183 67 12 254 9 5 10 112
    65 118 232 43 59 52 116 27 15 237 213 47 103 110 88 146 211 58 226
    11 147 204 108 99 0 241 15 193 107 110 60 100 67 240 155 216 60 168
    177 45 70 121 208 213 28 58 148 205 153 255 125 150 72 166 197 128
    167 169 173 180 17 145 92 60 167 54 27 2 49 86 212 16 95 51 186 117
    249 156 214 87 220 244 134 184 117 76 72 29 97 169 31 246 250 106 1
    159 220 120 158 52 24 139 66 207 96 67 82 130 14 138 224 68 123 196
    250 141 115 209 214 74 121 189 94 124 115 212 82 160 121 88 76 116
    242 47 113 170 241 54 75 27 168 50 198 201 219 145 36 217 118 90 100
    112 234 91 130 152 244 32 54 26 168 177 203 4 243 213 107 135 148
    216 102 17 249 176 131 163 148 37 188 38 228 195 221 131 153 174 22
    36 86 121 238 221 11 232 101 51 133 74 162 4 244 202 186 81 116 167
    82 196 186 151 201 134 199 137 179 126 132 1 249 147 212 103 169 205
    70 231 110 8 147 35 110 185 88 195 105 7 190 69 37 55 143 126 95 210
    167 1 87 8 4 63 35 245 101 92 209 158 128 130 122 173 121 189 194
    222 105 212 225 131 194 182 209 81 243 150 127 181 205 73 128 75 219
    179 0 1 213 176 176 3 30 53 173 86 99 194 68 132 123 34 70 212 53 70
    155 142 219 189 26 11 244 214 165 49 85 105 107 99 147 239 253 38 48
    176 174 40 24 23 173 35 89 124 12 107 63 202 18 247 104 221 65 32 51
    63 97 231 43 252 17 186 89 250 44 208 45 177 232 14 228 112 141 141
    148 177 191 240 182 61 217 37 116 27 153 230 107 193 216 125 170 90
    54 222 11 109 14 45 155 48 236 171 172 248 219 87 113 155 205 248
    112 159 38 73 208 83 255 120 99 61 130 222 180 253 133 135 162 200
    105 195 130 216 1 94 19 152 73 88 79 90 133 24 173 59 48 158 140 125
    80 52 89 240 139 74 38 188 11 152 153 17 220 223 244 222 126 249 87
    176 77 230 33 55 148 169 86 51 143 89 217 213 13 119 25 44 125 47
    155 69 139 200 243 173 141 40 200 87 19 89 226 16 63 119 22 218 252
    121 222 165 67 251 92 124 182 81 34 47 132 113 83 1 255 101 89 79
    250 194 249 206 69 140 160 36 30 94 52 170 189 224 87 67 75 190 231
    168 83 62 103 245 246 218 89 229 85 119 178 213 72 94 113 241 2 84
    213 8 185 169 113 94 135 5 43 170 51 235 159 200 196 184 196 156 122
    156 235 77 210 174 194 114 235 148 115 134 216 181 56 176 41 229 18
    83 229 96 85 85 188 55 184 90 60 184 195 242 196 82 161 250 55 190
    244 86 254 9 178 21 17 62 166 140 141 216 183 155 245 219 3 153 215
    254 129 136 161 185 235 45 248 62 253 30 75 24 206 16 62 245 243 27
    45 95 236 233 47 96 56 171 180 214 205 147 83 1 103 60 19 39 74 124
    190 157 65 200 155 63 217 140 125 147 107 21 117 111 149 92 54 30
    129 66 173 192 203 160 135 250 136 86 71 49 98 101 169 129 71 43 186
    165 214 90 55 100 55 177 169 157 138 161 224 13 211 26 24 115 98 177
    178 224 69 173 77 232 112 50 234 114 56 13 124 217 36 129 44 104 225
    253 111 194 38 214 241 190 54 178 41 59 244 102 255 83 83 108 53 252
    83 140 219 228 230 199 214 188 126 27 57 79 125 160 253 184 56 140
    142 50 165 163 246 142 236 207 140 69 193 183 158 129 134 114 51 229
    115 37 248 85 197 134 188 207 77 32 84 91 84 28 44 110 156 179 233
    13 4 91 208 169 12 242 207 136 156 252 89 152 174 132 67 143 153 94
    129 127 141 190 54 13 81 222 43 168 88 80 111 195 169 78 39 87 112
    167 15 108 248 130 112 79 141 241 220 128 206 160 198 208 70 228 153
    151 42 26 248 54 78 226 39 203 183 246 146 210 202 88 48 211 135 24
    34 72 228 74 213 158 247 252 89 68 35 91 38 155 4 50 163 124 232 18
    39 192 229 105 203 125 55 32 150 53 118 187 215 213 126 168 236 109
    88 63 199 38 111 252 135 210 188 104 218 156 205 168 116 73 231 74
    99 182 173 117 236 3 81 217 46 215 223 218 155 124 3 116 70 217 182
    135 48 169 228 187 220 232 198 106 117 54 42 60 106 129 11 211 143
    214 236 116 111 21 18 74 182 38 178 34 251 192 139 94 146 199 128
    132 159 13 210 226 127 149 23 250 153 154 240 145 92 250 90 245 8
    148 136 14 41 195 121 126 62 99 105 212 96 32 102 4 1 20 29 112 61
    49 98 136 74 113 155 239 132 239 88 142 219 80 239 173 139 64 140
    239 241 45 80 203 33 45 128 161 47 138 188 184 148 187 250 70 132
    243 229 248 9 8 120 184 35 48 95 67 15 95 212 228 181 104 20 63 243
    122 187 85 91 42 215 192 247 177 80 165 60 169 194 120 144 235 31
    101 50 94 226 56 34 250 162 195 75 76 160 96 10 79 239 239 33 43 19
    108 147 175 55 32 14 9 13 209 205 176 178 30 221 146 133 50 195 232
    42 251 78 105 171 200 67 9 45 142 115 3 108 234 141 112 185 184 31
    155 202 27 89 110 169 87 93 226 36 109 36 166 223 168 255 42 175 66
    72 196 251 152 95 183 31 165 0 174 225 115 84 104 58 63 55 225 171
    139 13 78 168 222 4 43 102 29 84 103 134 246 120 198 99 133 60 103
    61 210 197 235 111 254 38 239 230 225 221 117 150 194 137 184 231
    189 215 32 211 229 169 237 2 181 73 19 122 71 214 163 184 38 189 29
    140 209 132 181 8 238 131 194 56 1 50 162 128 172 212 245 60 215 204
    233 229 129 99 95 81 246 49 231 100 246 163 204 67 241 125 201 212
    215 38 161 243 79 139 145 123 160 110 64 217 212 201 127 24 91 20
    227 61 1 217 228 125 149 43 30 6 17 49 200 115 173 59 233 129 89 214
    9 253 241 230 39 38 97 103 141 46 14 17 80 183 60 69 66 247 16 221
    227 36 170 62 25 102 37 17 212 255 220 182 6 116 93 1 51 57 82 64
    235 211 52 204 181 188 56 117 94 27 194 19 204 104 248 19 229 234
    151 85 83 83 126 209 75 183 149 69 201 105 86 44 47 33 58 42 188 41
    170 254 33 26 0 79 30 175 46 125 19 26 137 102 78 150 129 82 183 61
    208 70 145 37 11 20 24 207 80 19 212 33 150 75 67 95 217 200 147 201
    29 139 57 8 15 186 167 170 178 217 43 225 126 20 49 105 184 194 51
    12 209 90 156 15 66 137 126 240 18 56 103 26 218 71 91 24 116 164
    154 56 6 190 205 243 128 145 227 224 9 221 19 133 80 65 140 216 160
    174 120 198 208 47 156 55 199 91 61 151 11 158 201 54 243 80 92 59
    105 4 215 141 52 232 129 184 23 153 54 128 50 104 234 198 76 11 22
    252 140 42 211 135 93 147 155 4 94 235 169 55 128 102 66 227 92 229
    181 253 38 34 210 174 152 15 203 68 94 62 229 246 93 137 234 247 251
    138 150 55 130 22 206 175 69 193 166 64 59 105 183 21 150 122 18 19
    87 218 25 116 20 204 89 158 147 127 239 242 205 7 108 130 133 191 67
    78 204 220 233 185 116 134 158 245 231 178 4 17 80 181 101 56 46 201
    71 184 74 36 157 62 190 52 21 136 121 69 179 203 175 190 155 29 16
    59 108 157 34 180 183 38 21 3 220 106 131 202 127 129 150 42 43 160
    151 136 165 59 190 52 196 216 142 170 168 156 201 82 177 179 49 38
    82 71 69 183 73 26 129 21 229 191 228 165 128 114 90 23 95 166 46
    178 237 163 47 16 216 93 93 170 58 91 202 42 16 160 169 53 91 17 245
    190 30 123 183 220 43 26 86 169 126 12 25 216 249 141 6 232 152 156
    253 146 218 178 222 123 127 95 13 184 243 64 211 92 128 9 166 104
    210 129 172 252 192 10 26 93 120 89 114 79 136 46 225 241 220 219 76
    8 170 179 184 49 194 69 148 77 81 253 185 169 62 17 100 168 65 218
    107 57 4 76 231 68 89 55 25 240 177 181 27 59 160 108 187 29 244 152
    5 153 99 67 63 69 158 58 72 61 208 210 133 19 101 209 93 32 168 182
    109 254 5 1 167 48 147 65 223 138 167 61 111 125 183 167 243 101 199
    36 12 61 167 173 136 76 194 62 202 151 12 213 32 208 194 120 209 116
    145 20 115 3 101 186 105 156 134 173 105 185 85 192 226 55 41 171
    243 63 89 11 254 199 254 191 58 79 206 89 252 225 38 180 28 97 3 39
    72 229 69 137 208 187 242 182 140 121 106 65 237 85 6 246 132 90 60
    12 35 163 107 230 164 103 197 185 19 204 151 217 152 141 171 136 44
    62 222 153 251 121 21 102 65 58 253 12 125 126 104 32 169 207 90 242
    99 184 222 135 37 120 98 163 114 103 43 99 73 249 48 44 29 146 114
    27 199 78 248 152 34 210 192 69 238 199 127 133 77 234 132 168 200
    197 52 190 178 142 46 230 32 161 64 69 255 195 235 56 192 6 234 236
    105 1 51 162 227 8 30 6 138 180 194 143 194 7 81 13 2 139 80 63 176
    255 78 209 218 192 172 99 161 49 242 35 49 60 238 159 128 211 127
    203 207 38 95 9 42 201 0 4 72 153 63 176 110 149 92 247 159 160 98
    120 116 179 247 86 251 56 92 46 65 201 189 251 94 209 49 230 187 183
    41 204 114 192 236 89 178 145 180 163 112 37 103 219 73 60 209 202
    98 213 53 57 48 38 106 69 249 94 52 224 178 5 93 221 149 78 14 79
    223 157 70 36 242 214 89 232 205 95 93 74 60 149 117 16 231 230 46
    63 230 85 239 69 168 97 112 122 187 244 80 74 239 15 142 14 24 224
    151 61 247 66 157 151 241 131 141 187 164 61 226 144 156 92 232 231
    137 253 198 97 248 103 107 195 25 243 63 96 187 153 41 70 200 26 110
    46 31 16 234 255 54 199 7 176 85 199 203 48 83 199 169 198 95 96 117
    15 114 42 225 126 174 71 65 249 105 162 32 170 9 232 160 229 137 72
    53 169 146 140 133 167 140 119 151 220 82 170 12 223 161 183 115 204
    178 238 114 189 107 226 220 204 254 120 59 132 225 168 71 199 203
    246 180 134 67 232 181 99 89 165 10 209 210 201 243 145 224 42 246
    223 185 155 218 12 253 141 119 110 131 88 78 162 211 73 166 190 15
    145 92 241 200 195 71 45 127 109 201 93 206 31 96 181 249 66 178 0
    93 240 5 90 167 55 191 15 170 204 224 54 194 118 26 170 238 233 88
    63 170 238 117 162 166 226 42 157 144 133 183 237 140 93 170 56 253
    112 205 164 91 83 238 255 83 70 192 116 168 23 80 153 45 17 214 249
    178 159 191 241 237 79 81 59 166 68 214 240 223 85 74 51 30 204 136
    211 127 73 102 167 51 226 204 3 33 25 92 22 80 42 31 168 200 88 243
    157 131 161 22 131 30 210 191 31 236 48 64 176 66 221 74 126 244 253
    164 240 40 19 43 142 72 163 74 150 249 38 164 52 107 85 128 234 178
    197 108 170 1 242 231 178 66 105 40 219 80 161 3 181 211 166 187 128
    112 115 77 190 248 123 16 200 51 230 39 171 139 56 35 238 120 254
    107 36 67 110 21 246 205 218 72 20 77 132 138 86 192 139 49 45 60 83
    38 165 103 164 70 13 251 69 213 179 151 133 9 238 191 191 148 209 79
    132 203 212 135 182 202 230 219 46 20 234 141 11 155 130 109 125 54
    98 34 151 27 221 61 40 33 207 31 163 71 191 124 196 93 34 128 99 166
    206 183 187 205 8 111 117 14 42 57 255 212 178 209 110 212 138 3 198
    0 254 117 16 248 97 218 135 40 29 105 46 197 205 246 230 195 138 179
    31 12 28 162 153 88 132 223 86 240 72 140 59 51 180 253 90 54 104
    228 164 80 66 191 18 21 160 179 35 98 76 69 171 236 187 251 91 135
    37 171 118 220 80 158 47 250 106 171 142 123 4 196 142 209 32 2 46
    250 88 166 180 225 155 11 165 207 250 72 243 205 245 212 154 15 209
    189 104 4 156 24 16 235 117 217 207 154 79 137 243 44 203 153 45 216
    69 145 205 192 137 15 210 112 67 120 228 233 2 10 83 107 75 104 106
    151 149 24 5 203 158 39 52 222 200 218 28 110 254 110 109 228 145
    199 123 9 126 113 52 175 98 107 36 39 118 71 247 163 190 101 74 20
    240 153 2 73 25 236 94 81 253 124 246 123 113 211 33 83 29 112 27 77
    116 242 45 159 185 0 224 81 254 126 234 210 108 118 44 140 140 200
    163 60 93 193 85 55 174 50 209 59 161 11 64 123 2 48 160 163 201 53
    213 142 21 135 67 155 167 79 141 78 18 142 251 175 8 219 94 218 238
    234 7 136 79 45 125 148 64 172 195 103 165 130 255 172 156 41 187
    244 118 80 141 245 168 175 254 71 73 135 86 54 141 17 122 222 225
    125 242 3 231 68 67 184 44 234 242 246 78 244 142 137 56 45 186 70
    66 248 238 168 144 23 43 80 74 240 12 188 86 153 97 121 19 88 161 62
    68 100 190 97 234 5 174 59 241 93 116 36 15 59 14 61 85 221 111 23
    168 107 22 56 147 88 148 49 64 234 156 184 254 226 139 186 227 208
    198 1 93 166 78 249 155 129 4 50 6 237 50 177 64 84 161 242 51 64
    119 69 46 152 81 244 54 117 184 95 34 0 190 39 78 140 169 92 79 140
    157 109 148 57 182 158 226 63 26 161 218 184 64 180 48 216 226 91
    157 86 18 179 240 154 243 215 18 248 36 243 75 29 56 25 106 42 194
    120 22 65 135 6 115 12 248 88 91 154 34 229 19 140 182 207 111 19 44
    116 81 245 249 174 200 94 56 199 171 132 192 81 114 63 24 180 251 78
    208 197 232 59 23 143 94 214 253 208 200 169 180 175 205 160 152 13
    236 20 251 98 209 78 41 202 131 165 130 28 217 50 99 10 0 135 150
    155 176 241 40 141 228 217 64 234 186 76 202 66 239 192 129 204 74
    122 67 110 216 186 115 245 43 128 219 253 31 134 189 237 154 185 17
    148 144 69 232 102 19 61 255 5 27 58 14 196 90 117 124 163 39 183
    130 83 22 73 17 73 196 171 85 39 251 87 220 22 129 60 139 15 87 94
    192 101 74 16 123 236 252 205 252 232 101 69 222 147 216 92 78 137
    146 24 131 83 13 85 179 246 225 6 20 212 193 23 11 160 46 122 197 40
    117 239 122 50 78 0 188 240 205 196 155 239 179 178 21 137 173 110
    91 9 64 48 225 18 215 134 71 187 220 60 40 131 70 30 219 126 86 181
    173 115 176 5 23 29 12 53 150 96 230 55 139 166 180 142 81 71 224 73
    43 115 168 45 139 176 86 52 30 36 36 216 199 243 131 145 70 2 255 77
    170 4 45 150 198 70 8 104 110 33 12 16 37 159 90 128 6 64 192 32 93
    100 54 174 163 60 149 193 96 59 84 195 28 243 152 140 233 73 75 85
    166 249 51 227 156 0 35 140 161 245 80 37 182 118 170 182 108 176
    138 185 214 5 91 157 46 72 102 209 82 220 79 212 103 141 12 242 63
    74 103 177 45 91 248 23 189 243 16 175 26 36 173 143 9 60 227 77 133
    33 162 244 104 41 142 164 19 121 98 69 129 138 234 157 104 223 192
    47 13 66 168 199 223 70 159 229 88 113 30 203 32 157 88 184 32 76 17
    232 151 214 192 47 175 254 183 104 167 66 13 162 10 92 240 9 235 110
    150 74 87 133 61 20 186 13 181 245 104 19 200 65 249 53 46 102 55
    131 190 156 86 118 206 193 255 63 253 112 99 28 85 221 230 180 59
    225 14 68 133 14 160 174 97 68 152 100 205 121 153 69 164 115 24 5
    25 218 134 64 254 34 180 148 90 53 166 99 70 55 121 12 224 234 247
    39 244 80 188 72 138 150 119 29 76 176 97 104 162 108 69 250 137 95
    207 176 127 239 115 71 243 35 219 67 174 97 141 235 205 50 235 187
    142 140 179 72 88 200 138 35 234 203 13 227 32 180 114 53 7 255 48
    162 173 5 23 7 159 191 242 200 30 8 151 240 72 214 72 160 236 24 188
    210 189 124 126 86 88 92 11 226 222 150 175 134 96 184 8 54 57 199
    223 93 228 166 53 168 74 184 198 158 216 112 91 186 76 195 85 67 227
    190 74 48 56 255 229 237 47 254 74 122 183 209 124 195 40 228 153 66
    18 180 167 192 94 145 51 98 235 49 47 88 176 25 53 2 247 158 213 198
    116 183 190 201 5 52 193 232 230 172 135 55 249 126 120 225 24 112
    239 20 211 55 64 26 220 234 82 21 162 246 168 235 128 227 133 66 173
    107 59 65 214 72 11 223 135 81 135 143 230 140 83 160 203 19 137 154
    3 234 111 46 208 91 118 44 85 240 88 199 151 237 114 214 186 49 215
    83 174 78 93 187 93 151 49 165 77 169 12 175 193 85 27 158 99 152
    121 123 214 221 92 218 173 202 208 208 254 217 219 50 111 182 227
    129 76 160 20 193 253 104 116 21 242 186 164 132 28 249 22 105 13
    252 191 235 36 38 20 121 8 197 1 173 16 74 165 35 222 161 205 177
    227 31 212 127 17 67 230 115 54 87 18 8 150 13 31 159 251 77 53 233
    42 152 79 172 134 145 111 135 229 70 180 182 198 241 37 168 118 229
    224 62 56 253 157 216 38 252 217 92 121 59 111 156 144 71 41 85 34
    249 107 254 194 244 130 67 237 45 58 106 183 6 211 204 13 178 226
    241 47 33 136 77 177 249 70 73 143 70 19 133 74 245 73 211 120 210 0
    105 65 151 216 67 66 215 197 255 167 141 1 171 177 26 247 227 174 86
    92 38 169 128 2 247 35 85 164 36 47 114 124 198 238 231 29 166 83
    205 231 113 141 56 248 167 135 127 184 126 32 62 161 25 57 233 20 32
    2 180 227 12 146 1 28 235 27 77 33 227 108 204 192 197 251 63 106 19
    203 77 109 127 146 71 35 31 67 178 141 100 174 194 39 158 66 15 43
    104 37 204 48 3 32 202 248 120 66 85 218 176 105 210 12 184 216 31
    53 81 162 196 5 128 171 230 225 221 29 109 65 239 6 66 13 111 154
    133 137 110 52 29 160 252 16 216 136 196 13 74 208 57 136 38 142 94
    173 49 252 29 166 246 83 224 69 145 151 219 21 62 157 162 206 191 66
    157 204 191 42 86 12 252 138 81 33 60 105 233 53 241 142 227 132 168
    63 193 10 115 206 95 18 225 104 79 5 121 120 217 195 236 189 2 163
    54 218 140 136 214 108 64 111 62 69 175 223 192 163 195 10 64 211 32
    57 114 49 42 244 71 246 56 173 132 104 181 27 198 51 247 124 89 49
    70 35 208 195 232 91 218 209 53 109 12 192 7 66 66 82 109 224 19 152
    90 121 40 195 167 116 33 231 139 171 195 49 23 24 82 92 125 182 112
    192 35 219 66 117 87 239 148 255 129 203 126 52 110 102 61 26 245 94
    252 188 15 111 81 202 203 106 21 249 212 168 72 183 95 0 215 31 14
    134 167 52 35 209 180 131 212 7 157 164 85 17 13 245 59 110 194 219
    29 117 95 252 201 142 66 133 111 69 3 194 152 28 133 247 16 27 205
    42 216 123 112 22 177 169 242 67 64 154 107 207 228 173 126 238 15
    144 113 194 124 51 28 102 147 31 21 109 16 175 58 254 156 127 181
    158 123 28 92 225 126 205 200 48 94 201 218 11 9 211 219 223 218 155
    232 115 168 198 21 223 161 196 106 54 103 70 41 158 214 124 244 115
    232 199 220 181 6 22 120 222 149 23 10 13 199 245 233 102 38 144 205
    207 248 116 236 73 80 17 3 39 59 252 47 192 112 153 184 113 168 108
    236 38 10 52 224 222 228 146 22 13 184 74 236 27 28 47 25 40 110 125
    43 33 165 195 40 178 125 203 5 215 94 228 113 124 106 32 104 251 139
    103 93 57 184 235 176 115 173 13 250 105 104 121 209 60 217 112 126
    105 43 80 245 60 238 94 119 8 234 124 14 166 193 27 171 140 91 223
    240 23 249 129 150 189 164 164 162 231 179 153 58 14 33 36 102 83 29
    119 225 171 136 119 225 160 175 61 45 75 92 87 178 192 145 110 74
    103 187 223 53 58 178 188 206 182 120 207 76 47 22 13 9 141 12 36
    178 184 239 188 157 34 141 28 37 20 192 5 194 227 21 106 150 107 64
    158 237 174 232 72 143 19 133 18 132 135 167 206 4 216 100 39 157
    114 219 90 117 163 187 220 193 183 112 25 118 62 2 156 52 145 243
    189 114 149 191 79 140 233 135 35 63 155 105 89 231 227 30 180 255
    173 228 47 7 239 163 214 163 111 1 145 78 90 123 105 166 252 140 40
    34 174 89 126 119 146 136 143 74 231 200 57 235 126 176 25 10 197
    215 93 183 231 255 97 111 21 164 115 179 239 11 38 224 44 90 239 157
    92 229 104 101 244 131 150 177 197 61 75 96 69 97 132 147 78 55 37
    26 237 23 22 37 28 29 203 146 14 141 11 182 133 9 203 104 29 18 224
    124 221 143 131 122 162 18 65 162 120 41 107 125 134 61 24 105 77 23
    86 232 59 49 60 24 243 170 53 96 96 246 129 20 201 143 70 14 114 83
    182 6 162 60 74 204 161 78 185 146 84 213 94 124 210 169 39 246 81
    130 129 167 171 201 22 25 154 241 100 182 178 71 154 230 104 150 109
    113 179 166 168 114 141 251 24 143 220 31 36 47 203 244 162 81 236
    187 179 72 12 175 239 134 224 152 130 240 131 51 50 8 103 189 88 58
    116 228 1 5 109 50 140 190 249 49 168 174 203 61 243 26 78 26 185
    164 50 129 187 39 183 124 83 235 210 31 14 154 155 153 188 163 245
    196 77 223 34 176 70 59 169 168 200 199 143 25 34 218 165 39 36 73
    253 102 224 67 124 255 199 37 25 33 243 18 80 16 22 69 90 204 59 209
    121 68 129 9 91 52 52 57 97 209 229 127 124 109 74 149 183 136 201
    42 73 45 140 25 114 212 113 59 180 129 110 40 217 170 106 213 246
    167 216 0 239 222 232 69 178 58 242 46 70 8 194 167 94 173 135 157
    86 161 39 252 164 0 221 201 1 70 194 86 37 51 168 122 163 253 149
    152 194 65 0 193 59 173 37 86 189 158 35 116 205 30 212 203 123 190
    68 155 179 247 69 116 130 240 35 141 61 61 40 250 210 190 33 8 54
    150 95 182 107 116 255 101 198 174 46 197 215 31 12 247 123 111 232
    51 54 214 6 113 100 70 187 72 213 7 192 227 188 27 122 180 76 53 157
    21 182 115 119 16 203 140 41 181 202 204 254 130 152 57 137 108 182
    77 17 58 170 58 196 206 165 44 127 78 143 216 87 220 128 101 125 179
    167 31 82 81 39 189 153 47 220 41 156 243 21 111 150 131 12 16 60
    235 2 149 27 125 105 6 78 13 165 141 175 118 1 57 36 71 96 17 204 59
    105 130 77 204 73 50 73 254 76 222 98 27 19 242 29 153 5 93 4 165 79
    125 218 114 29 136 116 249 186 161 179 213 79 231 59 191 164 132 118
    230 54 252 185 19 239 156 146 242 17 157 92 102 158 205 196 218 185
    50 89 180 124 88 197 17 181 121 84 152 59 84 36 251 237 168 58 82
    245 160 122 3 120 56 17 211 35 69 106 16 247 45 45 117 33 84 62 180
    68 212 183 66 58 153 201 125 243 4 26 6 53 156 181 102 161 80 118 13
    11 199 5 123 221 250 245 186 120 82 78 185 147 54 200 199 153 188
    203 196 104 245 70 221 10 231 26 249 50 108 111 132 196 77 15 69 33
    145 84 33 28 91 132 243 100 144 157 94 243 211 190 245 192 81 248 81
    220 39 222 71 157 125 184 246 56 161 28 67 186 196 126 141 117 247
    225 103 22 193 134 56 98 173 21 139 233 53 212 162 53 166 89 240 131
    226 183 235 45 222 22 225 163 149 119 204 79 196 236 208 148 177 225
    86 13 69 130 138 177 224 61 180 115 184 46 66 31 64 61 34 0 36 255
    21 112 56 23 132 140 33 160 156 245 166 197 108 18 45 118 181 42 33
    244 186 150 243 169 63 101 80 11 45 96 154 31 1 216 68 61 109 51 29
    67 40 6 68 101 136 157 246 199 49 184 56 21 147 144 105 81 17 28 95
    168 199 55 91 164 30 247 96 215 61 81 29 105 247 6 110 88 59 56 181
    101 87 127 24 98 209 91 61 79 129 110 118 66 190 67 242 219 84 79
    222 67 158 188 81 90 253 162 212 223 169 192 46 133 107 75 249 66
    218 151 98 190 214 82 43 96 98 165 2 238 241 35 111 82 92 25 90 106
    168 165 231 172 114 14 150 65 213 222 43 61 158 174 231 200 128 145
    199 181 230 94 98 216 96 254 106 89 155 239 1 74 104 23 151 25 74 85
    80 56 166 167 37 10 170 130 195 61 62 214 215 230 2 10 111 129 12
    106 141 69 145 102 0 158 27 76 207 76 164 236 99 166 221 128 66 139
    215 127 43 152 122 11 23 9 48 114 236 218 46 153 5 160 76 9 18 129
    166 204 45 137 221 158 241 187 58 1 73 125 86 21 218 83 252 213 108
    166 159 215 84 177 173 141 54 118 32 137 116 216 168 217 22 183 210
    245 78 31 132 72 95 98 215 31 156 135 39 13 183 41 65 107 86 243 119
    252 76 114 245 217 228 145 80 36 92 157 8 46 206 196 11 30 107 24
    231 228 90 44 240 22 153 22 167 190 236 101 41 238 252 81 253 189
    232 186 144 150 84 119 67 81 55 162 117 147 202 21 170 194 8 112 198
    252 150 112 208 171 4 59 183 75 254 81 147 221 122 174 100 39 44 147
    75 112 195 13 229 154 59 247 38 89 238 184 218 34 226 21 21 91 74
    197 179 42 132 77 218 197 10 205 101 67 192 88 151 229 66 6 215 151
    159 59 179 110 239 183 109 234 7 167 148 205 39 145 115 74 115 169
    153 225 90 123 7 160 195 87 233 138 222 181 57 198 219 102 236 103
    161 178 32 179 80 252 192 246 132 210 128 138 138 82 53 216 157 174
    69 151 220 185 139 189 108 76 42 224 252 10 151 67 3 93 138 186 20
    218 167 216 26 123 180 31 104 29 38 86 0 15 51 54 50 215 85 225 4
    160 111 153 237 191 188 68 27 71 181 21 7 23 225 221 42 152 120 62
    46 46 13 13 14 227 69 197 147 72 163 56 56 59 235 94 151 44 203 182
    224 132 98 83 170 230 157 191 222 214 16 81 30 168 50 88 213 141 252
    198 197 210 168 5 59 89 139 249 57 64 245 197 128 85 110 139 40 113
    214 231 124 76 48 28 238 21 204 154 47 170 91 9 49 220 17 208 245
    170 251 185 197 62 1 203 50 125 39 104 155 178 30 91 90 246 105 239
    88 186 234 124 202 61 13 171 129 218 65 43 85 154 176 139 240 103
    114 61 99 139 47 64 124 198 181 85 104 168 157 219 60 29 254 16 64
    116 246 21 239 171 207 214 25 85 183 160 191 92 135 38 50 226 1 81 5
    216 54 36 32 65 119 239 6 4 214 162 80 76 155 213 176 144 43 76 169
    12 27 189 245 233 103 248 166 233 52 134 206 126 40 245 86 27 117
    131 3 66 11 100 71 188 46 233 50 125 31 173 15 61 18 18 153 142 229
    248 155 225 73 224 250 195 162 243 70 113 42 186 230 127 242 75 48
    39 16 189 214 209 62 16 113 106 154 152 112 188 193 102 135 12 252
    98 65 210 142 151 255 7 223 60 109 207 134 51 113 99 85 4 120 240
    144 83 182 151 99 194 15 105 98 18 69 132 170 229 205 188 158 96 245
    180 95 22 235 131 180 32 177 73 152 74 201 76 184 136 147 186 177
    130 96 135 217 172 203 242 53 175 122 132 146 196 8 0 226 202 193
    180 109 211 173 222 107 231 168 58 237 242 91 15 181 74 190 193 249
    202 194 241 225 137 65 173 227 246 176 237 152 209 66 10 158 65 144
    248 161 239 215 190 132 234 194 215 69 166 218 29 83 109 12 77 173
    147 35 61 136 201 201 95 200 17 147 90 195 60 186 230 19 175 151 60
    179 187 11 100 94 128 218 69 25 129 83 66 33 174 19 35 144 225 139
    13 186 63 37 196 113 72 2 253 50 46 30 206 147 255 177 124 170 26
    215 201 70 24 120 202 150 96 8 231 66 65 238 28 151 100 210 35 242
    75 85 232 136 61 254 82 194 39 126 85 221 107 134 41 69 15 65 145 85
    200 177 151 81 176 48 223 172 255 30 251 218 238 215 47 251 215 247
    74 216 136 94 67 170 137 119 102 137 97 18 13 198 246 131 186 205 64
    253 232 179 212 68 73 59 143 237 28 165 59 61 174 218 111 29 30 198
    34 4 239 252 230 137 107 4 170 129 103 119 104 20 79 78 87 218 92
    221 236 43 105 221 57 190 212 151 81 46 155 18 138 210 35 46 166 135
    210 57 28 175 183 254 83 144 6 238 31 84 127 185 186 145 243 30 220
    230 133 39 175 183 169 97 185 90 14 85 184 174 224 201 131 242 26 88
    197 199 214 54 89 232 143 138 19 36 142 171 217 121 139 122 198 218
    84 148 130 147 122 185 72 247 169 114 162 44 217 131 18 112 205 125
    101 95 166 224 189 243 60 233 166 104 255 155 215 20 121 80 252 2
    249 247 246 202 238 37 183 176 209 6 54 101 89 69 139 169 136 134 78
    38 92 191 248 92 17 156 129 48 58 170 193 62 30 166 180 155 4 62 137
    31 199 134 81 8 212 251 219 235 32 220 55 170 151 123 230 80 191 123
    5 162 53 2 134 61 251 2 63 186 185 60 11 196 172 18 14 223 39 172 52
    30 95 171 135 138 34 240 61 50 83 66 252 120 141 33 166 50 165 43
    124 136 109 254 114 32 230 44 15 118 80 34 6 119 7 54 174 105 18 59
    215 6 205 51 41 224 216 127 185 14 123 241 54 223 0 89 20 155 207
    248 170 172 79 225 56 54 255 187 59 191 52 124 94 18 214 45 246 235
    10 161 209 20 170 17 190 23 75 170 71 139 0 170 34 207 125 141 40
    220 60 188 236 250 144 90 76 162 80 177 196 154 112 4 83 220 109 90
    154 227 57 169 121 67 222 137 238 104 167 205 178 151 97 174 93 220
    180 25 18 75 69 238 162 119 24 29 73 114 36 225 6 154 204 215 4 100
    91 31 53 24 127 223 149 189 198 76 3 125 121 179 99 149 71 244 77 64
    248 146 217 30 101 22 185 1 205 88 169 29 235 121 19 26 91 10 129 82
    139 235 185 237 34 100 144 30 60 8 66 131 181 248 42 238 19 46 175
    247 100 191 74 17 122 46 186 126 67 176 9 164 124 137 235 234 113 83
    244 215 115 77 109 208 0 169 239 177 144 24 213 2 42 224 206 188 249
    34 218 61 215 209 105 80 228 249 43 56 87 91 113 224 8 185 161 147
    134 181 124 113 102 34 53 180 110 179 135 75 106 164 130 212 148 147
    3 66 108 45 181 117 155 89 60 183 46 26 76 38 88 165 26 160 88 178
    198 164 28 116 164 5 131 166 0 36 65 224 32 144 239 112 234 162 110
    95 105 229 108 184 18 96 90 218 23 223 243 65 175 57 51 229 124 130
    84 189 0 109 137 46 116 1 30 129 243 145 104 142 60 182 136 208 143
    226 172 134 114 57 199 49 149 40 166 18 194 135 31 129 255 232 142
    167 48 59 167 171 149 206 183 19 185 50 49 175 55 120 47 165 43 1
    196 86 186 143 223 193 51 232 57 234 63 95 156 211 69 45 148 24 81
    85 122 12 255 73 138 90 139 26 223 77 44 45 252 217 118 49 169 18
    195 213 40 120 100 73 88 17 134 217 245 53 197 35 133 151 204 27 215
    65 1 121 73 204 96 205 193 99 22 232 183 40 27 5 22 132 230 225 246
    61 115 206 176 204 15 12 34 209 72 60 45 156 200 246 152 248 195 121
    19 240 129 231 231 184 171 61 35 193 142 250 156 180 174 169 66 183
    7 182 47 241 244 197 176 36 236 7 99 204 175 232 150 254 243 78 36
    223 137 73 161 142 25 71 214 154 22 2 84 43 95 130 166 151 43 241 80
    152 159 231 16 213 176 169 16 120 217 210 50 51 106 6 91 55 183 39
    197 210 45 53 198 189 74 169 196 138 154 59 99 138 25 194 99 41 173
    165 78 180 90 67 218 250 31 69 145 166 56 62 74 173 87 15 68 172 252
    18 11 195 25 200 214 89 141 129 15 197 247 230 133 130 52 91 109 191
    58 181 232 20 151 216 19 82 210 119 248 138 169 112 80 192 150 222
    15 151 50 63 26 219 238 148 65 69 190 136 49 28 162 127 187 59 229
    153 227 75 215 255 174 236 218 106 70 115 254 156 60 29 93 30 95 183
    242 27 178 159 55 58 35 32 214 160 72 23 220 31 221 2 73 114 173 173
    61 158 182 182 248 204 193 115 156 16 12 218 34 98 137 213 190 168
    32 98 233 7 92 220 146 89 38 60 68 173 192 126 35 28 152 52 172 172
    89 48 194 163 155 226 160 67 9 118 220 102 162 177 13 76 185 160 215
    78 26 235 218 134 72 166 82 69 157 206 5 218 96 4 253 246 174 231
    158 101 219 154 33 239 106 215 162 252 240 43 164 114 223 213 115 60
    8 5 72 65 101 121 89 158 204 187 153 192 217 28 99 106 192 169 50
    136 255 60 10 23 145 204 208 106 48 176 74 209 193 42 114 82 146 123
    113 167 29 77 25 150 140 159 81 90 120 12 229 140 71 84 226 189 186
    17 163 193 112 249 140 166 56 185 78 164 245 178 253 82 241 174 189
    91 82 90 217 197 217 181 143 203 1 146 50 63 83 182 20 178 148 219 6
    123 102 248 74 139 252 64 100 215 209 27 35 212 30 93 110 254 212
    198 106 102 21 170 245 143 86 144 218 54 71 135 30 11 156 14 44 133
    245 57 139 0 22 170 72 249 122 41 142 2 220 234 89 106 192 154 244
    219 74 188 199 171 24 101 31 207 244 65 206 2 83 162 117 67 251 241
    131 125 26 46 235 227 118 193 32 220 82 116 38 13 216 125 32 72 173
    244 215 166 145 203 146 28 99 139 238 20 65 3 75 98 95 137 123 178
    89 28 165 244 1 101 100 71 200 219 118 93 253 220 21 185 52 194 53
    132 25 180 122 210 125 132 204 182 250 127 23 186 42 17 50 187 101
    193 98 74 81 119 7 62 153 18 128 108 102 124 255 203 126 61 103 155
    58 36 164 246 93 86 100 205 138 107 96 27 54 160 124 73 156 83 169
    232 101 133 153 140 159 233 13 106 157 38 92 148 232 245 2 110 139
    84 44 69 241 41 80 185 252 232 188 74 229 24 50 35 14 11 106 0 156
    23 254 112 15 21 217 156 179 192 226 55 127 226 134 75 16 119 78 24
    117 53 73 97 160 93 229 179 176 138 225 34 158 56 52 229 134 113 164
    70 155 152 144 248 212 178 79 155 221 151 122 54 147 15 131 151 27
    181 37 12 3 255 19 91 139 168 234 255 160 66 223 56 72 43 7 237 77
    230 226 165 102 104 185 100 27 104 148 196 201 15 96 58 71 202 242
    198 74 223 201 113 144 205 94 231 163 116 250 55 89 184 93 135 195
    27 35 84 163 205 92 29 116 233 217 221 240 38 208 223 252 93 98 41
    97 48 61 194 14 241 25 72 158 51 9 120 249 25 31 73 111 241 239 242
    112 151 246 128 76 211 86 22 65 118 221 143 62 102 10 107 35 34 182
    248 98 114 186 220 240 99 208 192 118 253 228 12 78 39 250 121 238
    185 171 201 31 215 118 17 157 175 6 96 137 6 191 182 69 125 210 179
    188 225 219 201 17 245 134 70 141 35 249 124 106 30 146 214 61 122
    190 136 209 11 204 253 92 171 147 183 113 200 201 136 200 9 57 222
    145 18 224 105 38 20 28 171 147 196 232 182 94 24 55 151 38 22 20
    247 38 96 86 65 121 22 129 93 104 134 222 145 198 172 239 238 34 2
    91 231 31 148 114 153 46 57 188 169 218 3 150 162 229 210 151 36 127
    97 129 128 201 15 127 55 219 128 37 101 150 142 1 136 12 244 50 179
    153 91 53 231 67 122 238 26 239 159 74 37 227 93 178 78 152 250 76
    52 59 217 162 7 63 211 154 22 239 67 166 205 211 169 128 170 135 56
    12 101 107 70 230 2 11 253 139 136 112 239 215 104 201 22 1 139 130
    196 252 146 50 108 167 80 100 211 56 132 32 23 202 87 44 17 238 197
    209 50 230 250 245 113 3 140 132 83 204 35 146 80 137 95 190 105 42
    60 58 73 243 50 107 70 112 130 179 109 91 177 77 146 136 46 101 250
    216 230 73 170 73 145 32 61 141 169 141 25 235 213 19 85 46 204 28
    100 211 11 232 45 220 190 164 57 234 177 230 58 225 79 76 52 180 51
    92 103 109 129 155 253 5 31 46 225 245 149 244 17 23 10 51 99 79 173
    247 113 204 83 85 202 231 81 117 148 122 74 79 223 106 128 226 118
    50 29 36 95 23 86 74 193 224 204 29 32 57 128 244 237 117 223 78 190
    3 193 9 44 161 58 78 158 181 231 13 0 93 7 52 88 139 188 209 120 125
    92 216 55 228 12 36 42 91 26 168 216 55 148 4 70 222 141 32 21 121
    42 170 167 88 56 86 27 83 152 102 41 159 87 217 73 10 141 166 175 84
    54 31 242 218 113 59 240 127 240 201 126 211 147 26 44 249 100 20 68
    137 231 227 199 134 163 44 230 243 123 203 16 241 12 227 32 17 253
    119 206 204 142 160 86 136 212 233 5 173 226 203 9 123 190 238 160
    92 242 193 174 34 45 0 53 116 17 75 216 205 213 159 89 17 232 29 87
    203 171 1 227 206 193 239 198 180 15 36 155 191 190 176 255 145 169
    29 230 221 58 93 160 58 122 240 196 70 58 113 144 131 18 41 84 81
    214 17 46 196 82 31 58 125 183 35 205 65 62 122 75 114 246 197 73 12
    211 72 207 120 237 243 25 65 142 230 209 168 108 46 111 80 137 184
    148 211 205 207 226 54 59 219 215 99 170 177 244 176 196 131 235 83
    114 206 252 83 155 204 186 33 94 163 20 24 190 11 211 80 20 228 228
    208 92 27 113 124 176 27 53 64 92 135 196 212 83 54 237 253 12 74 6
    60 182 52 18 150 157 101 23 106 188 122 95 220 149 110 86 67 121 0
    130 114 45 55 86 86 130 217 209 81 38 171 6 36 126 238 35 58 77 108
    147 14 98 54 248 11 170 114 250 212 9 164 145 31 118 62 222 114 147
    250 124 60 98 96 89 51 187 182 137 116 137 192 219 32 89 196 195 206
    201 27 88 114 59 169 39 225 36 24 101 94 55 9 123 115 239 239 112
    255 55 149 255 170 51 193 237 124 153 52 95 108 251 122 219 175 29
    239 253 147 81 184 14 150 141 42 76 241 189 154 164 131 179 170 197
    226 85 242 112 54 16 250 242 164 62 218 236 166 71 186 220 130 16
    132 0 186 7 148 237 245 75 11 158 101 241 125 122 116 144 98 86 196
    214 10 225 69 15 123 9 123 128 235 105 141 37 89 5 232 92 106 235
    114 8 93 246 180 190 61 2 108 47 92 52 7 253 176 255 39 220 66 174
    30 115 75 151 81 4 213 35 201 11 163 225 81 108 35 159 255 95 2 229
    45 21 74 31 240 59 59 139 58 171 229 182 197 249 121 208 217 183 49
    81 29 226 154 166 226 80 93 115 114 218 25 17 104 149 105 76 169 85
    20 102 226 231 155 240 78 110 94 20 35 21 221 238 88 226 44 3 187 48
    146 86 218 124 167 19 49 61 108 199 175 117 2 64 231 129 14 179 102
    163 184 152 171 55 35 18 127 252 20 67 147 149 78 249 118 161 35 153
    76 204 160 192 102 206 125 48 254 249 160 225 151 223 126 213 251
    240 96 144 58 64 199 101 110 153 230 145 237 193 27 149 22 191 226
    109 62 200 194 225 217 170 220 230 188 47 4 121 121 128 194 23 210
    212 104 112 184 212 29 213 164 218 182 226 68 161 183 14 45 223 30 2
    223 167 219 151 84 58 111 58 182 39 213 153 152 39 35 191 96 233 67
    163 180 159 224 203 253 15 39 32 192 140 172 41 11 141 153 29 94 61
    169 15 140 212 45 86 160 69 160 20 198 84 33 63 155 64 208 27 206 98
    123 234 164 39 178 219 51 143 7 255 59 77 68 93 142 77 92 47 66 52
    252 139 191 181 58 250 78 242 83 196 94 118 212 69 5 233 150 211 42
    38 244 19 96 81 208 19 135 195 148 111 9 143 220 220 139 207 88 67
    184 54 28 139 40 1 218 80 85 74 180 6 95 252 27 237 174 233 145 63
    230 60 209 224 221 106 248 188 24 1 109 177 180 196 213 81 143 210
    196 81 105 224 169 247 38 74 141 159 128 123 181 222 84 180 17 225
    190 123 16 60 140 48 130 22 164 224 142 6 47 228 163 192 39 32 146
    157 111 206 139 22 104 144 104 224 44 225 98 147 41 172 97 226 23
    221 103 66 76 52 190 78 103 126 192 96 245 134 27 104 211 115 97 162
    8 145 122 85 82 95 78 203 239 85 254 119 158 11 34 126 111 167 16
    120 196 173 7 88 104 114 41 128 88 236 209 69 13 38 137 206 35 42
    250 83 226 46 246 20 180 94 204 208 36 253 58 243 56 126 136 70 9
    245 201 197 129 190 66 29 163 242 210 141 170 106 143 216 121 97 55
    101 34 40 163 101 139 109 105 67 200 65 63 103 245 188 127 176 206
    248 121 135 209 212 212 235 159 215 107 223 253 123 106 107 190 121
    6 212 76 252 64 55 135 4 106 206 14 5 178 42 225 108 132 25 4 75 13
    34 24 21 66 231 13 106 170 40 172 114 31 15 33 39 86 192 247 127 72
    124 42 154 157 100 136 69 161 249 94 230 57 92 75 100 141 177 7 217
    50 77 235 30 208 138 206 117 199 118 235 64 167 218 87 13 167 77 10
    85 32 7 120 63 233 176 200 248 24 2 36 211 244 97 95 225 27 89 102
    248 156 32 166 56 180 65 94 140 108 35 82 177 94 55 154 144 205 253
    132 165 138 100 4 127 6 29 133 183 218 40 18 21 100 75 30 200 26 109
    97 10 237 54 116 224 241 191 43 220 14 219 230 18 112 222 173 81 182
    82 180 189 251 69 6 31 179 117 9 188 85 148 5 126 106 99 215 163 247
    123 38 83 89 150 27 138 53 41 193 152 240 6 115 172 237 7 94 1 1 24
    74 157 99 193 191 173 52 144 42 9 201 134 182 86 146 127 155 229 189
    188 108 67 16 244 102 24 80 193 185 149 86 68 93 217 68 243 108 65
    231 248 216 64 208 204 5 185 187 175 128 158 185 156 108 15 117 147
    20 254 23 27 240 223 4 187 149 252 155 184 80 132 203 190 159 237
    210 234 73 43 71 249 205 102 50 133 229 245 230 135 120 248 161 124
    80 129 187 106 232 193 224 121 197 93 92 141 1 194 137 159 76 114
    187 192 136 207 238 95 187 2 243 166 60 134 152 176 97 51 135 172
    175 0 69 78 161 101 84 24 55 117 30 221 200 161 165 162 103 235 172
    206 111 193 219 69 229 43 31 161 113 117 74 66 241 96 96 93 40 136
    216 126 81 70 129 77 109 62 46 70 45 4 238 223 195 189 10 174 222
    216 240 103 123 210 173 74 97 216 63 124 92 216 117 11 254 164 102
    220 244 171 111 3 229 21 162 216 86 114 124 99 68 98 80 72 137 83 89
    88 78 5 162 139 34 200 63 80 92 127 168 132 55 54 75 29 81 119 20 91
    135 25 72 106 34 149 59 113 235 34 110 129 31 0 113 83 55 188 153
    130 91 192 61 120 63 249 214 144 133 177 227 157 151 124 186 76 253
    238 187 167 40 213 109 109 57 99 56 151 22 106 183 195 92 184 62 145
    56 236 44 42 106 155 187 243 89 6 106 42 127 194 217 92 157 236 26
    229 15 231 58 9 17 163 131 102 146 74 86 139 186 71 140 253 165 211
    27 133 139 192 104 217 206 48 214 139 118 225 194 176 179 143 113
    152 192 100 119 79 162 241 179 165 14 109 102 195 4 6 78 69 155 99
    215 249 229 147 72 252 25 219 168 27 183 0 31 121 168 57 88 72 190
    62 138 87 250 78 147 168 111 93 181 129 80 5 1 94 116 245 143 93 76
    182 63 118 96 35 107 25 199 129 40 148 62 28 100 68 110 1 195 245
    192 130 143 47 244 30 189 118 234 94 134 242 154 207 174 238 219 226
    48 31 8 0 253 2 46 45 28 213 62 99 202 233 145 234 50 177 15 48 24
    177 232 224 13 77 22 201 87 37 247 226 83 127 128 172 11 177 198 7
    35 93 54 5 201 148 75 21 121 127 2 106 179 67 210 198 27 137 62 140
    77 184 232 79 122 72 79 153 126 62 163 249 244 238 55 231 210 165
    183 201 232 31 50 5 240 209 255 243 161 219 71 165 4 21 249 47 141
    231 29 223 185 191 238 9 56 63 91 246 132 223 108 193 41 44 18 121
    194 241 113 19 172 12 23 183 124 53 252 225 159 180 152 87 133 211
    21 208 164 81 83 204 48 71 248 244 132 166 45 96 254 185 54 49 174
    135 214 72 124 202 100 242 65 185 99 173 70 8 150 208 210 238 108
    172 214 135 143 220 59 73 1 132 140 85 197 170 204 105 64 41 121 121
    59 212 7 39 20 143 177 101 104 146 9 95 181 32 51 148 6 20 89 80 214
    83 105 227 195 56 29 221 187 248 154 172 7 23 174 224 37 121 206 51
    133 82 229 96 105 129 214 208 246 206 57 11 143 186 88 212 166 94
    176 23 51 109 66 10 65 182 88 117 164 37 228 191 49 227 158 78 195
    90 52 159 58 88 95 1 171 3 128 109 37 250 212 88 221 52 88 166 189
    216 106 12 168 49 207 221 160 125 174 206 39 108 221 78 32 133 126
    227 6 155 198 223 88 69 202 94 17 140 95 22 75 119 0 31 202 195 77
    125 144 228 134 244 232 249 154 240 71 180 233 129 24 53 163 130 91
    236 202 6 178 224 103 142 125 224 87 126 54 0 26 204 22 78 231 222
    108 72 145 117 6 221 105 17 162 206 23 69 60 150 151 194 27 62 201
    148 46 230 56 208 12 147 214 232 3 16 30 173 116 78 228 29 107 233
    173 203 238 17 97 108 4 166 206 132 88 231 90 62 128 36 117 70 156
    109 168 69 138 137 174 56 249 38 132 130 217 238 121 58 63 150 24
    238 121 213 69 9 113 231 241 5 254 175 192 61 246 234 219 82 105 68
    224 166 229 214 103 29 248 135 86 170 204 23 130 240 225 210 170 212
    231 211 209 36 161 192 55 81 116 44 255 62 72 183 118 195 11 205 82
    163 209 170 199 65 93 38 171 232 178 45 50 15 64 8 15 144 255 113 67
    135 98 76 43 255 48 182 131 245 62 206 218 211 80 107 164 163 187
    141 12 176 9 167 1 99 218 193 151 255 10 254 140 240 105 23 16 24
    247 170 201 141 153 190 28 249 20 22 250 129 223 31 204 138 238 239
    55 186 26 134 34 10 66 151 47 164 232 98 108 4 211 86 202 204 113 21
    178 9 140 66 165 196 209 168 11 161 96 52 221 142 119 87 176 159 24
    26 137 199 216 171 52 23 167 119 41 146 240 6 126 15 10 114 103 26
    31 63 160 216 91 52 231 24 242 181 236 90 148 119 171 147 118 70 136
    57 199 14 207 40 212 203 144 77 87 163 57 183 127 128 11 56 68 86 18
    252 166 175 40 65 22 60 206 69 62 103 228 211 99 21 204 86 17 218 20
    73 48 74 127 97 136 193 87 17 58 155 72 92 14 205 244 34 126 156 203
    104 86 165 96 138 156 233 127 45 149 87 234 97 54 57 208 132 129 97
    127 121 22 76 56 121 171 246 218 0 36 81 147 135 149 108 210 28 33
    37 89 20 106 50 233 123 235 91 108 49 88 15 197 148 69 215 54 59 156
    212 162 231 10 108 100 176 10 47 201 224 2 170 143 131 31 248 211 82
    41 110 112 204 45 3 103 155 60 16 147 14 229 27 124 38 129 185 31 67
    126 228 10 168 103 1 227 82 17 12 182 201 244 122 86 8 15 119 147 42
    53 75 148 141 43 213 52 228 205 171 95 255 205 172 235 181 200 240
    30 85 152 26 244 251 189 222 196 91 177 166 169 148 165 102 163 64
    49 250 215 97 146 5 238 160 20 34 67 131 3 127 199 117 111 168 239
    104 10 238 6 53 35 81 139 106 48 140 218 28 251 97 225 11 143 193
    113 0 145 36 2 56 87 208 86 124 4 186 174 49 116 179 81 162 244 111
    80 169 71 18 227 66 135 4 153 88 189 235 207 200 179 120 182 177 56
    21 150 96 198 65 46 245 151 114 161 212 218 99 137 38 133 65 210 51
    166 161 166 114 191 6 32 181 107 240 10 150 171 164 95 153 83 79 255
    185 163 211 205 129 0 176 92 92 229 104 142 65 253 80 12 164 232 49
    162 113 4 56 207 208 97 255 238 97 213 238 115 219 108 122 70 229 4
    50 123 203 204 139 120 164 118 20 75 215 85 239 95 106 233 66 254 79
    184 254 76 10 135 58 93 106 247 161 124 110 112 127 110 14 178 98 77
    147 47 79 253 117 122 181 236 36 118 224 221 70 244 218 80 67 255
    102 153 108 3 162 218 50 169 252 61 185 7 158 8 76 245 203 205 172
    50 227 239 40 9 93 27 95 82 164 245 16 220 47 140 228 202 28 146 27
    44 163 45 56 60 195 114 186 97 243 57 12 76 92 14 117 188 41 208 130
    147 58 12 115 2 47 40 138 87 241 205 224 70 53 194 158 47 82 105 20
    169 213 105 226 8 201 36 38 239 136 180 203 229 218 207 37 214 112
    169 87 50 227 149 44 224 15 7 99 251 124 198 172 59 79 226 203 17
    250 138 202 253 15 7 112 178 63 33 231 133 231 94 108 128 234 25 161
    145 110 73 111 138 99 136 8 161 242 178 174 149 250 182 188 125 5 33
    206 172 138 44 251 232 245 148 145 137 170 147 130 142 254 154 113
    156 61 16 20 202 3 4 200 85 247 201 15 92 242 105 176 2 156 208 176
    47 47 11 148 182 227 181 235 216 196 131 117 252 201 255 33 110 23
    19 134 18 171 216 19 248 85 16 156 105 19 41 229 199 212 73 236 87
    205 92 203 28 178 147 138 136 10 190 65 209 101 88 237 145 46 3 59
    224 75 249 92 122 72 110 239 150 137 132 96 215 128 122 26 165 120
    29 195 166 192 22 167 24 149 114 73 207 132 17 193 34 109 53 207 253
    47 225 71 235 198 140 148 229 152 245 31 195 176 32 66 138 38 157
    192 65 234 32 184 16 56 167 68 229 218 179 87 248 25 155 243 238 222
    45 120 222 81 205 199 107 62 218 222 80 49 191 224 132 119 84 50 238
    148 241 196 86 37 104 133 71 131 166 187 47 130 28 81 150 8 254 120
    95 11 208 178 90 60 59 186 232 250 50 230 39 4 181 232 49 161 128
    196 131 57 20 112 243 43 210 0 140 8 177 244 21 72 120 192 84 6 6 11
    45 233 254 107 163 19 229 208 196 124 97 229 222 79 220 7 70 53 143
    23 94 134 11 65 163 42 100 55 137 248 150 139 188 112 112 237 68 236
    157 39 102 62 133 137 15 174 218 55 7 187 230 162 81 176 57 156 38
    17 87 227 237 238 224 44 64 159 246 253 173 252 124 167 249 145 113
    157 16 140 148 216 229 169 148 120 250 185 226 172 150 209 58 216
    180 164 233 188 50 144 204 117 24 22 64 89 139 123 47 103 34 195 98
    202 157 81 191 114 197 176 237 105 60 215 101 214 16 26 179 64 36
    243 234 131 195 241 205 247 3 32 115 57 224 70 234 124 82 37 101 35
    216 13 178 151 45 210 201 146 172 169 86 172 200 0 172 46 47 0 92
    239 250 93 125 174 47 190 223 132 60 66 15 182 13 113 211 240 220 77
    185 71 81 149 5 169 241 109 114 50 64 166 226 113 177 63 197 22 206
    179 84 190 25 105 158 22 164 244 140 242 244 9 104 38 13 91 42 122
    157 225 78 76 6 207 110 144 187 183 220 138 1 154 192 178 17 155 251
    219 104 121 81 51 79 44 12 249 154 234 208 16 73 45 74 80 11 141 174
    191 157 128 237 168 225 75 135 234 47 226 207 195 95 38 149 31 190
    27 237 32 133 222 95 253 40 250 116 179 190 217 218 132 250 188 136
    38 246 247 198 148 61 211 145 60 30 110 171 102 33 43 102 178 223
    240 89 115 167 203 137 69 161 58 24 87 100 66 172 110 92 77 120 123
    30 225 147 237 124 130 242 101 59 34 213 230 213 83 241 103 60 70 27
    60 41 120 201 178 155 218 182 105 53 236 50 121 190 9 228 76 171 50
    246 27 252 14 219 183 85 119 123 208 223 68 45 76 91 40 115 64 227
    123 94 109 60 36 246 114 236 58 115 34 95 123 216 119 122 183 243
    235 235 188 182 66 47 200 213 80 162 138 6 225 35 46 31 174 85 100
    226 248 13 28 105 247 180 16 128 192 202 88 173 119 16 80 125 250
    153 224 216 230 72 92 226 83 19 181 26 38 77 122 22 26 189 220 18
    140 124 242 232 71 132 97 56 57 54 84 33 47 151 245 164 251 233 241
    71 133 247 170 185 59 69 229 101 254 29 75 138 213 187 217 71 93 184
    170 25 250 226 134 194 79 73 117 231 107 64 2 181 155 211 199 83 11
    53 79 119 3 167 142 81 39 245 151 207 249 11 109 75 237 94 121 17
    224 172 234 219 86 72 23 244 169 224 77 124 215 31 54 231 75 156 224
    140 139 202 225 91 158 35 247 240 127 250 104 41 130 250 228 205 154
    2 248 85 179 117 64 224 206 93 115 98 176 76 240 244 58 50 211 61
    116 212 119 144 21 16 87 224 3 155 225 71 234 26 11 245 163 229 33
    115 249 111 221 243 18 3 224 94 4 251 216 115 247 218 136 113 9 245
    37 247 19 190 141 200 19 189 97 196 89 180 23 42 172 197 1 40 141
    159 168 173 234 97 200 0 99 171 173 246 86 75 47 226 143 133 90 233
    182 86 182 96 13 62 187 211 204 9 75 233 18 23 62 248 234 81 1 181
    207 78 10 94 203 57 88 69 50 8 242 15 123 75 44 240 121 238 166 77
    170 124 107 103 201 141 139 68 21 1 9 166 9 84 104 214 217 152 203
    191 130 11 97 223 116 114 56 192 251 166 160 185 240 221 4 91 125 19
    22 66 76 90 108 90 217 170 240 135 153 242 142 252 77 115 224 148
    233 75 55 138 162 94 57 191 242 34 188 103 58 224 217 145 141 33 23
    183 197 4 3 128 185 28 253 224 29 73 168 113 74 251 40 117 27 154 52
    98 231 43 232 179 64 82 32 197 196 108 71 31 142 42 62 59 152 131 41
    130 97 208 93 255 215 24 87 255 37 58 141 4 187 45 183 233 38 11 70
    101 72 116 9 124 8 81 67 64 70 33 55 180 169 126 144 154 31 85 249
    124 69 144 43 222 221 205 169 88 17 184 18 186 47 55 19 156 190 137
    24 88 254 29 85 123 123 251 219 130 133 98 182 177 148 202 217 14
    220 213 153 180 47 24 65 91 189 221 151 231 34 104 175 200 27 174 17
    29 190 219 69 188 175 98 167 158 189 210 86 117 142 194 63 183 118
    173 117 179 171 140 106 54 28 15 171 72 164 28 47 10 65 63 190 208
    209 196 195 76 4 128 157 102 179 52 21 150 119 68 196 211 251 101
    247 222 91 158 57 112 126 64 25 163 237 217 194 126 12 3 95 37 148
    232 195 14 147 157 65 23 250 113 254 133 143 116 23 245 116 134 30
    94 10 133 103 223 145 240 56 139 115 18 148 249 106 211 57 124 2 126
    31 224 45 121 234 89 73 35 110 115 187 4 27 216 63 199 214 165 76
    212 129 107 1 208 176 231 62 231 215 253 18 170 202 65 15 157 69 50
    172 142 242 80 115 249 185 227 182 60 135 234 161 77 97 147 30 96
    222 88 87 28 40 190 158 46 29 136 16 221 114 219 160 203 231 104 146
    112 250 173 152 98 249 46 238 82 252 114 91 128 12 56 121 29 6 52
    213 238 195 20 129 129 225 229 168 229 197 26 115 81 206 182 8 255
    209 122 182 48 17 54 94 33 102 134 2 178 116 57 136 241 55 160 180
    77 198 76 196 130 117 202 111 5 216 178 66 27 47 41 50 36 13 38 227
    148 192 17 227 192 220 219 92 71 75 102 214 168 97 160 151 155 247
    71 138 202 134 190 229 247 86 95 9 255 95 237 201 76 128 51 86 111
    234 58 183 88 90 222 125 238 0 246 20 60 165 152 56 229 41 244 27
    122 21 250 225 64 121 52 30 70 181 210 42 204 118 217 177 255 65 42
    17 94 229 99 245 165 127 97 202 41 84 188 203 140 180 62 252 42 21
    74 238 144 69 5 207 140 44 158 165 63 63 156 2 158 18 171 191 231
    214 75 76 79 233 199 179 116 6 118 145 76 74 253 247 138 165 98 25
    164 156 79 129 223 99 169 91 19 72 131 47 164 244 143 29 235 235 169
    21 10 223 94 98 34 142 109 48 205 246 0 140 101 10 228 90 111 16 140
    171 176 252 71 201 161 24 50 9 171 204 73 134 109 238 7 216 164 53
    143 72 233 176 47 28 98 183 250 18 218 61 41 223 53 77 149 37 121
    184 34 101 206 240 234 34 109 191 17 109 221 223 103 245 163 104 200
    90 189 131 97 162 49 220 76 233 90 57 173 27 0 69 84 65 230 91 208
    57 215 88 161 130 17 199 161 220 248 255 40 34 180 65 146 68 79 90
    139 233 65 190 77 7 172 100 20 6 253 145 35 141 199 205 0 80 142 102
    114 100 11 130 167 68 203 7 242 127 177 20 0 110 134 103 162 95 219
    45 6 63 207 125 155 167 105 142 200 104 22 77 71 13 183 192 158 197
    130 168 163 222 74 148 47 36 139 20 80 214 203 155 94 48 115 59 185
    72 106 108 110 177 115 173 216 70 86 39 230 82 31 62 17 129 7 231
    182 87 161 100 94 72 11 25 72 101 36 152 98 238 151 201 194 35 198
    206 228 132 204 51 78 130 0 122 40 53 214 201 30 63 19 4 120 142 68
    246 37 160 65 117 155 244 104 37 182 26 139 216 95 93 212 71 152 194
    196 194 113 229 255 27 179 127 103 185 18 11 161 52 156 144 202 50
    208 4 67 59 183 111 235 27 59 187 230 34 69 31 3 238 91 17 10 45 178
    211 77 251 171 2 99 158 34 218 172 189 142 205 16 121 200 91 6 24
    235 46 92 49 244 209 223 222 195 21 217 125 80 69 2 249 81 27 158
    163 52 63 36 171 180 65 81 64 100 170 214 32 112 248 65 89 249 26 15
    195 42 91 218 167 243 187 69 220 123 104 250 221 66 190 14 54 76 128
    166 105 211 17 62 235 96 192 177 98 77 4 21 212 76 148 35 112 91 14
    26 16 92 252 180 209 36 170 234 120 140 210 45 3 211 162 235 189 183
    34 46 8 89 108 110 180 160 94 12 170 48 56 107 101 96 216 160 101
    206 142 238 205 143 57 202 99 78 164 11 148 46 50 245 168 27 175 221
    228 95 166 220 142 113 169 69 192 40 114 151 40 61 5 91 185 242 142
    244 249 162 61 33 168 177 220 98 121 217 230 205 99 144 195 109 3
    139 129 34 150 56 255 249 193 65 58 213 225 89 160 244 81 193 41 118
    86 201 138 187 160 212 7 78 1 17 197 28 35 245 47 200 119 36 47 181
    95 120 90 82 188 248 40 139 20 116 234 237 169 106 234 109 203 142
    180 208 120 99 209 48 50 226 143 102 187 26 189 239 132 36 51 158 86
    7 21 186 134 66 59 30 130 221 118 252 205 209 156 100 132 34 135 193
    235 57 173 145 190 248 169 82 133 19 219 201 249 82 255 144 164 190
    20 206 183 29 128 105 170 13 95 10 198 130 35 157 96 84 190 231 247
    186 17 4 226 149 129 47 228 111 150 206 95 215 82 214 12 10 60 57
    106 90 4 93 203 219 184 120 147 86 96 77 221 51 124 114 37 250 83
    167 139 191 35 217 40 5 240 187 236 16 199 0 254 250 164 131 155 17
    197 198 187 12 79 246 193 240 199 59 158 155 66 206 188 172 162 102
    73 12 111 85 238 182 148 105 148 234 247 137 112 155 52 196 2 183
    132 72 131 119 182 223 31 218 231 228 112 170 249 40 76 65 51 118 96
    243 176 73 89 141 70 166 77 155 199 15 161 92 11 64 247 39 48 184
    244 241 57 45 91 17 125 202 180 51 217 223 245 236 33 155 182 215 82
    175 7 22 225 222 117 59 12 158 135 206 100 185 7 66 74 110 225 216
    239 193 178 186 143 22 28 128 174 148 14 168 32 7 30 215 227 99 197
    103 98 10 206 176 81 56 207 120 84 231 65 218 146 45 219 197 117 32
    195 247 51 213 212 55 79 109 146 76 154 211 146 66 145 161 183 238
    138 27 229 209 115 113 12 43 194 210 50 157 51 248 249 194 124 147
    188 93 60 38 253 190 228 150 86 63 34 152 12 177 81 168 28 103 35
    240 212 171 94 53 201 115 47 68 66 46 217 109 205 46 178 26 104 57 3
    126 4 163 102 37 80 61 59 159 198 5 251 219 79 156 44 129 143 77 243
    32 247 135 243 123 104 176 212 226 169 184 81 190 151 198 39 15 136
    113 17 217 89 80 192 248 186 51 251 230 170 216 206 6 239 191 176 35
    197 253 139 137 239 40 178 240 214 178 252 108 250 238 25 55 94 205
    163 151 225 35 98 20 183 164 32 31 242 82 198 187 24 40 144 255 189
    119 33 143 146 178 242 15 80 76 67 103 3 251 74 102 142 186 223 15
    190 42 6 0 89 208 235 6 105 137 181 244 165 33 200 82 232 147 187
    173 239 222 228 201 254 221 112 114 82 155 139 147 79 116 172 216
    253 222 59 222 210 67 242 159 239 226 223 231 137 150 108 159 255 41
    6 221 49 236 212 252 159 223 11 166 60 24 63 25 36 196 158 26 46 245
    100 173 45 195 228 208 51 195 161 232 46 175 236 224 180 240 229 222
    0 254 121 23 1 222 35 114 53 13 68 5 31 5 126 140 202 106 163 136 55
    40 161 8 174 251 225 90 193 96 88 121 32 215 126 10 173 112 177 220
    111 199 65 154 137 65 5 233 107 117 217 144 28 193 50 48 102 230 3
    181 50 140 23 70 36 105 249 119 34 50 59 39 250 109 104 39 20 9 45
    83 68 3 104 108 182 165 183 115 207 117 43 11 149 54 105 52 247 158
    183 141 177 161 65 37 237 188 19 162 118 214 72 49 49 67 253 203 170
    86 186 25 250 251 112 218 136 104 84 133 186 55 4 39 227 227 199 143
    252 110 162 13 109 8 181 84 6 55 96 9 184 209 167 63 204 224 7 72 15
    2 44 12 42 89 14 206 44 95 46 70 88 167 66 128 51 222 7 124 33 187
    41 118 119 103 100 62 234 190 205 116 56 170 244 8 245 138 110 140
    37 105 8 207 151 70 70 151 236 143 247 133 108 108 25 150 101 255
    104 130 78 212 70 246 192 118 134 80 225 123 62 77 19 13 206 240 2
    132 175 1 157 42 233 70 221 211 219 134 186 45 171 199 199 16 235
    242 113 225 67 15 127 95 52 183 248 97 8 0 247 212 230 75 162 247 48
    236 206 187 37 84 94 235 213 141 115 239 27 146 5 46 136 97 144 248
    7 50 116 120 115 19 165 172 39 159 19 59 200 246 83 127 173 158 56
    38 192 247 158 131 240 61 85 187 108 210 250 133 172 242 104 89 32
    39 50 238 193 181 170 170 239 76 111 72 115 16 106 251 111 223 11
    145 163 167 252 185 219 255 118 174 21 127 215 168 118 144 233 53 19
    216 193 238 6 103 22 19 161 63 184 122 254 44 239 190 97 220 64 141
    26 25 200 134 30 216 229 139 224 66 163 27 205 137 6 52 170 169 203
    43 223 149 218 27 35 60 216 178 31 137 83 107 223 26 89 243 160 201
    211 3 91 83 153 151 123 144 84 230 239 71 116 252 56 48 136 239 40
    178 142 24 118 171 151 164 209 165 21 175 68 252 2 28 91 121 48 222
    130 194 97 141 135 216 125 249 117 96 249 3 211 179 197 158 152 48
    11 85 56 132 153 117 235 183 96 18 139 230 197 123 131 1 234 211 10
    21 253 132 109 218 250 187 95 201 13 52 197 41 20 170 78 15 230 194
    69 104 7 142 138 226 150 167 44 143 48 223 37 70 155 253 112 90 186
    231 167 15 190 213 165 25 73 92 19 219 165 214 71 146 93 49 220 253
    215 180 109 221 158 96 77 210 6 251 253 208 60 40 104 196 225 144 14
    197 98 52 109 178 0 217 186 198 166 114 61 25 146 227 76 135 168 32
    106 142 73 59 82 231 179 158 52 175 39 92 203 135 255 9 20 18 209
    161 21 118 198 8 99 86 128 27 127 23 75 231 222 42 241 253 100 138
    235 171 7 150 148 178 209 80 66 202 40 36 115 148 108 52 117 189 3
    29 98 208 10 191 130 216 66 249 132 130 150 135 200 158 140 112 191
    236 152 29 110 52 172 3 187 15 198 80 229 169 102 202 44 17 101 145
    223 65 176 97 120 184 58 197 171 140 228 109 35 88 170 178 102 152
    234 221 104 168 116 98 73 2 121 254 203 181 12 100 95 215 133 46 169
    60 234 252 45 231 79 73 3 249 217 52 25 114 164 210 75 95 243 81 108
    48 20 57 34 183 143 227 73 254 38 176 170 187 126 30 186 118 45 189
    13 228 8 126 230 209 47 203 219 246 219 95 69 248 251 123 14 53 202
    150 8 72 23 45 207 33 245 207 10 23 81 241 235 186 50 238 208 124 27
    126 215 111 131 172 221 93 149 217 16 45 207 27 126 133 115 158 226
    52 23 202 207 84 192 166 159 225 56 15 55 233 77 199 155 64 135 165
    66 74 174 148 125 111 72 12 60 90 226 149 237 240 105 196 92 116 250
    23 13 99 227 75 37 118 163 245 183 254 196 3 220 228 110 57 74 202
    161 150 27 43 116 35 29 40 236 164 50 25 65 222 187 238 132 30 184
    188 14 89 251 220 110 252 180 6 235 155 12 198 219 245 31 170 82 140
    69 106 15 71 34 169 192 67 144 72 53 251 24 240 71 8 136 122 42 110
    208 30 139 170 230 17 94 246 12 165 147 221 69 56 116 237 164 198 37
    192 98 144 234 197 229 181 113 163 28 231 15 183 133 123 97 235 209
    253 210 211 224 116 21 177 130 9 146 199 23 71 24 56 66 143 160 28
    32 135 79 157 158 72 255 66 129 238 123 222 33 25 202 136 233 227
    122 126 26 169 236 201 250 6 176 176 241 54 232 164 217 158 246 230
    165 233 96 84 96 9 183 253 150 68 57 82 36 211 180 130 193 1 79 46
    38 62 2 66 139 32 97 186 185 138 152 193 194 51 222 157 103 193 43
    129 236 187 239 240 81 250 95 123 108 0 32 235 16 79 161 193 223 126
    209 202 233 103 228 236 7 85 31 164 203 243 139 33 130 4 219 180 172
    85 210 239 243 208 13 26 8 71 180 24 55 180 190 2 226 17 162 148 103
    133 134 212 187 217 82 127 221 194 139 142 53 221 171 37 99 211 135
    65 8 93 242 39 223 136 245 45 239 67 35 157 34 82 8 51 156 109 213
    244 115 78 154 100 235 234 21 62 19 115 23 192 187 114 76 136 222 19
    166 1 93 111 249 193 99 156 75 139 45 16 229 206 193 197 90 196 159
    126 37 49 23 253 247 90 206 69 225 52 115 39 180 68 3 87 223 170 63
    24 188 159 210 250 236 159 199 198 212 168 242 228 60 47 179 117 48
    208 11 130 68 108 235 211 142 43 232 84 90 39 92 47 178 71 77 174 19
    163 121 244 165 189 131 201 240 149 41 66 122 48 21 212 217 189 193
    216 179 95 12 34 114 81 188 228 97 175 236 94 134 110 191 59 27 238
    62 188 89 252 30 171 116 217 62 179 210 189 8 216 172 228 62 166 86
    104 181 136 174 108 207 28 104 31 133 42 138 133 224 186 6 19 155
    214 38 215 27 142 26 119 191 227 69 221 189 249 77 51 209 86 181 140
    35 117 215 166 136 159 198 26 92 220 181 127 97 59 237 197 108 161
    241 137 178 229 95 238 41 11 37 226 240 54 2 135 203 214 176 1 238
    119 217 122 141 116 21 251 187 43 189 216 161 250 204 125 15 250 185
    166 127 74 166 250 121 120 60 24 202 167 201 37 220 64 250 135 98 82
    164 81 218 55 65 118 89 227 246 20 98 194 35 233 240 218 3 202 173
    187 245 164 245 252 165 4 173 134 144 151 117 29 207 144 61 239 63
    235 233 110 115 110 156 159 221 219 173 188 224 29 251 104 134 239
    115 71 151 112 239 199 28 204 87 170 112 67 34 184 157 45 42 47 34
    72 123 43 37 129 208 61 124 140 91 214 45 188 92 181 79 132 85 169
    94 118 209 118 103 191 75 122 53 165 139 103 114 156 250 130 236 29
    193 92 31 165 52 202 155 124 124 70 51 224 70 123 156 135 95 18 108
    207 27 160 53 246 177 191 203 178 119 217 102 90 170 42 200 199 152
    109 209 189 209 112 179 97 79 29 36 41 86 184 237 175 142 161 161
    162 175 19 86 216 9 75 191 186 76 93 125 70 252 150 197 134 89 64
    122 57 130 183 64 22 189 26 57 54 177 86 169 245 216 148 71 23 34 56
    188 102 37 115 0 164 227 148 70 38 249 164 59 245 35 151 133 155 188
    240 21 196 205 7 8 26 123 99 237 96 105 173 65 83 100 89 117 105 69
    103 127 176 248 130 40 210 93 37 106 6 201 180 70 98 167 53 92 106
    20 130 191 43 153 122 216 142 11 80 241 217 187 118 155 186 140 176
    89 156 241 216 47 146 1 70 176 169 136 171 246 139 40 19 253 118 150
    213 220 130 187 250 133 214 48 114 29 140 188 238 37 70 107 63 241
    208 237 248 77 252 229 209 63 167 228 195 174 170 167 15 224 247 85
    194 106 156 133 229 155 128 62 141 66 59 228 92 49 92 10 242 108 166
    49 248 183 59 150 100 156 167 172 241 212 81 126 246 163 71 27 232
    22 61 233 21 197 202 57 71 192 122 102 245 181 170 202 177 36 180
    113 154 112 80 95 226 158 216 40 149 33 243 195 217 229 194 112 166
    242 234 76 189 102 54 209 6 193 244 224 22 29 149 38 12 142 201 6
    188 5 45 240 45 221 210 90 79 32 191 6 98 147 121 0 198 122 103 68
    157 66 181 183 255 127 207 4 44 178 128 168 164 46 108 215 222 163 5
    62 210 100 31 207 85 248 9 183 216 68 49 63 71 51 51 104 10 214 148
    130 250 160 23 106 67 124 83 148 108 236 174 247 134 154 172 176 35
    164 168 109 228 230 255 119 215 182 187 194 121 231 80 238 98 230 73
    132 45 72 50 72 79 145 59 31 80 208 248 209 162 131 64 78 152 209
    231 33 156 215 101 25 78 184 160 176 206 79 96 17 122 54 153 203 128
    233 236 220 62 117 124 123 102 196 177 180 247 66 190 106 144 22 86
    49 158 80 9 173 77 221 67 115 87 74 250 116 20 213 181 95 166 125
    220 79 174 243 221 123 173 46 43 129 93 105 109 75 115 229 41 197
    171 26 208 15 140 147 183 15 163 107 4 154 143 248 38 46 136 109 48
    40 141 13 121 45 21 236 163 171 84 223 246 181 186 129 31 144 196 53
    160 157 215 26 11 196 228 108 147 111 124 185 21 201 199 164 74 115
    154 58 155 118 158 179 108 181 7 221 154 214 55 145 45 34 104 26 148
    201 45 219 187 134 197 89 165 52 97 9 79 114 208 24 163 129 226 70 0
    45 40 68 192 188 181 138 89 107 111 104 183 3 71 84 247 181 132 88
    84 74 16 41 119 222 227 231 140 168 9 93 197 227 224 89 89 121 145
    186 62 70 171 247 244 215 7 247 139 10 9 36 35 238 47 23 192 132 133
    22 246 155 73 69 200 37 145 243 209 72 176 244 182 150 171 10 179
    161 13 26 90 104 118 135 152 137 100 12 147 103 231 252 146 91 73 79
    212 212 115 101 184 254 226 206 30 112 8 47 213 27 177 137 53 71 181
    61 227 241 46 231 85 32 20 218 163 218 99 122 3 18 10 239 216 230
    199 8 216 125 9 157 169 70 181 14 154 49 71 97 197 190 31 200 230
    176 211 64 7 41 88 128 210 111 229 58 76 195 87 120 139 222 196 140
    199 67 168 130 69 45 67 43 80 207 207 37 64 211 237 133 26 174 102
    85 1 105 156 149 2 27 199 118 44 101 203 201 213 66 20 131 116 252
    188 130 249 205 170 48 97 202 97 91 48 239 37 88 89 68 104 210 160
    169 226 233 133 155 220 84 201 255 74 161 162 114 154 74 250 183 163
    102 176 245 104 17 26 173 244 158 151 206 199 174 76 218 255 209 228
    193 154 39 151 153 198 199 35 31 184 213 81 156 146 224 82 183 91 55
    153 129 109 8 143 201 186 255 87 88 155 99 143 93 160 244 238 27 58
    129 9 14 220 225 180 81 141 149 41 231 110 212 99 209 214 91 72 128
    186 230 13 179 171 205 240 210 227 246 167 79 250 239 115 135 23 126
    25 172 79 172 196 103 23 151 165 178 94 4 47 223 231 43 229 182 43
    219 51 51 94 124 184 86 144 31 22 152 14 29 154 23 104 163 46 207 68
    190 126 46 150 53 44 80 92 101 115 231 102 55 23 10 30 181 223 177
    117 170 242 33 229 169 173 34 238 174 194 75 9 178 115 253 8 203 12
    118 79 220 194 59 152 199 185 226 111 37 205 75 32 128 170 229 83
    226 150 185 44 250 141 146 231 232 22 134 4 66 237 191 75 133 207
    224 133 147 57 56 94 229 7 118 129 2 170 98 216 219 207 161 223 62
    248 109 112 31 205 105 235 65 95 28 12 93 164 57 191 148 222 113 89
    44 30 97 103 248 166 6 252 207 27 28 38 250 251 47 176 94 48 204 199
    190 89 170 102 211 66 221 202 210 167 247 186 223 87 249 148 145 225
    231 155 201 82 111 78 192 51 3 204 112 137 114 61 57 76 5 202 84 49
    76 38 149 144 160 61 45 144 253 145 45 215 126 17 79 152 207 213 133
    181 106 182 140 146 110 183 38 104 86 78 161 76 225 156 193 91 5 97
    233 82 81 1 216 142 169 253 71 56 76 227 3 185 49 242 84 129 164 252
    114 172 248 154 247 189 114 13 220 54 2 132 16 181 123 176 98 23 205
    74 244 89 79 152 152 19 120 110 136 33 95 102 149 148 70 53 82 238
    39 172 31 150 144 116 131 41 70 24 58 54 17 165 35 135 116 186 254
    91 126 34 166 223 211 158 11 226 16 31 173 169 204 160 233 147 79
    229 12 247 147 117 14 41 163 26 199 120 182 63 1 85 163 168 152 64
    72 225 184 73 189 134 179 207 164 181 30 18 120 220 54 242 56 65 129
    64 249 82 238 184 172 184 57 69 75 101 84 204 209 4 14 119 127 21
    132 24 17 131 92 35 50 184 65 249 94 232 100 13 183 207 164 188 69
    244 201 141 117 152 67 79 195 243 226 162 156 10 252 82 27 239 74 16
    119 126 130 237 6 150 22 53 191 103 177 112 229 240 136 197 180 187
    36 58 133 131 223 202 145 141 180 202 144 93 54 209 159 113 79 125
    43 101 12 103 200 145 180 216 188 143 147 79 216 230 193 125 200 51
    43 66 208 88 225 66 133 36 128 93 144 185 182 74 182 57 1 26 191 38
    155 73 187 0 68 138 127 223 85 80 229 244 29 231 171 52 34 7 181 110
    231 255 69 57 80 28 230 123 106 9 42 131 33 245 131 218 127 137 67
    91 113 108 246 96 139 245 222 149 163 19 230 134 22 231 6 141 177
    210 220 222 9 73 107 244 5 112 195 146 233 194 51 166 127 99 14 192
    209 75 118 54 101 71 157 186 147 238 107 187 206 188 157 226 60 1
    158 150 189 43 43 70 188 40 43 221 124 125 191 190 125 109 254 88 94
    90 3 161 200 100 130 57 121 101 108 213 178 80 5 170 127 215 45 205
    56 199 64 115 156 166 81 155 158 32 198 52 194 238 217 91 90 90 195
    194 250 50 202 236 183 36 0 234 230 182 219 104 30 43 212 197 254 24
    7 217 112 185 73 47 76 43 156 80 13 54 103 0 18 99 77 33 159 234 39
    12 29 222 182 206 242 145 246 151 153 159 20 109 213 228 137 78 53
    76 19 119 18 129 109 130 88 46 23 24 226 55 246 13 192 0 53 139 161
    66 38 44 234 173 223 105 47 72 100 74 82 230 16 98 151 70 12 196 30
    206 8 110 108 22 140 59 162 106 108 15 144 68 21 239 146 54 189 254
    217 100 68 229 117 59 25 104 204 151 24 171 13 10 208 145 206 155 32
    221 100 100 158 180 106 239 12 186 64 130 83 143 152 111 204 166 30
    135 136 212 30 58 183 11 228 193 28 124 213 37 147 154 62 112 38 17
    22 47 15 206 176 212 216 226 241 25 218 85 148 111 214 104 205 34 51
    46 110 84 145 34 120 208 50 17 158 229 167 1 73 142 234 160 64 217
    193 187 80 78 97 95 238 70 216 214 2 177 240 104 34 103 175 125 163
    84 221 116 17 98 94 94 86 193 30 59 25 156 164 115 182 50 71 8 148
    118 82 22 162 227 134 89 33 244 207 179 163 35 120 212 155 103 244
    29 88 251 202 36 139 8 213 38 27 214 130 204 199 203 53 148 129 77
    50 76 7 186 103 8 55 146 154 74 36 140 68 252 243 155 19 2 184 238
    128 103 229 253 165 232 249 1 101 255 138 199 150 159 247 63 173 77
    205 153 11 169 169 90 180 211 217 253 158 175 151 248 18 214 226 156
    86 210 35 233 66 17 10 161 90 160 99 64 4 178 54 77 237 244 102 24
    11 83 240 237 122 71 223 106 104 179 30 51 154 253 206 44 38 220 160
    150 111 233 56 64 119 44 225 16 164 202 141 52 109 167 161 177 202
    16 217 114 150 91 239 235 249 77 13 17 162 162 189 28 189 28 180 123
    184 9 136 194 53 166 79 81 57 241 17 246 76 194 220 112 68 74 21 39
    224 0 187 86 14 246 170 17 248 168 97 63 246 127 82 36 218 110 181
    93 213 140 211 109 156 214 3 117 19 216 8 105 220 122 13 140 186 115
    8 113 201 47 171 225 197 197 61 236 107 159 53 124 94 241 41 95 92
    123 143 222 142 151 59 6 119 240 179 253 139 175 89 250 207 190 157
    71 18 96 169 60 20 67 165 56 0 117 36 60 145 177 153 116 63 56 173
    98 105 82 23 40 101 16 79 245 7 56 41 48 132 58 225 81 54 48 157 193
    230 58 121 214 70 118 221 76 154 60 152 96 213 126 209 9 221 184 81
    82 219 16 151 113 153 230 35 121 109 165 97 3 90 99 21 168 28 30 175
    124 161 87 94 195 202 51 26 31 149 232 54 133 121 202 234 34 23 225
    109 182 85 201 219 108 254 89 68 212 42 157 138 88 195 39 94 59 61
    43 231 193 10 49 85 238 46 189 200 190 121 184 111 26 53 180 124 147
    128 79 61 199 82 238 168 157 99 191 37 84 79 115 188 124 86 117 254
    249 178 73 112 212 245 30 29 62 201 85 104 116 10 172 242 245 52 124
    90 235 144 242 220 14 69 24 25 28 206 90 194 172 154 122 166 236 165
    102 87 163 189 176 50 46 134 27 60 157 204 112 196 37 65 117 248 107
    196 94 171 68 41 237 70 143 37 35 42 94 20 222 71 2 161 139 236 67
    255 230 17 120 183 155 166 191 200 236 49 249 206 114 55 213 54 245
    56 97 39 26 21 74 180 90 208 163 56 240 89 243 180 113 11 70 6 111
    178 112 77 22 78 206 18 105 232 195 86 203 50 155 34 219 193 204 218
    87 46 107 185 59 253 176 52 79 115 42 174 88 143 201 83 248 224 218
    103 146 179 212 161 175 58 100 153 191 23 155 86 82 222 253 208 225
    21 14 209 125 140 11 194 108 60 68 129 59 92 199 170 164 135 83 28
    227 34 175 79 201 20 170 112 147 239 106 79 82 222 64 63 85 167 179
    1 33 233 251 77 67 84 196 207 159 140 93 250 136 158 163 97 108 103
    243 204 214 124 195 148 189 45 82 56 251 22 171 228 32 133 244 30 21
    240 166 101 240 10 141 18 93 33 96 216 29 127 136 0 210 225 114 0 37
    101 3 117 167 169 201 158 156 120 13 42 129 183 137 66 119 132 222
    36 13 21 186 159 219 138 92 29 137 238 24 222 0 56 104 217 35 85 25
    107 96 167 89 169 229 184 181 225 171 144 45 20 215 181 174 133 145
    98 159 228 136 70 169 204 120 92 14 110 218 173 80 162 53 66 193 237
    35 110 152 70 12 237 182 157 253 11 58 33 142 145 26 99 77 15 126
    167 228 166 228 6 141 72 0 70 31 147 115 81 165 87 235 96 236 92 173
    132 137 225 196 21 93 150 72 182 254 244 250 94 248 63 209 205 135 9
    12 80 93 64 246 175 203 245 4 87 245 58 214 32 146 102 216 79 62 34
    228 155 238 184 214 26 236 221 164 191 152 151 93 149 163 222 134 79
    11 98 82 134 17 110 245 48 226 240 150 227 203 176 36 170 122 252
    116 220 227 182 56 209 136 216 149 218 98 204 241 80 9 43 145 187 43
    114 5 21 169 41 213 99 173 118 105 98 50 194 101 206 242 116 207 3
    121 214 7 96 140 22 184 203 81 100 124 175 31 5 35 227 229 36 38 95
    102 42 95 64 237 156 123 236 167 233 66 127 116 3 100 6 150 83 50
    162 74 190 102 180 255 246 24 233 97 118 47 66 100 9 139 236 223 103
    218 113 137 142 245 101 198 81 213 43 177 228 141 135 150 227 11 21
    196 235 214 64 51 188 54 159 93 85 88 90 4 191 189 100 139 243 223
    137 37 7 212 246 212 173 217 194 223 74 64 225 15 73 75 219 21 182
    80 11 247 118 99 163 72 40 166 114 191 58 58 4 187 130 44 155 46 225
    105 158 109 32 3 179 190 54 26 96 220 247 138 26 66 243 156 67 41 57
    47 61 10 224 154 177 14 132 123 226 104 149 144 88 2 202 164 191 169
    168 238 50 254 8 250 59 192 99 36 129 242 55 104 228 0 0 126 235 53
    132 105 202 47 8 167 123 48 213 137 188 191 81 140 25 217 67 237 31
    22 212 174 3 84 140 56 97 48 62 184 150 88 216 85 79 85 73 212 91
    185 138 128 95 9 90 62 37 82 43 20 206 45 7 214 22 106 63 12 205 153
    118 59 32 192 111 173 111 127 51 127 14 27 203 110 226 218 48 147
    226 35 156 221 214 146 83 93 72 160 156 64 188 44 82 164 40 46 110
    147 177 144 87 25 200 87 230 124 86 224 188 103 103 23 106 22 247
    103 35 214 25 232 27 2 64 14 167 5 8 221 212 86 106 246 61 224 61 84
    0 97 25 110 13 151 49 78 81 198 80 106 243 120 155 245 158 69 190 74
    159 63 104 160 101 206 72 141 74 212 16 235 105 108 248 39 215 88
    106 235 5 44 46 158 129 247 87 154 62 115 73 134 141 233 92 168 45
    14 222 21 3 167 126 114 245 54 122 138 211 239 88 249 33 166 109 21
    249 37 114 9 241 77 51 40 242 41 157 24 35 225 229 166 51 173 134
    210 59 130 162 247 174 127 97 133 193 5 36 214 211 86 120 47 135 232
    219 249 93 159 196 252 172 23 125 43 72 129 123 123 91 216 181 80
    246 220 232 87 46 233 89 123 43 64 65 222 107 199 143 212 98 105 151
    122 162 238 232 4 28 1 33 102 126 189 94 43 161 99 6 106 244 171 116
    67 163 132 234 216 193 241 250 247 169 250 34 4 127 166 92 8 0 135
    69 45 84 25 8 233 175 9 175 3 133 153 159 161 20 233 231 171 78 120
    216 190 107 23 224 252 212 64 53 174 242 55 138 175 194 126 133 44
    180 86 51 41 232 87 1 88 161 22 24 127 211 60 167 38 67 199 57 10
    167 70 73 213 187 216 50 224 75 148 165 184 35 145 174 62 54 84 157
    71 236 205 200 233 56 116 0 92 137 156 114 129 165 80 241 247 95 10
    191 47 37 79 73 68 251 74 235 211 93 227 28 132 60 105 28 46 211 2
    175 79 5 166 145 17 212 176 100 3 193 86 134 7 239 104 149 147 89
    135 135 237 254 252 166 198 73 55 52 143 227 88 5 221 173 76 80 6
    177 205 176 153 102 214 33 125 55 39 95 33 150 144 194 129 45 25 202
    84 232 255 136 191 253 125 161 130 155 231 6 97 99 199 167 27 121
    201 28 78 223 11 162 22 49 238 139 204 12 215 149 70 201 62 82 6 93
    209 103 125 36 98 9 176 74 97 201 1 97 24 104 62 74 254 24 171 68
    216 10 218 87 82 181 116 238 90 198 12 215 36 168 150 62 231 28 78
    198 51 232 196 21 239 144 86 76 41 59 91 189 215 237 142 62 107 179
    23 63 247 86 78 173 179 127 168 252 144 3 19 133 140 158 144 226 21
    180 117 236 167 90 28 70 109 178 143 176 46 243 108 60 81 54 213 145
    239 243 220 54 216 156 50 180 89 74 253 170 150 248 73 212 94 110
    191 8 211 226 38 102 168 18 165 73 99 169 16 113 14 13 239 186 123
    15 121 243 153 9 66 0 246 26 11 13 67 57 166 192 131 34 198 218 6
    189 35 76 17 209 30 244 8 55 18 169 223 138 176 221 234 43 110 199
    226 31 217 186 163 192 209 205 249 41 254 44 151 23 6 96 132 173 38
    93 168 128 54 137 54 135 142 51 62 240 51 61 110 51 48 219 125 4 49
    167 93 123 246 131 186 170 89 143 124 13 68 250 194 214 101 20 54 78
    117 234 28 165 229 40 111 248 17 13 160 57 192 72 102 197 215 104 66
    99 106 52 120 99 115 243 77 85 85 15 243 43 89 27 16 39 38 213 185
    222 13 76 235 250 228 43 200 242 143 245 56 133 75 236 206 28 96 102
    27 117 186 182 56 121 125 155 54 68 193 94 147 153 255 32 11 137 111
    177 223 99 15 146 144 31 42 240 171 254 236 125 137 89 183 206 26 63
    157 53 217 82 102 103 12 195 109 107 233 252 239 168 160 234 177 197
    172 91 225 231 71 103 74 36 192 56 45 68 231 135 39 65 129 84 15 81
    161 157 52 27 73 87 61 122 7 89 127 204 55 224 169 99 217 7 47 210
    12 120 235 236 245 238 100 71 121 218 99 222 173 200 101 142 3 138
    207 190 169 105 77 31 50 200 129 154 121 230 37 12 97 199 54 167 22
    6 229 203 45 55 221 249 229 232 197 64 129 211 114 43 108 233 213 93
    46 225 85 159 222 11 192 196 151 246 59 138 198 201 167 76 219 196
    91 223 248 231 240 26 99 44 190 101 76 17 21 115 33 125 224 232 192
    141 224 27 15 236 169 177 244 117 166 97 195 145 114 67 161 138 134
    22 201 93 228 63 249 78 127 177 127 109 191 15 119 171 50 75 237 15
    216 17 237 250 215 12 195 46 26 112 210 165 140 247 80 207 1 187 37
    149 251 117 19 49 244 39 201 50 154 236 241 42 223 61 24 215 17 167
    101 50 200 215 87 173 44 186 247 200 111 78 152 191 103 188 122 250
    156 45 203 30 184 7 220 18 74 233 184 23 208 141 240 154 206 251 109
    145 145 230 157 84 238 162 10 33 65 82 12 98 199 213 83 238 107 133
    255 125 28 209 4 33 249 186 32 55 67 112 225 42 33 167 42 153 28 77
    0 189 192 21 64 46 101 48 113 168 174 123 215 71 179 122 104 198 161
    141 63 7 160 34 70 111 230 150 136 4 214 85 50 94 233 141 56 153 21
    188 197 218 125 49 53 57 99 255 31 232 8 245 217 105 101 35 86 90
    233 203 141 203 137 226 85 7 137 152 16 189 200 244 118 22 207 203
    221 149 47 208 52 102 214 71 119 191 147 8 55 252 194 36 79 96 1 57
    160 78 99 33 241 100 240 69 240 156 28 34 97 36 177 200 15 25 240
    100 16 20 96 64 10 143 84 125 96 120 129 186 157 198 196 115 195 19
    253 75 61 121 199 11 53 79 96 209 42 191 219 77 19 218 225 139 34 6
    85 44 73 209 180 150 222 191 243 51 56 212 126 36 37 241 46 37 93
    161 149 238 45 243 48 33 52 238 98 145 127 13 247 14 80 122 27 7 202
    192 146 143 228 6 228 132 84 40 232 124 124 221 51 118 94 111 81 199
    186 54 1 50 78 79 68 213 181 209 5 4 55 43 173 42 75 151 233 144 235
    60 121 11 75 110 166 135 56 154 188 128 120 127 84 174 78 248 246
    151 197 226 234 197 207 235 182 202 36 208 51 248 73 115 243 152 67
    98 190 38 99 118 62 206 230 239 39 102 213 228 238 16 19 75 78 23
    196 230 47 242 29 168 20 230 199 75 4 183 186 229 142 28 138 97 171
    202 39 174 17 254 152 23 43 43 75 189 150 94 24 213 104 100 1 14 34
    131 30 90 92 22 218 148 0 83 50 31 235 94 104 171 10 16 222 48 87 11
    142 17 126 79 187 223 167 200 22 222 46 70 138 126 181 151 57 23 11
    53 43 86 142 222 109 223 230 204 220 223 15 181 32 55 7 52 18 189 13
    19 3 56 137 56 8 96 60 9 55 198 73 78 156 201 6 175 142 14 138 127
    61 101 177 45 205 221 196 224 106 27 57 67 106 110 225 254 194 69
    199 63 160 62 170 159 139 40 23 186 195 203 158 118 150 225 113 204
    57 6 161 77 226 58 250 211 132 233 112 197 201 16 194 133 62 168 255
    222 48 171 3 141 12 34 103 102 196 112 228 107 163 119 17 146 145
    185 175 55 95 105 244 209 68 224 172 228 27 209 207 165 83 180 96 83
    27 133 186 16 205 247 65 3 84 202 19 71 213 25 217 155 177 38 208 3
    169 221 199 57 201 154 208 212 31 180 128 3 212 205 174 18 206 146
    254 94 176 93 135 235 125 220 242 118 19 104 233 207 32 35 99 218
    242 86 242 76 94 24 107 98 79 31 91 156 31 228 139 244 116 227 238
    105 143 208 250 203 180 25 94 56 182 24 183 16 250 118 40 17 59 215
    82 217 40 172 160 182 135 65 112 53 63 163 11 25 62 184 232 226 30
    166 226 91 182 184 131 10 93 234 119 119 14 84 102 217 80 114 204
    195 215 92 178 42 52 79 166 131 98 144 83 124 106 63 225 35 173 52
    248 69 129 13 111 105 56 48 40 159 99 58 61 70 11 232 171 76 60 6 69
    128 26 247 56 167 170 85 145 11 188 173 204 14 147 37 170 167 36 67
    180 14 139 227 115 81 134 233 252 180 178 96 38 119 112 111 52 106
    151 88 63 205 216 242 225 255 64 52 237 41 91 9 91 50 197 186 57 202
    164 35 203 56 200 207 45 48 78 80 111 178 63 156 81 134 174 123 37
    247 53 112 93 168 185 98 191 154 15 155 114 53 49 148 49 175 2 255
    33 40 158 36 83 18 27 103 53 24 20 141 95 50 44 249 175 26 100 201
    232 58 236 158 118 220 100 146 75 113 88 228 245 98 175 54 110 212
    215 133 123 72 174 189 125 159 229 78 95 95 88 241 63 114 56 103 248
    49 237 235 48 25 183 225 237 190 124 55 11 96 233 215 142 151 197 47
    141 96 165 244 111 139 210 11 55 40 179 167 157 187 140 14 15 32 79
    228 153 253 73 254 212 65 2 10 139 50 78 205 161 100 131 100 236 199
    193 63 237 63 110 162 73 169 45 140 192 221 185 32 247 218 50 66 223
    59 47 139 245 59 18 184 10 79 41 222 44 50 35 125 103 0 10 80 180
    237 61 89 217 102 65 156 132 6 69 67 86 89 57 100 175 69 47 165 68
    197 12 203 179 178 179 234 202 217 19 208 7 210 77 250 164 169 194
    32 220 105 74 33 132 231 192 96 230 107 213 90 43 254 124 208 222
    204 214 7 81 144 108 164 134 253 149 107 94 155 82 8 207 92 197 249
    37 195 156 123 141 248 230 67 245 180 181 51 119 97 55 108 172 168
    72 27 162 140 85 181 42 73 13 209 21 224 253 174 216 129 118 75 178
    223 176 164 25 16 102 155 236 107 17 88 13 213 47 243 106 8 220 90
    99 223 193 81 82 170 110 100 243 107 166 97 148 67 112 134 23 70 162
    10 1 173 120 53 253 250 44 87 221 201 238 220 146 130 80 19 127 151
    207 75 189 206 173 160 143 10 196 191 204 223 190 10 162 7 42 169 67
    132 225 183 204 173 124 125 188 173 152 53 241 87 26 126 7 208 81
    109 188 147 166 92 76 204 233 238 236 174 175 255 24 191 67 129 140
    63 101 126 70 66 85 216 28 10 193 5 249 97 31 79 65 141 248 147 200
    165 14 238 16 62 100 18 238 190 179 40 53 41 67 184 3 80 18 207 217
    248 19 119 155 166 55 158 28 72 56 79 102 187 102 84 87 231 103 65
    224 25 199 68 188 124 85 76 4 124 137 31 144 27 86 21 205 194 10 137
    39 150 228 32 231 77 124 239 118 246 185 128 81 250 216 208 125 32
    10 160 146 132 62 12 150 19 213 82 105 94 175 208 142 56 134 60 230
    174 108 138 56 202 44 133 235 29 247 15 160 105 50 182 57 89 172 170
    113 122 241 46 75 180 24 119 34 154 170 104 36 151 32 98 51 3 20 231
    100 183 185 84 84 112 221 2 109 195 235 21 174 3 99 186 157 65 94
    111 20 250 153 211 33 192 202 73 79 211 136 87 168 125 15 37 206 25
    109 113 237 218 223 172 252 250 184 56 230 235 240 75 152 103 62 55
    34 6 140 82 106 133 199 7 122 74 133 75 31 77 147 10 97 211 112 172
    215 21 71 101 166 254 89 193 81 21 14 56 206 54 57 21 218 83 123 55
    230 66 121 195 7 197 2 4 140 70 148 60 147 146 106 181 2 55 196 1
    124 21 90 28 27 80 14 93 1 220 172 37 42 227 80 200 226 230 224 214
    75 96 240 225 19 216 116 243 151 152 229 33 42 212 56 222 20 88 121
    175 69 64 55 172 197 49 39 107 46 75 66 22 29 58 228 249 227 55 28
    128 1 240 230 133 176 209 79 14 4 33 94 9 121 180 78 210 127 89 186
    81 134 237 20 28 106 220 230 195 65 212 146 247 170 148 200 101 45
    23 61 193 132 210 31 219 102 76 134 71 135 131 97 44 2 40 65 221 169
    202 139 202 253 44 250 102 249 43 216 179 183 221 149 13 134 96 7 3
    41 35 196 150 24 32 73 31 152 223 95 56 33 26 245 171 76 158 119 29
    32 152 87 164 112 126 179 215 225 204 213 19 230 78 31 169 192 14
    146 4 17 8 169 238 170 131 86 41 98 186 144 16 170 57 239 147 57 77
    139 59 49 112 201 250 10 6 14 0 172 87 137 140 11 138 166 205 135
    126 224 152 140 103 88 124 111 132 50 187 130 135 21 113 58 219 195
    188 150 217 92 174 118 251 187 74 180 147 181 120 207 253 250 240
    142 193 243 236 107 74 0 161 88 24 230 68 228 32 47 134 197 107 123
    178 17 70 25 147 125 17 88 232 227 237 155 22 95 236 65 131 73 160
    73 232 214 218 27 53 159 37 162 228 156 23 131 32 229 240 89 196 168
    3 142 179 6 220 181 83 49 243 200 60 52 90 33 184 151 90 237 228 185
    213 4 1 247 130 92 151 71 146 8 52 248 68 39 179 162 201 177 154 29
    237 131 8 17 3 255 97 33 155 150 179 237 32 6 198 20 78 114 123 204
    192 155 93 127 184 141 109 71 98 233 223 195 182 212 97 226 20 27
    208 19 129 158 12 38 39 150 191 106 230 151 11 35 228 232 79 115 120
    45 71 186 147 37 183 173 95 100 127 248 99 24 160 92 151 45 5 97 194
    51 208 164 141 21 249 254 165 223 149 206 67 250 50 224 20 7 151 191
    129 232 247 218 47 183 33 86 204 181 15 216 12 251 164 52 10 42 0 21
    144 94 198 29 132 189 30 186 25 254 216 200 35 117 96 55 161 13 114
    245 237 242 11 58 124 103 191 49 148 241 76 198 97 105 23 132 120 68
    213 221 163 119 110 189 0 61 207 78 95 77 97 243 75 9 134 129 252
    227 75 194 241 70 191 168 30 153 160 57 65 170 129 189 176 162 200
    161 8 244 212 41 226 12 139 103 211 142 152 21 0 133 134 201 66 85
    161 180 125 17 240 32 16 10 16 53 100 77 101 96 33 95 243 15 124 123
    228 123 16 126 169 197 104 33 115 66 94 169 175 214 19 244 237 79 26
    54 139 109 242 121 68 235 128 85 157 136 1 110 218 28 113 237 203 39
    230 184 147 109 150 147 119 223 185 2 235 4 21 210 117 207 50 54 200
    186 185 245 66 72 67 88 75 29 25 30 163 46 91 22 146 163 229 161 248
    183 213 231 74 164 132 215 101 122 189 181 31 179 148 39 185 138 241
    217 168 208 253 109 181 19 75 96 57 226 193 103 12 116 118 73 122
    176 18 65 194 3 61 170 80 99 174 90 164 19 253 144 157 148 198 149
    136 150 118 220 24 239 141 213 61 23 179 39 142 223 20 110 126 248
    181 25 55 233 245 1 155 7 67 242 65 243 154 107 32 143 11 224 170
    183 5 218 208 150 88 118 206 217 99 82 188 75 150 113 202 202 81 162
    48 195 121 254 64 157 116 45 1 220 226 136 169 52 68 92 132 19 92 45
    167 186 25 104 163 77 69 231 202 196 202 61 161 52 0 210 188 12 231
    111 159 101 219 198 179 254 130 19 93 243 127 66 41 52 235 34 147 79
    239 32 170 116 40 244 92 73 120 180 6 23 121 171 185 110 29 176 171
    161 198 96 82 144 36 180 36 188 67 127 232 75 243 5 59 208 92 59 4
    30 113 162 175 84 147 147 152 201 23 186 83 236 102 227 98 115 75
    244 18 107 51 234 143 185 189 190 146 89 120 231 242 251 59 201 100
    84 202 95 152 231 73 100 139 141 190 26 198 181 163 154 24 228 89
    255 36 19 149 180 72 250 179 65 232 191 166 49 60 214 103 243 214 77
    84 157 15 191 72 35 155 227 251 167 178 10 56 70 108 221 6 31 138 23
    145 63 150 158 209 48 246 127 18 141 182 73 22 167 51 29 247 33 135
    211 133 29 132 69 48 223 109 183 225 122 211 87 1 171 6 30 26 175
    205 34 239 201 67 75 12 48 78 131 228 210 146 25 126 170 186 12 64
    244 7 205 134 70 220 61 33 12 173 139 192 241 142 144 223 234 196
    242 2 175 148 3 254 123 101 144 112 254 228 121 84 81 237 250 71 174
    152 109 10 76 41 242 50 226 193 62 119 35 46 115 197 196 168 150 247
    21 220 218 22 45 249 234 248 170 208 198 151 39 40 173 203 80 213 17
    40 111 114 98 58 224 151 69 50 108 98 49 121 236 121 81 222 154 224
    238 71 48 78 172 125 19 215 136 142 130 201 15 76 64 0 193 36 6 227
    36 108 49 66 90 79 194 11 13 44 157 145 191 229 198 242 37 39 211
    133 226 161 234 71 125 105 40 212 69 145 223 61 233 9 160 69 202 100
    108 0 208 84 112 176 154 220 200 180 20 174 38 226 220 225 15 177 62
    94 104 159 162 226 122 131 251 19 228 248 118 114 231 126 98 174 178
    226 196 88 152 73 68 126 88 94 157 9 99 34 187 45 182 117 75 143 42
    151 154 59 174 186 201 138 87 25 177 41 149 108 182 40 21 192 54 92
    167 109 17 139 192 188 154 73 209 240 36 177 146 91 97 55 158 175
    236 116 68 253 190 150 68 110 133 100 84 243 196 27 212 35 241 226
    55 14 96 106 255 158 218 240 134 55 239 131 62 106 90 13 32 137 208
    49 151 160 255 98 84 5 142 182 15 216 71 29 83 6 20 82 143 49 12 6
    101 245 108 253 75 244 223 74 131 217 109 68 220 166 64 223 208 244
    140 43 13 233 219 205 53 119 37 50 153 41 59 232 20 129 173 152 123
    151 208 20 158 94 13 126 78 6 46 133 195 146 170 151 147 180 141 106
    146 178 157 97 187 24 121 149 222 56 249 71 66 101 78 208 216 187 65
    149 105 100 93 132 255 41 14 72 109 128 231 40 78 187 103 152 65 224
    88 225 122 31 251 231 16 78 135 246 170 243 93 139 240 96 204 92 119
    31 174 139 193 55 62 43 233 20 240 247 39 231 188 142 200 20 204 59
    116 127 164 169 5 89 63 53 199 197 162 248 51 60 115 80 214 82 112
    222 41 140 25 33 140 56 254 57 88 75 89 62 55 156 132 250 59 80 150
    7 49 114 89 70 145 231 17 240 131 48 39 6 187 87 84 38 84 59 53 226
    218 255 220 138 154 224 148 229 251 205 58 135 216 46 90 189 197 207
    237 143 134 140 188 71 184 83 65 168 121 216 197 245 255 49 97 61
    113 21 55 64 132 228 197 201 83 60 219 195 96 31 251 114 234 58 126
    17 210 137 204 30 28 54 238 184 219 182 252 230 35 100 207 155 16
    117 110 182 243 63 157 189 168 165 148 13 146 185 21 64 5 19 182 15
    27 151 215 202 93 158 188 178 139 58 50 194 105 5 34 192 78 143 147
    114 254 74 177 24 100 121 138 122 189 71 232 45 119 97 40 213 17 55
    18 98 124 159 228 179 157 28 57 47 126 218 96 191 247 71 20 241 47
    139 253 249 207 243 18 131 8 24 99 237 224 216 60 193 65 223 145 89
    95 166 106 141 138 186 189 20 133 252 164 79 159 59 241 250 64 94
    215 24 181 66 244 102 253 99 248 85 114 221 119 129 180 166 189 171
    36 76 184 240 3 37 11 240 92 191 234 156 15 73 150 9 114 235 250 152
    236 62 52 109 61 174 204 40 114 12 73 34 103 245 72 62 82 172 88 243
    252 138 174 224 190 9 143 134 241 147 253 225 28 221 232 70 63 19
    164 55 103 66 30 169 146 38 42 164 231 39 125 72 70 95 92 116 60 252
    248 204 99 90 223 238 202 197 206 161 213 92 234 140 106 95 97 240
    67 166 111 191 2 65 63 99 175 223 189 255 198 67 58 95 24 123 53 182
    198 28 241 179 162 158 246 218 39 250 86 149 154 251 16 164 136 158
    173 165 180 220 167 255 110 114 221 55 82 237 226 130 43 87 254 235
    16 71 38 46 246 201 194 124 186 135 0 100 30 211 67 44 122 31 166 90
    26 19 156 226 117 45 201 112 39 84 250 151 180 47 74 169 244 155 4
    254 126 60 179 25 105 115 186 58 194 28 173 157 252 79 147 87 78 82
    154 203 170 197 249 199 30 96 120 129 126 214 44 21 192 198 65 129
    132 177 54 122 227 180 156 249 147 24 115 60 28 108 58 69 157 6 220
    156 61 10 252 227 27 217 237 148 51 137 249 62 119 95 198 177 85 20
    5 172 101 219 94 180 113 36 55 55 20 173 246 153 4 150 8 150 24 127
    162 142 108 182 228 129 131 160 95 148 96 168 1 173 46 20 175 101 64
    5 187 220 121 189 176 159 59 6 0 69 34 209 200 255 16 109 255 80 153
    82 33 64 212 228 112 62 79 21 67 7 180 53 218 60 254 125 161 97 48
    155 140 144 113 62 254 20 71 36 15 134 244 94 115 225 67 238 69 172
    55 206 251 42 211 185 44 189 156 111 55 252 77 219 41 153 89 127 248
    175 123 221 97 28 104 133 98 72 176 67 142 157 92 18 61 154 33 32
    233 225 198 94 56 112 161 12 166 44 100 38 208 117 71 22 226 150 196
    36 42 9 64 157 105 38 9 253 146 19 138 48 15 190 67 129 78 1 232 187
    216 216 28 111 126 72 91 210 19 4 91 215 208 5 203 208 201 40 51 106
    57 179 180 122 106 230 96 102 180 109 247 83 179 29 170 185 164 222
    154 18 223 227 140 252 180 198 139 135 40 100 128 148 229 89 8 93 5
    56 115 100 84 63 156 118 196 114 172 101 88 3 95 58 100 101 65 123
    28 33 250 38 24 254 252 253 165 43 217 175 30 125 67 102 238 105 237
    156 173 224 249 245 131 135 101 184 109 237 34 167 220 112 209 193
    219 180 10 25 106 164 51 132 171 252 247 96 207 194 173 6 103 232 24
    76 23 229 171 154 155 208 194 118 32 233 105 14 58 157 84 87 191 189
    91 17 98 222 166 54 240 193 119 101 4 147 188 181 194 109 153 118
    183 253 105 154 30 174 76 48 200 80 115 9 12 190 204 198 194 29 156
    95 251 192 32 31 11 132 100 228 123 217 225 15 209 252 171 128 147
    108 82 72 195 143 40 80 16 200 76 96 227 36 9 126 212 115 222 206 6
    147 223 118 56 201 171 225 160 137 148 119 195 139 60 214 194 95 92
    137 193 118 33 103 46 198 237 174 249 123 65 130 231 202 104 205 161
    242 183 193 27 30 211 40 81 200 98 137 20 199 216 124 76 57 154 152
    121 139 243 204 57 110 53 79 145 7 124 224 60 190 67 93 11 95 170
    161 121 175 142 153 69 185 250 48 53 43 84 228 51 51 137 161 229 203
    31 61 206 110 23 81 11 238 187 74 233 84 189 35 222 251 10 131 89
    244 30 140 223 12 174 74 64 108 136 244 177 20 92 59 245 246 72 106
    62 75 53 182 188 234 128 181 215 157 196 134 190 35 163 28 219 182
    163 147 104 247 197 87 156 9 44 46 114 55 241 167 118 88 177 25 168
    89 8 78 216 162 65 48 137 77 93 227 237 138 35 242 74 195 234 216
    230 161 181 236 221 103 167 246 191 22 162 236 179 255 80 125 119
    211 144 114 198 198 61 71 142 0 27 214 223 107 76 198 185 159 51 176
    64 234 154 31 27 138 65 117 86 188 66 48 164 35 79 204 243 105 8 106
    137 93 57 166 21 10 243 208 219 62 192 154 248 83 85 206 194 189 230
    142 191 47 57 59 92 164 70 192 213 15 100 160 80 8 231 237 35 233
    117 202 80 92 19 176 82 230 120 89 132 15 183 8 166 237 101 42 240
    249 47 103 21 209 180 192 172 80 38 164 81 140 228 111 64 145 77 96
    247 136 116 237 180 219 176 177 66 225 110 173 175 166 254 178 112
    139 167 173 196 197 154 17 39 212 39 190 2 170 68 227 247 20 81 237
    42 33 114 237 183 216 191 40 58 151 151 75 48 71 49 34 237 233 145
    178 147 254 164 177 89 92 59 122 109 217 50 89 158 106 108 182 211
    156 216 176 200 235 238 93 118 47 57 130 41 51 183 140 8 127 79 37
    102 95 167 190 11 108 182 154 203 210 126 142 88 196 116 186 251 215
    83 140 226 201 96 235 251 64 140 198 66 166 160 8 220 12 89 17 136
    88 245 111 101 157 28 219 102 155 104 160 69 125 194 154 10 162 146
    137 123 237 236 58 23 245 196 11 16 149 70 114 20 186 192 252 195
    172 57 1 24 114 38 187 248 233 183 130 20 161 45 196 69 143 193 209
    221 14 47 228 53 126 96 168 84 131 228 40 111 200 169 76 158 64 29
    170 200 21 91 54 108 167 41 26 196 0 169 41 56 168 128 37 163 67 66
    6 128 153 57 144 64 61 46 181 44 167 25 148 135 51 44 40 213 189 125
    175 168 141 178 177 76 196 70 68 227 7 178 163 220 141 19 89 96 158
    128 178 115 79 70 6 161 95 222 17 253 169 95 56 41 84 16 49 161 198
    240 223 209 121 186 62 72 133 177 142 167 156 6 3 136 1 79 140 222
    206 20 44 225 53 129 69 94 48 0 20 142 159 62 21 48 72 125 243 18 79
    57 78 170 180 92 9 156 175 45 169 140 80 42 167 72 111 79 251 237
    146 245 77 214 145 111 183 74 168 4 207 151 177 90 175 42 26 33 177
    215 138 202 130 107 126 71 142 32 234 215 119 91 2 210 85 221 31 185
    193 204 103 41 107 87 64 209 25 154 205 97 115 212 176 67 54 42 53
    22 160 152 84 98 209 214 60 51 225 131 60 60 176 201 107 95 212 122
    238 197 27 212 132 235 78 195 203 171 84 201 17 7 24 72 209 185 22
    20 209 53 23 11 138 234 161 50 135 194 189 10 235 50 246 165 123 91
    142 235 236 188 36 141 1 225 254 186 180 182 21 191 18 246 33 232
    247 235 54 235 49 29 73 168 5 137 75 100 147 200 91 84 223 176 149
    239 61 243 237 31 65 109 179 32 23 211 55 164 139 14 47 91 49 16 234
    157 220 190 226 123 249 97 240 55 90 116 176 241 57 18 72 182 222
    137 66 156 149 48 79 132 53 171 19 175 207 168 82 108 132 12 58 239
    240 110 162 40 86 157 74 28 135 210 83 37 0 184 88 146 4 162 209 114
    219 14 190 218 132 200 103 74 242 40 51 23 8 38 138 124 139 226 145
    124 115 69 72 41 13 91 199 135 139 209 58 142 57 175 52 10 185 21
    197 166 227 244 133 85 238 145 132 242 149 175 29 138 163 244 230 88
    52 140 172 107 65 86 247 37 123 82 109 188 235 203 64 60 226 103 241
    246 161 37 166 187 222 188 32 191 156 165 234 96 15 214 240 33 67
    121 220 9 99 92 232 133 105 235 186 196 150 14 8 33 6 94 164 13 33
    250 73 44 26 36 248 233 170 24 0 87 50 6 67 20 136 54 175 0 166 171
    12 8 178 206 99 69 120 45 113 164 84 13 211 228 204 92 136 213 88
    161 79 103 129 78 58 152 232 172 144 44 91 166 58 145 231 224 59 158
    204 228 253 3 204 3 11 223 164 252 248 139 21 48 19 166 254 220 62
    157 121 145 120 135 30 79 58 136 46 9 160 234 126 93 57 100 248 129
    236 14 39 95 184 168 104 156 17 37 227 182 96 35 16 43 80 214 72 82
    7 155 43 201 165 178 43 247 47 215 121 31 71 29 58 197 101 109 150
    72 233 118 74 133 46 115 159 66 226 109 88 173 108 167 43 51 126 228
    31 93 167 156 60 117 192 167 89 180 135 140 79 113 158 52 144 60 185
    70 190 146 30 0 10 43 72 69 30 50 10 229 109 160 88 140 237 1 110
    178 199 85 118 28 190 14 203 112 167 188 253 186 105 151 87 16 165
    160 36 51 1 252 1 154 118 96 95 246 206 116 105 36 72 160 229 113 2
    72 251 148 236 60 154 21 116 246 33 172 221 64 33 247 85 133 176 56
    243 123 5 146 8 219 235 242 58 30 124 231 121 62 96 150 28 202 43
    144 122 49 149 255 28 59 202 150 158 243 125 188 138 221 60 168 80
    181 203 7 207 163 231 214 225 184 229 216 159 216 60 151 194 50 155
    153 234 101 23 5 239 218 221 152 203 231 21 50 194 84 176 180 229
    244 249 59 90 175 10 205 121 166 137 181 141 106 93 73 227 252 151
    126 118 83 189 35 249 121 120 241 255 80 207 100 48 71 85 253 92 36
    110 70 141 86 170 96 22 12 31 207 5 238 9 192 172 151 131 139 10 156
    88 4 175 252 141 13 125 118 139 43 219 223 44 240 129 82 113 37 220
    12 251 119 229 161 58 52 154 203 153 218 124 61 74 129 128 120 44
    216 218 35 54 201 211 79 65 160 36 252 118 84 207 184 106 216 78 115
    164</data></test_img>
<my_img type_id="opencv-matrix">
  <rows>128</rows>
  <cols>256</cols>
  <dt>"3u"</dt>
  <data>
    105 154 125 158 255 54 21 255 255 225 0 255 248 0 238 175 46 154 255
    141 69 145 255 189 230 5 141 255 255 25 41 235 139 117 185 68 99 88
    255 190 107 228 255 0 0 146 107 160 157 255 146 0 0 255 187 203 1
    154 169 18 0 151 0 142 0 237 137 125 210 60 169 255 31 188 0 0 71
    255 95 0 0 255 0 101 61 255 159 241 167 107 231 181 115 101 226 67
    115 72 43 255 217 0 124 163 255 116 0 0 187 67 143 216 221 178 255 0
    41 94 0 255 48 255 255 120 255 189 37 250 60 78 198 239 216 0 153 0
    0 255 0 255 255 0 255 255 0 0 1 54 217 240 255 89 248 0 0 230 0 167
    62 255 152 255 41 255 230 37 255 142 0 0 162 255 208 184 103 255 255
    253 102 11 255 235 84 32 216 0 255 0 9 0 0 43 91 160 129 255 0 255
    66 255 204 172 138 205 13 0 0 12 0 0 255 255 28 111 12 97 15 145 255
    0 249 255 18 44 152 125 255 57 255 54 34 204 55 137 205 0 208 255
    255 255 2 43 255 250 255 178 255 255 199 145 0 0 18 255 0 29 215 128
    255 104 0 255 144 195 31 236 188 80 170 255 255 224 255 187 255 206
    12 222 166 0 152 249 76 119 255 255 255 0 187 142 226 0 255 0 0 147
    205 137 255 255 184 195 0 112 166 80 209 0 111 255 21 135 255 137
    152 164 0 63 0 250 66 255 255 243 72 224 197 66 107 0 25 14 216 141
    0 255 83 255 98 166 107 255 255 34 144 0 0 0 0 255 190 178 0 255 75
    0 178 0 101 255 16 0 255 255 255 126 50 0 255 36 36 174 213 251 0 0
    255 255 255 79 0 0 46 0 229 233 55 0 136 182 0 114 0 255 106 154 198
    235 88 255 76 0 160 114 0 255 255 245 255 98 110 0 255 155 26 97 235
    255 168 0 98 0 31 0 123 126 255 255 26 39 65 141 19 0 162 14 0 255 0
    0 151 105 255 110 0 255 244 59 191 177 190 161 36 255 255 73 91 125
    0 111 194 13 255 218 137 51 247 40 206 0 0 6 136 0 255 76 20 255 0
    185 65 22 0 255 0 250 244 72 0 35 72 0 160 15 140 252 131 0 225 0
    157 255 190 255 0 52 211 0 255 5 211 122 220 44 39 144 198 255 188 0
    34 119 154 234 38 145 107 255 119 107 0 255 0 132 255 102 9 105 15
    84 255 255 255 139 218 0 165 113 0 255 255 54 132 233 190 0 255 134
    247 0 144 172 255 0 235 144 97 253 0 0 175 0 255 21 167 92 162 255
    255 23 88 83 30 17 205 0 0 15 255 149 255 255 93 2 0 140 204 84 255
    3 33 183 0 0 26 160 69 255 0 206 83 0 236 247 25 123 207 192 41 237
    115 218 255 172 128 204 0 0 97 102 255 0 255 222 67 106 111 235 78
    255 253 137 127 255 152 193 158 29 80 44 94 255 255 28 129 246 32
    100 0 2 240 49 80 150 228 200 19 250 86 116 112 153 11 10 0 54 255
    34 46 217 209 236 255 0 0 172 234 81 254 0 29 255 0 154 255 37 19 46
    20 229 0 255 25 78 99 255 255 255 35 255 231 0 255 4 255 253 24 218
    255 255 111 1 0 225 9 255 186 0 239 157 255 25 0 0 55 255 255 165 0
    201 142 0 46 201 100 6 100 187 0 0 81 208 159 23 7 175 227 255 112 0
    241 16 28 96 255 138 92 25 103 183 56 145 148 0 61 176 255 230 0 0
    13 187 76 137 203 118 131 248 37 255 95 156 181 255 255 61 240 141
    173 66 0 33 0 93 170 97 255 255 207 0 181 255 255 0 255 255 159 252
    131 0 255 255 18 0 144 51 0 32 0 0 0 167 213 40 93 106 0 86 171 108
    255 202 255 13 189 137 67 119 0 174 63 194 181 255 199 100 65 193 54
    96 135 134 255 210 152 28 202 21 83 149 234 115 24 202 235 0 58 0 75
    0 129 167 0 0 0 0 0 221 229 255 0 255 101 2 179 202 69 185 248 95 49
    0 60 186 254 139 12 64 255 255 175 37 179 255 255 164 132 216 74 255
    232 0 6 229 1 0 146 34 207 69 42 0 106 7 0 0 0 0 225 255 21 0 255
    139 0 194 57 23 255 2 87 0 13 56 1 113 7 80 107 250 45 0 255 179 179
    255 77 0 0 252 222 158 0 0 255 233 97 178 206 117 2 5 61 136 255 147
    106 0 0 255 90 187 0 0 116 84 238 255 0 54 0 255 255 131 0 180 47
    255 175 201 246 152 26 121 46 255 137 255 255 255 255 253 20 32 145
    235 0 183 188 7 235 0 79 44 216 0 119 192 134 242 160 255 255 0 204
    255 0 62 140 0 51 195 217 65 250 255 203 96 0 76 128 141 0 228 13 0
    148 255 82 146 150 0 61 142 53 233 74 255 68 101 151 91 124 250 0
    213 255 0 233 255 3 255 238 34 46 255 176 0 22 0 98 0 0 201 0 255
    255 13 11 242 79 0 43 51 159 104 255 210 200 11 0 25 127 0 0 152 40
    131 163 0 0 8 194 150 0 92 255 140 35 108 255 0 10 186 206 255 144 0
    42 0 0 97 210 165 232 86 253 255 62 0 255 255 212 0 0 107 0 17 88
    147 0 224 198 56 255 84 0 255 0 147 40 86 255 0 132 255 237 189 95
    255 185 255 0 63 51 202 163 0 16 41 56 0 255 255 255 136 0 0 255 117
    194 198 255 21 255 3 54 7 0 255 204 190 1 61 231 53 99 255 197 85
    255 255 0 236 214 26 0 255 0 0 122 0 213 219 7 0 255 255 5 157 255
    203 0 0 194 91 6 255 167 229 123 0 10 0 8 122 148 0 59 0 104 83 160
    216 255 81 24 0 255 0 7 0 243 0 190 0 95 255 208 64 205 13 180 0 255
    38 0 80 0 255 130 0 154 207 255 0 185 93 32 191 255 0 188 244 137 91
    85 255 33 36 17 0 73 156 250 255 98 252 233 0 76 255 255 117 191 146
    0 108 46 255 165 50 255 171 211 148 157 255 255 128 255 0 238 165
    255 0 60 0 87 209 31 65 217 0 0 41 0 241 227 255 0 54 255 3 2 98 0
    255 151 0 86 255 255 179 99 14 114 89 94 210 255 255 0 25 255 255 46
    63 255 81 112 132 4 0 255 197 255 255 0 97 227 107 4 44 244 255 64
    40 33 255 0 240 255 86 252 47 70 90 178 255 0 87 255 0 255 226 18
    255 0 255 0 217 255 0 69 90 164 164 141 94 25 0 0 241 255 211 82 240
    88 38 84 207 137 59 0 255 0 255 187 247 255 44 200 226 33 159 0 138
    0 152 255 255 255 114 255 255 0 194 73 182 125 59 0 9 210 255 29 148
    236 38 0 222 64 111 255 255 220 12 73 3 255 82 44 25 0 54 41 255 63
    233 191 251 141 0 255 68 0 229 0 37 255 0 255 212 15 29 255 163 163
    180 255 156 255 11 126 0 0 125 0 254 236 255 255 67 9 255 68 56 116
    74 81 68 237 58 48 0 214 219 237 94 65 175 0 0 116 84 92 91 255 73
    171 255 23 255 255 92 0 0 0 255 175 149 2 247 0 102 255 0 51 82 255
    0 255 222 249 91 139 44 1 57 255 71 255 87 231 47 148 255 50 43 134
    0 215 127 255 0 122 0 33 255 255 0 68 208 0 47 215 118 165 46 122
    171 154 73 0 255 0 255 0 255 28 173 104 0 175 0 24 184 0 35 247 189
    139 82 242 255 0 23 74 0 2 112 184 47 8 77 95 0 108 229 85 255 205
    255 199 186 0 158 0 197 81 53 235 9 1 255 13 0 255 0 176 69 216 112
    80 0 209 216 11 0 255 255 37 140 0 13 145 202 151 157 126 0 97 160
    79 199 203 153 255 182 232 157 77 221 51 0 171 249 255 233 255 7 0
    228 0 45 106 44 153 110 0 201 202 250 255 83 0 46 44 90 0 255 42 0 0
    188 182 18 45 0 181 27 177 93 80 111 0 57 200 124 13 0 207 255 255
    255 0 117 119 162 79 152 161 145 199 183 255 12 187 255 219 218 152
    255 255 166 255 0 12 82 0 255 255 0 0 196 255 244 226 121 125 0 0 0
    118 0 0 21 255 0 39 255 236 107 165 255 255 126 29 216 84 247 255 0
    171 73 167 53 95 0 126 76 148 0 109 42 1 4 255 255 180 161 170 1 255
    227 109 73 255 41 0 197 127 255 32 0 255 231 233 255 121 39 0 83 200
    0 0 255 125 0 0 84 0 255 255 0 255 225 20 249 255 104 190 255 255 74
    0 49 255 0 227 155 242 255 0 112 201 0 226 131 27 0 191 165 143 156
    206 97 255 124 164 21 53 176 255 60 255 212 183 218 85 255 166 255
    20 0 242 195 0 0 88 224 255 160 178 225 40 191 108 105 154 0 208 0
    255 24 189 210 0 0 166 50 224 0 116 44 0 53 28 0 52 43 255 2 87 255
    0 0 0 0 31 71 255 77 239 144 255 111 9 76 75 182 55 239 255 22 225
    117 255 182 215 26 54 0 79 226 225 255 0 81 156 0 170 14 180 255 167
    219 11 59 255 63 255 232 69 3 255 30 0 255 63 135 255 247 204 0 55
    61 67 0 16 114 147 13 206 227 242 89 255 0 68 0 87 22 120 140 15 255
    105 194 27 240 88 0 255 255 0 124 78 255 0 8 64 0 0 24 239 255 255 0
    181 46 122 111 249 27 0 216 255 208 208 116 0 255 0 255 159 105 255
    0 255 5 97 8 0 27 255 0 129 18 9 113 102 232 154 39 0 243 166 92 131
    86 255 155 0 241 0 95 255 255 162 255 204 199 105 0 173 85 131 241
    17 255 0 211 255 125 230 157 151 255 250 230 191 229 255 255 0 144 0
    109 134 20 50 0 246 93 27 131 0 15 255 63 227 0 204 231 63 0 9 255
    241 63 73 212 255 255 167 151 62 0 13 0 255 0 145 207 0 255 255 168
    101 97 255 5 90 54 218 184 0 247 0 48 137 174 206 255 0 0 131 252 43
    0 22 126 150 3 135 71 41 74 111 255 0 255 255 115 0 0 0 209 0 76 111
    125 0 227 80 0 228 255 135 48 255 255 78 0 145 52 124 248 255 45 255
    209 255 232 136 107 164 195 109 231 27 235 102 163 79 142 244 74 255
    39 187 0 0 203 151 124 100 152 98 0 255 203 255 255 229 255 250 255
    0 153 28 87 231 253 255 21 188 132 237 255 0 0 243 255 162 131 31 24
    85 11 208 0 248 234 41 33 8 92 53 255 0 92 173 111 224 7 0 241 138 0
    145 163 0 152 109 0 83 0 109 41 255 155 197 255 255 0 0 255 245 255
    255 62 185 63 33 255 136 0 206 42 255 255 188 113 0 153 65 248 229 0
    0 130 14 65 177 22 0 60 0 255 254 53 255 67 147 8 255 255 255 255
    129 180 218 115 211 181 122 122 190 73 215 255 0 231 0 22 255 0 0
    138 109 0 84 7 255 216 20 255 0 140 0 253 154 198 255 19 0 253 0 251
    232 0 157 193 10 0 205 0 255 42 11 0 71 124 247 255 192 113 255 133
    22 49 255 14 203 255 245 199 220 93 193 232 165 75 255 108 50 150
    202 255 255 138 0 73 255 69 4 255 255 162 255 0 0 255 86 0 255 216
    50 0 255 255 155 255 8 24 215 255 91 45 0 202 195 255 242 226 46 233
    130 10 88 255 0 156 210 3 217 171 255 70 254 0 253 138 0 0 0 255 255
    5 162 234 66 0 0 0 55 0 160 39 177 251 200 255 0 0 246 255 147 255
    171 255 53 0 132 50 48 255 0 154 244 0 0 86 136 0 0 255 58 255 208 0
    255 255 135 244 198 0 85 2 255 30 120 235 41 145 28 69 255 41 255 97
    223 255 143 255 245 0 255 202 0 79 0 234 255 0 203 255 215 0 165 21
    224 0 11 200 255 255 217 157 157 73 93 241 133 245 234 144 221 255
    143 202 129 88 0 116 255 173 122 200 199 255 42 25 68 215 0 48 11 3
    19 150 68 215 255 255 0 117 255 0 48 0 255 15 255 118 4 0 18 123 174
    0 63 144 1 136 255 42 150 88 0 223 115 255 249 255 175 54 245 110
    185 172 120 255 234 29 208 255 169 243 16 60 134 188 201 224 217 62
    255 255 0 44 253 0 231 0 173 255 255 255 144 0 229 176 165 190 0 255
    90 0 29 67 156 75 94 0 255 255 8 255 0 101 255 0 255 255 22 72 180
    255 65 0 255 79 176 104 154 211 24 136 105 255 255 255 3 143 233 125
    0 255 0 111 70 184 212 198 0 144 211 254 255 193 83 255 87 73 83 0
    255 188 62 253 255 255 116 71 19 147 255 255 26 35 59 179 233 0 255
    0 255 0 0 255 178 226 12 69 124 159 0 0 217 122 78 17 170 247 109
    195 43 255 108 128 255 103 227 0 0 0 160 88 0 255 170 0 89 0 116 42
    0 103 0 255 20 10 201 208 133 7 73 193 0 255 0 255 48 135 255 26 171
    255 209 0 255 162 255 201 255 255 255 170 0 0 53 114 242 255 255 255
    255 69 244 7 153 218 185 212 254 116 103 9 66 187 184 0 0 41 133 183
    0 255 255 65 240 255 52 97 0 0 255 32 255 0 157 255 255 223 11 255
    48 188 33 25 237 148 0 106 0 104 118 137 224 156 205 255 0 96 42 0
    152 126 183 50 191 145 255 12 244 255 231 196 116 0 222 214 61 205
    246 40 0 28 167 0 180 255 233 122 55 61 11 255 0 56 200 255 255 0 96
    89 0 255 37 108 0 255 107 79 22 0 61 189 6 181 28 0 95 122 18 11 87
    139 216 0 0 0 0 0 1 110 36 18 115 109 0 255 112 102 0 0 255 16 187
    221 129 221 15 166 255 255 107 0 12 17 77 255 255 0 172 0 255 201 74
    178 0 57 211 107 76 208 0 81 168 198 0 4 69 255 155 255 0 0 234 255
    9 213 255 93 199 1 72 233 0 194 131 42 136 255 78 255 167 255 255
    112 15 255 80 27 165 206 62 0 106 66 40 0 2 141 239 186 255 61 28
    220 168 121 0 240 61 28 255 199 104 86 0 76 0 68 251 0 158 103 46 82
    8 22 0 255 185 7 201 101 255 14 255 255 225 255 198 255 255 0 0 63 0
    221 197 229 164 255 246 255 103 54 202 13 255 190 150 156 151 0 78 0
    80 29 120 184 0 147 0 188 0 246 117 176 255 255 0 181 154 80 178 125
    90 0 162 13 234 77 0 255 255 194 255 31 117 0 60 255 40 0 16 46 121
    25 18 29 143 60 30 82 251 0 255 0 61 43 255 47 58 0 201 255 71 0 87
    0 0 61 255 8 86 0 255 220 0 0 70 0 0 133 255 0 255 224 0 111 210 0
    170 0 255 255 182 0 200 53 71 226 245 35 201 0 78 153 255 98 0 0 226
    26 0 155 255 157 149 246 104 0 137 0 32 0 181 242 211 211 201 102
    255 46 132 134 126 0 147 255 211 255 100 75 242 202 255 255 80 255
    180 255 0 30 0 0 76 255 0 0 55 0 255 0 240 114 32 232 188 16 63 0 31
    40 255 38 0 192 0 0 124 60 202 0 255 29 0 153 0 0 0 224 65 64 0 255
    109 198 222 10 255 0 81 255 255 193 28 184 0 65 255 20 0 138 18 0
    113 255 255 36 184 192 208 255 110 0 255 243 237 0 0 0 185 167 0 106
    234 0 0 249 69 255 54 32 73 229 189 255 80 210 196 255 255 192 0 80
    255 255 21 60 255 255 195 255 18 168 255 157 206 0 202 31 54 198 254
    24 170 169 160 0 37 219 0 196 49 170 52 255 170 0 184 9 0 250 255
    200 61 43 0 0 69 93 255 0 84 255 22 60 75 167 250 0 255 0 0 0 205 83
    163 255 255 0 72 255 33 255 0 194 203 255 29 83 60 4 255 229 0 255
    255 229 0 255 197 38 53 171 102 219 236 27 175 13 255 215 223 183 0
    13 0 50 204 255 0 153 166 26 255 255 0 15 220 228 0 52 94 142 255 0
    66 255 98 151 255 0 95 0 53 45 57 0 44 197 0 136 54 77 148 233 255
    180 68 137 26 255 255 164 0 255 49 0 63 255 173 0 146 255 221 255 14
    65 255 184 255 0 115 0 53 126 34 255 69 146 51 189 255 238 0 147 0
    82 34 54 223 238 70 114 0 202 58 0 163 0 99 157 255 89 221 255 155
    140 97 59 13 52 40 255 32 12 40 0 82 0 144 29 255 107 255 221 10 141
    0 0 255 255 15 197 255 35 151 255 255 47 255 192 0 235 51 148 0 32
    255 0 255 255 146 80 170 255 175 0 198 96 40 0 0 234 39 6 103 255
    255 223 205 180 223 32 0 90 0 62 255 117 1 255 255 245 146 255 221
    226 249 11 178 116 0 224 0 0 255 68 8 110 255 152 185 214 23 0 130
    67 95 163 0 0 255 95 201 171 254 171 102 173 55 146 255 237 61 255
    231 227 255 0 43 17 255 255 41 0 53 79 255 143 0 0 48 0 186 153 0
    148 68 185 147 0 77 255 16 160 16 236 174 0 180 254 163 117 83 163
    137 159 13 255 0 168 121 0 255 83 122 124 255 233 203 36 64 91 0 153
    0 219 0 213 254 95 8 24 231 255 0 0 255 0 238 0 125 52 0 31 0 247 78
    0 113 68 245 92 104 242 255 149 31 167 226 255 255 68 137 131 27 172
    87 233 234 116 127 14 113 255 64 0 235 129 255 107 167 116 0 137 0
    255 0 145 0 0 0 193 225 235 163 0 0 120 255 140 208 255 29 0 210 255
    204 255 0 6 99 44 0 254 135 255 0 10 255 255 133 66 144 121 163 0
    195 232 29 203 14 196 0 231 150 149 211 126 68 212 0 198 0 16 207
    212 255 255 0 211 121 245 0 173 255 255 44 11 255 243 56 208 255 199
    255 10 134 255 0 206 255 7 255 0 29 82 93 218 51 84 79 245 51 31 104
    0 37 255 126 124 255 74 18 124 127 135 156 255 37 199 255 157 255
    133 255 74 51 210 157 200 0 131 247 0 0 218 44 7 255 229 3 27 255 0
    98 180 26 0 255 0 213 49 214 152 0 255 0 105 0 56 0 255 50 133 219
    236 22 132 171 105 147 0 163 90 220 5 246 255 139 162 0 241 0 80 0
    255 255 146 90 139 242 255 166 181 173 142 0 200 241 9 0 209 218 39
    255 0 255 62 0 0 0 179 157 70 255 185 255 136 255 0 13 221 181 27 33
    255 122 0 164 255 202 141 151 0 197 255 255 255 75 224 255 0 0 26
    235 170 0 171 0 187 98 255 97 255 0 0 255 141 84 215 163 242 155 0 0
    0 78 204 83 190 87 0 189 179 0 29 157 255 0 50 255 0 44 255 0 255
    121 161 255 0 138 189 255 180 239 106 255 62 133 255 107 231 162 255
    255 91 145 255 255 0 161 128 0 255 255 1 72 255 70 244 255 8 123 255
    138 42 137 9 0 0 63 232 0 115 37 0 68 255 51 144 213 0 40 98 63 255
    110 93 255 0 188 59 224 73 69 38 0 0 0 0 120 255 60 255 232 0 0 82
    82 160 119 255 255 26 205 245 206 255 125 255 150 216 91 255 19 112
    202 189 194 143 0 155 255 244 174 65 0 130 0 29 0 0 0 138 137 255
    174 255 255 0 46 158 255 156 0 83 238 41 128 37 189 144 178 0 134 45
    59 233 103 219 153 255 142 168 0 0 169 255 244 66 255 151 128 39 82
    0 255 130 24 46 0 139 0 10 100 25 158 87 184 0 249 66 12 198 255 0 0
    73 0 124 39 0 255 6 107 255 76 0 219 48 255 85 203 99 124 145 60 73
    32 0 102 207 74 59 255 42 0 255 9 255 157 164 254 0 0 134 255 0 255
    189 19 245 199 43 0 41 200 0 124 255 0 17 146 51 125 16 116 0 214
    255 255 0 247 105 0 40 159 204 255 255 255 115 72 94 84 128 0 255
    255 0 255 255 0 195 197 120 227 236 255 255 42 50 157 0 57 141 119
    98 151 199 0 203 0 176 133 221 237 78 255 151 0 255 214 215 0 0 55 0
    0 180 255 4 174 255 179 194 0 0 0 255 0 252 65 79 37 255 100 128 255
    218 255 166 56 113 0 45 0 139 173 170 92 159 230 208 255 255 248 59
    0 0 0 16 70 217 241 134 58 204 0 225 255 229 255 207 227 172 184 0
    114 255 122 181 255 255 67 255 142 0 190 0 0 119 0 184 255 0 255 194
    255 229 0 242 201 255 49 6 175 255 177 0 255 0 95 146 45 122 74 155
    0 221 249 160 229 138 181 177 129 0 94 187 255 0 168 184 141 255 228
    135 0 82 0 237 85 255 36 255 249 110 225 0 53 250 153 161 4 0 7 5 83
    0 0 13 255 57 222 179 0 48 139 9 0 255 101 173 231 8 0 255 255 71 0
    255 250 255 138 0 242 244 253 0 0 62 255 73 150 217 188 46 0 171 255
    173 0 255 56 87 189 130 251 255 255 255 4 169 0 0 255 228 165 255 60
    0 73 235 0 24 232 156 116 189 191 0 128 203 169 0 202 251 0 0 8 100
    186 0 0 27 255 85 222 0 93 0 255 0 164 211 255 255 0 119 0 136 255
    255 224 144 154 21 80 0 103 0 124 108 72 129 68 255 0 0 186 255 142
    66 121 126 135 13 144 255 0 24 255 113 70 255 0 0 16 199 158 24 161
    231 73 255 217 97 45 255 26 0 112 86 0 33 255 0 188 33 55 43 126 148
    0 5 43 0 50 152 54 207 130 0 255 162 255 255 4 84 255 0 0 214 255 26
    0 255 35 230 155 151 255 255 0 0 255 96 165 255 0 236 0 33 40 226 0
    139 188 0 85 121 17 44 0 231 185 112 193 238 219 154 62 255 6 12 255
    226 64 111 99 0 24 255 175 255 228 255 44 0 255 0 255 255 0 140 255
    147 0 44 99 156 0 189 148 255 215 201 0 0 255 0 58 181 0 255 0 0 52
    193 83 0 40 82 137 96 255 214 75 255 0 255 214 255 0 0 181 121 255 0
    202 255 152 0 0 227 62 0 255 116 98 116 0 162 32 0 255 117 116 0 191
    255 201 246 247 47 0 32 82 2 249 0 0 211 255 0 17 60 191 179 148 227
    73 226 255 83 132 255 63 64 255 120 255 6 102 68 72 155 245 202 0
    100 35 0 230 227 190 66 97 227 172 0 0 91 103 0 0 255 0 179 167 57
    41 129 255 216 0 45 0 96 100 243 190 59 255 89 223 115 1 250 255 32
    0 66 235 87 86 201 247 239 255 59 40 106 219 39 31 100 255 75 255
    104 255 35 249 58 255 146 255 0 0 0 255 160 147 122 255 11 227 255
    55 0 250 158 0 125 3 206 0 69 0 216 0 73 93 122 0 255 44 0 0 255 255
    13 107 148 255 255 0 0 203 70 0 0 176 0 232 102 146 255 78 255 255
    123 232 173 0 255 79 0 108 0 0 240 252 255 0 255 39 71 0 255 24 149
    0 95 73 0 255 255 170 137 255 3 255 255 53 10 245 0 255 217 92 0 128
    133 23 123 173 132 255 255 0 255 8 0 23 161 255 172 255 44 198 72
    237 33 0 227 47 255 255 125 255 255 255 125 58 0 167 255 16 149 255
    147 47 129 205 255 255 155 35 179 0 111 0 163 161 253 0 0 154 77 6
    157 13 0 134 18 0 45 0 36 0 85 202 47 255 75 194 212 255 35 232 255
    240 92 255 0 239 0 0 255 147 99 49 0 0 234 123 0 71 0 255 255 243
    118 243 48 0 0 0 255 218 88 193 0 111 215 215 135 255 255 9 178 255
    106 0 35 75 62 115 255 0 94 138 77 122 255 255 242 98 28 0 224 255
    170 0 0 255 255 0 94 146 193 186 85 199 95 106 73 176 186 0 0 231 32
    8 247 0 0 89 0 255 166 80 146 99 6 152 78 149 185 50 82 47 135 37
    255 179 0 16 80 0 0 133 255 79 255 0 74 4 115 157 184 0 54 101 52 0
    66 255 108 227 255 71 255 0 228 158 0 211 61 255 255 195 255 45 138
    177 0 255 0 188 255 224 0 34 44 33 111 199 230 54 188 255 12 0 171
    214 141 59 0 40 33 50 199 255 255 0 251 85 255 174 51 136 158 0 26
    222 233 255 173 38 62 255 154 0 255 160 0 186 0 0 211 255 0 132 149
    0 0 255 255 255 255 0 0 0 0 120 0 4 159 23 255 226 108 25 134 119
    255 154 112 56 36 253 19 205 245 169 29 0 68 0 255 255 255 176 255
    255 0 0 0 55 46 214 58 59 219 212 28 254 2 217 160 57 223 122 226
    212 83 155 255 0 255 255 50 90 94 83 26 255 152 255 173 203 63 0 97
    0 190 9 0 255 159 45 166 89 155 225 255 29 0 171 116 255 145 20 216
    255 150 1 0 255 255 0 238 0 193 0 64 255 33 130 95 146 217 127 83
    164 183 240 0 255 159 0 255 133 0 255 0 255 255 168 255 164 94 0 251
    66 141 137 145 238 255 120 211 255 255 255 145 230 0 0 255 0 17 171
    0 255 255 0 138 255 0 107 0 7 255 236 0 253 150 61 31 3 255 255 0 13
    25 207 126 255 45 66 25 219 0 255 37 239 119 0 111 94 167 98 0 54
    255 15 191 121 125 7 0 255 255 0 186 136 0 0 25 255 17 0 255 255 203
    188 119 0 44 51 64 133 255 0 18 19 115 0 207 59 67 196 14 251 255 90
    0 80 255 138 117 0 130 128 85 171 255 8 71 255 207 194 139 150 219
    255 0 0 207 70 230 241 69 39 255 57 199 23 255 245 88 255 0 255 0
    115 255 15 0 0 72 26 255 137 51 254 255 197 31 36 240 156 131 88 148
    232 231 241 184 152 0 24 82 0 193 107 40 184 0 255 66 255 255 193
    154 255 0 229 255 236 143 232 236 255 211 0 0 5 27 195 113 205 255
    255 231 207 255 38 54 0 161 0 233 0 116 195 76 255 255 255 255 74
    129 52 83 229 0 127 212 175 24 0 248 0 241 255 255 0 0 37 147 2 246
    168 140 124 0 141 255 0 0 124 0 255 0 0 246 134 29 255 244 135 161
    151 255 210 0 245 255 255 91 0 0 0 61 255 7 0 252 146 255 0 0 0 0
    255 0 188 39 255 36 143 178 157 10 255 0 74 158 0 157 48 170 0 210
    130 13 40 86 32 255 88 7 188 0 3 0 85 214 145 153 129 39 20 144 0
    255 76 0 29 255 36 215 255 189 77 0 146 49 116 16 255 0 186 255 212
    255 111 109 97 255 13 7 18 255 19 227 246 255 76 16 111 139 8 255 0
    100 255 11 86 32 248 144 24 118 157 224 57 255 106 120 205 173 255
    255 0 180 247 152 175 164 0 255 42 121 167 221 209 235 232 198 63 9
    255 255 60 255 3 255 24 143 147 0 252 243 169 0 255 21 242 0 0 236 9
    166 246 0 220 185 87 33 101 144 89 169 81 136 157 108 91 255 136 0
    55 236 0 0 185 97 97 201 243 0 255 230 0 255 79 212 255 54 196 0 92
    60 40 0 0 108 255 0 72 120 234 203 0 0 10 255 14 80 187 140 255 0
    229 255 0 255 120 217 166 255 0 150 96 208 255 104 255 255 245 205
    255 153 93 0 162 199 31 255 92 159 0 0 253 255 203 255 255 0 158 1
    255 3 93 54 177 255 255 255 44 0 72 20 0 150 48 255 249 255 241 210
    0 233 80 98 39 0 255 80 128 255 202 255 255 133 79 85 75 0 255 213
    48 0 0 59 168 255 0 135 81 219 119 231 228 0 0 14 255 158 0 255 0 4
    156 195 231 70 234 108 99 226 110 41 104 78 81 240 126 114 18 188 61
    169 79 148 10 172 10 255 255 16 2 74 102 0 222 194 69 70 156 0 0 0 0
    0 172 68 31 255 213 170 0 113 161 255 255 255 79 160 58 195 30 255
    190 76 255 60 18 242 95 26 255 3 160 255 255 8 0 206 142 0 133 255
    185 0 255 199 0 67 255 0 26 169 243 0 234 255 0 0 67 0 0 12 223 141
    51 57 115 255 249 6 149 255 192 255 233 171 155 0 245 239 18 97 255
    111 172 232 0 29 254 9 46 255 0 174 255 230 0 243 23 0 0 227 255 0
    255 7 165 95 122 255 199 140 255 0 118 158 110 255 0 0 100 255 202
    159 255 203 0 201 255 255 12 137 136 191 0 0 0 211 131 0 0 190 157
    166 81 102 21 247 156 58 50 102 159 200 245 248 56 197 164 255 255
    171 0 11 207 0 0 0 161 193 53 75 255 255 255 255 151 104 57 0 102
    244 230 128 210 50 255 0 76 237 231 255 42 217 255 193 0 126 173 5
    161 229 255 255 0 255 0 19 0 255 0 0 255 240 38 255 107 255 0 255
    161 203 255 0 140 0 151 0 255 154 0 255 230 255 96 165 46 15 0 90
    255 94 8 255 177 0 126 160 126 106 255 33 142 208 255 126 171 28 0
    255 0 23 186 81 1 0 255 186 120 254 61 188 0 7 255 68 236 169 255 20
    170 255 0 0 217 14 232 115 125 255 24 0 0 189 247 43 14 0 40 188 71
    224 245 0 157 255 99 129 0 110 0 66 217 197 6 255 50 63 255 37 0 186
    255 109 0 217 253 101 239 0 0 209 26 255 255 6 255 226 79 24 0 252
    212 53 147 255 107 133 50 160 0 50 255 101 194 60 0 215 255 255 208
    91 96 98 213 99 255 0 220 221 197 0 0 34 0 0 37 148 57 255 93 255
    132 0 180 70 68 161 10 226 198 0 133 191 253 11 0 132 162 177 255 0
    255 255 0 158 202 255 255 106 130 176 191 255 199 123 4 214 219 255
    233 255 92 69 16 148 0 128 0 100 161 0 255 149 20 246 18 255 168 7
    255 0 232 179 0 255 68 255 86 88 0 66 169 121 76 145 161 249 0 0 121
    0 146 255 132 253 162 114 115 0 118 255 0 94 0 14 0 0 255 255 255
    132 0 0 255 140 231 188 207 225 139 120 236 212 159 159 221 189 183
    79 86 0 186 206 8 74 94 6 212 38 0 236 0 219 255 117 225 255 176 39
    251 127 255 110 191 34 0 0 0 255 144 255 34 246 201 247 146 24 86 0
    0 255 255 0 36 0 131 255 205 4 61 245 0 255 157 207 199 116 22 0 73
    182 235 143 255 86 53 45 125 72 96 255 255 223 193 91 140 118 42 0
    255 60 255 130 158 39 138 103 255 255 9 145 201 255 101 20 255 255
    255 255 255 0 0 255 249 242 175 126 255 147 138 82 41 255 255 175
    184 134 0 0 0 38 0 31 64 173 255 72 94 136 215 0 251 95 4 255 147
    237 107 39 255 63 168 16 0 219 142 0 0 73 8 103 86 255 12 0 86 255
    125 134 255 0 0 255 37 0 173 62 140 255 200 5 29 255 0 9 170 54 87
    255 184 255 255 122 166 255 200 255 181 157 182 168 238 0 102 196
    146 255 0 179 0 26 77 0 237 255 255 255 220 255 248 98 255 255 0 0
    176 214 255 72 144 116 59 0 0 97 182 220 0 0 0 0 255 118 123 55 94
    20 255 150 255 223 0 178 255 255 150 248 95 131 10 79 43 0 246 92 0
    186 255 193 235 77 134 148 255 221 255 49 255 206 80 123 105 0 255
    255 0 201 255 163 184 0 30 177 0 255 226 177 245 255 255 89 205 0
    218 148 194 64 255 242 52 209 123 0 255 163 12 177 0 84 225 21 0 0
    19 233 255 173 255 169 9 27 201 65 255 96 65 205 136 3 255 233 220
    224 227 162 173 0 57 185 0 255 48 255 0 0 115 40 0 250 85 0 46 0 241
    0 49 0 238 0 89 31 255 31 6 37 255 0 123 128 255 22 137 30 11 230 82
    71 80 118 2 0 181 196 167 48 255 0 204 0 212 151 255 41 68 0 223 255
    0 189 121 146 0 175 255 95 171 255 78 9 89 150 0 54 255 81 255 128
    133 124 118 85 200 0 222 255 255 0 47 255 226 92 57 93 0 98 81 0 125
    44 0 145 255 234 12 129 255 201 0 255 160 242 68 96 197 30 64 70 255
    255 155 207 52 192 116 43 0 237 255 95 199 0 98 229 153 192 219 0
    101 135 230 181 122 255 0 255 0 127 60 255 179 255 255 0 252 8 34
    255 71 255 255 0 127 176 15 0 0 33 52 95 140 30 247 113 255 112 228
    188 128 0 61 185 244 77 255 80 0 36 207 255 221 238 33 0 108 0 129
    103 91 0 0 255 255 0 175 255 95 40 255 151 180 18 0 217 138 185 73
    223 255 107 77 255 0 255 104 0 0 212 164 74 172 235 172 92 239 217
    233 0 255 100 255 211 255 71 5 255 216 185 66 0 195 125 97 46 255
    229 0 161 0 21 73 51 106 36 220 246 181 65 220 77 77 132 229 57 173
    58 0 125 187 0 0 171 184 255 206 132 255 13 194 0 21 174 0 70 255 0
    138 172 255 213 17 255 22 38 255 0 159 80 98 119 186 0 255 214 43
    179 175 140 255 215 113 1 112 124 90 255 255 216 0 0 249 255 0 255 0
    123 58 102 54 90 80 0 0 0 194 88 157 30 194 255 119 173 65 212 88 0
    255 118 29 47 248 244 0 255 81 242 240 215 145 0 182 253 3 7 255 255
    154 162 152 46 96 255 0 208 26 31 0 109 11 152 218 0 240 169 47 0 54
    127 143 136 255 0 89 11 9 69 0 175 125 201 3 0 159 76 0 255 133 72
    196 91 255 255 106 72 238 0 16 255 91 255 255 240 130 164 0 5 188 39
    255 53 13 255 0 168 0 51 82 35 245 0 0 0 88 230 202 128 0 0 255 199
    0 45 21 33 108 255 255 0 212 24 202 41 224 51 86 0 255 60 117 55 88
    154 255 255 137 0 33 0 0 249 228 69 186 216 226 179 50 69 255 215 0
    180 152 255 255 0 255 142 220 150 162 204 63 189 241 218 0 0 205 84
    255 153 78 255 241 46 2 165 255 176 195 48 156 255 120 53 255 215
    255 0 28 0 0 0 255 0 118 0 0 52 190 0 228 255 255 255 255 238 31 98
    0 255 239 0 255 255 85 94 255 147 9 2 0 255 180 178 255 0 0 255 238
    187 145 255 160 129 16 255 248 255 0 255 178 8 175 95 89 183 0 236
    211 134 46 201 180 0 0 92 233 0 95 255 59 9 0 144 255 0 148 255 11
    84 226 231 104 255 191 0 44 0 77 239 0 255 33 155 255 255 216 108 97
    238 251 85 97 105 255 255 162 148 252 169 118 255 84 255 255 75 255
    33 157 194 227 17 218 136 255 197 154 204 255 123 255 112 46 131 251
    3 11 0 171 0 133 116 192 255 27 54 109 150 174 219 0 68 238 116 0
    104 255 76 14 255 91 85 227 0 40 0 0 138 228 41 54 116 10 208 20 255
    188 205 241 255 223 0 0 108 77 165 255 255 184 106 238 255 0 0 255
    69 120 32 152 153 122 255 242 32 186 56 255 0 206 255 255 145 250
    246 129 255 52 147 255 0 39 255 194 210 119 163 112 55 248 74 62 132
    221 146 250 255 155 151 9 17 86 0 96 255 67 122 171 46 255 253 101
    255 169 0 0 249 8 236 67 64 148 0 245 67 255 48 116 3 0 0 222 255
    113 87 255 0 79 0 0 222 0 0 0 0 209 54 255 255 255 241 26 0 255 112
    0 158 255 201 224 255 0 251 99 0 151 152 83 255 0 14 98 179 197 161
    220 0 131 124 79 161 242 47 252 130 255 209 87 255 255 4 0 249 50 38
    23 0 255 0 255 0 236 0 0 255 255 225 27 187 83 85 44 51 27 255 67 96
    58 76 220 153 123 200 109 255 0 0 255 0 0 255 255 186 65 89 0 17 84
    31 255 125 0 110 255 101 15 134 0 0 19 217 141 35 255 31 173 255 239
    255 142 79 135 82 126 0 79 78 63 220 62 255 255 0 0 191 248 198 0
    120 255 186 255 190 224 232 70 159 17 68 103 15 234 44 200 204 106
    255 3 237 82 30 0 255 41 42 55 255 155 120 116 255 99 162 255 223
    255 246 21 255 54 199 204 236 81 119 107 58 255 255 12 160 164 0 188
    4 200 67 152 0 39 255 24 255 0 0 26 3 51 0 215 103 0 17 255 253 162
    58 5 255 244 75 255 170 255 79 49 255 62 0 255 246 0 95 181 94 0 171
    235 145 179 0 134 255 128 62 248 0 255 255 200 255 255 0 0 255 199
    228 0 0 255 0 152 0 91 222 86 255 0 255 255 137 0 186 251 255 120
    119 16 65 3 41 246 0 164 180 255 0 241 255 0 255 48 164 123 255 54
    255 0 255 255 48 255 171 201 101 156 66 37 255 255 255 5 19 255 56
    118 62 0 255 186 216 248 156 102 218 0 198 0 165 38 255 112 255 249
    75 70 0 106 63 156 255 149 120 0 255 255 119 0 67 3 50 237 0 52 68
    229 0 0 146 109 0 0 194 27 0 78 255 255 50 0 207 145 242 186 255 26
    0 5 212 168 255 153 254 138 216 152 74 255 39 237 255 0 0 105 213 91
    0 0 113 219 69 243 175 255 0 158 223 255 18 228 0 186 39 7 255 0 76
    0 239 3 115 0 8 255 164 0 24 60 72 157 191 255 0 45 63 155 255 0 212
    157 255 144 46 154 0 112 0 123 0 41 0 0 53 255 195 0 247 118 59 106
    0 253 255 41 0 19 0 43 255 255 66 255 66 51 197 65 183 0 48 207 255
    157 200 0 0 109 69 0 0 194 228 255 18 255 113 179 255 38 96 245 160
    255 0 181 255 0 255 0 255 255 255 50 0 248 245 0 23 255 157 236 66 0
    255 0 0 158 105 255 169 7 148 254 0 0 172 0 223 223 102 133 255 149
    230 0 255 255 240 89 35 178 134 52 227 201 7 169 111 69 69 0 0 0 64
    68 186 156 172 151 208 0 0 115 0 184 0 0 124 105 255 0 0 204 240 0 0
    246 196 242 194 255 255 255 255 81 106 255 6 29 0 252 222 87 247 30
    255 0 132 0 77 54 247 255 83 116 255 255 86 178 0 38 255 26 248 255
    215 251 246 79 36 0 152 181 121 0 255 0 115 255 73 73 84 255 255 6
    255 11 4 0 40 201 122 255 222 237 64 70 0 0 57 25 255 27 182 163 46
    95 4 255 18 113 97 202 159 0 251 42 0 1 111 255 150 46 0 238 180 140
    118 126 4 255 176 0 128 0 255 194 255 233 217 24 15 119 81 147 219
    255 46 0 213 72 71 203 41 110 0 217 87 0 209 136 204 0 255 154 210
    255 0 0 104 237 255 255 255 255 0 181 0 64 255 166 110 89 191 83 0
    157 64 48 0 0 176 253 33 255 255 0 20 0 255 255 144 0 22 0 0 128 243
    114 0 86 255 231 255 49 0 101 255 255 0 255 236 195 255 255 0 0 255
    222 41 161 152 106 0 253 103 255 0 12 66 0 168 255 118 213 0 0 255
    41 0 255 142 255 0 255 243 121 255 255 0 210 93 255 255 245 58 255
    86 178 255 90 218 6 255 99 255 214 0 255 125 255 0 18 144 0 0 218 0
    255 200 255 203 194 246 19 26 22 102 0 0 255 126 0 30 255 0 52 130
    201 51 255 255 67 255 140 133 255 255 0 183 63 0 82 255 255 92 164
    255 0 13 46 0 247 215 17 99 211 36 102 0 64 255 59 0 9 189 255 5 7
    255 97 203 69 11 88 255 0 127 21 0 53 2 145 255 255 255 27 4 255 31
    0 154 134 167 0 103 0 202 154 0 117 141 97 0 240 140 255 207 170 255
    255 114 156 11 127 0 25 79 0 197 202 0 94 190 193 96 0 255 241 238 0
    158 255 52 0 13 123 255 0 71 211 219 34 0 84 63 227 66 255 88 255
    164 0 177 118 187 53 255 255 249 194 71 255 17 0 0 201 247 33 160
    157 8 26 73 176 255 0 0 255 236 0 132 8 12 119 234 132 128 255 255
    255 137 150 0 0 0 101 0 126 254 0 82 255 168 211 255 36 78 101 237
    249 215 0 0 16 69 9 151 0 192 255 172 0 110 186 243 255 255 150 166
    109 0 255 0 107 223 101 58 27 255 179 0 182 64 138 116 8 180 255 146
    119 255 118 50 0 180 212 0 255 150 255 0 188 160 66 219 0 0 239 0 97
    255 0 116 209 2 157 255 107 0 255 255 102 255 11 241 255 19 119 112
    185 255 255 0 100 165 0 0 255 255 0 123 255 0 13 0 0 88 206 153 66
    255 105 255 255 175 0 172 149 55 0 255 156 201 142 195 41 232 255 24
    190 79 212 33 177 24 255 255 46 71 7 152 0 64 244 0 0 178 0 126 148
    20 153 151 102 68 134 255 192 255 70 0 0 62 239 12 255 0 249 255 255
    33 78 217 255 86 0 219 81 54 106 44 0 94 85 62 80 150 255 128 254 0
    32 0 176 105 32 223 174 255 70 162 255 255 177 199 107 0 83 18 255
    107 19 4 255 37 0 246 63 74 109 97 113 12 57 0 163 255 0 253 169 0 1
    247 0 59 67 230 18 97 244 147 226 67 0 255 22 240 92 209 0 56 237
    255 221 221 255 194 148 0 0 85 0 45 255 158 255 250 255 137 0 0 49
    12 181 127 14 169 195 221 93 82 64 116 102 0 164 41 189 237 0 181 1
    132 255 195 255 255 0 0 102 255 255 0 238 0 140 0 234 255 61 132 13
    0 255 125 255 0 158 255 120 103 41 196 211 0 0 172 0 195 0 59 90 212
    225 215 140 228 255 139 31 255 225 251 27 48 104 114 4 173 14 144 0
    51 27 0 255 105 255 187 255 139 231 199 90 255 49 0 106 255 255 126
    255 222 0 121 84 94 0 1 192 170 19 173 72 80 226 255 255 32 156 191
    0 0 0 0 255 0 255 92 204 174 167 99 53 64 20 231 12 191 221 255 118
    62 0 163 200 0 255 120 255 91 255 255 250 41 255 5 62 252 7 0 0 213
    218 74 33 255 255 75 0 255 0 172 127 231 255 198 41 255 0 180 224 0
    138 255 67 8 255 179 111 170 211 232 172 116 161 112 0 0 129 33 211
    179 126 0 0 200 85 203 3 0 230 207 0 255 0 255 155 45 230 80 98 255
    233 0 0 57 0 60 121 127 83 43 8 0 39 187 255 63 89 0 186 80 0 216
    195 147 187 228 86 100 124 249 21 153 50 108 104 91 0 92 108 90 94
    27 32 0 0 126 221 30 0 122 0 243 33 255 38 255 102 74 33 67 33 0 216
    134 226 111 136 122 161 152 189 42 101 228 146 255 225 77 184 81 23
    222 199 255 255 0 142 0 0 255 91 20 109 0 138 28 0 35 205 0 0 255
    242 0 0 28 245 255 43 207 244 255 0 0 103 113 107 33 110 216 255 109
    74 253 46 192 54 255 13 206 0 224 49 80 2 255 0 255 36 237 0 17 255
    17 13 102 169 255 209 68 255 92 59 59 164 0 226 133 35 3 255 194 255
    161 255 0 255 221 95 19 226 0 31 255 255 210 226 142 186 0 33 102
    144 0 156 255 73 105 0 71 255 96 159 246 34 255 203 168 39 151 0 179
    199 63 228 0 0 129 205 110 255 255 187 15 117 255 131 166 27 131 255
    255 185 5 185 151 193 173 255 197 0 255 131 255 103 0 255 255 0 111
    0 0 32 0 207 227 255 255 67 0 34 182 181 0 111 255 165 252 255 87 17
    255 255 0 195 54 31 63 0 9 255 195 126 81 196 206 130 166 20 179 62
    80 233 135 228 0 255 49 146 0 140 239 49 255 174 222 200 29 248 124
    255 255 255 0 233 255 0 152 255 255 0 212 219 3 255 165 0 246 209
    121 228 126 37 37 50 255 46 133 98 4 0 255 154 0 255 160 233 255 85
    166 208 231 19 225 43 255 0 9 171 222 52 0 255 67 0 255 180 154 197
    61 178 100 78 129 255 40 0 255 0 51 0 255 162 240 255 0 255 0 0 117
    2 216 255 74 154 208 0 8 69 230 130 255 237 9 205 77 226 70 250 100
    252 255 42 122 174 208 248 6 255 59 60 3 111 255 224 56 205 68 160 0
    43 255 0 0 151 255 254 225 18 85 0 255 136 55 188 176 0 30 248 0 30
    79 92 0 255 0 206 153 255 255 0 255 64 169 0 110 50 0 51 86 0 192
    170 255 210 151 60 153 220 200 25 153 209 192 211 80 182 191 78 2 33
    0 0 0 150 145 255 0 11 203 3 59 255 255 116 255 255 0 14 255 0 62
    234 221 108 214 102 208 209 56 154 73 255 255 187 100 0 0 86 39 253
    255 255 0 0 205 118 0 180 255 119 255 83 248 122 233 255 84 255 65 0
    241 127 255 218 255 203 206 255 203 32 32 0 201 0 93 144 254 0 241 0
    0 45 22 179 6 0 214 0 113 190 0 0 130 6 240 139 84 0 136 234 0 61 0
    0 195 0 255 67 41 76 54 255 255 0 0 255 172 244 140 92 255 0 10 197
    193 255 212 0 211 21 15 98 22 255 133 38 0 201 107 117 7 255 95 123
    94 3 0 0 0 255 255 212 247 17 111 0 255 126 255 172 132 117 14 98
    153 219 95 0 208 19 23 174 255 59 80 255 0 0 39 129 32 255 93 129
    208 165 93 185 85 39 80 255 164 255 82 0 25 64 102 142 50 57 12 193
    255 115 255 232 149 200 0 255 114 94 255 8 255 95 171 255 104 255 0
    19 255 0 255 61 255 220 34 0 0 255 24 0 38 237 248 75 147 255 105 1
    0 0 255 205 93 93 0 186 0 71 0 255 0 119 155 255 130 157 123 23 255
    124 20 215 0 0 159 0 0 65 0 0 255 0 148 25 255 8 110 235 255 140 164
    255 133 237 209 194 237 255 152 226 165 124 208 85 0 87 146 7 174 45
    197 9 0 72 12 134 98 117 255 156 48 192 72 1 93 132 255 73 255 184
    255 168 3 255 195 80 220 0 112 0 243 255 37 128 255 134 87 0 255 83
    222 150 17 37 167 0 0 0 0 0 88 48 38 255 255 206 0 255 111 61 255 51
    255 255 0 142 191 69 0 142 132 142 147 235 255 144 255 255 255 224
    218 24 0 255 15 1 84 255 166 0 170 65 0 0 38 255 114 0 255 10 188
    181 42 255 248 237 145 249 255 100 255 0 72 0 0 24 255 0 255 0 102
    143 255 130 46 45 198 253 249 0 255 45 0 234 222 51 212 120 0 0 0
    109 86 8 0 19 0 0 225 255 78 255 89 57 248 63 201 46 181 255 157 96
    0 115 107 255 78 0 255 255 158 232 255 255 142 235 255 53 103 4 244
    117 255 228 80 220 75 39 11 185 255 74 255 49 0 255 127 0 99 51 92 0
    1 95 0 5 59 250 119 196 52 208 5 255 255 0 201 204 0 255 0 0 0 0 0
    254 46 237 0 241 210 163 151 253 0 204 146 137 15 137 255 54 87 185
    54 255 255 237 71 211 76 143 125 183 156 149 67 195 159 139 165 238
    184 234 0 255 122 255 251 0 63 185 0 12 241 255 190 193 255 54 32 1
    250 0 18 147 215 0 69 68 255 255 0 209 129 0 30 16 112 191 202 0 176
    255 15 158 212 174 29 81 59 0 46 0 255 245 0 254 253 0 255 244 150 0
    255 21 255 27 255 156 0 0 68 75 237 115 2 255 0 0 177 0 87 213 60 46
    255 15 255 0 205 231 208 255 220 107 0 47 72 130 19 0 123 255 74 179
    48 255 223 0 140 54 255 55 70 5 0 9 255 207 137 255 132 212 0 112
    238 71 17 255 231 78 255 204 137 105 104 255 164 230 225 164 255 80
    97 255 0 8 83 0 0 142 189 0 152 0 126 86 0 95 255 204 255 220 200 21
    255 255 250 87 255 0 39 182 255 171 240 255 255 78 255 255 88 57 255
    209 172 94 0 121 135 122 55 255 255 0 0 255 108 34 0 33 0 255 118
    103 203 151 156 49 0 194 234 255 255 74 225 0 161 222 255 180 204 60
    255 51 177 200 78 163 62 0 141 0 255 0 123 0 30 255 0 255 255 239
    252 255 255 0 55 164 207 0 219 236 119 0 0 163 0 149 156 209 0 174
    255 182 255 0 12 0 247 0 206 255 174 255 255 220 231 133 60 210 209
    150 58 11 55 255 82 105 139 137 0 255 132 0 230 103 141 224 53 230
    245 255 230 0 255 42 155 20 209 0 0 0 255 255 168 45 25 0 255 0 105
    92 54 0 195 71 226 29 181 217 100 26 253 0 17 255 154 6 124 123 255
    255 234 0 255 115 0 195 0 0 255 36 101 145 68 187 255 255 243 199
    205 161 0 0 94 255 157 163 115 47 255 207 3 117 53 255 0 0 0 137 190
    32 255 0 0 9 0 91 21 108 255 45 86 255 0 222 0 244 218 0 58 255 255
    0 255 0 255 0 118 139 0 255 81 0 49 0 193 44 255 97 0 0 255 131 202
    0 130 255 255 134 59 0 221 232 174 75 255 255 149 125 255 255 81 124
    144 134 0 0 251 0 0 236 194 0 73 53 1 33 86 28 0 0 8 172 193 208 252
    0 146 255 58 87 19 255 255 46 133 255 0 89 7 0 106 161 45 0 0 255
    220 0 224 0 79 229 0 57 87 140 255 0 255 113 112 125 0 255 77 255
    205 192 255 60 0 255 0 178 240 165 255 186 88 255 163 0 255 222 166
    152 255 45 0 172 0 81 229 0 208 255 255 0 0 226 167 85 9 243 248 255
    202 0 52 69 0 135 215 55 0 126 214 232 94 21 193 197 0 145 251 255
    238 152 255 0 206 0 189 0 88 83 255 103 157 255 60 226 71 31 51 20 0
    255 230 0 0 217 0 20 255 255 192 255 61 255 0 72 201 181 243 41 0 97
    0 205 23 251 224 220 255 0 0 252 133 225 138 0 129 255 212 166 255
    255 205 154 255 76 35 161 185 0 0 156 25 101 0 15 86 255 228 255 251
    0 0 6 255 75 175 255 153 255 62 79 222 0 113 191 0 255 144 241 68
    157 220 122 0 0 0 99 58 42 99 255 0 144 111 0 255 45 0 189 255 20 44
    0 216 33 0 24 255 78 255 196 0 168 0 112 26 255 40 239 247 0 0 165
    227 224 255 147 0 0 12 231 192 255 0 2 255 255 233 255 76 215 255
    255 206 255 188 104 255 30 223 22 200 156 175 244 254 178 217 108 1
    0 255 133 0 157 95 0 0 36 158 255 255 0 178 105 0 201 85 255 123 83
    255 176 0 240 187 119 255 0 0 58 204 0 0 32 0 102 140 0 255 30 0 7
    255 152 255 151 0 207 0 0 180 19 33 0 0 44 255 180 222 255 182 255
    255 98 99 249 195 255 255 255 0 53 255 255 0 255 255 100 0 58 186 52
    51 252 255 45 106 0 255 93 39 85 0 255 0 0 207 142 255 236 249 161 0
    255 108 255 21 204 254 255 126 0 255 255 76 0 0 0 235 0 115 255 134
    37 237 1 193 88 213 255 255 255 88 182 183 39 0 255 0 0 0 97 130 144
    92 255 255 0 116 126 255 255 0 114 248 0 43 0 59 152 0 198 255 58 0
    55 222 255 247 255 126 152 5 0 166 255 255 13 0 173 87 116 224 255
    128 114 59 160 156 163 255 99 44 166 255 28 13 36 255 0 0 255 196
    255 72 255 1 118 0 110 159 0 255 162 252 6 195 255 37 241 0 0 195 63
    254 0 133 226 149 37 205 255 185 133 19 147 5 153 186 0 255 134 23 0
    0 0 0 5 255 198 0 129 65 62 0 255 0 69 255 0 255 255 255 251 255 98
    0 214 127 255 255 80 0 241 105 0 76 255 255 36 168 255 255 15 255 88
    204 0 0 239 210 0 255 217 255 22 0 255 103 0 254 255 159 150 163 117
    92 160 230 255 114 72 243 207 210 71 131 255 255 188 154 0 255 252
    147 159 0 255 0 0 218 227 182 0 54 193 168 255 165 183 43 48 73 255
    62 111 116 0 252 0 88 39 23 0 43 133 213 32 255 238 34 152 198 48 95
    88 255 255 245 255 0 205 36 255 77 32 84 193 224 119 168 119 112 98
    139 0 61 0 255 149 236 224 51 108 255 249 255 153 255 212 0 86 101
    191 255 0 200 255 125 8 255 17 255 164 0 181 227 73 188 247 94 198
    16 21 0 228 188 202 0 47 255 38 196 255 213 218 0 255 205 184 0 162
    221 255 197 22 231 109 185 189 221 255 98 255 255 255 255 10 6 255
    255 27 178 90 255 92 178 165 0 0 117 233 0 213 255 0 255 195 255 11
    133 37 60 0 255 166 255 0 246 233 232 255 0 255 167 240 0 81 68 2
    255 129 0 0 0 255 215 173 0 0 254 0 14 30 224 193 0 21 255 255 0 0
    14 122 2 61 51 103 255 24 129 122 84 254 11 164 200 0 178 23 0 255
    249 239 4 161 121 95 28 0 221 224 255 175 122 255 0 133 66 156 47
    226 94 0 203 0 0 255 65 172 218 252 220 0 189 0 0 0 255 236 244 116
    110 66 83 123 96 255 57 87 140 31 255 9 48 255 0 0 155 231 0 255 0 0
    244 159 0 123 7 255 226 159 231 206 51 221 188 135 140 236 106 1 78
    194 0 0 0 0 214 198 12 68 255 56 210 95 71 1 255 255 87 137 200 52
    255 45 240 145 151 255 176 0 201 151 255 87 255 0 255 255 130 138 30
    255 200 255 252 0 255 227 187 255 244 255 255 218 214 0 139 0 255 7
    0 255 255 255 0 255 255 234 4 0 8 0 200 121 255 247 11 0 73 181 0 48
    134 140 255 233 169 4 255 170 50 207 0 9 38 185 37 39 141 59 255 102
    255 27 59 13 111 149 44 162 134 225 254 181 155 142 47 156 163 0 219
    239 211 40 44 153 129 81 0 179 86 0 22 0 226 204 0 255 226 255 253
    195 255 128 255 255 114 144 62 255 210 173 255 0 255 255 0 131 255
    182 212 168 255 38 164 29 255 79 0 189 150 1 101 111 172 233 68 108
    228 160 255 232 0 198 255 162 179 255 0 123 107 153 0 176 208 0 255
    0 49 255 255 218 255 255 250 101 95 47 99 174 255 106 184 20 155 148
    0 38 0 76 50 124 47 156 74 255 184 255 0 6 241 91 255 1 255 63 184
    164 203 60 0 226 67 138 30 49 0 0 121 0 93 144 159 0 211 126 106 127
    211 255 255 139 255 255 17 23 0 170 7 0 0 114 9 89 255 225 0 0 202 0
    146 221 0 147 253 0 255 255 205 124 16 157 75 255 87 24 0 136 27 28
    255 0 177 191 197 223 255 184 255 101 255 168 0 158 190 0 86 152 0
    255 114 230 226 17 113 208 0 151 88 158 40 139 177 188 128 0 199 0
    247 91 141 255 255 139 229 235 194 172 0 220 189 255 0 137 255 255
    255 20 0 31 85 0 0 140 175 4 248 100 195 59 83 181 142 99 255 126
    175 255 202 0 187 255 0 183 240 0 255 33 200 255 7 0 79 62 201 195
    253 255 255 174 102 0 0 109 229 53 255 255 39 75 255 0 220 0 75 76 0
    103 165 0 255 174 0 9 173 0 103 111 249 0 20 127 29 255 222 61 128 0
    204 203 149 199 0 133 114 246 189 66 17 84 255 126 184 174 123 62 0
    239 255 154 255 130 32 0 255 154 255 0 82 0 0 255 255 210 112 0 135
    52 255 122 156 210 221 0 95 152 0 194 255 149 181 226 167 18 0 0 0
    174 255 255 200 255 255 60 19 29 143 0 0 32 64 222 11 30 152 21 0 0
    106 95 232 0 162 83 48 6 217 0 0 255 126 255 255 0 188 255 255 0 140
    154 129 241 54 154 95 55 0 154 205 0 12 119 229 0 0 255 255 0 15 0
    255 120 146 176 136 80 241 93 188 0 119 0 169 0 0 14 255 130 0 255 0
    255 70 45 152 255 255 243 171 0 0 251 43 255 121 32 0 41 0 0 0 202
    254 16 0 255 230 91 0 255 219 255 0 181 75 255 255 137 61 230 255
    162 29 213 255 255 125 92 20 230 255 176 97 255 0 255 19 0 175 12
    249 136 213 51 126 99 67 63 148 71 144 175 230 161 0 113 1 127 255
    46 255 185 2 108 49 143 182 29 126 161 255 47 239 66 0 99 255 141 69
    0 0 0 85 70 40 124 164 138 0 0 0 255 45 255 255 0 255 44 255 205 206
    146 97 255 195 25 108 255 0 0 60 69 0 255 0 204 143 13 255 60 19 25
    193 22 95 183 255 255 23 0 89 210 0 100 99 159 178 16 27 255 115 0 0
    255 32 0 196 255 120 226 109 0 243 195 215 61 255 171 80 139 0 255
    48 0 117 160 124 147 47 148 220 100 28 255 255 225 179 126 228 90 0
    0 83 190 186 50 209 140 95 195 81 118 255 27 170 255 145 90 185 148
    36 131 255 255 67 0 255 201 0 255 124 0 99 255 182 255 255 231 46 84
    255 193 0 0 255 0 253 0 255 0 38 0 0 204 255 30 245 100 50 0 219 57
    146 14 195 255 31 255 255 0 0 235 255 224 34 5 0 8 0 255 165 111 235
    127 255 218 210 255 255 0 255 231 168 74 211 109 0 78 234 95 40 135
    55 135 35 13 255 255 31 255 1 255 255 178 251 0 74 108 49 0 200 0 44
    229 104 255 40 220 13 251 244 49 203 108 53 194 82 161 0 255 12 123
    151 0 170 165 146 255 0 0 174 0 156 0 60 84 230 55 0 255 34 36 162
    117 29 0 255 255 0 255 88 255 181 155 53 28 39 255 0 206 0 197 255 0
    112 149 255 85 120 177 130 56 0 255 171 8 102 197 48 170 0 255 130
    89 171 73 255 228 192 255 81 8 168 93 53 0 117 197 178 0 253 64 135
    46 0 53 255 174 68 91 242 0 250 141 195 0 9 146 169 0 170 255 212 0
    255 0 162 255 19 255 255 165 251 36 13 0 0 0 255 3 142 255 81 230 8
    50 0 0 0 219 242 69 204 23 218 132 255 135 62 245 139 253 2 0 0 134
    255 0 0 0 255 0 0 255 211 255 255 215 164 15 133 0 23 0 28 0 135 207
    0 111 0 255 106 212 0 193 255 0 120 132 0 207 47 57 175 206 255 13
    147 255 36 184 110 197 187 21 51 255 0 255 255 68 172 0 110 128 121
    213 226 199 101 129 255 255 64 0 0 255 0 190 100 0 255 204 76 176
    255 14 0 255 20 0 255 96 22 0 255 255 110 74 222 199 233 123 255 5
    255 137 113 254 245 81 85 0 178 0 255 255 255 220 160 0 239 35 0 255
    255 212 173 53 0 247 205 255 255 255 153 138 59 174 0 255 0 22 95 0
    170 255 181 0 180 0 244 255 0 215 134 0 120 238 0 114 222 29 22 255
    0 0 222 86 228 109 128 255 255 0 33 65 255 255 232 40 143 237 200
    137 254 148 129 255 223 0 211 221 210 157 195 77 31 175 0 189 125
    255 212 85 0 31 255 124 0 0 183 255 10 167 136 162 255 85 71 0 226
    235 0 173 248 175 0 20 105 0 164 203 204 213 0 0 0 0 255 40 0 241
    188 216 9 246 240 23 80 0 255 9 255 93 140 49 20 0 142 155 91 41 0
    255 65 72 255 15 41 124 28 255 80 17 5 14 255 160 255 0 220 255 40
    226 206 79 154 214 21 143 255 19 68 255 0 177 0 127 57 255 144 255
    220 252 38 93 161 134 106 255 255 255 0 0 24 92 116 237 194 151 0 50
    210 255 255 172 179 181 111 242 0 255 246 0 163 235 0 130 123 84 0
    84 255 251 28 191 35 39 204 120 122 53 238 0 255 0 201 255 255 255
    110 215 43 73 0 151 100 175 70 255 0 0 0 0 0 0 237 252 0 255 183 35
    19 228 0 178 216 216 251 255 208 123 4 51 0 159 73 57 129 236 255 87
    255 0 33 18 255 0 52 69 130 117 162 30 181 167 255 151 0 187 0 0 15
    208 0 216 255 255 0 255 183 255 255 0 255 255 110 255 170 19 166 154
    128 0 255 54 150 0 184 255 255 12 34 179 219 255 0 255 255 255 200
    229 14 142 0 231 189 247 192 0 255 0 237 123 248 84 72 0 66 253 0
    115 255 175 251 253 219 210 68 0 42 113 105 92 238 66 153 29 138 255
    252 199 112 66 238 8 0 72 255 255 249 0 71 0 41 225 36 143 0 202 0
    255 97 3 197 255 52 128 157 159 0 255 0 81 255 253 0 0 255 0 255 107
    134 255 224 0 87 0 255 234 200 148 0 255 141 255 89 0 255 0 95 93 0
    119 38 8 0 105 255 72 0 0 187 255 64 181 255 220 0 255 84 218 244
    159 255 255 102 15 39 0 82 0 223 147 0 255 139 0 255 255 125 255 242
    45 176 68 0 63 234 96 216 102 192 230 0 255 0 0 83 230 0 122 182 0
    147 2 7 24 255 255 255 255 255 132 181 104 0 0 90 16 204 252 237 0
    204 148 51 255 255 177 10 0 72 255 0 14 255 10 3 255 50 244 12 0 0
    255 106 255 56 238 0 207 82 0 167 147 97 29 142 0 92 68 92 204 161 0
    0 207 4 0 158 232 255 144 255 94 255 255 66 55 77 84 146 78 5 161
    135 158 255 0 141 112 25 163 0 255 221 178 161 167 92 0 0 0 67 81 26
    167 63 0 112 255 196 129 41 235 168 105 170 19 255 105 36 201 255
    232 255 194 239 13 204 205 184 160 185 255 115 22 255 79 235 255 0 0
    150 0 90 230 73 196 9 20 226 0 55 0 255 84 69 24 127 35 210 255 0 0
    255 224 19 151 0 91 131 172 153 95 246 9 187 92 88 127 37 175 0 163
    255 73 255 0 226 0 184 245 0 132 14 0 181 77 255 0 18 255 42 241 0
    193 0 164 0 255 225 0 63 214 225 255 255 255 0 167 13 187 252 0 117
    255 115 202 32 170 0 217 255 133 255 231 44 204 11 17 247 0 0 188
    248 221 110 255 135 244 41 79 59 49 253 255 17 47 169 161 0 137 255
    155 115 235 255 0 156 255 0 169 255 99 35 36 229 255 255 56 248 255
    181 249 0 181 183 80 162 48 0 255 0 222 234 239 255 191 0 82 255 23
    233 109 38 255 255 255 0 0 193 193 23 255 0 255 0 163 204 132 255 0
    6 255 26 236 255 94 255 119 31 165 243 255 0 84 255 134 255 197 0
    225 0 255 82 55 255 138 255 255 170 37 70 189 82 149 0 80 30 0 0 223
    255 134 255 250 172 245 119 0 54 255 255 255 0 255 22 0 255 71 0 177
    255 61 105 255 255 175 255 255 178 0 255 0 141 36 19 229 214 56 90 0
    111 132 89 225 150 255 239 0 248 177 0 196 178 0 0 23 25 8 0 24 255
    151 0 242 208 34 0 148 173 62 255 18 99 163 64 221 0 215 49 8 49 255
    128 105 3 255 117 255 147 0 70 94 17 116 255 157 165 76 248 156 220
    83 71 56 0 211 0 169 0 255 206 48 0 107 255 0 14 255 0 70 255 255
    152 255 255 93 156 0 255 121 156 143 124 197 0 103 255 0 82 45 255
    178 185 255 94 251 168 34 0 114 35 14 197 217 0 255 5 0 144 101 56
    198 255 0 255 197 161 255 51 95 100 255 0 188 255 64 252 48 113 189
    246 227 154 76 0 235 10 14 202 255 9 255 32 240 206 0 105 0 107 143
    204 255 0 100 210 165 255 101 154 0 255 127 61 255 225 180 255 184
    255 255 97 0 17 231 0 62 255 179 0 24 255 19 246 0 115 24 142 0 0 0
    181 168 180 158 100 248 62 232 54 98 255 91 0 160 0 18 153 69 41 55
    174 0 170 237 143 100 102 255 68 203 107 255 199 192 54 205 45 165 0
    255 40 255 97 144 175 102 255 0 82 190 206 255 0 255 0 54 255 255 0
    163 0 114 0 0 255 255 255 0 65 255 0 255 255 255 94 255 245 178 104
    6 187 82 255 232 0 0 56 93 213 32 60 255 255 141 4 255 0 170 133 255
    255 104 156 0 99 165 0 42 0 181 101 0 0 91 193 63 109 195 70 218 0 0
    2 170 0 0 190 0 128 255 174 255 255 0 15 203 255 193 0 198 166 193
    124 255 66 8 118 255 179 63 35 13 2 0 180 62 205 4 234 255 95 57 168
    159 0 47 106 255 255 0 0 240 156 255 150 162 255 30 255 255 0 255 16
    0 38 0 44 20 0 131 83 229 230 204 90 156 63 160 0 0 255 249 205 59
    117 19 107 252 0 188 49 228 0 157 0 0 241 103 255 255 163 0 110 255
    175 255 153 154 230 0 0 12 0 236 148 0 0 149 146 107 86 118 63 255
    164 124 115 47 61 255 221 253 255 0 29 191 198 0 255 126 208 255 168
    51 222 0 0 12 66 229 232 74 228 39 0 235 221 143 186 61 0 0 165 54
    144 26 0 1 24 119 29 31 255 0 255 33 90 0 255 255 75 151 0 199 164
    115 255 225 156 181 255 68 49 158 255 46 255 0 255 0 255 0 0 143 196
    0 0 180 255 77 35 255 0 255 0 255 7 37 231 255 162 82 202 0 65 78
    180 255 32 0 177 222 0 228 0 88 157 255 255 199 0 24 87 0 50 82 127
    195 255 0 162 190 255 96 22 0 0 255 87 0 101 47 0 255 24 194 234 76
    57 82 0 0 0 255 0 248 42 255 17 115 255 253 255 186 0 114 126 124
    170 0 90 0 0 100 68 97 69 0 158 0 58 48 254 255 186 83 255 0 106 199
    154 130 0 255 117 0 241 255 185 174 12 6 132 255 171 255 239 116 0
    158 252 27 200 188 0 255 198 26 0 255 194 0 39 80 52 128 39 255 0
    125 0 247 227 25 211 22 134 203 35 51 134 241 73 255 0 255 65 0 196
    2 75 255 0 89 255 82 40 255 89 0 0 255 114 56 255 0 252 161 0 50 177
    180 168 243 0 55 81 170 222 36 255 96 86 255 255 30 234 20 255 241
    237 255 181 132 255 116 0 59 0 0 59 47 99 182 37 250 1 255 158 217
    47 76 4 46 0 54 126 139 92 255 175 255 255 150 182 0 255 0 199 203
    255 255 42 255 255 118 255 216 211 119 0 0 0 47 0 162 0 121 255 255
    98 255 0 206 225 95 158 132 255 86 151 10 189 124 0 156 0 154 118
    255 44 255 92 245 255 171 183 0 129 139 239 0 0 25 207 100 53 0 124
    0 165 0 255 255 2 185 176 0 193 73 255 112 70 0 70 98 212 198 0 255
    207 23 0 255 62 255 227 0 0 99 255 229 99 255 255 111 191 201 3 255
    227 114 154 152 106 161 255 101 59 212 44 15 255 255 16 255 24 205
    131 255 255 67 0 255 255 65 255 255 0 143 175 0 135 198 255 10 0 255
    255 52 141 255 255 255 176 255 24 188 183 133 188 255 255 3 156 0
    255 138 164 170 82 61 255 0 12 59 175 235 0 255 255 44 179 209 74
    220 255 255 0 99 255 255 24 195 117 0 62 0 107 0 255 59 194 0 255
    123 155 0 0 49 0 0 0 0 255 0 109 255 255 255 255 255 255 244 255 226
    91 0 0 173 47 130 5 32 108 46 115 65 190 47 251 213 0 236 215 239 62
    255 255 255 0 99 0 118 108 106 0 255 193 64 158 175 123 255 250 238
    230 140 32 15 177 190 0 73 214 0 255 114 241 0 53 55 235 255 255 255
    19 87 117 205 255 0 110 255 255 236 61 0 191 255 147 133 98 255 39 0
    0 19 0 79 36 125 255 0 255 179 192 139 220 255 186 0 9 55 0 139 166
    255 255 0 0 0 239 217 255 255 255 76 171 7 81 41 83 175 113 0 103
    255 255 60 35 77 160 192 0 0 255 0 0 132 102 134 34 106 137 255 255
    0 17 98 0 229 0 0 76 37 226 0 189 169 0 146 40 133 221 140 0 108 0
    79 34 230 162 255 55 255 211 50 104 0 255 47 0 46 0 149 78 252 249
    197 232 0 28 0 35 63 0 0 150 68 165 0 55 16 0 0 32 0 255 86 142 255
    0 0 108 161 0 255 203 0 59 255 207 77 193 176 146 79 63 0 25 140 203
    103 0 255 255 89 21 4 0 44 60 134 201 100 133 142 255 161 255 255
    191 0 255 76 33 255 242 201 249 189 215 136 0 109 232 0 254 0 255
    255 87 46 114 77 1 113 235 231 168 255 187 34 191 0 117 206 255 26 0
    0 255 94 65 158 0 232 255 20 255 35 255 255 238 225 255 245 255 0 34
    223 0 191 217 190 255 80 88 181 0 30 57 24 209 255 10 176 248 255
    235 173 35 223 52 49 103 255 136 172 115 8 199 11 255 30 40 47 0 106
    11 255 194 69 248 229 172 25 4 222 99 240 186 41 205 74 255 40 47 0
    255 80 232 0 255 144 235 61 255 0 255 0 0 92 61 153 46 0 42 0 255 63
    16 118 208 255 224 255 176 255 141 172 223 0 33 0 70 255 255 172 255
    220 255 90 137 129 0 219 143 255 206 93 255 255 57 0 156 57 0 134
    228 0 255 255 0 0 40 1 195 44 0 0 205 255 1 0 142 255 255 112 0 254
    81 255 80 255 143 111 170 241 255 255 0 160 73 30 99 219 44 0 177
    216 132 122 42 86 0 186 59 0 139 89 242 202 57 0 169 243 159 255 94
    32 89 213 60 0 255 0 70 172 220 186 191 184 42 41 77 255 31 0 89 165
    0 15 0 101 70 140 196 138 5 9 151 0 181 255 0 255 13 144 8 141 197
    255 225 187 133 229 0 17 19 119 0 11 19 0 203 122 124 255 255 248
    145 22 149 183 0 230 216 139 237 255 255 31 8 203 145 85 0 162 46
    240 237 167 255 94 0 205 165 41 0 213 38 200 101 48 0 255 41 149 255
    226 255 0 145 167 255 20 209 15 138 227 34 0 113 255 109 201 35 255
    255 0 110 120 0 255 85 250 222 0 185 0 255 255 159 177 38 18 0 0 0
    21 254 0 142 184 0 0 228 0 255 253 255 188 98 186 245 41 0 0 255 0 0
    171 179 186 252 0 86 0 255 0 2 181 255 197 255 105 0 50 0 92 0 0 0
    71 89 168 255 202 137 208 255 39 144 87 27 82 0 243 0 255 0 0 226
    112 255 7 0 151 224 255 0 255 167 155 156 87 71 247 255 255 86 145
    116 143 108 221 77 153 255 43 255 212 22 101 0 255 146 46 255 249 80
    160 255 0 0 186 0 42 255 255 35 255 255 27 255 255 91 179 255 104
    159 194 75 99 0 0 106 0 176 255 255 101 255 13 255 124 255 224 170
    247 186 49 116 255 0 202 196 112 255 108 233 149 255 255 189 52 152
    255 0 255 211 255 84 0 226 64 0 230 121 255 98 43 214 152 255 0 0 0
    255 135 87 133 255 12 65 221 0 6 255 0 255 132 27 129 194 76 255 0
    80 185 254 62 0 131 165 0 145 255 255 255 255 255 98 141 176 10 79
    239 62 108 108 185 102 99 9 4 0 0 218 125 206 53 255 107 93 231 81
    215 108 0 159 0 39 14 100 48 0 135 255 255 114 195 255 69 143 49 239
    255 153 0 143 155 98 205 76 255 0 255 3 138 171 255 0 0 0 19 0 87 0
    0 225 255 95 165 0 69 0 89 198 6 0 120 209 73 74 0 0 255 118 182 206
    255 0 255 255 204 56 255 0 169 165 12 17 0 255 111 115 212 255 0 207
    157 255 182 241 255 145 78 255 165 255 0 175 0 193 255 163 255 8 0 0
    0 157 200 39 255 11 41 60 110 255 22 255 223 255 184 129 148 0 30 0
    157 255 255 148 179 17 132 0 0 187 45 226 129 255 161 97 0 82 117
    128 0 255 255 255 0 255 255 255 116 211 238 37 0 102 138 153 255 255
    245 255 0 234 255 15 101 237 59 8 28 148 0 3 57 162 255 0 0 165 255
    0 6 0 172 0 75 132 0 253 0 242 62 255 238 13 222 0 92 146 52 157 137
    255 238 131 32 236 255 166 255 230 21 0 1 255 154 182 164 0 247 255
    10 164 78 34 162 190 240 65 255 255 255 0 255 90 146 124 38 205 255
    0 74 214 255 0 199 114 255 255 140 255 0 0 115 0 0 255 239 0 26 35
    105 255 255 73 5 168 17 12 255 43 173 243 194 98 210 107 93 0 12 6 0
    78 158 165 54 0 255 0 205 0 0 32 171 135 200 44 255 89 244 153 213
    255 235 0 89 217 65 0 255 113 240 255 45 123 0 0 253 255 53 230 147
    47 66 0 0 232 255 14 62 255 0 164 83 34 255 0 115 255 128 146 188
    188 250 96 255 20 255 5 255 255 4 0 232 47 25 213 255 105 198 162 0
    146 0 0 243 45 249 255 40 157 135 197 0 255 0 227 249 123 154 128
    198 66 97 239 255 198 255 0 84 0 0 255 83 111 201 0 120 255 0 229
    255 24 255 110 255 222 244 0 0 231 181 0 88 232 7 0 153 177 179 237
    209 0 57 96 30 63 0 255 177 195 211 0 255 155 200 140 228 75 0 160
    255 227 216 84 204 255 0 202 0 255 132 0 167 0 90 255 191 51 107 109
    20 130 181 127 255 7 0 217 6 189 5 244 169 35 175 198 253 192 247
    255 255 211 11 93 0 255 178 72 0 122 136 0 255 139 0 184 192 239 51
    255 124 106 255 255 255 255 24 0 18 9 255 124 255 36 179 255 0 0 255
    18 0 80 83 255 153 0 40 125 0 229 255 47 255 249 163 223 128 255 107
    0 164 0 149 255 142 136 255 16 0 184 113 0 0 255 0 136 33 0 0 0 255
    255 229 255 255 255 240 255 216 88 255 49 181 103 173 240 65 64 118
    193 132 248 133 187 240 0 152 0 54 255 0 0 0 228 196 255 255 0 3 200
    83 255 0 68 94 0 6 0 120 0 255 0 97 0 66 189 98 84 255 0 88 0 132
    255 235 0 54 141 214 0 148 255 175 247 255 0 255 0 0 67 21 111 0 255
    170 239 169 186 72 0 165 255 87 130 99 205 76 84 255 0 115 255 237
    182 14 72 0 79 101 4 48 85 255 89 142 7 238 255 217 184 0 15 93 67
    255 0 116 255 64 118 0 0 63 68 248 138 255 0 202 0 38 48 181 217 80
    38 225 241 117 255 205 173 238 92 0 70 0 37 78 93 255 255 0 186 255
    39 162 235 232 243 171 91 77 6 123 0 0 171 189 255 145 6 26 65 152
    11 63 104 195 151 0 39 255 204 255 109 83 100 61 229 219 90 207 82
    74 128 242 0 224 0 223 81 255 235 82 255 79 142 24 159 154 0 0 143
    59 128 0 236 255 18 162 0 0 132 231 0 245 135 173 117 110 242 255
    206 29 54 90 15 130 126 243 255 86 255 0 101 255 18 255 255 48 0 82
    249 0 87 255 0 56 255 0 164 51 1 0 193 0 0 0 0 31 255 163 35 103 239
    0 242 51 84 222 152 112 69 152 210 31 63 129 0 255 222 150 19 236 0
    0 235 201 28 255 84 53 0 70 0 12 228 95 139 124 255 0 0 0 130 219 0
    0 249 152 255 131 255 59 20 253 81 70 255 107 255 255 0 0 0 93 37 26
    255 150 7 89 202 128 14 0 255 0 241 0 63 44 0 152 255 53 126 0 204 0
    0 79 255 106 183 255 200 135 192 255 87 0 0 96 53 190 0 62 255 205
    186 84 220 255 255 7 67 255 90 220 0 215 4 105 27 0 253 20 14 204 51
    222 129 141 210 220 176 21 16 30 255 0 160 255 233 177 255 255 255 0
    10 118 255 34 19 213 18 17 137 213 43 0 47 0 0 39 0 79 255 254 0 167
    181 149 249 223 212 114 194 175 55 247 234 255 0 255 255 154 7 157
    130 0 128 255 255 250 89 226 170 255 255 136 102 112 220 0 10 255 0
    120 222 103 255 255 77 153 179 250 183 190 183 211 64 7 248 255 245
    0 255 255 49 255 255 103 63 251 0 255 5 118 0 0 137 249 46 62 255 35
    255 255 80 33 208 0 255 0 221 230 0 0 142 106 148 255 94 136 0 120
    77 14 0 183 195 200 89 135 42 163 0 205 0 153 0 86 84 0 59 0 0 108
    255 255 204 234 162 218 0 177 231 255 166 153 137 107 84 172 24 151
    26 255 255 57 0 255 73 219 43 125 247 0 0 0 255 176 235 202 22 100
    187 213 255 0 255 41 0 43 117 56 22 103 196 0 0 17 128 0 80 255 189
    141 202 0 7 255 0 110 105 210 101 32 255 255 255 255 0 40 0 24 244
    255 191 150 255 255 0 0 0 255 183 71 116 132 149 57 0 148 236 0 0 0
    182 255 243 0 52 140 140 130 109 122 73 65 0 255 255 3 232 170 153 0
    255 0 109 71 255 105 255 253 224 0 238 143 0 47 61 255 0 158 255 213
    231 174 255 245 255 98 255 9 103 182 231 52 253 40 255 255 215 58
    255 0 200 141 218 58 0 255 139 21 28 255 185 76 0 59 0 0 0 146 0 255
    255 255 153 49 39 130 122 155 45 255 136 255 146 152 196 249 0 182 0
    216 0 63 76 255 0 220 126 88 207 16 247 188 165 0 15 0 247 0 0 177
    255 0 251 255 0 40 0 123 0 0 8 210 130 255 10 13 193 0 255 0 43 255
    0 255 219 255 148 0 0 0 0 112 221 255 255 121 228 0 23 216 47 128 32
    0 0 176 236 205 183 0 68 255 0 0 104 0 0 210 6 48 21 129 219 112 35
    247 0 146 2 77 237 202 255 199 114 137 0 61 164 234 17 153 32 152
    255 0 223 255 157 0 38 255 215 96 255 0 255 142 0 255 34 255 9 103 0
    0 223 41 188 31 106 249 0 48 97 130 0 206 115 211 172 233 255 93 224
    57 206 99 30 255 126 156 165 86 122 70 103 199 78 255 0 128 255 168
    176 0 112 255 41 224 0 0 0 107 0 243 196 255 255 228 242 128 207 142
    196 139 93 0 64 255 255 0 255 255 20 30 115 0 255 255 85 180 169 80
    221 127 84 0 209 217 188 255 80 0 0 169 0 255 0 42 205 5 0 246 22 58
    255 0 100 196 145 0 255 255 241 98 85 0 162 43 19 0 72 255 71 191
    255 117 255 133 161 97 255 87 57 186 59 0 0 222 175 0 160 156 53 0
    147 0 0 172 255 12 0 178 255 96 247 161 203 255 255 255 136 125 102
    255 101 67 212 255 139 20 36 237 34 181 11 255 0 255 239 194 255 147
    36 56 0 202 255 34 210 51 224 148 231 126 0 95 192 255 221 126 21
    236 188 255 0 23 0 255 255 179 0 226 163 0 191 9 29 237 68 255 0 125
    0 0 80 179 250 130 255 176 255 205 174 208 255 23 0 242 0 252 255
    118 218 145 140 0 175 0 196 5 1 84 8 182 255 94 218 255 0 196 105
    124 0 255 255 192 186 236 125 0 0 146 149 27 2 0 40 114 2 0 160 157
    52 0 255 255 218 13 79 163 0 19 28 0 87 229 59 219 0 178 85 0 3 255
    160 74 156 114 96 255 255 157 196 215 223 0 195 22 255 189 64 255
    176 255 242 97 190 124 255 62 57 255 250 202 197 255 255 15 0 0 172
    84 3 0 110 0 99 61 0 182 58 48 255 255 246 0 255 227 0 0 70 201 175
    162 174 255 0 53 117 0 137 187 26 255 88 218 103 255 0 0 68 240 200
    0 57 16 255 255 21 168 43 161 95 211 0 255 0 168 120 23 222 255 73
    255 255 55 255 85 0 196 47 46 148 228 0 158 0 0 255 244 0 82 2 217
    52 0 52 0 0 255 0 255 255 255 201 254 248 255 254 5 157 255 217 255
    198 0 184 106 0 239 239 204 0 10 207 154 18 135 100 127 51 62 0 134
    255 0 107 255 7 255 0 174 106 0 255 28 35 204 37 0 166 193 255 255
    255 243 0 15 255 143 79 255 217 0 255 229 255 30 0 45 35 255 131 82
    255 135 0 255 36 37 0 118 182 69 172 156 15 0 110 185 0 75 59 168
    219 0 9 70 255 236 67 88 0 189 255 0 220 255 255 255 59 252 0 0 241
    15 255 95 41 118 203 0 137 255 161 0 118 251 144 0 181 144 255 67
    255 171 255 0 14 87 160 255 138 0 86 204 219 51 255 0 170 255 0 0
    255 30 255 0 10 25 13 181 202 163 77 218 108 5 97 127 191 221 0 255
    45 203 37 168 255 6 123 255 238 73 255 0 0 0 27 255 28 255 0 42 206
    94 255 51 0 32 53 255 255 255 232 69 0 214 221 0 116 255 0 255 68 51
    225 205 165 77 127 194 255 136 0 255 165 255 200 0 0 0 171 32 63 85
    71 238 0 0 255 0 255 0 255 151 0 163 71 255 49 255 255 0 0 0 89 222
    255 255 0 115 0 3 255 203 104 0 255 77 71 110 49 50 0 253 68 70 0 23
    51 168 156 52 255 2 144 0 164 0 217 242 189 87 135 255 208 61 0 110
    178 0 255 58 0 181 163 23 0 255 204 21 106 72 190 255 208 242 96 148
    255 255 255 0 255 179 255 255 190 47 150 248 255 255 255 62 58 76 0
    166 255 45 159 255 101 1 53 0 191 171 255 121 110 106 255 199 255
    255 255 189 0 0 213 241 255 106 76 131 210 188 255 188 19 243 0 74 0
    173 0 75 79 42 125 98 255 255 250 215 0 214 255 2 0 194 0 180 213
    245 255 255 230 255 96 164 155 151 255 255 68 185 255 236 0 0 0 39 0
    81 0 0 40 64 0 255 151 97 255 179 239 212 0 255 255 116 0 185 18 255
    59 239 231 220 89 115 0 255 174 150 255 85 224 0 198 241 73 0 255
    255 20 55 0 255 255 23 33 163 0 0 255 255 234 0 255 0 0 26 235 48
    121 153 0 0 65 193 255 176 228 137 0 135 161 254 99 139 72 255 11
    149 118 0 215 52 6 147 255 14 0 235 230 101 7 255 125 0 22 38 13 248
    0 255 0 120 0 229 9 29 0 255 173 82 200 255 81 0 163 227 255 175 255
    255 0 191 0 163 22 127 53 0 151 255 204 0 194 216 228 143 82 0 198
    164 255 255 66 69 67 0 255 255 0 58 255 50 54 143 163 255 59 0 210
    29 130 0 165 215 87 0 249 217 139 178 255 0 239 255 119 0 0 246 255
    250 98 50 0 255 0 255 251 89 195 11 250 255 255 235 0 135 83 0 0 178
    60 125 134 24 214 56 255 41 255 194 34 251 239 236 131 255 0 123 215
    119 11 0 3 0 107 15 83 172 0 10 248 0 150 146 202 219 0 74 226 255
    205 108 0 87 6 255 95 124 0 115 120 91 255 43 0 255 139 156 0 1 0
    220 255 68 0 104 0 215 0 111 255 231 243 255 0 205 255 159 101 0 5
    147 0 212 0 57 146 14 228 133 0 189 48 0 255 246 249 185 203 206 227
    83 219 0 198 85 69 240 255 4 114 128 1 207 8 40 85 255 255 158 248 0
    247 206 93 255 255 149 255 255 196 167 72 255 255 160 255 255 0 0 45
    255 0 255 0 153 99 213 10 0 69 21 255 0 12 255 52 64 17 0 205 0 84 0
    107 211 96 0 0 255 100 0 184 255 255 165 109 72 28 157 116 135 101
    43 0 137 187 171 255 205 255 228 255 0 0 171 0 0 255 31 25 175 0 97
    0 173 0 193 21 255 0 145 168 0 138 253 148 147 84 54 149 7 255 104 0
    255 136 20 188 255 145 103 122 0 83 110 0 0 223 0 0 255 228 74 50 0
    124 75 0 255 210 0 52 255 140 0 255 255 146 23 199 61 36 255 82 161
    0 255 149 194 255 0 0 143 0 61 171 225 55 1 190 46 35 0 121 76 255
    212 92 255 0 40 0 0 245 158 255 114 174 111 0 41 0 216 191 178 18
    127 0 22 199 252 199 255 72 0 0 0 114 255 145 86 18 22 97 190 57 200
    100 155 19 190 97 55 166 179 53 227 40 110 0 164 13 120 255 43 102
    44 234 0 0 136 0 0 0 0 182 234 180 75 255 237 118 190 70 252 250 0 0
    57 167 227 144 138 115 241 113 0 0 123 239 195 54 255 106 33 255 53
    214 2 190 129 36 180 255 223 255 130 218 41 0 159 81 148 224 196 142
    255 2 210 255 0 8 74 182 148 161 239 13 26 255 83 183 252 255 255
    255 255 139 107 255 159 255 255 255 0 72 19 41 82 0 204 166 81 125
    255 255 52 38 0 0 231 0 34 39 57 0 130 153 203 0 227 146 38 255 239
    169 255 255 100 15 88 197 255 0 255 25 117 255 0 131 18 255 0 0 168
    37 45 250 38 173 0 238 255 20 146 0 255 202 178 118 28 222 89 255
    255 226 255 51 0 0 127 62 65 251 229 20 195 255 189 164 230 73 248 0
    34 20 70 254 255 194 0 135 255 0 103 115 229 124 222 12 0 0 161 163
    62 0 255 45 0 19 177 116 239 19 178 0 123 0 121 0 101 126 79 255 133
    219 0 138 255 255 65 119 136 0 96 196 118 22 221 254 0 37 102 38 88
    190 0 255 0 255 130 221 0 255 255 0 255 0 16 192 0 255 193 0 54 255
    199 110 150 255 111 0 255 98 130 47 255 255 255 232 255 0 140 255 0
    162 255 253 127 232 39 0 114 24 117 255 118 0 38 231 93 50 0 251 82
    215 46 0 0 149 254 47 147 238 255 0 69 177 255 0 194 63 229 188 237
    124 255 255 185 255 23 253 164 0 0 246 0 255 206 255 74 101 160 255
    74 255 70 153 0 88 73 61 255 0 0 255 0 0 63 170 255 6 11 0 0 0 0 118
    255 218 208 60 5 241 48 98 139 33 255 244 193 150 255 141 238 25 255
    255 197 38 69 110 65 60 143 7 242 255 191 255 64 38 0 237 235 255 33
    255 255 49 92 0 255 120 216 255 107 152 255 57 31 18 50 147 0 22 0
    253 106 176 209 106 145 255 249 255 222 57 208 192 212 84 234 16 0 0
    14 120 61 122 100 83 38 255 255 242 255 59 193 255 2 231 138 252 255
    255 13 210 67 56 219 188 114 224 255 62 214 156 243 255 129 119 255
    41 255 16 92 83 0 134 169 226 72 198 255 29 81 108 1 255 142 255 59
    251 255 255 171 210 121 125 11 255 0 109 16 131 13 163 122 213 189
    122 181 104 106 255 255 255 255 120 255 195 0 213 255 0 85 171 255
    225 156 204 119 243 113 0 247 186 0 141 83 90 255 45 81 99 98 255
    255 255 130 255 63 207 141 211 121 56 150 0 255 239 135 66 44 0 62
    255 73 255 227 149 1 255 132 67 30 99 162 0 153 148 255 200 77 6 255
    223 234 155 0 29 0 255 0 255 95 21 119 60 0 166 255 0 242 186 0 255
    111 165 129 255 0 121 70 0 196 224 255 144 255 255 0 156 249 28 167
    255 168 89 0 78 17 120 0 12 0 200 255 255 55 255 255 255 1 0 0 217 0
    0 86 17 0 74 214 95 255 166 76 189 255 146 255 74 11 165 184 80 255
    0 0 57 209 76 255 14 10 88 0 255 193 115 213 255 98 119 132 213 206
    255 236 81 199 255 85 25 244 255 0 130 132 44 0 148 255 147 0 0 255
    108 0 255 0 168 218 0 255 133 187 241 114 0 112 86 0 86 4 110 255 17
    255 157 24 193 0 224 64 255 146 173 255 0 255 135 229 255 255 46 255
    0 255 121 0 171 152 134 56 84 235 0 255 77 237 104 5 0 193 0 0 205
    182 92 60 185 255 188 141 255 255 0 0 135 0 86 6 255 175 179 165 162
    226 193 212 255 100 119 100 148 195 166 0 18 23 0 0 123 138 50 194
    255 255 175 163 185 0 255 255 208 67 0 255 255 184 203 208 133 0 109
    104 255 255 16 104 41 247 29 93 9 0 104 101 24 162 0 255 167 0 86
    241 255 72 255 208 13 64 0 0 85 0 157 93 0 209 73 170 24 255 255 255
    74 247 173 102 122 32 0 217 255 22 47 0 255 47 255 52 118 108 255
    112 0 255 0 46 254 137 236 219 82 0 88 126 255 255 9 173 255 171 255
    128 191 255 0 180 255 255 0 255 133 65 26 81 255 134 112 153 120 255
    214 0 57 0 163 88 0 255 207 0 25 0 255 180 0 0 145 231 255 133 128
    144 97 0 131 120 0 187 0 63 239 18 255 255 22 255 255 255 195 71 177
    29 218 255 190 66 212 43 255 45 0 42 14 131 255 156 0 40 255 0 103
    23 188 202 0 255 35 52 1 123 117 255 11 125 0 192 224 101 0 255 26
    117 36 255 112 18 106 0 255 126 143 0 110 0 0 198 0 0 70 255 136 0
    255 11 215 132 0 255 107 255 9 250 241 129 60 237 0 0 221 94 126 255
    236 106 71 84 255 114 105 171 255 85 189 255 255 81 255 89 172 51 0
    44 0 252 255 255 246 192 189 255 0 184 255 255 0 40 27 0 247 191 154
    53 255 48 255 247 0 219 232 242 255 0 184 255 121 211 255 255 0 135
    255 0 255 209 76 66 255 0 62 88 44 255 98 152 148 199 0 207 0 0 189
    240 122 118 153 182 223 142 74 0 0 0 140 40 46 0 130 254 242 0 238
    172 0 255 155 93 78 33 255 16 213 182 183 152 141 122 11 4 0 0 254 0
    40 76 0 133 0 55 188 0 1 103 195 190 25 205 0 7 221 96 110 162 240
    54 115 203 122 91 74 255 22 230 213 110 255 185 212 96 255 21 208
    163 255 138 24 0 253 0 8 176 100 119 26 51 233 249 208 200 23 163
    255 118 237 112 7 184 147 0 207 192 3 0 255 255 121 188 232 223 255
    11 98 200 255 0 20 255 243 14 174 26 197 207 104 128 122 169 255 239
    148 0 255 255 255 183 255 20 248 230 255 205 252 0 253 0 0 100 0 255
    0 0 255 145 0 0 139 218 99 0 255 255 26 110 6 83 152 66 52 111 11 33
    132 255 207 25 131 244 21 208 255 255 252 0 18 201 197 142 255 0 27
    234 19 246 255 255 199 255 52 253 225 0 19 185 0 0 14 126 69 62 255
    15 247 255 0 179 255 255 67 219 61 180 0 0 0 31 241 45 255 11 199
    238 0 255 133 136 255 173 5 43 29 102 0 143 255 0 255 0 0 208 22 167
    200 0 209 227 170 255 196 44 239 30 0 215 155 63 255 219 74 52 167
    59 0 255 112 0 255 170 0 123 0 255 0 102 255 253 114 255 255 44 225
    173 255 171 255 0 246 245 255 255 178 62 242 0 0 105 216 0 6 179 0
    140 123 104 177 255 0 167 52 180 9 255 101 187 216 108 154 255 4 4
    37 103 61 21 158 21 0 0 10 0 255 3 0 0 0 139 237 0 0 0 255 255 0 255
    27 73 161 231 234 255 24 0 182 255 119 12 224 186 128 0 174 176 90
    140 0 0 82 66 38 213 139 95 17 0 209 0 0 152 237 0 255 9 220 255 0
    255 123 250 0 158 0 0 198 255 216 7 0 255 0 50 211 21 51 73 117 0 44
    255 173 0 111 219 72 255 104 255 117 0 255 231 0 226 109 0 20 130 17
    255 173 12 255 24 255 255 3 105 255 184 126 255 250 91 95 255 0 255
    241 0 0 0 66 0 0 255 113 144 255 102 82 166 52 236 225 198 246 194
    190 176 89 0 48 0 45 239 184 139 50 241 30 158 0 17 55 0 191 203 255
    11 34 161 129 255 96 255 255 255 255 123 244 133 9 0 0 55 0 4 255
    104 57 103 37 255 124 61 232 68 255 255 81 255 103 245 36 255 255
    255 233 208 196 39 12 204 36 0 211 255 233 255 255 65 0 226 0 0 82
    255 0 209 105 77 32 0 217 42 29 237 0 130 255 0 125 67 230 206 255
    249 114 141 183 234 0 26 196 75 115 156 104 255 18 111 0 64 205 92
    38 5 0 0 45 0 135 121 4 0 36 225 255 110 118 181 0 143 255 172 250
    192 227 122 194 20 208 152 145 0 0 69 199 139 0 0 255 65 6 93 188 65
    253 199 66 150 0 0 0 255 127 101 255 27 255 255 177 255 118 113 131
    0 0 177 59 140 137 80 39 87 0 149 241 0 117 255 0 110 77 128 165 74
    74 148 106 255 29 33 134 0 255 108 47 147 21 60 255 118 0 64 255 171
    17 220 255 116 255 199 0 164 144 55 86 0 54 128 0 0 23 255 13 0 168
    147 0 131 0 0 135 194 115 0 0 248 202 190 118 230 29 255 255 0 27 48
    82 0 0 87 233 0 255 255 179 244 22 102 94 99 162 197 225 127 255 0
    255 107 105 245 94 121 204 0 184 208 255 117 255 255 114 0 124 0 107
    61 255 0 255 255 0 255 255 0 255 57 225 48 0 0 17 85 48 194 249 0 0
    97 0 170 10 133 220 33 210 28 255 255 255 129 39 215 207 194 255 0
    166 240 185 255 183 0 255 190 98 1 20 254 183 175 86 255 81 51 255
    164 248 0 0 255 0 255 140 108 92 52 53 235 206 88 255 221 181 42 164
    0 119 202 0 54 63 156 148 64 210 82 255 255 144 70 235 0 0 0 0 154 2
    155 134 194 10 255 33 255 52 148 222 69 193 13 17 155 111 98 255 0
    120 79 0 0 218 89 12 255 162 0 255 255 255 150 146 0 0 255 160 56
    103 129 155 70 0 255 38 255 0 0 44 255 56 76 112 255 0 0 116 69 114
    0 0 161 255 3 9 221 233 132 0 32 177 48 3 255 190 99 208 0 186 87
    255 166 22 197 255 157 177 153 75 218 27 23 5 223 35 150 0 255 0 57
    169 255 83 255 255 0 255 255 174 105 0 255 154 207 255 82 118 0 65 0
    94 61 191 191 255 255 66 96 0 38 250 74 19 255 19 0 0 124 255 8 0
    166 228 0 0 243 0 0 54 255 80 0 255 38 0 255 91 113 125 62 148 104 0
    224 62 136 255 8 0 255 88 0 255 53 0 255 255 68 153 63 0 155 0 89 31
    255 235 214 21 255 255 0 255 145 255 255 255 69 0 119 0 255 0 0 105
    22 0 216 230 80 168 4 0 176 219 218 162 255 177 56 113 151 106 143
    208 144 105 115 26 255 102 255 255 198 94 255 240 233 255 255 215 65
    163 0 212 68 104 112 0 184 29 201 173 128 131 145 75 0 255 208 0 74
    132 0 255 255 196 0 209 129 174 166 255 225 0 255 255 255 249 156
    255 140 21 85 0 115 0 255 128 0 255 255 172 0 171 255 0 212 83 255
    255 0 0 119 39 33 19 213 31 0 136 23 235 131 244 0 196 205 57 119
    166 184 49 0 255 193 0 215 10 231 47 255 255 50 255 135 0 202 141 0
    255 230 178 0 255 176 42 156 98 255 0 255 255 151 31 0 255 31 189 0
    180 76 98 255 61 14 255 76 33 122 255 0 0 150 255 231 51 130 136 128
    62 153 0 0 255 95 0 255 0 1 0 0 169 241 201 255 90 19 61 210 0 35
    255 29 255 0 255 2 122 20 255 0 52 91 15 248 43 0 255 0 199 152 131
    61 187 255 161 35 85 75 0 159 52 0 184 0 251 0 217 0 50 32 119 34
    113 65 159 255 255 246 0 62 126 255 233 255 156 0 170 255 91 92 0
    255 186 0 137 216 241 0 47 13 0 20 255 163 110 35 255 5 169 46 255
    17 32 255 47 236 255 0 46 200 194 96 159 24 42 125 131 255 255 133
    25 49 79 38 231 0 255 179 0 162 225 0 219 247 0 255 49 255 255 10 59
    208 0 0 0 67 254 98 50 252 231 251 0 76 0 183 255 255 255 116 255
    238 78 255 0 118 0 0 154 40 208 255 179 213 196 22 91 255 156 255
    255 0 41 0 113 0 0 78 24 192 136 74 0 116 31 128 66 255 129 0 113
    155 125 0 0 139 255 137 38 20 221 49 75 99 229 181 51 255 52 237 255
    88 255 255 205 135 182 24 0 64 0 169 132 83 0 0 41 255 0 226 231 234
    222 11 240 156 169 255 184 200 0 139 0 187 255 103 67 255 49 8 255 0
    255 120 255 227 166 182 255 17 255 104 53 114 130 0 83 230 255 142
    62 0 139 91 95 214 36 35 0 107 128 142 180 193 166 179 90 111 0 42
    251 0 252 50 34 245 219 17 18 0 19 0 2 29 255 53 0 222 215 0 0 0 255
    255 216 12 226 64 0 89 195 68 255 240 0 144 209 8 136 164 0 7 54 159
    83 82 82 194 255 181 0 221 34 0 202 0 2 253 0 121 220 105 214 0 166
    224 0 45 60 0 0 1 81 0 0 148 200 193 166 255 112 0 238 0 255 0 248
    255 59 255 19 222 247 150 141 255 0 86 214 0 89 168 1 255 106 134
    255 211 89 248 224 168 126 0 90 255 82 151 55 0 59 0 44 0 0 169 78
    34 181 255 60 31 255 255 47 91 29 203 133 5 255 121 220 70 255 0 0
    159 246 0 165 255 255 130 48 191 216 255 121 41 255 144 16 0 9 164
    255 9 0 255 208 255 22 139 227 0 0 0 0 67 242 165 40 77 215 0 255
    145 186 255 159 208 123 0 147 55 48 0 84 0 209 0 57 2 109 255 255
    255 255 255 182 209 148 223 255 82 255 194 115 0 124 43 196 255 255
    194 89 255 18 132 252 0 168 202 93 35 158 255 112 89 62 122 255 0
    173 192 146 255 0 79 143 0 149 70 102 255 197 221 0 143 246 66 255 0
    186 64 255 182 56 40 0 255 175 232 51 0 59 242 255 125 0 185 58 0
    190 0 93 106 182 120 255 18 18 191 0 0 166 18 253 7 0 0 52 48 1 181
    255 137 176 229 185 52 122 255 204 47 255 0 66 255 0 255 53 255 255
    0 168 0 123 58 113 255 0 0 0 0 44 108 107 224 119 94 71 255 29 255
    255 0 4 77 7 141 41 234 255 147 24 97 180 212 109 106 23 38 0 255
    255 0 251 255 0 201 255 255 135 177 171 145 150 54 74 160 16 135 255
    255 127 241 161 198 100 255 139 0 0 255 99 144 255 246 0 0 0 210 255
    200 126 233 170 0 227 255 221 0 0 255 154 96 39 5 74 98 240 0 0 255
    100 120 81 0 234 59 0 255 134 33 141 235 255 254 235 54 255 74 184 0
    218 255 35 0 255 215 255 155 83 255 210 122 255 225 0 0 0 255 228
    255 0 255 223 20 167 255 206 0 229 96 0 31 179 53 0 252 212 199 0 32
    199 0 206 126 203 0 127 255 221 88 0 255 0 90 35 194 0 115 113 171 0
    207 53 255 255 255 255 223 255 190 255 170 198 255 255 255 255 255 0
    197 255 245 255 0 78 134 19 255 206 12 0 251 0 52 103 95 0 255 0 174
    54 12 152 248 68 95 206 255 221 113 134 42 20 248 0 66 98 255 107
    178 255 166 111 254 160 106 0 96 48 0 195 1 255 255 230 121 255 223
    255 0 255 255 166 147 255 101 0 211 255 122 255 109 85 125 92 237
    255 0 38 255 0 112 204 255 0 0 36 85 0 255 0 255 255 201 208 75 7
    118 177 0 168 0 255 218 120 255 145 253 212 108 64 255 255 93 59 237
    179 199 0 124 3 106 241 179 124 80 81 221 255 255 147 138 255 255 0
    91 217 0 103 202 0 126 80 94 230 111 0 32 199 147 213 190 111 255
    255 0 194 240 0 24 116 255 10 250 172 0 198 255 0 27 165 255 0 181
    255 169 136 25 255 120 0 23 48 241 62 0 34 88 71 0 215 178 255 243 0
    29 239 0 18 236 0 0 0 96 254 243 255 168 255 158 127 85 214 73 0 224
    101 241 137 113 26 209 0 237 255 212 0 255 255 145 0 0 31 255 143
    191 0 25 254 215 0 90 255 210 255 100 255 160 255 29 253 138 136 163
    255 0 236 64 0 19 151 0 174 0 255 170 228 0 0 10 56 0 0 255 30 210
    94 255 255 250 0 249 18 0 255 112 255 227 81 125 182 252 0 70 255 0
    25 233 0 186 156 101 38 153 178 224 255 138 238 255 135 84 174 91 34
    13 0 0 255 255 0 255 0 157 101 0 184 39 186 180 58 255 134 139 236
    255 203 0 164 0 65 10 114 255 0 255 73 31 255 255 233 255 255 0 75 0
    0 162 197 0 255 0 0 202 0 91 64 0 255 254 23 206 198 228 255 43 163
    255 255 194 174 89 0 114 198 30 112 230 97 255 18 255 25 111 175 34
    244 255 254 163 255 46 229 0 88 30 120 0 149 0 201 255 125 136 0 178
    202 0 0 115 255 119 150 62 255 32 108 163 238 255 28 28 115 255 96
    125 108 0 236 254 241 0 118 148 166 0 150 0 146 208 0 205 8 217 26
    39 21 68 0 255 255 242 255 148 237 151 255 209 255 136 58 74 86 255
    255 0 145 255 255 0 0 87 220 74 112 232 0 224 0 221 255 246 83 0 93
    66 246 196 0 0 0 62 239 0 142 54 0 111 255 225 0 170 65 255 148 0 0
    0 239 41 246 255 74 134 145 130 143 255 130 1 0 0 0 0 10 253 236 0
    174 236 102 234 74 255 0 229 250 185 255 255 238 0 0 44 119 255 18
    66 17 255 28 242 231 227 0 255 255 6 177 159 232 0 0 187 26 149 0
    186 77 47 162 255 255 250 0 196 0 0 255 160 0 212 224 0 0 255 0 0
    171 53 0 184 0 255 0 255 97 235 249 191 0 148 88 144 255 255 0 128 0
    63 229 0 0 204 128 190 128 170 0 126 151 110 0 233 238 0 147 0 90 42
    255 245 119 102 119 255 35 197 0 255 55 0 78 33 153 0 0 255 242 251
    255 255 142 255 130 0 255 255 82 16 33 255 255 255 237 120 98 75 170
    199 118 0 200 111 7 36 233 179 255 252 255 0 255 255 252 201 145 216
    187 255 252 254 153 79 0 58 242 207 157 74 255 187 77 93 76 69 0 82
    171 233 175 44 255 230 0 0 101 0 255 60 255 0 255 158 199 5 41 59 0
    12 0 0 72 66 53 191 198 241 0 140 238 255 255 31 229 112 58 127 0 0
    64 0 35 0 0 121 0 202 255 45 0 101 0 73 240 124 138 255 255 255 255
    255 156 255 255 0 30 255 168 32 169 196 0 210 255 255 0 212 96 255
    255 7 96 245 255 204 19 211 255 115 30 52 0 159 0 166 225 0 76 51
    255 255 0 172 0 15 229 211 255 255 39 113 255 0 33 255 255 17 100
    160 0 163 255 32 0 0 227 223 0 0 114 214 143 143 6 255 252 0 255 96
    0 212 0 255 107 0 255 79 229 246 5 255 146 255 226 48 182 177 0 250
    255 255 244 59 77 202 72 139 0 8 159 133 114 255 8 1 255 130 124 255
    0 224 0 55 0 95 151 0 11 255 255 235 72 155 216 97 255 94 109 255 24
    248 85 0 222 0 171 219 142 144 46 12 255 168 255 255 228 255 50 94
    169 0 255 127 0 255 166 255 96 178 0 79 194 73 10 0 255 255 182 243
    255 236 0 167 0 0 29 255 251 2 59 0 61 13 239 85 255 255 150 0 33 65
    65 92 95 0 35 184 218 196 20 163 244 133 64 150 64 80 0 0 34 7 167
    65 255 54 88 231 239 51 0 160 196 10 187 17 0 255 145 241 0 157 162
    255 199 0 255 255 109 0 0 187 66 156 208 255 232 172 150 71 156 240
    255 255 105 255 170 122 147 225 136 255 0 93 105 0 89 183 72 255 255
    255 100 0 255 88 101 0 0 95 255 101 255 255 161 110 1 255 255 161 74
    104 155 166 178 255 211 185 101 247 78 182 0 255 255 55 0 150 59 0 0
    0 38 203 236 12 102 7 0 163 190 0 35 117 148 0 90 213 0 190 160 34 0
    255 48 0 255 255 0 230 104 240 119 109 93 255 0 208 170 255 255 41
    166 255 212 0 0 255 255 203 122 93 32 118 12 11 51 255 255 255 103
    226 137 119 45 5 165 49 141 204 87 60 149 99 246 0 105 101 18 255
    141 0 8 112 175 157 205 0 0 196 0 255 244 207 48 171 251 176 124 245
    0 255 211 0 0 255 255 200 104 205 255 255 63 193 179 62 17 127 241
    181 0 213 255 255 142 135 155 0 255 90 177 13 239 95 0 0 0 88 0 163
    87 255 129 10 96 255 134 255 250 0 192 255 0 86 171 37 255 141 159
    14 0 255 255 146 45 136 233 126 173 65 255 134 255 201 0 0 255 0 160
    236 255 250 22 218 158 13 33 110 76 150 103 133 255 49 108 255 203
    221 255 206 227 0 189 148 0 102 92 0 66 197 255 106 42 255 132 23
    255 220 95 117 0 243 170 0 0 0 174 89 0 0 219 232 188 93 0 88 255
    255 255 185 246 54 0 0 229 255 255 137 166 89 173 255 255 255 95 189
    170 16 178 43 0 34 88 0 187 198 141 186 216 255 209 35 0 18 255 198
    0 11 51 55 0 2 70 94 156 0 145 255 4 101 209 60 255 149 4 25 0 72
    155 237 147 122 181 208 169 255 255 72 162 0 94 124 0 154 255 0 255
    0 244 0 0 0 0 255 222 36 67 153 29 0 64 202 127 31 255 0 255 150 113
    255 0 136 139 126 0 255 188 255 0 0 255 56 255 75 255 190 175 255 0
    0 81 0 255 193 255 153 25 81 166 49 0 254 0 0 186 148 73 70 219 27
    255 248 15 104 0 255 0 0 198 255 79 201 71 255 25 118 0 0 249 65 0
    244 255 255 255 255 63 35 50 176 255 61 255 255 255 255 82 185 255
    255 228 191 0 228 0 255 14 134 42 49 188 19 255 255 255 42 86 239 11
    255 255 4 193 144 31 69 198 255 196 63 59 6 125 253 255 255 185 64
    255 0 90 237 129 12 213 20 255 31 255 0 255 255 0 231 87 1 255 0 255
    169 118 0 23 181 0 255 83 255 146 180 200 0 128 193 212 0 224 255
    255 158 233 91 220 230 0 109 75 62 31 111 200 68 185 255 0 0 229 212
    255 255 111 50 237 255 21 255 255 27 16 205 14 253 146 180 203 147
    255 197 236 185 170 68 19 255 137 0 18 113 255 1 0 185 246 0 123 132
    174 0 21 208 0 0 60 0 255 58 0 0 177 172 0 232 255 64 12 90 255 5 18
    255 169 12 255 250 0 255 255 53 255 107 251 157 8 244 0 255 0 95 0
    247 98 255 144 255 0 119 19 238 255 0 255 29 0 255 191 255 86 255 0
    49 15 239 0 0 255 116 100 255 81 202 255 16 236 82 61 192 37 255 0 0
    255 255 90 255 255 255 0 120 255 217 118 167 73 215 39 81 255 169 40
    111 109 245 201 230 132 255 0 82 5 0 255 171 183 73 220 0 49 25 69
    35 195 23 150 0 107 255 55 0 84 255 17 4 199 205 255 224 9 192 53 91
    136 255 19 0 255 152 122 80 21 112 0 255 227 77 0 206 162 218 255 76
    0 7 0 109 161 33 218 130 95 248 0 255 255 158 47 78 16 0 163 255 29
    82 89 0 148 255 176 215 211 121 176 255 202 0 134 171 255 0 0 255 81
    40 72 255 44 97 15 35 0 47 255 245 139 47 120 9 223 149 249 177 68 9
    111 223 68 0 186 28 255 152 255 255 0 255 0 235 25 0 202 85 112 205
    157 67 255 255 140 255 78 231 255 34 255 0 236 0 8 0 0 240 0 226 255
    46 255 255 127 32 122 116 0 178 4 0 249 75 0 66 0 0 0 42 255 0 255
    255 144 244 255 211 46 255 95 76 175 147 242 255 0 150 60 0 108 106
    96 255 255 255 255 255 138 90 255 32 96 26 18 81 255 222 255 5 255 0
    181 227 255 0 223 0 248 255 255 125 162 255 30 22 238 154 34 0 255 0
    59 47 255 197 255 86 0 112 0 129 0 48 223 29 132 17 255 224 34 83 89
    0 43 0 123 0 255 131 86 0 0 255 195 38 255 57 147 111 50 0 143 55
    255 57 78 0 226 103 0 123 37 0 92 189 177 255 209 0 255 121 30 151 0
    162 134 11 255 255 255 246 11 209 255 134 253 249 101 255 14 116 224
    0 219 61 66 117 60 179 55 229 205 131 0 234 0 161 247 185 53 251 152
    100 0 121 255 0 122 255 0 255 255 62 255 0 184 0 132 255 137 0 41 0
    186 0 0 3 255 255 255 201 184 255 26 0 95 255 62 0 68 255 0 255 42
    22 28 213 210 90 0 0 92 255 255 74 255 154 44 246 1 50 68 255 255
    176 224 255 35 255 255 255 4 250 0 219 165 0 106 187 0 142 237 39
    147 162 147 255 0 0 255 17 41 216 0 146 0 238 224 167 117 255 61 255
    229 255 127 35 1 17 158 106 0 0 175 0 127 0 226 94 0 255 124 43 255
    3 238 55 209 241 39 236 255 255 0 0 189 0 210 0 216 255 246 242 58
    172 0 177 202 255 254 255 248 141 0 0 255 255 102 134 255 255 0 43
    255 0 92 4 234 64 123 104 255 228 129 130 0 65 3 105 118 255 0 189
    255 40 255 0 53 255 255 151 87 223 183 0 0 37 255 111 211 111 20 160
    255 107 170 255 199 234 253 0 255 73 70 222 194 214 148 40 2 215 231
    255 0 110 159 0 119 40 255 92 0 0 182 0 0 255 174 33 255 103 166 88
    125 0 235 255 0 0 255 26 58 199 255 255 0 95 172 64 122 30 0 157 132
    38 0 165 46 0 19 172 219 166 174 39 129 108 160 107 163 166 56 0 199
    9 102 255 255 255 14 255 0 255 255 105 85 0 168 234 255 255 54 226
    23 0 117 0 0 255 213 225 243 255 0 117 174 52 175 124 0 255 166 142
    255 144 0 77 191 27 136 255 44 0 255 136 169 234 255 255 31 51 255
    70 255 114 255 242 103 73 46 140 255 26 0 0 7 56 2 0 184 200 255 0 2
    255 111 0 0 255 0 45 242 0 255 75 0 102 0 255 63 160 211 158 202 182
    0 0 179 83 255 255 182 255 0 255 102 112 255 54 0 0 180 82 218 0 95
    234 0 58 49 63 0 231 11 93 61 0 235 111 205 186 19 241 213 76 1 0
    142 237 109 191 107 255 45 33 202 169 220 43 38 142 0 243 0 0 54 0 0
    0 255 0 45 143 224 255 255 108 18 154 255 222 133 255 139 159 184
    248 152 0 77 143 0 0 255 255 0 152 255 0 0 93 255 133 0 0 88 0 77
    111 196 255 32 0 0 255 0 224 0 255 0 103 188 255 91 70 255 0 92 0
    209 0 0 0 59 187 255 191 255 255 230 172 255 0 0 127 9 255 255 2 195
    255 177 196 127 111 0 45 199 220 255 197 190 144 0 20 184 104 0 255
    33 210 11 24 226 124 0 0 43 112 13 205 211 176 0 83 44 42 58 0 249
    252 242 244 189 0 185 144 120 0 255 184 0 255 0 40 0 60 77 0 55 68
    230 247 0 255 255 96 37 94 0 189 0 215 97 229 67 184 22 53 136 245
    76 233 255 26 255 154 255 246 69 140 102 142 85 86 51 101 0 0 255 0
    241 221 210 246 255 255 243 51 255 255 199 128 68 92 0 10 0 93 250 0
    255 106 0 0 191 255 110 0 0 33 205 0 32 89 0 255 215 235 8 247 235 0
    0 188 41 16 255 248 139 0 224 255 135 65 165 55 191 0 103 0 255 80
    255 68 0 176 155 150 238 67 65 106 255 109 41 0 123 210 113 97 180
    197 191 179 76 0 98 255 10 240 255 16 255 23 138 120 221 50 0 0 118
    252 129 199 255 255 85 149 255 62 255 113 135 195 32 255 127 0 255
    183 137 0 255 37 157 249 0 3 255 222 0 226 132 145 164 243 255 0 79
    255 6 79 95 71 255 210 167 255 77 118 255 0 95 0 56 59 0 0 57 103
    192 255 166 67 53 193 150 131 27 240 165 248 176 0 240 0 0 167 255
    24 255 34 255 255 65 0 0 187 106 0 187 0 235 255 0 255 0 0 0 255 111
    6 255 16 239 254 251 232 248 141 0 40 192 0 0 0 80 255 255 255 17
    255 255 234 206 203 251 252 255 187 12 0 87 1 40 0 0 0 117 194 78
    255 230 0 11 122 255 151 255 158 9 255 0 218 232 36 66 197 193 255
    180 255 255 86 194 234 0 0 47 197 54 0 126 239 0 211 72 17 54 0 237
    0 65 0 25 108 49 255 0 255 138 255 49 255 7 187 49 118 143 103 0 245
    199 186 251 255 17 167 255 0 100 233 105 181 250 255 49 121 0 189 0
    231 165 0 35 239 0 148 232 255 199 64 231 233 63 100 14 255 230 255
    175 175 18 255 0 171 13 92 0 0 49 216 255 0 145 255 255 204 216 103
    241 255 171 0 0 152 131 143 0 231 60 136 126 255 255 255 215 19 121
    39 16 200 215 153 255 255 239 189 255 206 108 0 79 255 12 0 255 44
    146 248 36 178 4 206 144 187 202 0 159 228 255 2 144 192 83 45 174
    255 186 0 208 0 106 0 28 73 255 189 239 255 187 83 0 194 0 0 48 88
    168 28 0 184 218 69 191 140 130 1 0 0 134 137 255 22 0 110 167 64
    117 89 255 255 222 255 47 97 16 232 255 170 255 176 12 0 79 162 255
    26 120 172 226 0 255 0 68 110 187 215 255 255 0 0 94 214 0 255 72
    137 213 207 190 254 32 100 0 11 255 213 133 0 129 231 0 47 239 28 25
    204 64 5 255 255 0 56 0 148 237 255 65 180 255 255 0 231 115 255 255
    136 169 86 100 0 105 0 72 70 7 84 9 108 51 89 16 0 68 202 222 255
    234 249 255 0 255 24 180 182 255 166 127 115 0 13 4 153 255 255 205
    255 8 255 5 99 255 255 150 116 183 255 255 170 56 156 0 255 118 0 0
    0 109 0 0 176 166 246 222 63 60 252 0 0 5 190 189 50 255 13 0 0 255
    79 0 38 24 231 255 234 255 83 211 99 255 131 36 255 188 96 0 179 209
    88 0 255 2 218 219 104 42 145 196 255 35 227 102 0 107 2 0 98 155
    239 255 150 255 186 118 0 211 181 255 0 91 49 0 130 255 91 190 24 76
    255 48 74 55 48 207 2 94 255 231 0 255 197 0 255 0 0 222 255 246 253
    255 128 123 100 0 27 247 19 7 24 212 0 52 69 130 0 72 128 126 178
    207 13 147 0 240 102 255 199 10 147 30 201 245 255 216 255 118 255 0
    53 159 235 160 234 126 0 255 13 92 0 255 0 70 229 91 251 73 110 72 0
    255 232 93 123 225 41 255 0 0 2 250 17 255 143 20 153 255 164 172 0
    21 139 74 69 154 0 255 88 0 11 227 0 104 0 0 251 175 255 133 0 255
    142 115 0 0 0 164 94 0 128 89 255 54 0 251 183 236 0 144 255 255 136
    255 0 0 255 175 0 169 255 255 255 225 148 47 140 106 255 99 255 198
    255 0 0 120 255 254 255 0 66 0 226 255 253 204 241 255 0 255 255 255
    255 255 220 0 165 208 0 67 168 92 150 180 78 236 50 34 143 255 250 0
    195 63 255 0 47 249 106 0 0 195 42 0 228 255 2 175 30 108 0 80 8 170
    164 63 255 255 212 255 2 166 255 0 38 255 167 0 86 0 31 0 54 117 0
    24 253 148 64 255 255 146 242 0 3 1 255 50 0 255 119 255 255 181 114
    116 235 143 227 191 255 224 0 67 174 165 117 158 0 0 255 97 0 166
    206 0 147 53 34 255 0 0 169 0 82 172 5 98 214 147 81 0 127 255 36
    207 255 135 255 52 81 168 0 191 103 120 44 241 171 0 136 86 240 125
    154 154 107 10 148 146 255 111 255 56 5 255 243 240 255 116 70 22 0
    0 229 47 75 92 104 0 151 75 107 96 255 0 47 18 246 255 27 255 255
    255 199 0 44 245 0 29 57 255 234 255 0 57 111 255 231 99 0 211 0 84
    0 200 147 0 255 204 95 155 19 252 174 226 77 0 255 157 68 130 125 4
    156 224 83 184 195 69 200 255 148 9 0 255 255 0 186 101 221 157 0 0
    0 0 255 135 201 171 255 110 24 255 0 0 255 0 137 235 102 16 238 184
    0 142 176 0 0 150 0 45 232 78 28 120 55 0 0 192 247 119 0 255 14 106
    0 0 97 255 0 80 255 214 38 115 53 168 199 156 0 0 0 0 255 35 123 255
    210 73 205 130 17 89 108 86 228 255 255 167 127 255 233 81 255 185
    205 255 255 255 0 196 127 0 255 47 129 231 66 255 78 8 0 205 0 171
    97 41 87 128 184 255 176 255 13 232 118 0 255 95 181 229 255 0 106
    150 115 255 66 0 171 255 0 15 0 173 34 65 82 0 255 255 255 95 0 49 0
    5 255 255 25 151 161 64 236 0 46 0 255 221 0 255 0 108 33 255 186 0
    255 154 120 48 225 0 33 197 175 58 57 208 255 146 122 255 33 3 145
    148 255 85 32 0 0 0 97 109 20 229 226 255 165 38 255 28 247 11 255
    197 0 0 0 255 222 0 129 0 0 212 165 255 247 0 6 164 144 147 255 255
    255 252 255 29 240 120 64 35 208 96 41 134 255 0 255 179 34 209 70
    225 161 203 0 0 135 157 0 12 168 0 255 0 0 255 255 247 135 1 252 169
    0 183 177 0 86 169 150 135 6 30 255 2 247 220 255 189 11 255 157 192
    106 80 255 90 68 78 0 85 2 60 0 7 67 82 170 0 168 0 255 255 218 209
    249 141 56 255 210 0 255 255 9 231 223 48 255 246 0 0 255 0 250 24
    121 165 255 91 205 255 74 197 127 166 43 0 123 226 202 131 255 58
    180 157 255 92 255 14 255 141 84 25 255 171 24 190 208 255 0 0 44 0
    0 4 17 156 116 0 239 0 31 99 200 255 39 215 133 141 11 255 106 148
    255 255 255 0 255 16 255 173 0 255 255 202 255 255 146 0 221 0 58
    109 255 79 16 255 143 0 0 255 0 39 0 0 255 238 199 0 18 21 222 0 41
    136 246 187 255 140 0 255 255 209 205 0 0 0 236 62 0 249 85 255 75
    40 39 255 0 38 0 255 255 130 0 249 40 255 146 255 112 255 146 255 0
    246 101 236 0 255 191 0 0 152 0 13 108 131 21 0 1 6 10 12 0 168 81
    201 47 0 57 101 255 255 0 255 0 0 183 0 0 224 0 203 255 148 236 0
    115 0 0 22 245 26 0 199 255 163 37 255 126 255 88 0 255 76 0 172 255
    3 126 255 0 243 0 255 222 29 249 0 141 120 32 24 174 84 255 110 208
    111 0 56 106 0 226 255 172 212 165 255 186 17 0 0 1 0 32 0 58 255
    144 181 182 6 209 101 104 88 255 255 255 125 73 227 235 255 104 255
    101 117 141 255 152 219 0 213 255 255 0 0 76 134 3 41 155 99 1 221
    131 255 0 99 0 117 43 120 72 255 110 255 110 9 255 0 53 0 225 1 62
    255 145 15 179 198 218 82 135 194 131 42 2 255 255 245 225 255 255
    28 0 200 130 0 255 0 188 255 255 75 255 0 44 98 96 137 0 134 211 65
    28 138 55 247 125 92 0 164 153 29 50 0 59 255 255 255 209 247 0 156
    116 203 88 128 0 0 7 38 110 124 255 0 198 125 255 255 122 255 0 255
    67 168 81 0 0 0 255 205 255 35 255 255 9 255 0 116 123 245 90 97 51
    53 0 178 97 25 255 150 134 0 0 116 199 0 118 200 32 0 0 0 255 242 36
    46 253 132 244 147 233 255 14 28 47 168 103 41 0 0 175 136 0 0 0 79
    0 190 191 137 194 185 176 13 123 211 91 77 0 255 0 24 255 154 255 39
    25 34 196 249 0 103 23 127 255 84 255 255 95 214 255 95 75 203 86
    187 56 63 0 255 0 155 82 225 159 127 164 219 91 199 109 255 10 5 238
    92 226 106 156 64 255 93 255 255 176 196 117 192 31 255 248 0 156 1
    0 121 55 237 54 116 255 0 255 255 190 198 151 143 89 0 9 255 142 0
    199 115 182 28 255 0 166 0 245 255 0 0 148 44 62 0 52 221 255 255 91
    0 234 255 35 0 255 0 56 22 95 94 4 163 0 151 0 115 97 29 255 22 255
    174 236 71 255 161 255 97 208 255 201 0 67 247 220 26 233 72 0 251
    20 1 117 0 142 255 121 134 132 55 233 0 157 191 76 0 212 41 188 183
    255 0 255 51 82 205 211 0 57 115 181 211 255 0 193 255 0 255 247 136
    91 129 208 158 100 255 190 84 144 48 255 0 101 59 0 132 141 129 0
    108 215 255 0 186 215 168 0 136 178 0 29 133 28 0 56 125 47 120 0
    255 255 0 255 0 0 59 0 0 1 59 160 0 152 255 255 0 0 103 179 141 0 0
    255 146 0 245 244 171 238 54 56 0 36 146 255 103 165 129 255 0 62
    198 255 0 42 107 103 211 255 223 37 0 226 187 0 108 103 116 255 128
    255 170 118 255 84 86 179 255 117 22 0 0 221 9 201 126 195 0 63 0
    102 130 255 88 88 28 192 191 129 0 0 65 50 0 235 97 255 148 75 224
    192 0 255 255 255 219 255 186 224 63 255 255 255 0 82 1 255 255 133
    255 255 0 209 0 84 0 255 63 255 185 50 227 134 193 0 119 255 0 146 0
    157 121 74 235 12 221 56 60 0 0 174 185 235 136 51 0 96 99 0 78 0 0
    15 52 255 45 152 255 44 0 174 195 116 242 0 86 5 10 65 43 255 152 71
    255 95 189 121 255 135 246 154 0 148 223 55 205 254 101 86 164 255
    255 152 0 255 72 180 209 255 16 75 255 197 102 204 58 255 255 179
    255 0 113 139 215 240 255 64 11 165 134 61 101 92 0 255 55 236 0 173
    255 255 108 250 185 240 0 171 255 72 238 0 192 255 229 255 0 116 0
    203 255 243 29 44 250 205 0 0 3 32 236 0 176 158 255 255 255 255 45
    95 86 0 255 238 129 66 253 255 210 54 97 87 255 250 90 122 155 235
    255 255 150 255 42 255 253 0 122 178 255 158 229 39 0 227 101 159 0
    0 69 229 160 224 255 78 255 172 37 86 79 255 0 170 55 10 171 0 63
    255 0 255 73 169 1 9 0 255 166 0 137 178 7 248 255 209 47 90 0 14
    157 255 82 86 0 60 255 93 223 38 138 255 248 0 0 0 216 40 19 255 155
    0 166 255 181 46 0 110 188 171 0 66 255 165 224 118 255 192 255 0
    131 0 0 226 81 21 0 0 30 255 48 255 62 91 130 4 166 255 255 252 219
    90 174 251 155 224 0 0 213 121 255 248 242 0 46 191 220 0 125 101
    203 253 123 144 187 34 123 141 135 124 219 109 3 39 40 254 201 194
    246 0 255 234 145 255 130 74 255 0 255 176 255 195 151 255 158 228
    255 144 160 255 255 193 255 127 255 10 255 82 255 255 187 96 252 27
    97 156 0 175 255 143 106 0 4 101 0 136 251 216 255 176 222 173 165
    255 138 61 24 255 207 255 240 0 129 171 190 182 233 186 34 110 255
    255 113 11 255 52 255 0 0 0 196 68 0 255 255 83 255 255 243 223 200
    170 95 255 255 0 255 160 163 185 255 255 67 3 246 0 174 210 255 255
    255 161 206 255 255 12 0 169 0 0 252 250 91 0 0 73 255 255 0 255 0 0
    0 226 0 158 28 255 255 0 255 0 83 51 135 0 75 0 131 0 0 0 244 245 0
    236 0 118 114 93 255 201 198 0 0 152 0 129 236 59 159 177 0 255 118
    0 255 228 176 0 255 88 45 0 191 135 73 23 208 0 168 0 214 255 101
    246 255 65 0 224 0 129 255 126 40 8 71 51 90 42 163 0 0 128 89 197
    207 0 112 61 255 71 255 0 142 255 255 0 134 0 216 255 0 255 38 103
    221 93 255 140 255 149 0 219 255 216 42 176 92 255 139 221 62 0 203
    255 255 219 135 11 0 90 255 0 214 0 10 255 108 100 32 71 126 255 255
    100 224 76 175 0 141 255 180 223 0 230 104 73 52 91 255 4 205 239
    133 255 255 128 255 0 255 65 0 0 2 104 255 255 255 59 131 69 0 15
    220 151 255 255 33 177 255 0 173 255 109 255 86 195 121 57 0 255 255
    83 186 26 118 0 0 139 5 255 168 152 255 0 183 54 255 0 0 243 14 113
    163 255 225 255 255 220 255 211 44 183 206 0 208 0 208 118 78 184 0
    0 115 255 0 0 138 146 243 0 79 255 40 214 127 0 251 255 249 0 0 255
    139 27 82 38 195 142 255 0 255 79 0 0 121 252 189 255 0 12 255 222
    224 13 96 21 0 140 0 33 108 138 150 152 255 56 0 106 255 0 0 41 175
    40 131 255 66 201 132 0 192 103 196 96 41 109 0 204 118 217 230 123
    0 112 0 63 124 255 44 13 18 24 0 255 137 0 255 131 44 0 61 255 50 17
    179 91 255 0 238 0 214 191 96 169 143 116 98 58 193 255 138 0 182 0
    255 169 0 195 208 255 72 66 30 0 127 211 176 0 255 0 99 255 29 243 0
    158 62 255 255 155 35 0 0 195 140 0 189 255 0 35 188 0 0 255 255 50
    209 244 255 157 0 24 0 176 92 152 36 23 62 96 39 255 208 255 138 255
    143 26 7 70 255 255 255 0 183 255 14 0 163 255 173 133 255 179 138
    219 255 130 92 231 37 86 108 255 238 0 13 34 55 189 115 151 0 56 255
    0 16 16 255 0 97 41 213 254 255 176 255 170 113 255 103 49 255 41
    193 255 120 31 184 87 7 253 253 96 91 1 92 11 168 171 32 88 221 83
    138 0 0 220 71 188 197 127 174 139 255 134 192 255 255 3 0 247 90
    111 255 29 106 222 0 221 145 136 0 13 255 0 0 255 165 117 149 230
    152 183 44 229 233 232 255 215 196 255 0 112 255 185 236 255 198 171
    0 113 137 122 149 8 224 255 67 31 0 255 139 0 36 60 135 209 255 54 0
    0 167 0 0 118 213 0 255 101 65 0 255 130 7 0 0 20 85 251 108 35 255
    255 0 255 255 126 255 116 9 44 0 202 31 255 255 117 175 95 0 32 219
    155 238 155 163 255 173 75 48 83 249 217 22 87 82 145 0 255 149 69
    191 245 255 171 191 0 228 100 255 0 0 0 190 184 0 255 223 255 0 0
    211 13 255 157 174 122 0 255 221 0 73 255 4 0 227 202 0 189 255 0 39
    113 23 194 221 200 97 147 75 255 134 0 0 196 119 0 155 91 0 0 0 255
    228 190 0 255 231 244 174 220 240 162 239 15 128 255 255 0 12 255
    174 221 42 0 10 204 130 134 154 147 39 162 0 0 53 187 84 204 237 255
    254 191 234 255 230 9 100 0 232 255 195 49 255 0 0 35 0 255 91 155
    225 214 142 0 66 0 26 117 255 0 0 24 115 149 188 255 255 158 224 255
    155 193 10 113 37 255 0 255 30 233 110 2 55 0 212 255 166 101 104 0
    6 127 255 177 255 0 114 60 0 255 0 0 174 242 189 0 190 102 99 234
    200 0 59 255 0 163 119 238 141 0 177 187 97 49 0 168 255 11 27 255
    175 94 130 141 0 0 0 172 0 209 255 0 196 255 54 139 98 34 0 149 231
    103 49 255 255 230 0 220 53 152 105 255 98 0 0 255 124 225 44 138
    171 255 0 0 128 249 255 39 152 198 255 32 0 0 24 158 33 241 0 233
    254 255 65 95 0 155 136 0 19 255 49 144 0 70 184 255 223 179 0 255
    45 0 142 0 91 200 255 255 109 51 12 255 255 104 64 118 100 0 0 88 47
    48 175 143 28 68 255 0 52 77 130 0 255 64 198 45 255 251 255 0 255
    255 0 255 230 29 0 241 255 60 0 0 198 255 155 155 126 255 69 255 0
    110 255 0 0 222 49 255 255 255 179 48 233 255 0 255 0 75 229 70 0
    255 127 91 13 0 0 212 255 19 253 0 0 159 255 0 0 0 72 255 180 155 24
    0 154 30 0 81 29 65 84 81 0 224 186 255 223 0 108 0 44 26 0 0 255 0
    0 150 0 223 0 159 18 255 139 139 48 241 255 255 186 255 213 0 0 0 37
    255 69 255 18 0 255 60 2 0 63 125 204 0 255 175 137 255 131 229 223
    0 215 139 6 255 0 0 74 36 255 37 0 255 221 255 255 255 52 5 0 208 72
    255 255 104 142 9 24 0 255 255 220 254 0 5 244 0 81 210 0 66 109 0
    255 255 215 154 182 0 214 0 64 0 255 0 255 0 212 0 117 122 0 197 235
    216 85 130 0 78 21 41 255 13 141 21 255 65 80 86 8 253 191 81 236
    236 103 0 208 255 68 255 117 0 0 251 205 0 36 110 0 0 0 255 104 141
    225 68 0 0 108 0 210 138 147 255 15 255 161 0 255 255 61 111 223 255
    53 0 21 22 0 99 226 110 0 48 6 243 255 0 0 40 28 152 23 17 146 0 64
    20 0 22 126 87 49 252 173 126 83 133 0 255 0 255 255 19 40 255 204
    58 254 182 255 255 0 255 0 255 0 54 255 255 230 16 0 101 159 116 162
    75 7 7 58 255 0 196 162 55 36 55 255 85 255 112 69 255 255 5 185 255
    0 0 255 0 118 54 22 255 49 232 0 210 150 0 107 239 0 0 104 191 255
    255 255 255 32 230 231 255 255 255 132 89 50 74 0 222 236 80 38 172
    0 37 211 0 255 167 140 0 200 0 228 128 131 1 0 0 255 238 238 203 124
    0 88 121 206 0 61 0 99 255 112 95 0 33 148 202 132 47 237 0 255 0 0
    0 235 255 0 235 221 82 26 249 109 57 211 255 64 247 233 0 255 174 23
    255 208 180 0 197 42 115 99 123 0 62 21 98 48 53 232 0 38 255 255 0
    255 83 36 226 69 52 255 255 133 86 45 255 250 0 181 255 201 6 255 23
    255 0 170 255 158 93 40 255 114 103 181 69 19 123 154 0 255 164 79
    135 255 155 44 255 0 150 37 143 239 0 16 0 176 161 126 102 2 255 76
    246 255 209 109 188 129 57 198 87 226 0 157 37 0 0 255 47 255 158
    131 255 72 35 193 0 0 0 147 149 58 181 0 255 253 255 114 255 255 134
    62 75 12 10 98 233 52 222 68 255 13 184 135 119 187 0 32 78 255 192
    97 117 77 5 198 0 4 228 15 114 211 18 255 227 40 255 211 65 178 68 0
    217 105 239 0 252 248 255 58 125 126 112 255 255 140 253 160 123 181
    43 54 228 0 63 71 141 215 33 248 228 136 255 119 99 0 181 21 230 254
    1 96 0 177 224 255 206 22 110 8 255 255 1 246 232 137 155 74 196 167
    91 59 186 231 28 0 163 0 139 0 211 170 141 255 0 250 255 255 209 64
    150 0 34 33 219 0 255 83 4 37 72 138 0 22 202 255 255 228 129 51 81
    239 0 255 255 117 237 253 9 140 147 195 0 95 19 255 0 60 0 0 27 18
    255 246 15 0 130 123 0 105 203 204 0 255 0 18 182 73 102 209 242 56
    44 0 255 0 33 249 255 147 179 190 0 100 237 117 69 249 102 116 176
    255 186 77 78 0 5 23 255 0 255 255 89 0 0 255 0 15 163 144 8 237 23
    255 133 14 100 255 134 255 255 155 255 176 255 255 92 255 64 245 173
    87 0 151 119 160 0 0 255 42 255 38 255 228 255 255 84 29 96 255 255
    90 255 91 179 88 255 0 0 242 216 0 223 98 167 255 31 110 187 255 0
    170 44 110 4 220 191 255 9 255 185 182 5 255 146 163 126 134 0 44 63
    82 255 255 106 255 129 0 145 100 255 142 0 0 133 95 255 255 126 75
    29 254 142 173 94 152 255 222 97 255 0 169 48 0 171 87 247 43 227 0
    33 91 51 167 142 141 255 255 185 255 124 121 127 162 214 0 255 60
    255 255 0 255 96 100 77 21 237 93 152 116 249 88 0 0 255 0 20 255
    204 255 0 129 255 0 106 174 113 61 0 141 190 255 237 255 121 241 255
    129 96 255 157 209 253 158 255 255 171 44 225 164 255 66 240 0 20 15
    140 0 249 0 232 84 178 132 61 118 108 255 29 198 2 0 172 211 64 0 44
    255 255 225 132 220 148 0 110 197 98 131 105 255 255 255 5 169 0 241
    248 255 174 0 95 67 0 30 0 106 0 210 153 0 0 0 0 97 255 80 50 255 11
    129 0 24 0 255 86 9 11 111 92 131 77 101 135 255 182 0 214 91 46 0
    159 0 0 255 121 143 130 241 196 110 255 255 186 183 233 195 126 255
    242 168 48 234 50 0 57 131 28 221 235 135 165 134 255 45 168 0 255
    253 149 50 169 16 31 225 255 205 255 59 255 0 152 111 34 72 127 72
    255 81 255 0 255 255 255 219 247 212 0 39 255 60 139 3 255 105 145
    78 255 255 187 255 204 175 164 100 102 45 222 83 85 103 255 0 57 255
    22 39 230 68 0 255 61 0 0 255 95 108 202 34 255 74 207 116 255 167
    252 0 14 208 0 0 39 158 24 207 255 13 0 236 38 134 80 255 0 0 0 189
    129 195 255 56 0 255 255 255 144 114 206 0 112 115 237 174 113 186
    31 73 20 0 0 77 0 0 229 0 166 221 0 255 0 125 0 251 14 196 83 207
    155 157 128 0 255 0 170 0 94 170 0 0 91 182 0 196 255 152 82 177 255
    153 236 103 255 143 18 255 0 212 0 57 175 175 139 47 255 0 63 215 54
    255 255 31 237 186 213 19 19 220 22 156 1 49 91 10 255 131 255 255
    255 61 0 9 11 255 255 92 64 159 0 255 60 234 19 197 90 19 0 92 0 214
    150 122 209 14 206 55 185 236 115 84 0 255 244 52 255 0 50 21 51 65
    69 0 255 66 163 254 93 140 176 255 196 91 76 244 242 90 255 0 0 41
    106 131 249 0 9 0 255 255 225 27 245 234 125 0 149 173 0 104 158 83
    167 0 0 255 43 185 118 99 0 184 140 212 255 255 250 138 135 179 255
    255 255 0 117 255 125 181 31 29 249 131 107 191 137 246 114 255 144
    52 39 0 221 0 0 96 154 171 0 129 83 36 100 255 255 255 130 72 0 0 0
    0 181 0 201 0 20 192 206 24 0 47 255 121 149 214 95 255 229 126 194
    85 185 255 255 255 25 200 172 100 255 255 215 210 0 0 97 25 0 0 15
    225 228 185 0 133 215 0 171 91 242 0 51 255 0 224 115 100 0 86 24
    255 219 27 255 186 0 255 0 0 152 201 177 100 16 162 234 0 5 255 105
    0 0 163 250 132 6 255 0 111 255 11 186 0 255 0 237 0 57 187 95 255
    128 97 97 175 255 186 255 71 88 255 174 173 10 255 58 26 0 0 133 0
    234 153 0 0 255 2 0 0 0 0 152 255 155 75 255 0 0 52 255 0 22 255 255
    255 255 246 143 109 202 37 158 55 27 255 148 191 157 235 0 136 211
    122 255 99 53 255 32 255 40 0 67 25 255 160 238 244 156 5 216 255
    103 0 215 0 182 118 204 255 255 231 255 84 0 18 180 75 228 163 40
    255 239 151 127 245 247 100 199 68 255 180 20 0 137 255 141 77 255
    255 255 255 6 52 162 153 92 17 91 27 0 255 0 0 0 189 186 242 187 226
    228 0 14 255 61 57 93 13 0 95 255 0 235 182 0 83 255 0 32 140 175
    132 86 114 255 137 138 255 210 0 143 0 151 0 177 0 94 183 64 0 238
    255 96 239 234 255 84 30 208 222 182 140 88 0 0 45 184 21 128 0 0 0
    255 150 10 130 0 97 26 59 255 46 255 50 112 220 188 0 54 61 0 195
    155 73 4 255 40 148 0 255 166 121 255 0 34 255 0 189 182 255 147 0
    88 205 143 13 227 26 113 255 52 69 255 48 48 244 223 4 255 188 126
    255 0 0 111 255 0 18 33 169 115 255 45 2 196 0 82 255 13 255 0 251
    111 89 144 255 205 156 226 255 0 130 0 76 87 154 32 221 73 44 217 69
    210 175 255 42 151 220 255 41 0 100 0 227 34 192 100 0 28 0 255 255
    209 255 94 169 127 251 42 184 160 128 1 0 255 14 255 44 255 99 76 0
    61 75 123 107 1 255 202 148 77 0 0 255 228 255 255 0 79 82 175 255
    53 164 85 72 79 0 108 135 159 255 255 91 149 115 32 70 118 166 0 233
    255 255 119 156 80 172 255 0 25 176 238 144 143 255 171 97 26 163 0
    248 121 34 47 75 188 66 161 0 156 19 255 255 243 142 255 0 150 255
    255 51 255 16 11 255 3 255 154 0 112 253 128 247 234 255 0 120 62
    207 0 200 20 255 67 43 255 0 239 211 255 138 255 152 185 0 117 17 96
    194 232 35 210 0 0 255 125 122 120 60 255 255 234 11 255 94 74 109 0
    0 169 30 255 0 177 255 0 169 255 174 255 179 255 255 234 80 114 255
    119 255 255 240 13 73 255 0 180 0 255 184 104 7 99 255 212 180 157 4
    199 0 166 141 0 255 242 60 195 0 255 0 0 0 168 150 79 216 109 254 0
    171 146 255 0 0 255 52 62 124 0 119 0 188 23 174 0 18 255 220 0 181
    0 255 255 255 195 0 175 176 137 26 45 175 153 167 255 53 0 218 155
    121 66 16 106 0 0 37 255 128 101 255 130 243 253 0 247 13 51 15 0 74
    0 59 255 0 19 0 92 0 0 28 0 239 0 87 255 28 255 5 0 0 200 218 94 109
    212 255 255 0 79 217 255 0 133 49 255 144 52 0 196 74 25 0 0 37 255
    0 55 176 86 0 149 0 253 255 8 255 0 51 56 27 255 255 53 53 157 132
    122 127 0 255 0 111 230 71 201 198 255 129 65 0 0 255 66 44 76 68
    255 255 174 98 152 237 0 170 3 157 78 224 255 105 204 246 171 255 11
    0 160 255 0 50 133 203 255 241 72 51 181 154 255 92 148 97 199 108
    212 255 255 184 206 0 0 255 75 35 0 224 75 90 255 197 144 255 0 255
    18 0 151 198 209 255 0 0 0 3 105 186 91 37 208 155 13 255 0 255 60 0
    0 133 0 255 255 179 232 0 0 0 0 36 0 35 133 0 0 173 255 255 112 0 0
    255 0 81 199 0 28 139 255 28 24 255 153 183 255 0 8 14 165 46 248
    255 80 250 40 0 49 172 0 0 72 0 112 171 0 0 142 17 0 149 19 24 91 0
    56 207 16 206 219 255 0 0 255 179 203 0 74 209 91 0 61 18 65 8 114
    62 115 210 232 137 228 213 0 43 72 0 42 255 82 247 255 255 255 72 74
    0 237 0 124 0 72 255 91 255 67 255 139 0 226 129 0 19 38 211 100 0
    255 191 245 255 104 255 0 255 255 14 102 62 146 205 55 14 170 195
    198 95 117 0 255 4 0 31 0 255 36 139 80 76 155 232 0 0 187 222 237
    253 255 194 0 255 255 233 0 25 184 41 144 63 221 0 120 232 44 70 112
    117 129 0 202 30 219 0 255 255 90 89 0 0 224 0 69 86 144 34 108 255
    255 0 0 0 248 96 0 42 255 238 225 209 0 136 246 0 217 185 164 0 182
    255 152 0 206 150 238 80 193 0 173 0 42 119 0 110 0 246 0 0 0 0 255
    40 61 255 26 103 214 194 17 7 123 255 84 255 255 152 117 105 255 58
    219 232 107 23 253 94 106 0 54 28 54 12 0 231 0 27 154 101 20 206
    183 165 67 125 179 172 14 0 255 0 12 255 160 97 255 11 222 225 58 0
    207 43 167 247 131 255 255 167 174 169 255 5 0 68 0 88 255 255 50 77
    140 210 231 0 255 169 220 0 49 6 122 255 245 59 80 255 100 255 104
    113 0 0 33 179 160 213 217 191 159 1 139 255 0 87 0 0 224 0 4 150 14
    198 195 197 55 225 190 6 96 65 103 206 61 34 6 255 0 216 33 82 246
    222 7 255 143 0 59 0 244 0 0 110 31 255 255 1 0 114 218 0 255 0 61
    255 217 22 255 155 255 255 136 255 246 217 249 61 255 255 255 105
    199 0 127 162 179 174 255 255 149 176 84 98 48 23 195 253 177 196
    219 67 0 0 255 93 0 255 255 180 58 0 255 119 0 3 78 0 15 80 0 255 52
    238 224 86 255 106 0 9 255 157 16 255 255 0 76 250 50 255 255 255 58
    172 157 185 135 33 0 0 60 32 255 159 168 11 183 99 255 97 202 239
    255 42 33 255 74 173 0 0 62 101 0 0 255 76 241 235 27 255 161 0 57
    255 147 206 21 255 164 0 255 255 0 209 0 19 58 67 0 255 23 255 255
    166 243 183 195 0 0 213 12 159 0 255 200 255 0 126 210 164 142 227 0
    255 44 213 255 251 0 109 191 55 0 5 255 0 128 249 112 221 0 65 8 0
    24 96 88 31 127 75 159 157 122 141 0 0 160 255 174 151 57 0 41 126
    255 35 91 255 255 8 0 0 118 126 240 219 56 197 255 255 244 156 96 61
    0 0 234 99 0 220 255 0 255 254 255 255 193 75 121 255 194 19 255 255
    93 0 255 0 255 255 0 255 255 3 255 172 0 0 17 127 44 162 8 90 0 237
    117 0 0 255 195 255 219 132 19 38 255 84 251 255 149 255 73 255 0 64
    11 229 131 0 230 193 37 0 145 255 149 255 21 128 12 255 172 28 158 0
    247 255 75 143 215 255 41 0 150 20 0 172 96 173 157 150 109 210 76
    22 228 255 155 0 2 166 81 78 96 128 255 255 169 49 255 247 255 81
    255 19 0 193 0 255 147 0 182 0 212 151 102 255 0 12 191 0 182 255
    215 255 255 0 249 255 91 132 204 255 255 0 255 35 0 71 245 175 251
    255 255 62 248 17 91 3 232 236 0 147 174 212 0 209 188 0 236 153 156
    73 0 255 0 225 31 0 48 255 18 0 250 0 255 255 110 211 255 255 84 70
    0 255 0 33 182 3 32 183 250 129 4 0 5 88 255 84 0 255 209 203 185
    255 0 166 255 198 255 46 221 24 129 78 186 255 208 0 53 255 0 255
    177 177 121 127 101 0 70 207 71 255 242 233 0 0 70 96 90 5 102 79
    255 255 221 222 0 20 0 128 32 124 99 0 255 198 203 42 255 0 123 229
    0 37 0 35 0 0 127 255 0 129 255 35 213 100 8 173 106 215 0 0 255 133
    227 0 145 255 0 200 0 0 255 16 255 255 255 0 0 35 85 26 43 111 109
    161 249 255 136 135 255 255 255 255 255 42 0 199 255 177 255 48 16 0
    0 43 64 0 140 0 133 150 92 112 130 217 81 254 0 222 0 187 232 0 94 0
    210 96 220 47 255 212 249 255 58 255 182 121 255 0 255 246 173 137
    133 0 0 15 255 176 56 255 0 130 70 255 255 104 177 128 255 255 194
    34 173 39 0 137 175 222 245 255 82 182 255 215 0 245 27 71 0 255 0 0
    198 162 155 28 255 34 0 255 5 0 133 255 255 255 11 234 255 226 255
    170 236 218 0 71 255 46 94 255 162 204 9 157 255 170 49 255 0 111 0
    0 255 200 0 183 238 0 255 121 255 182 255 204 191 95 69 194 82 173
    123 121 0 255 93 0 0 101 0 0 112 255 40 0 0 178 191 0 47 209 0 228
    236 255 255 12 78 180 69 69 255 27 0 0 110 40 214 171 94 7 255 255 8
    10 40 255 0 240 45 255 255 254 255 66 182 160 57 255 255 238 83 0
    192 255 0 67 238 150 0 62 183 0 29 147 91 38 190 122 0 0 48 112 255
    58 209 185 0 121 0 214 255 27 39 94 81 0 255 180 53 0 245 105 71 255
    157 255 255 63 138 248 169 208 56 203 141 0 185 150 255 255 0 81 28
    0 0 0 224 70 74 255 195 165 101 0 255 0 103 255 255 167 1 97 0 75
    167 15 112 255 78 26 128 0 125 112 0 238 245 255 0 131 239 120 247
    255 67 211 165 255 132 0 55 200 0 0 12 255 254 0 255 145 213 54 95
    138 255 248 157 0 0 188 255 108 70 188 228 36 140 85 119 195 0 21 0
    76 6 0 17 255 255 20 118 255 0 139 125 0 0 0 103 131 56 0 7 255 70
    236 26 141 137 112 186 41 0 0 0 0 144 0 204 183 252 71 157 35 118 35
    98 184 42 214 255 121 228 128 0 7 22 240 32 80 117 48 255 45 0 40
    161 0 255 3 141 88 139 0 255 212 164 95 255 0 102 255 115 192 0 0 79
    2 74 20 29 138 0 255 181 255 255 0 192 13 244 133 255 86 0 153 171 0
    179 255 0 110 0 207 0 126 28 181 255 155 46 255 116 255 116 209 255
    0 4 240 0 255 95 0 199 255 0 33 31 255 243 255 152 67 133 254 255
    148 0 255 0 0 255 143 85 136 205 88 0 173 150 243 0 200 254 121 113
    255 255 129 74 26 35 174 28 159 184 231 47 0 50 255 255 0 251 203
    212 254 114 226 247 0 205 192 221 233 22 253 0 251 222 209 161 68 15
    0 164 210 157 255 0 250 255 135 0 79 96 118 29 42 93 208 160 122 255
    0 0 0 0 7 184 248 132 240 82 165 0 255 91 255 121 255 255 0 45 0 21
    16 119 125 255 62 248 0 122 193 255 252 3 205 255 4 218 55 0 55 166
    0 112 236 255 180 225 255 28 255 255 30 84 3 255 197 217 137 63 230
    42 255 21 255 222 255 0 255 137 0 233 30 54 126 191 176 179 235 73
    38 157 184 0 255 255 209 82 255 50 0 130 248 124 255 40 193 9 0 149
    211 24 117 151 255 38 0 78 255 0 101 255 255 21 1 0 0 203 4 0 255 99
    200 205 0 132 0 255 255 193 88 255 0 141 184 0 0 255 33 255 255 16
    255 150 0 0 135 0 121 166 255 0 240 230 0 28 22 255 255 177 242 124
    207 255 31 217 97 255 43 33 108 40 0 204 85 10 4 226 52 102 105 102
    20 76 255 165 49 121 23 214 255 103 255 122 255 144 5 169 0 255 98
    255 14 255 255 40 83 212 24 0 247 0 144 213 120 0 117 0 139 9 255
    255 0 93 255 0 0 255 235 227 144 0 255 0 121 94 255 70 226 207 255
    244 0 0 196 40 19 6 255 98 161 41 254 193 198 255 39 227 142 129 131
    255 252 69 42 126 10 68 0 255 157 128 221 255 32 255 196 255 233 255
    0 13 218 0 228 108 219 3 0 255 33 43 0 255 0 0 246 89 147 0 58 85 0
    0 145 0 0 255 216 111 25 158 255 7 252 235 0 36 149 37 72 91 254 10
    0 0 0 119 0 202 255 0 0 197 136 250 212 125 255 255 214 82 255 238
    195 218 138 173 179 177 1 132 255 255 25 0 0 0 92 113 100 157 1 230
    0 0 0 162 218 7 255 5 0 0 191 255 55 60 211 255 113 228 133 255 30
    251 88 0 255 59 152 255 85 232 190 0 255 0 190 236 255 255 255 16
    255 231 81 82 167 255 95 44 255 215 85 0 104 11 94 255 255 0 185 196
    125 255 255 167 115 0 255 66 211 101 255 60 171 255 199 67 119 109 0
    189 229 0 93 255 126 57 241 119 0 100 217 133 9 168 0 9 17 195 123
    31 0 0 163 209 208 255 0 150 255 0 24 0 142 0 0 0 186 70 0 0 172 0 0
    217 200 15 255 59 179 76 27 109 125 187 255 0 255 179 151 196 255 88
    96 188 237 114 142 131 255 255 0 188 30 22 255 255 0 0 241 215 55 19
    0 147 224 121 76 120 30 0 0 255 112 0 0 255 144 190 113 0 215 93 69
    0 112 148 93 215 255 251 81 204 117 124 134 99 0 9 64 0 218 225 79 5
    2 30 131 108 40 146 255 255 255 43 85 157 0 140 90 49 140 218 53 247
    195 63 33 0 111 67 140 127 255 209 44 109 221 0 0 255 0 23 0 103 15
    242 255 219 222 63 97 0 0 0 94 183 16 255 109 0 140 67 246 0 141 0
    162 0 255 0 159 0 64 23 5 167 255 44 131 105 255 151 133 255 117 255
    255 255 9 101 12 163 193 184 255 63 255 155 92 178 0 0 24 0 19 255 7
    255 255 255 255 96 0 121 205 144 255 0 255 255 0 128 61 175 46 255
    181 255 0 220 176 140 16 0 96 54 39 76 125 121 0 0 151 195 0 186 0
    255 103 0 165 93 124 0 255 60 195 0 7 255 164 0 39 255 100 204 191
    255 179 7 15 218 182 81 194 73 0 30 0 255 13 255 117 189 234 147 255
    255 86 37 163 234 34 125 63 255 255 245 203 255 179 211 255 147 187
    255 125 5 255 29 255 47 236 200 170 31 255 56 148 204 255 136 158 0
    147 255 0 193 237 124 248 255 153 97 59 0 47 147 135 200 143 157 14
    138 0 80 255 134 150 140 0 139 255 0 193 0 255 65 253 0 155 0 223
    189 51 214 77 255 35 77 21 151 255 59 15 173 26 198 255 91 0 255 164
    1 65 209 195 228 0 68 36 227 68 255 143 255 59 227 12 2 242 255 219
    102 166 255 64 255 205 49 0 105 95 24 245 45 65 255 0 0 5 137 255 0
    116 253 27 113 174 139 15 246 247 39 255 206 195 0 130 147 0 124 15
    101 91 255 255 152 0 242 86 255 255 3 255 0 255 255 255 0 38 255 161
    0 165 54 2 109 170 30 17 8 177 219 132 30 255 226 255 255 255 255 0
    253 255 0 0 186 33 255 180 154 0 255 255 255 255 167 137 23 168 195
    164 162 1 55 13 33 255 67 255 211 255 192 0 0 0 0 0 0 182 167 255
    203 158 195 0 181 210 194 6 205 149 209 34 29 0 99 148 254 0 56 118
    222 144 187 0 0 166 255 134 255 125 0 0 183 159 79 255 5 255 68 63
    131 46 62 230 159 0 98 255 96 146 141 255 222 229 58 0 0 126 255 31
    187 255 63 209 239 228 255 177 126 248 167 0 35 68 146 203 0 163 255
    242 190 95 36 56 64 0 125 0 29 255 43 118 214 250 35 163 16 11 255
    79 0 255 255 102 0 235 74 0 162 250 0 135 255 48 138 0 195 0 255 224
    30 255 149 79 0 0 109 255 255 255 0 172 0 6 255 98 0 84 31 95 94 251
    255 255 49 93 122 255 0 242 0 223 26 129 255 28 255 85 33 200 59 177
    233 255 55 101 255 122 123 64 205 95 106 32 124 0 144 240 115 72 186
    210 34 202 40 132 255 0 187 0 90 62 1 198 33 179 72 237 99 226 255
    62 153 79 63 255 255 61 245 41 70 9 255 255 0 90 0 0 255 29 162 22
    254 138 135 183 161 94 0 189 0 34 255 31 255 0 255 168 151 136 255
    226 67 199 0 151 253 224 0 45 220 0 255 255 24 11 11 0 255 87 255
    255 65 73 246 240 0 221 206 0 143 147 239 152 36 64 246 0 158 43 149
    245 0 255 255 0 227 15 255 24 0 0 116 0 255 0 213 255 0 0 102 95 0
    151 0 0 0 255 221 97 118 255 0 245 0 0 0 59 209 132 0 231 190 225
    255 68 255 28 251 255 255 133 0 0 21 106 56 0 0 0 223 222 143 0 49
    192 0 255 65 62 212 47 0 0 0 219 81 20 80 96 0 13 255 57 128 17 239
    181 20 174 238 159 125 255 0 145 255 220 51 131 255 194 216 63 0 255
    186 18 255 111 255 166 169 224 255 255 255 0 255 255 149 255 201 255
    255 143 251 202 255 114 74 255 255 255 255 33 219 0 0 0 252 180 186
    3 255 166 0 0 118 0 255 0 255 54 0 255 255 34 190 187 255 74 159 203
    0 108 149 0 60 0 102 13 0 0 186 225 189 72 163 195 54 13 89 229 36 0
    16 0 224 31 196 4 193 15 255 30 0 0 255 45 42 212 84 35 105 46 0 255
    11 0 134 28 209 38 194 93 0 179 197 200 64 236 0 76 219 110 0 13 174
    17 155 18 199 174 152 199 40 141 25 26 211 128 54 7 14 98 253 255
    163 243 139 198 167 0 14 241 0 0 0 255 0 235 255 255 57 0 212 62 105
    14 0 56 255 137 0 255 217 0 255 225 79 255 255 136 255 214 255 25 0
    255 171 116 0 201 141 0 81 0 0 255 4 121 0 34 0 127 0 99 150 1 31
    215 255 0 196 255 231 0 161 125 111 22 255 36 192 0 255 203 40 87 0
    45 255 0 139 255 191 217 255 141 0 0 56 0 76 255 93 255 104 255 35 0
    98 177 0 0 255 62 86 140 82 200 0 255 0 0 255 178 0 69 110 184 0 9
    189 227 0 0 130 157 0 244 170 79 237 255 0 15 44 255 14 0 255 164
    227 0 234 255 0 80 79 0 0 0 255 72 255 244 0 164 255 129 140 38 255
    255 211 202 255 0 173 254 16 255 0 178 0 231 0 55 176 255 232 255
    226 30 253 255 255 0 135 115 166 49 220 0 87 82 159 0 255 230 9 75
    187 131 255 0 183 0 34 0 0 16 13 0 185 159 0 255 211 0 76 28 255 133
    177 0 255 0 0 0 179 255 0 134 202 125 255 0 0 255 0 248 255 0 127 4
    128 0 238 215 56 239 255 245 255 105 255 220 64 224 0 215 120 13 176
    116 223 35 3 255 131 154 0 179 0 18 185 0 0 0 223 24 139 99 152 0 6
    237 129 0 0 236 252 137 0 76 102 133 89 0 255 0 105 241 255 37 0 0
    255 179 255 229 87 0 224 98 169 0 140 107 255 216 255 0 85 161 137 0
    91 193 107 132 255 255 119 245 255 0 255 108 159 255 107 131 90 255
    255 233 255 209 66 83 12 182 255 0 126 154 27 158 0 142 183 188 177
    255 32 62 116 126 178 247 0 0 255 255 16 255 255 169 89 255 229 50
    236 255 9 73 106 255 25 0 0 0 31 255 255 68 255 0 81 103 255 0 0 0 0
    164 255 0 72 0 135 0 159 6 103 239 255 0 255 255 255 244 255 55 0 0
    255 28 24 3 21 69 96 63 47 255 69 104 64 255 181 255 155 250 255 0 0
    228 240 255 255 32 255 155 0 158 73 255 19 176 126 96 0 22 18 154 92
    193 255 245 39 196 237 0 141 0 255 0 241 255 227 255 45 255 249 0
    255 208 255 27 0 110 17 255 255 223 166 255 8 95 255 132 201 255 0
    13 150 255 173 86 83 255 9 174 0 9 201 133 249 24 255 11 191 165 238
    90 255 83 255 155 30 45 204 163 18 94 255 255 0 93 255 0 240 98 65
    255 0 183 255 25 255 190 0 40 255 18 206 35 101 255 115 165 220 111
    167 68 134 0 176 255 80 0 139 111 0 0 0 255 0 108 255 255 7 242 246
    113 103 215 0 101 99 0 163 93 222 255 255 209 63 255 255 176 80 112
    255 186 54 139 228 214 20 22 233 89 0 10 255 144 0 0 255 255 146 172
    255 164 45 166 122 120 0 129 163 0 98 182 255 0 58 0 255 0 255 214 0
    198 255 146 237 7 130 186 107 224 0 0 0 0 0 139 0 33 0 126 0 9 249
    20 0 39 255 255 255 239 255 143 230 255 255 63 206 3 73 0 207 255
    255 6 67 255 255 184 189 95 0 0 241 0 21 135 68 29 61 219 255 0 169
    146 69 255 12 149 0 255 255 19 189 55 0 196 255 163 196 255 250 227
    255 211 255 0 52 1 255 81 255 228 83 0 255 63 188 0 1 0 122 0 255
    152 255 65 255 0 41 131 50 0 66 255 131 18 255 96 103 59 155 94 0
    170 184 0 0 83 221 139 0 65 70 122 132 255 0 186 0 118 255 66 174
    229 91 96 89 55 246 197 215 57 225 0 66 239 124 0 0 255 0 231 213 94
    0 0 169 245 58 255 255 222 144 10 253 245 209 126 6 76 125 255 0 197
    59 26 74 23 65 249 255 255 0 0 0 0 255 0 100 187 191 89 97 10 0 0 0
    6 0 93 255 102 215 0 0 191 0 83 248 255 32 167 7 255 119 109 87 127
    141 43 0 139 116 172 52 137 255 151 188 75 47 251 219 107 234 46 220
    189 210 231 255 241 93 34 255 115 143 122 92 236 160 245 166 180 94
    0 216 26 0 152 0 255 75 0 48 255 11 203 0 255 255 255 0 255 255 0
    255 194 0 15 208 0 250 94 0 0 0 198 238 82 195 255 0 255 148 221 255
    147 255 140 53 16 131 0 255 37 209 12 0 60 178 255 187 188 26 255
    123 192 137 0 248 131 106 86 169 255 0 78 213 196 68 0 146 37 255
    205 215 235 191 0 56 0 255 0 245 255 0 96 94 115 0 31 135 79 8 46
    255 62 205 0 255 255 255 12 39 91 0 52 0 199 255 161 152 0 255 121 0
    102 112 27 255 205 0 131 43 0 0 90 12 94 58 255 255 76 0 5 29 163 81
    38 154 68 255 210 74 155 183 0 67 177 255 0 255 255 0 255 0 112 214
    125 192 241 200 0 83 0 186 0 46 119 0 11 20 113 0 103 46 0 0 14 101
    0 0 122 0 153 0 0 188 255 125 255 236 0 37 1 255 115 0 129 182 0 255
    71 248 38 255 54 255 60 76 127 119 240 28 255 43 252 0 25 97 255 89
    160 139 0 243 255 113 255 255 0 14 213 78 173 255 105 255 55 255 0
    28 255 68 255 255 255 0 91 255 96 255 248 0 212 0 255 168 0 175 80
    157 220 255 250 142 89 255 118 255 253 255 168 255 68 157 0 252 220
    0 255 0 255 255 0 41 103 218 230 0 160 255 101 7 153 138 0 163 235 0
    212 255 217 18 103 0 0 232 0 244 77 87 255 83 255 0 174 237 242 255
    121 229 39 70 0 0 0 255 172 18 0 124 157 255 35 82 66 71 0 25 0 169
    0 17 0 137 146 255 0 208 247 199 0 0 0 49 149 125 216 255 216 0 0
    129 136 55 0 255 241 112 129 82 12 0 50 158 0 255 161 255 74 0 144
    131 0 231 255 34 141 255 255 60 152 255 69 31 167 103 68 142 208 113
    145 151 255 101 106 0 145 0 0 255 142 208 134 231 119 235 146 219
    166 255 134 255 4 237 20 33 255 255 12 0 155 80 102 246 240 229 222
    255 0 255 255 142 145 66 255 120 0 122 239 0 34 255 255 11 114 255
    255 0 169 39 77 146 164 0 134 164 255 255 255 255 55 255 255 72 243
    12 255 228 166 255 246 0 0 0 0 255 252 109 109 248 180 93 36 20 42
    255 164 198 0 10 10 0 0 255 35 68 255 0 134 27 0 0 232 250 45 20 69
    0 0 51 86 255 53 134 0 42 0 174 225 14 157 255 251 162 0 120 23 82
    152 0 86 213 255 49 223 1 239 255 73 210 156 255 246 255 197 0 131
    255 189 193 0 143 255 185 185 184 211 182 156 122 0 134 221 126 255
    0 255 177 197 0 5 39 239 205 0 141 240 255 125 12 105 149 0 66 255
    246 150 255 255 32 0 53 122 0 0 66 130 234 255 38 97 255 0 73 109 20
    255 0 0 115 0 1 228 255 0 45 255 40 97 0 255 232 247 30 125 84 124
    70 147 93 58 255 13 0 167 4 255 255 43 178 40 255 0 147 59 126 187
    168 173 223 214 93 255 0 96 255 105 0 255 166 88 246 68 0 49 18 54
    36 255 174 28 255 112 255 109 161 223 203 0 199 226 255 83 194 89
    255 127 218 226 142 0 255 255 0 122 0 255 255 84 69 187 0 29 39 0
    255 255 75 255 0 10 59 233 149 0 255 164 0 119 255 133 245 225 95 0
    154 0 42 16 0 0 163 102 0 203 211 91 99 110 255 0 0 210 76 255 140
    30 181 0 255 244 0 171 255 182 222 93 76 0 0 204 193 139 255 0 185
    72 0 255 255 0 58 255 246 0 255 113 211 2 182 46 0 55 49 151 224 196
    255 126 191 111 81 27 132 84 0 203 44 162 158 255 139 45 108 124 0 0
    241 151 0 255 0 68 0 5 134 163 68 84 190 206 255 113 180 251 183 255
    0 70 180 122 181 255 53 56 180 255 172 0 255 123 171 0 99 255 0 102
    149 34 0 78 255 148 141 0 192 255 28 255 255 255 255 0 201 133 183
    92 131 147 2 106 255 1 255 14 0 30 169 0 149 218 162 255 0 192 162
    28 255 246 0 255 0 178 0 126 176 255 197 43 9 0 255 0 0 255 75 115 0
    255 183 255 255 169 131 31 217 10 46 248 0 44 11 135 129 244 143 255
    0 220 255 255 165 0 255 77 166 170 0 0 212 255 0 255 179 0 113 255
    151 0 255 75 33 255 246 0 0 77 47 112 140 0 255 255 255 155 5 95 0
    245 230 0 255 116 50 211 64 0 255 198 144 167 206 130 131 255 160
    252 0 140 29 26 255 16 241 19 146 0 154 151 0 255 115 255 19 125 63
    0 255 86 0 255 0 3 255 225 195 1 210 213 0 50 20 0 226 255 0 0 127
    241 255 27 101 255 203 240 46 135 255 194 220 0 54 0 29 0 255 255
    182 255 150 213 255 82 255 249 251 186 211 44 255 0 255 255 255 211
    29 52 148 185 215 215 147 0 157 117 255 194 31 135 104 103 90 0 209
    255 97 33 255 152 203 122 255 0 134 3 22 52 0 61 0 0 163 46 46 30 4
    22 255 132 234 141 255 77 255 4 208 193 0 60 90 24 57 0 82 0 192 230
    253 0 69 134 28 0 197 136 255 151 0 204 255 43 211 211 70 255 207 0
    0 90 218 110 138 238 255 232 86 176 123 149 252 0 9 255 0 0 57 154
    255 148 161 97 255 98 255 63 123 55 128 103 0 255 27 120 170 162 122
    107 197 255 34 0 100 220 111 242 182 0 0 120 213 60 55 130 4 235 0
    99 107 255 255 46 124 0 63 81 255 0 255 247 45 73 190 216 117 211
    255 212 78 222 248 112 249 0 47 125 0 27 68 251 0 195 248 0 218 0
    255 195 243 0 106 0 0 21 64 136 210 0 74 118 255 84 142 26 125 255
    124 0 143 105 39 115 255 112 161 9 20 102 86 139 255 95 24 255 40
    243 192 144 255 35 254 255 255 255 227 244 74 0 54 13 0 233 0 92 138
    180 238 0 255 53 255 255 255 255 0 173 60 255 255 7 24 255 255 0 0
    56 176 0 229 0 69 0 161 156 255 0 255 148 8 212 200 47 0 255 232 255
    136 14 255 112 255 153 67 0 218 90 66 65 255 0 170 0 255 0 16 35 255
    255 195 23 101 68 121 165 255 255 217 167 255 0 189 96 232 255 0 255
    102 84 223 236 88 0 255 0 255 0 0 160 255 228 0 0 0 255 37 0 201 234
    143 0 239 168 48 59 105 242 17 15 194 255 0 255 215 145 179 0 255
    248 130 0 0 0 61 27 103 20 255 118 205 55 85 100 255 0 243 0 253 255
    255 0 122 95 47 0 249 158 151 136 145 143 43 218 201 246 0 242 255
    222 237 0 0 1 208 66 191 255 255 197 255 0 255 255 179 0 255 0 10
    255 255 255 0 255 0 61 0 255 74 66 255 37 125 0 0 255 255 225 146 0
    220 198 174 0 166 124 255 0 0 136 255 234 91 52 37 113 255 209 255
    255 137 69 27 64 254 0 95 175 108 105 0 166 0 160 149 0 102 69 9 255
    154 36 0 114 0 255 0 160 10 0 195 0 67 125 8 8 0 255 195 246 95 255
    72 0 236 0 118 0 60 193 213 5 174 0 169 27 114 197 16 0 255 61 170
    209 62 147 196 133 0 243 0 0 124 136 69 255 199 122 39 181 255 0 255
    176 39 0 67 0 255 210 255 0 255 200 110 0 0 0 42 0 255 255 255 0 244
    0 252 227 141 204 0 15 255 25 255 36 109 33 31 102 0 255 30 255 181
    153 195 0 204 255 0 146 249 253 0 228 132 0 199 87 231 145 255 226
    254 147 0 255 135 28 43 21 194 130 0 107 0 151 208 0 178 138 255 36
    255 89 225 255 79 255 255 0 255 113 39 255 255 120 255 255 53 52 74
    134 255 255 247 182 123 0 102 223 52 99 101 48 50 255 0 37 104 168
    255 0 182 255 0 8 0 37 82 255 255 13 0 35 11 255 255 0 255 0 255 22
    217 187 109 212 0 63 137 187 255 83 140 147 23 135 10 183 234 0 0
    202 176 0 255 255 202 255 255 0 66 255 255 180 25 176 249 101 21 46
    99 210 131 204 171 124 65 163 0 152 255 255 146 106 94 0 216 126 0
    255 12 255 208 0 144 246 0 0 0 163 0 177 67 78 16 75 0 0 226 124 37
    82 196 6 58 0 105 225 251 255 255 140 0 166 255 255 162 255 89 0 172
    255 0 0 255 64 128 150 174 179 255 0 0 128 32 91 255 117 76 32 26
    246 0 0 227 255 11 255 0 125 38 0 0 0 239 255 0 255 79 223 255 49 34
    255 141 173 0 46 0 0 255 63 218 255 15 255 0 13 255 74 255 0 0 74 48
    159 135 66 255 92 58 180 245 0 255 0 193 0 166 53 255 213 50 219 251
    255 99 125 255 57 0 56 76 251 0 255 119 152 224 255 255 99 212 255
    152 205 253 255 108 0 109 0 91 57 92 0 239 0 67 255 255 56 6 255 108
    54 255 116 83 255 245 0 59 0 243 0 127 9 60 89 157 158 0 170 255 163
    218 29 245 20 255 166 255 237 0 255 251 255 37 96 249 63 255 47 166
    224 59 166 255 245 46 0 25 101 0 117 156 255 255 89 255 255 174 255
    255 64 255 81 74 86 124 56 0 255 0 120 177 201 214 169 133 147 197
    255 35 255 255 196 255 0 160 65 255 35 202 255 158 116 255 223 79 0
    0 0 255 162 0 22 13 152 125 255 47 52 0 207 188 231 152 255 221 178
    0 0 149 82 152 210 239 185 45 0 92 0 255 143 200 225 9 17 25 247 173
    0 236 25 176 28 25 255 0 255 28 0 55 255 0 156 29 79 0 55 0 167 12 0
    255 221 255 49 0 96 255 17 255 97 241 255 0 22 146 159 255 255 36
    248 255 213 203 167 188 199 140 255 176 0 130 72 51 232 131 255 255
    78 66 207 109 255 214 217 255 136 137 255 246 214 203 101 248 219 31
    159 13 255 143 119 127 0 75 96 69 45 99 20 95 0 15 0 86 0 12 0 0 14
    255 46 255 54 255 0 153 0 255 0 203 0 255 68 223 104 0 0 207 255 0 0
    71 255 70 95 74 166 92 128 222 192 0 150 202 115 27 0 193 17 96 255
    26 30 50 27 205 133 162 255 0 208 93 255 255 4 255 229 249 0 122 180
    0 255 183 125 78 131 0 0 86 0 255 255 0 255 255 74 192 46 255 255
    255 255 82 255 75 0 0 255 122 0 40 144 255 201 181 93 124 151 222
    255 214 255 109 113 0 148 148 215 255 0 220 255 114 0 255 6 228 134
    11 71 164 0 255 255 187 255 101 86 255 63 255 87 0 197 64 255 255 37
    0 255 208 0 255 131 0 150 131 222 194 255 100 140 84 83 31 255 255
    47 255 201 255 0 71 93 124 0 251 227 0 219 213 212 36 255 0 205 57
    112 22 1 209 23 125 54 198 68 88 0 116 18 0 255 248 255 84 80 167 0
    255 115 92 230 210 0 255 255 0 130 221 226 136 0 68 155 19 255 177
    227 130 255 84 248 0 253 0 0 99 255 61 0 0 0 97 237 247 176 92 255
    116 73 255 33 255 62 255 255 39 98 255 202 217 66 207 208 0 88 18
    255 4 174 66 225 150 25 127 72 255 213 255 119 227 255 186 186 226
    255 33 244 255 159 0 111 248 93 248 45 164 121 102 255 0 136 250 192
    39 199 129 255 255 0 146 75 170 111 207 255 0 0 72 255 0 191 12 247
    17 82 255 90 239 255 8 84 255 176 255 0 106 0 255 68 255 152 231 188
    0 28 255 0 255 0 243 145 255 83 137 175 3 178 158 255 148 53 255 255
    225 9 108 172 0 255 0 182 165 101 134 0 177 142 62 255 95 202 0 98
    192 141 203 0 249 0 0 0 163 210 255 147 0 93 215 255 207 60 255 117
    0 255 253 106 131 19 96 198 134 112 224 15 0 0 0 65 0 22 0 255 0 124
    255 225 255 46 255 255 255 255 139 0 162 183 0 250 93 0 85 129 0 0
    186 0 145 122 255 131 255 0 203 187 0 177 223 55 171 7 148 227 52
    114 255 195 255 0 255 104 199 86 255 147 184 194 255 194 0 0 0 12
    111 66 6 255 168 0 212 28 181 27 0 142 54 164 219 15 220 0 255 87
    255 255 44 92 245 93 255 229 255 180 201 0 0 57 255 0 0 149 0 226 0
    181 134 1 0 0 10 98 175 255 0 99 255 162 0 143 66 159 73 255 90 118
    197 117 4 0 170 54 221 144 255 23 204 19 0 44 166 0 0 122 0 0 255
    119 0 78 94 56 152 50 255 239 180 227 44 53 229 0 119 216 251 200
    236 177 76 0 54 190 178 83 179 70 229 4 93 206 200 255 206 107 255
    140 81 8 191 255 217 255 4 131 143 255 65 255 35 198 255 253 9 16 0
    125 203 142 0 151 255 177 21 91 11 35 55 188 0 42 0 212 199 118 255
    0 178 208 28 64 0 0 0 0 0 229 67 0 255 255 58 255 173 255 179 0 98
    255 100 255 169 0 42 255 128 136 62 255 43 0 226 96 23 255 255 102
    255 255 255 166 255 191 0 255 86 0 125 0 106 99 220 208 18 0 85 255
    132 125 255 64 8 44 0 115 0 240 97 127 244 48 221 74 207 248 30 11
    172 255 55 27 208 208 28 181 228 196 43 204 133 0 199 254 213 178
    197 0 15 188 0 185 255 134 31 255 54 138 166 0 255 97 108 255 159
    205 218 49 73 119 252 255 20 68 0 255 10 243 241 255 206 244 255 36
    218 45 4 255 103 14 232 169 198 128 0 100 118 223 76 171 54 95 255
    249 190 55 161 138 153 94 0 247 56 46 179 195 64 255 44 0 0 255 202
    198 93 0 43 255 0 246 253 255 139 10 210 74 194 255 62 136 70 199 71
    0 26 7 255 255 233 187 0 161 118 34 113 255 225 49 251 84 255 96 67
    0 0 116 255 255 255 185 0 91 52 47 45 0 0 255 0 17 225 0 125 255 239
    175 104 90 107 253 255 215 255 245 93 88 0 0 111 136 61 0 133 45 182
    21 191 177 57 229 0 207 41 0 183 255 182 63 60 255 0 201 255 255 106
    107 255 104 0 255 0 0 37 0 217 0 92 0 172 255 156 28 235 147 164 109
    255 2 55 0 223 217 0 209 144 255 255 87 91 255 212 255 255 83 152
    223 0 206 36 0 70 255 1 255 255 191 3 255 171 78 165 87 169 36 255
    231 171 98 212 119 13 38 0 196 192 182 255 0 57 102 0 2 44 26 0 22
    255 59 0 211 150 20 79 129 157 204 255 174 255 255 204 196 0 247 46
    162 117 198 208 97 0 83 129 48 86 234 0 216 0 0 208 100 0 197 45 255
    255 0 43 219 35 0 113 35 126 255 0 103 61 92 250 200 189 255 39 255
    32 0 45 255 0 0 255 98 202 0 255 255 252 79 0 172 0 28 66 75 0 195
    255 124 68 6 118 86 30 214 255 142 54 0 0 255 0 19 217 64 0 101 255
    0 0 169 255 253 100 0 255 167 0 131 255 69 130 177 0 94 0 241 178 57
    0 255 52 203 255 97 178 0 161 246 186 25 26 241 38 154 0 82 174 186
    74 255 23 255 47 255 178 237 255 0 0 203 55 41 55 68 86 213 88 255
    21 208 39 255 0 172 60 177 180 180 255 255 38 0 255 0 0 0 0 233 36
    250 28 0 190 198 84 119 106 228 195 26 212 255 255 225 157 108 124 0
    140 0 174 137 255 117 255 255 33 57 173 17 84 255 200 0 0 217 64 255
    81 0 104 198 57 86 188 255 17 0 0 255 188 71 255 255 61 217 0 0 229
    255 174 84 0 26 148 142 255 114 255 255 255 47 0 0 107 170 10 15 95
    24 255 13 240 23 23 220 0 91 255 0 255 255 236 57 123 0 194 0 81 255
    130 187 0 255 222 75 0 0 255 255 29 140 246 255 209 255 255 23 0 161
    255 200 248 255 147 0 124 179 147 255 187 178 80 253 129 0 35 0 143
    255 0 10 52 2 131 41 8 58 155 255 0 227 255 233 255 195 200 0 52 61
    159 161 89 27 12 0 255 57 0 32 158 255 57 255 241 137 82 219 255 0
    31 109 238 255 50 192 52 255 19 255 227 154 255 0 50 243 0 168 154
    42 221 0 151 255 0 162 0 207 110 122 61 234 19 116 98 0 204 31 128
    109 255 199 255 13 235 192 255 0 16 101 158 27 45 255 0 179 211 79
    155 255 70 0 151 236 229 255 93 234 222 47 178 236 255 0 218 250 196
    255 255 147 248 83 245 107 29 171 242 240 28 163 222 0 231 240 255
    60 214 189 255 38 0 255 173 252 255 239 249 0 36 84 255 0 0 36 0 74
    0 211 255 154 255 0 255 65 0 252 255 0 15 49 0 227 74 0 0 177 255 0
    0 187 255 0 28 9 211 0 101 0 178 239 0 113 0 129 151 38 135 28 255 0
    70 233 151 30 91 0 0 43 0 142 47 255 114 223 255 255 255 91 11 179
    117 125 88 255 39 176 255 255 49 255 105 223 255 193 255 197 255 105
    255 186 194 0 252 255 89 120 151 143 95 76 206 85 248 17 174 180 245
    234 255 238 21 74 156 0 79 2 0 23 0 67 22 255 243 0 251 34 207 0 255
    243 255 255 108 0 255 229 107 0 27 110 0 253 0 224 224 49 110 52 0
    150 42 68 246 221 141 150 255 0 231 212 118 0 175 33 177 6 237 234
    203 67 255 0 191 255 189 255 255 235 207 220 0 216 255 0 239 0 255
    255 189 172 255 0 255 213 214 255 222 195 255 30 0 255 255 176 0 226
    56 19 0 143 255 91 0 183 255 255 124 255 33 0 0 255 102 109 207 255
    235 55 31 248 111 147 175 38 0 57 216 12 86 0 119 78 224 193 0 136
    147 159 255 0 255 56 179 204 221 135 131 169 0 28 222 58 81 117 84
    58 177 38 78 149 151 0 170 0 21 0 255 172 119 255 158 255 194 74 76
    142 0 103 92 255 66 0 255 191 255 22 175 151 182 72 0 0 67 209 0 154
    7 0 123 0 125 0 18 223 247 0 222 255 233 107 255 255 222 255 243 109
    81 255 191 0 0 95 67 30 60 42 231 133 228 57 52 143 255 191 50 255
    65 102 209 212 0 172 106 0 0 228 0 0 0 154 33 90 69 249 16 38 0 167
    29 196 255 37 118 252 255 98 38 64 0 119 159 0 0 124 100 49 5 85 255
    255 148 207 255 0 71 206 169 0 255 201 61 100 149 176 18 0 255 130
    255 255 255 0 0 255 185 255 96 255 221 157 97 255 113 255 145 169 29
    4 237 255 0 142 255 85 255 17 7 0 0 0 89 8 0 23 110 53 0 0 24 114 0
    255 0 136 73 255 181 231 125 48 93 255 195 255 255 0 200 85 0 0 129
    21 242 239 86 255 0 161 85 255 0 26 0 255 37 214 0 149 24 230 32 255
    132 29 31 123 0 40 0 255 210 187 116 63 83 255 201 254 255 255 102 4
    32 253 24 0 99 141 34 0 0 255 129 186 0 116 115 233 168 12 38 128
    206 0 255 0 120 96 162 0 18 65 255 163 166 3 242 255 255 49 255 42
    110 255 0 0 0 255 39 234 0 206 0 126 0 214 5 69 0 23 218 194 113 255
    1 108 0 255 255 0 255 235 92 0 178 0 255 234 19 195 16 189 174 120
    230 0 0 112 111 243 173 123 0 0 166 44 85 81 255 179 43 0 253 226
    111 252 0 0 79 0 12 12 143 86 180 136 229 170 205 29 0 152 255 0 50
    214 255 127 255 106 255 229 214 0 0 177 166 130 255 106 0 255 86 87
    8 32 20 0 20 225 10 182 0 230 255 175 0 0 225 255 0 104 0 0 102 111
    69 57 140 255 255 192 164 255 9 184 255 255 87 255 206 0 251 13 47
    173 255 67 0 5 8 255 0 0 214 0 13 255 144 255 255 124 180 255 82 255
    0 38 255 0 233 193 255 153 193 222 179 81 255 74 255 24 177 156 215
    235 111 0 171 46 33 255 0 142 232 191 88 255 131 212 5 200 202 0 122
    0 44 220 255 255 255 189 0 93 173 0 103 255 55 144 117 0 126 174 233
    0 255 247 103 84 231 220 175 197 228 255 255 0 212 153 86 0 255 255
    84 128 226 137 180 255 134 0 188 255 0 30 238 209 249 0 108 255 82
    144 0 255 98 0 84 32 79 220 114 0 201 155 164 55 0 175 250 112 178
    255 0 124 255 255 246 110 255 255 255 90 208 253 0 51 255 0 145 182
    143 69 60 255 91 243 98 182 180 255 177 183 0 99 20 0 93 69 82 255 0
    0 178 85 74 255 255 0 0 149 105 73 79 0 0 0 255 19 87 20 255 0 255
    135 255 255 237 137 226 255 27 254 126 82 195 255 119 255 255 91 245
    100 218 147 114 0 36 224 61 105 43 255 0 127 236 246 186 22 255 110
    141 25 0 245 255 60 32 129 156 68 255 59 120 255 124 29 229 0 204 0
    188 17 96 86 255 109 0 3 162 0 0 3 207 113 54 11 255 130 183 87 18
    45 214 37 149 255 218 127 61 174 0 60 74 30 103 255 68 255 30 0 170
    159 255 255 11 78 0 255 37 255 20 150 218 92 46 0 132 0 118 43 0 31
    249 255 103 255 163 0 208 255 164 136 251 255 0 147 75 171 255 215
    165 255 222 238 164 0 0 132 239 243 0 223 163 170 199 14 255 180 255
    25 0 102 242 255 135 183 255 255 175 22 255 184 0 255 29 121 157 229
    255 0 106 202 0 255 0 255 67 104 0 41 255 4 0 189 0 28 120 158 59 0
    184 255 171 159 255 240 190 228 38 0 64 66 17 250 128 82 178 39 107
    99 48 15 120 0 50 171 0 255 44 81 0 148 100 205 0 255 221 255 255
    255 46 152 73 202 255 0 255 96 0 108 69 240 0 59 0 0 255 0 212 0 26
    18 159 214 140 162 255 156 87 229 248 165 5 0 197 197 38 83 94 69 65
    68 209 35 0 255 255 67 43 21 255 255 255 186 1 255 255 252 255 98 1
    0 194 32 0 213 0 93 255 255 253 255 57 248 70 190 255 243 134 207 95
    75 0 0 52 74 255 121 17 255 243 100 99 0 216 23 255 175 255 158 214
    255 175 0 255 175 255 232 255 68 174 0 255 255 99 255 71 127 0 255
    241 106 31 255 150 255 187 199 89 255 108 55 51 131 119 0 69 239 12
    110 223 252 255 0 174 0 116 255 0 239 255 238 255 255 0 196 0 255 75
    55 207 243 255 250 138 187 255 0 126 255 178 209 255 105 211 48 134
    216 0 4 162 130 236 0 158 114 136 0 251 143 254 0 0 78 180 197 235
    255 135 123 255 0 222 22 0 146 77 220 143 19 73 0 255 255 222 255
    255 255 197 255 172 0 107 5 82 201 255 25 255 210 224 129 255 0 157
    242 152 77 103 7 255 255 170 98 0 147 44 0 255 216 146 167 0 0 17 0
    31 57 0 19 0 66 149 192 0 253 86 0 240 144 34 255 24 0 67 24 255 54
    255 159 0 255 13 246 124 255 255 49 50 75 255 0 43 54 0 255 32 2 194
    151 255 123 0 0 226 222 185 88 254 0 53 255 196 33 28 0 33 115 112
    29 0 255 255 21 254 0 64 255 7 194 255 0 231 0 230 255 0 213 0 238
    153 113 255 207 48 207 203 213 60 0 255 0 0 171 0 0 114 92 255 123
    127 57 115 236 217 0 0 105 137 205 255 33 255 188 255 118 0 255 39
    62 209 197 73 204 0 0 98 0 255 27 148 80 0 0 2 49 137 0 198 6 47 255
    35 149 0 201 47 0 99 179 255 0 214 0 176 0 0 9 0 0 38 0 0 0 126 207
    42 238 157 255 23 0 255 0 114 188 255 174 240 23 205 255 9 255 255 0
    74 16 255 196 0 227 85 144 0 239 227 49 255 32 57 66 0 180 143 21 0
    45 247 0 177 255 135 53 255 255 255 0 141 255 0 65 176 190 188 0 45
    168 70 155 0 64 0 90 205 52 0 34 0 13 10 0 0 236 154 0 250 155 255
    255 0 226 255 117 255 164 140 77 81 196 98 255 111 91 155 244 255 62
    37 255 234 255 207 248 0 0 153 0 99 111 188 151 129 255 93 54 0 0 8
    4 250 58 153 216 241 147 255 0 103 104 112 242 0 103 135 81 153 79
    82 240 73 240 0 114 234 118 95 72 249 0 128 117 189 136 5 0 93 0 255
    255 209 132 233 31 111 23 165 207 164 255 215 80 156 59 224 118 192
    201 255 226 70 115 48 255 0 0 0 0 185 103 74 255 193 255 255 14 189
    206 0 196 24 26 0 65 0 255 172 251 82 0 0 255 0 184 111 255 5 229 0
    255 84 32 225 255 126 253 69 43 101 0 121 221 255 0 168 255 167 255
    80 215 79 0 0 178 228 171 169 255 248 34 0 255 255 245 242 0 154 0
    67 178 230 73 146 210 241 141 135 23 86 117 255 20 0 213 0 34 0 109
    19 145 209 8 233 192 221 230 0 234 57 255 112 212 255 235 86 255 0
    255 255 234 85 5 255 230 80 93 0 255 0 5 150 0 233 33 186 35 225 0
    223 0 13 255 255 171 187 236 71 138 109 154 222 255 255 227 200 191
    210 160 51 0 65 71 136 231 28 0 58 0 200 206 255 34 189 255 209 208
    37 42 244 45 0 105 0 99 4 189 81 0 0 77 179 99 68 255 255 163 0 255
    255 255 9 252 255 203 255 228 0 76 0 0 0 136 255 137 245 78 60 44 12
    54 38 117 227 84 160 18 255 222 59 183 0 216 255 99 187 255 255 9
    225 99 0 206 71 255 248 121 161 21 0 0 0 255 0 121 255 0 21 255 106
    169 78 0 111 255 1 238 255 85 245 166 214 255 31 0 0 203 0 216 255 0
    31 255 255 211 0 0 242 0 42 255 255 0 255 254 255 25 61 138 255 60
    239 68 0 74 255 124 140 243 255 198 210 206 0 40 43 255 15 215 253
    136 181 152 26 109 228 51 109 209 51 69 169 153 255 0 70 76 0 56 17
    243 255 255 170 0 115 0 255 225 217 221 0 255 230 69 206 206 230 0
    255 255 19 255 0 0 176 255 255 0 255 255 117 0 255 255 0 178 48 210
    40 141 153 16 0 124 50 166 255 0 255 0 117 156 12 255 255 37 169 255
    0 0 35 0 105 150 90 55 139 255 234 255 255 170 27 60 188 4 124 0 21
    144 0 18 0 255 186 0 0 88 151 188 116 139 94 0 0 149 93 0 255 172 81
    245 226 255 0 124 255 170 219 255 136 16 244 215 7 205 0 235 255 255
    255 205 130 0 43 255 0 252 63 231 134 255 255 104 171 193 255 190
    255 190 221 238 49 212 255 139 58 0 29 0 105 255 75 255 0 213 12 255
    81 0 252 117 255 22 151 0 91 27 145 191 127 229 125 178 231 8 10 0
    237 10 47 33 167 28 79 101 42 32 211 18 255 128 228 0 82 255 180 223
    0 255 169 0 183 153 0 119 27 162 171 0 60 0 36 48 255 0 0 255 26 2
    241 6 0 255 189 105 255 202 116 46 255 145 16 0 171 45 255 0 211 206
    63 191 25 255 93 0 212 49 171 255 232 255 255 74 255 0 212 35 35 0
    29 255 0 56 82 93 255 255 16 93 255 143 138 136 145 255 255 43 196 0
    151 193 0 146 3 12 0 132 76 149 255 255 60 255 33 24 173 166 84 94
    194 226 0 0 103 255 33 21 128 255 142 109 214 73 0 255 255 255 255
    255 0 56 0 113 240 0 0 195 0 117 0 140 53 177 103 255 152 30 30 255
    0 31 156 91 39 0 140 255 6 56 195 240 215 82 255 24 152 255 211 138
    255 255 124 171 196 0 65 0 239 66 136 72 113 0 255 0 0 0 121 0 0 147
    237 193 0 175 0 255 73 22 52 83 55 255 0 0 224 139 194 0 0 100 0 13
    150 0 232 93 209 152 255 240 255 255 107 150 0 137 255 193 105 255 0
    255 255 253 255 111 238 227 57 21 255 101 0 71 255 255 81 255 76 158
    76 0 0 26 129 0 2 0 153 179 101 96 161 0 145 0 83 186 93 255 222 209
    71 190 25 255 0 146 0 95 255 19 0 151 4 193 0 168 51 184 0 255 255
    241 0 48 227 0 53 55 103 0 100 1 0 177 214 0 216 55 94 0 15 51 255 0
    255 250 252 204 215 83 42 255 159 255 255 185 49 164 0 148 3 255 123
    0 255 0 51 126 0 58 120 255 205 6 146 0 171 255 255 237 0 232 0 137
    207 209 168 255 255 56 255 255 255 74 232 100 237 207 255 106 198
    153 14 0 164 149 195 0 149 216 0 255 255 0 0 254 136 137 52 73 0 233
    0 255 55 0 141 42 255 0 0 46 116 234 38 0 133 191 46 255 255 0 150
    203 218 255 255 78 220 7 183 164 255 0 0 50 255 63 40 255 103 0 190
    245 255 32 177 17 255 18 0 255 0 227 222 255 110 251 126 129 191 144
    57 255 255 64 15 0 92 1 255 0 0 50 203 24 80 72 255 0 52 36 0 0 233
    200 0 51 128 199 90 255 255 200 7 157 107 61 104 255 167 167 255 32
    0 207 10 0 228 164 93 255 0 99 255 41 255 175 84 115 226 255 240 0
    255 79 90 255 70 154 23 253 0 32 255 5 92 30 255 0 31 9 0 231 253 0
    61 0 1 205 113 208 145 0 21 255 255 0 202 89 0 0 255 244 201 185 255
    255 210 60 48 202 39 196 191 255 63 255 193 0 152 123 203 255 220 0
    235 233 17 231 247 255 0 204 255 92 185 135 255 47 165 255 170 192
    85 213 131 215 80 0 42 0 77 205 68 219 245 121 100 134 162 134 255
    118 53 29 8 199 206 100 90 219 255 223 245 194 255 0 29 0 118 255 0
    46 111 0 32 0 255 0 0 255 255 207 208 145 104 249 93 169 146 27 236
    235 0 235 209 255 255 255 74 28 0 254 0 35 138 228 75 0 255 7 255
    154 0 255 168 145 0 147 255 67 34 185 255 0 168 19 210 0 44 0 255 47
    156 66 178 0 0 146 34 158 255 0 255 213 255 195 255 155 14 255 255
    248 255 0 255 129 0 102 41 59 186 255 234 68 255 26 148 17 0 0 104
    227 255 194 209 74 85 116 0 212 0 173 1 171 168 148 131 0 0 255 0 37
    22 115 119 169 255 42 213 250 42 0 246 255 0 67 49 136 241 235 155
    100 224 255 57 0 253 255 255 119 0 202 222 74 178 165 255 255 0 58 0
    158 8 207 255 255 105 183 165 13 171 243 255 190 255 184 255 200 255
    78 225 255 201 105 255 255 150 88 97 0 255 0 0 255 171 148 92 32 160
    0 197 160 18 39 255 172 139 111 0 100 194 0 168 43 0 0 0 121 158 208
    189 143 0 243 251 177 0 240 0 0 255 97 98 255 0 57 211 146 237 255
    255 255 0 198 0 163 221 183 0 200 54 255 74 20 42 255 121 255 203
    239 161 255 20 0 25 238 103 0 238 0 214 72 126 255 160 73 129 5 59
    160 17 6 255 210 255 113 0 250 122 255 0 0 128 0 238 0 245 249 165
    255 38 255 194 255 255 255 167 255 211 98 164 207 0 143 149 194 17 0
    89 243 128 235 141 50 255 218 14 255 123 0 255 255 255 165 252 67 0
    0 228 7 182 0 255 218 230 245 254 0 255 195 99 229 153 131 255 0 244
    0 160 203 211 1 194 189 219 32 0 255 0 50 188 242 32 255 118 250 0 9
    0 255 74 0 255 56 195 233 40 194 255 205 110 255 160 0 172 179 41 0
    51 255 255 0 173 255 171 155 255 174 218 225 203 93 0 196 44 0 194
    59 171 163 161 0 173 255 0 228 62 161 255 0 157 0 187 108 0 78 12
    182 255 19 174 206 7 141 131 0 0 161 204 80 166 102 255 155 190 0
    217 0 93 203 0 31 107 39 0 255 76 158 255 28 157 99 0 238 57 33 0
    255 178 112 0 85 228 140 252 30 255 64 255 0 0 255 0 0 0 38 35 0 48
    159 0 246 127 153 255 255 255 255 0 0 218 122 21 11 255 0 221 0 150
    208 90 255 255 22 0 161 149 255 255 37 3 0 0 255 200 255 0 0 59 160
    179 141 26 13 0 0 224 184 174 101 160 112 78 142 1 35 231 0 255 0
    162 187 48 255 148 210 0 187 63 0 46 220 187 250 255 20 225 95 196 0
    24 255 0 56 194 0 208 87 219 255 255 0 209 204 0 107 255 255 129 109
    255 78 12 232 38 94 146 50 38 0 209 255 101 141 5 255 255 0 29 35
    255 59 241 143 76 19 207 226 190 72 0 168 130 255 255 98 26 124 160
    24 174 0 121 108 0 251 208 255 255 89 110 139 16 19 255 0 0 255 140
    255 0 228 211 102 255 0 95 95 241 0 0 23 132 0 0 58 16 195 88 159
    252 234 113 203 0 0 103 0 248 132 255 0 165 0 63 255 0 12 0 0 157 0
    15 176 219 96 83 121 63 66 236 41 118 25 161 222 67 246 0 21 0 255 0
    0 215 58 178 85 0 0 0 140 23 84 255 0 248 146 0 0 0 124 249 200 178
    67 152 0 188 255 0 207 97 207 255 67 79 0 152 117 255 250 96 132 0
    255 243 212 255 43 255 0 143 156 238 0 0 0 60 0 255 196 6 81 155 0
    102 255 0 117 180 172 122 148 9 255 59 7 96 145 221 255 202 255 143
    0 255 81 219 255 0 169 60 166 12 255 148 0 0 133 136 0 142 15 181
    255 13 153 87 151 212 96 255 58 83 0 0 174 71 73 0 154 0 141 85 229
    255 176 255 0 255 234 8 133 19 7 33 22 213 255 191 105 250 0 31 60
    14 0 162 255 255 255 102 124 119 0 97 45 208 6 69 198 195 0 0 0 82
    23 15 19 163 255 255 105 170 0 179 255 135 207 64 101 0 109 105 46
    137 0 255 143 65 249 255 242 0 164 0 0 75 136 0 255 122 0 0 137 0 0
    0 0 120 200 216 100 0 46 219 0 129 159 0 92 141 0 0 149 24 0 0 0 107
    120 32 146 212 255 97 60 255 255 34 154 255 255 0 0 220 16 0 142 255
    194 152 204 127 250 255 194 203 61 0 199 73 0 78 0 0 236 119 10 255
    0 0 255 74 0 218 11 0 246 112 153 255 74 255 248 83 255 158 237 205
    169 0 0 255 157 0 0 255 255 255 255 255 247 126 143 255 255 69 11
    255 168 9 252 200 82 0 0 188 14 255 147 240 0 47 255 73 169 172 0 0
    0 0 35 0 0 238 255 111 51 157 123 214 0 145 113 229 22 0 191 0 255
    255 203 255 117 0 207 114 0 0 0 255 0 135 185 108 235 255 178 73 255
    255 255 7 112 132 255 0 255 255 153 166 255 184 255 255 0 134 255
    177 62 158 3 20 53 178 0 0 255 255 149 211 63 100 255 3 255 0 52 255
    255 63 195 1 184 62 40 25 142 0 245 255 42 1 39 235 89 0 90 78 255
    117 255 255 221 212 0 255 0 191 0 0 255 39 13 209 0 118 241 255 163
    0 9 150 255 255 34 151 57 255 70 250 255 224 159 255 148 123 50 138
    182 0 162 212 0 131 255 229 175 29 151 232 179 201 255 64 238 125 95
    248 20 205 188 193 192 199 140 197 255 7 255 255 4 50 71 255 11 212
    219 0 255 0 119 0 10 27 30 21 0 168 22 1 106 192 255 0 255 255 39 68
    0 255 101 0 255 0 62 239 20 34 0 235 127 246 0 0 0 221 18 255 255 32
    217 0 189 49 0 11 71 153 25 116 0 22 44 255 21 73 255 0 211 101 0
    148 0 0 71 0 62 25 255 126 255 38 255 25 187 0 227 83 0 223 185 0
    255 218 255 0 108 233 0 50 142 187 98 32 227 255 198 0 167 150 0 0
    103 23 76 130 255 0 149 123 0 0 235 144 68 231 0 255 255 0 255 0 255
    114 104 69 255 214 0 46 255 0 235 255 188 159 0 179 255 196 169 192
    165 34 166 255 0 0 255 129 113 43 63 255 255 207 0 255 194 0 84 29
    228 226 94 93 0 69 190 13 104 0 163 55 202 255 125 255 241 255 35
    255 22 0 0 0 167 255 0 215 255 28 173 231 136 11 255 0 74 161 155 87
    86 255 148 85 255 181 190 74 213 208 248 89 181 239 15 142 83 0 49
    16 122 10 126 0 0 0 100 255 255 66 37 208 128 255 207 255 78 8 177
    167 187 192 53 243 61 229 103 243 183 8 255 0 0 176 0 63 211 54 225
    255 178 113 255 255 121 251 92 196 0 113 230 117 114 0 100 2 62 75
    122 0 255 250 203 0 255 95 137 255 236 255 50 255 89 255 0 28 91 108
    7 0 254 255 245 225 255 167 255 0 255 237 105 158 225 0 70 255 224
    164 255 96 98 255 0 0 255 44 66 246 0 126 179 251 0 16 252 241 71
    255 61 0 255 219 202 156 171 255 255 255 148 235 255 35 114 125 255
    37 0 216 77 134 255 52 153 255 119 0 16 45 228 147 68 255 0 71 0 217
    120 134 0 197 56 255 236 191 219 78 0 33 28 255 80 43 93 0 68 255 94
    205 249 119 222 102 118 95 96 0 87 229 21 184 69 36 73 0 203 153 166
    255 24 0 19 44 137 65 24 255 0 20 0 149 148 184 155 255 34 213 183 0
    0 239 67 255 205 67 227 255 205 255 0 49 255 29 185 158 12 204 0 0
    177 0 137 255 0 115 122 149 20 55 235 136 232 201 0 188 247 171 81
    224 255 255 180 44 165 11 245 132 0 122 102 0 255 163 255 0 224 29
    255 0 255 200 185 255 185 153 0 0 206 153 168 82 156 55 255 106 0
    255 129 13 0 54 0 141 97 247 249 212 141 198 110 0 0 92 65 0 231 34
    54 0 0 255 42 0 70 253 163 110 254 162 90 83 211 255 0 219 48 0 0 23
    102 237 198 100 255 0 0 245 0 227 41 0 124 53 178 223 23 232 252 223
    158 114 255 191 108 255 14 135 158 0 190 237 0 181 76 152 0 0 101
    100 255 42 255 124 120 255 247 135 127 40 185 255 255 118 22 0 42
    146 117 0 107 101 0 231 0 10 31 0 255 107 255 255 255 255 121 234
    180 35 207 255 255 18 158 0 86 198 171 184 14 255 255 24 253 0 80 66
    0 0 0 104 255 144 0 40 0 255 198 189 179 123 255 0 0 10 112 255 0
    252 0 231 234 127 149 153 213 203 255 255 225 161 112 178 0 0 12 178
    255 255 255 255 131 255 192 122 255 192 198 191 193 255 171 31 0 87
    142 55 213 0 255 47 255 0 0 24 193 0 0 205 255 254 0 56 159 214 0 52
    242 163 255 160 180 100 55 101 0 81 188 202 26 247 66 113 8 0 17 0
    135 0 255 0 214 255 220 95 66 253 81 2 0 93 31 172 78 0 255 33 149
    100 141 86 183 36 213 209 180 117 250 255 128 149 145 255 0 91 0 18
    181 255 235 153 0 255 0 255 135 241 81 64 82 0 255 12 0 255 255 255
    117 6 24 255 100 225 102 194 191 238 88 255 255 123 214 193 0 116
    255 0 163 149 205 0 0 56 20 107 115 200 53 23 34 194 0 90 157 255
    187 221 2 255 0 86 56 23 255 0 3 255 255 100 49 189 135 116 52 138
    76 87 132 127 58 255 0 107 182 112 68 221 206 189 226 0 0 255 80 57
    35 255 255 30 0 130 0 8 255 0 215 1 252 255 191 255 69 99 255 126 44
    207 227 61 34 217 255 98 255 68 226 150 194 255 109 255 126 0 195
    255 0 1 16 193 255 78 255 193 202 45 63 240 0 79 8 0 92 225 124 255
    0 255 93 0 0 216 172 255 110 83 137 0 112 125 255 248 119 255 255
    158 45 60 182 81 255 39 254 184 135 4 255 239 212 216 4 52 0 11 255
    0 169 0 124 50 0 233 255 255 71 255 255 121 87 26 182 54 66 0 219
    255 0 0 183 0 255 0 90 149 10 127 33 97 0 228 255 255 119 89 95 216
    0 0 75 0 160 255 0 62 255 0 253 238 255 232 102 220 226 144 61 55
    105 255 67 0 141 0 119 255 48 122 0 70 255 255 192 252 255 255 204
    255 175 151 255 255 255 157 151 255 171 39 242 255 136 69 127 93 82
    98 169 0 78 52 0 18 40 218 153 114 0 0 0 214 238 255 255 78 249 192
    255 118 21 230 128 154 0 167 137 206 0 255 149 0 160 96 208 253 223
    94 0 27 94 5 255 0 165 180 206 255 255 30 255 3 240 255 255 154 0 0
    102 176 149 255 126 151 255 120 255 23 79 94 255 0 0 84 139 206 0
    193 255 255 239 0 224 135 161 226 255 0 105 255 97 133 169 239 255
    47 16 170 29 123 119 204 189 169 0 255 18 0 123 255 210 248 255 229
    0 104 160 227 55 77 104 29 0 177 48 217 11 169 178 185 177 255 117
    86 172 83 70 216 19 49 183 255 255 53 236 255 132 0 195 113 137 73 0
    208 143 228 173 120 103 144 248 189 255 189 163 146 200 255 255 0 95
    53 15 36 0 215 89 105 255 0 0 149 0 17 202 255 85 160 107 255 22 255
    191 255 109 140 0 35 255 189 186 255 0 112 50 255 117 187 255 255
    194 40 104 254 227 145 0 255 255 176 255 0 56 124 255 154 255 0 198
    86 255 255 127 105 0 55 164 0 187 117 252 255 188 255 118 255 0 0 0
    235 4 238 33 145 56 255 53 186 172 62 255 255 0 123 4 14 123 0 3 255
    255 90 166 212 175 253 0 0 0 0 0 118 143 255 255 123 0 103 32 6 59 0
    0 150 255 0 174 50 234 137 86 193 144 188 255 0 0 163 114 75 255 0
    83 134 106 52 0 167 68 0 85 255 255 112 255 105 255 0 0 116 0 94 0
    137 59 226 255 255 247 0 0 35 0 217 107 255 255 154 135 255 155 133
    255 199 145 255 183 147 85 121 222 14 255 189 255 0 255 0 26 253 255
    34 255 157 0 255 158 54 0 0 245 0 89 0 39 70 105 130 0 255 44 64 255
    112 255 132 0 0 0 0 120 255 5 189 0 254 0 223 255 255 0 175 117 21
    147 203 255 15 183 0 0 18 132 190 0 119 117 159 217 64 101 43 0 115
    6 0 97 0 192 2 35 150 111 255 255 180 91 0 89 115 74 0 122 154 253
    255 55 92 90 192 207 92 20 255 99 184 92 0 0 38 84 0 35 232 0 0 205
    178 0 149 255 146 73 57 27 156 212 0 255 0 0 255 96 233 170 33 42
    134 146 255 97 0 41 170 0 252 255 0 0 39 118 18 255 0 124 81 255 0 0
    172 138 87 56 96 141 20 255 124 150 59 255 255 113 95 126 255 253 74
    255 160 0 143 142 255 255 193 255 63 255 198 0 0 189 0 163 65 243 0
    37 86 74 231 222 133 255 77 119 177 0 255 167 12 51 199 0 0 203 64
    87 28 255 255 134 15 108 255 255 0 125 86 114 0 220 52 178 132 255 0
    244 61 64 88 240 144 0 53 203 58 0 44 217 137 255 255 0 255 231 255
    255 0 79 0 221 183 22 212 78 151 166 140 0 151 0 44 123 46 230 227
    225 122 155 255 0 182 103 255 0 142 255 0 34 117 87 255 234 101 235
    215 255 123 218 211 146 60 255 0 66 122 223 65 14 180 54 248 182 255
    146 119 38 0 1 6 255 145 97 186 0 0 0 25 0 29 255 0 221 49 0 0 204
    88 255 217 255 255 41 23 157 0 248 208 0 65 0 255 10 255 0 0 0 140
    93 255 109 255 163 211 206 0 0 93 160 121 0 0 255 0 0 85 55 255 255
    129 146 44 94 65 193 70 144 1 186 7 0 255 0 243 0 227 0 235 218 38 0
    87 120 118 255 210 51 255 0 127 0 249 0 72 0 97 80 0 25 0 0 0 184
    101 255 84 255 200 100 76 0 41 136 66 35 112 233 176 0 0 255 5 155
    139 75 132 254 0 31 255 221 143 154 78 6 255 122 223 10 0 111 83 40
    165 255 247 48 255 158 255 89 0 234 255 163 131 11 0 0 227 201 0 0
    82 241 231 209 76 76 0 255 118 187 185 64 255 0 0 240 183 222 0 255
    69 60 156 255 63 255 255 60 49 59 0 181 111 244 0 108 215 0 87 83 73
    127 65 74 0 195 0 2 0 64 255 115 255 219 239 255 217 85 106 206 0
    255 196 109 248 8 148 157 77 0 113 172 210 255 255 206 141 0 255 143
    15 0 0 168 25 0 0 0 0 17 58 242 0 41 206 0 255 0 255 167 196 242 5
    191 97 153 0 255 0 106 53 201 186 124 200 192 98 119 255 21 255 212
    255 255 98 118 246 68 248 54 35 64 101 101 255 14 255 255 216 17 6
    63 141 127 0 253 137 175 208 1 151 201 102 172 221 123 0 96 0 134 0
    53 255 155 36 54 255 222 255 0 38 0 23 16 12 77 36 24 250 246 156
    200 255 0 0 243 22 0 117 139 185 68 43 105 38 255 124 222 195 44 0
    246 0 0 180 32 255 218 255 172 0 27 255 127 0 242 255 0 196 80 57
    255 239 178 175 208 255 189 0 0 147 41 0 226 165 255 255 0 112 255 0
    7 255 255 5 24 207 0 86 41 97 132 0 75 107 255 22 180 198 114 203 0
    0 0 0 44 0 255 0 32 177 144 0 146 215 0 45 255 153 133 255 8 177 187
    0 251 0 0 0 130 0 21 181 255 149 255 84 255 19 239 255 98 172 215
    170 255 0 241 192 8 238 250 0 91 186 0 168 101 0 255 139 226 255 26
    152 251 107 27 0 44 106 255 1 123 255 220 78 55 88 211 107 255 240
    152 248 51 66 0 0 255 84 239 255 66 0 239 0 92 126 180 149 255 0 115
    101 255 255 244 255 208 255 0 197 32 252 229 0 178 124 189 143 249
    198 13 0 170 95 7 255 0 0 0 255 0 3 255 75 229 255 136 255 255 0 173
    0 254 255 99 63 255 222 56 239 149 255 84 221 0 1 80 0 186 255 58 54
    208 255 0 255 37 164 0 172 75 254 132 169 233 192 19 202 27 108 0 0
    72 255 156 188 255 89 228 55 255 95 0 0 108 197 230 188 219 201 246
    255 245 155 239 0 93 85 0 255 240 0 0 255 196 127 0 255 84 247 0 255
    166 229 211 124 0 252 255 22 255 255 232 255 80 71 73 147 255 21 0
    255 109 0 184 255 255 111 173 151 131 180 244 219 61 171 0 167 129
    125 255 74 81 0 39 50 255 0 216 0 100 106 237 2 113 0 81 0 0 186 133
    28 154 100 184 237 209 109 0 255 60 255 131 244 180 104 236 97 26
    255 248 0 0 110 21 0 39 140 150 255 11 0 0 4 0 185 255 49 113 249 0
    255 50 79 123 255 175 159 102 255 0 158 255 12 255 255 31 255 255 6
    247 218 124 20 84 0 138 255 167 124 236 255 121 141 0 30 44 255 185
    59 211 80 206 163 157 194 36 76 255 255 241 255 0 255 171 204 15 152
    86 101 248 31 100 173 255 122 78 77 191 0 0 255 224 255 255 73 255
    65 135 15 130 0 96 9 255 0 3 253 215 220 139 0 255 0 89 105 35 255
    179 103 0 39 193 24 192 52 0 224 0 240 189 176 202 0 212 82 88 0 0
    86 0 218 253 0 0 0 0 53 77 255 87 0 104 111 255 54 195 255 104 255
    63 255 248 138 207 159 255 180 0 141 0 205 107 0 81 233 216 94 255
    21 0 41 0 255 226 150 94 255 255 18 219 255 92 21 18 255 187 178 240
    0 205 244 0 65 55 244 0 132 11 204 139 0 0 145 0 0 255 0 118 35 222
    105 255 140 193 0 255 0 255 252 65 102 255 137 249 255 4 0 255 14
    177 53 255 95 0 104 0 245 86 255 90 78 177 0 209 171 0 255 255 22 71
    0 156 0 33 192 255 0 134 217 35 255 133 0 255 193 0 255 255 0 44 0
    255 255 104 255 0 226 0 176 255 0 150 213 0 63 108 255 0 130 125 0
    239 255 67 255 79 255 161 246 31 221 255 211 0 255 19 250 223 58 194
    206 45 49 139 2 0 11 110 47 18 158 0 255 228 229 255 0 5 202 0 255
    194 11 45 175 38 69 0 154 138 205 70 225 255 102 146 255 121 0 254 0
    255 255 255 0 0 255 87 197 238 206 24 0 122 130 255 239 255 255 79
    255 0 0 255 255 88 64 255 95 0 47 255 70 0 227 0 0 28 83 255 49 117
    255 255 73 255 203 111 0 177 231 0 255 255 218 23 114 245 223 0 255
    0 26 79 118 0 121 255 65 55 255 97 81 93 106 255 240 0 222 39 82 0
    53 0 255 0 0 255 23 211 187 0 102 0 173 255 94 255 0 144 255 0 246
    125 40 137 193 209 255 68 0 255 0 255 213 0 148 157 149 0 255 0 0 75
    255 58 0 172 15 93 139 8 198 12 123 255 201 100 255 31 174 109 0 107
    0 0 0 0 255 255 255 180 255 143 0 0 45 182 0 0 166 186 92 236 255 0
    17 184 255 0 105 255 38 0 247 0 68 249 222 139 255 0 159 255 255 177
    165 177 253 83 152 47 125 0 71 109 207 0 255 255 255 196 84 181 255
    207 255 226 176 199 135 144 229 69 255 70 118 180 0 0 255 35 12 0 72
    0 255 198 46 152 0 255 91 0 120 161 122 172 150 0 7 255 95 255 255
    91 24 0 0 247 14 255 0 219 88 0 107 0 161 83 255 226 161 255 255 146
    255 91 179 255 178 255 0 120 127 0 0 255 0 84 0 97 255 215 0 147 227
    34 201 254 96 255 146 253 150 0 74 132 0 0 0 228 0 0 65 209 72 10
    156 22 16 151 255 171 255 255 200 205 255 70 0 1 0 43 211 84 16 60
    14 114 24 0 203 37 236 45 255 0 104 0 121 67 24 171 255 255 0 255 35
    167 11 51 255 0 122 255 255 217 255 101 183 0 0 0 92 255 49 255 144
    255 47 182 52 209 255 147 255 205 255 0 46 226 61 247 46 137 255 233
    231 125 202 255 88 255 0 106 75 159 0 221 0 255 113 255 0 55 0 96 86
    95 159 102 222 255 151 86 0 120 1 0 0 121 242 0 126 246 43 141 97 92
    255 0 19 88 220 179 131 0 0 0 52 0 229 103 255 228 0 104 18 171 194
    22 20 169 250 255 0 255 26 40 255 199 55 162 255 130 255 0 255 0 0
    255 174 211 255 196 229 206 220 127 232 0 202 255 255 174 255 255 52
    255 196 0 60 255 11 47 0 255 90 166 73 171 193 255 213 41 164 0 169
    192 207 0 21 42 89 13 6 14 255 104 0 255 143 142 120 151 11 255 0
    136 35 59 0 0 251 55 255 78 107 178 68 121 255 255 137 228 0 0 255 4
    225 255 0 113 177 226 91 0 198 255 85 170 0 255 255 0 255 0 21 149 0
    0 255 146 255 87 205 190 0 0 37 0 255 125 255 58 0 236 0 239 255 50
    0 255 108 193 20 48 255 145 90 255 255 255 11 0 170 255 0 255 148
    111 255 209 10 116 255 31 255 236 0 240 0 255 50 155 85 0 0 255 0
    255 43 0 0 51 0 56 0 251 255 93 255 0 0 204 77 129 171 181 255 65
    255 255 214 255 71 187 88 51 59 145 71 210 19 255 113 182 252 255
    199 85 80 234 0 0 30 8 171 218 0 255 234 255 26 255 115 178 0 0 255
    0 109 255 0 0 255 0 190 0 59 205 255 219 0 251 213 0 101 7 0 1 179 0
    0 255 24 0 0 159 19 255 190 255 51 63 91 175 0 255 255 158 80 0 92 0
    255 255 244 194 0 255 219 72 0 25 197 1 0 76 139 201 0 255 6 20 117
    19 6 255 21 152 213 0 235 79 133 254 22 126 154 78 210 251 0 255 159
    187 102 0 0 0 11 231 42 91 6 230 69 0 0 255 249 226 19 225 255 214
    139 152 193 213 176 255 255 187 255 255 118 255 0 77 99 0 0 71 58
    187 141 255 0 217 83 0 0 55 3 251 0 229 178 0 71 242 0 255 255 205
    224 129 255 154 247 216 255 162 94 0 16 36 153 0 0 255 0 111 255 189
    255 132 255 61 51 255 206 241 248 143 205 66 0 0 255 101 25 175 241
    22 40 24 0 252 255 129 255 136 255 253 69 74 255 170 52 45 0 87 94
    39 0 88 250 187 255 118 10 255 255 255 22 255 28 0 38 68 62 228 255
    255 155 103 27 255 0 183 35 101 0 214 255 106 76 17 230 255 182 108
    13 171 49 155 255 193 225 3 185 0 255 255 29 163 36 149 7 50 255 0
    118 42 69 255 255 209 255 204 204 255 255 6 255 255 50 121 131 215
    255 0 0 0 163 166 66 186 255 174 15 255 244 255 84 189 22 161 178
    162 8 142 161 137 104 255 255 65 255 168 255 254 77 18 255 255 0 76
    134 249 132 25 0 132 255 32 0 80 60 209 255 91 190 82 251 0 133 115
    255 0 5 48 158 225 0 133 254 160 211 213 89 246 34 0 39 255 9 115
    185 30 64 255 255 187 4 5 255 255 76 253 216 162 85 56 246 254 0 207
    255 246 46 141 0 255 16 38 255 0 0 0 86 84 0 255 6 0 0 81 55 0 0 172
    0 25 67 81 0 255 0 39 174 0 199 0 255 0 243 255 172 20 33 202 94 0
    18 0 255 59 0 176 40 173 162 0 255 15 255 0 0 0 141 73 0 255 0 0 14
    247 255 255 100 0 112 173 0 6 197 198 30 255 168 255 131 230 241 218
    90 214 167 210 0 0 55 176 255 249 2 0 0 145 255 255 224 122 187 129
    0 255 255 185 5 255 248 103 255 68 1 86 176 156 226 121 0 230 174 0
    0 29 221 151 0 0 251 86 0 232 0 255 154 255 255 61 50 248 24 49 239
    2 218 255 50 0 255 255 233 0 0 255 233 181 0 211 255 0 0 255 0 0 0
    255 129 138 255 0 0 0 67 241 70 173 255 0 255 204 255 219 39 194 136
    0 0 78 58 0 17 91 47 0 21 0 188 72 199 255 0 73 9 70 148 146 27 20
    99 103 255 255 186 121 181 92 255 247 192 198 81 255 237 0 202 83 4
    255 91 79 0 124 103 255 83 116 227 90 255 0 238 184 140 52 0 255 252
    154 0 138 102 236 4 102 192 61 0 220 147 255 255 105 255 44 215 73
    255 138 212 44 193 255 255 246 154 88 0 255 189 51 65 13 14 0 0 233
    43 181 7 0 119 30 255 143 70 14 75 255 213 109 143 249 142 124 141
    255 220 0 0 20 173 151 0 175 0 0 255 28 189 40 100 4 0 255 255 208
    192 125 255 0 255 159 255 43 126 6 0 255 38 0 249 255 252 255 241 0
    81 0 0 92 217 157 0 149 120 193 191 193 0 62 176 57 132 194 190 227
    209 118 166 0 0 0 0 219 243 0 128 230 142 0 255 0 29 132 181 0 0 75
    255 246 155 35 255 27 230 243 81 0 0 196 237 255 99 203 255 255 12
    255 164 0 233 255 107 179 142 229 253 255 98 115 247 0 244 176 133
    241 83 194 182 255 0 162 255 121 0 93 94 0 255 16 132 94 9 136 188 0
    139 189 0 238 0 24 195 208 216 213 94 163 255 75 255 255 205 119 0
    159 255 255 255 159 67 36 192 139 123 172 0 11 171 125 0 0 48 0 128
    113 1 255 83 237 0 0 175 24 155 0 0 255 0 0 255 255 180 214 112 232
    61 87 255 79 255 189 10 111 0 253 44 166 120 255 9 100 146 0 196 0
    220 4 255 0 255 255 164 106 190 155 207 205 109 154 13 74 9 130 241
    0 33 0 255 0 81 0 255 204 229 18 50 255 0 117 218 222 3 0 255 79 40
    191 174 255 182 167 24 89 0 124 255 86 255 28 114 218 128 83 60 0
    236 123 0 255 0 218 35 96 146 82 255 0 0 128 106 239 116 0 0 100 193
    204 106 82 170 255 214 0 0 38 0 0 21 255 114 255 214 17 130 255 0
    198 0 0 0 145 255 213 36 0 35 240 116 58 98 0 118 206 255 63 0 105
    125 0 242 137 83 199 255 255 48 220 244 195 208 251 106 69 168 254 0
    255 0 68 39 255 7 255 123 166 133 149 0 23 10 112 19 169 223 129 0 0
    255 0 0 239 150 122 121 117 124 255 105 3 127 57 0 0 0 169 56 38 97
    22 254 8 0 156 126 255 63 255 58 255 235 255 255 224 175 40 29 0 16
    60 223 56 255 228 125 0 153 255 255 0 29 31 0 34 154 255 228 255 255
    58 206 109 13 219 0 0 108 0 199 32 255 255 136 185 43 31 255 125 144
    71 255 199 0 0 255 56 0 77 197 147 26 255 174 0 29 62 130 0 0 24 162
    255 145 253 11 114 255 0 212 139 0 10 136 255 8 157 255 228 0 255
    249 52 186 95 26 117 0 255 69 209 191 43 56 255 234 112 201 255 0
    157 177 6 187 254 191 0 255 7 18 78 255 207 229 255 104 165 188 233
    240 130 238 0 18 246 247 0 59 48 111 0 69 138 0 86 0 189 33 0 194
    105 236 186 251 78 144 110 244 213 255 255 249 59 103 9 0 137 66 150
    255 137 202 129 255 232 163 213 147 251 90 255 0 93 27 255 100 118 0
    62 255 0 130 0 89 29 135 201 0 73 198 0 226 31 16 169 255 255 123
    156 232 61 230 165 49 174 117 250 26 105 142 187 250 37 255 255 23 0
    234 191 141 0 80 255 150 255 255 255 139 0 184 255 0 124 255 97 255
    106 94 187 178 255 0 235 105 247 0 128 80 73 9 87 242 148 255 255
    255 21 235 230 255 89 119 0 39 17 187 14 0 12 0 93 255 24 160 159
    255 35 246 168 255 145 10 236 14 0 198 86 21 22 51 0 85 0 0 0 252
    134 154 0 109 24 255 0 123 242 0 158 199 244 255 179 167 32 0 89 255
    255 46 190 255 104 255 255 40 112 67 53 255 103 255 143 0 99 167 8
    26 255 167 119 255 208 255 176 23 255 39 0 108 111 142 247 255 255
    149 187 183 4 255 255 255 30 0 90 150 202 248 1 249 29 172 0 35 9 5
    218 11 255 255 37 127 0 83 0 243 79 32 0 190 101 138 255 0 73 81 255
    255 0 255 255 112 196 0 0 255 255 34 255 230 255 172 0 255 8 255 255
    2 0 0 238 239 215 8 196 104 153 255 255 216 123 126 255 255 0 110 5
    102 173 255 150 196 255 238 233 255 131 253 193 6 112 53 122 47 1
    207 255 113 112 120 84 119 9 0 0 0 172 0 0 0 179 206 255 63 107 0 1
    255 252 151 159 160 151 99 250 255 216 255 116 105 238 10 46 23 255
    255 0 62 211 37 242 82 0 0 71 255 148 0 255 190 255 255 255 43 0 120
    216 0 31 0 255 0 0 31 105 156 218 0 36 0 0 0 0 243 255 255 209 142
    225 255 255 36 245 71 251 0 185 234 0 137 255 102 255 0 255 171 241
    140 255 255 255 105 255 255 255 255 0 98 255 121 158 208 91 108 0 0
    210 21 0 241 0 47 68 148 15 0 49 255 0 170 0 75 62 198 0 0 229 225
    247 128 57 144 147 255 124 0 226 130 235 236 236 103 73 0 255 0 11 0
    17 87 164 233 0 255 169 118 177 34 52 0 0 44 46 0 0 4 129 255 174
    110 199 81 91 126 83 106 255 255 0 0 122 0 90 255 255 147 25 255 88
    230 250 255 160 255 192 89 149 152 93 0 209 0 0 115 0 1 0 39 179 255
    255 158 34 155 255 255 0 184 189 255 135 0 21 63 192 246 251 255 120
    143 0 199 238 0 234 15 0 101 0 255 0 62 110 50 210 132 212 38 0 2
    212 0 40 96 237 255 255 200 255 237 255 32 92 255 184 3 255 59 236
    22 4 228 174 32 0 36 242 244 174 255 119 224 122 37 255 255 255 137
    234 0 13 255 0 196 252 23 0 255 50 63 0 0 52 254 0 253 137 187 64
    255 157 91 255 247 255 0 67 164 177 6 255 2 149 165 78 93 255 130 0
    255 169 228 179 41 255 72 128 24 12 0 0 0 212 0 0 214 255 255 255 71
    88 110 255 81 62 40 255 88 118 255 80 182 24 119 23 0 138 97 138 255
    255 255 0 99 0 255 168 56 230 214 217 54 47 0 187 153 255 172 74 255
    249 197 32 218 182 197 0 173 255 0 247 91 120 154 0 255 0 44 255 210
    0 255 47 255 0 0 0 0 68 67 148 255 0 140 159 0 95 249 136 255 122 0
    0 236 0 1 255 213 155 57 34 181 193 60 43 0 81 139 0 125 39 13 84
    255 0 0 210 0 255 255 254 26 157 237 48 238 255 36 0 255 186 0 1 0
    255 18 0 86 124 21 140 166 0 0 255 255 100 125 80 158 161 255 255 2
    74 42 0 21 42 0 46 0 174 137 230 139 0 0 253 0 217 194 99 0 168 255
    113 243 106 0 15 56 255 93 129 10 177 236 96 248 204 0 162 176 255
    134 255 248 48 161 255 95 110 84 236 233 70 255 15 0 0 0 114 63 255
    209 233 0 11 0 199 3 255 74 255 216 130 4 255 0 0 255 63 207 105 20
    88 164 191 0 255 81 255 108 154 255 0 175 0 178 114 161 255 64 79 35
    255 255 255 19 255 255 0 0 21 0 0 255 255 158 0 255 0 165 236 166
    255 249 46 116 255 255 0 0 98 0 255 150 200 30 0 187 71 0 255 121
    255 0 255 0 199 225 0 96 255 90 238 138 172 255 165 255 33 116 125
    103 165 176 245 63 0 233 16 59 10 253 81 50 32 255 152 255 84 58 0 0
    97 83 130 115 255 3 119 255 163 255 221 11 193 72 250 253 157 0 0 0
    132 69 255 217 235 255 0 0 83 126 0 0 0 2 80 102 157 203 89 123 41
    255 85 198 255 0 180 128 222 156 18 138 0 175 219 0 255 233 0 255 0
    195 237 128 4 24 8 75 168 108 246 0 255 114 0 255 59 193 198 4 30 41
    44 255 0 138 58 255 255 0 195 201 0 0 255 255 237 235 255 0 255 80
    255 0 82 178 0 216 255 255 0 255 107 79 2 252 154 174 0 194 255 255
    0 0 187 71 0 115 255 54 255 101 0 64 215 143 9 43 58 43 29 97 204
    107 0 255 255 0 0 162 77 223 28 44 120 102 255 38 231 239 179 141
    255 0 213 250 255 255 134 134 255 0 208 1 0 50 173 164 11 74 61 174
    53 243 255 60 255 208 195 0 255 8 170 47 178 6 255 234 110 255 252 0
    0 255 149 255 255 112 255 134 214 153 254 247 164 74 255 164 0 56 54
    0 84 255 39 196 254 18 255 166 212 255 131 254 0 0 221 0 253 222 150
    0 232 255 223 255 255 255 23 216 110 209 0 255 40 0 0 226 0 0 135
    248 159 150 174 0 123 249 255 90 62 171 171 39 135 185 255 68 0 255
    248 108 135 204 0 247 0 255 0 161 255 17 0 143 68 255 0 255 0 118
    147 255 255 255 144 0 0 255 55 184 69 153 255 255 0 0 73 114 172 244
    7 210 0 208 52 255 26 0 0 79 0 0 255 255 255 59 255 149 159 255 212
    0 125 0 9 67 255 88 255 125 16 255 198 68 0 195 255 166 196 88 173
    95 0 147 242 22 255 255 255 255 32 63 244 255 255 255 255 149 30 232
    0 61 31 0 26 193 0 255 0 229 90 30 255 0 255 255 84 3 125 0 135 251
    26 0 255 176 0 9 255 179 0 77 199 27 255 125 0 149 188 194 0 255 111
    167 248 74 87 255 63 0 3 96 73 140 151 107 0 255 255 158 176 0 238
    78 236 255 0 90 255 0 0 165 192 255 0 46 130 229 255 25 153 155 129
    137 136 255 237 94 20 85 0 205 243 191 114 255 170 35 255 248 58 255
    207 66 64 226 140 106 89 254 255 33 225 140 53 52 100 173 0 0 134
    237 236 12 6 255 0 168 165 125 163 0 243 19 12 255 81 255 111 180
    255 168 28 203 108 207 40 255 255 111 0 115 67 125 255 0 255 255 146
    255 255 255 255 72 242 255 215 237 103 98 255 0 81 0 111 255 112 109
    185 255 103 130 255 165 71 255 0 153 175 103 31 252 61 159 168 51
    139 27 143 189 255 38 219 35 60 255 188 255 0 0 255 52 125 206 191
    50 249 217 255 255 90 188 50 18 52 0 255 244 149 87 255 0 255 9 255
    0 255 250 0 15 168 79 255 222 84 90 232 185 167 251 0 181 162 181 0
    19 97 255 39 255 244 0 56 127 102 0 158 0 155 8 227 57 70 137 255
    195 37 60 66 255 33 127 36 245 193 0 152 210 73 46 0 0 0 190 232 0
    255 38 64 255 0 255 246 9 255 126 165 254 45 254 0 255 65 184 255
    138 98 137 14 29 255 64 18 255 0 90 255 53 171 0 255 0 0 236 0 0 0 0
    115 198 33 0 67 255 161 137 104 24 71 34 148 129 202 80 122 0 184
    255 254 241 237 254 31 113 146 0 0 255 193 90 187 243 255 191 83 95
    0 227 255 0 62 255 83 172 138 137 0 100 0 42 143 0 255 255 255 0 158
    255 207 0 175 169 143 0 193 0 37 117 255 185 117 158 255 166 63 182
    255 216 190 226 177 244 83 255 241 255 163 41 153 233 110 0 255 249
    0 90 0 255 19 0 110 211 115 48 90 0 177 0 210 98 255 255 125 0 0 26
    175 125 255 145 154 255 0 182 214 206 57 230 255 199 246 9 255 92 14
    163 17 143 209 243 158 80 235 46 241 0 172 35 0 74 216 119 81 0 49
    231 4 236 47 236 40 165 255 0 135 255 101 0 144 255 146 0 166 0 95
    59 0 0 255 68 235 255 0 255 42 108 255 145 51 253 255 97 209 236 255
    0 0 248 0 175 239 0 0 255 249 0 255 0 201 86 0 114 255 40 201 15 255
    226 178 0 120 186 92 255 0 69 0 218 215 161 151 255 159 10 255 255 0
    0 255 255 170 228 255 255 82 0 0 191 3 255 128 0 255 52 31 195 16 0
    255 255 144 28 39 255 86 0 63 41 255 61 255 0 174 0 244 72 255 173 0
    0 244 208 0 71 144 222 44 214 188 24 0 185 3 190 228 252 60 220 255
    0 153 217 243 255 0 67 0 225 134 44 79 255 255 0 167 159 125 255 255
    23 214 157 255 0 115 0 182 47 0 255 255 254 220 241 0 22 216 200 86
    0 253 255 172 238 113 53 255 14 243 148 216 167 42 228 222 0 255 244
    0 0 0 72 190 255 0 0 255 109 252 255 79 10 140 255 255 41 104 162
    215 0 189 255 40 255 221 255 91 0 61 55 255 0 233 178 100 0 0 210 0
    181 255 50 121 0 228 0 59 255 22 0 150 0 36 49 173 0 0 0 71 140 83
    42 192 255 237 0 0 219 0 0 176 255 38 226 176 222 255 255 151 255
    173 223 94 255 9 148 39 0 0 37 254 0 241 54 0 167 214 227 211 80 255
    64 58 0 210 255 0 0 165 94 115 255 100 255 87 6 255 255 221 0 0 0 0
    131 255 42 255 230 148 222 255 243 161 255 217 2 2 82 171 0 255 88
    114 204 117 161 95 255 154 99 195 84 0 237 157 207 24 144 0 33 0 99
    89 36 0 142 159 0 132 0 58 255 239 93 236 0 0 158 99 155 237 174 115
    208 255 0 14 0 232 224 16 0 89 179 116 157 83 255 192 184 249 255
    255 19 255 69 74 255 243 255 255 37 252 47 0 0 193 255 204 255 159 8
    0 92 88 69 74 119 0 52 0 0 255 255 255 0 0 0 84 106 163 33 118 255
    255 0 255 131 18 148 38 7 37 255 255 255 241 255 116 255 255 82 72
    73 93 53 219 88 247 89 20 131 182 225 66 252 110 140 225 36 255 0
    255 251 102 174 0 147 242 146 11 61 231 237 0 7 0 109 226 0 255 0
    108 0 86 255 27 58 0 239 89 255 0 0 150 146 12 64 255 194 255 101 0
    245 255 38 221 243 255 217 255 0 255 97 255 36 175 34 255 0 59 255
    187 255 223 35 99 149 255 36 255 106 2 0 29 89 61 255 214 2 0 72 243
    0 255 228 255 0 208 236 197 0 21 255 0 204 103 0 94 68 255 152 201 0
    69 3 199 189 64 72 122 255 32 32 212 0 34 0 101 147 0 250 179 0 162
    0 255 209 227 156 255 159 77 169 194 59 0 148 62 182 255 0 0 0 150
    255 0 255 131 176 0 255 255 235 43 0 0 189 10 169 236 0 255 93 0 229
    251 21 3 123 212 102 179 11 0 237 165 189 183 0 106 98 138 97 179 0
    243 255 0 255 4 0 25 0 210 144 0 255 213 223 49 16 14 218 18 64 139
    133 118 4 255 58 138 38 255 134 208 46 255 0 58 218 0 0 0 255 0 190
    12 131 27 171 0 246 8 147 189 179 231 76 82 18 73 108 152 255 82 130
    10 255 70 0 0 250 147 215 37 24 0 0 0 24 90 28 0 109 77 14 232 201
    255 0 255 169 255 227 0 164 123 0 125 139 255 255 208 226 0 91 255
    19 129 32 103 199 112 120 8 255 14 186 223 213 225 233 255 125 255
    81 255 179 154 255 18 169 197 187 0 228 50 250 255 234 109 17 241 0
    129 103 0 129 4 26 136 153 255 255 194 225 208 0 0 255 117 186 161 0
    173 0 172 236 14 17 0 133 200 116 0 76 0 94 71 43 0 0 0 252 67 38
    255 86 255 233 228 253 0 0 255 255 29 50 255 130 246 255 158 0 255
    34 255 62 69 255 255 205 255 242 34 129 0 11 105 255 255 189 0 229 1
    220 36 213 219 255 80 212 182 0 36 0 34 61 181 255 219 41 144 213
    143 26 8 255 0 255 156 255 255 255 210 255 243 90 194 15 35 244 30
    255 207 135 45 166 121 233 246 166 255 93 0 2 214 30 35 79 0 66 135
    255 0 24 186 255 182 130 0 170 211 53 219 89 16 0 255 95 63 255 226
    135 0 46 23 185 245 46 255 97 0 255 0 255 255 207 255 255 155 169 0
    0 0 125 0 0 255 13 26 0 235 184 0 255 255 0 255 181 122 115 174 75
    254 77 255 0 4 43 0 170 55 243 0 107 225 255 63 255 255 0 0 11 0 255
    247 0 180 61 77 245 255 141 13 183 88 130 247 235 148 146 0 0 239 0
    0 223 46 222 49 0 181 255 38 255 71 146 255 210 5 0 159 74 30 230
    118 0 0 0 0 1 228 54 0 54 0 16 86 0 155 87 255 245 13 0 132 0 3 221
    255 165 173 132 174 0 25 255 100 64 36 249 183 148 105 21 221 205 18
    192 255 0 0 0 68 65 0 4 0 0 251 36 5 26 218 7 0 216 255 197 255 212
    96 20 30 203 59 255 58 213 9 194 0 0 180 255 148 174 255 0 198 73 0
    222 61 235 255 255 176 255 0 17 180 0 186 0 174 42 255 255 179 255
    255 0 0 0 0 25 0 0 255 160 221 61 255 255 225 143 255 155 0 101 15
    254 255 83 139 0 255 255 207 97 0 0 193 0 0 177 0 209 0 72 145 94 76
    213 0 95 136 18 0 0 79 118 158 0 7 159 255 195 0 247 0 190 111 67
    168 102 255 255 170 0 171 30 0 148 0 127 232 255 192 11 108 121 229
    255 255 51 192 255 39 58 27 139 135 93 3 255 91 112 246 157 4 97 23
    0 255 23 255 255 154 238 255 93 0 52 2 178 30 0 0 156 173 0 66 0 82
    98 84 179 216 196 255 221 94 12 104 255 182 255 255 235 255 0 128 0
    30 255 0 144 121 122 255 255 0 0 212 255 124 0 175 207 231 86 16 0
    255 212 232 74 95 87 134 255 37 255 57 0 123 15 217 0 127 255 117
    187 125 255 255 218 255 255 143 204 113 255 255 255 164 196 111 174
    39 0 255 40 255 255 222 155 197 244 255 0 0 255 0 68 132 0 255 82 6
    255 186 255 160 95 95 0 243 255 187 86 0 12 0 153 255 0 87 69 47 204
    0 0 168 11 192 10 255 10 255 255 138 0 0 100 126 170 255 138 255 0
    255 244 255 0 49 88 231 255 169 255 255 173 46 0 110 255 199 8 255
    52 198 223 111 221 51 67 156 49 124 255 255 99 132 77 131 240 255
    124 188 183 240 93 170 0 0 255 245 92 70 255 0 225 77 55 255 139 255
    245 68 144 255 255 255 242 194 207 255 99 0 23 147 235 218 255 255
    62 175 229 108 147 255 142 126 0 140 121 0 255 73 83 255 97 204 132
    148 145 219 9 255 72 5 195 211 169 252 0 255 130 70 255 189 255 255
    255 0 163 205 204 0 0 0 141 221 91 254 186 70 193 172 0 183 108 138
    0 53 82 0 0 0 255 204 0 114 165 0 167 162 35 162 186 2 0 85 0 0 67 0
    177 111 0 193 158 0 38 0 255 255 172 162 0 0 255 90 60 0 80 0 250
    126 0 172 182 97 0 242 0 81 176 255 0 148 255 127 63 196 0 67 170
    184 18 249 50 151 0 255 81 0 15 125 0 128 22 145 255 255 130 255 223
    255 255 207 30 157 51 158 68 255 55 12 215 0 255 167 65 189 49 67
    223 86 167 158 243 159 248 182 44 180 61 255 0 0 255 33 28 0 255 255
    25 98 59 233 66 0 45 193 254 3 139 255 102 95 169 255 233 165 0 211
    69 148 27 236 255 158 28 255 102 255 118 0 79 255 0 255 48 0 0 0 143
    118 228 33 213 255 13 0 255 0 35 255 47 255 200 227 255 160 44 102
    207 184 85 0 167 105 0 44 255 38 131 94 255 0 0 150 0 0 0 0 192 255
    47 87 54 0 117 201 186 172 255 151 147 85 177 68 111 68 100 255 255
    187 5 39 255 44 157 255 17 0 61 255 47 133 78 22 17 255 160 0 96 89
    0 0 130 0 135 145 217 226 0 161 255 0 177 34 183 118 132 0 0 162 255
    217 214 185 0 63 44 255 255 6 177 17 39 0 0 0 0 184 255 0 175 0 89 0
    95 37 107 241 213 255 230 87 31 71 0 19 114 74 0 0 113 60 255 255
    188 93 255 237 211 0 215 138 0 7 3 0 255 255 104 255 218 169 90 178
    109 237 182 119 65 118 130 102 0 219 53 30 255 8 0 0 0 228 191 0 209
    0 46 255 200 227 255 194 181 0 255 255 0 94 88 252 73 250 41 136 255
    0 255 0 0 86 5 62 201 0 214 146 255 244 0 255 0 206 245 73 255 227
    76 182 247 152 255 0 222 255 254 187 144 0 76 255 255 0 184 255 0 58
    16 2 35 103 0 255 107 6 31 104 77 0 0 118 236 255 98 0 31 51 191 217
    0 0 255 36 40 17 30 212 105 0 149 197 212 0 255 0 255 255 117 212
    148 255 80 196 24 177 255 0 132 255 158 255 106 190 38 128 137 255 9
    255 109 202 231 41 242 8 255 255 11 65 216 99 23 92 2 189 255 255 35
    255 0 138 0 255 184 223 67 196 0 138 0 103 104 90 186 241 16 255 190
    6 141 152 60 131 231 77 212 255 184 255 108 102 181 0 101 186 141
    193 255 193 0 207 180 7 242 226 177 255 66 0 255 159 205 6 117 203
    190 0 74 74 0 51 251 122 34 17 48 175 0 56 110 255 71 108 149 255 75
    0 169 217 248 255 0 63 0 214 255 212 191 16 90 0 0 244 164 74 0 135
    70 246 124 206 255 255 2 211 192 76 249 116 192 158 88 0 0 0 29 240
    0 34 158 103 0 93 230 168 255 75 138 193 0 138 101 255 255 212 0 172
    255 16 254 54 0 114 0 230 25 86 173 128 181 52 57 38 206 0 128 239
    224 64 219 238 0 136 255 83 172 151 0 249 149 217 97 64 203 118 173
    255 0 230 231 189 137 189 199 213 250 98 78 255 244 0 230 212 0 248
    157 255 215 202 88 0 255 62 255 147 69 0 23 100 0 180 121 217 213
    152 0 31 191 255 255 76 102 0 94 255 0 14 246 176 72 77 255 0 28 248
    231 208 255 129 255 0 255 0 0 248 0 0 165 184 195 104 255 125 0 227
    143 0 215 52 255 88 0 194 255 255 138 255 132 189 73 255 255 235 103
    69 255 205 0 14 90 255 154 255 151 100 193 0 0 35 0 255 3 0 90 94
    116 102 0 255 176 191 242 66 216 131 255 255 0 0 107 255 191 45 255
    243 3 0 246 233 0 153 201 244 154 207 98 155 255 229 255 28 0 0 83
    196 93 0 255 255 245 17 153 72 0 168 0 119 0 217 165 0 0 184 0 21
    188 43 119 85 228 197 0 255 159 64 22 220 110 92 0 255 255 71 0 13
    67 108 111 206 197 255 207 112 164 113 2 17 3 255 0 188 0 108 108
    111 159 0 145 255 255 42 255 0 224 216 51 115 87 0 255 110 0 91 255
    151 239 255 58 246 179 255 176 213 245 255 227 126 179 130 243 106
    54 255 160 41 255 37 73 255 255 21 103 81 255 0 255 0 31 0 167 62
    255 115 2 223 104 255 255 105 131 171 111 0 0 204 103 255 0 235 132
    172 95 0 161 255 1 113 255 26 255 201 246 138 255 117 255 255 201
    255 209 95 41 74 51 255 255 24 156 0 0 0 255 115 255 223 0 255 121
    243 91 255 244 0 142 238 0 255 162 255 96 0 53 17 255 255 52 241 250
    57 100 222 40 107 133 255 255 0 255 12 255 136 223 149 255 255 255
    255 255 109 36 0 0 240 178 81 18 255 25 0 16 227 0 93 225 138 0 39
    142 236 160 255 89 75 6 0 225 86 35 183 241 0 183 84 144 246 255 0
    139 155 237 180 255 255 0 69 121 106 255 225 157 230 0 255 0 96 0
    113 34 0 249 255 232 46 180 0 0 32 0 179 255 150 180 0 24 255 0 62 0
    151 29 255 161 36 198 0 60 180 255 255 255 137 25 187 242 170 0 0 0
    135 246 255 83 0 0 0 189 0 136 0 76 255 137 186 192 98 255 98 116
    146 165 152 204 0 23 0 134 255 169 197 148 96 0 0 0 108 255 252 21
    102 96 74 30 0 35 0 144 190 178 16 255 255 255 181 180 41 81 174 86
    0 0 83 225 143 255 63 12 49 255 255 131 0 144 24 159 103 49 24 31 7
    222 28 190 33 57 0 236 218 255 210 68 192 22 209 146 73 167 255 197
    255 255 27 255 156 171 0 84 0 87 201 54 0 90 186 37 189 108 127 48
    158 132 255 0 255 240 113 59 255 0 89 13 0 255 0 106 217 254 128 230
    176 0 0 0 1 204 0 255 0 255 137 0 229 20 245 179 255 175 255 230 44
    214 206 255 255 0 216 255 20 30 124 255 0 255 101 21 0 43 166 49 126
    89 210 0 87 255 255 34 178 39 236 210 255 255 255 6 238 0 0 0 223
    242 161 0 231 172 8 0 90 255 130 230 160 255 255 134 197 228 0 114
    111 253 64 54 218 213 4 255 196 3 0 71 255 124 255 242 32 0 255 62 0
    2 223 129 87 132 171 255 194 239 239 18 67 0 182 237 153 130 255 180
    255 191 58 255 205 153 119 255 45 255 24 255 169 21 219 250 172 10
    166 132 0 0 27 255 37 255 128 172 79 126 0 252 19 255 193 207 255 42
    255 133 162 142 202 161 255 255 182 64 16 37 149 255 179 210 151 248
    184 24 57 14 107 255 129 34 0 72 41 8 5 0 255 255 255 68 31 159 215
    0 0 16 149 215 0 36 255 71 123 255 214 59 0 191 206 8 255 250 255 82
    74 255 255 0 0 172 164 0 164 132 16 64 49 255 0 0 0 255 209 105 0
    172 0 0 252 255 37 143 255 59 138 250 0 255 255 41 153 79 0 7 240 0
    0 95 178 41 180 3 32 255 255 233 179 113 186 255 117 38 2 230 45 255
    0 0 84 75 0 201 51 144 133 161 43 84 39 86 172 255 0 0 255 34 3 141
    62 172 195 0 190 163 142 255 0 250 141 209 0 255 255 255 115 0 255 0
    107 211 53 255 0 118 175 88 158 103 255 231 0 243 233 40 255 153 255
    24 0 255 237 113 183 81 0 104 107 36 0 206 108 0 143 186 68 0 155 79
    0 0 48 219 86 78 238 0 132 54 102 255 0 0 179 0 0 255 49 0 81 62 255
    139 188 206 29 254 255 0 199 147 255 24 19 0 255 255 169 53 36 108
    213 87 27 0 255 176 0 92 62 0 0 0 255 0 145 255 93 50 0 0 255 0 0 0
    231 19 20 255 255 101 255 105 131 0 255 0 95 204 119 74 255 174 126
    56 255 255 65 90 160 255 12 248 146 202 208 13 160 255 0 173 0 24 0
    255 187 255 251 123 0 239 255 201 54 40 152 40 101 238 0 86 243 31
    150 89 255 255 0 0 187 213 0 194 185 68 21 255 245 0 14 0 255 0 0
    191 255 5 45 255 84 202 187 60 0 20 255 133 188 76 0 168 47 25 58
    255 49 28 255 18 227 44 9 64 0 220 133 255 180 255 255 144 93 17 255
    252 255 131 66 162 101 255 20 255 255 34 6 255 151 0 0 255 83 237 0
    227 159 255 70 255 127 0 0 245 72 0 150 255 0 81 169 182 246 14 82
    224 0 197 255 180 0 115 150 217 109 0 170 0 96 1 255 194 255 0 33
    255 134 80 39 196 59 232 0 77 134 227 217 155 255 255 190 127 82 222
    132 255 146 238 0 186 97 69 161 255 48 0 82 72 195 183 168 248 112
    255 35 188 129 86 0 244 235 137 0 0 162 0 174 35 255 218 84 0 74 142
    37 77 41 112 173 198 193 255 255 84 255 47 190 46 192 255 0 162 255
    0 219 0 47 40 165 68 0 72 0 0 238 223 255 0 0 206 152 71 229 81 213
    168 131 190 0 170 122 128 255 100 167 255 100 184 15 73 0 168 187 0
    25 5 255 229 255 255 0 27 255 220 66 126 100 65 0 251 255 255 0 0 49
    21 86 201 255 0 0 255 247 21 228 193 205 34 132 68 0 119 85 0 255 63
    119 0 0 244 127 70 255 80 0 205 0 158 43 227 255 147 0 43 177 255
    128 207 168 255 143 9 154 221 0 0 170 198 0 0 142 0 0 141 32 27 255
    239 202 0 0 25 0 255 6 28 120 36 17 223 0 255 0 57 60 151 255 233
    149 231 0 240 0 88 255 219 25 174 8 189 124 0 114 120 153 0 255 0 38
    69 184 5 6 205 41 0 161 255 9 255 255 40 136 180 255 210 0 255 214
    255 173 199 0 0 69 254 201 255 52 255 143 0 211 234 106 126 0 184
    255 156 0 255 57 0 255 10 255 201 74 99 131 255 43 154 255 234 0 167
    112 0 119 255 79 245 201 141 0 124 190 115 97 28 219 249 255 0 255
    174 0 138 85 255 90 0 93 76 157 76 76 255 182 255 255 255 147 9 255
    10 0 255 230 255 112 255 129 0 15 0 47 246 22 103 137 0 112 157 0
    113 33 120 255 16 209 30 255 0 11 240 0 16 255 2 100 255 0 141 28
    255 0 98 255 145 70 134 159 255 159 26 255 80 73 255 53 97 172 188 0
    1 49 209 200 0 41 0 0 19 144 100 0 255 255 131 214 0 2 95 241 143 0
    0 0 155 108 0 136 11 184 203 255 154 128 255 0 255 159 255 255 0 49
    0 0 0 238 58 255 250 168 128 0 0 34 60 0 192 255 255 164 255 53 131
    0 57 255 0 253 34 87 30 0 255 42 172 185 69 0 34 255 0 0 240 0 139 0
    255 84 209 0 0 0 60 32 81 189 0 255 116 134 255 191 74 59 255 0 0 9
    149 30 65 109 255 15 143 0 255 236 203 161 197 95 254 196 255 153
    249 255 162 255 255 139 248 170 173 255 53 99 0 56 0 76 249 255 255
    96 85 0 164 255 118 108 255 236 0 0 0 0 204 193 180 0 255 0 104 232
    13 255 8 0 144 0 241 239 0 255 78 149 243 193 91 4 85 122 81 145 243
    216 129 0 174 121 0 0 186 243 59 24 76 255 255 32 156 141 61 191 250
    148 255 188 190 255 255 26 163 255 213 5 5 0 255 48 119 67 0 255 200
    160 255 255 163 0 0 0 0 0 255 84 113 137 139 0 201 166 0 32 0 173
    255 35 255 169 84 255 139 255 186 39 0 255 40 21 54 0 0 87 6 34 0
    100 0 244 255 135 57 0 214 0 220 0 255 241 123 164 0 115 0 0 79 217
    255 0 0 255 163 255 24 146 192 255 255 50 0 249 143 0 255 0 100 0
    214 133 190 221 0 61 49 121 128 183 0 0 117 0 0 137 255 228 0 255 60
    84 0 24 145 255 170 255 255 136 255 255 216 146 144 36 133 0 239 253
    255 0 21 255 0 5 45 191 133 247 0 26 209 16 15 255 35 255 0 150 255
    209 99 184 183 37 197 227 161 34 255 144 255 51 240 55 18 180 4 9
    203 233 0 192 158 255 132 0 189 0 0 231 0 233 170 0 255 255 255 240
    38 0 82 0 74 96 108 248 255 235 169 117 255 37 0 255 13 29 89 244
    255 89 177 87 255 40 128 217 80 255 247 0 255 119 50 179 255 89 25
    255 209 224 242 221 216 255 200 26 165 255 84 0 0 62 160 254 0 0 20
    0 72 206 255 117 76 255 0 61 225 0 0 70 15 0 110 255 255 255 254 0
    44 0 0 0 128 40 0 140 133 0 41 190 224 195 68 81 0 126 5 147 200 178
    0 255 131 255 117 117 4 43 0 212 227 27 7 255 70 102 118 17 116 255
    48 255 0 0 255 0 233 77 207 255 0 123 140 255 133 187 213 0 128 93
    27 0 255 90 255 255 73 197 255 93 164 53 124 29 0 255 255 78 212 255
    0 0 170 255 255 94 45 218 255 0 61 110 158 202 81 255 33 0 26 171 30
    0 79 255 105 242 237 69 46 88 0 49 151 32 0 255 255 232 255 203 18
    255 0 40 0 57 176 0 0 227 146 0 61 105 0 255 13 208 13 0 0 253 162
    127 0 0 167 110 178 0 61 3 114 141 2 0 27 0 255 89 229 151 28 172
    104 236 64 91 183 255 255 0 0 56 251 69 130 108 111 210 30 0 242 23
    255 0 122 249 236 255 255 21 255 111 0 255 225 69 122 181 163 157 0
    169 21 151 0 195 134 20 255 158 255 140 146 21 225 255 29 112 130
    119 211 255 29 0 29 255 49 34 111 157 155 226 132 176 97 41 14 0 236
    243 200 0 0 50 33 255 0 248 255 0 24 0 102 12 15 0 156 255 18 14 156
    63 16 250 0 0 255 28 130 0 144 252 0 38 255 0 13 0 88 0 109 150 170
    223 0 255 255 255 0 0 255 0 187 255 194 0 175 0 21 242 27 83 92 0
    255 25 2 194 236 113 137 114 248 255 18 0 99 255 0 2 30 29 255 81
    255 109 19 255 171 77 255 255 250 255 255 255 0 196 0 0 71 255 135 0
    0 152 215 0 255 166 92 248 239 12 164 165 255 105 255 241 96 169 0
    255 1 0 152 61 45 159 232 206 249 233 45 255 253 0 243 255 216 51
    255 255 0 6 255 238 255 0 45 0 0 204 76 56 91 0 107 126 194 0 252 0
    46 255 74 42 252 118 207 80 38 206 255 17 255 240 231 255 0 149 255
    47 12 0 255 95 84 0 97 251 65 112 255 36 196 255 24 0 217 54 0 22 0
    0 160 248 255 16 0 58 76 248 49 255 153 222 0 255 255 55 0 32 0 68
    255 0 7 0 9 123 10 0 255 202 240 2 199 91 202 18 135 200 255 84 81
    64 47 0 0 80 255 122 98 255 165 183 255 113 0 48 43 0 213 0 38 245
    247 86 255 0 0 0 0 178 247 134 38 229 0 255 251 255 233 0 0 0 202
    189 75 8 115 0 56 12 255 7 240 251 162 255 255 255 186 78 112 251 81
    104 255 173 97 76 101 255 56 255 150 255 0 238 0 0 192 216 0 155 120
    255 0 0 0 173 5 0 29 119 52 255 153 255 162 147 255 0 213 138 0 74
    255 126 255 96 125 128 255 245 1 184 255 255 255 180 0 2 255 120 30
    255 209 255 186 0 175 0 105 0 255 249 0 255 75 126 116 0 107 255 45
    255 0 190 77 33 0 221 28 255 0 247 0 130 182 37 255 0 174 142 255
    255 52 73 156 0 13 95 249 81 0 0 255 28 0 255 255 90 3 183 248 227 0
    20 242 255 115 87 255 200 105 171 255 255 25 255 254 255 29 83 172
    164 0 255 155 255 0 0 75 0 114 79 31 51 182 255 44 255 16 255 84 176
    0 0 138 111 0 90 0 255 175 133 0 205 22 70 87 0 251 241 0 255 126
    255 255 214 255 27 241 185 7 106 255 0 135 37 255 255 255 240 41 161
    0 255 116 32 149 193 255 175 132 81 81 92 89 31 0 85 227 16 218 0
    188 91 26 0 57 255 255 175 186 122 0 171 255 61 0 167 7 128 208 53
    255 136 129 255 21 21 14 144 115 222 255 62 11 17 186 0 255 135 201
    255 63 20 255 112 214 0 255 0 0 194 5 0 0 122 0 0 255 62 62 255 255
    181 0 119 247 23 36 70 49 122 55 255 6 103 121 0 0 148 13 0 181 255
    255 255 40 0 103 250 0 255 108 255 181 9 0 82 209 0 157 22 218 255
    115 188 0 255 155 125 255 197 244 162 255 101 255 255 0 101 255 255
    66 116 0 0 7 83 255 243 210 0 110 255 32 0 145 195 251 78 43 114 0
    255 238 255 175 49 251 80 143 255 255 175 0 103 74 176 255 93 41 254
    0 220 75 129 96 176 36 20 227 247 200 123 187 153 0 0 117 222 0 140
    255 207 158 87 255 160 120 125 0 174 15 110 60 41 255 0 255 96 210
    255 229 99 46 0 39 3 0 196 80 96 0 228 62 157 255 4 255 93 121 208
    237 166 0 133 121 255 28 0 240 150 145 226 0 152 255 57 200 81 159
    49 255 236 110 119 0 255 0 0 0 70 74 214 244 255 255 133 120 68 255
    0 0 55 0 108 255 58 255 255 255 111 0 103 0 0 59 14 0 192 0 209 70 0
    11 255 255 0 255 85 255 4 20 166 255 196 0 48 0 233 255 7 0 99 73
    191 192 255 255 253 54 176 185 53 123 69 127 67 159 143 255 203 234
    255 245 11 255 255 0 0 51 73 31 0 87 14 87 187 0 158 255 33 0 0 0 4
    253 255 209 84 0 0 67 0 255 63 255 70 255 0 100 94 190 0 219 125 198
    111 0 221 128 31 212 134 202 41 247 244 131 0 16 70 255 0 84 117 61
    142 173 255 51 0 186 207 207 24 230 221 114 59 103 255 0 255 103 255
    255 78 112 255 27 255 255 255 14 131 184 15 65 0 0 26 0 142 2 42 237
    255 243 213 149 205 0 178 0 255 0 125 207 22 10 39 255 255 67 255
    220 0 0 43 146 255 0 10 166 79 147 32 0 255 0 0 27 255 160 255 166
    90 0 137 0 39 68 181 238 255 0 8 75 4 255 0 74 122 143 255 255 60
    206 24 99 219 34 0 0 0 255 18 0 255 42 36 200 0 255 159 169 0 174
    227 183 0 255 177 135 140 0 0 187 255 184 183 255 0 0 12 4 47 146
    137 0 0 224 192 0 0 192 21 208 182 255 151 255 248 23 103 236 0 0 79
    171 21 94 255 227 107 47 25 86 108 19 255 120 0 66 45 255 223 47 171
    0 0 86 255 237 252 255 255 255 255 219 199 0 0 0 0 83 72 235 8 224 0
    73 106 255 0 0 103 0 193 255 145 156 123 57 0 0 90 0 0 0 16 234 127
    108 10 185 255 218 16 17 139 0 255 195 71 157 184 255 201 139 0 81
    23 89 53 136 1 0 255 0 255 0 155 121 244 38 60 217 215 0 15 198 96
    112 200 188 255 166 255 0 67 141 144 255 18 58 255 255 140 79 0 228
    194 59 67 51 255 255 84 237 0 245 198 0 153 136 0 255 40 46 38 255
    120 0 0 104 243 90 250 214 0 255 0 116 154 0 87 83 0 158 233 255 42
    195 24 255 42 161 207 7 255 255 160 171 255 255 167 248 145 75 214
    255 25 255 0 0 89 166 195 22 94 138 255 255 145 59 254 0 0 94 103
    116 255 233 227 0 129 14 92 255 255 255 82 59 7 99 255 207 243 195
    255 0 255 89 255 113 199 255 255 0 0 122 48 29 62 255 160 31 250 255
    155 66 87 0 239 36 255 62 255 210 100 240 0 255 0 43 236 186 230 195
    254 55 255 147 190 112 162 82 255 81 0 61 255 255 71 176 255 102 48
    235 249 255 242 43 208 0 220 169 255 56 208 65 255 7 0 82 0 0 10 0
    96 254 170 255 3 0 255 0 255 1 121 40 0 78 255 30 255 0 56 0 255 112
    159 181 215 136 28 0 45 255 36 98 182 82 255 0 0 255 218 111 148 0
    86 97 114 169 0 255 172 47 0 0 153 160 217 82 98 252 0 153 188 69
    111 255 149 93 0 77 17 234 255 0 77 255 255 0 221 0 211 182 193 237
    255 255 0 0 255 0 82 212 181 255 66 170 136 77 171 218 80 32 0 255 0
    0 142 155 137 39 100 97 50 255 151 176 66 86 228 5 0 25 0 221 255 0
    140 99 159 255 189 255 34 24 255 255 116 113 199 255 0 169 110 244
    82 77 39 0 70 211 0 255 232 10 0 0 155 120 246 136 255 157 20 0 89
    71 43 98 154 214 255 93 50 255 255 0 62 47 0 0 254 0 10 226 0 153
    255 0 13 255 60 162 0 50 0 28 255 8 158 122 154 203 183 0 250 0 255
    16 255 176 255 75 164 219 0 56 255 24 12 163 146 236 247 9 255 255
    33 0 127 255 0 82 255 0 250 255 207 218 18 255 0 0 176 245 255 45 0
    144 0 0 198 100 45 96 32 255 255 0 255 205 53 187 255 255 30 38 99 0
    213 61 255 0 255 74 239 255 173 75 120 145 31 255 0 255 196 255 255
    0 255 78 185 255 152 125 116 70 255 186 255 198 191 23 120 255 143
    155 166 0 58 255 64 0 140 203 215 67 0 210 125 245 0 36 219 152 208
    207 178 179 84 255 52 0 33 172 240 96 59 2 0 0 108 42 255 0 44 255
    203 218 147 0 0 34 160 222 156 255 247 183 0 27 0 52 94 220 68 203
    66 67 255 164 120 0 205 247 137 255 50 116 124 91 208 0 225 5 205 76
    255 240 217 0 255 150 39 111 255 120 16 0 150 215 148 110 194 208
    159 68 0 255 220 153 0 86 255 129 193 255 162 255 221 255 194 0 23 0
    0 8 25 16 216 0 239 63 255 185 0 250 255 14 173 28 14 255 255 255
    127 255 248 170 201 68 231 255 67 255 164 45 151 255 126 87 0 253 43
    177 199 255 96 146 193 86 200 255 29 0 255 185 218 207 0 134 111 145
    176 0 255 146 51 9 19 0 92 0 220 55 0 13 255 20 255 221 223 232 0
    248 255 7 0 231 255 190 138 0 137 255 168 0 248 0 0 21 255 255 255
    196 0 115 255 89 77 255 237 255 51 129 255 248 155 7 255 0 0 77 106
    186 255 232 92 147 255 22 0 0 122 0 0 237 35 18 125 213 255 0 174
    216 255 69 65 0 255 251 0 134 0 138 0 245 140 78 110 242 145 188 94
    215 8 119 143 43 208 86 255 0 255 255 0 1 255 255 127 39 255 0 232
    97 42 0 0 176 255 0 238 123 62 239 160 147 194 255 89 40 204 249 207
    242 255 218 245 0 67 255 3 8 255 112 191 52 171 196 152 45 1 97 131
    255 105 255 255 75 191 255 255 0 255 195 230 72 212 112 255 102 0
    230 113 115 67 146 144 241 211 0 213 23 113 0 255 0 141 50 79 255 43
    172 10 141 0 255 0 134 13 23 68 140 155 140 255 120 0 8 118 104 0
    195 49 176 0 154 7 255 111 15 0 251 173 188 255 209 152 0 93 162 209
    0 124 0 0 44 106 255 247 173 231 0 238 255 54 0 174 60 255 9 255 139
    160 195 184 33 41 255 0 24 219 130 199 187 35 0 255 144 255 69 0 209
    215 197 167 139 100 116 22 89 0 191 124 255 255 73 167 255 255 150
    198 255 224 137 138 255 250 0 169 254 172 74 255 0 255 145 146 4 240
    61 255 0 112 23 0 95 20 143 189 181 66 68 0 210 255 0 255 216 77 97
    0 207 110 190 255 255 56 0 58 80 107 55 0 0 214 80 115 62 0 5 119
    217 168 112 89 222 244 224 44 219 0 255 170 175 213 77 49 0 255 255
    0 179 198 0 181 50 65 255 0 101 159 0 71 194 160 255 147 204 41 93
    185 255 255 69 0 255 255 0 56 9 16 68 230 18 224 223 202 33 234 176
    171 255 248 243 160 128 123 174 18 188 255 255 76 157 0 255 81 199
    74 104 0 120 0 0 41 255 227 251 255 84 233 92 230 0 255 255 82 107 0
    31 253 58 41 129 255 0 0 17 255 156 255 18 126 0 138 255 255 75 255
    225 52 255 150 255 245 0 245 80 232 0 0 0 0 0 0 4 54 229 79 66 255 0
    84 255 80 68 255 126 255 78 48 0 56 76 185 87 79 126 165 15 78 122
    137 232 219 80 68 198 0 255 222 196 194 230 187 0 0 229 197 42 255
    22 255 0 122 255 197 10 200 195 33 246 16 163 222 208 41 134 255 38
    122 239 162 0 213 120 0 0 74 37 227 185 255 24 80 251 159 0 149 101
    136 0 17 59 0 158 170 255 255 6 222 33 0 64 167 139 192 70 58 106
    174 195 0 5 232 255 0 120 0 157 0 118 0 255 17 154 60 188 46 134 0
    255 160 21 184 180 231 16 210 36 238 206 111 161 255 255 207 190 54
    179 217 255 190 28 0 0 255 13 0 255 255 255 52 255 158 0 95 255 186
    98 235 83 46 1 201 206 0 63 227 0 0 8 0 6 243 178 255 248 221 177 31
    255 199 254 79 0 0 165 192 76 30 0 170 150 255 25 41 193 12 172 102
    137 155 0 207 0 255 36 191 209 134 29 0 0 230 7 255 208 255 141 0
    255 193 255 96 0 0 113 174 0 52 38 80 194 255 229 0 255 83 69 255
    255 0 0 0 255 209 139 0 255 141 241 255 36 220 255 71 69 155 84 61
    90 0 0 53 0 38 0 193 224 204 151 185 136 167 107 232 255 0 0 49 0
    255 13 107 251 255 255 255 17 0 246 0 52 0 0 255 151 193 255 84 255
    255 89 232 255 202 0 72 255 77 101 255 70 29 60 255 33 104 66 102 62
    162 189 192 255 0 185 255 168 255 170 210 245 11 224 247 151 0 255
    255 193 255 107 147 103 60 17 42 0 97 34 0 100 0 134 255 93 144 169
    162 0 33 81 255 0 84 57 110 255 123 255 210 247 86 144 0 255 0 94 59
    255 255 0 55 255 9 255 255 70 206 0 55 240 241 43 255 0 18 0 255 255
    138 142 0 2 198 255 75 255 135 32 170 0 221 0 76 255 34 159 255 29
    229 227 255 215 174 231 255 119 188 97 47 0 211 146 0 125 199 248 18
    0 55 184 147 0 0 247 104 92 13 114 70 0 12 105 185 200 255 252 0 0
    13 46 168 142 168 215 234 255 0 3 179 57 255 171 236 236 175 129 0 0
    0 40 70 244 168 231 203 77 210 201 255 45 0 255 30 106 165 129 85
    255 183 80 0 248 0 0 0 255 0 187 100 255 142 132 217 248 162 211 105
    188 214 34 0 200 84 218 255 110 5 172 176 164 255 189 255 132 179
    255 255 145 255 253 70 0 162 191 0 228 105 255 255 0 255 123 134 138
    140 125 255 255 55 125 209 171 255 70 252 226 148 155 4 196 0 128
    255 255 99 163 255 255 193 96 153 167 211 230 106 86 48 255 0 158
    235 255 0 18 255 255 255 181 0 131 0 56 105 46 133 94 149 255 215
    237 255 193 130 255 255 150 79 126 153 0 196 171 203 244 152 0 20
    232 170 0 17 115 99 204 0 4 255 52 255 183 154 122 73 0 0 0 51 79 0
    155 255 21 144 178 255 170 143 21 185 255 0 35 19 0 0 22 52 83 13 39
    255 255 255 255 115 0 79 0 92 186 0 0 69 101 0 255 34 0 0 255 255
    202 255 211 212 30 0 46 29 22 5 255 248 154 0 33 255 173 195 255 255
    9 0 0 108 148 18 194 172 255 78 0 45 0 172 0 13 211 59 192 99 169
    250 59 245 255 168 201 92 162 0 161 187 255 245 235 215 132 221 200
    124 69 139 201 255 122 0 0 0 232 0 217 0 146 0 0 250 0 237 54 190
    212 4 153 59 15 105 209 105 255 255 0 191 195 124 0 119 255 0 92 255
    255 0 0 24 255 0 34 244 8 92 3 29 88 226 146 189 70 255 0 150 58 0
    255 204 0 223 210 25 219 115 13 74 255 0 197 226 255 77 202 255 123
    196 0 132 0 39 0 255 255 131 138 136 252 0 0 137 255 255 0 190 255 0
    8 161 188 40 0 255 0 225 0 173 8 202 148 129 255 255 0 255 200 151
    242 205 212 0 0 147 0 90 255 179 117 0 71 0 255 142 255 82 157 169 0
    25 255 255 255 255 61 196 11 227 0 255 242 0 108 1 57 27 0 255 191
    80 255 184 139 94 26 0 218 54 159 0 193 0 61 150 0 133 0 211 137 0
    255 255 45 230 0 227 0 255 99 147 217 255 139 97 119 189 0 109 32
    182 0 255 90 202 252 0 141 0 147 0 101 255 93 153 0 161 33 124 255
    23 255 255 255 225 0 105 4 96 47 0 71 0 242 176 175 0 127 255 216
    145 255 151 255 213 0 100 248 0 207 83 104 51 166 203 130 0 251 48 0
    255 87 255 6 0 255 30 0 0 13 70 0 104 0 0 47 28 255 255 153 170 0 6
    255 255 255 244 255 255 0 0 86 255 0 38 255 255 255 173 255 0 71 45
    193 52 0 152 227 237 16 139 68 91 203 10 80 255 0 255 93 52 174 160
    70 37 255 212 0 255 72 119 44 0 144 133 255 0 166 98 0 0 8 175 15
    255 88 95 97 92 40 201 151 0 0 0 0 0 255 227 255 255 62 168 55 255
    161 68 255 158 255 77 148 0 133 255 0 255 255 48 140 0 0 111 0 253
    54 117 57 114 21 250 105 255 24 77 0 59 0 43 237 19 255 174 255 255
    206 83 177 46 0 41 102 0 0 126 255 58 184 77 75 244 112 210 255 3
    123 0 135 172 108 76 0 144 36 23 170 0 203 211 161 255 98 0 127 0 0
    0 111 217 210 31 255 160 71 24 222 123 0 120 106 0 110 6 255 237 0
    183 196 177 165 213 0 0 255 45 21 198 226 26 187 0 10 56 19 197 255
    73 212 168 243 13 226 124 81 255 208 0 60 178 11 255 102 68 83 115
    91 255 236 151 245 143 188 165 111 0 255 0 76 156 255 62 163 0 29 0
    255 243 91 255 0 140 64 255 0 230 149 151 217 255 10 32 15 0 109 89
    163 255 0 255 37 94 0 101 90 3 227 103 255 46 0 0 255 44 0 255 0 123
    255 175 161 18 255 0 135 255 0 255 52 187 255 0 0 169 224 249 0 144
    38 69 255 67 255 117 35 49 197 93 153 151 255 231 137 175 255 28 232
    123 255 120 248 255 190 197 12 255 0 218 255 90 208 189 211 68 0 61
    0 21 137 52 255 171 124 255 0 60 214 125 254 52 247 110 72 164 73 0
    255 173 0 255 138 198 112 0 93 208 110 183 255 0 0 153 174 230 0 0 0
    226 11 0 11 34 255 201 137 0 121 0 8 255 227 222 161 126 250 0 255
    143 247 5 154 0 0 15 255 251 1 34 255 0 255 0 0 63 32 172 54 0 255 0
    0 0 254 0 144 252 226 93 58 0 213 233 135 92 255 103 0 186 255 54
    119 0 208 0 95 161 5 216 0 255 0 15 88 0 165 255 36 252 86 89 255 0
    168 255 0 122 224 173 222 59 255 0 255 61 244 178 255 130 255 130
    176 176 255 247 138 255 94 224 255 208 177 0 100 51 159 18 0 255 0
    11 255 255 201 0 0 0 9 0 37 253 193 255 225 100 185 255 0 154 0 50
    255 193 255 64 255 117 94 79 29 151 255 192 0 8 0 235 186 253 158 0
    9 218 75 74 0 147 255 125 0 126 224 255 255 79 255 129 29 164 255 37
    255 0 28 187 113 159 242 19 0 224 0 0 180 0 36 173 76 155 23 22 223
    255 174 98 255 201 31 94 0 176 133 0 157 0 255 176 48 243 19 0 255
    35 0 0 0 160 255 7 255 106 177 193 255 139 104 99 197 132 190 207
    253 255 129 255 94 0 0 32 47 0 255 255 101 210 90 55 0 187 141 255
    185 0 142 19 0 77 109 255 143 6 255 0 249 206 55 171 162 255 123 51
    62 255 236 0 80 111 79 159 0 255 241 74 23 129 0 2 0 175 121 255 255
    206 89 28 0 255 0 140 255 0 137 197 218 255 100 204 244 106 0 103
    255 9 68 91 255 53 1 0 205 255 0 135 69 197 14 0 214 5 147 26 255 0
    0 134 150 0 33 0 106 38 0 174 0 125 0 0 46 37 0 65 44 192 139 93 0
    175 108 0 255 255 99 0 79 239 0 201 54 0 163 0 0 0 0 0 7 178 0 0 78
    139 147 119 155 124 88 4 107 40 145 42 135 81 66 0 244 0 255 255 118
    255 255 255 0 200 64 128 212 255 177 234 62 226 120 60 0 177 190 226
    255 157 121 255 123 255 123 103 199 50 73 0 213 0 9 41 108 238 0 0
    30 255 177 0 216 249 16 204 73 91 255 0 255 0 244 162 0 0 0 0 205 99
    0 0 195 0 43 189 255 97 174 39 83 200 113 17 0 255 255 255 119 0 234
    209 0 112 92 74 140 228 49 151 157 0 255 0 44 255 204 181 130 27 29
    179 140 144 255 255 16 238 209 255 167 255 91 0 67 0 0 255 143 115
    19 255 241 22 255 0 0 134 146 13 123 255 191 200 233 0 16 71 70 125
    56 158 210 185 133 0 149 79 104 123 0 224 0 255 141 0 101 0 255 119
    85 255 0 46 124 63 206 25 165 129 41 165 204 163 92 0 108 212 128
    144 32 0 229 158 0 115 10 0 104 255 0 0 0 193 139 149 0 0 131 255
    255 102 195 0 102 80 155 214 188 0 0 71 54 102 31 200 230 251 117 25
    168 140 168 0 122 147 255 0 0 137 168 0 0 8 255 218 0 179 139 147 0
    255 193 219 153 113 255 0 7 179 253 105 158 255 91 120 255 166 59 0
    0 95 179 0 0 31 0 255 106 70 116 255 0 255 172 133 22 70 153 0 27 27
    53 243 162 255 255 0 84 255 106 142 51 255 219 222 250 71 0 153 136
    103 0 251 249 0 0 255 221 0 10 106 88 167 188 237 27 198 195 174 102
    0 0 0 174 0 140 39 84 0 50 128 215 66 154 0 29 243 51 0 55 0 0 129
    107 13 188 214 0 73 111 5 68 122 127 198 33 0 178 115 141 200 228
    255 249 177 189 255 73 0 0 136 110 7 124 255 99 255 228 31 158 127 0
    210 0 185 116 22 95 0 255 255 46 177 163 230 251 78 168 160 26 90 81
    255 255 184 127 74 0 147 255 210 240 0 180 112 0 0 19 0 255 255 35
    213 130 213 138 0 255 23 153 252 123 76 0 193 0 149 0 65 216 0 214
    74 0 151 37 219 116 0 212 249 255 255 250 196 4 195 255 255 255 245
    0 255 148 164 42 255 96 194 255 192 136 170 0 34 230 100 255 124 201
    225 0 0 0 254 0 105 0 0 255 245 10 221 0 238 0 116 0 39 120 255 44
    255 255 0 217 255 255 187 80 0 42 118 0 207 0 255 206 44 16 215 33 0
    255 138 113 157 255 75 43 81 10 0 204 255 0 226 0 0 188 228 255 0
    255 80 125 255 255 194 52 100 70 180 86 255 255 207 186 21 192 0 181
    255 212 255 255 163 7 163 0 255 188 70 193 101 7 167 129 225 69 0
    215 0 179 255 60 192 201 148 190 132 220 0 143 0 0 0 194 76 63 255
    255 255 44 233 0 0 207 250 234 216 0 0 54 17 173 255 255 0 54 169
    169 255 50 255 165 136 72 112 25 215 239 255 138 228 136 255 18 0
    255 71 0 194 255 241 15 209 196 68 149 236 0 18 234 237 1 151 255
    165 78 18 255 22 226 44 159 0 0 143 10 62 194 0 0 132 9 38 168 0 0 0
    255 39 99 83 94 255 233 194 125 0 238 222 217 0 155 192 145 0 209 0
    232 255 0 255 255 200 48 253 255 8 0 72 255 214 0 199 255 0 255 255
    87 87 223 120 25 226 149 255 131 255 255 255 228 221 0 44 110 177
    137 77 255 70 255 230 255 84 86 0 132 222 60 0 255 94 211 174 255
    230 98 40 225 177 0 129 255 120 0 59 255 255 177 159 47 255 131 0
    255 64 231 26 197 1 0 114 98 2 80 29 239 255 225 255 23 43 230 91 72
    239 255 165 232 255 0 80 61 245 255 255 255 179 247 209 0 38 255 0
    255 238 67 255 134 73 128 83 117 222 224 0 128 255 33 92 135 102 0
    90 253 50 0 29 34 232 189 117 255 248 84 179 79 9 152 190 0 150 10
    255 0 42 255 0 255 52 252 125 255 0 101 34 0 172 189 232 185 197 212
    9 0 8 80 0 0 255 0 0 30 21 124 255 255 195 93 0 255 0 112 55 0 0 69
    152 0 169 0 151 242 103 0 174 198 180 112 255 255 255 19 105 159 193
    75 138 255 190 109 255 255 153 0 201 15 0 157 115 255 115 209 0 239
    114 159 255 0 35 83 186 165 157 71 123 88 6 255 197 116 0 255 158
    235 0 255 255 126 7 105 0 33 0 0 0 255 255 0 0 255 137 0 33 71 94 75
    218 0 255 231 25 207 255 122 0 0 211 169 37 0 61 70 0 255 75 255 0
    32 255 181 78 35 35 173 0 255 251 0 172 143 159 245 202 0 29 124 99
    148 205 122 255 255 184 0 131 64 42 186 0 0 255 0 255 136 118 255 0
    0 207 0 0 2 21 255 12 137 234 210 255 74 115 11 32 66 152 179 117 95
    204 255 121 169 73 255 255 193 0 51 6 169 0 255 31 200 255 41 0 255
    189 106 0 186 9 46 137 0 138 78 66 235 255 176 255 206 166 232 255
    14 255 75 222 221 60 0 41 95 255 243 113 0 121 40 0 0 255 96 0 0 0
    255 209 23 55 0 247 215 197 84 11 0 255 255 92 196 255 25 111 255
    108 102 0 255 255 199 47 0 255 255 0 196 226 213 0 80 255 116 137
    224 149 19 145 11 0 0 255 86 6 223 17 11 129 0 67 72 90 87 0 218 0
    234 0 67 255 112 0 1 192 77 255 255 0 255 0 53 177 50 210 28 38 43
    54 0 0 255 76 179 103 142 219 187 255 0 171 161 18 238 255 231 231
    92 121 74 255 255 192 149 125 0 255 0 0 61 255 0 221 92 255 4 0 255
    7 183 93 64 229 135 52 212 255 255 187 143 0 109 30 255 130 201 162
    191 68 79 43 173 84 255 97 186 146 218 255 255 71 163 150 0 143 83
    103 0 233 255 255 0 228 79 0 171 84 122 0 28 160 217 62 96 0 34 129
    0 181 197 24 122 0 255 255 0 255 45 156 28 129 76 243 42 2 7 134 229
    6 255 205 204 183 0 255 255 0 255 255 110 227 0 67 255 46 255 37 255
    14 181 147 190 2 87 200 145 255 147 0 255 148 255 0 0 235 17 236 85
    0 99 0 139 125 136 255 208 71 255 0 159 255 255 146 0 70 204 230 0
    80 108 97 129 0 255 18 0 0 137 159 255 176 255 0 95 42 37 0 255 53
    255 53 127 160 85 255 46 77 114 0 69 11 255 255 113 54 255 231 0 136
    155 255 0 118 195 0 69 190 255 185 36 218 215 255 53 138 99 255 255
    255 124 155 110 0 0 74 0 238 255 189 161 255 63 255 189 0 255 0 0
    111 0 110 35 255 48 213 60 93 190 255 25 233 255 131 31 28 0 191 79
    204 180 255 47 49 206 0 255 225 0 255 255 159 0 201 158 120 0 202 34
    255 230 9 158 230 255 110 192 255 116 251 194 12 255 0 93 32 0 224
    176 119 119 0 127 255 0 155 109 0 255 255 95 26 184 15 56 255 20 218
    13 0 67 53 51 255 83 221 255 0 109 34 19 255 6 0 255 226 0 221 79 17
    255 237 82 24 31 26 225 250 0 106 0 255 255 255 232 115 255 216 255
    175 109 233 138 191 0 145 187 79 0 0 255 255 156 0 233 1 114 34 255
    8 0 58 0 0 0 28 255 188 255 77 0 0 143 0 0 0 139 0 31 95 255 239 114
    255 255 199 255 195 0 0 205 62 227 255 0 178 99 0 242 0 255 0 0 104
    166 173 123 251 162 95 0 255 255 251 159 0 238 88 0 255 39 161 80
    239 0 0 33 250 170 137 109 255 134 255 0 96 95 8 111 255 142 117 194
    255 42 255 0 0 127 69 232 44 14 255 150 222 49 0 65 178 138 147 255
    255 122 0 239 0 133 198 0 130 72 22 210 150 0 199 133 255 0 16 47
    160 0 62 75 226 86 255 0 212 33 1 109 28 15 0 255 0 88 201 255 41 9
    255 255 255 255 255 4 242 14 141 0 0 0 228 113 168 23 153 45 255 201
    5 23 56 77 255 139 87 255 0 143 140 255 216 52 172 233 31 0 226 77 0
    0 255 92 59 83 119 33 121 255 0 102 47 5 255 123 127 138 107 161 0
    220 123 0 204 255 92 53 0 0 91 255 84 215 0 198 140 28 255 18 255 64
    87 255 15 103 0 138 214 89 21 255 115 86 255 201 255 139 60 61 128
    212 165 231 255 233 65 71 132 108 179 8 250 136 255 87 0 166 219 253
    81 255 74 242 149 46 255 255 156 211 255 255 165 128 248 238 255 199
    9 248 164 40 255 0 35 247 21 240 165 0 221 247 23 25 56 0 0 58 38 0
    133 0 156 33 233 41 85 125 116 160 13 14 0 0 242 109 0 85 174 184 15
    160 98 98 130 38 237 124 255 148 230 223 76 0 188 140 97 255 67 190
    0 6 108 161 80 199 82 194 0 180 126 181 156 233 0 0 255 2 0 199 29
    238 112 255 0 164 255 255 0 238 191 34 173 255 74 89 216 46 255 26
    43 230 68 255 102 0 19 255 65 0 153 125 163 0 89 122 0 0 231 0 0 0
    166 71 0 200 19 0 255 25 89 255 191 255 107 198 255 118 26 21 84 104
    17 255 31 0 0 24 7 0 17 118 0 211 227 57 255 197 255 94 107 255 12
    243 255 160 182 231 32 214 9 234 109 255 255 0 210 200 106 134 255
    151 97 255 220 85 255 226 189 229 33 255 38 132 171 255 150 0 112 0
    0 255 240 255 0 255 41 236 153 146 166 75 255 82 85 255 89 235 239
    74 29 62 88 169 247 151 212 0 0 255 72 138 141 19 0 37 255 0 88 255
    112 0 0 217 216 44 43 0 255 0 231 185 0 125 0 228 32 45 217 0 178
    147 116 33 230 136 108 255 255 0 255 255 255 255 88 255 255 0 107 0
    248 255 46 13 0 0 255 255 0 255 255 243 255 5 218 207 72 131 82 13 0
    255 0 237 225 151 211 99 245 34 255 202 204 255 141 103 16 255 101
    148 215 107 255 0 255 255 255 255 0 145 140 235 87 56 188 0 63 255 0
    0 31 206 87 68 165 0 205 255 0 86 255 0 226 168 0 139 163 92 242 210
    255 57 0 102 164 0 0 19 117 156 255 109 0 164 240 10 0 179 255 161
    46 255 208 22 5 183 230 6 238 64 133 252 255 41 22 76 0 255 151 69
    95 255 205 14 49 238 148 255 255 255 11 99 0 181 189 0 114 170 201
    255 54 255 0 244 109 243 194 85 0 162 0 255 240 0 255 255 142 255 0
    232 65 255 255 139 0 167 254 111 0 255 25 108 0 135 234 21 226 255
    249 137 0 169 29 200 0 178 255 71 204 255 201 0 217 155 222 112 93
    244 18 196 59 255 196 76 58 255 255 92 255 130 255 0 187 86 167 43
    54 0 0 27 0 0 137 28 238 18 55 255 179 255 0 0 108 152 0 255 0 228
    255 65 229 0 255 255 129 0 210 8 0 240 255 255 99 192 0 255 59 36 74
    44 179 0 185 0 209 0 255 105 8 250 0 255 114 255 10 0 184 192 181 5
    255 0 16 13 255 43 255 255 0 77 107 204 65 38 0 176 182 206 14 168 0
    66 0 182 200 255 125 151 255 255 124 249 171 208 79 255 0 96 205 0
    156 255 255 91 227 110 173 103 90 106 101 127 255 89 29 128 132 39
    166 255 215 216 84 227 116 255 179 111 228 88 27 255 125 169 0 88
    255 36 255 255 172 91 0 4 159 0 74 40 0 0 242 222 0 0 141 117 47 255
    41 129 163 172 79 26 139 255 49 196 77 19 157 195 0 74 100 255 151
    225 132 88 226 106 0 255 98 253 231 226 108 173 103 255 91 194 66
    255 0 0 210 91 14 10 89 255 80 178 81 232 18 28 127 255 139 97 96
    126 255 255 255 88 255 0 255 67 0 248 55 53 242 192 255 145 255 71
    222 255 126 0 216 40 54 227 0 19 189 238 247 196 255 0 247 126 8 114
    188 255 49 90 73 50 255 0 129 255 255 255 0 164 255 240 0 0 210 118
    0 243 161 174 174 255 255 0 0 0 0 193 255 86 121 233 255 255 21 127
    176 255 174 0 255 0 38 255 91 255 76 69 51 255 0 130 75 255 74 180
    101 235 235 0 255 225 255 188 44 15 120 255 6 0 0 42 239 200 204 28
    201 189 64 86 104 255 0 238 255 211 198 255 186 38 99 12 192 255 255
    151 181 0 208 0 255 57 0 255 255 0 92 235 119 255 106 110 138 0 132
    49 29 0 48 0 99 196 255 22 22 31 52 78 71 0 255 0 0 0 165 240 0 30
    255 93 133 92 78 255 0 98 0 13 0 14 226 190 215 110 10 55 255 28 255
    206 174 255 250 255 10 7 211 0 0 239 0 220 255 2 255 0 42 164 228
    246 205 187 46 0 255 48 37 252 255 215 0 255 31 178 94 255 0 119 195
    76 108 255 243 32 113 105 255 0 0 0 0 154 61 159 0 34 120 255 255 0
    199 156 227 250 250 229 0 208 246 0 243 188 206 49 255 255 44 0 255
    255 0 178 0 0 117 88 255 63 214 255 200 255 245 166 255 255 0 212 55
    0 243 241 255 243 0 255 149 255 206 2 255 99 118 138 0 255 116 209
    255 254 163 166 255 53 0 32 149 134 255 255 224 144 168 0 65 62 177
    149 82 188 0 255 82 69 108 0 12 246 247 14 255 39 255 0 139 154 96 0
    0 229 255 246 155 0 255 0 255 228 157 45 0 255 110 0 216 98 10 198
    125 126 30 0 142 185 201 219 0 55 254 0 255 36 28 157 77 53 151 160
    255 71 74 99 79 0 139 0 63 140 48 255 74 167 202 179 251 184 14 93
    216 255 174 141 255 255 0 85 212 73 161 159 94 0 0 0 63 148 213 0 0
    236 0 61 0 171 186 0 84 255 182 0 255 38 191 0 255 0 148 95 91 177
    11 0 3 0 67 0 108 0 53 32 0 111 68 73 255 211 220 143 23 243 0 0 0
    255 50 4 221 189 0 255 179 110 255 0 191 94 155 55 174 138 78 112 64
    132 255 253 103 254 197 228 68 236 66 0 186 171 255 255 255 192 0
    138 144 150 101 118 85 214 72 47 206 255 198 255 2 190 255 155 255
    255 132 111 255 199 0 42 255 162 0 255 175 59 0 14 2 111 239 255 196
    224 46 0 136 2 254 213 0 255 213 202 172 252 255 199 166 32 0 239 29
    76 94 255 255 0 245 3 255 0 153 55 255 84 250 0 203 0 25 220 210 176
    219 204 0 189 87 255 255 131 17 63 165 255 58 255 235 0 255 0 0 182
    255 0 170 253 255 0 131 130 119 0 79 157 24 42 159 146 0 58 35 0 134
    0 253 98 112 45 0 0 208 106 93 168 44 255 0 143 93 109 255 255 255
    255 202 255 106 0 0 250 195 87 105 133 0 125 17 82 112 157 218 97
    146 162 97 255 108 0 237 169 130 100 255 0 154 216 75 143 151 160
    255 0 142 0 6 255 43 255 255 23 138 6 222 152 153 0 241 255 86 255
    255 248 234 163 0 255 255 0 0 0 255 255 93 255 54 128 187 221 255
    212 1 88 255 255 155 255 255 77 235 227 144 192 255 255 0 163 93 0
    93 253 255 255 29 168 199 242 221 134 25 212 206 95 81 0 0 55 38 96
    211 0 16 0 241 3 11 168 0 53 255 185 0 255 254 154 19 0 118 247 0 9
    133 9 0 223 255 98 255 211 0 0 255 255 159 255 203 191 255 255 255 0
    255 64 228 131 14 226 50 62 37 61 102 255 255 135 175 53 251 138 244
    255 155 216 255 245 224 121 54 56 0 242 0 10 185 255 92 36 0 255 33
    13 49 165 255 122 0 255 255 50 109 239 255 0 0 112 58 0 28 0 255 19
    139 61 169 0 140 243 255 227 50 142 192 255 255 0 0 255 217 15 0 51
    219 157 181 255 255 30 169 239 146 245 255 243 53 201 80 108 41 211
    190 213 255 50 91 99 0 159 0 111 0 229 255 255 255 132 248 238 86
    158 0 188 139 0 98 57 191 0 192 255 194 255 0 128 255 219 97 184 111
    216 83 0 1 0 171 101 0 255 210 255 255 58 0 72 80 118 72 188 224 174
    195 0 34 148 255 0 146 255 107 255 86 94 41 241 96 20 255 121 12 0
    255 255 238 255 241 243 177 197 80 255 255 130 245 201 255 248 238
    148 230 255 255 255 168 124 0 255 0 255 149 203 148 28 100 207 30 1
    174 100 62 0 202 0 248 23 0 0 96 144 241 217 133 0 0 255 181 0 59
    131 255 59 43 255 52 197 209 39 68 0 0 232 94 255 41 62 255 141 45
    238 213 0 0 39 181 0 129 238 0 153 45 255 81 255 0 255 237 146 43 10
    250 246 37 211 255 0 179 104 213 0 7 107 0 255 169 18 87 180 2 255
    247 0 238 73 0 247 218 204 255 248 255 0 129 137 12 245 9 0 246 145
    0 109 124 0 0 147 144 0 109 0 0 131 9 167 255 255 75 255 255 225 39
    190 255 0 145 49 199 0 112 134 243 52 0 53 38 62 133 58 202 0 129 0
    0 73 170 147 76 221 255 255 18 0 43 0 161 86 255 66 0 255 62 46 255
    0 0 49 0 92 82 36 0 255 207 236 255 113 0 68 31 82 46 231 40 3 108
    255 255 9 129 167 255 95 0 0 39 255 0 255 255 0 255 118 255 0 0 99
    64 12 255 173 218 255 12 28 0 66 26 0 10 255 224 0 200 33 0 51 26 0
    234 255 105 255 32 255 192 59 50 88 150 128 139 255 19 0 239 162 255
    255 0 234 0 41 0 212 155 0 122 130 59 0 120 92 0 0 136 255 0 255 255
    84 255 91 0 0 0 217 255 199 0 255 225 255 255 238 195 255 0 0 111 0
    0 130 16 179 177 210 176 0 50 0 0 255 14 206 226 255 91 0 145 152
    107 156 0 152 193 23 26 177 2 185 255 82 138 0 0 228 79 255 0 255 81
    0 54 208 149 255 255 109 252 111 98 0 156 255 0 107 0 0 0 0 210 227
    0 205 62 164 243 149 255 22 255 255 3 255 67 0 0 255 208 73 255 255
    135 0 73 122 231 116 72 15 253 183 32 81 255 202 0 245 171 0 38 9
    249 251 139 140 0 246 56 11 106 2 0 168 255 255 180 172 8 0 125 235
    135 147 0 62 0 100 182 167 117 255 255 171 186 255 255 108 99 0 0
    255 77 53 94 11 62 0 166 0 0 255 255 0 0 0 94 11 179 144 0 50 170
    255 255 255 212 255 255 255 13 255 165 89 0 0 99 220 0 255 117 110
    179 115 170 0 255 255 188 11 255 48 215 255 96 145 4 255 0 22 179
    170 207 194 38 0 34 70 72 255 50 255 248 0 95 86 147 8 255 0 61 3
    244 171 25 194 0 0 251 158 153 224 223 66 169 255 2 0 216 255 154 0
    186 161 0 67 255 0 169 120 14 255 0 37 223 255 123 0 82 255 255 0 49
    8 255 0 0 50 233 95 167 149 7 255 96 207 205 243 255 0 255 255 255
    90 129 24 255 77 84 57 255 143 254 0 185 30 71 0 231 17 255 0 199
    175 231 162 0 255 203 255 242 148 172 0 187 237 35 198 206 194 255
    77 255 255 255 40 49 146 71 255 255 255 255 0 184 0 48 255 42 222
    120 44 12 144 134 127 146 225 0 238 10 142 44 0 255 170 255 246 9 15
    0 143 184 97 99 255 201 255 245 255 240 255 49 255 150 48 255 80 105
    231 255 195 255 255 255 215 27 135 255 0 148 0 124 170 136 0 218 71
    172 255 255 255 0 0 173 211 255 9 255 255 50 47 179 0 117 84 132 134
    120 14 0 97 255 76 149 61 166 188 255 85 95 255 0 0 0 228 114 0 203
    157 161 39 0 0 0 0 0 255 141 0 215 0 251 200 139 201 55 86 201 0 249
    0 33 0 116 0 0 22 255 16 51 255 138 135 255 179 141 0 255 37 185 102
    37 115 255 0 0 255 255 203 29 255 0 0 0 213 172 17 89 255 36 216 255
    255 53 51 255 255 0 31 217 122 245 0 32 172 131 55 255 0 244 125 47
    0 181 255 24 77 255 0 204 255 0 93 0 186 36 193 119 0 226 255 31 26
    5 0 245 113 172 63 0 0 107 200 4 199 162 0 255 187 255 161 209 255
    168 255 226 31 255 147 53 213 255 0 239 27 90 32 255 255 220 44 125
    128 0 35 0 44 209 0 22 255 176 19 255 255 146 56 148 43 62 167 23 44
    38 54 248 151 57 0 80 148 239 82 206 141 102 0 185 44 86 150 255 188
    0 255 12 128 242 164 31 238 154 232 255 207 139 132 255 255 255 255
    255 22 20 121 29 0 0 121 0 205 255 0 145 0 0 44 255 224 134 47 107
    29 39 59 255 0 0 81 255 179 41 255 255 114 255 255 125 0 0 0 43 165
    237 133 255 211 247 255 0 81 0 192 123 223 250 48 121 0 210 0 250
    190 149 75 69 255 255 185 0 248 91 93 172 0 255 255 224 125 174 0
    255 255 185 234 29 225 213 84 76 95 155 0 132 204 0 255 124 255 244
    180 0 244 0 0 54 12 255 0 183 227 0 17 173 198 234 213 106 206 27
    209 95 168 0 127 0 0 255 0 31 0 222 98 0 255 139 0 172 130 138 0 212
    192 255 59 0 177 230 212 128 132 124 93 182 9 21 0 0 160 204 0 0 0
    239 0 81 218 5 29 255 223 99 98 60 83 221 48 72 30 58 235 107 255 59
    0 46 31 114 117 172 34 0 49 3 235 255 255 141 56 212 255 255 57 255
    0 159 0 255 181 54 231 134 255 188 255 48 113 0 154 119 0 108 237
    135 136 255 177 0 239 246 49 11 125 222 222 255 255 255 116 15 73
    209 0 0 0 156 144 53 255 19 185 0 109 117 255 239 255 47 252 145 255
    166 154 255 171 0 255 255 243 0 182 0 255 242 93 151 17 255 255 120
    215 236 74 255 4 215 219 138 255 202 29 0 51 213 0 217 255 0 255 251
    195 39 129 255 220 3 107 198 24 93 5 153 98 242 28 56 0 145 154 219
    201 0 87 231 77 193 226 0 182 250 0 255 192 0 255 18 255 193 255 255
    0 171 216 255 183 0 216 246 205 113 21 214 31 255 185 54 145 144 154
    145 163 0 199 67 255 35 0 154 95 0 0 84 0 174 34 241 163 255 113 0
    121 226 59 255 0 220 39 0 96 37 74 141 92 50 199 223 143 157 255 83
    255 49 251 255 0 255 183 0 76 74 250 55 101 255 54 0 255 77 161 167
    255 255 218 207 0 255 44 114 255 169 208 0 222 136 231 234 255 255 0
    145 158 231 68 255 62 56 252 185 255 0 53 0 215 0 84 87 197 0 4 181
    231 0 192 139 83 255 206 45 37 0 66 13 120 0 0 240 34 36 255 0 147
    237 15 0 238 0 33 0 0 236 130 0 180 39 202 0 235 151 197 206 175 11
    0 255 205 255 84 95 0 174 1 13 255 0 0 255 208 0 255 241 69 58 0 137
    0 255 147 255 68 0 161 86 33 239 178 130 120 109 253 0 0 240 0 96 0
    255 0 0 255 88 131 0 0 176 212 255 255 55 203 0 182 240 49 59 59 0
    36 213 232 255 177 166 69 156 184 76 0 96 255 0 81 219 0 255 0 0 74
    228 0 0 0 125 115 234 113 0 0 59 120 56 0 13 216 255 223 255 130 111
    11 116 62 16 66 255 255 85 255 176 255 255 155 243 0 206 255 91 52
    140 0 0 115 172 255 42 35 26 24 204 136 117 131 0 255 147 0 211 17
    202 113 55 250 65 117 255 45 255 242 255 221 126 19 7 255 246 82 0
    135 81 59 255 0 162 0 203 113 81 11 0 0 0 197 84 8 0 255 46 50 173
    255 255 202 190 74 102 62 255 129 0 255 238 255 0 255 13 33 243 255
    78 46 22 189 206 247 255 194 0 201 255 131 255 25 96 0 3 0 73 225 43
    223 34 238 33 161 0 153 67 97 255 124 185 212 106 153 255 58 255 255
    235 81 92 250 111 72 178 0 0 2 204 0 145 53 98 152 97 135 0 86 255
    37 45 127 0 255 157 13 71 0 255 5 255 129 149 0 23 143 255 0 0 178 0
    117 255 255 1 243 255 0 255 0 174 141 59 182 0 165 175 0 129 33 200
    93 200 0 9 255 199 235 9 195 0 251 245 73 104 0 255 0 255 255 142 0
    0 147 225 0 0 246 255 167 0 97 0 232 255 255 139 31 71 243 86 56 0 0
    120 227 0 142 228 237 255 93 255 0 208 0 49 156 255 6 230 0 233 16 0
    72 106 182 14 0 182 113 255 255 5 190 77 96 38 255 39 16 235 172 204
    0 128 178 231 18 76 16 255 113 240 178 111 255 255 168 107 176 6 28
    255 33 213 255 246 229 11 109 151 194 206 3 255 96 143 0 224 26 0 82
    255 57 219 0 64 0 0 197 129 0 114 255 122 179 255 255 51 91 255 119
    255 0 75 225 48 65 116 175 52 255 129 255 162 217 119 0 0 0 0 0 177
    170 144 255 119 0 10 109 177 0 0 17 0 0 0 105 121 255 72 223 0 255
    47 109 234 255 190 100 255 155 26 218 96 243 220 124 40 0 161 41 0
    199 255 255 0 255 0 68 212 195 0 190 165 0 255 111 190 135 229 221
    54 255 255 70 110 53 96 213 255 164 252 255 142 106 223 221 4 0 148
    0 42 185 59 255 0 0 49 0 255 81 210 40 0 255 235 167 206 137 139 223
    209 125 0 140 109 95 255 215 200 168 255 93 84 153 0 186 33 172 152
    43 77 36 0 255 212 10 85 197 134 0 255 113 176 135 255 237 250 228
    205 162 144 0 255 29 224 255 255 59 255 203 6 230 148 147 140 191
    188 255 255 229 214 140 13 219 0 211 0 64 119 0 33 0 255 176 135 96
    255 255 173 0 255 165 255 172 231 255 61 204 49 255 206 0 105 124 22
    35 12 219 19 0 0 0 122 255 0 175 0 255 46 255 93 114 255 11 126 86 0
    0 0 140 237 0 255 63 62 190 53 141 190 0 0 56 255 0 255 0 155 255
    229 255 255 255 178 91 0 192 92 125 130 221 47 45 0 39 255 0 108 179
    237 179 0 255 255 255 79 25 229 120 195 0 101 90 92 106 0 0 255 8
    124 56 110 202 156 215 176 255 0 161 230 66 255 40 117 183 229 146
    10 0 0 64 5 0 0 0 137 128 255 255 195 255 0 86 254 181 255 0 172 0
    255 39 0 249 202 0 218 197 193 176 218 232 107 0 101 255 11 213 88
    158 255 179 202 185 0 232 255 255 0 143 0 85 28 255 246 101 211 255
    255 0 0 130 255 250 255 0 176 0 212 255 0 51 50 0 241 159 29 0 255
    255 140 101 19 206 255 57 111 0 66 255 43 223 0 162 255 187 147 233
    255 177 0 47 154 52 226 220 255 157 215 150 77 255 0 163 255 40 189
    186 0 255 0 87 0 197 231 146 0 0 179 255 255 85 255 234 0 81 0 224
    132 0 196 26 27 0 222 3 218 0 63 67 99 0 255 255 162 255 84 35 81
    247 247 101 84 235 255 255 255 35 215 255 176 0 0 152 255 255 0 0
    255 153 0 255 0 130 69 78 255 205 171 26 30 255 180 31 0 34 255 44
    80 255 255 125 255 255 119 255 0 255 57 109 248 70 182 255 75 255
    133 244 45 0 0 0 100 151 176 255 255 255 67 118 153 255 43 95 255 90
    139 166 163 15 6 0 105 175 3 255 214 34 158 0 231 255 255 0 56 16
    255 158 0 152 163 84 18 155 167 44 0 0 255 138 255 0 0 253 74 54 103
    92 39 224 125 0 183 157 226 250 50 0 102 163 206 188 255 74 0 146
    255 130 47 240 127 255 48 68 148 242 191 0 249 255 121 255 216 248
    251 230 6 218 57 0 0 0 255 77 255 0 255 210 120 255 255 210 0 255 54
    97 204 193 0 207 255 171 255 18 81 87 87 143 102 34 18 255 120 4 83
    255 255 26 0 96 22 14 78 255 255 0 24 255 255 255 255 255 0 255 255
    101 116 255 209 103 71 255 0 255 224 218 255 0 255 78 255 232 4 105
    255 71 166 61 225 255 142 231 191 255 124 162 48 235 141 0 220 201
    255 251 149 0 0 255 184 0 101 156 192 0 216 151 238 188 136 255 9 5
    0 27 143 212 254 232 20 0 193 234 255 16 0 255 175 255 221 237 1 0
    255 65 88 58 141 0 221 255 70 43 8 255 5 133 224 173 55 83 104 237 0
    70 219 129 156 0 138 0 160 255 0 95 129 21 161 130 125 153 137 177 0
    0 153 54 255 0 245 0 57 255 245 77 0 40 0 0 255 76 0 255 162 188 17
    255 255 221 255 97 0 255 114 146 141 229 188 0 177 106 255 69 255
    255 66 86 0 255 90 254 45 255 255 71 253 94 255 0 127 0 0 255 33 255
    142 97 136 130 49 233 95 228 150 117 255 203 61 217 4 0 29 16 68 2 0
    0 232 255 99 101 91 227 255 35 165 190 255 57 61 251 140 255 93 242
    0 167 83 0 176 255 0 123 255 0 244 202 12 94 219 57 31 79 255 255
    124 255 255 216 229 201 41 75 255 212 70 149 97 0 255 255 167 43 62
    0 255 0 255 210 5 0 250 172 255 203 125 0 120 255 145 27 181 0 0 56
    141 0 72 255 0 18 0 0 255 171 51 255 255 53 121 255 67 1 90 255 55
    189 255 2 56 255 255 48 63 0 124 54 219 255 0 255 69 106 235 79 245
    0 255 33 0 87 34 0 247 78 72 27 0 62 0 0 95 254 60 72 217 141 213
    185 215 85 149 255 80 14 126 211 14 255 59 0 68 1 0 76 211 0 94 255
    76 164 75 226 255 0 0 129 61 62 255 0 214 0 255 234 97 255 191 37 5
    255 154 20 104 0 186 133 89 0 35 0 255 224 255 255 255 255 192 181
    171 183 0 90 168 204 255 255 255 255 155 0 255 175 255 255 201 215
    255 0 0 255 0 214 44 0 182 174 255 92 0 243 0 140 0 255 201 48 36 0
    255 0 174 231 217 0 255 0 224 242 225 121 255 113 167 0 0 16 99 195
    255 140 255 241 95 0 231 131 5 137 122 159 77 255 255 59 37 148 96
    171 138 0 177 255 192 255 255 153 18 255 255 150 0 0 80 135 39 115
    216 24 124 100 180 226 0 223 255 88 255 0 0 39 216 0 255 0 0 150 129
    4 0 162 255 173 3 182 19 222 0 111 121 0 255 219 255 43 255 201 252
    255 28 181 0 0 0 0 154 76 0 0 97 50 255 177 247 228 255 218 178 237
    188 133 255 153 62 61 0 0 160 27 0 115 196 213 237 255 136 0 0 84 80
    222 171 206 0 47 48 0 210 101 255 154 0 159 188 148 255 21 59 7 245
    255 17 139 194 27 30 255 80 205 255 76 200 129 142 0 224 255 207 36
    0 55 111 230 77 52 255 0 205 116 27 64 0 255 226 172 0 34 1 255 255
    255 113 255 69 58 255 111 228 204 167 0 230 0 86 25 75 150 73 250
    237 0 1 36 137 0 255 166 34 141 19 0 230 255 203 0 255 128 27 224 25
    37 208 71 0 255 43 142 255 209 43 255 134 116 0 152 255 92 0 147 121
    0 255 139 0 255 34 250 18 255 255 244 175 33 145 255 255 223 99 92
    233 0 111 189 63 255 196 66 164 167 231 59 17 70 0 0 25 255 182 247
    255 197 207 37 209 214 204 0 150 71 239 255 0 0 104 52 124 12 128
    237 255 29 122 255 255 255 227 160 68 225 75 212 42 161 200 17 154
    165 0 255 0 211 255 36 195 35 33 255 0 255 78 0 255 253 243 255 206
    199 20 153 0 10 178 47 249 4 157 202 16 0 0 127 255 0 255 255 94 255
    255 182 155 97 26 5 210 203 16 0 52 168 115 0 60 173 0 0 0 51 191
    255 0 0 255 255 248 48 121 251 109 0 253 14 0 255 111 0 0 135 0 166
    255 78 105 6 19 230 31 0 0 0 255 0 0 255 255 255 0 95 126 112 178 0
    103 255 163 30 33 219 0 232 9 87 86 255 255 168 255 255 0 40 0 0 46
    98 0 79 129 109 35 238 242 139 93 255 242 0 143 193 148 74 255 0 0
    151 148 163 0 62 59 79 0 73 255 0 215 129 108 255 108 6 193 249 149
    0 68 74 39 170 0 219 255 0 194 203 255 0 0 91 0 255 160 0 129 235
    255 26 129 116 134 0 0 255 255 18 255 59 73 0 112 49 165 237 255 131
    0 74 244 171 128 46 255 252 255 223 109 255 109 0 255 137 193 82 255
    69 190 105 77 90 255 255 0 255 190 43 232 0 255 0 84 7 0 246 255 114
    124 94 255 0 0 64 40 54 119 0 0 214 255 10 11 0 0 117 0 169 255 7 36
    98 188 118 255 232 17 45 28 218 205 140 0 255 255 30 216 255 210 0
    137 123 159 222 0 145 0 153 0 49 71 0 199 255 178 0 252 0 8 175 188
    251 237 0 49 0 0 0 43 96 0 0 0 255 0 225 73 148 0 148 255 169 255
    217 255 204 207 163 0 133 193 255 211 0 152 255 136 35 236 58 0 234
    255 255 105 187 132 185 0 71 239 255 0 86 255 255 73 254 0 255 193
    255 255 240 143 133 140 18 255 0 0 110 30 130 0 118 88 255 0 180 246
    8 255 189 180 255 255 0 237 0 150 100 163 112 0 57 255 0 172 97 0
    170 83 5 132 104 0 33 54 188 0 1 136 162 0 254 171 60 110 201 0 212
    79 183 0 213 255 255 255 114 0 64 54 0 255 0 255 0 34 255 218 16 203
    209 0 0 0 216 0 0 76 233 0 255 255 204 0 107 0 255 0 239 255 0 46
    255 0 255 3 0 161 201 209 133 255 0 0 91 255 208 155 181 196 255 236
    75 106 15 188 0 98 223 19 24 141 0 230 0 0 210 247 255 53 255 0 216
    92 0 0 255 0 255 255 7 56 0 51 164 177 171 255 255 198 33 36 31 188
    223 21 255 248 244 43 67 188 251 88 0 29 255 189 58 158 16 114 241 0
    255 85 233 111 55 7 255 6 0 69 0 87 237 117 255 106 144 241 0 255
    154 214 0 115 0 182 0 255 145 203 181 218 34 0 255 193 18 255 97 69
    141 224 175 86 59 253 77 201 122 113 150 90 62 170 0 209 0 0 0 86
    107 116 251 204 111 255 129 51 82 255 219 0 88 255 255 125 255 49 21
    255 255 241 245 255 246 0 0 0 255 81 18 0 0 160 48 0 149 246 255 23
    165 0 0 155 90 83 7 255 238 255 76 0 72 245 164 214 0 3 31 35 255 87
    24 4 142 143 141 0 255 215 255 255 240 37 167 255 2 255 255 7 226 45
    0 255 96 64 71 86 0 249 199 0 104 255 255 255 62 146 253 0 39 0 235
    255 0 170 129 92 163 136 174 79 255 242 0 255 98 208 11 246 86 0 11
    255 2 0 160 26 0 255 243 94 213 40 54 149 0 73 0 196 0 255 0 113 0
    160 0 0 142 0 255 202 255 201 67 28 244 52 0 155 191 0 0 117 143 187
    0 63 131 0 0 0 255 112 0 91 0 66 0 0 42 17 248 30 2 255 150 0 255 5
    212 255 255 208 0 229 0 103 0 118 204 69 0 107 222 195 176 0 99 199
    51 215 149 135 54 0 255 246 0 255 255 88 27 255 255 255 255 119 255
    47 0 37 255 166 255 184 198 255 255 255 183 28 255 51 30 69 0 255
    107 59 255 180 0 69 18 0 156 73 241 0 134 232 145 0 113 0 0 255 230
    222 198 32 191 0 0 14 142 0 132 255 0 131 168 50 205 255 81 1 228
    161 206 161 231 212 128 193 0 13 255 255 0 173 0 151 197 144 38 93
    225 0 95 64 255 119 54 255 48 255 166 29 96 94 177 82 134 255 82 194
    53 170 0 0 156 161 134 0 255 255 0 49 255 154 199 155 162 170 206
    109 255 170 94 89 0 255 20 0 168 190 0 255 151 84 108 213 102 151 0
    182 101 203 245 249 133 255 13 73 0 89 255 0 136 255 90 102 135 29 0
    214 175 17 10 214 0 0 0 0 184 255 91 116 225 255 116 38 0 0 232 255
    0 0 255 106 95 105 169 157 155 32 255 255 238 255 167 218 90 0 255 0
    140 248 42 196 174 7 194 0 255 247 0 84 20 255 205 0 29 98 245 168
    255 105 36 64 0 211 200 125 175 46 255 121 198 255 248 255 94 62 217
    255 79 223 181 255 0 227 118 28 255 27 150 245 0 0 0 0 91 90 0 236
    255 0 9 176 22 140 0 210 175 255 108 105 85 73 0 5 255 0 157 174 92
    0 178 243 255 120 199 165 191 255 214 45 255 49 184 29 180 129 103
    245 255 254 9 255 112 169 24 255 0 74 75 0 71 23 82 159 51 130 255 0
    147 0 44 0 0 138 78 255 255 229 229 190 255 255 0 28 0 255 178 19
    250 15 0 115 0 255 190 28 150 145 255 255 98 185 116 128 114 86 199
    232 255 73 83 255 43 255 22 255 255 25 200 33 255 149 63 255 160 77
    0 68 248 152 130 0 0 255 0 255 146 111 0 255 85 174 132 230 255 255
    255 24 203 0 0 95 0 231 164 0 95 110 0 135 93 212 29 231 0 214 228
    101 185 3 17 255 255 134 47 0 238 255 255 161 145 255 246 0 189 160
    214 255 44 0 216 206 65 191 179 0 213 255 39 167 244 128 80 0 0 242
    120 72 88 242 255 255 0 249 55 197 127 255 22 124 23 0 29 253 0 0
    245 81 178 0 20 124 255 143 213 85 65 126 248 0 255 255 0 16 159 145
    5 237 75 23 206 210 0 79 58 189 196 226 189 50 202 85 200 180 143
    102 100 132 0 255 217 5 255 219 0 135 21 0 199 0 42 255 0 255 0 0
    255 255 200 39 182 0 0 186 255 38 0 221 255 70 125 153 167 0 162 30
    255 20 228 0 0 255 255 44 171 118 74 196 175 0 0 187 255 163 80 110
    142 169 39 0 216 249 199 153 255 111 88 255 255 0 255 255 0 106 0
    112 114 255 64 0 164 255 246 255 154 64 78 0 217 0 105 253 87 119
    255 139 83 255 176 0 0 122 165 138 0 255 255 208 215 198 0 255 91
    174 187 183 224 67 8 0 17 255 68 0 89 96 233 34 255 24 201 241 237
    243 255 114 0 164 242 242 212 197 246 255 200 0 255 155 158 184 210
    0 75 108 190 0 192 255 255 0 255 199 184 60 109 124 255 192 152 169
    255 53 193 233 104 0 42 41 60 255 148 137 69 0 223 223 255 184 239
    255 106 117 168 106 255 25 48 0 63 255 177 164 250 255 198 0 255 218
    169 112 166 212 2 0 48 169 0 24 94 0 200 255 255 0 255 49 6 18 79
    160 57 0 255 47 71 152 255 189 221 112 68 0 99 255 0 122 2 255 42 73
    190 103 74 0 203 255 252 254 249 255 118 57 255 255 225 255 255 187
    0 21 0 255 255 186 130 241 0 227 61 212 64 0 0 235 255 92 199 40 0
    255 123 94 5 91 239 1 0 255 119 94 23 0 255 255 240 67 227 255 200
    216 201 102 255 190 0 52 0 0 215 99 255 97 230 255 0 128 255 32 255
    21 215 139 0 116 125 210 0 213 204 117 142 163 228 23 142 0 86 255
    255 171 188 255 164 189 234 206 218 0 0 230 0 16 81 0 5 0 201 31 117
    29 255 68 0 0 255 125 0 162 120 140 10 167 13 35 18 83 0 255 26 0 14
    255 255 125 0 0 200 166 117 218 225 0 102 255 106 24 120 255 0 0 255
    0 36 192 231 138 255 214 177 255 255 42 49 255 107 195 255 97 178 0
    144 111 56 255 0 124 24 255 46 142 0 255 106 20 255 222 232 255 108
    54 124 255 255 90 255 221 0 0 0 40 66 255 1 250 218 192 224 125 116
    0 137 255 178 183 195 136 115 234 0 192 255 39 250 255 213 187 39
    215 143 255 120 0 67 14 96 50 115 84 255 142 0 21 219 129 255 255 0
    255 145 255 235 255 7 0 255 222 44 92 235 154 0 241 59 54 185 235 46
    112 148 248 0 0 103 163 123 147 255 255 79 0 129 122 211 150 97 37
    255 249 0 155 227 0 244 31 77 255 131 255 0 119 255 247 0 109 49 0 0
    0 236 231 0 102 0 101 202 101 245 53 119 206 56 0 48 172 232 14 147
    0 255 0 223 45 181 255 152 55 255 255 20 22 0 51 0 149 0 56 110 118
    0 33 109 182 204 187 0 228 222 1 221 123 112 255 198 255 97 255 255
    49 46 241 173 167 255 192 0 54 0 255 186 53 0 163 255 177 223 252
    246 104 0 121 0 233 109 216 52 217 0 230 121 120 55 115 84 249 0 159
    58 255 139 48 255 255 129 235 206 247 255 255 59 33 0 37 136 255 142
    79 67 104 0 255 26 36 68 212 159 255 46 47 0 244 0 212 0 255 255 0
    249 182 255 255 22 225 192 252 109 0 73 0 119 248 0 0 0 0 223 0 69
    34 152 84 255 208 96 0 144 255 115 255 78 0 205 255 0 0 255 218 222
    83 158 190 197 56 15 0 255 255 58 122 38 18 0 100 113 241 164 75 206
    242 58 217 53 230 93 115 170 223 255 218 255 255 17 63 32 56 255 124
    255 102 0 230 45 255 255 0 255 136 255 153 15 0 0 187 87 0 0 255 0
    117 49 0 255 0 0 65 146 155 255 1 67 0 219 130 9 195 0 252 0 102 91
    19 220 255 142 255 108 157 237 25 251 255 0 38 0 255 0 255 118 0 0
    255 0 90 255 0 187 255 61 95 2 16 255 0 0 50 255 61 145 216 179 59 0
    62 3 255 127 0 50 63 255 255 105 255 255 18 0 255 69 0 255 249 165
    203 122 4 255 147 99 255 255 45 255 115 85 0 209 103 107 0 192 255
    255 28 0 44 126 193 83 126 0 0 255 154 92 107 255 231 13 98 237 255
    0 0 205 59 0 0 253 134 255 255 255 255 239 240 0 255 0 28 92 206 0 5
    6 53 73 36 133 10 120 23 242 255 85 255 33 255 255 90 255 0 255 55
    237 1 55 194 161 249 64 189 46 195 62 244 189 15 13 255 255 146 54
    147 0 100 255 255 3 179 126 0 51 153 0 119 187 255 86 9 255 0 197
    255 0 92 16 96 255 255 53 35 38 0 255 152 141 185 182 156 28 255 47
    255 255 255 0 169 183 124 69 0 255 255 0 77 21 0 255 255 255 142 255
    255 0 24 0 112 112 56 50 255 65 255 101 255 169 167 39 113 255 97
    114 0 105 26 0 255 31 255 255 0 122 255 198 24 210 0 255 76 255 255
    177 86 105 166 67 55 25 17 0 0 145 0 255 181 50 0 255 0 255 85 255
    156 203 1 255 232 172 0 31 119 254 218 221 255 2 197 0 220 36 0 104
    130 200 76 125 93 209 84 127 80 99 16 255 255 207 33 33 251 35 128
    87 255 120 157 0 37 2 255 106 165 197 114 0 35 254 156 62 0 128 0
    181 216 70 98 242 252 92 255 12 100 255 156 0 159 220 247 0 161 150
    23 28 106 163 151 140 236 0 151 255 115 47 146 222 0 255 255 255 225
    255 255 81 16 228 0 232 167 161 0 70 255 144 0 70 227 62 146 0 1 11
    214 255 122 255 255 153 50 29 38 122 103 44 255 231 0 0 0 255 224 0
    0 229 119 0 255 225 221 255 228 125 93 67 59 129 0 129 81 132 255 70
    4 44 32 23 218 30 255 129 255 42 57 244 252 0 255 244 214 9 0 45 0
    212 0 0 255 239 0 0 255 150 255 255 255 198 155 197 174 0 134 42 74
    13 0 52 173 139 58 9 120 59 255 255 147 0 107 190 255 0 255 199 255
    255 0 255 143 0 0 0 255 92 39 0 87 215 252 43 255 255 0 181 0 255 0
    0 24 78 254 255 0 70 255 79 255 0 180 114 10 0 0 1 246 10 255 96 149
    255 239 255 0 106 20 57 0 0 135 0 0 60 22 0 111 0 255 0 255 74 0 32
    134 165 5 255 255 252 169 255 12 1 0 143 0 0 156 255 255 0 49 199
    255 51 197 14 51 71 0 0 108 255 142 0 141 173 0 151 73 227 157 137 6
    121 54 255 0 158 206 0 0 255 160 125 89 75 118 253 0 156 255 28 187
    0 0 0 17 239 0 56 248 69 194 0 236 143 155 85 182 186 222 65 0 0 1 0
    255 255 0 216 70 0 239 0 255 254 173 0 255 232 47 0 249 143 255 46 9
    236 255 68 215 0 105 219 252 255 179 124 255 255 3 255 245 0 71 0
    255 255 28 255 185 85 36 79 135 0 0 85 126 59 255 57 255 0 182 46 76
    245 107 64 235 131 147 101 56 97 255 29 29 103 212 53 160 0 0 255 0
    33 175 0 182 255 255 140 0 255 198 17 163 127 86 217 200 228 16 138
    251 93 225 80 120 100 0 63 255 0 181 3 255 116 0 255 0 155 157 212 0
    18 255 117 185 170 0 45 80 91 255 38 0 0 0 0 0 141 4 213 127 244 113
    55 0 207 13 142 33 204 131 233 230 173 0 61 255 113 57 253 255 255
    217 255 165 242 167 95 0 129 230 178 30 67 255 144 121 255 0 0 0 171
    39 158 0 208 48 33 233 3 129 103 0 255 48 180 255 255 82 0 220 142
    78 0 141 107 61 255 14 255 76 255 155 255 255 123 0 63 94 6 28 180
    187 214 170 152 255 15 255 255 191 0 160 253 183 0 250 0 36 244 0 0
    161 70 0 36 0 177 96 255 255 255 215 0 113 70 205 0 219 255 0 69 174
    255 244 24 232 161 255 255 241 17 185 0 255 114 10 73 124 0 140 135
    156 49 120 0 255 41 139 148 0 171 46 97 255 182 243 255 128 33 255
    148 0 28 204 0 79 255 255 238 63 216 186 255 226 22 43 107 218 248
    46 0 0 202 31 0 72 255 0 184 113 0 0 100 255 154 125 255 59 184 9
    228 34 48 20 152 134 0 20 13 0 43 44 255 255 235 0 88 0 140 218 28
    255 92 35 40 255 122 48 112 223 117 255 255 132 177 127 178 255 213
    86 138 0 0 224 77 17 0 0 76 0 255 25 51 166 164 5 36 73 112 0 217
    175 157 159 0 74 0 0 0 180 136 58 255 113 255 189 139 255 119 11 111
    107 0 255 74 255 135 255 173 0 255 59 0 141 163 90 192 184 208 35 17
    10 17 3 233 40 43 253 48 129 5 228 199 141 63 0 255 11 255 255 40
    255 204 46 220 78 0 0 0 73 101 38 6 40 35 0 63 15 79 61 0 52 253 106
    255 143 0 71 0 98 84 224 156 255 255 45 255 72 0 12 99 12 192 252
    225 255 0 163 36 98 255 0 0 255 255 255 198 238 205 97 0 255 255 116
    0 142 238 255 0 177 0 0 156 0 0 0 30 255 18 125 234 255 39 156 202
    112 255 85 255 97 151 54 180 255 255 255 0 180 73 255 222 20 131 31
    0 57 12 77 255 255 92 255 215 136 68 25 62 229 0 158 136 179 0 49
    245 173 110 173 253 254 100 0 0 235 102 236 255 162 0 76 0 249 255
    244 136 255 147 255 172 0 239 255 0 32 102 140 152 62 115 56 219 0
    112 213 0 217 65 0 252 0 144 217 255 16 255 172 0 13 66 0 21 77 152
    175 62 255 255 225 157 51 255 196 255 170 89 255 249 0 149 0 153 0
    255 0 35 255 4 123 116 39 116 145 169 10 255 0 126 159 255 123 180
    17 255 6 0 255 20 133 255 200 227 78 0 255 200 0 141 22 146 255 230
    153 24 255 255 192 0 111 72 51 239 181 64 85 219 150 0 200 199 242 0
    0 192 208 51 92 210 0 255 203 0 255 8 255 0 13 0 0 106 110 0 179 161
    1 111 129 255 174 134 246 111 181 0 255 255 255 88 0 244 47 79 147
    142 199 244 0 0 255 112 0 183 255 235 255 52 255 255 0 255 215 255 0
    20 199 255 200 130 153 255 21 255 0 0 255 183 121 118 0 86 255 255
    245 134 0 31 141 0 100 0 255 224 176 144 0 208 255 95 0 255 107 94
    93 0 48 255 0 127 226 0 0 0 255 255 194 255 27 0 255 221 200 0 168
    144 0 234 154 229 0 75 0 36 0 11 67 255 234 176 249 193 208 148 172
    27 242 255 199 24 255 255 15 208 255 150 24 218 202 255 0 0 34 89 0
    168 167 205 90 7 0 101 255 207 180 43 28 112 38 255 143 0 118 39 0
    204 72 255 255 185 255 1 255 5 255 255 255 146 192 0 0 0 149 204 0
    164 195 0 20 80 255 148 70 175 99 144 255 0 120 238 255 151 78 0 164
    0 0 173 34 255 0 108 26 80 165 240 172 146 211 56 1 176 255 251 0 47
    255 85 46 255 125 255 255 252 160 23 0 29 0 215 75 255 255 255 126
    255 0 50 137 95 0 85 0 255 132 91 255 135 83 0 199 245 0 254 108 255
    255 255 255 179 54 239 255 128 100 95 17 187 134 154 0 165 60 42 54
    227 0 85 255 174 0 9 113 21 203 0 0 111 0 45 140 52 43 68 31 95 73
    50 116 172 20 0 253 78 202 255 35 183 132 0 2 0 134 255 108 32 254 0
    0 255 209 221 187 92 242 26 132 49 190 255 102 118 120 30 0 162 0
    233 56 46 123 152 204 0 122 0 105 181 120 125 50 38 0 139 114 75 121
    178 20 255 0 255 130 198 0 208 0 255 255 35 220 255 90 105 0 255 0
    215 129 144 95 0 0 9 255 189 48 234 255 157 168 138 170 52 50 0 77
    166 255 174 165 194 252 0 201 0 0 255 138 183 0 255 78 146 139 0 65
    0 154 171 10 146 213 255 156 0 0 246 208 0 255 49 146 166 198 77 4
    255 198 50 255 246 148 0 150 87 255 0 135 0 0 181 255 88 0 255 251
    253 255 255 88 0 4 255 63 0 255 233 136 240 255 255 0 233 31 169 189
    153 0 116 68 122 135 190 0 151 255 110 77 255 0 255 168 255 18 0 255
    84 226 231 255 0 23 200 248 16 174 222 255 255 175 35 102 255 214
    201 188 0 98 39 0 75 0 192 0 0 82 152 86 224 255 0 234 0 178 239 28
    0 96 37 0 223 225 255 102 0 149 255 65 97 0 124 13 212 148 137 230
    83 111 255 149 250 181 3 0 255 245 193 215 213 0 0 149 114 119 232
    171 139 124 187 224 103 13 0 153 222 177 0 60 14 0 40 255 198 255
    157 39 255 88 86 174 208 121 196 239 255 95 255 0 87 75 117 20 0 231
    138 255 255 144 105 0 0 255 106 0 214 255 36 0 198 34 162 255 0 182
    232 0 255 255 209 0 47 218 0 255 44 62 41 255 50 255 113 171 217 231
    255 105 255 160 61 228 239 166 173 255 0 151 0 32 93 0 217 0 213 53
    76 0 80 199 182 0 255 222 255 0 255 39 255 255 85 255 181 166 255
    225 0 255 107 237 184 86 0 241 0 0 63 141 161 0 59 136 255 140 229 0
    0 137 13 255 224 53 228 116 3 0 10 177 255 255 255 205 255 0 0 178
    30 255 50 179 136 255 255 255 255 255 77 176 255 110 57 179 0 135
    144 255 174 255 209 146 113 73 222 0 232 157 4 221 145 212 0 237 100
    182 0 214 151 0 93 255 255 213 166 176 105 73 170 255 0 50 170 173 0
    255 0 0 255 15 133 86 11 11 255 0 0 0 19 0 123 0 255 22 87 91 115
    185 0 245 214 155 255 216 49 121 170 135 255 0 255 236 255 86 70 57
    24 68 106 11 255 204 31 255 0 246 0 0 255 0 255 128 208 238 253 255
    166 255 255 53 0 255 186 68 52 105 26 0 230 204 83 133 70 0 177 137
    0 0 33 255 71 0 0 230 191 228 255 0 188 255 0 0 14 98 0 70 255 0 0
    255 117 6 117 0 43 237 255 133 252 93 110 132 230 189 61 227 0 73
    255 180 0 0 80 139 97 6 73 250 159 214 255 36 197 206 155 146 0 138
    162 220 83 0 253 0 255 0 0 255 191 255 255 223 26 139 69 79 29 255
    89 60 155 87 47 248 255 195 0 0 99 23 255 0 141 136 52 0 0 118 243
    152 255 39 0 255 255 252 0 105 109 209 38 0 255 6 255 253 0 174 66
    224 168 95 27 184 255 98 255 0 0 108 0 0 108 255 5 0 116 251 229 27
    179 8 52 4 182 249 179 0 99 237 103 5 202 0 255 56 0 255 203 0 97 77
    89 255 35 0 67 127 106 255 45 255 0 238 39 0 139 125 27 255 149 126
    0 0 0 162 18 24 241 172 156 0 0 0 155 255 255 59 255 255 65 0 0 0
    210 56 0 224 255 0 255 0 0 149 0 255 21 30 255 172 160 76 255 255
    241 2 74 68 119 98 176 12 215 187 255 0 251 255 202 255 204 217 255
    28 0 0 25 164 89 0 0 23 87 255 54 134 255 146 86 63 113 238 0 253 6
    193 255 0 0 234 143 92 0 232 255 207 0 0 229 0 201 0 94 41 0 0 27 68
    89 143 201 0 0 255 124 182 255 129 177 230 0 252 64 111 232 149 38
    255 182 0 0 132 68 42 62 88 0 255 0 255 0 255 246 24 16 1 0 0 215 0
    14 255 165 255 41 87 255 236 238 171 55 30 0 233 8 0 63 202 110 255
    255 69 230 141 0 87 0 43 170 135 255 94 191 0 255 44 0 114 59 255 0
    189 41 225 255 191 255 0 255 0 45 17 255 193 255 255 89 0 0 1 230
    250 255 57 0 63 109 0 0 217 255 186 197 0 255 167 111 255 255 50 255
    121 105 67 237 101 47 0 255 212 255 0 138 16 143 203 0 255 231 113 0
    0 72 52 60 221 11 185 55 139 255 218 0 0 255 255 29 191 43 255 154
    23 235 173 0 0 255 175 93 0 255 69 151 53 134 255 0 203 0 252 212
    245 150 55 255 0 0 43 92 5 255 255 255 175 0 138 0 141 255 255 130
    255 255 0 0 170 56 251 0 169 118 64 196 255 117 169 255 255 0 184
    212 0 0 0 170 0 255 255 203 164 37 255 90 33 228 255 84 174 238 255
    163 47 62 0 255 0 255 255 37 255 151 241 145 0 188 228 208 0 45 62
    181 14 255 120 0 0 0 0 202 255 195 255 228 20 163 255 255 0 12 162 0
    207 226 255 133 255 35 0 48 212 148 164 71 0 140 231 0 152 255 255
    158 114 255 206 84 255 255 0 50 0 38 66 76 207 192 0 0 89 255 0 41
    59 70 0 0 255 0 255 86 0 80 255 255 149 141 205 48 119 182 183 207
    100 255 0 0 186 28 193 221 178 0 0 230 59 179 129 84 28 26 69 8 24
    105 13 179 62 46 180 106 47 176 5 255 192 0 164 0 88 0 212 233 52 42
    93 0 39 0 104 250 98 93 164 112 255 238 0 255 240 235 155 255 113 71
    241 13 134 255 211 136 241 128 188 0 214 0 176 255 192 73 0 138 137
    0 255 50 255 158 86 255 147 230 255 151 36 115 242 133 255 255 255
    15 255 150 25 126 40 179 159 240 0 1 96 155 0 214 236 0 79 255 0 0
    24 85 48 236 0 87 0 115 132 255 0 255 14 106 255 153 54 56 217 60 0
    210 246 255 56 255 255 0 167 0 0 255 255 0 63 255 122 0 234 255 185
    46 185 118 255 122 255 255 208 0 0 5 58 214 79 0 255 17 255 255 0
    115 224 13 0 107 61 0 209 89 255 132 0 0 0 111 114 24 99 255 10 187
    201 255 190 228 107 255 187 22 8 0 22 231 141 255 181 91 2 187 61
    107 168 68 23 111 227 110 4 255 255 158 43 20 255 30 243 0 0 255 0
    114 209 0 92 41 0 0 139 0 179 192 162 0 92 208 87 139 255 3 0 92 232
    36 108 0 255 71 188 2 255 26 84 166 255 185 255 0 32 140 139 12 82 0
    37 0 68 49 0 95 54 216 29 230 116 255 71 3 0 201 0 1 33 198 255 154
    0 166 120 0 255 195 141 188 255 149 97 254 255 25 79 139 57 81 255
    192 89 0 149 14 133 255 0 255 68 239 63 186 214 0 237 176 61 43 0
    147 130 226 189 209 251 0 139 230 135 255 62 0 144 255 84 69 255 90
    250 41 255 0 255 232 0 255 18 234 147 230 3 81 43 183 255 162 255
    126 144 29 72 167 0 166 189 230 255 255 107 255 43 0 82 233 40 0 118
    125 0 204 255 1 226 101 0 250 255 232 238 78 139 125 0 0 0 193 31 52
    203 34 255 237 107 0 0 78 25 94 244 0 255 130 255 139 0 12 255 0 113
    0 0 74 167 169 120 255 52 217 255 254 14 255 255 28 22 0 198 0 255
    25 161 251 49 255 1 78 255 101 172 209 255 24 255 0 0 148 0 124 0 0
    49 67 66 194 171 98 209 255 255 58 55 210 207 215 155 255 14 218 0
    216 184 214 250 104 0 33 45 59 42 0 190 30 221 46 29 170 255 0 150
    255 183 0 251 0 217 0 0 255 84 118 166 0 193 0 250 135 255 255 23
    122 77 58 213 0 23 0 0 255 204 207 122 122 0 39 35 0 101 255 43 241
    255 0 182 144 255 146 255 33 0 124 234 9 0 184 255 216 95 255 255
    160 115 39 99 25 160 69 221 36 255 0 0 255 255 0 0 150 107 120 255
    155 58 255 0 255 255 115 0 255 241 198 0 93 255 183 255 137 220 255
    247 32 90 104 247 106 42 255 121 99 42 166 0 255 134 158 255 102 244
    156 117 197 0 0 163 0 0 255 246 0 165 0 145 252 255 171 207 50 0 0
    152 199 236 0 87 0 255 91 0 230 213 173 52 233 21 28 0 14 3 0 255
    255 36 235 243 0 255 104 249 0 196 4 181 141 122 0 6 255 255 51 200
    236 66 0 111 175 0 19 255 0 255 60 167 255 0 249 250 76 90 213 168
    206 255 0 61 0 199 86 255 99 24 205 255 0 255 162 104 255 31 135 255
    143 230 71 0 100 81 52 161 190 74 0 0 0 0 63 69 0 0 226 0 0 43 6 255
    118 113 71 221 206 78 255 255 255 36 255 136 99 255 131 255 120 255
    87 190 112 104 20 95 255 86 66 0 255 0 221 238 80 55 242 238 243 212
    95 30 255 24 38 157 0 130 227 144 165 255 128 8 241 100 255 254 20
    195 76 136 35 179 181 161 0 172 255 0 173 255 158 0 255 165 56 209
    73 82 215 210 164 197 242 38 0 5 0 0 142 0 177 206 42 0 0 237 164
    255 78 162 76 255 0 30 160 0 32 111 242 36 255 251 152 255 0 111 132
    255 0 0 174 255 128 0 212 227 255 0 202 255 158 236 237 83 143 44
    134 131 138 0 13 0 212 73 255 0 255 233 44 178 207 255 255 8 42 0
    152 245 183 37 22 0 202 121 255 25 67 187 204 29 104 183 233 255 244
    229 33 220 135 158 255 0 255 0 241 189 0 255 93 0 85 255 255 81 255
    0 172 105 205 255 133 164 0 255 125 242 139 205 191 162 33 0 132 40
    230 41 90 118 0 187 0 57 0 217 0 50 101 0 19 250 7 201 255 239 224 0
    0 129 97 0 0 106 0 144 255 255 223 255 0 255 69 255 49 255 39 101
    243 93 15 55 187 147 92 113 225 0 0 100 0 140 75 203 15 255 205 254
    123 181 219 204 255 151 255 0 122 255 255 255 218 60 80 161 231 38
    137 255 253 0 255 34 0 4 0 126 1 198 204 14 146 255 7 217 129 28 196
    255 5 199 0 146 25 173 111 0 0 84 183 0 165 34 62 187 0 255 128 255
    146 255 255 32 194 255 82 155 37 250 255 38 197 112 223 255 255 0 71
    0 133 79 255 197 0 209 169 255 63 175 0 44 73 222 238 0 255 255 131
    0 46 255 49 243 173 47 13 173 27 50 0 0 165 0 249 40 218 105 9 0 109
    131 255 231 255 202 0 195 219 216 255 186 104 0 228 180 4 114 230
    211 9 170 255 185 0 229 255 27 0 225 0 180 208 252 63 0 255 247 0
    254 255 31 162 125 233 110 225 103 252 140 0 0 77 0 0 152 200 9 255
    9 0 107 126 161 0 169 0 70 44 190 161 105 255 146 145 255 117 212
    125 255 255 19 18 49 0 255 0 38 0 11 122 182 255 155 211 82 255 255
    54 255 0 120 255 0 0 65 255 0 110 0 224 255 254 255 0 111 36 141 20
    0 244 255 255 230 0 22 175 0 245 250 61 32 255 101 255 255 0 0 98 0
    255 255 255 255 250 233 255 249 87 153 255 0 183 84 255 253 0 214 61
    219 0 255 0 255 173 166 171 235 40 179 19 49 155 234 255 161 255 104
    202 0 255 38 136 144 255 55 179 255 164 69 0 0 0 54 255 0 112 238
    103 181 0 255 216 155 255 0 226 90 209 83 102 56 255 92 99 255 255
    117 49 125 177 155 97 141 0 108 232 37 255 200 184 0 255 255 89 14
    182 0 127 255 196 167 118 255 126 0 141 105 236 0 209 228 255 255
    134 0 255 0 45 200 0 254 0 237 255 105 101 255 201 188 58 100 255 0
    47 113 187 9 180 122 0 255 0 255 255 0 255 231 255 207 0 255 255 0
    32 244 139 166 0 20 255 124 255 255 236 104 255 47 172 53 60 131 0 0
    7 0 228 109 64 0 74 255 12 255 255 0 94 225 220 81 0 0 255 236 22
    255 0 113 207 255 0 83 0 255 32 1 196 35 158 255 153 172 27 136 255
    150 15 21 255 90 35 111 255 105 157 138 214 76 255 1 171 154 0 0 58
    51 197 51 32 166 23 197 169 168 76 145 194 255 0 69 74 30 173 65 153
    5 99 167 222 255 0 199 177 36 255 40 196 62 136 151 255 255 118 101
    0 117 184 0 23 7 10 93 189 58 32 112 226 211 229 0 197 0 255 231 0
    159 82 0 93 21 0 255 0 255 30 139 255 0 0 90 234 255 101 202 145 204
    222 83 140 0 114 122 247 0 25 255 163 215 174 128 43 226 82 214 242
    147 21 107 74 0 255 0 0 237 199 184 241 229 234 255 65 172 238 199
    192 0 0 25 0 110 155 78 172 255 235 255 252 218 255 56 27 214 121 0
    228 0 27 236 253 49 221 148 0 157 200 125 0 126 215 22 255 60 255
    144 0 222 56 0 211 18 122 84 9 130 221 255 255 37 252 251 144 31 134
    30 140 143 94 85 0 182 255 177 25 238 255 0 16 30 3 0 195 255 62 241
    255 135 0 23 36 31 255 151 243 10 0 107 249 0 81 219 227 237 255 183
    34 214 203 195 251 243 254 160 255 178 109 235 167 0 255 115 0 251 0
    255 19 0 209 255 151 224 203 255 165 98 111 0 255 0 255 242 36 111
    242 77 204 209 195 41 0 0 40 143 92 86 0 255 0 251 255 35 238 86 28
    255 153 0 70 255 2 4 34 115 163 255 213 188 198 143 18 255 34 0 92
    169 94 11 120 0 27 146 44 185 1 255 248 238 248 0 53 255 109 0 117
    216 213 8 209 201 147 197 64 0 19 255 40 0 255 255 255 165 198 196 0
    205 145 0 164 0 183 47 12 134 255 0 254 178 255 0 136 255 26 255 0 0
    103 14 185 111 255 0 110 102 255 51 233 15 75 0 67 34 255 205 255
    255 61 89 149 255 74 213 110 148 0 0 10 0 237 20 0 0 110 83 0 108
    233 73 0 205 124 99 0 0 245 77 56 0 71 0 0 120 42 169 0 62 255 255 0
    192 255 203 238 214 0 7 40 250 0 255 0 217 0 230 255 255 211 255 67
    186 183 243 255 54 186 8 207 222 0 27 255 88 0 183 0 0 16 42 29 33
    64 0 170 194 255 255 169 76 70 255 255 162 255 0 243 23 0 255 34 255
    31 0 255 0 143 0 35 96 0 214 0 3 237 0 0 69 167 238 255 120 93 215
    20 228 255 106 0 170 234 0 16 85 42 76 170 91 0 0 255 6 243 181 19 0
    0 174 123 0 255 255 0 244 30 143 0 0 0 232 11 143 165 193 0 39 145
    60 255 0 0 96 246 0 183 4 167 255 0 237 186 84 239 0 135 255 34 169
    181 254 226 54 102 160 255 0 40 98 224 0 105 139 0 251 26 18 172 107
    38 0 245 255 255 255 0 255 0 142 188 168 225 0 0 0 67 241 2 197 0
    255 174 0 24 253 0 0 212 218 55 209 255 55 89 194 225 255 0 0 136 0
    0 246 135 144 119 255 0 211 255 29 253 0 255 248 240 255 154 198 0 0
    0 87 255 202 130 205 133 31 67 59 228 255 192 69 213 93 230 64 255
    33 52 212 200 231 75 50 94 0 39 0 95 255 0 0 0 155 30 73 255 0 40
    255 196 99 202 255 0 76 255 153 253 165 196 0 136 186 220 255 134 0
    153 255 74 185 234 192 141 255 212 255 129 255 28 59 255 17 255 104
    215 0 255 29 99 54 0 6 255 0 255 89 83 57 113 115 0 214 77 255 61
    255 205 97 0 0 190 196 175 36 250 91 23 36 131 255 155 0 0 77 255 85
    255 89 0 35 221 143 97 73 0 255 98 30 90 153 255 29 66 103 41 252 0
    0 105 163 0 0 0 193 178 222 0 255 255 91 255 48 0 156 10 137 125 169
    179 0 41 19 121 255 208 14 41 0 240 220 159 234 16 149 162 154 34 15
    255 0 255 255 1 10 233 139 144 227 94 169 89 145 255 47 165 251 155
    0 255 255 244 129 159 255 34 235 255 27 113 138 84 107 84 255 103
    239 139 255 255 6 167 214 255 95 231 0 0 190 255 175 219 255 22 255
    106 188 230 0 156 166 151 76 29 255 149 174 40 118 112 232 136 72 0
    0 219 0 185 69 26 0 0 186 193 255 255 142 238 66 43 184 238 255 0
    187 0 191 139 75 255 0 79 205 0 0 255 187 78 255 0 200 69 0 193 255
    245 255 0 130 41 0 16 84 209 216 222 0 47 0 255 255 69 36 0 152 214
    81 0 255 187 23 230 157 6 129 117 255 81 181 216 255 22 0 159 251
    232 166 255 10 19 0 119 35 0 202 20 195 222 49 110 185 212 255 44 0
    85 186 173 73 167 163 160 255 255 118 48 255 205 144 255 165 132 0
    18 65 183 255 0 0 186 34 166 208 0 255 49 0 33 0 0 164 0 0 255 255
    23 215 136 0 55 176 214 255 151 160 33 0 24 211 255 255 255 241 119
    255 255 0 0 182 47 210 107 125 255 0 47 249 121 128 56 255 255 171
    34 69 102 176 0 139 53 196 72 177 102 119 255 94 0 159 255 0 235 0
    224 0 69 0 189 0 149 255 255 18 185 255 137 255 72 0 58 74 255 127
    70 0 14 255 153 255 71 255 255 100 94 13 51 35 165 111 27 9 83 255
    141 62 159 178 255 193 57 255 109 103 86 58 255 173 48 184 170 0 5
    215 0 86 0 23 166 187 255 145 85 0 107 32 255 255 173 255 104 193
    255 255 44 30 156 94 19 189 211 173 197 7 255 225 184 255 0 47 39
    255 19 219 199 204 110 255 163 184 119 118 198 0 0 0 0 216 148 126 0
    59 255 34 7 131 235 255 124 0 241 142 13 255 221 255 255 203 255 255
    50 21 223 0 255 61 59 1 117 143 0 62 175 255 52 255 0 255 71 0 255
    156 204 21 159 188 255 151 229 189 255 111 119 149 0 0 183 0 70 101
    84 18 183 0 0 0 169 176 255 0 255 0 149 220 28 255 21 255 255 221 0
    119 227 0 0 85 255 45 169 236 0 0 255 110 255 110 24 217 0 26 187 0
    243 149 255 206 185 83 103 0 29 208 255 131 188 255 192 0 210 19 208
    16 107 0 204 186 0 106 255 255 247 255 255 168 36 0 255 255 57 208
    25 133 0 30 126 255 119 42 0 197 0 181 255 179 115 224 155 14 116 34
    13 0 85 92 199 0 255 109 137 0 0 255 243 164 0 59 24 255 242 237 10
    191 122 44 223 73 255 173 255 99 215 53 143 173 255 104 0 48 0 255
    159 232 255 0 0 0 255 29 214 127 100 173 71 0 153 0 230 171 130 0 27
    11 255 181 114 77 200 195 255 0 0 103 35 0 202 95 24 166 156 101 123
    0 53 56 194 255 255 189 0 107 255 240 255 198 36 255 148 101 255 0
    255 20 0 143 32 231 175 0 135 119 0 255 179 61 0 255 9 173 48 20 119
    0 56 240 127 153 255 255 211 0 0 226 255 0 255 228 224 255 23 255
    125 0 57 58 99 168 0 60 130 124 163 0 0 115 97 138 255 70 212 0 172
    228 0 255 235 0 99 158 255 234 245 171 232 255 248 255 0 73 228 195
    158 134 204 255 73 255 0 0 164 255 255 0 0 0 95 255 255 1 66 0 25 24
    178 255 238 241 0 165 103 6 98 100 252 78 0 8 158 255 178 0 255 229
    54 165 28 138 255 178 0 0 0 11 100 151 27 59 215 0 255 181 78 140
    255 176 64 145 236 255 0 91 141 186 255 207 72 255 0 244 0 255 108
    253 189 17 0 74 255 7 72 0 73 0 0 14 251 255 215 3 29 0 43 227 180 7
    155 0 255 71 0 255 0 255 255 255 38 157 105 227 19 13 144 93 191 111
    255 71 255 97 157 168 20 187 213 157 255 59 255 111 255 255 195 176
    24 138 255 93 0 20 255 0 0 200 118 235 230 26 62 255 218 191 168 0 0
    0 0 0 134 213 255 5 0 158 255 156 111 255 60 255 86 255 100 249 0 23
    104 255 187 0 79 0 255 63 197 0 0 244 44 255 255 0 111 38 81 255 232
    0 241 224 48 101 126 243 143 255 92 255 54 244 0 93 182 0 0 0 0 177
    225 255 73 64 184 71 0 255 220 22 83 21 151 255 255 159 255 143 228
    255 129 146 87 166 0 0 0 255 191 165 201 74 95 255 115 0 53 203 132
    61 238 0 96 1 96 107 146 255 105 69 211 255 255 0 247 255 185 253
    205 14 255 0 15 106 252 192 83 255 55 112 159 191 0 251 255 0 46 77
    255 0 221 0 133 0 253 18 139 255 0 255 0 9 212 58 255 210 56 255 0
    202 242 255 216 255 0 255 153 164 183 0 255 255 239 58 1 128 0 143 0
    64 0 152 44 21 46 200 0 136 0 30 68 255 237 0 255 61 255 255 255 235
    255 14 220 54 88 191 255 148 255 255 255 207 64 255 0 253 104 0 255
    76 0 0 202 192 109 12 222 184 255 0 225 255 116 232 23 255 239 43
    247 0 164 83 0 255 255 17 255 255 232 244 31 0 99 27 255 255 0 149
    162 212 0 60 14 114 240 111 0 132 0 56 229 240 0 129 0 68 157 87 192
    107 165 0 50 254 92 255 182 90 196 249 255 161 0 255 0 186 55 255
    255 0 0 255 68 255 255 0 255 89 253 135 196 21 120 226 0 171 254 152
    179 0 0 163 23 77 47 0 166 189 212 255 0 97 255 173 160 114 255 194
    0 255 108 206 255 255 162 255 25 0 237 212 4 255 140 211 34 0 255 0
    139 38 189 228 41 60 255 172 204 28 158 111 211 113 106 166 201 0
    255 255 223 17 0 255 0 0 0 92 19 106 255 0 14 20 110 0 0 255 255 0
    93 120 58 142 245 25 255 0 157 250 81 82 0 255 0 226 109 88 48 91 30
    255 170 255 19 179 202 0 51 103 255 249 0 14 167 236 161 255 111 169
    38 186 247 128 178 193 196 197 0 161 71 7 198 7 0 0 0 60 254 0 57 22
    209 117 255 183 255 69 255 255 134 202 111 48 28 0 85 181 0 255 255
    93 0 173 255 107 177 18 0 132 39 252 81 28 59 138 0 153 255 40 134
    232 255 166 95 242 255 18 122 239 78 117 120 255 53 179 117 72 31
    113 255 0 109 195 255 2 30 0 199 10 235 235 255 147 0 255 109 64 87
    115 255 83 126 152 255 0 4 0 173 208 255 0 255 255 76 142 174 249 88
    0 255 196 112 181 169 0 227 0 255 240 255 139 162 226 0 0 67 106 255
    255 0 255 94 0 129 61 186 0 255 239 200 53 118 187 51 242 211 175
    255 153 235 146 197 122 130 0 255 164 252 84 205 249 19 255 101 0
    163 0 100 218 68 244 85 0 221 33 0 30 166 140 59 255 190 0 60 0 0 20
    0 255 101 76 255 186 134 133 139 196 103 233 235 255 96 255 255 136
    224 217 255 46 255 178 121 214 242 47 134 33 255 211 0 0 247 195 198
    0 0 17 186 53 68 241 16 137 127 0 38 254 11 37 182 145 255 235 0 0
    255 254 186 12 63 97 91 76 157 255 255 0 7 198 200 0 0 0 195 0 70
    141 0 92 32 243 0 255 90 255 37 0 24 10 72 255 2 255 0 221 73 255 2
    237 13 204 255 0 255 99 146 162 144 223 225 255 225 15 246 0 104 0
    178 255 87 238 255 121 208 57 5 255 0 95 0 5 178 0 255 189 189 255
    255 63 129 176 239 255 87 187 0 30 249 56 255 103 93 10 137 255 187
    255 131 135 208 243 102 231 124 240 0 64 0 168 22 64 50 56 123 0 201
    32 0 178 138 121 47 19 74 255 134 27 0 237 0 162 177 0 255 255 255
    255 141 255 63 193 49 255 0 16 172 188 66 27 148 71 255 255 0 118 0
    0 127 0 174 51 137 236 255 197 139 7 227 61 0 41 255 0 19 118 0 255
    255 106 255 199 43 255 63 123 210 62 0 0 130 85 39 0 255 99 65 70
    255 243 255 255 29 151 175 0 0 75 5 194 216 255 79 31 42 231 255 180
    61 39 79 255 255 246 73 255 52 99 218 254 43 90 91 255 0 61 255 0
    213 197 127 67 146 0 0 190 6 255 174 255 233 223 245 175 114 177 255
    49 255 203 211 117 255 152 115 123 255 221 21 185 8 255 0 54 255 66
    68 60 213 13 208 73 16 226 238 255 243 50 194 255 0 215 255 72 255 0
    220 0 0 26 180 140 145 255 202 173 255 255 0 162 250 255 124 143 181
    216 255 8 255 16 255 0 21 0 255 0 11 255 255 0 9 82 255 255 12 105
    31 188 222 255 253 181 65 0 85 21 0 0 51 113 225 174 24 255 168 41
    255 135 120 157 103 0 91 99 141 73 0 0 138 12 199 239 242 191 147
    255 141 49 45 13 88 72 192 145 36 7 237 179 255 84 23 92 17 218 189
    190 146 190 255 0 255 0 0 114 84 200 207 255 27 199 55 255 95 0 255
    106 18 0 114 255 0 120 16 79 255 255 106 233 0 251 255 211 4 221 0
    20 255 58 255 47 48 90 1 255 57 144 255 255 255 229 252 236 111 0 17
    58 121 158 255 205 2 155 143 2 193 181 255 149 255 255 150 34 229
    212 171 107 141 109 0 255 94 0 255 72 235 134 227 255 45 0 54 67 50
    0 0 104 150 184 255 0 0 60 250 187 0 255 249 137 159 255 69 157 207
    135 34 157 159 71 134 122 141 227 8 0 55 255 1 180 65 45 113 209 205
    47 0 68 104 191 0 84 255 118 94 39 141 255 255 145 255 173 239 253
    48 255 162 154 0 0 255 7 38 255 3 243 229 255 158 255 255 69 0 255
    123 0 0 34 255 52 255 182 255 255 59 39 0 53 0 170 0 0 174 126 255 0
    0 235 255 83 240 141 19 0 164 22 96 224 255 255 136 196 255 98 72 25
    230 0 104 255 133 245 230 102 255 165 244 187 92 46 255 46 80 195
    206 93 255 0 69 255 25 255 255 255 163 109 0 112 31 255 208 141 8
    194 255 226 255 255 244 107 109 5 0 5 96 120 0 255 159 250 255 96
    107 0 0 20 203 0 212 0 255 246 133 97 158 231 116 128 192 0 255 255
    119 171 0 255 176 164 255 172 94 255 80 255 0 154 145 0 0 239 119
    124 41 107 91 243 76 0 78 0 0 0 0 96 9 0 89 137 56 92 170 255 135
    255 77 156 255 32 255 217 136 32 149 255 255 0 57 243 0 0 128 189 0
    153 229 217 153 223 255 36 138 255 255 255 0 0 137 214 0 0 78 36 0
    74 255 255 220 91 0 35 255 116 195 71 90 0 255 230 255 216 61 206 21
    207 227 108 149 255 0 92 0 75 255 10 0 255 164 238 52 32 184 92 0 50
    255 255 0 6 0 104 158 183 23 0 0 0 0 245 239 206 210 0 255 157 132
    10 241 255 0 255 50 86 190 237 53 0 0 156 98 0 99 255 150 109 212
    226 0 160 251 0 56 92 192 39 63 255 0 116 0 169 255 176 255 13 207
    40 43 229 255 169 72 208 0 183 0 195 255 84 50 100 30 36 10 255 192
    150 0 55 173 255 0 0 92 0 65 94 161 255 123 255 77 130 29 88 24 248
    241 255 113 255 2 255 255 255 255 120 146 241 145 213 255 225 255 0
    255 255 189 255 0 203 48 0 125 43 242 174 212 0 236 0 145 244 133
    209 0 255 129 227 0 0 10 170 130 186 254 255 41 255 253 255 255 127
    106 78 49 255 0 255 76 255 188 235 49 255 122 244 255 255 0 176 255
    53 145 158 99 188 85 31 255 247 235 140 0 78 0 255 21 0 255 255 131
    143 0 0 0 0 15 230 113 217 21 255 137 64 255 0 255 255 255 0 0 79 77
    126 5 0 0 50 194 6 33 29 255 0 255 255 0 185 11 0 85 0 0 254 255 255
    211 0 112 74 0 0 23 54 5 255 255 0 241 209 212 12 109 58 0 229 0 222
    83 255 0 255 255 145 68 71 55 121 255 22 227 159 25 243 91 54 9 2 0
    22 0 233 0 209 255 0 0 0 71 0 185 17 128 0 0 152 79 43 178 136 62
    232 26 255 41 145 0 0 0 0 247 35 0 255 0 147 46 31 72 255 238 157
    245 0 146 17 0 0 211 186 182 220 255 0 255 127 0 26 108 212 240 0 0
    255 69 188 0 39 163 111 255 0 16 88 0 255 25 90 0 98 173 173 15 0
    243 230 255 128 149 255 255 0 255 0 128 61 15 148 248 180 207 104
    237 248 0 156 20 217 72 8 157 0 178 231 1 255 53 73 39 93 0 255 143
    6 255 127 215 0 185 18 121 16 78 255 236 39 0 0 255 133 0 255 127 68
    153 166 0 74 255 193 1 128 92 35 255 72 255 214 255 0 0 252 199 144
    0 239 50 71 31 255 255 68 149 255 255 255 136 166 12 140 0 243 194
    23 231 182 29 18 98 217 0 172 117 0 0 64 255 0 91 0 251 49 180 167
    111 255 255 238 0 86 126 118 217 23 54 251 255 255 211 127 146 180
    255 255 195 0 0 35 205 85 3 20 233 30 228 53 0 190 32 220 6 0 153
    117 18 201 255 191 219 188 0 0 16 90 158 0 206 216 0 0 0 255 99 126
    255 131 138 173 0 1 177 134 139 175 14 243 14 237 255 150 205 178
    176 231 56 201 195 8 0 54 34 16 210 29 0 127 0 255 212 255 196 101
    130 66 0 89 193 0 206 255 168 18 0 255 70 62 190 19 67 228 0 0 179
    191 14 66 0 255 221 0 117 205 255 0 0 72 181 120 0 0 254 255 144 0
    255 159 173 255 170 255 218 255 130 132 80 0 221 255 40 255 86 133 0
    191 111 255 143 212 255 236 0 0 74 111 66 101 62 147 11 255 255 255
    255 61 0 176 215 212 0 226 42 158 49 55 255 208 187 43 0 102 187 11
    255 105 15 0 56 255 14 67 30 0 255 193 218 0 21 174 99 220 0 255 177
    0 174 75 44 14 21 192 29 53 28 243 251 142 0 79 250 63 0 204 218 110
    255 0 0 171 12 153 35 255 146 180 41 121 132 215 189 255 79 251 0 0
    44 179 197 145 25 232 28 229 163 0 255 0 255 226 120 255 83 151 0
    111 0 74 199 110 180 131 204 102 200 55 218 255 25 0 193 255 33 75 0
    255 232 255 230 27 65 255 50 255 255 0 205 0 59 0 0 34 255 46 128
    255 218 255 218 150 113 98 28 255 60 0 255 126 46 20 0 0 175 85 255
    179 86 241 225 0 241 175 255 179 137 209 153 0 42 255 158 255 109 0
    108 22 11 255 0 114 141 77 0 199 249 76 255 81 213 255 123 0 116 75
    174 102 77 17 78 37 255 14 5 0 154 100 0 244 45 255 177 0 255 216 37
    255 235 143 126 54 255 121 178 250 250 11 236 205 137 0 255 0 169 31
    24 255 230 255 20 237 0 255 255 107 0 9 175 255 0 0 0 136 208 213
    138 229 0 41 0 0 137 47 15 203 255 60 255 255 230 190 80 180 0 255 0
    0 17 255 194 113 255 144 219 246 0 87 0 0 245 0 0 44 146 40 186 92
    177 71 255 196 170 88 126 100 206 255 59 255 22 53 0 30 224 213 255
    71 248 20 255 209 225 0 250 104 224 255 71 201 140 211 172 97 0 78
    255 42 11 255 231 60 255 0 16 8 0 90 41 255 82 2 255 217 0 65 255
    159 33 0 35 255 159 35 0 255 255 61 255 243 77 69 45 28 157 128 0
    255 255 0 26 255 63 255 41 204 98 112 136 191 255 52 48 255 0 132 0
    0 255 156 39 255 40 186 171 255 136 138 224 177 14 255 160 176 65
    255 255 142 255 247 77 255 99 88 231 0 255 24 65 222 161 0 40 252 0
    97 15 0 0 255 255 16 253 0 202 66 228 255 0 65 255 187 238 65 87 100
    0 118 0 255 116 200 52 37 255 75 185 0 203 0 255 175 255 142 25 14
    182 137 137 127 179 145 96 150 255 58 179 0 255 182 196 121 228 199
    255 96 229 106 255 255 223 255 120 17 135 255 204 45 253 243 255 224
    135 42 255 221 80 58 172 0 255 253 246 255 153 255 0 255 255 206 178
    255 0 255 136 109 114 121 86 53 195 250 20 193 224 0 156 80 255 231
    220 49 9 121 88 219 84 237 0 71 203 255 13 216 0 66 255 0 71 181 9
    222 0 196 250 255 7 234 142 0 188 255 255 62 42 194 255 116 181 189
    255 0 158 158 119 192 255 139 77 200 5 255 93 242 201 74 60 255 255
    51 45 238 102 185 0 42 180 0 0 255 255 210 184 232 255 255 52 59 37
    199 34 255 255 254 57 51 18 0 250 136 255 129 46 116 197 6 255 239 0
    0 0 61 0 31 0 0 188 249 64 255 172 127 177 0 147 0 249 229 0 255 0
    10 204 16 255 70 127 255 255 192 255 20 0 0 158 39 183 49 164 255 0
    184 0 94 57 125 255 205 220 125 205 0 255 255 185 59 84 0 255 54 184
    0 220 255 200 224 124 118 117 42 214 255 120 0 249 1 255 0 188 158 0
    0 255 103 255 93 0 42 104 0 255 245 255 53 0 51 140 142 59 238 154
    11 0 13 53 0 172 96 199 46 0 255 37 255 224 164 152 0 255 249 213
    176 255 61 138 246 255 149 214 253 255 255 9 0 255 149 0 159 132 106
    108 15 82 0 166 0 255 28 0 6 243 0 192 48 220 121 233 79 0 134 80
    193 241 207 232 255 0 97 105 0 3 17 255 255 214 255 103 254 143 0
    235 0 255 129 0 255 71 255 132 0 0 97 2 242 231 255 255 215 166 216
    0 0 0 166 167 54 137 255 70 255 57 162 18 5 211 255 75 15 90 255 186
    29 48 236 0 0 198 197 0 84 54 42 186 255 220 255 89 149 1 192 111
    255 53 191 11 255 100 184 149 111 0 222 152 255 0 0 24 255 70 189
    194 255 166 0 184 249 255 49 255 239 255 255 162 0 251 213 86 0 183
    0 0 255 118 255 255 173 45 145 255 0 255 182 0 255 48 147 255 243
    139 0 255 98 25 129 255 255 0 0 66 89 38 81 86 158 173 0 0 242 177 0
    28 255 237 255 0 99 255 102 103 255 156 231 124 0 128 95 5 193 63 83
    0 0 124 44 255 170 222 101 52 0 255 156 0 34 0 255 76 72 255 133 255
    120 120 255 0 51 0 94 0 31 101 255 0 181 221 0 255 56 255 121 255
    251 98 112 0 145 136 226 198 12 58 247 41 11 189 12 226 22 186 0 22
    148 0 4 186 165 238 26 255 149 0 133 28 192 182 36 169 55 0 149 255
    180 0 255 70 255 255 255 0 135 47 0 121 156 33 192 224 91 185 132
    255 185 175 3 208 255 111 54 150 255 184 188 255 34 40 145 41 13 162
    0 126 255 255 142 255 0 255 42 31 224 0 255 255 255 59 255 144 126 1
    0 229 34 22 255 255 186 171 0 7 37 34 255 0 209 80 164 99 126 0 77
    189 27 25 103 208 98 255 0 227 37 255 96 115 0 0 35 0 16 76 255 90 0
    189 105 0 0 148 68 147 7 25 255 162 208 255 255 150 232 255 249 238
    0 85 193 49 255 184 127 0 6 0 255 0 213 30 57 183 255 19 21 128 16 5
    162 53 255 3 109 228 86 0 0 238 0 45 154 179 93 57 156 163 109 167
    21 215 165 255 35 0 169 255 208 5 222 11 247 255 58 163 71 0 199 255
    150 255 246 0 255 0 255 25 0 10 0 99 0 219 114 0 39 132 0 91 0 255
    55 65 180 0 255 0 140 214 235 97 0 0 116 45 255 255 196 246 94 19
    241 202 129 216 52 98 25 0 217 255 40 243 230 255 10 0 169 75 255
    255 248 255 209 205 208 233 181 149 0 255 0 255 81 249 72 0 248 114
    192 141 0 253 7 78 0 0 159 159 172 204 255 7 138 255 255 13 255 217
    44 250 42 255 228 127 227 39 110 21 82 255 190 100 255 0 127 255 255
    0 128 235 255 184 232 0 177 163 25 255 102 0 30 255 0 0 37 0 235 69
    110 134 171 0 216 126 63 0 50 0 30 225 198 70 11 255 63 255 0 131 36
    148 0 60 74 210 88 44 0 128 255 255 255 255 255 87 56 255 142 255 55
    61 157 137 0 128 52 0 55 200 255 255 0 0 252 212 0 0 161 6 104 240 1
    99 255 103 15 43 0 221 255 255 240 171 255 221 189 0 149 188 95 53 0
    37 2 255 0 255 159 43 231 255 25 0 134 44 0 255 120 53 221 213 86
    200 0 0 0 0 8 157 73 255 16 139 185 222 169 55 42 255 51 0 122 193 3
    135 214 47 0 0 0 0 255 246 255 127 171 47 0 255 54 195 0 0 163 235
    35 0 76 97 0 0 0 0 169 71 126 0 26 216 0 69 84 10 204 178 23 176 224
    83 19 82 238 0 255 162 144 255 32 54 74 191 255 0 255 189 0 0 162
    178 255 47 0 226 112 179 216 124 215 132 237 255 0 84 172 5 20 101
    247 59 255 61 255 93 137 0 255 29 36 92 233 2 63 255 0 203 255 0 190
    0 0 185 161 0 4 255 56 116 0 182 255 89 0 144 199 0 95 86 51 114 152
    255 178 94 255 215 0 0 35 187 234 255 38 174 255 68 94 0 240 0 176
    66 201 0 48 0 255 153 255 224 0 205 255 209 87 192 29 0 161 0 69 255
    0 255 94 180 48 35 142 9 0 225 0 189 255 75 0 241 22 255 9 0 92 20
    117 233 170 56 135 239 237 255 29 255 110 93 0 72 255 255 223 5 255
    0 26 138 0 178 207 75 36 175 89 242 121 174 40 188 104 0 0 0 255 131
    23 255 0 203 158 54 8 177 84 17 26 100 0 255 255 255 1 255 61 227 30
    147 174 96 0 50 198 83 94 184 103 54 255 151 87 248 207 130 255 115
    52 255 0 255 40 197 81 156 255 255 19 255 229 151 152 193 38 65 252
    159 0 255 255 0 255 0 202 125 0 0 255 0 186 180 0 0 0 183 240 255
    255 3 0 171 255 26 255 60 173 255 0 219 255 222 122 107 63 61 74 0
    255 255 161 193 126 64 196 0 7 17 224 255 55 255 186 3 198 37 214
    223 165 255 106 86 224 37 227 60 27 255 227 47 7 38 255 255 255 16
    255 53 117 215 255 138 239 0 255 178 27 0 204 193 210 72 174 16 89
    255 0 0 67 190 0 1 0 255 182 255 255 108 223 229 245 0 23 234 255
    255 198 163 41 255 133 124 255 0 123 255 0 255 12 26 0 251 255 53 0
    184 255 179 255 129 255 138 24 203 96 0 14 255 32 0 255 134 71 149
    164 255 166 52 195 247 0 150 186 0 255 117 0 253 61 109 0 63 255 55
    250 172 255 114 255 223 0 255 42 196 53 73 218 76 164 17 201 58 185
    0 195 224 53 0 168 86 178 105 114 255 255 74 255 188 245 255 246 255
    255 255 13 83 203 255 121 37 174 0 206 255 76 114 0 255 204 188 124
    0 255 0 90 0 255 219 255 0 0 0 110 0 218 0 208 0 38 214 0 255 185
    242 206 255 0 255 131 0 24 255 104 0 61 0 0 177 0 0 168 255 46 18
    255 2 168 54 200 136 144 103 129 255 25 228 213 238 255 0 209 113
    255 255 24 18 255 187 254 0 255 255 83 128 16 93 162 138 47 0 46 0
    255 89 255 237 255 129 29 255 0 0 96 211 0 255 253 0 206 255 255 0 0
    158 48 193 255 39 36 160 27 0 132 50 255 56 247 108 255 0 89 33 149
    255 24 42 255 237 255 187 148 0 194 209 0 255 255 213 73 93 0 196
    129 0 255 0 65 192 0 7 93 144 250 255 255 0 206 60 238 255 113 160 2
    255 193 135 123 216 121 0 19 193 0 7 255 0 0 0 206 255 0 173 0 0 255
    0 37 2 255 76 246 241 239 255 42 89 0 248 47 88 127 140 43 0 0 42
    199 150 98 207 229 5 169 28 0 0 85 0 222 17 0 0 238 255 107 53 68
    255 194 91 255 0 210 255 0 23 61 184 236 0 149 209 255 255 255 3 104
    38 255 0 25 0 88 170 130 137 113 25 0 186 255 0 255 156 220 0 54 255
    5 116 0 147 70 182 3 255 0 186 255 50 255 28 153 172 253 0 43 177
    173 253 240 44 172 242 220 12 82 0 255 160 45 0 26 89 255 32 255 167
    255 124 193 40 240 0 100 255 77 0 255 98 43 0 131 129 255 236 255
    221 0 192 25 255 157 139 255 85 25 98 22 37 203 255 225 182 228 0 14
    253 0 3 107 0 4 255 31 255 0 220 143 74 205 0 225 4 255 113 63 14 26
    0 252 221 255 75 255 255 7 102 0 199 0 30 34 46 89 255 0 160 78 119
    0 218 203 91 0 255 140 170 240 7 0 0 49 73 115 216 108 217 0 252 29
    101 78 255 160 255 123 249 126 0 97 84 4 0 255 50 255 228 0 110 56
    233 241 96 0 255 255 180 46 221 68 0 255 0 0 139 191 3 0 255 210 127
    255 0 172 185 47 0 0 255 19 85 239 255 0 122 79 255 233 148 26 125
    100 13 0 240 167 0 128 255 0 0 252 0 242 118 103 0 194 210 255 49 32
    180 94 255 255 196 152 255 0 164 99 238 129 0 0 84 157 0 0 102 0 214
    26 255 185 126 213 181 111 0 89 255 119 248 255 10 67 246 255 0 0
    255 255 255 255 179 255 116 195 255 0 255 184 237 106 4 109 36 0 188
    255 125 255 121 255 241 255 205 0 0 108 255 144 0 0 0 225 255 255 87
    0 155 239 248 255 104 255 30 38 0 0 0 14 255 0 240 102 167 224 90
    183 75 255 0 0 28 255 255 255 167 0 0 214 30 255 0 0 4 0 0 99 107 0
    0 189 219 0 205 132 244 0 255 79 255 116 119 105 0 84 255 139 94 75
    22 211 255 202 113 202 0 255 106 89 138 255 31 255 99 106 98 10 78
    255 34 255 81 118 0 255 126 0 190 243 0 180 157 63 255 255 0 255 134
    176 222 189 198 186 255 204 155 13 0 0 0 83 48 0 119 255 213 149 136
    255 175 210 38 0 48 79 57 218 228 150 112 51 90 209 255 21 20 217
    222 254 216 111 255 32 1 0 0 0 133 0 0 209 213 255 227 171 0 159 0 0
    0 221 0 229 255 0 99 156 96 30 169 255 195 255 36 152 0 117 0 122
    120 181 227 0 255 85 0 170 96 255 80 126 199 219 255 232 197 105 0
    121 33 0 168 16 143 255 223 109 153 251 41 128 255 130 0 28 190 82
    57 255 255 0 222 255 210 255 9 0 255 168 255 178 97 0 162 57 63 132
    95 181 255 156 0 0 203 63 112 106 163 146 155 47 255 238 10 255 118
    198 0 0 252 255 77 219 255 255 69 91 0 179 85 191 255 0 0 255 0 72
    255 165 77 255 101 70 255 123 150 204 231 13 31 83 24 80 125 136 39
    18 0 0 255 0 0 1 0 0 242 158 0 172 0 220 122 0 237 94 0 0 255 127
    255 173 130 116 184 0 15 183 113 0 106 125 134 25 0 107 55 0 62 255
    8 9 47 0 255 204 0 97 70 255 126 0 241 160 36 0 107 63 194 0 195 21
    34 249 188 56 221 172 64 255 80 142 255 185 4 255 55 144 141 170 200
    252 0 0 181 255 80 213 208 32 177 255 98 166 90 120 207 181 211 104
    158 255 0 139 255 0 0 19 223 255 199 58 255 226 190 52 0 201 255 147
    255 183 142 255 124 16 16 0 85 211 70 18 95 255 0 0 117 16 146 225
    255 18 186 209 226 10 255 0 47 0 210 179 0 156 211 0 218 121 43 255
    247 0 0 173 177 163 232 178 255 228 54 255 0 203 22 29 203 177 248
    237 161 0 0 255 185 0 0 53 255 84 255 63 124 255 227 1 0 0 255 0 47
    0 0 39 82 234 17 255 114 47 129 0 64 4 0 18 79 255 255 135 126 97 54
    169 216 144 238 1 32 2 129 0 102 255 96 19 220 137 90 0 255 208 89
    255 255 194 255 0 255 255 255 60 189 30 255 0 31 0 210 188 83 179
    137 186 65 183 0 255 198 0 255 249 0 29 233 42 0 4 196 117 178 255
    164 157 245 35 0 212 27 201 0 67 212 175 0 104 254 0 255 249 106 227
    42 157 214 255 43 105 141 255 0 143 28 12 0 255 235 235 0 0 29 148
    56 217 104 101 255 72 255 209 0 234 255 0 0 255 116 82 255 0 12 255
    0 121 78 51 213 35 255 0 210 255 224 0 126 212 40 9 179 0 226 114
    109 0 244 150 0 207 255 249 255 133 182 30 132 98 211 48 0 30 187 31
    231 251 180 0 122 57 175 253 77 255 142 86 142 201 202 0 44 67 0 219
    162 0 255 0 188 255 0 97 167 129 0 0 19 255 0 147 0 124 73 0 54 0
    187 132 212 125 0 34 0 49 77 0 255 21 101 152 54 243 50 1 42 255 41
    255 92 0 0 255 0 160 0 61 0 174 57 115 255 83 0 137 116 255 212 174
    219 255 68 255 21 238 174 111 114 255 3 255 229 0 255 165 149 255 0
    172 70 91 184 234 215 255 219 16 70 210 99 73 232 0 205 94 50 152 17
    76 0 255 255 199 18 59 255 159 130 0 123 22 0 254 0 24 104 0 255 0 0
    110 0 62 22 218 32 253 228 39 19 179 239 129 255 0 0 0 0 176 205 75
    184 65 106 0 0 238 0 130 255 255 255 216 125 66 33 234 149 6 243 254
    165 208 255 232 98 255 44 255 0 255 0 255 16 84 120 136 241 43 0 55
    0 140 48 0 0 67 135 255 95 174 180 67 255 255 214 255 222 69 255 60
    255 0 255 35 174 121 206 255 13 181 0 25 229 247 128 150 126 255 255
    93 0 224 143 4 79 198 0 125 255 0 249 193 15 183 65 255 122 255 210
    255 2 255 0 248 191 150 109 254 50 234 255 253 167 202 255 60 0 49
    126 125 213 255 31 223 115 216 9 37 0 26 20 0 0 0 255 0 100 16 0 148
    143 0 187 186 255 189 244 114 0 11 125 205 5 0 255 227 150 255 208
    29 91 72 0 0 75 175 0 0 255 29 8 99 0 0 16 0 0 38 72 131 169 255 240
    0 230 28 0 161 139 72 58 0 0 61 181 231 5 77 173 0 255 76 255 28 67
    0 90 255 0 86 65 15 8 202 71 60 128 0 74 255 86 18 56 131 96 93 48
    243 28 255 255 55 59 255 16 160 223 36 80 255 185 255 255 184 244 0
    137 98 47 255 27 255 180 75 219 255 65 0 85 108 187 0 255 255 0 120
    37 77 0 63 113 188 180 255 206 92 0 169 20 248 255 0 37 182 206 255
    241 141 180 232 216 255 84 107 252 97 255 103 71 174 255 0 39 80 0
    149 0 45 65 55 15 176 194 0 0 203 124 229 57 34 255 255 255 0 0 100
    105 0 83 161 43 145 86 0 176 0 47 255 45 208 255 86 200 255 134 39
    125 255 124 0 161 110 0 0 0 0 87 255 255 0 186 0 172 52 0 0 118 185
    244 0 153 255 160 255 214 16 0 18 119 59 0 255 39 255 255 102 195
    188 255 75 197 208 145 3 96 0 138 115 255 203 255 0 211 255 255 32 0
    138 43 63 93 255 0 170 156 0 0 212 6 15 99 65 255 113 255 64 119 255
    255 255 166 47 0 75 168 0 0 241 236 0 0 107 0 255 255 74 15 255 0
    169 0 191 226 255 87 0 255 255 61 255 232 255 229 138 189 68 96 24
    62 4 192 100 144 244 0 166 238 0 97 245 255 156 85 255 186 0 39 208
    31 255 60 163 255 103 201 84 0 0 157 45 104 246 0 255 166 17 255 0
    71 255 213 255 0 255 0 0 75 19 233 203 0 137 33 255 236 0 243 88 23
    236 54 155 255 10 0 255 171 173 23 207 114 255 205 106 255 0 201 156
    238 0 148 119 33 119 187 158 255 70 115 0 193 224 49 255 131 255 229
    5 255 255 78 255 92 175 206 0 208 56 255 226 255 128 255 139 142 161
    45 17 255 181 210 43 179 255 216 143 225 100 45 0 255 255 0 153 45 0
    55 146 223 0 255 211 250 0 133 215 0 91 0 0 64 0 0 24 13 0 255 73
    255 0 196 106 162 255 217 231 36 0 33 213 0 0 0 255 255 0 180 128 5
    1 0 0 0 0 255 28 244 169 42 187 24 13 24 255 77 163 7 247 205 255
    126 95 42 197 255 182 219 255 255 0 44 0 190 11 56 255 143 255 241
    224 255 192 0 38 53 140 255 14 32 255 239 116 62 105 137 0 81 255
    255 114 58 11 0 255 0 245 177 0 193 62 0 3 255 0 252 255 181 255 231
    250 11 0 249 0 127 0 72 178 187 0 86 63 255 101 255 82 225 255 115
    255 15 0 193 114 255 43 0 71 181 198 145 255 89 107 13 94 158 4 37
    120 228 212 55 94 200 181 255 39 0 255 0 10 110 255 0 255 194 254
    255 0 81 224 166 219 65 143 0 3 255 0 52 0 255 15 0 0 13 99 255 0 0
    255 172 65 60 173 255 198 144 0 47 192 0 0 213 255 255 82 255 196
    255 10 136 255 117 0 255 63 0 109 115 0 19 0 92 58 212 6 255 16 123
    0 175 0 6 0 0 172 138 255 255 158 255 56 255 255 223 176 255 27 103
    0 208 255 110 255 31 0 0 0 211 246 250 24 0 115 88 161 185 107 218
    239 92 149 0 255 78 30 255 140 178 255 0 255 24 76 255 129 5 112 89
    65 0 115 255 156 38 225 170 76 235 0 83 108 0 42 150 191 255 250 229
    180 78 255 210 78 0 255 141 195 0 197 42 149 33 241 45 216 139 159
    219 198 134 80 136 255 191 230 255 11 190 138 122 149 239 0 0 255
    254 209 225 114 255 204 255 100 255 209 7 255 255 69 0 224 48 219
    247 255 255 233 255 255 161 43 198 255 255 223 255 161 246 34 0 183
    31 144 255 183 255 255 236 140 255 235 255 37 182 255 0 62 116 0 51
    217 156 0 43 159 239 244 101 251 0 159 59 241 19 199 255 0 211 189
    23 203 223 0 96 84 115 255 39 0 141 62 15 0 210 0 0 171 254 142 0
    234 24 0 247 99 35 0 255 2 0 0 251 160 255 208 136 202 0 255 233 49
    0 122 250 155 65 0 255 4 40 255 0 167 80 253 3 255 41 54 255 134 34
    255 51 247 0 130 83 255 97 133 0 45 0 22 155 65 231 185 145 69 195
    25 255 194 255 0 255 255 255 255 0 255 255 255 49 255 158 64 23 189
    135 91 74 145 63 0 0 239 255 118 227 255 30 255 255 205 255 14 47 10
    140 255 0 194 38 15 197 255 107 0 0 244 0 0 255 255 255 153 102 0
    182 126 80 102 97 0 64 60 73 255 77 255 255 5 113 255 11 223 255 155
    50 5 179 0 122 255 0 10 189 139 255 31 0 209 198 255 75 141 0 255 0
    53 139 222 219 172 255 0 255 255 125 0 206 201 177 81 212 80 0 52
    210 194 255 239 149 255 0 78 227 219 255 3 66 255 140 139 0 0 145
    189 255 115 143 131 225 255 56 167 146 160 125 208 52 255 188 117
    180 0 255 120 0 108 251 111 91 84 186 255 231 255 20 255 198 88 255
    169 255 0 105 64 255 0 255 255 255 253 255 2 218 194 255 0 16 80 66
    19 131 191 137 129 66 0 56 223 255 61 0 189 118 0 11 177 230 27 0
    199 203 164 0 19 151 0 228 148 70 0 255 255 255 255 0 255 17 191 165
    110 255 49 231 119 0 184 4 0 130 21 255 0 23 223 203 30 0 213 219 0
    0 255 0 204 26 0 80 191 150 140 0 255 22 9 72 32 255 116 160 0 189
    18 187 5 118 143 89 255 98 0 255 0 0 114 66 0 0 117 0 0 196 91 0 31
    255 0 255 30 0 255 255 126 228 0 126 255 0 255 0 66 0 157 255 255
    206 214 54 255 19 0 255 204 4 232 8 126 74 0 255 0 255 255 0 198 255
    0 188 0 229 0 34 179 40 140 0 185 0 234 122 146 0 255 23 218 255 255
    161 70 61 169 65 193 230 173 104 0 73 255 89 66 177 255 14 190 112
    49 255 142 255 88 212 255 193 178 106 209 75 255 203 0 0 48 43 255
    159 110 0 0 45 122 0 255 0 163 250 255 0 85 80 0 19 0 140 255 155
    218 241 51 0 116 125 206 77 159 31 255 53 22 255 154 253 0 86 0 198
    0 246 71 202 0 255 130 0 0 63 0 139 58 157 255 222 255 0 80 161 0 15
    0 29 113 191 255 0 255 0 0 211 255 71 218 36 0 123 0 219 105 27 215
    0 191 124 127 255 255 109 67 255 249 114 39 103 255 0 183 255 215
    139 0 255 0 0 255 232 216 255 0 255 4 255 255 76 60 255 255 0 3 52
    49 100 255 0 213 181 158 149 207 119 104 90 0 8 216 95 222 147 54
    115 193 144 255 155 180 0 34 125 0 212 130 173 61 18 218 0 0 50 0 69
    172 0 186 61 205 234 168 0 118 194 0 129 186 0 0 35 255 0 169 255
    100 255 187 102 80 82 255 98 212 0 68 67 255 0 255 255 16 204 17 25
    255 116 124 70 210 0 86 111 0 123 0 0 133 255 148 103 146 42 226 142
    255 176 255 195 159 105 25 238 14 157 0 191 0 228 143 0 144 255 255
    158 199 19 10 183 186 140 255 213 0 227 0 4 190 9 121 0 189 0 0 249
    62 217 149 255 239 27 255 27 255 29 89 174 255 36 5 148 0 58 70 136
    0 255 51 133 79 143 0 255 68 2 21 255 255 114 11 190 0 232 255 0 118
    95 35 52 0 122 255 255 7 236 0 123 167 249 0 255 49 0 121 58 240 70
    255 245 86 0 255 229 0 0 0 0 132 255 255 255 53 108 255 218 228 0 0
    0 239 38 13 0 196 219 255 178 255 236 125 0 255 127 255 255 222 221
    23 0 237 143 255 182 200 214 171 26 208 0 215 0 255 255 235 187 0
    255 0 61 248 209 255 154 255 255 30 0 255 136 24 173 142 0 34 255
    173 0 0 56 0 63 126 189 165 0 255 66 156 189 255 0 252 213 200 0 130
    255 247 0 28 90 0 73 0 227 0 217 255 0 15 247 235 41 200 245 128 177
    34 82 148 0 227 83 0 208 185 55 205 73 44 255 255 0 43 151 191 13 15
    37 219 48 0 41 170 255 0 0 235 0 247 255 44 160 133 0 232 255 255
    135 114 14 79 90 222 23 208 255 0 149 255 0 47 255 121 255 136 196
    108 61 219 175 255 0 171 13 22 0 251 255 168 29 31 226 136 5 0 171
    117 230 24 255 182 255 54 255 255 192 255 255 113 33 110 255 150 21
    0 70 0 75 200 255 0 203 188 17 14 0 0 249 165 39 0 255 0 255 0 42
    117 198 198 23 188 207 219 255 232 223 109 174 0 0 255 0 73 131 255
    232 188 0 67 255 0 62 255 153 43 0 37 28 189 211 123 0 0 150 0 198
    185 61 0 234 187 162 255 179 46 0 96 255 86 172 213 0 44 227 169 255
    66 0 255 255 132 50 197 84 39 171 255 0 255 95 0 255 255 207 255 192
    80 255 177 0 255 108 255 181 255 255 0 214 121 255 255 109 40 0 0 38
    36 84 115 89 181 255 222 178 242 255 0 96 93 232 200 1 137 255 12 0
    0 160 243 245 102 13 221 30 241 226 10 113 57 168 99 86 177 0 42 0
    163 145 180 60 68 125 0 255 149 37 67 255 231 201 0 198 232 99 255
    133 178 19 217 51 200 255 213 255 62 255 199 208 88 60 66 255 239
    255 226 142 253 0 142 10 14 56 213 0 189 165 255 0 122 101 255 46
    168 255 29 88 255 255 0 0 255 0 60 101 255 255 243 107 112 0 207 255
    147 65 153 255 2 44 152 0 0 169 0 0 131 255 7 140 0 0 194 17 255 118
    3 162 0 255 255 69 106 240 173 255 255 62 235 252 185 0 94 0 250 255
    30 255 0 58 193 113 34 255 255 134 129 0 0 255 255 109 221 0 255 47
    112 0 0 255 106 0 50 205 255 255 206 157 241 172 0 86 148 255 0 39 0
    29 88 58 132 130 208 70 0 198 255 0 89 88 29 230 255 115 58 255 255
    0 221 17 226 12 106 0 206 116 255 131 155 255 218 255 132 0 221 0 0
    8 220 94 239 87 40 59 122 0 25 164 0 120 112 95 117 255 255 127 20
    99 183 10 0 175 255 74 59 92 255 132 97 75 0 5 174 109 47 182 47 187
    255 84 160 172 137 181 255 0 89 182 0 69 155 255 255 0 93 133 50 0
    16 255 0 42 212 255 255 201 52 255 0 0 0 0 0 88 0 166 0 255 118 0 0
    255 181 202 251 255 23 127 255 136 41 0 110 40 0 114 5 50 85 167 88
    255 219 199 143 255 0 173 11 7 255 123 90 187 28 178 164 148 255 249
    216 53 163 255 161 119 20 165 0 134 162 0 228 0 0 0 255 0 70 162 200
    255 255 198 37 255 17 46 5 0 255 58 255 255 187 108 96 225 77 0 110
    152 232 248 0 79 27 26 239 255 235 69 255 244 109 161 252 91 255 185
    124 255 11 72 221 58 144 233 0 0 51 179 239 57 0 103 255 255 255 255
    15 255 255 255 79 76 0 70 1 28 214 0 255 0 32 189 18 0 105 255 0 0
    58 96 255 255 255 97 167 255 131 39 254 57 0 17 104 255 128 10 89 0
    76 0 0 206 255 75 114 233 255 255 106 255 215 102 255 255 0 50 0 255
    104 255 239 195 246 0 255 118 0 185 205 0 98 142 0 218 223 25 117
    255 221 215 255 255 238 0 255 132 28 166 0 255 123 86 0 163 255 18
    127 210 138 255 0 245 255 61 206 164 228 97 252 236 133 255 0 2 255
    164 0 255 84 0 0 0 186 153 252 255 210 84 0 17 150 0 0 0 255 0 67 57
    15 106 0 125 83 86 129 255 167 221 182 255 255 0 0 72 255 0 135 106
    172 0 8 220 184 255 0 174 189 255 255 160 0 129 91 118 132 222 0 129
    0 255 134 0 90 164 119 0 136 0 255 17 199 179 63 6 255 17 119 255 0
    255 182 32 0 255 69 209 57 153 255 58 0 0 255 178 0 22 255 157 0 255
    31 185 255 254 200 118 203 137 20 0 88 87 16 255 0 0 255 138 147 99
    255 255 79 241 0 0 143 119 217 255 151 1 101 191 48 79 246 0 135 0 0
    235 56 0 0 255 242 255 24 255 255 255 101 0 163 124 44 255 0 153 78
    146 71 223 110 0 55 27 35 255 20 86 51 109 127 204 103 71 224 69 147
    156 5 90 255 255 255 65 201 49 170 0 23 163 202 163 0 255 255 0 72
    12 252 0 78 255 0 255 8 255 243 193 19 255 214 255 11 255 64 32 8
    196 0 76 90 102 124 151 255 0 0 9 255 255 139 255 0 0 0 0 94 38 201
    255 119 255 70 61 249 255 54 117 150 129 51 55 255 109 117 255 131 0
    0 0 61 0 65 47 221 255 234 0 0 14 119 255 255 130 255 64 228 0 232 0
    0 168 23 47 178 207 255 0 0 57 0 6 60 134 229 254 122 138 76 255 7
    255 0 0 7 68 0 198 255 24 169 0 50 255 135 0 0 113 0 183 181 70 18
    62 0 49 160 110 0 165 66 255 50 0 154 176 193 60 7 0 255 255 107 25
    255 146 255 245 123 255 172 0 0 255 90 0 44 147 255 255 241 146 205
    4 255 255 124 242 0 255 0 255 0 0 255 107 243 233 150 189 69 120 255
    255 0 191 255 243 0 126 220 255 184 96 255 225 188 0 6 0 0 113 0 40
    255 240 255 184 63 0 255 0 47 255 184 0 255 255 232 255 246 220 0 0
    183 222 224 212 255 168 224 0 255 255 9 75 201 14 117 255 244 50 27
    118 142 134 0 5 65 42 255 0 1 239 68 0 1 130 213 0 255 23 31 126 25
    103 255 239 39 0 251 45 248 105 255 255 0 43 153 255 249 189 94 3
    106 39 131 214 148 255 245 255 255 2 27 255 242 84 181 210 255 194
    227 154 255 66 108 255 255 69 174 230 230 0 62 198 0 0 218 0 253 60
    0 255 255 255 75 0 119 115 185 0 15 24 65 137 232 255 72 16 255 255
    0 57 0 6 208 0 0 171 168 75 0 81 223 122 63 255 167 100 69 30 123 0
    122 102 0 14 74 61 126 255 255 38 0 206 0 0 126 255 3 40 48 119 157
    0 76 16 255 0 202 112 255 255 0 206 154 0 122 7 255 99 155 255 108
    17 105 54 87 0 211 224 130 107 150 222 255 0 74 232 232 241 236 0 61
    101 29 185 0 255 0 0 92 47 10 0 122 121 255 255 106 255 18 174 255
    185 15 238 255 111 173 14 79 103 255 120 255 190 0 255 255 144 51
    208 0 164 150 0 46 255 217 172 186 122 204 183 236 255 51 255 114 0
    0 255 255 176 38 255 255 186 43 204 255 110 0 130 0 215 0 150 255
    255 49 0 193 89 255 120 121 118 160 92 70 247 255 0 255 24 0 126 0
    118 129 255 93 152 0 56 0 255 60 78 255 125 0 69 255 211 221 18 0 89
    0 80 2 0 255 210 255 11 255 40 203 0 105 46 165 45 0 255 0 250 0 169
    255 50 117 0 181 255 84 0 255 0 0 32 0 255 13 11 162 13 193 255 205
    233 255 114 249 255 203 0 50 0 255 152 166 255 61 72 97 86 255 0 0
    103 156 93 26 193 62 0 94 255 255 168 255 44 94 76 0 0 0 255 255 41
    255 9 0 209 5 137 74 255 109 176 0 0 16 82 220 197 107 0 13 255 108
    0 218 91 182 210 160 193 6 0 0 109 255 0 21 174 145 42 255 120 175 0
    166 57 239 177 217 74 252 139 0 255 255 175 255 175 255 122 255 255
    255 85 158 7 22 227 87 109 181 255 144 255 238 0 166 0 224 255 93 33
    244 232 255 255 210 255 255 233 13 0 105 98 117 232 0 255 255 86 108
    228 253 0 255 182 255 232 255 48 187 215 0 5 255 0 0 255 189 255 158
    55 27 82 25 219 0 249 164 164 0 0 226 79 255 42 196 249 191 255 255
    255 0 0 0 226 143 201 0 0 158 156 0 67 38 201 0 150 255 0 66 176 22
    185 0 231 82 0 39 159 25 237 0 255 86 122 255 182 0 215 255 11 160 0
    255 23 48 39 76 147 43 80 13 27 10 255 135 244 212 35 255 41 255 58
    230 60 107 255 32 0 255 154 248 0 0 255 0 79 58 245 0 122 236 152 98
    0 169 255 255 166 255 67 30 210 4 0 142 0 0 255 54 68 31 224 0 84
    255 0 255 197 255 162 45 255 23 241 255 255 87 255 234 0 0 108 207
    214 243 255 72 160 243 252 55 99 255 190 255 1 36 158 184 129 111
    221 255 75 221 0 255 227 115 0 24 153 8 131 0 183 255 144 0 10 255
    188 223 3 0 154 180 103 243 156 0 110 134 100 255 0 255 98 148 5 192
    86 255 0 255 86 24 40 7 227 39 81 145 228 65 255 151 0 92 255 91 66
    190 0 142 120 76 68 93 50 254 255 65 255 110 187 0 0 119 102 199 0
    114 255 183 0 73 94 106 0 145 68 255 243 39 0 0 141 255 0 0 255 78
    255 12 255 0 230 84 237 255 0 255 24 255 17 115 149 12 0 255 228 229
    117 232 47 0 178 255 252 147 190 101 152 249 98 70 14 78 0 0 183 90
    127 98 71 12 236 25 24 93 255 232 134 210 250 255 109 134 255 255
    252 255 177 255 102 255 255 130 109 99 242 116 0 255 45 255 32 22
    149 0 102 255 0 0 223 0 255 104 121 0 0 43 0 0 0 0 43 255 0 106 208
    0 205 91 0 0 0 0 47 221 255 124 39 133 0 170 168 59 157 42 185 255
    62 255 20 67 57 73 140 201 0 255 25 52 255 0 255 144 255 120 245 138
    255 34 194 255 49 0 191 60 0 63 0 0 122 26 255 195 229 255 0 0 0 245
    255 76 85 255 0 90 54 255 187 0 161 23 200 15 65 133 83 0 43 191 76
    0 170 154 253 255 154 180 145 68 0 135 0 0 141 209 255 0 0 0 85 39 0
    242 0 99 81 0 255 15 116 255 255 239 0 255 0 255 255 0 93 255 196 33
    215 66 192 230 255 30 0 0 202 99 0 216 53 140 0 98 105 97 253 163
    255 118 0 55 56 151 0 119 13 0 204 160 255 0 116 203 255 0 64 0 0 0
    46 177 72 229 246 206 1 168 0 0 238 129 209 71 170 135 167 255 220
    212 104 23 0 255 85 0 54 232 231 154 69 41 71 255 32 255 93 38 255
    255 255 31 255 255 0 224 221 211 128 168 235 162 103 0 116 153 0 255
    0 0 255 255 0 231 171 255 159 230 64 128 255 233 169 255 250 255 51
    0 40 255 242 87 8 145 255 255 255 138 114 255 176 114 55 148 204 86
    255 223 255 112 236 65 71 140 0 238 143 167 60 99 219 228 138 253
    255 90 216 0 255 186 15 150 154 186 93 10 136 182 193 0 43 46 167 84
    48 0 19 106 0 255 245 177 194 175 103 255 182 249 102 230 255 23 255
    5 0 187 99 119 32 17 255 72 63 88 0 129 255 107 50 51 124 44 77 22 0
    41 1 0 255 250 215 219 0 214 255 246 255 87 117 255 188 30 95 255 18
    128 56 255 117 0 255 200 79 255 255 194 84 0 255 0 175 255 64 112
    110 85 29 81 41 48 136 71 78 69 47 0 174 146 0 229 19 48 80 129 208
    123 11 16 28 0 42 95 0 61 150 0 35 100 0 182 7 116 255 0 101 143 0 0
    110 51 20 230 175 110 73 228 34 112 25 255 255 138 149 205 255 187
    161 132 236 38 255 255 221 188 7 255 102 91 21 64 17 178 0 86 224
    230 74 221 25 165 19 255 2 0 99 164 218 255 52 0 110 0 133 225 255
    80 182 255 0 255 0 255 26 0 0 177 132 75 154 45 67 131 243 36 160
    255 180 255 0 140 147 241 81 255 255 0 255 174 107 255 237 188 205
    165 104 161 238 69 135 73 175 255 220 196 0 119 79 221 0 0 62 46 183
    88 255 255 255 173 46 255 0 255 196 0 222 0 0 110 164 36 55 46 225
    28 137 74 255 47 173 210 95 77 210 131 55 0 0 69 104 255 153 73 61
    232 33 97 66 0 111 0 234 135 0 161 25 0 77 27 104 0 239 255 221 143
    161 3 255 0 213 114 255 80 122 255 161 251 217 255 255 255 0 0 0 0
    255 0 0 11 0 255 21 84 255 255 148 255 10 212 0 0 0 189 255 255 0 40
    0 244 53 0 255 255 51 132 135 217 0 205 242 0 0 79 0 0 246 172 48 0
    128 131 0 97 239 3 255 244 0 162 26 149 43 228 255 52 117 30 43 168
    128 33 183 255 255 255 16 255 255 190 208 242 255 0 10 0 255 249 255
    255 189 255 26 199 0 0 255 0 149 255 0 255 204 208 255 0 16 18 71
    255 134 255 81 224 0 0 0 116 220 255 106 0 201 0 0 230 127 16 255
    255 193 214 171 67 145 252 0 255 192 44 62 255 7 47 255 255 149 214
    7 95 255 214 26 12 203 132 255 27 134 255 99 255 40 223 72 195 51 0
    166 238 251 255 104 205 255 138 151 255 20 59 0 138 154 48 246 197
    254 94 55 0 133 120 18 250 0 0 0 152 195 83 88 161 0 62 210 0 12 165
    0 0 59 38 255 65 85 255 233 10 0 255 219 255 176 187 0 0 195 246 0
    103 235 13 116 49 255 69 89 156 255 255 255 255 21 0 143 217 48 255
    197 76 215 0 0 79 21 0 9 227 63 103 199 0 255 221 21 255 176 55 220
    62 4 167 14 67 53 0 201 0 126 102 0 255 255 45 255 10 75 185 202 255
    84 0 193 0 245 255 176 123 218 238 0 95 255 34 0 121 125 255 0 183
    255 255 60 43 255 61 0 158 75 0 48 128 0 0 238 233 50 119 160 255
    150 255 255 255 185 255 49 203 255 125 0 3 184 122 47 255 240 0 238
    255 83 160 114 255 61 121 23 0 0 255 0 36 255 255 83 38 159 124 0
    255 121 0 172 249 0 36 30 145 151 230 0 39 255 145 1 255 1 255 0 139
    255 255 0 0 0 192 88 27 255 0 95 255 175 242 255 0 91 92 0 198 253
    118 60 255 59 27 124 0 115 39 161 85 176 28 124 153 179 11 255 0 126
    141 255 255 117 18 31 151 0 255 102 255 39 0 108 255 255 0 255 215
    233 33 255 255 251 59 97 44 255 195 255 255 89 0 255 146 36 196 254
    0 138 255 255 251 194 253 255 255 242 0 191 232 0 57 93 0 255 15 26
    216 106 227 0 230 46 170 239 182 239 33 88 0 164 255 199 0 17 0 12 0
    0 136 255 97 25 142 85 29 0 255 0 199 126 255 43 247 255 255 58 93
    192 179 213 150 0 203 0 167 0 79 255 219 183 255 0 255 126 255 105 0
    0 0 255 194 247 154 187 221 0 255 0 0 255 112 255 0 245 152 255 255
    3 231 0 126 0 0 37 161 0 188 255 90 99 0 255 63 233 246 99 0 199 0
    156 26 195 232 246 191 0 175 81 10 255 150 111 73 183 187 0 0 150
    228 255 207 23 0 205 120 0 174 255 0 120 0 0 101 101 0 0 26 168 255
    71 11 255 0 255 222 255 74 162 139 185 162 100 35 143 18 228 0 255 1
    255 248 147 69 78 185 25 207 123 124 0 12 54 40 0 255 181 201 3 38 0
    12 239 38 36 84 255 255 77 0 255 59 0 255 0 37 2 26 134 81 129 223
    80 0 16 168 18 67 0 253 255 0 129 152 255 85 61 202 70 140 189 255
    130 4 169 51 255 85 9 31 255 130 129 79 116 107 0 67 24 134 189 255
    255 0 0 71 165 130 160 106 255 0 0 0 63 0 86 12 255 141 255 76 98 12
    55 0 235 146 43 255 14 21 171 249 183 255 0 96 73 200 0 0 255 255 0
    200 154 146 0 255 255 68 10 110 105 249 0 0 80 176 19 0 156 0 255 0
    119 0 130 216 0 34 130 255 0 202 98 0 255 65 0 0 228 245 255 117 82
    0 0 117 159 0 14 44 147 141 0 255 21 255 255 204 78 255 244 178 255
    196 234 255 0 65 160 0 255 255 210 255 244 58 201 180 192 174 187 90
    195 41 0 255 247 64 168 0 255 187 0 0 32 130 0 112 237 94 93 181 255
    96 0 255 0 0 0 48 155 91 0 162 255 0 255 87 255 0 145 253 117 0 160
    0 0 6 66 255 55 129 0 217 201 5 123 231 77 187 255 109 53 199 37 0
    255 38 146 0 173 82 213 255 252 255 217 122 217 195 0 0 165 73 231
    31 9 255 165 114 175 255 255 75 146 5 134 53 255 1 188 179 175 106
    221 0 0 209 92 255 0 172 214 173 79 185 62 61 255 229 177 252 255
    119 0 205 67 66 255 77 111 37 255 52 0 187 255 0 174 97 0 4 244 247
    71 255 255 71 255 255 110 255 108 109 28 255 0 2 128 245 255 160 114
    179 134 0 47 255 46 255 97 91 255 54 255 50 229 255 29 0 127 16 82
    88 255 189 113 85 104 104 93 0 200 73 54 159 0 41 255 105 106 224
    255 0 116 255 255 38 255 255 48 28 255 71 163 96 0 169 255 0 194 255
    34 227 0 180 0 48 255 251 251 208 22 255 255 0 0 83 0 64 41 192 255
    0 255 7 136 255 220 0 163 0 0 170 8 9 28 251 113 202 90 255 25 0 46
    79 0 113 210 0 238 136 148 12 0 114 0 0 0 161 61 255 255 255 42 21
    229 160 0 47 104 0 177 255 106 255 0 254 0 0 255 139 214 255 255 255
    243 0 255 108 180 60 3 255 156 0 255 0 0 69 255 116 220 198 30 54
    255 253 0 255 136 223 255 0 0 82 196 21 0 255 129 255 73 90 149 255
    0 170 142 96 26 99 138 89 134 0 181 255 217 202 171 255 222 210 145
    0 0 226 192 136 0 255 255 255 162 142 150 193 156 127 148 255 146
    113 162 23 0 0 251 0 0 241 50 255 255 0 74 255 104 195 0 172 243 192
    0 1 0 158 208 255 212 255 255 240 141 128 255 226 255 0 105 0 0 149
    0 193 255 0 255 54 0 174 82 0 0 255 234 253 61 255 56 240 83 241 0
    212 141 139 134 0 231 26 255 110 65 255 141 16 0 43 255 9 255 83 123
    68 110 255 163 157 125 92 255 124 135 0 202 121 0 221 212 217 0 192
    0 164 108 12 255 128 0 239 0 91 4 250 255 0 255 40 255 254 131 176
    255 153 255 0 223 211 0 21 135 0 182 215 34 255 0 228 0 4 202 27 255
    255 205 70 255 0 176 255 255 255 11 146 255 37 255 255 87 31 255 255
    64 0 233 255 117 132 80 7 255 158 255 250 76 0 103 139 42 132 197
    217 20 144 0 65 152 0 255 118 68 0 250 199 69 34 21 231 255 255 6
    255 0 0 225 255 3 180 140 246 138 9 0 112 255 0 249 0 148 0 199 255
    0 55 122 207 43 0 0 0 0 255 255 107 185 0 255 248 224 141 77 255 255
    51 255 0 32 17 164 0 58 142 0 33 177 0 91 20 145 255 155 160 240 106
    134 255 24 255 191 0 107 27 147 157 0 207 255 12 0 225 255 190 74
    198 18 166 0 0 69 255 255 255 255 7 38 181 255 255 184 255 132 189
    255 137 110 179 0 169 159 255 255 195 177 133 255 213 255 196 164
    255 19 255 216 174 255 232 28 151 249 104 0 0 31 57 136 119 17 98 0
    246 81 236 192 44 248 129 243 198 255 99 20 255 81 255 0 0 216 30 0
    255 255 136 237 255 232 255 0 0 95 16 255 26 255 103 27 0 71 0 255 0
    207 156 0 255 245 150 202 186 58 201 234 0 203 0 4 0 66 255 255 47
    136 214 0 222 255 110 37 19 0 228 0 103 255 255 253 65 229 33 54 176
    0 189 255 90 130 28 35 203 255 98 200 43 249 0 251 229 43 234 0 96
    189 0 187 255 164 255 255 0 94 0 0 64 0 123 188 255 60 48 0 255 108
    162 237 215 255 152 0 155 222 212 0 176 255 255 88 113 59 3 63 0 0
    255 154 255 255 0 66 0 41 57 0 145 203 235 185 140 255 190 255 46
    157 255 1 255 255 237 70 7 165 0 210 0 255 0 129 255 71 255 0 255
    118 185 225 255 255 110 255 231 143 0 255 255 236 155 21 255 146 19
    0 97 174 82 0 0 106 203 255 255 80 118 208 238 132 52 179 25 0 65 72
    44 202 87 98 36 107 132 0 255 185 255 129 154 255 80 33 0 251 255
    249 55 255 89 0 45 0 8 0 98 243 194 157 255 221 87 17 255 0 101 232
    0 255 51 185 19 255 0 255 0 255 227 57 140 126 247 255 49 0 54 74 0
    111 29 255 110 64 102 19 0 255 94 255 12 104 0 65 113 254 106 112
    228 255 255 255 230 214 45 1 240 255 50 185 152 0 255 0 0 0 204 64
    65 255 255 0 0 74 255 211 0 145 248 228 57 205 121 0 39 128 255 172
    255 255 255 42 73 255 44 0 218 0 0 41 122 0 0 237 255 0 144 125 255
    255 34 138 60 19 0 0 57 0 0 167 255 171 255 255 255 50 144 255 170
    222 12 47 255 55 255 0 58 135 251 221 255 30 77 206 189 0 255 255
    129 221 61 38 95 255 109 19 0 216 168 237 228 48 0 4 45 87 0 189 139
    50 0 255 160 235 255 0 104 39 255 65 89 0 255 186 255 255 81 60 0
    255 188 255 62 128 255 0 23 255 44 163 255 149 141 238 255 77 170 0
    255 255 104 255 109 4 118 255 255 234 175 0 255 62 206 115 16 255
    229 73 98 72 222 49 255 255 22 1 255 11 93 255 115 140 0 0 57 255 0
    175 255 28 255 0 0 255 168 255 0 138 255 87 255 255 0 0 255 64 0 255
    255 104 255 255 165 99 0 255 0 255 0 213 168 225 0 235 81 220 70 207
    0 0 204 223 0 0 144 184 191 190 255 89 229 0 93 192 179 255 45 44 11
    255 149 130 78 255 226 47 213 81 0 35 208 255 242 0 42 255 0 0 41
    255 255 68 0 227 250 53 0 79 247 21 54 39 11 0 255 0 113 52 4 255
    118 255 185 66 207 134 105 88 252 158 134 30 0 0 0 202 0 59 102 255
    255 169 244 227 147 0 74 255 99 98 18 232 255 189 192 219 255 255 0
    57 124 0 0 39 44 76 97 80 255 191 255 157 177 255 146 255 45 113 255
    158 255 43 0 160 175 66 1 218 255 0 233 111 5 255 255 152 152 0 0
    207 229 0 0 142 219 0 255 255 0 57 202 117 49 255 5 109 0 170 6 80
    255 0 255 222 24 68 0 242 247 93 46 0 156 0 26 11 167 147 0 135 84
    240 68 255 255 0 61 255 0 12 152 0 214 0 197 255 0 0 29 63 28 93 0
    130 0 47 31 13 34 0 12 219 195 127 149 181 0 57 255 110 34 156 8 255
    255 223 221 61 0 229 0 213 9 10 0 175 226 139 0 69 255 0 62 138 112
    255 255 153 137 77 219 212 151 245 255 0 255 255 138 206 0 0 30 49
    200 255 152 255 0 75 213 224 0 203 0 0 241 255 25 237 209 88 194 174
    241 255 60 120 157 219 46 223 112 204 109 188 212 134 85 35 0 0 195
    25 165 0 0 0 31 29 240 255 253 246 240 63 0 128 173 95 202 8 0 164
    103 45 227 254 255 96 255 255 85 177 26 103 108 31 0 178 255 255 236
    138 0 0 81 0 148 255 247 0 155 175 24 0 255 89 255 144 167 122 0 255
    104 124 0 69 0 135 106 255 152 255 5 139 121 0 172 255 100 255 26
    130 0 119 0 255 0 106 255 55 50 0 82 94 193 0 0 255 22 232 255 167
    44 212 129 96 0 234 218 255 27 255 255 255 0 199 247 9 0 167 29 0
    200 141 255 58 107 255 212 255 236 39 158 255 169 58 89 172 0 82 255
    78 58 0 0 212 166 2 0 141 0 255 105 255 174 235 255 93 145 114 255
    210 168 92 255 20 255 54 255 87 56 128 0 0 114 0 0 7 249 255 226 0
    136 134 255 255 179 255 234 0 108 62 238 219 0 255 255 116 216 1 0 7
    59 0 77 133 0 204 111 0 136 255 0 177 215 37 230 56 210 118 102 235
    101 0 255 201 34 0 0 0 0 0 0 0 255 156 242 0 255 225 255 255 75 47
    55 91 255 199 83 183 173 164 255 46 151 249 151 219 255 255 59 85 0
    255 73 255 242 40 129 14 51 92 255 17 220 61 73 255 110 255 0 255 0
    16 195 157 25 255 0 255 0 106 0 255 255 20 137 0 0 26 209 249 0 251
    122 253 193 255 36 0 0 72 255 60 255 198 102 74 243 0 56 226 228 153
    203 0 255 0 0 52 255 137 19 0 255 146 0 178 170 12 18 156 0 175 0
    190 223 255 255 59 58 62 255 213 228 93 0 111 151 35 59 255 255 141
    173 96 0 178 172 59 126 255 84 173 71 0 37 142 0 161 255 157 0 255
    255 175 0 0 255 59 58 0 172 100 0 248 255 0 159 76 0 255 59 112 0
    132 198 200 255 51 235 170 0 5 0 196 250 40 136 109 255 0 255 176 9
    161 38 255 191 2 0 78 197 255 0 255 42 0 255 0 49 159 0 111 224 0 93
    250 255 255 0 108 239 0 82 255 255 91 255 199 90 245 63 225 116 74
    187 5 255 36 255 69 17 201 0 0 45 34 39 255 56 255 14 255 65 179 125
    0 252 193 255 255 255 0 0 197 24 162 41 39 67 145 255 20 219 61 0
    196 73 0 0 255 164 0 153 243 250 0 54 143 73 96 94 0 142 185 44 255
    0 255 120 202 0 0 116 148 82 171 82 255 2 0 31 254 125 177 196 101
    152 233 95 0 48 44 0 204 216 176 251 150 194 195 255 47 157 0 0 144
    0 45 255 243 169 75 25 120 26 212 46 103 105 110 209 92 203 255 47
    42 0 255 35 0 13 0 131 0 255 212 58 185 92 80 31 0 0 55 85 0 182 83
    255 167 255 245 0 238 255 255 138 255 4 45 119 0 125 0 4 255 249 0
    34 0 0 118 152 33 255 4 185 28 117 170 255 88 0 215 0 124 255 78 78
    252 26 169 231 226 239 84 255 255 0 208 119 66 208 0 0 172 3 166 141
    226 0 244 0 18 25 198 98 255 0 18 220 255 0 44 0 0 255 78 0 0 8 203
    243 52 255 197 0 92 164 0 255 211 224 162 255 0 104 229 72 0 0 255 0
    54 9 255 255 255 255 234 0 255 111 50 20 0 255 42 0 183 176 12 22 0
    177 203 19 52 8 88 193 255 0 108 255 28 61 255 0 0 238 6 69 255 188
    255 213 46 255 128 107 255 255 31 216 0 19 43 126 173 74 255 0 23
    255 82 220 230 76 48 0 0 251 53 162 0 98 72 0 0 0 66 255 217 246 13
    204 255 103 155 255 3 0 255 195 255 239 216 0 0 0 63 94 96 210 172
    71 0 199 0 14 101 102 69 255 176 83 255 156 255 255 156 9 254 81 47
    182 0 167 6 0 255 192 0 212 255 255 88 186 255 155 107 184 39 240 0
    99 151 0 23 0 69 217 255 150 255 255 187 23 0 189 193 255 76 124 255
    255 255 79 155 225 90 0 144 121 0 166 24 255 255 240 35 13 255 255
    64 189 255 52 236 0 113 66 247 159 210 184 255 0 45 0 0 232 0 0 255
    0 225 116 1 0 195 81 99 70 45 226 255 0 144 0 102 255 255 202 89 255
    106 239 143 214 249 93 71 255 4 0 255 135 85 238 0 213 255 141 0 5
    167 67 0 0 217 121 27 34 0 139 255 106 255 250 243 185 81 141 0 127
    236 255 3 213 145 215 255 172 60 146 0 246 240 255 50 255 147 177
    235 0 232 219 0 132 90 201 0 77 0 238 143 0 168 90 71 233 255 255
    230 0 0 255 153 116 0 255 105 151 255 70 252 41 251 0 0 11 2 75 48 0
    85 241 255 227 111 158 80 67 58 255 0 117 109 0 255 66 182 150 241 0
    255 0 0 255 210 255 0 248 0 255 255 166 137 170 0 226 221 210 0 32
    255 218 255 255 22 175 173 35 238 211 194 156 83 45 0 105 48 255 203
    165 109 164 255 255 136 104 172 11 230 0 201 143 36 129 116 221 255
    0 255 255 255 106 191 255 0 32 44 1 91 80 255 207 48 55 135 42 181
    47 176 231 0 197 60 0 21 255 2 0 206 255 255 0 14 80 0 111 231 214 4
    255 255 255 255 0 178 212 255 48 191 0 0 255 255 91 20 0 177 138 233
    84 213 0 29 42 108 255 255 255 244 200 204 157 0 0 126 185 155 0 176
    0 0 0 255 255 69 248 89 84 0 247 197 53 7 244 114 48 255 41 255 154
    0 255 217 108 0 251 255 0 255 255 10 39 95 157 41 163 253 171 41 163
    180 202 255 140 0 255 239 103 109 0 10 219 240 6 183 8 255 255 230
    133 164 218 81 8 0 255 231 255 153 75 28 0 154 0 189 52 176 0 87 0
    255 255 198 82 23 251 89 0 56 37 5 255 105 246 1 208 0 67 43 0 133 0
    157 83 0 61 28 18 194 234 0 255 255 44 192 0 142 152 41 255 0 255
    141 255 130 96 208 255 255 197 220 63 224 169 230 0 0 140 89 0 255
    86 42 222 255 224 22 255 255 186 255 255 0 255 232 189 0 226 255 128
    127 255 0 200 255 255 221 255 90 255 255 0 12 70 255 167 142 255 0
    80 0 213 184 0 0 255 72 222 227 0 0 146 255 219 114 0 165 168 202
    255 0 59 40 45 81 0 255 59 60 169 223 255 0 224 0 0 0 39 239 255 0
    105 140 197 255 178 0 240 66 255 156 224 202 255 255 255 240 255 255
    106 126 51 167 130 148 48 105 204 255 255 255 17 255 255 34 255 171
    255 255 255 255 151 183 97 178 255 0 0 255 0 255 255 255 209 255 0
    189 14 0 31 0 0 239 166 0 0 255 83 202 6 237 255 236 19 222 166 255
    0 201 255 255 222 255 255 255 0 255 136 0 0 255 0 88 13 0 27 0 0 0
    126 137 233 98 185 140 15 0 166 0 201 255 255 77 234 87 56 101 0 254
    118 0 210 109 204 255 113 241 32 171 153 13 0 255 100 104 255 140 0
    237 0 0 98 255 0 212 0 136 0 34 0 94 255 102 0 17 27 13 255 93 88 0
    0 0 0 54 41 0 95 95 211 194 215 97 247 109 0 0 145 12 94 24 255 193
    208 146 208 190 31 0 255 216 0 203 101 237 51 5 7 37 255 246 197 66
    225 0 255 255 103 255 150 97 31 131 226 16 0 10 255 255 240 142 255
    108 178 0 82 0 208 55 0 28 72 0 203 255 202 21 249 255 0 47 0 0 0 0
    0 49 0 251 0 61 4 38 67 180 48 130 6 255 0 113 0 199 0 121 106 92 90
    27 255 227 236 115 24 195 255 0 255 141 80 140 0 93 0 243 174 31 43
    179 255 136 255 131 91 91 0 156 70 255 90 120 56 255 42 255 230 109
    135 61 255 99 22 55 0 0 240 255 0 139 207 0 179 4 255 36 254 255 255
    146 226 0 186 230 241 0 255 255 94 255 32 0 134 63 11 203 255 88 0 0
    255 255 255 46 207 255 4 255 249 211 0 47 80 255 247 151 128 255 0
    149 0 0 146 45 153 255 0 5 99 112 88 0 187 179 0 193 0 8 244 255 51
    132 206 176 19 0 222 255 190 114 255 39 53 235 107 255 255 146 183
    255 90 59 0 0 10 255 236 210 201 194 255 49 88 38 107 0 84 255 70
    255 0 152 197 171 255 206 255 255 109 209 0 121 255 177 97 142 255
    18 0 255 222 255 0 88 0 0 167 27 201 120 255 0 255 232 92 255 23 152
    0 0 232 125 0 255 255 144 255 35 192 0 232 150 0 14 184 177 231 11
    255 162 255 0 0 26 255 199 0 138 73 96 255 0 62 255 165 235 255 0 76
    70 167 158 121 158 47 255 255 14 111 255 22 13 145 255 0 196 152 0
    114 197 150 164 255 190 0 194 42 255 0 0 81 96 0 255 136 230 87 155
    140 255 113 255 116 77 255 0 244 221 245 170 181 0 0 76 0 120 173
    103 255 210 84 0 136 255 221 137 135 0 255 255 0 0 255 123 93 255
    255 223 80 254 0 10 237 0 0 192 60 0 255 237 29 99 0 145 135 255 172
    180 7 146 0 255 0 23 176 255 106 71 216 255 184 0 212 255 180 0 36
    79 0 255 195 255 43 157 100 1 255 255 255 207 111 255 197 65 71 255
    0 255 255 253 36 9 89 237 255 151 0 254 92 5 115 205 0 255 211 229
    185 98 43 0 159 255 45 129 186 0 95 147 38 19 57 255 211 173 11 213
    0 77 239 144 255 0 0 0 255 173 0 124 249 0 77 43 126 0 125 0 28 255
    255 0 255 255 78 135 255 199 0 165 155 202 254 44 18 255 0 0 123 157
    75 0 123 210 0 0 87 255 0 215 150 251 32 255 142 131 172 126 250 201
    154 102 230 255 156 0 80 36 179 0 228 0 239 57 255 185 78 237 0 0 90
    129 255 10 202 88 101 209 7 236 196 122 255 90 0 69 197 206 96 172
    255 255 92 185 99 87 41 0 127 255 242 226 0 92 78 255 132 0 208 28
    255 255 0 255 53 58 0 255 255 0 0 135 171 255 61 82 255 64 76 1 0 1
    0 217 150 255 48 255 0 204 178 223 123 0 224 98 0 228 0 255 0 99 255
    255 0 255 255 255 255 94 28 255 255 121 0 18 232 162 0 19 0 16 237 0
    255 245 0 0 46 255 255 213 31 255 246 126 0 120 255 95 128 212 255
    61 171 255 0 0 239 0 120 138 108 184 255 26 0 254 255 58 226 190 169
    255 12 0 0 255 45 214 177 39 141 187 41 26 197 165 117 104 50 0 22
    68 255 155 255 255 104 255 84 114 255 0 0 71 255 32 0 115 182 255
    218 255 247 0 255 255 82 23 51 241 160 168 0 0 104 0 0 0 255 159 24
    0 37 255 215 255 151 0 219 235 0 67 255 255 87 255 236 0 255 181 0
    230 255 255 0 187 72 124 23 88 0 30 0 187 238 23 165 51 20 255 0 255
    38 0 151 113 0 115 255 0 137 204 255 0 81 255 0 196 153 255 53 18
    121 255 168 218 11 221 85 176 255 221 255 209 109 189 0 255 0 199
    131 128 67 255 255 255 255 255 255 114 0 208 138 0 128 241 0 32 0 17
    8 140 184 0 0 154 39 177 182 44 255 27 124 255 108 255 0 0 255 120
    255 255 120 135 0 199 255 226 255 0 200 196 255 12 255 193 255 178
    255 255 165 255 69 59 84 0 212 255 164 43 10 64 0 250 204 146 218 0
    44 0 0 34 0 25 144 0 75 227 192 143 154 238 237 13 255 163 76 239 0
    132 255 213 255 255 54 255 91 130 109 0 0 255 0 46 181 248 255 124
    255 255 255 75 255 255 0 81 0 181 235 255 127 0 123 0 255 214 195 67
    255 255 255 254 0 0 0 30 183 0 0 202 202 0 255 0 176 147 70 144 118
    241 225 255 69 116 255 226 136 163 6 255 198 0 74 255 133 28 0 80
    255 0 255 156 255 0 255 31 0 171 0 40 0 0 176 86 248 255 110 45 181
    86 255 255 0 18 0 99 0 225 241 87 57 147 255 0 185 0 79 101 255 229
    72 173 54 159 7 0 255 234 216 241 82 226 157 131 0 0 0 255 255 75
    243 52 255 3 88 0 188 41 0 56 255 205 11 0 230 174 238 255 255 186
    252 255 255 201 255 255 15 6 212 109 0 239 0 132 48 100 255 254 160
    11 255 62 64 0 76 0 203 43 41 194 0 197 123 255 189 215 140 240 255
    145 0 24 133 0 0 255 255 219 232 255 195 89 0 0 120 33 217 255 84
    193 255 79 132 108 225 14 0 255 12 212 68 255 0 187 124 255 31 209
    255 205 0 255 200 255 17 197 59 82 216 160 189 93 246 0 83 0 151 0
    142 141 255 224 0 0 173 255 0 255 0 141 0 124 255 255 49 255 213 255
    43 11 255 53 212 166 0 117 255 185 128 175 237 0 64 255 194 127 80
    25 255 235 96 189 255 158 222 255 85 255 9 0 0 255 255 14 0 161 247
    254 195 0 255 94 240 108 150 112 0 255 212 0 226 255 181 255 229 122
    0 255 220 172 124 56 197 255 119 125 27 0 239 175 233 0 255 42 255
    149 84 72 167 70 255 11 35 112 60 255 255 0 104 243 0 255 255 255 0
    246 220 212 255 193 255 255 198 0 191 141 127 158 127 0 255 154 8
    255 17 255 255 92 111 97 171 173 255 255 186 224 255 0 255 91 119
    255 90 30 179 105 255 244 0 240 58 175 111 28 0 205 169 0 0 0 0 48
    95 2 0 110 245 23 115 158 80 251 5 234 60 200 60 121 68 202 73 125
    255 114 77 222 37 116 3 176 148 89 90 178 255 126 255 0 233 84 0 190
    13 242 168 118 120 39 27 255 42 134 168 150 97 0 111 250 0 189 35
    255 218 227 240 222 121 255 90 74 189 7 231 239 178 90 252 241 255
    103 210 83 40 0 0 0 61 203 255 202 165 181 172 175 208 0 60 255 0 39
    221 220 22 84 139 35 255 170 222 139 79 21 114 39 119 221 25 0 232 0
    7 18 223 86 200 255 255 171 45 0 0 0 231 81 0 125 0 179 255 176 47 0
    255 183 11 255 0 165 155 162 220 255 0 220 234 0 0 0 127 69 255 93
    92 204 34 54 78 74 111 89 45 101 120 204 255 139 0 254 68 0 104 0
    238 211 42 83 192 19 58 93 0 135 242 0 169 119 255 170 0 85 255 255
    227 127 185 228 157 199 88 170 255 255 4 175 0 33 202 209 146 174
    255 165 0 0 255 108 148 255 255 122 246 255 123 255 0 107 0 123 209
    255 0 45 107 25 255 249 255 255 55 255 255 255 16 206 255 213 194
    212 198 0 255 255 36 245 109 176 156 255 184 136 22 170 35 19 255 61
    14 74 0 255 91 182 0 255 224 3 153 71 180 175 186 255 255 55 146 255
    176 51 0 255 0 18 255 0 249 239 22 41 215 125 91 255 233 191 235 197
    0 192 107 156 85 61 91 255 179 255 0 167 0 255 239 250 255 241 108
    195 255 255 48 241 89 28 255 0 220 255 255 0 0 165 0 0 142 247 0 223
    0 22 255 0 255 247 52 55 0 232 0 70 175 99 0 223 133 77 42 170 35
    219 219 255 128 229 0 0 199 93 188 182 5 94 255 255 190 0 18 255 60
    0 253 65 255 0 213 255 21 2 6 44 7 0 84 0 255 150 121 255 175 0 88
    22 133 45 165 95 255 208 255 137 150 191 199 0 176 198 100 255 255
    255 114 255 207 212 224 124 255 72 255 76 255 43 132 11 44 0 33 42
    152 34 0 44 255 255 240 181 145 35 44 168 246 255 0 184 237 75 0 51
    232 178 195 251 76 61 0 111 7 161 239 120 255 255 255 26 116 115 127
    91 247 198 216 255 37 220 97 146 0 42 0 172 45 0 194 47 254 48 125
    72 41 255 111 0 255 191 79 187 122 255 55 203 255 255 113 214 17 0
    127 61 93 111 31 102 255 0 216 206 0 253 0 145 159 221 0 169 104 0
    155 162 255 0 12 137 94 0 0 132 0 115 0 0 255 187 188 67 255 255 194
    229 146 0 154 240 0 174 157 255 0 0 234 255 90 147 117 120 217 0 252
    231 175 46 109 176 9 169 123 181 190 109 219 0 255 173 255 16 154 1
    0 114 0 159 253 0 255 214 141 248 70 192 11 77 0 37 94 255 0 172 127
    255 46 0 17 0 43 234 219 223 156 79 99 98 87 228 0 46 49 255 222 132
    73 45 57 0 0 119 255 255 255 144 185 0 77 224 255 255 56 79 100 133
    219 32 34 207 255 255 255 0 255 151 0 0 0 0 255 2 0 227 151 132 0
    255 175 23 36 230 0 154 255 255 48 196 255 212 167 223 0 198 193 0 0
    73 101 98 150 148 137 89 0 153 103 255 255 165 78 51 49 255 253 113
    80 205 255 255 251 0 110 0 0 245 0 186 144 7 35 210 18 255 255 9 255
    69 0 0 255 177 252 84 114 0 0 0 255 255 255 242 0 255 129 0 170 193
    53 205 0 182 0 49 76 225 240 0 252 255 196 255 27 0 0 60 119 247 92
    255 15 39 243 59 125 139 255 237 138 242 34 192 121 26 0 35 9 38 246
    255 0 40 255 255 143 0 192 107 64 0 105 178 146 0 0 233 124 0 82 246
    235 250 44 0 142 111 255 224 137 255 239 195 0 76 233 77 64 10 255 0
    67 64 20 88 252 179 205 255 255 154 171 255 80 227 255 62 185 166
    116 172 41 255 223 189 96 186 255 95 0 0 196 255 180 176 255 255 193
    48 255 255 255 255 226 172 0 169 167 221 242 0 0 219 238 63 175 163
    255 62 222 78 10 160 115 99 0 148 254 204 255 71 67 167 79 166 67
    177 255 255 0 16 147 0 0 255 255 205 61 155 158 0 255 100 255 92 255
    255 67 42 128 219 255 0 213 206 255 255 250 255 255 219 54 255 255
    107 143 0 134 0 191 61 186 227 83 0 159 182 208 79 0 1 255 255 0 255
    205 0 255 2 4 73 102 206 39 147 0 0 158 0 0 161 0 79 186 7 241 45
    220 118 0 180 0 0 78 68 84 117 255 79 18 0 0 0 212 255 216 119 207
    255 0 255 211 193 0 255 185 211 35 0 192 118 255 0 255 0 91 43 255
    216 23 189 237 194 255 91 0 255 34 0 134 206 255 58 255 165 227 2
    255 170 162 255 255 0 136 0 14 255 226 48 135 255 255 133 157 34 0
    71 255 0 112 134 0 190 89 255 255 252 189 255 19 255 105 78 0 255 90
    255 35 57 0 0 61 201 18 207 166 255 96 64 14 0 88 85 255 199 0 255
    255 0 0 0 255 255 0 208 77 4 245 238 221 68 182 102 249 35 255 244
    244 195 255 227 255 53 255 162 137 255 255 160 245 54 97 54 234 7 0
    242 106 121 107 23 25 51 0 241 55 0 35 0 160 136 168 32 8 141 255
    140 0 255 112 0 41 154 242 247 144 226 82 216 149 147 98 208 0 97 58
    47 197 46 255 169 215 75 0 81 255 51 40 0 255 149 190 255 43 0 30
    255 0 205 0 255 62 120 192 255 113 210 255 192 255 221 99 0 255 12 0
    145 0 202 112 195 82 0 252 36 255 66 43 176 152 0 106 86 140 0 68 94
    160 152 66 6 55 255 0 193 0 173 149 101 151 0 44 0 8 16 0 183 0 153
    100 223 255 70 133 0 191 255 253 162 0 255 0 0 205 183 242 189 255
    166 66 255 0 255 154 112 0 0 187 0 229 102 200 35 0 53 170 180 155
    30 34 255 205 43 238 143 197 235 183 214 0 0 130 255 0 255 15 51 126
    24 255 61 255 217 198 221 14 33 41 90 46 244 255 0 0 113 118 0 148 0
    0 129 65 0 12 213 36 255 63 255 113 0 232 255 180 237 36 255 240 141
    110 188 44 56 237 255 255 185 180 0 255 62 0 255 52 0 125 123 130
    255 0 172 0 17 239 86 212 114 255 255 135 246 206 219 0 9 133 116
    255 231 175 148 193 235 153 62 18 238 164 97 57 118 11 83 0 103 240
    144 218 255 229 166 156 72 255 255 228 137 239 21 0 35 255 55 255 46
    131 0 142 84 137 242 209 26 217 24 0 0 218 0 180 41 220 0 22 141 127
    255 61 64 255 255 0 255 183 9 0 0 226 84 255 255 16 33 59 0 255 113
    82 0 0 133 0 255 133 255 134 136 38 75 107 103 255 86 137 255 255
    149 206 0 255 137 0 255 0 151 199 253 255 255 0 52 81 255 0 100 250
    151 255 254 9 189 129 82 0 234 250 30 106 5 72 24 172 207 164 255
    105 237 255 224 178 255 22 0 172 159 216 0 7 49 215 0 14 255 139 121
    233 248 145 84 255 74 73 80 0 183 244 77 112 32 122 77 85 250 193 44
    0 187 136 254 6 253 3 222 37 97 163 183 55 159 169 0 231 23 214 255
    255 82 62 95 210 218 255 0 241 255 216 0 0 255 255 228 255 98 0 8
    250 224 255 0 0 255 88 206 43 7 46 0 172 48 0 19 72 0 0 85 57 0 166
    255 0 0 0 255 207 237 255 156 255 151 168 185 0 113 254 255 147 52
    18 46 0 102 0 131 82 130 69 7 0 0 255 4 255 0 225 0 11 141 164 32 0
    0 255 186 255 112 0 37 99 38 50 255 0 75 178 30 0 243 0 249 0 105
    109 0 146 0 186 90 71 0 175 27 0 255 158 28 240 255 255 91 34 255
    105 8 0 77 238 143 0 187 0 0 250 143 242 163 0 255 70 72 175 202 94
    255 0 214 45 119 59 157 158 101 255 184 0 156 127 255 0 8 221 0 255
    238 0 140 255 0 147 155 21 95 0 0 0 0 0 248 194 255 255 255 255 0
    253 72 160 107 248 87 230 0 19 2 78 71 146 0 129 255 2 0 186 255 208
    0 31 152 255 161 42 255 214 215 59 55 91 79 255 27 255 255 0 201 255
    82 0 85 199 119 165 48 255 114 0 79 85 61 48 238 0 7 0 187 174 117
    217 0 48 0 139 138 67 0 191 255 117 87 0 255 255 209 190 5 123 255
    181 92 255 0 61 255 236 0 140 0 253 0 0 255 123 247 233 239 16 146
    131 34 0 31 0 192 86 0 15 154 162 41 0 160 36 255 255 166 0 0 227
    255 134 115 255 255 185 255 255 0 76 255 144 246 154 170 255 24 201
    49 232 164 0 188 177 62 219 246 255 255 168 209 173 255 0 246 255
    163 61 243 0 255 33 0 0 170 65 168 94 15 0 205 32 37 255 255 80 0 0
    61 255 255 118 57 255 99 83 206 0 14 169 255 255 0 2 255 177 166 84
    255 10 26 107 0 255 0 185 255 144 10 99 191 168 205 238 0 255 115
    166 94 255 255 255 53 0 0 180 186 214 0 223 0 200 109 219 0 134 234
    7 186 65 45 22 255 0 255 48 223 255 99 40 51 0 0 255 0 233 56 0 255
    188 0 255 197 62 39 255 140 39 0 255 94 210 87 255 155 249 88 168
    255 0 95 0 255 0 60 255 112 0 145 213 102 0 99 251 0 198 255 225 236
    32 255 116 167 28 131 79 255 0 80 82 124 157 255 159 168 24 0 131
    255 206 255 176 211 76 255 245 226 195 56 0 92 186 4 0 44 176 6 0
    123 0 15 150 199 168 105 40 25 197 69 90 56 0 0 89 0 59 255 0 25 16
    21 128 15 255 54 23 13 179 240 255 11 130 255 25 115 255 25 156 30
    159 77 255 122 248 0 255 220 32 64 255 0 155 89 171 255 0 131 109
    175 87 0 94 81 0 201 0 0 214 121 173 81 72 215 255 8 0 0 152 255 19
    154 113 247 255 0 0 255 91 223 67 243 255 89 255 81 33 255 8 175 128
    85 230 0 80 29 12 0 255 207 0 0 73 255 0 227 247 217 134 216 100 0
    14 206 125 151 125 76 28 243 61 255 192 169 87 218 0 69 68 95 219
    124 66 113 255 255 213 69 79 255 255 0 0 32 222 46 88 111 0 199 255
    255 23 130 81 255 139 255 255 0 30 0 0 0 230 55 226 190 180 132 176
    255 190 102 66 175 214 205 19 0 144 0 27 187 244 115 249 21 28 136
    255 90 246 94 194 45 0 255 39 156 0 0 14 48 0 255 26 0 179 132 255
    25 255 255 0 116 209 171 173 228 242 255 5 255 255 89 28 252 21 255
    0 70 0 0 0 32 196 76 254 166 18 255 65 255 221 88 0 32 0 86 200 84
    37 0 50 245 0 77 255 230 58 239 8 172 0 255 234 223 255 57 6 113 207
    0 255 208 2 42 108 0 198 59 149 245 48 255 255 255 104 172 214 250
    178 203 24 79 160 228 0 168 71 47 255 255 255 255 0 0 255 122 141 0
    221 83 17 39 134 21 66 240 193 175 152 65 0 255 0 196 46 238 0 199
    94 160 255 102 59 51 255 34 14 62 195 205 0 0 255 255 49 41 81 242
    230 187 158 60 255 137 169 195 76 87 92 255 253 255 139 236 170 228
    3 62 13 255 0 203 255 0 125 255 0 0 255 181 91 255 0 152 0 71 0 59
    255 0 130 155 0 255 255 97 0 0 87 0 95 195 190 218 158 182 116 0 1
    119 223 133 28 108 138 252 0 0 0 215 163 250 155 88 0 142 255 0 255
    0 5 93 255 0 40 0 97 71 196 88 185 255 215 207 255 196 159 5 0 255
    197 191 155 164 83 179 255 150 36 188 238 109 63 0 99 255 183 59 196
    20 27 235 255 0 104 163 48 0 255 219 181 255 0 47 0 154 146 0 95 59
    0 125 210 255 199 255 0 153 43 0 56 0 150 101 49 163 76 255 73 255
    65 200 140 123 255 236 0 69 157 26 199 255 255 255 77 255 20 245 248
    120 0 0 48 66 37 255 191 254 255 0 90 255 19 255 0 152 88 249 52 17
    8 255 162 255 232 254 0 255 255 187 216 152 180 86 148 185 255 138
    42 0 78 52 129 0 102 255 0 255 255 167 255 254 208 0 189 126 255 118
    255 255 205 27 246 151 255 172 255 80 240 255 51 0 0 155 193 4 109 0
    0 199 0 255 78 200 130 80 86 0 253 64 255 255 96 255 0 105 255 0 87
    153 0 219 252 59 85 121 211 0 0 0 255 255 0 0 86 72 0 78 34 255 173
    140 255 194 255 31 111 114 0 89 0 167 65 1 183 39 245 91 203 255 255
    0 255 88 100 0 39 83 0 128 255 255 85 255 129 142 158 255 94 229 64
    255 0 210 255 146 129 145 255 0 0 235 255 254 31 4 207 4 164 64 50
    72 73 0 219 228 80 158 255 255 139 0 0 255 255 255 208 255 237 255
    31 23 255 0 45 59 255 0 219 76 0 255 122 62 191 44 9 171 96 213 24
    26 0 216 128 2 162 9 255 86 160 111 0 0 206 223 19 0 82 255 255 172
    0 37 255 175 38 0 32 11 28 0 255 184 219 0 145 141 255 89 165 148 61
    0 244 176 238 174 201 255 8 255 0 255 18 226 93 0 146 255 0 103 255
    0 0 111 255 11 117 104 247 0 0 204 117 9 255 139 245 232 49 164 0
    255 41 255 0 0 255 200 0 68 164 29 73 14 46 227 161 82 255 56 71 52
    44 255 70 195 160 120 75 0 60 26 0 50 0 0 251 0 0 255 0 96 29 0 242
    162 132 19 0 240 95 187 106 132 2 135 0 0 238 78 255 255 3 174 255 0
    186 255 253 150 47 89 59 159 157 26 213 0 60 167 0 15 95 163 193 150
    57 0 248 62 255 130 60 255 209 78 85 0 99 0 255 87 0 255 0 255 0 0
    21 0 188 0 0 255 255 71 123 255 35 255 29 54 0 64 0 104 0 151 21 46
    64 255 45 99 255 109 156 255 159 23 237 31 187 35 85 173 76 222 42
    145 39 252 0 255 81 87 255 0 255 60 80 255 0 0 1 149 130 255 67 168
    27 96 61 136 142 255 64 199 0 0 255 0 0 207 109 97 255 7 126 138 250
    255 63 255 0 187 90 0 255 0 99 0 255 55 4 0 255 0 176 0 0 255 255
    178 21 201 148 255 21 143 174 255 206 127 80 129 227 0 0 255 252 64
    124 18 137 255 255 255 75 187 249 255 194 0 136 0 24 125 119 117 60
    255 221 72 255 255 255 78 0 255 58 116 2 27 37 255 102 249 161 255
    96 113 181 140 178 255 255 0 0 0 0 70 124 225 77 0 191 74 0 102 255
    186 96 38 187 144 255 255 241 255 255 255 173 255 0 0 137 175 56 0 0
    130 31 0 68 0 0 255 185 0 201 0 145 153 188 199 0 255 255 210 43 134
    255 204 114 0 255 255 255 38 15 221 255 1 145 195 239 137 114 8 217
    58 0 0 255 66 0 79 194 0 0 136 255 17 199 0 27 232 21 0 197 37 36
    252 238 255 8 255 62 148 208 214 0 143 200 31 9 68 175 45 255 254
    255 255 16 127 0 73 140 155 111 150 200 50 255 255 70 0 231 11 0 53
    37 43 255 50 255 255 75 255 0 130 34 75 0 1 232 0 209 50 0 210 144 0
    255 201 82 0 217 75 111 0 255 82 149 175 61 141 137 255 255 255 173
    236 56 6 0 150 255 68 0 255 183 41 72 0 200 243 197 175 88 255 0 138
    6 0 84 0 144 162 208 128 0 0 240 51 255 255 129 243 255 109 185 128
    157 255 0 69 91 214 166 0 113 231 0 31 255 0 180 0 9 255 139 255 0
    255 171 34 244 19 59 0 78 243 88 127 0 77 0 215 48 64 255 0 76 0 86
    0 38 255 0 200 47 255 0 255 57 75 216 115 255 63 241 0 255 0 197 175
    12 255 0 35 244 0 255 236 0 255 147 68 34 0 37 59 204 255 255 165 25
    104 203 0 16 255 51 63 205 221 143 177 255 149 0 0 134 148 154 151
    255 0 215 110 255 192 77 0 36 87 205 153 193 0 255 96 10 66 16 255
    146 255 255 255 15 255 171 4 205 66 32 255 185 161 255 32 255 62 80
    249 0 253 255 0 95 182 0 176 43 62 183 0 114 0 0 255 212 133 0 96
    255 167 0 38 0 255 0 0 0 25 8 168 227 133 0 242 255 0 222 0 53 0 240
    0 255 0 30 0 171 255 140 199 255 255 0 91 255 255 0 255 215 182 252
    255 255 255 2 255 9 156 0 0 92 139 198 0 76 204 134 10 150 24 144
    153 13 33 255 0 18 110 0 0 250 123 0 0 193 91 110 255 140 215 195 70
    138 121 0 42 255 226 245 79 0 5 55 111 255 0 207 255 0 112 255 0 0
    174 30 232 41 100 246 255 102 35 87 110 5 129 95 91 255 57 69 62 0
    255 0 69 0 0 4 0 245 235 255 0 71 255 255 255 2 255 255 135 255 26
    147 59 255 255 0 95 87 0 109 222 223 15 105 129 180 17 41 246 76 151
    171 255 0 0 159 95 188 255 72 0 167 149 0 3 255 190 255 255 130 158
    55 213 255 0 31 173 0 255 50 80 89 0 243 110 95 255 255 255 207 192
    255 199 241 188 71 255 255 28 100 48 0 211 16 0 40 255 146 0 36 136
    66 0 52 201 174 5 0 42 55 27 107 0 72 138 251 38 255 205 86 255 0 19
    255 0 133 255 255 255 255 88 40 115 255 92 241 203 226 92 143 0 143
    243 219 179 97 62 0 0 223 135 173 111 255 2 0 85 232 10 185 0 0 255
    242 0 21 255 255 255 255 255 40 105 255 106 0 108 255 255 67 2 255
    40 173 255 0 235 243 164 255 22 144 235 255 175 50 255 247 85 255
    255 255 255 0 90 0 210 78 23 0 0 114 0 125 255 255 231 143 255 0 0
    255 199 199 255 119 191 98 219 156 105 38 179 147 135 0 246 81 255
    44 255 72 124 213 129 101 241 0 117 205 16 52 255 0 255 0 255 255
    255 0 249 23 0 97 255 173 153 255 53 238 0 224 0 145 255 118 0 5 255
    0 242 17 173 255 255 0 255 17 0 255 0 199 100 0 255 254 57 235 17
    209 255 239 102 68 177 222 84 236 114 255 178 0 255 1 220 0 255 0 25
    255 212 0 255 169 255 172 255 255 104 161 154 255 188 43 255 186 0 0
    30 62 0 77 246 255 67 255 97 159 255 112 0 255 0 0 255 215 0 27 39
    100 255 0 0 188 0 169 0 40 0 208 220 0 13 7 82 0 101 215 199 117 255
    40 221 129 86 250 190 147 34 0 183 0 26 100 255 168 116 0 255 59 8
    87 255 148 36 163 0 220 225 255 127 0 30 18 66 255 0 255 0 255 255
    89 93 0 81 68 255 255 145 255 149 255 62 0 138 170 0 221 237 255 114
    0 255 245 255 163 11 255 12 78 255 41 123 229 180 0 10 255 223 0 49
    96 0 21 173 65 78 0 255 79 255 42 255 175 0 0 68 0 190 236 0 0 255
    76 0 0 74 14 0 149 48 117 83 103 128 227 166 236 248 98 235 0 255 53
    0 121 222 0 11 62 80 247 0 220 255 49 0 255 255 144 0 0 71 0 37 255
    233 153 255 235 255 8 19 255 133 0 0 255 0 0 70 174 174 255 0 255 5
    0 14 255 53 171 119 0 255 0 30 131 0 0 255 236 136 175 255 0 255 144
    52 0 255 116 124 255 4 131 90 78 47 227 217 18 0 25 57 45 35 255 201
    242 0 0 20 0 189 7 34 188 255 149 255 16 122 0 52 81 189 139 0 169
    228 106 105 121 59 198 48 255 255 167 224 255 255 229 255 255 213
    236 0 236 14 255 41 107 255 157 19 83 244 0 83 117 13 255 255 255 0
    86 255 255 255 0 0 47 49 0 241 255 12 255 0 198 0 255 246 46 0 232
    202 255 141 0 169 70 191 255 0 183 0 255 163 0 8 0 44 206 162 91 0
    245 108 76 0 0 0 117 0 85 84 0 255 163 0 61 13 0 255 78 98 215 0 0
    255 0 60 0 147 0 119 51 221 255 186 255 0 255 14 27 150 115 185 170
    33 0 0 11 0 66 152 255 107 255 255 251 255 255 0 204 0 22 0 0 0 214
    0 0 0 6 154 0 0 99 27 0 20 246 35 48 191 236 0 205 158 0 136 132 21
    104 195 2 255 255 249 255 93 0 24 51 93 101 255 255 228 45 251 34
    182 31 185 193 145 0 0 228 235 233 209 124 172 255 102 247 23 0 177
    57 255 0 255 255 113 255 93 238 255 0 241 142 34 180 255 255 0 193 0
    137 0 0 83 79 214 108 255 85 185 128 0 154 161 200 200 28 79 87 255
    251 29 255 208 255 0 253 255 178 62 227 81 50 0 134 228 0 253 255 25
    0 71 254 0 47 255 0 255 195 201 1 255 0 185 255 234 15 246 174 233
    255 0 211 125 0 235 244 192 0 248 158 255 70 205 70 143 255 119 255
    255 107 0 85 255 255 0 1 83 255 255 67 255 54 70 0 88 82 48 0 81 186
    0 255 176 255 100 255 255 81 164 255 255 250 200 0 69 11 203 0 205 0
    255 118 0 0 37 255 45 255 11 190 179 213 138 34 115 0 20 172 0 0 19
    193 255 255 0 220 255 57 218 208 141 0 55 255 108 101 0 41 87 255 52
    112 245 235 250 65 208 0 17 40 193 132 78 159 56 126 95 30 255 0 205
    18 255 43 134 0 99 98 24 7 0 169 80 14 26 49 0 255 189 45 21 0 25
    119 0 255 12 186 193 39 159 0 203 195 231 0 161 0 175 178 0 36 215 0
    128 255 124 66 141 255 255 202 248 103 0 117 99 96 2 102 173 82 37
    255 255 255 255 255 27 3 255 0 68 0 69 5 233 216 13 255 176 0 246 25
    245 249 0 20 49 50 104 202 26 180 63 129 217 130 0 255 18 104 87 199
    213 76 246 179 0 157 105 0 3 162 8 192 0 255 0 0 183 0 72 0 0 85 16
    0 0 149 78 0 0 255 203 0 90 255 255 5 255 178 105 255 85 138 68 113
    58 255 255 59 219 19 81 255 255 128 120 60 198 243 136 162 255 45 76
    89 56 255 24 120 16 91 255 0 255 255 12 0 219 255 255 218 125 12 0
    74 255 255 139 181 237 0 164 86 188 255 85 133 255 0 14 0 222 183
    166 223 134 0 0 0 61 255 166 255 45 255 255 20 0 0 155 0 30 248 167
    82 135 94 255 249 223 23 255 41 89 157 49 190 0 158 224 255 239 0
    255 255 0 34 255 9 0 139 255 0 0 211 0 32 0 255 8 0 0 130 80 0 0 57
    217 255 15 70 255 98 13 176 148 0 37 47 52 67 10 84 215 31 0 186 32
    219 0 254 227 191 210 255 239 255 0 249 0 255 38 255 194 183 237 0
    254 90 57 0 116 255 226 65 255 94 255 79 6 255 120 248 255 254 255 0
    65 156 93 184 129 255 169 90 79 198 62 0 253 68 236 255 0 233 192
    133 155 255 255 39 255 213 201 0 116 94 0 95 212 173 36 0 164 133 50
    188 0 30 0 255 0 255 255 196 255 131 109 52 197 255 182 185 0 0 95
    161 255 90 0 61 0 255 4 255 95 0 255 76 85 255 220 54 58 199 102 95
    255 106 180 91 154 44 97 132 0 36 182 0 0 197 106 0 255 255 0 67 255
    240 255 255 151 111 54 0 119 175 255 56 248 255 180 191 160 0 255
    232 246 255 241 0 201 0 0 210 18 153 255 215 251 224 133 129 239 188
    178 15 255 44 0 133 0 255 35 90 239 149 196 82 46 255 255 255 255
    207 202 255 0 217 45 126 140 38 91 121 57 35 37 255 0 0 246 0 255 90
    0 71 56 142 255 166 252 198 0 255 0 47 99 0 255 223 206 0 21 0 26
    212 0 58 0 245 255 255 0 119 177 179 3 174 0 54 23 49 86 198 101 58
    67 255 84 27 255 0 240 46 221 119 47 63 0 124 137 0 148 0 74 0 255
    241 0 176 0 145 255 0 255 46 123 255 109 255 224 141 77 255 255 253
    128 0 0 174 152 130 18 0 151 0 255 50 90 75 175 255 150 15 149 33
    255 212 91 151 27 253 0 153 255 0 255 0 182 91 11 239 26 61 205 215
    112 127 255 0 51 211 0 103 0 154 184 92 0 137 0 75 0 0 0 255 68 204
    212 52 56 79 255 0 86 233 255 0 204 0 63 226 160 25 88 95 0 255 159
    248 0 238 255 35 81 255 142 54 187 130 0 0 246 0 86 112 255 255 255
    214 255 255 226 27 255 255 255 38 167 82 20 7 0 0 157 43 92 127 238
    0 98 57 121 40 0 49 153 0 93 255 87 194 255 0 37 93 202 255 52 241
    69 0 0 0 222 0 0 0 254 54 108 8 255 23 102 235 0 235 0 0 142 19 154
    15 163 160 79 216 0 10 240 0 123 0 71 0 0 61 0 67 0 255 195 0 3 255
    52 255 255 255 255 255 65 71 255 255 0 255 112 255 145 154 255 0 0
    255 0 255 0 42 120 197 33 30 10 170 246 0 0 101 0 27 21 0 0 36 255
    255 255 19 0 141 0 255 255 127 189 255 64 0 0 0 61 0 128 201 40 249
    119 59 233 37 133 255 0 0 95 255 255 229 44 255 157 255 195 164 246
    93 4 0 36 228 130 255 0 255 104 41 157 42 130 127 80 0 0 0 15 255
    195 244 155 255 255 7 255 89 255 0 255 225 206 255 156 0 137 62 0 0
    0 0 210 162 0 0 60 0 153 255 75 7 0 0 255 200 51 162 124 0 0 172 61
    158 111 134 209 255 255 241 255 0 255 52 0 202 225 0 142 0 0 0 196
    255 185 126 64 8 78 211 146 0 178 21 255 163 9 48 147 17 11 89 233
    255 0 0 0 0 179 55 150 145 0 157 188 248 145 125 255 180 146 94 66
    119 102 118 0 210 123 133 0 107 22 255 232 216 180 255 102 203 110
    255 223 43 216 161 212 127 255 255 255 255 158 236 255 255 101 37 0
    184 57 0 255 24 255 0 0 153 226 78 111 210 0 27 0 153 133 0 73 255
    255 255 181 0 95 255 15 128 54 179 58 255 255 255 0 13 186 0 156 255
    164 0 139 0 255 255 37 236 199 0 141 225 0 255 217 43 9 255 234 8 0
    80 0 201 180 62 255 255 195 255 0 0 255 133 65 150 39 161 0 17 255
    36 0 215 189 242 214 180 0 255 139 0 0 0 255 81 0 182 173 205 255 0
    0 224 0 50 99 110 253 208 173 87 115 214 156 91 18 83 255 255 234
    210 255 77 255 0 0 250 0 125 171 0 0 0 175 223 84 255 171 0 0 255
    255 42 113 124 0 28 216 159 0 224 203 84 80 125 255 81 0 180 74 163
    0 0 90 214 7 244 184 148 0 255 255 192 255 165 255 43 255 6 255 0 0
    173 221 132 255 255 255 11 230 6 51 250 218 0 255 0 255 190 22 0 0 0
    0 148 92 235 0 150 212 0 239 0 255 255 237 0 124 81 0 199 0 112 255
    255 255 0 18 122 98 233 15 174 255 61 237 71 87 0 118 125 26 255 255
    181 107 118 243 0 33 246 49 93 54 74 255 52 0 165 139 255 255 49 245
    255 22 236 225 0 179 186 27 25 195 138 215 212 172 255 195 0 255 249
    0 255 0 138 91 236 132 180 0 0 135 140 238 37 67 180 219 111 0 255 0
    0 0 0 3 67 39 91 94 0 78 255 0 128 109 255 122 0 132 190 230 83 0
    115 35 85 184 209 255 0 255 255 36 0 26 148 100 255 117 39 255 120
    71 168 147 0 91 255 0 80 255 241 0 255 217 153 99 178 171 116 255
    217 0 255 0 0 255 105 245 17 26 255 231 214 255 42 42 37 50 42 0 0 0
    166 0 58 0 147 162 255 181 255 213 255 255 38 183 120 255 65 103 232
    210 0 208 137 0 221 145 255 255 190 255 255 99 206 0 52 82 12 255
    235 85 0 116 114 40 119 212 0 23 221 0 20 199 45 84 197 72 173 0 255
    161 161 181 229 167 138 145 127 255 0 255 154 255 28 0 212 0 131 255
    0 103 132 255 230 0 17 255 255 0 174 0 34 255 27 255 163 88 0 148 0
    255 175 222 0 255 247 160 70 109 246 255 77 51 229 48 157 113 238
    243 64 189 11 227 124 255 37 177 122 21 0 255 255 134 182 16 44 65
    136 0 72 0 195 218 0 103 179 59 37 255 251 225 240 30 194 15 0 255
    198 0 255 103 184 97 255 233 206 255 141 0 62 255 123 20 0 16 255 0
    155 46 255 0 207 125 0 255 75 43 110 216 0 0 136 195 199 100 0 203
    182 174 244 71 61 137 0 200 0 232 27 124 255 25 255 0 8 251 63 20 0
    0 100 178 193 58 160 139 178 229 0 223 72 255 92 255 89 87 46 255 0
    89 18 255 169 208 225 235 173 77 141 255 255 255 20 243 91 67 255 79
    177 255 39 97 138 140 240 0 243 217 174 168 0 255 61 255 0 0 172 203
    30 255 212 23 255 205 184 14 7 255 87 255 255 64 52 176 0 216 44 0
    173 255 255 177 205 0 23 28 81 255 0 0 156 0 145 36 146 177 253 8
    255 148 0 155 210 27 0 197 22 0 255 0 129 255 132 0 142 33 3 255 109
    218 255 127 255 58 0 195 0 0 0 202 255 0 255 230 27 47 0 9 43 129
    255 254 156 0 140 189 212 0 28 255 0 250 136 27 255 8 0 0 202 134
    216 255 146 156 255 255 229 255 0 204 156 0 255 112 82 152 102 255
    255 120 63 46 255 255 43 201 169 98 0 45 0 255 3 255 233 16 133 0 0
    119 224 235 188 182 255 0 255 255 0 8 255 255 255 189 255 241 167 0
    0 202 240 50 255 0 0 100 98 93 17 255 174 41 1 87 66 0 114 255 114
    72 255 160 255 255 38 3 57 206 122 0 255 142 160 134 220 0 54 23 0
    242 0 0 255 0 101 9 16 62 44 219 0 0 3 175 160 217 255 247 255 0 3
    255 121 255 166 255 38 113 81 0 250 24 167 255 25 255 0 179 47 214
    105 94 0 245 59 104 209 164 255 234 200 0 206 0 255 255 255 0 202 34
    69 85 171 184 255 106 136 255 0 255 255 108 116 255 135 91 213 198
    255 249 51 166 36 41 113 44 71 156 0 89 0 229 0 204 110 35 152 0 163
    189 32 205 229 241 141 54 0 195 0 160 95 215 0 0 231 14 47 200 116 0
    147 230 214 177 51 255 255 0 224 170 72 80 24 174 181 255 120 23 255
    240 147 34 96 135 84 49 255 237 0 255 0 255 255 6 0 73 99 255 165
    255 255 142 30 255 143 20 94 82 0 0 151 255 1 169 177 255 82 72 0
    158 216 0 255 29 0 63 0 0 48 134 0 0 0 85 255 87 255 55 255 255 36
    139 255 109 36 255 209 29 255 243 255 165 0 0 255 255 245 17 125 0 4
    167 0 29 255 0 135 200 171 118 149 255 0 166 80 0 105 58 0 0 141 235
    148 208 171 156 235 154 94 171 212 170 86 212 0 115 164 255 26 255
    42 44 107 59 250 255 224 30 179 92 98 65 114 255 3 0 44 98 129 255 0
    53 222 87 161 36 255 57 255 121 0 255 255 0 49 141 255 188 255 88
    157 255 61 241 73 116 0 190 147 210 16 11 0 255 0 255 255 0 255 220
    163 239 0 253 20 97 132 199 190 0 81 35 0 255 235 173 255 9 25 113
    39 255 49 93 255 0 158 0 0 148 15 255 13 69 45 67 40 28 157 160 255
    22 69 162 0 0 110 72 34 153 255 0 255 139 5 0 0 199 33 39 0 46 21 22
    255 255 255 255 159 195 255 158 255 255 246 9 145 255 0 79 233 231
    255 255 166 139 152 216 37 221 43 46 210 120 255 244 255 255 4 85 49
    109 0 14 43 117 255 240 231 74 34 255 248 74 0 255 107 255 37 133 0
    248 123 217 0 0 23 255 213 255 216 255 255 0 79 244 165 0 107 109
    220 255 21 191 233 190 203 153 0 161 201 0 48 0 0 227 0 0 183 252
    245 98 174 233 215 149 28 7 219 93 0 0 228 43 145 166 94 255 47 196
    0 64 120 138 117 214 22 255 0 102 77 0 252 0 24 0 66 133 160 255 213
    174 0 20 7 129 255 67 203 255 33 0 255 16 138 255 255 255 255 0 128
    0 0 94 255 255 255 27 233 45 255 159 74 68 199 108 149 135 220 224 0
    153 255 172 67 182 22 255 255 22 95 248 0 208 22 255 102 255 97 255
    48 97 255 105 128 215 171 224 230 0 43 222 255 0 0 0 255 48 230 255
    174 0 54 171 0 107 255 255 159 255 41 24 103 5 204 255 0 113 0 30 0
    79 255 48 29 63 212 72 255 255 150 191 255 230 0 158 146 255 162 255
    255 0 255 255 14 27 0 174 15 92 32 0 185 152 0 0 169 255 0 124 38 22
    61 57 99 3 255 255 248 80 71 255 255 238 246 254 166 255 66 255 137
    88 68 71 255 28 180 100 211 0 28 31 78 203 255 227 255 238 22 24 67
    0 121 5 213 225 0 255 223 174 182 255 255 0 255 57 145 170 255 0 205
    134 175 223 176 211 255 204 255 98 119 255 19 59 255 255 136 6 79
    255 255 0 53 0 0 255 243 242 121 234 157 0 76 0 243 27 0 120 0 183
    82 0 0 179 255 95 16 254 101 0 83 255 173 204 4 55 199 255 162 0 255
    121 13 213 0 97 103 188 33 217 0 202 167 255 58 136 66 44 45 169 255
    191 238 255 220 0 86 122 120 118 251 8 0 222 237 17 125 136 208 0
    120 255 210 167 255 153 0 109 25 0 89 13 47 165 0 255 172 34 0 255
    255 0 255 255 156 0 155 255 22 117 74 225 193 62 0 0 190 86 244 93
    216 102 0 23 21 0 191 255 167 0 170 0 157 0 127 185 145 112 210 255
    134 130 187 88 153 86 191 0 195 11 0 197 90 38 0 229 255 118 235 197
    170 35 0 0 40 0 255 252 255 0 108 255 40 158 63 0 24 243 255 100 24
    51 0 16 0 199 13 255 30 255 126 189 83 3 166 146 153 105 30 255 0 37
    4 0 137 255 69 114 255 40 255 27 208 14 241 255 0 255 213 0 224 177
    110 11 255 55 255 0 183 83 124 255 197 112 255 72 0 94 154 87 43 214
    43 141 193 65 0 20 177 0 0 255 255 235 97 0 128 177 0 197 5 71 0 245
    110 41 0 255 163 227 0 21 0 9 183 83 0 0 255 156 0 149 0 0 217 27
    133 63 0 255 206 255 255 0 118 123 36 57 255 0 0 66 255 246 0 252
    247 247 0 9 104 14 208 205 125 94 255 68 89 218 87 255 45 202 0 176
    208 171 255 166 0 255 255 143 255 219 237 150 134 3 80 137 139 255
    67 0 79 0 20 114 71 79 29 169 124 239 108 198 102 62 0 88 16 81 98
    21 121 0 0 255 0 0 255 255 255 193 0 255 200 0 130 43 76 255 102 255
    194 220 255 255 255 147 134 105 201 97 255 0 207 255 103 255 235 247
    208 0 0 100 180 0 131 201 255 255 94 228 252 186 0 68 255 0 39 0 255
    187 159 175 249 248 113 0 255 87 0 9 182 64 42 219 220 68 0 99 255
    207 18 255 229 115 70 0 168 208 212 253 100 183 118 213 255 91 147 0
    202 36 0 240 26 115 0 0 226 213 230 248 0 172 81 255 211 0 0 0 141
    75 251 125 255 255 0 255 255 211 136 151 111 63 17 242 165 0 59 0
    234 39 85 255 0 0 125 255 121 255 255 0 153 255 116 0 250 193 255
    186 150 171 97 238 128 18 255 231 79 85 121 237 100 0 87 15 243 255
    197 255 117 39 123 255 242 96 240 177 255 209 228 0 0 255 0 37 219
    93 146 0 248 255 106 41 12 152 159 126 136 255 255 0 102 11 50 157 0
    119 255 21 218 31 90 0 64 198 167 135 195 133 178 46 207 255 0 3 0
    53 250 13 13 142 163 255 236 0 30 236 90 0 50 0 255 206 38 255 78
    226 0 255 255 0 152 77 255 0 141 255 0 207 52 45 120 124 255 216 0
    82 38 255 255 43 100 8 46 19 200 232 255 122 232 255 171 236 135 206
    0 182 0 255 215 187 167 107 255 229 69 159 0 0 0 104 30 255 185 112
    87 200 0 194 70 0 43 253 171 29 2 137 40 58 255 255 130 0 255 34 215
    255 251 255 173 202 255 255 76 170 255 216 0 164 255 196 255 47 107
    106 255 154 107 247 231 24 41 138 0 0 255 255 92 47 242 229 165 21
    218 31 255 166 0 0 147 22 95 54 217 19 1 196 0 44 255 255 97 0 96
    139 59 5 187 0 0 255 255 255 34 236 161 255 69 70 255 240 216 255
    157 216 0 8 34 77 189 34 229 255 0 83 173 78 0 255 255 0 255 138 232
    55 87 0 182 60 255 119 66 137 0 219 0 162 255 87 0 255 255 0 81 0
    235 195 214 189 54 1 166 58 150 255 107 42 145 43 72 255 138 111 255
    216 255 197 203 28 255 97 205 181 174 255 208 109 156 201 185 218
    243 175 0 0 245 0 221 0 187 36 255 255 0 49 255 3 0 109 255 220 255
    228 0 25 160 161 37 0 59 14 0 255 255 153 218 169 255 191 210 79 91
    14 111 109 250 0 82 181 86 106 215 255 184 255 216 255 255 255 90
    111 0 18 129 0 14 209 145 0 140 66 0 84 74 187 210 0 102 204 168 255
    255 130 151 67 249 104 190 255 255 48 165 255 231 72 255 255 31 151
    244 48 178 182 0 255 0 67 0 137 62 255 95 102 181 0 255 98 174 99
    187 34 111 244 181 0 186 165 150 125 255 255 17 0 255 229 0 0 155 43
    96 0 236 228 255 243 203 13 0 0 92 0 225 255 255 222 136 0 189 0 226
    52 150 227 253 255 0 22 255 0 127 85 179 71 137 255 0 123 238 200 42
    181 47 0 185 238 0 67 43 83 195 1 0 247 0 183 0 21 196 118 0 173 40
    40 0 133 175 16 161 33 30 9 199 0 182 0 172 145 2 23 0 255 218 116
    191 203 151 204 206 48 235 22 35 255 0 229 160 254 149 0 61 82 165
    105 200 99 57 40 0 170 88 255 0 255 183 65 28 0 61 0 5 174 241 255
    255 255 115 235 38 60 146 223 154 185 173 0 0 141 0 65 144 255 255 0
    17 255 16 153 39 81 11 0 0 132 168 21 0 13 55 122 255 0 60 33 62 191
    202 73 0 173 215 0 183 172 47 0 191 48 111 45 255 255 159 255 45 255
    145 101 207 27 181 0 207 151 209 27 174 0 0 0 204 255 137 255 125 75
    130 37 133 0 255 252 97 83 0 236 46 255 0 224 233 242 106 0 85 43 37
    250 0 186 243 85 112 255 217 26 3 0 16 0 162 179 48 81 237 253 31 8
    255 144 0 17 198 255 76 73 253 66 255 233 0 255 154 255 55 244 254
    210 57 225 0 0 0 61 255 199 0 0 255 13 0 0 130 255 158 21 163 236
    220 0 255 10 255 168 122 95 158 255 255 209 0 165 0 255 255 207 217
    211 0 230 0 255 0 255 255 255 34 255 1 0 35 183 0 132 50 70 177 242
    62 57 255 186 165 255 0 255 255 0 48 103 186 0 0 255 3 179 137 0 18
    55 0 0 255 170 255 237 255 138 255 72 255 0 71 120 175 255 25 0 63
    200 255 167 23 141 159 0 42 122 5 178 0 216 248 178 41 93 148 0 0
    255 255 97 187 12 53 188 31 0 151 230 74 0 0 213 59 158 0 195 233
    104 255 0 252 255 112 250 97 67 255 0 8 0 0 0 132 135 163 255 163
    132 96 30 28 0 0 62 214 134 148 249 25 147 13 214 5 0 211 0 214 190
    255 255 142 92 255 156 138 255 149 198 0 157 189 255 255 64 1 141
    188 95 13 25 255 0 101 51 85 208 255 233 21 17 255 73 255 255 157 0
    196 216 255 209 0 225 180 164 255 98 0 255 255 0 14 109 255 0 76 59
    255 145 89 255 222 212 164 0 0 0 0 46 172 0 0 255 26 4 0 0 255 255
    178 0 0 52 0 0 14 0 121 10 223 0 154 224 0 0 208 230 73 52 124 0 100
    197 48 0 255 255 255 78 172 255 64 187 48 100 121 57 61 157 255 216
    168 0 88 184 13 151 255 255 21 203 226 255 255 0 255 0 0 255 207 255
    255 138 0 9 0 165 255 255 11 180 133 133 119 132 0 43 10 125 7 0 164
    255 132 62 25 79 255 108 255 0 0 85 204 174 71 187 0 0 255 208 48 0
    0 0 69 235 30 54 0 170 0 227 194 186 0 255 10 255 129 0 40 0 11 242
    80 90 167 37 255 132 61 146 13 119 191 42 255 92 78 183 89 206 0 0
    138 255 0 78 187 174 36 110 234 209 75 218 152 146 32 116 176 0 163
    37 232 38 214 167 0 0 0 0 30 16 0 1 0 255 92 184 63 122 255 0 83 235
    231 36 113 0 215 0 247 119 196 216 255 233 81 174 74 0 169 179 0 11
    0 255 0 158 142 76 88 255 255 95 115 0 28 184 255 85 0 66 255 143
    255 36 155 0 115 255 0 167 255 29 0 255 75 142 217 18 255 98 0 153 0
    252 255 255 51 0 133 255 121 5 103 163 0 254 17 162 113 0 171 255 0
    19 255 167 185 255 137 235 149 255 37 187 57 213 249 0 255 187 255
    255 255 247 255 255 200 255 19 189 238 19 178 166 255 95 0 0 255 255
    255 159 255 255 0 18 250 46 222 223 255 255 255 24 93 210 0 255 128
    168 154 205 135 88 80 35 255 255 140 135 122 30 202 0 255 111 121
    255 255 44 224 91 11 42 39 255 63 0 112 21 142 51 175 80 0 0 0 255 0
    255 0 227 210 170 158 156 0 178 67 0 202 255 145 0 156 103 156 12
    255 255 0 255 135 37 104 3 255 0 255 99 255 189 26 19 169 224 161
    255 126 23 33 123 137 109 0 255 255 0 19 233 251 33 44 195 0 255 101
    65 242 196 94 236 46 82 175</data></my_img>
<your_img type_id="opencv-matrix">
  <rows>128</rows>
  <cols>256</cols>
  <dt>"3u"</dt>
  <data>
    105 154 125 158 255 54 21 255 255 225 0 255 248 0 238 175 46 154 255
    141 69 145 255 189 230 5 141 255 255 25 41 235 139 117 185 68 99 88
    255 190 107 228 255 0 0 146 107 160 157 255 146 0 0 255 187 203 1
    154 169 18 0 151 0 142 0 237 137 125 210 60 169 255 31 188 0 0 71
    255 95 0 0 255 0 101 61 255 159 241 167 107 231 181 115 101 226 67
    115 72 43 255 217 0 124 163 255 116 0 0 187 67 143 216 221 178 255 0
    41 94 0 255 48 255 255 120 255 189 37 250 60 78 198 239 216 0 153 0
    0 255 0 255 255 0 255 255 0 0 1 54 217 240 255 89 248 0 0 230 0 167
    62 255 152 255 41 255 230 37 255 142 0 0 162 255 208 184 103 255 255
    253 102 11 255 235 84 32 216 0 255 0 9 0 0 43 91 160 129 255 0 255
    66 255 204 172 138 205 13 0 0 12 0 0 255 255 28 111 12 97 15 145 255
    0 249 255 18 44 152 125 255 57 255 54 34 204 55 137 205 0 208 255
    255 255 2 43 255 250 255 178 255 255 199 145 0 0 18 255 0 29 215 128
    255 104 0 255 144 195 31 236 188 80 170 255 255 224 255 187 255 206
    12 222 166 0 152 249 76 119 255 255 255 0 187 142 226 0 255 0 0 147
    205 137 255 255 184 195 0 112 166 80 209 0 111 255 21 135 255 137
    152 164 0 63 0 250 66 255 255 243 72 224 197 66 107 0 25 14 216 141
    0 255 83 255 98 166 107 255 255 34 144 0 0 0 0 255 190 178 0 255 75
    0 178 0 101 255 16 0 255 255 255 126 50 0 255 36 36 174 213 251 0 0
    255 255 255 79 0 0 46 0 229 233 55 0 136 182 0 114 0 255 106 154 198
    235 88 255 76 0 160 114 0 255 255 245 255 98 110 0 255 155 26 97 235
    255 168 0 98 0 31 0 123 126 255 255 26 39 65 141 19 0 162 14 0 255 0
    0 151 105 255 110 0 255 244 59 191 177 190 161 36 255 255 73 91 125
    0 111 194 13 255 218 137 51 247 40 206 0 0 6 136 0 255 76 20 255 0
    185 65 22 0 255 0 250 244 72 0 35 72 0 160 15 140 252 131 0 225 0
    157 255 190 255 0 52 211 0 255 5 211 122 220 44 39 144 198 255 188 0
    34 119 154 234 38 145 107 255 119 107 0 255 0 132 255 102 9 105 15
    84 255 255 255 139 218 0 165 113 0 255 255 54 132 233 190 0 255 134
    247 0 144 172 255 0 235 144 97 253 0 0 175 0 255 21 167 92 162 255
    255 23 88 83 30 17 205 0 0 15 255 149 255 255 93 2 0 140 204 84 255
    3 33 183 0 0 26 160 69 255 0 206 83 0 236 247 25 123 207 192 41 237
    115 218 255 172 128 204 0 0 97 102 255 0 255 222 67 106 111 235 78
    255 253 137 127 255 152 193 158 29 80 44 94 255 255 28 129 246 32
    100 0 2 240 49 80 150 228 200 19 250 86 116 112 153 11 10 0 54 255
    34 46 217 209 236 255 0 0 172 234 81 254 0 29 255 0 154 255 37 19 46
    20 229 0 255 25 78 99 255 255 255 35 255 231 0 255 4 255 253 24 218
    255 255 111 1 0 225 9 255 186 0 239 157 255 25 0 0 55 255 255 165 0
    201 142 0 46 201 100 6 100 187 0 0 81 208 159 23 7 175 227 255 112 0
    241 16 28 96 255 138 92 25 103 183 56 145 148 0 61 176 255 230 0 0
    13 187 76 137 203 118 131 248 37 255 95 156 181 255 255 61 240 141
    173 66 0 33 0 93 170 97 255 255 207 0 181 255 255 0 255 255 159 252
    131 0 255 255 18 0 144 51 0 32 0 0 0 167 213 40 93 106 0 86 171 108
    255 202 255 13 189 137 67 119 0 174 63 194 181 255 199 100 65 193 54
    96 135 134 255 210 152 28 202 21 83 149 234 115 24 202 235 0 58 0 75
    0 129 167 0 0 0 0 0 221 229 255 0 255 101 2 179 202 69 185 248 95 49
    0 60 186 254 139 12 64 255 255 175 37 179 255 255 164 132 216 74 255
    232 0 6 229 1 0 146 34 207 69 42 0 106 7 0 0 0 0 225 255 21 0 255
    139 0 194 57 23 255 2 87 0 13 56 1 113 7 80 107 250 45 0 255 179 179
    255 77 0 0 252 222 158 0 0 255 233 97 178 206 117 2 5 61 136 255 147
    106 0 0 255 90 187 0 0 116 84 238 255 0 54 0 255 255 131 0 180 47
    255 175 201 246 152 26 121 46 255 137 255 255 255 255 253 20 32 145
    235 0 183 188 7 235 0 79 44 216 0 119 192 134 242 160 255 255 0 204
    255 0 62 140 0 51 195 217 65 250 255 203 96 0 76 128 141 0 228 13 0
    148 255 82 146 150 0 61 142 53 233 74 255 68 101 151 91 124 250 0
    213 255 0 233 255 3 255 238 34 46 255 176 0 22 0 98 0 0 201 0 255
    255 13 11 242 79 0 43 51 159 104 255 210 200 11 0 25 127 0 0 152 40
    131 163 0 0 8 194 150 0 92 255 140 35 108 255 0 10 186 206 255 144 0
    42 0 0 97 210 165 232 86 253 255 62 0 255 255 212 0 0 107 0 17 88
    147 0 224 198 56 255 84 0 255 0 147 40 86 255 0 132 255 237 189 95
    255 185 255 0 63 51 202 163 0 16 41 56 0 255 255 255 136 0 0 255 117
    194 198 255 21 255 3 54 7 0 255 204 190 1 61 231 53 99 255 197 85
    255 255 0 236 214 26 0 255 0 0 122 0 213 219 7 0 255 255 5 157 255
    203 0 0 194 91 6 255 167 229 123 0 10 0 8 122 148 0 59 0 104 83 160
    216 255 81 24 0 255 0 7 0 243 0 190 0 95 255 208 64 205 13 180 0 255
    38 0 80 0 255 130 0 154 207 255 0 185 93 32 191 255 0 188 244 137 91
    85 255 33 36 17 0 73 156 250 255 98 252 233 0 76 255 255 117 191 146
    0 108 46 255 165 50 255 171 211 148 157 255 255 128 255 0 238 165
    255 0 60 0 87 209 31 65 217 0 0 41 0 241 227 255 0 54 255 3 2 98 0
    255 151 0 86 255 255 179 99 14 114 89 94 210 255 255 0 25 255 255 46
    63 255 81 112 132 4 0 255 197 255 255 0 97 227 107 4 44 244 255 64
    40 33 255 0 240 255 86 252 47 70 90 178 255 0 87 255 0 255 226 18
    255 0 255 0 217 255 0 69 90 164 164 141 94 25 0 0 241 255 211 82 240
    88 38 84 207 137 59 0 255 0 255 187 247 255 44 200 226 33 159 0 138
    0 152 255 255 255 114 255 255 0 194 73 182 125 59 0 9 210 255 29 148
    236 38 0 222 64 111 255 255 220 12 73 3 255 82 44 25 0 54 41 255 63
    233 191 251 141 0 255 68 0 229 0 37 255 0 255 212 15 29 255 163 163
    180 255 156 255 11 126 0 0 125 0 254 236 255 255 67 9 255 68 56 116
    74 81 68 237 58 48 0 214 219 237 94 65 175 0 0 116 84 92 91 255 73
    171 255 23 255 255 92 0 0 0 255 175 149 2 247 0 102 255 0 51 82 255
    0 255 222 249 91 139 44 1 57 255 71 255 87 231 47 148 255 50 43 134
    0 215 127 255 0 122 0 33 255 255 0 68 208 0 47 215 118 165 46 122
    171 154 73 0 255 0 255 0 255 28 173 104 0 175 0 24 184 0 35 247 189
    139 82 242 255 0 23 74 0 2 112 184 47 8 77 95 0 108 229 85 255 205
    255 199 186 0 158 0 197 81 53 235 9 1 255 13 0 255 0 176 69 216 112
    80 0 209 216 11 0 255 255 37 140 0 13 145 202 151 157 126 0 97 160
    79 199 203 153 255 182 232 157 77 221 51 0 171 249 255 233 255 7 0
    228 0 45 106 44 153 110 0 201 202 250 255 83 0 46 44 90 0 255 42 0 0
    188 182 18 45 0 181 27 177 93 80 111 0 57 200 124 13 0 207 255 255
    255 0 117 119 162 79 152 161 145 199 183 255 12 187 255 219 218 152
    255 255 166 255 0 12 82 0 255 255 0 0 196 255 244 226 121 125 0 0 0
    118 0 0 21 255 0 39 255 236 107 165 255 255 126 29 216 84 247 255 0
    171 73 167 53 95 0 126 76 148 0 109 42 1 4 255 255 180 161 170 1 255
    227 109 73 255 41 0 197 127 255 32 0 255 231 233 255 121 39 0 83 200
    0 0 255 125 0 0 84 0 255 255 0 255 225 20 249 255 104 190 255 255 74
    0 49 255 0 227 155 242 255 0 112 201 0 226 131 27 0 191 165 143 156
    206 97 255 124 164 21 53 176 255 60 255 212 183 218 85 255 166 255
    20 0 242 195 0 0 88 224 255 160 178 225 40 191 108 105 154 0 208 0
    255 24 189 210 0 0 166 50 224 0 116 44 0 53 28 0 52 43 255 2 87 255
    0 0 0 0 31 71 255 77 239 144 255 111 9 76 75 182 55 239 255 22 225
    117 255 182 215 26 54 0 79 226 225 255 0 81 156 0 170 14 180 255 167
    219 11 59 255 63 255 232 69 3 255 30 0 255 63 135 255 247 204 0 55
    61 67 0 16 114 147 13 206 227 242 89 255 0 68 0 87 22 120 140 15 255
    105 194 27 240 88 0 255 255 0 124 78 255 0 8 64 0 0 24 239 255 255 0
    181 46 122 111 249 27 0 216 255 208 208 116 0 255 0 255 159 105 255
    0 255 5 97 8 0 27 255 0 129 18 9 113 102 232 154 39 0 243 166 92 131
    86 255 155 0 241 0 95 255 255 162 255 204 199 105 0 173 85 131 241
    17 255 0 211 255 125 230 157 151 255 250 230 191 229 255 255 0 144 0
    109 134 20 50 0 246 93 27 131 0 15 255 63 227 0 204 231 63 0 9 255
    241 63 73 212 255 255 167 151 62 0 13 0 255 0 145 207 0 255 255 168
    101 97 255 5 90 54 218 184 0 247 0 48 137 174 206 255 0 0 131 252 43
    0 22 126 150 3 135 71 41 74 111 255 0 255 255 115 0 0 0 209 0 76 111
    125 0 227 80 0 228 255 135 48 255 255 78 0 145 52 124 248 255 45 255
    209 255 232 136 107 164 195 109 231 27 235 102 163 79 142 244 74 255
    39 187 0 0 203 151 124 100 152 98 0 255 203 255 255 229 255 250 255
    0 153 28 87 231 253 255 21 188 132 237 255 0 0 243 255 162 131 31 24
    85 11 208 0 248 234 41 33 8 92 53 255 0 92 173 111 224 7 0 241 138 0
    145 163 0 152 109 0 83 0 109 41 255 155 197 255 255 0 0 255 245 255
    255 62 185 63 33 255 136 0 206 42 255 255 188 113 0 153 65 248 229 0
    0 130 14 65 177 22 0 60 0 255 254 53 255 67 147 8 255 255 255 255
    129 180 218 115 211 181 122 122 190 73 215 255 0 231 0 22 255 0 0
    138 109 0 84 7 255 216 20 255 0 140 0 253 154 198 255 19 0 253 0 251
    232 0 157 193 10 0 205 0 255 42 11 0 71 124 247 255 192 113 255 133
    22 49 255 14 203 255 245 199 220 93 193 232 165 75 255 108 50 150
    202 255 255 138 0 73 255 69 4 255 255 162 255 0 0 255 86 0 255 216
    50 0 255 255 155 255 8 24 215 255 91 45 0 202 195 255 242 226 46 233
    130 10 88 255 0 156 210 3 217 171 255 70 254 0 253 138 0 0 0 255 255
    5 162 234 66 0 0 0 55 0 160 39 177 251 200 255 0 0 246 255 147 255
    171 255 53 0 132 50 48 255 0 154 244 0 0 86 136 0 0 255 58 255 208 0
    255 255 135 244 198 0 85 2 255 30 120 235 41 145 28 69 255 41 255 97
    223 255 143 255 245 0 255 202 0 79 0 234 255 0 203 255 215 0 165 21
    224 0 11 200 255 255 217 157 157 73 93 241 133 245 234 144 221 255
    143 202 129 88 0 116 255 173 122 200 199 255 42 25 68 215 0 48 11 3
    19 150 68 215 255 255 0 117 255 0 48 0 255 15 255 118 4 0 18 123 174
    0 63 144 1 136 255 42 150 88 0 223 115 255 249 255 175 54 245 110
    185 172 120 255 234 29 208 255 169 243 16 60 134 188 201 224 217 62
    255 255 0 44 253 0 231 0 173 255 255 255 144 0 229 176 165 190 0 255
    90 0 29 67 156 75 94 0 255 255 8 255 0 101 255 0 255 255 22 72 180
    255 65 0 255 79 176 104 154 211 24 136 105 255 255 255 3 143 233 125
    0 255 0 111 70 184 212 198 0 144 211 254 255 193 83 255 87 73 83 0
    255 188 62 253 255 255 116 71 19 147 255 255 26 35 59 179 233 0 255
    0 255 0 0 255 178 226 12 69 124 159 0 0 217 122 78 17 170 247 109
    195 43 255 108 128 255 103 227 0 0 0 160 88 0 255 170 0 89 0 116 42
    0 103 0 255 20 10 201 208 133 7 73 193 0 255 0 255 48 135 255 26 171
    255 209 0 255 162 255 201 255 255 255 170 0 0 53 114 242 255 255 255
    255 69 244 7 153 218 185 212 254 116 103 9 66 187 184 0 0 41 133 183
    0 255 255 65 240 255 52 97 0 0 255 32 255 0 157 255 255 223 11 255
    48 188 33 25 237 148 0 106 0 104 118 137 224 156 205 255 0 96 42 0
    152 126 183 50 191 145 255 12 244 255 231 196 116 0 222 214 61 205
    246 40 0 28 167 0 180 255 233 122 55 61 11 255 0 56 200 255 255 0 96
    89 0 255 37 108 0 255 107 79 22 0 61 189 6 181 28 0 95 122 18 11 87
    139 216 0 0 0 0 0 1 110 36 18 115 109 0 255 112 102 0 0 255 16 187
    221 129 221 15 166 255 255 107 0 12 17 77 255 255 0 172 0 255 201 74
    178 0 57 211 107 76 208 0 81 168 198 0 4 69 255 155 255 0 0 234 255
    9 213 255 93 199 1 72 233 0 194 131 42 136 255 78 255 167 255 255
    112 15 255 80 27 165 206 62 0 106 66 40 0 2 141 239 186 255 61 28
    220 168 121 0 240 61 28 255 199 104 86 0 76 0 68 251 0 158 103 46 82
    8 22 0 255 185 7 201 101 255 14 255 255 225 255 198 255 255 0 0 63 0
    221 197 229 164 255 246 255 103 54 202 13 255 190 150 156 151 0 78 0
    80 29 120 184 0 147 0 188 0 246 117 176 255 255 0 181 154 80 178 125
    90 0 162 13 234 77 0 255 255 194 255 31 117 0 60 255 40 0 16 46 121
    25 18 29 143 60 30 82 251 0 255 0 61 43 255 47 58 0 201 255 71 0 87
    0 0 61 255 8 86 0 255 220 0 0 70 0 0 133 255 0 255 224 0 111 210 0
    170 0 255 255 182 0 200 53 71 226 245 35 201 0 78 153 255 98 0 0 226
    26 0 155 255 157 149 246 104 0 137 0 32 0 181 242 211 211 201 102
    255 46 132 134 126 0 147 255 211 255 100 75 242 202 255 255 80 255
    180 255 0 30 0 0 76 255 0 0 55 0 255 0 240 114 32 232 188 16 63 0 31
    40 255 38 0 192 0 0 124 60 202 0 255 29 0 153 0 0 0 224 65 64 0 255
    109 198 222 10 255 0 81 255 255 193 28 184 0 65 255 20 0 138 18 0
    113 255 255 36 184 192 208 255 110 0 255 243 237 0 0 0 185 167 0 106
    234 0 0 249 69 255 54 32 73 229 189 255 80 210 196 255 255 192 0 80
    255 255 21 60 255 255 195 255 18 168 255 157 206 0 202 31 54 198 254
    24 170 169 160 0 37 219 0 196 49 170 52 255 170 0 184 9 0 250 255
    200 61 43 0 0 69 93 255 0 84 255 22 60 75 167 250 0 255 0 0 0 205 83
    163 255 255 0 72 255 33 255 0 194 203 255 29 83 60 4 255 229 0 255
    255 229 0 255 197 38 53 171 102 219 236 27 175 13 255 215 223 183 0
    13 0 50 204 255 0 153 166 26 255 255 0 15 220 228 0 52 94 142 255 0
    66 255 98 151 255 0 95 0 53 45 57 0 44 197 0 136 54 77 148 233 255
    180 68 137 26 255 255 164 0 255 49 0 63 255 173 0 146 255 221 255 14
    65 255 184 255 0 115 0 53 126 34 255 69 146 51 189 255 238 0 147 0
    82 34 54 223 238 70 114 0 202 58 0 163 0 99 157 255 89 221 255 155
    140 97 59 13 52 40 255 32 12 40 0 82 0 144 29 255 107 255 221 10 141
    0 0 255 255 15 197 255 35 151 255 255 47 255 192 0 235 51 148 0 32
    255 0 255 255 146 80 170 255 175 0 198 96 40 0 0 234 39 6 103 255
    255 223 205 180 223 32 0 90 0 62 255 117 1 255 255 245 146 255 221
    226 249 11 178 116 0 224 0 0 255 68 8 110 255 152 185 214 23 0 130
    67 95 163 0 0 255 95 201 171 254 171 102 173 55 146 255 237 61 255
    231 227 255 0 43 17 255 255 41 0 53 79 255 143 0 0 48 0 186 153 0
    148 68 185 147 0 77 255 16 160 16 236 174 0 180 254 163 117 83 163
    137 159 13 255 0 168 121 0 255 83 122 124 255 233 203 36 64 91 0 153
    0 219 0 213 254 95 8 24 231 255 0 0 255 0 238 0 125 52 0 31 0 247 78
    0 113 68 245 92 104 242 255 149 31 167 226 255 255 68 137 131 27 172
    87 233 234 116 127 14 113 255 64 0 235 129 255 107 167 116 0 137 0
    255 0 145 0 0 0 193 225 235 163 0 0 120 255 140 208 255 29 0 210 255
    204 255 0 6 99 44 0 254 135 255 0 10 255 255 133 66 144 121 163 0
    195 232 29 203 14 196 0 231 150 149 211 126 68 212 0 198 0 16 207
    212 255 255 0 211 121 245 0 173 255 255 44 11 255 243 56 208 255 199
    255 10 134 255 0 206 255 7 255 0 29 82 93 218 51 84 79 245 51 31 104
    0 37 255 126 124 255 74 18 124 127 135 156 255 37 199 255 157 255
    133 255 74 51 210 157 200 0 131 247 0 0 218 44 7 255 229 3 27 255 0
    98 180 26 0 255 0 213 49 214 152 0 255 0 105 0 56 0 255 50 133 219
    236 22 132 171 105 147 0 163 90 220 5 246 255 139 162 0 241 0 80 0
    255 255 146 90 139 242 255 166 181 173 142 0 200 241 9 0 209 218 39
    255 0 255 62 0 0 0 179 157 70 255 185 255 136 255 0 13 221 181 27 33
    255 122 0 164 255 202 141 151 0 197 255 255 255 75 224 255 0 0 26
    235 170 0 171 0 187 98 255 97 255 0 0 255 141 84 215 163 242 155 0 0
    0 78 204 83 190 87 0 189 179 0 29 157 255 0 50 255 0 44 255 0 255
    121 161 255 0 138 189 255 180 239 106 255 62 133 255 107 231 162 255
    255 91 145 255 255 0 161 128 0 255 255 1 72 255 70 244 255 8 123 255
    138 42 137 9 0 0 63 232 0 115 37 0 68 255 51 144 213 0 40 98 63 255
    110 93 255 0 188 59 224 73 69 38 0 0 0 0 120 255 60 255 232 0 0 82
    82 160 119 255 255 26 205 245 206 255 125 255 150 216 91 255 19 112
    202 189 194 143 0 155 255 244 174 65 0 130 0 29 0 0 0 138 137 255
    174 255 255 0 46 158 255 156 0 83 238 41 128 37 189 144 178 0 134 45
    59 233 103 219 153 255 142 168 0 0 169 255 244 66 255 151 128 39 82
    0 255 130 24 46 0 139 0 10 100 25 158 87 184 0 249 66 12 198 255 0 0
    73 0 124 39 0 255 6 107 255 76 0 219 48 255 85 203 99 124 145 60 73
    32 0 102 207 74 59 255 42 0 255 9 255 157 164 254 0 0 134 255 0 255
    189 19 245 199 43 0 41 200 0 124 255 0 17 146 51 125 16 116 0 214
    255 255 0 247 105 0 40 159 204 255 255 255 115 72 94 84 128 0 255
    255 0 255 255 0 195 197 120 227 236 255 255 42 50 157 0 57 141 119
    98 151 199 0 203 0 176 133 221 237 78 255 151 0 255 214 215 0 0 55 0
    0 180 255 4 174 255 179 194 0 0 0 255 0 252 65 79 37 255 100 128 255
    218 255 166 56 113 0 45 0 139 173 170 92 159 230 208 255 255 248 59
    0 0 0 16 70 217 241 134 58 204 0 225 255 229 255 207 227 172 184 0
    114 255 122 181 255 255 67 255 142 0 190 0 0 119 0 184 255 0 255 194
    255 229 0 242 201 255 49 6 175 255 177 0 255 0 95 146 45 122 74 155
    0 221 249 160 229 138 181 177 129 0 94 187 255 0 168 184 141 255 228
    135 0 82 0 237 85 255 36 255 249 110 225 0 53 250 153 161 4 0 7 5 83
    0 0 13 255 57 222 179 0 48 139 9 0 255 101 173 231 8 0 255 255 71 0
    255 250 255 138 0 242 244 253 0 0 62 255 73 150 217 188 46 0 171 255
    173 0 255 56 87 189 130 251 255 255 255 4 169 0 0 255 228 165 255 60
    0 73 235 0 24 232 156 116 189 191 0 128 203 169 0 202 251 0 0 8 100
    186 0 0 27 255 85 222 0 93 0 255 0 164 211 255 255 0 119 0 136 255
    255 224 144 154 21 80 0 103 0 124 108 72 129 68 255 0 0 186 255 142
    66 121 126 135 13 144 255 0 24 255 113 70 255 0 0 16 199 158 24 161
    231 73 255 217 97 45 255 26 0 112 86 0 33 255 0 188 33 55 43 126 148
    0 5 43 0 50 152 54 207 130 0 255 162 255 255 4 84 255 0 0 214 255 26
    0 255 35 230 155 151 255 255 0 0 255 96 165 255 0 236 0 33 40 226 0
    139 188 0 85 121 17 44 0 231 185 112 193 238 219 154 62 255 6 12 255
    226 64 111 99 0 24 255 175 255 228 255 44 0 255 0 255 255 0 140 255
    147 0 44 99 156 0 189 148 255 215 201 0 0 255 0 58 181 0 255 0 0 52
    193 83 0 40 82 137 96 255 214 75 255 0 255 214 255 0 0 181 121 255 0
    202 255 152 0 0 227 62 0 255 116 98 116 0 162 32 0 255 117 116 0 191
    255 201 246 247 47 0 32 82 2 249 0 0 211 255 0 17 60 191 179 148 227
    73 226 255 83 132 255 63 64 255 120 255 6 102 68 72 155 245 202 0
    100 35 0 230 227 190 66 97 227 172 0 0 91 103 0 0 255 0 179 167 57
    41 129 255 216 0 45 0 96 100 243 190 59 255 89 223 115 1 250 255 32
    0 66 235 87 86 201 247 239 255 59 40 106 219 39 31 100 255 75 255
    104 255 35 249 58 255 146 255 0 0 0 255 160 147 122 255 11 227 255
    55 0 250 158 0 125 3 206 0 69 0 216 0 73 93 122 0 255 44 0 0 255 255
    13 107 148 255 255 0 0 203 70 0 0 176 0 232 102 146 255 78 255 255
    123 232 173 0 255 79 0 108 0 0 240 252 255 0 255 39 71 0 255 24 149
    0 95 73 0 255 255 170 137 255 3 255 255 53 10 245 0 255 217 92 0 128
    133 23 123 173 132 255 255 0 255 8 0 23 161 255 172 255 44 198 72
    237 33 0 227 47 255 255 125 255 255 255 125 58 0 167 255 16 149 255
    147 47 129 205 255 255 155 35 179 0 111 0 163 161 253 0 0 154 77 6
    157 13 0 134 18 0 45 0 36 0 85 202 47 255 75 194 212 255 35 232 255
    240 92 255 0 239 0 0 255 147 99 49 0 0 234 123 0 71 0 255 255 243
    118 243 48 0 0 0 255 218 88 193 0 111 215 215 135 255 255 9 178 255
    106 0 35 75 62 115 255 0 94 138 77 122 255 255 242 98 28 0 224 255
    170 0 0 255 255 0 94 146 193 186 85 199 95 106 73 176 186 0 0 231 32
    8 247 0 0 89 0 255 166 80 146 99 6 152 78 149 185 50 82 47 135 37
    255 179 0 16 80 0 0 133 255 79 255 0 74 4 115 157 184 0 54 101 52 0
    66 255 108 227 255 71 255 0 228 158 0 211 61 255 255 195 255 45 138
    177 0 255 0 188 255 224 0 34 44 33 111 199 230 54 188 255 12 0 171
    214 141 59 0 40 33 50 199 255 255 0 251 85 255 174 51 136 158 0 26
    222 233 255 173 38 62 255 154 0 255 160 0 186 0 0 211 255 0 132 149
    0 0 255 255 255 255 0 0 0 0 120 0 4 159 23 255 226 108 25 134 119
    255 154 112 56 36 253 19 205 245 169 29 0 68 0 255 255 255 176 255
    255 0 0 0 55 46 214 58 59 219 212 28 254 2 217 160 57 223 122 226
    212 83 155 255 0 255 255 50 90 94 83 26 255 152 255 173 203 63 0 97
    0 190 9 0 255 159 45 166 89 155 225 255 29 0 171 116 255 145 20 216
    255 150 1 0 255 255 0 238 0 193 0 64 255 33 130 95 146 217 127 83
    164 183 240 0 255 159 0 255 133 0 255 0 255 255 168 255 164 94 0 251
    66 141 137 145 238 255 120 211 255 255 255 145 230 0 0 255 0 17 171
    0 255 255 0 138 255 0 107 0 7 255 236 0 253 150 61 31 3 255 255 0 13
    25 207 126 255 45 66 25 219 0 255 37 239 119 0 111 94 167 98 0 54
    255 15 191 121 125 7 0 255 255 0 186 136 0 0 25 255 17 0 255 255 203
    188 119 0 44 51 64 133 255 0 18 19 115 0 207 59 67 196 14 251 255 90
    0 80 255 138 117 0 130 128 85 171 255 8 71 255 207 194 139 150 219
    255 0 0 207 70 230 241 69 39 255 57 199 23 255 245 88 255 0 255 0
    115 255 15 0 0 72 26 255 137 51 254 255 197 31 36 240 156 131 88 148
    232 231 241 184 152 0 24 82 0 193 107 40 184 0 255 66 255 255 193
    154 255 0 229 255 236 143 232 236 255 211 0 0 5 27 195 113 205 255
    255 231 207 255 38 54 0 161 0 233 0 116 195 76 255 255 255 255 74
    129 52 83 229 0 127 212 175 24 0 248 0 241 255 255 0 0 37 147 2 246
    168 140 124 0 141 255 0 0 124 0 255 0 0 246 134 29 255 244 135 161
    151 255 210 0 245 255 255 91 0 0 0 61 255 7 0 252 146 255 0 0 0 0
    255 0 188 39 255 36 143 178 157 10 255 0 74 158 0 157 48 170 0 210
    130 13 40 86 32 255 88 7 188 0 3 0 85 214 145 153 129 39 20 144 0
    255 76 0 29 255 36 215 255 189 77 0 146 49 116 16 255 0 186 255 212
    255 111 109 97 255 13 7 18 255 19 227 246 255 76 16 111 139 8 255 0
    100 255 11 86 32 248 144 24 118 157 224 57 255 106 120 205 173 255
    255 0 180 247 152 175 164 0 255 42 121 167 221 209 235 232 198 63 9
    255 255 60 255 3 255 24 143 147 0 252 243 169 0 255 21 242 0 0 236 9
    166 246 0 220 185 87 33 101 144 89 169 81 136 157 108 91 255 136 0
    55 236 0 0 185 97 97 201 243 0 255 230 0 255 79 212 255 54 196 0 92
    60 40 0 0 108 255 0 72 120 234 203 0 0 10 255 14 80 187 140 255 0
    229 255 0 255 120 217 166 255 0 150 96 208 255 104 255 255 245 205
    255 153 93 0 162 199 31 255 92 159 0 0 253 255 203 255 255 0 158 1
    255 3 93 54 177 255 255 255 44 0 72 20 0 150 48 255 249 255 241 210
    0 233 80 98 39 0 255 80 128 255 202 255 255 133 79 85 75 0 255 213
    48 0 0 59 168 255 0 135 81 219 119 231 228 0 0 14 255 158 0 255 0 4
    156 195 231 70 234 108 99 226 110 41 104 78 81 240 126 114 18 188 61
    169 79 148 10 172 10 255 255 16 2 74 102 0 222 194 69 70 156 0 0 0 0
    0 172 68 31 255 213 170 0 113 161 255 255 255 79 160 58 195 30 255
    190 76 255 60 18 242 95 26 255 3 160 255 255 8 0 206 142 0 133 255
    185 0 255 199 0 67 255 0 26 169 243 0 234 255 0 0 67 0 0 12 223 141
    51 57 115 255 249 6 149 255 192 255 233 171 155 0 245 239 18 97 255
    111 172 232 0 29 254 9 46 255 0 174 255 230 0 243 23 0 0 227 255 0
    255 7 165 95 122 255 199 140 255 0 118 158 110 255 0 0 100 255 202
    159 255 203 0 201 255 255 12 137 136 191 0 0 0 211 131 0 0 190 157
    166 81 102 21 247 156 58 50 102 159 200 245 248 56 197 164 255 255
    171 0 11 207 0 0 0 161 193 53 75 255 255 255 255 151 104 57 0 102
    244 230 128 210 50 255 0 76 237 231 255 42 217 255 193 0 126 173 5
    161 229 255 255 0 255 0 19 0 255 0 0 255 240 38 255 107 255 0 255
    161 203 255 0 140 0 151 0 255 154 0 255 230 255 96 165 46 15 0 90
    255 94 8 255 177 0 126 160 126 106 255 33 142 208 255 126 171 28 0
    255 0 23 186 81 1 0 255 186 120 254 61 188 0 7 255 68 236 169 255 20
    170 255 0 0 217 14 232 115 125 255 24 0 0 189 247 43 14 0 40 188 71
    224 245 0 157 255 99 129 0 110 0 66 217 197 6 255 50 63 255 37 0 186
    255 109 0 217 253 101 239 0 0 209 26 255 255 6 255 226 79 24 0 252
    212 53 147 255 107 133 50 160 0 50 255 101 194 60 0 215 255 255 208
    91 96 98 213 99 255 0 220 221 197 0 0 34 0 0 37 148 57 255 93 255
    132 0 180 70 68 161 10 226 198 0 133 191 253 11 0 132 162 177 255 0
    255 255 0 158 202 255 255 106 130 176 191 255 199 123 4 214 219 255
    233 255 92 69 16 148 0 128 0 100 161 0 255 149 20 246 18 255 168 7
    255 0 232 179 0 255 68 255 86 88 0 66 169 121 76 145 161 249 0 0 121
    0 146 255 132 253 162 114 115 0 118 255 0 94 0 14 0 0 255 255 255
    132 0 0 255 140 231 188 207 225 139 120 236 212 159 159 221 189 183
    79 86 0 186 206 8 74 94 6 212 38 0 236 0 219 255 117 225 255 176 39
    251 127 255 110 191 34 0 0 0 255 144 255 34 246 201 247 146 24 86 0
    0 255 255 0 36 0 131 255 205 4 61 245 0 255 157 207 199 116 22 0 73
    182 235 143 255 86 53 45 125 72 96 255 255 223 193 91 140 118 42 0
    255 60 255 130 158 39 138 103 255 255 9 145 201 255 101 20 255 255
    255 255 255 0 0 255 249 242 175 126 255 147 138 82 41 255 255 175
    184 134 0 0 0 38 0 31 64 173 255 72 94 136 215 0 251 95 4 255 147
    237 107 39 255 63 168 16 0 219 142 0 0 73 8 103 86 255 12 0 86 255
    125 134 255 0 0 255 37 0 173 62 140 255 200 5 29 255 0 9 170 54 87
    255 184 255 255 122 166 255 200 255 181 157 182 168 238 0 102 196
    146 255 0 179 0 26 77 0 237 255 255 255 220 255 248 98 255 255 0 0
    176 214 255 72 144 116 59 0 0 97 182 220 0 0 0 0 255 118 123 55 94
    20 255 150 255 223 0 178 255 255 150 248 95 131 10 79 43 0 246 92 0
    186 255 193 235 77 134 148 255 221 255 49 255 206 80 123 105 0 255
    255 0 201 255 163 184 0 30 177 0 255 226 177 245 255 255 89 205 0
    218 148 194 64 255 242 52 209 123 0 255 163 12 177 0 84 225 21 0 0
    19 233 255 173 255 169 9 27 201 65 255 96 65 205 136 3 255 233 220
    224 227 162 173 0 57 185 0 255 48 255 0 0 115 40 0 250 85 0 46 0 241
    0 49 0 238 0 89 31 255 31 6 37 255 0 123 128 255 22 137 30 11 230 82
    71 80 118 2 0 181 196 167 48 255 0 204 0 212 151 255 41 68 0 223 255
    0 189 121 146 0 175 255 95 171 255 78 9 89 150 0 54 255 81 255 128
    133 124 118 85 200 0 222 255 255 0 47 255 226 92 57 93 0 98 81 0 125
    44 0 145 255 234 12 129 255 201 0 255 160 242 68 96 197 30 64 70 255
    255 155 207 52 192 116 43 0 237 255 95 199 0 98 229 153 192 219 0
    101 135 230 181 122 255 0 255 0 127 60 255 179 255 255 0 252 8 34
    255 71 255 255 0 127 176 15 0 0 33 52 95 140 30 247 113 255 112 228
    188 128 0 61 185 244 77 255 80 0 36 207 255 221 238 33 0 108 0 129
    103 91 0 0 255 255 0 175 255 95 40 255 151 180 18 0 217 138 185 73
    223 255 107 77 255 0 255 104 0 0 212 164 74 172 235 172 92 239 217
    233 0 255 100 255 211 255 71 5 255 216 185 66 0 195 125 97 46 255
    229 0 161 0 21 73 51 106 36 220 246 181 65 220 77 77 132 229 57 173
    58 0 125 187 0 0 171 184 255 206 132 255 13 194 0 21 174 0 70 255 0
    138 172 255 213 17 255 22 38 255 0 159 80 98 119 186 0 255 214 43
    179 175 140 255 215 113 1 112 124 90 255 255 216 0 0 249 255 0 255 0
    123 58 102 54 90 80 0 0 0 194 88 157 30 194 255 119 173 65 212 88 0
    255 118 29 47 248 244 0 255 81 242 240 215 145 0 182 253 3 7 255 255
    154 162 152 46 96 255 0 208 26 31 0 109 11 152 218 0 240 169 47 0 54
    127 143 136 255 0 89 11 9 69 0 175 125 201 3 0 159 76 0 255 133 72
    196 91 255 255 106 72 238 0 16 255 91 255 255 240 130 164 0 5 188 39
    255 53 13 255 0 168 0 51 82 35 245 0 0 0 88 230 202 128 0 0 255 199
    0 45 21 33 108 255 255 0 212 24 202 41 224 51 86 0 255 60 117 55 88
    154 255 255 137 0 33 0 0 249 228 69 186 216 226 179 50 69 255 215 0
    180 152 255 255 0 255 142 220 150 162 204 63 189 241 218 0 0 205 84
    255 153 78 255 241 46 2 165 255 176 195 48 156 255 120 53 255 215
    255 0 28 0 0 0 255 0 118 0 0 52 190 0 228 255 255 255 255 238 31 98
    0 255 239 0 255 255 85 94 255 147 9 2 0 255 180 178 255 0 0 255 238
    187 145 255 160 129 16 255 248 255 0 255 178 8 175 95 89 183 0 236
    211 134 46 201 180 0 0 92 233 0 95 255 59 9 0 144 255 0 148 255 11
    84 226 231 104 255 191 0 44 0 77 239 0 255 33 155 255 255 216 108 97
    238 251 85 97 105 255 255 162 148 252 169 118 255 84 255 255 75 255
    33 157 194 227 17 218 136 255 197 154 204 255 123 255 112 46 131 251
    3 11 0 171 0 133 116 192 255 27 54 109 150 174 219 0 68 238 116 0
    104 255 76 14 255 91 85 227 0 40 0 0 138 228 41 54 116 10 208 20 255
    188 205 241 255 223 0 0 108 77 165 255 255 184 106 238 255 0 0 255
    69 120 32 152 153 122 255 242 32 186 56 255 0 206 255 255 145 250
    246 129 255 52 147 255 0 39 255 194 210 119 163 112 55 248 74 62 132
    221 146 250 255 155 151 9 17 86 0 96 255 67 122 171 46 255 253 101
    255 169 0 0 249 8 236 67 64 148 0 245 67 255 48 116 3 0 0 222 255
    113 87 255 0 79 0 0 222 0 0 0 0 209 54 255 255 255 241 26 0 255 112
    0 158 255 201 224 255 0 251 99 0 151 152 83 255 0 14 98 179 197 161
    220 0 131 124 79 161 242 47 252 130 255 209 87 255 255 4 0 249 50 38
    23 0 255 0 255 0 236 0 0 255 255 225 27 187 83 85 44 51 27 255 67 96
    58 76 220 153 123 200 109 255 0 0 255 0 0 255 255 186 65 89 0 17 84
    31 255 125 0 110 255 101 15 134 0 0 19 217 141 35 255 31 173 255 239
    255 142 79 135 82 126 0 79 78 63 220 62 255 255 0 0 191 248 198 0
    120 255 186 255 190 224 232 70 159 17 68 103 15 234 44 200 204 106
    255 3 237 82 30 0 255 41 42 55 255 155 120 116 255 99 162 255 223
    255 246 21 255 54 199 204 236 81 119 107 58 255 255 12 160 164 0 188
    4 200 67 152 0 39 255 24 255 0 0 26 3 51 0 215 103 0 17 255 253 162
    58 5 255 244 75 255 170 255 79 49 255 62 0 255 246 0 95 181 94 0 171
    235 145 179 0 134 255 128 62 248 0 255 255 200 255 255 0 0 255 199
    228 0 0 255 0 152 0 91 222 86 255 0 255 255 137 0 186 251 255 120
    119 16 65 3 41 246 0 164 180 255 0 241 255 0 255 48 164 123 255 54
    255 0 255 255 48 255 171 201 101 156 66 37 255 255 255 5 19 255 56
    118 62 0 255 186 216 248 156 102 218 0 198 0 165 38 255 112 255 249
    75 70 0 106 63 156 255 149 120 0 255 255 119 0 67 3 50 237 0 52 68
    229 0 0 146 109 0 0 194 27 0 78 255 255 50 0 207 145 242 186 255 26
    0 5 212 168 255 153 254 138 216 152 74 255 39 237 255 0 0 105 213 91
    0 0 113 219 69 243 175 255 0 158 223 255 18 228 0 186 39 7 255 0 76
    0 239 3 115 0 8 255 164 0 24 60 72 157 191 255 0 45 63 155 255 0 212
    157 255 144 46 154 0 112 0 123 0 41 0 0 53 255 195 0 247 118 59 106
    0 253 255 41 0 19 0 43 255 255 66 255 66 51 197 65 183 0 48 207 255
    157 200 0 0 109 69 0 0 194 228 255 18 255 113 179 255 38 96 245 160
    255 0 181 255 0 255 0 255 255 255 50 0 248 245 0 23 255 157 236 66 0
    255 0 0 158 105 255 169 7 148 254 0 0 172 0 223 223 102 133 255 149
    230 0 255 255 240 89 35 178 134 52 227 201 7 169 111 69 69 0 0 0 64
    68 186 156 172 151 208 0 0 115 0 184 0 0 124 105 255 0 0 204 240 0 0
    246 196 242 194 255 255 255 255 81 106 255 6 29 0 252 222 87 247 30
    255 0 132 0 77 54 247 255 83 116 255 255 86 178 0 38 255 26 248 255
    215 251 246 79 36 0 152 181 121 0 255 0 115 255 73 73 84 255 255 6
    255 11 4 0 40 201 122 255 222 237 64 70 0 0 57 25 255 27 182 163 46
    95 4 255 18 113 97 202 159 0 251 42 0 1 111 255 150 46 0 238 180 140
    118 126 4 255 176 0 128 0 255 194 255 233 217 24 15 119 81 147 219
    255 46 0 213 72 71 203 41 110 0 217 87 0 209 136 204 0 255 154 210
    255 0 0 104 237 255 255 255 255 0 181 0 64 255 166 110 89 191 83 0
    157 64 48 0 0 176 253 33 255 255 0 20 0 255 255 144 0 22 0 0 128 243
    114 0 86 255 231 255 49 0 101 255 255 0 255 236 195 255 255 0 0 255
    222 41 161 152 106 0 253 103 255 0 12 66 0 168 255 118 213 0 0 255
    41 0 255 142 255 0 255 243 121 255 255 0 210 93 255 255 245 58 255
    86 178 255 90 218 6 255 99 255 214 0 255 125 255 0 18 144 0 0 218 0
    255 200 255 203 194 246 19 26 22 102 0 0 255 126 0 30 255 0 52 130
    201 51 255 255 67 255 140 133 255 255 0 183 63 0 82 255 255 92 164
    255 0 13 46 0 247 215 17 99 211 36 102 0 64 255 59 0 9 189 255 5 7
    255 97 203 69 11 88 255 0 127 21 0 53 2 145 255 255 255 27 4 255 31
    0 154 134 167 0 103 0 202 154 0 117 141 97 0 240 140 255 207 170 255
    255 114 156 11 127 0 25 79 0 197 202 0 94 190 193 96 0 255 241 238 0
    158 255 52 0 13 123 255 0 71 211 219 34 0 84 63 227 66 255 88 255
    164 0 177 118 187 53 255 255 249 194 71 255 17 0 0 201 247 33 160
    157 8 26 73 176 255 0 0 255 236 0 132 8 12 119 234 132 128 255 255
    255 137 150 0 0 0 101 0 126 254 0 82 255 168 211 255 36 78 101 237
    249 215 0 0 16 69 9 151 0 192 255 172 0 110 186 243 255 255 150 166
    109 0 255 0 107 223 101 58 27 255 179 0 182 64 138 116 8 180 255 146
    119 255 118 50 0 180 212 0 255 150 255 0 188 160 66 219 0 0 239 0 97
    255 0 116 209 2 157 255 107 0 255 255 102 255 11 241 255 19 119 112
    185 255 255 0 100 165 0 0 255 255 0 123 255 0 13 0 0 88 206 153 66
    255 105 255 255 175 0 172 149 55 0 255 156 201 142 195 41 232 255 24
    190 79 212 33 177 24 255 255 46 71 7 152 0 64 244 0 0 178 0 126 148
    20 153 151 102 68 134 255 192 255 70 0 0 62 239 12 255 0 249 255 255
    33 78 217 255 86 0 219 81 54 106 44 0 94 85 62 80 150 255 128 254 0
    32 0 176 105 32 223 174 255 70 162 255 255 177 199 107 0 83 18 255
    107 19 4 255 37 0 246 63 74 109 97 113 12 57 0 163 255 0 253 169 0 1
    247 0 59 67 230 18 97 244 147 226 67 0 255 22 240 92 209 0 56 237
    255 221 221 255 194 148 0 0 85 0 45 255 158 255 250 255 137 0 0 49
    12 181 127 14 169 195 221 93 82 64 116 102 0 164 41 189 237 0 181 1
    132 255 195 255 255 0 0 102 255 255 0 238 0 140 0 234 255 61 132 13
    0 255 125 255 0 158 255 120 103 41 196 211 0 0 172 0 195 0 59 90 212
    225 215 140 228 255 139 31 255 225 251 27 48 104 114 4 173 14 144 0
    51 27 0 255 105 255 187 255 139 231 199 90 255 49 0 106 255 255 126
    255 222 0 121 84 94 0 1 192 170 19 173 72 80 226 255 255 32 156 191
    0 0 0 0 255 0 255 92 204 174 167 99 53 64 20 231 12 191 221 255 118
    62 0 163 200 0 255 120 255 91 255 255 250 41 255 5 62 252 7 0 0 213
    218 74 33 255 255 75 0 255 0 172 127 231 255 198 41 255 0 180 224 0
    138 255 67 8 255 179 111 170 211 232 172 116 161 112 0 0 129 33 211
    179 126 0 0 200 85 203 3 0 230 207 0 255 0 255 155 45 230 80 98 255
    233 0 0 57 0 60 121 127 83 43 8 0 39 187 255 63 89 0 186 80 0 216
    195 147 187 228 86 100 124 249 21 153 50 108 104 91 0 92 108 90 94
    27 32 0 0 126 221 30 0 122 0 243 33 255 38 255 102 74 33 67 33 0 216
    134 226 111 136 122 161 152 189 42 101 228 146 255 225 77 184 81 23
    222 199 255 255 0 142 0 0 255 91 20 109 0 138 28 0 35 205 0 0 255
    242 0 0 28 245 255 43 207 244 255 0 0 103 113 107 33 110 216 255 109
    74 253 46 192 54 255 13 206 0 224 49 80 2 255 0 255 36 237 0 17 255
    17 13 102 169 255 209 68 255 92 59 59 164 0 226 133 35 3 255 194 255
    161 255 0 255 221 95 19 226 0 31 255 255 210 226 142 186 0 33 102
    144 0 156 255 73 105 0 71 255 96 159 246 34 255 203 168 39 151 0 179
    199 63 228 0 0 129 205 110 255 255 187 15 117 255 131 166 27 131 255
    255 185 5 185 151 193 173 255 197 0 255 131 255 103 0 255 255 0 111
    0 0 32 0 207 227 255 255 67 0 34 182 181 0 111 255 165 252 255 87 17
    255 255 0 195 54 31 63 0 9 255 195 126 81 196 206 130 166 20 179 62
    80 233 135 228 0 255 49 146 0 140 239 49 255 174 222 200 29 248 124
    255 255 255 0 233 255 0 152 255 255 0 212 219 3 255 165 0 246 209
    121 228 126 37 37 50 255 46 133 98 4 0 255 154 0 255 160 233 255 85
    166 208 231 19 225 43 255 0 9 171 222 52 0 255 67 0 255 180 154 197
    61 178 100 78 129 255 40 0 255 0 51 0 255 162 240 255 0 255 0 0 117
    2 216 255 74 154 208 0 8 69 230 130 255 237 9 205 77 226 70 250 100
    252 255 42 122 174 208 248 6 255 59 60 3 111 255 224 56 205 68 160 0
    43 255 0 0 151 255 254 225 18 85 0 255 136 55 188 176 0 30 248 0 30
    79 92 0 255 0 206 153 255 255 0 255 64 169 0 110 50 0 51 86 0 192
    170 255 210 151 60 153 220 200 25 153 209 192 211 80 182 191 78 2 33
    0 0 0 150 145 255 0 11 203 3 59 255 255 116 255 255 0 14 255 0 62
    234 221 108 214 102 208 209 56 154 73 255 255 187 100 0 0 86 39 253
    255 255 0 0 205 118 0 180 255 119 255 83 248 122 233 255 84 255 65 0
    241 127 255 218 255 203 206 255 203 32 32 0 201 0 93 144 254 0 241 0
    0 45 22 179 6 0 214 0 113 190 0 0 130 6 240 139 84 0 136 234 0 61 0
    0 195 0 255 67 41 76 54 255 255 0 0 255 172 244 140 92 255 0 10 197
    193 255 212 0 211 21 15 98 22 255 133 38 0 201 107 117 7 255 95 123
    94 3 0 0 0 255 255 212 247 17 111 0 255 126 255 172 132 117 14 98
    153 219 95 0 208 19 23 174 255 59 80 255 0 0 39 129 32 255 93 129
    208 165 93 185 85 39 80 255 164 255 82 0 25 64 102 142 50 57 12 193
    255 115 255 232 149 200 0 255 114 94 255 8 255 95 171 255 104 255 0
    19 255 0 255 61 255 220 34 0 0 255 24 0 38 237 248 75 147 255 105 1
    0 0 255 205 93 93 0 186 0 71 0 255 0 119 155 255 130 157 123 23 255
    124 20 215 0 0 159 0 0 65 0 0 255 0 148 25 255 8 110 235 255 140 164
    255 133 237 209 194 237 255 152 226 165 124 208 85 0 87 146 7 174 45
    197 9 0 72 12 134 98 117 255 156 48 192 72 1 93 132 255 73 255 184
    255 168 3 255 195 80 220 0 112 0 243 255 37 128 255 134 87 0 255 83
    222 150 17 37 167 0 0 0 0 0 88 48 38 255 255 206 0 255 111 61 255 51
    255 255 0 142 191 69 0 142 132 142 147 235 255 144 255 255 255 224
    218 24 0 255 15 1 84 255 166 0 170 65 0 0 38 255 114 0 255 10 188
    181 42 255 248 237 145 249 255 100 255 0 72 0 0 24 255 0 255 0 102
    143 255 130 46 45 198 253 249 0 255 45 0 234 222 51 212 120 0 0 0
    109 86 8 0 19 0 0 225 255 78 255 89 57 248 63 201 46 181 255 157 96
    0 115 107 255 78 0 255 255 158 232 255 255 142 235 255 53 103 4 244
    117 255 228 80 220 75 39 11 185 255 74 255 49 0 255 127 0 99 51 92 0
    1 95 0 5 59 250 119 196 52 208 5 255 255 0 201 204 0 255 0 0 0 0 0
    254 46 237 0 241 210 163 151 253 0 204 146 137 15 137 255 54 87 185
    54 255 255 237 71 211 76 143 125 183 156 149 67 195 159 139 165 238
    184 234 0 255 122 255 251 0 63 185 0 12 241 255 190 193 255 54 32 1
    250 0 18 147 215 0 69 68 255 255 0 209 129 0 30 16 112 191 202 0 176
    255 15 158 212 174 29 81 59 0 46 0 255 245 0 254 253 0 255 244 150 0
    255 21 255 27 255 156 0 0 68 75 237 115 2 255 0 0 177 0 87 213 60 46
    255 15 255 0 205 231 208 255 220 107 0 47 72 130 19 0 123 255 74 179
    48 255 223 0 140 54 255 55 70 5 0 9 255 207 137 255 132 212 0 112
    238 71 17 255 231 78 255 204 137 105 104 255 164 230 225 164 255 80
    97 255 0 8 83 0 0 142 189 0 152 0 126 86 0 95 255 204 255 220 200 21
    255 255 250 87 255 0 39 182 255 171 240 255 255 78 255 255 88 57 255
    209 172 94 0 121 135 122 55 255 255 0 0 255 108 34 0 33 0 255 118
    103 203 151 156 49 0 194 234 255 255 74 225 0 161 222 255 180 204 60
    255 51 177 200 78 163 62 0 141 0 255 0 123 0 30 255 0 255 255 239
    252 255 255 0 55 164 207 0 219 236 119 0 0 163 0 149 156 209 0 174
    255 182 255 0 12 0 247 0 206 255 174 255 255 220 231 133 60 210 209
    150 58 11 55 255 82 105 139 137 0 255 132 0 230 103 141 224 53 230
    245 255 230 0 255 42 155 20 209 0 0 0 255 255 168 45 25 0 255 0 105
    92 54 0 195 71 226 29 181 217 100 26 253 0 17 255 154 6 124 123 255
    255 234 0 255 115 0 195 0 0 255 36 101 145 68 187 255 255 243 199
    205 161 0 0 94 255 157 163 115 47 255 207 3 117 53 255 0 0 0 137 190
    32 255 0 0 9 0 91 21 108 255 45 86 255 0 222 0 244 218 0 58 255 255
    0 255 0 255 0 118 139 0 255 81 0 49 0 193 44 255 97 0 0 255 131 202
    0 130 255 255 134 59 0 221 232 174 75 255 255 149 125 255 255 81 124
    144 134 0 0 251 0 0 236 194 0 73 53 1 33 86 28 0 0 8 172 193 208 252
    0 146 255 58 87 19 255 255 46 133 255 0 89 7 0 106 161 45 0 0 255
    220 0 224 0 79 229 0 57 87 140 255 0 255 113 112 125 0 255 77 255
    205 192 255 60 0 255 0 178 240 165 255 186 88 255 163 0 255 222 166
    152 255 45 0 172 0 81 229 0 208 255 255 0 0 226 167 85 9 243 248 255
    202 0 52 69 0 135 215 55 0 126 214 232 94 21 193 197 0 145 251 255
    238 152 255 0 206 0 189 0 88 83 255 103 157 255 60 226 71 31 51 20 0
    255 230 0 0 217 0 20 255 255 192 255 61 255 0 72 201 181 243 41 0 97
    0 205 23 251 224 220 255 0 0 252 133 225 138 0 129 255 212 166 255
    255 205 154 255 76 35 161 185 0 0 156 25 101 0 15 86 255 228 255 251
    0 0 6 255 75 175 255 153 255 62 79 222 0 113 191 0 255 144 241 68
    157 220 122 0 0 0 99 58 42 99 255 0 144 111 0 255 45 0 189 255 20 44
    0 216 33 0 24 255 78 255 196 0 168 0 112 26 255 40 239 247 0 0 165
    227 224 255 147 0 0 12 231 192 255 0 2 255 255 233 255 76 215 255
    255 206 255 188 104 255 30 223 22 200 156 175 244 254 178 217 108 1
    0 255 133 0 157 95 0 0 36 158 255 255 0 178 105 0 201 85 255 123 83
    255 176 0 240 187 119 255 0 0 58 204 0 0 32 0 102 140 0 255 30 0 7
    255 152 255 151 0 207 0 0 180 19 33 0 0 44 255 180 222 255 182 255
    255 98 99 249 195 255 255 255 0 53 255 255 0 255 255 100 0 58 186 52
    51 252 255 45 106 0 255 93 39 85 0 255 0 0 207 142 255 236 249 161 0
    255 108 255 21 204 254 255 126 0 255 255 76 0 0 0 235 0 115 255 134
    37 237 1 193 88 213 255 255 255 88 182 183 39 0 255 0 0 0 97 130 144
    92 255 255 0 116 126 255 255 0 114 248 0 43 0 59 152 0 198 255 58 0
    55 222 255 247 255 126 152 5 0 166 255 255 13 0 173 87 116 224 255
    128 114 59 160 156 163 255 99 44 166 255 28 13 36 255 0 0 255 196
    255 72 255 1 118 0 110 159 0 255 162 252 6 195 255 37 241 0 0 195 63
    254 0 133 226 149 37 205 255 185 133 19 147 5 153 186 0 255 134 23 0
    0 0 0 5 255 198 0 129 65 62 0 255 0 69 255 0 255 255 255 251 255 98
    0 214 127 255 255 80 0 241 105 0 76 255 255 36 168 255 255 15 255 88
    204 0 0 239 210 0 255 217 255 22 0 255 103 0 254 255 159 150 163 117
    92 160 230 255 114 72 243 207 210 71 131 255 255 188 154 0 255 252
    147 159 0 255 0 0 218 227 182 0 54 193 168 255 165 183 43 48 73 255
    62 111 116 0 252 0 88 39 23 0 43 133 213 32 255 238 34 152 198 48 95
    88 255 255 245 255 0 205 36 255 77 32 84 193 224 119 168 119 112 98
    139 0 61 0 255 149 236 224 51 108 255 249 255 153 255 212 0 86 101
    191 255 0 200 255 125 8 255 17 255 164 0 181 227 73 188 247 94 198
    16 21 0 228 188 202 0 47 255 38 196 255 213 218 0 255 205 184 0 162
    221 255 197 22 231 109 185 189 221 255 98 255 255 255 255 10 6 255
    255 27 178 90 255 92 178 165 0 0 117 233 0 213 255 0 255 195 255 11
    133 37 60 0 255 166 255 0 246 233 232 255 0 255 167 240 0 81 68 2
    255 129 0 0 0 255 215 173 0 0 254 0 14 30 224 193 0 21 255 255 0 0
    14 122 2 61 51 103 255 24 129 122 84 254 11 164 200 0 178 23 0 255
    249 239 4 161 121 95 28 0 221 224 255 175 122 255 0 133 66 156 47
    226 94 0 203 0 0 255 65 172 218 252 220 0 189 0 0 0 255 236 244 116
    110 66 83 123 96 255 57 87 140 31 255 9 48 255 0 0 155 231 0 255 0 0
    244 159 0 123 7 255 226 159 231 206 51 221 188 135 140 236 106 1 78
    194 0 0 0 0 214 198 12 68 255 56 210 95 71 1 255 255 87 137 200 52
    255 45 240 145 151 255 176 0 201 151 255 87 255 0 255 255 130 138 30
    255 200 255 252 0 255 227 187 255 244 255 255 218 214 0 139 0 255 7
    0 255 255 255 0 255 255 234 4 0 8 0 200 121 255 247 11 0 73 181 0 48
    134 140 255 233 169 4 255 170 50 207 0 9 38 185 37 39 141 59 255 102
    255 27 59 13 111 149 44 162 134 225 254 181 155 142 47 156 163 0 219
    239 211 40 44 153 129 81 0 179 86 0 22 0 226 204 0 255 226 255 253
    195 255 128 255 255 114 144 62 255 210 173 255 0 255 255 0 131 255
    182 212 168 255 38 164 29 255 79 0 189 150 1 101 111 172 233 68 108
    228 160 255 232 0 198 255 162 179 255 0 123 107 153 0 176 208 0 255
    0 49 255 255 218 255 255 250 101 95 47 99 174 255 106 184 20 155 148
    0 38 0 76 50 124 47 156 74 255 184 255 0 6 241 91 255 1 255 63 184
    164 203 60 0 226 67 138 30 49 0 0 121 0 93 144 159 0 211 126 106 127
    211 255 255 139 255 255 17 23 0 170 7 0 0 114 9 89 255 225 0 0 202 0
    146 221 0 147 253 0 255 255 205 124 16 157 75 255 87 24 0 136 27 28
    255 0 177 191 197 223 255 184 255 101 255 168 0 158 190 0 86 152 0
    255 114 230 226 17 113 208 0 151 88 158 40 139 177 188 128 0 199 0
    247 91 141 255 255 139 229 235 194 172 0 220 189 255 0 137 255 255
    255 20 0 31 85 0 0 140 175 4 248 100 195 59 83 181 142 99 255 126
    175 255 202 0 187 255 0 183 240 0 255 33 200 255 7 0 79 62 201 195
    253 255 255 174 102 0 0 109 229 53 255 255 39 75 255 0 220 0 75 76 0
    103 165 0 255 174 0 9 173 0 103 111 249 0 20 127 29 255 222 61 128 0
    204 203 149 199 0 133 114 246 189 66 17 84 255 126 184 174 123 62 0
    239 255 154 255 130 32 0 255 154 255 0 82 0 0 255 255 210 112 0 135
    52 255 122 156 210 221 0 95 152 0 194 255 149 181 226 167 18 0 0 0
    174 255 255 200 255 255 60 19 29 143 0 0 32 64 222 11 30 152 21 0 0
    106 95 232 0 162 83 48 6 217 0 0 255 126 255 255 0 188 255 255 0 140
    154 129 241 54 154 95 55 0 154 205 0 12 119 229 0 0 255 255 0 15 0
    255 120 146 176 136 80 241 93 188 0 119 0 169 0 0 14 255 130 0 255 0
    255 70 45 152 255 255 243 171 0 0 251 43 255 121 32 0 41 0 0 0 202
    254 16 0 255 230 91 0 255 219 255 0 181 75 255 255 137 61 230 255
    162 29 213 255 255 125 92 20 230 255 176 97 255 0 255 19 0 175 12
    249 136 213 51 126 99 67 63 148 71 144 175 230 161 0 113 1 127 255
    46 255 185 2 108 49 143 182 29 126 161 255 47 239 66 0 99 255 141 69
    0 0 0 85 70 40 124 164 138 0 0 0 255 45 255 255 0 255 44 255 205 206
    146 97 255 195 25 108 255 0 0 60 69 0 255 0 204 143 13 255 60 19 25
    193 22 95 183 255 255 23 0 89 210 0 100 99 159 178 16 27 255 115 0 0
    255 32 0 196 255 120 226 109 0 243 195 215 61 255 171 80 139 0 255
    48 0 117 160 124 147 47 148 220 100 28 255 255 225 179 126 228 90 0
    0 83 190 186 50 209 140 95 195 81 118 255 27 170 255 145 90 185 148
    36 131 255 255 67 0 255 201 0 255 124 0 99 255 182 255 255 231 46 84
    255 193 0 0 255 0 253 0 255 0 38 0 0 204 255 30 245 100 50 0 219 57
    146 14 195 255 31 255 255 0 0 235 255 224 34 5 0 8 0 255 165 111 235
    127 255 218 210 255 255 0 255 231 168 74 211 109 0 78 234 95 40 135
    55 135 35 13 255 255 31 255 1 255 255 178 251 0 74 108 49 0 200 0 44
    229 104 255 40 220 13 251 244 49 203 108 53 194 82 161 0 255 12 123
    151 0 170 165 146 255 0 0 174 0 156 0 60 84 230 55 0 255 34 36 162
    117 29 0 255 255 0 255 88 255 181 155 53 28 39 255 0 206 0 197 255 0
    112 149 255 85 120 177 130 56 0 255 171 8 102 197 48 170 0 255 130
    89 171 73 255 228 192 255 81 8 168 93 53 0 117 197 178 0 253 64 135
    46 0 53 255 174 68 91 242 0 250 141 195 0 9 146 169 0 170 255 212 0
    255 0 162 255 19 255 255 165 251 36 13 0 0 0 255 3 142 255 81 230 8
    50 0 0 0 219 242 69 204 23 218 132 255 135 62 245 139 253 2 0 0 134
    255 0 0 0 255 0 0 255 211 255 255 215 164 15 133 0 23 0 28 0 135 207
    0 111 0 255 106 212 0 193 255 0 120 132 0 207 47 57 175 206 255 13
    147 255 36 184 110 197 187 21 51 255 0 255 255 68 172 0 110 128 121
    213 226 199 101 129 255 255 64 0 0 255 0 190 100 0 255 204 76 176
    255 14 0 255 20 0 255 96 22 0 255 255 110 74 222 199 233 123 255 5
    255 137 113 254 245 81 85 0 178 0 255 255 255 220 160 0 239 35 0 255
    255 212 173 53 0 247 205 255 255 255 153 138 59 174 0 255 0 22 95 0
    170 255 181 0 180 0 244 255 0 215 134 0 120 238 0 114 222 29 22 255
    0 0 222 86 228 109 128 255 255 0 33 65 255 255 232 40 143 237 200
    137 254 148 129 255 223 0 211 221 210 157 195 77 31 175 0 189 125
    255 212 85 0 31 255 124 0 0 183 255 10 167 136 162 255 85 71 0 226
    235 0 173 248 175 0 20 105 0 164 203 204 213 0 0 0 0 255 40 0 241
    188 216 9 246 240 23 80 0 255 9 255 93 140 49 20 0 142 155 91 41 0
    255 65 72 255 15 41 124 28 255 80 17 5 14 255 160 255 0 220 255 40
    226 206 79 154 214 21 143 255 19 68 255 0 177 0 127 57 255 144 255
    220 252 38 93 161 134 106 255 255 255 0 0 24 92 116 237 194 151 0 50
    210 255 255 172 179 181 111 242 0 255 246 0 163 235 0 130 123 84 0
    84 255 251 28 191 35 39 204 120 122 53 238 0 255 0 201 255 255 255
    110 215 43 73 0 151 100 175 70 255 0 0 0 0 0 0 237 252 0 255 183 35
    19 228 0 178 216 216 251 255 208 123 4 51 0 159 73 57 129 236 255 87
    255 0 33 18 255 0 52 69 130 117 162 30 181 167 255 151 0 187 0 0 15
    208 0 216 255 255 0 255 183 255 255 0 255 255 110 255 170 19 166 154
    128 0 255 54 150 0 184 255 255 12 34 179 219 255 0 255 255 255 200
    229 14 142 0 231 189 247 192 0 255 0 237 123 248 84 72 0 66 253 0
    115 255 175 251 253 219 210 68 0 42 113 105 92 238 66 153 29 138 255
    252 199 112 66 238 8 0 72 255 255 249 0 71 0 41 225 36 143 0 202 0
    255 97 3 197 255 52 128 157 159 0 255 0 81 255 253 0 0 255 0 255 107
    134 255 224 0 87 0 255 234 200 148 0 255 141 255 89 0 255 0 95 93 0
    119 38 8 0 105 255 72 0 0 187 255 64 181 255 220 0 255 84 218 244
    159 255 255 102 15 39 0 82 0 223 147 0 255 139 0 255 255 125 255 242
    45 176 68 0 63 234 96 216 102 192 230 0 255 0 0 83 230 0 122 182 0
    147 2 7 24 255 255 255 255 255 132 181 104 0 0 90 16 204 252 237 0
    204 148 51 255 255 177 10 0 72 255 0 14 255 10 3 255 50 244 12 0 0
    255 106 255 56 238 0 207 82 0 167 147 97 29 142 0 92 68 92 204 161 0
    0 207 4 0 158 232 255 144 255 94 255 255 66 55 77 84 146 78 5 161
    135 158 255 0 141 112 25 163 0 255 221 178 161 167 92 0 0 0 67 81 26
    167 63 0 112 255 196 129 41 235 168 105 170 19 255 105 36 201 255
    232 255 194 239 13 204 205 184 160 185 255 115 22 255 79 235 255 0 0
    150 0 90 230 73 196 9 20 226 0 55 0 255 84 69 24 127 35 210 255 0 0
    255 224 19 151 0 91 131 172 153 95 246 9 187 92 88 127 37 175 0 163
    255 73 255 0 226 0 184 245 0 132 14 0 181 77 255 0 18 255 42 241 0
    193 0 164 0 255 225 0 63 214 225 255 255 255 0 167 13 187 252 0 117
    255 115 202 32 170 0 217 255 133 255 231 44 204 11 17 247 0 0 188
    248 221 110 255 135 244 41 79 59 49 253 255 17 47 169 161 0 137 255
    155 115 235 255 0 156 255 0 169 255 99 35 36 229 255 255 56 248 255
    181 249 0 181 183 80 162 48 0 255 0 222 234 239 255 191 0 82 255 23
    233 109 38 255 255 255 0 0 193 193 23 255 0 255 0 163 204 132 255 0
    6 255 26 236 255 94 255 119 31 165 243 255 0 84 255 134 255 197 0
    225 0 255 82 55 255 138 255 255 170 37 70 189 82 149 0 80 30 0 0 223
    255 134 255 250 172 245 119 0 54 255 255 255 0 255 22 0 255 71 0 177
    255 61 105 255 255 175 255 255 178 0 255 0 141 36 19 229 214 56 90 0
    111 132 89 225 150 255 239 0 248 177 0 196 178 0 0 23 25 8 0 24 255
    151 0 242 208 34 0 148 173 62 255 18 99 163 64 221 0 215 49 8 49 255
    128 105 3 255 117 255 147 0 70 94 17 116 255 157 165 76 248 156 220
    83 71 56 0 211 0 169 0 255 206 48 0 107 255 0 14 255 0 70 255 255
    152 255 255 93 156 0 255 121 156 143 124 197 0 103 255 0 82 45 255
    178 185 255 94 251 168 34 0 114 35 14 197 217 0 255 5 0 144 101 56
    198 255 0 255 197 161 255 51 95 100 255 0 188 255 64 252 48 113 189
    246 227 154 76 0 235 10 14 202 255 9 255 32 240 206 0 105 0 107 143
    204 255 0 100 210 165 255 101 154 0 255 127 61 255 225 180 255 184
    255 255 97 0 17 231 0 62 255 179 0 24 255 19 246 0 115 24 142 0 0 0
    181 168 180 158 100 248 62 232 54 98 255 91 0 160 0 18 153 69 41 55
    174 0 170 237 143 100 102 255 68 203 107 255 199 192 54 205 45 165 0
    255 40 255 97 144 175 102 255 0 82 190 206 255 0 255 0 54 255 255 0
    163 0 114 0 0 255 255 255 0 65 255 0 255 255 255 94 255 245 178 104
    6 187 82 255 232 0 0 56 93 213 32 60 255 255 141 4 255 0 170 133 255
    255 104 156 0 99 165 0 42 0 181 101 0 0 91 193 63 109 195 70 218 0 0
    2 170 0 0 190 0 128 255 174 255 255 0 15 203 255 193 0 198 166 193
    124 255 66 8 118 255 179 63 35 13 2 0 180 62 205 4 234 255 95 57 168
    159 0 47 106 255 255 0 0 240 156 255 150 162 255 30 255 255 0 255 16
    0 38 0 44 20 0 131 83 229 230 204 90 156 63 160 0 0 255 249 205 59
    117 19 107 252 0 188 49 228 0 157 0 0 241 103 255 255 163 0 110 255
    175 255 153 154 230 0 0 12 0 236 148 0 0 149 146 107 86 118 63 255
    164 124 115 47 61 255 221 253 255 0 29 191 198 0 255 126 208 255 168
    51 222 0 0 12 66 229 232 74 228 39 0 235 221 143 186 61 0 0 165 54
    144 26 0 1 24 119 29 31 255 0 255 33 90 0 255 255 75 151 0 199 164
    115 255 225 156 181 255 68 49 158 255 46 255 0 255 0 255 0 0 143 196
    0 0 180 255 77 35 255 0 255 0 255 7 37 231 255 162 82 202 0 65 78
    180 255 32 0 177 222 0 228 0 88 157 255 255 199 0 24 87 0 50 82 127
    195 255 0 162 190 255 96 22 0 0 255 87 0 101 47 0 255 24 194 234 76
    57 82 0 0 0 255 0 248 42 255 17 115 255 253 255 186 0 114 126 124
    170 0 90 0 0 100 68 97 69 0 158 0 58 48 254 255 186 83 255 0 106 199
    154 130 0 255 117 0 241 255 185 174 12 6 132 255 171 255 239 116 0
    158 252 27 200 188 0 255 198 26 0 255 194 0 39 80 52 128 39 255 0
    125 0 247 227 25 211 22 134 203 35 51 134 241 73 255 0 255 65 0 196
    2 75 255 0 89 255 82 40 255 89 0 0 255 114 56 255 0 252 161 0 50 177
    180 168 243 0 55 81 170 222 36 255 96 86 255 255 30 234 20 255 241
    237 255 181 132 255 116 0 59 0 0 59 47 99 182 37 250 1 255 158 217
    47 76 4 46 0 54 126 139 92 255 175 255 255 150 182 0 255 0 199 203
    255 255 42 255 255 118 255 216 211 119 0 0 0 47 0 162 0 121 255 255
    98 255 0 206 225 95 158 132 255 86 151 10 189 124 0 156 0 154 118
    255 44 255 92 245 255 171 183 0 129 139 239 0 0 25 207 100 53 0 124
    0 165 0 255 255 2 185 176 0 193 73 255 112 70 0 70 98 212 198 0 255
    207 23 0 255 62 255 227 0 0 99 255 229 99 255 255 111 191 201 3 255
    227 114 154 152 106 161 255 101 59 212 44 15 255 255 16 255 24 205
    131 255 255 67 0 255 255 65 255 255 0 143 175 0 135 198 255 10 0 255
    255 52 141 255 255 255 176 255 24 188 183 133 188 255 255 3 156 0
    255 138 164 170 82 61 255 0 12 59 175 235 0 255 255 44 179 209 74
    220 255 255 0 99 255 255 24 195 117 0 62 0 107 0 255 59 194 0 255
    123 155 0 0 49 0 0 0 0 255 0 109 255 255 255 255 255 255 244 255 226
    91 0 0 173 47 130 5 32 108 46 115 65 190 47 251 213 0 236 215 239 62
    255 255 255 0 99 0 118 108 106 0 255 193 64 158 175 123 255 250 238
    230 140 32 15 177 190 0 73 214 0 255 114 241 0 53 55 235 255 255 255
    19 87 117 205 255 0 110 255 255 236 61 0 191 255 147 133 98 255 39 0
    0 19 0 79 36 125 255 0 255 179 192 139 220 255 186 0 9 55 0 139 166
    255 255 0 0 0 239 217 255 255 255 76 171 7 81 41 83 175 113 0 103
    255 255 60 35 77 160 192 0 0 255 0 0 132 102 134 34 106 137 255 255
    0 17 98 0 229 0 0 76 37 226 0 189 169 0 146 40 133 221 140 0 108 0
    79 34 230 162 255 55 255 211 50 104 0 255 47 0 46 0 149 78 252 249
    197 232 0 28 0 35 63 0 0 150 68 165 0 55 16 0 0 32 0 255 86 142 255
    0 0 108 161 0 255 203 0 59 255 207 77 193 176 146 79 63 0 25 140 203
    103 0 255 255 89 21 4 0 44 60 134 201 100 133 142 255 161 255 255
    191 0 255 76 33 255 242 201 249 189 215 136 0 109 232 0 254 0 255
    255 87 46 114 77 1 113 235 231 168 255 187 34 191 0 117 206 255 26 0
    0 255 94 65 158 0 232 255 20 255 35 255 255 238 225 255 245 255 0 34
    223 0 191 217 190 255 80 88 181 0 30 57 24 209 255 10 176 248 255
    235 173 35 223 52 49 103 255 136 172 115 8 199 11 255 30 40 47 0 106
    11 255 194 69 248 229 172 25 4 222 99 240 186 41 205 74 255 40 47 0
    255 80 232 0 255 144 235 61 255 0 255 0 0 92 61 153 46 0 42 0 255 63
    16 118 208 255 224 255 176 255 141 172 223 0 33 0 70 255 255 172 255
    220 255 90 137 129 0 219 143 255 206 93 255 255 57 0 156 57 0 134
    228 0 255 255 0 0 40 1 195 44 0 0 205 255 1 0 142 255 255 112 0 254
    81 255 80 255 143 111 170 241 255 255 0 160 73 30 99 219 44 0 177
    216 132 122 42 86 0 186 59 0 139 89 242 202 57 0 169 243 159 255 94
    32 89 213 60 0 255 0 70 172 220 186 191 184 42 41 77 255 31 0 89 165
    0 15 0 101 70 140 196 138 5 9 151 0 181 255 0 255 13 144 8 141 197
    255 225 187 133 229 0 17 19 119 0 11 19 0 203 122 124 255 255 248
    145 22 149 183 0 230 216 139 237 255 255 31 8 203 145 85 0 162 46
    240 237 167 255 94 0 205 165 41 0 213 38 200 101 48 0 255 41 149 255
    226 255 0 145 167 255 20 209 15 138 227 34 0 113 255 109 201 35 255
    255 0 110 120 0 255 85 250 222 0 185 0 255 255 159 177 38 18 0 0 0
    21 254 0 142 184 0 0 228 0 255 253 255 188 98 186 245 41 0 0 255 0 0
    171 179 186 252 0 86 0 255 0 2 181 255 197 255 105 0 50 0 92 0 0 0
    71 89 168 255 202 137 208 255 39 144 87 27 82 0 243 0 255 0 0 226
    112 255 7 0 151 224 255 0 255 167 155 156 87 71 247 255 255 86 145
    116 143 108 221 77 153 255 43 255 212 22 101 0 255 146 46 255 249 80
    160 255 0 0 186 0 42 255 255 35 255 255 27 255 255 91 179 255 104
    159 194 75 99 0 0 106 0 176 255 255 101 255 13 255 124 255 224 170
    247 186 49 116 255 0 202 196 112 255 108 233 149 255 255 189 52 152
    255 0 255 211 255 84 0 226 64 0 230 121 255 98 43 214 152 255 0 0 0
    255 135 87 133 255 12 65 221 0 6 255 0 255 132 27 129 194 76 255 0
    80 185 254 62 0 131 165 0 145 255 255 255 255 255 98 141 176 10 79
    239 62 108 108 185 102 99 9 4 0 0 218 125 206 53 255 107 93 231 81
    215 108 0 159 0 39 14 100 48 0 135 255 255 114 195 255 69 143 49 239
    255 153 0 143 155 98 205 76 255 0 255 3 138 171 255 0 0 0 19 0 87 0
    0 225 255 95 165 0 69 0 89 198 6 0 120 209 73 74 0 0 255 118 182 206
    255 0 255 255 204 56 255 0 169 165 12 17 0 255 111 115 212 255 0 207
    157 255 182 241 255 145 78 255 165 255 0 175 0 193 255 163 255 8 0 0
    0 157 200 39 255 11 41 60 110 255 22 255 223 255 184 129 148 0 30 0
    157 255 255 148 179 17 132 0 0 187 45 226 129 255 161 97 0 82 117
    128 0 255 255 255 0 255 255 255 116 211 238 37 0 102 138 153 255 255
    245 255 0 234 255 15 101 237 59 8 28 148 0 3 57 162 255 0 0 165 255
    0 6 0 172 0 75 132 0 253 0 242 62 255 238 13 222 0 92 146 52 157 137
    255 238 131 32 236 255 166 255 230 21 0 1 255 154 182 164 0 247 255
    10 164 78 34 162 190 240 65 255 255 255 0 255 90 146 124 38 205 255
    0 74 214 255 0 199 114 255 255 140 255 0 0 115 0 0 255 239 0 26 35
    105 255 255 73 5 168 17 12 255 43 173 243 194 98 210 107 93 0 12 6 0
    78 158 165 54 0 255 0 205 0 0 32 171 135 200 44 255 89 244 153 213
    255 235 0 89 217 65 0 255 113 240 255 45 123 0 0 253 255 53 230 147
    47 66 0 0 232 255 14 62 255 0 164 83 34 255 0 115 255 128 146 188
    188 250 96 255 20 255 5 255 255 4 0 232 47 25 213 255 105 198 162 0
    146 0 0 243 45 249 255 40 157 135 197 0 255 0 227 249 123 154 128
    198 66 97 239 255 198 255 0 84 0 0 255 83 111 201 0 120 255 0 229
    255 24 255 110 255 222 244 0 0 231 181 0 88 232 7 0 153 177 179 237
    209 0 57 96 30 63 0 255 177 195 211 0 255 155 200 140 228 75 0 160
    255 227 216 84 204 255 0 202 0 255 132 0 167 0 90 255 191 51 107 109
    20 130 181 127 255 7 0 217 6 189 5 244 169 35 175 198 253 192 247
    255 255 211 11 93 0 255 178 72 0 122 136 0 255 139 0 184 192 239 51
    255 124 106 255 255 255 255 24 0 18 9 255 124 255 36 179 255 0 0 255
    18 0 80 83 255 153 0 40 125 0 229 255 47 255 249 163 223 128 255 107
    0 164 0 149 255 142 136 255 16 0 184 113 0 0 255 0 136 33 0 0 0 255
    255 229 255 255 255 240 255 216 88 255 49 181 103 173 240 65 64 118
    193 132 248 133 187 240 0 152 0 54 255 0 0 0 228 196 255 255 0 3 200
    83 255 0 68 94 0 6 0 120 0 255 0 97 0 66 189 98 84 255 0 88 0 132
    255 235 0 54 141 214 0 148 255 175 247 255 0 255 0 0 67 21 111 0 255
    170 239 169 186 72 0 165 255 87 130 99 205 76 84 255 0 115 255 237
    182 14 72 0 79 101 4 48 85 255 89 142 7 238 255 217 184 0 15 93 67
    255 0 116 255 64 118 0 0 63 68 248 138 255 0 202 0 38 48 181 217 80
    38 225 241 117 255 205 173 238 92 0 70 0 37 78 93 255 255 0 186 255
    39 162 235 232 243 171 91 77 6 123 0 0 171 189 255 145 6 26 65 152
    11 63 104 195 151 0 39 255 204 255 109 83 100 61 229 219 90 207 82
    74 128 242 0 224 0 223 81 255 235 82 255 79 142 24 159 154 0 0 143
    59 128 0 236 255 18 162 0 0 132 231 0 245 135 173 117 110 242 255
    206 29 54 90 15 130 126 243 255 86 255 0 101 255 18 255 255 48 0 82
    249 0 87 255 0 56 255 0 164 51 1 0 193 0 0 0 0 31 255 163 35 103 239
    0 242 51 84 222 152 112 69 152 210 31 63 129 0 255 222 150 19 236 0
    0 235 201 28 255 84 53 0 70 0 12 228 95 139 124 255 0 0 0 130 219 0
    0 249 152 255 131 255 59 20 253 81 70 255 107 255 255 0 0 0 93 37 26
    255 150 7 89 202 128 14 0 255 0 241 0 63 44 0 152 255 53 126 0 204 0
    0 79 255 106 183 255 200 135 192 255 87 0 0 96 53 190 0 62 255 205
    186 84 220 255 255 7 67 255 90 220 0 215 4 105 27 0 253 20 14 204 51
    222 129 141 210 220 176 21 16 30 255 0 160 255 233 177 255 255 255 0
    10 118 255 34 19 213 18 17 137 213 43 0 47 0 0 39 0 79 255 254 0 167
    181 149 249 223 212 114 194 175 55 247 234 255 0 255 255 154 7 157
    130 0 128 255 255 250 89 226 170 255 255 136 102 112 220 0 10 255 0
    120 222 103 255 255 77 153 179 250 183 190 183 211 64 7 248 255 245
    0 255 255 49 255 255 103 63 251 0 255 5 118 0 0 137 249 46 62 255 35
    255 255 80 33 208 0 255 0 221 230 0 0 142 106 148 255 94 136 0 120
    77 14 0 183 195 200 89 135 42 163 0 205 0 153 0 86 84 0 59 0 0 108
    255 255 204 234 162 218 0 177 231 255 166 153 137 107 84 172 24 151
    26 255 255 57 0 255 73 219 43 125 247 0 0 0 255 176 235 202 22 100
    187 213 255 0 255 41 0 43 117 56 22 103 196 0 0 17 128 0 80 255 189
    141 202 0 7 255 0 110 105 210 101 32 255 255 255 255 0 40 0 24 244
    255 191 150 255 255 0 0 0 255 183 71 116 132 149 57 0 148 236 0 0 0
    182 255 243 0 52 140 140 130 109 122 73 65 0 255 255 3 232 170 153 0
    255 0 109 71 255 105 255 253 224 0 238 143 0 47 61 255 0 158 255 213
    231 174 255 245 255 98 255 9 103 182 231 52 253 40 255 255 215 58
    255 0 200 141 218 58 0 255 139 21 28 255 185 76 0 59 0 0 0 146 0 255
    255 255 153 49 39 130 122 155 45 255 136 255 146 152 196 249 0 182 0
    216 0 63 76 255 0 220 126 88 207 16 247 188 165 0 15 0 247 0 0 177
    255 0 251 255 0 40 0 123 0 0 8 210 130 255 10 13 193 0 255 0 43 255
    0 255 219 255 148 0 0 0 0 112 221 255 255 121 228 0 23 216 47 128 32
    0 0 176 236 205 183 0 68 255 0 0 104 0 0 210 6 48 21 129 219 112 35
    247 0 146 2 77 237 202 255 199 114 137 0 61 164 234 17 153 32 152
    255 0 223 255 157 0 38 255 215 96 255 0 255 142 0 255 34 255 9 103 0
    0 223 41 188 31 106 249 0 48 97 130 0 206 115 211 172 233 255 93 224
    57 206 99 30 255 126 156 165 86 122 70 103 199 78 255 0 128 255 168
    176 0 112 255 41 224 0 0 0 107 0 243 196 255 255 228 242 128 207 142
    196 139 93 0 64 255 255 0 255 255 20 30 115 0 255 255 85 180 169 80
    221 127 84 0 209 217 188 255 80 0 0 169 0 255 0 42 205 5 0 246 22 58
    255 0 100 196 145 0 255 255 241 98 85 0 162 43 19 0 72 255 71 191
    255 117 255 133 161 97 255 87 57 186 59 0 0 222 175 0 160 156 53 0
    147 0 0 172 255 12 0 178 255 96 247 161 203 255 255 255 136 125 102
    255 101 67 212 255 139 20 36 237 34 181 11 255 0 255 239 194 255 147
    36 56 0 202 255 34 210 51 224 148 231 126 0 95 192 255 221 126 21
    236 188 255 0 23 0 255 255 179 0 226 163 0 191 9 29 237 68 255 0 125
    0 0 80 179 250 130 255 176 255 205 174 208 255 23 0 242 0 252 255
    118 218 145 140 0 175 0 196 5 1 84 8 182 255 94 218 255 0 196 105
    124 0 255 255 192 186 236 125 0 0 146 149 27 2 0 40 114 2 0 160 157
    52 0 255 255 218 13 79 163 0 19 28 0 87 229 59 219 0 178 85 0 3 255
    160 74 156 114 96 255 255 157 196 215 223 0 195 22 255 189 64 255
    176 255 242 97 190 124 255 62 57 255 250 202 197 255 255 15 0 0 172
    84 3 0 110 0 99 61 0 182 58 48 255 255 246 0 255 227 0 0 70 201 175
    162 174 255 0 53 117 0 137 187 26 255 88 218 103 255 0 0 68 240 200
    0 57 16 255 255 21 168 43 161 95 211 0 255 0 168 120 23 222 255 73
    255 255 55 255 85 0 196 47 46 148 228 0 158 0 0 255 244 0 82 2 217
    52 0 52 0 0 255 0 255 255 255 201 254 248 255 254 5 157 255 217 255
    198 0 184 106 0 239 239 204 0 10 207 154 18 135 100 127 51 62 0 134
    255 0 107 255 7 255 0 174 106 0 255 28 35 204 37 0 166 193 255 255
    255 243 0 15 255 143 79 255 217 0 255 229 255 30 0 45 35 255 131 82
    255 135 0 255 36 37 0 118 182 69 172 156 15 0 110 185 0 75 59 168
    219 0 9 70 255 236 67 88 0 189 255 0 220 255 255 255 59 252 0 0 241
    15 255 95 41 118 203 0 137 255 161 0 118 251 144 0 181 144 255 67
    255 171 255 0 14 87 160 255 138 0 86 204 219 51 255 0 170 255 0 0
    255 30 255 0 10 25 13 181 202 163 77 218 108 5 97 127 191 221 0 255
    45 203 37 168 255 6 123 255 238 73 255 0 0 0 27 255 28 255 0 42 206
    94 255 51 0 32 53 255 255 255 232 69 0 214 221 0 116 255 0 255 68 51
    225 205 165 77 127 194 255 136 0 255 165 255 200 0 0 0 171 32 63 85
    71 238 0 0 255 0 255 0 255 151 0 163 71 255 49 255 255 0 0 0 89 222
    255 255 0 115 0 3 255 203 104 0 255 77 71 110 49 50 0 253 68 70 0 23
    51 168 156 52 255 2 144 0 164 0 217 242 189 87 135 255 208 61 0 110
    178 0 255 58 0 181 163 23 0 255 204 21 106 72 190 255 208 242 96 148
    255 255 255 0 255 179 255 255 190 47 150 248 255 255 255 62 58 76 0
    166 255 45 159 255 101 1 53 0 191 171 255 121 110 106 255 199 255
    255 255 189 0 0 213 241 255 106 76 131 210 188 255 188 19 243 0 74 0
    173 0 75 79 42 125 98 255 255 250 215 0 214 255 2 0 194 0 180 213
    245 255 255 230 255 96 164 155 151 255 255 68 185 255 236 0 0 0 39 0
    81 0 0 40 64 0 255 151 97 255 179 239 212 0 255 255 116 0 185 18 255
    59 239 231 220 89 115 0 255 174 150 255 85 224 0 198 241 73 0 255
    255 20 55 0 255 255 23 33 163 0 0 255 255 234 0 255 0 0 26 235 48
    121 153 0 0 65 193 255 176 228 137 0 135 161 254 99 139 72 255 11
    149 118 0 215 52 6 147 255 14 0 235 230 101 7 255 125 0 22 38 13 248
    0 255 0 120 0 229 9 29 0 255 173 82 200 255 81 0 163 227 255 175 255
    255 0 191 0 163 22 127 53 0 151 255 204 0 194 216 228 143 82 0 198
    164 255 255 66 69 67 0 255 255 0 58 255 50 54 143 163 255 59 0 210
    29 130 0 165 215 87 0 249 217 139 178 255 0 239 255 119 0 0 246 255
    250 98 50 0 255 0 255 251 89 195 11 250 255 255 235 0 135 83 0 0 178
    60 125 134 24 214 56 255 41 255 194 34 251 239 236 131 255 0 123 215
    119 11 0 3 0 107 15 83 172 0 10 248 0 150 146 202 219 0 74 226 255
    205 108 0 87 6 255 95 124 0 115 120 91 255 43 0 255 139 156 0 1 0
    220 255 68 0 104 0 215 0 111 255 231 243 255 0 205 255 159 101 0 5
    147 0 212 0 57 146 14 228 133 0 189 48 0 255 246 249 185 203 206 227
    83 219 0 198 85 69 240 255 4 114 128 1 207 8 40 85 255 255 158 248 0
    247 206 93 255 255 149 255 255 196 167 72 255 255 160 255 255 0 0 45
    255 0 255 0 153 99 213 10 0 69 21 255 0 12 255 52 64 17 0 205 0 84 0
    107 211 96 0 0 255 100 0 184 255 255 165 109 72 28 157 116 135 101
    43 0 137 187 171 255 205 255 228 255 0 0 171 0 0 255 31 25 175 0 97
    0 173 0 193 21 255 0 145 168 0 138 253 148 147 84 54 149 7 255 104 0
    255 136 20 188 255 145 103 122 0 83 110 0 0 223 0 0 255 228 74 50 0
    124 75 0 255 210 0 52 255 140 0 255 255 146 23 199 61 36 255 82 161
    0 255 149 194 255 0 0 143 0 61 171 225 55 1 190 46 35 0 121 76 255
    212 92 255 0 40 0 0 245 158 255 114 174 111 0 41 0 216 191 178 18
    127 0 22 199 252 199 255 72 0 0 0 114 255 145 86 18 22 97 190 57 200
    100 155 19 190 97 55 166 179 53 227 40 110 0 164 13 120 255 43 102
    44 234 0 0 136 0 0 0 0 182 234 180 75 255 237 118 190 70 252 250 0 0
    57 167 227 144 138 115 241 113 0 0 123 239 195 54 255 106 33 255 53
    214 2 190 129 36 180 255 223 255 130 218 41 0 159 81 148 224 196 142
    255 2 210 255 0 8 74 182 148 161 239 13 26 255 83 183 252 255 255
    255 255 139 107 255 159 255 255 255 0 72 19 41 82 0 204 166 81 125
    255 255 52 38 0 0 231 0 34 39 57 0 130 153 203 0 227 146 38 255 239
    169 255 255 100 15 88 197 255 0 255 25 117 255 0 131 18 255 0 0 168
    37 45 250 38 173 0 238 255 20 146 0 255 202 178 118 28 222 89 255
    255 226 255 51 0 0 127 62 65 251 229 20 195 255 189 164 230 73 248 0
    34 20 70 254 255 194 0 135 255 0 103 115 229 124 222 12 0 0 161 163
    62 0 255 45 0 19 177 116 239 19 178 0 123 0 121 0 101 126 79 255 133
    219 0 138 255 255 65 119 136 0 96 196 118 22 221 254 0 37 102 38 88
    190 0 255 0 255 130 221 0 255 255 0 255 0 16 192 0 255 193 0 54 255
    199 110 150 255 111 0 255 98 130 47 255 255 255 232 255 0 140 255 0
    162 255 253 127 232 39 0 114 24 117 255 118 0 38 231 93 50 0 251 82
    215 46 0 0 149 254 47 147 238 255 0 69 177 255 0 194 63 229 188 237
    124 255 255 185 255 23 253 164 0 0 246 0 255 206 255 74 101 160 255
    74 255 70 153 0 88 73 61 255 0 0 255 0 0 63 170 255 6 11 0 0 0 0 118
    255 218 208 60 5 241 48 98 139 33 255 244 193 150 255 141 238 25 255
    255 197 38 69 110 65 60 143 7 242 255 191 255 64 38 0 237 235 255 33
    255 255 49 92 0 255 120 216 255 107 152 255 57 31 18 50 147 0 22 0
    253 106 176 209 106 145 255 249 255 222 57 208 192 212 84 234 16 0 0
    14 120 61 122 100 83 38 255 255 242 255 59 193 255 2 231 138 252 255
    255 13 210 67 56 219 188 114 224 255 62 214 156 243 255 129 119 255
    41 255 16 92 83 0 134 169 226 72 198 255 29 81 108 1 255 142 255 59
    251 255 255 171 210 121 125 11 255 0 109 16 131 13 163 122 213 189
    122 181 104 106 255 255 255 255 120 255 195 0 213 255 0 85 171 255
    225 156 204 119 243 113 0 247 186 0 141 83 90 255 45 81 99 98 255
    255 255 130 255 63 207 141 211 121 56 150 0 255 239 135 66 44 0 62
    255 73 255 227 149 1 255 132 67 30 99 162 0 153 148 255 200 77 6 255
    223 234 155 0 29 0 255 0 255 95 21 119 60 0 166 255 0 242 186 0 255
    111 165 129 255 0 121 70 0 196 224 255 144 255 255 0 156 249 28 167
    255 168 89 0 78 17 120 0 12 0 200 255 255 55 255 255 255 1 0 0 217 0
    0 86 17 0 74 214 95 255 166 76 189 255 146 255 74 11 165 184 80 255
    0 0 57 209 76 255 14 10 88 0 255 193 115 213 255 98 119 132 213 206
    255 236 81 199 255 85 25 244 255 0 130 132 44 0 148 255 147 0 0 255
    108 0 255 0 168 218 0 255 133 187 241 114 0 112 86 0 86 4 110 255 17
    255 157 24 193 0 224 64 255 146 173 255 0 255 135 229 255 255 46 255
    0 255 121 0 171 152 134 56 84 235 0 255 77 237 104 5 0 193 0 0 205
    182 92 60 185 255 188 141 255 255 0 0 135 0 86 6 255 175 179 165 162
    226 193 212 255 100 119 100 148 195 166 0 18 23 0 0 123 138 50 194
    255 255 175 163 185 0 255 255 208 67 0 255 255 184 203 208 133 0 109
    104 255 255 16 104 41 247 29 93 9 0 104 101 24 162 0 255 167 0 86
    241 255 72 255 208 13 64 0 0 85 0 157 93 0 209 73 170 24 255 255 255
    74 247 173 102 122 32 0 217 255 22 47 0 255 47 255 52 118 108 255
    112 0 255 0 46 254 137 236 219 82 0 88 126 255 255 9 173 255 171 255
    128 191 255 0 180 255 255 0 255 133 65 26 81 255 134 112 153 120 255
    214 0 57 0 163 88 0 255 207 0 25 0 255 180 0 0 145 231 255 133 128
    144 97 0 131 120 0 187 0 63 239 18 255 255 22 255 255 255 195 71 177
    29 218 255 190 66 212 43 255 45 0 42 14 131 255 156 0 40 255 0 103
    23 188 202 0 255 35 52 1 123 117 255 11 125 0 192 224 101 0 255 26
    117 36 255 112 18 106 0 255 126 143 0 110 0 0 198 0 0 70 255 136 0
    255 11 215 132 0 255 107 255 9 250 241 129 60 237 0 0 221 94 126 255
    236 106 71 84 255 114 105 171 255 85 189 255 255 81 255 89 172 51 0
    44 0 252 255 255 246 192 189 255 0 184 255 255 0 40 27 0 247 191 154
    53 255 48 255 247 0 219 232 242 255 0 184 255 121 211 255 255 0 135
    255 0 255 209 76 66 255 0 62 88 44 255 98 152 148 199 0 207 0 0 189
    240 122 118 153 182 223 142 74 0 0 0 140 40 46 0 130 254 242 0 238
    172 0 255 155 93 78 33 255 16 213 182 183 152 141 122 11 4 0 0 254 0
    40 76 0 133 0 55 188 0 1 103 195 190 25 205 0 7 221 96 110 162 240
    54 115 203 122 91 74 255 22 230 213 110 255 185 212 96 255 21 208
    163 255 138 24 0 253 0 8 176 100 119 26 51 233 249 208 200 23 163
    255 118 237 112 7 184 147 0 207 192 3 0 255 255 121 188 232 223 255
    11 98 200 255 0 20 255 243 14 174 26 197 207 104 128 122 169 255 239
    148 0 255 255 255 183 255 20 248 230 255 205 252 0 253 0 0 100 0 255
    0 0 255 145 0 0 139 218 99 0 255 255 26 110 6 83 152 66 52 111 11 33
    132 255 207 25 131 244 21 208 255 255 252 0 18 201 197 142 255 0 27
    234 19 246 255 255 199 255 52 253 225 0 19 185 0 0 14 126 69 62 255
    15 247 255 0 179 255 255 67 219 61 180 0 0 0 31 241 45 255 11 199
    238 0 255 133 136 255 173 5 43 29 102 0 143 255 0 255 0 0 208 22 167
    200 0 209 227 170 255 196 44 239 30 0 215 155 63 255 219 74 52 167
    59 0 255 112 0 255 170 0 123 0 255 0 102 255 253 114 255 255 44 225
    173 255 171 255 0 246 245 255 255 178 62 242 0 0 105 216 0 6 179 0
    140 123 104 177 255 0 167 52 180 9 255 101 187 216 108 154 255 4 4
    37 103 61 21 158 21 0 0 10 0 255 3 0 0 0 139 237 0 0 0 255 255 0 255
    27 73 161 231 234 255 24 0 182 255 119 12 224 186 128 0 174 176 90
    140 0 0 82 66 38 213 139 95 17 0 209 0 0 152 237 0 255 9 220 255 0
    255 123 250 0 158 0 0 198 255 216 7 0 255 0 50 211 21 51 73 117 0 44
    255 173 0 111 219 72 255 104 255 117 0 255 231 0 226 109 0 20 130 17
    255 173 12 255 24 255 255 3 105 255 184 126 255 250 91 95 255 0 255
    241 0 0 0 66 0 0 255 113 144 255 102 82 166 52 236 225 198 246 194
    190 176 89 0 48 0 45 239 184 139 50 241 30 158 0 17 55 0 191 203 255
    11 34 161 129 255 96 255 255 255 255 123 244 133 9 0 0 55 0 4 255
    104 57 103 37 255 124 61 232 68 255 255 81 255 103 245 36 255 255
    255 233 208 196 39 12 204 36 0 211 255 233 255 255 65 0 226 0 0 82
    255 0 209 105 77 32 0 217 42 29 237 0 130 255 0 125 67 230 206 255
    249 114 141 183 234 0 26 196 75 115 156 104 255 18 111 0 64 205 92
    38 5 0 0 45 0 135 121 4 0 36 225 255 110 118 181 0 143 255 172 250
    192 227 122 194 20 208 152 145 0 0 69 199 139 0 0 255 65 6 93 188 65
    253 199 66 150 0 0 0 255 127 101 255 27 255 255 177 255 118 113 131
    0 0 177 59 140 137 80 39 87 0 149 241 0 117 255 0 110 77 128 165 74
    74 148 106 255 29 33 134 0 255 108 47 147 21 60 255 118 0 64 255 171
    17 220 255 116 255 199 0 164 144 55 86 0 54 128 0 0 23 255 13 0 168
    147 0 131 0 0 135 194 115 0 0 248 202 190 118 230 29 255 255 0 27 48
    82 0 0 87 233 0 255 255 179 244 22 102 94 99 162 197 225 127 255 0
    255 107 105 245 94 121 204 0 184 208 255 117 255 255 114 0 124 0 107
    61 255 0 255 255 0 255 255 0 255 57 225 48 0 0 17 85 48 194 249 0 0
    97 0 170 10 133 220 33 210 28 255 255 255 129 39 215 207 194 255 0
    166 240 185 255 183 0 255 190 98 1 20 254 183 175 86 255 81 51 255
    164 248 0 0 255 0 255 140 108 92 52 53 235 206 88 255 221 181 42 164
    0 119 202 0 54 63 156 148 64 210 82 255 255 144 70 235 0 0 0 0 154 2
    155 134 194 10 255 33 255 52 148 222 69 193 13 17 155 111 98 255 0
    120 79 0 0 218 89 12 255 162 0 255 255 255 150 146 0 0 255 160 56
    103 129 155 70 0 255 38 255 0 0 44 255 56 76 112 255 0 0 116 69 114
    0 0 161 255 3 9 221 233 132 0 32 177 48 3 255 190 99 208 0 186 87
    255 166 22 197 255 157 177 153 75 218 27 23 5 223 35 150 0 255 0 57
    169 255 83 255 255 0 255 255 174 105 0 255 154 207 255 82 118 0 65 0
    94 61 191 191 255 255 66 96 0 38 250 74 19 255 19 0 0 124 255 8 0
    166 228 0 0 243 0 0 54 255 80 0 255 38 0 255 91 113 125 62 148 104 0
    224 62 136 255 8 0 255 88 0 255 53 0 255 255 68 153 63 0 155 0 89 31
    255 235 214 21 255 255 0 255 145 255 255 255 69 0 119 0 255 0 0 105
    22 0 216 230 80 168 4 0 176 219 218 162 255 177 56 113 151 106 143
    208 144 105 115 26 255 102 255 255 198 94 255 240 233 255 255 215 65
    163 0 212 68 104 112 0 184 29 201 173 128 131 145 75 0 255 208 0 74
    132 0 255 255 196 0 209 129 174 166 255 225 0 255 255 255 249 156
    255 140 21 85 0 115 0 255 128 0 255 255 172 0 171 255 0 212 83 255
    255 0 0 119 39 33 19 213 31 0 136 23 235 131 244 0 196 205 57 119
    166 184 49 0 255 193 0 215 10 231 47 255 255 50 255 135 0 202 141 0
    255 230 178 0 255 176 42 156 98 255 0 255 255 151 31 0 255 31 189 0
    180 76 98 255 61 14 255 76 33 122 255 0 0 150 255 231 51 130 136 128
    62 153 0 0 255 95 0 255 0 1 0 0 169 241 201 255 90 19 61 210 0 35
    255 29 255 0 255 2 122 20 255 0 52 91 15 248 43 0 255 0 199 152 131
    61 187 255 161 35 85 75 0 159 52 0 184 0 251 0 217 0 50 32 119 34
    113 65 159 255 255 246 0 62 126 255 233 255 156 0 170 255 91 92 0
    255 186 0 137 216 241 0 47 13 0 20 255 163 110 35 255 5 169 46 255
    17 32 255 47 236 255 0 46 200 194 96 159 24 42 125 131 255 255 133
    25 49 79 38 231 0 255 179 0 162 225 0 219 247 0 255 49 255 255 10 59
    208 0 0 0 67 254 98 50 252 231 251 0 76 0 183 255 255 255 116 255
    238 78 255 0 118 0 0 154 40 208 255 179 213 196 22 91 255 156 255
    255 0 41 0 113 0 0 78 24 192 136 74 0 116 31 128 66 255 129 0 113
    155 125 0 0 139 255 137 38 20 221 49 75 99 229 181 51 255 52 237 255
    88 255 255 205 135 182 24 0 64 0 169 132 83 0 0 41 255 0 226 231 234
    222 11 240 156 169 255 184 200 0 139 0 187 255 103 67 255 49 8 255 0
    255 120 255 227 166 182 255 17 255 104 53 114 130 0 83 230 255 142
    62 0 139 91 95 214 36 35 0 107 128 142 180 193 166 179 90 111 0 42
    251 0 252 50 34 245 219 17 18 0 19 0 2 29 255 53 0 222 215 0 0 0 255
    255 216 12 226 64 0 89 195 68 255 240 0 144 209 8 136 164 0 7 54 159
    83 82 82 194 255 181 0 221 34 0 202 0 2 253 0 121 220 105 214 0 166
    224 0 45 60 0 0 1 81 0 0 148 200 193 166 255 112 0 238 0 255 0 248
    255 59 255 19 222 247 150 141 255 0 86 214 0 89 168 1 255 106 134
    255 211 89 248 224 168 126 0 90 255 82 151 55 0 59 0 44 0 0 169 78
    34 181 255 60 31 255 255 47 91 29 203 133 5 255 121 220 70 255 0 0
    159 246 0 165 255 255 130 48 191 216 255 121 41 255 144 16 0 9 164
    255 9 0 255 208 255 22 139 227 0 0 0 0 67 242 165 40 77 215 0 255
    145 186 255 159 208 123 0 147 55 48 0 84 0 209 0 57 2 109 255 255
    255 255 255 182 209 148 223 255 82 255 194 115 0 124 43 196 255 255
    194 89 255 18 132 252 0 168 202 93 35 158 255 112 89 62 122 255 0
    173 192 146 255 0 79 143 0 149 70 102 255 197 221 0 143 246 66 255 0
    186 64 255 182 56 40 0 255 175 232 51 0 59 242 255 125 0 185 58 0
    190 0 93 106 182 120 255 18 18 191 0 0 166 18 253 7 0 0 52 48 1 181
    255 137 176 229 185 52 122 255 204 47 255 0 66 255 0 255 53 255 255
    0 168 0 123 58 113 255 0 0 0 0 44 108 107 224 119 94 71 255 29 255
    255 0 4 77 7 141 41 234 255 147 24 97 180 212 109 106 23 38 0 255
    255 0 251 255 0 201 255 255 135 177 171 145 150 54 74 160 16 135 255
    255 127 241 161 198 100 255 139 0 0 255 99 144 255 246 0 0 0 210 255
    200 126 233 170 0 227 255 221 0 0 255 154 96 39 5 74 98 240 0 0 255
    100 120 81 0 234 59 0 255 134 33 141 235 255 254 235 54 255 74 184 0
    218 255 35 0 255 215 255 155 83 255 210 122 255 225 0 0 0 255 228
    255 0 255 223 20 167 255 206 0 229 96 0 31 179 53 0 252 212 199 0 32
    199 0 206 126 203 0 127 255 221 88 0 255 0 90 35 194 0 115 113 171 0
    207 53 255 255 255 255 223 255 190 255 170 198 255 255 255 255 255 0
    197 255 245 255 0 78 134 19 255 206 12 0 251 0 52 103 95 0 255 0 174
    54 12 152 248 68 95 206 255 221 113 134 42 20 248 0 66 98 255 107
    178 255 166 111 254 160 106 0 96 48 0 195 1 255 255 230 121 255 223
    255 0 255 255 166 147 255 101 0 211 255 122 255 109 85 125 92 237
    255 0 38 255 0 112 204 255 0 0 36 85 0 255 0 255 255 201 208 75 7
    118 177 0 168 0 255 218 120 255 145 253 212 108 64 255 255 93 59 237
    179 199 0 124 3 106 241 179 124 80 81 221 255 255 147 138 255 255 0
    91 217 0 103 202 0 126 80 94 230 111 0 32 199 147 213 190 111 255
    255 0 194 240 0 24 116 255 10 250 172 0 198 255 0 27 165 255 0 181
    255 169 136 25 255 120 0 23 48 241 62 0 34 88 71 0 215 178 255 243 0
    29 239 0 18 236 0 0 0 96 254 243 255 168 255 158 127 85 214 73 0 224
    101 241 137 113 26 209 0 237 255 212 0 255 255 145 0 0 31 255 143
    191 0 25 254 215 0 90 255 210 255 100 255 160 255 29 253 138 136 163
    255 0 236 64 0 19 151 0 174 0 255 170 228 0 0 10 56 0 0 255 30 210
    94 255 255 250 0 249 18 0 255 112 255 227 81 125 182 252 0 70 255 0
    25 233 0 186 156 101 38 153 178 224 255 138 238 255 135 84 174 91 34
    13 0 0 255 255 0 255 0 157 101 0 184 39 186 180 58 255 134 139 236
    255 203 0 164 0 65 10 114 255 0 255 73 31 255 255 233 255 255 0 75 0
    0 162 197 0 255 0 0 202 0 91 64 0 255 254 23 206 198 228 255 43 163
    255 255 194 174 89 0 114 198 30 112 230 97 255 18 255 25 111 175 34
    244 255 254 163 255 46 229 0 88 30 120 0 149 0 201 255 125 136 0 178
    202 0 0 115 255 119 150 62 255 32 108 163 238 255 28 28 115 255 96
    125 108 0 236 254 241 0 118 148 166 0 150 0 146 208 0 205 8 217 26
    39 21 68 0 255 255 242 255 148 237 151 255 209 255 136 58 74 86 255
    255 0 145 255 255 0 0 87 220 74 112 232 0 224 0 221 255 246 83 0 93
    66 246 196 0 0 0 62 239 0 142 54 0 111 255 225 0 170 65 255 148 0 0
    0 239 41 246 255 74 134 145 130 143 255 130 1 0 0 0 0 10 253 236 0
    174 236 102 234 74 255 0 229 250 185 255 255 238 0 0 44 119 255 18
    66 17 255 28 242 231 227 0 255 255 6 177 159 232 0 0 187 26 149 0
    186 77 47 162 255 255 250 0 196 0 0 255 160 0 212 224 0 0 255 0 0
    171 53 0 184 0 255 0 255 97 235 249 191 0 148 88 144 255 255 0 128 0
    63 229 0 0 204 128 190 128 170 0 126 151 110 0 233 238 0 147 0 90 42
    255 245 119 102 119 255 35 197 0 255 55 0 78 33 153 0 0 255 242 251
    255 255 142 255 130 0 255 255 82 16 33 255 255 255 237 120 98 75 170
    199 118 0 200 111 7 36 233 179 255 252 255 0 255 255 252 201 145 216
    187 255 252 254 153 79 0 58 242 207 157 74 255 187 77 93 76 69 0 82
    171 233 175 44 255 230 0 0 101 0 255 60 255 0 255 158 199 5 41 59 0
    12 0 0 72 66 53 191 198 241 0 140 238 255 255 31 229 112 58 127 0 0
    64 0 35 0 0 121 0 202 255 45 0 101 0 73 240 124 138 255 255 255 255
    255 156 255 255 0 30 255 168 32 169 196 0 210 255 255 0 212 96 255
    255 7 96 245 255 204 19 211 255 115 30 52 0 159 0 166 225 0 76 51
    255 255 0 172 0 15 229 211 255 255 39 113 255 0 33 255 255 17 100
    160 0 163 255 32 0 0 227 223 0 0 114 214 143 143 6 255 252 0 255 96
    0 212 0 255 107 0 255 79 229 246 5 255 146 255 226 48 182 177 0 250
    255 255 244 59 77 202 72 139 0 8 159 133 114 255 8 1 255 130 124 255
    0 224 0 55 0 95 151 0 11 255 255 235 72 155 216 97 255 94 109 255 24
    248 85 0 222 0 171 219 142 144 46 12 255 168 255 255 228 255 50 94
    169 0 255 127 0 255 166 255 96 178 0 79 194 73 10 0 255 255 182 243
    255 236 0 167 0 0 29 255 251 2 59 0 61 13 239 85 255 255 150 0 33 65
    65 92 95 0 35 184 218 196 20 163 244 133 64 150 64 80 0 0 34 7 167
    65 255 54 88 231 239 51 0 160 196 10 187 17 0 255 145 241 0 157 162
    255 199 0 255 255 109 0 0 187 66 156 208 255 232 172 150 71 156 240
    255 255 105 255 170 122 147 225 136 255 0 93 105 0 89 183 72 255 255
    255 100 0 255 88 101 0 0 95 255 101 255 255 161 110 1 255 255 161 74
    104 155 166 178 255 211 185 101 247 78 182 0 255 255 55 0 150 59 0 0
    0 38 203 236 12 102 7 0 163 190 0 35 117 148 0 90 213 0 190 160 34 0
    255 48 0 255 255 0 230 104 240 119 109 93 255 0 208 170 255 255 41
    166 255 212 0 0 255 255 203 122 93 32 118 12 11 51 255 255 255 103
    226 137 119 45 5 165 49 141 204 87 60 149 99 246 0 105 101 18 255
    141 0 8 112 175 157 205 0 0 196 0 255 244 207 48 171 251 176 124 245
    0 255 211 0 0 255 255 200 104 205 255 255 63 193 179 62 17 127 241
    181 0 213 255 255 142 135 155 0 255 90 177 13 239 95 0 0 0 88 0 163
    87 255 129 10 96 255 134 255 250 0 192 255 0 86 171 37 255 141 159
    14 0 255 255 146 45 136 233 126 173 65 255 134 255 201 0 0 255 0 160
    236 255 250 22 218 158 13 33 110 76 150 103 133 255 49 108 255 203
    221 255 206 227 0 189 148 0 102 92 0 66 197 255 106 42 255 132 23
    255 220 95 117 0 243 170 0 0 0 174 89 0 0 219 232 188 93 0 88 255
    255 255 185 246 54 0 0 229 255 255 137 166 89 173 255 255 255 95 189
    170 16 178 43 0 34 88 0 187 198 141 186 216 255 209 35 0 18 255 198
    0 11 51 55 0 2 70 94 156 0 145 255 4 101 209 60 255 149 4 25 0 72
    155 237 147 122 181 208 169 255 255 72 162 0 94 124 0 154 255 0 255
    0 244 0 0 0 0 255 222 36 67 153 29 0 64 202 127 31 255 0 255 150 113
    255 0 136 139 126 0 255 188 255 0 0 255 56 255 75 255 190 175 255 0
    0 81 0 255 193 255 153 25 81 166 49 0 254 0 0 186 148 73 70 219 27
    255 248 15 104 0 255 0 0 198 255 79 201 71 255 25 118 0 0 249 65 0
    244 255 255 255 255 63 35 50 176 255 61 255 255 255 255 82 185 255
    255 228 191 0 228 0 255 14 134 42 49 188 19 255 255 255 42 86 239 11
    255 255 4 193 144 31 69 198 255 196 63 59 6 125 253 255 255 185 64
    255 0 90 237 129 12 213 20 255 31 255 0 255 255 0 231 87 1 255 0 255
    169 118 0 23 181 0 255 83 255 146 180 200 0 128 193 212 0 224 255
    255 158 233 91 220 230 0 109 75 62 31 111 200 68 185 255 0 0 229 212
    255 255 111 50 237 255 21 255 255 27 16 205 14 253 146 180 203 147
    255 197 236 185 170 68 19 255 137 0 18 113 255 1 0 185 246 0 123 132
    174 0 21 208 0 0 60 0 255 58 0 0 177 172 0 232 255 64 12 90 255 5 18
    255 169 12 255 250 0 255 255 53 255 107 251 157 8 244 0 255 0 95 0
    247 98 255 144 255 0 119 19 238 255 0 255 29 0 255 191 255 86 255 0
    49 15 239 0 0 255 116 100 255 81 202 255 16 236 82 61 192 37 255 0 0
    255 255 90 255 255 255 0 120 255 217 118 167 73 215 39 81 255 169 40
    111 109 245 201 230 132 255 0 82 5 0 255 171 183 73 220 0 49 25 69
    35 195 23 150 0 107 255 55 0 84 255 17 4 199 205 255 224 9 192 53 91
    136 255 19 0 255 152 122 80 21 112 0 255 227 77 0 206 162 218 255 76
    0 7 0 109 161 33 218 130 95 248 0 255 255 158 47 78 16 0 163 255 29
    82 89 0 148 255 176 215 211 121 176 255 202 0 134 171 255 0 0 255 81
    40 72 255 44 97 15 35 0 47 255 245 139 47 120 9 223 149 249 177 68 9
    111 223 68 0 186 28 255 152 255 255 0 255 0 235 25 0 202 85 112 205
    157 67 255 255 140 255 78 231 255 34 255 0 236 0 8 0 0 240 0 226 255
    46 255 255 127 32 122 116 0 178 4 0 249 75 0 66 0 0 0 42 255 0 255
    255 144 244 255 211 46 255 95 76 175 147 242 255 0 150 60 0 108 106
    96 255 255 255 255 255 138 90 255 32 96 26 18 81 255 222 255 5 255 0
    181 227 255 0 223 0 248 255 255 125 162 255 30 22 238 154 34 0 255 0
    59 47 255 197 255 86 0 112 0 129 0 48 223 29 132 17 255 224 34 83 89
    0 43 0 123 0 255 131 86 0 0 255 195 38 255 57 147 111 50 0 143 55
    255 57 78 0 226 103 0 123 37 0 92 189 177 255 209 0 255 121 30 151 0
    162 134 11 255 255 255 246 11 209 255 134 253 249 101 255 14 116 224
    0 219 61 66 117 60 179 55 229 205 131 0 234 0 161 247 185 53 251 152
    100 0 121 255 0 122 255 0 255 255 62 255 0 184 0 132 255 137 0 41 0
    186 0 0 3 255 255 255 201 184 255 26 0 95 255 62 0 68 255 0 255 42
    22 28 213 210 90 0 0 92 255 255 74 255 154 44 246 1 50 68 255 255
    176 224 255 35 255 255 255 4 250 0 219 165 0 106 187 0 142 237 39
    147 162 147 255 0 0 255 17 41 216 0 146 0 238 224 167 117 255 61 255
    229 255 127 35 1 17 158 106 0 0 175 0 127 0 226 94 0 255 124 43 255
    3 238 55 209 241 39 236 255 255 0 0 189 0 210 0 216 255 246 242 58
    172 0 177 202 255 254 255 248 141 0 0 255 255 102 134 255 255 0 43
    255 0 92 4 234 64 123 104 255 228 129 130 0 65 3 105 118 255 0 189
    255 40 255 0 53 255 255 151 87 223 183 0 0 37 255 111 211 111 20 160
    255 107 170 255 199 234 253 0 255 73 70 222 194 214 148 40 2 215 231
    255 0 110 159 0 119 40 255 92 0 0 182 0 0 255 174 33 255 103 166 88
    125 0 235 255 0 0 255 26 58 199 255 255 0 95 172 64 122 30 0 157 132
    38 0 165 46 0 19 172 219 166 174 39 129 108 160 107 163 166 56 0 199
    9 102 255 255 255 14 255 0 255 255 105 85 0 168 234 255 255 54 226
    23 0 117 0 0 255 213 225 243 255 0 117 174 52 175 124 0 255 166 142
    255 144 0 77 191 27 136 255 44 0 255 136 169 234 255 255 31 51 255
    70 255 114 255 242 103 73 46 140 255 26 0 0 7 56 2 0 184 200 255 0 2
    255 111 0 0 255 0 45 242 0 255 75 0 102 0 255 63 160 211 158 202 182
    0 0 179 83 255 255 182 255 0 255 102 112 255 54 0 0 180 82 218 0 95
    234 0 58 49 63 0 231 11 93 61 0 235 111 205 186 19 241 213 76 1 0
    142 237 109 191 107 255 45 33 202 169 220 43 38 142 0 243 0 0 54 0 0
    0 255 0 45 143 224 255 255 108 18 154 255 222 133 255 139 159 184
    248 152 0 77 143 0 0 255 255 0 152 255 0 0 93 255 133 0 0 88 0 77
    111 196 255 32 0 0 255 0 224 0 255 0 103 188 255 91 70 255 0 92 0
    209 0 0 0 59 187 255 191 255 255 230 172 255 0 0 127 9 255 255 2 195
    255 177 196 127 111 0 45 199 220 255 197 190 144 0 20 184 104 0 255
    33 210 11 24 226 124 0 0 43 112 13 205 211 176 0 83 44 42 58 0 249
    252 242 244 189 0 185 144 120 0 255 184 0 255 0 40 0 60 77 0 55 68
    230 247 0 255 255 96 37 94 0 189 0 215 97 229 67 184 22 53 136 245
    76 233 255 26 255 154 255 246 69 140 102 142 85 86 51 101 0 0 255 0
    241 221 210 246 255 255 243 51 255 255 199 128 68 92 0 10 0 93 250 0
    255 106 0 0 191 255 110 0 0 33 205 0 32 89 0 255 215 235 8 247 235 0
    0 188 41 16 255 248 139 0 224 255 135 65 165 55 191 0 103 0 255 80
    255 68 0 176 155 150 238 67 65 106 255 109 41 0 123 210 113 97 180
    197 191 179 76 0 98 255 10 240 255 16 255 23 138 120 221 50 0 0 118
    252 129 199 255 255 85 149 255 62 255 113 135 195 32 255 127 0 255
    183 137 0 255 37 157 249 0 3 255 222 0 226 132 145 164 243 255 0 79
    255 6 79 95 71 255 210 167 255 77 118 255 0 95 0 56 59 0 0 57 103
    192 255 166 67 53 193 150 131 27 240 165 248 176 0 240 0 0 167 255
    24 255 34 255 255 65 0 0 187 106 0 187 0 235 255 0 255 0 0 0 255 111
    6 255 16 239 254 251 232 248 141 0 40 192 0 0 0 80 255 255 255 17
    255 255 234 206 203 251 252 255 187 12 0 87 1 40 0 0 0 117 194 78
    255 230 0 11 122 255 151 255 158 9 255 0 218 232 36 66 197 193 255
    180 255 255 86 194 234 0 0 47 197 54 0 126 239 0 211 72 17 54 0 237
    0 65 0 25 108 49 255 0 255 138 255 49 255 7 187 49 118 143 103 0 245
    199 186 251 255 17 167 255 0 100 233 105 181 250 255 49 121 0 189 0
    231 165 0 35 239 0 148 232 255 199 64 231 233 63 100 14 255 230 255
    175 175 18 255 0 171 13 92 0 0 49 216 255 0 145 255 255 204 216 103
    241 255 171 0 0 152 131 143 0 231 60 136 126 255 255 255 215 19 121
    39 16 200 215 153 255 255 239 189 255 206 108 0 79 255 12 0 255 44
    146 248 36 178 4 206 144 187 202 0 159 228 255 2 144 192 83 45 174
    255 186 0 208 0 106 0 28 73 255 189 239 255 187 83 0 194 0 0 48 88
    168 28 0 184 218 69 191 140 130 1 0 0 134 137 255 22 0 110 167 64
    117 89 255 255 222 255 47 97 16 232 255 170 255 176 12 0 79 162 255
    26 120 172 226 0 255 0 68 110 187 215 255 255 0 0 94 214 0 255 72
    137 213 207 190 254 32 100 0 11 255 213 133 0 129 231 0 47 239 28 25
    204 64 5 255 255 0 56 0 148 237 255 65 180 255 255 0 231 115 255 255
    136 169 86 100 0 105 0 72 70 7 84 9 108 51 89 16 0 68 202 222 255
    234 249 255 0 255 24 180 182 255 166 127 115 0 13 4 153 255 255 205
    255 8 255 5 99 255 255 150 116 183 255 255 170 56 156 0 255 118 0 0
    0 109 0 0 176 166 246 222 63 60 252 0 0 5 190 189 50 255 13 0 0 255
    79 0 38 24 231 255 234 255 83 211 99 255 131 36 255 188 96 0 179 209
    88 0 255 2 218 219 104 42 145 196 255 35 227 102 0 107 2 0 98 155
    239 255 150 255 186 118 0 211 181 255 0 91 49 0 130 255 91 190 24 76
    255 48 74 55 48 207 2 94 255 231 0 255 197 0 255 0 0 222 255 246 253
    255 128 123 100 0 27 247 19 7 24 212 0 52 69 130 0 72 128 126 178
    207 13 147 0 240 102 255 199 10 147 30 201 245 255 216 255 118 255 0
    53 159 235 160 234 126 0 255 13 92 0 255 0 70 229 91 251 73 110 72 0
    255 232 93 123 225 41 255 0 0 2 250 17 255 143 20 153 255 164 172 0
    21 139 74 69 154 0 255 88 0 11 227 0 104 0 0 251 175 255 133 0 255
    142 115 0 0 0 164 94 0 128 89 255 54 0 251 183 236 0 144 255 255 136
    255 0 0 255 175 0 169 255 255 255 225 148 47 140 106 255 99 255 198
    255 0 0 120 255 254 255 0 66 0 226 255 253 204 241 255 0 255 255 255
    255 255 220 0 165 208 0 67 168 92 150 180 78 236 50 34 143 255 250 0
    195 63 255 0 47 249 106 0 0 195 42 0 228 255 2 175 30 108 0 80 8 170
    164 63 255 255 212 255 2 166 255 0 38 255 167 0 86 0 31 0 54 117 0
    24 253 148 64 255 255 146 242 0 3 1 255 50 0 255 119 255 255 181 114
    116 235 143 227 191 255 224 0 67 174 165 117 158 0 0 255 97 0 166
    206 0 147 53 34 255 0 0 169 0 82 172 5 98 214 147 81 0 127 255 36
    207 255 135 255 52 81 168 0 191 103 120 44 241 171 0 136 86 240 125
    154 154 107 10 148 146 255 111 255 56 5 255 243 240 255 116 70 22 0
    0 229 47 75 92 104 0 151 75 107 96 255 0 47 18 246 255 27 255 255
    255 199 0 44 245 0 29 57 255 234 255 0 57 111 255 231 99 0 211 0 84
    0 200 147 0 255 204 95 155 19 252 174 226 77 0 255 157 68 130 125 4
    156 224 83 184 195 69 200 255 148 9 0 255 255 0 186 101 221 157 0 0
    0 0 255 135 201 171 255 110 24 255 0 0 255 0 137 235 102 16 238 184
    0 142 176 0 0 150 0 45 232 78 28 120 55 0 0 192 247 119 0 255 14 106
    0 0 97 255 0 80 255 214 38 115 53 168 199 156 0 0 0 0 255 35 123 255
    210 73 205 130 17 89 108 86 228 255 255 167 127 255 233 81 255 185
    205 255 255 255 0 196 127 0 255 47 129 231 66 255 78 8 0 205 0 171
    97 41 87 128 184 255 176 255 13 232 118 0 255 95 181 229 255 0 106
    150 115 255 66 0 171 255 0 15 0 173 34 65 82 0 255 255 255 95 0 49 0
    5 255 255 25 151 161 64 236 0 46 0 255 221 0 255 0 108 33 255 186 0
    255 154 120 48 225 0 33 197 175 58 57 208 255 146 122 255 33 3 145
    148 255 85 32 0 0 0 97 109 20 229 226 255 165 38 255 28 247 11 255
    197 0 0 0 255 222 0 129 0 0 212 165 255 247 0 6 164 144 147 255 255
    255 252 255 29 240 120 64 35 208 96 41 134 255 0 255 179 34 209 70
    225 161 203 0 0 135 157 0 12 168 0 255 0 0 255 255 247 135 1 252 169
    0 183 177 0 86 169 150 135 6 30 255 2 247 220 255 189 11 255 157 192
    106 80 255 90 68 78 0 85 2 60 0 7 67 82 170 0 168 0 255 255 218 209
    249 141 56 255 210 0 255 255 9 231 223 48 255 246 0 0 255 0 250 24
    121 165 255 91 205 255 74 197 127 166 43 0 123 226 202 131 255 58
    180 157 255 92 255 14 255 141 84 25 255 171 24 190 208 255 0 0 44 0
    0 4 17 156 116 0 239 0 31 99 200 255 39 215 133 141 11 255 106 148
    255 255 255 0 255 16 255 173 0 255 255 202 255 255 146 0 221 0 58
    109 255 79 16 255 143 0 0 255 0 39 0 0 255 238 199 0 18 21 222 0 41
    136 246 187 255 140 0 255 255 209 205 0 0 0 236 62 0 249 85 255 75
    40 39 255 0 38 0 255 255 130 0 249 40 255 146 255 112 255 146 255 0
    246 101 236 0 255 191 0 0 152 0 13 108 131 21 0 1 6 10 12 0 168 81
    201 47 0 57 101 255 255 0 255 0 0 183 0 0 224 0 203 255 148 236 0
    115 0 0 22 245 26 0 199 255 163 37 255 126 255 88 0 255 76 0 172 255
    3 126 255 0 243 0 255 222 29 249 0 141 120 32 24 174 84 255 110 208
    111 0 56 106 0 226 255 172 212 165 255 186 17 0 0 1 0 32 0 58 255
    144 181 182 6 209 101 104 88 255 255 255 125 73 227 235 255 104 255
    101 117 141 255 152 219 0 213 255 255 0 0 76 134 3 41 155 99 1 221
    131 255 0 99 0 117 43 120 72 255 110 255 110 9 255 0 53 0 225 1 62
    255 145 15 179 198 218 82 135 194 131 42 2 255 255 245 225 255 255
    28 0 200 130 0 255 0 188 255 255 75 255 0 44 98 96 137 0 134 211 65
    28 138 55 247 125 92 0 164 153 29 50 0 59 255 255 255 209 247 0 156
    116 203 88 128 0 0 7 38 110 124 255 0 198 125 255 255 122 255 0 255
    67 168 81 0 0 0 255 205 255 35 255 255 9 255 0 116 123 245 90 97 51
    53 0 178 97 25 255 150 134 0 0 116 199 0 118 200 32 0 0 0 255 242 36
    46 253 132 244 147 233 255 14 28 47 168 103 41 0 0 175 136 0 0 0 79
    0 190 191 137 194 185 176 13 123 211 91 77 0 255 0 24 255 154 255 39
    25 34 196 249 0 103 23 127 255 84 255 255 95 214 255 95 75 203 86
    187 56 63 0 255 0 155 82 225 159 127 164 219 91 199 109 255 10 5 238
    92 226 106 156 64 255 93 255 255 176 196 117 192 31 255 248 0 156 1
    0 121 55 237 54 116 255 0 255 255 190 198 151 143 89 0 9 255 142 0
    199 115 182 28 255 0 166 0 245 255 0 0 148 44 62 0 52 221 255 255 91
    0 234 255 35 0 255 0 56 22 95 94 4 163 0 151 0 115 97 29 255 22 255
    174 236 71 255 161 255 97 208 255 201 0 67 247 220 26 233 72 0 251
    20 1 117 0 142 255 121 134 132 55 233 0 157 191 76 0 212 41 188 183
    255 0 255 51 82 205 211 0 57 115 181 211 255 0 193 255 0 255 247 136
    91 129 208 158 100 255 190 84 144 48 255 0 101 59 0 132 141 129 0
    108 215 255 0 186 215 168 0 136 178 0 29 133 28 0 56 125 47 120 0
    255 255 0 255 0 0 59 0 0 1 59 160 0 152 255 255 0 0 103 179 141 0 0
    255 146 0 245 244 171 238 54 56 0 36 146 255 103 165 129 255 0 62
    198 255 0 42 107 103 211 255 223 37 0 226 187 0 108 103 116 255 128
    255 170 118 255 84 86 179 255 117 22 0 0 221 9 201 126 195 0 63 0
    102 130 255 88 88 28 192 191 129 0 0 65 50 0 235 97 255 148 75 224
    192 0 255 255 255 219 255 186 224 63 255 255 255 0 82 1 255 255 133
    255 255 0 209 0 84 0 255 63 255 185 50 227 134 193 0 119 255 0 146 0
    157 121 74 235 12 221 56 60 0 0 174 185 235 136 51 0 96 99 0 78 0 0
    15 52 255 45 152 255 44 0 174 195 116 242 0 86 5 10 65 43 255 152 71
    255 95 189 121 255 135 246 154 0 148 223 55 205 254 101 86 164 255
    255 152 0 255 72 180 209 255 16 75 255 197 102 204 58 255 255 179
    255 0 113 139 215 240 255 64 11 165 134 61 101 92 0 255 55 236 0 173
    255 255 108 250 185 240 0 171 255 72 238 0 192 255 229 255 0 116 0
    203 255 243 29 44 250 205 0 0 3 32 236 0 176 158 255 255 255 255 45
    95 86 0 255 238 129 66 253 255 210 54 97 87 255 250 90 122 155 235
    255 255 150 255 42 255 253 0 122 178 255 158 229 39 0 227 101 159 0
    0 69 229 160 224 255 78 255 172 37 86 79 255 0 170 55 10 171 0 63
    255 0 255 73 169 1 9 0 255 166 0 137 178 7 248 255 209 47 90 0 14
    157 255 82 86 0 60 255 93 223 38 138 255 248 0 0 0 216 40 19 255 155
    0 166 255 181 46 0 110 188 171 0 66 255 165 224 118 255 192 255 0
    131 0 0 226 81 21 0 0 30 255 48 255 62 91 130 4 166 255 255 252 219
    90 174 251 155 224 0 0 213 121 255 248 242 0 46 191 220 0 125 101
    203 253 123 144 187 34 123 141 135 124 219 109 3 39 40 254 201 194
    246 0 255 234 145 255 130 74 255 0 255 176 255 195 151 255 158 228
    255 144 160 255 255 193 255 127 255 10 255 82 255 255 187 96 252 27
    97 156 0 175 255 143 106 0 4 101 0 136 251 216 255 176 222 173 165
    255 138 61 24 255 207 255 240 0 129 171 190 182 233 186 34 110 255
    255 113 11 255 52 255 0 0 0 196 68 0 255 255 83 255 255 243 223 200
    170 95 255 255 0 255 160 163 185 255 255 67 3 246 0 174 210 255 255
    255 161 206 255 255 12 0 169 0 0 252 250 91 0 0 73 255 255 0 255 0 0
    0 226 0 158 28 255 255 0 255 0 83 51 135 0 75 0 131 0 0 0 244 245 0
    236 0 118 114 93 255 201 198 0 0 152 0 129 236 59 159 177 0 255 118
    0 255 228 176 0 255 88 45 0 191 135 73 23 208 0 168 0 214 255 101
    246 255 65 0 224 0 129 255 126 40 8 71 51 90 42 163 0 0 128 89 197
    207 0 112 61 255 71 255 0 142 255 255 0 134 0 216 255 0 255 38 103
    221 93 255 140 255 149 0 219 255 216 42 176 92 255 139 221 62 0 203
    255 255 219 135 11 0 90 255 0 214 0 10 255 108 100 32 71 126 255 255
    100 224 76 175 0 141 255 180 223 0 230 104 73 52 91 255 4 205 239
    133 255 255 128 255 0 255 65 0 0 2 104 255 255 255 59 131 69 0 15
    220 151 255 255 33 177 255 0 173 255 109 255 86 195 121 57 0 255 255
    83 186 26 118 0 0 139 5 255 168 152 255 0 183 54 255 0 0 243 14 113
    163 255 225 255 255 220 255 211 44 183 206 0 208 0 208 118 78 184 0
    0 115 255 0 0 138 146 243 0 79 255 40 214 127 0 251 255 249 0 0 255
    139 27 82 38 195 142 255 0 255 79 0 0 121 252 189 255 0 12 255 222
    224 13 96 21 0 140 0 33 108 138 150 152 255 56 0 106 255 0 0 41 175
    40 131 255 66 201 132 0 192 103 196 96 41 109 0 204 118 217 230 123
    0 112 0 63 124 255 44 13 18 24 0 255 137 0 255 131 44 0 61 255 50 17
    179 91 255 0 238 0 214 191 96 169 143 116 98 58 193 255 138 0 182 0
    255 169 0 195 208 255 72 66 30 0 127 211 176 0 255 0 99 255 29 243 0
    158 62 255 255 155 35 0 0 195 140 0 189 255 0 35 188 0 0 255 255 50
    209 244 255 157 0 24 0 176 92 152 36 23 62 96 39 255 208 255 138 255
    143 26 7 70 255 255 255 0 183 255 14 0 163 255 173 133 255 179 138
    219 255 130 92 231 37 86 108 255 238 0 13 34 55 189 115 151 0 56 255
    0 16 16 255 0 97 41 213 254 255 176 255 170 113 255 103 49 255 41
    193 255 120 31 184 87 7 253 253 96 91 1 92 11 168 171 32 88 221 83
    138 0 0 220 71 188 197 127 174 139 255 134 192 255 255 3 0 247 90
    111 255 29 106 222 0 221 145 136 0 13 255 0 0 255 165 117 149 230
    152 183 44 229 233 232 255 215 196 255 0 112 255 185 236 255 198 171
    0 113 137 122 149 8 224 255 67 31 0 255 139 0 36 60 135 209 255 54 0
    0 167 0 0 118 213 0 255 101 65 0 255 130 7 0 0 20 85 251 108 35 255
    255 0 255 255 126 255 116 9 44 0 202 31 255 255 117 175 95 0 32 219
    155 238 155 163 255 173 75 48 83 249 217 22 87 82 145 0 255 149 69
    191 245 255 171 191 0 228 100 255 0 0 0 190 184 0 255 223 255 0 0
    211 13 255 157 174 122 0 255 221 0 73 255 4 0 227 202 0 189 255 0 39
    113 23 194 221 200 97 147 75 255 134 0 0 196 119 0 155 91 0 0 0 255
    228 190 0 255 231 244 174 220 240 162 239 15 128 255 255 0 12 255
    174 221 42 0 10 204 130 134 154 147 39 162 0 0 53 187 84 204 237 255
    254 191 234 255 230 9 100 0 232 255 195 49 255 0 0 35 0 255 91 155
    225 214 142 0 66 0 26 117 255 0 0 24 115 149 188 255 255 158 224 255
    155 193 10 113 37 255 0 255 30 233 110 2 55 0 212 255 166 101 104 0
    6 127 255 177 255 0 114 60 0 255 0 0 174 242 189 0 190 102 99 234
    200 0 59 255 0 163 119 238 141 0 177 187 97 49 0 168 255 11 27 255
    175 94 130 141 0 0 0 172 0 209 255 0 196 255 54 139 98 34 0 149 231
    103 49 255 255 230 0 220 53 152 105 255 98 0 0 255 124 225 44 138
    171 255 0 0 128 249 255 39 152 198 255 32 0 0 24 158 33 241 0 233
    254 255 65 95 0 155 136 0 19 255 49 144 0 70 184 255 223 179 0 255
    45 0 142 0 91 200 255 255 109 51 12 255 255 104 64 118 100 0 0 88 47
    48 175 143 28 68 255 0 52 77 130 0 255 64 198 45 255 251 255 0 255
    255 0 255 230 29 0 241 255 60 0 0 198 255 155 155 126 255 69 255 0
    110 255 0 0 222 49 255 255 255 179 48 233 255 0 255 0 75 229 70 0
    255 127 91 13 0 0 212 255 19 253 0 0 159 255 0 0 0 72 255 180 155 24
    0 154 30 0 81 29 65 84 81 0 224 186 255 223 0 108 0 44 26 0 0 255 0
    0 150 0 223 0 159 18 255 139 139 48 241 255 255 186 255 213 0 0 0 37
    255 69 255 18 0 255 60 2 0 63 125 204 0 255 175 137 255 131 229 223
    0 215 139 6 255 0 0 74 36 255 37 0 255 221 255 255 255 52 5 0 208 72
    255 255 104 142 9 24 0 255 255 220 254 0 5 244 0 81 210 0 66 109 0
    255 255 215 154 182 0 214 0 64 0 255 0 255 0 212 0 117 122 0 197 235
    216 85 130 0 78 21 41 255 13 141 21 255 65 80 86 8 253 191 81 236
    236 103 0 208 255 68 255 117 0 0 251 205 0 36 110 0 0 0 255 104 141
    225 68 0 0 108 0 210 138 147 255 15 255 161 0 255 255 61 111 223 255
    53 0 21 22 0 99 226 110 0 48 6 243 255 0 0 40 28 152 23 17 146 0 64
    20 0 22 126 87 49 252 173 126 83 133 0 255 0 255 255 19 40 255 204
    58 254 182 255 255 0 255 0 255 0 54 255 255 230 16 0 101 159 116 162
    75 7 7 58 255 0 196 162 55 36 55 255 85 255 112 69 255 255 5 185 255
    0 0 255 0 118 54 22 255 49 232 0 210 150 0 107 239 0 0 104 191 255
    255 255 255 32 230 231 255 255 255 132 89 50 74 0 222 236 80 38 172
    0 37 211 0 255 167 140 0 200 0 228 128 131 1 0 0 255 238 238 203 124
    0 88 121 206 0 61 0 99 255 112 95 0 33 148 202 132 47 237 0 255 0 0
    0 235 255 0 235 221 82 26 249 109 57 211 255 64 247 233 0 255 174 23
    255 208 180 0 197 42 115 99 123 0 62 21 98 48 53 232 0 38 255 255 0
    255 83 36 226 69 52 255 255 133 86 45 255 250 0 181 255 201 6 255 23
    255 0 170 255 158 93 40 255 114 103 181 69 19 123 154 0 255 164 79
    135 255 155 44 255 0 150 37 143 239 0 16 0 176 161 126 102 2 255 76
    246 255 209 109 188 129 57 198 87 226 0 157 37 0 0 255 47 255 158
    131 255 72 35 193 0 0 0 147 149 58 181 0 255 253 255 114 255 255 134
    62 75 12 10 98 233 52 222 68 255 13 184 135 119 187 0 32 78 255 192
    97 117 77 5 198 0 4 228 15 114 211 18 255 227 40 255 211 65 178 68 0
    217 105 239 0 252 248 255 58 125 126 112 255 255 140 253 160 123 181
    43 54 228 0 63 71 141 215 33 248 228 136 255 119 99 0 181 21 230 254
    1 96 0 177 224 255 206 22 110 8 255 255 1 246 232 137 155 74 196 167
    91 59 186 231 28 0 163 0 139 0 211 170 141 255 0 250 255 255 209 64
    150 0 34 33 219 0 255 83 4 37 72 138 0 22 202 255 255 228 129 51 81
    239 0 255 255 117 237 253 9 140 147 195 0 95 19 255 0 60 0 0 27 18
    255 246 15 0 130 123 0 105 203 204 0 255 0 18 182 73 102 209 242 56
    44 0 255 0 33 249 255 147 179 190 0 100 237 117 69 249 102 116 176
    255 186 77 78 0 5 23 255 0 255 255 89 0 0 255 0 15 163 144 8 237 23
    255 133 14 100 255 134 255 255 155 255 176 255 255 92 255 64 245 173
    87 0 151 119 160 0 0 255 42 255 38 255 228 255 255 84 29 96 255 255
    90 255 91 179 88 255 0 0 242 216 0 223 98 167 255 31 110 187 255 0
    170 44 110 4 220 191 255 9 255 185 182 5 255 146 163 126 134 0 44 63
    82 255 255 106 255 129 0 145 100 255 142 0 0 133 95 255 255 126 75
    29 254 142 173 94 152 255 222 97 255 0 169 48 0 171 87 247 43 227 0
    33 91 51 167 142 141 255 255 185 255 124 121 127 162 214 0 255 60
    255 255 0 255 96 100 77 21 237 93 152 116 249 88 0 0 255 0 20 255
    204 255 0 129 255 0 106 174 113 61 0 141 190 255 237 255 121 241 255
    129 96 255 157 209 253 158 255 255 171 44 225 164 255 66 240 0 20 15
    140 0 249 0 232 84 178 132 61 118 108 255 29 198 2 0 172 211 64 0 44
    255 255 225 132 220 148 0 110 197 98 131 105 255 255 255 5 169 0 241
    248 255 174 0 95 67 0 30 0 106 0 210 153 0 0 0 0 97 255 80 50 255 11
    129 0 24 0 255 86 9 11 111 92 131 77 101 135 255 182 0 214 91 46 0
    159 0 0 255 121 143 130 241 196 110 255 255 186 183 233 195 126 255
    242 168 48 234 50 0 57 131 28 221 235 135 165 134 255 45 168 0 255
    253 149 50 169 16 31 225 255 205 255 59 255 0 152 111 34 72 127 72
    255 81 255 0 255 255 255 219 247 212 0 39 255 60 139 3 255 105 145
    78 255 255 187 255 204 175 164 100 102 45 222 83 85 103 255 0 57 255
    22 39 230 68 0 255 61 0 0 255 95 108 202 34 255 74 207 116 255 167
    252 0 14 208 0 0 39 158 24 207 255 13 0 236 38 134 80 255 0 0 0 189
    129 195 255 56 0 255 255 255 144 114 206 0 112 115 237 174 113 186
    31 73 20 0 0 77 0 0 229 0 166 221 0 255 0 125 0 251 14 196 83 207
    155 157 128 0 255 0 170 0 94 170 0 0 91 182 0 196 255 152 82 177 255
    153 236 103 255 143 18 255 0 212 0 57 175 175 139 47 255 0 63 215 54
    255 255 31 237 186 213 19 19 220 22 156 1 49 91 10 255 131 255 255
    255 61 0 9 11 255 255 92 64 159 0 255 60 234 19 197 90 19 0 92 0 214
    150 122 209 14 206 55 185 236 115 84 0 255 244 52 255 0 50 21 51 65
    69 0 255 66 163 254 93 140 176 255 196 91 76 244 242 90 255 0 0 41
    106 131 249 0 9 0 255 255 225 27 245 234 125 0 149 173 0 104 158 83
    167 0 0 255 43 185 118 99 0 184 140 212 255 255 250 138 135 179 255
    255 255 0 117 255 125 181 31 29 249 131 107 191 137 246 114 255 144
    52 39 0 221 0 0 96 154 171 0 129 83 36 100 255 255 255 130 72 0 0 0
    0 181 0 201 0 20 192 206 24 0 47 255 121 149 214 95 255 229 126 194
    85 185 255 255 255 25 200 172 100 255 255 215 210 0 0 97 25 0 0 15
    225 228 185 0 133 215 0 171 91 242 0 51 255 0 224 115 100 0 86 24
    255 219 27 255 186 0 255 0 0 152 201 177 100 16 162 234 0 5 255 105
    0 0 163 250 132 6 255 0 111 255 11 186 0 255 0 237 0 57 187 95 255
    128 97 97 175 255 186 255 71 88 255 174 173 10 255 58 26 0 0 133 0
    234 153 0 0 255 2 0 0 0 0 152 255 155 75 255 0 0 52 255 0 22 255 255
    255 255 246 143 109 202 37 158 55 27 255 148 191 157 235 0 136 211
    122 255 99 53 255 32 255 40 0 67 25 255 160 238 244 156 5 216 255
    103 0 215 0 182 118 204 255 255 231 255 84 0 18 180 75 228 163 40
    255 239 151 127 245 247 100 199 68 255 180 20 0 137 255 141 77 255
    255 255 255 6 52 162 153 92 17 91 27 0 255 0 0 0 189 186 242 187 226
    228 0 14 255 61 57 93 13 0 95 255 0 235 182 0 83 255 0 32 140 175
    132 86 114 255 137 138 255 210 0 143 0 151 0 177 0 94 183 64 0 238
    255 96 239 234 255 84 30 208 222 182 140 88 0 0 45 184 21 128 0 0 0
    255 150 10 130 0 97 26 59 255 46 255 50 112 220 188 0 54 61 0 195
    155 73 4 255 40 148 0 255 166 121 255 0 34 255 0 189 182 255 147 0
    88 205 143 13 227 26 113 255 52 69 255 48 48 244 223 4 255 188 126
    255 0 0 111 255 0 18 33 169 115 255 45 2 196 0 82 255 13 255 0 251
    111 89 144 255 205 156 226 255 0 130 0 76 87 154 32 221 73 44 217 69
    210 175 255 42 151 220 255 41 0 100 0 227 34 192 100 0 28 0 255 255
    209 255 94 169 127 251 42 184 160 128 1 0 255 14 255 44 255 99 76 0
    61 75 123 107 1 255 202 148 77 0 0 255 228 255 255 0 79 82 175 255
    53 164 85 72 79 0 108 135 159 255 255 91 149 115 32 70 118 166 0 233
    255 255 119 156 80 172 255 0 25 176 238 144 143 255 171 97 26 163 0
    248 121 34 47 75 188 66 161 0 156 19 255 255 243 142 255 0 150 255
    255 51 255 16 11 255 3 255 154 0 112 253 128 247 234 255 0 120 62
    207 0 200 20 255 67 43 255 0 239 211 255 138 255 152 185 0 117 17 96
    194 232 35 210 0 0 255 125 122 120 60 255 255 234 11 255 94 74 109 0
    0 169 30 255 0 177 255 0 169 255 174 255 179 255 255 234 80 114 255
    119 255 255 240 13 73 255 0 180 0 255 184 104 7 99 255 212 180 157 4
    199 0 166 141 0 255 242 60 195 0 255 0 0 0 168 150 79 216 109 254 0
    171 146 255 0 0 255 52 62 124 0 119 0 188 23 174 0 18 255 220 0 181
    0 255 255 255 195 0 175 176 137 26 45 175 153 167 255 53 0 218 155
    121 66 16 106 0 0 37 255 128 101 255 130 243 253 0 247 13 51 15 0 74
    0 59 255 0 19 0 92 0 0 28 0 239 0 87 255 28 255 5 0 0 200 218 94 109
    212 255 255 0 79 217 255 0 133 49 255 144 52 0 196 74 25 0 0 37 255
    0 55 176 86 0 149 0 253 255 8 255 0 51 56 27 255 255 53 53 157 132
    122 127 0 255 0 111 230 71 201 198 255 129 65 0 0 255 66 44 76 68
    255 255 174 98 152 237 0 170 3 157 78 224 255 105 204 246 171 255 11
    0 160 255 0 50 133 203 255 241 72 51 181 154 255 92 148 97 199 108
    212 255 255 184 206 0 0 255 75 35 0 224 75 90 255 197 144 255 0 255
    18 0 151 198 209 255 0 0 0 3 105 186 91 37 208 155 13 255 0 255 60 0
    0 133 0 255 255 179 232 0 0 0 0 36 0 35 133 0 0 173 255 255 112 0 0
    255 0 81 199 0 28 139 255 28 24 255 153 183 255 0 8 14 165 46 248
    255 80 250 40 0 49 172 0 0 72 0 112 171 0 0 142 17 0 149 19 24 91 0
    56 207 16 206 219 255 0 0 255 179 203 0 74 209 91 0 61 18 65 8 114
    62 115 210 232 137 228 213 0 43 72 0 42 255 82 247 255 255 255 72 74
    0 237 0 124 0 72 255 91 255 67 255 139 0 226 129 0 19 38 211 100 0
    255 191 245 255 104 255 0 255 255 14 102 62 146 205 55 14 170 195
    198 95 117 0 255 4 0 31 0 255 36 139 80 76 155 232 0 0 187 222 237
    253 255 194 0 255 255 233 0 25 184 41 144 63 221 0 120 232 44 70 112
    117 129 0 202 30 219 0 255 255 90 89 0 0 224 0 69 86 144 34 108 255
    255 0 0 0 248 96 0 42 255 238 225 209 0 136 246 0 217 185 164 0 182
    255 152 0 206 150 238 80 193 0 173 0 42 119 0 110 0 246 0 0 0 0 255
    40 61 255 26 103 214 194 17 7 123 255 84 255 255 152 117 105 255 58
    219 232 107 23 253 94 106 0 54 28 54 12 0 231 0 27 154 101 20 206
    183 165 67 125 179 172 14 0 255 0 12 255 160 97 255 11 222 225 58 0
    207 43 167 247 131 255 255 167 174 169 255 5 0 68 0 88 255 255 50 77
    140 210 231 0 255 169 220 0 49 6 122 255 245 59 80 255 100 255 104
    113 0 0 33 179 160 213 217 191 159 1 139 255 0 87 0 0 224 0 4 150 14
    198 195 197 55 225 190 6 96 65 103 206 61 34 6 255 0 216 33 82 246
    222 7 255 143 0 59 0 244 0 0 110 31 255 255 1 0 114 218 0 255 0 61
    255 217 22 255 155 255 255 136 255 246 217 249 61 255 255 255 105
    199 0 127 162 179 174 255 255 149 176 84 98 48 23 195 253 177 196
    219 67 0 0 255 93 0 255 255 180 58 0 255 119 0 3 78 0 15 80 0 255 52
    238 224 86 255 106 0 9 255 157 16 255 255 0 76 250 50 255 255 255 58
    172 157 185 135 33 0 0 60 32 255 159 168 11 183 99 255 97 202 239
    255 42 33 255 74 173 0 0 62 101 0 0 255 76 241 235 27 255 161 0 57
    255 147 206 21 255 164 0 255 255 0 209 0 19 58 67 0 255 23 255 255
    166 243 183 195 0 0 213 12 159 0 255 200 255 0 126 210 164 142 227 0
    255 44 213 255 251 0 109 191 55 0 5 255 0 128 249 112 221 0 65 8 0
    24 96 88 31 127 75 159 157 122 141 0 0 160 255 174 151 57 0 41 126
    255 35 91 255 255 8 0 0 118 126 240 219 56 197 255 255 244 156 96 61
    0 0 234 99 0 220 255 0 255 254 255 255 193 75 121 255 194 19 255 255
    93 0 255 0 255 255 0 255 255 3 255 172 0 0 17 127 44 162 8 90 0 237
    117 0 0 255 195 255 219 132 19 38 255 84 251 255 149 255 73 255 0 64
    11 229 131 0 230 193 37 0 145 255 149 255 21 128 12 255 172 28 158 0
    247 255 75 143 215 255 41 0 150 20 0 172 96 173 157 150 109 210 76
    22 228 255 155 0 2 166 81 78 96 128 255 255 169 49 255 247 255 81
    255 19 0 193 0 255 147 0 182 0 212 151 102 255 0 12 191 0 182 255
    215 255 255 0 249 255 91 132 204 255 255 0 255 35 0 71 245 175 251
    255 255 62 248 17 91 3 232 236 0 147 174 212 0 209 188 0 236 153 156
    73 0 255 0 225 31 0 48 255 18 0 250 0 255 255 110 211 255 255 84 70
    0 255 0 33 182 3 32 183 250 129 4 0 5 88 255 84 0 255 209 203 185
    255 0 166 255 198 255 46 221 24 129 78 186 255 208 0 53 255 0 255
    177 177 121 127 101 0 70 207 71 255 242 233 0 0 70 96 90 5 102 79
    255 255 221 222 0 20 0 128 32 124 99 0 255 198 203 42 255 0 123 229
    0 37 0 35 0 0 127 255 0 129 255 35 213 100 8 173 106 215 0 0 255 133
    227 0 145 255 0 200 0 0 255 16 255 255 255 0 0 35 85 26 43 111 109
    161 249 255 136 135 255 255 255 255 255 42 0 199 255 177 255 48 16 0
    0 43 64 0 140 0 133 150 92 112 130 217 81 254 0 222 0 187 232 0 94 0
    210 96 220 47 255 212 249 255 58 255 182 121 255 0 255 246 173 137
    133 0 0 15 255 176 56 255 0 130 70 255 255 104 177 128 255 255 194
    34 173 39 0 137 175 222 245 255 82 182 255 215 0 245 27 71 0 255 0 0
    198 162 155 28 255 34 0 255 5 0 133 255 255 255 11 234 255 226 255
    170 236 218 0 71 255 46 94 255 162 204 9 157 255 170 49 255 0 111 0
    0 255 200 0 183 238 0 255 121 255 182 255 204 191 95 69 194 82 173
    123 121 0 255 93 0 0 101 0 0 112 255 40 0 0 178 191 0 47 209 0 228
    236 255 255 12 78 180 69 69 255 27 0 0 110 40 214 171 94 7 255 255 8
    10 40 255 0 240 45 255 255 254 255 66 182 160 57 255 255 238 83 0
    192 255 0 67 238 150 0 62 183 0 29 147 91 38 190 122 0 0 48 112 255
    58 209 185 0 121 0 214 255 27 39 94 81 0 255 180 53 0 245 105 71 255
    157 255 255 63 138 248 169 208 56 203 141 0 185 150 255 255 0 81 28
    0 0 0 224 70 74 255 195 165 101 0 255 0 103 255 255 167 1 97 0 75
    167 15 112 255 78 26 128 0 125 112 0 238 245 255 0 131 239 120 247
    255 67 211 165 255 132 0 55 200 0 0 12 255 254 0 255 145 213 54 95
    138 255 248 157 0 0 188 255 108 70 188 228 36 140 85 119 195 0 21 0
    76 6 0 17 255 255 20 118 255 0 139 125 0 0 0 103 131 56 0 7 255 70
    236 26 141 137 112 186 41 0 0 0 0 144 0 204 183 252 71 157 35 118 35
    98 184 42 214 255 121 228 128 0 7 22 240 32 80 117 48 255 45 0 40
    161 0 255 3 141 88 139 0 255 212 164 95 255 0 102 255 115 192 0 0 79
    2 74 20 29 138 0 255 181 255 255 0 192 13 244 133 255 86 0 153 171 0
    179 255 0 110 0 207 0 126 28 181 255 155 46 255 116 255 116 209 255
    0 4 240 0 255 95 0 199 255 0 33 31 255 243 255 152 67 133 254 255
    148 0 255 0 0 255 143 85 136 205 88 0 173 150 243 0 200 254 121 113
    255 255 129 74 26 35 174 28 159 184 231 47 0 50 255 255 0 251 203
    212 254 114 226 247 0 205 192 221 233 22 253 0 251 222 209 161 68 15
    0 164 210 157 255 0 250 255 135 0 79 96 118 29 42 93 208 160 122 255
    0 0 0 0 7 184 248 132 240 82 165 0 255 91 255 121 255 255 0 45 0 21
    16 119 125 255 62 248 0 122 193 255 252 3 205 255 4 218 55 0 55 166
    0 112 236 255 180 225 255 28 255 255 30 84 3 255 197 217 137 63 230
    42 255 21 255 222 255 0 255 137 0 233 30 54 126 191 176 179 235 73
    38 157 184 0 255 255 209 82 255 50 0 130 248 124 255 40 193 9 0 149
    211 24 117 151 255 38 0 78 255 0 101 255 255 21 1 0 0 203 4 0 255 99
    200 205 0 132 0 255 255 193 88 255 0 141 184 0 0 255 33 255 255 16
    255 150 0 0 135 0 121 166 255 0 240 230 0 28 22 255 255 177 242 124
    207 255 31 217 97 255 43 33 108 40 0 204 85 10 4 226 52 102 105 102
    20 76 255 165 49 121 23 214 255 103 255 122 255 144 5 169 0 255 98
    255 14 255 255 40 83 212 24 0 247 0 144 213 120 0 117 0 139 9 255
    255 0 93 255 0 0 255 235 227 144 0 255 0 121 94 255 70 226 207 255
    244 0 0 196 40 19 6 255 98 161 41 254 193 198 255 39 227 142 129 131
    255 252 69 42 126 10 68 0 255 157 128 221 255 32 255 196 255 233 255
    0 13 218 0 228 108 219 3 0 255 33 43 0 255 0 0 246 89 147 0 58 85 0
    0 145 0 0 255 216 111 25 158 255 7 252 235 0 36 149 37 72 91 254 10
    0 0 0 119 0 202 255 0 0 197 136 250 212 125 255 255 214 82 255 238
    195 218 138 173 179 177 1 132 255 255 25 0 0 0 92 113 100 157 1 230
    0 0 0 162 218 7 255 5 0 0 191 255 55 60 211 255 113 228 133 255 30
    251 88 0 255 59 152 255 85 232 190 0 255 0 190 236 255 255 255 16
    255 231 81 82 167 255 95 44 255 215 85 0 104 11 94 255 255 0 185 196
    125 255 255 167 115 0 255 66 211 101 255 60 171 255 199 67 119 109 0
    189 229 0 93 255 126 57 241 119 0 100 217 133 9 168 0 9 17 195 123
    31 0 0 163 209 208 255 0 150 255 0 24 0 142 0 0 0 186 70 0 0 172 0 0
    217 200 15 255 59 179 76 27 109 125 187 255 0 255 179 151 196 255 88
    96 188 237 114 142 131 255 255 0 188 30 22 255 255 0 0 241 215 55 19
    0 147 224 121 76 120 30 0 0 255 112 0 0 255 144 190 113 0 215 93 69
    0 112 148 93 215 255 251 81 204 117 124 134 99 0 9 64 0 218 225 79 5
    2 30 131 108 40 146 255 255 255 43 85 157 0 140 90 49 140 218 53 247
    195 63 33 0 111 67 140 127 255 209 44 109 221 0 0 255 0 23 0 103 15
    242 255 219 222 63 97 0 0 0 94 183 16 255 109 0 140 67 246 0 141 0
    162 0 255 0 159 0 64 23 5 167 255 44 131 105 255 151 133 255 117 255
    255 255 9 101 12 163 193 184 255 63 255 155 92 178 0 0 24 0 19 255 7
    255 255 255 255 96 0 121 205 144 255 0 255 255 0 128 61 175 46 255
    181 255 0 220 176 140 16 0 96 54 39 76 125 121 0 0 151 195 0 186 0
    255 103 0 165 93 124 0 255 60 195 0 7 255 164 0 39 255 100 204 191
    255 179 7 15 218 182 81 194 73 0 30 0 255 13 255 117 189 234 147 255
    255 86 37 163 234 34 125 63 255 255 245 203 255 179 211 255 147 187
    255 125 5 255 29 255 47 236 200 170 31 255 56 148 204 255 136 158 0
    147 255 0 193 237 124 248 255 153 97 59 0 47 147 135 200 143 157 14
    138 0 80 255 134 150 140 0 139 255 0 193 0 255 65 253 0 155 0 223
    189 51 214 77 255 35 77 21 151 255 59 15 173 26 198 255 91 0 255 164
    1 65 209 195 228 0 68 36 227 68 255 143 255 59 227 12 2 242 255 219
    102 166 255 64 255 205 49 0 105 95 24 245 45 65 255 0 0 5 137 255 0
    116 253 27 113 174 139 15 246 247 39 255 206 195 0 130 147 0 124 15
    101 91 255 255 152 0 242 86 255 255 3 255 0 255 255 255 0 38 255 161
    0 165 54 2 109 170 30 17 8 177 219 132 30 255 226 255 255 255 255 0
    253 255 0 0 186 33 255 180 154 0 255 255 255 255 167 137 23 168 195
    164 162 1 55 13 33 255 67 255 211 255 192 0 0 0 0 0 0 182 167 255
    203 158 195 0 181 210 194 6 205 149 209 34 29 0 99 148 254 0 56 118
    222 144 187 0 0 166 255 134 255 125 0 0 183 159 79 255 5 255 68 63
    131 46 62 230 159 0 98 255 96 146 141 255 222 229 58 0 0 126 255 31
    187 255 63 209 239 228 255 177 126 248 167 0 35 68 146 203 0 163 255
    242 190 95 36 56 64 0 125 0 29 255 43 118 214 250 35 163 16 11 255
    79 0 255 255 102 0 235 74 0 162 250 0 135 255 48 138 0 195 0 255 224
    30 255 149 79 0 0 109 255 255 255 0 172 0 6 255 98 0 84 31 95 94 251
    255 255 49 93 122 255 0 242 0 223 26 129 255 28 255 85 33 200 59 177
    233 255 55 101 255 122 123 64 205 95 106 32 124 0 144 240 115 72 186
    210 34 202 40 132 255 0 187 0 90 62 1 198 33 179 72 237 99 226 255
    62 153 79 63 255 255 61 245 41 70 9 255 255 0 90 0 0 255 29 162 22
    254 138 135 183 161 94 0 189 0 34 255 31 255 0 255 168 151 136 255
    226 67 199 0 151 253 224 0 45 220 0 255 255 24 11 11 0 255 87 255
    255 65 73 246 240 0 221 206 0 143 147 239 152 36 64 246 0 158 43 149
    245 0 255 255 0 227 15 255 24 0 0 116 0 255 0 213 255 0 0 102 95 0
    151 0 0 0 255 221 97 118 255 0 245 0 0 0 59 209 132 0 231 190 225
    255 68 255 28 251 255 255 133 0 0 21 106 56 0 0 0 223 222 143 0 49
    192 0 255 65 62 212 47 0 0 0 219 81 20 80 96 0 13 255 57 128 17 239
    181 20 174 238 159 125 255 0 145 255 220 51 131 255 194 216 63 0 255
    186 18 255 111 255 166 169 224 255 255 255 0 255 255 149 255 201 255
    255 143 251 202 255 114 74 255 255 255 255 33 219 0 0 0 252 180 186
    3 255 166 0 0 118 0 255 0 255 54 0 255 255 34 190 187 255 74 159 203
    0 108 149 0 60 0 102 13 0 0 186 225 189 72 163 195 54 13 89 229 36 0
    16 0 224 31 196 4 193 15 255 30 0 0 255 45 42 212 84 35 105 46 0 255
    11 0 134 28 209 38 194 93 0 179 197 200 64 236 0 76 219 110 0 13 174
    17 155 18 199 174 152 199 40 141 25 26 211 128 54 7 14 98 253 255
    163 243 139 198 167 0 14 241 0 0 0 255 0 235 255 255 57 0 212 62 105
    14 0 56 255 137 0 255 217 0 255 225 79 255 255 136 255 214 255 25 0
    255 171 116 0 201 141 0 81 0 0 255 4 121 0 34 0 127 0 99 150 1 31
    215 255 0 196 255 231 0 161 125 111 22 255 36 192 0 255 203 40 87 0
    45 255 0 139 255 191 217 255 141 0 0 56 0 76 255 93 255 104 255 35 0
    98 177 0 0 255 62 86 140 82 200 0 255 0 0 255 178 0 69 110 184 0 9
    189 227 0 0 130 157 0 244 170 79 237 255 0 15 44 255 14 0 255 164
    227 0 234 255 0 80 79 0 0 0 255 72 255 244 0 164 255 129 140 38 255
    255 211 202 255 0 173 254 16 255 0 178 0 231 0 55 176 255 232 255
    226 30 253 255 255 0 135 115 166 49 220 0 87 82 159 0 255 230 9 75
    187 131 255 0 183 0 34 0 0 16 13 0 185 159 0 255 211 0 76 28 255 133
    177 0 255 0 0 0 179 255 0 134 202 125 255 0 0 255 0 248 255 0 127 4
    128 0 238 215 56 239 255 245 255 105 255 220 64 224 0 215 120 13 176
    116 223 35 3 255 131 154 0 179 0 18 185 0 0 0 223 24 139 99 152 0 6
    237 129 0 0 236 252 137 0 76 102 133 89 0 255 0 105 241 255 37 0 0
    255 179 255 229 87 0 224 98 169 0 140 107 255 216 255 0 85 161 137 0
    91 193 107 132 255 255 119 245 255 0 255 108 159 255 107 131 90 255
    255 233 255 209 66 83 12 182 255 0 126 154 27 158 0 142 183 188 177
    255 32 62 116 126 178 247 0 0 255 255 16 255 255 169 89 255 229 50
    236 255 9 73 106 255 25 0 0 0 31 255 255 68 255 0 81 103 255 0 0 0 0
    164 255 0 72 0 135 0 159 6 103 239 255 0 255 255 255 244 255 55 0 0
    255 28 24 3 21 69 96 63 47 255 69 104 64 255 181 255 155 250 255 0 0
    228 240 255 255 32 255 155 0 158 73 255 19 176 126 96 0 22 18 154 92
    193 255 245 39 196 237 0 141 0 255 0 241 255 227 255 45 255 249 0
    255 208 255 27 0 110 17 255 255 223 166 255 8 95 255 132 201 255 0
    13 150 255 173 86 83 255 9 174 0 9 201 133 249 24 255 11 191 165 238
    90 255 83 255 155 30 45 204 163 18 94 255 255 0 93 255 0 240 98 65
    255 0 183 255 25 255 190 0 40 255 18 206 35 101 255 115 165 220 111
    167 68 134 0 176 255 80 0 139 111 0 0 0 255 0 108 255 255 7 242 246
    113 103 215 0 101 99 0 163 93 222 255 255 209 63 255 255 176 80 112
    255 186 54 139 228 214 20 22 233 89 0 10 255 144 0 0 255 255 146 172
    255 164 45 166 122 120 0 129 163 0 98 182 255 0 58 0 255 0 255 214 0
    198 255 146 237 7 130 186 107 224 0 0 0 0 0 139 0 33 0 126 0 9 249
    20 0 39 255 255 255 239 255 143 230 255 255 63 206 3 73 0 207 255
    255 6 67 255 255 184 189 95 0 0 241 0 21 135 68 29 61 219 255 0 169
    146 69 255 12 149 0 255 255 19 189 55 0 196 255 163 196 255 250 227
    255 211 255 0 52 1 255 81 255 228 83 0 255 63 188 0 1 0 122 0 255
    152 255 65 255 0 41 131 50 0 66 255 131 18 255 96 103 59 155 94 0
    170 184 0 0 83 221 139 0 65 70 122 132 255 0 186 0 118 255 66 174
    229 91 96 89 55 246 197 215 57 225 0 66 239 124 0 0 255 0 231 213 94
    0 0 169 245 58 255 255 222 144 10 253 245 209 126 6 76 125 255 0 197
    59 26 74 23 65 249 255 255 0 0 0 0 255 0 100 187 191 89 97 10 0 0 0
    6 0 93 255 102 215 0 0 191 0 83 248 255 32 167 7 255 119 109 87 127
    141 43 0 139 116 172 52 137 255 151 188 75 47 251 219 107 234 46 220
    189 210 231 255 241 93 34 255 115 143 122 92 236 160 245 166 180 94
    0 216 26 0 152 0 255 75 0 48 255 11 203 0 255 255 255 0 255 255 0
    255 194 0 15 208 0 250 94 0 0 0 198 238 82 195 255 0 255 148 221 255
    147 255 140 53 16 131 0 255 37 209 12 0 60 178 255 187 188 26 255
    123 192 137 0 248 131 106 86 169 255 0 78 213 196 68 0 146 37 255
    205 215 235 191 0 56 0 255 0 245 255 0 96 94 115 0 31 135 79 8 46
    255 62 205 0 255 255 255 12 39 91 0 52 0 199 255 161 152 0 255 121 0
    102 112 27 255 205 0 131 43 0 0 90 12 94 58 255 255 76 0 5 29 163 81
    38 154 68 255 210 74 155 183 0 67 177 255 0 255 255 0 255 0 112 214
    125 192 241 200 0 83 0 186 0 46 119 0 11 20 113 0 103 46 0 0 14 101
    0 0 122 0 153 0 0 188 255 125 255 236 0 37 1 255 115 0 129 182 0 255
    71 248 38 255 54 255 60 76 127 119 240 28 255 43 252 0 25 97 255 89
    160 139 0 243 255 113 255 255 0 14 213 78 173 255 105 255 55 255 0
    28 255 68 255 255 255 0 91 255 96 255 248 0 212 0 255 168 0 175 80
    157 220 255 250 142 89 255 118 255 253 255 168 255 68 157 0 252 220
    0 255 0 255 255 0 41 103 218 230 0 160 255 101 7 153 138 0 163 235 0
    212 255 217 18 103 0 0 232 0 244 77 87 255 83 255 0 174 237 242 255
    121 229 39 70 0 0 0 255 172 18 0 124 157 255 35 82 66 71 0 25 0 169
    0 17 0 137 146 255 0 208 247 199 0 0 0 49 149 125 216 255 216 0 0
    129 136 55 0 255 241 112 129 82 12 0 50 158 0 255 161 255 74 0 144
    131 0 231 255 34 141 255 255 60 152 255 69 31 167 103 68 142 208 113
    145 151 255 101 106 0 145 0 0 255 142 208 134 231 119 235 146 219
    166 255 134 255 4 237 20 33 255 255 12 0 155 80 102 246 240 229 222
    255 0 255 255 142 145 66 255 120 0 122 239 0 34 255 255 11 114 255
    255 0 169 39 77 146 164 0 134 164 255 255 255 255 55 255 255 72 243
    12 255 228 166 255 246 0 0 0 0 255 252 109 109 248 180 93 36 20 42
    255 164 198 0 10 10 0 0 255 35 68 255 0 134 27 0 0 232 250 45 20 69
    0 0 51 86 255 53 134 0 42 0 174 225 14 157 255 251 162 0 120 23 82
    152 0 86 213 255 49 223 1 239 255 73 210 156 255 246 255 197 0 131
    255 189 193 0 143 255 185 185 184 211 182 156 122 0 134 221 126 255
    0 255 177 197 0 5 39 239 205 0 141 240 255 125 12 105 149 0 66 255
    246 150 255 255 32 0 53 122 0 0 66 130 234 255 38 97 255 0 73 109 20
    255 0 0 115 0 1 228 255 0 45 255 40 97 0 255 232 247 30 125 84 124
    70 147 93 58 255 13 0 167 4 255 255 43 178 40 255 0 147 59 126 187
    168 173 223 214 93 255 0 96 255 105 0 255 166 88 246 68 0 49 18 54
    36 255 174 28 255 112 255 109 161 223 203 0 199 226 255 83 194 89
    255 127 218 226 142 0 255 255 0 122 0 255 255 84 69 187 0 29 39 0
    255 255 75 255 0 10 59 233 149 0 255 164 0 119 255 133 245 225 95 0
    154 0 42 16 0 0 163 102 0 203 211 91 99 110 255 0 0 210 76 255 140
    30 181 0 255 244 0 171 255 182 222 93 76 0 0 204 193 139 255 0 185
    72 0 255 255 0 58 255 246 0 255 113 211 2 182 46 0 55 49 151 224 196
    255 126 191 111 81 27 132 84 0 203 44 162 158 255 139 45 108 124 0 0
    241 151 0 255 0 68 0 5 134 163 68 84 190 206 255 113 180 251 183 255
    0 70 180 122 181 255 53 56 180 255 172 0 255 123 171 0 99 255 0 102
    149 34 0 78 255 148 141 0 192 255 28 255 255 255 255 0 201 133 183
    92 131 147 2 106 255 1 255 14 0 30 169 0 149 218 162 255 0 192 162
    28 255 246 0 255 0 178 0 126 176 255 197 43 9 0 255 0 0 255 75 115 0
    255 183 255 255 169 131 31 217 10 46 248 0 44 11 135 129 244 143 255
    0 220 255 255 165 0 255 77 166 170 0 0 212 255 0 255 179 0 113 255
    151 0 255 75 33 255 246 0 0 77 47 112 140 0 255 255 255 155 5 95 0
    245 230 0 255 116 50 211 64 0 255 198 144 167 206 130 131 255 160
    252 0 140 29 26 255 16 241 19 146 0 154 151 0 255 115 255 19 125 63
    0 255 86 0 255 0 3 255 225 195 1 210 213 0 50 20 0 226 255 0 0 127
    241 255 27 101 255 203 240 46 135 255 194 220 0 54 0 29 0 255 255
    182 255 150 213 255 82 255 249 251 186 211 44 255 0 255 255 255 211
    29 52 148 185 215 215 147 0 157 117 255 194 31 135 104 103 90 0 209
    255 97 33 255 152 203 122 255 0 134 3 22 52 0 61 0 0 163 46 46 30 4
    22 255 132 234 141 255 77 255 4 208 193 0 60 90 24 57 0 82 0 192 230
    253 0 69 134 28 0 197 136 255 151 0 204 255 43 211 211 70 255 207 0
    0 90 218 110 138 238 255 232 86 176 123 149 252 0 9 255 0 0 57 154
    255 148 161 97 255 98 255 63 123 55 128 103 0 255 27 120 170 162 122
    107 197 255 34 0 100 220 111 242 182 0 0 120 213 60 55 130 4 235 0
    99 107 255 255 46 124 0 63 81 255 0 255 247 45 73 190 216 117 211
    255 212 78 222 248 112 249 0 47 125 0 27 68 251 0 195 248 0 218 0
    255 195 243 0 106 0 0 21 64 136 210 0 74 118 255 84 142 26 125 255
    124 0 143 105 39 115 255 112 161 9 20 102 86 139 255 95 24 255 40
    243 192 144 255 35 254 255 255 255 227 244 74 0 54 13 0 233 0 92 138
    180 238 0 255 53 255 255 255 255 0 173 60 255 255 7 24 255 255 0 0
    56 176 0 229 0 69 0 161 156 255 0 255 148 8 212 200 47 0 255 232 255
    136 14 255 112 255 153 67 0 218 90 66 65 255 0 170 0 255 0 16 35 255
    255 195 23 101 68 121 165 255 255 217 167 255 0 189 96 232 255 0 255
    102 84 223 236 88 0 255 0 255 0 0 160 255 228 0 0 0 255 37 0 201 234
    143 0 239 168 48 59 105 242 17 15 194 255 0 255 215 145 179 0 255
    248 130 0 0 0 61 27 103 20 255 118 205 55 85 100 255 0 243 0 253 255
    255 0 122 95 47 0 249 158 151 136 145 143 43 218 201 246 0 242 255
    222 237 0 0 1 208 66 191 255 255 197 255 0 255 255 179 0 255 0 10
    255 255 255 0 255 0 61 0 255 74 66 255 37 125 0 0 255 255 225 146 0
    220 198 174 0 166 124 255 0 0 136 255 234 91 52 37 113 255 209 255
    255 137 69 27 64 254 0 95 175 108 105 0 166 0 160 149 0 102 69 9 255
    154 36 0 114 0 255 0 160 10 0 195 0 67 125 8 8 0 255 195 246 95 255
    72 0 236 0 118 0 60 193 213 5 174 0 169 27 114 197 16 0 255 61 170
    209 62 147 196 133 0 243 0 0 124 136 69 255 199 122 39 181 255 0 255
    176 39 0 67 0 255 210 255 0 255 200 110 0 0 0 42 0 255 255 255 0 244
    0 252 227 141 204 0 15 255 25 255 36 109 33 31 102 0 255 30 255 181
    153 195 0 204 255 0 146 249 253 0 228 132 0 199 87 231 145 255 226
    254 147 0 255 135 28 43 21 194 130 0 107 0 151 208 0 178 138 255 36
    255 89 225 255 79 255 255 0 255 113 39 255 255 120 255 255 53 52 74
    134 255 255 247 182 123 0 102 223 52 99 101 48 50 255 0 37 104 168
    255 0 182 255 0 8 0 37 82 255 255 13 0 35 11 255 255 0 255 0 255 22
    217 187 109 212 0 63 137 187 255 83 140 147 23 135 10 183 234 0 0
    202 176 0 255 255 202 255 255 0 66 255 255 180 25 176 249 101 21 46
    99 210 131 204 171 124 65 163 0 152 255 255 146 106 94 0 216 126 0
    255 12 255 208 0 144 246 0 0 0 163 0 177 67 78 16 75 0 0 226 124 37
    82 196 6 58 0 105 225 251 255 255 140 0 166 255 255 162 255 89 0 172
    255 0 0 255 64 128 150 174 179 255 0 0 128 32 91 255 117 76 32 26
    246 0 0 227 255 11 255 0 125 38 0 0 0 239 255 0 255 79 223 255 49 34
    255 141 173 0 46 0 0 255 63 218 255 15 255 0 13 255 74 255 0 0 74 48
    159 135 66 255 92 58 180 245 0 255 0 193 0 166 53 255 213 50 219 251
    255 99 125 255 57 0 56 76 251 0 255 119 152 224 255 255 99 212 255
    152 205 253 255 108 0 109 0 91 57 92 0 239 0 67 255 255 56 6 255 108
    54 255 116 83 255 245 0 59 0 243 0 127 9 60 89 157 158 0 170 255 163
    218 29 245 20 255 166 255 237 0 255 251 255 37 96 249 63 255 47 166
    224 59 166 255 245 46 0 25 101 0 117 156 255 255 89 255 255 174 255
    255 64 255 81 74 86 124 56 0 255 0 120 177 201 214 169 133 147 197
    255 35 255 255 196 255 0 160 65 255 35 202 255 158 116 255 223 79 0
    0 0 255 162 0 22 13 152 125 255 47 52 0 207 188 231 152 255 221 178
    0 0 149 82 152 210 239 185 45 0 92 0 255 143 200 225 9 17 25 247 173
    0 236 25 176 28 25 255 0 255 28 0 55 255 0 156 29 79 0 55 0 167 12 0
    255 221 255 49 0 96 255 17 255 97 241 255 0 22 146 159 255 255 36
    248 255 213 203 167 188 199 140 255 176 0 130 72 51 232 131 255 255
    78 66 207 109 255 214 217 255 136 137 255 246 214 203 101 248 219 31
    159 13 255 143 119 127 0 75 96 69 45 99 20 95 0 15 0 86 0 12 0 0 14
    255 46 255 54 255 0 153 0 255 0 203 0 255 68 223 104 0 0 207 255 0 0
    71 255 70 95 74 166 92 128 222 192 0 150 202 115 27 0 193 17 96 255
    26 30 50 27 205 133 162 255 0 208 93 255 255 4 255 229 249 0 122 180
    0 255 183 125 78 131 0 0 86 0 255 255 0 255 255 74 192 46 255 255
    255 255 82 255 75 0 0 255 122 0 40 144 255 201 181 93 124 151 222
    255 214 255 109 113 0 148 148 215 255 0 220 255 114 0 255 6 228 134
    11 71 164 0 255 255 187 255 101 86 255 63 255 87 0 197 64 255 255 37
    0 255 208 0 255 131 0 150 131 222 194 255 100 140 84 83 31 255 255
    47 255 201 255 0 71 93 124 0 251 227 0 219 213 212 36 255 0 205 57
    112 22 1 209 23 125 54 198 68 88 0 116 18 0 255 248 255 84 80 167 0
    255 115 92 230 210 0 255 255 0 130 221 226 136 0 68 155 19 255 177
    227 130 255 84 248 0 253 0 0 99 255 61 0 0 0 97 237 247 176 92 255
    116 73 255 33 255 62 255 255 39 98 255 202 217 66 207 208 0 88 18
    255 4 174 66 225 150 25 127 72 255 213 255 119 227 255 186 186 226
    255 33 244 255 159 0 111 248 93 248 45 164 121 102 255 0 136 250 192
    39 199 129 255 255 0 146 75 170 111 207 255 0 0 72 255 0 191 12 247
    17 82 255 90 239 255 8 84 255 176 255 0 106 0 255 68 255 152 231 188
    0 28 255 0 255 0 243 145 255 83 137 175 3 178 158 255 148 53 255 255
    225 9 108 172 0 255 0 182 165 101 134 0 177 142 62 255 95 202 0 98
    192 141 203 0 249 0 0 0 163 210 255 147 0 93 215 255 207 60 255 117
    0 255 253 106 131 19 96 198 134 112 224 15 0 0 0 65 0 22 0 255 0 124
    255 225 255 46 255 255 255 255 139 0 162 183 0 250 93 0 85 129 0 0
    186 0 145 122 255 131 255 0 203 187 0 177 223 55 171 7 148 227 52
    114 255 195 255 0 255 104 199 86 255 147 184 194 255 194 0 0 0 12
    111 66 6 255 168 0 212 28 181 27 0 142 54 164 219 15 220 0 255 87
    255 255 44 92 245 93 255 229 255 180 201 0 0 57 255 0 0 149 0 226 0
    181 134 1 0 0 10 98 175 255 0 99 255 162 0 143 66 159 73 255 90 118
    197 117 4 0 170 54 221 144 255 23 204 19 0 44 166 0 0 122 0 0 255
    119 0 78 94 56 152 50 255 239 180 227 44 53 229 0 119 216 251 200
    236 177 76 0 54 190 178 83 179 70 229 4 93 206 200 255 206 107 255
    140 81 8 191 255 217 255 4 131 143 255 65 255 35 198 255 253 9 16 0
    125 203 142 0 151 255 177 21 91 11 35 55 188 0 42 0 212 199 118 255
    0 178 208 28 64 0 0 0 0 0 229 67 0 255 255 58 255 173 255 179 0 98
    255 100 255 169 0 42 255 128 136 62 255 43 0 226 96 23 255 255 102
    255 255 255 166 255 191 0 255 86 0 125 0 106 99 220 208 18 0 85 255
    132 125 255 64 8 44 0 115 0 240 97 127 244 48 221 74 207 248 30 11
    172 255 55 27 208 208 28 181 228 196 43 204 133 0 199 254 213 178
    197 0 15 188 0 185 255 134 31 255 54 138 166 0 255 97 108 255 159
    205 218 49 73 119 252 255 20 68 0 255 10 243 241 255 206 244 255 36
    218 45 4 255 103 14 232 169 198 128 0 100 118 223 76 171 54 95 255
    249 190 55 161 138 153 94 0 247 56 46 179 195 64 255 44 0 0 255 202
    198 93 0 43 255 0 246 253 255 139 10 210 74 194 255 62 136 70 199 71
    0 26 7 255 255 233 187 0 161 118 34 113 255 225 49 251 84 255 96 67
    0 0 116 255 255 255 185 0 91 52 47 45 0 0 255 0 17 225 0 125 255 239
    175 104 90 107 253 255 215 255 245 93 88 0 0 111 136 61 0 133 45 182
    21 191 177 57 229 0 207 41 0 183 255 182 63 60 255 0 201 255 255 106
    107 255 104 0 255 0 0 37 0 217 0 92 0 172 255 156 28 235 147 164 109
    255 2 55 0 223 217 0 209 144 255 255 87 91 255 212 255 255 83 152
    223 0 206 36 0 70 255 1 255 255 191 3 255 171 78 165 87 169 36 255
    231 171 98 212 119 13 38 0 196 192 182 255 0 57 102 0 2 44 26 0 22
    255 59 0 211 150 20 79 129 157 204 255 174 255 255 204 196 0 247 46
    162 117 198 208 97 0 83 129 48 86 234 0 216 0 0 208 100 0 197 45 255
    255 0 43 219 35 0 113 35 126 255 0 103 61 92 250 200 189 255 39 255
    32 0 45 255 0 0 255 98 202 0 255 255 252 79 0 172 0 28 66 75 0 195
    255 124 68 6 118 86 30 214 255 142 54 0 0 255 0 19 217 64 0 101 255
    0 0 169 255 253 100 0 255 167 0 131 255 69 130 177 0 94 0 241 178 57
    0 255 52 203 255 97 178 0 161 246 186 25 26 241 38 154 0 82 174 186
    74 255 23 255 47 255 178 237 255 0 0 203 55 41 55 68 86 213 88 255
    21 208 39 255 0 172 60 177 180 180 255 255 38 0 255 0 0 0 0 233 36
    250 28 0 190 198 84 119 106 228 195 26 212 255 255 225 157 108 124 0
    140 0 174 137 255 117 255 255 33 57 173 17 84 255 200 0 0 217 64 255
    81 0 104 198 57 86 188 255 17 0 0 255 188 71 255 255 61 217 0 0 229
    255 174 84 0 26 148 142 255 114 255 255 255 47 0 0 107 170 10 15 95
    24 255 13 240 23 23 220 0 91 255 0 255 255 236 57 123 0 194 0 81 255
    130 187 0 255 222 75 0 0 255 255 29 140 246 255 209 255 255 23 0 161
    255 200 248 255 147 0 124 179 147 255 187 178 80 253 129 0 35 0 143
    255 0 10 52 2 131 41 8 58 155 255 0 227 255 233 255 195 200 0 52 61
    159 161 89 27 12 0 255 57 0 32 158 255 57 255 241 137 82 219 255 0
    31 109 238 255 50 192 52 255 19 255 227 154 255 0 50 243 0 168 154
    42 221 0 151 255 0 162 0 207 110 122 61 234 19 116 98 0 204 31 128
    109 255 199 255 13 235 192 255 0 16 101 158 27 45 255 0 179 211 79
    155 255 70 0 151 236 229 255 93 234 222 47 178 236 255 0 218 250 196
    255 255 147 248 83 245 107 29 171 242 240 28 163 222 0 231 240 255
    60 214 189 255 38 0 255 173 252 255 239 249 0 36 84 255 0 0 36 0 74
    0 211 255 154 255 0 255 65 0 252 255 0 15 49 0 227 74 0 0 177 255 0
    0 187 255 0 28 9 211 0 101 0 178 239 0 113 0 129 151 38 135 28 255 0
    70 233 151 30 91 0 0 43 0 142 47 255 114 223 255 255 255 91 11 179
    117 125 88 255 39 176 255 255 49 255 105 223 255 193 255 197 255 105
    255 186 194 0 252 255 89 120 151 143 95 76 206 85 248 17 174 180 245
    234 255 238 21 74 156 0 79 2 0 23 0 67 22 255 243 0 251 34 207 0 255
    243 255 255 108 0 255 229 107 0 27 110 0 253 0 224 224 49 110 52 0
    150 42 68 246 221 141 150 255 0 231 212 118 0 175 33 177 6 237 234
    203 67 255 0 191 255 189 255 255 235 207 220 0 216 255 0 239 0 255
    255 189 172 255 0 255 213 214 255 222 195 255 30 0 255 255 176 0 226
    56 19 0 143 255 91 0 183 255 255 124 255 33 0 0 255 102 109 207 255
    235 55 31 248 111 147 175 38 0 57 216 12 86 0 119 78 224 193 0 136
    147 159 255 0 255 56 179 204 221 135 131 169 0 28 222 58 81 117 84
    58 177 38 78 149 151 0 170 0 21 0 255 172 119 255 158 255 194 74 76
    142 0 103 92 255 66 0 255 191 255 22 175 151 182 72 0 0 67 209 0 154
    7 0 123 0 125 0 18 223 247 0 222 255 233 107 255 255 222 255 243 109
    81 255 191 0 0 95 67 30 60 42 231 133 228 57 52 143 255 191 50 255
    65 102 209 212 0 172 106 0 0 228 0 0 0 154 33 90 69 249 16 38 0 167
    29 196 255 37 118 252 255 98 38 64 0 119 159 0 0 124 100 49 5 85 255
    255 148 207 255 0 71 206 169 0 255 201 61 100 149 176 18 0 255 130
    255 255 255 0 0 255 185 255 96 255 221 157 97 255 113 255 145 169 29
    4 237 255 0 142 255 85 255 17 7 0 0 0 89 8 0 23 110 53 0 0 24 114 0
    255 0 136 73 255 181 231 125 48 93 255 195 255 255 0 200 85 0 0 129
    21 242 239 86 255 0 161 85 255 0 26 0 255 37 214 0 149 24 230 32 255
    132 29 31 123 0 40 0 255 210 187 116 63 83 255 201 254 255 255 102 4
    32 253 24 0 99 141 34 0 0 255 129 186 0 116 115 233 168 12 38 128
    205 0 255 0 120 96 162 0 18 65 255 163 166 3 242 255 255 49 255 42
    110 255 0 0 0 255 39 234 0 206 0 126 0 214 5 69 0 23 218 194 113 255
    1 108 0 255 255 0 255 235 92 0 178 0 255 234 19 195 16 189 174 120
    230 0 0 112 111 243 173 123 0 0 166 44 85 81 255 179 43 0 253 226
    111 252 0 0 79 0 12 12 143 86 180 136 229 170 205 29 0 152 255 0 50
    214 255 127 255 106 255 229 214 0 0 177 166 130 255 106 0 255 86 87
    8 32 20 0 20 225 10 182 0 230 255 175 0 0 225 255 0 104 0 0 102 111
    69 57 140 255 255 192 164 255 9 184 255 255 87 255 206 0 251 13 47
    173 255 67 0 5 8 255 0 0 214 0 13 255 144 255 255 124 180 255 82 255
    0 38 255 0 233 193 255 153 193 222 179 81 255 74 255 24 177 156 215
    235 111 0 171 46 33 255 0 142 232 191 88 255 131 212 5 200 202 0 122
    0 44 220 255 255 255 189 0 93 173 0 103 255 55 144 117 0 126 174 233
    0 255 247 103 84 231 220 175 197 228 255 255 0 212 153 86 0 255 255
    84 128 226 137 180 255 134 0 188 255 0 30 238 209 249 0 108 255 82
    144 0 255 98 0 84 32 79 220 114 0 201 155 164 55 0 175 250 112 178
    255 0 124 255 255 246 110 255 255 255 90 208 253 0 51 255 0 145 182
    143 69 60 255 91 243 98 182 180 255 177 183 0 99 20 0 93 69 82 255 0
    0 178 85 74 255 255 0 0 149 105 73 79 0 0 0 255 19 87 20 255 0 255
    135 255 255 237 137 226 255 27 254 126 82 195 255 119 255 255 91 245
    100 218 147 114 0 36 224 61 105 43 255 0 127 236 246 186 22 255 110
    141 25 0 245 255 60 32 129 156 68 255 59 120 255 124 29 229 0 204 0
    188 17 96 86 255 109 0 3 162 0 0 3 207 113 54 11 255 130 183 87 18
    45 214 37 149 255 218 127 61 174 0 60 74 30 103 255 68 255 30 0 170
    159 255 255 11 78 0 255 37 255 20 150 218 92 46 0 132 0 118 43 0 31
    249 255 103 255 163 0 208 255 164 136 251 255 0 147 75 171 255 215
    165 255 222 238 164 0 0 132 239 243 0 223 163 170 199 14 255 180 255
    25 0 102 242 255 135 183 255 255 175 22 255 184 0 255 29 121 157 229
    255 0 106 202 0 255 0 255 67 104 0 41 255 4 0 189 0 28 120 158 59 0
    184 255 171 159 255 240 190 228 38 0 64 66 17 250 128 82 178 39 107
    99 48 15 120 0 50 171 0 255 44 81 0 148 100 205 0 255 221 255 255
    255 46 152 73 202 255 0 255 96 0 108 69 240 0 59 0 0 255 0 212 0 26
    18 159 214 140 162 255 156 87 229 248 165 5 0 197 197 38 83 94 69 65
    68 209 35 0 255 255 67 43 21 255 255 255 186 1 255 255 252 255 98 1
    0 194 32 0 213 0 93 255 255 253 255 57 248 70 190 255 243 134 207 95
    75 0 0 52 74 255 121 17 255 243 100 99 0 216 23 255 175 255 158 214
    255 175 0 255 175 255 232 255 68 174 0 255 255 99 255 71 127 0 255
    241 106 31 255 150 255 187 199 89 255 108 55 51 131 119 0 69 239 12
    110 223 252 255 0 174 0 116 255 0 239 255 238 255 255 0 196 0 255 75
    55 207 243 255 250 138 187 255 0 126 255 178 209 255 105 211 48 134
    216 0 4 162 130 236 0 158 114 136 0 251 143 254 0 0 78 180 197 235
    255 135 123 255 0 222 22 0 146 77 220 143 19 73 0 255 255 222 255
    255 255 197 255 172 0 107 5 82 201 255 25 255 210 224 129 255 0 157
    242 152 77 103 7 255 255 170 98 0 147 44 0 255 216 146 167 0 0 17 0
    31 57 0 19 0 66 149 192 0 253 86 0 240 144 34 255 24 0 67 24 255 54
    255 159 0 255 13 246 124 255 255 49 50 75 255 0 43 54 0 255 32 2 194
    151 255 123 0 0 226 222 185 88 254 0 53 255 196 33 28 0 33 115 112
    29 0 255 255 21 254 0 64 255 7 194 255 0 231 0 230 255 0 213 0 238
    153 113 255 207 48 207 203 213 60 0 255 0 0 171 0 0 114 92 255 123
    127 57 115 236 217 0 0 105 137 205 255 33 255 188 255 118 0 255 39
    62 209 197 73 204 0 0 98 0 255 27 148 80 0 0 2 49 137 0 198 6 47 255
    35 149 0 201 47 0 99 179 255 0 214 0 176 0 0 9 0 0 38 0 0 0 126 207
    42 238 157 255 23 0 255 0 114 188 255 174 240 23 205 255 9 255 255 0
    74 16 255 196 0 227 85 144 0 239 227 49 255 32 57 66 0 180 143 21 0
    45 247 0 177 255 135 53 255 255 255 0 141 255 0 65 176 190 188 0 45
    168 70 155 0 64 0 90 205 52 0 34 0 13 10 0 0 236 154 0 250 155 255
    255 0 226 255 117 255 164 140 77 81 196 98 255 111 91 155 244 255 62
    37 255 234 255 207 248 0 0 153 0 99 111 188 151 129 255 93 54 0 0 8
    4 250 58 153 216 241 147 255 0 103 104 112 242 0 103 135 81 153 79
    82 240 73 240 0 114 234 118 95 72 249 0 128 117 189 136 5 0 93 0 255
    255 209 132 233 31 111 23 165 207 164 255 215 80 156 59 224 118 192
    201 255 226 70 115 48 255 0 0 0 0 185 103 74 255 193 255 255 14 189
    206 0 196 24 26 0 65 0 255 172 251 82 0 0 255 0 184 111 255 5 229 0
    255 84 32 225 255 126 253 69 43 101 0 121 221 255 0 168 255 167 255
    80 215 79 0 0 178 228 171 169 255 248 34 0 255 255 245 242 0 154 0
    67 178 230 73 146 210 241 141 135 23 86 117 255 20 0 213 0 34 0 109
    19 145 209 8 233 192 221 230 0 234 57 255 112 212 255 235 86 255 0
    255 255 234 85 5 255 230 80 93 0 255 0 5 150 0 233 33 186 35 225 0
    223 0 13 255 255 171 187 236 71 138 109 154 222 255 255 227 200 191
    210 160 51 0 65 71 136 231 28 0 58 0 200 206 255 34 189 255 209 208
    37 42 244 45 0 105 0 99 4 189 81 0 0 77 179 99 68 255 255 163 0 255
    255 255 9 252 255 203 255 228 0 76 0 0 0 136 255 137 245 78 60 44 12
    54 38 117 227 84 160 18 255 222 59 183 0 216 255 99 187 255 255 9
    225 99 0 206 71 255 248 121 161 21 0 0 0 255 0 121 255 0 21 255 106
    169 78 0 111 255 1 238 255 85 245 166 214 255 31 0 0 203 0 216 255 0
    31 255 255 211 0 0 242 0 42 255 255 0 255 254 255 25 61 138 255 60
    239 68 0 74 255 124 140 243 255 198 210 206 0 40 43 255 15 215 253
    136 181 152 26 109 228 51 109 209 51 69 169 153 255 0 70 76 0 56 17
    243 255 255 170 0 115 0 255 225 217 221 0 255 230 69 206 206 230 0
    255 255 19 255 0 0 176 255 255 0 255 255 117 0 255 255 0 178 48 210
    40 141 153 16 0 124 50 166 255 0 255 0 117 156 12 255 255 37 169 255
    0 0 35 0 105 150 90 55 139 255 234 255 255 170 27 60 188 4 124 0 21
    144 0 18 0 255 186 0 0 88 151 188 116 139 94 0 0 149 93 0 255 172 81
    245 226 255 0 124 255 170 219 255 136 16 244 215 7 205 0 235 255 255
    255 205 130 0 43 255 0 252 63 231 134 255 255 104 171 193 255 190
    255 190 221 238 49 212 255 139 58 0 29 0 105 255 75 255 0 213 12 255
    81 0 252 117 255 22 151 0 91 27 145 191 127 229 125 178 231 8 10 0
    237 10 47 33 167 28 79 101 42 32 211 18 255 128 228 0 82 255 180 223
    0 255 169 0 183 153 0 119 27 162 171 0 60 0 36 48 255 0 0 255 26 2
    241 6 0 255 189 105 255 202 116 46 255 145 16 0 171 45 255 0 211 206
    63 191 25 255 93 0 212 49 171 255 232 255 255 74 255 0 212 35 35 0
    29 255 0 56 82 93 255 255 16 93 255 143 138 136 145 255 255 43 196 0
    151 193 0 146 3 12 0 132 76 149 255 255 60 255 33 24 173 166 84 94
    194 226 0 0 103 255 33 21 128 255 142 109 214 73 0 255 255 255 255
    255 0 56 0 113 240 0 0 195 0 117 0 140 53 177 103 255 152 30 30 255
    0 31 156 91 39 0 140 255 6 56 195 240 215 82 255 24 152 255 211 138
    255 255 124 171 196 0 65 0 239 66 136 72 113 0 255 0 0 0 121 0 0 147
    237 193 0 175 0 255 73 22 52 83 55 255 0 0 224 139 194 0 0 100 0 13
    150 0 232 93 209 152 255 240 255 255 107 150 0 137 255 193 105 255 0
    255 255 253 255 111 238 227 57 21 255 101 0 71 255 255 81 255 76 158
    76 0 0 26 129 0 2 0 153 179 101 96 161 0 145 0 83 186 93 255 222 209
    71 190 25 255 0 146 0 95 255 19 0 151 4 193 0 168 51 184 0 255 255
    241 0 48 227 0 53 55 103 0 100 1 0 177 214 0 216 55 94 0 15 51 255 0
    255 250 252 204 215 83 42 255 159 255 255 185 49 164 0 148 3 255 123
    0 255 0 51 126 0 58 120 255 205 6 146 0 171 255 255 237 0 232 0 137
    207 209 168 255 255 56 255 255 255 74 232 100 237 207 255 106 198
    153 14 0 164 149 195 0 149 216 0 255 255 0 0 254 136 137 52 73 0 233
    0 255 55 0 141 42 255 0 0 46 116 234 38 0 133 191 46 255 255 0 150
    203 218 255 255 78 220 7 183 164 255 0 0 50 255 63 40 255 103 0 190
    245 255 32 177 17 255 18 0 255 0 227 222 255 110 251 126 129 191 144
    57 255 255 64 15 0 92 1 255 0 0 50 203 24 80 72 255 0 52 36 0 0 233
    200 0 51 128 199 90 255 255 200 7 157 107 61 104 255 167 167 255 32
    0 207 10 0 228 164 93 255 0 99 255 41 255 175 84 115 226 255 240 0
    255 79 90 255 70 154 23 253 0 32 255 5 92 30 255 0 31 9 0 231 253 0
    61 0 1 205 113 208 145 0 21 255 255 0 202 89 0 0 255 244 201 185 255
    255 210 60 48 202 39 196 191 255 63 255 193 0 152 123 203 255 220 0
    235 233 17 231 247 255 0 204 255 92 185 135 255 47 165 255 170 192
    85 213 131 215 80 0 42 0 77 205 68 219 245 121 100 134 162 134 255
    118 53 29 8 199 206 100 90 219 255 223 245 194 255 0 29 0 118 255 0
    46 111 0 32 0 255 0 0 255 255 207 208 145 104 249 93 169 146 27 236
    235 0 235 209 255 255 255 74 28 0 254 0 35 138 228 75 0 255 7 255
    154 0 255 168 145 0 147 255 67 34 185 255 0 168 19 210 0 44 0 255 47
    156 66 178 0 0 146 34 158 255 0 255 213 255 195 255 155 14 255 255
    248 255 0 255 129 0 102 41 59 186 255 234 68 255 26 148 17 0 0 104
    227 255 194 209 74 85 116 0 212 0 173 1 171 168 148 131 0 0 255 0 37
    22 115 119 169 255 42 213 250 42 0 246 255 0 67 49 136 241 235 155
    100 224 255 57 0 253 255 255 119 0 202 222 74 178 165 255 255 0 58 0
    158 8 207 255 255 105 183 165 13 171 243 255 190 255 184 255 200 255
    78 225 255 201 105 255 255 150 88 97 0 255 0 0 255 171 148 92 32 160
    0 197 160 18 39 255 172 139 111 0 100 194 0 168 43 0 0 0 121 158 208
    189 143 0 243 251 177 0 240 0 0 255 97 98 255 0 57 211 146 237 255
    255 255 0 198 0 163 221 183 0 200 54 255 74 20 42 255 121 255 203
    239 161 255 20 0 25 238 103 0 238 0 214 72 126 255 160 73 129 5 59
    160 17 6 255 210 255 113 0 250 122 255 0 0 128 0 238 0 245 249 165
    255 38 255 194 255 255 255 167 255 211 98 164 207 0 143 149 194 17 0
    89 243 128 235 141 50 255 218 14 255 123 0 255 255 255 165 252 67 0
    0 228 7 182 0 255 218 230 245 254 0 255 195 99 229 153 131 255 0 244
    0 160 203 211 1 194 189 219 32 0 255 0 50 188 242 32 255 118 250 0 9
    0 255 74 0 255 56 195 233 40 194 255 205 110 255 160 0 172 179 41 0
    51 255 255 0 173 255 171 155 255 174 218 225 203 93 0 196 44 0 194
    59 171 163 161 0 173 255 0 228 62 161 255 0 157 0 187 108 0 78 12
    182 255 19 174 206 7 141 131 0 0 161 204 80 166 102 255 155 190 0
    217 0 93 203 0 31 107 39 0 255 76 158 255 28 157 99 0 238 57 33 0
    255 178 112 0 85 228 140 252 30 255 64 255 0 0 255 0 0 0 38 35 0 48
    159 0 246 127 153 255 255 255 255 0 0 218 122 21 11 255 0 221 0 150
    208 90 255 255 22 0 161 149 255 255 37 3 0 0 255 200 255 0 0 59 160
    179 141 26 13 0 0 224 184 174 101 160 112 78 142 1 35 231 0 255 0
    162 187 48 255 148 210 0 187 63 0 46 220 187 250 255 20 225 95 196 0
    24 255 0 56 194 0 208 87 219 255 255 0 209 204 0 107 255 255 129 109
    255 78 12 232 38 94 146 50 38 0 209 255 101 141 5 255 255 0 29 35
    255 59 241 143 76 19 207 226 190 72 0 168 130 255 255 98 26 124 160
    24 174 0 121 108 0 251 208 255 255 89 110 139 16 19 255 0 0 255 140
    255 0 228 211 102 255 0 95 95 241 0 0 23 132 0 0 58 16 195 88 159
    252 234 113 203 0 0 103 0 248 132 255 0 165 0 63 255 0 12 0 0 157 0
    15 176 219 96 83 121 63 66 236 41 118 25 161 222 67 246 0 21 0 255 0
    0 215 58 178 85 0 0 0 140 23 84 255 0 248 146 0 0 0 124 249 200 178
    67 152 0 188 255 0 207 97 207 255 67 79 0 152 117 255 250 96 132 0
    255 243 212 255 43 255 0 143 156 238 0 0 0 60 0 255 196 6 81 155 0
    102 255 0 117 180 172 122 148 9 255 59 7 96 145 221 255 202 255 143
    0 255 81 219 255 0 169 60 166 12 255 148 0 0 133 136 0 142 15 181
    255 13 153 87 151 212 96 255 58 83 0 0 174 71 73 0 154 0 141 85 229
    255 176 255 0 255 234 8 133 19 7 33 22 213 255 191 105 250 0 31 60
    14 0 162 255 255 255 102 124 119 0 97 45 208 6 69 198 195 0 0 0 82
    23 15 19 163 255 255 105 170 0 179 255 135 207 64 101 0 109 105 46
    137 0 255 143 65 249 255 242 0 164 0 0 75 136 0 255 122 0 0 137 0 0
    0 0 120 200 216 100 0 46 219 0 129 159 0 92 141 0 0 149 24 0 0 0 107
    120 32 146 212 255 97 60 255 255 34 154 255 255 0 0 220 16 0 142 255
    194 152 204 127 250 255 194 203 61 0 199 73 0 78 0 0 236 119 10 255
    0 0 255 74 0 218 11 0 246 112 153 255 74 255 248 83 255 158 237 205
    169 0 0 255 157 0 0 255 255 255 255 255 247 126 143 255 255 69 11
    255 168 9 252 200 82 0 0 188 14 255 147 240 0 47 255 73 169 172 0 0
    0 0 35 0 0 238 255 111 51 157 123 214 0 145 113 229 22 0 191 0 255
    255 203 255 117 0 207 114 0 0 0 255 0 135 185 108 235 255 178 73 255
    255 255 7 112 132 255 0 255 255 153 166 255 184 255 255 0 134 255
    177 62 158 3 20 53 178 0 0 255 255 149 211 63 100 255 3 255 0 52 255
    255 63 195 1 184 62 40 25 142 0 245 255 42 1 39 235 89 0 90 78 255
    117 255 255 221 212 0 255 0 191 0 0 255 39 13 209 0 118 241 255 163
    0 9 150 255 255 34 151 57 255 70 250 255 224 159 255 148 123 50 138
    182 0 162 212 0 131 255 229 175 29 151 232 179 201 255 64 238 125 95
    248 20 205 188 193 192 199 140 197 255 7 255 255 4 50 71 255 11 212
    219 0 255 0 119 0 10 27 30 21 0 168 22 1 106 192 255 0 255 255 39 68
    0 255 101 0 255 0 62 239 20 34 0 235 127 246 0 0 0 221 18 255 255 32
    217 0 189 49 0 11 71 153 25 116 0 22 44 255 21 73 255 0 211 101 0
    148 0 0 71 0 62 25 255 126 255 38 255 25 187 0 227 83 0 223 185 0
    255 218 255 0 108 233 0 50 142 187 98 32 227 255 198 0 167 150 0 0
    103 23 76 130 255 0 149 123 0 0 235 144 68 231 0 255 255 0 255 0 255
    114 104 69 255 214 0 46 255 0 235 255 188 159 0 179 255 196 169 192
    165 34 166 255 0 0 255 129 113 43 63 255 255 207 0 255 194 0 84 29
    228 226 94 93 0 69 190 13 104 0 163 55 202 255 125 255 241 255 35
    255 22 0 0 0 167 255 0 215 255 28 173 231 136 11 255 0 74 161 155 87
    86 255 148 85 255 181 190 74 213 208 248 89 181 239 15 142 83 0 49
    16 122 10 126 0 0 0 100 255 255 66 37 208 128 255 207 255 78 8 177
    167 187 192 53 243 61 229 103 243 183 8 255 0 0 176 0 63 211 54 225
    255 178 113 255 255 121 251 92 196 0 113 230 117 114 0 100 2 62 75
    122 0 255 250 203 0 255 95 137 255 236 255 50 255 89 255 0 28 91 108
    7 0 254 255 245 225 255 167 255 0 255 237 105 158 225 0 70 255 224
    164 255 96 98 255 0 0 255 44 66 246 0 126 179 251 0 16 252 241 71
    255 61 0 255 219 202 156 171 255 255 255 148 235 255 35 114 125 255
    37 0 216 77 134 255 52 153 255 119 0 16 45 228 147 68 255 0 71 0 217
    120 134 0 197 56 255 236 191 219 78 0 33 28 255 80 43 93 0 68 255 94
    205 249 119 222 102 118 95 96 0 87 229 21 184 69 36 73 0 203 153 166
    255 24 0 19 44 137 65 24 255 0 20 0 149 148 184 155 255 34 213 183 0
    0 239 67 255 205 67 227 255 205 255 0 49 255 29 185 158 12 204 0 0
    177 0 137 255 0 115 122 149 20 55 235 136 232 201 0 188 247 171 81
    224 255 255 180 44 165 11 245 132 0 122 102 0 255 163 255 0 224 29
    255 0 255 200 185 255 185 153 0 0 206 153 168 82 156 55 255 106 0
    255 129 13 0 54 0 141 97 247 249 212 141 198 110 0 0 92 65 0 231 34
    54 0 0 255 42 0 70 253 163 110 254 162 90 83 211 255 0 219 48 0 0 23
    102 237 198 100 255 0 0 245 0 227 41 0 124 53 178 223 23 232 252 223
    158 114 255 191 108 255 14 135 158 0 190 237 0 181 76 152 0 0 101
    100 255 42 255 124 120 255 247 135 127 40 185 255 255 118 22 0 42
    146 117 0 107 101 0 231 0 10 31 0 255 107 255 255 255 255 121 234
    180 35 207 255 255 18 158 0 86 198 171 184 14 255 255 24 253 0 80 66
    0 0 0 104 255 144 0 40 0 255 198 189 179 123 255 0 0 10 112 255 0
    252 0 231 234 127 149 153 213 203 255 255 225 161 112 178 0 0 12 178
    255 255 255 255 131 255 192 122 255 192 198 191 193 255 171 31 0 87
    142 55 213 0 255 47 255 0 0 24 193 0 0 205 255 254 0 56 159 214 0 52
    242 163 255 160 180 100 55 101 0 81 188 202 26 247 66 113 8 0 17 0
    135 0 255 0 214 255 220 95 66 253 81 2 0 93 31 172 78 0 255 33 149
    100 141 86 183 36 213 209 180 117 250 255 128 149 145 255 0 91 0 18
    181 255 235 153 0 255 0 255 135 241 81 64 82 0 255 12 0 255 255 255
    117 6 24 255 100 225 102 194 191 238 88 255 255 123 214 193 0 116
    255 0 163 149 205 0 0 56 20 107 115 200 53 23 34 194 0 90 157 255
    187 221 2 255 0 86 56 23 255 0 3 255 255 100 49 189 135 116 52 138
    76 87 132 127 58 255 0 107 182 112 68 221 206 189 226 0 0 255 80 57
    35 255 255 30 0 130 0 8 255 0 215 1 252 255 191 255 69 99 255 126 44
    207 227 61 34 217 255 98 255 68 226 150 194 255 109 255 126 0 195
    255 0 1 16 193 255 78 255 193 202 45 63 240 0 79 8 0 92 225 124 255
    0 255 93 0 0 216 172 255 110 83 137 0 112 125 255 248 119 255 255
    158 45 60 182 81 255 39 254 184 135 4 255 239 212 216 4 52 0 11 255
    0 169 0 124 50 0 233 255 255 71 255 255 121 87 26 182 54 66 0 219
    255 0 0 183 0 255 0 90 149 10 127 33 97 0 228 255 255 119 89 95 216
    0 0 75 0 160 255 0 62 255 0 253 238 255 232 102 220 226 144 61 55
    105 255 67 0 141 0 119 255 48 122 0 70 255 255 192 252 255 255 204
    255 175 151 255 255 255 157 151 255 171 39 242 255 136 69 127 93 82
    98 169 0 78 52 0 18 40 218 153 114 0 0 0 214 238 255 255 78 249 192
    255 118 21 230 128 154 0 167 137 206 0 255 149 0 160 96 208 253 223
    94 0 27 94 5 255 0 165 180 206 255 255 30 255 3 240 255 255 154 0 0
    102 176 149 255 126 151 255 120 255 23 79 94 255 0 0 84 139 206 0
    193 255 255 239 0 224 135 161 226 255 0 105 255 97 133 169 239 255
    47 16 170 29 123 119 204 189 169 0 255 18 0 123 255 210 248 255 229
    0 104 160 227 55 77 104 29 0 177 48 217 11 169 178 185 177 255 117
    86 172 83 70 216 19 49 183 255 255 53 236 255 132 0 195 113 137 73 0
    208 143 228 173 120 103 144 248 189 255 189 163 146 200 255 255 0 95
    53 15 36 0 215 89 105 255 0 0 149 0 17 202 255 85 160 107 255 22 255
    191 255 109 140 0 35 255 189 186 255 0 112 50 255 117 187 255 255
    194 40 104 254 227 145 0 255 255 176 255 0 56 124 255 154 255 0 198
    86 255 255 127 105 0 55 164 0 187 117 252 255 188 255 118 255 0 0 0
    235 4 238 33 145 56 255 53 186 172 62 255 255 0 123 4 14 123 0 3 255
    255 90 166 212 175 253 0 0 0 0 0 118 143 255 255 123 0 103 32 6 59 0
    0 150 255 0 174 50 234 137 86 193 144 188 255 0 0 163 114 75 255 0
    83 134 106 52 0 167 68 0 85 255 255 112 255 105 255 0 0 116 0 94 0
    137 59 226 255 255 247 0 0 35 0 217 107 255 255 154 135 255 155 133
    255 199 145 255 183 147 85 121 222 14 255 189 255 0 255 0 26 253 255
    34 255 157 0 255 158 54 0 0 245 0 89 0 39 70 105 130 0 255 44 64 255
    112 255 132 0 0 0 0 120 255 5 189 0 254 0 223 255 255 0 175 117 21
    147 203 255 15 183 0 0 18 132 190 0 119 117 159 217 64 101 43 0 115
    6 0 97 0 192 2 35 150 111 255 255 180 91 0 89 115 74 0 122 154 253
    255 55 92 90 192 207 92 20 255 99 184 92 0 0 38 84 0 35 232 0 0 205
    178 0 149 255 146 73 57 27 156 212 0 255 0 0 255 96 233 170 33 42
    134 146 255 97 0 41 170 0 252 255 0 0 39 118 18 255 0 124 81 255 0 0
    172 138 87 56 96 141 20 255 124 150 59 255 255 113 95 126 255 253 74
    255 160 0 143 142 255 255 193 255 63 255 198 0 0 189 0 163 65 243 0
    37 86 74 231 222 133 255 77 119 177 0 255 167 12 51 199 0 0 203 64
    87 28 255 255 134 15 108 255 255 0 125 86 114 0 220 52 178 132 255 0
    244 61 64 88 240 144 0 53 203 58 0 44 217 137 255 255 0 255 231 255
    255 0 79 0 221 183 22 212 78 151 166 140 0 151 0 44 123 46 230 227
    225 122 155 255 0 182 103 255 0 142 255 0 34 117 87 255 234 101 235
    215 255 123 218 211 146 60 255 0 66 122 223 65 14 180 54 248 182 255
    146 119 38 0 1 6 255 145 97 186 0 0 0 25 0 29 255 0 221 49 0 0 204
    88 255 217 255 255 41 23 157 0 248 208 0 65 0 255 10 255 0 0 0 140
    93 255 109 255 163 211 206 0 0 93 160 121 0 0 255 0 0 85 55 255 255
    129 146 44 94 65 193 70 144 1 186 7 0 255 0 243 0 227 0 235 218 38 0
    87 120 118 255 210 51 255 0 127 0 249 0 72 0 97 80 0 25 0 0 0 184
    101 255 84 255 200 100 76 0 41 136 66 35 112 233 176 0 0 255 5 155
    139 75 132 254 0 31 255 221 143 154 78 6 255 122 223 10 0 111 83 40
    165 255 247 48 255 158 255 89 0 234 255 163 131 11 0 0 227 201 0 0
    82 241 231 209 76 76 0 255 118 187 185 64 255 0 0 240 183 222 0 255
    69 60 156 255 63 255 255 60 49 59 0 181 111 244 0 108 215 0 87 83 73
    127 65 74 0 195 0 2 0 64 255 115 255 219 239 255 217 85 106 206 0
    255 196 109 248 8 148 157 77 0 113 172 210 255 255 206 141 0 255 143
    15 0 0 168 25 0 0 0 0 17 58 242 0 41 206 0 255 0 255 167 196 242 5
    191 97 153 0 255 0 106 53 201 186 124 200 192 98 119 255 21 255 212
    255 255 98 118 246 68 248 54 35 64 101 101 255 14 255 255 216 17 6
    63 141 127 0 253 137 175 208 1 151 201 102 172 221 123 0 96 0 134 0
    53 255 155 36 54 255 222 255 0 38 0 23 16 12 77 36 24 250 246 156
    200 255 0 0 243 22 0 117 139 185 68 43 105 38 255 124 222 195 44 0
    246 0 0 180 32 255 218 255 172 0 27 255 127 0 242 255 0 196 80 57
    255 239 178 175 208 255 189 0 0 147 41 0 226 165 255 255 0 112 255 0
    7 255 255 5 24 207 0 86 41 97 132 0 75 107 255 22 180 198 114 203 0
    0 0 0 44 0 255 0 32 177 144 0 146 215 0 45 255 153 133 255 8 177 187
    0 251 0 0 0 130 0 21 181 255 149 255 84 255 19 239 255 98 172 215
    170 255 0 241 192 8 238 250 0 91 186 0 168 101 0 255 139 226 255 26
    152 251 107 27 0 44 106 255 1 123 255 220 78 55 88 211 107 255 240
    152 248 51 66 0 0 255 84 239 255 66 0 239 0 92 126 180 149 255 0 115
    101 255 255 244 255 208 255 0 197 32 252 229 0 178 124 189 143 249
    198 13 0 170 95 7 255 0 0 0 255 0 3 255 75 229 255 136 255 255 0 173
    0 254 255 99 63 255 222 56 239 149 255 84 221 0 1 80 0 186 255 58 54
    208 255 0 255 37 164 0 172 75 254 132 169 233 192 19 202 27 108 0 0
    72 255 156 188 255 89 228 55 255 95 0 0 108 197 230 188 219 201 246
    255 245 155 239 0 93 85 0 255 240 0 0 255 196 127 0 255 84 247 0 255
    166 229 211 124 0 252 255 22 255 255 232 255 80 71 73 147 255 21 0
    255 109 0 184 255 255 111 173 151 131 180 244 219 61 171 0 167 129
    125 255 74 81 0 39 50 255 0 216 0 100 106 237 2 113 0 81 0 0 186 133
    28 154 100 184 237 209 109 0 255 60 255 131 244 180 104 236 97 26
    255 248 0 0 110 21 0 39 140 150 255 11 0 0 4 0 185 255 49 113 249 0
    255 50 79 123 255 175 159 102 255 0 158 255 12 255 255 31 255 255 6
    247 218 124 20 84 0 138 255 167 124 236 255 121 141 0 30 44 255 185
    59 211 80 206 163 157 194 36 76 255 255 241 255 0 255 171 204 15 152
    86 101 248 31 100 173 255 122 78 77 191 0 0 255 224 255 255 73 255
    65 135 15 130 0 96 9 255 0 3 253 215 220 139 0 255 0 89 105 35 255
    179 103 0 39 193 24 192 52 0 224 0 240 189 176 202 0 212 82 88 0 0
    86 0 218 253 0 0 0 0 53 77 255 87 0 104 111 255 54 195 255 104 255
    63 255 248 138 207 159 255 180 0 141 0 205 107 0 81 233 216 94 255
    21 0 41 0 255 226 150 94 255 255 18 219 255 92 21 18 255 187 178 240
    0 205 244 0 65 55 244 0 132 11 204 139 0 0 145 0 0 255 0 118 35 222
    105 255 140 193 0 255 0 255 252 65 102 255 137 249 255 4 0 255 14
    177 53 255 95 0 104 0 245 86 255 90 78 177 0 209 171 0 255 255 22 71
    0 156 0 33 192 255 0 134 217 35 255 133 0 255 193 0 255 255 0 44 0
    255 255 104 255 0 226 0 176 255 0 150 213 0 63 108 255 0 130 125 0
    239 255 67 255 79 255 161 246 31 221 255 211 0 255 19 250 223 58 194
    206 45 49 139 2 0 11 110 47 18 158 0 255 228 229 255 0 5 202 0 255
    194 11 45 175 38 69 0 154 138 205 70 225 255 102 146 255 121 0 254 0
    255 255 255 0 0 255 87 197 238 206 24 0 122 130 255 239 255 255 79
    255 0 0 255 255 88 64 255 95 0 47 255 70 0 227 0 0 28 83 255 49 117
    255 255 73 255 203 111 0 177 231 0 255 255 218 23 114 245 223 0 255
    0 26 79 118 0 121 255 65 55 255 97 81 93 106 255 240 0 222 39 82 0
    53 0 255 0 0 255 23 211 187 0 102 0 173 255 94 255 0 144 255 0 246
    125 40 137 193 209 255 68 0 255 0 255 213 0 148 157 149 0 255 0 0 75
    255 58 0 172 15 93 139 8 198 12 123 255 201 100 255 31 174 109 0 107
    0 0 0 0 255 255 255 180 255 143 0 0 45 182 0 0 166 186 92 236 255 0
    17 184 255 0 105 255 38 0 247 0 68 249 222 139 255 0 159 255 255 177
    165 177 253 83 152 47 125 0 71 109 207 0 255 255 255 196 84 181 255
    207 255 226 176 199 135 144 229 69 255 70 118 180 0 0 255 35 12 0 72
    0 255 198 46 152 0 255 91 0 120 161 122 172 150 0 7 255 95 255 255
    91 24 0 0 247 14 255 0 219 88 0 107 0 161 83 255 226 161 255 255 146
    255 91 179 255 178 255 0 120 127 0 0 255 0 84 0 97 255 215 0 147 227
    34 201 254 96 255 146 253 150 0 74 132 0 0 0 228 0 0 65 209 72 10
    156 22 16 151 255 171 255 255 200 205 255 70 0 1 0 43 211 84 16 60
    14 114 24 0 203 37 236 45 255 0 104 0 121 67 24 171 255 255 0 255 35
    167 11 51 255 0 122 255 255 217 255 101 183 0 0 0 92 255 49 255 144
    255 47 182 52 209 255 147 255 205 255 0 46 226 61 247 46 137 255 233
    231 125 202 255 88 255 0 106 75 159 0 221 0 255 113 255 0 55 0 96 86
    95 159 102 222 255 151 86 0 120 1 0 0 121 242 0 126 246 43 141 97 92
    255 0 19 88 220 179 131 0 0 0 52 0 229 103 255 228 0 104 18 171 194
    22 20 169 250 255 0 255 26 40 255 199 55 162 255 130 255 0 255 0 0
    255 174 211 255 196 229 206 220 127 232 0 202 255 255 174 255 255 52
    255 196 0 60 255 11 47 0 255 90 166 73 171 193 255 213 41 164 0 169
    192 207 0 21 42 89 13 6 14 255 104 0 255 143 142 120 151 11 255 0
    136 35 59 0 0 251 55 255 78 107 178 68 121 255 255 137 228 0 0 255 4
    225 255 0 113 177 226 91 0 198 255 85 170 0 255 255 0 255 0 21 149 0
    0 255 146 255 87 205 190 0 0 37 0 255 125 255 58 0 236 0 239 255 50
    0 255 108 193 20 48 255 145 90 255 255 255 11 0 170 255 0 255 148
    111 255 209 10 116 255 31 255 236 0 240 0 255 50 155 85 0 0 255 0
    255 43 0 0 51 0 56 0 251 255 93 255 0 0 204 77 129 171 181 255 65
    255 255 214 255 71 187 88 51 59 145 71 210 19 255 113 182 252 255
    199 85 80 234 0 0 30 8 171 218 0 255 234 255 26 255 115 178 0 0 255
    0 109 255 0 0 255 0 190 0 59 205 255 219 0 251 213 0 101 7 0 1 179 0
    0 255 24 0 0 159 19 255 190 255 51 63 91 175 0 255 255 158 80 0 92 0
    255 255 244 194 0 255 219 72 0 25 197 1 0 76 139 201 0 255 6 20 117
    19 6 255 21 152 213 0 235 79 133 254 22 126 154 78 210 251 0 255 159
    187 102 0 0 0 11 231 42 91 6 230 69 0 0 255 249 226 19 225 255 214
    139 152 193 213 176 255 255 187 255 255 118 255 0 77 99 0 0 71 58
    187 141 255 0 217 83 0 0 55 3 251 0 229 178 0 71 242 0 255 255 205
    224 129 255 154 247 216 255 162 94 0 16 36 153 0 0 255 0 111 255 189
    255 132 255 61 51 255 206 241 248 143 205 66 0 0 255 101 25 175 241
    22 40 24 0 252 255 129 255 136 255 253 69 74 255 170 52 45 0 87 94
    39 0 88 250 187 255 118 10 255 255 255 22 255 28 0 38 68 62 228 255
    255 155 103 27 255 0 183 35 101 0 214 255 106 76 17 230 255 182 108
    13 171 49 155 255 193 225 3 185 0 255 255 29 163 36 149 7 50 255 0
    118 42 69 255 255 209 255 204 204 255 255 6 255 255 50 121 131 215
    255 0 0 0 163 166 66 186 255 174 15 255 244 255 84 189 22 161 178
    162 8 142 161 137 104 255 255 65 255 168 255 254 77 18 255 255 0 76
    134 249 132 25 0 132 255 32 0 80 60 209 255 91 190 82 251 0 133 115
    255 0 5 48 158 225 0 133 254 160 211 213 89 246 34 0 39 255 9 115
    185 30 64 255 255 187 4 5 255 255 76 253 216 162 85 56 246 254 0 207
    255 246 46 141 0 255 16 38 255 0 0 0 86 84 0 255 6 0 0 81 55 0 0 172
    0 25 67 81 0 255 0 39 174 0 199 0 255 0 243 255 172 20 33 202 94 0
    18 0 255 59 0 176 40 173 162 0 255 15 255 0 0 0 141 73 0 255 0 0 14
    247 255 255 100 0 112 173 0 6 197 198 30 255 168 255 131 230 241 218
    90 214 167 210 0 0 55 176 255 249 2 0 0 145 255 255 224 122 187 129
    0 255 255 185 5 255 248 103 255 68 1 86 176 156 226 121 0 230 174 0
    0 29 221 151 0 0 251 86 0 232 0 255 154 255 255 61 50 248 24 49 239
    2 218 255 50 0 255 255 233 0 0 255 233 181 0 211 255 0 0 255 0 0 0
    255 129 138 255 0 0 0 67 241 70 173 255 0 255 204 255 219 39 194 136
    0 0 78 58 0 17 91 47 0 21 0 188 72 199 255 0 73 9 70 148 146 27 20
    99 103 255 255 186 121 181 92 255 247 192 198 81 255 237 0 202 83 4
    255 91 79 0 124 103 255 83 116 227 90 255 0 238 184 140 52 0 255 252
    154 0 138 102 236 4 102 192 61 0 220 147 255 255 105 255 44 215 73
    255 138 212 44 193 255 255 246 154 88 0 255 189 51 65 13 14 0 0 233
    43 181 7 0 119 30 255 143 70 14 75 255 213 109 143 249 142 124 141
    255 220 0 0 20 173 151 0 175 0 0 255 28 189 40 100 4 0 255 255 208
    192 125 255 0 255 159 255 43 126 6 0 255 38 0 249 255 252 255 241 0
    81 0 0 92 217 157 0 149 120 193 191 193 0 62 176 57 132 194 190 227
    209 118 166 0 0 0 0 219 243 0 128 230 142 0 255 0 29 132 181 0 0 75
    255 246 155 35 255 27 230 243 81 0 0 196 237 255 99 203 255 255 12
    255 164 0 233 255 107 179 142 229 253 255 98 115 247 0 244 176 133
    241 83 194 182 255 0 162 255 121 0 93 94 0 255 16 132 94 9 136 188 0
    139 189 0 238 0 24 195 208 216 213 94 163 255 75 255 255 205 119 0
    159 255 255 255 159 67 36 192 139 123 172 0 11 171 125 0 0 48 0 128
    113 1 255 83 237 0 0 175 24 155 0 0 255 0 0 255 255 180 214 112 232
    61 87 255 79 255 189 10 111 0 253 44 166 120 255 9 100 146 0 196 0
    220 4 255 0 255 255 164 106 190 155 207 205 109 154 13 74 9 130 241
    0 33 0 255 0 81 0 255 204 229 18 50 255 0 117 218 222 3 0 255 79 40
    191 174 255 182 167 24 89 0 124 255 86 255 28 114 218 128 83 60 0
    236 123 0 255 0 218 35 96 146 82 255 0 0 128 106 239 116 0 0 100 193
    204 106 82 170 255 214 0 0 38 0 0 21 255 114 255 214 17 130 255 0
    198 0 0 0 145 255 213 36 0 35 240 116 58 98 0 118 206 255 63 0 105
    125 0 242 137 83 199 255 255 48 220 244 195 208 251 106 69 168 254 0
    255 0 68 39 255 7 255 123 166 133 149 0 23 10 112 19 169 223 129 0 0
    255 0 0 239 150 122 121 117 124 255 105 3 127 57 0 0 0 169 56 38 97
    22 254 8 0 156 126 255 63 255 58 255 235 255 255 224 175 40 29 0 16
    60 223 56 255 228 125 0 153 255 255 0 29 31 0 34 154 255 228 255 255
    58 206 109 13 219 0 0 108 0 199 32 255 255 136 185 43 31 255 125 144
    71 255 199 0 0 255 56 0 77 197 147 26 255 174 0 29 62 130 0 0 24 162
    255 145 253 11 114 255 0 212 139 0 10 136 255 8 157 255 228 0 255
    249 52 186 95 26 117 0 255 69 209 191 43 56 255 234 112 201 255 0
    157 177 6 187 254 191 0 255 7 18 78 255 207 229 255 104 165 188 233
    240 130 238 0 18 246 247 0 59 48 111 0 69 138 0 86 0 189 33 0 194
    105 236 186 251 78 144 110 244 213 255 255 249 59 103 9 0 137 66 150
    255 137 202 129 255 232 163 213 147 251 90 255 0 93 27 255 100 118 0
    62 255 0 130 0 89 29 135 201 0 73 198 0 226 31 16 169 255 255 123
    156 232 61 230 165 49 174 117 250 26 105 142 187 250 37 255 255 23 0
    234 191 141 0 80 255 150 255 255 255 139 0 184 255 0 124 255 97 255
    106 94 187 178 255 0 235 105 247 0 128 80 73 9 87 242 148 255 255
    255 21 235 230 255 89 119 0 39 17 187 14 0 12 0 93 255 24 160 159
    255 35 246 168 255 145 10 236 14 0 198 86 21 22 51 0 85 0 0 0 252
    134 154 0 109 24 255 0 123 242 0 158 199 244 255 179 167 32 0 89 255
    255 46 190 255 104 255 255 40 112 67 53 255 103 255 143 0 99 167 8
    26 255 167 119 255 208 255 176 23 255 39 0 108 111 142 247 255 255
    149 187 183 4 255 255 255 30 0 90 150 202 248 1 249 29 172 0 35 9 5
    218 11 255 255 37 127 0 83 0 243 79 32 0 190 101 138 255 0 73 81 255
    255 0 255 255 112 196 0 0 255 255 34 255 230 255 172 0 255 8 255 255
    2 0 0 238 239 215 8 196 104 153 255 255 216 123 126 255 255 0 110 5
    102 173 255 150 196 255 238 233 255 131 253 193 6 112 53 122 47 1
    207 255 113 112 120 84 119 9 0 0 0 172 0 0 0 179 206 255 63 107 0 1
    255 252 151 159 160 151 99 250 255 216 255 116 105 238 10 46 23 255
    255 0 62 211 37 242 82 0 0 71 255 148 0 255 190 255 255 255 43 0 120
    216 0 31 0 255 0 0 31 105 156 218 0 36 0 0 0 0 243 255 255 209 142
    225 255 255 36 245 71 251 0 185 234 0 137 255 102 255 0 255 171 241
    140 255 255 255 105 255 255 255 255 0 98 255 121 158 208 91 108 0 0
    210 21 0 241 0 47 68 148 15 0 49 255 0 170 0 75 62 198 0 0 229 225
    247 128 57 144 147 255 124 0 226 130 235 236 236 103 73 0 255 0 11 0
    17 87 164 233 0 255 169 118 177 34 52 0 0 44 46 0 0 4 129 255 174
    110 199 81 91 126 83 106 255 255 0 0 122 0 90 255 255 147 25 255 88
    230 250 255 160 255 192 89 149 152 93 0 209 0 0 115 0 1 0 39 179 255
    255 158 34 155 255 255 0 184 189 255 135 0 21 63 192 246 251 255 120
    143 0 199 238 0 234 15 0 101 0 255 0 62 110 50 210 132 212 38 0 2
    212 0 40 96 237 255 255 200 255 237 255 32 92 255 184 3 255 59 236
    22 4 228 174 32 0 36 242 244 174 255 119 224 122 37 255 255 255 137
    234 0 13 255 0 196 252 23 0 255 50 63 0 0 52 254 0 253 137 187 64
    255 157 91 255 247 255 0 67 164 177 6 255 2 149 165 78 93 255 130 0
    255 169 228 179 41 255 72 128 24 12 0 0 0 212 0 0 214 255 255 255 71
    88 110 255 81 62 40 255 88 118 255 80 182 24 119 23 0 138 97 138 255
    255 255 0 99 0 255 168 56 230 214 217 54 47 0 187 153 255 172 74 255
    249 197 32 218 182 197 0 173 255 0 247 91 120 154 0 255 0 44 255 210
    0 255 47 255 0 0 0 0 68 67 148 255 0 140 159 0 95 249 136 255 122 0
    0 236 0 1 255 213 155 57 34 181 193 60 43 0 81 139 0 125 39 13 84
    255 0 0 210 0 255 255 254 26 157 237 48 238 255 36 0 255 186 0 1 0
    255 18 0 86 124 21 140 166 0 0 255 255 100 125 80 158 161 255 255 2
    74 42 0 21 42 0 46 0 174 137 230 139 0 0 253 0 217 194 99 0 168 255
    113 243 106 0 15 56 255 93 129 10 177 236 96 248 204 0 162 176 255
    134 255 248 48 161 255 95 110 84 236 233 70 255 15 0 0 0 114 63 255
    209 233 0 11 0 199 3 255 74 255 216 130 4 255 0 0 255 63 207 105 20
    88 164 191 0 255 81 255 108 154 255 0 175 0 178 114 161 255 64 79 35
    255 255 255 19 255 255 0 0 21 0 0 255 255 158 0 255 0 165 236 166
    255 249 46 116 255 255 0 0 98 0 255 150 200 30 0 187 71 0 255 121
    255 0 255 0 199 225 0 96 255 90 238 138 172 255 165 255 33 116 125
    103 165 176 245 63 0 233 16 59 10 253 81 50 32 255 152 255 84 58 0 0
    97 83 130 115 255 3 119 255 163 255 221 11 193 72 250 253 157 0 0 0
    132 69 255 217 235 255 0 0 83 126 0 0 0 2 80 102 157 203 89 123 41
    255 85 198 255 0 180 128 222 156 18 138 0 175 219 0 255 233 0 255 0
    195 237 128 4 24 8 75 168 108 246 0 255 114 0 255 59 193 198 4 30 41
    44 255 0 138 58 255 255 0 195 201 0 0 255 255 237 235 255 0 255 80
    255 0 82 178 0 216 255 255 0 255 107 79 2 252 154 174 0 194 255 255
    0 0 187 71 0 115 255 54 255 101 0 64 215 143 9 43 58 43 29 97 204
    107 0 255 255 0 0 162 77 223 28 44 120 102 255 38 231 239 179 141
    255 0 213 250 255 255 134 134 255 0 208 1 0 50 173 164 11 74 61 174
    53 243 255 60 255 208 195 0 255 8 170 47 178 6 255 234 110 255 252 0
    0 255 149 255 255 112 255 134 214 153 254 247 164 74 255 164 0 56 54
    0 84 255 39 196 254 18 255 166 212 255 131 254 0 0 221 0 253 222 150
    0 232 255 223 255 255 255 23 216 110 209 0 255 40 0 0 226 0 0 135
    248 159 150 174 0 123 249 255 90 62 171 171 39 135 185 255 68 0 255
    248 108 135 204 0 247 0 255 0 161 255 17 0 143 68 255 0 255 0 118
    147 255 255 255 144 0 0 255 55 184 69 153 255 255 0 0 73 114 172 244
    7 210 0 208 52 255 26 0 0 79 0 0 255 255 255 59 255 149 159 255 212
    0 125 0 9 67 255 88 255 125 16 255 198 68 0 195 255 166 196 88 173
    95 0 147 242 22 255 255 255 255 32 63 244 255 255 255 255 149 30 232
    0 61 31 0 26 193 0 255 0 229 90 30 255 0 255 255 84 3 125 0 135 251
    26 0 255 176 0 9 255 179 0 77 199 27 255 125 0 149 188 194 0 255 111
    167 248 74 87 255 63 0 3 96 73 140 151 107 0 255 255 158 176 0 238
    78 236 255 0 90 255 0 0 165 192 255 0 46 130 229 255 25 153 155 129
    137 136 255 237 94 20 85 0 205 243 191 114 255 170 35 255 248 58 255
    207 66 64 226 140 106 89 254 255 33 225 140 53 52 100 173 0 0 134
    237 236 12 6 255 0 168 165 125 163 0 243 19 12 255 81 255 111 180
    255 168 28 203 108 207 40 255 255 111 0 115 67 125 255 0 255 255 146
    255 255 255 255 72 242 255 215 237 103 98 255 0 81 0 111 255 112 109
    185 255 103 130 255 165 71 255 0 153 175 103 31 252 61 159 168 51
    139 27 143 189 255 38 219 35 60 255 188 255 0 0 255 52 125 206 191
    50 249 217 255 255 90 188 50 18 52 0 255 244 149 87 255 0 255 9 255
    0 255 250 0 15 168 79 255 222 84 90 232 185 167 251 0 181 162 181 0
    19 97 255 39 255 244 0 56 127 102 0 158 0 155 8 227 57 70 137 255
    195 37 60 66 255 33 127 36 245 193 0 152 210 73 46 0 0 0 190 232 0
    255 38 64 255 0 255 246 9 255 126 165 254 45 254 0 255 65 184 255
    138 98 137 14 29 255 64 18 255 0 90 255 53 171 0 255 0 0 236 0 0 0 0
    115 198 33 0 67 255 161 137 104 24 71 34 148 129 202 80 122 0 184
    255 254 241 237 254 31 113 146 0 0 255 193 90 187 243 255 191 83 95
    0 227 255 0 62 255 83 172 138 137 0 100 0 42 143 0 255 255 255 0 158
    255 207 0 175 169 143 0 193 0 37 117 255 185 117 158 255 166 63 182
    255 216 190 226 177 244 83 255 241 255 163 41 153 233 110 0 255 249
    0 90 0 255 19 0 110 211 115 48 90 0 177 0 210 98 255 255 125 0 0 26
    175 125 255 145 154 255 0 182 214 206 57 230 255 199 246 9 255 92 14
    163 17 143 209 243 158 80 235 46 241 0 172 35 0 74 216 119 81 0 49
    231 4 236 47 236 40 165 255 0 135 255 101 0 144 255 146 0 166 0 95
    59 0 0 255 68 235 255 0 255 42 108 255 145 51 253 255 97 209 236 255
    0 0 248 0 175 239 0 0 255 249 0 255 0 201 86 0 114 255 40 201 15 255
    226 178 0 120 186 92 255 0 69 0 218 215 161 151 255 159 10 255 255 0
    0 255 255 170 228 255 255 82 0 0 191 3 255 128 0 255 52 31 195 16 0
    255 255 144 28 39 255 86 0 63 41 255 61 255 0 174 0 244 72 255 173 0
    0 244 208 0 71 144 222 44 214 188 24 0 185 3 190 228 252 60 220 255
    0 153 217 243 255 0 67 0 225 134 44 79 255 255 0 167 159 125 255 255
    23 214 157 255 0 115 0 182 47 0 255 255 254 220 241 0 22 216 200 86
    0 253 255 172 238 113 53 255 14 243 148 216 167 42 228 222 0 255 244
    0 0 0 72 190 255 0 0 255 109 252 255 79 10 140 255 255 41 104 162
    215 0 189 255 40 255 221 255 91 0 61 55 255 0 233 178 100 0 0 210 0
    181 255 50 121 0 228 0 59 255 22 0 150 0 36 49 173 0 0 0 71 140 83
    42 192 255 237 0 0 219 0 0 176 255 38 226 176 222 255 255 151 255
    173 223 94 255 9 148 39 0 0 37 254 0 241 54 0 167 214 227 211 80 255
    64 58 0 210 255 0 0 165 94 115 255 100 255 87 6 255 255 221 0 0 0 0
    131 255 42 255 230 148 222 255 243 161 255 217 2 2 82 171 0 255 88
    114 204 117 161 95 255 154 99 195 84 0 237 157 207 24 144 0 33 0 99
    89 36 0 142 159 0 132 0 58 255 239 93 236 0 0 158 99 155 237 174 115
    208 255 0 14 0 232 224 16 0 89 179 116 157 83 255 192 184 249 255
    255 19 255 69 74 255 243 255 255 37 252 47 0 0 193 255 204 255 159 8
    0 92 88 69 74 119 0 52 0 0 255 255 255 0 0 0 84 106 163 33 118 255
    255 0 255 131 18 148 38 7 37 255 255 255 241 255 116 255 255 82 72
    73 93 53 219 88 247 89 20 131 182 225 66 252 110 140 225 36 255 0
    255 251 102 174 0 147 242 146 11 61 231 237 0 7 0 109 226 0 255 0
    108 0 86 255 27 58 0 239 89 255 0 0 150 146 12 64 255 194 255 101 0
    245 255 38 221 243 255 217 255 0 255 97 255 36 175 34 255 0 59 255
    187 255 223 35 99 149 255 36 255 106 2 0 29 89 61 255 214 2 0 72 243
    0 255 228 255 0 208 236 197 0 21 255 0 204 103 0 94 68 255 152 201 0
    69 3 199 189 64 72 122 255 32 32 212 0 34 0 101 147 0 250 179 0 162
    0 255 209 227 156 255 159 77 169 194 59 0 148 62 182 255 0 0 0 150
    255 0 255 131 176 0 255 255 235 43 0 0 189 10 169 236 0 255 93 0 229
    251 21 3 123 212 102 179 11 0 237 165 189 183 0 106 98 138 97 179 0
    243 255 0 255 4 0 25 0 210 144 0 255 213 223 49 16 14 218 18 64 139
    133 118 4 255 58 138 38 255 134 208 46 255 0 58 218 0 0 0 255 0 190
    12 131 27 171 0 246 8 147 189 179 231 76 82 18 73 108 152 255 82 130
    10 255 70 0 0 250 147 215 37 24 0 0 0 24 90 28 0 109 77 14 232 201
    255 0 255 169 255 227 0 164 123 0 125 139 255 255 208 226 0 91 255
    19 129 32 103 199 112 120 8 255 14 186 223 213 225 233 255 125 255
    81 255 179 154 255 18 169 197 187 0 228 50 250 255 234 109 17 241 0
    129 103 0 129 4 26 136 153 255 255 194 225 208 0 0 255 117 186 161 0
    173 0 172 236 14 17 0 133 200 116 0 76 0 94 71 43 0 0 0 252 67 38
    255 86 255 233 228 253 0 0 255 255 29 50 255 130 246 255 158 0 255
    34 255 62 69 255 255 205 255 242 34 129 0 11 105 255 255 189 0 229 1
    220 36 213 219 255 80 212 182 0 36 0 34 61 181 255 219 41 144 213
    143 26 8 255 0 255 156 255 255 255 210 255 243 90 194 15 35 244 30
    255 207 135 45 166 121 233 246 166 255 93 0 2 214 30 35 79 0 66 135
    255 0 24 186 255 182 130 0 170 211 53 219 89 16 0 255 95 63 255 226
    135 0 46 23 185 245 46 255 97 0 255 0 255 255 207 255 255 155 169 0
    0 0 125 0 0 255 13 26 0 235 184 0 255 255 0 255 181 122 115 174 75
    254 77 255 0 4 43 0 170 55 243 0 107 225 255 63 255 255 0 0 11 0 255
    247 0 180 61 77 245 255 141 13 183 88 130 247 235 148 146 0 0 239 0
    0 223 46 222 49 0 181 255 38 255 71 146 255 210 5 0 159 74 30 230
    118 0 0 0 0 1 228 54 0 54 0 16 86 0 155 87 255 245 13 0 132 0 3 221
    255 165 173 132 174 0 25 255 100 64 36 249 183 148 105 21 221 205 18
    192 255 0 0 0 68 65 0 4 0 0 251 36 5 26 218 7 0 216 255 197 255 212
    96 20 30 203 59 255 58 213 9 194 0 0 180 255 148 174 255 0 198 73 0
    222 61 235 255 255 176 255 0 17 180 0 186 0 174 42 255 255 179 255
    255 0 0 0 0 25 0 0 255 160 221 61 255 255 225 143 255 155 0 101 15
    254 255 83 139 0 255 255 207 97 0 0 193 0 0 177 0 209 0 72 145 94 76
    213 0 95 136 18 0 0 79 118 158 0 7 159 255 195 0 247 0 190 111 67
    168 102 255 255 170 0 171 30 0 148 0 127 232 255 192 11 108 121 229
    255 255 51 192 255 39 58 27 139 135 93 3 255 91 112 246 157 4 97 23
    0 255 23 255 255 154 238 255 93 0 52 2 178 30 0 0 156 173 0 66 0 82
    98 84 179 216 196 255 221 94 12 104 255 182 255 255 235 255 0 128 0
    30 255 0 144 121 122 255 255 0 0 212 255 124 0 175 207 231 86 16 0
    255 212 232 74 95 87 134 255 37 255 57 0 123 15 217 0 127 255 117
    187 125 255 255 218 255 255 143 204 113 255 255 255 164 196 111 174
    39 0 255 40 255 255 222 155 197 244 255 0 0 255 0 68 132 0 255 82 6
    255 186 255 160 95 95 0 243 255 187 86 0 12 0 153 255 0 87 69 47 204
    0 0 168 11 192 10 255 10 255 255 138 0 0 100 126 170 255 138 255 0
    255 244 255 0 49 88 231 255 169 255 255 173 46 0 110 255 199 8 255
    52 198 223 111 221 51 67 156 49 124 255 255 99 132 77 131 240 255
    124 188 183 240 93 170 0 0 255 245 92 70 255 0 225 77 55 255 139 255
    245 68 144 255 255 255 242 194 207 255 99 0 23 147 235 218 255 255
    62 175 229 108 147 255 142 126 0 140 121 0 255 73 83 255 97 204 132
    148 145 219 9 255 72 5 195 211 169 252 0 255 130 70 255 189 255 255
    255 0 163 205 204 0 0 0 141 221 91 254 186 70 193 172 0 183 108 138
    0 53 82 0 0 0 255 204 0 114 165 0 167 162 35 162 186 2 0 85 0 0 67 0
    177 111 0 193 158 0 38 0 255 255 172 162 0 0 255 90 60 0 80 0 250
    126 0 172 182 97 0 242 0 81 176 255 0 148 255 127 63 196 0 67 170
    184 18 249 50 151 0 255 81 0 15 125 0 128 22 145 255 255 130 255 223
    255 255 207 30 157 51 158 68 255 55 12 215 0 255 167 65 189 49 67
    223 86 167 158 243 159 248 182 44 180 61 255 0 0 255 33 28 0 255 255
    25 98 59 233 66 0 45 193 254 3 139 255 102 95 169 255 233 165 0 211
    69 148 27 236 255 158 28 255 102 255 118 0 79 255 0 255 48 0 0 0 143
    118 228 33 213 255 13 0 255 0 35 255 47 255 200 227 255 160 44 102
    207 184 85 0 167 105 0 44 255 38 131 94 255 0 0 150 0 0 0 0 192 255
    47 87 54 0 117 201 186 172 255 151 147 85 177 68 111 68 100 255 255
    187 5 39 255 44 157 255 17 0 61 255 47 133 78 22 17 255 160 0 96 89
    0 0 130 0 135 145 217 226 0 161 255 0 177 34 183 118 132 0 0 162 255
    217 214 185 0 63 44 255 255 6 177 17 39 0 0 0 0 184 255 0 175 0 89 0
    95 37 107 241 213 255 230 87 31 71 0 19 114 74 0 0 113 60 255 255
    188 93 255 237 211 0 215 138 0 7 3 0 255 255 104 255 218 169 90 178
    109 237 182 119 65 118 130 102 0 219 53 30 255 8 0 0 0 228 191 0 209
    0 46 255 200 227 255 194 181 0 255 255 0 94 88 252 73 250 41 136 255
    0 255 0 0 86 5 62 201 0 214 146 255 244 0 255 0 206 245 73 255 227
    76 182 247 152 255 0 222 255 254 187 144 0 76 255 255 0 184 255 0 58
    16 2 35 103 0 255 107 6 31 104 77 0 0 118 236 255 98 0 31 51 191 217
    0 0 255 36 40 17 30 212 105 0 149 197 212 0 255 0 255 255 117 212
    148 255 80 196 24 177 255 0 132 255 158 255 106 190 38 128 137 255 9
    255 109 202 231 41 242 8 255 255 11 65 216 99 23 92 2 189 255 255 35
    255 0 138 0 255 184 223 67 196 0 138 0 103 104 90 186 241 16 255 190
    6 141 152 60 131 231 77 212 255 184 255 108 102 181 0 101 186 141
    193 255 193 0 207 180 7 242 226 177 255 66 0 255 159 205 6 117 203
    190 0 74 74 0 51 251 122 34 17 48 175 0 56 110 255 71 108 149 255 75
    0 169 217 248 255 0 63 0 214 255 212 191 16 90 0 0 244 164 74 0 135
    70 246 124 206 255 255 2 211 192 76 249 116 192 158 88 0 0 0 29 240
    0 34 158 103 0 93 230 168 255 75 138 193 0 138 101 255 255 212 0 172
    255 16 254 54 0 114 0 230 25 86 173 128 181 52 57 38 206 0 128 239
    224 64 219 238 0 136 255 83 172 151 0 249 149 217 97 64 203 118 173
    255 0 230 231 189 137 189 199 213 250 98 78 255 244 0 230 212 0 248
    157 255 215 202 88 0 255 62 255 147 69 0 23 100 0 180 121 217 213
    152 0 31 191 255 255 76 102 0 94 255 0 14 246 176 72 77 255 0 28 248
    231 208 255 129 255 0 255 0 0 248 0 0 165 184 195 104 255 125 0 227
    143 0 215 52 255 88 0 194 255 255 138 255 132 189 73 255 255 235 103
    69 255 205 0 14 90 255 154 255 151 100 193 0 0 35 0 255 3 0 90 94
    116 102 0 255 176 191 242 66 216 131 255 255 0 0 107 255 191 45 255
    243 3 0 246 233 0 153 201 244 154 207 98 155 255 229 255 28 0 0 83
    196 93 0 255 255 245 17 153 72 0 168 0 119 0 217 165 0 0 184 0 21
    188 43 119 85 228 197 0 255 159 64 22 220 110 92 0 255 255 71 0 13
    67 108 111 206 197 255 207 112 164 113 2 17 3 255 0 188 0 108 108
    111 159 0 145 255 255 42 255 0 224 216 51 115 87 0 255 110 0 91 255
    151 239 255 58 246 179 255 176 213 245 255 227 126 179 130 243 106
    54 255 160 41 255 37 73 255 255 21 103 81 255 0 255 0 31 0 167 62
    255 115 2 223 104 255 255 105 131 171 111 0 0 204 103 255 0 235 132
    172 95 0 161 255 1 113 255 26 255 201 246 138 255 117 255 255 201
    255 209 95 41 74 51 255 255 24 156 0 0 0 255 115 255 223 0 255 121
    243 91 255 244 0 142 238 0 255 162 255 96 0 53 17 255 255 52 241 250
    57 100 222 40 107 133 255 255 0 255 12 255 136 223 149 255 255 255
    255 255 109 36 0 0 240 178 81 18 255 25 0 16 227 0 93 225 138 0 39
    142 236 160 255 89 75 6 0 225 86 35 183 241 0 183 84 144 246 255 0
    139 155 237 180 255 255 0 69 121 106 255 225 157 230 0 255 0 96 0
    113 34 0 249 255 232 46 180 0 0 32 0 179 255 150 180 0 24 255 0 62 0
    151 29 255 161 36 198 0 60 180 255 255 255 137 25 187 242 170 0 0 0
    135 246 255 83 0 0 0 189 0 136 0 76 255 137 186 192 98 255 98 116
    146 165 152 204 0 23 0 134 255 169 197 148 96 0 0 0 108 255 252 21
    102 96 74 30 0 35 0 144 190 178 16 255 255 255 181 180 41 81 174 86
    0 0 83 225 143 255 63 12 49 255 255 131 0 144 24 159 103 49 24 31 7
    222 28 190 33 57 0 236 218 255 210 68 192 22 209 146 73 167 255 197
    255 255 27 255 156 171 0 84 0 87 201 54 0 90 186 37 189 108 127 48
    158 132 255 0 255 240 113 59 255 0 89 13 0 255 0 106 217 254 128 230
    176 0 0 0 1 204 0 255 0 255 137 0 229 20 245 179 255 175 255 230 44
    214 206 255 255 0 216 255 20 30 124 255 0 255 101 21 0 43 166 49 126
    89 210 0 87 255 255 34 178 39 236 210 255 255 255 6 238 0 0 0 223
    242 161 0 231 172 8 0 90 255 130 230 160 255 255 134 197 228 0 114
    111 253 64 54 218 213 4 255 196 3 0 71 255 124 255 242 32 0 255 62 0
    2 223 129 87 132 171 255 194 239 239 18 67 0 182 237 153 130 255 180
    255 191 58 255 205 153 119 255 45 255 24 255 169 21 219 250 172 10
    166 132 0 0 27 255 37 255 128 172 79 126 0 252 19 255 193 207 255 42
    255 133 162 142 202 161 255 255 182 64 16 37 149 255 179 210 151 248
    184 24 57 14 107 255 129 34 0 72 41 8 5 0 255 255 255 68 31 159 215
    0 0 16 149 215 0 36 255 71 123 255 214 59 0 191 206 8 255 250 255 82
    74 255 255 0 0 172 164 0 164 132 16 64 49 255 0 0 0 255 209 105 0
    172 0 0 252 255 37 143 255 59 138 250 0 255 255 41 153 79 0 7 240 0
    0 95 178 41 180 3 32 255 255 233 179 113 186 255 117 38 2 230 45 255
    0 0 84 75 0 201 51 144 133 161 43 84 39 86 172 255 0 0 255 34 3 141
    62 172 195 0 190 163 142 255 0 250 141 209 0 255 255 255 115 0 255 0
    107 211 53 255 0 118 175 88 158 103 255 231 0 243 233 40 255 153 255
    24 0 255 237 113 183 81 0 104 107 36 0 206 108 0 143 186 68 0 155 79
    0 0 48 219 86 78 238 0 132 54 102 255 0 0 179 0 0 255 49 0 81 62 255
    139 188 206 29 254 255 0 199 147 255 24 19 0 255 255 169 53 36 108
    213 87 27 0 255 176 0 92 62 0 0 0 255 0 145 255 93 50 0 0 255 0 0 0
    231 19 20 255 255 101 255 105 131 0 255 0 95 204 119 74 255 174 126
    56 255 255 65 90 160 255 12 248 146 202 208 13 160 255 0 173 0 24 0
    255 187 255 251 123 0 239 255 201 54 40 152 40 101 238 0 86 243 31
    150 89 255 255 0 0 187 213 0 194 185 68 21 255 245 0 14 0 255 0 0
    191 255 5 45 255 84 202 187 60 0 20 255 133 188 76 0 168 47 25 58
    255 49 28 255 18 227 44 9 64 0 220 133 255 180 255 255 144 93 17 255
    252 255 131 66 162 101 255 20 255 255 34 6 255 151 0 0 255 83 237 0
    227 159 255 70 255 127 0 0 245 72 0 150 255 0 81 169 182 246 14 82
    224 0 197 255 180 0 115 150 217 109 0 170 0 96 1 255 194 255 0 33
    255 134 80 39 196 59 232 0 77 134 227 217 155 255 255 190 127 82 222
    132 255 146 238 0 186 97 69 161 255 48 0 82 72 195 183 168 248 112
    255 35 188 129 86 0 244 235 137 0 0 162 0 174 35 255 218 84 0 74 142
    37 77 41 112 173 198 193 255 255 84 255 47 190 46 192 255 0 162 255
    0 219 0 47 40 165 68 0 72 0 0 238 223 255 0 0 206 152 71 229 81 213
    168 131 190 0 170 122 128 255 100 167 255 100 184 15 73 0 168 187 0
    25 5 255 229 255 255 0 27 255 220 66 126 100 65 0 251 255 255 0 0 49
    21 86 201 255 0 0 255 247 21 228 193 205 34 132 68 0 119 85 0 255 63
    119 0 0 244 127 70 255 80 0 205 0 158 43 227 255 147 0 43 177 255
    128 207 168 255 143 9 154 221 0 0 170 198 0 0 142 0 0 141 32 27 255
    239 202 0 0 25 0 255 6 28 120 36 17 223 0 255 0 57 60 151 255 233
    149 231 0 240 0 88 255 219 25 174 8 189 124 0 114 120 153 0 255 0 38
    69 184 5 6 205 41 0 161 255 9 255 255 40 136 180 255 210 0 255 214
    255 173 199 0 0 69 254 201 255 52 255 143 0 211 234 106 126 0 184
    255 156 0 255 57 0 255 10 255 201 74 99 131 255 43 154 255 234 0 167
    112 0 119 255 79 245 201 141 0 124 190 115 97 28 219 249 255 0 255
    174 0 138 85 255 90 0 93 76 157 76 76 255 182 255 255 255 147 9 255
    10 0 255 230 255 112 255 129 0 15 0 47 246 22 103 137 0 112 157 0
    113 33 120 255 16 209 30 255 0 11 240 0 16 255 2 100 255 0 141 28
    255 0 98 255 145 70 134 159 255 159 26 255 80 73 255 53 97 172 188 0
    1 49 209 200 0 41 0 0 19 144 100 0 255 255 131 214 0 2 95 241 143 0
    0 0 155 108 0 136 11 184 203 255 154 128 255 0 255 159 255 255 0 49
    0 0 0 238 58 255 250 168 128 0 0 34 60 0 192 255 255 164 255 53 131
    0 57 255 0 253 34 87 30 0 255 42 172 185 69 0 34 255 0 0 240 0 139 0
    255 84 209 0 0 0 60 32 81 189 0 255 116 134 255 191 74 59 255 0 0 9
    149 30 65 109 255 15 143 0 255 236 203 161 197 95 254 196 255 153
    249 255 162 255 255 139 248 170 173 255 53 99 0 56 0 76 249 255 255
    96 85 0 164 255 118 108 255 236 0 0 0 0 204 193 180 0 255 0 104 232
    13 255 8 0 144 0 241 239 0 255 78 149 243 193 91 4 85 122 81 145 243
    216 129 0 174 121 0 0 186 243 59 24 76 255 255 32 156 141 61 191 250
    148 255 188 190 255 255 26 163 255 213 5 5 0 255 48 119 67 0 255 200
    160 255 255 163 0 0 0 0 0 255 84 113 137 139 0 201 166 0 32 0 173
    255 35 255 169 84 255 139 255 186 39 0 255 40 21 54 0 0 87 6 34 0
    100 0 244 255 135 57 0 214 0 220 0 255 241 123 164 0 115 0 0 79 217
    255 0 0 255 163 255 24 146 192 255 255 50 0 249 143 0 255 0 100 0
    214 133 190 221 0 61 49 121 128 183 0 0 117 0 0 137 255 228 0 255 60
    84 0 24 145 255 170 255 255 136 255 255 216 146 144 36 133 0 239 253
    255 0 21 255 0 5 45 191 133 247 0 26 209 16 15 255 35 255 0 150 255
    209 99 184 183 37 197 227 161 34 255 144 255 51 240 55 18 180 4 9
    203 233 0 192 158 255 132 0 189 0 0 231 0 233 170 0 255 255 255 240
    38 0 82 0 74 96 108 248 255 235 169 117 255 37 0 255 13 29 89 244
    255 89 177 87 255 40 128 217 80 255 247 0 255 119 50 179 255 89 25
    255 209 224 242 221 216 255 200 26 165 255 84 0 0 62 160 254 0 0 20
    0 72 206 255 117 76 255 0 61 225 0 0 70 15 0 110 255 255 255 254 0
    44 0 0 0 128 40 0 140 133 0 41 190 224 195 68 81 0 126 5 147 200 178
    0 255 131 255 117 117 4 43 0 212 227 27 7 255 70 102 118 17 116 255
    48 255 0 0 255 0 233 77 207 255 0 123 140 255 133 187 213 0 128 93
    27 0 255 90 255 255 73 197 255 93 164 53 124 29 0 255 255 78 212 255
    0 0 170 255 255 94 45 218 255 0 61 110 158 202 81 255 33 0 26 171 30
    0 79 255 105 242 237 69 46 88 0 49 151 32 0 255 255 232 255 203 18
    255 0 40 0 57 176 0 0 227 146 0 61 105 0 255 13 208 13 0 0 253 162
    127 0 0 167 110 178 0 61 3 114 141 2 0 27 0 255 89 229 151 28 172
    104 236 64 91 183 255 255 0 0 56 251 69 130 108 111 210 30 0 242 23
    255 0 122 249 236 255 255 21 255 111 0 255 225 69 122 181 163 157 0
    169 21 151 0 195 134 20 255 158 255 140 146 21 225 255 29 112 130
    119 211 255 29 0 29 255 49 34 111 157 155 226 132 176 97 41 14 0 236
    243 200 0 0 50 33 255 0 248 255 0 24 0 102 12 15 0 156 255 18 14 156
    63 16 250 0 0 255 28 130 0 144 252 0 38 255 0 13 0 88 0 109 150 170
    223 0 255 255 255 0 0 255 0 187 255 194 0 175 0 21 242 27 83 92 0
    255 25 2 194 236 113 137 114 248 255 18 0 99 255 0 2 30 29 255 81
    255 109 19 255 171 77 255 255 250 255 255 255 0 196 0 0 71 255 135 0
    0 152 215 0 255 166 92 248 239 12 164 165 255 105 255 241 96 169 0
    255 1 0 152 61 45 159 232 206 249 233 45 255 253 0 243 255 216 51
    255 255 0 6 255 238 255 0 45 0 0 204 76 56 91 0 107 126 194 0 252 0
    46 255 74 42 252 118 207 80 38 206 255 17 255 240 231 255 0 149 255
    47 12 0 255 95 84 0 97 251 65 112 255 36 196 255 24 0 217 54 0 22 0
    0 160 248 255 16 0 58 76 248 49 255 153 222 0 255 255 55 0 32 0 68
    255 0 7 0 9 123 10 0 255 202 240 2 199 91 202 18 135 200 255 84 81
    64 47 0 0 80 255 122 98 255 165 183 255 113 0 48 43 0 213 0 38 245
    247 86 255 0 0 0 0 178 247 134 38 229 0 255 251 255 233 0 0 0 202
    189 75 8 115 0 56 12 255 7 240 251 162 255 255 255 186 78 112 251 81
    104 255 173 97 76 101 255 56 255 150 255 0 238 0 0 192 216 0 155 120
    255 0 0 0 173 5 0 29 119 52 255 153 255 162 147 255 0 213 138 0 74
    255 126 255 96 125 128 255 245 1 184 255 255 255 180 0 2 255 120 30
    255 209 255 186 0 175 0 105 0 255 249 0 255 75 126 116 0 107 255 45
    255 0 190 77 33 0 221 28 255 0 247 0 130 182 37 255 0 174 142 255
    255 52 73 156 0 13 95 249 81 0 0 255 28 0 255 255 90 3 183 248 227 0
    20 242 255 115 87 255 200 105 171 255 255 25 255 254 255 29 83 172
    164 0 255 155 255 0 0 75 0 114 79 31 51 182 255 44 255 16 255 84 176
    0 0 138 111 0 90 0 255 175 133 0 205 22 70 87 0 251 241 0 255 126
    255 255 214 255 27 241 185 7 106 255 0 135 37 255 255 255 240 41 161
    0 255 116 32 149 193 255 175 132 81 81 92 89 31 0 85 227 16 218 0
    188 91 26 0 57 255 255 175 186 122 0 171 255 61 0 167 7 128 208 53
    255 136 129 255 21 21 14 144 115 222 255 62 11 17 186 0 255 135 201
    255 63 20 255 112 214 0 255 0 0 194 5 0 0 122 0 0 255 62 62 255 255
    181 0 119 247 23 36 70 49 122 55 255 6 103 121 0 0 148 13 0 181 255
    255 255 40 0 103 250 0 255 108 255 181 9 0 82 209 0 157 22 218 255
    115 188 0 255 155 125 255 197 244 162 255 101 255 255 0 101 255 255
    66 116 0 0 7 83 255 243 210 0 110 255 32 0 145 195 251 78 43 114 0
    255 238 255 175 49 251 80 143 255 255 175 0 103 74 176 255 93 41 254
    0 220 75 129 96 176 36 20 227 247 200 123 187 153 0 0 117 222 0 140
    255 207 158 87 255 160 120 125 0 174 15 110 60 41 255 0 255 96 210
    255 229 99 46 0 39 3 0 196 80 96 0 228 62 157 255 4 255 93 121 208
    237 166 0 133 121 255 28 0 240 150 145 226 0 152 255 57 200 81 159
    49 255 236 110 119 0 255 0 0 0 70 74 214 244 255 255 133 120 68 255
    0 0 55 0 108 255 58 255 255 255 111 0 103 0 0 59 14 0 192 0 209 70 0
    11 255 255 0 255 85 255 4 20 166 255 196 0 48 0 233 255 7 0 99 73
    191 192 255 255 253 54 176 185 53 123 69 127 67 159 143 255 203 234
    255 245 11 255 255 0 0 51 73 31 0 87 14 87 187 0 158 255 33 0 0 0 4
    253 255 209 84 0 0 67 0 255 63 255 70 255 0 100 94 190 0 219 125 198
    111 0 221 128 31 212 134 202 41 247 244 131 0 16 70 255 0 84 117 61
    142 173 255 51 0 186 207 207 24 230 221 114 59 103 255 0 255 103 255
    255 78 112 255 27 255 255 255 14 131 184 15 65 0 0 26 0 142 2 42 237
    255 243 213 149 205 0 178 0 255 0 125 207 22 10 39 255 255 67 255
    220 0 0 43 146 255 0 10 166 79 147 32 0 255 0 0 27 255 160 255 166
    90 0 137 0 39 68 181 238 255 0 8 75 4 255 0 74 122 143 255 255 60
    206 24 99 219 34 0 0 0 255 18 0 255 42 36 200 0 255 159 169 0 174
    227 183 0 255 177 135 140 0 0 187 255 184 183 255 0 0 12 4 47 146
    137 0 0 224 192 0 0 192 21 208 182 255 151 255 248 23 103 236 0 0 79
    171 21 94 255 227 107 47 25 86 108 19 255 120 0 66 45 255 223 47 171
    0 0 86 255 237 252 255 255 255 255 219 199 0 0 0 0 83 72 235 8 224 0
    73 106 255 0 0 103 0 193 255 145 156 123 57 0 0 90 0 0 0 16 234 127
    108 10 185 255 218 16 17 139 0 255 195 71 157 184 255 201 139 0 81
    23 89 53 136 1 0 255 0 255 0 155 121 244 38 60 217 215 0 15 198 96
    112 200 188 255 166 255 0 67 141 144 255 18 58 255 255 140 79 0 228
    194 59 67 51 255 255 84 237 0 245 198 0 153 136 0 255 40 46 38 255
    120 0 0 104 243 90 250 214 0 255 0 116 154 0 87 83 0 158 233 255 42
    195 24 255 42 161 207 7 255 255 160 171 255 255 167 248 145 75 214
    255 25 255 0 0 89 166 195 22 94 138 255 255 145 59 254 0 0 94 103
    116 255 233 227 0 129 14 92 255 255 255 82 59 7 99 255 207 243 195
    255 0 255 89 255 113 199 255 255 0 0 122 48 29 62 255 160 31 250 255
    155 66 87 0 239 36 255 62 255 210 100 240 0 255 0 43 236 186 230 195
    254 55 255 147 190 112 162 82 255 81 0 61 255 255 71 176 255 102 48
    235 249 255 242 43 208 0 220 169 255 56 208 65 255 7 0 82 0 0 10 0
    96 254 170 255 3 0 255 0 255 1 121 40 0 78 255 30 255 0 56 0 255 112
    159 181 215 136 28 0 45 255 36 98 182 82 255 0 0 255 218 111 148 0
    86 97 114 169 0 255 172 47 0 0 153 160 217 82 98 252 0 153 188 69
    111 255 149 93 0 77 17 234 255 0 77 255 255 0 221 0 211 182 193 237
    255 255 0 0 255 0 82 212 181 255 66 170 136 77 171 218 80 32 0 255 0
    0 142 155 137 39 100 97 50 255 151 176 66 86 228 5 0 25 0 221 255 0
    140 99 159 255 189 255 34 24 255 255 116 113 199 255 0 169 110 244
    82 77 39 0 70 211 0 255 232 10 0 0 155 120 246 136 255 157 20 0 89
    71 43 98 154 214 255 93 50 255 255 0 62 47 0 0 254 0 10 226 0 153
    255 0 13 255 60 162 0 50 0 28 255 8 158 122 154 203 183 0 250 0 255
    16 255 176 255 75 164 219 0 56 255 24 12 163 146 236 247 9 255 255
    33 0 127 255 0 82 255 0 250 255 207 218 18 255 0 0 176 245 255 45 0
    144 0 0 198 100 45 96 32 255 255 0 255 205 53 187 255 255 30 38 99 0
    213 61 255 0 255 74 239 255 173 75 120 145 31 255 0 255 196 255 255
    0 255 78 185 255 152 125 116 70 255 186 255 198 191 23 120 255 143
    155 166 0 58 255 64 0 140 203 215 67 0 210 125 245 0 36 219 152 208
    207 178 179 84 255 52 0 33 172 240 96 59 2 0 0 108 42 255 0 44 255
    203 218 147 0 0 34 160 222 156 255 247 183 0 27 0 52 94 220 68 203
    66 67 255 164 120 0 205 247 137 255 50 116 124 91 208 0 225 5 205 76
    255 240 217 0 255 150 39 111 255 120 16 0 150 215 148 110 194 208
    159 68 0 255 220 153 0 86 255 129 193 255 162 255 221 255 194 0 23 0
    0 8 25 16 216 0 239 63 255 185 0 250 255 14 173 28 14 255 255 255
    127 255 248 170 201 68 231 255 67 255 164 45 151 255 126 87 0 253 43
    177 199 255 96 146 193 86 200 255 29 0 255 185 218 207 0 134 111 145
    176 0 255 146 51 9 19 0 92 0 220 55 0 13 255 20 255 221 223 232 0
    248 255 7 0 231 255 190 138 0 137 255 168 0 248 0 0 21 255 255 255
    196 0 115 255 89 77 255 237 255 51 129 255 248 155 7 255 0 0 77 106
    186 255 232 92 147 255 22 0 0 122 0 0 237 35 18 125 213 255 0 174
    216 255 69 65 0 255 251 0 134 0 138 0 245 140 78 110 242 145 188 94
    215 8 119 143 43 208 86 255 0 255 255 0 1 255 255 127 39 255 0 232
    97 42 0 0 176 255 0 238 123 62 239 160 147 194 255 89 40 204 249 207
    242 255 218 245 0 67 255 3 8 255 112 191 52 171 196 152 45 1 97 131
    255 105 255 255 75 191 255 255 0 255 195 230 72 212 112 255 102 0
    230 113 115 67 146 144 241 211 0 213 23 113 0 255 0 141 50 79 255 43
    172 10 141 0 255 0 134 13 23 68 140 155 140 255 120 0 8 118 104 0
    195 49 176 0 154 7 255 111 15 0 251 173 188 255 209 152 0 93 162 209
    0 124 0 0 44 106 255 247 173 231 0 238 255 54 0 174 60 255 9 255 139
    160 195 184 33 41 255 0 24 219 130 199 187 35 0 255 144 255 69 0 209
    215 197 167 139 100 116 22 89 0 191 124 255 255 73 167 255 255 150
    198 255 224 137 138 255 250 0 169 254 172 74 255 0 255 145 146 4 240
    61 255 0 112 23 0 95 20 143 189 181 66 68 0 210 255 0 255 216 77 97
    0 207 110 190 255 255 56 0 58 80 107 55 0 0 214 80 115 62 0 5 119
    217 168 112 89 222 244 224 44 219 0 255 170 175 213 77 49 0 255 255
    0 179 198 0 181 50 65 255 0 101 159 0 71 194 160 255 147 204 41 93
    185 255 255 69 0 255 255 0 56 9 16 68 230 18 224 223 202 33 234 176
    171 255 248 243 160 128 123 174 18 188 255 255 76 157 0 255 81 199
    74 104 0 120 0 0 41 255 227 251 255 84 233 92 230 0 255 255 82 107 0
    31 253 58 41 129 255 0 0 17 255 156 255 18 126 0 138 255 255 75 255
    225 52 255 150 255 245 0 245 80 232 0 0 0 0 0 0 4 54 229 79 66 255 0
    84 255 80 68 255 126 255 78 48 0 56 76 185 87 79 126 165 15 78 122
    137 232 219 80 68 198 0 255 222 196 194 230 187 0 0 229 197 42 255
    22 255 0 122 255 197 10 200 195 33 246 16 163 222 208 41 134 255 38
    122 239 162 0 213 120 0 0 74 37 227 185 255 24 80 251 159 0 149 101
    136 0 17 59 0 158 170 255 255 6 222 33 0 64 167 139 192 70 58 106
    174 195 0 5 232 255 0 120 0 157 0 118 0 255 17 154 60 188 46 134 0
    255 160 21 184 180 231 16 210 36 238 206 111 161 255 255 207 190 54
    179 217 255 190 28 0 0 255 13 0 255 255 255 52 255 158 0 95 255 186
    98 235 83 46 1 201 206 0 63 227 0 0 8 0 6 243 178 255 248 221 177 31
    255 199 254 79 0 0 165 192 76 30 0 170 150 255 25 41 193 12 172 102
    137 155 0 207 0 255 36 191 209 134 29 0 0 230 7 255 208 255 141 0
    255 193 255 96 0 0 113 174 0 52 38 80 194 255 229 0 255 83 69 255
    255 0 0 0 255 209 139 0 255 141 241 255 36 220 255 71 69 155 84 61
    90 0 0 53 0 38 0 193 224 204 151 185 136 167 107 232 255 0 0 49 0
    255 13 107 251 255 255 255 17 0 246 0 52 0 0 255 151 193 255 84 255
    255 89 232 255 202 0 72 255 77 101 255 70 29 60 255 33 104 66 102 62
    162 189 192 255 0 185 255 168 255 170 210 245 11 224 247 151 0 255
    255 193 255 107 147 103 60 17 42 0 97 34 0 100 0 134 255 93 144 169
    162 0 33 81 255 0 84 57 110 255 123 255 210 247 86 144 0 255 0 94 59
    255 255 0 55 255 9 255 255 70 206 0 55 240 241 43 255 0 18 0 255 255
    138 142 0 2 198 255 75 255 135 32 170 0 221 0 76 255 34 159 255 29
    229 227 255 215 174 231 255 119 188 97 47 0 211 146 0 125 199 248 18
    0 55 184 147 0 0 247 104 92 13 114 70 0 12 105 185 200 255 252 0 0
    13 46 168 142 168 215 234 255 0 3 179 57 255 171 236 236 175 129 0 0
    0 40 70 244 168 231 203 77 210 201 255 45 0 255 30 106 165 129 85
    255 183 80 0 248 0 0 0 255 0 187 100 255 142 132 217 248 162 211 105
    188 214 34 0 200 84 218 255 110 5 172 176 164 255 189 255 132 179
    255 255 145 255 253 70 0 162 191 0 228 105 255 255 0 255 123 134 138
    140 125 255 255 55 125 209 171 255 70 252 226 148 155 4 196 0 128
    255 255 99 163 255 255 193 96 153 167 211 230 106 86 48 255 0 158
    235 255 0 18 255 255 255 181 0 131 0 56 105 46 133 94 149 255 215
    237 255 193 130 255 255 150 79 126 153 0 196 171 203 244 152 0 20
    232 170 0 17 115 99 204 0 4 255 52 255 183 154 122 73 0 0 0 51 79 0
    155 255 21 144 178 255 170 143 21 185 255 0 35 19 0 0 22 52 83 13 39
    255 255 255 255 115 0 79 0 92 186 0 0 69 101 0 255 34 0 0 255 255
    202 255 211 212 30 0 46 29 22 5 255 248 154 0 33 255 173 195 255 255
    9 0 0 108 148 18 194 172 255 78 0 45 0 172 0 13 211 59 192 99 169
    250 59 245 255 168 201 92 162 0 161 187 255 245 235 215 132 221 200
    124 69 139 201 255 122 0 0 0 232 0 217 0 146 0 0 250 0 237 54 190
    212 4 153 59 15 105 209 105 255 255 0 191 195 124 0 119 255 0 92 255
    255 0 0 24 255 0 34 244 8 92 3 29 88 226 146 189 70 255 0 150 58 0
    255 204 0 223 210 25 219 115 13 74 255 0 197 226 255 77 202 255 123
    196 0 132 0 39 0 255 255 131 138 136 252 0 0 137 255 255 0 190 255 0
    8 161 188 40 0 255 0 225 0 173 8 202 148 129 255 255 0 255 200 151
    242 205 212 0 0 147 0 90 255 179 117 0 71 0 255 142 255 82 157 169 0
    25 255 255 255 255 61 196 11 227 0 255 242 0 108 1 57 27 0 255 191
    80 255 184 139 94 26 0 218 54 159 0 193 0 61 150 0 133 0 211 137 0
    255 255 45 230 0 227 0 255 99 147 217 255 139 97 119 189 0 109 32
    182 0 255 90 202 252 0 141 0 147 0 101 255 93 153 0 161 33 124 255
    23 255 255 255 225 0 105 4 96 47 0 71 0 242 176 175 0 127 255 216
    145 255 151 255 213 0 100 248 0 207 83 104 51 166 203 130 0 251 48 0
    255 87 255 6 0 255 30 0 0 13 70 0 104 0 0 47 28 255 255 153 170 0 6
    255 255 255 244 255 255 0 0 86 255 0 38 255 255 255 173 255 0 71 45
    193 52 0 152 227 237 16 139 68 91 203 10 80 255 0 255 93 52 174 160
    70 37 255 212 0 255 72 119 44 0 144 133 255 0 166 98 0 0 8 175 15
    255 88 95 97 92 40 201 151 0 0 0 0 0 255 227 255 255 62 168 55 255
    161 68 255 158 255 77 148 0 133 255 0 255 255 48 140 0 0 111 0 253
    54 117 57 114 21 250 105 255 24 77 0 59 0 43 237 19 255 174 255 255
    206 83 177 46 0 41 102 0 0 126 255 58 184 77 75 244 112 210 255 3
    123 0 135 172 108 76 0 144 36 23 170 0 203 211 161 255 98 0 127 0 0
    0 111 217 210 31 255 160 71 24 222 123 0 120 106 0 110 6 255 237 0
    183 196 177 165 213 0 0 255 45 21 198 226 26 187 0 10 56 19 197 255
    73 212 168 243 13 226 124 81 255 208 0 60 178 11 255 102 68 83 115
    91 255 236 151 245 143 188 165 111 0 255 0 76 156 255 62 163 0 29 0
    255 243 91 255 0 140 64 255 0 230 149 151 217 255 10 32 15 0 109 89
    163 255 0 255 37 94 0 101 90 3 227 103 255 46 0 0 255 44 0 255 0 123
    255 175 161 18 255 0 135 255 0 255 52 187 255 0 0 169 224 249 0 144
    38 69 255 67 255 117 35 49 197 93 153 151 255 231 137 175 255 28 232
    123 255 120 248 255 190 197 12 255 0 218 255 90 208 189 211 68 0 61
    0 21 137 52 255 171 124 255 0 60 214 125 254 52 247 110 72 164 73 0
    255 173 0 255 138 198 112 0 93 208 110 183 255 0 0 153 174 230 0 0 0
    226 11 0 11 34 255 201 137 0 121 0 8 255 227 222 161 126 250 0 255
    143 247 5 154 0 0 15 255 251 1 34 255 0 255 0 0 63 32 172 54 0 255 0
    0 0 254 0 144 252 226 93 58 0 213 233 135 92 255 103 0 186 255 54
    119 0 208 0 95 161 5 216 0 255 0 15 88 0 165 255 36 252 86 89 255 0
    168 255 0 122 224 173 222 59 255 0 255 61 244 178 255 130 255 130
    176 176 255 247 138 255 94 224 255 208 177 0 100 51 159 18 0 255 0
    11 255 255 201 0 0 0 9 0 37 253 193 255 225 100 185 255 0 154 0 50
    255 193 255 64 255 117 94 79 29 151 255 192 0 8 0 235 186 253 158 0
    9 218 75 74 0 147 255 125 0 126 224 255 255 79 255 129 29 164 255 37
    255 0 28 187 113 159 242 19 0 224 0 0 180 0 36 173 76 155 23 22 223
    255 174 98 255 201 31 94 0 176 133 0 157 0 255 176 48 243 19 0 255
    35 0 0 0 160 255 7 255 106 177 193 255 139 104 99 197 132 190 207
    253 255 129 255 94 0 0 32 47 0 255 255 101 210 90 55 0 187 141 255
    185 0 142 19 0 77 109 255 143 6 255 0 249 206 55 171 162 255 123 51
    62 255 236 0 80 111 79 159 0 255 241 74 23 129 0 2 0 175 121 255 255
    206 89 28 0 255 0 140 255 0 137 197 218 255 100 204 244 106 0 103
    255 9 68 91 255 53 1 0 205 255 0 135 69 197 14 0 214 5 147 26 255 0
    0 134 150 0 33 0 106 38 0 174 0 125 0 0 46 37 0 65 44 192 139 93 0
    175 108 0 255 255 99 0 79 239 0 201 54 0 163 0 0 0 0 0 7 178 0 0 78
    139 147 119 155 124 88 4 107 40 145 42 135 81 66 0 244 0 255 255 118
    255 255 255 0 200 64 128 212 255 177 234 62 226 120 60 0 177 190 226
    255 157 121 255 123 255 123 103 199 50 73 0 213 0 9 41 108 238 0 0
    30 255 177 0 216 249 16 204 73 91 255 0 255 0 244 162 0 0 0 0 205 99
    0 0 195 0 43 189 255 97 174 39 83 200 113 17 0 255 255 255 119 0 234
    209 0 112 92 74 140 228 49 151 157 0 255 0 44 255 204 181 130 27 29
    179 140 144 255 255 16 238 209 255 167 255 91 0 67 0 0 255 143 115
    19 255 241 22 255 0 0 134 146 13 123 255 191 200 233 0 16 71 70 125
    56 158 210 185 133 0 149 79 104 123 0 224 0 255 141 0 101 0 255 119
    85 255 0 46 124 63 206 25 165 129 41 165 204 163 92 0 108 212 128
    144 32 0 229 158 0 115 10 0 104 255 0 0 0 193 139 149 0 0 131 255
    255 102 195 0 102 80 155 214 188 0 0 71 54 102 31 200 230 251 117 25
    168 140 168 0 122 147 255 0 0 137 168 0 0 8 255 218 0 179 139 147 0
    255 193 219 153 113 255 0 7 179 253 105 158 255 91 120 255 166 59 0
    0 95 179 0 0 31 0 255 106 70 116 255 0 255 172 133 22 70 153 0 27 27
    53 243 162 255 255 0 84 255 106 142 51 255 219 222 250 71 0 153 136
    103 0 251 249 0 0 255 221 0 10 106 88 167 188 237 27 198 195 174 102
    0 0 0 174 0 140 39 84 0 50 128 215 66 154 0 29 243 51 0 55 0 0 129
    107 13 188 214 0 73 111 5 68 122 127 198 33 0 178 115 141 200 228
    255 249 177 189 255 73 0 0 136 110 7 124 255 99 255 228 31 158 127 0
    210 0 185 116 22 95 0 255 255 46 177 163 230 251 78 168 160 26 90 81
    255 255 184 127 74 0 147 255 210 240 0 180 112 0 0 19 0 255 255 35
    213 130 213 138 0 255 23 153 252 123 76 0 193 0 149 0 65 216 0 214
    74 0 151 37 219 116 0 212 249 255 255 250 196 4 195 255 255 255 245
    0 255 148 164 42 255 96 194 255 192 136 170 0 34 230 100 255 124 201
    225 0 0 0 254 0 105 0 0 255 245 10 221 0 238 0 116 0 39 120 255 44
    255 255 0 217 255 255 187 80 0 42 118 0 207 0 255 206 44 16 215 33 0
    255 138 113 157 255 75 43 81 10 0 204 255 0 226 0 0 188 228 255 0
    255 80 125 255 255 194 52 100 70 180 86 255 255 207 186 21 192 0 181
    255 212 255 255 163 7 163 0 255 188 70 193 101 7 167 129 225 69 0
    215 0 179 255 60 192 201 148 190 132 220 0 143 0 0 0 194 76 63 255
    255 255 44 233 0 0 207 250 234 216 0 0 54 17 173 255 255 0 54 169
    169 255 50 255 165 136 72 112 25 215 239 255 138 228 136 255 18 0
    255 71 0 194 255 241 15 209 196 68 149 236 0 18 234 237 1 151 255
    165 78 18 255 22 226 44 159 0 0 143 10 62 194 0 0 132 9 38 168 0 0 0
    255 39 99 83 94 255 233 194 125 0 238 222 217 0 155 192 145 0 209 0
    232 255 0 255 255 200 48 253 255 8 0 72 255 214 0 199 255 0 255 255
    87 87 223 120 25 226 149 255 131 255 255 255 228 221 0 44 110 177
    137 77 255 70 255 230 255 84 86 0 132 222 60 0 255 94 211 174 255
    230 98 40 225 177 0 129 255 120 0 59 255 255 177 159 47 255 131 0
    255 64 231 26 197 1 0 114 98 2 80 29 239 255 225 255 23 43 230 91 72
    239 255 165 232 255 0 80 61 245 255 255 255 179 247 209 0 38 255 0
    255 238 67 255 134 73 128 83 117 222 224 0 128 255 33 92 135 102 0
    90 253 50 0 29 34 232 189 117 255 248 84 179 79 9 152 190 0 150 10
    255 0 42 255 0 255 52 252 125 255 0 101 34 0 172 189 232 185 197 212
    9 0 8 80 0 0 255 0 0 30 21 124 255 255 195 93 0 255 0 112 55 0 0 69
    152 0 169 0 151 242 103 0 174 198 180 112 255 255 255 19 105 159 193
    75 138 255 190 109 255 255 153 0 201 15 0 157 115 255 115 209 0 239
    114 159 255 0 35 83 186 165 157 71 123 88 6 255 197 116 0 255 158
    235 0 255 255 126 7 105 0 33 0 0 0 255 255 0 0 255 137 0 33 71 94 75
    218 0 255 231 25 207 255 122 0 0 211 169 37 0 61 70 0 255 75 255 0
    32 255 181 78 35 35 173 0 255 251 0 172 143 159 245 202 0 29 124 99
    148 205 122 255 255 184 0 131 64 42 186 0 0 255 0 255 136 118 255 0
    0 207 0 0 2 21 255 12 137 234 210 255 74 115 11 32 66 152 179 117 95
    204 255 121 169 73 255 255 193 0 51 6 169 0 255 31 200 255 41 0 255
    189 106 0 186 9 46 137 0 138 78 66 235 255 176 255 206 166 232 255
    14 255 75 222 221 60 0 41 95 255 243 113 0 121 40 0 0 255 96 0 0 0
    255 209 23 55 0 247 215 197 84 11 0 255 255 92 196 255 25 111 255
    108 102 0 255 255 199 47 0 255 255 0 196 226 213 0 80 255 116 137
    224 149 19 145 11 0 0 255 86 6 223 17 11 129 0 67 72 90 87 0 218 0
    234 0 67 255 112 0 1 192 77 255 255 0 255 0 53 177 50 210 28 38 43
    54 0 0 255 76 179 103 142 219 187 255 0 171 161 18 238 255 231 231
    92 121 74 255 255 192 149 125 0 255 0 0 61 255 0 221 92 255 4 0 255
    7 183 93 64 229 135 52 212 255 255 187 143 0 109 30 255 130 201 162
    191 68 79 43 173 84 255 97 186 146 218 255 255 71 163 150 0 143 83
    103 0 233 255 255 0 228 79 0 171 84 122 0 28 160 217 62 96 0 34 129
    0 181 197 24 122 0 255 255 0 255 45 156 28 129 76 243 42 2 7 134 229
    6 255 205 204 183 0 255 255 0 255 255 110 227 0 67 255 46 255 37 255
    14 181 147 190 2 87 200 145 255 147 0 255 148 255 0 0 235 17 236 85
    0 99 0 139 125 136 255 208 71 255 0 159 255 255 146 0 70 204 230 0
    80 108 97 129 0 255 18 0 0 137 159 255 176 255 0 95 42 37 0 255 53
    255 53 127 160 85 255 46 77 114 0 69 11 255 255 113 54 255 231 0 136
    155 255 0 118 195 0 69 190 255 185 36 218 215 255 53 138 99 255 255
    255 124 155 110 0 0 74 0 238 255 189 161 255 63 255 189 0 255 0 0
    111 0 110 35 255 48 213 60 93 190 255 25 233 255 131 31 28 0 191 79
    204 180 255 47 49 206 0 255 225 0 255 255 159 0 201 158 120 0 202 34
    255 230 9 158 230 255 110 192 255 116 251 194 12 255 0 93 32 0 224
    176 119 119 0 127 255 0 155 109 0 255 255 95 26 184 15 56 255 20 218
    13 0 67 53 51 255 83 221 255 0 109 34 19 255 6 0 255 226 0 221 79 17
    255 237 82 24 31 26 225 250 0 106 0 255 255 255 232 115 255 216 255
    175 109 233 138 191 0 145 187 79 0 0 255 255 156 0 233 1 114 34 255
    8 0 58 0 0 0 28 255 188 255 77 0 0 143 0 0 0 139 0 31 95 255 239 114
    255 255 199 255 195 0 0 205 62 227 255 0 178 99 0 242 0 255 0 0 104
    166 173 123 251 162 95 0 255 255 251 159 0 238 88 0 255 39 161 80
    239 0 0 33 250 170 137 109 255 134 255 0 96 95 8 111 255 142 117 194
    255 42 255 0 0 127 69 232 44 14 255 150 222 49 0 65 178 138 147 255
    255 122 0 239 0 133 198 0 130 72 22 210 150 0 199 133 255 0 16 47
    160 0 62 75 226 86 255 0 212 33 1 109 28 15 0 255 0 88 201 255 41 9
    255 255 255 255 255 4 242 14 141 0 0 0 228 113 168 23 153 45 255 201
    5 23 56 77 255 139 87 255 0 143 140 255 216 52 172 233 31 0 226 77 0
    0 255 92 59 83 119 33 121 255 0 102 47 5 255 123 127 138 107 161 0
    220 123 0 204 255 92 53 0 0 91 255 84 215 0 198 140 28 255 18 255 64
    87 255 15 103 0 138 214 89 21 255 115 86 255 201 255 139 60 61 128
    212 165 231 255 233 65 71 132 108 179 8 250 136 255 87 0 166 219 253
    81 255 74 242 149 46 255 255 156 211 255 255 165 128 248 238 255 199
    9 248 164 40 255 0 35 247 21 240 165 0 221 247 23 25 56 0 0 58 38 0
    133 0 156 33 233 41 85 125 116 160 13 14 0 0 242 109 0 85 174 184 15
    160 98 98 130 38 237 124 255 148 230 223 76 0 188 140 97 255 67 190
    0 6 108 161 80 199 82 194 0 180 126 181 156 233 0 0 255 2 0 199 29
    238 112 255 0 164 255 255 0 238 191 34 173 255 74 89 216 46 255 26
    43 230 68 255 102 0 19 255 65 0 153 125 163 0 89 122 0 0 231 0 0 0
    166 71 0 200 19 0 255 25 89 255 191 255 107 198 255 118 26 21 84 104
    17 255 31 0 0 24 7 0 17 118 0 211 227 57 255 197 255 94 107 255 12
    243 255 160 182 231 32 214 9 234 109 255 255 0 210 200 106 134 255
    151 97 255 220 85 255 226 189 229 33 255 38 132 171 255 150 0 112 0
    0 255 240 255 0 255 41 236 153 146 166 75 255 82 85 255 89 235 239
    74 29 62 88 169 247 151 212 0 0 255 72 138 141 19 0 37 255 0 88 255
    112 0 0 217 216 44 43 0 255 0 231 185 0 125 0 228 32 45 217 0 178
    147 116 33 230 136 108 255 255 0 255 255 255 255 88 255 255 0 107 0
    248 255 46 13 0 0 255 255 0 255 255 243 255 5 218 207 72 131 82 13 0
    255 0 237 225 151 211 99 245 34 255 202 204 255 141 103 16 255 101
    148 215 107 255 0 255 255 255 255 0 145 140 235 87 56 188 0 63 255 0
    0 31 206 87 68 165 0 205 255 0 86 255 0 226 168 0 139 163 92 242 210
    255 57 0 102 164 0 0 19 117 156 255 109 0 164 240 10 0 179 255 161
    46 255 208 22 5 183 230 6 238 64 133 252 255 41 22 76 0 255 151 69
    95 255 205 14 49 238 148 255 255 255 11 99 0 181 189 0 114 170 201
    255 54 255 0 244 109 243 194 85 0 162 0 255 240 0 255 255 142 255 0
    232 65 255 255 139 0 167 254 111 0 255 25 108 0 135 234 21 226 255
    249 137 0 169 29 200 0 178 255 71 204 255 201 0 217 155 222 112 93
    244 18 196 59 255 196 76 58 255 255 92 255 130 255 0 187 86 167 43
    54 0 0 27 0 0 137 28 238 18 55 255 179 255 0 0 108 152 0 255 0 228
    255 65 229 0 255 255 129 0 210 8 0 240 255 255 99 192 0 255 59 36 74
    44 179 0 185 0 209 0 255 105 8 250 0 255 114 255 10 0 184 192 181 5
    255 0 16 13 255 43 255 255 0 77 107 204 65 38 0 176 182 206 14 168 0
    66 0 182 200 255 125 151 255 255 124 249 171 208 79 255 0 96 205 0
    156 255 255 91 227 110 173 103 90 106 101 127 255 89 29 128 132 39
    166 255 215 216 84 227 116 255 179 111 228 88 27 255 125 169 0 88
    255 36 255 255 172 91 0 4 159 0 74 40 0 0 242 222 0 0 141 117 47 255
    41 129 163 172 79 26 139 255 49 196 77 19 157 195 0 74 100 255 151
    225 132 88 226 106 0 255 98 253 231 226 108 173 103 255 91 194 66
    255 0 0 210 91 14 10 89 255 80 178 81 232 18 28 127 255 139 97 96
    126 255 255 255 88 255 0 255 67 0 248 55 53 242 192 255 145 255 71
    222 255 126 0 216 40 54 227 0 19 189 238 247 196 255 0 247 126 8 114
    188 255 49 90 73 50 255 0 129 255 255 255 0 164 255 240 0 0 210 118
    0 243 161 174 174 255 255 0 0 0 0 193 255 86 121 233 255 255 21 127
    176 255 174 0 255 0 38 255 91 255 76 69 51 255 0 130 75 255 74 180
    101 235 235 0 255 225 255 188 44 15 120 255 6 0 0 42 239 200 204 28
    201 189 64 86 104 255 0 238 255 211 198 255 186 38 99 12 192 255 255
    151 181 0 208 0 255 57 0 255 255 0 92 235 119 255 106 110 138 0 132
    49 29 0 48 0 99 196 255 22 22 31 52 78 71 0 255 0 0 0 165 240 0 30
    255 93 133 92 78 255 0 98 0 13 0 14 226 190 215 110 10 55 255 28 255
    206 174 255 250 255 10 7 211 0 0 239 0 220 255 2 255 0 42 164 228
    246 205 187 46 0 255 48 37 252 255 215 0 255 31 178 94 255 0 119 195
    76 108 255 243 32 113 105 255 0 0 0 0 154 61 159 0 34 120 255 255 0
    199 156 227 250 250 229 0 208 246 0 243 188 206 49 255 255 44 0 255
    255 0 178 0 0 117 88 255 63 214 255 200 255 245 166 255 255 0 212 55
    0 243 241 255 243 0 255 149 255 206 2 255 99 118 138 0 255 116 209
    255 254 163 166 255 53 0 32 149 134 255 255 224 144 168 0 65 62 177
    149 82 188 0 255 82 69 108 0 12 246 247 14 255 39 255 0 139 154 96 0
    0 229 255 246 155 0 255 0 255 228 157 45 0 255 110 0 216 98 10 198
    125 126 30 0 142 185 201 219 0 55 254 0 255 36 28 157 77 53 151 160
    255 71 74 99 79 0 139 0 63 140 48 255 74 167 202 179 251 184 14 93
    216 255 174 141 255 255 0 85 212 73 161 159 94 0 0 0 63 148 213 0 0
    236 0 61 0 171 186 0 84 255 182 0 255 38 191 0 255 0 148 95 91 177
    11 0 3 0 67 0 108 0 53 32 0 111 68 73 255 211 220 143 23 243 0 0 0
    255 50 4 221 189 0 255 179 110 255 0 191 94 155 55 174 138 78 112 64
    132 255 253 103 254 197 228 68 236 66 0 186 171 255 255 255 192 0
    138 144 150 101 118 85 214 72 47 206 255 198 255 2 190 255 155 255
    255 132 111 255 199 0 42 255 162 0 255 175 59 0 14 2 111 239 255 196
    224 46 0 136 2 254 213 0 255 213 202 172 252 255 199 166 32 0 239 29
    76 94 255 255 0 245 3 255 0 153 55 255 84 250 0 203 0 25 220 210 176
    219 204 0 189 87 255 255 131 17 63 165 255 58 255 235 0 255 0 0 182
    255 0 170 253 255 0 131 130 119 0 79 157 24 42 159 146 0 58 35 0 134
    0 253 98 112 45 0 0 208 106 93 168 44 255 0 143 93 109 255 255 255
    255 202 255 106 0 0 250 195 87 105 133 0 125 17 82 112 157 218 97
    146 162 97 255 108 0 237 169 130 100 255 0 154 216 75 143 151 160
    255 0 142 0 6 255 43 255 255 23 138 6 222 152 153 0 241 255 86 255
    255 248 234 163 0 255 255 0 0 0 255 255 93 255 54 128 187 221 255
    212 1 88 255 255 155 255 255 77 235 227 144 192 255 255 0 163 93 0
    93 253 255 255 29 168 199 242 221 134 25 212 206 95 81 0 0 55 38 96
    211 0 16 0 241 3 11 168 0 53 255 185 0 255 254 154 19 0 118 247 0 9
    133 9 0 223 255 98 255 211 0 0 255 255 159 255 203 191 255 255 255 0
    255 64 228 131 14 226 50 62 37 61 102 255 255 135 175 53 251 138 244
    255 155 216 255 245 224 121 54 56 0 242 0 10 185 255 92 36 0 255 33
    13 49 165 255 122 0 255 255 50 109 239 255 0 0 112 58 0 28 0 255 19
    139 61 169 0 140 243 255 227 50 142 192 255 255 0 0 255 217 15 0 51
    219 157 181 255 255 30 169 239 146 245 255 243 53 201 80 108 41 211
    190 213 255 50 91 99 0 159 0 111 0 229 255 255 255 132 248 238 86
    158 0 188 139 0 98 57 191 0 192 255 194 255 0 128 255 219 97 184 111
    216 83 0 1 0 171 101 0 255 210 255 255 58 0 72 80 118 72 188 224 174
    195 0 34 148 255 0 146 255 107 255 86 94 41 241 96 20 255 121 12 0
    255 255 238 255 241 243 177 197 80 255 255 130 245 201 255 248 238
    148 230 255 255 255 168 124 0 255 0 255 149 203 148 28 100 207 30 1
    174 100 62 0 202 0 248 23 0 0 96 144 241 217 133 0 0 255 181 0 59
    131 255 59 43 255 52 197 209 39 68 0 0 232 94 255 41 62 255 141 45
    238 213 0 0 39 181 0 129 238 0 153 45 255 81 255 0 255 237 146 43 10
    250 246 37 211 255 0 179 104 213 0 7 107 0 255 169 18 87 180 2 255
    247 0 238 73 0 247 218 204 255 248 255 0 129 137 12 245 9 0 246 145
    0 109 124 0 0 147 144 0 109 0 0 131 9 167 255 255 75 255 255 225 39
    190 255 0 145 49 199 0 112 134 243 52 0 53 38 62 133 58 202 0 129 0
    0 73 170 147 76 221 255 255 18 0 43 0 161 86 255 66 0 255 62 46 255
    0 0 49 0 92 82 36 0 255 207 236 255 113 0 68 31 82 46 231 40 3 108
    255 255 9 129 167 255 95 0 0 39 255 0 255 255 0 255 118 255 0 0 99
    64 12 255 173 218 255 12 28 0 66 26 0 10 255 224 0 200 33 0 51 26 0
    234 255 105 255 32 255 192 59 50 88 150 128 139 255 19 0 239 162 255
    255 0 234 0 41 0 212 155 0 122 130 59 0 120 92 0 0 136 255 0 255 255
    84 255 91 0 0 0 217 255 199 0 255 225 255 255 238 195 255 0 0 111 0
    0 130 16 179 177 210 176 0 50 0 0 255 14 206 226 255 91 0 145 152
    107 156 0 152 193 23 26 177 2 185 255 82 138 0 0 228 79 255 0 255 81
    0 54 208 149 255 255 109 252 111 98 0 156 255 0 107 0 0 0 0 210 227
    0 205 62 164 243 149 255 22 255 255 3 255 67 0 0 255 208 73 255 255
    135 0 73 122 231 116 72 15 253 183 32 81 255 202 0 245 171 0 38 9
    249 251 139 140 0 246 56 11 106 2 0 168 255 255 180 172 8 0 125 235
    135 147 0 62 0 100 182 167 117 255 255 171 186 255 255 108 99 0 0
    255 77 53 94 11 62 0 166 0 0 255 255 0 0 0 94 11 179 144 0 50 170
    255 255 255 212 255 255 255 13 255 165 89 0 0 99 220 0 255 117 110
    179 115 170 0 255 255 188 11 255 48 215 255 96 145 4 255 0 22 179
    170 207 194 38 0 34 70 72 255 50 255 248 0 95 86 147 8 255 0 61 3
    244 171 25 194 0 0 251 158 153 224 223 66 169 255 2 0 216 255 154 0
    186 161 0 67 255 0 169 120 14 255 0 37 223 255 123 0 82 255 255 0 49
    8 255 0 0 50 233 95 167 149 7 255 96 207 205 243 255 0 255 255 255
    90 129 24 255 77 84 57 255 143 254 0 185 30 71 0 231 17 255 0 199
    175 231 162 0 255 203 255 242 148 172 0 187 237 35 198 206 194 255
    77 255 255 255 40 49 146 71 255 255 255 255 0 184 0 48 255 42 222
    120 44 12 144 134 127 146 225 0 238 10 142 44 0 255 170 255 246 9 15
    0 143 184 97 99 255 201 255 245 255 240 255 49 255 150 48 255 80 105
    231 255 195 255 255 255 215 27 135 255 0 148 0 124 170 136 0 218 71
    172 255 255 255 0 0 173 211 255 9 255 255 50 47 179 0 117 84 132 134
    120 14 0 97 255 76 149 61 166 188 255 85 95 255 0 0 0 228 114 0 203
    157 161 39 0 0 0 0 0 255 141 0 215 0 251 200 139 201 55 86 201 0 249
    0 33 0 116 0 0 22 255 16 51 255 138 135 255 179 141 0 255 37 185 102
    37 115 255 0 0 255 255 203 29 255 0 0 0 213 172 17 89 255 36 216 255
    255 53 51 255 255 0 31 217 122 245 0 32 172 131 55 255 0 244 125 47
    0 181 255 24 77 255 0 204 255 0 93 0 186 36 193 119 0 226 255 31 26
    5 0 245 113 172 63 0 0 107 200 4 199 162 0 255 187 255 161 209 255
    168 255 226 31 255 147 53 213 255 0 239 27 90 32 255 255 220 44 125
    128 0 35 0 44 209 0 22 255 176 19 255 255 146 56 148 43 62 167 23 44
    38 54 248 151 57 0 80 148 239 82 206 141 102 0 185 44 86 150 255 188
    0 255 12 128 242 164 31 238 154 232 255 207 139 132 255 255 255 255
    255 22 20 121 29 0 0 121 0 205 255 0 145 0 0 44 255 224 134 47 107
    29 39 59 255 0 0 81 255 179 41 255 255 114 255 255 125 0 0 0 43 165
    237 133 255 211 247 255 0 81 0 192 123 223 250 48 121 0 210 0 250
    190 149 75 69 255 255 185 0 248 91 93 172 0 255 255 224 125 174 0
    255 255 185 234 29 225 213 84 76 95 155 0 132 204 0 255 124 255 244
    180 0 244 0 0 54 12 255 0 183 227 0 17 173 198 234 213 106 206 27
    209 95 168 0 127 0 0 255 0 31 0 222 98 0 255 139 0 172 130 138 0 212
    192 255 59 0 177 230 212 128 132 124 93 182 9 21 0 0 160 204 0 0 0
    239 0 81 218 5 29 255 223 99 98 60 83 221 48 72 30 58 235 107 255 59
    0 46 31 114 117 172 34 0 49 3 235 255 255 141 56 212 255 255 57 255
    0 159 0 255 181 54 231 134 255 188 255 48 113 0 154 119 0 108 237
    135 136 255 177 0 239 246 49 11 125 222 222 255 255 255 116 15 73
    209 0 0 0 156 144 53 255 19 185 0 109 117 255 239 255 47 252 145 255
    166 154 255 171 0 255 255 243 0 182 0 255 242 93 151 17 255 255 120
    215 236 74 255 4 215 219 138 255 202 29 0 51 213 0 217 255 0 255 251
    195 39 129 255 220 3 107 198 24 93 5 153 98 242 28 56 0 145 154 219
    201 0 87 231 77 193 226 0 182 250 0 255 192 0 255 18 255 193 255 255
    0 171 216 255 183 0 216 246 205 113 21 214 31 255 185 54 145 144 154
    145 163 0 199 67 255 35 0 154 95 0 0 84 0 174 34 241 163 255 113 0
    121 226 59 255 0 220 39 0 96 37 74 141 92 50 199 223 143 157 255 83
    255 49 251 255 0 255 183 0 76 74 250 55 101 255 54 0 255 77 161 167
    255 255 218 207 0 255 44 114 255 169 208 0 222 136 231 234 255 255 0
    145 158 231 68 255 62 56 252 185 255 0 53 0 215 0 84 87 197 0 4 181
    231 0 192 139 83 255 206 45 37 0 66 13 120 0 0 240 34 36 255 0 147
    237 15 0 238 0 33 0 0 236 130 0 180 39 202 0 235 151 197 206 175 11
    0 255 205 255 84 95 0 174 1 13 255 0 0 255 208 0 255 241 69 58 0 137
    0 255 147 255 68 0 161 86 33 239 178 130 120 109 253 0 0 240 0 96 0
    255 0 0 255 88 131 0 0 176 212 255 255 55 203 0 182 240 49 59 59 0
    36 213 232 255 177 166 69 156 184 76 0 96 255 0 81 219 0 255 0 0 74
    228 0 0 0 125 115 234 113 0 0 59 120 56 0 13 216 255 223 255 130 111
    11 116 62 16 66 255 255 85 255 176 255 255 155 243 0 206 255 91 52
    140 0 0 115 172 255 42 35 26 24 204 136 117 131 0 255 147 0 211 17
    202 113 55 250 65 117 255 45 255 242 255 221 126 19 7 255 246 82 0
    135 81 59 255 0 162 0 203 113 81 11 0 0 0 197 84 8 0 255 46 50 173
    255 255 202 190 74 102 62 255 129 0 255 238 255 0 255 13 33 243 255
    78 46 22 189 206 247 255 194 0 201 255 131 255 25 96 0 3 0 73 225 43
    223 34 238 33 161 0 153 67 97 255 124 185 212 106 153 255 58 255 255
    235 81 92 250 111 72 178 0 0 2 204 0 145 53 98 152 97 135 0 86 255
    37 45 127 0 255 157 13 71 0 255 5 255 129 149 0 23 143 255 0 0 178 0
    117 255 255 1 243 255 0 255 0 174 141 59 182 0 165 175 0 129 33 200
    93 200 0 9 255 199 235 9 195 0 251 245 73 104 0 255 0 255 255 142 0
    0 147 225 0 0 246 255 167 0 97 0 232 255 255 139 31 71 243 86 56 0 0
    120 227 0 142 228 237 255 93 255 0 208 0 49 156 255 6 230 0 233 16 0
    72 106 182 14 0 182 113 255 255 5 190 77 96 38 255 39 16 235 172 204
    0 128 178 231 18 76 16 255 113 240 178 111 255 255 168 107 176 6 28
    255 33 213 255 246 229 11 109 151 194 206 3 255 96 143 0 224 26 0 82
    255 57 219 0 64 0 0 197 129 0 114 255 122 179 255 255 51 91 255 119
    255 0 75 225 48 65 116 175 52 255 129 255 162 217 119 0 0 0 0 0 177
    170 144 255 119 0 10 109 177 0 0 17 0 0 0 105 121 255 72 223 0 255
    47 109 234 255 190 100 255 155 26 218 96 243 220 124 40 0 161 41 0
    199 255 255 0 255 0 68 212 195 0 190 165 0 255 111 190 135 229 221
    54 255 255 70 110 53 96 213 255 164 252 255 142 106 223 221 4 0 148
    0 42 185 59 255 0 0 49 0 255 81 210 40 0 255 235 167 206 137 139 223
    209 125 0 140 109 95 255 215 200 168 255 93 84 153 0 186 33 172 152
    43 77 36 0 255 212 10 85 197 134 0 255 113 176 135 255 237 250 228
    205 162 144 0 255 29 224 255 255 59 255 203 6 230 148 147 140 191
    188 255 255 229 214 140 13 219 0 211 0 64 119 0 33 0 255 176 135 96
    255 255 173 0 255 165 255 172 231 255 61 204 49 255 206 0 105 124 22
    35 12 219 19 0 0 0 122 255 0 175 0 255 46 255 93 114 255 11 126 86 0
    0 0 140 237 0 255 63 62 190 53 141 190 0 0 56 255 0 255 0 155 255
    229 255 255 255 178 91 0 192 92 125 130 221 47 45 0 39 255 0 108 179
    237 179 0 255 255 255 79 25 229 120 195 0 101 90 92 106 0 0 255 8
    124 56 110 202 156 215 176 255 0 161 230 66 255 40 117 183 229 146
    10 0 0 64 5 0 0 0 137 128 255 255 195 255 0 86 254 181 255 0 172 0
    255 39 0 249 202 0 218 197 193 176 218 232 107 0 101 255 11 213 88
    158 255 179 202 185 0 232 255 255 0 143 0 85 28 255 246 101 211 255
    255 0 0 130 255 250 255 0 176 0 212 255 0 51 50 0 241 159 29 0 255
    255 140 101 19 206 255 57 111 0 66 255 43 223 0 162 255 187 147 233
    255 177 0 47 154 52 226 220 255 157 215 150 77 255 0 163 255 40 189
    186 0 255 0 87 0 197 231 146 0 0 179 255 255 85 255 234 0 81 0 224
    132 0 196 26 27 0 222 3 218 0 63 67 99 0 255 255 162 255 84 35 81
    247 247 101 84 235 255 255 255 35 215 255 176 0 0 152 255 255 0 0
    255 153 0 255 0 130 69 78 255 205 171 26 30 255 180 31 0 34 255 44
    80 255 255 125 255 255 119 255 0 255 57 109 248 70 182 255 75 255
    133 244 45 0 0 0 100 151 176 255 255 255 67 118 153 255 43 95 255 90
    139 166 163 15 6 0 105 175 3 255 214 34 158 0 231 255 255 0 56 16
    255 158 0 152 163 84 18 155 167 44 0 0 255 138 255 0 0 253 74 54 103
    92 39 224 125 0 183 157 226 250 50 0 102 163 206 188 255 74 0 146
    255 130 47 240 127 255 48 68 148 242 191 0 249 255 121 255 216 248
    251 230 6 218 57 0 0 0 255 77 255 0 255 210 120 255 255 210 0 255 54
    97 204 193 0 207 255 171 255 18 81 87 87 143 102 34 18 255 120 4 83
    255 255 26 0 96 22 14 78 255 255 0 24 255 255 255 255 255 0 255 255
    101 116 255 209 103 71 255 0 255 224 218 255 0 255 78 255 232 4 105
    255 71 166 61 225 255 142 231 191 255 124 162 48 235 141 0 220 201
    255 251 149 0 0 255 184 0 101 156 192 0 216 151 238 188 136 255 9 5
    0 27 143 212 254 232 20 0 193 234 255 16 0 255 175 255 221 237 1 0
    255 65 88 58 141 0 221 255 70 43 8 255 5 133 224 173 55 83 104 237 0
    70 219 129 156 0 138 0 160 255 0 95 129 21 161 130 125 153 137 177 0
    0 153 54 255 0 245 0 57 255 245 77 0 40 0 0 255 76 0 255 162 188 17
    255 255 221 255 97 0 255 114 146 141 229 188 0 177 106 255 69 255
    255 66 86 0 255 90 254 45 255 255 71 253 94 255 0 127 0 0 255 33 255
    142 97 136 130 49 233 95 228 150 117 255 203 61 217 4 0 29 16 68 2 0
    0 232 255 99 101 91 227 255 35 165 190 255 57 61 251 140 255 93 242
    0 167 83 0 176 255 0 123 255 0 244 202 12 94 219 57 31 79 255 255
    124 255 255 216 229 201 41 75 255 212 70 149 97 0 255 255 167 43 62
    0 255 0 255 210 5 0 250 172 255 203 125 0 120 255 145 27 181 0 0 56
    141 0 72 255 0 18 0 0 255 171 51 255 255 53 121 255 67 1 90 255 55
    189 255 2 56 255 255 48 63 0 124 54 219 255 0 255 69 106 235 79 245
    0 255 33 0 87 34 0 247 78 72 27 0 62 0 0 95 254 60 72 217 141 213
    185 215 85 149 255 80 14 126 211 14 255 59 0 68 1 0 76 211 0 94 255
    76 164 75 226 255 0 0 129 61 62 255 0 214 0 255 234 97 255 191 37 5
    255 154 20 104 0 186 133 89 0 35 0 255 224 255 255 255 255 192 181
    171 183 0 90 168 204 255 255 255 255 155 0 255 175 255 255 201 215
    255 0 0 255 0 214 44 0 182 174 255 92 0 243 0 140 0 255 201 48 36 0
    255 0 174 231 217 0 255 0 224 242 225 121 255 113 167 0 0 16 99 195
    255 140 255 241 95 0 231 131 5 137 122 159 77 255 255 59 37 148 96
    171 138 0 177 255 192 255 255 153 18 255 255 150 0 0 80 135 39 115
    216 24 124 100 180 226 0 223 255 88 255 0 0 39 216 0 255 0 0 150 129
    4 0 162 255 173 3 182 19 222 0 111 121 0 255 219 255 43 255 201 252
    255 28 181 0 0 0 0 154 76 0 0 97 50 255 177 247 228 255 218 178 237
    188 133 255 153 62 61 0 0 160 27 0 115 196 213 237 255 136 0 0 84 80
    222 171 206 0 47 48 0 210 101 255 154 0 159 188 148 255 21 59 7 245
    255 17 139 194 27 30 255 80 205 255 76 200 129 142 0 224 255 207 36
    0 55 111 230 77 52 255 0 205 116 27 64 0 255 226 172 0 34 1 255 255
    255 113 255 69 58 255 111 228 204 167 0 230 0 86 25 75 150 73 250
    237 0 1 36 137 0 255 166 34 141 19 0 230 255 203 0 255 128 27 224 25
    37 208 71 0 255 43 142 255 209 43 255 134 116 0 152 255 92 0 147 121
    0 255 139 0 255 34 250 18 255 255 244 175 33 145 255 255 223 99 92
    233 0 111 189 63 255 196 66 164 167 231 59 17 70 0 0 25 255 182 247
    255 197 207 37 209 214 204 0 150 71 239 255 0 0 104 52 124 12 128
    237 255 29 122 255 255 255 227 160 68 225 75 212 42 161 200 17 154
    165 0 255 0 211 255 36 195 35 33 255 0 255 78 0 255 253 243 255 206
    199 20 153 0 10 178 47 249 4 157 202 16 0 0 127 255 0 255 255 94 255
    255 182 155 97 26 5 210 203 16 0 52 168 115 0 60 173 0 0 0 51 191
    255 0 0 255 255 248 48 121 251 109 0 253 14 0 255 111 0 0 135 0 166
    255 78 105 6 19 230 31 0 0 0 255 0 0 255 255 255 0 95 126 112 178 0
    103 255 163 30 33 219 0 232 9 87 86 255 255 168 255 255 0 40 0 0 46
    98 0 79 129 109 35 238 242 139 93 255 242 0 143 193 148 74 255 0 0
    151 148 163 0 62 59 79 0 73 255 0 215 129 108 255 108 6 193 249 149
    0 68 74 39 170 0 219 255 0 194 203 255 0 0 91 0 255 160 0 129 235
    255 26 129 116 134 0 0 255 255 18 255 59 73 0 112 49 165 237 255 131
    0 74 244 171 128 46 255 252 255 223 109 255 109 0 255 137 193 82 255
    69 190 105 77 90 255 255 0 255 190 43 232 0 255 0 84 7 0 246 255 114
    124 94 255 0 0 64 40 54 119 0 0 214 255 10 11 0 0 117 0 169 255 7 36
    98 188 118 255 232 17 45 28 218 205 140 0 255 255 30 216 255 210 0
    137 123 159 222 0 145 0 153 0 49 71 0 199 255 178 0 252 0 8 175 188
    251 237 0 49 0 0 0 43 96 0 0 0 255 0 225 73 148 0 148 255 169 255
    217 255 204 207 163 0 133 193 255 211 0 152 255 136 35 236 58 0 234
    255 255 105 187 132 185 0 71 239 255 0 86 255 255 73 254 0 255 193
    255 255 240 143 133 140 18 255 0 0 110 30 130 0 118 88 255 0 180 246
    8 255 189 180 255 255 0 237 0 150 100 163 112 0 57 255 0 172 97 0
    170 83 5 132 104 0 33 54 188 0 1 136 162 0 254 171 60 110 201 0 212
    79 183 0 213 255 255 255 114 0 64 54 0 255 0 255 0 34 255 218 16 203
    209 0 0 0 216 0 0 76 233 0 255 255 204 0 107 0 255 0 239 255 0 46
    255 0 255 3 0 161 201 209 133 255 0 0 91 255 208 155 181 196 255 236
    75 106 15 188 0 98 223 19 24 141 0 230 0 0 210 247 255 53 255 0 216
    92 0 0 255 0 255 255 7 56 0 51 164 177 171 255 255 198 33 36 31 188
    223 21 255 248 244 43 67 188 251 88 0 29 255 189 58 158 16 114 241 0
    255 85 233 111 55 7 255 6 0 69 0 87 237 117 255 106 144 241 0 255
    154 214 0 115 0 182 0 255 145 203 181 218 34 0 255 193 18 255 97 69
    141 224 175 86 59 253 77 201 122 113 150 90 62 170 0 209 0 0 0 86
    107 116 251 204 111 255 129 51 82 255 219 0 88 255 255 125 255 49 21
    255 255 241 245 255 246 0 0 0 255 81 18 0 0 160 48 0 149 246 255 23
    165 0 0 155 90 83 7 255 238 255 76 0 72 245 164 214 0 3 31 35 255 87
    24 4 142 143 141 0 255 215 255 255 240 37 167 255 2 255 255 7 226 45
    0 255 96 64 71 86 0 249 199 0 104 255 255 255 62 146 253 0 39 0 235
    255 0 170 129 92 163 136 174 79 255 242 0 255 98 208 11 246 86 0 11
    255 2 0 160 26 0 255 243 94 213 40 54 149 0 73 0 196 0 255 0 113 0
    160 0 0 142 0 255 202 255 201 67 28 244 52 0 155 191 0 0 117 143 187
    0 63 131 0 0 0 255 112 0 91 0 66 0 0 42 17 248 30 2 255 150 0 255 5
    212 255 255 208 0 229 0 103 0 118 204 69 0 107 222 195 176 0 99 199
    51 215 149 135 54 0 255 246 0 255 255 88 27 255 255 255 255 119 255
    47 0 37 255 166 255 184 198 255 255 255 183 28 255 51 30 69 0 255
    107 59 255 180 0 69 18 0 156 73 241 0 134 232 145 0 113 0 0 255 230
    222 198 32 191 0 0 14 142 0 132 255 0 131 168 50 205 255 81 1 228
    161 206 161 231 212 128 193 0 13 255 255 0 173 0 151 197 144 38 93
    225 0 95 64 255 119 54 255 48 255 166 29 96 94 177 82 134 255 82 194
    53 170 0 0 156 161 134 0 255 255 0 49 255 154 199 155 162 170 206
    109 255 170 94 89 0 255 20 0 168 190 0 255 151 84 108 213 102 151 0
    182 101 203 245 249 133 255 13 73 0 89 255 0 136 255 90 102 135 29 0
    214 175 17 10 214 0 0 0 0 184 255 91 116 225 255 116 38 0 0 232 255
    0 0 255 106 95 105 169 157 155 32 255 255 238 255 167 218 90 0 255 0
    140 248 42 196 174 7 194 0 255 247 0 84 20 255 205 0 29 98 245 168
    255 105 36 64 0 211 200 125 175 46 255 121 198 255 248 255 94 62 217
    255 79 223 181 255 0 227 118 28 255 27 150 245 0 0 0 0 91 90 0 236
    255 0 9 176 22 140 0 210 175 255 108 105 85 73 0 5 255 0 157 174 92
    0 178 243 255 120 199 165 191 255 214 45 255 49 184 29 180 129 103
    245 255 254 9 255 112 169 24 255 0 74 75 0 71 23 82 159 51 130 255 0
    147 0 44 0 0 138 78 255 255 229 229 190 255 255 0 28 0 255 178 19
    250 15 0 115 0 255 190 28 150 145 255 255 98 185 116 128 114 86 199
    232 255 73 83 255 43 255 22 255 255 25 200 33 255 149 63 255 160 77
    0 68 248 152 130 0 0 255 0 255 146 111 0 255 85 174 132 230 255 255
    255 24 203 0 0 95 0 231 164 0 95 110 0 135 93 212 29 231 0 214 228
    101 185 3 17 255 255 134 47 0 238 255 255 161 145 255 246 0 189 160
    214 255 44 0 216 206 65 191 179 0 213 255 39 167 244 128 80 0 0 242
    120 72 88 242 255 255 0 249 55 197 127 255 22 124 23 0 29 253 0 0
    245 81 178 0 20 124 255 143 213 85 65 126 248 0 255 255 0 16 159 145
    5 237 75 23 206 210 0 79 58 189 196 226 189 50 202 85 200 180 143
    102 100 132 0 255 217 5 255 219 0 135 21 0 199 0 42 255 0 255 0 0
    255 255 200 39 182 0 0 186 255 38 0 221 255 70 125 153 167 0 162 30
    255 20 228 0 0 255 255 44 171 118 74 196 175 0 0 187 255 163 80 110
    142 169 39 0 216 249 199 153 255 111 88 255 255 0 255 255 0 106 0
    112 114 255 64 0 164 255 246 255 154 64 78 0 217 0 105 253 87 119
    255 139 83 255 176 0 0 122 165 138 0 255 255 208 215 198 0 255 91
    174 187 183 224 67 8 0 17 255 68 0 89 96 233 34 255 24 201 241 237
    243 255 114 0 164 242 242 212 197 246 255 200 0 255 155 158 184 210
    0 75 108 190 0 192 255 255 0 255 199 184 60 109 124 255 192 152 169
    255 53 193 233 104 0 42 41 60 255 148 137 69 0 223 223 255 184 239
    255 106 117 168 106 255 25 48 0 63 255 177 164 250 255 198 0 255 218
    169 112 166 212 2 0 48 169 0 24 94 0 200 255 255 0 255 49 6 18 79
    160 57 0 255 47 71 152 255 189 221 112 68 0 99 255 0 122 2 255 42 73
    190 103 74 0 203 255 252 254 249 255 118 57 255 255 225 255 255 187
    0 21 0 255 255 186 130 241 0 227 61 212 64 0 0 235 255 92 199 40 0
    255 123 94 5 91 239 1 0 255 119 94 23 0 255 255 240 67 227 255 200
    216 201 102 255 190 0 52 0 0 215 99 255 97 230 255 0 128 255 32 255
    21 215 139 0 116 125 210 0 213 204 117 142 163 228 23 142 0 86 255
    255 171 188 255 164 189 234 206 218 0 0 230 0 16 81 0 5 0 201 31 117
    29 255 68 0 0 255 125 0 162 120 140 10 167 13 35 18 83 0 255 26 0 14
    255 255 125 0 0 200 166 117 218 225 0 102 255 106 24 120 255 0 0 255
    0 36 192 231 138 255 214 177 255 255 42 49 255 107 195 255 97 178 0
    144 111 56 255 0 124 24 255 46 142 0 255 106 20 255 222 232 255 108
    54 124 255 255 90 255 221 0 0 0 40 66 255 1 250 218 192 224 125 116
    0 137 255 178 183 195 136 115 234 0 192 255 39 250 255 213 187 39
    215 143 255 120 0 67 14 96 50 115 84 255 142 0 21 219 129 255 255 0
    255 145 255 235 255 7 0 255 222 44 92 235 154 0 241 59 54 185 235 46
    112 148 248 0 0 103 163 123 147 255 255 79 0 129 122 211 150 97 37
    255 249 0 155 227 0 244 31 77 255 131 255 0 119 255 247 0 109 49 0 0
    0 236 231 0 102 0 101 202 101 245 53 119 206 56 0 48 172 232 14 147
    0 255 0 223 45 181 255 152 55 255 255 20 22 0 51 0 149 0 56 110 118
    0 33 109 182 204 187 0 228 222 1 221 123 112 255 198 255 97 255 255
    49 46 241 173 167 255 192 0 54 0 255 186 53 0 163 255 177 223 252
    246 104 0 121 0 233 109 216 52 217 0 230 121 120 55 115 84 249 0 159
    58 255 139 48 255 255 129 235 206 247 255 255 59 33 0 37 136 255 142
    79 67 104 0 255 26 36 68 212 159 255 46 47 0 244 0 212 0 255 255 0
    249 182 255 255 22 225 192 252 109 0 73 0 119 248 0 0 0 0 223 0 69
    34 152 84 255 208 96 0 144 255 115 255 78 0 205 255 0 0 255 218 222
    83 158 190 197 56 15 0 255 255 58 122 38 18 0 100 113 241 164 75 206
    242 58 217 53 230 93 115 170 223 255 218 255 255 17 63 32 56 255 124
    255 102 0 230 45 255 255 0 255 136 255 153 15 0 0 187 87 0 0 255 0
    117 49 0 255 0 0 65 146 155 255 1 67 0 219 130 9 195 0 252 0 102 91
    19 220 255 142 255 108 157 237 25 251 255 0 38 0 255 0 255 118 0 0
    255 0 90 255 0 187 255 61 95 2 16 255 0 0 50 255 61 145 216 179 59 0
    62 3 255 127 0 50 63 255 255 105 255 255 18 0 255 69 0 255 249 165
    203 122 4 255 147 99 255 255 45 255 115 85 0 209 103 107 0 192 255
    255 28 0 44 126 193 83 126 0 0 255 154 92 107 255 231 13 98 237 255
    0 0 205 59 0 0 253 134 255 255 255 255 239 240 0 255 0 28 92 206 0 5
    6 53 73 36 133 10 120 23 242 255 85 255 33 255 255 90 255 0 255 55
    237 1 55 194 161 249 64 189 46 195 62 244 189 15 13 255 255 146 54
    147 0 100 255 255 3 179 126 0 51 153 0 119 187 255 86 9 255 0 197
    255 0 92 16 96 255 255 53 35 38 0 255 152 141 185 182 156 28 255 47
    255 255 255 0 169 183 124 69 0 255 255 0 77 21 0 255 255 255 142 255
    255 0 24 0 112 112 56 50 255 65 255 101 255 169 167 39 113 255 97
    114 0 105 26 0 255 31 255 255 0 122 255 198 24 210 0 255 76 255 255
    177 86 105 166 67 55 25 17 0 0 145 0 255 181 50 0 255 0 255 85 255
    156 203 1 255 232 172 0 31 119 254 218 221 255 2 197 0 220 36 0 104
    130 200 76 125 93 209 84 127 80 99 16 255 255 207 33 33 251 35 128
    87 255 120 157 0 37 2 255 106 165 197 114 0 35 254 156 62 0 128 0
    181 216 70 98 242 252 92 255 12 100 255 156 0 159 220 247 0 161 150
    23 28 106 163 151 140 236 0 151 255 115 47 146 222 0 255 255 255 225
    255 255 81 16 228 0 232 167 161 0 70 255 144 0 70 227 62 146 0 1 11
    214 255 122 255 255 153 50 29 38 122 103 44 255 231 0 0 0 255 224 0
    0 229 119 0 255 225 221 255 228 125 93 67 59 129 0 129 81 132 255 70
    4 44 32 23 218 30 255 129 255 42 57 244 252 0 255 244 214 9 0 45 0
    212 0 0 255 239 0 0 255 150 255 255 255 198 155 197 174 0 134 42 74
    13 0 52 173 139 58 9 120 59 255 255 147 0 107 190 255 0 255 199 255
    255 0 255 143 0 0 0 255 92 39 0 87 215 252 43 255 255 0 181 0 255 0
    0 24 78 254 255 0 70 255 79 255 0 180 114 10 0 0 1 246 10 255 96 149
    255 239 255 0 106 20 57 0 0 135 0 0 60 22 0 111 0 255 0 255 74 0 32
    134 165 5 255 255 252 169 255 12 1 0 143 0 0 156 255 255 0 49 199
    255 51 197 14 51 71 0 0 108 255 142 0 141 173 0 151 73 227 157 137 6
    121 54 255 0 158 206 0 0 255 160 125 89 75 118 253 0 156 255 28 187
    0 0 0 17 239 0 56 248 69 194 0 236 143 155 85 182 186 222 65 0 0 1 0
    255 255 0 216 70 0 239 0 255 254 173 0 255 232 47 0 249 143 255 46 9
    236 255 68 215 0 105 219 252 255 179 124 255 255 3 255 245 0 71 0
    255 255 28 255 185 85 36 79 135 0 0 85 126 59 255 57 255 0 182 46 76
    245 107 64 235 131 147 101 56 97 255 29 29 103 212 53 160 0 0 255 0
    33 175 0 182 255 255 140 0 255 198 17 163 127 86 217 200 228 16 138
    251 93 225 80 120 100 0 63 255 0 181 3 255 116 0 255 0 155 157 212 0
    18 255 117 185 170 0 45 80 91 255 38 0 0 0 0 0 141 4 213 127 244 113
    55 0 207 13 142 33 204 131 233 230 173 0 61 255 113 57 253 255 255
    217 255 165 242 167 95 0 129 230 178 30 67 255 144 121 255 0 0 0 171
    39 158 0 208 48 33 233 3 129 103 0 255 48 180 255 255 82 0 220 142
    78 0 141 107 61 255 14 255 76 255 155 255 255 123 0 63 94 6 28 180
    187 214 170 152 255 15 255 255 191 0 160 253 183 0 250 0 36 244 0 0
    161 70 0 36 0 177 96 255 255 255 215 0 113 70 205 0 219 255 0 69 174
    255 244 24 232 161 255 255 241 17 185 0 255 114 10 73 124 0 140 135
    156 49 120 0 255 41 139 148 0 171 46 97 255 182 243 255 128 33 255
    148 0 28 204 0 79 255 255 238 63 216 186 255 226 22 43 107 218 248
    46 0 0 202 31 0 72 255 0 184 113 0 0 100 255 154 125 255 59 184 9
    228 34 48 20 152 134 0 20 13 0 43 44 255 255 235 0 88 0 140 218 28
    255 92 35 40 255 122 48 112 223 117 255 255 132 177 127 178 255 213
    86 138 0 0 224 77 17 0 0 76 0 255 25 51 166 164 5 36 73 112 0 217
    175 157 159 0 74 0 0 0 180 136 58 255 113 255 189 139 255 119 11 111
    107 0 255 74 255 135 255 173 0 255 59 0 141 163 90 192 184 208 35 17
    10 17 3 233 40 43 253 48 129 5 228 199 141 63 0 255 11 255 255 40
    255 204 46 220 78 0 0 0 73 101 38 6 40 35 0 63 15 79 61 0 52 253 106
    255 143 0 71 0 98 84 224 156 255 255 45 255 72 0 12 99 12 192 252
    225 255 0 163 36 98 255 0 0 255 255 255 198 238 205 97 0 255 255 116
    0 142 238 255 0 177 0 0 156 0 0 0 30 255 18 125 234 255 39 156 202
    112 255 85 255 97 151 54 180 255 255 255 0 180 73 255 222 20 131 31
    0 57 12 77 255 255 92 255 215 136 68 25 62 229 0 158 136 179 0 49
    245 173 110 173 253 254 100 0 0 235 102 236 255 162 0 76 0 249 255
    244 136 255 147 255 172 0 239 255 0 32 102 140 152 62 115 56 219 0
    112 213 0 217 65 0 252 0 144 217 255 16 255 172 0 13 66 0 21 77 152
    175 62 255 255 225 157 51 255 196 255 170 89 255 249 0 149 0 153 0
    255 0 35 255 4 123 116 39 116 145 169 10 255 0 126 159 255 123 180
    17 255 6 0 255 20 133 255 200 227 78 0 255 200 0 141 22 146 255 230
    153 24 255 255 192 0 111 72 51 239 181 64 85 219 150 0 200 199 242 0
    0 192 208 51 92 210 0 255 203 0 255 8 255 0 13 0 0 106 110 0 179 161
    1 111 129 255 174 134 246 111 181 0 255 255 255 88 0 244 47 79 147
    142 199 244 0 0 255 112 0 183 255 235 255 52 255 255 0 255 215 255 0
    20 199 255 200 130 153 255 21 255 0 0 255 183 121 118 0 86 255 255
    245 134 0 31 141 0 100 0 255 224 176 144 0 208 255 95 0 255 107 94
    93 0 48 255 0 127 226 0 0 0 255 255 194 255 27 0 255 221 200 0 168
    144 0 234 154 229 0 75 0 36 0 11 67 255 234 176 249 193 208 148 172
    27 242 255 199 24 255 255 15 208 255 150 24 218 202 255 0 0 34 89 0
    168 167 205 90 7 0 101 255 207 180 43 28 112 38 255 143 0 118 39 0
    204 72 255 255 185 255 1 255 5 255 255 255 146 192 0 0 0 149 204 0
    164 195 0 20 80 255 148 70 175 99 144 255 0 120 238 255 151 78 0 164
    0 0 173 34 255 0 108 26 80 165 240 172 146 211 56 1 176 255 251 0 47
    255 85 46 255 125 255 255 252 160 23 0 29 0 215 75 255 255 255 126
    255 0 50 137 95 0 85 0 255 132 91 255 135 83 0 199 245 0 254 108 255
    255 255 255 179 54 239 255 128 100 95 17 187 134 154 0 165 60 42 54
    227 0 85 255 174 0 9 113 21 203 0 0 111 0 45 140 52 43 68 31 95 73
    50 116 172 20 0 253 78 202 255 35 183 132 0 2 0 134 255 108 32 254 0
    0 255 209 221 187 92 242 26 132 49 190 255 102 118 120 30 0 162 0
    233 56 46 123 152 204 0 122 0 105 181 120 125 50 38 0 139 114 75 121
    178 20 255 0 255 130 198 0 208 0 255 255 35 220 255 90 105 0 255 0
    215 129 144 95 0 0 9 255 189 48 234 255 157 168 138 170 52 50 0 77
    166 255 174 165 194 252 0 201 0 0 255 138 183 0 255 78 146 139 0 65
    0 154 171 10 146 213 255 156 0 0 246 208 0 255 49 146 166 198 77 4
    255 198 50 255 246 148 0 150 87 255 0 135 0 0 181 255 88 0 255 251
    253 255 255 88 0 4 255 63 0 255 233 136 240 255 255 0 233 31 169 189
    153 0 116 68 122 135 190 0 151 255 110 77 255 0 255 168 255 18 0 255
    84 226 231 255 0 23 200 248 16 174 222 255 255 175 35 102 255 214
    201 188 0 98 39 0 75 0 192 0 0 82 152 86 224 255 0 234 0 178 239 28
    0 96 37 0 223 225 255 102 0 149 255 65 97 0 124 13 212 148 137 230
    83 111 255 149 250 181 3 0 255 245 193 215 213 0 0 149 114 119 232
    171 139 124 187 224 103 13 0 153 222 177 0 60 14 0 40 255 198 255
    157 39 255 88 86 174 208 121 196 239 255 95 255 0 87 75 117 20 0 231
    138 255 255 144 105 0 0 255 106 0 214 255 36 0 198 34 162 255 0 182
    232 0 255 255 209 0 47 218 0 255 44 62 41 255 50 255 113 171 217 231
    255 105 255 160 61 228 239 166 173 255 0 151 0 32 93 0 217 0 213 53
    76 0 80 199 182 0 255 222 255 0 255 39 255 255 85 255 181 166 255
    225 0 255 107 237 184 86 0 241 0 0 63 141 161 0 59 136 255 140 229 0
    0 137 13 255 224 53 228 116 3 0 10 177 255 255 255 205 255 0 0 178
    30 255 50 179 136 255 255 255 255 255 77 176 255 110 57 179 0 135
    144 255 174 255 209 146 113 73 222 0 232 157 4 221 145 212 0 237 100
    182 0 214 151 0 93 255 255 213 166 176 105 73 170 255 0 50 170 173 0
    255 0 0 255 15 133 86 11 11 255 0 0 0 19 0 123 0 255 22 87 91 115
    185 0 245 214 155 255 216 49 121 170 135 255 0 255 236 255 86 70 57
    24 68 106 11 255 204 31 255 0 246 0 0 255 0 255 128 208 238 253 255
    166 255 255 53 0 255 186 68 52 105 26 0 230 204 83 133 70 0 177 137
    0 0 33 255 71 0 0 230 191 228 255 0 188 255 0 0 14 98 0 70 255 0 0
    255 117 6 117 0 43 237 255 133 252 93 110 132 230 189 61 227 0 73
    255 180 0 0 80 139 97 6 73 250 159 214 255 36 197 206 155 146 0 138
    162 220 83 0 253 0 255 0 0 255 191 255 255 223 26 139 69 79 29 255
    89 60 155 87 47 248 255 195 0 0 99 23 255 0 141 136 52 0 0 118 243
    152 255 39 0 255 255 252 0 105 109 209 38 0 255 6 255 253 0 174 66
    224 168 95 27 184 255 98 255 0 0 108 0 0 108 255 5 0 116 251 229 27
    179 8 52 4 182 249 179 0 99 237 103 5 202 0 255 56 0 255 203 0 97 77
    89 255 35 0 67 127 106 255 45 255 0 238 39 0 139 125 27 255 149 126
    0 0 0 162 18 24 241 172 156 0 0 0 155 255 255 59 255 255 65 0 0 0
    210 56 0 224 255 0 255 0 0 149 0 255 21 30 255 172 160 76 255 255
    241 2 74 68 119 98 176 12 215 187 255 0 251 255 202 255 204 217 255
    28 0 0 25 164 89 0 0 23 87 255 54 134 255 146 86 63 113 238 0 253 6
    193 255 0 0 234 143 92 0 232 255 207 0 0 229 0 201 0 94 41 0 0 27 68
    89 143 201 0 0 255 124 182 255 129 177 230 0 252 64 111 232 149 38
    255 182 0 0 132 68 42 62 88 0 255 0 255 0 255 246 24 16 1 0 0 215 0
    14 255 165 255 41 87 255 236 238 171 55 30 0 233 8 0 63 202 110 255
    255 69 230 141 0 87 0 43 170 135 255 94 191 0 255 44 0 114 59 255 0
    189 41 225 255 191 255 0 255 0 45 17 255 193 255 255 89 0 0 1 230
    250 255 57 0 63 109 0 0 217 255 186 197 0 255 167 111 255 255 50 255
    121 105 67 237 101 47 0 255 212 255 0 138 16 143 203 0 255 231 113 0
    0 72 52 60 221 11 185 55 139 255 218 0 0 255 255 29 191 43 255 154
    23 235 173 0 0 255 175 93 0 255 69 151 53 134 255 0 203 0 252 212
    245 150 55 255 0 0 43 92 5 255 255 255 175 0 138 0 141 255 255 130
    255 255 0 0 170 56 251 0 169 118 64 196 255 117 169 255 255 0 184
    212 0 0 0 170 0 255 255 203 164 37 255 90 33 228 255 84 174 238 255
    163 47 62 0 255 0 255 255 37 255 151 241 145 0 188 228 208 0 45 62
    181 14 255 120 0 0 0 0 202 255 195 255 228 20 163 255 255 0 12 162 0
    207 226 255 133 255 35 0 48 212 148 164 71 0 140 231 0 152 255 255
    158 114 255 206 84 255 255 0 50 0 38 66 76 207 192 0 0 89 255 0 41
    59 70 0 0 255 0 255 86 0 80 255 255 149 141 205 48 119 182 183 207
    100 255 0 0 186 28 193 221 178 0 0 230 59 179 129 84 28 26 69 8 24
    105 13 179 62 46 180 106 47 176 5 255 192 0 164 0 88 0 212 233 52 42
    93 0 39 0 104 250 98 93 164 112 255 238 0 255 240 235 155 255 113 71
    241 13 134 255 211 136 241 128 188 0 214 0 176 255 192 73 0 138 137
    0 255 50 255 158 86 255 147 230 255 151 36 115 242 133 255 255 255
    15 255 150 25 126 40 179 159 240 0 1 96 155 0 214 236 0 79 255 0 0
    24 85 48 236 0 87 0 115 132 255 0 255 14 106 255 153 54 56 217 60 0
    210 246 255 56 255 255 0 167 0 0 255 255 0 63 255 122 0 234 255 185
    46 185 118 255 122 255 255 208 0 0 5 58 214 79 0 255 17 255 255 0
    115 224 13 0 107 61 0 209 89 255 132 0 0 0 111 114 24 99 255 10 187
    201 255 190 228 107 255 187 22 8 0 22 231 141 255 181 91 2 187 61
    107 168 68 23 111 227 110 4 255 255 158 43 20 255 30 243 0 0 255 0
    114 209 0 92 41 0 0 139 0 179 192 162 0 92 208 87 139 255 3 0 92 232
    36 108 0 255 71 188 2 255 26 84 166 255 185 255 0 32 140 139 12 82 0
    37 0 68 49 0 95 54 216 29 230 116 255 71 3 0 201 0 1 33 198 255 154
    0 166 120 0 255 195 141 188 255 149 97 254 255 25 79 139 57 81 255
    192 89 0 149 14 133 255 0 255 68 239 63 186 214 0 237 176 61 43 0
    147 130 226 189 209 251 0 139 230 135 255 62 0 144 255 84 69 255 90
    250 41 255 0 255 232 0 255 18 234 147 230 3 81 43 183 255 162 255
    126 144 29 72 167 0 166 189 230 255 255 107 255 43 0 82 233 40 0 118
    125 0 204 255 1 226 101 0 250 255 232 238 78 139 125 0 0 0 193 31 52
    203 34 255 237 107 0 0 78 25 94 244 0 255 130 255 139 0 12 255 0 113
    0 0 74 167 169 120 255 52 217 255 254 14 255 255 28 22 0 198 0 255
    25 161 251 49 255 1 78 255 101 172 209 255 24 255 0 0 148 0 124 0 0
    49 67 66 194 171 98 209 255 255 58 55 210 207 215 155 255 14 218 0
    216 184 214 250 104 0 33 45 59 42 0 190 30 221 46 29 170 255 0 150
    255 183 0 251 0 217 0 0 255 84 118 166 0 193 0 250 135 255 255 23
    122 77 58 213 0 23 0 0 255 204 207 122 122 0 39 35 0 101 255 43 241
    255 0 182 144 255 146 255 33 0 124 234 9 0 184 255 216 95 255 255
    160 115 39 99 25 160 69 221 36 255 0 0 255 255 0 0 150 107 120 255
    155 58 255 0 255 255 115 0 255 241 198 0 93 255 183 255 137 220 255
    247 32 90 104 247 106 42 255 121 99 42 166 0 255 134 158 255 102 244
    156 117 197 0 0 163 0 0 255 246 0 165 0 145 252 255 171 207 50 0 0
    152 199 236 0 87 0 255 91 0 230 213 173 52 233 21 28 0 14 3 0 255
    255 36 235 243 0 255 104 249 0 196 4 181 141 122 0 6 255 255 51 200
    236 66 0 111 175 0 19 255 0 255 60 167 255 0 249 250 76 90 213 168
    206 255 0 61 0 199 86 255 99 24 205 255 0 255 162 104 255 31 135 255
    143 230 71 0 100 81 52 161 190 74 0 0 0 0 63 69 0 0 226 0 0 43 6 255
    118 113 71 221 206 78 255 255 255 36 255 136 99 255 131 255 120 255
    87 190 112 104 20 95 255 86 66 0 255 0 221 238 80 55 242 238 243 212
    95 30 255 24 38 157 0 130 227 144 165 255 128 8 241 100 255 254 20
    195 76 136 35 179 181 161 0 172 255 0 173 255 158 0 255 165 56 209
    73 82 215 210 164 197 242 38 0 5 0 0 142 0 177 206 42 0 0 237 164
    255 78 162 76 255 0 30 160 0 32 111 242 36 255 251 152 255 0 111 132
    255 0 0 174 255 128 0 212 227 255 0 202 255 158 236 237 83 143 44
    134 131 138 0 13 0 212 73 255 0 255 233 44 178 207 255 255 8 42 0
    152 245 183 37 22 0 202 121 255 25 67 187 204 29 104 183 233 255 244
    229 33 220 135 158 255 0 255 0 241 189 0 255 93 0 85 255 255 81 255
    0 172 105 205 255 133 164 0 255 125 242 139 205 191 162 33 0 132 40
    230 41 90 118 0 187 0 57 0 217 0 50 101 0 19 250 7 201 255 239 224 0
    0 129 97 0 0 106 0 144 255 255 223 255 0 255 69 255 49 255 39 101
    243 93 15 55 187 147 92 113 225 0 0 100 0 140 75 203 15 255 205 254
    123 181 219 204 255 151 255 0 122 255 255 255 218 60 80 161 231 38
    137 255 253 0 255 34 0 4 0 126 1 198 204 14 146 255 7 217 129 28 196
    255 5 199 0 146 25 173 111 0 0 84 183 0 165 34 62 187 0 255 128 255
    146 255 255 32 194 255 82 155 37 250 255 38 197 112 223 255 255 0 71
    0 133 79 255 197 0 209 169 255 63 175 0 44 73 222 238 0 255 255 131
    0 46 255 49 243 173 47 13 173 27 50 0 0 165 0 249 40 218 105 9 0 109
    131 255 231 255 202 0 195 219 216 255 186 104 0 228 180 4 114 230
    211 9 170 255 185 0 229 255 27 0 225 0 180 208 252 63 0 255 247 0
    254 255 31 162 125 233 110 225 103 252 140 0 0 77 0 0 152 200 9 255
    9 0 107 126 161 0 169 0 70 44 190 161 105 255 146 145 255 117 212
    125 255 255 19 18 49 0 255 0 38 0 11 122 182 255 155 211 82 255 255
    54 255 0 120 255 0 0 65 255 0 110 0 224 255 254 255 0 111 36 141 20
    0 244 255 255 230 0 22 175 0 245 250 61 32 255 101 255 255 0 0 98 0
    255 255 255 255 250 233 255 249 87 153 255 0 183 84 255 253 0 214 61
    219 0 255 0 255 173 166 171 235 40 179 19 49 155 234 255 161 255 104
    202 0 255 38 136 144 255 55 179 255 164 69 0 0 0 54 255 0 112 238
    103 181 0 255 216 155 255 0 226 90 209 83 102 56 255 92 99 255 255
    117 49 125 177 155 97 141 0 108 232 37 255 200 184 0 255 255 89 14
    182 0 127 255 196 167 118 255 126 0 141 105 236 0 209 228 255 255
    134 0 255 0 45 200 0 254 0 237 255 105 101 255 201 188 58 100 255 0
    47 113 187 9 180 122 0 255 0 255 255 0 255 231 255 207 0 255 255 0
    32 244 139 166 0 20 255 124 255 255 236 104 255 47 172 53 60 131 0 0
    7 0 228 109 64 0 74 255 12 255 255 0 94 225 220 81 0 0 255 236 22
    255 0 113 207 255 0 83 0 255 32 1 196 35 158 255 153 172 27 136 255
    150 15 21 255 90 35 111 255 105 157 138 214 76 255 1 171 154 0 0 58
    51 197 51 32 166 23 197 169 168 76 145 194 255 0 69 74 30 173 65 153
    5 99 167 222 255 0 199 177 36 255 40 196 62 136 151 255 255 118 101
    0 117 184 0 23 7 10 93 189 58 32 112 226 211 229 0 197 0 255 231 0
    159 82 0 93 21 0 255 0 255 30 139 255 0 0 90 234 255 101 202 145 204
    222 83 140 0 114 122 247 0 25 255 163 215 174 128 43 226 82 214 242
    147 21 107 74 0 255 0 0 237 199 184 241 229 234 255 65 172 238 199
    192 0 0 25 0 110 155 78 172 255 235 255 252 218 255 56 27 214 121 0
    228 0 27 236 253 49 221 148 0 157 200 125 0 126 215 22 255 60 255
    144 0 222 56 0 211 18 122 84 9 130 221 255 255 37 252 251 144 31 134
    30 140 143 94 85 0 182 255 177 25 238 255 0 16 30 3 0 195 255 62 241
    255 135 0 23 36 31 255 151 243 10 0 107 249 0 81 219 227 237 255 183
    34 214 203 195 251 243 254 160 255 178 109 235 167 0 255 115 0 251 0
    255 19 0 209 255 151 224 203 255 165 98 111 0 255 0 255 242 36 111
    242 77 204 209 195 41 0 0 40 143 92 86 0 255 0 251 255 35 238 86 28
    255 153 0 70 255 2 4 34 115 163 255 213 188 198 143 18 255 34 0 92
    169 94 11 120 0 27 146 44 185 1 255 248 238 248 0 53 255 109 0 117
    216 213 8 209 201 147 197 64 0 19 255 40 0 255 255 255 165 198 196 0
    205 145 0 164 0 183 47 12 134 255 0 254 178 255 0 136 255 26 255 0 0
    103 14 185 111 255 0 110 102 255 51 233 15 75 0 67 34 255 205 255
    255 61 89 149 255 74 213 110 148 0 0 10 0 237 20 0 0 110 83 0 108
    233 73 0 205 124 99 0 0 245 77 56 0 71 0 0 120 42 169 0 62 255 255 0
    192 255 203 238 214 0 7 40 250 0 255 0 217 0 230 255 255 211 255 67
    186 183 243 255 54 186 8 207 222 0 27 255 88 0 183 0 0 16 42 29 33
    64 0 170 194 255 255 169 76 70 255 255 162 255 0 243 23 0 255 34 255
    31 0 255 0 143 0 35 96 0 214 0 3 237 0 0 69 167 238 255 120 93 215
    20 228 255 106 0 170 234 0 16 85 42 76 170 91 0 0 255 6 243 181 19 0
    0 174 123 0 255 255 0 244 30 143 0 0 0 232 11 143 165 193 0 39 145
    60 255 0 0 96 246 0 183 4 167 255 0 237 186 84 239 0 135 255 34 169
    181 254 226 54 102 160 255 0 40 98 224 0 105 139 0 251 26 18 172 107
    38 0 245 255 255 255 0 255 0 142 188 168 225 0 0 0 67 241 2 197 0
    255 174 0 24 253 0 0 212 218 55 209 255 55 89 194 225 255 0 0 136 0
    0 246 135 144 119 255 0 211 255 29 253 0 255 248 240 255 154 198 0 0
    0 87 255 202 130 205 133 31 67 59 228 255 192 69 213 93 230 64 255
    33 52 212 200 231 75 50 94 0 39 0 95 255 0 0 0 155 30 73 255 0 40
    255 196 99 202 255 0 76 255 153 253 165 196 0 136 186 220 255 134 0
    153 255 74 185 234 192 141 255 212 255 129 255 28 59 255 17 255 104
    215 0 255 29 99 54 0 6 255 0 255 89 83 57 113 115 0 214 77 255 61
    255 205 97 0 0 190 196 175 36 250 91 23 36 131 255 155 0 0 77 255 85
    255 89 0 35 221 143 97 73 0 255 98 30 90 153 255 29 66 103 41 252 0
    0 105 163 0 0 0 193 178 222 0 255 255 91 255 48 0 156 10 137 125 169
    179 0 41 19 121 255 208 14 41 0 240 220 159 234 16 149 162 154 34 15
    255 0 255 255 1 10 233 139 144 227 94 169 89 145 255 47 165 251 155
    0 255 255 244 129 159 255 34 235 255 27 113 138 84 107 84 255 103
    239 139 255 255 6 167 214 255 95 231 0 0 190 255 175 219 255 22 255
    106 188 230 0 156 166 151 76 29 255 149 174 40 118 112 232 136 72 0
    0 219 0 185 69 26 0 0 186 193 255 255 142 238 66 43 184 238 255 0
    187 0 191 139 75 255 0 79 205 0 0 255 187 78 255 0 200 69 0 193 255
    245 255 0 130 41 0 16 84 209 216 222 0 47 0 255 255 69 36 0 152 214
    81 0 255 187 23 230 157 6 129 117 255 81 181 216 255 22 0 159 251
    232 166 255 10 19 0 119 35 0 202 20 195 222 49 110 185 212 255 44 0
    85 186 173 73 167 163 160 255 255 118 48 255 205 144 255 165 132 0
    18 65 183 255 0 0 186 34 166 208 0 255 49 0 33 0 0 164 0 0 255 255
    23 215 136 0 55 176 214 255 151 160 33 0 24 211 255 255 255 241 119
    255 255 0 0 182 47 210 107 125 255 0 47 249 121 128 56 255 255 171
    34 69 102 176 0 139 53 196 72 177 102 119 255 94 0 159 255 0 235 0
    224 0 69 0 189 0 149 255 255 18 185 255 137 255 72 0 58 74 255 127
    70 0 14 255 153 255 71 255 255 100 94 13 51 35 165 111 27 9 83 255
    141 62 159 178 255 193 57 255 109 103 86 58 255 173 48 184 170 0 5
    215 0 86 0 23 166 187 255 145 85 0 107 32 255 255 173 255 104 193
    255 255 44 30 156 94 19 189 211 173 197 7 255 225 184 255 0 47 39
    255 19 219 199 204 110 255 163 184 119 118 198 0 0 0 0 216 148 126 0
    59 255 34 7 131 235 255 124 0 241 142 13 255 221 255 255 203 255 255
    50 21 223 0 255 61 59 1 117 143 0 62 175 255 52 255 0 255 71 0 255
    156 204 21 159 188 255 151 229 189 255 111 119 149 0 0 183 0 70 101
    84 18 183 0 0 0 169 176 255 0 255 0 149 220 28 255 21 255 255 221 0
    119 227 0 0 85 255 45 169 236 0 0 255 110 255 110 24 217 0 26 187 0
    243 149 255 206 185 83 103 0 29 208 255 131 188 255 192 0 210 19 208
    16 107 0 204 186 0 106 255 255 247 255 255 168 36 0 255 255 57 208
    25 133 0 30 126 255 119 42 0 197 0 181 255 179 115 224 155 14 116 34
    13 0 85 92 199 0 255 109 137 0 0 255 243 164 0 59 24 255 242 237 10
    191 122 44 223 73 255 173 255 99 215 53 143 173 255 104 0 48 0 255
    159 232 255 0 0 0 255 29 214 127 100 173 71 0 153 0 230 171 130 0 27
    11 255 181 114 77 200 195 255 0 0 103 35 0 202 95 24 166 156 101 123
    0 53 56 194 255 255 189 0 107 255 240 255 198 36 255 148 101 255 0
    255 20 0 143 32 231 175 0 135 119 0 255 179 61 0 255 9 173 48 20 119
    0 56 240 127 153 255 255 211 0 0 226 255 0 255 228 224 255 23 255
    125 0 57 58 99 168 0 60 130 124 163 0 0 115 97 138 255 70 212 0 172
    228 0 255 235 0 99 158 255 234 245 171 232 255 248 255 0 73 228 195
    158 134 204 255 73 255 0 0 164 255 255 0 0 0 95 255 255 1 66 0 25 24
    178 255 238 241 0 165 103 6 98 100 252 78 0 8 158 255 178 0 255 229
    54 165 28 138 255 178 0 0 0 11 100 151 27 59 215 0 255 181 78 140
    255 176 64 145 236 255 0 91 141 186 255 207 72 255 0 244 0 255 108
    253 189 17 0 74 255 7 72 0 73 0 0 14 251 255 215 3 29 0 43 227 180 7
    155 0 255 71 0 255 0 255 255 255 38 157 105 227 19 13 144 93 191 111
    255 71 255 97 157 168 20 187 213 157 255 59 255 111 255 255 195 176
    24 138 255 93 0 20 255 0 0 200 118 235 230 26 62 255 218 191 168 0 0
    0 0 0 134 213 255 5 0 158 255 156 111 255 60 255 86 255 100 249 0 23
    104 255 187 0 79 0 255 63 197 0 0 244 44 255 255 0 111 38 81 255 232
    0 241 224 48 101 126 243 143 255 92 255 54 244 0 93 182 0 0 0 0 177
    225 255 73 64 184 71 0 255 220 22 83 21 151 255 255 159 255 143 228
    255 129 146 87 166 0 0 0 255 191 165 201 74 95 255 115 0 53 203 132
    61 238 0 96 1 96 107 146 255 105 69 211 255 255 0 247 255 185 253
    205 14 255 0 15 106 252 192 83 255 55 112 159 191 0 251 255 0 46 77
    255 0 221 0 133 0 253 18 139 255 0 255 0 9 212 58 255 210 56 255 0
    202 242 255 216 255 0 255 153 164 183 0 255 255 239 58 1 128 0 143 0
    64 0 152 44 21 46 200 0 136 0 30 68 255 237 0 255 61 255 255 255 235
    255 14 220 54 88 191 255 148 255 255 255 207 64 255 0 253 104 0 255
    76 0 0 202 192 109 12 222 184 255 0 225 255 116 232 23 255 239 43
    247 0 164 83 0 255 255 17 255 255 232 244 31 0 99 27 255 255 0 149
    162 212 0 60 14 114 240 111 0 132 0 56 229 240 0 129 0 68 157 87 192
    107 165 0 50 254 92 255 182 90 196 249 255 161 0 255 0 186 55 255
    255 0 0 255 68 255 255 0 255 89 253 135 196 21 120 226 0 171 254 152
    179 0 0 163 23 77 47 0 166 189 212 255 0 97 255 173 160 114 255 194
    0 255 108 206 255 255 162 255 25 0 237 212 4 255 140 211 34 0 255 0
    139 38 189 228 41 60 255 172 204 28 158 111 211 113 106 166 201 0
    255 255 223 17 0 255 0 0 0 92 19 106 255 0 14 20 110 0 0 255 255 0
    93 120 58 142 245 25 255 0 157 250 81 82 0 255 0 226 109 88 48 91 30
    255 170 255 19 179 202 0 51 103 255 249 0 14 167 236 161 255 111 169
    38 186 247 128 178 193 196 197 0 161 71 7 198 7 0 0 0 60 254 0 57 22
    209 117 255 183 255 69 255 255 134 202 111 48 28 0 85 181 0 255 255
    93 0 173 255 107 177 18 0 132 39 252 81 28 59 138 0 153 255 40 134
    232 255 166 95 242 255 18 122 239 78 117 120 255 53 179 117 72 31
    113 255 0 109 195 255 2 30 0 199 10 235 235 255 147 0 255 109 64 87
    115 255 83 126 152 255 0 4 0 173 208 255 0 255 255 76 142 174 249 88
    0 255 196 112 181 169 0 227 0 255 240 255 139 162 226 0 0 67 106 255
    255 0 255 94 0 129 61 186 0 255 239 200 53 118 187 51 242 211 175
    255 153 235 146 197 122 130 0 255 164 252 84 205 249 19 255 101 0
    163 0 100 218 68 244 85 0 221 33 0 30 166 140 59 255 190 0 60 0 0 20
    0 255 101 76 255 186 134 133 139 196 103 233 235 255 96 255 255 136
    224 217 255 46 255 178 121 214 242 47 134 33 255 211 0 0 247 195 198
    0 0 17 186 53 68 241 16 137 127 0 38 254 11 37 182 145 255 235 0 0
    255 254 186 12 63 97 91 76 157 255 255 0 7 198 200 0 0 0 195 0 70
    141 0 92 32 243 0 255 90 255 37 0 24 10 72 255 2 255 0 221 73 255 2
    237 13 204 255 0 255 99 146 162 144 223 225 255 225 15 246 0 104 0
    178 255 87 238 255 121 208 57 5 255 0 95 0 5 178 0 255 189 189 255
    255 63 129 176 239 255 87 187 0 30 249 56 255 103 93 10 137 255 187
    255 131 135 208 243 102 231 124 240 0 64 0 168 22 64 50 56 123 0 201
    32 0 178 138 121 47 19 74 255 134 27 0 237 0 162 177 0 255 255 255
    255 141 255 63 193 49 255 0 16 172 188 66 27 148 71 255 255 0 118 0
    0 127 0 174 51 137 236 255 197 139 7 227 61 0 41 255 0 19 118 0 255
    255 106 255 199 43 255 63 123 210 62 0 0 130 85 39 0 255 99 65 70
    255 243 255 255 29 151 175 0 0 75 5 194 216 255 79 31 42 231 255 180
    61 39 79 255 255 246 73 255 52 99 218 254 43 90 91 255 0 61 255 0
    213 197 127 67 146 0 0 190 6 255 174 255 233 223 245 175 114 177 255
    49 255 203 211 117 255 152 115 123 255 221 21 185 8 255 0 54 255 66
    68 60 213 13 208 73 16 226 238 255 243 50 194 255 0 215 255 72 255 0
    220 0 0 26 180 140 145 255 202 173 255 255 0 162 250 255 124 143 181
    216 255 8 255 16 255 0 21 0 255 0 11 255 255 0 9 82 255 255 12 105
    31 188 222 255 253 181 65 0 85 21 0 0 51 113 225 174 24 255 168 41
    255 135 120 157 103 0 91 99 141 73 0 0 138 12 199 239 242 191 147
    255 141 49 45 13 88 72 192 145 36 7 237 179 255 84 23 92 17 218 189
    190 146 190 255 0 255 0 0 114 84 200 207 255 27 199 55 255 95 0 255
    106 18 0 114 255 0 120 16 79 255 255 106 233 0 251 255 211 4 221 0
    20 255 58 255 47 48 90 1 255 57 144 255 255 255 229 252 236 111 0 17
    58 121 158 255 205 2 155 143 2 193 181 255 149 255 255 150 34 229
    212 171 107 141 109 0 255 94 0 255 72 235 134 227 255 45 0 54 67 50
    0 0 104 150 184 255 0 0 60 250 187 0 255 249 137 159 255 69 157 207
    135 34 157 159 71 134 122 141 227 8 0 55 255 1 180 65 45 113 209 205
    47 0 68 104 191 0 84 255 118 94 39 141 255 255 145 255 173 239 253
    48 255 162 154 0 0 255 7 38 255 3 243 229 255 158 255 255 69 0 255
    123 0 0 34 255 52 255 182 255 255 59 39 0 53 0 170 0 0 174 126 255 0
    0 235 255 83 240 141 19 0 164 22 96 224 255 255 136 196 255 98 72 25
    230 0 104 255 133 245 230 102 255 165 244 187 92 46 255 46 80 195
    206 93 255 0 69 255 25 255 255 255 163 109 0 112 31 255 208 141 8
    194 255 226 255 255 244 107 109 5 0 5 96 120 0 255 159 250 255 96
    107 0 0 20 203 0 212 0 255 246 133 97 158 231 116 128 192 0 255 255
    119 171 0 255 176 164 255 172 94 255 80 255 0 154 145 0 0 239 119
    124 41 107 91 243 76 0 78 0 0 0 0 96 9 0 89 137 56 92 170 255 135
    255 77 156 255 32 255 217 136 32 149 255 255 0 57 243 0 0 128 189 0
    153 229 217 153 223 255 36 138 255 255 255 0 0 137 214 0 0 78 36 0
    74 255 255 220 91 0 35 255 116 195 71 90 0 255 230 255 216 61 206 21
    207 227 108 149 255 0 92 0 75 255 10 0 255 164 238 52 32 184 92 0 50
    255 255 0 6 0 104 158 183 23 0 0 0 0 245 239 206 210 0 255 157 132
    10 241 255 0 255 50 86 190 237 53 0 0 156 98 0 99 255 150 109 212
    226 0 160 251 0 56 92 192 39 63 255 0 116 0 169 255 176 255 13 207
    40 43 229 255 169 72 208 0 183 0 195 255 84 50 100 30 36 10 255 192
    150 0 55 173 255 0 0 92 0 65 94 161 255 123 255 77 130 29 88 24 248
    241 255 113 255 2 255 255 255 255 120 146 241 145 213 255 225 255 0
    255 255 189 255 0 203 48 0 125 43 242 174 212 0 236 0 145 244 133
    209 0 255 129 227 0 0 10 170 130 186 254 255 41 255 253 255 255 127
    106 78 49 255 0 255 76 255 188 235 49 255 122 244 255 255 0 176 255
    53 145 158 99 188 85 31 255 247 235 140 0 78 0 255 21 0 255 255 131
    143 0 0 0 0 15 230 113 217 21 255 137 64 255 0 255 255 255 0 0 79 77
    126 5 0 0 50 194 6 33 29 255 0 255 255 0 185 11 0 85 0 0 254 255 255
    211 0 112 74 0 0 23 54 5 255 255 0 241 209 212 12 109 58 0 229 0 222
    83 255 0 255 255 145 68 71 55 121 255 22 227 159 25 243 91 54 9 2 0
    22 0 233 0 209 255 0 0 0 71 0 185 17 128 0 0 152 79 43 178 136 62
    232 26 255 41 145 0 0 0 0 247 35 0 255 0 147 46 31 72 255 238 157
    245 0 146 17 0 0 211 186 182 220 255 0 255 127 0 26 108 212 240 0 0
    255 69 188 0 39 163 111 255 0 16 88 0 255 25 90 0 98 173 173 15 0
    243 230 255 128 149 255 255 0 255 0 128 61 15 148 248 180 207 104
    237 248 0 156 20 217 72 8 157 0 178 231 1 255 53 73 39 93 0 255 143
    6 255 127 215 0 185 18 121 16 78 255 236 39 0 0 255 133 0 255 127 68
    153 166 0 74 255 193 1 128 92 35 255 72 255 214 255 0 0 252 199 144
    0 239 50 71 31 255 255 68 149 255 255 255 136 166 12 140 0 243 194
    23 231 182 29 18 98 217 0 172 117 0 0 64 255 0 91 0 251 49 180 167
    111 255 255 238 0 86 126 118 217 23 54 251 255 255 211 127 146 180
    255 255 195 0 0 35 205 85 3 20 233 30 228 53 0 190 32 220 6 0 153
    117 18 201 255 191 219 188 0 0 16 90 158 0 206 216 0 0 0 255 99 126
    255 131 138 173 0 1 177 134 139 175 14 243 14 237 255 150 205 178
    176 231 56 201 195 8 0 54 34 16 210 29 0 127 0 255 212 255 196 101
    130 66 0 89 193 0 206 255 168 18 0 255 70 62 190 19 67 228 0 0 179
    191 14 66 0 255 221 0 117 205 255 0 0 72 181 120 0 0 254 255 144 0
    255 159 173 255 170 255 218 255 130 132 80 0 221 255 40 255 86 133 0
    191 111 255 143 212 255 236 0 0 74 111 66 101 62 147 11 255 255 255
    255 61 0 176 215 212 0 226 42 158 49 55 255 208 187 43 0 102 187 11
    255 105 15 0 56 255 14 67 30 0 255 193 218 0 21 174 99 220 0 255 177
    0 174 75 44 14 21 192 29 53 28 243 251 142 0 79 250 63 0 204 218 110
    255 0 0 171 12 153 35 255 146 180 41 121 132 215 189 255 79 251 0 0
    44 179 197 145 25 232 28 229 163 0 255 0 255 226 120 255 83 151 0
    111 0 74 199 110 180 131 204 102 200 55 218 255 25 0 193 255 33 75 0
    255 232 255 230 27 65 255 50 255 255 0 205 0 59 0 0 34 255 46 128
    255 218 255 218 150 113 98 28 255 60 0 255 126 46 20 0 0 175 85 255
    179 86 241 225 0 241 175 255 179 137 209 153 0 42 255 158 255 109 0
    108 22 11 255 0 114 141 77 0 199 249 76 255 81 213 255 123 0 116 75
    174 102 77 17 78 37 255 14 5 0 154 100 0 244 45 255 177 0 255 216 37
    255 235 143 126 54 255 121 178 250 250 11 236 205 137 0 255 0 169 31
    24 255 230 255 20 237 0 255 255 107 0 9 175 255 0 0 0 136 208 213
    138 229 0 41 0 0 137 47 15 203 255 60 255 255 230 190 80 180 0 255 0
    0 17 255 194 113 255 144 219 246 0 87 0 0 245 0 0 44 146 40 186 92
    177 71 255 196 170 88 126 100 206 255 59 255 22 53 0 30 224 213 255
    71 248 20 255 209 225 0 250 104 224 255 71 201 140 211 172 97 0 78
    255 42 11 255 231 60 255 0 16 8 0 90 41 255 82 2 255 217 0 65 255
    159 33 0 35 255 159 35 0 255 255 61 255 243 77 69 45 28 157 128 0
    255 255 0 26 255 63 255 41 204 98 112 136 191 255 52 48 255 0 132 0
    0 255 156 39 255 40 186 171 255 136 138 224 177 14 255 160 176 65
    255 255 142 255 247 77 255 99 88 231 0 255 24 65 222 161 0 40 252 0
    97 15 0 0 255 255 16 253 0 202 66 228 255 0 65 255 187 238 65 87 100
    0 118 0 255 116 200 52 37 255 75 185 0 203 0 255 175 255 142 25 14
    182 137 137 127 179 145 96 150 255 58 179 0 255 182 196 121 228 199
    255 96 229 106 255 255 223 255 120 17 135 255 204 45 253 243 255 224
    135 42 255 221 80 58 172 0 255 253 246 255 153 255 0 255 255 206 178
    255 0 255 136 109 114 121 86 53 195 250 20 193 224 0 156 80 255 231
    220 49 9 121 88 219 84 237 0 71 203 255 13 216 0 66 255 0 71 181 9
    222 0 196 250 255 7 234 142 0 188 255 255 62 42 194 255 116 181 189
    255 0 158 158 119 192 255 139 77 200 5 255 93 242 201 74 60 255 255
    51 45 238 102 185 0 42 180 0 0 255 255 210 184 232 255 255 52 59 37
    199 34 255 255 254 57 51 18 0 250 136 255 129 46 116 197 6 255 239 0
    0 0 61 0 31 0 0 188 249 64 255 172 127 177 0 147 0 249 229 0 255 0
    10 204 16 255 70 127 255 255 192 255 20 0 0 158 39 183 49 164 255 0
    184 0 94 57 125 255 205 220 125 205 0 255 255 185 59 84 0 255 54 184
    0 220 255 200 224 124 118 117 42 214 255 120 0 249 1 255 0 188 158 0
    0 255 103 255 93 0 42 104 0 255 245 255 53 0 51 140 142 59 238 154
    11 0 13 53 0 172 96 199 46 0 255 37 255 224 164 152 0 255 249 213
    176 255 61 138 246 255 149 214 253 255 255 9 0 255 149 0 159 132 106
    108 15 82 0 166 0 255 28 0 6 243 0 192 48 220 121 233 79 0 134 80
    193 241 207 232 255 0 97 105 0 3 17 255 255 214 255 103 254 143 0
    235 0 255 129 0 255 71 255 132 0 0 97 2 242 231 255 255 215 166 216
    0 0 0 166 167 54 137 255 70 255 57 162 18 5 211 255 75 15 90 255 186
    29 48 236 0 0 198 197 0 84 54 42 186 255 220 255 89 149 1 192 111
    255 53 191 11 255 100 184 149 111 0 222 152 255 0 0 24 255 70 189
    194 255 166 0 184 249 255 49 255 239 255 255 162 0 251 213 86 0 183
    0 0 255 118 255 255 173 45 145 255 0 255 182 0 255 48 147 255 243
    139 0 255 98 25 129 255 255 0 0 66 89 38 81 86 158 173 0 0 242 177 0
    28 255 237 255 0 99 255 102 103 255 156 231 124 0 128 95 5 193 63 83
    0 0 124 44 255 170 222 101 52 0 255 156 0 34 0 255 76 72 255 133 255
    120 120 255 0 51 0 94 0 31 101 255 0 181 221 0 255 56 255 121 255
    251 98 112 0 145 136 226 198 12 58 247 41 11 189 12 226 22 186 0 22
    148 0 4 186 165 238 26 255 149 0 133 28 192 182 36 169 55 0 149 255
    180 0 255 70 255 255 255 0 135 47 0 121 156 33 192 224 91 185 132
    255 185 175 3 208 255 111 54 150 255 184 188 255 34 40 145 41 13 162
    0 126 255 255 142 255 0 255 42 31 224 0 255 255 255 59 255 144 126 1
    0 229 34 22 255 255 186 171 0 7 37 34 255 0 209 80 164 99 126 0 77
    189 27 25 103 208 98 255 0 227 37 255 96 115 0 0 35 0 16 76 255 90 0
    189 105 0 0 148 68 147 7 25 255 162 208 255 255 150 232 255 249 238
    0 85 193 49 255 184 127 0 6 0 255 0 213 30 57 183 255 19 21 128 16 5
    162 53 255 3 109 228 86 0 0 238 0 45 154 179 93 57 156 163 109 167
    21 215 165 255 35 0 169 255 208 5 222 11 247 255 58 163 71 0 199 255
    150 255 246 0 255 0 255 25 0 10 0 99 0 219 114 0 39 132 0 91 0 255
    55 65 180 0 255 0 140 214 235 97 0 0 116 45 255 255 196 246 94 19
    241 202 129 216 52 98 25 0 217 255 40 243 230 255 10 0 169 75 255
    255 248 255 209 205 208 233 181 149 0 255 0 255 81 249 72 0 248 114
    192 141 0 253 7 78 0 0 159 159 172 204 255 7 138 255 255 13 255 217
    44 250 42 255 228 127 227 39 110 21 82 255 190 100 255 0 127 255 255
    0 128 235 255 184 232 0 177 163 25 255 102 0 30 255 0 0 37 0 235 69
    110 134 171 0 216 126 63 0 50 0 30 225 198 70 11 255 63 255 0 131 36
    148 0 60 74 210 88 44 0 128 255 255 255 255 255 87 56 255 142 255 55
    61 157 137 0 128 52 0 55 200 255 255 0 0 252 212 0 0 161 6 104 240 1
    99 255 103 15 43 0 221 255 255 240 171 255 221 189 0 149 188 95 53 0
    37 2 255 0 255 159 43 231 255 25 0 134 44 0 255 120 53 221 213 86
    200 0 0 0 0 8 157 73 255 16 139 185 222 169 55 42 255 51 0 122 193 3
    135 214 47 0 0 0 0 255 246 255 127 171 47 0 255 54 195 0 0 163 235
    35 0 76 97 0 0 0 0 169 71 126 0 26 216 0 69 84 10 204 178 23 176 224
    83 19 82 238 0 255 162 144 255 32 54 74 191 255 0 255 189 0 0 162
    178 255 47 0 226 112 179 216 124 215 132 237 255 0 84 172 5 20 101
    247 59 255 61 255 93 137 0 255 29 36 92 233 2 63 255 0 203 255 0 190
    0 0 185 161 0 4 255 56 116 0 182 255 89 0 144 199 0 95 86 51 114 152
    255 178 94 255 215 0 0 35 187 234 255 38 174 255 68 94 0 240 0 176
    66 201 0 48 0 255 153 255 224 0 205 255 209 87 192 29 0 161 0 69 255
    0 255 94 180 48 35 142 9 0 225 0 189 255 75 0 241 22 255 9 0 92 20
    117 233 170 56 135 239 237 255 29 255 110 93 0 72 255 255 223 5 255
    0 26 138 0 178 207 75 36 175 89 242 121 174 40 188 104 0 0 0 255 131
    23 255 0 203 158 54 8 177 84 17 26 100 0 255 255 255 1 255 61 227 30
    147 174 96 0 50 198 83 94 184 103 54 255 151 87 248 207 130 255 115
    52 255 0 255 40 197 81 156 255 255 19 255 229 151 152 193 38 65 252
    159 0 255 255 0 255 0 202 125 0 0 255 0 186 180 0 0 0 183 240 255
    255 3 0 171 255 26 255 60 173 255 0 219 255 222 122 107 63 61 74 0
    255 255 161 193 126 64 196 0 7 17 224 255 55 255 186 3 198 37 214
    223 165 255 106 86 224 37 227 60 27 255 227 47 7 38 255 255 255 16
    255 53 117 215 255 138 239 0 255 178 27 0 204 193 210 72 174 16 89
    255 0 0 67 190 0 1 0 255 182 255 255 108 223 229 245 0 23 234 255
    255 198 163 41 255 133 124 255 0 123 255 0 255 12 26 0 251 255 53 0
    184 255 179 255 129 255 138 24 203 96 0 14 255 32 0 255 134 71 149
    164 255 166 52 195 247 0 150 186 0 255 117 0 253 61 109 0 63 255 55
    250 172 255 114 255 223 0 255 42 196 53 73 218 76 164 17 201 58 185
    0 195 224 53 0 168 86 178 105 114 255 255 74 255 188 245 255 246 255
    255 255 13 83 203 255 121 37 174 0 206 255 76 114 0 255 204 188 124
    0 255 0 90 0 255 219 255 0 0 0 110 0 218 0 208 0 38 214 0 255 185
    242 206 255 0 255 131 0 24 255 104 0 61 0 0 177 0 0 168 255 46 18
    255 2 168 54 200 136 144 103 129 255 25 228 213 238 255 0 209 113
    255 255 24 18 255 187 254 0 255 255 83 128 16 93 162 138 47 0 46 0
    255 89 255 237 255 129 29 255 0 0 96 211 0 255 253 0 206 255 255 0 0
    158 48 193 255 39 36 160 27 0 132 50 255 56 247 108 255 0 89 33 149
    255 24 42 255 237 255 187 148 0 194 209 0 255 255 213 73 93 0 196
    129 0 255 0 65 192 0 7 93 144 250 255 255 0 206 60 238 255 113 160 2
    255 193 135 123 216 121 0 19 193 0 7 255 0 0 0 206 255 0 173 0 0 255
    0 37 2 255 76 246 241 239 255 42 89 0 248 47 88 127 140 43 0 0 42
    199 150 98 207 229 5 169 28 0 0 85 0 222 17 0 0 238 255 107 53 68
    255 194 91 255 0 210 255 0 23 61 184 236 0 149 209 255 255 255 3 104
    38 255 0 25 0 88 170 130 137 113 25 0 186 255 0 255 156 220 0 54 255
    5 116 0 147 70 182 3 255 0 186 255 50 255 28 153 172 253 0 43 177
    173 253 240 44 172 242 220 12 82 0 255 160 45 0 26 89 255 32 255 167
    255 124 193 40 240 0 100 255 77 0 255 98 43 0 131 129 255 236 255
    221 0 192 25 255 157 139 255 85 25 98 22 37 203 255 225 182 228 0 14
    253 0 3 107 0 4 255 31 255 0 220 143 74 205 0 225 4 255 113 63 14 26
    0 252 221 255 75 255 255 7 102 0 199 0 30 34 46 89 255 0 160 78 119
    0 218 203 91 0 255 140 170 240 7 0 0 49 73 115 216 108 217 0 252 29
    101 78 255 160 255 123 249 126 0 97 84 4 0 255 50 255 228 0 110 56
    233 241 96 0 255 255 180 46 221 68 0 255 0 0 139 191 3 0 255 210 127
    255 0 172 185 47 0 0 255 19 85 239 255 0 122 79 255 233 148 26 125
    100 13 0 240 167 0 128 255 0 0 252 0 242 118 103 0 194 210 255 49 32
    180 94 255 255 196 152 255 0 164 99 238 129 0 0 84 157 0 0 102 0 214
    26 255 185 126 213 181 111 0 89 255 119 248 255 10 67 246 255 0 0
    255 255 255 255 179 255 116 195 255 0 255 184 237 106 4 109 36 0 188
    255 125 255 121 255 241 255 205 0 0 108 255 144 0 0 0 225 255 255 87
    0 155 239 248 255 104 255 30 38 0 0 0 14 255 0 240 102 167 224 90
    183 75 255 0 0 28 255 255 255 167 0 0 214 30 255 0 0 4 0 0 99 107 0
    0 189 219 0 205 132 244 0 255 79 255 116 119 105 0 84 255 139 94 75
    22 211 255 202 113 202 0 255 106 89 138 255 31 255 99 106 98 10 78
    255 34 255 81 118 0 255 126 0 190 243 0 180 157 63 255 255 0 255 134
    176 222 189 198 186 255 204 155 13 0 0 0 83 48 0 119 255 213 149 136
    255 175 210 38 0 48 79 57 218 228 150 112 51 90 209 255 21 20 217
    222 254 216 111 255 32 1 0 0 0 133 0 0 209 213 255 227 171 0 159 0 0
    0 221 0 229 255 0 99 156 96 30 169 255 195 255 36 152 0 117 0 122
    120 181 227 0 255 85 0 170 96 255 80 126 199 219 255 232 197 105 0
    121 33 0 168 16 143 255 223 109 153 251 41 128 255 130 0 28 190 82
    57 255 255 0 222 255 210 255 9 0 255 168 255 178 97 0 162 57 63 132
    95 181 255 156 0 0 203 63 112 106 163 146 155 47 255 238 10 255 118
    198 0 0 252 255 77 219 255 255 69 91 0 179 85 191 255 0 0 255 0 72
    255 165 77 255 101 70 255 123 150 204 231 13 31 83 24 80 125 136 39
    18 0 0 255 0 0 1 0 0 242 158 0 172 0 220 122 0 237 94 0 0 255 127
    255 173 130 116 184 0 15 183 113 0 106 125 134 25 0 107 55 0 62 255
    8 9 47 0 255 204 0 97 70 255 126 0 241 160 36 0 107 63 194 0 195 21
    34 249 188 56 221 172 64 255 80 142 255 185 4 255 55 144 141 170 200
    252 0 0 181 255 80 213 208 32 177 255 98 166 90 120 207 181 211 104
    158 255 0 139 255 0 0 19 223 255 199 58 255 226 190 52 0 201 255 147
    255 183 142 255 124 16 16 0 85 211 70 18 95 255 0 0 117 16 146 225
    255 18 186 209 226 10 255 0 47 0 210 179 0 156 211 0 218 121 43 255
    247 0 0 173 177 163 232 178 255 228 54 255 0 203 22 29 203 177 248
    237 161 0 0 255 185 0 0 53 255 84 255 63 124 255 227 1 0 0 255 0 47
    0 0 39 82 234 17 255 114 47 129 0 64 4 0 18 79 255 255 135 126 97 54
    169 216 144 238 1 32 2 129 0 102 255 96 19 220 137 90 0 255 208 89
    255 255 194 255 0 255 255 255 60 189 30 255 0 31 0 210 188 83 179
    137 186 65 183 0 255 198 0 255 249 0 29 233 42 0 4 196 117 178 255
    164 157 245 35 0 212 27 201 0 67 212 175 0 104 254 0 255 249 106 227
    42 157 214 255 43 105 141 255 0 143 28 12 0 255 235 235 0 0 29 148
    56 217 104 101 255 72 255 209 0 234 255 0 0 255 116 82 255 0 12 255
    0 121 78 51 213 35 255 0 210 255 224 0 126 212 40 9 179 0 226 114
    109 0 244 150 0 207 255 249 255 133 182 30 132 98 211 48 0 30 187 31
    231 251 180 0 122 57 175 253 77 255 142 86 142 201 202 0 44 67 0 219
    162 0 255 0 188 255 0 97 167 129 0 0 19 255 0 147 0 124 73 0 54 0
    187 132 212 125 0 34 0 49 77 0 255 21 101 152 54 243 50 1 42 255 41
    255 92 0 0 255 0 160 0 61 0 174 57 115 255 83 0 137 116 255 212 174
    219 255 68 255 21 238 174 111 114 255 3 255 229 0 255 165 149 255 0
    172 70 91 184 234 215 255 219 16 70 210 99 73 232 0 205 94 50 152 17
    76 0 255 255 199 18 59 255 159 130 0 123 22 0 254 0 24 104 0 255 0 0
    110 0 62 22 218 32 253 228 39 19 179 239 129 255 0 0 0 0 176 205 75
    184 65 106 0 0 238 0 130 255 255 255 216 125 66 33 234 149 6 243 254
    165 208 255 232 98 255 44 255 0 255 0 255 16 84 120 136 241 43 0 55
    0 140 48 0 0 67 135 255 95 174 180 67 255 255 214 255 222 69 255 60
    255 0 255 35 174 121 206 255 13 181 0 25 229 247 128 150 126 255 255
    93 0 224 143 4 79 198 0 125 255 0 249 193 15 183 65 255 122 255 210
    255 2 255 0 248 191 150 109 254 50 234 255 253 167 202 255 60 0 49
    126 125 213 255 31 223 115 216 9 37 0 26 20 0 0 0 255 0 100 16 0 148
    143 0 187 186 255 189 244 114 0 11 125 205 5 0 255 227 150 255 208
    29 91 72 0 0 75 175 0 0 255 29 8 99 0 0 16 0 0 38 72 131 169 255 240
    0 230 28 0 161 139 72 58 0 0 61 181 231 5 77 173 0 255 76 255 28 67
    0 90 255 0 86 65 15 8 202 71 60 128 0 74 255 86 18 56 131 96 93 48
    243 28 255 255 55 59 255 16 160 223 36 80 255 185 255 255 184 244 0
    137 98 47 255 27 255 180 75 219 255 65 0 85 108 187 0 255 255 0 120
    37 77 0 63 113 188 180 255 206 92 0 169 20 248 255 0 37 182 206 255
    241 141 180 232 216 255 84 107 252 97 255 103 71 174 255 0 39 80 0
    149 0 45 65 55 15 176 194 0 0 203 124 229 57 34 255 255 255 0 0 100
    105 0 83 161 43 145 86 0 176 0 47 255 45 208 255 86 200 255 134 39
    125 255 124 0 161 110 0 0 0 0 87 255 255 0 186 0 172 52 0 0 118 185
    244 0 153 255 160 255 214 16 0 18 119 59 0 255 39 255 255 102 195
    188 255 75 197 208 145 3 96 0 138 115 255 203 255 0 211 255 255 32 0
    138 43 63 93 255 0 170 156 0 0 212 6 15 99 65 255 113 255 64 119 255
    255 255 166 47 0 75 168 0 0 241 236 0 0 107 0 255 255 74 15 255 0
    169 0 191 226 255 87 0 255 255 61 255 232 255 229 138 189 68 96 24
    62 4 192 100 144 244 0 166 238 0 97 245 255 156 85 255 186 0 39 208
    31 255 60 163 255 103 201 84 0 0 157 45 104 246 0 255 166 17 255 0
    71 255 213 255 0 255 0 0 75 19 233 203 0 137 33 255 236 0 243 88 23
    236 54 155 255 10 0 255 171 173 23 207 114 255 205 106 255 0 201 156
    238 0 148 119 33 119 187 158 255 70 115 0 193 224 49 255 131 255 229
    5 255 255 78 255 92 175 206 0 208 56 255 226 255 128 255 139 142 161
    45 17 255 181 210 43 179 255 216 143 225 100 45 0 255 255 0 153 45 0
    55 146 223 0 255 211 250 0 133 215 0 91 0 0 64 0 0 24 13 0 255 73
    255 0 196 106 162 255 217 231 36 0 33 213 0 0 0 255 255 0 180 128 5
    1 0 0 0 0 255 28 244 169 42 187 24 13 24 255 77 163 7 247 205 255
    126 95 42 197 255 182 219 255 255 0 44 0 190 11 56 255 143 255 241
    224 255 192 0 38 53 140 255 14 32 255 239 116 62 105 137 0 81 255
    255 114 58 11 0 255 0 245 177 0 193 62 0 3 255 0 252 255 181 255 231
    250 11 0 249 0 127 0 72 178 187 0 86 63 255 101 255 82 225 255 115
    255 15 0 193 114 255 43 0 71 181 198 145 255 89 107 13 94 158 4 37
    120 228 212 55 94 200 181 255 39 0 255 0 10 110 255 0 255 194 254
    255 0 81 224 166 219 65 143 0 3 255 0 52 0 255 15 0 0 13 99 255 0 0
    255 172 65 60 173 255 198 144 0 47 192 0 0 213 255 255 82 255 196
    255 10 136 255 117 0 255 63 0 109 115 0 19 0 92 58 212 6 255 16 123
    0 175 0 6 0 0 172 138 255 255 158 255 56 255 255 223 176 255 27 103
    0 208 255 110 255 31 0 0 0 211 246 250 24 0 115 88 161 185 107 218
    239 92 149 0 255 78 30 255 140 178 255 0 255 24 76 255 129 5 112 89
    65 0 115 255 156 38 225 170 76 235 0 83 108 0 42 150 191 255 250 229
    180 78 255 210 78 0 255 141 195 0 197 42 149 33 241 45 216 139 159
    219 198 134 80 136 255 191 230 255 11 190 138 122 149 239 0 0 255
    254 209 225 114 255 204 255 100 255 209 7 255 255 69 0 224 48 219
    247 255 255 233 255 255 161 43 198 255 255 223 255 161 246 34 0 183
    31 144 255 183 255 255 236 140 255 235 255 37 182 255 0 62 116 0 51
    217 156 0 43 159 239 244 101 251 0 159 59 241 19 199 255 0 211 189
    23 203 223 0 96 84 115 255 39 0 141 62 15 0 210 0 0 171 254 142 0
    234 24 0 247 99 35 0 255 2 0 0 251 160 255 208 136 202 0 255 233 49
    0 122 250 155 65 0 255 4 40 255 0 167 80 253 3 255 41 54 255 134 34
    255 51 247 0 130 83 255 97 133 0 45 0 22 155 65 231 185 145 69 195
    25 255 194 255 0 255 255 255 255 0 255 255 255 49 255 158 64 23 189
    135 91 74 145 63 0 0 239 255 118 227 255 30 255 255 205 255 14 47 10
    140 255 0 194 38 15 197 255 107 0 0 244 0 0 255 255 255 153 102 0
    182 126 80 102 97 0 64 60 73 255 77 255 255 5 113 255 11 223 255 155
    50 5 179 0 122 255 0 10 189 139 255 31 0 209 198 255 75 141 0 255 0
    53 139 222 219 172 255 0 255 255 125 0 206 201 177 81 212 80 0 52
    210 194 255 239 149 255 0 78 227 219 255 3 66 255 140 139 0 0 145
    189 255 115 143 131 225 255 56 167 146 160 125 208 52 255 188 117
    180 0 255 120 0 108 251 111 91 84 186 255 231 255 20 255 198 88 255
    169 255 0 105 64 255 0 255 255 255 253 255 2 218 194 255 0 16 80 66
    19 131 191 137 129 66 0 56 223 255 61 0 189 118 0 11 177 230 27 0
    199 203 164 0 19 151 0 228 148 70 0 255 255 255 255 0 255 17 191 165
    110 255 49 231 119 0 184 4 0 130 21 255 0 23 223 203 30 0 213 219 0
    0 255 0 204 26 0 80 191 150 140 0 255 22 9 72 32 255 116 160 0 189
    18 187 5 118 143 89 255 98 0 255 0 0 114 66 0 0 117 0 0 196 91 0 31
    255 0 255 30 0 255 255 126 228 0 126 255 0 255 0 66 0 157 255 255
    206 214 54 255 19 0 255 204 4 232 8 126 74 0 255 0 255 255 0 198 255
    0 188 0 229 0 34 179 40 140 0 185 0 234 122 146 0 255 23 218 255 255
    161 70 61 169 65 193 230 173 104 0 73 255 89 66 177 255 14 190 112
    49 255 142 255 88 212 255 193 178 106 209 75 255 203 0 0 48 43 255
    159 110 0 0 45 122 0 255 0 163 250 255 0 85 80 0 19 0 140 255 155
    218 241 51 0 116 125 206 77 159 31 255 53 22 255 154 253 0 86 0 198
    0 246 71 202 0 255 130 0 0 63 0 139 58 157 255 222 255 0 80 161 0 15
    0 29 113 191 255 0 255 0 0 211 255 71 218 36 0 123 0 219 105 27 215
    0 191 124 127 255 255 109 67 255 249 114 39 103 255 0 183 255 215
    139 0 255 0 0 255 232 216 255 0 255 4 255 255 76 60 255 255 0 3 52
    49 100 255 0 213 181 158 149 207 119 104 90 0 8 216 95 222 147 54
    115 193 144 255 155 180 0 34 125 0 212 130 173 61 18 218 0 0 50 0 69
    172 0 186 61 205 234 168 0 118 194 0 129 186 0 0 35 255 0 169 255
    100 255 187 102 80 82 255 98 212 0 68 67 255 0 255 255 16 204 17 25
    255 116 124 70 210 0 86 111 0 123 0 0 133 255 148 103 146 42 226 142
    255 176 255 195 159 105 25 238 14 157 0 191 0 228 143 0 144 255 255
    158 199 19 10 183 186 140 255 213 0 227 0 4 190 9 121 0 189 0 0 249
    62 217 149 255 239 27 255 27 255 29 89 174 255 36 5 148 0 58 70 136
    0 255 51 133 79 143 0 255 68 2 21 255 255 114 11 190 0 232 255 0 118
    95 35 52 0 122 255 255 7 236 0 123 167 249 0 255 49 0 121 58 240 70
    255 245 86 0 255 229 0 0 0 0 132 255 255 255 53 108 255 218 228 0 0
    0 239 38 13 0 196 219 255 178 255 236 125 0 255 127 255 255 222 221
    23 0 237 143 255 182 200 214 171 26 208 0 215 0 255 255 235 187 0
    255 0 61 248 209 255 154 255 255 30 0 255 136 24 173 142 0 34 255
    173 0 0 56 0 63 126 189 165 0 255 66 156 189 255 0 252 213 200 0 130
    255 247 0 28 90 0 73 0 227 0 217 255 0 15 247 235 41 200 245 128 177
    34 82 148 0 227 83 0 208 185 55 205 73 44 255 255 0 43 151 191 13 15
    37 219 48 0 41 170 255 0 0 235 0 247 255 44 160 133 0 232 255 255
    135 114 14 79 90 222 23 208 255 0 149 255 0 47 255 121 255 136 196
    108 61 219 175 255 0 171 13 22 0 251 255 168 29 31 226 136 5 0 171
    117 230 24 255 182 255 54 255 255 192 255 255 113 33 110 255 150 21
    0 70 0 75 200 255 0 203 188 17 14 0 0 249 165 39 0 255 0 255 0 42
    117 198 198 23 188 207 219 255 232 223 109 174 0 0 255 0 73 131 255
    232 188 0 67 255 0 62 255 153 43 0 37 28 189 211 123 0 0 150 0 198
    185 61 0 234 187 162 255 179 46 0 96 255 86 172 213 0 44 227 169 255
    66 0 255 255 132 50 197 84 39 171 255 0 255 95 0 255 255 207 255 192
    80 255 177 0 255 108 255 181 255 255 0 214 121 255 255 109 40 0 0 38
    36 84 115 89 181 255 222 178 242 255 0 96 93 232 200 1 137 255 12 0
    0 160 243 245 102 13 221 30 241 226 10 113 57 168 99 86 177 0 42 0
    163 145 180 60 68 125 0 255 149 37 67 255 231 201 0 198 232 99 255
    133 178 19 217 51 200 255 213 255 62 255 199 208 88 60 66 255 239
    255 226 142 253 0 142 10 14 56 213 0 189 165 255 0 122 101 255 46
    168 255 29 88 255 255 0 0 255 0 60 101 255 255 243 107 112 0 207 255
    147 65 153 255 2 44 152 0 0 169 0 0 131 255 7 140 0 0 194 17 255 118
    3 162 0 255 255 69 106 240 173 255 255 62 235 252 185 0 94 0 250 255
    30 255 0 58 193 113 34 255 255 134 129 0 0 255 255 109 221 0 255 47
    112 0 0 255 106 0 50 205 255 255 206 157 241 172 0 86 148 255 0 39 0
    29 88 58 132 130 208 70 0 198 255 0 89 88 29 230 255 115 58 255 255
    0 221 17 226 12 106 0 206 116 255 131 155 255 218 255 132 0 221 0 0
    8 220 94 239 87 40 59 122 0 25 164 0 120 112 95 117 255 255 127 20
    99 183 10 0 175 255 74 59 92 255 132 97 75 0 5 174 109 47 182 47 187
    255 84 160 172 137 181 255 0 89 182 0 69 155 255 255 0 93 133 50 0
    16 255 0 42 212 255 255 201 52 255 0 0 0 0 0 88 0 166 0 255 118 0 0
    255 181 202 251 255 23 127 255 136 41 0 110 40 0 114 5 50 85 167 88
    255 219 199 143 255 0 173 11 7 255 123 90 187 28 178 164 148 255 249
    216 53 163 255 161 119 20 165 0 134 162 0 228 0 0 0 255 0 70 162 200
    255 255 198 37 255 17 46 5 0 255 58 255 255 187 108 96 225 77 0 110
    152 232 248 0 79 27 26 239 255 235 69 255 244 109 161 252 91 255 185
    124 255 11 72 221 58 144 233 0 0 51 179 239 57 0 103 255 255 255 255
    15 255 255 255 79 76 0 70 1 28 214 0 255 0 32 189 18 0 105 255 0 0
    58 96 255 255 255 97 167 255 131 39 254 57 0 17 104 255 128 10 89 0
    76 0 0 206 255 75 114 233 255 255 106 255 215 102 255 255 0 50 0 255
    104 255 239 195 246 0 255 118 0 185 205 0 98 142 0 218 223 25 117
    255 221 215 255 255 238 0 255 132 28 166 0 255 123 86 0 163 255 18
    127 210 138 255 0 245 255 61 206 164 228 97 252 236 133 255 0 2 255
    164 0 255 84 0 0 0 186 153 252 255 210 84 0 17 150 0 0 0 255 0 67 57
    15 106 0 125 83 86 129 255 167 221 182 255 255 0 0 72 255 0 135 106
    172 0 8 220 184 255 0 174 189 255 255 160 0 129 91 118 132 222 0 129
    0 255 134 0 90 164 119 0 136 0 255 17 199 179 63 6 255 17 119 255 0
    255 182 32 0 255 69 209 57 153 255 58 0 0 255 178 0 22 255 157 0 255
    31 185 255 254 200 118 203 137 20 0 88 87 16 255 0 0 255 138 147 99
    255 255 79 241 0 0 143 119 217 255 151 1 101 191 48 79 246 0 135 0 0
    235 56 0 0 255 242 255 24 255 255 255 101 0 163 124 44 255 0 153 78
    146 71 223 110 0 55 27 35 255 20 86 51 109 127 204 103 71 224 69 147
    156 5 90 255 255 255 65 201 49 170 0 23 163 202 163 0 255 255 0 72
    12 252 0 78 255 0 255 8 255 243 193 19 255 214 255 11 255 64 32 8
    196 0 76 90 102 124 151 255 0 0 9 255 255 139 255 0 0 0 0 94 38 201
    255 119 255 70 61 249 255 54 117 150 129 51 55 255 109 117 255 131 0
    0 0 61 0 65 47 221 255 234 0 0 14 119 255 255 130 255 64 228 0 232 0
    0 168 23 47 178 207 255 0 0 57 0 6 60 134 229 254 122 138 76 255 7
    255 0 0 7 68 0 198 255 24 169 0 50 255 135 0 0 113 0 183 181 70 18
    62 0 49 160 110 0 165 66 255 50 0 154 176 193 60 7 0 255 255 107 25
    255 146 255 245 123 255 172 0 0 255 90 0 44 147 255 255 241 146 205
    4 255 255 124 242 0 255 0 255 0 0 255 107 243 233 150 189 69 120 255
    255 0 191 255 243 0 126 220 255 184 96 255 225 188 0 6 0 0 113 0 40
    255 240 255 184 63 0 255 0 47 255 184 0 255 255 232 255 246 220 0 0
    183 222 224 212 255 168 224 0 255 255 9 75 201 14 117 255 244 50 27
    118 142 134 0 5 65 42 255 0 1 239 68 0 1 130 213 0 255 23 31 126 25
    103 255 239 39 0 251 45 248 105 255 255 0 43 153 255 249 189 94 3
    106 39 131 214 148 255 245 255 255 2 27 255 242 84 181 210 255 194
    227 154 255 66 108 255 255 69 174 230 230 0 62 198 0 0 218 0 253 60
    0 255 255 255 75 0 119 115 185 0 15 24 65 137 232 255 72 16 255 255
    0 57 0 6 208 0 0 171 168 75 0 81 223 122 63 255 167 100 69 30 123 0
    122 102 0 14 74 61 126 255 255 38 0 206 0 0 126 255 3 40 48 119 157
    0 76 16 255 0 202 112 255 255 0 206 154 0 122 7 255 99 155 255 108
    17 105 54 87 0 211 224 130 107 150 222 255 0 74 232 232 241 236 0 61
    101 29 185 0 255 0 0 92 47 10 0 122 121 255 255 106 255 18 174 255
    185 15 238 255 111 173 14 79 103 255 120 255 190 0 255 255 144 51
    208 0 164 150 0 46 255 217 172 186 122 204 183 236 255 51 255 114 0
    0 255 255 176 38 255 255 186 43 204 255 110 0 130 0 215 0 150 255
    255 49 0 193 89 255 120 121 118 160 92 70 247 255 0 255 24 0 126 0
    118 129 255 93 152 0 56 0 255 60 78 255 125 0 69 255 211 221 18 0 89
    0 80 2 0 255 210 255 11 255 40 203 0 105 46 165 45 0 255 0 250 0 169
    255 50 117 0 181 255 84 0 255 0 0 32 0 255 13 11 162 13 193 255 205
    233 255 114 249 255 203 0 50 0 255 152 166 255 61 72 97 86 255 0 0
    103 156 93 26 193 62 0 94 255 255 168 255 44 94 76 0 0 0 255 255 41
    255 9 0 209 5 137 74 255 109 176 0 0 16 82 220 197 107 0 13 255 108
    0 218 91 182 210 160 193 6 0 0 109 255 0 21 174 145 42 255 120 175 0
    166 57 239 177 217 74 252 139 0 255 255 175 255 175 255 122 255 255
    255 85 158 7 22 227 87 109 181 255 144 255 238 0 166 0 224 255 93 33
    244 232 255 255 210 255 255 233 13 0 105 98 117 232 0 255 255 86 108
    228 253 0 255 182 255 232 255 48 187 215 0 5 255 0 0 255 189 255 158
    55 27 82 25 219 0 249 164 164 0 0 226 79 255 42 196 249 191 255 255
    255 0 0 0 226 143 201 0 0 158 156 0 67 38 201 0 150 255 0 66 176 22
    185 0 231 82 0 39 159 25 237 0 255 86 122 255 182 0 215 255 11 160 0
    255 23 48 39 76 147 43 80 13 27 10 255 135 244 212 35 255 41 255 58
    230 60 107 255 32 0 255 154 248 0 0 255 0 79 58 245 0 122 236 152 98
    0 169 255 255 166 255 67 30 210 4 0 142 0 0 255 54 68 31 224 0 84
    255 0 255 197 255 162 45 255 23 241 255 255 87 255 234 0 0 108 207
    214 243 255 72 160 243 252 55 99 255 190 255 1 36 158 184 129 111
    221 255 75 221 0 255 227 115 0 24 153 8 131 0 183 255 144 0 10 255
    188 223 3 0 154 180 103 243 156 0 110 134 100 255 0 255 98 148 5 192
    86 255 0 255 86 24 40 7 227 39 81 145 228 65 255 151 0 92 255 91 66
    190 0 142 120 76 68 93 50 254 255 65 255 110 187 0 0 119 102 199 0
    114 255 183 0 73 94 106 0 145 68 255 243 39 0 0 141 255 0 0 255 78
    255 12 255 0 230 84 237 255 0 255 24 255 17 115 149 12 0 255 228 229
    117 232 47 0 178 255 252 147 190 101 152 249 98 70 14 78 0 0 183 90
    127 98 71 12 236 25 24 93 255 232 134 210 250 255 109 134 255 255
    252 255 177 255 102 255 255 130 109 99 242 116 0 255 45 255 32 22
    149 0 102 255 0 0 223 0 255 104 121 0 0 43 0 0 0 0 43 255 0 106 208
    0 205 91 0 0 0 0 47 221 255 124 39 133 0 170 168 59 157 42 185 255
    62 255 20 67 57 73 140 201 0 255 25 52 255 0 255 144 255 120 245 138
    255 34 194 255 49 0 191 60 0 63 0 0 122 26 255 195 229 255 0 0 0 245
    255 76 85 255 0 90 54 255 187 0 161 23 200 15 65 133 83 0 43 191 76
    0 170 154 253 255 154 180 145 68 0 135 0 0 141 209 255 0 0 0 85 39 0
    242 0 99 81 0 255 15 116 255 255 239 0 255 0 255 255 0 93 255 196 33
    215 66 192 230 255 30 0 0 202 99 0 216 53 140 0 98 105 97 253 163
    255 118 0 55 56 151 0 119 13 0 204 160 255 0 116 203 255 0 64 0 0 0
    46 177 72 229 246 206 1 168 0 0 238 129 209 71 170 135 167 255 220
    212 104 23 0 255 85 0 54 232 231 154 69 41 71 255 32 255 93 38 255
    255 255 31 255 255 0 224 221 211 128 168 235 162 103 0 116 153 0 255
    0 0 255 255 0 231 171 255 159 230 64 128 255 233 169 255 250 255 51
    0 40 255 242 87 8 145 255 255 255 138 114 255 176 114 55 148 204 86
    255 223 255 112 236 65 71 140 0 238 143 167 60 99 219 228 138 253
    255 90 216 0 255 186 15 150 154 186 93 10 136 182 193 0 43 46 167 84
    48 0 19 106 0 255 245 177 194 175 103 255 182 249 102 230 255 23 255
    5 0 187 99 119 32 17 255 72 63 88 0 129 255 107 50 51 124 44 77 22 0
    41 1 0 255 250 215 219 0 214 255 246 255 87 117 255 188 30 95 255 18
    128 56 255 117 0 255 200 79 255 255 194 84 0 255 0 175 255 64 112
    110 85 29 81 41 48 136 71 78 69 47 0 174 146 0 229 19 48 80 129 208
    123 11 16 28 0 42 95 0 61 150 0 35 100 0 182 7 116 255 0 101 143 0 0
    110 51 20 230 175 110 73 228 34 112 25 255 255 138 149 205 255 187
    161 132 236 38 255 255 221 188 7 255 102 91 21 64 17 178 0 86 224
    230 74 221 25 165 19 255 2 0 99 164 218 255 52 0 110 0 133 225 255
    80 182 255 0 255 0 255 26 0 0 177 132 75 154 45 67 131 243 36 160
    255 180 255 0 140 147 241 81 255 255 0 255 174 107 255 237 188 205
    165 104 161 238 69 135 73 175 255 220 196 0 119 79 221 0 0 62 46 183
    88 255 255 255 173 46 255 0 255 196 0 222 0 0 110 164 36 55 46 225
    28 137 74 255 47 173 210 95 77 210 131 55 0 0 69 104 255 153 73 61
    232 33 97 66 0 111 0 234 135 0 161 25 0 77 27 104 0 239 255 221 143
    161 3 255 0 213 114 255 80 122 255 161 251 217 255 255 255 0 0 0 0
    255 0 0 11 0 255 21 84 255 255 148 255 10 212 0 0 0 189 255 255 0 40
    0 244 53 0 255 255 51 132 135 217 0 205 242 0 0 79 0 0 246 172 48 0
    128 131 0 97 239 3 255 244 0 162 26 149 43 228 255 52 117 30 43 168
    128 33 183 255 255 255 16 255 255 190 208 242 255 0 10 0 255 249 255
    255 189 255 26 199 0 0 255 0 149 255 0 255 204 208 255 0 16 18 71
    255 134 255 81 224 0 0 0 116 220 255 106 0 201 0 0 230 127 16 255
    255 193 214 171 67 145 252 0 255 192 44 62 255 7 47 255 255 149 214
    7 95 255 214 26 12 203 132 255 27 134 255 99 255 40 223 72 195 51 0
    166 238 251 255 104 205 255 138 151 255 20 59 0 138 154 48 246 197
    254 94 55 0 133 120 18 250 0 0 0 152 195 83 88 161 0 62 210 0 12 165
    0 0 59 38 255 65 85 255 233 10 0 255 219 255 176 187 0 0 195 246 0
    103 235 13 116 49 255 69 89 156 255 255 255 255 21 0 143 217 48 255
    197 76 215 0 0 79 21 0 9 227 63 103 199 0 255 221 21 255 176 55 220
    62 4 167 14 67 53 0 201 0 126 102 0 255 255 45 255 10 75 185 202 255
    84 0 193 0 245 255 176 123 218 238 0 95 255 34 0 121 125 255 0 183
    255 255 60 43 255 61 0 158 75 0 48 128 0 0 238 233 50 119 160 255
    150 255 255 255 185 255 49 203 255 125 0 3 184 122 47 255 240 0 238
    255 83 160 114 255 61 121 23 0 0 255 0 36 255 255 83 38 159 124 0
    255 121 0 172 249 0 36 30 145 151 230 0 39 255 145 1 255 1 255 0 139
    255 255 0 0 0 192 88 27 255 0 95 255 175 242 255 0 91 92 0 198 253
    118 60 255 59 27 124 0 115 39 161 85 176 28 124 153 179 11 255 0 126
    141 255 255 117 18 31 151 0 255 102 255 39 0 108 255 255 0 255 215
    233 33 255 255 251 59 97 44 255 195 255 255 89 0 255 146 36 196 254
    0 138 255 255 251 194 253 255 255 242 0 191 232 0 57 93 0 255 15 26
    216 106 227 0 230 46 170 239 182 239 33 88 0 164 255 199 0 17 0 12 0
    0 136 255 97 25 142 85 29 0 255 0 199 126 255 43 247 255 255 58 93
    192 179 213 150 0 203 0 167 0 79 255 219 183 255 0 255 126 255 105 0
    0 0 255 194 247 154 187 221 0 255 0 0 255 112 255 0 245 152 255 255
    3 231 0 126 0 0 37 161 0 188 255 90 99 0 255 63 233 246 99 0 199 0
    156 26 195 232 246 191 0 175 81 10 255 150 111 73 183 187 0 0 150
    228 255 207 23 0 205 120 0 174 255 0 120 0 0 101 101 0 0 26 168 255
    71 11 255 0 255 222 255 74 162 139 185 162 100 35 143 18 228 0 255 1
    255 248 147 69 78 185 25 207 123 124 0 12 54 40 0 255 181 201 3 38 0
    12 239 38 36 84 255 255 77 0 255 59 0 255 0 37 2 26 134 81 129 223
    80 0 16 168 18 67 0 253 255 0 129 152 255 85 61 202 70 140 189 255
    130 4 169 51 255 85 9 31 255 130 129 79 116 107 0 67 24 134 189 255
    255 0 0 71 165 130 160 106 255 0 0 0 63 0 86 12 255 141 255 76 98 12
    55 0 235 146 43 255 14 21 171 249 183 255 0 96 73 200 0 0 255 255 0
    200 154 146 0 255 255 68 10 110 105 249 0 0 80 176 19 0 156 0 255 0
    119 0 130 216 0 34 130 255 0 202 98 0 255 65 0 0 228 245 255 117 82
    0 0 117 159 0 14 44 147 141 0 255 21 255 255 204 78 255 244 178 255
    196 234 255 0 65 160 0 255 255 210 255 244 58 201 180 192 174 187 90
    195 41 0 255 247 64 168 0 255 187 0 0 32 130 0 112 237 94 93 181 255
    96 0 255 0 0 0 48 155 91 0 162 255 0 255 87 255 0 145 253 117 0 160
    0 0 6 66 255 55 129 0 217 201 5 123 231 77 187 255 109 53 199 37 0
    255 38 146 0 173 82 213 255 252 255 217 122 217 195 0 0 165 73 231
    31 9 255 165 114 175 255 255 75 146 5 134 53 255 1 188 179 175 106
    221 0 0 209 92 255 0 172 214 173 79 185 62 61 255 229 177 252 255
    119 0 205 67 66 255 77 111 37 255 52 0 187 255 0 174 97 0 4 244 247
    71 255 255 71 255 255 110 255 108 109 28 255 0 2 128 245 255 160 114
    179 134 0 47 255 46 255 97 91 255 54 255 50 229 255 29 0 127 16 82
    88 255 189 113 85 104 104 93 0 200 73 54 159 0 41 255 105 106 224
    255 0 116 255 255 38 255 255 48 28 255 71 163 96 0 169 255 0 194 255
    34 227 0 180 0 48 255 251 251 208 22 255 255 0 0 83 0 64 41 192 255
    0 255 7 136 255 220 0 163 0 0 170 8 9 28 251 113 202 90 255 25 0 46
    79 0 113 210 0 238 136 148 12 0 114 0 0 0 161 61 255 255 255 42 21
    229 160 0 47 104 0 177 255 106 255 0 254 0 0 255 139 214 255 255 255
    243 0 255 108 180 60 3 255 156 0 255 0 0 69 255 116 220 198 30 54
    255 253 0 255 136 223 255 0 0 82 196 21 0 255 129 255 73 90 149 255
    0 170 142 96 26 99 138 89 134 0 181 255 217 202 171 255 222 210 145
    0 0 226 192 136 0 255 255 255 162 142 150 193 156 127 148 255 146
    113 162 23 0 0 251 0 0 241 50 255 255 0 74 255 104 195 0 172 243 192
    0 1 0 158 208 255 212 255 255 240 141 128 255 226 255 0 105 0 0 149
    0 193 255 0 255 54 0 174 82 0 0 255 234 253 61 255 56 240 83 241 0
    212 141 139 134 0 231 26 255 110 65 255 141 16 0 43 255 9 255 83 123
    68 110 255 163 157 125 92 255 124 135 0 202 121 0 221 212 217 0 192
    0 164 108 12 255 128 0 239 0 91 4 250 255 0 255 40 255 254 131 176
    255 153 255 0 223 211 0 21 135 0 182 215 34 255 0 228 0 4 202 27 255
    255 205 70 255 0 176 255 255 255 11 146 255 37 255 255 87 31 255 255
    64 0 233 255 117 132 80 7 255 158 255 250 76 0 103 139 42 132 197
    217 20 144 0 65 152 0 255 118 68 0 250 199 69 34 21 231 255 255 6
    255 0 0 225 255 3 180 140 246 138 9 0 112 255 0 249 0 148 0 199 255
    0 55 122 207 43 0 0 0 0 255 255 107 185 0 255 248 224 141 77 255 255
    51 255 0 32 17 164 0 58 142 0 33 177 0 91 20 145 255 155 160 240 106
    134 255 24 255 191 0 107 27 147 157 0 207 255 12 0 225 255 190 74
    198 18 166 0 0 69 255 255 255 255 7 38 181 255 255 184 255 132 189
    255 137 110 179 0 169 159 255 255 195 177 133 255 213 255 196 164
    255 19 255 216 174 255 232 28 151 249 104 0 0 31 57 136 119 17 98 0
    246 81 236 192 44 248 129 243 198 255 99 20 255 81 255 0 0 216 30 0
    255 255 136 237 255 232 255 0 0 95 16 255 26 255 103 27 0 71 0 255 0
    207 156 0 255 245 150 202 186 58 201 234 0 203 0 4 0 66 255 255 47
    136 214 0 222 255 110 37 19 0 228 0 103 255 255 253 65 229 33 54 176
    0 189 255 90 130 28 35 203 255 98 200 43 249 0 251 229 43 234 0 96
    189 0 187 255 164 255 255 0 94 0 0 64 0 123 188 255 60 48 0 255 108
    162 237 215 255 152 0 155 222 212 0 176 255 255 88 113 59 3 63 0 0
    255 154 255 255 0 66 0 41 57 0 145 203 235 185 140 255 190 255 46
    157 255 1 255 255 237 70 7 165 0 210 0 255 0 129 255 71 255 0 255
    118 185 225 255 255 110 255 231 143 0 255 255 236 155 21 255 146 19
    0 97 174 82 0 0 106 203 255 255 80 118 208 238 132 52 179 25 0 65 72
    44 202 87 98 36 107 132 0 255 185 255 129 154 255 80 33 0 251 255
    249 55 255 89 0 45 0 8 0 98 243 194 157 255 221 87 17 255 0 101 232
    0 255 51 185 19 255 0 255 0 255 227 57 140 126 247 255 49 0 54 74 0
    111 29 255 110 64 102 19 0 255 94 255 12 104 0 65 113 254 106 112
    228 255 255 255 230 214 45 1 240 255 50 185 152 0 255 0 0 0 204 64
    65 255 255 0 0 74 255 211 0 145 248 228 57 205 121 0 39 128 255 172
    255 255 255 42 73 255 44 0 218 0 0 41 122 0 0 237 255 0 144 125 255
    255 34 138 60 19 0 0 57 0 0 167 255 171 255 255 255 50 144 255 170
    222 12 47 255 55 255 0 58 135 251 221 255 30 77 206 189 0 255 255
    129 221 61 38 95 255 109 19 0 216 168 237 228 48 0 4 45 87 0 189 139
    50 0 255 160 235 255 0 104 39 255 65 89 0 255 186 255 255 81 60 0
    255 188 255 62 128 255 0 23 255 44 163 255 149 141 238 255 77 170 0
    255 255 104 255 109 4 118 255 255 234 175 0 255 62 206 115 16 255
    229 73 98 72 222 49 255 255 22 1 255 11 93 255 115 140 0 0 57 255 0
    175 255 28 255 0 0 255 168 255 0 138 255 87 255 255 0 0 255 64 0 255
    255 104 255 255 165 99 0 255 0 255 0 213 168 225 0 235 81 220 70 207
    0 0 204 223 0 0 144 184 191 190 255 89 229 0 93 192 179 255 45 44 11
    255 149 130 78 255 226 47 213 81 0 35 208 255 242 0 42 255 0 0 41
    255 255 68 0 227 250 53 0 79 247 21 54 39 11 0 255 0 113 52 4 255
    118 255 185 66 207 134 105 88 252 158 134 30 0 0 0 202 0 59 102 255
    255 169 244 227 147 0 74 255 99 98 18 232 255 189 192 219 255 255 0
    57 124 0 0 39 44 76 97 80 255 191 255 157 177 255 146 255 45 113 255
    158 255 43 0 160 175 66 1 218 255 0 233 111 5 255 255 152 152 0 0
    207 229 0 0 142 219 0 255 255 0 57 202 117 49 255 5 109 0 170 6 80
    255 0 255 222 24 68 0 242 247 93 46 0 156 0 26 11 167 147 0 135 84
    240 68 255 255 0 61 255 0 12 152 0 214 0 197 255 0 0 29 63 28 93 0
    130 0 47 31 13 34 0 12 219 195 127 149 181 0 57 255 110 34 156 8 255
    255 223 221 61 0 229 0 213 9 10 0 175 226 139 0 69 255 0 62 138 112
    255 255 153 137 77 219 212 151 245 255 0 255 255 138 206 0 0 30 49
    200 255 152 255 0 75 213 224 0 203 0 0 241 255 25 237 209 88 194 174
    241 255 60 120 157 219 46 223 112 204 109 188 212 134 85 35 0 0 195
    25 165 0 0 0 31 29 240 255 253 246 240 63 0 128 173 95 202 8 0 164
    103 45 227 254 255 96 255 255 85 177 26 103 108 31 0 178 255 255 236
    138 0 0 81 0 148 255 247 0 155 175 24 0 255 89 255 144 167 122 0 255
    104 124 0 69 0 135 106 255 152 255 5 139 121 0 172 255 100 255 26
    130 0 119 0 255 0 106 255 55 50 0 82 94 193 0 0 255 22 232 255 167
    44 212 129 96 0 234 218 255 27 255 255 255 0 199 247 9 0 167 29 0
    200 141 255 58 107 255 212 255 236 39 158 255 169 58 89 172 0 82 255
    78 58 0 0 212 166 2 0 141 0 255 105 255 174 235 255 93 145 114 255
    210 168 92 255 20 255 54 255 87 56 128 0 0 114 0 0 7 249 255 226 0
    136 134 255 255 179 255 234 0 108 62 238 219 0 255 255 116 216 1 0 7
    59 0 77 133 0 204 111 0 136 255 0 177 215 37 230 56 210 118 102 235
    101 0 255 201 34 0 0 0 0 0 0 0 255 156 242 0 255 225 255 255 75 47
    55 91 255 199 83 183 173 164 255 46 151 249 151 219 255 255 59 85 0
    255 73 255 242 40 129 14 51 92 255 17 220 61 73 255 110 255 0 255 0
    16 195 157 25 255 0 255 0 106 0 255 255 20 137 0 0 26 209 249 0 251
    122 253 193 255 36 0 0 72 255 60 255 198 102 74 243 0 56 226 228 153
    203 0 255 0 0 52 255 137 19 0 255 146 0 178 170 12 18 156 0 175 0
    190 223 255 255 59 58 62 255 213 228 93 0 111 151 35 59 255 255 141
    173 96 0 178 172 59 126 255 84 173 71 0 37 142 0 161 255 157 0 255
    255 175 0 0 255 59 58 0 172 100 0 248 255 0 159 76 0 255 59 112 0
    132 198 200 255 51 235 170 0 5 0 196 250 40 136 109 255 0 255 176 9
    161 38 255 191 2 0 78 197 255 0 255 42 0 255 0 49 159 0 111 224 0 93
    250 255 255 0 108 239 0 82 255 255 91 255 199 90 245 63 225 116 74
    187 5 255 36 255 69 17 201 0 0 45 34 39 255 56 255 14 255 65 179 125
    0 252 193 255 255 255 0 0 197 24 162 41 39 67 145 255 20 219 61 0
    196 73 0 0 255 164 0 153 243 250 0 54 143 73 96 94 0 142 185 44 255
    0 255 120 202 0 0 116 148 82 171 82 255 2 0 31 254 125 177 196 101
    152 233 95 0 48 44 0 204 216 176 251 150 194 195 255 47 157 0 0 144
    0 45 255 243 169 75 25 120 26 212 46 103 105 110 209 92 203 255 47
    42 0 255 35 0 13 0 131 0 255 212 58 185 92 80 31 0 0 55 85 0 182 83
    255 167 255 245 0 238 255 255 138 255 4 45 119 0 125 0 4 255 249 0
    34 0 0 118 152 33 255 4 185 28 117 170 255 88 0 215 0 124 255 78 78
    252 26 169 231 226 239 84 255 255 0 208 119 66 208 0 0 172 3 166 141
    226 0 244 0 18 25 198 98 255 0 18 220 255 0 44 0 0 255 78 0 0 8 203
    243 52 255 197 0 92 164 0 255 211 224 162 255 0 104 229 72 0 0 255 0
    54 9 255 255 255 255 234 0 255 111 50 20 0 255 42 0 183 176 12 22 0
    177 203 19 52 8 88 193 255 0 108 255 28 61 255 0 0 238 6 69 255 188
    255 213 46 255 128 107 255 255 31 216 0 19 43 126 173 74 255 0 23
    255 82 220 230 76 48 0 0 251 53 162 0 98 72 0 0 0 66 255 217 246 13
    204 255 103 155 255 3 0 255 195 255 239 216 0 0 0 63 94 96 210 172
    71 0 199 0 14 101 102 69 255 176 83 255 156 255 255 156 9 254 81 47
    182 0 167 6 0 255 192 0 212 255 255 88 186 255 155 107 184 39 240 0
    99 151 0 23 0 69 217 255 150 255 255 187 23 0 189 193 255 76 124 255
    255 255 79 155 225 90 0 144 121 0 166 24 255 255 240 35 13 255 255
    64 189 255 52 236 0 113 66 247 159 210 184 255 0 45 0 0 232 0 0 255
    0 225 116 1 0 195 81 99 70 45 226 255 0 144 0 102 255 255 202 89 255
    106 239 143 214 249 93 71 255 4 0 255 135 85 238 0 213 255 141 0 5
    167 67 0 0 217 121 27 34 0 139 255 106 255 250 243 185 81 141 0 127
    236 255 3 213 145 215 255 172 60 146 0 246 240 255 50 255 147 177
    235 0 232 219 0 132 90 201 0 77 0 238 143 0 168 90 71 233 255 255
    230 0 0 255 153 116 0 255 105 151 255 70 252 41 251 0 0 11 2 75 48 0
    85 241 255 227 111 158 80 67 58 255 0 117 109 0 255 66 182 150 241 0
    255 0 0 255 210 255 0 248 0 255 255 166 137 170 0 226 221 210 0 32
    255 218 255 255 22 175 173 35 238 211 194 156 83 45 0 105 48 255 203
    165 109 164 255 255 136 104 172 11 230 0 201 143 36 129 116 221 255
    0 255 255 255 106 191 255 0 32 44 1 91 80 255 207 48 55 135 42 181
    47 176 231 0 197 60 0 21 255 2 0 206 255 255 0 14 80 0 111 231 214 4
    255 255 255 255 0 178 212 255 48 191 0 0 255 255 91 20 0 177 138 233
    84 213 0 29 42 108 255 255 255 244 200 204 157 0 0 126 185 155 0 176
    0 0 0 255 255 69 248 89 84 0 247 197 53 7 244 114 48 255 41 255 154
    0 255 217 108 0 251 255 0 255 255 10 39 95 157 41 163 253 171 41 163
    180 202 255 140 0 255 239 103 109 0 10 219 240 6 183 8 255 255 230
    133 164 218 81 8 0 255 231 255 153 75 28 0 154 0 189 52 176 0 87 0
    255 255 198 82 23 251 89 0 56 37 5 255 105 246 1 208 0 67 43 0 133 0
    157 83 0 61 28 18 194 234 0 255 255 44 192 0 142 152 41 255 0 255
    141 255 130 96 208 255 255 197 220 63 224 169 230 0 0 140 89 0 255
    86 42 222 255 224 22 255 255 186 255 255 0 255 232 189 0 226 255 128
    127 255 0 200 255 255 221 255 90 255 255 0 12 70 255 167 142 255 0
    80 0 213 184 0 0 255 72 222 227 0 0 146 255 219 114 0 165 168 202
    255 0 59 40 45 81 0 255 59 60 169 223 255 0 224 0 0 0 39 239 255 0
    105 140 197 255 178 0 240 66 255 156 224 202 255 255 255 240 255 255
    106 126 51 167 130 148 48 105 204 255 255 255 17 255 255 34 255 171
    255 255 255 255 151 183 97 178 255 0 0 255 0 255 255 255 209 255 0
    189 14 0 31 0 0 239 166 0 0 255 83 202 6 237 255 236 19 222 166 255
    0 201 255 255 222 255 255 255 0 255 136 0 0 255 0 88 13 0 27 0 0 0
    126 137 233 98 185 140 15 0 166 0 201 255 255 77 234 87 56 101 0 254
    118 0 210 109 204 255 113 241 32 171 153 13 0 255 100 104 255 140 0
    237 0 0 98 255 0 212 0 136 0 34 0 94 255 102 0 17 27 13 255 93 88 0
    0 0 0 54 41 0 95 95 211 194 215 97 247 109 0 0 145 12 94 24 255 193
    208 146 208 190 31 0 255 216 0 203 101 237 51 5 7 37 255 246 197 66
    225 0 255 255 103 255 150 97 31 131 226 16 0 10 255 255 240 142 255
    108 178 0 82 0 208 55 0 28 72 0 203 255 202 21 249 255 0 47 0 0 0 0
    0 49 0 251 0 61 4 38 67 180 48 130 6 255 0 113 0 199 0 121 106 92 90
    27 255 227 236 115 24 195 255 0 255 141 80 140 0 93 0 243 174 31 43
    179 255 136 255 131 91 91 0 156 70 255 90 120 56 255 42 255 230 109
    135 61 255 99 22 55 0 0 240 255 0 139 207 0 179 4 255 36 254 255 255
    146 226 0 186 230 241 0 255 255 94 255 32 0 134 63 11 203 255 88 0 0
    255 255 255 46 207 255 4 255 249 211 0 47 80 255 247 151 128 255 0
    149 0 0 146 45 153 255 0 5 99 112 88 0 187 179 0 193 0 8 244 255 51
    132 206 176 19 0 222 255 190 114 255 39 53 235 107 255 255 146 183
    255 90 59 0 0 10 255 236 210 201 194 255 49 88 38 107 0 84 255 70
    255 0 152 197 171 255 206 255 255 109 209 0 121 255 177 97 142 255
    18 0 255 222 255 0 88 0 0 167 27 201 120 255 0 255 232 92 255 23 152
    0 0 232 125 0 255 255 144 255 35 192 0 232 150 0 14 184 177 231 11
    255 162 255 0 0 26 255 199 0 138 73 96 255 0 62 255 165 235 255 0 76
    70 167 158 121 158 47 255 255 14 111 255 22 13 145 255 0 196 152 0
    114 197 150 164 255 190 0 194 42 255 0 0 81 96 0 255 136 230 87 155
    140 255 113 255 116 77 255 0 244 221 245 170 181 0 0 76 0 120 173
    103 255 210 84 0 136 255 221 137 135 0 255 255 0 0 255 123 93 255
    255 223 80 254 0 10 237 0 0 192 60 0 255 237 29 99 0 145 135 255 172
    180 7 146 0 255 0 23 176 255 106 71 216 255 184 0 212 255 180 0 36
    79 0 255 195 255 43 157 100 1 255 255 255 207 111 255 197 65 71 255
    0 255 255 253 36 9 89 237 255 151 0 254 92 5 115 205 0 255 211 229
    185 98 43 0 159 255 45 129 186 0 95 147 38 19 57 255 211 173 11 213
    0 77 239 144 255 0 0 0 255 173 0 124 249 0 77 43 126 0 125 0 28 255
    255 0 255 255 78 135 255 199 0 165 155 202 254 44 18 255 0 0 123 157
    75 0 123 210 0 0 87 255 0 215 150 251 32 255 142 131 172 126 250 201
    154 102 230 255 156 0 80 36 179 0 228 0 239 57 255 185 78 237 0 0 90
    129 255 10 202 88 101 209 7 236 196 122 255 90 0 69 197 206 96 172
    255 255 92 185 99 87 41 0 127 255 242 226 0 92 78 255 132 0 208 28
    255 255 0 255 53 58 0 255 255 0 0 135 171 255 61 82 255 64 76 1 0 1
    0 217 150 255 48 255 0 204 178 223 123 0 224 98 0 228 0 255 0 99 255
    255 0 255 255 255 255 94 28 255 255 121 0 18 232 162 0 19 0 16 237 0
    255 245 0 0 46 255 255 213 31 255 246 126 0 120 255 95 128 212 255
    61 171 255 0 0 239 0 120 138 108 184 255 26 0 254 255 58 226 190 169
    255 12 0 0 255 45 214 177 39 141 187 41 26 197 165 117 104 50 0 22
    68 255 155 255 255 104 255 84 114 255 0 0 71 255 32 0 115 182 255
    218 255 247 0 255 255 82 23 51 241 160 168 0 0 104 0 0 0 255 159 24
    0 37 255 215 255 151 0 219 235 0 67 255 255 87 255 236 0 255 181 0
    230 255 255 0 187 72 124 23 88 0 30 0 187 238 23 165 51 20 255 0 255
    38 0 151 113 0 115 255 0 137 204 255 0 81 255 0 196 153 255 53 18
    121 255 168 218 11 221 85 176 255 221 255 209 109 189 0 255 0 199
    131 128 67 255 255 255 255 255 255 114 0 208 138 0 128 241 0 32 0 17
    8 140 184 0 0 154 39 177 182 44 255 27 124 255 108 255 0 0 255 120
    255 255 120 135 0 199 255 226 255 0 200 196 255 12 255 193 255 178
    255 255 165 255 69 59 84 0 212 255 164 43 10 64 0 250 204 146 218 0
    44 0 0 34 0 25 144 0 75 227 192 143 154 238 237 13 255 163 76 239 0
    132 255 213 255 255 54 255 91 130 109 0 0 255 0 46 181 248 255 124
    255 255 255 75 255 255 0 81 0 181 235 255 127 0 123 0 255 214 195 67
    255 255 255 254 0 0 0 30 183 0 0 202 202 0 255 0 176 147 70 144 118
    241 225 255 69 116 255 226 136 163 6 255 198 0 74 255 133 28 0 80
    255 0 255 156 255 0 255 31 0 171 0 40 0 0 176 86 248 255 110 45 181
    86 255 255 0 18 0 99 0 225 241 87 57 147 255 0 185 0 79 101 255 229
    72 173 54 159 7 0 255 234 216 241 82 226 157 131 0 0 0 255 255 75
    243 52 255 3 88 0 188 41 0 56 255 205 11 0 230 174 238 255 255 186
    252 255 255 201 255 255 15 6 212 109 0 239 0 132 48 100 255 254 160
    11 255 62 64 0 76 0 203 43 41 194 0 197 123 255 189 215 140 240 255
    145 0 24 133 0 0 255 255 219 232 255 195 89 0 0 120 33 217 255 84
    193 255 79 132 108 225 14 0 255 12 212 68 255 0 187 124 255 31 209
    255 205 0 255 200 255 17 197 59 82 216 160 189 93 246 0 83 0 151 0
    142 141 255 224 0 0 173 255 0 255 0 141 0 124 255 255 49 255 213 255
    43 11 255 53 212 166 0 117 255 185 128 175 237 0 64 255 194 127 80
    25 255 235 96 189 255 158 222 255 85 255 9 0 0 255 255 14 0 161 247
    254 195 0 255 94 240 108 150 112 0 255 212 0 226 255 181 255 229 122
    0 255 220 172 124 56 197 255 119 125 27 0 239 175 233 0 255 42 255
    149 84 72 167 70 255 11 35 112 60 255 255 0 104 243 0 255 255 255 0
    246 220 212 255 193 255 255 198 0 191 141 127 158 127 0 255 154 8
    255 17 255 255 92 111 97 171 173 255 255 186 224 255 0 255 91 119
    255 90 30 179 105 255 244 0 240 58 175 111 28 0 205 169 0 0 0 0 48
    95 2 0 110 245 23 115 158 80 251 5 234 60 200 60 121 68 202 73 125
    255 114 77 222 37 116 3 176 148 89 90 178 255 126 255 0 233 84 0 190
    13 242 168 118 120 39 27 255 42 134 168 150 97 0 111 250 0 189 35
    255 218 227 240 222 121 255 90 74 189 7 231 239 178 90 252 241 255
    103 210 83 40 0 0 0 61 203 255 202 165 181 172 175 208 0 60 255 0 39
    221 220 22 84 139 35 255 170 222 139 79 21 114 39 119 221 25 0 232 0
    7 18 223 86 200 255 255 171 45 0 0 0 231 81 0 125 0 179 255 176 47 0
    255 183 11 255 0 165 155 162 220 255 0 220 234 0 0 0 127 69 255 93
    92 204 34 54 78 74 111 89 45 101 120 204 255 139 0 254 68 0 104 0
    238 211 42 83 192 19 58 93 0 135 242 0 169 119 255 170 0 85 255 255
    227 127 185 228 157 199 88 170 255 255 4 175 0 33 202 209 146 174
    255 165 0 0 255 108 148 255 255 122 246 255 123 255 0 107 0 123 209
    255 0 45 107 25 255 249 255 255 55 255 255 255 16 206 255 213 194
    212 198 0 255 255 36 245 109 176 156 255 184 136 22 170 35 19 255 61
    14 74 0 255 91 182 0 255 224 3 153 71 180 175 186 255 255 55 146 255
    176 51 0 255 0 18 255 0 249 239 22 41 215 125 91 255 233 191 235 197
    0 192 107 156 85 61 91 255 179 255 0 167 0 255 239 250 255 241 108
    195 255 255 48 241 89 28 255 0 220 255 255 0 0 165 0 0 142 247 0 223
    0 22 255 0 255 247 52 55 0 232 0 70 175 99 0 223 133 77 42 170 35
    219 219 255 128 229 0 0 199 93 188 182 5 94 255 255 190 0 18 255 60
    0 253 65 255 0 213 255 21 2 6 44 7 0 84 0 255 150 121 255 175 0 88
    22 133 45 165 95 255 208 255 137 150 191 199 0 176 198 100 255 255
    255 114 255 207 212 224 124 255 72 255 76 255 43 132 11 44 0 33 42
    152 34 0 44 255 255 240 181 145 35 44 168 246 255 0 184 237 75 0 51
    232 178 195 251 76 61 0 111 7 161 239 120 255 255 255 26 116 115 127
    91 247 198 216 255 37 220 97 146 0 42 0 172 45 0 194 47 254 48 125
    72 41 255 111 0 255 191 79 187 122 255 55 203 255 255 113 214 17 0
    127 61 93 111 31 102 255 0 216 206 0 253 0 145 159 221 0 169 104 0
    155 162 255 0 12 137 94 0 0 132 0 115 0 0 255 187 188 67 255 255 194
    229 146 0 154 240 0 174 157 255 0 0 234 255 90 147 117 120 217 0 252
    231 175 46 109 176 9 169 123 181 190 109 219 0 255 173 255 16 154 1
    0 114 0 159 253 0 255 214 141 248 70 192 11 77 0 37 94 255 0 172 127
    255 46 0 17 0 43 234 219 223 156 79 99 98 87 228 0 46 49 255 222 132
    73 45 57 0 0 119 255 255 255 144 185 0 77 224 255 255 56 79 100 133
    219 32 34 207 255 255 255 0 255 151 0 0 0 0 255 2 0 227 151 132 0
    255 175 23 36 230 0 154 255 255 48 196 255 212 167 223 0 198 193 0 0
    73 101 98 150 148 137 89 0 153 103 255 255 165 78 51 49 255 253 113
    80 205 255 255 251 0 110 0 0 245 0 186 144 7 35 210 18 255 255 9 255
    69 0 0 255 177 252 84 114 0 0 0 255 255 255 242 0 255 129 0 170 193
    53 205 0 182 0 49 76 225 240 0 252 255 196 255 27 0 0 60 119 247 92
    255 15 39 243 59 125 139 255 237 138 242 34 192 121 26 0 35 9 38 246
    255 0 40 255 255 143 0 192 107 64 0 105 178 146 0 0 233 124 0 82 246
    235 250 44 0 142 111 255 224 137 255 239 195 0 76 233 77 64 10 255 0
    67 64 20 88 252 179 205 255 255 154 171 255 80 227 255 62 185 166
    116 172 41 255 223 189 96 186 255 95 0 0 196 255 180 176 255 255 193
    48 255 255 255 255 226 172 0 169 167 221 242 0 0 219 238 63 175 163
    255 62 222 78 10 160 115 99 0 148 254 204 255 71 67 167 79 166 67
    177 255 255 0 16 147 0 0 255 255 205 61 155 158 0 255 100 255 92 255
    255 67 42 128 219 255 0 213 206 255 255 250 255 255 219 54 255 255
    107 143 0 134 0 191 61 186 227 83 0 159 182 208 79 0 1 255 255 0 255
    205 0 255 2 4 73 102 206 39 147 0 0 158 0 0 161 0 79 186 7 241 45
    220 118 0 180 0 0 78 68 84 117 255 79 18 0 0 0 212 255 216 119 207
    255 0 255 211 193 0 255 185 211 35 0 192 118 255 0 255 0 91 43 255
    216 23 189 237 194 255 91 0 255 34 0 134 206 255 58 255 165 227 2
    255 170 162 255 255 0 136 0 14 255 226 48 135 255 255 133 157 34 0
    71 255 0 112 134 0 190 89 255 255 252 189 255 19 255 105 78 0 255 90
    255 35 57 0 0 61 201 18 207 166 255 96 64 14 0 88 85 255 199 0 255
    255 0 0 0 255 255 0 208 77 4 245 238 221 68 182 102 249 35 255 244
    244 195 255 227 255 53 255 162 137 255 255 160 245 54 97 54 234 7 0
    242 106 121 107 23 25 51 0 241 55 0 35 0 160 136 168 32 8 141 255
    140 0 255 112 0 41 154 242 247 144 226 82 216 149 147 98 208 0 97 58
    47 197 46 255 169 215 75 0 81 255 51 40 0 255 149 190 255 43 0 30
    255 0 205 0 255 62 120 192 255 113 210 255 192 255 221 99 0 255 12 0
    145 0 202 112 195 82 0 252 36 255 66 43 176 152 0 106 86 140 0 68 94
    160 152 66 6 55 255 0 193 0 173 149 101 151 0 44 0 8 16 0 183 0 153
    100 223 255 70 133 0 191 255 253 162 0 255 0 0 205 183 242 189 255
    166 66 255 0 255 154 112 0 0 187 0 229 102 200 35 0 53 170 180 155
    30 34 255 205 43 238 143 197 235 183 214 0 0 130 255 0 255 15 51 126
    24 255 61 255 217 198 221 14 33 41 90 46 244 255 0 0 113 118 0 148 0
    0 129 65 0 12 213 36 255 63 255 113 0 232 255 180 237 36 255 240 141
    110 188 44 56 237 255 255 185 180 0 255 62 0 255 52 0 125 123 130
    255 0 172 0 17 239 86 212 114 255 255 135 246 206 219 0 9 133 116
    255 231 175 148 193 235 153 62 18 238 164 97 57 118 11 83 0 103 240
    144 218 255 229 166 156 72 255 255 228 137 239 21 0 35 255 55 255 46
    131 0 142 84 137 242 209 26 217 24 0 0 218 0 180 41 220 0 22 141 127
    255 61 64 255 255 0 255 183 9 0 0 226 84 255 255 16 33 59 0 255 113
    82 0 0 133 0 255 133 255 134 136 38 75 107 103 255 86 137 255 255
    149 206 0 255 137 0 255 0 151 199 253 255 255 0 52 81 255 0 100 250
    151 255 254 9 189 129 82 0 234 250 30 106 5 72 24 172 207 164 255
    105 237 255 224 178 255 22 0 172 159 216 0 7 49 215 0 14 255 139 121
    233 248 145 84 255 74 73 80 0 183 244 77 112 32 122 77 85 250 193 44
    0 187 136 254 6 253 3 222 37 97 163 183 55 159 169 0 231 23 214 255
    255 82 62 95 210 218 255 0 241 255 216 0 0 255 255 228 255 98 0 8
    250 224 255 0 0 255 88 206 43 7 46 0 172 48 0 19 72 0 0 85 57 0 166
    255 0 0 0 255 207 237 255 156 255 151 168 185 0 113 254 255 147 52
    18 46 0 102 0 131 82 130 69 7 0 0 255 4 255 0 225 0 11 141 164 32 0
    0 255 186 255 112 0 37 99 38 50 255 0 75 178 30 0 243 0 249 0 105
    109 0 146 0 186 90 71 0 175 27 0 255 158 28 240 255 255 91 34 255
    105 8 0 77 238 143 0 187 0 0 250 143 242 163 0 255 70 72 175 202 94
    255 0 214 45 119 59 157 158 101 255 184 0 156 127 255 0 8 221 0 255
    238 0 140 255 0 147 155 21 95 0 0 0 0 0 248 194 255 255 255 255 0
    253 72 160 107 248 87 230 0 19 2 78 71 146 0 129 255 2 0 186 255 208
    0 31 152 255 161 42 255 214 215 59 55 91 79 255 27 255 255 0 201 255
    82 0 85 199 119 165 48 255 114 0 79 85 61 48 238 0 7 0 187 174 117
    217 0 48 0 139 138 67 0 191 255 117 87 0 255 255 209 190 5 123 255
    181 92 255 0 61 255 236 0 140 0 253 0 0 255 123 247 233 239 16 146
    131 34 0 31 0 192 86 0 15 154 162 41 0 160 36 255 255 166 0 0 227
    255 134 115 255 255 185 255 255 0 76 255 144 246 154 170 255 24 201
    49 232 164 0 188 177 62 219 246 255 255 168 209 173 255 0 246 255
    163 61 243 0 255 33 0 0 170 65 168 94 15 0 205 32 37 255 255 80 0 0
    61 255 255 118 57 255 99 83 206 0 14 169 255 255 0 2 255 177 166 84
    255 10 26 107 0 255 0 185 255 144 10 99 191 168 205 238 0 255 115
    166 94 255 255 255 53 0 0 180 186 214 0 223 0 200 109 219 0 134 234
    7 186 65 45 22 255 0 255 48 223 255 99 40 51 0 0 255 0 233 56 0 255
    188 0 255 197 62 39 255 140 39 0 255 94 210 87 255 155 249 88 168
    255 0 95 0 255 0 60 255 112 0 145 213 102 0 99 251 0 198 255 225 236
    32 255 116 167 28 131 79 255 0 80 82 124 157 255 159 168 24 0 131
    255 206 255 176 211 76 255 245 226 195 56 0 92 186 4 0 44 176 6 0
    123 0 15 150 199 168 105 40 25 197 69 90 56 0 0 89 0 59 255 0 25 16
    21 128 15 255 54 23 13 179 240 255 11 130 255 25 115 255 25 156 30
    159 77 255 122 248 0 255 220 32 64 255 0 155 89 171 255 0 131 109
    175 87 0 94 81 0 201 0 0 214 121 173 81 72 215 255 8 0 0 152 255 19
    154 113 247 255 0 0 255 91 223 67 243 255 89 255 81 33 255 8 175 128
    85 230 0 80 29 12 0 255 207 0 0 73 255 0 227 247 217 134 216 100 0
    14 206 125 151 125 76 28 243 61 255 192 169 87 218 0 69 68 95 219
    124 66 113 255 255 213 69 79 255 255 0 0 32 222 46 88 111 0 199 255
    255 23 130 81 255 139 255 255 0 30 0 0 0 230 55 226 190 180 132 176
    255 190 102 66 175 214 205 19 0 144 0 27 187 244 115 249 21 28 136
    255 90 246 94 194 45 0 255 39 156 0 0 14 48 0 255 26 0 179 132 255
    25 255 255 0 116 209 171 173 228 242 255 5 255 255 89 28 252 21 255
    0 70 0 0 0 32 196 76 254 166 18 255 65 255 221 88 0 32 0 86 200 84
    37 0 50 245 0 77 255 230 58 239 8 172 0 255 234 223 255 57 6 113 207
    0 255 208 2 42 108 0 198 59 149 245 48 255 255 255 104 172 214 250
    178 203 24 79 160 228 0 168 71 47 255 255 255 255 0 0 255 122 141 0
    221 83 17 39 134 21 66 240 193 175 152 65 0 255 0 196 46 238 0 199
    94 160 255 102 59 51 255 34 14 62 195 205 0 0 255 255 49 41 81 242
    230 187 158 60 255 137 169 195 76 87 92 255 253 255 139 236 170 228
    3 62 13 255 0 203 255 0 125 255 0 0 255 181 91 255 0 152 0 71 0 59
    255 0 130 155 0 255 255 97 0 0 87 0 95 195 190 218 158 182 116 0 1
    119 223 133 28 108 138 252 0 0 0 215 163 250 155 88 0 142 255 0 255
    0 5 93 255 0 40 0 97 71 196 88 185 255 215 207 255 196 159 5 0 255
    197 191 155 164 83 179 255 150 36 188 238 109 63 0 99 255 183 59 196
    20 27 235 255 0 104 163 48 0 255 219 181 255 0 47 0 154 146 0 95 59
    0 125 210 255 199 255 0 153 43 0 56 0 150 101 49 163 76 255 73 255
    65 200 140 123 255 236 0 69 157 26 199 255 255 255 77 255 20 245 248
    120 0 0 48 66 37 255 191 254 255 0 90 255 19 255 0 152 88 249 52 17
    8 255 162 255 232 254 0 255 255 187 216 152 180 86 148 185 255 138
    42 0 78 52 129 0 102 255 0 255 255 167 255 254 208 0 189 126 255 118
    255 255 205 27 246 151 255 172 255 80 240 255 51 0 0 155 193 4 109 0
    0 199 0 255 78 200 130 80 86 0 253 64 255 255 96 255 0 105 255 0 87
    153 0 219 252 59 85 121 211 0 0 0 255 255 0 0 86 72 0 78 34 255 173
    140 255 194 255 31 111 114 0 89 0 167 65 1 183 39 245 91 203 255 255
    0 255 88 100 0 39 83 0 128 255 255 85 255 129 142 158 255 94 229 64
    255 0 210 255 146 129 145 255 0 0 235 255 254 31 4 207 4 164 64 50
    72 73 0 219 228 80 158 255 255 139 0 0 255 255 255 208 255 237 255
    31 23 255 0 45 59 255 0 219 76 0 255 122 62 191 44 9 171 96 213 24
    26 0 216 128 2 162 9 255 86 160 111 0 0 206 223 19 0 82 255 255 172
    0 37 255 175 38 0 32 11 28 0 255 184 219 0 145 141 255 89 165 148 61
    0 244 176 238 174 201 255 8 255 0 255 18 226 93 0 146 255 0 103 255
    0 0 111 255 11 117 104 247 0 0 204 117 9 255 139 245 232 49 164 0
    255 41 255 0 0 255 200 0 68 164 29 73 14 46 227 161 82 255 56 71 52
    44 255 70 195 160 120 75 0 60 26 0 50 0 0 251 0 0 255 0 96 29 0 242
    162 132 19 0 240 95 187 106 132 2 135 0 0 238 78 255 255 3 174 255 0
    186 255 253 150 47 89 59 159 157 26 213 0 60 167 0 15 95 163 193 150
    57 0 248 62 255 130 60 255 209 78 85 0 99 0 255 87 0 255 0 255 0 0
    21 0 188 0 0 255 255 71 123 255 35 255 29 54 0 64 0 104 0 151 21 46
    64 255 45 99 255 109 156 255 159 23 237 31 187 35 85 173 76 222 42
    145 39 252 0 255 81 87 255 0 255 60 80 255 0 0 1 149 130 255 67 168
    27 96 61 136 142 255 64 199 0 0 255 0 0 207 109 97 255 7 126 138 250
    255 63 255 0 187 90 0 255 0 99 0 255 55 4 0 255 0 176 0 0 255 255
    178 21 201 148 255 21 143 174 255 206 127 80 129 227 0 0 255 252 64
    124 18 137 255 255 255 75 187 249 255 194 0 136 0 24 125 119 117 60
    255 221 72 255 255 255 78 0 255 58 116 2 27 37 255 102 249 161 255
    96 113 181 140 178 255 255 0 0 0 0 70 124 225 77 0 191 74 0 102 255
    186 96 38 187 144 255 255 241 255 255 255 173 255 0 0 137 175 56 0 0
    130 31 0 68 0 0 255 185 0 201 0 145 153 188 199 0 255 255 210 43 134
    255 204 114 0 255 255 255 38 15 221 255 1 145 195 239 137 114 8 217
    58 0 0 255 66 0 79 194 0 0 136 255 17 199 0 27 232 21 0 197 37 36
    252 238 255 8 255 62 148 208 214 0 143 200 31 9 68 175 45 255 254
    255 255 16 127 0 73 140 155 111 150 200 50 255 255 70 0 231 11 0 53
    37 43 255 50 255 255 75 255 0 130 34 75 0 1 232 0 209 50 0 210 144 0
    255 201 82 0 217 75 111 0 255 82 149 175 61 141 137 255 255 255 173
    236 56 6 0 150 255 68 0 255 183 41 72 0 200 243 197 175 88 255 0 138
    6 0 84 0 144 162 208 128 0 0 240 51 255 255 129 243 255 109 185 128
    157 255 0 69 91 214 166 0 113 231 0 31 255 0 180 0 9 255 139 255 0
    255 171 34 244 19 59 0 78 243 88 127 0 77 0 215 48 64 255 0 76 0 86
    0 38 255 0 200 47 255 0 255 57 75 216 115 255 63 241 0 255 0 197 175
    12 255 0 35 244 0 255 236 0 255 147 68 34 0 37 59 204 255 255 165 25
    104 203 0 16 255 51 63 205 221 143 177 255 149 0 0 134 148 154 151
    255 0 215 110 255 192 77 0 36 87 205 153 193 0 255 96 10 66 16 255
    146 255 255 255 15 255 171 4 205 66 32 255 185 161 255 32 255 62 80
    249 0 253 255 0 95 182 0 176 43 62 183 0 114 0 0 255 212 133 0 96
    255 167 0 38 0 255 0 0 0 25 8 168 227 133 0 242 255 0 222 0 53 0 240
    0 255 0 30 0 171 255 140 199 255 255 0 91 255 255 0 255 215 182 252
    255 255 255 2 255 9 156 0 0 92 139 198 0 76 204 134 10 150 24 144
    153 13 33 255 0 18 110 0 0 250 123 0 0 193 91 110 255 140 215 195 70
    138 121 0 42 255 226 245 79 0 5 55 111 255 0 207 255 0 112 255 0 0
    174 30 232 41 100 246 255 102 35 87 110 5 129 95 91 255 57 69 62 0
    255 0 69 0 0 4 0 245 235 255 0 71 255 255 255 2 255 255 135 255 26
    147 59 255 255 0 95 87 0 109 222 223 15 105 129 180 17 41 246 76 151
    171 255 0 0 159 95 188 255 72 0 167 149 0 3 255 190 255 255 130 158
    55 213 255 0 31 173 0 255 50 80 89 0 243 110 95 255 255 255 207 192
    255 199 241 188 71 255 255 28 100 48 0 211 16 0 40 255 146 0 36 136
    66 0 52 201 174 5 0 42 55 27 107 0 72 138 251 38 255 205 86 255 0 19
    255 0 133 255 255 255 255 88 40 115 255 92 241 203 226 92 143 0 143
    243 219 179 97 62 0 0 223 135 173 111 255 2 0 85 232 10 185 0 0 255
    242 0 21 255 255 255 255 255 40 105 255 106 0 108 255 255 67 2 255
    40 173 255 0 235 243 164 255 22 144 235 255 175 50 255 247 85 255
    255 255 255 0 90 0 210 78 23 0 0 114 0 125 255 255 231 143 255 0 0
    255 199 199 255 119 191 98 219 156 105 38 179 147 135 0 246 81 255
    44 255 72 124 213 129 101 241 0 117 205 16 52 255 0 255 0 255 255
    255 0 249 23 0 97 255 173 153 255 53 238 0 224 0 145 255 118 0 5 255
    0 242 17 173 255 255 0 255 17 0 255 0 199 100 0 255 254 57 235 17
    209 255 239 102 68 177 222 84 236 114 255 178 0 255 1 220 0 255 0 25
    255 212 0 255 169 255 172 255 255 104 161 154 255 188 43 255 186 0 0
    30 62 0 77 246 255 67 255 97 159 255 112 0 255 0 0 255 215 0 27 39
    100 255 0 0 188 0 169 0 40 0 208 220 0 13 7 82 0 101 215 199 117 255
    40 221 129 86 250 190 147 34 0 183 0 26 100 255 168 116 0 255 59 8
    87 255 148 36 163 0 220 225 255 127 0 30 18 66 255 0 255 0 255 255
    89 93 0 81 68 255 255 145 255 149 255 62 0 138 170 0 221 237 255 114
    0 255 245 255 163 11 255 12 78 255 41 123 229 180 0 10 255 223 0 49
    96 0 21 173 65 78 0 255 79 255 42 255 175 0 0 68 0 190 236 0 0 255
    76 0 0 74 14 0 149 48 117 83 103 128 227 166 236 248 98 235 0 255 53
    0 121 222 0 11 62 80 247 0 220 255 49 0 255 255 144 0 0 71 0 37 255
    233 153 255 235 255 8 19 255 133 0 0 255 0 0 70 174 174 255 0 255 5
    0 14 255 53 171 119 0 255 0 30 131 0 0 255 236 136 175 255 0 255 144
    52 0 255 116 124 255 4 131 90 78 47 227 217 18 0 25 57 45 35 255 201
    242 0 0 20 0 189 7 34 188 255 149 255 16 122 0 52 81 189 139 0 169
    228 106 105 121 59 198 48 255 255 167 224 255 255 229 255 255 213
    236 0 236 14 255 41 107 255 157 19 83 244 0 83 117 13 255 255 255 0
    86 255 255 255 0 0 47 49 0 241 255 12 255 0 198 0 255 246 46 0 232
    202 255 141 0 169 70 191 255 0 183 0 255 163 0 8 0 44 206 162 91 0
    245 108 76 0 0 0 117 0 85 84 0 255 163 0 61 13 0 255 78 98 215 0 0
    255 0 60 0 147 0 119 51 221 255 186 255 0 255 14 27 150 115 185 170
    33 0 0 11 0 66 152 255 107 255 255 251 255 255 0 204 0 22 0 0 0 214
    0 0 0 6 154 0 0 99 27 0 20 246 35 48 191 236 0 205 158 0 136 132 21
    104 195 2 255 255 249 255 93 0 24 51 93 101 255 255 228 45 251 34
    182 31 185 193 145 0 0 228 235 233 209 124 172 255 102 247 23 0 177
    57 255 0 255 255 113 255 93 238 255 0 241 142 34 180 255 255 0 193 0
    137 0 0 83 79 214 108 255 85 185 128 0 154 161 200 200 28 79 87 255
    251 29 255 208 255 0 253 255 178 62 227 81 50 0 134 228 0 253 255 25
    0 71 254 0 47 255 0 255 195 201 1 255 0 185 255 234 15 246 174 233
    255 0 211 125 0 235 244 192 0 248 158 255 70 205 70 143 255 119 255
    255 107 0 85 255 255 0 1 83 255 255 67 255 54 70 0 88 82 48 0 81 186
    0 255 176 255 100 255 255 81 164 255 255 250 200 0 69 11 203 0 205 0
    255 118 0 0 37 255 45 255 11 190 179 213 138 34 115 0 20 172 0 0 19
    193 255 255 0 220 255 57 218 208 141 0 55 255 108 101 0 41 87 255 52
    112 245 235 250 65 208 0 17 40 193 132 78 159 56 126 95 30 255 0 205
    18 255 43 134 0 99 98 24 7 0 169 80 14 26 49 0 255 189 45 21 0 25
    119 0 255 12 186 193 39 159 0 203 195 231 0 161 0 175 178 0 36 215 0
    128 255 124 66 141 255 255 202 248 103 0 117 99 96 2 102 173 82 37
    255 255 255 255 255 27 3 255 0 68 0 69 5 233 216 13 255 176 0 246 25
    245 249 0 20 49 50 104 202 26 180 63 129 217 130 0 255 18 104 87 199
    213 76 246 179 0 157 105 0 3 162 8 192 0 255 0 0 183 0 72 0 0 85 16
    0 0 149 78 0 0 255 203 0 90 255 255 5 255 178 105 255 85 138 68 113
    58 255 255 59 219 19 81 255 255 128 120 60 198 243 136 162 255 45 76
    89 56 255 24 120 16 91 255 0 255 255 12 0 219 255 255 218 125 12 0
    74 255 255 139 181 237 0 164 86 188 255 85 133 255 0 14 0 222 183
    166 223 134 0 0 0 61 255 166 255 45 255 255 20 0 0 155 0 30 248 167
    82 135 94 255 249 223 23 255 41 89 157 49 190 0 158 224 255 239 0
    255 255 0 34 255 9 0 139 255 0 0 211 0 32 0 255 8 0 0 130 80 0 0 57
    217 255 15 70 255 98 13 176 148 0 37 47 52 67 10 84 215 31 0 186 32
    219 0 254 227 191 210 255 239 255 0 249 0 255 38 255 194 183 237 0
    254 90 57 0 116 255 226 65 255 94 255 79 6 255 120 248 255 254 255 0
    65 156 93 184 129 255 169 90 79 198 62 0 253 68 236 255 0 233 192
    133 155 255 255 39 255 213 201 0 116 94 0 95 212 173 36 0 164 133 50
    188 0 30 0 255 0 255 255 196 255 131 109 52 197 255 182 185 0 0 95
    161 255 90 0 61 0 255 4 255 95 0 255 76 85 255 220 54 58 199 102 95
    255 106 180 91 154 44 97 132 0 36 182 0 0 197 106 0 255 255 0 67 255
    240 255 255 151 111 54 0 119 175 255 56 248 255 180 191 160 0 255
    232 246 255 241 0 201 0 0 210 18 153 255 215 251 224 133 129 239 188
    178 15 255 44 0 133 0 255 35 90 239 149 196 82 46 255 255 255 255
    207 202 255 0 217 45 126 140 38 91 121 57 35 37 255 0 0 246 0 255 90
    0 71 56 142 255 166 252 198 0 255 0 47 99 0 255 223 206 0 21 0 26
    212 0 58 0 245 255 255 0 119 177 179 3 174 0 54 23 49 86 198 101 58
    67 255 84 27 255 0 240 46 221 119 47 63 0 124 137 0 148 0 74 0 255
    241 0 176 0 145 255 0 255 46 123 255 109 255 224 141 77 255 255 253
    128 0 0 174 152 130 18 0 151 0 255 50 90 75 175 255 150 15 149 33
    255 212 91 151 27 253 0 153 255 0 255 0 182 91 11 239 26 61 205 215
    112 127 255 0 51 211 0 103 0 154 184 92 0 137 0 75 0 0 0 255 68 204
    212 52 56 79 255 0 86 233 255 0 204 0 63 226 160 25 88 95 0 255 159
    248 0 238 255 35 81 255 142 54 187 130 0 0 246 0 86 112 255 255 255
    214 255 255 226 27 255 255 255 38 167 82 20 7 0 0 157 43 92 127 238
    0 98 57 121 40 0 49 153 0 93 255 87 194 255 0 37 93 202 255 52 241
    69 0 0 0 222 0 0 0 254 54 108 8 255 23 102 235 0 235 0 0 142 19 154
    15 163 160 79 216 0 10 240 0 123 0 71 0 0 61 0 67 0 255 195 0 3 255
    52 255 255 255 255 255 65 71 255 255 0 255 112 255 145 154 255 0 0
    255 0 255 0 42 120 197 33 30 10 170 246 0 0 101 0 27 21 0 0 36 255
    255 255 19 0 141 0 255 255 127 189 255 64 0 0 0 61 0 128 201 40 249
    119 59 233 37 133 255 0 0 95 255 255 229 44 255 157 255 195 164 246
    93 4 0 36 228 130 255 0 255 104 41 157 42 130 127 80 0 0 0 15 255
    195 244 155 255 255 7 255 89 255 0 255 225 206 255 156 0 137 62 0 0
    0 0 210 162 0 0 60 0 153 255 75 7 0 0 255 200 51 162 124 0 0 172 61
    158 111 134 209 255 255 241 255 0 255 52 0 202 225 0 142 0 0 0 196
    255 185 126 64 8 78 211 146 0 178 21 255 163 9 48 147 17 11 89 233
    255 0 0 0 0 179 55 150 145 0 157 188 248 145 125 255 180 146 94 66
    119 102 118 0 210 123 133 0 107 22 255 232 216 180 255 102 203 110
    255 223 43 216 161 212 127 255 255 255 255 158 236 255 255 101 37 0
    184 57 0 255 24 255 0 0 153 226 78 111 210 0 27 0 153 133 0 73 255
    255 255 181 0 95 255 15 128 54 179 58 255 255 255 0 13 186 0 156 255
    164 0 139 0 255 255 37 236 199 0 141 225 0 255 217 43 9 255 234 8 0
    80 0 201 180 62 255 255 195 255 0 0 255 133 65 150 39 161 0 17 255
    36 0 215 189 242 214 180 0 255 139 0 0 0 255 81 0 182 173 205 255 0
    0 224 0 50 99 110 253 208 173 87 115 214 156 91 18 83 255 255 234
    210 255 77 255 0 0 250 0 125 171 0 0 0 175 223 84 255 171 0 0 255
    255 42 113 124 0 28 216 159 0 224 203 84 80 125 255 81 0 180 74 163
    0 0 90 214 7 244 184 148 0 255 255 192 255 165 255 43 255 6 255 0 0
    173 221 132 255 255 255 11 230 6 51 250 218 0 255 0 255 190 22 0 0 0
    0 148 92 235 0 150 212 0 239 0 255 255 237 0 124 81 0 199 0 112 255
    255 255 0 18 122 98 233 15 174 255 61 237 71 87 0 118 125 26 255 255
    181 107 118 243 0 33 246 49 93 54 74 255 52 0 165 139 255 255 49 245
    255 22 236 225 0 179 186 27 25 195 138 215 212 172 255 195 0 255 249
    0 255 0 138 91 236 132 180 0 0 135 140 238 37 67 180 219 111 0 255 0
    0 0 0 3 67 39 91 94 0 78 255 0 128 109 255 122 0 132 190 230 83 0
    115 35 85 184 209 255 0 255 255 36 0 26 148 100 255 117 39 255 120
    71 168 147 0 91 255 0 80 255 241 0 255 217 153 99 178 171 116 255
    217 0 255 0 0 255 105 245 17 26 255 231 214 255 42 42 37 50 42 0 0 0
    166 0 58 0 147 162 255 181 255 213 255 255 38 183 120 255 65 103 232
    210 0 208 137 0 221 145 255 255 190 255 255 99 206 0 52 82 12 255
    235 85 0 116 114 40 119 212 0 23 221 0 20 199 45 84 197 72 173 0 255
    161 161 181 229 167 138 145 127 255 0 255 154 255 28 0 212 0 131 255
    0 103 132 255 230 0 17 255 255 0 174 0 34 255 27 255 163 88 0 148 0
    255 175 222 0 255 247 160 70 109 246 255 77 51 229 48 157 113 238
    243 64 189 11 227 124 255 37 177 122 21 0 255 255 134 182 16 44 65
    136 0 72 0 195 218 0 103 179 59 37 255 251 225 240 30 194 15 0 255
    198 0 255 103 184 97 255 233 206 255 141 0 62 255 123 20 0 16 255 0
    155 46 255 0 207 125 0 255 75 43 110 216 0 0 136 195 199 100 0 203
    182 174 244 71 61 137 0 200 0 232 27 124 255 25 255 0 8 251 63 20 0
    0 100 178 193 58 160 139 178 229 0 223 72 255 92 255 89 87 46 255 0
    89 18 255 169 208 225 235 173 77 141 255 255 255 20 243 91 67 255 79
    177 255 39 97 138 140 240 0 243 217 174 168 0 255 61 255 0 0 172 203
    30 255 212 23 255 205 184 14 7 255 87 255 255 64 52 176 0 216 44 0
    173 255 255 177 205 0 23 28 81 255 0 0 156 0 145 36 146 177 253 8
    255 148 0 155 210 27 0 197 22 0 255 0 129 255 132 0 142 33 3 255 109
    218 255 127 255 58 0 195 0 0 0 202 255 0 255 230 27 47 0 9 43 129
    255 254 156 0 140 189 212 0 28 255 0 250 136 27 255 8 0 0 202 134
    216 255 146 156 255 255 229 255 0 204 156 0 255 112 82 152 102 255
    255 120 63 46 255 255 43 201 169 98 0 45 0 255 3 255 233 16 133 0 0
    119 224 235 188 182 255 0 255 255 0 8 255 255 255 189 255 241 167 0
    0 202 240 50 255 0 0 100 98 93 17 255 174 41 1 87 66 0 114 255 114
    72 255 160 255 255 38 3 57 206 122 0 255 142 160 134 220 0 54 23 0
    242 0 0 255 0 101 9 16 62 44 219 0 0 3 175 160 217 255 247 255 0 3
    255 121 255 166 255 38 113 81 0 250 24 167 255 25 255 0 179 47 214
    105 94 0 245 59 104 209 164 255 234 200 0 206 0 255 255 255 0 202 34
    69 85 171 184 255 106 136 255 0 255 255 108 116 255 135 91 213 198
    255 249 51 166 36 41 113 44 71 156 0 89 0 229 0 204 110 35 152 0 163
    189 32 205 229 241 141 54 0 195 0 160 95 215 0 0 231 14 47 200 116 0
    147 230 214 177 51 255 255 0 224 170 72 80 24 174 181 255 120 23 255
    240 147 34 96 135 84 49 255 237 0 255 0 255 255 6 0 73 99 255 165
    255 255 142 30 255 143 20 94 82 0 0 151 255 1 169 177 255 82 72 0
    158 216 0 255 29 0 63 0 0 48 134 0 0 0 85 255 87 255 55 255 255 36
    139 255 109 36 255 209 29 255 243 255 165 0 0 255 255 245 17 125 0 4
    167 0 29 255 0 135 200 171 118 149 255 0 166 80 0 105 58 0 0 141 235
    148 208 171 156 235 154 94 171 212 170 86 212 0 115 164 255 26 255
    42 44 107 59 250 255 224 30 179 92 98 65 114 255 3 0 44 98 129 255 0
    53 222 87 161 36 255 57 255 121 0 255 255 0 49 141 255 188 255 88
    157 255 61 241 73 116 0 190 147 210 16 11 0 255 0 255 255 0 255 220
    163 239 0 253 20 97 132 199 190 0 81 35 0 255 235 173 255 9 25 113
    39 255 49 93 255 0 158 0 0 148 15 255 13 69 45 67 40 28 157 160 255
    22 69 162 0 0 110 72 34 153 255 0 255 139 5 0 0 199 33 39 0 46 21 22
    255 255 255 255 159 195 255 158 255 255 246 9 145 255 0 79 233 231
    255 255 166 139 152 216 37 221 43 46 210 120 255 244 255 255 4 85 49
    109 0 14 43 117 255 240 231 74 34 255 248 74 0 255 107 255 37 133 0
    248 123 217 0 0 23 255 213 255 216 255 255 0 79 244 165 0 107 109
    220 255 21 191 233 190 203 153 0 161 201 0 48 0 0 227 0 0 183 252
    245 98 174 233 215 149 28 7 219 93 0 0 228 43 145 166 94 255 47 196
    0 64 120 138 117 214 22 255 0 102 77 0 252 0 24 0 66 133 160 255 213
    174 0 20 7 129 255 67 203 255 33 0 255 16 138 255 255 255 255 0 128
    0 0 94 255 255 255 27 233 45 255 159 74 68 199 108 149 135 220 224 0
    153 255 172 67 182 22 255 255 22 95 248 0 208 22 255 102 255 97 255
    48 97 255 105 128 215 171 224 230 0 43 222 255 0 0 0 255 48 230 255
    174 0 54 171 0 107 255 255 159 255 41 24 103 5 204 255 0 113 0 30 0
    79 255 48 29 63 212 72 255 255 150 191 255 230 0 158 146 255 162 255
    255 0 255 255 14 27 0 174 15 92 32 0 185 152 0 0 169 255 0 124 38 22
    61 57 99 3 255 255 248 80 71 255 255 238 246 254 166 255 66 255 137
    88 68 71 255 28 180 100 211 0 28 31 78 203 255 227 255 238 22 24 67
    0 121 5 213 225 0 255 223 174 182 255 255 0 255 57 145 170 255 0 205
    134 175 223 176 211 255 204 255 98 119 255 19 59 255 255 136 6 79
    255 255 0 53 0 0 255 243 242 121 234 157 0 76 0 243 27 0 120 0 183
    82 0 0 179 255 95 16 254 101 0 83 255 173 204 4 55 199 255 162 0 255
    121 13 213 0 97 103 188 33 217 0 202 167 255 58 136 66 44 45 169 255
    191 238 255 220 0 86 122 120 118 251 8 0 222 237 17 125 136 208 0
    120 255 210 167 255 153 0 109 25 0 89 13 47 165 0 255 172 34 0 255
    255 0 255 255 156 0 155 255 22 117 74 225 193 62 0 0 190 86 244 93
    216 102 0 23 21 0 191 255 167 0 170 0 157 0 127 185 145 112 210 255
    134 130 187 88 153 86 191 0 195 11 0 197 90 38 0 229 255 118 235 197
    170 35 0 0 40 0 255 252 255 0 108 255 40 158 63 0 24 243 255 100 24
    51 0 16 0 199 13 255 30 255 126 189 83 3 166 146 153 105 30 255 0 37
    4 0 137 255 69 114 255 40 255 27 208 14 241 255 0 255 213 0 224 177
    110 11 255 55 255 0 183 83 124 255 197 112 255 72 0 94 154 87 43 214
    43 141 193 65 0 20 177 0 0 255 255 235 97 0 128 177 0 197 5 71 0 245
    110 41 0 255 163 227 0 21 0 9 183 83 0 0 255 156 0 149 0 0 217 27
    133 63 0 255 206 255 255 0 118 123 36 57 255 0 0 66 255 246 0 252
    247 247 0 9 104 14 208 205 125 94 255 68 89 218 87 255 45 202 0 176
    208 171 255 166 0 255 255 143 255 219 237 150 134 3 80 137 139 255
    67 0 79 0 20 114 71 79 29 169 124 239 108 198 102 62 0 88 16 81 98
    21 121 0 0 255 0 0 255 255 255 193 0 255 200 0 130 43 76 255 102 255
    194 220 255 255 255 147 134 105 201 97 255 0 207 255 103 255 235 247
    208 0 0 100 180 0 131 201 255 255 94 228 252 186 0 68 255 0 39 0 255
    187 159 175 249 248 113 0 255 87 0 9 182 64 42 219 220 68 0 99 255
    207 18 255 229 115 70 0 168 208 212 253 100 183 118 213 255 91 147 0
    202 36 0 240 26 115 0 0 226 213 230 248 0 172 81 255 211 0 0 0 141
    75 251 125 255 255 0 255 255 211 136 151 111 63 17 242 165 0 59 0
    234 39 85 255 0 0 125 255 121 255 255 0 153 255 116 0 250 193 255
    186 150 171 97 238 128 18 255 231 79 85 121 237 100 0 87 15 243 255
    197 255 117 39 123 255 242 96 240 177 255 209 228 0 0 255 0 37 219
    93 146 0 248 255 106 41 12 152 159 126 136 255 255 0 102 11 50 157 0
    119 255 21 218 31 90 0 64 198 167 135 195 133 178 46 207 255 0 3 0
    53 250 13 13 142 163 255 236 0 30 236 90 0 50 0 255 206 38 255 78
    226 0 255 255 0 152 77 255 0 141 255 0 207 52 45 120 124 255 216 0
    82 38 255 255 43 100 8 46 19 200 232 255 122 232 255 171 236 135 206
    0 182 0 255 215 187 167 107 255 229 69 159 0 0 0 104 30 255 185 112
    87 200 0 194 70 0 43 253 171 29 2 137 40 58 255 255 130 0 255 34 215
    255 251 255 173 202 255 255 76 170 255 216 0 164 255 196 255 47 107
    106 255 154 107 247 231 24 41 138 0 0 255 255 92 47 242 229 165 21
    218 31 255 166 0 0 147 22 95 54 217 19 1 196 0 44 255 255 97 0 96
    139 59 5 187 0 0 255 255 255 34 236 161 255 69 70 255 240 216 255
    157 216 0 8 34 77 189 34 229 255 0 83 173 78 0 255 255 0 255 138 232
    55 87 0 182 60 255 119 66 137 0 219 0 162 255 87 0 255 255 0 81 0
    235 195 214 189 54 1 166 58 150 255 107 42 145 43 72 255 138 111 255
    216 255 197 203 28 255 97 205 181 174 255 208 109 156 201 185 218
    243 175 0 0 245 0 221 0 187 36 255 255 0 49 255 3 0 109 255 220 255
    228 0 25 160 161 37 0 59 14 0 255 255 153 218 169 255 191 210 79 91
    14 111 109 250 0 82 181 86 106 215 255 184 255 216 255 255 255 90
    111 0 18 129 0 14 209 145 0 140 66 0 84 74 187 210 0 102 204 168 255
    255 130 151 67 249 104 190 255 255 48 165 255 231 72 255 255 31 151
    244 48 178 182 0 255 0 67 0 137 62 255 95 102 181 0 255 98 174 99
    187 34 111 244 181 0 186 165 150 125 255 255 17 0 255 229 0 0 155 43
    96 0 236 228 255 243 203 13 0 0 92 0 225 255 255 222 136 0 189 0 226
    52 150 227 253 255 0 22 255 0 127 85 179 71 137 255 0 123 238 200 42
    181 47 0 185 238 0 67 43 83 195 1 0 247 0 183 0 21 196 118 0 173 40
    40 0 133 175 16 161 33 30 9 199 0 182 0 172 145 2 23 0 255 218 116
    191 203 151 204 206 48 235 22 35 255 0 229 160 254 149 0 61 82 165
    105 200 99 57 40 0 170 88 255 0 255 183 65 28 0 61 0 5 174 241 255
    255 255 115 235 38 60 146 223 154 185 173 0 0 141 0 65 144 255 255 0
    17 255 16 153 39 81 11 0 0 132 168 21 0 13 55 122 255 0 60 33 62 191
    202 73 0 173 215 0 183 172 47 0 191 48 111 45 255 255 159 255 45 255
    145 101 207 27 181 0 207 151 209 27 174 0 0 0 204 255 137 255 125 75
    130 37 133 0 255 252 97 83 0 236 46 255 0 224 233 242 106 0 85 43 37
    250 0 186 243 85 112 255 217 26 3 0 16 0 162 179 48 81 237 253 31 8
    255 144 0 17 198 255 76 73 253 66 255 233 0 255 154 255 55 244 254
    210 57 225 0 0 0 61 255 199 0 0 255 13 0 0 130 255 158 21 163 236
    220 0 255 10 255 168 122 95 158 255 255 209 0 165 0 255 255 207 217
    211 0 230 0 255 0 255 255 255 34 255 1 0 35 183 0 132 50 70 177 242
    62 57 255 186 165 255 0 255 255 0 48 103 186 0 0 255 3 179 137 0 18
    55 0 0 255 170 255 237 255 138 255 72 255 0 71 120 175 255 25 0 63
    200 255 167 23 141 159 0 42 122 5 178 0 216 248 178 41 93 148 0 0
    255 255 97 187 12 53 188 31 0 151 230 74 0 0 213 59 158 0 195 233
    104 255 0 252 255 112 250 97 67 255 0 8 0 0 0 132 135 163 255 163
    132 96 30 28 0 0 62 214 134 148 249 25 147 13 214 5 0 211 0 214 190
    255 255 142 92 255 156 138 255 149 198 0 157 189 255 255 64 1 141
    188 95 13 25 255 0 101 51 85 208 255 233 21 17 255 73 255 255 157 0
    196 216 255 209 0 225 180 164 255 98 0 255 255 0 14 109 255 0 76 59
    255 145 89 255 222 212 164 0 0 0 0 46 172 0 0 255 26 4 0 0 255 255
    178 0 0 52 0 0 14 0 121 10 223 0 154 224 0 0 208 230 73 52 124 0 100
    197 48 0 255 255 255 78 172 255 64 187 48 100 121 57 61 157 255 216
    168 0 88 184 13 151 255 255 21 203 226 255 255 0 255 0 0 255 207 255
    255 138 0 9 0 165 255 255 11 180 133 133 119 132 0 43 10 125 7 0 164
    255 132 62 25 79 255 108 255 0 0 85 204 174 71 187 0 0 255 208 48 0
    0 0 69 235 30 54 0 170 0 227 194 186 0 255 10 255 129 0 40 0 11 242
    80 90 167 37 255 132 61 146 13 119 191 42 255 92 78 183 89 206 0 0
    138 255 0 78 187 174 36 110 234 209 75 218 152 146 32 116 176 0 163
    37 232 38 214 167 0 0 0 0 30 16 0 1 0 255 92 184 63 122 255 0 83 235
    231 36 113 0 215 0 247 119 196 216 255 233 81 174 74 0 169 179 0 11
    0 255 0 158 142 76 88 255 255 95 115 0 28 184 255 85 0 66 255 143
    255 36 155 0 115 255 0 167 255 29 0 255 75 142 217 18 255 98 0 153 0
    252 255 255 51 0 133 255 121 5 103 163 0 254 17 162 113 0 171 255 0
    19 255 167 185 255 137 235 149 255 37 187 57 213 249 0 255 187 255
    255 255 247 255 255 200 255 19 189 238 19 178 166 255 95 0 0 255 255
    255 159 255 255 0 18 250 46 222 223 255 255 255 24 93 210 0 255 128
    168 154 205 135 88 80 35 255 255 140 135 122 30 202 0 255 111 121
    255 255 44 224 91 11 42 39 255 63 0 112 21 142 51 175 80 0 0 0 255 0
    255 0 227 210 170 158 156 0 178 67 0 202 255 145 0 156 103 156 12
    255 255 0 255 135 37 104 3 255 0 255 99 255 189 26 19 169 224 161
    255 126 23 33 123 137 109 0 255 255 0 19 233 251 33 44 195 0 255 101
    65 242 196 94 236 46 82 175</data></your_img>
</opencv_storage>
