<?xml version="1.0"?>
<opencv_storage>
<filter_type>0</filter_type>
<only_luma>0</only_luma>
<r1>1</r1>
<r2>2</r2>
<L2_diff>1.0587459563086888e+03</L2_diff>
<test_img type_id="opencv-matrix">
  <rows>128</rows>
  <cols>256</cols>
  <dt>u</dt>
  <data>
    201 22 120 143 231 223 218 169 39 240 27 180 1 142 69 93 62 152 136
    35 49 102 234 23 195 16 49 85 141 15 148 108 199 194 27 62 72 226
    171 73 93 244 42 5 165 67 129 82 190 87 211 184 174 142 243 234 79
    93 189 189 36 81 194 6 207 132 210 248 32 40 20 95 250 125 119 83 98
    171 27 5 145 4 106 84 122 82 139 232 239 1 56 196 124 12 65 54 106
    72 41 55 60 69 80 213 254 142 42 191 69 100 82 252 166 41 90 246 131
    29 41 130 246 39 38 22 173 192 179 66 110 224 149 54 254 244 101 35
    87 129 42 95 133 59 106 102 197 127 46 239 30 114 5 0 237 83 170 40
    41 54 116 180 141 11 2 49 99 61 60 211 133 204 250 190 53 21 117 108
    206 146 3 205 93 173 199 125 11 246 136 170 45 114 45 79 203 196 95
    1 91 210 148 121 76 134 227 58 105 233 108 108 250 183 118 188 161
    56 115 37 165 37 199 163 38 44 66 169 82 229 211 127 189 174 69 115
    35 215 195 7 100 252 61 83 133 44 42 61 40 213 80 208 187 203 190
    213 72 41 68 55 211 54 158 60 100 116 230 168 103 127 103 119 213
    225 113 118 104 5 253 9 176 20 109 196 62 117 66 124 76 221 171 54
    250 46 126 39 152 139 162 75 199 64 9 145 68 174 186 64 204 250 15 8
    198 143 149 21 191 169 252 231 229 185 114 168 80 7 176 106 157 18
    189 45 208 98 173 251 97 201 134 223 140 169 17 86 52 175 119 99 237
    95 176 252 235 248 195 167 69 8 201 53 248 100 183 91 251 234 101
    206 59 158 143 206 223 213 119 124 65 222 146 166 95 186 97 112 155
    138 204 181 33 219 182 228 59 124 76 59 18 113 86 125 209 39 9 208
    118 39 187 104 235 141 88 71 252 168 187 2 185 129 225 168 43 21 39
    245 45 187 15 50 186 70 205 159 213 83 176 104 45 19 176 219 221 227
    226 97 136 85 103 145 195 248 128 207 40 60 58 168 145 35 154 110 91
    136 151 201 187 57 76 155 174 72 207 171 144 108 158 232 131 70 55
    56 69 124 61 182 91 1 244 136 147 238 43 228 22 117 245 137 16 35
    139 77 213 128 182 124 135 100 144 202 61 208 172 190 171 194 184 98
    181 91 123 151 81 2 143 232 247 108 79 0 15 230 138 180 208 206 98
    234 5 199 25 114 138 118 125 34 174 56 89 40 218 149 171 184 253 148
    109 201 184 155 60 180 106 69 50 208 163 11 172 6 136 189 57 90 130
    81 125 69 205 187 230 131 177 56 121 116 168 216 31 89 96 180 81 78
    244 22 255 97 173 204 213 203 174 71 27 250 140 173 68 75 98 70 200
    199 249 208 37 204 124 240 76 0 147 135 124 216 195 192 194 98 90 46
    18 86 100 188 141 92 149 244 118 253 2 102 166 201 89 193 58 58 67
    25 131 143 233 59 216 165 91 251 30 27 248 140 161 174 78 36 40 87
    237 82 37 22 7 92 94 161 92 241 120 78 101 95 47 248 226 96 177 161
    234 134 174 161 52 162 95 79 59 141 11 253 174 161 142 144 90 115 76
    29 44 71 236 212 157 28 254 240 153 114 26 160 119 124 178 208 29 37
    165 177 95 63 81 210 8 47 83 239 16 183 90 163 63 46 90 235 83 127
    81 25 74 181 18 35 23 235 153 0 178 226 152 208 206 242 6 128 251
    231 36 203 67 143 18 240 5 143 155 124 109 241 106 249 76 34 51 148
    169 22 212 146 191 120 89 156 105 101 147 2 149 244 109 94 85 154 11
    193 217 204 159 181 134 245 15 65 70 48 172 162 175 134 182 225 232
    5 7 178 199 168 135 186 25 111 45 189 7 157 197 57 69 178 157 209
    204 99 26 27 146 117 24 62 93 84 162 91 146 84 17 114 212 181 43 193
    154 30 207 0 167 236 36 148 116 172 215 22 48 12 82 172 218 160 225
    11 46 189 196 36 191 178 175 174 94 138 165 237 166 55 129 19 53 148
    222 35 84 75 247 93 130 238 62 90 67 108 206 217 18 115 238 57 165
    91 116 14 4 187 196 45 42 39 2 210 238 175 242 136 3 255 187 218 65
    34 128 109 120 193 91 14 197 52 30 82 65 176 253 197 220 157 178 126
    94 7 41 191 146 11 114 176 228 253 58 1 114 66 179 226 103 34 242
    248 53 247 241 119 76 92 128 97 103 25 185 61 191 80 243 100 128 157
    150 44 40 92 47 33 117 4 146 53 87 132 102 32 96 136 138 246 183 201
    49 227 187 229 15 252 221 198 203 139 157 11 174 64 4 49 125 80 67
    21 141 189 12 243 69 104 30 190 124 71 46 156 228 70 84 111 248 113
    68 218 44 145 188 182 105 9 254 60 215 228 154 89 161 72 154 58 195
    86 160 34 158 197 161 214 19 185 51 197 7 112 102 120 150 4 71 106
    45 60 55 131 203 221 143 74 149 42 151 72 239 29 88 102 223 2 58 63
    253 13 128 7 103 61 252 150 253 35 56 93 218 252 200 223 66 166 173
    59 145 34 84 47 141 108 53 150 2 254 168 3 127 164 251 130 9 40 63
    245 78 65 46 18 65 159 19 41 57 171 250 107 57 233 221 170 143 185
    152 131 60 213 155 11 154 17 237 208 109 20 57 103 122 87 141 132
    137 115 120 241 40 61 163 170 140 85 7 130 231 222 74 61 2 87 16 122
    39 225 54 171 14 238 45 144 104 69 84 48 195 31 138 218 74 65 136
    219 50 22 180 217 170 142 206 224 175 173 47 72 217 57 24 98 101 61
    184 237 229 54 235 219 186 11 75 206 105 180 127 252 189 110 164 37
    69 166 156 92 1 203 230 25 126 0 147 138 102 189 14 139 63 144 76 20
    94 181 31 117 27 162 49 156 222 125 217 201 90 134 68 159 16 186 132
    188 66 70 133 149 108 134 109 82 237 37 213 216 82 165 63 35 73 88
    221 238 78 16 239 129 116 95 120 1 110 90 41 247 245 11 21 120 248
    120 106 13 233 192 106 44 175 27 31 67 44 44 15 42 41 127 151 66 102
    239 247 91 55 12 241 115 169 180 219 97 156 162 119 103 9 192 215
    209 89 127 61 0 202 91 10 37 125 86 216 186 174 236 147 122 27 96 80
    130 42 217 208 113 240 218 215 213 46 222 135 163 190 134 234 250 92
    218 154 86 234 110 115 20 75 72 248 191 178 183 241 9 91 17 113 60
    216 126 42 141 117 252 122 164 133 58 30 254 169 150 10 124 11 114
    176 178 250 173 252 103 204 166 243 116 236 239 15 220 2 162 228 222
    143 7 121 195 7 70 252 172 1 23 54 18 227 129 0 234 130 196 197 70
    143 97 160 109 1 57 208 28 110 32 187 15 233 167 220 161 167 214 37
    193 27 206 139 101 9 249 27 164 181 201 21 158 178 155 137 52 225 42
    176 158 207 0 200 11 95 9 243 34 70 198 235 187 36 233 0 66 53 247
    72 228 175 96 127 144 151 169 205 23 208 49 230 6 61 131 134 35 245
    108 181 210 141 27 247 174 57 136 85 145 107 18 183 40 108 241 137
    32 222 160 207 206 21 211 129 37 196 182 106 190 154 253 115 179 255
    252 38 47 156 75 34 228 5 186 177 21 36 233 85 16 191 146 105 49 199
    221 183 246 7 33 214 73 209 52 27 137 108 155 133 159 31 36 219 74
    95 84 217 49 152 220 21 18 113 71 232 226 125 37 12 207 9 2 197 246
    194 151 121 212 128 231 121 138 36 242 211 83 63 195 15 58 160 17
    234 194 188 53 163 176 109 209 110 26 209 45 110 176 139 131 22 88
    47 80 11 216 227 237 111 105 233 135 187 171 228 243 119 203 40 228
    164 225 17 247 210 63 145 213 199 51 159 151 248 145 80 210 175 96
    168 30 112 148 250 110 86 209 123 98 194 169 146 250 241 252 158 151
    230 51 82 18 207 136 233 169 174 144 188 55 137 63 231 232 122 239
    93 23 84 57 39 62 111 130 8 43 146 104 92 214 205 113 181 113 251 81
    106 5 178 50 228 22 162 39 147 19 116 238 35 115 182 147 37 134 127
    120 8 223 51 112 68 46 24 137 228 34 96 100 183 231 76 20 113 206
    251 55 171 74 42 234 75 216 229 190 67 103 39 29 146 223 19 107 183
    149 111 111 12 98 32 9 20 41 50 14 68 248 157 120 73 26 174 211 229
    39 229 61 38 49 1 128 121 239 108 154 39 255 196 203 16 209 182 76
    30 166 134 106 95 48 70 119 252 113 32 36 31 111 6 150 152 180 226
    220 53 55 149 143 68 247 106 20 105 15 197 110 221 226 75 31 233 167
    127 233 168 237 155 165 249 187 196 227 102 178 63 21 158 101 115 10
    229 9 75 47 212 82 63 47 161 159 137 69 100 138 139 94 81 158 2 218
    37 25 241 80 205 206 167 65 4 246 119 64 49 250 121 147 180 229 23
    55 122 67 18 219 124 155 65 159 117 246 164 207 244 220 250 128 55
    54 166 150 213 88 17 70 7 41 137 56 181 118 228 100 113 129 50 16
    171 15 173 222 197 173 155 50 156 194 177 161 83 70 171 68 18 22 28
    62 140 191 166 106 202 53 69 166 191 41 163 150 237 181 193 234 33
    31 82 4 6 195 3 114 70 144 59 187 178 148 232 24 208 180 244 167 12
    251 210 72 212 23 38 122 148 85 126 4 127 185 230 237 177 219 91 55
    110 115 205 30 38 190 106 213 200 199 236 86 218 101 174 175 244 47
    36 227 21 174 93 181 14 56 105 91 105 67 27 78 170 205 157 63 223
    134 70 27 101 33 123 205 130 112 7 207 57 212 12 94 37 205 91 221
    148 9 58 213 190 89 12 88 122 0 183 43 207 246 188 29 127 204 40 172
    16 134 196 248 95 147 103 220 48 121 166 231 102 53 233 149 249 40
    127 223 216 238 117 198 227 98 219 59 13 9 32 44 116 187 254 40 65
    36 199 200 174 121 140 230 153 172 15 153 158 20 148 155 115 253 16
    15 25 89 216 134 132 86 171 34 225 102 101 74 46 153 188 137 50 109
    17 219 11 105 199 32 65 123 141 187 14 63 249 118 83 96 112 211 177
    198 111 71 175 109 204 46 119 238 189 173 81 246 77 97 34 246 182
    177 199 97 14 147 254 5 174 210 19 206 57 159 225 37 237 125 64 234
    175 133 70 209 82 96 173 195 7 156 35 160 244 53 52 242 102 157 61
    233 205 36 63 103 227 39 83 252 0 20 168 32 185 208 251 38 154 155
    191 156 68 59 92 217 48 11 66 54 20 43 127 188 221 212 41 185 149
    165 32 154 246 117 136 112 174 135 242 23 49 166 227 26 78 82 113
    139 120 146 134 48 65 111 166 194 82 221 147 127 62 201 76 206 146
    171 203 210 93 161 73 112 132 196 147 118 10 219 35 112 1 239 141 73
    113 57 246 248 85 167 247 211 224 148 185 132 206 214 126 100 74 179
    108 231 19 97 62 68 182 190 17 246 231 40 105 250 86 12 100 58 190
    157 171 68 150 4 22 39 121 113 35 190 181 59 242 108 71 190 121 176
    96 135 117 254 80 12 179 95 163 71 50 121 98 251 148 19 125 111 173
    163 166 222 163 17 126 111 19 73 196 50 253 239 183 179 158 239 123
    127 116 38 170 158 123 253 175 81 80 150 7 99 153 134 83 154 197 75
    255 11 89 69 104 69 89 106 109 93 43 197 155 157 198 117 131 237 12
    25 62 130 205 199 98 202 241 124 223 92 148 226 156 9 192 149 59 136
    83 118 207 64 174 44 101 205 141 15 230 243 38 1 224 177 134 0 15
    152 74 227 64 91 235 173 24 219 163 32 139 231 175 119 161 157 69
    118 48 118 92 193 119 231 209 87 180 130 128 148 229 205 5 95 164
    221 53 8 15 59 82 238 187 82 180 52 244 55 41 54 114 72 103 102 193
    65 160 105 193 157 124 163 138 51 204 196 33 149 103 165 155 34 173
    238 1 152 175 147 130 37 86 244 174 105 19 150 220 94 98 221 207 191
    50 186 214 167 199 120 179 148 237 63 114 90 245 212 180 154 155 35
    107 17 182 209 30 158 181 173 251 20 252 201 225 214 45 90 75 159 32
    221 67 246 199 115 130 226 246 50 166 128 129 149 99 2 21 150 52 218
    21 12 148 37 146 144 56 221 97 213 124 172 88 107 201 84 154 221 76
    134 96 84 209 3 77 35 170 95 189 227 242 211 117 126 214 181 246 246
    154 81 64 152 109 228 115 6 11 21 84 116 188 241 98 235 108 103 107
    131 208 240 6 163 151 110 6 80 247 205 68 186 83 156 185 39 196 250
    193 233 36 61 79 226 129 27 71 74 83 194 157 254 31 247 195 118 202
    131 193 59 119 131 103 189 15 107 29 74 177 40 233 221 138 227 69
    153 10 19 224 137 81 68 53 254 23 52 34 85 137 121 166 157 43 241
    197 124 96 91 116 6 94 88 128 53 83 31 148 142 33 231 52 43 63 150
    212 136 26 46 207 185 209 173 1 110 178 83 230 228 79 248 215 118
    103 14 223 170 179 10 224 181 241 8 163 110 71 159 128 186 92 3 97
    108 179 125 149 104 13 243 152 165 135 60 149 107 111 190 10 56 82
    147 180 37 3 192 140 53 220 237 13 211 245 250 152 126 19 77 251 1
    124 231 15 29 31 239 147 98 158 238 15 12 93 36 96 202 97 206 102 44
    248 209 241 3 25 178 187 194 107 221 46 65 61 19 160 141 162 225 233
    130 38 154 152 143 69 180 223 221 34 29 174 237 218 239 150 144 138
    50 200 33 213 92 137 105 158 77 113 143 188 85 170 251 233 84 44 120
    112 191 243 103 9 126 166 99 2 70 67 104 179 120 211 161 180 236 23
    155 155 201 177 140 64 101 115 155 253 197 216 37 130 218 9 183 222
    45 148 208 150 130 167 126 116 77 56 247 66 133 132 88 28 124 175 95
    12 249 147 154 231 15 213 137 129 147 55 15 52 46 158 224 125 133
    153 191 119 104 50 166 223 67 115 179 157 223 202 242 172 139 13 190
    51 159 79 148 41 31 134 227 204 237 50 180 47 114 201 189 115 151 85
    161 27 136 64 204 64 159 63 50 65 15 227 135 233 206 125 7 84 204 10
    25 150 50 96 215 37 165 132 120 114 71 1 78 181 55 154 4 199 185 192
    42 121 192 206 183 170 153 190 225 22 140 242 185 246 132 248 179
    242 85 251 223 11 66 33 55 50 198 190 197 114 242 220 235 231 84 51
    130 132 23 104 129 105 238 230 118 144 204 139 212 106 213 78 168
    241 98 206 18 173 27 216 0 173 147 244 20 20 60 14 87 35 52 8 37 192
    234 131 175 90 137 24 200 75 108 108 245 112 140 155 148 234 153 240
    242 246 252 156 169 233 63 20 210 105 174 82 32 70 13 60 172 140 176
    12 39 189 219 61 40 165 162 197 207 27 13 63 145 162 219 167 57 188
    69 53 180 186 80 57 37 166 79 251 90 50 12 145 75 40 204 233 211 78
    171 52 248 87 209 254 149 86 77 2 36 230 69 157 53 103 210 177 16 47
    175 166 46 226 106 3 253 154 153 82 159 72 131 224 28 149 112 193
    156 108 170 195 22 136 161 34 183 94 23 93 34 135 40 101 217 29 123
    43 127 100 217 65 255 18 198 145 74 66 177 63 111 47 33 151 209 68
    184 46 192 20 204 15 151 35 141 210 85 102 193 231 252 186 56 43 60
    127 71 165 43 213 172 180 121 36 11 163 170 98 133 142 203 194 78
    188 121 158 145 242 170 232 90 184 215 245 149 56 125 118 156 174
    214 64 145 203 51 25 188 13 78 211 11 168 16 10 177 192 63 165 179
    154 83 9 72 241 98 204 220 145 239 104 193 59 26 138 101 9 99 156
    183 8 71 22 32 198 212 91 203 113 104 182 192 207 23 134 2 182 103
    67 19 39 246 249 169 8 196 59 188 11 253 240 25 222 164 130 217 38
    44 166 192 127 214 214 73 40 44 105 131 203 153 161 179 109 239 44
    131 130 136 92 178 212 157 153 199 76 244 42 24 228 43 105 14 126
    123 160 0 230 0 2 152 90 154 162 191 175 105 152 29 133 198 184 92
    137 42 107 227 2 154 67 221 163 234 56 124 205 121 163 89 97 238 101
    194 177 98 246 251 34 47 220 157 12 16 135 206 99 168 131 120 141
    215 229 191 168 84 230 121 46 115 42 37 167 154 186 60 238 242 59
    132 136 86 191 236 143 202 162 201 23 49 118 27 51 113 202 231 66
    113 221 181 187 116 118 109 225 109 37 168 95 41 121 119 107 63 42
    95 76 208 92 197 158 4 42 217 39 16 178 173 90 48 99 57 47 51 40 88
    74 121 148 85 121 32 103 161 223 21 90 184 253 245 94 16 144 93 222
    176 161 99 46 125 19 93 121 252 26 235 204 148 185 82 38 15 251 33
    79 141 60 69 177 178 103 142 126 59 218 94 164 196 161 87 113 0 180
    155 159 32 253 153 44 177 158 141 48 72 222 181 90 46 190 221 130
    251 220 125 146 61 234 11 110 27 241 29 51 123 166 196 123 133 187
    230 51 192 232 71 183 5 183 101 113 70 32 182 87 240 241 200 10 101
    106 135 128 242 140 191 116 146 25 46 63 141 238 212 119 17 38 137
    144 133 2 119 249 189 46 131 199 159 249 158 16 246 184 87 88 252
    122 156 68 202 28 91 235 21 210 239 117 47 222 1 73 0 98 237 58 242
    182 247 126 155 73 31 112 93 58 244 58 4 81 185 161 155 231 184 4
    182 142 194 116 207 64 40 64 99 248 204 254 96 222 163 126 100 119
    27 2 168 112 168 112 204 127 136 5 36 244 51 129 241 15 171 29 178
    36 114 49 249 84 57 167 126 110 83 5 11 253 39 92 16 72 74 3 65 143
    18 112 231 129 79 202 185 34 222 210 231 3 209 171 232 227 0 21 193
    165 224 166 171 44 189 59 25 210 145 197 234 237 6 66 254 247 114 62
    167 249 237 61 56 44 127 231 143 65 231 150 71 97 16 222 147 166 16
    77 236 52 149 176 128 139 26 138 77 55 184 168 28 217 115 142 70 139
    252 142 174 2 23 224 47 115 105 106 202 115 136 169 152 36 2 250 70
    96 10 126 111 207 76 99 235 73 194 163 115 195 76 193 68 223 174 92
    172 62 90 204 230 81 247 71 247 42 25 50 178 155 43 209 38 180 76
    250 247 196 217 96 225 126 46 179 169 233 43 138 71 228 107 71 101
    32 244 254 69 135 45 116 202 151 77 62 22 235 25 236 26 73 193 165
    121 122 43 75 61 221 146 188 207 246 50 252 129 168 61 139 63 73 225
    172 190 110 167 117 180 218 196 80 9 124 167 236 233 6 12 144 8 57
    248 151 178 163 103 66 21 83 134 248 152 53 240 177 160 137 131 57
    32 3 73 168 50 42 181 203 13 98 227 121 199 204 137 48 224 105 190
    210 209 69 147 27 31 50 140 122 194 113 58 121 11 160 218 187 234 35
    178 98 169 51 153 251 106 98 66 225 57 140 183 84 13 155 220 222 75
    223 237 22 165 158 54 86 44 31 83 118 51 126 187 99 108 121 107 80
    51 214 113 150 46 30 209 82 133 127 12 170 239 128 215 3 188 172 254
    100 197 43 189 20 199 157 187 246 192 131 109 225 248 61 189 131 124
    60 253 174 106 67 140 70 193 70 83 240 168 191 133 61 147 162 187
    243 32 0 9 187 54 128 160 189 206 235 130 12 29 80 226 109 161 69 23
    171 26 110 3 52 99 67 5 74 127 30 17 157 44 187 126 146 61 205 120 3
    146 166 40 2 154 218 76 63 56 2 136 47 92 222 85 125 154 202 19 33
    12 176 143 119 104 225 184 79 57 211 236 72 238 34 69 239 105 226
    126 132 133 171 96 150 4 220 81 208 72 6 23 98 177 248 14 210 157
    193 111 9 1 203 146 31 194 234 162 246 147 55 130 119 172 233 235 10
    215 97 204 61 13 54 82 218 126 111 61 115 250 199 59 150 122 138 241
    210 83 179 177 123 113 83 69 227 184 187 187 40 2 236 152 127 228
    241 59 75 137 91 186 1 139 65 89 170 162 70 183 246 176 13 136 122
    218 59 42 52 170 200 67 192 50 105 171 253 104 183 31 64 75 63 191
    157 56 20 150 152 152 198 110 210 125 181 127 194 241 216 254 137
    232 140 196 137 84 70 20 87 116 192 65 114 87 148 251 244 56 109 102
    20 149 76 149 118 186 227 229 162 18 210 207 241 232 52 192 144 67
    252 140 171 44 206 234 193 41 32 22 100 35 152 111 213 176 177 220
    55 75 245 158 144 253 54 178 90 148 201 186 162 255 53 159 234 41
    247 167 171 220 214 191 23 199 176 46 196 81 150 48 24 206 0 52 240
    251 192 126 88 79 117 71 8 120 214 105 177 30 15 162 235 158 166 153
    84 220 242 208 174 140 92 66 216 202 117 91 44 139 141 139 152 53
    222 104 149 140 35 255 254 87 29 13 145 70 24 139 52 129 163 180 45
    29 8 252 11 170 215 112 50 41 74 68 106 207 142 89 184 216 24 183
    233 36 232 174 255 243 59 26 132 87 16 243 110 10 104 83 34 246 222
    138 78 52 36 121 21 150 128 177 68 13 180 101 93 85 6 106 36 232 196
    19 174 96 35 83 202 182 194 91 107 29 160 222 172 224 241 219 191
    134 139 227 186 231 216 222 43 125 131 169 194 210 56 198 198 155
    216 41 148 200 165 76 47 69 11 0 153 117 22 53 202 176 12 235 224
    236 13 124 18 95 52 106 153 225 137 180 13 3 69 131 213 107 37 216
    11 241 223 74 185 112 69 82 209 109 112 79 72 193 18 99 153 250 58
    189 41 168 240 118 23 106 5 136 11 160 60 63 41 110 222 120 7 140
    179 206 125 149 24 53 176 75 249 62 73 251 206 49 227 36 75 201 129
    18 93 24 36 63 188 58 170 149 65 153 219 126 59 23 249 32 228 222 63
    248 119 89 198 63 85 219 92 111 122 97 53 210 45 132 203 115 166 83
    251 36 106 74 78 121 85 135 200 39 155 9 184 53 230 109 160 240 92
    211 117 128 161 212 81 162 189 132 157 196 77 189 102 248 109 115
    212 91 7 178 163 175 231 53 3 27 185 129 35 2 176 104 70 15 28 20
    159 24 191 154 177 156 157 28 169 2 95 175 65 59 20 19 88 234 194
    200 51 130 101 54 166 87 140 150 164 108 250 189 24 230 36 114 79
    232 141 82 59 162 130 60 55 17 106 70 222 121 3 132 177 204 45 210
    230 127 133 67 221 89 23 89 131 5 135 249 98 142 9 144 238 11 134 62
    79 109 24 83 210 40 76 92 65 11 5 219 136 53 12 152 48 205 8 106 144
    13 243 29 151 255 255 102 112 64 11 81 211 84 205 67 202 224 86 164
    211 153 200 71 247 117 156 67 206 59 32 187 252 79 165 79 27 35 221
    142 9 174 23 50 13 225 250 51 80 41 155 55 254 117 33 10 164 234 93
    165 221 130 151 111 7 129 69 224 129 39 140 152 231 74 250 178 205
    205 132 147 104 26 200 9 48 110 172 146 124 35 165 16 196 178 235
    236 28 225 182 85 239 157 213 125 148 251 90 63 8 41 74 108 238 133
    43 255 48 237 18 187 12 44 184 118 71 4 151 8 179 111 38 5 160 2 20
    254 232 124 42 84 211 228 112 43 68 137 113 100 235 199 96 166 244
    139 83 41 99 199 197 94 255 61 69 81 116 25 86 153 18 14 144 59 223
    226 48 132 214 102 72 40 80 221 114 177 38 178 210 119 204 221 140
    124 194 85 172 0 76 173 106 47 184 70 138 97 170 0 3 30 234 223 203
    141 34 148 62 73 70 140 153 253 249 78 127 229 131 235 181 207 189 3
    248 50 170 230 16 180 4 163 31 55 111 223 223 15 95 243 235 235 101
    13 27 114 12 147 222 243 63 216 41 216 8 208 63 204 186 71 135 107
    133 31 220 32 147 87 202 106 41 166 207 128 140 206 3 89 95 67 99
    228 45 25 161 65 207 24 147 132 131 85 236 242 163 83 25 86 89 102 3
    145 11 69 27 182 132 38 24 219 52 15 234 240 12 89 71 223 0 132 203
    195 52 143 131 174 189 86 46 13 1 35 24 137 146 232 129 82 151 223
    226 166 23 104 127 223 229 16 185 135 154 251 216 183 111 69 73 182
    153 92 79 197 203 230 83 24 128 65 210 152 164 92 162 125 185 144
    184 242 136 151 136 42 214 104 198 113 58 181 51 114 171 227 180 172
    38 100 239 208 94 155 232 217 111 16 233 141 101 220 21 19 32 150
    141 209 133 36 248 244 138 232 192 39 156 126 249 254 56 255 165 224
    225 116 55 254 203 2 149 245 39 72 96 134 233 15 104 243 174 69 221
    228 252 22 114 36 88 96 75 49 226 87 51 44 200 14 105 85 175 154 230
    132 13 164 183 74 134 189 176 103 66 160 160 34 202 172 10 61 17 12
    135 218 75 128 81 110 101 243 41 226 247 213 152 55 66 132 208 17
    251 131 114 7 35 162 142 71 73 166 27 202 180 158 189 127 29 163 16
    132 246 232 188 79 208 12 19 80 37 176 53 115 134 120 248 193 168 16
    3 147 130 90 0 131 216 45 145 5 227 25 151 99 41 209 44 159 100 16
    77 30 36 36 80 127 249 125 89 217 182 95 242 204 65 162 9 109 50 5
    220 168 177 222 164 207 107 26 221 199 209 138 138 65 126 237 86 134
    218 113 205 158 243 57 249 93 200 148 240 81 164 220 71 245 113 100
    243 218 188 248 2 203 64 107 228 62 188 21 3 244 201 103 199 111 17
    49 3 170 134 87 173 215 83 109 117 116 33 178 111 22 39 80 77 81 65
    249 94 170 170 230 239 255 99 241 158 222 96 125 27 113 214 30 16
    191 87 153 230 6 40 143 254 47 136 41 215 82 53 180 121 152 77 124
    209 6 134 73 15 10 216 81 158 60 81 7 191 5 221 253 1 153 244 220 53
    86 37 206 248 134 26 227 36 100 42 96 140 195 119 135 30 168 1 184
    125 187 211 198 87 212 248 147 14 73 13 76 188 245 180 53 207 0 29
    247 115 175 119 205 3 156 116 212 7 19 223 120 77 5 209 65 26 4 96
    194 13 0 143 43 79 44 75 88 46 153 192 30 97 117 179 70 122 74 24 34
    254 113 85 130 61 167 253 96 67 43 251 159 147 87 21 77 91 51 3 212
    119 245 32 155 53 52 23 76 254 223 145 185 165 75 157 34 33 7 244 87
    172 253 249 168 180 154 123 169 171 171 207 129 137 138 238 236 251
    182 124 206 96 247 40 97 151 187 31 76 55 119 41 15 35 132 19 137
    237 158 45 98 25 181 125 179 37 63 77 200 66 255 152 194 64 236 42
    72 184 96 126 75 138 98 154 37 101 86 78 101 242 77 202 127 158 154
    214 58 232 195 250 226 108 214 180 6 135 69 171 114 24 197 77 161
    205 74 92 144 124 122 102 241 222 227 223 223 240 204 150 97 213 36
    77 233 184 15 79 185 28 69 175 208 120 0 41 196 129 227 173 172 121
    16 189 176 184 165 251 241 12 140 149 120 142 207 155 140 172 192 58
    216 135 204 123 189 9 167 213 53 67 218 230 68 215 189 29 202 78 66
    77 168 119 156 217 24 2 166 127 140 210 56 198 188 202 224 163 251
    191 170 25 237 232 152 14 49 133 67 183 214 229 91 146 231 133 217
    210 234 211 13 165 246 179 138 110 41 109 155 46 215 219 145 237 109
    215 209 62 8 177 180 28 244 216 103 141 154 252 214 142 115 9 27 155
    94 122 134 201 124 186 29 164 114 105 55 176 235 163 36 82 36 152
    136 10 0 179 175 220 19 237 76 168 195 117 93 232 83 52 98 190 56 55
    211 147 179 22 1 4 168 83 56 33 95 72 199 110 119 91 93 92 168 19
    186 235 224 11 200 26 200 183 30 57 233 242 117 48 204 126 70 56 16
    27 252 120 148 120 210 151 216 32 152 212 199 76 6 11 71 248 16 89
    248 252 214 246 214 71 160 159 211 243 17 37 9 235 181 103 81 59 41
    26 191 141 13 109 49 210 183 131 193 74 70 215 91 63 225 116 142 16
    115 60 147 181 46 240 123 96 214 195 30 14 221 92 41 82 98 100 155
    52 193 59 174 25 97 136 108 65 125 252 192 39 5 139 98 169 170 41
    100 238 24 198 29 161 45 20 217 181 82 237 151 56 134 77 59 126 108
    10 39 248 191 224 138 117 43 232 250 147 14 87 38 12 117 133 27 217
    10 156 66 91 113 97 240 59 71 161 96 24 132 119 189 4 155 92 190 213
    75 71 253 237 45 32 49 65 58 243 55 245 191 169 188 129 185 105 207
    194 74 144 82 140 184 107 37 88 147 23 121 52 104 216 127 107 0 249
    40 216 177 49 35 249 215 154 195 219 149 249 5 143 251 70 135 126
    100 10 50 108 233 116 71 125 87 240 66 109 181 70 116 14 165 168 97
    176 38 158 167 14 33 39 25 203 106 76 114 80 207 161 12 155 93 4 5
    153 122 195 31 172 109 144 62 225 8 47 8 200 195 79 230 39 149 251
    205 234 52 113 178 60 72 55 61 128 224 229 88 68 251 168 217 26 209
    181 229 56 209 110 193 94 215 197 4 118 3 185 125 200 155 59 164 85
    202 180 7 113 47 124 249 229 153 122 241 251 165 150 129 124 28 2 61
    217 23 71 211 49 0 144 16 64 36 163 166 136 196 51 149 11 147 21 152
    72 23 25 177 104 79 46 173 78 122 216 162 94 175 226 100 110 60 184
    112 0 123 119 119 125 49 138 145 169 153 37 218 219 68 157 37 16 210
    52 55 150 15 182 235 182 116 150 248 51 173 95 210 65 203 83 48 67
    218 223 19 215 147 128 37 158 178 96 237 138 236 25 212 14 15 163 27
    34 162 80 53 188 73 4 53 225 229 165 51 201 69 41 234 90 245 37 50
    222 89 149 23 26 141 217 11 244 22 85 152 88 241 188 236 139 155 22
    137 81 124 207 237 114 6 13 28 243 56 170 14 204 194 172 237 179 8
    129 182 42 198 238 121 110 44 70 63 52 199 59 145 210 137 134 109 20
    119 17 54 199 214 220 245 88 167 22 217 247 97 172 154 83 11 235 234
    104 213 249 217 194 107 175 73 33 59 164 255 91 65 219 75 39 36 34
    246 36 174 120 200 13 190 152 41 119 255 15 209 113 68 10 169 182
    162 104 173 86 138 184 59 211 246 6 182 198 204 143 45 251 98 12 73
    50 133 182 84 38 160 199 98 53 190 58 154 142 197 174 68 239 185 186
    8 77 1 158 25 118 225 22 13 170 217 246 64 192 166 88 77 62 252 49
    150 179 220 194 160 194 116 168 236 135 41 94 171 101 158 115 1 166
    229 205 61 242 135 28 95 129 169 44 224 141 178 69 18 111 70 219 12
    136 184 214 59 123 104 175 149 143 121 141 198 224 9 225 122 36 58
    70 2 229 159 62 229 110 102 215 95 75 248 101 174 63 26 102 94 143
    90 194 82 169 31 88 145 45 93 135 148 88 102 86 57 122 240 163 166
    91 120 6 126 84 248 200 212 57 168 195 254 146 253 16 10 98 253 179
    196 141 191 229 158 93 20 127 136 54 172 207 46 235 131 92 89 58 206
    218 144 102 60 58 141 167 163 51 67 1 92 90 47 73 165 133 168 137
    242 5 215 142 166 40 190 39 108 116 131 114 197 94 70 188 33 150 236
    42 65 106 254 203 206 27 166 162 130 185 192 196 209 181 251 107 108
    88 95 132 19 205 53 214 19 128 114 140 133 130 102 128 200 58 103 39
    40 189 126 41 40 158 39 21 13 179 202 249 167 163 223 225 127 48 89
    79 236 149 134 105 217 43 66 253 168 35 70 228 77 44 118 134 32 250
    14 80 69 235 147 251 169 52 96 19 64 0 172 151 176 193 90 147 31 207
    214 151 48 124 2 144 33 27 45 57 236 226 5 222 184 251 129 162 92
    170 0 167 78 100 34 114 219 19 70 163 88 11 253 243 21 202 65 12 122
    144 124 235 119 151 165 40 94 234 174 18 226 252 3 68 37 90 175 112
    184 136 197 127 67 69 36 180 27 157 151 127 197 81 2 30 145 216 235
    132 15 54 191 70 217 76 246 11 70 172 88 29 108 93 233 176 72 149 71
    226 47 141 204 173 156 16 149 6 114 43 44 198 198 209 246 249 91 159
    169 102 56 106 10 237 6 140 209 16 103 146 172 220 191 182 3 59 33
    210 207 148 18 46 186 21 251 238 210 47 169 36 127 125 134 248 27
    254 150 197 223 48 207 189 122 88 122 88 136 89 20 115 93 133 175
    123 229 97 233 14 48 11 69 61 234 199 75 103 172 91 69 117 255 21
    168 250 52 179 139 174 173 1 159 68 69 133 177 214 255 234 254 239
    207 236 199 161 82 173 14 90 103 55 169 229 97 131 182 42 244 111
    131 107 63 30 229 29 219 126 104 167 206 1 6 112 107 106 247 86 191
    23 200 88 22 2 86 13 116 105 172 241 224 153 254 125 213 127 238 41
    202 52 89 38 165 155 69 213 95 205 179 138 33 0 163 84 39 75 10 222
    129 225 34 64 71 165 161 76 161 149 229 51 212 172 195 228 207 254
    249 181 43 53 21 228 115 242 111 138 117 246 155 162 141 153 112 47
    142 224 41 101 93 131 108 38 157 182 6 69 246 123 199 120 223 145 52
    241 157 23 119 35 179 73 82 66 230 64 40 23 74 158 149 129 160 135
    185 166 139 51 187 32 250 199 32 165 110 242 224 166 249 166 188 91
    128 13 11 123 172 127 28 192 30 173 33 9 49 138 240 197 113 59 192
    67 15 14 64 213 176 89 84 89 194 107 21 125 200 16 224 246 221 184
    193 165 138 224 215 233 71 217 246 48 228 249 230 130 22 49 64 254
    108 152 215 164 238 219 126 233 201 77 109 125 118 122 61 234 99 92
    109 217 64 115 130 80 8 8 66 199 54 183 185 89 58 88 158 122 43 1
    150 67 142 110 204 14 190 72 57 169 142 6 122 200 148 144 88 214 184
    187 50 86 248 91 182 62 96 253 78 46 252 53 130 242 167 140 226 105
    175 67 129 15 208 1 248 46 129 146 156 191 255 126 16 60 140 178 81
    188 203 247 239 189 219 244 197 145 36 193 128 97 185 84 240 142 189
    185 58 246 230 142 62 172 161 98 20 213 193 93 150 25 138 206 64 255
    30 112 45 165 244 246 9 165 59 236 28 19 216 143 11 217 204 230 196
    171 33 217 158 25 201 133 220 123 51 47 169 219 200 221 133 127 39
    75 57 233 167 70 143 6 168 151 45 183 206 80 34 226 12 88 234 62 174
    80 113 59 27 10 117 204 24 84 196 29 161 146 92 206 150 141 206 6
    134 80 217 20 221 191 52 130 47 165 220 223 14 248 83 191 121 72 188
    102 183 87 177 154 112 8 130 225 214 190 233 65 199 4 70 25 172 231
    120 69 91 167 38 52 158 14 254 150 252 7 8 1 241 68 214 206 134 237
    86 97 197 226 204 119 217 90 146 238 237 156 108 242 148 162 153 150
    82 212 96 153 198 32 28 178 150 161 59 75 112 171 114 192 177 103 75
    214 170 60 57 63 142 56 86 8 221 57 126 99 221 80 199 16 62 138 236
    26 77 158 58 172 142 198 144 12 245 25 102 142 105 31 129 211 118 0
    30 47 164 27 125 171 119 59 160 239 142 0 214 227 74 126 227 67 61
    71 223 65 250 144 29 205 53 244 158 143 37 119 152 76 180 130 104
    169 155 97 51 221 238 241 44 84 19 9 99 155 189 21 174 83 169 90 102
    159 224 66 203 39 111 220 127 56 138 76 37 149 66 54 206 252 154 180
    232 121 33 249 250 87 174 28 124 59 241 82 19 70 193 102 210 80 193
    184 103 11 33 177 94 76 53 252 96 52 131 253 107 64 147 124 73 197
    212 71 177 110 95 212 47 174 191 46 183 3 91 39 38 46 92 27 181 105
    246 8 12 51 148 26 251 144 44 146 2 225 89 225 11 238 195 108 181
    107 241 27 249 240 24 183 74 128 137 108 78 32 191 93 40 129 103 127
    41 225 189 228 123 119 32 250 38 209 142 192 253 63 93 251 35 95 96
    115 141 211 235 11 7 184 154 193 220 77 126 130 216 240 236 245 110
    155 23 64 17 10 148 96 216 180 2 54 252 235 217 70 153 170 41 114
    160 124 245 10 240 95 221 118 194 22 112 103 251 204 47 96 116 69 54
    60 21 178 204 43 193 143 107 68 96 101 195 199 243 57 207 146 17 253
    4 76 153 143 155 51 198 110 250 4 24 96 100 79 206 223 208 213 141
    77 100 17 113 216 242 244 244 160 220 71 188 141 112 10 94 196 40 54
    183 164 201 78 93 27 33 20 78 226 41 183 125 15 222 174 72 223 10 78
    30 252 15 157 88 78 47 184 95 119 27 157 129 213 56 221 56 188 225
    185 151 215 232 246 179 133 225 186 171 37 255 193 0 89 214 225 85
    175 233 89 169 73 217 58 192 224 192 131 25 25 196 68 36 31 72 106
    149 34 103 215 218 39 34 142 187 27 70 146 78 174 79 88 193 27 143
    70 44 199 116 59 31 231 213 99 230 221 4 193 37 141 106 56 72 84 6
    184 152 83 68 87 86 190 218 89 235 125 240 149 41 244 13 216 198 126
    116 53 73 137 208 247 3 175 9 8 78 96 27 249 21 76 77 156 57 75 44 2
    109 144 106 137 223 61 242 184 2 234 133 174 46 97 144 212 247 134
    199 70 143 74 230 57 210 7 168 119 129 242 105 60 66 196 178 110 243
    200 180 235 111 105 235 101 175 138 218 99 87 98 17 118 41 236 242
    49 211 39 102 45 33 218 192 172 146 124 8 38 79 237 244 131 145 117
    169 242 225 156 186 233 67 99 164 202 241 112 242 180 109 9 246 218
    86 48 140 76 192 181 169 61 113 28 101 14 27 124 141 93 15 206 31 31
    211 19 87 28 187 227 44 47 231 149 82 130 239 90 202 224 75 64 67
    112 201 52 238 184 30 189 11 122 121 138 78 156 10 203 190 60 86 150
    1 103 130 0 69 45 245 85 197 231 142 40 36 9 12 14 203 194 49 123 46
    64 218 179 104 1 33 64 135 60 213 11 146 108 37 216 100 52 218 29
    234 125 254 34 37 48 43 146 151 100 88 60 183 90 65 33 178 226 47
    104 200 60 151 240 131 231 169 252 75 201 181 93 197 5 106 28 177
    183 185 186 150 94 103 229 192 217 153 59 82 178 236 71 18 122 46
    228 134 214 50 163 52 185 49 129 128 0 158 216 162 173 37 45 128 33
    139 210 242 124 171 113 153 97 189 189 50 65 5 81 131 83 183 101 234
    18 67 162 130 3 40 1 175 144 66 239 135 96 189 58 97 180 246 248 161
    143 57 182 15 131 214 162 100 205 117 202 168 210 139 128 218 114
    153 115 187 18 182 203 13 83 121 146 69 24 153 113 173 110 98 3 229
    169 96 117 178 99 29 162 188 111 84 29 224 173 250 8 31 122 153 49
    209 211 142 104 109 15 6 26 14 2 107 37 13 207 167 2 79 11 28 176
    253 54 124 12 223 194 39 209 97 70 230 148 69 145 231 242 38 78 152
    50 45 57 18 215 133 181 245 77 70 110 21 101 54 182 78 123 81 202
    217 202 193 2 65 223 155 244 206 70 24 193 80 255 57 216 101 61 239
    239 52 46 159 169 53 22 141 214 160 145 160 100 125 93 4 173 103 117
    170 237 153 124 47 136 155 3 41 119 34 206 51 19 4 112 168 230 6 221
    128 169 111 61 168 136 190 33 4 177 53 157 124 101 66 120 92 219 205
    17 198 62 33 222 201 218 144 220 199 123 34 9 180 187 18 197 246 155
    121 139 76 43 181 234 241 108 198 9 191 19 202 72 157 71 3 235 38 76
    11 113 150 9 35 58 37 81 156 235 216 208 247 175 170 117 19 63 6 251
    188 76 106 152 25 232 131 5 113 115 220 35 219 91 105 141 131 184 78
    42 189 242 203 241 222 78 96 78 143 96 94 177 3 199 56 4 129 71 234
    172 112 186 164 239 49 94 198 25 199 139 158 70 208 247 54 89 223 49
    166 126 210 134 43 220 105 214 84 135 153 169 146 105 236 124 51 79
    116 93 198 197 220 255 60 28 117 53 65 136 95 107 101 37 66 215 253
    166 5 113 170 189 204 154 135 156 199 3 73 254 169 58 19 121 155 87
    156 72 117 248 137 120 1 99 173 211 81 194 49 28 163 75 74 111 196
    44 155 180 68 19 135 96 21 24 153 78 18 209 16 233 29 230 39 203 249
    51 177 248 16 71 77 5 204 52 153 5 226 32 191 26 216 124 58 2 173 47
    168 199 244 249 189 44 89 125 189 219 174 110 42 25 223 150 93 6 29
    120 72 178 200 37 151 170 250 42 158 214 143 5 191 245 44 226 235 46
    48 192 207 68 47 51 192 0 196 120 152 190 212 228 158 1 136 210 177
    235 184 37 103 138 21 65 116 184 74 219 22 12 233 121 198 169 215 0
    246 38 6 125 122 201 169 42 100 247 206 145 96 97 188 166 192 135 8
    225 178 84 196 32 159 32 114 86 65 18 250 177 171 208 166 114 194
    154 225 171 34 15 149 106 68 218 183 30 60 157 173 74 235 14 36 254
    29 36 109 123 199 123 207 248 94 21 162 170 230 202 0 156 150 35 144
    202 247 202 149 80 246 60 142 18 70 148 208 89 249 63 181 138 113 23
    49 208 167 139 76 225 219 36 251 86 216 17 111 153 153 15 190 234
    244 93 229 78 59 70 249 42 75 75 236 208 239 17 122 227 64 196 29
    212 235 254 100 244 175 49 13 204 49 248 201 193 60 243 204 254 116
    88 193 237 45 243 99 42 3 19 147 165 177 57 241 22 149 45 218 121
    243 196 16 200 123 50 200 162 32 82 158 29 102 212 171 53 247 114
    172 189 117 194 6 224 194 221 47 72 75 180 156 176 119 74 77 204 50
    119 93 37 39 116 42 38 116 106 104 106 68 152 205 64 165 190 213 201
    158 120 133 140 139 218 118 157 125 98 161 21 196 80 217 46 39 166
    238 179 94 178 154 42 249 15 163 32 19 84 35 165 248 173 55 85 183
    208 158 140 90 246 150 224 49 25 173 127 155 201 89 114 116 30 109
    113 44 88 121 238 244 64 168 254 17 127 253 70 132 150 43 130 26 20
    60 32 234 75 191 30 223 163 172 171 57 146 207 241 224 129 40 146 9
    168 107 64 175 121 34 198 9 172 240 202 94 168 71 206 18 84 214 8 64
    189 88 35 28 246 248 77 241 40 17 38 68 73 108 246 68 53 54 141 157
    75 105 101 181 37 237 234 119 149 186 228 108 195 47 11 108 201 209
    125 158 172 131 71 154 58 202 187 79 28 207 107 70 16 149 131 214 9
    227 2 183 32 239 36 171 180 211 66 130 252 8 189 13 198 203 48 120
    70 15 194 147 165 178 67 216 41 94 158 254 253 169 103 230 148 241
    244 250 27 37 215 57 116 81 193 178 205 200 175 97 165 168 79 123 6
    224 169 86 235 197 82 125 137 162 164 152 240 139 135 210 102 144
    126 40 91 134 10 172 65 19 8 42 216 174 150 31 87 151 106 241 20 90
    187 75 5 74 46 222 221 18 26 237 175 14 39 236 65 55 49 95 189 154
    73 54 218 97 137 30 137 223 127 203 196 92 196 62 103 175 29 221 127
    115 52 77 187 33 99 151 248 143 205 255 83 12 138 189 67 14 164 50
    220 33 54 142 96 222 116 35 228 118 23 216 207 207 98 200 162 103
    182 135 124 9 99 10 162 161 167 173 232 121 254 92 20 223 146 115
    123 255 26 240 196 113 50 73 176 216 8 38 210 132 111 2 3 99 72 125
    44 170 55 43 235 206 76 49 116 150 194 94 245 89 35 138 222 58 90
    232 245 153 224 10 178 179 235 100 149 33 13 203 242 65 8 0 198 40
    72 161 170 43 88 13 75 73 144 169 23 150 96 42 2 133 231 221 164 7
    17 8 21 243 41 127 137 28 162 98 91 56 101 196 64 220 201 54 252 9
    66 38 22 246 149 210 149 145 137 60 151 185 140 136 53 231 33 240 81
    170 49 64 100 71 153 1 246 119 116 6 28 180 7 34 119 74 26 200 48
    209 27 184 229 191 214 175 171 150 124 174 116 151 186 101 168 172
    155 112 143 169 215 57 185 157 98 88 240 242 118 215 161 184 93 9 68
    14 159 212 52 247 139 60 64 127 11 130 217 77 31 18 228 75 214 174 9
    243 102 82 63 221 195 56 30 36 159 192 170 207 156 59 80 183 14 126
    244 196 245 115 129 133 13 229 46 231 89 112 18 162 89 122 64 52 142
    48 230 234 39 54 98 231 21 91 41 4 248 28 98 202 182 33 26 62 157
    219 25 232 63 252 203 112 94 188 23 71 224 63 73 205 147 183 160 85
    17 207 131 219 46 143 113 76 193 108 254 135 196 210 158 185 60 45
    210 237 107 202 119 135 187 199 232 252 73 181 183 184 120 112 127
    140 251 128 32 102 122 89 41 253 57 115 70 121 6 73 213 131 29 115
    166 223 93 249 254 6 163 84 40 47 101 20 52 51 27 154 129 46 112 151
    244 53 141 75 199 163 71 201 5 220 94 240 90 196 52 211 255 226 59
    19 224 228 175 154 213 87 40 118 44 128 246 194 114 92 154 142 181
    196 228 48 201 134 213 171 160 184 87 92 217 124 212 157 165 163 135
    161 190 32 61 122 211 38 114 37 76 153 239 7 41 60 168 117 36 72 159
    53 155 217 18 196 226 5 8 220 32 112 87 211 12 2 5 127 95 193 225
    211 17 152 38 174 133 173 246 107 98 184 88 209 102 205 148 53 110
    64 90 202 160 121 120 109 41 41 87 144 109 71 145 155 108 30 23 250
    89 54 26 105 100 220 117 200 171 178 92 235 189 235 47 109 86 96 200
    203 196 122 32 226 33 42 151 64 178 220 152 44 245 227 193 217 61
    199 68 25 45 31 233 136 121 129 189 220 67 150 3 130 20 5 203 47 136
    153 228 126 175 25 30 19 235 141 57 184 221 80 128 27 141 254 80 99
    16 150 248 138 147 26 253 93 14 29 26 6 241 3 216 103 89 41 48 14
    161 2 121 247 175 136 31 34 231 132 34 162 102 133 174 76 244 61 187
    189 96 213 173 187 63 212 234 200 142 134 192 162 174 104 85 63 126
    47 118 113 218 0 104 32 129 236 16 80 255 230 74 247 54 219 166 206
    253 60 98 203 65 8 20 210 123 252 49 185 1 218 147 166 148 46 234 0
    206 135 29 17 40 15 65 19 3 232 215 116 66 4 145 34 173 199 219 219
    241 190 229 113 254 1 83 150 128 18 248 244 131 219 29 160 220 53
    216 167 138 192 174 39 182 230 1 214 253 130 144 85 165 201 22 94 2
    222 114 71 110 209 18 36 71 176 20 15 63 129 110 227 39 48 109 131
    233 83 7 218 119 179 133 55 23 29 86 37 36 77 29 105 57 154 10 112
    213 122 3 12 174 46 180 207 75 117 143 227 216 144 213 172 104 130
    46 25 206 255 112 119 145 242 115 249 125 151 215 50 233 88 170 173
    149 5 174 115 15 221 7 49 147 169 169 83 204 58 237 51 93 67 86 46
    16 69 169 9 10 237 48 130 176 127 104 16 234 174 5 120 231 158 92
    174 77 195 77 248 49 78 152 22 80 209 7 111 25 65 217 116 160 70 123
    61 252 7 208 229 98 105 217 191 170 114 55 80 117 87 98 53 85 61 62
    73 230 192 213 145 13 233 146 235 102 80 123 131 11 60 115 80 136
    157 237 162 246 76 175 19 186 171 36 110 148 85 180 1 199 95 94 168
    183 209 89 110 75 19 234 146 227 23 18 21 0 219 69 41 191 76 218 153
    198 192 59 129 83 172 205 253 177 182 107 193 168 172 136 153 226
    243 3 211 31 88 248 78 21 130 8 164 219 86 98 90 32 241 99 182 143
    112 172 116 85 173 82 42 240 148 81 17 3 52 227 137 45 131 133 5 103
    197 186 62 24 64 86 15 103 64 228 54 70 179 10 26 136 200 51 75 177
    61 75 41 4 165 71 165 105 27 164 205 136 1 32 150 207 140 185 37 135
    186 56 251 240 149 39 148 57 212 52 114 138 93 212 229 42 122 45 62
    111 166 57 163 238 224 57 101 221 22 25 223 240 125 94 133 2 71 204
    22 239 27 67 206 55 14 89 128 133 232 134 3 138 145 97 220 53 158
    121 219 84 195 174 183 98 70 221 8 32 110 25 223 81 59 13 175 106
    132 187 221 149 83 94 29 7 114 177 96 210 207 58 90 190 43 28 55 33
    128 69 55 235 179 211 190 202 235 70 119 28 170 182 133 29 182 121
    77 156 100 251 130 113 89 63 131 107 41 227 153 49 221 126 52 122
    193 199 152 147 162 141 55 112 138 187 239 55 175 75 171 40 39 185
    68 51 187 83 82 20 107 219 84 150 106 188 52 107 190 199 201 52 103
    233 215 183 154 126 59 25 98 47 117 8 225 161 124 87 205 243 10 116
    88 51 255 176 53 97 2 238 22 88 93 39 178 47 237 134 125 223 175 81
    168 64 230 206 243 24 142 24 214 59 162 61 0 213 243 70 188 190 169
    183 36 239 117 38 2 46 12 136 166 87 14 110 175 26 60 190 218 220
    116 48 193 66 24 88 255 115 63 103 174 117 132 123 186 235 159 246
    166 10 245 36 157 153 178 146 13 64 219 213 6 223 201 13 250 97 253
    28 214 123 174 120 216 60 123 22 8 210 134 55 72 64 66 212 240 181 2
    177 17 168 91 10 17 152 104 89 11 223 30 223 18 110 222 137 177 105
    12 198 159 49 156 137 70 125 120 197 123 89 210 120 54 174 148 253
    77 97 161 11 120 102 200 92 42 160 67 162 30 156 227 241 191 99 255
    144 75 38 30 236 129 207 12 131 231 169 117 0 230 211 58 156 182 82
    74 208 77 73 45 35 2 55 12 79 216 128 90 107 80 248 43 115 191 228
    136 132 100 233 126 224 119 56 88 169 212 193 67 194 53 243 253 129
    172 188 101 55 29 22 82 14 97 90 157 12 244 27 219 155 176 2 166 31
    44 5 249 47 108 224 62 49 18 166 87 70 163 141 212 34 8 229 102 150
    78 147 85 233 109 214 89 151 74 52 134 230 71 42 113 8 164 50 201 38
    123 30 253 176 97 69 142 154 20 65 227 196 204 94 215 140 28 127 51
    125 107 78 162 190 109 84 104 164 235 226 104 220 63 133 28 75 95
    192 225 158 223 122 109 42 24 19 190 221 83 151 219 70 77 12 141 44
    15 136 237 44 115 201 201 203 34 147 167 37 251 213 109 49 38 22 83
    93 238 51 24 58 78 170 24 83 201 165 90 122 13 173 178 170 193 229
    191 104 49 248 94 117 61 123 83 65 153 119 191 179 46 227 186 246 80
    167 199 15 167 156 114 111 217 5 117 17 142 197 78 4 196 81 89 224
    22 94 133 81 216 66 144 19 242 134 177 143 71 116 165 252 199 142 62
    203 224 95 160 1 24 76 142 114 234 4 120 124 49 230 66 155 93 7 100
    134 41 129 51 109 88 20 95 50 124 194 33 104 112 33 228 76 96 27 98
    89 8 60 155 117 142 156 236 124 103 136 198 234 62 79 254 196 63 136
    128 126 6 211 61 244 203 102 43 172 16 227 63 99 127 187 50 157 12
    231 252 78 104 188 158 247 175 34 64 121 55 30 27 139 113 154 219 24
    45 114 1 230 8 194 99 84 66 6 241 62 191 77 233 118 48 250 55 69 156
    202 15 223 4 156 123 17 158 43 116 153 127 225 61 200 43 117 174 219
    211 187 226 75 172 85 114 27 213 76 131 72 18 238 223 246 127 105
    143 138 53 75 13 205 43 172 2 135 35 1 28 28 12 153 17 160 86 181 21
    116 225 5 92 121 182 3 207 46 103 185 254 145 172 53 99 203 126 134
    136 178 4 115 148 179 29 129 99 71 144 136 24 209 207 23 111 8 80
    133 64 121 203 218 240 6 221 147 142 95 140 73 222 96 196 203 61 213
    21 21 98 157 236 155 239 106 171 87 90 110 17 39 54 226 132 241 106
    71 216 243 107 80 91 87 237 106 117 24 111 235 248 153 71 237 205
    214 172 253 149 200 92 26 150 180 218 147 53 121 219 52 9 182 221
    171 59 75 135 43 180 23 143 87 12 97 67 33 133 187 5 50 169 68 186
    73 6 250 236 183 28 202 234 114 199 213 147 216 206 54 219 116 80
    165 120 53 96 177 165 94 70 43 139 160 245 181 45 233 217 108 32 132
    53 48 225 150 157 129 155 175 159 73 37 143 251 125 88 211 174 141
    193 45 98 225 29 222 106 137 208 206 195 77 195 17 18 173 61 12 249
    81 254 108 77 70 200 11 44 226 166 55 171 200 60 10 98 106 6 40 37
    121 111 51 145 42 31 237 90 118 61 116 40 85 66 133 80 30 22 1 128
    96 127 15 59 247 216 157 33 181 161 32 65 27 141 243 109 239 176 225
    155 129 128 173 219 74 36 97 220 16 130 16 160 242 240 149 250 112
    159 206 28 163 215 73 183 209 193 82 204 36 80 91 216 148 208 141 34
    152 105 109 183 68 216 5 216 214 39 120 125 225 118 62 77 126 31 116
    223 87 152 160 189 238 106 72 33 195 190 162 230 231 65 100 236 25
    172 230 224 242 11 243 116 243 51 194 201 31 105 226 157 98 47 198
    99 119 45 73 188 236 125 122 128 29 178 36 183 248 165 9 194 30 73
    48 25 102 217 180 114 114 243 169 211 240 49 18 198 236 207 86 93
    180 14 243 194 238 100 253 244 198 182 139 179 166 216 111 195 100
    118 28 178 235 9 6 183 200 240 158 65 183 234 5 186 232 40 171 216
    221 27 253 44 53 3 40 105 194 245 120 226 54 108 122 112 146 93 136
    137 45 144 131 255 43 49 86 116 148 68 189 153 162 55 38 228 209 61
    245 230 186 192 40 104 219 56 220 81 150 46 125 231 205 111 51 138
    128 59 44 70 111 223 64 3 3 225 77 255 202 153 243 97 206 200 69 136
    224 191 15 169 44 119 22 110 225 201 187 148 91 235 135 127 225 33
    243 46 148 149 163 165 153 60 47 24 56 5 142 248 223 155 204 65 224
    115 45 7 144 168 132 159 215 20 196 138 13 248 80 67 163 7 218 26
    163 112 220 103 207 76 82 8 162 81 147 250 53 160 66 209 88 131 150
    168 254 132 64 40 109 249 240 243 139 93 186 216 188 64 55 35 173
    111 159 158 177 130 35 16 180 72 78 152 159 216 30 141 212 127 204
    91 82 205 112 9 225 145 1 78 27 83 0 143 240 133 112 157 73 196 236
    170 52 227 202 219 147 172 85 251 206 142 101 168 140 120 156 130
    244 237 122 138 89 147 134 96 210 140 109 209 104 251 4 1 119 5 25
    97 210 79 93 25 56 156 89 134 74 111 74 177 65 10 112 75 66 139 66
    112 69 46 217 156 104 192 55 197 3 247 70 245 135 166 71 119 236 48
    69 15 83 31 94 120 146 33 6 70 199 193 223 66 229 205 141 224 154
    236 93 96 63 197 209 89 17 235 108 145 30 54 113 117 245 60 193 76
    75 225 76 132 59 2 4 74 169 35 213 165 98 245 122 173 251 5 160 71
    229 94 143 247 212 5 28 149 68 102 149 104 227 91 182 119 42 0 240
    28 217 140 220 31 229 21 140 134 254 245 48 200 168 219 5 221 93 140
    165 118 96 217 246 32 95 94 98 177 203 184 174 89 47 240 65 224 140
    6 254 60 34 205 95 180 200 89 149 190 228 81 175 186 94 62 112 215
    95 218 170 240 25 89 106 15 174 64 36 201 63 168 50 106 219 219 152
    239 24 166 222 34 60 45 45 127 136 75 214 211 115 204 95 247 90 130
    135 59 219 243 187 238 54 59 68 103 245 98 91 53 173 71 69 131 193
    113 189 90 207 178 46 68 3 7 232 153 53 142 161 161 129 239 151 182
    23 197 9 105 243 253 82 91 119 93 27 246 106 174 14 211 161 64 195
    118 133 68 232 209 205 170 119 45 193 238 185 121 11 38 46 142 146 0
    67 225 235 100 164 211 94 129 184 47 198 16 154 234 237 199 129 221
    46 205 52 134 28 96 135 142 199 246 124 52 86 8 128 109 124 163 73
    90 202 123 204 198 81 165 31 86 81 25 225 129 108 75 8 38 99 239 3
    95 176 22 249 49 130 73 244 184 176 210 107 233 193 189 90 221 123
    76 198 73 153 68 62 98 105 55 39 76 227 106 17 222 168 206 185 232
    78 230 220 100 2 201 144 124 146 152 176 164 64 134 159 46 122 217
    153 44 30 194 88 31 248 68 43 141 181 88 202 150 37 85 165 217 131
    254 182 206 125 168 221 52 115 97 8 32 184 25 148 20 12 54 19 199
    202 81 143 53 254 54 252 21 38 122 144 49 85 62 141 195 97 138 154
    33 150 42 13 215 242 179 123 105 37 158 131 126 5 113 177 0 188 45
    141 200 196 142 35 208 74 204 79 166 120 148 42 27 147 176 226 241
    143 184 168 19 2 2 183 225 255 42 123 24 68 120 18 14 24 96 180 65
    111 105 194 69 60 13 102 162 80 84 132 116 227 77 241 150 48 223 101
    186 27 107 121 172 115 119 143 233 219 119 89 15 240 47 58 188 113
    40 194 53 254 64 143 81 174 42 94 216 144 237 23 62 218 195 14 118
    145 130 45 241 179 181 111 17 252 31 142 234 26 61 216 47 184 51 237
    154 27 129 241 240 119 162 61 82 94 251 42 57 12 62 197 22 173 219
    22 71 55 51 128 91 22 4 73 78 108 132 147 245 110 14 119 38 228 208
    112 150 17 49 153 238 253 7 7 173 108 162 255 112 161 195 41 134 67
    135 123 238 80 223 184 201 210 96 135 187 19 9 6 181 103 72 69 193
    85 84 152 160 72 35 230 2 33 142 21 39 58 250 188 209 96 195 82 48
    206 194 204 196 97 106 227 142 8 194 187 107 157 92 230 219 252 229
    235 247 83 12 105 119 2 126 181 170 17 7 27 65 113 240 130 217 25
    101 10 5 71 82 148 35 57 253 248 203 50 110 46 237 114 90 135 140
    100 83 81 109 52 217 78 166 31 114 225 58 95 2 215 58 135 207 202 72
    63 44 117 89 147 150 199 0 13 100 243 3 204 122 39 127 81 115 16 24
    8 143 121 161 98 147 93 91 198 101 90 147 227 209 54 235 182 10 16
    129 237 37 166 21 132 161 162 131 41 172 74 189 4 185 59 219 139 251
    108 200 45 184 85 93 205 204 0 121 162 109 48 98 189 170 126 240 126
    252 179 220 137 216 228 85 162 114 105 178 165 22 156 56 120 5 120
    170 240 216 58 226 40 196 143 32 186 39 178 191 69 209 171 120 47
    233 130 58 137 156 223 72 26 103 185 200 225 191 45 96 243 208 1 102
    216 68 241 224 196 60 31 171 191 152 21 114 56 118 219 19 157 113
    179 107 89 172 214 186 93 167 96 91 181 186 144 239 87 140 2 247 145
    166 23 92 207 53 141 35 230 221 145 30 158 54 150 40 220 28 132 75
    44 198 209 107 103 112 227 3 87 35 65 245 195 81 100 195 195 110 90
    98 27 77 212 183 169 105 33 201 169 170 4 50 255 48 207 60 202 110
    76 199 222 55 130 134 233 108 150 45 79 208 196 251 63 179 228 233
    24 94 230 172 90 108 26 34 65 4 191 14 52 88 44 151 221 64 240 48
    122 99 115 115 169 237 116 252 7 2 5 185 243 145 131 102 69 86 204
    232 31 229 187 147 34 136 82 187 175 17 127 59 127 179 132 14 98 244
    139 80 253 151 43 103 59 77 217 176 47 156 235 126 140 147 169 181
    219 147 54 23 129 185 93 62 176 192 167 99 198 211 219 235 60 7 217
    135 216 215 193 8 106 216 238 47 85 102 153 55 75 30 247 51 83 143
    189 234 129 245 165 89 89 60 205 244 213 190 48 87 255 66 130 125
    143 10 77 32 26 251 253 168 179 126 191 236 32 15 103 135 181 24 84
    195 120 83 175 22 227 127 18 56 167 62 10 207 168 213 25 118 224 128
    191 183 199 237 247 101 214 66 203 218 43 204 84 76 24 176 4 129 32
    53 53 186 232 239 155 105 169 189 135 236 62 250 165 134 17 209 225
    252 6 223 108 162 44 104 51 26 104 197 160 199 196 55 159 102 176 38
    154 239 200 57 207 97 236 66 1 214 8 217 218 79 63 200 248 184 118
    247 24 12 98 27 21 10 98 38 67 71 115 87 92 44 197 149 212 163 76
    121 184 122 193 162 175 58 236 22 77 179 208 214 220 77 171 231 193
    124 64 101 192 210 233 112 102 6 18 21 96 43 198 155 137 127 146 121
    103 130 208 24 169 242 207 239 215 248 157 80 109 177 220 170 99 20
    60 149 41 47 72 162 223 217 220 36 242 219 32 28 33 65 164 130 84 26
    0 186 86 251 138 167 217 58 40 41 251 86 51 128 163 160 82 148 220
    201 199 171 237 187 214 85 111 18 247 226 113 236 85 206 225 123 177
    205 208 45 76 232 99 24 88 22 222 141 127 186 159 68 37 172 47 234
    248 194 21 13 201 176 95 11 38 245 65 185 177 201 194 237 77 24 208
    107 81 76 9 41 161 151 91 219 98 90 161 109 31 121 22 177 228 44 168
    220 72 139 195 63 14 215 49 249 68 9 100 188 169 164 223 36 21 88
    176 225 163 88 224 43 104 54 2 12 30 139 68 161 17 39 129 38 177 110
    184 36 113 108 232 156 61 178 110 78 86 144 107 108 157 141 61 246
    95 75 241 198 79 72 188 152 115 99 173 219 247 146 164 23 166 159 18
    217 129 183 62 223 66 216 168 236 38 1 244 138 24 232 209 199 219 33
    155 223 91 214 208 248 9 55 72 60 170 140 153 124 13 31 176 199 196
    215 233 157 85 73 115 84 252 94 233 222 237 193 193 198 241 127 12
    219 219 28 3 25 82 42 151 68 154 146 180 21 192 180 40 52 91 157 201
    87 218 175 179 121 136 57 205 9 249 11 192 29 194 255 233 161 242
    108 163 206 113 158 20 34 30 95 68 140 236 186 226 132 116 136 61 7
    210 188 148 137 86 253 135 211 27 79 220 7 199 165 247 237 170 205
    96 172 62 155 233 94 44 128 147 247 81 212 49 61 105 207 16 81 185
    33 12 169 167 55 167 30 148 93 20 251 180 120 33 52 213 56 194 2 169
    236 136 190 133 111 34 93 222 156 247 246 54 102 72 108 142 230 33
    161 70 222 110 29 196 125 196 37 168 102 22 102 93 174 138 206 22
    193 186 22 207 137 170 184 228 250 239 177 209 231 148 18 29 107 114
    128 138 64 12 202 1 137 244 175 190 162 181 227 101 75 106 234 101
    88 250 133 213 134 34 136 101 85 212 179 186 140 47 131 209 166 111
    3 243 226 132 84 231 217 22 246 71 129 247 44 178 147 197 255 127
    130 62 90 157 241 47 208 217 13 117 145 225 115 54 93 73 243 92 188
    146 144 17 63 34 203 46 252 26 183 232 28 225 250 215 83 160 105 220
    157 224 253 34 183 99 39 192 194 69 17 177 53 124 186 109 103 236 16
    252 177 228 213 195 156 48 201 17 11 237 243 83 234 209 38 171 72
    200 176 92 239 166 11 172 185 39 182 48 95 251 214 253 221 20 57 33
    66 101 214 143 177 0 254 130 106 201 58 135 255 91 76 196 221 163
    114 97 125 113 150 77 138 245 5 154 95 233 98 186 161 195 217 147
    209 223 133 206 120 34 151 242 90 148 8 112 244 19 25 79 180 48 98
    127 34 100 171 155 244 184 79 108 240 41 164 138 18 128 185 33 94 83
    165 136 112 169 136 250 175 236 238 89 137 88 224 162 59 42 237 247
    75 33 15 145 31 114 87 78 79 5 216 138 120 222 230 24 181 190 56 199
    9 68 168 24 35 112 73 64 58 7 194 129 215 197 252 79 89 247 30 86 73
    194 84 187 104 36 236 243 155 34 142 68 206 115 157 61 19 219 27 158
    131 177 59 128 94 186 137 72 240 53 239 129 224 77 155 161 35 147 78
    7 141 191 75 102 54 240 209 12 228 249 148 128 60 124 255 13 213 54
    122 136 246 122 248 123 154 31 36 6 63 51 191 164 87 225 190 10 213
    118 196 152 192 150 119 146 17 74 92 165 204 149 118 102 104 23 30
    250 0 98 46 78 216 232 64 14 10 235 140 129 114 117 174 35 242 67
    234 176 247 20 149 204 144 22 70 193 197 165 73 123 147 105 226 170
    39 216 102 22 161 44 234 68 170 46 192 73 42 124 55 162 172 135 9 81
    106 187 120 122 69 156 220 150 88 18 203 248 122 209 249 149 195 176
    12 38 13 118 70 94 151 90 128 184 18 137 160 198 109 87 159 181 101
    68 120 147 30 16 32 162 20 65 223 81 2 123 6 138 189 32 181 106 138
    210 23 227 246 122 201 252 73 62 45 57 90 112 243 187 28 46 141 137
    142 255 126 39 45 185 30 161 220 113 47 125 224 46 68 254 40 106 79
    79 31 160 144 165 71 208 27 34 137 177 167 192 41 78 255 233 99 16
    28 142 241 48 181 58 45 124 30 106 121 81 55 79 148 200 89 40 248 69
    80 85 180 155 90 255 146 148 199 7 161 68 205 115 88 54 185 202 60
    174 51 155 255 160 191 209 131 101 0 138 99 51 232 57 178 216 32 34
    72 149 10 5 6 242 244 231 103 70 135 45 128 78 202 19 28 227 232 127
    149 149 1 38 161 190 156 188 74 167 81 2 27 179 254 60 28 29 27 31
    225 206 90 56 178 15 22 81 132 95 98 54 41 58 229 218 97 228 69 111
    58 178 47 96 194 166 246 171 47 143 35 113 156 74 21 151 83 180 201
    12 54 45 140 219 98 55 166 69 15 56 237 101 23 66 45 79 4 133 211
    134 243 48 119 249 144 45 33 205 227 179 67 128 136 190 253 36 221
    97 113 178 247 66 136 34 100 40 11 123 172 205 38 17 50 211 178 97
    98 108 152 114 58 143 185 102 27 15 9 164 54 58 116 44 111 140 104
    241 135 3 209 30 113 102 217 152 49 208 204 214 201 136 202 224 10
    172 145 76 182 115 170 51 63 251 113 3 126 24 56 69 179 244 2 128 77
    67 235 7 80 247 76 238 72 120 3 119 135 27 116 62 178 28 208 88 91
    230 151 175 237 201 136 200 186 43 8 175 32 206 118 180 86 174 245
    97 25 216 45 188 57 94 129 217 167 186 255 164 201 13 48 225 112 220
    172 29 173 59 238 155 84 10 188 156 11 73 56 89 89 20 36 122 155 212
    178 73 230 112 202 249 119 216 162 235 121 112 149 173 170 73 156 92
    136 94 193 135 247 158 98 114 85 171 193 133 215 108 169 15 201 33
    83 180 11 15 247 72 97 6 10 111 100 42 124 7 131 136 135 9 163 33
    149 80 167 1 48 10 252 17 193 116 51 47 100 208 24 131 239 88 240 13
    10 102 185 103 22 36 174 153 118 52 193 238 224 110 230 216 124 61
    135 198 224 74 232 33 103 184 171 85 216 118 63 11 123 189 171 205
    231 59 41 71 106 248 16 7 218 66 210 237 19 27 145 68 65 251 110 195
    1 128 252 156 92 74 32 253 120 246 227 100 153 253 53 246 224 228
    170 129 246 212 16 105 142 28 75 211 164 89 206 73 76 1 251 106 37
    158 148 120 220 34 207 89 5 69 164 197 175 135 109 106 150 12 121 47
    111 245 182 122 175 136 105 168 25 164 11 6 132 3 97 250 84 245 126
    15 109 11 77 102 41 109 71 65 53 22 76 36 167 184 231 229 205 125
    193 243 219 152 153 197 88 118 97 208 195 96 216 243 221 51 238 181
    245 123 53 1 210 100 189 68 235 66 61 46 13 253 194 225 76 181 131
    68 112 68 226 180 237 138 78 43 56 16 134 136 219 25 73 149 19 97 35
    35 137 235 92 234 177 39 129 231 159 11 56 29 3 98 78 149 121 132 9
    72 186 222 41 225 207 175 101 66 68 59 63 145 175 143 130 214 0 130
    148 79 80 172 22 88 102 61 97 106 146 158 16 4 69 50 15 115 249 192
    244 153 173 10 10 207 126 139 99 198 213 42 156 107 180 153 118 59
    151 139 184 203 253 118 3 47 87 181 246 82 182 185 195 187 151 45
    180 90 157 70 232 110 187 122 249 248 199 150 198 251 98 45 121 118
    44 101 141 140 87 177 92 36 149 89 232 184 127 235 165 154 117 47 29
    228 94 32 64 206 20 95 92 191 182 163 77 192 251 164 178 220 231 86
    7 49 50 111 193 193 234 237 103 92 108 38 138 197 6 212 112 146 224
    88 111 23 146 168 217 102 69 183 88 51 90 42 14 166 193 29 223 196
    75 163 190 228 211 69 246 62 216 164 93 39 12 35 158 206 111 121 219
    159 35 6 54 81 221 248 28 22 75 161 130 182 179 216 96 20 0 109 158
    172 165 31 26 233 206 66 65 126 80 76 31 14 192 102 218 105 152 20
    54 239 44 95 33 250 133 90 231 160 96 59 84 210 160 104 232 2 223
    163 223 136 99 129 206 51 155 225 49 38 67 162 147 167 57 7 11 159
    148 214 192 27 6 174 41 113 77 205 80 72 161 49 60 158 9 98 74 234
    117 205 121 92 125 87 51 130 172 166 70 234 122 0 205 155 64 166 101
    142 176 106 24 96 9 246 155 125 228 137 163 217 58 191 160 7 75 55
    141 136 177 198 192 60 15 211 87 206 3 215 167 185 5 187 137 194 158
    205 247 110 129 186 185 144 37 181 187 195 209 36 213 52 145 145 205
    194 57 83 61 153 50 172 130 35 244 105 153 80 62 225 114 15 0 90 2
    212 115 161 224 101 71 141 25 202 223 207 229 181 12 39 57 238 197
    213 172 84 192 226 232 127 226 129 37 46 74 192 88 177 204 227 201
    110 179 173 40 194 55 5 63 227 139 244 74 140 232 159 17 42 176 80
    170 23 102 180 246 77 56 88 115 191 210 102 1 87 30 95 38 104 201 55
    9 181 187 222 100 122 167 197 165 113 120 83 178 110 237 101 251 129
    212 203 231 100 45 172 24 156 76 170 120 252 57 152 164 166 146 101
    38 204 37 36 78 227 69 119 26 156 225 82 143 99 61 138 101 69 118
    124 251 119 93 11 74 37 131 190 133 111 198 16 76 2 90 103 84 222 95
    25 164 244 157 139 50 34 190 182 213 66 88 12 240 107 235 24 158 150
    248 31 80 56 1 155 148 223 131 1 154 135 88 10 166 250 67 52 163 79
    120 221 33 241 74 225 185 145 15 238 108 158 245 64 82 251 73 9 65
    142 64 129 206 169 137 6 191 214 19 85 94 59 42 230 128 244 61 81
    243 243 170 44 8 163 153 154 253 33 85 126 112 72 166 230 32 229 147
    30 148 133 236 165 249 75 248 79 135 121 65 176 234 74 83 50 44 125
    186 247 66 14 82 106 146 20 48 69 216 20 221 50 247 13 242 31 237
    212 246 195 182 94 73 57 240 184 79 249 88 76 63 204 170 249 105 112
    50 99 150 70 99 181 140 48 72 137 116 31 241 137 112 3 65 69 141 48
    50 183 161 141 151 94 140 198 245 209 144 34 144 23 174 30 9 118 222
    243 227 86 77 112 78 18 248 129 179 155 221 128 14 206 243 242 197
    13 158 136 77 16 147 156 25 91 122 28 137 118 254 168 187 49 28 1 35
    157 58 251 233 66 191 15 242 180 78 183 111 214 223 159 233 239 189
    205 197 231 145 218 114 46 82 159 114 93 45 179 79 204 117 148 24
    216 205 215 73 153 122 6 87 16 77 236 146 167 5 92 234 43 25 90 120
    120 201 24 72 206 91 30 176 54 29 76 12 167 10 88 21 80 199 148 84
    94 76 70 120 23 104 110 15 182 215 219 166 22 150 194 253 123 168
    220 10 67 124 30 86 87 55 68 174 152 169 252 105 193 163 217 126 4
    11 26 202 109 57 69 8 135 170 183 149 36 250 92 167 185 176 104 126
    46 245 64 196 170 21 65 42 18 28 17 149 14 146 237 241 158 154 194
    100 185 48 225 56 227 234 223 229 125 50 154 127 119 38 57 1 224 126
    33 97 141 63 175 249 60 130 79 32 162 226 91 33 144 134 110 171 177
    55 36 46 203 36 192 161 165 115 111 130 243 131 136 28 106 100 165
    71 154 58 12 68 182 206 131 68 55 39 221 22 88 116 199 155 178 122
    156 47 3 108 109 152 232 193 243 239 152 9 106 175 154 181 241 96 69
    206 171 205 156 230 119 114 196 178 178 126 218 70 89 91 176 142 101
    50 211 189 10 52 246 223 159 127 71 44 220 111 116 170 244 172 226
    129 126 30 20 81 129 171 137 1 230 38 18 200 154 54 216 57 145 207
    120 65 38 246 195 11 160 142 175 224 123 50 204 207 25 62 166 131
    134 92 42 184 60 20 19 168 166 161 236 190 206 155 151 50 190 66 3
    60 62 123 193 72 25 207 171 72 33 53 129 189 79 69 47 176 170 89 219
    119 148 169 237 237 254 7 131 195 188 175 112 61 249 233 55 23 121
    207 133 143 33 208 192 183 187 14 81 121 120 45 18 144 215 190 119
    142 168 225 24 170 6 16 188 22 197 42 247 3 76 171 184 49 195 129 1
    39 62 176 113 34 151 250 173 228 239 216 67 75 97 16 29 246 194 131
    83 35 208 67 158 248 252 188 217 60 171 182 177 39 227 67 172 29 235
    108 86 138 209 92 26 102 119 109 129 4 142 29 175 213 47 145 149 235
    58 102 196 28 221 165 237 79 33 84 181 11 96 15 63 142 103 73 99 197
    119 2 141 125 142 44 40 18 54 88 126 63 47 190 241 109 242 184 32 91
    184 56 248 148 169 162 71 93 68 15 192 168 243 98 152 217 212 173
    168 211 210 70 253 121 255 202 53 97 24 28 167 12 112 143 144 166
    156 239 242 65 16 249 15 63 12 151 212 174 19 161 210 19 6 224 186
    239 199 6 162 166 135 157 100 134 46 149 168 86 40 93 235 92 24 225
    24 167 13 23 8 37 86 103 119 121 2 77 179 205 143 135 16 185 228 57
    187 74 229 68 69 37 4 33 44 83 93 43 158 116 167 0 125 205 146 181
    81 192 152 135 154 2 89 218 95 53 223 74 156 29 121 60 178 65 45 229
    214 180 158 73 205 104 8 239 187 88 178 64 96 29 24 101 161 16 170
    191 202 77 186 178 0 93 238 149 90 94 151 153 70 135 240 130 207 5
    224 208 251 181 233 63 95 234 210 155 63 32 59 154 178 135 99 114
    105 154 186 95 78 97 196 13 151 112 83 90 209 113 79 214 182 119 36
    234 212 21 84 213 207 35 243 123 117 186 39 5 13 195 165 67 233 104
    26 92 5 137 138 154 245 172 241 133 48 249 122 47 185 149 222 189 66
    71 42 189 218 242 145 238 34 150 179 109 206 120 201 133 32 133 169
    216 158 224 182 73 173 190 253 194 225 195 180 138 99 194 68 60 198
    86 186 54 73 126 1 152 241 58 238 132 237 149 207 222 105 53 81 249
    160 245 186 217 110 223 110 50 126 75 241 55 43 146 136 84 214 241
    176 244 69 112 18 34 47 18 102 220 81 47 160 55 42 160 54 17 108 115
    89 28 123 116 102 203 153 202 206 126 184 178 81 197 103 221 141 3
    154 123 218 3 202 177 173 66 227 171 252 58 164 70 221 121 236 143
    133 208 64 108 32 77 119 255 21 251 85 129 186 193 90 103 179 208
    167 124 252 226 137 236 139 193 15 5 196 117 11 121 253 233 33 9 158
    13 116 155 186 191 137 102 40 86 11 60 222 170 9 18 40 96 80 200 114
    14 169 99 225 28 126 5 242 150 27 112 151 3 85 167 73 5 149 0 253 57
    24 78 231 156 50 201 95 68 59 31 1 66 61 194 241 28 115 155 147 196
    90 234 63 136 123 160 229 164 70 125 108 104 129 62 208 76 127 72 80
    71 122 179 233 254 87 159 182 245 101 98 91 174 79 168 191 35 90 211
    23 32 144 148 122 205 166 132 204 156 16 1 101 115 31 46 88 236 189
    53 207 38 51 34 147 220 15 103 40 124 66 250 4 52 101 46 157 243 187
    146 97 194 45 163 207 131 30 110 200 238 87 176 157 127 199 210 80
    140 200 140 100 223 45 226 167 137 79 245 185 102 196 218 14 89 206
    236 7 83 22 91 241 123 86 77 149 56 242 199 23 195 1 11 173 172 16
    41 114 20 173 46 185 52 139 97 175 212 157 3 232 253 17 107 87 110
    126 99 56 229 216 158 175 185 96 30 185 96 176 107 170 139 71 141
    104 186 17 167 160 202 95 138 212 84 124 242 174 91 4 84 98 91 150 2
    57 126 205 253 193 69 96 172 147 70 89 15 179 140 28 141 69 1 118
    164 157 84 235 191 7 15 8 11 104 202 244 192 223 169 32 206 174 202
    245 63 37 227 175 197 6 33 215 185 11 243 89 36 67 43 108 96 68 189
    177 73 125 90 95 110 124 78 241 211 171 184 82 116 23 150 64 112 40
    178 6 5 73 202 218 205 8 221 156 43 194 166 49 74 46 76 118 61 68 60
    89 189 88 120 32 216 8 16 20 149 128 176 136 24 37 190 168 209 143
    58 5 45 109 248 89 132 177 17 17 221 235 17 105 143 11 218 60 35 33
    17 121 196 32 27 165 207 165 93 86 97 176 211 140 224 129 25 17 50
    164 232 6 170 177 120 37 161 195 244 146 153 26 44 166 148 181 42
    222 176 50 115 226 61 109 218 53 114 134 97 104 222 69 20 133 76 231
    169 176 32 4 214 167 122 223 36 1 93 203 163 31 165 233 9 185 0 114
    7 134 94 223 207 222 203 121 154 161 172 206 39 134 62 64 132 187 85
    68 92 217 165 22 201 10 113 229 254 108 3 35 244 205 72 114 130 100
    125 207 185 6 149 179 185 167 39 78 228 237 20 144 98 59 182 111 45
    43 235 238 89 73 73 235 155 66 208 180 44 204 50 10 115 131 27 153
    187 87 25 106 166 78 104 69 194 22 58 158 74 37 30 114 114 134 62
    148 37 204 38 237 109 143 82 233 81 15 124 212 177 172 245 101 125
    253 252 194 21 124 139 80 21 85 175 180 131 131 6 115 151 99 144 247
    103 19 219 187 207 195 121 141 121 113 150 11 30 55 186 79 155 93 53
    204 30 188 189 27 253 53 145 150 140 159 182 133 193 83 75 78 198
    238 125 70 179 65 232 82 145 61 227 229 138 1 196 202 228 124 35 168
    20 35 107 171 141 29 184 197 44 234 139 112 38 123 149 129 80 234
    243 105 88 252 124 30 114 106 222 70 119 223 120 135 235 194 37 148
    209 33 14 135 153 104 185 23 119 98 79 25 201 90 120 74 145 114 209
    155 10 149 98 7 52 44 12 94 136 42 135 169 131 85 101 119 43 235 168
    113 166 139 231 190 216 110 30 156 143 112 85 30 219 213 114 12 92
    83 127 203 215 41 236 223 54 131 166 108 100 60 173 22 8 62 23 7 57
    244 218 93 200 218 230 175 152 61 219 23 191 97 93 202 80 250 149 49
    22 73 149 205 113 238 151 63 125 137 79 42 222 163 180 148 206 199
    22 55 199 72 14 66 65 130 24 1 29 107 97 203 197 105 109 19 30 12
    225 182 20 225 178 74 167 210 74 141 125 152 235 91 7 196 242 218
    137 91 38 206 179 242 237 245 220 231 27 138 105 138 96 77 4 62 16
    169 239 166 162 80 209 138 171 77 27 200 2 79 204 171 116 219 18 220
    208 228 190 235 128 34 138 172 216 37 216 138 155 140 140 58 160 52
    166 236 179 149 254 176 109 173 94 130 104 97 57 166 206 5 237 229
    214 162 99 67 68 170 125 107 255 39 214 211 106 135 210 95 139 50 25
    249 126 103 168 238 116 219 41 236 144 170 122 178 227 95 51 199 86
    142 6 212 245 232 161 233 25 178 79 55 227 82 178 233 105 236 132
    154 177 116 19 57 110 9 73 134 54 227 234 150 43 195 140 119 251 42
    231 92 196 181 89 54 32 216 30 198 112 46 93 15 252 15 72 80 181 38
    233 30 89 50 120 139 79 231 10 168 101 143 144 195 184 212 232 79 86
    238 71 128 165 232 161 24 170 87 75 40 100 29 145 16 246 200 183 6
    52 170 127 42 138 118 30 81 34 50 52 248 10 180 116 118 211 235 84
    177 52 50 79 168 253 62 68 154 31 178 127 166 181 65 24 86 119 126
    91 227 148 198 64 254 196 235 55 22 86 182 37 90 30 14 178 95 247 1
    55 121 42 200 125 34 250 92 51 101 249 179 238 3 151 35 86 91 131 0
    26 239 32 190 5 198 165 49 124 166 167 87 174 87 151 138 63 212 163
    105 67 149 96 69 107 155 108 25 99 49 244 40 254 184 167 48 180 39
    80 129 87 176 246 96 157 51 163 90 47 184 255 208 16 234 172 65 215
    206 224 83 28 255 93 165 62 88 142 8 171 109 77 201 129 109 208 123
    54 4 113 30 99 158 101 182 137 126 26 108 92 135 142 4 133 76 98 36
    42 160 148 32 9 188 92 253 176 223 37 224 223 94 252 232 114 34 201
    236 154 154 41 212 125 18 237 129 249 229 232 51 63 28 77 102 165
    240 198 254 92 61 164 86 62 200 216 22 206 91 46 101 56 234 41 31
    173 196 28 179 7 232 249 59 45 253 230 139 61 61 42 235 157 100 2 55
    213 202 174 209 169 59 7 65 59 239 70 136 10 69 221 7 83 6 244 17
    159 165 7 16 86 205 226 112 227 167 249 5 70 2 2 110 32 126 250 119
    129 124 28 3 73 31 90 51 174 209 153 73 38 128 182 183 240 239 104
    97 129 120 25 161 253 94 205 34 55 29 61 220 44 251 247 214 67 144
    55 145 34 1 232 97 240 249 175 79 114 146 136 139 183 3 76 11 156
    196 191 143 197 113 222 83 247 254 143 175 13 189 86 227 220 96 241
    52 9 46 123 60 18 57 43 63 3 127 214 228 122 162 125 74 32 251 171
    136 99 86 241 237 87 27 187 78 136 108 7 88 78 150 19 17 18 6 115 32
    189 102 212 190 31 145 1 24 214 171 220 2 159 238 3 36 23 75 86 177
    246 141 254 49 50 47 89 80 119 40 133 222 102 228 12 187 10 118 182
    39 49 72 159 142 136 92 181 141 159 211 163 187 78 137 200 84 247
    177 21 237 208 187 171 12 151 126 110 134 2 216 183 118 233 137 145
    86 136 252 122 197 56 226 224 127 126 136 140 161 227 147 73 203 45
    180 149 78 199 13 187 170 144 250 207 121 14 245 4 255 150 160 135
    53 35 58 156 86 6 115 27 55 130 154 4 55 149 139 92 25 235 39 157
    174 252 94 0 44 190 164 22 6 142 42 5 196 17 5 130 182 254 79 78 222
    111 127 123 104 27 208 254 146 82 20 101 12 98 192 135 145 47 103
    214 130 234 191 247 127 123 22 91 56 51 35 157 153 253 74 243 12 21
    8 186 184 89 85 30 138 141 181 57 12 23 52 25 151 181 220 164 203 48
    114 219 240 10 40 5 165 50 168 181 228 218 194 119 163 164 134 118
    180 226 44 147 131 63 168 184 184 16 23 95 143 133 182 178 63 104 46
    83 231 128 238 142 157 235 172 162 255 91 28 216 179 0 48 178 179 59
    195 235 107 45 142 123 69 169 18 137 124 159 251 137 114 51 241 150
    66 5 45 203 43 196 103 38 117 54 133 84 1 104 76 181 70 109 105 131
    110 63 105 75 241 175 36 81 240 179 232 104 61 121 108 45 141 187
    221 12 58 47 240 43 128 67 101 117 219 177 42 134 72 206 46 31 134
    123 108 87 167 181 56 178 180 106 86 181 233 215 194 207 228 39 75 1
    102 237 240 151 160 216 146 88 77 91 57 34 69 136 99 234 127 11 193
    39 37 5 136 244 120 93 245 105 191 95 99 52 99 137 169 120 88 228
    234 48 239 16 37 166 70 192 63 181 137 160 47 126 109 227 106 66 81
    107 80 248 123 130 251 237 159 13 89 196 148 152 166 100 219 20 86 6
    78 209 236 52 227 76 136 190 98 79 62 46 145 55 3 25 203 14 36 138
    58 100 87 187 233 122 103 125 46 244 148 151 217 159 44 167 83 254
    243 234 192 167 107 41 210 88 42 108 59 58 217 13 158 229 105 113
    102 240 62 1 93 129 129 202 125 76 46 237 106 237 133 218 100 216 32
    87 103 249 122 15 114 247 22 166 80 183 167 194 190 120 48 180 150
    221 26 76 120 60 99 227 103 163 151 173 254 166 246 70 178 161 14
    249 225 170 184 226 98 135 46 60 135 56 37 117 41 100 229 227 215
    212 97 108 12 28 9 151 170 88 65 92 124 109 35 244 130 96 179 167 79
    208 16 136 154 251 70 63 152 92 234 138 160 212 186 85 94 157 155
    115 204 183 51 207 112 114 104 99 81 48 211 184 48 2 68 160 40 0 139
    76 108 10 191 35 49 200 75 193 218 176 25 186 225 124 124 165 111
    219 253 2 249 17 145 114 239 168 203 58 197 237 50 152 55 83 111 56
    231 138 167 151 222 147 213 228 34 124 56 143 170 143 123 202 52 137
    26 71 243 77 62 242 114 84 84 106 4 185 233 230 218 203 197 54 154
    220 32 220 93 89 155 253 150 203 249 230 198 63 84 255 202 61 169
    239 47 94 208 171 16 38 136 232 157 18 150 64 121 233 47 29 174 73
    145 150 14 207 74 223 237 135 114 189 163 184 228 148 134 27 41 84
    254 85 156 85 67 63 123 88 132 7 201 234 0 165 11 249 149 83 240 185
    225 212 225 14 215 46 211 249 245 110 180 74 145 133 130 74 118 149
    224 1 243 92 221 76 71 162 54 229 7 70 230 22 154 31 18 212 98 137 8
    88 242 84 58 74 180 248 12 34 101 54 246 52 62 46 135 164 50 106 199
    88 171 45 181 199 250 19 233 24 219 108 3 248 231 231 71 13 69 30
    215 29 48 208 247 178 174 122 240 171 179 118 52 37 138 101 188 2
    176 94 170 199 169 242 60 127 128 81 110 187 77 59 182 133 159 95
    193 151 60 222 82 199 70 202 26 57 136 154 200 239 243 184 112 240
    83 231 63 208 44 222 137 23 28 42 19 83 92 220 191 59 62 82 233 50
    58 217 29 191 13 141 208 216 58 198 56 38 29 228 101 61 237 150 101
    45 18 117 50 7 122 48 178 54 97 188 181 48 195 8 220 183 173 222 52
    133 134 72 11 189 127 218 162 233 33 99 110 159 108 63 84 42 25 168
    255 17 135 84 49 81 255 161 74 230 101 213 12 16 87 183 50 210 126
    54 219 72 85 8 122 227 62 153 142 191 135 129 173 67 238 214 216 31
    169 70 201 207 127 16 169 46 85 49 187 20 246 33 142 220 124 239 83
    84 12 156 72 166 192 237 232 235 222 12 138 110 149 106 196 211 6
    228 191 56 192 240 129 39 148 153 117 65 69 229 183 90 189 197 77 44
    215 108 253 231 60 181 220 76 230 58 112 245 155 22 76 150 175 81
    221 241 155 202 11 61 57 37 127 224 5 9 150 140 101 11 71 109 255
    168 93 236 194 24 188 124 201 63 223 137 98 83 207 155 230 144 40 62
    16 8 80 45 7 49 117 112 79 95 51 187 237 165 91 151 167 64 154 125
    96 94 230 210 239 87 235 6 12 64 135 64 64 216 182 60 203 50 24 139
    232 166 107 45 9 31 186 193 27 58 136 18 223 251 75 152 178 162 56
    107 146 130 158 36 188 249 150 180 2 21 64 41 7 145 61 47 91 170 54
    72 122 47 56 56 48 223 154 17 114 161 176 55 151 200 117 183 79 33
    86 146 94 97 151 114 192 211 154 152 105 139 78 97 96 211 205 199
    199 144 196 201 126 122 100 16 156 228 245 119 212 167 76 57 171 115
    101 3 76 24 87 180 77 118 203 87 191 108 134 128 26 244 113 33 43
    163 225 30 35 173 237 102 233 135 204 144 35 38 179 78 98 4 198 49
    79 27 221 213 81 197 231 76 197 46 174 120 163 148 242 183 58 118 24
    240 30 152 83 209 156 176 76 233 3 10 172 38 87 156 144 75 102 253 4
    199 66 37 145 41 72 23 80 157 181 167 40 193 49 22 137 122 29 7 78
    118 198 162 194 26 153 207 255 161 234 116 224 169 224 252 168 130
    248 1 64 84 204 10 255 69 57 46 10 247 135 64 45 114 33 194 128 142
    28 116 241 136 249 97 105 246 155 239 19 58 59 103 136 8 205 138 22
    221 225 243 71 35 85 30 227 6 240 126 187 10 81 127 39 177 109 151
    30 9 218 49 94 183 68 37 115 20 18 104 117 17 14 163 23 54 3 216 90
    2 210 227 70 126 187 178 213 219 77 61 240 216 202 159 55 228 83 206
    11 66 5 141 251 48 136 59 163 253 199 188 93 158 189 67 152 162 153
    193 57 153 249 126 114 204 196 36 112 79 239 197 22 43 73 119 72 8
    224 158 181 149 88 21 177 54 246 224 0 176 6 3 155 24 121 222 95 33
    83 190 106 112 68 171 143 10 203 58 151 107 73 152 215 217 165 82
    156 124 78 213 234 83 202 201 177 158 201 69 17 158 123 251 3 89 208
    66 245 168 42 242 236 185 22 34 21 209 178 106 183 190 16 63 251 221
    232 142 20 147 221 168 107 116 9 101 133 99 121 140 100 127 239 37
    137 6 115 219 96 164 133 134 73 80 55 56 6 36 159 146 95 59 35 41
    127 135 229 109 16 185 130 150 227 251 45 228 139 135 5 41 10 24 28
    158 238 81 162 204 170 154 234 22 32 179 63 37 175 81 219 65 115 204
    87 41 19 59 168 137 103 242 46 137 232 91 105 120 132 193 199 85 180
    124 227 141 216 59 151 231 30 97 204 11 246 62 128 86 142 129 86 211
    144 161 78 123 46 33 237 72 94 202 252 190 98 8 252 91 248 103 104
    200 107 230 131 99 32 37 238 3 110 62 9 195 99 167 98 34 19 18 20 85
    123 35 203 17 43 118 109 118 237 112 207 194 124 109 240 169 168 108
    40 108 138 52 188 253 113 92 131 184 202 117 189 47 40 169 150 129
    196 111 112 226 188 51 131 50 228 182 250 108 219 236 156 73 151 206
    76 107 115 182 111 75 10 147 69 220 208 130 49 171 232 124 79 92 52
    243 130 123 79 120 122 10 179 176 133 96 188 92 196 102 195 188 101
    67 137 116 157 185 83 199 73 203 177 96 98 162 208 8 237 107 212 74
    82 42 232 65 251 172 45 126 111 13 92 145 247 240 118 151 141 25 147
    11 208 64 52 203 142 86 132 163 206 58 163 50 186 166 96 193 254 27
    33 87 9 213 37 228 83 115 145 4 50 190 241 19 61 205 186 134 215 187
    4 46 81 206 98 165 26 93 52 22 47 92 211 215 129 0 1 120 218 25 69
    252 173 255 182 148 103 75 58 12 72 225 254 235 239 36 167 5 154 55
    122 95 30 12 168 226 12 29 56 63 64 177 43 205 232 175 78 197 230
    183 38 244 23 54 144 83 9 248 247 140 146 144 218 121 140 59 19 213
    115 95 101 128 88 151 203 235 134 240 164 236 44 212 22 237 222 174
    63 211 142 128 167 223 89 239 13 131 195 105 227 121 158 125 219 34
    192 126 59 174 177 118 100 35 192 220 86 146 230 245 84 196 211 238
    235 103 82 216 226 56 213 115 120 3 183 188 20 200 88 176 48 146 195
    140 198 241 253 69 241 83 165 200 52 209 25 42 169 31 71 63 233 6
    112 165 193 241 191 113 206 145 233 194 125 120 130 208 4 148 118 21
    168 89 13 201 112 168 89 233 75 155 42 128 114 180 117 61 247 36 184
    63 51 53 223 79 197 247 161 45 16 223 19 138 42 27 58 165 10 190 1
    210 237 125 62 245 8 66 28 32 144 239 108 28 249 94 121 208 155 146
    79 199 148 221 27 149 127 83 121 66 41 74 224 168 16 191 253 141 255
    190 127 213 110 12 76 80 92 164 225 249 106 141 225 229 144 250 229
    163 16 230 60 95 93 140 56 2 87 6 187 243 38 57 82 178 241 116 3 144
    0 147 150 226 218 191 97 205 163 197 98 21 189 77 144 90 109 27 243
    165 29 113 191 46 187 59 72 107 21 175 69 40 247 127 161 91 253 254
    161 245 10 241 13 111 78 9 106 170 243 135 160 239 135 51 230 242 47
    17 131 225 96 255 223 44 230 232 208 19 222 38 88 220 94 168 82 102
    67 226 36 75 167 40 167 44 221 129 55 117 109 135 19 68 18 61 160
    147 10 31 82 117 25 221 211 57 165 232 178 67 37 117 163 37 10 247
    112 156 169 47 232 107 62 99 203 11 123 128 56 2 144 137 153 193 218
    88 201 76 118 115 156 166 241 53 67 7 58 31 92 166 223 142 253 5 254
    64 91 28 12 226 3 122 219 228 4 161 178 154 232 30 40 125 219 70 160
    88 202 80 236 130 67 124 32 104 176 28 197 156 136 111 20 78 67 184
    107 190 230 60 171 164 170 211 126 44 124 171 83 47 82 136 63 179 58
    207 69 188 78 116 245 54 209 243 84 247 128 189 85 49 202 112 249
    167 168 204 233 167 50 51 130 185 182 103 4 69 132 127 245 239 105
    98 80 212 225 176 186 57 12 93 243 192 25 109 108 100 167 118 175
    166 191 30 56 186 18 81 185 52 88 154 153 209 250 163 120 5 45 201
    230 51 107 124 49 102 241 169 181 153 168 20 57 239 93 210 157 213
    61 182 97 37 168 125 115 255 157 202 178 116 28 195 176 159 134 140
    105 45 135 22 76 151 243 148 241 212 146 246 141 96 213 217 82 152
    122 80 134 78 28 77 26 148 125 102 226 90 90 126 219 250 173 145 183
    78 58 87 87 117 5 41 192 79 150 51 99 207 189 236 18 198 0 202 232
    49 161 68 73 111 147 208 107 186 79 135 246 33 204 112 44 51 220 135
    126 178 153 27 63 168 200 4 225 169 43 83 2 56 105 237 145 218 233
    255 169 83 144 150 229 136 190 248 194 0 190 128 81 57 171 146 119
    129 161 1 14 68 227 55 88 239 56 99 234 97 162 65 103 10 3 133 59
    204 34 246 150 172 215 253 126 103 195 9 102 142 209 112 28 185 210
    86 66 0 28 253 89 43 161 11 138 232 103 160 140 118 57 104 94 38 23
    179 250 82 241 216 234 176 180 21 216 230 110 197 176 247 206 189 45
    15 163 167 18 126 95 167 99 91 121 144 64 206 191 154 202 36 26 134
    196 174 5 173 156 39 21 89 188 56 81 48 99 120 195 184 130 162 104
    134 73 187 23 88 8 49 168 239 170 207 236 141 63 33 203 210 210 54
    236 137 243 83 132 118 23 60 46 100 164 199 161 79 193 208 7 15 144
    59 192 64 152 78 142 21 255 27 38 182 117 231 248 218 137 78 168 205
    139 100 0 255 126 166 136 74 19 192 2 194 127 175 86 153 196 171 164
    119 83 115 201 20 116 192 233 244 222 173 66 199 98 187 248 88 195
    38 134 120 199 233 126 94 247 227 53 138 233 196 174 250 172 57 87
    20 120 37 33 75 229 103 10 77 119 84 203 186 169 121 153 73 187 85
    197 151 104 145 64 198 100 165 133 210 91 197 9 60 29 127 62 165 244
    130 244 57 251 238 122 12 67 159 48 55 54 80 20 27 182 200 158 44 74
    155 222 244 170 141 58 185 151 142 92 91 53 141 137 111 84 76 158
    253 19 86 136 180 194 219 57 83 92 98 13 84 236 19 232 26 81 210 90
    165 252 6 232 232 232 166 32 76 9 175 196 78 136 204 104 56 193 159
    10 29 75 94 100 189 138 43 1 47 181 49 128 104 185 181 90 105 91 180
    174 135 174 50 33 205 0 28 74 102 160 11 164 82 48 115 120 234 122
    113 51 230 180 90 73 227 174 252 119 208 166 127 160 38 115 9 164
    151 152 227 209 60 32 33 171 96 234 14 89 86 190 202 146 137 49 13
    161 108 171 187 219 194 30 96 148 214 111 120 78 55 251 127 9 125 47
    199 67 107 135 30 126 108 105 158 248 181 175 213 4 94 225 237 89 89
    92 68 12 34 189 125 51 92 204 80 42 174 30 194 130 6 61 77 115 80 34
    228 178 219 166 173 151 37 130 173 249 128 44 76 76 95 37 205 85 22
    226 212 51 190 81 93 160 226 187 70 186 5 217 139 105 174 14 65 41
    73 121 99 88 11 53 194 164 153 147 132 149 229 221 173 70 103 174
    242 3 30 148 207 248 95 118 153 133 138 15 109 171 132 184 200 227
    94 90 234 115 241 186 30 82 122 59 53 1 51 155 188 196 45 167 27 58
    162 91 149 113 145 103 124 231 33 239 188 137 202 239 115 35 85 158
    137 112 221 37 231 14 108 32 48 207 140 165 114 93 224 135 221 34
    126 34 241 210 142 80 147 44 233 227 103 229 163 193 194 28 121 11
    16 222 94 8 187 7 165 52 3 152 146 247 149 1 77 224 239 254 92 54
    153 133 139 52 221 239 123 79 184 1 241 90 206 247 111 186 52 86 22
    121 198 27 204 169 150 70 220 171 175 137 120 57 234 255 172 236 107
    125 10 8 60 121 192 201 137 23 247 77 55 80 28 224 235 19 68 5 143
    147 132 240 172 81 138 135 87 177 140 107 255 32 236 11 254 211 7 87
    156 53 91 180 14 142 20 247 179 250 19 206 65 27 97 208 12 149 42 38
    99 33 83 13 129 74 136 239 254 160 205 106 78 219 19 72 239 96 89
    110 143 75 176 136 45 41 78 15 57 164 153 17 70 247 96 203 113 237
    180 44 129 68 235 98 226 231 199 215 91 221 5 29 222 236 120 217 200
    248 25 185 43 14 84 18 177 44 215 16 107 41 5 104 241 157 225 248 12
    32 18 180 72 21 102 127 252 209 141 31 223 23 77 92 62 95 184 113 58
    60 204 151 230 140 209 89 81 227 121 155 250 113 179 245 31 181 96
    209 215 188 181 28 170 12 19 243 105 103 81 198 24 73 185 80 224 25
    185 203 99 30 164 54 77 59 20 194 249 156 168 204 60 20 197 200 21 3
    192 239 152 223 140 123 238 227 221 124 95 1 49 207 110 170 232 226
    215 248 251 32 140 113 5 28 78 215 143 228 57 201 63 53 160 215 249
    89 124 70 40 102 6 5 153 96 243 211 117 98 99 104 10 88 72 227 157
    110 143 154 39 101 106 174 198 64 192 55 99 91 107 240 127 231 245
    131 236 175 133 41 13 8 76 189 229 33 140 135 176 104 128 99 163 119
    65 82 225 189 108 65 159 55 208 157 58 52 55 167 113 65 169 132 73
    35 225 215 57 108 12 103 85 211 180 127 22 173 162 168 126 16 139
    227 223 183 88 109 241 122 26 185 173 5 236 155 252 155 124 14 192
    204 103 219 225 140 136 39 145 101 242 209 10 29 196 141 168 206 240
    1 206 32 36 88 66 181 172 14 89 109 142 61 64 162 251 170 75 78 4 39
    47 43 181 194 214 177 45 249 26 108 8 56 241 61 42 46 228 166 63 16
    43 11 231 94 78 192 174 133 112 255 106 12 101 174 40 187 137 153
    237 217 182 186 220 155 161 207 241 136 201 203 128 132 123 218 25
    95 46 174 66 35 155 47 129 243 215 32 203 121 131 222 172 152 10 74
    37 241 142 7 154 83 190 10 186 42 254 207 63 163 164 40 222 118 194
    63 15 13 156 41 67 124 170 245 196 61 141 43 8 50 221 83 194 168 48
    11 237 169 58 10 12 51 46 138 122 255 106 125 11 33 255 219 198 64
    18 133 164 186 210 215 33 88 207 59 116 201 150 254 18 103 87 111
    118 25 149 234 11 222 173 210 138 115 216 167 202 122 101 46 6 41
    236 152 28 184 142 98 29 170 244 13 190 133 13 126 212 44 138 46 240
    11 36 35 208 168 55 237 39 167 184 247 135 68 124 230 123 26 204 164
    241 13 253 233 13 70 100 134 208 216 27 191 168 82 113 153 99 126 14
    162 49 255 153 134 157 21 233 177 82 18 160 2 85 71 10 160 122 96
    115 34 80 136 8 128 79 144 36 122 197 39 213 112 191 102 161 238 24
    79 117 123 131 208 122 206 95 4 100 63 208 2 52 11 128 34 199 251
    219 1 124 96 99 4 156 74 131 122 183 153 160 15 34 76 142 74 207 146
    133 172 179 24 59 86 212 77 53 92 29 160 248 17 82 240 46 178 115
    103 96 194 201 26 220 105 254 75 233 76 254 161 169 99 181 154 92
    182 77 12 162 186 56 31 224 68 48 18 151 0 236 113 137 174 62 54 19
    162 33 118 60 213 68 30 85 93 120 217 138 177 16 120 143 192 39 89
    35 185 163 58 47 90 15 105 42 211 231 252 109 96 238 148 183 30 172
    72 216 197 14 206 170 254 182 249 167 5 73 169 223 232 73 248 166
    253 250 66 83 46 132 218 165 163 116 182 99 91 88 45 177 6 22 7 188
    136 250 20 253 34 205 129 29 27 38 47 186 35 251 213 38 234 30 163
    174 29 156 146 88 201 147 149 84 111 118 89 146 9 102 162 79 184 94
    239 75 207 229 123 101 33 184 73 64 171 27 158 175 17 139 76 182 81
    168 64 20 64 48 84 96 78 73 86 69 198 111 83 11 207 177 114 74 72
    161 42 152 23 176 242 38 128 191 203 144 97 186 72 185 118 6 51 191
    190 55 52 206 53 109 195 192 178 103 222 26 107 239 132 190 195 214
    42 135 249 192 118 83 157 204 157 103 151 106 221 213 9 21 130 226
    214 192 209 219 97 100 20 84 67 15 166 172 104 20 105 241 129 162 2
    126 16 206 202 208 115 253 189 69 205 137 52 196 70 251 107 192 16
    93 225 170 16 19 83 245 89 144 66 140 76 71 56 228 115 99 124 97 180
    98 237 167 179 26 70 101 255 207 244 173 66 186 245 17 159 8 143 41
    18 82 119 40 85 5 33 132 216 176 130 189 216 36 199 54 60 128 244 47
    61 178 6 81 85 73 180 228 251 72 228 89 177 50 176 198 146 214 54 47
    10 187 184 11 5 253 202 202 98 173 95 147 89 135 142 33 1 226 184
    131 55 153 104 91 140 249 154 129 0 218 166 96 7 189 128 112 234 168
    147 216 119 169 197 62 105 79 143 178 51 188 4 229 68 30 171 44 190
    197 52 28 35 8 155 103 212 245 42 4 102 109 98 10 81 94 75 56 98 238
    107 16 134 41 28 50 21 17 15 241 92 122 244 250 27 164 68 127 216
    211 36 2 140 208 238 48 150 126 130 56 151 107 106 82 129 1 185 88
    87 114 121 169 181 77 104 87 74 165 2 220 167 194 254 79 106 57 172
    41 91 215 150 89 174 195 250 36 52 62 42 122 157 159 92 238 12 31
    114 247 26 154 143 247 232 229 141 64 119 28 156 169 68 148 253 134
    68 81 115 87 235 140 145 101 30 192 208 235 204 65 83 170 175 19 147
    143 246 69 151 129 107 229 186 162 81 249 4 61 93 105 88 191 253 1
    66 235 188 241 40 6 136 87 123 148 244 51 28 208 31 164 57 194 254
    63 40 22 62 168 43 250 228 6 131 52 107 173 124 61 107 22 48 38 166
    66 129 126 207 214 180 73 103 252 191 175 35 33 238 72 31 85 40 170
    33 15 216 127 129 142 106 226 83 106 253 146 28 138 0 44 84 29 220
    152 59 12 72 218 5 97 75 34 57 145 93 9 9 59 25 163 175 191 28 105
    85 253 121 139 193 164 148 181 239 200 68 158 197 59 74 115 130 87
    248 92 218 38 85 148 95 108 39 211 176 48 171 193 64 112 150 12 185
    237 214 6 221 174 15 39 119 51 65 190 4 229 156 189 169 195 43 9 110
    240 213 222 41 153 76 52 96 68 102 235 53 243 198 196 139 90 35 182
    32 191 107 120 33 48 158 24 140 214 175 103 140 220 41 145 178 197
    236 38 18 14 70 185 140 133 90 96 4 25 76 246 21 19 17 114 17 146 13
    8 124 16 208 104 205 188 211 196 186 42 95 6 108 116 225 127 127 21
    150 123 179 6 112 172 144 122 220 148 101 178 169 100 135 121 211
    221 204 69 24 132 143 104 64 48 72 155 60 142 159 64 237 35 149 241
    80 160 181 202 23 127 11 6 83 0 212 1 136 190 177 144 129 221 221 8
    86 142 98 44 249 241 167 56 10 54 116 24 13 180 214 24 235 177 237
    254 12 249 1 106 242 193 140 200 55 82 218 213 66 127 85 14 176 241
    43 176 190 224 100 232 134 114 114 32 176 143 23 103 138 148 67 31
    69 133 3 253 81 25 249 0 5 95 206 6 103 51 251 77 126 114 163 165
    180 219 73 54 64 139 196 192 132 46 236 2 0 255 160 128 81 124 188
    12 148 254 26 240 134 237 70 228 99 179 111 133 189 134 118 83 71
    154 164 218 194 248 127 66 33 86 246 17 127 144 137 97 248 215 236
    170 65 194 98 9 44 125 185 250 214 230 148 253 67 140 225 142 253
    108 113 48 140 249 100 54 181 195 224 100 182 237 192 146 10 99 19
    137 237 248 211 119 1 25 203 6 182 97 12 98 241 161 165 0 13 204 123
    197 102 157 146 102 134 107 51 0 123 115 8 142 179 240 115 100 228
    250 100 240 122 41 125 112 171 37 17 26 47 180 102 0 162 71 137 180
    79 10 82 181 27 165 179 143 97 67 87 143 138 193 175 112 152 244 171
    58 71 128 252 168 189 147 214 209 42 80 229 68 192 51 199 148 63 122
    218 215 44 244 149 153 107 166 109 133 11 45 232 206 64 70 149 29 82
    165 99 244 112 26 177 80 153 99 177 146 100 155 88 93 204 232 105
    149 108 239 226 15 156 182 235 125 7 61 159 50 230 157 166 213 224
    232 66 164 95 8 250 104 83 142 171 129 127 222 246 60 57 27 175 32
    28 91 131 36 52 29 243 228 190 138 254 168 29 26 95 28 144 170 211
    11 78 129 45 230 241 49 114 4 237 57 74 247 118 164 239 58 169 49
    205 178 179 10 246 127 197 177 47 221 29 42 45 41 168 212 172 94 104
    57 67 198 59 85 58 250 41 92 4 55 85 236 140 46 246 242 42 7 63 171
    80 43 44 111 212 22 57 59 31 49 9 206 73 224 105 242 104 233 161 27
    46 237 64 205 114 191 95 41 155 72 222 248 22 199 6 221 45 62 0 129
    205 31 118 221 53 178 116 61 160 185 69 145 98 100 122 141 3 86 151
    12 56 30 27 160 160 143 188 121 35 102 138 160 1 86 145 75 39 146
    220 229 215 75 3 80 49 179 68 55 39 244 160 152 103 219 229 71 52 30
    46 13 246 195 255 109 81 186 23 203 127 156 148 216 221 127 133 62
    154 13 18 115 237 228 125 63 101 147 91 136 67 127 0 25 178 91 243
    232 8 23 4 79 39 109 238 247 105 223 190 212 111 178 29 195 11 123
    200 90 21 36 84 192 122 57 113 158 213 142 45 9 42 222 19 18 198 83
    237 200 214 144 236 31 167 19 194 114 103 109 60 70 56 136 76 64 55
    232 142 37 210 102 69 103 220 247 146 193 59 144 224 232 121 193 199
    82 207 142 57 50 179 163 176 53 239 207 245 73 41 246 228 218 36 234
    242 171 231 18 41 251 38 248 128 199 18 94 232 127 5 249 88 51 255
    111 10 6 246 228 67 15 3 175 151 136 137 140 37 7 17 60 252 158 208
    16 50 8 229 207 208 235 185 53 219 255 61 81 138 25 92 121 240 138
    55 163 187 130 165 1 183 164 80 4 42 243 122 45 185 238 91 222 164
    60 138 96 81 232 213 222 71 56 191 110 174 13 203 191 56 125 111 93
    156 190 139 142 252 233 42 255 8 68 104 207 67 129 202 225 108 82
    131 162 161 17 137 229 83 104 98 229 218 202 50 247 138 91 132 70 10
    91 62 23 237 26 124 97 202 221 31 28 59 37 66 15 227 26 198 153 29
    177 203 50 108 31 180 4 148 229 5 100 94 220 254 19 57 112 77 3 42
    70 215 252 176 209 20 24 164 103 102 13 252 153 202 152 161 253 120
    99 110 69 152 163 66 23 84 77 154 115 41 210 40 174 53 43 15 119 22
    218 58 39 131 51 129 185 12 102 63 241 238 184 199 97 23 106 212 10
    8 187 205 83 141 219 213 166 190 39 57 41 73 131 36 48 94 239 34 47
    119 254 191 128 94 121 230 91 62 247 235 34 69 169 52 223 202 136 92
    183 46 190 171 36 6 67 98 232 236 100 203 133 59 240 101 57 228 93
    37 114 236 205 137 27 136 197 200 25 94 160 103 29 106 127 51 217 95
    163 226 141 216 201 8 63 95 26 37 82 204 227 38 81 109 18 121 52 231
    163 95 78 248 3 218 92 83 30 21 118 169 121 4 0 220 205 81 214 143
    117 246 202 14 53 28 131 155 127 225 106 30 183 112 111 162 171 62
    121 147 35 193 145 87 248 12 1 200 137 75 1 254 140 120 236 124 59
    255 158 148 156 204 146 187 249 37 95 35 163 110 146 115 65 74 235
    104 119 130 249 196 19 8 58 248 188 37 19 71 123 219 80 136 146 73
    58 8 246 106 216 235 104 208 85 146 46 105 62 213 108 67 86 119 248
    168 206 11 103 159 43 170 35 47 37 146 91 197 79 61 233 27 141 133
    164 167 25 155 214 188 178 157 20 100 19 167 182 215 77 160 120 246
    67 101 213 34 243 191 253 164 149 210 184 89 12 133 81 197 170 25
    152 240 237 146 11 248 161 79 231 211 111 0 252 59 98 126 208 60 121
    208 77 69 255 248 104 141 225 225 89 176 139 138 92 189 152 231 104
    154 47 93 177 143 191 172 67 64 249 2 203 196 151 225 172 99 223 153
    252 74 92 104 232 227 212 237 202 222 190 217 19 242 243 187 200 159
    248 123 18 114 251 197 163 247 148 243 88 81 175 184 59 213 42 52
    180 182 190 238 82 40 253 156 126 39 45 76 5 99 71 208 9 104 46 62
    108 69 59 124 123 212 9 184 180 11 75 232 125 40 56 12 143 35 223 33
    92 30 130 241 14 81 79 122 105 110 21 224 118 10 251 100 137 73 48
    195 85 13 246 126 244 127 246 121 30 40 70 111 249 41 232 223 231
    114 123 127 113 43 59 160 109 141 138 200 228 171 78 107 152 195 31
    141 85 52 88 150 55 161 115 189 183 61 48 164 19 27 128 65 236 202
    93 202 80 131 187 252 19 9 8 248 223 238 147 100 112 196 141 228 25
    51 153 249 149 151 135 167 150 193 159 146 227 103 121 24 114 233
    246 238 112 224 181 204 188 113 48 248 185 6 167 81 89 48 83 152 175
    84 7 140 19 74 208 64 194 3 63 63 172 255 129 242 85 53 156 135 208
    239 206 23 179 181 131 252 114 175 140 2 148 14 68 19 91 185 48 11
    225 33 169 31 172 78 238 253 104 70 195 46 41 180 176 97 245 164 2
    98 97 143 235 40 41 241 143 81 77 155 167 18 156 123 165 170 1 37
    191 70 135 101 128 103 136 220 26 187 78 56 43 28 175 182 24 241 234
    167 254 145 120 176 67 27 130 37 254 120 61 16 221 71 18 99 65 216
    163 199 251 210 24 185 219 118 236 169 169 54 150 48 173 163 95 205
    121 216 184 16 71 192 221 103 113 45 181 249 111 3 46 221 140 103
    150 193 176 134 218 171 24 246 168 153 174 36 83 206 58 115 66 98 21
    144 129 220 208 115 59 228 229 18 32 190 17 103 60 48 107 191 196
    203 141 80 209 253 49 186 159 12 168 215 110 131 33 65 80 222 84 58
    229 54 34 142 195 92 124 91 52 95 140 240 228 244 207 212 189 72 51
    201 33 21 3 126 55 22 133 11 33 83 133 36 5 202 165 116 170 6 63 94
    70 126 253 210 41 101 90 132 240 158 87 138 211 92 75 103 76 92 235
    243 102 148 193 70 175 164 149 225 156 40 54 2 187 188 246 0 213 179
    201 16 63 169 198 66 206 135 254 45 186 244 232 118 66 116 29 82 253
    46 169 152 134 138 171 91 115 237 72 102 94 160 222 98 56 151 8 223
    148 182 120 223 172 233 5 144 193 234 160 227 21 50 58 104 231 83
    139 27 48 203 206 199 25 75 45 98 1 104 184 206 235 162 223 82 74 18
    8 65 209 127 246 41 7 189 141 34 254 70 13 159 74 221 252 2 119 129
    230 166 104 199 64 208 198 162 21 164 107 63 119 111 172 113 161 90
    160 19 175 254 41 123 176 211 58 85 149 130 232 35 88 208 229 30 13
    78 6 189 217 91 151 189 196 106 34 122 59 138 183 242 116 204 148 24
    131 191 202 28 80 96 14 169 175 61 106 121 20 223 1 46 168 110 0 65
    238 126 196 220 191 130 93 168 48 253 76 200 175 186 255 10 141 37
    124 142 140 116 188 115 133 61 14 63 65 15 79 100 9 36 33 116 100 80
    183 81 230 171 120 46 151 122 8 232 25 151 246 247 150 60 57 84 218
    167 8 150 225 41 146 5 146 46 196 149 102 65 1 163 81 34 172 83 228
    61 255 93 226 15 39 205 246 142 111 82 250 90 31 162 155 183 222 88
    160 161 15 142 79 243 170 180 119 95 248 28 82 23 26 164 4 104 79
    201 167 132 113 170 182 136 11 191 126 229 99 134 28 43 235 36 254
    143 17 161 215 207 173 184 134 40 68 120 205 130 101 138 145 49 159
    230 230 157 70 195 102 111 15 123 224 142 37 190 19 161 45 148 245
    26 35 51 43 177 199 28 56 56 124 204 24 110 72 56 20 141 154 83 9 89
    24 87 102 97 171 195 236 102 235 7 115 194 209 9 50 19 95 202 190
    184 246 222 180 231 20 106 250 224 237 119 106 252 175 161 6 254 222
    161 159 195 54 127 204 59 227 238 43 199 144 7 243 176 233 219 254 2
    178 241 237 46 223 233 120 199 144 128 141 80 29 60 29 195 170 150
    163 30 142 66 178 246 157 147 91 161 234 64 134 18 27 178 103 234 37
    11 137 80 48 61 19 158 142 167 82 122 182 60 66 35 24 29 121 181 177
    80 20 120 28 221 136 143 184 224 47 135 153 15 62 228 193 161 51 124
    57 151 101 117 175 184 234 198 192 95 127 247 33 161 37 62 37 187
    231 137 216 117 203 34 29 197 103 208 211 161 40 1 92 12 48 199 207
    181 107 136 241 4 157 2 212 131 164 6 185 228 28 181 253 126 140 199
    162 162 124 40 32 132 34 127 35 77 148 251 10 119 133 140 241 121
    171 9 242 12 110 179 134 154 60 58 70 229 24 59 224 39 86 100 217
    238 55 70 32 142 64 192 144 127 115 183 146 207 181 115 173 225 50
    11 90 127 10 175 254 215 170 119 152 44 115 159 133 168 49 114 109
    18 118 149 233 64 76 15 213 7 91 88 227 85 214 251 9 52 33 26 187
    129 216 86 255 4 252 76 132 13 191 14 205 199 211 243 210 208 73 62
    53 231 194 186 161 117 120 37 125 233 235 171 250 110 155 164 134 31
    58 176 173 98 15 142 199 178 57 11 29 5 31 17 222 22 54 15 226 8 49
    68 45 233 183 206 207 229 142 110 53 96 218 114 163 15 253 95 190
    162 107 205 251 192 250 31 108 189 100 165 64 0 199 199 199 77 1 115
    71 62 212 172 239 160 94 95 195 29 88 28 181 219 107 198 141 245 52
    251 167 188 35 17 159 116 12 166 101 232 85 25 58 81 26 224 87 25 72
    52 67 158 87 74 35 226 207 214 1 168 70 159 95 134 72 172 121 223
    160 122 102 112 140 222 129 11 248 240 149 125 177 250 59 124 214
    151 161 175 10 142 42 128 50 114 93 197 156 193 102 223 18 73 170
    251 250 172 249 242 210 182 54 193 56 99 34 14 131 96 219 63 43 62
    214 10 222 99 234 120 208 251 234 11 85 71 0 68 180 63 18 181 130 52
    150 112 85 214 192 7 182 161 131 100 51 110 252 247 237 110 127 54
    19 238 172 61 166 151 88 124 137 234 195 123 43 193 165 129 251 156
    198 211 226 223 244 91 182 252 31 32 214 62 240 121 121 39 128 145
    229 67 75 163 3 99 165 150 150 95 214 187 194 66 86 165 154 208 19
    229 225 52 172 194 95 254 175 12 162 179 102 236 248 76 166 36 112
    240 136 212 11 226 110 17 71 94 141 166 201 223 91 57 104 169 26 49
    168 10 197 226 59 95 199 157 217 145 9 183 214 210 45 143 209 149
    123 52 21 133 10 185 172 9 240 150 209 230 225 109 0 192 226 126 181
    140 169 79 246 146 159 33 119 217 218 205 75 109 137 153 24 65 182
    121 9 249 21 22 90 231 103 211 184 152 23 165 170 31 68 53 68 183
    213 135 180 163 155 33 183 172 103 173 10 157 119 199 78 95 4 10 201
    38 166 218 33 246 170 24 87 121 2 114 116 28 90 165 203 152 160 29
    164 181 169 37 105 110 246 201 102 166 175 56 185 174 40 171 149 144
    167 217 79 15 26 224 151 94 113 244 215 210 123 204 128 187 82 247
    213 104 136 146 1 218 30 142 219 84 218 167 82 21 14 145 19 157 190
    110 251 10 135 166 185 146 174 1 134 84 146 136 252 167 2 139 146
    150 132 112 223 85 35 176 188 229 147 34 95 133 176 223 10 201 97
    252 146 28 241 174 42 204 34 128 86 28 75 14 72 205 79 96 71 42 21
    242 137 67 11 49 44 16 6 135 228 179 224 104 77 129 99 166 38 122
    138 202 154 15 89 247 200 118 209 229 137 129 49 230 225 220 153 154
    132 152 5 189 207 86 154 138 87 170 214 181 25 34 19 216 43 251 106
    35 4 122 108 10 130 184 192 100 2 38 251 216 57 231 179 69 204 25
    226 60 53 112 154 13 66 253 129 113 140 101 115 4 183 35 77 216 164
    14 45 94 171 71 136 102 99 229 113 91 128 167 242 92 160 5 110 9 49
    46 251 166 22 172 224 135 5 232 169 124 195 74 91 8 110 203 90 104
    108 254 99 216 1 128 17 193 213 213 68 153 83 123 5 78 161 140 245
    128 75 98 65 222 123 166 19 77 26 113 241 147 243 151 79 118 182 111
    34 195 171 37 16 49 222 70 129 211 30 105 170 241 118 80 202 18 224
    178 103 0 194 65 146 53 138 38 71 198 207 210 151 162 163 78 171 57
    219 113 226 95 52 95 177 181 38 240 133 219 167 228 164 248 14 159
    214 92 212 238 115 69 26 55 22 12 200 182 236 18 86 255 222 14 1 60
    248 9 7 113 145 45 89 17 200 168 100 70 157 159 62 7 165 228 17 36
    73 51 192 119 181 127 72 123 97 212 226 19 11 145 105 50 176 149 52
    56 222 168 35 15 94 78 213 54 229 180 115 9 146 215 0 175 19 80 126
    175 124 159 71 122 101 0 43 131 97 188 67 40 128 1 144 151 189 37
    192 33 233 152 149 148 1 148 11 34 120 225 4 195 22 220 237 94 238
    30 238 231 196 45 227 173 242 176 182 169 248 161 189 235 184 60 166
    75 247 154 219 83 166 88 166 231 23 42 243 82 85 11 18 203 7 107 113
    91 65 166 118 82 131 37 153 85 71 124 177 4 235 221 120 130 17 166
    236 31 222 116 43 152 35 147 123 177 37 15 231 105 15 143 24 188 23
    115 171 251 76 193 67 115 5 89 38 218 184 150 237 137 66 53 100 111
    107 235 128 171 135 59 109 145 105 227 209 0 234 80 1 111 106 47 185
    114 203 154 76 223 209 90 15 136 92 223 176 234 253 221 221 44 150
    247 91 42 223 184 194 161 148 10 14 79 96 86 236 27 10 173 235 10 8
    126 169 241 42 8 235 202 239 151 4 110 151 74 134 195 199 255 239
    159 185 116 221 134 243 51 105 117 62 238 199 248 15 69 14 44 213
    199 51 181 199 232 112 202 52 20 30 83 164 103 24 254 137 48 254 14
    16 111 208 130 0 124 145 154 126 39 125 79 166 122 14 223 75 233 237
    155 154 95 69 2 229 95 201 56 131 18 130 139 138 134 139 109 78 44
    185 143 25 47 202 26 18 123 162 150 115 68 89 139 250 216 84 201 244
    34 224 201 127 197 141 77 21 242 237 64 10 31 73 196 149 170 72 132
    210 184 208 85 132 148 149 125 196 75 250 127 237 193 23 202 195 99
    89 226 131 92 8 162 84 234 213 23 166 219 197 79 91 232 162 150 228
    177 248 133 94 60 177 161 9 206 80 72 1 67 216 27 128 48 187 115 231
    202 145 243 216 64 60 12 28 156 199 232 121 83 236 223 34 16 5 200
    251 41 242 134 16 35 109 42 25 145 158 128 55 145 153 110 126 102
    106 54 46 226 12 250 82 44 15 46 57 214 99 245 183 131 111 78 46 100
    73 208 47 39 253 7 135 96 150 44 160 50 44 118 4 146 234 85 203 83
    53 83 89 74 194 121 247 149 238 184 151 190 43 35 112 194 231 44 98
    254 233 220 152 120 45 212 107 223 10 163 72 177 232 3 1 172 120 34
    143 126 68 83 63 174 60 140 34 36 1 44 81 17 96 133 121 0 14 66 190
    230 215 213 225 104 122 241 46 54 20 92 242 71 58 57 138 198 241 67
    146 192 173 234 210 6 19 114 78 232 161 209 120 234 249 246 173 81
    64 10 244 89 43 231 115 184 119 88 188 233 121 109 184 183 52 103
    249 138 140 75 155 88 151 28 128 66 149 228 36 203 197 31 254 12 206
    118 175 54 100 180 23 215 85 61 83 11 31 125 119 226 126 81 170 235
    38 189 200 11 133 110 222 87 101 34 150 137 190 163 58 19 235 97 202
    78 173 69 64 43 231 48 111 149 18 55 11 209 64 212 18 15 124 170 71
    229 237 149 220 206 192 180 65 190 14 57 80 27 109 103 35 106 215
    171 176 252 93 111 48 42 87 8 226 213 134 86 96 66 175 32 155 195 11
    183 33 117 241 29 126 14 90 8 102 158 42 229 106 241 30 66 188 115
    225 131 105 146 242 49 185 98 210 1 21 194 91 34 240 246 146 240 67
    219 157 161 19 106 188 34 135 110 199 87 215 166 112 170 130 152 243
    228 93 144 195 66 230 70 95 185 203 178 123 153 198 175 176 48 195
    69 112 225 55 91 145 123 147 106 25 159 175 107 53 37 227 229 19 191
    186 186 159 199 201 207 131 110 72 3 140 230 76 7 160 32 204 101 87
    116 11 249 158 36 144 116 11 75 45 80 121 175 135 54 151 96 175 78
    96 29 62 39 236 166 182 20 37 173 209 75 29 37 87 148 204 143 106 2
    194 168 210 224 10 114 147 185 177 16 86 223 120 227 84 73 113 247
    98 196 9 194 121 149 100 143 114 35 172 60 124 106 137 164 4 229 229
    32 201 90 21 12 4 34 79 234 8 142 242 11 99 81 149 219 198 101 65 77
    70 145 146 255 79 58 12 133 195 24 77 198 150 42 152 16 138 117 159
    9 132 122 188 183 252 176 142 32 255 114 52 212 32 102 216 6 168 183
    153 227 102 121 2 79 200 116 218 151 152 221 135 51 148 170 169 233
    210 70 252 73 154 50 130 51 85 62 76 72 79 48 243 47 52 51 187 156
    58 146 104 172 146 76 228 240 203 113 165 161 124 194 5 222 85 217
    179 127 10 234 73 53 153 219 176 110 130 139 40 46 41 118 221 43 150
    45 50 84 204 48 10 100 13 65 30 205 253 53 140 177 179 11 134 80 125
    120 251 240 91 215 67 182 100 226 2 108 190 93 4 157 60 173 235 92
    250 19 58 31 137 199 159 34 20 197 102 21 204 202 185 149 117 171
    163 79 173 0 175 130 242 51 230 215 187 129 92 44 206 217 41 104 167
    197 147 149 30 163 80 206 225 41 169 3 121 217 61 158 88 18 216 217
    141 216 163 110 187 62 23 101 55 227 121 243 191 177 49 58 196 43
    201 47 152 14 115 135 84 17 226 206 34 41 141 168 201 251 103 4 166
    12 88 180 178 131 116 9 165 238 42 245 91 88 189 201 39 240 179 238
    195 215 32 142 229 65 47 41 9 36 130 123 192 221 43 229 55 145 124
    244 108 46 202 155 35 202 130 63 94 222 246 76 64 119 91 128 114 158
    18 6 37 170 134 90 223 126 13 90 179 16 65 85 15 63 96 89 194 103
    130 21 238 113 161 20 58 37 203 235 88 100 156 50 183 33 57 75 109
    31 98 205 20 90 193 148 212 41 121 231 173 194 84 33 166 50 162 117
    213 137 24 185 207 2 192 109 66 195 4 119 3 86 93 229 125 154 15 148
    233 149 136 204 226 188 57 251 203 188 65 86 80 4 39 220 145 37 134
    147 157 217 239 47 157 178 55 213 132 234 94 25 98 245 164 23 49 183
    14 35 95 195 103 179 92 78 251 96 205 148 187 15 73 142 93 188 64
    103 230 84 60 14 87 138 234 251 255 4 224 235 39 101 185 15 192 116
    176 224 51 78 138 206 113 90 20 14 29 91 221 237 52 250 171 118 203
    55 239 253 140 171 244 67 161 117 152 19 251 180 246 229 219 174 101
    40 143 117 124 245 161 102 176 85 198 159 64 184 184 234 33 165 39
    141 12 71 36 87 206 197 185 19 132 28 243 46 33 3 35 209 231 5 58
    160 148 67 51 185 196 193 238 171 99 226 21 79 218 254 125 210 207
    10 209 38 106 166 103 88 19 157 33 83 170 200 117 164 61 186 166 91
    99 176 6 155 198 98 182 77 59 75 97 70 241 174 197 86 119 182 238
    159 87 35 81 19 200 224 85 183 125 130 59 131 179 6 85 10 210 160 56
    214 157 107 26 82 189 209 4 208 230 52 109 2 213 47 11 242 97 162
    180 231 132 159 111 192 142 163 56 177 255 21 4 94 232 56 70 94 192
    45 3 243 97 104 124 86 232 214 191 16 66 12 144 206 117 254 217 202
    206 224 4 249 173 218 135 68 20 212 236 144 146 152 164 18 129 187
    229 233 143 71 79 41 65 144 198 76 91 205 152 105 222 148 58 51 17
    215 227 192 29 105 238 59 44 205 37 59 104 212 195 69 2 200 189 179
    7 146 231 213 69 196 137 78 231 165 176 76 115 184 16 55 90 203 166
    180 158 148 179 255 26 56 141 193 27 135 145 34 10 115 68 196 118
    230 36 68 212 138 237 179 252 6 56 176 102 101 98 19 183 80 10 62 24
    11 115 161 171 17 218 2 51 62 254 14 225 28 77 161 105 38 23 65 117
    191 3 71 169 68 25 238 120 64 254 244 136 91 72 233 30 35 68 76 231
    212 215 234 81 138 145 26 98 246 214 183 235 23 143 251 226 147 241
    102 137 21 47 186 228 86 181 227 98 71 87 252 185 189 241 249 123
    252 9 29 202 128 172 59 45 3 106 136 15 106 79 237 134 107 23 33 85
    182 152 133 13 224 123 157 104 204 59 75 134 51 177 182 19 100 199
    112 241 39 83 61 16 216 93 71 130 94 160 251 23 140 2 80 68 7 241
    209 243 219 139 96 17 11 232 47 131 102 38 42 122 81 214 207 212 255
    198 101 92 15 108 13 199 40 127 154 112 142 185 19 241 80 182 170
    178 0 220 162 70 192 53 178 142 8 156 126 252 113 41 161 131 105 125
    250 22 214 56 196 216 98 84 151 188 9 245 220 105 77 89 124 81 184
    135 255 61 211 24 196 50 151 118 78 145 216 144 80 173 216 45 57 95
    162 72 47 5 167 116 36 169 135 58 169 54 176 176 124 103 94 112 132
    115 143 40 29 214 185 201 8 151 135 175 130 248 73 249 170 203 50 26
    8 21 82 107 64 156 182 245 151 241 96 19 68 147 165 233 13 195 241
    88 79 230 164 114 243 198 50 203 137 224 228 95 49 65 136 0 220 246
    148 150 124 217 240 93 231 10 13 7 84 87 171 35 200 70 249 139 96
    237 234 43 209 138 85 131 237 180 11 2 153 27 27 57 236 23 94 187
    183 153 97 111 247 81 252 233 171 217 88 151 179 0 161 97 71 204 95
    58 216 148 226 191 125 154 44 56 18 99 82 72 19 243 110 183 248 143
    36 146 111 110 3 57 88 216 223 208 82 236 89 110 174 130 161 120 142
    212 172 79 143 140 223 70 219 242 138 164 39 74 247 89 164 83 126
    204 231 134 225 163 64 157 32 95 23 243 192 165 16 138 115 142 186
    138 147 89 143 140 82 108 241 230 162 157 205 2 6 222 206 58 161 224
    34 194 8 0 225 138 156 243 6 238 57 51 139 150 5 183 23 112 81 53
    235 0 171 34 112 2 146 145 194 166 211 97 48 7 169 50 91 26 15 252
    182 130 77 133 223 135 202 157 252 163 153 117 91 33 114 22 185 115
    202 210 79 47 244 78 144 183 174 124 24 246 207 104 255 5 27 205 23
    67 196 93 181 122 42 33 164 34 149 158 144 35 190 100 60 209 101 81
    144 132 89 141 222 167 33 146 206 32 239 161 124 187 109 253 30 7 86
    54 217 238 63 42 145 10 245 147 32 226 79 197 7 58 235 206 83 55 176
    219 101 94 91 136 230 217 246 144 171 187 188 19 154 125 154 37 231
    46 165 98 68 35 231 50 232 30 15 77 205 113 255 103 123 115 41 189
    37 74 101 99 179 50 43 220 51 240 186 144 234 119 62 76 213 27 191
    225 91 218 148 52 226 192 143 93 86 39 208 217 201 56 60 90 115 135
    254 84 60 114 32 213 20 73 161 110 226 202 39 220 29 246 232 69 164
    227 230 80 53 78 52 156 183 65 200 57 55 175 190 190 114 107 198 207
    233 60 83 115 103 38 161 48 34 134 83 227 0 139 168 79 113 161 199
    91 94 1 73 73 180 133 131 215 172 179 52 214 252 78 219 103 190 161
    216 61 23 247 122 115 211 184 253 98 140 136 75 80 65 199 51 243 120
    249 239 212 139 135 55 175 138 63 72 35 39 7 68 78 130 22 60 10 7
    111 240 104 211 201 249 56 145 98 126 75 178 3 253 195 191 27 83 34
    33 149 8 21 231 152 105 240 189 211 127 183 128 47 133 182 146 159 3
    5 28 233 197 254 130 175 161 255 43 240 60 155 100 240 186 91 160
    136 105 127 159 5 73 194 212 125 181 185 220 190 82 132 0 86 68 247
    115 72 62 192 72 186 135 196 179 14 123 124 227 241 30 56 141 68 83
    16 42 20 226 131 219 188 203 74 191 188 198 215 125 32 74 12 30 144
    118 13 165 21 170 243 113 216 172 131 129 65 140 164 50 126 62 65
    150 225 28 213 187 131 140 145 101 53 28 104 115 78 191 130 112 164
    17 50 9 112 161 61 93 88 102 81 189 17 210 212 169 21 131 81 209 102
    118 187 241 2 221 48 174 110 221 71 241 208 167 108 238 170 90 77 11
    49 148 31 66 40 121 143 198 121 42 108 14 57 155 249 208 146 118 202
    41 89 164 86 86 86 82 94 179 75 201 105 98 76 167 94 160 20 198 135
    9 48 224 86 155 221 53 37 95 74 49 78 11 10 38 151 219 193 230 9 31
    138 114 15 161 97 30 245 65 220 138 96 108 221 74 146 29 215 191 37
    168 93 174 63 197 209 250 219 248 15 39 76 187 250 12 24 218 206 85
    27 233 233 80 111 46 35 119 6 96 28 134 247 166 63 27 138 188 227
    142 88 36 49 215 104 115 49 37 158 157 212 138 136 95 53 163 9 172
    31 205 44 81 63 239 135 168 154 53 13 94 112 16 146 204 240 9 212 96
    99 90 144 128 35 52 218 92 49 63 248 59 11 203 59 183 240 133 183 33
    173 86 182 113 184 108 233 1 5 51 182 199 179 135 238 170 132 122
    130 122 114 59 183 234 165 36 0 143 238 220 99 100 40 55 148 3 1 57
    80 41 85 21 229 165 68 166 45 210 224 202 175 72 94 208 66 139 151
    201 206 228 18 122 61 83 103 181 234 94 157 21 99 54 89 111 232 54
    215 56 200 219 181 33 245 125 111 178 71 48 12 142 67 136 166 153 87
    54 111 97 212 35 196 12 253 62 44 233 204 120 186 220 21 53 80 248
    32 126 223 245 122 124 44 3 19 110 83 20 130 135 148 144 27 108 232
    114 208 89 187 173 129 142 170 70 93 247 252 105 255 89 244 51 218
    110 225 26 239 54 180 228 153 157 42 199 5 137 10 33 105 226 195 174
    55 214 22 36 77 172 189 230 28 145 252 126 244 95 160 87 100 57 143
    233 58 249 94 215 119 190 217 139 200 202 75 163 4 213 54 223 109
    185 218 214 119 200 135 12 59 240 117 109 197 215 45 53 202 247 219
    41 198 95 178 145 27 197 82 54 25 4 99 88 79 118 72 45 158 250 187
    197 34 77 14 84 223 57 128 123 121 42 199 0 32 64 190 48 182 3 220
    66 232 230 21 27 171 110 20 91 61 96 241 115 219 177 250 254 10 46
    230 69 7 169 131 186 144 154 3 216 237 115 55 19 115 40 203 34 225
    135 131 91 110 190 203 250 179 14 106 92 163 69 20 153 118 97 115 54
    72 251 173 159 176 234 125 80 229 79 213 178 109 151 163 73 86 254
    48 173 205 231 215 228 116 173 120 186 193 116 64 225 105 70 253 33
    55 146 100 44 215 193 247 4 248 34 153 40 93 132 90 174 230 137 250
    162 240 48 202 169 172 201 237 251 146 78 65 178 14 68 42 242 178
    121 69 202 248 126 105 18 239 64 102 199 108 184 198 233 109 102 5
    191 67 140 87 60 19 235 98 92 131 72 246 88 238 49 125 209 145 154 9
    201 227 67 250 221 190 132 215 211 167 17 196 48 29 130 2 168 90 80
    215 212 45 249 141 45 238 107 96 103 64 18 64 159 199 119 142 225
    212 34 73 196 163 53 57 192 11 149 110 123 214 23 17 166 182 96 62
    190 167 214 169 75 42 128 57 246 167 131 132 94 23 101 244 12 158
    158 244 136 66 67 87 24 108 9 120 180 68 178 131 129 36 59 210 106
    158 225 136 100 135 6 17 218 107 245 230 222 14 116 185 230 94 225
    184 178 0 241 62 224 247 196 247 21 93 182 22 71 235 141 153 157 239
    6 166 99 148 121 207 238 232 126 44 60 74 204 124 113 16 154 112 226
    37 52 247 59 2 127 130 121 161 15 219 161 115 96 13 80 41 136 19 14
    77 244 34 162 42 186 112 158 162 133 245 229 182 77 199 90 244 52
    159 237 251 250 197 153 54 240 252 99 118 34 46 187 62 197 32 83 147
    184 83 59 12 99 111 214 212 77 35 173 154 6 151 193 21 226 62 111 71
    49 200 96 78 216 57 135 126 131 244 207 4 98 138 157 42 189 243 115
    153 178 199 159 18 250 245 19 174 191 175 124 79 2 43 165 67 197 236
    167 86 45 48 51 177 250 106 188 126 150 82 22 0 229 36 159 192 122
    165 236 253 48 130 12 19 168 197 225 20 34 134 18 151 114 70 54 23
    102 48 234 61 145 169 121 203 34 230 12 110 65 97 46 161 59 174 34
    141 74 118 141 145 208 199 87 185 215 82 8 105 70 79 0 177 171 60
    191 192 7 160 167 189 173 241 16 32 105 176 155 151 205 217 60 98
    223 37 18 35 176 253 126 28 153 60 99 73 3 157 152 123 162 153 149
    171 206 24 250 196 19 11 114 186 134 213 108 67 41 206 153 201 82 9
    53 16 196 253 89 163 2 26 154 145 65 106 249 60 253 159 5 129 201
    206 122 233 35 52 88 181 61 90 161 208 193 118 16 137 97 62 96 180
    233 213 170 26 0 92 166 38 150 177 239 149 224 172 110 182 199 180
    178 9 16 104 197 114 124 198 75 248 162 92 135 104 81 39 193 26 168
    223 11 72 137 114 62 76 208 203 79 78 242 197 14 221 212 2 159 203
    50 36 215 90 154 53 41 221 43 143 83 76 79 231 172 5 224 110 169 212
    147 220 31 35 31 66 241 47 83 34 175 155 55 7 8 216 186 194 155 48
    207 205 166 15 222 4 47 123 39 130 135 80 119 55 173 211 60 102 151
    125 152 105 123 138 211 171 217 216 123 39 42 221 184 171 119 162 95
    118 212 248 94 133 0 169 229 254 5 161 168 221 11 210 67 78 172 179
    135 120 43 157 1 83 195 18 78 168 98 66 201 154 84 204 219 201 0 195
    95 33 33 135 229 22 173 18 181 1 2 168 18 94 100 44 217 45 166 197
    123 238 171 167 148 206 223 161 253 96 165 184 181 133 51 190 41 38
    81 77 101 90 117 59 204 88 95 22 108 196 236 114 92 88 123 25 155
    218 18 0 222 71 33 88 29 241 203 15 10 178 206 63 69 77 180 252 184
    188 199 178 45 196 29 224 230 211 119 208 15 141 142 74 1 3 247 18
    158 15 91 65 53 179 222 190 228 228 107 69 41 29 238 92 192 180 252
    222 76 254 34 69 135 88 165 72 252 174 245 155 102 116 186 144 76
    157 162 206 155 255 58 215 101 159 172 16 90 187 243 74 221 122 74
    138 27 240 125 209 232 54 133 167 180 188 173 29 209 130 129 203 53
    151 220 206 102 65 122 182 200 234 195 24 218 33 158 243 193 141 238
    71 127 175 223 214 210 224 156 99 100 228 29 35 217 59 178 99 172
    232 143 230 32 244 154 235 67 105 234 19 102 120 210 33 90 42 50 59
    8 186 72 115 150 157 39 98 147 41 50 175 32 39 101 64 166 224 216
    236 49 232 164 118 139 195 247 233 217 133 142 46 102 25 157 250 188
    8 53 200 144 73 189 141 152 130 108 25 159 89 152 225 67 103 100 233
    52 100 27 30 18 20 241 175 42 188 205 151 122 179 192 38 105 21 42
    247 98 183 87 16 140 7 36 144 8 117 160 27 65 66 69 58 23 2 29 112
    171 127 27 157 55 250 62 69 96 149 27 131 111 29 158 207 141 66 3
    135 65 181 228 74 12 206 242 116 81 203 190 20 197 112 107 138 163
    142 103 161 154 246 139 226 31 121 63 118 50 103 162 220 168 34 57
    180 219 71 238 63 234 120 193 42 32 225 229 44 138 46 96 55 108 255
    64 171 101 161 151 132 162 187 66 7 75 179 156 180 238 115 244 117
    108 23 24 235 81 179 245 85 188 224 217 220 199 201 10 164 139 151
    150 218 5 190 196 88 161 93 94 252 33 126 152 178 217 151 148 233 73
    204 29 218 227 254 162 235 124 157 79 178 10 90 7 135 136 169 122
    163 150 197 194 205 134 8 118 234 46 201 105 126 207 11 157 206 235
    74 58 184 51 26 112 157 48 213 181 13 193 120 7 106 30 230 199 196 2
    21 0 22 84 248 112 190 42 182 115 178 175 243 249 244 210 121 29 104
    143 196 127 207 34 80 40 208 118 110 37 42 177 138 18 104 113 144
    201 254 152 18 118 79 10 220 71 142 52 133 106 124 236 39 113 191
    155 210 149 40 164 48 22 60 1 131 100 237 221 224 25 148 30 102 143
    31 173 84 23 113 47 241 213 253 91 51 220 246 13 78 1 142 244 132
    209 201 103 250 89 138 118 142 103 94 219 158 86 161 146 151 65 104
    84 62 143 201 151 70 120 96 130 211 156 178 98 240 117 250 107 112
    227 41 249 9 145 220 207 98 107 137 197 7 60 148 2 139 22 72 186 15
    224 61 94 59 131 101 252 12 56 159 236 57 170 153 48 64 134 80 84 6
    228 240 167 185 28 212 246 96 156 198 151 68 213 53 39 190 156 125
    72 113 117 77 49 55 236 139 134 14 190 40 247 221 179 1 65 101 40
    175 125 194 97 91 173 112 165 254 148 162 57 152 42 232 122 149 55
    214 136 196 34 183 172 40 143 134 132 33 61 242 216 91 81 188 170 81
    193 150 126 96 149 37 239 25 89 157 29 116 197 168 14 7 86 55 235
    194 49 94 152 136 208 193 115 165 183 111 30 241 102 61 222 150 251
    7 88 172 88 7 152 119 130 69 143 44 224 224 112 164 149 60 181 149
    16 14 163 207 213 96 235 177 102 134 104 239 140 197 176 85 3 101
    233 218 37 146 3 230 109 82 11 1 180 200 48 43 19 173 212 82 227 15
    204 164 234 241 76 123 129 110 243 106 8 70 142 242 165 34 82 226 35
    12 108 228 179 157 254 116 182 156 124 29 206 33 182 169 239 0 122
    14 144 236 131 38 40 180 28 75 25 216 251 67 160 131 101 187 223 210
    42 58 180 55 210 119 91 172 116 71 155 61 204 239 97 17 61 240 128
    108 131 39 207 97 142 250 211 248 164 153 247 73 144 99 189 68 4 193
    16 53 207 147 240 47 185 49 245 3 43 106 210 156 184 73 178 75 125
    180 211 227 117 217 59 145 168 61 39 138 36 81 142 11 62 80 196 218
    133 215 41 81 224 50 218 15 60 62 7 212 117 240 124 149 171 39 69
    122 52 186 21 129 200 166 56 27 124 222 26 65 227 67 0 234 50 150 66
    26 80 102 231 15 45 241 193 226 248 237 86 221 199 58 88 239 84 69
    201 141 136 237 112 183 220 245 58 148 118 128 104 234 164 120 138
    14 66 105 187 145 39 97 94 16 254 131 44 97 153 221 41 158 100 2 55
    125 18 124 14 58 0 26 102 80 56 108 87 62 155 179 2 110 134 21 41
    239 115 132 149 193 250 169 71 74 196 24 199 93 178 148 158 232 56
    189 112 204 65 69 239 71 175 173 95 32 164 16 186 207 187 198 116 41
    148 195 222 160 20 68 245 23 78 7 212 133 160 251 136 172 71 62 207
    36 255 79 246 87 137 158 1 140 126 145 98 41 17 165 227 33 225 193
    10 155 212 129 161 6 187 221 8 161 99 20 139 119 38 139 214 252 181
    118 119 90 124 19 76 63 62 216 191 39 130 203 193 66 39 234 206 184
    48 127 247 228 32 189 224 39 244 55 211 224 123 34 155 194 247 50
    174 22 133 251 2 208 54 161 27 27 250 146 108 132 58 230 227 158 153
    100 159 175 144 55 220 19 64 193 212 198 52 141 13 173 133 246 189
    224 69 10 76 104 53 194 219 179 21 146 222 138 159 64 196 120 58 3
    115 18 227 147 31 163 111 140 45 244 122 100 150 220 124 176 137 157
    136 40 13 203 29 146 108 87 49 242 200 56 1 60 88 84 21 117 246 93
    75 14 221 116 91 149 188 148 3 28 216 23 194 197 62 222 31 2 203 166
    55 233 228 106 177 87 104 1 136 25 52 220 124 5 190 201 150 41 152
    172 252 170 146 229 89 70 60 139 7 24 21 38 32 131 219 221 115 92 22
    248 94 171 16 86 183 34 161 251 143 149 54 75 56 140 43 86 155 162
    164 63 242 208 4 167 29 255 66 124 89 51 95 69 46 24 250 217 206 34
    182 1 89 70 165 116 174 8 57 2 191 158 132 72 196 221 186 57 34 228
    157 62 124 97 189 205 237 56 85 160 229 71 45 154 24 160 103 173 96
    147 95 20 110 52 129 174 120 56 38 83 201 252 20 214 33 56 172 184
    41 75 39 104 206 90 197 45 211 16 133 105 124 198 3 77 182 189 190
    214 29 133 73 113 239 93 186 133 54 94 71 95 181 55 48 83 195 230 92
    79 162 187 134 9 114 160 166 227 16 60 217 73 34 82 104 9 140 22 209
    35 89 105 118 119 161 244 255 188 179 27 17 253 21 15 181 112 197
    241 121 111 120 239 8 72 10 127 150 223 113 82 82 40 5 19 185 3 236
    104 234 100 161 147 107 13 169 25 198 206 72 229 67 197 106 232 140
    235 72 176 194 82 197 142 233 139 102 219 17 20 230 234 81 6 176 99
    26 159 9 225 5 122 248 58 193 189 88 30 182 92 135 100 131 124 91
    132 34 140 114 122 171 5 98 1 255 162 215 121 28 72 141 76 51 182
    114 245 59 169 185 123 255 83 59 93 118 99 136 193 166 19 61 114 70
    2 130 118 255 156 246 181 1 9 5 152 55 179 96 194 236 201 8 243 212
    245 255 241 20 71 233 58 139 100 49 76 125 65 37 179 234 156 109 231
    14 18 69 105 17 156 139 180 225 165 18 81 47 113 83 218 124 188 54
    125 125 53 66 101 100 117 116 74 49 120 191 23 26 230 55 77 194 104
    152 137 30 99 22 83 101 48 4 225 158 53 78 122 35 248 223 33 224 70
    236 94 91 192 156 166 21 26 244 250 50 63 91 152 97 106 169 45 105
    201 94 6 132 230 181 92 16 116 233 151 145 228 215 160 82 198 209 16
    252 109 10 162 25 34 68 158 199 57 34 193 205 103 32 97 31 79 36 50
    82 133 212 222 47 130 169 83 127 80 157 59 41 47 168 82 92 219 180
    209 165 138 176 141 150 90 121 144 111 167 21 183 217 204 2 207 214
    58 69 126 149 6 221 71 181 53 75 185 164 1 240 39 161 57 13 91 101
    232 38 249 64 126 138 40 153 16 151 39 13 5 73 108 20 95 101 116 137
    255 167 238 111 252 247 85 143 160 13 209 107 24 46 206 243 75 76 86
    66 165 22 193 81 66 184 59 136 169 4 28 2 129 31 152 76 68 200 234
    140 62 116 160 191 185 218 32 189 117 249 55 221 182 165 217 188 33
    219 228 121 114 237 238 223 54 63 106 122 145 66 9 150 104 233 126
    193 223 116 78 101 234 168 198 210 220 45 232 178 169 130 86 252 97
    174 252 220 71 156 223 47 98 16 240 107 198 3 65 52 113 1 101 85 73
    173 251 106 36 254 157 49 154 38 14 220 74 103 126 241 230 216 123
    65 149 170 127 142 193 121 31 130 86 90 254 185 101 127 55 170 2 126
    166 2 1 155 201 20 28 99 162 230 232 38 184 102 67 168 251 108 94 80
    255 71 197 68 222 204 60 8 147 255 235 146 91 197 55 86 15 231 93 55
    219 51 82 50 236 100 217 225 38 77 101 139 32 59 39 70 217 85 114
    253 140 165 24 186 210 31 53 32 164 104 133 198 196 242 68 24 169
    172 81 251 35 231 21 180 245 233 143 62 140 177 5 179 188 251 0 192
    0 97 65 162 100 72 65 56 189 2 127 191 87 94 21 148 100 201 108 69
    217 231 86 199 52 141 199 238 35 44 128 96 165 178 60 2 21 217 163
    187 175 244 175 119 12 108 133 45 29 244 2 11 64 70 204 233 248 20
    147 117 118 129 154 196 155 73 39 12 142 44 203 174 57 185 229 248 2
    98 33 6 87 198 14 38 239 63 162 80 214 168 200 77 107 127 252 205 54
    1 230 255 95 138 125 85 125 82 241 240 230 88 253 115 127 219 133 27
    78 214 215 83 70 6 49 38 229 42 223 31 221 46 178 23 112 97 96 148
    202 153 252 162 103 59 239 37 58 55 183 3 93 188 146 235 168 187 16
    105 73 199 1 102 105 61 252 212 15 252 91 21 141 189 75 198 151 84
    172 91 225 43 229 18 157 94 48 122 89 25 112 237 78 133 146 139 12
    194 183 97 170 184 132 201 166 42 49 179 0 85 174 21 190 81 114 220
    14 236 219 20 39 247 23 90 101 243 86 120 32 23 190 104 254 78 240
    191 160 101 3 84 43 43 239 84 120 104 22 104 57 54 43 3 55 164 158
    202 137 84 79 248 220 34 253 170 19 198 76 55 246 165 21 166 200 174
    48 57 43 68 196 115 27 157 17 18 46 96 89 198 81 21 135 156 17 218
    203 209 29 182 67 193 183 193 166 112 1 201 223 146 82 173 245 35
    210 163 58 15 123 131 49 41 212 71 209 83 198 244 17 106 63 160 93
    116 10 72 253 158 176 49 14 4 129 188 65 250 60 1 37 146 243 229 93
    101 86 253 28 210 114 55 144 117 75 92 225 61 158 109 244 97 251 5
    212 159 11 88 90 60 60 170 69 57 56 81 216 108 103 127 45 92 12 81
    241 189 191 180 27 169 216 186 44 141 199 138 37 175 103 170 1 212
    118 57 39 78 30 252 96 122 186 204 116 176 183 46 46 24 125 111 4 64
    220 107 127 214 116 112 232 144 92 205 29 105 204 167 189</data></test_img>
<my_img type_id="opencv-matrix">
  <rows>128</rows>
  <cols>256</cols>
  <dt>u</dt>
  <data>
    255 0 252 192 255 255 255 255 0 255 0 255 0 245 0 84 0 255 198 0 0
    207 255 0 255 0 0 0 255 0 210 0 255 255 0 149 0 255 151 0 0 255 0 0
    255 0 232 0 255 0 255 255 255 107 255 255 0 0 255 255 0 0 255 0 255
    181 255 255 0 0 0 81 255 0 180 0 0 255 0 0 255 0 255 85 226 0 88 255
    255 0 0 255 62 0 0 0 255 159 0 32 0 24 0 255 255 163 0 255 0 162 0
    255 121 0 0 255 203 0 0 0 255 0 0 0 255 255 255 0 212 255 154 0 255
    255 79 0 170 205 0 158 196 0 200 0 255 255 0 255 0 218 0 0 255 0 255
    0 0 0 120 255 255 0 0 0 239 0 0 255 0 255 255 255 0 0 188 0 255 255
    0 255 0 95 255 106 0 255 73 255 0 172 0 0 255 255 139 0 0 255 128
    226 0 219 255 0 0 255 0 0 255 255 0 255 255 0 186 0 255 0 255 255 0
    0 0 255 0 255 203 3 255 188 0 127 0 255 255 0 201 255 0 140 255 0 0
    0 0 255 0 255 255 255 157 255 0 0 0 0 255 0 255 0 12 25 255 106 0 81
    163 99 255 255 15 100 127 0 255 0 255 0 70 255 0 255 0 255 0 255 255
    0 255 0 255 0 255 7 255 0 255 0 0 255 0 255 255 0 255 255 0 0 255 37
    255 0 255 228 255 255 255 255 0 255 0 0 255 0 255 0 255 0 255 0 255
    255 0 255 0 255 0 255 0 74 0 255 155 0 255 0 255 255 255 255 255 255
    0 0 255 0 255 0 255 0 255 255 0 255 0 255 75 255 255 255 150 104 0
    255 160 255 0 255 31 33 255 37 255 255 0 255 255 255 0 216 0 23 0
    255 0 70 255 0 0 255 0 0 255 0 255 232 183 0 255 236 255 0 255 89
    255 231 0 0 0 255 0 255 0 0 255 0 255 26 255 0 255 30 0 0 255 255
    255 255 255 0 255 0 7 113 255 255 64 255 0 0 0 255 255 0 223 0 0 190
    165 255 255 0 0 209 255 0 255 139 185 119 254 255 180 80 0 0 111 255
    0 255 127 0 255 0 89 255 0 255 0 0 255 255 0 0 255 0 255 0 255 34
    205 0 255 255 0 255 236 191 255 255 255 0 255 0 60 255 43 0 145 255
    255 53 133 0 0 255 0 255 255 255 0 255 0 255 0 209 247 0 255 0 255 0
    167 0 255 106 237 255 255 0 19 255 255 255 0 255 38 0 0 255 160 0
    255 0 88 255 0 56 255 0 178 0 255 158 255 23 255 0 100 0 147 255 0
    246 0 255 0 0 255 0 255 0 255 255 255 255 255 0 0 255 0 255 0 0 0 0
    255 231 255 255 0 255 0 255 0 0 131 10 0 255 255 224 255 0 0 0 0 14
    67 255 114 0 148 255 0 255 0 56 101 255 0 255 0 0 63 0 255 202 255 0
    255 176 0 255 0 0 255 161 188 255 0 0 0 42 255 0 0 0 0 55 0 255 12
    255 55 0 222 106 0 255 255 0 255 221 255 127 255 255 0 255 0 0 0 251
    0 255 226 255 255 152 0 150 0 0 0 0 255 255 255 0 255 255 217 221 0
    206 71 19 241 255 0 0 255 255 0 6 0 255 0 0 0 255 0 255 0 255 0 0 0
    255 0 229 64 0 55 255 0 0 0 255 253 0 255 255 95 255 255 255 0 0 255
    255 0 255 0 255 0 255 0 255 255 125 32 255 0 255 0 0 0 255 255 0 255
    76 255 0 0 255 179 0 255 0 255 255 38 97 0 255 0 255 216 255 24 200
    0 255 0 0 0 0 255 197 255 210 255 255 255 0 0 255 255 120 255 255 0
    255 0 255 0 255 255 0 0 255 74 255 255 0 0 0 255 163 0 86 0 41 157
    48 255 0 0 125 255 255 0 255 155 0 255 0 255 255 0 137 0 98 255 0 0
    0 5 255 255 175 255 0 0 255 255 0 255 255 255 255 0 113 255 255 255
    0 255 0 50 255 255 0 202 0 255 0 2 255 0 0 0 38 255 255 0 0 255 0
    255 23 160 0 0 255 255 0 0 0 0 255 255 171 255 159 0 255 255 255 0 0
    255 0 65 255 0 0 255 0 0 67 0 255 255 208 255 75 255 0 118 0 0 255
    255 0 112 255 255 255 0 0 210 0 255 255 0 0 255 255 0 255 255 0 93
    147 69 20 255 0 255 0 255 0 255 0 132 105 255 0 0 121 0 0 255 0 255
    0 12 253 255 0 133 119 154 255 60 255 0 255 126 255 0 255 255 196
    255 0 255 0 255 0 0 0 255 0 76 0 167 255 0 255 0 139 0 255 131 0 0
    198 255 0 1 0 255 113 0 255 0 255 255 247 241 0 255 0 255 255 98 0
    255 0 255 0 255 0 255 0 255 255 121 255 0 255 0 255 0 145 147 224
    255 0 132 213 0 116 0 152 255 255 201 0 255 0 255 0 255 0 0 24 255 0
    0 0 255 0 189 0 248 0 255 112 255 0 0 0 255 255 255 255 0 255 255 0
    255 0 0 0 151 99 0 255 0 255 255 0 251 51 255 139 0 0 0 255 0 0 0 0
    0 255 0 0 0 237 255 0 0 255 255 255 79 255 178 137 0 255 145 0 255 0
    255 255 0 0 78 156 255 0 126 43 63 124 211 255 0 0 255 255 255 55 0
    41 255 255 0 74 0 169 0 255 0 255 0 255 0 255 0 255 123 0 36 0 255 0
    0 255 28 91 228 255 0 0 255 255 119 0 255 255 94 255 0 0 255 0 0 255
    51 0 244 255 255 0 255 255 255 0 81 255 65 255 0 255 255 0 255 0 0
    255 255 9 0 255 255 0 255 0 234 54 0 255 0 255 0 255 0 0 25 255 0
    255 0 255 0 255 255 0 255 227 0 255 0 255 0 255 35 255 0 32 132 255
    0 209 127 0 255 0 255 255 0 255 0 0 0 0 255 255 0 0 255 192 53 0 207
    0 79 0 0 255 255 0 0 97 255 0 189 0 255 255 108 0 255 0 0 82 0 0 0 0
    0 215 234 0 0 255 255 35 0 0 255 53 98 255 255 0 255 255 0 164 0 255
    255 255 0 78 0 0 255 41 0 0 255 0 255 255 155 255 255 255 0 48 0 255
    0 255 255 0 255 255 255 255 0 255 123 255 255 0 255 255 0 255 5 0
    255 0 209 0 0 0 255 204 255 230 255 0 166 0 141 0 255 255 0 255 0
    255 31 255 255 0 0 255 174 255 0 255 0 163 255 163 255 0 255 0 255
    68 255 0 255 255 0 255 0 129 255 255 223 0 71 255 0 0 255 255 0 0 0
    0 255 255 0 255 0 255 255 0 227 0 255 60 0 0 255 0 255 0 255 0 255
    159 255 55 86 255 0 255 0 255 139 0 0 255 0 255 255 255 0 255 255
    214 102 0 255 0 255 156 255 0 255 0 255 0 255 0 0 255 255 255 0 255
    0 0 0 255 0 255 255 0 200 163 255 80 255 0 255 0 255 0 0 255 255 0
    255 0 255 255 255 0 255 255 0 255 0 61 219 0 255 0 76 255 253 0 255
    58 255 255 0 255 255 0 255 255 20 255 74 255 0 255 255 255 0 0 255
    115 0 255 0 255 255 0 0 255 0 0 255 183 0 0 255 255 33 255 0 0 255 0
    255 0 0 235 64 255 220 255 0 0 255 0 161 0 255 0 165 255 0 0 255 0
    255 255 252 0 0 255 0 0 255 255 255 0 32 255 0 255 0 50 0 255 255 0
    0 255 0 0 255 0 255 255 255 0 230 255 0 255 127 0 255 0 224 255 110
    83 0 138 0 146 0 255 255 255 201 0 255 116 212 182 255 255 0 255 0
    255 5 255 0 255 255 0 255 255 255 0 255 255 255 0 0 255 252 0 255 0
    164 153 255 0 0 255 123 0 255 255 0 255 255 255 255 255 255 0 50 0
    255 125 255 142 255 181 255 0 255 0 255 255 0 255 38 0 136 0 0 0 171
    255 0 0 255 168 0 255 255 0 255 80 255 0 158 0 255 0 255 0 162 0 255
    0 241 255 0 0 255 174 0 255 195 134 0 255 0 255 0 0 0 255 255 0 2
    114 127 255 0 0 50 255 255 0 255 0 0 255 0 255 255 255 0 53 0 0 218
    255 0 0 255 41 0 255 0 163 0 0 0 0 44 0 0 255 255 142 49 0 255 255
    255 0 255 0 0 0 0 255 0 255 0 255 0 255 216 255 0 255 255 0 0 255
    255 70 176 0 0 0 255 236 0 0 0 255 0 255 156 255 255 255 0 0 127 243
    0 255 211 0 255 0 255 0 255 255 0 0 255 123 0 255 232 255 0 189 255
    255 255 255 0 255 0 0 253 81 82 0 255 0 177 0 255 0 0 0 255 255 236
    0 72 250 255 0 0 255 0 255 0 0 255 0 255 162 255 0 0 255 0 0 0 255 0
    255 154 255 0 5 255 0 0 255 116 255 0 255 1 255 56 255 255 255 255 0
    0 0 183 84 255 0 0 0 0 0 247 0 255 54 255 0 0 75 0 0 255 0 255 255
    255 35 248 0 244 255 255 255 0 29 255 0 0 0 0 0 130 255 91 0 255 0 0
    255 255 0 255 204 255 255 255 255 0 0 15 0 0 255 0 193 0 224 0 255
    255 4 255 0 255 150 255 255 0 255 255 0 255 0 0 249 229 0 222 0 183
    255 255 255 255 255 0 0 186 0 255 0 0 255 0 255 255 255 255 0 255 0
    255 255 255 0 0 255 0 255 0 255 0 0 84 0 4 116 0 21 255 255 255 0
    255 11 19 0 255 0 35 255 114 4 0 255 0 255 0 119 0 255 0 255 223 0
    35 255 255 59 0 99 124 0 255 0 255 255 255 0 149 255 0 255 0 255 255
    255 0 80 54 255 0 156 169 255 41 0 255 58 255 0 90 255 255 255 0 255
    255 0 255 49 0 0 0 0 102 255 255 0 0 0 255 255 255 0 114 255 165 255
    0 255 255 0 161 255 0 255 0 0 0 0 255 147 218 0 255 0 255 0 180 57 0
    255 255 178 0 84 0 255 0 0 255 0 0 151 0 255 0 0 255 27 0 47 229 255
    255 255 66 0 255 0 255 0 109 255 255 255 0 255 0 59 0 255 177 255
    255 0 0 69 255 0 255 255 0 255 0 249 255 0 255 126 0 255 255 245 0
    255 0 0 254 255 0 255 0 255 255 0 0 255 0 255 0 255 255 0 0 77 255 0
    0 255 0 0 255 0 255 255 255 0 255 77 255 255 0 0 0 255 0 0 0 0 0 0
    85 255 255 255 0 255 60 226 0 198 255 0 180 141 255 25 255 0 0 245
    255 0 0 0 255 255 96 255 255 0 0 181 195 255 0 255 40 129 0 255 0
    255 197 152 255 255 0 255 0 0 255 255 209 81 0 255 0 255 0 255 184 0
    203 0 255 255 0 255 255 152 255 135 255 0 255 255 63 103 0 255 0 255
    0 30 0 0 255 255 0 255 255 0 0 255 0 0 0 0 255 12 255 0 255 0 22 0
    255 119 0 255 255 0 255 141 0 255 0 255 0 230 22 255 67 0 255 101
    255 0 0 60 46 255 255 0 155 0 255 255 73 255 197 0 255 202 0 0 255 0
    255 255 255 240 172 255 0 153 233 0 255 129 0 255 138 0 22 255 0 0
    240 230 5 255 255 0 255 0 148 0 85 0 82 0 61 0 0 255 88 145 255 79
    40 255 0 0 0 17 255 255 0 255 255 0 255 0 255 255 241 0 255 211 0
    248 0 51 255 0 255 0 0 255 240 0 255 255 0 0 255 255 255 0 0 255 0
    255 0 0 255 255 0 255 89 0 197 255 255 0 255 255 0 171 0 255 0 255
    108 255 255 0 255 39 205 192 255 255 0 99 175 255 0 0 0 0 0 255 255
    0 255 0 255 0 0 0 115 0 206 56 255 0 234 0 255 0 0 255 255 0 255 255
    0 255 0 176 242 0 255 255 0 229 255 126 255 0 17 255 255 0 0 255 255
    0 0 255 255 255 0 255 255 84 255 34 255 0 255 0 255 0 255 255 255
    101 255 0 56 0 255 255 0 255 218 182 255 0 255 255 255 255 0 164 0
    255 0 255 0 255 255 0 31 255 255 0 255 0 6 255 223 0 0 229 0 255 0 0
    255 0 255 255 0 255 0 255 72 255 0 0 255 0 79 255 0 255 69 0 255 0 0
    0 255 0 255 255 255 255 0 156 255 210 255 255 80 21 0 186 0 255 144
    0 0 0 0 130 255 255 0 255 96 161 145 130 255 255 0 255 147 0 0 0 255
    255 0 255 0 255 255 0 255 255 25 255 0 0 0 255 14 0 0 0 0 255 87 255
    0 255 255 0 255 0 255 0 147 66 0 255 0 65 0 10 255 0 255 255 49 255
    0 255 0 0 255 124 0 0 0 255 0 0 0 0 208 117 255 204 0 255 209 0 0 0
    255 0 96 0 255 0 126 0 255 255 0 255 0 0 0 255 255 201 0 0 255 255
    255 255 0 65 255 0 255 255 0 255 255 0 12 0 255 245 255 0 255 250
    255 0 255 0 48 255 0 255 27 0 255 0 255 137 255 204 0 255 62 255 122
    0 255 0 0 255 0 0 6 185 237 0 0 255 0 0 255 255 0 255 255 255 169
    195 0 0 255 0 23 255 0 0 0 255 255 0 247 255 0 0 245 0 0 255 0 255 0
    0 255 215 255 0 0 255 255 255 0 255 0 206 0 0 250 219 255 255 255 79
    0 255 255 255 0 255 255 255 0 0 255 255 255 255 182 152 214 0 255 0
    255 0 131 0 148 0 0 0 255 0 255 255 255 0 0 255 168 255 255 0 0 38
    255 53 0 0 0 103 255 0 255 44 255 255 0 255 10 249 255 216 0 101 81
    188 255 186 255 0 193 255 0 255 255 0 255 255 255 0 189 0 183 0 0
    255 0 127 0 72 0 209 255 63 0 255 146 255 255 0 255 106 176 149 0 0
    0 0 255 255 33 166 255 255 205 168 0 255 255 0 0 255 232 255 153 255
    247 255 0 255 0 255 0 255 0 0 163 255 255 255 0 255 0 0 255 238 191
    255 0 255 0 239 0 255 0 255 0 0 113 0 255 0 255 255 174 0 0 255 0 0
    255 0 0 255 0 255 204 108 160 166 0 57 255 0 255 0 255 255 255 0 138
    255 255 229 209 137 255 255 0 144 255 230 255 0 255 137 255 0 255
    255 0 0 0 0 0 255 101 255 0 255 255 255 255 0 0 255 255 0 161 255 0
    255 255 0 255 255 0 255 0 255 0 255 255 0 255 0 255 0 255 0 255 116
    255 0 0 9 0 44 0 0 0 0 255 255 0 255 0 255 0 255 0 99 0 255 0 214
    255 122 255 11 255 255 255 255 24 149 255 0 0 255 0 255 33 0 0 0 0
    255 238 255 0 0 255 255 0 0 255 197 255 255 0 0 0 188 138 255 255 0
    255 0 0 255 255 0 0 0 255 0 255 0 0 0 255 0 0 255 255 255 0 255 0
    255 0 255 255 255 69 0 0 0 255 0 255 0 0 255 241 0 0 255 255 0 255
    61 0 255 0 145 0 255 0 98 255 0 247 0 255 132 0 204 255 0 96 255 0
    255 0 0 255 0 255 0 0 255 0 246 0 70 50 255 0 255 0 255 225 0 0 255
    0 192 0 0 255 255 0 255 0 255 0 255 0 255 0 147 255 0 45 255 255 255
    255 0 0 0 255 0 255 0 255 215 255 255 0 0 255 255 0 60 78 255 255 0
    255 0 255 97 255 70 255 0 246 255 255 198 0 207 208 238 214 255 0
    244 255 0 0 255 0 0 255 0 255 0 0 255 255 0 255 190 93 52 0 0 255 0
    255 255 128 255 0 255 0 0 255 255 0 236 161 255 0 218 0 0 255 255 0
    255 0 35 255 160 255 0 255 0 255 0 48 0 0 255 255 197 0 255 0 255 0
    255 255 0 255 255 0 255 0 0 255 255 0 255 255 0 0 0 27 166 255 255
    171 255 34 255 0 79 0 51 109 255 255 140 119 255 0 255 0 0 255 0 219
    0 198 80 255 0 255 0 0 255 0 255 176 225 255 0 255 0 137 255 255 0
    113 0 92 255 0 255 0 255 175 255 0 128 255 0 255 0 0 255 0 255 255 0
    255 255 0 0 255 255 0 0 192 255 0 210 201 154 94 255 255 242 255 0
    255 124 0 255 0 0 255 160 255 0 255 255 0 152 175 0 255 255 13 255
    255 255 0 0 255 0 0 0 255 255 0 35 255 52 255 0 255 0 255 84 0 255 0
    0 92 185 200 23 0 255 0 255 0 255 255 0 0 255 0 0 255 233 0 0 0 0 0
    0 0 0 0 4 131 0 77 0 56 137 255 0 0 250 255 255 86 0 198 0 255 75
    255 204 0 255 0 195 188 255 0 255 255 116 255 0 0 0 255 0 0 255 0 0
    255 255 0 255 214 0 255 0 198 255 255 64 255 0 255 40 255 0 255 249
    0 255 126 224 0 0 255 255 0 0 255 255 0 255 255 0 255 0 255 0 22 0
    255 0 0 70 255 255 21 0 255 255 0 255 255 0 255 0 255 0 141 0 0 255
    0 255 255 255 0 0 40 255 60 255 36 255 0 255 0 23 0 143 255 255 110
    0 0 255 255 198 0 147 255 255 0 245 255 217 255 83 0 255 255 76 0
    255 49 255 0 255 0 0 255 0 255 255 0 0 255 0 188 0 0 255 0 255 141
    255 0 255 0 0 162 26 0 255 0 0 0 255 119 12 255 255 0 255 164 255 0
    255 0 0 0 115 255 28 255 0 255 255 110 0 242 0 0 255 148 255 0 255
    107 255 0 0 255 0 0 255 0 255 0 255 0 149 0 255 0 0 255 10 129 47 0
    0 255 0 255 0 62 151 0 0 255 0 12 255 85 0 255 255 0 255 255 255 0
    255 15 255 255 0 0 255 45 255 255 255 0 255 0 0 255 0 255 255 255 0
    0 255 255 85 0 221 255 255 0 0 0 171 255 255 0 255 219 0 255 0 255
    36 255 0 0 255 0 208 255 0 208 0 255 0 0 255 255 0 255 0 235 0 84
    255 11 255 0 0 255 0 173 0 0 255 0 131 255 255 0 0 255 0 0 0 255 0
    255 0 0 255 0 255 255 0 255 0 255 0 255 255 0 255 0 0 255 255 0 255
    0 255 0 0 0 255 255 0 255 0 255 0 255 255 91 255 0 255 116 0 255 154
    255 0 255 0 255 0 0 187 0 255 255 0 155 0 120 255 152 0 110 0 255 0
    255 0 0 255 255 214 13 0 126 0 255 15 255 254 255 0 255 0 255 0 255
    6 0 255 179 255 106 255 0 233 235 255 0 0 109 170 255 255 0 0 255 0
    0 255 0 255 255 0 0 0 0 77 255 76 0 255 255 255 213 243 0 0 0 82 255
    0 0 255 255 0 76 255 0 255 255 199 0 255 0 255 255 255 0 255 0 60 0
    255 146 255 0 0 255 0 255 255 255 255 0 255 0 255 0 71 255 0 78 0
    255 0 236 255 6 0 255 255 255 0 255 255 0 255 151 0 202 0 0 0 237 0
    123 255 0 112 148 97 0 0 255 0 247 0 0 255 0 77 184 0 255 255 64 255
    0 255 87 255 0 255 0 255 0 255 73 255 255 255 139 0 255 255 0 255 0
    255 0 255 164 0 0 235 0 255 0 0 255 255 255 169 0 255 237 255 255 0
    0 0 255 0 54 187 255 255 255 71 0 0 29 255 0 249 0 0 255 0 255 0 0
    157 0 0 0 255 0 0 255 0 255 34 251 0 255 255 0 186 255 0 0 228 255 0
    0 35 0 255 0 2 255 0 93 211 255 0 0 0 255 242 28 0 255 215 0 0 255
    255 0 255 0 0 255 0 255 83 0 180 236 0 255 0 255 0 255 0 0 0 28 255
    255 0 255 244 255 6 0 0 255 232 0 255 255 0 255 215 0 255 121 255
    255 255 0 255 0 255 0 0 0 0 255 26 255 0 0 255 255 0 255 255 125 255
    255 0 209 255 199 83 92 0 255 147 255 255 0 0 255 156 40 255 255 0
    22 255 0 255 0 255 27 0 255 219 0 255 255 255 0 255 0 255 0 0 0 255
    255 0 255 0 0 38 255 0 255 0 0 0 0 255 222 0 0 255 211 102 255 0 255
    114 255 147 255 255 255 255 0 255 133 255 11 0 105 0 255 18 255 0
    165 0 222 255 255 0 161 63 0 255 0 226 19 96 255 255 247 0 255 249
    255 255 0 255 255 0 255 95 255 0 255 255 255 0 0 0 177 0 255 45 255
    255 255 255 0 0 255 151 255 255 0 255 0 139 255 255 22 255 0 255 255
    0 255 255 167 255 255 255 0 255 255 0 255 0 228 0 0 255 0 0 255 255
    255 255 26 102 205 0 0 38 255 0 255 0 0 255 255 255 221 255 0 255
    255 255 240 255 0 0 255 255 152 151 0 255 116 141 236 0 255 44 167
    255 0 255 255 0 0 0 255 0 0 255 0 111 124 255 0 0 0 255 0 182 255 18
    0 0 199 0 0 255 0 0 255 255 0 255 255 0 255 197 255 255 0 0 255 13 0
    255 0 0 132 8 0 255 255 38 12 0 0 255 0 183 0 255 59 0 255 26 0 11 0
    255 0 255 255 0 255 0 0 0 255 120 255 0 110 0 255 255 237 255 255
    255 255 49 131 255 103 255 255 255 0 220 45 255 255 255 0 255 255
    255 255 0 249 255 255 0 0 151 0 0 255 60 0 0 255 255 0 255 255 255 0
    255 0 236 0 108 255 255 124 255 0 0 0 242 255 0 0 255 0 255 255 0
    255 204 0 0 255 0 234 0 0 255 0 113 0 255 0 255 0 255 255 118 0 255
    0 255 0 255 0 0 0 38 255 163 0 36 245 255 100 255 0 0 255 0 255 0 0
    255 255 0 255 0 0 255 255 0 178 0 0 0 255 0 255 230 0 251 255 0 0 0
    255 0 255 255 0 255 0 0 255 0 0 255 0 5 1 0 0 255 0 119 255 0 255 0
    255 0 213 32 143 255 0 143 255 0 255 0 255 0 255 0 185 255 0 255 30
    255 255 255 0 255 255 129 252 255 0 255 0 255 0 58 255 0 0 255 255
    137 255 0 0 0 255 76 0 0 255 59 0 0 0 0 255 0 255 78 255 255 255 0
    255 0 0 255 0 0 0 0 0 255 255 255 0 255 27 0 255 0 247 221 255 0 255
    255 0 255 0 255 0 255 91 72 0 255 130 0 0 0 199 0 255 23 0 112 255
    255 0 255 255 7 187 0 255 0 0 0 232 0 24 255 0 255 0 255 255 0 255 0
    67 162 0 73 255 0 13 69 0 0 0 255 255 9 0 255 0 255 0 0 255 0 255 0
    250 255 255 0 197 0 0 2 255 0 255 0 255 255 0 255 255 0 255 0 255 0
    255 0 255 0 0 255 255 0 255 2 0 0 255 255 0 255 0 0 0 255 255 0 94 0
    255 0 255 154 0 0 255 255 0 243 255 227 205 0 0 255 0 255 255 0 118
    136 255 0 255 108 234 255 203 255 231 0 255 0 0 0 255 255 90 0 255 0
    255 244 255 255 0 255 255 0 255 0 255 0 2 255 0 0 0 0 57 0 255 115 0
    255 0 255 0 255 0 0 255 0 0 0 255 0 255 25 0 0 255 0 0 255 255 0 0 0
    255 255 102 0 0 229 0 0 255 255 0 144 255 255 0 0 84 255 255 0 255 0
    0 0 164 0 0 255 0 0 255 0 255 255 0 125 255 0 0 0 0 255 16 255 0 255
    255 0 255 255 9 0 255 0 255 0 0 255 0 0 255 0 255 81 255 0 0 0 255
    255 255 255 0 255 0 0 0 196 9 255 255 0 122 255 0 255 152 255 255 0
    255 0 130 255 0 255 0 255 0 0 0 255 255 0 51 255 255 255 0 0 0 255 0
    164 255 255 0 255 0 255 0 255 0 255 255 0 255 0 136 0 255 0 255 0
    255 0 0 197 255 143 0 255 0 200 76 0 115 255 0 0 255 0 255 0 255 93
    255 0 255 255 255 0 0 255 0 255 0 255 0 0 0 255 176 0 0 255 0 0 255
    255 0 108 0 255 0 255 255 255 0 255 79 255 255 0 0 0 0 0 0 255 206
    255 0 0 117 255 255 255 0 0 0 255 255 0 255 93 0 255 184 255 0 0 0
    255 255 0 0 255 237 255 0 0 255 0 255 0 255 0 181 98 255 255 255 255
    0 255 250 0 255 57 255 0 0 255 0 49 220 255 255 255 0 0 255 255 0
    170 255 255 13 0 255 160 0 255 0 0 0 255 119 255 208 0 255 255 0 255
    255 0 255 0 255 255 0 255 20 255 255 38 0 255 255 0 167 255 0 0 0
    211 255 0 75 255 255 0 255 255 255 0 183 0 0 64 226 0 255 0 0 0 255
    0 116 0 255 0 255 64 0 255 255 0 157 255 255 0 0 255 233 0 255 220 0
    0 0 0 255 255 0 185 0 108 0 255 0 255 255 255 255 0 12 34 255 0 255
    0 255 0 0 255 255 0 0 255 0 255 255 196 255 255 0 255 0 248 255 255
    255 0 255 0 0 138 0 255 0 86 255 159 255 255 255 0 0 255 29 139 0
    154 255 0 255 0 255 0 255 107 0 255 0 224 161 0 255 0 39 0 0 0 255
    13 0 255 255 0 255 255 0 255 0 59 0 0 255 255 255 255 196 255 0 0
    255 255 255 0 10 0 181 255 0 0 255 29 255 20 255 0 255 0 255 216 255
    0 255 255 0 255 0 0 255 255 221 255 0 255 0 0 255 0 255 0 0 255 255
    0 255 201 0 46 0 255 201 0 255 255 0 17 0 181 0 255 0 0 0 71 0 0 0
    255 0 231 169 255 255 255 0 255 162 255 0 255 0 6 255 0 0 255 0 81
    255 0 0 0 255 0 217 0 255 0 0 255 0 255 0 77 255 0 183 0 0 0 255 0
    255 0 0 0 255 0 255 255 0 255 255 255 0 156 0 255 255 104 0 255 0 98
    0 0 91 255 8 148 0 255 0 255 27 255 238 255 0 255 255 255 0 54 0 0
    255 255 255 0 255 0 0 255 0 255 0 255 0 255 0 255 0 0 255 0 0 0 255
    0 0 0 0 255 0 0 255 0 159 0 0 0 0 255 255 0 140 91 255 0 255 0 0 0
    255 0 0 255 0 165 255 62 19 0 255 108 128 159 0 94 0 0 0 255 85 255
    0 255 0 20 0 0 255 255 0 255 255 0 255 0 0 0 255 0 255 255 255 255
    179 70 0 255 114 194 255 80 80 23 255 255 255 255 0 255 0 255 0 2
    244 255 0 69 0 255 0 0 0 255 0 90 255 170 0 152 0 255 0 255 0 0 32
    255 0 255 66 255 0 255 0 0 255 0 255 46 255 0 255 0 89 0 0 0 255 0
    255 0 255 255 255 0 255 255 255 255 0 255 255 0 255 0 255 0 0 255 0
    255 255 0 0 255 255 152 34 255 255 255 255 255 255 255 182 0 255 0 0
    255 255 0 2 255 0 21 255 255 196 0 0 255 0 255 190 255 212 0 255 213
    255 139 255 255 0 255 255 0 110 255 255 38 255 255 0 255 76 255 0
    255 0 255 255 0 0 255 255 0 255 255 0 255 0 20 0 255 27 65 255 0 0
    255 255 77 255 0 255 197 255 255 0 255 255 255 0 255 255 255 0 6 255
    5 255 255 255 0 168 255 79 255 255 255 255 0 255 255 255 129 100 0
    14 255 0 255 244 111 255 0 255 255 0 0 255 255 0 255 255 0 255 93
    255 255 234 130 0 0 255 1 241 148 255 36 255 0 255 0 84 0 184 255
    255 0 45 0 167 50 0 0 255 255 255 0 255 0 255 255 34 0 255 0 0 0 255
    0 0 255 65 255 0 0 0 255 122 0 0 255 0 255 55 90 0 91 115 255 0 255
    255 255 0 255 0 255 255 0 0 255 255 0 0 255 0 0 0 0 0 255 0 255 0
    255 172 255 0 255 255 255 0 0 0 0 255 0 0 255 255 134 255 255 0 250
    85 255 255 0 0 0 255 255 51 0 0 0 0 255 161 0 75 0 255 215 70 255 0
    0 255 0 0 255 10 144 0 255 0 45 255 0 255 0 0 255 255 0 0 255 0 0 38
    143 0 255 0 255 0 255 0 0 255 50 0 0 255 255 0 0 255 0 255 255 0 0
    255 0 255 0 255 0 0 255 255 0 255 182 0 255 0 0 255 189 0 0 255 255
    255 0 0 0 255 255 255 0 255 0 0 255 255 0 255 0 255 0 0 113 0 255 0
    0 255 13 0 255 0 255 0 255 0 255 255 0 0 255 255 0 0 0 0 0 255 0 255
    199 255 255 0 255 0 255 212 0 255 0 224 255 118 0 44 245 0 255 0 134
    255 175 255 0 255 0 255 255 0 0 255 255 162 255 255 0 255 0 141 255
    0 47 164 255 0 21 0 255 0 44 208 0 255 0 97 255 0 146 0 255 255 0
    255 0 255 255 0 0 0 0 255 0 0 81 48 255 255 0 255 62 0 0 255 0 255 0
    255 62 255 0 255 0 0 0 255 255 0 255 0 196 255 255 255 0 160 255 0
    164 0 0 64 255 255 0 0 255 93 255 0 255 255 255 0 255 30 255 0 255
    255 0 255 0 255 18 255 195 0 255 0 255 255 0 250 0 65 255 255 201
    144 255 255 245 34 164 255 0 0 0 255 0 0 255 0 0 255 0 0 0 255 255
    216 255 0 255 0 255 0 255 0 0 0 255 0 0 0 255 0 40 255 255 0 255 255
    0 15 0 255 0 0 255 182 121 230 0 255 255 133 139 0 255 255 0 255 0 0
    255 0 0 255 0 255 255 231 168 11 255 0 255 0 255 0 255 0 0 0 255 255
    0 255 228 139 0 255 255 0 255 0 255 0 255 0 0 255 0 0 255 0 0 255 0
    0 0 255 255 207 0 255 0 0 255 0 255 0 0 255 0 255 0 0 222 255 0 255
    0 196 255 0 255 109 255 28 70 0 255 0 0 255 255 103 0 0 0 255 0 255
    0 255 255 62 255 255 0 178 255 0 255 255 71 151 0 0 0 0 255 0 255
    255 72 255 210 0 255 0 0 255 255 255 255 0 255 0 255 255 0 255 255 0
    0 255 255 0 255 255 255 255 0 255 0 0 0 255 255 0 0 255 0 0 0 0 255
    0 254 0 255 0 255 255 0 111 255 0 255 0 0 0 255 255 255 0 255 0 65
    255 0 255 255 0 255 255 255 184 0 255 61 0 0 0 101 255 0 0 255 255
    88 0 255 0 225 205 255 255 0 255 255 255 0 12 0 255 0 195 255 0 0
    255 255 255 0 255 255 99 0 0 255 0 188 255 255 171 222 255 127 97
    255 247 0 15 255 0 255 251 0 255 255 255 0 255 153 0 152 203 255 0
    255 0 255 0 0 171 0 255 0 255 255 255 0 144 0 255 255 255 0 19 255
    255 0 255 147 0 0 0 0 255 42 0 255 137 133 255 0 0 255 0 255 0 0 255
    136 126 0 255 0 255 0 142 255 0 0 181 232 0 232 68 0 217 255 116 255
    0 255 0 255 0 255 255 255 0 255 255 255 0 255 0 0 0 255 255 255 69
    255 255 255 0 0 98 16 0 255 255 0 255 74 0 164 0 255 255 128 238 0 0
    163 101 255 0 171 0 217 84 0 0 255 66 139 166 255 0 255 35 255 0 255
    0 240 0 164 0 255 0 0 255 0 117 255 0 0 0 255 255 255 0 255 255 92
    255 104 255 255 255 255 152 86 24 0 228 0 255 0 255 0 255 0 250 65
    61 27 73 255 0 186 0 0 255 149 0 0 255 0 0 0 255 255 255 91 82 255
    255 188 0 117 0 255 88 165 0 255 0 0 255 236 0 16 255 0 0 168 255 0
    255 0 146 0 255 78 255 129 0 141 0 0 0 255 226 230 255 0 255 0 255
    252 205 0 255 0 255 0 0 0 0 255 255 0 255 243 255 42 255 0 255 0 255
    0 235 0 131 255 0 27 255 48 0 255 255 0 255 0 0 104 255 0 255 5 18
    255 0 0 255 255 0 255 255 0 0 0 0 255 0 255 36 255 155 1 93 0 255 0
    255 255 0 255 80 0 0 255 255 255 199 0 0 255 0 255 0 255 0 0 255 0 0
    88 0 255 255 0 255 0 255 0 255 255 255 153 0 255 0 143 0 0 255 255
    255 255 255 0 162 255 0 0 255 0 255 0 144 255 0 255 205 255 255 255
    255 0 120 0 255 255 255 0 0 255 0 255 255 255 0 255 0 90 218 168 255
    0 255 0 255 255 0 255 255 0 0 154 0 178 0 0 255 0 0 255 0 255 0 255
    0 0 0 0 0 255 255 0 0 255 0 9 8 255 0 255 255 0 255 33 255 255 0 255
    0 10 255 255 255 255 255 255 255 255 255 255 239 0 255 0 218 139 0
    121 255 0 199 255 0 255 0 147 106 0 0 255 0 255 0 145 189 255 0 0
    150 74 0 255 0 255 0 255 0 0 0 13 0 197 23 255 255 255 135 255 0 255
    0 255 0 255 0 103 0 255 141 0 255 0 255 221 119 0 0 255 0 0 19 0 255
    0 255 0 62 0 165 255 0 255 201 255 0 255 120 255 255 195 255 255 255
    0 0 0 255 72 255 93 207 0 255 174 213 134 149 255 0 187 255 0 0 0 97
    0 0 255 255 0 0 255 0 255 1 255 255 0 255 75 0 255 0 255 0 106 0 255
    0 0 0 0 190 255 12 126 77 255 255 255 0 255 0 255 255 0 255 0 255
    255 0 255 207 255 4 255 0 0 86 251 255 0 255 0 255 0 0 0 151 255 255
    55 0 255 0 0 0 0 255 247 66 0 29 255 108 0 2 255 0 255 255 238 255
    176 240 0 255 255 255 0 255 255 0 255 255 255 223 0 48 0 255 0 255
    255 255 255 255 0 255 255 0 188 184 0 184 0 255 0 0 0 255 0 224 188
    0 0 0 0 255 0 230 255 0 0 0 255 70 0 0 255 0 255 0 255 0 255 0 0 255
    121 0 216 255 191 255 0 255 79 255 0 0 255 0 255 0 0 255 0 0 255 0
    97 255 255 107 255 99 255 0 255 0 255 0 255 0 122 255 175 255 255
    255 0 0 178 255 0 204 255 255 255 122 255 255 206 255 0 255 117 0
    255 0 255 12 255 255 0 255 255 150 0 255 143 7 0 255 255 0 255 0 178
    255 0 255 0 234 0 243 255 255 0 255 0 255 0 0 255 198 0 255 255 255
    255 255 0 255 255 0 255 67 255 0 0 0 255 255 255 255 0 255 0 178 0
    255 61 0 255 0 255 255 0 255 255 0 0 255 0 0 255 0 255 0 255 0 0 0
    40 255 0 0 255 0 255 255 0 255 136 10 255 0 255 0 255 0 255 255 0
    255 0 255 255 255 0 255 0 255 18 0 255 0 255 0 255 131 109 0 182 255
    239 211 255 0 255 0 0 0 255 255 0 0 0 255 0 0 255 0 255 0 255 0 0 0
    255 0 255 255 0 255 0 0 255 255 255 0 255 0 255 255 255 205 0 255 93
    255 255 132 0 255 0 255 255 0 0 255 132 255 0 0 149 255 0 255 252 95
    0 255 255 13 0 0 226 0 125 0 255 0 255 0 255 0 255 0 0 21 255 0 0
    255 0 214 126 255 168 0 255 0 193 255 0 0 0 255 143 0 0 0 255 0 168
    255 18 0 255 255 255 0 255 255 0 34 255 0 0 0 255 0 255 255 0 255 0
    255 204 197 0 247 255 0 255 24 0 213 96 115 0 255 255 255 0 0 0 0
    103 158 255 0 255 0 255 0 155 224 255 0 255 0 0 255 91 0 255 0 0 255
    0 0 255 255 240 255 255 2 0 255 255 0 255 0 255 0 255 0 0 0 255 0
    255 0 255 255 115 0 0 255 0 82 0 255 0 0 90 255 0 0 255 255 0 255
    255 0 255 47 0 255 0 255 255 0 255 0 89 0 0 0 255 0 255 0 255 0 0 0
    255 0 255 255 0 255 0 255 0 255 0 255 202 0 227 0 255 0 255 255 0
    255 0 255 255 0 60 0 255 133 0 162 0 255 0 255 11 255 13 0 0 255 0
    255 0 255 255 0 0 255 0 0 24 174 193 255 255 0 0 255 234 223 255 0
    181 255 255 255 255 255 0 255 0 0 0 0 255 0 255 255 0 0 255 255 255
    0 255 255 0 255 226 109 255 0 255 0 255 0 255 0 180 0 255 255 0 0
    160 58 0 99 0 255 255 0 255 106 189 19 240 0 255 255 255 0 255 255 0
    255 0 51 186 56 255 0 255 0 255 0 0 174 0 0 255 255 255 239 190 0
    205 0 0 255 255 255 255 158 255 0 255 136 31 0 28 255 0 0 255 253
    255 61 159 0 0 0 27 255 0 255 13 0 255 255 0 255 0 227 0 255 0 255 0
    0 0 255 0 255 0 255 0 255 0 255 0 255 255 255 255 255 255 255 255 0
    255 255 255 0 255 255 0 155 255 255 0 255 255 0 255 0 255 0 255 255
    190 173 0 0 255 0 0 0 0 255 255 0 40 255 255 0 0 255 255 0 0 255 0
    255 0 17 255 0 255 0 0 255 82 0 0 255 255 0 255 255 0 255 0 218 109
    0 0 0 0 255 246 0 0 0 0 255 255 0 255 0 255 53 0 255 0 255 255 0 67
    0 0 255 255 255 0 255 0 0 99 0 0 255 0 0 0 255 0 68 0 0 25 49 0 0
    255 0 255 255 0 255 0 255 0 2 255 255 255 0 255 0 255 0 255 0 255 0
    235 255 0 255 0 8 0 255 255 0 255 134 255 255 0 52 255 0 255 0 255 4
    0 61 0 255 0 255 255 0 255 0 51 0 0 255 255 255 128 208 0 34 0 255
    255 179 255 29 255 255 255 33 160 255 0 184 190 255 255 0 255 206 83
    0 255 255 0 0 240 0 255 255 255 0 140 0 53 0 0 255 255 255 0 255 0 0
    255 0 153 0 255 255 0 0 255 4 0 118 255 0 255 255 0 0 35 65 255 0
    255 255 0 255 0 215 0 195 0 255 0 255 255 0 0 255 0 81 255 0 32 0
    255 0 255 255 53 0 0 0 0 0 255 255 0 255 0 0 255 255 211 0 0 57 209
    0 255 0 255 46 0 255 21 0 255 0 255 0 255 0 0 0 0 220 223 0 96 0 255
    0 0 0 255 255 0 0 255 0 255 255 10 255 204 255 0 255 255 0 255 0 72
    0 255 227 255 194 255 0 0 255 255 255 211 0 0 255 255 0 0 255 0 255
    2 255 0 255 0 255 0 196 221 0 255 255 239 255 0 0 79 0 252 255 255
    14 255 72 254 0 255 255 0 124 0 82 111 35 255 23 255 0 0 136 164 0 0
    0 255 252 0 255 154 0 255 0 0 255 255 255 65 255 0 255 0 255 255 169
    0 255 0 255 248 255 135 0 255 0 168 33 255 0 255 255 0 0 228 224 0 0
    255 12 222 0 198 0 255 79 0 105 234 83 0 255 255 0 0 0 255 226 255 0
    0 239 255 0 255 255 255 0 201 0 0 0 0 0 49 0 0 255 255 0 140 0 0 195
    255 0 198 0 255 255 0 255 38 0 255 174 0 75 255 255 0 0 219 0 0 0 0
    255 6 213 255 0 143 235 0 255 0 255 0 123 0 255 255 255 255 0 7 255
    56 255 255 0 0 255 0 255 0 255 127 0 255 255 0 0 255 255 19 0 255
    255 194 146 255 0 0 251 0 255 166 95 255 255 112 255 0 255 255 0 0
    255 0 255 0 0 0 101 199 255 0 255 0 255 55 0 255 98 255 0 0 255 0
    255 119 215 0 93 0 255 255 0 255 0 0 255 255 255 93 255 255 0 0 0
    255 255 0 255 255 255 106 231 0 0 255 255 255 0 255 0 255 0 255 0
    255 0 0 255 0 128 0 255 255 0 0 0 0 182 164 255 255 255 255 255 137
    214 0 0 0 255 255 0 105 202 0 255 161 0 200 0 255 0 255 0 15 180 17
    255 0 0 255 255 249 255 255 0 0 0 193 0 0 255 0 255 0 0 255 0 255
    186 0 255 106 255 0 32 255 0 255 0 255 0 255 255 0 0 255 0 255 111
    255 198 0 255 0 255 0 255 255 255 195 0 255 216 0 0 99 131 255 255
    255 255 0 0 199 0 0 255 144 0 97 0 0 255 255 255 0 62 255 255 255
    255 167 255 255 0 0 255 59 0 0 251 255 0 255 0 0 255 0 243 0 0 255
    255 0 255 0 0 255 0 0 43 255 0 255 213 0 0 255 0 0 0 255 0 0 255 0
    255 0 255 0 255 255 0 255 255 0 123 0 0 255 0 255 0 255 0 255 0 255
    0 81 0 255 0 255 141 255 255 255 0 0 97 255 255 255 77 0 0 255 205
    110 0 0 203 0 255 255 0 255 255 255 0 255 255 255 0 255 255 0 255
    255 0 0 255 255 0 0 0 255 0 255 0 70 255 255 255 245 0 106 255 87
    255 255 0 255 255 0 0 87 255 0 255 0 0 255 0 255 140 255 0 255 0 0
    255 95 255 255 0 15 255 255 0 58 171 255 208 255 239 0 255 255 0 255
    0 255 0 142 0 0 0 255 132 255 255 112 44 255 24 255 255 0 0 255 210
    0 255 255 0 0 150 255 0 255 0 0 255 0 0 138 0 255 0 255 255 0 0 255
    126 255 255 0 214 255 0 255 244 255 255 13 0 255 0 255 0 0 19 255 0
    255 0 255 255 255 0 0 255 255 255 0 255 255 0 255 0 255 0 0 0 255 0
    255 255 255 0 255 33 20 0 255 0 0 0 255 246 255 0 163 255 0 255 0
    255 255 255 0 255 255 0 0 255 0 255 255 255 0 255 255 255 0 0 255
    255 0 255 0 0 0 0 255 255 255 0 255 0 255 0 255 0 255 255 0 255 0 0
    255 210 0 191 255 0 44 255 255 0 255 0 255 255 0 255 0 255 255 255 0
    0 0 255 198 255 148 0 0 255 0 42 0 0 0 183 0 0 205 0 130 122 0 255
    255 0 255 255 255 255 246 222 58 202 0 255 0 127 137 198 255 0 255 0
    255 0 0 240 255 255 0 255 255 0 255 0 255 0 0 0 0 255 255 255 0 0
    255 255 181 214 0 255 0 255 0 0 255 89 178 255 89 41 107 0 63 175 0
    160 153 255 255 0 255 255 0 0 255 0 104 255 0 255 0 0 0 0 255 0 255
    0 255 101 250 255 0 255 255 255 255 183 0 255 0 255 0 0 255 255 0
    255 0 255 255 255 0 255 0 255 0 0 255 0 0 255 0 0 0 255 255 0 255 0
    0 0 73 0 0 255 0 0 0 75 255 0 9 98 255 0 255 255 0 180 210 255 0 255
    0 0 169 255 255 203 215 254 111 0 255 0 255 255 0 0 255 0 0 0 255 0
    255 0 255 0 255 0 255 0 255 111 255 0 208 255 0 255 0 255 255 0 255
    105 0 255 3 255 197 0 255 0 44 255 255 255 227 0 255 70 255 255 255
    0 0 255 0 177 0 255 5 255 255 255 0 255 255 0 255 0 255 255 0 255
    255 0 253 205 255 255 106 255 18 255 255 0 255 194 0 4 255 0 255 0 0
    0 0 255 119 189 0 0 255 0 255 0 0 255 0 0 0 0 255 255 0 0 255 255 0
    0 255 0 0 0 0 255 218 114 0 255 18 255 0 31 255 0 255 255 0 255 0 0
    255 0 255 244 187 0 0 255 0 41 233 255 0 255 255 0 0 6 255 0 0 255 0
    255 0 0 255 0 255 104 0 255 227 0 255 255 255 14 255 246 0 255 221
    255 0 0 0 255 234 173 255 255 0 255 0 0 255 131 45 0 255 0 255 255
    177 0 58 255 255 0 0 255 166 255 0 0 0 13 125 0 255 0 0 255 255 0 0
    170 201 255 0 255 0 0 50 255 0 0 255 255 0 255 0 255 251 255 0 255 0
    0 255 255 0 0 0 255 0 0 255 255 0 255 0 60 0 255 255 0 181 193 0 0
    187 255 255 255 0 0 0 0 255 0 255 203 0 255 0 0 20 0 255 0 255 255 0
    255 0 31 0 0 255 134 255 0 0 177 0 255 255 0 255 0 255 0 255 0 255 0
    0 86 0 255 0 255 0 58 0 0 255 0 0 190 0 0 255 0 255 0 255 255 205
    255 255 249 255 225 255 0 255 255 72 255 210 102 224 255 255 255 0
    255 255 0 0 255 255 69 255 0 255 238 0 110 0 255 255 0 255 255 0 0
    213 0 157 255 0 0 0 255 0 255 255 0 255 0 0 0 255 255 0 0 0 255 255
    104 255 255 0 0 255 0 0 255 255 255 0 222 255 0 255 0 255 22 206 0
    255 0 222 0 0 255 0 255 255 0 0 0 255 0 55 0 0 255 0 65 255 255 0 0
    0 98 255 0 255 0 255 255 0 76 255 0 0 255 0 0 255 150 255 255 0 0
    255 206 255 0 255 166 0 255 0 255 0 255 255 44 255 0 0 255 255 0 255
    0 154 255 245 255 255 0 255 225 255 0 120 220 255 255 148 0 255 195
    179 0 255 0 255 0 255 0 0 255 204 0 177 238 255 0 255 255 0 255 0 0
    26 234 0 72 0 0 255 245 0 0 101 255 0 255 0 255 221 0 255 0 255 0
    255 0 255 0 255 255 255 0 0 255 255 255 0 255 0 0 60 0 120 255 255
    119 113 255 164 198 200 255 0 255 0 255 255 178 255 0 0 255 0 255
    207 236 255 72 255 255 0 0 48 255 0 164 0 0 79 255 0 0 0 219 211 0 7
    255 0 137 255 0 255 255 0 0 255 0 255 0 255 0 0 0 255 0 255 255 255
    0 255 0 255 0 210 255 0 188 255 0 255 0 255 255 0 255 0 5 255 244 0
    104 98 0 0 127 255 0 0 247 189 107 0 0 255 72 0 0 250 121 255 47 255
    255 255 0 255 32 255 0 255 0 0 255 255 255 255 0 255 0 0 254 0 255
    255 255 0 255 210 255 255 0 255 0 0 21 0 255 213 34 42 255 255 0 255
    0 255 0 0 255 0 220 156 255 36 255 0 0 0 255 161 0 255 255 0 255 0
    255 255 0 70 0 107 255 98 154 0 255 0 0 0 0 0 255 0 255 0 211 0 0 0
    255 0 255 255 254 255 0 0 255 102 0 255 0 255 255 0 255 0 255 255 0
    255 255 255 0 255 255 255 47 222 255 255 175 0 0 0 255 0 190 0 255 0
    255 0 111 255 0 30 255 255 0 255 0 255 190 255 255 0 0 255 0 0 0 255
    0 255 0 255 0 255 49 254 255 0 255 0 255 255 0 0 3 0 87 0 0 255 255
    24 0 0 255 0 255 255 233 255 255 238 255 0 255 0 0 255 91 0 255 255
    0 255 0 253 255 0 255 106 100 255 255 0 255 255 0 255 255 0 255 0
    255 255 0 255 0 255 108 0 165 255 0 0 0 255 0 0 0 154 0 255 0 0 193
    154 255 40 0 255 20 255 255 0 0 0 255 0 0 39 0 198 0 255 0 0 255 132
    0 0 255 0 255 255 0 105 154 255 255 63 255 228 0 131 0 0 255 255 0 7
    165 255 0 255 138 255 255 0 255 0 255 163 255 0 255 155 0 255 0 0
    141 251 255 0 255 0 255 0 0 0 193 0 0 66 255 0 0 255 0 255 255 60 32
    0 255 255 0 52 255 243 0 255 0 255 0 255 0 38 255 0 0 255 0 101 0 0
    255 0 234 0 255 0 255 0 255 255 0 0 255 255 255 89 0 0 255 0 47 0 0
    0 0 0 255 178 255 255 0 255 0 255 0 0 179 255 0 0 168 0 75 93 255 0
    255 0 255 0 255 255 0 111 255 0 255 0 255 0 17 255 255 255 0 0 43 0
    255 98 255 0 0 2 0 255 0 0 255 0 255 149 255 255 0 255 0 183 182 255
    157 255 0 255 38 255 146 194 255 255 0 255 0 0 255 0 0 255 0 255 255
    0 89 26 0 255 0 255 0 93 255 145 0 255 126 0 255 72 0 0 0 0 255 147
    0 58 255 0 226 255 255 0 0 162 29 0 133 0 255 0 0 255 0 0 255 255 0
    98 255 0 157 7 0 255 0 255 0 0 255 255 252 0 0 255 255 0 255 0 133
    255 0 255 255 150 0 255 0 255 0 16 255 0 255 255 0 255 0 0 0 255 0
    146 255 255 0 0 255 0 0 255 255 0 0 255 0 83 255 0 255 0 0 255 0 0 0
    255 118 255 255 0 255 255 0 255 0 255 0 255 0 255 255 247 23 0 255 0
    0 255 0 255 0 0 0 255 1 179 255 255 161 48 61 0 0 255 255 0 255 255
    0 0 255 0 0 67 0 255 0 0 255 197 255 209 211 255 0 255 0 255 254 207
    0 255 54 0 255 0 255 148 54 0 0 249 0 0 255 255 0 255 255 0 138 255
    255 255 115 255 146 0 69 0 241 255 0 255 0 255 0 0 255 0 0 255 0 199
    0 167 255 0 233 0 255 0 155 255 255 255 0 0 255 255 255 45 254 0 0 0
    15 153 0 255 203 45 38 255 255 0 214 169 0 255 255 0 190 0 255 0 0
    120 0 255 0 255 0 11 255 255 0 255 0 255 255 255 0 255 0 255 0 255
    81 0 255 255 0 255 255 255 255 0 255 55 0 0 71 0 185 255 53 0 232
    255 0 0 255 255 255 3 0 255 0 0 0 255 0 32 68 255 31 0 0 200 255 57
    255 255 0 255 0 255 67 143 255 0 31 255 255 0 255 255 0 255 0 255 0
    255 55 237 0 255 0 255 0 0 255 255 0 0 64 0 255 255 255 0 255 0 249
    184 0 0 255 0 107 0 255 0 255 0 0 255 71 255 0 0 255 255 0 180 199 0
    195 0 255 117 0 255 172 0 255 170 255 0 65 255 0 138 0 255 24 0 255
    0 255 0 255 255 255 220 0 255 169 0 0 0 255 0 255 0 131 255 234 255
    0 255 255 0 255 255 15 0 255 0 12 0 0 0 0 0 0 255 128 0 84 0 255 0
    120 255 255 0 255 0 255 0 255 164 0 0 255 255 255 0 255 0 255 255 0
    255 255 0 0 0 0 0 0 216 0 214 0 255 0 255 229 255 0 255 0 0 0 255 0
    48 255 0 0 0 255 0 0 255 2 255 0 0 255 0 255 0 255 0 255 0 255 0 255
    0 0 0 255 0 0 255 0 255 0 255 0 255 0 255 255 0 0 85 255 0 0 255 255
    255 0 255 98 0 255 0 255 0 52 255 255 0 0 95 233 255 255 0 255 0 255
    0 74 0 255 255 192 255 0 91 0 0 0 242 255 0 195 255 0 237 0 255 0 0
    33 255 0 45 255 255 255 0 255 255 0 255 255 139 0 0 0 74 0 255 0 0 0
    0 255 0 0 255 255 0 255 0 255 255 212 255 255 255 0 0 255 0 222 0
    230 191 0 215 179 255 255 0 255 255 255 0 249 255 0 255 178 13 0 255
    0 180 0 180 255 0 0 255 0 0 255 0 4 24 0 255 0 255 0 255 174 255 5 0
    0 255 255 154 37 0 255 255 0 255 0 0 108 255 0 255 0 255 179 0 255 0
    255 0 0 177 255 0 125 0 144 67 0 50 0 255 255 0 0 245 0 255 0 0 0
    164 58 0 0 255 126 132 27 255 176 57 255 255 255 0 0 255 255 0 255 0
    227 0 255 0 255 255 205 0 255 0 255 0 203 235 255 0 255 0 255 255 0
    1 255 208 255 255 0 48 121 0 0 0 254 41 255 255 0 0 255 0 255 0 255
    0 6 0 0 255 0 255 0 255 0 0 255 0 0 110 255 0 255 0 255 255 0 255 0
    0 224 71 255 0 255 0 0 255 255 255 165 255 0 255 0 227 0 255 0 255
    118 0 255 255 255 111 0 192 255 0 212 0 255 0 255 0 255 0 0 0 0 0
    255 0 255 0 255 0 253 255 0 110 0 255 0 255 0 51 255 255 43 130 0
    113 255 60 219 60 255 0 0 15 255 0 157 42 0 255 226 0 255 255 0 140
    0 9 255 0 1 255 255 255 0 255 64 249 0 132 0 255 40 255 255 0 255 0
    0 105 165 255 80 255 0 223 21 0 255 0 0 0 255 89 255 0 0 255 255 85
    0 0 0 255 0 207 0 143 255 255 199 0 255 255 255 222 255 42 255 87 0
    255 255 255 255 0 77 255 0 0 255 255 255 0 0 164 0 255 0 255 143 0
    244 0 0 189 255 0 0 255 0 255 0 0 255 255 255 0 255 255 0 255 255
    145 230 255 0 255 0 0 232 103 0 0 255 255 50 23 0 231 255 255 227 0
    255 255 74 0 255 0 0 255 58 177 0 225 255 255 2 0 157 255 0 0 255
    226 255 255 0 0 255 0 255 0 76 255 255 255 0 255 0 0 255 0 0 255 0
    255 18 0 0 255 0 0 255 183 0 255 255 0 0 121 191 0 5 0 176 141 0 255
    0 0 255 0 223 0 255 0 241 0 237 0 0 0 0 255 18 255 0 0 255 255 255 0
    255 255 0 0 0 142 255 0 255 0 255 191 0 51 130 255 87 0 0 255 0 255
    0 255 255 255 0 255 0 223 255 0 212 255 0 255 255 255 0 255 0 189 0
    255 85 255 255 0 255 115 0 255 0 255 0 255 255 0 141 251 255 124 0 0
    255 0 154 255 0 255 199 255 255 34 0 0 255 238 79 255 255 0 0 255 0
    255 255 255 255 0 255 0 255 0 255 255 0 24 255 160 0 0 255 0 59 0 0
    255 255 0 193 255 0 255 0 255 255 255 0 255 0 11 0 0 98 255 255 0 0
    255 139 255 255 0 0 255 255 255 0 3 255 0 255 160 255 0 255 255 255
    207 84 255 60 255 0 255 0 46 0 255 255 0 0 255 186 255 159 0 255 255
    0 255 255 0 255 255 255 0 255 0 79 0 0 0 255 255 0 255 0 0 255 0 255
    0 158 153 0 170 0 255 0 0 179 255 255 0 255 45 255 0 0 255 255 0 255
    255 53 255 0 0 255 0 255 0 255 0 99 255 255 0 0 221 255 38 0 0 0 255
    0 0 0 255 0 255 255 255 255 0 255 255 0 163 255 255 0 255 0 255 0
    167 255 255 200 106 0 255 60 0 255 0 255 0 186 255 222 170 255 0 0 0
    0 0 88 255 255 168 255 0 255 0 0 0 168 152 246 23 255 0 255 147 0
    255 0 26 255 0 255 0 255 0 255 0 255 0 141 0 255 0 88 255 0 255 0
    255 0 176 142 57 255 155 0 0 0 255 255 255 33 0 255 230 255 0 0 0
    255 148 247 137 255 219 0 0 255 0 0 127 255 255 0 255 255 129 255 0
    0 255 10 0 255 117 0 0 0 93 0 222 255 0 35 255 0 255 255 255 0 255
    255 255 0 255 0 255 208 83 0 255 25 112 241 0 255 255 0 82 0 188 127
    0 255 0 0 255 0 255 0 0 111 0 0 0 255 0 176 0 0 227 136 110 0 255 0
    255 0 0 0 0 0 255 0 255 0 0 255 112 107 255 0 255 0 255 0 255 0 255
    0 0 255 0 12 0 23 0 0 0 178 0 0 0 255 255 255 0 255 255 101 255 0
    255 0 191 0 255 255 0 0 255 36 255 0 0 146 0 255 0 255 23 0 255 0
    141 0 0 0 62 255 0 255 255 0 255 0 255 255 0 255 0 255 0 80 255 255
    0 0 255 0 184 98 104 255 0 255 108 0 0 255 0 255 152 255 0 255 0 156
    0 255 255 0 255 255 255 0 255 0 255 195 27 68 255 255 0 64 53 0 255
    255 237 255 90 0 255 0 255 127 0 255 0 0 255 0 179 255 0 134 199 255
    0 255 255 0 0 35 255 0 255 58 255 0 196 255 0 255 0 0 255 0 255 0
    224 255 255 80 255 0 255 255 0 0 0 0 255 246 0 255 255 0 255 0 255 9
    184 255 0 255 255 165 255 0 0 0 0 255 0 67 0 255 0 0 0 255 0 255 0
    255 255 0 0 0 0 255 255 0 255 185 194 0 255 102 255 0 255 0 255 255
    255 0 92 90 135 0 255 0 255 0 255 255 0 255 0 187 0 255 255 255 164
    213 0 255 255 228 81 0 0 0 88 255 0 0 255 255 0 255 255 0 255 255 0
    255 0 255 255 255 255 125 255 0 255 0 255 0 0 255 34 255 255 184 0
    128 0 203 187 79 255 0 0 255 94 255 255 0 255 0 88 192 0 255 0 158
    95 0 0 0 255 0 74 255 0 255 0 104 0 255 255 202 255 0 255 255 255 0
    255 142 0 255 0 115 20 0 166 102 0 0 0 255 97 0 255 0 255 255 255 0
    255 255 0 0 255 255 0 255 163 255 224 0 7 185 0 42 255 255 0 0 255
    35 0 255 0 0 64 255 0 255 255 0 0 198 255 0 255 255 255 0 163 255 0
    236 105 0 0 255 0 255 0 0 44 0 255 255 0 255 0 255 0 255 0 0 0 162 0
    207 0 121 255 90 255 255 0 255 0 0 255 255 86 106 0 0 255 226 255 0
    58 255 0 255 0 144 255 255 255 0 255 0 255 0 255 0 255 0 0 255 112
    255 255 255 255 180 0 0 0 255 255 255 0 196 0 110 255 0 0 0 0 255 0
    253 27 255 0 0 0 255 255 0 29 249 79 255 0 255 91 0 255 0 255 0 48
    51 255 46 90 255 255 255 255 228 0 255 0 0 255 111 0 255 0 255 0 255
    0 255 0 24 255 82 255 0 0 255 255 0 196 73 10 0 255 225 255 181 0
    255 0 246 255 0 0 255 0 255 0 255 255 0 238 255 255 0 255 0 161 0
    255 0 0 0 0 255 0 255 255 0 62 0 0 213 0 0 0 22 0 160 96 30 255 188
    0 255 0 255 255 0 255 0 0 255 255 255 0 0 255 0 149 255 0 255 255 0
    255 0 181 45 255 0 255 118 255 255 0 60 255 0 0 0 255 0 0 0 255 0 0
    170 187 41 0 255 0 0 236 0 0 0 255 119 255 0 255 14 0 255 255 255
    255 0 124 255 201 0 255 255 31 229 0 255 255 255 255 255 255 0 0 153
    98 0 199 255 255 0 0 0 0 0 255 37 255 0 142 0 0 8 30 239 0 0 255 255
    255 0 255 0 255 0 0 216 254 78 0 0 134 0 255 0 247 0 36 255 0 255 0
    255 0 90 255 255 57 79 0 255 16 251 244 255 0 0 40 255 0 255 117 0
    101 76 255 0 0 0 255 0 255 65 235 0 0 255 0 0 99 255 255 0 255 255 0
    0 255 255 0 255 0 255 227 185 255 0 255 0 255 0 255 0 255 34 255 0
    255 0 255 0 0 255 255 0 179 255 0 0 174 249 255 0 255 0 255 0 255 5
    255 255 0 255 0 0 255 255 0 255 0 255 0 230 255 255 255 0 255 0 255
    255 0 255 0 255 255 0 255 248 60 0 255 164 0 77 255 255 0 0 86 255
    255 255 255 0 0 255 255 0 0 255 0 255 255 255 0 0 255 255 255 0 233
    0 0 255 0 255 71 255 0 0 255 255 255 0 255 0 0 255 255 0 255 0 255 0
    255 236 255 0 115 255 0 255 0 255 255 255 0 255 0 255 0 255 0 195 0
    0 255 255 0 122 0 255 0 139 0 0 255 255 0 68 255 255 0 0 4 0 84 255
    255 255 45 0 255 249 255 0 0 255 0 255 0 255 0 0 255 255 0 167 0 255
    0 255 0 0 255 255 255 0 255 255 255 0 15 255 255 0 255 0 0 76 0 255
    0 0 138 0 255 255 0 255 0 242 0 0 211 118 255 0 255 0 0 0 255 255 96
    185 143 41 0 255 255 0 255 255 240 0 234 0 255 255 0 255 0 0 255 86
    0 0 255 100 0 255 117 0 204 51 0 255 255 0 85 255 0 162 206 190 205
    255 230 67 0 111 255 86 0 255 255 255 0 255 219 253 255 0 0 255 71
    255 255 255 0 59 255 255 0 0 96 251 0 0 0 255 0 0 21 255 255 0 255
    88 0 50 0 255 255 255 224 0 168 255 0 14 139 255 0 0 0 0 255 255 78
    110 0 255 255 0 0 29 156 255 0 105 255 0 0 255 0 255 248 0 0 255 0 0
    255 170 255 0 0 255 0 255 255 255 255 255 0 255 0 255 255 0 255 0
    117 0 255 0 255 0 0 0 255 255 255 58 125 255 255 0 255 0 255 8 255 0
    255 255 255 0 255 22 252 0 255 0 0 0 255 130 255 255 0 194 0 255 0
    255 255 255 0 255 0 255 0 0 255 0 255 255 0 0 255 255 255 0 255 0 0
    125 0 0 0 213 0 0 0 255 0 37 0 255 12 255 255 0 255 242 81 255 122
    255 0 255 0 0 255 255 255 255 0 255 255 255 51 0 107 255 255 255 49
    85 0 0 0 0 0 255 138 101 121 196 126 0 0 255 0 255 255 186 255 255
    255 140 0 146 255 255 255 111 0 0 255 0 0 0 179 255 255 255 0 255
    255 0 0 0 0 255 160 0 0 0 255 0 255 0 14 255 0 0 0 255 0 0 53 255
    255 0 127 255 255 255 131 255 255 255 0 144 0 255 255 0 255 0 222
    255 0 255 255 255 0 0 255 0 0 0 0 255 59 103 255 231 18 0 255 0 255
    255 255 0 0 255 255 169 0 0 255 0 255 212 255 190 255 0 0 255 0 0
    108 0 0 232 234 0 255 0 0 255 0 0 204 0 255 255 0 126 255 0 122 255
    0 0 255 0 255 0 0 140 255 65 64 255 0 0 0 255 255 255 0 255 0 255 0
    0 0 0 237 0 255 0 0 255 0 255 0 255 0 196 33 255 255 0 255 128 0 7
    255 0 4 110 255 0 255 45 0 255 255 0 0 218 140 0 0 255 255 255 207
    255 0 255 255 0 255 0 255 0 255 0 255 44 255 0 0 255 54 0 255 192
    255 255 0 245 255 0 255 255 255 0 0 5 0 255 255 192 99 0 0 255 255
    255 255 255 236 0 0 255 0 255 0 255 255 255 255 173 255 255 0 0 255
    255 0 0 0 0 0 255 0 255 208 255 0 255 255 0 0 0 255 255 0 255 255
    255 48 110 0 255 0 255 0 255 0 255 255 255 38 255 56 79 255 0 255 0
    0 0 218 0 10 255 115 255 36 0 204 0 0 255 255 255 149 0 255 0 255 0
    0 255 0 255 89 255 255 211 255 0 255 0 180 255 0 0 127 236 255 0 255
    0 43 0 255 0 32 255 0 0 255 211 0 255 0 255 122 0 255 255 255 0 0
    255 0 255 0 255 255 0 255 233 96 0 0 255 188 255 255 0 81 0 245 230
    255 0 255 0 255 63 0 255 0 255 0 255 0 0 33 0 255 0 255 0 255 255 0
    255 154 255 255 255 255 255 255 255 255 169 0 0 54 79 51 247 0 0 255
    0 128 255 255 255 225 255 255 101 0 0 255 0 0 255 0 255 255 0 253 0
    0 255 255 255 72 0 27 255 185 255 0 255 255 121 0 255 255 0 255 0 36
    255 0 255 190 255 255 106 8 0 0 255 255 0 255 255 0 255 118 255 190
    0 85 0 255 0 255 64 255 0 120 0 255 0 255 0 255 255 0 255 255 255 0
    255 81 255 253 255 255 0 255 0 0 255 255 0 0 255 0 140 255 0 66 255
    0 255 80 255 255 255 255 0 255 0 0 255 255 0 255 255 0 255 0 255 255
    0 255 255 0 255 255 0 255 0 0 255 255 255 255 0 0 0 0 0 255 66 255 0
    255 0 153 255 0 93 255 4 0 255 255 255 0 0 255 122 255 0 0 255 0 255
    0 255 0 255 255 255 255 147 255 255 0 255 208 0 137 255 0 255 0 237
    255 0 0 0 255 0 0 183 0 25 255 128 255 255 0 0 255 0 255 255 0 255
    255 0 173 21 161 212 224 255 130 255 163 255 255 0 255 0 255 162 0 0
    255 255 0 0 0 255 0 112 0 0 107 0 255 69 80 255 255 0 255 255 0 255
    0 49 255 0 0 216 0 0 0 0 255 51 255 255 255 0 0 255 0 255 0 255 0
    255 77 0 255 255 255 0 255 0 255 0 202 0 0 255 0 255 0 255 0 161 0
    255 191 0 255 0 255 35 255 0 206 255 0 255 24 0 201 255 0 212 0 255
    255 0 255 255 168 255 0 111 255 0 255 0 237 0 255 0 255 0 255 0 6 0
    29 0 255 255 0 255 255 0 255 42 255 150 255 237 0 255 0 0 0 150 255
    46 125 55 78 0 0 255 0 40 0 43 255 255 0 0 0 255 133 255 0 0 255 0
    255 0 255 255 255 0 209 255 232 0 0 255 255 226 0 141 255 0 255 255
    0 255 0 0 255 0 255 0 255 0 255 0 0 230 0 255 255 204 0 0 69 255 27
    166 0 240 255 194 40 0 255 255 29 255 255 0 255 255 0 0 0 255 80 0
    164 0 201 255 0 217 41 255 0 0 255 255 0 12 85 255 0 0 0 255 0 0 255
    27 0 227 0 148 255 0 255 8 179 255 0 255 255 106 255 255 0 101 0 0
    139 0 255 255 0 53 97 234 85 255 0 0 0 255 0 142 255 94 0 106 255 0
    0 255 0 255 0 105 0 177 30 255 0 255 0 0 222 143 255 255 0 0 255 255
    11 0 0 135 255 0 255 0 0 255 0 159 109 24 0 0 255 255 0 0 255 0 0 0
    250 255 0 255 255 42 255 0 255 0 255 83 192 0 255 255 0 255 0 124
    255 44 76 255 0 255 0 230 0 0 255 0 255 255 0 0 30 255 0 0 0 255 255
    255 0 0 255 0 170 0 255 0 0 255 255 0 146 230 0 0 255 255 223 255 0
    255 34 0 0 255 255 0 0 0 0 0 255 255 0 0 255 0 0 60 36 192 109 0 0 0
    255 255 0 255 0 194 0 255 0 62 255 38 255 255 0 255 0 226 255 146 0
    255 0 255 255 0 0 0 255 255 86 0 255 0 0 0 255 0 0 141 0 62 0 88 255
    15 255 0 62 255 183 0 0 255 255 255 0 179 112 255 255 0 255 0 0 231
    255 0 255 0 225 0 0 211 255 255 0 0 4 255 255 5 0 21 255 227 0 194
    255 0 0 0 0 255 0 0 255 0 249 120 0 255 176 0 255 0 238 0 255 227 0
    255 255 255 255 59 255 255 0 255 245 0 255 44 255 0 0 255 130 0 255
    0 0 42 238 255 0 255 0 0 255 0 0 255 0 255 0 255 0 154 255 0 255 0
    255 0 255 0 0 255 129 255 255 255 115 255 255 0 0 255 0 255 0 255 0
    255 255 78 0 255 0 255 0 0 78 255 0 105 255 3 255 0 0 255 0 255 184
    0 255 0 255 255 0 0 255 255 0 55 0 0 44 0 0 255 252 255 255 0 255 0
    255 255 0 255 246 255 0 0 67 220 255 0 255 150 255 0 255 150 255 255
    172 255 0 255 255 0 255 0 255 0 255 0 0 255 0 0 255 0 232 0 0 202
    255 0 255 0 255 23 77 0 255 0 255 0 255 0 33 0 255 0 255 194 0 0 25
    255 0 249 255 0 255 0 0 56 255 238 0 0 255 225 0 0 188 255 255 0 255
    255 184 0 90 254 255 0 255 0 0 255 247 0 255 0 0 0 26 255 255 255
    255 0 0 0 0 255 0 0 255 0 255 255 0 0 255 0 0 255 0 255 0 73 255 127
    16 157 0 255 0 255 255 0 116 255 0 255 255 255 212 0 255 255 0 77
    255 0 97 255 255 0 255 0 116 0 255 0 0 255 255 16 255 0 255 0 0 0
    255 255 255 255 31 0 255 0 255 0 152 255 255 29 255 126 0 255 0 255
    0 0 255 0 0 255 0 255 96 0 255 0 226 20 0 224 0 0 0 0 107 0 255 255
    255 255 255 0 255 255 255 189 57 255 0 59 0 255 255 34 255 255 255 0
    255 255 255 0 0 0 255 0 255 0 255 0 0 0 0 255 236 255 0 255 222 0
    182 0 255 255 255 100 0 0 0 0 255 0 255 0 0 245 0 227 0 0 126 255 0
    255 255 0 0 255 247 0 6 0 0 208 0 255 159 194 0 85 255 255 0 255 255
    255 123 59 0 0 0 255 255 226 0 255 0 181 255 48 0 255 0 27 113 0 4
    40 255 255 0 0 144 43 0 28 255 249 255 0 255 0 0 255 96 243 0 255
    255 0 255 70 255 37 52 0 113 105 255 255 255 0 0 0 0 255 255 0 255
    102 255 255 255 0 255 0 255 0 255 0 255 0 255 255 255 20 90 255 0 0
    225 28 0 0 50 177 0 255 0 0 251 0 255 238 0 255 255 230 192 0 0 255
    0 0 0 255 0 137 0 255 255 255 0 255 255 196 75 255 255 0 0 0 0 0 255
    251 255 255 8 0 102 0 101 255 0 255 0 99 255 0 255 0 255 255 255 0 0
    255 0 0 69 0 0 255 255 0 255 255 0 255 255 255 255 0 255 0 255 255 0
    0 0 0 150 255 84 69 255 142 0 0 0 0 255 255 0 0 0 255 245 255 100
    255 0 0 0 124 255 255 255 0 0 255 255 0 0 255 0 0 0 0 255 0 255 0
    255 0 0 255 0 221 0 255 160 0 255 234 87 0 0 255 240 0 255 0 255 255
    255 230 166 104 255 0 255 255 0 0 0 255 255 255 0 0 0 255 101 255
    255 0 0 255 0 11 0 255 0 0 255 0 21 255 0 164 0 255 0 255 52 103 142
    185 0 162 67 255 0 255 202 0 255 76 0 255 0 100 255 255 0 90 0 255
    123 104 255 0 244 255 0 255 255 0 211 0 160 122 124 255 255 0 0 255
    0 255 0 255 0 255 0 255 0 213 173 255 255 0 209 255 255 136 0 255
    175 196 255 0 255 0 226 132 201 255 0 0 0 255 0 255 255 0 255 66 255
    0 0 255 0 0 0 206 0 255 0 126 255 0 0 255 0 255 255 225 255 255 0 0
    0 255 255 255 209 0 255 255 255 18 255 255 0 0 0 255 0 255 255 255
    255 0 255 255 0 255 0 0 0 255 44 255 0 67 255 255 0 0 255 0 255 0
    179 255 255 0 0 145 12 255 255 245 0 140 0 18 0 165 255 0 0 255 209
    255 0 255 255 255 255 0 17 0 255 0 255 0 255 38 255 255 255 55 0 255
    0 255 0 255 0 255 0 255 255 254 183 75 0 255 0 0 0 255 0 228 0 255
    255 0 255 0 0 148 0 9 51 11 255 33 190 0 64 0 148 255 72 0 255 0 0 0
    194 0 0 255 69 0 255 255 196 255 0 0 255 255 255 0 40 0 255 0 255 0
    255 198 255 0 97 0 0 255 0 255 255 0 255 171 0 0 255 255 0 0 255 0
    43 255 0 255 0 255 255 255 0 255 0 207 255 0 0 255 0 0 72 193 0 0
    255 255 255 0 255 255 0 0 69 0 0 255 0 255 0 0 255 255 185 0 0 255
    140 2 255 0 198 255 99 0 255 255 0 255 62 0 255 165 255 23 255 0 255
    0 255 147 0 255 255 0 199 0 0 175 255 255 0 0 132 26 255 0 0 0 255 0
    255 0 255 0 255 0 255 255 255 201 255 0 0 0 255 255 0 255 0 0 0 255
    85 255 0 82 0 0 123 0 194 255 161 0 0 255 255 0 255 52 255 0 0 0 255
    0 0 255 255 162 255 0 107 255 255 255 232 0 255 0 255 0 0 191 255
    255 255 0 0 105 0 0 255 0 255 255 255 124 0 255 255 255 255 0 255
    187 0 0 236 255 0 35 248 0 255 0 255 161 255 0 0 0 0 255 0 255 255 0
    255 0 255 250 0 255 32 255 255 0 255 255 255 255 255 255 16 255 50 0
    0 255 124 42 0 255 0 255 42 187 0 255 255 255 0 247 159 0 48 0 0 255
    1 255 0 0 255 0 0 181 186 0 255 0 0 255 21 0 255 0 0 58 0 255 0 18 0
    0 255 13 0 1 0 0 255 0 254 255 0 255 255 255 176 0 255 255 255 0 255
    255 0 95 255 0 96 0 0 0 238 0 34 255 65 255 57 255 0 0 0 0 255 159 0
    0 0 135 242 255 170 0 255 0 255 255 222 19 255 0 255 0 255 255 0 44
    0 0 0 0 255 0 255 255 255 128 255 255 0 255 0 255 0 255 255 255 255
    21 0 247 0 163 0 0 0 255 219 0 207 255 0 165 255 0 255 0 0 255 255 0
    0 155 216 26 255 255 0 0 0 255 0 255 255 255 20 53 154 255 13 255 0
    179 85 255 0 255 0 0 0 255 255 255 43 0 0 255 0 0 137 255 236 255 17
    255 0 0 65 54 255 255 50 255 255 255 0 68 255 255 255 255 57 0 255
    255 255 0 255 0 0 255 255 255 143 255 0 0 0 255 149 230 0 255 255 0
    0 255 255 74 0 0 0 255 0 0 224 255 74 255 114 255 0 0 199 102 255
    165 0 255 0 0 255 255 0 255 0 255 255 100 0 0 255 255 0 255 0 255
    255 52 0 255 255 0 0 255 130 255 0 0 255 0 0 0 255 255 157 255 142
    255 255 255 0 255 0 0 10 15 255 255 0 0 255 255 0 0 0 93 255 0 141 0
    255 255 0 255 90 255 243 255 255 255 0 135 255 207 255 239 0 255 255
    0 0 217 255 85 255 0 255 255 255 255 0 0 163 255 0 0 62 255 255 0
    255 255 255 0 255 0 0 255 0 255 0 255 0 0 255 255 0 255 215 0 0 0
    255 140 0 166 255 198 255 255 255 0 80 137 0 0 255 185 66 94 0 255 0
    250 255 255 255 255 0 255 255 255 0 255 0 255 0 255 45 0 168 255 5 0
    121 169 55 244 0 255 0 255 255 0 248 0 255 0 65 255 0 255 255 255 0
    0 0 255 0 255 0 150 255 53 0 0 255 0 0 255 84 255 0 0 0 0 0 255 0 0
    255 255 0 255 255 0 0 255 0 255 133 245 255 0 51 0 0 255 0 255 0 26
    255 255 255 139 255 255 0 255 0 255 255 0 193 0 0 255 0 255 136 33
    255 0 255 255 0 0 255 0 178 0 75 255 255 0 113 255 0 0 255 166 255
    255 0 255 180 191 255 0 152 0 195 255 0 0 136 255 15 0 255 0 255 0 0
    0 0 46 227 255 255 0 53 255 255 248 106 0 255 255 0 255 0 255 0 90 0
    0 25 0 36 0 0 192 0 255 0 62 255 0 255 0 255 0 15 255 0 0 255 7 0
    255 0 255 0 255 0 255 0 0 255 255 255 143 0 255 41 0 255 255 0 255 0
    184 0 0 161 255 0 255 179 255 0 255 255 0 33 255 50 0 93 255 208 0
    77 255 0 255 0 255 255 255 0 255 0 0 255 228 255 0 0 0 195 255 226 0
    181 0 255 255 139 0 182 255 0 255 110 0 0 255 0 0 255 255 255 0 255
    255 0 0 255 255 0 255 0 0 255 0 0 0 255 255 0 255 125 0 255 0 255 88
    238 255 105 255 255 0 255 0 0 255 161 255 255 0 86 0 255 255 255 0
    255 0 235 255 72 255 0 255 65 0 239 224 255 142 255 255 0 255 255
    255 140 255 255 150 255 0 255 0 0 255 0 255 0 0 255 0 255 255 0 255
    0 255 90 255 255 190 0 0 255 64 255 249 255 0 255 114 0 120 0 255 0
    0 245 215 0 255 255 182 255 0 142 0 0 0 0 234 255 0 0 255 0 0 255 0
    0 203 180 151 0 50 0 25 255 255 255 255 11 255 255 0 255 0 255 255 0
    255 63 255 0 255 255 223 0 255 64 255 0 255 0 255 0 255 186 50 255 0
    255 0 64 0 255 0 255 0 168 255 255 0 0 255 255 203 0 255 255 0 255 0
    255 0 0 255 186 0 255 255 255 0 0 255 0 255 208 199 255 213 224 0 86
    0 0 255 255 0 0 0 68 0 255 116 0 255 0 255 0 255 0 255 158 0 41 255
    0 0 255 0 0 255 0 255 0 0 0 255 166 0 255 60 0 0 0 0 0 0 255 255 0
    90 255 17 255 0 255 0 255 224 137 255 255 0 231 245 13 255 0 255 0
    24 0 8 0 156 248 255 255 0 255 238 255 0 166 73 255 0 139 255 0 138
    255 0 0 255 205 0 255 255 133 255 154 0 0 64 255 0 0 0 255 255 0 255
    0 67 0 178 255 0 231 0 242 0 255 0 0 45 0 226 255 144 90 0 255 0 255
    255 0 0 0 255 255 0 255 208 0 255 255 0 245 255 93 0 255 0 255 255
    151 0 255 255 53 255 255 0 0 255 255 0 113 0 0 255 174 18 0 255 0
    255 255 0 255 0 0 255 255 0 0 205 0 255 0 255 0 255 0 115 255 183 0
    255 255 0 166 0 72 35 40 0 255 255 84 193 255 67 0 255 0 255 0 255
    111 0 236 0 255 0 255 23 255 0 255 255 0 0 255 255 0 0 188 0 0 255 0
    0 0 255 255 255 0 0 255 163 0 164 0 255 255 0 255 0 0 255 255 255 0
    255 255 0 2 0 0 72 255 255 255 255 253 0 255 205 255 255 0 0 255 255
    255 0 0 255 255 0 255 0 0 13 0 138 235 0 255 255 0 0 121 145 52 73 0
    255 164 255 255 0 63 0 255 0 192 0 255 0 0 0 255 255 255 0 255 255 0
    255 230 0 0 0 0 157 0 0 0 4 255 0 255 0 255 0 0 0 255 0 255 126 0 0
    255 255 255 197 0 0 0 31 255 0 255 255 0 0 255 255 0 255 255 0 255 0
    0 0 0 255 255 0 0 255 255 255 0 160 0 194 255 206 255 0 0 0 0 255
    255 0 255 255 166 0 190 255 255 36 243 0 0 255 0 255 0 255 255 0 0
    255 0 111 255 0 255 83 0 11 255 0 0 229 0 255 42 255 0 0 255 255 0
    255 0 0 117 255 255 0 255 255 0 255 0 162 0 255 0 255 255 255 255 79
    93 124 104 255 0 255 52 0 170 255 0 0 0 255 255 0 255 0 32 255 255
    147 0 0 255 255 0 86 245 181 61 255 255 0 255 255 255 162 0 0 255
    255 0 255 65 0 255 126 0 0 255 255 53 0 0 255 255 0 255 255 0 255 0
    0 107 132 0 255 255 28 0 17 238 0 255 0 255 0 0 255 77 0 0 255 50
    255 0 255 0 255 0 255 0 255 0 255 47 0 105 255 255 0 255 0 0 255 255
    255 0 200 137 0 0 132 255 255 0 58 0 165 100 0 255 255 0 0 255 255
    255 255 192 226 52 39 255 0 0 0 255 0 255 37 0 255 0 255 255 0 255 0
    105 94 143 233 255 147 255 0 0 0 255 255 0 0 255 0 255 0 198 0 255
    255 189 0 255 255 255 62 0 255 0 0 26 255 57 0 255 255 0 255 231 49
    0 255 68 200 0 255 255 0 0 255 46 0 255 0 255 0 92 255 0 51 255 236
    0 215 255 0 0 255 255 0 255 0 255 0 0 0 255 0 255 0 244 0 255 251 0
    255 136 0 0 0 0 0 255 0 255 255 255 0 153 1 0 255 246 0 255 18 255
    255 255 78 0 255 226 91 166 0 255 255 68 0 71 171 0 255 255 0 255
    255 0 200 255 110 82 0 255 0 0 105 0 0 0 255 255 0 229 255 255 111
    255 0 255 0 255 134 0 255 0 255 255 0 0 112 13 255 0 255 255 0 183
    255 51 0 255 245 255 198 255 255 0 0 255 7 0 0 0 255 0 0 0 107 0 255
    255 0 255 0 0 0 255 255 0 255 255 0 255 255 0 207 143 0 255 0 0 255
    255 255 255 105 0 255 138 255 255 255 255 255 0 111 21 255 0 6 0 0 0
    255 255 255 255 0 255 164 255 108 0 255 0 0 255 149 0 255 0 255 255
    255 173 255 38 0 255 255 255 0 255 0 255 255 216 0 255 0 255 255 39
    43 255 255 0 255 0 255 178 27 0 255 255 0 255 255 255 210 175 0 0
    255 255 0 255 0 255 255 0 171 255 0 255 0 0 255 0 143 209 255 0 255
    0 255 69 255 0 255 255 32 0 255 0 255 0 255 255 255 47 255 0 255 0 0
    255 0 255 255 0 255 209 229 255 37 0 0 255 0 0 255 0 255 255 204 0
    255 66 0 255 0 255 0 255 255 0 0 0 255 0 255 125 0 147 0 255 0 0 45
    255 0 255 0 0 0 105 255 0 255 0 255 130 255 152 207 255 255 255 0 0
    255 0 90 16 255 255 0 255 0 11 0 255 0 255 0 255 157 255 0 0 255 239
    0 255 244 0 109 0 9 0 255 0 255 0 26 255 255 0 255 0 6 0 234 255 0 0
    255 0 255 229 255 199 0 0 0 177 255 0 255 151 255 0 255 103 255 0 0
    0 255 0 53 0 0 255 0 255 0 0 183 0 255 231 0 255 0 14 0 255 25 255 0
    255 0 61 99 161 0 0 255 0 255 0 255 255 0 204 255 255 0 255 0 211
    255 0 255 60 175 0 190 0 0 158 255 114 0 35 0 255 0 255 255 255 0
    255 0 85 255 70 254 255 0 255 0 255 4 0 255 255 255 0 255 65 0 255
    255 255 0 0 255 0 255 0 0 255 0 255 53 0 255 105 0 255 0 0 0 255 0
    42 220 0 255 212 17 0 154 33 133 255 0 255 0 0 0 0 255 255 0 0 255 0
    255 255 255 0 255 255 0 255 255 21 0 255 255 104 255 0 255 5 0 255 0
    255 255 255 0 0 0 122 0 182 255 73 255 0 0 255 32 0 255 255 0 255 0
    0 86 0 255 0 0 255 255 0 255 0 255 255 0 0 255 255 0 0 0 0 255 176
    255 0 0 255 255 6 255 255 0 0 0 0 255 0 255 0 0 255 0 255 0 255 0
    255 255 0 0 0 255 255 32 255 152 255 0 23 0 0 255 0 18 255 145 236
    255 0 0 223 0 90 0 255 255 209 0 0 255 255 207 255 255 0 92 168 255
    0 255 255 0 255 0 40 0 0 255 0 255 255 255 0 255 0 255 0 0 255 0 255
    255 255 0 255 255 44 143 255 0 169 0 255 255 255 177 255 56 255 0
    255 255 26 255 0 255 0 255 255 0 255 0 0 0 161 0 0 0 0 0 0 108 255
    255 0 255 79 0 0 255 29 18 241 0 255 255 0 0 255 0 255 96 0 0 0 255
    0 0 0 0 255 0 255 0 255 255 0 255 0 0 255 68 255 0 255 255 0 0 0 113
    0 255 255 0 255 0 61 0 20 94 255 0 108 255 0 255 0 255 0 171 255 0 0
    42 199 109 183 0 255 43 255 255 105 255 0 142 255 0 255 255 0 255
    255 208 255 0 255 87 114 255 0 255 255 24 255 115 255 0 109 255 0
    255 0 255 255 0 237 74 67 212 255 126 0 255 0 255 255 0 255 0 255
    236 48 255 255 73 0 255 0 255 60 130 255 0 0 0 255 192 0 255 0 0 255
    255 0 69 255 113 0 0 255 0 218 255 255 117 0 0 255 255 0 0 255 0 0
    255 0 0 207 255 255 0 0 255 8 226 76 78 0 255 255 216 8 0 200 0 0
    255 0 255 0 136 255 0 255 57 255 0 255 0 255 0 0 0 255 31 255 0 255
    0 0 0 255 255 0 255 0 255 216 255 0 0 0 0 0 233 165 255 129 255 0 0
    255 255 0 45 0 255 0 255 152 255 255 255 154 255 255 219 0 255 255 0
    255 213 0 237 255 255 0 0 67 157 124 255 255 0 199 0 0 255 0 255 78
    255 255 255 181 255 0 0 255 255 0 0 255 255 0 255 255 63 0 255 221 0
    255 0 255 27 114 255 0 230 0 255 181 0 0 0 255 0 255 39 0 81 0 225 0
    0 255 0 255 0 178 156 142 174 0 0 0 255 255 0 0 255 148 255 55 0 140
    122 0 255 255 255 0 0 0 255 0 255 0 168 0 255 237 0 255 0 255 0 0
    229 35 8 0 255 255 0 255 209 36 0 230 255 255 255 255 255 0 0 0 103
    255 255 191 138 255 127 6 45 255 0 0 40 255 0 255 117 0 255 0 0 0
    168 255 127 0 255 0 255 0 109 0 23 59 221 255 0 255 255 0 255 0 0
    255 0 255 0 255 0 255 0 123 54 255 0 0 0 149 0 255 173 41 255 255
    157 0 71 255 148 128 255 0 255 0 149 0 0 255 255 0 255 0 255 253 116
    125 22 0 255 0 0 0 255 0 0 255 0 255 0 255 255 0 0 141 0 255 95 0
    255 255 0 255 0 255 255 255 157 245 0 0 255 0 0 98 0 0 255 0 254 255
    0 26 0 255 5 0 0 205 0 255 217 42 0 255 0 255 0 255 0 255 0 0 0 255
    78 0 0 255 0 255 0 255 52 129 255 207 0 255 135 255 0 23 222 0 0 255
    0 255 0 234 255 163 255 0 255 255 0 255 255 255 255 255 30 255 0 0
    247 0 0 255 0 0 255 255 255 255 0 255 0 0 0 255 255 0 0 138 107 154
    0 255 2 105 159 255 0 255 0 145 0 255 0 0 255 0 255 236 255 255 255
    0 0 233 207 0 255 255 0 255 0 38 0 101 0 0 255 255 0 0 0 255 0 0 255
    0 255 0 255 0 0 255 0 255 255 255 0 255 255 64 169 255 0 255 255 0
    255 0 255 0 255 30 255 0 255 255 0 255 0 191 255 0 255 0 255 126 255
    58 255 255 0 86 0 232 255 174 0 255 0 255 0 0 255 0 0 255 0 0 0 255
    0 255 255 255 255 255 255 0 172 255 0 255 0 110 151 255 0 255 255
    255 255 0 55 255 255 0 139 255 0 0 255 255 0 0 178 255 255 0 255 0
    90 255 0 0 255 0 255 255 0 255 0 255 255 83 0 255 158 246 255 193
    255 0 0 0 255 0 255 0 0 0 245 0 221 0 255 255 0 255 0 255 183 0 255
    255 255 255 255 0 255 0 255 255 255 0 255 0 255 13 255 0 55 106 255
    0 255 0 255 0 0 255 0 255 0 0 255 0 255 0 0 255 0 255 0 65 255 0 0 0
    255 255 0 0 0 0 255 0 140 0 236 255 0 135 255 0 255 0 255 170 255 0
    255 0 255 0 0 255 255 255 0 0 145 0 255 0 0 255 255 255 221 0 255 85
    208 152 0 0 239 2 255 0 255 0 139 255 126 255 0 225 255 159 63 255
    24 0 255 177 255 0 255 122 0 255 0 255 0 255 0 0 255 121 124 255 255
    255 0 255 0 255 0 255 0 255 208 0 0 30 0 109 0 255 255 0 0 0 255 0 0
    255 0 255 0 90 255 255 0 255 0 0 0 255 0 0 255 79 76 0 0 255 0 0 255
    0 255 0 0 255 255 0 255 0 255 213 255 255 0 232 153 0 0 255 0 255 91
    255 0 225 0 255 208 0 28 0 0 255 255 0 255 0 0 0 255 192 0 255 0 255
    0 0 0 255 0 255 47 0 255 0 0 0 255 255 0 255 109 255 212 250 255 0
    255 255 255 0 255 0 255 255 237 0 255 0 62 0 255 0 255 0 9 255 0 255
    0 107 0 255 0 255 255 255 255 255 255 0 126 0 255 0 255 255 0 255
    255 0 255 255 106 0 255 245 255 0 0 255 255 0 255 255 56 0 255 8 255
    255 0 255 255 0 255 0 54 255 255 0 0 255 255 0 255 255 0 255 0 0 0 0
    166 255 0 0 255 255 108 0 0 15 255 163 0 255 255 0 255 25 255 0 255
    232 0 15 255 55 255 198 0 58 0 0 227 0 0 0 197 117 0 56 0 255 255
    159 0 162 255 0 255 72 0 0 255 255 255 0 255 0 0 0 255 0 0 255 255 0
    255 0 0 255 255 145 0 40 0 0 255 255 0 0 255 0 255 255 0 108 255 255
    0 255 255 14 255 0 255 255 197 255 0 0 118 125 0 255 0 0 0 255 0 0
    219 0 0 0 0 255 255 0 175 237 255 0 255 255 0 255 10 0 0 138 0 0 255
    27 255 255 0 255 0 235 48 77 0 255 255 157 255 76 255 255 0 4 255 0
    255 255 255 58 255 255 0 0 255 129 68 0 0 0 58 255 0 93 255 0 255 0
    138 240 0 255 13 0 0 255 255 0 0 255 255 0 255 0 255 180 0 0 255 0
    138 0 255 0 0 0 255 255 0 255 255 0 255 0 255 118 147 29 255 255 0
    113 0 255 0 255 0 255 28 255 0 255 0 0 255 0 0 226 249 0 0 255 0 255
    0 0 255 0 0 0 0 156 187 255 0 255 0 0 255 56 0 0 42 94 255 255 255 0
    118 255 255 21 255 57 255 138 255 255 219 0 255 0 0 0 255 0 255 0
    149 114 0 255 255 0 0 255 0 255 83 213 0 124 255 0 255 30 0 255 0
    255 0 0 0 192 255 0 255 255 0 255 255 255 0 0 52 0 255 0 255 0 255 0
    32 255 0 255 39 255 0 0 255 0 0 255 0 0 255 0 0 44 162 0 0 255 0 31
    0 255 74 0 255 255 0 255 255 229 255 255 0 0 255 255 255 216 0 255 0
    255 0 197 0 188 255 0 255 0 255 255 255 255 0 255 255 0 255 235 196
    255 0 250 255 0 0 255 255 0 81 0 255 255 0 52 0 0 0 0 255 34 255 255
    0 0 255 0 255 255 0 255 0 0 255 0 37 255 0 0 0 255 0 117 0 255 158 0
    255 0 238 27 0 255 255 255 255 0 187 178 0 255 255 0 255 255 253 0
    255 0 0 255 0 255 0 0 255 0 255 255 0 255 255 239 0 0 0 255 255 0
    255 255 0 0 255 255 255 140 0 255 255 152 35 191 0 255 88 135 43 255
    108 13 255 0 255 0 54 255 0 255 197 255 0 143 0 0 0 0 255 183 0 0 0
    0 72 100 255 0 0 255 0 255 255 255 0 255 40 234 0 29 0 0 0 255 255 0
    255 255 178 90 255 0 0 255 0 0 255 0 255 0 235 255 84 0 0 0 255 255
    113 255 0 139 255 0 56 78 0 255 255 0 255 191 255 0 255 0 117 255 0
    237 255 0 255 0 255 111 212 171 60 255 175 255 28 151 8 0 255 0 28
    255 255 190 184 0 255 0 255 0 131 255 0 255 0 29 0 0 255 0 255 0 0
    255 0 255 65 0 0 0 0 0 238 0 255 0 0 39 0 0 255 0 255 255 36 0 255
    162 255 122 0 60 255 0 255 255 0 174 0 255 255 0 255 0 0 255 14 0
    255 0 0 255 255 0 222 0 255 255 255 0 255 255 190 0 213 255 0 98 115
    255 137 0 0 255 0 255 255 28 0 255 255 143 0 0 0 255 58 255 0 210
    255 0 255 255 73 0 255 0 255 0 243 255 0 0 255 0 176 255 0 255 0 255
    167 0 0 161 255 0 255 0 255 0 243 0 255 0 255 255 0 255 0 0 114 255
    255 255 0 85 235 0 255 0 255 0 0 255 204 0 255 228 255 0 255 0 255
    194 97 255 255 0 0 0 0 255 0 255 0 98 255 0 0 255 255 0 0 255 255 32
    255 255 0 0 0 255 0 255 0 181 0 0 0 0 255 255 186 0 0 0 255 0 0 255
    28 255 231 12 0 0 7 0 0 255 255 255 255 0 255 0 255 0 176 204 0 0
    219 255 0 0 44 0 0 255 0 255 255 255 0 255 255 255 0 255 0 0 226 132
    0 255 255 0 124 211 255 151 210 26 0 255 189 26 0 157 0 255 255 255
    14 255 211 255 0 255 0 255 255 255 0 255 4 0 225 255 0 255 0 255 255
    0 255 0 133 0 255 0 255 176 0 255 255 46 213 0 255 255 0 77 255 255
    0 255 255 255 255 0 0 255 255 0 255 101 255 0 255 255 0 255 0 255 0
    119 255 30 236 255 255 0 255 0 255 255 0 255 0 0 255 0 0 0 255 0 53
    255 248 255 255 64 255 0 255 255 0 141 0 255 0 255 192 0 255 115 0
    255 0 255 0 255 0 255 0 255 0 255 2 0 255 0 255 0 0 0 255 0 255 255
    140 0 0 255 0 255 0 0 0 255 0 255 0 255 255 172 0 255 0 0 0 0 255
    255 197 0 255 0 0 255 105 255 0 255 0 255 0 215 134 0 159 0 0 0 255
    187 0 255 255 0 255 255 0 255 30 0 31 43 130 255 255 255 0 0 255 255
    0 255 255 255 0 255 0 0 0 247 0 0 15 0 255 255 0 0 0 255 255 53 0
    255 0 255 255 255 255 255 0 255 160 255 0 0 255 0 255 62 99 0 255
    151 0 0 255 0 255 0 9 182 0 255 0 0 255 0 255 0 255 255 4 255 0 255
    0 42 91 0 68 145 255 24 116 255 103 0 255 255 0 0 190 255 0 255 255
    0 255 255 255 0 255 0 0 255 0 255 0 0 0 255 0 0 255 0 255 0 255 188
    0 128 41 255 0 86 0 34 255 251 0 0 1 157 0 255 255 0 251 255 255 10
    0 223 255 0 0 255 0 221 255 0 255 0 0 175 255 0 210 109 0 0 255 57
    123 255 255 0 255 0 255 102 161 255 255 0 109 0 77 0 0 255 255 0 255
    0 255 0 141 0 0 255 0 70 255 255 0 255 149 0 255 0 0 143 255 0 255 0
    255 0 255 28 0 255 0 119 255 0 255 142 255 255 0 0 0 255 0 255 255 0
    255 129 255 255 77 0 163 246 0 0 0 255 0 255 0 255 0 255 0 30 255 0
    255 255 0 255 0 255 0 0 255 0 255 159 187 255 255 255 0 0 148 255
    255 18 0 0 228 235 255 255 0 0 0 255 255 102 255 0 0 0 255 255 0 19
    14 0 255 0 255 61 255 0 0 255 0 0 255 0 0 191 217 255 255 255 57 0 0
    255 255 0 96 42 0 0 255 198 255 0 255 0 8 255 0 255 114 255 0 255 0
    0 255 0 0 255 0 255 255 255 0 255 255 170 102 255 0 0 239 0 0 190
    255 21 255 255 0 255 144 0 255 255 0 255 173 0 174 0 0 0 0 255 188 0
    255 0 74 0 255 255 252 178 255 0 0 39 0 86 0 0 255 0 255 0 144 255
    189 255 0 255 0 255 255 0 255 0 0 20 112 255 0 255 0 37 255 0 255
    142 0 0 255 25 0 255 255 0 0 255 255 0 255 255 0 255 0 6 131 255 139
    255 255 255 119 0 255 143 255 22 137 255 255 0 255 101 0 0 255 150 0
    38 255 0 0 0 255 0 0 255 0 37 255 0 255 0 255 0 0 255 0 255 0 255 24
    251 255 255 117 0 255 0 126 79 255 0 0 255 255 0 0 0 0 255 0 0 255 0
    255 255 0 255 0 7 0 82 3 0 0 255 255 0 255 255 255 187 255 0 255 255
    0 255 124 255 255 255 0 0 255 255 0 121 53 255 0 0 193 255 0 255 255
    158 255 0 0 255 255 255 0 255 230 0 0 0 255 0 82 0 0 205 255 255 234
    255 0 222 0 255 0 255 0 0 255 255 125 255 255 0 0 0 255 255 255 0
    255 0 255 0 255 202 0 63 0 0 255 255 183 0 255 255 0 0 171 0 255 0
    255 0 252 0 255 0 0 255 0 255 255 255 255 0 255 255 53 151 0 255 0
    191 255 0 0 255 0 255 44 255 0 255 255 255 132 116 0 0 255 0 125 176
    255 255 255 255 0 255 0 255 255 0 255 0 255 0 255 255 0 0 255 255 0
    189 255 167 93 255 255 0 7 0 188 0 0 0 255 144 0 0 252 0 255 255 143
    0 255 0 255 0 255 0 0 255 0 255 0 255 14 255 0 255 0 188 0 255 0 255
    255 0 255 0 255 255 49 0 0 255 0 0 0 0 0 0 255 255 83 0 0 223 255
    255 255 226 0 255 216 82 0 130 0 255 255 0 0 65 218 255 0 0 255 255
    255 255 0 117 18 255 0 0 255 0 255 0 0 255 0 255 255 0 255 255 255
    204 0 65 0 255 255 0 255 255 151 0 255 255 0 0 23 0 0 255 121 0 0 0
    255 0 255 0 255 255 99 22 0 255 245 116 255 0 0 255 0 0 0 48 255 0
    255 0 0 255 0 255 0 36 0 255 255 0 0 255 127 255 0 255 200 5 255 0
    255 0 255 98 128 255 255 0 0 0 255 38 255 0 126 0 255 255 179 249 0
    0 255 0 255 80 211 255 0 117 137 255 74 251 94 0 255 72 0 248 0 255
    0 111 187 0 255 88 58 123 255 231 158 255 0 83 255 255 0 0 0 0 0 0
    255 0 0 110 255 0 0 255 0 255 182 0 0 0 115 94 0 255 242 255 58 255
    255 0 255 255 255 189 0 28 125 149 0 255 0 0 255 255 0 255 0 0 188
    255 255 0 255 0 255 163 38 255 0 16 0 0 255 89 21 0 0 255 0 217 155
    0 194 255 255 189 0 17 255 255 0 0 255 217 255 0 51 159 0 255 0 175
    255 36 255 255 255 0 53 255 0 255 255 0 0 0 0 107 0 0 162 255 255 0
    255 0 0 255 0 255 16 255 73 14 255 0 255 255 3 198 255 0 0 0 255 159
    0 255 0 255 0 255 0 0 255 203 255 3 0 255 64 255 0 255 0 255 255 235
    0 255 0 255 255 0 255 73 231 255 0 208 0 0 255 118 0 255 0 255 0 0
    255 0 255 255 0 0 255 255 255 0 0 88 27 81 0 255 255 210 0 255 0 255
    0 251 255 0 255 0 72 0 123 255 0 255 73 252 0 255 255 255 14 49 0
    255 255 135 255 72 255 0 0 0 64 255 255 235 0 255 0 0 23 0 255 255 0
    169 0 255 38 0 255 134 36 255 134 0 255 200 0 255 0 255 0 255 255 0
    60 255 0 0 255 0 255 0 255 193 255 0 255 0 0 0 255 0 255 0 0 43 0
    183 0 255 0 159 255 255 124 255 0 0 255 0 0 255 0 0 0 255 0 255 69 0
    0 34 0 0 255 255 0 0 255 0 255 0 255 255 0 165 0 255 0 255 255 254
    255 0 255 0 0 255 255 0 255 140 255 0 255 0 0 88 0 255 0 255 0 208 0
    0 0 255 223 255 255 0 68 0 255 0 0 242 36 255 255 255 0 255 0 0 41 0
    0 255 0 0 0 255 21 255 180 255 0 0 255 0 255 255 28 255 255 0 255 0
    255 255 255 255 0 255 0 0 255 0 0 0 255 0 0 255 0 255 0 255 255 0 0
    255 0 231 0 0 255 255 255 160 255 0 0 255 255 0 0 255 255 0 255 252
    109 255 255 255 245 0 0 0 255 0 255 255 255 255 255 255 0 255 216 0
    0 0 255 0 255 0 255 0 0 161 255 255 0 219 0 0 145 0 0 255 65 255 255
    26 63 144 255 0 143 0 255 255 0 205 255 0 136 0 255 255 0 255 0 1 0
    84 255 0 255 255 0 255 241 177 0 0 0 0 255 255 0 255 0 255 0 120 0
    255 0 0 0 255 255 255 0 255 0 255 255 0 36 0 255 0 0 204 125 0 0 255
    255 0 255 0 255 0 255 211 190 0 255 255 255 184 0 255 255 255 255 0
    0 255 0 0 255 242 0 255 149 255 167 17 0 255 255 0 255 255 157 180 0
    255 0 255 255 0 0 255 255 176 255 255 0 255 0 0 226 46 255 255 0 0
    32 255 0 71 187 255 255 0 62 0 0 0 0 254 255 255 255 0 255 0 255 0 0
    255 0 0 0 255 255 0 0 15 0 255 14 0 212 255 197 0 255 0 0 0 255 0
    255 143 0 255 255 255 254 255 247 51 255 255 41 255 255 147 255 53
    255 0 253 0 255 0 0 255 0 249 255 255 0 255 74 0 255 114 250 0 125 0
    255 0 0 255 0 255 0 255 0 255 255 0 154 255 0 255 0 255 60 0 0 255 0
    0 8 255 255 255 0 255 0 0 0 255 0 255 255 0 0 255 162 0 0 0 0 0 255
    110 255 0 255 0 0 255 255 255 0 0 167 200 255 255 255 0 0 255 0 0
    255 45 255 0 115 26 93 211 0 184 255 0 255 184 255 71 0 255 232 255
    179 0 0 0 0 255 255 0 255 255 222 0 255 255 0 255 194 0 255 255 0
    255 0 255 0 11 0 255 255 0 255 0 210 255 255 47 0 0 255 183 0 255
    104 255 0 255 255 0 73 0 45 255 255 0 255 255 0 0 255 0 255 0 255 0
    255 255 173 255 0 255 255 0 0 255 0 255 108 0 255 86 151 255 0 19
    255 0 255 0 228 0 185 255 0 255 71 255 0 75 255 0 0 166 56 172 255 0
    255 38 0 199 0 255 0 149 0 158 0 255 255 255 0 255 0 255 0 255 0 229
    0 255 227 255 0 0 0 255 0 255 26 3 255 255 0 0 18 255 0 0 69 0 140
    255 0 0 255 0 255 64 106 0 255 255 0 255 0 255 0 255 0 255 173 223 0
    209 255 0 255 0 0 255 255 0 0 255 0 0 0 255 0 255 68 86 255 0 0 0
    255 0 255 0 255 0 0 11 0 144 255 0 255 0 255 255 255 0 0 0 255 255 0
    59 196 0 106 0 255 255 255 0 0 255 71 255 0 255 0 255 255 0 255 255
    255 192 255 255 0 0 255 255 255 0 255 0 255 255 0 12 0 245 255 240
    255 0 255 147 74 0 0 255 0 0 0 255 11 255 0 255 0 255 223 0 56 0 0
    255 0 255 255 0 255 0 210 255 0 255 90 0 255 0 222 0 106 0 0 255 0
    70 255 0 255 0 255 0 255 255 128 21 0 255 0 0 255 0 255 255 0 255 0
    255 0 255 88 0 79 0 18 186 44 0 179 0 255 28 58 0 255 255 169 0 65
    255 0 255 0 255 255 0 255 255 255 162 0 255 0 255 255 0 0 255 255 0
    0 255 0 0 255 255 255 0 255 0 179 255 36 255 255 255 0 137 255 255
    237 0 255 255 78 0 255 0 255 255 0 0 0 255 255 255 224 255 97 239 0
    165 0 0 255 255 122 0 124 255 111 255 0 132 0 255 255 255 0 255 255
    0 255 203 0 255 0 255 0 255 0 36 255 255 0 0 0 255 0 255 0 255 0 171
    0 255 0 119 243 0 255 0 255 119 255 0 99 0 255 255 255 255 0 255 255
    0 255 0 255 0 0 0 98 0 40 0 0 20 255 198 156 189 255 0 255 0 0 0 255
    0 0 255 0 39 0 0 227 255 255 0 255 0 255 0 255 255 0 255 0 0 0 255
    255 0 0 255 255 255 0 255 95 128 96 224 197 0 0 255 255 4 0 249 0 27
    98 255 229 255 0 255 150 67 0 255 118 0 255 244 187 255 144 255 255
    0 191 0 194 255 0 255 0 255 0 0 255 0 255 255 0 0 0 0 255 0 255 255
    0 0 203 210 39 0 5 203 54 0 0 255 159 0 230 0 0 0 0 0 0 255 0 0 255
    255 0 255 0 168 255 255 0 0 255 255 255 0 217 100 255 0 255 0 0 0
    255 0 255 90 30 55 88 118 255 0 116 0 0 255 0 255 232 154 255 0 210
    0 255 0 50 255 142 0 232 139 255 0 0 0 0 255 255 255 0 255 0 0 97
    255 0 255 236 255 255 255 193 0 255 0 255 255 0 255 255 49 0 0 89 0
    255 185 164 154 0 255 255 255 255 0 0 255 255 0 255 0 255 0 213 142
    0 255 133 255 0 255 0 0 0 68 0 255 255 0 0 255 233 255 0 0 255 30 24
    255 255 0 0 255 0 255 0 255 255 0 0 0 0 255 0 255 255 0 255 0 4 255
    120 0 103 0 0 0 255 0 255 42 255 255 255 0 0 255 109 255 0 0 255 0 0
    75 0 255 0 0 255 175 157 36 0 255 0 27 255 117 0 237 0 0 247 0 255
    255 10 0 0 255 0 134 0 0 0 255 45 0 0 0 0 255 221 255 0 88 0 255 0
    255 221 205 217 255 255 255 0 203 255 0 90 228 150 0 255 0 255 0 164
    249 0 40 0 255 255 0 255 255 0 89 255 0 255 255 255 0 255 255 0 0
    171 0 0 255 0 255 0 255 184 255 0 0 0 255 255 255 0 255 0 0 37 0 21
    255 0 255 255 255 150 0 0 255 0 255 0 241 0 0 255 0 255 255 255 0
    103 255 0 255 255 255 255 0 0 0 49 255 255 255 0 0 0 0 0 255 0 0 0
    255 0 255 0 0 255 0 255 0 255 246 255 255 255 0 148 0 255 55 255 0
    255 0 255 0 255 0 7 211 80 0 255 249 0 255 210 0 255 0 255 255 255
    12 0 231 89 132 23 0 0 221 0 255 255 0 255 0 138 255 0 138 255 255 0
    163 0 0 255 0 255 0 255 240 109 199 107 255 255 0 0 255 0 0 255 255
    154 0 0 0 146 0 0 255 255 0 255 193 255 255 0 255 0 173 255 248 175
    255 0 0 255 255 0 159 24 0 255 255 0 255 255 255 0 255 0 0 139 0 255
    116 0 132 255 255 0 0 0 255 0 255 0 0 255 0 0 151 255 0 254 0 255 0
    164 0 51 222 255 255 0 42 25 229 255 255 122 0 255 0 0 255 68 123 85
    114 255 0 159 255 0 255 0 255 0 255 0 255 0 187 255 255 180 0 0 181
    205 255 179 255 0 0 0 132 255 0 64 57 255 0 255 255 255 255 0 255 62
    0 0 143 255 255 255 255 167 255 0 196 255 129 255 0 129 0 0 255 15 0
    255 254 255 0 255 255 255 255 0 222 0 247 255 255 255 134 0 0 255 0
    255 150 0 0 255 186 255 0 0 255 0 255 0 93 255 0 255 123 0 0 255 188
    0 255 245 255 3 0 255 255 0 255 40 0 255 0 255 0 0 0 0 255 70 0 255
    0 131 255 0 0 112 255 0 255 255 255 0 41 37 103 54 255 174 0 255 255
    255 0 18 255 255 154 255 0 255 255 0 0 255 0 255 0 255 239 0 0 255
    255 0 255 105 255 55 218 0 255 0 0 255 255 14 0 255 0 0 255 0 255
    144 0 255 0 255 13 255 255 0 114 141 0 255 255 5 191 0 255 255 0 217
    164 255 102 0 0 255 0 255 166 255 255 255 255 0 255 185 0 255 39 21
    255 255 48 139 255 255 0 0 0 255 0 0 126 165 0 0 0 255 255 255 0 255
    255 0 0 178 0 232 204 255 0 47 182 0 255 255 0 255 0 255 0 0 255 0
    227 255 0 255 0 255 255 255 0 255 0 255 255 0 255 0 0 0 0 255 255
    225 167 255 0 0 255 0 0 0 255 0 148 0 0 0 255 50 0 255 255 0 0 0 255
    0 0 0 0 255 0 157 101 11 8 0 255 0 255 8 255 0 255 155 0 0 255 0 255
    0 255 92 0 255 0 255 255 0 255 0 255 0 255 0 161 255 0 117 255 0 255
    0 0 255 234 0 255 0 72 117 255 0 28 255 0 0 0 0 255 157 0 255 247 0
    63 245 255 0 0 215 0 0 73 255 255 255 0 0 0 0 255 0 0 0 255 54 255 0
    255 255 0 0 0 0 0 255 79 255 0 0 255 0 255 65 255 24 255 255 51 255
    0 255 0 0 213 255 255 25 0 0 146 31 255 0 255 0 0 255 0 255 255 0 0
    0 0 0 100 255 255 0 255 255 255 0 255 0 255 0 255 255 0 0 0 0 255 93
    0 94 203 255 249 0 0 0 255 0 0 255 0 255 255 255 28 255 0 255 0 255
    125 27 0 0 57 0 255 22 0 0 255 234 0 255 36 0 0 255 255 0 255 0 246
    255 255 0 179 255 0 255 255 0 0 255 151 255 0 255 185 255 0 0 255
    255 255 0 255 255 79 255 0 0 255 0 255 82 255 0 0 255 123 0 255 0 0
    255 0 0 0 255 255 0 0 0 255 255 224 0 255 0 0 0 0 255 97 255 0 0 0
    255 205 255 255 255 0 255 255 0 0 255 0 0 0 255 84 0 255 255 0 255 0
    255 255 0 0 0 255 38 0 255 255 0 255 251 0 255 131 0 255 255 255 0 6
    255 0 255 0 255 255 0 135 255 43 255 255 207 106 255 255 0 255 0 0 0
    255 0 175 255 255 0 0 255 26 255 0 136 255 0 255 0 255 255 255 0 255
    0 0 255 0 0 34 0 0 255 0 241 0 255 255 0 0 138 0 0 0 255 0 255 255 0
    255 255 0 255 0 255 0 45 255 0 232 73 255 255 0 0 0 0 0 0 0 255 255
    255 255 0 0 255 73 254 0 255 0 255 237 128 255 0 88 255 37 255 255 0
    0 61 0 255 39 0 255 0 255 0 0 0 255 0 255 0 0 255 0 118 255 0 83 0
    255 255 168 255 0 0 0 255 0 0 255 255 0 149 255 255 175 255 0 0 0 0
    255 0 0 0 255 0 0 253 255 255 39 59 0 255 0 0 255 255 0 0 255 0 255
    255 203 0 255 0 255 255 0 0 104 0 255 255 0 255 197 0 255 0 0 255 0
    0 139 255 255 102 0 95 255 255 0 0 164 0 0 0 223 0 255 0 255 255 0
    255 255 0 0 208 0 0 0 255 255 0 0 123 0 255 0 255 255 0 0 255 0 255
    0 0 0 0 0 237 84 0 0 255 255 0 255 0 0 255 255 0 22 0 223 254 0 255
    33 0 255 247 138 192 255 0 211 255 0 255 140 0 255 0 0 255 167 73 0
    255 0 0 255 51 0 255 45 194 221 255 200 255 255 0 131 0 255 0 38 212
    78 0 255 0 97 14 255 255 0 0 0 255 255 0 0 0 212 255 0 249 193 0 0 0
    255 0 255 255 0 255 0 234 0 80 0 255 53 0 93 0 255 107 255 0 0 255 0
    255 0 0 0 198 0 255 106 0 255 0 255 219 198 255 0 255 255 255 255
    255 0 252 0 255 255 255 0 255 0 255 0 0 255 0 255 198 255 0 180 255
    246 0 0 183 0 255 255 0 255 255 255 255 0 255 255 0 255 255 89 0 255
    0 114 167 255 0 117 255 0 0 255 255 0 85 255 255 0 255 67 161 0 255
    164 255 0 255 0 0 255 0 255 255 0 0 255 0 255 255 0 255 227 0 255
    108 255 0 81 5 255 255 255 255 255 255 59 255 0 255 255 195 255 184
    255 236 0 141 255 197 143 255 0 255 0 0 255 255 0 255 0 0 255 255
    255 255 0 0 255 0 80 0 0 0 0 162 0 255 0 182 0 22 255 134 0 212 134
    255 0 255 255 0 0 255 158 0 0 0 255 0 255 0 0 0 205 255 0 32 70 0 0
    255 0 255 76 0 255 0 175 0 0 255 0 0 255 2 255 0 255 80 0 0 0 0 255
    0 255 255 255 2 255 36 141 0 52 255 0 19 61 255 255 248 0 255 180
    255 0 251 68 0 46 255 0 255 22 255 255 0 0 255 0 0 174 0 255 255 0
    255 0 119 255 255 0 0 0 255 201 255 132 17 48 255 116 255 0 0 80 255
    136 255 255 182 175 255 255 58 255 0 255 0 67 255 255 255 0 255 163
    255 255 234 0 255 255 0 255 0 123 0 0 224 255 0 0 255 0 0 255 0 255
    0 0 0 232 255 0 255 0 0 188 0 255 255 255 0 255 231 0 255 0 253 170
    0 255 0 62 0 0 255 0 0 255 0 255 0 255 0 255 255 0 0 255 0 0 255 255
    0 255 109 0 52 0 1 255 0 0 255 142 0 0 190 255 0 255 0 255 255 0 0
    255 0 255 111 203 0 67 255 0 255 0 0 0 0 255 255 0 255 255 204 255
    69 39 255 0 0 255 0 255 158 0 0 255 0 0 11 0 255 0 255 255 255 0 255
    255 121 255 255 169 0 255 0 255 98 0 255 84 255 255 0 7 255 255 58 5
    0 255 255 80 0 0 255 0 0 152 255 158 25 255 255 0 255 0 255 255 0 0
    255 0 233 0 171 0 255 138 255 255 0 0 255 255 0 0 255 0 106 0 0 128
    255 255 255 132 0 255 255 0 255 255 0 255 255 0 245 0 0 0 255 0 0
    255 0 0 0 255 0 115 0 0 77 83 255 255 255 255 255 255 0 0 255 0 0 0
    255 0 0 255 0 0 0 200 0 0 255 96 0 255 0 16 0 0 69 255 255 0 79 0
    118 255 255 0 85 255 0 0 255 0 141 255 255 0 41 255 0 255 255 119
    255 135 0 0 0 255 233 255 0 255 101 255 0 26 255 255 0 255 0 255 0
    194 255 255 100 0 255 0 0 255 0 255 255 91 177 255 49 0 255 15 142
    32 140 255 40 0 255 0 255 247 255 0 255 149 255 0 255 255 255 0 255
    0 0 0 0 255 0 255 0 0 255 255 255 0 0 0 154 0 0 126 255 255 0 255 0
    125 0 0 0 255 0 255 0 0 255 172 0 255 0 0 255 0 255 255 0 104 0 255
    255 0 255 0 255 255 255 0 255 100 0 248 0 244 0 253 0 255 0 255 255
    0 168 255 255 0 0 164 0 255 0 0 246 255 0 0 111 0 255 255 0 234 255
    255 0 0 136 0 138 255 255 0 255 253 0 255 255 255 0 0 19 0 234 250 0
    0 0 0 255 0 0 255 0 0 0 255 51 255 255 255 113 0 255 0 255 0 255 187
    163 255 0 255 0 0 138 101 22 255 4 255 0 0 204 107 0 177 255 0 0 0
    197 89 0 255 0 255 255 189 0 255 176 0 255 0 154 255 255 217 0 0 0
    255 255 0 255 255 0 255 0 255 0 255 148 2 35 0 255 0 0 255 0 255 0
    255 0 255 0 0 255 255 200 0 0 255 69 0 255 73 255 255 0 255 255 0
    255 0 255 0 255 44 0 255 0 31 0 0 255 0 255 0 255 252 101 0 255 255
    65 0 255 0 255 0 178 0 0 255 0 255 0 0 255 255 255 2 255 136 0 0 112
    255 0 78 215 255 0 255 255 255 220 0 255 0 255 0 120 255 255 0 255 0
    255 0 134 255 0 0 0 0 255 255 0 0 87 151 255 0 113 0 0 0 204 196 46
    0 89 0 78 158 0 255 255 255 0 255 0 123 255 255 0 0 0 0 255 201 103
    255 255 255 255 0 101 255 255 255 59 0 255 179 255 0 255 255 103 169
    255 0 0 255 0 255 255 0 255 151 0 255 255 255 206 255 0 255 255 255
    0 255 255 0 255 220 192 244 0 0 0 0 255 255 244 255 0 255 0 255 255
    0 255 0 255 255 0 255 0 0 255 0 255 0 0 255 86 0 123 0 255 162 255 0
    61 255 0 0 0 0 0 144 255 255 0 0 202 0 255 165 220 255 255 0 136 255
    0 0 255 235 255 0 255 0 229 28 46 255 103 255 255 255 0 30 255 0 255
    0 55 0 230 255 71 255 161 255 0 0 255 0 255 255 255 0 0 255 0 0 255
    255 243 29 78 255 0 255 0 255 0 255 0 255 255 0 255 255 56 0 255 255
    208 115 0 0 255 0 255 0 0 148 255 0 163 141 5 255 0 255 0 255 0 136
    255 66 187 0 0 0 255 0 0 255 0 133 0 255 255 0 25 0 255 0 255 142
    218 0 255 71 255 255 0 92 255 0 0 188 255 0 255 255 255 255 80 255 0
    255 244 122 255 0 154 111 0 136 182 255 0 0 0 255 0 255 0 255 0 255
    255 0 0 0 0 255 13 255 0 255 0 255 0 198 0 255 0 255 255 255 255 255
    255 0 63 0 255 255 255 230 152 0 0 47 255 255 255 255 0 114 255 38 0
    0 255 255 9 0 208 255 255 0 0 0 0 0 0 255 0 0 0 255 0 0 9 0 255 230
    255 255 255 255 0 0 181 255 15 255 0 255 0 255 255 0 255 255 255 255
    0 99 255 0 255 0 0 255 255 255 0 0 150 0 0 255 125 255 255 132 0 255
    0 160 0 255 255 0 255 0 255 0 255 0 255 0 0 255 169 0 255 0 255 0 0
    0 0 0 255 20 0 156 0 0 255 154 0 0 255 255 255 0 255 0 255 0 255 0
    255 0 255 223 159 0 0 158 255 4 0 255 255 115 0 255 255 0 16 255 158
    255 255 0 255 0 211 0 41 0 255 132 255 0 255 0 0 255 255 255 151 255
    255 255 255 0 255 0 195 0 0 255 0 255 0 0 0 255 0 255 0 255 0 255
    255 255 0 142 165 0 0 255 0 0 255 119 0 255 34 0 255 255 0 255 160
    255 158 0 14 255 255 255 150 244 0 0 255 144 0 153 240 21 177 109
    255 255 247 0 255 102 89 255 88 255 255 255 255 255 0 133 255 0 0
    255 0 255 0 156 0 119 28 255 0 0 252 0 128 85 151 255 0 255 255 255
    0 0 255 255 255 0 255 255 0 255 255 0 255 255 0 255 255 0 255 255 0
    255 0 24 255 0 255 0 255 116 0 0 129 193 226 163 255 0 0 50 255 0 0
    255 0 255 255 0 0 255 180 255 214 0 255 255 255 0 218 255 207 156 0
    0 255 0 255 255 0 255 72 255 255 255 0 0 255 255 0 255 102 255 0 255
    134 255 0 207 255 255 255 0 0 207 255 0 0 255 252 0 255 0 0 0 255 27
    255 255 255 0 255 255 0 22 0 0 255 255 78 255 253 255 0 255 255 0
    255 0 234 0 255 0 10 0 0 255 0 255 255 0 255 255 0 26 69 0 13 255 0
    70 88 235 12 255 0 255 255 255 0 161 0 255 255 0 255 255 0 255 255 0
    255 182 192 0 255 0 0 0 255 170 24 193 255 255 255 167 255 0 255 0
    255 255 0 68 255 0 255 0 255 255 0 255 255 0 0 0 255 0 255 255 0 255
    0 255 224 255 59 255 0 255 0 119 58 255 255 0 155 177 9 21 0 255 0 0
    255 255 255 18 0 0 117 255 255 0 255 0 255 247 0 255 255 0 255 0 255
    79 0 0 0 0 255 0 56 0 49 0 255 181 0 0 19 0 0 0 0 255 255 255 132 0
    110 0 255 0 85 159 255 255 0 31 255 255 0 255 255 171 234 0 255 255
    255 100 181 82 255 0 255 255 0 255 51 0 164 255 255 0 0 0 255 0 255
    133 0 0 255 71 0 180 255 255 196 0 0 255 255 0 255 193 0 255 0 255 0
    0 102 115 0 0 255 120 0 225 91 50 0 255 0 0 255 255 0 0 0 255 0 236
    0 0 255 0 101 148 207 255 0 255 0 215 0 0 0 255 255 0 255 255 236 0
    255 255 139 255 0 142 0 188 255 0 255 0 255 0 255 0 255 0 255 255
    255 0 255 0 255 0 71 255 32 255 0 0 7 0 255 0 255 0 26 0 0 255 0 255
    167 24 0 255 130 0 255 255 0 0 0 255 0 216 255 0 110 255 255 140 0
    255 0 255 255 14 0 255 0 255 0 255 0 0 255 191 255 45 176 255 0 255
    0 255 0 255 0 0 0 255 255 0 255 0 255 74 255 86 255 0 177 255 0 255
    255 0 0 0 0 0 0 255 255 255 0 0 255 255 0 0 0 255 0 0 98 255 0 178 0
    255 43 0 0 255 255 0 0 255 255 0 0 0 0 255 0 255 147 58 255 0 255
    255 0 0 130 18 0 255 255 0 0 255 250 0 0 87 0 255 0 255 255 0 0 255
    255 0 255 0 35 225 255 101 255 17 0 202 0 0 238 0 255 0 0 178 0 255
    255 255 0 255 0 255 175 102 255 0 255 0 0 255 255 0 255 0 255 255 0
    255 0 255 255 255 0 255 181 255 255 170 143 255 69 255 255 255 0 255
    0 255 181 255 0 255 0 255 255 0 0 255 0 0 0 0 255 0 216 0 76 0 255
    209 0 251 0 255 0 0 64 255 0 255 255 0 255 0 205 255 0 255 5 0 255 0
    255 0 255 0 0 255 0 0 255 0 255 0 167 30 255 0 255 0 255 0 5 0 255
    255 216 255 255 0 0 107 11 0 255 0 255 209 17 112 133 0 255 255 0
    255 77 0 255 255 0 255 0 255 184 0 255 255 67 0 255 0 255 255 255
    255 255 255 0 255 255 0 0 255 124 255 226 255 0 0 0 153 0 255 0 0
    255 255 0 0 255 255 255 0 0 255 255 255 255 0 199 255 0 118 255 98
    255 255 117 255 0 255 164 255 0 109 255 0 255 84 255 0 69 0 0 255
    255 0 255 255 255 0 255 0 0 0 131 255 33 0 255 226 0 255 0 0 115 255
    255 0 243 255 191 255 0 255 0 255 41 0 255 0 255 255 12 255 10 161 0
    255 0 255 0 254 0 60 255 38 49 130 0 26 0 255 255 0 0 255 0 0 0 51
    133 0 25 0 115 255 255 0 255 255 0 255 255 0 255 121 0 0 255 255 0 0
    0 0 255 58 255 0 119 255 255 255 0 255 245 255 46 255 0 255 0 255
    255 0 255 255 0 0 255 183 186 0 255 0 255 255 0 255 255 255 0 0 255
    252 98 255 175 255 112 90 0 243 255 0 255 0 0 0 0 255 0 255 0 255 0
    255 255 224 255 255 0 0 0 0 255 255 255 112 0 255 255 0 0 0 255 255
    0 255 255 0 0 255 0 0 255 117 142 0 111 255 0 161 146 255 0 0 255 0
    255 0 0 0 82 0 255 0 255 255 60 0 43 0 255 0 255 0 0 255 0 255 0 255
    0 255 0 0 170 0 255 255 0 255 0 0 162 116 0 255 0 255 0 255 132 129
    255 0 0 69 255 255 0 0 255 255 255 190 168 0 255 0 255 0 255 0 205
    255 0 0 255 255 0 188 138 0 0 0 255 0 255 0 0 0 0 255 0 40 171 199 0
    0 0 255 255 255 255 255 0 9 255 0 0 0 0 255 0 0 0 232 255 255 0 255
    255 140 255 255 0 0 214 193 255 4 255 0 255 255 255 255 20 19 0 255
    0 0 255 0 255 3 0 255 255 0 0 255 255 0 0 255 195 255 0 255 0 255 0
    230 0 49 255 0 255 255 0 255 0 255 66 255 0 123 255 0 255 0 0 114 0
    2 119 39 255 10 0 254 255 0 255 255 0 245 0 255 0 0 0 255 195 255
    255 95 0 255 0 255 0 255 70 0 0 255 0 0 255 0 0 0 255 0 255 0 0 224
    255 0 255 255 0 255 255 255 255 0 255 0 48 168 0 118 146 0 0 255 255
    147 255 0 92 0 0 63 0 255 255 206 0 144 0 255 0 255 255 0 255 0 0
    255 0 255 0 186 0 87 255 0 255 0 255 0 17 255 50 255 135 165 189 255
    0 255 0 255 0 0 255 0 0 255 255 0 255 0 255 197 255 0 0 255 0 255 0
    255 0 255 149 106 255 68 0 255 255 0 116 255 0 255 0 0 255 255 255
    166 255 255 255 255 0 255 0 235 255 0 185 255 13 206 255 0 255 255 0
    0 0 255 255 0 255 255 255 255 255 167 255 255 133 49 0 0 255 0 0 255
    0 255 9 40 255 0 255 242 0 244 0 0 0 0 0 123 255 29 0 255 0 255 0 24
    0 0 0 255 255 255 0 0 255 255 0 0 0 65 198 255 171 32 0 255 205 255
    255 0 224 94 255 255 0 0 255 0 255 0 0 137 255 0 255 0 255 0 121 33
    255 26 0 255 0 102 244 167 255 0 255 255 0 255 50 0 0 0 0 0 255 0
    255 255 0 161 0 98 255 255 0 87 0 26 212 77 255 25 0 0 50 255 0 0
    255 61 0 255 0 255 62 255 0 255 42 255 143 255 235 163 0 255 0 0 255
    0 18 255 0 255 159 0 255 2 255 0 33 255 0 255 196 255 255 28 0 170
    255 255 255 255 0 255 0 255 0 255 0 0 0 0 53 0 0 255 0 0 0 255 255 0
    255 0 255 59 0 255 255 255 0 255 150 226 255 0 255 0 255 231 128 0
    255 0 0 197 255 146 0 95 244 0 0 0 255 255 0 255 0 0 0 255 0 0 200 0
    59 0 255 255 0 189 239 255 0 255 0 47 0 255 255 0 255 0 255 0 255 0
    2 255 0 0 255 0 255 255 0 255 0 0 0 153 255 255 0 0 255 120 0 255
    255 255 189 128 255 193 0 255 0 255 122 255 0 255 255 255 224 0 0
    255 255 0 1 91 255 105 255 0 255 0 255 255 0 255 0 0 255 0 255 0 0
    255 255 166 255 255 0 255 0 0 0 0 255 0 255 175 243 0 0 255 0 255 0
    255 0 38 132 18 0 255 255 0 0 255 255 255 255 20 0 255 0 0 255 255
    96 107 0 255 255 0 255 40 0 255 255 0 255 220 255 195 255 0 205 255
    4 0 0 0 0 255 124 255 255 0 255 0 177 0 255 0 0 255 247 0 255 44 0 0
    255 255 0 0 153 103 255 65 255 0 0 0 255 158 0 255 38 0 0 255 0 0
    117 0 56 16 27 255 54 255 0 255 0 232 0 62 0 255 255 0 75 255 0 255
    0 0 0 111 0 30 255 0 37 255 103 255 0 98 255 255 255 94 0 255 0 255
    0 255 255 0 255 255 0 255 2 0 255 0 255 0 127 29 255 87 255 0 110
    255 255 183 255 255 255 0 255 255 255 0 0 122 0 0 255 136 0 255 255
    165 255 255 0 255 251 0 255 0 255 149 0 0 255 255 0 0 255 0 0 0 255
    0 255 0 0 255 0 255 255 255 0 0 255 0 255 0 0 255 0 0 0 184 214 255
    255 255 0 255 255 0 16 255 0 255 150 255 255 0 0 255 255 0 0 0 0 0 0
    255 255 0 255 201 0 255 0 255 255 211 255 255 0 254 45 255 0 255 13
    255 255 255 151 230 0 255 116 47 255 255 0 255 0 255 255 0 255 149
    255 0 255 0 233 0 118 0 0 255 255 255 0 255 0 255 0 0 0 0 255 255 0
    0 255 96 0 0 255 255 255 255 209 0 255 0 0 255 255 6 255 255 0 255 0
    126 255 98 0 0 255 0 130 255 255 0 255 0 255 255 74 0 255 0 255 255
    24 255 0 0 0 0 0 255 255 255 0 41 255 255 8 55 0 108 0 255 255 0 255
    80 183 0 183 255 0 44 0 255 255 0 255 255 52 0 0 255 255 0 255 255 0
    255 0 255 0 0 255 0 134 255 255 133 255 0 255 211 255 0 255 255 0 0
    0 255 0 50 0 255 0 0 255 35 155 255 0 255 255 255 0 0 0 124 255 0
    255 255 255 255 255 0 255 178 255 11 0 0 174 255 202 247 240 255 0
    149 255 255 255 94 0 0 27 0 235 255 0 0 255 0 0 255 254 0 0 0 255
    255 255 0 0 255 0 0 255 0 0 51 255 255 0 0 255 255 255 0 255 255 255
    0 255 255 0 255 116 255 0 15 255 0 0 0 255 168 255 165 168 97 255 0
    0 192 255 0 255 255 0 0 85 0 255 0 255 0 0 255 0 255 48 255 0 0 255
    106 91 255 0 255 0 0 249 0 0 0 255 255 0 255 0 0 0 255 0 255 0 38
    255 0 0 0 0 0 255 0 36 255 0 0 255 0 0 255 255 9 0 0 255 0 0 0 0 255
    186 255 255 0 142 255 0 0 255 255 187 255 0 166 255 255 180 255 0
    234 0 0 255 255 0 215 255 0 0 0 255 146 210 255 255 0 255 0 0 255
    233 255 0 0 0 148 162 0 232 0 255 56 0 0 0 0 255 185 255 0 255 126
    245 0 255 0 0 255 0 255 255 0 75 255 0 255 0 239 93 0 255 0 0 150 99
    255 255 0 255 0 156 0 0 255 255 255 255 126 0 0 0 255 0 88 0 0 0 174
    0 255 255 255 255 234 32 124 0 255 0 255 0 8 67 0 117 255 0 255 0
    255 255 255 0 255 255 0 255 0 255 255 0 255 0 255 85 0 255 115 0 76
    255 0 255 0 255 255 0 0 255 255 0 255 255 21 0 0 255 0 255 9 255 0
    255 0 255 0 255 142 0 255 255 211 0 255 255 0 0 63 255 0 76 0 255
    255 0 255 203 0 255 0 255 210 0 0 47 121 5 35 255 0 0 255 255 255 0
    255 136 255 0 255 0 255 252 255 0 0 0 0 47 208 0 255 255 255 181 255
    0 0 0 211 255 255 0 255 255 0 0 255 195 0 255 255 0 255 38 255 255 0
    0 0 255 0 255 255 0 103 0 255 255 0 255 0 0 0 7 0 255 0 255 0 255 22
    0 255 255 0 255 153 0 0 255 255 0 0 255 0 0 0 255 0 11 255 255 255 0
    113 255 0 255 255 141 255 0 238 255 0 253 80 0 255 0 0 255 51 255
    255 0 255 0 0 0 80 99 77 0 255 0 244 255 61 0 255 0 255 0 116 0 255
    255 255 0 255 0 96 255 106 255 0 245 255 255 0 253 156 255 0 255 255
    0 255 0 0 255 0 255 0 142 255 255 0 255 121 0 202 0 169 0 255 255
    255 0 255 51 200 255 150 255 0 255 48 0 0 255 255 120 86 255 0 0 255
    255 0 255 255 0 255 0 0 255 65 154 255 0 255 0 0 145 255 0 255 0 255
    0 0 255 0 255 0 192 0 148 237 255 169 255 93 66 0 255 0 132 0 0 255
    219 201 0 109 255 0 255 0 255 46 103 89 137 0 255 0 255 0 255 255 0
    0 255 0 159 255 255 255 0 255 255 0 255 0 0 255 0 0 255 0 255 237 0
    0 255 0 229 255 255 0 255 115 0 255 60 0 181 0 0 116 255 255 0 255
    255 0 255 255 120 252 0 255 0 0 195 0 255 255 0 0 255 0 255 228 0
    255 0 255 0 0 255 255 0 0 255 255 0 61 116 170 255 255 255 0 226 255
    255 0 255 50 221 0 255 0 255 0 0 0 255 0 255 0 0 91 255 0 255 0 53
    69 0 255 0 0 52 0 255 0 0 255 0 255 255 141 255 168 0 0 255 0 255
    255 0 255 241 0 255 255 207 51 6 0 255 255 255 0 0 60 30 127 255 0 0
    255 0 255 0 0 255 0 255 255 0 255 0 255 255 0 255 255 255 0 0 126 0
    255 255 0 255 0 0 255 255 255 0 0 255 255 255 0 67 59 0 0 255 0 0
    255 0 255 0 255 255 0 121 134 255 3 225 0 131 0 255 96 108 255 190
    255 0 255 255 0 255 0 255 158 255 0 0 255 0 98 255 255 255 0 255 255
    0 41 0 255 0 255 0 255 255 255 246 255 0 255 48 0 0 0 43 0 0 99 245
    0 64 0 0 0 255 0 255 255 255 0 255 0 70 0 255 0 255 255 255 0 0 0 0
    255 0 0 255 0 20 255 132 255 67 255 0 0 255 255 137 255 0 0 0 255
    255 255 25 255 255 255 0 255 0 255 0 255 139 0 255 140 146 16 255 0
    0 255 255 124 255 255 255 255 0 255 0 82 0 255 0 0 0 255 0 255 123
    255 250 0 255 0 255 255 0 0 221 51 255 0 0 0 255 0 255 255 255 0 255
    237 255 255 166 0 197 0 0 148 139 0 255 0 255 255 0 255 187 0 188 0
    201 255 0 212 0 0 140 255 0 255 247 34 144 255 92 0 0 145 255 0 255
    54 205 255 0 0 0 120 255 0 77 0 0 0 255 0 255 255 255 0 255 0 255
    100 0 255 255 0 255 0 255 0 255 0 255 255 255 0 255 255 0 36 0 0 255
    0 134 0 76 246 255 192 0 255 0 0 243 255 255 160 14 255 0 0 255 0 0
    140 0 0 255 0 255 144 233 0 255 0 255 0 255 248 0 0 255 0 255 255 0
    0 109 0 0 91 0 0 0 115 255 255 255 0 0 255 255 0 255 20 0 255 0 255
    83 0 0 255 0 255 0 255 255 0 255 78 255 0 255 255 255 255 255 0 0 78
    164 255 0 0 255 255 0 0 255 255 0 3 0 0 255 0 255 0 0 255 141 0 0
    101 255 255 196 0 0 0 255 95 49 0 0 255 71 255 55 134 0 0 255 0 255
    0 255 0 83 0 255 0 189 255 0 0 178 86 0 255 255 255 0 255 0 0 89 255
    202 0 0 255 0 0 0 255 0 0 255 0 255 255 0 255 0 255 1 255 105 255 0
    255 0 0 0 185 255 255 59 255 241 255 117 181 220 22 0 255 255 80 0 0
    244 255 255 23 91 0 0 255 0 0 0 0 0 144 0 255 255 0 255 0 255 255
    255 255 0 0 255 0 255 255 255 255 255 0 255 0 0 134 255 255 0 255 0
    173 0 0 0 255 0 255 0 255 255 255 0 255 0 164 255 0 0 0 255 0 255
    255 171 0 0 194 0 255 0 255 0 255 0 0 255 255 0 255 255 0 32 0 255 0
    83 255 255 0 255 0 0 0 245 0 0 255 101 150 245 0 192 255 0 255 0 255
    77 143 255 255 0 0 255 255 0 255 0 255 0 255 0 255 0 255 0 255 255
    255 255 0 255 0 238 0 0 0 255 255 255 0 255 0 0 8 222 255 255 0 145
    255 0 255 0 255 0 183 0 201 255 0 255 0 255 0 255 255 0 255 255 0
    255 0 255 0 255 0 255 255 255 0 255 255 0 0 255 132 0 255 255 0 0
    255 255 255 0 255 0 255 255 0 255 0 0 0 0 135 97 3 183 105 0 110 255
    255 255 0 177 0 0 255 0 0 97 191 0 255 0 0 0 255 0 255 0 255 0 255
    255 0 0 255 0 0 152 0 50 255 0 255 0 255 255 0 0 255 0 0 255 207 255
    232 255 0 255 255 46 0 0 194 0 255 0 255 0 52 0 0 255 255 255 255 0
    66 0 216 0 0 255 205 0 197 0 0 255 186 199 255 255 0 0 255 0 255 255
    0 249 191 0 0 255 0 255 255 255 255 255 35 249 41 255 255 83 0 255 0
    0 255 0 0 255 67 0 255 255 255 0 255 0 255 0 207 111 0 206 255 47
    255 130 255 0 255 255 213 255 255 255 255 0 0 255 0 118 0 255 244
    210 0 255 255 0 67 0 255 0 0 255 0 255 255 255 0 211 0 255 0 255 55
    0 0 255 0 83 233 0 255 0 255 0 100 255 111 253 0 255 255 0 255 255
    255 0 255 255 255 0 255 0 0 120 0 255 0 0 255 255 0 255 255 0 255 0
    51 0 0 0 0 255 255 0 34 255 255 0 0 255 218 0 0 255 0 255 11 16 255
    0 0 255 255 5 0 255 255 255 255 30 0 255 0 255 159 32 130 0 0 0 255
    0 212 116 255 239 0 70 66 0 255 0 161 255 0 255 0 245 0 0 255 119
    255 255 159 0 255 0 0 255 0 255 255 255 0 159 96 255 0 255 255 255 0
    255 0 255 255 209 255 0 0 255 0 0 255 163 255 188 255 0 255 0 255
    195 255 255 255 203 5 0 0 255 0 255 0 255 0 255 0 0 255 0 0 171 30
    131 255 0 255 255 0 63 0 85 0 255 0 0 0 255 0 255 0 255 90 195 234 0
    255 255 255 0 255 0 255 0 82 255 255 255 255 255 0 255 255 0 218 0 0
    255 0 255 0 0 48 255 0 0 0 213 138 255 255 0 0 255 255 0 255 255 0
    255 0 255 0 0 255 0 0 255 0 100 52 133 255 255 0 54 255 255 0 255
    255 4 255 255 181 255 0 255 255 0 255 255 255 134 7 0 0 253 0 255
    255 127 0 19 0 0 255 255 0 255 154 255 0 0 0 255 0 255 255 107 241
    255 255 0 255 0 0 255 255 255 0 0 255 0 255 85 0 0 0 167 0 255 0 255
    255 0 255 0 255 0 58 0 72 0 255 0 255 0 255 0 22 255 143 255 255 0
    255 255 0 0 224 98 155 0 255 255 0 255 255 0 255 255 255 157 255 0 0
    0 255 255 125 255 255 0 82 255 0 0 0 255 255 19 0 235 0 33 66 0 255
    85 0 190 1 177 246 255 0 255 255 0 0 165 253 224 255 80 0 0 255 3
    255 0 0 85 0 255 255 0 255 0 0 250 255 0 0 255 0 255 255 0 190 255
    247 0 255 0 0 0 255 0 132 255 255 211 159 0 255 55 0 51 185 255 206
    255 0 0 0 255 0 255 255 255 13 255 255 0 255 255 92 255 0 0 33 255
    118 70 255 0 255 94 0 168 70 87 0 255 0 255 255 0 0 241 46 0 0 255
    255 0 0 255 255 0 255 255 0 255 255 0 0 255 61 255 0 0 255 0 224 7 0
    0 255 255 0 255 0 255 255 0 255 0 5 0 0 255 0 84 0 255 253 0 0 0 255
    70 255 150 0 255 255 255 0 255 0 0 255 0 136 6 0 202 0 255 255 0 0
    255 255 255 57 176 106 255 125 255 255 226 0 0 255 255 255 0 255 59
    0 255 255 0 255 0 255 255 255 0 255 234 255 0 255 0 0 255 228 129
    255 0 255 0 0 255 0 0 255 0 0 255 130 0 255 255 255 0 255 40 0 0 12
    255 0 255 0 255 0 0 255 0 0 128 0 255 0 255 255 110 255 198 160 153
    255 255 128 255 18 54 203 255 234 0 255 0 0 0 98 192 5 241 0 255 0
    225 0 0 255 255 0 248 82 188 0 255 255 0 0 255 0 0 137 0 255 255 0 0
    255 255 0 48 0 255 255 176 255 255 255 0 255 0 255 255 255 0 255 0
    250 87 73 0 0 255 0 255 0 158 0 0 255 255 255 255 255 0 0 0 0 255 0
    255 255 255 255 0 255 0 0 131 0 255 0 255 139 255 255 0 0 255 255 0
    255 255 255 0 255 0 255 0 255 255 0 0 255 255 0 255 0 0 255 0 255 0
    255 255 0 251 75 255 188 255 0 255 22 0 255 0 247 255 255 45 0 205
    154 255 255 255 0 255 0 254 255 255 144 255 0 133 244 255 255 255
    255 255 0 0 255 0 0 255 0 255 0 255 255 29 255 0 255 127 255 0 0 255
    0 142 162 255 0 235 0 44 0 0 255 0 0 75 255 0 0 255 0 0 255 0 0 178
    0 255 255 255 255 0 255 173 25 179 255 255 255 255 0 255 0 255 0 255
    255 255 0 0 255 56 0 255 92 255 100 158 0 255 0 249 255 0 0 0 255 0
    77 0 0 0 0 255 154 0 255 255 159 229 255 255 0 255 0 0 255 0 255 28
    0 255 0 0 255 0 255 255 0 76 0 103 0 0 0 0 124 255 94 0 255 0 255 0
    11 146 255 0 12 120 0 135 255 255 0 0 241 0 255 255 0 0 255 255 45 0
    255 255 0 255 83 108 194 255 114 0 254 51 255 0 255 0 255 0 255 0 0
    79 255 255 0 0 255 255 0 255 0 255 0 255 0 0 255 255 0 255 0 157 0
    73 255 0 255 0 255 66 255 255 255 0 0 0 255 255 209 255 0 255 0 120
    0 0 255 0 255 255 0 255 255 255 255 255 255 0 255 127 255 46 255 0
    255 255 0 255 64 0 255 0 249 0 255 255 201 0 255 0 255 0 255 255 255
    252 255 0 255 0 255 0 89 0 48 196 181 67 156 255 255 212 255 255 0 2
    255 0 255 0 219 255 0 255 255 255 0 0 255 0 0 157 255 0 255 255 0
    255 139 0 232 0 255 255 255 0 0 0 0 0 255 0 255 0 255 0 214 58 255
    255 255 255 182 0 0 161 255 0 255 0 118 0 255 117 255 0 0 255 255 0
    255 75 162 254 255 255 0 107 0 0 255 0 255 0 255 0 0 255 0 144 255
    94 255 255 0 255 0 0 32 0 255 60 255 255 255 0 255 0 10 255 0 255 0
    0 255 0 255 255 255 0 0 255 255 0 200 0 224 255 0 255 255 0 255 0
    141 194 255 0 0 255 216 0 255 73 246 0 181 0 0 131 255 214 0 249 98
    149 255 98 255 0 255 10 255 0 0 255 0 255 0 202 255 255 0 29 255 255
    0 0 255 0 244 0 0 255 0 255 0 91 0 255 0 255 0 0 255 255 0 254 180 0
    0 255 0 6 0 255 255 33 255 0 255 255 0 255 255 110 0 255 0 0 255 226
    203 0 127 117 0 0 0 255 0 89 0 255 0 255 255 255 0 0 8 0 255 0 255
    59 0 255 0 255 255 147 255 0 255 0 255 0 255 0 255 35 255 0 255 255
    0 255 255 255 0 0 255 255 0 19 255 255 0 255 153 0 125 255 0 255 0
    167 255 0 56 255 255 0 0 91 0 255 255 0 0 216 84 255 160 0 214 228
    80 0 255 0 0 255 0 255 0 0 255 39 0 255 151 147 0 255 0 255 255 0
    208 255 0 255 255 0 0 255 255 255 0 255 255 0 255 16 255 95 255 255
    180 0 141 255 255 0 255 0 255 10 0 0 0 255 255 0 0 0 255 255 0 255 0
    255 105 255 255 0 16 241 0 255 0 0 0 124 255 207 0 0 255 0 0 33 255
    105 0 255 0 255 255 222 0 255 0 255 155 255 0 255 0 128 255 65 0 0
    255 0 10 0 255 255 0 107 255 0 233 255 255 0 0 255 0 255 0 0 255 90
    0 255 0 255 255 0 0 0 255 32 108 255 0 255 0 155 255 255 255 104 156
    255 0 196 0 255 0 0 255 0 0 255 0 255 0 255 0 255 0 0 25 255 45 255
    0 255 0 0 255 255 255 0 255 0 83 208 47 0 255 0 0 255 0 68 0 255 255
    0 255 0 0 255 0 255 0 0 0 0 255 0 255 0 248 255 0 0 157 0 255 0 9
    255 237 0 0 132 255 0 0 255 0 0 255 0 255 0 0 84 19 255 0 0 255 255
    255 255 255 0 255 255 0 0 255 0 0 255 37 148 255 0 255 255 255 0 255
    142 100 0 255 255 0 226 0 67 168 255 191 0 71 0 0 255 194 0 158 193
    255 0 255 102 0 0 255 0 152 0 0 0 0 198 0 0 0 0 0 255 255 0 255 255
    0 0 255 32 255 211 192 255 255 0 0 255 0 255 0 255 211 221 255 0 255
    138 255 0 0 255 0 255 255 213 0 255 0 255 255 93 255 0 0 237 255 255
    255 0 0 255 0 83 0 255 0 43 255 213 255 64 0 255 0 255 0 255 0 255
    255 0 146 97 255 0 34 0 255 255 0 255 255 0 255 255 0 255 0 255 255
    0 255 149 0 192 255 0 96 255 255 134 81 55 0 138 0 64 0 3 255 255 0
    105 255 255 31 0 255 238 255 0 178 255 255 0 255 255 0 255 0 255 255
    199 0 255 255 255 0 255 0 145 255 0 255 0 255 0 0 255 0 31 199 0 255
    255 255 208 33 255 227 255 0 255 0 0 255 255 255 0 224 0 255 0 255
    255 255 0 0 74 99 0 255 255 255 0 255 255 255 255 0 255 255 33 0 243
    0 255 0 0 255 0 255 0 255 161 144 48 255 0 141 119 218 143 0 0 255 0
    255 53 0 0 255 255 25 0 87 0 163 0 117 255 28 0 0 255 158 0 220 255
    185 0 0 255 0 255 255 0 255 0 0 255 255 0 255 255 0 255 0 255 0 255
    0 0 255 104 0 255 255 249 0 255 255 255 255 0 255 0 23 0 255 0 0 0 0
    0 203 255 255 0 28 0 255 0 255 0 0 255 0 255 255 26 255 0 0 0 255 0
    40 255 255 128 0 255 255 0 255 0 255 0 255 0 0 39 115 0 0 255 255
    255 0 255 0 255 0 255 29 255 0 29 0 255 95 57 0 245 255 255 0 0 255
    217 0 255 0 255 255 255 0 0 240 255 0 0 255 0 255 0 255 0 161 0 0
    255 0 166 255 239 0 0 0 255 255 0 255 0 0 255 255 0 187 0 0 255 0
    255 0 255 0 255 0 111 255 0 74 255 255 255 255 0 108 0 42 255 0 255
    2 0 255 0 134 255 0 0 0 255 255 117 0 167 143 235 0 241 255 255 255
    0 0 255 0 0 120 75 0 255 0 255 0 14 164 106 70 0 255 255 145 255 0 0
    255 0 0 255 0 255 255 0 100 80 255 0 17 0 232 255 255 175 0 6 0 0 0
    255 0 255 0 255 0 255 255 113 0 255 0 255 255 0 255 0 255 0 255 21
    255 0 255 255 0 255 0 255 50 0 255 0 0 255 255 0 0 255 217 0 255 0
    255 0 184 255 0 255 255 119 0 255 0 255 0 255 234 29 255 0 255 42
    194 255 0 255 0 255 159 255 212 0 0 247 0 0 255 0 255 0 255 255 0
    255 14 0 0 151 0 255 255 255 0 61 195 58 0 255 122 255 0 255 255 0 0
    0 255 0 255 0 255 255 255 0 255 249 255 255 255 0 0 255 0 159 68 0 0
    107 0 0 255 255 163 0 255 0 0 135 173 0 255 197 255 255 255 0 162 0
    38 0 255 75 255 0 0 217 0 98 51 0 16 218 44 0 159 255 0 0 255 0 0
    255 0 255 65 0 168 0 38 132 0 0 255 255 0 0 153 0 255 255 0 255 0
    255 74 0 255 124 255 0 0 255 255 0 16 0 255 0 0 255 0 0 255 139 0
    135 255 255 186 0 255 255 106 226 255 255 58 0 255 255 0 255 0 0 255
    0 0 0 31 255 0 0 232 255 31 0 73 0 45 0 0 0 96 255 255 0 255 255 0 7
    0 255 0 0 0 255 0 0 255 175 255 255 51 255 115 255 0 229 95 0 255 0
    255 255 255 0 255 255 0 0 14 255 0 255 0 255 0 104 255 255 0 255 0
    255 0 0 66 0 255 0 255 0 255 254 0 255 0 255 0 0 0 0 255 0 127 23 32
    255 255 10 255 0 255 255 0 210 255 0 255 0 0 0 255 255 0 0 60 0 255
    0 255 0 3 255 0 0 255 0 0 0 255 0 255 0 0 255 255 0 0 255 186 255 67
    255 0 255 0 255 0 255 255 181 255 255 0 255 255 0 0 255 255 255 0 0
    238 244 255 31 0 214 0 255 0 255 255 116 0 0 255 255 255 255 255 0
    255 255 190 24 0 255 0 245 255 255 0 191 255 0 70 0 255 0 255 0 109
    0 249 0 124 87 5 255 255 166 0 255 228 0 255 0 0 255 0 11 0 255 255
    255 0 0 208 255 113 238 255 209 0 240 0 0 255 251 0 193 0 255 0 127
    255 0 0 146 255 0 0 75 255 255 255 0 255 150 0 255 255 0 0 0 255 0
    255 0 255 255 0 0 255 255 255 53 0 255 0 94 0 255 0 0 255 0 213 0
    255 0 255 255 0 0 37 166 0 0 0 0 255 0 42 255 0 201 0 255 255 0 0 0
    255 0 117 249 255 255 18 0 255 255 0 255 0 255 0 255 255 255 145 0
    157 255 0 255 255 255 0 255 0 255 0 255 139 0 26 0 255 0 166 255 0
    77 0 255 23 255 0 0 255 255 0 255 0 115 255 255 0 0 200 9 255 255 0
    0 0 255 175 255 233 255 217 255 0 118 221 0 0 255 0 0 0 0 255 255
    255 0 255 30 77 81 54 255 91 0 60 0 255 0 255 255 0 255 255 255 0
    255 0 0 93 255 0 0 255 0 255 0 255 96 255 0 47 0 255 255 0 0 255 255
    0 126 80 0 48 0 255 255 255 0 255 20 50 255 131 0 24 255 255 72 104
    0 0 0 255 0 255 0 255 0 255 0 235 0 134 170 255 0 255 98 0 0 255 0 0
    0 255 0 125 255 182 255 134 255 0 187 0 255 0 102 13 0 255 255 0 255
    150 0 113 255 0 255 173 0 255 0 255 0 255 0 214 27 0 63 54 0 95 255
    0 0 54 255 0 255 255 45 255 255 89 255 216 0 0 255 0 0 255 0 255 0
    83 255 0 255 255 0 0 255 0 1 0 255 0 203 0 0 255 0 255 0 255 167 225
    0 0 176 0 0 255 0 255 0 0 225 0 0 9 0 0 220 171 255 171 0 0 255 255
    0 255 255 0 255 57 0 255 255 0 255 255 255 0 0 0 0 255 159 0 255 0 0
    0 163 0 255 82 0 157 255 0 255 255 255 0 255 0 255 255 255 104 143 0
    255 255 134 23 255 255 0 255 255 0 0 0 255 0 0 255 0 255 0 255 255 0
    255 0 255 0 106 0 0 255 83 255 0 0 0 255 255 0 255 0 0 0 229 255 255
    0 150 0 255 0 255 47 0 128 58 50 0 255 0 255 58 255 0 255 0 255 255
    0 0 0 78 0 255 0 0 0 32 255 92 0 255 0 255 0 0 255 255 241 255 0 204
    255 255 0 139 255 255 0 255 75 255 0 255 184 0 0 4 0 255 0 34 255
    255 84 255 255 0 0 0 223 113 0 0 255 0 178 255 0 48 255 118 0 255 0
    202 255 255 255</data></my_img>
<your_img type_id="opencv-matrix">
  <rows>128</rows>
  <cols>256</cols>
  <dt>u</dt>
  <data>
    255 0 119 244 255 255 238 252 0 255 0 255 0 190 0 98 0 255 0 0 0 187
    255 0 255 0 12 0 255 0 255 85 193 255 0 133 0 255 232 0 0 255 0 0
    255 0 124 0 255 0 255 255 148 7 255 255 0 0 159 255 0 0 255 0 255
    229 255 255 0 112 0 115 255 60 41 0 42 255 0 0 255 0 255 20 255 0
    143 255 255 0 0 255 0 0 0 0 255 197 0 68 0 5 0 255 255 0 0 255 0 33
    0 255 91 0 0 255 250 0 0 31 255 0 0 0 255 255 229 0 194 255 103 0
    255 255 74 0 235 255 0 50 93 0 255 0 255 255 0 255 0 253 0 0 255 0
    255 0 0 0 0 255 255 0 0 0 255 0 0 255 0 255 255 255 0 0 104 9 255
    255 0 255 0 119 245 221 0 255 58 255 0 0 0 0 255 255 162 0 0 255 101
    161 0 95 255 0 0 255 47 0 255 255 0 255 255 0 166 0 255 0 255 255 0
    0 0 255 0 255 211 0 255 136 0 15 0 255 255 0 209 255 0 67 112 0 0 0
    0 255 0 255 255 222 190 255 0 0 0 0 255 0 255 0 12 25 255 106 0 81
    163 99 255 255 15 100 127 0 255 0 255 0 70 255 0 255 0 255 0 255 255
    0 255 0 255 0 255 7 255 0 255 0 0 255 0 255 255 0 255 255 0 0 255 37
    255 0 255 228 255 255 255 255 0 255 0 0 255 0 255 0 255 0 255 0 255
    255 0 255 0 255 0 255 0 74 0 255 155 0 255 0 255 255 255 255 255 255
    0 0 255 0 255 0 255 0 255 255 0 255 0 255 75 255 255 255 150 104 0
    255 160 255 0 255 31 33 255 37 255 255 0 255 255 255 0 216 0 23 0
    255 0 70 255 0 0 255 0 0 255 0 255 232 183 0 255 236 255 0 255 89
    255 231 0 0 0 255 0 255 0 0 255 0 255 26 255 0 255 30 0 0 255 255
    255 255 255 0 255 0 7 113 255 255 64 255 0 0 0 255 255 0 223 0 0 190
    165 255 255 0 0 209 255 0 255 139 185 119 254 255 180 80 0 0 111 255
    0 255 127 0 255 0 89 255 0 255 0 0 255 255 0 0 255 0 255 0 255 34
    205 0 255 255 0 255 236 191 255 255 255 0 255 0 60 255 43 0 145 255
    255 53 133 0 0 255 0 255 255 255 0 255 0 255 0 209 247 0 255 0 255 0
    167 0 255 106 237 255 255 0 19 255 255 255 0 255 38 0 0 255 160 0
    255 0 88 255 0 56 255 0 178 0 255 158 255 23 255 0 100 0 147 255 0
    246 0 255 0 0 255 0 255 0 255 255 255 255 255 0 0 255 0 255 0 0 0 0
    255 231 255 255 0 255 0 255 0 0 131 10 0 255 255 224 255 0 0 0 0 14
    67 255 114 0 148 255 0 255 0 56 101 255 0 255 0 0 63 0 255 202 255 0
    255 176 0 255 0 0 255 161 188 255 0 0 0 42 255 0 0 0 0 55 0 255 12
    255 55 0 222 106 0 255 255 0 255 221 255 127 255 255 0 255 0 0 0 251
    0 255 226 255 255 152 0 150 0 0 0 0 255 255 255 0 255 255 217 221 0
    206 71 19 241 255 0 0 255 255 0 6 0 255 0 0 0 255 0 255 0 255 0 0 0
    255 0 229 64 0 55 255 0 0 0 255 253 0 255 255 95 255 255 255 0 0 255
    255 0 255 0 255 0 255 0 255 255 125 32 255 0 255 0 0 0 255 255 0 255
    76 255 0 0 255 179 0 255 0 255 255 38 97 0 255 0 255 216 255 24 200
    0 255 0 0 0 0 255 197 255 210 255 255 255 0 0 255 255 120 255 255 0
    255 0 255 0 255 255 0 0 255 74 255 255 0 0 0 255 163 0 86 0 41 157
    48 255 0 0 125 255 255 0 255 155 0 255 0 255 255 0 137 0 98 255 0 0
    0 5 255 255 175 255 0 0 255 255 0 255 255 255 255 0 113 255 255 255
    0 255 0 50 255 255 0 202 0 255 0 2 255 0 0 0 38 255 255 0 0 255 0
    255 23 160 0 0 255 255 0 0 0 0 255 255 171 255 159 0 255 255 255 0 0
    255 0 65 255 0 0 255 0 0 67 0 255 255 208 255 75 255 0 118 0 0 255
    255 0 112 255 255 255 0 0 210 0 255 255 0 0 255 255 0 255 255 0 93
    147 69 20 255 0 255 0 255 0 255 0 132 105 255 0 0 121 0 0 255 0 255
    0 12 253 255 0 133 119 154 255 60 255 0 255 126 255 0 255 255 196
    255 0 255 0 255 0 0 0 255 0 76 0 167 255 0 255 0 139 0 255 131 0 0
    198 255 0 1 0 255 113 0 255 0 255 255 247 241 0 255 0 255 255 98 0
    255 0 255 0 255 0 255 0 255 255 121 255 0 255 0 255 0 145 147 224
    255 0 132 213 0 116 0 152 255 255 201 0 255 0 255 0 255 0 0 24 255 0
    0 0 255 0 189 0 248 0 255 112 255 0 0 0 255 255 255 255 0 255 255 0
    255 0 0 0 151 99 0 255 0 255 255 0 251 51 255 139 0 0 0 255 0 0 0 0
    0 255 0 0 0 237 255 0 0 255 255 255 79 255 178 137 0 255 145 0 255 0
    255 255 0 0 78 156 255 0 126 43 63 124 211 255 0 0 255 255 255 55 0
    41 255 255 0 74 0 169 0 255 0 255 0 255 0 255 0 255 123 0 36 0 255 0
    0 255 28 91 228 255 0 0 255 255 119 0 255 255 94 255 0 0 255 0 0 255
    51 0 244 255 255 0 255 255 255 0 81 255 65 255 0 255 255 0 255 0 0
    255 255 9 0 255 255 0 255 0 234 54 0 255 0 255 0 255 0 0 25 255 0
    255 0 255 0 255 255 0 255 227 0 255 0 255 0 255 35 255 0 32 132 255
    0 209 127 0 255 0 255 255 0 255 0 0 0 0 255 255 0 0 255 192 53 0 207
    0 79 0 0 255 255 0 0 97 255 0 189 0 255 255 108 0 255 0 0 82 0 0 0 0
    0 215 234 0 0 255 255 35 0 0 255 53 98 255 255 0 255 255 0 164 0 255
    255 255 0 78 0 0 255 41 0 0 255 0 255 255 155 255 255 255 0 48 0 255
    0 255 255 0 255 255 255 255 0 255 123 255 255 0 255 255 0 255 5 0
    255 0 209 0 0 0 255 204 255 230 255 0 166 0 141 0 255 255 0 255 0
    255 31 255 255 0 0 255 174 255 0 255 0 163 255 163 255 0 255 0 255
    68 255 0 255 255 0 255 0 129 255 255 223 0 71 255 0 0 255 255 0 0 0
    0 255 255 0 255 0 255 255 0 227 0 255 60 0 0 255 0 255 0 255 0 255
    159 255 55 86 255 0 255 0 255 139 0 0 255 0 255 255 255 0 255 255
    214 102 0 255 0 255 156 255 0 255 0 255 0 255 0 0 255 255 255 0 255
    0 0 0 255 0 255 255 0 200 163 255 80 255 0 255 0 255 0 0 255 255 0
    255 0 255 255 255 0 255 255 0 255 0 61 219 0 255 0 76 255 253 0 255
    58 255 255 0 255 255 0 255 255 20 255 74 255 0 255 255 255 0 0 255
    115 0 255 0 255 255 0 0 255 0 0 255 183 0 0 255 255 33 255 0 0 255 0
    255 0 0 235 64 255 220 255 0 0 255 0 161 0 255 0 165 255 0 0 255 0
    255 255 252 0 0 255 0 0 255 255 255 0 32 255 0 255 0 50 0 255 255 0
    0 255 0 0 255 0 255 255 255 0 230 255 0 255 127 0 255 0 224 255 110
    83 0 138 0 146 0 255 255 255 201 0 255 116 212 182 255 255 0 255 0
    255 5 255 0 255 255 0 255 255 255 0 255 255 255 0 0 255 252 0 255 0
    164 153 255 0 0 255 123 0 255 255 0 255 255 255 255 255 255 0 50 0
    255 125 255 142 255 181 255 0 255 0 255 255 0 255 38 0 136 0 0 0 171
    255 0 0 255 168 0 255 255 0 255 80 255 0 158 0 255 0 255 0 255 0 255
    0 241 255 0 0 255 174 0 255 195 134 0 255 0 255 0 0 0 255 255 0 2
    114 127 255 0 0 50 255 255 0 255 0 0 255 0 255 255 255 0 53 0 0 218
    255 0 0 255 41 0 255 0 163 0 0 0 0 44 0 0 255 255 142 49 0 255 255
    255 0 255 0 0 0 0 255 0 255 0 255 0 255 216 255 0 255 255 0 0 255
    255 70 176 0 0 0 255 236 0 0 0 255 0 255 156 255 255 255 0 0 127 243
    0 255 211 0 255 0 255 0 255 255 0 0 255 123 0 255 232 255 0 189 255
    255 255 255 0 255 0 0 253 81 82 0 255 0 177 0 255 0 0 0 255 255 236
    0 72 250 255 0 0 255 0 255 0 0 255 0 255 162 255 0 0 255 0 0 0 255 0
    255 154 255 0 5 255 0 0 255 116 255 0 255 1 255 56 255 255 255 255 0
    0 0 183 84 255 0 0 0 0 0 247 0 255 54 255 0 0 75 0 0 255 0 255 255
    255 35 248 0 244 255 255 255 0 29 255 0 0 0 0 0 130 255 91 0 255 0 0
    255 255 0 255 204 255 214 255 255 0 0 15 0 0 255 0 193 0 224 0 255
    255 4 255 0 255 150 255 255 0 255 255 0 255 0 0 249 229 0 222 0 183
    255 255 255 255 255 0 0 186 0 255 0 0 255 0 255 255 255 255 0 255 0
    255 255 255 0 0 255 0 255 0 255 0 0 84 0 4 116 0 21 255 255 255 0
    255 11 19 0 255 0 35 255 114 4 0 255 0 255 0 119 0 255 0 255 223 0
    35 255 255 59 0 99 124 0 255 0 255 255 255 0 149 255 0 255 0 255 255
    255 0 80 54 255 0 156 169 255 41 0 255 58 255 0 90 255 255 255 0 255
    255 0 255 49 0 0 0 0 102 255 255 0 0 0 255 255 255 0 114 255 165 255
    0 255 255 0 161 255 0 255 0 0 0 0 255 147 218 0 255 0 255 0 180 57 0
    255 255 178 0 84 0 255 0 0 255 0 0 151 0 255 0 0 255 27 0 47 229 255
    255 255 66 0 255 0 255 0 109 255 255 255 0 255 0 59 0 255 177 255
    255 0 0 69 255 0 255 255 0 255 0 249 255 0 255 126 0 255 255 245 0
    255 0 0 254 255 0 255 0 255 255 0 0 255 0 255 0 255 255 0 0 77 255 0
    0 255 0 0 255 0 255 255 255 0 255 77 255 255 0 0 0 255 0 0 0 0 0 0
    85 255 255 255 0 255 60 226 0 198 255 0 180 141 255 25 255 0 0 245
    255 0 0 0 255 255 96 255 255 0 0 181 195 255 0 255 40 129 0 255 0
    255 197 152 255 255 0 255 0 0 255 255 209 81 0 255 0 255 0 255 184 0
    203 0 255 255 0 255 255 152 255 135 255 0 255 255 63 103 0 255 0 255
    0 30 0 0 255 255 0 255 255 0 0 255 0 0 0 0 255 12 255 0 255 0 22 0
    255 119 0 255 255 0 255 141 0 255 0 255 0 230 22 255 67 0 255 101
    255 0 0 60 46 255 255 0 155 0 255 255 73 255 197 0 255 202 0 0 255 0
    255 255 255 240 172 255 0 153 233 0 255 129 0 255 138 0 22 255 0 0
    240 230 5 255 255 0 255 0 148 0 85 0 82 0 61 0 0 255 88 145 255 79
    40 255 0 0 0 17 255 255 0 255 255 0 255 0 255 255 241 0 255 211 0
    248 0 0 255 0 255 0 0 255 240 0 255 255 0 0 255 255 255 0 0 255 0
    255 0 0 255 255 0 255 89 0 197 255 255 0 255 255 0 171 0 255 0 255
    108 255 255 0 255 39 205 192 255 255 0 99 175 255 0 0 0 0 0 255 255
    0 255 0 255 0 0 0 115 0 206 56 255 0 234 0 255 0 0 255 255 0 255 255
    0 255 0 176 242 0 255 255 0 229 255 126 255 0 17 255 255 0 0 255 255
    0 0 255 255 255 0 255 255 84 255 34 255 0 255 0 255 0 255 255 255
    101 255 0 56 0 255 255 0 255 218 182 255 0 255 255 255 255 0 164 0
    255 0 255 0 255 255 0 31 255 255 0 255 0 6 255 223 0 0 229 0 255 0 0
    255 0 255 255 0 255 0 255 72 255 0 0 255 0 79 255 0 255 69 0 255 0 0
    0 255 0 255 255 255 255 0 156 255 210 255 255 80 21 0 186 0 255 144
    0 0 0 0 130 255 255 0 255 96 161 145 130 255 255 0 255 147 0 0 0 255
    255 0 255 0 255 255 0 255 255 25 255 0 0 0 255 14 0 0 0 0 255 87 255
    0 255 255 0 255 0 255 0 147 66 0 255 0 65 0 10 255 0 255 255 49 255
    0 255 0 0 255 124 0 0 0 255 0 0 0 0 208 117 255 204 0 255 209 0 0 0
    255 0 96 0 255 0 126 0 255 255 0 255 0 0 0 255 255 201 0 0 255 255
    255 255 0 65 255 0 255 255 0 255 255 0 12 0 255 245 255 0 255 250
    255 0 255 0 48 255 0 255 27 0 255 0 255 137 255 204 0 255 62 255 122
    0 255 0 0 255 0 0 6 185 237 0 0 255 0 0 255 255 0 255 255 255 169
    195 0 0 255 0 23 255 0 0 0 255 255 0 247 255 0 0 245 0 0 255 0 255 0
    0 255 215 255 0 0 255 255 255 0 255 0 206 0 0 250 219 255 255 255 79
    0 255 255 255 0 255 255 255 0 0 255 255 255 255 182 152 214 0 255 0
    255 0 131 0 148 0 0 0 255 0 255 255 255 0 0 255 168 255 255 0 0 38
    255 53 0 0 0 103 255 0 255 44 255 255 0 255 10 249 255 216 0 101 81
    188 255 186 255 0 193 255 0 255 255 0 255 255 255 0 189 0 255 0 0
    255 0 127 0 72 0 209 255 63 0 255 146 255 255 0 255 106 176 149 0 0
    0 0 255 255 33 166 255 255 205 168 0 255 255 0 0 255 232 255 153 255
    247 255 0 255 0 255 0 255 0 0 163 255 255 255 0 255 0 0 255 238 191
    255 0 255 0 239 0 255 0 255 0 0 113 0 255 0 255 255 174 0 0 255 0 0
    255 0 0 255 0 255 204 108 160 166 0 57 255 0 255 0 255 255 255 0 138
    255 255 229 209 137 255 255 0 144 255 230 255 0 255 137 255 0 255
    255 0 0 0 0 0 255 101 255 0 255 255 255 255 0 0 255 255 0 161 255 0
    255 255 0 255 255 0 255 0 255 0 255 255 0 255 0 255 0 255 0 255 116
    255 0 0 9 0 44 0 0 0 0 255 255 0 255 0 255 0 255 0 99 0 255 0 214
    255 122 255 11 255 255 255 255 24 149 255 0 0 255 0 255 33 0 0 0 0
    255 238 255 0 0 255 255 0 0 255 197 255 255 0 0 0 188 138 255 255 0
    255 0 0 255 255 0 0 0 255 0 255 0 0 0 255 0 0 255 255 255 0 255 0
    255 0 255 255 255 69 0 0 0 255 0 255 0 0 255 241 0 0 255 255 0 255
    61 0 255 0 145 0 255 0 98 255 0 247 0 255 132 0 204 255 0 96 255 0
    255 0 0 255 0 255 0 0 255 0 246 0 70 50 255 0 255 0 255 225 0 0 255
    0 192 0 0 255 255 0 255 0 255 0 255 0 255 0 147 255 0 45 255 255 255
    255 0 0 0 255 0 255 0 255 215 255 255 0 0 255 255 0 60 78 255 255 0
    255 0 255 97 255 70 255 0 246 255 255 198 0 207 208 238 214 255 0
    244 255 0 0 255 0 0 255 0 255 0 0 255 255 0 255 190 93 52 0 0 255 0
    255 255 128 255 0 255 0 0 255 255 0 236 161 255 0 218 0 0 255 255 0
    255 0 35 255 160 255 0 255 0 255 0 48 0 0 255 255 197 0 255 0 255 0
    255 255 0 255 255 0 255 0 0 255 255 0 255 255 0 0 0 27 166 255 255
    171 255 34 255 0 79 0 51 109 255 255 140 119 255 0 255 0 0 255 0 219
    0 198 80 255 0 255 0 0 255 0 255 176 225 255 0 255 0 137 255 255 0
    113 0 92 255 0 255 0 255 175 255 0 128 255 0 255 0 0 255 0 255 255 0
    255 255 0 0 255 255 0 0 192 255 0 210 201 154 94 255 255 242 255 0
    255 124 0 255 0 0 255 160 255 0 255 255 0 152 175 0 255 255 13 255
    255 255 0 0 255 0 0 0 255 255 0 35 255 52 255 0 255 0 255 84 0 255 0
    0 92 185 200 23 0 255 0 255 0 255 255 0 0 255 0 0 255 233 0 0 0 0 0
    0 0 0 0 4 131 0 77 0 56 137 255 0 0 250 255 255 86 0 198 0 255 75
    255 204 0 255 0 195 188 255 0 255 255 116 255 0 0 0 255 0 0 255 0 0
    255 255 0 255 214 0 255 0 198 255 255 64 255 0 255 40 255 0 255 249
    0 255 126 224 0 0 255 255 0 0 255 255 0 255 255 0 255 0 255 0 22 0
    255 0 0 70 255 255 21 0 255 255 0 255 255 0 255 0 255 0 141 0 0 255
    0 255 255 255 0 0 40 255 60 255 36 255 0 255 0 23 0 143 255 255 110
    0 0 255 255 198 0 147 255 255 0 255 255 217 255 83 0 255 255 76 0
    255 49 255 0 255 0 0 255 0 255 255 0 0 255 0 188 0 0 255 0 255 141
    255 0 255 0 0 162 26 0 255 0 0 0 255 119 12 255 255 0 255 164 255 0
    255 0 0 0 115 255 28 255 0 255 255 110 0 242 0 0 255 148 255 0 255
    107 255 0 0 255 0 0 255 0 255 0 255 0 149 0 255 0 0 255 10 129 47 0
    0 255 0 255 0 62 151 0 0 255 0 12 255 85 0 255 255 0 255 255 255 0
    255 15 255 255 0 0 255 45 255 255 255 0 255 0 0 255 0 255 255 255 0
    0 255 255 85 0 221 255 255 0 0 0 171 255 255 0 255 219 0 255 0 255
    36 255 0 0 255 0 208 255 0 208 0 255 0 0 255 255 0 255 0 235 0 84
    255 11 255 0 0 255 0 173 0 0 255 0 131 255 255 0 0 255 0 0 0 255 0
    255 0 0 255 0 255 255 0 255 0 255 0 255 255 0 255 0 0 255 255 0 255
    0 255 0 0 0 255 255 0 255 0 255 0 255 255 91 255 0 255 116 0 255 154
    255 0 255 0 255 0 0 187 0 255 255 0 155 0 120 255 152 0 110 0 255 0
    255 0 0 255 255 214 13 0 126 0 255 15 255 254 255 0 255 0 255 0 255
    6 0 255 179 255 106 255 0 233 235 255 0 0 109 170 255 255 0 0 255 0
    0 255 0 255 255 0 0 0 0 77 255 76 0 255 255 255 213 243 0 0 0 82 255
    0 0 255 255 0 76 255 0 255 255 199 0 255 0 255 255 255 0 255 0 60 0
    255 146 255 0 0 255 0 255 255 255 255 0 255 0 255 0 71 255 0 78 0
    255 0 236 255 6 0 255 255 255 0 255 255 0 255 151 0 202 0 0 0 237 0
    123 255 0 112 148 97 0 0 255 0 247 0 0 255 0 77 184 0 255 255 64 255
    0 255 87 255 0 255 0 255 0 255 73 255 255 255 139 0 255 255 0 255 0
    255 0 255 164 0 0 235 0 255 0 0 255 255 255 169 0 255 237 255 255 0
    0 0 255 0 54 187 255 255 255 71 0 0 29 255 0 249 0 0 255 0 255 0 0
    157 0 0 0 255 0 0 255 0 255 34 251 0 255 255 0 186 255 0 0 228 255 0
    44 35 0 255 0 2 255 0 93 211 255 0 0 0 255 242 28 0 255 215 0 0 255
    255 0 255 0 0 255 0 255 83 0 180 236 0 255 0 255 0 255 0 0 0 28 255
    255 0 255 244 255 6 0 0 255 232 0 255 255 0 255 215 0 255 121 255
    255 255 0 255 0 255 0 0 0 0 255 26 255 0 0 255 255 0 255 255 125 255
    255 0 209 255 199 83 92 0 255 147 255 255 0 0 255 156 40 255 255 0
    22 255 0 255 0 255 27 0 255 219 0 255 255 255 0 255 0 255 0 0 0 255
    255 0 255 0 0 38 255 0 255 0 0 0 0 255 222 0 0 255 211 102 255 0 255
    114 255 147 255 255 255 255 0 255 133 255 11 0 105 0 255 18 255 0
    165 0 222 255 255 0 161 63 0 255 0 226 19 96 255 255 247 0 255 249
    255 255 0 255 255 0 255 95 255 0 255 255 255 0 0 0 177 0 255 45 255
    255 255 255 0 0 255 151 255 255 0 255 0 139 255 255 22 255 0 255 255
    0 255 255 167 255 255 255 0 255 255 0 255 0 228 0 0 255 0 0 255 255
    255 147 0 102 205 0 0 38 255 0 255 0 0 255 255 255 221 255 0 255 255
    255 240 255 0 0 255 255 152 151 0 255 116 141 236 0 255 44 167 255 0
    255 255 0 0 0 255 0 0 255 0 111 124 255 0 0 0 255 0 182 255 18 0 0
    199 0 0 255 0 0 255 255 0 255 255 0 255 197 255 255 0 0 255 13 0 255
    0 0 132 8 0 255 255 38 12 0 0 255 0 183 0 255 59 0 255 26 0 11 0 255
    0 255 255 0 255 0 0 0 255 120 255 0 110 0 255 255 237 255 255 255
    255 49 131 255 103 255 255 255 0 220 45 255 255 255 0 255 255 255
    255 0 249 255 255 0 0 151 0 0 255 60 0 0 255 255 0 255 255 255 0 255
    0 236 0 108 255 255 124 255 0 0 0 242 255 0 0 255 0 255 255 0 255
    204 0 0 255 0 234 0 0 255 0 113 0 255 0 255 0 255 255 118 0 255 0
    255 0 255 0 0 0 38 255 163 0 36 245 255 100 255 0 0 255 0 255 0 0
    255 255 0 255 0 0 255 255 0 178 0 0 0 255 0 255 230 0 251 255 0 0 0
    255 0 255 255 0 255 0 0 255 0 0 255 0 5 1 0 0 255 0 119 255 0 255 0
    255 0 213 32 143 255 0 143 255 0 255 0 255 0 255 0 185 255 0 255 30
    255 255 255 0 255 255 129 252 255 0 255 0 255 0 58 255 0 0 255 255
    137 255 0 0 0 255 76 0 0 255 59 0 0 0 0 255 0 255 78 255 255 255 0
    255 0 0 255 0 0 0 0 0 255 255 255 0 255 27 0 255 0 247 221 255 0 255
    255 0 255 0 255 0 255 91 72 0 255 130 0 0 0 199 0 255 23 0 112 255
    255 0 255 255 7 187 0 255 0 0 0 232 0 24 255 0 255 0 255 255 0 255 0
    67 162 0 73 255 0 13 69 0 0 0 255 255 9 0 255 0 255 0 0 255 0 255 0
    250 255 255 0 197 0 0 2 255 0 255 0 255 255 0 255 255 0 255 0 255 0
    255 0 255 0 0 255 255 0 255 2 0 0 255 255 0 255 0 0 0 255 255 0 94 0
    255 0 255 154 0 0 255 255 0 243 255 227 205 0 0 255 0 255 255 0 118
    136 255 0 255 108 234 255 203 255 218 0 255 0 0 0 255 255 90 0 255 0
    255 244 255 255 0 255 255 0 255 0 255 0 2 255 0 0 0 0 57 0 255 115 0
    255 0 255 0 255 0 0 255 0 0 0 255 0 255 25 0 0 255 0 0 255 255 0 0 0
    255 255 102 0 0 229 0 0 255 255 0 144 255 255 0 0 84 255 255 0 255 0
    0 0 164 0 0 255 0 0 255 0 255 255 0 125 255 0 0 0 0 255 16 255 0 255
    255 0 255 255 9 0 255 0 255 0 0 255 0 0 255 0 255 81 255 0 0 0 255
    255 255 255 0 255 0 0 0 196 9 255 255 0 122 255 0 255 152 255 255 0
    255 0 130 255 0 255 0 255 0 0 0 255 255 0 51 255 255 255 0 0 0 255 0
    164 255 255 0 255 0 255 0 255 0 255 255 0 255 0 136 0 255 0 255 0
    255 0 0 197 255 143 0 255 0 200 76 0 115 255 0 0 255 0 255 0 255 93
    255 0 255 255 255 0 0 255 0 255 0 255 0 0 0 255 176 0 0 255 0 0 255
    255 0 108 0 255 0 255 255 255 0 255 79 255 255 0 0 0 0 0 0 255 206
    255 0 0 117 255 255 255 0 0 0 255 255 0 255 93 0 255 184 255 0 0 0
    255 255 0 0 255 237 255 0 0 255 0 255 0 255 0 181 98 255 255 255 255
    0 255 250 0 255 57 255 0 0 255 0 49 220 255 255 255 0 0 255 255 0
    170 255 255 13 0 255 160 0 255 0 0 0 255 119 255 208 0 255 255 0 255
    255 0 255 0 255 255 0 255 20 255 255 38 0 255 255 0 167 255 0 0 0
    211 255 0 75 255 255 0 255 255 255 0 183 0 0 64 226 0 255 0 0 0 255
    0 116 0 255 0 255 64 0 255 255 0 157 255 255 0 0 255 233 0 255 220 0
    0 0 0 255 255 0 185 0 108 0 255 0 255 255 255 255 0 12 34 255 0 255
    0 255 0 0 255 255 0 0 255 0 255 255 196 255 255 0 255 0 248 255 255
    255 0 255 0 0 138 0 255 0 86 255 159 255 255 255 0 0 255 29 139 0
    154 255 0 255 0 255 0 255 107 0 255 0 224 161 0 255 0 39 0 0 0 255
    13 0 255 255 0 255 255 0 255 0 59 0 0 255 233 255 255 196 255 0 0
    255 255 255 0 10 0 181 255 0 0 255 29 255 20 255 0 255 0 255 216 255
    0 255 255 0 255 0 0 255 255 221 255 0 255 0 0 255 0 255 0 0 255 255
    0 255 201 0 46 0 255 201 0 255 255 0 17 0 181 0 255 0 0 0 71 0 0 0
    255 0 231 169 255 255 255 0 255 162 255 0 255 0 6 255 0 0 255 0 81
    255 0 0 0 255 0 217 0 255 0 0 255 0 255 0 77 255 0 183 0 0 0 255 0
    255 0 0 0 255 0 255 255 0 255 255 255 0 156 0 255 255 104 0 255 0 98
    0 0 91 255 8 148 0 255 0 255 27 255 238 255 0 255 255 255 0 54 0 0
    255 255 255 0 255 0 0 255 0 255 0 255 0 255 0 255 0 0 255 0 0 0 255
    0 0 0 0 255 0 0 255 0 159 0 0 0 0 255 255 0 140 91 255 0 255 0 0 0
    255 0 0 255 0 165 255 62 19 0 255 108 128 159 0 94 0 0 0 255 85 255
    0 255 0 20 0 0 255 255 0 255 255 0 255 0 0 0 255 0 255 255 255 255
    179 67 0 255 114 194 255 80 80 23 255 255 255 255 0 255 0 255 0 2
    244 255 0 69 0 255 0 0 0 255 0 90 255 170 0 152 0 255 0 255 0 0 32
    255 0 255 66 255 0 255 0 0 255 0 255 46 255 0 255 0 89 0 0 0 255 0
    255 0 255 255 255 0 255 255 255 255 0 255 255 0 255 0 255 0 0 255 0
    255 255 0 0 255 255 152 34 255 255 255 255 255 255 255 182 0 255 0 0
    255 255 0 2 255 0 21 255 255 196 0 0 255 0 255 190 255 212 0 255 213
    255 139 255 255 0 255 255 0 110 255 255 38 255 255 0 255 76 255 0
    255 0 255 255 0 0 255 255 0 255 255 0 255 0 20 0 255 27 65 255 0 0
    255 255 77 255 0 255 197 255 255 0 255 255 255 0 255 255 255 0 6 255
    5 255 255 255 0 168 255 79 255 255 255 255 0 255 255 255 129 100 0
    14 255 0 255 244 111 255 0 255 255 0 0 255 255 0 255 255 0 255 93
    255 255 234 130 0 0 255 1 241 148 255 36 255 0 255 0 84 0 184 255
    255 0 45 0 167 50 0 0 255 214 255 0 255 0 255 255 34 0 255 0 0 0 255
    0 0 255 65 255 0 0 0 255 122 0 0 255 0 255 55 90 0 91 115 255 0 255
    255 255 0 255 0 255 255 0 0 255 255 0 0 255 0 0 0 0 0 255 0 255 0
    255 172 255 0 255 255 255 0 0 0 0 255 0 0 255 255 134 255 255 0 250
    85 255 255 0 0 0 255 255 51 0 0 0 0 255 161 0 75 0 255 215 70 255 0
    0 255 0 0 255 10 144 0 255 0 45 255 0 255 0 0 255 255 0 0 255 0 0 38
    143 0 255 0 255 0 255 0 0 255 50 0 0 255 255 0 0 255 0 255 255 0 0
    255 0 255 0 255 0 0 255 255 0 255 182 0 255 0 0 255 189 0 0 255 255
    255 0 0 0 255 255 255 0 255 0 0 255 255 0 255 0 255 0 0 113 0 255 0
    0 255 13 0 255 0 255 0 255 0 255 255 0 0 255 255 0 0 0 0 0 255 0 255
    199 255 255 0 255 0 255 212 0 255 0 224 255 118 0 44 245 0 255 0 134
    255 175 255 0 255 0 255 255 0 0 255 255 162 255 255 0 255 0 141 255
    0 47 164 255 0 21 0 255 0 44 208 0 255 0 97 255 0 146 0 255 255 0
    255 0 255 255 0 0 0 0 255 0 0 81 48 255 255 0 255 62 0 0 255 0 255 0
    255 62 255 0 255 0 0 0 255 255 0 255 0 196 255 255 255 0 160 255 0
    164 0 0 64 255 255 0 0 255 93 255 0 255 255 255 0 255 30 255 0 255
    255 0 255 0 255 18 255 195 0 255 0 255 255 0 250 0 65 255 255 201
    144 255 255 245 34 164 255 0 0 0 255 0 0 255 0 0 255 0 0 0 255 255
    216 255 0 255 0 255 0 255 0 0 0 255 0 0 0 255 0 40 255 255 0 255 255
    0 15 0 255 0 0 255 182 121 230 0 255 255 133 139 0 255 255 0 255 0 0
    255 0 0 255 0 255 255 231 168 11 255 0 255 0 255 0 255 0 0 0 255 255
    0 255 228 139 0 255 255 0 255 0 255 0 255 0 0 255 0 0 255 0 0 255 0
    0 0 255 255 207 0 255 0 0 255 0 255 0 0 255 0 255 0 0 222 255 0 255
    0 196 255 0 255 109 255 28 180 0 255 0 0 255 255 103 0 0 0 255 0 255
    0 255 255 62 255 255 0 178 255 0 255 255 71 151 0 0 0 0 255 0 255
    255 72 255 210 0 255 0 0 255 255 255 255 0 255 0 255 255 0 255 255 0
    0 255 255 0 255 255 255 255 0 255 0 0 0 255 255 0 0 255 0 0 0 0 255
    0 254 0 255 0 255 255 0 111 255 0 255 0 0 0 255 255 255 0 255 0 65
    255 0 255 255 0 255 255 255 184 0 255 61 0 0 0 101 255 0 0 255 255
    88 0 255 0 225 205 255 255 0 255 255 255 0 12 0 255 0 195 255 0 0
    255 255 255 0 255 255 99 0 0 255 0 188 255 255 171 222 255 127 97
    255 247 0 15 255 0 255 251 0 255 255 255 0 255 153 0 152 203 255 0
    255 0 255 0 0 171 0 255 0 255 255 255 0 144 0 255 255 255 0 19 255
    255 0 255 147 0 0 0 0 255 42 0 255 137 133 255 0 0 255 0 255 0 0 255
    136 126 0 255 0 255 0 142 255 0 0 181 232 0 232 68 0 217 255 116 255
    0 255 0 255 0 255 255 255 0 255 255 255 0 255 0 0 0 255 255 255 69
    255 255 255 0 0 98 16 0 255 255 0 255 74 0 164 0 255 255 128 238 0 0
    163 101 255 0 171 0 217 84 0 0 255 66 139 166 255 0 255 35 255 0 255
    0 240 0 164 0 255 0 0 255 0 117 255 0 0 0 255 255 255 0 255 255 92
    255 104 255 255 255 255 152 86 24 0 228 0 255 0 255 0 255 0 250 65
    61 27 73 255 0 186 0 0 255 149 0 0 255 0 0 0 255 255 255 91 82 255
    255 188 0 117 0 255 88 165 0 255 0 0 255 236 0 16 255 0 0 168 255 0
    255 0 146 0 255 78 255 129 0 141 0 0 0 255 226 230 255 0 255 0 255
    252 205 0 255 0 255 0 0 0 0 255 255 0 255 243 255 42 255 0 255 0 255
    0 235 0 131 255 0 27 255 48 0 255 255 0 255 0 0 104 255 0 255 5 18
    255 0 0 255 255 0 255 255 0 0 0 0 255 0 255 36 255 155 1 93 0 255 0
    255 255 0 255 80 0 0 255 255 255 199 0 0 255 0 255 0 255 0 0 255 0 0
    88 0 255 255 0 255 0 255 0 255 255 255 153 0 255 0 143 0 0 255 255
    255 255 255 0 162 255 0 0 255 0 255 0 144 255 0 255 205 255 255 255
    255 0 120 0 255 255 255 0 0 255 0 255 255 255 0 255 0 90 218 168 255
    0 255 0 255 255 0 255 255 0 0 154 0 178 0 0 255 0 0 255 0 255 0 255
    0 0 0 0 0 255 255 0 0 255 0 9 8 255 0 255 255 0 255 33 255 255 0 255
    0 10 255 255 255 255 255 255 255 255 255 255 239 0 255 0 218 139 0
    121 255 0 199 255 0 255 0 147 106 0 0 255 0 255 0 145 189 255 0 0
    150 74 0 255 0 255 0 255 0 0 0 13 0 197 23 255 255 255 135 255 0 255
    0 255 0 255 0 103 0 255 141 0 255 0 255 221 119 0 0 255 0 0 19 0 255
    0 255 0 62 0 165 255 0 255 201 255 0 255 120 255 255 195 255 255 255
    0 0 0 255 72 255 93 207 0 255 174 213 134 149 255 0 187 255 0 0 0 97
    0 0 255 255 0 0 255 0 255 1 255 255 0 255 75 0 255 0 255 0 106 0 255
    0 0 0 0 190 255 12 126 77 255 255 255 0 255 0 255 255 0 255 0 255
    255 0 255 207 255 4 255 0 0 86 251 255 0 255 0 255 0 0 0 151 255 255
    55 0 255 0 0 0 0 255 247 66 0 29 255 108 0 2 255 0 255 255 238 255
    176 240 0 255 255 255 0 255 255 0 255 255 255 223 0 48 0 255 0 255
    255 255 255 255 0 255 255 0 188 184 0 184 0 255 0 0 0 255 0 224 188
    0 0 0 0 255 0 230 255 0 0 0 255 70 0 0 255 0 255 0 255 0 255 0 0 255
    121 0 216 255 191 255 0 255 79 255 0 0 255 0 255 0 0 255 0 0 255 0
    97 255 255 107 255 99 255 0 255 0 255 0 255 0 122 255 175 255 255
    255 0 0 178 255 0 204 255 255 255 122 255 255 206 255 0 255 117 0
    255 0 255 12 255 255 0 255 255 150 0 255 143 7 0 255 255 0 255 0 178
    255 0 255 0 234 0 243 255 255 0 255 0 255 0 0 255 198 0 255 255 255
    255 255 0 255 255 0 255 67 255 0 0 0 255 255 255 255 0 255 0 178 0
    255 61 0 255 0 255 255 0 255 255 0 0 255 0 0 255 0 255 0 255 0 0 0
    40 255 0 0 255 0 255 255 0 255 136 10 255 0 255 0 255 0 255 255 0
    255 0 255 255 255 0 255 0 255 18 0 255 0 255 0 255 131 109 0 182 255
    239 211 255 0 255 0 0 0 255 255 0 0 0 255 0 0 255 0 255 0 255 0 0 0
    255 0 255 255 0 255 0 0 255 255 255 0 255 0 255 255 255 205 0 255 93
    255 255 132 0 255 0 255 255 0 0 255 132 255 0 0 149 255 0 255 252 95
    0 255 255 13 0 0 226 0 125 0 255 0 255 0 255 0 255 0 0 21 255 0 0
    255 0 214 126 255 168 0 255 0 193 255 0 0 0 255 143 0 0 0 255 0 168
    255 18 0 255 255 255 0 255 255 0 34 255 0 0 0 255 0 255 255 0 255 0
    255 204 197 0 247 255 0 255 24 0 213 96 115 0 255 255 255 0 0 0 0
    103 158 255 0 255 0 255 0 155 224 255 0 255 0 0 255 91 0 255 0 0 255
    0 0 255 255 240 255 255 2 0 255 255 0 255 0 255 0 255 0 0 0 255 0
    255 0 255 255 115 0 0 255 0 82 0 255 0 0 90 255 0 0 255 255 0 255
    255 0 255 47 0 255 0 255 255 0 255 0 89 0 0 0 255 0 255 0 255 0 0 0
    255 0 255 255 0 255 0 255 0 255 0 255 202 0 227 0 255 0 255 255 0
    255 0 255 255 0 60 0 255 133 0 162 0 255 0 255 11 255 13 0 0 255 0
    255 0 255 255 0 0 255 0 0 24 174 193 255 255 0 0 255 234 223 255 0
    181 255 255 255 255 255 0 255 0 0 0 0 255 0 255 255 0 0 255 255 255
    0 255 255 0 255 226 109 255 0 255 0 255 0 255 0 180 0 255 255 0 0
    160 58 0 99 0 255 255 0 255 106 189 19 240 0 255 255 255 0 255 255 0
    255 0 51 186 56 255 0 255 0 255 0 0 174 0 0 255 255 255 239 190 0
    205 0 0 255 255 255 255 158 255 0 255 136 31 0 28 255 0 0 255 253
    255 61 159 0 0 0 27 255 0 255 13 0 255 255 0 255 0 227 0 255 0 255 0
    0 0 255 0 255 0 255 0 255 0 255 0 255 255 255 245 255 255 255 255 0
    255 255 255 0 255 255 0 155 255 255 0 255 255 0 255 0 255 0 255 255
    190 173 0 0 255 0 0 0 0 255 255 0 40 255 255 0 0 255 255 0 0 255 0
    255 0 17 255 0 255 0 0 255 82 0 0 255 255 0 255 255 0 255 0 218 109
    0 0 0 0 255 246 0 0 0 0 255 255 0 255 0 255 53 0 255 0 255 255 0 67
    0 0 255 255 255 0 255 0 0 99 0 0 255 0 0 0 255 0 68 0 0 25 49 0 0
    255 0 255 255 0 255 0 255 0 2 255 255 255 0 255 0 255 0 255 0 255 0
    235 255 0 255 0 8 0 255 255 0 255 134 255 255 0 52 255 0 255 0 255 4
    0 61 0 255 0 255 255 0 255 0 51 0 0 255 255 255 128 208 0 34 0 255
    255 179 255 29 255 255 255 33 160 255 0 184 190 255 255 0 255 206 83
    0 255 255 0 0 240 0 255 255 255 0 140 0 53 0 0 255 255 255 0 255 0 0
    255 0 153 0 255 255 0 0 255 4 0 118 255 0 255 255 0 0 35 65 255 0
    255 255 0 255 0 215 58 255 0 255 0 255 255 0 0 255 0 81 255 0 32 0
    255 0 255 255 53 0 0 0 0 0 255 255 0 255 0 0 255 255 211 0 0 57 209
    0 255 0 255 46 0 255 21 0 255 0 255 0 255 0 0 0 0 220 223 0 96 0 255
    0 0 0 255 255 0 0 255 0 255 255 10 255 204 255 0 255 255 0 255 0 72
    0 255 227 255 194 255 0 0 255 255 255 211 0 0 255 255 0 0 255 0 255
    2 255 0 255 0 255 0 196 221 0 255 255 239 255 0 0 79 0 252 255 255
    14 255 72 254 0 255 255 0 124 0 82 111 35 255 23 255 0 0 136 164 0 0
    0 255 252 0 255 154 0 255 0 0 255 255 255 65 255 0 255 0 255 255 169
    0 255 0 255 248 255 135 0 255 0 168 33 255 0 255 255 0 0 228 224 0 0
    255 12 222 0 198 0 255 79 0 105 234 83 0 255 255 0 0 0 255 226 255 0
    0 239 255 0 255 255 255 0 201 0 0 0 0 0 49 0 0 255 255 0 140 0 0 195
    255 0 198 0 255 255 0 255 38 0 255 174 0 75 255 255 0 0 255 0 0 0 0
    255 6 213 255 0 143 235 0 255 0 255 0 123 0 255 255 255 255 0 7 255
    56 255 255 0 0 255 0 255 0 255 127 0 255 255 0 0 255 255 19 0 255
    255 194 146 255 0 0 251 0 255 166 95 255 255 112 255 0 255 255 0 0
    255 0 255 0 0 0 101 199 255 0 255 0 255 55 0 255 98 255 0 0 255 0
    255 119 215 0 93 0 255 255 0 255 0 0 255 255 255 93 255 255 0 0 0
    255 255 0 255 255 255 106 231 0 0 255 255 255 0 255 0 255 0 255 0
    255 0 0 255 0 128 0 255 255 0 0 0 0 182 164 255 255 255 255 255 137
    214 0 0 0 255 255 0 105 202 0 255 161 0 200 0 255 0 255 0 15 180 17
    255 0 0 255 255 249 255 255 0 0 0 193 0 0 255 0 255 0 0 255 0 255
    186 0 255 106 255 0 32 255 0 255 0 255 0 255 255 0 0 255 0 255 111
    255 198 0 255 0 255 0 255 255 255 195 0 255 216 0 0 99 131 255 255
    255 255 0 0 199 0 0 255 144 0 97 0 0 255 255 255 0 62 255 255 255
    255 167 255 255 0 0 255 59 0 0 251 255 0 255 0 0 255 0 243 0 0 255
    255 0 255 0 0 255 0 0 43 255 0 255 213 0 0 255 0 0 0 255 0 0 255 0
    255 0 255 0 255 255 0 255 255 0 123 0 0 255 0 255 0 255 0 255 0 255
    0 81 0 255 0 255 141 255 255 255 0 0 97 255 255 255 77 0 0 255 205
    110 0 0 203 0 255 255 0 255 255 255 0 255 255 255 0 255 255 0 255
    255 0 0 255 255 0 0 0 255 0 255 0 70 255 255 255 245 0 106 255 87
    255 255 0 255 255 0 0 87 255 0 255 0 0 255 0 255 140 255 0 255 0 0
    255 95 255 255 0 15 255 255 0 58 171 255 208 255 239 0 255 255 0 255
    0 255 0 142 0 0 0 255 132 255 255 112 44 255 24 255 255 0 0 255 210
    0 255 255 0 0 150 255 0 255 0 0 255 0 0 138 0 255 0 255 255 0 0 255
    126 255 255 0 214 255 0 255 244 255 255 13 0 255 0 255 0 0 19 255 0
    255 0 255 255 255 0 0 255 255 255 0 255 255 0 255 0 255 0 80 71 255
    0 255 255 255 0 255 33 20 0 255 0 0 0 255 246 255 0 163 255 0 255 0
    255 255 255 0 255 255 0 0 255 0 255 255 255 0 255 255 255 0 0 255
    255 0 255 0 0 0 0 255 255 255 0 255 0 255 0 255 0 255 255 0 255 0 0
    255 210 0 191 255 0 44 255 255 0 255 0 255 255 0 255 0 255 255 255 0
    0 0 255 198 255 148 0 0 255 0 42 0 0 0 183 0 0 205 0 130 122 0 255
    255 0 255 255 255 255 246 222 58 202 0 255 0 127 137 198 255 0 255 0
    255 0 0 240 255 255 0 255 255 0 255 0 255 0 0 0 0 255 255 255 0 0
    255 255 181 214 0 255 0 255 0 0 255 89 178 255 89 41 107 0 63 175 0
    160 153 255 255 0 255 255 0 0 255 0 104 255 0 255 0 0 0 0 255 0 255
    0 255 101 250 255 0 255 255 255 255 183 0 255 0 255 0 0 255 255 0
    255 0 255 255 255 0 255 0 255 0 0 255 0 0 255 0 0 0 255 255 0 255 0
    0 0 73 0 0 255 0 0 0 75 255 0 9 98 255 0 255 255 0 180 210 255 0 255
    0 0 169 255 255 203 215 254 111 0 255 0 255 255 0 0 255 0 0 0 255 0
    255 0 255 0 255 0 255 0 255 111 255 0 208 255 0 255 0 255 255 0 255
    105 0 255 3 255 197 0 255 0 44 255 255 255 227 0 255 70 255 255 255
    0 0 255 0 177 0 255 5 255 255 255 0 255 255 0 255 0 255 255 0 255
    255 0 253 205 255 255 106 255 18 255 255 0 255 194 0 4 255 0 255 0 0
    0 0 255 119 189 0 0 255 0 255 0 0 255 0 0 0 0 255 255 0 0 255 255 0
    0 255 0 0 0 0 255 218 114 0 255 18 255 0 31 255 0 255 255 0 255 0 0
    255 0 255 244 187 0 0 255 0 41 233 255 0 255 255 0 0 6 255 0 0 255 0
    255 0 0 255 0 255 104 0 255 227 0 255 255 255 14 255 246 0 255 221
    255 0 0 0 255 234 173 255 255 0 255 0 0 255 131 45 0 255 0 255 255
    177 0 58 255 255 0 0 255 166 255 0 0 0 13 125 0 255 0 0 255 255 0 0
    170 201 255 0 255 0 0 50 255 0 0 255 255 0 255 0 255 251 255 0 255 0
    0 255 255 0 0 0 255 0 0 255 255 0 255 0 60 0 255 255 0 181 193 0 0
    187 255 255 255 0 0 0 0 255 0 255 203 0 255 0 0 20 0 255 0 255 255 0
    255 0 31 0 0 255 134 255 0 0 177 0 255 255 0 255 0 255 0 255 0 255 0
    0 86 0 255 0 255 0 58 0 0 255 0 0 190 0 0 255 0 255 0 255 255 205
    255 255 249 255 225 255 0 255 255 72 255 210 102 224 255 255 255 0
    255 255 0 0 255 255 69 255 0 255 238 0 110 0 255 255 0 255 255 0 0
    213 0 157 255 0 0 0 255 0 255 255 0 255 0 0 0 255 255 0 0 0 255 255
    104 255 255 0 0 255 0 0 255 255 255 0 222 255 0 255 0 255 22 206 0
    255 0 222 0 0 255 0 255 255 0 0 0 255 0 55 0 0 255 0 65 255 255 0 0
    0 98 255 0 255 0 255 255 0 76 255 0 0 255 0 0 255 150 255 255 0 0
    255 206 255 0 255 166 0 255 0 255 0 255 255 44 255 0 0 255 255 0 255
    0 125 255 245 255 255 0 255 225 255 0 120 220 255 255 148 0 255 195
    179 0 255 0 255 0 255 0 0 255 204 0 177 238 255 0 255 255 0 255 0 0
    26 234 0 72 0 0 255 245 0 0 101 255 0 255 0 255 221 0 255 0 255 0
    255 0 255 0 255 255 255 0 0 255 255 255 0 255 0 0 60 0 120 255 255
    119 113 255 164 198 200 255 0 255 0 255 255 178 255 0 0 255 0 255
    207 236 255 72 255 255 0 0 48 255 0 164 0 0 79 255 0 0 0 219 211 0 7
    255 0 137 255 0 255 255 0 0 255 0 255 0 255 0 0 0 255 0 255 255 255
    0 255 0 255 0 210 255 0 188 255 0 255 0 255 255 0 255 0 5 255 244 0
    104 98 0 0 127 255 0 0 247 189 107 0 0 255 72 0 0 250 121 255 47 255
    255 255 0 255 32 255 0 255 0 0 255 255 255 255 0 255 0 0 254 0 255
    255 255 0 255 210 255 255 0 255 0 0 21 0 255 213 34 42 255 255 0 255
    0 255 0 0 255 0 220 156 255 36 255 0 0 0 255 161 0 255 255 0 255 0
    255 255 0 70 0 107 255 98 154 0 255 0 0 0 0 0 255 0 255 0 211 0 0 0
    255 0 255 255 254 255 0 0 255 102 0 255 0 255 255 0 255 0 255 255 0
    255 255 255 0 255 255 255 47 222 255 255 175 0 0 0 255 0 190 0 255 0
    255 0 111 255 0 30 255 255 0 255 0 255 190 255 255 0 0 255 0 0 0 255
    0 255 0 255 0 255 49 254 255 0 255 0 255 255 0 0 3 0 87 0 0 255 255
    24 0 0 255 0 255 255 233 255 255 238 255 0 255 0 0 255 91 0 255 255
    0 255 0 253 255 0 255 106 100 255 255 0 255 255 0 255 255 0 255 0
    255 255 0 255 0 255 108 0 165 255 0 0 0 255 0 0 0 154 0 255 0 0 193
    154 255 40 0 255 20 255 255 0 0 0 255 0 0 39 0 198 0 255 0 0 255 132
    0 0 255 0 255 255 0 105 154 255 255 63 255 228 0 131 0 0 255 255 0 7
    165 255 0 255 138 255 255 0 255 0 255 163 255 0 255 155 0 255 0 0
    141 251 255 0 255 0 255 0 0 0 193 0 0 66 255 0 0 255 0 255 255 60 32
    0 255 255 0 52 255 243 0 255 0 255 0 255 0 38 255 0 0 255 0 101 0 0
    255 0 234 0 255 0 255 0 255 255 0 0 255 255 255 89 0 0 255 0 47 0 0
    0 0 0 255 178 255 255 0 255 0 255 0 0 179 255 0 0 168 0 75 93 255 0
    255 0 255 0 255 255 0 111 255 0 255 0 255 0 17 255 255 255 0 0 43 0
    255 98 255 0 0 2 0 255 0 0 255 0 255 149 255 255 0 255 0 183 182 255
    157 255 0 255 38 255 146 194 255 255 0 255 0 0 255 0 0 255 0 255 255
    0 89 26 0 255 0 255 0 93 255 145 0 255 126 0 255 72 0 0 0 0 255 147
    0 58 255 0 226 255 255 0 0 162 29 0 133 0 255 0 0 255 0 0 255 255 0
    98 255 0 157 7 0 255 0 255 0 0 255 255 252 0 0 255 255 0 255 0 133
    255 0 255 255 150 0 255 0 255 0 16 255 0 255 255 0 255 0 0 0 255 0
    146 255 255 0 0 255 0 0 255 255 0 0 255 0 83 255 0 255 0 0 255 0 0 0
    255 118 255 255 0 255 255 0 255 0 255 0 255 0 255 255 247 23 0 255 0
    0 255 0 255 0 0 0 255 1 179 255 255 161 48 61 0 0 255 255 0 255 255
    0 0 255 0 0 67 0 255 0 0 255 197 255 209 211 255 0 255 0 255 254 207
    0 255 54 0 255 0 255 148 54 0 0 249 0 0 255 255 0 255 255 0 138 255
    255 255 115 255 146 0 69 0 241 255 0 255 0 255 0 0 255 0 0 255 0 199
    0 167 255 0 233 0 255 0 155 255 255 255 0 0 255 255 255 45 254 0 0 0
    15 153 0 255 203 45 38 255 255 0 214 169 0 255 255 0 190 0 255 0 0
    120 0 255 0 255 0 11 255 255 0 255 0 255 255 255 0 255 0 255 0 255
    81 0 255 255 0 255 255 255 255 0 255 55 0 0 71 0 185 255 53 0 232
    255 0 0 255 255 255 3 0 255 0 0 0 255 0 32 68 255 31 0 0 200 255 57
    255 255 0 255 0 255 67 143 255 0 31 255 255 0 255 255 0 255 0 255 0
    255 55 237 0 255 0 255 0 0 255 255 0 0 64 0 255 255 255 0 255 0 255
    184 0 0 255 0 107 0 255 0 255 0 0 255 71 255 0 0 255 255 0 180 199 0
    195 0 255 117 0 255 172 0 255 170 255 0 65 255 0 138 0 255 24 0 255
    0 255 0 255 255 255 220 0 255 169 0 0 0 255 0 255 0 131 255 234 255
    0 255 255 0 255 255 15 0 255 0 12 0 0 0 0 0 0 255 128 0 84 0 255 0
    120 255 255 0 255 0 255 0 255 164 0 0 255 255 255 0 255 0 255 255 0
    255 255 0 0 0 0 0 0 216 0 214 0 255 0 255 229 255 0 255 0 0 0 255 0
    48 255 0 0 0 255 0 0 255 2 255 0 0 255 0 255 0 255 0 255 0 255 0 255
    0 0 0 255 0 0 255 0 255 0 255 0 255 0 255 255 0 0 85 255 0 0 255 255
    255 0 255 98 0 255 0 255 0 52 255 255 0 0 95 233 255 255 0 255 0 255
    0 74 0 255 255 192 255 0 91 0 0 0 242 255 0 195 255 0 237 0 255 0 0
    33 255 0 45 255 255 255 0 255 255 0 255 255 139 0 0 0 74 0 255 0 0 0
    0 255 0 0 255 255 0 255 0 255 255 212 255 255 255 0 0 255 0 222 0
    230 191 0 215 179 255 255 0 255 255 255 0 249 255 0 255 178 13 0 255
    0 180 0 180 255 0 0 255 0 0 255 0 4 24 0 255 0 255 0 255 174 255 5 0
    0 255 255 154 37 0 255 255 0 255 0 0 108 255 0 255 0 255 179 0 255 0
    255 0 0 177 255 0 125 0 144 67 0 50 0 255 255 0 0 245 0 255 0 0 0
    164 58 0 0 255 126 132 27 255 176 57 255 255 255 0 0 255 255 0 255 0
    227 0 255 0 255 255 205 0 255 0 255 0 203 235 255 0 255 0 255 255 0
    1 255 208 255 255 0 48 121 0 0 0 254 41 255 255 0 0 255 0 255 0 255
    0 6 0 0 255 0 255 0 255 0 0 255 0 0 110 255 0 255 0 255 255 0 255 0
    0 224 71 255 0 255 0 0 255 255 255 165 255 0 255 0 227 0 255 0 255
    118 0 255 255 255 111 0 192 255 0 212 0 255 0 255 0 255 0 0 0 0 0
    255 0 255 0 255 0 253 255 0 110 0 255 0 255 0 51 255 255 43 150 0
    113 255 60 219 60 255 0 0 15 255 0 157 42 0 255 226 0 255 255 0 140
    0 9 255 0 1 255 255 255 0 255 64 249 0 132 0 255 40 255 255 0 255 0
    0 105 165 255 80 255 0 223 21 0 255 0 0 0 255 89 255 0 0 255 255 85
    0 0 0 255 0 207 0 143 255 255 199 0 255 255 255 222 255 42 255 87 0
    255 255 255 255 0 77 255 0 0 255 255 255 0 0 164 0 255 0 255 143 0
    244 0 0 189 255 0 0 255 0 255 0 0 255 255 255 0 255 255 0 255 255
    145 230 255 0 255 0 0 232 103 0 0 255 255 50 23 0 231 255 255 227 0
    255 255 74 0 255 0 0 255 58 177 0 225 255 255 2 0 157 255 0 0 255
    226 255 255 0 0 255 0 255 0 76 255 255 255 0 255 0 0 255 0 0 255 0
    255 18 0 0 255 0 0 255 183 0 255 255 0 0 121 191 0 5 0 176 141 0 255
    0 0 255 0 223 0 255 0 241 0 237 0 0 0 0 255 18 255 0 0 255 255 255 0
    255 255 0 0 0 142 255 0 255 0 255 191 0 51 130 255 97 0 0 255 0 255
    0 255 255 255 0 255 0 223 255 0 212 255 0 255 255 255 0 255 0 189 0
    255 85 255 255 0 255 115 0 255 0 255 0 255 255 0 141 251 255 124 0 0
    255 0 154 255 0 255 199 255 255 34 0 0 255 238 79 255 255 0 0 255 0
    255 255 255 255 0 255 0 255 0 255 255 0 24 255 160 0 0 255 0 59 0 0
    255 255 0 193 255 0 255 0 255 255 255 0 255 0 11 0 0 98 255 255 0 0
    255 139 255 255 0 0 255 255 255 0 3 255 0 255 160 255 0 255 255 255
    207 84 255 60 255 0 255 0 46 0 255 255 0 0 255 186 255 159 0 255 255
    0 255 255 0 255 255 255 0 255 0 79 0 0 0 255 255 0 255 0 0 255 0 255
    0 158 153 0 170 0 255 0 0 179 255 255 0 255 45 255 0 0 255 255 0 255
    255 53 255 0 0 255 0 255 0 255 0 99 255 255 0 0 221 255 38 0 0 0 255
    0 0 0 255 0 255 255 255 255 0 255 255 0 163 255 255 0 255 0 255 0
    167 255 255 200 106 0 255 60 0 255 0 255 0 141 255 222 170 255 0 0 0
    0 0 88 255 255 168 255 0 255 0 0 0 168 152 246 23 255 0 255 147 0
    255 0 26 255 0 255 0 255 0 255 0 255 0 141 0 255 0 88 255 0 255 0
    255 0 176 142 57 255 155 0 0 0 255 255 255 33 0 255 230 255 0 0 0
    255 148 247 137 255 219 0 0 255 0 0 127 255 255 0 255 255 129 255 0
    0 255 10 0 255 117 0 0 0 93 0 222 255 0 35 255 0 255 255 255 0 255
    255 255 0 255 0 255 208 83 0 255 25 112 241 0 255 255 0 82 0 188 127
    0 255 0 0 255 0 255 0 0 111 0 0 0 255 0 176 0 0 227 136 110 0 255 0
    255 0 0 0 0 0 255 0 255 0 0 255 112 107 255 0 255 0 255 0 255 0 255
    0 0 255 0 12 0 23 0 0 0 178 0 0 0 255 255 255 0 255 255 101 255 0
    255 0 191 0 255 255 0 0 255 36 255 0 0 146 0 255 0 255 23 0 255 0
    141 0 0 0 62 255 0 255 255 0 255 0 255 255 0 255 0 255 0 80 255 255
    0 0 255 0 184 98 103 255 0 255 108 0 0 255 0 255 152 255 0 255 0 156
    0 255 255 0 255 255 255 0 255 0 255 195 27 68 255 255 0 64 53 0 255
    255 237 255 90 0 255 0 255 127 0 255 0 0 255 0 179 255 0 134 199 255
    0 255 255 0 0 35 255 0 255 58 255 0 196 255 0 255 0 0 255 0 255 0
    224 255 255 80 255 0 255 255 0 0 0 0 255 246 0 255 255 0 255 0 255 9
    184 255 0 255 255 165 255 0 0 0 0 255 0 67 0 255 0 0 0 255 0 255 0
    255 255 0 0 0 0 255 255 0 255 185 194 0 255 102 255 0 255 0 255 255
    255 0 92 90 135 0 255 0 255 0 255 255 0 255 0 187 0 255 255 255 164
    213 0 255 255 228 81 0 0 0 88 255 0 0 255 255 0 255 255 0 255 255 0
    255 0 255 255 255 255 125 255 0 255 0 255 0 0 255 34 255 255 184 0
    128 0 203 187 79 255 0 0 255 94 255 255 0 255 0 88 192 0 255 0 158
    95 0 0 0 255 0 74 255 0 255 0 104 0 255 255 202 255 0 255 255 255 0
    255 142 0 255 0 255 20 0 166 102 0 0 0 255 97 0 255 0 255 255 255 0
    255 255 0 0 255 255 0 255 163 255 224 0 7 185 0 42 255 255 0 0 255
    35 0 255 0 0 64 255 0 255 255 0 0 198 255 0 255 255 255 0 163 255 0
    236 105 0 0 255 0 255 0 0 44 0 255 255 0 255 0 255 0 255 0 0 0 162 0
    207 0 121 255 90 255 255 0 255 0 0 255 255 86 106 0 0 255 226 255 0
    58 255 0 255 0 144 255 255 255 0 255 0 255 0 255 0 255 0 0 255 112
    255 255 255 255 180 0 0 0 255 255 255 0 196 0 110 255 0 0 0 0 255 0
    253 27 255 0 0 0 255 255 0 29 249 79 255 0 255 91 0 255 0 255 0 48
    51 255 46 90 255 255 255 255 228 0 255 0 0 255 111 0 255 0 255 0 255
    0 255 0 24 255 82 255 0 0 255 255 0 196 73 10 0 255 225 255 181 0
    255 0 246 255 0 0 255 0 255 0 255 255 0 238 255 255 0 255 0 161 0
    255 0 0 0 0 255 0 255 255 0 62 0 0 213 0 0 0 22 0 160 96 30 255 232
    0 255 0 255 255 0 255 0 0 255 255 255 0 0 255 0 149 255 0 255 255 0
    255 0 181 45 255 0 255 118 255 255 0 60 255 0 0 0 255 0 0 0 255 0 0
    170 187 41 0 255 0 0 236 0 0 0 255 119 255 0 255 14 0 255 255 255
    255 0 124 255 201 0 255 255 31 229 0 255 255 255 255 255 255 0 0 153
    98 0 199 255 255 0 0 0 0 0 255 37 255 0 142 0 0 8 30 239 0 0 255 255
    255 0 255 0 255 0 0 216 254 78 0 0 134 0 255 0 247 0 36 255 0 255 0
    255 0 90 255 255 57 79 0 255 16 251 244 255 0 0 40 255 0 255 117 0
    101 76 255 0 0 0 255 0 255 65 235 0 0 255 0 0 99 255 255 0 255 255 0
    0 255 255 0 255 0 255 227 185 255 0 255 0 255 0 255 0 255 34 255 0
    255 0 255 0 0 255 255 0 179 255 0 0 174 249 255 0 255 0 255 0 255 5
    255 255 0 255 0 0 255 255 0 255 0 255 0 230 255 255 255 0 255 0 255
    255 0 255 0 255 255 0 255 248 60 0 255 164 0 8 255 255 0 0 86 255
    255 255 255 0 0 255 255 0 0 255 0 255 255 255 0 0 255 255 255 0 233
    0 0 255 0 255 71 255 0 0 255 255 255 0 255 0 0 255 255 0 255 0 255 0
    255 236 255 0 115 255 0 255 0 255 255 255 0 255 0 255 0 255 0 195 0
    0 255 255 0 122 0 255 0 139 0 0 255 255 0 68 255 255 0 0 4 0 84 255
    255 255 45 0 255 249 255 0 0 255 0 255 0 255 0 0 255 255 0 167 0 255
    0 255 0 0 255 255 255 0 255 255 255 0 15 255 255 0 255 0 0 76 0 255
    0 0 138 0 255 255 0 255 0 242 0 0 211 118 255 0 255 0 0 0 255 255 96
    185 143 41 0 255 255 0 255 255 240 0 234 0 255 255 0 255 0 0 255 86
    0 0 255 100 0 255 117 0 204 51 0 255 255 0 85 255 0 162 206 190 205
    255 230 67 0 111 255 86 0 255 255 255 0 255 219 253 255 0 0 255 71
    255 255 255 0 59 255 255 0 0 96 251 0 0 0 255 0 0 21 255 255 0 255
    88 0 50 0 255 255 255 224 0 255 255 0 14 139 255 0 0 0 0 255 255 78
    110 0 255 255 0 0 29 156 255 0 105 255 0 0 255 0 255 248 0 0 255 0 0
    255 170 255 0 0 255 0 255 255 255 255 255 0 255 0 255 255 0 255 0
    117 0 255 0 255 0 0 0 255 255 255 58 125 255 255 0 255 0 255 8 255 0
    255 255 255 0 255 22 252 0 255 0 0 0 255 130 255 255 0 194 0 255 0
    255 255 255 0 255 0 255 0 0 255 0 255 255 0 0 255 255 255 0 255 0 0
    125 0 0 0 213 0 0 0 255 0 37 0 255 12 255 255 0 255 242 81 255 122
    255 0 255 0 0 255 255 255 255 0 255 255 255 51 0 107 255 255 255 49
    85 0 0 0 0 0 255 138 101 121 196 126 0 0 255 0 255 255 186 255 255
    255 140 0 146 255 255 255 111 0 0 255 0 0 0 179 255 255 255 0 255
    255 0 0 0 0 255 160 0 0 0 255 0 255 0 14 255 0 0 0 255 0 0 53 255
    255 0 127 255 255 255 131 255 255 255 0 144 0 255 255 0 255 0 222
    255 0 255 255 255 0 0 255 0 0 0 0 255 59 103 255 231 18 0 255 0 255
    255 255 0 0 255 255 169 0 0 255 0 255 212 255 190 255 0 0 255 0 0
    108 0 0 232 234 0 255 0 0 255 0 0 204 0 255 255 0 126 255 0 122 255
    0 0 255 0 255 0 0 140 255 65 64 255 0 0 0 255 255 255 0 255 0 255 0
    0 0 0 237 0 255 0 0 255 0 255 0 255 0 196 33 255 255 0 255 128 0 7
    255 0 4 110 255 0 255 45 0 255 255 0 0 218 140 0 0 255 255 255 207
    255 0 255 255 0 255 0 255 0 255 0 255 44 255 0 0 255 54 0 255 192
    255 255 0 245 255 0 255 255 255 0 0 5 0 255 255 192 99 0 0 255 255
    255 255 255 236 0 0 255 0 255 0 255 255 255 255 173 255 255 0 0 255
    255 0 0 0 0 0 255 0 255 208 255 0 255 255 0 0 0 255 255 0 255 255
    255 48 110 0 255 0 255 0 255 0 255 255 255 38 255 56 79 255 0 255 0
    0 0 218 0 10 255 115 255 36 0 204 0 0 255 255 255 149 0 255 0 255 0
    0 255 0 255 89 255 255 255 255 0 255 0 180 255 0 0 127 236 255 0 255
    0 43 0 255 0 32 255 0 0 255 211 0 255 0 255 122 0 255 255 255 0 0
    255 0 255 0 255 255 0 255 233 96 0 0 255 188 255 255 0 81 0 245 230
    255 0 255 0 255 63 0 255 0 255 0 255 0 0 33 0 255 0 255 0 255 255 0
    255 154 255 255 255 255 255 255 255 255 169 0 0 54 79 51 247 0 0 255
    0 128 255 255 255 225 255 255 101 0 0 255 0 0 255 0 255 255 0 253 0
    0 255 255 255 72 0 27 255 185 255 0 255 255 121 0 255 255 0 255 0 36
    255 0 255 190 255 255 106 8 0 0 255 255 0 255 255 0 255 118 255 190
    0 85 0 255 0 255 64 255 0 120 0 255 0 255 0 255 255 0 255 255 255 0
    255 81 255 253 255 255 0 255 0 0 255 255 0 0 255 0 140 255 0 66 255
    0 255 80 255 255 255 255 0 255 0 0 255 255 0 255 255 0 255 0 255 255
    0 255 255 0 255 255 0 255 0 0 255 255 255 255 0 0 0 0 0 255 66 255 0
    255 0 153 255 0 93 255 89 0 255 255 255 0 0 255 122 255 0 0 255 0
    255 0 255 0 255 255 255 255 147 255 255 0 255 208 0 137 255 0 255 0
    237 255 0 0 0 255 0 0 183 0 25 255 128 255 255 0 0 255 0 255 255 0
    255 255 0 173 21 161 212 224 255 130 255 163 255 255 0 255 0 255 162
    0 0 255 255 0 0 0 255 0 112 0 0 107 0 255 69 80 255 255 0 255 255 0
    255 0 49 255 0 0 216 0 0 0 0 255 51 255 255 255 0 0 255 0 255 0 255
    0 255 77 0 255 255 255 0 255 0 255 0 202 0 0 255 0 255 0 255 0 161 0
    255 191 0 255 0 255 35 255 0 206 255 0 255 24 0 201 255 0 212 0 255
    255 0 255 255 168 255 0 111 255 0 255 0 237 0 255 0 255 0 255 0 6 0
    29 0 255 255 0 255 255 0 255 42 255 150 255 237 0 255 0 0 0 150 255
    46 125 55 78 0 0 255 0 40 0 43 255 255 0 0 0 255 133 255 0 0 255 0
    255 0 255 255 255 0 209 255 232 0 0 255 255 226 0 141 255 0 255 255
    0 255 0 0 255 0 255 0 255 0 255 0 0 230 0 255 255 204 0 0 69 255 27
    166 0 240 255 194 40 0 255 255 29 255 255 0 255 255 0 0 0 255 80 0
    164 0 201 255 0 217 41 255 0 0 255 255 0 12 85 255 0 0 0 255 0 0 255
    27 0 227 0 148 255 0 255 8 179 255 0 255 255 106 255 255 0 101 0 0
    139 0 255 255 0 53 97 234 85 255 0 0 0 255 0 142 255 94 0 106 255 0
    0 255 0 255 0 105 0 177 30 255 0 255 0 0 222 143 255 255 0 0 255 255
    11 0 0 135 255 0 255 0 0 255 0 159 109 24 0 0 255 255 0 0 255 0 0 0
    250 255 0 255 255 42 255 0 255 0 255 83 192 0 255 255 0 255 0 124
    255 44 76 255 0 255 0 230 0 0 255 0 255 255 0 0 30 255 0 0 0 255 255
    255 0 0 255 0 170 0 255 0 0 255 255 0 146 230 0 0 255 255 223 255 0
    255 34 0 0 255 255 0 0 0 0 0 255 255 0 0 255 0 0 60 36 192 109 0 0 0
    255 255 0 255 0 194 0 255 0 62 255 38 255 255 0 255 0 226 255 146 0
    255 0 255 255 0 0 0 255 255 86 0 255 0 0 0 255 0 0 141 0 62 0 88 255
    15 255 0 62 255 183 0 0 255 255 255 0 179 112 255 255 0 255 0 0 231
    255 0 255 0 225 0 0 211 255 255 0 0 4 255 255 5 0 21 255 227 0 194
    255 0 0 0 0 255 0 0 255 0 249 120 0 255 176 0 255 0 238 0 255 227 0
    255 255 255 255 59 255 255 0 255 245 0 255 44 255 0 0 255 130 0 255
    0 0 42 238 255 0 255 0 0 255 0 0 255 0 255 0 255 0 154 255 0 255 0
    255 0 255 0 0 255 129 255 255 255 115 255 255 0 0 255 0 255 0 255 0
    255 255 78 0 255 0 255 0 0 78 255 0 105 255 3 255 0 0 255 0 255 184
    0 255 0 255 255 0 0 255 255 0 55 0 0 44 0 0 255 252 255 255 0 255 0
    255 255 0 255 246 255 0 0 67 220 255 0 255 150 255 0 255 150 255 255
    172 255 0 255 255 0 255 0 255 0 255 0 0 255 0 0 255 0 232 0 0 202
    255 0 255 0 255 23 77 0 255 0 255 0 255 0 33 0 255 0 255 194 0 0 25
    255 0 249 255 0 255 0 0 56 255 238 0 0 255 225 0 0 188 255 255 0 255
    255 184 0 90 254 255 0 255 0 0 255 247 0 255 0 0 0 26 255 255 255
    255 0 0 0 0 255 0 0 255 0 255 255 0 0 255 0 0 255 0 255 0 73 255 127
    16 157 0 255 0 255 255 0 116 255 0 255 255 255 212 0 255 255 0 77
    255 0 97 255 255 0 255 0 116 0 255 0 0 255 255 16 255 0 255 0 0 0
    255 255 255 255 31 0 255 0 255 0 152 255 255 29 255 126 0 255 0 255
    0 0 255 0 0 255 0 255 96 0 255 0 226 20 0 224 0 0 0 0 107 0 255 255
    255 255 255 0 255 255 255 189 57 255 0 59 0 255 255 34 255 255 255 0
    255 255 255 0 0 0 255 0 255 0 255 0 0 0 0 255 236 255 0 255 222 0
    182 0 255 255 255 100 0 0 0 0 255 0 255 0 0 245 0 227 0 0 126 255 0
    255 255 0 0 255 247 0 6 0 0 208 0 255 159 194 0 85 255 255 0 255 255
    255 0 2 0 0 0 255 255 226 0 255 0 181 255 48 0 255 0 27 113 0 4 40
    255 255 0 0 144 43 0 28 255 249 255 0 255 0 0 255 96 243 0 255 255 0
    255 70 255 37 52 0 113 105 255 255 255 0 0 0 0 255 255 0 255 102 255
    255 255 0 255 0 255 0 255 0 255 0 255 255 255 20 90 255 0 0 225 28 0
    0 50 177 0 255 0 0 251 0 255 238 0 255 255 230 192 0 0 255 0 0 0 255
    0 137 0 255 255 255 0 255 255 196 75 255 255 0 0 0 0 0 255 251 255
    255 8 0 102 0 101 255 0 255 0 99 255 0 255 0 255 255 255 0 0 255 0 0
    69 0 0 255 255 0 255 255 0 255 255 255 255 0 255 0 255 255 0 0 0 0
    150 255 84 69 255 142 0 0 0 0 255 255 0 0 0 255 245 255 100 255 0 0
    0 124 255 255 255 0 0 255 255 0 0 255 0 0 0 0 255 0 255 0 255 0 0
    255 0 221 0 255 160 0 255 234 87 0 0 255 240 0 255 0 255 255 255 230
    166 104 255 0 255 255 0 0 0 255 255 255 0 0 0 255 101 255 255 0 0
    255 0 11 0 255 0 0 255 0 21 255 0 164 0 255 0 255 52 103 142 185 0
    162 67 255 0 255 202 0 255 76 0 255 0 100 255 255 0 90 0 255 123 104
    255 0 244 255 0 255 255 0 211 0 160 122 124 255 255 0 0 255 0 255 0
    255 0 255 0 255 0 213 173 255 255 0 209 255 255 136 0 255 175 196
    255 0 255 0 226 132 201 255 0 0 0 255 0 255 255 0 255 66 255 0 0 255
    0 0 0 206 0 255 0 126 255 0 0 255 0 255 255 225 255 255 0 0 0 255
    255 255 209 0 255 255 255 18 255 255 0 0 0 255 0 255 255 255 255 0
    255 255 0 255 0 0 0 255 44 255 0 67 255 255 0 0 255 0 255 0 179 255
    255 0 0 145 12 255 255 245 0 140 0 18 0 165 255 0 0 255 209 255 0
    255 255 255 255 0 17 0 255 0 255 0 255 38 255 255 255 55 0 255 0 255
    0 255 0 255 0 255 255 254 183 75 0 255 0 0 0 255 0 228 0 255 255 0
    255 0 0 148 0 9 51 11 255 33 190 0 64 0 148 255 41 0 255 0 0 0 194 0
    0 255 69 0 255 255 196 255 0 0 255 255 255 0 40 0 255 0 255 0 255
    198 255 0 97 0 0 255 0 255 255 0 255 171 0 0 255 255 0 0 255 0 43
    255 0 255 0 255 255 255 0 255 0 207 255 0 0 255 0 0 72 193 0 0 255
    255 255 0 255 255 0 0 69 0 0 255 0 255 0 0 255 255 185 0 0 255 140 2
    255 0 198 255 99 0 255 255 0 255 62 0 255 165 255 23 255 0 255 0 255
    147 0 255 255 0 199 0 0 175 255 255 0 0 132 26 255 0 0 0 255 0 255 0
    255 0 255 0 255 255 255 201 255 0 0 0 255 255 0 255 0 0 0 255 85 255
    0 82 0 0 123 0 194 255 161 0 0 255 255 0 255 52 255 0 0 0 255 0 0
    255 255 162 255 0 107 255 255 255 232 0 255 0 255 0 0 191 255 255
    255 0 0 105 0 0 255 0 255 255 255 124 0 255 255 255 255 0 255 187 0
    0 236 255 0 35 248 0 255 0 255 161 255 0 0 0 0 255 0 255 255 0 255 0
    255 250 0 255 32 255 255 0 255 255 255 255 255 255 16 255 50 0 0 255
    124 42 0 255 0 255 42 187 0 255 255 255 0 247 159 0 48 0 0 255 1 255
    0 0 255 0 0 181 186 0 255 0 0 255 21 0 255 0 0 58 0 255 0 18 0 0 255
    13 0 1 0 0 255 0 254 255 0 255 255 255 176 0 255 255 255 0 255 255 0
    95 255 0 96 0 0 0 238 0 34 255 65 255 57 255 0 0 0 0 255 159 0 0 0
    135 242 255 170 0 255 0 255 255 222 19 255 0 255 0 255 255 0 44 0 0
    0 0 255 0 255 255 255 128 255 255 0 255 0 255 0 255 255 255 255 21 0
    247 0 163 0 0 0 255 219 0 207 255 0 165 255 0 255 0 0 255 255 0 0
    155 216 26 255 255 0 0 0 255 0 255 255 255 20 53 154 255 13 255 0
    179 85 255 0 255 0 0 0 255 255 255 43 0 0 255 0 0 137 255 236 255 17
    255 0 0 65 54 255 255 50 255 255 255 0 68 255 255 255 255 57 0 255
    255 255 0 255 0 0 255 255 255 143 255 0 0 0 255 149 230 0 255 255 0
    0 255 255 74 0 0 0 255 0 0 224 255 74 255 114 255 0 0 199 102 255
    165 0 255 0 0 255 255 0 255 0 255 255 100 0 0 255 255 0 255 0 255
    255 52 0 255 255 0 0 255 130 255 0 0 255 0 0 0 255 255 157 255 142
    255 255 255 0 255 0 0 10 15 255 255 0 0 255 255 0 0 0 93 255 0 141 0
    255 255 0 255 90 255 243 255 255 255 0 135 255 207 255 239 0 255 255
    0 0 217 255 85 255 0 255 255 255 255 0 0 163 255 0 0 62 255 255 0
    255 255 255 0 255 0 0 255 0 255 0 255 0 0 255 255 0 255 215 0 0 0
    255 140 0 166 255 198 255 255 255 0 80 137 0 0 255 185 66 94 0 255 0
    250 255 255 255 255 0 255 255 255 0 255 0 255 0 255 45 0 168 255 5 0
    121 169 55 244 0 255 0 255 255 0 248 0 255 0 65 255 0 255 255 255 0
    0 0 255 0 255 0 150 255 53 0 0 255 0 0 255 84 255 0 0 0 0 0 255 0 0
    255 255 0 255 255 0 0 255 0 255 133 245 255 0 51 0 0 255 0 255 0 26
    255 255 120 122 255 255 0 255 0 255 255 0 193 0 0 255 0 255 136 33
    255 0 255 255 0 0 255 0 178 0 75 255 255 0 113 255 0 0 255 166 255
    255 0 255 180 191 255 0 152 0 195 255 0 0 136 255 15 0 255 0 255 0 0
    0 0 46 227 255 255 0 53 255 255 248 106 0 255 255 0 255 0 255 0 90 0
    0 25 0 36 0 0 192 0 255 0 62 255 0 255 0 255 0 15 255 0 0 255 7 0
    255 0 255 0 255 0 255 0 0 255 255 255 143 0 255 41 0 255 255 0 255 0
    184 0 0 161 255 0 255 179 255 0 255 255 0 33 255 50 0 93 255 208 0
    77 255 0 255 0 255 255 255 0 255 0 0 255 228 255 0 0 0 195 255 226 0
    181 0 255 255 139 0 182 255 0 255 110 0 0 255 0 0 255 255 255 0 255
    255 0 0 255 255 0 255 0 0 255 0 0 0 255 255 0 255 125 0 255 0 255 88
    238 255 105 255 255 0 255 0 0 255 161 255 255 0 86 0 255 255 255 0
    255 0 235 255 72 255 0 255 65 0 239 224 255 142 255 255 0 255 255
    255 55 255 255 150 255 0 255 0 0 255 0 255 0 0 255 0 255 255 0 255 0
    255 90 255 255 190 0 0 255 64 255 249 255 0 255 114 0 120 0 255 0 0
    245 215 0 255 255 182 255 0 142 0 0 0 0 234 255 0 0 255 0 0 255 0 0
    203 180 151 0 50 0 25 255 255 255 255 11 255 255 0 255 0 255 255 0
    255 63 255 0 255 255 223 0 255 64 255 0 255 0 255 0 255 186 50 255 0
    255 0 64 0 255 0 255 0 168 255 255 0 0 255 255 203 0 255 255 0 255 0
    255 0 0 255 186 0 255 255 255 0 0 255 0 255 208 199 255 213 224 0 86
    0 0 255 255 0 0 0 68 0 255 116 0 255 0 255 0 255 0 255 158 0 41 255
    0 0 255 0 0 255 0 255 0 0 0 255 166 0 255 60 0 0 0 0 0 0 255 255 0
    90 255 17 255 0 255 0 255 224 137 255 255 0 231 245 13 255 0 255 0
    24 0 8 0 156 248 255 255 0 255 238 255 0 166 73 255 0 139 255 0 138
    255 0 0 255 205 0 255 255 133 255 154 0 0 64 255 0 0 0 255 255 0 255
    0 67 0 178 255 0 231 0 242 0 255 0 0 45 0 226 255 144 90 0 255 0 255
    255 0 0 0 255 255 0 255 208 0 255 255 0 245 255 93 0 255 0 255 255
    151 0 255 255 53 255 255 0 0 255 255 0 113 0 0 255 174 18 0 255 0
    255 255 0 255 0 0 255 255 0 0 205 0 255 0 255 0 255 0 115 255 183 0
    255 255 0 166 0 72 35 40 0 255 255 84 193 255 67 0 255 0 255 0 255
    111 0 236 0 255 0 255 23 255 0 255 255 0 0 255 255 0 0 188 0 0 255 0
    0 0 255 255 255 0 0 255 163 0 164 0 255 255 0 255 0 0 255 255 255 0
    255 255 0 2 0 0 72 255 255 255 255 253 0 255 205 255 255 0 0 255 255
    255 0 0 255 255 0 255 0 0 13 0 138 235 0 255 255 0 0 121 145 52 73 0
    255 164 255 255 0 63 0 255 0 192 0 255 0 0 0 255 255 255 0 255 255 0
    255 230 0 0 0 0 157 0 0 0 4 255 0 255 0 255 0 0 0 255 0 255 126 0 0
    255 255 255 197 0 0 0 31 255 0 255 255 0 0 255 255 0 255 255 0 255 0
    0 0 0 255 255 0 0 255 255 255 0 160 0 194 255 206 255 0 0 0 0 255
    255 0 255 255 166 0 190 255 255 36 243 0 0 255 0 255 0 255 255 0 0
    255 0 111 255 0 255 83 0 11 255 0 0 229 0 255 42 255 0 0 255 255 0
    255 0 0 117 255 255 0 255 255 0 255 0 162 0 255 0 255 255 255 255 79
    93 124 104 255 0 255 52 0 170 255 0 0 0 255 255 0 255 0 32 255 255
    147 0 0 255 255 0 86 245 181 61 255 255 0 255 255 255 162 0 0 255
    255 0 255 65 0 255 126 0 0 255 255 53 0 0 255 255 0 255 255 0 255 0
    0 107 132 0 255 255 28 0 17 238 0 255 0 255 0 0 255 77 0 0 255 50
    255 0 255 0 255 0 255 0 255 0 255 47 0 105 255 255 0 255 0 0 255 255
    255 0 200 137 0 0 132 255 255 0 58 0 165 100 0 255 255 0 0 255 255
    255 255 192 226 52 39 255 0 0 0 255 0 255 37 0 255 0 255 255 0 255 0
    105 94 143 233 255 147 255 4 0 0 255 255 0 0 255 0 255 0 198 0 255
    255 189 0 255 255 255 62 0 255 0 0 26 255 57 0 255 255 0 255 231 49
    0 255 68 200 0 255 255 0 0 255 46 0 255 0 255 0 92 255 0 51 255 236
    0 215 255 0 0 255 255 0 255 0 255 0 0 0 255 0 255 0 244 0 255 251 0
    255 136 0 0 0 0 0 255 0 255 255 255 0 153 1 0 255 246 0 255 18 255
    255 255 78 0 255 226 91 166 0 255 255 68 0 71 171 0 255 255 0 255
    255 0 200 255 110 82 0 255 0 0 105 0 0 0 255 255 0 229 255 255 111
    255 0 255 0 255 134 0 255 0 255 255 0 0 112 13 255 0 255 255 0 183
    255 51 0 255 245 255 198 255 255 0 0 255 7 0 0 0 255 0 0 0 107 0 255
    255 0 255 0 0 0 255 255 0 255 255 0 255 255 0 207 143 0 255 0 0 255
    255 255 255 105 0 255 138 255 255 255 255 255 0 111 21 255 0 6 0 0 0
    255 255 255 255 0 255 164 255 108 0 255 0 0 255 149 0 255 0 255 255
    255 173 255 38 0 255 133 255 0 255 0 255 255 216 0 255 0 255 255 39
    43 255 255 0 255 0 255 178 27 0 255 255 0 255 255 255 210 175 0 0
    255 255 0 255 0 255 255 0 171 255 0 255 0 0 255 0 143 209 255 0 255
    0 255 69 255 0 255 255 32 0 255 0 255 0 255 255 255 47 255 0 255 0 0
    255 0 255 255 0 255 209 229 255 37 0 0 255 0 0 255 0 255 255 204 0
    255 66 0 255 0 255 0 255 255 0 0 0 255 0 255 125 0 147 0 255 0 0 45
    255 0 255 0 0 0 105 255 0 255 0 255 130 255 152 207 255 255 255 0 0
    255 0 90 16 255 255 0 255 0 11 0 255 0 255 0 255 157 255 0 0 255 239
    0 255 244 0 109 0 9 0 255 0 255 0 26 255 255 0 255 0 6 0 234 255 0 0
    255 0 255 229 255 199 0 0 0 177 255 0 255 151 255 0 255 103 255 0 0
    0 255 0 53 0 0 255 0 255 0 0 183 0 255 231 0 255 0 14 0 255 25 255 0
    255 0 61 99 161 0 0 255 0 255 0 255 255 0 204 255 255 0 255 0 211
    255 0 255 60 175 0 190 0 0 158 255 114 0 35 0 255 0 255 255 255 0
    255 0 85 255 70 254 255 0 255 0 255 4 0 255 255 255 0 255 65 0 255
    255 255 0 0 255 0 255 0 0 255 0 255 53 0 255 105 0 255 0 0 0 255 0
    42 220 0 255 212 17 0 154 33 133 255 0 255 0 0 0 0 255 255 0 0 255 0
    255 255 255 0 255 255 0 255 255 21 0 255 255 104 255 0 255 5 0 255 0
    255 255 255 0 0 0 122 0 182 255 73 255 0 0 255 32 0 255 255 0 255 0
    0 86 0 255 0 0 255 255 0 255 0 255 255 0 0 255 255 0 0 0 0 255 176
    255 0 0 255 255 6 255 255 0 0 0 0 255 0 255 0 0 255 0 255 0 255 0
    255 255 0 0 0 255 255 32 255 152 255 0 23 0 0 255 0 18 255 145 236
    255 0 0 223 0 90 0 255 255 209 0 0 255 255 207 255 255 0 92 168 255
    0 255 255 0 255 0 40 0 0 255 0 255 255 255 0 255 0 255 0 0 255 0 255
    255 255 0 255 255 44 143 255 0 169 0 255 255 255 177 255 0 255 0 255
    255 26 255 0 255 0 255 255 0 255 0 0 0 161 0 0 0 0 0 0 108 255 255 0
    255 79 0 0 255 29 18 241 0 255 255 0 0 255 0 255 96 0 0 0 255 0 0 0
    0 255 0 255 0 255 255 0 255 0 0 255 68 255 0 255 255 0 0 0 113 0 255
    255 0 255 0 61 0 20 94 255 0 108 255 0 255 0 255 0 171 255 0 0 42
    199 109 183 0 255 43 255 255 105 255 0 142 255 0 255 255 0 255 255
    208 255 0 255 87 114 255 0 255 255 24 255 115 255 0 109 255 0 255 0
    255 255 0 237 74 67 212 255 126 0 255 0 255 255 0 255 0 255 236 48
    255 255 73 0 255 0 255 60 130 255 0 0 0 255 192 0 255 0 0 255 255 0
    69 255 113 0 0 255 0 218 255 255 117 0 0 255 255 0 0 255 0 0 255 0 0
    207 255 255 0 0 255 8 226 76 78 0 255 255 216 8 0 200 0 0 255 0 255
    0 136 255 0 255 57 255 0 255 0 255 0 0 0 255 31 255 0 255 0 0 0 255
    255 0 255 0 255 216 255 0 0 0 10 0 233 165 255 129 255 0 0 255 255 0
    45 0 255 0 255 152 255 255 255 154 255 255 219 0 255 255 0 255 213 0
    237 255 255 0 0 67 157 124 255 255 0 199 0 0 255 0 255 78 255 255
    255 181 255 0 0 255 255 0 0 255 255 0 255 255 63 0 255 221 0 255 0
    255 27 114 255 0 230 0 255 181 0 0 0 255 0 255 39 0 81 0 225 0 0 255
    0 255 0 178 156 142 174 0 0 0 255 255 0 0 255 148 255 55 0 140 122 0
    255 255 255 0 0 0 255 0 255 0 168 0 255 237 0 255 0 255 0 0 229 35 8
    0 255 255 0 255 209 36 0 230 255 255 255 255 255 0 0 0 103 255 255
    191 138 255 127 6 45 255 0 0 40 255 0 255 117 0 255 0 0 0 168 255
    127 0 255 0 255 0 109 0 23 59 221 255 0 255 255 0 255 0 0 255 0 255
    0 255 0 255 0 123 54 255 0 0 0 149 0 255 173 41 255 255 157 0 71 255
    148 128 255 0 255 0 149 0 0 255 255 0 255 0 255 253 116 125 22 0 255
    0 0 0 255 0 0 255 0 255 0 255 255 0 0 141 0 255 95 0 255 255 0 255 0
    255 255 255 157 245 0 0 255 0 0 98 0 0 255 0 254 255 0 26 0 255 5 0
    0 205 0 255 217 42 0 255 0 255 0 255 0 255 0 0 0 255 78 0 0 255 0
    255 0 255 52 129 255 207 0 255 135 255 0 23 222 0 0 255 0 255 0 234
    255 163 255 0 255 255 0 255 255 255 255 255 30 255 0 0 247 0 0 255 0
    0 255 255 255 255 0 255 0 0 0 255 255 0 0 138 107 154 0 255 2 105
    159 255 0 255 0 145 0 255 0 0 255 0 255 236 255 255 255 0 0 233 207
    0 255 255 0 255 0 38 0 101 0 0 255 255 0 0 0 255 0 0 255 0 255 0 255
    0 0 255 0 255 255 255 0 255 255 64 169 255 0 255 255 0 255 0 255 0
    255 30 255 0 255 255 0 255 0 191 255 0 255 0 255 126 255 58 255 255
    0 86 0 232 255 174 0 255 0 255 0 0 255 0 0 255 0 0 0 255 0 255 255
    255 255 255 255 0 172 255 0 255 0 110 151 255 0 255 255 255 255 0 55
    255 255 0 118 255 0 0 255 255 0 0 178 255 255 0 255 0 90 255 0 0 255
    0 255 255 0 255 0 255 255 83 0 255 158 246 255 193 255 0 0 0 255 0
    255 0 0 0 245 0 221 0 255 255 0 255 0 255 183 0 255 255 255 255 255
    0 255 0 255 255 255 0 255 0 255 13 255 0 55 106 255 0 255 0 255 0 0
    255 0 255 0 0 255 0 255 0 0 255 0 255 0 65 255 0 0 0 255 255 0 0 0 0
    255 0 140 0 236 255 0 135 255 0 255 0 255 170 255 0 255 0 255 0 0
    255 255 255 0 0 145 0 255 0 0 255 255 255 221 0 255 85 208 152 0 0
    239 2 255 0 255 0 139 255 126 255 0 225 255 159 63 255 24 0 255 177
    255 0 255 122 0 255 0 255 0 255 0 0 255 121 124 255 255 255 0 255 0
    255 0 255 0 255 208 0 0 30 0 109 0 255 255 0 0 0 255 0 0 255 0 255 0
    90 255 255 0 255 0 0 0 255 0 0 255 79 76 0 0 255 0 0 255 0 255 0 0
    255 255 0 255 0 255 213 255 255 0 232 153 0 0 255 0 255 58 255 0 225
    0 255 208 0 28 0 0 255 255 0 255 0 0 0 255 192 0 255 0 255 0 0 0 255
    0 255 47 0 255 0 0 0 255 255 0 255 109 255 212 250 255 0 255 255 255
    0 255 0 255 255 237 0 255 0 62 0 255 0 255 0 9 255 0 255 0 107 0 255
    0 255 255 255 255 255 255 0 126 0 255 0 255 255 0 255 255 0 255 255
    106 0 255 245 255 0 0 255 255 0 255 255 56 0 255 8 255 255 0 255 255
    0 255 0 54 255 255 0 0 255 255 0 255 255 0 255 0 0 0 0 166 255 0 0
    255 255 108 0 0 15 255 163 0 255 255 0 255 25 255 0 255 232 0 15 255
    55 255 198 0 58 0 0 227 0 0 0 197 117 0 56 0 255 255 159 0 162 255 0
    255 72 0 0 255 255 255 0 255 0 0 0 255 0 0 255 255 0 255 0 0 255 255
    145 0 40 0 0 255 255 0 0 255 0 255 255 0 108 255 255 0 255 255 14
    255 0 255 255 197 255 0 0 118 125 0 255 0 0 0 255 0 0 219 0 0 0 0
    255 255 0 175 237 255 0 255 255 0 255 10 0 0 138 0 0 255 27 255 255
    0 255 0 235 48 77 0 255 255 157 255 76 255 255 0 4 255 0 255 255 255
    58 255 255 0 0 255 129 68 0 0 0 58 255 0 93 255 0 255 0 138 240 0
    255 13 0 0 255 255 0 0 255 255 0 255 0 255 180 0 0 255 0 138 0 255 0
    0 0 255 255 0 255 255 0 255 0 255 118 147 29 255 255 0 113 0 255 0
    255 0 255 28 255 0 255 0 0 255 0 0 226 249 0 0 255 0 255 0 0 255 0 0
    0 0 156 187 255 0 255 0 0 255 56 0 0 42 94 255 255 255 0 118 255 255
    21 255 57 255 138 255 255 219 0 255 0 0 0 255 0 255 0 149 114 0 255
    255 0 0 255 0 255 83 213 0 124 255 0 255 30 0 255 0 255 0 0 0 192
    255 0 255 255 0 255 255 255 0 0 52 0 255 0 255 0 255 0 32 255 0 255
    39 255 0 0 255 0 0 255 0 0 255 0 0 44 162 0 0 255 0 31 0 255 74 0
    255 255 0 255 255 229 255 255 0 0 255 255 255 216 0 255 0 255 0 197
    0 255 255 0 255 0 255 255 255 255 0 255 255 0 255 235 196 255 0 250
    255 0 0 255 255 0 81 0 255 255 0 52 0 0 0 0 255 34 255 255 0 0 255 0
    255 255 0 255 0 0 255 0 37 255 0 0 0 255 0 117 0 255 158 0 255 0 238
    27 0 255 255 255 255 0 187 178 0 255 255 0 255 255 253 0 255 0 0 255
    0 255 0 0 255 0 255 255 0 255 255 239 0 0 0 255 255 0 255 255 0 0
    255 255 255 140 0 255 255 152 35 191 0 255 88 135 43 255 108 13 255
    0 255 0 54 255 0 255 197 255 0 143 0 0 0 0 255 183 0 0 0 0 72 100
    255 0 0 255 0 255 255 255 0 255 40 234 0 29 0 0 0 255 255 0 255 255
    178 90 255 0 0 255 0 0 255 0 255 0 235 255 84 0 0 0 255 255 113 255
    0 139 255 0 56 78 0 255 255 0 255 191 255 0 255 0 117 255 0 237 255
    0 255 0 255 111 212 171 60 255 175 255 28 151 8 0 255 0 28 255 255
    190 184 0 255 0 255 0 131 255 0 255 0 29 0 0 255 0 255 0 0 255 0 255
    65 0 0 0 0 0 238 0 255 0 0 39 0 0 255 0 255 255 36 0 255 162 255 122
    0 60 255 0 255 255 0 174 0 255 255 0 255 0 0 255 14 0 255 0 0 255
    255 0 222 0 255 255 255 0 255 255 190 0 213 255 0 98 115 255 137 0 0
    255 0 255 255 28 0 255 255 143 0 0 0 255 58 255 0 210 255 0 255 255
    73 0 255 0 255 0 243 255 0 0 255 0 176 255 0 255 0 255 167 0 0 161
    255 0 255 0 255 0 243 0 255 0 255 255 0 255 0 0 114 255 255 255 0 85
    235 0 255 0 255 0 0 255 204 0 255 228 255 0 255 0 255 194 97 255 255
    0 0 0 0 255 0 255 0 98 255 0 0 255 255 0 0 255 255 32 255 255 0 0 0
    255 0 255 0 181 0 0 0 0 255 255 186 0 0 0 255 0 0 255 28 255 231 12
    0 0 7 0 0 255 255 255 255 0 255 0 255 0 176 204 0 0 219 255 0 0 44 0
    0 255 0 255 255 255 0 255 255 255 0 255 0 0 226 132 0 255 255 0 124
    211 255 151 210 26 0 255 189 10 0 157 0 255 255 255 14 255 211 255 0
    255 0 255 255 255 0 255 4 0 225 255 0 255 0 255 255 0 255 0 133 0
    255 0 255 176 0 255 255 46 213 0 255 255 0 77 255 255 0 255 255 255
    255 0 0 255 255 0 255 101 255 0 255 255 0 255 0 255 0 119 255 30 236
    255 255 0 255 0 255 255 0 255 0 0 255 0 0 0 255 0 53 255 248 255 255
    64 255 0 255 255 0 141 0 255 0 255 192 0 255 115 0 255 0 255 0 255 0
    255 0 255 0 255 2 0 255 0 255 0 0 0 255 0 255 255 140 0 0 255 0 255
    0 0 0 255 0 255 0 255 255 172 0 255 0 0 0 0 255 255 197 0 255 0 0
    255 105 255 0 255 0 255 0 215 134 0 159 0 0 0 255 187 0 255 255 0
    255 255 0 255 30 0 31 43 130 255 255 255 0 0 255 255 0 255 255 255 0
    255 0 0 0 247 0 0 15 0 255 255 0 0 0 255 255 53 0 255 0 255 255 255
    255 255 0 255 160 255 0 0 255 0 255 62 99 0 255 151 0 0 255 0 255 0
    9 182 0 255 0 0 255 0 255 0 255 255 4 255 0 255 0 42 91 0 68 145 255
    24 116 255 103 0 255 255 0 0 190 255 0 255 255 0 255 255 255 0 255 0
    0 255 0 255 0 0 0 255 0 0 255 0 255 0 255 188 0 128 41 255 0 86 0 34
    255 251 0 0 1 157 0 255 255 0 251 255 255 10 0 223 255 0 0 255 0 221
    255 0 255 0 0 175 255 0 210 109 0 0 255 57 123 255 255 0 255 0 255
    102 161 255 255 0 109 0 77 0 0 255 255 0 255 0 255 0 141 0 0 255 0
    70 255 255 0 255 149 0 255 0 0 143 255 0 255 0 255 0 255 28 0 255 0
    119 255 0 255 142 255 255 0 0 0 255 0 255 255 0 255 129 255 255 77 0
    163 246 0 0 0 255 0 255 0 255 0 255 0 30 255 0 255 255 0 255 0 255 0
    0 255 0 255 159 187 255 255 255 0 0 148 255 255 18 0 0 228 235 255
    255 0 0 0 255 255 102 255 0 0 0 255 255 0 19 14 0 255 0 255 61 255 0
    0 255 0 0 255 0 0 191 217 255 255 255 57 0 0 255 255 0 96 182 0 0
    255 198 255 0 255 0 8 255 0 255 114 255 0 255 0 0 255 0 0 255 0 255
    255 255 0 255 255 170 102 255 0 0 239 0 0 190 255 21 255 255 0 255
    144 0 255 255 0 255 173 0 174 0 0 0 0 255 188 0 255 0 74 0 255 255
    252 178 255 0 0 39 0 86 0 0 255 0 255 0 144 255 189 255 0 255 0 255
    255 0 255 0 0 20 112 255 0 255 0 37 255 0 255 142 0 0 255 25 0 255
    255 0 0 255 255 0 255 255 0 255 0 6 131 255 139 255 255 255 119 0
    255 143 255 22 137 255 255 0 255 101 0 0 255 150 0 38 255 0 0 0 255
    0 0 255 0 37 255 0 255 0 255 0 0 255 0 255 0 255 24 251 255 255 117
    0 255 0 126 79 255 0 0 255 255 0 0 0 0 255 0 0 255 0 255 255 0 255 0
    7 0 82 3 0 0 255 255 0 255 255 255 187 255 0 255 255 0 255 124 255
    255 255 0 0 255 255 0 121 53 255 0 0 193 255 0 255 255 158 255 0 0
    255 255 255 0 255 230 0 0 0 255 0 82 0 0 205 255 201 255 255 0 222 0
    255 0 255 0 0 255 255 125 255 255 0 0 0 255 255 255 0 255 0 255 0
    255 202 0 63 0 0 255 255 183 0 255 255 0 0 171 0 255 0 255 0 252 0
    255 0 0 255 0 255 255 255 255 0 255 255 53 151 0 255 0 191 255 0 0
    255 0 255 44 255 0 255 255 255 132 116 0 0 255 0 125 176 255 255 255
    255 0 255 0 255 255 0 255 0 255 0 255 255 0 0 255 255 0 189 255 167
    93 255 255 0 7 0 188 0 0 0 255 144 0 0 252 0 255 255 143 0 255 0 255
    0 255 0 0 255 0 255 0 255 14 255 0 255 0 188 0 255 0 255 255 0 255 0
    255 255 49 0 0 255 0 0 0 0 0 0 255 255 83 0 0 223 255 255 255 226 0
    255 216 82 0 130 0 255 255 0 0 65 218 255 0 0 255 255 255 255 0 117
    18 255 0 0 255 0 255 0 0 255 0 255 255 0 255 255 255 204 0 65 0 255
    255 0 255 255 151 0 255 255 0 0 23 0 0 255 121 0 0 0 255 0 255 0 255
    255 99 22 0 255 245 116 255 0 0 255 0 0 0 48 255 0 255 0 0 255 0 255
    0 36 0 255 255 0 0 255 127 255 0 255 200 5 255 0 255 0 255 98 128
    255 255 0 0 0 255 38 255 0 126 0 255 255 179 249 0 0 255 0 255 80
    211 255 0 117 137 255 74 251 94 0 255 72 0 248 0 255 0 111 187 0 255
    88 58 123 255 231 158 255 0 83 255 255 0 0 0 0 0 0 255 0 0 110 255 0
    0 255 0 255 182 0 0 0 115 94 0 255 242 255 58 255 255 0 255 255 255
    189 0 28 125 149 0 255 0 0 255 255 0 255 0 0 188 255 255 0 255 0 255
    163 38 255 0 16 0 0 255 89 21 0 0 255 0 217 155 0 194 255 255 189 0
    17 255 255 0 0 255 217 255 0 51 159 0 255 0 175 255 36 255 255 255 0
    53 255 0 255 255 0 0 0 0 107 0 0 162 255 255 0 255 0 0 255 0 255 16
    255 73 14 255 0 255 255 3 198 255 0 0 0 255 159 0 255 0 255 0 255 0
    0 255 203 255 3 0 255 64 255 0 255 0 255 255 235 0 255 0 255 255 0
    255 73 231 255 0 180 0 0 255 118 0 255 0 255 0 0 255 0 255 255 0 0
    255 255 255 0 0 88 27 81 0 255 255 210 0 255 0 255 0 251 255 0 255 0
    72 0 123 255 0 255 73 252 0 255 255 255 14 49 0 255 255 135 255 72
    255 0 0 0 64 255 255 235 0 255 0 0 23 0 255 255 0 169 0 255 38 0 255
    134 36 255 134 0 255 200 0 255 0 255 0 255 255 0 60 255 0 0 255 0
    255 0 255 193 255 0 255 0 0 0 255 0 255 0 0 43 0 183 0 255 0 159 255
    255 124 255 0 0 255 0 0 255 0 0 0 255 0 255 69 0 0 34 0 0 255 255 0
    0 255 0 255 0 255 255 0 165 0 255 0 255 255 254 255 0 255 0 0 255
    255 0 255 140 255 0 255 0 0 88 0 255 0 255 0 208 0 0 0 255 223 255
    255 0 68 0 255 0 0 242 36 255 255 255 0 255 0 0 41 0 0 255 0 0 0 255
    21 255 180 255 0 0 255 0 255 255 28 255 255 0 255 0 255 255 255 255
    0 255 0 0 255 0 0 0 255 0 0 255 0 255 0 255 255 0 0 255 0 231 0 0
    255 255 255 160 255 0 0 255 255 0 0 255 255 0 255 252 109 255 255
    255 245 0 0 0 255 0 255 255 255 255 255 255 0 255 216 0 0 0 255 0
    255 0 255 0 0 161 255 255 0 219 0 0 145 0 0 255 65 255 255 26 63 144
    255 0 143 0 255 255 0 205 255 0 136 0 255 255 0 255 0 1 0 84 255 0
    255 255 0 255 241 177 0 0 0 0 255 255 0 255 0 255 0 120 0 255 0 0 0
    255 255 255 0 255 0 255 255 0 36 0 255 0 0 204 125 0 0 255 255 0 255
    0 255 0 255 211 190 0 255 255 255 184 0 255 255 255 255 0 0 255 0 0
    255 242 0 255 149 255 167 17 0 255 255 0 255 255 157 180 0 255 0 255
    255 0 0 255 255 176 255 255 0 255 0 0 226 46 255 255 0 0 32 255 0 71
    187 255 255 0 62 0 0 0 0 254 255 255 255 0 255 0 255 0 0 255 0 0 0
    255 255 0 0 15 0 255 14 0 212 255 197 0 255 0 0 0 255 0 255 143 0
    255 255 255 254 255 247 51 255 255 41 255 255 147 255 0 255 0 253 0
    255 0 0 255 0 249 255 255 0 255 74 0 255 114 250 0 125 0 255 0 0 255
    0 255 0 255 0 255 255 0 154 255 0 255 0 255 60 0 0 255 0 0 8 255 255
    255 0 255 0 0 0 255 0 255 255 0 0 255 162 0 0 0 0 0 255 110 255 0
    255 0 0 255 255 255 0 0 167 200 255 255 255 0 0 255 0 0 255 45 255 0
    115 26 93 211 0 184 255 0 255 184 255 71 0 255 232 255 179 0 0 0 0
    255 255 0 255 255 222 0 255 255 0 255 194 0 255 255 0 255 0 255 0 11
    0 255 255 0 255 0 210 255 255 47 0 0 255 183 0 255 104 255 0 255 255
    0 73 0 45 255 255 0 255 255 0 0 255 0 255 0 255 0 255 255 173 255 0
    255 255 0 0 255 0 255 108 0 255 86 151 255 0 19 255 0 255 0 228 0
    185 255 0 255 71 255 0 75 255 0 0 166 56 172 255 0 255 38 0 199 0
    255 0 149 0 158 0 255 255 255 0 255 0 255 0 255 0 229 0 255 227 255
    0 0 0 255 0 255 26 3 255 255 0 0 18 255 0 0 69 0 140 255 0 0 255 0
    255 64 106 0 255 255 0 255 0 255 0 255 0 255 173 223 0 209 255 0 255
    0 0 255 255 0 0 255 0 0 0 255 0 255 68 86 255 0 0 0 255 0 255 0 255
    0 0 11 0 144 255 0 255 0 255 255 255 0 0 0 255 255 0 59 196 0 106 0
    255 255 255 0 0 255 71 255 0 255 0 255 255 0 255 255 255 192 255 255
    0 0 255 255 255 0 255 0 255 255 0 12 0 245 255 240 255 0 255 147 74
    0 0 255 0 0 0 255 11 255 0 255 0 255 223 0 56 0 0 255 0 255 255 0
    255 0 210 255 0 255 90 0 255 0 222 0 106 0 0 255 0 70 255 0 255 0
    255 0 255 255 128 21 0 255 0 0 255 0 255 255 0 255 0 255 0 255 88 0
    79 0 18 186 44 0 179 0 255 28 58 0 255 255 169 0 65 255 0 255 0 255
    255 0 255 255 255 162 0 255 0 255 255 0 0 255 255 0 0 255 0 0 255
    255 255 0 255 0 179 255 36 255 255 255 0 137 255 255 237 0 255 255
    78 0 255 0 255 255 0 0 0 255 255 255 224 255 97 239 0 165 0 0 255
    255 122 0 124 255 111 255 0 132 0 255 255 255 0 255 255 0 255 203 0
    255 0 255 0 255 0 36 255 255 0 0 0 255 0 255 0 255 0 171 0 255 0 119
    243 0 255 0 255 119 255 0 99 0 255 255 255 255 0 255 255 0 255 0 255
    0 0 0 98 0 40 0 0 20 255 198 156 189 255 0 255 0 0 0 255 0 0 255 0
    39 0 0 227 255 255 0 255 0 255 0 255 255 0 255 0 0 0 255 255 0 0 255
    255 255 0 255 95 128 96 224 197 0 0 255 255 4 0 249 0 27 98 255 229
    255 0 255 150 67 0 255 118 0 255 244 187 255 144 255 255 0 191 0 194
    255 0 255 0 255 0 0 255 0 255 255 0 0 0 0 255 0 255 255 0 0 203 210
    39 0 5 203 54 0 0 255 159 0 230 0 0 0 0 0 0 255 0 0 255 255 0 255 0
    168 255 255 0 0 255 255 255 0 217 100 255 0 255 0 0 0 255 0 255 90
    30 55 88 118 255 0 116 0 0 255 0 255 232 154 255 0 210 0 255 0 50
    255 255 0 232 139 255 0 0 0 0 255 255 255 0 255 0 0 97 255 0 255 236
    255 255 255 193 0 255 0 255 255 0 255 255 49 0 0 89 0 255 185 164
    154 0 255 255 255 255 0 0 255 255 0 255 0 255 0 213 142 0 255 133
    255 0 255 0 0 0 68 0 255 255 0 0 255 233 255 0 0 255 30 24 255 255 0
    0 255 0 255 0 255 255 0 0 0 0 255 0 255 255 0 255 0 4 255 120 0 103
    0 0 0 255 0 255 42 255 255 255 0 0 255 109 255 0 0 255 0 0 75 0 255
    0 0 255 175 157 36 0 255 0 27 255 117 0 237 0 0 247 0 255 255 10 0 0
    255 0 134 0 0 0 255 45 0 0 0 0 255 221 255 0 88 0 255 0 255 221 205
    217 255 255 255 0 203 255 0 90 228 150 0 255 0 255 0 164 249 0 40 0
    255 255 0 255 255 0 89 255 0 255 255 255 0 255 255 0 0 171 0 0 255 0
    255 0 255 184 255 0 0 0 255 255 255 0 255 0 0 37 0 21 255 0 255 255
    255 150 0 0 255 0 255 0 241 0 0 255 0 255 255 255 0 103 255 0 255
    255 255 255 0 0 0 49 255 255 255 0 0 0 0 0 255 0 0 0 255 0 255 0 0
    255 0 255 0 255 246 255 255 255 0 148 0 255 55 255 0 255 0 255 0 255
    0 7 211 80 0 255 249 0 255 210 0 255 0 255 255 255 12 0 231 89 132
    23 0 0 221 0 255 255 0 255 0 138 255 0 138 255 255 0 163 0 0 255 0
    255 0 255 240 109 199 107 255 255 0 0 255 0 0 255 255 154 0 0 0 146
    0 0 255 255 0 255 193 255 255 0 255 0 173 255 248 175 255 0 0 255
    255 0 159 24 0 255 255 0 255 255 255 0 255 0 0 139 0 255 116 0 132
    255 255 0 0 0 255 0 255 0 0 255 0 0 151 255 0 254 0 255 0 164 0 51
    222 255 255 0 42 25 229 255 255 122 0 255 0 0 255 68 123 85 114 255
    0 159 255 0 255 0 255 0 255 0 255 0 187 255 255 180 0 0 181 205 255
    179 255 0 0 0 132 255 0 64 57 255 0 255 255 255 255 0 255 62 0 0 143
    255 255 255 255 167 255 0 196 255 129 255 0 129 0 0 255 15 0 255 254
    255 0 255 255 255 255 0 222 0 247 255 255 255 134 0 0 255 0 255 150
    0 0 255 186 255 0 0 255 0 255 0 93 255 0 255 123 0 0 255 188 0 255
    245 255 3 0 255 255 0 255 40 0 255 0 255 0 0 0 0 255 70 0 255 0 131
    255 0 0 112 255 0 255 255 255 0 41 37 103 54 255 174 0 255 255 255 0
    18 255 255 154 255 0 255 255 0 0 255 0 255 0 255 239 0 0 255 255 0
    255 105 255 55 218 0 255 0 0 255 255 14 0 255 0 0 255 0 255 144 0
    255 0 255 13 255 255 0 114 141 0 255 255 5 191 0 255 255 0 217 164
    255 102 0 0 255 0 255 166 255 255 255 255 0 255 185 0 255 39 21 255
    255 48 139 255 255 0 0 0 255 0 0 126 165 0 0 0 255 255 255 0 255 255
    0 0 178 0 232 204 255 0 47 182 0 255 255 0 255 0 255 0 0 255 0 227
    255 0 255 0 255 255 255 0 255 0 255 255 0 255 0 0 0 0 255 255 225
    167 255 0 0 255 0 0 0 255 0 148 0 0 0 255 50 0 255 255 0 0 0 255 0 0
    0 0 255 0 157 101 11 8 0 255 0 255 8 255 0 255 155 0 0 255 0 255 0
    255 92 0 255 0 255 255 0 255 0 255 0 255 0 161 255 0 117 255 0 255 0
    0 255 234 0 255 0 72 117 255 0 28 255 0 0 0 0 255 157 0 255 247 0 63
    245 255 0 0 215 0 0 73 255 255 255 0 0 0 0 255 0 0 0 255 54 255 0
    255 255 0 0 0 0 0 255 79 255 0 0 255 0 255 65 255 24 255 255 51 255
    0 255 0 0 213 255 255 25 0 0 146 31 255 0 255 0 0 255 0 255 255 0 0
    0 0 0 100 255 255 0 255 255 255 0 255 0 255 0 255 255 0 0 0 0 255 93
    0 94 203 255 249 0 0 0 255 0 0 255 0 255 255 255 28 255 0 255 0 255
    125 27 0 0 57 0 255 22 0 0 255 234 0 255 36 0 0 255 255 0 255 0 246
    255 255 0 179 255 0 255 255 0 0 255 151 255 0 255 185 255 0 0 255
    255 255 0 255 255 79 255 0 0 255 0 255 82 255 0 0 255 123 0 255 0 0
    255 0 0 0 255 255 0 0 0 255 255 224 0 255 0 0 0 0 255 97 255 0 0 0
    255 205 255 255 255 0 255 255 0 0 255 0 0 0 255 84 0 255 255 0 255 0
    255 255 0 0 0 255 38 0 255 255 0 255 251 0 255 131 0 255 255 255 0 6
    255 0 255 0 255 255 0 135 255 43 255 255 207 106 255 255 0 255 0 0 0
    255 0 175 255 255 0 0 255 26 255 0 136 255 0 255 0 255 255 255 0 255
    0 0 255 0 0 34 0 0 255 0 241 0 255 255 0 0 138 0 0 0 255 0 255 255 0
    255 255 0 255 0 255 0 45 255 0 232 73 255 255 0 0 0 0 0 0 0 255 255
    255 255 0 0 255 73 254 0 255 0 255 237 128 255 0 88 255 37 255 255 0
    0 61 0 255 39 0 255 0 255 0 0 0 255 0 255 0 0 255 0 118 255 0 83 0
    255 255 168 255 0 0 0 255 0 0 255 255 0 149 255 255 175 255 0 0 0 0
    255 0 0 0 255 0 0 253 255 255 39 59 0 255 0 0 255 255 0 0 255 0 255
    255 203 0 255 0 255 255 0 0 108 0 255 255 0 255 197 0 255 0 0 255 0
    0 139 255 255 102 0 95 255 255 0 0 164 0 0 0 223 0 255 0 255 255 0
    255 255 0 0 208 0 0 0 255 255 0 0 123 0 255 0 255 255 0 0 255 0 255
    0 0 0 0 0 237 84 0 0 255 255 0 255 0 0 255 255 0 22 0 223 254 0 255
    33 0 255 247 138 192 255 0 211 255 0 255 140 0 255 0 0 255 167 73 0
    255 0 0 255 51 0 255 45 194 221 255 200 255 255 0 131 0 255 0 38 212
    78 0 255 0 97 14 255 255 0 0 0 255 255 0 0 0 212 255 0 249 193 0 0 0
    255 0 255 255 0 255 0 234 0 80 0 255 53 0 93 0 255 107 255 0 0 255 0
    255 0 0 0 198 0 255 106 0 255 0 255 219 198 255 0 255 255 255 255
    255 0 252 0 255 255 255 0 255 0 255 0 0 255 0 255 198 255 0 180 255
    246 0 0 183 0 255 255 0 255 255 255 255 0 255 255 0 255 255 89 0 255
    0 114 167 255 0 117 255 0 0 255 255 0 85 255 255 0 255 67 161 0 255
    164 255 0 255 0 0 255 0 255 255 0 0 255 0 255 255 0 255 227 0 255
    108 255 0 81 5 255 255 255 255 255 255 59 255 0 255 255 195 255 184
    255 236 0 141 255 197 143 255 0 255 0 0 255 255 0 255 0 0 255 255
    255 255 0 0 255 0 80 0 0 0 0 162 0 255 0 182 0 22 255 134 0 212 134
    255 0 255 255 0 0 255 158 0 0 0 255 0 255 0 0 0 205 255 0 32 70 0 0
    255 0 255 76 0 255 0 175 0 0 255 0 0 255 2 255 0 255 80 0 0 0 0 255
    0 255 255 255 2 255 36 141 0 52 255 0 19 61 255 255 248 0 255 180
    255 0 251 68 0 46 255 0 255 22 255 255 0 0 255 0 0 174 0 255 255 0
    255 0 119 255 255 0 0 0 255 201 255 132 17 48 255 116 255 0 0 80 255
    136 255 255 182 175 255 255 58 255 0 255 0 67 255 255 255 0 255 163
    255 255 234 0 255 255 0 255 0 123 0 0 224 255 0 0 255 0 0 255 0 255
    0 0 0 232 255 0 255 0 0 188 0 255 255 255 0 255 231 0 255 0 253 170
    0 255 0 62 0 0 255 0 0 255 0 255 0 255 0 255 255 0 0 255 0 0 255 255
    0 255 109 0 52 0 1 255 0 0 255 142 0 0 190 255 0 255 0 255 255 0 0
    255 0 255 111 203 0 67 255 0 255 0 0 0 0 255 255 0 255 255 204 255
    69 39 255 0 0 255 0 255 158 0 0 255 0 0 11 0 255 0 255 255 255 0 255
    255 121 255 255 169 0 255 0 255 98 0 255 84 255 255 0 7 255 255 58 5
    0 255 255 80 0 0 255 0 0 152 255 158 25 255 255 0 255 0 255 255 0 0
    255 0 233 0 171 0 255 138 255 255 0 0 255 255 0 0 255 0 106 0 0 128
    255 255 255 132 0 255 255 0 255 255 0 255 255 0 245 0 0 0 255 0 0
    255 0 0 0 255 0 115 0 0 77 83 255 255 255 255 255 255 0 0 255 0 0 0
    255 0 0 255 0 0 0 200 0 0 255 96 0 255 0 16 0 0 69 255 255 0 79 0
    118 255 255 0 85 255 0 0 255 0 141 255 255 0 41 255 0 255 255 119
    255 135 0 0 0 255 233 255 0 255 101 255 0 24 255 255 0 255 0 255 0
    194 255 255 100 0 255 0 0 255 0 255 255 91 177 255 49 0 255 15 142
    32 140 255 40 0 255 0 255 247 255 0 255 149 255 0 255 255 255 0 255
    0 0 0 0 255 0 255 0 0 255 255 255 0 0 0 154 0 0 126 255 255 0 255 0
    125 0 0 0 255 0 255 0 0 255 172 0 255 0 0 255 0 255 255 0 104 0 255
    255 0 255 0 255 255 255 0 255 100 0 248 0 244 0 253 0 255 0 255 255
    0 168 255 255 0 0 164 0 255 0 0 246 255 0 0 111 0 255 255 0 234 255
    255 0 0 136 0 138 255 255 0 255 253 0 255 255 255 0 0 19 0 234 250 0
    0 0 0 255 0 0 255 0 0 0 255 51 255 255 255 113 0 255 0 255 0 255 187
    163 255 0 255 0 0 138 101 22 255 4 255 0 0 204 107 0 177 255 0 0 0
    197 89 0 255 0 255 255 189 0 255 176 0 255 0 154 255 255 217 0 0 0
    255 255 0 255 255 0 255 0 255 0 255 148 2 35 0 255 0 0 255 0 255 0
    255 0 255 0 0 255 255 200 0 0 255 69 0 255 73 255 255 0 255 255 0
    255 0 255 0 255 44 0 255 0 31 0 0 255 0 255 0 255 252 101 0 255 255
    65 0 255 0 255 0 178 0 0 255 0 255 0 0 255 255 255 2 255 136 0 0 112
    255 0 78 215 255 0 255 255 255 220 0 255 0 255 0 120 255 255 0 255 0
    255 0 134 255 0 0 0 0 255 255 0 0 87 151 255 0 113 0 0 0 204 196 46
    0 89 0 78 158 0 255 255 255 0 255 0 123 255 255 0 0 0 0 255 201 103
    255 255 255 255 0 101 255 255 255 59 0 255 179 255 0 255 255 103 169
    255 0 0 255 0 255 255 0 255 151 0 255 255 255 206 255 0 255 255 255
    0 255 255 0 255 220 192 244 0 0 0 0 255 255 244 255 0 255 0 255 255
    0 255 0 255 255 0 255 0 0 255 0 255 0 0 255 86 0 123 0 255 162 255 0
    61 255 0 0 0 0 0 144 255 255 0 0 202 0 255 165 220 255 255 0 136 255
    0 0 255 235 255 0 255 0 229 28 46 255 103 255 255 255 0 30 255 0 255
    0 55 0 230 255 71 255 16 255 0 0 255 0 255 255 255 0 0 255 0 0 255
    255 243 29 78 255 0 255 0 255 0 255 0 255 255 0 255 255 56 0 255 255
    208 115 0 0 255 0 255 0 0 148 255 0 163 141 5 255 0 255 0 255 0 136
    255 66 187 0 0 0 255 0 0 255 0 133 0 255 255 0 25 0 255 0 255 142
    218 0 255 71 255 255 0 92 255 0 0 188 255 0 255 255 255 255 80 255 0
    255 244 122 255 0 154 111 0 136 182 255 0 0 0 255 0 255 0 255 0 255
    255 0 0 0 0 255 13 255 0 255 0 255 0 198 0 255 0 255 255 255 255 255
    255 0 63 0 255 255 255 230 152 0 0 47 255 255 255 255 0 114 255 38 0
    0 255 255 9 0 208 255 255 0 0 0 0 0 0 255 0 0 0 255 0 0 9 0 255 230
    255 255 255 255 0 0 181 255 15 255 0 255 0 255 255 0 255 255 255 255
    0 99 255 0 255 0 0 255 255 255 0 0 150 0 0 255 125 255 255 132 0 255
    0 160 0 255 255 0 255 0 255 0 255 0 255 0 0 255 169 0 255 0 255 0 0
    0 31 0 255 20 0 156 0 0 255 154 0 0 255 255 255 0 255 0 255 0 255 0
    255 0 255 223 159 0 0 158 255 4 0 255 255 115 0 255 255 0 16 255 158
    255 255 0 255 0 211 0 41 0 255 132 255 0 255 0 0 255 255 255 151 255
    255 255 255 0 255 0 195 0 0 255 0 255 0 0 0 255 0 255 0 255 0 255
    255 255 0 142 165 0 0 255 0 0 255 119 0 255 34 0 255 255 0 255 160
    255 158 0 14 255 255 255 150 244 0 0 255 144 0 153 240 21 177 109
    255 255 247 0 255 102 89 255 88 255 255 255 255 255 0 133 255 0 0
    255 0 255 0 156 0 119 28 255 0 0 252 0 128 85 151 255 0 255 255 255
    0 0 255 255 255 0 255 255 0 255 255 0 255 255 0 255 255 0 255 255 0
    255 0 24 255 0 255 0 255 116 0 0 129 193 226 163 255 0 0 50 255 0 0
    255 0 255 255 0 0 255 180 255 214 0 255 255 255 0 218 255 207 156 0
    0 255 0 255 255 0 255 72 255 255 255 0 0 255 255 0 255 102 255 0 255
    134 255 0 207 255 255 255 0 0 207 255 0 0 255 252 0 255 0 0 0 255 27
    255 255 255 0 255 255 0 22 0 0 255 255 78 255 253 255 0 255 255 0
    255 0 234 0 255 0 10 0 0 255 0 255 255 0 255 255 0 26 69 0 13 255 0
    70 88 235 12 255 0 255 255 255 0 161 0 255 255 0 255 255 0 255 255 0
    255 182 192 0 255 0 0 0 255 170 24 193 255 255 255 167 255 0 255 0
    255 255 0 68 255 0 255 0 255 255 0 255 255 0 0 0 255 0 255 255 0 255
    0 255 224 255 59 255 0 255 0 119 58 255 255 0 155 177 9 21 0 255 0 0
    255 255 255 18 0 0 117 255 255 0 255 0 255 247 0 255 255 0 255 0 255
    79 0 0 0 0 255 0 56 0 49 0 255 181 0 0 19 0 0 0 0 255 255 255 132 0
    110 0 255 0 85 159 255 255 0 31 255 255 0 255 255 171 234 0 255 255
    255 100 181 82 255 0 255 255 0 255 51 0 164 255 255 0 0 0 255 0 255
    133 0 0 255 71 0 180 255 255 196 0 0 255 255 0 255 193 0 255 0 255 0
    0 102 208 0 0 255 120 0 225 91 50 0 255 0 0 255 255 0 0 0 255 0 236
    0 0 255 0 101 148 207 255 0 255 0 215 0 0 0 255 255 0 255 255 236 0
    255 255 139 255 0 142 0 188 255 0 255 0 255 0 255 0 255 0 255 255
    255 0 255 0 255 0 71 255 32 255 0 0 7 0 255 0 255 0 26 0 0 255 0 255
    167 24 0 255 130 0 255 255 0 0 0 255 0 216 255 0 110 255 255 140 0
    255 0 255 255 14 0 255 0 255 0 255 0 0 255 191 255 45 176 255 0 255
    0 255 0 255 0 0 0 255 255 0 255 0 255 74 255 86 255 0 177 255 0 255
    255 0 0 0 0 0 0 255 255 255 0 0 255 255 0 0 0 255 0 0 98 255 0 178 0
    255 43 0 0 255 255 0 0 255 255 0 0 0 0 255 0 255 147 58 255 0 255
    255 0 0 130 18 0 255 255 0 0 255 250 0 0 87 0 255 0 255 255 0 0 255
    255 0 255 0 35 225 255 101 255 17 0 202 0 0 238 0 255 0 0 178 0 255
    255 255 0 255 0 255 175 102 255 0 255 0 0 255 255 0 255 0 255 255 0
    255 0 255 255 255 0 255 181 255 255 170 143 255 69 255 255 255 0 255
    0 255 181 255 0 255 0 255 255 0 0 255 0 0 0 0 255 0 216 0 76 0 255
    209 0 251 0 255 0 0 64 255 0 255 255 0 255 0 205 255 0 255 5 0 255 0
    255 0 255 0 0 255 0 0 255 0 255 0 167 30 255 0 255 0 255 0 5 0 255
    255 216 255 255 0 0 107 11 0 255 0 255 209 17 112 133 0 255 255 0
    255 77 0 255 255 0 255 0 255 184 0 255 255 67 0 255 0 255 255 255
    255 255 255 0 255 255 0 0 255 124 255 226 255 0 0 0 153 0 255 0 0
    255 255 0 0 255 255 255 0 0 255 255 255 255 0 199 255 0 118 255 98
    255 255 117 255 0 255 164 255 0 109 255 0 255 84 255 0 69 0 0 255
    255 0 255 255 255 0 255 0 0 0 131 255 33 0 255 226 0 255 0 0 115 255
    255 0 243 255 191 255 0 255 0 255 41 0 255 0 255 255 12 255 10 161 0
    255 0 255 0 254 0 60 255 38 49 130 0 26 0 255 255 0 0 255 0 0 0 51
    133 0 25 0 115 255 255 0 255 255 0 255 255 0 255 121 0 0 255 255 0 0
    0 0 255 58 255 0 119 255 255 255 0 255 245 255 46 255 0 255 0 255
    255 0 255 255 0 0 255 183 186 0 255 0 255 255 0 255 255 255 0 0 255
    252 98 255 175 255 112 90 0 243 255 0 255 0 0 0 0 255 0 255 0 255 0
    255 255 224 255 255 0 0 0 0 255 255 255 112 0 255 255 0 0 0 255 255
    0 255 255 0 0 255 0 0 255 117 142 0 111 255 0 161 146 255 0 0 255 0
    255 0 0 0 82 0 255 0 255 255 60 0 43 0 255 0 255 0 0 255 0 255 0 255
    0 255 0 0 170 0 255 255 0 255 0 0 162 116 0 255 0 255 0 255 132 129
    255 0 0 69 255 255 0 0 255 255 255 190 168 0 255 0 255 0 255 0 205
    255 0 0 255 255 0 188 138 0 0 0 255 0 255 0 0 0 0 255 0 40 171 199 0
    0 0 255 255 255 255 255 0 9 255 0 0 0 0 255 0 0 0 232 255 255 0 255
    255 140 255 255 0 0 214 126 255 4 255 0 255 255 255 255 20 19 0 255
    0 0 255 0 255 3 0 255 255 0 0 255 255 0 0 255 195 255 0 255 0 255 0
    230 0 49 255 0 255 255 0 255 0 255 66 255 0 123 255 0 255 0 0 114 0
    2 119 39 255 10 0 254 255 0 255 255 0 245 0 255 0 0 0 255 195 255
    255 95 0 255 0 255 0 255 70 0 0 255 0 0 255 0 0 0 255 0 255 0 0 224
    255 0 255 255 0 255 255 255 255 0 255 0 48 168 0 118 146 0 0 255 255
    147 255 0 92 0 0 63 0 255 255 206 0 144 0 255 0 255 255 0 255 0 0
    255 0 255 0 186 0 87 255 0 255 0 255 0 17 255 50 255 135 165 189 255
    0 255 0 255 0 0 255 0 0 255 255 0 255 0 255 197 255 0 0 255 0 255 0
    255 0 255 149 106 255 68 0 255 255 0 116 255 0 255 0 0 255 255 255
    166 255 255 255 255 0 255 0 235 255 0 185 255 13 206 255 0 255 255 0
    0 0 255 255 0 255 255 255 255 255 167 255 255 133 49 0 0 255 0 0 255
    0 255 9 40 255 0 255 242 0 244 0 0 0 0 0 123 255 29 0 255 0 255 0 24
    0 0 0 255 255 255 0 0 255 255 0 0 0 65 198 255 171 32 0 255 205 255
    255 0 224 94 255 255 0 0 255 0 255 0 0 137 255 0 255 0 255 0 121 33
    255 26 0 255 0 102 244 167 255 0 255 255 0 255 50 0 0 0 0 0 255 0
    255 255 0 161 0 98 255 255 0 87 0 26 212 77 255 25 0 0 50 255 0 0
    255 61 0 255 0 255 62 255 0 255 42 255 143 255 235 163 0 255 0 0 255
    0 18 255 0 255 159 0 255 2 255 0 33 255 0 255 196 255 255 28 0 170
    255 255 255 255 0 255 0 255 0 255 0 0 0 0 53 0 0 255 0 0 0 255 255 0
    255 0 255 59 0 255 255 255 0 255 150 226 255 0 255 0 255 231 128 0
    255 0 0 197 255 146 0 95 244 0 0 0 255 255 0 255 0 0 0 255 0 0 200 0
    59 0 255 255 0 189 239 255 0 255 0 47 0 255 255 0 255 0 255 0 255 0
    2 255 0 0 255 0 255 255 0 255 0 0 0 153 255 255 0 0 255 120 0 255
    255 255 189 128 255 193 0 255 0 255 122 255 0 255 255 255 224 0 0
    255 255 0 1 91 255 105 255 0 255 0 255 255 0 255 0 0 255 0 255 0 0
    255 255 166 255 255 0 255 0 0 0 0 255 0 255 175 243 0 0 255 0 255 0
    255 0 38 132 18 0 255 255 0 0 255 255 255 255 20 0 255 0 0 255 255
    96 107 0 255 255 0 255 40 0 255 255 0 255 220 255 195 255 0 205 255
    4 0 0 0 0 255 124 255 255 0 255 0 177 0 255 0 0 255 247 0 255 44 0 0
    255 255 0 0 153 103 255 65 255 0 0 0 255 158 0 255 38 0 0 255 0 0
    117 0 56 16 27 255 54 255 0 255 0 232 0 62 0 255 255 0 75 255 0 255
    0 0 0 111 0 30 255 0 37 255 103 255 0 98 255 255 255 94 0 255 0 255
    0 255 255 0 255 255 0 255 2 0 255 0 255 0 127 29 255 87 255 0 110
    255 255 183 255 255 255 0 255 255 255 0 0 122 0 0 255 136 0 255 255
    165 255 255 0 255 251 0 255 0 255 149 0 0 255 255 0 159 255 0 0 0
    255 0 255 0 0 255 0 255 255 255 0 0 255 0 255 0 0 255 0 0 0 184 214
    255 255 255 0 255 255 0 16 255 0 255 150 255 255 0 0 255 255 0 0 0 0
    0 0 255 255 0 255 201 0 255 0 255 255 211 255 255 0 254 45 255 0 255
    13 255 255 255 151 230 0 255 116 47 255 255 0 255 0 255 255 0 255
    149 255 0 255 0 233 0 118 0 0 255 255 255 0 255 0 255 0 0 0 0 255
    255 0 0 255 96 0 0 255 255 255 255 209 0 255 0 0 255 255 6 255 255 0
    255 0 126 255 98 0 0 255 0 130 255 255 0 255 0 255 255 74 0 255 0
    255 255 24 255 0 0 0 0 0 255 255 255 0 41 255 255 8 55 0 108 0 255
    255 0 255 80 183 0 183 255 0 44 0 255 255 0 255 255 52 0 0 255 255 0
    255 255 0 255 0 255 0 0 255 0 134 255 255 133 255 0 255 211 255 0
    255 255 0 0 0 255 0 50 0 255 0 0 255 35 155 255 0 255 255 255 0 0 0
    124 255 0 255 255 255 255 255 0 255 178 255 11 0 0 150 255 202 247
    240 255 0 149 255 255 255 94 0 0 27 0 235 255 0 0 255 0 0 255 254 0
    0 0 255 255 255 0 0 255 0 0 255 0 0 51 255 255 0 0 255 255 255 0 255
    255 255 0 255 255 0 255 116 255 0 15 255 0 0 0 255 168 255 165 168
    97 255 0 0 192 255 0 255 255 0 0 85 0 255 0 255 0 0 255 0 255 48 255
    0 0 255 106 91 255 0 255 0 0 249 0 0 0 255 255 0 255 0 0 0 255 0 255
    0 38 255 0 0 0 0 0 255 0 36 255 0 0 255 0 0 255 255 9 0 0 255 0 0 0
    0 255 186 255 255 0 142 255 0 0 255 255 187 255 0 166 255 255 180
    255 0 234 0 0 255 255 0 215 255 0 0 0 255 146 210 255 255 0 255 0 0
    255 233 255 0 0 0 148 162 0 232 0 255 56 0 0 0 0 255 185 255 0 255
    126 245 0 255 0 0 255 0 255 255 0 75 255 0 255 0 239 93 0 255 0 0
    150 99 255 255 0 255 0 156 0 0 255 255 255 255 126 0 0 0 255 0 88 0
    0 0 174 0 255 255 255 255 234 32 124 0 255 0 255 0 8 67 0 117 255 0
    255 0 255 255 255 0 255 255 0 255 0 255 255 0 255 0 255 85 0 255 115
    0 76 255 0 255 0 255 255 0 0 255 255 0 255 255 21 0 0 255 0 255 9
    255 0 255 0 255 0 255 142 0 255 255 211 0 255 255 0 0 63 255 0 76 0
    255 255 0 255 203 0 255 0 255 210 0 0 47 121 5 35 255 0 0 255 255
    255 0 255 136 255 0 255 0 255 252 255 0 0 0 0 47 208 0 255 255 255
    181 255 0 0 0 211 255 255 0 255 255 0 0 255 195 0 255 255 0 255 38
    255 255 0 0 0 255 0 255 255 0 103 0 255 255 0 255 0 0 0 7 0 255 0
    255 0 255 22 0 255 255 0 255 153 0 0 255 255 0 0 255 0 0 0 255 0 11
    255 255 255 0 113 255 0 255 255 141 255 0 238 255 0 253 80 0 255 0 0
    255 51 255 255 0 255 0 0 0 80 99 77 0 255 0 244 255 61 0 255 0 255 0
    116 0 255 255 255 0 255 0 96 255 106 255 0 245 255 255 0 253 156 255
    0 255 255 0 255 0 0 255 0 255 0 142 255 255 0 255 121 0 202 0 169 0
    255 255 255 0 255 51 200 255 150 255 0 255 48 0 0 255 255 120 86 255
    0 0 255 255 0 255 255 0 255 0 0 255 65 154 255 0 255 0 0 145 255 0
    255 0 255 0 0 255 0 255 0 192 0 148 237 255 169 255 93 66 0 255 0
    132 0 0 255 219 201 0 109 255 0 255 0 255 46 103 89 137 0 255 0 255
    0 255 255 0 0 255 0 159 255 255 255 0 255 255 0 255 0 0 255 0 0 255
    0 255 237 0 0 255 0 229 255 255 0 255 115 0 255 60 0 181 0 0 116 255
    255 0 255 255 0 255 255 120 252 0 255 0 0 195 0 255 255 0 0 255 0
    255 228 0 255 0 255 0 0 255 255 0 0 255 255 0 61 116 170 255 255 255
    0 226 255 255 0 255 50 221 0 255 0 255 0 0 0 255 0 255 0 0 91 255 0
    255 0 53 69 0 255 0 0 52 0 255 0 0 255 0 255 255 141 255 168 0 0 255
    0 255 255 0 255 241 0 255 255 207 51 6 0 255 255 255 0 0 60 30 150
    255 0 0 255 0 255 0 0 255 0 255 255 0 255 0 255 255 0 255 255 255 0
    0 126 0 255 255 0 255 0 0 255 255 255 0 0 255 255 255 0 67 59 0 0
    255 0 0 255 0 255 0 255 255 0 121 134 255 3 225 0 131 0 255 96 108
    255 190 255 0 255 255 0 255 0 255 158 255 0 0 255 0 98 255 255 255 0
    255 255 0 41 0 255 0 255 0 255 255 255 246 255 0 255 48 0 0 0 43 0 0
    99 245 0 64 0 0 0 255 0 255 255 255 0 255 0 70 0 255 0 255 255 255 0
    0 0 0 255 0 0 255 0 20 255 132 255 67 255 0 0 255 255 137 255 0 0 0
    255 255 255 25 255 255 255 0 255 0 255 0 255 139 0 255 140 146 16
    255 0 0 255 255 124 255 255 255 255 0 255 0 82 0 255 0 0 0 255 0 255
    123 255 250 0 255 0 255 255 0 0 221 51 255 0 0 0 255 0 255 255 255 0
    255 237 255 255 166 0 197 0 0 148 139 0 255 0 255 255 0 255 187 0
    188 0 201 255 0 212 0 0 140 255 0 255 247 34 144 255 92 0 0 145 255
    0 255 54 205 255 0 0 0 120 255 0 77 0 0 0 255 0 255 255 255 0 255 0
    255 100 0 255 255 0 255 0 255 0 255 0 255 255 255 0 255 255 0 36 0 0
    255 0 134 0 76 246 255 192 0 255 0 0 243 255 255 160 14 255 0 0 255
    0 0 140 0 0 255 0 255 144 233 0 255 0 255 0 255 248 0 0 255 0 255
    255 0 0 109 0 0 91 0 0 0 115 255 255 255 0 0 255 255 0 255 20 0 255
    0 255 83 0 0 255 0 255 0 255 255 0 255 78 255 0 255 255 255 255 255
    0 0 78 164 255 0 0 255 255 0 0 255 255 0 3 0 0 255 0 255 0 0 255 141
    0 0 101 255 255 196 0 0 0 255 95 49 0 0 255 71 255 55 134 0 0 255 0
    255 0 255 0 83 0 255 0 189 255 0 0 178 86 0 255 255 255 0 255 0 0 89
    255 202 0 0 255 0 0 0 255 0 0 255 0 255 255 0 255 0 255 1 255 105
    255 0 255 0 0 0 185 255 255 59 255 241 255 117 181 220 22 0 255 255
    80 0 0 244 255 255 23 91 0 0 255 0 0 0 0 0 144 0 255 255 0 255 0 255
    255 255 255 0 0 255 0 255 255 255 255 255 0 255 0 0 134 255 255 0
    255 0 173 0 0 0 255 0 255 0 255 255 255 0 255 0 164 255 0 0 0 255 0
    255 255 171 0 0 194 0 255 0 255 0 255 0 0 255 255 0 255 255 0 32 0
    255 0 83 255 255 0 255 0 0 0 245 0 0 255 101 150 245 0 192 255 0 255
    0 255 77 143 255 255 0 0 255 255 0 255 0 255 0 255 0 255 0 255 0 255
    255 255 255 0 255 0 238 0 0 0 255 255 255 0 255 0 0 8 222 255 255 0
    145 255 0 255 0 255 0 183 0 201 255 0 255 0 255 0 255 255 0 255 255
    0 255 0 255 0 255 0 255 255 255 0 255 255 0 0 255 132 0 255 255 0 0
    255 255 255 0 255 0 255 255 0 255 0 0 0 0 135 97 3 183 105 0 110 255
    255 255 0 177 0 0 255 0 0 97 191 0 255 0 0 0 255 0 255 0 255 0 255
    255 0 0 255 0 0 152 0 50 255 0 255 0 255 255 0 0 255 0 0 255 93 255
    232 255 0 255 255 46 0 0 194 0 255 0 255 0 52 0 0 255 255 255 255 0
    66 0 216 0 0 255 205 0 197 0 0 255 186 199 255 255 0 0 255 0 255 255
    0 249 191 0 0 255 0 255 255 255 255 255 35 249 41 255 255 83 0 255 0
    0 255 0 0 255 67 0 255 255 255 0 255 0 255 0 207 111 0 206 255 47
    255 130 255 0 255 255 213 255 255 255 255 0 0 255 0 118 0 255 244
    210 0 255 255 0 67 0 255 0 0 255 0 255 255 255 0 211 0 255 0 255 55
    0 0 255 0 83 233 0 255 0 255 0 100 255 111 253 0 255 255 0 255 255
    255 0 255 255 255 0 255 0 0 120 0 255 0 0 255 255 0 255 255 0 255 0
    51 0 0 0 0 255 255 0 34 255 255 0 0 255 218 0 0 255 0 255 11 16 255
    0 0 255 255 5 0 255 255 255 255 30 0 255 0 255 159 32 130 0 0 0 255
    0 212 116 255 239 0 70 66 0 255 0 161 255 0 255 0 245 0 0 255 119
    255 255 159 0 255 0 0 255 0 255 255 255 0 159 96 255 0 255 255 255 0
    255 0 255 255 209 255 0 0 255 0 0 255 163 255 188 255 0 255 0 255
    195 255 255 255 203 5 0 0 255 0 255 0 255 0 255 0 0 255 0 0 171 30
    131 255 0 255 255 0 63 0 85 0 255 0 0 0 255 0 255 0 255 90 195 234 0
    255 255 255 0 255 0 255 0 82 255 255 255 255 255 0 255 255 0 218 0 0
    255 0 255 0 0 48 255 0 0 0 213 138 255 255 0 0 255 255 0 255 255 0
    255 0 255 0 0 255 0 0 255 0 100 52 133 255 255 0 54 255 255 0 255
    255 4 255 255 181 255 0 255 255 0 255 255 255 134 7 0 0 253 0 255
    255 127 0 19 0 0 255 255 0 255 154 255 0 0 0 255 0 255 255 107 241
    255 255 0 255 0 0 255 255 255 0 0 255 0 255 85 0 0 0 167 0 255 0 255
    255 0 255 0 255 0 58 0 72 0 255 0 255 0 255 0 22 255 143 255 255 0
    255 255 0 0 224 98 155 0 255 255 0 255 255 0 255 255 255 157 255 0 0
    0 255 255 125 255 255 0 82 255 0 0 0 255 255 19 0 235 0 5 66 0 255
    85 0 190 1 177 246 255 0 255 255 0 0 165 253 224 255 80 0 0 255 3
    255 0 0 85 0 255 255 0 255 0 0 250 255 0 0 255 0 255 255 0 190 255
    247 0 255 0 0 0 255 0 132 255 255 211 159 0 255 55 0 51 185 255 206
    255 0 0 0 255 0 255 255 255 13 255 255 0 255 255 92 255 0 0 33 255
    118 70 255 0 255 94 0 168 70 87 0 255 0 255 255 0 0 241 46 0 0 255
    255 0 0 255 255 0 255 255 0 255 255 0 0 255 61 255 0 0 255 0 224 7 0
    0 255 255 0 255 0 255 255 0 255 0 5 0 0 255 0 84 0 255 253 0 0 0 255
    70 255 150 0 255 255 255 0 255 0 0 255 0 136 6 0 202 0 255 255 0 0
    255 255 255 57 176 106 255 125 255 255 226 0 0 255 255 255 0 255 59
    0 255 255 0 255 0 255 255 255 0 255 234 255 0 255 0 0 255 228 129
    255 0 255 0 0 255 0 0 255 0 0 255 130 0 255 255 255 0 255 40 0 0 12
    255 0 255 0 255 0 0 255 0 0 128 0 255 0 185 255 110 255 198 160 153
    255 255 128 255 18 54 203 255 234 0 255 0 0 0 98 192 5 241 0 255 0
    225 0 0 255 255 0 248 82 188 0 255 255 0 0 255 0 0 137 0 255 255 0 0
    255 255 0 48 0 255 255 176 255 255 255 0 255 0 255 255 255 0 255 0
    250 87 73 0 0 255 0 255 0 158 0 0 255 255 255 255 255 0 0 0 0 255 0
    255 255 255 255 0 255 0 0 131 0 255 0 255 139 255 255 0 0 255 255 0
    255 255 255 0 255 0 255 0 255 255 0 0 255 255 0 255 0 0 255 0 255 0
    255 255 0 251 75 255 188 255 0 255 22 0 255 0 247 255 255 45 0 205
    154 255 255 255 0 255 0 254 255 255 144 255 0 133 244 255 255 255
    255 255 0 0 255 0 0 255 0 255 0 255 255 29 255 0 255 127 255 0 0 255
    0 142 162 255 0 235 0 44 0 0 255 0 0 75 255 0 0 255 0 0 255 0 0 178
    0 255 255 255 255 0 255 173 25 179 255 255 255 255 0 255 0 255 0 255
    255 255 0 0 255 56 0 255 92 255 100 158 0 255 2 104 255 0 0 0 255 0
    77 0 0 0 0 255 154 0 255 255 159 229 255 255 0 255 0 0 255 0 255 28
    0 255 0 0 255 0 255 255 0 76 0 103 0 0 0 0 124 255 94 0 255 0 255 0
    11 146 255 0 12 120 0 135 255 255 0 0 241 0 255 255 0 0 255 255 45 0
    255 255 0 255 83 108 194 255 114 0 254 51 255 0 255 0 255 0 255 0 0
    79 255 255 0 0 255 255 0 255 0 255 0 255 0 0 255 255 0 255 0 157 0
    73 255 0 255 0 255 66 255 255 255 0 0 0 255 255 209 255 0 255 0 120
    0 0 255 0 255 255 0 255 255 255 255 255 255 0 255 127 255 46 255 0
    255 255 0 255 64 0 255 0 249 0 255 255 201 0 255 0 255 0 255 255 255
    252 255 0 255 0 255 0 89 0 48 196 181 67 156 255 255 212 255 255 0 2
    255 0 255 0 219 255 0 255 255 255 0 0 255 0 0 157 255 0 255 255 0
    255 139 0 232 0 255 255 255 0 0 0 0 0 255 0 255 0 255 0 214 58 255
    255 255 255 182 0 0 161 255 0 255 0 236 0 255 117 255 0 0 255 255 0
    255 75 162 254 255 255 0 107 0 0 255 0 255 0 255 0 0 255 0 144 255
    94 255 255 0 255 0 0 32 0 255 60 255 255 255 0 255 0 10 255 0 255 0
    0 255 0 255 255 255 0 0 255 255 0 200 0 224 255 0 255 255 0 255 0
    141 194 255 0 0 255 216 0 255 73 246 0 181 0 0 131 255 214 0 249 98
    149 255 98 255 0 255 10 255 0 0 255 0 255 0 202 255 255 0 29 255 255
    0 0 255 0 244 0 0 255 0 255 0 91 0 255 0 255 0 0 255 255 0 254 180 0
    0 255 0 6 0 255 255 33 255 0 255 255 0 255 255 110 0 255 0 0 255 226
    203 0 127 117 0 0 0 255 0 89 0 255 0 255 255 255 0 0 8 0 255 0 255
    59 0 255 0 255 255 147 255 0 255 0 255 0 255 0 255 35 255 0 255 255
    0 255 255 255 0 0 255 255 0 19 255 255 0 255 153 0 125 255 0 255 0
    167 255 0 56 255 255 0 0 91 0 255 255 0 0 216 84 255 160 0 214 228
    80 0 255 0 0 255 0 255 0 0 255 39 0 255 151 147 0 255 0 255 255 0
    208 255 0 255 255 0 0 255 255 255 0 255 255 0 255 16 255 95 255 255
    180 0 141 255 255 0 255 0 255 10 0 0 0 255 255 0 0 0 255 255 0 255 0
    255 105 255 255 0 16 241 0 255 0 0 0 124 255 207 0 0 255 0 0 33 255
    105 0 255 0 255 255 222 0 255 0 255 155 255 0 255 0 128 255 65 0 0
    255 0 10 0 255 255 0 107 255 0 233 255 255 0 0 255 0 255 0 0 255 90
    0 255 0 255 255 0 0 0 255 32 108 255 0 255 0 155 255 255 255 104 156
    255 0 196 0 255 0 0 255 0 0 255 0 255 0 255 0 255 0 0 25 255 45 255
    0 255 0 0 255 255 255 0 255 0 83 208 47 0 255 0 0 255 0 68 0 255 255
    0 255 0 0 255 0 255 0 0 0 0 255 0 255 0 248 255 0 0 157 0 255 0 9
    255 237 0 0 132 255 0 0 255 0 0 255 0 255 0 0 84 19 255 0 0 255 255
    255 255 255 0 255 255 0 0 255 0 0 255 37 148 255 0 255 255 255 0 255
    217 100 0 255 255 0 226 0 67 168 255 191 0 71 0 0 255 194 0 158 193
    255 0 255 102 0 0 255 0 152 0 0 0 0 198 0 0 0 0 0 255 255 0 255 255
    0 0 255 32 255 211 192 255 255 0 0 255 0 255 0 255 211 221 255 0 255
    138 255 0 0 255 0 255 255 213 0 255 0 255 255 93 255 0 0 237 255 255
    255 0 0 255 0 83 0 255 0 43 255 213 255 64 0 255 0 255 0 255 0 255
    255 0 146 97 255 0 34 0 255 255 0 255 255 0 255 255 0 255 0 255 255
    0 255 149 0 192 255 0 96 255 255 134 81 55 0 138 0 64 0 3 255 255 0
    105 255 255 31 0 255 238 255 0 178 255 255 0 255 255 0 255 0 255 255
    199 0 255 255 255 0 255 0 145 255 0 255 0 255 0 0 255 0 31 199 0 255
    255 255 208 33 255 227 255 0 255 0 0 255 255 255 0 224 0 255 0 255
    255 255 0 0 74 99 0 255 255 255 0 255 255 255 255 0 255 255 33 0 243
    0 255 0 0 255 0 255 0 255 161 144 48 255 0 141 119 218 143 0 0 255 0
    255 53 0 0 255 255 25 0 87 0 163 0 117 255 28 0 0 255 158 0 220 255
    185 0 0 255 0 255 255 0 255 0 0 255 255 0 255 255 0 255 0 255 0 255
    0 0 255 104 0 255 255 249 0 255 255 255 255 0 255 0 23 0 255 0 0 0 0
    0 203 255 255 0 28 0 255 0 255 0 0 255 0 255 255 26 255 0 0 0 255 0
    40 255 255 128 0 255 255 0 255 0 255 0 255 0 0 39 115 0 0 255 255
    255 0 255 0 255 0 255 29 255 0 29 0 255 95 57 0 245 255 255 0 0 255
    217 0 255 0 255 255 255 0 0 240 255 0 0 255 0 255 0 255 0 161 0 0
    255 0 166 255 239 0 0 0 255 255 0 255 0 0 255 255 0 187 0 0 255 0
    255 0 255 0 255 0 111 255 0 74 255 255 255 255 0 108 0 42 255 0 255
    2 0 255 0 134 255 0 0 0 255 255 117 0 167 143 235 0 241 255 255 255
    0 0 255 0 0 120 75 0 255 0 255 0 14 164 106 70 0 255 255 145 255 0 0
    255 0 0 255 0 255 255 0 100 80 255 0 38 0 232 255 255 175 0 6 0 0 0
    255 0 255 0 255 0 255 255 113 0 255 0 255 255 0 255 0 255 0 255 21
    255 0 255 255 0 255 0 255 50 0 255 0 0 255 255 0 0 255 217 0 255 0
    255 0 184 255 0 255 255 119 0 255 0 255 0 255 234 29 255 0 255 42
    194 255 0 255 0 255 159 255 212 0 0 247 0 0 255 0 255 0 255 255 0
    255 14 0 0 151 0 255 255 255 0 61 195 58 0 255 122 255 0 255 255 0 0
    0 255 0 255 0 255 255 255 0 255 249 255 255 255 0 0 255 0 159 68 0 0
    107 0 0 255 255 163 0 255 0 0 135 173 0 255 197 255 255 255 0 162 0
    38 0 255 75 255 0 0 217 0 98 51 0 16 218 44 0 159 255 0 0 255 0 0
    255 0 255 65 0 168 0 38 132 0 0 255 255 0 0 153 0 255 255 0 255 0
    255 74 0 255 124 255 0 0 255 255 0 16 0 255 0 0 255 0 0 255 139 0
    135 255 255 186 0 255 255 106 226 255 255 58 0 255 255 0 255 0 0 255
    0 0 0 31 255 0 0 232 255 0 0 73 0 45 0 0 0 96 255 255 0 255 255 0 7
    0 255 0 0 0 255 0 0 255 175 255 255 51 255 115 255 0 229 95 0 255 0
    255 255 255 0 255 255 0 0 14 255 0 255 0 255 0 104 255 255 0 255 0
    255 0 0 66 0 255 0 255 0 255 254 0 255 0 255 0 0 0 0 255 0 127 23 32
    255 255 10 255 0 255 255 0 210 255 0 255 0 0 0 255 255 0 0 60 0 255
    0 255 0 3 255 0 0 255 0 0 0 255 0 255 0 0 255 255 0 0 255 186 255 67
    255 0 255 0 255 0 255 255 181 255 255 0 255 255 0 0 255 255 255 0 0
    238 244 255 31 0 214 0 255 0 255 255 116 0 0 255 255 255 255 255 0
    255 255 190 24 0 255 0 245 255 255 0 191 255 0 70 0 255 0 255 0 109
    0 249 0 124 87 5 255 255 166 0 255 228 0 255 0 0 255 0 11 0 255 255
    255 0 0 208 255 113 238 255 209 0 240 0 0 255 251 0 193 0 255 0 127
    255 0 0 146 255 0 0 75 255 255 255 0 255 150 0 255 255 0 0 0 255 0
    255 0 255 255 0 0 255 255 255 53 0 255 0 94 0 255 0 0 255 0 213 0
    255 0 255 255 0 0 37 166 0 0 0 0 255 0 42 255 0 201 0 255 255 0 0 0
    255 0 117 249 255 255 18 0 255 255 0 255 0 255 0 255 255 255 145 0
    157 255 0 255 255 255 0 255 0 255 0 255 139 0 26 0 255 0 166 255 0
    77 0 255 23 255 0 0 255 255 0 255 0 115 255 255 0 0 200 9 255 255 0
    0 0 255 175 255 233 255 217 255 0 118 221 0 0 255 0 0 0 0 255 255
    255 0 255 30 77 81 54 255 91 0 60 0 255 0 255 255 0 255 255 255 0
    255 0 0 93 255 0 0 255 0 255 0 255 96 255 0 47 0 255 255 0 0 255 255
    0 126 80 0 48 0 255 255 255 0 255 20 50 255 131 0 24 255 255 72 104
    0 0 0 255 0 255 0 255 0 255 0 235 0 134 170 255 0 255 98 0 0 255 0 0
    0 255 0 125 255 182 255 134 255 0 187 0 255 0 102 13 0 255 255 0 255
    150 0 113 255 0 255 173 0 255 0 255 0 255 0 214 27 0 255 0 0 178 255
    0 0 0 245 0 255 255 0 255 156 89 255 149 0 0 255 0 51 255 0 255 0 67
    255 0 255 255 0 0 255 0 0 0 255 19 110 0 0 255 12 255 0 255 159 116
    0 0 255 0 0 255 0 255 0 0 81 0 0 0 0 0 253 255 255 23 0 63 255 255 0
    255 254 0 255 0 0 255 255 0 227 255 255 0 0 0 0 255 214 0 255 0 0 12
    63 0 255 116 0 242 255 0 255 255 255 0 255 0 255 179 128 175 155 0
    255 255 255 33 50 255 0 255 255 0 0 0 255 0 0 255 0 255 0 255 255 0
    255 0 255 0 129 0 0 255 0 255 0 0 0 255 255 0 255 0 0 0 255 255 255
    0 172 0 255 0 255 197 15 88 0 0 0 255 0 255 0 255 0 255 0 255 255 0
    0 36 96 0 255 0 0 2 121 255 145 0 255 0 255 0 60 255 255 255 255 0
    255 255 255 0 138 255 255 0 255 54 255 0 255 135 0 0 0 0 255 74 118
    255 255 198 255 255 0 0 0 255 0 0 54 255 0 164 255 0 44 255 214 0
    255 0 255 255 254 255</data></your_img>
</opencv_storage>
