<?xml version="1.0"?>
<opencv_storage>
<filter_type>2</filter_type>
<only_luma>0</only_luma>
<r1>1</r1>
<r2>5</r2>
<L2_diff>1.</L2_diff>
<test_img type_id="opencv-matrix">
  <rows>128</rows>
  <cols>256</cols>
  <dt>"3u"</dt>
  <data>
    182 38 127 155 228 169 227 183 219 124 125 127 78 166 102 22 53 203
    37 139 27 108 211 124 11 187 164 236 122 72 133 27 14 48 188 137 53
    57 17 166 56 36 103 23 24 224 218 151 118 191 207 15 80 191 115 246
    216 148 134 7 154 127 246 38 62 199 43 119 197 51 205 211 150 31 20
    170 115 121 77 80 216 210 56 9 58 180 200 198 18 205 192 244 151 159
    7 199 178 1 132 52 111 145 158 181 200 125 173 239 252 214 193 216
    29 68 37 94 246 83 32 196 48 211 144 126 11 177 83 42 160 206 44 185
    187 128 19 146 35 154 33 201 99 158 47 62 69 211 131 125 233 118 34
    244 196 136 98 82 200 249 182 199 109 244 217 23 135 104 135 184 237
    86 16 43 59 234 132 175 50 117 13 56 122 34 91 86 76 113 69 128 52
    124 248 178 128 254 235 130 182 121 176 175 98 44 181 222 34 24 186
    73 18 191 238 144 103 245 35 186 242 150 50 230 12 104 104 216 52
    182 126 238 62 244 15 90 98 82 155 194 53 223 96 56 100 222 219 172
    202 41 223 152 80 140 54 230 171 117 82 178 24 146 12 87 54 6 209 35
    105 219 68 103 106 137 28 131 151 162 123 13 196 218 1 33 207 115
    251 196 61 139 142 23 169 101 113 38 175 63 45 46 25 137 189 166 171
    74 90 241 164 241 44 2 86 23 155 184 90 63 91 64 181 59 58 71 204
    168 80 149 178 136 179 117 23 73 121 171 10 209 204 80 98 252 148 36
    0 46 228 101 80 47 45 174 66 16 142 206 234 14 251 154 195 215 117
    72 207 108 81 254 35 103 119 1 52 106 199 123 230 74 20 120 212 179
    99 64 74 102 13 40 140 36 187 217 90 119 188 165 53 172 205 189 49
    214 99 77 201 142 216 135 220 47 48 52 196 95 67 23 18 36 130 154 14
    102 5 196 74 187 243 1 236 178 62 218 100 218 156 111 25 251 211 118
    83 16 197 13 162 131 170 158 247 26 201 133 131 11 238 131 125 14
    185 116 168 45 135 72 76 237 119 137 134 146 124 11 208 194 207 3 44
    146 199 250 11 240 216 149 42 15 50 109 139 24 119 156 175 62 61 71
    116 61 109 4 228 58 169 47 9 101 201 176 124 43 95 141 173 134 123
    210 255 92 146 67 66 7 139 244 212 83 1 76 34 126 199 105 69 46 164
    139 231 240 220 147 70 94 13 208 175 102 151 222 241 38 113 213 67
    129 163 253 195 108 215 169 52 219 107 147 30 107 122 110 26 198 139
    163 167 189 153 204 26 228 9 133 187 143 102 30 47 116 158 225 19
    153 42 84 147 177 82 177 20 228 177 84 194 168 6 71 19 235 100 35 88
    145 102 239 177 60 49 43 147 117 26 10 94 213 143 33 254 209 15 139
    0 20 225 106 31 138 96 170 83 228 116 106 184 185 129 154 84 2 103
    143 229 128 108 248 7 228 127 197 243 60 205 2 71 38 232 161 105 120
    15 80 243 74 3 19 236 181 140 43 254 68 93 149 162 4 16 28 231 42 32
    239 79 121 232 57 19 169 81 116 224 127 103 91 163 135 106 129 20 59
    93 226 118 73 232 76 92 222 7 21 174 85 132 0 72 119 132 236 148 212
    133 146 111 109 54 16 229 32 217 178 160 149 71 244 189 88 119 185
    116 99 95 65 159 72 149 254 82 235 111 211 200 142 109 218 31 178
    191 150 255 41 208 182 3 73 79 148 193 239 88 5 41 136 129 34 210
    167 253 175 85 203 242 213 103 30 178 76 134 51 136 243 49 96 152
    247 143 243 93 169 15 188 37 91 46 25 33 155 135 229 188 246 211 165
    203 138 138 41 70 83 217 163 91 210 51 232 24 131 167 167 78 25 81
    184 33 241 185 252 17 98 94 201 202 28 222 236 6 137 202 174 108 126
    18 149 109 48 176 95 244 222 253 242 210 113 249 69 172 194 18 145
    113 24 51 184 190 191 239 252 239 18 229 138 241 12 93 41 222 2 163
    199 28 89 56 195 56 168 36 58 232 38 147 213 138 37 69 203 235 68 73
    106 52 227 117 223 242 71 85 2 5 238 102 15 201 108 143 213 184 129
    18 91 125 11 67 178 86 68 35 40 244 3 213 2 241 157 209 252 194 109
    82 73 250 249 145 165 191 115 255 230 154 203 76 244 96 44 163 104
    103 190 15 9 167 64 16 122 91 154 133 199 104 48 172 16 170 240 132
    168 92 20 68 248 165 226 150 204 248 21 229 230 136 151 222 10 77
    156 170 107 202 53 153 72 242 39 231 106 90 139 110 28 117 166 5 191
    197 224 244 52 150 225 150 4 197 67 186 216 35 34 106 9 180 249 31
    138 221 130 61 159 214 192 86 212 224 78 11 55 15 83 250 188 19 161
    247 93 235 238 228 49 132 94 74 74 64 223 82 252 26 233 92 32 77 235
    218 179 54 253 224 78 131 98 104 101 77 255 230 198 92 251 9 232 182
    108 29 169 215 192 253 237 97 14 100 206 31 211 31 42 157 68 168 184
    201 167 151 108 43 4 87 153 142 152 229 187 82 35 155 208 47 9 27
    252 239 121 118 226 107 205 17 40 19 64 18 132 160 4 6 139 232 111
    120 101 207 87 227 90 100 71 45 254 20 52 31 58 107 145 194 125 204
    173 135 209 96 78 170 134 145 129 197 51 154 118 23 68 43 87 226 77
    177 159 41 240 48 61 119 138 187 189 5 253 126 134 227 121 6 49 68
    222 172 212 75 100 251 234 17 12 76 138 153 195 175 35 227 184 68 62
    106 29 167 140 64 34 95 72 137 206 26 148 241 32 208 248 99 32 204
    87 66 200 35 48 40 213 56 69 254 96 45 18 47 54 234 115 255 192 75 9
    239 190 192 159 138 146 50 85 152 94 133 61 78 144 208 212 78 60 206
    70 128 66 241 186 145 107 77 60 200 72 150 241 102 30 182 113 240 9
    62 20 163 200 152 40 24 252 76 7 156 48 197 127 20 157 248 92 212
    136 71 74 154 49 9 247 232 46 120 225 242 159 123 131 179 22 225 152
    59 109 31 130 213 253 60 218 54 243 36 106 115 129 106 109 67 155
    115 32 144 62 38 129 10 41 152 218 95 127 131 168 123 62 191 163 192
    30 80 134 113 67 15 107 226 52 187 168 86 194 50 88 240 251 235 217
    64 170 60 155 242 247 71 63 95 122 201 88 26 232 239 196 126 73 160
    28 0 197 169 255 183 15 147 58 174 38 199 70 224 196 91 21 157 196
    122 10 180 149 45 114 196 251 33 88 18 16 165 217 15 85 142 15 250
    234 50 240 54 152 119 37 51 161 191 100 96 39 181 66 12 64 160 187 0
    39 171 240 17 57 182 229 172 50 192 221 183 230 47 244 83 225 41 246
    1 196 253 151 221 144 170 53 196 151 117 96 187 63 143 171 149 155
    204 77 47 243 48 114 2 39 247 15 227 253 246 43 168 21 45 174 78 249
    28 124 129 180 163 160 179 188 76 113 74 245 203 141 105 151 231 228
    198 54 241 4 247 189 77 162 252 214 19 116 203 89 81 218 252 248 107
    46 80 11 58 203 220 120 88 216 117 89 104 77 32 4 66 142 138 202 28
    101 171 116 92 39 24 157 220 10 241 186 113 204 23 233 147 123 20
    204 212 113 204 151 253 205 19 39 50 135 229 139 127 122 114 21 138
    228 193 208 135 129 182 37 38 202 224 127 120 187 224 160 79 40 208
    15 62 171 42 45 209 59 123 135 7 174 45 79 246 110 47 225 18 83 21
    15 253 233 192 145 113 95 233 7 244 102 44 17 124 107 68 149 38 107
    104 238 49 31 157 112 165 90 114 53 230 113 84 227 157 104 198 148
    51 229 73 61 185 184 87 88 41 133 210 72 81 233 121 20 37 105 138 27
    101 150 7 102 133 214 4 225 58 109 209 174 83 25 230 188 58 65 187
    169 129 168 253 255 249 229 104 44 109 100 140 21 11 177 53 156 154
    130 42 44 44 89 139 21 202 157 149 119 231 155 119 33 247 248 197 41
    16 103 64 222 176 87 209 155 140 232 235 246 55 155 178 81 3 2 251
    172 11 126 139 137 18 44 164 165 89 223 67 195 167 50 141 175 35 169
    141 114 26 101 202 115 12 154 124 75 4 102 173 27 66 238 104 103 201
    169 81 75 126 158 151 106 163 173 66 38 117 23 59 82 254 58 70 83 0
    35 206 77 166 5 87 175 56 96 226 255 232 33 221 33 251 179 250 230
    44 180 0 141 33 29 132 158 142 126 71 244 154 23 101 127 183 56 219
    253 45 118 17 106 220 62 160 136 105 182 144 77 74 204 133 30 57 254
    167 48 222 37 128 195 29 31 119 194 252 250 102 39 137 206 172 253
    20 145 139 110 135 158 120 84 239 249 111 40 70 244 193 61 15 26 123
    127 217 0 119 195 85 197 255 144 12 67 196 56 173 240 39 202 248 124
    65 97 225 136 243 228 152 225 32 37 12 53 243 204 120 194 248 224 55
    91 50 223 203 133 239 197 9 199 125 201 124 77 10 246 144 183 69 141
    105 194 188 21 190 183 99 241 158 229 201 90 25 113 165 27 59 39 100
    116 71 119 105 49 116 245 149 74 39 218 61 223 16 88 180 99 140 210
    132 167 188 206 192 6 121 170 54 247 90 55 98 254 192 34 30 170 181
    189 139 208 247 184 84 220 127 193 218 245 60 77 73 175 190 3 232 65
    25 9 63 242 50 27 11 140 255 113 42 208 56 128 76 41 154 83 55 202 8
    40 112 54 38 83 236 221 237 18 135 138 210 71 31 189 95 43 2 31 39
    144 161 120 18 126 185 144 199 68 104 78 139 44 252 163 13 235 80
    215 40 27 71 195 123 59 235 95 41 32 211 63 57 190 201 34 8 206 92
    166 178 49 1 249 190 223 100 124 49 7 176 239 157 192 87 37 38 29
    251 203 31 23 165 52 41 170 210 100 255 119 44 51 167 88 170 35 131
    203 168 15 184 118 30 3 240 48 145 109 22 2 175 251 98 95 78 192 73
    123 32 47 241 149 100 48 19 49 236 85 121 176 206 92 162 197 106 135
    14 148 118 129 171 41 166 108 96 175 58 231 10 217 24 76 47 115 151
    142 166 150 209 77 129 26 146 132 170 58 42 119 143 101 186 156 233
    174 77 46 254 80 255 52 102 28 180 249 199 3 131 104 54 106 177 103
    114 212 163 129 31 238 41 136 125 25 17 168 143 171 83 15 130 46 200
    87 204 240 168 72 63 245 11 99 107 152 69 39 6 113 10 253 53 225 172
    178 6 16 68 143 19 170 152 89 113 102 86 87 104 199 174 215 90 85 58
    43 37 220 149 65 54 31 3 179 160 132 20 113 130 103 14 171 91 49 61
    23 141 109 191 133 95 215 19 229 176 182 35 41 6 36 127 190 235 130
    68 113 16 84 221 131 34 227 237 91 63 21 94 235 154 104 138 47 207
    15 255 51 224 133 30 69 243 209 130 165 111 219 32 100 243 53 245
    198 228 179 86 169 124 2 255 10 247 248 165 108 17 2 54 5 186 87 115
    122 147 247 65 47 124 147 60 39 51 82 190 142 244 84 210 245 56 101
    137 195 89 60 171 220 254 74 139 166 229 173 239 185 78 135 119 56
    109 173 126 254 152 179 152 106 147 135 156 160 139 119 22 251 108
    212 15 46 178 255 211 197 116 144 162 63 241 219 152 6 251 7 11 53
    11 24 175 123 101 3 72 81 45 112 235 43 55 172 120 69 192 243 111 53
    232 223 64 161 107 38 9 113 112 167 234 172 147 180 23 162 151 9 157
    255 95 222 47 248 137 216 29 238 146 67 74 202 240 248 221 150 95
    145 42 67 221 206 142 118 236 105 24 29 161 26 246 183 42 40 191 253
    43 198 185 26 205 97 137 69 11 175 141 155 226 101 93 221 114 38 130
    93 199 224 170 184 57 249 63 191 121 10 251 117 229 135 23 54 132 70
    60 242 133 253 143 52 14 181 75 227 234 253 99 121 26 8 25 114 145
    75 57 199 208 134 201 111 129 137 98 187 123 42 44 168 193 20 34 248
    159 223 238 149 179 173 142 60 107 138 48 67 254 255 122 88 244 226
    118 86 6 74 66 234 205 202 137 36 169 107 108 26 29 24 228 79 85 187
    254 116 184 239 200 211 157 66 73 170 190 105 161 69 221 189 21 223
    187 125 46 52 228 134 201 245 86 102 191 205 183 87 143 123 253 142
    18 232 239 225 25 254 52 177 62 242 148 5 46 167 152 42 73 254 88
    108 218 151 21 27 172 70 72 96 158 230 190 212 171 247 227 80 96 106
    17 187 19 39 226 134 115 16 6 117 47 153 178 225 137 2 67 142 4 251
    44 171 36 126 196 68 223 206 78 61 223 178 164 18 59 192 239 179 84
    126 77 71 30 59 10 230 53 163 201 210 218 189 27 151 203 63 142 86
    35 73 183 81 169 160 253 77 44 108 222 177 242 64 250 128 203 162
    237 232 84 59 68 52 149 175 39 73 79 133 205 244 63 81 246 167 227
    63 239 196 44 125 202 122 173 112 29 71 91 222 94 243 119 1 13 87
    142 61 92 254 216 120 196 165 44 151 56 104 69 76 63 105 100 74 3
    153 22 245 144 212 238 39 60 145 162 168 125 33 1 121 211 227 72 35
    199 141 55 127 17 216 47 66 230 84 249 53 174 255 90 124 72 46 151
    188 1 153 28 113 10 132 105 208 105 188 84 142 156 201 28 52 137 136
    128 114 232 26 18 178 66 163 61 195 253 135 118 64 190 52 207 167 69
    83 194 248 179 55 128 214 184 62 211 4 176 237 202 96 125 47 214 68
    135 191 90 170 158 57 150 236 243 113 58 57 207 136 146 46 0 47 17
    231 156 82 2 106 63 106 127 94 19 3 94 139 149 76 44 82 218 49 41 15
    102 131 56 74 72 61 211 245 185 92 164 103 174 171 47 148 43 226 147
    133 49 45 195 181 223 85 71 85 215 172 33 197 34 30 195 220 81 194
    205 45 200 152 49 124 106 251 167 141 102 156 78 134 175 92 5 124
    167 180 91 196 156 138 206 215 162 51 121 72 237 47 215 41 37 226
    138 131 4 247 142 128 77 79 167 120 57 52 209 2 231 9 101 138 48 21
    91 181 223 137 196 139 208 195 188 28 33 23 210 86 142 165 35 104 62
    103 141 124 221 83 177 105 162 144 134 232 25 65 140 13 42 37 74 227
    118 235 189 111 202 239 235 237 246 34 4 168 3 249 239 250 1 127 86
    109 104 244 19 229 175 161 234 249 35 11 230 175 109 38 65 109 182
    15 205 45 163 41 210 174 197 167 214 109 98 158 69 24 173 58 153 51
    183 165 201 101 169 117 8 55 36 128 32 123 195 191 12 255 98 223 10
    117 104 32 65 167 108 255 42 227 88 63 57 158 88 104 173 4 27 190 54
    197 159 3 214 212 36 126 33 191 236 223 86 36 155 200 104 120 107
    239 13 227 226 13 58 74 9 169 110 144 206 179 226 8 233 166 36 96
    132 113 239 193 16 203 247 88 140 25 53 130 150 55 174 222 12 220
    122 142 87 37 201 178 237 102 223 199 25 205 57 205 253 150 139 209
    49 140 29 50 155 137 160 37 135 89 58 195 164 138 156 37 6 180 103
    189 158 80 158 194 93 156 233 113 252 160 52 26 226 65 202 140 223
    113 104 247 198 123 133 164 119 216 184 65 14 134 193 57 42 254 147
    229 121 242 105 167 47 122 79 69 147 9 68 173 123 96 191 26 219 37
    19 156 119 48 56 19 106 27 146 71 91 65 8 206 193 1 101 192 151 183
    233 193 227 13 219 37 66 193 212 63 150 167 255 104 33 119 155 195
    44 20 21 114 15 216 34 240 115 232 59 253 70 196 101 148 162 121 171
    57 237 186 129 255 153 89 154 246 213 155 25 143 130 11 209 30 181
    246 95 91 150 198 148 218 210 90 33 154 194 1 17 137 102 145 140 226
    230 137 188 82 20 154 251 191 199 226 144 103 58 23 128 100 174 86
    176 193 179 165 175 8 75 123 208 46 10 33 180 123 63 183 171 124 167
    166 8 223 136 79 199 82 44 78 74 122 215 165 59 176 185 226 245 129
    190 209 180 216 217 12 245 143 0 63 22 151 114 127 212 141 105 6 39
    23 187 212 96 212 19 42 133 86 209 97 24 113 43 18 29 183 49 246 105
    243 130 17 249 59 211 224 136 212 179 131 95 50 179 151 207 134 146
    38 172 121 231 115 76 196 211 193 164 255 71 214 171 140 253 187 243
    109 45 123 228 112 100 142 65 23 35 135 181 154 112 20 132 126 208
    69 166 34 96 113 93 208 180 53 184 78 120 210 80 177 128 146 106 134
    97 108 67 48 241 68 195 27 172 40 102 55 77 37 248 104 251 234 201
    11 158 160 81 237 15 231 157 120 21 170 88 17 47 153 94 159 34 89 82
    26 169 187 152 89 102 250 166 144 7 95 87 255 230 254 39 122 84 196
    88 191 81 37 133 244 58 39 30 107 200 125 188 156 173 253 24 32 162
    56 164 136 165 4 79 215 149 233 253 120 16 155 180 143 52 46 73 147
    74 117 224 87 164 143 41 88 68 60 191 18 37 190 0 186 36 163 216 66
    192 17 200 29 184 92 192 39 36 248 135 31 242 206 173 231 127 50 243
    191 215 211 241 225 109 139 106 124 103 208 1 211 114 254 168 123
    108 7 172 9 37 99 21 211 182 58 169 203 20 169 203 245 24 181 193 29
    242 130 219 209 18 185 159 220 195 205 189 41 145 206 234 104 219 89
    55 93 10 166 139 182 31 14 133 9 13 6 78 6 158 132 209 137 172 109
    119 33 18 229 12 161 73 228 248 54 62 132 36 232 23 222 33 1 206 108
    251 244 248 0 177 36 190 43 226 76 30 190 22 111 243 42 89 70 62 48
    158 160 48 169 79 166 173 47 27 12 155 29 89 241 157 110 208 96 29
    32 152 157 10 92 97 89 232 218 173 19 196 183 54 246 30 69 133 243
    233 69 19 14 18 61 70 217 158 128 112 43 173 247 181 189 217 81 150
    125 150 94 228 29 187 107 50 140 179 40 163 193 0 95 29 157 126 183
    168 155 247 63 234 35 38 1 158 154 254 143 203 95 188 51 20 140 254
    164 244 128 52 237 180 215 246 77 165 161 96 220 81 142 126 229 203
    15 158 59 187 139 200 221 145 168 179 252 46 218 244 35 19 237 78 78
    70 182 78 119 30 10 186 16 71 202 65 154 212 185 124 23 27 44 126
    215 219 206 103 79 179 91 233 161 74 179 3 174 183 23 63 220 17 94
    106 199 95 231 74 96 42 50 40 116 120 155 174 122 29 46 29 68 45 139
    19 218 246 248 181 45 157 201 101 144 200 49 232 226 9 166 144 52
    129 22 28 110 210 232 132 222 131 199 174 61 117 78 0 217 185 230
    245 122 66 149 201 183 45 4 19 69 16 91 167 94 19 69 172 150 195 155
    231 68 56 176 97 17 189 248 143 85 220 190 46 100 23 49 191 104 14
    231 66 197 173 151 252 101 95 123 98 85 68 130 213 50 113 238 63 207
    209 111 207 40 17 113 192 149 211 12 0 184 17 155 26 86 73 61 158
    250 238 183 87 28 145 146 39 206 102 203 100 0 119 197 155 164 166
    121 29 140 203 155 171 62 61 214 199 86 201 184 112 185 37 7 123 91
    240 179 127 116 247 172 88 16 118 213 27 56 81 236 134 220 130 105 0
    161 135 180 168 47 224 133 192 235 151 22 162 201 44 40 215 74 128
    136 75 103 210 203 207 30 253 235 200 140 100 253 63 124 110 18 159
    93 150 3 230 189 20 110 18 235 83 225 91 126 92 245 26 55 96 117 28
    144 101 120 144 186 104 3 206 44 109 128 223 182 151 214 170 241 15
    147 39 74 2 226 116 214 248 76 94 106 93 62 113 160 142 23 147 231
    230 67 98 229 151 110 66 92 154 180 245 168 49 207 205 153 180 231
    16 178 230 30 181 120 127 158 76 217 42 167 151 156 27 205 159 105
    230 35 14 38 223 78 118 0 177 112 231 90 157 147 160 65 109 50 37
    109 42 238 106 230 222 154 116 16 218 138 132 200 155 195 122 130
    194 161 7 160 195 147 31 113 28 51 140 129 198 108 212 104 222 182
    182 80 225 188 36 70 34 97 30 180 123 230 34 228 15 153 109 247 182
    19 100 28 21 151 65 233 135 0 176 27 4 134 126 240 177 35 154 72 235
    245 151 155 199 200 69 75 153 137 57 181 198 200 26 178 77 6 39 57 1
    18 159 36 220 11 216 143 89 181 173 89 200 105 78 18 240 245 38 41
    59 234 113 196 16 230 116 174 145 43 248 225 204 55 102 166 171 111
    230 61 68 183 160 76 126 4 233 90 168 145 39 31 110 231 95 117 49
    160 134 78 31 45 22 119 232 156 23 169 77 209 44 141 61 178 156 150
    202 236 245 248 99 117 240 91 24 193 146 81 103 136 119 14 194 134
    222 114 187 170 147 178 13 0 52 176 84 76 107 70 76 120 63 18 144
    120 253 192 215 102 168 204 59 127 103 112 141 153 57 168 184 158 84
    167 50 207 24 53 70 214 169 186 26 159 54 183 154 4 18 84 120 3 12
    68 27 208 221 185 178 14 198 170 12 80 118 5 132 235 33 240 238 54
    47 90 179 128 132 197 183 81 115 96 217 58 173 128 85 208 116 21 190
    175 211 28 75 209 203 97 109 99 79 233 0 179 53 63 30 171 144 43 64
    245 128 15 186 67 224 254 149 87 194 152 57 104 73 252 255 52 85 176
    152 67 57 222 119 160 198 96 50 201 151 52 186 147 226 17 224 195
    192 15 138 51 191 110 173 5 163 178 149 197 135 110 140 127 155 119
    13 5 9 61 156 122 125 41 210 247 228 172 233 184 177 225 105 243 114
    108 73 42 82 42 231 23 177 246 148 87 12 242 244 75 254 22 14 55 18
    57 155 155 190 120 243 203 27 24 219 124 216 190 76 119 3 38 8 7 10
    136 113 35 241 208 82 123 218 30 183 221 4 70 82 185 226 147 70 0
    154 195 69 86 193 162 136 172 146 240 110 237 190 241 154 120 162 46
    138 21 79 111 64 38 154 24 228 106 128 104 106 197 81 4 185 251 245
    116 68 169 171 224 75 42 81 34 18 149 217 164 237 232 218 213 253 89
    207 140 35 96 138 188 12 7 190 249 152 166 238 80 38 55 85 165 234
    20 125 26 128 204 226 221 74 56 33 205 167 119 113 61 151 58 184 72
    130 209 152 4 79 239 127 12 111 20 113 103 124 193 193 96 124 171 55
    215 101 79 213 160 8 97 151 248 241 89 94 125 215 233 214 237 64 185
    78 180 239 18 26 250 237 18 1 186 198 147 54 225 75 112 96 201 165 6
    11 78 223 90 226 141 14 203 138 196 44 194 250 107 159 184 77 88 205
    91 69 97 38 5 74 36 30 44 143 125 106 4 58 84 176 243 208 249 3 164
    99 90 66 216 78 71 245 224 154 198 15 146 124 160 118 184 161 171
    217 64 81 143 95 157 22 217 249 21 25 135 187 207 68 109 8 47 12 171
    194 165 151 33 80 167 162 85 5 179 81 12 112 172 243 213 108 31 199
    208 93 200 250 83 217 98 159 116 201 132 74 14 244 50 209 54 9 20
    200 2 103 127 239 86 191 82 171 40 116 162 255 144 150 62 203 7 62 0
    170 42 22 207 140 143 111 217 94 127 35 95 79 61 160 172 4 228 170
    176 196 109 60 161 243 96 92 57 20 57 65 215 160 168 42 69 223 241
    252 130 83 35 94 192 122 243 200 131 147 132 146 177 12 84 246 32
    168 212 69 135 91 17 70 127 21 3 5 2 30 162 249 153 44 74 201 132
    197 222 175 125 117 195 67 23 73 96 232 8 225 101 214 182 178 79 200
    32 37 235 191 124 161 169 83 237 147 178 117 207 121 162 248 222 242
    134 127 217 76 238 240 77 58 24 46 79 144 19 6 93 18 182 5 153 35
    254 68 200 90 226 249 135 43 18 166 152 15 21 244 211 28 77 101 246
    143 198 51 180 138 51 239 99 52 40 251 117 125 38 16 98 72 93 175 22
    3 106 188 199 106 205 23 191 122 255 35 170 140 136 136 89 165 121
    148 43 247 254 68 61 228 26 87 68 150 59 83 20 201 163 122 55 236
    202 77 178 135 188 99 210 250 20 238 163 87 54 244 158 187 255 237
    236 138 62 90 252 92 9 109 187 4 218 58 223 145 25 88 183 182 91 123
    214 125 181 221 168 16 10 152 231 85 44 133 117 21 60 216 56 2 148
    207 106 125 27 246 5 172 243 148 171 56 237 40 235 71 180 128 74 161
    95 65 184 110 32 103 67 79 194 80 193 245 187 25 99 120 48 114 39
    114 196 213 64 197 37 160 33 177 204 54 161 236 233 118 117 94 104
    132 96 254 181 146 42 244 128 54 157 105 16 84 125 66 249 235 193
    166 186 98 149 12 26 240 126 96 74 68 105 46 15 38 78 97 154 193 119
    24 195 234 205 119 27 167 139 21 129 29 230 148 160 169 9 30 17 75
    189 55 253 77 188 111 192 16 212 174 158 253 92 98 57 188 32 241 219
    213 122 253 60 118 56 26 208 148 127 10 181 112 37 248 176 151 197
    74 70 179 82 26 61 1 75 57 151 69 242 189 184 245 23 188 181 124 111
    13 199 166 133 98 56 205 183 104 194 138 220 75 33 110 144 187 85
    127 234 137 29 52 52 118 141 145 17 63 146 13 76 30 110 160 78 156
    225 251 143 171 6 185 249 237 12 131 38 221 59 154 231 78 75 232 169
    152 221 250 112 202 138 169 218 1 138 144 96 207 41 77 109 181 157
    195 75 217 248 41 45 181 230 190 189 241 217 3 135 76 161 189 149 72
    218 105 3 171 38 121 26 131 7 20 18 162 223 152 78 135 67 218 58 242
    102 20 103 90 159 59 233 36 81 15 246 174 153 1 67 94 14 236 140 222
    13 227 164 51 247 132 65 24 42 60 216 123 245 17 146 11 251 150 9 44
    160 85 192 200 232 105 180 117 2 227 196 240 156 143 28 203 155 73
    133 91 201 198 198 40 94 71 218 114 240 204 204 173 169 182 176 91
    198 236 170 63 166 182 225 3 142 173 10 113 137 80 62 213 215 117
    233 100 64 234 98 80 39 13 15 108 229 82 57 93 50 34 112 118 110 73
    79 50 215 92 106 181 130 9 193 137 96 154 33 255 194 68 56 121 26
    111 239 81 95 235 67 200 246 43 130 90 209 59 211 195 205 172 149
    222 178 37 4 112 77 107 99 137 226 184 243 60 101 243 220 150 156
    195 183 79 159 94 130 3 198 241 29 44 215 45 204 160 13 222 100 248
    94 80 240 142 180 181 120 76 84 231 227 76 153 100 48 187 232 234 1
    75 216 31 136 240 126 52 134 104 83 52 204 223 143 8 255 99 28 223
    123 4 214 93 250 124 183 136 20 32 4 153 230 151 16 92 70 195 95 201
    150 145 194 29 129 83 23 79 121 1 207 189 245 7 33 89 95 151 184 70
    8 184 142 196 189 157 74 45 212 45 8 72 250 69 34 205 10 44 198 242
    249 148 39 108 21 52 219 84 185 71 192 167 116 181 15 26 59 193 0
    194 9 9 140 173 200 153 78 156 43 251 12 193 120 73 203 158 227 166
    22 225 128 142 69 33 84 190 152 30 82 138 129 154 2 169 102 185 186
    31 176 14 252 134 181 97 155 251 140 106 75 209 179 32 151 35 190 97
    142 20 16 131 161 29 78 84 221 114 57 66 45 128 205 123 202 117 227
    177 135 115 51 14 46 30 105 86 223 83 222 17 63 190 202 172 86 153
    82 18 103 112 63 92 252 198 15 166 8 134 9 8 53 187 52 92 94 6 75
    112 173 131 240 96 213 135 200 56 147 173 243 31 159 189 8 243 199
    130 126 176 164 181 41 180 131 198 97 105 12 110 136 94 156 192 7
    143 217 108 217 119 79 24 176 79 104 206 240 45 199 154 24 196 195
    168 86 56 122 100 203 228 96 1 117 184 167 221 151 168 3 67 158 87
    113 164 82 169 45 34 152 215 231 184 109 230 250 80 180 136 10 49 85
    15 26 80 81 209 107 130 107 148 196 18 242 234 224 109 223 216 101
    153 44 206 70 50 57 183 19 74 213 61 104 4 84 58 60 83 138 214 218
    73 235 179 48 80 113 49 238 45 184 170 254 216 120 242 201 101 177
    80 156 208 226 112 147 79 44 228 82 162 37 119 120 121 175 116 75 28
    230 2 238 253 137 41 117 152 248 12 152 42 190 169 211 123 226 243
    248 175 66 162 187 146 47 155 246 211 247 86 128 236 172 76 249 90
    12 102 14 90 75 169 50 43 44 221 59 240 230 109 150 192 234 182 239
    118 34 13 113 199 136 85 50 33 4 214 233 80 63 227 18 66 163 205 149
    37 185 185 143 41 216 57 105 69 206 80 240 11 213 241 163 28 92 148
    235 107 75 73 253 15 97 206 88 173 79 231 167 238 238 137 140 93 7
    45 212 105 172 198 35 103 127 6 46 200 33 144 148 163 90 139 199 9
    253 171 117 166 197 73 218 118 170 70 244 175 206 101 245 221 176
    217 70 218 194 64 128 214 88 60 118 173 184 190 157 105 218 24 104
    248 244 61 190 169 83 33 82 195 191 185 31 164 133 11 123 41 113 65
    37 129 231 185 203 46 141 169 238 161 215 24 248 29 8 106 60 31 7 0
    101 138 241 247 247 94 214 254 20 157 81 114 32 164 249 5 188 39 244
    152 22 147 246 81 156 166 63 165 249 255 201 129 185 222 102 6 32 17
    137 141 206 72 15 198 31 86 178 169 32 51 246 145 56 39 210 34 198
    213 178 21 235 32 38 143 173 200 23 45 105 31 236 122 206 9 240 187
    35 58 16 156 165 224 249 75 35 242 147 81 225 223 180 46 84 71 31 37
    191 14 197 166 158 238 102 133 120 157 230 110 202 77 204 5 25 6 81
    124 219 66 76 238 126 147 71 225 165 94 236 189 25 160 229 208 79
    238 52 76 130 8 61 106 115 192 144 18 219 107 102 223 203 186 155 26
    12 86 233 187 11 116 37 122 232 91 68 46 244 213 192 18 74 101 47
    130 222 6 107 25 211 68 182 160 17 67 79 52 94 143 15 71 99 176 232
    85 19 216 146 236 29 122 71 239 29 209 143 7 152 223 167 95 214 181
    195 245 72 44 99 181 53 5 10 4 141 175 87 88 149 23 238 43 164 92
    193 69 215 145 86 87 183 110 85 83 134 149 225 38 193 14 108 174 242
    95 32 89 209 51 16 182 143 71 136 239 52 223 188 227 143 40 197 37
    103 62 107 24 115 158 75 181 200 153 53 209 14 127 150 46 167 26 85
    164 171 243 231 216 4 200 186 106 53 197 247 81 24 146 123 76 171 79
    183 73 53 227 55 82 225 52 147 92 117 147 76 214 214 136 148 247 245
    88 49 233 119 106 180 93 48 185 162 203 170 198 166 79 222 143 165
    244 252 193 249 89 155 254 6 228 64 30 33 196 22 43 221 198 49 214
    231 244 4 208 201 39 117 231 204 151 37 165 227 159 210 216 16 87 17
    205 59 81 138 118 64 144 49 11 24 187 107 141 53 96 82 133 138 162
    154 158 113 135 36 48 74 16 106 104 183 143 86 249 108 252 62 66 53
    56 113 162 188 28 113 142 128 186 81 30 200 161 241 57 84 88 159 98
    227 92 62 206 205 50 219 79 33 190 167 195 87 79 163 146 143 176 51
    110 94 182 175 212 17 214 98 158 219 209 18 93 136 218 95 80 64 104
    250 22 227 148 201 177 95 223 152 136 85 196 34 33 46 117 169 234 94
    64 99 57 173 33 117 106 190 147 210 141 14 20 90 204 92 79 63 218 63
    138 247 111 91 34 70 251 183 15 255 248 230 138 189 118 79 29 45 224
    58 183 174 101 125 204 87 170 184 194 223 104 203 254 129 113 52 49
    68 118 196 17 143 231 219 213 96 17 143 250 236 201 80 51 50 202 74
    131 77 52 46 113 21 200 75 64 165 184 65 212 204 90 237 59 34 169
    106 231 226 135 13 19 116 85 26 59 223 5 25 248 214 156 112 17 48
    142 76 20 70 135 179 244 43 139 60 42 147 146 14 229 205 174 98 56
    52 240 5 216 120 13 153 111 107 44 51 238 17 4 186 26 113 73 2 90
    121 99 55 11 66 46 177 229 233 195 237 218 96 70 32 77 164 151 202
    255 247 56 0 198 14 87 222 22 100 14 205 156 206 73 92 237 28 5 229
    71 34 52 252 167 116 217 24 34 23 69 130 119 221 27 136 117 219 87
    94 161 131 20 135 2 224 207 237 230 215 58 65 39 164 0 38 101 166 91
    40 212 150 162 244 164 167 252 19 45 13 73 139 18 160 103 154 84 120
    114 118 150 205 103 119 108 66 85 41 31 124 98 2 136 170 142 233 182
    64 77 5 199 242 80 52 135 151 41 229 159 127 45 78 229 129 123 244 5
    17 57 107 2 200 30 55 24 107 4 159 152 238 241 187 74 193 83 120 71
    19 124 14 48 36 117 135 176 194 109 13 42 176 62 229 115 199 238 73
    68 193 15 150 61 120 200 171 138 180 219 124 170 40 241 155 233 21
    15 133 44 50 159 187 34 137 122 94 178 46 32 121 130 194 188 118 24
    10 11 230 193 239 97 112 8 168 29 27 40 92 22 14 34 131 166 186 142
    107 62 242 196 163 249 86 238 164 57 8 8 219 241 23 117 135 24 38
    138 195 90 190 99 51 17 125 70 90 127 207 34 58 100 219 101 43 250
    91 206 43 40 177 60 128 101 37 52 254 28 17 181 160 127 244 21 153
    69 221 128 71 46 128 8 129 135 86 143 180 117 197 104 12 134 134 86
    159 27 165 105 166 79 42 34 191 105 192 130 64 113 139 179 224 242
    200 77 61 167 1 51 55 13 46 45 77 4 232 76 159 190 124 141 58 190 75
    0 94 189 255 214 181 50 164 246 161 245 13 197 61 254 83 114 2 214
    178 90 70 207 26 189 39 223 97 235 19 152 24 117 18 98 179 206 97
    156 233 117 232 147 233 46 170 0 194 193 142 169 41 159 228 115 8 90
    254 119 153 200 26 101 54 30 162 88 37 11 89 73 230 189 215 56 18
    201 151 121 192 227 60 149 174 75 157 226 38 47 243 110 46 7 214 166
    62 32 12 9 152 226 251 171 168 158 165 44 153 195 241 60 181 78 8
    102 161 94 103 36 14 69 50 10 190 67 106 136 162 88 254 49 225 212
    92 148 150 26 205 61 84 182 19 38 108 154 225 150 110 82 8 233 200
    171 149 189 222 208 120 49 68 242 247 213 222 12 21 237 41 136 235
    112 248 68 217 158 62 187 176 224 40 26 156 221 95 85 241 15 52 43
    184 212 75 137 40 153 102 115 105 232 55 37 94 166 206 108 250 57
    162 79 226 19 203 182 185 12 118 206 46 8 81 194 12 151 219 72 131
    39 96 76 172 248 236 18 53 74 208 125 156 165 58 36 234 186 186 115
    6 148 75 142 8 167 229 118 92 17 133 217 235 43 217 205 229 92 59 80
    147 138 54 147 98 162 178 167 114 135 165 22 154 243 132 77 186 8 66
    170 246 66 230 208 46 224 135 164 38 86 229 126 192 109 44 72 125 32
    123 125 15 133 31 225 231 88 15 188 198 20 34 203 100 208 116 192 1
    32 190 158 31 116 173 76 107 3 63 72 6 136 120 250 0 145 216 244 85
    114 107 242 207 194 194 109 19 198 246 254 219 239 89 245 206 64 104
    131 118 18 192 227 226 226 27 135 23 185 76 178 211 151 64 250 104 0
    16 51 219 197 12 251 164 144 108 201 88 155 251 69 52 37 226 70 132
    162 225 4 70 6 226 149 150 27 55 163 139 40 20 91 220 34 242 154 17
    133 102 189 247 180 230 216 15 205 113 57 150 3 197 17 190 157 179
    75 65 229 1 94 215 214 34 20 83 166 131 196 187 84 106 0 219 209 128
    227 247 255 123 129 169 164 58 37 46 249 30 221 37 141 254 163 1 148
    14 67 221 94 20 69 139 229 228 68 17 143 231 157 4 247 92 167 211
    157 67 192 42 67 229 137 142 249 180 253 97 231 61 101 60 176 202
    195 229 31 3 233 76 163 172 190 200 125 141 231 66 182 73 48 213 11
    37 15 181 50 68 91 130 157 128 209 74 23 110 247 45 255 172 115 35
    73 115 191 229 159 146 103 60 228 145 170 101 206 41 196 240 175 181
    28 128 193 107 236 66 45 97 162 3 56 205 228 178 177 224 154 60 60
    44 250 179 147 249 105 4 202 131 91 169 116 5 136 36 62 169 50 99 80
    103 28 81 236 156 241 115 172 254 218 131 13 60 205 147 32 44 77 3
    29 132 71 100 38 244 56 49 221 87 60 57 54 66 116 121 56 25 240 134
    237 86 176 9 251 13 174 17 41 215 94 162 209 64 37 193 193 111 104
    252 56 234 22 115 205 121 4 52 19 187 84 196 246 222 197 19 165 137
    224 55 201 196 199 206 17 198 141 176 117 164 93 8 147 203 13 101
    156 63 141 209 203 50 128 248 97 53 208 59 175 81 159 230 237 96 225
    122 209 225 63 71 17 104 106 254 181 42 173 111 127 189 136 37 40
    236 43 111 79 116 72 86 174 43 14 247 174 140 239 196 45 175 39 115
    47 18 87 75 219 215 170 14 191 32 26 52 74 71 233 72 51 157 106 125
    171 231 53 127 185 131 101 245 34 104 202 245 218 81 130 94 76 113
    189 89 230 118 144 161 20 85 63 151 5 3 248 82 183 218 192 79 53 30
    155 29 68 64 31 57 140 104 132 30 132 164 114 247 211 76 45 122 143
    237 91 138 109 183 32 105 139 161 52 4 217 201 173 83 141 212 83 98
    48 232 80 122 116 48 29 20 178 106 9 214 219 66 240 197 9 108 176 16
    211 118 212 238 198 71 92 52 135 85 175 28 198 232 235 243 213 158
    198 246 61 130 34 206 154 49 7 122 109 246 64 185 74 246 253 14 70
    10 5 204 160 53 239 80 95 94 76 163 215 50 87 121 202 139 84 223 139
    24 189 247 14 234 166 88 180 21 183 28 38 27 207 249 172 58 201 115
    161 75 31 90 114 211 94 164 73 250 235 231 157 145 93 64 101 110 128
    129 240 243 250 250 6 211 199 223 103 209 68 182 52 0 5 229 87 234
    209 254 109 89 81 243 132 24 176 135 241 14 203 58 255 248 152 123
    39 156 8 132 51 250 44 42 119 135 25 133 106 83 145 217 37 240 22
    107 48 88 217 209 151 190 64 219 0 90 227 148 100 134 76 183 165 8
    243 67 98 170 48 78 77 209 204 255 74 117 182 152 4 244 191 11 196
    165 239 49 213 34 24 87 51 65 65 215 94 55 197 108 43 7 252 4 239
    228 172 125 59 193 239 168 64 249 122 128 13 148 195 141 240 192 174
    175 198 234 248 245 157 136 154 31 253 23 7 164 124 78 118 68 73 129
    140 124 124 215 214 254 217 82 4 170 176 97 187 226 249 41 71 129 49
    153 39 250 26 226 53 190 241 47 133 11 77 94 128 241 175 86 154 235
    53 55 206 170 45 129 234 61 18 131 210 34 130 150 97 178 84 181 198
    208 28 70 137 172 109 194 209 254 181 115 132 42 160 208 144 170 99
    221 240 42 153 116 201 219 85 177 64 145 225 96 39 130 178 110 58
    172 217 136 27 127 185 131 105 41 192 213 216 137 24 18 138 255 178
    45 248 153 82 166 248 163 29 193 132 131 226 60 2 183 117 242 200
    110 231 50 223 189 55 107 174 117 216 177 238 110 193 149 95 26 124
    48 183 60 165 249 254 94 252 14 252 210 47 145 198 227 1 69 16 191
    172 215 113 145 125 2 117 33 26 188 85 208 42 10 239 229 143 71 161
    102 55 153 34 100 222 231 168 170 90 56 0 125 186 227 112 171 69 253
    118 14 106 99 210 102 96 186 198 149 156 173 43 245 126 182 121 226
    180 223 20 209 100 85 61 134 165 255 198 164 50 115 106 168 84 106
    204 39 59 118 23 201 3 81 192 84 57 216 148 73 211 199 164 47 206
    208 253 113 156 63 143 188 239 235 31 249 40 26 39 98 92 25 17 22
    136 192 75 54 160 36 72 161 105 34 2 107 187 197 160 205 144 154 136
    109 75 99 242 107 168 86 138 117 42 229 239 146 27 80 79 10 241 89
    53 128 134 25 44 72 24 63 229 115 112 86 63 59 192 119 217 4 191 244
    129 251 220 75 110 92 249 53 173 2 31 35 140 240 40 210 71 70 34 255
    46 230 200 23 5 40 151 203 211 1 173 48 249 130 208 110 231 15 70
    153 22 99 49 50 206 51 75 86 156 245 86 244 43 36 115 17 139 200 1
    177 142 115 192 173 189 251 203 225 232 97 82 104 125 15 34 162 93
    149 62 206 190 240 80 185 79 147 4 161 235 153 74 139 78 49 105 111
    103 217 113 65 199 208 231 73 184 155 58 241 20 28 117 240 97 86 71
    225 214 223 60 134 192 99 15 9 66 91 153 92 129 61 79 90 2 200 107
    160 25 182 159 114 82 234 95 225 66 247 177 110 95 231 92 201 221
    150 211 46 138 55 66 163 186 27 111 132 134 149 38 197 172 22 187
    187 86 152 149 162 254 238 246 182 54 189 60 34 48 203 65 101 94 209
    40 8 224 86 226 18 199 148 121 173 240 181 145 66 137 167 85 225 55
    42 103 32 180 176 102 175 218 121 16 140 211 249 128 174 135 255 101
    28 139 87 62 225 15 4 9 55 224 31 9 5 50 59 45 199 6 188 216 75 196
    204 204 157 124 137 248 234 168 203 105 217 209 223 22 42 155 202
    136 26 124 187 186 183 106 224 10 193 204 37 118 91 187 179 161 235
    97 112 136 120 219 228 39 253 161 166 214 63 192 25 239 111 114 1
    116 106 139 124 176 60 144 91 126 84 48 67 162 109 92 132 17 99 7 22
    211 193 34 17 142 199 153 76 127 159 189 50 194 72 159 226 98 32 78
    124 47 149 115 213 134 119 80 192 199 79 84 170 196 164 155 102 150
    21 52 68 122 9 204 209 225 228 203 224 88 143 74 184 79 208 253 104
    153 140 159 191 219 137 17 103 40 22 182 157 77 216 120 43 76 172 64
    218 17 244 3 186 237 204 93 39 163 139 158 138 52 27 123 37 243 21
    140 170 164 94 27 201 31 14 105 64 111 217 53 105 202 35 247 55 124
    187 58 167 252 140 149 184 158 67 139 127 247 82 119 61 197 64 54
    186 54 135 64 69 63 212 171 243 30 80 115 126 87 134 41 60 80 233
    154 58 195 44 78 87 111 189 46 201 182 172 15 106 245 56 72 200 198
    106 253 131 43 76 34 1 140 200 94 53 35 123 207 184 158 97 23 222 4
    172 194 128 102 232 121 92 89 254 152 63 100 89 234 207 143 31 1 221
    74 10 15 39 62 212 22 102 52 130 26 66 193 150 46 163 197 146 183
    181 85 116 166 171 251 62 159 188 223 71 204 65 227 4 144 0 57 42 47
    19 159 89 190 153 36 110 211 198 140 177 204 23 31 33 234 40 203 120
    169 105 118 42 247 51 54 161 147 198 44 125 202 7 12 23 181 202 147
    161 126 70 14 200 44 169 130 91 235 252 89 30 160 254 228 58 39 131
    56 162 84 160 162 120 0 169 85 12 3 4 175 167 176 90 22 44 180 171
    220 209 113 227 17 85 63 82 248 121 28 248 128 99 17 72 39 104 65
    247 19 215 80 163 100 85 198 233 86 194 191 86 85 222 128 145 86 205
    13 232 191 37 53 204 141 42 180 186 40 61 55 206 90 159 179 236 34
    154 194 228 122 201 27 245 121 54 219 244 146 135 23 228 38 191 183
    188 218 110 162 37 236 93 221 119 36 156 138 43 62 38 228 14 164 135
    46 115 92 109 18 206 1 114 88 166 61 183 158 129 242 157 97 66 44
    155 36 36 111 20 163 161 166 34 163 19 242 141 93 206 195 7 37 175
    252 112 141 194 60 27 19 228 223 117 180 220 8 211 173 79 76 206 99
    218 2 146 165 210 250 60 51 244 115 157 95 88 166 185 186 129 188
    244 162 28 85 70 19 251 150 146 163 5 223 146 118 208 39 213 198 49
    162 228 241 220 2 134 0 145 146 12 151 158 192 92 77 176 52 120 237
    58 33 103 133 194 249 109 91 194 183 252 1 248 96 86 80 170 1 213
    169 234 96 180 104 224 173 204 6 137 21 229 154 203 201 149 175 23
    170 12 176 45 31 51 148 194 122 216 125 178 9 98 87 214 22 107 160
    175 66 106 241 95 190 144 18 220 227 193 126 210 203 213 51 178 99
    197 199 18 174 85 78 37 114 208 57 120 42 90 25 238 79 138 199 111
    201 119 156 0 49 100 75 39 179 151 87 209 206 233 61 240 140 124 136
    56 38 120 234 44 154 155 203 5 125 229 148 157 248 251 241 83 156 2
    188 182 55 163 37 238 163 6 83 255 224 184 219 133 100 127 203 169
    221 165 160 15 208 31 117 74 99 45 56 151 80 245 79 253 107 98 81 66
    129 103 54 230 17 49 53 185 98 50 122 56 27 65 249 127 201 88 83 200
    197 89 39 28 184 8 254 2 187 150 224 219 108 10 252 179 146 47 172
    133 117 12 150 162 190 162 24 75 81 115 81 48 240 73 136 132 211 145
    213 194 174 35 46 255 255 209 90 228 154 178 246 183 37 14 11 152 89
    102 102 60 185 197 235 240 241 107 197 177 47 121 99 60 196 45 180
    218 229 230 135 150 59 71 9 238 170 134 102 36 5 238 190 204 247 144
    8 100 109 215 185 243 128 162 101 96 184 58 168 251 234 198 9 244
    200 139 237 231 84 179 51 255 225 9 242 88 248 171 30 113 60 31 252
    47 64 37 99 157 94 84 143 214 11 170 250 58 113 223 81 142 166 220
    155 230 38 94 71 239 207 118 44 205 109 19 168 226 172 201 220 0 151
    86 188 135 240 224 214 186 30 169 17 196 62 162 167 224 116 248 173
    85 223 149 70 254 92 215 173 119 134 84 74 253 242 41 159 180 158
    242 156 83 219 125 253 105 144 90 140 157 239 9 185 158 143 202 169
    84 39 197 18 243 74 59 172 95 138 77 148 138 58 239 131 229 125 193
    82 146 229 137 98 76 93 5 104 161 30 124 170 23 136 107 143 18 170
    207 154 125 73 99 48 163 183 46 13 183 95 224 220 164 7 153 72 204
    197 122 155 30 215 227 32 39 112 62 252 182 83 77 129 181 152 201
    210 56 227 219 155 72 5 165 22 88 168 88 87 237 19 46 118 243 241
    135 67 219 82 71 155 134 88 53 115 32 210 222 80 181 201 142 121 192
    193 139 65 18 62 131 191 38 1 31 50 1 77 184 196 44 215 211 16 199
    171 19 231 221 13 125 192 71 71 182 66 115 12 209 37 54 15 249 10 63
    91 146 241 187 235 37 144 44 31 235 96 47 169 217 141 100 142 122 63
    63 55 4 84 31 247 150 199 69 135 144 87 118 162 123 51 25 172 155
    114 180 232 181 113 102 226 135 221 44 171 58 41 48 49 35 227 22 135
    48 62 11 30 207 156 76 214 184 129 181 59 219 128 88 130 253 87 21
    105 235 73 133 153 83 118 134 201 11 219 78 250 28 248 234 152 137
    227 190 248 177 91 115 212 140 139 188 226 224 242 204 138 14 232
    236 78 248 99 9 229 83 219 151 186 1 121 70 67 18 109 188 85 76 38
    53 192 43 167 186 111 56 61 232 17 75 136 223 63 81 190 66 52 235 30
    20 102 49 175 64 59 79 143 82 76 165 123 139 238 30 132 225 209 144
    243 154 227 79 163 52 12 58 101 93 106 38 102 231 106 174 127 9 4 15
    234 59 56 45 37 118 131 0 210 152 199 242 52 169 18 184 30 49 99 87
    229 44 192 158 191 10 247 189 169 194 192 59 77 81 156 56 36 124 112
    125 137 56 40 10 211 55 202 14 215 65 67 246 246 70 87 43 55 9 50 39
    36 233 20 152 207 52 216 108 236 6 73 247 177 239 39 164 66 201 155
    63 30 184 87 209 22 118 177 182 204 238 3 238 183 94 221 230 136 54
    30 30 221 86 156 231 140 149 74 23 178 200 203 14 50 178 246 76 64
    96 51 193 156 141 156 100 185 119 158 45 221 202 148 32 67 51 227 0
    93 31 200 138 140 130 177 160 202 120 115 51 54 150 194 175 114 90
    223 150 218 164 49 161 120 121 164 210 247 39 62 150 74 146 238 209
    7 191 203 183 235 67 33 143 124 107 160 133 51 209 36 96 75 99 120
    99 217 90 202 229 198 184 229 46 113 183 252 210 23 5 25 195 108 39
    52 161 201 217 12 136 62 173 130 53 51 225 73 214 174 92 106 248 10
    138 157 4 117 206 227 179 218 17 2 75 45 59 19 254 148 74 114 205 34
    176 27 234 47 158 201 233 217 36 162 114 200 143 177 90 195 107 235
    198 176 22 206 148 41 68 8 89 222 2 18 187 46 4 200 96 97 184 39 110
    129 113 147 95 12 19 56 18 176 226 48 18 45 192 141 248 109 197 145
    123 120 186 228 81 160 128 103 66 221 193 146 149 102 191 123 166
    197 32 255 214 249 144 143 153 111 88 111 58 133 123 198 55 224 151
    234 101 213 165 27 74 156 88 117 32 56 236 26 220 118 153 168 131 57
    53 105 65 82 13 100 14 246 88 171 55 180 24 151 178 234 89 188 18 89
    153 229 15 47 131 87 112 11 169 33 27 131 115 85 194 168 127 142 18
    173 218 185 187 172 21 101 175 236 227 178 156 242 133 74 174 230
    234 55 159 131 120 163 31 9 246 159 158 145 73 74 113 190 47 219 83
    205 91 164 71 164 246 175 220 128 4 22 131 157 200 26 148 160 86 97
    26 124 224 75 141 236 140 223 84 6 67 83 155 154 132 243 228 134 218
    79 134 50 244 158 149 67 125 49 91 47 214 243 255 164 16 90 225 236
    169 131 146 176 243 117 239 146 104 60 254 113 26 240 94 241 51 243
    127 217 85 245 168 37 142 66 78 90 93 132 66 224 77 79 62 126 93 215
    132 252 161 255 199 206 78 118 41 65 232 187 21 10 22 92 204 9 37
    168 201 108 188 70 130 126 242 193 51 68 251 176 65 83 208 1 234 159
    243 194 195 0 180 224 232 184 92 56 8 245 30 42 17 114 151 225 243
    114 14 20 138 8 148 235 16 170 126 80 119 145 24 95 182 86 142 153
    221 29 25 14 18 139 210 73 69 55 27 5 203 21 1 115 37 252 96 243 80
    175 236 87 106 0 189 135 61 17 228 131 207 247 54 51 240 83 209 69
    200 5 93 7 167 164 202 178 221 243 211 173 45 146 89 138 105 123 170
    68 71 116 98 57 217 39 223 248 140 15 45 67 69 141 143 113 214 124
    92 208 121 209 172 94 8 42 150 22 102 152 229 103 101 118 232 63 71
    212 120 196 102 197 219 45 159 104 200 4 148 53 5 164 77 168 251 255
    165 2 235 243 115 22 10 224 65 105 232 129 114 126 8 172 223 86 66
    13 218 116 227 59 33 107 148 75 162 31 108 232 223 96 157 230 225 80
    223 158 149 187 0 80 152 159 76 132 202 136 178 160 137 114 224 43
    249 50 155 6 229 148 153 52 19 92 87 245 32 192 179 161 220 65 27 10
    131 210 122 225 137 202 62 14 190 180 36 65 152 228 230 85 68 102
    255 101 41 61 143 30 252 234 62 190 42 246 250 212 93 234 209 91 67
    249 63 87 215 188 107 190 94 25 193 47 203 220 35 145 128 4 13 182
    222 90 126 205 170 22 63 1 68 234 85 125 159 223 228 166 201 124 22
    145 96 166 112 108 77 85 15 75 220 22 177 219 10 105 175 25 28 236
    248 52 245 86 212 168 13 103 149 167 81 143 154 234 152 38 231 78
    147 27 220 27 139 99 243 178 22 197 57 95 107 76 107 141 42 232 106
    215 201 69 110 29 105 92 167 128 59 84 167 81 201 23 99 69 56 250
    182 233 117 155 250 250 106 114 86 52 131 97 22 69 123 44 147 116
    129 23 55 213 114 62 8 212 68 176 72 21 54 171 89 255 253 65 164 45
    153 130 208 154 252 177 143 54 145 187 149 54 143 29 250 222 65 6 83
    114 253 227 225 236 154 123 29 62 29 222 142 84 41 213 216 138 165
    133 253 197 5 119 213 8 167 52 151 199 198 158 238 10 43 172 254 88
    114 57 182 7 88 20 176 174 234 67 225 51 195 249 11 52 235 60 90 59
    56 191 98 15 95 61 36 82 53 155 114 106 56 1 50 84 238 21 110 148 91
    47 255 165 80 112 156 138 5 163 51 174 31 44 180 66 61 222 167 212
    69 84 50 67 146 64 192 121 185 96 146 175 49 182 182 242 143 87 232
    27 243 209 125 240 74 42 248 58 72 180 119 71 171 229 75 108 111 194
    42 7 103 220 49 155 173 163 122 100 149 6 40 208 111 144 54 244 23
    226 39 129 186 13 120 80 19 21 4 160 183 101 4 186 121 81 182 226 79
    75 202 85 151 63 80 129 212 23 20 87 169 172 145 230 81 32 126 225
    122 204 241 224 89 47 53 168 24 53 108 220 248 134 199 104 7 149 196
    141 170 195 163 105 60 237 95 213 16 70 178 86 154 175 232 224 77
    149 247 127 101 182 116 238 4 183 10 170 211 205 105 154 246 30 140
    166 199 18 185 53 175 171 247 179 91 249 58 203 114 108 165 242 39
    198 135 88 42 40 212 109 68 67 1 62 68 165 76 193 30 84 196 248 234
    255 6 35 48 71 15 175 17 204 231 229 28 177 233 248 197 57 116 173
    20 118 188 185 116 227 37 58 40 78 25 250 186 159 113 194 246 155
    129 250 136 113 120 86 54 157 255 151 48 29 236 29 226 246 183 188
    201 47 75 82 77 138 226 123 164 100 21 99 16 125 63 65 184 84 221
    192 53 32 246 120 57 236 34 232 203 167 10 98 44 94 94 199 210 74 1
    116 201 234 254 162 136 224 181 226 141 172 118 208 125 152 232 243
    229 224 247 226 69 16 136 214 95 166 174 180 244 42 147 98 150 247
    157 100 211 167 107 162 228 24 154 16 209 166 65 219 159 187 155 137
    203 180 98 162 64 129 43 47 194 160 230 22 191 32 169 194 207 59 123
    47 189 109 166 127 5 132 126 160 216 236 2 3 143 21 127 100 234 184
    105 235 45 182 173 167 252 57 152 11 243 132 252 89 157 129 82 86
    226 175 62 156 23 146 202 228 40 4 149 25 116 133 34 68 33 196 79 83
    109 188 39 152 30 106 8 151 90 234 75 232 209 129 51 221 190 244 232
    218 111 180 1 197 115 218 112 30 237 111 58 190 110 227 104 72 179
    34 150 164 36 30 141 181 164 75 161 148 146 9 247 91 45 228 104 123
    103 103 151 122 160 10 236 8 28 81 149 181 237 222 189 244 211 248 8
    33 157 218 212 83 44 32 135 155 80 59 215 48 183 170 217 211 120 9
    235 237 151 24 207 145 245 244 120 4 197 10 36 33 127 227 99 190 21
    31 69 53 114 62 131 134 47 173 252 3 171 99 217 135 45 202 251 146
    93 136 212 249 81 155 116 40 57 36 209 79 10 112 111 72 212 156 138
    124 68 0 122 182 224 108 95 184 160 63 232 150 137 116 215 16 135
    227 136 242 180 252 227 63 247 36 30 37 72 165 54 186 102 177 195
    248 150 107 236 145 29 98 252 219 254 53 113 252 47 77 34 211 170 94
    141 254 137 242 180 101 84 111 107 81 30 79 140 226 243 60 161 198
    195 232 86 216 102 225 2 0 143 2 43 55 168 49 223 242 247 59 195 250
    163 55 30 65 133 110 250 198 185 37 102 232 230 227 14 214 147 88
    173 229 255 187 198 5 73 193 240 62 30 188 183 222 3 196 87 89 188
    244 240 106 101 104 245 12 180 10 132 89 146 249 40 158 50 74 217 55
    255 22 219 129 235 214 92 179 156 171 126 242 136 97 162 126 140 40
    174 105 232 98 188 143 22 119 46 245 164 63 170 181 15 161 96 102
    107 0 234 56 152 90 233 220 242 25 191 161 27 92 70 225 203 55 220
    113 160 159 150 217 139 163 102 118 80 239 117 11 160 8 168 229 138
    76 99 30 242 0 36 251 203 87 203 132 221 254 98 9 26 74 150 247 232
    44 7 64 158 94 212 3 55 154 219 221 141 249 118 214 198 242 253 59
    189 105 128 235 70 22 152 51 225 166 38 4 194 163 114 87 92 228 146
    0 71 53 125 123 94 251 133 35 223 10 83 151 240 64 198 221 226 67
    169 98 83 5 138 203 212 181 140 106 38 49 92 120 123 79 72 170 171
    200 139 201 89 46 69 157 63 140 248 72 59 205 244 27 145 174 53 179
    138 247 101 75 11 106 116 169 127 216 96 173 229 77 21 45 150 89 112
    171 1 79 170 172 204 194 178 170 55 61 244 3 228 25 71 153 216 196
    187 190 80 13 64 86 209 149 75 163 49 21 246 69 211 110 55 51 102
    164 202 97 205 63 66 166 248 74 138 199 30 46 166 154 7 200 52 121
    173 204 26 189 106 10 79 44 45 47 148 67 113 201 18 81 186 218 249
    186 102 191 188 63 179 67 206 26 133 127 24 31 233 222 254 3 178 62
    167 105 42 46 117 175 104 57 56 158 128 108 34 119 169 97 59 68 70 4
    52 213 90 168 19 145 240 143 196 177 110 102 22 110 226 249 240 103
    41 30 107 25 49 55 187 243 83 43 93 17 19 129 43 179 92 242 32 15
    168 141 101 199 79 42 195 186 114 244 200 119 185 241 138 177 212 81
    151 211 84 190 228 247 166 230 100 40 16 46 96 28 135 188 173 74 139
    197 110 99 182 68 88 70 53 255 58 123 146 100 65 11 33 14 224 97 42
    115 64 245 84 7 77 231 150 238 86 238 102 56 223 212 183 224 192 59
    19 128 229 79 5 255 28 6 168 1 118 91 29 163 133 99 41 141 32 38 2
    121 117 233 150 121 217 104 80 93 209 80 255 56 160 251 37 172 108
    39 112 141 237 185 35 224 196 149 198 116 71 193 66 240 232 76 16
    253 173 225 116 198 45 43 208 10 237 116 89 229 127 143 133 246 249
    42 94 126 251 101 161 20 128 144 13 244 126 155 234 106 169 94 247
    39 86 205 137 164 102 208 181 182 120 210 89 43 1 0 156 42 207 34 97
    32 247 21 132 22 205 126 214 196 128 195 178 133 198 170 246 53 216
    133 13 216 116 20 198 15 27 65 180 113 184 199 40 99 155 187 94 121
    238 83 141 19 79 36 62 24 189 184 222 132 58 130 41 248 113 45 26
    124 203 33 13 144 104 233 225 37 195 185 94 148 251 229 66 49 121
    141 50 28 11 83 59 223 212 115 123 220 176 64 66 20 196 198 184 170
    119 194 246 253 184 227 173 33 142 251 104 208 249 136 252 85 226
    242 53 188 239 209 8 64 184 125 219 209 129 119 145 130 8 38 37 135
    101 212 189 63 55 206 117 134 72 1 178 20 152 79 142 56 254 116 208
    40 238 169 188 70 185 185 59 66 164 20 71 224 165 124 88 116 179 17
    192 33 136 113 56 204 200 115 78 159 177 28 24 148 4 4 20 62 46 187
    237 150 161 220 48 177 131 141 53 167 109 101 225 164 55 101 255 202
    169 102 138 130 10 11 140 95 104 178 201 201 47 131 30 230 94 168 42
    94 75 119 15 139 247 77 130 200 209 250 223 55 85 128 157 192 9 179
    225 145 243 190 12 125 234 50 155 195 163 202 153 89 143 187 42 125
    103 204 71 113 169 52 147 191 28 4 142 132 115 7 205 245 180 41 187
    161 204 184 23 68 0 120 109 140 52 135 182 155 140 53 99 217 155 156
    8 64 114 254 216 89 15 57 6 185 61 125 32 140 197 82 34 167 58 150
    182 139 142 238 146 219 16 181 107 50 213 247 22 131 189 224 12 135
    214 147 11 39 126 114 63 53 24 21 160 0 17 193 243 146 188 89 249
    252 54 187 53 19 70 100 25 223 192 203 159 24 51 12 161 190 58 25
    112 58 119 161 67 192 72 100 9 231 65 226 78 208 97 71 157 42 250 75
    158 207 95 244 212 151 146 135 112 190 6 167 252 84 240 2 156 169 60
    186 180 128 51 156 81 132 173 197 243 15 90 114 218 162 45 96 95 58
    76 26 234 10 50 68 159 70 67 125 123 156 50 148 60 222 58 128 185
    155 183 38 157 103 68 139 39 56 236 161 156 6 151 205 68 132 221 204
    195 172 230 222 133 122 120 28 144 224 247 138 251 56 146 40 29 213
    70 214 3 61 169 116 230 55 187 188 223 246 168 200 243 250 246 173
    220 36 20 59 201 218 224 243 95 107 37 68 88 37 219 130 7 157 189
    142 1 138 191 210 11 207 131 198 202 19 74 34 180 187 194 75 179 49
    190 246 15 146 42 29 255 217 27 3 56 151 109 174 109 80 142 171 51
    166 161 200 76 143 127 78 96 67 168 11 85 196 95 103 130 110 227 198
    213 245 218 62 74 139 231 185 62 189 18 2 67 181 114 170 92 168 19
    138 92 123 205 50 243 160 68 116 56 230 252 73 250 235 111 9 167 54
    230 48 82 122 96 52 184 157 171 20 177 191 196 111 239 78 107 44 178
    200 234 156 3 161 169 235 6 192 203 237 33 128 56 11 116 7 121 176
    231 169 9 243 76 233 14 126 247 10 47 166 24 155 26 36 110 15 19 191
    15 219 202 84 37 34 158 236 98 39 182 246 92 55 234 154 5 74 112 79
    102 20 119 44 15 177 172 235 218 21 7 67 183 206 233 208 254 77 27
    252 137 128 82 116 41 224 29 193 109 86 190 107 122 73 243 104 4 30
    108 220 207 99 150 20 12 68 41 228 34 22 216 81 172 123 158 2 1 242
    181 194 220 4 123 128 35 189 163 166 14 233 189 196 137 102 149 172
    249 172 252 54 152 131 101 77 246 80 149 31 4 205 187 129 141 6 59
    36 134 214 87 240 31 90 128 25 161 28 143 192 12 9 3 250 234 79 76
    133 96 117 233 4 133 164 101 221 65 61 22 78 149 208 62 136 216 165
    129 149 171 152 121 142 22 181 217 97 205 167 27 110 222 246 78 65
    162 140 245 81 46 207 44 244 43 13 171 185 224 2 35 57 111 106 166
    46 216 37 98 30 140 198 220 225 9 128 82 205 103 72 249 1 204 107 48
    219 56 21 178 114 84 170 126 166 9 14 182 54 241 245 52 88 251 183
    138 32 56 102 223 174 37 23 152 192 25 238 146 138 86 254 186 198
    201 215 51 129 36 132 166 171 49 76 193 251 79 189 134 116 221 137
    11 187 68 59 38 59 106 26 135 67 217 180 239 75 112 149 47 165 240
    42 217 106 194 124 85 217 244 187 240 151 130 84 227 123 47 104 228
    15 148 37 234 150 17 232 130 32 19 214 98 11 90 147 217 224 160 32
    172 106 135 153 193 156 130 93 153 245 24 74 39 114 72 143 65 17 109
    196 98 120 223 155 96 229 224 208 171 42 68 43 11 98 204 255 71 213
    143 250 2 31 159 165 6 93 172 133 130 28 202 53 84 118 137 184 114
    56 246 16 78 38 115 232 226 98 244 169 51 94 208 76 174 59 237 207
    12 127 167 103 27 232 65 128 116 111 126 42 57 209 245 215 192 56
    191 93 58 19 22 101 146 163 122 194 222 67 0 25 141 118 122 148 254
    154 146 5 89 174 39 174 220 161 71 75 162 246 105 66 226 80 98 125
    134 167 35 3 75 167 189 108 53 219 154 109 224 181 79 222 158 226
    219 174 252 55 176 137 36 243 28 23 71 57 137 84 98 118 101 85 202
    99 214 246 148 115 124 30 181 142 87 18 118 174 182 39 128 207 109
    131 84 105 139 208 42 133 76 218 170 34 13 94 238 70 113 204 127 210
    160 42 165 177 48 119 111 25 139 53 134 154 42 32 210 221 81 198 211
    28 218 141 0 35 232 35 123 201 40 83 187 53 153 229 178 132 108 233
    136 74 1 12 224 109 178 241 234 35 58 135 255 151 31 53 97 91 230 61
    93 215 184 40 203 220 106 102 206 70 1 121 220 79 113 152 80 101 202
    2 90 105 153 99 141 174 150 87 218 159 171 158 148 53 27 109 66 224
    17 242 99 168 119 232 42 30 229 157 38 230 96 195 45 189 64 39 38 10
    57 117 222 134 145 24 228 102 37 239 224 64 47 24 38 155 246 22 82
    133 111 89 19 129 92 244 240 145 238 211 183 161 199 224 58 173 226
    220 4 63 23 245 53 75 117 200 168 163 96 248 214 159 203 219 198 30
    73 235 184 116 159 175 5 207 206 99 116 250 171 84 151 179 231 51
    155 250 196 109 34 11 22 125 11 150 250 128 8 113 209 255 59 51 239
    10 81 14 191 169 228 80 114 237 49 239 176 111 127 238 108 4 111 125
    12 114 230 114 154 179 177 197 169 67 183 67 206 24 159 162 228 239
    42 205 0 239 64 37 86 187 234 40 73 180 231 237 237 204 105 35 248 6
    104 57 243 112 33 146 13 96 116 15 177 91 152 100 149 152 244 240 14
    22 199 70 198 227 104 168 122 219 138 70 99 16 162 74 243 232 111
    203 31 141 161 61 32 73 202 105 144 254 209 150 44 202 171 165 90
    176 249 218 189 34 193 83 99 141 213 110 116 165 153 238 238 164 2
    64 179 103 212 147 47 175 133 21 194 99 227 189 131 193 18 236 45
    133 241 184 43 58 239 226 174 170 195 12 209 229 135 151 154 131 254
    139 183 221 172 10 111 167 72 164 203 146 65 74 145 76 152 169 188
    249 63 29 156 253 204 27 22 116 214 1 191 130 164 253 103 45 198 189
    75 199 155 247 26 195 163 85 54 229 90 208 140 175 134 85 126 164
    165 10 56 206 6 87 108 208 30 18 86 12 198 222 220 19 62 181 119 223
    69 241 72 195 47 104 213 230 17 67 144 116 106 22 153 48 182 123 196
    190 76 141 110 96 248 124 167 163 21 195 105 136 106 132 112 51 238
    101 248 79 42 194 146 6 116 67 180 200 73 75 12 141 52 127 47 69 143
    233 158 72 69 145 207 143 40 73 176 193 2 4 122 9 68 170 161 54 60
    127 21 119 53 80 201 155 176 240 102 120 99 15 123 213 242 107 224
    19 60 224 20 96 214 74 146 53 229 177 125 194 43 126 2 8 49 123 18
    184 218 40 48 39 158 97 211 23 195 69 228 232 107 207 252 137 9 73
    66 189 227 104 219 61 39 245 133 179 15 135 158 41 127 76 51 97 234
    250 50 166 121 14 222 2 165 229 54 101 57 155 86 141 92 89 150 208
    245 246 32 241 213 176 90 19 246 234 43 154 185 245 226 54 76 220
    235 47 26 116 85 33 3 242 26 74 132 166 180 231 231 0 204 11 111 190
    218 59 251 233 241 94 70 239 190 57 171 71 73 38 206 49 168 88 82 20
    167 120 36 101 137 25 227 154 86 90 138 66 232 35 179 59 94 160 128
    114 163 240 16 248 172 100 222 204 249 71 128 88 62 70 201 197 244
    231 26 63 161 96 152 19 8 186 34 174 0 212 68 214 33 10 137 209 127
    227 43 116 144 163 34 82 194 91 178 203 84 128 215 194 222 183 62
    173 103 11 33 18 155 238 11 187 63 195 118 221 232 220 7 94 29 60
    150 170 115 118 111 1 178 224 225 92 176 242 233 183 17 92 95 59 126
    88 219 4 141 67 95 20 24 220 64 223 179 53 79 75 138 110 103 10 11
    17 199 148 254 177 41 175 250 220 61 101 57 19 65 28 177 202 45 154
    123 103 33 48 20 37 26 1 223 117 244 213 125 113 20 240 0 146 236 29
    219 243 130 126 202 205 84 221 75 87 73 64 201 94 181 217 86 102 139
    238 10 221 76 140 31 156 67 49 138 73 178 13 85 239 34 116 188 83 30
    87 185 146 115 77 131 57 67 96 169 11 54 28 26 197 142 244 134 24
    142 144 236 163 41 95 223 29 70 85 147 78 115 48 237 244 193 140 127
    235 153 142 107 15 213 156 93 102 230 130 173 50 142 23 68 126 169
    120 219 208 6 76 68 236 239 157 19 244 50 66 197 105 53 92 75 17 170
    97 54 65 52 216 127 93 65 98 163 235 158 249 10 228 185 121 88 137
    248 100 49 158 132 145 49 230 83 192 24 114 119 160 253 162 50 132
    227 166 224 142 94 23 95 239 231 69 111 122 171 115 89 180 38 194 8
    57 83 151 169 227 139 157 224 86 214 145 172 139 222 143 12 185 116
    59 52 21 150 43 6 188 131 143 146 217 153 204 202 28 63 3 174 241
    182 20 122 172 147 155 237 69 148 229 223 246 5 179 194 93 53 244
    118 202 175 221 12 181 3 180 161 230 21 124 60 111 58 185 41 125 100
    205 102 55 9 27 109 208 14 216 167 234 56 40 171 152 148 237 145 48
    238 31 11 192 39 174 115 104 125 54 177 46 121 101 11 65 48 254 189
    80 37 163 155 237 174 186 146 196 17 48 40 211 171 68 246 212 211 6
    5 233 194 42 70 240 147 66 251 220 99 234 187 127 176 144 162 21 154
    98 123 77 143 63 212 70 114 127 50 80 169 55 255 186 132 78 218 184
    58 168 181 140 145 65 174 8 199 116 75 221 136 122 127 96 159 69 109
    207 158 152 229 227 193 71 4 25 15 74 104 31 213 8 170 104 225 133
    238 122 174 224 244 90 192 146 123 146 156 186 153 37 7 92 82 67 116
    3 96 13 255 114 234 33 28 110 90 95 80 166 228 11 240 165 102 173 92
    190 198 217 176 99 43 254 114 105 189 144 9 44 180 64 29 136 163 78
    42 24 232 37 43 20 1 43 223 164 46 220 38 95 41 104 221 29 71 33 74
    128 184 163 50 195 76 33 250 59 141 20 163 161 134 126 45 66 207 196
    108 189 116 50 121 173 61 26 123 39 51 250 47 91 251 134 119 62 69
    101 16 98 10 230 91 44 120 4 27 241 80 151 84 98 97 184 79 52 60 2
    164 150 209 120 195 46 248 185 222 48 237 28 255 59 34 166 221 229
    87 162 115 190 208 159 156 66 136 219 202 184 114 100 226 177 137 72
    240 90 49 45 166 183 127 1 54 95 175 160 7 179 105 216 212 96 231
    198 115 191 131 69 48 89 93 240 168 227 91 51 237 206 14 58 73 120
    186 180 106 166 16 182 121 226 88 224 121 217 97 199 202 241 64 55
    201 184 24 56 114 139 120 39 64 95 22 32 134 5 188 126 109 167 146
    244 232 55 50 139 247 135 215 74 5 242 195 138 232 182 13 226 108 11
    237 107 61 120 118 45 138 165 203 174 157 219 4 46 61 219 65 122 34
    65 254 118 56 195 10 103 228 13 22 238 137 167 67 131 88 215 5 36 44
    124 115 104 181 113 74 15 49 45 182 27 78 158 122 46 97 177 19 220
    77 188 78 2 213 179 65 78 2 62 196 18 188 56 6 30 248 172 165 188
    203 31 130 94 63 244 68 53 217 92 76 62 171 136 242 59 133 222 209
    168 120 236 28 150 54 193 208 33 98 158 186 122 117 176 114 1 105 80
    134 164 212 53 150 225 225 240 101 37 45 203 66 252 170 90 133 107
    127 115 186 185 53 111 119 56 178 115 209 206 236 9 124 51 219 196
    80 212 156 74 26 83 208 14 40 180 6 16 17 253 35 92 10 236 254 82 13
    196 12 243 3 49 255 149 54 159 89 111 108 117 208 17 151 190 27 65
    216 49 57 134 22 122 205 31 38 235 207 145 160 207 63 231 160 130
    142 91 142 13 180 181 149 43 1 249 142 189 196 239 99 27 102 154 173
    80 115 18 39 51 0 89 50 92 71 254 252 42 13 254 23 57 187 174 17 201
    104 133 165 16 121 88 161 0 36 184 111 121 16 147 11 36 124 58 5 9
    27 96 74 7 125 126 118 227 27 35 96 245 191 236 140 107 15 0 2 236
    57 244 21 242 20 245 48 41 111 132 93 37 190 185 32 231 47 148 25
    153 62 229 255 190 128 158 94 122 242 225 180 25 161 95 169 117 162
    151 37 178 43 201 18 50 191 3 221 14 87 155 164 49 43 128 83 41 225
    99 140 74 125 9 142 232 7 44 69 185 99 155 246 123 56 61 191 14 94
    164 34 81 191 175 89 34 155 96 38 157 171 26 80 10 130 66 234 49 158
    6 221 226 143 168 122 55 40 45 41 121 129 203 182 186 202 185 19 126
    65 176 99 171 39 89 79 17 28 147 95 187 175 186 76 172 91 243 244
    149 242 176 39 72 128 236 242 183 25 14 107 154 8 25 42 209 14 4 9
    242 19 37 50 75 135 117 173 198 159 254 93 212 157 170 237 22 23 5
    214 176 138 2 57 75 103 149 166 247 157 133 147 237 171 161 56 62 86
    46 50 172 252 85 97 21 179 15 13 106 132 108 93 139 155 50 240 141
    22 238 61 146 232 164 139 26 135 93 34 237 169 182 121 115 103 127
    239 37 155 79 243 171 23 117 56 179 106 192 227 148 205 147 47 156
    15 141 216 7 231 18 40 227 0 204 84 213 13 9 123 48 137 89 96 26 40
    172 29 58 55 16 40 246 181 9 186 153 222 34 68 157 85 128 217 183
    181 212 139 208 11 136 139 155 149 170 255 245 32 248 116 100 151
    167 242 38 236 32 221 67 91 68 55 10 31 226 203 1 252 227 241 161
    196 80 95 27 178 97 59 75 62 196 114 124 200 203 149 226 79 76 142
    38 6 192 59 180 24 56 117 92 100 251 243 173 221 240 3 61 130 77 95
    239 253 57 219 114 7 179 95 137 214 131 18 166 125 161 149 236 103
    180 25 146 209 105 137 184 199 8 102 105 126 28 77 55 80 200 62 116
    25 40 59 211 115 214 177 167 157 117 3 78 134 28 223 14 53 154 95
    253 92 87 213 55 136 87 117 68 12 131 11 142 160 98 119 34 253 12
    236 82 36 137 237 241 40 124 149 63 120 85 76 131 90 77 57 44 229 72
    159 155 23 222 166 160 235 104 249 84 140 104 239 218 92 225 162 207
    125 132 117 131 16 36 10 39 182 61 24 211 13 73 117 68 236 161 187
    102 86 41 105 78 36 20 225 154 170 255 121 56 118 31 169 147 40 8
    148 112 201 47 248 245 188 224 206 125 223 208 198 71 2 246 106 153
    30 194 104 27 43 202 80 255 29 204 127 186 163 171 165 255 180 184
    207 231 250 157 190 46 128 122 218 123 9 133 188 166 180 254 32 88
    207 120 197 227 11 142 213 219 45 128 218 165 247 184 90 242 193 123
    176 250 207 93 67 98 100 193 242 116 97 209 42 73 31 209 235 90 228
    192 169 132 179 170 128 132 244 47 188 217 210 175 110 245 52 76 35
    236 140 21 165 238 85 165 56 252 37 88 124 177 33 20 162 130 242 243
    88 96 97 121 11 33 71 72 176 238 247 147 90 48 100 44 1 132 63 32
    182 151 210 113 24 211 244 167 196 184 122 222 97 198 89 33 14 60
    214 166 185 252 96 213 171 67 213 226 236 143 127 115 3 167 174 190
    158 219 37 111 183 22 51 208 56 218 152 46 80 57 9 172 43 202 101 17
    7 15 145 26 232 53 18 174 152 237 105 245 251 205 57 238 252 126 170
    111 199 101 203 146 243 191 143 164 239 219 254 55 84 5 103 6 186
    115 14 253 65 214 76 42 27 42 63 5 228 254 105 79 69 158 232 182 109
    54 72 50 151 234 15 146 217 246 66 16 41 37 30 13 130 52 104 24 146
    198 22 41 168 53 71 207 109 77 184 190 243 123 247 39 164 148 88 230
    217 223 14 220 98 130 235 134 122 227 33 52 59 159 38 210 46 198 40
    175 219 250 86 189 87 92 40 150 18 101 77 50 47 48 38 198 65 125 120
    22 70 22 74 4 108 58 134 50 176 225 146 230 12 108 82 10 116 62 140
    93 123 179 47 172 2 154 65 218 77 162 149 98 201 181 52 20 12 51 108
    0 93 179 131 31 224 228 205 101 28 244 60 11 223 7 101 152 138 96
    196 8 214 190 190 78 154 159 106 38 75 18 37 127 165 133 59 155 122
    108 232 75 240 131 149 81 7 236 136 67 114 248 117 195 237 39 59 23
    151 228 157 241 31 98 65 31 253 154 109 153 31 249 201 187 175 227
    163 92 135 186 158 69 4 51 100 35 218 139 35 211 73 153 112 187 195
    238 98 27 87 58 243 179 164 139 7 213 101 15 40 41 127 183 243 137
    168 71 165 251 171 6 73 167 32 208 137 6 103 171 246 102 23 167 155
    102 123 224 51 254 172 135 155 199 75 3 96 235 220 57 11 140 121 161
    51 17 185 166 10 32 4 85 25 175 175 30 236 141 43 197 243 153 107 54
    250 255 188 198 112 100 171 61 192 137 209 168 214 239 129 194 174
    234 49 210 93 126 36 145 149 77 2 197 94 241 129 146 157 202 151 46
    158 201 253 7 214 143 242 79 57 54 131 170 48 240 165 68 169 70 135
    27 174 221 196 193 48 208 238 235 9 99 141 9 21 30 211 8 65 161 79
    197 12 36 6 48 157 11 120 126 37 2 99 127 42 0 113 29 94 180 87 15 8
    40 220 19 144 107 237 146 68 21 145 153 32 130 26 197 247 7 38 142
    124 80 124 63 234 34 87 6 68 1 14 119 96 84 235 70 123 119 229 253
    228 196 53 124 89 6 143 239 128 130 100 235 6 120 50 22 118 169 32
    160 228 163 95 252 14 221 128 168 125 48 178 85 239 202 223 235 80
    49 35 142 11 17 221 176 218 52 196 201 218 81 66 159 15 137 140 246
    208 213 158 215 222 250 40 230 79 233 86 116 62 90 64 249 214 128
    124 85 12 217 13 115 254 229 83 54 27 29 76 170 134 78 142 156 11
    202 10 238 22 197 19 113 86 153 60 199 230 101 123 177 133 246 7 76
    241 140 123 59 155 62 94 139 2 206 183 173 214 160 124 7 95 29 48 10
    23 121 224 74 34 194 34 218 215 186 104 245 104 32 201 44 200 180
    245 46 8 86 40 67 20 28 90 82 8 137 108 154 140 33 15 202 171 212
    195 53 19 32 234 150 194 159 92 240 166 112 124 8 9 215 91 230 99
    136 48 47 231 158 98 244 89 61 233 191 58 221 184 239 87 138 37 54
    243 125 214 221 178 170 100 56 147 56 222 106 178 138 107 167 202
    253 69 26 125 170 240 222 33 79 146 237 236 50 160 37 203 208 103
    122 62 43 62 28 152 139 27 80 14 116 218 125 140 119 138 210 88 153
    34 75 199 74 121 25 233 255 124 94 63 233 227 210 176 246 59 42 130
    180 142 216 39 223 83 42 74 170 43 155 22 0 209 179 154 59 21 197 25
    224 37 114 48 202 106 128 72 217 31 185 160 86 32 65 51 243 167 17
    17 173 80 36 109 104 98 190 209 96 68 236 50 20 42 176 250 221 222
    116 215 187 230 59 128 82 229 132 237 19 115 103 7 126 101 139 235
    185 189 225 44 250 80 32 218 122 164 159 77 141 235 98 66 42 154 237
    179 219 135 156 202 251 185 6 184 82 35 110 123 57 44 152 61 77 7
    196 210 32 187 40 170 26 198 54 63 38 98 39 60 85 62 37 201 93 90
    207 43 0 97 252 253 132 130 218 142 126 134 201 9 103 8 107 4 178
    207 68 115 36 187 24 174 35 111 249 186 25 241 40 174 92 5 77 229
    156 146 155 216 243 113 133 178 155 196 32 217 89 25 146 94 1 234
    246 120 35 122 23 32 159 116 16 193 185 187 253 193 241 158 64 217
    195 62 106 203 139 65 21 53 19 155 163 217 1 36 131 138 186 44 87
    199 1 4 203 55 241 89 7 102 215 50 123 164 207 131 82 63 74 70 163
    249 98 250 44 30 174 169 199 18 26 246 127 97 203 189 199 29 141 5
    180 35 12 158 193 21 246 12 66 97 200 151 58 237 63 87 132 101 178
    69 117 139 81 230 199 197 126 117 11 181 192 240 174 58 47 149 191
    224 209 1 166 85 200 35 144 79 144 196 189 186 138 179 4 219 193 116
    169 243 91 251 166 148 161 128 103 81 101 219 142 100 133 13 56 81
    203 64 169 102 62 114 98 95 143 210 213 92 99 131 119 6 98 139 221
    15 6 185 241 142 235 24 219 119 53 106 164 189 127 146 195 236 173
    17 114 174 103 173 117 196 181 77 42 76 5 173 193 139 90 136 144 17
    220 91 12 218 12 8 46 24 219 234 78 45 9 114 63 85 209 154 186 209
    58 113 66 63 78 142 8 3 144 192 231 63 195 63 230 4 235 59 156 18
    130 124 219 144 197 24 195 47 94 165 38 205 40 163 232 229 163 19
    247 159 159 24 78 104 237 105 210 248 174 69 167 37 117 117 150 207
    206 51 155 175 43 216 23 250 255 231 101 130 255 178 248 146 60 157
    35 126 207 169 123 19 249 106 194 97 51 24 34 159 73 55 10 34 64 210
    14 53 190 73 165 172 70 218 46 19 164 119 226 12 208 59 19 121 190
    90 144 111 240 161 229 8 248 154 215 236 132 158 2 13 248 191 142 77
    238 41 118 198 102 43 156 159 118 192 111 223 213 245 155 57 182 142
    63 64 238 78 83 189 11 154 166 215 163 218 96 34 7 94 145 83 55 184
    25 136 87 251 208 49 215 19 192 105 150 180 100 195 66 82 59 187 229
    172 216 44 171 35 62 165 216 135 202 22 54 243 214 132 94 58 215 144
    146 193 237 209 63 99 135 196 181 139 190 72 145 69 151 255 10 101 9
    89 228 164 192 161 140 194 189 155 49 106 244 148 85 125 178 135 248
    108 205 19 135 172 200 203 13 219 251 224 221 113 92 117 220 154 51
    77 14 190 217 166 34 242 79 89 148 219 236 143 147 95 50 248 109 172
    171 165 67 36 228 211 255 167 19 246 53 167 246 99 219 255 246 182
    233 97 108 42 136 131 220 19 64 59 22 85 223 154 202 147 127 228 49
    151 7 232 225 5 103 138 228 11 172 138 128 181 163 70 130 152 142 66
    134 80 10 123 209 149 15 173 79 34 75 151 2 215 118 152 86 107 254
    85 225 83 117 13 167 12 200 213 220 17 219 168 201 129 233 164 100
    213 132 10 231 12 61 203 129 31 108 139 48 149 60 192 241 167 18 174
    56 12 102 138 209 78 75 201 168 7 16 96 83 16 33 89 197 12 47 14 33
    200 175 18 186 171 34 251 160 141 168 188 76 45 66 91 163 40 192 164
    215 83 212 255 202 93 99 164 86 209 241 149 69 102 249 210 2 17 173
    68 38 72 106 136 31 45 0 66 9 125 94 76 164 224 66 67 85 164 230 239
    107 187 179 154 242 136 119 60 25 91 51 80 116 255 5 220 114 114 87
    117 133 216 22 214 251 168 36 197 1 207 39 110 8 205 6 91 67 241 87
    207 33 118 126 187 222 232 206 13 197 225 149 162 140 221 8 197 247
    63 35 227 174 100 247 69 80 156 173 154 156 7 196 105 22 28 252 133
    100 178 175 90 254 11 99 197 15 91 244 94 241 46 220 228 127 67 36
    120 41 184 179 57 101 237 212 63 231 184 238 81 24 162 147 11 130 41
    207 254 234 199 92 67 233 20 157 92 170 123 226 123 98 173 80 229 74
    192 115 59 109 16 119 246 6 166 122 136 204 44 121 93 202 63 155 173
    69 36 22 143 220 123 56 148 137 149 82 113 192 255 138 195 224 213
    120 194 93 13 45 179 204 178 101 138 82 226 17 10 252 86 155 247 99
    171 124 80 39 198 158 96 96 134 122 6 42 28 18 18 122 164 55 90 127
    159 83 198 228 149 175 181 185 36 65 131 239 15 117 67 185 167 212
    218 145 51 28 137 35 72 238 63 79 159 198 210 87 112 205 5 39 163 69
    102 40 233 9 225 81 92 146 35 137 64 147 7 145 24 235 249 89 143 182
    56 209 165 209 65 231 50 190 34 183 182 201 119 181 195 67 16 15 182
    8 205 37 150 53 198 71 97 22 9 25 63 44 123 61 16 24 180 12 150 172
    229 203 103 92 242 157 158 108 69 48 112 61 195 31 92 235 193 139
    114 198 8 158 63 77 170 94 1 3 71 50 104 236 250 125 230 177 146 19
    126 43 75 144 239 97 190 139 202 204 12 67 174 38 235 46 71 205 251
    26 68 229 48 232 236 221 120 96 46 203 199 160 218 179 63 121 183
    176 153 109 247 103 244 241 16 155 209 63 24 236 183 32 110 92 71
    255 238 108 84 0 41 162 138 255 8 15 137 56 98 65 240 160 254 57 156
    112 166 22 26 194 173 78 212 123 54 79 132 161 123 79 43 192 150 214
    82 149 220 237 123 183 161 151 196 81 51 172 221 50 230 36 24 206 8
    186 35 121 187 199 40 220 46 185 82 35 127 10 168 86 97 104 33 30
    214 213 146 20 91 239 79 163 205 225 7 110 188 248 113 32 153 76 155
    24 138 154 205 53 85 241 157 108 113 204 150 66 24 150 22 28 221 183
    103 69 118 123 199 68 26 30 225 201 81 130 135 204 211 123 99 178
    246 89 8 24 16 49 164 75 33 37 161 29 125 0 32 222 248 205 238 96
    248 243 104 234 125 199 121 102 190 216 249 43 75 74 181 32 102 213
    233 125 57 129 122 204 54 203 226 219 140 32 5 100 54 144 119 91 153
    63 184 253 125 32 36 97 254 235 197 208 222 126 179 51 196 60 40 130
    188 219 112 171 119 126 221 8 158 189 23 14 160 70 188 125 60 31 181
    39 189 242 216 225 147 221 92 179 168 151 127 181 117 68 232 46 27
    119 87 136 174 183 155 203 115 244 37 116 134 73 194 140 82 56 161
    250 178 250 192 247 38 222 84 99 176 170 211 30 102 138 233 240 90
    137 163 182 67 16 69 71 149 49 149 23 37 28 200 110 81 199 172 146
    136 101 48 124 170 65 219 219 244 240 56 178 40 157 166 124 243 229
    243 102 247 57 33 207 67 141 85 224 20 231 80 77 121 47 252 101 104
    42 246 179 145 110 129 204 242 108 2 103 137 221 23 252 87 125 53
    180 105 20 110 206 104 215 200 14 202 98 235 201 182 51 114 248 218
    109 13 172 213 190 147 19 156 111 212 219 229 169 213 103 100 108
    147 43 63 154 249 167 154 254 40 62 218 228 216 194 76 89 230 58 109
    61 46 184 61 73 128 2 134 217 242 133 185 54 2 128 137 27 171 12 111
    229 45 165 5 201 30 62 168 37 89 69 233 164 160 111 89 20 163 12 244
    121 99 53 68 60 89 253 238 60 76 80 167 152 201 34 97 72 223 248 189
    63 81 251 186 129 171 245 60 239 88 252 68 134 252 45 238 45 58 83
    78 218 50 202 14 169 79 42 197 88 2 100 113 76 238 169 173 184 168
    115 50 11 94 115 32 220 118 129 223 164 132 161 75 225 92 179 199 75
    214 162 70 78 148 87 225 11 50 119 255 212 216 59 230 237 45 23 215
    28 110 64 34 129 215 144 74 209 51 245 14 109 160 91 233 149 169 242
    173 15 202 4 153 226 215 178 190 243 91 121 65 107 9 6 63 116 134
    179 4 134 144 171 79 124 139 32 219 228 84 252 229 208 69 73 41 112
    142 17 128 3 21 94 128 248 178 186 245 219 210 3 148 241 162 223 60
    227 234 150 253 77 174 159 53 205 147 128 75 232 4 161 215 24 42 127
    239 188 77 64 245 18 59 21 156 183 73 237 53 252 220 42 226 131 79
    113 31 62 74 187 96 128 110 198 168 111 52 201 227 130 254 29 200
    131 136 121 217 121 153 213 192 4 95 92 242 0 238 84 45 139 202 96
    26 111 42 70 34 147 225 11 140 96 30 28 29 97 127 70 4 102 239 28
    219 98 38 245 125 162 174 3 240 146 37 176 48 164 236 21 157 253 92
    241 232 75 155 250 2 136 145 48 201 148 202 136 55 141 3 52 15 232
    238 244 98 47 52 203 47 214 254 164 50 105 102 1 254 43 252 155 147
    128 186 129 195 200 113 212 66 12 223 26 66 213 149 164 53 159 207
    16 176 210 180 24 181 150 39 78 59 44 84 227 71 63 179 196 72 194 99
    55 83 200 125 12 111 71 133 11 48 169 66 38 85 35 4 116 109 77 216
    80 99 233 183 228 97 246 50 180 160 238 238 54 48 47 187 243 24 121
    164 58 2 178 130 222 141 148 77 51 51 9 243 255 215 240 89 217 35 94
    194 202 231 40 97 251 126 109 20 2 182 94 234 240 3 99 150 172 191
    185 133 21 41 138 107 243 199 32 151 229 64 176 153 46 69 227 140
    127 74 252 143 106 19 138 22 26 207 156 73 134 124 120 193 238 209
    56 227 109 221 149 206 132 27 166 248 119 116 241 96 97 13 224 11
    139 242 205 188 31 56 144 104 230 112 13 106 76 245 46 85 173 64 61
    225 230 2 149 81 218 42 246 48 143 136 242 38 159 59 244 162 65 106
    126 170 113 60 11 72 107 189 243 37 95 128 247 72 224 69 126 84 63
    48 214 154 234 126 118 26 126 72 113 93 69 231 32 118 243 152 80 115
    85 18 166 42 240 55 81 46 129 112 57 165 34 110 105 127 95 1 76 106
    164 121 110 101 144 31 203 229 228 14 240 45 95 109 20 10 253 240 4
    106 195 137 108 125 78 212 79 21 189 168 10 253 241 74 217 180 101
    27 40 247 252 104 99 111 223 154 43 177 249 43 125 89 8 31 250 156
    86 185 132 149 180 171 62 175 21 234 34 71 97 94 254 228 171 162 73
    199 76 154 236 208 198 24 222 2 68 122 148 179 108 240 152 104 173
    117 171 179 197 142 53 70 102 89 3 29 163 52 227 129 5 133 122 232
    89 101 105 136 110 161 166 32 49 185 73 133 240 176 55 226 124 37
    234 235 121 97 134 248 238 215 125 198 241 48 253 15 92 43 155 205
    128 130 249 228 187 211 23 84 183 254 222 160 169 159 203 205 120
    115 73 103 22 34 158 226 193 145 238 24 38 162 239 237 10 81 152 198
    126 23 123 49 191 95 123 33 168 25 213 204 161 199 14 154 212 55 7
    155 233 160 111 139 240 196 66 133 172 43 11 133 125 230 224 100 105
    27 178 59 195 134 56 14 25 255 50 182 240 233 149 227 137 119 17 160
    235 58 81 1 53 188 2 58 166 221 53 253 236 221 236 76 40 208 177 205
    154 28 226 16 1 220 65 27 237 52 69 181 35 69 237 144 204 41 102 6
    104 67 229 55 44 104 210 52 16 6 137 231 193 85 219 57 181 14 192 7
    130 96 214 193 150 4 52 49 25 220 175 54 66 215 217 182 59 214 6 129
    47 126 242 64 249 172 244 98 197 11 181 132 194 44 16 80 224 4 95
    214 16 79 92 159 170 103 255 176 154 172 111 124 197 139 165 97 135
    163 170 139 49 37 209 214 91 74 12 108 41 229 240 61 118 119 229 25
    219 0 68 178 197 110 254 185 57 135 31 112 27 220 233 197 48 88 160
    234 56 144 25 32 218 183 18 197 240 50 155 125 84 187 237 180 106 64
    52 244 29 156 124 248 222 101 47 85 181 18 215 186 96 188 200 189 21
    25 127 27 34 142 222 117 139 162 176 176 125 227 67 80 44 23 186 34
    220 143 228 243 69 146 96 147 169 52 211 221 21 117 30 148 161 57
    190 143 131 177 248 227 94 119 253 54 9 98 67 120 164 120 21 207 124
    48 121 105 29 236 207 211 187 244 216 71 39 191 136 228 203 131 136
    231 44 182 222 202 144 181 127 98 102 195 93 47 105 47 216 97 203 4
    141 253 233 88 51 165 138 248 153 222 18 185 73 183 124 119 189 126
    47 108 220 113 63 84 234 82 143 97 166 13 242 165 210 186 48 161 49
    22 192 46 64 239 115 166 91 193 34 100 65 69 240 184 37 78 68 136 54
    234 84 131 87 241 81 111 255 217 75 53 254 18 248 131 100 165 57 7
    105 33 203 166 78 139 179 9 238 175 210 73 48 63 62 65 183 105 68
    243 235 90 219 128 138 240 117 208 77 43 139 31 180 86 71 23 111 160
    51 84 228 16 243 90 155 177 201 230 107 222 230 56 40 154 41 197 220
    59 67 177 114 137 27 135 145 122 45 220 220 253 223 84 180 145 146
    94 235 78 172 237 252 93 202 90 166 229 189 245 117 176 30 181 216
    242 135 164 1 152 3 179 103 195 183 97 107 69 175 109 129 78 200 44
    219 231 74 234 57 226 232 128 233 116 206 223 112 50 159 143 6 180
    80 239 214 34 133 55 52 142 103 114 6 99 172 24 189 213 113 62 72
    140 138 63 11 16 239 145 1 213 221 254 222 110 204 174 54 48 164 50
    115 23 218 254 58 177 98 173 169 57 19 248 167 37 198 176 22 26 246
    132 125 64 137 196 40 49 255 56 217 3 104 129 243 101 57 169 225 194
    244 202 37 33 101 38 253 247 174 96 188 0 59 181 11 44 156 145 198 1
    149 67 43 252 110 16 55 144 248 135 27 125 243 68 137 202 99 80 37
    216 204 141 79 84 166 24 191 101 12 26 155 18 189 249 191 32 252 180
    161 36 177 155 20 193 53 65 24 111 170 208 112 215 194 229 170 128
    213 161 47 105 188 27 162 47 137 249 82 230 138 144 165 100 167 108
    172 22 59 35 115 119 196 215 160 26 85 87 202 170 58 177 106 219 188
    168 152 71 45 251 64 80 125 212 44 241 63 118 130 114 165 32 51 248
    103 210 68 199 64 9 22 230 91 31 108 138 244 187 220 246 17 184 149
    40 146 185 153 47 145 204 13 145 174 197 125 254 123 75 215 86 183
    94 167 88 218 137 105 27 194 199 12 85 179 218 18 119 142 52 214 125
    30 183 26 179 123 108 68 238 16 8 147 76 188 200 217 60 247 240 167
    105 63 250 137 226 25 254 31 57 0 90 88 54 34 167 166 167 72 185 53
    69 152 9 11 118 109 86 169 192 239 114 84 82 69 170 99 107 172 135
    142 203 189 244 127 125 164 32 140 122 138 186 39 92 232 190 124 5
    52 123 40 137 203 32 88 186 78 246 21 155 152 76 1 111 243 114 119
    134 245 52 144 143 88 211 204 66 197 136 154 159 175 125 47 192 27
    207 75 240 217 31 16 142 187 25 94 192 22 30 104 238 93 121 168 5
    163 153 150 60 151 165 229 87 60 194 235 128 71 6 83 119 213 3 41
    149 255 126 54 109 121 61 163 48 107 7 213 201 184 217 175 238 225 1
    17 236 82 138 56 34 138 10 204 146 139 6 49 13 165 5 1 76 244 201
    158 165 167 14 13 61 81 253 224 114 49 252 226 136 32 52 218 23 97
    50 76 169 54 197 117 137 41 82 83 102 208 48 106 173 207 101 112 189
    152 214 221 27 132 244 194 167 107 103 174 25 239 209 209 48 97 240
    25 87 175 64 47 190 200 229 99 123 174 47 104 120 184 122 251 193
    153 177 82 188 203 193 171 254 47 208 58 110 94 193 84 199 120 44 29
    161 252 154 41 134 111 169 207 52 159 17 13 27 227 108 170 173 158
    101 220 126 200 43 50 234 146 249 32 142 17 205 213 11 138 184 169
    157 62 160 110 240 244 176 111 68 2 249 253 178 119 165 18 175 159
    214 146 186 211 72 162 149 121 227 89 163 26 241 91 232 178 255 161
    197 10 109 86 156 108 255 166 204 154 45 123 166 186 201 204 82 42
    92 57 228 126 187 130 199 157 32 239 106 32 9 15 135 16 221 175 189
    106 212 67 213 245 159 210 61 140 130 47 98 46 151 190 49 241 7 113
    201 4 118 8 49 153 136 75 222 91 215 249 233 120 209 255 192 81 142
    107 39 182 126 83 91 179 73 71 128 159 153 229 119 199 79 230 203
    123 47 22 230 166 5 57 46 245 224 97 238 245 55 239 10 207 198 112
    244 101 68 213 168 220 129 172 171 167 142 209 35 50 199 236 249 147
    254 81 236 171 13 47 241 231 155 94 136 39 185 182 249 152 187 147
    71 225 243 223 73 146 96 215 191 167 122 83 68 76 133 210 164 196 98
    187 137 92 104 148 166 172 73 91 58 201 104 235 247 67 181 197 114
    249 109 184 100 98 137 78 249 183 222 251 60 4 72 194 209 125 117
    143 39 156 19 53 211 133 221 104 224 246 204 77 122 213 74 116 119
    87 242 127 220 185 88 246 118 201 141 72 205 115 95 125 35 31 81 45
    139 67 102 47 23 51 68 217 213 177 11 229 166 46 85 102 64 15 84 25
    63 52 42 163 184 27 235 173 79 134 104 103 21 159 29 180 169 50 31
    96 175 160 15 176 199 249 6 92 101 114 145 53 61 18 4 175 184 119 43
    50 145 28 254 36 192 184 78 103 5 204 164 21 131 190 190 4 177 27 90
    210 63 125 99 93 215 161 206 197 88 248 32 25 153 226 204 216 101 46
    167 199 193 8 144 136 222 94 29 234 110 231 228 109 0 0 137 55 12
    246 234 144 171 184 34 233 236 215 97 47 219 15 122 85 36 212 189
    199 223 158 51 158 54 204 6 7 237 9 240 17 123 93 90 151 110 50 88
    22 166 134 201 134 176 109 118 59 14 243 15 32 245 91 185 5 92 186
    47 0 130 215 31 121 110 249 193 4 196 30 144 154 222 22 96 60 189
    161 28 203 138 113 185 33 179 212 18 110 171 135 190 117 189 220 138
    57 166 84 32 246 237 69 166 250 111 165 136 211 247 134 176 76 97
    139 0 143 166 244 40 91 247 175 187 245 255 163 144 28 175 175 29 95
    91 187 221 17 218 209 190 17 127 186 148 98 20 166 100 92 48 182 172
    38 71 15 156 252 187 241 250 231 60 125 67 181 6 163 201 0 75 243 43
    160 201 9 6 201 82 89 206 235 240 210 183 48 234 86 123 75 147 7 66
    232 126 81 225 41 93 98 140 196 59 116 5 109 46 5 71 223 234 68 209
    111 4 69 237 201 173 168 95 237 32 88 90 34 8 67 171 221 53 189 228
    67 233 174 26 219 244 86 220 229 78 219 191 202 111 25 102 132 113
    251 191 54 103 54 239 58 9 127 210 47 185 197 182 121 152 6 129 126
    140 60 6 44 141 210 200 34 187 177 168 152 39 107 18 58 70 125 202
    30 138 47 229 94 126 2 40 215 22 88 142 233 91 251 173 249 70 188
    224 238 165 202 238 84 143 149 241 71 134 128 211 228 103 176 180
    113 27 70 133 96 103 96 57 38 20 155 119 141 20 215 161 118 45 8 154
    15 215 224 74 59 67 2 234 241 203 55 0 162 76 71 33 183 191 127 171
    206 145 111 176 142 148 190 33 131 124 238 206 252 128 109 252 53
    195 214 219 161 180 180 250 76 205 182 237 106 139 89 19 250 98 3 72
    89 21 178 189 13 93 242 5 103 38 154 43 29 152 252 145 35 73 28 20
    94 61 145 46 68 33 10 58 221 211 38 108 206 236 29 177 175 78 81 189
    32 152 108 103 186 245 135 48 96 86 103 134 8 58 32 167 106 191 0
    136 242 17 52 7 176 175 105 201 220 38 94 128 184 217 40 224 170 167
    141 222 84 94 148 69 171 128 194 134 126 29 233 16 146 171 50 164 47
    46 168 187 9 185 56 227 20 25 246 198 230 236 146 89 209 222 227 46
    121 10 93 152 204 143 238 231 244 93 225 231 69 144 23 150 226 14
    141 51 117 248 109 187 165 93 41 136 182 104 48 234 175 66 54 119
    202 41 18 120 247 212 46 35 14 42 104 161 254 34 229 161 189 119 130
    56 78 212 231 213 3 215 38 8 152 27 213 247 241 128 78 42 120 12 145
    38 74 107 11 20 150 223 139 111 92 196 71 220 196 94 140 58 195 144
    249 153 158 139 126 71 101 114 33 188 0 210 186 140 213 47 241 34 46
    17 206 72 2 195 229 116 153 11 123 159 168 37 77 84 199 32 146 191
    218 216 26 41 88 197 83 68 6 237 26 9 118 166 114 43 96 121 184 88 8
    177 230 214 157 175 121 66 139 68 178 199 56 198 35 132 183 138 123
    200 25 144 164 134 82 158 183 86 99 167 36 78 250 44 158 167 44 75
    223 68 16 176 41 205 11 111 112 57 159 198 253 123 173 99 141 28 152
    87 225 98 87 62 197 235 246 220 27 124 193 56 181 52 120 147 223 139
    168 198 103 170 142 243 219 244 117 39 248 196 95 126 48 164 53 216
    37 11 243 146 89 62 146 34 240 175 57 6 36 235 224 122 115 136 157
    139 44 30 97 211 175 95 173 100 190 213 209 219 187 181 61 199 12 31
    223 91 202 247 225 228 107 177 115 87 98 227 105 87 2 131 253 150 59
    29 211 113 5 239 124 2 129 248 235 129 76 61 122 118 10 141 43 26
    177 33 152 181 99 111 232 200 50 250 156 189 201 6 4 226 55 4 30 126
    39 76 130 181 201 92 111 122 233 133 181 22 195 136 241 56 205 57 85
    71 247 158 89 199 54 244 238 29 73 154 96 190 209 39 110 152 13 26
    191 138 41 128 141 231 139 88 185 140 253 159 58 127 183 124 226 163
    201 239 124 113 207 21 255 24 8 9 100 243 226 191 155 66 91 17 237
    233 138 62 245 126 11 100 145 195 124 45 48 159 51 0 162 232 127 209
    82 203 5 214 23 112 48 222 23 225 112 22 94 160 147 11 49 134 173 39
    20 18 245 48 213 93 246 168 21 146 205 126 183 84 137 98 80 159 31
    145 28 153 21 250 90 96 172 121 232 105 167 66 230 248 147 158 145
    90 69 188 140 57 49 136 28 49 51 219 165 39 243 21 108 57 255 81 245
    255 9 190 186 75 46 239 52 161 38 202 81 122 149 201 11 148 26 4 179
    193 121 74 138 141 177 21 208 73 218 79 84 178 75 72 102 176 6 169
    86 145 175 175 72 68 34 122 200 23 212 61 165 181 34 128 153 173 41
    53 15 77 171 158 149 89 188 35 3 91 136 57 20 7 234 106 195 89 151 3
    110 26 74 18 228 20 171 115 210 77 155 1 241 196 92 69 31 140 91 66
    170 129 167 197 149 236 222 88 31 19 137 254 164 178 142 6 35 55 216
    61 21 141 189 135 94 103 26 231 129 160 196 64 21 245 153 233 193 54
    196 144 57 195 220 220 144 152 135 207 133 50 232 108 166 38 149 28
    180 156 59 136 60 76 241 107 134 169 199 238 58 237 1 123 1 62 163 5
    235 33 226 10 154 189 63 230 187 184 67 136 190 74 97 0 196 189 153
    156 39 142 254 37 199 88 95 72 212 110 223 120 191 153 240 12 147 63
    18 224 230 157 5 233 191 69 43 203 245 185 161 191 99 60 138 231 243
    195 241 254 150 223 140 245 208 19 27 95 100 123 5 126 143 69 196
    164 57 136 246 118 168 76 29 90 57 63 126 234 143 53 203 25 159 193
    59 49 22 76 90 207 46 143 27 62 242 50 215 170 248 166 227 26 24 52
    41 19 30 131 188 218 48 98 8 217 232 45 57 54 54 95 138 25 162 107
    24 117 127 57 54 138 138 2 40 254 231 55 136 60 168 52 63 139 169
    249 223 209 9 209 234 127 134 150 190 194 3 218 172 166 46 135 165
    166 4 202 176 251 81 14 157 107 191 119 172 226 157 85 103 117 70 67
    151 145 134 223 255 254 244 34 152 72 177 189 200 156 77 55 39 46
    212 57 231 195 92 169 82 218 78 179 85 10 236 77 152 15 3 228 46 89
    30 121 222 177 25 215 100 48 223 161 193 182 160 59 248 17 107 9 90
    16 252 171 234 127 115 113 140 66 87 234 179 184 156 84 152 254 215
    168 43 128 89 89 203 175 95 240 175 50 82 166 173 222 248 50 111 105
    177 65 5 194 114 216 104 165 114 172 255 113 238 88 33 212 96 108
    207 15 45 48 88 78 233 35 123 172 200 86 2 54 162 187 32 198 222 157
    20 183 37 201 157 201 72 120 151 238 128 81 169 2 27 127 255 138 181
    23 92 174 218 217 24 33 154 51 242 92 251 214 104 78 91 28 34 5 244
    70 186 210 97 114 189 31 228 156 217 106 157 175 15 239 2 216 198 30
    141 153 157 25 156 198 20 114 138 26 217 150 10 199 84 128 227 79 6
    10 51 207 114 226 208 105 226 173 181 220 138 191 145 2 240 127 192
    31 203 163 140 173 134 63 149 64 169 132 170 87 219 28 46 250 242
    182 221 49 139 89 145 24 132 98 222 12 45 201 23 183 230 225 71 128
    143 37 81 232 190 42 72 183 167 71 99 135 153 172 106 202 51 156 218
    93 194 72 200 209 1 226 182 216 248 46 56 146 122 145 138 17 170 126
    124 208 117 69 177 54 146 47 192 234 198 151 222 215 238 205 193 144
    159 43 28 169 103 200 120 208 163 210 141 151 226 227 68 76 107 55
    102 54 103 42 183 60 233 250 166 160 190 97 197 139 188 213 13 132
    174 223 255 194 88 32 95 173 137 116 249 129 43 157 165 153 63 156
    222 223 234 242 157 229 229 16 201 93 249 21 104 74 220 39 201 35 72
    228 144 103 198 125 92 36 155 125 104 88 186 115 15 17 221 144 220
    164 37 81 145 139 215 248 7 22 196 50 203 253 52 245 42 242 102 96
    104 192 201 201 74 85 93 94 0 92 132 56 26 96 65 100 148 6 236 63
    193 165 103 37 186 150 161 139 209 124 165 93 247 207 145 94 133 37
    183 229 33 146 25 60 148 197 99 9 228 154 1 45 127 51 45 104 209 210
    147 108 122 164 193 38 97 177 123 121 198 160 225 88 2 194 132 144
    189 239 228 0 233 216 78 53 9 149 43 173 130 226 62 55 45 56 248 207
    9 50 17 190 80 100 232 228 92 147 222 183 133 36 76 131 220 1 33 26
    130 108 120 221 28 245 254 245 134 230 102 125 153 185 176 42 35 39
    239 96 44 214 124 248 252 15 135 174 45 138 111 12 1 219 27 225 40
    19 22 122 170 240 103 159 221 193 90 204 6 51 123 124 111 213 47 166
    62 111 111 132 64 207 200 85 237 150 42 131 163 82 138 167 205 255
    170 198 235 192 132 17 238 66 70 232 162 152 47 88 81 48 254 58 220
    39 16 76 199 124 100 96 202 80 233 102 202 124 138 46 99 127 44 41
    216 241 126 63 185 71 145 126 81 11 131 60 93 216 41 198 65 89 223
    125 26 58 102 249 36 220 235 60 86 78 13 150 60 228 13 212 142 41 20
    132 27 128 111 140 95 174 158 201 149 86 49 183 203 165 151 166 210
    34 164 77 150 186 26 37 6 135 103 79 236 172 183 81 56 249 31 180
    133 143 166 74 46 157 104 44 180 196 148 183 57 162 61 167 106 42
    168 40 235 95 202 144 136 222 65 85 13 48 129 221 71 211 128 90 207
    180 1 248 122 82 177 183 74 118 87 44 127 128 128 12 60 215 246 0 73
    49 196 162 122 133 159 20 195 193 181 37 41 159 4 110 160 124 99 29
    35 118 36 181 243 205 56 68 253 48 82 104 197 172 146 68 189 98 47
    40 97 4 11 140 166 137 246 237 157 235 131 218 54 172 169 135 93 131
    105 111 180 14 93 23 92 252 167 80 199 94 115 110 202 93 88 87 212
    228 137 197 173 39 192 15 203 242 250 7 192 9 237 210 140 182 4 86
    217 32 197 135 194 16 56 42 112 67 18 232 189 182 75 98 253 97 46 16
    147 90 73 38 88 83 194 158 11 212 154 65 105 25 181 224 0 213 91 8
    30 102 220 27 90 159 150 139 117 112 172 53 3 30 97 84 67 172 47 89
    60 157 202 137 117 156 248 228 15 194 160 116 235 234 13 225 219 170
    81 21 160 146 101 120 29 255 183 37 192 99 187 245 131 187 184 193
    238 92 66 253 91 152 244 184 228 35 117 108 64 82 235 241 14 76 236
    26 187 64 174 160 141 108 247 217 66 92 40 29 244 201 220 54 31 145
    11 182 105 33 103 137 246 48 82 225 131 249 236 119 242 209 123 125
    226 12 224 87 59 236 8 169 235 217 111 173 158 227 99 244 231 74 254
    232 168 137 188 148 216 97 225 58 188 211 7 90 96 228 140 255 159
    235 191 2 253 116 142 79 112 3 188 23 139 38 98 72 54 70 246 3 155
    161 64 66 54 208 1 134 51 8 32 189 252 250 235 180 214 29 177 238
    145 83 144 40 128 5 26 86 43 147 250 238 184 231 198 111 224 31 103
    119 108 60 223 207 171 151 115 101 146 200 211 110 84 101 37 105 148
    12 202 76 211 252 35 1 220 56 145 224 208 113 232 13 211 43 12 203
    21 239 213 225 210 134 225 128 213 164 159 184 74 51 96 88 73 253
    213 169 103 51 249 197 194 49 167 45 75 102 126 95 241 69 57 157 143
    6 50 85 67 248 36 106 62 42 142 196 22 185 19 132 207 32 93 100 87
    36 88 10 238 33 59 24 50 80 8 196 191 192 35 35 9 252 8 104 120 169
    27 106 78 125 8 49 20 33 225 255 58 100 14 194 180 203 185 247 190
    142 130 196 82 97 72 75 164 165 51 16 160 166 111 135 177 109 226
    136 52 110 40 227 249 168 187 133 81 78 59 117 199 74 56 195 151 91
    197 5 184 215 152 27 184 51 69 139 116 19 191 72 139 36 150 108 113
    76 191 58 198 5 36 247 151 169 85 10 248 27 191 123 15 139 85 233
    149 2 207 106 219 93 5 23 83 88 249 161 100 114 165 251 126 204 96
    115 207 76 229 71 166 100 124 90 35 16 90 126 125 19 30 252 143 162
    255 216 103 54 134 211 93 85 14 40 51 177 147 2 183 114 176 97 39
    247 201 146 222 219 203 207 151 112 247 173 116 187 222 66 205 246
    111 233 73 63 28 0 206 247 232 26 90 188 187 176 81 131 106 37 52 21
    66 27 239 98 220 90 175 14 30 194 16 63 7 178 88 213 216 130 48 119
    68 100 137 172 118 184 116 223 77 168 62 58 225 192 43 93 201 170 38
    55 132 219 94 53 117 188 143 223 55 183 10 62 148 6 153 200 233 59
    27 62 189 91 24 46 39 111 42 32 57 111 240 249 202 117 159 116 128
    134 220 215 120 27 56 65 196 143 171 18 79 234 198 147 205 134 237
    245 29 213 40 202 81 137 160 40 225 76 88 178 10 152 242 39 152 129
    173 39 98 191 9 241 107 72 252 94 59 85 238 169 75 16 230 75 228 153
    135 62 172 217 132 234 92 221 84 247 226 253 249 247 215 196 103 183
    206 105 141 244 58 188 252 136 45 84 21 134 76 114 76 80 163 183 233
    245 248 37 32 100 61 177 111 222 208 114 2 249 93 51 98 69 204 255
    13 93 189 49 244 226 161 162 133 252 94 95 208 100 205 15 7 2 174
    183 152 172 160 206 200 146 139 160 126 228 205 230 147 157 24 138
    14 156 227 248 174 140 153 59 71 232 146 213 231 9 213 82 210 234 26
    166 69 70 221 111 16 162 223 180 110 147 210 90 78 186 180 130 212
    236 95 192 206 173 64 195 129 3 252 179 222 6 73 15 184 210 172 69
    186 234 87 184 226 197 139 106 44 241 92 140 9 57 11 206 41 128 210
    172 84 192 173 49 26 182 108 126 80 202 61 43 51 117 239 89 235 221
    40 135 112 202 117 177 180 70 132 80 201 107 228 190 12 5 38 87 243
    98 128 151 22 64 86 116 145 22 141 221 251 80 188 173 25 196 72 137
    252 198 77 163 213 181 33 18 104 65 105 116 134 235 148 42 137 207
    194 119 163 229 223 247 176 97 204 35 85 39 113 234 26 68 67 19 170
    97 180 153 159 125 84 142 173 50 15 195 79 249 200 25 98 79 219 89
    200 19 99 228 114 210 223 49 91 214 166 152 205 189 43 148 199 28
    150 149 187 36 166 81 255 53 197 51 5 228 131 234 16 181 195 81 180
    24 4 211 59 105 76 151 225 36 211 79 18 240 152 99 70 166 166 218
    120 98 158 24 94 213 211 133 145 55 203 207 68 152 226 90 227 143
    248 79 77 108 89 232 129 154 223 52 218 20 139 104 173 211 106 99
    161 202 251 70 26 72 57 91 189 94 90 234 158 222 35 219 218 94 161
    42 201 4 35 110 242 204 5 231 80 201 214 142 120 159 244 142 212 19
    69 56 70 34 42 181 182 66 177 212 196 169 48 70 49 208 9 5 130 154 4
    246 32 16 207 94 61 97 196 173 164 116 57 29 41 63 55 153 11 56 3
    185 124 230 20 128 129 226 223 161 4 178 73 25 78 120 173 200 107
    132 4 48 13 74 81 160 122 47 147 178 135 122 152 95 147 203 186 79
    243 46 230 55 133 129 67 118 243 82 169 167 84 228 44 76 44 243 78
    137 110 221 209 166 107 171 12 64 224 175 226 223 181 160 26 239 217
    79 214 96 56 9 132 111 191 155 104 77 7 120 117 66 216 230 202 162
    85 205 204 34 221 194 47 13 106 24 91 42 197 122 223 160 38 183 194
    236 166 45 201 10 109 59 244 41 42 9 206 88 139 150 156 63 94 56 168
    20 168 255 47 9 143 8 30 170 158 104 149 238 170 103 36 141 15 155
    180 177 147 18 148 2 39 137 119 3 245 133 206 231 49 163 134 62 48
    202 54 4 75 95 198 216 233 216 36 78 25 109 223 56 105 249 216 252
    198 223 234 24 145 28 161 164 227 228 47 84 225 144 228 170 225 233
    246 1 129 226 45 188 34 107 9 208 216 96 165 200 6 243 205 169 96
    180 18 168 142 186 197 212 233 239 203 226 205 181 105 74 90 25 208
    250 112 160 61 251 45 71 59 148 140 23 140 198 91 48 198 233 167 244
    94 149 149 4 29 110 252 197 107 143 6 144 145 139 10 221 239 138 187
    18 167 204 55 209 132 229 149 247 21 223 250 201 214 89 83 22 90 79
    134 74 178 45 187 166 181 47 14 221 231 120 58 214 64 136 63 90 229
    194 169 111 125 16 223 40 170 22 34 111 82 215 144 241 138 169 223
    75 21 30 131 200 117 193 127 146 141 120 9 215 9 70 192 224 168 162
    85 231 173 60 137 200 231 130 186 78 41 12 56 245 197 129 83 67 35
    68 184 161 174 195 114 129 183 123 204 196 9 213 100 251 168 159 96
    180 3 34 164 103 89 193 55 123 234 162 90 145 214 96 157 249 184 85
    54 78 76 197 155 91 164 25 238 74 80 2 105 137 140 61 88 84 182 75
    243 181 20 181 92 117 100 141 2 16 140 16 50 186 67 57 85 100 0 192
    132 148 67 231 186 196 190 81 62 88 144 113 147 120 74 88 175 130
    214 193 32 201 153 141 161 8 161 59 194 163 143 59 163 47 129 86 102
    203 86 49 100 245 8 176 101 142 179 202 249 226 163 232 71 75 4 79
    253 195 88 239 111 56 37 77 164 98 177 187 21 111 62 95 165 198 146
    65 69 162 132 105 159 114 128 112 223 148 203 180 226 87 127 226 23
    209 229 87 0 130 34 231 30 122 219 178 5 8 81 218 180 38 240 91 52
    173 89 48 50 73 111 234 132 10 216 211 37 80 83 44 194 46 200 81 223
    136 160 56 233 194 98 81 28 66 124 69 180 60 59 120 137 143 119 46
    64 190 123 140 243 130 55 86 153 191 214 255 217 198 189 188 233 17
    206 226 117 98 87 100 97 225 55 37 127 208 131 224 114 155 31 58 187
    113 30 9 41 197 141 126 204 78 183 10 209 164 142 205 193 126 34 67
    213 171 49 231 147 31 233 31 223 113 175 115 4 109 182 138 102 105
    115 27 39 162 225 250 166 4 189 216 39 20 81 120 101 165 187 157 248
    218 209 186 29 76 221 47 46 190 96 251 130 115 15 199 95 191 7 17
    109 120 184 138 37 148 29 13 44 38 18 199 150 104 4 221 81 247 146
    36 19 251 163 110 166 149 164 17 223 74 113 101 3 249 93 76 198 193
    19 229 162 21 125 96 136 90 66 69 98 50 163 194 167 75 35 80 203 211
    121 234 232 207 84 90 238 135 63 81 150 152 108 151 104 69 243 20 48
    160 198 76 22 173 213 207 159 178 37 243 224 236 55 218 34 154 178
    93 253 96 143 108 103 217 58 1 68 26 254 127 57 163 2 156 184 69 94
    252 80 16 54 80 128 99 213 130 36 159 24 108 237 64 60 71 78 206 155
    16 85 59 36 129 242 60 98 16 207 10 49 142 164 178 236 197 244 29
    147 164 105 214 78 209 254 63 109 197 2 237 125 144 86 192 131 90
    218 137 206 173 72 188 204 29 109 81 18 21 146 12 237 166 62 234 123
    205 131 25 142 73 8 148 234 201 116 191 180 15 200 148 114 196 215
    36 118 104 186 57 69 220 113 128 25 42 151 81 19 107 228 181 74 44
    32 129 51 170 250 194 197 130 96 85 178 102 229 107 107 123 69 246
    220 37 103 237 135 216 159 137 46 95 106 40 36 111 189 56 109 81 110
    218 126 229 164 10 117 165 3 141 151 22 62 5 163 185 16 151 143 187
    163 250 250 59 156 94 185 178 222 2 98 77 22 203 225 94 178 140 207
    155 247 143 84 197 77 201 218 181 160 107 178 151 117 14 80 25 110
    55 157 108 204 134 49 87 96 90 151 196 65 57 10 200 100 172 44 146
    71 215 0 11 83 86 129 17 66 2 136 100 206 61 103 21 153 186 29 234
    137 197 186 220 1 119 109 17 195 159 150 26 150 2 142 147 251 155 62
    187 87 68 159 160 90 84 162 172 14 41 222 18 0 5 104 248 190 21 75
    59 247 153 251 180 33 244 166 195 96 217 141 240 7 204 244 124 212
    167 116 115 133 160 205 197 39 77 204 7 40 70 58 212 153 14 208 222
    98 189 57 199 95 5 173 127 118 54 104 1 202 252 250 141 215 75 163
    130 251 103 76 188 0 171 165 36 98 82 50 75 111 174 122 191 158 27
    124 170 108 112 23 61 121 153 74 99 10 159 72 242 214 238 21 192 8
    110 212 253 101 51 22 159 4 181 189 64 245 131 170 234 169 181 195
    43 47 190 11 181 234 8 3 29 80 11 183 223 187 128 88 235 219 15 51
    26 24 82 61 184 0 113 116 118 229 111 232 41 230 15 147 90 204 29 34
    75 154 242 227 109 88 175 122 158 17 234 209 115 8 207 148 95 136 54
    40 107 121 140 208 68 232 196 40 136 23 123 144 141 92 233 240 125
    41 182 146 44 174 137 100 128 157 212 54 130 236 52 129 49 15 177
    220 10 206 36 202 15 22 150 91 115 94 27 88 59 60 181 5 160 127 84
    159 104 216 144 84 34 251 113 237 85 55 241 105 132 62 254 71 28 102
    83 203 19 241 114 184 216 230 143 40 160 145 233 253 252 2 38 60 161
    181 224 222 206 18 247 127 134 69 191 148 195 146 108 47 150 68 58
    109 26 156 179 43 14 165 179 46 225 173 171 164 246 101 155 194 2 52
    185 185 98 136 141 89 164 160 124 111 1 251 48 76 118 135 86 20 77
    61 176 49 102 8 67 218 246 206 38 132 174 50 190 61 248 149 255 127
    122 78 226 58 119 137 85 205 37 52 227 110 26 13 67 166 88 32 157 65
    244 106 135 42 235 255 82 249 145 151 72 162 119 34 232 31 33 223 12
    101 38 66 218 236 230 196 114 33 105 184 232 218 8 70 174 198 235
    122 35 248 198 179 106 18 139 103 10 250 248 185 131 255 73 41 144
    226 71 184 86 114 230 104 211 253 20 93 77 187 160 5 20 122 236 106
    246 154 211 16 111 191 106 87 10 144 213 102 238 140 70 18 45 229
    139 161 183 57 227 120 22 140 226 176 117 9 170 195 118 225 158 189
    80 156 44 99 0 233 193 207 198 223 217 209 140 154 61 31 14 52 31
    127 131 220 22 134 103 250 173 187 37 246 1 134 114 239 93 31 60 133
    69 108 143 44 108 37 167 50 164 51 202 158 99 231 88 44 22 134 76
    144 13 218 66 181 15 104 16 188 102 130 88 132 150 255 90 3 43 129
    165 8 249 168 64 204 238 93 136 209 235 235 73 95 204 20 36 209 146
    232 14 58 164 72 66 127 215 19 87 147 80 164 99 19 199 49 0 201 249
    58 8 8 194 141 81 253 215 133 137 73 204 25 176 59 236 84 94 175 163
    245 123 20 178 111 1 194 88 91 235 34 13 7 78 216 109 243 213 21 249
    206 18 233 165 12 58 157 191 59 199 109 211 92 91 170 159 105 216
    166 134 77 160 224 92 207 2 74 12 151 195 251 172 150 198 140 148 55
    126 244 20 165 91 242 69 254 109 213 238 103 160 53 67 128 254 18
    134 151 8 214 119 253 83 219 90 61 35 132 231 176 211 142 36 210 26
    6 224 145 172 189 73 209 50 17 4 140 208 67 16 129 244 177 210 12 41
    6 64 163 206 97 104 107 237 237 230 207 63 169 130 250 54 42 170 200
    35 35 47 75 197 112 161 122 108 222 77 26 163 54 141 247 45 30 68
    187 53 173 117 157 132 158 55 86 212 57 166 91 227 120 162 203 64 59
    213 201 95 225 117 178 171 21 220 208 15 92 29 239 138 81 249 171 78
    51 27 203 237 70 221 74 59 16 90 80 111 89 233 102 79 144 239 26 247
    185 102 33 211 135 213 45 153 176 46 83 214 69 55 40 28 80 126 194
    232 117 205 111 255 216 81 83 0 208 72 195 151 11 20 74 222 188 203
    132 126 253 118 204 102 225 117 243 240 37 37 39 238 197 69 167 86
    115 204 239 252 197 245 194 169 159 183 106 79 245 143 237 59 113
    106 65 72 133 213 163 2 93 9 197 31 210 178 195 216 13 241 72 182
    194 178 119 16 146 205 79 141 180 134 131 120 124 43 143 161 84 232
    201 245 36 66 18 216 64 246 126 149 169 142 119 91 61 240 101 51 101
    113 152 253 165 247 128 205 235 243 83 166 84 58 184 108 150 70 183
    217 195 39 204 121 84 107 118 57 42 156 233 73 253 73 147 144 64 87
    77 48 91 164 181 208 204 126 227 46 162 124 131 109 74 131 171 233
    90 61 225 221 79 54 68 241 202 207 68 138 161 13 183 191 3 177 31 32
    138 224 86 180 25 203 86 181 165 106 246 135 182 244 81 97 170 82
    120 139 134 118 224 96 226 139 211 24 94 76 235 129 217 106 238 4
    160 52 5 102 87 30 182 247 32 34 48 61 75 120 41 87 130 123 238 238
    137 218 151 56 32 181 218 86 57 146 87 194 29 34 56 253 133 128 250
    210 5 136 196 139 248 40 25 148 229 128 100 96 31 163 189 193 26 151
    151 113 169 163 160 42 60 186 78 54 234 166 50 175 240 185 198 102
    81 134 159 201 245 136 197 122 243 142 125 255 71 81 10 150 255 134
    15 154 73 8 16 216 13 190 48 251 17 123 30 216 243 203 140 239 211
    250 190 56 37 27 174 28 99 110 110 48 27 93 45 199 231 12 99 147 112
    25 218 197 69 193 215 99 142 129 2 126 128 181 246 182 223 55 133
    178 9 185 28 247 83 247 1 177 42 197 198 225 51 173 254 144 66 243
    106 9 35 165 24 20 253 236 145 229 178 242 24 228 66 134 64 151 19
    106 223 179 51 115 24 130 82 49 123 249 38 137 56 116 25 43 134 233
    183 229 194 69 67 138 239 202 27 100 246 193 116 167 197 107 47 30
    29 247 100 132 226 71 234 60 73 204 243 27 182 64 143 152 210 2 132
    179 42 223 221 197 79 75 98 209 109 108 71 1 105 116 150 189 54 169
    249 245 64 48 83 212 6 102 47 69 152 119 173 193 52 128 133 151 129
    30 103 52 182 236 128 249 79 128 46 94 167 60 211 182 180 81 34 229
    128 180 133 101 62 136 184 245 118 246 153 239 17 222 164 203 2 186
    216 188 144 45 94 172 55 46 221 148 38 253 49 168 71 182 142 147 98
    166 163 58 158 47 241 4 81 4 149 119 143 93 55 217 179 236 126 231
    73 227 46 155 243 98 45 185 64 175 82 33 43 106 82 27 178 32 44 217
    167 183 170 34 19 71 98 44 21 23 158 196 7 56 79 2 155 186 37 10 185
    139 5 19 54 16 158 135 48 153 45 204 241 63 88 82 7 109 122 82 203
    216 132 125 150 254 246 152 33 186 187 238 225 46 196 70 169 208 170
    10 173 20 148 207 15 212 178 24 93 239 249 159 161 171 42 255 145
    179 202 71 38 155 123 209 25 230 203 63 189 68 61 251 38 25 90 194
    89 61 58 99 52 56 94 115 47 75 111 134 26 244 220 194 63 177 202 211
    178 149 237 11 123 123 90 108 232 128 31 208 222 60 63 50 210 71 118
    63 44 184 204 133 244 129 150 149 23 227 237 232 179 155 212 211 164
    110 113 25 132 40 254 195 25 209 192 226 152 148 154 215 173 133 203
    224 41 66 75 203 39 67 154 229 201 242 186 179 178 129 78 167 177
    130 80 238 154 8 124 181 162 228 42 67 102 172 242 25 4 93 98 90 237
    177 245 110 138 69 96 18 38 147 54 43 167 65 53 227 56 183 120 146
    203 169 173 154 204 88 112 50 9 229 236 122 137 192 243 175 21 110
    229 179 101 31 83 218 165 22 177 236 199 70 254 248 220 225 204 39
    17 226 240 111 73 189 156 199 112 178 214 34 139 140 133 142 155 219
    142 150 53 55 166 169 130 153 220 213 249 4 125 5 119 37 120 208 91
    244 201 32 17 191 239 117 197 204 59 239 106 163 94 39 200 138 247
    241 164 49 188 59 97 20 140 30 78 105 38 147 20 139 10 50 45 208 207
    48 114 35 57 73 38 224 83 77 54 239 80 181 207 160 241 218 226 161
    100 201 199 2 119 99 71 107 253 34 60 145 79 237 43 10 248 9 196 221
    83 94 104 55 240 154 7 252 223 176 1 160 46 235 189 106 118 59 217
    168 121 94 7 244 28 188 85 125 214 188 159 100 46 57 120 246 248 174
    180 34 5 60 194 120 151 232 174 147 143 139 10 99 22 195 200 97 248
    221 189 39 234 70 28 57 70 9 167 116 124 247 183 118 16 82 135 64
    148 1 21 255 139 93 109 24 208 234 2 228 28 155 203 105 127 43 239 7
    67 64 2 240 174 20 31 255 116 180 197 139 234 47 115 170 175 127 39
    54 139 116 70 253 203 250 138 174 39 68 250 229 53 153 252 250 167
    222 43 104 53 33 77 143 221 21 234 85 57 133 242 229 64 74 85 25 52
    135 199 29 193 73 113 17 36 47 82 185 123 212 54 144 100 94 74 252 8
    47 221 67 169 113 114 119 218 222 210 222 255 115 229 187 242 152
    166 126 252 93 106 41 2 224 84 124 83 210 152 230 60 82 76 190 234
    142 41 47 54 33 3 126 8 30 253 203 1 128 170 120 87 26 56 228 11 185
    204 212 11 87 146 138 102 171 112 227 238 55 41 249 14 176 92 220 68
    234 195 72 70 205 171 247 11 230 225 183 98 255 169 191 106 62 213
    181 135 146 105 87 144 136 86 197 95 240 100 156 165 209 163 19 167
    129 188 37 136 53 165 34 231 164 55 79 241 101 99 27 129 179 110 93
    218 248 11 181 204 102 244 123 8 85 17 247 255 222 186 127 47 74 224
    25 69 187 224 4 197 175 69 32 78 247 231 83 245 82 48 135 177 122
    160 11 121 135 94 176 147 109 34 12 122 95 236 211 21 68 242 106 120
    61 119 196 163 251 170 145 68 6 159 99 221 63 160 91 97 174 242 188
    138 64 163 117 36 197 133 3 158 230 101 180 111 146 118 72 157 7 131
    239 52 210 247 68 80 143 6 139 110 176 62 255 135 53 144 184 93 58
    18 230 97 165 36 49 211 152 92 161 124 60 76 80 27 249 91 61 122 232
    111 186 117 141 204 48 115 88 71 223 191 43 157 171 21 249 147 32 70
    154 176 201 13 131 96 19 115 43 59 176 178 118 52 240 200 109 166
    252 163 238 26 232 107 36 115 18 201 92 253 190 155 119 34 16 46 89
    243 69 100 168 245 104 63 80 40 174 166 119 228 145 133 11 238 247
    197 85 245 248 90 135 167 125 76 103 116 34 239 212 11 226 97 10 9
    120 110 89 112 144 4 131 113 29 82 68 38 182 115 162 165 70 144 253
    57 227 23 139 68 120 183 196 120 147 74 162 115 156 59 119 126 3 130
    59 72 34 15 250 54 222 69 8 201 35 112 73 132 220 180 202 212 122 10
    72 214 46 166 60 205 147 32 191 189 14 177 66 134 140 119 133 227 88
    169 23 14 30 71 179 124 128 202 141 209 65 246 69 83 173 0 43 172
    192 82 68 110 88 197 223 190 19 59 164 57 213 177 7 110 68 176 98
    153 100 225 115 211 74 15 10 255 143 212 144 26 139 127 93 218 68
    158 241 212 179 31 33 104 40 65 25 228 181 226 0 219 166 203 112 229
    13 60 98 87 81 116 192 164 82 171 43 73 252 162 230 247 221 61 2 99
    48 177 202 253 169 43 67 199 81 66 52 47 21 83 217 152 48 174 143
    251 249 190 1 86 39 59 36 52 60 97 74 182 188 2 214 34 94 0 116 156
    119 80 150 65 20 71 253 93 25 94 231 187 134 250 184 139 6 69 76 43
    130 207 163 131 119 252 159 168 233 42 210 93 73 133 169 219 112 68
    28 3 50 153 36 58 106 121 254 146 12 150 92 240 148 107 35 77 234
    164 125 120 235 88 18 220 121 231 198 175 133 25 120 205 99 164 190
    66 163 237 160 120 91 135 5 150 9 63 238 235 224 113 96 38 185 74
    183 182 32 101 204 197 110 33 38 89 22 212 75 196 30 206 215 213 59
    183 223 86 210 251 123 247 95 72 38 90 235 243 217 26 151 208 23 92
    56 85 203 133 191 219 251 109 209 141 144 79 147 149 147 203 123 109
    240 138 200 56 105 70 203 224 4 177 18 167 91 11 40 11 71 28 93 129
    242 29 221 215 206 252 55 61 252 49 249 162 54 205 113 100 232 168
    33 93 90 61 111 109 229 14 29 152 244 255 94 26 246 43 63 181 37 105
    148 189 178 125 82 52 174 117 121 8 28 193 207 5 68 34 231 63 27 86
    166 53 218 137 104 2 159 28 17 214 105 121 51 16 219 237 98 242 27
    220 115 122 152 228 85 212 13 69 232 122 62 130 225 3 7 130 158 240
    113 53 246 125 121 235 108 170 210 177 61 108 14 223 30 238 222 177
    223 26 122 170 16 75 134 50 169 158 134 134 234 40 51 69 4 208 219
    192 39 94 30 222 190 116 54 26 10 116 108 183 7 165 253 114 86 162
    81 171 35 202 163 245 255 238 79 60 31 113 128 11 191 198 224 55 27
    231 203 23 134 14 43 6 129 207 89 94 23 59 123 121 133 145 209 148
    195 147 254 248 188 12 99 2 120 121 131 153 83 178 244 253 168 112
    207 107 200 76 71 222 181 254 61 79 254 13 3 240 149 115 225 92 251
    133 234 130 49 180 207 73 18 153 206 131 239 109 69 110 117 127 219
    61 209 201 150 109 150 169 90 246 223 215 78 37 158 127 85 9 35 180
    192 9 166 181 218 44 48 99 25 226 5 107 168 186 0 177 114 117 86 73
    239 52 126 79 195 104 85 191 181 114 236 125 153 151 173 167 1 84 43
    175 125 90 6 224 177 56 222 59 207 73 103 139 219 8 147 79 104 157
    62 213 156 130 19 85 125 227 114 241 32 49 185 66 80 96 62 58 27 160
    18 218 61 139 196 127 111 17 1 47 6 165 255 141 146 112 220 2 107
    172 197 9 151 95 129 236 90 11 168 28 116 35 114 251 248 33 129 43
    102 16 11 51 129 244 15 73 101 203 107 91 0 141 146 110 239 145 231
    9 198 121 133 205 237 28 163 118 149 249 45 52 226 194 6 8 29 120
    216 5 178 113 211 159 216 109 179 115 114 59 161 203 200 224 137 207
    219 188 254 67 137 6 34 150 77 217 129 155 203 102 164 237 142 208
    237 102 134 42 85 198 158 89 143 89 14 55 119 205 74 156 61 148 13
    22 77 139 109 71 125 213 123 28 108 124 108 231 135 164 141 88 9 8
    204 97 219 239 41 193 98 238 31 81 61 170 221 217 143 66 44 135 87
    149 237 33 17 211 133 191 238 96 239 197 203 227 32 114 81 79 70 164
    22 139 6 7 142 186 193 247 157 71 120 24 98 136 72 32 70 206 107 231
    49 99 131 109 205 143 246 215 205 74 227 46 139 135 173 140 248 216
    222 202 31 82 15 72 186 79 182 191 120 186 154 18 245 197 151 109
    125 250 208 26 103 74 17 4 125 211 204 9 202 91 126 191 247 141 165
    168 191 227 216 141 250 229 22 34 166 229 231 129 25 202 198 53 198
    96 11 108 62 62 190 115 197 46 136 225 150 247 31 68 239 114 156 30
    105 192 111 197 201 66 76 29 34 124 186 137 33 33 17 24 184 208 40
    53 207 220 237 144 228 96 44 184 107 69 218 159 55 175 76 23 245 36
    77 146 50 63 49 19 87 195 137 86 42 188 241 20 66 122 118 159 116
    170 117 38 209 198 177 238 32 26 143 157 242 183 8 212 239 105 209
    244 181 130 147 243 241 150 65 255 146 78 113 223 210 69 68 73 166 7
    6 187 69 198 23 156 241 147 241 162 186 168 82 65 19 229 66 216 207
    139 56 88 33 221 237 17 199 5 122 104 119 13 92 138 177 159 102 254
    35 31 126 234 190 40 71 119 88 79 175 39 145 153 218 146 6 187 23
    175 156 193 34 105 218 59 105 251 77 88 219 212 38 108 118 106 91 29
    54 48 168 107 25 152 248 136 184 50 20 139 179 224 129 126 231 0 227
    101 155 130 189 63 54 46 219 117 238 14 136 74 153 34 242 53 194 199
    195 194 141 192 243 158 141 239 140 48 134 96 251 139 196 36 52 110
    46 106 59 236 225 188 145 80 170 112 47 218 167 70 99 150 192 82 224
    66 143 228 216 75 212 25 231 222 106 227 188 24 69 242 143 130 15 66
    72 83 56 40 171 122 47 217 199 113 96 215 80 44 89 80 104 109 41 216
    5 198 111 113 1 83 202 12 68 255 63 145 206 111 90 42 71 254 80 65
    186 124 10 100 204 111 193 23 21 48 1 64 235 69 216 57 208 155 98 0
    118 92 99 54 248 221 12 158 192 76 29 59 216 216 86 32 223 5 187 175
    169 155 208 201 76 32 88 63 46 182 86 228 71 246 149 22 240 157 254
    32 154 217 252 52 113 226 235 182 240 156 249 194 142 191 226 245
    112 124 243 187 223 183 162 142 229 213 153 125 76 221 101 107 161
    41 15 38 74 41 117 248 1 177 248 146 193 92 171 96 211 146 148 101
    171 70 64 84 199 248 108 148 165 205 34 67 176 40 108 24 162 253 95
    140 207 97 98 13 185 158 187 179 94 93 55 232 35 66 177 51 72 64 76
    161 129 223 174 141 122 108 108 190 34 232 153 201 196 102 206 45
    104 211 136 137 34 197 28 60 2 116 24 114 99 15 154 160 104 211 248
    249 3 125 206 95 220 252 140 54 149 182 86 94 148 215 143 179 126 4
    228 108 161 181 198 71 226 53 55 186 115 198 54 24 82 209 194 19 77
    242 55 39 96 221 255 118 107 174 66 57 164 134 200 13 240 116 201 79
    125 13 133 90 156 200 139 180 236 120 53 242 206 27 2 53 14 134 103
    53 131 209 187 223 30 91 98 10 234 129 107 198 162 107 24 6 103 33
    219 219 169 77 188 90 241 27 45 7 24 45 221 105 226 132 241 10 230
    16 25 222 98 73 186 97 74 10 37 178 162 174 103 223 84 118 51 105
    103 221 20 90 5 98 204 64 170 71 121 224 246 148 31 61 185 5 14 108
    244 126 143 128 84 168 135 138 81 231 187 40 54 20 16 45 51 202 59
    107 246 90 199 165 176 40 125 172 48 211 177 71 211 196 177 177 84
    78 130 205 114 193 93 190 232 194 207 131 47 75 47 238 198 4 79 32
    91 140 161 181 32 57 80 99 62 20 59 166 237 18 179 194 183 200 213
    188 224 75 207 118 220 114 174 49 20 205 149 62 52 11 66 104 199 41
    102 251 54 98 56 201 251 239 65 25 172 226 70 118 51 128 63 137 200
    175 77 82 187 181 82 201 141 13 87 10 205 7 145 194 143 121 40 61 27
    185 116 57 112 6 24 83 166 221 180 214 199 179 53 1 18 91 204 166
    140 215 205 101 131 212 152 225 248 147 28 129 114 153 34 157 200
    187 242 52 197 26 178 126 212 124 34 117 15 197 166 124 81 233 255
    212 84 220 8 165 176 190 197 70 89 245 208 73 64 23 147 142 41 93 17
    116 123 74 13 111 59 9 37 103 177 140 57 51 224 92 60 189 6 176 18
    201 69 135 200 237 155 219 27 187 112 168 189 46 93 53 141 212 144
    90 93 80 77 166 56 213 206 155 103 15 149 108 194 97 55 12 49 33 1
    77 249 235 200 32 243 171 13 144 56 115 159 194 219 17 66 106 181 11
    28 253 188 196 52 92 130 58 218 129 83 130 142 38 221 191 79 150 223
    143 22 43 91 85 40 106 39 13 195 17 53 244 62 139 175 99 42 75 198 8
    77 235 208 150 4 61 157 55 221 169 248 112 244 49 184 174 252 44 28
    39 41 233 240 71 63 241 151 56 116 251 126 164 134 227 160 0 184 115
    195 171 112 177 70 6 7 30 129 102 254 234 118 33 113 222 109 147 70
    224 146 149 76 197 168 52 63 107 163 17 128 22 109 130 239 14 145
    226 111 251 187 165 39 95 153 111 123 241 25 127 231 53 227 0 132 10
    210 109 162 201 157 251 176 49 128 210 97 41 136 122 233 111 81 100
    26 185 158 34 72 4 118 218 149 88 142 27 135 128 84 24 200 242 242
    36 136 182 48 252 150 58 202 127 61 238 5 226 88 114 75 84 34 53 0
    183 71 47 170 143 24 209 220 136 51 227 180 253 215 102 50 179 42 55
    172 10 0 152 42 245 243 105 203 126 18 20 118 6 117 50 194 197 146
    52 40 156 225 155 153 197 6 183 20 11 126 52 174 11 157 150 219 216
    95 64 201 151 141 172 108 115 30 208 220 42 187 150 107 200 215 186
    19 217 110 75 73 33 35 89 155 151 91 67 110 247 201 218 195 156 246
    91 169 92 104 70 188 166 173 250 7 192 205 94 131 128 27 66 117 121
    241 27 105 0 77 245 255 119 26 73 53 162 16 149 29 147 79 203 8 252
    175 147 17 94 118 94 68 77 102 164 117 95 54 59 51 201 64 204 193
    234 78 45 106 36 110 205 130 21 104 112 239 173 149 166 70 226 237
    38 132 40 144 164 246 183 136 43 0 184 153 199 179 105 96 176 74 176
    63 89 64 147 232 218 123 76 83 17 97 16 97 178 21 35 204 145 149 176
    175 74 115 96 51 54 176 238 7 105 236 147 124 157 8 188 255 192 50
    30 100 14 182 11 12 225 145 100 190 178 9 101 62 174 200 32 14 50
    117 54 106 229 43 116 138 248 83 221 97 93 2 105 218 78 179 205 47
    173 249 93 238 147 195 39 223 245 139 130 136 39 253 233 114 12 61 3
    147 192 39 31 20 80 87 102 44 22 131 246 95 206 195 202 209 211 225
    100 184 253 202 162 253 208 245 19 17 103 63 42 55 171 96 19 241 214
    125 183 144 10 35 69 206 112 211 11 167 34 159 208 105 178 46 11 139
    100 246 232 21 176 142 211 251 95 190 0 89 109 121 58 153 76 167 95
    105 69 131 185 123 18 145 44 31 100 250 63 15 121 88 43 243 239 0
    121 79 201 169 181 148 72 67 73 221 135 71 206 216 23 196 134 118
    213 17 255 26 78 248 54 224 137 165 139 201 42 55 156 46 88 149 54
    66 91 189 189 223 71 220 61 31 119 69 10 251 90 101 216 69 117 223
    59 126 8 231 70 175 91 96 126 89 160 10 144 230 81 224 228 169 26
    183 51 177 96 255 249 207 105 19 252 81 123 11 223 247 92 131 236 58
    128 40 11 40 66 203 188 17 13 48 13 208 188 48 127 182 160 229 212
    56 94 63 118 192 128 36 94 30 242 33 237 77 187 161 100 167 177 166
    15 181 29 229 244 63 132 40 226 93 31 181 1 55 112 102 199 196 137
    150 78 183 201 192 209 15 241 199 247 150 234 31 166 115 55 40 208
    223 176 104 93 219 165 56 123 205 183 211 11 75 216 73 161 170 123
    116 201 190 11 157 165 211 168 201 234 86 86 176 188 94 31 30 3 181
    31 106 68 20 48 249 222 20 92 151 138 241 240 169 211 123 142 132 70
    237 43 205 9 49 62 181 101 192 144 177 223 178 170 202 105 107 232
    166 204 88 252 81 203 215 64 230 197 177 113 36 200 244 242 218 27
    18 182 162 174 185 19 53 24 54 46 147 52 165 25 98 191 197 104 86
    196 184 178 245 111 232 117 98 93 250 16 27 234 88 217 179 84 29 181
    191 123 183 125 205 244 167 9 174 183 150 164 4 144 26 132 220 238
    81 95 193 217 208 208 249 29 76 215 219 125 85 59 158 167 174 82 23
    41 16 79 63 43 92 11 213 72 127 15 75 81 146 35 206 82 163 177 145
    115 151 44 204 202 140 228 114 146 94 19 251 201 2 172 113 94 197
    187 80 174 215 5 213 112 155 190 134 42 202 176 136 66 39 22 168 208
    42 215 63 163 48 37 96 126 47 72 65 99 106 109 148 229 136 21 114 91
    167 17 225 155 214 110 100 153 39 184 155 2 245 140 164 0 77 192 194
    179 77 219 139 65 197 132 137 227 235 21 194 213 171 75 137 81 96 8
    254 93 99 165 218 71 220 28 2 83 107 207 15 143 197 20 168 183 222
    187 206 171 53 126 116 166 105 61 1 155 110 18 13 255 15 215 4 180
    84 4 96 83 117 234 169 130 166 16 243 43 251 205 125 30 193 118 245
    218 214 178 147 201 132 192 235 36 189 143 157 160 47 59 14 208 254
    228 194 85 64 121 110 236 122 134 30 31 226 254 125 50 168 161 72
    122 5 216 168 150 251 2 242 165 233 13 121 136 191 47 94 234 134 202
    124 224 86 1 113 145 29 201 200 223 129 142 202 134 219 95 198 123
    154 9 108 206 148 192 219 220 135 135 166 40 92 18 79 245 152 175 63
    245 21 251 173 153 123 89 226 88 80 168 189 195 230 203 96 63 112 27
    12 164 62 217 26 149 114 207 101 90 51 30 216 244 251 233 84 82 248
    49 0 184 27 129 51 31 178 59 3 195 197 201 69 29 196 123 87 94 159
    124 230 245 34 119 207 203 232 248 254 96 97 227 242 42 49 106 89
    230 147 7 68 87 188 204 34 220 47 54 108 229 230 130 55 130 221 177
    221 114 123 110 26 148 27 23 106 201 226 158 87 76 62 64 204 170 112
    69 28 210 243 46 37 96 1 56 40 228 222 102 181 148 23 83 191 51 186
    177 120 77 221 7 102 210 122 224 137 255 227 226 62 135 31 125 220
    79 207 72 199 184 116 68 83 9 152 87 116 124 90 45 222 177 38 25 13
    176 232 243 17 158 194 134 214 142 111 209 132 61 240 75 2 97 192
    173 44 25 41 72 66 99 168 48 255 20 46 168 97 155 219 197 136 221
    159 127 109 251 63 211 149 113 80 242 220 88 150 171 43 122 90 193
    37 137 192 233 221 48 41 234 78 197 144 20 29 193 56 203 219 24 250
    148 56 246 87 148 115 113 230 55 14 217 6 48 202 249 219 182 109 102
    121 141 30 136 127 247 1 142 49 21 10 195 25 216 90 189 113 43 103
    170 95 73 66 110 28 190 149 172 36 197 45 250 49 107 62 132 242 107
    141 25 210 3 16 49 119 176 143 149 69 147 183 77 222 170 34 174 149
    155 109 157 63 102 250 211 15 133 124 231 68 15 146 70 194 214 209
    191 157 97 108 178 7 78 161 185 137 237 55 74 116 124 196 103 82 245
    186 55 139 182 123 10 73 205 172 10 49 177 68 133 112 234 157 226
    125 3 160 158 135 145 29 227 102 46 122 128 27 35 14 92 199 252 91
    88 224 81 150 92 115 208 87 59 159 41 32 85 183 224 6 67 81 200 192
    46 123 104 237 101 100 251 72 214 250 183 132 184 41 160 166 206 224
    94 119 87 220 234 222 181 184 140 125 144 237 162 247 195 96 107 30
    168 87 189 94 127 242 34 92 32 120 68 46 106 188 89 50 67 35 82 230
    180 175 40 137 130 18 46 148 94 95 244 157 68 102 64 196 74 35 248
    53 188 249 219 46 122 52 197 175 245 238 117 104 240 164 193 128 77
    94 181 102 66 239 91 112 77 0 245 37 226 171 151 82 25 219 209 66
    196 155 43 55 103 185 248 122 255 250 66 155 90 209 174 59 56 80 127
    59 28 236 166 198 39 30 106 196 47 39 10 170 38 36 149 124 186 11 12
    229 47 183 150 38 198 182 103 69 55 69 225 193 149 161 103 68 81 43
    54 151 170 88 34 62 111 31 25 202 184 207 180 28 2 166 166 45 233
    134 9 33 152 30 39 17 194 98 205 179 122 6 151 193 138 235 200 109
    186 206 159 95 93 212 107 3 57 192 243 140 208 219 51 78 219 14 231
    60 132 223 127 215 248 177 249 250 14 24 149 58 128 99 242 96 169 83
    65 59 38 113 129 64 136 18 160 117 188 175 112 13 50 195 176 235 32
    116 186 22 7 130 158 118 115 10 61 204 90 206 192 2 173 145 136 105
    45 14 234 99 81 99 9 230 38 175 152 231 0 151 30 225 217 39 44 169
    97 217 214 143 181 170 96 207 45 106 209 97 38 139 105 80 185 56 36
    98 28 234 218 82 237 92 37 1 251 222 16 69 119 65 197 65 136 5 72
    129 184 47 51 67 73 205 25 231 172 121 134 127 88 124 188 109 189
    188 196 130 174 58 153 37 165 140 78 57 140 13 134 54 56 244 127 37
    101 143 24 129 135 230 161 208 44 248 225 194 153 53 241 124 102 108
    200 78 155 73 2 140 222 123 24 236 180 146 66 196 100 132 147 200 86
    238 226 20 132 35 179 76 249 113 120 247 227 70 111 205 168 130 153
    88 25 189 20 130 155 180 1 49 172 75 50 171 15 66 20 146 128 126 10
    250 126 60 124 130 201 42 185 9 131 16 199 186 229 23 212 72 48 149
    0 76 101 227 38 175 4 83 3 249 198 212 16 251 79 194 35 111 124 156
    113 120 225 57 62 178 240 39 251 177 183 201 41 21 129 6 68 149 236
    220 112 201 1 193 170 18 196 35 229 253 223 59 30 71 249 107 107 50
    175 104 49 146 96 80 95 77 225 83 50 55 11 200 205 133 109 125 161
    230 116 136 99 109 1 189 217 151 11 71 235 7 220 143 159 2 98 149
    175 93 121 245 73 69 229 172 113 74 193 29 217 133 206 90 172 195 21
    175 86 182 231 96 2 209 130 61 59 103 102 187 197 206 22 183 102 221
    14 105 189 133 216 215 42 186 144 145 253 182 74 249 41 60 26 79 180
    79 31 180 95 185 12 111 80 233 58 151 204 223 230 6 255 37 107 211
    64 119 83 26 120 142 36 116 240 88 149 21 82 117 234 108 119 81 163
    80 35 77 201 12 173 186 128 138 248 94 49 198 202 157 254 250 183 46
    222 137 197 102 44 9 248 146 166 47 185 238 68 187 7 9 191 30 243 52
    70 202 37 184 213 154 69 153 208 159 149 12 140 15 119 195 250 207
    81 45 191 138 177 132 155 194 138 48 126 100 127 27 96 24 235 80 23
    76 230 45 172 166 140 42 221 125 201 222 43 44 49 218 98 182 159 232
    33 175 120 127 70 236 35 153 104 198 156 80 10 176 242 238 93 148 48
    128 86 7 223 77 163 88 5 229 124 214 28 7 161 55 172 52 236 33 194
    87 222 119 219 172 66 84 169 132 149 57 16 254 112 193 54 55 113 126
    224 101 165 90 4 151 152 13 159 30 63 236 81 223 158 65 194 176 151
    82 103 21 168 146 138 17 72 23 58 50 198 86 0 249 3 172 0 55 152 220
    190 150 5 171 129 113 47 214 156 20 86 67 151 32 108 237 25 187 72
    165 2 131 148 190 44 70 60 174 233 208 32 187 82 204 94 202 14 209
    91 254 26 134 30 56 138 56 27 38 135 10 79 212 124 108 85 96 161 84
    175 108 173 44 157 53 240 104 98 224 19 115 122 89 109 188 140 108
    125 74 245 247 12 119 105 97 236 79 143 115 48 173 11 153 70 198 77
    13 152 5 90 200 77 163 252 80 23 249 64 103 154 66 71 29 186 103 208
    53 123 125 107 133 101 175 45 5 147 19 217 97 231 38 63 3 67 95 62
    70 26 157 233 57 211 1 101 184 84 82 188 86 62 53 173 140 20 248 184
    248 104 13 128 52 34 132 248 143 36 92 21 98 68 235 239 47 31 119 51
    204 182 238 48 104 44 32 8 211 82 121 159 82 3 147 247 253 219 217
    97 15 39 236 61 44 155 232 65 161 46 248 146 90 189 66 105 159 4 128
    67 203 98 253 181 6 24 132 82 180 201 103 184 188 226 94 170 160 195
    121 248 41 159 254 148 53 142 137 29 144 155 228 64 171 85 43 214
    190 1 213 27 239 141 111 195 54 54 13 87 171 117 73 231 32 20 223 98
    204 151 167 245 157 104 84 195 119 251 154 10 86 250 255 64 54 205
    65 125 195 248 63 102 17 227 38 85 244 187 170 25 4 117 249 250 46
    223 222 10 164 79 181 12 171 33 200 32 94 60 62 170 56 180 178 194
    216 35 139 245 83 66 65 53 52 71 187 249 242 75 74 71 34 208 254 150
    196 231 240 221 104 22 178 80 188 108 111 32 25 116 235 139 72 45
    179 110 91 90 233 9 88 181 204 112 59 161 100 124 255 90 47 9 11 116
    107 145 202 239 175 123 2 150 84 30 134 178 191 55 27 63 234 43 190
    106 66 51 49 114 55 47 127 113 23 13 127 243 216 183 190 147 150 21
    211 240 13 49 199 56 137 15 123 211 219 156 150 155 180 101 131 225
    62 3 163 157 135 59 144 233 132 123 189 237 173 109 36 184 5 157 243
    195 166 243 8 12 92 59 113 114 125 140 176 9 135 219 246 192 145 54
    40 216 187 32 122 159 176 18 15 125 86 151 198 106 142 188 183 255
    85 26 149 105 33 54 230 147 87 118 110 126 181 231 232 158 207 92
    217 30 89 166 107 60 208 31 90 67 36 237 153 10 118 43 228 109 82 18
    10 148 248 172 56 10 48 19 177 177 87 191 15 174 78 168 84 238 159
    23 97 176 75 111 43 47 242 20 59 90 53 41 180 36 207 174 131 238 138
    127 71 238 106 249 93 239 121 255 69 169 20 20 109 173 252 61 24 234
    59 124 27 142 226 29 164 203 235 96 99 64 77 19 171 57 68 191 136
    255 195 198 246 6 107 235 73 126 40 93 3 35 172 252 118 210 86 80
    164 44 215 198 189 42 239 36 130 113 51 76 161 139 182 225 99 107
    164 7 97 53 49 18 62 197 216 223 71 219 164 62 204 113 199 202 51
    141 191 234 195 168 70 43 93 177 166 87 65 15 244 202 74 235 108 93
    63 126 67 33 89 241 142 218 65 119 19 142 19 99 208 56 7 65 231 33
    132 48 255 192 45 93 23 43 57 11 44 249 233 200 223 232 53 81 103
    190 222 30 78 154 110 74 66 158 31 85 19 72 219 183 196 222 168 114
    146 115 68 45 109 245 123 141 147 66 121 160 189 144 219 124 205 242
    172 27 144 97 45 200 27 229 198 251 45 235 32 12 15 156 117 160 53
    202 101 187 69 15 209 101 34 74 198 34 246 199 131 155 173 165 188
    176 16 139 209 207 236 33 73 139 231 10 148 123 197 23 234 17 128 32
    167 99 145 251 247 150 212 122 74 141 107 101 250 126 41 122 88 241
    152 163 235 231 108 164 233 155 106 227 47 105 62 210 23 223 53 160
    126 32 234 17 72 218 19 232 214 157 71 71 125 158 140 131 253 142
    170 226 234 56 201 151 83 17 66 76 159 74 229 197 193 73 228 21 209
    164 214 1 68 214 200 48 219 14 57 47 108 233 44 232 235 217 100 175
    46 99 48 4 149 202 165 130 110 114 140 110 228 247 127 217 23 73 44
    72 174 146 145 9 109 202 55 154 225 115 144 11 72 197 95 98 24 90
    247 56 174 239 205 172 252 96 203 38 145 135 9 208 173 255 25 202
    234 161 51 64 106 11 51 198 138 90 192 56 176 109 175 82 225 189 157
    199 53 217 36 207 15 56 13 229 54 250 193 43 73 45 190 122 233 191
    86 94 66 58 248 164 86 50 243 17 181 138 26 19 161 116 160 142 149
    66 132 93 120 250 227 17 235 120 251 26 217 226 195 200 240 18 242
    189 2 7 135 244 123 150 171 38 109 204 73 251 57 240 66 103 164 35
    56 53 140 58 120 211 102 253 101 253 25 45 37 80 151 249 196 200 190
    0 24 6 92 9 172 134 148 180 227 61 73 75 190 204 196 21 135 17 161
    176 120 238 102 93 163 125 13 15 218 200 204 251 94 242 234 179 14
    141 54 140 196 19 152 135 249 33 201 96 194 132 194 167 110 5 186
    155 125 180 44 97 18 14 213 46 38 225 108 125 170 123 22 103 18 27
    42 81 235 82 130 241 42 1 178 51 121 86 239 190 169 105 178 181 35
    158 146 137 237 137 176 149 194 35 247 44 141 129 97 162 93 35 54
    178 243 2 36 79 5 169 41 211 136 4 247 24 255 105 163 42 205 59 86
    18 103 122 74 137 69 177 95 35 183 192 103 96 29 194 234 186 167 45
    220 80 168 17 156 7 66 250 173 13 9 96 50 94 229 40 150 144 209 71
    97 251 171 229 54 33 114 149 207 167 78 84 42 44 212 26 46 10 117
    249 44 95 216 44 228 225 252 106 180 181 212 155 124 45 159 215 128
    96 111 227 167 220 66 133 104 105 150 1 213 26 117 108 16 134 232
    121 101 185 9 150 52 190 37 141 18 28 82 220 219 145 93 61 49 124
    154 119 251 163 160 173 103 190 112 222 149 225 192 149 19 187 36 36
    174 150 172 160 12 181 225 204 18 177 151 19 231 66 130 55 121 191
    206 220 17 53 186 32 117 155 25 167 119 207 165 39 50 78 8 164 20
    214 80 115 9 194 238 113 63 236 102 176 68 25 94 75 24 171 61 24 187
    200 144 111 155 230 206 254 77 213 151 75 231 162 117 184 69 128 190
    218 209 83 230 82 239 206 246 59 74 42 223 142 75 54 110 52 23 177
    77 58 231 143 5 98 65 167 64 101 60 84 65 117 116 50 20 21 147 38
    141 222 190 35 12 66 160 183 221 249 106 41 24 241 65 68 88 150 225
    231 161 175 204 205 40 19 101 67 178 118 196 246 117 19 188 132 95
    110 245 251 50 29 93 115 192 159 143 23 85 66 130 54 138 110 129 66
    203 94 159 191 152 15 85 90 31 58 148 60 51 7 126 93 54 153 0 204 68
    27 57 146 38 116 85 39 134 194 102 136 0 241 91 230 128 188 15 97 55
    248 100 35 47 62 151 41 214 46 216 20 233 102 141 105 189 182 223
    237 181 88 70 69 46 21 68 252 216 234 88 56 78 31 19 150 60 122 176
    188 111 169 117 100 46 58 105 94 194 235 88 164 92 140 240 30 115
    229 175 133 162 32 232 59 157 108 49 149 12 170 169 253 145 26 4 143
    73 72 25 36 238 112 151 60 131 225 41 108 58 46 215 13 226 150 113
    186 235 44 211 84 110 214 63 101 153 126 190 75 150 6 60 98 175 143
    65 69 254 194 115 82 11 129 152 76 183 218 133 177 82 4 31 24 180
    129 53 28 47 178 239 45 145 244 48 250 9 53 184 136 29 237 136 75
    189 199 194 221 1 62 156 133 67 105 95 181 211 118 124 76 221 147
    158 116 247 192 238 166 8 142 210 15 150 68 255 96 100 148 192 193
    177 198 147 205 4 191 13 71 138 17 190 192 79 246 17 78 107 6 77 223
    106 92 135 10 180 130 166 8 242 115 142 79 101 144 88 51 26 102 77
    239 142 141 178 201 21 173 183 59 237 203 221 16 61 87 194 111 11 10
    178 37 1 150 235 223 42 14 3 225 143 118 18 254 28 155 245 159 201
    174 216 124 113 24 163 2 93 122 178 33 120 101 188 141 47 157 206
    189 84 235 221 16 213 212 103 124 111 216 34 204 50 197 3 183 44 87
    170 88 124 99 170 27 132 207 159 234 42 17 206 3 197 210 138 163 130
    252 25 205 177 29 63 194 70 145 101 140 46 252 188 15 216 203 94 218
    85 120 243 169 154 121 184 147 65 63 239 221 227 228 12 73 226 114
    24 234 255 118 214 21 214 232 39 254 221 5 113 14 87 73 135 197 123
    147 15 107 144 75 117 103 192 60 15 231 151 222 169 66 228 15 240 58
    35 220 70 45 164 73 170 121 158 39 101 198 124 189 34 36 223 120 137
    90 206 143 8 157 255 223 111 189 33 138 6 106 27 113 126 89 127 114
    35 201 69 60 179 28 39 46 86 223 31 160 164 76 136 7 142 240 152 88
    64 55 64 101 115 1 138 184 253 206 111 185 164 79 160 54 47 195 61
    78 147 160 110 182 75 83 119 32 74 153 60 66 130 61 87 142 29 200
    106 159 65 202 185 102 90 244 14 53 234 196 215 144 16 207 157 114
    133 42 162 130 247 89 167 142 73 122 202 52 97 115 127 183 129 61
    169 4 43 49 21 110 183 167 241 68 149 27 21 30 112 223 3 187 237 239
    74 103 4 21 99 92 253 137 37 93 94 23 174 142 159 177 75 16 228 103
    34 49 233 151 110 186 56 137 13 87 177 80 41 92 219 68 203 59 140 57
    213 100 84 28 5 105 131 30 155 206 114 206 239 222 29 148 155 120
    100 131 98 85 155 19 78 155 207 194 192 144 96 192 104 66 233 55 123
    254 239 53 44 82 70 233 44 19 168 91 224 165 4 206 37 159 85 3 252 9
    198 7 97 157 216 123 52 111 187 85 182 246 55 11 34 211 132 110 113
    99 21 159 100 159 69 216 12 2 60 19 175 183 207 231 7 191 221 48 4
    203 12 85 177 100 97 74 163 213 198 35 168 37 160 13 76 235 218 157
    33 25 118 104 45 232 134 128 148 190 109 81 160 49 11 98 98 74 247
    173 150 236 157 10 20 227 69 174 242 56 195 33 14 170 50 237 209 137
    237 101 35 5 6 32 197 22 173 34 139 213 25 220 127 92 108 237 86 64
    177 206 124 136 51 170 193 44 190 18 74 115 71 231 76 254 194 203
    182 206 239 114 71 207 175 46 130 83 244 9 53 105 26 138 242 194 105
    225 76 251 254 163 14 122 110 85 48 205 253 71 91 193 235 71 164 112
    48 254 143 4 142 135 247 87 254 212 117 25 48 31 200 95 15 60 97 103
    26 187 152 80 31 40 248 213 59 120 254 136 5 229 113 80 75 81 23 233
    241 110 208 22 21 214 98 38 107 13 241 213 190 39 41 174 130 133 50
    95 22 123 123 181 117 212 38 206 104 26 117 98 49 233 73 41 104 225
    153 108 33 217 207 32 137 52 133 121 138 130 13 8 20 153 207 207 174
    203 9 122 147 207 124 7 175 169 170 130 137 17 157 107 72 89 87 121
    22 35 3 166 202 138 197 26 225 174 21 233 54 215 206 152 8 2 159 29
    210 98 37 122 195 113 20 25 206 80 58 64 253 213 138 154 92 152 184
    185 217 74 162 216 90 167 200 144 198 51 199 113 64 211 237 148 178
    38 17 53 191 157 219 58 179 199 11 72 160 89 208 36 123 160 9 87 37
    202 103 233 243 20 188 44 41 33 150 237 125 110 40 99 222 235 117
    177 5 201 155 4 94 246 35 105 136 8 72 185 129 204 137 87 182 136
    226 180 0 228 100 245 42 38 133 101 72 59 66 119 212 72 173 254 37
    133 192 181 43 112 20 32 92 132 1 27 179 125 254 117 9 74 202 119
    102 32 43 75 213 86 122 218 102 39 171 215 187 152 226 242 7 125 18
    173 246 62 83 97 61 91 248 116 132 229 95 135 234 145 106 44 117 156
    115 14 86 152 226 73 248 200 240 94 156 144 205 207 196 190 104 175
    186 215 155 247 181 66 98 225 51 226 73 128 254 141 120 130 222 28
    136 53 95 18 162 99 226 145 185 82 14 198 229 53 139 103 59 148 177
    188 213 26 48 18 159 43 167 249 20 76 42 60 195 119 22 192 1 246 133
    204 230 82 226 7 101 153 212 209 0 65 32 9 25 115 223 158 106 171 61
    50 24 126 216 72 156 99 216 9 181 251 0 251 160 228 119 130 112 232
    223 172 214 215 182 137 132 231 233 43 134 81 178 138 17 121 13 107
    46 100 6 46 208 66 31 228 141 162 224 29 46 165 140 127 28 65 170
    178 17 52 104 115 194 199 164 195 79 89 87 230 215 28 28 7 135 236
    134 102 226 112 219 50 213 230 67 244 90 144 167 36 88 180 98 222
    178 122 204 160 252 79 228 212 60 123 203 6 97 232 208 54 225 100
    124 28 134 231 101 56 152 108 29 130 31 181 61 166 253 200 65 116
    216 161 195 42 80 94 31 216 153 186 218 113 172 91 239 253 92 46 137
    25 140 36 44 139 5 201 18 57 78 2 169 85 125 149 8 13 217 29 249 8
    115 160 80 77 47 75 51 32 6 93 158 107 38 158 220 69 53 239 124 47
    153 220 44 165 211 146 195 124 227 176 132 171 128 12 112 236 94 0 9
    75 212 116 231 117 226 216 39 134 148 73 97 104 152 237 196 176 138
    39 51 45 105 116 170 162 123 230 88 207 116 249 156 248 231 16 55
    247 126 158 158 213 125 121 57 176 26 164 35 233 7 199 35 33 55 188
    42 198 149 124 32 254 85 244 71 62 82 207 165 177 180 239 57 193 103
    150 134 253 63 173 36 122 94 73 200 148 201 253 197 216 198 130 158
    197 45 40 179 213 232 117 62 220 191 203 91 85 67 221 244 214 156
    157 100 197 220 235 183 88 104 163 243 129 35 190 85 152 230 41 130
    76 55 93 156 6 95 243 225 60 13 92 187 180 110 150 39 254 127 171 12
    129 194 23 135 35 195 45 89 231 159 221 158 211 253 209 97 38 140 87
    128 230 209 211 138 243 187 128 74 171 227 34 225 66 46 188 64 209
    223 204 121 85 229 195 199 174 117 94 205 116 31 188 212 59 114 53
    244 95 50 19 107 84 180 2 96 17 244 118 220 42 128 81 130 165 18 223
    171 20 194 230 231 59 249 167 21 211 132 87 44 103 223 181 192 99 82
    216 201 153 104 140 115 29 203 81 137 184 199 237 130 53 50 247 252
    183 57 20 172 124 33 115 252 78 118 212 102 124 211 12 208 133 127
    132 165 183 90 248 183 83 167 82 118 106 199 194 221 90 38 141 50
    109 231 137 6 181 114 186 82 187 176 134 238 80 83 217 93 194 187
    178 157 20 33 87 199 170 56 10 152 63 184 115 71 177 27 182 125 134
    83 171 227 130 160 223 253 59 227 146 178 12 49 81 209 213 17 66 242
    203 140 223 137 48 254 14 15 160 49 101 246 2 17 31 7 97 122 55 89
    171 38 69 13 103 121 64 197 162 217 174 88 29 115 35 83 78 14 9 183
    115 166 179 12 100 17 46 8 72 136 115 86 41 210 221 95 128 100 220
    74 69 13 240 63 65 62 21 185 52 243 230 249 43 4 89 0 205 102 1 17
    23 157 152 25 105 153 220 5 190 199 154 27 152 111 187 44 53 235 166
    12 156 86 230 112 236 139 38 249 123 211 44 32 59 220 104 188 168
    207 251 98 155 80 48 208 124 138 48 47 93 183 217 155 254 213 15 174
    109 22 3 61 205 119 104 89 25 14 6 51 85 143 138 92 53 248 60 2 211
    85 38 113 144 145 200 199 249 134 73 30 100 85 20 207 121 188 203
    244 144 32 110 188 13 241 182 99 14 201 73 69 170 46 198 168 96 51
    208 170 5 233 73 120 73 6 223 29 81 220 192 34 178 97 162 189 74 23
    161 208 219 201 102 149 121 74 72 53 95 69 71 38 67 172 168 92 43 41
    208 74 234 148 124 143 49 125 150 102 88 14 126 6 113 199 155 43 216
    54 81 133 218 97 211 134 53 208 6 201 11 202 145 148 148 133 121 82
    222 120 229 6 228 183 80 33 35 93 16 172 67 158 147 0 112 140 79 157
    62 242 137 248 231 115 223 83 204 8 105 239 176 120 10 20 222 206
    141 240 235 9 155 72 139 52 254 204 72 250 220 44 148 163 236 83 251
    205 109 151 249 34 25 139 224 134 160 141 161 175 112 84 63 179 71
    154 0 112 129 55 250 8 250 94 152 42 150 2 233 46 216 67 82 13 111
    134 24 117 117 43 46 185 35 178 243 145 120 18 152 99 178 88 37 12
    205 71 36 143 210 68 105 238 16 125 54 240 111 21 159 162 213 6 194
    150 38 4 86 144 45 38 130 78 201 245 226 238 60 218 130 154 184 190
    236 95 149 160 29 18 244 253 241 99 101 119 70 109 46 230 178 31 20
    26 74 11 15 233 163 2 116 124 43 107 170 41 239 3 94 8 55 253 105 87
    85 79 182 7 134 74 124 0 240 64 33 68 88 224 241 0 227 224 237 74 23
    31 10 44 73 27 189 217 127 1 156 60 43 72 18 236 248 149 250 239 109
    237 188 84 13 154 187 77 203 12 70 105 104 253 4 77 108 11 223 114
    187 29 101 120 179 254 219 182 65 240 227 194 41 235 33 140 215 28
    88 235 197 211 100 45 94 22 136 157 51 36 30 133 24 250 124 196 236
    53 151 78 69 24 96 47 141 147 84 32 255 28 1 14 57 175 92 68 2 111
    253 231 20 211 156 149 112 239 163 176 85 162 164 73 245 194 106 129
    214 21 69 241 144 20 78 81 31 40 103 216 205 83 4 143 251 16 224 75
    98 85 198 125 198 21 118 217 234 178 185 206 108 184 231 109 56 13
    106 178 100 221 156 230 213 59 93 180 157 197 211 10 210 105 59 186
    242 45 108 197 162 12 36 255 214 210 154 179 45 23 169 13 152 195
    206 230 73 156 94 105 130 201 234 193 135 227 68 76 73 143 242 32
    187 114 207 91 141 239 112 83 57 149 199 211 93 240 113 182 61 35
    168 60 220 132 32 217 147 43 156 27 116 208 173 108 220 32 185 61 90
    167 119 160 201 247 100 37 128 14 215 207 91 35 197 254 238 94 80
    213 160 206 121 77 133 159 228 201 80 217 122 177 7 229 77 47 177
    155 112 201 65 180 9 97 2 37 108 162 161 165 32 148 151 182 115 193
    177 212 238 20 30 193 187 184 23 178 178 125 167 122 166 210 167 155
    236 12 207 24 206 227 26 111 30 73 230 116 117 4 101 25 77 116 210
    240 2 120 197 26 180 247 36 203 62 54 126 170 18 53 40 166 69 132
    218 46 73 241 202 91 228 241 162 87 27 243 7 48 100 125 243 67 244
    41 48 187 54 180 11 229 5 238 244 215 68 72 244 112 16 222 163 91
    115 122 191 255 28 226 181 2 28 250 176 8 243 119 39 119 179 65 40
    224 0 135 147 89 70 198 86 159 122 233 39 186 215 208 98 244 107 15
    13 36 92 56 202 213 177 91 75 175 252 221 70 213 8 136 157 39 80 222
    139 128 0 10 138 120 132 183 233 9 115 201 120 67 160 53 137 93 59
    176 230 42 53 200 98 196 41 107 237 165 214 92 62 33 203 119 231 51
    19 212 143 205 213 183 163 113 176 200 61 29 56 164 136 90 31 42 251
    38 243 107 133 100 48 40 143 164 44 70 108 143 139 47 197 253 138 3
    96 17 39 93 42 84 78 9 32 113 70 104 169 250 101 48 222 52 160 32 82
    177 68 124 119 234 18 158 104 126 51 241 2 159 198 202 133 151 163
    182 144 249 89 76 84 35 146 98 186 238 20 185 150 59 127 162 225 112
    103 58 177 233 163 165 81 63 248 14 249 153 189 67 243 128 190 34
    133 117 204 108 112 45 219 54 161 24 51 255 119 34 86 247 207 13 115
    179 92 70 159 94 182 55 22 105 19 73 245 19 214 190 107 108 60 198 6
    65 173 43 212 122 159 69 207 111 65 41 66 39 64 58 245 169 239 214
    236 244 221 119 255 57 228 58 58 148 85 81 102 229 11 41 27 115 38
    199 23 160 118 73 234 180 82 45 216 170 4 62 150 140 91 177 129 96
    255 121 96 66 7 234 72 82 225 190 112 9 72 122 98 57 32 46 2 52 37
    201 113 113 201 39 197 249 153 154 143 240 170 11 65 36 209 224 41
    10 128 152 42 134 7 139 254 71 101 159 136 192 31 179 165 178 187 2
    19 230 184 45 14 216 133 83 159 75 144 237 195 200 0 10 75 220 6 232
    123 216 157 159 170 30 39 150 244 95 1 213 244 46 208 104 59 68 228
    86 147 28 118 3 162 156 25 148 106 11 204 47 122 235 21 213 135 225
    74 30 57 3 255 58 219 53 156 12 66 114 8 137 18 112 252 184 123 115
    131 98 16 110 114 245 245 56 128 204 79 153 87 221 239 99 117 142 11
    255 175 236 62 54 91 68 96 50 81 64 49 97 144 145 148 84 167 38 200
    114 210 245 225 127 79 33 224 190 78 106 22 88 81 180 70 142 190 228
    216 19 140 34 168 139 30 133 160 173 11 67 143 53 16 94 153 78 141
    232 61 59 200 165 68 96 64 118 117 20 61 181 107 176 194 134 37 81
    233 79 102 115 71 172 237 195 2 224 72 46 67 72 246 203 119 202 239
    18 43 4 188 89 40 199 230 247 149 155 228 7 116 165 40 73 145 189
    197 178 64 248 168 217 247 69 182 157 238 213 7 249 242 5 139 144
    248 17 198 64 149 19 226 88 8 78 226 78 78 41 45 227 217 138 109 93
    126 87 172 66 137 101 44 51 81 105 94 32 64 30 249 90 72 104 145 117
    158 198 241 148 118 213 36 180 36 18 118 176 244 234 44 147 110 156
    199 251 230 154 20 165 14 182 118 77 139 92 145 236 250 140 202 45
    182 148 91 229 62 192 71 117 193 254 208 145 206 34 232 159 175 151
    159 178 139 19 6 41 193 89 55 24 215 47 38 144 86 161 98 139 222 62
    49 38 42 94 8 153 112 21 29 56 220 37 99 203 58 160 17 241 6 25 39
    159 14 16 115 56 252 82 123 209 141 35 170 162 74 65 59 73 34 68 131
    37 126 88 219 53 190 162 44 233 246 168 169 175 117 181 158 63 247
    47 130 134 27 229 28 237 152 208 206 123 186 161 21 76 35 65 56 203
    204 223 199 234 136 114 159 239 34 212 168 216 57 59 93 205 25 142
    171 176 190 98 243 53 166 69 197 66 233 13 207 13 244 73 142 1 78 64
    152 182 78 231 132 103 115 231 230 157 83 229 53 56 95 215 85 122
    225 71 135 56 226 68 21 165 159 35 231 198 10 92 4 148 187 160 26
    143 206 119 192 40 172 146 80 156 233 201 182 35 126 192 36 21 83 42
    132 155 241 150 117 22 27 163 20 142 232 73 78 233 29 199 130 221 65
    154 124 52 80 179 81 1 136 165 30 121 163 136 245 18 32 13 255 174
    96 113 76 197 238 246 38 213 69 151 232 120 246 29 67 140 43 144 254
    147 124 2 75 228 104 77 235 56 64 111 25 226 106 35 246 66 165 255
    165 15 60 210 226 208 231 25 26 204 81 204 113 3 165 32 80 170 183
    45 179 135 97 89 222 196 171 46 182 39 38 25 39 228 228 255 28 47 40
    137 113 196 210 149 1 67 3 177 44 72 146 51 234 210 26 164 2 54 53
    146 125 128 151 35 221 27 38 63 41 34 42 74 103 45 184 99 188 176
    216 140 170 20 199 75 171 87 47 65 2 45 81 95 224 136 71 96 52 54 72
    120 123 93 241 179 158 244 124 252 190 8 219 32 212 98 137 40 94 43
    158 136 231 44 100 100 208 35 155 2 30 189 114 202 13 237 134 228 69
    145 117 205 244 166 91 243 174 165 109 48 61 206 41 141 155 219 92
    182 191 248 149 196 155 176 229 156 253 204 11 81 50 53 36 221 203
    233 225 121 237 119 163 39 127 94 71 85 180 250 5 94 33 168 45 97 1
    103 25 39 191 179 78 9 160 44 129 54 89 42 180 25 149 180 43 134 32
    147 34 6 218 174 58 83 237 37 130 47 73 151 200 109 0 252 95 253 100
    89 169 114 173 226 126 205 100 52 97 232 57 133 240 54 206 243 72 11
    142 203 26 108 13 85 167 72 30 19 117 123 218 112 205 35 156 178 8
    70 212 48 133 80 139 168 43 79 169 77 44 106 64 73 32 105 182 209 75
    5 176 225 202 216 189 163 166 252 208 180 145 133 128 125 205 132
    178 160 149 11 123 16 147 205 200 7 159 40 128 4 202 135 100 203 133
    176 131 241 42 20 95 106 125 103 12 125 248 211 106 165 95 42 112
    169 87 215 141 20 154 171 136 146 124 193 135 18 104 49 189 132 20
    64 15 84 142 98 4 212 229 89 190 28 134 208 38 129 73 124 1 75 96
    170 83 76 137 202 131 140 133 215 51 78 50 81 92 132 192 23 37 150
    21 98 60 142 11 16 14 245 85 152 99 39 33 31 90 208 156 54 224 196 8
    91 79 192 143 154 47 25 180 212 78 176 56 69 14 48 218 97 19 89 173
    217 216 108 200 60 154 156 41 190 76 226 6 122 124 160 227 118 249
    26 205 192 53 76 2 40 68 232 144 71 135 128 3 5 161 83 118 59 154 41
    114 166 39 136 27 77 80 53 187 147 161 200 99 20 41 9 93 73 104 237
    9 229 54 201 238 60 38 18 136 107 191 208 197 84 33 118 187 158 253
    255 84 14 221 190 128 31 22 208 31 35 161 40 173 80 74 93 40 55 19
    252 24 183 99 244 158 118 12 95 162 216 58 182 20 184 28 124 160 13
    241 81 169 245 105 62 211 194 48 230 114 79 178 111 62 108 246 45
    123 153 14 55 23 170 195 229 121 80 120 253 138 96 103 82 5 116 32
    154 10 4 70 71 102 160 55 32 180 47 107 83 146 86 44 242 144 85 8
    170 23 242 176 86 159 134 19 81 210 160 4 53 202 123 172 46 86 144
    187 224 200 139 145 82 189 38 227 130 143 11 111 229 166 54 236 198
    197 182 178 63 186 104 10 45 243 235 114 252 238 108 54 242 209 33
    160 213 202 215 164 250 180 145 193 35 157 13 66 111 193 158 39 120
    6 96 83 121 67 52 98 225 24 195 47 2 238 215 198 171 229 72 246 80
    132 145 189 214 180 93 172 176 186 21 129 206 207 128 138 48 203 67
    106 120 148 88 101 82 49 116 103 10 139 17 239 201 121 60 107 90 173
    192 43 222 182 179 121 243 123 204 123 244 11 189 72 211 146 26 188
    124 123 71 112 100 24 120 65 144 172 156 77 35 251 198 213 30 87 196
    77 34 179 11 71 33 155 130 157 48 191 27 19 60 142 146 159 199 94 6
    28 93 37 157 68 220 136 166 216 1 166 27 238 107 216 156 162 235 146
    12 211 88 211 211 136 130 185 81 82 226 154 155 237 127 0 107 210 56
    181 9 167 104 126 73 236 161 235 83 36 63 43 39 185 111 88 252 48
    128 43 235 126 185 201 2 203 87 171 184 89 11 78 191 34 147 106 93
    138 222 240 187 75 111 4 76 128 58 235 112 81 231 6 16 105 50 40 30
    23 59 114 232 74 156 55 49 44 240 58 117 218 116 188 73 10 254 224
    37 127 157 254 248 21 155 214 31 98 125 250 175 50 148 67 168 36 92
    231 71 179 166 178 119 2 171 56 119 215 40 233 11 34 40 108 106 225
    137 169 215 116 134 131 74 66 192 207 13 7 230 246 105 254 94 183 15
    132 91 41 94 99 39 187 32 33 52 55 156 42 53 45 95 41 122 37 144 13
    253 22 68 215 232 188 246 138 94 92 136 230 40 101 239 14 202 153
    221 173 148 188 82 20 144 83 46 59 137 34 69 94 153 220 40 220 234
    25 249 67 19 154 212 226 114 131 122 168 201 87 162 154 133 143 33
    200 3 153 126 139 214 51 237 185 182 246 62 151 161 216 243 252 76
    43 150 8 179 240 154 165 55 58 131 15 134 165 195 150 237 64 172 39
    21 13 92 78 117 83 75 95 54 21 71 216 225 196 87 99 151 165 113 15
    169 124 248 245 245 36 123 40 165 208 234 146 55 71 184 227 229 231
    189 133 98 133 70 112 244 49 37 237 137 109 177 189 164 2 248 152
    146 96 4 33 122 94 200 195 43 73 103 178 65 18 196 80 220 20 183 29
    199 213 173 134 136 6 64 253 74 153 24 133 243 85 8 21 138 29 110 27
    216 205 20 177 195 9 44 249 167 202 51 190 55 219 29 14 205 25 235
    11 47 180 76 97 76 235 204 97 10 251 13 247 153 103 237 228 48 238
    143 102 58 137 138 166 28 158 53 109 142 114 160 170 41 95 106 225
    18 65 129 185 70 93 59 137 89 220 128 201 137 131 57 171 123 216 58
    200 160 34 83 168 233 207 45 1 58 113 194 72 105 134 204 23 202 60
    93 24 164 132 240 190 170 245 172 20 50 158 192 143 129 48 14 141 78
    249 116 114 25 147 245 39 143 18 159 97 251 209 84 148 178 138 243
    203 161 38 203 71 125 51 69 157 19 238 254 240 126 160 53 151 135
    161 221 29 115 232 249 250 17 167 234 43 114 87 85 254 9 178 202 15
    118 21 157 127 19 190 201 98 143 139 207 138 150 166 16 239 213 241
    151 156 73 36 179 163 26 158 216 233 149 78 190 158 194 112 65 93
    244 23 215 60 243 199 36 46 43 56 143 222 72 225 164 187 146 126 25
    32 30 152 213 104 123 48 174 80 74 86 123 255 239 181 162 231 30 70
    70 62 20 82 221 205 24 112 178 112 143 9 219 5 177 112 186 62 88 126
    25 198 193 28 87 45 217 129 30 65 80 155 198 175 157 174 167 163 120
    117 42 248 108 245 80 228 121 238 76 48 188 17 104 104 252 225 6 255
    6 243 235 193 131 160 250 103 163 133 38 32 197 203 32 87 19 108 189
    50 236 233 91 145 41 120 85 155 17 149 218 245 50 168 255 223 68 136
    190 96 44 192 22 184 11 14 217 69 106 108 33 122 47 203 12 84 86 187
    18 58 220 199 216 62 39 105 54 209 204 193 84 28 42 249 85 254 51 25
    134 75 236 247 42 97 218 142 222 85 219 145 207 33 239 64 173 247
    203 106 123 80 74 215 64 191 219 131 11 133 16 3 204 250 170 103 27
    115 215 134 50 62 26 118 166 222 35 4 227 142 225 21 253 35 242 42
    71 44 219 89 215 100 205 27 254 167 16 244 233 165 21 124 93 39 5
    177 177 50 163 40 205 64 50 80 0 248 224 66 43 58 118 242 42 102 140
    106 227 204 114 52 157 46 231 44 41 188 141 235 5 72 239 52 124 96
    217 15 251 161 166 192 230 230 73 11 113 23 153 98 167 0 205 85 13
    84 248 241 200 38 155 22 246 86 235 23 28 110 72 190 129 9 127 193
    37 138 231 182 198 174 53 66 78 253 198 220 47 117 33 186 155 48 72
    106 210 86 65 228 44 218 222 99 54 90 63 67 242 5 127 4 116 215 6
    116 74 113 126 151 46 102 121 210 69 200 123 115 252 57 93 78 255 57
    17 242 100 152 216 183 250 63 189 60 211 134 239 47 75 61 82 81 8 79
    219 230 99 252 244 85 182 194 102 253 39 154 116 49 121 101 126 179
    228 245 233 68 193 170 101 60 252 4 84 237 165 23 203 87 196 227 210
    135 130 45 176 30 44 251 46 251 8 25 142 136 95 199 198 37 195 254
    169 245 74 72 200 20 145 243 54 172 6 194 44 119 86 198 65 45 113
    223 255 198 63 90 25 90 224 9 94 81 70 225 252 80 236 29 32 132 4
    119 112 224 41 6 135 236 103 158 99 138 186 99 220 150 198 152 37 96
    242 100 145 70 231 193 129 160 229 58 85 55 209 77 27 17 154 33 64
    14 189 141 252 224 58 72 2 124 196 158 119 138 42 234 142 21 116 142
    191 242 227 53 6 19 236 144 87 59 80 167 253 138 6 255 215 107 131
    108 81 215 12 217 245 234 237 79 74 27 237 29 251 244 136 145 43 190
    224 52 3 197 7 252 27 171 129 112 83 14 71 194 112 33 215 108 230
    142 74 233 109 226 81 86 75 253 207 60 212 152 61 32 95 128 166 75
    101 104 202 22 140 42 126 252 58 135 239 213 54 116 197 104 211 111
    102 44 243 48 197 171 53 29 125 150 120 50 203 113 254 215 234 67
    216 175 142 30 192 184 151 39 201 66 65 205 123 31 60 143 248 214
    212 134 101 3 96 69 189 195 170 7 36 237 38 221 4 131 133 244 5 34
    82 35 147 37 182 72 148 160 18 17 35 247 193 9 30 118 81 46 24 137
    180 122 84 5 228 197 253 247 160 15 187 183 178 62 1 30 165 56 32 55
    25 168 221 130 27 25 70 160 19 142 254 50 82 125 251 104 54 213 234
    211 4 214 183 69 123 223 109 41 89 166 151 134 10 157 84 55 238 60 3
    186 168 22 234 72 89 12 161 103 62 186 172 220 27 237 132 180 91 172
    133 204 205 100 82 240 255 89 250 108 221 115 97 41 151 128 173 82
    34 18 203 104 149 104 124 86 231 96 151 247 105 13 26 43 4 21 35 183
    60 71 71 238 47 81 176 56 146 101 233 207 172 69 76 7 253 209 221 86
    249 188 53 249 88 18 177 145 36 131 84 224 30 168 39 37 205 149 123
    18 2 191 60 29 195 136 167 165 234 214 197 238 241 51 16 10 173 1
    146 208 245 39 175 167 208 100 215 64 208 147 49 198 225 237 41 9
    220 103 49 213 231 5 31 39 70 54 20 145 57 238 240 204 231 217 63
    146 97 253 87 150 45 122 29 199 9 164 67 104 255 190 96 18 219 106
    128 143 128 35 14 202 162 210 239 163 94 154 160 175 42 77 19 164
    167 83 61 55 129 44 243 220 138 182 5 205 211 199 8 170 205 179 91
    101 136 232 114 232 70 156 43 224 52 12 198 197 225 86 162 138 221
    59 24 75 98 101 235 167 214 237 86 195 119 170 222 185 4 66 84 87 0
    219 11 210 121 205 214 3 16 80 80 204 6 91 194 65 154 68 101 183 119
    204 38 165 250 132 182 191 72 90 58 156 184 167 209 92 115 235 211
    209 121 193 163 217 37 154 119 116 95 219 111 103 136 2 134 193 95
    170 252 37 3 34 204 226 10 170 179 56 81 107 42 22 11 155 19 93 104
    228 236 28 24 46 111 13 178 187 31 57 42 51 168 46 97 32 22 93 204
    69 128 78 203 25 121 211 123 54 201 100 104 95 68 29 90 211 228 49
    23 139 51 192 66 91 216 35 93 156 93 49 39 139 197 214 34 109 255
    254 213 245 208 88 142 142 236 21 124 231 112 81 164 150 180 4 243
    216 164 70 176 142 179 82 241 210 2 141 211 220 48 75 215 223 248 29
    112 215 27 17 16 63 7 17 205 219 50 141 120 25 243 238 194 161 204
    101 133 2 1 195 164 249 117 219 137 111 155 62 33 247 187 141 208
    126 190 63 159 147 28 103 154 148 37 174 242 146 210 123 8 218 122
    135 100 67 40 173 197 220 158 78 225 175 249 85 44 63 97 119 207 167
    109 196 102 95 226 91 135 9 81 42 243 160 44 119 9 62 210 22 92 165
    251 161 66 92 140 140 93 4 123 6 237 232 171 134 68 135 102 174 181
    118 164 34 208 35 254 43 0 189 142 113 65 121 83 80 177 68 68 168
    255 226 174 166 103 71 138 172 115 80 255 50 114 75 179 149 243 254
    175 97 158 176 111 151 66 175 70 1 192 16 161 6 44 178 65 172 37 166
    185 161 219 23 166 126 195 131 111 209 153 209 28 30 23 62 237 233
    176 177 35 143 232 192 67 130 92 70 37 14 139 55 160 230 60 137 169
    88 205 224 25 204 250 63 95 59 223 200 231 219 25 15 48 234 175 63
    29 128 228 180 238 103 93 75 159 63 211 227 9 31 17 145 28 192 207
    129 127 214 248 92 106 228 205 43 36 255 157 149 76 49 45 198 230
    107 158 138 136 2 177 203 116 124 200 78 89 162 7 98 220 124 97 64
    172 159 75 112 147 34 118 203 122 67 14 249 11 163 249 206 169 27 6
    89 15 133 59 38 84 245 204 31 159 49 160 101 157 218 105 72 241 154
    220 10 67 186 16 156 53 150 180 89 1 54 134 61 179 166 92 231 35 252
    203 135 42 109 113 5 163 189 170 36 36 172 101 14 82 33 245 65 142
    18 154 16 171 112 25 156 254 229 190 97 184 129 71 229 201 91 6 39
    209 91 139 40 191 59 58 176 99 61 179 74 65 187 254 233 4 150 204
    251 197 29 230 161 201 226 39 112 245 153 184 242 121 43 205 134 52
    108 249 113 202 120 26 108 48 175 250 77 58 209 46 3 215 194 161 51
    215 229 169 208 238 156 127 228 125 108 150 63 183 199 43 80 222 9
    164 187 239 127 153 143 219 203 62 178 210 233 110 29 26 80 72 178
    54 235 189 240 121 68 141 184 118 15 58 210 27 201 63 123 167 152
    196 236 185 218 83 23 23 42 252 71 115 140 104 14 44 17 129 60 21
    137 123 46 160 125 173 229 110 247 206 39 140 36 144 234 128 236 209
    172 159 116 158 5 216 50 1 226 149 105 80 19 206 221 204 8 152 2 52
    202 161 134 249 238 211 248 130 178 134 55 1 43 148 17 191 57 181 57
    96 230 23 126 239 248 155 20 45 134 115 100 69 216 117 74 248 234
    160 237 1 175 99 222 50 243 63 44 15 120 129 150 10 102 22 49 201
    138 190 242 52 1 46 58 72 217 115 167 207 77 176 200 222 199 76 85
    20 37 137 8 77 175 85 49 251 152 93 212 204 67 109 123 92 203 159 48
    234 238 54 85 72 170 70 61 191 207 246 178 132 155 103 211 98 136 55
    38 197 240 7 69 69 217 245 1 154 244 139 185 193 194 219 194 184 196
    82 50 83 251 139 95 167 142 226 79 104 107 196 251 234 171 68 71 238
    211 228 73 80 125 147 93 85 206 144 79 55 251 27 149 115 16 239 12
    110 36 152 249 17 194 164 41 245 87 180 131 59 26 188 8 217 40 186
    49 143 230 240 60 53 246 251 255 72 147 49 154 93 17 216 40 43 217
    144 26 122 138 212 78 18 125 163 163 167 67 160 33 58 31 52 87 65 59
    254 143 90 137 103 210 48 28 241 202 208 15 42 103 72 225 189 116
    101 239 75 146 20 67 155 71 251 35 203 70 179 156 14 155 58 170 222
    241 166 160 41 57 195 16 38 152 155 139 99 233 133 241 143 179 58 23
    19 216 33 62 32 104 21 47 240 156 58 250 186 86 179 189 135 14 248
    61 209 122 124 108 66 69 226 77 41 174 16 240 130 36 158 179 198 76
    21 1 131 62 109 170 39 1 187 50 230 39 157 2 192 57 93 179 214 101
    194 71 163 117 146 8 160 184 233 25 146 23 55 221 25 55 83 72 243
    246 57 159 84 36 179 22 97 123 31 21 218 126 211 106 245 252 114 114
    213 246 50 240 242 190 216 156 10 228 201 72 100 149 161 81 170 28
    71 151 181 155 219 117 221 108 8 196 29 165 26 63 130 93 32 61 1 93
    156 23 61 130 152 122 24 0 59 0 17 98 33 144 93 158 162 36 156 45 63
    238 179 183 5 58 229 151 88 254 194 101 210 163 237 204 244 180 254
    10 255 97 178 156 50 233 71 75 104 13 63 43 203 11 62 104 42 193 224
    201 169 180 230 107 36 33 59 96 241 109 158 16 77 154 84 206 238 101
    10 104 107 17 122 131 188 228 185 173 31 114 122 150 193 139 2 1 114
    249 143 244 219 139 31 15 64 47 94 74 154 230 93 3 189 55 220 169 48
    17 239 158 199 160 131 8 191 47 105 47 231 89 213 87 129 123 236 5
    158 36 235 96 78 23 249 208 225 221 235 39 131 186 8 35 142 83 107
    179 238 78 108 197 16 133 79 67 31 49 242 95 186 155 91 200 146 100
    157 32 159 190 66 22 254 123 20 191 159 61 216 11 75 13 179 1 109
    240 19 72 219 107 58 75 66 17 200 128 139 107 174 222 52 168 125 194
    73 201 176 205 247 250 79 100 186 131 108 171 225 100 58 165 108 133
    229 122 61 117 93 165 170 242 44 3 49 180 202 137 73 81 189 152 154
    228 105 108 113 180 141 53 224 44 65 45 37 234 244 55 119 204 26 137
    101 31 170 135 168 49 152 45 84 78 12 31 123 69 168 203 185 227 209
    102 188 224 71 55 98 69 176 198 157 237 112 38 152 244 155 126 202
    64 93 216 51 20 47 160 105 108 3 169 58 28 59 238 132 178 100 240 54
    69 120 10 213 168 221 44 5 18 133 103 168 122 231 243 208 77 52 95
    70 29 215 132 210 116 69 193 228 14 99 25 241 228 39 146 10 100 5 11
    138 156 22 96 229 110 17 192 84 150 25 190 78 205 14 107 133 10 131
    182 37 177 187 164 126 93 237 37 116 254 45 248 48 35 134 158 181
    241 82 42 128 162 250 39 241 173 44 163 251 177 22 20 111 180 183 34
    29 239 191 104 145 29 197 98 16 26 101 58 253 157 190 170 154 105
    110 148 8 158 159 81 54 251 64 30 16 137 32 193 174 251 140 120 76
    117 239 117 30 102 81 40 92 196 106 177 38 22 216 209 158 235 102
    178 253 152 130 156 124 177 134 9 190 39 47 219 49 223 52 173 208
    158 251 111 93 191 100 235 186 236 106 196 130 15 195 91 182 24 20
    132 163 8 29 172 89 139 170 123 147 154 90 242 140 184 105 107 69 33
    247 9 13 255 168 101 105 221 24 185 25 36 4 112 50 255 195 199 71 13
    70 67 131 79 15 134 63 73 210 226 30 64 11 191 161 251 145 131 21 75
    228 53 106 13 181 181 232 4 155 78 233 75 64 170 106 181 110 54 94
    133 169 234 184 73 29 208 227 92 125 188 1 81 126 101 204 170 73 110
    203 15 141 214 47 203 133 228 218 227 107 3 176 102 112 4 29 128 18
    173 59 46 105 141 236 101 86 99 153 39 255 136 104 2 67 93 55 106
    253 106 13 109 242 243 40 70 151 29 62 118 113 152 16 120 28 27 18
    138 78 177 130 165 46 209 193 185 193 140 72 224 190 227 228 32 103
    48 67 194 180 154 150 99 156 215 98 80 142 78 52 237 215 163 81 177
    35 243 122 255 199 6 100 240 104 150 62 125 63 132 80 197 6 44 62
    229 127 229 68 100 153 17 255 239 12 109 167 241 34 108 100 142 169
    102 113 220 40 232 204 252 52 250 100 213 41 251 164 74 101 83 152
    13 189 159 112 22 235 66 222 226 82 39 39 6 127 188 233 90 18 238 62
    98 0 52 29 139 32 82 133 229 161 81 190 66 116 111 49 34 69 28 77
    130 15 37 21 215 91 54 52 185 222 13 6 198 212 212 211 64 209 49 199
    243 141 8 88 135 25 49 215 243 73 97 202 142 181 223 242 108 93 37 2
    30 69 175 17 180 7 10 141 246 20 209 185 26 151 148 30 170 131 211
    187 107 103 171 86 114 212 40 125 90 228 217 185 202 68 86 97 161
    231 231 123 209 251 164 220 143 255 105 84 127 190 31 140 71 36 5
    251 86 82 149 8 226 155 65 155 169 68 201 196 210 9 143 185 97 76
    228 41 75 2 68 100 80 161 159 152 223 242 136 69 80 40 39 14 3 102
    60 97 72 149 69 56 30 67 117 246 174 144 124 196 5 144 161 242 6 226
    197 252 97 189 229 192 61 50 51 233 2 224 126 24 145 220 54 248 95
    170 224 192 233 255 188 80 15 129 185 171 63 237 35 11 147 219 45
    101 186 252 174 43 104 71 117 36 219 87 38 68 178 195 184 103 221
    127 201 91 207 33 73 118 13 77 225 25 5 44 128 36 76 82 91 196 70
    207 125 0 230 64 181 60 239 122 65 64 76 217 200 216 8 57 228 123 29
    146 40 180 122 176 93 63 255 251 161 1 127 232 250 253 147 133 140
    52 250 4 156 162 20 4 128 76 232 76 47 125 29 174 221 37 181 213 133
    159 242 120 34 17 34 118 93 206 155 102 81 71 85 150 30 116 88 66
    104 249 133 1 253 19 157 63 14 201 154 63 45 48 238 159 58 251 175
    12 109 150 99 43 218 166 48 222 136 10 38 232 225 38 125 246 42 221
    105 113 119 39 6 107 213 50 196 251 120 209 133 247 157 254 231 43
    192 149 48 31 61 183 162 6 122 137 121 125 227 210 94 242 127 212
    203 106 92 73 108 61 238 88 205 219 198 159 139 173 116 42 29 189
    208 191 100 37 152 2 176 215 4 190 139 133 109 226 20 182 100 112
    180 2 215 96 176 27 187 101 223 105 60 3 240 210 212 245 14 97 22 84
    95 63 61 81 198 182 209 205 160 40 97 61 140 149 119 191 123 77 122
    98 46 217 173 23 14 35 152 137 226 15 232 124 117 120 64 253 99 176
    4 73 103 86 87 240 77 212 250 123 47 48 233 151 50 191 136 248 201
    81 229 167 224 239 14 7 95 184 72 184 127 40 93 192 194 197 65 60 40
    160 83 31 164 92 122 244 65 207 87 169 250 77 166 120 171 184 99 11
    211 82 99 145 22 66 225 235 200 78 193 115 134 11 249 78 233 50 105
    123 27 233 183 12 2 4 166 155 20 62 220 64 188 134 119 242 198 98
    239 56 122 65 102 214 100 189 140 111 114 55 65 20 184 54 55 132 201
    124 61 79 153 212 85 205 166 168 15 13 0 198 204 168 73 35 60 143 92
    199 165 228 253 22 28 197 68 243 248 45 25 209 172 142 177 99 88 65
    52 22 235 70 164 200 238 196 52 143 12 142 90 201 162 196 74 2 31
    233 21 24 253 23 220 210 109 247 125 112 60 62 231 99 143 132 243 49
    111 59 216 167 1 134 47 134 195 167 175 51 11 58 217 165 44 124 194
    158 145 94 69 57 61 124 234 103 57 211 192 159 125 46 3 103 195 130
    199 100 74 27 62 145 167 233 234 121 111 214 121 112 170 15 58 70
    223 59 59 42 88 54 114 150 90 254 21 212 120 162 66 36 142 146 160
    56 94 43 14 19 18 159 94 44 147 158 30 251 74 177 184 63 50 98 128
    46 207 222 21 79 204 163 13 22 203 14 197 94 127 193 194 73 115 9
    151 52 104 198 97 121 187 78 35 84 136 42 141 238 210 74 5 114 111
    244 37 65 60 213 228 86 175 110 87 188 86 50 140 68 247 142 190 78
    111 228 252 125 49 243 228 195 47 162 56 252 142 207 117 240 45 86
    101 140 217 111 137 98 55 56 43 70 114 1 132 241 177 60 240 76 149
    23 64 95 113 192 230 241 225 227 155 223 150 89 41 252 125 228 2 12
    103 194 194 221 187 51 200 165 90 235 227 159 9 254 211 30 76 202
    200 6 42 75 172 112 167 95 182 61 84 32 121 175 179 179 191 66 1 8
    49 9 32 240 251 130 160 135 125 172 139 171 190 39 113 197 66 208
    229 246 79 42 56 116 233 247 106 35 224 249 22 235 240 199 255 177
    11 23 88 118 238 3 171 176 21 213 135 3 16 220 49 30 216 62 105 33
    147 195 217 213 114 183 182 58 61 41 130 88 199 190 250 65 255 106
    95 156 2 10 215 158 181 81 102 91 35 214 42 49 16 167 186 111 162 98
    131 88 84 252 124 230 104 137 247 36 111 188 232 155 171 61 32 35
    209 154 96 67 110 205 35 177 29 213 63 35 124 21 210 69 165 91 54
    132 248 49 224 216 254 64 82 56 104 167 41 227 14 99 147 36 219 225
    202 57 240 89 161 151 117 45 48 44 17 224 74 118 167 240 155 90 199
    206 246 75 86 137 113 108 205 134 95 138 242 97 120 134 21 55 81 223
    90 48 10 138 66 170 204 67 85 57 240 39 219 42 56 43 170 248 99 67
    179 145 208 86 143 114 228 144 165 82 154 14 179 56 25 251 174 141
    31 250 18 110 86 90 125 194 235 108 188 8 201 185 233 103 30 176 233
    234 222 161 98 88 173 185 225 97 9 151 231 188 164 73 150 50 204 108
    228 206 221 65 65 2 73 141 8 105 151 134 31 232 129 241 74 15 252 85
    41 220 41 51 182 237 62 105 124 227 201 115 84 220 110 26 35 87 125
    240 81 225 214 80 118 24 171 21 11 197 146 166 157 16 167 126 148
    202 29 94 253 89 190 231 223 132 195 66 99 54 160 211 136 89 101 196
    76 178 68 115 160 42 201 80 122 161 126 224 209 94 193 248 155 201
    89 38 188 188 214 238 149 141 212 22 231 80 84 46 83 14 145 49 74
    207 142 35 164 130 4 129 30 173 137 241 192 173 209 212 136 55 219
    18 146 149 225 187 190 86 222 228 132 235 45 11 115 78 75 229 70 202
    107 213 248 178 2 123 188 41 78 243 249 103 190 151 133 81 220 73
    124 165 2 145 156 35 61 209 40 48 43 65 14 99 14 164 10 66 130 40 92
    1 45 132 76 217 52 46 127 52 249 215 89 205 24 239 54 85 183 128 165
    112 66 29 233 174 148 227 229 139 41 67 6 105 196 210 247 76 228 25
    68 252 217 81 107 186 233 140 223 25 237 187 86 144 202 246 121 30
    33 133 225 82 44 169 247 75 64 158 75 80 185 169 145 156 52 79 183
    188 222 20 106 184 133 249 216 35 221 155 135 65 159 159 184 150 237
    81 157 216 162 6 79 160 54 242 146 54 1 152 38 124 245 48 117 91 90
    201 49 193 42 216 165 226 177 192 192 154 210 193 99 85 46 212 152
    162 37 220 37 142 130 56 100 212 167 90 154 111 25 205 36 242 245
    215 32 206 254 201 230 40 246 248 133 102 233 143 182 140 234 229
    138 158 235 43 96 181 109 104 80 87 164 78 59 124 35 2 194 88 53 213
    124 101 57 191 112 99 193 146 203 37 1 55 161 169 237 26 119 158 215
    225 225 28 26 150 188 240 143 228 209 145 138 135 57 142 224 25 7
    102 60 149 83 163 161 44 174 240 157 106 16 84 88 52 230 223 72 203
    104 56 203 59 139 90 121 83 56 247 241 90 15 139 200 135 207 39 126
    244 174 128 239 45 255 16 7 146 85 171 37 211 4 145 64 224 23 252 86
    23 8 209 1 184 246 77 130 43 190 127 54 73 217 120 122 153 246 143
    234 151 50 103 52 247 233 54 147 84 155 57 11 103 51 191 223 4 109
    148 39 145 110 233 126 29 251 240 14 202 149 186 37 62 30 106 60 11
    65 175 11 55 142 74 31 207 126 198 96 79 250 19 102 56 149 221 53 21
    29 33 39 191 64 241 9 236 40 105 204 40 10 167 98 42 90 132 121 193
    2 10 46 120 12 202 198 161 253 227 100 255 31 97 63 206 181 193 82
    119 140 7 176 117 167 38 245 154 175 194 190 152 143 35 18 196 57 79
    197 136 254 65 129 26 36 208 180 215 102 213 29 140 145 90 247 39
    242 52 62 129 134 44 55 185 213 210 173 212 175 234 88 117 35 229
    136 15 0 174 93 73 173 66 3 249 193 108 161 68 69 179 84 200 84 15
    43 205 75 189 139 146 192 233 18 200 246 9 126 53 29 98 84 90 127
    100 63 154 184 38 48 165 209 69 182 111 110 25 189 32 2 197 158 166
    234 134 83 72 215 206 175 106 78 192 230 156 246 103 8 168 100 149
    56 78 178 65 137 54 221 149 108 28 39 202 119 72 108 53 4 203 145
    215 172 154 254 214 170 43 33 93 80 84 128 182 158 108 157 91 9 218
    2 241 194 47 124 61 190 83 198 7 10 71 131 231 84 178 153 2 249 242
    35 173 80 82 42 176 85 217 17 169 161 250 125 0 162 52 106 6 82 222
    216 54 207 222 216 46 12 109 195 68 207 151 47 230 107 83 48 140 2
    189 177 56 5 175 120 238 248 253 154 29 50 201 140 191 149 172 81
    253 122 45 89 5 15 205 189 8 169 134 151 193 87 166 15 13 9 222 19
    131 102 140 133 54 174 161 184 162 196 122 109 80 172 190 199 46 181
    239 219 236 9 114 50 209 83 165 248 91 16 57 239 161 142 16 137 186
    88 103 187 138 95 9 212 71 158 0 209 170 56 82 240 251 77 162 155
    232 68 79 26 195 45 194 250 14 129 200 39 173 167 89 93 132 138 127
    83 197 108 142 230 146 169 19 3 82 37 217 195 129 250 19 66 102 134
    81 170 36 105 86 81 143 45 14 253 44 238 60 107 62 182 180 242 162
    172 200 174 62 141 210 197 170 44 152 162 209 112 226 160 201 232
    147 179 28 6 71 212 122 209 42 17 74 186 141 197 0 160 111 31 198
    118 206 132 94 33 53 49 236 140 229 62 168 108 66 184 231 41 243 156
    234 240 58 245 75 84 64 241 177 29 95 161 189 169 179 198 252 209
    167 183 93 231 117 160 104 13 15 151 74 177 247 96 6 135 238 118 116
    142 10 76 12 242 96 239 124 38 21 82 203 164 90 227 44 193 210 116
    160 170 59 23 115 162 249 105 117 95 103 38 96 12 131 182 133 66 197
    255 10 45 37 46 84 13 91 235 234 113 33 60 131 108 44 229 247 47 63
    248 92 44 9 22 167 253 225 99 72 213 98 149 203 213 234 171 169 150
    171 93 4 78 68 118 147 3 168 118 226 112 206 87 139 243 101 110 143
    255 132 169 81 98 69 229 12 251 12 24 125 110 223 59 150 47 138 30
    11 36 198 225 89 23 0 22 128 46 223 182 39 218 136 250 61 23 164 222
    82 27 91 234 59 222 51 100 220 200 190 180 105 251 111 198 143 0 182
    84 120 240 241 28 203 22 31 113 159 240 13 209 180 3 108 59 113 5
    172 43 147 67 65 67 62 242 52 17 247 80 57 20 2 60 5 58 113 166 131
    18 72 163 148 72 157 87 159 81 248 25 32 189 90 126 122 192 189 170
    49 227 101 21 33 236 119 67 188 252 222 43 181 116 35 134 193 111
    154 46 56 144 210 133 124 112 248 146 37 119 125 33 106 7 154 140
    101 30 114 178 109 70 105 245 210 163 54 230 71 92 37 206 252 254
    219 220 47 166 30 92 112 121 51 183 140 142 221 203 167 239 226 10 3
    14 85 183 87 63 9 115 212 232 11 162 108 133 58 11 101 163 153 36
    242 233 238 240 181 159 217 243 181 86 113 62 175 149 247 223 226
    199 44 25 105 130 217 70 128 80 46 202 69 230 36 227 75 155 135 107
    246 14 19 96 6 182 87 134 150 174 117 35 193 15 77 174 89 9 252 150
    34 152 98 139 210 162 118 133 197 152 113 32 66 32 107 36 21 221 92
    217 133 141 155 74 80 190 80 144 94 137 201 122 189 171 18 38 143
    112 185 135 72 54 226 99 255 54 41 1 220 162 125 237 118 167 39 18
    45 176 165 119 197 49 72 196 109 67 146 33 45 83 243 205 15 168 76
    85 184 20 100 165 220 88 235 213 71 116 20 253 136 245 173 0 231 169
    161 110 245 168 134 111 191 89 44 198 108 111 151 110 190 38 193 173
    106 19 135 127 109 227 92 87 165 119 17 97 108 25 70 42 250 182 70 2
    0 52 10 208 138 25 183 224 194 194 186 88 81 166 67 104 32 183 239
    247 90 225 41 217 212 56 92 67 234 139 86 122 243 249 100 159 169
    222 9 168 65 87 166 127 174 182 47 100 165 44 29 94 235 148 41 43 5
    67 79 109 100 133 25 108 160 187 48 53 147 177 169 129 19 42 14 255
    176 124 60 177 203 206 57 119 45 16 14 59 113 142 126 197 100 130 26
    103 114 68 149 253 46 248 85 77 241 223 142 221 234 96 124 199 245
    139 197 68 62 25 148 159 58 93 126 10 231 13 2 3 127 227 122 39 25
    188 242 23 225 214 168 118 2 124 73 222 178 143 98 1 43 173 199 207
    173 55 177 156 9 246 131 188 133 145 118 65 243 161 113 199 248 94
    89 62 179 20 167 95 22 153 172 74 154 129 170 66 86 80 23 232 169 20
    202 106 244 54 137 0 152 182 54 99 38 249 172 56 56 255 170 155 11
    58 30 123 250 183 73 7 17 162 240 184 218 31 83 169 72 116 141 124
    162 214 104 147 249 231 190 135 123 106 99 254 6 71 247 65 69 100 73
    117 224 123 151 187 82 154 174 214 15 240 150 8 28 123 154 32 31 252
    220 119 26 144 96 87 3 113 33 220 72 193 122 148 175 75 185 107 187
    80 142 149 230 165 66 79 19 83 99 19 134 200 138 81 168 172 190 22
    133 89 162 44 46 71 191 124 189 229 153 23 172 64 86 138 72 249 151
    99 53 100 52 72 126 75 107 118 211 78 105 8 152 240 90 78 120 71 40
    184 116 178 185 231 236 114 100 218 113 6 39 41 245 85 154 148 86 25
    120 36 26 142 193 250 57 251 70 241 135 115 29 222 117 57 5 49 171 4
    155 66 152 130 122 138 96 140 72 109 252 147 7 101 247 146 131 213
    245 157 186 13 237 62 183 186 132 75 33 74 114 191 12 240 123 44 121
    35 70 23 252 65 95 38 121 189 210 201 239 249 125 95 212 80 26 64 90
    211 14 79 24 109 159 67 235 122 252 176 66 222 205 182 66 158 220 14
    71 103 84 121 33 229 30 162 12 133 151 24 195 232 136 137 79 96 50
    153 121 255 5 56 177 129 93 45 142 50 177 135 191 180 104 0 138 46
    147 136 106 184 26 101 72 152 226 222 39 182 128 241 9 230 51 169
    235 243 99 236 66 148 36 54 237 172 60 148 213 63 18 156 31 89 144
    196 235 202 19 14 22 80 176 138 193 75 236 172 42 189 130 69 20 92
    72 43 26 50 195 248 196 211 94 226 119 194 15 114 182 135 158 139
    129 49 18 231 137 247 253 189 46 125 111 37 154 192 82 170 52 90 234
    97 223 248 255 171 166 59 18 91 29 22 108 192 163 74 57 50 213 77
    207 30 40 89 81 15 230 103 96 221 76 154 102 94 253 159 13 205 33
    220 52 26 246 84 40 98 2 38 98 192 72 162 53 34 55 230 32 126 203
    176 5 183 215 130 219 253 223 21 144 250 177 153 34 226 127 19 82
    116 218 98 73 248 154 122 138 8 229 233 124 47 26 246 247 152 182
    111 78 204 184 213 99 178 192 19 243 49 32 232 94 125 135 74 201 233
    0 26 123 146 46 231 145 156 243 87 119 140 237 132 77 72 44 61 248
    163 138 103 75 91 45 126 243 131 240 251 232 78 148 53 140 46 182
    145 35 230 134 109 170 23 46 138 40 120 255 37 74 7 73 31 221 203
    186 22 197 235 219 129 243 250 73 18 65 250 169 250 237 27 38 38 127
    121 175 164 39 57 22 94 30 21 68 189 104 64 114 86 127 141 127 224
    234 185 200 70 117 232 5 174 117 78 143 230 138 31 124 188 220 131
    149 175 157 36 192 247 152 118 145 192 138 229 50 38 148 238 115 20
    116 81 65 221 24 106 110 102 132 124 205 229 188 60 254 88 113 10
    135 188 63 111 107 246 190 53 138 75 247 170 229 158 243 202 31 170
    27 188 156 228 77 182 123 162 64 87 248 130 105 60 193 61 105 249
    192 56 18 214 182 44 196 81 100 201 84 47 34 212 23 98 154 74 59 94
    85 215 47 135 163 13 112 121 11 99 219 217 50 190 86 215 44 61 129 6
    161 193 89 186 223 162 80 162 120 177 184 87 28 165 198 99 104 235
    144 206 127 142 11 44 151 55 31 18 212 170 150 232 211 98 177 213
    202 1 158 141 244 240 203 146 240 231 133 207 199 201 86 6 180 241
    161 8 81 178 61 216 129 79 172 176 159 77 234 227 252 48 159 80 224
    199 48 193 146 156 129 231 19 171 225 221 225 233 36 82 229 179 107
    217 97 175 201 145 174 136 104 164 187 27 34 153 11 96 129 198 238
    246 101 168 249 42 138 23 47 114 151 200 147 80 119 31 59 96 131 93
    230 243 96 106 183 229 99 214 112 1 238 56 112 58 80 238 93 66 128
    110 47 73 168 62 113 165 152 124 247 179 130 81 176 70 79 197 234
    159 201 145 118 100 163 116 140 250 164 84 32 24 229 212 80 25 60 43
    61 147 69 119 108 68 152 14 31 95 165 94 157 211 6 37 152 158 132
    157 241 193 210 219 160 64 74 226 10 0 111 74 209 212 63 99 81 25
    104 175 111 185 8 47 87 114 118 10 98 53 221 207 202 81 140 199 117
    19 100 169 137 89 187 52 93 94 235 231 224 51 181 152 207 22 41 175
    3 75 115 116 23 68 27 42 254 19 251 170 226 216 224 234 22 213 237
    168 249 248 211 11 246 62 167 144 139 222 227 45 139 72 113 226 217
    178 47 86 60 183 3 231 175 232 88 1 162 144 138 26 37 195 132 40 237
    188 126 228 166 173 160 45 24 85 219 84 91 143 160 127 203 71 100
    213 177 115 102 236 178 243 58 154 179 35 151 32 64 234 81 127 227
    98 36 108 54 135 253 4 179 48 89 60 77 247 52 66 123 200 44 192 6 26
    192 145 209 77 102 237 9 13 220 1 194 224 15 255 20 112 21 92 25 166
    112 207 116 185 20 28 106 152 59 233 195 249 149 117 42 166 154 216
    255 34 169 74 202 109 240 201 77 190 245 218 168 32 247 198 26 134
    244 244 113 246 191 18 69 220 37 3 239 228 210 226 65 211 163 76 248
    218 11 42 79 36 126 167 101 221 46 243 245 96 185 149 169 37 217 169
    19 124 211 41 96 156 159 0 45 119 228 99 196 213 176 45 250 52 173 7
    12 95 21 174 98 12 253 27 131 48 154 152 55 160 41 138 32 175 25 200
    39 192 148 94 233 3 194 11 115 199 37 135 147 32 79 108 138 46 235
    195 82 168 44 39 246 160 0 103 209 97 204 86 25 194 32 92 157 188
    169 148 222 160 139 78 173 96 117 71 89 100 182 221 169 189 32 97
    121 90 54 176 24 24 19 193 33 130 216 197 6 38 33 46 31 137 84 138
    13 225 176 11 170 246 71 92 182 159 95 222 121 47 198 161 2 88 132
    180 109 66 146 112 236 166 70 149 29 89 141 72 250 25 224 21 243 150
    173 95 69 98 43 129 169 96 117 54 115 36 208 131 22 23 86 57 99 175
    134 6 154 187 12 160 151 249 69 142 176 27 158 237 237 40 41 71 235
    64 46 67 125 232 191 105 37 221 79 232 206 10 75 160 207 249 20 98 9
    50 206 142 118 10 187 184 18 39 223 249 85 108 100 207 193 38 10 227
    111 201 253 21 55 216 74 247 64 4 102 45 12 167 46 53 66 60 102 6
    118 61 28 193 158 168 29 237 94 220 130 5 14 103 102 3 94 147 164
    173 5 39 217 196 162 226 47 197 185 155 68 173 217 214 164 150 64
    173 242 96 123 129 79 215 222 184 117 139 248 103 131 88 180 138 155
    163 85 62 216 98 67 127 31 202 117 215 200 172 205 56 246 140 1 216
    149 243 49 65 83 31 72 248 186 218 147 243 105 209 229 165 157 84 0
    136 189 187 62 252 12 107 114 236 93 13 109 104 248 223 153 135 223
    39 235 144 2 112 250 244 163 214 30 120 72 176 225 69 206 88 48 152
    101 18 177 82 192 75 119 167 227 56 100 161 101 10 44 154 40 132 25
    17 30 120 115 100 24 63 237 67 148 122 251 142 145 172 132 162 157
    214 64 34 213 221 194 239 111 84 8 202 242 93 203 84 118 89 190 71
    121 34 76 16 254 77 167 13 92 16 2 141 154 172 73 130 236 53 67 199
    246 0 230 41 122 158 31 227 130 143 44 114 64 191 121 206 169 168 46
    165 183 2 220 128 237 249 219 176 226 116 134 144 128 219 146 3 60
    29 69 127 130 127 60 8 165 184 20 132 11 171 206 124 128 182 1 12
    216 189 43 132 77 148 236 23 209 171 181 3 79 165 44 62 173 235 181
    235 240 192 28 99 165 242 94 221 198 174 66 76 206 48 150 109 70 13
    99 57 95 56 127 10 38 27 204 186 118 153 0 195 103 155 140 162 71
    196 8 125 207 149 88 249 194 90 149 222 248 31 120 171 122 244 237
    28 163 142 35 39 245 73 183 101 164 197 1 140 130 227 126 13 37 139
    178 13 75 2 250 183 246 114 100 36 136 95 83 145 123 165 245 80 23
    200 200 150 251 185 99 93 99 44 206 181 181 192 36 4 37 69 205 212
    199 163 225 145 153 230 122 217 154 226 23 139 202 80 91 114 26 218
    102 224 254 89 167 213 85 241 115 31 88 82 245 155 238 90 149 152
    198 220 205 63 156 169 27 211 80 46 239 12 234 208 167 178 223 143
    121 6 131 170 130 96 234 175 143 49 209 215 208 216 29 185 28 0 123
    114 24 149 63 228 154 155 15 225 102 190 4 44 163 186 41 19 4 210
    154 227 164 235 212 100 3 247 131 1 206 10 50 43 103 77 76 68 132 7
    38 43 87 43 27 96 187 220 18 95 40 14 80 217 209 213 163 10 167 137
    64 175 24 79 43 128 248 72 33 34 142 114 214 229 161 21 184 202 244
    194 13 69 55 128 142 35 29 181 165 151 42 36 33 206 138 187 171 7 84
    214 20 85 49 31 207 135 150 107 183 222 150 124 97 239 98 181 178
    153 251 87 114 90 193 178 107 36 231 200 137 95 201 135 61 96 88 43
    6 13 91 41 252 44 26 2 222 167 137 142 129 73 247 46 174 103 13 16 8
    135 251 16 67 84 148 249 229 18 86 209 161 201 11 231 195 90 13 247
    59 149 168 238 24 193 98 85 83 59 222 50 164 57 217 65 63 142 118
    212 59 169 255 110 122 226 250 207 145 46 11 125 68 111 207 236 229
    111 31 51 102 132 126 110 230 186 209 212 32 43 56 165 65 238 30 152
    15 196 142 33 220 22 154 224 164 149 138 61 93 39 113 140 131 254 52
    66 110 254 235 38 131 53 226 53 187 1 131 206 168 221 14 132 95 172
    230 252 48 146 27 9 120 91 170 115 158 241 99 49 116 54 99 138 77 9
    96 188 182 132 126 231 161 62 185 167 140 151 143 114 158 11 80 143
    164 6 152 232 205 181 214 237 214 62 177 137 85 26 134 153 21 179
    220 51 186 10 235 94 33 254 100 160 62 227 98 48 132 103 137 185 90
    222 205 234 99 138 24 101 198 67 136 74 243 5 75 123 132 170 78 251
    20 234 14 139 141 79 185 33 190 131 140 173 35 126 229 186 182 142
    166 167 22 142 184 25 246 235 36 74 160 129 44 167 155 16 36 236 65
    25 22 12 220 135 157 24 45 201 141 124 169 246 71 228 145 47 146 163
    164 43 40 246 190 62 108 98 209 202 243 35 170 250 212 111 6 156 244
    61 190 109 208 165 188 17 107 98 25 94 25 94 149 111 248 59 160 218
    197 147 175 239 205 80 125 76 25 223 4 214 175 184 202 167 245 153
    241 189 73 177 250 183 240 60 130 51 254 154 31 146 239 51 161 84
    203 64 229 130 167 39 9 177 89 161 184 125 162 108 47 232 181 225
    164 142 206 62 108 26 119 42 137 115 90 21 176 99 27 32 82 222 163
    245 239 224 176 60 17 200 233 150 148 196 137 60 131 193 42 247 224
    171 114 242 91 245 192 12 20 229 235 146 228 196 23 195 183 195 166
    178 54 191 107 167 221 35 175 64 40 179 114 207 110 38 85 139 86 133
    108 45 115 116 20 101 241 101 46 24 93 6 144 211 41 38 108 182 14 65
    58 220 180 228 198 100 151 129 17 88 100 22 175 195 211 79 130 18
    186 200 164 232 211 151 200 119 64 196 18 231 73 102 136 8 252 158
    236 216 205 233 3 67 45 89 95 21 37 69 69 128 145 171 70 189 81 164
    45 230 252 17 206 67 79 93 58 195 116 157 142 242 208 227 82 125 152
    141 188 110 132 164 14 208 145 141 15 146 34 78 203 208 206 110 41
    127 140 164 162 156 52 49 192 157 15 96 57 144 148 204 13 151 193
    132 238 128 143 151 161 124 197 53 36 173 128 175 139 80 252 77 185
    2 102 195 132 99 48 68 126 35 87 123 158 223 66 146 183 202 147 34
    210 175 8 58 85 208 138 118 60 203 46 37 48 248 35 35 169 203 64 0
    123 219 244 9 37 249 244 63 45 182 173 109 37 172 84 33 28 121 87
    171 151 214 118 147 9 241 240 116 136 136 214 86 90 75 12 38 44 20
    250 76 118 34 75 115 121 77 242 164 52 39 1 222 134 54 244 195 98 9
    226 42 143 93 152 19 229 139 232 103 168 122 138 85 131 196 242 56
    29 171 170 178 71 46 51 102 169 214 159 161 145 160 243 14 123 53 6
    101 24 95 177 184 91 6 147 215 199 255 177 178 131 193 226 91 215
    230 54 124 55 149 109 133 87 10 249 15 138 62 134 67 224 5 225 176
    126 159 170 161 107 190 223 71 57 35 123 118 144 247 39 104 227 251
    160 101 211 33 144 131 49 9 48 254 12 131 17 188 136 59 206 244 85
    115 235 109 116 199 27 0 187 245 90 159 103 218 180 7 28 240 102 95
    41 81 61 199 114 94 98 140 63 130 160 245 121 129 70 72 110 41 202
    25 10 91 19 56 65 167 110 221 48 78 96 200 204 163 137 166 239 50 59
    109 81 253 81 219 85 157 5 127 191 191 168 6 103 62 236 55 226 100
    42 181 13 12 132 114 194 108 178 200 13 140 209 249 107 10 42 157 18
    164 65 144 242 2 217 109 92 2 15 236 89 25 169 37 200 101 56 55 142
    117 77 232 99 208 250 186 174 251 3 94 188 100 159 107 131 198 157
    29 145 121 136 86 66 0 191 167 104 43 183 190 54 123 51 90 5 93 227
    201 31 198 141 227 97 249 142 68 165 240 142 43 190 176 187 77 147
    163 173 87 57 79 152 135 87 15 163 62 22 94 51 19 21 168 139 81 9 52
    62 249 24 255 215 159 190 96 115 94 173 139 235 215 43 132 97 217
    125 112 226 51 5 7 232 49 248 106 82 114 229 55 3 26 21 228 244 74
    211 150 41 52 118 73 144 237 34 181 170 170 232 210 115 24 147 150
    173 11 6 253 229 35 87 66 162 119 0 237 54 42 123 17 207 170 63 233
    13 94 111 93 226 33 27 87 127 190 98 134 41 104 63 173 111 219 41 38
    223 209 207 221 90 111 42 219 200 102 246 102 235 187 30 47 57 106
    140 4 17 162 72 4 226 14 27 160 92 103 149 85 156 120 180 73 26 247
    18 205 200 201 43 159 50 96 211 85 201 236 28 207 67 0 100 151 63 57
    86 87 229 245 208 114 105 81 77 251 39 165 174 231 163 168 250 246
    248 44 201 221 74 164 199 182 196 214 156 77 168 216 168 26 62 150
    252 178 44 4 20 207 171 48 202 40 195 177 155 51 78 83 94 8 137 6 36
    16 129 175 195 235 122 163 233 26 39 131 254 182 205 52 91 187 125
    53 226 222 246 44 247 38 83 55 183 84 180 91 195 84 125 168 138 31
    151 41 136 187 114 39 38 158 205 247 166 201 203 19 41 159 23 245
    194 100 194 171 101 135 248 139 216 49 123 100 234 229 249 156 158
    178 178 107 33 9 41 237 247 229 176 193 87 250 154 191 165 192 25 10
    59 233 233 84 45 96 165 93 29 201 17 50 59 119 106 198 225 25 87 156
    65 74 48 225 135 32 52 78 54 4 53 218 180 232 210 171 147 22 32 190
    141 151 199 114 212 155 120 71 159 216 114 151 128 124 177 240 180
    30 113 64 112 88 254 26 228 78 48 236 157 85 174 76 210 86 151 120
    182 121 134 84 29 155 12 7 214 121 148 188 116 121 106 27 14 34 139
    57 4 174 162 25 166 96 111 212 3 234 111 16 87 204 155 56 0 29 117
    23 50 20 175 142 241 98 179 198 67 0 241 125 124 230 175 215 33 156
    165 197 77 171 31 249 122 215 23 122 227 245 220 37 183 183 250 206
    96 96 151 173 127 5 133 210 188 244 232 180 217 64 39 78 226 235 113
    24 140 253 18 75 121 117 243 99 17 94 132 119 12 217 167 218 104 241
    87 241 57 100 107 108 26 233 3 144 123 10 213 25 77 108 76 173 149
    201 221 170 150 112 86 13 212 145 133 157 200 184 183 30 229 245 154
    17 13 192 73 22 170 1 108 80 118 197 79 23 234 227 128 248 20 114 93
    106 110 149 170 174 245 60 170 135 226 160 228 35 67 49 82 220 159
    52 142 142 101 184 174 96 18 82 58 27 189 93 51 158 198 253 43 79 99
    106 254 247 42 169 55 118 65 184 105 102 218 134 4 165 166 88 73 245
    19 231 4 51 145 41 22 23 119 20 25 93 77 1 145 189 5 45 101 191 122
    26 107 62 83 158 11 73 102 126 162 243 122 185 41 141 117 42 163 103
    34 71 121 121 181 167 28 123 210 28 80 247 89 148 86 163 202 14 122
    134 26 3 151 102 104 183 230 221 235 19 4 42 123 27 224 157 92 254
    100 233 113 181 11 126 249 105 194 116 37 252 20 133 31 104 168 166
    32 86 134 203 9 38 10 186 149 127 174 10 36 128 58 88 20 158 14 133
    114 109 46 118 170 119 56 114 208 167 235 225 34 250 12 48 75 38 175
    62 8 248 179 113 195 250 179 16 45 180 64 77 112 238 121 9 187 111
    114 254 246 37 227 225 114 122 213 72 133 217 202 211 135 197 102 94
    218 223 0 160 175 251 202 56 207 248 123 202 212 120 19 212 40 240 2
    177 116 57 124 180 99 199 68 70 236 26 45 0 125 88 100 247 33 137 18
    87 106 149 198 56 60 88 15 205 236 21 139 255 205 194 214 144 86 230
    249 53 246 42 116 75 33 68 8 246 175 164 245 211 13 9 238 67 128 212
    137 84 161 55 239 39 198 227 116 12 242 24 26 181 177 225 76 202 144
    99 117 84 115 37 179 118 130 145 174 219 93 229 47 73 139 110 124
    192 186 151 201 198 113 15 251 250 234 208 90 234 251 2 78 83 53 48
    58 51 99 148 189 6 181 34 212 49 21 173 201 228 236 185 76 14 9 141
    213 121 225 219 246 210 26 165 48 63 100 226 184 229 68 73 168 76 88
    37 104 217 124 127 128 127 194 167 168 254 7 161 216 223 208 111 103
    228 8 23 137 201 115 192 183 43 131 178 85 76 176 119 3 32 110 168
    193 213 123 103 208 95 83 36 182 196 216 33 128 212 141 2 1 45 10 95
    202 44 134 179 194 65 111 248 112 6 155 135 146 219 4 70 142 203 135
    153 138 232 221 110 164 14 6 173 60 220 169 65 0 132 90 59 143 247
    65 14 179 90 15 191 144 51 141 46 47 226 42 86 140 83 218 81 121 72
    217 35 15 101 170 202 34 30 49 89 145 147 119 153 115 129 233 91 63
    94 77 188 227 2 26 217 14 121 152 222 188 24 190 213 65 126 28 235
    249 37 52 13 2 152 253 34 207 127 252 212 73 96 41 21 52 86 90 12
    174 204 46 22 81 219 199 241 139 184 16 66 157 112 175 8 150 171 26
    62 125 209 187 79 178 188 85 161 246 229 113 162 236 30 94 232 222 8
    61 83 176 233 198 250 176 237 43 11 59 35 33 94 179 131 69 92 177
    198 249 168 77 102 161 232 84 149 172 233 26 70 191 223 141 215 147
    8 14 165 205 254 16 53 160 177 180 145 205 106 149 123 235 146 225 9
    58 247 76 230 237 14 120 211 203 209 28 212 191 93 71 132 218 246
    187 171 18 214 185 213 137 239 1 252 38 73 173 17 130 211 200 120
    109 200 197 111 78 112 47 58 32 212 221 61 59 6 255 159 83 70 226
    203 239 131 156 201 6 68 169 44 144 133 230 132 117 240 102 224 26
    221 173 152 27 250 76 166 26 114 109 140 150 66 16 181 168 103 121
    151 30 154 192 207 17 189 100 41 189 251 177 91 89 195 244 156 159
    44 237 108 105 53 218 148 214 108 165 121 99 65 143 98 19 55 53 181
    120 174 160 253 61 164 255 234 16 119 117 131 143 173 115 64 178 108
    78 254 125 26 103 177 221 80 163 96 77 110 17 153 236 57 255 210 148
    80 225 102 85 224 253 39 162 97 90 174 153 78 239 224 64 247 119 141
    142 238 44 158 83 122 35 92 152 145 128 109 209 166 20 109 54 1 240
    46 255 241 232 171 91 49 244 143 210 89 185 2 206 236 63 223 186 37
    105 74 197 155 245 226 232 141 120 78 54 100 196 55 156 3 207 101 20
    136 243 65 156 205 200 0 94 156 179 168 147 46 97 152 176 111 147 10
    221 76 7 254 52 234 166 203 144 58 57 122 96 25 206 150 218 209 2 77
    41 128 38 128 98 169 213 113 9 139 60 46 16 21 188 149 26 28 68 113
    162 110 32 111 34 255 192 121 122 12 85 137 134 199 60 249 97 2 175
    172 117 50 81 236 192 131 238 11 202 145 173 5 215 211 112 244 138
    248 190 157 241 230 146 202 54 72 83 159 91 44 232 71 165 13 30 69
    95 16 201 203 16 155 150 9 206 123 102 12 10 198 223 46 88 244 207
    214 125 246 185 94 223 156 167 46 233 248 242 162 94 193 84 122 163
    161 60 210 224 190 157 206 151 223 248 215 144 26 181 196 7 76 55
    147 173 211 8 95 249 48 137 94 186 73 187 96 11 31 70 229 93 218 64
    188 169 49 50 34 239 187 78 102 7 220 186 90 74 232 81 31 33 45 57
    24 152 160 45 64 25 113 200 3 156 45 244 244 114 57 60 92 126 135 40
    101 20 51 110 97 38 10 19 192 199 248 127 139 153 173 111 171 113
    118 108 90 101 246 23 190 92 37 195 131 186 81 12 167 117 203 161 22
    103 125 200 127 178 18 159 64 54 110 41 144 94 74 49 85 104 22 157
    76 50 240 1 84 245 221 143 222 60 24 54 157 223 160 18 254 82 218 68
    88 237 49 173 51 218 40 254 53 127 122 124 213 248 123 216 219 148
    50 115 223 52 93 171 238 211 172 55 192 10 116 96 225 225 237 127 19
    34 140 233 152 205 97 151 201 100 53 119 168 229 82 102 117 46 254
    197 9 180 233 49 130 198 246 25 80 201 204 108 52 75 183 149 138 95
    139 6 70 188 136 235 30 16 185 63 85 3 63 250 33 15 118 140 214 91
    64 200 105 126 230 39 97 121 234 71 105 108 169 121 54 203 30 241
    228 18 14 28 161 113 200 249 232 71 153 79 26 142 27 199 49 206 157
    228 98 255 9 236 219 90 246 188 188 94 139 15 24 217 149 168 6 160
    201 68 164 122 183 125 169 145 168 46 51 235 105 13 163 195 227 242
    120 155 172 171 58 68 238 226 197 208 112 162 56 89 174 13 11 167
    157 199 15 17 187 148 110 158 42 163 102 198 58 248 19 226 88 174
    112 148 73 42 182 98 232 203 96 253 11 153 115 162 207 189 28 84 165
    172 255 65 240 56 236 25 20 16 79 32 26 159 93 68 140 220 233 86 22
    97 44 254 176 95 249 159 46 186 136 178 193 64 202 213 158 211 144
    37 99 60 177 108 12 63 17 178 162 182 104 45 138 148 66 211 167 218
    9 106 137 238 230 87 159 25 207 143 33 248 93 51 152 245 53 44 186
    69 254 116 145 223 138 106 12 26 4 204 113 146 128 254 149 232 76
    241 201 70 105 182 114 191 241 227 129 183 107 162 46 176 245 253
    233 60 141 119 125 96 174 245 230 136 209 82 107 13 248 178 104 101
    133 48 88 203 145 221 70 55 10 131 82 84 220 82 246 88 119 32 147
    145 244 240 218 48 130 88 242 204 72 237 15 161 123 161 215 94 231
    46 83 153 55 138 52 215 95 55 184 153 203 21 173 183 96 224 53 182
    132 11 157 221 69 206 195 201 60 192 76 12 106 91 194 91 4 246 244
    249 10 41 172 66 180 170 113 234 243 144 103 192 136 204 62 136 168
    141 152 107 222 18 52 83 18 4 77 128 252 42 178 140 96 130 3 150 171
    167 157 213 225 56 141 204 168 218 7 97 142 247 144 41 216 55 111
    137 3 113 103 135 193 88 193 135 220 214 172 101 173 99 160 83 198
    104 251 204 30 191 40 37 216 95 168 20 253 242 212 229 40 143 148 76
    71 67 225 74 165 246 140 170 6 53 27 0 216 45 110 8 139 180 74 120
    55 161 30 181 248 184 185 84 121 166 115 150 102 49 213 27 236 169
    109 18 79 83 16 173 208 154 42 45 205 38 139 126 241 63 176 17 52
    213 161 136 49 143 184 212 35 38 35 232 204 124 3 194 95 75 181 36
    135 25 191 219 27 236 39 176 211 51 154 105 242 233 207 149 118 65
    141 170 94 179 37 71 213 109 91 53 227 204 116 21 105 146 102 137
    161 201 69 221 133 134 143 189 77 21 238 177 251 149 78 147 222 159
    97 226 75 179 29 143 104 162 122 182 110 197 248 207 103 60 23 43
    247 174 73 26 142 136 28 6 89 35 92 138 38 244 24 250 237 191 233
    214 172 63 51 144 81 169 91 143 63 74 211 186 129 142 124 218 61 102
    227 114 157 88 77 130 150 234 85 86 38 93 88 34 73 241 139 147 31
    195 11 28 122 182 159 64 137 165 6 125 110 43 168 39 170 161 172 78
    113 202 141 116 242 82 237 248 141 11 237 202 145 133 208 249 178 44
    67 129 79 113 246 104 237 14 60 79 72 247 57 252 180 77 114 44 110
    64 102 100 230 202 20 13 104 201 60 173 204 119 138 163 15 90 238
    178 252 243 106 122 248 48 15 253 186 189 69 134 88 183 67 13 89 0
    105 149 227 80 0 204 216 168 10 120 204 241 176 98 154 98 7 222 251
    65 5 91 10 198 203 210 209 59 69 206 182 194 174 209 229 33 240 200
    179 25 45 177 169 155 154 218 36 255 162 6 211 202 224 200 23 17 148
    31 107 17 217 189 100 81 43 108 165 36 224 153 205 252 108 246 50
    100 175 41 3 217 221 123 121 222 191 25 121 17 108 164 109 185 185
    212 99 204 58 251 128 220 251 143 170 71 59 61 240 46 125 47 20 60
    123 140 110 28 5 124 44 209 125 233 127 216 229 88 228 68 96 141 152
    137 183 234 15 108 225 202 218 240 228 28 42 83 120 228 124 110 55
    184 104 103 245 207 1 146 206 235 15 81 112 200 23 120 23 163 156 5
    99 10 78 170 148 210 222 80 239 58 181 43 117 156 27 34 44 191 194 5
    71 173 112 86 32 80 120 101 72 16 98 137 76 40 62 110 6 251 239 103
    56 163 212 222 162 63 255 190 251 76 135 156 40 163 9 67 254 171 26
    215 73 225 17 92 64 33 96 124 196 42 165 144 164 99 213 100 113 34
    126 103 119 187 213 37 24 41 125 240 199 78 96 77 108 212 103 88 44
    133 208 204 65 177 51 95 26 199 44 19 73 123 118 156 43 44 221 15
    205 223 6 69 93 53 166 21 214 204 243 155 85 34 101 45 22 2 96 68
    146 205 253 203 205 109 165 103 136 242 47 105 126 253 163 122 94 31
    114 13 12 207 165 231 36 157 137 204 103 11 163 161 64 60 120 186 52
    19 125 56 33 130 238 97 135 255 137 68 235 125 101 20 51 116 244 242
    215 161 208 26 30 112 62 194 172 187 46 125 216 109 23 130 45 23 241
    229 67 55 155 1 92 143 230 118 243 240 164 55 28 46 185 28 162 49
    234 106 174 23 16 1 224 143 72 15 16 25 161 17 198 62 190 182 122
    115 135 9 24 61 46 13 212 62 148 183 241 126 10 99 200 57 212 84 176
    74 229 186 229 147 105 44 8 189 232 130 192 192 58 142 139 168 7 53
    164 120 155 180 21 175 130 241 210 74 30 22 105 136 254 87 153 193
    251 61 206 24 175 249 135 222 59 94 253 88 189 82 166 165 115 206 76
    149 169 173 197 95 67 131 63 154 82 119 154 130 39 166 90 96 168 140
    10 252 27 35 150 167 107 112 126 91 249 181 65 109 37 139 240 6 44
    116 66 203 101 76 20 225 121 191 75 14 207 170 11 11 192 164 80 144
    29 185 210 104 105 77 230 199 215 184 107 9 103 247 113 141 62 47
    156 76 220 63 202 157 111 216 6 130 4 97 75 30 209 41 137 147 107
    251 86 174 133 155 6 137 156 240 48 175 100 14 58 160 209 5 84 202
    97 247 86 231 96 171 34 72 77 89 150 70 120 182 78 190 129 169 158
    75 205 225 9 183 132 134 124 107 37 50 221 6 253 131 94 102 141 250
    166 38 60 57 98 185 28 197 55 149 110 149 16 187 179 89 52 159 52 28
    47 167 103 88 237 170 158 81 237 161 89 138 119 229 151 209 24 18 30
    52 179 8 83 41 22 153 50 120 181 40 170 103 83 93 125 171 168 64 240
    241 42 103 7 172 0 236 33 147 81 252 104 152 15 121 73 172 209 248
    43 11 45 97 113 203 241 143 234 87 41 8 107 206 200 44 174 131 234
    227 129 13 85 187 125 8 78 93 95 115 192 182 60 241 253 86 44 80 49
    201 144 177 29 157 67 54 93 148 185 178 120 178 33 143 58 105 45 120
    211 159 137 225 217 150 165 57 110 250 233 123 124 2 245 187 247 101
    53 76 17 101 145 182 17 31 217 252 251 215 183 165 39 114 170 213 28
    172 25 195 73 147 165 214 97 41 149 30 67 173 216 215 62 192 156 226
    24 214 8 169 107 155 203 208 39 221 77 112 248 169 162 126 138 200 4
    91 18 35 128 236 93 128 66 52 163 171 118 86 78 26 205 156 249 143
    57 206 88 111 65 143 220 52 64 85 252 0 2 214 213 204 36 211 143 77
    152 10 195 66 226 186 85 47 235 44 250 46 162 103 224 120 149 175 67
    31 52 205 109 104 225 111 194 136 0 156 127 110 36 81 238 146 175 18
    179 41 239 167 196 144 163 201 224 184 116 68 65 58 182 18 217 111 6
    196 254 115 13 246 177 135 250 41 201 180 107 81 51 227 74 51 34 25
    75 151 179 96 194 68 90 54 192 161 161 65 90 121 210 20 97 96 241
    129 51 84 195 47 8 5 192 5 110 87 187 166 166 101 198 15 202 239 151
    204 74 150 172 129 186 85 120 65 128 148 95 222 253 21 38 113 75 90
    228 126 97 113 4 146 140 147 240 197 227 92 129 65 150 123 200 25 6
    96 15 131 69 172 54 155 52 194 211 240 107 23 175 13 153 16 195 147
    12 211 245 143 183 112 117 207 202 245 207 21 63 219 15 60 48 202 15
    140 104 177 220 15 1 32 164 231 89 92 106 108 124 96 101 48 109 154
    235 95 102 96 173 163 172 51 43 87 24 5 184 18 90 234 151 186 250
    220 220 247 93 174 140 94 243 27 43 10 156 194 250 181 182 53 78 35
    192 118 21 216 112 101 63 25 75 146 206 200 145 98 149 123 232 194
    92 21 32 166 238 227 40 4 40 40 104 66 11 174 121 133 167 101 41 2
    182 122 117 101 156 208 237 233 33 104 189 243 103 34 162 63 207 3
    88 91 239 5 143 80 6 138 70 203 88 54 186 77 38 210 16 113 7 139 166
    190 188 109 162 70 197 136 236 108 77 94 27 127 218 146 28 195 199 6
    208 122 141 54 236 110 200 151 29 42 180 145 162 156 165 101 213 96
    51 13 36 194 112 241 246 139 36 189 214 157 56 49 30 41 84 176 13 62
    77 205 68 164 51 108 52 96 92 70 188 175 136 238 126 122 203 208 21
    253 162 244 86 211 224 0 74 251 230 57 75 115 67 30 156 155 211 131
    23 62 46 132 184 244 79 27 219 61 56 246 222 83 127 217 176 147 205
    94 154 8 94 223 91 132 212 192 113 195 123 74 137 244 54 17 246 222
    167 26 176 87 3 53 126 182 51 139 51 56 2 156 92 123 91 183 240 44
    52 157 84 151 72 146 121 221 120 255 200 252 255 254 241 143 181 225
    242 242 87 227 230 217 208 248 239 242 123 200 21 217 226 5 59 81
    100 123 181 52 143 200 47 202 44 255 186 118 253 85 224 35 9 192 105
    220 189 48 102 158 182 3 23 161 193 190 185 4 31 69 187 137 139 204
    65 220 194 67 112 144 34 243 234 128 122 42 162 54 255 93 204 249 39
    233 16 41 132 5 168 63 19 208 0 218 15 2 231 174 178 165 233 7 119
    103 157 138 186 93 30 15 220 101 159 28 183 55 107 2 32 115 134 168
    139 86 254 234 61 28 8 33 186 68 32 92 102 166 164 77 37 4 56 209 51
    51 48 29 18 53 50 72 138 138 75 147 23 75 127 5 175 122 129 194 8 37
    230 105 70 34 229 188 55 149 31 163 209 215 165 77 153 61 142 93 231
    117 83 85 229 229 108 194 182 132 65 115 214 51 53 140 163 202 141
    142 235 52 250 180 135 154 78 12 33 113 140 95 24 96 74 230 14 191
    160 4 9 243 236 203 201 215 241 36 127 50 28 144 208 132 181 33 188
    159 98 62 184 34 148 35 86 128 253 180 54 150 50 34 215 36 221 220
    152 14 245 159 126 69 204 177 64 114 249 181 224 31 23 93 56 148 209
    28 198 229 142 64 12 182 28 64 52 43 20 71 66 124 118 211 228 131
    217 221 63 119 171 234 150 171 114 177 93 236 79 180 186 56 125 226
    171 55 116 26 19 177 199 48 130 102 155 54 162 206 1 148 0 201 204
    121 225 63 65 250 6 13 188 40 254 0 137 71 148 134 190 60 34 237 70
    209 22 6 191 32 0 70 43 193 147 229 131 161 239 144 109 243 174 218
    196 176 87 63 34 85 20 151 168 27 130 228 124 39 160 94 15 30 161 86
    220 141 94 250 224 38 179 181 78 188 241 228 23 16 168 4 98 100 117
    72 148 200 9 227 242 187 162 169 1 159 193 27 202 63 204 179 80 13
    70 128 190 215 236 142 47 135 212 208 106 73 190 175 49 116 106 255
    218 87 146 223 22 27 5 26 122 177 227 208 84 128 200 44 15 204 177 8
    147 24 250 3 139 51 225 91 82 8 203 8 26 243 108 177 113 106 49 28
    95 85 244 139 229 236 70 26 236 41 116 32 85 30 79 59 19 160 53 216
    138 238 47 53 78 43 190 210 129 117 242 49 82 226 4 102 7 205 83 50
    49 181 54 255 160 171 17 96 250 196 235 201 139 71 17 23 100 242 90
    156 100 151 68 228 151 103 116 42 192 104 31 80 237 158 39 55 118 32
    7 124 168 240 90 28 191 251 59 184 242 208 50 124 94 121 255 14 165
    18 124 200 177 189 52 77 18 178 99 82 81 32 14 83 20 145 224 112 178
    166 86 165 110 216 28 219 18 224 57 42 61 233 209 112 8 57 91 60 145
    155 253 216 182 119 71 136 44 120 75 142 0 176 102 117 10 56 15 38
    149 154 146 75 148 211 20 45 217 59 87 139 2 152 171 75 110 184 25
    48 15 182 198 15 49 189 128 250 73 191 140 168 185 113 90 193 97 17
    124 95 5 175 239 175 129 154 222 214 163 173 204 34 244 170 158 246
    147 239 25 146 207 250 252 8 21 38 126 253 134 232 137 111 61 224 25
    175 187 144 230 139 165 100 203 16 133 189 34 116 63 8 170 132 137
    24 244 111 130 129 98 7 59 133 124 157 221 70 17 71 69 219 46 150 23
    149 133 15 243 75 43 206 205 48 234 243 255 44 101 122 60 163 162
    239 47 230 238 3 180 14 75 160 86 151 186 75 22 146 106 71 175 185
    129 141 54 218 49 49 169 29 216 191 75 253 52 70 17 195 131 243 62
    233 216 52 7 7 18 85 14 51 100 1 180 239 152 64 176 98 81 9 183 17
    76 222 98 156 228 198 181 189 22 113 198 30 170 254 220 205 239 140
    203 250 17 254 229 129 80 201 158 245 27 197 180 136 45 200 28 215
    20 49 45 232 1 204 67 208 135 159 238 103 41 175 49 43 20 153 141 30
    104 138 137 41 6 93 30 189 59 123 234 253 14 223 185 203 221 38 49
    65 71 125 228 251 189 27 16 15 109 228 33 177 236 104 23 228 95 14
    86 20 92 116 123 129 144 134 46 163 210 153 218 120 36 178 241 42
    249 146 98 81 101 207 155 217 17 206 16 242 27 114 140 245 119 29
    254 14 192 6 184 81 98 102 150 19 69 104 212 94 120 78 152 108 168
    184 200 15 19 158 230 215 33 225 30 252 179 108 192 250 57 207 22 82
    229 162 54 49 17 88 22 75 244 32 214 230 100 226 247 151 212 27 176
    66 101 214 45 130 11 141 57 171 196 102 188 205 178 245 95 181 119
    227 18 224 115 198 222 0 48 1 9 71 73 163 119 13 179 235 170 246 211
    169 239 49 17 227 40 196 123 251 3 3 186 145 229 113 9 58 5 74 21 88
    79 88 247 243 27 111 171 199 219 205 226 132 160 63 252 120 230 250
    177 111 129 17 231 52 28 165 218 31 98 57 149 193 232 214 6 115 68
    155 48 130 8 120 56 103 14 27 215 166 168 187 103 80 65 254 192 209
    247 119 212 171 153 26 225 121 245 148 91 58 227 207 169 40 73 19
    123 139 195 142 169 169 140 192 19 196 34 238 53 243 147 34 180 109
    229 92 26 205 22 189 18 117 176 55 41 113 245 96 252 1 113 123 97 79
    56 129 71 167 120 203 133 137 46 11 168 17 10 228 144 130 104 240
    109 1 37 77 120 250 242 45 6 36 177 240 114 125 226 193 15 48 209 97
    220 24 118 207 121 235 56 99 34 196 61 215 214 132 216 223 213 19 55
    75 228 82 78 79 198 99 41 242 253 250 212 33 105 179 120 118 192 80
    190 77 215 170 203 244 137 111 82 241 173 64 115 102 117 10 26 255
    57 172 51 87 117 41 6 245 221 131 160 212 26 65 65 218 133 190 79
    198 194 33 43 36 126 178 201 22 60 112 252 3 182 159 32 156 128 40
    177 88 38 88 123 136 161 184 67 223 214 193 3 213 66 55 70 162 177
    16 235 213 129 77 142 115 209 153 183 101 249 76 37 188 69 89 35 82
    59 228 84 103 67 80 191 127 149 222 51 6 20 72 166 231 146 85 78 125
    17 63 183 143 81 243 61 241 244 238 207 69 210 112 131 59 223 86 36
    159 96 179 154 231 106 189 91 158 149 154 130 215 40 190 28 233 212
    199 124 149 193 90 96 135 170 19 81 107 165 95 226 149 247 168 128
    47 0 136 127 10 186 182 163 96 118 54 3 72 77 73 240 34 107 149 131
    49 215 164 34 97 175 80 6 58 161 112 181 118 116 37 136 181 55 124
    118 200 42 246 59 48 176 70 68 25 196 218 22 120 182 189 58 86 31
    171 230 137 207 237 110 15 250 241 246 19 106 106 182 18 13 82 185
    57 186 148 80 199 176 143 105 244 228 22 72 252 163 216 201 42 227
    204 106 231 246 235 194 212 231 28 208 242 228 248 120 170 15 160
    139 124 108 116 90 109 210 105 232 255 141 12 185 196 56 136 240 229
    254 243 158 132 9 181 12 161 37 96 83 250 65 64 183 34 11 102 191
    243 52 92 79 112 73 123 235 16 40 188 191 53 126 33 129 93 45 22 32
    25 40 132 147 203 169 239 19 94 176 7 118 218 89 248 31 237 124 141
    9 202 9 42 140 109 238 102 221 79 229 247 64 12 11 128 52 193 78 58
    40 16 193 35 171 212 44 1 173 81 191 130 68 208 197 202 113 37 202
    10 77 0 209 11 52 74 177 254 83 103 224 48 74 242 32 125 31 147 151
    32 114 162 200 153 227 86 81 34 27 159 196 170 133 243 33 38 200 180
    211 9 213 188 96 163 90 69 192 164 117 174 232 169 207 29 28 133 22
    178 84 149 39 169 171 58 169 182 134 166 105 80 98 126 161 123 66 24
    71 160 149 135 73 33 211 121 101 13 144 212 71 71 204 156 111 108 36
    64 82 225 184 102 7 174 188 163 202 10 1 92 66 221 179 245 225 244
    12 228 115 168 214 20 35 18 249 140 113 90 144 70 209 108 32 215 154
    99 53 117 163 31 29 189 87 3 37 201 96 208 136 253 233 236 154 218
    184 172 221 110 101 29 184 163 182 103 236 23 60 85 228 207 63 121
    216 156 166 197 113 127 229 117 211 5 185 239 202 87 187 51 207 36
    113 171 64 201 194 60 84 171 111 224 175 235 53 184 30 162 244 109 7
    200 67 142 17 188 89 49 41 207 95 235 247 24 205 33 249 150 178 243
    118 63 106 21 24 118 12 199 217 31 212 252 243 132 6 184 92 67 164
    202 48 23 143 214 243 197 223 176 45 115 39 97 5 122 172 168 17 249
    93 135 146 39 189 7 124 143 227 35 185 183 101 222 28 14 90 151 37
    252 134 45 213 223 167 114 107 39 175 255 175 239 153 131 11 7 182
    39 108 61 40 213 51 86 105 199 220 217 179 243 43 2 202 144 70 73
    162 227 144 122 78 11 157 13 164 80 142 18 70 20 78 136 14 83 28 100
    34 12 217 97 125 217 157 15 232 83 235 163 164 199 224 221 4 200 76
    56 183 13 126 212 151 160 219 234 105 101 230 182 149 123 205 206
    133 238 216 253 125 4 252 33 139 133 128 242 242 134 211 210 68 104
    41 154 1 125 29 94 225 141 59 101 142 108 212 57 208 233 99 17 240
    172 150 147 50 170 176 40 170 126 36 202 188 232 179 5 60 51 81 246
    73 231 71 199 194 234 18 41 110 49 131 98 68 247 35 119 240 112 74
    169 219 144 45 37 199 97 219 132 179 31 104 3 26 226 53 28 171 153
    62 200 227 80 79 156 155 43 108 89 104 47 207 205 133 0 188 234 186
    31 218 159 217 106 48 123 188 250 159 167 109 231 239 181 96 173 61
    16 95 90 130 215 33 10 43 41 74 204 179 135 57 124 40 243 224 172 61
    117 32 206 46 229 66 114 222 30 192 235 215 23 153 145 201 144 184
    238 243 190 218 153 135 86 174 231 156 151 176 32 116 129 149 225
    130 21 38 252 140 205 140 169 58 127 244 60 163 200 112 18 95 210 55
    217 247 199 203 241 55 49 183 144 143 121 50 206 85 89 129 145 70 80
    120 208 102 138 17 202 2 6 119 86 165 8 106 150 2 220 239 45 189 84
    205 51 81 35 217 140 211 113 78 212 97 69 151 148 127 200 124 38 227
    71 193 177 178 1 137 110 237 39 47 212 97 78 203 92 41 203 225 78
    119 184 117 119 139 126 182 42 81 81 29 126 48 222 241 231 167 222
    122 64 6 5 236 124 29 131 42 114 105 233 163 187 191 44 55 79 130
    220 107 47 167 243 75 17 8 85 70 248 187 70 95 163 9 176 217 186 134
    27 56 36 161 11 1 104 198 9 72 111 126 183 44 209 43 60 160 26 94 23
    243 66 178 21 124 137 80 193 246 98 222 188 103 226 244 198 176 224
    157 175 112 85 77 118 214 19 236 183 237 189 70 31 186 79 227 155
    196 81 208 235 35 204 40 92 19 181 210 105 50 195 76 239 41 73 104
    232 42 84 130 9 24 26 88 13 58 233 168 76 99 49 1 243 7 212 216 77
    108 80 213 197 25 60 128 238 234 165 62 170 48 65 121 76 227 243 216
    16 114 182 207 197 160 142 15 116 163 165 245 101 68 80 79 22 4 166
    190 142 16 100 68 30 152 33 186 75 106 215 4 146 201 120 3 144 55 75
    232 246 186 58 89 208 209 100 102 56 159 202 117 222 229 143 199 89
    73 95 133 199 24 130 21 225 65 248 136 33 241 102 158 49 152 54 211
    31 215 166 226 203 147 39 37 19 6 114 164 8 32 130 143 224 133 231
    46 83 114 26 219 14 119 39 129 146 239 126 255 183 7 199 243 80 77
    141 163 228 32 128 123 218 214 110 246 176 102 211 4 161 119 64 165
    169 236 20 208 73 248 44 206 196 184 132 13 4 161 205 250 10 194 100
    222 1 192 164 10 218 143 151 48 47 41 133 35 74 164 208 187 76 212
    86 70 33 79 82 232 136 98 37 157 26 180 81 121 119 55 160 112 42 96
    163 191 95 24 31 114 55 105 218 60 144 194 107 114 216 240 229 192
    180 169 59 105 144 193 79 13 108 26 116 229 130 91 61 10 4 35 72 116
    222 227 69 248 84 109 62 78 71 239 36 107 82 167 82 110 139 142 3 75
    139 181 115 117 106 221 172 243 236 208 91 253 134 57 193 93 62 191
    116 80 249 216 176 197 217 201 28 8 172 18 74 23 124 36 79 206 43
    231 76 219 80 105 11 162 214 217 132 253 225 113 59 208 151 238 146
    19 105 220 23 95 248 102 253 249 222 150 246 181 127 32 7 155 50 82
    141 135 42 214 241 50 125 19 13 107 148 254 53 82 75 90 202 133 165
    49 0 171 121 231 140 82 6 93 158 139 22 229 175 182 246 112 68 96
    128 45 13 8 133 106 246 248 161 90 91 27 112 41 169 156 61 52 185 86
    195 75 93 141 90 66 7 123 143 199 44 170 63 151 106 18 164 201 45
    214 72 30 252 163 71 106 248 234 152 115 75 205 238 32 233 200 69 64
    125 114 178 200 141 84 85 92 250 100 89 196 101 38 154 160 186 198
    32 236 135 202 164 153 53 86 245 62 68 140 244 121 231 8 149 247 68
    200 95 189 189 204 1 137 58 196 101 62 14 195 253 201 211 17 76 211
    203 35 170 58 170 233 87 90 226 55 133 240 198 29 10 242 180 87 223
    106 1 196 165 107 80 222 39 235 113 220 154 56 145 40 36 181 58 178
    172 185 138 69 153 197 97 91 228 126 82 125 190 120 4 63 34 36 39
    113 199 126 250 159 47 216 130 135 48 230 105 59 238 220 95 239 86
    248 93 148 149 24 255 119 236 89 3 75 60 157 88 111 77 42 198 184 54
    216 5 71 87 13 79 65 197 105 135 244 86 17 1 10 192 169 8 79 110 100
    239 63 115 108 230 166 110 115 61 247 161 152 244 5 227 248 243 73
    58 239 106 106 6 111 173 217 120 153 97 28 35 80 199 177 10 62 233
    193 217 100 245 102 255 210 6 177 225 18 117 230 91 49 233 143 208
    152 17 250 0 242 133 57 29 107 80 140 202 102 123 64 187 199 88 193
    50 161 65 112 23 131 178 154 163 99 47 11 36 42 130 198 235 62 22 97
    213 149 135 73 79 208 205 227 12 62 87 144 12 218 66 34 228 105 219
    5 217 141 218 36 82 119 121 27 169 56 206 252 182 10 51 100 141 44
    19 143 54 134 215 240 163 106 154 150 95 151 217 231 96 136 117 14
    163 166 200 116 0 252 105 32 253 35 215 181 161 241 3 96 114 36 141
    101 166 26 197 81 208 28 85 44 21 193 242 139 212 23 79 95 54 188 47
    20 136 116 92 61 51 99 184 167 95 91 158 232 18 118 138 122 47 148
    18 181 179 112 109 184 43 117 127 90 36 228 182 3 75 183 252 59 99
    66 208 217 212 140 87 132 28 43 69 226 68 24 153 210 250 70 132 34
    109 232 91 244 236 235 196 2 137 5 247 222 111 166 48 84 191 239 202
    111 61 52 73 50 212 231 122 165 91 104 99 156 103 78 26 4 22 235 88
    0 224 48 199 148 129 194 36 223 246 73 172 84 105 226 65 75 233 81
    20 45 196 195 201 199 114 74 137 13 12 236 241 34 157 54 208 175 219
    220 198 13 184 142 143 157 105 202 112 24 165 152 79 179 190 22 114
    73 65 223 227 83 16 145 116 150 111 96 240 120 194 222 229 131 241
    136 36 67 207 228 152 107 183 1 130 108 15 152 29 160 56 141 223 15
    185 124 100 174 48 233 19 165 229 50 225 177 156 181 233 7 163 160
    62 46 225 172 90 126 181 226 156 176 190 250 222 46 251 251 178 127
    184 134 168 140 190 109 203 141 210 217 138 207 111 230 214 97 208
    211 20 244 24 31 202 149 175 27 132 215 166 166 47 107 49 12 38 65
    141 32 51 34 227 201 117 245 54 171 179 219 162 116 139 112 103 168
    119 204 223 95 72 233 102 135 14 128 236 155 63 163 129 35 10 117
    230 80 45 209 39 232 38 220 248 215 188 89 85 139 105 196 187 121
    241 117 62 243 253 216 103 156 157 13 28 175 104 147 170 185 230 130
    17 232 151 70 243 144 204 147 0 70 77 58 241 128 105 242 204 135 212
    176 160 108 23 15 133 202 197 12 8 198 104 186 30 154 7 85 234 70 11
    245 53 174 231 100 88 230 21 174 65 116 112 150 108 255 40 154 183
    238 214 237 81 251 60 5 84 63 36 1 200 84 168 10 134 13 176 33 234
    14 107 148 153 247 51 175 48 77 91 167 78 77 32 1 10 18 164 193 170
    36 240 36 104 16 44 193 248 164 122 131 40 222 240 36 109 131 169
    130 10 198 23 188 249 43 174 117 50 157 123 180 241 87 10 108 241 18
    189 3 244 181 201 205 219 142 234 53 19 162 219 231 183 65 55 125
    232 131 113 151 196 103 246 127 247 80 216 69 81 18 162 18 219 227
    19 165 100 54 219 112 102 240 72 17 73 36 91 72 96 150 81 201 82 53
    33 178 215 173 81 31 36 54 16 140 8 235 204 14 240 168 175 241 55
    151 155 128 137 48 117 154 227 114 198 128 123 11 211 137 194 37 212
    119 245 18 72 121 183 172 163 18 44 94 212 68 135 222 157 175 100
    172 48 183 69 211 121 241 140 114 21 19 138 108 192 196 5 28 245 145
    208 39 111 249 14 149 118 148 248 173 153 216 180 86 71 132 46 129
    167 73 134 178 23 130 24 77 93 69 11 118 132 129 233 108 203 64 41
    192 255 53 61 121 57 68 94 116 129 6 169 119 89 70 181 12 171 137 57
    149 91 67 228 169 207 130 16 53 61 91 235 210 178 73 242 0 220 240
    76 27 251 111 53 57 162 188 162 183 23 243 165 174 186 130 57 204 42
    11 239 60 114 245 7 8 172 85 95 118 143 143 248 58 214 146 52 188
    106 227 175 90 35 104 104 237 11 115 231 134 218 172 116 164 29 173
    222 199 235 185 65 61 2 89 29 250 15 23 118 49 204 15 195 192 129 39
    229 169 235 31 230 172 146 47 234 230 37 16 35 98 127 251 163 21 51
    52 21 142 91 250 140 21 79 177 127 170 166 98 229 73 163 247 75 84
    249 56 129 204 238 251 25 133 104 179 82 149 2 91 70 56 0 107 60 78
    64 69 79 247 74 91 126 167 41 54 69 127 239 217 40 107 19 128 27 161
    96 117 49 66 235 61 45 53 171 153 187 183 94 32 103 102 201 216 216
    154 52 117 18 93 80 25 0 148 55 218 187 230 243 136 199 51 98 111 77
    43 163 94 109 46 20 120 249 119 86 223 31 67 126 92 30 173 23 214 13
    149 242 136 222 203 236 62 191 185 133 200 147 24 20 135 43 1 234 66
    177 150 41 144 133 152 88 133 47 96 248 100 251 198 197 179 43 116
    91 3 170 70 104 108 252 237 125 166 230 155 23 78 239 64 67 253 98
    43 72 181 67 116 78 144 138 64 78 46 40 159 233 47 66 245 107 79 202
    73 196 83 199 63 238 83 248 87 44 53 147 237 64 46 3 32 213 75 227
    192 61 87 170 143 103 243 114 199 9 238 71 120 153 133 124 145 207
    217 209 99 112 54 115 188 163 114 233 48 93 201 78 5 16 24 68 130 35
    196 12 221 212 106 72 61 243 65 171 230 131 224 107 27 100 115 245
    209 143 121 105 127 0 209 235 1 3 228 150 47 93 253 171 60 16 210
    187 129 222 7 88 32 149 59 235 203 158 60 67 16 172 215 177 99 72 26
    115 110 20 215 13 108 76 253 189 75 137 114 220 204 202 66 17 114 90
    2 223 7 153 220 97 191 46 198 106 219 159 184 183 235 92 119 121 141
    218 149 31 228 197 219 5 186 228 217 233 82 56 107 229 223 229 234
    155 106 228 107 102 245 19 212 54 6 104 157 204 248 104 5 124 91 40
    65 203 142 183 207 177 79 136 36 199 208 32 2 168 53 107 18 183 97
    88 36 163 1 35 255 214 183 91 243 67 6 192 126 110 67 102 148 168
    148 13 251 118 150 68 244 22 212 90 91 0 184 217 31 40 204 63 17 183
    62 44 117 76 75 190 119 241 52 225 221 131 67 178 181 170 103 120
    101 53 121 210 105 98 255 136 21 252 248 216 1 75 58 169 117 62 238
    102 12 15 91 130 109 131 36 6 173 198 123 202 112 142 50 73 163 235
    248 186 29 87 241 188 255 13 144 243 215 189 3 106 163 107 168 130
    54 29 31 8 97 136 128 88 227 253 129 185 218 33 242 60 58 125 22 61
    58 250 173 81 191 29 19 120 72 202 117 190 201 254 251 249 123 243
    135 91 91 24 39 44 76 130 25 87 68 73 231 31 219 111 144 236 202 4
    187 230 80 205 68 25 14 67 132 126 39 241 11 64 250 244 1 186 25 173
    113 189 189 97 232 225 86 240 23 142 161 179 27 31 251 166 245 163
    172 32 27 197 93 93 4 122 55 178 76 69 224 171 197 247 20 204 131
    174 201 140 66 82 129 30 189 249 160 234 178 173 245 21 70 169 24
    240 245 30 242 119 130 75 140 48 15 122 252 31 11 128 213 163 46 195
    148 64 195 206 123 68 75 151 104 150 49 207 117 120 104 155 163 74
    96 62 229 162 112 137 20 166 60 24 122 94 203 42 245 159 1 217 178
    154 182 249 67 47 50 179 6 124 224 227 178 38 250 185 129 61 132 211
    9 172 10 54 79 174 69 24 72 20 250 134 54 38 222 208 132 15 162 75
    166 147 91 28 169 175 222 244 36 244 183 188 28 209 233 100 227 237
    228 169 6 147 168 255 192 231 170 208 82 233 118 62 128 14 103 18
    118 186 180 96 35 79 13 240 227 166 131 69 173 162 83 131 185 1 41
    93 53 38 37 163 223 199 155 214 251 109 118 118 203 105 9 118 115
    178 28 100 246 201 228 198 70 156 168 163 162 15 30 159 135 31 202
    62 96 245 155 194 83 16 127 137 158 1 107 171 115 77 5 15 182 154
    175 192 65 72 11 225 44 201 58 162 142 134 38 14 170 73 205 189 242
    113 16 172 195 231 80 71 158 255 160 170 49 31 46 42 45 98 98 70 165
    92 201 181 254 41 141 225 141 242 138 124 48 154 165 188 57 7 174 83
    85 118 141 71 133 205 89 72 83 56 26 63 110 53 100 37 186 166 214 41
    39 199 228 0 13 42 31 117 21 133 139 146 137 130 168 55 78 134 226
    188 129 111 244 205 247 116 148 178 128 225 136 59 239 87 57 110 130
    52 203 224 4 43 31 164 255 189 210 198 204 221 156 172 207 240 231
    93 86 41 131 207 13 209 85 171 28 163 159 180 4 194 89 180 85 127
    172 15 35 116 201 174 60 15 152 71 12 60 23 35 89 5 130 7 241 210 19
    62 127 65 240 127 52 63 42 75 26 1 244 175 184 162 62 250 95 117 71
    245 146 246 57 20 227 12 102 64 211 114 114 34 193 227 63 131 68 239
    120 251 202 8 67 216 186 225 149 44 242 59 162 66 67 42 79 179 100
    57 138 45 179 0 21 233 57 110 77 250 62 104 179 242 23 9 77 134 238
    36 137 121 5 93 113 241 189 132 124 119 205 224 214 126 120 69 165
    107 106 176 217 241 193 164 50 36 148 215 182 109 219 173 8 143 214
    198 219 76 65 89 216 199 251 143 126 178 211 194 47 67 237 2 57 31
    190 171 213 213 93 37 204 109 81 93 171 85 20 236 47 119 127 45 42
    252 144 211 18 215 162 63 132 51 31 160 51 145 85 29 134 68 81 251
    77 167 24 8 158 68 81 145 114 171 113 21 37 126 182 249 205 169 207
    75 186 135 96 152 50 45 140 40 37 88 5 238 105 150 184 7 115 202 121
    139 58 127 53 22 82 235 208 148 54 58 225 9 16 101 232 175 68 197
    173 38 206 176 99 204 224 124 120 193 162 175 82 168 205 34 161 113
    159 106 109 140 138 227 210 127 239 5 94 195 29 155 188 119 154 187
    240 158 5 62 246 28 171 235 245 16 145 13 233 134 12 10 123 68 40 53
    120 221 17 178 128 58 108 209 213 46 7 27 166 230 227 126 20 219 40
    196 101 125 73 59 31 27 112 46 182 235 252 24 240 176 218 71 161 237
    66 132 80 49 207 196 247 114 27 243 140 117 42 110 166 132 80 50 110
    201 31 250 20 222 255 98 129 34 89 202 114 158 146 53 25 186 70 253
    71 61 213 118 114 20 27 237 68 226 64 167 219 19 178 20 109 188 183
    89 83 38 240 153 180 205 160 15 208 103 103 96 5 36 135 220 129 98
    236 242 129 65 236 242 158 151 223 220 192 11 209 99 219 0 37 120 0
    244 118 191 106 32 131 251 220 230 104 236 145 102 105 177 150 61
    183 75 204 114 237 245 4 163 75 152 241 213 117 31 223 137 84 126 35
    145 1 181 155 97 78 199 17 23 122 245 157 193 36 180 126 85 253 235
    57 71 167 248 176 172 242 10 61 109 178 54 162 168 215 39 57 161 139
    153 19 32 119 10 177 226 160 91 90 76 168 23 42 85 26 85 45 119 61
    62 170 163 22 114 76 23 94 105 58 123 5 75 193 123 81 246 73 91 73
    215 21 185 253 228 152 184 107 197 68 124 14 234 94 99 204 242 43 56
    131 237 44 241 223 107 80 93 41 177 155 60 255 201 43 63 89 86 90 95
    96 218 20 94 133 199 90 215 70 185 170 209 172 146 96 111 85 140 35
    54 68 124 148 41 76 254 22 181 250 118 67 84 213 112 198 136 200 255
    131 131 222 112 236 101 211 178 12 193 51 223 105 64 10 139 52 134
    151 207 190 181 113 162 8 196 201 228 52 33 47 146 26 132 86 89 86
    17 159 50 48 222 182 104 102 223 247 45 190 64 184 214 159 131 145
    207 87 74 238 157 5 233 191 174 244 251 252 211 26 98 210 39 94 116
    31 12 228 144 250 124 17 78 175 91 10 78 106 135 161 113 179 163 112
    54 227 59 242 206 59 185 70 156 254 244 151 250 58 1 187 127 242 187
    14 191 20 183 172 85 101 119 189 74 244 64 130 189 188 242 186 106
    163 74 53 11 209 123 142 185 235 15 192 84 250 121 109 220 61 125 39
    121 196 29 189 192 146 54 158 82 165 133 29 2 54 193 142 139 169 141
    162 134 229 188 13 59 69 191 127 117 234 21 52 33 84 50 9 247 44 33
    177 23 79 99 33 38 251 227 31 118 250 193 39 90 43 102 163 68 66 117
    230 2 82 100 38 74 162 154 73 225 165 61 114 137 132 77 95 106 42
    199 119 123 87 175 47 63 149 25 207 206 220 117 236 11 90 132 128
    210 127 255 233 185 61 183 83 117 104 119 109 217 145 8 210 103 101
    74 11 174 25 36 190 181 40 28 80 100 163 196 25 68 43 41 112 77 220
    15 236 113 9 135 150 15 226 165 201 51 184 143 194 210 139 240 173
    73 19 209 102 203 20 67 254 215 80 82 9 107 62 243 85 92 222 2 122
    44 48 23 12 10 227 173 97 113 49 199 170 240 68 110 181 92 194 162
    215 180 234 24 2 204 215 35 171 72 250 22 73 229 183 92 187 86 25
    248 140 207 117 87 181 57 231 157 246 8 180 118 129 148 40 96 243
    124 222 105 139 249 14 178 47 64 245 54 39 71 162 253 81 14 191 41
    39 228 226 119 144 106 44 131 221 85 163 122 139 83 44 173 64 157 43
    150 86 182 49 22 135 208 61 216 187 1 205 136 47 207 99 6 228 189 62
    226 166 220 48 187 104 157 123 45 67 13 209 198 31 113 227 243 107
    39 14 27 24 164 161 207 19 26 234 90 208 93 63 177 43 102 26 92 186
    228 0 71 95 62 147 241 250 158 26 7 226 88 77 204 35 107 230 186 139
    60 41 116 59 157 120 191 11 171 173 105 129 48 79 195 92 48 19 143
    161 138 124 198 54 177 214 138 216 153 174 31 169 230 26 101 221 90
    144 244 209 27 53 55 84 79 108 239 168 179 29 88 177 49 39 204 91
    251 192 41 82 135 27 12 90 73 19 4 17 86 2 231 11 161 130 151 192 1
    26 153 70 97 221 10 16 249 244 93 139 17 92 61 88 5 179 84 212 159
    55 86 72 160 73 232 176 86 47 17 34 74 240 176 155 40 22 21 117 30
    75 54 133 31 244 22 49 225 26 28 104 236 115 204 221 171 212 223 184
    210 228 97 156 213 194 68 106 149 137 24 160 153 235 225 88 60 200
    213 164 144 228 189 217 251 135 22 80 50 64 98 73 55 128 161 102 232
    160 150 147 184 222 185 192 59 82 202 6 94 207 28 161 192 33 9 142
    206 94 228 254 240 97 3 180 7 252 61 232 160 102 43 135 129 111 247
    50 111 193 155 153 247 205 160 143 203 124 172 88 153 184 59 20 160
    110 92 222 154 15 99 187 244 195 109 127 133 96 211 187 86 23 226 40
    140 114 40 204 136 195 249 149 55 247 208 22 15 5 188 99 84 21 30
    120 9 40 207 83 227 237 68 105 14 131 210 136 176 95 110 247 146 156
    78 234 73 196 124 117 134 17 245 191 139 118 65 215 250 82 192 71
    254 162 220 153 101 172 188 199 170 161 24 158 90 74 1 238 90 183 66
    225 240 37 117 207 144 179 191 24 120 142 138 147 100 207 9 192 25
    136 68 196 152 9 175 155 148 36 71 32 98 199 80 189 66 153 173 194
    217 163 223 27 252 177 72 218 100 245 182 171 170 186 83 141 210 202
    206 44 81 61 61 155 223 36 125 121 61 113 144 213 230 83 65 159 218
    7 178 192 123 84 18 25 198 11 132 190 201 254 191 79 117 198 61 129
    127 189 73 108 107 92 190 230 203 60 132 112 147 108 99 6 182 13 40
    64 59 209 217 180 67 173 39 48 225 119 106 116 8 14 150 95 175 155
    37 104 86 202 110 209 185 97 187 134 135 139 186 201 46 139 30 166
    234 227 244 224 193 29 97 229 160 188 240 168 183 30 40 252 123 3 78
    216 252 0 47 150 25 160 252 58 154 164 145 47 26 82 113 25 184 33
    180 99 116 141 7 51 25 147 58 122 156 93 207 9 76 254 55 51 123 163
    190 229 191 224 154 71 161 53 193 230 212 31 88 43 14 137 176 218
    214 222 95 68 46 161 166 185 183 227 118 45 31 14 197 198 168 248
    223 165 162 203 0 202 129 165 127 224 167 35 159 152 31 56 205 232
    245 34 89 224 129 143 11 16 163 100 63 59 113 35 17 144 109 42 163
    171 139 21 79 98 22 41 17 8 58 17 78 191 105 185 206 30 3 216 32 56
    135 125 110 19 85 211 130 95 162 249 152 191 51 201 255 95 152 55 37
    80 240 131 115 209 101 221 80 32 56 121 189 167 17 187 101 7 158 247
    40 197 74 40 106 146 32 178 32 31 13 109 4 64 40 171 186 194 15 75
    103 232 170 200 149 195 175 48 167 131 194 27 22 13 210 171 1 84 153
    148 225 178 86 100 100 84 8 0 90 205 222 62 85 231 75 87 104 80 79
    70 158 129 112 73 201 104 149 154 132 255 9 154 61 11 151 57 248 218
    161 26 7 11 225 252 136 135 154 128 53 131 35 216 38 42 225 75 243
    66 10 11 24 129 172 145 151 255 69 118 196 143 255 107 62 130 129
    192 94 97 105 32 49 72 148 197 182 225 50 107 249 196 168 120 97 210
    254 19 210 25 48 134 116 7 239 181 75 249 227 66 92 89 49 120 20 123
    253 37 254 27 249 160 59 73 231 183 0 220 248 105 2 48 34 55 114 248
    39 135 180 143 40 134 214 104 132 45 117 93 121 154 83 112 208 123
    104 78 205 19 19 221 255 174 226 198 93 171 169 93 228 128 165 74
    232 195 62 222 136 47 177 50 134 72 73 202 127 218 10 24 131 186 85
    180 194 105 7 24 32 219 205 115 211 16 245 37 251 89 77 61 25 99 101
    192 229 166 225 143 84 239 71 135 40 15 143 235 115 62 122 132 131
    211 166 29 244 37 4 34 246 203 163 194 142 138 204 148 190 50 67 79
    141 115 76 50 222 195 59 220 226 4 125 43 124 4 244 4 43 2 244 243
    253 84 193 25 105 242 62 180 250 189 4 219 210 181 246 2 37 35 4 137
    114 106 187 116 134 45 104 48 163 15 217 162 213 141 148 61 227 130
    252 183 166 14 15 48 154 241 132 208 129 122 32 98 122 23 152 76 102
    219 50 37 202 81 53 55 87 202 126 187 28 223 37 164 217 203 119 204
    112 54 23 82 112 30 204 218 149 80 233 200 47 175 29 20 12 202 76
    171 68 69 152 207 142 206 148 144 111 229 241 95 254 215 177 213 213
    193 5 180 0 36 211 28 215 142 189 81 99 103 129 10 132 50 170 28 57
    251 218 72 35 213 135 174 208 9 254 250 140 159 38 159 152 158 13
    254 147 204 153 18 5 240 167 234 108 232 165 23 217 162 125 203 157
    219 55 235 136 99 19 179 207 213 207 160 143 134 101 123 19 183 34
    86 183 250 164 237 67 115 231 218 150 19 141 58 43 49 70 206 6 183
    29 46 241 138 113 237 223 212 49 5 29 87 102 202 160 45 220 8 33 234
    227 124 26 102 40 163 59 194 145 200 71 240 138 198 102 181 80 40
    194 73 239 253 196 18 181 178 60 55 207 117 57 6 132 33 79 50 213
    143 146 182 185 26 141 189 67 198 106 117 144 72 36 75 101 8 199 196
    61 36 190 217 159 138 69 203 89 4 154 205 133 73 183 166 218 106 178
    27 88 81 155 49 147 232 9 96 245 173 155 105 120 235 198 216 96 145
    197 253 173 46 198 233 99 244 115 208 76 180 24 235 230 96 136 133
    174 223 96 129 228 52 152 161 125 30 248 141 24 254 241 180 117 185
    74 248 71 185 229 67 226 143 222 206 30 96 203 192 92 47 26 174 88
    47 239 111 30 91 35 110 52 150 139 226 156 127 35 150 153 161 207
    250 107 11 217 165 219 17 113 212 49 183 10 52 58 62 84 136 129 32
    24 154 203 133 117 213 248 65 183 243 205 47 178 174 77 5 59 3 193
    219 181 130 115 50 183 126 179 251 183 28 249 230 115 25 243 168 249
    251 157 39 146 120 185 130 2 7 56 23 25 23 40 187 137 152 42 206 255
    29 219 125 249 24 214 216 102 179 87 27 193 140 44 196 126 221 46
    154 34 28 186 117 21 211 7 4 108 207 67 235 48 114 89 25 133 247 154
    18 163 7 22 130 124 16 248 116 253 37 186 44 39 153 166 158 112 120
    180 67 30 177 8 45 116 29 223 6 173 148 82 88 219 141 245 151 19 26
    254 75 98 223 10 162 5 154 158 187 246 154 31 6 111 73 163 158 154
    237 7 248 181 76 237 3 40 22 255 20 203 48 47 175 74 185 7 214 139
    242 11 76 162 180 4 191 167 27 166 245 145 132 131 36 94 254 75 79
    151 188 224 72 178 3 196 191 38 189 143 234 125 116 18 214 61 55 253
    37 152 161 218 231 118 205 70 196 167 221 23 205 236 109 20 80 42
    118 68 123 35 122 92 92 96 38 254 204 143 20 245 21 157 17 128 0 220
    66 190 14 94 225 233 187 247 30 184 93 58 212 44 122 213 74 250 224
    54 249 155 205 60 203 235 215 178 38 244 137 102 60 176 149 237 123
    30 51 13 73 152 113 215 17 248 23 151 126 167 248 128 151 230 2 13
    63 56 131 37 152 151 255 33 59 28 100 222 54 241 80 162 33 90 99 40
    174 226 65 195 47 100 56 155 47 67 219 203 209 220 161 104 19 86 213
    67 249 107 194 34 219 249 103 151 114 103 73 230 169 87 191 217 248
    232 70 170 240 72 12 123 100 132 222 166 49 54 210 125 124 242 10
    165 192 56 186 244 243 239 131 42 250 87 16 17 35 117 105 252 55 43
    148 112 58 158 205 145 38 6 170 195 198 58 194 69 59 6 200 218 7 126
    99 218 44 147 128 161 200 56 138 179 130 27 48 205 143 180 156 1 117
    195 28 104 173 22 17 164 118 110 248 149 65 32 143 12 181 50 125 80
    102 189 56 110 14 15 157 249 161 66 73 44 24 210 77 95 166 108 35
    240 8 109 171 253 47 33 178 177 201 89 88 124 149 204 243 130 166
    253 226 142 85 181 203 23 47 59 143 55 215 184 31 191 121 224 129
    182 137 157 254 137 97 36 144 8 115 194 98 133 133 211 168 177 121
    101 120 161 234 75 0 187 138 18 137 102 90 174 210 248 224 202 59
    173 195 65 52 194 227 203 114 138 145 117 132 158 254 39 148 87 189
    91 122 56 120 226 177 134 133 197 211 63 121 211 0 90 226 2 124 86
    183 152 218 82 235 72 127 246 248 1 89 196 3 83 77 194 228 62 67 146
    134 165 121 206 75 165 146 53 25 110 84 235 235 75 250 91 168 231 43
    158 74 68 214 67 78 251 94 154 45 89 223 108 78 31 251 191 133 182
    175 74 152 95 88 91 228 58 64 205 153 179 248 145 61 58 219 18 12
    240 165 126 34 16 141 227 180 227 237 211 104 128 78 140 47 42 212
    253 212 156 57 104 143 126 54 72 4 221 84 247 27 218 203 4 188 105
    203 201 168 128 192 181 30 4 77 184 127 64 59 191 52 224 58 252 19
    158 61 229 2 3 206 11 17 88 0 173 216 130 179 19 196 207 135 75 54
    177 253 140 6 19 249 210 226 188 72 151 44 78 22 66 33 254 161 164
    19 169 207 213 124 165 209 75 117 135 9 178 207 103 18 155 136 107
    115 237 102 5 240 181 108 67 211 247 231 247 84 73 53 10 91 115 130
    93 168 216 255 174 151 245 204 215 197 200 68 204 37 211 246 31 229
    196 123 71 154 70 84 19 223 233 207 45 83 205 47 218 177 224 30 30
    255 142 60 181 226 145 160 213 95 163 13 247 50 145 63 248 39 100
    130 98 222 10 39 164 229 251 226 158 150 221 208 112 54 229 214 159
    209 27 185 126 239 170 107 116 221 205 2 67 195 162 0 230 169 19 240
    113 106 176 155 184 89 171 224 243 28 165 245 126 186 79 212 162 201
    114 3 193 84 53 227 116 0 179 86 169 204 10 245 162 57 59 41 13 9 23
    144 222 246 148 131 218 124 165 27 60 18 254 124 183 19 141 218 177
    158 96 179 72 110 162 184 184 42 168 152 109 229 105 117 22 211 183
    43 154 105 21 128 168 149 247 159 175 69 24 15 162 218 21 67 166 112
    232 222 157 96 140 98 179 219 163 217 66 50 250 182 239 28 128 8 99
    61 114 56 183 229 206 109 145 99 176 83 153 149 143 222 55 156 68
    146 130 147 114 208 226 183 89 62 145 48 94 28 1 83 155 48 62 230
    235 119 220 121 165 209 22 15 5 192 189 79 190 70 136 166 252 205
    195 250 86 192 207 246 27 140 212 147 254 72 119 138 38 150 191 31
    31 103 44 158 25 122 7 225 254 157 11 140 26 92 70 194 28 149 145 46
    203 234 161 172 57 61 61 249 80 9 128 91 238 86 251 210 58 32 188
    189 244 105 173 20 116 185 200 9 218 55 40 25 91 92 78 129 74 253
    144 85 171 112 55 236 214 44 203 95 137 180 0 142 217 147 115 84 123
    137 203 34 38 208 71 97 56 158 100 189 35 126 59 221 172 212 95 80
    37 60 217 255 38 101 202 243 48 113 121 119 253 106 188 232 164 63
    218 212 117 16 47 34 72 5 103 188 144 27 239 96 251 54 34 64 218 217
    93 202 2 215 192 61 130 50 105 154 183 89 132 80 180 106 162 69 170
    237 251 119 235 155 28 141 213 187 152 14 0 93 220 188 50 53 186 137
    87 167 74 162 10 172 152 49 169 23 85 158 6 118 40 210 89 145 60 80
    19 84 69 87 127 44 180 158 59 159 32 48 38 224 68 112 99 248 100 45
    101 130 59 71 251 52 160 230 83 108 151 109 55 162 223 198 192 110
    70 222 158 118 174 237 201 0 29 217 166 159 98 130 97 73 251 39 42
    52 128 66 9 157 73 218 41 71 78 156 75 255 87 111 154 130 49 116 16
    121 79 111 72 166 136 208 182 227 76 21 128 74 18 181 194 43 174 143
    77 73 14 92 217 241 46 76 158 255 7 55 125 109 236 127 197 253 179
    172 111 207 178 33 73 40 254 178 216 94 38 10 66 197 231 128 212 233
    107 47 72 144 208 253 60 195 165 1 163 184 222 76 239 60 208 123 192
    153 14 47 173 164 87 202 128 33 80 24 97 208 204 242 94 76 8 8 224
    221 111 76 226 81 22 225 222 228 70 205 145 37 46 172 62 12 19 16
    201 202 179 184 158 21 127 109 82 218 80 129 200 118 242 229 60 84 6
    56 11 81 146 92 68 108 23 3 253 48 73 12 186 53 16 242 124 249 24 46
    135 86 180 229 241 49 110 246 123 186 172 222 164 158 25 122 183 21
    164 111 96 171 62 231 91 107 155 221 117 90 57 54 142 54 233 189 69
    8 188 204 104 244 174 79 142 157 122 113 51 73 239 124 179 118 63 68
    32 154 149 76 67 198 128 8 95 139 116 30 194 9 19 159 14 217 202 7
    58 185 144 84 121 26 29 18 127 247 39 4 199 117 23 160 250 77 119 27
    146 23 149 49 59 194 128 239 2 29 190 74 149 241 98 108 160 188 111
    147 144 238 201 204 228 193 141 219 239 18 55 195 254 218 49 242 87
    120 114 111 132 156 71 111 6 166 225 218 136 187 103 231 91 182 75
    226 71 26 69 7 157 220 198 28 105 19 197 112 228 34 243 56 214 95
    116 35 7 36 127 128 120 161 0 248 150 178 154 103 98 0 131 18 253
    109 217 206 167 160 61 101 155 181 55 227 5 206 185 166 189 53 127
    197 49 120 240 219 175 199 114 97 138 227 12 179 200 147 244 7 175
    239 140 176 68 241 249 241 213 247 0 7 44 25 242 229 193 171 207 115
    118 208 2 241 232 161 17 142 241 113 27 224 144 232 53 106 118 217
    204 147 67 166 33 57 224 114 108 160 51 219 47 177 7 17 193 98 243
    154 171 41 181 130 48 231 135 169 100 117 70 17 231 227 39 84 197
    196 74 165 217 89 26 245 113 201 118 184 195 200 7 29 93 0 207 39 69
    181 67 230 99 39 84 200 55 110 44 215 132 179 97 70 174 105 2 62 208
    232 187 48 22 57 177 153 126 215 171 21 76 226 23 250 102 17 42 103
    215 47 254 86 133 79 97 36 192 82 164 203 142 194 242 0 239 31 36 33
    236 20 127 168 221 72 69 160 92 36 170 183 60 205 195 166 126 133
    226 143 114 234 49 196 47 80 50 165 36 62 203 234 96 254 5 144 205
    22 234 110 161 162 18 156 229 217 203 182 117 196 237 7 139 169 80
    164 84 173 156 5 242 20 41 118 24 147 179 29 13 21 99 128 176 42 3
    56 82 129 113 231 1 179 240 104 202 164 78 20 35 183 69 216 55 231
    217 117 99 99 47 223 19 113 238 218 7 239 36 215 49 62 231 30 204
    109 197 56 21 217 87 84 188 234 153 63 228 219 215 55 202 157 64 227
    162 56 104 152 1 186 53 254 131 90 17 7 225 47 110 33 123 113 11 178
    60 5 5 151 249 147 163 237 117 84 86 191 28 218 68 227 46 91 120 7
    246 82 171 178 115 209 142 253 36 221 34 195 141 178 158 92 208 151
    44 67 252 9 116 20 224 172 140 130 228 218 78 31 129 83 111 244 155
    74 191 60 233 57 128 202 244 184 166 178 135 241 115 28 152 99 101
    216 117 9 121 135 184 106 5 151 140 31 34 5 157 3 111 91 20 47 89
    129 249 193 70 217 82 75 124 75 150 255 219 207 158 23 140 177 83
    157 13 198 73 235 247 203 59 166 177 54 41 252 136 172 132 88 254
    177 229 237 245 159 38 82 144 106 90 193 223 155 215 141 255 202 19
    11 230 136 147 156 203 53 12 183 110 76 18 92 59 173 216 188 120 27
    66 78 227 36 221 88 6 165 167 69 197 0 4 80 196 221 122 248 87 38 99
    249 153 177 16 190 0 232 209 191 176 75 58 123 126 220 222 53 68 83
    122 20 242 200 243 172 36 2 165 255 249 254 216 218 79 103 66 102 41
    253 52 117 150 100 57 122 126 74 182 122 198 127 117 37 60 138 185
    159 136 180 203 70 174 239 32 83 53 133 114 204 134 48 164 182 142
    71 105 40 159 253 214 39 19 100 203 75 194 100 244 204 230 194 192
    137 7 16 64 122 208 45 1 204 182 142 127 169 180 156 201 39 64 69 35
    26 81 158 125 218 10 38 105 164 51 37 39 246 83 191 229 239 36 113
    22 164 26 79 31 183 160 131 84 137 110 176 39 34 189 78 5 47 72 18
    74 125 150 87 71 247 68 53 17 151 186 183 203 121 140 46 70 131 181
    119 77 207 56 42 41 91 107 174 189 231 122 164 151 84 17 189 70 125
    12 207 23 145 128 70 111 237 145 62 207 52 52 27 56 249 19 4 184 179
    81 145 28 137 237 195 133 80 28 238 70 52 248 166 211 127 9 22 144
    97 164 7 82 40 245 117 32 108 194 205 70 77 171 71 238 97 84 167 10
    143 60 26 195 161 103 247 61 228 8 142 78 40 137 47 75 133 223 234
    30 218 212 64 44 208 206 121 124 102 71 214 135 119 14 202 6 26 205
    126 194 97 125 64 82 238 103 123 182 115 240 87 77 36 153 173 76 232
    62 221 251 205 85 107 235 213 82 15 94 239 224 86 56 190 88 104 10
    129 14 201 223 182 29 77 18 55 186 76 2 254 199 74 240 22 240 255
    151 247 211 69 56 6 96 225 56 136 166 251 8 206 131 219 157 199 210
    243 22 141 238 21 112 149 187 16 63 173 242 141 221 254 52 31 26 169
    170 16 8 186 184 145 147 208 73 185 203 7 7 18 214 49 236 178 157
    250 164 249 193 158 128 255 128 121 255 179 75 28 59 178 36 43 65 31
    81 0 236 150 22 53 149 211 161 147 31 234 74 246 30 117 65 204 178
    187 16 28 139 39 29 248 60 117 218 117 208 117 60 0 14 218 100 84
    166 143 240 133 49 103 163 190 23 48 59 2 213 69 111 208 86 253 238
    181 7 143 151 249 228 220 96 7 83 108 89 237 236 253 246 241 252 148
    21 251 57 117 28 220 1 179 243 158 194 114 111 78 117 242 156 241
    131 26 191 112 24 144 64 167 69 245 123 163 225 56 220 40 38 204 128
    88 151 32 244 120 154 90 31 197 117 138 115 196 81 214 0 133 187 68
    89 121 150 190 15 214 91 250 231 31 224 57 218 136 183 131 248 25
    221 52 99 85 112 181 227 230 8 166 108 141 113 87 81 6 182 98 241 57
    72 154 132 61 66 15 192 158 120 207 76 102 38 224 180 155 243 48 77
    100 99 169 188 207 22 132 128 11 192 222 245 192 137 76 38 123 76
    239 236 231 46 85 235 170 166 18 91 22 11 57 62 14 132 43 109 176
    241 210 251 191 176 225 205 238 120 94 205 182 96 172 168 246 135 18
    36 250 50 104 252 254 141 73 6 153 54 14 167 17 29 107 179 174 215
    154 175 186 231 66 15 64 119 73 89 91 0 137 77 179 123 119 151 12
    249 189 67 78 159 144 153 69 50 36 243 5 198 191 74 222 239 19 148
    158 130 168 222 188 46 146 161 125 231 246 79 164 0 155 71 92 111 52
    19 16 209 48 212 214 231 80 48 254 164 62 88 30 3 157 133 144 66 75
    26 250 121 175 132 241 220 11 89 24 173 225 104 88 149 2 142 60 117
    55 242 152 114 250 107 221 244 98 112 14 99 167 107 151 249 69 77
    179 244 206 48 230 179 178 219 217 139 123 245 185 229 90 213 20 252
    246 42 61 119 242 104 253 38 66 119 170 60 177 83 212 185 221 224 11
    170 218 243 2 95 16 113 246 177 87 253 107 240 108 88 44 116 59 93
    165 251 210 46 176 81 146 139 177 60 6 209 13 32 158 130 180 19 119
    134 135 231 58 5 176 230 115 64 176 110 31 161 207 159 216 110 98
    163 114 146 214 148 68 158 129 227 233 50 85 102 86 254 248 13 61 17
    123 32 116 239 8 64 21 122 254 97 195 102 106 222 107 54 233 102 246
    166 42 25 137 15 145 68 84 35 203 105 142 94 194 4 177 151 177 149
    48 217 197 87 113 39 177 116 118 163 24 147 143 135 95 65 233 226
    252 241 57 179 92 14 230 241 157 166 250 192 62 252 110 123 44 110
    70 156 37 102 225 139 247 56 244 51 48 188 255 77 67 94 245 243 8
    166 41 209 100 175 95 207 235 168 0 239 221 132 70 154 230 120 73
    254 188 46 212 126 236 170 54 153 199 229 76 75 21 212 104 150 121
    139 76 60 43 9 143 17 246 17 48 36 124 191 99 205 18 246 141 251 53
    15 78 127 181 230 232 50 68 38 79 168 42 5 254 170 77 203 119 130
    173 35 16 178 169 166 132 16 6 151 228 89 185 208 211 243 143 102
    176 92 62 224 47 136 12 147 186 110 44 124 43 206 236 6 236 120 249
    181 230 27 77 254 235 196 221 30 145 60 63 12 243 235 129 108 119
    123 255 255 44 146 59 224 60 156 237 92 92 137 232 240 95 35 245 157
    52 10 63 158 188 24 97 11 247 235 19 206 232 157 217 37 72 54 127 6
    252 38 98 179 63 210 57 181 199 19 5 228 202 157 142 52 132 168 106
    150 114 205 200 170 36 174 53 228 235 137 233 12 97 198 150 71 222
    178 255 240 166 160 54 166 236 217 207 224 152 218 166 11 45 87 118
    224 23 85 181 159 79 112 80 111 238 37 227 58 245 1 14 118 255 115
    179 19 250 241 25 49 236 218 55 195 3 28 137 233 119 179 59 175 224
    173 123 67 24 164 31 235 236 54 10 79 239 71 184 17 163 179 122 125
    66 246 142 136 87 20 189 162 249 190 21 72 236 55 202 14 119 93 129
    112 79 59 211 194 253 11 186 217 177 45 23 60 140 96 68 217 175 62
    187 138 63 41 79 156 240 183 19 109 73 99 138 62 24 56 138 134 95 5
    165 255 29 41 94 170 217 251 157 63 100 40 45 108 96 12 175 190 215
    35 38 153 60 86 43 142 179 112 81 61 51 207 173 145 239 228 237 136
    49 209 232 196 54 124 213 49 61 8 156 33 136 16 158 246 177 183 160
    180 60 208 5 209 186 193 173 119 74 226 43 134 160 106 125 10 45 198
    157 168 249 60 12 1 197 68 216 162 46 252 137 196 163 120 37 71 169
    21 209 155 55 30 32 67 222 148 146 89 209 102 5 35 27 5 68 145 137
    139 60 134 60 75 232 67 90 8 27 162 214 250 72 73 209 225 182 189
    121 125 248 115 227 213 249 112 112 148 203 2 197 28 121 75 173 55
    12 184 161 23 197 126 111 151 238 166 198 41 33 17 188 171 13 56 154
    199 210 237 110 121 173 82 138 92 109 169 180 129 49 175 35 146 175
    236 250 148 223 172 28 48 99 246 81 27 2 154 128 124 129 244 144 137
    12 217 177 10 58 155 60 193 111 110 10 106 98 204 208 157 103 62 36
    140 117 158 238 57 41 63 74 105 62 212 151 78 157 67 94 122 131 230
    173 67 40 72 214 253 217 130 191 139 80 119 162 230 20 186 176 58
    147 127 111 173 52 145 199 234 39 189 237 28 34 239 179 73 69 246
    236 91 38 221 241 244 239 166 118 175 219 230 136 71 91 25 171 94
    144 132 64 136 235 14 6 193 48 179 246 185 126 57 236 254 42 2 205
    57 24 74 98 185 217 41 161 45 70 28 32 244 220 5 170 229 84 220 199
    54 167 170 100 229 88 109 37 224 70 159 217 65 151 12 174 150 58 3
    175 210 150 121 121 118 144 119 251 162 36 95 98 252 43 154 138 206
    178 112 91 56 82 166 62 132 175 190 152 249 137 143 3 199 58 92 102
    35 48 194 236 154 27 19 124 8 96 232 28 194 19 128 216 250 16 107
    229 46 6 55 141 89 142 84 191 163 63 49 245 24 207 46 234 144 202
    150 100 94 238 192 122 238 165 100 130 47 209 180 224 203 34 248 52
    2 171 1 25 88 243 13 216 47 88 142 16 152 161 189 190 205 22 92 221
    2 26 212 47 120 207 125 17 150 211 14 211 146 123 71 109 250 232 44
    143 88 22 88 229 147 220 147 80 203 149 166 226 44 140 135 25 131
    253 29 101 37 50 52 240 136 91 151 34 170 53 181 17 242 7 54 203 226
    211 232 74 112 85 181 208 234 191 83 22 71 85 118 247 240 114 185 71
    216 53 185 61 44 12 196 206 86 50 12 191 99 87 156 169 139 209 134
    56 46 100 251 53 215 77 178 193 50 22 83 41 45 229 246 96 178 19 107
    106 61 203 161 55 252 155 31 65 18 15 133 125 201 75 155 192 193 171
    142 108 176 122 67 97 95 242 169 255 204 168 16 193 127 108 13 30 71
    75 244 211 207 215 68 44 33 159 159 203 108 161 210 250 110 31 176
    95 140 235 84 24 72 167 166 190 79 171 131 231 232 228 181 95 253
    137 57 10 110 35 175 16 23 50 135 179 198 165 125 247 251 119 213
    139 17 193 128 162 135 137 121 166 220 139 188 190 35 128 6 138 12
    108 97 17 154 85 99 23 99 148 188 165 73 26 203 233 32 251 199 125
    37 212 131 239 153 120 68 221 152 228 57 237 56 212 162 255 169 196
    64 84 41 19 17 108 167 53 222 147 24 250 81 26 206 237 54 22 175 226
    83 75 82 62 140 200 150 15 206 32 85 34 119 224 210 244 168 193 158
    195 159 112 216 94 145 30 213 228 185 109 205 180 208 242 226 151
    236 178 71 163 14 184 91 86 177 125 138 81 51 152 81 120 98 5 171
    108 230 241 141 25 84 250 17 165 112 25 246 121 42 152 21 82 8 203
    74 39 203 68 1 124 57 96 182 17 40 188 156 150 131 225 231 157 59
    153 142 208 236 136 120 193 112 101 250 71 136 242 46 215 12 118 228
    68 57 3 50 136 118 140 8 239 186 74 195 9 235 80 24 99 105 165 138
    225 207 40 81 58 180 205 154 23 26 181 113 1 133 240 195 223 45 87
    204 141 140 7 194 116 17 128 116 157 229 115 123 161 152 238 174 2
    17 174 25 85 228 128 26 146 198 39 131 223 164 249 232 154 175 146
    190 77 241 116 116 243 125 162 120 22 4 201 100 136 243 211 114 187
    203 168 131 207 8 192 37 237 131 133 239 167 47 42 49 217 23 113 166
    11 228 183 130 193 238 122 160 72 121 99 7 114 104 32 246 72 92 224
    80 48 201 215 80 199 203 120 236 13 250 227 47 33 94 29 15 41 38 28
    67 221 137 154 172 125 188 208 199 62 38 47 169 177 40 167 18 5 155
    226 126 248 138 30 167 183 70 2 69 242 127 135 228 55 224 62 131 218
    224 78 196 249 126 244 48 233 69 75 172 55 208 201 242 13 252 3 180
    207 126 67 29 227 111 46 170 165 201 82 40 26 207 216 179 85 84 15
    45 226 186 135 119 187 180 226 65 254 117 173 84 73 197 205 188 154
    241 104 138 209 20 132 89 151 146 220 176 51 61 69 231 180 149 109
    242 212 203 188 240 16 34 117 222 174 5 34 200 175 16 17 199 35 215
    65 197 190 194 107 197 90 181 143 30 18 42 86 85 148 99 179 143 193
    185 176 48 191 65 149 120 189 176 121 211 116 113 139 93 130 138 240
    172 126 238 169 39 52 227 147 172 60 109 230 94 155 119 92 122 76 86
    9 125 238 162 24 210 145 104 202 221 216 11 195 239 90 254 109 204
    191 14 79 54 6 157 8 33 253 124 51 72 230 62 164 181 171 40 91 45 78
    206 130 96 109 195 17 220 164 102 174 132 60 33 69 152 7 78 251 124
    100 109 95 160 177 87 214 111 106 7 92 234 27 158 255 173 141 204 8
    154 229 58 224 2 221 133 66 191 251 160 138 62 217 39 232 140 189 65
    135 139 161 114 219 143 61 81 211 48 23 249 46 66 126 109 43 132 100
    229 57 55 204 109 191 95 206 240 177 159 144 57 158 60 122 219 188
    211 235 10 15 188 48 176 247 78 233 148 252 112 74 108 94 87 149 6
    13 52 239 219 180 12 14 134 104 74 8 1 177 237 175 208 111 5 90 39
    161 61 77 2 239 158 161 62 240 7 211 153 88 51 28 79 146 143 199 118
    253 249 245 225 7 87 186 3 103 88 198 66 162 185 229 220 156 148 97
    87 235 95 225 174 247 202 118 148 176 20 128 161 43 182 72 254 184
    207 122 38 239 171 253 83 173 164 135 94 61 224 0 150 221 40 110 213
    28 13 244 167 92 231 117 25 85 160 149 73 81 168 116 162 198 17 240
    160 89 128 131 237 9 217 188 139 240 40 216 132 42 245 215 226 227
    29 103 230 70 84 108 255 51 78 121 75 28 247 55 122 231 174 211 163
    119 164 69 140 143 19 121 201 81 67 130 145 218 33 109 219 20 217 26
    216 82 68 179 115 182 229 41 234 44 171 116 161 39 69 167 15 134 200
    112 181 114 146 27 236 168 253 181 12 144 12 129 241 15 161 169 250
    241 231 202 120 41 167 0 175 246 219 228 102 105 176 62 161 81 174
    73 16 223 201 149 27 4 137 151 198 64 214 163 14 91 23 149 104 24
    114 114 179 182 16 234 253 57 86 104 138 64 8 172 39 65 107 224 161
    55 206 181 159 231 207 91 48 83 31 181 241 243 60 130 200 235 169
    216 132 217 84 113 53 205 4 119 132 197 124 199 45 226 39 250 251
    128 139 52 130 174 173 216 176 62 55 182 127 106 212 58 200 232 110
    95 4 200 158 224 224 110 20 163 125 100 158 104 106 112 243 199 241
    186 132 179 148 215 174 146 255 175 179 115 148 47 19 232 66 208 196
    1 45 181 131 63 161 148 255 153 201 98 172 163 79 80 188 171 135 54
    146 114 219 73 142 222 175 150 29 124 128 130 79 191 70 254 109 206
    188 101 95 182 154 88 131 245 154 150 36 17 40 120 165 255 24 218
    101 92 246 101 33 227 179 169 223 138 219 113 170 242 184 50 64 24
    80 87 184 108 113 139 43 157 108 165 220 44 211 83 148 2 39 187 163
    170 58 185 222 212 224 135 19 221 90 103 219 110 123 128 17 163 207
    148 35 85 242 49 2 219 78 22 132 116 179 99 91 131 47 237 41 219 186
    127 78 44 37 205 194 137 164 86 3 54 96 161 149 30 103 9 65 250 2
    186 46 35 2 2 237 26 99 212 164 69 142 217 11 189 205 85 19 85 209
    234 180 57 245 202 206 203 229 57 209 112 76 157 141 46 49 40 119 88
    40 60 102 18 12 40 227 36 6 205 39 214 51 133 22 42 65 130 156 89
    103 118 75 53 100 67 251 133 204 154 42 16 236 133 167 85 235 197 22
    198 71 27 82 59 191 161 81 80 11 105 68 196 72 83 227 238 86 247 32
    59 103 74 193 36 159 80 2 128 19 253 9 232 239 43 17 25 187 69 125
    215 202 225 47 70 163 166 220 83 10 79 60 201 144 121 180 163 227
    175 163 93 97 6 6 197 176 132 96 235 194 221 115 107 239 119 70 104
    64 246 37 199 94 116 148 116 157 251 12 107 128 57 127 168 92 212
    131 86 203 215 78 98 145 16 98 107 38 113 64 9 54 180 193 88 41 164
    132 18 48 229 210 120 182 152 163 63 199 145 102 26 152 228 16 152
    157 156 17 20 146 217 89 206 133 253 9 221 232 120 67 131 162 217
    212 143 216 3 162 236 75 126 114 163 18 123 60 75 118 39 226 171 211
    100 23 123 159 46 130 185 67 115 155 143 150 117 6 179 85 192 229 72
    21 248 223 12 227 110 139 201 75 70 173 9 163 186 217 26 218 148 45
    31 74 177 7 196 94 107 78 17 39 137 207 58 136 177 134 39 1 36 106
    75 118 16 165 248 200 197 251 49 147 138 167 174 164 138 199 79 115
    99 34 240 197 106 119 220 102 32 76 210 25 252 100 70 117 85 132 219
    224 215 69 100 7 156 52 226 98 74 90 189 112 199 195 105 233 116 244
    35 104 133 169 212 99 38 172 148 24 170 39 138 2 130 103 104 17 124
    200 143 121 139 60 139 225 15 130 240 171 194 156 24 30 72 182 14
    220 95 66 248 1 13 18 35 72 170 184 117 108 170 202 204 42 119 142
    98 215 239 146 187 7 238 248 211 88 203 99 157 75 156 190 213 94 193
    247 198 174 123 220 10 18 102 52 113 251 58 123 72 96 41 43 150 65
    17 153 3 87 206 68 30 45 225 97 221 74 89 84 159 195 189 182 87 132
    252 3 78 229 168 89 240 187 85 211 195 248 8 128 138 130 121 101 31
    220 88 64 213 108 160 118 83 163 43 11 12 67 83 92 192 76 247 248
    168 196 30 153 23 56 188 166 149 211 120 117 45 193 229 91 233 21
    171 4 86 74 156 205 126 14 139 24 241 155 109 36 44 20 178 191 218 1
    233 20 11 91 91 75 168 182 194 105 101 67 169 106 186 129 22 116 121
    97 64 193 217 37 143 23 131 157 7 139 32 82 75 34 128 98 101 52 93
    206 206 159 70 55 148 75 94 36 92 74 239 17 22 214 2 205 184 31 181
    43 152 231 108 149 38 29 155 92 115 85 149 39 187 1 251 20 38 218
    224 158 12 147 215 188 153 140 78 40 138 65 55 124 133 0 141 48 87
    189 228 221 98 168 165 47 99 2 225 35 49 168 71 23 123 97 177 157 97
    142 120 253 225 244 142 32 115 32 115 191 127 74 235 131 203 244 231
    59 10 171 155 112 203 22 199 154 127 20 191 186 234 26 188 217 68
    228 110 68 66 90 123 110 122 107 83 109 77 59 251 149 243 249 181
    157 202 64 2 5 212 252 201 75 138 72 177 175 88 164 110 63 79 178
    231 159 16 104 245 127 62 77 212 157 33 106 129 210 108 167 68 244
    81 204 34 183 192 75 45 73 217 67 231 181 81 145 162 187 45 20 224
    29 34 35 149 23 148 254 191 74 164 126 61 72 50 223 56 237 183 131
    228 229 35 191 239 241 36 76 211 250 43 14 43 10 123 251 248 35 16
    158 27 198 111 120 6 244 229 111 64 244 157 158 199 195 226 207 160
    229 90 96 36 255 80 54 129 205 32 121 39 212 43 42 138 35 208 11 4
    168 186 139 96 171 180 232 129 61 116 169 140 238 186 142 55 6 84
    214 118 241 160 55 58 136 138 245 79 112 79 22 36 240 20 177 99 200
    45 18 42 62 93 78 17 134 165 44 38 139 124 131 94 137 82 134 253 236
    251 135 60 80 1 169 136 15 182 126 191 81 121 145 85 205 58 58 166
    112 176 112 102 250 197 99 33 14 242 81 47 207 202 161 203 12 19 148
    36 137 138 145 198 101 229 113 253 201 45 146 254 40 156 166 107 97
    54 154 199 183 177 80 49 0 135 120 231 25 168 188 15 248 78 253 8 13
    166 185 13 211 33 98 210 25 42 38 243 72 120 239 161 14 184 95 52
    167 175 100 136 165 35 191 120 39 131 30 196 206 68 153 249 123 120
    120 66 190 141 155 239 128 45 27 182 74 76 130 186 28 4 101 211 56
    101 73 42 208 207 200 254 154 32 103 105 82 115 154 44 242 55 5 176
    111 112 165 68 234 244 242 134 85 83 91 114 148 231 146 37 58 17 156
    19 76 184 119 176 166 162 170 62 193 56 138 241 87 172 156 15 215 21
    103 206 243 163 133 164 222 88 147 164 9 134 75 247 95 53 151 49 209
    55 187 131 68 196 107 240 195 242 149 189 72 210 221 243 60 67 140
    134 253 25 186 23 151 12 14 229 13 12 150 217 198 210 214 243 131 9
    160 27 130 132 159 35 94 83 65 187 19 246 119 74 6 156 27 249 243 16
    27 230 206 15 250 249 38 122 182 202 11 156 31 78 24 81 220 25 28
    106 161 182 224 206 78 228 235 75 78 255 79 184 164 116 172 208 185
    28 239 30 101 102 84 193 149 91 191 89 148 212 8 31 81 35 1 168 71
    241 186 71 67 149 255 227 28 154 192 167 203 229 26 243 133 153 139
    189 122 174 75 239 44 42 66 117 242 58 197 19 245 4 195 110 220 230
    255 97 61 114 210 37 235 56 113 112 69 86 241 251 50 148 206 171 99
    77 255 117 189 248 221 240 212 88 204 0 15 33 20 52 61 64 9 125 130
    126 183 143 245 34 85 30 226 116 128 153 97 243 63 125 4 120 87 17
    32 51 69 99 192 102 42 73 118 225 231 234 227 161 60 236 57 232 160
    79 95 88 51 153 21 201 198 235 85 166 65 126 65 82 113 125 173 53
    170 105 220 214 159 58 92 134 240 128 193 47 216 118 198 111 113 116
    45 203 160 47 1 16 216 19 221 146 15 107 252 108 8 132 94 78 79 196
    103 68 146 47 104 240 224 199 186 21 123 227 215 45 207 198 190 127
    82 79 187 101 43 65 12 218 249 209 233 85 59 91 14 127 127 42 172
    114 7 36 159 7 45 75 18 236 197 100 64 107 90 75 227 160 122 175 43
    82 241 15 155 21 243 124 54 131 116 107 51 111 191 84 89 139 59 133
    25 76 76 16 43 80 194 151 123 181 250 132 255 120 104 138 234 35 148
    30 157 95 122 136 54 136 11 101 166 139 194 193 94 215 112 93 203 52
    184 21 125 4 46 22 195 87 91 241 222 232 0 87 139 50 197 8 232 38
    211 6 243 113 228 71 160 195 245 226 13 70 37 247 0 11 213 194 166
    187 60 164 242 38 185 161 185 155 28 144 22 9 177 216 130 66 151 5
    72 7 192 214 161 11 117 54 174 234 239 8 240 83 193 166 56 185 189
    119 151 119 134 130 88 130 198 67 225 180 99 60 34 42 240 167 116 86
    154 248 107 122 220 174 23 59 92 209 102 22 174 84 236 129 149 191
    133 244 70 56 248 65 216 97 205 39 144 38 253 142 90 3 214 159 125
    148 118 143 162 10 208 179 220 117 57 147 168 190 84 200 214 136 38
    211 106 205 89 229 223 160 201 185 137 78 95 184 177 96 248 206 199
    52 113 25 164 225 129 83 61 52 93 253 61 33 213 52 242 233 225 183
    139 70 21 194 204 228 161 133 161 126 54 126 122 33 78 164 173 135
    105 137 251 146 126 200 95 16 206 160 208 163 46 202 232 70 75 91
    116 187 131 164 17 182 182 56 83 9 67 197 134 129 165 139 20 170 209
    228 3 74 77 199 0 210 68 169 211 108 42 169 26 110 207 215 83 87 31
    146 113 228 177 138 65 42 204 115 71 118 206 94 192 136 145 223 145
    19 193 6 115 46 151 15 148 0 184 239 3 147 243 24 179 130 144 41 2
    120 111 44 86 191 143 120 61 184 220 221 193 228 202 233 43 84 7 179
    170 91 33 21 63 192 49 166 165 107 72 39 57 92 57 129 135 135 6 75
    185 16 51 20 39 25 190 39 27 137 86 29 148 203 149 168 63 72 115 25
    195 10 109 6 211 207 22 18 253 240 106 26 211 212 44 219 60 13 153
    199 87 107 102 50 27 135 121 7 191 106 131 226 36 157 170 255 201
    116 242 94 251 224 5 230 87 62 19 36 201 186 83 88 240 153 243 166
    25 207 194 113 164 21 191 152 252 39 130 126 237 242 174 209 247 141
    199 179 40 119 208 52 193 244 102 111 181 57 98 145 156 146 185 161
    106 53 81 214 103 229 189 56 171 135 78 179 153 112 163 161 25 10
    117 32 208 106 95 216 68 7 178 66 82 151 81 239 219 153 143 212 207
    255 18 195 181 201 187 65 8 149 12 233 92 28 214 164 57 148 246 57
    42 17 211 240 86 35 109 41 25 189 159 190 24 10 177 33 47 159 147 60
    56 62 144 73 41 24 56 114 213 191 245 24 184 124 246 254 40 71 88 81
    174 41 13 139 237 147 85 166 171 156 182 29 101 86 25 159 39 178 17
    59 1 251 118 96 213 245 61 190 20 31 115 153 199 19 235 65 148 63
    155 182 75 197 254 112 95 82 200 214 64 190 161 150 176 108 235 16
    67 75 156 133 100 27 27 39 248 59 211 33 6 49 101 42 102 62 48 203
    199 104 58 236 179 24 207 38 67 67 196 251 134 197 204 86 24 1 129
    244 67 48 138 73 4 79 166 5 95 182 89 34 95 95 227 247 191 224 115
    62 181 73 211 135 121 152 220 187 172 16 18 231 100 98 167 115 230
    58 69 54 61 9 60 163 121 116 142 42 154 235 172 64 95 76 8 186 134
    64 244 139 59 113 222 81 17 131 182 197 197 116 99 86 18 130 63 42
    185 199 251 251 52 84 145 189 245 179 99 168 63 128 155 123 122 167
    118 49 24 248 73 176 132 42 180 251 230 3 234 130 227 244 84 86 226
    119 213 228 94 194 8 66 223 102 139 186 181 23 36 203 51 40 4 199
    110 142 63 115 66 104 159 114 201 179 139 39 109 143 153 247 26 226
    162 24 138 244 76 184 11 208 108 235 144 144 33 212 6 10 243 59 156
    192 141 105 207 35 140 177 101 232 158 223 207 219 26 229 214 242
    215 206 139 253 44 136 216 18 152 141 208 145 111 190 149 131 61 129
    53 255 159 72 174 14 80 89 128 215 12 230 121 150 242 82 167 18 135
    44 22 219 5 169 101 241 139 67 4 3 148 165 148 245 110 148 47 54 74
    37 121 137 91 149 232 73 173 108 140 67 71 195 193 143 190 216 15
    164 229 62 153 123 73 253 193 8 80 47 89 225 159 225 245 119 44 127
    130 46 54 226 110 168 106 167 51 158 187 167 45 174 103 20 20 126 34
    252 236 38 208 170 99 161 194 83 226 135 4 207 121 254 144 136 145
    97 153 8 180 41 214 165 159 244 32 248 120 147 212 75 197 135 122
    166 53 50 78 110 40 97 243 224 30 84 227 251 54 92 238 93 254 19 133
    206 64 45 134 222 131 146 193 127 16 119 62 167 159 254 78 249 160
    91 220 156 206 181 44 214 185 19 220 141 54 168 112 136 66 199 77 36
    11 58 165 252 165 219 207 215 19 2 169 170 43 58 91 194 125 251 95
    183 195 210 227 161 211 7 55 229 29 177 22 46 239 50 202 31 85 207
    26 173 184 184 248 157 155 52 75 184 83 15 157 251 2 47 51 113 235
    15 170 172 28 29 103 131 42 119 156 243 13 83 244 136 179 42 24 202
    143 125 80 172 21 168 221 13 238 83 236 158 10 123 180 222 86 247 51
    16 33 231 205 192 244 36 66 17 179 2 227 115 191 173 178 115 198 66
    141 216 200 235 66 197 10 5 2 46 151 188 198 64 20 28 120 64 114 101
    73 127 39 94 171 0 27 97 34 187 178 105 48 169 225 154 9 125 141 218
    180 82 73 84 136 5 20 52 22 182 31 53 75 233 145 168 174 253 227 71
    236 73 75 155 228 209 81 69 32 194 16 119 137 98 210 42 153 139 127
    115 198 8 37 146 10 18 145 112 139 162 210 45 40 131 115 84 151 253
    130 43 14 29 61 93 72 56 67 39 18 85 134 123 245 31 166 75 212 182
    236 223 99 202 122 241 221 243 145 122 86 188 143 64 241 90 120 59
    55 251 200 245 223 102 52 167 159 208 12 19 116 205 114 180 40 4 245
    115 168 134 1 189 191 76 236 76 104 35 50 5 83 144 214 88 228 151
    168 99 228 245 148 174 24 199 168 48 88 151 201 19 172 126 62 105
    153 167 241 38 201 80 246 213 191 161 23 92 29 199 245 97 69 176 10
    81 248 235 142 228 110 139 116 211 124 8 46 18 104 139 165 134 165
    194 153 103 83 31 116 195 185 237 137 12 196 183 97 74 191 178 70
    215 78 237 4 13 228 57 234 48 12 110 69 169 29 245 167 90 80 246 161
    140 252 182 45 150 185 82 240 59 216 62 137 108 232 163 241 65 181
    243 42 133 213 238 105 97 128 72 13 101 32 19 133 75 217 2 118 128
    248 164 88 220 47 123 220 56 182 107 125 42 180 66 123 50 174 60 28
    151 71 145 87 130 247 230 155 15 93 165 150 131 201 81 219 62 7 114
    67 157 203 48 104 78 213 175 101 157 144 150 107 98 225 12 127 153
    51 28 193 163 30 233 216 0 94 84 205 247 54 253 153 233 60 11 134 61
    234 168 223 3 209 45 78 34 87 62 246 84 75 79 103 76 202 175 139 109
    176 251 60 137 237 86 65 204 46 27 147 192 27 185 165 111 23 221 113
    227 50 184 223 7 38 39 213 115 7 231 115 110 119 231 234 53 182 176
    20 156 2 51 56 26 190 116 196 214 207 248 0 65 157 67 118 125 142
    100 112 157 176 121 226 101 219 173 227 154 151 27 210 108 70 99 60
    41 69 111 128 158 174 189 3 62 132 93 5 182 210 173 254 78 137 68 91
    122 250 239 98 245 244 195 215 141 74 158 53 130 178 241 16 0 222
    117 51 247 2 227 73 160 143 179 225 146 178 148 225 88 69 169 141 75
    165 213 41 146 132 24 32 152 247 184 244 208 38 129 100 45 188 141
    217 6 193 215 151 147 8 132 129 147 202 228 53 166 188 11 85 226 140
    134 77 95 84 211 253 75 147 112 186 222 84 244 174 50 99 202 249 251
    57 58 137 88 62 177 63 7 218 194 36 238 178 105 119 175 228 138 70
    98 146 185 186 214 162 97 73 19 32 133 183 232 90 112 58 229 172 153
    140 69 160 227 136 102 161 49 49 57 40 51 42 212 223 72 188 41 188
    127 39 54 108 109 173 27 162 182 46 232 183 164 40 31 101 242 120
    161 146 157 136 177 193 195 200 151 125 150 50 98 166 74 31 26 182
    110 42 173 59 125 151 212 253 176 201 132 186 37 189 163 187 171 132
    132 191 205 100 133 190 60 3 92 39 136 186 92 195 81 195 100 75 68
    40 217 47 214 38 230 234 81 126 18 59 77 97 74 231 200 30 196 143
    219 222 17 169 66 252 47 15 71 141 158 206 213 56 7 254 34 89 10 212
    112 134 147 30 78 23 239 161 107 143 50 51 62 178 204 29 156 152 212
    113 171 247 155 116 224 240 85 232 44 0 182 7 26 206 77 59 245 83
    158 87 82 21 116 225 101 158 236 182 99 134 250 83 80 13 129 213 116
    242 79 87 201 54 120 45 47 240 3 204 21 70 178 77 101 48 18 87 197
    227 159 123 189 66 62 227 53 51 162 240 245 19 139 238 48 61 202 68
    185 191 177 91 227 251 81 251 208 133 100 195 139 80 146 227 100 169
    139 176 251 96 64 84 147 221 252 224 33 187 112 212 53 190 16 196 72
    188 66 23 13 247 67 139 84 22 243 51 55 174 217 110 179 109 201 220
    55 213 213 87 104 102 113 182 56 30 205 67 226 221 101 89 208 143 38
    255 34 180 132 149 31 115 254 206 55 16 20 106 95 167 80 245 101 250
    30 101 215 182 200 82 183 85 132 131 178 14 161 0 112 44 80 220 125
    58 125 12 229 215 233 60 66 102 23 213 214 34 197 180 158 140 121
    253 94 84 78 66 223 40 158 170 95 34 41 43 60 139 186 186 118 45 192
    252 163 91 51 102 124 94 167 68 204 179 178 43 64 13 74 242 143 52
    36 135 97 21 226 169 230 225 4 207 14 218 227 5 174 235 107 90 100
    175 227 217 194 117 3 241 208 36 181 126 76 231 54 121 59 72 42 254
    199 214 165 171 123 61 250 111 23 32 69 21 93 75 91 42 246 35 57 174
    120 119 192 57 253 144 50 255 83 65 79 132 223 210 64 68 176 3 67 41
    132 231 138 49 47 58 116 168 119 71 166 144 201 29 197 117 247 202
    243 108 147 144 0 54 131 165 194 185 52 11 55 95 35 27 106 215 154
    126 149 100 193 160 150 230 227 164 21 43 224 61 20 105 123 173 159
    82 97 248 125 57 28 92 247 93 244 177 236 86 253 52 59 116 39 187 91
    230 100 135 68 192 231 220 6 20 111 244 252 78 198 20 37 171 86 253
    205 63 210 115 36 117 0 22 196 218 125 45 195 59 22 62 30 238 20 207
    142 208 125 20 125 156 82 32 208 104 96 228 142 144 212 158 41 129
    156 104 102 38 44 183 24 118 30 227 221 4 100 168 102 102 106 104
    117 8 38 224 89 129 205 72 191 208 79 55 130 32 114 180 87 143 168
    84 201 123 104 187 242 209 130 58 150 104 150 176 19 80 249 85 100
    232 158 141 24 143 14 96 246 224 36 98 250 206 31 34 190 202 250 32
    246 168 12 92 126 218 90 130 84 81 80 104 188 243 170 4 65 220 90
    203 136 129 63 69 183 6 61 169 13 179 42 104 129 11 57 225 77 126
    111 13 83 189 140 43 60 212 42 45 60 158 190 216 245 14 52 107 159
    168 74 42 253 12 54 117 248 36 104 238 234 187 14 97 209 192 4 83 98
    169 77 94 232 172 40 167 191 14 255 234 164 59 196 27 96 6 248 105
    144 89 180 186 213 178 224 250 178 76 103 193 141 160 199 195 13 194
    33 175 233 120 105 252 38 229 11 201 57 82 51 157 236 142 201 51 82
    125 169 92 76 176 123 163 238 105 145 148 197 122 191 73 148 162 129
    140 94 87 223 72 110 35 229 79 23 84 99 74 133 240 136 152 225 120
    58 59 129 41 81 56 114 209 102 254 107 214 173 228 205 89 189 139
    250 207 83 62 108 214 187 190 111 196 70 184 18 203 0 41 181 19 176
    4 219 175 205 159 202 75 123 60 177 231 204 252 19 235 207 212 107
    160 217 238 104 194 60 110 110 199 195 76 59 124 189 196 97 86 103
    251 225 41 24 193 41 1 77 29 211 30 203 168 167 167 49 63 172 178
    141 89 205 62 61 33 157 44 248 94 231 4 209 225 14 117 0 0 25 99 181
    102 125 251 143 195 65 80 61 177 66 45 17 24 252 146 73 84 58 203 17
    34 95 131 75 187 37 139 43 2 193 69 61 184 228 20 248 8 214 246 137
    0 31 243 52 119 126 69 61 255 151 64 223 71 11 121 94 73 192 13 231
    29 101 121 189 46 178 9 51 238 67 87 223 10 185 189 241 19 239 1 226
    54 86 160 187 160 21 14 184 208 128 59 171 191 175 206 152 35 197 22
    212 154 76 235 22 166 30 97 187 119 3 185 81 187 162 142 149 207 35
    197 131 177 168 132 75 25 165 193 187 66 84 203 90 207 229 214 143
    224 123 64 39 233 66 8 128 41 232 153 135 252 160 9 39 22 106 36 129
    73 165 183 177 139 240 73 216 127 15 116 145 220 230 132 58 113 139
    168 43 104 98 16 228 131 38 160 96 182 129 139 244 54 133 25 26 181
    200 240 232 127 5 224 12 197 67 4 103 34 10 87 62 226 46 149 234 46
    252 6 145 174 62 152 224 236 105 164 47 76 128 65 252 121 121 19 144
    185 115 33 58 112 154 76 115 52 37 166 218 25 82 123 194 126 247 190
    137 11 4 197 239 121 132 138 186 227 49 237 148 117 28 80 111 227 3
    88 61 55 27 191 183 78 201 2 75 135 168 85 206 254 15 123 185 22 236
    149 157 101 223 110 63 132 10 100 197 101 146 248 25 30 145 151 194
    54 129 155 22 70 241 7 222 236 188 195 4 206 80 23 215 20 159 121
    226 2 203 196 55 188 153 77 9 4 41 212 138 200 160 39 121 119 135
    145 230 7 179 215 92 133 197 247 192 161 24 211 40 68 8 132 253 6
    124 55 181 83 1 89 155 126 197 36 232 53 33 118 138 64 229 156 124
    79 109 205 123 254 170 147 46 68 145 116 137 170 142 161 63 59 70
    156 71 227 210 124 233 16 37 188 119 248 94 9 241 55 135 59 29 181
    79 227 161 5 4 152 76 251 97 181 57 190 31 5 245 77 184 49 165 207
    155 195 142 198 52 7 185 11 122 219 90 233 208 230 208 126 97 64 229
    236 220 204 178 51 7 211 17 154 188 246 40 210 196 193 175 122 17 22
    212 29 24 20 249 139 12 233 84 25 98 178 32 85 74 101 241 230 173 83
    92 79 162 52 125 221 208 203 17 67 157 136 123 255 231 229 84 184
    155 62 209 91 251 69 71 196 120 61 167 244 244 115 43 90 227 122 212
    41 199 1 32 75 75 57 121 176 151 217 50 208 129 6 108 75 228 243 95
    20 249 5 80 21 126 134 120 139 165 199 100 76 90 230 254 117 71 89
    68 89 78 24 23 30 228 109 15 253 198 73 99 226 227 14 136 42 91 155
    119 180 234 152 99 218 228 4 157 12 11 236 232 30 177 181 81 19 220
    215 252 166 48 115 58 159 208 89 146 77 179 254 10 213 6 40 51 244
    25 73 139 202 208 139 170 232 147 251 83 183 43 128 93 214 252 98
    147 108 243 249 236 136 169 102 1 82 8 215 31 63 214 39 228 193 237
    201 49 41 2 147 96 226 226 242 15 118 150 126 176 88 193 162 63 161
    234 238 236 67 218 101 153 95 141 161 229 144 233 28 217 44 44 145
    130 24 130 30 143 248 83 5 38 152 45 127 0 78 35 224 208 180 222 21
    23 51 41 211 84 13 60 30 155 51 240 219 113 158 205 115 155 10 100
    85 243 56 115 58 108 65 33 150 91 106 219 171 50 188 173 118 120 204
    133 57 172 21 234 1 251 56 162 198 37 137 255 173 105 0 190 246 41
    65 38 152 55 143 13 109 141 152 253 154 198 159 89 172 227 219 79 28
    98 223 37 169 115 255 111 69 167 5 125 239 106 126 128 35 9 88 58
    200 44 48 247 230 210 254 70 218 14 209 247 0 83 103 163 181 32 114
    180 31 212 26 50 203 131 176 63 105 12 104 7 219 219 118 138 12 233
    189 169 69 44 196 146 221 106 93 250 147 5 175 218 29 142 243 243 53
    119 171 156 15 128 103 8 225 179 46 254 145 98 232 65 192 26 93 33
    173 188 36 36 126 186 83 197 185 140 114 46 214 2 198 181 216 86 137
    220 60 193 95 9 152 103 23 233 83 233 120 239 136 153 105 210 191 4
    48 127 150 114 193 136 123 126 30 37 83 197 252 10 163 137 154 73
    251 0 8 117 165 9 214 87 164 234 46 221 103 175 27 188 114 230 190
    214 246 123 10 19 234 20 33 110 45 46 110 0 196 133 7 0 172 221 172
    180 42 120 213 21 211 34 89 89 162 41 12 5 145 191 21 108 241 150
    130 67 41 237 151 41 21 88 52 183 12 10 156 147 142 26 151 230 201
    169 65 25 249 214 75 193 35 142 221 24 17 107 173 68 129 139 121 168
    1 87 10 37 70 63 171 118 229 186 77 98 75 35 190 47 37 6 220 27 230
    144 95 182 220 166 98 168 9 85 95 155 107 16 28 56 33 216 113 84 207
    72 143 177 37 23 149 29 239 251 15 6 229 5 142 15 73 198 15 217 135
    105 88 39 56 91 249 76 102 156 243 72 127 45 190 166 165 243 4 144
    212 216 182 249 63 233 210 190 30 112 24 101 220 140 189 198 85 73
    13 61 80 146 132 170 14 164 166 170 225 120 192 176 191 107 30 179
    79 75 66 250 63 80 217 39 141 175 180 82 37 198 73 13 249 144 208
    247 249 182 95 72 94 217 21 7 124 124 58 142 137 188 207 245 92 56
    169 151 117 227 105 74 125 157 245 191 20 127 107 157 14 43 105 24 3
    54 219 96 39 50 220 216 67 98 132 29 74 194 243 65 21 195 125 116
    138 54 122 201 100 44 202 174 195 175 12 147 255 104 243 120 62 106
    118 72 213 224 65 74 107 207 52 83 237 175 157 167 97 73 52 187 222
    163 212 49 13 66 216 70 221 240 130 111 63 234 88 161 41 249 178 201
    212 172 229 188 187 14 146 222 85 41 153 172 164 22 183 84 234 106
    163 54 232 2 119 166 253 171 217 50 99 17 179 54 185 108 100 195 76
    206 137 166 153 29 87 238 43 15 255 33 0 161 136 65 158 203 144 37
    30 164 212 225 151 149 149 165 149 38 216 67 156 9 154 180 233 229
    233 94 48 7 133 36 226 238 211 127 168 164 176 208 150 92 224 55 213
    225 191 238 149 185 201 199 23 223 213 187 158 127 6 252 151 200 162
    137 161 237 123 237 235 81 211 43 194 239 14 38 230 244 138 94 166
    103 164 167 128 68 9 206 185 243 234 31 148 14 193 21 15 81 141 151
    162 96 167 33 67 217 188 85 113 224 132 225 135 164 239 56 166 50
    230 5 224 108 164 190 191 87 95 217 38 200 135 181 12 179 216 125 2
    31 177 23 140 18 112 119 67 81 250 72 95 58 131 2 69 149 216 132 130
    67 154 136 96 158 242 11 246 147 208 200 93 232 125 70 253 210 101
    123 62 130 48 123 157 66 46 39 231 207 169 95 25 248 223 127 46 141
    156 62 187 239 8 199 210 215 202 158 164 148 18 243 213 12 141 188
    237 14 154 85 89 144 244 230 247 126 73 170 5 150 183 121 41 40 140
    40 52 105 32 217 29 9 17 111 6 187 224 21 58 161 72 5 55 218 172 61
    65 118 204 65 85 122 133 241 166 3 63 192 71 114 238 128 49 145 103
    225 46 138 71 139 36 84 33 135 194 255 194 70 146 194 77 144 213 124
    212 75 198 78 237 190 75 69 254 182 129 224 84 233 137 74 85 217 255
    227 34 107 61 245 9 164 74 127 33 28 97 218 208 175 58 117 194 115
    60 222 177 108 140 237 232 72 149 164 209 107 121 192 52 104 120 25
    211 118 113 78 173 48 2 176 35 37 141 151 39 176 42 55 222 56 89 94
    43 22 155 116 58 74 180 255 4 113 24 155 91 238 154 42 15 149 5 251
    26 67 222 86 231 60 115 255 85 137 35 164 129 31 33 67 84 47 100 198
    236 10 252 196 121 222 135 58 139 108 35 139 8 28 83 185 2 245 250
    141 98 190 193 135 222 154 253 141 78 52 19 79 107 11 221 124 43 2
    16 32 114 196 32 27 230 52 101 162 217 120 81 106 116 228 203 59 201
    8 245 46 122 102 107 179 190 47 98 32 138 207 10 186 85 156 11 85 2
    132 60 85 73 60 96 122 154 80 177 223 113 59 170 203 172 46 93 187
    253 173 131 60 132 76 97 232 134 149 142 163 52 117 182 4 64 80 218
    148 196 206 225 1 182 56 92 184 182 208 37 36 17 134 193 104 37 101
    164 135 121 172 57 1 165 95 67 135 50 184 105 185 132 74 213 103 88
    72 110 116 73 49 161 164 30 210 57 14 71 186 138 79 15 69 185 110
    244 149 196 204 220 28 22 184 117 89 187 190 48 190 55 245 110 182
    126 41 33 98 92 2 66 159 234 23 74 211 72 206 41 21 245 254 3 79 226
    113 145 204 94 72 246 127 238 186 28 227 132 156 17 8 46 58 239 96
    225 30 253 53 134 248 50 238 83 27 110 49 178 133 71 139 165 246 59
    160 114 55 100 132 35 4 203 157 246 143 134 25 160 127 123 95 180
    137 78 254 255 68 53 238 18 92 31 225 207 36 65 235 23 156 6 211 154
    89 105 98 127 181 76 159 195 160 222 244 242 113 84 187 182 86 95 97
    192 245 179 8 163 81 189 199 23 183 132 11 217 231 86 222 246 100
    160 156 157 81 116 37 2 17 160 55 66 101 164 86 247 80 195 6 184 100
    190 84 78 250 57 0 66 94 111 233 106 109 67 82 43 244 101 201 24 219
    194 89 123 121 139 202 187 77 189 61 172 158 226 171 126 99 105 66
    231 181 71 140 9 250 100 2 125 115 226 236 225 67 151 89 10 177 61
    145 9 129 54 32 59 63 22 92 47 16 20 10 49 41 232 3 110 125 212 147
    216 79 170 100 110 26 10 65 129 124 77 229 74 164 253 198 72 224 2
    217 95 151 135 73 166 43 167 105 241 117 144 155 182 233 3 214 25
    250 44 74 37 56 41 222 126 112 91 143 103 15 132 140 247 130 122 172
    110 92 122 40 12 138 217 220 200 151 22 129 133 178 245 183 188 65
    139 119 235 214 131 133 97 199 4 51 23 20 162 97 246 240 59 233 186
    187 189 69 174 20 244 93 85 43 251 249 196 71 152 66 40 209 88 249
    83 166 198 143 47 96 77 184 121 249 52 222 63 33 11 122 36 0 70 32
    146 237 254 179 141 139 14 164 6 130 199 166 121 28 164 25 79 121
    237 82 250 158 126 142 206 121 93 40 88 94 161 205 14 68 150 14 53
    80 9 197 159 207 145 111 110 104 47 158 122 127 127 50 204 64 178
    111 96 112 49 15 154 218 83 202 236 191 113 95 230 23 241 86 212 180
    208 175 102 34 144 200 138 129 134 132 199 183 204 132 163 64 141
    221 40 195 103 152 167 201 53 178 20 183 248 190 80 30 64 191 146 89
    109 196 113 192 211 222 123 118 54 42 141 128 75 222 5 195 75 69 79
    188 43 175 119 117 43 228 154 89 70 146 199 166 142 5 123 215 226
    194 160 141 217 138 55 106 160 37 155 141 133 115 252 48 156 78 149
    89 21 23 32 229 95 216 55 185 156 2 108 250 26 100 58 5 2 155 58 142
    114 176 203 82 16 248 42 103 183 179 213 129 242 245 236 156 95 93
    211 56 255 203 234 143 106 105 235 222 56 52 155 235 123 242 52 43
    189 186 148 226 8 96 111 148 121 7 45 28 152 187 93 34 41 181 239 28
    178 62 214 66 163 170 122 112 175 204 180 251 215 90 91 20 143 42
    177 182 242 128 79 187 245 124 175 236 132 6 28 234 246 232 157 91
    100 89 209 44 229 210 50 238 102 179 91 223 242 170 11 13 58 103 182
    95 202 254 247 234 206 120 190 213 206 206 180 48 165 47 1 23 33 227
    78 28 163 122 88 144 195 65 114 12 10 111 219 78 8 249 10 0 100 236
    43 148 223 139 200 210 216 240 124 205 214 104 147 169 236 196 58
    133 169 191 247 168 96 195 148 204 194 153 215 61 155 204 2 88 254
    27 89 67 223 210 40 96 208 121 84 185 167 141 215 191 4 215 3 50 166
    67 81 244 19 241 175 158 203 251 177 229 41 19 42 6 49 230 225 208
    55 58 225 168 140 26 103 24 161 46 131 159 210 1 113 127 94 220 122
    43 141 253 187 252 11 56 66 186 24 35 12 74 150 235 145 45 126 77
    134 199 175 101 105 9 38 40 253 111 146 178 228 0 57 105 132 72 216
    236 193 39 3 3 165 91 170 252 230 48 159 40 112 115 190 243 163 24 9
    60 93 217 91 193 247 33 192 226 160 179 237 135 41 42 2 76 179 110
    74 106 198 118 121 223 105 162 121 37 131 243 26 9 227 72 205 192
    236 254 229 203 239 212 155 255 198 9 249 243 64 52 26 6 165 116 144
    39 224 66 70 251 154 249 24 152 77 150 16 42 205 128 54 55 248 202
    45 175 60 78 218 245 2 255 107 17 181 23 188 17 110 219 243 172 105
    183 166 176 152 212 254 225 252 84 224 156 240 152 203 198 154 243
    72 59 48 135 186 106 193 49 222 75 178 180 233 129 47 238 97 165 168
    12 123 248 98 72 107 200 128 116 65 2 16 155 117 212 119 54 175 114
    0 175 55 186 64 248 15 79 199 127 244 15 201 254 154 179 250 125 133
    111 55 57 159 217 47 112 6 220 163 176 59 12 193 166 29 197 20 1 1
    56 225 78 134 246 191 238 109 41 77 87 175 217 96 241 187 139 176 80
    103 93 5 226 13 125 236 249 192 18 249 112 136 246 149 75 123 124 55
    203 199 107 223 120 163 60 113 50 134 197 50 12 92 185 66 185 40 6
    194 211 56 56 116 69 211 62 104 139 45 214 164 227 52 70 134 119 38
    231 240 27 200 101 14 103 213 156 60 127 85 246 94 189 100 183 69
    145 44 184 227 91 189 183 209 38 100 159 221 70 136 172 140 184 173
    147 103 22 234 164 176 144 92 210 252 81 205 190 44 106 187 243 124
    79 59 121 29 247 235 71 162 87 122 109 157 120 71 93 125 13 60 121
    103 51 199 185 197 8 146 46 99 128 186 255 81 77 117 202 94 86 102
    188 196 125 219 4 102 127 35 156 183 65 119 2 181 98 132 66 9 254 70
    112 73 31 187 83 219 6 64 122 78 247 61 178 189 30 205 207 42 116 65
    198 74 241 82 30 60 138 3 20 61 118 196 104 233 151 209 85 134 77
    222 231 45 36 220 61 69 149 130 236 217 23 203 140 183 233 231 5 180
    129 1 63 205 205 61 92 103 96 140 251 73 79 143 247 26 154 39 70 222
    51 154 26 217 156 190 195 246 3 77 71 49 105 229 152 74 82 215 80
    103 238 181 241 1 193 10 142 70 5 178 22 79 221 245 96 201 69 163
    242 66 165 218 224 59 58 251 220 50 148 229 31 175 55 223 197 61 39
    64 104 207 91 146 97 56 153 65 238 228 149 54 0 168 145 63 200 73
    151 92 0 18 78 69 135 48 204 173 188 228 43 189 215 122 248 111 249
    77 144 177 50 199 165 146 178 224 255 247 116 133 230 237 30 92 166
    152 57 108 51 238 118 58 234 158 66 182 200 99 86 230 170 232 235
    102 173 141 99 17 7 117 14 7 192 6 104 131 40 68 196 12 138 113 75
    107 168 24 50 11 161 149 225 8 214 104 39 107 67 150 91 146 84 125
    21 109 2 88 231 87 251 9 88 232 0 86 79 17 57 45 170 102 195 243 242
    59 6 54 77 132 107 204 160 45 114 184 145 90 181 92 82 228 166 53
    112 69 229 156 99 252 101 149 65 25 24 227 239 233 147 240 150 35 71
    143 245 65 191 22 252 182 53 248 155 131 239 181 144 147 22 55 115
    135 207 98 80 70 53 16 164 49 199 105 231 251 13 81 14 85 98 191 96
    90 199 77 99 77 243 24 146 176 55 79 51 60 149 157 101 163 122 99
    244 7 165 246 124 27 9 42 149 248 172 252 243 143 81 112 160 185 173
    183 58 243 220 118 231 180 20 212 2 224 224 10 121 24 144 65 73 74
    107 145 98 245 117 107 116 109 162 176 217 3 109 110 209 39 111 78
    113 84 65 188 175 25 19 42 140 148 76 152 84 221 176 231 243 6 220
    221 16 243 193 191 86 196 166 166 190 75 142 91 35 65 54 240 46 153
    180 165 46 207 140 123 190 221 160 116 148 35 154 221 77 87 76 214
    35 97 149 207 162 88 210 127 128 56 168 223 20 33 223 45 113 94 80
    113 30 231 243 99 71 139 43 152 92 237 245 55 27 182 153 103 43 167
    86 172 0 184 19 110 241 205 11 220 26 154 39 186 142 254 235 135 153
    80 31 124 61 151 217 134 48 145 92 50 27 106 87 129 248 186 237 80 7
    235 11 217 54 58 142 3 178 113 212 153 185 240 132 152 41 215 251
    104 134 207 8 189 67 228 96 18 245 42 219 251 167 214 73 148 130 165
    56 232 144 252 1 53 190 237 95 95 23 208 216 151 183 145 22 161 214
    24 132 188 101 122 163 123 114 124 97 186 22 238 225 130 131 101 12
    24 0 231 229 29 178 252 161 3 225 211 216 133 219 28 77 52 244 2 220
    160 178 32 128 170 48 20 113 77 11 177 95 222 198 227 1 54 211 58
    134 140 66 25 74 124 246 86 44 50 102 22 109 74 141 178 173 155 216
    155 180 17 98 111 113 186 25 153 202 144 236 179 17 155 104 105 193
    90 182 225 72 158 238 9 238 145 32 57 51 92 232 86 122 5 174 144 227
    2 55 208 248 77 109 146 147 204 92 55 211 251 231 90 174 10 15 218 2
    243 176 222 124 212 213 177 245 207 252 229 214 12 10 242 2 30 11
    175 160 156 61 96 199 26 24 203 230 132 152 253 109 198 229 44 166
    114 115 255 160 98 60 210 141 209 150 205 63 68 127 80 30 10 59 247
    191 55 169 88 112 115 234 150 83 180 86 206 39 162 228 241 96 128 83
    85 175 133 25 34 195 234 128 244 152 191 224 54 174 177 96 98 242
    138 134 187 111 11 241 91 153 36 0 221 241 223 247 66 103 206 230
    227 224 154 31 253 171 178 64 22 108 102 41 121 214 243 97 168 164
    99 71 60 223 229 246 254 32 77 223 68 86 179 170 253 172 163 248 160
    152 21 82 78 246 89 15 250 7 143 224 115 241 20 75 75 17 64 181 9
    143 116 13 254 2 216 52 97 151 38 115 74 197 41 216 149 56 205 69
    218 209 46 45 215 151 81 247 177 158 161 8 197 237 17 76 139 45 128
    75 156 188 151 171 247 143 120 53 23 160 144 18 185 46 18 137 22 18
    79 44 160 196 106 151 95 32 141 194 11 237 61 191 201 102 116 37 183
    22 54 55 220 177 64 22 69 24 253 253 134 208 212 178 74 10 58 96 117
    118 223 25 13 237 164 73 68 44 103 175 96 8 76 204 225 212 236 27
    167 145 14 207 214 157 18 116 38 78 55 172 224 133 74 153 177 18 207
    103 64 84 134 200 186 88 62 232 132 45 249 246 77 186 7 247 248 152
    202 3 164 136 166 83 236 246 97 47 239 243 130 113 251 150 54 209 65
    238 92 6 45 33 164 148 230 76 124 15 5 193 85 249 69 185 61 78 63
    187 210 78 103 216 4 251 197 242 168 3 164 131 97 4 150 35 160 42 20
    243 45 174 39 235 13 238 178 232 251 253 71 90 122 241 115 232 116
    181 123 223 236 210 246 122 232 174 0 162 181 27 0 218 90 218 91 85
    185 106 147 154 98 212 84 218 75 71 117 31 5 7 84 156 75 156 187 74
    227 55 210 46 92 56 40 17 149 5 105 101 244 12 145 91 4 183 15 158
    211 226 42 131 142 209 151 136 149 31 28 173 8 192 111 69 205 179
    118 151 103 192 243 236 3 216 38 57 42 103 145 55 147 13 85 177 246
    254 161 198 75 101 109 34 163 19 133 252 188 77 74 50 207 46 26 233
    34 80 213 120 76 92 187 192 215 143 227 199 123 253 81 56 124 105 85
    51 95 114 66 85 199 168 251 101 232 7 192 241 243 18 140 201 239 153
    7 7 36 10 22 100 212 186 151 52 8 159 144 51 68 80 30 7 66 77 246
    210 140 171 164 119 138 174 204 254 99 85 121 51 230 254 52 209 122
    48 41 103 173 54 64 222 196 123 67 244 104 222 64 208 17 195 0 161
    167 153 152 216 248 47 155 173 227 61 174 171 177 134 243 225 42 4
    164 68 120 68 118 173 164 247 48 223 242 157 63 33 193 116 141 13 18
    15 106 15 221 240 138 208 75 111 232 77 35 150 205 195 134 220 64 77
    6 20 170 236 183 16 199 12 246 200 197 197 188 253 94 7 54 48 226 86
    37 157 234 17 109 20 75 70 41 171 7 120 15 174 190 194 184 191 216
    42 19 150 188 169 99 203 160 15 84 243 228 100 238 160 222 203 101
    26 87 155 129 61 41 221 36 34 199 71 179 247 77 237 215 148 125 14
    90 63 126 240 55 134 161 12 161 92 245 45 243 123 70 126 99 227 13
    70 36 183 74 115 53 224 136 155 122 46 229 246 210 26 198 124 37 105
    53 117 116 57 217 108 225 221 232 54 4 17 211 46 167 101 14 185 16
    158 96 197 60 33 74 44 155 248 233 114 161 110 95 121 41 178 144 70
    55 81 86 188 166 22 190 69 68 85 171 85 92 11 8 186 128 54 108 159
    244 123 51 49 163 129 150 80 39 40 214 88 83 104 163 65 54 162 76 44
    200 197 169 216 243 70 75 181 177 219 71 225 79 216 32 207 192 100
    213 104 68 74 103 50 85 225 37 118 47 55 106 64 40 72 160 38 21 34
    121 62 28 74 137 41 23 138 126 80 140 146 72 128 134 97 4 18 177 178
    66 178 112 34 189 68 220 104 33 122 24 107 167 225 253 17 75 160 33
    154 248 170 52 50 224 82 171 60 195 80 141 53 137 142 146 192 21 181
    125 50 120 218 216 56 149 56 115 73 210 251 44 233 201 218 11 49 21
    151 166 241 169 166 169 146 114 21 0 252 101 150 146 37 60 105 28
    247 166 159 1 206 5 36 72 182 244 235 190 129 179 152 131 8 193 68
    15 179 37 234 239 209 20 149 169 31 223 244 198 172 29 237 12 26 40
    255 225 29 135 104 155 52 162 159 177 197 47 118 141 213 172 208 128
    105 164 149 36 185 19 46 247 122 86 110 175 214 101 120 237 40 16
    222 223 183 136 11 63 15 170 113 178 66 58 8 140 84 24 34 154 235 19
    52 25 197 217 8 68 143 97 123 156 12 136 182 159 225 57 112 134 75
    165 3 120 161 119 227 240 190 46 38 61 124 78 235 161 46 38 91 254
    96 83 169 193 146 169 34 135 17 18 168 149 191 81 199 68 57 238 134
    123 20 120 30 28 142 185 85 70 64 164 81 59 144 160 169 147 200 188
    173 154 58 155 51 255 190 25 80 230 58 170 80 86 5 180 151 132 89
    123 121 81 128 7 237 60 233 166 170 50 69 85 162 255 252 224 109 200
    75 204 52 200 119 14 226 237 1 78 218 79 183 83 158 155 85 75 7 126
    150 185 61 55 100 135 78 125 65 111 154 170 128 149 144 53 201 48
    102 113 252 246 67 224 31 45 38 97 247 30 11 139 87 196 102 0 237
    131 47 226 232 117 150 69 16 92 231 134 204 197 14 41 72 38 23 33
    243 208 61 146 19 193 27 146 243 251 60 234 227 224 76 178 146 165
    250 212 118 141 166 27 22 181 199 107 150 198 14 108 33 235 205 134
    28 4 225 35 180 217 253 16 69 251 49 235 163 159 148 66 19 237 185
    40 186 18 47 126 113 220 88 21 245 39 228 100 64 173 91 110 99 134
    42 200 245 171 2 169 169 56 0 14 59 1 103 239 170 139 152 178 204 66
    245 238 231 127 205 235 137 23 15 216 14 93 17 174 166 42 160 203 63
    200 101 220 248 195 96 13 254 187 81 65 194 159 95 137 20 158 153
    216 57 143 68 170 247 21 34 115 36 244 184 2 158 252 36 6 65 209 168
    200 189 169 120 156 69 242 114 102 92 200 228 130 55 32 104 104 48
    146 253 12 26 255 126 112 16 226 155 133 135 230 137 15 83 78 82 244
    131 152 255 28 197 216 31 87 144 112 172 4 42 130 48 102 238 136 25
    125 221 174 157 104 247 1 123 170 83 65 204 99 95 6 252 3 223 145
    118 152 114 18 201 192 237 107 227 215 49 100 228 67 245 161 19 235
    26 35 135 59 176 166 53 77 43 58 152 130 59 254 228 59 164 141 107
    28 56 159 106 169 221 26 20 100 168 192 216 7 65 192 92 171 141 145
    147 223 223 126 236 220 134 130 252 47 208 185 140 75 71 50 19 200
    163 116 237 173 51 186 130 253 181 179 140 84 123 136 91 217 160 101
    157 243 20 86 153 55 55 229 111 243 200 136 118 174 148 92 207 252
    244 224 128 226 13 160 58 97 199 54 7 79 222 246 184 129 22 13 246
    181 183 82 225 72 198 106 70 79 131 17 113 177 141 48 77 44 242 228
    142 203 159 70 162 40 235 19 44 134 64 236 168 255 140 230 209 245
    208 23 186 26 58 147 10 77 121 19 138 158 194 223 104 228 193 199 27
    21 123 151 82 143 82 159 139 13 185 110 58 182 43 123 195 59 210 42
    143 150 192 13 201 114 118 194 107 48 209 107 194 42 205 106 173 10
    216 97 253 132 181 254 62 141 169 86 119 104 127 189 187 207 178 253
    43 199 24 14 19 115 150 195 61 86 185 153 141 34 68 188 34 124 202
    97 103 158 216 82 241 99 229 35 58 119 65 125 108 50 191 223 73 43 2
    48 80 139 194 238 42 94 183 134 216 128 113 240 231 142 13 193 203
    103 205 164 100 126 83 205 195 102 143 233 10 38 112 141 151 26 10
    212 17 25 254 140 241 215 107 54 199 179 192 249 143 237 203 129 202
    25 55 223 109 209 179 141 40 251 74 13 133 144 79 156 25 2 158 85 8
    136 182 198 90 173 186 230 23 155 44 206 9 237 30 160 86 0 5 12 140
    224 194 103 173 187 142 88 99 182 88 212 16 156 60 186 75 205 146
    108 21 218 45 229 212 188 148 27 127 134 62 79 42 73 116 130 250 74
    4 15 187 143 48 97 206 206 15 41 214 217 136 138 122 191 17 105 17
    137 26 205 44 35 29 223 97 225 117 10 90 201 253 69 233 116 18 168
    177 219 36 117 188 134 240 255 143 173 92 189 81 118 30 115 94 157
    129 148 83 131 175 38 11 144 19 172 207 124 176 137 3 124 247 134
    186 17 226 236 133 202 86 189 165 0 38 138 63 203 241 207 226 82 131
    51 173 92 114 235 76 127 213 4 251 114 150 152 137 148 204 156 203
    79 29 23 213 161 2 32 199 207 132 134 148 140 141 166 202 177 194
    185 88 109 148 158 115 232 223 116 76 155 183 93 121 78 68 243 156
    238 171 205 9 14 72 74 99 131 230 183 239 156 53 217 125 102 238 16
    36 16 87 254 233 177 235 131 143 95 252 195 250 6 238 204 68 247 145
    179 70 73 200 246 170 204 132 158 99 222 122 137 37 223 225 30 79 24
    138 213 202 245 46 96 9 95 171 230 58 128 238 192 190 145 220 98 250
    252 210 209 123 183 118 155 249 20 85 22 214 156 119 190 65 214 164
    176 152 138 253 15 103 158 51 179 222 152 32 201 39 51 204 210 114
    117 100 85 208 175 207 82 169 196 24 164 17 189 233 106 194 149 142
    47 159 199 230 49 199 48 117 136 65 201 205 159 108 80 48 214 166
    212 135 18 38 87 24 53 22 70 249 208 208 248 189 82 54 98 121 56 233
    61 63 241 246 24 132 12 123 27 75 241 86 181 247 111 208 216 243 4
    19 153 34 198 180 199 6 55 125 252 236 10 78 101 5 131 49 104 45 189
    17 176 45 142 246 71 129 188 108 104 74 235 172 194 169 0 56 118 104
    25 208 228 56 188 47 221 136 66 81 137 248 51 220 191 67 168 227 53
    97 79 128 47 171 127 214 46 136 45 229 8 230 195 114 27 239 208 119
    130 249 143 233 123 23 75 152 78 202 197 206 49 133 214 125 145 245
    116 231 43 164 62 166 230 167 246 166 193 89 96 171 124 110 224 164
    206 10 50 50 25 84 182 40 46 220 120 52 227 25 171 176 53 223 112
    139 154 182 22 10 249 142 158 212 29 97 139 16 234 65 81 88 236 47
    75 216 60 185 48 71 243 212 11 39 121 30 166 46 10 29 234 237 214
    122 18 215 37 67 153 253 50 22 158 91 212 119 251 146 34 127 45 51
    41 30 215 95 194 199 200 68 208 243 197 202 169 127 232 59 245 80
    172 39 163 249 108 174 140 138 97 114 154 79 252 145 125 122 116 124
    145 178 62 178 35 180 223 23 190 113 220 90 56 139 129 241 198 37
    202 98 234 86 108 14 180 45 58 233 120 235 58 73 130 182 14 186 5
    157 40 22 154 99 246 194 178 70 135 174 128 143 124 180 76 94 26 50
    119 110 56 171 223 72 203 42 218 37 9 230 177 79 36 48 212 97 221
    223 11 231 85 253 73 44 127 122 211 231 184 138 213 46 150 216 18
    173 234 238 210 214 141 239 12 26 250 106 41 97 24 215 197 108 90
    221 8 79 168 10 147 150 193 138 217 106 77 201 170 252 76 215 20 116
    194 207 202 40 48 18 147 135 213 216 226 61 73 176 147 6 43 202 24
    180 88 58 28 14 16 235 246 193 141 53 43 119 7 217 47 223 227 140 20
    221 59 231 147 1 97 127 26 40 206 40 178 34 123 219 82 2 154 82 7
    111 237 159 97 177 8 124 166 13 228 110 114 220 80 42 179 20 255 7
    210 215 13 158 31 187 111 27 215 215 159 245 200 155 58 233 68 24
    240 202 57 197 169 129 85 150 184 61 83 80 0 160 46 86 90 199 150 19
    85 25 180 165 32 199 190 197 55 167 4 34 129 148 35 79 86 158 141
    126 152 129 171 73 35 95 241 210 158 163 69 46 88 141 110 221 251
    120 129 156 154 183 86 243 160 231 13 1 153 46 118 87 50 184 79 207
    3 173 118 6 97 122 80 106 26 220 155 98 129 240 178 225 196 175 93
    139 255 228 186 168 53 211 193 199 46 148 233 183 98 206 116 76 3
    199 213 148 96 5 49 168 187 72 242 105 165 74 181 134 132 171 74 252
    50 186 91 83 23 106 139 241 25 138 247 13 130 237 116 100 47 208 243
    148 143 116 3 64 228 237 215 157 112 169 157 84 9 50 79 18 8 31 182
    177 91 143 214 211 47 57 139 91 120 183 138 210 195 28 172 157 241
    11 0 128 162 112 211 5 110 201 206 34 179 174 177 123 123 253 77 19
    160 57 74 235 120 117 71 38 206 40 234 45 62 246 189 24 87 206 109
    67 68 219 124 64 168 238 202 228 166 54 25 36 35 146 213 73 123 155
    121 123 127 209 190 140 71 173 117 88 34 238 143 235 95 90 220 188
    244 6 93 193 95 220 130 84 38 88 56 231 222 213 151 165 98 10 125
    193 113 101 152 8 26 180 158 111 30 218 148 70 226 128 201 123 17 28
    198 174 255 134 208 72 133 20 150 102 118 70 35 55 28 45 37 214 93
    106 65 45 84 40 60 37 238 162 128 48 147 230 181 112 0 123 123 20
    189 237 175 63 218 17 47 51 194 51 38 6 66 81 226 225 127 58 120 77
    195 146 157 205 216 203 5 73 240 13 154 73 135 13 72 168 41 51 164
    211 138 82 121 182 61 16 218 216 203 239 193 148 56 208 140 76 196
    127 14 128 163 39 113 55 64 86 10 18 50 119 69 35 8 121 155 20 134
    217 12 153 183 8 149 94 63 116 164 85 44 179 153 240 239 136 43 225
    208 62 201 197 155 209 176 92 243 14 232 124 236 204 135 14 34 1 193
    156 227 88 111 8 27 11 152 195 212 212 14 92 32 5 186 210 177 188
    100 199 46 52 207 114 134 201 242 197 49 217 185 118 120 165 67 45
    195 78 75 89 19 58 72 18 31 174 139 174 81 73 38 201 190 184 10 214
    176 150 173 203 74 85 237 122 99 139 249 7 117 21 56 125 25 206 3 60
    2 14 110 58 228 221 103 116 42 236 162 106 49 233 232 106 12 75 190
    129 13 173 20 40 60 66 190 59 149 190 173 124 235 43 23 136 204 199
    159 54 222 214 173 59 174 142 124 180 209 11 188 30 221 163 94 251
    63 165 65 244 189 189 186 147 30 147 10 179 23 213 241 232 73 203 33
    5 235 31 202 229 106 34 12 172 179 10 179 112 225 254 4 85 209 81
    107 95 51 233 181 39 148 108 94 14 211 136 155 82 57 249 216 129 2
    232 252 215 36 46 2 196 246 52 60 140 173 216 113 217 34 106 205 247
    95 108 75 255 242 82 136 199 196 26 133 84 193 79 70 254 236 159 11
    10 40 150 243 212 60 21 43 66 35 188 41 103 36 1 42 160 216 240 250
    11 216 73 105 163 37 123 113 145 28 148 159 85 150 143 112 46 189
    104 222 80 38 185 188 54 248 104 190 205 171 98 36 246 210 98 44 103
    248 67 81 226 66 27 138 162 250 89 164 66 11 59 91 27 211 70 186 201
    121 132 30 219 56 95 209 241 205 49 68 237 84 237 221 103 26 145 51
    143 186 110 63 211 236 170 239 194 210 178 99 201 46 164 194 154 122
    166 180 11 151 143 136 15 41 232 95 20 82 16 174 203 151 77 12 205
    87 123 40 234 235 38 135 54 56 152 58 132 63 8 208 189 127 48 11 109
    148 137 130 69 180 114 119 215 83 194 185 121 29 193 197 162 49 218
    148 233 161 89 24 120 169 204 189 4 227 172 155 31 173 148 102 232
    199 88 186 12 245 87 242 17 92 219 29 117 98 92 10 76 253 109 209 23
    89 0 183 94 200 54 72 221 211 55 18 41 177 134 206 161 94 135 138
    245 147 198 204 38 247 153 18 233 108 132 173 157 30 171 148 91 41
    108 68 215 99 199 101 141 196 168 49 172 223 176 138 105 192 221 125
    82 187 102 68 222 3 176 105 226 117 85 120 199 175 7 25 143 104 240
    113 114 7 74 199 252 123 80 29 96 91 92 169 2 236 254 237 216 101
    243 137 225 100 214 186 184 230 135 134 245 31 254 139 146 245 8 118
    92 230 255 121 92 123 46 253 237 129 119 207 38 114 192 216 6 76 50
    148 8 100 7 149 172 107 166 155 25 200 251 31 117 62 78 171 192 132
    4 201 136 166 225 234 203 63 157 238 168 192 137 96 96 233 157 27
    163 151 168 241 254 197 30 247 204 30 158 65 244 23 237 217 170 184
    51 184 128 153 152 39 227 53 114 8 114 134 143 208 7 18 216 52 134
    23 97 161 81 36 28 167 71 194 145 109 136 175 88 223 199 200 16 98
    13 4 219 91 21 186 106 63 46 78 95 60 221 239 197 65 46 28 108 119
    82 237 56 56 79 72 252 128 192 113 199 35 137 7 28 2 121 88 107 161
    189 236 58 209 244 75 229 236 81 55 69 201 210 69 192 155 177 211 93
    210 32 140 31 168 205 212 74 12 144 199 178 4 243 4 132 250 161 133
    109 123 125 103 129 250 10 11 135 219 103 175 236 38 226 220 77 212
    14 244 210 216 210 241 240 121 110 180 221 181 8 50 193 68 6 219 56
    38 217 14 18 116 111 10 234 136 17 145 12 101 86 222 138 126 20 35
    143 14 77 247 201 104 217 180 151 180 74 149 225 215 73 33 225 199
    130 132 249 152 14 9 207 197 128 93 96 41 64 178 61 164 205 79 55 76
    105 212 188 56 130 91 68 133 69 211 17 80 185 39 156 92 66 48 162 77
    81 157 11 235 220 207 129 38 201 165 133 223 15 127 35 20 142 148
    247 40 42 23 152 138 84 34 246 197 196 122 245 67 18 13 68 108 86 27
    11 117 167 14 40 81 5 229 211 125 165 199 197 94 34 9 142 163 18 146
    89 220 199 194 4 64 146 229 40 228 85 228 98 231 12 231 84 174 133
    194 255 0 93 114 255 81 103 114 15 59 102 17 181 134 118 182 44 154
    35 134 249 9 199 67 189 98 252 204 63 140 71 66 135 24 80 148 99 227
    27 214 183 123 53 147 32 162 151 248 54 248 62 206 168 6 205 190 78
    76 237 232 196 1 255 237 22 108 192 26 103 178 132 69 112 213 118
    209 192 105 40 109 140 93 216 181 23 249 238 213 30 65 169 10 14 159
    161 196 104 59 155 237 253 203 78 109 143 5 163 239 225 234 180 183
    0 115 166 209 34 62 30 142 206 187 224 68 170 124 234 234 135 96 255
    123 161 77 84 7 159 100 45 110 255 230 235 173 59 228 35 81 108 83
    214 7 139 226 228 166 5 44 91 120 141 181 167 68 39 190 43 68 60 250
    106 106 177 59 210 125 211 195 12 199 123 16 42 201 168 220 78 23
    181 37 212 56 66 163 3 249 76 125 160 118 91 119 230 25 84 179 150
    29 165 42 6 10 180 202 7 58 189 251 181 147 30 215 62 105 249 223 67
    249 77 250 153 184 30 7 122 228 246 192 233 160 237 116 217 88 248
    130 19 139 217 174 153 203 245 21 227 40 139 229 22 239 103 213 132
    126 134 140 233 131 155 81 33 88 178 10 236 16 78 90 159 88 11 140
    192 239 105 10 83 72 232 231 153 32 145 33 236 226 207 141 128 8 129
    135 218 85 88 210 237 53 179 52 139 106 39 6 42 147 13 143 239 178
    190 195 149 252 46 128 210 177 255 107 12 106 188 200 112 58 13 214
    34 211 85 30 2 54 240 20 121 137 45 14 67 13 6 75 124 13 154 126 52
    235 127 63 252 225 132 175 190 236 44 57 243 233 68 152 3 202 104
    203 159 131 156 170 100 130 100 98 240 161 103 82 126 222 37 5 47 55
    112 249 175 74 72 69 105 16 168 132 12 111 239 49 12 163 227 255 73
    83 82 247 209 93 135 174 202 122 213 168 156 67 199 183 230 148 10
    164 158 77 207 166 124 0 18 120 150 25 42 135 54 45 227 159 140 230
    183 12 8 208 214 148 213 133 36 225 75 141 238 194 171 166 189 37
    174 0 249 57 136 98 104 110 173 4 222 229 156 139 30 0 49 199 122 43
    186 89 0 171 68 36 166 63 210 100 18 47 217 219 27 113 226 250 39
    177 107 49 226 124 153 231 17 215 212 66 4 3 65 49 189 102 127 239
    91 71 251 47 23 179 12 172 109 50 241 42 112 6 150 155 50 219 141 87
    77 194 124 63 35 120 221 119 220 206 73 10 218 98 65 110 14 55 104
    37 14 53 185 74 0 181 120 77 226 253 43 136 217 239 78 44 35 185 208
    185 76 81 83 156 146 198 149 169 113 163 41 113 63 43 23 219 210 104
    222 158 143 255 91 71 84 20 172 99 26 18 116 22 158 36 150 200 245
    136 174 14 152 54 150 224 63 161 159 154 51 202 225 85 78 140 129
    108 184 164 203 192 247 244 39 123 236 26 9 143 2 133 69 211 188 52
    89 89 10 108 4 228 255 160 14 59 237 164 178 122 172 227 89 72 236
    217 221 180 227 197 45 99 140 55 145 221 206 53 200 123 80 78 46 231
    104 153 208 45 195 79 63 214 74 243 187 143 160 128 101 171 204 144
    118 37 221 80 9 57 148 194 89 247 121 251 123 217 1 209 186 123 78
    130 68 78 93 222 62 166 1 102 59 235 61 112 57 220 210 194 196 107
    69 254 66 132 139 233 110 230 104 134 28 134 192 248 35 248 156 206
    230 83 236 175 238 113 162 129 203 253 145 38 110 226 131 145 2 93
    48 30 47 51 117 66 133 128 54 41 85 114 1 105 46 87 39 76 137 152
    101 154 243 231 132 221 254 174 105 31 8 170 30 16 0 229 97 51 128
    164 3 72 208 123 21 230 61 162 189 137 160 181 70 155 96 200 241 160
    44 230 33 176 153 21 60 222 112 118 38 30 16 44 95 138 126 162 238
    170 143 136 89 137 219 34 65 198 4 204 27 48 167 180 55 118 158 122
    201 148 159 32 207 105 36 201 29 219 234 161 105 218 24 237 206 190
    73 244 121 230 71 122 58 185 154 113 138 152 134 129 219 87 95 196
    143 149 50 207 33 33 110 188 200 92 40 219 232 79 102 119 170 52 131
    121 108 122 28 150 137 189 221 22 8 36 61 147 87 249 118 25 80 18 67
    52 206 54 21 21 131 184 101 70 150 163 2 123 223 94 139 169 108 245
    75 93 4 89 221 174 178 181 134 144 79 169 230 141 43 115 19 125 92
    183 123 241 86 141 171 255 219 107 177 86 155 102 118 170 190 74 132
    46 232 77 33 20 6 112 161 195 176 241 159 135 207 85 187 222 13 238
    245 78 232 244 217 53 191 20 227 181 47 39 30 67 47 186 70 37 47 71
    106 105 7 180 100 104 43 204 127 129 64 2 195 198 214 180 208 56 109
    243 125 127 201 233 249 102 253 113 68 103 180 228 223 9 65 107 160
    4 4 171 80 158 83 199 193 91 3 59 153 148 102 232 133 214 89 194 77
    187 143 217 31 63 118 129 51 144 161 44 84 246 42 155 0 172 227 214
    59 194 224 90 24 43 203 60 146 51 162 36 248 88 41 132 188 149 147
    111 214 84 24 232 230 171 158 22 243 178 87 61 210 70 93 215 223 31
    50 149 151 43 1 231 212 152 189 12 43 73 176 173 82 80 30 171 169
    161 218 68 19 104 149 99 203 66 135 242 11 130 163 64 64 107 145 85
    186 87 150 55 14 107 140 105 9 1 60 139 115 175 79 4 33 238 71 24
    137 83 51 90 34 240 145 189 199 149 102 55 168 31 187 49 87 77 158
    14 91 65 186 74 23 184 30 62 245 5 132 44 128 30 254 214 123 156 99
    88 16 23 40 116 237 120 34 141 103 249 18 163 65 234 101 102 232 11
    180 165 177 68 7 43 221 148 23 126 157 249 153 239 237 135 116 231
    168 115 201 14 119 175 98 146 253 176 85 102 200 153 1 87 243 179
    252 255 133 24 162 190 190 148 199 250 209 132 239 93 101 115 86 102
    230 219 242 6 164 159 93 129 227 165 125 114 155 254 94 72 249 244
    86 207 192 206 150 129 110 231 39 12 214 194 202 233 20 9 184 217
    223 102 85 43 7 115 31 228 182 169 116 83 137 246 48 81 194 74 229
    207 222 122 87 111 243 64 42 68 32 211 137 208 240 110 1 169 127 76
    62 191 43 86 40 15 27 179 238 198 82 68 238 94 106 224 208 218 176
    21 22 153 85 112 192 47 254 142 83 218 147 15 96 70 75 118 170 246
    226 27 27 151 205 178 167 30 39 240 172 55 222 130 243 12 107 72 190
    39 229 80 84 170 77 229 120 41 5 151 132 10 33 56 7 218 73 1 79 33
    90 66 249 182 23 46 216 46 78 120 92 191 5 227 193 148 135 195 41 58
    119 129 184 226 216 239 245 145 249 198 94 241 17 117 119 209 31 186
    46 146 14 217 141 104 232 90 174 120 177 146 114 168 147 247 201 233
    54 56 39 53 25 159 68 70 166 9 231 218 174 114 191 89 176 201 235 39
    207 160 140 55 241 162 85 207 75 141 136 254 16 210 124 246 148 179
    223 14 92 51 161 151 94 250 56 21 194 214 55 29 91 221 141 154 165
    150 125 132 242 79 153 248 74 55 240 156 62 218 11 67 209 17 78 145
    113 154 99 249 25 87 84 73 150 79 247 19 93 250 117 152 81 69 173 92
    184 18 90 187 213 176 232 91 26 237 145 37 37 126 234 200 149 231
    122 143 117 148 219 58 172 162 234 162 88 41 122 251 203 73 102 27
    86 255 89 101 159 27 254 3 237 216 4 163 24 72 70 60 88 40 157 36
    229 157 216 156 222 9 98 188 158 235 95 91 189 236 108 108 152 226
    236 14 8 0 110 157 229 69 192 128 243 212 142 6 85 111 149 202 77 54
    43 120 2 211 21 33 207 161 121 13 172 180 89 10 158 189 196 59 71
    249 238 46 1 150 42 154 126 95 110 141 92 226 190 90 251 92 200 186
    44 22 141 41 93 59 10 249 232 63 137 139 111 202 170 242 1 88 149
    103 15 93 110 88 171 194 111 245 51 139 123 180 8 51 54 107 100 117
    214 35 41 79 89 129 247 147 241 236 90 216 223 220 249 243 83 133
    219 92 23 197 37 169 1 63 102 89 180 81 161 37 209 252 226 172 146
    75 143 92 93 29 103 184 234 216 6 192 77 132 142 234 30 32 228 39 40
    255 42 162 64 79 225 167 0 167 116 206 43 92 239 232 10 91 199 200
    179 250 85 233 236 218 14 58 132 226 150 101 91 169 70 40 109 33 41
    30 75 226 105 14 26 40 90 248 222 195 103 173 201 85 67 27 57 138
    108 151 115 108 40 58 176 89 168 146 98 32 248 159 225 144 140 170
    28 167 3 64 5 194 10 207 191 230 193 20 42 144 149 101 237 218 14 13
    6 63 19 28 7 104 67 233 236 93 207 170 211 253 178 124 88 177 182
    155 159 59 76 25 55 91 41 195 116 242 244 112 147 183 32 235 153 71
    251 216 212 224 41 97 109 235 41 132 245 249 185 69 22 216 97 0 192
    96 106 155 15 233 48 5 158 112 112 151 254 42 220 49 71 84 150 78
    229 97 73 234 252 120 73 195 96 71 221 211 150 113 62 39 109 68 186
    191 216 8 158 26 189 203 171 78 36 188 210 215 125 45 35 102 128 180
    3 179 61 235 125 59 105 177 126 174 254 63 22 106 121 170 85 56 61
    70 236 230 103 69 8 252 140 156 112 199 62 172 202 113 243 45 47 7
    65 72 194 171 113 113 126 158 171 222 44 32 3 144 163 169 81 56 5 89
    142 250 106 119 212 204 87 152 136 48 157 35 73 68 27 115 84 254 248
    178 172 85 95 174 157 99 188 16 13 35 156 198 216 10 21 108 167 99
    196 7 6 159 29 247 27 181 169 21 0 102 241 34 152 192 225 230 172
    207 150 25 44 126 107 237 234 96 162 157 172 50 163 99 141 212 40
    178 78 153 28 7 238 209 92 77 154 180 70 43 40 175 133 245 169 133
    196 78 43 224 10 158 0 69 20 128 251 92 187 107 48 12 63 48 189 56
    117 44 95 84 209 78 185 153 75 254 247 217 91 132 141 60 66 147 121
    165 13 93 168 226 25 105 57 21 62 255 212 248 147 209 221 11 177 252
    46 43 31 37 159 142 70 166 19 114 9 13 153 83 102 69 219 207 158 31
    146 31 199 56 97 95 148 140 87 50 156 134 178 39 77 221 60 8 180 50
    103 16 149 151 236 110 174 147 111 137 199 184 218 215 119 75 63 202
    252 76 66 12 198 218 127 244 95 97 54 177 179 240 64 223 67 47 132
    37 38 242 107 247 80 127 151 244 253 190 196 232 32 160 253 50 190
    220 108 92 176 108 210 73 68 167 48 219 74 245 231 177 179 154 174
    136 135 6 55 3 253 115 112 79 254 120 160 61 177 143 153 154 117 199
    226 124 95 20 180 151 15 38 101 21 84 77 120 108 82 202 5 63 175 3
    213 86 164 8 237 113 253 157 41 114 169 216 117 245 15 103 175 161
    112 196 108 248 238 240 144 56 121 84 78 14 175 130 91 18 123 52 13
    218 6 208 225 195 174 58 49 207 172 214 98 224 214 228 31 58 117 1
    255 20 152 151 174 91 58 240 53 188 142 166 47 221 90 70 186 84 42
    123 30 175 106 124 81 242 180 189 50 242 91 245 158 15 133 230 89
    137 12 76 137 195 11 182 234 151 137 201 227 229 61 216 221 245 157
    160 58 147 84 199 117 249 67 133 32 71 54 251 50 0 187 207 102 32 74
    222 143 77 247 235 54 46 103 80 101 176 2 159 54 208 36 207 43 254
    112 123 149 130 40 130 156 191 115 178 235 72 58 129 83 11 91 221 56
    0 173 137 51 172 70 108 11 34 105 221 135 219 249 191 200 115 149
    196 61 97 38 184 42 251 205 132 251 130 21 10 49 156 11 155 255 98
    177 125 28 30 81 125 71 248 150 70 99 196 231 126 217 175 208 22 220
    187 158 145 33 59 29 132 173 230 86 137 88 241 73 213 108 166 14 23
    188 181 86 244 23 180 74 3 210 109 41 139 83 175 245 238 169 137 197
    108 91 232 67 36 156 144 97 109 238 189 74 218 182 14 2 38 243 105
    61 10 245 131 7 198 72 238 139 127 27 119 93 60 172 59 10 116 117 86
    87 7 202 68 42 31 251 58 21 53 231 8 161 18 236 99 14 45 174 200 88
    156 145 57 150 143 104 11 109 238 89 191 128 149 154 144 34 215 232
    241 36 28 226 235 180 123 40 95 50 228 116 21 146 7 101 255 213 78
    156 109 82 143 171 112 114 223 152 222 26 233 177 170 55 95 89 221
    201 154 95 145 184 41 180 76 232 101 108 188 125 57 30 102 45 64 228
    161 101 121 213 93 235 0 33 141 158 243 119 131 200 136 162 18 51
    113 243 125 181 54 232 101 94 39 232 16 62 20 63 147 59 218 241 64
    103 232 37 124 20 73 174 186 71 13 97 133 174 9 109 127 37 182 41
    152 244 154 189 57 30 127 238 169 72 139 217 110 100 103 221 32 66
    231 187 164 240 45 226 18 97 109 104 162 66 146 143 175 17 157 230
    236 154 67 45 57 148 66 137 117 136 215 249 165 15 22 142 86 20 203
    184 234 154 190 155 79 8 35 78 82 22 13 196 26 222 23 242 180 243 85
    70 186 49 169 64 184 141 209 165 3 156 249 226 32 81 158 82 160 141
    136 70 196 59 152 186 191 225 176 2 3 92 40 205 97 198 129 46 58 40
    154 145 96 60 243 144 252 223 170 34 69 186 222 58 37 20 85 63 123
    112 78 102 194 15 63 104 109 245 129 169 95 164 230 67 7 7 84 248
    137 58 145 246 232 39 213 219 230 4 244 133 38 16 52 115 27 227 134
    237 20 70 116 236 224 244 229 184 187 96 25 79 167 165 183 144 20 57
    9 133 112 180 176 187 104 60 64 19 246 59 120 235 98 120 23 214 153
    97 237 228 51 186 70 202 134 164 80 89 71 217 230 189 142 46 32 72
    80 99 91 0 13 218 154 145 88 42 235 211 28 192 105 113 249 158 208
    135 188 7 226 192 59 188 201 124 11 229 59 25 180 135 161 164 107 46
    142 195 21 112 123 83 111 168 247 169 151 193 20 182 197 245 167 180
    201 249 166 6 43 238 196 180 83 86 212 130 93 1 102 143 33 29 68 249
    48 57 26 194 74 128 171 61 215 23 191 185 190 124 101 137 103 118 21
    20 0 203 53 134 193 177 20 20 91 236 48 2 158 113 46 103 7 122 194 5
    176 3 145 162 45 8 253 219 232 116 195 170 92 225 67 156 3 3 9 150
    152 186 201 149 30 243 239 153 135 156 6 68 102 227 73 25 145 147
    228 151 236 173 51 53 48 26 166 16 170 210 4 8 84 1 163 197 166 49
    84 125 88 251 253 59 190 113 79 36 160 209 5 108 9 4 225 49 166 5 81
    22 17 192 145 152 181 23 203 36 7 229 151 187 116 130 231 89 91 141
    243 58 176 63 193 197 142 22 168 218 78 248 255 103 219 214 64 140
    84 206 93 250 163 21 34 189 49 191 152 191 111 68 94 202 68 3 66 117
    113 218 208 141 48 55 38 250 192 40 43 43 37 205 68 90 63 210 252
    159 12 148 56 34 66 245 142 225 41 99 219 132 163 17 188 1 210 38 29
    140 62 89 131 190 104 101 197 202 139 152 67 175 177 37 120 243 33
    205 200 97 144 115 99 216 151 240 213 56 10 183 100 67 26 88 75 135
    49 192 195 139 37 242 57 112 224 1 139 193 1 159 27 52 241 46 127
    140 104 177 245 227 48 37 10 220 100 121 165 8 143 185 100 233 64
    254 68 76 87 12 24 29 49 217 20 11 11 239 19 134 64 136 172 120 217
    148 50 121 157 192 245 153 170 63 64 1 71 108 67 213 190 60 49 214
    105 248 249 57 238 10 96 152 228 250 196 144 20 190 150 6 81 212 179
    64 243 71 116 208 117 3 233 119 136 164 95 199 101 113 28 120 1 130
    39 50 92 194 137 167 169 220 209 246 154 233 149 116 234 24 112 35
    113 143 167 254 216 171 48 166 38 159 116 209 59 54 156 227 54 198
    180 152 37 80 184 211 7 96 97 177 46 111 248 204 105 98 7 173 62 223
    242 83 132 177 221 219 171 12 51 51 68 212 46 89 77 184 76 230 170
    108 179 243 40 85 49 53 69 244 5 201 233 47 66 80 249 132 122 219 43
    244 134 5 157 22 231 250 5 180 196 216 9 245 213 161 4 72 137 231
    204 179 33 88 24 60 147 57 130 25 92 143 205 40 73 166 216 150 26
    247 76 120 199 239 61 8 163 171 198 132 21 200 61 49 90 70 182 230
    153 152 57 48 62 213 163 205 21 11 227 28 70 47 188 199 133 4 223 33
    147 94 224 71 28 250 91 98 188 192 231 91 83 176 59 36 139 64 17 165
    243 17 250 203 31 66 148 31 14 85 202 164 78 46 221 75 253 200 138
    20 134 190 249 80 11 204 84 133 201 54 115 45 248 7 114 9 179 21 164
    217 109 224 2 189 219 195 198 36 205 237 175 95 227 57 242 6 141 43
    128 117 226 154 72 126 4 181 74 130 236 56 93 225 94 31 20 251 241
    175 150 57 228 187 181 61 183 191 182 5 196 151 39 151 144 45 3 118
    222 63 194 31 64 165 91 150 118 63 8 26 107 31 181 180 194 10 205
    150 127 166 37 116 47 151 88 172 84 80 31 43 56 30 22 151 101 217 37
    78 29 99 234 154 72 26 103 121 113 74 34 107 55 140 169 177 38 126
    69 179 198 220 33 104 102 231 68 252 122 18 66 167 124 29 97 198 182
    134 231 81 82 216 76 243 94 187 66 52 69 91 33 241 217 213 65 210 99
    74 128 110 148 7 8 240 42 44 210 35 210 45 99 36 146 121 2 160 147
    76 83 179 6 219 52 19 75 249 34 149 140 179 218 109 70 246 12 62 254
    193 127 69 178 185 176 40 54 16 234 84 60 203 40 74 128 234 75 34
    157 138 16 176 65 42 37 156 1 104 133 129 135 29 24 206 247 170 46
    234 235 150 147 84 227 247 12 16 29 99 63 223 172 159 129 199 179
    111 160 175 194 142 250 141 55 130 11 45 9 61 5 19 194 42 180 173 90
    122 194 253 121 33 129 19 74 85 215 29 165 223 132 48 155 137 56 70
    46 13 158 207 46 118 175 77 200 236 52 82 137 206 47 254 143 172 43
    70 197 74 30 151 194 201 159 32 238 170 140 58 178 150 205 111 207
    125 227 157 235 207 229 14 32 122 82 224 253 118 197 196 69 238 132
    70 176 1 33 99 178 93 163 209 15 4 140 60 169 32 5 214 106 67 34 84
    215 149 8 160 176 5 199 11 15 58 121 238 161 201 76 15 160 159 216
    200 101 73 103 245 151 130 9 50 92 81 1 251 205 91 173 166 65 74 32
    176 158 63 154 61 49 122 77 113 86 103 19 41 162 103 193 71 26 170
    84 49 196 211 17 253 92 77 169 244 8 136 147 38 147 255 150 182 193
    77 81 249 236 41 205 249 1 102 18 252 200 249 165 250 173 86 188 38
    141 35 130 56 208 245 23 6 116 26 251 181 234 156 126 31 247 239 174
    47 1 89 245 247 0 36 125 158 135 123 66 98 67 129 71 84 169 177 141
    8 7 111 142 227 143 109 132 27 59 232 101 164 173 253 253 61 105 61
    4 74 87 104 222 152 145 39 57 56 158 237 116 21 82 172 220 206 120 7
    63 88 245 177 122 177 117 155 122 218 210 31 206 56 128 83 230 6 136
    130 223 26 142 135 94 98 102 99 30 108 159 66 30 159 207 76 235 192
    161 195 34 145 61 158 181 244 154 98 10 97 173 240 187 47 97 100 23
    188 169 81 228 62 94 199 123 71 77 229 13 6 67 88 124 231 131 81 89
    199 198 158 185 43 206 168 176 33 117 231 70 231 155 196 189 226 51
    147 220 168 224 115 247 98 246 164 89 183 12 205 205 28 69 228 21
    126 32 26 11 133 141 210 173 101 5 115 237 26 72 254 149 105 23 121
    6 143 254 18 33 146 39 167 214 198 152 213 83 63 158 77 25 118 57 7
    76 205 85 20 80 221 115 38 253 188 132 89 171 252 209 147 15 193 205
    39 57 94 187 185 73 231 97 69 24 196 86 233 238 246 104 112 227 131
    111 50 103 116 58 226 190 229 141 15 24 24 134 240 112 137 139 125
    196 35 103 25 182 116 214 7 248 37 239 94 143 21 168 208 242 82 39
    89 109 82 129 84 200 138 52 135 46 248 226 210 122 220 69 41 162 226
    131 223 19 102 175 153 56 113 191 52 178 12 19 202 39 218 155 5 176
    23 1 185 188 91 244 255 33 39 176 229 80 99 86 169 62 86 51 213 103
    246 210 27 176 250 158 229 66 29 115 191 99 136 184 0 156 136 247
    149 233 155 150 84 96 32 241 51 148 60 151 144 148 13 32 157 159 19
    35 204 10 54 116 254 1 129 218 163 110 2 107 148 111 225 20 246 113
    37 60 66 37 82 68 118 89 167 211 214 202 251 113 86 146 47 219 235
    30 37 183 114 113 201 154 101 211 100 255 77 202 164 107 106 151 71
    71 82 51 210 211 20 184 91 230 44 1 25 242 188 243 163 233 75 100
    177 141 201 153 188 91 124 171 180 158 186 18 217 189 64 251 100 194
    130 220 244 49 137 216 86 149 142 4 74 157 118 51 106 4 23 75 157
    208 152 205 31 193 24 216 115 122 166 89 70 190 181 61 3 250 215 171
    11 69 179 230 66 186 12 163 213 150 123 240 248 246 175 68 66 211
    156 171 181 63 172 137 182 230 82 169 122 89 192 72 45 233 85 19 236
    220 38 59 187 232 199 103 197 179 48 4 128 144 138 121 194 92 219
    232 174 249 10 39 186 52 156 168 243 73 32 78 62 239 41 200 59 242
    44 69 212 118 13 156 196 75 187 46 117 112 45 94 36 167 95 114 247
    201 142 210 90 100 96 220 196 47 231 144 218 155 112 135 190 59 213
    237 131 111 135 7 123 121 72 235 19 97 97 76 73 155 45 212 104 139
    221 37 206 97 233 3 69 123 90 46 100 142 250 254 133 93 105 242 112
    242 68 10 176 224 20 37 174 44 250 90 242 112 212 255 127 225 192
    185 161 17 19 87 18 204 79 201 41 247 230 181 208 168 232 186 198
    209 243 1 215 110 159 130 96 40 229 82 229 126 219 73 134 9 99 39
    193 29 38 70 96 126 175 235 23 91 96 112 177 209 50 62 89 207 155
    148 47 38 125 138 138 103 84 76 194 240 151 80 47 24 205 97 164 68
    21 236 36 1 147 149 120 6 250 189 214 26 216 132 167 14 181 101 25
    102 168 225 19 61 215 170 100 190 134 51 35 236 42 127 231 12 147
    199 138 231 229 25 74 72 3 88 203 146 104 72 209 53 40 98 30 41 8 95
    45 119 201 107 93 126 47 103 93 194 33 255 167 29 110 86 211 157 69
    1 130 214 125 139 152 104 24 216 172 79 19 102 167 199 113 129 243
    92 188 91 252 224 160 50 188 110 67 8 122 106 209 247 212 181 100 22
    215 81 188 225 254 114 161 38 225 11 47 41 222 113 67 215 176 18 61
    187 15 110 171 216 40 160 132 21 50 114 17 29 18 155 3 129 222 29
    186 36 178 116 143 79 230 201 38 225 29 129 88 152 95 149 219 229
    130 8 116 67 191 61 182 104 91 98 105 12 187 129 22 255 82 140 26
    204 26 40 216 44 115 224 69 44 227 190 80 144 160 229 196 233 223
    204 207 84 14 222 233 1 248 100 178 11 25 226 230 140 55 55 243 177
    130 251 5 105 68 198 12 236 104 215 191 57 153 116 74 25 53 222 166
    233 33 145 4 200 2 240 255 37 46 25 68 56 254 30 145 111 215 86 185
    97 76 191 235 144 131 155 167 230 132 255 116 141 74 130 137 102 241
    18 36 120 36 138 121 41 29 3 136 242 233 88 223 22 107 100 162 200
    32 85 176 23 29 178 61 211 40 220 101 32 4 36 206 98 9 167 97 112 50
    43 112 90 71 115 94 103 54 4 113 14 5 36 146 2 173 102 223 96 156 31
    128 12 4 248 142 78 37 115 154 80 73 194 216 90 151 102 186 53 154
    225 53 14 15 63 89 77 229 250 87 163 235 247 210 72 20 61 88 183 11
    135 155 247 62 104 204 102 80 6 170 183 47 168 116 94 217 238 67 107
    168 165 4 209 41 207 154 226 22 52 240 53 80 159 174 252 144 54 108
    79 176 140 203 213 23 14 176 125 254 145 78 141 134 154 234 94 171
    245 236 206 212 127 98 49 164 196 28 163 150 192 106 243 137 201 187
    29 93 138 8 5 151 166 143 193 252 107 19 105 118 194 59 12 167 15
    120 39 89 29 180 166 116 165 143 193 199 21 204 213 74 228 16 38 237
    45 122 178 76 60 197 66 147 76 204 5 135 113 132 188 249 253 235 82
    59 50 133 239 127 237 142 178 16 187 242 161 244 42 233 103 35 72
    207 201 143 246 94 24 142 180 242 165 51 255 225 109 213 230 253 134
    172 135 40 7 12 53 72 122 165 191 58 104 233 133 151 66 138 14 30 68
    43 54 85 205 131 186 233 55 0 86 156 39 214 160 149 97 120 76 30 184
    18 130 234 88 120 251 110 78 206 108 86 116 80 217 52 154 206 244
    154 225 59 155 244 32 224 218 224 23 20 76 130 224 99 114 150 88 125
    145 47 140 254 179 201 26 206 12 239 239 106 50 246 161 50 243 221
    137 10 113 20 30 242 110 170 27 161 43 73 216 105 236 45 142 12 71
    203 7 205 27 62 144 224 55 47 30 197 176 115 188 31 213 67 247 114
    31 44 36 10 96 183 150 181 81 215 66 139 38 180 230 110 102 247 18
    57 47 16 15 174 64 80 194 90 57 147 41 25 231 129 152 218 156 233
    112 92 9 82 30 184 54 245 195 44 70 108 80 226 211 55 166 145 122
    185 119 248 25 131 170 99 63 75 116 65 252 41 203 116 174 245 168
    213 166 158 175 38 186 249 64 23 37 101 102 211 90 246 196 173 123
    247 27 146 40 17 147 61 184 104 232 205 210 246 144 44 129 251 118
    194 16 46 223 163 200 102 11 72 194 35 82 227 211 77 164 167 10 127
    224 129 19 130 236 121 78 17 41 34 110 37 185 127 98 62 231 125 16
    82 33 30 173 149 16 60 29 125 82 77 115 10 253 7 233 239 52 112 150
    150 238 164 181 244 70 129 121 134 226 173 67 203 253 49 232 89 160
    175 197 120 154 239 50 186 134 83 169 148 235 135 115 92 71 8 17 245
    164 151 253 83 109 134 141 120 16 222 200 110 81 208 143 156 148 123
    138 226 140 37 113 200 232 218 18 79 212 130 219 194 148 240 4 95
    237 135 155 240 75 70 27 243 247 254 6 233 130 24 103 193 243 180
    119 70 110 205 255 182 80 250 214 116 226 213 87 126 109 241 15 235
    243 244 83 213 60 48 192 96 213 61 203 231 198 236 22 148 83 26 246
    155 141 0 211 181 233 147 100 5 232 79 201 233 48 156 22 107 69 146
    205 191 255 208 107 60 116 106 200 62 232 108 34 194 204 171 111 175
    12 5 66 173 64 117 155 212 170 47 45 239 188 216 51 10 44 42 10 209
    99 106 109 35 24 12 125 147 162 133 210 122 224 134 202 151 136 63
    76 232 137 219 53 133 136 240 250 167 199 37 119 13 136 31 33 81 113
    149 3 138 127 182 105 84 2 227 202 164 139 243 15 5 7 158 208 148 23
    150 228 45 230 179 240 248 100 199 19 17 186 71 228 51 231 30 253 53
    195 136 1 148 187 84 74 36 110 194 54 187 182 32 151 9 94 16 227 227
    67 197 161 214 131 2 20 66 16 158 31 168 140 27 96 113 106 121 228
    162 87 233 231 182 67 109 170 38 128 33 196 231 191 123 156 74 216
    21 184 202 177 115 37 4 206 126 87 90 242 236 43 38 199 248 129 145
    228 173 69 24 48 231 45 29 223 26 140 96 66 251 9 181 112 248 107 17
    71 131 105 194 194 126 65 141 238 83 216 182 220 189 116 141 224 85
    110 54 34 25 209 118 187 126 9 213 19 64 158 201 68 204 56 14 173
    128 117 109 31 121 183 7 33 167 199 129 195 240 8 104 221 92 75 43
    82 131 32 45 118 145 55 65 73 252 56 81 172 16 255 66 145 123 128 74
    129 149 116 186 47 164 92 105 126 178 124 149 137 136 19 115 201 32
    61 239 114 109 31 53 208 208 153 129 112 49 118 162 167 87 249 53 91
    187 70 128 182 108 243 212 164 233 186 1 3 24 132 135 32 153 220 50
    114 224 30 126 194 38 97 187 102 173 211 215 238 186 33 124 222 215
    119 70 22 178 42 193 188 2 73 118 26 0 126 98 101 19 16 60 40 68 126
    141 139 147 96 27 69 223 62 235 252 189 83 101 158 7 225 28 8 157
    224 120 62 96 121 22 150 66 111 5 169 193 205 5 151 12 202 49 99 166
    140 123 12 217 123 66 17 247 136 255 32 170 140 120 41 250 244 240
    170 190 76 227 125 44 58 20 106 180 167 48 98 103 5 235 178 114 125
    213 91 190 246 103 34 4 172 74 174 21 128 201 5 68 158 149 172 144
    29 101 114 136 132 45 0 24 13 110 104 153 238 112 28 37 245 153 29
    98 84 128 249 166 171 119 48 86 255 217 43 217 41 108 89 114 152 85
    1 53 247 16 114 85 103 153 51 27 150 123 139 223 176 142 136 128 104
    28 154 74 160 113 61 189 142 20 15 102 244 24 254 39 164 54 151 186
    149 157 45 61 39 119 84 220 19 19 77 155 50 121 184 206 123 48 250
    67 150 90 64 71 178 191 96 136 28 79 207 159 94 105 212 133 39 222
    37 248 165 171 195 75 250 163 66 167 131 102 2 34 20 163 43 6 215
    217 171 192 129 116 217 229 230 159 33 113 73 195 163 116 204 113
    150 23 148 220 49 44 44 111 139 193 197 154 31 162 149 58 64 56 65
    171 11 105 220 249 57 241 1 39 229 218 174 205 51 166 169 131 166
    136 231 213 45 123 106 213 222 121 75 59 197 155 169 93 69 17 216
    166 146 219 236 133 39 170 226 238 85 88 31 38 91 13 244 152 151 132
    15 241 17 223 92 232 68 94 165 107 178 200 38 197 176 135 81 239 29
    192 38 132 59 245 3 109 20 168 168 203 127 32 57 84 21 50 139 46 242
    69 165 162 59 176 49 24 169 20 85 77 234 73 93 209 2 243 205 108 163
    122 137 109 143 71 107 241 153 102 70 121 25 225 47 88 157 176 172 8
    25 213 50 3 237 110 245 121 113 5 233 148 116 223 71 51 194 50 43
    186 147 84 201 153 145 24 71 202 163 38 23 126 235 128 28 15 23 144
    18 121 166 224 194 180 122 238 190 250 72 10 254 48 213 75 197 98
    193 144 245 88 196 224 216 103 188 126 228 115 162 119 231 152 43 95
    142 77 177 112 56 190 38 250 140 192 34 62 14 34 217 210 171 203 89
    98 173 163 208 36 54 163 100 94 66 126 9 57 249 81 249 67 113 208 6
    174 122 51 153 116 178 225 171 80 162 239 221 10 123 126 111 119 197
    50 19 27 222 191 174 69 14 166 233 174 97 113 92 225 210 152 241 21
    250 136 192 47 194 130 75 77 33 121 144 132 114 200 143 30 163 178
    188 16 194 222 51 156 139 171 36 251 107 97 115 116 140 228 12 192
    74 173 67 204 196 109 26 54 54 57 203 254 225 29 209 35 204 35 44
    142 60 189 128 49 227 142 215 243 5 87 139 36 0 136 200 126 187 88
    221 27 116 112 236 40 190 148 74 48 97 120 224 140 235 107 5 22 138
    110 99 180 202 99 242 120 59 1 178 99 107 160 59 166 191 197 95 16
    218 130 106 0 253 63 74 168 4 160 79 33 134 101 43 252 187 43 60 142
    228 128 208 178 27 183 6 192 104 219 29 254 99 215 209 241 19 139 70
    120 152 240 181 134 143 76 48 137 141 230 80 235 162 74 13 84 159 51
    112 158 77 49 251 161 236 160 119 203 118 0 15 13 169 235 27 130 203
    83 122 164 110 10 79 128 53 45 176 84 68 154 212 100 146 246 209 80
    122 4 67 218 145 196 190 9 239 183 205 210 122 212 110 159 33 247
    240 92 21 66 181 52 124 38 238 28 220 25 208 5 173 245 82 77 69 137
    117 45 6 143 163 37 186 6 66 231 161 245 115 141 133 20 101 169 105
    152 200 34 100 108 225 204 96 216 15 220 125 175 152 191 136 8 253
    164 4 72 114 223 133 86 74 37 136 217 197 47 218 86 123 205 107 49
    97 119 42 172 127 216 158 174 170 86 34 54 5 63 6 18 140 16 87 173 7
    77 187 52 202 250 234 226 1 107 2 87 155 99 196 126 249 183 181 229
    151 30 115 56 182 129 61 103 234 242 23 68 224 32 147 199 79 248 157
    10 90 50 43 230 12 111 154 80 236 208 32 178 252 253 80 254 57 69 34
    143 152 45 192 15 207 51 88 242 164 37 178 234 14 88 225 29 167 139
    227 110 216 188 247 150 159 204 100 216 134 219 151 100 252 159 164
    79 204 184 220 166 71 79 133 71 171 177 37 69 245 235 157 237 182
    153 195 6 124 53 75 242 129 52 178 220 24 202 247 87 10 117 192 20
    47 68 139 15 156 107 127 218 110 75 14 122 110 6 174 63 28 220 182
    100 201 199 231 46 12 158 113 187 50 247 254 244 137 120 160 38 90
    89 44 224 184 80 228 58 99 199 204 142 9 214 147 247 37 148 60 198
    244 156 215 104 166 66 102 58 40 162 73 112 227 83 15 189 132 50 202
    73 86 174 64 25 155 55 170 126 161 6 201 181 12 200 221 235 176 53
    66 134 128 105 98 116 63 1 86 19 233 144 52 203 244 222 46 184 118
    78 38 85 99 181 123 117 63 144 233 75 19 238 85 67 84 181 182 36 29
    124 58 88 246 38 5 215 94 40 93 160 222 40 228 25 191 102 219 248 55
    81 106 251 243 154 106 37 154 69 176 45 214 207 251 104 215 243 45
    29 83 155 206 152 15 232 219 155 4 218 51 89 97 176 117 167 67 184
    45 196 59 149 235 58 245 130 171 7 233 171 197 107 36 223 250 180 72
    209 117 72 188 220 192 84 29 103 109 157 56 16 121 63 232 64 113 34
    32 64 43 27 83 31 195 178 132 242 129 168 173 206 177 17 222 149 217
    139 126 86 63 158 193 132 139 141 35 93 189 184 17 97 73 207 246 141
    187 135 229 22 198 221 35 193 145 66 24 228 13 62 170 223 53 110 8
    77 156 26 226 148 188 155 54 56 93 176 255 83 176 172 150 222 37 78
    111 71 238 112 133 192 7 247 185 191 254 75 53 181 43 210 229 45 133
    86 142 187 28 209 65 174 127 83 52 142 38 72 145 7 68 106 211 149 59
    16 109 170 61 91 88 141 226 245 3 54 0 17 212 112 124 223 60 206 38
    15 187 37 193 82 130 34 217 108 45 57 17 247 187 239 104 99 132 138
    105 141 174 186 146 173 170 214 223 143 191 63 233 90 42 210 72 4
    248 235 156 20 221 186 145 211 209 226 84 199 230 62 160 179 184 253
    122 8 13 200 99 67 217 22 175 19 231 40 109 147 220 107 4 229 29 139
    252 225 79 163 225 175 110 137 141 180 19 11 77 214 143 153 13 251
    46 255 234 50 8 24 162 45 13 75 248 82 85 73 44 127 58 208 118 204
    103 244 194 216 21 27 192 143 108 182 87 188 88 150 242 86 156 130
    233 43 20 247 85 157 195 120 105 188 255 92 97 94 204 18 58 248 136
    80 67 195 216 117 243 42 144 177 150 209 81 28 164 210 88 79 137 236
    191 68 247 233 160 34 159 155 55 179 220 6 16 247 94 151 53 87 216
    246 87 97 1 175 158 37 122 138 132 61 232 160 59 17 161 162 77 80
    130 165 65 55 204 212 110 132 214 122 104 60 4 183 171 206 60 222 11
    159 218 103 149 102 66 61 224 33 164 13 43 113 10 147 42 110 251 86
    186 17 89 252 131 187 116 46 214 192 4 247 182 224 120 110 167 237
    242 155 179 81 158 184 85 93 14 138 218 153 153 245 224 105 5 145
    156 95 113 190 25 55 108 124 45 206 92 53 231 24 22 199 61 108 22
    111 247 132 205 126 0 241 244 218 113 232 186 16 223 71 83 111 92 65
    38 86 200 95 93 202 223 121 114 169 196 143 183 173 114 68 81 171 27
    153 39 15 164 145 135 99 86 57 172 22 81 121 148 73 221 132 162 179
    41 181 119 239 205 217 4 161 156 11 21 68 148 89 216 99 140 250 136
    62 30 61 132 19 203 43 211 61 59 39 17 150 157 58 80 138 106 199 245
    131 45 192 237 124 122 174 164 53 199 63 19 97 20 68 104 234 219 19
    117 249 217 131 116 243 8 65 216 45 231 201 165 24 251 16 220 183
    187 112 213 182 10 111 62 71 220 62 35 162 23 168 233 211 49 192 4
    230 60 72 16 100 176 148 99 250 146 107 188 194 30 33 178 84 23 165
    252 36 150 224 128 96 70 176 170 84 90 179 164 223 10 33 11 19 49 22
    139 182 7 80 138 235 158 197 22 219 220 33 154 243 102 181 181 104
    246 41 147 188 145 186 13 80 124 158 59 136 238 67 195 206 52 46 147
    98 226 69 234 75 242 29 98 18 45 129 149 193 6 13 178 212 14 152 48
    234 68 129 102 186 133 104 211 126 195 248 41 251 246 84 208 165 24
    77 23 55 170 43 108 3 96 169 94 155 254 96 36 95 104 48 26 78 201
    232 152 51 104 136 50 115 42 116 90 142 201 65 128 64 184 44 245 144
    111 31 179 249 18 143 9 215 214 230 68 176 129 71 38 119 208 18 211
    176 233 193 63 29 174 240 73 232 167 178 37 146 190 180 233 233 79
    62 129 156 48 78 106 216 151 146 247 229 135 176 97 230 45 225 78
    223 240 224 163 27 82 78 255 39 35 95 62 28 139 123 160 177 222 254
    163 42 145 65 217 138 108 16 224 52 235 64 83 232 175 145 118 26 24
    139 83 38 125 33 159 98 4 18 24 223 233 211 134 180 201 240 228 231
    41 115 149 64 235 142 85 65 130 59 18 182 220 168 18 254 42 107 186
    130 28 106 112 56 93 239 21 105 237 48 10 205 49 213 139 251 36 235
    203 156 170 218 175 173 71 167 80 226 19 91 189 162 50 19 193 66 190
    209 20 13 92 61 106 126 247 97 52 76 36 145 77 26 175 52 234 231 180
    99 24 58 109 208 178 125 83 78 191 42 202 129 20 207 98 25 40 207
    184 7 79 145 202 152 60 44 9 160 18 0 101 99 186 121 151 0 165 35 38
    31 224 22 116 149 183 45 182 122 178 5 194 87 140 237 148 195 175 27
    60 166 70 117 199 210 168 10 146 171 205 204 144 89 166 60 174 35 44
    4 247 217 39 206 176 211 173 102 151 251 224 155 121 10 208 173 32
    192 28 161 214 116 216 89 227 16 137 228 20 98 223 85 73 239 48 30
    16 62 175 8 40 126 15 255 43 80 168 200 97 236 126 71 129 123 210
    198 237 94 15 204 158 126 111 159 220 118 21 87 96 53 141 174 222
    144 58 228 168 134 53 240 156 121 211 213 165 104 157 24 6 181 146
    61 223 249 20 152 0 94 9 207 15 166 49 107 13 160 157 145 17 235 50
    8 215 130 72 225 210 156 74 90 244 92 179 67 191 160 142 153 215 169
    99 0 161 248 99 55 128 158 13 251 74 174 239 48 215 116 80 214 168 4
    177 180 118 40 226 56 151 112 189 162 194 247 66 210 58 132 251 162
    27 136 32 40 26 197 152 106 102 52 128 22 195 225 189 145 162 255
    135 172 37 171 93 187 78 118 65 40 98 235 49 70 31 122 33 16 174 127
    59 237 148 179 41 82 228 160 139 205 236 50 117 206 246 105 171 82
    168 237 106 176 97 199 151 202 149 145 250 79 179 129 54 246 161 212
    228 82 154 85 139 245 98 26 212 10 10 181 182 206 86 24 28 3 173 99
    32 18 116 200 102 94 19 142 168 53 191 215 190 1 86 221 236 50 1 55
    180 96 115 155 240 42 138 18 151 192 206 207 171 91 177 209 134 116
    249 199 207 27 32 144 185 79 222 45 212 114 205 37 248 48 21 188 28
    53 116 252 130 0 91 181 203 96 141 75 251 88 198 201 152 53 49 237 2
    252 183 127 223 4 37 254 136 73 15 245 118 65 243 74 106 173 126 89
    107 250 198 33 249 9 187 227 90 206 49 7 79 114 186 95 8 12 232 135
    247 226 131 30 253 212 127 216 4 123 54 132 180 203 160 51 195 20
    144 52 128 198 181 251 231 216 85 45 111 57 43 21 33 143 45 97 193
    119 199 175 0 131 213 207 26 224 116 151 223 27 43 61 43 13 54 134
    244 12 26 70 131 117 56 226 50 216 221 194 52 125 242 230 116 41 167
    184 216 146 15 79 44 237 156 50 101 241 87 244 231 10 185 254 11 116
    60 230 19 30 244 140 28 24 27 151 214 40 245 248 215 3 144 119 155
    111 112 136 121 107 163 226 76 178 7 60 251 200 186 174 166 60 0 231
    191 198 192 131 164 13 102 131 91 84 98 84 184 226 70 188 192 41 142
    33 107 43 134 70 152 26 231 27 77 66 27 134 112 40 182 203 49 129 92
    92 186 230 44 106 235 108 81 212 210 235 23 165 229 223 178 249 39
    91 5 127 11 193 49 49 50 111 122 206 61 15 203 102 29 235 15 43 163
    144 92 46 182 196 107 69 241 55 7 73 91 249 138 36 199 1 18 248 172
    180 204 2 216 112 192 76 237 240 6 115 160 126 49 90 219 6 210 66 76
    61 54 4 38 203 82 26 216 55 59 222 203 111 151 172 147 67 155 80 21
    237 188 225 173 192 101 223 65 88 246 240 169 120 97 54 242 96 185
    36 95 67 5 160 116 12 64 9 0 17 10 45 104 0 240 222 110 35 205 138 0
    160 248 224 129 88 47 214 66 231 250 70 213 116 44 118 143 146 42 44
    109 90 32 60 205 220 226 223 212 33 1 163 160 131 103 90 93 121 99
    146 152 94 95 125 159 22 171 220 210 205 34 219 151 161 158 241 161
    174 88 169 88 149 235 196 243 180 212 112 84 5 11 89 147 176 147 218
    16 120 147 217 150 18 22 103 163 119 243 69 176 157 218 159 192 102
    170 91 231 160 167 94 246 99 130 63 91 221 19 45 13 225 91 80 70 57
    136 209 115 54 159 19 144 114 195 239 37 66 103 183 72 153 56 32 66
    70 14 80 119 19 55 255 49 110 152 164 15 205 28 238 134 59 186 14 24
    1 44 245 33 98 84 43 7 238 28 95 222 122 235 108 45 58 148 250 223
    195 251 110 125 135 115 225 135 2 75 87 46 12 193 172 122 139 56 75
    232 106 177 248 50 76 79 171 100 195 7 125 131 138 152 126 175 140 1
    103 137 74 75 65 223 229 93 30 181 82 194 88 157 181 144 109 106 9
    152 93 20 173 233 222 134 244 189 101 166 240 30 68 122 206 200 11
    221 21 198 95 162 196 1 221 78 240 217 1 121 252 243 227 223 61 189
    157 134 117 63 119 197 203 221 135 76 37 149 133 132 90 180 54 172
    36 18 138 244 53 68 68 240 58 119 56 215 24 182 147 174 153 98 204
    209 69 87 14 97 173 9 188 115 97 52 199 148 54 96 35 37 111 117 38
    175 157 250 62 73 31 33 220 165 212 109 16 17 181 151 31 13 29 16
    254 120 243 178 4 22 111 11 132 148 94 96 63 75 179 206 228 201 14
    83 228 237 51 78 67 91 173 222 27 37 99 102 70 247 204 120 177 32 37
    9 163 50 203 175 182 62 128 217 45 53 133 128 55 146 193 9 43 217 68
    253 188 12 183 167 166 155 240 142 193 33 20 98 214 111 242 110 245
    233 125 75 127 55 70 251 204 243 169 241 56 167 201 188 175 170 171
    172 126 112 217 97 82 45 114 79 140 90 13 56 53 245 7 144 194 227
    136 154 205 74 214 129 31 19 154 135 164 122 242 27 79 12 193 110 97
    218 215 165 17 128 31 131 31 108 74 203 1 44 128 219 190 137 103 181
    131 95 236 234 55 156 81 175 187 134 241 5 141 12 145 156 196 119
    251 233 20 194 50 84 54 220 218 240 48 129 165 222 62 68 204 231 112
    26 136 191 110 159 225 255 128 10 69 197 247 214 99 245 33 165 28 32
    11 177 14 222 223 222 226 179 190 40 67 123 193 99 147 142 57 29 92
    141 75 69 47 24 153 242 45 120 24 109 183 121 193 207 204 61 116 149
    222 44 27 105 247 55 249 72 119 14 22 174 109 21 129 114 12 118 247
    234 74 167 78 252 12 15 212 4 128 229 184 122 162 23 40 203 162 19
    148 168 175 142 63 99 132 112 51 189 107 150 63 57 9 239 116 55 222
    151 188 37 120 203 129 13 210 101 225 47 123 69 245 148 111 125 38
    27 162 80 198 232 209 206 31 171 34 168 97 59 183 230 36 12 9 23 72
    7 163 34 183 152 61 7 185 62 22 25 33 117 172 67 59 25 123 57 101
    160 181 120 235 206 183 124 245 204 21 253 129 178 88 146 222 164
    169 223 11 116 238 135 108 130 201 149 232 132 179 3 243 53 193 151
    219 231 204 87 19 127 184 117 191 141 42 245 130 71 163 100 183 254
    195 137 138 208 200 133 173 126 11 106 245 131 190 220 36 75 153 132
    134 19 247 169 13 235 194 78 251 165 135 137 243 224 161 33 224 56
    123 51 133 254 139 201 136 126 140 175 77 15 85 215 19 242 107 84
    206 133 81 214 200 93 125 181 105 12 54 54 5 122 190 122 126 123 109
    136 125 119 17 150 61 217 242 161 126 39 8 93 202 160 164 46 38 85
    137 24 207 13 224 2 221 180 211 199 66 75 99 74 50 8 0 133 19 68 156
    241 36 248 19 136 72 210 228 228 194 24 239 113 39 86 158 207 109 72
    149 193 1 199 254 126 213 181 224 41 240 187 169 27 7 54 251 160 207
    24 65 158 134 61 47 154 131 120 19 216 254 78 30 30 14 173 197 55 47
    254 75 227 180 105 234 143 232 162 190 133 212 205 24 85 193 209 110
    115 246 237 117 70 189 93 27 171 48 113 40 178 157 220 22 154 169
    159 155 235 143 228 213 250 180 83 104 47 33 50 251 30 101 134 74
    214 79 83 200 57 134 15 73 146 152 204 221 209 140 197 11 32 114 176
    209 214 31 81 142 118 218 123 223 121 254 93 61 77 13 147 111 103
    140 88 83 67 102 76 65 171 82 215 123 207 137 200 90 18 177 40 3 174
    160 135 55 146 196 81 188 56 71 253 255 151 71 213 111 66 240 105
    183 175 54 189 158 157 218 118 14 22 220 192 5 125 211 21 86 199 219
    250 246 83 0 62 218 111 72 121 236 87 219 178 82 231 65 136 141 133
    166 217 136 83 251 223 223 16 166 18 35 212 22 251 203 80 160 209 49
    242 242 172 188 158 124 146 170 20 59 194 193 139 47 195 61 108 191
    27 252 52 159 148 139 213 161 164 111 32 59 201 185 187 208 220 12
    251 105 134 31 85 78 122 127 67 243 142 4 235 117 195 182 200 24 125
    107 218 234 234 29 229 71 225 103 216 89 248 211 182 0 86 19 69 124
    249 77 8 164 136 6 67 127 90 130 173 222 146 86 190 139 212 16 199
    166 13 162 247 138 82 127 68 76 229 252 217 195 166 173 160 81 228
    165 51 157 64 133 111 31 188 233 19 190 9 167 234 227 55 92 76 49
    227 159 49 75 17 54 112 145 219 96 100 34 208 48 78 180 246 25 120
    236 228 137 29 17 25 117 229 203 115 24 255 204 71 51 113 218 139 87
    131 124 121 236 4 175 7 25 41 160 71 202 185 192 24 212 67 139 45 69
    119 216 203 75 136 185 10 155 128 21 35 230 90 30 136 111 3 246 94
    134 43 64 189 215 91 102 23 146 193 241 24 235 249 235 160 216 4 227
    203 223 42 242 206 38 82 161 22 173 190 25 21 204 59 67 98 47 100
    106 66 83 141 192 75 44 33 1 220 81 154 40 27 177 235 137 10 233 182
    109 82 114 120 148 107 137 124 93 2 49 80 217 4 123 59 218 112 216
    156 127 157 108 3 59 199 127 133 239 170 224 211 110 241 38 67 38 20
    107 118 239 213 113 15 5 214 211 64 111 101 63 6 225 39 226 127 18
    136 175 66 119 7 235 228 118 222 4 52 62 176 62 215 65 117 78 72 249
    189 33 206 153 159 45 88 16 33 11 93 148 130 170 232 139 39 206 227
    230 22 44 228 40 245 21 70 223 64 197 44 186 101 162 74 249 19 223
    27 29 224 22 198 41 250 185 239 249 213 47 92 60 208 199 199 50 139
    36 58 37 207 74 218 199 50 132 127 78 118 116 53 27 109 38 73 1 195
    44 237 125 87 87 207 144 216 255 101 23 25 62 129 30 251 178 231 194
    145 208 157 136 121 240 129 230 119 229 83 43 195 239 211 194 82 199
    0 165 0 13 56 249 30 30 57 60 250 200 238 219 76 198 248 206 131 234
    96 140 131 17 107 93 118 253 81 205 16 99 217 196 198 82 215 105 91
    35 9 85 174 95 15 29 50 239 225 130 171 196 207 229 162 23 44 224
    227 191 148 110 87 128 67 210 173 35 233 153 11 192 95 87 233 183
    246 240 130 174 211 33 46 195 105 250 8 219 187 103 76 28 215 76 133
    42 164 43 70 130 25 202 53 0 236 203 188 65 82 100 132 99 165 205
    228 117 182 188 146 234 62 153 210 27 25 50 55 49 6 136 169 235 99
    74 109 61 136 198 236 196 9 111 15 25 34 244 183 188 99 215 67 159
    166 161 79 21 116 170 234 210 248 239 75 100 41 214 83 99 144 158
    113 26 39 177 131 222 82 158 228 24 80 145 28 160 100 64 35 168 166
    129 38 135 150 10 138 134 56 48 117 17 119 148 120 160 244 170 86
    200 28 149 39 101 138 55 95 214 183 237 63 239 81 96 87 169 190 65
    153 123 191 158 97 250 174 34 16 25 121 53 169 67 254 183 94 141 138
    22 249 191 162 2 127 152 187 150 1 99 28 1 64 79 207 236 211 158 146
    237 165 68 182 94 77 90 166 210 1 84 54 188 243 250 31 205 14 2 156
    65 226 67 63 189 152 109 246 191 123 53 238 187 226 233 103 129 247
    212 92 114 220 139 65 140 254 201 175 205 205 87 127 81 134 238 213
    104 41 174 154 165 224 220 36 67 154 26 146 220 9 238 0 27 105 238
    49 140 96 129 44 71 60 67 88 92 42 145 59 174 56 72 89 154 225 82 39
    61 112 245 161 139 0 35 27 56 165 214 255 211 188 95 3 25 66 199 255
    196 212 196 139 173 120 60 200 99 231 35 7 31 124 107 197 247 98 192
    225 183 100 3 154 180 249 7 64 5 201 133 254 212 93 73 60 105 70 35
    40 97 91 232 123 53 49 53 78 182 49 78 140 32 56 232 143 238 14 181
    196 125 55 247 123 1 157 160 240 151 180 114 150 157 159 209 222 131
    82 113 182 136 32 165 1 184 209 106 94 250 184 38 221 190 195 32 174
    180 100 48 139 22 102 252 247 44 215 185 65 171 85 198 243 74 200
    177 53 0 240 0 192 142 229 234 32 143 84 21 232 130 79 165 199 7 130
    64 28 56 93 32 150 245 200 125 173 235 30 128 201 238 229 7 87 188 7
    50 93 180 52 155 88 228 53 29 46 112 146 3 146 156 191 12 204 82 109
    148 187 231 218 31 215 6 30 165 21 93 158 37 183 186 119 150 217 202
    101 141 8 22 188 152 147 147 243 104 118 163 222 152 30 248 184 1
    117 211 204 76 31 31 61 153 45 165 134 154 59 2 207 237 60 154 80
    162 115 166 42 126 138 63 188 103 242 103 59 167 119 178 170 234 169
    242 34 3 73 77 91 246 190 225 117 174 17 190 142 243 219 100 112 158
    9 56 120 141 3 200 56 32 184 118 125 225 99 199 86 234 252 114 133
    138 4 9 240 83 251 121 44 185 21 38 19 237 146 139 53 21 7 42 228 55
    222 120 116 159 40 114 31 74 1 62 216 128 11 160 140 42 143 228 8
    147 178 254 47 31 113 206 193 115 7 251 116 220 189 236 158 216 164
    63 13 28 170 128 140 147 104 140 72 142 93 89 206 121 141 247 122 46
    252 65 90 88 231 169 33 229 86 72 139 229 225 109 197 207 242 17 43
    88 222 253 167 189 196 82 222 62 78 187 214 100 67 108 251 223 236
    32 246 232 159 147 159 219 205 95 91 136 65 253 9 170 150 79 141 80
    113 229 25 86 116 128 169 157 124 72 86 5 254 6 206 34 113 104 111
    214 90 252 76 195 17 175 175 128 162 89 34 66 242 52 169 89 83 78
    197 167 220 70 94 224 238 134 234 107 242 49 124 135 162 116 94 117
    177 16 11 68 142 170 66 245 195 36 125 39 34 40 237 209 4 186 113
    224 156 137 238 49 30 115 146 9 129 139 10 151 77 148 99 80 46 47
    168 79 18 1 23 161 157 167 252 48 39 111 137 146 7 80 116 49 119 65
    80 241 238 127 177 10 211 136 251 4 255 138 8 150 86 243 171 107 40
    48 121 119 68 150 156 138 90 38 209 70 63 81 144 204 123 175 59 24
    43 225 212 36 190 62 121 236 48 70 79 239 6 139 246 21 242 96 59 34
    78 166 169 173 209 168 84 2 53 196 109 128 89 192 119 26 64 17 129
    98 140 252 32 27 13 110 237 246 198 255 86 62 78 182 124 197 91 0 5
    155 65 235 59 251 22 142 163 111 180 79 96 215 30 207 35 18 105 82
    187 103 148 1 158 143 216 114 203 222 105 165 200 111 158 82 177 58
    10 98 40 175 197 2 222 126 95 200 19 0 29 13 170 121 36 233 236 213
    6 228 64 175 39 180 163 173 49 96 155 222 230 73 181 148 135 120 32
    194 2 92 78 37 239 227 97 19 48 122 246 96 70 247 124 191 69 131 194
    214 19 73 8 124 221 207 131 64 115 82 50 54 66 92 182 132 205 75 153
    141 154 194 113 144 244 184 232 63 238 141 187 238 119 219 193 150
    168 101 59 13 52 17 43 211 63 153 246 143 107 91 44 136 5 125 5 44
    91 129 215 247 12 118 134 45 179 99 49 100 14 166 174 32 12 142 164
    159 245 120 1 148 111 105 239 16 35 30 247 72 250 213 87 205 0 128
    117 28 89 239 54 212 103 164 52 195 130 4 197 6 210 199 185 61 173
    141 198 228 238 177 249 105 234 251 250 234 245 118 147 82 73 183
    235 194 84 177 32 232 65 6 139 118 45 135 241 199 228 182 188 133
    166 205 24 216 215 40 9 246 83 70 157 77 63 163 89 127 82 81 102 35
    173 65 30 226 105 90 123 108 166 111 228 195 101 234 37 177 27 4 241
    217 253 49 110 142 125 61 61 102 136 194 12 113 129 213 86 92 94 148
    84 32 153 33 91 229 7 108 142 207 250 255 120 107 196 10 131 245 253
    11 188 50 139 11 82 173 243 239 18 48 235 189 103 80 228 139 242 213
    134 11 167 194 54 54 109 169 176 5 71 62 209 8 149 112 63 100 14 232
    59 136 1 194 188 137 74 187 192 154 146 229 187 224 112 116 29 246
    244 135 171 2 204 36 252 51 236 40 223 58 7 0 8 126 156 120 34 7 217
    254 151 228 143 8 208 171 79 123 76 170 11 113 185 193 151 237 206
    102 254 73 251 133 201 8 162 18 53 175 29 199 170 236 6 202 181 11
    183 64 52 47 33 78 117 77 26 31 177 195 137 22 117 70 199 230 196 9
    174 216 59 94 153 235 108 191 17 174 101 39 195 73 25 228 130 140
    180 229 0 189 146 44 107 42 146 222 161 57 171 123 117 56 109 10 98
    242 208 89 111 193 31 240 79 35 117 34 48 38 134 198 61 16 60 169 49
    86 38 174 230 103 255 242 74 67 162 77 104 214 53 243 55 2 229 32 50
    187 46 152 47 165 107 165 142 148 57 217 14 245 13 128 171 141 103
    23 14 228 22 247 83 111 58 71 101 205 93 30 187 83 5 31 29 250 13 38
    143 211 124 167 11 135 200 141 228 236 45 156 238 202 0 146 130 32
    135 26 89 118 108 200 124 131 161 55 185 201 6 224 223 169 191 114
    120 235 76 73 208 176 222 61 134 2 88 211 66 248 98 245 113 207 14
    177 52 112 144 23 35 174 134 111 186 24 17 74 64 251 38 51 81 119 66
    47 242 105 70 147 174 208 26 172 188 30 98 145 175 126 224 246 0 173
    206 183 123 93 96 157 95 242 108 69 223 134 249 29 46 61 27 39 117
    84 28 203 171 157 123 42 12 6 216 176 17 38 237 184 25 31 168 112
    194 104 18 253 169 224 55 38 134 160 15 17 106 175 185 43 24 53 184
    111 123 16 9 21 203 82 85 246 67 186 180 186 30 214 115 220 82 70
    195 222 108 66 199 203 148 176 16 213 0 159 247 96 153 34 198 123
    118 105 205 142 197 87 223 191 168 246 159 217 200 121 10 138 82 243
    193 252 41 139 182 183 213 195 35 177 33 89 178 251 85 192 84 96 238
    122 174 42 191 203 86 82 0 107 147 29 152 166 251 206 80 108 87 195
    132 52 180 96 44 40 66 1 91 26 185 130 61 159 9 86 10 127 187 219 78
    116 88 94 68 192 180 232 152 219 162 137 180 20 89 135 23 68 64 186
    61 93 192 173 55 155 49 236 8 181 252 139 67 180 227 99 87 108 215
    193 181 50 150 51 8 170 253 167 91 3 168 114 176 167 40 18 213 195
    238 161 204 230 21 68 22 78 87 42 45 162 11 52 69 204 77 50 205 209
    123 92 128 75 51 233 126 76 98 224 231 37 145 140 32 153 195 148 18
    198 10 171 187 4 181 151 2 74 200 229 230 150 12 40 222 195 69 64
    115 157 240 231 69 31 234 129 43 110 34 8 218 231 130 228 220 186 79
    211 209 197 27 16 81 231 217 171 229 32 163 234 252 124 24 215 161
    118 214 164 156 224 116 90 145 173 169 193 3 122 38 181 240 64 57
    159 32 122 19 135 217 8 68 119 214 147 119 224 208 248 40 40 156 147
    173 254 192 186 50 173 189 193 106 78 202 175 142 198 47 210 78 46
    16 199 120 76 142 201 138 91 178 185 119 179 199 52 16 203 143 112
    12 166 67 173 30 76 246 215 181 2 117 34 249 44 149 108 122 239 232
    88 13 239 6 22 57 9 34 77 9 147 72 191 128 75 181 187 77 30 69 191
    98 17 100 246 48 229 57 67 170 118 162 217 236 27 67 121 90 161 138
    2 255 36 141 16 95 252 9 96 176 109 106 208 248 204 4 40 197 158 150
    230 236 241 145 82 77 185 240 178 59 216 20 151 72 197 121 2 222 38
    70 15 183 242 205 92 249 253 192 86 113 180 6 24 130 48 250 187 211
    156 210 15 135 163 21 199 38 139 166 58 63 99 185 129 240 25 0 112
    84 138 228 201 195 183 179 27 249 249 217 121 177 4 83 229 219 247
    198 37 64 148 229 112 49 165 174 209 180 194 61 71 41 82 86 192 251
    136 81 26 13 170 112 39 117 44 226 166 74 228 16 107 46 246 251 54
    136 71 48 35 20 23 86 155 146 30 85 140 87 132 181 242 64 5 195 14
    70 229 193 52 135 155 199 85 130 46 83 204 13 179 104 219 20 50 171
    125 227 113 189 164 33 50 43 27 249 8 242 177 110 55 140 20 101 60
    138 231 25 87 137 73 20 81 186 131 104 40 221 205 107 232 152 194
    100 173 208 93 250 193 132 165 99 164 178 21 125 76 107 235 125 194
    146 176 118 44 255 127 115 67 109 154 225 255 197 198 195 23 207 219
    32 94 5 46 70 25 163 222 11 167 255 249 46 232 47 61 65 108 104 144
    237 236 69 221 177 210 182 33 64 53 192 44 165 73 139 79 165 247 235
    27 215 28 186 110 45 199 104 200 85 229 144 96 151 244 154 88 21 58
    113 57 46 113 249 0 39 31 137 34 238 47 242 211 148 76 14 109 207 82
    31 208 251 35 241 144 64 89 236 182 198 186 12 15 33 31 214 250 46 9
    30 74 176 175 72 72 214 95 247 242 104 208 123 83 199 41 162 25 112
    52 107 23 172 205 226 223 245 51 111 200 62 237 213 207 170 153 185
    13 134 114 13 154 21 126 25 68 172 55 79 121 123 63 253 244 41 211
    88 190 51 25 202 101 14 227 197 117 19 69 176 243 246 232 122 137 46
    85 189 119 234 57 249 240 147 209 212 47 104 35 54 16 248 156 200 54
    149 127 74 169 114 131 10 95 224 78 118 52 114 108 105 146 70 236
    251 207 96 174 106 15 26 124 233 142 41 17 118 169 146 25 236 194
    241 203 94 74 179 38 230 245 169 251 31 210 220 7 157 40 142 101 19
    43 133 15 92 228 3 127 25 89 39 217 75 94 80 83 240 146 163 4 188 9
    17 106 189 177 49 69 10 205 10 40 147 38 70 38 134 187 169 172 172
    148 61 125 243 128 169 146 32 173 188 228 159 168 106 15 218 125 80
    62 21 93 105 199 167 41 181 5 198 167 167 17 225 9 177 165 104 47 58
    103 77 154 223 147 48 187 116 52 151 26 40 81 66 129 224 179 154 132
    178 230 18 195 148 140 88 164 99 86 105 95 109 34 65 64 200 42 52 32
    13 6 28 244 63 198 220 147 168 178 130 229 38 111 236 200 131 122 33
    81 182 61 195 238 107 80 244 162 97 199 129 50 221 83 16 208 66 248
    110 93 85 142 88 98 71 17 6 208 127 69 194 224 171 54 113 212 196 29
    153 10 171 60 188 161 76 116 44 189 162 85 64 112 30 230 240 253 99
    181 162 50 82 158 29 104 142 14 170 28 125 244 45 108 236 186 230 93
    58 223 71 238 116 235 118 148 167 174 79 2 83 94 184 58 241 139 88
    56 225 207 211 146 242 220 172 252 195 195 33 22 244 20 9 246 12 94
    247 188 47 8 146 190 237 235 173 45 218 133 39 107 139 84 64 197 71
    224 82 115 209 96 184 70 114 114 232 203 250 174 248 185 185 47 163
    116 226 93 178 84 88 8 255 196 12 31 250 241 134 177 194 48 123 249
    225 156 143 254 219 64 147 0 92 97 148 12 227 44 165 245 144 101 223
    120 202 125 165 137 5 96 8 122 8 22 43 0 155 72 130 77 17 143 121
    111 12 145 107 85 27 171 88 173 22 123 28 166 128 34 57 195 131 145
    39 215 32 8 94 41 49 76 84 203 238 66 238 234 131 169 238 30 123 68
    238 3 185 26 97 199 87 184 183 107 92 151 57 168 15 36 225 159 120
    167 143 90 225 163 241 40 106 0 1 176 52 60 253 52 197 2 165 219 214
    187 97 30 160 85 29 90 6 108 24 13 68 69 151 177 97 231 32 104 210
    16 217 95 188 134 163 168 35 251 179 120 96 132 75 170 7 138 208 227
    250 107 98 240 239 83 10 19 41 146 200 213 210 72 233 172 220 74 67
    35 114 207 100 154 45 28 105 163 66 100 203 36 246 185 107 82 6 139
    87 24 200 132 149 36 116 93 3 197 28 106 75 130 172 3 235 60 123 250
    70 73 196 26 251 86 32 191 115 62 160 162 167 144 12 210 95 188 58
    15 51 71 53 126 211 44 239 132 39 54 253 153 60 208 86 140 177 195 2
    2 77 241 110 78 11 97 140 243 213 240 198 162 25 19 127 211 55 113
    89 240 190 41 231 235 24 68 0 219 135 74 2 143 8 154 128 108 103 189
    60 43 222 173 46 251 212 48 159 224 96 78 217 173 33 5 62 247 243
    133 28 136 96 129 120 167 49 131 90 127 177 71 186 93 141 119 14 75
    16 221 98 229 9 108 18 97 148 69 39 23 136 213 254 244 86 182 115
    129 182 233 197 234 78 169 110 6 253 162 167 41 159 0 20 175 121 57
    139 234 251 195 55 7 124 171 45 31 56 118 157 59 157 60 226 174 120
    98 185 142 189 184 112 105 157 60 194 206 161 99 233 153 204 131 195
    137 119 62 15 162 189 249 160 102 88 189 135 109 177 200 179 1 31
    232 103 221 136 164 26 254 103 128 214 78 71 147 202 95 116 135 202
    103 30 29 187 114 99 163 153 118 130 87 206 152 13 229 230 175 45
    180 249 179 134 172 20 50 220 5 7 231 48 188 62 127 168 235 17 235
    137 116 145 86 255 24 106 235 36 239 130 188 206 85 189 157 222 136
    19 198 106 172 73 162 43 178 183 178 159 36 8 35 41 32 234 60 163
    172 164 175 180 171 96 42 192 85 204 85 6 190 124 162 200 239 8 125
    117 201 220 182 110 187 146 235 137 6 156 83 44 182 198 210 203 251
    29 218 218 7 229 136 52 170 36 221 246 134 204 152 18 174 42 109 229
    186 149 159 80 60 87 99 196 219 43 144 252 124 68 237 79 133 212 46
    208 218 96 64 176 117 0 127 151 109 69 216 39 145 104 7 114 143 137
    12 172 210 21 116 98 28 207 125 50 228 192 94 23 10 22 94 23 157 78
    82 127 173 183 233 84 109 86 51 250 143 247 151 207 189 167 124 71
    235 66 142 40 3 244 150 254 164 140 83 110 111 48 228 17 212 18 242
    207 71 53 66 208 8 137 79 107 202 38 5 54 187 64 249 189 12 54 44 26
    3 65 205 195 123 2 71 7 12 252 223 64 42 20 59 213 7 20 90 18 215
    132 194 17 18 36 173 245 33 53 93 239 226 101 139 94 215 240 147 132
    251 0 130 76 209 63 202 41 181 51 52 79 213 74 26 130 230 121 48 79
    72 100 204 36 120 84 70 53 95 210 160 116 117 71 173 192 16 182 74
    232 8 223 26 0 241 178 134 233 33 63 223 183 33 138 181 231 133 244
    238 233 83 57 81 113 110 191 157 60 169 194 37 121 82 201 31 48 241
    38 193 156 226 109 148 13 187 158 234 128 137 171 188 9 188 227 110
    195 183 200 27 185 169 108 65 100 127 89 171 96 29 208 198 121 102
    70 32 81 162 242 172 63 219 122 31 83 205 204 97 13 238 90 19 167
    241 165 119 0 231 204 43 58 104 92 64 107 216 169 64 202 73 18 94 92
    140 170 214 248 17 206 92 174 250 49 205 210 176 181 242 187 87 35
    121 54 218 175 16 170 163 3 33 196 159 115 185 223 188 140 70 175
    139 64 101 188 240 4 23 184 180 189 143 133 179 230 201 143 208 141
    171 97 238 43 42 26 175 33 235 18 229 82 166 150 194 67 65 133 24 25
    149 160 49 123 167 220 10 246 245 199 80 92 48 0 94 84 46 175 19 139
    192 149 165 9 219 154 126 202 27 138 20 44 145 159 55 147 144 30 79
    42 217 55 27 212 236 56 23 239 19 96 174 193 25 204 125 244 228 133
    207 96 44 206 20 201 243 19 64 161 34 178 2 40 207 27 186 253 203
    167 195 104 212 44 136 170 131 55 107 32 8 249 66 241 4 183 83 123
    57 80 252 4 215 207 127 50 35 237 28 217 179 30 107 31 213 51 165
    111 148 242 97 119 215 100 82 9 176 135 228 198 114 125 192 18 22
    159 244 59 3 215 172 121 160 97 199 163 38 65 232 252 124 241 111 41
    245 0 134 20 26 250 74 141 35 86 189 118 196 132 85 127 162 205 15
    11 65 14 124 145 234 189 20 45 195 28 235 193 36 202 2 167 38 153 47
    245 155 187 99 30 253 22 90 2 238 224 35 204 165 174 60 198 38 239
    120 206 76 232 202 63 73 190 174 136 129 6 61 180 66 68 48 186 160
    239 77 91 73 24 163 97 126 73 68 237 91 197 198 49 89 205 143 111
    215 82 51 233 224 79 34 12 218 52 126 72 9 157 200 224 167 211 19 0
    252 217 178 99 203 49 96 212 175 101 166 200 232 107 213 139 37 208
    187 15 154 208 136 215 246 138 43 233 190 119 252 69 247 17 9 200
    219 32 244 73 148 74 29 76 77 245 30 79 233 148 212 79 247 128 244
    253 26 67 159 203 94 107 213 52 166 63 114 218 117 131 41 100 219 37
    21 125 223 47 125 234 250 144 147 219 170 173 189 101 90 217 84 149
    203 60 45 181 36 13 11 193 134 30 16 156 94 132 155 98 150 199 187
    56 131 224 13 163 160 99 158 27 62 149 52 119 153 21 207 226 156 119
    176 237 185 197 122 242 123 18 71 186 95 67 84 98 44 88 92 190 195
    111 226 215 103 94 166 33 138 85 179 123 206 53 173 12 231 31 57 192
    173 131 181 71 22 251 252 184 213 233 238 110 98 98 144 80 17 168 96
    141 172 245 19 9 4 193 53 177 147 171 135 30 131 128 171 245 135 171
    61 145 4 225 49 114 177 10 203 140 90 118 92 141 79 252 14 32 47 251
    173 52 90 113 150 206 11 210 241 135 47 90 182 244 107 159 100 81 24
    218 54 232 160 110 81 131 221 212 132 185 165 46 60 151 30 63 229 52
    174 208 102 227 210 158 212 194 163 82 235 55 237 122 49 43 220 68 5
    225 144 101 220 15 175 121 135 50 154 221 203 230 200 246 142 196
    242 159 11 82 192 255 119 62 13 209 102 24 247 232 162 253 232 67
    231 156 246 253 87 252 2 241 86 74 98 233 202 186 118 165 98 107 230
    234 3 21 25 70 186 92 161 103 234 52 233 184 197 137 166 130 226 68
    147 244 210 197 179 227 203 41 95 118 231 171 164 58 186 139 139 129
    2 111 32 210 229 94 79 127 194 182 234 168 75 147 10 195 22 246 161
    64 156 168 10 197 90 209 175 174 181 24 13 69 187 137 1 217 45 123
    77 98 132 111 43 136 149 205 161 206 56 114 137 24 27 7 178 64 6 242
    35 95 245 65 54 60 175 179 45 69 97 42 186 90 222 145 157 50 164 92
    45 55 19 56 10 144 255 36 68 254 133 159 102 247 44 163 254 105 57
    16 201 84 249 153 240 173 185 20 112 69 228 128 151 8 110 250 52 200
    196 55 81 136 192 222 29 23 64 98 191 201 149 63 163 40 38 118 69
    121 250 132 41 164 59 49 43 215 218 155 111 0 21 131 238 136 112 120
    153 48 8 251 234 231 142 155 90 164 72 13 137 46 100 213 149 117 129
    76 28 26 32 36 118 52 110 170 199 185 169 162 166 44 183 34 40 163 2
    156 83 227 180 37 78 41 176 93 95 89 157 167 82 21 240 198 89 122 87
    239 45 9 140 66 104 196 47 131 41 7 242 238 96 228 134 232 176 172
    235 90 69 15 201 145 41 26 232 100 70 192 164 104 60 106 222 79 163
    221 2 204 234 238 98 212 123 29 173 207 196 37 99 70 42 102 25 12
    220 181 23 100 127 200 32 1 178 178 33 121 176 218 81 46 36 62 139
    61 83 29 63 152 132 95 233 53 255 157 44 80 200 54 224 128 222 142
    232 70 199 140 240 105 215 77 146 219 245 114 117 254 237 85 66 211
    248 202 229 155 252 103 92 244 85 186 3 150 85 44 21 109 201 91 92
    69 54 214 88 37 151 229 219 26 186 171 192 2 48 80 193 42 183 6 11
    172 241 227 133 20 49 98 133 203 159 146 36 62 229 210 157 116 7 157
    86 145 136 155 234 9 250 143 183 176 2 9 253 139 24 181 57 37 24 37
    241 29 250 217 196 241 160 55 139 131 100 156 197 148 242 55 94 23
    37 11 35 30 223 205 113 103 202 176 41 220 90 226 4 79 55 140 94 179
    51 11 20 168 124 42 154 40 167 165 244 107 84 116 22 135 186 194 56
    95 191 188 74 74 233 204 64 165 21 232 39 241 52 225 185 239 250 70
    0 245 107 225 114 61 203 29 147 226 89 44 208 246 50 197 229 34 162
    209 224 30 105 17 143 206 116 185 26 132 132 216 156 74 128 26 114
    58 55 244 142 54 131 209 60 4 253 214 138 91 116 52 239 72 98 19 242
    251 185 12 88 114 13 252 204 132 76 171 143 131 247 138 86 251 216
    179 123 67 152 160 67 239 182 153 151 134 228 36 44 238 49 205 157
    214 168 179 136 70 53 255 70 101 11 92 232 211 80 180 150 211 116
    140 203 56 40 187 254 172 177 7 63 74 214 90 192 74 12 192 77 65 185
    254 190 201 171 251 209 228 126 240 62 127 237 50 92 108 244 30 3
    127 122 183 55 146 168 209 81 20 150 86 104 85 246 174 45 98 53 49
    206 49 202 251 84 130 146 8 179 203 245 100 159 59 189 144 23 238
    122 235 56 90 228 40 49 147 240 63 85 10 8 97 218 41 59 7 11 193 60
    4 85 230 190 217 235 197 142 95 136 117 25 34 39 40 148 54 215 193
    250 55 223 193 151 89 220 151 16 36 106 53 101 169 74 21 171 185 19
    112 100 251 76 111 252 89 132 72 98 26 234 180 160 25 201 77 105 117
    147 204 130 68 111 236 64 116 54 214 184 159 27 238 20 48 218 89 109
    84 239 254 74 17 244 56 52 68 165 132 225 80 219 119 217 29 216 222
    43 57 157 76 254 102 237 92 163 135 231 34 132 83 185 137 9 63 222
    155 37 148 211 201 129 253 206 152 180 186 148 34 172 66 125 196 145
    195 137 71 24 182 59 105 249 144 7 137 137 219 174 146 171 208 82
    157 34 254 64 188 184 65 190 143 52 76 174 83 33 253 118 88 97 56
    206 12 132 227 131 109 122 225 9 50 255 222 205 221 46 73 142 96 76
    1 68 53 60 48 126 176 241 39 0 228 121 180 232 238 170 114 193 209
    43 207 104 208 132 15 50 27 70 202 137 231 155 51 52 6 126 197 170
    41 42 140 17 91 27 120 161 174 99 174 181 82 132 194 61 249 205 32
    83 173 17 26 19 135 244 9 22 52 190 178 189 228 163 180 204 138 179
    127 199 207 15 227 210 159 198 97 57 254 109 66 195 153 115 72 170
    107 98 136 19 224 146 216 6 55 82 83 61 97 251 56 40 170 59 199 171
    191 59 178 71 191 188 165 28 241 166 254 246 33 95 152 201 60 84 96
    29 254 4 152 4 153 3 221 94 0 183 33 76 147 190 19 104 198 205 120
    75 122 129 242 130 9 244 192 59 31 93 27 57 57 88 167 252 67 35 15
    187 2 246 183 179 85 93 53 89 113 58 95 29 122 196 162 41 46 97 216
    56 76 147 186 136 90 214 19 149 5 199 103 243 103 214 207 6 136 2
    106 27 205 184 49 119 39 251 112 15 230 146 184 85 17 245 151 191
    142 45 4 90 121 87 132 161 182 139 16 147 231 9 23 115 86 41 48 46
    38 176 162 89 64 171 157 192 219 60 14 251 197 128 196 44 72 43 104
    57 61 251 239 24 40 136 54 235 167 113 207 160 215 22 62 37 196 208
    27 250 120 82 43 235 136 128 166 110 217 207 185 251 198 187 86 122
    51 61 213 75 147 109 46 91 216 122 230 44 74 226 21 182 252 217 29
    31 228 64 13 56 119 84 229 70 117 9 67 188 66 85 209 55 18 105 243
    195 104 173 178 74 143 80 166 46 114 9 71 199 120 31 184 49 106 203
    34 229 44 158 82 87 252 162 107 199 48 122 237 250 103 252 184 246
    233 224 130 5 152 47 174 212 41 203 245 166 218 49 127 24 105 180
    204 59 45 240 91 181 10 230 136 144 217 210 162 146 239 143 117 89
    101 23 68 119 236 2 80 238 199 223 252 11 126 55 124 3 148 213 241
    239 116 198 215 215 198 76 102 255 151 11 184 15 66 48 127 227 46
    152 29 242 219 70 239 198 238 19 109 208 201 223 114 139 163 191 155
    115 97 85 136 87 126 90 82 143 12 2 26 28 217 252 189 211 187 242
    218 74 236 70 197 73 53 173 204 136 221 163 142 190 184 4 252 138
    193 180 188 5 231 64 139 45 202 24 243 103 167 67 245 7 148 118 164
    251 193 111 107 4 61 162 238 36 204 25 92 195 38 56 151 92 184 123
    106 119 158 104 18 228 109 233 219 73 95 147 217 212 137 210 125 8 2
    175 115 83 73 154 236 8 37 253 203 217 150 157 159 145 141 180 74 85
    202 67 167 204 46 65 43 95 206 11 172 210 167 151 68 151 205 86 183
    85 83 146 221 198 156 165 201 49 79 175 39 143 104 18 17 205 10 212
    50 111 194 118 77 165 133 111 134 255 65 195 103 226 131 68 88 245
    101 234 186 87 245 120 183 42 149 68 79 16 173 157 181 172 3 228 117
    112 96 197 255 167 40 227 255 120 181 183 152 248 233 5 227 199 211
    213 143 183 43 95 17 148 60 35 17 70 184 252 236 208 19 130 9 238
    138 189 242 46 213 235 145 240 214 92 216 98 205 79 77 154 110 120
    46 136 83 88 22 19 8 73 131 11 195 81 217 3 33 163 66 67 119 157 138
    134 25 97 209 37 175 14 89 18 15 115 229 113 211 28 241 24 60 52 240
    37 65 255 136 114 238 50 217 97 153 26 209 88 159 216 253 119 204
    130 241 135 182 159 147 249 216 62 37 248 10 203 238 193 112 82 240
    131 221 225 227 156 174 196 147 110 97 148 202 5 120 214 100 120 134
    119 6 192 100 252 50 175 147 87 106 70 147 10 23 127 254 182 114 38
    1 42 255 112 107 173 189 138 97 82 97 136 36 213 17 187 236 75 59 12
    118 211 40 109 124 93 69 115 249 46 59 223 244 221 136 210 246 162
    178 254 194 55 178 62 242 81 64 254 149 245 141 165 101 122 188 27
    215 90 23 144 21 38 217 102 80 233 26 65 63 225 178 65 75 90 187 115
    147 22 103 25 24 226 40 66 1 69 146 97 185 17 205 147 209 23 2 7 251
    2 13 249 26 242 57 173 116 200 203 226 88 183 1 7 133 195 141 42 242
    119 172 120 54 36 241 134 111 65 187 52 247 127 202 158 133 250 80
    124 109 181 193 68 249 119 26 79 193 168 97 84 225 116 71 220 242 19
    48 74 124 33 193 171 179 52 243 10 104 231 123 129 52 147 138 182
    202 243 178 207 55 21 254 176 182 226 18 118 170 52 213 176 152 84 7
    116 214 105 226 26 1 185 243 103 176 155 97 233 74 253 34 18 6 219
    215 36 61 67 50 178 239 114 180 45 200 186 28 15 63 196 228 150 82
    154 252 190 253 183 12 34 111 6 29 88 225 237 244 232 64 61 96 169
    88 25 25 202 252 48 175 186 194 184 199 252 94 46 6 57 154 59 110 12
    133 253 140 47 223 51 85 169 102 159 96 138 182 35 185 115 215 164 4
    190 83 151 14 129 150 142 199 12 250 170 255 143 243 215 5 207 192
    189 45 113 59 149 43 151 43 251 174 17 117 23 36 102 203 13 108 33
    13 76 143 135 100 243 157 37 74 144 91 214 25 149 16 31 56 69 83 89
    186 29 237 23 95 224 38 121 30 34 222 26 248 151 188 222 204 175 56
    98 197 155 100 125 243 128 229 90 170 133 58 235 52 205 244 190 236
    15 210 228 33 82 157 112 239 31 235 72 47 246 141 151 216 159 6 54
    127 211 49 213 87 43 97 225 6 101 180 34 84 52 37 165 248 224 3 57
    109 160 83 247 53 75 107 74 191 175 39 48 132 24 175 202 206 95 128
    184 76 55 78 194 192 152 14 197 125 25 80 171 176 68 214 199 142 194
    94 184 33 145 171 11 106 225 187 47 121 228 233 185 204 139 142 86
    201 247 29 61 217 238 100 0 138 105 250 70 196 93 240 69 251 158 182
    231 217 114 52 56 19 177 143 214 167 253 68 37 111 209 242 38 118 43
    239 162 82 52 245 2 51 203 253 222 42 239 233 71 55 169 51 170 59 79
    186 210 202 25 124 148 5 202 224 159 42 208 31 76 133 185 29 204 34
    89 116 65 85 247 80 50 160 115 51 188 62 73 228 228 231 71 0 6 182
    247 159 175 40 209 166 4 216 23 141 148 233 55 102 128 100 193 1 150
    230 10 250 125 204 54 12 174 204 115 8 28 101 87 23 37 13 154 191
    238 67 215 57 17 95 12 131 211 37 133 252 20 130 213 144 226 83 112
    145 107 95 228 63 90 239 47 128 223 53 138 224 248 132 106 254 193
    150 90 244 254 181 11 156 203 152 76 102 125 116 91 119 84 108 149
    45 208 221 36 13 122 36 156 7 206 146 249 228 192 139 152 45 184 45
    75 8 193 2 29 18 138 160 188 154 52 58 250 64 214 109 33 151 118 139
    116 107 181 226 19 121 109 92 49 246 157 1 232 128 16 142 15 46 40
    105 124 195 213 12 9 141 111 204 76 64 143 153 35 150 104 158 81 50
    171 17 162 212 176 88 10 45 35 46 53 228 65 131 53 233 155 73 36 240
    153 102 44 145 30 202 238 55 168 116 166 225 196 179 50 219 237 241
    140 35 176 126 242 218 174 90 64 36 232 245 183 2 198 164 135 166 71
    228 97 85 52 3 16 200 76 53 117 126 105 133 229 195 128 172 6 113
    131 23 111 48 153 7 70 249 212 19 75 23 80 82 127 36 211 166 20 130
    111 126 163 170 90 20 189 7 64 60 224 67 190 48 80 57 59 106 143 144
    110 215 199 159 109 174 94 166 243 31 235 60 34 35 172 52 182 97 192
    112 226 255 42 92 115 174 150 6 1 108 5 170 82 108 105 201 241 74 15
    96 55 32 51 87 173 32 36 192 72 76 46 113 177 101 89 147 254 75 33
    64 113 72 21 180 9 170 215 205 111 84 6 176 196 29 211 105 28 173
    175 164 211 79 81 127 227 173 171 23 119 223 70 127 130 236 108 190
    61 175 33 47 250 26 193 206 13 9 52 194 38 165 57 80 49 164 202 157
    32 18 68 181 57 118 142 118 170 124 22 185 24 250 227 189 216 169 2
    20 73 9 21 148 201 32 200 255 79 14 143 187 13 81 153 171 35 56 105
    62 1 190 213 127 118 49 152 157 187 71 19 251 164 147 85 171 198 8
    69 242 27 61 246 199 69 177 211 37 218 169 181 145 250 97 28 19 99
    146 209 146 41 59 177 200 201 138 67 54 108 137 99 223 72 0 59 222
    219 151 193 41 83 206 174 221 38 10 137 153 36 83 153 36 93 241 226
    163 17 253 148 203 188 227 202 239 237 86 173 196 147 248 61 156 179
    45 114 100 127 186 177 82 49 225 184 68 80 101 142 97 93 3 18 146
    144 50 126 246 211 71 145 237 164 176 103 122 166 226 23 32 123 206
    33 139 170 183 143 153 208 29 101 253 211 217 147 107 10 206 168 89
    106 200 13 149 248 140 18 128 229 171 207 174 159 244 34 197 120 130
    156 28 137 45 68 191 84 118 187 222 42 131 58 106 147 30 85 150 78 7
    86 31 198 33 41 108 27 253 199 95 189 244 56 239 217 26 67 14 34 96
    98 61 95 113 55 23 204 170 233 130 108 5 229 56 212 193 145 62 232
    129 254 25 233 124 242 100 163 249 82 70 26 177 200 142 122 196 235
    57 246 160 172 132 96 41 178 21 126 211 61 110 62 244 63 104 43 181
    28 100 92 121 219 165 229 234 57 185 176 106 74 233 87 51 24 89 82
    129 111 163 93 68 241 26 149 31 60 228 216 64 91 98 32 210 30 52 148
    86 183 9 23 97 155 40 166 179 178 226 124 202 174 35 143 28 123 205
    144 148 165 84 21 162 157 45 61 209 22 75 215 195 13 132 195 125 255
    61 208 90 168 148 209 215 0 255 20 40 21 110 183 65 135 175 197 22
    123 8 141 144 78 11 36 132 228 5 38 254 217 9 3 117 221 16 200 89 49
    10 49 144 56 100 250 233 233 199 36 110 84 106 250 83 156 138 97 20
    55 32 61 18 81 17 37 163 120 187 195 129 179 8 225 195 249 78 10 183
    80 225 42 136 251 11 254 138 79 202 94 75 252 249 41 114 81 181 106
    159 213 86 237 3 232 155 219 64 28 180 197 151 67 171 40 20 120 180
    123 36 104 216 179 0 115 139 175 184 170 81 196 211 97 184 45 173 36
    85 80 151 70 107 219 117 134 140 3 62 192 13 191 162 127 148 42 220
    66 75 41 66 23 58 117 216 144 140 220 157 125 86 80 94 103 118 109
    186 17 163 222 227 109 37 185 77 45 183 127 77 166 41 69 98 89 188
    207 240 220 27 38 175 87 9 236 120 135 75 22 63 49 194 143 233 249
    192 242 54 150 237 223 157 205 15 211 192 90 234 229 59 93 43 190
    215 106 56 43 246 105 215 204 183 160 215 219 14 115 63 149 91 59
    154 19 95 238 25 189 192 80 149 46 246 88 175 38 155 202 246 179 90
    77 166 161 37 119 18 136 216 23 168 59 12 11 229 247 3 175 5 212 22
    67 7 101 212 33 62 97 37 91 166 232 32 35 38 16 126 130 141 231 149
    196 168 1 164 184 210 237 5 138 154 25 238 88 67 121 241 143 107 83
    13 23 196 52 178 200 170 121 244 179 65 211 13 246 47 200 188 152 21
    80 245 178 76 243 212 124 39 218 165 103 235 206 125 32 110 75 70
    228 71 104 126 89 117 38 25 176 82 93 110 192 198 82 88 68 191 93
    202 188 211 2 112 254 229 126 119 18 175 6 212 247 81 69 215 235 177
    203 120 237 72 88 191 122 189 28 157 42 124 248 202 13 214 105 220
    119 93 239 147 84 198 132 118 247 190 2 184 78 243 171 249 232 227
    112 98 172 4 192 72 95 111 24 63 163 30 243 160 174 134 164 253 146
    236 103 217 202 227 111 76 193 133 254 210 81 46 73 216 0 242 78 106
    142 230 103 14 139 184 64 114 236 46 18 158 31 22 186 207 75 155 188
    38 133 198 80 28 10 126 56 48 138 13 222 138 12 144 161 127 244 195
    161 16 55 33 233 73 57 101 157 143 94 36 254 226 6 207 99 180 211
    207 141 67 38 18 195 182 217 130 127 28 197 65 54 137 220 85 171 122
    190 247 23 211 56 130 116 100 131 172 59 206 161 247 111 227 225 206
    190 223 57 224 96 69 41 12 126 107 128 91 254 234 98 204 14 120 250
    121 156 137 218 129 58 140 109 9 152 196 179 235 99 235 152 100 190
    253 237 202 1 112 187 217 237 143 170 74 32 196 200 182 138 193 247
    83 130 173 187 25 7 219 216 137 128 114 217 6 225 46 242 14 224 48
    154 197 139 217 138 110 43 141 96 244 92 6 36 179 167 222 123 139
    219 136 193 154 178 146 163 64 8 95 254 231 175 69 86 208 63 67 90
    15 205 38 16 224 78 9 249 50 75 167 204 255 243 105 147 39 226 180
    149 0 15 18 203 132 226 173 44 178 171 203 96 120 14 124 103 150 62
    214 49 113 65 214 231 12 37 208 172 72 13 58 221 200 202 179 195 141
    71 48 170 233 243 7 67 36 139 2 21 150 168 196 44 104 66 42 174 24
    105 86 104 12 115 208 67 233 173 195 151 22 160 255 95 52 231 121
    227 41 140 15 170 149 191 124 186 56 70 138 169 161 108 45 85 239
    111 207 60 180 228 205 254 10 142 192 118 49 247 255 181 216 139 206
    216 78 6 203 178 58 47 206 110 130 57 248 140 112 178 96 2 182 167
    11 111 176 50 104 112 44 212 170 20 244 19 142 34 28 191 90 168 193
    124 217 244 35 27 126 250 120 233 119 16 236 182 104 171 70 167 224
    228 5 125 232 113 19 31 155 213 35 253 53 209 72 150 192 15 68 209
    59 158 187 240 69 191 247 216 73 132 17 28 14 32 52 247 222 149 24
    95 48 105 68 26 231 8 97 58 236 116 141 224 78 74 110 24 0 180 253
    77 148 236 53 140 195 143 165 56 81 251 3 14 24 142 53 158 205 40
    138 41 12 237 10 73 17 7 85 50 64 133 17 85 190 201 197 20 187 100
    254 84 116 0 14 185 153 93 176 115 116 53 48 173 93 114 73 96 72 4
    237 14 238 0 1 105 140 97 113 86 61 236 109 64 58 15 125 149 25 119
    134 97 86 124 108 231 142 134 14 70 58 145 246 231 75 133 0 155 9
    130 246 151 147 113 112 146 43 183 217 34 8 249 236 215 209 92 83 62
    68 123 248 204 51 77 140 139 218 52 166 227 209 214 230 227 86 152
    71 94 113 67 223 8 22 9 9 28 146 88 226 43 147 157 53 150 57 36 195
    243 46 151 81 176 55 24 90 33 230 233 101 13 133 158 96 111 12 172
    204 158 230 137 124 189 117 237 200 233 29 22 56 85 16 157 149 112
    210 193 40 187 187 152 102 162 129 27 149 120 19 144 176 185 187 71
    56 218 42 36 6 205 103 53 44 204 227 161 138 197 120 125 223 216 14
    133 87 198 255 208 159 184 33 172 39 59 131 5 69 174 132 244 109 252
    230 156 84 23 148 24 94 3 161 240 57 8 143 166 52 237 34 249 162 45
    104 158 25 244 44 150 27 89 234 35 176 167 226 174 195 135 215 98
    128 150 127 48 205 165 136 165 247 92 239 227 239 131 155 65 124 230
    241 144 79 219 183 77 249 88 253 47 127 31 242 65 17 168 109 44 70 6
    105 56 185 139 214 87 249 181 164 55 221 253 66 52 251 184 34 186
    112 33 87 147 33 88 101 226 32 24 10 64 39 141 35 51 40 59 172 129
    214 225 9 44 56 137 33 236 111 126 220 96 223 209 205 151 238 5 2
    146 253 62 38 21 157 105 179 195 191 32 255 48 163 103 104 104 213
    94 200 12 206 17 42 16 44 162 158 228 146 27 106 223 74 210 110 217
    37 241 130 162 142 236 82 255 64 62 65 111 217 187 246 220 225 1 146
    234 248 209 18 229 48 162 110 9 138 217 253 110 99 96 38 195 4 115
    196 130 121 137 96 255 21 218 132 218 141 100 86 228 2 67 220 126 22
    159 110 109 15 131 70 255 66 46 63 112 167 216 36 27 80 11 43 213
    147 203 16 92 195 71 69 103 149 71 185 189 87 26 187 105 189 35 226
    247 217 235 177 108 166 148 239 63 205 70 25 244 180 247 208 145 70
    54 245 195 137 187 49 52 22 96 52 226 247 92 59 63 34 230 104 113
    118 77 199 206 61 92 193 244 119 119 192 233 71 155 88 43 78 218 167
    214 12 67 53 191 77 4 30 1 11 227 51 7 107 122 158 225 174 53 217
    232 172 198 217 184 66 90 118 214 38 202 5 255 4 89 184 146 19 199
    232 196 27 10 8 170 95 24 208 35 67 148 208 139 75 41 179 166 250 75
    1 37 90 124 155 118 193 20 50 177 39 113 126 208 129 228 31 87 111
    237 137 186 65 171 2 235 169 161 55 8 58 232 247 73 68 197 110 174
    253 122 19 90 186 36 188 18 14 138 172 14 173 181 189 231 162 199
    120 198 170 155 130 103 139 248 152 76 107 158 172 92 60 185 157 78
    37 156 109 32 31 171 1 57 255 226 80 35 51 54 250 196 118 241 135 85
    229 58 189 100 104 187 118 198 168 204 100 235 28 32 225 10 59 4 94
    103 6 196 96 162 117 166 76 53 26 178 158 165 193 118 40 15 52 5 155
    15 230 67 144 69 54 163 160 22 77 61 35 191 103 100 249 219 6 56 68
    64 250 146 30 83 177 107 224 171 250 218 146 201 208 50 157 100 98
    153 114 125 170 22 122 72 247 180 4 201 176 206 59 195 28 120 130
    225 146 204 193 175 105 174 74 114 248 173 163 166 62 89 136 77 180
    73 176 105 9 198 222 27 6 42 253 23 176 172 164 25 43 0 202 197 106
    131 103 163 136 201 191 48 80 52 90 9 107 216 182 206 172 136 60 188
    87 43 0 206 133 150 182 197 235 123 213 255 107 142 209 115 189 25
    174 60 187 199 147 144 143 205 223 85 96 74 160 145 47 26 236 77 172
    137 33 224 85 233 112 134 167 248 231 135 93 247 175 127 46 0 54 133
    34 225 81 45 84 61 206 71 16 108 100 51 146 251 71 53 252 75 221 117
    225 88 182 53 117 12 41 231 83 174 76 132 215 232 254 0 85 72 52 179
    0 227 229 93 68 227 138 28 119 32 26 252 8 231 137 84 185 217 42 49
    175 146 96 156 82 23 62 69 145 229 67 124 83 86 66 86 107 3 231 36
    129 34 83 154 122 42 31 199 90 150 81 14 95 44 146 13 252 13 34 16
    13 247 233 106 173 169 133 27 7 168 22 133 48 146 70 50 183 44 41 60
    150 84 176 191 149 24 218 8 81 221 147 206 19 113 225 55 115 40 136
    97 34 73 115 9 193 14 187 65 106 60 172 138 229 214 234 211 129 36
    27 89 255 72 108 187 122 210 158 135 163 181 94 105 210 145 145 220
    60 191 239 161 195 78 249 15 135 214 55 240 27 15 219 156 141 154
    252 159 188 157 112 40 32 48 206 173 106 93 193 133 190 107 78 86 64
    32 49 200 144 89 213 20 104 88 137 158 100 131 89 228 174 28 167 88
    116 170 223 146 189 91 43 228 95 183 27 232 134 102 162 206 126 37
    12 204 38 174 91 189 188 201 37 75 223 72 97 9 132 76 187 60 82 154
    124 139 234 56 158 71 68 246 9 53 112 237 206 172 234 94 230 231 239
    114 221 216 177 129 202 205 167 189 235 142 157 31 53 251 42 182 135
    197 134 5 175 170 134 106 127 69 177 203 169 169 90 12 91 38 68 201
    1 148 222 219 212 5 89 209 127 70 29 63 130 241 170 245 254 177 68
    80 254 155 64 127 80 190 49 182 95 120 160 43 206 189 223 26 7 86 36
    3 155 120 120 58 141 161 137 184 156 5 64 1 220 145 2 3 69 27 220 34
    203 251 10 12 0 51 144 120 73 157 8 18 99 235 9 235 85 74 68 235 184
    148 64 32 6 96 117 249 173 158 120 179 44 147 141 62 142 13 79 183
    41 21 239 221 26 167 94 191 54 37 238 58 82 106 142 151 168 40 1 210
    61 12 20 251 76 48 44 118 229 221 148 42 84 75 147 33 90 47 217 88
    186 168 128 109 245 234 52 20 13 173 104 213 246 13 206 18 147 236
    238 249 64 92 59 219 43 178 27 43 121 96 40 186 210 16 119 2 158 19
    91 108 185 210 106 90 144 213 67 84 8 231 90 236 126 178 147 79 139
    72 0 28 123 95 112 3 252 128 188 89 83 52 152 72 77 249 159 81 61
    240 0 70 215 40 27 159 113 251 165 80 55 58 209 73 200 78 109 181
    198</data></test_img>
<my_img type_id="opencv-matrix">
  <rows>128</rows>
  <cols>256</cols>
  <dt>"3u"</dt>
  <data>
    234 8 108 172 255 183 255 200 255 132 137 120 34 181 90 0 0 211 0
    121 0 71 253 128 0 214 184 255 113 46 141 0 0 6 205 127 0 3 0 188 2
    0 110 0 0 255 255 164 118 215 255 0 76 252 105 255 255 189 143 0 182
    141 255 0 35 251 0 146 238 32 240 228 173 0 0 193 111 107 54 41 250
    255 1 0 19 191 223 227 0 243 245 255 181 186 0 230 200 0 134 0 75
    149 147 193 228 128 207 255 255 255 251 255 0 56 6 23 255 40 0 251 6
    255 171 109 0 240 44 0 189 239 14 206 230 135 0 145 0 167 5 222 66
    183 0 32 62 255 145 134 255 104 0 255 235 138 103 70 255 255 236 245
    93 255 255 0 150 91 138 212 255 58 0 0 39 255 123 203 22 106 0 7 85
    0 80 54 42 97 32 127 17 133 255 209 129 255 255 137 220 111 213 210
    68 0 208 255 0 0 220 54 0 223 255 123 81 255 0 206 255 150 0 255 0
    97 110 255 32 224 137 255 41 255 0 68 79 49 168 207 18 255 75 10 96
    255 255 190 255 0 255 155 50 137 0 255 179 88 75 215 0 144 0 54 22 0
    252 0 94 255 40 74 76 147 0 128 159 184 123 0 221 255 0 0 250 117
    255 230 14 142 134 0 200 96 99 0 213 26 9 23 0 135 222 166 208 48 57
    255 173 255 0 0 62 0 152 223 77 41 58 38 227 13 6 46 245 172 56 187
    209 151 199 114 0 44 111 184 0 246 255 54 86 255 155 0 0 14 255 66
    46 0 0 203 40 0 167 255 255 0 255 167 229 255 120 59 255 108 60 255
    0 110 91 0 12 103 251 129 255 68 0 130 232 215 71 6 48 94 0 0 143 0
    246 255 51 121 249 168 33 196 238 220 0 255 81 46 218 157 255 122
    255 19 0 25 231 62 23 0 0 0 137 137 0 90 0 250 32 187 255 0 255 213
    39 255 68 255 165 80 0 255 237 109 46 0 226 0 162 130 173 152 255 0
    231 156 116 0 255 141 89 0 191 100 192 0 143 48 37 255 125 116 126
    173 120 0 255 202 234 0 0 150 253 255 0 255 255 144 19 0 0 108 130 0
    118 169 195 56 24 56 128 35 105 0 255 22 201 13 0 102 222 188 138 0
    90 152 191 148 102 252 255 50 156 27 18 0 146 255 252 42 0 55 0 97
    245 101 29 0 190 130 255 255 255 164 45 53 0 253 205 72 162 251 255
    0 99 255 24 138 204 255 227 105 255 179 14 255 93 170 0 70 135 86 0
    245 132 191 229 206 175 255 0 255 0 119 223 128 91 0 5 94 148 255 0
    185 3 72 156 218 63 215 0 255 223 46 250 206 0 48 0 255 91 0 62 170
    91 255 222 32 9 15 160 98 0 0 93 255 154 0 255 245 0 150 0 0 255 72
    0 146 57 198 60 255 132 91 216 212 100 179 60 0 92 117 255 123 95
    255 0 255 159 249 255 17 255 0 26 6 255 196 98 119 0 41 255 35 0 0
    255 241 134 0 255 59 50 162 202 0 0 0 255 6 0 255 29 127 255 16 0
    191 45 122 255 133 110 83 169 154 79 118 0 20 86 255 105 36 255 39
    57 255 0 0 178 46 141 0 35 108 139 255 169 250 142 169 104 100 0 0
    255 0 247 209 174 180 38 255 247 47 126 217 98 79 81 13 181 35 161
    255 72 255 111 255 242 150 100 255 0 205 238 148 255 0 255 205 0 44
    38 124 223 255 41 0 0 134 139 0 255 194 255 199 60 254 255 255 69 0
    212 38 127 0 140 255 9 82 176 255 160 255 83 184 0 210 0 69 10 0 0
    168 135 255 224 255 255 202 249 156 148 0 45 49 255 177 78 255 21
    255 0 117 208 192 55 0 69 217 0 255 219 255 0 79 85 251 222 0 255
    255 0 138 248 207 94 111 0 151 82 5 205 78 255 255 255 255 253 118
    255 28 189 214 0 137 87 0 12 211 220 238 255 255 255 0 255 146 255 0
    83 0 255 0 171 248 0 63 10 239 4 192 0 18 255 0 141 255 147 2 34 248
    255 24 55 110 10 255 120 255 255 54 68 0 0 255 86 0 245 97 157 255
    228 126 0 78 125 0 26 190 65 45 0 1 255 0 255 0 255 198 244 255 221
    110 55 38 255 255 147 190 223 105 255 255 175 249 43 255 79 7 179 82
    89 223 0 0 188 12 0 112 60 161 120 233 97 3 199 0 192 255 130 182 68
    0 27 255 180 255 168 255 255 0 255 255 137 163 255 0 55 169 190 100
    230 22 159 37 255 0 255 86 51 141 91 0 99 199 0 221 238 255 255 30
    145 255 167 0 229 31 218 255 0 0 87 0 192 255 0 146 255 137 21 178
    255 212 58 255 255 40 0 21 0 51 255 219 0 196 255 75 255 255 255 2
    143 80 52 41 24 255 63 255 0 255 79 0 61 255 255 203 11 255 255 33
    134 82 95 79 47 255 255 232 88 255 0 255 202 86 0 207 255 214 255
    255 108 0 77 255 0 248 0 0 166 36 192 218 252 193 171 110 0 0 77 161
    158 166 255 244 70 0 161 255 0 0 0 255 255 135 131 255 102 248 0 0 0
    17 0 118 168 0 0 138 255 100 100 113 255 56 255 68 79 55 0 255 0 8 0
    24 106 140 251 122 246 217 145 245 81 58 182 139 150 110 241 12 139
    119 0 24 4 66 255 46 207 160 0 255 0 15 107 142 218 214 0 255 130
    120 255 107 0 0 25 255 173 251 62 67 255 255 0 0 41 128 159 223 205
    0 255 225 30 26 91 0 169 126 35 0 80 46 114 247 0 165 255 0 249 255
    90 0 247 84 22 233 0 0 8 255 8 37 255 74 7 0 12 26 255 104 255 245
    41 0 255 216 215 175 144 161 0 68 169 54 141 27 42 141 247 255 52 33
    237 38 123 38 255 214 129 98 58 19 247 48 154 255 76 0 202 109 255 0
    30 0 187 236 157 1 0 255 49 0 163 17 235 112 0 193 255 78 247 140 39
    37 158 15 0 255 255 4 115 255 255 177 110 134 217 0 255 137 12 107 0
    129 255 255 26 255 11 255 0 97 117 144 102 100 54 189 105 0 158 20 0
    129 0 11 166 255 96 141 123 201 133 37 230 179 249 0 53 147 110 37 0
    96 255 15 213 185 70 237 4 81 255 255 255 255 36 206 20 158 255 255
    45 22 88 107 222 79 0 255 255 232 129 40 191 0 0 242 197 255 216 0
    162 28 203 0 244 38 255 254 78 0 189 238 113 0 239 153 0 114 240 255
    0 70 0 0 173 254 0 56 162 0 255 255 19 255 16 173 114 0 15 169 226
    99 76 0 209 37 0 26 178 215 0 0 201 255 0 29 207 255 195 11 230 255
    218 255 16 255 65 255 5 255 0 238 255 171 255 151 201 23 229 166 115
    76 214 29 160 196 173 169 246 54 6 255 0 101 0 0 255 0 255 255 255 1
    176 0 0 193 52 255 0 112 124 198 195 165 200 222 58 94 52 255 246
    170 99 151 255 255 212 17 255 0 255 230 27 192 255 255 0 126 255 77
    51 255 255 255 84 6 73 0 12 249 255 111 68 255 117 52 85 44 0 0 33
    156 137 255 0 83 201 116 71 0 0 179 255 0 255 244 110 236 0 255 158
    122 0 248 255 112 246 187 255 243 0 0 0 121 255 131 131 131 110 0
    148 255 230 255 127 128 227 0 0 230 255 131 116 228 255 174 64 0 255
    0 26 188 0 0 255 17 115 146 0 205 0 50 255 89 1 255 0 61 0 0 255 255
    226 171 125 91 255 0 255 96 0 0 140 100 10 159 6 92 85 255 0 0 179
    95 178 66 106 8 255 104 52 255 179 77 234 167 6 255 60 15 226 210 69
    69 3 138 252 35 52 255 113 0 0 89 141 0 79 165 0 74 135 255 0 255 36
    82 240 215 53 0 255 212 5 51 227 195 135 194 255 255 255 255 100 0
    95 59 125 0 0 200 15 171 160 121 0 0 0 68 142 0 236 180 167 113 255
    189 123 0 255 255 223 0 0 82 7 255 192 68 255 179 166 255 255 255 13
    152 226 55 0 0 255 188 0 126 118 153 0 0 195 177 64 255 21 225 211 0
    140 217 0 186 156 93 0 88 249 99 0 166 140 49 0 89 219 0 25 255 90
    76 242 199 57 46 114 190 158 86 185 205 24 0 105 0 17 43 255 10 25
    62 0 0 230 45 178 0 53 215 9 71 255 255 255 0 255 0 255 208 255 255
    0 214 0 151 0 0 144 174 159 123 32 255 159 0 91 133 235 20 255 255 5
    107 0 120 255 6 189 154 99 223 153 58 57 255 132 0 17 255 188 0 255
    0 101 226 0 0 114 231 255 255 112 0 135 247 187 255 0 168 137 92 147
    170 138 54 255 255 117 0 43 255 213 26 0 0 126 128 245 0 119 221 55
    234 255 151 0 27 229 11 186 255 0 236 255 116 30 89 255 139 255 255
    158 255 0 0 0 0 255 247 129 240 255 255 1 79 11 255 250 115 255 246
    0 225 116 246 123 43 0 255 135 211 35 145 95 216 225 0 235 224 106
    255 182 255 239 76 0 103 175 0 21 0 103 95 33 120 90 18 128 255 190
    40 0 255 15 255 0 62 207 75 138 252 146 187 219 245 226 0 143 185 0
    255 87 17 84 255 235 0 0 191 201 222 147 255 255 228 73 255 136 226
    255 255 29 37 45 216 214 0 255 25 0 0 0 255 6 0 0 132 255 102 0 253
    19 125 38 0 158 41 13 237 0 0 99 2 0 61 255 255 255 0 145 136 247 40
    0 226 66 0 0 0 0 138 178 137 0 147 230 151 234 47 101 53 157 3 255
    198 0 255 61 255 0 0 43 234 124 15 255 75 0 3 253 29 22 223 255 0 0
    255 81 170 208 11 0 255 239 255 70 122 15 0 200 255 147 216 59 0 0 0
    255 239 0 0 190 17 0 198 255 85 255 144 0 13 184 63 200 0 137 255
    190 0 220 121 0 0 255 0 158 106 0 0 192 255 92 70 45 250 36 126 5 0
    255 162 75 20 0 0 255 87 105 205 255 75 199 236 99 135 0 174 111 117
    211 0 190 94 86 212 17 255 0 255 0 41 13 112 166 141 195 176 235 65
    120 0 145 141 188 26 0 115 153 84 224 169 255 205 37 23 255 30 255
    23 89 0 187 255 228 0 118 89 0 77 222 89 117 249 179 122 0 255 0 136
    109 0 0 184 142 183 48 0 131 0 240 63 234 255 183 27 29 255 0 71 101
    127 44 0 0 98 0 255 1 255 201 198 0 0 44 158 0 179 159 52 99 96 75
    70 95 254 207 255 76 59 26 0 0 255 169 24 21 0 0 213 168 136 0 104
    146 85 0 203 71 0 29 0 142 93 224 124 98 255 0 255 215 198 0 0 0 0
    126 202 255 114 32 109 0 48 255 143 0 255 255 46 39 0 77 255 151 101
    152 10 244 0 255 0 255 141 0 38 255 255 129 187 117 255 0 102 255 3
    255 240 255 225 43 212 118 0 255 0 255 255 174 108 0 0 23 0 216 70
    103 134 164 255 30 17 114 138 22 0 13 46 225 148 255 66 255 255 21
    84 141 232 64 25 198 255 255 59 160 190 255 200 255 216 37 141 112 0
    99 203 111 255 162 211 160 89 156 142 155 176 155 119 0 255 79 242 0
    0 203 255 251 226 108 164 183 41 255 255 162 0 255 0 0 14 0 0 185
    111 71 0 36 44 0 105 255 0 23 206 117 25 229 255 104 5 255 255 25
    161 97 0 0 107 96 183 255 190 165 225 0 200 167 0 194 255 54 255 27
    255 156 255 0 255 155 1 77 254 255 255 255 165 77 158 0 42 255 255
    156 113 255 104 0 0 185 0 255 217 0 0 236 255 0 255 228 0 245 78 137
    37 0 210 146 161 255 93 64 255 111 0 130 64 245 255 200 207 19 255
    10 232 127 0 255 105 255 140 0 6 128 25 29 255 138 255 165 28 0 228
    47 255 255 255 85 118 0 0 0 111 153 42 26 238 255 134 241 128 146
    134 69 228 124 0 10 179 234 0 0 255 182 255 255 175 216 208 175 20
    92 152 9 10 255 255 112 83 255 255 123 53 0 64 36 255 242 244 134 0
    189 84 86 0 0 0 255 35 49 249 255 114 227 255 248 255 170 40 48 185
    224 99 171 44 255 209 0 255 211 113 0 7 255 127 226 255 68 99 223
    255 218 64 136 104 255 135 0 255 255 255 0 255 14 196 25 255 163 0 3
    198 172 0 44 255 42 74 255 159 0 0 183 30 53 73 176 255 216 255 225
    255 255 68 86 86 0 223 0 0 255 134 109 0 0 128 0 170 209 255 159 0
    36 163 0 255 0 194 0 126 242 28 255 255 59 31 255 197 182 0 18 248
    255 201 67 135 50 9 0 1 0 255 3 194 252 243 255 232 0 177 241 23 144
    52 0 61 207 66 200 170 255 45 0 127 255 190 255 42 255 151 238 177
    255 255 48 29 38 0 156 186 0 45 40 116 246 255 24 81 255 181 255 23
    255 244 0 135 236 107 199 94 0 51 76 255 61 255 143 0 0 66 161 17 92
    255 255 123 242 196 3 182 9 81 40 43 28 83 96 34 0 179 0 255 162 249
    255 0 24 163 191 167 128 0 0 114 255 255 43 0 254 133 13 127 0 255 0
    27 255 67 255 12 200 255 59 130 39 0 184 214 0 170 0 88 0 132 106
    240 98 245 75 140 175 238 0 18 158 150 123 92 255 0 0 224 40 175 17
    255 255 125 122 28 237 24 241 191 53 62 226 255 209 17 153 255 211
    30 255 0 196 255 245 91 131 2 255 35 128 237 55 205 178 28 165 255
    255 116 25 16 255 127 148 0 0 0 0 255 155 54 0 88 34 71 126 64 0 0
    62 131 159 42 8 49 252 2 1 0 87 112 0 53 45 19 255 255 209 90 186 95
    191 200 2 172 0 255 150 132 17 0 222 189 255 46 43 57 255 188 0 231
    0 0 222 255 31 229 255 0 227 166 5 125 82 255 183 153 98 169 46 127
    200 75 0 124 196 204 71 241 177 163 255 255 181 17 119 45 255 0 255
    0 0 255 152 148 0 255 158 123 50 71 171 127 14 15 255 0 255 0 74 149
    0 0 50 227 255 145 255 157 249 233 219 0 3 0 252 58 128 183 0 96 17
    104 152 106 255 46 203 118 180 154 133 255 0 9 143 0 1 0 46 255 109
    255 237 108 255 255 255 255 255 0 0 190 0 255 255 255 0 115 82 85 95
    255 0 255 214 166 255 255 0 0 255 211 107 0 27 103 197 0 247 0 180 0
    255 207 240 190 255 101 76 171 22 0 187 5 170 18 208 186 231 81 197
    117 0 12 0 111 0 91 233 214 0 255 95 255 0 100 97 0 32 178 106 255 0
    255 67 27 16 167 59 80 201 0 0 226 0 233 183 0 255 233 0 131 0 212
    255 255 75 0 181 241 87 114 114 255 0 255 255 0 20 49 0 198 93 147
    255 217 255 0 255 191 0 91 136 91 255 233 0 255 255 69 153 0 18 143
    157 17 204 255 0 255 100 155 69 0 239 209 255 99 255 246 0 255 5 236
    255 159 157 255 13 153 0 0 164 122 179 0 134 81 22 255 184 127 187 0
    0 208 87 210 176 56 177 239 70 178 255 88 255 173 0 0 255 33 242 151
    255 116 74 255 228 108 151 196 118 249 208 20 0 137 220 0 0 255 149
    255 126 255 98 196 14 136 55 30 168 0 20 214 107 78 234 0 255 0 0
    191 110 0 9 0 88 0 141 41 75 37 0 255 247 0 92 249 172 209 255 240
    255 0 255 0 27 250 250 34 173 177 255 84 0 126 162 209 0 0 0 98 0
    242 0 255 101 255 46 255 42 233 78 162 182 107 208 30 255 215 117
    255 190 70 161 255 255 161 0 168 122 0 250 0 202 255 77 74 163 239
    140 255 255 60 0 161 240 0 0 162 91 145 145 255 255 137 231 78 0 181
    255 229 240 255 152 111 7 0 142 69 197 71 196 225 204 173 198 0 30
    109 255 0 0 0 193 116 31 204 206 128 199 205 0 255 142 53 223 59 14
    49 56 103 255 201 15 216 214 255 255 149 235 255 214 255 255 0 255
    154 0 19 0 173 112 127 253 137 85 0 0 0 213 255 56 255 0 7 137 44
    241 72 0 111 0 0 0 210 0 255 95 255 151 0 255 16 255 255 156 255 201
    151 83 2 220 160 236 152 149 0 204 104 255 122 30 248 255 219 189
    255 42 255 209 142 255 222 255 116 0 136 255 92 82 160 33 0 0 139
    217 166 97 0 148 123 255 45 198 0 88 110 63 254 197 10 221 57 111
    255 62 201 132 157 90 150 89 110 45 18 255 39 247 0 186 0 70 25 45 0
    255 82 255 255 242 0 182 176 61 255 0 255 198 102 0 193 61 0 0 164
    81 178 0 88 47 0 188 224 176 73 90 255 174 151 0 95 67 255 255 255 0
    117 76 236 49 218 76 0 130 255 19 0 1 95 234 127 238 170 202 255 0 9
    186 3 177 135 183 0 57 255 164 255 255 117 0 173 212 146 11 1 47 162
    36 98 255 73 182 156 0 70 43 17 220 0 0 222 0 229 0 202 255 25 234 0
    243 0 207 63 221 1 0 255 141 0 255 253 196 255 136 15 255 249 255
    253 255 255 101 156 97 106 95 247 0 255 88 255 188 123 87 0 186 0 0
    70 0 255 210 12 189 237 0 177 228 255 0 203 240 0 255 116 255 246 0
    247 179 255 239 253 225 0 158 255 255 86 255 68 14 84 0 181 146 215
    0 0 142 0 0 0 57 0 170 158 255 159 195 110 142 0 0 255 0 190 46 255
    255 8 45 143 0 255 0 255 0 0 255 96 255 255 255 0 203 0 236 0 255 54
    0 243 0 90 255 0 63 44 39 0 180 179 0 197 58 185 190 0 0 0 166 0 68
    255 166 106 249 88 0 0 176 179 0 71 78 48 255 255 191 0 246 204 0
    255 0 36 139 255 255 36 0 0 0 7 31 255 181 123 125 4 205 255 209 217
    255 65 176 124 159 85 255 0 214 98 0 150 207 0 179 219 0 75 0 169
    133 206 183 177 255 5 255 0 0 0 156 163 255 158 229 83 215 1 0 154
    255 185 255 134 6 255 200 255 255 35 198 181 69 255 57 160 118 255
    248 0 171 29 209 142 250 255 167 182 233 255 0 255 255 0 0 255 67 33
    24 200 33 104 0 0 230 0 53 252 28 163 255 209 120 0 0 0 115 255 255
    255 93 49 223 67 255 186 54 215 0 200 212 0 15 250 0 69 108 231 66
    255 37 69 0 2 0 111 113 160 196 121 0 1 0 22 5 137 0 255 255 255 233
    0 174 249 65 150 255 0 255 255 0 195 137 0 128 0 0 85 235 255 132
    255 137 222 191 2 101 46 0 255 207 255 255 129 56 154 226 209 0 0 0
    45 0 61 192 85 0 55 203 167 228 165 255 38 17 218 89 0 239 255 173
    69 255 232 0 94 0 0 236 78 0 255 41 233 207 174 255 79 64 135 89 49
    30 130 255 0 113 255 22 254 255 95 246 0 0 102 205 156 253 0 0 213 0
    160 0 49 58 33 168 255 255 212 66 0 147 143 0 232 88 227 65 0 124
    223 159 177 173 133 0 145 236 143 188 16 24 255 246 54 239 215 81
    226 0 0 133 60 255 216 137 101 255 208 66 0 117 255 0 18 73 255 134
    255 143 98 0 179 145 219 183 13 255 127 225 255 154 0 189 234 0 0
    251 35 125 127 34 100 233 255 255 0 255 255 223 163 92 255 18 139
    101 0 173 58 171 0 255 228 0 93 0 255 61 255 86 110 78 255 0 0 78
    103 0 141 76 115 162 227 85 0 255 0 95 129 255 225 174 255 196 255 0
    146 5 24 0 255 107 242 255 47 73 108 73 21 110 173 152 0 168 255 255
    42 81 255 150 79 55 61 167 201 255 187 14 250 255 166 191 255 0 197
    255 0 195 112 124 170 43 255 6 184 170 175 0 255 189 89 255 0 0 0
    255 66 109 0 206 106 255 81 184 166 166 19 95 9 0 98 3 255 91 255
    255 177 114 0 255 147 138 253 177 244 133 128 250 182 0 170 231 137
    0 111 0 8 152 128 246 103 255 105 255 230 203 80 255 211 0 33 0 72 0
    207 145 255 0 255 0 158 102 255 219 0 89 0 0 166 4 255 125 0 217 0 0
    148 110 255 200 0 185 45 255 255 157 157 244 241 37 46 173 138 23
    219 225 240 0 208 52 0 0 17 0 0 165 0 255 0 255 157 70 237 186 53
    238 114 53 0 255 255 0 0 39 255 109 228 0 255 108 202 173 6 255 255
    255 16 103 194 203 98 255 38 22 226 167 56 128 0 255 76 193 149 5 0
    96 255 95 117 26 180 131 48 0 0 0 103 255 164 0 198 50 233 3 138 14
    203 168 150 252 255 255 255 91 92 255 61 0 244 151 32 90 152 98 0
    242 136 255 112 215 204 147 212 0 0 9 191 53 42 107 22 35 122 7 0
    171 121 255 226 255 101 191 244 25 125 96 103 165 175 23 189 238 167
    56 199 5 243 0 18 65 255 179 233 0 194 6 212 162 0 0 48 121 0 0 43 0
    243 255 217 219 0 245 202 0 54 119 0 136 255 0 255 255 21 6 66 218
    123 132 247 204 57 119 87 255 19 206 136 45 255 119 0 231 200 241 0
    41 241 251 72 91 77 59 255 0 223 0 16 0 185 153 0 15 255 122 0 221
    49 255 255 161 58 235 178 31 103 31 255 255 0 72 198 160 31 17 255
    109 181 240 85 8 238 155 0 198 175 255 0 255 251 215 0 146 0 197 95
    193 0 195 194 147 237 143 93 156 113 166 109 0 0 0 30 156 118 132 0
    255 255 255 205 255 229 202 255 99 255 97 79 33 0 45 0 255 0 209 255
    166 81 0 255 255 28 255 0 0 30 0 0 172 178 228 115 255 255 0 0 255
    128 255 225 45 105 0 0 0 0 0 128 119 0 255 255 44 116 255 0 200 255
    0 43 65 204 255 155 39 0 171 216 20 50 232 177 144 204 173 255 105
    255 225 255 182 116 174 10 149 0 40 96 3 0 168 0 255 86 123 100 76
    226 56 0 197 255 255 102 40 211 181 255 32 0 38 0 0 140 255 194 255
    255 255 255 255 59 255 153 0 54 134 230 0 0 247 255 162 188 255 58 0
    32 59 189 255 0 133 0 130 255 255 255 55 36 0 241 195 109 125 33 164
    40 222 54 136 255 167 0 39 255 118 0 89 0 94 92 110 226 228 73 129
    209 9 255 86 32 255 177 0 78 167 255 255 70 81 122 255 255 253 255
    50 224 37 192 255 0 0 255 255 0 0 215 240 135 11 255 48 106 52 228
    195 0 0 56 255 45 255 142 0 251 141 242 0 226 255 89 190 226 57 56
    251 75 23 80 0 0 27 0 0 0 150 126 79 0 20 64 214 255 254 255 0 180
    110 65 17 255 69 30 255 255 158 240 0 150 126 177 111 228 197 172
    255 38 37 163 76 172 0 255 255 0 0 129 215 232 21 96 0 0 0 208 218
    192 165 0 61 195 169 52 0 207 45 0 101 192 255 255 104 0 248 252 70
    255 255 64 255 86 194 117 216 159 31 0 255 1 244 30 0 0 231 0 82 118
    255 80 216 56 201 0 117 186 255 177 149 19 247 0 6 0 191 0 0 251 155
    146 93 255 62 108 0 76 37 5 182 181 0 255 188 207 250 109 24 189 255
    74 87 27 0 20 33 255 172 185 16 51 255 255 255 145 63 0 75 222 112
    255 238 143 164 141 173 214 0 54 255 0 185 255 36 154 73 0 41 116 0
    0 0 0 0 168 255 156 0 55 255 144 229 255 231 123 113 240 25 0 50 65
    255 0 255 107 255 235 200 68 241 0 0 255 234 109 179 197 55 255 162
    202 121 253 128 173 255 255 255 150 137 255 43 255 255 39 29 0 2 46
    130 0 0 70 0 207 0 167 0 255 39 237 75 255 255 132 0 0 185 163 0 0
    255 255 0 51 97 255 149 220 18 226 135 3 255 99 15 15 255 122 121 0
    0 76 27 73 202 0 0 103 222 224 107 255 0 223 138 255 0 195 145 138
    154 62 193 124 155 4 255 255 24 36 255 0 55 37 160 20 52 0 223 186
    107 14 255 247 22 220 147 220 81 255 255 0 255 179 65 12 255 186 229
    255 255 255 147 11 74 255 72 0 103 219 0 255 5 255 158 0 62 212 208
    58 126 255 116 211 255 192 0 0 172 255 60 0 143 115 0 26 255 18 0
    165 255 102 116 0 255 0 191 255 157 206 28 255 0 255 40 212 142 43
    181 72 38 209 83 0 83 24 72 239 46 237 255 212 0 82 103 12 108 0 106
    255 255 46 230 0 202 0 196 255 25 175 255 255 125 104 82 109 123 81
    255 201 155 1 255 123 7 173 96 0 51 128 26 255 255 246 169 225 84
    167 0 0 255 123 77 32 20 89 0 0 0 45 67 151 236 114 0 245 255 229
    122 0 181 138 0 131 0 255 151 172 189 0 0 0 29 217 15 255 58 227 105
    219 0 254 196 162 255 55 81 9 212 0 255 255 255 121 255 27 108 13 0
    242 153 107 0 214 107 0 255 188 174 250 44 47 206 45 0 22 0 34 11
    146 34 255 230 225 255 0 210 213 147 109 0 245 181 125 90 11 255 227
    91 255 153 255 53 0 115 166 216 81 134 255 130 0 5 13 101 126 162 0
    15 160 0 37 0 93 176 57 172 255 255 165 218 0 203 255 255 0 128 0
    255 23 163 255 51 53 255 208 168 255 255 104 255 142 191 255 0 158
    141 63 255 0 53 111 189 177 234 36 255 255 0 8 240 255 212 219 255
    255 0 131 31 163 211 134 47 255 79 0 204 0 97 0 126 0 0 0 173 255
    139 51 163 56 255 15 255 96 0 89 67 175 18 255 4 58 0 255 203 171 0
    56 78 0 255 164 255 0 255 196 0 255 136 27 0 4 31 255 124 255 0 147
    0 255 163 0 19 186 48 238 230 255 94 203 124 0 255 227 255 179 159 0
    249 165 43 152 77 238 225 220 0 84 47 255 99 255 255 235 187 207 226
    198 67 242 255 195 13 197 221 255 0 158 195 0 105 133 43 35 255 255
    102 255 84 45 255 75 49 0 0 0 79 255 61 9 90 25 0 91 131 102 43 60
    18 255 78 95 220 143 0 237 137 87 169 0 255 219 38 34 123 0 90 255
    45 91 255 22 238 255 3 133 49 255 30 241 241 255 209 160 255 209 0 0
    95 49 100 74 148 255 214 255 31 78 255 255 169 175 234 221 45 174 82
    137 0 233 255 0 2 255 0 247 174 0 255 71 255 80 43 255 150 199 224
    116 66 50 255 255 32 177 100 4 229 255 255 0 61 255 0 139 255 125 3
    129 119 51 0 239 255 146 0 255 91 0 255 120 0 251 64 255 104 207 146
    0 0 0 161 255 159 0 86 48 240 76 244 171 164 237 0 148 61 0 55 122 0
    255 227 255 0 0 64 71 152 211 38 0 218 156 225 224 171 37 0 255 0 0
    47 255 15 0 255 0 0 239 255 255 160 3 130 0 0 255 52 224 37 234 195
    94 211 0 0 23 229 0 246 0 0 160 200 241 162 65 169 0 255 0 243 123
    35 255 164 255 198 0 255 117 138 45 0 57 225 160 0 66 136 127 172 0
    190 77 210 213 0 204 0 255 140 222 88 179 255 153 99 54 255 206 0
    165 0 211 80 146 0 0 136 182 0 47 60 255 102 20 41 2 132 239 140 239
    115 255 215 132 107 0 0 0 0 95 74 247 57 255 0 34 233 253 187 52 180
    67 0 104 105 20 68 255 246 0 179 0 146 0 0 13 211 0 79 79 0 48 94
    182 143 255 84 245 152 242 9 148 192 255 0 182 225 0 255 228 133 125
    201 186 212 0 209 144 217 75 85 0 93 134 54 172 221 0 159 255 80 255
    108 51 0 201 56 87 255 255 0 251 181 0 237 252 186 51 34 128 71 240
    255 74 0 118 231 189 255 155 213 0 39 194 61 103 170 60 197 7 0 171
    255 255 219 110 255 255 48 217 146 0 12 51 0 0 42 40 255 86 133 112
    155 226 0 255 255 255 105 255 255 89 165 0 239 33 5 28 210 0 44 255
    5 87 0 42 8 15 64 138 255 255 45 255 195 1 71 86 11 255 0 228 213
    255 255 117 255 244 94 207 61 180 244 255 102 163 51 0 255 49 163 0
    120 115 117 199 112 37 0 255 0 255 255 135 12 85 164 255 0 162 1 208
    184 255 119 255 255 255 202 37 174 207 156 0 159 255 253 255 90 135
    255 185 35 255 53 0 85 0 51 35 181 19 0 0 255 11 255 255 96 160 246
    255 202 255 114 0 0 109 238 124 64 22 0 0 255 255 33 35 255 0 24 188
    255 166 0 235 231 146 0 253 23 102 33 240 73 255 0 255 255 180 0 70
    177 255 91 50 53 255 0 72 247 64 203 67 255 202 255 255 141 149 87 0
    0 255 67 196 248 0 81 127 0 0 232 0 156 154 170 79 159 241 0 255 189
    96 206 219 44 255 105 199 50 255 213 255 72 255 255 199 255 47 255
    237 20 128 237 65 17 101 190 212 207 161 99 255 0 84 255 255 19 219
    203 65 0 48 232 222 218 0 199 140 0 118 0 107 34 0 139 255 208 255
    18 152 205 255 188 255 0 255 0 0 104 18 0 0 0 93 130 255 255 255 76
    255 255 0 161 70 115 0 185 255 0 231 0 255 173 0 156 255 28 170 204
    21 189 255 255 254 124 218 255 78 0 0 0 120 119 250 31 0 255 0 43
    207 182 0 5 255 160 21 0 255 0 221 255 209 0 255 0 0 156 196 231 0
    23 82 0 255 125 237 0 255 208 0 28 0 189 182 255 255 57 0 255 177 55
    255 255 211 4 65 38 0 0 236 0 252 183 175 255 83 144 122 164 255 103
    237 54 247 0 0 0 36 115 255 11 53 255 116 162 43 255 206 82 255 233
    0 172 255 255 52 255 25 40 140 0 19 97 100 231 154 0 255 88 102 255
    221 225 173 0 0 43 255 214 0 106 0 115 255 84 34 1 255 255 232 0 50
    95 0 133 255 0 96 0 243 35 219 179 0 41 51 0 67 145 0 41 78 197 255
    54 0 255 157 255 0 121 55 255 0 254 157 0 194 255 203 88 255 215 219
    255 54 0 70 200 0 0 0 0 156 217 61 81 167 0 255 0 173 82 251 43 255
    158 53 60 217 109 37 70 123 161 255 0 223 0 88 186 255 75 0 76 255
    11 0 229 154 29 148 255 17 255 235 255 141 0 253 0 97 22 100 0 111
    175 49 211 252 181 2 255 0 117 161 0 206 0 69 195 184 255 255 255 0
    227 228 85 8 229 255 56 0 161 104 31 188 51 219 34 0 255 4 54 255 14
    151 75 129 161 44 255 255 147 165 255 255 67 12 255 112 93 216 70 12
    202 192 251 195 237 193 48 255 157 184 255 255 226 255 63 168 255 0
    255 34 0 0 235 0 0 255 247 0 255 255 255 0 255 255 0 113 255 249 180
    0 205 255 146 255 255 0 74 0 255 25 46 155 110 3 163 24 0 0 218 74
    157 23 63 68 131 146 169 173 166 96 125 0 0 27 0 85 77 211 147 66
    255 84 255 31 34 0 10 88 175 210 0 97 152 107 213 52 0 236 174 255
    13 69 56 172 63 255 82 24 245 255 0 255 60 0 231 189 234 68 56 187
    141 161 198 14 110 82 202 207 255 0 255 84 163 255 249 0 81 146 255
    58 58 21 106 255 0 255 180 246 208 89 255 175 132 56 229 0 0 0 126
    173 255 82 26 80 22 197 0 125 98 224 155 252 153 0 0 57 222 65 45 28
    255 34 129 255 96 62 0 24 255 220 0 255 255 255 136 226 110 38 0 3
    255 17 224 210 92 124 249 82 191 202 242 255 93 255 255 109 99 8 11
    18 102 234 0 147 255 255 250 77 0 159 255 255 242 66 20 0 231 48 113
    45 4 0 82 0 226 43 36 190 211 14 255 235 50 255 0 0 192 80 255 255
    138 0 0 100 58 0 11 255 0 0 255 255 149 90 0 0 147 48 0 43 147 211
    255 1 151 30 0 156 159 0 255 251 192 89 18 27 255 0 255 121 0 175
    114 91 0 8 255 0 0 223 0 101 23 0 79 106 75 27 0 36 6 190 255 255
    220 255 255 85 41 0 45 187 168 221 255 255 22 0 242 0 51 255 0 93 0
    250 164 246 49 62 255 0 0 255 44 0 1 255 170 78 255 0 0 0 39 110 112
    255 0 137 105 255 63 58 163 120 0 142 0 255 255 255 255 252 19 23 0
    162 0 0 70 178 64 0 255 173 188 255 193 184 255 0 0 0 50 149 0 182
    88 154 67 114 113 120 168 253 97 125 110 39 63 0 0 139 71 0 143 210
    144 255 204 43 65 0 243 255 36 23 171 170 0 255 188 112 0 53 255 115
    122 255 0 0 19 89 0 208 0 0 0 94 0 164 161 255 255 222 52 229 50 102
    24 0 100 0 0 0 106 132 203 208 92 0 1 197 28 255 107 236 255 42 47
    223 0 174 2 121 252 176 147 232 252 125 202 0 255 190 255 0 0 151 4
    2 160 216 0 153 132 86 210 0 1 142 130 245 234 121 0 0 0 255 230 255
    91 117 0 198 0 0 2 65 0 0 0 114 195 212 139 98 18 255 236 199 255 57
    255 176 29 0 0 255 255 0 116 148 0 0 157 219 61 231 81 4 0 124 37 49
    127 245 0 13 78 255 88 0 255 71 231 3 0 204 24 110 83 0 0 255 0 0
    218 190 134 255 0 172 38 255 130 32 1 121 0 135 149 66 158 211 115
    231 95 0 128 133 62 180 0 192 92 177 64 1 0 206 85 232 128 29 123
    144 206 255 255 252 44 30 200 0 7 9 0 0 0 44 0 255 44 183 252 135
    165 16 224 60 0 78 223 255 255 224 22 197 255 191 255 0 234 32 255
    72 99 0 241 212 57 60 253 0 217 0 255 78 255 0 161 0 129 0 66 223
    253 77 180 255 119 255 169 255 20 205 0 235 245 150 218 0 180 255
    114 0 79 255 97 170 242 0 107 5 0 162 52 0 0 55 38 255 203 252 19 0
    238 154 117 239 255 17 174 216 34 175 255 0 0 255 102 0 0 255 174 5
    0 0 0 154 255 255 194 181 187 187 1 167 255 255 21 218 46 0 89 166
    62 83 0 0 42 0 0 219 37 78 145 164 63 255 0 255 255 50 175 187 0 248
    24 49 216 0 0 96 160 255 160 117 65 0 255 229 200 173 243 255 250
    137 37 46 255 255 253 255 0 0 255 0 142 255 110 255 37 255 173 12
    220 197 255 0 0 169 255 65 45 255 0 10 0 207 242 38 142 0 166 93 84
    80 255 4 0 71 181 251 106 255 10 178 42 255 0 223 217 221 0 107 244
    0 0 61 237 0 163 255 34 135 0 87 49 181 255 255 0 18 61 255 121 159
    201 31 0 255 203 227 115 0 153 41 146 0 173 255 107 88 0 137 255 255
    2 255 255 255 68 19 63 159 131 16 157 79 181 204 175 113 141 189 0
    168 255 116 35 220 0 28 204 255 23 255 255 0 255 135 175 0 68 255
    119 217 116 0 25 128 0 96 117 0 133 0 255 255 67 0 220 239 0 0 255
    82 222 120 246 0 0 229 160 0 95 198 41 83 0 40 38 0 131 114 255 0
    151 255 255 50 118 108 255 238 228 225 94 0 233 255 255 255 255 71
    255 253 19 73 106 107 0 214 255 255 255 0 139 0 204 55 188 255 165
    29 255 116 0 0 2 255 218 0 255 192 158 108 255 75 157 255 48 4 0 255
    46 125 190 255 0 35 0 255 165 165 0 21 193 129 0 0 72 255 0 255 184
    0 135 92 238 255 209 255 255 0 250 104 30 154 0 246 0 215 171 190 27
    35 255 0 69 255 254 0 0 66 193 128 224 216 63 118 0 255 255 130 255
    255 255 121 135 202 160 34 0 0 255 0 255 0 127 255 175 0 149 0 5 255
    62 0 38 130 255 255 25 0 146 255 175 0 255 76 181 254 160 28 218 0
    29 255 138 162 255 222 255 80 255 22 91 16 201 243 210 255 0 0 255
    51 187 219 231 255 132 150 255 27 215 35 0 255 0 0 0 212 17 41 80
    142 166 112 255 60 0 123 255 0 255 197 103 0 42 126 226 255 182 180
    89 21 255 157 188 89 255 0 225 255 184 216 0 147 231 88 255 42 0 85
    171 0 14 248 255 206 210 255 185 34 25 1 255 209 152 255 102 0 247
    130 58 193 94 0 131 0 26 184 7 81 42 103 0 25 255 188 255 113 209
    255 255 156 0 43 250 152 0 0 48 0 0 126 43 85 0 255 15 0 255 69 27
    26 18 25 75 132 16 0 255 148 255 79 200 0 255 0 199 0 0 255 74 178
    255 38 3 230 230 82 83 255 32 255 0 101 248 93 0 12 0 232 66 231 255
    255 236 0 192 153 255 3 247 252 239 254 0 245 153 191 120 175 90 0
    141 248 0 95 184 27 139 255 247 21 125 255 74 17 243 15 204 64 175
    255 255 87 255 132 255 255 37 36 0 102 81 255 206 0 221 107 113 219
    147 0 0 255 0 87 56 92 40 65 199 1 0 255 207 140 255 235 8 210 0 108
    0 0 78 51 255 255 202 0 229 0 0 16 37 50 255 37 0 184 104 124 200
    255 13 118 226 112 82 255 0 97 250 255 255 49 139 76 50 112 217 60
    255 104 156 171 0 72 26 169 0 0 255 67 201 255 225 65 10 0 179 0 33
    29 0 33 138 89 130 0 153 197 88 255 255 33 0 132 137 255 60 135 91
    222 0 85 134 171 10 0 255 241 203 57 149 255 65 81 10 255 43 111 113
    0 0 0 209 90 0 255 255 23 255 255 0 88 204 0 243 117 255 255 217 40
    73 0 129 51 198 0 235 255 255 255 255 178 239 255 25 140 0 242 156 0
    0 109 90 255 23 229 36 255 255 0 24 0 0 250 167 0 255 43 81 88 39
    180 255 17 84 116 248 138 62 255 162 0 238 255 0 255 165 82 199 0
    199 0 0 0 249 255 195 24 249 111 171 40 0 77 99 233 70 201 61 255
    255 255 171 158 79 16 86 88 127 133 255 255 255 255 0 255 236 255 84
    249 37 210 0 0 0 255 72 255 255 255 107 75 64 255 128 0 192 144 255
    0 246 21 255 255 161 119 0 168 0 123 17 255 0 0 124 136 0 120 104 53
    163 253 0 255 0 100 7 54 255 255 157 214 35 255 0 65 255 150 102 136
    39 234 181 0 255 24 77 194 0 51 48 234 255 255 47 124 235 157 0 255
    218 0 222 196 255 0 255 0 0 70 0 10 23 250 50 3 237 97 0 0 255 0 255
    255 196 134 14 239 255 174 34 255 119 123 0 167 247 136 255 238 199
    192 255 255 255 255 175 146 180 0 255 0 0 181 124 36 96 34 30 117
    171 105 125 255 244 255 255 44 0 204 190 64 219 255 255 0 50 119 4
    159 0 255 0 255 5 231 255 0 150 0 35 78 128 255 219 53 165 255 0 18
    255 177 0 140 255 18 0 139 245 0 121 176 75 211 61 199 246 246 0 44
    141 211 107 224 255 255 195 125 163 0 183 255 157 203 83 255 255 0
    160 121 221 255 62 211 25 144 255 77 0 122 219 99 11 205 255 136 0
    146 213 127 82 4 242 255 253 163 0 0 137 255 192 0 255 155 69 193
    255 186 0 228 141 116 255 9 0 220 108 255 231 98 255 0 255 213 0 95
    198 97 255 207 255 95 221 168 63 0 116 0 211 28 171 255 255 73 255 0
    255 255 0 160 249 255 0 37 0 228 196 255 115 161 121 0 132 0 0 216
    54 255 0 0 255 255 154 45 197 104 15 174 0 91 255 255 183 199 78 14
    0 111 207 255 100 203 51 255 100 0 104 82 255 78 80 220 242 168 190
    206 0 255 124 208 130 255 226 255 0 255 92 59 37 152 186 255 253 190
    2 127 95 197 68 84 255 0 13 121 0 233 0 52 232 57 11 255 159 51 246
    247 183 0 255 255 255 114 189 29 164 238 255 255 0 255 0 0 0 81 64 0
    0 0 137 233 46 26 194 0 30 171 81 0 0 107 232 219 195 255 168 166
    162 93 46 86 255 80 184 54 159 120 0 255 255 144 0 65 35 0 255 68 0
    133 133 0 0 40 0 27 255 100 98 85 18 9 223 101 255 0 239 255 129 255
    255 68 96 90 255 0 189 0 0 0 148 255 0 249 46 47 4 255 0 255 240 0 0
    0 153 236 252 0 203 16 255 150 255 107 255 0 23 179 0 92 11 0 255 4
    56 81 181 255 46 255 0 0 119 0 142 233 0 202 157 112 232 225 245 255
    255 255 255 100 50 83 120 0 0 178 95 162 38 254 233 255 56 220 63
    155 0 165 255 167 46 147 44 1 94 98 68 255 89 29 244 255 255 46 222
    175 7 255 0 0 120 255 82 66 36 255 255 255 28 133 245 70 0 0 41 63
    156 59 141 30 54 79 0 236 92 183 0 204 191 98 53 255 87 255 36 255
    209 96 77 255 72 255 255 159 255 5 133 8 22 190 218 0 110 133 134
    158 0 255 200 0 222 223 43 178 174 188 255 255 255 220 11 221 22 0 0
    235 26 72 80 255 0 0 255 56 255 0 237 160 109 206 255 212 165 35 157
    184 40 255 0 0 97 0 210 193 76 201 255 125 0 146 255 255 116 187 139
    255 94 0 157 54 9 255 0 0 0 0 255 0 0 0 5 15 0 240 0 225 255 56 223
    252 255 161 132 146 255 255 206 255 99 255 254 255 0 0 159 233 132 0
    139 225 217 216 105 255 0 225 240 0 118 58 230 196 176 255 94 111
    137 101 255 255 0 255 179 184 252 20 217 0 255 103 94 0 91 93 139
    113 210 22 144 68 140 47 6 35 189 85 64 135 0 99 0 0 255 234 0 0 142
    228 150 45 121 178 212 5 235 48 163 255 76 0 58 130 0 155 106 250
    140 119 54 241 255 45 69 220 218 179 175 80 168 0 0 35 105 0 255 255
    255 255 245 255 67 160 45 226 48 243 255 76 180 146 171 229 255 136
    0 102 0 0 218 162 35 253 111 0 63 176 38 250 0 255 0 207 255 241 81
    0 176 128 173 146 0 0 115 0 255 0 140 207 183 57 0 237 0 0 88 11 99
    255 0 114 233 0 255 0 108 241 4 197 255 134 145 216 174 25 146 132
    255 50 113 30 217 29 0 224 0 147 24 56 48 243 209 255 0 65 110 121
    67 131 0 37 35 255 170 10 242 0 44 61 98 219 3 230 210 198 0 87 255
    14 41 255 240 79 255 141 0 47 0 0 119 237 63 4 0 119 244 205 173 72
    0 255 0 197 235 130 88 255 120 79 65 255 162 15 105 67 255 255 162 0
    0 255 42 0 0 0 27 255 0 82 0 112 0 29 226 151 1 176 241 164 203 228
    57 99 184 206 255 26 172 219 255 58 233 24 255 0 148 0 0 0 0 0 167
    56 233 158 0 113 254 224 127 194 236 0 0 0 255 0 228 109 197 111 105
    0 255 14 5 180 141 254 0 111 247 0 0 0 207 239 145 183 140 48 0 247
    4 192 154 73 255 255 73 0 178 255 255 26 4 147 13 169 56 167 182 126
    0 184 53 0 0 0 184 171 199 66 0 14 208 184 255 255 91 255 0 74 36 48
    255 117 0 255 126 74 0 45 2 87 55 255 0 255 51 178 105 42 253 255 58
    243 254 57 68 255 129 153 81 255 0 255 242 0 16 248 163 0 208 214 0
    5 28 255 69 177 212 255 0 169 247 255 135 242 0 255 136 14 255 255
    163 142 0 255 0 237 203 215 255 115 182 0 255 72 255 114 0 176 136 0
    28 0 255 0 175 148 3 108 76 80 0 250 0 92 74 180 26 224 174 124 255
    171 96 38 0 160 0 0 108 0 172 170 183 0 198 0 255 151 51 248 253 0 0
    217 255 84 149 239 29 0 0 255 255 100 221 255 0 255 196 41 58 240 89
    255 0 163 198 241 255 23 32 255 98 180 79 70 189 220 238 135 230 255
    184 0 82 52 0 255 159 144 196 0 255 143 112 255 0 255 254 8 205 255
    255 255 0 132 0 149 146 0 173 178 216 79 67 218 12 125 255 21 0 100
    130 226 255 93 90 221 216 255 0 255 85 45 69 190 0 252 186 255 94
    208 90 255 195 247 0 138 0 255 186 245 251 166 215 0 187 0 199 4 0 1
    169 234 108 255 131 218 0 91 63 249 0 82 172 204 21 90 255 81 204
    166 0 255 255 230 119 255 255 251 9 211 76 243 250 0 194 73 55 0 104
    255 16 96 0 62 0 255 52 149 255 108 237 118 162 0 8 66 20 0 211 156
    69 255 246 255 35 255 160 103 144 21 0 103 255 0 153 166 237 0 128
    255 150 172 255 255 255 55 184 0 215 204 6 165 0 255 177 0 75 255
    255 211 255 150 84 137 244 190 255 202 193 0 248 0 97 43 72 18 9 165
    69 255 45 255 97 67 55 34 132 78 11 255 0 11 4 212 73 0 121 31 0 25
    255 128 252 79 53 250 226 76 0 0 197 0 255 0 213 174 255 255 84 0
    255 212 132 1 187 137 105 0 162 164 229 174 0 48 36 100 57 0 255 54
    133 137 255 144 241 230 201 0 11 255 255 255 63 255 185 208 255 209
    0 0 0 138 50 82 90 16 229 229 255 255 255 93 237 203 0 124 75 11 237
    6 207 255 255 255 143 168 28 53 0 255 194 117 83 0 0 255 232 230 255
    167 0 96 108 247 196 255 127 190 95 84 226 16 198 255 255 243 0 255
    241 131 255 255 72 221 0 255 255 0 255 59 255 212 0 121 25 0 255 0
    23 0 79 173 62 41 164 255 0 185 255 18 102 255 61 150 177 255 155
    255 9 80 30 255 248 94 10 230 97 0 177 255 190 232 255 0 168 62 221
    137 255 255 255 218 0 186 0 229 39 169 186 255 103 255 215 63 255
    163 35 255 75 255 202 111 145 72 46 255 255 0 180 216 165 255 178 81
    255 128 255 83 153 83 132 183 255 0 224 188 143 219 188 58 0 245 0
    255 34 9 206 69 143 32 165 137 8 255 130 255 137 236 64 149 255 146
    83 43 69 0 97 188 0 115 193 0 134 100 150 0 203 250 144 121 35 84 0
    163 218 0 0 214 76 255 251 190 0 153 34 250 215 108 182 0 255 255 0
    0 106 8 255 191 48 44 121 213 149 246 255 9 255 255 168 31 0 192 0
    40 206 36 69 255 0 6 125 255 255 136 42 255 61 35 170 143 53 0 123 0
    247 255 65 222 255 163 127 226 216 143 31 0 28 126 214 0 0 0 0 0 53
    221 229 0 255 255 0 255 201 0 255 255 0 112 216 28 30 212 40 99 0
    244 0 0 0 255 0 28 67 142 255 209 255 0 162 8 0 255 68 0 193 255 149
    99 154 130 23 25 11 0 64 0 255 176 244 45 150 179 54 112 171 120 8 0
    203 168 95 210 255 219 98 94 255 121 255 0 188 20 0 19 0 0 255 0 127
    3 9 0 0 250 186 48 255 222 130 216 3 255 121 47 128 255 61 0 102 255
    43 132 160 56 99 129 235 0 255 56 255 0 255 255 160 160 255 244 255
    216 69 107 255 156 150 239 255 255 255 255 156 0 255 255 31 255 80 0
    255 48 255 172 220 0 107 52 32 0 89 227 61 44 0 20 222 0 170 236 100
    6 25 255 0 42 146 255 32 53 227 44 0 255 0 0 98 0 196 34 24 63 145
    52 58 206 122 146 255 0 141 255 251 153 255 190 255 56 175 2 0 14 70
    66 82 0 86 255 82 199 125 0 0 0 255 9 0 0 0 116 133 0 255 166 232
    255 7 195 0 208 0 11 78 49 255 0 228 189 225 0 255 240 172 218 217
    34 38 59 183 0 0 137 79 121 137 9 0 0 255 22 238 0 255 42 26 255 255
    34 62 0 23 0 3 0 2 255 0 177 255 5 255 86 255 0 37 255 211 255 0 189
    22 208 180 32 0 212 70 244 0 114 217 215 255 255 0 255 223 61 255
    255 142 19 0 0 255 69 171 255 145 161 51 0 204 215 249 0 0 208 255
    40 36 98 11 238 166 151 175 84 210 126 173 0 255 245 142 0 23 0 255
    0 67 0 233 154 150 126 202 176 215 117 102 0 0 177 209 184 110 62
    255 157 255 191 1 175 136 121 192 255 255 0 29 162 46 142 255 255 0
    235 255 218 255 29 0 142 115 98 181 120 16 255 0 81 32 77 117 74 255
    70 242 255 238 228 255 11 108 213 255 251 0 0 0 212 94 0 19 160 248
    255 0 143 26 182 123 0 11 255 34 255 207 66 103 255 0 146 164 0 113
    249 255 200 255 0 0 43 5 27 0 255 159 25 117 246 0 200 0 255 16 186
    233 255 255 0 185 97 217 154 190 76 240 103 255 252 206 0 237 146 0
    43 0 53 255 0 0 226 0 0 235 82 66 221 0 110 124 91 140 71 0 0 8 0
    185 255 0 0 0 233 144 255 103 238 163 111 112 224 255 60 164 140 91
    33 255 235 159 160 74 246 116 168 255 0 255 255 255 162 142 167 106
    62 106 2 125 125 220 20 255 176 255 95 252 202 0 29 185 52 109 0 5
    255 0 255 117 184 187 122 18 2 73 21 32 0 83 0 255 59 176 16 223 0
    156 220 255 67 219 0 54 161 255 0 0 139 60 90 0 177 0 0 139 109 57
    242 183 131 156 0 197 255 223 223 198 0 102 203 255 255 208 174 255
    134 46 204 255 255 23 178 124 99 194 0 0 255 158 169 151 47 45 107
    221 9 255 50 241 63 185 50 171 255 201 255 134 0 0 116 171 236 0 157
    183 62 77 0 136 255 51 154 255 136 255 61 0 54 49 158 173 138 255
    255 133 255 69 139 0 255 175 138 29 126 1 71 4 247 255 255 180 0 64
    255 255 192 148 154 211 255 113 255 174 84 26 255 106 0 255 81 255
    22 255 134 255 71 255 186 0 160 40 50 61 83 144 35 255 44 44 12 114
    73 255 137 255 195 255 249 247 63 138 4 11 255 213 0 0 0 68 241 0 0
    200 237 95 221 68 138 123 255 233 11 46 255 206 13 58 255 0 255 185
    255 233 242 0 220 255 255 210 88 16 0 255 0 0 0 115 159 255 255 106
    0 0 154 0 160 255 0 203 140 45 118 152 0 100 219 74 146 180 255 0 0
    0 0 134 237 40 39 21 0 0 255 0 0 122 0 255 78 255 58 197 255 68 92 0
    218 153 16 0 255 128 231 255 7 13 255 62 230 24 246 0 50 0 179 175
    237 203 255 255 255 189 7 147 56 136 82 113 185 41 22 127 77 19 255
    0 255 255 132 0 0 30 28 147 157 98 255 124 87 255 112 254 208 68 0 0
    162 0 69 179 255 101 83 126 255 12 33 255 127 229 86 248 255 8 168
    100 237 0 162 0 0 182 58 183 255 255 197 0 255 255 113 0 0 255 29 98
    255 142 110 129 0 190 255 72 31 0 255 105 255 33 0 120 145 42 181 0
    75 255 255 86 167 255 255 47 255 175 159 224 0 46 150 185 29 130 245
    140 199 184 139 120 255 7 255 17 170 0 255 139 154 6 0 65 51 255 0
    235 210 166 255 27 0 0 132 243 111 255 122 245 46 0 230 207 0 21 155
    255 255 78 39 103 255 89 0 51 156 0 255 255 35 226 0 255 255 251 88
    255 255 68 28 255 24 56 252 211 102 199 76 0 216 0 255 251 0 155 128
    0 0 204 255 86 127 255 194 0 37 0 34 255 51 125 184 255 255 182 255
    131 0 146 71 187 106 107 35 56 0 60 255 0 202 255 0 86 216 0 0 255
    255 8 255 71 255 193 0 71 152 202 42 147 166 255 162 0 255 55 152 0
    255 0 116 77 255 198 0 247 1 63 101 16 91 124 0 255 74 255 244 30
    105 0 73 66 184 116 23 54 181 69 249 0 82 63 0 255 224 255 126 187
    255 255 108 112 68 10 121 78 0 43 117 0 159 118 132 0 15 255 121 20
    0 255 31 188 33 0 17 197 57 255 255 19 192 11 171 125 253 181 255
    197 153 17 144 219 161 11 166 0 255 255 35 0 54 112 255 255 255 255
    186 130 0 8 0 255 152 43 0 255 255 150 187 142 255 240 0 121 255 0
    174 16 158 238 232 164 255 0 0 210 255 60 97 20 207 0 67 0 198 199
    255 53 255 18 235 255 0 22 255 11 63 5 8 221 69 0 76 0 0 53 0 168 92
    84 20 0 0 64 255 0 86 166 54 0 255 180 46 90 186 140 0 171 0 205 0 0
    216 31 34 255 188 255 28 64 12 34 149 39 215 130 219 74 171 200 0
    223 212 255 158 57 255 0 255 243 125 255 42 0 255 6 49 213 103 36
    177 255 56 99 103 236 0 0 103 255 2 162 192 182 112 93 162 0 0 251
    95 144 29 255 0 255 0 131 224 0 113 41 0 0 0 173 225 74 0 227 110 67
    222 255 51 50 231 54 160 36 51 111 255 0 0 72 193 178 160 255 77 0
    129 255 116 233 255 255 70 15 0 184 0 0 102 255 255 121 240 94 0 178
    246 139 195 235 186 92 20 255 82 255 0 40 225 64 158 192 255 255 43
    183 255 116 96 205 106 255 0 211 0 191 255 233 81 158 255 0 141 200
    227 0 210 16 214 203 255 215 70 255 33 237 123 77 195 255 0 245 133
    79 0 0 251 95 29 44 0 29 33 168 49 223 0 63 242 255 255 255 0 0 4 10
    0 201 0 243 255 255 0 209 255 255 229 13 120 217 0 110 229 223 112
    255 0 10 9 41 0 255 212 183 115 222 255 171 128 255 130 81 127 56 6
    159 255 157 0 0 255 0 255 255 219 212 241 16 42 55 46 139 255 139
    198 80 0 84 0 124 27 40 229 65 255 242 19 0 255 125 18 255 0 255 255
    186 0 82 7 76 69 235 255 52 0 112 244 255 255 184 149 255 221 255
    156 201 129 255 127 166 255 255 255 255 255 255 38 0 142 244 62 185
    190 193 255 0 152 76 148 255 177 83 255 202 87 176 255 0 162 0 255
    188 17 255 160 211 170 123 255 200 84 186 17 125 0 0 221 174 255 0
    238 0 174 246 242 31 126 0 209 78 195 125 0 149 140 172 255 255 0 0
    153 0 125 89 255 222 98 255 16 220 206 177 255 18 168 0 255 150 255
    81 180 126 80 69 255 211 22 191 0 155 243 255 0 0 182 0 107 144 0 23
    0 226 66 41 105 213 0 157 0 80 0 158 75 255 54 255 255 129 19 255
    236 255 255 255 99 229 0 222 106 255 104 0 255 97 21 213 104 255 91
    29 224 0 155 185 0 0 150 213 165 49 194 160 159 0 255 62 0 255 86
    139 95 97 168 105 184 0 255 0 0 74 160 215 255 255 244 255 249 255 0
    0 181 255 255 47 0 0 134 165 41 8 255 3 206 186 252 255 99 0 255 255
    166 0 247 158 255 255 106 0 226 0 0 0 140 255 71 240 0 0 36 2 99 25
    136 153 0 196 255 0 189 89 255 143 11 253 255 173 74 147 255 255 45
    178 122 0 5 0 247 49 0 107 118 32 255 171 144 128 33 0 109 223 254
    84 81 222 167 33 255 159 136 96 255 0 124 255 148 255 204 255 255 18
    255 0 0 0 26 174 0 237 94 188 251 255 153 92 255 147 0 93 255 255
    255 0 89 255 0 54 10 253 198 90 154 255 148 255 217 96 68 92 80 58 0
    47 143 255 255 16 198 240 243 255 65 255 96 255 0 0 145 0 0 23 193 0
    255 255 255 26 238 255 174 8 0 24 126 98 255 218 230 0 99 255 255
    255 0 255 170 77 213 255 255 222 241 0 43 236 255 27 0 226 223 255 0
    246 72 60 218 255 255 87 79 99 255 0 210 0 125 48 148 255 0 192 12
    47 255 7 255 0 255 136 255 255 67 224 185 192 140 255 141 97 185 123
    163 0 188 105 255 69 223 153 0 138 0 255 189 0 202 215 0 172 79 87
    83 0 255 20 155 75 255 255 255 0 233 181 0 81 28 255 245 15 255 115
    180 187 171 255 150 189 103 115 50 255 97 0 175 0 180 255 146 49 75
    0 255 0 0 255 218 72 255 135 255 255 64 0 0 56 158 255 255 18 0 28
    160 69 252 0 23 182 255 255 158 255 112 255 232 255 255 35 229 101
    116 255 25 0 184 0 255 184 0 0 236 167 104 70 59 255 146 0 62 5 118
    123 72 255 126 0 255 0 35 168 255 45 242 255 255 18 181 98 56 0 162
    241 241 207 132 93 0 0 53 110 111 50 44 201 181 243 149 236 78 0 50
    174 13 153 255 54 13 251 255 0 153 211 15 206 139 255 91 25 0 86 100
    193 115 255 57 194 255 42 0 9 170 35 93 193 0 53 191 184 255 225 202
    211 10 18 255 0 255 0 37 179 255 245 207 235 51 0 40 60 253 156 37
    188 4 0 255 36 246 98 28 37 94 188 234 73 244 30 22 199 255 36 150
    255 0 0 197 156 0 249 21 111 219 238 0 235 86 0 46 0 0 0 152 28 98
    240 0 54 232 255 255 227 97 235 215 25 198 19 245 0 119 134 0 0 255
    255 255 0 214 26 176 90 0 1 116 209 84 15 27 181 110 112 0 115 207
    71 14 32 55 0 19 255 58 200 0 174 255 164 225 202 120 106 0 121 255
    255 255 98 0 0 97 0 13 16 218 255 40 0 91 0 0 131 0 197 74 255 0 0
    185 121 75 239 44 0 239 204 94 255 244 106 216 255 127 194 254 49
    166 255 59 225 255 255 186 255 77 0 0 0 64 0 129 226 194 43 144 245
    90 57 214 29 79 15 10 255 8 115 164 74 29 0 0 0 255 76 0 112 22 255
    76 0 60 255 153 255 73 255 87 31 255 255 202 255 224 29 0 103 255 28
    0 255 0 0 197 0 109 70 0 192 129 81 0 148 0 0 0 103 118 255 160 133
    255 99 43 82 255 60 255 19 182 255 0 193 98 0 93 136 255 216 0 255
    222 150 239 107 59 248 16 255 255 32 0 255 198 255 116 237 0 0 253 0
    255 105 63 255 125 170 122 255 255 1 77 127 255 73 174 0 131 163 0
    255 128 170 255 98 194 78 255 0 68 242 141 176 93 253 216 220 120
    255 67 0 0 0 147 0 247 0 55 0 255 0 124 0 242 124 255 227 144 242
    184 140 243 175 255 0 255 149 0 255 112 0 231 0 0 15 213 125 206 255
    0 83 172 220 82 106 255 69 126 0 52 0 15 0 221 197 255 134 36 147 0
    255 125 7 0 122 236 0 0 165 73 255 255 0 247 231 74 169 255 255 31 0
    115 151 0 0 0 43 10 255 252 95 133 255 202 16 19 0 219 239 207 198
    129 237 255 255 198 255 209 0 144 255 82 245 255 144 255 70 255 255
    2 216 255 255 0 22 229 144 255 252 137 116 151 130 0 0 0 141 86 255
    222 22 19 250 106 134 38 0 210 0 165 48 148 35 255 133 255 0 255 207
    206 39 217 212 8 33 199 0 43 255 177 128 53 105 197 0 215 0 152 118
    13 246 238 123 60 179 202 0 0 157 0 0 0 24 0 209 255 162 207 255 0
    211 142 145 6 197 95 67 255 188 19 98 255 248 205 64 149 124 0 0 149
    71 94 204 234 235 31 128 0 255 76 175 2 73 38 119 0 139 255 57 137
    255 251 255 255 9 78 147 175 227 0 224 255 153 255 245 0 120 255 9
    157 247 184 238 178 63 155 223 5 119 100 249 35 91 203 0 147 245 0 0
    158 140 99 0 253 255 206 3 233 191 235 200 0 34 0 100 89 143 11 129
    225 148 133 8 81 246 169 160 0 49 87 255 255 46 0 22 0 203 29 126 0
    146 229 49 0 198 22 149 222 139 155 255 168 255 0 218 106 0 255 255
    0 127 235 255 0 140 255 147 0 0 124 97 22 20 0 0 177 0 0 228 255 158
    237 84 255 255 11 228 14 0 52 80 0 255 227 245 189 0 8 0 163 201 15
    0 108 23 110 168 22 214 38 81 0 255 34 255 49 255 76 46 166 0 255 42
    173 255 82 255 255 164 174 132 107 241 0 189 255 56 255 0 167 181 10
    225 207 126 4 180 71 127 178 233 255 0 77 104 250 192 0 77 79 18 40
    0 255 0 10 37 168 28 35 119 129 178 9 163 29 255 24 135 222 171 225
    0 177 92 33 154 5 7 255 173 175 0 176 255 33 133 255 255 246 203 255
    255 116 129 123 0 137 255 255 148 255 26 172 1 0 255 36 255 0 16 189
    99 255 9 222 228 255 255 208 252 255 255 255 189 255 0 0 20 242 255
    255 255 80 97 1 16 67 0 255 134 0 157 233 165 0 138 243 252 0 255
    131 237 242 0 45 0 211 218 208 64 226 4 224 255 0 191 5 0 255 253 0
    0 28 168 121 199 99 52 166 190 14 192 198 255 37 143 138 40 74 36
    180 0 59 234 52 87 124 109 255 234 255 255 255 28 45 154 255 195 21
    224 0 0 17 193 96 167 58 197 0 144 62 128 248 0 255 173 24 99 7 255
    255 35 255 255 92 0 188 9 255 0 51 134 63 20 218 169 206 0 212 245
    230 101 255 62 94 26 219 230 255 193 0 188 200 255 0 223 252 255 0
    133 8 0 100 0 117 201 255 200 0 255 50 255 0 113 255 0 11 201 0 170
    0 0 99 0 0 235 0 255 251 66 6 0 180 255 73 1 220 255 66 13 255 160 0
    46 112 45 72 0 106 0 0 190 184 255 255 0 0 31 213 247 255 255 255 49
    0 255 138 121 68 103 0 255 0 234 97 65 241 94 105 44 255 71 0 0 84
    255 246 77 169 0 0 29 0 255 0 0 255 50 185 122 181 0 0 255 195 230
    255 0 132 129 0 209 199 177 0 255 236 221 151 88 169 216 255 194 255
    7 151 154 80 30 255 38 149 0 0 244 223 126 145 0 30 0 138 255 70 255
    0 70 138 0 196 0 151 227 0 0 0 255 255 47 61 144 91 107 255 0 128
    195 76 255 21 27 0 25 152 251 19 150 255 185 132 159 194 172 125 153
    0 201 255 70 238 193 0 91 255 255 43 40 193 132 255 53 0 246 0 255 0
    0 185 213 255 0 0 16 91 86 167 0 249 0 86 0 136 237 255 255 0 127 58
    249 83 30 255 0 252 112 0 255 13 0 200 102 61 196 118 190 0 0 208 0
    255 255 9 75 255 207 144 0 23 80 255 202 0 0 185 240 0 255 176 140
    73 255 234 226 253 255 7 137 0 111 186 182 13 44 236 255 40 240 142
    110 255 136 0 217 24 23 0 8 97 0 131 50 255 222 255 55 108 181 0 198
    255 0 255 102 233 131 57 255 255 233 255 175 140 62 255 119 0 91 255
    0 164 0 255 166 0 255 135 0 0 247 81 0 64 163 255 255 168 0 202 108
    147 162 234 188 128 70 179 255 0 52 0 92 44 143 34 0 100 242 83 104
    255 189 82 255 255 241 194 3 33 9 0 71 255 255 44 247 156 255 0 0
    187 183 0 61 199 131 130 0 239 1 39 122 121 228 91 0 255 0 47 6 78
    255 255 64 255 201 0 88 255 32 193 35 255 255 0 134 205 89 0 255 30
    121 97 106 131 0 19 255 255 255 227 8 220 44 11 0 0 78 164 194 121
    227 255 54 0 0 162 116 114 161 255 165 172 0 69 209 0 199 255 183 58
    46 189 255 73 23 255 46 80 131 136 183 0 0 35 191 225 99 19 255 167
    100 255 214 69 255 167 255 255 197 255 20 207 157 0 255 0 0 41 0 125
    55 71 121 77 78 239 93 255 255 151 121 135 0 196 141 69 0 101 205
    205 0 132 250 97 135 68 108 161 241 4 141 46 255 179 0 0 80 255 39
    118 252 126 255 191 2 190 200 0 124 93 0 150 9 127 176 3 0 255 255
    55 255 255 0 255 149 0 0 255 0 124 244 0 54 230 14 159 255 222 144
    92 255 125 26 0 0 255 92 202 255 255 0 22 155 255 163 0 31 65 56 255
    0 62 255 213 0 242 255 89 86 244 34 0 98 253 30 113 177 62 102 234 0
    58 89 148 85 146 200 173 66 255 191 178 177 168 17 0 95 33 255 0 255
    93 175 128 255 0 0 255 168 0 255 72 242 0 209 46 0 0 0 5 121 255 147
    159 0 255 97 0 255 255 42 12 0 0 159 255 0 50 127 100 60 0 152 55
    255 255 146 255 255 213 169 238 255 17 177 255 254 0 14 0 255 16 34
    100 247 185 171 73 255 255 162 249 255 238 0 42 255 208 91 184 204 0
    238 255 88 104 255 203 69 163 225 255 20 188 255 237 113 0 0 0 124 0
    147 255 138 0 128 251 255 18 13 255 0 55 0 212 193 255 48 114 255 9
    255 221 100 128 255 86 0 108 134 0 111 255 124 193 224 208 255 196
    50 223 37 255 0 179 200 255 255 17 255 0 255 38 0 66 212 255 0 39
    220 255 255 255 255 90 0 255 0 97 15 255 102 0 157 0 63 98 0 201 49
    165 91 159 179 255 255 0 0 247 32 216 255 106 198 115 255 144 28 79
    0 183 45 255 255 113 255 0 144 184 19 0 45 255 90 156 255 255 160 0
    255 206 199 75 205 255 255 219 0 235 76 71 163 255 103 111 190 171
    255 255 195 0 32 200 78 255 149 9 216 128 0 246 74 255 237 131 237 0
    255 6 139 255 219 6 31 255 255 195 202 255 0 240 255 139 187 183 154
    255 150 212 255 196 0 107 192 43 187 245 142 4 49 162 38 159 193 215
    255 42 0 170 255 235 0 0 114 255 0 233 141 184 255 102 15 243 218 56
    224 180 255 0 226 197 50 8 255 72 254 141 197 141 47 125 174 184 0
    23 235 0 50 79 254 0 0 72 0 202 255 255 0 58 219 118 255 44 255 40
    237 15 85 255 255 0 30 154 116 78 0 196 0 217 126 224 239 51 142 102
    83 255 111 182 178 0 238 81 137 91 131 115 17 255 81 255 64 0 233
    140 0 125 25 197 236 41 48 0 144 0 142 11 30 156 255 173 62 41 154
    255 146 5 50 210 238 0 0 130 0 33 195 188 0 25 127 0 117 10 64 250
    177 206 255 96 110 87 0 110 255 255 87 255 0 23 255 0 80 255 29 156
    12 255 198 102 230 4 124 0 0 4 112 0 204 255 0 0 0 176 85 237 0 233
    36 255 255 82 255 255 141 0 52 36 226 255 83 255 40 0 255 130 208 0
    150 186 0 128 53 16 92 255 255 5 191 117 0 255 0 187 255 16 77 12
    165 61 161 70 63 185 235 255 255 0 255 255 198 82 0 255 255 14 174
    217 255 255 23 53 255 255 13 0 111 71 0 0 255 0 37 147 202 214 255
    255 0 255 0 82 223 247 27 255 255 255 100 40 255 221 9 206 46 38 4
    255 13 189 72 47 0 182 123 0 109 136 0 255 179 55 91 142 24 255 0
    203 21 79 178 122 119 191 255 0 255 207 93 255 246 255 40 118 93 30
    25 249 219 255 255 0 22 168 59 152 0 0 204 0 187 0 251 28 255 0 0
    165 241 114 255 3 108 165 168 0 64 223 69 206 247 67 139 255 239 255
    224 19 201 84 0 0 0 177 255 0 238 44 244 132 255 255 255 0 79 0 17
    153 180 96 108 121 0 200 255 255 88 218 255 255 226 0 81 77 5 119 73
    255 0 136 23 67 0 0 255 14 255 207 21 58 34 129 79 73 0 0 0 238 149
    255 216 14 199 255 255 13 74 20 0 26 0 193 237 0 163 107 74 0 0 0 0
    0 0 255 105 255 255 127 96 0 255 0 158 255 0 255 255 127 130 247 246
    50 255 30 54 42 20 234 79 199 255 69 77 148 255 0 255 64 142 0 178
    21 0 153 34 203 0 59 255 0 104 240 60 0 71 223 157 99 78 128 11 32
    84 206 0 0 0 0 231 123 255 140 0 163 140 255 186 0 79 255 0 23 49
    151 51 86 4 255 255 227 154 119 255 161 145 99 0 255 172 64 98 255
    116 183 0 142 0 19 121 194 94 246 255 0 53 61 255 255 176 0 255 26
    29 249 90 0 73 39 0 188 78 30 55 6 255 129 81 42 75 188 255 171 255
    0 255 218 110 71 130 255 84 0 182 147 154 0 255 54 216 0 117 119 172
    255 190 26 160 255 194 255 157 100 0 73 255 255 50 120 126 179 113
    55 201 0 238 0 20 57 166 194 255 151 188 255 55 255 159 198 142 255
    171 0 220 108 11 6 0 158 0 0 211 136 174 159 255 172 218 244 0 29 0
    185 255 188 0 114 187 154 152 255 35 177 255 255 255 0 221 253 49 23
    255 127 232 214 255 0 223 0 197 182 255 0 129 52 96 25 208 7 117 86
    244 88 12 0 0 105 255 0 255 187 255 27 0 209 155 159 255 157 0 255 0
    0 255 0 213 109 98 112 15 214 0 115 92 0 53 10 255 228 48 0 204 182
    255 204 225 156 223 0 3 0 255 194 33 255 255 255 0 0 255 240 0 25
    255 160 29 255 255 64 255 226 116 201 142 180 0 154 79 123 62 142 27
    249 36 105 126 1 77 180 17 255 226 125 55 255 216 0 204 215 135 163
    26 190 0 236 110 38 255 128 129 127 64 186 36 81 255 179 156 255 255
    228 48 0 0 0 44 57 0 255 0 200 92 255 157 255 129 212 255 255 84 231
    174 127 143 168 212 164 0 0 81 32 25 98 0 78 0 255 85 255 0 0 104 47
    78 45 184 255 0 255 199 75 206 71 226 238 255 213 73 16 255 100 105
    219 167 0 0 212 35 0 147 183 50 0 0 255 0 0 0 0 2 255 172 0 255 2 84
    0 88 255 0 33 0 44 120 230 183 0 245 39 0 255 17 148 0 175 169 131
    137 0 35 255 216 84 220 114 0 108 193 13 0 112 0 15 255 10 79 255
    128 137 19 29 86 0 75 0 255 55 0 132 0 0 255 47 171 73 85 68 214 40
    5 31 0 169 164 247 136 239 16 255 231 255 12 255 0 255 32 0 199 255
    255 67 194 118 227 255 191 175 39 150 255 228 225 115 97 255 212 131
    64 255 66 17 19 196 210 119 0 31 62 190 190 0 225 96 255 255 79 255
    248 108 214 144 38 6 75 75 255 208 255 82 19 255 247 0 34 52 114 231
    196 114 188 0 206 120 255 62 255 124 255 102 224 255 255 42 4 251
    217 0 21 118 138 107 2 19 76 0 0 128 0 212 115 124 183 139 255 255 8
    13 162 255 127 255 29 0 255 230 138 255 220 0 255 85 0 255 97 3 97
    111 0 145 199 232 198 173 255 0 0 22 255 33 108 0 19 255 110 12 238
    0 84 255 0 0 255 154 184 34 149 56 248 0 0 5 134 111 82 214 112 42 0
    8 0 219 0 39 197 124 0 88 218 0 255 29 226 61 0 253 209 25 45 0 23
    217 0 208 27 0 0 255 194 179 214 249 0 138 62 10 255 30 18 255 75 39
    33 194 145 255 20 121 255 252 174 114 255 0 166 14 223 246 0 85 174
    215 122 119 204 113 0 91 62 130 183 250 30 164 255 255 255 91 0 14
    245 15 255 183 56 139 81 133 97 211 222 13 94 107 40 187 108 243 255
    255 0 133 4 255 243 35 255 174 47 0 62 255 0 0 209 0 0 0 255 0 67 0
    255 255 47 0 243 0 255 0 0 255 137 0 178 70 85 82 110 253 0 150 219
    0 26 252 0 24 140 0 120 234 0 0 255 250 146 188 255 25 255 175 123
    154 60 155 0 187 189 162 0 0 255 145 198 237 255 86 0 83 175 188 53
    112 0 0 0 0 68 17 85 41 255 255 0 0 255 0 0 218 218 0 250 82 149 184
    0 105 51 195 0 0 213 107 99 0 177 0 0 121 14 0 0 0 66 41 0 137 122
    113 255 0 0 92 255 224 255 155 81 0 0 0 255 18 255 0 255 0 255 10 0
    97 124 82 0 230 217 0 255 7 152 0 168 33 255 255 221 132 174 93 123
    255 255 199 0 197 75 179 105 168 145 2 197 0 234 0 0 229 0 255 0 42
    180 193 7 0 153 57 0 255 81 137 63 123 0 134 255 0 6 52 238 74 171
    255 128 9 39 228 0 69 204 0 47 221 207 63 0 172 83 0 170 180 0 46 0
    143 26 255 31 190 0 255 255 135 197 128 7 0 0 0 106 135 255 191 222
    248 220 0 133 18 194 93 188 0 59 37 0 0 134 57 231 206 197 81 221 77
    255 255 156 255 199 0 56 138 255 255 222 0 0 100 153 0 0 0 255 0 0 0
    255 0 0 11 43 144 100 204 240 186 255 96 255 174 171 255 0 0 0 247
    192 147 0 20 49 87 139 196 255 176 157 168 255 192 175 27 34 74 13 3
    223 255 65 79 0 212 0 0 108 136 77 78 143 177 5 255 146 0 255 25 163
    255 183 157 0 147 75 0 255 189 214 123 116 82 124 255 0 174 42 255
    184 0 123 12 198 98 233 255 142 254 162 0 188 0 144 255 0 255 0 0
    255 0 255 53 255 0 0 133 10 129 69 99 0 0 211 0 9 23 0 0 255 220 0
    233 185 255 0 23 187 65 125 255 208 225 255 150 255 0 150 149 145
    186 192 255 255 0 255 118 77 157 192 255 0 255 0 255 33 57 42 3 0 0
    255 241 0 255 255 255 192 241 62 71 0 190 77 11 43 24 236 117 110
    252 255 173 255 52 40 161 0 0 231 19 191 0 15 129 63 100 255 255 208
    255 255 0 29 138 49 70 255 255 17 255 115 0 220 77 143 255 117 0 186
    136 175 156 255 103 206 0 165 255 85 145 214 249 0 90 87 114 0 69 16
    42 243 30 106 0 0 21 255 105 251 216 188 162 117 0 51 148 0 255 0 24
    174 72 255 64 70 255 14 144 56 104 31 0 134 0 158 169 91 101 0 255 0
    255 71 0 158 255 255 0 128 162 29 108 56 53 118 61 67 7 0 255 29 168
    192 0 255 181 176 255 92 255 61 143 92 255 255 64 255 204 252 130
    130 111 125 0 0 0 0 198 13 0 255 0 44 112 39 255 192 212 85 53 0 74
    54 0 0 255 171 191 255 106 20 128 0 163 172 0 0 157 99 225 9 255 255
    232 255 255 133 255 255 248 48 0 255 90 158 0 234 91 0 13 244 49 255
    0 255 126 208 200 196 194 255 226 213 252 255 255 186 244 15 136 119
    255 104 0 146 211 172 203 255 0 59 253 104 235 255 0 158 255 255 0
    133 255 174 255 232 87 255 235 129 210 255 248 71 41 87 69 219 255
    98 77 254 0 44 0 255 255 51 255 224 192 146 206 198 120 133 255 4
    215 255 254 191 80 255 6 27 0 255 153 0 196 255 70 188 10 255 0 47
    121 214 0 0 188 122 255 255 64 102 79 112 0 0 57 42 194 255 255 162
    60 1 89 0 0 123 18 0 215 161 240 109 0 255 255 176 235 226 133 255
    73 238 47 0 0 2 255 192 202 255 73 255 206 39 255 255 255 146 128
    112 0 179 187 222 179 255 0 116 215 0 9 255 20 255 175 0 65 8 0 212
    0 245 89 0 0 0 140 0 255 12 0 215 171 255 106 255 255 254 18 255 255
    120 176 119 249 89 238 182 255 239 174 202 255 255 255 26 70 0 82 0
    223 113 0 255 31 255 61 0 0 1 25 0 255 255 101 84 47 190 255 212 95
    15 41 0 174 255 0 159 255 255 14 0 0 0 0 0 133 21 81 0 150 228 0 1
    197 0 33 245 94 52 205 218 255 123 255 7 176 159 80 255 255 255 0
    255 95 121 255 136 110 255 0 0 34 176 0 241 15 239 3 189 255 255 65
    228 84 66 0 156 0 77 55 2 12 5 0 245 17 130 133 0 38 0 35 0 78 13
    150 0 208 255 146 255 0 108 63 0 120 12 143 67 116 207 16 197 0 169
    44 252 37 182 162 79 243 201 0 0 0 0 96 0 54 221 140 0 255 255 234
    96 0 255 24 0 255 0 73 167 140 83 224 0 255 232 233 53 158 201 77 0
    54 0 0 130 164 127 26 166 125 114 255 44 255 139 161 61 0 255 135 14
    107 255 109 222 255 0 24 0 174 255 159 255 0 86 38 0 255 157 98 160
    0 255 246 224 221 255 197 70 141 225 172 34 0 21 73 0 255 139 0 255
    38 183 110 223 228 255 75 0 75 15 255 207 181 152 0 255 82 0 0 0 139
    206 255 151 186 40 189 255 204 0 44 187 0 249 147 0 87 188 255 81 0
    198 163 96 125 255 20 255 215 135 183 248 68 0 90 255 255 28 0 154
    120 194 18 0 237 183 0 0 0 61 0 210 205 0 255 158 0 247 255 167 114
    17 255 255 214 255 88 87 198 24 217 144 255 195 255 255 139 239 204
    255 0 246 78 127 0 138 183 48 0 238 79 255 137 146 188 249 158 2 165
    244 255 0 255 169 255 60 19 21 136 193 0 255 190 27 180 57 151 0 206
    255 239 253 21 255 255 255 0 88 163 0 0 0 255 0 27 178 46 248 0 0 0
    0 164 0 91 141 0 0 76 136 0 0 114 0 71 204 59 0 0 0 255 0 159 117
    255 165 39 0 132 171 0 138 0 247 255 0 0 145 122 45 115 36 255 0 59
    0 25 0 0 103 81 54 255 35 121 128 255 255 255 222 16 103 73 0 156
    255 120 138 90 255 0 104 12 0 113 186 0 166 255 185 83 255 0 255 117
    194 121 0 222 62 255 242 255 255 48 0 0 158 0 0 255 197 255 40 227
    251 255 39 27 187 0 140 148 255 253 255 191 255 255 255 7 255 58 255
    48 100 36 56 42 255 255 138 141 50 0 255 0 103 255 255 56 15 0 0 56
    201 152 57 177 170 0 245 0 255 0 234 0 95 67 170 34 235 255 100 120
    220 127 255 0 48 255 136 112 20 178 22 74 163 0 253 219 180 255 191
    126 0 62 0 0 0 0 98 255 30 0 241 0 255 255 208 79 255 89 0 254 13
    229 207 255 4 0 62 0 17 0 0 57 58 0 136 107 155 139 0 0 240 181 246
    226 20 0 0 255 159 219 184 75 255 183 80 134 0 0 255 37 255 60 125 7
    0 255 151 71 255 70 9 255 232 14 255 220 255 53 141 0 7 255 128 255
    255 203 199 67 21 160 21 255 91 228 142 101 195 222 255 35 0 139 173
    255 255 0 66 150 255 255 7 172 0 242 247 84 136 3 0 32 0 161 138 0
    67 0 100 255 124 147 120 153 252 59 168 0 40 229 46 118 0 255 255
    118 89 34 255 255 255 209 255 35 0 153 216 161 255 0 255 56 0 55 170
    0 174 0 0 255 192 163 34 0 243 0 255 0 99 4 227 103 115 40 255 0 212
    185 56 0 45 13 255 205 0 0 199 61 0 103 111 85 248 255 75 39 255 3 0
    16 218 255 255 255 135 255 218 255 31 121 58 255 133 255 0 112 101 0
    118 86 137 255 200 235 255 0 255 64 0 255 113 187 181 38 140 255 72
    32 3 184 255 201 255 155 164 238 255 212 0 217 62 0 98 126 7 0 166
    24 48 0 249 253 0 217 1 186 0 243 21 20 0 74 0 14 69 11 0 250 59 61
    255 11 0 91 255 255 124 149 255 158 116 149 240 0 72 0 107 0 199 247
    26 106 0 218 0 213 0 93 255 213 0 255 0 195 84 0 60 255 168 170 176
    255 255 101 142 210 159 227 0 255 55 0 177 71 0 255 255 97 0 116 0 0
    171 119 0 234 234 232 255 244 255 189 38 255 243 34 93 237 162 23 0
    17 0 154 171 255 0 0 134 131 219 0 56 249 0 0 241 8 255 64 0 81 254
    18 133 186 254 121 49 23 51 25 179 255 63 255 24 0 205 207 239 0 0
    255 131 81 241 237 224 0 152 0 209 0 0 180 235 0 255 0 29 68 226 163
    5 255 32 57 135 81 198 21 121 144 46 255 237 236 141 112 0 217 212
    255 213 13 11 172 209 255 243 0 206 68 231 0 149 66 157 228 225 224
    164 218 0 255 250 94 199 255 76 255 207 155 190 145 104 62 92 255
    157 85 144 0 17 49 240 21 193 91 11 99 93 77 150 255 245 67 81 127
    105 0 66 133 255 0 0 239 255 157 255 0 255 117 7 89 174 233 118 153
    230 255 192 0 113 188 100 187 104 233 219 37 0 53 0 208 223 138 84
    154 151 0 255 56 0 255 0 0 9 0 255 255 23 20 0 114 36 55 255 192 233
    244 24 116 16 15 43 150 0 0 142 243 255 20 241 46 255 0 255 29 176 0
    114 137 255 151 234 0 230 7 94 194 0 255 4 193 255 255 199 0 255 179
    168 0 62 106 255 112 255 255 209 42 181 8 105 107 169 255 247 18 170
    202 2 255 0 255 255 255 79 150 255 200 255 144 14 189 0 102 255 186
    105 0 255 77 236 86 2 0 0 165 30 18 0 0 34 255 0 0 252 21 185 195 10
    255 0 0 179 119 255 0 246 7 0 102 202 78 158 101 255 186 255 0 255
    177 255 255 123 193 0 0 255 213 154 59 255 0 106 236 87 0 179 167
    107 229 116 255 255 255 174 20 226 147 26 36 255 45 48 222 0 179 197
    255 177 255 97 0 0 58 165 47 24 206 0 137 65 255 246 10 255 0 227 99
    159 194 72 235 40 65 0 222 255 175 255 0 204 0 22 193 255 133 228 0
    3 255 239 129 68 34 255 135 164 228 255 253 44 82 135 232 192 134
    224 47 167 48 144 255 0 88 0 58 255 175 246 180 141 241 232 172 8 84
    255 173 60 122 199 128 255 106 255 0 131 198 237 246 0 255 255 255
    255 106 83 102 255 149 0 43 0 202 255 171 0 255 44 59 164 255 255
    138 162 82 2 255 93 196 196 187 49 0 255 248 255 184 0 255 0 185 255
    78 255 255 255 218 255 77 101 0 131 128 255 0 12 18 0 66 255 161 252
    148 135 255 0 171 0 255 255 0 85 145 255 0 193 157 118 204 174 32
    117 168 146 23 130 67 0 106 255 145 0 212 61 0 60 168 0 255 125 180
    71 114 255 55 255 69 107 0 196 0 226 255 255 0 255 184 252 135 255
    185 88 252 132 0 255 0 21 250 112 0 103 138 12 169 31 235 255 173 0
    218 17 0 94 151 255 64 42 252 208 0 0 84 52 0 0 52 219 0 0 0 0 232
    194 0 221 194 0 255 177 148 191 226 48 12 26 71 191 0 232 189 255 58
    255 255 235 71 85 204 54 234 255 177 45 80 255 250 0 0 205 11 0 43
    85 122 0 0 0 19 0 122 76 29 199 255 32 53 61 191 255 255 101 241 213
    167 255 149 117 15 0 87 15 48 118 255 0 255 137 120 76 117 153 255 0
    255 255 172 0 236 0 236 5 86 0 244 0 72 39 255 56 255 0 123 126 210
    255 255 245 0 234 255 162 185 157 255 0 220 255 26 0 255 185 78 255
    38 57 156 199 176 159 0 228 83 0 0 255 147 73 210 208 76 255 0 86
    244 0 77 255 81 255 18 255 255 111 41 0 121 0 213 195 16 96 255 255
    27 255 221 255 39 0 188 151 0 148 0 249 255 255 255 71 39 255 0 179
    66 188 134 255 118 102 192 53 255 35 212 115 24 112 0 117 255 0 178
    122 127 250 0 112 81 255 18 170 195 29 0 0 145 255 121 13 158 137
    163 54 93 243 255 130 250 255 255 127 228 60 0 6 195 251 193 76 154
    45 255 0 0 255 46 179 255 83 182 136 55 0 252 174 73 76 143 105 0 0
    0 0 0 126 187 24 76 135 181 68 246 255 172 205 217 231 0 33 136 255
    0 104 43 210 186 255 255 160 3 0 133 0 12 255 26 46 167 224 252 55
    109 255 0 0 177 31 76 0 255 0 255 66 57 159 0 121 28 145 0 148 0 255
    255 60 153 212 25 253 198 253 25 255 31 231 0 216 233 231 121 191
    231 65 0 0 212 0 243 0 160 17 243 44 65 0 0 0 24 0 107 37 0 0 230 0
    160 223 255 254 105 85 255 185 163 101 49 17 100 26 229 0 83 255 247
    139 125 242 0 195 30 45 189 67 0 0 35 11 97 255 255 136 255 239 153
    0 134 0 39 167 255 89 233 152 244 255 0 22 213 0 255 0 21 252 255 0
    32 255 11 255 255 255 119 75 0 255 227 173 255 207 29 128 211 199
    167 98 255 99 255 255 0 182 249 26 0 255 217 0 86 74 32 255 255 85
    63 0 0 165 129 255 0 0 136 17 63 26 255 178 255 27 170 90 173 0 0
    237 189 44 255 114 13 53 117 164 111 45 0 220 164 255 66 166 255 255
    118 222 172 169 245 52 5 206 255 0 255 0 0 253 0 211 0 105 236 224 4
    255 0 217 73 0 118 0 162 61 71 95 0 0 243 244 168 0 73 255 41 171
    250 255 0 110 215 255 100 0 159 33 170 0 142 162 242 24 44 255 183
    99 111 235 155 18 0 170 0 0 255 204 96 51 113 116 226 34 0 0 255 250
    41 135 158 251 255 125 84 208 255 57 0 0 0 1 171 49 0 0 174 0 111 0
    0 255 255 251 255 76 255 255 88 255 111 223 128 82 221 251 255 0 29
    47 207 0 80 250 255 112 1 133 117 233 21 247 255 254 148 0 0 80 0
    120 105 59 170 20 201 255 110 0 0 81 255 255 224 255 255 129 185 1
    227 28 0 139 211 255 114 193 112 123 255 0 161 219 0 0 171 32 200
    120 12 0 208 0 212 255 255 255 160 255 78 223 196 158 122 215 106 18
    255 0 0 124 76 137 222 228 172 255 105 255 0 127 124 44 233 142 57
    26 180 255 216 255 244 255 0 255 65 81 186 187 255 0 89 156 255 255
    78 142 190 233 26 0 50 44 149 1 161 0 0 0 249 115 49 236 202 147 137
    90 0 134 201 12 255 255 255 255 32 212 0 179 190 121 255 255 255 100
    255 10 0 251 21 147 79 255 0 255 69 47 125 0 255 81 97 0 255 198 141
    136 137 230 255 92 0 86 151 255 0 255 64 125 6 198 107 0 113 255 95
    255 242 0 255 97 255 252 227 22 110 255 255 100 0 216 252 224 169 0
    195 109 255 255 255 188 255 96 78 97 156 0 37 163 255 182 175 255 3
    22 255 255 255 242 48 66 255 0 103 22 0 228 2 40 116 0 128 255 255
    124 217 15 0 128 130 0 191 0 98 255 2 178 0 255 0 1 198 0 52 36 255
    181 187 121 51 0 177 0 255 119 69 9 33 28 69 255 255 37 54 66 180
    148 225 0 83 45 255 255 227 34 62 255 221 124 192 255 36 255 57 255
    24 136 255 0 255 0 18 61 44 255 0 241 0 213 31 2 238 45 0 79 111 58
    255 199 216 218 201 114 8 0 88 113 0 255 101 129 255 169 141 182 46
    255 80 223 249 45 255 175 46 53 147 70 255 0 15 117 255 255 255 15
    255 255 0 0 255 0 106 36 0 123 252 146 46 255 5 255 0 100 180 45 255
    170 184 255 192 0 245 0 147 255 255 212 236 255 84 115 27 93 0 0 48
    100 136 219 0 144 166 188 45 118 148 0 255 255 61 255 255 250 26 48
    0 95 141 0 112 0 0 74 120 255 205 216 255 255 255 0 176 255 177 255
    21 255 255 156 255 58 189 177 10 251 167 120 39 255 0 164 255 0 0
    130 255 230 34 52 255 0 29 0 177 218 31 255 28 255 255 0 255 121 59
    102 0 34 45 207 86 133 111 239 195 91 26 254 255 144 255 0 255 137
    133 143 255 124 175 255 218 0 84 70 255 0 255 88 0 151 240 81 0 113
    10 28 0 164 255 0 146 80 0 0 0 96 123 30 0 91 255 0 255 89 0 255 113
    195 189 0 255 152 0 193 0 171 255 0 160 255 68 255 255 40 166 255 0
    145 158 2 249 162 245 134 7 151 0 1 0 255 255 255 88 5 14 246 0 242
    255 174 0 103 91 0 255 0 255 167 145 135 236 136 223 240 93 255 30 0
    255 0 29 255 155 180 12 171 248 0 197 255 212 0 200 158 0 55 15 0 44
    255 42 23 212 219 40 228 89 13 48 242 122 0 90 44 141 0 0 198 7 0 54
    0 0 121 99 46 255 56 80 255 211 255 82 255 18 213 189 255 255 10 6 1
    222 255 0 121 180 5 0 204 126 255 140 160 56 0 15 0 255 255 255 255
    66 255 0 77 236 226 255 0 75 255 106 96 0 0 218 70 255 255 0 102 167
    185 221 197 145 0 0 151 87 255 246 0 179 255 35 195 167 0 23 255 154
    118 47 255 157 78 0 145 0 0 252 164 29 139 131 107 217 255 235 7 255
    90 255 163 252 120 0 189 255 85 108 255 86 63 0 255 0 132 255 244
    217 0 21 140 51 255 84 0 89 25 255 0 42 212 28 0 255 255 0 169 69
    247 1 255 5 126 148 255 0 176 16 255 175 26 95 122 180 89 13 0 41 68
    219 255 0 76 138 255 33 255 37 116 66 22 7 252 165 255 132 124 0 121
    38 91 71 34 255 0 113 255 165 61 119 76 0 176 0 255 0 45 2 122 97 0
    181 0 113 83 114 95 0 37 86 164 101 95 89 147 0 239 255 255 0 255 0
    73 110 0 0 255 255 0 98 244 148 96 121 63 255 45 0 244 185 0 255 255
    49 255 205 102 0 0 255 255 72 92 85 255 184 0 221 255 0 117 73 0 0
    255 163 74 226 161 152 214 193 27 209 0 255 0 51 109 64 255 255 211
    197 48 249 57 175 255 255 255 0 255 0 37 123 163 206 95 255 175 89
    211 128 197 208 245 159 8 24 91 78 0 0 191 0 255 143 0 151 123 255
    80 103 101 149 95 164 187 0 0 219 36 124 255 205 9 255 121 0 255 255
    126 84 141 255 255 255 116 245 255 0 255 0 48 0 161 255 118 130 255
    255 205 255 0 51 209 255 255 182 207 176 255 248 103 117 32 84 0 0
    170 255 218 145 255 0 0 190 255 255 0 48 156 235 131 0 130 4 199 89
    104 0 197 0 247 250 182 246 0 160 255 20 0 169 255 169 105 140 255
    223 22 139 200 0 0 137 116 255 255 74 115 0 203 0 248 129 13 0 0 255
    20 218 255 255 163 255 157 108 0 173 255 6 70 0 11 233 0 3 196 255
    12 255 255 255 255 51 0 255 185 233 172 0 255 0 0 255 33 0 255 13 17
    207 0 35 255 163 237 0 91 0 68 28 255 3 0 78 237 13 0 0 140 255 220
    65 255 21 198 0 221 0 142 92 255 224 150 0 19 0 0 255 201 15 50 255
    255 210 24 255 0 127 0 126 255 23 255 212 255 77 238 0 193 134 217 0
    0 47 255 0 69 255 0 60 74 192 187 78 255 201 177 190 100 140 222 137
    189 89 129 185 188 135 26 0 255 252 58 49 0 88 0 255 255 29 120 121
    255 0 255 0 37 217 255 99 255 228 16 143 0 106 0 251 255 241 29 84
    194 255 30 155 0 0 255 212 0 233 255 10 167 125 79 204 255 213 103
    16 7 255 0 196 121 255 255 78 0 78 217 0 255 237 63 240 255 229 0 0
    133 0 0 137 255 116 148 201 209 223 117 255 33 49 0 0 218 0 255 152
    255 255 28 169 81 144 198 0 255 255 0 108 0 139 182 5 226 148 126
    212 255 255 69 99 255 0 0 71 31 112 177 104 0 227 125 0 121 102 0
    255 249 255 208 255 255 49 0 244 128 255 252 132 160 255 2 211 255
    248 161 211 138 85 85 233 73 5 90 0 254 76 253 0 146 255 255 53 20
    191 150 255 161 255 0 221 35 205 109 99 236 118 0 97 255 111 6 59
    255 55 137 96 180 0 255 186 253 234 0 187 0 0 240 0 31 255 122 180
    70 242 0 77 31 34 255 209 0 55 43 135 9 255 68 120 66 255 49 97 255
    255 44 25 255 0 255 134 65 192 7 0 82 0 249 196 33 163 217 0 255 215
    242 34 0 26 18 38 211 103 28 255 255 78 255 139 158 255 110 255 40 1
    145 0 222 62 42 0 104 187 0 53 255 0 255 71 160 205 231 255 90 255
    255 8 0 175 0 213 255 9 19 192 103 124 0 129 145 112 3 255 255 255
    255 62 226 163 132 66 255 52 198 255 255 67 248 83 181 255 225 255
    102 202 0 185 255 255 127 171 0 147 0 193 88 226 209 70 113 25 183
    102 121 63 246 0 255 255 38 255 24 255 255 131 255 106 248 255 101 0
    177 146 0 216 61 255 255 0 140 18 3 141 89 108 0 93 201 0 233 255
    116 30 33 148 147 8 0 0 255 153 0 255 255 255 255 103 252 197 0 3
    185 0 112 0 255 255 16 215 91 196 205 1 0 255 183 0 243 223 0 0 255
    142 111 27 153 255 0 24 255 4 255 0 86 131 255 79 20 195 255 240 255
    231 0 0 98 0 255 255 200 74 234 0 1 214 0 8 171 157 239 0 173 47 0
    255 105 0 15 155 255 129 0 137 255 29 128 244 84 56 0 255 246 145 71
    61 184 0 222 84 0 0 178 0 210 255 227 0 255 214 176 0 224 163 0 225
    18 16 0 100 180 250 120 255 241 255 191 131 255 193 0 91 216 0 175 0
    155 255 35 255 141 150 188 82 174 86 179 0 23 0 98 125 219 255 189 0
    63 43 222 184 20 208 101 255 208 183 171 26 0 255 29 48 132 250 10
    255 39 124 121 88 191 0 8 255 96 255 53 228 34 0 0 255 63 0 101 162
    255 201 255 255 0 229 171 0 164 201 164 0 161 236 0 160 196 234 99
    255 127 42 255 57 210 78 170 66 255 146 83 0 229 250 0 59 228 248 0
    122 196 0 248 146 0 217 0 199 141 106 25 255 0 0 158 53 210 253 255
    19 255 255 174 94 39 255 143 255 0 255 0 0 0 66 63 0 0 182 179 196
    35 213 13 15 155 0 0 112 100 55 197 241 255 91 80 56 22 201 75 77
    208 123 153 255 217 255 131 136 186 0 157 106 149 218 0 72 255 203
    124 0 18 123 0 135 248 0 69 209 51 255 0 159 168 42 0 89 255 107 102
    131 255 6 170 160 67 255 251 27 249 130 166 162 210 117 0 229 0 242
    35 255 255 0 0 150 217 0 68 240 0 0 93 255 48 125 194 0 175 156 173
    45 153 194 255 67 23 255 255 126 51 0 68 99 248 0 0 171 255 129 12
    108 105 19 175 11 90 0 255 245 214 255 193 255 255 0 0 255 33 133 17
    0 139 0 221 142 143 0 0 0 167 0 0 52 255 249 164 200 211 0 0 28 47
    255 255 114 7 255 255 145 0 17 255 0 68 7 65 194 12 236 107 155 4 64
    58 82 245 11 93 184 255 73 110 243 145 255 255 0 141 255 220 201 72
    87 211 0 255 255 255 0 88 255 0 51 211 28 8 221 236 255 71 126 192 6
    84 111 213 128 255 223 180 214 64 237 248 229 217 255 0 255 22 94 90
    228 61 230 127 15 0 176 255 170 0 164 105 194 244 0 167 0 0 0 255 75
    188 219 178 78 255 128 240 3 17 255 133 255 0 154 0 231 255 0 153
    220 198 175 26 193 109 255 255 201 117 36 0 255 255 203 108 198 0
    183 174 253 152 217 255 36 175 165 115 255 64 180 0 255 78 255 217
    255 176 243 0 103 60 176 95 255 194 252 174 0 138 178 211 234 251 62
    0 64 21 255 125 230 138 254 184 0 255 96 0 0 0 129 0 255 196 216 109
    255 40 255 255 178 255 24 138 150 0 77 0 149 235 2 255 0 107 235 0
    109 0 0 171 118 41 255 64 255 255 255 114 248 255 211 48 144 92 0
    193 114 47 50 190 43 13 125 170 165 255 134 238 52 255 227 126 4 0
    255 175 0 36 0 255 255 63 255 255 18 255 0 252 233 105 255 77 53 249
    179 255 132 198 212 178 136 255 0 12 249 255 255 167 255 61 255 196
    0 7 255 255 159 91 145 0 218 227 255 158 231 151 44 255 255 255 43
    173 94 255 225 193 112 53 58 50 147 255 190 245 82 212 156 89 92 164
    188 188 44 70 17 254 91 255 255 27 219 233 104 255 81 212 81 74 162
    53 255 205 255 255 18 0 44 228 255 108 112 156 0 174 0 0 255 153 255
    94 255 255 234 57 90 255 34 95 111 67 255 120 255 224 65 255 95 233
    149 52 253 112 76 136 0 0 52 0 146 30 80 8 0 9 35 255 255 223 0 255
    210 2 50 86 18 0 63 0 19 17 0 177 229 0 255 206 45 136 98 86 0 180 0
    188 195 3 0 77 196 183 0 201 232 255 0 72 94 97 139 0 29 0 0 194 206
    112 8 2 151 0 255 0 221 231 38 91 0 246 175 0 131 222 212 0 191 0 64
    250 7 118 65 70 255 167 253 242 39 255 0 0 177 255 233 255 103 9 188
    231 209 0 154 128 255 54 0 255 98 255 255 96 0 0 129 10 0 255 255
    143 204 223 0 255 255 255 68 4 255 0 112 72 0 255 227 230 255 186 18
    174 8 252 0 0 255 0 255 0 108 82 56 165 85 5 59 0 178 137 237 139
    190 85 130 16 0 255 0 0 255 102 211 0 94 212 0 0 130 253 0 110 103
    255 211 0 239 0 137 174 255 0 78 21 220 165 0 249 153 91 218 0 205
    242 0 99 182 142 236 100 250 255 120 26 202 50 0 255 255 45 195 255
    115 207 134 255 255 132 225 29 77 159 0 140 196 255 0 85 255 197 220
    255 255 193 153 0 206 198 0 85 60 218 255 0 255 255 220 0 122 221
    159 59 0 189 72 60 0 205 180 0 26 0 158 255 227 255 255 255 23 121
    23 224 0 170 253 0 47 255 0 159 255 0 0 236 55 61 237 255 255 255
    220 3 255 55 112 35 156 0 25 255 121 45 255 4 73 94 145 223 33 107 0
    95 0 0 31 255 255 44 255 100 0 41 255 243 189 191 72 255 0 53 81 0 0
    29 181 255 17 217 255 35 255 198 0 255 255 68 255 255 56 255 218 246
    87 0 117 125 94 255 220 17 83 9 255 29 0 140 255 15 224 241 206 130
    169 0 131 117 136 22 0 0 157 252 233 0 228 196 187 160 0 108 0 10 35
    118 232 0 131 9 255 70 131 0 0 255 0 56 178 255 71 255 219 255 42
    220 255 255 179 255 255 65 159 151 255 49 130 131 255 255 86 223 205
    101 0 38 133 69 82 69 24 0 0 171 129 156 0 255 172 100 0 0 174 0 255
    255 32 51 40 0 255 255 240 19 0 174 46 28 0 221 227 120 192 254 161
    103 218 121 144 220 0 142 124 255 244 255 126 107 255 5 239 255 255
    180 195 214 255 50 255 210 255 85 153 60 0 255 58 0 44 54 0 210 237
    0 85 255 0 83 0 167 10 0 150 255 143 0 55 0 0 67 19 145 0 30 0 0 23
    255 255 0 91 255 255 0 211 232 37 74 214 0 177 93 91 219 255 133 16
    78 61 83 106 0 34 0 184 101 216 0 138 255 0 9 0 223 204 86 249 255 0
    90 116 199 255 0 255 204 182 122 255 64 57 144 45 188 122 222 130
    103 0 255 0 158 181 0 196 0 0 199 209 0 199 0 255 0 0 255 219 255
    255 167 62 249 255 255 6 117 0 69 160 226 150 255 255 255 75 255 255
    34 157 0 147 255 0 150 12 112 255 75 215 207 77 0 145 225 95 0 255
    190 22 13 106 226 0 0 121 255 255 0 2 0 0 81 176 255 0 255 190 223
    118 144 20 54 255 255 255 0 255 0 0 187 0 255 255 255 143 41 0 118 0
    157 0 19 108 0 0 160 255 152 92 72 243 22 255 225 69 155 39 221 151
    255 167 168 158 120 23 103 82 0 233 0 255 223 142 255 0 255 0 0 0
    255 43 0 229 255 95 170 0 116 169 185 0 34 60 250 0 174 240 255 255
    0 0 70 242 60 21 0 255 0 0 126 196 116 0 76 131 219 63 0 213 255 255
    166 200 132 25 153 37 202 234 22 231 0 134 228 129 147 238 0 165 184
    117 53 185 214 50 84 194 0 50 255 0 168 197 0 39 255 23 0 205 0 238
    0 106 110 25 181 237 255 118 189 77 141 0 149 64 255 89 58 27 238
    255 255 255 0 121 219 16 203 7 114 140 255 134 182 234 99 202 165
    255 249 255 120 0 255 222 79 137 0 179 8 255 2 0 255 150 59 37 162 0
    255 200 25 0 0 255 255 116 126 139 167 155 0 0 75 242 205 80 221 102
    237 255 253 255 227 186 24 255 0 0 255 60 245 255 255 255 103 200
    102 69 66 255 85 76 0 127 255 121 37 0 255 109 0 255 116 0 137 255
    255 123 54 42 115 96 0 139 0 0 194 0 159 218 73 89 255 243 4 255 162
    207 255 0 0 255 1 0 0 115 0 49 114 222 255 59 118 133 255 140 217 0
    246 156 255 18 247 16 71 33 255 177 63 237 9 255 255 0 53 162 71 215
    245 0 84 177 0 0 208 151 0 115 142 255 150 76 211 152 255 185 8 118
    228 111 255 189 232 255 122 115 244 0 255 0 0 0 73 255 255 221 171
    45 69 0 255 255 128 22 255 125 0 84 154 235 119 0 4 178 2 0 197 255
    121 255 60 245 0 255 0 98 17 255 0 255 104 0 68 161 162 0 1 140 189
    0 0 0 255 12 255 80 255 205 0 168 238 131 233 56 142 72 48 159 0 137
    0 149 0 255 69 78 187 109 255 94 188 52 255 255 169 158 169 79 26
    214 162 0 3 141 0 0 11 255 177 0 255 0 81 12 255 52 255 255 0 233
    227 28 0 255 16 167 0 231 47 126 175 237 0 156 0 0 206 221 114 44
    126 163 195 0 249 48 255 68 49 213 38 24 95 194 0 200 72 144 214 194
    52 36 0 123 250 0 255 20 178 227 0 134 177 174 0 32 0 50 213 164 158
    66 220 0 0 70 125 21 0 0 255 98 242 80 174 0 96 0 26 0 255 0 197 116
    250 60 171 0 255 238 58 28 0 145 64 5 194 137 185 250 168 255 255 60
    0 0 144 255 157 202 149 0 0 6 255 11 0 146 219 140 64 74 0 255 98
    179 245 26 0 255 147 255 238 0 248 157 7 230 255 255 155 174 146 255
    131 11 255 104 178 0 176 0 185 178 16 127 20 39 255 96 142 191 252
    255 29 255 0 116 0 37 167 0 255 0 255 0 163 239 9 255 240 227 41 144
    215 49 84 0 224 215 138 195 0 161 255 0 239 77 71 39 255 119 255 137
    238 164 255 0 164 40 0 255 255 176 0 255 236 13 0 239 255 198 178
    222 88 22 131 255 255 215 255 255 164 255 134 255 252 0 0 75 59 99 0
    118 164 30 228 183 18 146 255 95 188 30 0 64 5 29 124 255 164 0 249
    0 157 221 11 6 0 37 67 229 0 158 0 38 255 9 255 201 255 182 255 0 0
    3 0 0 0 113 207 255 13 101 0 255 255 0 19 19 18 63 133 0 188 93 0
    103 129 17 4 143 151 0 0 255 255 5 160 23 208 23 28 149 196 255 255
    255 0 255 255 106 137 164 229 221 0 255 191 184 0 122 185 182 0 235
    212 255 60 0 184 84 228 118 176 255 147 54 94 110 31 26 168 146 139
    255 255 255 255 0 190 49 193 214 230 162 45 22 0 0 255 1 255 246 74
    211 72 255 50 232 70 0 255 57 171 0 0 255 0 60 0 119 255 181 0 255
    81 19 255 183 227 207 178 20 255 0 91 0 61 0 255 198 255 127 99 112
    141 29 71 255 205 224 185 64 170 255 251 191 6 128 71 61 249 206 72
    255 208 10 47 215 193 255 255 9 105 90 203 15 0 212 103 255 87 191
    112 178 255 98 255 78 0 252 68 73 248 0 0 3 39 39 255 0 112 191 231
    55 0 5 175 205 0 236 255 166 0 230 0 225 173 234 50 124 175 255 124
    54 204 0 0 123 255 149 216 0 89 201 249 255 0 0 167 6 255 66 255 255
    94 57 62 0 0 0 255 27 198 255 73 116 223 0 255 172 255 92 164 204 0
    255 0 255 221 0 161 161 159 0 170 241 0 100 151 0 255 167 0 251 55
    126 255 37 0 0 2 249 93 255 255 83 255 207 207 255 136 242 153 0 255
    107 215 0 241 197 123 194 146 24 156 38 203 127 193 65 255 0 0 255
    255 205 255 17 152 48 143 0 108 87 255 0 0 255 0 206 255 255 47 128
    159 0 36 255 228 0 44 217 170 25 83 141 157 181 92 255 0 168 255 55
    235 39 236 255 0 255 221 255 255 0 36 134 105 139 129 0 199 113 102
    255 92 25 217 22 155 0 240 255 235 171 255 255 255 237 228 153 168 0
    0 188 89 244 116 253 190 255 139 177 255 255 23 49 83 10 82 17 99 0
    217 31 255 255 193 170 246 92 236 129 236 255 0 160 213 255 255 230
    75 0 77 190 127 98 255 128 0 176 181 170 14 165 255 255 255 255 151
    255 255 0 238 77 255 0 98 37 255 0 228 0 33 255 164 80 245 115 75 0
    167 128 75 71 209 118 0 0 255 152 255 186 0 72 144 144 248 255 0 0
    242 0 241 255 29 255 0 255 103 64 108 221 253 239 55 66 72 76 0 62
    126 16 0 96 28 88 150 0 255 27 225 195 82 0 232 169 161 153 255 122
    190 84 255 255 168 73 157 0 210 255 0 174 0 21 156 255 98 0 255 186
    0 5 134 16 0 85 255 255 172 119 130 181 225 0 90 218 122 124 230 175
    255 60 0 244 131 152 226 255 255 0 255 255 41 7 0 159 0 182 108 255
    24 10 5 3 255 244 0 0 0 220 37 84 255 255 84 157 255 226 136 0 59
    117 252 0 0 0 128 80 120 255 0 255 255 255 155 255 112 127 163 214
    200 0 0 0 255 75 19 255 136 255 255 0 146 214 0 130 118 0 0 255 0
    255 0 0 0 124 197 255 96 192 255 227 66 233 0 10 130 109 107 253 10
    190 24 85 113 129 31 255 243 61 255 170 0 138 182 42 141 199 255 255
    174 246 255 224 130 0 255 33 30 255 164 160 0 81 60 0 255 12 255 4 0
    55 236 101 75 84 233 66 255 83 239 125 124 0 85 131 9 0 255 255 127
    31 204 47 141 110 57 0 121 16 80 250 4 238 19 57 255 119 0 10 73 255
    0 255 255 6 71 53 0 143 18 255 0 255 151 0 0 147 0 115 113 155 81
    206 173 229 171 56 2 231 243 174 165 195 255 0 174 47 151 193 0 0 0
    139 104 31 255 192 221 53 22 255 0 217 127 137 198 36 0 186 98 0 204
    231 151 211 16 179 14 181 67 0 200 0 255 65 243 159 146 255 27 68 0
    0 122 255 13 255 126 50 255 201 0 255 126 31 208 211 37 115 78 0 120
    120 118 0 20 255 255 0 54 19 229 182 117 162 179 0 254 222 225 0 0
    193 0 94 168 123 79 0 0 123 0 211 255 255 28 29 255 6 49 88 238 187
    149 42 229 90 0 0 72 0 0 145 187 130 255 255 182 255 154 255 0 196
    185 117 73 144 81 103 197 0 87 0 45 255 189 56 255 71 98 95 243 71
    63 63 254 255 114 240 201 0 248 0 218 255 255 0 239 0 255 251 130
    210 0 60 255 0 225 139 225 0 0 0 90 30 0 255 231 220 36 82 255 79 1
    0 146 58 52 0 76 64 223 176 0 255 184 33 95 0 231 255 0 255 70 0 0
    80 255 0 84 190 161 153 101 97 185 0 0 0 87 43 28 183 0 57 33 154
    255 139 102 188 255 255 0 255 172 91 255 255 0 255 240 200 79 0 177
    175 88 126 0 255 214 0 240 84 221 255 123 245 210 221 255 58 37 255
    67 165 255 208 255 0 110 101 33 34 255 255 0 50 255 0 203 27 202 176
    168 99 255 255 12 75 9 0 255 223 255 0 0 146 0 213 85 0 85 133 255
    20 54 255 145 255 255 116 255 255 128 113 255 0 255 47 12 255 0 182
    255 255 96 202 201 255 82 255 255 40 255 255 188 164 207 162 255 65
    255 19 207 255 0 60 88 255 131 255 179 255 234 0 255 105 152 59 94 0
    222 0 141 0 64 37 0 30 255 0 156 185 30 20 6 250 0 122 20 0 0 225
    255 255 255 205 255 0 203 255 155 52 162 0 114 0 0 66 0 162 255 255
    237 255 242 94 255 0 83 123 87 21 255 244 184 171 97 78 161 228 255
    106 37 86 0 64 151 0 245 35 255 255 0 0 255 19 145 255 255 117 255 0
    255 0 0 255 0 255 255 255 255 144 255 136 255 172 171 210 29 16 84
    65 49 255 240 217 105 11 255 234 217 10 181 0 43 107 120 82 255 53
    11 185 158 0 34 76 24 255 0 87 40 0 157 226 0 228 0 135 255 0 63 89
    59 0 60 0 255 0 19 0 12 60 0 245 230 225 8 0 0 255 0 84 145 193 0 98
    49 119 0 13 0 0 255 255 23 102 0 233 203 241 225 255 230 156 147 231
    42 89 32 29 175 186 8 0 184 190 92 136 207 91 255 146 5 114 0 255
    255 177 225 138 47 33 8 99 228 47 9 240 164 66 238 0 196 255 153 0
    225 5 22 147 93 0 215 33 144 2 160 123 108 50 216 30 241 0 2 255 146
    196 60 0 255 0 232 145 0 156 63 255 174 0 255 92 255 87 0 0 55 54
    255 169 92 111 189 255 126 255 92 114 237 55 255 46 197 80 108 76 0
    0 73 105 113 0 0 255 163 174 255 255 92 9 145 239 70 71 0 0 0 186
    150 0 214 100 197 85 0 255 218 153 255 255 255 255 172 89 255 191 98
    224 255 20 255 255 113 255 48 44 0 0 245 255 255 0 78 234 237 203 54
    151 87 0 3 0 10 0 255 79 255 85 195 0 0 209 0 0 0 225 58 255 255 117
    2 118 37 77 152 211 120 218 121 255 37 209 20 5 255 235 0 89 245 194
    0 11 124 255 68 7 131 214 150 255 10 213 0 22 160 0 146 236 255 9 0
    30 221 59 0 4 0 106 0 0 20 94 255 255 239 108 185 115 131 147 255
    255 99 0 14 11 220 130 214 0 52 255 229 164 255 137 255 255 0 255 0
    241 47 140 184 0 255 56 58 221 0 181 255 0 177 122 203 0 82 226 0
    255 113 24 255 83 35 52 255 211 39 0 255 47 255 177 131 35 212 255
    140 255 76 255 77 255 255 255 255 255 255 237 99 232 249 83 180 255
    12 222 255 137 6 53 0 129 20 97 46 51 184 221 255 255 255 0 0 96 15
    181 94 255 255 101 0 255 64 0 76 47 248 255 0 76 225 0 255 255 189
    179 138 255 65 77 255 58 231 0 0 0 197 191 169 194 170 255 240 146
    149 182 122 255 255 255 167 158 0 142 0 169 255 255 198 152 173 28
    56 255 147 255 255 0 255 37 255 255 0 207 40 21 255 105 0 184 255
    217 81 178 255 53 44 223 215 120 255 255 85 236 253 196 23 243 120 0
    255 193 255 0 27 0 197 233 210 38 204 255 73 197 255 237 136 104 0
    255 65 139 0 2 0 233 0 149 255 192 71 228 211 2 0 215 103 113 41 249
    12 0 3 105 255 55 255 255 0 147 99 224 90 188 212 40 131 77 245 69
    255 228 0 0 6 50 255 74 110 183 0 13 56 93 146 0 151 255 255 42 209
    212 0 225 55 126 255 242 37 181 255 207 0 0 76 20 96 99 128 255 161
    0 137 241 227 127 194 255 255 255 207 75 240 0 45 0 110 255 0 37 23
    0 201 51 212 163 170 131 53 127 206 10 0 242 54 255 236 0 82 40 255
    49 233 0 85 255 97 254 255 0 73 255 189 156 252 225 0 144 230 0 137
    165 217 0 171 74 255 0 255 13 0 255 117 255 0 206 230 40 210 0 0 255
    6 100 42 169 255 0 255 46 0 255 159 78 44 178 195 255 112 82 172 0
    75 251 242 135 145 13 243 244 30 175 255 71 255 139 255 56 28 112 76
    255 134 175 255 0 255 0 146 104 173 255 100 98 183 224 255 35 0 43
    22 61 218 84 72 255 184 255 0 255 255 58 192 0 239 0 0 94 255 242 0
    255 69 249 255 167 144 182 255 165 252 0 42 18 38 0 0 230 220 42 212
    255 232 199 9 35 4 238 0 0 151 156 0 255 0 0 251 87 41 107 237 203
    191 127 13 0 11 17 10 167 0 20 0 206 123 255 0 141 144 255 255 189 0
    212 42 0 62 112 189 227 88 132 0 0 0 30 45 162 113 2 167 199 132 120
    174 94 141 245 212 58 255 21 255 15 124 124 22 107 255 52 189 180 63
    255 0 31 0 255 67 137 107 255 255 182 96 206 0 29 255 191 255 255
    234 178 0 255 255 37 255 82 25 0 120 92 237 156 103 56 0 128 117 34
    255 255 253 195 83 254 249 0 255 242 1 0 100 0 60 9 223 115 255 188
    0 229 232 255 191 2 242 0 76 10 255 0 0 0 249 77 132 173 185 27 60
    15 187 0 183 255 0 0 148 0 0 190 170 86 166 255 184 90 0 162 0 170
    211 193 155 0 163 0 0 139 120 0 255 147 248 255 5 191 124 5 11 239 7
    0 58 85 249 255 255 255 0 45 0 89 255 19 105 255 255 255 237 255 255
    0 165 0 165 185 255 255 10 84 255 155 255 195 255 255 255 0 152 255
    0 226 0 95 0 255 255 64 198 252 0 255 250 189 69 188 0 191 138 237
    235 255 255 255 255 255 248 207 115 41 71 0 248 255 100 171 23 255 0
    24 23 151 160 0 140 245 67 4 253 255 193 255 75 154 159 0 0 89 255
    219 88 169 0 138 164 152 0 255 255 138 226 0 177 255 15 252 146 255
    167 255 0 255 255 233 255 57 67 0 50 60 139 38 209 3 211 190 212 0 0
    255 255 108 22 254 34 138 34 68 255 224 186 115 116 0 255 0 180 0 0
    98 64 255 142 255 152 184 255 44 0 0 133 233 110 238 132 150 149 98
    0 255 0 32 224 255 199 167 36 255 185 18 135 250 255 123 208 47 0 0
    0 255 236 119 55 30 0 27 211 169 202 241 107 140 220 114 252 232 0
    255 71 255 191 159 85 198 0 0 186 70 74 230 8 123 255 182 76 155 255
    84 150 255 220 56 23 49 34 230 153 84 195 0 255 38 55 0 95 149 121
    27 64 62 218 36 255 217 0 226 75 112 74 142 0 0 153 0 1 211 16 16 54
    81 0 216 136 156 48 255 236 224 209 50 30 55 148 103 138 123 37 42
    215 121 246 243 0 241 172 145 171 0 188 21 212 200 143 31 184 2 132
    61 75 246 73 0 89 255 0 187 86 139 209 226 255 255 173 255 22 51 0
    36 255 228 54 255 106 9 0 60 168 55 199 205 0 113 25 75 184 217 154
    27 16 182 124 80 188 109 125 115 255 159 244 203 255 72 121 255 0
    246 255 50 0 116 0 255 0 123 255 191 0 0 70 255 182 0 255 70 4 180
    61 0 0 38 90 255 136 0 254 255 0 46 60 0 226 0 251 47 255 166 163 18
    255 240 61 62 0 12 142 5 206 26 17 117 142 153 102 0 32 231 116 151
    255 118 9 60 172 230 255 255 255 239 217 233 255 0 255 255 82 99 55
    80 72 255 18 0 140 250 127 255 111 186 0 21 228 90 0 0 0 248 139 113
    235 57 224 0 254 191 128 241 228 120 0 24 255 186 0 255 160 0 255 0
    255 83 208 124 0 103 224 129 88 88 101 0 0 168 255 255 194 0 221 255
    0 0 58 108 68 177 236 168 255 255 253 223 0 47 255 0 1 219 70 255
    135 92 0 237 76 219 0 0 104 117 211 143 0 163 0 0 11 0 0 215 165 100
    0 255 67 255 176 0 0 255 175 87 185 170 185 0 255 40 110 96 0 255 74
    42 252 232 0 255 208 0 134 84 140 62 39 55 81 8 182 240 185 69 0 47
    248 255 124 255 255 251 55 71 255 141 31 70 155 163 89 166 78 20 255
    0 0 180 239 42 0 194 255 243 178 213 3 255 255 255 8 255 0 154 194
    66 255 78 161 93 85 255 0 0 30 0 255 124 12 212 0 177 233 37 66 255
    54 0 16 62 138 69 255 143 0 192 0 79 255 15 29 42 54 245 172 0 50 28
    0 117 255 42 73 0 254 0 0 167 183 224 255 229 255 0 153 180 86 255
    60 243 255 23 114 234 0 255 131 148 65 224 154 68 255 136 254 205 36
    233 246 0 91 56 0 0 166 0 255 202 28 255 118 255 125 0 165 50 0 150
    255 245 90 235 217 0 245 155 91 232 255 0 111 90 216 15 46 255 94
    126 0 0 166 49 0 96 255 193 46 8 0 149 0 184 255 223 233 149 85 63
    218 90 255 108 109 105 38 255 255 0 104 255 137 255 183 150 3 71 104
    0 0 90 218 0 97 78 83 255 118 255 191 0 118 187 0 147 152 0 12 0 186
    204 0 173 157 203 199 255 255 48 182 83 221 194 251 0 93 53 0 243
    255 89 214 153 255 177 255 151 57 248 51 246 255 227 194 96 213 172
    110 0 58 0 99 25 163 105 249 137 7 75 69 65 163 223 44 15 0 238 85
    183 0 148 35 255 0 0 57 67 134 0 20 0 105 73 255 9 97 0 155 235 0
    255 157 231 219 255 0 108 102 0 216 173 146 0 168 0 139 147 255 158
    19 219 53 14 167 190 65 58 180 197 0 0 255 0 0 0 89 255 216 0 52 34
    255 165 255 215 0 255 187 218 81 255 149 255 0 250 255 117 255 168
    108 102 129 191 248 239 0 36 231 0 0 49 5 255 171 0 255 255 71 224
    10 244 69 0 188 122 93 9 83 0 217 255 255 147 254 68 178 120 255 76
    43 227 0 188 186 0 77 57 0 55 100 206 124 214 190 0 125 179 94 104 0
    8 109 154 45 82 0 180 52 255 255 255 0 235 0 87 249 255 77 5 0 177 0
    196 227 21 255 160 193 255 205 219 228 0 9 210 0 211 255 0 0 0 51 0
    193 255 224 114 76 255 255 0 13 0 0 53 7 219 0 108 116 111 255 102
    255 1 255 0 140 64 224 0 0 41 164 255 255 103 64 193 102 160 0 255
    249 110 0 249 150 62 138 8 0 102 104 144 244 30 255 236 0 146 0 125
    158 141 70 255 255 115 0 210 166 0 201 155 81 114 181 255 0 136 255
    0 127 15 0 212 255 0 243 0 240 0 0 164 57 93 81 0 71 17 10 208 0 176
    140 65 174 103 255 161 56 0 255 100 255 52 16 255 99 125 42 255 29 0
    80 50 246 0 255 118 204 255 255 159 0 191 155 255 255 255 0 0 32 168
    194 255 255 246 0 255 124 137 45 205 177 217 156 95 0 150 43 10 101
    0 165 212 4 0 196 216 0 255 222 206 188 255 75 174 238 0 7 214 215
    60 159 166 54 196 179 108 86 0 255 5 29 103 138 59 0 36 26 180 2 96
    0 39 255 255 255 0 143 188 0 225 43 255 166 255 138 125 49 255 3 116
    142 49 255 0 3 255 92 0 0 13 189 53 0 173 31 255 98 136 0 255 255 55
    255 145 165 53 189 113 0 255 0 0 255 0 108 0 31 255 255 255 236 134
    0 96 196 255 255 0 46 201 239 255 123 0 255 231 204 96 0 157 94 0
    255 255 220 146 255 62 4 165 255 39 222 73 121 255 92 255 255 0 83
    56 205 171 0 0 117 255 106 255 187 255 0 111 226 87 65 0 161 255 68
    255 146 44 0 0 255 138 181 212 0 255 113 0 120 255 184 91 0 205 236
    111 255 186 211 64 153 0 74 0 255 241 255 255 255 255 255 156 171 25
    0 0 0 0 121 123 255 0 132 116 255 209 227 0 255 0 148 116 255 79 0
    27 142 26 101 153 0 70 0 182 0 191 17 244 194 70 255 62 0 0 120 38
    143 0 255 21 190 0 76 0 205 99 119 71 136 158 255 70 0 0 133 182 0
    255 192 20 255 255 82 137 255 255 255 42 82 255 0 0 255 146 255 0 21
    197 42 14 123 255 0 68 165 56 186 70 0 244 14 0 243 255 21 0 0 243
    152 43 255 255 145 139 53 252 0 207 22 255 67 89 203 184 255 105 0
    214 88 0 234 43 54 255 0 0 0 50 255 95 255 255 0 255 255 0 255 188 0
    0 187 220 5 234 112 255 71 66 196 173 93 255 178 152 35 167 255 59
    227 0 31 0 164 235 255 203 154 221 168 153 0 133 255 0 193 87 255 45
    255 94 255 255 76 182 24 25 119 255 0 143 185 0 255 125 255 58 255
    64 29 0 139 255 205 255 157 0 255 0 0 255 148 193 211 45 255 14 0 0
    131 255 28 0 128 255 206 241 0 0 0 11 202 227 87 101 92 255 255 255
    255 57 182 137 255 7 0 192 227 0 0 0 45 227 99 178 123 92 255 51 0
    191 7 143 255 0 0 52 208 5 201 125 167 127 187 26 68 255 16 185 84
    255 122 177 237 41 19 255 224 73 255 110 198 200 0 255 248 0 72 0
    255 151 42 255 198 44 18 0 250 255 22 255 54 7 0 81 55 89 70 255 78
    50 169 255 0 255 229 88 0 255 158 234 0 165 210 0 59 251 14 18 0 0
    59 111 233 255 118 255 95 255 255 64 59 0 255 37 232 173 0 0 53 255
    207 255 126 133 255 122 252 106 255 112 255 255 0 0 0 255 221 25 181
    59 121 245 255 255 255 255 255 199 161 224 94 47 255 162 255 16 103
    89 24 49 114 255 191 0 85 0 255 0 255 203 228 255 0 255 34 214 245
    203 126 0 169 254 48 126 212 136 122 100 115 0 157 182 63 255 238
    255 0 17 0 255 28 255 124 157 200 151 109 70 18 255 87 0 96 110 171
    255 195 255 123 251 255 255 57 194 70 22 204 81 170 18 199 255 222 0
    255 131 36 94 106 12 0 166 255 47 255 45 155 147 23 45 42 10 75 195
    219 249 253 137 255 6 191 116 133 118 39 138 206 255 71 22 255 255
    80 10 45 255 233 252 36 168 185 0 211 225 0 204 0 0 160 255 74 207 0
    249 60 202 189 92 255 114 210 255 31 86 195 46 96 143 123 111 255 77
    255 143 239 0 69 51 255 134 255 112 255 0 174 12 0 102 67 0 220 255
    0 0 4 28 29 106 0 69 148 117 255 255 123 255 179 16 0 207 255 44 16
    134 64 224 0 0 20 255 133 115 255 255 0 163 247 122 255 8 0 163 255
    116 84 88 0 173 221 231 0 180 177 102 192 172 179 0 19 212 37 4 255
    194 0 201 255 220 222 98 39 155 177 230 255 130 247 123 255 142 116
    255 36 64 0 158 255 119 0 189 64 0 0 255 0 202 1 255 0 110 0 255 255
    255 148 255 253 255 240 13 0 0 189 0 97 99 95 17 0 78 0 231 255 0 91
    176 104 0 255 254 34 231 254 66 151 121 0 117 124 227 255 207 255 15
    127 220 0 212 0 255 53 255 0 213 0 222 236 255 21 191 255 142 19 255
    88 0 0 186 0 0 255 255 160 255 234 255 0 255 34 122 28 161 0 103 255
    208 22 121 0 148 82 0 126 255 0 135 21 106 0 0 154 255 219 255 249
    52 43 119 255 254 0 105 255 225 111 188 229 98 7 0 0 255 66 133 255
    36 255 34 26 255 255 0 218 21 136 156 252 0 127 207 0 255 255 243 62
    43 86 244 96 93 29 0 94 91 152 245 11 195 255 255 38 4 68 255 0 71
    13 40 168 94 210 237 18 126 141 159 125 0 97 22 209 255 133 255 48
    130 3 86 184 15 255 218 220 50 0 255 117 208 156 104 47 131 217 255
    109 255 180 255 0 255 195 255 0 204 255 221 153 0 81 188 8 0 255 150
    0 255 19 192 39 218 158 154 76 185 178 19 177 0 255 0 43 0 153 101
    138 83 21 255 218 255 122 255 45 255 19 147 255 66 0 196 37 193 41 0
    0 74 52 0 187 0 0 255 193 196 189 0 0 13 78 0 0 0 156 222 0 27 46 0
    159 218 0 0 227 151 0 0 25 0 168 154 3 189 17 244 255 24 68 62 0 105
    119 54 245 255 136 129 169 255 255 177 0 244 229 255 255 4 231 39
    190 255 192 0 194 0 164 255 0 255 202 0 95 255 255 176 190 197 0 255
    145 209 255 35 0 178 129 251 0 255 247 34 236 34 19 255 0 0 84 230
    87 26 30 87 0 8 67 107 4 41 109 143 0 255 255 227 31 208 249 254 202
    159 255 0 126 123 52 79 255 140 0 255 255 21 14 4 255 32 119 52 0
    230 237 134 255 124 180 176 0 255 255 255 223 172 255 255 152 102
    114 0 123 0 255 234 0 255 219 255 154 156 182 255 215 141 242 255 0
    35 55 238 0 23 188 255 255 255 205 220 210 139 51 188 205 117 54 255
    175 0 136 208 182 255 0 27 84 185 255 0 0 69 69 78 255 210 255 87
    151 46 59 0 0 139 21 0 190 16 18 255 12 230 125 166 255 173 212 178
    255 52 106 27 0 255 255 131 140 235 255 212 0 95 255 205 84 0 54 255
    175 0 210 255 238 43 255 255 255 255 247 0 0 255 255 92 49 225 171
    247 92 201 255 0 155 150 114 150 162 255 153 154 19 31 188 191 144
    170 255 255 255 0 127 0 103 0 114 251 70 255 245 0 0 235 255 101 255
    255 18 255 85 174 76 0 255 144 255 255 197 11 228 27 69 0 153 0 52
    94 0 157 0 155 0 0 0 253 246 0 104 0 21 40 0 255 56 50 16 255 43 214
    255 177 255 255 255 179 65 254 222 0 103 90 34 71 255 0 3 142 29 255
    0 0 255 0 232 255 64 89 87 9 255 165 0 255 255 203 0 183 5 255 213
    91 129 19 255 197 125 80 0 255 0 219 83 122 255 212 183 105 9 36 120
    255 255 191 218 0 0 19 238 114 140 255 199 154 162 140 0 97 0 238
    251 69 255 255 213 0 255 41 0 25 19 0 190 115 114 255 219 116 0 68
    143 10 153 0 0 255 141 75 107 0 255 255 0 255 0 167 231 86 137 0 255
    0 23 20 0 255 205 0 0 255 130 200 233 147 255 4 100 208 192 132 0 19
    135 103 21 255 255 255 139 218 0 29 255 255 0 176 255 255 209 255 1
    99 1 0 47 148 255 0 255 79 21 144 255 255 28 58 69 0 0 135 231 0 217
    53 107 0 0 2 50 215 114 250 9 170 79 80 37 255 0 22 255 16 182 118
    98 116 255 255 247 255 255 118 255 218 255 191 192 131 255 72 92 7 0
    255 51 130 58 250 173 255 32 75 55 230 255 147 0 11 18 0 0 128 0 0
    255 255 0 130 205 103 57 0 37 255 0 202 255 253 0 65 156 146 81 175
    95 255 255 0 7 255 0 191 81 255 39 255 244 20 49 228 201 255 0 255
    255 216 78 255 187 211 100 25 255 211 123 154 95 55 155 139 46 234
    95 255 98 166 180 255 189 0 188 132 214 0 145 36 180 0 255 203 10 52
    255 81 92 0 140 230 97 80 255 255 0 217 255 75 255 119 0 87 0 255
    255 255 221 135 0 52 255 0 37 235 255 0 230 214 25 0 61 255 255 53
    255 74 8 147 188 118 167 0 116 152 55 197 162 96 0 0 116 59 255 255
    0 28 255 74 124 22 112 245 165 255 200 169 26 0 169 80 255 30 171 84
    71 191 255 213 120 40 179 92 0 221 123 0 169 255 86 214 93 158 90 16
    186 0 123 255 4 251 255 20 54 146 0 138 111 201 20 255 152 5 166 206
    76 34 0 255 91 200 0 13 255 146 77 172 108 34 45 49 0 255 71 24 130
    255 91 228 119 152 254 0 114 64 31 255 242 0 176 195 0 255 157 0 35
    168 194 233 0 147 62 0 109 0 11 204 221 104 8 255 241 104 211 255
    207 255 0 255 100 0 104 0 241 73 255 223 170 127 0 0 0 64 255 33 80
    188 255 102 33 70 0 207 179 108 255 166 139 0 255 255 230 60 255 255
    54 145 192 121 44 100 122 0 255 255 0 255 91 0 0 110 98 46 104 162 0
    127 110 0 59 49 0 212 98 160 194 30 159 255 5 255 0 159 39 101 219
    230 128 153 37 183 102 163 6 123 109 0 131 14 53 0 0 255 0 255 37 0
    240 0 108 46 136 255 188 242 255 121 0 30 255 0 181 16 245 149 0 242
    216 0 224 16 130 161 98 142 255 51 190 0 0 0 49 210 119 149 248 155
    255 37 255 59 64 207 0 0 186 216 65 45 111 74 247 255 214 0 20 197 0
    249 202 0 102 18 206 79 157 84 255 111 255 54 0 0 255 142 255 159 0
    145 123 80 255 44 189 255 255 217 0 0 77 0 24 0 255 210 255 0 255
    193 241 127 255 0 22 71 44 51 100 224 173 54 209 0 44 255 188 255
    255 255 14 0 90 5 185 232 255 200 0 46 245 42 29 15 5 0 50 255 159
    19 215 171 255 255 224 0 59 2 25 0 0 24 88 31 214 223 0 255 0 75 0
    102 171 110 42 168 44 0 31 255 68 0 76 255 220 125 255 209 112 0 44
    46 0 117 244 183 140 110 255 167 173 255 0 253 81 58 135 200 255 98
    42 0 0 8 163 0 29 102 121 255 151 0 176 71 255 165 104 2 61 255 174
    113 105 255 81 0 255 120 255 236 208 149 0 122 253 68 181 236 24 175
    255 179 103 76 138 0 169 0 23 255 255 255 112 86 0 212 47 228 218 0
    89 241 232 99 0 0 55 0 254 49 234 0 238 255 252 24 205 255 52 255
    255 97 255 79 31 0 77 255 255 255 0 179 255 0 88 32 66 242 137 236
    255 255 103 246 156 143 48 167 164 161 242 125 91 255 143 227 16 101
    37 255 255 0 203 0 172 68 0 0 0 33 0 57 122 255 0 255 255 238 255 13
    23 255 20 255 180 12 255 93 76 255 174 0 86 74 27 93 78 255 0 0 168
    255 255 65 0 255 0 16 218 0 103 163 217 196 136 58 3 194 100 111 0 0
    223 249 0 40 0 255 24 0 92 200 6 255 148 101 0 200 0 0 255 76 113 32
    0 255 255 89 255 0 255 130 93 162 255 61 248 0 33 255 111 6 118 255
    0 0 132 183 255 95 3 255 100 114 255 88 192 255 193 22 83 0 255 0
    255 255 202 255 0 130 192 0 40 127 7 201 169 133 129 255 0 13 39 0
    241 255 224 11 85 0 255 211 94 22 0 0 104 95 223 0 202 255 100 68
    178 58 190 0 255 191 255 255 255 64 20 0 108 133 0 220 238 255 19 0
    255 244 0 129 0 0 0 118 247 51 81 0 23 128 109 123 153 255 177 252
    178 255 255 226 0 86 0 97 106 129 164 74 222 255 255 192 103 248 93
    254 51 32 255 210 255 18 46 255 0 0 255 150 89 255 76 255 154 255
    139 2 213 241 53 0 161 255 111 255 116 42 84 105 133 255 33 255 230
    178 99 152 213 67 255 255 255 62 0 181 114 61 0 0 221 239 0 204 230
    255 6 26 72 0 255 0 98 208 208 0 216 110 130 58 30 255 0 115 60 225
    83 60 219 209 104 255 135 169 164 192 185 0 52 0 194 121 49 0 255
    194 22 255 5 255 48 76 147 255 0 147 58 72 175 26 251 168 123 0 54
    132 255 99 255 0 0 235 25 33 77 19 25 0 198 0 255 44 135 234 126 102
    0 0 16 0 199 255 137 151 105 255 0 88 204 228 0 162 96 112 255 64 0
    198 0 111 0 101 255 255 0 133 6 89 0 0 0 124 255 0 44 90 234 96 51 0
    154 141 100 255 140 255 0 243 123 116 254 255 0 186 110 162 255 0 9
    255 219 0 0 0 104 255 0 218 105 253 183 248 107 209 95 125 33 182
    245 239 255 147 255 247 217 255 20 151 0 0 165 27 255 123 154 255 94
    185 255 162 252 255 101 124 0 72 227 183 89 149 79 0 0 124 251 35
    163 34 154 0 0 53 142 108 47 127 235 122 0 103 127 101 255 132 183
    139 72 0 0 248 71 255 255 0 222 67 255 0 47 21 186 255 254 151 21 0
    160 65 148 255 0 0 255 125 225 255 92 255 240 247 255 0 99 46 38 19
    169 0 126 0 0 145 227 226 255 175 47 124 0 84 127 33 0 34 239 88 255
    4 91 155 94 253 149 255 255 235 49 255 14 148 146 200 158 255 255
    255 251 0 52 0 36 219 56 222 255 120 234 176 0 255 236 166 110 134
    255 255 0 99 50 0 0 120 253 238 0 255 71 126 225 255 160 199 188 225
    255 255 156 255 255 0 0 172 255 255 128 0 251 235 0 224 95 0 85 28
    22 203 109 250 0 159 255 153 255 0 35 255 92 170 0 102 237 117 239
    244 44 38 0 0 110 203 136 0 0 0 0 213 255 0 30 255 255 255 144 255
    73 0 225 96 24 255 172 0 220 50 0 255 0 13 153 0 12 3 0 65 223 154
    57 0 216 255 0 37 136 101 178 104 192 118 0 251 249 202 255 0 0 148
    171 255 215 0 255 255 106 255 255 219 127 149 255 255 161 40 255 162
    60 98 255 251 31 25 41 206 0 0 218 35 232 0 173 255 160 255 180 215
    187 59 35 0 255 22 250 253 152 16 72 0 255 255 0 242 0 101 84 101 0
    81 145 210 188 85 255 0 0 132 255 219 0 47 118 39 57 218 0 166 153
    255 158 0 222 0 187 156 238 1 78 255 7 89 255 43 65 255 255 0 95 118
    84 62 0 17 0 183 97 0 180 255 126 222 21 0 143 199 255 126 134 255 0
    255 92 170 143 216 52 18 17 255 99 255 0 128 73 148 0 255 3 219 247
    230 233 151 226 255 168 141 255 155 0 111 67 255 140 228 0 0 93 3 88
    3 255 255 213 157 52 189 99 0 255 197 34 78 163 211 33 255 27 129
    255 255 45 255 0 255 255 78 255 229 0 36 255 143 123 0 37 36 49 15 0
    192 118 2 255 254 103 83 255 50 0 73 46 73 90 0 255 0 234 92 98 0 44
    255 0 38 255 24 149 252 107 92 0 39 255 47 19 233 136 0 95 255 93
    224 0 0 19 0 31 255 28 255 34 251 173 67 0 109 70 76 0 255 255 0 176
    237 37 0 24 255 255 46 0 255 0 202 220 196 164 239 253 38 0 79 18 0
    214 74 255 32 255 170 0 255 171 255 0 160 255 255 0 113 255 255 214
    255 166 255 251 149 239 255 255 107 136 255 206 255 218 193 161 255
    255 180 125 69 255 89 99 172 0 0 0 27 0 119 255 0 217 255 172 222 72
    225 66 252 172 138 79 192 33 35 57 239 255 101 162 198 255 0 32 189
    0 95 0 173 255 62 150 255 66 90 0 220 177 230 200 89 76 9 255 0 19
    210 8 33 30 46 195 127 255 204 141 128 92 101 224 0 255 164 246 231
    105 255 4 92 255 137 130 0 229 0 28 0 104 0 110 88 0 171 176 98 247
    255 255 0 138 255 56 255 255 145 6 167 236 72 84 170 252 145 209 118
    0 255 101 168 219 239 51 255 12 7 220 99 230 19 0 64 238 241 0 43
    255 7 0 78 255 255 102 89 209 21 28 164 122 234 0 255 123 237 43 135
    0 126 67 181 237 138 213 255 130 27 255 249 0 0 9 0 107 90 0 120 252
    206 255 0 68 83 0 255 143 96 225 182 100 0 0 105 0 255 255 190 72
    236 57 255 0 0 0 0 0 255 104 255 158 255 0 255 0 0 255 62 39 221 70
    51 0 0 201 177 183 96 255 69 108 17 73 78 255 0 60 0 68 252 21 200
    39 100 255 255 165 0 18 199 0 0 97 255 109 157 145 61 199 141 146 48
    255 211 0 12 0 0 0 0 255 37 89 255 78 227 179 213 0 119 203 0 255
    218 52 252 227 198 193 74 52 142 239 114 223 87 230 255 228 252 123
    23 59 0 255 219 0 59 0 75 140 178 205 0 13 52 70 26 0 22 184 255 0
    227 252 209 251 255 216 255 65 255 117 255 96 212 8 0 255 136 5 21 0
    16 95 241 0 81 255 7 108 13 233 255 255 46 0 190 255 26 99 5 135 23
    137 255 187 70 70 233 232 31 246 163 0 65 0 241 0 169 239 154 126 0
    13 0 206 94 9 103 0 0 56 182 255 211 251 245 199 25 0 0 62 226 179
    143 255 246 99 135 255 175 255 255 148 0 122 108 155 0 184 242 217
    255 25 225 0 210 112 255 125 0 128 0 226 189 117 61 255 255 255 57
    255 0 186 212 214 241 44 69 255 252 43 39 0 142 150 0 70 0 110 111
    40 0 109 23 0 0 79 213 138 7 12 255 51 27 234 0 207 0 236 53 127 240
    255 163 255 0 238 100 187 220 0 82 22 150 255 143 65 82 56 51 183 7
    255 240 173 81 0 175 80 210 93 5 0 1 0 0 61 255 255 255 0 255 208 0
    166 13 114 170 217 255 0 33 96 212 0 0 255 215 251 7 67 136 9 255
    117 54 135 149 0 255 246 59 167 255 152 0 10 78 70 0 97 0 0 255 0 23
    255 20 140 205 81 0 44 255 0 45 255 247 145 0 29 170 14 255 197 255
    115 255 9 210 194 255 0 0 0 0 255 255 19 7 255 169 2 101 255 123 170
    133 255 173 0 218 96 228 190 81 203 25 0 0 0 120 85 255 255 126 0
    110 255 96 157 51 255 153 173 51 237 196 10 27 99 179 0 136 0 95 140
    255 0 148 255 93 255 230 191 0 74 171 100 114 255 0 127 255 7 255 0
    126 0 251 110 189 253 166 255 211 16 125 255 84 0 164 116 255 107 62
    92 0 202 167 0 57 0 121 255 156 68 157 0 130 135 53 0 237 255 255 0
    149 214 0 255 167 12 255 110 37 255 0 255 77 101 56 55 0 0 0 204 22
    0 205 165 0 255 255 145 23 255 225 255 255 90 15 195 0 3 192 0 0 150
    0 255 255 76 255 124 0 0 98 0 112 5 229 228 167 32 2 168 255 172 175
    255 0 213 0 0 112 16 202 0 191 167 255 255 85 23 255 148 143 192 98
    107 0 242 255 0 236 171 84 238 255 230 0 255 102 24 44 0 0 72 157
    166 77 30 103 255 240 255 244 182 255 72 175 94 90 40 220 190 195
    255 0 239 255 77 146 135 0 37 112 107 255 0 103 0 48 255 255 103 0
    65 8 179 0 159 0 152 56 246 0 255 197 150 0 75 123 81 39 51 76 171
    105 76 20 22 7 232 40 255 230 255 55 8 108 0 75 252 132 0 119 93 255
    203 169 189 35 255 255 0 120 2 156 183 255 210 130 0 0 207 147 242
    223 92 85 202 33 196 32 63 53 145 255 255 120 45 66 0 74 0 80 205 0
    0 250 143 161 212 206 46 82 82 0 2 198 255 0 95 255 141 118 177 0
    226 255 224 14 0 82 0 186 0 0 255 155 107 231 213 0 85 25 200 230 0
    0 1 114 18 87 255 7 114 174 255 53 255 84 73 0 92 255 43 199 255 9
    213 255 77 255 162 237 0 255 255 127 143 141 0 255 255 94 0 36 0 148
    218 0 0 0 21 39 72 9 0 127 255 60 253 247 252 255 255 255 85 236 255
    249 201 255 255 255 0 0 99 21 0 28 199 72 0 255 255 124 224 154 0 0
    43 243 91 239 0 187 0 167 255 87 217 10 0 148 63 255 255 0 213 160
    250 255 74 231 0 61 101 104 31 161 48 175 79 100 25 136 229 113 0
    176 3 0 76 255 17 0 120 82 0 255 255 0 116 59 217 165 214 165 38 34
    36 255 152 12 255 255 0 240 143 110 255 0 255 0 65 255 13 255 143
    187 146 247 5 13 173 0 47 151 23 39 71 242 235 255 58 255 26 0 135
    24 0 255 55 89 255 27 125 255 23 119 0 255 14 186 81 72 111 66 181 0
    169 255 43 255 255 186 0 207 6 217 80 255 255 255 94 0 255 61 102 0
    255 255 59 132 255 12 126 0 0 0 22 238 219 0 0 0 0 244 217 0 139 214
    191 255 255 16 74 30 106 222 112 0 78 0 255 0 255 46 232 184 93 203
    214 174 0 242 0 255 255 14 149 0 255 70 0 213 0 8 107 79 236 227 150
    166 47 220 227 229 255 0 255 254 255 157 255 0 189 111 11 0 235 255
    201 106 88 255 182 19 120 231 213 255 0 68 255 38 183 184 123 104
    239 227 0 194 181 249 199 248 255 66 81 204 220 57 0 0 0 202 0 92 52
    0 0 255 255 0 97 184 154 255 255 192 255 124 146 133 46 255 0 251 0
    6 42 203 83 231 160 209 255 204 193 255 89 90 255 178 230 65 255 60
    231 255 12 255 224 202 112 0 239 255 255 255 0 0 219 175 188 206 0 4
    0 5 6 142 0 191 0 78 227 231 99 64 233 208 199 255 109 255 121 75 66
    255 0 0 255 57 255 208 70 0 221 235 117 223 137 255 255 205 0 228
    212 150 181 0 163 0 136 255 255 51 80 248 255 242 255 255 0 57 255
    255 107 71 23 181 194 199 59 0 5 0 46 10 10 67 0 255 36 136 0 36 62
    150 0 255 74 179 212 155 115 184 5 252 243 145 255 89 154 91 0 255
    238 0 201 104 64 241 222 42 200 255 0 255 112 175 244 149 4 239 200
    145 39 0 0 204 243 0 255 29 193 0 0 91 124 0 33 23 76 91 91 135 255
    127 0 103 90 176 0 255 151 248 94 74 177 0 204 181 0 255 144 185 0
    79 239 223 224 47 255 157 33 240 146 138 255 255 0 225 255 183 41
    148 62 61 0 255 76 70 205 255 24 255 0 0 58 97 252 0 156 250 0 198
    223 255 215 251 214 9 126 98 191 99 19 0 167 111 0 0 255 0 253 0 216
    65 0 88 69 104 255 186 131 187 0 255 0 255 255 117 0 238 129 255 255
    255 229 164 255 139 236 255 0 228 164 172 183 0 39 0 245 255 255 223
    64 45 122 89 255 98 144 0 0 255 255 136 8 200 172 46 108 0 255 184
    159 255 0 255 203 255 0 118 138 237 0 66 255 146 231 127 255 53 0
    105 150 0 241 234 255 142 160 242 155 255 72 222 131 186 0 98 255
    157 232 255 255 138 137 182 0 71 0 62 255 174 194 43 255 0 255 204
    168 115 63 255 69 58 197 218 246 255 255 78 2 112 0 0 172 28 255 0
    178 116 246 94 61 15 2 255 255 255 255 63 68 255 6 0 215 0 155 6 0
    213 20 0 238 226 240 45 0 241 115 64 86 193 102 255 255 0 123 255
    242 255 255 255 89 75 255 255 0 12 106 60 255 145 0 42 59 218 224 0
    255 1 5 106 255 255 136 13 147 255 197 255 113 126 98 0 149 0 0 102
    230 255 178 61 67 39 27 240 199 94 50 0 253 255 0 0 73 0 0 0 255 255
    81 214 155 0 51 247 20 212 213 120 51 255 0 90 255 123 255 160 255
    255 255 36 159 0 122 255 63 252 38 235 201 92 40 52 0 169 43 114 123
    71 12 255 193 0 0 0 210 255 255 0 185 241 137 253 159 117 247 135 26
    255 55 0 84 219 190 0 0 10 28 41 88 174 11 255 0 10 201 68 176 255
    236 174 255 188 150 103 255 36 255 156 111 66 255 255 62 170 200 0
    112 70 220 0 136 225 255 255 6 5 255 32 230 153 0 0 233 1 237 255 0
    255 143 8 255 66 155 101 95 255 0 0 255 0 8 248 255 255 210 104 85
    121 152 0 141 133 255 0 131 22 0 0 228 0 255 85 224 113 0 103 185 84
    47 39 115 0 234 167 204 0 251 9 255 22 105 34 137 255 94 166 0 236 0
    0 15 115 184 139 166 22 149 217 38 255 202 0 198 164 162 97 175 24
    84 255 255 0 143 110 255 21 0 150 34 236 255 253 244 178 86 112 198
    0 54 179 205 133 255 9 50 109 111 245 90 61 255 224 18 149 223 117 0
    35 240 196 0 11 193 28 133 112 255 171 255 134 0 192 176 131 160 0
    255 101 7 114 131 0 0 0 74 230 255 76 55 255 58 165 70 100 252 61 12
    187 0 0 43 202 255 0 38 44 231 222 0 128 88 255 72 90 255 42 255 255
    212 136 217 0 183 189 255 255 70 133 57 255 255 255 220 222 150 124
    173 255 187 255 238 94 102 0 194 59 216 79 116 255 0 66 0 121 35 0
    98 209 65 16 48 0 58 255 228 206 0 152 142 0 5 169 64 61 255 172 44
    86 18 234 45 0 255 17 208 255 255 10 130 20 229 212 255 255 110 94
    255 188 235 137 49 83 216 105 23 255 74 102 47 0 255 0 255 216 163
    84 0 255 247 25 239 178 0 9 79 222 255 113 255 255 21 185 59 246 197
    15 8 64 122 21 0 255 187 236 9 0 107 239 0 0 0 200 0 0 173 100 235 0
    0 255 0 196 176 0 227 214 77 33 26 37 255 228 159 169 81 41 51 13 5
    142 195 59 0 28 103 0 0 255 188 255 223 0 0 194 185 0 255 142 0 0
    164 0 0 0 231 76 232 206 112 0 165 238 141 255 252 109 217 255 173
    69 60 251 101 0 34 237 255 143 255 255 6 60 255 0 255 24 151 255 124
    255 255 203 255 255 0 0 168 2 137 88 255 91 194 64 39 24 0 107 112
    27 150 0 174 113 202 196 106 0 20 233 205 255 0 123 232 0 0 135 160
    104 106 0 24 245 55 255 237 0 208 159 129 104 0 0 255 66 44 82 0 255
    0 190 178 255 0 162 0 255 255 0 0 211 77 255 255 162 210 191 71 241
    4 94 255 75 0 141 87 36 205 4 0 80 0 255 255 60 255 76 0 0 255 255 0
    50 128 27 229 31 155 0 24 136 202 0 3 34 54 245 0 255 207 103 151
    126 65 117 209 102 217 229 221 142 214 18 172 0 162 150 52 0 140 0
    144 15 22 255 134 0 79 151 0 120 148 255 192 250 19 255 255 232 158
    4 255 126 95 110 235 52 174 50 0 147 255 131 0 255 207 148 26 233
    101 110 160 255 59 255 255 0 135 0 197 43 255 97 104 255 255 52 103
    239 184 122 168 62 0 209 0 123 163 209 0 0 201 44 0 197 0 9 0 151
    134 109 0 255 134 29 130 144 228 0 209 0 147 0 232 236 255 0 255 25
    0 159 0 40 104 255 0 201 0 52 0 255 246 251 0 255 43 227 0 97 132
    175 98 117 255 19 33 203 255 0 255 216 199 246 1 0 129 0 39 143 255
    255 100 255 0 227 198 0 237 0 255 255 255 38 0 48 255 90 105 3 192
    101 0 159 77 57 85 47 255 67 28 9 0 231 234 139 113 129 206 255 97
    144 88 89 0 219 255 188 0 46 255 0 255 179 183 0 85 157 204 83 104
    255 47 30 255 185 97 46 230 0 255 141 251 78 201 236 0 195 61 197
    255 82 0 243 120 17 14 84 99 206 231 248 0 209 70 255 0 79 234 121
    255 255 0 226 176 153 255 211 45 255 6 22 0 37 219 43 0 208 74 217 0
    101 66 255 30 169 255 255 255 0 255 2 94 254 34 113 65 0 113 155 0
    114 255 69 146 0 52 108 255 108 118 53 189 41 0 57 237 0 206 214 128
    132 255 67 0 242 245 184 255 255 224 6 255 125 220 99 0 0 255 172
    200 0 222 255 6 229 0 0 242 0 255 11 38 255 0 213 255 169 45 171 247
    163 157 0 153 0 119 231 255 252 53 17 237 143 212 146 166 241 128 2
    122 80 124 0 81 0 255 51 0 54 255 0 186 190 167 10 255 130 242 255 0
    2 13 255 78 202 179 255 0 204 133 106 30 255 0 175 71 223 175 60 0
    202 255 255 77 162 10 124 53 0 255 39 204 66 0 255 103 255 0 0 182 9
    176 21 255 0 228 89 255 113 254 185 36 47 179 126 170 28 0 255 91
    232 7 11 126 129 255 84 185 78 0 168 174 0 172 0 31 255 50 255 183
    34 251 201 149 62 80 0 191 149 133 0 43 0 18 0 243 52 0 255 0 212 0
    8 185 255 240 164 0 207 156 105 3 255 171 0 61 36 187 0 120 255 0
    214 41 191 0 118 151 218 0 34 24 194 255 235 0 229 50 225 75 239 0
    251 56 255 0 136 0 24 146 23 0 0 141 0 37 255 118 109 70 93 192 66
    204 99 185 11 173 19 255 79 71 255 0 91 123 66 96 223 151 100 135 38
    255 255 0 118 113 74 255 44 165 103 0 216 0 179 44 221 56 0 179 0 74
    248 36 178 255 48 0 255 26 85 176 28 35 0 194 81 255 10 120 142 95
    142 81 204 0 0 159 0 253 74 255 4 17 0 17 52 14 40 0 165 255 16 255
    0 84 231 60 48 211 65 27 6 217 149 0 255 219 255 107 0 135 16 0 112
    255 139 0 86 0 77 37 255 255 6 0 131 0 239 220 255 0 78 10 0 0 251
    50 110 180 72 0 158 255 255 255 255 88 0 2 255 26 0 170 255 19 183 0
    255 151 62 230 28 89 176 0 130 42 241 82 255 209 0 0 121 49 202 231
    91 222 212 255 84 181 192 214 111 255 10 169 255 161 0 158 144 0 167
    159 255 29 200 72 0 255 210 0 255 0 255 140 90 237 11 17 0 47 205 98
    33 255 0 0 255 84 255 158 192 255 154 83 73 237 103 255 170 0 75 255
    255 43 11 255 43 98 243 255 13 76 0 255 0 67 255 223 203 0 0 112 255
    255 0 255 255 0 175 55 201 0 192 0 239 0 75 19 26 193 9 203 212 232
    255 0 138 255 36 25 24 27 0 40 229 255 255 35 47 68 0 242 255 171
    235 255 255 255 88 0 192 41 214 73 107 0 0 97 255 142 42 0 221 98 53
    79 255 0 60 218 224 106 20 192 98 125 255 81 0 0 0 99 95 148 249 255
    219 115 0 165 67 0 137 192 232 7 0 32 255 0 217 93 27 3 0 110 2 0
    125 96 0 0 129 255 255 203 237 177 160 0 255 255 0 0 229 23 128 0
    118 255 255 185 170 160 235 84 123 255 19 0 194 155 143 32 146 255
    144 132 241 255 198 106 1 226 0 181 255 249 197 255 0 0 68 14 106 92
    128 152 196 0 134 255 255 232 148 22 0 255 226 0 111 180 196 0 0 121
    49 159 238 113 152 228 216 255 75 0 150 90 0 9 255 154 56 118 114
    123 213 255 255 179 255 72 255 0 71 180 75 21 240 0 84 35 0 255 161
    0 134 0 255 89 60 0 0 174 255 199 23 0 25 0 198 210 73 226 0 212 63
    208 69 255 184 0 78 206 43 95 3 0 255 0 3 87 6 0 204 0 255 215 126
    255 150 123 43 255 101 255 77 255 125 255 22 189 0 0 97 182 255 11 0
    255 12 126 0 150 255 0 179 255 255 88 74 50 59 0 200 8 16 249 131
    255 231 237 255 0 111 255 37 115 0 88 0 0 195 255 97 255 67 67 201 0
    255 246 217 8 255 0 121 112 3 44 184 153 205 255 78 109 183 0 75 3
    12 0 26 245 255 255 38 255 198 19 251 88 242 247 12 163 239 255 237
    193 50 0 69 205 177 56 45 0 255 240 46 255 110 63 22 118 42 0 78 255
    131 255 36 101 0 159 0 63 237 17 0 29 255 0 133 15 255 231 0 79 0 0
    5 0 7 255 255 245 255 255 38 56 92 229 255 0 58 162 106 41 24 185 0
    46 0 44 255 213 253 255 198 118 157 110 50 0 91 255 110 144 163 31
    114 180 220 161 255 130 255 255 202 0 153 79 5 255 0 255 255 255 3
    255 0 0 0 170 108 187 9 251 92 211 38 0 252 69 0 41 243 0 255 230
    138 168 206 168 216 197 0 152 255 243 255 0 44 153 255 0 158 152 228
    0 255 0 121 0 193 102 154 255 255 178 255 133 48 163 80 76 255 123 0
    126 69 255 157 177 255 255 98 203 255 161 100 255 24 81 30 252 0 255
    6 195 132 0 255 0 47 255 0 255 254 166 53 44 135 174 153 156 255 156
    203 255 255 18 233 169 53 0 33 64 161 42 255 243 220 59 255 0 250
    185 255 0 22 255 237 0 255 0 25 0 101 255 0 255 255 255 90 207 5 86
    0 0 158 226 180 147 102 105 173 110 255 255 119 255 0 49 0 47 196
    137 158 0 97 255 12 181 255 99 154 0 42 241 72 78 0 70 255 7 205 255
    250 204 255 69 253 0 164 150 0 238 201 255 0 237 255 166 10 28 106 0
    12 250 131 80 216 21 198 85 205 54 255 229 189 235 7 255 0 235 0 0 0
    255 0 255 237 0 57 5 222 123 255 215 69 93 12 17 255 167 62 21 255 0
    200 149 0 0 186 111 175 151 192 22 139 97 98 255 255 0 255 128 255 0
    255 255 217 250 255 0 255 236 0 0 135 255 117 180 207 0 126 243 57
    255 3 255 40 66 201 0 0 4 153 10 104 255 84 255 102 255 0 5 0 80 173
    255 249 251 212 0 0 0 68 0 191 142 157 206 255 36 53 51 222 255 230
    0 147 0 182 188 107 255 80 67 190 133 0 0 255 225 242 255 90 255 255
    212 0 152 6 131 231 0 167 144 255 0 242 95 235 138 225 188 106 0 221
    178 128 195 0 84 0 0 254 0 1 255 100 114 200 111 0 93 0 0 0 55 255
    42 119 255 0 0 195 21 119 49 255 221 202 98 202 222 0 178 159 151
    255 138 219 160 223 0 255 15 156 123 93 183 69 0 9 202 255 0 0 60 0
    172 0 255 144 0 255 0 255 107 171 22 230 13 61 0 83 118 41 151 41
    208 90 0 215 226 93 82 0 240 255 252 196 11 255 53 167 0 189 0 32
    255 173 0 0 74 5 74 255 0 169 152 255 45 73 255 191 255 5 0 107 150
    244 194 44 73 4 0 246 0 0 0 114 255 0 100 255 0 255 255 255 121 228
    210 255 178 112 1 172 244 135 85 114 255 182 255 27 153 92 75 169 0
    255 0 113 100 0 149 255 124 91 214 0 162 16 226 0 135 0 0 43 255 255
    150 94 31 0 131 164 91 255 188 175 214 98 231 110 255 161 255 239
    159 0 229 0 0 189 157 196 182 0 221 255 248 0 208 154 0 255 31 139
    17 102 235 225 255 0 10 229 0 118 180 0 191 117 235 195 0 12 38 0
    184 0 252 76 120 0 236 255 112 35 255 83 206 29 0 90 46 0 201 24 0
    232 245 165 112 192 255 255 255 56 255 180 44 255 189 108 232 50 142
    223 255 255 57 255 62 255 255 255 36 46 0 255 132 40 1 103 6 0 210
    41 22 255 143 0 88 17 184 24 75 27 57 22 108 105 3 0 0 146 0 134 253
    222 0 0 64 190 210 255 255 97 0 0 255 16 23 83 159 255 255 199 216
    251 237 0 0 79 16 207 118 248 255 103 0 234 131 85 118 255 255 12 0
    101 112 203 186 149 0 61 40 123 23 156 105 133 38 232 86 173 220 171
    0 61 70 0 11 150 27 18 0 134 69 15 156 0 234 32 0 25 143 0 124 64 0
    136 230 87 139 0 255 78 255 131 224 0 81 8 255 78 0 0 10 145 0 243 9
    255 0 255 99 146 96 214 222 255 255 223 52 40 33 7 0 41 255 255 255
    82 15 62 0 0 168 18 119 220 226 98 197 121 76 0 23 110 58 224 255 51
    209 63 133 255 0 111 255 193 145 185 0 255 13 158 98 0 166 0 201 183
    255 176 0 0 149 34 55 0 0 255 95 163 26 132 255 0 103 24 1 255 0 255
    176 96 219 255 0 255 55 120 255 36 92 167 124 232 41 164 0 7 82 209
    159 32 47 255 215 108 69 0 141 175 51 217 255 121 211 50 0 0 0 209
    118 4 0 7 201 255 7 158 255 0 255 0 7 237 137 0 255 148 60 227 230
    242 255 0 19 166 133 30 87 76 202 253 120 115 49 255 161 186 115 255
    206 255 197 0 159 250 0 147 42 255 69 83 161 238 227 201 243 177 247
    0 220 0 17 154 0 233 238 47 255 0 53 89 0 41 255 77 89 126 0 215 125
    181 0 255 107 150 53 86 148 42 0 0 68 57 255 156 143 214 247 0 187
    226 34 255 239 255 0 16 74 203 116 0 0 226 0 0 148 255 255 5 0 0 255
    160 92 0 255 0 172 255 187 242 204 255 130 97 0 168 0 61 114 207 0
    105 80 235 144 13 192 238 238 63 255 255 0 254 255 105 113 131 255 0
    244 22 226 0 216 8 72 202 72 121 81 202 0 141 255 172 255 6 0 255 0
    242 255 141 178 142 255 0 238 214 0 39 219 32 163 89 151 0 255 215 0
    255 242 76 255 70 102 255 190 171 119 221 161 34 29 255 255 255 255
    0 38 255 106 0 255 255 110 255 0 255 255 0 255 255 0 109 0 59 43 143
    233 119 165 0 97 152 33 123 89 229 38 0 255 166 255 205 49 255 0 255
    9 0 255 35 0 198 29 189 124 174 0 83 230 134 223 0 3 255 104 141 61
    254 163 0 178 255 255 99 231 0 130 0 87 0 120 125 60 149 108 0 246
    32 18 225 0 0 7 54 255 0 165 216 52 143 0 158 255 156 85 24 12 21 58
    114 0 140 223 255 250 112 242 171 53 192 14 0 232 24 54 170 184 95
    215 57 43 125 0 36 162 25 37 121 30 73 138 0 247 104 179 40 237 240
    89 53 255 0 0 255 227 248 169 0 255 157 99 140 0 193 135 255 76 194
    155 40 134 254 18 82 107 133 236 114 36 202 0 0 6 0 122 219 189 255
    34 147 0 0 0 107 255 0 224 255 255 46 89 0 0 69 60 255 121 0 79 70 0
    209 130 160 215 34 0 255 79 0 0 255 147 89 219 6 154 0 65 195 43 0
    77 255 32 234 35 148 31 255 88 54 0 0 94 134 0 180 255 105 255 255
    255 0 177 182 132 75 140 82 50 180 0 55 177 251 235 242 152 95 237
    86 45 255 16 116 255 255 12 3 60 33 255 0 0 218 51 255 188 0 255 0
    181 52 0 255 0 232 0 75 173 255 127 4 113 235 58 206 255 2 0 0 249
    133 96 110 90 0 161 87 171 21 255 0 0 49 0 192 206 255 255 0 243 255
    0 0 255 0 51 197 99 92 63 192 255 234 0 184 0 179 0 52 255 255 189 0
    0 125 87 0 255 140 146 161 224 108 58 182 20 0 82 85 52 255 198 164
    255 192 0 0 255 36 198 255 11 234 0 0 203 4 255 255 131 255 88 0 0 0
    0 211 0 205 0 141 255 0 255 151 67 98 255 66 40 209 255 117 158 12
    197 219 0 215 0 45 97 32 255 39 255 255 233 205 252 255 99 42 255
    199 3 129 49 255 0 2 111 0 150 255 236 113 255 51 255 255 187 0 125
    99 73 0 239 255 29 68 235 255 33 203 125 0 255 152 0 152 127 255 59
    255 255 108 0 6 0 226 61 0 17 79 82 0 218 157 56 0 0 255 255 4 116
    255 139 0 255 100 54 45 57 0 255 255 92 255 0 0 255 69 0 102 0 255
    247 222 0 1 204 143 111 7 75 0 108 130 213 108 255 0 255 105 0 121
    77 0 255 48 0 93 255 171 101 0 255 253 0 144 9 134 109 133 123 0 0 0
    170 244 248 201 251 0 127 166 251 112 0 219 188 171 132 143 0 166 84
    39 61 51 104 0 0 0 175 232 136 236 0 255 188 0 255 12 243 247 163 0
    0 174 0 254 96 0 128 223 117 0 0 242 45 20 30 255 255 141 182 76 181
    204 219 255 32 184 255 62 192 251 140 244 0 250 113 24 255 255 152
    189 0 0 4 231 167 255 33 207 242 0 36 180 61 240 0 145 163 0 74 0
    255 88 255 255 0 219 1 2 0 148 255 108 108 4 68 255 255 105 203 0
    249 170 0 79 255 0 78 150 0 54 215 128 247 139 70 234 124 255 215 0
    255 96 255 6 0 133 96 41 13 44 134 255 46 212 255 0 145 243 218 0
    111 0 0 76 128 0 0 224 118 255 127 0 44 241 109 75 0 0 44 251 53 112
    255 81 0 206 255 202 166 255 255 0 135 0 194 255 0 56 89 10 66 255
    107 133 255 77 130 255 167 110 0 100 159 87 0 50 161 255 48 255 255
    255 77 183 176 254 234 238 227 91 220 238 255 187 255 208 34 88 255
    7 255 47 131 255 153 118 135 255 0 139 13 83 0 186 92 255 160 223 54
    0 245 255 12 154 108 37 168 178 226 255 0 25 0 185 5 172 255 0 55 0
    19 238 98 0 231 0 255 141 244 255 66 255 0 85 168 255 236 0 30 0 0 0
    105 255 171 87 206 32 8 0 135 246 37 166 75 255 0 210 255 0 255 184
    255 115 134 117 255 255 202 255 255 223 156 137 255 255 10 149 64
    212 137 0 125 0 94 0 83 0 4 255 39 0 255 146 180 255 0 2 174 147 132
    0 15 192 193 0 17 101 95 241 240 182 250 72 77 60 255 255 0 0 0 147
    255 127 101 255 100 255 6 255 255 38 255 85 146 204 0 62 206 64 255
    186 123 255 192 255 30 255 255 0 123 255 0 61 255 227 4 255 88 134 0
    126 255 80 0 168 93 0 136 0 220 22 187 255 238 37 125 255 174 238 2
    70 76 0 255 177 230 255 104 219 75 255 255 63 20 157 0 144 0 0 149 0
    255 0 24 63 0 206 52 114 179 0 0 255 0 255 0 98 183 36 38 0 44 8 0 0
    72 174 97 0 184 255 34 30 255 124 0 175 255 0 182 255 159 235 132
    255 206 133 198 138 0 92 255 70 0 0 53 255 106 255 125 255 255 0 146
    165 59 80 103 170 255 244 217 144 3 26 0 90 110 202 188 114 255 72
    250 110 255 173 255 255 0 30 255 121 173 183 255 124 119 27 199 0
    175 0 255 0 242 0 0 21 222 0 232 171 121 0 255 76 255 41 43 89 255
    195 199 194 255 29 224 116 170 150 255 19 200 0 122 80 46 255 172
    255 255 244 255 254 130 187 225 9 14 201 255 255 118 35 255 240 224
    83 85 29 255 255 255 181 183 89 235 255 255 215 76 90 184 255 118 0
    234 61 154 255 0 138 50 8 68 182 0 62 255 255 26 0 78 230 201 111
    186 12 255 122 202 0 130 221 0 144 0 232 4 69 255 174 255 175 255
    255 249 72 0 166 67 137 255 255 254 138 255 234 126 38 191 255 0 255
    37 2 232 15 252 255 249 131 78 255 230 234 209 104 80 255 113 0 223
    255 48 102 9 255 74 0 0 78 54 208 0 92 0 255 121 255 0 126 69 124
    179 0 255 202 0 239 255 255 14 255 193 0 255 133 60 0 105 255 198
    237 107 62 255 245 162 92 145 113 0 243 47 149 211 228 255 130 30 11
    255 255 213 11 0 203 114 0 118 255 43 119 255 78 115 248 0 233 129
    109 135 193 209 64 255 205 39 194 65 109 107 245 229 255 57 0 155 10
    94 255 139 0 219 102 212 61 223 208 135 255 68 62 255 71 240 217 209
    195 0 0 75 212 193 14 0 177 17 200 102 47 211 0 205 125 132 49 181
    255 127 175 255 255 19 255 137 202 0 1 40 251 255 0 52 255 252 159
    255 156 0 255 0 0 189 0 82 255 0 0 0 0 89 119 2 55 186 0 37 0 75 124
    29 230 186 255 204 78 0 101 0 49 49 0 0 200 106 184 195 0 86 0 9 0
    22 140 113 77 9 255 255 91 142 102 255 58 40 0 255 25 36 28 0 233 14
    255 255 255 14 0 76 0 235 74 0 0 0 168 161 0 72 176 255 0 233 255
    172 0 166 85 213 11 0 255 164 0 177 71 255 88 255 149 0 255 123 247
    0 0 36 249 81 231 177 255 255 73 196 57 0 253 108 133 12 8 71 213
    255 165 255 255 0 199 100 0 0 30 241 96 98 75 0 0 0 0 47 133 141 66
    2 255 23 0 255 66 0 122 158 170 242 239 255 146 37 0 111 55 0 255
    111 213 255 255 172 0 109 220 0 255 214 78 0 230 54 43 206 6 234 206
    75 16 255 207 0 255 49 107 28 0 255 0 58 255 223 0 202 82 185 228 49
    0 179 255 255 232 97 173 115 41 49 0 79 29 43 0 35 188 190 75 0 13
    255 39 255 169 125 173 13 140 171 70 73 0 122 0 95 249 167 0 255 31
    61 145 255 88 255 133 29 235 0 242 0 235 153 149 159 157 117 61 255
    123 255 0 255 216 48 0 0 81 0 190 32 186 154 0 101 137 65 168 36 255
    135 255 255 101 255 58 255 0 81 255 183 132 0 0 255 233 139 255 255
    0 185 46 144 13 255 249 22 255 255 0 159 191 255 47 255 255 90 172
    255 0 0 160 255 142 183 162 186 193 107 65 40 198 48 173 0 127 134
    11 255 0 255 103 148 10 159 0 255 2 255 35 67 0 103 150 0 107 117 0
    0 226 0 218 255 165 133 0 173 75 201 68 0 0 255 52 0 164 255 37 97
    255 0 132 3 255 111 0 176 195 255 0 232 169 0 0 47 147 0 0 150 56
    242 255 255 255 22 255 149 182 228 236 255 83 172 182 0 0 255 255
    255 78 88 116 21 114 0 255 221 0 0 0 47 0 0 255 185 0 90 120 0 97
    188 0 255 0 74 0 0 255 97 52 72 58 211 0 130 49 117 0 255 15 0 47 57
    255 255 0 255 255 255 47 0 0 0 11 27 0 228 255 129 0 174 28 0 44 0
    255 255 176 255 255 110 255 241 71 0 173 214 37 255 0 50 79 95 255 0
    61 103 0 255 107 214 0 98 117 202 255 255 230 25 255 255 210 2 255 0
    132 255 0 68 255 208 255 78 2 94 0 140 178 7 0 0 146 0 255 138 226
    255 18 169 37 28 0 64 0 137 167 37 0 255 0 0 0 11 196 62 29 0 85 255
    255 0 255 191 143 121 255 180 197 59 196 186 31 255 223 84 125 255 0
    19 255 136 0 46 65 0 0 97 252 244 64 0 171 255 0 255 88 64 66 238
    114 238 0 111 255 255 224 226 255 99 216 255 92 11 0 106 189 75 255
    164 255 255 19 79 214 164 233 255 0 255 112 12 238 255 0 100 234 183
    0 0 255 255 255 176 213 0 0 211 0 154 230 255 255 42 170 90 85 127
    243 255 221 146 255 35 63 33 153 255 0 221 107 255 73 146 255 103 62
    29 156 236 255 87 255 120 218 33 0 203 17 255 140 0 255 149 0 186 0
    117 255 186 103 255 0 224 25 73 199 120 181 230 255 83 0 138 0 251
    254 71 0 237 255 255 74 77 255 168 243 108 62 127 159 255 239 57 255
    106 208 0 255 63 10 216 169 106 237 37 225 0 81 0 0 100 183 188 190
    0 166 170 217 107 238 207 255 255 0 0 227 231 205 0 219 217 118 216
    142 187 255 187 161 255 0 254 0 248 255 0 130 0 54 255 96 113 0 90 0
    47 97 255 255 0 144 255 0 234 255 0 253 48 26 130 191 0 29 0 211 31
    145 255 0 44 255 255 68 255 255 188 70 0 255 0 0 95 115 255 30 255 0
    9 211 13 191 0 255 0 255 255 255 40 34 255 102 0 255 194 64 93 114
    223 255 0 255 214 0 0 255 205 0 255 120 0 105 200 18 0 255 0 140 172
    64 33 244 64 163 118 255 0 212 255 249 62 255 88 0 0 0 75 14 240 255
    215 75 68 199 255 255 51 255 0 130 190 0 47 255 137 125 0 0 143 118
    146 221 255 0 98 241 106 44 166 15 146 66 14 200 255 0 24 238 80 236
    1 116 255 177 253 83 22 0 234 94 255 7 0 255 146 248 255 217 203 111
    200 244 41 0 10 185 118 67 0 0 255 0 255 92 128 88 1 0 136 175 1 31
    100 167 150 14 230 255 143 0 91 0 0 65 0 53 55 0 0 112 55 71 194 255
    92 12 255 7 167 0 51 222 31 122 115 255 0 159 120 103 3 255 0 166
    255 235 125 167 186 214 152 255 64 39 58 0 156 77 203 255 0 218 188
    22 126 174 255 90 103 34 205 255 153 188 54 41 255 0 255 164 221 37
    255 129 230 0 136 122 242 112 106 0 255 1 181 0 0 255 130 0 51 255
    254 0 112 221 86 41 164 76 193 10 0 101 0 50 255 0 255 234 85 108 26
    232 0 38 209 0 255 117 183 51 245 107 28 0 25 0 23 22 255 206 255
    255 255 255 255 128 255 16 255 22 15 165 65 54 103 255 0 0 0 99 0
    241 0 175 131 43 255 216 64 4 255 184 0 25 175 129 67 214 138 76 255
    126 82 39 0 255 53 57 255 218 110 0 44 124 66 32 0 0 0 7 0 255 97
    107 255 0 228 255 155 157 147 255 185 0 26 0 238 255 0 0 129 156 0
    133 0 156 255 32 86 180 136 224 0 213 192 210 242 0 0 255 212 4 0
    255 142 59 201 62 154 255 216 255 0 0 68 255 0 255 135 255 167 156
    216 0 0 170 255 75 0 255 255 5 246 106 28 45 255 61 161 0 125 0 177
    181 0 151 107 0 255 0 109 255 0 255 126 255 30 0 19 0 255 16 236 14
    164 0 26 106 0 160 0 97 255 205 124 121 135 79 0 116 101 255 255 12
    141 255 64 162 75 255 255 77 125 150 0 255 199 255 28 0 69 31 62 0
    39 16 7 84 122 157 155 56 181 0 239 118 238 255 255 121 63 0 255 215
    35 77 0 55 52 204 30 154 223 255 255 0 154 0 188 139 0 125 184 200 0
    28 172 14 0 87 175 55 156 255 23 30 248 176 36 80 16 108 110 0 24
    222 71 204 241 129 0 54 255 42 92 107 41 188 255 224 0 255 44 0 33
    25 255 255 110 255 255 0 0 0 222 52 0 250 255 255 143 182 255 0 102
    207 0 37 169 230 229 215 33 255 194 255 255 34 228 169 255 255 0 255
    255 0 141 180 255 0 236 55 158 0 255 85 0 38 255 55 47 10 7 255 255
    146 96 88 135 54 194 18 137 98 0 16 51 89 61 0 26 0 255 64 39 93 166
    125 176 231 255 149 113 255 0 208 0 0 126 182 255 255 0 175 112 169
    247 255 255 176 0 194 0 219 94 51 155 59 165 255 255 158 255 1 227
    178 62 255 27 234 57 106 233 255 255 172 253 0 255 173 205 174 168
    225 147 0 0 0 221 66 22 0 255 11 0 168 84 174 85 137 255 22 10 0 5
    70 0 175 102 0 0 26 255 0 82 255 37 172 0 255 0 0 0 182 0 0 105 37
    255 54 125 255 159 0 185 196 27 24 11 45 0 20 145 0 124 74 255 12
    218 199 0 255 255 189 191 204 107 214 174 8 255 0 106 140 0 255 0
    255 162 248 255 120 232 170 0 42 0 20 13 251 238 255 240 255 152 107
    184 255 0 254 193 255 20 16 88 255 0 166 192 199 217 92 255 19 198
    48 232 39 255 0 251 0 255 49 133 0 48 23 167 225 52 255 138 89 120
    255 255 169 58 255 11 5 91 255 41 123 255 24 137 19 255 30 0 187 189
    0 255 247 0 76 0 149 219 165 0 165 255 102 228 5 196 178 59 171 255
    235 217 0 130 226 0 0 55 0 138 159 255 166 115 0 0 184 0 140 255 35
    65 255 0 242 141 255 40 176 140 0 53 205 47 0 148 175 0 132 175 135
    255 0 0 0 255 186 93 117 57 229 255 255 0 255 39 167 255 105 255 0
    13 168 0 141 255 162 123 0 44 255 81 47 255 15 13 100 0 255 88 0 255
    28 180 255 177 0 32 255 255 240 255 0 0 242 49 244 108 0 197 0 46
    185 214 0 207 131 92 75 255 246 198 0 220 0 0 0 0 255 255 255 0 12 0
    141 95 227 255 150 0 36 0 179 2 35 158 10 255 243 0 193 0 21 22 149
    128 142 157 0 255 0 0 47 0 0 0 31 86 2 215 74 242 215 255 166 212 0
    254 41 196 51 0 30 0 1 61 78 255 155 27 84 8 19 34 116 127 70 255
    217 187 255 116 255 234 0 255 0 255 91 143 9 72 3 166 140 255 0 89
    99 243 0 171 0 0 204 112 244 0 255 143 255 48 162 108 255 255 193 89
    255 203 197 104 0 24 252 0 133 156 255 100 211 232 255 156 250 177
    201 255 175 255 251 0 59 6 13 0 255 255 255 255 119 255 125 180 0
    118 80 58 43 203 255 0 78 3 197 0 71 0 96 0 0 216 231 51 0 190 0 111
    34 71 0 228 0 159 227 0 129 0 163 0 0 255 200 22 71 255 0 130 11 47
    155 238 103 0 255 68 255 82 85 203 93 198 255 122 241 98 0 78 255 0
    141 255 19 245 255 64 0 152 244 0 99 0 51 180 33 0 0 110 121 255 106
    248 0 161 215 0 32 255 7 127 69 144 187 0 52 186 42 0 68 29 33 0 87
    203 243 42 0 209 255 240 255 239 183 192 255 255 212 138 135 122 113
    249 152 185 177 165 0 129 0 134 255 246 0 178 13 113 0 239 135 93
    255 138 207 133 255 0 0 82 90 128 89 0 125 255 254 84 177 84 5 100
    203 54 252 141 0 176 197 140 145 106 239 146 0 92 1 211 116 0 24 0
    48 144 84 0 255 255 49 241 0 120 255 0 132 35 114 0 24 74 198 59 34
    149 251 143 144 131 255 0 61 9 47 59 131 236 0 0 167 0 60 19 141 0 0
    0 255 61 148 79 5 0 0 83 255 163 6 255 238 0 77 53 227 154 153 25 0
    221 252 26 202 12 44 0 0 255 67 0 68 203 255 255 92 253 14 185 164 0
    227 35 255 0 112 123 162 255 122 255 0 248 212 9 57 0 2 24 255 151
    32 142 134 0 0 191 61 109 23 185 0 116 193 0 148 0 45 56 6 232 162
    178 241 81 0 0 0 78 21 83 255 0 255 7 238 255 30 0 0 151 94 193 253
    237 63 0 131 236 170 255 255 69 0 255 229 117 0 0 249 2 0 181 5 203
    57 40 90 0 12 0 255 0 204 93 255 190 116 0 81 181 255 17 212 0 210 0
    122 185 0 255 48 196 255 96 27 255 234 0 255 117 59 215 100 16 106
    255 0 121 163 0 13 0 185 220 255 110 75 131 255 158 80 82 56 0 99 0
    173 0 0 62 39 84 185 8 0 200 3 93 54 155 64 0 255 143 55 0 204 0 255
    206 55 186 140 0 58 255 171 0 0 254 111 198 2 78 161 228 255 237 159
    157 61 229 0 255 136 137 0 88 255 180 24 255 253 246 208 215 13 205
    87 0 0 255 255 103 255 255 98 0 255 255 0 172 255 251 255 193 255
    212 155 227 0 180 0 24 104 227 165 0 118 0 76 72 111 56 21 81 255 0
    227 11 0 255 255 245 204 255 53 255 69 128 159 212 255 218 70 202
    196 230 0 138 255 244 149 154 0 246 26 88 127 166 53 79 63 0 121 71
    0 152 0 255 229 110 19 89 47 195 226 2 255 218 199 130 255 129 236
    135 255 0 218 39 251 151 0 230 114 119 37 96 74 0 104 39 150 191 175
    47 0 255 248 247 0 64 229 44 0 210 0 27 0 179 130 169 10 228 0 0 36
    145 145 163 245 89 0 0 70 0 177 25 255 145 191 255 0 177 0 255 89
    255 192 185 255 168 0 252 76 246 255 167 150 218 65 79 255 176 167
    255 133 0 97 255 8 200 0 194 109 118 62 255 178 255 49 0 38 0 0 217
    89 63 255 17 132 18 255 122 213 244 0 255 47 194 233 58 0 50 234 0
    146 106 71 169 255 255 209 41 115 0 50 139 8 255 103 65 255 0 0 90 2
    0 0 0 34 115 255 38 177 18 7 0 255 8 117 255 108 223 43 0 255 255 0
    117 182 255 255 0 190 254 0 84 117 255 204 0 177 18 190 0 75 255 30
    216 198 214 116 0 203 14 113 255 0 255 0 0 13 88 87 255 164 197 255
    111 131 149 54 20 233 255 0 0 255 255 94 255 80 239 0 125 98 0 87 84
    0 206 0 3 10 18 172 0 14 15 57 2 116 0 155 0 255 0 44 255 255 210
    255 157 70 80 144 255 0 91 255 0 253 168 255 210 161 233 43 0 161 43
    0 7 139 0 30 67 173 255 0 255 255 0 255 38 0 159 242 255 104 138 132
    206 248 61 194 165 144 140 0 243 0 158 132 142 255 4 255 218 218 255
    25 166 193 248 255 255 39 0 159 0 192 255 165 183 14 26 118 0 141
    188 235 180 255 31 198 0 0 0 51 58 105 50 49 76 19 0 31 255 255 241
    59 89 159 182 119 0 193 129 255 255 255 0 132 0 175 238 255 169 13
    56 231 255 255 255 218 146 87 133 31 86 255 0 0 255 137 110 207 233
    194 0 255 174 140 81 0 0 115 64 245 234 0 39 101 206 17 0 245 45 255
    0 206 0 231 255 185 144 153 0 29 255 43 166 0 130 255 76 0 0 145 0
    87 0 255 241 0 223 251 0 0 255 209 238 11 227 3 255 0 0 255 0 255 0
    0 212 48 66 47 255 255 71 0 255 0 255 166 76 255 255 0 255 157 80 16
    136 137 183 0 173 11 94 159 77 179 199 0 91 87 255 0 25 139 212 38
    81 26 139 72 255 140 236 161 129 31 194 124 255 27 251 182 0 63 181
    255 239 0 0 30 93 233 33 110 147 250 0 228 37 74 0 196 134 255 225
    190 255 216 0 21 186 207 141 150 4 0 144 52 255 110 117 0 167 255 0
    168 0 191 77 255 255 62 169 238 152 255 252 169 0 255 37 111 12 47
    182 0 255 255 255 137 191 31 165 139 174 255 0 108 255 255 255 0 198
    255 0 99 66 66 255 0 193 248 0 133 0 184 128 0 250 250 72 161 142
    255 139 172 188 0 255 255 255 167 167 48 0 194 192 0 173 255 255 180
    61 225 171 236 115 22 86 255 0 255 23 255 231 0 9 0 17 154 255 40
    255 199 220 168 128 0 0 0 166 249 85 128 0 183 58 47 77 114 255 255
    217 176 255 0 25 34 10 0 53 255 241 0 114 211 96 141 0 255 0 203 109
    209 15 79 136 0 231 221 0 63 0 255 137 0 34 54 152 236 203 169 212
    199 165 130 127 0 255 112 255 67 255 112 255 48 0 215 0 90 84 255
    255 0 255 0 255 255 226 143 188 255 79 167 164 0 0 232 238 0 74 0 82
    224 2 255 255 61 166 0 101 64 167 0 162 255 255 8 180 255 255 34 146
    249 59 7 217 0 214 0 0 255 22 80 109 0 111 0 229 0 46 63 219 0 15
    252 241 255 15 0 108 6 255 247 227 88 0 0 255 49 255 19 0 141 38 255
    255 0 100 255 156 255 67 255 149 255 0 255 43 190 255 233 96 118 81
    48 255 43 218 255 144 0 137 0 0 242 255 188 86 0 103 255 144 14 33 0
    107 170 255 0 0 255 165 255 0 255 0 255 20 21 11 254 69 253 97 254 0
    255 193 0 255 255 179 0 118 70 0 0 212 208 0 176 0 239 22 19 62 0
    255 255 41 10 21 113 255 0 109 173 95 255 255 114 24 172 0 255 0 0
    217 145 255 0 53 255 0 123 84 255 0 255 186 188 234 255 255 39 0 97
    0 155 90 175 0 241 71 0 61 255 255 229 0 185 0 255 42 255 0 0 116 37
    216 127 0 140 246 0 162 255 211 233 199 10 41 49 255 243 255 15 139
    0 206 173 0 50 101 253 59 48 255 0 255 255 89 15 72 23 29 255 0 136
    0 116 255 0 128 65 91 140 166 7 92 129 245 46 254 135 104 255 25 81
    50 255 17 0 255 84 158 255 213 255 37 239 26 255 138 255 26 37 16 61
    44 0 47 255 255 74 255 255 61 219 243 96 255 0 167 104 0 126 98 126
    205 255 255 255 42 245 210 77 19 255 0 48 255 185 0 254 61 232 255
    243 145 123 0 205 0 0 255 0 255 0 0 156 132 74 221 231 0 230 255 195
    255 57 53 254 0 158 255 20 192 0 242 8 87 75 233 17 7 114 255 255
    244 27 94 0 51 255 0 67 72 42 255 255 52 255 0 0 131 0 116 89 255 2
    0 151 255 86 183 87 150 219 84 255 151 237 176 0 88 255 87 171 36
    255 255 129 173 255 23 70 30 250 57 0 0 163 0 16 0 245 143 255 255
    13 59 0 119 248 172 121 142 0 255 165 0 117 175 228 255 255 11 0 0
    255 152 65 32 74 192 255 157 0 255 255 92 130 102 65 255 0 255 255
    255 255 60 49 0 255 0 255 255 135 168 0 208 255 0 0 232 0 255 0 190
    119 95 56 0 36 223 91 0 255 96 255 154 60 255 79 255 63 70 57 255
    255 30 255 185 33 0 83 144 184 61 90 92 242 0 162 5 132 255 18 149
    255 255 27 130 245 82 245 112 96 8 255 0 232 206 0 0 145 133 100 10
    242 112 255 255 255 20 250 214 153 0 223 208 146 0 239 59 28 247 128
    0 43 163 255 253 255 140 82 0 82 32 211 223 197 0 5 255 0 255 0 122
    144 255 0 0 66 0 155 0 201 37 154 175 0 0 0 255 235 0 0 109 57 0 0
    138 189 130 58 0 255 247 255 255 197 0 202 229 199 17 0 0 185 8 0 16
    0 189 255 152 0 0 55 180 0 147 255 4 59 139 255 96 22 255 255 252 0
    255 241 21 116 255 105 0 77 184 138 135 0 171 64 22 255 29 0 237 184
    0 255 49 84 0 192 80 27 213 198 255 0 255 155 217 78 200 133 232 244
    87 52 255 255 71 255 87 255 115 72 0 167 109 188 59 0 0 235 89 154
    111 117 64 255 80 171 255 84 0 0 0 0 0 0 209 37 25 31 255 0 47 214 7
    153 104 255 248 179 29 44 0 255 245 255 72 255 220 0 255 69 0 214
    150 0 128 67 255 0 192 3 0 240 145 122 0 0 229 26 0 241 149 189 189
    255 255 223 255 255 12 0 0 197 0 127 251 255 0 190 214 251 104 255
    20 255 170 4 233 255 255 0 0 255 88 0 255 255 0 0 1 40 0 0 162 15
    255 255 247 255 255 31 176 88 255 66 152 15 112 0 241 0 195 44 96
    255 219 83 0 255 88 113 160 134 0 0 246 172 247 255 181 82 179 175
    207 0 34 0 172 180 65 23 1 136 0 255 255 152 222 0 255 255 255 0 177
    255 204 84 79 172 255 124 255 44 178 0 255 36 0 251 230 255 72 181
    151 255 32 0 44 86 82 255 196 255 255 70 253 117 194 255 200 0 40 71
    57 0 255 0 255 118 246 255 0 0 51 40 244 0 73 249 21 176 42 98 228
    109 255 0 176 255 117 209 220 47 68 26 173 214 193 255 68 112 255
    255 244 125 229 186 255 0 165 122 115 69 255 99 72 155 0 157 232 58
    192 255 0 0 0 244 255 0 211 224 0 56 104 0 0 0 171 0 80 75 255 255 0
    0 1 97 0 192 234 0 20 2 15 186 0 76 0 0 85 254 34 127 47 255 0 116
    255 116 20 255 89 81 92 49 0 61 255 255 6 0 132 13 212 25 57 255 0
    57 165 78 2 0 137 235 250 0 95 255 255 249 255 255 56 143 170 255 0
    119 255 115 65 174 176 208 0 255 255 180 27 199 167 204 40 255 255 0
    149 252 255 15 51 255 255 255 0 107 255 0 0 0 21 0 0 241 255 0 161
    112 0 255 255 216 181 229 73 145 0 0 238 161 255 122 255 145 93 172
    28 0 255 236 149 245 158 217 15 186 173 0 101 178 164 0 212 255 142
    255 120 0 255 102 135 103 41 7 216 225 255 185 60 255 205 255 67 0
    19 87 119 242 199 99 242 96 82 255 58 155 0 52 0 255 166 0 120 0 37
    255 0 91 196 255 190 42 86 153 131 64 0 124 0 255 255 203 146 37 150
    87 187 221 115 182 0 246 0 255 0 0 237 149 110 44 105 59 44 214 47
    38 175 255 255 188 208 86 33 167 211 84 58 255 0 105 58 213 180 255
    255 217 71 195 195 110 176 16 203 24 0 227 0 165 0 0 205 7 203 0 186
    205 164 255 0 192 112 231 140 115 255 169 255 0 0 0 26 255 255 213
    225 0 168 255 213 34 149 78 37 0 0 167 18 174 255 35 157 193 77 255
    255 0 255 255 26 95 31 255 239 255 255 0 0 10 255 201 26 0 124 255
    197 255 89 84 49 183 9 255 255 0 0 0 161 0 224 255 123 135 255 255
    76 101 255 255 0 0 255 164 143 68 15 0 229 255 87 186 170 130 0 219
    253 103 137 243 44 70 175 0 73 255 122 81 26 196 191 29 100 161 0
    116 238 96 24 0 255 0 184 255 254 201 0 0 56 0 134 32 0 52 255 237 0
    186 0 183 83 168 255 92 31 255 162 255 0 45 201 0 170 15 153 198 61
    0 8 127 8 220 175 66 255 0 255 255 147 0 110 112 0 176 221 193 0 0
    207 96 0 65 0 255 26 148 0 160 0 203 122 0 186 255 255 222 79 231
    135 32 255 233 68 0 0 250 54 148 0 223 8 8 200 84 4 207 58 28 210
    255 255 0 176 248 255 251 0 255 169 230 255 0 109 255 164 208 255
    111 10 249 140 5 88 255 94 237 118 0 95 0 186 255 33 18 255 0 0 255
    235 167 10 255 255 178 255 255 187 119 255 129 98 181 39 214 241 0
    69 255 0 190 229 255 124 184 165 255 255 31 200 244 255 88 0 0 42 46
    203 15 255 239 255 122 31 154 210 112 0 41 255 0 240 33 121 203 154
    250 255 198 255 66 0 0 0 255 52 112 160 103 0 0 0 119 23 0 149 119 2
    169 136 200 255 88 255 255 0 157 0 160 255 120 255 255 195 184 114
    165 0 255 6 0 255 155 113 62 0 244 255 226 0 175 0 19 244 173 163
    255 255 255 255 139 226 132 11 0 8 137 0 230 26 209 21 82 255 0 140
    255 255 171 0 6 135 102 73 31 255 106 32 255 255 183 255 0 198 102
    255 0 255 38 0 0 97 120 158 0 108 0 0 255 149 225 255 10 0 5 21 27
    255 99 175 255 52 214 245 255 252 44 62 0 0 140 0 26 191 45 0 255
    169 76 255 243 34 111 121 54 255 178 0 255 255 1 60 25 196 38 25 232
    255 255 208 147 185 106 251 67 137 31 0 224 255 0 41 31 255 255 0
    172 255 145 223 240 255 255 223 222 230 71 1 57 255 138 72 196 160
    255 62 111 98 240 255 255 208 51 59 255 255 255 57 66 123 170 76 66
    243 160 41 22 255 0 169 102 0 255 0 93 0 161 255 0 240 188 0 255 58
    203 132 0 0 225 0 246 8 232 0 137 255 255 25 27 255 255 255 35 162 6
    150 73 0 255 0 0 255 148 0 126 126 238 61 0 147 180 167 183 38 188 0
    11 0 0 66 26 0 255 142 82 150 76 255 2 0 255 231 250 0 0 101 43 241
    215 122 76 255 44 142 0 37 145 39 255 0 255 40 206 181 0 176 39 201
    255 255 199 195 0 9 250 0 0 160 167 158 82 255 150 255 150 224 39 0
    0 249 0 17 0 90 0 0 255 169 0 255 236 53 203 239 137 0 255 0 253 124
    110 115 37 27 255 49 0 195 0 255 147 2 178 210 234 53 0 0 138 12 82
    216 0 0 221 2 255 0 168 0 229 23 70 207 255 87 224 51 173 117 152 0
    183 223 255 0 160 0 18 255 0 18 66 21 255 255 0 191 63 0 210 0 56
    129 0 0 255 125 255 99 255 255 112 114 255 255 10 255 255 201 255
    180 0 255 232 38 82 171 177 42 191 0 34 180 195 186 255 106 255 92 0
    228 0 189 0 23 133 70 0 39 0 78 170 0 37 136 175 129 0 0 33 0 0 86 0
    157 64 178 188 0 187 0 34 255 216 219 0 21 255 147 72 255 219 82 255
    202 255 242 255 223 255 0 255 86 210 176 0 255 28 36 109 0 19 0 243
    0 12 101 0 233 255 253 206 212 255 97 0 0 26 56 255 95 160 0 63 174
    56 251 255 100 0 90 98 0 121 142 218 255 227 214 0 120 123 135 227
    147 0 0 110 255 154 255 255 162 0 0 18 0 63 48 157 255 78 0 239 8
    255 187 9 0 255 186 224 171 145 0 227 8 71 3 255 73 243 89 120 120
    255 0 172 0 255 85 53 0 255 255 255 255 255 0 136 209 0 0 159 69 107
    215 255 51 98 243 0 126 59 31 0 0 255 71 216 177 74 255 163 85 184 0
    166 223 30 0 255 110 0 233 185 4 255 0 33 0 208 0 94 255 0 33 255 92
    0 54 38 0 246 124 142 101 217 255 0 185 129 233 58 245 222 236 255
    255 61 74 238 143 97 198 255 71 10 203 90 126 255 111 9 108 91 177
    178 255 1 0 12 209 227 144 47 50 241 170 154 255 97 105 106 209 151
    1 255 0 47 0 0 255 255 15 107 255 0 145 76 0 194 134 177 6 150 0 57
    48 0 0 123 30 195 239 207 255 255 101 201 255 52 14 104 53 201 246
    167 255 103 0 185 255 156 131 255 23 64 255 3 0 8 171 96 93 0 202 36
    0 32 255 132 192 83 255 18 41 127 0 248 187 255 0 0 0 124 82 203 127
    255 255 237 46 21 77 42 0 252 109 255 128 22 247 255 0 106 0 255 255
    0 154 0 77 0 0 148 166 0 80 255 102 0 230 79 161 0 208 36 236 0 92
    132 0 141 209 0 211 229 188 121 81 255 0 108 255 0 255 12 0 147 176
    193 255 61 0 144 193 255 0 255 203 0 177 255 203 0 0 100 197 219 0 0
    255 219 78 142 0 226 72 0 0 73 16 255 176 230 194 176 89 100 153 0
    168 188 36 16 255 11 0 0 145 0 226 196 255 166 114 53 126 255 117 0
    79 53 0 66 236 75 192 0 0 255 255 179 255 102 205 255 185 136 179
    137 205 128 0 225 0 11 255 0 255 10 202 255 168 255 123 84 232 90
    255 232 255 101 222 141 0 224 70 217 0 0 142 176 0 0 218 64 124 218
    107 173 175 65 255 138 216 104 81 19 0 255 0 0 255 185 69 94 255 0
    178 0 0 0 103 0 255 244 245 40 0 40 15 128 41 0 139 22 38 252 255 0
    25 0 221 152 255 160 138 0 46 255 9 89 0 192 222 255 0 178 59 255 37
    38 217 68 194 105 13 94 126 162 255 221 42 0 255 255 68 125 218 0 60
    109 73 255 177 51 111 250 0 146 255 0 255 147 255 255 255 114 0 208
    90 103 0 0 138 0 203 27 2 104 166 255 75 57 98 162 0 255 142 85 0 34
    76 0 88 255 93 0 99 255 255 0 28 183 0 9 104 104 156 0 126 0 0 0 141
    46 190 143 192 19 255 238 195 236 151 48 255 214 255 255 0 104 0 42
    216 202 164 160 91 181 255 76 58 155 50 8 255 255 170 62 207 0 255
    116 255 231 0 80 255 98 153 23 132 27 114 48 214 0 0 23 255 121 255
    44 93 188 0 255 255 0 109 185 255 0 96 95 132 184 88 117 255 0 255
    255 255 13 255 85 253 0 255 191 31 87 65 153 0 219 191 103 0 255 37
    255 255 42 14 12 0 132 225 255 78 0 255 33 69 0 10 0 131 0 55 142
    255 174 49 221 32 110 99 0 0 22 0 56 110 0 0 0 255 70 4 21 218 255 0
    0 245 255 255 255 51 255 9 227 255 138 0 67 140 0 0 254 255 41 89
    255 152 210 255 255 94 71 0 0 0 24 187 0 195 0 0 148 255 0 239 246 0
    159 166 0 205 145 250 217 93 98 200 70 100 251 0 127 72 255 255 206
    255 40 49 83 171 255 255 124 255 255 193 255 166 255 91 45 122 211 0
    143 47 0 0 255 56 54 161 0 255 181 29 187 183 50 225 237 255 0 144
    236 65 43 255 3 47 0 22 93 55 178 184 172 255 255 138 49 70 0 0 0 0
    77 19 68 36 171 41 25 0 32 106 255 201 132 120 255 0 143 187 255 0
    255 245 255 87 214 255 225 13 20 17 255 0 255 124 0 179 255 4 255 68
    214 255 222 255 255 225 58 0 106 222 180 16 255 5 0 165 255 0 88 218
    255 198 0 94 44 102 0 255 76 0 48 199 242 217 88 255 123 219 67 255
    0 49 121 0 48 255 0 0 0 124 0 52 54 72 234 16 255 104 0 255 35 208
    14 255 109 28 28 34 255 231 255 0 14 255 99 0 151 0 200 110 205 79
    24 255 255 186 0 145 255 255 255 158 153 149 13 255 0 166 185 0 0
    123 47 255 40 20 137 0 201 255 0 226 255 142 185 255 116 0 0 3 111
    77 243 168 84 66 34 64 170 0 95 72 23 78 255 121 0 255 0 175 48 0
    234 165 20 0 21 255 164 24 255 198 0 95 174 91 0 255 197 0 255 142 0
    0 255 255 0 133 255 4 255 101 83 116 0 0 94 255 0 228 255 125 246
    154 255 173 255 255 0 229 158 6 0 19 215 177 0 122 164 116 120 255
    255 86 255 128 255 244 72 78 46 97 12 255 67 255 255 240 174 143 204
    111 0 0 221 230 225 75 0 181 0 206 255 0 230 168 124 113 255 0 213
    78 98 217 0 255 85 186 0 232 87 255 108 22 0 255 251 245 255 0 89 0
    28 77 40 17 57 237 207 255 246 160 3 79 23 157 155 106 239 112 31
    135 74 0 255 194 0 0 0 151 147 255 0 255 113 108 120 32 255 100 189
    0 46 84 41 82 255 36 255 255 134 7 0 255 165 6 241 148 255 255 59
    255 190 255 255 0 0 84 206 6 205 130 0 95 213 237 234 24 16 0 150 56
    0 192 73 125 255 27 255 65 191 255 42 188 118 178 228 87 0 253 44 83
    159 0 31 255 255 236 50 243 126 119 0 255 59 255 17 89 140 0 255 215
    0 0 0 167 170 0 25 255 31 213 134 117 255 240 82 255 10 126 15 93
    255 71 228 149 96 105 22 17 0 226 1 24 148 236 137 22 65 184 255 61
    247 199 175 0 0 0 236 245 184 46 0 35 159 70 255 175 255 255 0 0 240
    18 255 255 0 0 255 204 144 201 86 56 23 0 0 255 36 209 237 255 229 9
    162 0 149 73 230 192 233 58 0 0 255 0 0 255 0 255 244 72 255 119 101
    27 14 255 89 128 134 255 0 100 21 255 192 0 124 15 130 224 172 203 9
    0 14 255 181 0 124 240 155 152 76 43 21 20 104 255 95 24 255 219 165
    115 22 0 85 215 118 241 70 42 0 22 147 181 255 255 121 100 255 119
    89 201 0 16 26 255 17 5 0 60 15 106 171 70 255 0 255 130 195 48 2
    166 151 178 23 80 15 0 0 0 186 79 0 181 185 0 255 54 209 226 22 16
    86 125 0 241 255 0 44 254 185 0 0 238 0 238 84 106 232 229 42 99 0
    172 13 92 255 71 125 212 59 0 61 142 0 148 255 240 42 0 104 96 255 0
    41 42 255 255 52 195 106 64 221 70 27 148 39 255 135 245 75 97 255
    255 115 15 255 255 231 21 178 31 255 156 245 102 255 3 59 85 166 255
    93 148 78 1 3 0 28 112 0 116 255 209 11 255 54 140 0 28 66 100 237
    255 255 255 255 194 255 169 74 1 255 117 255 0 0 102 228 238 255 215
    21 255 187 74 255 255 178 0 255 255 0 49 249 255 0 0 56 211 103 186
    86 207 25 61 6 127 211 212 199 227 29 0 0 10 0 0 255 255 132 186 147
    121 214 135 202 236 0 121 255 24 255 255 255 48 13 16 95 255 255 94
    0 255 255 0 255 255 245 255 207 0 0 63 109 255 0 198 189 0 255 132 0
    0 255 0 0 255 21 92 0 164 232 255 255 104 231 219 13 24 0 121 70 230
    225 255 38 255 105 72 185 0 0 255 174 205 59 99 72 0 255 0 0 0 171
    228 82 188 80 135 59 46 255 112 255 79 132 255 0 105 221 255 158 182
    41 0 0 248 172 77 13 104 255 0 203 0 246 19 0 126 0 252 30 186 85 4
    156 255 18 255 255 255 53 68 15 101 189 0 255 0 89 164 0 255 255 242
    35 255 79 176 166 104 0 0 1 0 255 48 129 194 255 189 68 255 251 255
    46 75 141 86 102 255 138 83 160 255 74 110 138 0 9 54 255 68 0 0 144
    9 200 255 37 65 40 255 0 255 11 16 0 175 255 86 34 226 158 240 75
    149 126 255 160 194 45 172 0 210 15 0 255 203 137 0 255 0 87 61 77
    121 232 255 110 226 0 240 183 255 90 0 208 255 255 255 186 86 80 186
    204 255 101 0 176 255 209 187 43 179 7 238 113 255 255 255 43 31 0
    44 155 0 75 182 139 0 255 140 255 47 0 255 49 4 255 0 18 198 255 32
    92 135 255 237 117 77 253 104 0 0 60 120 255 55 255 255 64 97 0 200
    0 0 251 132 174 174 0 195 130 155 223 0 78 255 76 214 255 255 140
    218 43 78 0 179 255 145 80 107 243 52 206 42 122 165 0 241 67 117
    187 124 255 255 78 227 255 167 240 76 1 216 216 255 255 176 170 253
    0 255 52 44 0 38 0 148 8 46 255 137 0 203 127 0 118 0 200 136 255
    238 200 255 250 139 9 255 0 166 156 255 230 233 82 255 255 145 255 0
    0 113 47 47 255 35 245 109 253 255 202 0 127 226 0 53 255 255 95 228
    174 145 45 255 39 104 198 0 154 191 0 18 251 0 0 8 22 0 82 0 179 0
    42 128 0 95 0 2 131 30 255 23 14 142 4 255 255 75 253 0 255 23 46
    203 116 173 116 29 0 255 205 163 255 255 128 0 27 0 98 239 249 255
    50 255 0 28 255 255 63 87 238 255 155 255 0 255 222 48 156 236 255
    120 0 0 135 255 53 0 179 255 47 11 176 71 17 212 184 139 183 2 32
    206 224 255 0 114 212 121 255 255 0 255 172 146 37 173 181 207 161
    255 68 178 255 178 0 69 182 4 255 145 0 0 167 0 109 255 0 105 65 75
    237 6 229 0 255 194 255 215 226 228 165 255 236 87 61 8 253 168 181
    0 255 0 152 152 31 92 255 194 59 191 100 0 255 0 255 255 255 0 255
    255 255 255 11 255 255 134 89 255 139 203 169 255 255 153 175 255 18
    65 205 116 88 62 71 183 52 22 113 0 0 238 60 0 255 126 97 17 240 102
    75 242 146 235 0 0 16 162 185 255 0 126 180 255 255 255 0 0 188 230
    255 157 255 250 149 172 143 28 149 255 0 0 77 5 170 47 186 189 0 216
    255 147 111 0 62 67 0 255 255 44 249 96 23 245 14 143 56 123 62 1
    255 255 53 0 151 228 124 242 0 115 255 189 151 255 0 255 0 0 167 36
    185 0 255 0 153 34 255 0 255 75 0 0 255 0 227 255 50 138 0 231 138 8
    55 255 117 116 186 255 153 255 182 23 111 3 255 255 16 180 66 181 23
    0 87 1 208 255 0 116 169 0 151 107 255 120 0 255 255 0 247 155 225 0
    14 0 81 2 0 31 200 0 0 149 52 0 242 126 255 67 57 255 0 100 24 141
    255 17 0 0 0 0 213 16 255 0 255 9 85 255 0 0 192 87 0 73 132 114 216
    0 0 5 117 0 251 255 163 255 255 87 255 0 68 40 255 226 217 58 121
    144 0 183 109 171 0 255 176 207 232 226 161 137 0 0 227 0 50 220 131
    255 22 147 0 0 239 197 245 91 255 0 145 153 74 255 0 255 12 19 131
    136 0 26 226 255 251 204 255 221 255 99 119 0 255 130 0 0 202 66 44
    196 47 0 255 240 99 205 44 58 214 57 243 77 0 0 247 31 224 154 146
    243 255 0 239 255 0 125 3 0 72 43 73 131 81 35 172 217 0 0 184 255
    37 199 127 94 0 224 0 0 248 169 183 255 140 83 39 255 235 189 90 62
    253 255 163 255 86 0 186 68 161 6 38 210 30 146 5 255 147 97 0 0 252
    97 34 98 17 0 240 154 248 221 175 255 250 190 0 0 73 23 60 130 209
    173 90 176 51 0 255 0 255 230 0 137 45 210 52 236 0 0 51 132 255 65
    211 182 0 255 255 0 194 60 73 0 195 71 255 0 194 184 255 129 0 182
    23 89 0 56 255 255 32 249 255 255 8 0 103 218 21 255 170 0 255 89 57
    7 130 0 208 203 13 0 212 134 255 255 255 176 0 14 242 136 220 169
    196 67 255 107 4 71 0 0 243 221 0 199 156 167 224 61 189 0 0 0 255 0
    125 89 139 134 2 208 195 215 169 236 128 97 62 198 217 246 1 216 255
    255 255 0 99 5 255 44 165 255 73 0 18 255 172 139 0 144 228 58 102
    213 151 79 0 255 38 157 0 244 192 31 58 255 255 56 190 183 255 16 49
    0 229 0 234 255 0 132 255 3 200 176 63 72 112 158 124 56 253 86 137
    255 144 194 0 0 65 0 255 238 123 255 0 33 87 130 62 183 0 99 72 45
    166 0 0 255 0 255 38 99 46 214 216 255 195 203 249 207 23 149 255
    216 192 0 168 181 240 83 255 190 233 255 149 214 0 0 28 244 111 250
    0 0 44 208 147 238 0 181 104 0 247 127 233 122 61 0 0 2 255 129 255
    26 166 96 26 218 255 0 255 169 255 255 0 255 39 44 34 255 196 0 63
    185 236 185 204 253 255 255 207 224 77 255 93 169 100 0 0 187 40 200
    255 85 0 148 255 93 103 156 0 46 0 255 67 255 132 0 0 46 237 172 75
    255 0 217 255 95 176 194 24 0 114 183 255 98 113 80 92 0 94 0 131
    220 148 31 244 255 0 0 0 0 58 0 74 255 255 115 0 24 143 97 0 255 255
    2 44 255 51 0 0 0 196 255 255 99 45 255 90 176 255 255 255 204 209
    171 194 75 0 45 37 107 158 0 191 115 255 88 255 75 136 255 94 105
    159 255 120 197 71 83 47 255 0 255 0 0 135 80 255 36 158 10 151 0 0
    0 227 255 48 0 0 0 112 0 255 204 2 255 129 255 40 0 198 255 37 0 77
    255 18 255 23 83 255 237 226 220 107 255 98 225 153 0 220 49 105 255
    255 0 247 0 0 95 167 255 0 255 181 0 104 2 101 0 196 0 158 31 33 43
    18 255 18 0 255 44 19 0 0 40 0 22 98 181 133 0 56 194 157 59 172 80
    174 46 255 0 0 239 69 134 121 223 241 180 3 255 102 0 0 255 119 16
    221 255 255 0 211 116 0 142 223 94 180 0 2 168 237 133 123 102 255
    168 0 115 119 0 76 0 184 130 82 0 87 211 99 32 112 255 250 192 18
    255 54 60 2 253 255 255 255 255 18 191 0 73 104 106 5 221 151 140
    255 238 193 255 255 0 0 0 54 204 42 23 0 82 255 255 0 176 92 128 8 0
    76 187 156 0 255 255 255 255 222 164 255 255 192 56 117 22 210 183
    255 255 255 231 0 0 93 119 255 16 127 60 6 245 47 255 0 255 54 168
    151 81 255 0 0 90 0 210 80 144 152 202 124 0 226 0 47 211 71 0 255
    164 0 193 94 149 255 186 121 152 237 168 104 0 31 0 100 0 0 255 85
    255 139 162 188 34 38 243 43 137 91 145 245 123 224 202 0 0 145 109
    221 147 51 28 255 93 255 11 2 0 255 189 120 255 100 192 0 0 3 189
    171 116 243 12 31 230 92 21 155 0 0 63 255 248 0 213 51 60 217 0 101
    200 255 57 255 241 54 127 0 255 135 255 203 0 255 191 182 103 255
    196 134 99 235 60 0 243 94 94 180 112 219 0 223 198 87 0 135 116 98
    255 78 64 194 120 0 74 103 0 44 0 255 200 19 0 0 2 0 251 160 0 202
    255 240 222 224 83 49 189 35 88 0 219 255 255 83 255 0 255 255 22 85
    30 255 149 65 118 255 255 79 171 197 255 0 194 52 47 167 125 200 201
    8 76 183 0 0 74 255 135 0 6 0 45 40 77 96 151 0 94 179 211 2 9 169
    190 175 126 0 0 0 255 205 121 35 206 248 220 8 116 0 0 0 20 122 134
    129 230 82 131 0 76 129 42 149 255 0 255 82 53 255 255 150 255 255
    85 137 249 255 144 237 28 19 0 149 173 0 86 146 0 255 0 0 0 119 255
    106 8 0 232 255 0 255 255 181 114 0 120 30 255 190 122 97 0 0 223
    221 244 203 3 201 172 0 255 146 224 136 172 118 43 255 189 108 255
    255 86 69 30 213 0 183 100 0 181 188 53 163 122 199 17 57 52 0 255
    185 0 246 73 255 10 137 0 154 198 11 90 0 255 200 8 11 255 194 165 0
    17 0 111 255 205 18 0 0 168 255 209 255 0 61 171 20 106 156 96 182
    255 88 155 255 255 220 146 118 83 89 255 0 57 255 7 29 76 37 114 253
    114 180 215 65 182 209 255 0 255 174 0 0 120 168 0 0 255 255 118 0
    151 78 43 0 90 0 255 35 227 117 169 196 48 213 82 213 52 159 168 255
    186 20 61 0 54 80 0 135 233 145 60 202 217 225 0 140 65 172 0 5 51
    237 127 222 255 174 0 205 23 56 143 33 255 186 78 6 90 2 22 125 51
    91 116 248 49 87 0 152 255 61 36 113 37 0 203 106 219 218 255 255
    103 93 255 103 0 0 0 255 44 163 174 52 0 141 0 0 153 225 255 21 255
    47 255 142 114 0 255 110 19 0 19 182 0 177 38 169 131 113 145 83 140
    37 80 255 180 0 78 255 154 124 255 255 183 225 0 255 44 195 204 152
    63 0 38 119 232 0 255 111 0 125 0 31 0 255 21 69 0 113 217 255 227
    255 255 120 61 255 31 0 22 59 242 0 44 0 86 179 11 255 124 255 202
    47 255 244 235 33 184 255 0 41 104 60 108 0 255 0 169 0 151 176 0
    240 255 138 140 66 83 22 157 122 255 0 10 200 123 67 1 162 9 197 155
    215 200 82 0 150 0 150 152 91 211 0 82 41 150 255 255 0 204 128 255
    0 255 24 181 255 255 93 255 46 165 0 0 255 193 11 164 254 30 0 167 0
    77 164 236 255 240 0 0 0 47 207 149 245 55 255 216 0 231 125 24 0 73
    30 0 0 8 233 255 234 255 77 255 118 248 0 101 209 121 176 157 128 0
    0 255 138 255 255 230 0 110 122 0 154 219 54 183 1 77 255 82 255 255
    255 194 183 23 0 56 0 0 87 217 187 46 17 20 255 50 248 0 0 93 48 0
    255 95 81 255 50 175 102 74 255 178 0 255 0 255 17 0 255 46 0 73 0 2
    84 215 50 188 30 0 29 255 0 113 252 197 0 227 255 121 255 255 255 0
    161 255 213 165 0 255 120 0 68 117 255 104 53 255 184 117 149 0 255
    255 131 20 0 255 255 140 228 100 60 255 212 255 68 211 222 0 255 0 0
    255 70 113 141 40 229 255 0 0 129 158 8 255 161 170 255 81 124 137
    255 136 50 63 16 25 255 181 122 89 48 81 0 120 255 140 255 255 255
    69 152 14 148 0 204 170 0 255 135 100 205 0 15 157 0 111 255 0 47 0
    39 0 255 252 221 0 242 255 255 118 255 255 50 0 26 255 176 255 255 0
    0 0 153 92 205 197 0 15 0 54 0 0 31 237 88 20 119 66 137 162 121 255
    255 216 248 43 128 255 0 207 108 55 136 255 145 0 122 230 255 133
    172 196 173 0 225 255 178 110 171 238 131 255 11 0 171 255 101 0 122
    57 34 255 0 101 95 87 141 114 244 255 225 33 255 64 119 0 128 218 14
    108 81 255 221 12 161 72 255 206 255 171 255 255 0 213 0 206 174 255
    47 217 121 183 37 48 255 133 81 32 253 18 75 255 222 33 0 255 210 0
    247 49 76 230 75 15 0 255 0 70 197 35 15 92 61 255 0 134 178 0 102
    111 0 65 255 255 10 217 68 255 0 30 126 0 193 234 65 223 255 189 74
    192 126 202 232 75 0 182 250 81 97 255 159 246 134 151 0 0 154 3 0 0
    244 185 141 255 255 76 213 255 227 0 172 150 255 255 240 164 255 255
    136 255 241 255 57 0 206 255 184 0 52 201 21 255 141 62 192 192 189
    39 255 255 255 10 181 57 255 228 0 229 161 158 119 255 0 190 255 255
    255 255 4 29 255 218 84 255 100 192 241 162 192 158 85 182 224 0 0
    175 0 67 128 243 255 255 83 194 255 0 128 0 0 108 153 244 139 43 120
    0 15 83 128 52 255 255 90 100 223 255 67 255 104 0 255 11 108 16 62
    255 80 14 140 99 0 42 198 18 108 209 171 131 255 201 145 51 205 44
    51 248 255 184 236 174 105 80 200 113 136 255 189 62 0 0 255 242 45
    0 21 0 0 139 33 112 79 36 165 0 0 76 176 50 158 255 0 0 172 172 131
    180 255 220 248 255 185 41 31 255 0 0 104 51 233 255 27 86 63 0 107
    194 106 209 0 10 57 99 108 0 90 19 255 255 229 56 162 251 103 0 93
    199 140 45 231 21 81 82 255 255 255 29 217 171 255 0 0 206 0 39 102
    94 0 32 0 0 255 0 255 200 255 255 255 255 0 255 255 180 255 255 255
    0 255 31 191 153 146 255 255 0 155 48 109 255 255 198 29 67 19 224 0
    255 200 255 73 0 193 151 133 0 5 246 146 0 255 224 123 255 185 205
    173 2 0 57 255 47 77 157 179 134 251 41 86 245 216 112 97 255 200
    255 6 163 209 0 177 0 26 255 43 134 255 81 0 121 0 150 255 0 204 18
    40 22 58 255 16 35 126 236 0 227 0 0 218 151 255 43 81 255 0 0 255 0
    241 255 0 255 0 106 0 58 0 171 112 241 105 211 0 0 101 156 19 255
    230 255 163 116 13 186 167 255 255 0 189 61 239 98 255 255 39 221
    255 255 183 0 255 238 0 143 255 255 107 255 241 0 14 255 0 0 255 255
    255 255 41 255 188 33 255 255 0 0 61 0 122 182 105 255 0 255 255 77
    224 181 209 0 255 202 0 134 251 5 89 168 194 0 0 141 255 80 241 255
    182 12 255 0 187 0 0 81 0 215 76 0 255 0 149 4 153 171 11 175 0 143
    0 181 0 247 0 243 156 70 255 0 225 0 111 246 0 134 137 0 61 94 157 0
    255 240 44 200 0 0 255 166 0 87 254 63 243 54 0 240 0 64 185 226 190
    175 255 188 158 59 197 83 101 31 87 85 216 255 185 214 0 91 123 48 6
    188 0 0 0 230 0 115 255 226 0 0 0 0 0 146 66 141 0 255 215 0 196 255
    38 78 223 180 70 255 123 0 238 192 0 56 135 214 108 32 180 101 255
    178 19 184 0 79 145 47 255 0 255 0 255 191 177 74 36 80 0 133 187 98
    126 15 114 0 245 141 0 0 87 20 79 208 132 0 166 229 0 186 160 255 29
    145 214 0 175 255 255 0 0 43 255 26 6 33 129 255 231 121 0 255 58
    255 255 0 56 174 255 255 0 91 0 7 248 148 118 0 217 230 0 0 255 255
    53 101 87 245 232 0 0 255 101 229 255 0 35 255 46 255 4 0 95 0 0 198
    0 6 26 10 80 0 117 26 0 211 188 178 0 255 70 255 147 0 0 103 89 0 93
    153 176 206 0 11 255 220 199 255 0 232 234 165 36 211 255 255 180
    169 26 188 255 76 122 136 48 255 255 226 110 139 255 88 141 74 214
    152 170 184 68 25 255 81 25 140 0 255 98 255 252 199 255 4 255 143 0
    255 135 255 5 19 64 0 34 255 213 255 160 255 96 249 255 170 175 68 0
    142 236 201 19 255 0 75 115 255 81 0 100 87 255 255 159 166 255 0
    255 149 0 110 255 255 175 250 0 121 33 188 255 24 246 63 0 154 71 0
    198 43 224 35 108 209 255 9 101 173 91 0 0 164 0 115 0 0 0 108 108
    73 0 45 255 46 162 128 255 140 144 199 122 171 160 255 26 0 255 253
    218 255 106 64 0 249 255 73 252 71 117 65 226 40 104 0 57 0 255 58
    184 0 86 0 0 143 163 191 40 141 255 21 39 243 255 0 255 5 120 178 0
    255 129 149 5 95 49 226 115 253 207 188 0 182 215 0 255 128 255 255
    255 205 255 104 152 152 112 255 144 0 25 0 21 127 112 125 23 0 184
    216 0 129 0 198 249 113 120 217 0 0 255 237 0 147 56 165 255 0 255
    204 225 0 41 202 0 32 211 255 211 255 255 244 0 82 201 255 65 255
    241 203 36 35 252 0 150 100 46 0 80 30 63 7 133 0 0 0 247 216 113
    176 0 222 84 156 153 164 60 220 0 115 252 152 53 255 233 75 159 255
    255 0 105 211 99 255 255 0 187 153 0 0 255 50 213 81 171 246 0 146
    125 255 126 0 0 130 200 0 34 0 255 210 255 108 88 0 141 71 52 172
    115 175 255 64 0 255 245 151 255 232 80 77 99 0 250 218 189 241 0 0
    0 29 249 255 242 180 255 162 170 255 131 255 165 255 0 146 255 13 75
    115 0 255 85 255 255 74 194 255 60 255 102 0 70 56 255 164 255 91
    164 162 246 255 255 22 182 204 0 255 29 0 255 0 255 255 189 227 255
    153 122 0 130 197 127 90 255 198 150 19 255 255 254 255 0 207 0 0
    117 98 0 163 36 255 170 170 0 255 74 230 0 0 176 208 0 0 0 255 174
    255 178 255 255 83 0 255 118 0 253 0 2 0 84 45 40 39 126 0 0 0 63 0
    0 73 218 255 0 76 3 0 63 255 236 253 204 0 187 152 28 196 0 53 0 116
    255 17 0 0 146 100 254 255 179 0 244 222 255 238 0 42 4 117 147 0 0
    201 174 163 0 14 0 235 164 216 208 0 65 250 0 65 0 0 251 130 169 85
    215 255 166 123 73 255 78 212 204 151 255 69 106 61 205 222 81 0 255
    244 143 85 255 128 31 75 56 0 0 0 68 0 255 15 0 0 255 184 126 154
    126 47 255 0 175 93 0 0 0 131 255 0 38 71 137 255 255 0 64 255 176
    247 0 255 255 68 0 255 38 152 202 255 0 222 78 67 52 20 255 11 179 6
    255 39 14 157 101 255 15 202 255 97 147 255 255 255 158 18 0 125 39
    118 255 255 255 99 0 21 90 140 125 109 255 225 250 255 0 0 40 182 11
    255 0 160 0 231 140 0 255 0 178 255 161 164 149 28 75 0 119 141 133
    255 15 43 107 255 255 0 129 22 255 7 224 0 112 252 196 255 0 127 85
    200 255 255 1 181 0 0 132 69 191 106 155 255 90 3 117 11 69 131 56 0
    62 230 203 126 132 255 179 37 222 192 145 156 146 109 173 0 54 164
    186 0 168 255 255 207 255 255 255 32 218 146 75 0 129 175 0 217 255
    11 223 0 255 77 0 255 82 190 25 255 84 3 139 76 148 215 76 255 254
    255 87 151 0 78 243 29 132 43 255 0 40 119 140 182 42 255 0 255 0
    144 148 48 218 0 230 129 130 201 0 127 255 200 208 137 169 186 0 160
    204 0 255 255 0 31 183 116 0 177 188 0 0 255 0 0 0 0 255 135 166 0
    21 234 151 127 194 255 40 255 157 0 161 187 181 0 0 255 216 6 87 98
    247 215 255 0 176 255 237 96 0 162 255 25 234 101 253 190 214 0 76
    85 0 58 0 79 141 110 255 15 174 255 236 168 204 255 254 33 134 50 0
    255 0 255 188 211 255 191 255 172 255 235 33 207 255 217 255 22 142
    0 255 178 0 163 255 1 191 79 252 25 255 123 184 0 0 220 57 181 221
    126 183 95 22 255 211 255 196 153 255 38 83 0 99 0 134 109 58 0 206
    84 0 0 53 255 183 255 255 255 215 35 0 239 255 166 159 244 146 6 134
    227 0 255 255 198 118 255 66 255 231 0 0 255 255 156 255 224 0 233
    214 245 191 195 43 242 99 197 255 0 227 23 0 215 96 234 109 9 73 152
    71 137 84 0 105 109 0 97 255 72 0 0 79 0 147 255 9 0 104 214 0 24 47
    255 215 255 255 98 169 141 0 59 88 0 181 233 251 31 114 0 208 239
    179 255 254 149 232 96 28 229 0 255 35 82 145 0 255 175 255 253 255
    255 0 44 0 65 72 0 0 53 15 110 160 188 56 234 52 194 9 255 255 0 248
    36 44 60 7 242 123 175 164 255 252 255 70 133 173 154 210 91 150 180
    0 255 150 147 0 143 0 52 249 244 249 101 1 125 141 187 181 188 18 12
    219 154 0 72 16 152 142 251 0 165 243 138 255 143 164 170 171 120
    231 11 0 195 120 197 146 48 255 49 227 0 81 241 118 87 0 26 137 0 79
    117 180 255 32 160 206 233 154 0 255 198 0 26 64 235 150 103 13 247
    0 0 0 255 0 0 186 239 32 0 108 255 255 0 0 255 255 12 0 213 189 80 0
    183 73 0 0 133 72 177 162 251 122 167 0 255 255 106 144 151 255 65
    61 40 0 0 0 0 255 33 120 2 34 107 117 31 255 196 10 0 0 255 130 1
    255 245 77 0 255 1 146 71 150 0 255 152 255 98 183 131 150 59 136
    244 255 11 0 194 185 195 25 9 30 99 175 255 181 195 172 192 255 0
    116 14 0 90 0 64 208 197 75 0 165 255 236 255 204 227 129 224 255 47
    255 255 1 109 26 162 80 125 76 0 255 0 133 39 128 37 255 0 255 198
    127 192 207 182 99 226 255 48 14 0 121 98 147 255 0 94 255 255 168
    92 255 0 145 124 8 0 5 255 0 131 0 229 144 20 255 255 42 113 255 85
    100 255 0 0 229 255 54 170 100 255 225 0 0 255 63 71 0 54 16 238 110
    70 88 145 51 146 165 255 115 131 42 56 98 0 255 0 0 75 0 13 45 177
    106 255 13 56 88 239 247 190 133 196 255 0 18 101 47 255 59 255 77
    183 0 134 219 215 190 0 93 29 255 26 255 80 0 227 0 0 129 102 242 78
    211 252 0 150 255 255 88 0 0 177 0 196 26 168 255 0 255 87 68 0 0
    255 70 0 187 2 228 82 18 0 154 127 47 255 99 255 255 224 196 255 0
    79 221 86 182 96 125 239 172 0 159 132 146 62 44 0 223 196 91 0 220
    221 3 125 0 75 0 52 255 228 0 243 165 255 64 255 149 22 186 255 145
    0 225 214 222 62 165 201 200 58 3 60 159 129 62 0 193 7 0 69 12 0 0
    186 140 49 0 2 28 255 0 255 255 168 228 77 92 71 201 136 255 255 0
    132 72 254 104 85 255 2 0 0 255 0 255 113 48 103 255 20 0 0 0 255
    255 49 255 165 0 0 128 41 138 255 0 221 203 180 255 255 114 0 138
    147 195 0 0 255 255 0 82 17 171 115 0 255 2 0 134 0 250 177 20 255 0
    89 91 68 255 0 0 63 122 221 85 128 9 89 30 190 97 255 11 0 255 234
    233 255 58 109 0 255 234 84 255 83 255 217 0 0 14 92 141 0 0 186 30
    0 255 0 0 181 65 98 176 60 192 117 219 32 0 255 0 249 246 253 10 164
    12 81 255 67 246 255 0 255 42 0 85 148 37 13 65 76 255 255 255 103
    91 49 34 255 0 183 210 255 182 206 255 255 255 2 240 255 45 195 243
    215 235 255 178 46 183 255 186 0 31 160 255 209 4 0 0 255 178 30 255
    0 241 221 148 23 57 57 76 0 128 0 0 0 124 205 224 255 118 171 255 0
    0 135 255 209 253 12 72 212 124 29 255 255 255 0 255 10 32 18 208 66
    222 83 242 78 122 192 137 0 166 0 118 216 116 0 0 172 230 255 188
    229 250 0 0 166 0 255 206 73 227 204 77 133 255 139 255 16 135 108
    255 255 255 182 188 193 200 98 0 0 6 255 255 255 209 245 83 255 190
    209 194 219 0 0 16 255 255 49 0 93 192 67 0 238 0 5 31 115 88 225
    255 0 65 171 23 42 0 255 135 0 22 29 6 0 3 255 208 255 255 191 161 0
    0 221 141 174 241 106 255 169 112 55 164 252 109 154 137 123 197 255
    194 0 102 45 88 68 255 0 255 44 0 255 171 47 200 51 246 55 159 123
    213 113 133 57 0 181 0 0 255 112 152 216 94 125 100 0 0 0 138 10 0
    220 175 0 188 70 105 237 0 255 116 0 67 243 176 15 0 0 97 0 0 0 197
    147 255 94 193 239 40 0 255 134 110 255 209 255 0 184 195 224 57 197
    0 255 116 255 0 115 255 255 255 0 222 218 255 255 80 66 156 205 128
    0 144 255 230 255 255 209 255 43 0 43 255 255 117 0 140 255 0 42 115
    107 255 66 0 76 146 116 0 255 204 255 96 255 73 255 31 89 120 90 0
    255 0 157 110 0 255 0 47 93 44 205 154 243 255 188 155 94 79 0 243
    174 118 170 228 232 215 0 255 255 174 0 0 230 36 0 203 0 105 56 109
    254 57 0 255 255 126 255 0 93 74 81 96 178 185 196 255 39 213 149
    255 170 255 0 38 0 39 255 164 0 163 155 79 207 198 81 0 47 18 0 214
    82 12 168 231 255 0 67 95 88 255 255 0 205 20 104 26 208 89 91 255
    135 0 179 209 57 39 255 0 255 0 7 156 0 0 0 114 0 0 79 52 0 162 236
    0 0 90 227 120 0 104 27 55 163 0 40 85 138 171 255 120 221 0 152 119
    0 187 79 0 44 118 108 212 183 0 120 255 0 58 255 65 152 72 186 241 0
    116 137 0 0 149 103 80 215 255 255 255 0 0 8 122 0 255 178 86 255 94
    255 122 205 0 119 255 94 241 106 0 255 0 141 0 79 198 177 0 61 132
    234 0 0 0 213 155 115 208 0 0 130 18 70 0 161 0 131 101 92 0 106 194
    116 14 118 249 183 255 255 0 255 0 0 39 0 198 7 0 255 222 103 228
    255 221 0 0 221 23 41 102 255 121 0 238 99 98 255 255 0 255 255 87
    111 255 48 128 255 237 255 143 231 95 41 255 255 0 175 193 255 246
    21 248 255 122 221 255 108 0 255 0 255 0 205 129 11 129 205 94 245
    40 48 255 0 13 0 124 70 71 255 0 142 0 59 89 158 238 0 21 78 0 239
    255 0 161 255 239 223 255 151 51 255 255 0 255 0 91 37 0 32 0 255
    197 182 255 255 0 0 255 46 109 255 141 61 160 23 255 0 228 255 88 0
    255 0 0 204 195 255 49 237 147 69 102 62 102 0 191 126 128 140 205
    255 74 255 4 30 150 104 123 242 221 168 251 244 111 0 255 255 255
    255 62 255 255 0 63 46 0 1 25 19 77 159 210 0 204 0 255 4 0 222 249
    255 255 205 36 0 0 152 247 114 255 255 255 239 0 175 10 22 83 255
    203 255 38 39 192 45 72 0 80 255 109 124 139 120 241 193 191 255 0
    187 255 255 255 86 104 255 0 0 154 233 100 229 223 0 140 209 42 54
    206 116 0 0 95 181 211 253 146 100 237 89 64 0 201 243 255 0 154 249
    152 0 0 0 0 62 253 3 143 220 245 35 105 255 98 0 169 128 151 255 0
    44 136 245 137 157 143 255 251 90 182 0 0 196 11 255 194 14 0 143 69
    0 150 255 37 0 220 71 0 233 155 0 146 0 0 255 0 86 138 49 255 69 106
    34 255 0 0 83 172 241 0 0 9 67 154 145 106 178 99 125 255 67 45 76
    43 214 255 0 0 255 0 129 159 255 230 0 226 255 12 143 0 255 255 0 15
    0 0 165 255 0 247 128 255 253 33 97 0 0 0 38 63 0 186 246 3 0 73 255
    238 255 159 222 0 34 166 108 197 0 152 186 0 24 123 244 224 45 211
    231 50 189 255 255 108 188 255 0 72 255 255 0 36 75 211 255 246 255
    215 255 0 0 40 0 0 83 192 122 40 86 208 223 255 197 60 81 176 255 73
    161 197 255 0 27 244 255 137 252 178 0 0 186 229 255 0 30 182 209
    212 161 255 114 154 120 255 158 255 0 19 255 40 255 255 0 125 255
    237 248 0 255 236 67 60 146 255 255 224 206 0 255 223 247 154 255 0
    255 0 38 217 0 132 255 237 128 99 251 246 103 35 108 0 25 0 246 255
    24 26 0 255 184 54 50 255 242 255 135 179 240 0 38 193 3 142 115 255
    123 97 255 96 255 0 255 216 149 0 255 48 189 0 113 109 132 168 25 0
    200 200 83 120 166 0 172 236 246 0 229 83 0 220 255 208 89 84 229
    255 171 179 2 255 97 99 18 255 178 254 93 193 122 88 41 141 80 0 0 0
    219 117 189 189 255 31 192 255 255 0 113 121 124 142 199 98 34 214
    102 37 255 118 0 98 206 255 63 162 95 49 112 0 181 255 7 255 255 170
    71 255 117 53 255 255 0 186 86 74 208 174 47 255 255 18 255 129 135
    152 255 1 168 53 123 0 65 174 154 139 88 255 181 0 117 10 0 255 0
    255 255 255 211 66 22 255 150 251 68 224 0 252 255 7 255 222 0 114
    65 245 179 255 255 255 156 128 61 17 95 229 51 166 0 255 93 0 150
    255 25 168 255 235 0 65 174 211 189 161 3 78 178 203 99 148 0 255 46
    0 255 12 255 189 252 154 26 17 131 82 0 250 155 255 255 0 52 0 127 0
    130 78 177 255 95 0 148 5 0 0 0 223 152 0 0 44 75 162 114 0 108 0
    255 225 104 132 0 66 157 138 239 13 255 92 0 205 179 107 3 54 255
    212 132 255 0 236 164 176 0 255 255 94 255 145 255 237 163 255 255
    141 255 19 34 54 192 57 8 255 45 196 0 0 58 81 0 255 231 0 202 172 0
    244 112 86 0 0 227 255 0 62 255 241 255 121 255 229 65 255 175 190 2
    255 255 255 183 84 231 53 100 174 169 20 255 255 229 184 255 179 255
    255 255 162 0 218 221 0 53 21 137 210 255 0 75 255 0 132 79 208 41
    211 88 0 0 36 255 79 255 33 221 196 0 24 0 255 222 42 94 0 255 230
    66 37 255 50 0 0 0 10 0 169 165 0 43 0 88 235 0 186 0 255 255 113 29
    47 75 113 124 2 74 0 5 96 67 0 0 0 217 223 255 143 139 176 210 103
    191 106 100 95 72 87 255 0 226 73 0 227 115 224 48 0 196 104 229 178
    0 99 140 233 134 210 0 182 41 12 101 0 165 62 40 8 58 96 0 176 42 6
    255 0 64 255 255 150 255 16 0 30 155 255 168 0 255 57 255 38 89 255
    0 201 21 255 0 255 17 123 131 118 255 255 127 255 255 172 1 105 255
    8 75 210 255 255 188 5 231 0 104 90 255 255 255 134 0 0 143 255 173
    255 74 158 252 82 12 118 189 255 54 94 131 0 255 253 0 214 255 7 131
    242 255 0 50 249 225 97 8 56 194 139 130 77 158 0 33 209 128 255 0 0
    214 26 76 0 23 255 0 0 124 138 255 68 29 254 82 123 255 0 68 129 255
    34 82 97 199 112 22 239 0 255 255 0 0 0 179 117 233 255 255 23 161
    58 0 137 0 217 7 242 176 255 94 255 0 255 255 49 255 236 211 73 155
    0 0 255 143 190 0 189 245 34 190 114 214 126 200 149 198 2 0 255 99
    0 187 225 255 255 128 189 202 219 39 27 255 255 224 252 109 186 16
    58 205 0 0 194 171 236 0 0 234 139 92 161 5 182 74 227 34 255 0 255
    64 180 99 161 50 0 211 68 255 255 65 255 0 169 105 170 243 207 0 62
    179 207 255 29 255 6 255 0 0 0 49 0 0 184 77 26 160 255 255 58 0 87
    10 255 208 65 255 177 4 226 128 215 236 43 255 255 164 255 160 0 81
    4 198 79 0 36 0 201 165 223 94 0 164 177 39 255 193 255 0 98 137 255
    255 61 170 0 253 128 0 255 71 0 163 255 10 0 229 39 255 103 149 255
    143 99 0 0 0 244 107 156 138 255 168 255 58 255 245 28 88 220 105
    227 255 255 127 228 101 183 4 208 255 255 255 33 155 119 118 89 197
    255 255 141 255 78 80 0 255 187 73 94 138 0 77 246 163 255 35 10 0
    128 52 66 255 60 255 79 133 0 158 164 255 255 255 13 155 84 255 246
    54 255 0 197 134 195 255 76 255 6 62 183 12 139 5 255 86 22 220 176
    255 0 208 221 70 255 6 208 143 0 191 255 34 249 239 240 13 247 59 0
    94 55 230 89 0 255 255 255 0 2 202 18 205 200 95 255 255 160 103 234
    155 240 11 141 194 150 172 103 255 0 14 62 0 0 51 142 255 0 203 160
    78 129 0 169 209 197 173 255 255 2 156 248 177 255 0 75 157 255 153
    0 255 10 102 142 0 111 103 138 255 76 244 158 255 255 192 100 213
    103 184 64 237 79 255 243 0 236 0 0 255 70 202 0 255 255 249 255 0
    135 149 54 36 30 255 33 193 255 150 188 0 24 0 0 252 0 117 0 150 204
    26 111 18 185 0 205 255 210 227 60 102 193 88 163 68 15 255 0 255
    188 95 0 52 73 0 196 252 161 0 13 255 0 148 134 255 47 192 0 12 255
    179 153 14 145 222 255 0 3 0 255 244 113 0 246 71 32 212 0 148 0 226
    255 0 255 0 190 236 4 186 92 255 255 234 151 114 25 143 185 50 208 0
    15 255 104 71 16 255 245 82 0 85 146 84 115 200 247 33 255 149 140
    146 241 47 0 255 206 255 173 48 166 255 167 86 255 63 199 0 152 85
    186 127 220 98 232 255 236 80 19 0 0 255 187 21 0 136 132 0 0 62 0
    65 137 0 255 0 255 255 223 255 255 219 23 24 156 45 194 70 145 27 33
    252 207 133 158 117 255 14 76 255 90 182 83 58 132 168 255 61 69 0
    64 80 0 46 255 154 145 0 244 0 0 124 211 170 26 138 192 0 120 93 0
    188 0 196 180 201 55 100 255 143 106 255 65 255 255 166 0 255 255
    150 135 245 255 188 9 41 129 55 111 255 81 255 0 31 72 27 255 4 255
    214 55 122 0 116 42 81 74 255 249 0 0 107 233 26 207 255 109 140 187
    0 57 255 195 255 255 102 125 255 5 0 255 218 222 46 154 75 216 19 0
    72 0 93 146 255 75 0 255 255 186 0 128 239 255 216 70 179 96 0 255
    255 9 0 80 0 228 233 240 255 31 60 255 204 231 184 255 255 0 255 250
    197 0 14 210 199 164 163 255 0 255 188 0 255 242 255 245 0 0 156 0
    104 0 251 246 81 57 0 91 182 0 255 174 255 255 90 255 0 76 205 0 0
    255 255 132 111 255 220 0 120 0 84 188 103 208 232 249 69 255 29 255
    131 255 255 141 200 45 32 18 255 0 109 0 0 23 115 116 89 0 0 114 0
    255 132 255 116 255 255 66 255 40 86 151 171 140 210 255 0 103 255
    240 255 255 255 0 3 51 94 255 97 100 16 220 84 85 255 253 0 156 244
    255 0 39 120 241 0 105 0 164 152 0 90 0 48 196 136 255 255 32 255 6
    213 0 91 160 0 0 0 235 218 0 57 204 107 60 0 48 113 84 35 0 81 134
    38 0 33 117 0 255 255 90 25 187 255 255 178 29 255 218 255 39 130
    178 0 196 0 18 255 188 0 255 60 255 0 76 36 0 93 107 224 0 184 153
    186 85 231 97 92 0 138 78 95 216 255 0 0 19 131 255 222 50 80 51 104
    252 77 83 0 130 255 242 29 209 15 61 0 223 0 0 41 109 90 165 0 1 255
    0 240 255 0 40 69 21 185 0 255 235 255 179 52 0 90 0 0 0 63 34 159
    246 255 255 240 102 194 81 135 255 1 108 135 255 185 113 86 0 107 0
    0 243 187 255 0 189 144 247 91 0 183 190 38 15 125 211 2 0 126 14 0
    137 255 70 143 255 152 28 255 131 83 0 13 125 255 255 255 175 255 0
    0 112 20 233 207 224 10 117 255 84 0 150 6 0 255 255 13 0 170 0 66
    160 255 113 255 255 188 20 0 0 199 0 192 17 255 82 185 0 0 0 255 157
    43 0 0 0 170 0 234 30 234 220 108 124 151 0 0 30 0 0 255 12 158 227
    255 122 0 89 253 9 250 77 198 61 255 226 255 169 107 16 0 227 255
    125 226 238 32 149 156 195 0 10 190 101 179 208 0 199 130 255 255 45
    0 0 84 135 255 59 185 229 255 44 255 0 199 255 123 255 33 76 255 53
    234 67 182 179 95 255 39 178 208 192 243 69 34 145 13 154 55 96 167
    130 0 183 71 72 192 142 0 255 0 0 161 182 96 108 147 68 255 216 32
    112 0 148 255 0 0 125 36 230 84 49 0 255 112 227 39 0 249 188 0 0
    223 161 31 163 0 211 238 82 89 42 255 219 255 222 90 0 91 255 89 147
    8 0 160 31 255 26 241 170 107 255 0 120 0 90 36 0 255 4 138 168 105
    255 62 197 143 172 0 146 187 255 0 208 101 0 6 184 255 0 54 255 65
    255 64 255 69 199 0 36 45 47 151 22 121 213 34 218 138 188 169 37
    247 255 0 214 135 151 99 108 0 15 255 0 255 126 79 103 138 255 188 0
    23 22 75 217 0 230 17 161 103 131 0 215 224 79 7 179 24 0 6 197 81
    68 255 209 183 63 255 184 70 171 120 255 166 255 0 0 0 3 195 0 58 0
    0 154 11 111 221 0 194 102 54 78 113 197 197 13 255 255 0 102 0 183
    0 255 0 151 66 255 103 155 0 127 65 175 255 255 0 0 14 95 109 244
    255 138 255 65 0 0 102 255 230 3 221 153 255 255 133 0 59 217 101 0
    59 80 85 107 226 218 26 255 255 63 11 65 3 237 153 209 0 177 40 11
    83 157 237 204 112 220 0 151 5 89 10 116 255 170 152 255 255 167 186
    31 91 255 255 121 128 0 255 201 255 80 7 61 0 84 152 201 0 0 255 255
    255 255 213 208 0 104 202 254 0 194 0 240 68 156 179 255 67 0 185 0
    33 212 255 255 28 228 181 255 0 255 0 193 99 175 244 235 0 255 39
    104 255 197 186 118 160 224 0 61 0 0 127 255 70 136 32 23 167 185
    102 65 55 0 255 158 255 138 26 255 61 94 23 142 255 4 21 58 255 0 0
    255 252 254 0 255 164 48 173 0 231 28 255 236 41 13 255 0 255 12 180
    108 255 103 150 196 23 0 0 251 91 86 255 98 235 153 0 173 129 103 0
    56 255 158 182 0 205 0 255 187 227 138 197 238 255 238 97 24 37 13
    207 0 255 108 0 234 255 119 0 255 220 133 255 0 244 214 113 60 0 255
    38 7 0 0 42 162 187 76 232 47 61 18 226 179 173 32 65 118 255 0 74
    84 255 126 0 56 228 11 0 0 233 0 82 77 208 178 183 78 247 0 246 255
    173 253 42 174 193 106 226 60 113 50 131 154 66 255 255 0 0 123 37
    63 255 121 81 121 0 161 155 154 255 245 255 70 143 40 145 106 222 0
    0 78 0 119 28 185 24 180 16 213 250 255 80 0 223 0 173 0 221 170 0
    241 255 142 205 122 144 255 254 255 255 0 30 255 0 10 0 247 0 146
    105 184 255 0 0 0 180 255 57 96 87 103 116 75 82 0 94 167 255 79 100
    99 190 168 195 0 0 54 0 0 208 0 62 255 154 232 255 255 255 255 69
    217 157 65 255 0 0 0 165 251 255 218 212 30 55 0 222 109 0 255 101
    87 16 0 54 145 247 237 165 90 159 123 255 218 73 0 0 193 255 255 16
    0 0 0 94 22 0 217 123 138 185 81 4 0 206 114 128 107 175 251 255 255
    0 95 219 255 86 0 182 30 255 0 54 69 255 0 165 68 0 146 41 252 75 14
    225 29 0 250 0 115 0 146 195 227 217 114 185 44 233 154 255 101 48
    79 0 143 255 141 0 223 228 0 250 122 159 18 255 96 223 166 0 0 211
    168 160 188 201 78 255 68 1 0 0 241 91 255 255 157 0 218 255 167 7 0
    0 0 45 204 0 17 55 245 19 187 16 89 0 77 73 46 223 201 147 255 142
    123 253 255 0 255 200 255 40 255 255 0 42 255 255 18 52 121 28 0 183
    161 250 121 0 52 0 121 209 255 54 0 255 11 8 255 255 63 115 255 189
    158 238 76 164 0 78 255 76 123 255 226 100 246 120 38 119 255 17 0
    255 255 188 0 214 75 0 7 121 213 0 143 28 13 0 167 68 123 50 214 255
    0 9 176 44 156 33 147 118 255 102 255 255 255 255 255 255 162 209
    255 255 255 76 255 255 255 255 255 255 255 116 242 0 244 255 0 25 57
    78 112 201 18 158 221 0 251 0 255 229 119 255 71 255 0 0 247 93 255
    247 12 87 172 208 0 0 189 234 222 229 0 3 39 229 145 147 255 45 255
    234 35 116 164 1 255 255 138 113 0 193 11 255 80 255 255 0 255 0 0
    127 0 210 18 0 255 0 255 0 0 255 211 189 198 255 0 100 104 158 150
    215 96 0 0 255 95 180 0 221 18 88 0 0 102 139 195 161 68 255 255 24
    0 0 0 204 32 0 84 77 177 185 53 0 0 6 247 6 4 5 0 0 10 1 39 147 151
    39 175 0 52 142 0 205 119 114 237 0 0 255 93 35 0 255 208 22 174 0
    182 240 255 203 37 166 26 141 61 255 110 52 71 255 255 87 238 199
    134 24 112 255 0 16 157 170 230 160 160 255 21 255 216 131 173 67 0
    0 92 155 62 0 88 62 255 0 224 195 0 0 255 255 249 238 255 255 0 123
    18 0 152 250 138 212 0 215 183 48 21 205 0 160 0 63 131 255 211 7
    159 14 0 255 0 255 255 169 0 255 196 122 36 247 223 44 111 255 210
    255 0 0 86 2 171 254 0 235 255 139 10 0 206 0 13 4 0 0 30 35 118 115
    248 255 127 255 255 15 120 184 255 172 188 123 208 69 255 34 202 222
    9 113 255 193 17 113 0 0 201 225 9 135 74 184 0 174 255 0 155 0 227
    237 107 255 9 23 255 0 0 210 0 255 0 159 58 156 139 234 35 0 255 31
    253 0 0 222 0 0 39 2 230 147 255 135 184 255 153 105 255 213 255 229
    192 81 15 0 61 0 159 197 0 148 255 112 0 180 82 0 0 183 59 255 157
    69 255 255 0 214 220 62 209 255 255 0 0 193 0 73 86 101 34 163 249 0
    255 255 210 181 198 0 176 233 0 246 23 247 205 49 0 48 132 219 243
    255 159 0 164 255 253 99 45 232 210 0 103 110 255 255 56 145 255 0 0
    0 0 112 205 255 244 77 148 253 0 0 255 205 0 138 0 255 0 147 19 255
    80 34 0 255 0 0 255 87 190 100 80 5 0 66 69 255 150 255 255 39 0 255
    0 96 0 46 0 38 0 0 180 6 255 136 255 2 10 51 0 221 247 113 117 255 0
    53 255 0 81 0 241 63 0 23 217 8 255 174 213 0 84 255 230 255 237 137
    36 0 0 93 255 67 163 93 179 48 255 174 90 109 0 237 95 0 63 255 190
    0 17 118 0 0 126 182 255 71 0 247 255 21 211 255 255 10 119 77 117
    255 0 202 0 143 234 196 234 3 58 0 199 75 62 50 0 0 56 0 169 255 99
    224 192 63 185 119 255 0 255 0 255 25 0 19 255 238 98 0 20 75 23 150
    159 255 243 216 114 39 136 0 90 51 154 0 210 91 95 0 17 0 0 153 171
    148 57 156 255 0 3 255 18 64 137 0 167 194 35 97 203 0 20 0 210 251
    0 9 221 107 255 47 220 161 192 223 99 61 230 58 0 126 87 0 202 255
    185 137 188 255 255 173 202 254 0 255 191 194 255 149 255 0 152 255
    255 255 0 0 0 109 255 130 255 146 99 27 255 0 206 216 146 255 158
    180 84 246 0 138 226 0 120 24 0 197 138 160 0 255 102 130 121 73 0
    24 150 115 167 255 39 0 41 34 255 0 161 0 152 133 0 255 39 0 249 243
    13 255 255 255 0 95 116 14 172 178 255 0 255 255 0 198 0 52 164 42
    177 205 30 0 160 88 25 191 203 133 141 10 255 9 6 195 0 250 229 48
    255 9 52 0 216 140 255 30 255 255 1 0 0 0 52 0 9 103 0 216 255 157
    26 227 96 40 0 233 0 41 255 78 168 255 251 217 255 0 102 255 0 201
    255 255 255 255 164 243 255 0 255 255 122 50 249 175 255 0 230 236
    138 23 245 0 243 0 0 1 255 0 233 41 244 148 173 255 76 0 195 0 0 0
    161 154 0 96 153 143 0 0 54 0 213 38 103 255 255 0 255 234 246 255 0
    16 49 39 137 255 255 233 0 0 0 116 255 0 217 255 82 0 255 79 0 74 0
    63 97 123 132 154 127 15 188 250 158 251 129 0 215 255 0 255 162 76
    44 95 233 157 255 0 251 0 255 0 98 136 255 117 0 255 0 217 0 219 61
    69 87 167 0 44 100 255 70 118 67 181 98 181 227 245 0 0 185 255 246
    0 255 0 255 223 93 238 255 18 254 0 39 255 161 3 0 0 75 0 40 255 0
    255 255 91 255 255 174 255 0 218 18 74 255 3 122 0 148 18 192 238 79
    239 250 203 255 94 208 114 255 0 255 103 241 255 0 12 0 0 28 25 184
    106 0 220 255 193 255 255 187 255 0 0 255 0 228 105 255 0 0 229 138
    255 104 0 4 0 37 0 55 57 48 255 255 0 97 201 247 255 249 255 126 191
    27 255 142 255 255 196 109 135 0 255 8 0 193 243 0 86 17 171 224 255
    255 0 103 53 167 3 139 0 119 8 95 0 0 255 171 170 240 102 56 41 255
    234 254 255 123 255 206 164 0 255 99 255 178 77 45 255 254 188 1 51
    0 104 148 239 138 193 207 146 218 0 225 0 255 2 255 174 0 218 109
    255 59 0 244 0 225 0 107 211 20 0 125 255 79 255 0 101 125 72 55 14
    121 50 177 116 240 126 143 3 0 207 0 0 255 164 132 93 255 90 0 0 49
    105 255 255 21 0 0 212 255 95 128 255 241 0 0 255 78 255 0 111 254
    126 255 15 85 7 227 38 255 255 140 255 255 255 0 8 63 255 60 29 49
    229 69 0 255 255 255 255 0 107 217 91 112 232 30 232 44 252 201 228
    255 150 116 44 255 189 0 102 66 118 0 0 255 28 186 4 68 104 0 0 255
    255 128 179 255 0 26 43 255 125 223 68 240 238 0 8 0 96 197 226 0 29
    104 255 0 205 194 0 189 128 0 211 57 0 81 128 160 185 226 54 255 255
    221 0 255 30 1 40 196 199 0 255 255 122 53 162 123 248 167 228 76
    255 52 0 242 16 52 0 50 14 255 43 90 53 46 238 138 151 255 25 0 0 46
    177 255 157 70 40 128 0 12 223 141 58 255 28 255 255 255 251 44 255
    109 122 25 255 60 0 180 78 199 162 255 101 232 72 164 159 151 139
    255 0 237 0 255 255 241 128 178 237 58 70 156 179 0 53 102 189 75
    255 177 255 169 124 11 0 149 117 0 223 212 176 66 100 9 0 34 38 23
    255 0 89 166 135 2 255 190 0 75 202 50 0 20 180 97 200 123 104 0 147
    202 8 114 101 230 0 255 22 5 196 30 31 0 233 255 0 133 217 206 32 65
    0 196 255 139 248 255 92 0 255 255 255 0 103 94 207 0 0 69 216 7 235
    168 65 245 209 143 99 255 255 0 49 255 174 255 242 0 255 245 92 255
    255 255 240 249 255 0 247 255 255 255 108 196 0 165 130 90 95 96 58
    115 247 77 255 255 136 0 224 228 11 146 255 255 255 255 191 147 0
    208 0 163 0 76 44 255 43 16 221 9 0 103 229 255 8 79 52 97 46 118
    255 0 0 231 232 7 110 0 132 63 0 0 0 0 0 151 163 253 199 255 0 73
    214 0 122 255 84 255 0 255 127 149 0 254 0 0 160 95 255 99 255 60
    255 255 23 0 0 123 0 232 38 20 0 0 235 0 194 255 0 0 193 45 217 140
    52 249 243 255 110 0 238 0 39 0 253 0 15 61 213 255 56 117 255 0 45
    255 0 138 0 175 188 0 103 197 246 181 255 77 69 0 0 178 236 185 127
    255 0 0 240 214 250 0 255 229 78 189 68 27 230 188 110 195 255 195
    255 0 0 137 0 201 41 154 0 197 196 10 191 223 142 181 103 58 78 111
    187 116 44 0 39 174 154 140 54 0 255 128 90 0 157 255 48 24 255 169
    92 114 0 26 52 255 200 91 0 206 221 179 238 0 0 80 31 255 199 255
    255 255 0 255 112 183 255 0 0 0 255 132 101 76 134 52 250 99 0 255
    164 78 13 96 188 0 0 214 64 0 0 255 72 248 151 255 255 255 180 255
    213 194 255 119 89 0 215 193 214 86 255 0 25 39 255 255 11 139 255
    172 175 231 115 131 255 113 255 0 201 255 217 75 223 1 255 0 93 199
    8 244 225 16 70 186 118 249 203 255 19 216 0 157 255 92 0 228 39 135
    0 205 72 0 10 255 75 255 255 0 255 16 255 164 210 255 101 39 92 0 0
    110 0 249 255 0 255 255 255 138 0 213 79 0 177 235 2 0 170 255 255
    234 255 227 15 96 0 72 0 111 218 180 0 255 64 133 152 0 215 0 99 154
    255 0 214 223 87 255 0 0 66 167 0 255 147 0 255 255 178 111 106 0
    221 255 197 255 151 133 0 0 215 0 90 14 0 250 3 52 97 236 255 255
    204 255 0 0 237 150 46 49 197 255 130 116 66 0 167 0 173 60 145 0 59
    0 47 149 0 47 0 93 0 0 255 82 112 255 184 0 255 61 255 176 176 233
    255 255 0 243 46 5 215 0 128 255 167 157 255 255 81 87 255 200 171
    123 255 255 139 255 255 255 100 0 255 0 139 142 120 255 255 152 255
    255 25 88 0 157 0 118 0 76 255 162 22 82 143 103 255 20 251 255 82 0
    255 185 151 171 7 189 217 0 203 137 0 247 222 255 195 0 35 6 72 255
    37 255 54 235 235 255 0 0 95 6 128 71 28 255 0 108 255 96 55 186 255
    159 0 0 252 74 255 132 202 0 88 0 0 255 4 0 194 182 47 235 255 71 55
    193 172 0 89 79 90 4 252 255 140 0 210 255 218 0 255 182 255 102 11
    136 222 255 194 184 120 255 255 210 74 194 25 0 77 70 119 255 0 0 0
    0 46 239 201 138 25 135 13 255 255 196 47 90 0 240 0 255 31 101 255
    0 229 255 255 0 164 156 235 148 211 255 255 226 255 168 134 59 191
    255 163 160 206 0 114 121 153 255 135 0 0 255 145 241 133 189 13 121
    255 5 182 230 106 0 63 255 12 255 255 248 242 255 23 12 218 129 162
    115 0 255 59 68 139 155 35 57 131 243 103 140 0 244 0 0 131 45 187 0
    115 163 0 255 255 1 236 71 234 18 53 0 255 151 252 106 44 255 92 42
    160 147 130 226 107 1 255 47 221 203 210 0 126 88 255 0 0 255 53 39
    240 77 0 233 255 58 111 212 125 110 139 118 210 0 35 57 0 137 13 255
    255 255 170 255 123 30 0 0 255 104 0 128 23 123 93 255 192 228 243
    19 20 63 133 255 111 0 198 255 47 0 0 64 30 255 222 34 87 180 0 205
    255 222 148 0 6 0 170 0 0 93 230 0 43 112 128 207 0 255 0 6 183 0 85
    0 255 26 206 0 116 150 42 246 255 81 255 237 98 255 255 244 218 255
    188 184 99 69 45 106 255 0 255 240 255 247 38 0 236 47 255 184 230
    54 255 255 0 255 2 78 0 192 255 95 0 235 58 255 3 52 120 255 0 64
    128 0 0 0 77 0 6 255 178 27 107 12 0 255 0 250 255 56 91 55 255 235
    0 23 139 255 255 173 17 197 0 39 110 49 255 255 255 0 118 233 255
    233 174 164 0 120 201 172 255 90 27 68 60 0 0 187 236 154 0 95 50 0
    167 0 224 44 87 255 0 140 245 114 0 161 17 33 255 255 229 34 60 245
    255 101 88 31 191 255 109 255 255 148 255 47 32 69 142 222 0 125 0
    255 21 255 144 0 255 89 165 19 169 11 241 0 253 196 255 250 154 0 0
    0 0 108 179 0 0 134 162 255 138 255 8 62 121 0 255 0 93 0 134 153
    255 128 255 235 0 241 255 49 55 143 192 255 0 143 121 255 255 83 255
    198 81 254 0 188 116 22 175 183 255 0 231 53 255 3 239 224 202 154 0
    0 183 243 255 0 227 95 255 0 239 196 0 255 152 163 16 0 8 139 0 54
    185 255 222 30 255 73 29 0 50 56 255 140 57 0 168 0 203 52 97 114 19
    184 117 11 76 191 219 61 0 0 99 7 95 255 4 169 229 95 121 250 255
    255 221 211 212 21 84 165 226 44 0 105 0 103 255 132 66 12 0 0 0 37
    87 255 255 36 255 79 91 36 31 22 255 0 83 56 178 65 74 144 155 0 46
    153 204 113 109 97 255 201 255 255 255 96 255 149 14 234 84 29 244
    110 68 255 255 204 237 255 241 0 0 199 0 35 0 119 0 47 255 0 255 42
    255 47 90 0 179 255 255 129 255 255 106 5 255 171 255 150 0 96 255 0
    78 255 84 255 255 255 167 255 223 134 0 0 166 0 44 147 145 2 255 255
    5 124 0 0 79 154 255 0 55 60 61 248 131 175 22 0 194 100 255 149 49
    0 70 183 137 0 255 196 208 255 101 41 66 120 9 0 0 145 73 255 255
    174 71 94 0 96 0 184 173 4 14 209 54 231 47 68 137 73 39 0 120 150
    235 0 191 12 164 101 0 182 255 0 255 47 0 255 194 55 102 255 255 165
    126 59 249 255 0 255 244 38 31 133 110 213 237 142 72 76 87 255 89
    59 242 80 0 169 165 229 232 0 255 156 240 206 173 12 59 255 11 30
    173 255 119 255 0 158 255 42 242 91 209 224 242 0 142 21 218 81 25 0
    217 255 231 255 0 42 255 229 0 200 1 183 255 46 70 255 10 127 255
    236 0 0 255 207 67 255 87 0 232 182 91 65 255 0 255 110 255 184 0
    164 0 0 202 5 202 191 218 142 19 171 240 77 73 255 140 55 117 220
    103 0 30 0 0 0 107 239 120 255 184 9 255 141 127 0 255 98 7 255 255
    90 255 68 255 80 165 178 0 255 113 255 67 0 47 7 169 62 94 58 0 239
    213 13 246 0 41 57 0 46 17 238 100 123 255 40 0 0 0 212 179 0 64 92
    75 255 31 103 110 255 184 99 121 14 255 171 170 255 0 255 255 255 43
    22 255 99 92 0 109 187 246 116 167 90 0 0 42 239 211 0 50 255 244
    255 94 255 104 255 255 0 218 255 0 107 255 76 10 255 145 255 172 0
    255 0 255 150 10 0 103 49 128 245 84 122 40 223 230 76 233 14 178 38
    99 0 141 210 162 167 85 0 0 0 0 127 223 255 30 0 95 253 149 150 54
    67 240 245 255 0 15 71 141 0 255 20 0 255 101 255 0 255 162 255 1 52
    116 106 0 196 14 255 255 222 0 6 94 147 0 0 174 25 124 255 255 190
    101 177 169 82 167 255 255 72 146 124 0 186 187 250 103 0 255 77 0
    255 0 255 209 174 255 0 73 121 0 143 74 184 0 229 37 246 0 59 8 0
    234 255 135 255 0 62 75 5 223 0 0 140 98 74 40 7 82 218 204 103 63
    192 255 0 119 161 109 5 165 0 204 216 93 119 215 0 110 126 79 0 255
    212 0 40 227 255 5 91 45 242 255 255 150 65 146 0 0 28 255 30 0 175
    247 255 24 141 0 82 255 77 255 255 255 234 0 150 0 255 255 92 207 8
    48 219 255 244 108 28 20 43 10 255 255 131 184 68 105 71 173 91 44 0
    0 0 255 63 0 255 0 228 163 129 222 0 255 255 27 201 61 86 255 15 38
    255 52 0 3 230 220 239 242 102 51 144 0 0 255 255 0 177 18 249 190
    248 255 250 0 222 160 146 183 81 255 100 0 194 161 68 198 222 0 118
    45 30 255 255 62 0 162 106 152 100 86 255 127 240 255 255 131 255
    151 0 47 253 255 153 108 226 0 140 109 0 164 0 166 8 149 255 0 223
    118 78 197 0 255 0 170 255 9 255 200 184 214 255 0 175 188 20 0 255
    190 61 115 210 255 166 198 227 255 255 9 255 255 179 138 210 145 183
    148 221 107 254 150 255 255 131 249 107 255 255 73 255 255 0 255 0 0
    244 157 209 0 142 255 184 201 15 101 13 0 0 26 163 0 10 0 255 231
    116 255 38 208 202 255 185 105 135 120 87 176 97 246 255 75 37 255
    95 137 0 128 255 164 10 171 122 0 0 90 255 41 2 241 0 255 0 255 255
    237 223 56 59 153 73 248 216 110 255 137 27 255 255 255 103 205 173
    0 0 194 100 157 198 207 255 137 0 255 155 34 255 146 239 161 0 51 40
    10 255 119 94 255 236 146 247 192 169 91 0 0 124 218 233 0 0 243 85
    215 0 162 0 43 255 39 0 255 11 180 255 85 80 255 0 194 28 93 111 143
    91 255 7 165 239 255 255 255 76 255 22 0 53 18 0 0 245 57 184 0 136
    0 190 0 255 0 102 164 165 255 6 208 20 29 74 185 35 44 0 0 0 0 172
    245 188 0 255 0 97 0 5 231 255 191 137 135 0 255 255 0 100 134 190
    131 0 232 0 231 255 0 206 112 22 188 110 193 255 68 0 90 255 0 221 0
    255 222 249 236 255 154 255 7 0 195 255 255 206 28 26 120 255 137 84
    176 244 100 255 142 255 37 248 36 41 0 179 0 249 255 0 188 77 15 255
    93 94 255 23 0 53 0 66 33 62 155 42 234 72 23 0 212 255 200 54 0 0
    12 0 146 0 255 255 0 255 216 194 255 16 156 180 119 158 3 107 179
    255 117 243 132 130 0 244 158 226 0 250 124 255 0 52 113 207 209 172
    0 0 72 255 28 139 255 172 194 96 186 9 202 37 251 128 255 142 99 0 0
    154 77 214 224 0 0 255 152 239 0 111 255 0 162 120 158 255 190 163
    255 206 71 50 137 0 124 196 40 154 185 0 138 0 32 72 38 0 125 141
    122 255 93 255 45 0 231 255 16 11 129 26 34 61 118 134 0 196 118 55
    40 229 0 197 159 5 188 68 40 255 181 254 150 0 14 21 71 255 246 208
    64 255 0 255 255 36 0 255 94 4 16 194 218 170 211 0 255 174 197 217
    127 24 250 0 0 255 6 90 255 0 0 195 65 64 110 170 159 255 20 255 160
    15 218 88 255 200 71 16 99 81 255 0 111 255 135 255 196 116 189 0
    196 255 231 255 210 19 37 0 48 0 255 0 0 106 12 232 0 219 233 119 0
    255 205 255 0 255 204 153 0 255 255 0 0 7 82 113 255 183 0 21 19 0
    154 80 255 162 0 62 224 131 192 197 112 255 55 194 255 39 62 255 39
    146 239 255 255 0 145 98 196 43 150 0 49 18 5 0 78 24 36 34 49 52
    255 41 73 107 166 0 14 39 116 255 255 19 93 0 127 0 172 87 115 0 33
    255 9 0 9 201 170 210 222 79 0 93 105 250 255 255 170 12 119 0 60 59
    0 0 181 19 255 238 255 255 147 241 7 89 89 40 0 158 65 90 2 0 124
    255 90 56 255 0 18 122 55 0 188 0 255 0 157 255 132 255 250 255 20
    222 228 132 237 146 0 0 141 0 0 255 9 205 174 0 150 132 163 52 148 0
    78 255 79 255 255 228 200 0 115 58 0 181 30 87 104 255 255 123 177
    255 189 0 46 255 8 23 255 88 7 51 211 46 103 50 152 129 34 56 0 0
    182 255 0 33 255 83 56 225 40 223 52 222 40 255 43 255 60 1 11 127
    255 20 0 0 0 251 31 255 235 19 63 205 156 79 255 110 232 0 255 40 97
    176 122 128 159 255 253 255 87 105 16 102 227 169 99 255 10 68 243
    23 0 0 0 41 109 0 255 0 255 255 110 52 31 255 29 213 255 127 255 100
    0 103 103 255 255 152 128 115 124 0 250 255 0 0 255 173 0 67 255 184
    27 0 255 226 120 250 0 69 0 156 12 255 241 161 24 27 0 179 255 202
    85 49 0 102 98 0 255 0 83 62 255 208 61 177 119 255 251 247 31 0 111
    75 0 255 0 183 255 65 233 11 244 96 255 187 199 211 255 72 121 112
    131 255 158 0 255 229 255 0 217 255 245 255 69 40 95 255 255 255 255
    181 95 255 97 91 255 0 255 33 0 95 173 235 255 90 0 117 64 0 37 238
    159 203 246 204 72 128 0 242 255 0 0 171 9 86 0 213 89 50 0 205 0 0
    255 255 207 83 255 59 0 226 143 99 26 99 165 193 164 0 255 119 155
    55 255 0 252 95 66 0 206 255 0 0 255 18 0 212 13 0 115 46 52 220 127
    255 7 255 255 125 38 211 197 185 80 102 92 14 101 255 81 65 255 148
    0 255 255 255 0 44 19 193 103 11 255 83 0 0 51 123 85 135 0 0 200
    238 118 242 103 167 11 46 183 255 255 235 0 73 255 207 255 0 165 255
    249 237 0 104 197 84 185 126 8 0 0 0 80 140 141 64 255 255 119 222
    255 0 255 15 26 110 0 32 14 255 195 40 240 0 0 109 40 253 102 238
    255 255 255 255 133 255 134 56 82 0 0 0 46 134 0 87 24 50 255 0 255
    112 139 255 255 0 252 255 50 250 43 0 0 22 134 109 0 255 0 11 255
    255 0 231 0 193 83 221 247 73 255 255 65 255 0 147 173 223 0 0 255
    170 255 174 196 0 0 218 65 70 0 121 9 185 51 37 255 165 237 255 0
    255 141 198 243 138 38 55 137 0 223 255 176 255 226 206 255 0 50 198
    0 255 255 0 255 116 135 54 150 25 0 132 255 0 0 136 255 187 1 255
    169 16 242 251 129 28 32 165 86 156 0 255 115 103 98 169 189 56 85
    28 255 171 93 145 0 181 21 0 124 75 240 0 255 181 0 255 222 172 224
    255 47 1 11 211 0 126 255 255 215 0 255 221 116 21 141 255 0 196 0 0
    44 185 36 0 36 0 255 138 12 0 255 240 109 0 186 41 165 163 82 0 180
    204 255 255 0 255 223 217 0 255 255 76 255 255 255 194 0 178 187 255
    240 255 215 255 66 255 116 7 142 0 78 0 117 205 203 84 0 69 0 255
    255 185 133 58 205 178 57 132 227 0 0 71 0 0 0 181 255 245 175 255
    255 97 113 121 242 85 0 112 86 199 0 96 255 237 255 245 52 162 184
    181 173 0 0 189 114 0 246 34 78 255 158 239 64 0 131 151 174 0 100
    188 96 45 0 0 219 147 209 239 43 63 0 255 5 241 22 179 147 127 0 0
    195 42 230 212 255 108 0 199 219 255 49 46 185 255 161 186 6 0 2 0 0
    85 71 39 173 79 234 219 255 0 147 255 124 255 135 124 8 157 183 213
    6 0 211 43 58 113 150 54 129 243 88 40 47 23 0 4 87 7 71 0 202 187
    255 4 0 255 255 0 0 0 0 100 0 130 147 144 151 139 206 19 54 136 255
    226 111 111 255 242 255 108 160 212 116 255 131 17 255 54 6 96 111
    18 220 255 0 0 0 178 255 210 255 242 241 255 163 206 244 255 255 59
    72 0 137 225 0 242 64 197 0 165 186 195 0 226 68 192 48 120 200 0 0
    100 240 207 10 0 167 17 0 30 0 0 81 0 152 0 255 255 0 53 130 28 255
    132 20 23 0 56 0 0 255 198 206 188 25 255 96 121 45 255 160 255 7 0
    255 0 79 18 249 117 108 0 226 255 9 153 39 255 123 255 235 0 29 255
    214 255 151 1 255 1 174 22 28 0 38 208 91 21 145 0 204 0 0 255 21 88
    42 255 27 85 210 255 0 0 53 121 255 0 155 119 0 72 93 255 217 125
    130 133 240 255 254 121 112 20 175 93 95 213 255 255 225 188 21 0
    155 255 194 91 255 203 0 154 255 228 255 47 38 89 255 228 255 152
    129 207 255 229 0 32 255 0 15 0 229 191 243 255 76 0 255 110 40 77
    198 57 0 255 0 104 164 0 15 255 149 255 0 255 205 21 142 17 0 175 11
    154 67 0 175 41 68 255 54 202 0 0 186 43 58 151 118 191 103 0 0 115
    204 255 249 196 255 52 220 146 72 166 6 0 141 0 0 61 0 255 71 156
    225 0 122 239 107 128 17 128 0 0 46 255 253 162 20 14 255 0 0 100
    255 188 34 248 194 0 255 216 72 254 255 111 122 245 194 213 45 184
    253 0 187 92 179 96 106 162 127 255 255 134 255 0 84 247 0 172 237
    119 184 228 255 198 0 30 255 0 184 255 255 0 148 0 255 149 0 0 113
    30 0 0 115 255 0 222 141 28 113 255 255 2 0 0 178 255 255 130 0 255
    0 238 89 113 55 12 0 0 101 7 215 255 255 0 255 220 255 45 188 255 15
    136 64 13 242 231 255 114 0 255 129 111 0 87 189 124 54 12 99 242 0
    255 0 255 255 62 146 0 86 249 90 172 157 2 0 217 13 255 40 14 255 86
    117 0 0 255 30 255 29 206 255 0 212 0 91 220 191 98 73 0 255 168 201
    255 167 0 255 95 85 87 0 0 141 255 134 78 255 255 140 39 255 255 189
    183 255 255 235 0 255 81 255 0 0 117 0 255 106 231 108 0 142 255 255
    255 102 255 176 96 73 210 150 18 212 53 251 100 255 255 0 193 56 177
    255 255 123 0 255 136 40 121 0 148 0 214 178 59 52 240 0 0 125 255
    164 232 0 221 129 48 255 255 12 47 209 255 184 190 255 0 20 102 208
    16 173 178 255 0 11 189 147 160 0 0 114 0 188 255 176 74 65 47 198 0
    0 71 0 63 3 118 39 33 189 190 0 95 53 0 61 82 25 111 0 40 215 126 47
    255 70 73 35 255 0 202 255 255 187 214 83 227 37 99 0 255 70 77 255
    255 16 18 143 255 0 255 255 89 52 83 0 201 171 23 255 242 0 29 61 63
    67 64 78 255 0 67 147 233 75 255 40 236 197 241 206 160 90 98 71 154
    0 12 31 128 173 0 62 255 0 213 255 113 39 68 252 120 242 150 247 255
    131 132 255 117 255 77 255 211 0 248 3 251 111 21 0 151 4 126 157
    249 225 202 108 178 0 227 235 255 9 0 4 154 0 129 53 61 55 0 189 2 0
    255 214 76 104 255 255 5 244 39 221 255 165 146 157 246 64 35 255
    170 0 255 246 193 255 255 255 255 0 85 247 0 58 124 0 0 255 148 255
    122 0 42 206 66 0 58 94 129 175 102 186 183 98 0 255 10 255 237 20
    204 34 180 255 255 153 255 7 0 224 120 255 203 0 235 0 207 200 52 85
    104 205 34 255 35 127 238 210 255 201 96 175 49 0 0 255 123 126 229
    255 0 233 51 255 128 78 255 36 123 0 137 231 0 237 234 160 26 182 69
    176 123 0 0 23 237 152 136 195 157 180 123 255 232 0 22 35 234 112
    115 255 0 14 0 60 0 0 255 0 0 208 0 41 74 0 0 255 255 0 116 255 236
    0 75 0 73 194 41 19 119 255 0 56 81 0 44 170 170 52 255 186 21 111
    132 136 53 83 103 0 255 113 101 78 213 0 32 159 0 255 248 255 99 255
    0 59 137 121 251 120 255 255 208 31 198 39 89 89 99 87 255 151 0 255
    72 67 30 0 217 0 0 227 192 0 0 67 80 188 215 0 31 0 0 113 45 255 0
    255 93 0 146 156 0 255 175 253 20 223 161 242 255 155 255 217 45 0
    255 83 249 0 44 255 249 52 67 0 117 17 255 71 77 255 0 114 0 0 0 0 0
    255 204 91 139 26 247 195 255 38 105 228 74 238 201 255 208 255 0 0
    255 255 0 196 35 255 0 20 255 214 51 226 69 0 255 140 247 109 79 213
    7 255 170 255 0 201 107 110 161 0 83 255 112 255 99 161 255 0 221 16
    17 255 23 0 38 184 255 44 0 246 0 0 255 255 100 144 101 0 128 255 43
    176 114 150 56 5 203 34 182 4 145 71 223 0 0 153 252 25 255 223 0
    255 131 2 255 73 0 255 204 15 255 210 255 11 219 97 168 110 0 44 0
    243 255 0 112 255 255 100 0 0 0 0 178 182 255 0 0 255 84 255 81 23
    192 0 95 0 53 223 255 0 27 105 26 163 255 255 193 0 0 255 43 35 255
    0 90 255 226 145 20 0 101 23 177 102 220 0 196 198 96 127 5 55 227
    54 0 0 150 191 132 117 246 13 211 255 153 255 176 212 0 182 255 0 94
    255 68 145 255 251 0 20 0 58 52 81 255 188 200 0 71 196 23 0 231 78
    255 230 0 51 140 0 0 55 23 0 0 0 45 0 255 0 176 142 176 237 0 0 172
    26 66 255 0 0 255 255 71 144 0 54 27 59 0 213 54 254 176 0 67 46 171
    39 255 200 59 6 0 0 30 255 202 151 6 0 0 111 0 29 7 122 0 255 0 0
    255 0 0 85 255 106 255 255 205 255 255 204 255 255 81 161 251 230 38
    89 179 150 0 188 163 255 255 75 16 255 255 175 174 255 219 255 255
    134 0 55 7 16 66 22 17 142 169 90 255 175 179 168 221 255 215 228 31
    58 238 0 86 251 0 186 225 0 0 143 255 66 255 255 255 49 0 212 0 255
    26 255 189 77 0 147 116 89 255 0 106 255 173 156 255 243 182 152 251
    134 201 57 156 209 12 0 187 96 59 255 171 0 96 214 255 235 111 142
    147 64 253 222 61 0 255 0 148 121 0 252 148 227 255 174 14 255 255 0
    0 0 225 56 64 0 0 128 0 0 255 54 255 255 40 106 0 132 243 129 207 80
    108 255 171 158 74 255 31 227 120 105 138 0 255 230 142 124 30 255
    255 64 236 41 255 175 255 167 93 208 229 230 197 195 0 167 86 24 0
    255 80 219 46 255 255 0 129 246 153 210 230 0 119 153 148 144 75 252
    0 226 0 141 39 231 175 0 192 173 147 0 32 0 86 247 44 213 22 177 201
    224 252 192 255 0 255 198 28 255 64 255 207 180 194 223 35 143 255
    228 252 6 46 22 1 147 255 0 99 109 23 91 150 255 255 57 22 189 255 0
    198 224 100 61 0 0 229 0 122 223 235 255 234 61 131 251 14 124 110
    236 43 94 132 75 222 255 255 33 158 130 139 114 81 0 209 0 0 38 16
    250 255 217 33 218 0 0 255 104 103 109 0 0 166 66 200 169 0 101 56
    231 106 247 222 83 234 136 151 146 207 236 0 154 0 187 255 255 255
    255 237 0 76 255 173 220 255 188 221 0 0 255 126 0 46 255 255 0 19
    175 0 192 255 16 177 180 162 0 0 65 94 0 211 0 212 91 100 148 0 8 0
    148 0 105 166 63 255 0 36 255 0 0 124 178 210 255 218 255 168 42 178
    15 214 255 253 0 61 1 0 136 198 249 255 255 80 36 16 177 176 224 200
    255 106 9 0 0 244 227 194 255 255 188 196 255 0 251 135 184 134 255
    201 0 176 176 0 12 246 255 255 1 75 255 127 155 0 0 194 85 27 16 107
    0 0 152 108 7 195 211 138 0 58 78 0 0 0 0 9 0 60 237 90 223 255 0 0
    255 0 0 131 126 91 0 55 255 131 77 202 255 170 242 13 238 255 66 156
    22 0 54 255 115 106 255 88 255 54 0 16 117 236 181 0 222 97 0 178
    255 0 237 54 0 100 154 0 188 0 0 0 87 0 18 0 183 199 225 0 43 93 255
    184 251 160 232 218 0 186 140 218 0 0 0 241 207 0 67 172 160 255 202
    75 71 74 63 0 0 71 238 255 16 75 255 56 48 96 50 28 49 186 123 107
    60 255 94 162 164 128 255 0 173 42 0 174 24 255 255 173 0 0 0 255
    255 146 143 184 129 0 134 0 255 0 16 255 37 255 17 0 0 0 133 196 159
    173 255 35 127 242 129 255 82 43 136 129 225 72 75 85 0 0 40 155 224
    185 255 13 86 255 225 188 130 76 255 255 0 245 0 0 136 97 0 255 227
    53 255 255 12 61 72 0 108 0 138 255 0 255 0 255 178 12 47 255 215 0
    255 255 85 0 7 0 0 85 255 0 125 225 152 0 146 255 89 123 7 110 68
    119 175 59 111 255 124 92 41 246 0 0 255 255 195 255 246 73 203 198
    68 255 126 192 46 255 226 3 255 127 2 228 0 131 52 25 244 115 255 0
    0 140 220 61 196 235 73 0 0 0 255 230 101 250 0 255 0 255 51 36 21 0
    88 80 225 255 187 255 158 56 255 42 138 0 0 159 255 104 32 123 151
    141 255 193 0 255 0 0 0 255 245 186 253 170 145 255 153 222 23 33 50
    152 118 43 9 255 222 10 255 255 0 114 0 119 0 255 0 0 0 255 255 255
    78 228 0 103 255 13 199 255 229 0 255 252 199 255 0 0 0 0 142 96 87
    222 92 136 4 68 2 187 0 255 191 247 162 155 34 255 132 255 216 191 0
    0 8 168 255 136 255 136 115 0 85 130 0 170 61 76 255 9 0 247 42 21
    13 80 230 121 222 0 255 0 182 255 246 104 240 96 9 0 53 98 0 243 255
    164 55 255 245 0 204 0 0 0 226 38 191 34 35 159 250 150 240 168 149
    104 255 255 77 255 255 209 255 255 226 0 222 0 0 254 0 255 147 228
    68 86 96 116 0 138 14 188 0 16 255 255 56 0 255 137 208 255 0 255
    255 142 174 0 180 174 174 0 255 159 237 183 0 0 255 189 255 93 255
    191 0 255 177 110 237 168 255 10 255 144 79 0 205 255 245 252 169
    136 125 77 93 0 207 0 57 227 255 185 255 45 113 255 255 170 0 154 18
    0 0 26 229 0 223 0 0 255 151 107 255 255 255 16 0 0 75 81 241 177 0
    255 0 0 255 255 125 0 108 8 166 33 237 152 240 62 255 149 240 93 206
    46 0 248 48 255 255 231 0 212 217 30 3 244 117 0 0 138 0 42 24 255
    147 156 224 218 0 149 207 17 247 81 104 167 26 0 33 69 0 230 230 22
    0 234 255 172 150 38 243 59 0 175 246 133 48 220 207 255 104 216 0
    64 58 164 0 153 255 0 59 255 202 174 104 127 255 227 255 79 144 234
    255 196 0 252 255 71 255 111 245 50 218 0 255 255 57 152 133 203 255
    71 126 255 7 152 191 124 0 255 159 0 255 255 205 115 231 60 255 50
    212 255 25 255 145 255 255 0 89 245 208 55 3 0 210 65 0 255 94 0 71
    0 75 20 175 145 255 169 135 7 184 163 181 255 255 114 0 255 194 255
    0 132 252 13 234 0 13 30 19 51 128 121 0 0 171 246 135 115 255 255
    32 214 255 241 0 204 204 30 0 33 0 227 255 207 138 100 21 211 123
    207 255 217 0 255 255 116 0 255 200 255 255 178 0 159 122 213 134 0
    0 0 0 0 0 0 227 151 190 0 255 255 0 255 148 255 0 255 255 72 226 63
    0 240 128 2 245 118 255 6 161 0 0 228 101 0 242 0 0 89 251 17 255 20
    115 73 0 138 255 156 0 177 0 0 144 116 0 255 133 255 0 225 16 0 166
    188 173 113 109 225 35 0 217 0 12 97 0 255 0 200 175 70 78 255 147
    255 178 0 0 255 33 78 255 0 184 0 177 183 205 255 177 0 0 104 39 170
    176 170 255 0 255 196 47 255 0 5 0 255 0 238 3 2 184 52 222 0 253
    172 255 0 42 176 186 0 226 188 0 187 255 152 123 137 0 62 255 27 57
    166 219 255 36 217 0 222 234 0 216 154 255 118 97 0 255 24 0 255 0
    174 184 255 255 118 255 37 223 203 255 0 254 255 90 0 59 0 96 44 108
    0 115 70 85 100 0 255 255 154 0 255 0 153 0 112 0 255 37 218 0 69
    255 255 217 255 0 217 65 15 252 0 131 255 23 255 255 25 255 172 255
    45 255 255 255 199 0 255 144 92 31 196 148 255 124 0 12 0 34 153 101
    255 0 255 0 151 131 184 255 129 166 255 0 0 17 10 132 0 161 156 255
    0 26 0 98 255 4 255 57 176 0 63 80 1 217 255 41 229 0 85 19 161 1 26
    255 255 248 255 200 105 0 85 255 29 255 106 217 0 255 255 70 156 99
    98 23 255 201 52 224 255 255 255 46 193 255 25 0 138 83 121 254 188
    0 0 255 108 120 255 0 193 231 14 219 255 255 255 128 0 255 45 0 0 0
    107 88 255 14 0 161 108 12 177 255 145 0 0 192 238 230 8 240 64 19 0
    254 255 0 138 90 255 4 156 132 176 248 3 157 218 126 0 9 255 130 190
    169 0 114 237 0 79 208 0 0 193 103 88 255 155 27 0 143 0 200 0 113
    56 85 213 1 96 0 0 158 255 179 24 41 0 0 246 53 53 188 100 0 255 0
    100 201 255 16 0 198 210 234 67 71 135 162 247 255 127 196 255 255
    151 55 222 246 0 0 27 159 0 255 209 0 233 138 255 125 213 157 165
    255 128 66 0 134 0 90 226 70 128 140 237 183 194 112 77 116 175 255
    39 0 214 133 0 135 87 63 178 255 255 255 255 27 185 241 40 7 233 255
    242 101 132 158 112 133 164 255 0 156 80 215 68 134 25 117 255 198
    124 148 244 255 32 130 255 0 78 255 0 125 58 219 170 255 75 255 53
    128 255 255 0 73 250 0 51 44 219 255 26 32 170 138 183 125 255 39
    185 169 0 0 117 31 255 255 53 255 85 185 255 0 171 33 31 255 9 55
    255 39 162 0 45 255 95 43 0 255 219 139 236 188 51 172 78 55 74 255
    16 23 255 176 211 255 167 12 22 255 0 0 255 193 127 0 0 167 255 207
    255 255 255 100 112 41 159 15 0 255 255 247 169 24 80 144 87 11 28 0
    255 54 255 0 255 247 0 234 90 241 254 184 139 221 205 0 0 38 206 124
    5 32 221 12 255 23 255 0 171 12 255 0 0 255 0 0 58 0 186 250 140 212
    0 237 235 132 58 6 189 255 142 0 0 255 251 255 225 55 166 3 47 0 34
    0 255 189 196 0 201 255 250 126 202 255 40 114 153 0 192 255 91 0
    181 155 89 103 255 89 0 255 217 106 41 255 255 255 255 62 54 15 0 58
    100 124 87 191 255 255 208 173 255 255 255 241 252 44 255 0 255 255
    0 255 251 122 30 168 53 59 0 255 255 255 0 81 255 0 255 213 255 0 0
    255 145 20 215 255 162 180 255 94 168 0 255 3 142 32 255 0 86 129 69
    255 0 0 191 255 255 255 164 175 255 255 113 14 255 252 169 255 0 223
    138 255 218 91 118 255 239 0 33 248 182 0 255 193 0 255 112 87 202
    166 240 63 206 255 255 0 208 255 134 223 45 252 192 239 110 0 224 74
    0 255 116 0 220 55 198 232 0 255 185 16 20 0 0 0 0 158 255 255 161
    134 255 128 182 0 28 0 255 136 190 0 168 255 183 172 66 206 37 92
    169 216 219 0 210 172 76 255 93 118 0 255 208 0 182 72 0 131 193 167
    255 168 206 54 0 0 152 255 0 27 188 99 255 255 178 88 146 103 194
    255 182 255 31 22 255 209 255 0 129 0 75 29 96 36 204 255 248 99 170
    101 226 43 189 162 140 255 22 153 40 157 121 148 104 237 255 218 60
    17 145 0 56 0 0 48 147 7 31 255 255 130 255 132 170 234 0 0 0 217
    222 36 229 51 141 191 255 249 228 255 56 228 255 255 0 139 255 141
    255 44 127 162 0 155 215 0 0 67 1 170 0 134 0 255 255 165 0 152 0 43
    58 224 0 161 170 0 252 255 182 203 38 17 25 255 43 0 138 64 255 52
    255 255 10 0 243 216 255 116 193 0 105 226 230 0 255 10 0 0 69 75 27
    128 50 255 138 56 198 102 6 255 254 7 248 78 139 215 0 150 255 146
    116 61 110 135 251 0 0 255 37 62 24 161 64 213 0 110 30 255 196 243
    81 49 0 2 255 255 0 77 249 255 9 133 113 122 255 77 217 255 191 34
    255 255 119 0 3 0 42 0 58 241 144 0 255 74 255 27 0 24 255 255 63
    251 0 255 215 18 136 18 85 177 215 62 140 52 202 101 163 49 193 255
    255 117 255 160 0 155 255 210 158 0 0 64 255 219 0 14 228 138 64 194
    53 190 0 191 175 0 206 0 53 170 0 113 0 255 56 141 53 56 0 66 33 59
    123 0 203 183 0 194 0 0 0 255 45 89 93 255 77 4 76 131 0 31 255 0
    170 255 49 83 167 100 6 168 255 218 229 92 40 255 169 112 194 255
    245 0 0 255 182 174 92 130 77 34 255 0 0 13 137 23 0 175 32 255 0 30
    49 164 32 255 64 85 167 120 19 109 0 124 64 86 53 193 148 254 218
    255 56 0 128 71 0 221 246 0 190 157 46 52 0 65 255 255 4 37 178 255
    0 9 127 107 255 134 255 255 207 214 94 231 198 0 42 11 255 185 255
    73 0 0 23 214 255 113 237 255 92 0 66 139 237 255 17 224 184 0 176
    230 255 40 255 34 230 128 222 171 0 4 206 184 70 255 119 0 66 0 89
    255 239 255 86 40 0 0 255 255 96 38 255 63 0 255 255 255 17 255 171
    0 0 186 0 0 0 0 240 220 199 215 178 0 140 84 37 255 34 140 255 99
    255 255 0 44 0 3 0 49 142 55 25 94 0 0 255 0 29 0 228 3 0 255 114
    255 0 6 159 57 214 255 255 23 107 255 127 207 207 255 182 175 0 122
    217 0 187 108 71 185 27 255 79 88 172 255 115 60 37 22 140 8 255 225
    40 0 241 248 87 255 209 38 152 161 99 114 18 31 255 127 206 118 29
    46 0 181 175 31 28 227 111 0 64 152 98 0 230 0 0 182 0 255 242 0 29
    216 147 57 110 0 0 0 116 255 0 0 255 119 0 207 255 60 109 0 167 0
    164 8 25 218 111 255 0 0 236 46 159 255 78 104 184 218 125 149 169
    255 245 252 255 234 144 255 255 0 19 229 255 255 0 255 77 105 117 87
    122 172 38 105 0 193 255 255 152 215 104 255 79 202 47 255 38 0 37 0
    156 255 236 0 85 0 229 97 255 2 255 15 247 86 98 0 0 0 133 113 114
    176 0 255 172 190 170 87 81 0 135 0 255 120 255 250 185 171 32 65
    160 209 5 255 0 238 221 195 227 0 134 237 0 132 255 249 218 219 105
    82 133 255 0 203 239 164 255 0 223 255 138 223 41 255 255 255 252
    255 0 0 0 0 255 255 240 193 255 111 104 255 0 255 255 167 0 145 255
    88 0 255 131 255 24 96 121 255 243 153 41 190 0 19 255 83 105 179 3
    255 0 211 0 0 237 83 255 157 192 4 209 136 0 255 133 191 70 107 55 0
    255 255 0 51 230 217 30 163 255 58 0 255 94 233 138 217 219 247 0 0
    58 0 232 0 34 202 27 255 80 0 78 236 19 112 0 254 124 219 76 14 206
    99 0 40 251 255 221 15 0 26 192 142 135 255 199 0 55 255 0 255 83 0
    0 99 255 0 255 74 128 52 78 0 227 59 177 248 141 246 255 0 255 0 0 0
    255 0 96 190 255 33 26 193 50 0 211 206 8 244 227 172 123 121 255
    151 98 255 12 227 0 40 0 169 0 14 249 255 85 255 0 162 241 0 255 86
    169 183 0 169 255 255 233 241 108 228 255 0 134 215 44 176 53 204
    151 0 255 0 0 126 0 170 199 0 0 0 65 118 177 1 0 10 77 133 106 255 0
    216 255 83 238 186 51 0 0 213 27 255 19 255 255 104 89 72 13 255 0
    92 255 255 0 255 0 255 14 24 255 0 239 94 244 21 0 255 72 53 221 255
    169 24 255 255 255 35 242 172 19 255 192 12 101 151 0 224 10 255 137
    76 0 0 255 0 91 0 128 105 0 207 8 0 0 158 255 141 179 255 127 48 78
    226 0 255 27 255 0 67 117 0 255 49 189 222 109 253 152 255 0 255 0
    231 148 202 173 58 240 166 0 28 255 0 101 0 255 206 129 144 255 255
    49 0 134 69 88 255 164 36 220 15 255 14 123 236 255 218 190 226 138
    255 106 0 171 90 59 255 116 0 115 135 211 99 0 164 132 0 0 0 175 0
    101 70 0 8 61 131 255 221 53 255 60 64 137 46 173 255 255 255 179 0
    154 208 47 155 0 252 42 255 255 248 20 186 219 2 0 255 112 197 143
    47 255 193 255 255 255 174 0 54 152 96 56 214 255 177 255 163 255
    243 0 0 255 152 152 153 255 15 0 214 104 18 0 75 25 184 255 231 112
    0 31 40 255 0 255 83 0 179 169 26 224 0 0 48 232 255 92 255 90 0 80
    255 168 192 0 234 0 255 248 201 221 43 39 138 109 255 255 3 36 67
    104 0 255 229 255 209 0 0 181 255 255 255 255 255 56 86 39 77 0 255
    12 99 176 81 13 117 145 60 194 124 225 123 125 0 14 143 198 176 137
    212 246 41 198 255 0 45 24 117 107 238 125 0 186 214 146 44 100 7
    178 255 254 0 0 84 241 39 239 88 255 255 255 238 225 139 0 0 21 91
    237 0 0 255 208 146 138 201 207 177 239 0 37 40 0 0 52 158 120 255 0
    0 81 172 0 0 0 255 61 217 255 255 0 100 0 165 0 67 0 208 194 127 52
    161 100 202 8 0 221 37 0 5 37 0 37 125 162 55 30 255 40 20 0 167 206
    208 239 113 149 10 28 143 217 104 41 255 3 0 0 70 105 191 220 255
    113 172 169 54 0 219 34 93 0 247 0 154 131 38 110 255 147 20 255 0 4
    0 0 255 0 0 246 194 39 168 0 118 255 213 141 52 0 255 42 10 255 186
    250 122 0 0 126 78 183 0 64 0 255 96 0 88 235 248 39 65 206 19 255
    74 46 190 0 155 20 0 246 190 73 255 40 255 0 157 55 0 172 0 49 132
    255 255 0 255 255 34 0 248 250 101 130 108 17 255 148 105 0 255 0 0
    255 110 234 77 132 27 51 255 85 135 205 99 255 61 34 0 165 186 37
    255 23 255 255 243 63 98 255 255 65 0 62 255 255 59 32 230 57 104 0
    130 0 233 255 198 0 34 0 0 209 45 0 255 226 46 255 0 255 255 154 255
    245 34 17 0 78 255 22 134 170 255 0 237 139 255 178 241 255 255 0
    156 255 0 94 152 217 0 18 206 255 137 255 255 13 0 0 195 186 0 0 216
    207 158 163 255 48 214 241 0 0 0 255 6 255 224 170 255 186 255 235
    176 136 255 151 102 255 211 42 0 22 203 0 0 22 0 60 0 255 162 0 8
    169 231 185 150 0 255 53 255 0 115 21 225 204 205 0 0 149 0 0 255 11
    124 255 98 255 106 4 0 0 243 78 49 185 157 255 135 12 89 169 212 0 5
    16 0 245 32 99 255 54 255 255 201 0 162 160 255 255 255 95 0 52 92
    63 255 255 255 255 255 255 163 0 255 22 96 0 255 0 205 255 166 226
    131 105 61 118 255 170 255 136 0 239 95 0 156 13 192 44 255 118 173
    255 17 255 0 0 255 103 74 162 0 255 112 180 80 0 237 130 137 93 233
    51 251 0 139 221 23 82 105 168 227 0 255 80 255 255 0 255 22 255 158
    198 160 255 0 255 0 95 74 105 209 255 255 0 210 98 144 88 62 64 0
    210 86 255 24 38 184 114 25 28 0 226 153 112 249 52 85 0 255 204 175
    255 6 60 95 59 189 217 245 0 128 129 0 222 253 255 223 127 40 0 126
    51 255 255 255 17 54 255 186 176 0 84 0 0 12 15 0 136 0 107 216 255
    255 255 239 219 255 238 255 101 76 255 205 80 200 198 255 149 0 0
    255 7 86 255 255 157 39 0 166 0 0 203 0 0 115 201 206 255 174 209
    225 255 44 0 24 108 27 60 67 0 149 22 203 128 119 172 0 255 218 23
    58 163 148 144 28 8 0 255 0 237 223 25 255 255 0 150 169 137 187 255
    224 12 152 181 113 255 255 61 181 0 175 7 48 93 0 0 0 249 0 255 255
    255 63 10 255 187 19 57 0 0 152 126 144 30 20 0 255 123 221 126 255
    255 0 66 0 196 255 61 64 155 0 144 28 126 4 255 165 104 255 95 255
    255 68 106 0 83 187 93 153 255 46 48 213 255 245 8 255 211 204 255
    255 142 133 255 224 255 88 255 0 255 255 0 40 136 255 87 255 0 36
    122 181 23 206 61 254 208 255 255 0 189 255 255 0 72 0 102 255 203
    78 255 85 255 107 53 0 99 20 64 164 255 249 2 204 63 156 141 206 5 0
    255 0 0 167 104 214 0 118 143 133 255 33 0 207 255 88 22 213 107 0
    203 255 164 255 113 88 182 105 148 255 159 50 201 150 255 255 0 80
    86 49 255 255 0 30 0 136 0 99 255 0 35 0 112 255 77 225 99 88 255
    101 11 255 75 255 182 0 0 139 0 140 35 44 0 243 95 143 83 232 0 198
    164 194 173 0 255 245 57 107 0 198 91 107 182 0 155 150 139 91 30
    255 255 255 255 11 224 71 0 255 255 179 182 255 235 32 255 106 116 0
    107 48 170 0 87 255 143 255 8 255 34 0 222 255 46 39 81 255 255 0
    195 1 247 95 198 90 237 255 203 0 255 255 117 37 148 255 115 20 255
    229 0 255 125 255 188 27 156 251 255 35 36 0 244 95 164 105 160 52 0
    0 0 129 0 255 0 4 0 118 211 86 245 0 255 152 255 11 0 58 128 218 255
    255 8 30 0 37 189 0 0 255 189 44 249 121 121 207 0 0 211 189 170 122
    0 0 163 255 74 227 255 255 255 138 94 221 63 22 255 0 141 0 135 213
    88 0 139 0 248 255 0 255 121 255 206 255 0 34 255 255 229 255 0 152
    18 5 0 255 255 119 115 127 102 255 255 0 164 25 255 9 146 255 96 72
    148 255 255 65 0 255 161 0 0 27 182 220 0 87 0 255 255 0 255 255 199
    255 0 51 18 107 0 255 0 87 217 33 255 14 209 255 0 0 255 240 157 167
    13 141 203 88 165 128 235 234 192 0 205 17 255 255 142 255 0 73 223
    156 52 255 195 255 255 184 185 7 181 255 255 253 255 149 243 188 0 0
    55 104 255 0 77 204 175 46 107 58 94 255 0 255 15 255 0 0 107 255
    115 200 0 255 255 0 15 255 255 0 207 0 0 134 255 119 221 46 214 255
    182 130 23 0 174 0 255 255 31 0 61 255 32 212 0 190 203 118 127 27
    255 136 132 75 0 233 169 255 236 0 49 255 15 237 0 124 69 114 117 54
    36 255 230 255 0 210 255 194 0 0 25 141 66 34 255 197 20 214 142 27
    0 64 167 255 209 0 105 40 86 120 36 0 6 132 144 71 0 191 255 0 10 94
    205 255 255 184 26 76 0 0 106 77 0 202 224 255 0 0 162 18 59 0 137
    212 70 53 26 0 255 204 141 255 255 255 135 14 255 255 244 12 111 254
    1 15 0 171 0 134 0 163 255 222 207 201 205 27 255 0 255 223 220 201
    108 46 255 0 127 168 88 128 0 12 255 156 176 255 22 0 0 227 19 255
    184 0 255 151 229 185 113 2 38 199 0 255 169 0 0 0 28 255 150 161 86
    244 97 0 0 0 0 31 155 139 136 25 152 15 35 255 19 76 0 0 170 248 255
    31 50 255 255 203 219 124 129 255 113 255 255 255 100 84 177 237 0
    238 0 85 52 199 0 0 208 156 0 237 130 105 166 255 174 234 0 0 0 214
    182 0 36 165 248 255 255 103 129 205 57 159 53 83 187 197 118 18 198
    0 158 209 255 255 148 255 202 0 0 78 255 50 0 0 158 125 103 125 255
    146 147 0 255 215 0 29 186 16 209 91 92 0 93 77 238 250 159 84 43 0
    135 109 155 255 12 0 32 38 94 12 255 162 45 160 43 82 105 121 255
    194 39 10 39 255 255 255 134 236 150 55 102 185 255 0 221 208 10 151
    107 100 208 14 153 245 255 0 230 255 0 0 255 194 35 32 255 255 66 0
    255 255 255 255 199 123 202 255 255 132 41 79 0 185 85 146 151 14
    135 255 0 0 236 18 202 255 235 148 37 255 255 0 0 255 26 0 57 71 211
    255 2 185 0 45 0 0 255 255 0 208 255 55 255 245 33 195 191 82 255 79
    92 0 255 37 168 255 31 158 0 196 167 19 0 197 255 164 119 132 132
    154 103 255 189 2 66 85 255 5 169 140 255 208 102 71 14 62 190 24
    139 204 232 164 255 147 132 0 247 14 61 98 0 2 223 255 167 0 0 143 0
    78 255 0 250 0 117 255 255 0 96 255 0 0 13 155 59 126 69 241 187 8
    20 255 0 254 10 255 170 233 164 81 85 255 234 96 255 189 79 133 7
    255 195 255 255 0 255 1 0 195 0 0 46 255 0 236 0 84 142 0 182 173
    223 239 240 0 65 255 0 0 255 0 102 254 140 0 186 255 0 255 170 113
    38 85 255 255 0 172 75 0 61 255 151 255 152 67 255 149 178 255 0 142
    151 0 136 255 0 68 0 7 0 255 128 74 166 0 196 14 205 0 255 0 13 249
    255 255 255 57 126 49 211 255 255 228 51 0 38 65 101 255 255 99 225
    49 255 4 201 23 0 0 212 252 47 8 0 217 76 70 175 181 142 241 141 30
    0 93 255 0 255 59 206 235 0 0 69 0 0 255 255 81 207 0 97 106 5 255
    202 6 255 169 0 47 0 0 126 130 235 63 185 227 235 195 149 109 196
    107 40 101 95 255 189 255 255 201 0 232 120 78 0 0 41 50 255 255 255
    255 29 0 0 163 165 233 93 198 243 255 104 0 217 73 128 255 54 0 38
    187 179 207 59 208 132 255 255 255 230 72 255 141 18 0 92 0 169 0 0
    4 116 220 239 177 124 255 255 97 255 132 0 227 103 168 127 129 136
    187 255 139 221 226 0 125 0 134 0 92 95 0 159 59 75 0 73 157 212 175
    57 0 247 255 0 255 252 111 0 255 148 255 172 115 41 255 171 255 24
    255 23 255 194 255 199 235 28 72 0 0 0 97 167 0 255 145 0 255 61 0
    242 255 16 0 183 255 57 36 73 13 128 240 150 0 253 0 43 0 127 255
    255 255 199 249 174 234 193 113 255 97 161 0 255 255 227 116 255 240
    255 255 255 159 255 202 39 170 0 226 59 52 200 84 143 48 0 168 57
    110 62 0 201 79 255 255 146 0 53 255 0 201 87 0 255 103 5 176 0 62 0
    236 45 0 255 36 0 131 23 69 214 0 0 220 175 154 125 255 255 172 21
    168 140 242 255 136 116 240 105 84 255 31 146 255 0 255 0 117 255 33
    25 0 13 125 120 181 0 255 230 46 239 0 255 57 0 93 96 204 138 255
    255 0 68 25 200 245 160 0 0 212 100 0 137 255 242 255 0 81 240 140
    141 0 229 133 0 123 114 164 255 124 117 173 166 255 194 0 0 203 0 47
    255 132 0 165 254 0 138 255 176 255 255 179 202 167 242 51 255 118
    119 255 114 190 120 0 0 240 81 135 255 251 116 227 255 183 136 255 0
    216 0 255 149 116 255 172 1 1 0 255 0 107 187 0 255 219 129 229 255
    126 175 50 124 66 0 103 74 0 255 31 59 255 44 0 249 255 35 240 241
    118 255 0 255 255 0 0 76 0 0 0 0 0 35 255 127 185 206 137 220 252
    245 13 0 0 190 173 0 192 0 0 165 255 128 255 159 0 179 202 39 0 21
    255 117 130 255 10 255 27 116 255 255 51 242 255 128 255 0 255 52 35
    193 22 233 252 255 0 255 0 204 248 119 37 0 255 109 9 199 177 238 75
    7 0 241 255 202 63 58 0 0 255 210 131 137 213 211 255 45 255 115 209
    62 53 252 247 215 170 255 100 147 241 0 122 79 170 143 255 210 0 18
    46 255 211 151 101 255 255 227 234 255 0 0 121 255 195 0 0 247 204 0
    0 239 0 255 29 236 229 220 106 235 59 210 143 0 0 0 43 53 139 87 210
    155 217 242 217 1 233 27 156 111 223 220 115 255 99 99 161 80 130
    143 255 200 122 255 210 0 5 255 160 201 10 111 255 48 188 100 76 113
    54 65 0 103 255 183 0 255 167 86 245 255 255 0 249 255 62 255 86 243
    227 0 66 6 0 183 0 0 255 97 0 53 255 45 190 203 201 0 78 0 42 254
    130 72 108 239 0 255 203 68 211 135 19 0 34 170 0 32 255 110 74 105
    84 184 211 61 255 109 92 0 74 255 0 170 255 182 152 255 0 173 255 0
    255 0 255 140 27 238 255 191 132 39 255 0 255 158 223 33 144 155 160
    109 255 144 9 55 255 0 0 255 0 17 135 94 0 128 65 255 13 10 241 108
    230 72 254 255 190 177 164 1 178 30 114 255 212 247 255 0 0 232 0
    203 255 49 255 162 255 105 56 112 66 56 143 0 0 6 255 255 204 0 0
    126 88 34 0 0 207 255 194 255 108 0 63 0 173 23 38 0 255 178 183 35
    255 0 242 159 63 12 0 51 141 146 247 115 255 255 255 255 0 56 221 0
    79 62 237 30 180 225 255 255 161 172 74 53 255 59 255 219 255 245
    122 153 208 0 131 174 1 213 41 255 196 255 132 2 255 191 255 44 211
    186 131 74 25 255 0 158 255 0 93 250 0 0 255 186 58 255 126 0 55 176
    163 26 65 191 110 178 243 0 255 179 67 122 145 255 0 255 219 140 255
    0 255 154 0 255 255 255 255 0 92 255 36 55 113 255 2 28 130 32 0 255
    13 106 255 191 249 180 111 183 32 154 155 0 121 225 58 44 135 148
    255 0 114 255 0 255 0 248 75 38 203 116 212 255 0 255 0 206 121 170
    3 37 187 0 131 239 111 200 107 180 0 255 198 255 225 0 168 0 129 255
    0 177 195 255 255 255 242 112 0 180 0 187 255 255 255 73 96 204 9
    200 39 193 55 0 255 234 155 0 0 152 166 241 32 255 190 0 71 0 147 87
    0 108 101 221 234 0 255 255 0 76 76 132 25 0 196 0 7 88 255 177 16
    255 221 162 255 247 60 12 77 0 215 255 255 41 153 255 255 202 255
    147 255 59 122 30 246 0 110 149 224 135 239 18 255 0 255 255 127 156
    19 146 204 190 252 203 23 8 223 107 88 255 17 223 255 100 66 0 230
    162 255 255 95 0 187 127 92 174 90 108 115 255 242 255 223 140 218
    157 255 202 149 255 200 199 108 165 13 0 255 25 225 246 0 0 216 133
    29 176 185 255 170 243 79 196 205 57 48 221 202 141 17 154 107 254
    46 138 255 196 160 0 119 117 115 47 233 50 255 98 255 226 81 86 219
    178 72 135 255 161 148 0 0 0 107 194 255 0 255 89 64 255 84 0 255
    213 193 255 151 255 130 196 255 210 0 15 0 41 46 210 98 102 159 0
    186 101 194 255 0 251 53 163 0 0 211 166 198 22 230 255 250 255 139
    0 255 66 75 255 97 121 128 0 165 235 144 0 56 255 0 0 255 41 0 124
    101 199 63 68 143 11 255 8 255 218 114 65 6 0 246 215 144 196 66 0
    16 94 168 149 0 116 0 38 255 0 220 0 0 0 0 255 0 81 255 170 37 155
    255 0 220 247 50 0 68 237 255 203 7 255 239 230 255 255 17 255 99 34
    167 140 11 14 0 120 75 0 21 86 0 0 0 255 0 0 245 0 247 5 120 0 0 37
    116 180 52 85 123 35 8 97 34 255 124 235 179 0 0 255 136 187 69 255
    241 0 243 46 0 57 21 223 177 48 48 0 91 27 230 52 62 255 255 52 255
    0 8 100 50 220 0 176 45 0 134 0 255 0 255 255 0 0 0 224 20 111 255
    242 255 8 50 186 163 255 50 0 56 26 229 151 130 204 179 255 163 176
    62 64 0 0 230 218 146 75 255 230 255 116 97 255 114 46 94 32 255 0
    234 87 113 164 93 174 255 0 92 139 13 129 177 53 255 138 56 247 255
    43 79 143 0 82 78 0 106 35 0 12 199 227 77 0 183 133 0 0 255 250 114
    216 166 179 33 230 163 84 0 149 255 0 161 168 179 0 0 173 255 68 233
    148 255 0 255 255 97 40 145 181 255 240 166 255 0 181 255 41 116 111
    179 0 119 18 35 121 0 255 193 250 77 0 131 180 0 129 234 37 112 171
    144 160 109 0 215 54 218 255 67 0 255 255 0 255 114 136 240 43 46
    202 0 187 229 255 0 255 174 0 0 48 200 0 233 66 91 42 0 0 141 243 1
    148 210 135 1 0 0 96 44 114 0 189 255 226 232 255 13 156 151 190 217
    185 143 248 35 106 96 0 255 248 96 110 255 97 0 52 255 0 255 85 23
    145 61 143 255 255 255 41 105 0 165 4 253 93 19 69 227 86 232 239 99
    255 119 255 0 98 145 178 255 76 0 215 163 0 180 7 138 0 124 82 95 0
    115 232 156 134 139 33 158 255 0 132 255 183 221 177 0 0 44 190 0
    255 70 14 255 0 0 0 0 33 168 215 113 103 194 254 252 0 119 157 83
    254 255 157 223 0 255 255 236 70 248 79 178 58 157 238 255 80 238
    255 239 203 126 255 0 0 80 19 89 255 16 109 35 81 0 0 178 16 0 195 0
    63 254 18 0 0 255 67 255 42 63 62 163 246 229 210 54 133 255 0 41
    255 184 69 255 211 76 249 220 255 0 117 154 99 122 108 0 255 59 33
    255 115 180 128 72 188 0 0 0 35 46 84 231 66 255 255 210 255 0 172 0
    7 227 159 148 254 107 116 6 241 255 73 255 0 187 0 51 33 150 240 116
    0 164 0 255 173 101 19 0 0 209 228 255 0 255 0 0 71 75 52 190 207
    240 87 93 53 192 88 214 126 0 114 128 87 22 224 255 0 154 0 126 168
    0 135 0 40 46 0 142 85 92 16 78 244 254 173 32 27 152 46 77 0 60 45
    255 0 0 255 0 255 216 0 207 0 162 255 86 170 0 0 177 58 87 70 141 0
    217 0 255 0 0 255 255 170 0 166 255 206 154 155 42 0 134 22 2 128
    128 0 138 0 67 217 255 255 80 195 201 0 70 0 255 0 0 185 54 0 128 89
    198 161 99 159 132 255 255 255 162 0 102 0 96 225 118 52 255 146 248
    255 255 41 0 201 169 100 245 0 230 182 125 0 219 238 255 0 233 255
    27 255 85 41 33 57 133 80 110 101 49 97 46 8 255 169 255 255 213 186
    228 31 0 0 245 255 208 50 146 24 198 194 42 173 97 25 45 185 255 181
    0 95 255 115 33 54 246 180 0 106 136 250 104 190 41 255 76 255 0 203
    224 48 5 46 255 29 255 223 41 170 170 237 0 0 255 0 0 0 162 0 142
    255 206 33 208 124 3 45 10 255 13 255 215 135 255 255 0 209 255 255
    0 53 255 255 0 0 0 0 111 255 255 0 0 186 0 230 104 109 0 255 255 99
    27 255 186 163 238 246 255 255 187 255 78 76 0 255 49 0 134 255 0
    108 0 255 0 0 145 0 255 0 0 180 222 142 75 204 205 255 145 22 127
    195 143 255 212 154 13 0 53 255 101 255 193 18 39 143 127 255 31 99
    65 0 0 255 0 185 84 238 0 0 0 0 74 36 0 147 186 0 6 159 106 136 79
    134 65 142 255 255 255 121 41 71 0 197 142 0 203 121 223 45 136 161
    44 244 26 5 193 108 201 101 88 255 225 98 0 0 255 35 0 255 245 173
    242 0 0 147 0 137 126 149 238 86 255 109 255 254 0 165 255 0 167 189
    94 89 11 170 229 211 195 46 0 0 138 100 255 0 206 225 0 255 42 255 0
    0 211 201 0 255 0 72 255 0 0 0 255 36 97 255 188 0 213 77 6 168 204
    78 141 190 0 223 119 0 138 0 238 249 20 175 255 114 110 126 43 228
    148 170 255 136 6 0 215 45 17 152 212 0 0 101 249 7 93 51 0 255 249
    255 255 169 0 82 85 48 111 161 0 255 20 0 203 93 116 205 43 255 255
    255 148 66 51 80 101 137 255 156 0 39 0 168 0 42 218 107 211 193 183
    192 26 234 6 140 255 53 206 160 0 255 0 80 255 255 206 139 188 255
    51 157 185 0 132 31 255 63 16 156 0 255 9 205 138 34 240 104 255 227
    255 184 216 51 255 255 255 20 35 154 138 255 0 220 0 143 0 0 255 0 0
    179 255 251 255 255 255 126 0 178 0 132 140 164 0 80 48 42 217 0 255
    122 40 0 167 0 255 255 0 0 255 254 0 255 255 0 116 218 238 0 164 0
    37 0 56 255 0 0 94 173 207 255 255 59 255 255 41 56 255 55 220 191
    109 193 249 218 0 255 0 89 94 54 222 159 79 235 66 167 249 0 0 43 0
    0 183 35 255 212 49 43 151 255 255 0 172 246 175 232 255 0 255 137
    158 140 216 127 189 50 255 0 0 18 98 255 17 234 0 255 0 232 127 255
    255 255 83 26 113 245 0 255 17 100 127 44 64 255 255 6 156 247 210
    89 38 255 112 228 255 255 255 251 70 246 0 0 0 0 3 16 25 0 124 130
    138 203 150 255 0 52 1 255 111 131 182 77 255 26 128 0 109 55 0 0 7
    36 60 224 90 0 34 127 255 255 255 255 181 28 255 5 255 174 33 86 52
    13 163 0 240 239 255 74 191 41 134 29 47 115 119 199 15 186 90 255
    255 167 18 72 143 255 128 225 18 255 118 241 88 120 106 0 255 173 0
    0 0 244 0 255 181 0 96 255 88 0 122 77 45 43 230 82 15 148 4 90 255
    255 241 216 0 108 255 255 0 255 232 225 146 45 41 207 81 0 43 0 255
    255 240 255 71 22 81 0 128 145 0 201 115 0 0 174 0 0 46 0 255 227 92
    44 106 79 28 255 187 105 218 0 67 255 0 156 0 255 123 0 141 110 108
    21 95 236 43 54 161 20 121 0 35 21 0 0 37 237 183 108 230 255 127
    255 133 58 150 255 0 156 0 163 69 118 132 0 132 0 76 192 153 235 221
    71 255 104 80 244 18 227 0 111 0 0 0 238 71 88 255 255 255 0 83 148
    0 234 0 255 0 255 0 255 125 255 48 183 234 255 255 0 37 0 255 0 0
    255 228 174 221 8 172 255 0 223 181 219 160 0 156 0 0 218 254 120 48
    168 0 32 0 220 255 174 0 123 20 181 255 255 0 255 57 233 196 13 213
    222 120 151 109 145 142 58 144 251 12 255 202 81 39 0 1 255 195 127
    54 199 255 87 120 255 209 0 27 61 255 88 0 204 55 255 134 162 230
    131 255 28 18 255 16 250 79 247 5 163 0 255 152 63 0 255 171 113 170
    94 150 192 0 255 206 255 105 17 160 191 227 47 225 255 140 0 255 100
    238 65 255 255 168 246 224 150 67 68 217 197 72 255 254 227 14 109 0
    156 255 129 51 43 10 50 255 24 0 255 16 255 255 255 201 144 63 0 233
    244 255 195 120 181 119 0 117 130 0 39 206 184 146 109 144 255 157
    110 255 78 0 242 178 234 175 13 251 255 32 48 75 96 203 139 200 0
    205 219 0 67 0 34 238 124 116 206 149 0 180 255 255 0 47 46 237 0
    255 40 190 255 78 0 209 0 93 255 245 63 67 0 166 92 255 199 147 21 0
    252 116 39 120 251 84 222 136 160 255 142 0 208 0 95 0 159 0 145 0
    223 255 0 161 255 0 205 129 164 0 0 116 94 0 62 215 147 123 29 225
    255 255 245 255 243 255 14 68 0 216 183 42 0 0 29 243 13 174 191 80
    36 0 10 72 14 134 136 134 0 49 210 0 6 0 0 0 201 0 0 129 70 0 169
    243 165 192 20 47 104 0 215 0 83 0 237 255 0 0 255 255 86 0 255 244
    0 255 28 0 173 228 51 89 91 16 0 142 108 0 239 67 133 255 0 189 203
    255 246 110 255 93 255 255 0 255 49 28 0 0 244 217 50 81 255 161 255
    210 0 255 221 106 184 0 222 173 255 0 136 138 255 255 205 255 255
    141 236 237 0 121 255 1 227 255 85 93 209 5 89 172 162 152 208 178
    91 11 49 255 88 255 224 17 216 140 59 208 169 94 174 180 0 0 129 0
    255 101 67 255 40 0 196 43 58 153 52 255 255 169 165 243 255 255 0
    233 222 216 225 22 0 149 0 255 66 0 255 190 1 165 255 22 0 0 255 255
    59 0 125 0 0 212 174 240 0 0 219 0 0 177 164 12 12 16 128 42 0 0 10
    102 248 232 255 0 231 130 255 255 3 46 67 39 195 0 0 139 255 163 62
    201 204 161 224 0 88 65 0 158 0 194 0 13 0 255 120 94 255 255 26 232
    0 0 100 159 251 0 255 49 133 16 177 225 42 252 255 99 80 51 241 255
    20 236 184 165 197 102 255 0 35 57 162 137 80 0 0 0 255 7 255 0 0 13
    88 0 93 16 0 252 249 77 32 255 197 0 255 0 36 34 233 255 151 220 248
    71 0 0 142 255 18 9 145 47 0 39 192 0 47 212 63 0 84 68 255 255 224
    255 111 21 220 30 255 148 111 174 255 222 197 0 0 255 70 85 178 115
    255 18 54 16 18 0 27 188 108 124 161 0 181 255 198 30 72 39 0 220
    134 28 255 142 22 97 255 75 0 147 228 233 248 100 83 64 0 125 39 0
    224 243 255 255 32 77 159 226 255 190 94 207 6 128 178 95 122 191
    110 0 0 255 34 203 140 0 211 255 255 0 255 129 255 255 44 77 255 110
    255 255 70 242 0 33 255 83 142 219 231 0 0 243 7 0 0 233 98 143 45
    126 18 93 187 101 240 201 157 0 109 140 168 255 0 255 198 0 163 255
    22 218 0 255 89 255 170 144 0 255 0 0 255 17 159 240 148 92 255 0
    137 212 88 255 181 255 254 255 0 255 255 255 255 253 148 255 0 144
    255 0 169 155 240 151 108 214 160 134 23 127 21 255 163 31 216 0 62
    67 120 255 0 255 131 182 255 57 200 0 143 0 0 255 0 191 89 255 142 9
    0 0 172 182 147 255 102 164 0 0 39 0 109 136 68 166 255 20 211 98
    134 34 36 243 222 149 225 255 0 174 255 25 184 118 28 255 224 0 58
    16 76 255 161 255 255 101 0 131 135 0 13 255 85 170 101 187 17 165
    229 189 9 181 74 0 0 130 0 255 255 0 255 198 81 180 233 54 255 138 0
    255 120 255 139 144 158 89 162 0 217 0 244 187 194 255 0 255 114 143
    255 37 235 146 106 186 14 0 43 119 0 60 255 255 0 63 255 255 14 87
    255 75 255 0 131 254 24 0 134 255 126 147 247 130 0 118 48 187 173
    255 45 255 187 68 255 178 253 210 0 255 206 0 255 145 0 187 92 138
    27 223 52 0 0 16 198 255 178 255 251 255 0 0 199 185 0 15 80 225 126
    255 96 220 230 255 255 171 255 0 16 255 0 203 0 0 255 10 243 0 66
    254 0 204 207 217 255 170 181 22 40 228 56 0 160 255 0 0 5 109 255 0
    206 203 0 0 83 130 0 109 164 255 0 66 255 132 205 0 0 219 146 113 52
    214 0 188 255 0 255 55 255 178 0 120 209 251 59 255 18 0 0 255 236
    207 255 0 30 0 199 0 255 110 202 207 200 109 246 29 144 255 243 255
    19 234 0 0 0 9 149 224 237 35 0 0 117 26 103 84 37 132 0 74 184 0 0
    91 0 209 210 103 21 189 255 175 0 141 147 255 213 54 42 45 143 0 0
    11 0 207 0 9 42 255 166 184 214 255 255 44 255 56 41 157 255 255 60
    37 0 231 0 109 140 71 255 0 176 164 113 104 247 0 0 164 0 0 153 93
    148 179 255 12 0 138 129 55 148 255 132 0 0 0 4 67 43 2 26 0 0 63
    137 118 255 0 180 48 255 208 255 255 96 255 130 255 255 255 164 121
    69 233 148 18 255 63 107 40 28 255 230 255 255 88 20 197 175 235 0 0
    109 235 80 201 0 0 255 98 194 136 0 232 232 33 255 33 71 0 0 0 61
    147 254 79 255 176 223 81 255 255 163 199 0 241 191 18 43 168 245 0
    196 152 11 109 167 192 255 4 255 60 255 246 216 205 0 77 0 217 255
    72 37 213 0 39 255 255 136 255 130 144 104 253 120 0 1 0 93 152 183
    135 188 232 178 99 85 0 107 238 216 255 151 0 229 229 83 34 237 224
    34 255 50 255 0 0 255 23 255 0 0 113 13 201 0 255 213 70 56 255 199
    128 255 231 0 177 220 36 255 27 255 41 139 99 255 183 255 20 215 255
    0 129 255 255 84 72 141 43 0 97 0 0 141 44 255 0 108 130 255 187 68
    255 0 131 255 7 220 122 104 0 215 36 111 12 208 15 0 155 42 178 67
    132 255 255 181 0 68 207 157 129 253 40 255 46 0 112 27 170 232 24
    104 45 255 224 68 198 166 153 97 85 255 0 123 179 2 0 222 178 0 255
    255 0 93 64 255 255 10 255 169 255 31 0 145 19 255 195 255 0 248 16
    58 0 59 32 255 60 28 68 96 49 242 218 144 113 209 255 21 138 255 40
    21 244 7 0 152 229 0 203 205 94 0 255 112 255 0 227 255 0 0 0 255 95
    0 255 110 99 122 255 255 3 222 214 0 172 0 6 2 0 236 99 248 255 255
    255 0 39 165 16 107 104 143 92 94 177 211 111 255 101 252 206 255
    179 160 0 255 77 27 81 23 8 32 106 139 184 201 227 0 4 138 73 0 230
    255 200 255 68 150 35 59 101 255 255 80 255 255 222 255 145 31 179
    13 119 205 255 0 0 255 93 0 255 0 255 45 183 157 208 255 144 206 160
    255 65 45 196 145 43 188 249 0 159 150 0 0 178 255 203 255 247 0 141
    75 0 213 138 255 0 233 255 154 149 0 144 124 139 255 255 0 201 225 0
    75 255 134 132 49 76 43 245 255 48 160 104 211 255 53 255 205 0 97
    235 255 255 6 42 150 55 20 196 19 0 255 218 0 255 193 102 100 199
    255 132 38 108 160 219 218 254 194 70 44 0 0 125 203 255 73 114 31
    255 192 177 158 38 178 255 124 100 169 4 9 4 0 26 0 254 255 45 227 0
    214 115 0 20 79 99 200 0 186 214 0 255 221 177 6 0 93 255 108 156
    159 173 138 207 229 245 237 161 128 174 0 85 190 27 0 0 194 114 0
    203 30 116 168 255 255 197 247 132 211 1 208 184 215 198 132 121 217
    249 72 122 232 25 0 74 0 144 213 72 246 51 230 84 49 41 0 255 16 255
    0 255 255 57 124 0 24 41 77 42 255 255 0 240 167 255 255 0 209 11
    255 3 0 59 133 177 235 255 5 0 255 0 51 0 255 81 128 144 0 50 0 255
    173 90 164 4 18 17 213 255 0 191 168 252 104 203 255 189 121 255 255
    61 255 0 0 216 0 0 255 55 15 255 55 167 74 57 0 118 255 82 186 255
    211 81 134 255 52 64 0 137 255 103 255 40 62 238 0 117 0 10 255 0
    255 0 42 197 33 76 6 0 71 233 255 182 120 238 19 15 255 6 10 175 255
    255 0 148 255 0 18 253 18 214 235 213 83 255 255 71 255 255 142 93
    234 170 68 142 255 97 195 154 211 255 71 38 57 156 255 255 255 0 216
    104 250 19 220 0 212 34 213 41 0 0 255 27 146 68 0 255 3 19 200 255
    108 221 111 255 255 18 255 255 64 98 84 98 208 17 0 255 14 255 255
    77 74 255 135 0 255 0 207 124 162 0 93 255 251 5 0 0 87 69 205 47
    255 106 255 0 97 255 205 242 58 214 94 117 141 214 0 166 0 90 3 43
    255 98 43 139 0 255 250 255 24 23 89 0 238 255 0 233 218 199 143 123
    255 71 59 57 25 255 0 167 202 76 0 1 17 24 144 220 220 129 10 240
    255 183 86 12 92 132 77 176 42 252 191 219 10 39 0 25 255 144 24 0
    143 89 0 255 189 255 255 0 255 0 255 255 0 224 255 90 87 87 223 255
    255 234 114 0 255 255 0 225 117 47 255 0 112 42 33 6 255 236 255 194
    209 140 20 255 121 0 0 52 0 72 49 69 0 255 0 1 226 128 116 227 41
    255 157 1 255 59 45 44 131 255 245 24 57 212 0 39 0 140 255 130 26
    18 23 106 188 100 46 202 150 250 0 233 141 255 236 255 109 150 164 0
    18 127 180 212 214 16 0 15 70 0 0 93 243 171 141 174 93 236 189 170
    255 255 186 0 5 255 17 0 107 113 210 178 62 80 255 123 31 0 94 255
    78 255 216 255 70 255 1 21 113 0 210 62 255 90 134 43 218 255 255 0
    0 122 255 255 31 255 0 0 203 42 255 255 1 255 98 0 127 0 0 238 255
    124 0 230 10 0 11 0 255 0 239 164 249 126 0 119 163 39 0 239 94 74
    255 159 159 255 176 0 129 167 106 83 0 6 209 0 116 0 255 255 0 83
    203 93 78 99 103 97 0 0 255 53 137 255 37 231 249 36 20 132 0 109
    207 55 154 193 51 247 125 96 227 255 255 143 16 157 81 163 206 0 53
    255 37 82 255 161 155 0 167 0 63 255 255 0 75 255 244 0 0 220 223
    255 0 255 198 0 71 121 255 52 110 58 60 57 102 215 255 200 0 35 255
    67 237 146 148 10 17 230 0 8 202 0 208 0 63 135 0 10 255 33 102 100
    0 46 206 143 0 18 242 0 3 34 163 220 244 255 0 5 82 167 192 27 2 255
    0 5 110 255 0 75 255 255 221 0 82 255 220 0 34 84 190 35 78 255 195
    0 201 241 0 255 255 162 32 240 0 73 0 255 90 151 56 210 230 255 227
    255 255 221 40 83 226 139 156 241 240 0 241 0 183 255 106 96 255 0
    255 0 231 17 45 12 159 255 149 255 13 41 125 178 51 56 206 102 183
    255 97 162 163 216 124 215 44 170 172 119 170 57 60 255 32 90 0 255
    42 0 59 80 32 140 255 131 156 255 120 26 20 132 0 35 21 101 251 83
    255 118 255 217 255 255 86 234 135 255 255 46 42 117 255 226 218 108
    239 52 200 0 248 0 0 202 0 204 0 255 211 239 173 229 56 127 19 201
    255 247 255 0 255 255 250 107 176 255 255 83 234 16 111 109 222 232
    59 28 136 241 242 106 78 86 255 255 0 0 232 0 0 50 0 255 0 255 197
    191 201 5 13 199 210 143 64 254 26 9 0 173 0 255 82 255 0 255 255 0
    117 0 0 0 65 214 83 131 255 146 227 47 44 14 191 13 5 0 0 255 157 34
    59 2 250 0 0 81 134 42 210 0 145 0 0 224 31 32 226 255 0 255 0 255
    255 134 0 0 255 8 116 133 53 46 255 164 42 255 35 0 123 62 54 235 0
    255 0 70 137 193 0 211 0 0 255 9 59 255 0 212 232 255 0 255 0 255 21
    55 184 194 182 0 0 222 252 123 22 204 227 200 246 148 0 239 0 255
    160 44 255 0 190 0 60 217 112 0 214 52 212 193 148 158 236 0 237 128
    207 185 138 63 0 165 241 212 22 79 254 70 255 255 254 175 255 130 31
    0 255 22 0 116 1 255 159 147 255 179 0 0 0 81 0 118 44 183 217 222
    146 255 58 255 132 0 117 160 255 255 151 42 108 146 198 0 96 97 0
    255 140 0 207 82 227 129 143 255 6 129 0 0 212 246 255 255 124 0 255
    0 224 16 0 106 0 0 79 14 255 0 167 255 0 255 0 153 206 22 165 255
    255 78 189 24 45 117 32 255 113 125 0 137 230 87 0 17 87 152 54 119
    27 0 199 255 0 66 146 245 124 255 222 150 0 0 230 255 120 141 161
    237 255 19 255 163 107 0 45 110 255 0 63 48 10 0 221 199 52 246 0 59
    163 190 53 254 255 0 143 212 0 255 168 192 91 255 101 36 141 0 88
    225 80 147 255 0 0 159 170 237 0 127 181 0 36 255 0 255 255 216 239
    0 255 52 0 255 0 163 124 255 0 254 246 21 237 151 54 0 0 0 255 127
    236 201 0 135 116 133 151 255 0 203 255 74 157 220 255 233 167 0 255
    0 32 0 116 255 0 129 5 218 54 0 77 160 128 241 0 255 23 0 128 130 12
    255 174 130 56 114 243 117 255 186 180 0 31 171 114 117 185 153 151
    30 9 35 176 34 255 254 123 255 0 0 211 102 255 59 0 255 16 128 49 0
    211 58 255 177 0 0 146 53 255 66 206 27 230 0 0 255 44 227 3 194 255
    157 227 149 250 4 0 225 0 125 255 60 255 255 255 252 139 91 27 255
    255 255 244 216 0 0 255 0 167 210 255 0 255 249 228 187 122 0 0 238
    0 0 0 255 126 0 255 71 0 73 214 0 56 51 86 255 255 200 68 78 43 174
    22 127 255 250 247 0 27 194 124 121 255 255 255 49 222 168 24 247 67
    255 20 28 229 105 15 191 255 255 116 0 81 255 110 248 0 243 0 0 39
    58 11 102 212 168 255 5 248 138 0 87 51 255 255 64 0 255 0 30 0 122
    146 99 152 197 232 101 61 76 255 255 110 54 67 23 53 37 0 0 0 255 78
    0 255 226 38 86 255 255 0 131 0 64 167 93 220 255 164 71 255 255 0
    182 0 0 255 255 0 178 216 60 0 255 255 255 179 7 122 6 172 250 67
    169 67 224 255 0 255 0 0 6 255 0 29 147 239 247 141 219 255 159 255
    59 207 0 123 63 253 255 94 174 101 255 255 255 131 195 84 0 49 0 255
    0 20 255 1 255 244 255 236 3 0 0 160 67 255 255 255 0 129 152 126
    201 59 224 188 19 185 255 255 255 27 255 95 154 90 138 185 255 151
    255 0 255 2 0 148 125 0 129 0 156 255 51 0 0 161 0 114 0 61 0 255
    255 210 255 0 0 26 0 238 46 0 15 0 175 0 255 255 108 198 246 119 163
    0 87 58 255 7 100 21 93 19 0 158 83 79 255 200 13 235 202 123 116
    255 122 21 216 0 255 0 255 28 168 252 0 142 255 204 103 0 244 255 0
    20 0 163 0 137 0 114 132 167 255 153 237 205 71 197 255 255 59 0 94
    255 7 198 93 255 98 28 208 0 121 255 99 113 140 0 0 69 14 231 7 10
    255 255 255 255 49 255 0 253 255 0 60 96 174 213 0 100 218 0 255 0 5
    234 138 179 30 85 0 93 0 240 255 107 144 0 255 219 192 42 0 228 150
    255 100 69 255 167 0 212 255 0 136 255 255 0 120 201 160 0 128 83 0
    255 205 0 255 143 100 255 24 238 0 55 0 185 217 2 0 125 233 57 223
    220 142 99 11 250 0 245 207 255 79 148 255 14 215 57 0 157 67 0 255
    62 255 120 255 152 173 89 253 225 0 23 145 161 111 241 139 133 127 0
    0 52 243 255 0 198 173 161 44 255 0 0 120 179 0 251 73 200 255 0 255
    97 193 0 204 114 255 210 255 255 119 0 0 255 0 0 90 0 0 91 0 225 135
    0 0 197 255 172 216 0 125 254 0 246 0 64 71 177 0 0 0 163 229 0 104
    255 173 138 34 0 255 162 0 0 66 0 204 0 0 177 156 152 0 175 255 244
    192 50 0 255 255 45 230 0 131 255 0 0 91 207 29 114 158 120 175 0 65
    0 0 36 21 202 129 255 236 44 87 47 0 199 0 0 0 255 0 255 164 71 211
    255 193 79 190 0 58 78 172 85 0 0 15 0 255 105 58 255 46 130 226 0 0
    174 0 255 255 0 0 255 0 135 0 57 243 0 255 125 76 53 0 14 55 255 51
    73 184 255 32 138 1 220 170 182 255 0 153 255 255 215 255 37 255 255
    200 0 119 0 91 255 148 218 246 55 40 0 32 55 138 124 192 0 194 210
    186 255 124 216 206 225 75 0 209 36 43 22 255 23 57 255 3 148 192
    200 50 0 242 51 0 255 173 252 255 255 234 73 46 103 255 0 0 116 127
    39 137 166 222 244 255 85 15 204 179 83 255 100 36 138 167 255 223 0
    121 99 166 0 0 95 0 0 1 255 67 0 16 255 255 28 87 138 0 29 213 255
    19 0 229 122 107 160 14 111 227 83 3 237 193 220 213 0 170 255 87
    255 125 25 92 107 38 255 255 32 53 90 254 0 66 255 190 171 196 86 39
    7 224 255 178 255 18 0 33 255 34 255 255 127 108 18 255 71 154 0 255
    207 249 251 185 255 216 220 0 137 255 59 0 157 210 172 0 234 58 255
    103 174 14 255 0 114 217 255 196 255 10 85 0 193 14 211 99 93 230 44
    255 132 186 197 0 57 255 0 0 255 0 0 181 142 28 154 232 160 0 0 174
    248 255 153 153 147 189 142 0 255 20 162 0 160 213 255 255 255 76 0
    0 151 0 255 255 236 136 203 194 196 255 147 71 255 20 255 255 231
    255 171 219 252 228 0 255 255 202 175 134 0 255 172 236 194 145 194
    255 113 255 255 52 255 0 216 255 0 0 255 255 125 84 195 78 172 166
    136 26 0 255 214 255 255 0 164 0 209 0 0 65 143 162 171 67 188 0 29
    255 211 62 105 255 134 255 149 191 255 19 173 6 255 0 255 100 176
    238 220 57 65 255 0 230 151 201 0 206 255 117 0 0 205 0 130 0 100
    110 24 66 255 46 79 26 127 0 43 166 255 130 129 38 179 151 73 183
    255 0 255 157 246 244 58 255 125 43 255 254 90 116 24 137 0 120 182
    42 6 10 255 241 203 91 0 255 255 130 0 167 191 18 225 255 0 254 255
    255 243 181 208 155 0 255 255 0 152 218 255 0 170 90 61 159 255 255
    255 140 50 197 0 146 210 106 0 0 158 0 4 101 0 255 0 0 0 110 0 199
    255 0 18 186 55 0 24 255 190 17 41 109 248 38 64 126 121 255 197 0
    35 236 27 100 255 119 10 151 87 255 0 119 44 128 0 73 0 127 227 255
    230 48 157 228 44 166 255 118 255 55 227 51 255 242 39 16 255 222
    108 255 56 255 152 45 64 255 255 255 0 97 29 255 0 174 54 112 0 0 79
    255 248 197 11 127 228 101 32 255 191 102 149 255 255 23 161 207 247
    93 126 224 0 100 100 0 255 103 91 65 193 5 0 196 0 0 152 154 0 200 0
    27 255 17 66 94 0 0 171 120 33 36 210 255 0 111 0 167 67 255 191 0 0
    169 0 255 0 47 255 61 255 23 118 255 49 152 0 161 133 0 0 33 43 0 85
    240 255 0 255 242 110 255 137 27 147 95 0 143 0 0 70 219 0 255 255
    152 83 247 252 145 255 187 255 156 60 9 0 64 99 0 255 117 0 0 0 0
    102 234 0 0 255 11 82 180 255 102 52 119 102 255 239 27 243 0 255 0
    134 99 76 215 218 0 95 0 132 255 0 206 80 176 0 79 0 112 14 46 26 18
    76 93 188 54 204 255 111 22 202 254 203 15 79 228 255 199 135 16 142
    58 72 255 147 161 177 196 7 121 221 0 36 72 255 185 231 255 255 0
    214 35 75 215 209 255 0 0 0 126 219 81 0 86 178 132 121 194 8 0 188
    70 34 141 0 220 87 231 147 42 255 94 66 48 83 107 40 0 197 174 0 255
    15 0 40 205 129 52 0 49 208 104 255 167 228 247 255 0 0 209 99 63
    206 230 6 226 30 255 81 198 126 0 0 77 64 0 12 164 255 0 66 253 45
    255 0 0 255 255 0 58 255 111 153 250 88 57 255 143 255 222 0 255 118
    174 0 0 0 20 255 98 255 0 255 19 131 255 0 255 54 0 110 0 204 134 47
    154 195 255 8 175 104 0 89 135 0 0 236 157 255 154 139 0 193 117 103
    87 211 126 55 255 255 17 3 255 0 65 0 255 255 0 38 255 0 178 0 255
    170 50 96 76 122 207 39 181 251 192 255 255 255 110 53 221 215 64 81
    73 206 255 199 0 191 55 210 243 0 215 143 0 255 255 49 255 255 66
    171 180 168 37 115 0 0 0 167 13 36 96 173 75 255 69 234 0 224 79 223
    56 47 255 12 0 36 81 94 255 89 92 48 54 0 255 101 231 0 255 247 60
    120 129 139 233 200 49 231 30 197 162 255 196 113 74 108 6 255 208
    21 141 0 255 84 0 119 93 255 255 255 44 174 69 0 199 21 146 0 113 12
    0 24 15 0 73 0 0 0 0 0 0 255 0 94 135 254 163 255 62 178 90 81 0 0
    13 129 106 43 255 57 178 255 225 46 255 0 250 73 150 136 42 181 0
    160 104 255 118 161 160 220 255 0 255 0 255 0 19 7 6 0 255 123 97 63
    141 71 0 133 147 255 135 121 187 93 43 109 0 0 138 255 255 241 171 0
    131 134 204 255 216 219 50 149 119 255 253 150 148 79 232 0 0 0 0
    194 74 255 255 24 255 217 229 233 41 203 0 255 71 57 7 255 255 235
    39 174 42 0 255 55 255 70 183 250 154 7 84 63 205 124 255 10 255 44
    0 0 120 0 0 45 0 151 255 255 209 159 150 0 191 0 122 234 183 114 0
    177 0 44 121 255 55 255 163 124 154 240 106 75 6 72 61 175 246 0 37
    163 0 16 40 0 249 163 255 184 106 107 107 0 178 131 133 136 21 242
    28 211 87 65 121 9 0 181 255 56 244 255 224 112 102 255 0 255 70 254
    204 242 213 89 0 153 240 131 125 140 149 225 218 247 117 210 38 144
    255 0 237 88 166 181 220 37 192 0 207 255 207 60 0 22 234 140 54 107
    241 107 220 247 255 122 127 21 0 146 136 27 255 0 231 56 24 65 225
    12 192 113 112 0 255 163 57 40 155 214 179 167 0 123 255 255 231 196
    146 255 147 0 94 185 0 176 169 109 111 255 0 176 59 135 73 0 0 0 255
    68 255 28 209 187 0 114 255 0 82 38 0 0 166 2 156 121 198 255 52 0
    255 0 88 224 222 255 143 255 255 255 182 70 83 250 19 255 235 255
    167 96 84 255 255 22 21 177 255 126 255 12 0 240 202 162 255 0 93 94
    149 113 0 22 0 155 222 86 0 0 237 255 0 207 23 255 34 179 219 125
    120 224 239 199 255 255 80 66 0 161 0 192 199 255 132 37 240 255 123
    196 255 142 0 0 255 255 255 174 96 100 58 255 0 255 255 4 255 109
    229 60 255 255 176 0 0 4 87 221 72 255 255 255 255 255 127 237 255
    253 250 202 2 197 0 0 0 0 255 46 0 203 134 63 172 221 27 125 0 0 104
    255 50 0 255 0 0 84 255 0 151 255 163 240 255 255 255 132 249 255
    105 165 200 255 236 24 130 194 213 255 184 74 254 156 255 241 174
    255 7 165 253 0 64 255 0 71 36 255 255 0 86 255 114 70 228 181 138
    255 226 0 255 0 0 188 0 42 255 0 255 209 184 255 255 199 255 0 0 0 0
    0 255 255 245 24 38 255 190 146 0 93 0 151 8 142 177 255 0 99 141 63
    255 133 5 157 255 234 255 0 12 28 207 0 0 0 44 166 255 164 11 150 59
    145 253 188 90 89 0 0 0 255 106 137 216 255 0 9 106 121 19 246 255
    218 0 0 0 183 69 175 255 255 1 165 10 98 94 228 255 198 0 0 28 74
    255 52 245 255 0 231 255 177 206 255 148 0 0 0 31 201 99 40 106 237
    116 125 255 97 184 112 0 132 255 0 0 255 38 246 218 255 255 255 248
    255 255 162 255 236 0 255 255 19 11 0 0 177 112 143 0 255 28 37 255
    162 255 0 158 60 167 0 0 255 131 11 19 255 245 0 207 20 42 255 255 0
    255 102 0 205 0 230 0 91 255 255 200 89 215 202 199 154 255 255 255
    255 57 255 171 255 165 250 218 162 255 24 14 10 141 199 84 216 12
    255 37 216 205 255 125 0 255 69 189 195 0 121 255 82 31 106 242 124
    111 32 0 0 158 113 255 119 17 227 97 0 198 12 201 16 255 0 45 236
    132 255 0 253 255 171 212 255 125 115 107 11 16 168 251 11 99 0 255
    191 197 23 0 243 173 0 232 0 0 0 4 255 48 135 255 228 255 93 0 49 32
    203 255 79 255 211 136 210 31 77 51 0 255 0 121 255 255 216 0 255
    105 135 255 159 42 123 125 27 250 249 106 255 138 185 16 108 0 116
    230 25 0 72 223 26 229 0 0 238 252 10 20 100 18 254 27 87 155 0 255
    174 255 9 43 136 114 0 255 255 0 255 110 0 100 255 182 27 134 63 255
    76 208 91 218 46 157 1 226 255 63 215 218 246 0 86 186 255 28 136
    185 136 210 191 153 101 0 255 185 206 151 63 255 255 40 255 238 0
    103 219 255 121 47 26 140 0 255 255 44 189 89 110 105 189 129 25 78
    136 0 27 118 90 19 228 210 238 0 161 32 78 123 212 255 56 37 121 226
    87 60 90 234 223 115 255 0 96 130 0 168 204 27 120 0 218 78 122 33 0
    255 11 107 39 0 225 36 255 0 28 121 41 255 0 215 234 0 249 241 0 114
    44 244 41 255 59 0 22 139 0 0 33 126 230 104 255 175 255 83 144 50
    255 255 0 0 255 23 36 161 118 255 255 0 254 155 198 255 255 0 200
    148 0 6 250 252 1 81 117 56 154 255 40 51 154 255 0 196 0 33 255 11
    178 0 255 188 223 247 255 0 50 50 6 95 255 169 41 68 255 59 98 255
    231 255 0 237 0 145 33 0 218 0 46 255 255 79 255 35 177 255 47 181
    255 255 17 22 255 255 0 178 255 0 228 12 255 254 17 14 32 83 242 55
    161 92 18 178 25 255 255 152 37 0 215 147 20 255 28 169 82 0 0 54 32
    132 11 236 190 211 255 0 239 255 114 255 98 255 48 153 203 0 224 193
    159 215 255 255 255 115 145 255 255 0 76 197 161 35 91 18 255 107 7
    255 163 27 225 245 92 74 255 194 255 255 84 205 153 91 0 0 120 0 0
    221 0 94 149 0 41 231 0 143 122 49 103 172 0 22 0 168 168 255 0 255
    86 0 98 28 175 75 138 65 122 0 104 0 63 255 55 255 0 50 255 0 40 58
    0 8 0 195 85 222 255 255 27 0 22 52 122 80 255 181 0 104 238 167 64
    226 83 57 255 182 25 127 33 255 160 82 255 81 142 22 0 0 255 255 255
    171 255 162 5 41 145 255 20 229 0 255 230 17 255 176 131 255 220 138
    180 0 14 107 133 243 91 56 26 17 0 169 11 248 84 255 255 0 51 0 56
    93 225 68 67 248 67 79 66 255 0 149 215 21 53 21 11 158 162 84 199
    121 94 255 0 162 255 111 0 0 0 168 255 184 255 255 154 64 116 178
    218 194 208 25 255 255 123 255 205 0 255 0 255 255 0 130 0 158 23 31
    58 90 151 77 255 114 88 117 121 167 206 255 0 92 112 240 0 102 41 97
    69 12 225 185 0 0 0 137 144 51 170 71 255 191 255 255 0 255 255 0
    255 227 212 61 238 194 191 223 56 149 63 2 38 27 255 10 149 221 174
    0 255 156 110 221 255 176 121 187 0 175 255 48 53 50 255 0 77 170
    255 162 63 255 134 129 0 181 255 0 0 255 0 76 73 41 103 0 255 255 67
    45 139 1 150 55 255 255 13 0 198 165 92 0 203 65 179 0 219 0 96 255
    227 0 255 0 157 0 215 157 255 255 143 188 54 0 136 31 163 255 134 0
    149 66 0 0 102 75 126 255 213 255 52 0 255 0 255 4 6 150 0 201 97
    255 165 214 255 135 163 0 255 255 70 139 248 0 215 29 255 71 0 255 0
    255 255 194 255 55 158 125 173 11 255 143 255 0 4 223 255 68 66 0
    239 255 142 207 162 0 181 255 0 132 235 83 106 181 112 102 122 75
    223 0 255 255 140 132 88 0 0 0 255 255 0 208 255 189 0 255 255 251
    126 255 0 42 25 255 0 255 183 217 0 128 197 3 0 99 34 0 224 75 255
    243 255 0 27 255 9 131 140 49 0 42 112 255 57 0 9 90 0 82 41 149 218
    192 172 255 173 201 0 85 104 95 221 0 178 242 139 255 211 0 174 99
    80 235 74 204 255 38 189 255 0 255 152 0 27 0 78 255 58 133 0 190
    165 255 0 19 255 255 62 107 161 161 252 91 34 243 255 255 48 202 0 0
    255 0 255 201 255 132 255 255 223 255 249 255 255 255 0 0 255 0 0 0
    207 174 144 5 83 238 0 0 231 255 140 162 255 102 223 255 0 195 100
    113 255 167 86 28 251 149 231 173 251 31 22 117 41 0 0 4 255 217 15
    211 86 102 120 255 148 66 213 60 249 0 183 255 255 65 135 58 51 182
    120 0 0 231 255 117 255 173 221 255 17 208 203 82 90 255 159 135 218
    108 0 255 54 182 0 0 255 255 255 255 53 98 255 255 255 255 177 0 255
    194 208 33 0 102 89 0 123 255 255 81 182 191 67 44 25 255 255 255
    255 0 56 255 29 53 210 197 255 186 196 255 157 165 0 46 45 255 65 0
    255 0 163 255 102 255 0 40 64 0 27 212 0 172 99 0 255 0 255 2 83 168
    0 106 44 247 0 255 156 19 245 28 255 255 5 0 255 153 46 255 206 187
    164 0 227 255 0 24 131 0 118 48 178 233 176 194 255 158 110 16 0 177
    152 0 208 0 0 141 0 0 38 1 167 221 85 158 96 0 155 236 0 255 32 214
    238 85 103 0 210 0 18 28 251 209 21 0 62 0 255 255 133 255 255 201
    13 0 40 62 100 116 255 0 0 255 188 38 31 0 77 188 86 0 50 255 255
    255 255 0 203 152 0 243 249 144 0 109 0 46 14 194 255 123 48 178 199
    0 255 84 33 71 138 245 226 60 31 255 144 0 255 255 38 241 0 255 255
    158 242 0 181 132 190 56 255 255 87 10 255 255 129 110 255 160 11
    255 31 255 80 0 1 0 183 154 255 48 126 0 0 228 74 255 22 222 37 46
    32 217 255 42 103 255 0 255 239 255 206 0 202 151 77 0 163 0 174 0 0
    255 0 186 5 255 0 255 220 255 255 255 48 74 136 255 93 255 123 218
    127 255 255 255 255 114 255 190 0 172 205 0 0 255 71 255 72 56 213
    96 165 166 83 252 36 255 41 28 125 0 0 0 60 176 42 172 228 57 255 30
    237 3 72 25 0 0 146 0 85 65 255 0 144 64 0 214 0 147 255 255 0 140
    162 245 148 134 154 0 0 187 0 230 109 35 255 197 114 169 90 229 255
    255 0 255 0 6 0 82 144 1 162 0 71 207 255 255 165 255 49 84 101 0
    189 0 111 255 217 56 47 7 249 0 0 255 0 37 251 104 38 67 214 215 254
    140 255 248 113 255 50 7 104 72 68 0 65 107 17 67 237 162 255 95 255
    0 212 255 255 0 151 251 255 139 0 0 0 0 0 87 249 217 170 18 0 174
    147 5 23 46 0 0 21 48 255 255 141 207 202 121 144 193 247 255 93 69
    123 0 255 255 0 255 112 0 0 74 199 0 26 255 234 117 28 255 107 255
    34 246 0 231 0 170 204 155 161 249 255 1 155 201 255 9 213 189 195
    142 255 255 0 0 181 19 111 28 111 189 176 255 1 255 255 166 22 0 224
    98 133 0 0 0 104 0 255 255 145 255 23 85 255 50 0 173 255 229 120
    255 36 47 0 0 175 255 195 0 245 0 255 255 241 251 217 255 72 0 16 0
    255 69 0 189 255 0 88 0 45 29 0 197 0 114 0 217 231 230 209 221 255
    0 0 168 224 182 78 255 188 0 51 255 255 87 255 186 255 253 91 0 64
    157 126 15 0 255 0 0 254 34 214 255 39 255 255 162 126 0 87 27 108
    255 0 151 199 0 176 80 255 2 255 127 39 139 74 255 0 31 0 225 44 101
    17 255 129 172 127 0 255 255 252 0 244 117 0 110 7 105 95 0 255 97
    255 251 255 33 0 0 255 0 179 90 0 226 0 166 73 240 10 0 53 0 155 255
    255 106 189 84 81 120 0 201 160 25 11 59 55 219 181 0 245 45 38 66
    172 57 71 0 0 215 123 9 103 155 255 124 0 14 183 109 156 59 0 0 255
    39 63 100 167 29 9 184 59 3 237 244 179 255 255 48 40 233 201 255 50
    255 40 255 0 252 245 87 249 85 31 55 106 7 64 255 0 119 5 5 81 25 0
    28 184 0 0 0 123 29 0 45 126 0 0 144 120 31 133 150 23 108 123 86 0
    0 218 205 13 215 81 0 234 24 255 86 0 128 0 109 190 255 255 0 54 198
    0 174 255 205 11 14 255 55 195 28 234 56 143 21 137 163 145 236 0
    215 119 7 121 255 254 7 157 23 102 21 255 255 0 255 247 253 0 0 0
    151 174 255 193 172 196 153 119 0 0 255 82 145 164 0 32 95 0 255 200
    161 0 255 0 0 58 211 255 255 221 140 209 171 126 0 243 32 0 209 0
    255 255 255 0 187 207 0 255 255 231 217 0 255 0 0 0 255 255 0 156 97
    163 13 183 182 213 237 10 117 146 255 205 244 130 95 195 154 0 216 0
    0 255 117 57 99 196 255 72 104 255 0 0 255 255 202 136 0 44 0 193 96
    193 50 22 0 146 74 0 0 171 255 0 15 0 245 255 0 45 150 79 105 173 0
    156 205 173 255 18 110 129 23 185 0 119 200 110 255 255 221 0 0 44
    118 56 255 184 4 0 70 255 88 46 218 228 141 203 0 154 0 0 203 160
    218 63 255 40 15 255 149 117 0 120 0 0 139 207 79 32 24 177 59 14
    166 177 198 172 240 213 185 163 25 172 0 255 227 0 65 255 3 177 64
    60 0 203 157 113 72 102 110 74 98 0 255 10 255 196 179 25 45 68 197
    255 255 255 98 253 56 238 21 249 124 0 255 255 0 68 255 62 212 54
    173 164 62 62 0 127 163 215 27 9 86 130 42 118 31 84 169 196 122 181
    153 0 247 0 81 104 255 255 25 255 0 1 0 52 255 0 0 145 56 226 80 0
    255 122 0 255 255 87 166 55 0 70 255 116 232 245 0 0 38 0 0 0 255
    236 18 165 0 231 0 130 255 255 16 255 255 255 52 225 167 186 255 254
    101 135 193 0 0 223 228 78 164 226 0 107 0 255 230 119 0 0 255 0 190
    255 255 0 45 255 1 255 185 175 163 49 0 255 202 0 233 0 8 121 89 255
    42 0 255 0 255 95 25 202 57 79 98 146 2 245 255 190 0 193 197 2 0 0
    18 0 77 255 186 138 165 228 255 20 255 255 255 118 255 255 134 0 0
    251 0 67 0 203 180 0 185 242 14 244 82 255 255 244 82 0 255 211 35
    32 218 168 83 133 0 168 169 255 32 146 29 192 255 0 0 112 0 255 221
    0 179 255 0 0 50 250 179 229 223 192 131 169 40 255 98 76 66 235 255
    138 0 0 83 88 0 155 255 0 0 255 123 105 0 255 170 127 143 255 151 0
    52 70 57 255 141 158 255 0 240 255 0 80 162 110 193 0 10 135 0 81
    255 151 0 139 255 209 170 111 255 0 117 208 33 27 241 85 61 0 255 0
    255 158 113 179 108 0 255 233 255 108 255 255 3 84 255 19 255 183 0
    255 0 0 133 35 195 168 13 48 3 11 172 124 27 255 255 20 189 139 107
    0 4 195 91 172 255 0 0 65 183 209 252 0 30 236 63 196 163 168 165
    255 255 136 255 255 146 141 255 2 255 214 154 38 31 15 0 228 202 92
    255 219 7 228 143 255 206 208 158 50 126 154 72 255 184 79 161 255 0
    49 183 0 0 255 92 255 240 135 108 212 167 55 255 255 255 255 123 255
    0 193 2 70 244 0 0 69 252 255 205 139 0 0 255 227 213 39 255 59 227
    95 30 35 138 0 81 202 128 11 62 0 255 255 142 249 187 40 195 0 255 0
    0 149 35 255 197 255 163 255 255 255 255 0 212 0 5 152 0 41 113 0
    144 160 238 255 72 255 228 232 0 0 129 167 48 164 59 171 153 0 224
    114 20 237 0 121 239 12 255 5 152 165 222 0 245 116 100 255 85 10
    255 97 245 6 235 108 194 0 255 82 255 147 198 255 23 146 185 61 116
    76 149 214 229 242 200 255 0 226 0 0 0 107 151 220 29 52 224 173 149
    0 44 213 0 126 252 88 101 180 255 60 255 95 255 0 36 117 15 128 89
    10 215 255 41 0 0 0 63 142 229 255 5 94 203 154 255 126 111 255 255
    146 0 225 255 86 236 200 91 117 53 255 238 82 150 255 0 0 114 144
    165 0 0 255 0 0 255 136 255 255 96 11 240 212 235 255 158 255 237
    119 255 0 17 255 83 255 204 161 8 255 47 0 140 157 40 166 0 0 198 57
    0 137 222 236 84 206 231 255 0 156 7 231 0 255 0 158 66 0 0 0 140
    255 229 94 208 234 154 61 91 207 56 255 0 166 32 203 39 254 158 89 0
    255 2 255 249 221 163 0 132 143 18 47 2 46 97 145 255 60 0 0 220 144
    10 79 245 255 0 2 255 255 139 133 128 212 0 88 0 122 0 234 0 0 0 255
    52 255 109 0 75 233 255 35 255 110 0 191 182 255 0 120 250 115 255
    255 153 199 63 216 66 107 0 117 74 188 135 163 68 140 194 0 0 171 0
    192 255 122 203 152 0 124 255 157 217 0 255 255 142 250 68 229 194 0
    0 150 19 251 255 253 255 46 155 0 195 74 91 255 35 128 252 0 255 101
    164 162 135 170 241 168 236 45 0 0 250 179 0 0 239 239 118 124 172
    156 151 197 245 189 232 209 58 106 180 177 98 255 255 124 34 179 220
    70 109 61 41 255 168 255 202 237 0 0 29 29 81 119 255 210 255 185 5
    255 114 70 255 0 0 0 45 255 255 182 255 154 169 88 255 245 255 0 255
    255 15 255 153 201 44 53 252 255 201 249 153 189 69 255 139 131 0
    255 255 0 49 0 152 255 220 255 5 90 0 69 190 255 11 134 255 224 228
    170 255 90 255 255 254 245 122 229 110 150 255 0 41 0 241 162 86 222
    16 255 177 181 167 134 255 0 81 177 5 198 255 156 0 242 0 0 231 243
    103 112 75 74 246 206 255 49 203 244 0 192 0 223 255 83 246 167 158
    20 160 237 255 6 231 10 106 142 33 230 232 172 91 48 16 255 190 255
    127 0 0 39 0 15 0 33 255 249 255 255 219 63 22 96 105 12 255 27 0
    255 255 0 151 0 119 0 39 255 51 212 255 118 247 255 255 0 0 183 0
    230 207 238 0 28 127 255 255 0 68 94 0 132 20 81 9 200 0 214 0 143
    255 37 116 239 103 87 61 255 185 233 199 0 23 133 98 0 255 255 12
    234 0 255 157 32 72 139 255 19 255 241 31 211 255 13 85 48 130 1 182
    139 251 2 143 0 255 0 255 249 106 0 255 253 108 139 255 146 255 123
    0 60 171 42 238 240 252 3 145 255 128 160 255 110 255 0 198 26 197
    255 178 255 193 240 66 79 205 115 98 255 181 247 0 13 2 0 50 198 0 0
    255 113 4 255 0 198 180 9 255 93 144 167 206 0 0 255 147 178 248 0
    97 117 0 255 29 76 94 255 0 46 251 31 247 0 47 255 251 0 0 106 0 173
    0 0 0 255 255 255 118 0 255 0 19 166 255 0 0 181 70 252 111 255 165
    0 139 2 14 0 0 255 72 228 250 239 54 255 255 238 250 190 157 255 11
    255 54 202 0 174 255 90 212 148 145 81 112 169 54 255 160 129 126
    108 130 159 206 11 228 0 210 255 0 230 111 255 71 16 159 112 255 237
    0 255 90 255 77 92 0 209 0 21 255 106 255 36 31 141 205 0 220 0 165
    5 0 173 68 255 217 212 57 135 215 121 158 143 205 41 84 0 0 119 100
    0 215 255 55 241 0 255 0 0 255 191 52 0 0 255 71 255 255 0 255 62
    255 45 0 140 121 245 255 220 159 255 0 169 255 0 184 255 255 255 253
    154 255 0 0 255 89 2 93 0 255 221 93 90 255 0 52 191 0 156 164 218
    150 255 102 46 227 190 255 48 255 0 111 235 221 226 0 0 0 176 140
    255 255 255 20 50 207 173 0 2 241 0 203 62 6 0 0 0 255 255 224 175
    16 10 102 0 255 14 255 255 146 0 255 6 255 168 0 83 131 0 0 240 0
    213 0 121 255 47 0 176 53 0 95 255 166 65 218 0 121 186 0 255 90 96
    255 32 0 207 0 255 0 253 255 0 178 0 215 106 0 255 255 168 255 244
    175 9 255 44 0 255 226 5 238 197 135 57 152 218 7 62 48 0 177 0 65
    76 234 152 0 69 0 216 176 0 234 222 242 13 191 0 0 133 155 0 44 64
    179 160 126 164 134 204 56 3 72 255 255 167 194 54 5 87 154 88 255
    255 119 137 192 185 221 80 255 185 255 0 0 170 0 111 59 18 212 41
    255 0 195 122 0 73 111 44 90 0 255 168 77 132 255 194 255 239 214 75
    126 255 255 219 178 4 255 230 238 0 157 255 191 87 246 120 49 0 233
    249 144 76 0 0 195 223 31 255 96 181 33 212 133 147 191 51 255 10
    196 59 35 0 82 140 255 0 145 255 0 128 255 106 83 0 245 255 139 152
    125 0 34 255 255 255 187 94 200 156 56 0 0 37 0 0 0 208 200 75 166
    255 254 11 9 159 65 110 213 138 255 230 0 184 188 255 0 0 141 170 85
    255 0 102 255 255 0 214 217 203 135 118 255 37 0 178 0 34 255 100
    119 27 0 224 0 255 0 7 255 229 0 60 251 85 24 16 255 107 26 205 255
    245 255 182 16 0 0 0 148 255 34 125 179 127 130 122 255 245 129 47
    184 125 68 0 255 154 255 82 78 255 221 255 0 74 225 50 255 123 51 2
    43 13 255 255 255 183 185 81 0 112 231 95 56 178 0 0 221 181 97 0
    255 163 44 255 121 240 126 0 0 218 219 255 138 255 43 138 0 159 85
    116 31 0 35 0 0 0 246 78 98 45 0 45 10 31 0 255 189 133 16 170 255
    220 111 0 131 147 0 229 255 192 29 255 0 0 5 223 3 0 0 21 52 255 255
    121 42 115 63 255 149 193 249 244 255 0 44 255 0 150 57 143 0 43 208
    0 23 183 250 144 57 92 225 20 0 255 255 243 255 244 170 11 255 143
    30 233 123 0 121 167 0 90 15 28 49 0 0 0 98 36 0 0 121 153 0 136 255
    0 172 212 0 165 70 17 96 180 55 0 220 170 255 255 126 0 255 245 21
    244 236 166 255 187 57 255 0 255 136 255 255 125 0 0 0 217 169 255
    59 103 0 0 0 187 210 255 255 0 94 0 0 234 255 183 224 102 239 9 6
    252 101 135 230 255 233 12 255 229 100 116 201 21 0 231 56 39 46 0
    18 43 0 0 203 143 183 53 54 0 240 234 199 0 255 208 164 202 255 63
    52 255 137 75 138 255 0 105 0 14 116 0 242 0 21 0 0 103 6 255 255 93
    117 0 255 200 103 4 255 255 95 0 39 236 112 0 188 0 0 15 50 223 4
    163 237 197 112 255 2 0 148 233 255 178 20 255 255 198 33 190 160
    107 214 241 0 220 0 255 185 80 255 34 207 38 255 230 214 231 151 0
    147 0 207 0 252 255 255 49 248 0 0 255 0 237 255 85 0 0 192 213 0
    197 108 255 255 0 46 245 42 87 65 6 255 190 0 156 84 74 0 247 159
    166 67 19 255 255 141 0 255 255 244 0 29 0 230 255 1 40 153 198 255
    109 255 0 84 239 255 85 85 45 255 255 54 114 245 238 0 132 68 223 51
    45 255 255 191 0 0 11 151 255 255 10 0 21 22 0 221 0 73 0 0 15 193
    254 255 255 0 255 42 79 206 0 117 108 158 0 170 171 61 165 156 112 0
    216 95 255 47 2 237 216 20 255 82 226 238 213 98 0 255 255 74 0 99
    255 12 50 255 21 0 152 173 255 55 175 48 0 17 57 0 246 37 231 245
    126 136 0 255 10 66 246 255 248 5 55 255 54 255 255 80 0 163 6 140
    215 104 23 255 255 189 255 240 253 212 99 245 5 191 235 175 107 190
    211 0 165 166 144 0 0 255 67 0 71 0 205 230 186 45 0 255 67 128 0
    255 255 0 148 34 15 161 10 131 26 0 252 220 119 17 0 91 149 130 130
    24 212 111 115 255 48 223 235 101 0 217 220 165 5 255 157 255 170 77
    0 113 174 245 208 0 255 202 163 0 195 174 66 255 212 71 226 0 255 53
    255 0 48 255 0 102 67 75 0 34 255 87 236 0 64 0 207 79 236 18 39 255
    252 21 0 0 197 133 249 193 70 142 148 255 151 253 255 0 255 168 0
    255 85 118 198 166 0 192 153 62 0 86 26 238 72 222 80 144 230 185 19
    194 255 206 143 103 235 255 117 51 219 89 42 255 0 191 98 255 137 49
    110 229 203 0 0 155 84 255 111 94 0 48 225 255 114 47 0 67 47 59 185
    0 255 255 255 255 102 255 143 255 92 255 230 194 255 140 145 255 0
    255 127 149 255 0 132 85 255 255 95 71 134 0 255 255 115 125 255 0
    95 238 255 0 33 15 146 0 72 0 153 196 84 198 194 0 243 255 0 117 20
    54 175 224 130 0 249 164 169 255 255 252 37 181 255 200 237 145 97
    77 255 177 0 190 166 196 255 255 253 0 255 250 0 173 33 255 0 255
    255 189 218 15 225 114 187 160 0 255 0 108 0 111 130 155 255 0 0 255
    4 137 0 93 188 62 0 0 200 43 223 174 106 151 221 89 255 240 254 0 83
    0 0 255 65 0 221 95 29 1 80 75 8 255 255 221 46 19 0 112 108 30 255
    0 0 70 45 255 144 238 108 242 0 138 0 0 0 109 65 70 176 246 255 16
    255 255 25 255 255 47 20 22 242 248 22 234 167 205 255 72 253 0 134
    0 180 231 255 42 0 154 236 185 0 255 0 121 255 161 134 99 130 124 65
    128 255 0 0 127 255 86 193 255 0 255 255 52 252 0 255 237 255 255
    255 255 122 74 212 255 199 0 25 225 42 0 255 9 0 255 0 0 95 110 0
    255 147 0 156 0 87 57 255 136 111 0 0 152 0 43 255 246 92 255 210
    158 222 45 155 255 255 41 0 255 246 127 130 255 180 0 0 251 218 128
    84 83 0 23 195 25 168 228 66 15 47 92 240 214 31 125 60 40 129 21
    255 0 47 228 0 165 80 15 5 185 32 55 182 0 255 255 239 147 0 241 186
    130 255 0 118 0 0 136 148 255 3 0 0 160 156 60 0 255 248 226 125 255
    31 0 0 29 95 56 0 0 118 182 0 0 68 0 255 255 122 202 230 235 79 0 0
    142 176 0 159 64 247 233 220 0 33 166 255 0 255 58 255 75 255 0 255
    62 192 124 231 255 0 68 120 255 45 73 97 0 8 70 0 213 113 119 217 0
    184 0 137 255 0 221 48 229 77 255 243 26 165 47 20 134 0 62 161 67
    255 0 254 225 99 12 153 0 160 178 255 0 255 36 251 188 0 242 244 22
    39 255 255 229 0 255 255 0 87 230 0 75 217 152 29 106 255 99 252 241
    74 0 108 133 70 255 221 0 255 255 255 0 32 212 0 0 174 160 232 100
    26 196 255 255 255 39 100 177 0 183 255 255 255 218 227 0 113 182
    242 0 10 0 164 236 203 255 41 195 130 255 255 132 95 255 134 169 51
    49 0 158 94 0 109 255 255 255 202 12 255 0 43 82 52 255 0 142 255
    255 187 0 11 69 113 137 194 198 37 0 220 0 44 31 255 91 87 225 10
    255 114 255 230 0 236 125 0 0 235 183 255 42 0 229 0 255 9 33 189 0
    255 50 113 199 106 78 123 255 0 54 225 153 0 193 3 0 0 200 255 0 24
    220 255 216 162 0 255 30 85 255 255 48 255 57 255 149 203 0 0 123
    255 255 233 255 188 255 96 255 54 255 130 0 152 255 194 143 244 255
    0 255 0 135 255 0 255 78 255 149 115 147 149 255 119 169 60 0 90 202
    0 255 0 31 69 186 75 0 152 221 255 89 0 59 44 255 255 160 0 152 0
    255 255 230 159 125 0 112 122 255 58 70 255 255 0 209 10 130 78 0 0
    0 153 0 143 255 196 237 240 161 255 7 121 255 192 255 109 0 90 220
    236 104 15 0 246 0 252 54 0 0 22 255 0 115 152 0 0 15 0 0 33 117 0
    157 109 0 255 119 21 255 255 146 208 223 255 15 0 255 255 30 171 0
    236 98 229 191 128 171 182 96 139 67 82 255 174 98 58 121 255 0 0 30
    13 91 255 198 40 43 57 91 0 179 146 0 89 255 13 0 191 255 255 45 64
    68 255 244 60 145 208 248 129 246 201 178 28 253 226 255 163 0 202
    183 61 238 188 129 0 0 112 150 0 0 145 11 1 255 186 133 255 221 0 0
    255 255 158 255 145 0 255 43 163 255 224 211 190 226 8 192 0 255 13
    132 91 89 106 212 0 255 255 161 154 0 0 7 249 111 0 240 65 0 205 37
    4 193 20 255 90 0 16 255 255 0 104 255 255 0 198 124 17 255 122 167
    255 0 255 248 31 0 0 39 0 211 93 143 255 75 36 255 0 0 203 0 205 79
    1 255 0 94 0 161 167 0 255 161 49 31 233 121 15 0 115 255 120 255
    255 42 0 255 83 27 116 0 4 100 0 0 0 218 19 0 226 122 43 255 255 0
    141 255 255 50 0 0 216 245 197 54 48 54 178 149 219 154 202 91 177 0
    88 29 0 0 255 255 76 255 186 140 255 85 33 71 0 175 85 0 0 118 0 173
    0 165 250 255 147 195 0 183 5 163 255 14 171 190 174 2 235 255 61 49
    172 133 93 230 206 248 230 255 255 0 119 255 0 0 159 0 138 39 244
    221 3 58 57 0 100 0 255 255 161 0 22 255 183 211 115 201 255 65 53
    255 255 255 210 255 250 0 80 150 9 150 255 237 8 248 124 61 45 0 255
    96 155 255 0 237 51 41 255 58 255 223 160 193 140 88 194 255 171 112
    0 255 57 0 15 161 225 75 255 136 255 131 255 0 246 218 115 57 140 35
    55 86 255 13 175 0 70 4 255 17 107 37 255 248 221 245 97 34 255 19
    139 147 255 88 255 91 143 0 139 243 255 0 255 178 253 255 52 255 200
    255 129 198 135 247 255 143 0 98 255 137 143 0 62 19 0 7 19 106 18
    137 129 10 0 64 94 0 85 0 62 0 35 126 161 78 169 255 255 125 255 255
    195 103 0 0 183 0 0 0 255 68 0 146 195 0 23 255 119 0 255 32 172 228
    141 180 219 44 169 87 221 255 189 1 255 0 199 182 0 16 255 101 97 0
    0 0 0 66 131 137 183 255 201 146 149 72 125 255 0 32 234 0 233 0 0
    191 209 9 104 160 127 238 154 181 0 255 97 0 255 0 255 255 173 118
    255 0 255 255 224 45 255 132 255 54 117 9 212 156 98 140 165 140 111
    255 61 93 247 139 154 0 255 0 0 109 204 241 81 0 255 255 55 94 123
    188 3 123 125 92 107 0 172 126 214 255 0 0 0 16 142 57 255 124 0 66
    0 31 18 236 16 0 0 142 226 83 33 167 194 0 128 255 64 157 199 102
    255 48 77 0 75 255 205 212 207 142 172 58 191 255 135 0 115 0 115 63
    183 112 255 73 150 207 255 255 85 201 48 162 77 87 179 208 57 132 0
    255 27 0 0 0 101 156 243 188 255 187 127 255 66 228 255 0 255 255 57
    255 255 255 9 233 0 255 209 0 0 0 27 0 202 29 0 15 28 96 79 0 206 94
    88 0 232 122 115 14 0 239 229 246 219 255 15 111 255 130 129 246 255
    255 89 255 115 43 93 200 255 255 0 26 84 170 0 0 200 47 162 65 235
    224 71 0 27 175 169 80 255 152 255 84 240 72 221 148 255 0 22 121
    107 0 160 181 0 58 255 0 174 0 183 255 255 17 233 255 59 0 0 227 12
    129 10 178 0 255 76 0 133 229 159 153 111 255 70 0 255 255 201 169 0
    255 211 54 34 255 36 60 255 255 0 10 154 169 0 0 255 246 160 228 0 0
    27 179 211 45 59 0 205 196 168 255 44 0 82 172 99 240 25 138 255 0
    136 174 35 39 87 163 72 212 63 174 21 0 95 139 89 0 0 31 125 91 189
    58 0 0 255 37 0 147 64 0 73 0 255 157 227 242 161 117 12 180 0 207
    16 55 45 189 0 77 34 205 41 0 226 0 36 255 0 137 23 118 0 255 255
    144 179 74 69 0 0 0 93 255 127 0 129 99 255 0 191 36 255 81 95 255 0
    208 158 199 43 0 0 255 151 0 134 182 255 175 255 255 155 94 255 205
    91 250 0 99 213 66 154 255 204 45 98 235 155 0 73 255 208 255 255
    141 0 192 240 224 162 240 255 255 141 255 70 80 124 58 100 255 255
    255 0 188 197 76 122 255 173 106 107 182 255 70 38 255 255 70 249
    227 249 141 121 95 255 0 0 244 219 247 255 0 0 214 255 255 65 75 5 0
    112 0 255 215 202 118 66 165 255 10 62 247 44 255 246 255 129 51 100
    255 24 0 35 0 255 133 243 255 89 0 202 129 54 24 237 0 41 0 0 0 205
    255 244 75 54 255 94 89 255 251 253 186 0 0 162 56 88 234 2 255 147
    56 255 143 0 80 51 45 108 204 255 255 0 0 167 237 195 190 0 0 255
    200 16 255 150 255 0 99 58 208 0 255 61 77 213 50 255 120 0 0 157
    142 0 0 8 0 255 34 0 69 0 69 45 255 243 0 12 255 0 47 112 73 234 0
    255 243 156 132 236 0 7 106 143 212 255 255 255 255 158 255 233 71
    255 0 102 120 247 0 215 0 148 0 255 145 83 255 65 202 131 205 144
    125 190 174 255 241 255 26 25 0 0 0 183 30 44 188 0 255 255 192 121
    241 63 212 255 255 0 255 187 139 13 255 181 51 255 53 129 139 255 0
    255 129 255 173 216 255 0 69 9 172 154 62 255 12 0 237 244 14 0 61
    255 135 166 186 171 118 139 255 52 153 255 43 2 255 179 1 255 0 19
    252 0 50 151 112 165 65 255 0 66 67 41 161 44 255 0 67 255 91 153 61
    29 179 57 217 0 59 223 251 197 255 75 0 255 165 0 0 118 255 240 153
    255 123 165 107 166 255 21 196 200 255 187 72 0 121 255 231 26 99 0
    63 255 48 91 177 0 255 0 255 255 0 201 0 48 35 12 71 12 178 0 255
    189 255 169 255 0 83 229 158 255 65 65 229 255 102 126 170 255 255 0
    0 0 84 193 255 49 235 124 255 252 162 0 69 91 169 244 37 23 6 113 0
    255 0 0 255 188 120 0 197 207 57 0 171 235 248 26 52 255 255 3 0 164
    0 150 106 70 102 145 50 255 216 67 255 76 240 219 0 0 143 0 63 23 0
    255 255 10 156 150 92 230 186 255 0 72 152 73 0 68 95 57 194 231 105
    255 13 155 118 202 0 0 12 89 75 97 255 0 0 61 57 138 255 161 255 255
    83 255 255 255 255 255 65 133 255 73 0 224 0 179 0 29 82 62 208 52
    191 10 255 255 255 199 158 49 137 67 78 0 101 202 255 254 0 236 37
    125 143 255 0 0 255 0 0 255 0 185 31 53 255 202 0 203 125 254 1 77
    255 255 0 78 248 243 202 255 84 255 255 255 0 11 153 255 153 85 62
    188 14 0 104 0 0 0 45 255 81 0 0 0 79 255 255 255 83 211 242 51 44 0
    13 137 94 156 103 99 3 24 204 70 190 161 79 0 255 172 255 167 163
    190 0 183 0 10 0 233 0 245 240 255 244 0 9 174 159 68 255 255 0 0 0
    6 0 0 0 97 26 255 255 87 255 209 255 255 211 140 87 215 205 162 183
    15 61 0 16 74 0 237 125 255 255 114 152 207 0 255 167 50 255 255 255
    255 0 86 107 255 0 143 255 255 225 35 0 255 85 0 232 88 96 170 0 255
    3 0 195 118 118 174 255 0 255 0 38 67 138 56 255 71 37 255 255 123
    34 233 89 40 255 255 159 95 46 0 77 38 232 210 255 0 170 0 217 233
    200 63 0 237 255 241 133 0 0 66 118 195 0 220 9 255 134 5 100 199
    107 200 255 23 0 90 110 195 60 13 55 37 255 255 99 41 0 255 151 164
    113 255 37 189 233 103 255 0 3 0 8 31 232 176 95 114 117 176 185 252
    4 0 0 133 170 159 48 19 0 63 166 255 88 117 255 255 77 170 152 13
    165 0 56 26 0 131 53 255 255 212 208 68 77 210 168 88 232 0 0 0 157
    221 255 0 0 122 182 81 240 0 0 177 0 255 0 216 210 0 0 93 255 0 185
    239 255 255 200 255 172 0 36 135 83 255 255 72 188 174 182 15 190 77
    156 247 0 208 38 159 0 0 255 255 65 47 165 199 39 5 0 208 138 255
    199 125 246 49 16 255 0 167 0 34 0 124 255 61 213 129 0 0 32 2 216
    12 107 15 73 71 249 47 230 181 54 255 255 255 64 126 163 13 33 147
    117 189 0 85 194 255 0 86 29 0 15 255 255 255 160 255 255 0 196 255
    0 0 0 0 173 127 31 188 0 94 0 0 162 57 95 32 255 252 158 0 149 0 236
    26 80 82 141 141 62 5 176 146 215 0 46 255 22 0 210 12 100 0 166 169
    255 101 209 174 114 144 253 215 255 255 122 56 20 247 255 58 49 0
    246 255 115 255 91 75 28 201 223 255 24 255 41 0 157 0 0 255 93 255
    67 140 168 255 255 223 238 255 0 172 255 7 215 255 97 72 195 104 255
    27 42 196 2 255 38 255 255 197 222 176 199 131 128 0 9 0 255 107 92
    58 255 107 163 27 217 159 179 177 97 255 255 110 70 0 208 165 0 0 99
    0 39 41 135 73 52 255 0 38 194 0 254 79 181 0 255 93 255 181 0 102
    210 249 114 255 0 82 206 185 105 250 108 255 255 255 157 16 136 69
    53 0 195 132 59 0 119 15 0 255 0 253 255 223 215 28 22 233 185 246
    91 255 255 255 0 17 133 0 255 0 159 155 208 70 23 255 0 218 163 197
    1 255 82 33 219 42 3 123 0 204 101 129 71 255 220 240 21 255 58 255
    190 0 142 255 55 139 0 43 138 225 0 201 255 157 142 241 255 255 19
    255 255 255 187 189 30 160 67 239 108 255 25 134 0 15 3 255 0 0 214
    250 94 0 27 255 141 34 255 255 0 4 97 41 87 194 0 156 18 234 0 251 8
    255 105 99 163 141 0 126 192 217 98 218 255 32 16 125 50 0 57 255 37
    0 206 148 7 201 51 86 0 0 99 255 141 255 255 248 255 110 159 237 12
    72 9 224 0 255 255 131 255 140 0 0 0 180 0 172 255 66 211 132 0 0 62
    125 37 255 166 51 85 245 255 119 255 221 241 0 255 214 163 156 0 34
    0 120 198 255 67 141 89 255 43 255 84 181 0 0 247 221 48 255 0 203
    39 0 252 84 0 147 56 212 255 255 201 151 249 101 78 255 29 0 181 153
    84 95 255 238 24 255 219 0 0 0 255 97 25 0 255 139 0 239 59 255 146
    124 0 104 78 12 182 37 0 107 121 73 65 0 255 50 0 0 255 29 0 28 255
    0 182 0 255 102 0 12 215 243 46 194 150 9 176 144 84 0 99 255 73 221
    124 169 171 168 0 255 255 255 0 0 255 255 216 117 16 97 0 255 113 0
    163 0 74 255 255 48 181 118 63 133 215 99 97 255 179 255 0 255 188
    188 20 70 85 255 235 181 80 142 224 0 199 52 255 79 111 220 107 10 0
    74 0 24 255 175 86 125 255 54 255 0 0 151 153 255 107 141 245 128
    183 0 0 126 255 113 201 16 255 101 71 0 255 0 28 0 32 162 10 255 255
    25 83 255 0 115 0 32 201 201 31 0 53 139 198 0 107 119 0 219 0 149
    255 162 204 17 0 110 255 185 13 157 255 83 77 101 255 0 43 255 221
    191 255 1 255 0 67 106 83 199 34 151 163 204 0 173 255 255 169 23 8
    8 136 41 156 113 143 255 255 191 0 0 158 68 0 255 218 255 184 211
    184 60 0 0 37 54 0 0 211 0 255 0 255 217 255 81 40 216 10 177 36 215
    134 249 215 0 157 255 255 0 55 166 54 175 144 142 42 241 31 166 204
    229 255 192 0 0 72 0 238 80 228 143 0 30 0 165 181 78 40 255 159 255
    255 206 2 46 218 255 16 0 0 70 23 117 118 56 97 231 0 36 97 99 255
    130 215 87 160 255 26 0 0 47 255 136 11 169 255 255 0 255 255 255 0
    255 132 0 0 12 109 0 255 155 255 0 38 118 255 255 255 255 230 230 75
    0 55 175 183 199 144 0 15 0 137 102 209 212 227 89 42 35 0 255 7 105
    255 73 123 0 255 178 73 255 255 7 226 41 250 136 179 62 65 45 255
    255 211 138 21 0 40 52 75 63 0 0 255 172 150 86 0 255 255 0 231 101
    109 255 172 241 149 223 0 255 233 0 222 239 109 0 255 9 0 200 127
    182 179 86 1 152 222 0 89 129 65 97 200 255 184 161 230 0 202 222
    255 202 217 236 255 196 0 0 255 227 200 63 70 255 138 73 0 94 140 0
    0 20 255 0 4 0 241 28 130 198 18 255 0 210 239 207 127 82 145 85 106
    0 0 0 244 27 122 246 202 0 0 85 255 6 0 196 110 6 101 0 125 221 0
    205 0 158 195 0 0 255 254 255 113 233 204 76 255 21 145 0 0 0 155
    161 206 255 165 0 255 255 153 125 172 0 29 70 255 49 0 172 168 255
    165 255 207 16 15 10 0 173 0 194 243 0 0 59 0 192 211 203 15 67 145
    61 255 255 13 221 95 53 0 181 238 0 118 0 0 255 0 185 0 50 0 0 234
    151 157 211 0 255 0 0 255 163 224 95 142 255 64 58 150 255 22 183 25
    240 237 144 0 207 255 33 255 255 76 255 255 26 141 78 229 74 255 187
    0 0 210 0 211 158 235 113 24 90 249 18 0 39 100 114 253 255 169 7 30
    5 255 218 0 10 0 0 247 38 78 33 255 255 175 0 169 33 0 38 255 138
    255 14 99 255 158 169 0 221 0 255 0 0 158 17 80 127 218 91 70 236
    246 138 174 45 187 211 0 103 255 0 243 239 77 154 113 92 255 159 255
    255 27 0 203 92 32 0 59 64 132 8 231 230 153 6 255 18 109 255 0 148
    228 0 187 0 0 255 1 130 164 98 203 255 255 7 0 0 255 57 124 191 0
    176 216 97 255 22 255 38 40 70 0 0 0 0 249 0 0 0 255 0 138 35 148
    212 114 255 161 0 139 192 230 255 175 187 33 30 0 39 96 17 255 231
    27 11 255 97 255 255 27 255 0 98 163 255 255 221 160 0 216 171 0 59
    255 213 20 255 44 104 255 132 0 255 125 145 202 88 240 103 93 0 130
    0 123 0 0 69 245 152 183 212 255 247 255 173 255 174 103 255 0 105 0
    116 140 163 255 255 174 21 189 0 177 96 240 27 10 169 255 7 219 225
    157 0 47 216 249 0 73 69 214 0 105 255 223 81 84 0 207 23 255 255 65
    132 205 255 255 193 0 22 10 25 255 0 80 56 203 41 255 212 102 222
    255 0 57 21 5 33 255 0 237 255 0 23 51 255 133 100 255 0 255 132 0
    177 0 255 255 0 203 243 255 0 255 255 188 0 42 149 255 236 204 0 81
    0 22 155 24 129 0 50 151 255 0 45 196 255 151 0 255 58 101 234 255
    13 0 189 193 237 146 0 255 26 0 75 39 204 255 171 163 44 25 27 255
    175 244 0 0 255 0 28 0 217 255 108 0 255 0 157 59 255 34 0 255 74 88
    225 229 255 70 64 225 9 0 147 25 0 188 255 0 255 255 0 28 179 0 0 49
    224 167 45 27 255 57 255 249 154 0 146 221 255 53 0 255 75 137 255
    17 107 4 255 0 102 0 211 0 181 255 102 255 0 230 255 227 251 11 254
    255 196 89 255 16 255 0 147 15 121 106 255 180 44 119 0 216 49 116
    255 17 70 255 78 0 0 255 255 213 168 33 255 239 221 30 219 254 207 0
    239 165 0 167 149 9 0 118 255 18 238 0 45 203 61 157 102 22 0 0 97 0
    195 212 239 0 255 168 122 186 0 101 4 161 62 183 58 49 0 0 25 0 0
    157 73 255 0 58 0 90 255 165 61 0 84 103 105 43 0 106 2 148 193 187
    0 123 30 177 240 255 0 103 95 255 28 255 117 0 19 176 136 0 68 238
    199 129 255 48 56 255 43 255 80 206 31 0 32 61 0 255 255 251 27 255
    96 18 117 98 172 0 0 255 0 11 255 0 255 0 74 0 146 140 0 175 163 51
    62 216 0 255 22 0 53 255 0 154 160 198 255 98 18 255 0 20 255 231
    129 61 204 215 202 4 8 0 255 59 22 255 1 40 139 255 60 0 202 153 0
    177 48 0 0 163 0 95 129 100 137 0 0 235 255 178 6 255 255 166 158 65
    255 255 0 0 0 64 12 255 185 167 139 244 225 115 186 219 245 135 255
    156 7 133 0 0 0 21 0 0 255 0 216 224 65 125 230 255 122 0 130 0 35
    54 255 0 174 255 124 0 177 138 7 42 0 0 161 250 6 115 222 37 252 255
    7 64 159 254 0 255 163 193 0 28 244 30 0 154 230 240 176 0 255 204
    138 22 212 155 246 116 233 135 255 181 255 255 255 0 0 126 46 255
    255 118 239 236 43 255 131 35 199 0 0 88 212 90 177 254 0 0 142 30
    190 0 0 255 81 31 0 56 255 175 0 190 199 0 238 0 0 25 109 255 180
    251 52 0 200 172 255 255 93 50 104 255 156 136 0 0 73 60 0 255 255
    42 209 188 21 61 0 195 180 28 161 32 14 117 46 118 49 99 0 0 185 89
    214 54 0 206 61 11 240 255 0 255 76 43 198 255 0 144 172 0 149 255
    164 211 246 52 53 255 255 0 239 255 0 87 0 255 238 255 200 255 209
    82 213 0 143 0 135 19 233 255 0 0 111 0 255 223 255 203 142 2 255
    255 209 23 0 72 255 255 0 0 143 160 128 117 38 81 34 139 46 54 187
    199 154 0 0 110 146 255 157 92 146 0 9 255 86 193 203 255 255 25 109
    19 0 48 60 82 255 153 163 14 30 26 176 255 119 0 68 206 255 246 115
    0 21 78 255 186 110 229 113 179 121 255 250 0 243 17 105 24 255 0
    118 150 255 0 147 143 41 93 84 74 0 79 163 41 0 175 255 43 255 238
    181 229 0 157 22 179 203 255 180 83 0 91 167 255 209 3 87 87 0 224
    189 54 255 12 75 239 127 43 40 255 0 0 45 65 109 255 146 54 80 248
    210 190 213 0 250 197 198 0 118 255 52 255 168 231 225 255 10 162
    255 182 255 109 255 87 255 191 55 224 0 242 241 0 39 255 0 112 0 0 0
    122 146 245 198 96 0 108 255 0 40 255 151 86 0 131 0 139 255 0 0 144
    0 198 255 247 159 255 53 7 185 49 0 116 24 0 42 250 54 0 62 255 112
    0 255 230 146 64 211 255 242 166 0 205 255 0 20 73 225 198 41 255 87
    42 0 226 57 255 255 255 90 106 255 131 108 12 93 122 27 255 230 255
    135 0 0 0 145 255 106 149 152 132 233 0 85 0 201 112 245 0 255 0 255
    87 163 0 195 255 255 48 0 80 100 57 134 64 224 144 26 147 19 255 255
    255 128 255 49 4 190 255 145 255 0 90 202 176 9 101 227 1 203 0 0
    244 0 255 159 0 198 0 0 240 220 66 255 255 0 0 223 255 44 65 76 188
    19 60 22 255 76 255 255 0 218 255 181 255 35 0 109 222 66 144 228 0
    185 157 255 165 255 183 152 62 77 0 255 14 166 24 150 161 152 0 0
    173 171 0 0 255 0 8 113 255 0 130 255 164 107 0 111 153 107 255 0
    255 102 0 20 23 0 45 30 104 56 198 252 255 255 255 99 75 151 2 255
    255 0 0 223 104 96 245 166 99 255 95 255 47 221 180 84 70 148 38 39
    61 0 255 255 0 201 69 255 0 0 0 255 237 255 199 255 30 95 235 146
    243 179 225 82 142 187 211 182 226 0 255 212 35 255 86 233 147 255
    255 6 150 255 55 168 168 0 44 179 115 10 90 0 0 45 178 254 178 255 3
    248 0 255 107 107 211 72 30 211 211 25 0 255 255 189 0 35 211 253 27
    224 0 177 255 168 128 255 255 255 214 24 20 255 158 180 223 32 211
    143 210 255 54 183 110 75 224 43 12 255 67 0 255 255 0 10 239 255
    221 102 246 201 11 0 130 167 142 106 235 77 255 255 201 255 0 0 221
    12 163 186 255 36 0 55 29 255 0 230 41 255 0 30 255 116 0 173 245 55
    223 0 101 102 0 57 0 197 88 90 255 237 146 255 60 88 66 255 232 0
    255 166 255 182 110 138 226 3 255 255 125 104 159 0 125 127 41 255 0
    72 72 48 50 168 25 255 92 163 255 0 255 101 255 0 32 118 63 0 95 143
    255 255 146 92 97 255 103 255 36 0 208 255 0 0 192 4 255 67 255 108
    255 255 144 255 243 205 171 0 0 50 0 253 48 245 11 255 255 214 255
    214 255 225 243 255 255 0 255 99 179 150 67 20 255 61 255 128 255 49
    140 0 93 0 216 0 0 37 96 118 187 255 0 78 101 90 218 245 3 37 74 242
    160 153 3 0 104 127 153 88 80 63 232 255 164 61 0 0 241 65 191 28 0
    255 0 0 174 181 123 0 255 230 255 0 255 151 172 0 209 110 0 82 193
    255 0 27 255 186 81 220 145 4 0 255 0 118 255 0 163 246 146 255 255
    0 46 30 0 71 240 153 103 56 255 6 0 65 0 0 0 97 1 110 249 95 76 139
    14 85 88 238 0 255 197 0 117 49 237 188 23 0 135 254 115 136 165 94
    0 253 189 50 0 90 178 224 101 144 255 80 228 72 255 255 157 13 213
    93 28 0 123 106 240 255 255 215 88 0 255 53 215 255 255 110 169 0
    255 0 0 0 255 89 16 255 204 0 29 221 0 102 205 255 0 174 153 0 0 91
    0 0 0 169 0 135 255 0 235 0 190 126 150 46 255 237 0 255 0 99 82 174
    80 140 255 255 119 0 98 46 211 14 199 82 62 80 93 0 228 122 0 255 60
    131 0 241 0 0 255 0 115 255 39 1 255 227 61 164 186 255 243 255 255
    239 255 60 0 255 255 0 255 93 209 0 0 255 255 145 16 30 255 183 143
    255 0 85 43 241 0 255 109 255 214 19 180 101 49 0 0 255 191 255 0
    167 0 238 0 255 255 0 0 0 43 14 255 0 154 135 255 54 220 80 41 232
    255 163 159 176 197 255 120 255 123 152 57 139 139 89 255 0 0 115 0
    131 94 0 0 0 136 255 255 76 255 0 88 77 171 245 0 56 210 0 0 198 18
    249 6 255 86 0 0 0 255 61 0 202 59 83 21 0 114 62 23 129 62 89 16 0
    106 0 0 0 155 0 175 110 255 87 170 0 136 0 0 255 156 43 0 102 170 54
    41 228 255 74 165 112 219 4 164 255 10 0 0 28 75 48 255 255 70 197
    255 255 255 39 0 22 44 210 0 137 176 255 18 99 255 79 44 0 195 212 0
    206 131 77 255 255 55 93 197 200 0 255 0 234 167 255 0 0 255 15 59
    172 184 255 152 15 99 58 217 129 234 255 0 0 205 111 255 167 45 154
    137 155 255 74 209 255 255 249 255 135 86 1 183 228 0 187 169 214
    100 255 140 252 225 0 73 151 0 0 150 203 165 227 255 120 0 90 128
    218 24 0 184 0 116 0 74 0 192 181 125 184 138 247 234 0 255 255 47
    255 0 0 255 0 108 219 42 25 240 40 155 45 249 0 158 133 143 246 255
    255 255 79 46 12 137 255 134 255 153 213 0 224 255 177 255 0 255 96
    0 31 238 245 123 255 90 0 155 201 255 185 1 255 255 93 255 255 255
    139 187 143 0 0 0 12 25 102 194 238 27 109 255 158 156 7 156 0 0 39
    2 9 66 248 122 220 255 7 0 74 170 0 255 185 164 86 121 42 0 227 0
    124 255 53 114 255 97 52 255 95 54 110 45 255 16 162 255 255 166 255
    22 173 255 0 255 255 255 0 0 47 132 255 71 104 151 56 121 152 0 149
    255 207 241 0 255 0 255 255 89 5 255 186 9 255 255 144 0 125 0 0 255
    93 203 0 185 19 52 245 116 255 6 146 0 32 234 0 253 0 40 166 255 23
    10 0 249 196 89 236 0 255 34 255 103 0 9 0 0 67 210 184 206 64 255
    33 133 0 198 255 79 99 255 0 8 7 0 0 193 35 63 227 85 25 160 0 0 255
    147 172 255 192 255 96 80 0 55 0 217 0 255 243 0 53 104 29 255 255
    16 204 161 117 213 108 255 0 115 193 68 26 57 102 10 255 0 236 125
    195 255 202 255 196 199 204 0 220 255 16 0 0 72 102 255 66 255 247
    194 132 255 0 156 0 0 156 33 209 99 255 245 241 255 172 0 134 255 97
    242 0 0 255 166 237 86 0 38 233 0 42 255 255 40 186 204 0 111 255
    135 0 140 255 116 39 0 0 0 95 0 226 132 92 45 255 125 0 63 0 0 193
    146 0 19 0 136 44 53 111 0 255 0 255 255 0 104 164 167 255 183 225
    255 38 140 115 134 255 196 20 255 255 18 255 71 169 206 232 109 148
    255 0 216 142 66 189 166 255 129 95 63 37 0 0 255 167 160 255 50 94
    138 148 119 0 255 239 99 56 253 159 159 181 134 140 255 159 0 117
    247 255 255 0 51 255 141 255 247 151 255 0 75 255 130 179 255 64 37
    0 255 255 255 0 255 134 0 86 216 255 209 107 50 104 244 255 220 45
    255 255 101 255 255 70 121 105 255 0 255 255 255 56 255 21 0 233 72
    255 28 255 255 242 255 0 182 64 0 255 176 136 0 255 216 255 170 90 0
    255 32 243 255 0 177 0 94 45 136 255 219 255 255 102 18 111 109 221
    7 255 91 0 249 249 179 125 179 0 0 31 205 35 99 157 255 197 8 6 255
    216 255 13 0 5 0 0 255 82 80 87 0 0 0 125 144 166 144 244 126 255
    146 237 165 136 28 53 255 125 251 17 140 160 255 255 194 245 0 115 0
    143 0 0 53 93 155 0 133 136 203 105 62 0 255 245 186 134 255 0 0 0
    180 234 166 0 158 255 0 255 230 255 255 86 248 0 0 219 27 255 28 255
    0 255 6 220 146 0 159 230 43 44 0 97 231 6 235 209 0 172 0 73 0 255
    255 28 242 176 251 142 0 0 29 0 164 0 199 138 0 73 99 101 108 255
    193 72 255 255 223 30 92 194 0 138 0 240 255 222 137 169 59 255 0
    224 244 200 112 0 0 255 115 66 81 255 255 0 7 254 255 129 148 255
    203 37 0 0 255 0 0 255 0 157 63 18 255 0 207 106 255 112 0 57 133 83
    214 218 130 28 151 255 58 255 221 255 239 110 159 255 51 80 6 0 0
    254 112 221 122 0 247 0 29 177 232 33 233 15 0 183 122 122 85 0 112
    200 0 0 191 241 120 237 255 0 67 255 71 36 4 55 138 0 6 115 156 24
    40 44 255 20 69 201 0 255 34 145 131 105 49 142 165 116 193 5 170 73
    99 130 203 114 157 121 147 0 100 255 0 12 255 81 96 0 7 246 236 158
    145 104 6 113 182 173 54 255 13 40 223 38 109 211 112 255 255 189
    255 228 0 0 0 134 122 0 171 255 0 108 255 0 138 221 0 86 220 97 216
    255 255 255 221 0 117 255 255 114 39 0 212 0 234 229 0 35 104 0 0
    121 75 72 0 0 17 0 33 119 146 132 163 70 0 48 255 8 255 255 213 63
    81 172 0 255 0 0 170 255 131 6 78 110 0 148 35 94 0 197 232 251 0
    169 0 252 7 81 206 143 129 0 255 133 31 0 255 162 255 0 203 149 117
    0 255 255 255 210 233 62 255 113 17 18 0 109 200 187 6 90 86 0 255
    204 98 129 255 84 218 255 105 0 0 193 38 195 0 124 251 0 34 157 152
    186 139 0 89 95 138 126 0 0 0 0 115 91 166 255 124 0 0 255 150 0 95
    61 144 255 177 205 135 6 66 255 248 2 255 0 103 69 114 154 52 0 9
    255 0 107 54 95 159 0 0 167 123 146 255 200 162 140 125 96 0 170 44
    160 114 6 220 141 0 0 98 255 0 255 0 182 27 154 217 164 167 8 26 0
    109 48 254 0 0 52 180 0 103 225 255 112 12 255 22 163 67 27 51 214
    206 83 162 0 52 255 172 68 95 255 135 0 255 0 255 196 208 255 50 255
    194 35 190 137 84 0 0 0 186 0 0 255 255 181 228 159 108 255 255 255
    175 0 101 41 254 170 105 255 96 163 0 136 255 0 0 1 105 142 215 250
    153 0 177 154 7 11 19 24 192 0 75 255 255 5 255 0 0 255 255 186 248
    20 191 202 134 183 133 255 255 0 129 100 255 255 128 68 13 238 173
    168 80 51 0 255 213 159 255 255 141 9 202 255 255 58 70 0 0 68 0 255
    154 169 125 0 255 0 255 68 255 33 52 192 80 206 247 0 221 210 124 54
    255 0 224 0 131 35 255 0 105 0 191 183 234 131 0 7 59 0 0 146 0 255
    32 192 191 11 224 0 0 184 0 66 44 255 30 71 255 0 255 246 94 196 107
    156 85 154 41 72 255 154 59 54 126 0 255 0 33 178 192 194 0 0 255 0
    0 255 105 255 115 92 0 255 158 106 255 40 25 237 1 0 238 161 67 243
    167 149 0 25 249 180 0 0 118 255 102 0 0 0 158 0 107 197 255 249 224
    116 255 216 255 39 0 255 0 240 63 238 93 230 150 255 70 245 255 255
    96 218 137 255 108 182 124 255 169 0 97 156 52 207 109 26 209 0 255
    150 217 0 20 0 0 255 255 202 255 74 95 188 181 255 0 21 191 92 59 45
    131 0 22 255 49 255 41 96 255 0 208 118 11 179 116 206 255 197 58
    193 255 255 0 136 150 96 93 222 23 0 0 255 226 196 54 0 178 255 182
    92 117 65 255 246 176 255 0 255 139 215 1 226 140 54 43 0 118 159
    126 107 255 158 0 175 205 233 0 231 255 20 170 150 195 0 255 103 60
    124 112 137 255 0 235 46 198 32 217 229 75 0 30 8 19 231 255 255 0
    255 0 245 0 0 148 14 228 131 4 255 156 255 255 0 64 157 0 0 137 240
    114 217 83 255 0 113 107 255 0 213 167 46 6 74 127 255 147 255 74 0
    0 132 95 76 217 249 81 255 134 10 0 230 81 88 190 15 201 235 236 94
    0 255 133 109 0 255 34 38 194 0 170 51 0 140 88 0 255 219 0 28 152
    255 123 244 184 0 218 0 224 80 255 0 255 89 255 253 255 0 136 44 110
    171 255 196 119 153 37 2 137 146 255 33 255 196 30 0 62 170 1 105
    179 54 14 255 185 255 173 116 255 114 0 0 0 188 255 0 144 255 50 138
    190 91 0 61 116 5 0 203 79 18 167 255 88 152 255 255 40 131 0 23 255
    140 248 227 0 255 219 243 255 130 255 119 182 0 255 255 63 0 47 188
    20 116 0 255 0 255 0 255 0 178 255 48 29 46 138 97 0 0 142 179 0 237
    0 41 255 193 255 110 163 150 0 95 194 87 175 221 0 102 96 255 255 67
    255 0 255 131 217 164 229 156 0 255 189 0 33 116 255 122 78 39 0 154
    255 237 9 255 76 122 247 91 2 72 98 0 192 125 255 172 189 209 59 0
    27 0 5 0 0 134 0 49 194 0 48 225 35 255 255 255 255 0 109 0 59 167
    66 230 142 255 227 217 255 165 0 106 20 206 134 13 97 255 255 0 28
    255 0 169 255 47 255 188 0 71 0 0 255 0 98 166 44 255 254 0 197 255
    255 42 255 24 34 0 143 147 0 222 0 255 0 57 255 177 0 222 255 0 63
    255 0 175 154 255 91 255 239 255 166 188 255 87 255 152 255 167 85
    255 174 186 65 255 222 255 192 53 69 141 30 187 213 0 38 255 255 181
    255 229 161 242 0 129 9 48 255 113 16 226 255 0 243 255 81 0 106 239
    0 0 48 136 0 170 81 107 255 90 34 0 109 98 0 188 36 0 255 208 87 239
    236 255 0 0 166 109 212 0 255 255 255 134 108 170 0 60 57 0 255 194
    67 255 22 81 233 232 160 0 247 154 255 0 157 25 252 255 168 255 78
    183 33 77 8 0 171 48 98 255 69 0 228 123 6 254 50 46 199 24 0 153 4
    184 118 182 0 238 237 0 250 255 255 203 8 32 138 122 80 63 107 17 0
    49 0 255 149 0 255 255 255 0 220 107 43 0 62 81 202 118 112 19 138
    255 33 0 255 74 35 68 203 211 0 0 134 18 51 255 0 0 255 67 0 67 200
    250 0 255 0 228 78 251 255 19 60 88 255 255 170 99 0 159 45 186 0
    255 254 255 91 255 255 22 0 71 169 249 165 0 255 255 165 0 255 17 59
    91 197 121 189 35 218 0 245 39 158 255 24 255 135 208 0 255 195 218
    107 0 255 255 214 34 255 119 42 214 250 223 48 0 79 94 163 24 0 113
    18 255 29 106 0 0 32 0 0 66 0 250 215 130 255 138 200 197 250 209 0
    255 176 255 154 121 64 12 173 222 134 141 163 0 65 224 203 0 78 47
    251 255 143 219 151 255 0 255 255 0 249 160 29 0 255 0 21 190 255 25
    98 0 55 172 0 255 157 213 177 18 29 77 208 255 46 239 207 153 255 0
    63 126 31 255 97 131 248 0 255 215 206 255 33 31 220 0 250 255 0 133
    76 153 224 0 255 28 197 140 50 18 147 0 40 158 0 27 103 238 155 22 0
    82 199 12 77 66 147 255 255 0 17 0 0 238 88 115 255 9 255 0 0 234 0
    231 65 128 0 255 92 0 31 0 255 245 255 86 88 138 140 82 143 216 214
    174 218 202 255 255 145 232 36 255 61 0 255 38 0 255 255 183 0 255
    225 133 255 255 255 61 249 255 28 183 200 209 255 120 0 0 255 98 35
    255 0 204 0 255 0 107 168 255 95 0 255 0 139 255 255 62 194 255 191
    109 133 137 204 0 0 47 244 134 174 0 255 0 255 255 16 0 0 172 0 0 36
    255 41 61 46 0 112 11 252 110 255 89 255 246 253 0 0 229 136 90 204
    60 237 62 174 255 52 186 136 255 0 0 255 71 177 233 142 97 214 255
    73 73 77 246 0 14 255 127 64 36 246 255 114 255 10 170 206 155 255
    67 0 186 255 65 52 152 255 248 38 255 255 174 0 178 194 21 192 255 0
    0 255 70 153 36 62 255 255 81 73 0 209 167 0 122 163 126 27 255 178
    22 0 173 191 40 59 145 202 23 33 254 255 105 138 254 121 92 9 0 200
    194 255 5 255 0 168 255 87 159 99 36 12 255 0 167 0 3 113 0 169 0 97
    255 56 231 0 67 255 140 213 109 2 255 215 0 255 205 255 130 97 215
    255 255 186 216 54 179 212 48 93 0 145 255 166 163 255 255 103 0 163
    155 67 84 204 0 0 103 126 0 255 78 0 255 0 0 237 25 88 0 108 255 140
    255 121 0 255 255 255 121 255 233 0 255 48 31 92 73 24 0 66 250 64
    65 250 255 125 103 206 234 150 205 198 113 32 52 195 0 149 7 0 177
    152 134 89 59 20 196 0 47 114 168 40 255 130 188 207 0 222 127 255
    249 255 0 166 191 0 0 32 154 79 255 84 141 255 136 26 0 37 135 0 245
    14 252 21 21 0 0 160 164 0 83 156 77 242 255 133 15 255 255 126 121
    200 196 0 231 26 0 63 0 27 83 255 255 0 137 255 255 132 108 255 0 31
    255 1 255 253 191 0 255 0 255 215 208 109 255 210 0 102 15 19 250 5
    0 194 0 188 255 222 13 229 0 255 0 35 0 70 202 135 70 255 152 86 234
    227 0 0 206 49 0 190 255 0 155 255 121 74 51 197 185 58 84 201 196
    255 0 0 0 0 9 0 129 218 0 57 162 255 181 230 0 255 255 0 173 255 82
    222 213 92 255 0 156 226 150 220 0 60 118 167 18 139 255 36 222 255
    9 20 156 91 255 54 255 48 255 0 89 0 0 133 165 219 0 0 203 255 0 157
    0 255 35 119 95 197 145 91 255 116 234 255 0 255 255 36 255 180 0 53
    0 0 200 0 104 0 84 213 65 154 255 99 0 63 99 7 0 53 220 255 174 1
    103 153 14 97 0 129 58 145 252 31 128 52 220 0 255 147 93 0 214 255
    0 160 0 255 248 255 39 201 137 43 0 103 245 0 255 201 255 230 34 0
    217 255 50 255 190 206 0 154 241 192 255 255 65 31 130 166 1 54 94
    255 177 155 255 255 136 202 88 255 0 255 61 255 255 255 196 0 36 45
    255 0 0 86 24 0 135 127 188 208 255 255 166 11 176 26 255 159 82 0
    255 0 255 41 56 255 207 148 129 0 0 138 58 0 127 0 183 87 0 0 0 255
    255 255 159 237 252 255 255 255 0 128 176 20 255 151 45 36 142 10 0
    207 255 180 0 255 0 92 219 123 0 92 104 1 76 255 0 90 255 0 0 234 0
    255 137 255 0 255 251 181 197 249 195 192 42 192 61 255 0 71 221 171
    19 0 246 28 210 255 0 0 66 30 73 116 255 81 3 50 0 156 36 0 216 9
    255 255 205 100 0 14 87 250 195 118 65 55 217 0 246 125 0 240 76 0 0
    246 211 0 59 162 242 160 27 0 0 180 0 0 75 85 224 113 164 0 183 0 0
    0 255 0 93 174 222 0 190 147 192 0 242 82 154 255 152 222 196 0 13
    179 45 110 230 255 181 0 161 207 245 255 147 77 190 9 188 0 5 0 255
    255 0 252 208 255 203 103 169 255 255 170 119 0 255 197 0 227 0 192
    247 111 255 61 255 0 127 255 0 77 255 51 35 255 0 0 0 2 198 0 2 122
    0 255 0 57 201 239 83 255 130 35 143 125 252 240 255 78 0 255 168
    132 95 182 255 108 0 77 85 0 146 189 255 168 23 255 186 139 14 255
    168 117 255 255 188 81 160 0 0 213 167 21 255 255 0 159 0 71 0 249 0
    160 24 88 0 185 183 144 0 255 9 0 255 119 35 255 236 199 26 70 255
    63 204 47 226 186 158 163 255 198 93 0 178 255 86 24 133 172 0 255
    50 201 255 3 255 109 27 255 189 0 195 220 99 8 255 13 173 110 230
    196 230 255 44 255 23 129 255 160 0 140 0 14 0 228 157 91 81 13 128
    0 243 255 216 166 187 255 150 188 0 196 66 220 56 101 34 0 75 255 13
    10 0 134 0 0 214 117 37 255 147 217 3 39 255 166 124 252 255 0 113
    255 255 90 209 54 185 255 97 202 82 250 152 255 161 153 255 41 206
    144 12 255 182 251 255 59 185 49 137 255 63 0 255 0 0 201 196 249 55
    0 0 0 187 69 0 0 104 226 82 67 0 163 193 8 209 255 239 0 70 255 255
    0 0 15 204 88 88 160 255 0 140 0 166 211 252 255 199 92 220 255 145
    116 255 240 248 0 0 168 199 70 255 0 255 121 238 0 255 0 0 209 0 9
    107 255 135 0 61 212 237 71 151 56 255 55 223 236 160 14 4 255 0 255
    204 123 255 0 0 255 133 44 0 255 92 11 255 30 83 216 116 68 96 255
    222 0 255 0 221 255 62 250 0 0 68 70 211 90 0 0 255 135 255 255 129
    0 255 246 127 255 0 145 7 117 202 255 168 13 240 0 162 5 125 251 219
    255 255 255 74 0 96 5 0 0 0 154 0 75 236 103 252 210 0 127 255 245 0
    255 112 146 255 0 0 20 0 0 0 133 255 0 0 37 135 120 23 255 8 255 255
    234 12 117 255 255 91 0 205 200 247 168 0 45 0 255 163 10 103 255 75
    255 255 0 228 255 0 107 28 255 0 0 255 135 0 0 0 173 255 0 255 255
    255 0 154 131 151 93 118 137 125 103 184 253 67 216 0 35 255 238 211
    194 181 48 0 255 225 251 216 144 192 0 86 132 64 63 102 54 214 255
    25 246 249 0 155 0 84 0 129 49 160 0 255 0 41 33 0 127 98 0 207 235
    18 146 70 66 213 255 0 92 255 103 62 253 255 255 0 194 255 255 207
    255 0 61 0 126 0 211 19 25 0 97 125 242 34 0 249 64 0 255 0 2 189
    166 91 0 217 240 91 30 255 23 0 46 71 255 124 0 240 0 0 255 185 228
    241 0 255 101 217 45 255 255 0 103 177 122 0 68 255 0 254 42 44 29 3
    0 0 238 60 0 255 20 19 255 249 113 167 192 159 21 168 69 0 255 224
    255 194 232 86 255 35 79 255 255 199 124 74 19 255 77 220 0 82 45 0
    178 108 0 14 0 0 0 0 9 87 0 255 255 89 0 253 152 0 182 255 255 115
    61 4 255 14 255 255 12 255 120 0 101 143 151 0 0 86 62 0 14 244 255
    255 255 255 0 0 182 163 129 86 67 92 112 87 160 173 65 79 119 183 0
    192 255 255 230 0 255 148 138 190 255 177 197 78 199 64 162 255 232
    255 204 255 109 68 0 0 72 154 196 161 255 0 122 164 246 156 0 0 109
    159 111 255 53 199 188 255 174 232 89 187 64 255 183 184 64 255 96
    135 17 83 245 0 0 0 255 64 36 47 23 121 255 89 7 186 0 160 103 221
    255 0 48 93 221 39 172 14 0 29 31 0 31 119 0 17 255 0 86 180 187 0
    245 0 255 126 3 223 0 0 0 0 255 0 92 75 0 0 255 0 85 255 115 255 108
    0 25 155 255 255 228 255 122 142 141 95 255 129 0 38 68 0 0 218 203
    105 143 28 49 255 81 196 255 16 44 60 198 73 223 0 116 133 141 161
    117 204 156 0 95 135 47 64 29 255 255 60 0 206 62 230 81 185 214 162
    100 87 0 161 59 0 208 255 255 138 255 238 76 186 255 0 50 115 252
    219 0 255 0 241 72 168 244 0 255 52 255 255 0 137 255 255 255 255 36
    225 175 131 112 21 132 235 238 255 145 51 0 142 151 131 62 212 4 183
    0 0 140 255 25 23 50 255 9 117 29 255 0 204 156 197 167 76 244 243
    19 65 0 88 192 0 224 98 87 19 221 167 13 69 0 0 98 122 0 199 173 255
    13 58 0 0 255 171 249 90 0 0 197 144 0 0 0 0 255 100 255 216 0 0 101
    0 125 153 66 74 31 68 204 236 255 255 0 62 255 255 25 46 42 87 180
    255 0 0 79 100 36 255 255 124 201 1 0 0 194 18 217 207 222 24 136
    255 0 26 129 131 10 154 219 0 0 248 25 255 223 0 201 182 185 181 255
    151 220 0 0 97 242 99 255 85 255 255 110 46 150 11 23 255 247 255
    202 255 38 192 237 230 195 198 193 199 126 95 255 93 52 0 98 50 129
    70 0 0 11 255 0 165 240 255 148 182 255 54 255 136 0 0 181 148 183
    97 255 0 48 0 239 92 67 255 249 176 0 108 0 129 0 95 43 226 0 0 114
    255 213 136 93 208 140 85 255 255 13 157 51 222 220 119 255 0 153 0
    143 175 235 119 255 255 0 252 6 58 28 239 255 255 1 134 203 255 48
    19 229 255 106 0 140 236 95 183 255 255 125 0 65 223 255 255 88 255
    0 170 0 0 0 202 0 255 255 255 255 219 237 0 24 127 231 70 160 165 29
    0 59 129 54 35 10 0 168 255 2 115 0 109 222 101 234 255 250 45 103
    149 255 0 0 117 255 0 255 56 90 0 0 197 88 0 116 114 0 102 255 255
    42 197 52 255 0 0 255 0 118 255 209 103 174 0 0 230 192 0 165 204
    201 137 39 86 130 93 0 221 93 141 41 25 0 255 110 12 255 167 213 0
    110 236 135 0 248 79 255 2 129 52 255 151 97 123 0 0 201 42 242 255
    255 255 0 197 2 205 85 29 215 255 0 0 0 0 37 0 176 0 208 186 30 0
    211 37 0 0 0 93 189 16 15 0 123 24 77 189 224 126 255 255 206 123
    255 254 0 255 142 202 88 163 255 187 212 255 0 118 255 123 95 135
    227 177 255 133 213 0 255 14 230 155 255 255 233 72 0 132 204 111
    221 154 0 255 134 49 202 80 220 255 229 151 157 255 236 150 198 143
    0 105 255 119 209 255 0 38 175 125 123 0 255 201 0 255 242 42 255
    205 145 132 255 255 169 0 255 14 123 8 137 255 138 251 148 123 161
    180 57 0 54 255 0 255 89 57 251 142 55 255 246 74 110 195 93 0 3 3 0
    114 215 109 121 115 111 134 130 112 0 180 30 255 255 172 131 0 0 76
    245 169 186 6 0 71 135 0 243 0 255 0 255 204 241 243 21 54 75 21 0 0
    0 136 0 28 179 255 0 255 0 128 48 241 255 255 231 0 255 111 0 58 169
    254 98 27 186 247 0 251 255 130 255 231 255 3 255 211 180 0 0 12 255
    171 255 0 19 171 151 7 0 177 148 129 0 255 255 46 0 0 0 192 241 0 2
    255 45 255 225 109 255 165 255 183 222 140 255 255 0 59 234 255 92
    105 255 255 108 37 237 65 0 195 18 91 0 203 168 255 0 175 214 173
    165 255 181 255 255 255 209 60 90 2 0 6 255 0 88 150 43 255 41 70
    254 6 133 0 50 172 166 255 255 255 148 236 0 0 100 176 252 255 0 71
    157 119 255 120 255 104 255 62 24 57 0 162 91 96 152 56 76 17 86 39
    41 196 49 255 123 255 150 235 75 0 198 0 0 189 168 143 13 178 235 43
    231 20 38 255 255 178 27 255 110 22 255 93 208 196 5 238 166 167 255
    130 0 0 255 224 0 122 255 0 58 240 255 255 255 57 0 21 255 98 30 130
    255 46 255 214 41 255 26 144 166 138 188 255 124 72 255 255 255 0
    182 0 0 255 0 255 249 35 197 255 22 255 255 196 222 177 114 151 208
    0 11 227 235 142 20 255 11 104 227 0 255 6 169 181 153 247 179 176
    98 0 28 236 239 216 254 255 0 255 104 130 0 65 64 108 131 27 255 162
    0 255 119 212 218 245 0 110 104 247 255 255 0 255 58 255 95 255 65
    255 255 203 0 74 0 21 127 255 37 0 189 133 0 34 120 77 130 198 255
    156 68 238 153 254 0 241 203 0 171 255 131 42 145 56 48 255 255 255
    244 205 195 191 56 255 205 6 177 26 138 102 0 218 255 0 237 0 212
    255 255 8 99 47 0 255 166 0 38 0 11 106 123 255 76 70 0 246 0 48 208
    255 0 110 255 255 123 0 0 0 84 255 250 107 0 255 248 30 13 109 255
    149 63 150 116 120 255 0 185 0 0 1 145 48 241 214 227 0 243 40 126 0
    28 122 252 252 52 153 215 0 168 133 0 0 255 82 0 141 90 0 255 69 135
    9 33 247 255 68 113 0 137 245 255 0 255 255 255 189 255 0 255 249
    255 4 255 255 0 57 176 0 182 227 0 0 238 23 19 71 10 81 79 47 65 131
    235 38 0 0 0 255 42 183 0 0 214 255 156 0 255 211 87 66 106 113 154
    104 134 114 94 0 0 58 255 0 136 22 255 138 255 162 127 172 94 0 18
    242 130 134 255 199 255 255 99 255 0 28 0 0 97 99 255 255 102 0 0
    244 253 21 101 101 37 0 255 0 255 128 0 152 208 52 125 0 255 255 104
    255 0 19 30 201 8 251 40 99 72 36 255 232 0 240 181 175 0 55 0 0 0
    77 157 122 188 255 146 6 255 255 255 0 16 255 0 255 0 52 255 17 230
    11 206 113 184 57 255 0 255 0 0 255 0 234 2 255 232 255 255 255 17
    60 40 253 225 228 16 127 0 16 0 255 36 255 255 5 156 135 62 125 120
    11 0 87 0 45 0 230 0 255 143 68 74 255 148 247 255 80 0 0 22 129 0
    255 209 255 243 157 255 174 146 127 255 133 255 108 255 63 0 237 255
    255 226 66 253 0 175 0 0 12 255 0 0 33 12 255 245 255 255 64 235 255
    243 113 255 82 133 126 0 101 78 101 255 51 253 0 75 255 242 241 66
    255 96 65 0 0 59 194 66 0 0 14 255 255 142 206 247 238 255 176 0 1
    255 255 216 150 97 59 110 34 251 195 0 255 156 0 231 86 54 255 227
    255 255 125 206 255 0 0 233 99 255 0 255 229 70 51 0 255 61 128 9
    189 0 38 129 0 237 18 0 255 250 221 42 59 108 141 71 199 255 255 120
    237 244 170 255 18 176 255 0 0 0 26 0 0 134 185 255 79 61 124 22 137
    235 255 219 0 100 0 0 0 255 220 222 97 255 42 156 192 176 58 0 137
    197 255 255 255 255 68 81 0 255 60 83 163 170 118 0 0 210 129 255 66
    169 255 0 61 163 0 167 85 36 0 191 192 124 7 153 167 0 133 139 4 0
    118 0 117 147 120 163 255 210 61 244 0 168 0 65 143 3 88 255 218 255
    22 255 63 61 65 190 217 36 176 101 236 182 70 255 192 0 0 0 103 9
    188 27 255 210 52 168 134 0 255 236 178 0 132 165 206 152 0 86 0 0
    24 40 248 255 255 169 150 255 182 17 223 70 45 66 172 255 0 63 29
    203 255 255 0 248 0 0 171 20 255 29 29 237 162 88 255 238 133 13 255
    234 255 255 75 137 255 255 62 111 255 152 27 147 255 251 207 255 255
    65 135 63 121 255 246 82 2 213 181 183 255 255 0 42 180 0 151 255 0
    255 0 0 113 255 0 142 62 138 16 31 36 25 63 64 3 133 10 204 17 47 77
    159 255 46 0 40 100 255 184 126 0 0 0 3 194 253 255 254 224 74 0 0
    35 237 255 224 255 241 147 219 132 34 238 69 255 0 0 0 119 76 226
    255 90 226 255 216 87 0 171 198 255 0 27 0 241 124 255 255 85 62 32
    93 28 0 1 72 66 255 106 0 32 6 38 225 0 41 162 0 0 255 165 255 0 223
    232 122 13 255 122 0 161 170 255 153 224 107 150 178 176 236 255 129
    57 95 200 124 0 176 0 205 237 65 77 255 215 0 255 235 222 0 188 210
    79 0 145 0 80 255 255 0 255 237 21 192 64 251 255 45 222 210 0 0 255
    0 224 152 255 255 0 156 57 0 255 123 44 193 234 0 117 23 0 13 75 0
    148 255 250 125 190 255 0 138 255 255 255 0 65 230 0 0 70 230 2 168
    80 255 10 0 0 98 167 0 148 188 207 0 255 61 85 186 225 255 255 0 255
    0 0 189 0 75 181 0 244 203 113 193 255 252 75 150 0 0 209 168 157
    153 255 100 106 194 255 159 0 255 208 0 113 249 255 42 0 0 28 154 0
    175 123 183 27 0 254 255 19 169 60 164 105 171 0 131 137 33 225 73
    255 91 25 199 122 191 203 255 183 255 0 0 60 45 55 255 224 255 117
    220 0 226 168 255 255 82 121 166 0 18 111 142 0 249 21 0 231 123 140
    255 103 251 68 255 255 100 148 153 0 0 255 59 255 127 0 226 0 0 0
    255 142 141 1 0 0 0 255 17 255 119 114 185 0 91 0 18 0 9 255 113 0
    181 151 0 135 255 0 147 204 255 0 0 120 223 234 114 0 255 121 255
    235 255 182 255 183 22 0 0 202 110 150 166 99 144 47 142 84 81 255
    132 140 255 109 0 255 25 66 63 255 179 0 255 63 34 133 255 255 96
    227 255 255 0 11 83 255 255 182 245 219 63 255 23 33 231 250 72 39
    96 255 255 255 0 255 255 161 176 170 255 240 77 85 123 32 255 0 193
    164 58 145 56 104 255 0 60 127 132 190 162 117 57 51 0 255 0 239 0
    103 108 108 255 74 255 43 234 0 198 210 125 175 86 0 24 255 2 181 63
    61 53 215 191 255 39 78 255 255 147 255 103 255 3 108 146 172 121 54
    109 206 0 0 16 159 187 16 255 240 0 117 14 0 0 255 254 0 238 127 255
    162 150 255 0 0 118 153 0 134 161 0 172 41 169 87 42 15 0 176 47 0 0
    0 197 164 172 255 0 0 113 147 160 0 51 98 0 108 35 55 255 255 151
    208 0 255 154 255 0 255 138 0 179 56 255 188 87 0 13 111 112 25 152
    191 147 49 4 255 42 39 53 163 255 107 202 32 0 1 255 240 0 246 26
    121 255 3 53 55 255 0 134 255 0 255 60 25 0 45 205 182 192 252 196
    53 0 7 227 102 137 64 243 106 0 39 0 135 87 128 255 0 0 0 105 255
    255 241 255 71 21 56 198 113 220 81 0 0 161 21 255 20 255 0 129 170
    93 211 43 78 255 0 243 0 0 104 54 205 87 150 0 168 161 255 97 246
    255 87 202 245 85 178 65 201 24 0 88 0 186 238 0 255 125 58 241 0 0
    0 0 199 102 0 255 255 255 0 255 56 194 0 205 174 183 0 77 171 255
    255 31 221 151 122 111 0 237 0 78 56 0 255 255 82 0 1 108 255 80 41
    255 131 246 27 132 235 255 0 66 0 127 255 237 143 40 98 54 17 17 28
    88 202 126 253 48 187 160 149 228 111 157 255 222 255 13 255 142 227
    255 123 255 227 150 171 67 11 0 10 0 0 255 31 179 255 147 119 68 9
    131 0 104 0 0 74 127 255 255 0 122 132 0 205 68 23 87 0 184 201 0 0
    160 182 164 255 116 0 169 100 81 255 0 0 0 255 31 255 255 73 252 0
    123 113 0 81 255 6 255 94 197 5 232 135 0 224 0 255 230 202 17 185
    167 231 255 255 193 255 115 255 255 255 255 255 125 159 47 50 213
    255 221 69 204 0 255 15 0 154 108 0 151 255 242 255 215 216 160 198
    233 0 255 255 0 0 255 57 20 170 31 28 178 66 137 53 51 73 0 203 25 0
    255 91 82 119 93 199 97 255 233 83 255 0 211 0 0 255 251 255 14 103
    152 109 17 18 66 135 247 0 106 148 255 48 83 78 162 79 0 174 0 73
    255 0 101 156 255 255 255 126 112 242 0 123 255 255 0 204 24 164 0
    71 211 255 255 0 0 255 223 74 62 255 146 255 255 131 0 190 229 19 22
    102 194 186 0 57 28 239 0 165 93 29 79 0 255 9 120 0 230 218 137 48
    230 222 157 159 255 217 255 123 119 0 255 255 131 204 0 232 11 255
    18 255 0 255 14 0 0 0 98 160 129 0 0 255 255 161 255 162 0 250 187
    36 123 58 195 0 111 233 236 174 255 255 116 255 72 255 144 239 0 187
    0 16 204 0 224 198 255 0 253 224 0 217 28 5 0 0 34 107 45 0 0 213
    241 129 0 114 31 222 255 227 0 209 255 15 80 161 255 89 217 0 224 85
    0 247 34 0 255 124 139 224 255 0 239 157 8 102 0 143 255 195 20 206
    130 96 17 105 0 79 255 255 64 122 242 0 255 58 0 105 0 11 0 119 239
    21 0 12 195 14 46 0 205 255 75 255 255 40 46 187 38 95 255 13 255 13
    0 255 0 0 207 1 160 11 161 104 168 135 140 7 244 0 255 0 132 194 145
    90 0 0 255 0 255 71 105 25 44 80 255 79 0 235 58 0 0 0 255 0 0 158
    244 118 184 0 164 232 152 255 255 12 173 255 244 0 144 139 0 139 0
    74 109 93 241 123 130 179 1 215 245 0 255 255 182 227 113 126 255 39
    56 253 188 255 15 145 0 73 255 44 255 89 255 116 228 0 209 0 93 167
    0 0 214 141 90 235 0 0 39 24 255 0 10 53 139 22 0 255 87 46 178 203
    252 0 204 239 0 95 166 208 115 255 255 0 198 255 208 132 71 99 175
    59 255 104 21 255 136 255 0 9 19 0 0 104 75 0 244 185 153 110 6 0 0
    255 204 0 0 255 210 0 0 203 109 241 112 0 255 191 255 35 0 145 162 0
    0 81 213 202 6 0 19 213 100 115 0 0 0 231 66 65 255 54 208 209 218 0
    255 112 255 50 50 240 255 109 23 250 247 164 215 0 255 0 180 255 72
    184 0 227 130 103 102 237 152 238 62 255 236 181 255 159 255 239 102
    0 138 65 255 227 255 0 151 210 188 254 212 0 207 0 41 211 255 54 236
    70 86 255 121 221 0 231 236 50 61 0 89 159 0 183 198 255 255 68 94
    51 235 121 0 211 59 0 0 26 0 58 0 223 122 0 175 0 47 0 114 210 255
    41 94 83 64 25 220 210 255 156 255 178 131 228 0 58 134 0 29 27 228
    20 69 241 198 18 174 23 255 0 202 255 149 58 219 255 94 57 115 255
    216 204 10 169 10 0 191 255 199 69 0 195 89 193 199 0 0 255 232 255
    189 248 255 0 29 0 30 60 0 0 180 0 9 45 249 61 6 255 254 115 70 138
    32 0 255 114 48 84 255 255 0 157 167 0 150 248 145 0 255 0 178 225 0
    222 185 0 58 247 255 255 183 0 0 255 210 52 43 116 189 255 255 42 0
    255 120 0 99 0 0 251 255 120 255 255 218 49 248 252 220 0 0 46 255
    244 174 255 0 169 255 255 113 0 255 170 117 255 163 176 255 108 82
    154 184 184 250 0 120 0 194 255 26 21 170 0 128 0 137 255 0 40 116
    250 171 114 255 255 255 0 0 188 154 190 255 230 224 9 204 218 217
    102 60 252 220 149 231 17 249 48 7 0 232 114 38 139 235 152 76 225
    214 108 218 251 0 0 241 148 120 0 193 49 206 0 70 255 254 220 0 117
    0 255 0 167 103 114 255 255 60 0 255 0 0 32 0 0 37 0 157 43 216 136
    52 215 239 43 0 42 231 75 0 96 255 8 255 6 30 196 107 180 255 255 1
    34 111 75 182 142 0 255 0 161 0 64 255 0 75 207 98 98 239 255 247 0
    0 240 164 168 255 255 255 156 77 54 205 255 169 16 255 0 149 53 226
    121 0 251 0 29 0 208 255 236 65 255 255 231 68 104 203 0 0 131 13
    255 221 250 188 254 0 149 177 0 243 0 137 192 19 38 77 206 115 255 0
    0 120 55 160 255 246 238 227 220 0 255 255 255 127 211 0 58 255 255
    255 246 0 35 159 255 110 16 191 217 247 204 231 14 35 12 47 53 222
    255 134 63 0 0 195 87 0 113 0 255 175 42 255 0 100 14 255 255 8 164
    37 0 0 0 0 56 172 163 0 77 146 72 151 204 255 23 0 248 0 22 255 220
    9 123 178 231 39 141 6 53 255 0 199 94 255 0 3 201 127 255 107 210
    190 0 6 0 0 255 0 255 204 83 23 133 0 64 9 119 255 0 52 142 46 0 47
    218 145 90 6 255 245 87 255 170 252 96 202 255 78 255 235 141 203 81
    185 211 0 137 38 82 255 113 233 176 212 123 0 255 134 96 44 102 181
    255 255 248 237 253 0 250 255 0 58 0 0 33 0 185 255 0 187 255 255 0
    255 2 21 53 96 83 144 255 255 49 255 201 255 220 0 25 7 221 0 170 52
    146 67 189 255 255 0 255 0 223 104 0 244 91 255 68 255 194 80 164
    255 170 84 0 20 112 23 0 101 255 0 0 0 126 0 255 14 255 254 155 59 0
    109 249 47 0 255 255 0 255 164 34 68 255 220 226 217 0 0 0 0 246 255
    15 0 0 43 201 204 39 47 255 80 255 255 89 255 142 65 238 0 166 0 100
    7 89 9 193 250 255 255 255 26 111 230 33 255 255 255 197 170 232 0
    135 126 0 167 0 132 0 26 211 6 63 113 127 30 255 255 0 255 53 244 16
    0 255 60 0 255 216 97 0 39 215 255 255 255 125 153 0 59 214 102 255
    11 255 255 143 255 255 0 85 0 12 0 255 166 231 12 164 135 24 191 104
    142 0 73 255 37 119 16 101 102 89 150 48 255 255 255 80 208 103 0 0
    128 255 139 0 0 114 187 148 0 255 223 255 248 66 63 206 0 255 255
    184 255 0 250 255 0 167 0 138 88 0 6 139 0 66 255 0 113 0 66 0 255
    39 75 62 75 255 161 177 0 213 0 0 83 223 195 7 56 0 253 0 0 165 0 40
    0 136 227 187 212 192 156 27 124 255 119 185 145 0 199 222 255 184
    204 94 0 255 115 49 28 0 83 79 232 197 0 209 0 234 206 184 0 255 0
    190 197 72 5 17 85 61 163 255 160 1 210 117 10 149 0 0 67 31 123 255
    206 170 134 219 255 0 248 158 141 83 178 82 65 69 87 118 0 37 28 226
    0 0 0 0 0 0 255 23 227 255 159 180 210 131 255 0 87 255 233 123 106
    0 36 198 25 216 255 87 46 255 182 62 232 142 0 255 63 0 249 29 255
    97 68 69 153 66 74 29 0 0 249 100 37 232 255 202 16 98 255 215 0 177
    0 180 15 225 174 54 124 2 220 161 63 32 107 0 255 255 255 95 212 197
    2 38 176 0 89 142 0 187 0 122 255 0 98 255 212 255 66 30 255 39 255
    94 255 134 161 194 208 48 0 72 59 207 26 255 151 71 18 255 255 255
    169 255 255 185 255 242 223 0 0 255 0 0 255 0 64 255 230 14 0 163
    224 255 255 188 0 255 134 0 103 138 42 42 231 26 255 46 102 255 83
    203 50 123 112 255 249 255 229 255 217 215 8 173 116 255 65 177 56
    54 0 255 241 0 0 255 255 108 199 255 0 116 255 255 167 148 255 255
    23 157 0 55 64 149 0 255 0 194 255 157 101 255 116 241 99 179 150 0
    73 0 112 0 0 0 0 172 23 110 66 0 145 119 90 0 154 89 43 0 185 51 195
    0 116 0 184 133 0 37 234 153 143 0 255 0 0 77 0 5 39 43 247 255 31
    255 255 126 194 255 0 109 33 255 0 216 0 76 255 58 203 217 98 72 156
    8 196 0 0 255 197 104 196 158 87 255 184 255 0 105 0 0 207 0 22 255
    15 252 0 207 255 255 242 94 0 183 60 0 71 0 100 0 0 47 15 168 207 66
    255 0 95 255 0 255 84 222 144 209 201 0 255 205 99 78 117 47 195 0
    130 252 255 255 89 101 255 255 53 0 0 0 162 231 255 255 50 255 200
    255 59 30 7 100 249 83 171 2 0 97 178 26 92 255 0 255 214 105 46 0
    172 60 0 241 127 153 0 117 70 0 220 0 110 44 147 204 0 255 23 114
    255 26 34 224 0 255 48 0 248 93 25 194 190 187 166 0 255 76 202 19 0
    13 38 17 124 253 7 255 138 0 4 255 160 14 255 84 137 206 240 0 0 57
    255 97 45 0 101 157 255 255 255 248 194 0 0 134 254 2 108 66 255 247
    0 255 255 0 29 0 252 137 38 0 161 0 154 113 81 96 212 28 0 255 204 0
    255 255 0 183 255 97 38 255 204 0 0 36 255 255 138 0 151 89 123 110
    176 11 148 69 130 216 45 233 71 145 128 0 31 0 255 85 255 0 103 0 80
    146 43 0 0 166 255 255 255 78 221 138 136 217 255 237 255 59 199 89
    0 255 173 190 0 184 0 0 215 114 19 151 255 255 217 33 0 111 186 0 0
    4 92 154 30 162 16 255 198 100 70 216 138 220 197 99 93 180 16 233
    245 176 88 255 162 255 140 237 136 106 29 0 182 216 255 185 96 87
    228 147 91 193 247 214 0 0 255 91 255 157 184 0 255 82 124 255 63 29
    151 255 86 107 137 235 103 0 0 213 98 73 177 184 119 132 61 238 176
    0 255 255 204 1 204 255 196 126 210 0 0 255 0 0 255 0 212 34 120 191
    255 0 255 164 91 159 71 255 0 114 255 0 255 124 231 255 60 225 189
    255 124 0 240 100 197 46 188 7 210 210 206 174 0 0 0 0 0 255 15 178
    213 188 210 207 204 82 7 231 49 255 62 0 232 126 170 246 255 0 128
    124 232 255 214 108 208 152 255 128 0 190 45 0 221 229 243 253 255 0
    255 255 0 255 136 6 211 0 255 255 136 253 160 0 207 0 107 255 201
    161 180 56 27 68 63 227 255 0 168 255 114 48 255 42 140 255 0 240
    255 68 29 191 90 0 103 152 84 30 255 0 141 87 0 84 137 140 0 184 255
    0 117 76 0 249 129 0 255 221 72 0 0 0 55 0 174 51 58 148 191 197 255
    51 89 67 0 255 150 255 174 255 218 182 120 39 255 15 144 0 0 255 171
    255 188 163 56 99 95 0 255 0 252 0 255 245 47 6 22 255 0 137 42 90
    225 0 0 16 240 18 255 235 0 3 0 0 0 31 240 222 118 0 38 0 0 255 255
    35 6 0 24 255 0 0 88 0 251 137 227 0 0 0 185 255 0 14 85 255 255 88
    144 95 255 255 156 124 255 0 129 40 255 17 230 17 197 18 12 51 255
    54 0 134 255 112 0 67 30 78 239 0 96 61 34 0 49 251 171 106 102 27
    201 213 0 204 31 255 0 255 0 0 255 196 139 255 0 32 255 216 0 134
    214 255 141 255 255 255 58 38 57 110 100 203 166 20 197 218 0 106 49
    255 0 5 255 0 228 185 255 93 168 0 220 182 255 134 152 183 217 0 233
    255 98 222 229 250 0 211 192 86 15 82 126 52 179 79 0 251 236 116 74
    44 0 48 164 255 181 28 255 130 0 58 251 255 75 0 255 61 0 189 255
    188 106 0 255 246 0 21 94 72 26 102 255 196 19 250 44 0 86 73 149
    193 255 255 0 255 76 211 255 0 255 255 203 224 255 212 61 0 120 7
    255 201 0 197 191 0 0 246 170 108 220 255 243 140 44 223 148 28 82
    214 255 0 0 215 217 206 144 154 218 255 250 164 255 151 202 88 255
    12 0 0 195 0 255 0 255 54 173 175 230 16 22 129 0 0 163 177 9 119
    206 255 0 255 255 229 59 84 2 0 67 43 0 210 0 148 234 151 191 0 255
    177 122 242 0 146 0 0 168 185 4 161 154 0 44 0 255 19 0 255 255 14 0
    255 0 47 190 231 0 244 139 255 255 144 254 78 19 243 0 236 255 0 37
    171 0 214 0 0 255 0 222 255 246 204 246 106 255 0 135 207 128 0 110
    0 0 255 31 255 0 214 48 121 16 41 255 0 253 255 127 6 0 255 0 255
    197 0 114 0 252 15 196 100 169 255 68 127 255 72 61 0 216 156 255
    246 109 141 234 0 0 162 255 17 0 255 187 127 182 76 248 182 0 52 255
    255 142 255 95 0 255 0 147 0 0 255 43 142 0 68 224 106 243 134 79
    138 180 253 0 0 52 0 112 161 255 225 0 0 248 0 255 219 0 248 0 176 0
    155 9 255 165 219 70 0 255 0 48 0 255 255 0 241 201 178 19 240 0 255
    107 246 46 255 242 26 58 232 186 136 131 0 15 190 33 50 27 216 186
    255 59 77 42 0 196 70 114 36 38 255 81 242 245 0 76 252 148 106 255
    64 0 255 255 55 0 0 252 2 97 49 0 165 246 255 179 255 0 0 255 255
    202 83 255 3 59 255 197 72 206 240 255 106 255 139 0 255 211 0 185
    252 159 255 255 162 0 255 231 107 255 39 255 0 0 249 255 1 255 47
    175 57 0 53 36 255 0 48 255 164 253 68 255 119 255 255 0 29 184 254
    55 100 255 8 203 45 102 255 113 149 0 87 255 0 0 124 255 12 116 255
    255 157 171 255 208 191 204 99 80 253 48 159 229 5 4 196 0 0 0 223
    138 0 0 176 61 123 183 67 162 237 232 18 133 255 0 176 190 89 184 0
    26 153 0 105 167 0 252 255 180 123 210 255 222 241 121 255 117 0 34
    205 66 0 57 84 0 46 74 210 219 106 255 254 70 74 174 0 138 57 195
    129 240 14 191 0 255 0 10 251 194 115 215 41 0 255 255 215 254 255
    255 104 90 73 143 38 0 202 83 139 179 255 0 0 0 222 13 199 149 187
    139 0 140 139 196 255 138 178 30 139 0 255 3 90 216 0 239 137 47 131
    76 126 45 255 0 0 0 255 200 5 85 108 165 240 0 254 255 140 29 74 220
    255 81 179 86 40 0 255 0 255 186 115 57 126 255 251 141 232 201 0 22
    158 0 30 255 0 210 255 86 255 254 175 250 243 188 64 255 12 255 106
    14 0 255 42 0 255 147 79 255 0 187 108 136 14 156 255 241 255 255
    255 160 230 255 169 0 59 215 255 98 7 0 248 80 0 255 255 168 255 255
    31 255 175 255 255 58 255 0 255 73 15 95 255 225 219 136 204 83 93
    255 255 0 0 0 37 215 79 183 88 255 26 255 219 246 149 190 133 255 43
    158 255 255 255 206 255 251 0 70 112 255 193 190 21 232 156 126 125
    0 104 0 227 255 80 52 133 245 191 255 184 33 160 0 206 0 255 187 8
    197 186 0 236 89 255 191 186 233 0 0 27 231 138 0 255 10 119 36 70
    138 90 0 146 169 237 183 255 8 104 144 0 0 0 208 32 0 255 0 81 255
    23 35 39 205 223 3 52 87 0 209 82 255 167 175 18 188 64 0 8 0 19 0
    164 255 0 32 255 146 150 106 255 0 181 255 79 28 0 223 74 255 156
    255 206 225 0 113 33 255 119 159 0 107 255 2 219 249 12 56 153 226
    255 0 0 18 88 215 235 157 33 182 0 0 121 33 126 255 130 0 185 19 1 5
    255 255 168 111 0 0 125 255 144 106 126 176 19 0 255 255 255 161 195
    79 184 34 0 162 0 73 255 171 105 121 40 0 0 0 0 99 0 118 198 232 236
    190 182 188 0 214 0 0 178 0 176 49 255 199 0 60 0 203 76 71 67 159
    198 62 0 255 235 66 108 61 255 0 0 156 27 78 245 0 152 0 0 255 255
    85 255 140 255 211 208 255 84 38 0 249 147 0 0 255 87 28 255 170 104
    34 99 255 36 194 255 0 255 255 255 83 255 141 0 204 252 225 0 92 35
    0 95 0 0 255 214 0 91 138 255 0 0 222 191 0 110 204 255 60 0 0 25
    130 15 68 0 18 179 131 100 255 0 255 181 0 79 246 18 255 125 255 157
    255 37 247 157 255 103 255 64 143 255 255 121 93 255 255 41 31 255
    255 249 255 177 255 86 57 255 48 215 0 146 47 0 0 82 233 54 79 47 0
    249 73 0 153 255 255 0 227 203 216 0 1 58 222 0 219 0 0 213 255 255
    144 0 16 88 126 234 174 162 0 41 255 249 176 91 0 187 56 146 144 170
    255 0 255 144 198 202 0 0 255 121 0 193 3 0 0 0 255 0 255 255 242
    255 185 19 135 134 78 169 244 161 255 23 50 0 0 0 0 0 255 227 114 93
    255 210 0 255 90 254 0 67 8 147 75 187 7 0 0 177 124 0 176 2 174 190
    255 94 63 123 0 127 216 236 10 79 231 220 40 47 255 229 20 177 0 255
    0 255 23 255 214 255 255 35 0 255 83 255 122 28 247 0 161 255 74 0
    229 255 0 227 255 0 175 255 255 0 96 0 146 237 102 239 0 132 154 255
    171 35 136 0 117 19 6 255 145 16 143 246 23 0 255 255 130 78 102 0
    255 53 92 0 255 255 180 0 75 103 0 255 250 121 54 201 149 114 255
    137 64 255 255 194 126 19 168 173 31 255 216 164 175 129 255 0 2 255
    0 247 191 252 195 196 145 35 3 255 33 85 0 81 255 241 50 219 166 255
    96 140 249 17 3 229 255 202 208 0 18 50 243 66 211 41 0 223 62 26
    213 255 231 239 207 255 244 255 134 255 27 129 255 15 68 92 255 0 0
    144 111 205 23 166 178 255 56 0 167 64 68 66 255 203 0 91 13 9 255 0
    239 255 45 139 154 0 200 236 255 69 179 16 222 159 0 255 125 255 6
    70 255 0 1 147 255 30 48 0 0 80 246 0 35 0 0 219 17 0 73 255 226 255
    255 251 157 74 138 91 0 0 0 0 143 11 255 236 255 17 255 244 159 65
    255 158 0 0 95 12 56 205 39 0 198 221 0 103 86 255 47 100 255 66 129
    43 75 0 255 214 180 0 255 47 93 115 162 240 129 23 108 255 34 108 15
    255 210 165 0 255 0 0 255 63 113 51 255 255 37 0 255 8 6 50 186 142
    255 65 255 117 255 0 251 255 0 28 179 54 255 93 255 82 172 136 255 0
    123 59 210 140 0 21 255 164 0 161 255 233 126 255 247 165 211 223
    159 0 205 39 115 246 145 219 148 30 0 217 17 82 255 152 0 147 150
    255 207 174 202 255 66 169 0 255 37 218 245 25 229 159 1 42 206 56 0
    255 114 48 81 39 255 0 135 255 105 104 119 255 0 0 255 255 242 255 2
    50 137 67 35 0 31 9 24 4 110 207 255 0 0 255 104 212 255 255 203 98
    234 255 14 255 100 251 119 0 23 0 36 255 142 255 183 20 14 0 125 240
    198 0 1 145 0 69 0 111 188 202 103 197 221 71 156 254 19 255 255 0
    59 210 0 0 0 131 255 0 0 10 234 204 204 255 181 194 255 138 211 130
    241 255 0 255 252 171 240 78 15 255 93 33 234 173 96 21 205 91 80
    138 0 255 150 254 0 22 53 51 12 87 255 2 4 199 36 237 198 228 22 210
    49 228 233 189 0 255 186 255 255 0 82 162 249 7 73 84 0 255 0 172 0
    171 0 255 79 0 234 0 34 157 232 0 88 252 246 118 63 139 127 255 125
    0 255 217 15 0 86 0 18 21 73 201 255 34 0 0 220 0 255 238 204 73 81
    25 62 94 19 81 0 118 230 188 1 4 99 255 9 53 173 214 146 64 255 0
    154 0 246 85 255 96 255 240 0 150 0 89 0 253 214 0 106 0 255 108 0
    255 152 213 49 0 255 152 207 135 0 0 50 113 78 123 174 215 134 0 168
    255 0 0 115 49 0 15 12 0 194 176 71 43 211 169 214 255 40 0 255 226
    122 234 4 39 7 87 9 8 255 255 0 0 136 21 255 195 126 243 173 255 0
    19 0 217 242 0 255 123 52 2 255 144 114 174 107 255 246 225 255 244
    238 63 119 14 6 241 55 142 92 0 70 247 112 255 0 62 255 0 231 255
    255 0 0 255 34 0 13 129 43 255 46 112 0 30 216 9 58 246 14 0 90 255
    238 90 210 199 44 146 56 180 0 101 0 32 226 118 0 232 0 99 233 0 255
    0 167 63 47 255 187 76 223 24 124 255 255 101 255 230 255 255 255
    142 0 174 0 190 255 0 255 255 187 252 3 127 0 78 208 247 5 0 255 81
    205 0 255 150 151 255 255 199 153 255 155 102 57 90 0 30 117 255 0
    46 255 225 255 255 0 138 3 115 0 143 248 255 255 107 246 255 255 247
    41 83 255 145 0 208 0 32 0 120 255 0 173 0 255 255 42 255 215 255 0
    94 255 230 255 109 149 180 214 168 108 76 40 140 68 135 72 38 144 0
    0 0 0 255 255 221 255 239 255 255 44 255 41 238 49 14 197 236 146
    255 173 155 242 210 0 255 145 231 215 209 0 255 24 143 18 225 0 255
    82 179 44 255 0 164 122 195 255 202 119 99 0 24 181 255 0 245 0 50
    229 0 28 162 54 208 109 90 97 176 90 0 255 88 255 255 36 85 164 255
    231 135 255 113 0 0 204 115 47 16 178 255 0 0 255 238 255 167 168
    181 134 146 221 50 74 252 29 184 246 0 26 0 71 241 0 197 255 195 171
    25 180 240 52 223 73 49 163 255 234 169 194 249 7 40 208 0 125 99 0
    0 242 0 255 7 103 229 108 53 198 161 96 122 255 38 232 91 255 133 30
    77 255 84 255 210 53 255 101 199 0 141 28 37 0 199 162 209 209 0 255
    109 113 85 236 255 190 4 255 255 122 209 237 159 255 255 0 255 248
    244 255 160 221 0 80 0 148 9 0 0 47 211 255 255 253 0 129 0 255 137
    210 255 0 255 255 146 255 255 74 255 92 255 51 64 184 100 101 8 141
    51 61 0 0 0 45 134 0 234 60 255 0 0 170 37 26 105 183 132 148 0 95
    252 0 200 0 72 0 0 111 255 115 235 0 255 0 22 13 255 0 13 255 148
    112 255 4 255 87 166 0 247 79 174 255 255 121 254 146 255 141 224
    185 162 255 255 18 0 255 0 248 255 241 122 49 255 151 255 255 255
    181 215 255 164 101 85 169 251 0 119 255 96 117 144 107 0 224 93 255
    18 211 171 57 110 36 165 0 0 133 255 195 102 0 0 10 255 104 85 219
    238 142 98 48 81 147 0 255 0 210 255 46 30 0 124 245 0 110 134 73 22
    102 255 6 12 255 255 255 138 255 255 177 223 255 225 23 197 27 255
    63 44 255 161 255 161 193 91 118 223 0 255 67 0 161 0 0 255 84 41
    255 0 54 26 255 218 24 64 84 227 93 158 0 94 0 0 255 0 40 0 35 144
    73 223 0 251 155 248 0 0 0 255 0 0 255 0 255 26 202 115 245 255 255
    66 233 0 0 150 246 154 17 255 121 194 127 18 0 255 139 99 51 242 17
    255 132 254 172 136 255 57 142 90 214 239 20 255 131 0 61 234 196 72
    68 255 90 26 255 255 0 0 41 111 0 225 187 192 4 255 0 74 255 108 135
    1 155 157 198 243 255 193 255 43 0 255 207 218 255 0 123 215 6 255
    198 169 74 0 131 253 88 255 0 0 218 255 78 222 179 90 255 37 255 0 0
    0 255 255 0 16 41 11 204 255 118 211 0 255 197 0 0 15 222 255 155 54
    189 255 224 255 220 0 0 90 0 0 62 255 255 255 255 39 10 64 183 58 0
    0 233 255 13 208 226 245 206 236 255 71 6 0 0 153 19 91 0 141 255
    144 6 255 0 59 195 72 187 69 142 209 0 218 104 255 192 0 220 54 156
    0 130 151 149 236 0 255 198 255 153 255 255 0 255 214 213 0 83 22
    164 0 138 0 255 179 0 124 0 0 107 228 0 112 0 0 53 148 134 86 255
    183 0 53 142 79 242 0 160 0 0 2 41 44 70 214 0 255 0 80 255 0 113 0
    0 255 0 255 151 216 255 240 204 22 87 240 176 83 128 255 103 255 55
    188 132 8 255 10 239 255 230 255 0 251 255 0 51 169 89 255 0 255 50
    0 255 138 153 255 163 0 2 137 226 0 255 72 0 76 255 0 70 207 0 52 9
    0 170 255 255 0 18 103 158 49 255 13 53 96 40 221 192 0 3 127 0 192
    231 245 68 112 221 54 2 57 222 225 154 0 233 131 0 35 197 206 12 255
    238 144 234 86 213 0 159 201 0 82 255 227 13 122 255 255 205 255 155
    153 66 230 255 0 13 255 255 55 0 151 79 255 34 218 91 255 39 255 188
    203 255 246 105 14 10 0 208 140 255 190 255 60 0 92 255 255 0 120 11
    255 204 43 7 255 0 2 244 255 255 0 255 255 28 22 188 0 199 25 49 222
    255 238 0 133 177 0 231 255 157 0 255 0 39 154 220 0 246 0 68 120 21
    65 255 43 12 196 103 0 238 22 52 255 255 255 52 0 0 217 255 166 219
    0 251 183 0 255 0 126 159 255 3 84 138 61 232 0 157 255 0 255 119
    237 22 0 204 232 113 0 0 75 47 0 0 0 160 224 255 34 255 9 0 95 0 124
    254 0 145 255 0 131 253 130 255 66 105 165 103 69 255 14 61 255 0
    128 255 8 151 255 255 140 88 255 240 169 67 255 255 216 0 183 255
    166 53 75 133 101 75 118 34 118 165 0 242 255 0 0 125 0 176 0 241
    165 255 255 224 169 151 8 209 0 42 0 225 0 0 0 131 169 202 176 13 30
    255 28 255 84 0 180 98 146 116 88 220 255 0 126 116 72 0 255 184 0
    255 136 0 149 0 0 0 89 127 218 255 0 0 164 100 240 60 38 165 170 4
    167 80 199 51 6 211 0 175 255 203 71 0 0 0 0 19 255 45 136 12 255
    182 50 0 255 183 100 18 169 0 242 255 23 215 119 193 255 234 215 13
    255 255 255 150 0 211 125 255 249 182 97 37 0 255 255 197 0 242 194
    149 183 41 255 71 45 41 0 0 242 37 13 117 124 107 147 255 232 148
    202 0 103 122 0 90 7 177 0 25 255 255 0 50 0 43 61 125 0 255 184 0
    154 112 123 189 213 55 0 227 0 10 38 255 28 231 0 39 32 18 86 147
    159 107 255 237 178 86 223 63 188 255 0 255 21 0 0 195 12 213 98 243
    95 255 255 7 92 131 200 163 0 0 101 0 197 80 108 93 255 255 45 0 90
    13 0 7 48 205 0 0 242 34 57 9 97 196 93 63 152 255 53 0 33 107 32 0
    199 0 177 255 234 107 71 0 194 216 0 255 90 0 189 191 184 255 58 77
    133 255 204 182 0 131 255 46 129 142 255 106 231 28 217 0 0 255 0
    232 255 0 0 12 240 0 182 35 57 5 169 255 164 0 0 31 209 8 107 150
    112 189 120 0 222 0 255 255 197 255 178 0 0 24 0 0 160 255 0 224 255
    54 0 142 225 0 50 185 187 0 13 91 18 0 214 236 135 114 21 177 162
    223 54 0 255 208 135 48 198 223 0 44 255 0 30 255 236 32 215 255 0
    255 202 215 143 255 80 0 0 84 153 238 140 0 30 197 239 234 138 50 31
    83 149 78 255 55 0 23 255 255 144 238 0 52 238 200 255 0 0 158 147 0
    57 142 0 80 255 255 191 0 255 174 242 239 255 255 255 255 53 211 241
    168 255 24 164 216 0 110 83 124 233 195 71 2 255 221 33 52 71 132 61
    67 0 0 160 159 0 131 255 249 44 164 255 184 205 92 128 164 255 0 0
    117 235 0 141 196 213 128 175 255 0 92 255 248 255 146 105 0 232 179
    43 94 237 0 134 255 152 0 126 255 176 255 190 181 255 0 232 110 114
    156 0 144 1 38 228 51 106 228 255 0 138 22 72 147 0 38 164 37 0 58 0
    210 0 0 91 0 255 235 59 239 255 12 255 255 0 30 0 0 75 71 15 82 100
    32 0 252 186 255 140 93 0 255 23 238 231 163 48 255 144 255 0 255
    133 255 84 167 255 66 25 0 200 225 145 98 231 255 25 255 183 179 141
    69 0 207 0 104 253 19 89 42 255 30 82 0 196 0 101 73 120 255 181 255
    255 12 220 205 72 47 255 73 0 0 74 52 130 93 185 73 25 255 0 165 0 6
    255 252 21 98 77 0 255 0 2 152 54 227 0 0 86 182 0 185 220 230 255
    136 251 191 0 169 0 116 255 147 175 186 49 0 183 185 0 30 254 0 33
    255 241 0 152 233 144 255 11 255 82 191 156 255 255 0 255 0 0 0 91
    227 33 144 196 222 0 123 0 130 134 45 0 0 133 255 0 0 255 255 0 0
    118 255 0 231 76 5 0 0 165 14 69 255 255 255 245 0 111 56 85 255 53
    168 143 76 0 0 0 26 0 36 0 0 182 113 222 236 153 213 0 255 233 255
    48 0 221 55 255 0 162 255 0 255 129 61 255 82 50 255 255 11 119 61
    218 100 179 255 55 255 0 255 158 255 45 0 203 238 150 25 195 7 0 94
    213 119 0 91 252 221 0 101 163 200 211 198 56 246 247 78 223 9 200 0
    53 43 168 51 90 255 120 115 160 0 40 233 0 234 183 140 161 0 255 28
    38 13 24 0 32 119 255 163 151 255 180 128 74 59 67 97 120 104 242 0
    196 255 255 106 0 225 52 0 214 125 37 191 0 35 94 73 229 246 255 255
    0 0 204 62 0 255 116 115 34 0 28 0 232 156 255 255 225 255 40 149
    255 255 167 239 0 250 241 66 255 255 29 85 18 224 245 94 24 0 255 94
    255 255 217 180 255 255 0 117 14 157 65 12 190 0 76 255 0 229 229 70
    180 5 255 78 197 3 171 255 255 221 67 52 198 177 0 119 0 134 255 0
    202 26 0 0 255 255 0 199 0 252 0 35 0 87 254 0 24 99 8 61 194 255 0
    0 0 0 137 131 159 255 163 239 218 0 183 213 253 255 0 156 166 0 255
    61 44 125 255 153 97 68 0 0 237 16 192 250 201 112 255 200 32 255 0
    255 18 223 215 161 0 49 255 189 37 255 255 119 1 255 181 92 255 249
    135 0 94 55 22 255 52 91 142 66 115 0 0 193 54 90 92 239 233 56 74
    37 237 75 234 223 255 0 97 255 255 119 125 0 208 0 244 255 63 36 255
    255 201 240 146 255 44 100 229 110 223 0 176 5 98 255 255 0 255 105
    255 126 85 255 150 81 246 130 107 255 214 0 214 68 255 191 255 255
    255 103 102 185 0 238 29 50 120 0 14 186 0 255 189 191 150 195 255
    163 255 88 255 246 255 109 58 232 109 255 255 54 1 45 255 0 255 63
    82 154 255 81 0 152 207 14 97 255 5 0 172 0 0 208 249 45 179 221 0
    126 227 60 0 0 131 4 0 165 0 255 161 0 165 187 133 255 235 194 0 12
    0 255 54 12 102 181 149 77 0 255 255 0 255 97 216 255 255 145 42 2 0
    221 191 250 152 117 0 232 34 3 148 255 66 203 115 214 255 0 255 11
    112 101 80 114 193 14 237 176 255 106 255 255 242 234 255 10 255 72
    21 0 0 116 84 127 61 255 255 66 250 0 99 255 117 162 164 255 128 3
    143 100 0 168 212 211 255 79 255 171 94 223 255 255 231 0 103 209
    255 255 125 205 42 0 233 241 190 144 241 255 57 125 200 225 0 0 255
    255 131 119 121 255 0 255 11 255 0 255 14 188 243 148 255 137 96 12
    129 79 255 69 0 0 186 189 255 114 153 255 141 231 158 175 152 169 30
    0 73 255 255 203 36 59 247 4 25 62 0 238 0 0 255 53 0 255 13 39 205
    248 255 255 102 179 0 255 212 150 0 0 0 237 126 255 206 0 213 197
    250 87 116 0 119 107 154 27 253 26 115 27 255 255 0 0 255 193 33 0
    31 255 243 242 205 246 158 54 31 193 255 255 0 35 0 132 0 0 164 185
    245 0 90 22 0 208 0 89 65 85 0 118 255 33 255 200 255 197 0 190 255
    68 28 255 127 255 5 144 0 187 168 222 129 235 38 50 138 182 174 107
    6 74 255 91 255 33 210 255 244 255 0 138 238 115 0 255 255 214 255
    140 253 255 39 0 245 193 22 1 242 108 124 20 255 159 91 218 80 0 208
    196 0 82 207 0 90 115 0 255 204 0 255 0 151 0 0 224 67 187 246 121
    255 255 0 0 130 255 100 255 140 0 255 221 86 189 61 187 255 255 0
    133 255 95 0 0 176 251 0 255 23 243 53 147 231 0 47 244 17 177 220
    255 40 223 255 255 45 131 0 0 0 0 11 255 255 164 0 86 7 104 20 0 255
    0 84 43 255 109 154 255 53 55 116 0 0 203 255 53 164 255 19 148 248
    172 199 25 79 255 0 0 0 156 23 166 255 0 162 9 0 255 0 49 0 0 67 0
    22 136 0 60 212 247 235 0 238 78 255 54 94 0 0 226 162 69 185 107
    106 0 17 199 62 122 33 79 38 0 255 0 255 0 0 89 143 81 104 77 36 255
    89 49 25 0 119 141 0 113 150 89 85 126 102 255 151 143 0 55 33 146
    255 255 51 143 0 175 0 124 255 158 179 112 119 159 0 219 255 0 0 255
    255 255 250 73 69 32 36 116 255 232 3 53 147 141 255 2 188 255 250
    255 255 255 76 168 46 76 107 35 255 0 0 0 0 0 150 81 255 20 166 177
    21 169 28 0 241 255 11 168 48 201 18 0 84 0 255 255 93 0 147 167 68
    104 0 200 255 173 255 145 130 237 113 255 243 255 0 0 0 37 0 160 150
    118 244 229 4 219 229 162 74 174 140 0 142 139 0 159 211 216 235 40
    14 255 0 0 0 252 89 21 13 252 255 165 156 251 127 118 255 253 0 153
    89 232 255 248 173 222 0 190 0 0 139 0 35 190 147 255 95 255 255 179
    79 0 155 0 67 0 199 255 25 0 156 176 16 255 0 255 184 0 121 156 0
    255 0 162 0 55 255 0 205 188 255 199 220 154 255 79 129 143 121 2
    222 197 141 184 255 83 255 255 255 109 171 36 105 255 255 145 45 255
    219 39 255 59 255 0 140 0 255 46 0 176 86 0 27 0 97 4 212 165 244 62
    255 213 183 27 255 255 41 14 255 232 0 204 128 0 58 160 0 65 83 255
    0 0 0 25 0 149 0 5 0 32 200 115 252 255 0 0 18 144 0 255 109 127 255
    82 255 255 229 168 255 0 0 161 255 7 0 0 157 89 193 244 222 0 255 0
    186 86 84 98 252 64 226 0 234 0 0 0 0 163 168 255 157 0 100 255 34
    252 92 253 0 255 122 178 160 255 62 255 23 11 26 99 255 211 255 255
    255 0 156 255 255 245 0 255 0 174 111 0 147 248 255 104 82 62 0 226
    0 103 228 129 119 117 94 255 0 255 135 255 144 73 64 255 0 8 255 127
    0 168 108 106 0 150 38 255 33 0 33 104 178 255 0 0 76 0 0 249 162
    234 0 60 217 30 33 86 164 40 203 234 45 0 221 82 202 0 255 255 255
    255 198 102 189 151 255 18 255 33 0 255 191 255 255 156 57 15 255
    244 149 223 12 5 0 81 17 255 255 52 26 37 0 255 99 118 125 40 246
    254 24 77 241 255 123 110 239 255 29 170 93 7 48 255 204 255 0 32 13
    219 57 0 0 0 0 255 5 0 108 137 160 255 213 17 255 255 205 250 255
    218 40 73 117 254 0 244 0 255 0 59 234 161 0 239 255 222 0 0 0 181
    63 0 255 9 27 159 243 154 55 7 216 182 255 50 0 8 79 115 170 121 231
    0 9 197 0 118 134 243 126 255 0 67 112 255 143 219 29 200 0 255 165
    170 22 0 21 255 255 41 48 230 116 197 255 128 0 80 213 0 222 0 0 150
    173 0 203 220 238 255 189 244 122 222 183 161 138 94 137 255 181 43
    107 162 181 86 18 205 186 45 0 185 95 0 0 206 0 25 255 255 66 0 9 8
    255 234 109 255 143 68 255 26 230 71 100 211 113 249 188 255 85 255
    0 0 255 0 3 0 63 77 0 255 103 192 116 188 55 29 0 204 212 164 231
    131 0 0 30 0 161 0 255 25 158 51 28 199 175 0 66 24 0 255 97 69 255
    255 0 36 22 29 255 155 0 79 215 101 255 223 255 255 150 255 254 2
    184 86 71 172 99 142 198 0 139 17 255 213 0 241 202 236 35 238 0 121
    143 255 160 254 220 212 82 192 58 82 255 197 185 170 30 55 140 68
    187 38 223 101 0 247 250 0 0 0 255 0 193 204 176 0 2 0 247 237 79
    138 103 196 156 255 222 0 46 13 51 0 112 255 214 247 211 141 7 226
    72 0 0 255 149 179 222 233 255 107 249 255 106 159 250 102 210 0 218
    4 220 255 169 176 172 255 255 75 90 42 181 171 12 0 255 30 200 148 0
    255 78 255 129 139 204 255 255 153 89 255 209 122 0 0 13 115 0 255
    70 23 75 0 255 49 0 105 78 0 161 255 34 16 255 51 255 130 255 75 184
    0 88 0 0 255 46 215 47 143 255 255 255 0 52 28 20 192 0 255 255 61
    60 255 150 0 124 0 0 255 0 255 155 45 215 255 11 8 210 158 66 163 56
    0 8 20 152 255 44 140 50 77 14 52 88 0 255 0 111 0 61 174 110 21 0
    244 67 136 55 0 62 0 173 0 255 0 0 0 0 255 255 120 188 190 152 0 0
    214 0 128 0 133 42 0 207 0 0 23 164 61 194 226 155 0 255 0 41 255
    151 239 0 99 255 0 110 0 115 55 0 44 98 0 205 0 211 23 92 24 218 133
    255 255 255 255 124 0 0 63 255 34 110 198 137 255 169 133 224 207 69
    102 255 147 167 255 21 255 255 179 246 62 255 0 153 255 1 255 0 0
    255 168 139 192 255 176 220 173 114 8 0 15 235 191 78 85 223 143 217
    97 50 53 48 0 4 253 156 43 249 0 107 52 129 160 80 142 66 255 210 0
    202 59 110 188 255 153 241 60 10 255 82 191 0 255 127 72 183 248 120
    0 0 245 0 208 63 217 219 251 0 58 255 29 69 0 100 28 189 6 56 171
    124 143 255 0 170 35 36 255 0 16 81 255 225 171 255 73 255 255 255
    105 255 255 186 128 246 255 183 213 255 158 156 0 7 255 0 200 133
    239 127 0 211 199 126 95 141 54 188 255 187 209 74 0 69 0 31 255 0
    142 255 255 248 0 82 253 104 32 0 20 127 255 194 255 255 221 25 23
    255 143 18 109 52 225 5 211 70 110 183 0 253 208 255 0 0 95 0 0 183
    91 118 17 151 202 137 208 162 0 11 0 255 161 0 0 26 0 255 0 236 255
    0 0 0 11 136 102 48 185 0 0 96 255 0 255 80 38 40 255 227 172 20 0 0
    81 118 255 184 172 128 219 0 156 133 30 166 0 60 216 0 0 255 255 0
    205 70 229 17 0 255 38 44 116 141 157 198 4 0 255 53 0 0 255 27 3 14
    101 255 255 156 4 78 56 142 0 81 14 255 67 200 205 141 94 255 255 10
    0 0 197 66 255 255 0 255 0 135 255 255 255 35 87 2 255 0 197 0 4 105
    45 0 231 251 0 110 0 174 0 79 100 215 255 103 76 174 231 38 67 0 255
    81 255 151 223 154 60 137 39 0 0 105 72 83 0 255 102 215 80 43 12
    165 30 56 255 154 61 28 255 0 33 252 0 0 195 105 255 173 61 13 33
    255 23 246 58 75 216 242</data></my_img>
<your_img type_id="opencv-matrix">
  <rows>128</rows>
  <cols>256</cols>
  <dt>"3u"</dt>
  <data>
    234 8 108 172 255 183 255 200 255 132 137 120 34 181 90 0 0 211 0
    121 0 71 253 128 0 214 184 255 113 46 141 0 0 6 205 127 0 3 0 188 2
    0 110 0 0 255 255 164 118 215 255 0 76 252 105 255 255 189 143 0 182
    141 255 0 35 251 0 146 238 32 240 228 173 0 0 193 111 107 54 41 250
    255 1 0 19 191 223 227 0 243 245 255 181 186 0 230 200 0 134 0 75
    149 147 193 228 128 207 255 255 255 251 255 0 56 6 23 255 40 0 251 6
    255 171 109 0 240 44 0 189 239 14 206 230 135 0 145 0 167 5 222 66
    183 0 32 62 255 145 134 255 104 0 255 235 138 103 70 255 255 236 245
    93 255 255 0 150 91 138 212 255 58 0 0 39 255 123 203 22 106 0 7 85
    0 80 54 42 97 32 127 17 133 255 209 129 255 255 137 220 111 213 210
    68 0 208 255 0 0 220 54 0 223 255 123 81 255 0 206 255 150 0 255 0
    97 110 255 32 224 137 255 41 255 0 68 79 49 168 207 18 255 75 10 96
    255 255 190 255 0 255 155 50 137 0 255 179 88 75 215 0 144 0 54 22 0
    252 0 94 255 40 74 76 147 0 128 159 184 123 0 221 255 0 0 250 117
    255 230 14 142 134 0 200 96 99 0 213 26 9 23 0 135 222 166 208 48 57
    255 173 255 0 0 62 0 152 223 77 41 58 38 227 13 6 46 245 172 56 187
    209 151 199 114 0 44 111 184 0 246 255 54 86 255 155 0 0 14 255 66
    46 0 0 203 40 0 167 255 255 0 255 167 229 255 120 59 255 108 60 255
    0 110 91 0 12 103 251 129 255 68 0 130 232 215 71 6 48 94 0 0 143 0
    246 255 51 121 249 168 33 196 238 220 0 255 81 46 218 157 255 122
    255 19 0 25 231 62 23 0 0 0 137 137 0 90 0 250 32 187 255 0 255 213
    39 255 68 255 165 80 0 255 237 109 46 0 226 0 162 130 173 152 255 0
    231 156 116 0 255 141 89 0 191 100 192 0 143 48 37 255 125 116 126
    173 120 0 255 202 234 0 0 150 253 255 0 255 255 144 19 0 0 108 130 0
    118 169 195 56 24 56 128 35 105 0 255 22 201 13 0 102 222 188 138 0
    90 152 191 148 102 252 255 50 156 27 18 0 146 255 252 42 0 55 0 97
    245 101 29 0 190 130 255 255 255 164 45 53 0 253 205 72 162 251 255
    0 99 255 24 138 204 255 227 105 255 179 14 255 93 170 0 70 135 86 0
    245 132 191 229 206 175 255 0 255 0 119 223 128 91 0 5 94 148 255 0
    185 3 72 156 218 63 215 0 255 223 46 250 206 0 48 0 255 91 0 62 170
    91 255 222 32 9 15 160 98 0 0 93 255 154 0 255 245 0 150 0 0 255 72
    0 146 57 198 60 255 132 91 216 212 100 179 60 0 92 117 255 123 95
    255 0 255 159 249 255 17 255 0 26 6 255 196 98 119 0 41 255 35 0 0
    255 241 134 0 255 59 50 162 202 0 0 0 255 6 0 255 29 127 255 16 0
    191 45 122 255 133 110 83 169 154 79 118 0 20 86 255 105 36 255 39
    57 255 0 0 178 46 141 0 35 108 139 255 169 250 142 169 104 100 0 0
    255 0 247 209 174 180 38 255 247 47 126 217 98 79 81 13 181 35 161
    255 72 255 111 255 242 150 100 255 0 205 238 148 255 0 255 205 0 44
    38 124 223 255 41 0 0 134 139 0 255 194 255 199 60 254 255 255 69 0
    212 38 127 0 140 255 9 82 176 255 160 255 83 184 0 210 0 69 10 0 0
    168 135 255 224 255 255 202 249 156 148 0 45 49 255 177 78 255 21
    255 0 117 208 192 55 0 69 217 0 255 219 255 0 79 85 251 222 0 255
    255 0 138 248 207 94 111 0 151 82 5 205 78 255 255 255 255 253 118
    255 28 189 214 0 137 87 0 12 211 220 238 255 255 255 0 255 146 255 0
    83 0 255 0 171 248 0 63 10 239 4 192 0 18 255 0 141 255 147 2 34 248
    255 24 55 110 10 255 120 255 255 54 68 0 0 255 86 0 245 97 157 255
    228 126 0 78 125 0 26 190 65 45 0 1 255 0 255 0 255 198 244 255 221
    110 55 38 255 255 147 190 223 105 255 255 175 249 43 255 79 7 179 82
    89 223 0 0 188 12 0 112 60 161 120 233 97 3 199 0 192 255 130 182 68
    0 27 255 180 255 168 255 255 0 255 255 137 163 255 0 55 169 190 100
    230 22 159 37 255 0 255 86 51 141 91 0 99 199 0 221 238 255 255 30
    145 255 167 0 229 31 218 255 0 0 87 0 192 255 0 146 255 137 21 178
    255 212 58 255 255 40 0 21 0 51 255 219 0 196 255 75 255 255 255 2
    143 80 52 41 24 255 63 255 0 255 79 0 61 255 255 203 11 255 255 33
    134 82 95 79 47 255 255 232 88 255 0 255 202 86 0 207 255 214 255
    255 108 0 77 255 0 248 0 0 166 36 192 218 252 193 171 110 0 0 77 161
    158 166 255 244 70 0 161 255 0 0 0 255 255 135 131 255 102 248 0 0 0
    17 0 118 168 0 0 138 255 100 100 113 255 56 255 68 79 55 0 255 0 8 0
    24 106 140 251 122 246 217 145 245 81 58 182 139 150 110 241 12 139
    119 0 24 4 66 255 46 207 160 0 255 0 15 107 142 218 214 0 255 130
    120 255 107 0 0 25 255 173 251 62 67 255 255 0 0 41 128 159 223 205
    0 255 225 30 26 91 0 169 126 35 0 80 46 114 247 0 165 255 0 249 255
    90 0 247 84 22 233 0 0 8 255 8 37 255 74 7 0 12 26 255 104 255 245
    41 0 255 216 215 175 144 161 0 68 169 54 141 27 42 141 247 255 52 33
    237 38 123 38 255 214 129 98 58 19 247 48 154 255 76 0 202 109 255 0
    30 0 187 236 157 1 0 255 49 0 163 17 235 112 0 193 255 78 247 140 39
    37 158 15 0 255 255 4 115 255 255 177 110 134 217 0 255 137 12 107 0
    129 255 255 26 255 11 255 0 97 117 144 102 100 54 189 105 0 158 20 0
    129 0 11 166 255 96 141 123 201 133 37 230 179 249 0 53 147 110 37 0
    96 255 15 213 185 70 237 4 81 255 255 255 255 36 206 20 158 255 255
    45 22 88 107 222 79 0 255 255 232 129 40 191 0 0 242 197 255 216 0
    162 28 203 0 244 38 255 254 78 0 189 238 113 0 239 153 0 114 240 255
    0 70 0 0 173 254 0 56 162 0 255 255 19 255 16 173 114 0 15 169 226
    99 76 0 209 37 0 26 178 215 0 0 201 255 0 29 207 255 195 11 230 255
    218 255 16 255 65 255 5 255 0 238 255 171 255 151 201 23 229 166 115
    76 214 29 160 196 173 169 246 54 6 255 0 101 0 0 255 0 255 255 255 1
    176 0 0 193 52 255 0 112 124 198 195 165 200 222 58 94 52 255 246
    170 99 151 255 255 212 17 255 0 255 230 27 192 255 255 0 126 255 77
    51 255 255 255 84 6 73 0 12 249 255 111 68 255 117 52 85 44 0 0 33
    156 137 255 0 83 201 116 71 0 0 179 255 0 255 244 110 236 0 255 158
    122 0 248 255 112 246 187 255 243 0 0 0 121 255 131 131 131 110 0
    148 255 230 255 127 128 227 0 0 230 255 131 116 228 255 174 64 0 255
    0 26 188 0 0 255 17 115 146 0 205 0 50 255 89 1 255 0 61 0 0 255 255
    226 171 125 91 255 0 255 96 0 0 140 100 10 159 6 92 85 255 0 0 179
    95 178 66 106 8 255 104 52 255 179 77 234 167 6 255 60 15 226 210 69
    69 3 138 252 35 52 255 113 0 0 89 141 0 79 165 0 74 135 255 0 255 36
    82 240 215 53 0 255 212 5 51 227 195 135 194 255 255 255 255 100 0
    95 59 125 0 0 200 15 171 160 121 0 0 0 68 142 0 236 180 167 113 255
    189 123 0 255 255 223 0 0 82 7 255 192 68 255 179 166 255 255 255 13
    152 226 55 0 0 255 188 0 126 118 153 0 0 195 177 64 255 21 225 211 0
    140 217 0 186 156 93 0 88 249 99 0 166 140 49 0 89 219 0 25 255 90
    76 242 199 57 46 114 190 158 86 185 205 24 0 105 0 17 43 255 10 25
    62 0 0 230 45 178 0 53 215 9 71 255 255 255 0 255 0 255 208 255 255
    0 214 0 151 0 0 144 174 159 123 32 255 159 0 91 133 235 20 255 255 5
    107 0 120 255 6 189 154 99 223 153 58 57 255 132 0 17 255 188 0 255
    0 101 226 0 0 114 231 255 255 112 0 135 247 187 255 0 168 137 92 147
    170 138 54 255 255 117 0 43 255 213 26 0 0 126 128 245 0 119 221 55
    234 255 151 0 27 229 11 186 255 0 236 255 116 30 89 255 139 255 255
    158 255 0 0 0 0 255 247 129 240 255 255 1 79 11 255 250 115 255 246
    0 225 116 246 123 43 0 255 135 211 35 145 95 216 225 0 235 224 106
    255 182 255 239 76 0 103 175 0 21 0 103 95 33 120 90 18 128 255 190
    40 0 255 15 255 0 62 207 75 138 252 146 187 219 245 226 0 143 185 0
    255 87 17 84 255 235 0 0 191 201 222 147 255 255 228 73 255 136 226
    255 255 29 37 45 216 214 0 255 25 0 0 0 255 6 0 0 132 255 102 0 253
    19 125 38 0 158 41 13 237 0 0 99 2 0 61 255 255 255 0 145 136 247 40
    0 226 66 0 0 0 0 138 178 137 0 147 230 151 234 47 101 53 157 3 255
    198 0 255 61 255 0 0 43 234 124 15 255 75 0 3 253 29 22 223 255 0 0
    255 81 170 208 11 0 255 239 255 70 122 15 0 200 255 147 216 59 0 0 0
    255 239 0 0 190 17 0 198 255 85 255 144 0 13 184 63 200 0 137 255
    190 0 220 121 0 0 255 0 158 106 0 0 192 255 92 70 45 250 36 126 5 0
    255 162 75 20 0 0 255 87 105 205 255 75 199 236 99 135 0 174 111 117
    211 0 190 94 86 212 17 255 0 255 0 41 13 112 166 141 195 176 235 65
    120 0 145 141 188 26 0 115 153 84 224 169 255 205 37 23 255 30 255
    23 89 0 187 255 228 0 118 89 0 77 222 89 117 249 179 122 0 255 0 136
    109 0 0 184 142 183 48 0 131 0 240 63 234 255 183 27 29 255 0 71 101
    127 44 0 0 98 0 255 1 255 201 198 0 0 44 158 0 179 159 52 99 96 75
    70 95 254 207 255 76 59 26 0 0 255 169 24 21 0 0 213 168 136 0 104
    146 85 0 203 71 0 29 0 142 93 224 124 98 255 0 255 215 198 0 0 0 0
    126 202 255 114 32 109 0 48 255 143 0 255 255 46 39 0 77 255 151 101
    152 10 244 0 255 0 255 141 0 38 255 255 129 187 117 255 0 102 255 3
    255 240 255 225 43 212 118 0 255 0 255 255 174 108 0 0 23 0 216 70
    103 134 164 255 30 17 114 138 22 0 13 46 225 148 255 66 255 255 21
    84 141 232 64 25 198 255 255 59 160 190 255 200 255 216 37 141 112 0
    99 203 111 255 162 211 160 89 156 142 155 176 155 119 0 255 79 242 0
    0 203 255 251 226 108 164 183 41 255 255 162 0 255 0 0 14 0 0 185
    111 71 0 36 44 0 105 255 0 23 206 117 25 229 255 104 5 255 255 25
    161 97 0 0 107 96 183 255 190 165 225 0 200 167 0 194 255 54 255 27
    255 156 255 0 255 155 1 77 254 255 255 255 165 77 158 0 42 255 255
    156 113 255 104 0 0 185 0 255 217 0 0 236 255 0 255 228 0 245 78 137
    37 0 210 146 161 255 93 64 255 111 0 130 64 245 255 200 207 19 255
    10 232 127 0 255 105 255 140 0 6 128 25 29 255 138 255 165 28 0 228
    47 255 255 255 85 118 0 0 0 111 153 42 26 238 255 134 241 128 146
    134 69 228 124 0 10 179 234 0 0 255 182 255 255 175 216 208 175 20
    92 152 9 10 255 255 112 83 255 255 123 53 0 64 36 255 242 244 134 0
    189 84 86 0 0 0 255 35 49 249 255 114 227 255 248 255 170 40 48 185
    224 99 171 44 255 209 0 255 211 113 0 7 255 127 226 255 68 99 223
    255 218 64 136 104 255 135 0 255 255 255 0 255 14 196 25 255 163 0 3
    198 172 0 44 255 42 74 255 159 0 0 183 30 53 73 176 255 216 255 225
    255 255 68 86 86 0 223 0 0 255 134 109 0 0 128 0 170 209 255 159 0
    36 163 0 255 0 194 0 126 242 28 255 255 59 31 255 197 182 0 18 248
    255 201 67 135 50 9 0 1 0 255 3 194 252 243 255 232 0 177 241 23 144
    52 0 61 207 66 200 170 255 45 0 127 255 190 255 42 255 151 238 177
    255 255 48 29 38 0 156 186 0 45 40 116 246 255 24 81 255 181 255 23
    255 244 0 135 236 107 199 94 0 51 76 255 61 255 143 0 0 66 161 17 92
    255 255 123 242 196 3 182 9 81 40 43 28 83 96 34 0 179 0 255 162 249
    255 0 24 163 191 167 128 0 0 114 255 255 43 0 254 133 13 127 0 255 0
    27 255 67 255 12 200 255 59 130 39 0 184 214 0 170 0 88 0 132 106
    240 98 245 75 140 175 238 0 18 158 150 123 92 255 0 0 224 40 175 17
    255 255 125 122 28 237 24 241 191 53 62 226 255 209 17 153 255 211
    30 255 0 196 255 245 91 131 2 255 35 128 237 55 205 178 28 165 255
    255 116 25 16 255 127 148 0 0 0 0 255 155 54 0 88 34 71 126 64 0 0
    62 131 159 42 8 49 252 2 1 0 87 112 0 53 45 19 255 255 209 90 186 95
    191 200 2 172 0 255 150 132 17 0 222 189 255 46 43 57 255 188 0 231
    0 0 222 255 31 229 255 0 227 166 5 125 82 255 183 153 98 169 46 127
    200 75 0 124 196 204 71 241 177 163 255 255 181 17 119 45 255 0 255
    0 0 255 152 148 0 255 158 123 50 71 171 127 14 15 255 0 255 0 74 149
    0 0 50 227 255 145 255 157 249 233 219 0 3 0 252 58 128 183 0 96 17
    104 152 106 255 46 203 118 180 154 133 255 0 9 143 0 1 0 46 255 109
    255 237 108 255 255 255 255 255 0 0 190 0 255 255 255 0 115 82 85 95
    255 0 255 214 166 255 255 0 0 255 211 107 0 27 103 197 0 247 0 180 0
    255 207 240 190 255 101 76 171 22 0 187 5 170 18 208 186 231 81 197
    117 0 12 0 111 0 91 233 214 0 255 95 255 0 100 97 0 32 178 106 255 0
    255 67 27 16 167 59 80 201 0 0 226 0 233 183 0 255 233 0 131 0 212
    255 255 75 0 181 241 87 114 114 255 0 255 255 0 20 49 0 198 93 147
    255 217 255 0 255 191 0 91 136 91 255 233 0 255 255 69 153 0 18 143
    157 17 204 255 0 255 100 155 69 0 239 209 255 99 255 246 0 255 5 236
    255 159 157 255 13 153 0 0 164 122 179 0 134 81 22 255 184 127 187 0
    0 208 87 210 176 56 177 239 70 178 255 88 255 173 0 0 255 33 242 151
    255 116 74 255 228 108 151 196 118 249 208 20 0 137 220 0 0 255 149
    255 126 255 98 196 14 136 55 30 168 0 20 214 107 78 234 0 255 0 0
    191 110 0 9 0 88 0 141 41 75 37 0 255 247 0 92 249 172 209 255 240
    255 0 255 0 27 250 250 34 173 177 255 84 0 126 162 209 0 0 0 98 0
    242 0 255 101 255 46 255 42 233 78 162 182 107 208 30 255 215 117
    255 190 70 161 255 255 161 0 168 122 0 250 0 202 255 77 74 163 239
    140 255 255 60 0 161 240 0 0 162 91 145 145 255 255 137 231 78 0 181
    255 229 240 255 152 111 7 0 142 69 197 71 196 225 204 173 198 0 30
    109 255 0 0 0 193 116 31 204 206 128 199 205 0 255 142 53 223 59 14
    49 56 103 255 201 15 216 214 255 255 149 235 255 214 255 255 0 255
    154 0 19 0 173 112 127 253 137 85 0 0 0 213 255 56 255 0 7 137 44
    241 72 0 111 0 0 0 210 0 255 95 255 151 0 255 16 255 255 156 255 201
    151 83 2 220 160 236 152 149 0 204 104 255 122 30 248 255 219 189
    255 42 255 209 142 255 222 255 116 0 136 255 92 82 160 33 0 0 139
    217 166 97 0 148 123 255 45 198 0 88 110 63 254 197 10 221 57 111
    255 62 201 132 157 90 150 89 110 45 18 255 39 247 0 186 0 70 25 45 0
    255 82 255 255 242 0 182 176 61 255 0 255 198 102 0 193 61 0 0 164
    81 178 0 88 47 0 188 224 176 73 90 255 174 151 0 95 67 255 255 255 0
    117 76 236 49 218 76 0 130 255 19 0 1 95 234 127 238 170 202 255 0 9
    186 3 177 135 183 0 57 255 164 255 255 117 0 173 212 146 11 1 47 162
    36 98 255 73 182 156 0 70 43 17 220 0 0 222 0 229 0 202 255 25 234 0
    243 0 207 63 221 1 0 255 141 0 255 253 196 255 136 15 255 249 255
    253 255 255 101 156 97 106 95 247 0 255 88 255 188 123 87 0 186 0 0
    70 0 255 210 12 189 237 0 177 228 255 0 203 240 0 255 116 255 246 0
    247 179 255 239 253 225 0 158 255 255 86 255 68 14 84 0 181 146 215
    0 0 142 0 0 0 57 0 170 158 255 159 195 110 142 0 0 255 0 190 46 255
    255 8 45 143 0 255 0 255 0 0 255 96 255 255 255 0 203 0 236 0 255 54
    0 243 0 90 255 0 63 44 39 0 180 179 0 197 58 185 190 0 0 0 166 0 68
    255 166 106 249 88 0 0 176 179 0 71 78 48 255 255 191 0 246 204 0
    255 0 36 139 255 255 36 0 0 0 7 31 255 181 123 125 4 205 255 209 217
    255 65 176 124 159 85 255 0 214 98 0 150 207 0 179 219 0 75 0 169
    133 206 183 177 255 5 255 0 0 0 156 163 255 158 229 83 215 1 0 154
    255 185 255 134 6 255 200 255 255 35 198 181 69 255 57 160 118 255
    248 0 171 29 209 142 250 255 167 182 233 255 0 255 255 0 0 255 67 33
    24 200 33 104 0 0 230 0 53 252 28 163 255 209 120 0 0 0 115 255 255
    255 93 49 223 67 255 186 54 215 0 200 212 0 15 250 0 69 108 231 66
    255 37 69 0 2 0 111 113 160 196 121 0 1 0 22 5 137 0 255 255 255 233
    0 174 249 65 150 255 0 255 255 0 195 137 0 128 0 0 85 235 255 132
    255 137 222 191 2 101 46 0 255 207 255 255 129 56 154 226 209 0 0 0
    45 0 61 192 85 0 55 203 167 228 165 255 38 17 218 89 0 239 255 173
    69 255 232 0 94 0 0 236 78 0 255 41 233 207 174 255 79 64 135 89 49
    30 130 255 0 113 255 22 254 255 95 246 0 0 102 205 156 253 0 0 213 0
    160 0 49 58 33 168 255 255 212 66 0 147 143 0 232 88 227 65 0 124
    223 159 177 173 133 0 145 236 143 188 16 24 255 246 54 239 215 81
    226 0 0 133 60 255 216 137 101 255 208 66 0 117 255 0 18 73 255 134
    255 143 98 0 179 145 219 183 13 255 127 225 255 154 0 189 234 0 0
    251 35 125 127 34 100 233 255 255 0 255 255 223 163 92 255 18 139
    101 0 173 58 171 0 255 228 0 93 0 255 61 255 86 110 78 255 0 0 78
    103 0 141 76 115 162 227 85 0 255 0 95 129 255 225 174 255 196 255 0
    146 5 24 0 255 107 242 255 47 73 108 73 21 110 173 152 0 168 255 255
    42 81 255 150 79 55 61 167 201 255 187 14 250 255 166 191 255 0 197
    255 0 195 112 124 170 43 255 6 184 170 175 0 255 189 89 255 0 0 0
    255 66 109 0 206 106 255 81 184 166 166 19 95 9 0 98 3 255 91 255
    255 177 114 0 255 147 138 253 177 244 133 128 250 182 0 170 231 137
    0 111 0 8 152 128 246 103 255 105 255 230 203 80 255 211 0 33 0 72 0
    207 145 255 0 255 0 158 102 255 219 0 89 0 0 166 4 255 125 0 217 0 0
    148 110 255 200 0 185 45 255 255 157 157 244 241 37 46 173 138 23
    219 225 240 0 208 52 0 0 17 0 0 165 0 255 0 255 157 70 237 186 53
    238 114 53 0 255 255 0 0 39 255 109 228 0 255 108 202 173 6 255 255
    255 16 103 194 203 98 255 38 22 226 167 56 128 0 255 76 193 149 5 0
    96 255 95 117 26 180 131 48 0 0 0 103 255 164 0 198 50 233 3 138 14
    203 168 150 252 255 255 255 91 92 255 61 0 244 151 32 90 152 98 0
    242 136 255 112 215 204 147 212 0 0 9 191 53 42 107 22 35 122 7 0
    171 121 255 226 255 101 191 244 25 125 96 103 165 175 23 189 238 167
    56 199 5 243 0 18 65 255 179 233 0 194 6 212 162 0 0 48 121 0 0 43 0
    243 255 217 219 0 245 202 0 54 119 0 136 255 0 255 255 21 6 66 218
    123 132 247 204 57 119 87 255 19 206 136 45 255 119 0 231 200 241 0
    41 241 251 72 91 77 59 255 0 223 0 16 0 185 153 0 15 255 122 0 221
    49 255 255 161 58 235 178 31 103 31 255 255 0 72 198 160 31 17 255
    109 181 240 85 8 238 155 0 198 175 255 0 255 251 215 0 146 0 197 95
    193 0 195 194 147 237 143 93 156 113 166 109 0 0 0 30 156 118 132 0
    255 255 255 205 255 229 202 255 99 255 97 79 33 0 45 0 255 0 209 255
    166 81 0 255 255 28 255 0 0 30 0 0 172 178 228 115 255 255 0 0 255
    128 255 225 45 105 0 0 0 0 0 128 119 0 255 255 44 116 255 0 200 255
    0 43 65 204 255 155 39 0 171 216 20 50 232 177 144 204 173 255 105
    255 225 255 182 116 174 10 149 0 40 96 3 0 168 0 255 86 123 100 76
    226 56 0 197 255 255 102 40 211 181 255 32 0 38 0 0 140 255 194 255
    255 255 255 255 59 255 153 0 54 134 230 0 0 247 255 162 188 255 58 0
    32 59 189 255 0 133 0 130 255 255 255 55 36 0 241 195 109 125 33 164
    40 222 54 136 255 167 0 39 255 118 0 89 0 94 92 110 226 228 73 129
    209 9 255 86 32 255 177 0 78 167 255 255 70 81 122 255 255 253 255
    50 224 37 192 255 0 0 255 255 0 0 215 240 135 11 255 48 106 52 228
    195 0 0 56 255 45 255 142 0 251 141 242 0 226 255 89 190 226 57 56
    251 75 23 80 0 0 27 0 0 0 150 126 79 0 20 64 214 255 254 255 0 180
    110 65 17 255 69 30 255 255 158 240 0 150 126 177 111 228 197 172
    255 38 37 163 76 172 0 255 255 0 0 129 215 232 21 96 0 0 0 208 218
    192 165 0 61 195 169 52 0 207 45 0 101 192 255 255 104 0 248 252 70
    255 255 64 255 86 194 117 216 159 31 0 255 1 244 30 0 0 231 0 82 118
    255 80 216 56 201 0 117 186 255 177 149 19 247 0 6 0 191 0 0 251 155
    146 93 255 62 108 0 76 37 5 182 181 0 255 188 207 250 109 24 189 255
    74 87 27 0 20 33 255 172 185 16 51 255 255 255 145 63 0 75 222 112
    255 238 143 164 141 173 214 0 54 255 0 185 255 36 154 73 0 41 116 0
    0 0 0 0 168 255 156 0 55 255 144 229 255 231 123 113 240 25 0 50 65
    255 0 255 107 255 235 200 68 241 0 0 255 234 109 179 197 55 255 162
    202 121 253 128 173 255 255 255 150 137 255 43 255 255 39 29 0 2 46
    130 0 0 70 0 207 0 167 0 255 39 237 75 255 255 132 0 0 185 163 0 0
    255 255 0 51 97 255 149 220 18 226 135 3 255 99 15 15 255 122 121 0
    0 76 27 73 202 0 0 103 222 224 107 255 0 223 138 255 0 195 145 138
    154 62 193 124 155 4 255 255 24 36 255 0 55 37 160 20 52 0 223 186
    107 14 255 247 22 220 147 220 81 255 255 0 255 179 65 12 255 186 229
    255 255 255 147 11 74 255 72 0 103 219 0 255 5 255 158 0 62 212 208
    58 126 255 116 211 255 192 0 0 172 255 60 0 143 115 0 26 255 18 0
    165 255 102 116 0 255 0 191 255 157 206 28 255 0 255 40 212 142 43
    181 72 38 209 83 0 83 24 72 239 46 237 255 212 0 82 103 12 108 0 106
    255 255 46 230 0 202 0 196 255 25 175 255 255 125 104 82 109 123 81
    255 201 155 1 255 123 7 173 96 0 51 128 26 255 255 246 169 225 84
    167 0 0 255 123 77 32 20 89 0 0 0 45 67 151 236 114 0 245 255 229
    122 0 181 138 0 131 0 255 151 172 189 0 0 0 29 217 15 255 58 227 105
    219 0 254 196 162 255 55 81 9 212 0 255 255 255 121 255 27 108 13 0
    242 153 107 0 214 107 0 255 188 174 250 44 47 206 45 0 22 0 34 11
    146 34 255 230 225 255 0 210 213 147 109 0 245 181 125 90 11 255 227
    91 255 153 255 53 0 115 166 216 81 134 255 130 0 5 13 101 126 162 0
    15 160 0 37 0 93 176 57 172 255 255 165 218 0 203 255 255 0 128 0
    255 23 163 255 51 53 255 208 168 255 255 104 255 142 191 255 0 158
    141 63 255 0 53 111 189 177 234 36 255 255 0 8 240 255 212 219 255
    255 0 131 31 163 211 134 47 255 79 0 204 0 97 0 126 0 0 0 173 255
    139 51 163 56 255 15 255 96 0 89 67 175 18 255 4 58 0 255 203 171 0
    56 78 0 255 164 255 0 255 196 0 255 136 27 0 4 31 255 124 255 0 147
    0 255 163 0 19 186 48 238 230 255 94 203 124 0 255 227 255 179 159 0
    249 165 43 152 77 238 225 220 0 84 47 255 99 255 255 235 187 207 226
    198 67 242 255 195 13 197 221 255 0 158 195 0 105 133 43 35 255 255
    102 255 84 45 255 75 49 0 0 0 79 255 61 9 90 25 0 91 131 102 43 60
    18 255 78 95 220 143 0 237 137 87 169 0 255 219 38 34 123 0 90 255
    45 91 255 22 238 255 3 133 49 255 30 241 241 255 209 160 255 209 0 0
    95 49 100 74 148 255 214 255 31 78 255 255 169 175 234 221 45 174 82
    137 0 233 255 0 2 255 0 247 174 0 255 71 255 80 43 255 150 199 224
    116 66 50 255 255 32 177 100 4 229 255 255 0 61 255 0 139 255 125 3
    129 119 51 0 239 255 146 0 255 91 0 255 120 0 251 64 255 104 207 146
    0 0 0 161 255 159 0 86 48 240 76 244 171 164 237 0 148 61 0 55 122 0
    255 227 255 0 0 64 71 152 211 38 0 218 156 225 224 171 37 0 255 0 0
    47 255 15 0 255 0 0 239 255 255 160 3 130 0 0 255 52 224 37 234 195
    94 211 0 0 23 229 0 246 0 0 160 200 241 162 65 169 0 255 0 243 123
    35 255 164 255 198 0 255 117 138 45 0 57 225 160 0 66 136 127 172 0
    190 77 210 213 0 204 0 255 140 222 88 179 255 153 99 54 255 206 0
    165 0 211 80 146 0 0 136 182 0 47 60 255 102 20 41 2 132 239 140 239
    115 255 215 132 107 0 0 0 0 95 74 247 57 255 0 34 233 253 187 52 180
    67 0 104 105 20 68 255 246 0 179 0 146 0 0 13 211 0 79 79 0 48 94
    182 143 255 84 245 152 242 9 148 192 255 0 182 225 0 255 228 133 125
    201 186 212 0 209 144 217 75 85 0 93 134 54 172 221 0 159 255 80 255
    108 51 0 201 56 87 255 255 0 251 181 0 237 252 186 51 34 128 71 240
    255 74 0 118 231 189 255 155 213 0 39 194 61 103 170 60 197 7 0 171
    255 255 219 110 255 255 48 217 146 0 12 51 0 0 42 40 255 86 133 112
    155 226 0 255 255 255 105 255 255 89 165 0 239 33 5 28 210 0 44 255
    5 87 0 42 8 15 64 138 255 255 45 255 195 1 71 86 11 255 0 228 213
    255 255 117 255 244 94 207 61 180 244 255 102 163 51 0 255 49 163 0
    120 115 117 199 112 37 0 255 0 255 255 135 12 85 164 255 0 162 1 208
    184 255 119 255 255 255 202 37 174 207 156 0 159 255 253 255 90 135
    255 185 35 255 53 0 85 0 51 35 181 19 0 0 255 11 255 255 96 160 246
    255 202 255 114 0 0 109 238 124 64 22 0 0 255 255 33 35 255 0 24 188
    255 166 0 235 231 146 0 253 23 102 33 240 73 255 0 255 255 180 0 70
    177 255 91 50 53 255 0 72 247 64 203 67 255 202 255 255 141 149 87 0
    0 255 67 196 248 0 81 127 0 0 232 0 156 154 170 79 159 241 0 255 189
    96 206 219 44 255 105 199 50 255 213 255 72 255 255 199 255 47 255
    237 20 128 237 65 17 101 190 212 207 161 99 255 0 84 255 255 19 219
    203 65 0 48 232 222 218 0 199 140 0 118 0 107 34 0 139 255 208 255
    18 152 205 255 188 255 0 255 0 0 104 18 0 0 0 93 130 255 255 255 76
    255 255 0 161 70 115 0 185 255 0 231 0 255 173 0 156 255 28 170 204
    21 189 255 255 254 124 218 255 78 0 0 0 120 119 250 31 0 255 0 43
    207 182 0 5 255 160 21 0 255 0 221 255 209 0 255 0 0 156 196 231 0
    23 82 0 255 125 237 0 255 208 0 28 0 189 182 255 255 57 0 255 177 55
    255 255 211 4 65 38 0 0 236 0 252 183 175 255 83 144 122 164 255 103
    237 54 247 0 0 0 36 115 255 11 53 255 116 162 43 255 206 82 255 233
    0 172 255 255 52 255 25 40 140 0 19 97 100 231 154 0 255 88 102 255
    221 225 173 0 0 43 255 214 0 106 0 115 255 84 34 1 255 255 232 0 50
    95 0 133 255 0 96 0 243 35 219 179 0 41 51 0 67 145 0 41 78 197 255
    54 0 255 157 255 0 121 55 255 0 254 157 0 194 255 203 88 255 215 219
    255 54 0 70 200 0 0 0 0 156 217 61 81 167 0 255 0 173 82 251 43 255
    158 53 60 217 109 37 70 123 161 255 0 223 0 88 186 255 75 0 76 255
    11 0 229 154 29 148 255 17 255 235 255 141 0 253 0 97 22 100 0 111
    175 49 211 252 181 2 255 0 117 161 0 206 0 69 195 184 255 255 255 0
    227 228 85 8 229 255 56 0 161 104 31 188 51 219 34 0 255 4 54 255 14
    151 75 129 161 44 255 255 147 165 255 255 67 12 255 112 93 216 70 12
    202 192 251 195 237 193 48 255 157 184 255 255 226 255 63 168 255 0
    255 34 0 0 235 0 0 255 247 0 255 255 255 0 255 255 0 113 255 249 180
    0 205 255 146 255 255 0 74 0 255 25 46 155 110 3 163 24 0 0 218 74
    157 23 63 68 131 146 169 173 166 96 125 0 0 27 0 85 77 211 147 66
    255 84 255 31 34 0 10 88 175 210 0 97 152 107 213 52 0 236 174 255
    13 69 56 172 63 255 82 24 245 255 0 255 60 0 231 189 234 68 56 187
    141 161 198 14 110 82 202 207 255 0 255 84 163 255 249 0 81 146 255
    58 58 21 106 255 0 255 180 246 208 89 255 175 132 56 229 0 0 0 126
    173 255 82 26 80 22 197 0 125 98 224 155 252 153 0 0 57 222 65 45 28
    255 34 129 255 96 62 0 24 255 220 0 255 255 255 136 226 110 38 0 3
    255 17 224 210 92 124 249 82 191 202 242 255 93 255 255 109 99 8 11
    18 102 234 0 147 255 255 250 77 0 159 255 255 242 66 20 0 231 48 113
    45 4 0 82 0 226 43 36 190 211 14 255 235 50 255 0 0 192 80 255 255
    138 0 0 100 58 0 11 255 0 0 255 255 149 90 0 0 147 48 0 43 147 211
    255 1 151 30 0 156 159 0 255 251 192 89 18 27 255 0 255 121 0 175
    114 91 0 8 255 0 0 223 0 101 23 0 79 106 75 27 0 36 6 190 255 255
    220 255 255 85 41 0 45 187 168 221 255 255 22 0 242 0 51 255 0 93 0
    250 164 246 49 62 255 0 0 255 44 0 1 255 170 78 255 0 0 0 39 110 112
    255 0 137 105 255 63 58 163 120 0 142 0 255 255 255 255 252 19 23 0
    162 0 0 70 178 64 0 255 173 188 255 193 184 255 0 0 0 50 149 0 182
    88 154 67 114 113 120 168 253 97 125 110 39 63 0 0 139 71 0 143 210
    144 255 204 43 65 0 243 255 36 23 171 170 0 255 188 112 0 53 255 115
    122 255 0 0 19 89 0 208 0 0 0 94 0 164 161 255 255 222 52 229 50 102
    24 0 100 0 0 0 106 132 203 208 92 0 1 197 28 255 107 236 255 42 47
    223 0 174 2 121 252 176 147 232 252 125 202 0 255 190 255 0 0 151 4
    2 160 216 0 153 132 86 210 0 1 142 130 245 234 121 0 0 0 255 230 255
    91 117 0 198 0 0 2 65 0 0 0 114 195 212 139 98 18 255 236 199 255 57
    255 176 29 0 0 255 255 0 116 148 0 0 157 219 61 231 81 4 0 124 37 49
    127 245 0 13 78 255 88 0 255 71 231 3 0 204 24 110 83 0 0 255 0 0
    218 190 134 255 0 172 38 255 130 32 1 121 0 135 149 66 158 211 115
    231 95 0 128 133 62 180 0 192 92 177 64 1 0 206 85 232 128 29 123
    144 206 255 255 252 44 30 200 0 7 9 0 0 0 44 0 255 44 183 252 135
    165 16 224 60 0 78 223 255 255 224 22 197 255 191 255 0 234 32 255
    72 99 0 241 212 57 60 253 0 217 0 255 78 255 0 161 0 129 0 66 223
    253 77 180 255 119 255 169 255 20 205 0 235 245 150 218 0 180 255
    114 0 79 255 97 170 242 0 107 5 0 162 52 0 0 55 38 255 203 252 19 0
    238 154 117 239 255 17 174 216 34 175 255 0 0 255 102 0 0 255 174 5
    0 0 0 154 255 255 194 181 187 187 1 167 255 255 21 218 46 0 89 166
    62 83 0 0 42 0 0 219 37 78 145 164 63 255 0 255 255 50 175 187 0 248
    24 49 216 0 0 96 160 255 160 117 65 0 255 229 200 173 243 255 250
    137 37 46 255 255 253 255 0 0 255 0 142 255 110 255 37 255 173 12
    220 197 255 0 0 169 255 65 45 255 0 10 0 207 242 38 142 0 166 93 84
    80 255 4 0 71 181 251 106 255 10 178 42 255 0 223 217 221 0 107 244
    0 0 61 237 0 163 255 34 135 0 87 49 181 255 255 0 18 61 255 121 159
    201 31 0 255 203 227 115 0 153 41 146 0 173 255 107 88 0 137 255 255
    2 255 255 255 68 19 63 159 131 16 157 79 181 204 175 113 141 189 0
    168 255 116 35 220 0 28 204 255 23 255 255 0 255 135 175 0 68 255
    119 217 116 0 25 128 0 96 117 0 133 0 255 255 67 0 220 239 0 0 255
    82 222 120 246 0 0 229 160 0 95 198 41 83 0 40 38 0 131 114 255 0
    151 255 255 50 118 108 255 238 228 225 94 0 233 255 255 255 255 71
    255 253 19 73 106 107 0 214 255 255 255 0 139 0 204 55 188 255 165
    29 255 116 0 0 2 255 218 0 255 192 158 108 255 75 157 255 48 4 0 255
    46 125 190 255 0 35 0 255 165 165 0 21 193 129 0 0 72 255 0 255 184
    0 135 92 238 255 209 255 255 0 250 104 30 154 0 246 0 215 171 190 27
    35 255 0 69 255 254 0 0 66 193 128 224 216 63 118 0 255 255 130 255
    255 255 121 135 202 160 34 0 0 255 0 255 0 127 255 175 0 149 0 5 255
    62 0 38 130 255 255 25 0 146 255 175 0 255 76 181 254 160 28 218 0
    29 255 138 162 255 222 255 80 255 22 91 16 201 243 210 255 0 0 255
    51 187 219 231 255 132 150 255 27 215 35 0 255 0 0 0 212 17 41 80
    142 166 112 255 60 0 123 255 0 255 197 103 0 42 126 226 255 182 180
    89 21 255 157 188 89 255 0 225 255 184 216 0 147 231 88 255 42 0 85
    171 0 14 248 255 206 210 255 185 34 25 1 255 209 152 255 102 0 247
    130 58 193 94 0 131 0 26 184 7 81 42 103 0 25 255 188 255 113 209
    255 255 156 0 43 250 152 0 0 48 0 0 126 43 85 0 255 15 0 255 69 27
    26 18 25 75 132 16 0 255 148 255 79 200 0 255 0 199 0 0 255 74 178
    255 38 3 230 230 82 83 255 32 255 0 101 248 93 0 12 0 232 66 231 255
    255 236 0 192 153 255 3 247 252 239 254 0 245 153 191 120 175 90 0
    141 248 0 95 184 27 139 255 247 21 125 255 74 17 243 15 204 64 175
    255 255 87 255 132 255 255 37 36 0 102 81 255 206 0 221 107 113 219
    147 0 0 255 0 87 56 92 40 65 199 1 0 255 207 140 255 235 8 210 0 108
    0 0 78 51 255 255 202 0 229 0 0 16 37 50 255 37 0 184 104 124 200
    255 13 118 226 112 82 255 0 97 250 255 255 49 139 76 50 112 217 60
    255 104 156 171 0 72 26 169 0 0 255 67 201 255 225 65 10 0 179 0 33
    29 0 33 138 89 130 0 153 197 88 255 255 33 0 132 137 255 60 135 91
    222 0 85 134 171 10 0 255 241 203 57 149 255 65 81 10 255 43 111 113
    0 0 0 209 90 0 255 255 23 255 255 0 88 204 0 243 117 255 255 217 40
    73 0 129 51 198 0 235 255 255 255 255 178 239 255 25 140 0 242 156 0
    0 109 90 255 23 229 36 255 255 0 24 0 0 250 167 0 255 43 81 88 39
    180 255 17 84 116 248 138 62 255 162 0 238 255 0 255 165 82 199 0
    199 0 0 0 249 255 195 24 249 111 171 40 0 77 99 233 70 201 61 255
    255 255 171 158 79 16 86 88 127 133 255 255 255 255 0 255 236 255 84
    249 37 210 0 0 0 255 72 255 255 255 107 75 64 255 128 0 192 144 255
    0 246 21 255 255 161 119 0 168 0 123 17 255 0 0 124 136 0 120 104 53
    163 253 0 255 0 100 7 54 255 255 157 214 35 255 0 65 255 150 102 136
    39 234 181 0 255 24 77 194 0 51 48 234 255 255 47 124 235 157 0 255
    218 0 222 196 255 0 255 0 0 70 0 10 23 250 50 3 237 97 0 0 255 0 255
    255 196 134 14 239 255 174 34 255 119 123 0 167 247 136 255 238 199
    192 255 255 255 255 175 146 180 0 255 0 0 181 124 36 96 34 30 117
    171 105 125 255 244 255 255 44 0 204 190 64 219 255 255 0 50 119 4
    159 0 255 0 255 5 231 255 0 150 0 35 78 128 255 219 53 165 255 0 18
    255 177 0 140 255 18 0 139 245 0 121 176 75 211 61 199 246 246 0 44
    141 211 107 224 255 255 195 125 163 0 183 255 157 203 83 255 255 0
    160 121 221 255 62 211 25 144 255 77 0 122 219 99 11 205 255 136 0
    146 213 127 82 4 242 255 253 163 0 0 137 255 192 0 255 155 69 193
    255 186 0 228 141 116 255 9 0 220 108 255 231 98 255 0 255 213 0 95
    198 97 255 207 255 95 221 168 63 0 116 0 211 28 171 255 255 73 255 0
    255 255 0 160 249 255 0 37 0 228 196 255 115 161 121 0 132 0 0 216
    54 255 0 0 255 255 154 45 197 104 15 174 0 91 255 255 183 199 78 14
    0 111 207 255 100 203 51 255 100 0 104 82 255 78 80 220 242 168 190
    206 0 255 124 208 130 255 226 255 0 255 92 59 37 152 186 255 253 190
    2 127 95 197 68 84 255 0 13 121 0 233 0 52 232 57 11 255 159 51 246
    247 183 0 255 255 255 114 189 29 164 238 255 255 0 255 0 0 0 81 64 0
    0 0 137 233 46 26 194 0 30 171 81 0 0 107 232 219 195 255 168 166
    162 93 46 86 255 80 184 54 159 120 0 255 255 144 0 65 35 0 255 68 0
    133 133 0 0 40 0 27 255 100 98 85 18 9 223 101 255 0 239 255 129 255
    255 68 96 90 255 0 189 0 0 0 148 255 0 249 46 47 4 255 0 255 240 0 0
    0 153 236 252 0 203 16 255 150 255 107 255 0 23 179 0 92 11 0 255 4
    56 81 181 255 46 255 0 0 119 0 142 233 0 202 157 112 232 225 245 255
    255 255 255 100 50 83 120 0 0 178 95 162 38 254 233 255 56 220 63
    155 0 165 255 167 46 147 44 1 94 98 68 255 89 29 244 255 255 46 222
    175 7 255 0 0 120 255 82 66 36 255 255 255 28 133 245 70 0 0 41 63
    156 59 141 30 54 79 0 236 92 183 0 204 191 98 53 255 87 255 36 255
    209 96 77 255 72 255 255 159 255 5 133 8 22 190 218 0 110 133 134
    158 0 255 200 0 222 223 43 178 174 188 255 255 255 220 11 221 22 0 0
    235 26 72 80 255 0 0 255 56 255 0 237 160 109 206 255 212 165 35 157
    184 40 255 0 0 97 0 210 193 76 201 255 125 0 146 255 255 116 187 139
    255 94 0 157 54 9 255 0 0 0 0 255 0 0 0 5 15 0 240 0 225 255 56 223
    252 255 161 132 146 255 255 206 255 99 255 254 255 0 0 159 233 132 0
    139 225 217 216 105 255 0 225 240 0 118 58 230 196 176 255 94 111
    137 101 255 255 0 255 179 184 252 20 217 0 255 103 94 0 91 93 139
    113 210 22 144 68 140 47 6 35 189 85 64 135 0 99 0 0 255 234 0 0 142
    228 150 45 121 178 212 5 235 48 163 255 76 0 58 130 0 155 106 250
    140 119 54 241 255 45 69 220 218 179 175 80 168 0 0 35 105 0 255 255
    255 255 245 255 67 160 45 226 48 243 255 76 180 146 171 229 255 136
    0 102 0 0 218 162 35 253 111 0 63 176 38 250 0 255 0 207 255 241 81
    0 176 128 173 146 0 0 115 0 255 0 140 207 183 57 0 237 0 0 88 11 99
    255 0 114 233 0 255 0 108 241 4 197 255 134 145 216 174 25 146 132
    255 50 113 30 217 29 0 224 0 147 24 56 48 243 209 255 0 65 110 121
    67 131 0 37 35 255 170 10 242 0 44 61 98 219 3 230 210 198 0 87 255
    14 41 255 240 79 255 141 0 47 0 0 119 237 63 4 0 119 244 205 173 72
    0 255 0 197 235 130 88 255 120 79 65 255 162 15 105 67 255 255 162 0
    0 255 42 0 0 0 27 255 0 82 0 112 0 29 226 151 1 176 241 164 203 228
    57 99 184 206 255 26 172 219 255 58 233 24 255 0 148 0 0 0 0 0 167
    56 233 158 0 113 254 224 127 194 236 0 0 0 255 0 228 109 197 111 105
    0 255 14 5 180 141 254 0 111 247 0 0 0 207 239 145 183 140 48 0 247
    4 192 154 73 255 255 73 0 178 255 255 26 4 147 13 169 56 167 182 126
    0 184 53 0 0 0 184 171 199 66 0 14 208 184 255 255 91 255 0 74 36 48
    255 117 0 255 126 74 0 45 2 87 55 255 0 255 51 178 105 42 253 255 58
    243 254 57 68 255 129 153 81 255 0 255 242 0 16 248 163 0 208 214 0
    5 28 255 69 177 212 255 0 169 247 255 135 242 0 255 136 14 255 255
    163 142 0 255 0 237 203 215 255 115 182 0 255 72 255 114 0 176 136 0
    28 0 255 0 175 148 3 108 76 80 0 250 0 92 74 180 26 224 174 124 255
    171 96 38 0 160 0 0 108 0 172 170 183 0 198 0 255 151 51 248 253 0 0
    217 255 84 149 239 29 0 0 255 255 100 221 255 0 255 196 41 58 240 89
    255 0 163 198 241 255 23 32 255 98 180 79 70 189 220 238 135 230 255
    184 0 82 52 0 255 159 144 196 0 255 143 112 255 0 255 254 8 205 255
    255 255 0 132 0 149 146 0 173 178 216 79 67 218 12 125 255 21 0 100
    130 226 255 93 90 221 216 255 0 255 85 45 69 190 0 252 186 255 94
    208 90 255 195 247 0 138 0 255 186 245 251 166 215 0 187 0 199 4 0 1
    169 234 108 255 131 218 0 91 63 249 0 82 172 204 21 90 255 81 204
    166 0 255 255 230 119 255 255 251 9 211 76 243 250 0 194 73 55 0 104
    255 16 96 0 62 0 255 52 149 255 108 237 118 162 0 8 66 20 0 211 156
    69 255 246 255 35 255 160 103 144 21 0 103 255 0 153 166 237 0 128
    255 150 172 255 255 255 55 184 0 215 204 6 165 0 255 177 0 75 255
    255 211 255 150 84 137 244 190 255 202 193 0 248 0 97 43 72 18 9 165
    69 255 45 255 97 67 55 34 132 78 11 255 0 11 4 212 73 0 121 31 0 25
    255 128 252 79 53 250 226 76 0 0 197 0 255 0 213 174 255 255 84 0
    255 212 132 1 187 137 105 0 162 164 229 174 0 48 36 100 57 0 255 54
    133 137 255 144 241 230 201 0 11 255 255 255 63 255 185 208 255 209
    0 0 0 138 50 82 90 16 229 229 255 255 255 93 237 203 0 124 75 11 237
    6 207 255 255 255 143 168 28 53 0 255 194 117 83 0 0 255 232 230 255
    167 0 96 108 247 196 255 127 190 95 84 226 16 198 255 255 243 0 255
    241 131 255 255 72 221 0 255 255 0 255 59 255 212 0 121 25 0 255 0
    23 0 79 173 62 41 164 255 0 185 255 18 102 255 61 150 177 255 155
    255 9 80 30 255 248 94 10 230 97 0 177 255 190 232 255 0 168 62 221
    137 255 255 255 218 0 186 0 229 39 169 186 255 103 255 215 63 255
    163 35 255 75 255 202 111 145 72 46 255 255 0 180 216 165 255 178 81
    255 128 255 83 153 83 132 183 255 0 224 188 143 219 188 58 0 245 0
    255 34 9 206 69 143 32 165 137 8 255 130 255 137 236 64 149 255 146
    83 43 69 0 97 188 0 115 193 0 134 100 150 0 203 250 144 121 35 84 0
    163 218 0 0 214 76 255 251 190 0 153 34 250 215 108 182 0 255 255 0
    0 106 8 255 191 48 44 121 213 149 246 255 9 255 255 168 31 0 192 0
    40 206 36 69 255 0 6 125 255 255 136 42 255 61 35 170 143 53 0 123 0
    247 255 65 222 255 163 127 226 216 143 31 0 28 126 214 0 0 0 0 0 53
    221 229 0 255 255 0 255 201 0 255 255 0 112 216 28 30 212 40 99 0
    244 0 0 0 255 0 28 67 142 255 209 255 0 162 8 0 255 68 0 193 255 149
    99 154 130 23 25 11 0 64 0 255 176 244 45 150 179 54 112 171 120 8 0
    203 168 95 210 255 219 98 94 255 121 255 0 188 20 0 19 0 0 255 0 127
    3 9 0 0 250 186 48 255 222 130 216 3 255 121 47 128 255 61 0 102 255
    43 132 160 56 99 129 235 0 255 56 255 0 255 255 160 160 255 244 255
    216 69 107 255 156 150 239 255 255 255 255 156 0 255 255 31 255 80 0
    255 48 255 172 220 0 107 52 32 0 89 227 61 44 0 20 222 0 170 236 100
    6 25 255 0 42 146 255 32 53 227 44 0 255 0 0 98 0 196 34 24 63 145
    52 58 206 122 146 255 0 141 255 251 153 255 190 255 56 175 2 0 14 70
    66 82 0 86 255 82 199 125 0 0 0 255 9 0 0 0 116 133 0 255 166 232
    255 7 195 0 208 0 11 78 49 255 0 228 189 225 0 255 240 172 218 217
    34 38 59 183 0 0 137 79 121 137 9 0 0 255 22 238 0 255 42 26 255 255
    34 62 0 23 0 3 0 2 255 0 177 255 5 255 86 255 0 37 255 211 255 0 189
    22 208 180 32 0 212 70 244 0 114 217 215 255 255 0 255 223 61 255
    255 142 19 0 0 255 69 171 255 145 161 51 0 204 215 249 0 0 208 255
    40 36 98 11 238 166 151 175 84 210 126 173 0 255 245 142 0 23 0 255
    0 67 0 233 154 150 126 202 176 215 117 102 0 0 177 209 184 110 62
    255 157 255 191 1 175 136 121 192 255 255 0 29 162 46 142 255 255 0
    235 255 218 255 29 0 142 115 98 181 120 16 255 0 81 32 77 117 74 255
    70 242 255 238 228 255 11 108 213 255 251 0 0 0 212 94 0 19 160 248
    255 0 143 26 182 123 0 11 255 34 255 207 66 103 255 0 146 164 0 113
    249 255 200 255 0 0 43 5 27 0 255 159 25 117 246 0 200 0 255 16 186
    233 255 255 0 185 97 217 154 190 76 240 103 255 252 206 0 237 146 0
    43 0 53 255 0 0 226 0 0 235 82 66 221 0 110 124 91 140 71 0 0 8 0
    185 255 0 0 0 233 144 255 103 238 163 111 112 224 255 60 164 140 91
    33 255 235 159 160 74 246 116 168 255 0 255 255 255 162 142 167 106
    62 106 2 125 125 220 20 255 176 255 95 252 202 0 29 185 52 109 0 5
    255 0 255 117 184 187 122 18 2 73 21 32 0 83 0 255 59 176 16 223 0
    156 220 255 67 219 0 54 161 255 0 0 139 60 90 0 177 0 0 139 109 57
    242 183 131 156 0 197 255 223 223 198 0 102 203 255 255 208 174 255
    134 46 204 255 255 23 178 124 99 194 0 0 255 158 169 151 47 45 107
    221 9 255 50 241 63 185 50 171 255 201 255 134 0 0 116 171 236 0 157
    183 62 77 0 136 255 51 154 255 136 255 61 0 54 49 158 173 138 255
    255 133 255 69 139 0 255 175 138 29 126 1 71 4 247 255 255 180 0 64
    255 255 192 148 154 211 255 113 255 174 84 26 255 106 0 255 81 255
    22 255 134 255 71 255 186 0 160 40 50 61 83 144 35 255 44 44 12 114
    73 255 137 255 195 255 249 247 63 138 4 11 255 213 0 0 0 68 241 0 0
    200 237 95 221 68 138 123 255 233 11 46 255 206 13 58 255 0 255 185
    255 233 242 0 220 255 255 210 88 16 0 255 0 0 0 115 159 255 255 106
    0 0 154 0 160 255 0 203 140 45 118 152 0 100 219 74 146 180 255 0 0
    0 0 134 237 40 39 21 0 0 255 0 0 122 0 255 78 255 58 197 255 68 92 0
    218 153 16 0 255 128 231 255 7 13 255 62 230 24 246 0 50 0 179 175
    237 203 255 255 255 189 7 147 56 136 82 113 185 41 22 127 77 19 255
    0 255 255 132 0 0 30 28 147 157 98 255 124 87 255 112 254 208 68 0 0
    162 0 69 179 255 101 83 126 255 12 33 255 127 229 86 248 255 8 168
    100 237 0 162 0 0 182 58 183 255 255 197 0 255 255 113 0 0 255 29 98
    255 142 110 129 0 190 255 72 31 0 255 105 255 33 0 120 145 42 181 0
    75 255 255 86 167 255 255 47 255 175 159 224 0 46 150 185 29 130 245
    140 199 184 139 120 255 7 255 17 170 0 255 139 154 6 0 65 51 255 0
    235 210 166 255 27 0 0 132 243 111 255 122 245 46 0 230 207 0 21 155
    255 255 78 39 103 255 89 0 51 156 0 255 255 35 226 0 255 255 251 88
    255 255 68 28 255 24 56 252 211 102 199 76 0 216 0 255 251 0 155 128
    0 0 204 255 86 127 255 194 0 37 0 34 255 51 125 184 255 255 182 255
    131 0 146 71 187 106 107 35 56 0 60 255 0 202 255 0 86 216 0 0 255
    255 8 255 71 255 193 0 71 152 202 42 147 166 255 162 0 255 55 152 0
    255 0 116 77 255 198 0 247 1 63 101 16 91 124 0 255 74 255 244 30
    105 0 73 66 184 116 23 54 181 69 249 0 82 63 0 255 224 255 126 187
    255 255 108 112 68 10 121 78 0 43 117 0 159 118 132 0 15 255 121 20
    0 255 31 188 33 0 17 197 57 255 255 19 192 11 171 125 253 181 255
    197 153 17 144 219 161 11 166 0 255 255 35 0 54 112 255 255 255 255
    186 130 0 8 0 255 152 43 0 255 255 150 187 142 255 240 0 121 255 0
    174 16 158 238 232 164 255 0 0 210 255 60 97 20 207 0 67 0 198 199
    255 53 255 18 235 255 0 22 255 11 63 5 8 221 69 0 76 0 0 53 0 168 92
    84 20 0 0 64 255 0 86 166 54 0 255 180 46 90 186 140 0 171 0 205 0 0
    216 31 34 255 188 255 28 64 12 34 149 39 215 130 219 74 171 200 0
    223 212 255 158 57 255 0 255 243 125 255 42 0 255 6 49 213 103 36
    177 255 56 99 103 236 0 0 103 255 2 162 192 182 112 93 162 0 0 251
    95 144 29 255 0 255 0 131 224 0 113 41 0 0 0 173 225 74 0 227 110 67
    222 255 51 50 231 54 160 36 51 111 255 0 0 72 193 178 160 255 77 0
    129 255 116 233 255 255 70 15 0 184 0 0 102 255 255 121 240 94 0 178
    246 139 195 235 186 92 20 255 82 255 0 40 225 64 158 192 255 255 43
    183 255 116 96 205 106 255 0 211 0 191 255 233 81 158 255 0 141 200
    227 0 210 16 214 203 255 215 70 255 33 237 123 77 195 255 0 245 133
    79 0 0 251 95 29 44 0 29 33 168 49 223 0 63 242 255 255 255 0 0 4 10
    0 201 0 243 255 255 0 209 255 255 229 13 120 217 0 110 229 223 112
    255 0 10 9 41 0 255 212 183 115 222 255 171 128 255 130 81 127 56 6
    159 255 157 0 0 255 0 255 255 219 212 241 16 42 55 46 139 255 139
    198 80 0 84 0 124 27 40 229 65 255 242 19 0 255 125 18 255 0 255 255
    186 0 82 7 76 69 235 255 52 0 112 244 255 255 184 149 255 221 255
    156 201 129 255 127 166 255 255 255 255 255 255 38 0 142 244 62 185
    190 193 255 0 152 76 148 255 177 83 255 202 87 176 255 0 162 0 255
    188 17 255 160 211 170 123 255 200 84 186 17 125 0 0 221 174 255 0
    238 0 174 246 242 31 126 0 209 78 195 125 0 149 140 172 255 255 0 0
    153 0 125 89 255 222 98 255 16 220 206 177 255 18 168 0 255 150 255
    81 180 126 80 69 255 211 22 191 0 155 243 255 0 0 182 0 107 144 0 23
    0 226 66 41 105 213 0 157 0 80 0 158 75 255 54 255 255 129 19 255
    236 255 255 255 99 229 0 222 106 255 104 0 255 97 21 213 104 255 91
    29 224 0 155 185 0 0 150 213 165 49 194 160 159 0 255 62 0 255 86
    139 95 97 168 105 184 0 255 0 0 74 160 215 255 255 244 255 249 255 0
    0 181 255 255 47 0 0 134 165 41 8 255 3 206 186 252 255 99 0 255 255
    166 0 247 158 255 255 106 0 226 0 0 0 140 255 71 240 0 0 36 2 99 25
    136 153 0 196 255 0 189 89 255 143 11 253 255 173 74 147 255 255 45
    178 122 0 5 0 247 49 0 107 118 32 255 171 144 128 33 0 109 223 254
    84 81 222 167 33 255 159 136 96 255 0 124 255 148 255 204 255 255 18
    255 0 0 0 26 174 0 237 94 188 251 255 153 92 255 147 0 93 255 255
    255 0 89 255 0 54 10 253 198 90 154 255 148 255 217 96 68 92 80 58 0
    47 143 255 255 16 198 240 243 255 65 255 96 255 0 0 145 0 0 23 193 0
    255 255 255 26 238 255 174 8 0 24 126 98 255 218 230 0 99 255 255
    255 0 255 170 77 213 255 255 222 241 0 43 236 255 27 0 226 223 255 0
    246 72 60 218 255 255 87 79 99 255 0 210 0 125 48 148 255 0 192 12
    47 255 7 255 0 255 136 255 255 67 224 185 192 140 255 141 97 185 123
    163 0 188 105 255 69 223 153 0 138 0 255 189 0 202 215 0 172 79 87
    83 0 255 20 155 75 255 255 255 0 233 181 0 81 28 255 245 15 255 115
    180 187 171 255 150 189 103 115 50 255 97 0 175 0 180 255 146 49 75
    0 255 0 0 255 218 72 255 135 255 255 64 0 0 56 158 255 255 18 0 28
    160 69 252 0 23 182 255 255 158 255 112 255 232 255 255 35 229 101
    116 255 25 0 184 0 255 184 0 0 236 167 104 70 59 255 146 0 62 5 118
    123 72 255 126 0 255 0 35 168 255 45 242 255 255 18 181 98 56 0 162
    241 241 207 132 93 0 0 53 110 111 50 44 201 181 243 149 236 78 0 50
    174 13 153 255 54 13 251 255 0 153 211 15 206 139 255 91 25 0 86 100
    193 115 255 57 194 255 42 0 9 170 35 93 193 0 53 191 184 255 225 202
    211 10 18 255 0 255 0 37 179 255 245 207 235 51 0 40 60 253 156 37
    188 4 0 255 36 246 98 28 37 94 188 234 73 244 30 22 199 255 36 150
    255 0 0 197 156 0 249 21 111 219 238 0 235 86 0 46 0 0 0 152 28 98
    240 0 54 232 255 255 227 97 235 215 25 198 19 245 0 119 134 0 0 255
    255 255 0 214 26 176 90 0 1 116 209 84 15 27 181 110 112 0 115 207
    71 14 32 55 0 19 255 58 200 0 174 255 164 225 202 120 106 0 121 255
    255 255 98 0 0 97 0 13 16 218 255 40 0 91 0 0 131 0 197 74 255 0 0
    185 121 75 239 44 0 239 204 94 255 244 106 216 255 127 194 254 49
    166 255 59 225 255 255 186 255 77 0 0 0 64 0 129 226 194 43 144 245
    90 57 214 29 79 15 10 255 8 115 164 74 29 0 0 0 255 76 0 112 22 255
    76 0 60 255 153 255 73 255 87 31 255 255 202 255 224 29 0 103 255 28
    0 255 0 0 197 0 109 70 0 192 129 81 0 148 0 0 0 103 118 255 160 133
    255 99 43 82 255 60 255 19 182 255 0 193 98 0 93 136 255 216 0 255
    222 150 239 107 59 248 16 255 255 32 0 255 198 255 116 237 0 0 253 0
    255 105 63 255 125 170 122 255 255 1 77 127 255 73 174 0 131 163 0
    255 128 170 255 98 194 78 255 0 68 242 141 176 93 253 216 220 120
    255 67 0 0 0 147 0 247 0 55 0 255 0 124 0 242 124 255 227 144 242
    184 140 243 175 255 0 255 149 0 255 112 0 231 0 0 15 213 125 206 255
    0 83 172 220 82 106 255 69 126 0 52 0 15 0 221 197 255 134 36 147 0
    255 125 7 0 122 236 0 0 165 73 255 255 0 247 231 74 169 255 255 31 0
    115 151 0 0 0 43 10 255 252 95 133 255 202 16 19 0 219 239 207 198
    129 237 255 255 198 255 209 0 144 255 82 245 255 144 255 70 255 255
    2 216 255 255 0 22 229 144 255 252 137 116 151 130 0 0 0 141 86 255
    222 22 19 250 106 134 38 0 210 0 165 48 148 35 255 133 255 0 255 207
    206 39 217 212 8 33 199 0 43 255 177 128 53 105 197 0 215 0 152 118
    13 246 238 123 60 179 202 0 0 157 0 0 0 24 0 209 255 162 207 255 0
    211 142 145 6 197 95 67 255 188 19 98 255 248 205 64 149 124 0 0 149
    71 94 204 234 235 31 128 0 255 76 175 2 73 38 119 0 139 255 57 137
    255 251 255 255 9 78 147 175 227 0 224 255 153 255 245 0 120 255 9
    157 247 184 238 178 63 155 223 5 119 100 249 35 91 203 0 147 245 0 0
    158 140 99 0 253 255 206 3 233 191 235 200 0 34 0 100 89 143 11 129
    225 148 133 8 81 246 169 160 0 49 87 255 255 46 0 22 0 203 29 126 0
    146 229 49 0 198 22 149 222 139 155 255 168 255 0 218 106 0 255 255
    0 127 235 255 0 140 255 147 0 0 124 97 22 20 0 0 177 0 0 228 255 158
    237 84 255 255 11 228 14 0 52 80 0 255 227 245 189 0 8 0 163 201 15
    0 108 23 110 168 22 214 38 81 0 255 34 255 49 255 76 46 166 0 255 42
    173 255 82 255 255 164 174 132 107 241 0 189 255 56 255 0 167 181 10
    225 207 126 4 180 71 127 178 233 255 0 77 104 250 192 0 77 79 18 40
    0 255 0 10 37 168 28 35 119 129 178 9 163 29 255 24 135 222 171 225
    0 177 92 33 154 5 7 255 173 175 0 176 255 33 133 255 255 246 203 255
    255 116 129 123 0 137 255 255 148 255 26 172 1 0 255 36 255 0 16 189
    99 255 9 222 228 255 255 208 252 255 255 255 189 255 0 0 20 242 255
    255 255 80 97 1 16 67 0 255 134 0 157 233 165 0 138 243 252 0 255
    131 237 242 0 45 0 211 218 208 64 226 4 224 255 0 191 5 0 255 253 0
    0 28 168 121 199 99 52 166 190 14 192 198 255 37 143 138 40 74 36
    180 0 59 234 52 87 124 109 255 234 255 255 255 28 45 154 255 195 21
    224 0 0 17 193 96 167 58 197 0 144 62 128 248 0 255 173 24 99 7 255
    255 35 255 255 92 0 188 9 255 0 51 134 63 20 218 169 206 0 212 245
    230 101 255 62 94 26 219 230 255 193 0 188 200 255 0 223 252 255 0
    133 8 0 100 0 117 201 255 200 0 255 50 255 0 113 255 0 11 201 0 170
    0 0 99 0 0 235 0 255 251 66 6 0 180 255 73 1 220 255 66 13 255 160 0
    46 112 45 72 0 106 0 0 190 184 255 255 0 0 31 213 247 255 255 255 49
    0 255 138 121 68 103 0 255 0 234 97 65 241 94 105 44 255 71 0 0 84
    255 246 77 169 0 0 29 0 255 0 0 255 50 185 122 181 0 0 255 195 230
    255 0 132 129 0 209 199 177 0 255 236 221 151 88 169 216 255 194 255
    7 151 154 80 30 255 38 149 0 0 244 223 126 145 0 30 0 138 255 70 255
    0 70 138 0 196 0 151 227 0 0 0 255 255 47 61 144 91 107 255 0 128
    195 76 255 21 27 0 25 152 251 19 150 255 185 132 159 194 172 125 153
    0 201 255 70 238 193 0 91 255 255 43 40 193 132 255 53 0 246 0 255 0
    0 185 213 255 0 0 16 91 86 167 0 249 0 86 0 136 237 255 255 0 127 58
    249 83 30 255 0 252 112 0 255 13 0 200 102 61 196 118 190 0 0 208 0
    255 255 9 75 255 207 144 0 23 80 255 202 0 0 185 240 0 255 176 140
    73 255 234 226 253 255 7 137 0 111 186 182 13 44 236 255 40 240 142
    110 255 136 0 217 24 23 0 8 97 0 131 50 255 222 255 55 108 181 0 198
    255 0 255 102 233 131 57 255 255 233 255 175 140 62 255 119 0 91 255
    0 164 0 255 166 0 255 135 0 0 247 81 0 64 163 255 255 168 0 202 108
    147 162 234 188 128 70 179 255 0 52 0 92 44 143 34 0 100 242 83 104
    255 189 82 255 255 241 194 3 33 9 0 71 255 255 44 247 156 255 0 0
    187 183 0 61 199 131 130 0 239 1 39 122 121 228 91 0 255 0 47 6 78
    255 255 64 255 201 0 88 255 32 193 35 255 255 0 134 205 89 0 255 30
    121 97 106 131 0 19 255 255 255 227 8 220 44 11 0 0 78 164 194 121
    227 255 54 0 0 162 116 114 161 255 165 172 0 69 209 0 199 255 183 58
    46 189 255 73 23 255 46 80 131 136 183 0 0 35 191 225 99 19 255 167
    100 255 214 69 255 167 255 255 197 255 20 207 157 0 255 0 0 41 0 125
    55 71 121 77 78 239 93 255 255 151 121 135 0 196 141 69 0 101 205
    205 0 132 250 97 135 68 108 161 241 4 141 46 255 179 0 0 80 255 39
    118 252 126 255 191 2 190 200 0 124 93 0 150 9 127 176 3 0 255 255
    55 255 255 0 255 149 0 0 255 0 124 244 0 54 230 14 159 255 222 144
    92 255 125 26 0 0 255 92 202 255 255 0 22 155 255 163 0 31 65 56 255
    0 62 255 213 0 242 255 89 86 244 34 0 98 253 30 113 177 62 102 234 0
    58 89 148 85 146 200 173 66 255 191 178 177 168 17 0 95 33 255 0 255
    93 175 128 255 0 0 255 168 0 255 72 242 0 209 46 0 0 0 5 121 255 147
    159 0 255 97 0 255 255 42 12 0 0 159 255 0 50 127 100 60 0 152 55
    255 255 146 255 255 213 169 238 255 17 177 255 254 0 14 0 255 16 34
    100 247 185 171 73 255 255 162 249 255 238 0 42 255 208 91 184 204 0
    238 255 88 104 255 203 69 163 225 255 20 188 255 237 113 0 0 0 124 0
    147 255 138 0 128 251 255 18 13 255 0 55 0 212 193 255 48 114 255 9
    255 221 100 128 255 86 0 108 134 0 111 255 124 193 224 208 255 196
    50 223 37 255 0 179 200 255 255 17 255 0 255 38 0 66 212 255 0 39
    220 255 255 255 255 90 0 255 0 97 15 255 102 0 157 0 63 98 0 201 49
    165 91 159 179 255 255 0 0 247 32 216 255 106 198 115 255 144 28 79
    0 183 45 255 255 113 255 0 144 184 19 0 45 255 90 156 255 255 160 0
    255 206 199 75 205 255 255 219 0 235 76 71 163 255 103 111 190 171
    255 255 195 0 32 200 78 255 149 9 216 128 0 246 74 255 237 131 237 0
    255 6 139 255 219 6 31 255 255 195 202 255 0 240 255 139 187 183 154
    255 150 212 255 196 0 107 192 43 187 245 142 4 49 162 38 159 193 215
    255 42 0 170 255 235 0 0 114 255 0 233 141 184 255 102 15 243 218 56
    224 180 255 0 226 197 50 8 255 72 254 141 197 141 47 125 174 184 0
    23 235 0 50 79 254 0 0 72 0 202 255 255 0 58 219 118 255 44 255 40
    237 15 85 255 255 0 30 154 116 78 0 196 0 217 126 224 239 51 142 102
    83 255 111 182 178 0 238 81 137 91 131 115 17 255 81 255 64 0 233
    140 0 125 25 197 236 41 48 0 144 0 142 11 30 156 255 173 62 41 154
    255 146 5 50 210 238 0 0 130 0 33 195 188 0 25 127 0 117 10 64 250
    177 206 255 96 110 87 0 110 255 255 87 255 0 23 255 0 80 255 29 156
    12 255 198 102 230 4 124 0 0 4 112 0 204 255 0 0 0 176 85 237 0 233
    36 255 255 82 255 255 141 0 52 36 226 255 83 255 40 0 255 130 208 0
    150 186 0 128 53 16 92 255 255 5 191 117 0 255 0 187 255 16 77 12
    165 61 161 70 63 185 235 255 255 0 255 255 198 82 0 255 255 14 174
    217 255 255 23 53 255 255 13 0 111 71 0 0 255 0 37 147 202 214 255
    255 0 255 0 82 223 247 27 255 255 255 100 40 255 221 9 206 46 38 4
    255 13 189 72 47 0 182 123 0 109 136 0 255 179 55 91 142 24 255 0
    203 21 79 178 122 119 191 255 0 255 207 93 255 246 255 40 118 93 30
    25 249 219 255 255 0 22 168 59 152 0 0 204 0 187 0 251 28 255 0 0
    165 241 114 255 3 108 165 168 0 64 223 69 206 247 67 139 255 239 255
    224 19 201 84 0 0 0 177 255 0 238 44 244 132 255 255 255 0 79 0 17
    153 180 96 108 121 0 200 255 255 88 218 255 255 226 0 81 77 5 119 73
    255 0 136 23 67 0 0 255 14 255 207 21 58 34 129 79 73 0 0 0 238 149
    255 216 14 199 255 255 13 74 20 0 26 0 193 237 0 163 107 74 0 0 0 0
    0 0 255 105 255 255 127 96 0 255 0 158 255 0 255 255 127 130 247 246
    50 255 30 54 42 20 234 79 199 255 69 77 148 255 0 255 64 142 0 178
    21 0 153 34 203 0 59 255 0 104 240 60 0 71 223 157 99 78 128 11 32
    84 206 0 0 0 0 231 123 255 140 0 163 140 255 186 0 79 255 0 23 49
    151 51 86 4 255 255 227 154 119 255 161 145 99 0 255 172 64 98 255
    116 183 0 142 0 19 121 194 94 246 255 0 53 61 255 255 176 0 255 26
    29 249 90 0 73 39 0 188 78 30 55 6 255 129 81 42 75 188 255 171 255
    0 255 218 110 71 130 255 84 0 182 147 154 0 255 54 216 0 117 119 172
    255 190 26 160 255 194 255 157 100 0 73 255 255 50 120 126 179 113
    55 201 0 238 0 20 57 166 194 255 151 188 255 55 255 159 198 142 255
    171 0 220 108 11 6 0 158 0 0 211 136 174 159 255 172 218 244 0 29 0
    185 255 188 0 114 187 154 152 255 35 177 255 255 255 0 221 253 49 23
    255 127 232 214 255 0 223 0 197 182 255 0 129 52 96 25 208 7 117 86
    244 88 12 0 0 105 255 0 255 187 255 27 0 209 155 159 255 157 0 255 0
    0 255 0 213 109 98 112 15 214 0 115 92 0 53 10 255 228 48 0 204 182
    255 204 225 156 223 0 3 0 255 194 33 255 255 255 0 0 255 240 0 25
    255 160 29 255 255 64 255 226 116 201 142 180 0 154 79 123 62 142 27
    249 36 105 126 1 77 180 17 255 226 125 55 255 216 0 204 215 135 163
    26 190 0 236 110 38 255 128 129 127 64 186 36 81 255 179 156 255 255
    228 48 0 0 0 44 57 0 255 0 200 92 255 157 255 129 212 255 255 84 231
    174 127 143 168 212 164 0 0 81 32 25 98 0 78 0 255 85 255 0 0 104 47
    78 45 184 255 0 255 199 75 206 71 226 238 255 213 73 16 255 100 105
    219 167 0 0 212 35 0 147 183 50 0 0 255 0 0 0 0 2 255 172 0 255 2 84
    0 88 255 0 33 0 44 120 230 183 0 245 39 0 255 17 148 0 175 169 131
    137 0 35 255 216 84 220 114 0 108 193 13 0 112 0 15 255 10 79 255
    128 137 19 29 86 0 75 0 255 55 0 132 0 0 255 47 171 73 85 68 214 40
    5 31 0 169 164 247 136 239 16 255 231 255 12 255 0 255 32 0 199 255
    255 67 194 118 227 255 191 175 39 150 255 228 225 115 97 255 212 131
    64 255 66 17 19 196 210 119 0 31 62 190 190 0 225 96 255 255 79 255
    248 108 214 144 38 6 75 75 255 208 255 82 19 255 247 0 34 52 114 231
    196 114 188 0 206 120 255 62 255 124 255 102 224 255 255 42 4 251
    217 0 21 118 138 107 2 19 76 0 0 128 0 212 115 124 183 139 255 255 8
    13 162 255 127 255 29 0 255 230 138 255 220 0 255 85 0 255 97 3 97
    111 0 145 199 232 198 173 255 0 0 22 255 33 108 0 19 255 110 12 238
    0 84 255 0 0 255 154 184 34 149 56 248 0 0 5 134 111 82 214 112 42 0
    8 0 219 0 39 197 124 0 88 218 0 255 29 226 61 0 253 209 25 45 0 23
    217 0 208 27 0 0 255 194 179 214 249 0 138 62 10 255 30 18 255 75 39
    33 194 145 255 20 121 255 252 174 114 255 0 166 14 223 246 0 85 174
    215 122 119 204 113 0 91 62 130 183 250 30 164 255 255 255 91 0 14
    245 15 255 183 56 139 81 133 97 211 222 13 94 107 40 187 108 243 255
    255 0 133 4 255 243 35 255 174 47 0 62 255 0 0 209 0 0 0 255 0 67 0
    255 255 47 0 243 0 255 0 0 255 137 0 178 70 85 82 110 253 0 150 219
    0 26 252 0 24 140 0 120 234 0 0 255 250 146 188 255 25 255 175 123
    154 60 155 0 187 189 162 0 0 255 145 198 237 255 86 0 83 175 188 53
    112 0 0 0 0 68 17 85 41 255 255 0 0 255 0 0 218 218 0 250 82 149 184
    0 105 51 195 0 0 213 107 99 0 177 0 0 121 14 0 0 0 66 41 0 137 122
    113 255 0 0 92 255 224 255 155 81 0 0 0 255 18 255 0 255 0 255 10 0
    97 124 82 0 230 217 0 255 7 152 0 168 33 255 255 221 132 174 93 123
    255 255 199 0 197 75 179 105 168 145 2 197 0 234 0 0 229 0 255 0 42
    180 193 7 0 153 57 0 255 81 137 63 123 0 134 255 0 6 52 238 74 171
    255 128 9 39 228 0 69 204 0 47 221 207 63 0 172 83 0 170 180 0 46 0
    143 26 255 31 190 0 255 255 135 197 128 7 0 0 0 106 135 255 191 222
    248 220 0 133 18 194 93 188 0 59 37 0 0 134 57 231 206 197 81 221 77
    255 255 156 255 199 0 56 138 255 255 222 0 0 100 153 0 0 0 255 0 0 0
    255 0 0 11 43 144 100 204 240 186 255 96 255 174 171 255 0 0 0 247
    192 147 0 20 49 87 139 196 255 176 157 168 255 192 175 27 34 74 13 3
    223 255 65 79 0 212 0 0 108 136 77 78 143 177 5 255 146 0 255 25 163
    255 183 157 0 147 75 0 255 189 214 123 116 82 124 255 0 174 42 255
    184 0 123 12 198 98 233 255 142 254 162 0 188 0 144 255 0 255 0 0
    255 0 255 53 255 0 0 133 10 129 69 99 0 0 211 0 9 23 0 0 255 220 0
    233 185 255 0 23 187 65 125 255 208 225 255 150 255 0 150 149 145
    186 192 255 255 0 255 118 77 157 192 255 0 255 0 255 33 57 42 3 0 0
    255 241 0 255 255 255 192 241 62 71 0 190 77 11 43 24 236 117 110
    252 255 173 255 52 40 161 0 0 231 19 191 0 15 129 63 100 255 255 208
    255 255 0 29 138 49 70 255 255 17 255 115 0 220 77 143 255 117 0 186
    136 175 156 255 103 206 0 165 255 85 145 214 249 0 90 87 114 0 69 16
    42 243 30 106 0 0 21 255 105 251 216 188 162 117 0 51 148 0 255 0 24
    174 72 255 64 70 255 14 144 56 104 31 0 134 0 158 169 91 101 0 255 0
    255 71 0 158 255 255 0 128 162 29 108 56 53 118 61 67 7 0 255 29 168
    192 0 255 181 176 255 92 255 61 143 92 255 255 64 255 204 252 130
    130 111 125 0 0 0 0 198 13 0 255 0 44 112 39 255 192 212 85 53 0 74
    54 0 0 255 171 191 255 106 20 128 0 163 172 0 0 157 99 225 9 255 255
    232 255 255 133 255 255 248 48 0 255 90 158 0 234 91 0 13 244 49 255
    0 255 126 208 200 196 194 255 226 213 252 255 255 186 244 15 136 119
    255 104 0 146 211 172 203 255 0 59 253 104 235 255 0 158 255 255 0
    133 255 174 255 232 87 255 235 129 210 255 248 71 41 87 69 219 255
    98 77 254 0 44 0 255 255 51 255 224 192 146 206 198 120 133 255 4
    215 255 254 191 80 255 6 27 0 255 153 0 196 255 70 188 10 255 0 47
    121 214 0 0 188 122 255 255 64 102 79 112 0 0 57 42 194 255 255 162
    60 1 89 0 0 123 18 0 215 161 240 109 0 255 255 176 235 226 133 255
    73 238 47 0 0 2 255 192 202 255 73 255 206 39 255 255 255 146 128
    112 0 179 187 222 179 255 0 116 215 0 9 255 20 255 175 0 65 8 0 212
    0 245 89 0 0 0 140 0 255 12 0 215 171 255 106 255 255 254 18 255 255
    120 176 119 249 89 238 182 255 239 174 202 255 255 255 26 70 0 82 0
    223 113 0 255 31 255 61 0 0 1 25 0 255 255 101 84 47 190 255 212 95
    15 41 0 174 255 0 159 255 255 14 0 0 0 0 0 133 21 81 0 150 228 0 1
    197 0 33 245 94 52 205 218 255 123 255 7 176 159 80 255 255 255 0
    255 95 121 255 136 110 255 0 0 34 176 0 241 15 239 3 189 255 255 65
    228 84 66 0 156 0 77 55 2 12 5 0 245 17 130 133 0 38 0 35 0 78 13
    150 0 208 255 146 255 0 108 63 0 120 12 143 67 116 207 16 197 0 169
    44 252 37 182 162 79 243 201 0 0 0 0 96 0 54 221 140 0 255 255 234
    96 0 255 24 0 255 0 73 167 140 83 224 0 255 232 233 53 158 201 77 0
    54 0 0 130 164 127 26 166 125 114 255 44 255 139 161 61 0 255 135 14
    107 255 109 222 255 0 24 0 174 255 159 255 0 86 38 0 255 157 98 160
    0 255 246 224 221 255 197 70 141 225 172 34 0 21 73 0 255 139 0 255
    38 183 110 223 228 255 75 0 75 15 255 207 181 152 0 255 82 0 0 0 139
    206 255 151 186 40 189 255 204 0 44 187 0 249 147 0 87 188 255 81 0
    198 163 96 125 255 20 255 215 135 183 248 68 0 90 255 255 28 0 154
    120 194 18 0 237 183 0 0 0 61 0 210 205 0 255 158 0 247 255 167 114
    17 255 255 214 255 88 87 198 24 217 144 255 195 255 255 139 239 204
    255 0 246 78 127 0 138 183 48 0 238 79 255 137 146 188 249 158 2 165
    244 255 0 255 169 255 60 19 21 136 193 0 255 190 27 180 57 151 0 206
    255 239 253 21 255 255 255 0 88 163 0 0 0 255 0 27 178 46 248 0 0 0
    0 164 0 91 141 0 0 76 136 0 0 114 0 71 204 59 0 0 0 255 0 159 117
    255 165 39 0 132 171 0 138 0 247 255 0 0 145 122 45 115 36 255 0 59
    0 25 0 0 103 81 54 255 35 121 128 255 255 255 222 16 103 73 0 156
    255 120 138 90 255 0 104 12 0 113 186 0 166 255 185 83 255 0 255 117
    194 121 0 222 62 255 242 255 255 48 0 0 158 0 0 255 197 255 40 227
    251 255 39 27 187 0 140 148 255 253 255 191 255 255 255 7 255 58 255
    48 100 36 56 42 255 255 138 141 50 0 255 0 103 255 255 56 15 0 0 56
    201 152 57 177 170 0 245 0 255 0 234 0 95 67 170 34 235 255 100 120
    220 127 255 0 48 255 136 112 20 178 22 74 163 0 253 219 180 255 191
    126 0 62 0 0 0 0 98 255 30 0 241 0 255 255 208 79 255 89 0 254 13
    229 207 255 4 0 62 0 17 0 0 57 58 0 136 107 155 139 0 0 240 181 246
    226 20 0 0 255 159 219 184 75 255 183 80 134 0 0 255 37 255 60 125 7
    0 255 151 71 255 70 9 255 232 14 255 220 255 53 141 0 7 255 128 255
    255 203 199 67 21 160 21 255 91 228 142 101 195 222 255 35 0 139 173
    255 255 0 66 150 255 255 7 172 0 242 247 84 136 3 0 32 0 161 138 0
    67 0 100 255 124 147 120 153 252 59 168 0 40 229 46 118 0 255 255
    118 89 34 255 255 255 209 255 35 0 153 216 161 255 0 255 56 0 55 170
    0 174 0 0 255 192 163 34 0 243 0 255 0 99 4 227 103 115 40 255 0 212
    185 56 0 45 13 255 205 0 0 199 61 0 103 111 85 248 255 75 39 255 3 0
    16 218 255 255 255 135 255 218 255 31 121 58 255 133 255 0 112 101 0
    118 86 137 255 200 235 255 0 255 64 0 255 113 187 181 38 140 255 72
    32 3 184 255 201 255 155 164 238 255 212 0 217 62 0 98 126 7 0 166
    24 48 0 249 253 0 217 1 186 0 243 21 20 0 74 0 14 69 11 0 250 59 61
    255 11 0 91 255 255 124 149 255 158 116 149 240 0 72 0 107 0 199 247
    26 106 0 218 0 213 0 93 255 213 0 255 0 195 84 0 60 255 168 170 176
    255 255 101 142 210 159 227 0 255 55 0 177 71 0 255 255 97 0 116 0 0
    171 119 0 234 234 232 255 244 255 189 38 255 243 34 93 237 162 23 0
    17 0 154 171 255 0 0 134 131 219 0 56 249 0 0 241 8 255 64 0 81 254
    18 133 186 254 121 49 23 51 25 179 255 63 255 24 0 205 207 239 0 0
    255 131 81 241 237 224 0 152 0 209 0 0 180 235 0 255 0 29 68 226 163
    5 255 32 57 135 81 198 21 121 144 46 255 237 236 141 112 0 217 212
    255 213 13 11 172 209 255 243 0 206 68 231 0 149 66 157 228 225 224
    164 218 0 255 250 94 199 255 76 255 207 155 190 145 104 62 92 255
    157 85 144 0 17 49 240 21 193 91 11 99 93 77 150 255 245 67 81 127
    105 0 66 133 255 0 0 239 255 157 255 0 255 117 7 89 174 233 118 153
    230 255 192 0 113 188 100 187 104 233 219 37 0 53 0 208 223 138 84
    154 151 0 255 56 0 255 0 0 9 0 255 255 23 20 0 114 36 55 255 192 233
    244 24 116 16 15 43 150 0 0 142 243 255 20 241 46 255 0 255 29 176 0
    114 137 255 151 234 0 230 7 94 194 0 255 4 193 255 255 199 0 255 179
    168 0 62 106 255 112 255 255 209 42 181 8 105 107 169 255 247 18 170
    202 2 255 0 255 255 255 79 150 255 200 255 144 14 189 0 102 255 186
    105 0 255 77 236 86 2 0 0 165 30 18 0 0 34 255 0 0 252 21 185 195 10
    255 0 0 179 119 255 0 246 7 0 102 202 78 158 101 255 186 255 0 255
    177 255 255 123 193 0 0 255 213 154 59 255 0 106 236 87 0 179 167
    107 229 116 255 255 255 174 20 226 147 26 36 255 45 48 222 0 179 197
    255 177 255 97 0 0 58 165 47 24 206 0 137 65 255 246 10 255 0 227 99
    159 194 72 235 40 65 0 222 255 175 255 0 204 0 22 193 255 133 228 0
    3 255 239 129 68 34 255 135 164 228 255 253 44 82 135 232 192 134
    224 47 167 48 144 255 0 88 0 58 255 175 246 180 141 241 232 172 8 84
    255 173 60 122 199 128 255 106 255 0 131 198 237 246 0 255 255 255
    255 106 83 102 255 149 0 43 0 202 255 171 0 255 44 59 164 255 255
    138 162 82 2 255 93 196 196 187 49 0 255 248 255 184 0 255 0 185 255
    78 255 255 255 218 255 77 101 0 131 128 255 0 12 18 0 66 255 161 252
    148 135 255 0 171 0 255 255 0 85 145 255 0 193 157 118 204 174 32
    117 168 146 23 130 67 0 106 255 145 0 212 61 0 60 168 0 255 125 180
    71 114 255 55 255 69 107 0 196 0 226 255 255 0 255 184 252 135 255
    185 88 252 132 0 255 0 21 250 112 0 103 138 12 169 31 235 255 173 0
    218 17 0 94 151 255 64 42 252 208 0 0 84 52 0 0 52 219 0 0 0 0 232
    194 0 221 194 0 255 177 148 191 226 48 12 26 71 191 0 232 189 255 58
    255 255 235 71 85 204 54 234 255 177 45 80 255 250 0 0 205 11 0 43
    85 122 0 0 0 19 0 122 76 29 199 255 32 53 61 191 255 255 101 241 213
    167 255 149 117 15 0 87 15 48 118 255 0 255 137 120 76 117 153 255 0
    255 255 172 0 236 0 236 5 86 0 244 0 72 39 255 56 255 0 123 126 210
    255 255 245 0 234 255 162 185 157 255 0 220 255 26 0 255 185 78 255
    38 57 156 199 176 159 0 228 83 0 0 255 147 73 210 208 76 255 0 86
    244 0 77 255 81 255 18 255 255 111 41 0 121 0 213 195 16 96 255 255
    27 255 221 255 39 0 188 151 0 148 0 249 255 255 255 71 39 255 0 179
    66 188 134 255 118 102 192 53 255 35 212 115 24 112 0 117 255 0 178
    122 127 250 0 112 81 255 18 170 195 29 0 0 145 255 121 13 158 137
    163 54 93 243 255 130 250 255 255 127 228 60 0 6 195 251 193 76 154
    45 255 0 0 255 46 179 255 83 182 136 55 0 252 174 73 76 143 105 0 0
    0 0 0 126 187 24 76 135 181 68 246 255 172 205 217 231 0 33 136 255
    0 104 43 210 186 255 255 160 3 0 133 0 12 255 26 46 167 224 252 55
    109 255 0 0 177 31 76 0 255 0 255 66 57 159 0 121 28 145 0 148 0 255
    255 60 153 212 25 253 198 253 25 255 31 231 0 216 233 231 121 191
    231 65 0 0 212 0 243 0 160 17 243 44 65 0 0 0 24 0 107 37 0 0 230 0
    160 223 255 254 105 85 255 185 163 101 49 17 100 26 229 0 83 255 247
    139 125 242 0 195 30 45 189 67 0 0 35 11 97 255 255 136 255 239 153
    0 134 0 39 167 255 89 233 152 244 255 0 22 213 0 255 0 21 252 255 0
    32 255 11 255 255 255 119 75 0 255 227 173 255 207 29 128 211 199
    167 98 255 99 255 255 0 182 249 26 0 255 217 0 86 74 32 255 255 85
    63 0 0 165 129 255 0 0 136 17 63 26 255 178 255 27 170 90 173 0 0
    237 189 44 255 114 13 53 117 164 111 45 0 220 164 255 66 166 255 255
    118 222 172 169 245 52 5 206 255 0 255 0 0 253 0 211 0 105 236 224 4
    255 0 217 73 0 118 0 162 61 71 95 0 0 243 244 168 0 73 255 41 171
    250 255 0 110 215 255 100 0 159 33 170 0 142 162 242 24 44 255 183
    99 111 235 155 18 0 170 0 0 255 204 96 51 113 116 226 34 0 0 255 250
    41 135 158 251 255 125 84 208 255 57 0 0 0 1 171 49 0 0 174 0 111 0
    0 255 255 251 255 76 255 255 88 255 111 223 128 82 221 251 255 0 29
    47 207 0 80 250 255 112 1 133 117 233 21 247 255 254 148 0 0 80 0
    120 105 59 170 20 201 255 110 0 0 81 255 255 224 255 255 129 185 1
    227 28 0 139 211 255 114 193 112 123 255 0 161 219 0 0 171 32 200
    120 12 0 208 0 212 255 255 255 160 255 78 223 196 158 122 215 106 18
    255 0 0 124 76 137 222 228 172 255 105 255 0 127 124 44 233 142 57
    26 180 255 216 255 244 255 0 255 65 81 186 187 255 0 89 156 255 255
    78 142 190 233 26 0 50 44 149 1 161 0 0 0 249 115 49 236 202 147 137
    90 0 134 201 12 255 255 255 255 32 212 0 179 190 121 255 255 255 100
    255 10 0 251 21 147 79 255 0 255 69 47 125 0 255 81 97 0 255 198 141
    136 137 230 255 92 0 86 151 255 0 255 64 125 6 198 107 0 113 255 95
    255 242 0 255 97 255 252 227 22 110 255 255 100 0 216 252 224 169 0
    195 109 255 255 255 188 255 96 78 97 156 0 37 163 255 182 175 255 3
    22 255 255 255 242 48 66 255 0 103 22 0 228 2 40 116 0 128 255 255
    124 217 15 0 128 130 0 191 0 98 255 2 178 0 255 0 1 198 0 52 36 255
    181 187 121 51 0 177 0 255 119 69 9 33 28 69 255 255 37 54 66 180
    148 225 0 83 45 255 255 227 34 62 255 221 124 192 255 36 255 57 255
    24 136 255 0 255 0 18 61 44 255 0 241 0 213 31 2 238 45 0 79 111 58
    255 199 216 218 201 114 8 0 88 113 0 255 101 129 255 169 141 182 46
    255 80 223 249 45 255 175 46 53 147 70 255 0 15 117 255 255 255 15
    255 255 0 0 255 0 106 36 0 123 252 146 46 255 5 255 0 100 180 45 255
    170 184 255 192 0 245 0 147 255 255 212 236 255 84 115 27 93 0 0 48
    100 136 219 0 144 166 188 45 118 148 0 255 255 61 255 255 250 26 48
    0 95 141 0 112 0 0 74 120 255 205 216 255 255 255 0 176 255 177 255
    21 255 255 156 255 58 189 177 10 251 167 120 39 255 0 164 255 0 0
    130 255 230 34 52 255 0 29 0 177 218 31 255 28 255 255 0 255 121 59
    102 0 34 45 207 86 133 111 239 195 91 26 254 255 144 255 0 255 137
    133 143 255 124 175 255 218 0 84 70 255 0 255 88 0 151 240 81 0 113
    10 28 0 164 255 0 146 80 0 0 0 96 123 30 0 91 255 0 255 89 0 255 113
    195 189 0 255 152 0 193 0 171 255 0 160 255 68 255 255 40 166 255 0
    145 158 2 249 162 245 134 7 151 0 1 0 255 255 255 88 5 14 246 0 242
    255 174 0 103 91 0 255 0 255 167 145 135 236 136 223 240 93 255 30 0
    255 0 29 255 155 180 12 171 248 0 197 255 212 0 200 158 0 55 15 0 44
    255 42 23 212 219 40 228 89 13 48 242 122 0 90 44 141 0 0 198 7 0 54
    0 0 121 99 46 255 56 80 255 211 255 82 255 18 213 189 255 255 10 6 1
    222 255 0 121 180 5 0 204 126 255 140 160 56 0 15 0 255 255 255 255
    66 255 0 77 236 226 255 0 75 255 106 96 0 0 218 70 255 255 0 102 167
    185 221 197 145 0 0 151 87 255 246 0 179 255 35 195 167 0 23 255 154
    118 47 255 157 78 0 145 0 0 252 164 29 139 131 107 217 255 235 7 255
    90 255 163 252 120 0 189 255 85 108 255 86 63 0 255 0 132 255 244
    217 0 21 140 51 255 84 0 89 25 255 0 42 212 28 0 255 255 0 169 69
    247 1 255 5 126 148 255 0 176 16 255 175 26 95 122 180 89 13 0 41 68
    219 255 0 76 138 255 33 255 37 116 66 22 7 252 165 255 132 124 0 121
    38 91 71 34 255 0 113 255 165 61 119 76 0 176 0 255 0 45 2 122 97 0
    181 0 113 83 114 95 0 37 86 164 101 95 89 147 0 239 255 255 0 255 0
    73 110 0 0 255 255 0 98 244 148 96 121 63 255 45 0 244 185 0 255 255
    49 255 205 102 0 0 255 255 72 92 85 255 184 0 221 255 0 117 73 0 0
    255 163 74 226 161 152 214 193 27 209 0 255 0 51 109 64 255 255 211
    197 48 249 57 175 255 255 255 0 255 0 37 123 163 206 95 255 175 89
    211 128 197 208 245 159 8 24 91 78 0 0 191 0 255 143 0 151 123 255
    80 103 101 149 95 164 187 0 0 219 36 124 255 205 9 255 121 0 255 255
    126 84 141 255 255 255 116 245 255 0 255 0 48 0 161 255 118 130 255
    255 205 255 0 51 209 255 255 182 207 176 255 248 103 117 32 84 0 0
    170 255 218 145 255 0 0 190 255 255 0 48 156 235 131 0 130 4 199 89
    104 0 197 0 247 250 182 246 0 160 255 20 0 169 255 169 105 140 255
    223 22 139 200 0 0 137 116 255 255 74 115 0 203 0 248 129 13 0 0 255
    20 218 255 255 163 255 157 108 0 173 255 6 70 0 11 233 0 3 196 255
    12 255 255 255 255 51 0 255 185 233 172 0 255 0 0 255 33 0 255 13 17
    207 0 35 255 163 237 0 91 0 68 28 255 3 0 78 237 13 0 0 140 255 220
    65 255 21 198 0 221 0 142 92 255 224 150 0 19 0 0 255 201 15 50 255
    255 210 24 255 0 127 0 126 255 23 255 212 255 77 238 0 193 134 217 0
    0 47 255 0 69 255 0 60 74 192 187 78 255 201 177 190 100 140 222 137
    189 89 129 185 188 135 26 0 255 252 58 49 0 88 0 255 255 29 120 121
    255 0 255 0 37 217 255 99 255 228 16 143 0 106 0 251 255 241 29 84
    194 255 30 155 0 0 255 212 0 233 255 10 167 125 79 204 255 213 103
    16 7 255 0 196 121 255 255 78 0 78 217 0 255 237 63 240 255 229 0 0
    133 0 0 137 255 116 148 201 209 223 117 255 33 49 0 0 218 0 255 152
    255 255 28 169 81 144 198 0 255 255 0 108 0 139 182 5 226 148 126
    212 255 255 69 99 255 0 0 71 31 112 177 104 0 227 125 0 121 102 0
    255 249 255 208 255 255 49 0 244 128 255 252 132 160 255 2 211 255
    248 161 211 138 85 85 233 73 5 90 0 254 76 253 0 146 255 255 53 20
    191 150 255 161 255 0 221 35 205 109 99 236 118 0 97 255 111 6 59
    255 55 137 96 180 0 255 186 253 234 0 187 0 0 240 0 31 255 122 180
    70 242 0 77 31 34 255 209 0 55 43 135 9 255 68 120 66 255 49 97 255
    255 44 25 255 0 255 134 65 192 7 0 82 0 249 196 33 163 217 0 255 215
    242 34 0 26 18 38 211 103 28 255 255 78 255 139 158 255 110 255 40 1
    145 0 222 62 42 0 104 187 0 53 255 0 255 71 160 205 231 255 90 255
    255 8 0 175 0 213 255 9 19 192 103 124 0 129 145 112 3 255 255 255
    255 62 226 163 132 66 255 52 198 255 255 67 248 83 181 255 225 255
    102 202 0 185 255 255 127 171 0 147 0 193 88 226 209 70 113 25 183
    102 121 63 246 0 255 255 38 255 24 255 255 131 255 106 248 255 101 0
    177 146 0 216 61 255 255 0 140 18 3 141 89 108 0 93 201 0 233 255
    116 30 33 148 147 8 0 0 255 153 0 255 255 255 255 103 252 197 0 3
    185 0 112 0 255 255 16 215 91 196 205 1 0 255 183 0 243 223 0 0 255
    142 111 27 153 255 0 24 255 4 255 0 86 131 255 79 20 195 255 240 255
    231 0 0 98 0 255 255 200 74 234 0 1 214 0 8 171 157 239 0 173 47 0
    255 105 0 15 155 255 129 0 137 255 29 128 244 84 56 0 255 246 145 71
    61 184 0 222 84 0 0 178 0 210 255 227 0 255 214 176 0 224 163 0 225
    18 16 0 100 180 250 120 255 241 255 191 131 255 193 0 91 216 0 175 0
    155 255 35 255 141 150 188 82 174 86 179 0 23 0 98 125 219 255 189 0
    63 43 222 184 20 208 101 255 208 183 171 26 0 255 29 48 132 250 10
    255 39 124 121 88 191 0 8 255 96 255 53 228 34 0 0 255 63 0 101 162
    255 201 255 255 0 229 171 0 164 201 164 0 161 236 0 160 196 234 99
    255 127 42 255 57 210 78 170 66 255 146 83 0 229 250 0 59 228 248 0
    122 196 0 248 146 0 217 0 199 141 106 25 255 0 0 158 53 210 253 255
    19 255 255 174 94 39 255 143 255 0 255 0 0 0 66 63 0 0 182 179 196
    35 213 13 15 155 0 0 112 100 55 197 241 255 91 80 56 22 201 75 77
    208 123 153 255 217 255 131 136 186 0 157 106 149 218 0 72 255 203
    124 0 18 123 0 135 248 0 69 209 51 255 0 159 168 42 0 89 255 107 102
    131 255 6 170 160 67 255 251 27 249 130 166 162 210 117 0 229 0 242
    35 255 255 0 0 150 217 0 68 240 0 0 93 255 48 125 194 0 175 156 173
    45 153 194 255 67 23 255 255 126 51 0 68 99 248 0 0 171 255 129 12
    108 105 19 175 11 90 0 255 245 214 255 193 255 255 0 0 255 33 133 17
    0 139 0 221 142 143 0 0 0 167 0 0 52 255 249 164 200 211 0 0 28 47
    255 255 114 7 255 255 145 0 17 255 0 68 7 65 194 12 236 107 155 4 64
    58 82 245 11 93 184 255 73 110 243 145 255 255 0 141 255 220 201 72
    87 211 0 255 255 255 0 88 255 0 51 211 28 8 221 236 255 71 126 192 6
    84 111 213 128 255 223 180 214 64 237 248 229 217 255 0 255 22 94 90
    228 61 230 127 15 0 176 255 170 0 164 105 194 244 0 167 0 0 0 255 75
    188 219 178 78 255 128 240 3 17 255 133 255 0 154 0 231 255 0 153
    220 198 175 26 193 109 255 255 201 117 36 0 255 255 203 108 198 0
    183 174 253 152 217 255 36 175 165 115 255 64 180 0 255 78 255 217
    255 176 243 0 103 60 176 95 255 194 252 174 0 138 178 211 234 251 62
    0 64 21 255 125 230 138 254 184 0 255 96 0 0 0 129 0 255 196 216 109
    255 40 255 255 178 255 24 138 150 0 77 0 149 235 2 255 0 107 235 0
    109 0 0 171 118 41 255 64 255 255 255 114 248 255 211 48 144 92 0
    193 114 47 50 190 43 13 125 170 165 255 134 238 52 255 227 126 4 0
    255 175 0 36 0 255 255 63 255 255 18 255 0 252 233 105 255 77 53 249
    179 255 132 198 212 178 136 255 0 12 249 255 255 167 255 61 255 196
    0 7 255 255 159 91 145 0 218 227 255 158 231 151 44 255 255 255 43
    173 94 255 225 193 112 53 58 50 147 255 190 245 82 212 156 89 92 164
    188 188 44 70 17 254 91 255 255 27 219 233 104 255 81 212 81 74 162
    53 255 205 255 255 18 0 44 228 255 108 112 156 0 174 0 0 255 153 255
    94 255 255 234 57 90 255 34 95 111 67 255 120 255 224 65 255 95 233
    149 52 253 112 76 136 0 0 52 0 146 30 80 8 0 9 35 255 255 223 0 255
    210 2 50 86 18 0 63 0 19 17 0 177 229 0 255 206 45 136 98 86 0 180 0
    188 195 3 0 77 196 183 0 201 232 255 0 72 94 97 139 0 29 0 0 194 206
    112 8 2 151 0 255 0 221 231 38 91 0 246 175 0 131 222 212 0 191 0 64
    250 7 118 65 70 255 167 253 242 39 255 0 0 177 255 233 255 103 9 188
    231 209 0 154 128 255 54 0 255 98 255 255 96 0 0 129 10 0 255 255
    143 204 223 0 255 255 255 68 4 255 0 112 72 0 255 227 230 255 186 18
    174 8 252 0 0 255 0 255 0 108 82 56 165 85 5 59 0 178 137 237 139
    190 85 130 16 0 255 0 0 255 102 211 0 94 212 0 0 130 253 0 110 103
    255 211 0 239 0 137 174 255 0 78 21 220 165 0 249 153 91 218 0 205
    242 0 99 182 142 236 100 250 255 120 26 202 50 0 255 255 45 195 255
    115 207 134 255 255 132 225 29 77 159 0 140 196 255 0 85 255 197 220
    255 255 193 153 0 206 198 0 85 60 218 255 0 255 255 220 0 122 221
    159 59 0 189 72 60 0 205 180 0 26 0 158 255 227 255 255 255 23 121
    23 224 0 170 253 0 47 255 0 159 255 0 0 236 55 61 237 255 255 255
    220 3 255 55 112 35 156 0 25 255 121 45 255 4 73 94 145 223 33 107 0
    95 0 0 31 255 255 44 255 100 0 41 255 243 189 191 72 255 0 53 81 0 0
    29 181 255 17 217 255 35 255 198 0 255 255 68 255 255 56 255 218 246
    87 0 117 125 94 255 220 17 83 9 255 29 0 140 255 15 224 241 206 130
    169 0 131 117 136 22 0 0 157 252 233 0 228 196 187 160 0 108 0 10 35
    118 232 0 131 9 255 70 131 0 0 255 0 56 178 255 71 255 219 255 42
    220 255 255 179 255 255 65 159 151 255 49 130 131 255 255 86 223 205
    101 0 38 133 69 82 69 24 0 0 171 129 156 0 255 172 100 0 0 174 0 255
    255 32 51 40 0 255 255 240 19 0 174 46 28 0 221 227 120 192 254 161
    103 218 121 144 220 0 142 124 255 244 255 126 107 255 5 239 255 255
    180 195 214 255 50 255 210 255 85 153 60 0 255 58 0 44 54 0 210 237
    0 85 255 0 83 0 167 10 0 150 255 143 0 55 0 0 67 19 145 0 30 0 0 23
    255 255 0 91 255 255 0 211 232 37 74 214 0 177 93 91 219 255 133 16
    78 61 83 106 0 34 0 184 101 216 0 138 255 0 9 0 223 204 86 249 255 0
    90 116 199 255 0 255 204 182 122 255 64 57 144 45 188 122 222 130
    103 0 255 0 158 181 0 196 0 0 199 209 0 199 0 255 0 0 255 219 255
    255 167 62 249 255 255 6 117 0 69 160 226 150 255 255 255 75 255 255
    34 157 0 147 255 0 150 12 112 255 75 215 207 77 0 145 225 95 0 255
    190 22 13 106 226 0 0 121 255 255 0 2 0 0 81 176 255 0 255 190 223
    118 144 20 54 255 255 255 0 255 0 0 187 0 255 255 255 143 41 0 118 0
    157 0 19 108 0 0 160 255 152 92 72 243 22 255 225 69 155 39 221 151
    255 167 168 158 120 23 103 82 0 233 0 255 223 142 255 0 255 0 0 0
    255 43 0 229 255 95 170 0 116 169 185 0 34 60 250 0 174 240 255 255
    0 0 70 242 60 21 0 255 0 0 126 196 116 0 76 131 219 63 0 213 255 255
    166 200 132 25 153 37 202 234 22 231 0 134 228 129 147 238 0 165 184
    117 53 185 214 50 84 194 0 50 255 0 168 197 0 39 255 23 0 205 0 238
    0 106 110 25 181 237 255 118 189 77 141 0 149 64 255 89 58 27 238
    255 255 255 0 121 219 16 203 7 114 140 255 134 182 234 99 202 165
    255 249 255 120 0 255 222 79 137 0 179 8 255 2 0 255 150 59 37 162 0
    255 200 25 0 0 255 255 116 126 139 167 155 0 0 75 242 205 80 221 102
    237 255 253 255 227 186 24 255 0 0 255 60 245 255 255 255 103 200
    102 69 66 255 85 76 0 127 255 121 37 0 255 109 0 255 116 0 137 255
    255 123 54 42 115 96 0 139 0 0 194 0 159 218 73 89 255 243 4 255 162
    207 255 0 0 255 1 0 0 115 0 49 114 222 255 59 118 133 255 140 217 0
    246 156 255 18 247 16 71 33 255 177 63 237 9 255 255 0 53 162 71 215
    245 0 84 177 0 0 208 151 0 115 142 255 150 76 211 152 255 185 8 118
    228 111 255 189 232 255 122 115 244 0 255 0 0 0 73 255 255 221 171
    45 69 0 255 255 128 22 255 125 0 84 154 235 119 0 4 178 2 0 197 255
    121 255 60 245 0 255 0 98 17 255 0 255 104 0 68 161 162 0 1 140 189
    0 0 0 255 12 255 80 255 205 0 168 238 131 233 56 142 72 48 159 0 137
    0 149 0 255 69 78 187 109 255 94 188 52 255 255 169 158 169 79 26
    214 162 0 3 141 0 0 11 255 177 0 255 0 81 12 255 52 255 255 0 233
    227 28 0 255 16 167 0 231 47 126 175 237 0 156 0 0 206 221 114 44
    126 163 195 0 249 48 255 68 49 213 38 24 95 194 0 200 72 144 214 194
    52 36 0 123 250 0 255 20 178 227 0 134 177 174 0 32 0 50 213 164 158
    66 220 0 0 70 125 21 0 0 255 98 242 80 174 0 96 0 26 0 255 0 197 116
    250 60 171 0 255 238 58 28 0 145 64 5 194 137 185 250 168 255 255 60
    0 0 144 255 157 202 149 0 0 6 255 11 0 146 219 140 64 74 0 255 98
    179 245 26 0 255 147 255 238 0 248 157 7 230 255 255 155 174 146 255
    131 11 255 104 178 0 176 0 185 178 16 127 20 39 255 96 142 191 252
    255 29 255 0 116 0 37 167 0 255 0 255 0 163 239 9 255 240 227 41 144
    215 49 84 0 224 215 138 195 0 161 255 0 239 77 71 39 255 119 255 137
    238 164 255 0 164 40 0 255 255 176 0 255 236 13 0 239 255 198 178
    222 88 22 131 255 255 215 255 255 164 255 134 255 252 0 0 75 59 99 0
    118 164 30 228 183 18 146 255 95 188 30 0 64 5 29 124 255 164 0 249
    0 157 221 11 6 0 37 67 229 0 158 0 38 255 9 255 201 255 182 255 0 0
    3 0 0 0 113 207 255 13 101 0 255 255 0 19 19 18 63 133 0 188 93 0
    103 129 17 4 143 151 0 0 255 255 5 160 23 208 23 28 149 196 255 255
    255 0 255 255 106 137 164 229 221 0 255 191 184 0 122 185 182 0 235
    212 255 60 0 184 84 228 118 176 255 147 54 94 110 31 26 168 146 139
    255 255 255 255 0 190 49 193 214 230 162 45 22 0 0 255 1 255 246 74
    211 72 255 50 232 70 0 255 57 171 0 0 255 0 60 0 119 255 181 0 255
    81 19 255 183 227 207 178 20 255 0 91 0 61 0 255 198 255 127 99 112
    141 29 71 255 205 224 185 64 170 255 251 191 6 128 71 61 249 206 72
    255 208 10 47 215 193 255 255 9 105 90 203 15 0 212 103 255 87 191
    112 178 255 98 255 78 0 252 68 73 248 0 0 3 39 39 255 0 112 191 231
    55 0 5 175 205 0 236 255 166 0 230 0 225 173 234 50 124 175 255 124
    54 204 0 0 123 255 149 216 0 89 201 249 255 0 0 167 6 255 66 255 255
    94 57 62 0 0 0 255 27 198 255 73 116 223 0 255 172 255 92 164 204 0
    255 0 255 221 0 161 161 159 0 170 241 0 100 151 0 255 167 0 251 55
    126 255 37 0 0 2 249 93 255 255 83 255 207 207 255 136 242 153 0 255
    107 215 0 241 197 123 194 146 24 156 38 203 127 193 65 255 0 0 255
    255 205 255 17 152 48 143 0 108 87 255 0 0 255 0 206 255 255 47 128
    159 0 36 255 228 0 44 217 170 25 83 141 157 181 92 255 0 168 255 55
    235 39 236 255 0 255 221 255 255 0 36 134 105 139 129 0 199 113 102
    255 92 25 217 22 155 0 240 255 235 171 255 255 255 237 228 153 168 0
    0 188 89 244 116 253 190 255 139 177 255 255 23 49 83 10 82 17 99 0
    217 31 255 255 193 170 246 92 236 129 236 255 0 160 213 255 255 230
    75 0 77 190 127 98 255 128 0 176 181 170 14 165 255 255 255 255 151
    255 255 0 238 77 255 0 98 37 255 0 228 0 33 255 164 80 245 115 75 0
    167 128 75 71 209 118 0 0 255 152 255 186 0 72 144 144 248 255 0 0
    242 0 241 255 29 255 0 255 103 64 108 221 253 239 55 66 72 76 0 62
    126 16 0 96 28 88 150 0 255 27 225 195 82 0 232 169 161 153 255 122
    190 84 255 255 168 73 157 0 210 255 0 174 0 21 156 255 98 0 255 186
    0 5 134 16 0 85 255 255 172 119 130 181 225 0 90 218 122 124 230 175
    255 60 0 244 131 152 226 255 255 0 255 255 41 7 0 159 0 182 108 255
    24 10 5 3 255 244 0 0 0 220 37 84 255 255 84 157 255 226 136 0 59
    117 252 0 0 0 128 80 120 255 0 255 255 255 155 255 112 127 163 214
    200 0 0 0 255 75 19 255 136 255 255 0 146 214 0 130 118 0 0 255 0
    255 0 0 0 124 197 255 96 192 255 227 66 233 0 10 130 109 107 253 10
    190 24 85 113 129 31 255 243 61 255 170 0 138 182 42 141 199 255 255
    174 246 255 224 130 0 255 33 30 255 164 160 0 81 60 0 255 12 255 4 0
    55 236 101 75 84 233 66 255 83 239 125 124 0 85 131 9 0 255 255 127
    31 204 47 141 110 57 0 121 16 80 250 4 238 19 57 255 119 0 10 73 255
    0 255 255 6 71 53 0 143 18 255 0 255 151 0 0 147 0 115 113 155 81
    206 173 229 171 56 2 231 243 174 165 195 255 0 174 47 151 193 0 0 0
    139 104 31 255 192 221 53 22 255 0 217 127 137 198 36 0 186 98 0 204
    231 151 211 16 179 14 181 67 0 200 0 255 65 243 159 146 255 27 68 0
    0 122 255 13 255 126 50 255 201 0 255 126 31 208 211 37 115 78 0 120
    120 118 0 20 255 255 0 54 19 229 182 117 162 179 0 254 222 225 0 0
    193 0 94 168 123 79 0 0 123 0 211 255 255 28 29 255 6 49 88 238 187
    149 42 229 90 0 0 72 0 0 145 187 130 255 255 182 255 154 255 0 196
    185 117 73 144 81 103 197 0 87 0 45 255 189 56 255 71 98 95 243 71
    63 63 254 255 114 240 201 0 248 0 218 255 255 0 239 0 255 251 130
    210 0 60 255 0 225 139 225 0 0 0 90 30 0 255 231 220 36 82 255 79 1
    0 146 58 52 0 76 64 223 176 0 255 184 33 95 0 231 255 0 255 70 0 0
    80 255 0 84 190 161 153 101 97 185 0 0 0 87 43 28 183 0 57 33 154
    255 139 102 188 255 255 0 255 172 91 255 255 0 255 240 200 79 0 177
    175 88 126 0 255 214 0 240 84 221 255 123 245 210 221 255 58 37 255
    67 165 255 208 255 0 110 101 33 34 255 255 0 50 255 0 203 27 202 176
    168 99 255 255 12 75 9 0 255 223 255 0 0 146 0 213 85 0 85 133 255
    20 54 255 145 255 255 116 255 255 128 113 255 0 255 47 12 255 0 182
    255 255 96 202 201 255 82 255 255 40 255 255 188 164 207 162 255 65
    255 19 207 255 0 60 88 255 131 255 179 255 234 0 255 105 152 59 94 0
    222 0 141 0 64 37 0 30 255 0 156 185 30 20 6 250 0 122 20 0 0 225
    255 255 255 205 255 0 203 255 155 52 162 0 114 0 0 66 0 162 255 255
    237 255 242 94 255 0 83 123 87 21 255 244 184 171 97 78 161 228 255
    106 37 86 0 64 151 0 245 35 255 255 0 0 255 19 145 255 255 117 255 0
    255 0 0 255 0 255 255 255 255 144 255 136 255 172 171 210 29 16 84
    65 49 255 240 217 105 11 255 234 217 10 181 0 43 107 120 82 255 53
    11 185 158 0 34 76 24 255 0 87 40 0 157 226 0 228 0 135 255 0 63 89
    59 0 60 0 255 0 19 0 12 60 0 245 230 225 8 0 0 255 0 84 145 193 0 98
    49 119 0 13 0 0 255 255 23 102 0 233 203 241 225 255 230 156 147 231
    42 89 32 29 175 186 8 0 184 190 92 136 207 91 255 146 5 114 0 255
    255 177 225 138 47 33 8 99 228 47 9 240 164 66 238 0 196 255 153 0
    225 5 22 147 93 0 215 33 144 2 160 123 108 50 216 30 241 0 2 255 146
    196 60 0 255 0 232 145 0 156 63 255 174 0 255 92 255 87 0 0 55 54
    255 169 92 111 189 255 126 255 92 114 237 55 255 46 197 80 108 76 0
    0 73 105 113 0 0 255 163 174 255 255 92 9 145 239 70 71 0 0 0 186
    150 0 214 100 197 85 0 255 218 153 255 255 255 255 172 89 255 191 98
    224 255 20 255 255 113 255 48 44 0 0 245 255 255 0 78 234 237 203 54
    151 87 0 3 0 10 0 255 79 255 85 195 0 0 209 0 0 0 225 58 255 255 117
    2 118 37 77 152 211 120 218 121 255 37 209 20 5 255 235 0 89 245 194
    0 11 124 255 68 7 131 214 150 255 10 213 0 22 160 0 146 236 255 9 0
    30 221 59 0 4 0 106 0 0 20 94 255 255 239 108 185 115 131 147 255
    255 99 0 14 11 220 130 214 0 52 255 229 164 255 137 255 255 0 255 0
    241 47 140 184 0 255 56 58 221 0 181 255 0 177 122 203 0 82 226 0
    255 113 24 255 83 35 52 255 211 39 0 255 47 255 177 131 35 212 255
    140 255 76 255 77 255 255 255 255 255 255 237 99 232 249 83 180 255
    12 222 255 137 6 53 0 129 20 97 46 51 184 221 255 255 255 0 0 96 15
    181 94 255 255 101 0 255 64 0 76 47 248 255 0 76 225 0 255 255 189
    179 138 255 65 77 255 58 231 0 0 0 197 191 169 194 170 255 240 146
    149 182 122 255 255 255 167 158 0 142 0 169 255 255 198 152 173 28
    56 255 147 255 255 0 255 37 255 255 0 207 40 21 255 105 0 184 255
    217 81 178 255 53 44 223 215 120 255 255 85 236 253 196 23 243 120 0
    255 193 255 0 27 0 197 233 210 38 204 255 73 197 255 237 136 104 0
    255 65 139 0 2 0 233 0 149 255 192 71 228 211 2 0 215 103 113 41 249
    12 0 3 105 255 55 255 255 0 147 99 224 90 188 212 40 131 77 245 69
    255 228 0 0 6 50 255 74 110 183 0 13 56 93 146 0 151 255 255 42 209
    212 0 225 55 126 255 242 37 181 255 207 0 0 76 20 96 99 128 255 161
    0 137 241 227 127 194 255 255 255 207 75 240 0 45 0 110 255 0 37 23
    0 201 51 212 163 170 131 53 127 206 10 0 242 54 255 236 0 82 40 255
    49 233 0 85 255 97 254 255 0 73 255 189 156 252 225 0 144 230 0 137
    165 217 0 171 74 255 0 255 13 0 255 117 255 0 206 230 40 210 0 0 255
    6 100 42 169 255 0 255 46 0 255 159 78 44 178 195 255 112 82 172 0
    75 251 242 135 145 13 243 244 30 175 255 71 255 139 255 56 28 112 76
    255 134 175 255 0 255 0 146 104 173 255 100 98 183 224 255 35 0 43
    22 61 218 84 72 255 184 255 0 255 255 58 192 0 239 0 0 94 255 242 0
    255 69 249 255 167 144 182 255 165 252 0 42 18 38 0 0 230 220 42 212
    255 232 199 9 35 4 238 0 0 151 156 0 255 0 0 251 87 41 107 237 203
    191 127 13 0 11 17 10 167 0 20 0 206 123 255 0 141 144 255 255 189 0
    212 42 0 62 112 189 227 88 132 0 0 0 30 45 162 113 2 167 199 132 120
    174 94 141 245 212 58 255 21 255 15 124 124 22 107 255 52 189 180 63
    255 0 31 0 255 67 137 107 255 255 182 96 206 0 29 255 191 255 255
    234 178 0 255 255 37 255 82 25 0 120 92 237 156 103 56 0 128 117 34
    255 255 253 195 83 254 249 0 255 242 1 0 100 0 60 9 223 115 255 188
    0 229 232 255 191 2 242 0 76 10 255 0 0 0 249 77 132 173 185 27 60
    15 187 0 183 255 0 0 148 0 0 190 170 86 166 255 184 90 0 162 0 170
    211 193 155 0 163 0 0 139 120 0 255 147 248 255 5 191 124 5 11 239 7
    0 58 85 249 255 255 255 0 45 0 89 255 19 105 255 255 255 237 255 255
    0 165 0 165 185 255 255 10 84 255 155 255 195 255 255 255 0 152 255
    0 226 0 95 0 255 255 64 198 252 0 255 250 189 69 188 0 191 138 237
    235 255 255 255 255 255 248 207 115 41 71 0 248 255 100 171 23 255 0
    24 23 151 160 0 140 245 67 4 253 255 193 255 75 154 159 0 0 89 255
    219 88 169 0 138 164 152 0 255 255 138 226 0 177 255 15 252 146 255
    167 255 0 255 255 233 255 57 67 0 50 60 139 38 209 3 211 190 212 0 0
    255 255 108 22 254 34 138 34 68 255 224 186 115 116 0 255 0 180 0 0
    98 64 255 142 255 152 184 255 44 0 0 133 233 110 238 132 150 149 98
    0 255 0 32 224 255 199 167 36 255 185 18 135 250 255 123 208 47 0 0
    0 255 236 119 55 30 0 27 211 169 202 241 107 140 220 114 252 232 0
    255 71 255 191 159 85 198 0 0 186 70 74 230 8 123 255 182 76 155 255
    84 150 255 220 56 23 49 34 230 153 84 195 0 255 38 55 0 95 149 121
    27 64 62 218 36 255 217 0 226 75 112 74 142 0 0 153 0 1 211 16 16 54
    81 0 216 136 156 48 255 236 224 209 50 30 55 148 103 138 123 37 42
    215 121 246 243 0 241 172 145 171 0 188 21 212 200 143 31 184 2 132
    61 75 246 73 0 89 255 0 187 86 139 209 226 255 255 173 255 22 51 0
    36 255 228 54 255 106 9 0 60 168 55 199 205 0 113 25 75 184 217 154
    27 16 182 124 80 188 109 125 115 255 159 244 203 255 72 121 255 0
    246 255 50 0 116 0 255 0 123 255 191 0 0 70 255 182 0 255 70 4 180
    61 0 0 38 90 255 136 0 254 255 0 46 60 0 226 0 251 47 255 166 163 18
    255 240 61 62 0 12 142 5 206 26 17 117 142 153 102 0 32 231 116 151
    255 118 9 60 172 230 255 255 255 239 217 233 255 0 255 255 82 99 55
    80 72 255 18 0 140 250 127 255 111 186 0 21 228 90 0 0 0 248 139 113
    235 57 224 0 254 191 128 241 228 120 0 24 255 186 0 255 160 0 255 0
    255 83 208 124 0 103 224 129 88 88 101 0 0 168 255 255 194 0 221 255
    0 0 58 108 68 177 236 168 255 255 253 223 0 47 255 0 1 219 70 255
    135 92 0 237 76 219 0 0 104 117 211 143 0 163 0 0 11 0 0 215 165 100
    0 255 67 255 176 0 0 255 175 87 185 170 185 0 255 40 110 96 0 255 74
    42 252 232 0 255 208 0 134 84 140 62 39 55 81 8 182 240 185 69 0 47
    248 255 124 255 255 251 55 71 255 141 31 70 155 163 89 166 78 20 255
    0 0 180 239 42 0 194 255 243 178 213 3 255 255 255 8 255 0 154 194
    66 255 78 161 93 85 255 0 0 30 0 255 124 12 212 0 177 233 37 66 255
    54 0 16 62 138 69 255 143 0 192 0 79 255 15 29 42 54 245 172 0 50 28
    0 117 255 42 73 0 254 0 0 167 183 224 255 229 255 0 153 180 86 255
    60 243 255 23 114 234 0 255 131 148 65 224 154 68 255 136 254 205 36
    233 246 0 91 56 0 0 166 0 255 202 28 255 118 255 125 0 165 50 0 150
    255 245 90 235 217 0 245 155 91 232 255 0 111 90 216 15 46 255 94
    126 0 0 166 49 0 96 255 193 46 8 0 149 0 184 255 223 233 149 85 63
    218 90 255 108 109 105 38 255 255 0 104 255 137 255 183 150 3 71 104
    0 0 90 218 0 97 78 83 255 118 255 191 0 118 187 0 147 152 0 12 0 186
    204 0 173 157 203 199 255 255 48 182 83 221 194 251 0 93 53 0 243
    255 89 214 153 255 177 255 151 57 248 51 246 255 227 194 96 213 172
    110 0 58 0 99 25 163 105 249 137 7 75 69 65 163 223 44 15 0 238 85
    183 0 148 35 255 0 0 57 67 134 0 20 0 105 73 255 9 97 0 155 235 0
    255 157 231 219 255 0 108 102 0 216 173 146 0 168 0 139 147 255 158
    19 219 53 14 167 190 65 58 180 197 0 0 255 0 0 0 89 255 216 0 52 34
    255 165 255 215 0 255 187 218 81 255 149 255 0 250 255 117 255 168
    108 102 129 191 248 239 0 36 231 0 0 49 5 255 171 0 255 255 71 224
    10 244 69 0 188 122 93 9 83 0 217 255 255 147 254 68 178 120 255 76
    43 227 0 188 186 0 77 57 0 55 100 206 124 214 190 0 125 179 94 104 0
    8 109 154 45 82 0 180 52 255 255 255 0 235 0 87 249 255 77 5 0 177 0
    196 227 21 255 160 193 255 205 219 228 0 9 210 0 211 255 0 0 0 51 0
    193 255 224 114 76 255 255 0 13 0 0 53 7 219 0 108 116 111 255 102
    255 1 255 0 140 64 224 0 0 41 164 255 255 103 64 193 102 160 0 255
    249 110 0 249 150 62 138 8 0 102 104 144 244 30 255 236 0 146 0 125
    158 141 70 255 255 115 0 210 166 0 201 155 81 114 181 255 0 136 255
    0 127 15 0 212 255 0 243 0 240 0 0 164 57 93 81 0 71 17 10 208 0 176
    140 65 174 103 255 161 56 0 255 100 255 52 16 255 99 125 42 255 29 0
    80 50 246 0 255 118 204 255 255 159 0 191 155 255 255 255 0 0 32 168
    194 255 255 246 0 255 124 137 45 205 177 217 156 95 0 150 43 10 101
    0 165 212 4 0 196 216 0 255 222 206 188 255 75 174 238 0 7 214 215
    60 159 166 54 196 179 108 86 0 255 5 29 103 138 59 0 36 26 180 2 96
    0 39 255 255 255 0 143 188 0 225 43 255 166 255 138 125 49 255 3 116
    142 49 255 0 3 255 92 0 0 13 189 53 0 173 31 255 98 136 0 255 255 55
    255 145 165 53 189 113 0 255 0 0 255 0 108 0 31 255 255 255 236 134
    0 96 196 255 255 0 46 201 239 255 123 0 255 231 204 96 0 157 94 0
    255 255 220 146 255 62 4 165 255 39 222 73 121 255 92 255 255 0 83
    56 205 171 0 0 117 255 106 255 187 255 0 111 226 87 65 0 161 255 68
    255 146 44 0 0 255 138 181 212 0 255 113 0 120 255 184 91 0 205 236
    111 255 186 211 64 153 0 74 0 255 241 255 255 255 255 255 156 171 25
    0 0 0 0 121 123 255 0 132 116 255 209 227 0 255 0 148 116 255 79 0
    27 142 26 101 153 0 70 0 182 0 191 17 244 194 70 255 62 0 0 120 38
    143 0 255 21 190 0 76 0 205 99 119 71 136 158 255 70 0 0 133 182 0
    255 192 20 255 255 82 137 255 255 255 42 82 255 0 0 255 146 255 0 21
    197 42 14 123 255 0 68 165 56 186 70 0 244 14 0 243 255 21 0 0 243
    152 43 255 255 145 139 53 252 0 207 22 255 67 89 203 184 255 105 0
    214 88 0 234 43 54 255 0 0 0 50 255 95 255 255 0 255 255 0 255 188 0
    0 187 220 5 234 112 255 71 66 196 173 93 255 178 152 35 167 255 59
    227 0 31 0 164 235 255 203 154 221 168 153 0 133 255 0 193 87 255 45
    255 94 255 255 76 182 24 25 119 255 0 143 185 0 255 125 255 58 255
    64 29 0 139 255 205 255 157 0 255 0 0 255 148 193 211 45 255 14 0 0
    131 255 28 0 128 255 206 241 0 0 0 11 202 227 87 101 92 255 255 255
    255 57 182 137 255 7 0 192 227 0 0 0 45 227 99 178 123 92 255 51 0
    191 7 143 255 0 0 52 208 5 201 125 167 127 187 26 68 255 16 185 84
    255 122 177 237 41 19 255 224 73 255 110 198 200 0 255 248 0 72 0
    255 151 42 255 198 44 18 0 250 255 22 255 54 7 0 81 55 89 70 255 78
    50 169 255 0 255 229 88 0 255 158 234 0 165 210 0 59 251 14 18 0 0
    59 111 233 255 118 255 95 255 255 64 59 0 255 37 232 173 0 0 53 255
    207 255 126 133 255 122 252 106 255 112 255 255 0 0 0 255 221 25 181
    59 121 245 255 255 255 255 255 199 161 224 94 47 255 162 255 16 103
    89 24 49 114 255 191 0 85 0 255 0 255 203 228 255 0 255 34 214 245
    203 126 0 169 254 48 126 212 136 122 100 115 0 157 182 63 255 238
    255 0 17 0 255 28 255 124 157 200 151 109 70 18 255 87 0 96 110 171
    255 195 255 123 251 255 255 57 194 70 22 204 81 170 18 199 255 222 0
    255 131 36 94 106 12 0 166 255 47 255 45 155 147 23 45 42 10 75 195
    219 249 253 137 255 6 191 116 133 118 39 138 206 255 71 22 255 255
    80 10 45 255 233 252 36 168 185 0 211 225 0 204 0 0 160 255 74 207 0
    249 60 202 189 92 255 114 210 255 31 86 195 46 96 143 123 111 255 77
    255 143 239 0 69 51 255 134 255 112 255 0 174 12 0 102 67 0 220 255
    0 0 4 28 29 106 0 69 148 117 255 255 123 255 179 16 0 207 255 44 16
    134 64 224 0 0 20 255 133 115 255 255 0 163 247 122 255 8 0 163 255
    116 84 88 0 173 221 231 0 180 177 102 192 172 179 0 19 212 37 4 255
    194 0 201 255 220 222 98 39 155 177 230 255 130 247 123 255 142 116
    255 36 64 0 158 255 119 0 189 64 0 0 255 0 202 1 255 0 110 0 255 255
    255 148 255 253 255 240 13 0 0 189 0 97 99 95 17 0 78 0 231 255 0 91
    176 104 0 255 254 34 231 254 66 151 121 0 117 124 227 255 207 255 15
    127 220 0 212 0 255 53 255 0 213 0 222 236 255 21 191 255 142 19 255
    88 0 0 186 0 0 255 255 160 255 234 255 0 255 34 122 28 161 0 103 255
    208 22 121 0 148 82 0 126 255 0 135 21 106 0 0 154 255 219 255 249
    52 43 119 255 254 0 105 255 225 111 188 229 98 7 0 0 255 66 133 255
    36 255 34 26 255 255 0 218 21 136 156 252 0 127 207 0 255 255 243 62
    43 86 244 96 93 29 0 94 91 152 245 11 195 255 255 38 4 68 255 0 71
    13 40 168 94 210 237 18 126 141 159 125 0 97 22 209 255 133 255 48
    130 3 86 184 15 255 218 220 50 0 255 117 208 156 104 47 131 217 255
    109 255 180 255 0 255 195 255 0 204 255 221 153 0 81 188 8 0 255 150
    0 255 19 192 39 218 158 154 76 185 178 19 177 0 255 0 43 0 153 101
    138 83 21 255 218 255 122 255 45 255 19 147 255 66 0 196 37 193 41 0
    0 74 52 0 187 0 0 255 193 196 189 0 0 13 78 0 0 0 156 222 0 27 46 0
    159 218 0 0 227 151 0 0 25 0 168 154 3 189 17 244 255 24 68 62 0 105
    119 54 245 255 136 129 169 255 255 177 0 244 229 255 255 4 231 39
    190 255 192 0 194 0 164 255 0 255 202 0 95 255 255 176 190 197 0 255
    145 209 255 35 0 178 129 251 0 255 247 34 236 34 19 255 0 0 84 230
    87 26 30 87 0 8 67 107 4 41 109 143 0 255 255 227 31 208 249 254 202
    159 255 0 126 123 52 79 255 140 0 255 255 21 14 4 255 32 119 52 0
    230 237 134 255 124 180 176 0 255 255 255 223 172 255 255 152 102
    114 0 123 0 255 234 0 255 219 255 154 156 182 255 215 141 242 255 0
    35 55 238 0 23 188 255 255 255 205 220 210 139 51 188 205 117 54 255
    175 0 136 208 182 255 0 27 84 185 255 0 0 69 69 78 255 210 255 87
    151 46 59 0 0 139 21 0 190 16 18 255 12 230 125 166 255 173 212 178
    255 52 106 27 0 255 255 131 140 235 255 212 0 95 255 205 84 0 54 255
    175 0 210 255 238 43 255 255 255 255 247 0 0 255 255 92 49 225 171
    247 92 201 255 0 155 150 114 150 162 255 153 154 19 31 188 191 144
    170 255 255 255 0 127 0 103 0 114 251 70 255 245 0 0 235 255 101 255
    255 18 255 85 174 76 0 255 144 255 255 197 11 228 27 69 0 153 0 52
    94 0 157 0 155 0 0 0 253 246 0 104 0 21 40 0 255 56 50 16 255 43 214
    255 177 255 255 255 179 65 254 222 0 103 90 34 71 255 0 3 142 29 255
    0 0 255 0 232 255 64 89 87 9 255 165 0 255 255 203 0 183 5 255 213
    91 129 19 255 197 125 80 0 255 0 219 83 122 255 212 183 105 9 36 120
    255 255 191 218 0 0 19 238 114 140 255 199 154 162 140 0 97 0 238
    251 69 255 255 213 0 255 41 0 25 19 0 190 115 114 255 219 116 0 68
    143 10 153 0 0 255 141 75 107 0 255 255 0 255 0 167 231 86 137 0 255
    0 23 20 0 255 205 0 0 255 130 200 233 147 255 4 100 208 192 132 0 19
    135 103 21 255 255 255 139 218 0 29 255 255 0 176 255 255 209 255 1
    99 1 0 47 148 255 0 255 79 21 144 255 255 28 58 69 0 0 135 231 0 217
    53 107 0 0 2 50 215 114 250 9 170 79 80 37 255 0 22 255 16 182 118
    98 116 255 255 247 255 255 118 255 218 255 191 192 131 255 72 92 7 0
    255 51 130 58 250 173 255 32 75 55 230 255 147 0 11 18 0 0 128 0 0
    255 255 0 130 205 103 57 0 37 255 0 202 255 253 0 65 156 146 81 175
    95 255 255 0 7 255 0 191 81 255 39 255 244 20 49 228 201 255 0 255
    255 216 78 255 187 211 100 25 255 211 123 154 95 55 155 139 46 234
    95 255 98 166 180 255 189 0 188 132 214 0 145 36 180 0 255 203 10 52
    255 81 92 0 140 230 97 80 255 255 0 217 255 75 255 119 0 87 0 255
    255 255 221 135 0 52 255 0 37 235 255 0 230 214 25 0 61 255 255 53
    255 74 8 147 188 118 167 0 116 152 55 197 162 96 0 0 116 59 255 255
    0 28 255 74 124 22 112 245 165 255 200 169 26 0 169 80 255 30 171 84
    71 191 255 213 120 40 179 92 0 221 123 0 169 255 86 214 93 158 90 16
    186 0 123 255 4 251 255 20 54 146 0 138 111 201 20 255 152 5 166 206
    76 34 0 255 91 200 0 13 255 146 77 172 108 34 45 49 0 255 71 24 130
    255 91 228 119 152 254 0 114 64 31 255 242 0 176 195 0 255 157 0 35
    168 194 233 0 147 62 0 109 0 11 204 221 104 8 255 241 104 211 255
    207 255 0 255 100 0 104 0 241 73 255 223 170 127 0 0 0 64 255 33 80
    188 255 102 33 70 0 207 179 108 255 166 139 0 255 255 230 60 255 255
    54 145 192 121 44 100 122 0 255 255 0 255 91 0 0 110 98 46 104 162 0
    127 110 0 59 49 0 212 98 160 194 30 159 255 5 255 0 159 39 101 219
    230 128 153 37 183 102 163 6 123 109 0 131 14 53 0 0 255 0 255 37 0
    240 0 108 46 136 255 188 242 255 121 0 30 255 0 181 16 245 149 0 242
    216 0 224 16 130 161 98 142 255 51 190 0 0 0 49 210 119 149 248 155
    255 37 255 59 64 207 0 0 186 216 65 45 111 74 247 255 214 0 20 197 0
    249 202 0 102 18 206 79 157 84 255 111 255 54 0 0 255 142 255 159 0
    145 123 80 255 44 189 255 255 217 0 0 77 0 24 0 255 210 255 0 255
    193 241 127 255 0 22 71 44 51 100 224 173 54 209 0 44 255 188 255
    255 255 14 0 90 5 185 232 255 200 0 46 245 42 29 15 5 0 50 255 159
    19 215 171 255 255 224 0 59 2 25 0 0 24 88 31 214 223 0 255 0 75 0
    102 171 110 42 168 44 0 31 255 68 0 76 255 220 125 255 209 112 0 44
    46 0 117 244 183 140 110 255 167 173 255 0 253 81 58 135 200 255 98
    42 0 0 8 163 0 29 102 121 255 151 0 176 71 255 165 104 2 61 255 174
    113 105 255 81 0 255 120 255 236 208 149 0 122 253 68 181 236 24 175
    255 179 103 76 138 0 169 0 23 255 255 255 112 86 0 212 47 228 218 0
    89 241 232 99 0 0 55 0 254 49 234 0 238 255 252 24 205 255 52 255
    255 97 255 79 31 0 77 255 255 255 0 179 255 0 88 32 66 242 137 236
    255 255 103 246 156 143 48 167 164 161 242 125 91 255 143 227 16 101
    37 255 255 0 203 0 172 68 0 0 0 33 0 57 122 255 0 255 255 238 255 13
    23 255 20 255 180 12 255 93 76 255 174 0 86 74 27 93 78 255 0 0 168
    255 255 65 0 255 0 16 218 0 103 163 217 196 136 58 3 194 100 111 0 0
    223 249 0 40 0 255 24 0 92 200 6 255 148 101 0 200 0 0 255 76 113 32
    0 255 255 89 255 0 255 130 93 162 255 61 248 0 33 255 111 6 118 255
    0 0 132 183 255 95 3 255 100 114 255 88 192 255 193 22 83 0 255 0
    255 255 202 255 0 130 192 0 40 127 7 201 169 133 129 255 0 13 39 0
    241 255 224 11 85 0 255 211 94 22 0 0 104 95 223 0 202 255 100 68
    178 58 190 0 255 191 255 255 255 64 20 0 108 133 0 220 238 255 19 0
    255 244 0 129 0 0 0 118 247 51 81 0 23 128 109 123 153 255 177 252
    178 255 255 226 0 86 0 97 106 129 164 74 222 255 255 192 103 248 93
    254 51 32 255 210 255 18 46 255 0 0 255 150 89 255 76 255 154 255
    139 2 213 241 53 0 161 255 111 255 116 42 84 105 133 255 33 255 230
    178 99 152 213 67 255 255 255 62 0 181 114 61 0 0 221 239 0 204 230
    255 6 26 72 0 255 0 98 208 208 0 216 110 130 58 30 255 0 115 60 225
    83 60 219 209 104 255 135 169 164 192 185 0 52 0 194 121 49 0 255
    194 22 255 5 255 48 76 147 255 0 147 58 72 175 26 251 168 123 0 54
    132 255 99 255 0 0 235 25 33 77 19 25 0 198 0 255 44 135 234 126 102
    0 0 16 0 199 255 137 151 105 255 0 88 204 228 0 162 96 112 255 64 0
    198 0 111 0 101 255 255 0 133 6 89 0 0 0 124 255 0 44 90 234 96 51 0
    154 141 100 255 140 255 0 243 123 116 254 255 0 186 110 162 255 0 9
    255 219 0 0 0 104 255 0 218 105 253 183 248 107 209 95 125 33 182
    245 239 255 147 255 247 217 255 20 151 0 0 165 27 255 123 154 255 94
    185 255 162 252 255 101 124 0 72 227 183 89 149 79 0 0 124 251 35
    163 34 154 0 0 53 142 108 47 127 235 122 0 103 127 101 255 132 183
    139 72 0 0 248 71 255 255 0 222 67 255 0 47 21 186 255 254 151 21 0
    160 65 148 255 0 0 255 125 225 255 92 255 240 247 255 0 99 46 38 19
    169 0 126 0 0 145 227 226 255 175 47 124 0 84 127 33 0 34 239 88 255
    4 91 155 94 253 149 255 255 235 49 255 14 148 146 200 158 255 255
    255 251 0 52 0 36 219 56 222 255 120 234 176 0 255 236 166 110 134
    255 255 0 99 50 0 0 120 253 238 0 255 71 126 225 255 160 199 188 225
    255 255 156 255 255 0 0 172 255 255 128 0 251 235 0 224 95 0 85 28
    22 203 109 250 0 159 255 153 255 0 35 255 92 170 0 102 237 117 239
    244 44 38 0 0 110 203 136 0 0 0 0 213 255 0 30 255 255 255 144 255
    73 0 225 96 24 255 172 0 220 50 0 255 0 13 153 0 12 3 0 65 223 154
    57 0 216 255 0 37 136 101 178 104 192 118 0 251 249 202 255 0 0 148
    171 255 215 0 255 255 106 255 255 219 127 149 255 255 161 40 255 162
    60 98 255 251 31 25 41 206 0 0 218 35 232 0 173 255 160 255 180 215
    187 59 35 0 255 22 250 253 152 16 72 0 255 255 0 242 0 101 84 101 0
    81 145 210 188 85 255 0 0 132 255 219 0 47 118 39 57 218 0 166 153
    255 158 0 222 0 187 156 238 1 78 255 7 89 255 43 65 255 255 0 95 118
    84 62 0 17 0 183 97 0 180 255 126 222 21 0 143 199 255 126 134 255 0
    255 92 170 143 216 52 18 17 255 99 255 0 128 73 148 0 255 3 219 247
    230 233 151 226 255 168 141 255 155 0 111 67 255 140 228 0 0 93 3 88
    3 255 255 213 157 52 189 99 0 255 197 34 78 163 211 33 255 27 129
    255 255 45 255 0 255 255 78 255 229 0 36 255 143 123 0 37 36 49 15 0
    192 118 2 255 254 103 83 255 50 0 73 46 73 90 0 255 0 234 92 98 0 44
    255 0 38 255 24 149 252 107 92 0 39 255 47 19 233 136 0 95 255 93
    224 0 0 19 0 31 255 28 255 34 251 173 67 0 109 70 76 0 255 255 0 176
    237 37 0 24 255 255 46 0 255 0 202 220 196 164 239 253 38 0 79 18 0
    214 74 255 32 255 170 0 255 171 255 0 160 255 255 0 113 255 255 214
    255 166 255 251 149 239 255 255 107 136 255 206 255 218 193 161 255
    255 180 125 69 255 89 99 172 0 0 0 27 0 119 255 0 217 255 172 222 72
    225 66 252 172 138 79 192 33 35 57 239 255 101 162 198 255 0 32 189
    0 95 0 173 255 62 150 255 66 90 0 220 177 230 200 89 76 9 255 0 19
    210 8 33 30 46 195 127 255 204 141 128 92 101 224 0 255 164 246 231
    105 255 4 92 255 137 130 0 229 0 28 0 104 0 110 88 0 171 176 98 247
    255 255 0 138 255 56 255 255 145 6 167 236 72 84 170 252 145 209 118
    0 255 101 168 219 239 51 255 12 7 220 99 230 19 0 64 238 241 0 43
    255 7 0 78 255 255 102 89 209 21 28 164 122 234 0 255 123 237 43 135
    0 126 67 181 237 138 213 255 130 27 255 249 0 0 9 0 107 90 0 120 252
    206 255 0 68 83 0 255 143 96 225 182 100 0 0 105 0 255 255 190 72
    236 57 255 0 0 0 0 0 255 104 255 158 255 0 255 0 0 255 62 39 221 70
    51 0 0 201 177 183 96 255 69 108 17 73 78 255 0 60 0 68 252 21 200
    39 100 255 255 165 0 18 199 0 0 97 255 109 157 145 61 199 141 146 48
    255 211 0 12 0 0 0 0 255 37 89 255 78 227 179 213 0 119 203 0 255
    218 52 252 227 198 193 74 52 142 239 114 223 87 230 255 228 252 123
    23 59 0 255 219 0 59 0 75 140 178 205 0 13 52 70 26 0 22 184 255 0
    227 252 209 251 255 216 255 65 255 117 255 96 212 8 0 255 136 5 21 0
    16 95 241 0 81 255 7 108 13 233 255 255 46 0 190 255 26 99 5 135 23
    137 255 187 70 70 233 232 31 246 163 0 65 0 241 0 169 239 154 126 0
    13 0 206 94 9 103 0 0 56 182 255 211 251 245 199 25 0 0 62 226 179
    143 255 246 99 135 255 175 255 255 148 0 122 108 155 0 184 242 217
    255 25 225 0 210 112 255 125 0 128 0 226 189 117 61 255 255 255 57
    255 0 186 212 214 241 44 69 255 252 43 39 0 142 150 0 70 0 110 111
    40 0 109 23 0 0 79 213 138 7 12 255 51 27 234 0 207 0 236 53 127 240
    255 163 255 0 238 100 187 220 0 82 22 150 255 143 65 82 56 51 183 7
    255 240 173 81 0 175 80 210 93 5 0 1 0 0 61 255 255 255 0 255 208 0
    166 13 114 170 217 255 0 33 96 212 0 0 255 215 251 7 67 136 9 255
    117 54 135 149 0 255 246 59 167 255 152 0 10 78 70 0 97 0 0 255 0 23
    255 20 140 205 81 0 44 255 0 45 255 247 145 0 29 170 14 255 197 255
    115 255 9 210 194 255 0 0 0 0 255 255 19 7 255 169 2 101 255 123 170
    133 255 173 0 218 96 228 190 81 203 25 0 0 0 120 85 255 255 126 0
    110 255 96 157 51 255 153 173 51 237 196 10 27 99 179 0 136 0 95 140
    255 0 148 255 93 255 230 191 0 74 171 100 114 255 0 127 255 7 255 0
    126 0 251 110 189 253 166 255 211 16 125 255 84 0 164 116 255 107 62
    92 0 202 167 0 57 0 121 255 156 68 157 0 130 135 53 0 237 255 255 0
    149 214 0 255 167 12 255 110 37 255 0 255 77 101 56 55 0 0 0 204 22
    0 205 165 0 255 255 145 23 255 225 255 255 90 15 195 0 3 192 0 0 150
    0 255 255 76 255 124 0 0 98 0 112 5 229 228 167 32 2 168 255 172 175
    255 0 213 0 0 112 16 202 0 191 167 255 255 85 23 255 148 143 192 98
    107 0 242 255 0 236 171 84 238 255 230 0 255 102 24 44 0 0 72 157
    166 77 30 103 255 240 255 244 182 255 72 175 94 90 40 220 190 195
    255 0 239 255 77 146 135 0 37 112 107 255 0 103 0 48 255 255 103 0
    65 8 179 0 159 0 152 56 246 0 255 197 150 0 75 123 81 39 51 76 171
    105 76 20 22 7 232 40 255 230 255 55 8 108 0 75 252 132 0 119 93 255
    203 169 189 35 255 255 0 120 2 156 183 255 210 130 0 0 207 147 242
    223 92 85 202 33 196 32 63 53 145 255 255 120 45 66 0 74 0 80 205 0
    0 250 143 161 212 206 46 82 82 0 2 198 255 0 95 255 141 118 177 0
    226 255 224 14 0 82 0 186 0 0 255 155 107 231 213 0 85 25 200 230 0
    0 1 114 18 87 255 7 114 174 255 53 255 84 73 0 92 255 43 199 255 9
    213 255 77 255 162 237 0 255 255 127 143 141 0 255 255 94 0 36 0 148
    218 0 0 0 21 39 72 9 0 127 255 60 253 247 252 255 255 255 85 236 255
    249 201 255 255 255 0 0 99 21 0 28 199 72 0 255 255 124 224 154 0 0
    43 243 91 239 0 187 0 167 255 87 217 10 0 148 63 255 255 0 213 160
    250 255 74 231 0 61 101 104 31 161 48 175 79 100 25 136 229 113 0
    176 3 0 76 255 17 0 120 82 0 255 255 0 116 59 217 165 214 165 38 34
    36 255 152 12 255 255 0 240 143 110 255 0 255 0 65 255 13 255 143
    187 146 247 5 13 173 0 47 151 23 39 71 242 235 255 58 255 26 0 135
    24 0 255 55 89 255 27 125 255 23 119 0 255 14 186 81 72 111 66 181 0
    169 255 43 255 255 186 0 207 6 217 80 255 255 255 94 0 255 61 102 0
    255 255 59 132 255 12 126 0 0 0 22 238 219 0 0 0 0 244 217 0 139 214
    191 255 255 16 74 30 106 222 112 0 78 0 255 0 255 46 232 184 93 203
    214 174 0 242 0 255 255 14 149 0 255 70 0 213 0 8 107 79 236 227 150
    166 47 220 227 229 255 0 255 254 255 157 255 0 189 111 11 0 235 255
    201 106 88 255 182 19 120 231 213 255 0 68 255 38 183 184 123 104
    239 227 0 194 181 249 199 248 255 66 81 204 220 57 0 0 0 202 0 92 52
    0 0 255 255 0 97 184 154 255 255 192 255 124 146 133 46 255 0 251 0
    6 42 203 83 231 160 209 255 204 193 255 89 90 255 178 230 65 255 60
    231 255 12 255 224 202 112 0 239 255 255 255 0 0 219 175 188 206 0 4
    0 5 6 142 0 191 0 78 227 231 99 64 233 208 199 255 109 255 121 75 66
    255 0 0 255 57 255 208 70 0 221 235 117 223 137 255 255 205 0 228
    212 150 181 0 163 0 136 255 255 51 80 248 255 242 255 255 0 57 255
    255 107 71 23 181 194 199 59 0 5 0 46 10 10 67 0 255 36 136 0 36 62
    150 0 255 74 179 212 155 115 184 5 252 243 145 255 89 154 91 0 255
    238 0 201 104 64 241 222 42 200 255 0 255 112 175 244 149 4 239 200
    145 39 0 0 204 243 0 255 29 193 0 0 91 124 0 33 23 76 91 91 135 255
    127 0 103 90 176 0 255 151 248 94 74 177 0 204 181 0 255 144 185 0
    79 239 223 224 47 255 157 33 240 146 138 255 255 0 225 255 183 41
    148 62 61 0 255 76 70 205 255 24 255 0 0 58 97 252 0 156 250 0 198
    223 255 215 251 214 9 126 98 191 99 19 0 167 111 0 0 255 0 253 0 216
    65 0 88 69 104 255 186 131 187 0 255 0 255 255 117 0 238 129 255 255
    255 229 164 255 139 236 255 0 228 164 172 183 0 39 0 245 255 255 223
    64 45 122 89 255 98 144 0 0 255 255 136 8 200 172 46 108 0 255 184
    159 255 0 255 203 255 0 118 138 237 0 66 255 146 231 127 255 53 0
    105 150 0 241 234 255 142 160 242 155 255 72 222 131 186 0 98 255
    157 232 255 255 138 137 182 0 71 0 62 255 174 194 43 255 0 255 204
    168 115 63 255 69 58 197 218 246 255 255 78 2 112 0 0 172 28 255 0
    178 116 246 94 61 15 2 255 255 255 255 63 68 255 6 0 215 0 155 6 0
    213 20 0 238 226 240 45 0 241 115 64 86 193 102 255 255 0 123 255
    242 255 255 255 89 75 255 255 0 12 106 60 255 145 0 42 59 218 224 0
    255 1 5 106 255 255 136 13 147 255 197 255 113 126 98 0 149 0 0 102
    230 255 178 61 67 39 27 240 199 94 50 0 253 255 0 0 73 0 0 0 255 255
    81 214 155 0 51 247 20 212 213 120 51 255 0 90 255 123 255 160 255
    255 255 36 159 0 122 255 63 252 38 235 201 92 40 52 0 169 43 114 123
    71 12 255 193 0 0 0 210 255 255 0 185 241 137 253 159 117 247 135 26
    255 55 0 84 219 190 0 0 10 28 41 88 174 11 255 0 10 201 68 176 255
    236 174 255 188 150 103 255 36 255 156 111 66 255 255 62 170 200 0
    112 70 220 0 136 225 255 255 6 5 255 32 230 153 0 0 233 1 237 255 0
    255 143 8 255 66 155 101 95 255 0 0 255 0 8 248 255 255 210 104 85
    121 152 0 141 133 255 0 131 22 0 0 228 0 255 85 224 113 0 103 185 84
    47 39 115 0 234 167 204 0 251 9 255 22 105 34 137 255 94 166 0 236 0
    0 15 115 184 139 166 22 149 217 38 255 202 0 198 164 162 97 175 24
    84 255 255 0 143 110 255 21 0 150 34 236 255 253 244 178 86 112 198
    0 54 179 205 133 255 9 50 109 111 245 90 61 255 224 18 149 223 117 0
    35 240 196 0 11 193 28 133 112 255 171 255 134 0 192 176 131 160 0
    255 101 7 114 131 0 0 0 74 230 255 76 55 255 58 165 70 100 252 61 12
    187 0 0 43 202 255 0 38 44 231 222 0 128 88 255 72 90 255 42 255 255
    212 136 217 0 183 189 255 255 70 133 57 255 255 255 220 222 150 124
    173 255 187 255 238 94 102 0 194 59 216 79 116 255 0 66 0 121 35 0
    98 209 65 16 48 0 58 255 228 206 0 152 142 0 5 169 64 61 255 172 44
    86 18 234 45 0 255 17 208 255 255 10 130 20 229 212 255 255 110 94
    255 188 235 137 49 83 216 105 23 255 74 102 47 0 255 0 255 216 163
    84 0 255 247 25 239 178 0 9 79 222 255 113 255 255 21 185 59 246 197
    15 8 64 122 21 0 255 187 236 9 0 107 239 0 0 0 200 0 0 173 100 235 0
    0 255 0 196 176 0 227 214 77 33 26 37 255 228 159 169 81 41 51 13 5
    142 195 59 0 28 103 0 0 255 188 255 223 0 0 194 185 0 255 142 0 0
    164 0 0 0 231 76 232 206 112 0 165 238 141 255 252 109 217 255 173
    69 60 251 101 0 34 237 255 143 255 255 6 60 255 0 255 24 151 255 124
    255 255 203 255 255 0 0 168 2 137 88 255 91 194 64 39 24 0 107 112
    27 150 0 174 113 202 196 106 0 20 233 205 255 0 123 232 0 0 135 160
    104 106 0 24 245 55 255 237 0 208 159 129 104 0 0 255 66 44 82 0 255
    0 190 178 255 0 162 0 255 255 0 0 211 77 255 255 162 210 191 71 241
    4 94 255 75 0 141 87 36 205 4 0 80 0 255 255 60 255 76 0 0 255 255 0
    50 128 27 229 31 155 0 24 136 202 0 3 34 54 245 0 255 207 103 151
    126 65 117 209 102 217 229 221 142 214 18 172 0 162 150 52 0 140 0
    144 15 22 255 134 0 79 151 0 120 148 255 192 250 19 255 255 232 158
    4 255 126 95 110 235 52 174 50 0 147 255 131 0 255 207 148 26 233
    101 110 160 255 59 255 255 0 135 0 197 43 255 97 104 255 255 52 103
    239 184 122 168 62 0 209 0 123 163 209 0 0 201 44 0 197 0 9 0 151
    134 109 0 255 134 29 130 144 228 0 209 0 147 0 232 236 255 0 255 25
    0 159 0 40 104 255 0 201 0 52 0 255 246 251 0 255 43 227 0 97 132
    175 98 117 255 19 33 203 255 0 255 216 199 246 1 0 129 0 39 143 255
    255 100 255 0 227 198 0 237 0 255 255 255 38 0 48 255 90 105 3 192
    101 0 159 77 57 85 47 255 67 28 9 0 231 234 139 113 129 206 255 97
    144 88 89 0 219 255 188 0 46 255 0 255 179 183 0 85 157 204 83 104
    255 47 30 255 185 97 46 230 0 255 141 251 78 201 236 0 195 61 197
    255 82 0 243 120 17 14 84 99 206 231 248 0 209 70 255 0 79 234 121
    255 255 0 226 176 153 255 211 45 255 6 22 0 37 219 43 0 208 74 217 0
    101 66 255 30 169 255 255 255 0 255 2 94 254 34 113 65 0 113 155 0
    114 255 69 146 0 52 108 255 108 118 53 189 41 0 57 237 0 206 214 128
    132 255 67 0 242 245 184 255 255 224 6 255 125 220 99 0 0 255 172
    200 0 222 255 6 229 0 0 242 0 255 11 38 255 0 213 255 169 45 171 247
    163 157 0 153 0 119 231 255 252 53 17 237 143 212 146 166 241 128 2
    122 80 124 0 81 0 255 51 0 54 255 0 186 190 167 10 255 130 242 255 0
    2 13 255 78 202 179 255 0 204 133 106 30 255 0 175 71 223 175 60 0
    202 255 255 77 162 10 124 53 0 255 39 204 66 0 255 103 255 0 0 182 9
    176 21 255 0 228 89 255 113 254 185 36 47 179 126 170 28 0 255 91
    232 7 11 126 129 255 84 185 78 0 168 174 0 172 0 31 255 50 255 183
    34 251 201 149 62 80 0 191 149 133 0 43 0 18 0 243 52 0 255 0 212 0
    8 185 255 240 164 0 207 156 105 3 255 171 0 61 36 187 0 120 255 0
    214 41 191 0 118 151 218 0 34 24 194 255 235 0 229 50 225 75 239 0
    251 56 255 0 136 0 24 146 23 0 0 141 0 37 255 118 109 70 93 192 66
    204 99 185 11 173 19 255 79 71 255 0 91 123 66 96 223 151 100 135 38
    255 255 0 118 113 74 255 44 165 103 0 216 0 179 44 221 56 0 179 0 74
    248 36 178 255 48 0 255 26 85 176 28 35 0 194 81 255 10 120 142 95
    142 81 204 0 0 159 0 253 74 255 4 17 0 17 52 14 40 0 165 255 16 255
    0 84 231 60 48 211 65 27 6 217 149 0 255 219 255 107 0 135 16 0 112
    255 139 0 86 0 77 37 255 255 6 0 131 0 239 220 255 0 78 10 0 0 251
    50 110 180 72 0 158 255 255 255 255 88 0 2 255 26 0 170 255 19 183 0
    255 151 62 230 28 89 176 0 130 42 241 82 255 209 0 0 121 49 202 231
    91 222 212 255 84 181 192 214 111 255 10 169 255 161 0 158 144 0 167
    159 255 29 200 72 0 255 210 0 255 0 255 140 90 237 11 17 0 47 205 98
    33 255 0 0 255 84 255 158 192 255 154 83 73 237 103 255 170 0 75 255
    255 43 11 255 43 98 243 255 13 76 0 255 0 67 255 223 203 0 0 112 255
    255 0 255 255 0 175 55 201 0 192 0 239 0 75 19 26 193 9 203 212 232
    255 0 138 255 36 25 24 27 0 40 229 255 255 35 47 68 0 242 255 171
    235 255 255 255 88 0 192 41 214 73 107 0 0 97 255 142 42 0 221 98 53
    79 255 0 60 218 224 106 20 192 98 125 255 81 0 0 0 99 95 148 249 255
    219 115 0 165 67 0 137 192 232 7 0 32 255 0 217 93 27 3 0 110 2 0
    125 96 0 0 129 255 255 203 237 177 160 0 255 255 0 0 229 23 128 0
    118 255 255 185 170 160 235 84 123 255 19 0 194 155 143 32 146 255
    144 132 241 255 198 106 1 226 0 181 255 249 197 255 0 0 68 14 106 92
    128 152 196 0 134 255 255 232 148 22 0 255 226 0 111 180 196 0 0 121
    49 159 238 113 152 228 216 255 75 0 150 90 0 9 255 154 56 118 114
    123 213 255 255 179 255 72 255 0 71 180 75 21 240 0 84 35 0 255 161
    0 134 0 255 89 60 0 0 174 255 199 23 0 25 0 198 210 73 226 0 212 63
    208 69 255 184 0 78 206 43 95 3 0 255 0 3 87 6 0 204 0 255 215 126
    255 150 123 43 255 101 255 77 255 125 255 22 189 0 0 97 182 255 11 0
    255 12 126 0 150 255 0 179 255 255 88 74 50 59 0 200 8 16 249 131
    255 231 237 255 0 111 255 37 115 0 88 0 0 195 255 97 255 67 67 201 0
    255 246 217 8 255 0 121 112 3 44 184 153 205 255 78 109 183 0 75 3
    12 0 26 245 255 255 38 255 198 19 251 88 242 247 12 163 239 255 237
    193 50 0 69 205 177 56 45 0 255 240 46 255 110 63 22 118 42 0 78 255
    131 255 36 101 0 159 0 63 237 17 0 29 255 0 133 15 255 231 0 79 0 0
    5 0 7 255 255 245 255 255 38 56 92 229 255 0 58 162 106 41 24 185 0
    46 0 44 255 213 253 255 198 118 157 110 50 0 91 255 110 144 163 31
    114 180 220 161 255 130 255 255 202 0 153 79 5 255 0 255 255 255 3
    255 0 0 0 170 108 187 9 251 92 211 38 0 252 69 0 41 243 0 255 230
    138 168 206 168 216 197 0 152 255 243 255 0 44 153 255 0 158 152 228
    0 255 0 121 0 193 102 154 255 255 178 255 133 48 163 80 76 255 123 0
    126 69 255 157 177 255 255 98 203 255 161 100 255 24 81 30 252 0 255
    6 195 132 0 255 0 47 255 0 255 254 166 53 44 135 174 153 156 255 156
    203 255 255 18 233 169 53 0 33 64 161 42 255 243 220 59 255 0 250
    185 255 0 22 255 237 0 255 0 25 0 101 255 0 255 255 255 90 207 5 86
    0 0 158 226 180 147 102 105 173 110 255 255 119 255 0 49 0 47 196
    137 158 0 97 255 12 181 255 99 154 0 42 241 72 78 0 70 255 7 205 255
    250 204 255 69 253 0 164 150 0 238 201 255 0 237 255 166 10 28 106 0
    12 250 131 80 216 21 198 85 205 54 255 229 189 235 7 255 0 235 0 0 0
    255 0 255 237 0 57 5 222 123 255 215 69 93 12 17 255 167 62 21 255 0
    200 149 0 0 186 111 175 151 192 22 139 97 98 255 255 0 255 128 255 0
    255 255 217 250 255 0 255 236 0 0 135 255 117 180 207 0 126 243 57
    255 3 255 40 66 201 0 0 4 153 10 104 255 84 255 102 255 0 5 0 80 173
    255 249 251 212 0 0 0 68 0 191 142 157 206 255 36 53 51 222 255 230
    0 147 0 182 188 107 255 80 67 190 133 0 0 255 225 242 255 90 255 255
    212 0 152 6 131 231 0 167 144 255 0 242 95 235 138 225 188 106 0 221
    178 128 195 0 84 0 0 254 0 1 255 100 114 200 111 0 93 0 0 0 55 255
    42 119 255 0 0 195 21 119 49 255 221 202 98 202 222 0 178 159 151
    255 138 219 160 223 0 255 15 156 123 93 183 69 0 9 202 255 0 0 60 0
    172 0 255 144 0 255 0 255 107 171 22 230 13 61 0 83 118 41 151 41
    208 90 0 215 226 93 82 0 240 255 252 196 11 255 53 167 0 189 0 32
    255 173 0 0 74 5 74 255 0 169 152 255 45 73 255 191 255 5 0 107 150
    244 194 44 73 4 0 246 0 0 0 114 255 0 100 255 0 255 255 255 121 228
    210 255 178 112 1 172 244 135 85 114 255 182 255 27 153 92 75 169 0
    255 0 113 100 0 149 255 124 91 214 0 162 16 226 0 135 0 0 43 255 255
    150 94 31 0 131 164 91 255 188 175 214 98 231 110 255 161 255 239
    159 0 229 0 0 189 157 196 182 0 221 255 248 0 208 154 0 255 31 139
    17 102 235 225 255 0 10 229 0 118 180 0 191 117 235 195 0 12 38 0
    184 0 252 76 120 0 236 255 112 35 255 83 206 29 0 90 46 0 201 24 0
    232 245 165 112 192 255 255 255 56 255 180 44 255 189 108 232 50 142
    223 255 255 57 255 62 255 255 255 36 46 0 255 132 40 1 103 6 0 210
    41 22 255 143 0 88 17 184 24 75 27 57 22 108 105 3 0 0 146 0 134 253
    222 0 0 64 190 210 255 255 97 0 0 255 16 23 83 159 255 255 199 216
    251 237 0 0 79 16 207 118 248 255 103 0 234 131 85 118 255 255 12 0
    101 112 203 186 149 0 61 40 123 23 156 105 133 38 232 86 173 220 171
    0 61 70 0 11 150 27 18 0 134 69 15 156 0 234 32 0 25 143 0 124 64 0
    136 230 87 139 0 255 78 255 131 224 0 81 8 255 78 0 0 10 145 0 243 9
    255 0 255 99 146 96 214 222 255 255 223 52 40 33 7 0 41 255 255 255
    82 15 62 0 0 168 18 119 220 226 98 197 121 76 0 23 110 58 224 255 51
    209 63 133 255 0 111 255 193 145 185 0 255 13 158 98 0 166 0 201 183
    255 176 0 0 149 34 55 0 0 255 95 163 26 132 255 0 103 24 1 255 0 255
    176 96 219 255 0 255 55 120 255 36 92 167 124 232 41 164 0 7 82 209
    159 32 47 255 215 108 69 0 141 175 51 217 255 121 211 50 0 0 0 209
    118 4 0 7 201 255 7 158 255 0 255 0 7 237 137 0 255 148 60 227 230
    242 255 0 19 166 133 30 87 76 202 253 120 115 49 255 161 186 115 255
    206 255 197 0 159 250 0 147 42 255 69 83 161 238 227 201 243 177 247
    0 220 0 17 154 0 233 238 47 255 0 53 89 0 41 255 77 89 126 0 215 125
    181 0 255 107 150 53 86 148 42 0 0 68 57 255 156 143 214 247 0 187
    226 34 255 239 255 0 16 74 203 116 0 0 226 0 0 148 255 255 5 0 0 255
    160 92 0 255 0 172 255 187 242 204 255 130 97 0 168 0 61 114 207 0
    105 80 235 144 13 192 238 238 63 255 255 0 254 255 105 113 131 255 0
    244 22 226 0 216 8 72 202 72 121 81 202 0 141 255 172 255 6 0 255 0
    242 255 141 178 142 255 0 238 214 0 39 219 32 163 89 151 0 255 215 0
    255 242 76 255 70 102 255 190 171 119 221 161 34 29 255 255 255 255
    0 38 255 106 0 255 255 110 255 0 255 255 0 255 255 0 109 0 59 43 143
    233 119 165 0 97 152 33 123 89 229 38 0 255 166 255 205 49 255 0 255
    9 0 255 35 0 198 29 189 124 174 0 83 230 134 223 0 3 255 104 141 61
    254 163 0 178 255 255 99 231 0 130 0 87 0 120 125 60 149 108 0 246
    32 18 225 0 0 7 54 255 0 165 216 52 143 0 158 255 156 85 24 12 21 58
    114 0 140 223 255 250 112 242 171 53 192 14 0 232 24 54 170 184 95
    215 57 43 125 0 36 162 25 37 121 30 73 138 0 247 104 179 40 237 240
    89 53 255 0 0 255 227 248 169 0 255 157 99 140 0 193 135 255 76 194
    155 40 134 254 18 82 107 133 236 114 36 202 0 0 6 0 122 219 189 255
    34 147 0 0 0 107 255 0 224 255 255 46 89 0 0 69 60 255 121 0 79 70 0
    209 130 160 215 34 0 255 79 0 0 255 147 89 219 6 154 0 65 195 43 0
    77 255 32 234 35 148 31 255 88 54 0 0 94 134 0 180 255 105 255 255
    255 0 177 182 132 75 140 82 50 180 0 55 177 251 235 242 152 95 237
    86 45 255 16 116 255 255 12 3 60 33 255 0 0 218 51 255 188 0 255 0
    181 52 0 255 0 232 0 75 173 255 127 4 113 235 58 206 255 2 0 0 249
    133 96 110 90 0 161 87 171 21 255 0 0 49 0 192 206 255 255 0 243 255
    0 0 255 0 51 197 99 92 63 192 255 234 0 184 0 179 0 52 255 255 189 0
    0 125 87 0 255 140 146 161 224 108 58 182 20 0 82 85 52 255 198 164
    255 192 0 0 255 36 198 255 11 234 0 0 203 4 255 255 131 255 88 0 0 0
    0 211 0 205 0 141 255 0 255 151 67 98 255 66 40 209 255 117 158 12
    197 219 0 215 0 45 97 32 255 39 255 255 233 205 252 255 99 42 255
    199 3 129 49 255 0 2 111 0 150 255 236 113 255 51 255 255 187 0 125
    99 73 0 239 255 29 68 235 255 33 203 125 0 255 152 0 152 127 255 59
    255 255 108 0 6 0 226 61 0 17 79 82 0 218 157 56 0 0 255 255 4 116
    255 139 0 255 100 54 45 57 0 255 255 92 255 0 0 255 69 0 102 0 255
    247 222 0 1 204 143 111 7 75 0 108 130 213 108 255 0 255 105 0 121
    77 0 255 48 0 93 255 171 101 0 255 253 0 144 9 134 109 133 123 0 0 0
    170 244 248 201 251 0 127 166 251 112 0 219 188 171 132 143 0 166 84
    39 61 51 104 0 0 0 175 232 136 236 0 255 188 0 255 12 243 247 163 0
    0 174 0 254 96 0 128 223 117 0 0 242 45 20 30 255 255 141 182 76 181
    204 219 255 32 184 255 62 192 251 140 244 0 250 113 24 255 255 152
    189 0 0 4 231 167 255 33 207 242 0 36 180 61 240 0 145 163 0 74 0
    255 88 255 255 0 219 1 2 0 148 255 108 108 4 68 255 255 105 203 0
    249 170 0 79 255 0 78 150 0 54 215 128 247 139 70 234 124 255 215 0
    255 96 255 6 0 133 96 41 13 44 134 255 46 212 255 0 145 243 218 0
    111 0 0 76 128 0 0 224 118 255 127 0 44 241 109 75 0 0 44 251 53 112
    255 81 0 206 255 202 166 255 255 0 135 0 194 255 0 56 89 10 66 255
    107 133 255 77 130 255 167 110 0 100 159 87 0 50 161 255 48 255 255
    255 77 183 176 254 234 238 227 91 220 238 255 187 255 208 34 88 255
    7 255 47 131 255 153 118 135 255 0 139 13 83 0 186 92 255 160 223 54
    0 245 255 12 154 108 37 168 178 226 255 0 25 0 185 5 172 255 0 55 0
    19 238 98 0 231 0 255 141 244 255 66 255 0 85 168 255 236 0 30 0 0 0
    105 255 171 87 206 32 8 0 135 246 37 166 75 255 0 210 255 0 255 184
    255 115 134 117 255 255 202 255 255 223 156 137 255 255 10 149 64
    212 137 0 125 0 94 0 83 0 4 255 39 0 255 146 180 255 0 2 174 147 132
    0 15 192 193 0 17 101 95 241 240 182 250 72 77 60 255 255 0 0 0 147
    255 127 101 255 100 255 6 255 255 38 255 85 146 204 0 62 206 64 255
    186 123 255 192 255 30 255 255 0 123 255 0 61 255 227 4 255 88 134 0
    126 255 80 0 168 93 0 136 0 220 22 187 255 238 37 125 255 174 238 2
    70 76 0 255 177 230 255 104 219 75 255 255 63 20 157 0 144 0 0 149 0
    255 0 24 63 0 206 52 114 179 0 0 255 0 255 0 98 183 36 38 0 44 8 0 0
    72 174 97 0 184 255 34 30 255 124 0 175 255 0 182 255 159 235 132
    255 206 133 198 138 0 92 255 70 0 0 53 255 106 255 125 255 255 0 146
    165 59 80 103 170 255 244 217 144 3 26 0 90 110 202 188 114 255 72
    250 110 255 173 255 255 0 30 255 121 173 183 255 124 119 27 199 0
    175 0 255 0 242 0 0 21 222 0 232 171 121 0 255 76 255 41 43 89 255
    195 199 194 255 29 224 116 170 150 255 19 200 0 122 80 46 255 172
    255 255 244 255 254 130 187 225 9 14 201 255 255 118 35 255 240 224
    83 85 29 255 255 255 181 183 89 235 255 255 215 76 90 184 255 118 0
    234 61 154 255 0 138 50 8 68 182 0 62 255 255 26 0 78 230 201 111
    186 12 255 122 202 0 130 221 0 144 0 232 4 69 255 174 255 175 255
    255 249 72 0 166 67 137 255 255 254 138 255 234 126 38 191 255 0 255
    37 2 232 15 252 255 249 131 78 255 230 234 209 104 80 255 113 0 223
    255 48 102 9 255 74 0 0 78 54 208 0 92 0 255 121 255 0 126 69 124
    179 0 255 202 0 239 255 255 14 255 193 0 255 133 60 0 105 255 198
    237 107 62 255 245 162 92 145 113 0 243 47 149 211 228 255 130 30 11
    255 255 213 11 0 203 114 0 118 255 43 119 255 78 115 248 0 233 129
    109 135 193 209 64 255 205 39 194 65 109 107 245 229 255 57 0 155 10
    94 255 139 0 219 102 212 61 223 208 135 255 68 62 255 71 240 217 209
    195 0 0 75 212 193 14 0 177 17 200 102 47 211 0 205 125 132 49 181
    255 127 175 255 255 19 255 137 202 0 1 40 251 255 0 52 255 252 159
    255 156 0 255 0 0 189 0 82 255 0 0 0 0 89 119 2 55 186 0 37 0 75 124
    29 230 186 255 204 78 0 101 0 49 49 0 0 200 106 184 195 0 86 0 9 0
    22 140 113 77 9 255 255 91 142 102 255 58 40 0 255 25 36 28 0 233 14
    255 255 255 14 0 76 0 235 74 0 0 0 168 161 0 72 176 255 0 233 255
    172 0 166 85 213 11 0 255 164 0 177 71 255 88 255 149 0 255 123 247
    0 0 36 249 81 231 177 255 255 73 196 57 0 253 108 133 12 8 71 213
    255 165 255 255 0 199 100 0 0 30 241 96 98 75 0 0 0 0 47 133 141 66
    2 255 23 0 255 66 0 122 158 170 242 239 255 146 37 0 111 55 0 255
    111 213 255 255 172 0 109 220 0 255 214 78 0 230 54 43 206 6 234 206
    75 16 255 207 0 255 49 107 28 0 255 0 58 255 223 0 202 82 185 228 49
    0 179 255 255 232 97 173 115 41 49 0 79 29 43 0 35 188 190 75 0 13
    255 39 255 169 125 173 13 140 171 70 73 0 122 0 95 249 167 0 255 31
    61 145 255 88 255 133 29 235 0 242 0 235 153 149 159 157 117 61 255
    123 255 0 255 216 48 0 0 81 0 190 32 186 154 0 101 137 65 168 36 255
    135 255 255 101 255 58 255 0 81 255 183 132 0 0 255 233 139 255 255
    0 185 46 144 13 255 249 22 255 255 0 159 191 255 47 255 255 90 172
    255 0 0 160 255 142 183 162 186 193 107 65 40 198 48 173 0 127 134
    11 255 0 255 103 148 10 159 0 255 2 255 35 67 0 103 150 0 107 117 0
    0 226 0 218 255 165 133 0 173 75 201 68 0 0 255 52 0 164 255 37 97
    255 0 132 3 255 111 0 176 195 255 0 232 169 0 0 47 147 0 0 150 56
    242 255 255 255 22 255 149 182 228 236 255 83 172 182 0 0 255 255
    255 78 88 116 21 114 0 255 221 0 0 0 47 0 0 255 185 0 90 120 0 97
    188 0 255 0 74 0 0 255 97 52 72 58 211 0 130 49 117 0 255 15 0 47 57
    255 255 0 255 255 255 47 0 0 0 11 27 0 228 255 129 0 174 28 0 44 0
    255 255 176 255 255 110 255 241 71 0 173 214 37 255 0 50 79 95 255 0
    61 103 0 255 107 214 0 98 117 202 255 255 230 25 255 255 210 2 255 0
    132 255 0 68 255 208 255 78 2 94 0 140 178 7 0 0 146 0 255 138 226
    255 18 169 37 28 0 64 0 137 167 37 0 255 0 0 0 11 196 62 29 0 85 255
    255 0 255 191 143 121 255 180 197 59 196 186 31 255 223 84 125 255 0
    19 255 136 0 46 65 0 0 97 252 244 64 0 171 255 0 255 88 64 66 238
    114 238 0 111 255 255 224 226 255 99 216 255 92 11 0 106 189 75 255
    164 255 255 19 79 214 164 233 255 0 255 112 12 238 255 0 100 234 183
    0 0 255 255 255 176 213 0 0 211 0 154 230 255 255 42 170 90 85 127
    243 255 221 146 255 35 63 33 153 255 0 221 107 255 73 146 255 103 62
    29 156 236 255 87 255 120 218 33 0 203 17 255 140 0 255 149 0 186 0
    117 255 186 103 255 0 224 25 73 199 120 181 230 255 83 0 138 0 251
    254 71 0 237 255 255 74 77 255 168 243 108 62 127 159 255 239 57 255
    106 208 0 255 63 10 216 169 106 237 37 225 0 81 0 0 100 183 188 190
    0 166 170 217 107 238 207 255 255 0 0 227 231 205 0 219 217 118 216
    142 187 255 187 161 255 0 254 0 248 255 0 130 0 54 255 96 113 0 90 0
    47 97 255 255 0 144 255 0 234 255 0 253 48 26 130 191 0 29 0 211 31
    145 255 0 44 255 255 68 255 255 188 70 0 255 0 0 95 115 255 30 255 0
    9 211 13 191 0 255 0 255 255 255 40 34 255 102 0 255 194 64 93 114
    223 255 0 255 214 0 0 255 205 0 255 120 0 105 200 18 0 255 0 140 172
    64 33 244 64 163 118 255 0 212 255 249 62 255 88 0 0 0 75 14 240 255
    215 75 68 199 255 255 51 255 0 130 190 0 47 255 137 125 0 0 143 118
    146 221 255 0 98 241 106 44 166 15 146 66 14 200 255 0 24 238 80 236
    1 116 255 177 253 83 22 0 234 94 255 7 0 255 146 248 255 217 203 111
    200 244 41 0 10 185 118 67 0 0 255 0 255 92 128 88 1 0 136 175 1 31
    100 167 150 14 230 255 143 0 91 0 0 65 0 53 55 0 0 112 55 71 194 255
    92 12 255 7 167 0 51 222 31 122 115 255 0 159 120 103 3 255 0 166
    255 235 125 167 186 214 152 255 64 39 58 0 156 77 203 255 0 218 188
    22 126 174 255 90 103 34 205 255 153 188 54 41 255 0 255 164 221 37
    255 129 230 0 136 122 242 112 106 0 255 1 181 0 0 255 130 0 51 255
    254 0 112 221 86 41 164 76 193 10 0 101 0 50 255 0 255 234 85 108 26
    232 0 38 209 0 255 117 183 51 245 107 28 0 25 0 23 22 255 206 255
    255 255 255 255 128 255 16 255 22 15 165 65 54 103 255 0 0 0 99 0
    241 0 175 131 43 255 216 64 4 255 184 0 25 175 129 67 214 138 76 255
    126 82 39 0 255 53 57 255 218 110 0 44 124 66 32 0 0 0 7 0 255 97
    107 255 0 228 255 155 157 147 255 185 0 26 0 238 255 0 0 129 156 0
    133 0 156 255 32 86 180 136 224 0 213 192 210 242 0 0 255 212 4 0
    255 142 59 201 62 154 255 216 255 0 0 68 255 0 255 135 255 167 156
    216 0 0 170 255 75 0 255 255 5 246 106 28 45 255 61 161 0 125 0 177
    181 0 151 107 0 255 0 109 255 0 255 126 255 30 0 19 0 255 16 236 14
    164 0 26 106 0 160 0 97 255 205 124 121 135 79 0 116 101 255 255 12
    141 255 64 162 75 255 255 77 125 150 0 255 199 255 28 0 69 31 62 0
    39 16 7 84 122 157 155 56 181 0 239 118 238 255 255 121 63 0 255 215
    35 77 0 55 52 204 30 154 223 255 255 0 154 0 188 139 0 125 184 200 0
    28 172 14 0 87 175 55 156 255 23 30 248 176 36 80 16 108 110 0 24
    222 71 204 241 129 0 54 255 42 92 107 41 188 255 224 0 255 44 0 33
    25 255 255 110 255 255 0 0 0 222 52 0 250 255 255 143 182 255 0 102
    207 0 37 169 230 229 215 33 255 194 255 255 34 228 169 255 255 0 255
    255 0 141 180 255 0 236 55 158 0 255 85 0 38 255 55 47 10 7 255 255
    146 96 88 135 54 194 18 137 98 0 16 51 89 61 0 26 0 255 64 39 93 166
    125 176 231 255 149 113 255 0 208 0 0 126 182 255 255 0 175 112 169
    247 255 255 176 0 194 0 219 94 51 155 59 165 255 255 158 255 1 227
    178 62 255 27 234 57 106 233 255 255 172 253 0 255 173 205 174 168
    225 147 0 0 0 221 66 22 0 255 11 0 168 84 174 85 137 255 22 10 0 5
    70 0 175 102 0 0 26 255 0 82 255 37 172 0 255 0 0 0 182 0 0 105 37
    255 54 125 255 159 0 185 196 27 24 11 45 0 20 145 0 124 74 255 12
    218 199 0 255 255 189 191 204 107 214 174 8 255 0 106 140 0 255 0
    255 162 248 255 120 232 170 0 42 0 20 13 251 238 255 240 255 152 107
    184 255 0 254 193 255 20 16 88 255 0 166 192 199 217 92 255 19 198
    48 232 39 255 0 251 0 255 49 133 0 48 23 167 225 52 255 138 89 120
    255 255 169 58 255 11 5 91 255 41 123 255 24 137 19 255 30 0 187 189
    0 255 247 0 76 0 149 219 165 0 165 255 102 228 5 196 178 59 171 255
    235 217 0 130 226 0 0 55 0 138 159 255 166 115 0 0 184 0 140 255 35
    65 255 0 242 141 255 40 176 140 0 53 205 47 0 148 175 0 132 175 135
    255 0 0 0 255 186 93 117 57 229 255 255 0 255 39 167 255 105 255 0
    13 168 0 141 255 162 123 0 44 255 81 47 255 15 13 100 0 255 88 0 255
    28 180 255 177 0 32 255 255 240 255 0 0 242 49 244 108 0 197 0 46
    185 214 0 207 131 92 75 255 246 198 0 220 0 0 0 0 255 255 255 0 12 0
    141 95 227 255 150 0 36 0 179 2 35 158 10 255 243 0 193 0 21 22 149
    128 142 157 0 255 0 0 47 0 0 0 31 86 2 215 74 242 215 255 166 212 0
    254 41 196 51 0 30 0 1 61 78 255 155 27 84 8 19 34 116 127 70 255
    217 187 255 116 255 234 0 255 0 255 91 143 9 72 3 166 140 255 0 89
    99 243 0 171 0 0 204 112 244 0 255 143 255 48 162 108 255 255 193 89
    255 203 197 104 0 24 252 0 133 156 255 100 211 232 255 156 250 177
    201 255 175 255 251 0 59 6 13 0 255 255 255 255 119 255 125 180 0
    118 80 58 43 203 255 0 78 3 197 0 71 0 96 0 0 216 231 51 0 190 0 111
    34 71 0 228 0 159 227 0 129 0 163 0 0 255 200 22 71 255 0 130 11 47
    155 238 103 0 255 68 255 82 85 203 93 198 255 122 241 98 0 78 255 0
    141 255 19 245 255 64 0 152 244 0 99 0 51 180 33 0 0 110 121 255 106
    248 0 161 215 0 32 255 7 127 69 144 187 0 52 186 42 0 68 29 33 0 87
    203 243 42 0 209 255 240 255 239 183 192 255 255 212 138 135 122 113
    249 152 185 177 165 0 129 0 134 255 246 0 178 13 113 0 239 135 93
    255 138 207 133 255 0 0 82 90 128 89 0 125 255 254 84 177 84 5 100
    203 54 252 141 0 176 197 140 145 106 239 146 0 92 1 211 116 0 24 0
    48 144 84 0 255 255 49 241 0 120 255 0 132 35 114 0 24 74 198 59 34
    149 251 143 144 131 255 0 61 9 47 59 131 236 0 0 167 0 60 19 141 0 0
    0 255 61 148 79 5 0 0 83 255 163 6 255 238 0 77 53 227 154 153 25 0
    221 252 26 202 12 44 0 0 255 67 0 68 203 255 255 92 253 14 185 164 0
    227 35 255 0 112 123 162 255 122 255 0 248 212 9 57 0 2 24 255 151
    32 142 134 0 0 191 61 109 23 185 0 116 193 0 148 0 45 56 6 232 162
    178 241 81 0 0 0 78 21 83 255 0 255 7 238 255 30 0 0 151 94 193 253
    237 63 0 131 236 170 255 255 69 0 255 229 117 0 0 249 2 0 181 5 203
    57 40 90 0 12 0 255 0 204 93 255 190 116 0 81 181 255 17 212 0 210 0
    122 185 0 255 48 196 255 96 27 255 234 0 255 117 59 215 100 16 106
    255 0 121 163 0 13 0 185 220 255 110 75 131 255 158 80 82 56 0 99 0
    173 0 0 62 39 84 185 8 0 200 3 93 54 155 64 0 255 143 55 0 204 0 255
    206 55 186 140 0 58 255 171 0 0 254 111 198 2 78 161 228 255 237 159
    157 61 229 0 255 136 137 0 88 255 180 24 255 253 246 208 215 13 205
    87 0 0 255 255 103 255 255 98 0 255 255 0 172 255 251 255 193 255
    212 155 227 0 180 0 24 104 227 165 0 118 0 76 72 111 56 21 81 255 0
    227 11 0 255 255 245 204 255 53 255 69 128 159 212 255 218 70 202
    196 230 0 138 255 244 149 154 0 246 26 88 127 166 53 79 63 0 121 71
    0 152 0 255 229 110 19 89 47 195 226 2 255 218 199 130 255 129 236
    135 255 0 218 39 251 151 0 230 114 119 37 96 74 0 104 39 150 191 175
    47 0 255 248 247 0 64 229 44 0 210 0 27 0 179 130 169 10 228 0 0 36
    145 145 163 245 89 0 0 70 0 177 25 255 145 191 255 0 177 0 255 89
    255 192 185 255 168 0 252 76 246 255 167 150 218 65 79 255 176 167
    255 133 0 97 255 8 200 0 194 109 118 62 255 178 255 49 0 38 0 0 217
    89 63 255 17 132 18 255 122 213 244 0 255 47 194 233 58 0 50 234 0
    146 106 71 169 255 255 209 41 115 0 50 139 8 255 103 65 255 0 0 90 2
    0 0 0 34 115 255 38 177 18 7 0 255 8 117 255 108 223 43 0 255 255 0
    117 182 255 255 0 190 254 0 84 117 255 204 0 177 18 190 0 75 255 30
    216 198 214 116 0 203 14 113 255 0 255 0 0 13 88 87 255 164 197 255
    111 131 149 54 20 233 255 0 0 255 255 94 255 80 239 0 125 98 0 87 84
    0 206 0 3 10 18 172 0 14 15 57 2 116 0 155 0 255 0 44 255 255 210
    255 157 70 80 144 255 0 91 255 0 253 168 255 210 161 233 43 0 161 43
    0 7 139 0 30 67 173 255 0 255 255 0 255 38 0 159 242 255 104 138 132
    206 248 61 194 165 144 140 0 243 0 158 132 142 255 4 255 218 218 255
    25 166 193 248 255 255 39 0 159 0 192 255 165 183 14 26 118 0 141
    188 235 180 255 31 198 0 0 0 51 58 105 50 49 76 19 0 31 255 255 241
    59 89 159 182 119 0 193 129 255 255 255 0 132 0 175 238 255 169 13
    56 231 255 255 255 218 146 87 133 31 86 255 0 0 255 137 110 207 233
    194 0 255 174 140 81 0 0 115 64 245 234 0 39 101 206 17 0 245 45 255
    0 206 0 231 255 185 144 153 0 29 255 43 166 0 130 255 76 0 0 145 0
    87 0 255 241 0 223 251 0 0 255 209 238 11 227 3 255 0 0 255 0 255 0
    0 212 48 66 47 255 255 71 0 255 0 255 166 76 255 255 0 255 157 80 16
    136 137 183 0 173 11 94 159 77 179 199 0 91 87 255 0 25 139 212 38
    81 26 139 72 255 140 236 161 129 31 194 124 255 27 251 182 0 63 181
    255 239 0 0 30 93 233 33 110 147 250 0 228 37 74 0 196 134 255 225
    190 255 216 0 21 186 207 141 150 4 0 144 52 255 110 117 0 167 255 0
    168 0 191 77 255 255 62 169 238 152 255 252 169 0 255 37 111 12 47
    182 0 255 255 255 137 191 31 165 139 174 255 0 108 255 255 255 0 198
    255 0 99 66 66 255 0 193 248 0 133 0 184 128 0 250 250 72 161 142
    255 139 172 188 0 255 255 255 167 167 48 0 194 192 0 173 255 255 180
    61 225 171 236 115 22 86 255 0 255 23 255 231 0 9 0 17 154 255 40
    255 199 220 168 128 0 0 0 166 249 85 128 0 183 58 47 77 114 255 255
    217 176 255 0 25 34 10 0 53 255 241 0 114 211 96 141 0 255 0 203 109
    209 15 79 136 0 231 221 0 63 0 255 137 0 34 54 152 236 203 169 212
    199 165 130 127 0 255 112 255 67 255 112 255 48 0 215 0 90 84 255
    255 0 255 0 255 255 226 143 188 255 79 167 164 0 0 232 238 0 74 0 82
    224 2 255 255 61 166 0 101 64 167 0 162 255 255 8 180 255 255 34 146
    249 59 7 217 0 214 0 0 255 22 80 109 0 111 0 229 0 46 63 219 0 15
    252 241 255 15 0 108 6 255 247 227 88 0 0 255 49 255 19 0 141 38 255
    255 0 100 255 156 255 67 255 149 255 0 255 43 190 255 233 96 118 81
    48 255 43 218 255 144 0 137 0 0 242 255 188 86 0 103 255 144 14 33 0
    107 170 255 0 0 255 165 255 0 255 0 255 20 21 11 254 69 253 97 254 0
    255 193 0 255 255 179 0 118 70 0 0 212 208 0 176 0 239 22 19 62 0
    255 255 41 10 21 113 255 0 109 173 95 255 255 114 24 172 0 255 0 0
    217 145 255 0 53 255 0 123 84 255 0 255 186 188 234 255 255 39 0 97
    0 155 90 175 0 241 71 0 61 255 255 229 0 185 0 255 42 255 0 0 116 37
    216 127 0 140 246 0 162 255 211 233 199 10 41 49 255 243 255 15 139
    0 206 173 0 50 101 253 59 48 255 0 255 255 89 15 72 23 29 255 0 136
    0 116 255 0 128 65 91 140 166 7 92 129 245 46 254 135 104 255 25 81
    50 255 17 0 255 84 158 255 213 255 37 239 26 255 138 255 26 37 16 61
    44 0 47 255 255 74 255 255 61 219 243 96 255 0 167 104 0 126 98 126
    205 255 255 255 42 245 210 77 19 255 0 48 255 185 0 254 61 232 255
    243 145 123 0 205 0 0 255 0 255 0 0 156 132 74 221 231 0 230 255 195
    255 57 53 254 0 158 255 20 192 0 242 8 87 75 233 17 7 114 255 255
    244 27 94 0 51 255 0 67 72 42 255 255 52 255 0 0 131 0 116 89 255 2
    0 151 255 86 183 87 150 219 84 255 151 237 176 0 88 255 87 171 36
    255 255 129 173 255 23 70 30 250 57 0 0 163 0 16 0 245 143 255 255
    13 59 0 119 248 172 121 142 0 255 165 0 117 175 228 255 255 11 0 0
    255 152 65 32 74 192 255 157 0 255 255 92 130 102 65 255 0 255 255
    255 255 60 49 0 255 0 255 255 135 168 0 208 255 0 0 232 0 255 0 190
    119 95 56 0 36 223 91 0 255 96 255 154 60 255 79 255 63 70 57 255
    255 30 255 185 33 0 83 144 184 61 90 92 242 0 162 5 132 255 18 149
    255 255 27 130 245 82 245 112 96 8 255 0 232 206 0 0 145 133 100 10
    242 112 255 255 255 20 250 214 153 0 223 208 146 0 239 59 28 247 128
    0 43 163 255 253 255 140 82 0 82 32 211 223 197 0 5 255 0 255 0 122
    144 255 0 0 66 0 155 0 201 37 154 175 0 0 0 255 235 0 0 109 57 0 0
    138 189 130 58 0 255 247 255 255 197 0 202 229 199 17 0 0 185 8 0 16
    0 189 255 152 0 0 55 180 0 147 255 4 59 139 255 96 22 255 255 252 0
    255 241 21 116 255 105 0 77 184 138 135 0 171 64 22 255 29 0 237 184
    0 255 49 84 0 192 80 27 213 198 255 0 255 155 217 78 200 133 232 244
    87 52 255 255 71 255 87 255 115 72 0 167 109 188 59 0 0 235 89 154
    111 117 64 255 80 171 255 84 0 0 0 0 0 0 209 37 25 31 255 0 47 214 7
    153 104 255 248 179 29 44 0 255 245 255 72 255 220 0 255 69 0 214
    150 0 128 67 255 0 192 3 0 240 145 122 0 0 229 26 0 241 149 189 189
    255 255 223 255 255 12 0 0 197 0 127 251 255 0 190 214 251 104 255
    20 255 170 4 233 255 255 0 0 255 88 0 255 255 0 0 1 40 0 0 162 15
    255 255 247 255 255 31 176 88 255 66 152 15 112 0 241 0 195 44 96
    255 219 83 0 255 88 113 160 134 0 0 246 172 247 255 181 82 179 175
    207 0 34 0 172 180 65 23 1 136 0 255 255 152 222 0 255 255 255 0 177
    255 204 84 79 172 255 124 255 44 178 0 255 36 0 251 230 255 72 181
    151 255 32 0 44 86 82 255 196 255 255 70 253 117 194 255 200 0 40 71
    57 0 255 0 255 118 246 255 0 0 51 40 244 0 73 249 21 176 42 98 228
    109 255 0 176 255 117 209 220 47 68 26 173 214 193 255 68 112 255
    255 244 125 229 186 255 0 165 122 115 69 255 99 72 155 0 157 232 58
    192 255 0 0 0 244 255 0 211 224 0 56 104 0 0 0 171 0 80 75 255 255 0
    0 1 97 0 192 234 0 20 2 15 186 0 76 0 0 85 254 34 127 47 255 0 116
    255 116 20 255 89 81 92 49 0 61 255 255 6 0 132 13 212 25 57 255 0
    57 165 78 2 0 137 235 250 0 95 255 255 249 255 255 56 143 170 255 0
    119 255 115 65 174 176 208 0 255 255 180 27 199 167 204 40 255 255 0
    149 252 255 15 51 255 255 255 0 107 255 0 0 0 21 0 0 241 255 0 161
    112 0 255 255 216 181 229 73 145 0 0 238 161 255 122 255 145 93 172
    28 0 255 236 149 245 158 217 15 186 173 0 101 178 164 0 212 255 142
    255 120 0 255 102 135 103 41 7 216 225 255 185 60 255 205 255 67 0
    19 87 119 242 199 99 242 96 82 255 58 155 0 52 0 255 166 0 120 0 37
    255 0 91 196 255 190 42 86 153 131 64 0 124 0 255 255 203 146 37 150
    87 187 221 115 182 0 246 0 255 0 0 237 149 110 44 105 59 44 214 47
    38 175 255 255 188 208 86 33 167 211 84 58 255 0 105 58 213 180 255
    255 217 71 195 195 110 176 16 203 24 0 227 0 165 0 0 205 7 203 0 186
    205 164 255 0 192 112 231 140 115 255 169 255 0 0 0 26 255 255 213
    225 0 168 255 213 34 149 78 37 0 0 167 18 174 255 35 157 193 77 255
    255 0 255 255 26 95 31 255 239 255 255 0 0 10 255 201 26 0 124 255
    197 255 89 84 49 183 9 255 255 0 0 0 161 0 224 255 123 135 255 255
    76 101 255 255 0 0 255 164 143 68 15 0 229 255 87 186 170 130 0 219
    253 103 137 243 44 70 175 0 73 255 122 81 26 196 191 29 100 161 0
    116 238 96 24 0 255 0 184 255 254 201 0 0 56 0 134 32 0 52 255 237 0
    186 0 183 83 168 255 92 31 255 162 255 0 45 201 0 170 15 153 198 61
    0 8 127 8 220 175 66 255 0 255 255 147 0 110 112 0 176 221 193 0 0
    207 96 0 65 0 255 26 148 0 160 0 203 122 0 186 255 255 222 79 231
    135 32 255 233 68 0 0 250 54 148 0 223 8 8 200 84 4 207 58 28 210
    255 255 0 176 248 255 251 0 255 169 230 255 0 109 255 164 208 255
    111 10 249 140 5 88 255 94 237 118 0 95 0 186 255 33 18 255 0 0 255
    235 167 10 255 255 178 255 255 187 119 255 129 98 181 39 214 241 0
    69 255 0 190 229 255 124 184 165 255 255 31 200 244 255 88 0 0 42 46
    203 15 255 239 255 122 31 154 210 112 0 41 255 0 240 33 121 203 154
    250 255 198 255 66 0 0 0 255 52 112 160 103 0 0 0 119 23 0 149 119 2
    169 136 200 255 88 255 255 0 157 0 160 255 120 255 255 195 184 114
    165 0 255 6 0 255 155 113 62 0 244 255 226 0 175 0 19 244 173 163
    255 255 255 255 139 226 132 11 0 8 137 0 230 26 209 21 82 255 0 140
    255 255 171 0 6 135 102 73 31 255 106 32 255 255 183 255 0 198 102
    255 0 255 38 0 0 97 120 158 0 108 0 0 255 149 225 255 10 0 5 21 27
    255 99 175 255 52 214 245 255 252 44 62 0 0 140 0 26 191 45 0 255
    169 76 255 243 34 111 121 54 255 178 0 255 255 1 60 25 196 38 25 232
    255 255 208 147 185 106 251 67 137 31 0 224 255 0 41 31 255 255 0
    172 255 145 223 240 255 255 223 222 230 71 1 57 255 138 72 196 160
    255 62 111 98 240 255 255 208 51 59 255 255 255 57 66 123 170 76 66
    243 160 41 22 255 0 169 102 0 255 0 93 0 161 255 0 240 188 0 255 58
    203 132 0 0 225 0 246 8 232 0 137 255 255 25 27 255 255 255 35 162 6
    150 73 0 255 0 0 255 148 0 126 126 238 61 0 147 180 167 183 38 188 0
    11 0 0 66 26 0 255 142 82 150 76 255 2 0 255 231 250 0 0 101 43 241
    215 122 76 255 44 142 0 37 145 39 255 0 255 40 206 181 0 176 39 201
    255 255 199 195 0 9 250 0 0 160 167 158 82 255 150 255 150 224 39 0
    0 249 0 17 0 90 0 0 255 169 0 255 236 53 203 239 137 0 255 0 253 124
    110 115 37 27 255 49 0 195 0 255 147 2 178 210 234 53 0 0 138 12 82
    216 0 0 221 2 255 0 168 0 229 23 70 207 255 87 224 51 173 117 152 0
    183 223 255 0 160 0 18 255 0 18 66 21 255 255 0 191 63 0 210 0 56
    129 0 0 255 125 255 99 255 255 112 114 255 255 10 255 255 201 255
    180 0 255 232 38 82 171 177 42 191 0 34 180 195 186 255 106 255 92 0
    228 0 189 0 23 133 70 0 39 0 78 170 0 37 136 175 129 0 0 33 0 0 86 0
    157 64 178 188 0 187 0 34 255 216 219 0 21 255 147 72 255 219 82 255
    202 255 242 255 223 255 0 255 86 210 176 0 255 28 36 109 0 19 0 243
    0 12 101 0 233 255 253 206 212 255 97 0 0 26 56 255 95 160 0 63 174
    56 251 255 100 0 90 98 0 121 142 218 255 227 214 0 120 123 135 227
    147 0 0 110 255 154 255 255 162 0 0 18 0 63 48 157 255 78 0 239 8
    255 187 9 0 255 186 224 171 145 0 227 8 71 3 255 73 243 89 120 120
    255 0 172 0 255 85 53 0 255 255 255 255 255 0 136 209 0 0 159 69 107
    215 255 51 98 243 0 126 59 31 0 0 255 71 216 177 74 255 163 85 184 0
    166 223 30 0 255 110 0 233 185 4 255 0 33 0 208 0 94 255 0 33 255 92
    0 54 38 0 246 124 142 101 217 255 0 185 129 233 58 245 222 236 255
    255 61 74 238 143 97 198 255 71 10 203 90 126 255 111 9 108 91 177
    178 255 1 0 12 209 227 144 47 50 241 170 154 255 97 105 106 209 151
    1 255 0 47 0 0 255 255 15 107 255 0 145 76 0 194 134 177 6 150 0 57
    48 0 0 123 30 195 239 207 255 255 101 201 255 52 14 104 53 201 246
    167 255 103 0 185 255 156 131 255 23 64 255 3 0 8 171 96 93 0 202 36
    0 32 255 132 192 83 255 18 41 127 0 248 187 255 0 0 0 124 82 203 127
    255 255 237 46 21 77 42 0 252 109 255 128 22 247 255 0 106 0 255 255
    0 154 0 77 0 0 148 166 0 80 255 102 0 230 79 161 0 208 36 236 0 92
    132 0 141 209 0 211 229 188 121 81 255 0 108 255 0 255 12 0 147 176
    193 255 61 0 144 193 255 0 255 203 0 177 255 203 0 0 100 197 219 0 0
    255 219 78 142 0 226 72 0 0 73 16 255 176 230 194 176 89 100 153 0
    168 188 36 16 255 11 0 0 145 0 226 196 255 166 114 53 126 255 117 0
    79 53 0 66 236 75 192 0 0 255 255 179 255 102 205 255 185 136 179
    137 205 128 0 225 0 11 255 0 255 10 202 255 168 255 123 84 232 90
    255 232 255 101 222 141 0 224 70 217 0 0 142 176 0 0 218 64 124 218
    107 173 175 65 255 138 216 104 81 19 0 255 0 0 255 185 69 94 255 0
    178 0 0 0 103 0 255 244 245 40 0 40 15 128 41 0 139 22 38 252 255 0
    25 0 221 152 255 160 138 0 46 255 9 89 0 192 222 255 0 178 59 255 37
    38 217 68 194 105 13 94 126 162 255 221 42 0 255 255 68 125 218 0 60
    109 73 255 177 51 111 250 0 146 255 0 255 147 255 255 255 114 0 208
    90 103 0 0 138 0 203 27 2 104 166 255 75 57 98 162 0 255 142 85 0 34
    76 0 88 255 93 0 99 255 255 0 28 183 0 9 104 104 156 0 126 0 0 0 141
    46 190 143 192 19 255 238 195 236 151 48 255 214 255 255 0 104 0 42
    216 202 164 160 91 181 255 76 58 155 50 8 255 255 170 62 207 0 255
    116 255 231 0 80 255 98 153 23 132 27 114 48 214 0 0 23 255 121 255
    44 93 188 0 255 255 0 109 185 255 0 96 95 132 184 88 117 255 0 255
    255 255 13 255 85 253 0 255 191 31 87 65 153 0 219 191 103 0 255 37
    255 255 42 14 12 0 132 225 255 78 0 255 33 69 0 10 0 131 0 55 142
    255 174 49 221 32 110 99 0 0 22 0 56 110 0 0 0 255 70 4 21 218 255 0
    0 245 255 255 255 51 255 9 227 255 138 0 67 140 0 0 254 255 41 89
    255 152 210 255 255 94 71 0 0 0 24 187 0 195 0 0 148 255 0 239 246 0
    159 166 0 205 145 250 217 93 98 200 70 100 251 0 127 72 255 255 206
    255 40 49 83 171 255 255 124 255 255 193 255 166 255 91 45 122 211 0
    143 47 0 0 255 56 54 161 0 255 181 29 187 183 50 225 237 255 0 144
    236 65 43 255 3 47 0 22 93 55 178 184 172 255 255 138 49 70 0 0 0 0
    77 19 68 36 171 41 25 0 32 106 255 201 132 120 255 0 143 187 255 0
    255 245 255 87 214 255 225 13 20 17 255 0 255 124 0 179 255 4 255 68
    214 255 222 255 255 225 58 0 106 222 180 16 255 5 0 165 255 0 88 218
    255 198 0 94 44 102 0 255 76 0 48 199 242 217 88 255 123 219 67 255
    0 49 121 0 48 255 0 0 0 124 0 52 54 72 234 16 255 104 0 255 35 208
    14 255 109 28 28 34 255 231 255 0 14 255 99 0 151 0 200 110 205 79
    24 255 255 186 0 145 255 255 255 158 153 149 13 255 0 166 185 0 0
    123 47 255 40 20 137 0 201 255 0 226 255 142 185 255 116 0 0 3 111
    77 243 168 84 66 34 64 170 0 95 72 23 78 255 121 0 255 0 175 48 0
    234 165 20 0 21 255 164 24 255 198 0 95 174 91 0 255 197 0 255 142 0
    0 255 255 0 133 255 4 255 101 83 116 0 0 94 255 0 228 255 125 246
    154 255 173 255 255 0 229 158 6 0 19 215 177 0 122 164 116 120 255
    255 86 255 128 255 244 72 78 46 97 12 255 67 255 255 240 174 143 204
    111 0 0 221 230 225 75 0 181 0 206 255 0 230 168 124 113 255 0 213
    78 98 217 0 255 85 186 0 232 87 255 108 22 0 255 251 245 255 0 89 0
    28 77 40 17 57 237 207 255 246 160 3 79 23 157 155 106 239 112 31
    135 74 0 255 194 0 0 0 151 147 255 0 255 113 108 120 32 255 100 189
    0 46 84 41 82 255 36 255 255 134 7 0 255 165 6 241 148 255 255 59
    255 190 255 255 0 0 84 206 6 205 130 0 95 213 237 234 24 16 0 150 56
    0 192 73 125 255 27 255 65 191 255 42 188 118 178 228 87 0 253 44 83
    159 0 31 255 255 236 50 243 126 119 0 255 59 255 17 89 140 0 255 215
    0 0 0 167 170 0 25 255 31 213 134 117 255 240 82 255 10 126 15 93
    255 71 228 149 96 105 22 17 0 226 1 24 148 236 137 22 65 184 255 61
    247 199 175 0 0 0 236 245 184 46 0 35 159 70 255 175 255 255 0 0 240
    18 255 255 0 0 255 204 144 201 86 56 23 0 0 255 36 209 237 255 229 9
    162 0 149 73 230 192 233 58 0 0 255 0 0 255 0 255 244 72 255 119 101
    27 14 255 89 128 134 255 0 100 21 255 192 0 124 15 130 224 172 203 9
    0 14 255 181 0 124 240 155 152 76 43 21 20 104 255 95 24 255 219 165
    115 22 0 85 215 118 241 70 42 0 22 147 181 255 255 121 100 255 119
    89 201 0 16 26 255 17 5 0 60 15 106 171 70 255 0 255 130 195 48 2
    166 151 178 23 80 15 0 0 0 186 79 0 181 185 0 255 54 209 226 22 16
    86 125 0 241 255 0 44 254 185 0 0 238 0 238 84 106 232 229 42 99 0
    172 13 92 255 71 125 212 59 0 61 142 0 148 255 240 42 0 104 96 255 0
    41 42 255 255 52 195 106 64 221 70 27 148 39 255 135 245 75 97 255
    255 115 15 255 255 231 21 178 31 255 156 245 102 255 3 59 85 166 255
    93 148 78 1 3 0 28 112 0 116 255 209 11 255 54 140 0 28 66 100 237
    255 255 255 255 194 255 169 74 1 255 117 255 0 0 102 228 238 255 215
    21 255 187 74 255 255 178 0 255 255 0 49 249 255 0 0 56 211 103 186
    86 207 25 61 6 127 211 212 199 227 29 0 0 10 0 0 255 255 132 186 147
    121 214 135 202 236 0 121 255 24 255 255 255 48 13 16 95 255 255 94
    0 255 255 0 255 255 245 255 207 0 0 63 109 255 0 198 189 0 255 132 0
    0 255 0 0 255 21 92 0 164 232 255 255 104 231 219 13 24 0 121 70 230
    225 255 38 255 105 72 185 0 0 255 174 205 59 99 72 0 255 0 0 0 171
    228 82 188 80 135 59 46 255 112 255 79 132 255 0 105 221 255 158 182
    41 0 0 248 172 77 13 104 255 0 203 0 246 19 0 126 0 252 30 186 85 4
    156 255 18 255 255 255 53 68 15 101 189 0 255 0 89 164 0 255 255 242
    35 255 79 176 166 104 0 0 1 0 255 48 129 194 255 189 68 255 251 255
    46 75 141 86 102 255 138 83 160 255 74 110 138 0 9 54 255 68 0 0 144
    9 200 255 37 65 40 255 0 255 11 16 0 175 255 86 34 226 158 240 75
    149 126 255 160 194 45 172 0 210 15 0 255 203 137 0 255 0 87 61 77
    121 232 255 110 226 0 240 183 255 90 0 208 255 255 255 186 86 80 186
    204 255 101 0 176 255 209 187 43 179 7 238 113 255 255 255 43 31 0
    44 155 0 75 182 139 0 255 140 255 47 0 255 49 4 255 0 18 198 255 32
    92 135 255 237 117 77 253 104 0 0 60 120 255 55 255 255 64 97 0 200
    0 0 251 132 174 174 0 195 130 155 223 0 78 255 76 214 255 255 140
    218 43 78 0 179 255 145 80 107 243 52 206 42 122 165 0 241 67 117
    187 124 255 255 78 227 255 167 240 76 1 216 216 255 255 176 170 253
    0 255 52 44 0 38 0 148 8 46 255 137 0 203 127 0 118 0 200 136 255
    238 200 255 250 139 9 255 0 166 156 255 230 233 82 255 255 145 255 0
    0 113 47 47 255 35 245 109 253 255 202 0 127 226 0 53 255 255 95 228
    174 145 45 255 39 104 198 0 154 191 0 18 251 0 0 8 22 0 82 0 179 0
    42 128 0 95 0 2 131 30 255 23 14 142 4 255 255 75 253 0 255 23 46
    203 116 173 116 29 0 255 205 163 255 255 128 0 27 0 98 239 249 255
    50 255 0 28 255 255 63 87 238 255 155 255 0 255 222 48 156 236 255
    120 0 0 135 255 53 0 179 255 47 11 176 71 17 212 184 139 183 2 32
    206 224 255 0 114 212 121 255 255 0 255 172 146 37 173 181 207 161
    255 68 178 255 178 0 69 182 4 255 145 0 0 167 0 109 255 0 105 65 75
    237 6 229 0 255 194 255 215 226 228 165 255 236 87 61 8 253 168 181
    0 255 0 152 152 31 92 255 194 59 191 100 0 255 0 255 255 255 0 255
    255 255 255 11 255 255 134 89 255 139 203 169 255 255 153 175 255 18
    65 205 116 88 62 71 183 52 22 113 0 0 238 60 0 255 126 97 17 240 102
    75 242 146 235 0 0 16 162 185 255 0 126 180 255 255 255 0 0 188 230
    255 157 255 250 149 172 143 28 149 255 0 0 77 5 170 47 186 189 0 216
    255 147 111 0 62 67 0 255 255 44 249 96 23 245 14 143 56 123 62 1
    255 255 53 0 151 228 124 242 0 115 255 189 151 255 0 255 0 0 167 36
    185 0 255 0 153 34 255 0 255 75 0 0 255 0 227 255 50 138 0 231 138 8
    55 255 117 116 186 255 153 255 182 23 111 3 255 255 16 180 66 181 23
    0 87 1 208 255 0 116 169 0 151 107 255 120 0 255 255 0 247 155 225 0
    14 0 81 2 0 31 200 0 0 149 52 0 242 126 255 67 57 255 0 100 24 141
    255 17 0 0 0 0 213 16 255 0 255 9 85 255 0 0 192 87 0 73 132 114 216
    0 0 5 117 0 251 255 163 255 255 87 255 0 68 40 255 226 217 58 121
    144 0 183 109 171 0 255 176 207 232 226 161 137 0 0 227 0 50 220 131
    255 22 147 0 0 239 197 245 91 255 0 145 153 74 255 0 255 12 19 131
    136 0 26 226 255 251 204 255 221 255 99 119 0 255 130 0 0 202 66 44
    196 47 0 255 240 99 205 44 58 214 57 243 77 0 0 247 31 224 154 146
    243 255 0 239 255 0 125 3 0 72 43 73 131 81 35 172 217 0 0 184 255
    37 199 127 94 0 224 0 0 248 169 183 255 140 83 39 255 235 189 90 62
    253 255 163 255 86 0 186 68 161 6 38 210 30 146 5 255 147 97 0 0 252
    97 34 98 17 0 240 154 248 221 175 255 250 190 0 0 73 23 60 130 209
    173 90 176 51 0 255 0 255 230 0 137 45 210 52 236 0 0 51 132 255 65
    211 182 0 255 255 0 194 60 73 0 195 71 255 0 194 184 255 129 0 182
    23 89 0 56 255 255 32 249 255 255 8 0 103 218 21 255 170 0 255 89 57
    7 130 0 208 203 13 0 212 134 255 255 255 176 0 14 242 136 220 169
    196 67 255 107 4 71 0 0 243 221 0 199 156 167 224 61 189 0 0 0 255 0
    125 89 139 134 2 208 195 215 169 236 128 97 62 198 217 246 1 216 255
    255 255 0 99 5 255 44 165 255 73 0 18 255 172 139 0 144 228 58 102
    213 151 79 0 255 38 157 0 244 192 31 58 255 255 56 190 183 255 16 49
    0 229 0 234 255 0 132 255 3 200 176 63 72 112 158 124 56 253 86 137
    255 144 194 0 0 65 0 255 238 123 255 0 33 87 130 62 183 0 99 72 45
    166 0 0 255 0 255 38 99 46 214 216 255 195 203 249 207 23 149 255
    216 192 0 168 181 240 83 255 190 233 255 149 214 0 0 28 244 111 250
    0 0 44 208 147 238 0 181 104 0 247 127 233 122 61 0 0 2 255 129 255
    26 166 96 26 218 255 0 255 169 255 255 0 255 39 44 34 255 196 0 63
    185 236 185 204 253 255 255 207 224 77 255 93 169 100 0 0 187 40 200
    255 85 0 148 255 93 103 156 0 46 0 255 67 255 132 0 0 46 237 172 75
    255 0 217 255 95 176 194 24 0 114 183 255 98 113 80 92 0 94 0 131
    220 148 31 244 255 0 0 0 0 58 0 74 255 255 115 0 24 143 97 0 255 255
    2 44 255 51 0 0 0 196 255 255 99 45 255 90 176 255 255 255 204 209
    171 194 75 0 45 37 107 158 0 191 115 255 88 255 75 136 255 94 105
    159 255 120 197 71 83 47 255 0 255 0 0 135 80 255 36 158 10 151 0 0
    0 227 255 48 0 0 0 112 0 255 204 2 255 129 255 40 0 198 255 37 0 77
    255 18 255 23 83 255 237 226 220 107 255 98 225 153 0 220 49 105 255
    255 0 247 0 0 95 167 255 0 255 181 0 104 2 101 0 196 0 158 31 33 43
    18 255 18 0 255 44 19 0 0 40 0 22 98 181 133 0 56 194 157 59 172 80
    174 46 255 0 0 239 69 134 121 223 241 180 3 255 102 0 0 255 119 16
    221 255 255 0 211 116 0 142 223 94 180 0 2 168 237 133 123 102 255
    168 0 115 119 0 76 0 184 130 82 0 87 211 99 32 112 255 250 192 18
    255 54 60 2 253 255 255 255 255 18 191 0 73 104 106 5 221 151 140
    255 238 193 255 255 0 0 0 54 204 42 23 0 82 255 255 0 176 92 128 8 0
    76 187 156 0 255 255 255 255 222 164 255 255 192 56 117 22 210 183
    255 255 255 231 0 0 93 119 255 16 127 60 6 245 47 255 0 255 54 168
    151 81 255 0 0 90 0 210 80 144 152 202 124 0 226 0 47 211 71 0 255
    164 0 193 94 149 255 186 121 152 237 168 104 0 31 0 100 0 0 255 85
    255 139 162 188 34 38 243 43 137 91 145 245 123 224 202 0 0 145 109
    221 147 51 28 255 93 255 11 2 0 255 189 120 255 100 192 0 0 3 189
    171 116 243 12 31 230 92 21 155 0 0 63 255 248 0 213 51 60 217 0 101
    200 255 57 255 241 54 127 0 255 135 255 203 0 255 191 182 103 255
    196 134 99 235 60 0 243 94 94 180 112 219 0 223 198 87 0 135 116 98
    255 78 64 194 120 0 74 103 0 44 0 255 200 19 0 0 2 0 251 160 0 202
    255 240 222 224 83 49 189 35 88 0 219 255 255 83 255 0 255 255 22 85
    30 255 149 65 118 255 255 79 171 197 255 0 194 52 47 167 125 200 201
    8 76 183 0 0 74 255 135 0 6 0 45 40 77 96 151 0 94 179 211 2 9 169
    190 175 126 0 0 0 255 205 121 35 206 248 220 8 116 0 0 0 20 122 134
    129 230 82 131 0 76 129 42 149 255 0 255 82 53 255 255 150 255 255
    85 137 249 255 144 237 28 19 0 149 173 0 86 146 0 255 0 0 0 119 255
    106 8 0 232 255 0 255 255 181 114 0 120 30 255 190 122 97 0 0 223
    221 244 203 3 201 172 0 255 146 224 136 172 118 43 255 189 108 255
    255 86 69 30 213 0 183 100 0 181 188 53 163 122 199 17 57 52 0 255
    185 0 246 73 255 10 137 0 154 198 11 90 0 255 200 8 11 255 194 165 0
    17 0 111 255 205 18 0 0 168 255 209 255 0 61 171 20 106 156 96 182
    255 88 155 255 255 220 146 118 83 89 255 0 57 255 7 29 76 37 114 253
    114 180 215 65 182 209 255 0 255 174 0 0 120 168 0 0 255 255 118 0
    151 78 43 0 90 0 255 35 227 117 169 196 48 213 82 213 52 159 168 255
    186 20 61 0 54 80 0 135 233 145 60 202 217 225 0 140 65 172 0 5 51
    237 127 222 255 174 0 205 23 56 143 33 255 186 78 6 90 2 22 125 51
    91 116 248 49 87 0 152 255 61 36 113 37 0 203 106 219 218 255 255
    103 93 255 103 0 0 0 255 44 163 174 52 0 141 0 0 153 225 255 21 255
    47 255 142 114 0 255 110 19 0 19 182 0 177 38 169 131 113 145 83 140
    37 80 255 180 0 78 255 154 124 255 255 183 225 0 255 44 195 204 152
    63 0 38 119 232 0 255 111 0 125 0 31 0 255 21 69 0 113 217 255 227
    255 255 120 61 255 31 0 22 59 242 0 44 0 86 179 11 255 124 255 202
    47 255 244 235 33 184 255 0 41 104 60 108 0 255 0 169 0 151 176 0
    240 255 138 140 66 83 22 157 122 255 0 10 200 123 67 1 162 9 197 155
    215 200 82 0 150 0 150 152 91 211 0 82 41 150 255 255 0 204 128 255
    0 255 24 181 255 255 93 255 46 165 0 0 255 193 11 164 254 30 0 167 0
    77 164 236 255 240 0 0 0 47 207 149 245 55 255 216 0 231 125 24 0 73
    30 0 0 8 233 255 234 255 77 255 118 248 0 101 209 121 176 157 128 0
    0 255 138 255 255 230 0 110 122 0 154 219 54 183 1 77 255 82 255 255
    255 194 183 23 0 56 0 0 87 217 187 46 17 20 255 50 248 0 0 93 48 0
    255 95 81 255 50 175 102 74 255 178 0 255 0 255 17 0 255 46 0 73 0 2
    84 215 50 188 30 0 29 255 0 113 252 197 0 227 255 121 255 255 255 0
    161 255 213 165 0 255 120 0 68 117 255 104 53 255 184 117 149 0 255
    255 131 20 0 255 255 140 228 100 60 255 212 255 68 211 222 0 255 0 0
    255 70 113 141 40 229 255 0 0 129 158 8 255 161 170 255 81 124 137
    255 136 50 63 16 25 255 181 122 89 48 81 0 120 255 140 255 255 255
    69 152 14 148 0 204 170 0 255 135 100 205 0 15 157 0 111 255 0 47 0
    39 0 255 252 221 0 242 255 255 118 255 255 50 0 26 255 176 255 255 0
    0 0 153 92 205 197 0 15 0 54 0 0 31 237 88 20 119 66 137 162 121 255
    255 216 248 43 128 255 0 207 108 55 136 255 145 0 122 230 255 133
    172 196 173 0 225 255 178 110 171 238 131 255 11 0 171 255 101 0 122
    57 34 255 0 101 95 87 141 114 244 255 225 33 255 64 119 0 128 218 14
    108 81 255 221 12 161 72 255 206 255 171 255 255 0 213 0 206 174 255
    47 217 121 183 37 48 255 133 81 32 253 18 75 255 222 33 0 255 210 0
    247 49 76 230 75 15 0 255 0 70 197 35 15 92 61 255 0 134 178 0 102
    111 0 65 255 255 10 217 68 255 0 30 126 0 193 234 65 223 255 189 74
    192 126 202 232 75 0 182 250 81 97 255 159 246 134 151 0 0 154 3 0 0
    244 185 141 255 255 76 213 255 227 0 172 150 255 255 240 164 255 255
    136 255 241 255 57 0 206 255 184 0 52 201 21 255 141 62 192 192 189
    39 255 255 255 10 181 57 255 228 0 229 161 158 119 255 0 190 255 255
    255 255 4 29 255 218 84 255 100 192 241 162 192 158 85 182 224 0 0
    175 0 67 128 243 255 255 83 194 255 0 128 0 0 108 153 244 139 43 120
    0 15 83 128 52 255 255 90 100 223 255 67 255 104 0 255 11 108 16 62
    255 80 14 140 99 0 42 198 18 108 209 171 131 255 201 145 51 205 44
    51 248 255 184 236 174 105 80 200 113 136 255 189 62 0 0 255 242 45
    0 21 0 0 139 33 112 79 36 165 0 0 76 176 50 158 255 0 0 172 172 131
    180 255 220 248 255 185 41 31 255 0 0 104 51 233 255 27 86 63 0 107
    194 106 209 0 10 57 99 108 0 90 19 255 255 229 56 162 251 103 0 93
    199 140 45 231 21 81 82 255 255 255 29 217 171 255 0 0 206 0 39 102
    94 0 32 0 0 255 0 255 200 255 255 255 255 0 255 255 180 255 255 255
    0 255 31 191 153 146 255 255 0 155 48 109 255 255 198 29 67 19 224 0
    255 200 255 73 0 193 151 133 0 5 246 146 0 255 224 123 255 185 205
    173 2 0 57 255 47 77 157 179 134 251 41 86 245 216 112 97 255 200
    255 6 163 209 0 177 0 26 255 43 134 255 81 0 121 0 150 255 0 204 18
    40 22 58 255 16 35 126 236 0 227 0 0 218 151 255 43 81 255 0 0 255 0
    241 255 0 255 0 106 0 58 0 171 112 241 105 211 0 0 101 156 19 255
    230 255 163 116 13 186 167 255 255 0 189 61 239 98 255 255 39 221
    255 255 183 0 255 238 0 143 255 255 107 255 241 0 14 255 0 0 255 255
    255 255 41 255 188 33 255 255 0 0 61 0 122 182 105 255 0 255 255 77
    224 181 209 0 255 202 0 134 251 5 89 168 194 0 0 141 255 80 241 255
    182 12 255 0 187 0 0 81 0 215 76 0 255 0 149 4 153 171 11 175 0 143
    0 181 0 247 0 243 156 70 255 0 225 0 111 246 0 134 137 0 61 94 157 0
    255 240 44 200 0 0 255 166 0 87 254 63 243 54 0 240 0 64 185 226 190
    175 255 188 158 59 197 83 101 31 87 85 216 255 185 214 0 91 123 48 6
    188 0 0 0 230 0 115 255 226 0 0 0 0 0 146 66 141 0 255 215 0 196 255
    38 78 223 180 70 255 123 0 238 192 0 56 135 214 108 32 180 101 255
    178 19 184 0 79 145 47 255 0 255 0 255 191 177 74 36 80 0 133 187 98
    126 15 114 0 245 141 0 0 87 20 79 208 132 0 166 229 0 186 160 255 29
    145 214 0 175 255 255 0 0 43 255 26 6 33 129 255 231 121 0 255 58
    255 255 0 56 174 255 255 0 91 0 7 248 148 118 0 217 230 0 0 255 255
    53 101 87 245 232 0 0 255 101 229 255 0 35 255 46 255 4 0 95 0 0 198
    0 6 26 10 80 0 117 26 0 211 188 178 0 255 70 255 147 0 0 103 89 0 93
    153 176 206 0 11 255 220 199 255 0 232 234 165 36 211 255 255 180
    169 26 188 255 76 122 136 48 255 255 226 110 139 255 88 141 74 214
    152 170 184 68 25 255 81 25 140 0 255 98 255 252 199 255 4 255 143 0
    255 135 255 5 19 64 0 34 255 213 255 160 255 96 249 255 170 175 68 0
    142 236 201 19 255 0 75 115 255 81 0 100 87 255 255 159 166 255 0
    255 149 0 110 255 255 175 250 0 121 33 188 255 24 246 63 0 154 71 0
    198 43 224 35 108 209 255 9 101 173 91 0 0 164 0 115 0 0 0 108 108
    73 0 45 255 46 162 128 255 140 144 199 122 171 160 255 26 0 255 253
    218 255 106 64 0 249 255 73 252 71 117 65 226 40 104 0 57 0 255 58
    184 0 86 0 0 143 163 191 40 141 255 21 39 243 255 0 255 5 120 178 0
    255 129 149 5 95 49 226 115 253 207 188 0 182 215 0 255 128 255 255
    255 205 255 104 152 152 112 255 144 0 25 0 21 127 112 125 23 0 184
    216 0 129 0 198 249 113 120 217 0 0 255 237 0 147 56 165 255 0 255
    204 225 0 41 202 0 32 211 255 211 255 255 244 0 82 201 255 65 255
    241 203 36 35 252 0 150 100 46 0 80 30 63 7 133 0 0 0 247 216 113
    176 0 222 84 156 153 164 60 220 0 115 252 152 53 255 233 75 159 255
    255 0 105 211 99 255 255 0 187 153 0 0 255 50 213 81 171 246 0 146
    125 255 126 0 0 130 200 0 34 0 255 210 255 108 88 0 141 71 52 172
    115 175 255 64 0 255 245 151 255 232 80 77 99 0 250 218 189 241 0 0
    0 29 249 255 242 180 255 162 170 255 131 255 165 255 0 146 255 13 75
    115 0 255 85 255 255 74 194 255 60 255 102 0 70 56 255 164 255 91
    164 162 246 255 255 22 182 204 0 255 29 0 255 0 255 255 189 227 255
    153 122 0 130 197 127 90 255 198 150 19 255 255 254 255 0 207 0 0
    117 98 0 163 36 255 170 170 0 255 74 230 0 0 176 208 0 0 0 255 174
    255 178 255 255 83 0 255 118 0 253 0 2 0 84 45 40 39 126 0 0 0 63 0
    0 73 218 255 0 76 3 0 63 255 236 253 204 0 187 152 28 196 0 53 0 116
    255 17 0 0 146 100 254 255 179 0 244 222 255 238 0 42 4 117 147 0 0
    201 174 163 0 14 0 235 164 216 208 0 65 250 0 65 0 0 251 130 169 85
    215 255 166 123 73 255 78 212 204 151 255 69 106 61 205 222 81 0 255
    244 143 85 255 128 31 75 56 0 0 0 68 0 255 15 0 0 255 184 126 154
    126 47 255 0 175 93 0 0 0 131 255 0 38 71 137 255 255 0 64 255 176
    247 0 255 255 68 0 255 38 152 202 255 0 222 78 67 52 20 255 11 179 6
    255 39 14 157 101 255 15 202 255 97 147 255 255 255 158 18 0 125 39
    118 255 255 255 99 0 21 90 140 125 109 255 225 250 255 0 0 40 182 11
    255 0 160 0 231 140 0 255 0 178 255 161 164 149 28 75 0 119 141 133
    255 15 43 107 255 255 0 129 22 255 7 224 0 112 252 196 255 0 127 85
    200 255 255 1 181 0 0 132 69 191 106 155 255 90 3 117 11 69 131 56 0
    62 230 203 126 132 255 179 37 222 192 145 156 146 109 173 0 54 164
    186 0 168 255 255 207 255 255 255 32 218 146 75 0 129 175 0 217 255
    11 223 0 255 77 0 255 82 190 25 255 84 3 139 76 148 215 76 255 254
    255 87 151 0 78 243 29 132 43 255 0 40 119 140 182 42 255 0 255 0
    144 148 48 218 0 230 129 130 201 0 127 255 200 208 137 169 186 0 160
    204 0 255 255 0 31 183 116 0 177 188 0 0 255 0 0 0 0 255 135 166 0
    21 234 151 127 194 255 40 255 157 0 161 187 181 0 0 255 216 6 87 98
    247 215 255 0 176 255 237 96 0 162 255 25 234 101 253 190 214 0 76
    85 0 58 0 79 141 110 255 15 174 255 236 168 204 255 254 33 134 50 0
    255 0 255 188 211 255 191 255 172 255 235 33 207 255 217 255 22 142
    0 255 178 0 163 255 1 191 79 252 25 255 123 184 0 0 220 57 181 221
    126 183 95 22 255 211 255 196 153 255 38 83 0 99 0 134 109 58 0 206
    84 0 0 53 255 183 255 255 255 215 35 0 239 255 166 159 244 146 6 134
    227 0 255 255 198 118 255 66 255 231 0 0 255 255 156 255 224 0 233
    214 245 191 195 43 242 99 197 255 0 227 23 0 215 96 234 109 9 73 152
    71 137 84 0 105 109 0 97 255 72 0 0 79 0 147 255 9 0 104 214 0 24 47
    255 215 255 255 98 169 141 0 59 88 0 181 233 251 31 114 0 208 239
    179 255 254 149 232 96 28 229 0 255 35 82 145 0 255 175 255 253 255
    255 0 44 0 65 72 0 0 53 15 110 160 188 56 234 52 194 9 255 255 0 248
    36 44 60 7 242 123 175 164 255 252 255 70 133 173 154 210 91 150 180
    0 255 150 147 0 143 0 52 249 244 249 101 1 125 141 187 181 188 18 12
    219 154 0 72 16 152 142 251 0 165 243 138 255 143 164 170 171 120
    231 11 0 195 120 197 146 48 255 49 227 0 81 241 118 87 0 26 137 0 79
    117 180 255 32 160 206 233 154 0 255 198 0 26 64 235 150 103 13 247
    0 0 0 255 0 0 186 239 32 0 108 255 255 0 0 255 255 12 0 213 189 80 0
    183 73 0 0 133 72 177 162 251 122 167 0 255 255 106 144 151 255 65
    61 40 0 0 0 0 255 33 120 2 34 107 117 31 255 196 10 0 0 255 130 1
    255 245 77 0 255 1 146 71 150 0 255 152 255 98 183 131 150 59 136
    244 255 11 0 194 185 195 25 9 30 99 175 255 181 195 172 192 255 0
    116 14 0 90 0 64 208 197 75 0 165 255 236 255 204 227 129 224 255 47
    255 255 1 109 26 162 80 125 76 0 255 0 133 39 128 37 255 0 255 198
    127 192 207 182 99 226 255 48 14 0 121 98 147 255 0 94 255 255 168
    92 255 0 145 124 8 0 5 255 0 131 0 229 144 20 255 255 42 113 255 85
    100 255 0 0 229 255 54 170 100 255 225 0 0 255 63 71 0 54 16 238 110
    70 88 145 51 146 165 255 115 131 42 56 98 0 255 0 0 75 0 13 45 177
    106 255 13 56 88 239 247 190 133 196 255 0 18 101 47 255 59 255 77
    183 0 134 219 215 190 0 93 29 255 26 255 80 0 227 0 0 129 102 242 78
    211 252 0 150 255 255 88 0 0 177 0 196 26 168 255 0 255 87 68 0 0
    255 70 0 187 2 228 82 18 0 154 127 47 255 99 255 255 224 196 255 0
    79 221 86 182 96 125 239 172 0 159 132 146 62 44 0 223 196 91 0 220
    221 3 125 0 75 0 52 255 228 0 243 165 255 64 255 149 22 186 255 145
    0 225 214 222 62 165 201 200 58 3 60 159 129 62 0 193 7 0 69 12 0 0
    186 140 49 0 2 28 255 0 255 255 168 228 77 92 71 201 136 255 255 0
    132 72 254 104 85 255 2 0 0 255 0 255 113 48 103 255 20 0 0 0 255
    255 49 255 165 0 0 128 41 138 255 0 221 203 180 255 255 114 0 138
    147 195 0 0 255 255 0 82 17 171 115 0 255 2 0 134 0 250 177 20 255 0
    89 91 68 255 0 0 63 122 221 85 128 9 89 30 190 97 255 11 0 255 234
    233 255 58 109 0 255 234 84 255 83 255 217 0 0 14 92 141 0 0 186 30
    0 255 0 0 181 65 98 176 60 192 117 219 32 0 255 0 249 246 253 10 164
    12 81 255 67 246 255 0 255 42 0 85 148 37 13 65 76 255 255 255 103
    91 49 34 255 0 183 210 255 182 206 255 255 255 2 240 255 45 195 243
    215 235 255 178 46 183 255 186 0 31 160 255 209 4 0 0 255 178 30 255
    0 241 221 148 23 57 57 76 0 128 0 0 0 124 205 224 255 118 171 255 0
    0 135 255 209 253 12 72 212 124 29 255 255 255 0 255 10 32 18 208 66
    222 83 242 78 122 192 137 0 166 0 118 216 116 0 0 172 230 255 188
    229 250 0 0 166 0 255 206 73 227 204 77 133 255 139 255 16 135 108
    255 255 255 182 188 193 200 98 0 0 6 255 255 255 209 245 83 255 190
    209 194 219 0 0 16 255 255 49 0 93 192 67 0 238 0 5 31 115 88 225
    255 0 65 171 23 42 0 255 135 0 22 29 6 0 3 255 208 255 255 191 161 0
    0 221 141 174 241 106 255 169 112 55 164 252 109 154 137 123 197 255
    194 0 102 45 88 68 255 0 255 44 0 255 171 47 200 51 246 55 159 123
    213 113 133 57 0 181 0 0 255 112 152 216 94 125 100 0 0 0 138 10 0
    220 175 0 188 70 105 237 0 255 116 0 67 243 176 15 0 0 97 0 0 0 197
    147 255 94 193 239 40 0 255 134 110 255 209 255 0 184 195 224 57 197
    0 255 116 255 0 115 255 255 255 0 222 218 255 255 80 66 156 205 128
    0 144 255 230 255 255 209 255 43 0 43 255 255 117 0 140 255 0 42 115
    107 255 66 0 76 146 116 0 255 204 255 96 255 73 255 31 89 120 90 0
    255 0 157 110 0 255 0 47 93 44 205 154 243 255 188 155 94 79 0 243
    174 118 170 228 232 215 0 255 255 174 0 0 230 36 0 203 0 105 56 109
    254 57 0 255 255 126 255 0 93 74 81 96 178 185 196 255 39 213 149
    255 170 255 0 38 0 39 255 164 0 163 155 79 207 198 81 0 47 18 0 214
    82 12 168 231 255 0 67 95 88 255 255 0 205 20 104 26 208 89 91 255
    135 0 179 209 57 39 255 0 255 0 7 156 0 0 0 114 0 0 79 52 0 162 236
    0 0 90 227 120 0 104 27 55 163 0 40 85 138 171 255 120 221 0 152 119
    0 187 79 0 44 118 108 212 183 0 120 255 0 58 255 65 152 72 186 241 0
    116 137 0 0 149 103 80 215 255 255 255 0 0 8 122 0 255 178 86 255 94
    255 122 205 0 119 255 94 241 106 0 255 0 141 0 79 198 177 0 61 132
    234 0 0 0 213 155 115 208 0 0 130 18 70 0 161 0 131 101 92 0 106 194
    116 14 118 249 183 255 255 0 255 0 0 39 0 198 7 0 255 222 103 228
    255 221 0 0 221 23 41 102 255 121 0 238 99 98 255 255 0 255 255 87
    111 255 48 128 255 237 255 143 231 95 41 255 255 0 175 193 255 246
    21 248 255 122 221 255 108 0 255 0 255 0 205 129 11 129 205 94 245
    40 48 255 0 13 0 124 70 71 255 0 142 0 59 89 158 238 0 21 78 0 239
    255 0 161 255 239 223 255 151 51 255 255 0 255 0 91 37 0 32 0 255
    197 182 255 255 0 0 255 46 109 255 141 61 160 23 255 0 228 255 88 0
    255 0 0 204 195 255 49 237 147 69 102 62 102 0 191 126 128 140 205
    255 74 255 4 30 150 104 123 242 221 168 251 244 111 0 255 255 255
    255 62 255 255 0 63 46 0 1 25 19 77 159 210 0 204 0 255 4 0 222 249
    255 255 205 36 0 0 152 247 114 255 255 255 239 0 175 10 22 83 255
    203 255 38 39 192 45 72 0 80 255 109 124 139 120 241 193 191 255 0
    187 255 255 255 86 104 255 0 0 154 233 100 229 223 0 140 209 42 54
    206 116 0 0 95 181 211 253 146 100 237 89 64 0 201 243 255 0 154 249
    152 0 0 0 0 62 253 3 143 220 245 35 105 255 98 0 169 128 151 255 0
    44 136 245 137 157 143 255 251 90 182 0 0 196 11 255 194 14 0 143 69
    0 150 255 37 0 220 71 0 233 155 0 146 0 0 255 0 86 138 49 255 69 106
    34 255 0 0 83 172 241 0 0 9 67 154 145 106 178 99 125 255 67 45 76
    43 214 255 0 0 255 0 129 159 255 230 0 226 255 12 143 0 255 255 0 15
    0 0 165 255 0 247 128 255 253 33 97 0 0 0 38 63 0 186 246 3 0 73 255
    238 255 159 222 0 34 166 108 197 0 152 186 0 24 123 244 224 45 211
    231 50 189 255 255 108 188 255 0 72 255 255 0 36 75 211 255 246 255
    215 255 0 0 40 0 0 83 192 122 40 86 208 223 255 197 60 81 176 255 73
    161 197 255 0 27 244 255 137 252 178 0 0 186 229 255 0 30 182 209
    212 161 255 114 154 120 255 158 255 0 19 255 40 255 255 0 125 255
    237 248 0 255 236 67 60 146 255 255 224 206 0 255 223 247 154 255 0
    255 0 38 217 0 132 255 237 128 99 251 246 103 35 108 0 25 0 246 255
    24 26 0 255 184 54 50 255 242 255 135 179 240 0 38 193 3 142 115 255
    123 97 255 96 255 0 255 216 149 0 255 48 189 0 113 109 132 168 25 0
    200 200 83 120 166 0 172 236 246 0 229 83 0 220 255 208 89 84 229
    255 171 179 2 255 97 99 18 255 178 254 93 193 122 88 41 141 80 0 0 0
    219 117 189 189 255 31 192 255 255 0 113 121 124 142 199 98 34 214
    102 37 255 118 0 98 206 255 63 162 95 49 112 0 181 255 7 255 255 170
    71 255 117 53 255 255 0 186 86 74 208 174 47 255 255 18 255 129 135
    152 255 1 168 53 123 0 65 174 154 139 88 255 181 0 117 10 0 255 0
    255 255 255 211 66 22 255 150 251 68 224 0 252 255 7 255 222 0 114
    65 245 179 255 255 255 156 128 61 17 95 229 51 166 0 255 93 0 150
    255 25 168 255 235 0 65 174 211 189 161 3 78 178 203 99 148 0 255 46
    0 255 12 255 189 252 154 26 17 131 82 0 250 155 255 255 0 52 0 127 0
    130 78 177 255 95 0 148 5 0 0 0 223 152 0 0 44 75 162 114 0 108 0
    255 225 104 132 0 66 157 138 239 13 255 92 0 205 179 107 3 54 255
    212 132 255 0 236 164 176 0 255 255 94 255 145 255 237 163 255 255
    141 255 19 34 54 192 57 8 255 45 196 0 0 58 81 0 255 231 0 202 172 0
    244 112 86 0 0 227 255 0 62 255 241 255 121 255 229 65 255 175 190 2
    255 255 255 183 84 231 53 100 174 169 20 255 255 229 184 255 179 255
    255 255 162 0 218 221 0 53 21 137 210 255 0 75 255 0 132 79 208 41
    211 88 0 0 36 255 79 255 33 221 196 0 24 0 255 222 42 94 0 255 230
    66 37 255 50 0 0 0 10 0 169 165 0 43 0 88 235 0 186 0 255 255 113 29
    47 75 113 124 2 74 0 5 96 67 0 0 0 217 223 255 143 139 176 210 103
    191 106 100 95 72 87 255 0 226 73 0 227 115 224 48 0 196 104 229 178
    0 99 140 233 134 210 0 182 41 12 101 0 165 62 40 8 58 96 0 176 42 6
    255 0 64 255 255 150 255 16 0 30 155 255 168 0 255 57 255 38 89 255
    0 201 21 255 0 255 17 123 131 118 255 255 127 255 255 172 1 105 255
    8 75 210 255 255 188 5 231 0 104 90 255 255 255 134 0 0 143 255 173
    255 74 158 252 82 12 118 189 255 54 94 131 0 255 253 0 214 255 7 131
    242 255 0 50 249 225 97 8 56 194 139 130 77 158 0 33 209 128 255 0 0
    214 26 76 0 23 255 0 0 124 138 255 68 29 254 82 123 255 0 68 129 255
    34 82 97 199 112 22 239 0 255 255 0 0 0 179 117 233 255 255 23 161
    58 0 137 0 217 7 242 176 255 94 255 0 255 255 49 255 236 211 73 155
    0 0 255 143 190 0 189 245 34 190 114 214 126 200 149 198 2 0 255 99
    0 187 225 255 255 128 189 202 219 39 27 255 255 224 252 109 186 16
    58 205 0 0 194 171 236 0 0 234 139 92 161 5 182 74 227 34 255 0 255
    64 180 99 161 50 0 211 68 255 255 65 255 0 169 105 170 243 207 0 62
    179 207 255 29 255 6 255 0 0 0 49 0 0 184 77 26 160 255 255 58 0 87
    10 255 208 65 255 177 4 226 128 215 236 43 255 255 164 255 160 0 81
    4 198 79 0 36 0 201 165 223 94 0 164 177 39 255 193 255 0 98 137 255
    255 61 170 0 253 128 0 255 71 0 163 255 10 0 229 39 255 103 149 255
    143 99 0 0 0 244 107 156 138 255 168 255 58 255 245 28 88 220 105
    227 255 255 127 228 101 183 4 208 255 255 255 33 155 119 118 89 197
    255 255 141 255 78 80 0 255 187 73 94 138 0 77 246 163 255 35 10 0
    128 52 66 255 60 255 79 133 0 158 164 255 255 255 13 155 84 255 246
    54 255 0 197 134 195 255 76 255 6 62 183 12 139 5 255 86 22 220 176
    255 0 208 221 70 255 6 208 143 0 191 255 34 249 239 240 13 247 59 0
    94 55 230 89 0 255 255 255 0 2 202 18 205 200 95 255 255 160 103 234
    155 240 11 141 194 150 172 103 255 0 14 62 0 0 51 142 255 0 203 160
    78 129 0 169 209 197 173 255 255 2 156 248 177 255 0 75 157 255 153
    0 255 10 102 142 0 111 103 138 255 76 244 158 255 255 192 100 213
    103 184 64 237 79 255 243 0 236 0 0 255 70 202 0 255 255 249 255 0
    135 149 54 36 30 255 33 193 255 150 188 0 24 0 0 252 0 117 0 150 204
    26 111 18 185 0 205 255 210 227 60 102 193 88 163 68 15 255 0 255
    188 95 0 52 73 0 196 252 161 0 13 255 0 148 134 255 47 192 0 12 255
    179 153 14 145 222 255 0 3 0 255 244 113 0 246 71 32 212 0 148 0 226
    255 0 255 0 190 236 4 186 92 255 255 234 151 114 25 143 185 50 208 0
    15 255 104 71 16 255 245 82 0 85 146 84 115 200 247 33 255 149 140
    146 241 47 0 255 206 255 173 48 166 255 167 86 255 63 199 0 152 85
    186 127 220 98 232 255 236 80 19 0 0 255 187 21 0 136 132 0 0 62 0
    65 137 0 255 0 255 255 223 255 255 219 23 24 156 45 194 70 145 27 33
    252 207 133 158 117 255 14 76 255 90 182 83 58 132 168 255 61 69 0
    64 80 0 46 255 154 145 0 244 0 0 124 211 170 26 138 192 0 120 93 0
    188 0 196 180 201 55 100 255 143 106 255 65 255 255 166 0 255 255
    150 135 245 255 188 9 41 129 55 111 255 81 255 0 31 72 27 255 4 255
    214 55 122 0 116 42 81 74 255 249 0 0 107 233 26 207 255 109 140 187
    0 57 255 195 255 255 102 125 255 5 0 255 218 222 46 154 75 216 19 0
    72 0 93 146 255 75 0 255 255 186 0 128 239 255 216 70 179 96 0 255
    255 9 0 80 0 228 233 240 255 31 60 255 204 231 184 255 255 0 255 250
    197 0 14 210 199 164 163 255 0 255 188 0 255 242 255 245 0 0 156 0
    104 0 251 246 81 57 0 91 182 0 255 174 255 255 90 255 0 76 205 0 0
    255 255 132 111 255 220 0 120 0 84 188 103 208 232 249 69 255 29 255
    131 255 255 141 200 45 32 18 255 0 109 0 0 23 115 116 89 0 0 114 0
    255 132 255 116 255 255 66 255 40 86 151 171 140 210 255 0 103 255
    240 255 255 255 0 3 51 94 255 97 100 16 220 84 85 255 253 0 156 244
    255 0 39 120 241 0 105 0 164 152 0 90 0 48 196 136 255 255 32 255 6
    213 0 91 160 0 0 0 235 218 0 57 204 107 60 0 48 113 84 35 0 81 134
    38 0 33 117 0 255 255 90 25 187 255 255 178 29 255 218 255 39 130
    178 0 196 0 18 255 188 0 255 60 255 0 76 36 0 93 107 224 0 184 153
    186 85 231 97 92 0 138 78 95 216 255 0 0 19 131 255 222 50 80 51 104
    252 77 83 0 130 255 242 29 209 15 61 0 223 0 0 41 109 90 165 0 1 255
    0 240 255 0 40 69 21 185 0 255 235 255 179 52 0 90 0 0 0 63 34 159
    246 255 255 240 102 194 81 135 255 1 108 135 255 185 113 86 0 107 0
    0 243 187 255 0 189 144 247 91 0 183 190 38 15 125 211 2 0 126 14 0
    137 255 70 143 255 152 28 255 131 83 0 13 125 255 255 255 175 255 0
    0 112 20 233 207 224 10 117 255 84 0 150 6 0 255 255 13 0 170 0 66
    160 255 113 255 255 188 20 0 0 199 0 192 17 255 82 185 0 0 0 255 157
    43 0 0 0 170 0 234 30 234 220 108 124 151 0 0 30 0 0 255 12 158 227
    255 122 0 89 253 9 250 77 198 61 255 226 255 169 107 16 0 227 255
    125 226 238 32 149 156 195 0 10 190 101 179 208 0 199 130 255 255 45
    0 0 84 135 255 59 185 229 255 44 255 0 199 255 123 255 33 76 255 53
    234 67 182 179 95 255 39 178 208 192 243 69 34 145 13 154 55 96 167
    130 0 183 71 72 192 142 0 255 0 0 161 182 96 108 147 68 255 216 32
    112 0 148 255 0 0 125 36 230 84 49 0 255 112 227 39 0 249 188 0 0
    223 161 31 163 0 211 238 82 89 42 255 219 255 222 90 0 91 255 89 147
    8 0 160 31 255 26 241 170 107 255 0 120 0 90 36 0 255 4 138 168 105
    255 62 197 143 172 0 146 187 255 0 208 101 0 6 184 255 0 54 255 65
    255 64 255 69 199 0 36 45 47 151 22 121 213 34 218 138 188 169 37
    247 255 0 214 135 151 99 108 0 15 255 0 255 126 79 103 138 255 188 0
    23 22 75 217 0 230 17 161 103 131 0 215 224 79 7 179 24 0 6 197 81
    68 255 209 183 63 255 184 70 171 120 255 166 255 0 0 0 3 195 0 58 0
    0 154 11 111 221 0 194 102 54 78 113 197 197 13 255 255 0 102 0 183
    0 255 0 151 66 255 103 155 0 127 65 175 255 255 0 0 14 95 109 244
    255 138 255 65 0 0 102 255 230 3 221 153 255 255 133 0 59 217 101 0
    59 80 85 107 226 218 26 255 255 63 11 65 3 237 153 209 0 177 40 11
    83 157 237 204 112 220 0 151 5 89 10 116 255 170 152 255 255 167 186
    31 91 255 255 121 128 0 255 201 255 80 7 61 0 84 152 201 0 0 255 255
    255 255 213 208 0 104 202 254 0 194 0 240 68 156 179 255 67 0 185 0
    33 212 255 255 28 228 181 255 0 255 0 193 99 175 244 235 0 255 39
    104 255 197 186 118 160 224 0 61 0 0 127 255 70 136 32 23 167 185
    102 65 55 0 255 158 255 138 26 255 61 94 23 142 255 4 21 58 255 0 0
    255 252 254 0 255 164 48 173 0 231 28 255 236 41 13 255 0 255 12 180
    108 255 103 150 196 23 0 0 251 91 86 255 98 235 153 0 173 129 103 0
    56 255 158 182 0 205 0 255 187 227 138 197 238 255 238 97 24 37 13
    207 0 255 108 0 234 255 119 0 255 220 133 255 0 244 214 113 60 0 255
    38 7 0 0 42 162 187 76 232 47 61 18 226 179 173 32 65 118 255 0 74
    84 255 126 0 56 228 11 0 0 233 0 82 77 208 178 183 78 247 0 246 255
    173 253 42 174 193 106 226 60 113 50 131 154 66 255 255 0 0 123 37
    63 255 121 81 121 0 161 155 154 255 245 255 70 143 40 145 106 222 0
    0 78 0 119 28 185 24 180 16 213 250 255 80 0 223 0 173 0 221 170 0
    241 255 142 205 122 144 255 254 255 255 0 30 255 0 10 0 247 0 146
    105 184 255 0 0 0 180 255 57 96 87 103 116 75 82 0 94 167 255 79 100
    99 190 168 195 0 0 54 0 0 208 0 62 255 154 232 255 255 255 255 69
    217 157 65 255 0 0 0 165 251 255 218 212 30 55 0 222 109 0 255 101
    87 16 0 54 145 247 237 165 90 159 123 255 218 73 0 0 193 255 255 16
    0 0 0 94 22 0 217 123 138 185 81 4 0 206 114 128 107 175 251 255 255
    0 95 219 255 86 0 182 30 255 0 54 69 255 0 165 68 0 146 41 252 75 14
    225 29 0 250 0 115 0 146 195 227 217 114 185 44 233 154 255 101 48
    79 0 143 255 141 0 223 228 0 250 122 159 18 255 96 223 166 0 0 211
    168 160 188 201 78 255 68 1 0 0 241 91 255 255 157 0 218 255 167 7 0
    0 0 45 204 0 17 55 245 19 187 16 89 0 77 73 46 223 201 147 255 142
    123 253 255 0 255 200 255 40 255 255 0 42 255 255 18 52 121 28 0 183
    161 250 121 0 52 0 121 209 255 54 0 255 11 8 255 255 63 115 255 189
    158 238 76 164 0 78 255 76 123 255 226 100 246 120 38 119 255 17 0
    255 255 188 0 214 75 0 7 121 213 0 143 28 13 0 167 68 123 50 214 255
    0 9 176 44 156 33 147 118 255 102 255 255 255 255 255 255 162 209
    255 255 255 76 255 255 255 255 255 255 255 116 242 0 244 255 0 25 57
    78 112 201 18 158 221 0 251 0 255 229 119 255 71 255 0 0 247 93 255
    247 12 87 172 208 0 0 189 234 222 229 0 3 39 229 145 147 255 45 255
    234 35 116 164 1 255 255 138 113 0 193 11 255 80 255 255 0 255 0 0
    127 0 210 18 0 255 0 255 0 0 255 211 189 198 255 0 100 104 158 150
    215 96 0 0 255 95 180 0 221 18 88 0 0 102 139 195 161 68 255 255 24
    0 0 0 204 32 0 84 77 177 185 53 0 0 6 247 6 4 5 0 0 10 1 39 147 151
    39 175 0 52 142 0 205 119 114 237 0 0 255 93 35 0 255 208 22 174 0
    182 240 255 203 37 166 26 141 61 255 110 52 71 255 255 87 238 199
    134 24 112 255 0 16 157 170 230 160 160 255 21 255 216 131 173 67 0
    0 92 155 62 0 88 62 255 0 224 195 0 0 255 255 249 238 255 255 0 123
    18 0 152 250 138 212 0 215 183 48 21 205 0 160 0 63 131 255 211 7
    159 14 0 255 0 255 255 169 0 255 196 122 36 247 223 44 111 255 210
    255 0 0 86 2 171 254 0 235 255 139 10 0 206 0 13 4 0 0 30 35 118 115
    248 255 127 255 255 15 120 184 255 172 188 123 208 69 255 34 202 222
    9 113 255 193 17 113 0 0 201 225 9 135 74 184 0 174 255 0 155 0 227
    237 107 255 9 23 255 0 0 210 0 255 0 159 58 156 139 234 35 0 255 31
    253 0 0 222 0 0 39 2 230 147 255 135 184 255 153 105 255 213 255 229
    192 81 15 0 61 0 159 197 0 148 255 112 0 180 82 0 0 183 59 255 157
    69 255 255 0 214 220 62 209 255 255 0 0 193 0 73 86 101 34 163 249 0
    255 255 210 181 198 0 176 233 0 246 23 247 205 49 0 48 132 219 243
    255 159 0 164 255 253 99 45 232 210 0 103 110 255 255 56 145 255 0 0
    0 0 112 205 255 244 77 148 253 0 0 255 205 0 138 0 255 0 147 19 255
    80 34 0 255 0 0 255 87 190 100 80 5 0 66 69 255 150 255 255 39 0 255
    0 96 0 46 0 38 0 0 180 6 255 136 255 2 10 51 0 221 247 113 117 255 0
    53 255 0 81 0 241 63 0 23 217 8 255 174 213 0 84 255 230 255 237 137
    36 0 0 93 255 67 163 93 179 48 255 174 90 109 0 237 95 0 63 255 190
    0 17 118 0 0 126 182 255 71 0 247 255 21 211 255 255 10 119 77 117
    255 0 202 0 143 234 196 234 3 58 0 199 75 62 50 0 0 56 0 169 255 99
    224 192 63 185 119 255 0 255 0 255 25 0 19 255 238 98 0 20 75 23 150
    159 255 243 216 114 39 136 0 90 51 154 0 210 91 95 0 17 0 0 153 171
    148 57 156 255 0 3 255 18 64 137 0 167 194 35 97 203 0 20 0 210 251
    0 9 221 107 255 47 220 161 192 223 99 61 230 58 0 126 87 0 202 255
    185 137 188 255 255 173 202 254 0 255 191 194 255 149 255 0 152 255
    255 255 0 0 0 109 255 130 255 146 99 27 255 0 206 216 146 255 158
    180 84 246 0 138 226 0 120 24 0 197 138 160 0 255 102 130 121 73 0
    24 150 115 167 255 39 0 41 34 255 0 161 0 152 133 0 255 39 0 249 243
    13 255 255 255 0 95 116 14 172 178 255 0 255 255 0 198 0 52 164 42
    177 205 30 0 160 88 25 191 203 133 141 10 255 9 6 195 0 250 229 48
    255 9 52 0 216 140 255 30 255 255 1 0 0 0 52 0 9 103 0 216 255 157
    26 227 96 40 0 233 0 41 255 78 168 255 251 217 255 0 102 255 0 201
    255 255 255 255 164 243 255 0 255 255 122 50 249 175 255 0 230 236
    138 23 245 0 243 0 0 1 255 0 233 41 244 148 173 255 76 0 195 0 0 0
    161 154 0 96 153 143 0 0 54 0 213 38 103 255 255 0 255 234 246 255 0
    16 49 39 137 255 255 233 0 0 0 116 255 0 217 255 82 0 255 79 0 74 0
    63 97 123 132 154 127 15 188 250 158 251 129 0 215 255 0 255 162 76
    44 95 233 157 255 0 251 0 255 0 98 136 255 117 0 255 0 217 0 219 61
    69 87 167 0 44 100 255 70 118 67 181 98 181 227 245 0 0 185 255 246
    0 255 0 255 223 93 238 255 18 254 0 39 255 161 3 0 0 75 0 40 255 0
    255 255 91 255 255 174 255 0 218 18 74 255 3 122 0 148 18 192 238 79
    239 250 203 255 94 208 114 255 0 255 103 241 255 0 12 0 0 28 25 184
    106 0 220 255 193 255 255 187 255 0 0 255 0 228 105 255 0 0 229 138
    255 104 0 4 0 37 0 55 57 48 255 255 0 97 201 247 255 249 255 126 191
    27 255 142 255 255 196 109 135 0 255 8 0 193 243 0 86 17 171 224 255
    255 0 103 53 167 3 139 0 119 8 95 0 0 255 171 170 240 102 56 41 255
    234 254 255 123 255 206 164 0 255 99 255 178 77 45 255 254 188 1 51
    0 104 148 239 138 193 207 146 218 0 225 0 255 2 255 174 0 218 109
    255 59 0 244 0 225 0 107 211 20 0 125 255 79 255 0 101 125 72 55 14
    121 50 177 116 240 126 143 3 0 207 0 0 255 164 132 93 255 90 0 0 49
    105 255 255 21 0 0 212 255 95 128 255 241 0 0 255 78 255 0 111 254
    126 255 15 85 7 227 38 255 255 140 255 255 255 0 8 63 255 60 29 49
    229 69 0 255 255 255 255 0 107 217 91 112 232 30 232 44 252 201 228
    255 150 116 44 255 189 0 102 66 118 0 0 255 28 186 4 68 104 0 0 255
    255 128 179 255 0 26 43 255 125 223 68 240 238 0 8 0 96 197 226 0 29
    104 255 0 205 194 0 189 128 0 211 57 0 81 128 160 185 226 54 255 255
    221 0 255 30 1 40 196 199 0 255 255 122 53 162 123 248 167 228 76
    255 52 0 242 16 52 0 50 14 255 43 90 53 46 238 138 151 255 25 0 0 46
    177 255 157 70 40 128 0 12 223 141 58 255 28 255 255 255 251 44 255
    109 122 25 255 60 0 180 78 199 162 255 101 232 72 164 159 151 139
    255 0 237 0 255 255 241 128 178 237 58 70 156 179 0 53 102 189 75
    255 177 255 169 124 11 0 149 117 0 223 212 176 66 100 9 0 34 38 23
    255 0 89 166 135 2 255 190 0 75 202 50 0 20 180 97 200 123 104 0 147
    202 8 114 101 230 0 255 22 5 196 30 31 0 233 255 0 133 217 206 32 65
    0 196 255 139 248 255 92 0 255 255 255 0 103 94 207 0 0 69 216 7 235
    168 65 245 209 143 99 255 255 0 49 255 174 255 242 0 255 245 92 255
    255 255 240 249 255 0 247 255 255 255 108 196 0 165 130 90 95 96 58
    115 247 77 255 255 136 0 224 228 11 146 255 255 255 255 191 147 0
    208 0 163 0 76 44 255 43 16 221 9 0 103 229 255 8 79 52 97 46 118
    255 0 0 231 232 7 110 0 132 63 0 0 0 0 0 151 163 253 199 255 0 73
    214 0 122 255 84 255 0 255 127 149 0 254 0 0 160 95 255 99 255 60
    255 255 23 0 0 123 0 232 38 20 0 0 235 0 194 255 0 0 193 45 217 140
    52 249 243 255 110 0 238 0 39 0 253 0 15 61 213 255 56 117 255 0 45
    255 0 138 0 175 188 0 103 197 246 181 255 77 69 0 0 178 236 185 127
    255 0 0 240 214 250 0 255 229 78 189 68 27 230 188 110 195 255 195
    255 0 0 137 0 201 41 154 0 197 196 10 191 223 142 181 103 58 78 111
    187 116 44 0 39 174 154 140 54 0 255 128 90 0 157 255 48 24 255 169
    92 114 0 26 52 255 200 91 0 206 221 179 238 0 0 80 31 255 199 255
    255 255 0 255 112 183 255 0 0 0 255 132 101 76 134 52 250 99 0 255
    164 78 13 96 188 0 0 214 64 0 0 255 72 248 151 255 255 255 180 255
    213 194 255 119 89 0 215 193 214 86 255 0 25 39 255 255 11 139 255
    172 175 231 115 131 255 113 255 0 201 255 217 75 223 1 255 0 93 199
    8 244 225 16 70 186 118 249 203 255 19 216 0 157 255 92 0 228 39 135
    0 205 72 0 10 255 75 255 255 0 255 16 255 164 210 255 101 39 92 0 0
    110 0 249 255 0 255 255 255 138 0 213 79 0 177 235 2 0 170 255 255
    234 255 227 15 96 0 72 0 111 218 180 0 255 64 133 152 0 215 0 99 154
    255 0 214 223 87 255 0 0 66 167 0 255 147 0 255 255 178 111 106 0
    221 255 197 255 151 133 0 0 215 0 90 14 0 250 3 52 97 236 255 255
    204 255 0 0 237 150 46 49 197 255 130 116 66 0 167 0 173 60 145 0 59
    0 47 149 0 47 0 93 0 0 255 82 112 255 184 0 255 61 255 176 176 233
    255 255 0 243 46 5 215 0 128 255 167 157 255 255 81 87 255 200 171
    123 255 255 139 255 255 255 100 0 255 0 139 142 120 255 255 152 255
    255 25 88 0 157 0 118 0 76 255 162 22 82 143 103 255 20 251 255 82 0
    255 185 151 171 7 189 217 0 203 137 0 247 222 255 195 0 35 6 72 255
    37 255 54 235 235 255 0 0 95 6 128 71 28 255 0 108 255 96 55 186 255
    159 0 0 252 74 255 132 202 0 88 0 0 255 4 0 194 182 47 235 255 71 55
    193 172 0 89 79 90 4 252 255 140 0 210 255 218 0 255 182 255 102 11
    136 222 255 194 184 120 255 255 210 74 194 25 0 77 70 119 255 0 0 0
    0 46 239 201 138 25 135 13 255 255 196 47 90 0 240 0 255 31 101 255
    0 229 255 255 0 164 156 235 148 211 255 255 226 255 168 134 59 191
    255 163 160 206 0 114 121 153 255 135 0 0 255 145 241 133 189 13 121
    255 5 182 230 106 0 63 255 12 255 255 248 242 255 23 12 218 129 162
    115 0 255 59 68 139 155 35 57 131 243 103 140 0 244 0 0 131 45 187 0
    115 163 0 255 255 1 236 71 234 18 53 0 255 151 252 106 44 255 92 42
    160 147 130 226 107 1 255 47 221 203 210 0 126 88 255 0 0 255 53 39
    240 77 0 233 255 58 111 212 125 110 139 118 210 0 35 57 0 137 13 255
    255 255 170 255 123 30 0 0 255 104 0 128 23 123 93 255 192 228 243
    19 20 63 133 255 111 0 198 255 47 0 0 64 30 255 222 34 87 180 0 205
    255 222 148 0 6 0 170 0 0 93 230 0 43 112 128 207 0 255 0 6 183 0 85
    0 255 26 206 0 116 150 42 246 255 81 255 237 98 255 255 244 218 255
    188 184 99 69 45 106 255 0 255 240 255 247 38 0 236 47 255 184 230
    54 255 255 0 255 2 78 0 192 255 95 0 235 58 255 3 52 120 255 0 64
    128 0 0 0 77 0 6 255 178 27 107 12 0 255 0 250 255 56 91 55 255 235
    0 23 139 255 255 173 17 197 0 39 110 49 255 255 255 0 118 233 255
    233 174 164 0 120 201 172 255 90 27 68 60 0 0 187 236 154 0 95 50 0
    167 0 224 44 87 255 0 140 245 114 0 161 17 33 255 255 229 34 60 245
    255 101 88 31 191 255 109 255 255 148 255 47 32 69 142 222 0 125 0
    255 21 255 144 0 255 89 165 19 169 11 241 0 253 196 255 250 154 0 0
    0 0 108 179 0 0 134 162 255 138 255 8 62 121 0 255 0 93 0 134 153
    255 128 255 235 0 241 255 49 55 143 192 255 0 143 121 255 255 83 255
    198 81 254 0 188 116 22 175 183 255 0 231 53 255 3 239 224 202 154 0
    0 183 243 255 0 227 95 255 0 239 196 0 255 152 163 16 0 8 139 0 54
    185 255 222 30 255 73 29 0 50 56 255 140 57 0 168 0 203 52 97 114 19
    184 117 11 76 191 219 61 0 0 99 7 95 255 4 169 229 95 121 250 255
    255 221 211 212 21 84 165 226 44 0 105 0 103 255 132 66 12 0 0 0 37
    87 255 255 36 255 79 91 36 31 22 255 0 83 56 178 65 74 144 155 0 46
    153 204 113 109 97 255 201 255 255 255 96 255 149 14 234 84 29 244
    110 68 255 255 204 237 255 241 0 0 199 0 35 0 119 0 47 255 0 255 42
    255 47 90 0 179 255 255 129 255 255 106 5 255 171 255 150 0 96 255 0
    78 255 84 255 255 255 167 255 223 134 0 0 166 0 44 147 145 2 255 255
    5 124 0 0 79 154 255 0 55 60 61 248 131 175 22 0 194 100 255 149 49
    0 70 183 137 0 255 196 208 255 101 41 66 120 9 0 0 145 73 255 255
    174 71 94 0 96 0 184 173 4 14 209 54 231 47 68 137 73 39 0 120 150
    235 0 191 12 164 101 0 182 255 0 255 47 0 255 194 55 102 255 255 165
    126 59 249 255 0 255 244 38 31 133 110 213 237 142 72 76 87 255 89
    59 242 80 0 169 165 229 232 0 255 156 240 206 173 12 59 255 11 30
    173 255 119 255 0 158 255 42 242 91 209 224 242 0 142 21 218 81 25 0
    217 255 231 255 0 42 255 229 0 200 1 183 255 46 70 255 10 127 255
    236 0 0 255 207 67 255 87 0 232 182 91 65 255 0 255 110 255 184 0
    164 0 0 202 5 202 191 218 142 19 171 240 77 73 255 140 55 117 220
    103 0 30 0 0 0 107 239 120 255 184 9 255 141 127 0 255 98 7 255 255
    90 255 68 255 80 165 178 0 255 113 255 67 0 47 7 169 62 94 58 0 239
    213 13 246 0 41 57 0 46 17 238 100 123 255 40 0 0 0 212 179 0 64 92
    75 255 31 103 110 255 184 99 121 14 255 171 170 255 0 255 255 255 43
    22 255 99 92 0 109 187 246 116 167 90 0 0 42 239 211 0 50 255 244
    255 94 255 104 255 255 0 218 255 0 107 255 76 10 255 145 255 172 0
    255 0 255 150 10 0 103 49 128 245 84 122 40 223 230 76 233 14 178 38
    99 0 141 210 162 167 85 0 0 0 0 127 223 255 30 0 95 253 149 150 54
    67 240 245 255 0 15 71 141 0 255 20 0 255 101 255 0 255 162 255 1 52
    116 106 0 196 14 255 255 222 0 6 94 147 0 0 174 25 124 255 255 190
    101 177 169 82 167 255 255 72 146 124 0 186 187 250 103 0 255 77 0
    255 0 255 209 174 255 0 73 121 0 143 74 184 0 229 37 246 0 59 8 0
    234 255 135 255 0 62 75 5 223 0 0 140 98 74 40 7 82 218 204 103 63
    192 255 0 119 161 109 5 165 0 204 216 93 119 215 0 110 126 79 0 255
    212 0 40 227 255 5 91 45 242 255 255 150 65 146 0 0 28 255 30 0 175
    247 255 24 141 0 82 255 77 255 255 255 234 0 150 0 255 255 92 207 8
    48 219 255 244 108 28 20 43 10 255 255 131 184 68 105 71 173 91 44 0
    0 0 255 63 0 255 0 228 163 129 222 0 255 255 27 201 61 86 255 15 38
    255 52 0 3 230 220 239 242 102 51 144 0 0 255 255 0 177 18 249 190
    248 255 250 0 222 160 146 183 81 255 100 0 194 161 68 198 222 0 118
    45 30 255 255 62 0 162 106 152 100 86 255 127 240 255 255 131 255
    151 0 47 253 255 153 108 226 0 140 109 0 164 0 166 8 149 255 0 223
    118 78 197 0 255 0 170 255 9 255 200 184 214 255 0 175 188 20 0 255
    190 61 115 210 255 166 198 227 255 255 9 255 255 179 138 210 145 183
    148 221 107 254 150 255 255 131 249 107 255 255 73 255 255 0 255 0 0
    244 157 209 0 142 255 184 201 15 101 13 0 0 26 163 0 10 0 255 231
    116 255 38 208 202 255 185 105 135 120 87 176 97 246 255 75 37 255
    95 137 0 128 255 164 10 171 122 0 0 90 255 41 2 241 0 255 0 255 255
    237 223 56 59 153 73 248 216 110 255 137 27 255 255 255 103 205 173
    0 0 194 100 157 198 207 255 137 0 255 155 34 255 146 239 161 0 51 40
    10 255 119 94 255 236 146 247 192 169 91 0 0 124 218 233 0 0 243 85
    215 0 162 0 43 255 39 0 255 11 180 255 85 80 255 0 194 28 93 111 143
    91 255 7 165 239 255 255 255 76 255 22 0 53 18 0 0 245 57 184 0 136
    0 190 0 255 0 102 164 165 255 6 208 20 29 74 185 35 44 0 0 0 0 172
    245 188 0 255 0 97 0 5 231 255 191 137 135 0 255 255 0 100 134 190
    131 0 232 0 231 255 0 206 112 22 188 110 193 255 68 0 90 255 0 221 0
    255 222 249 236 255 154 255 7 0 195 255 255 206 28 26 120 255 137 84
    176 244 100 255 142 255 37 248 36 41 0 179 0 249 255 0 188 77 15 255
    93 94 255 23 0 53 0 66 33 62 155 42 234 72 23 0 212 255 200 54 0 0
    12 0 146 0 255 255 0 255 216 194 255 16 156 180 119 158 3 107 179
    255 117 243 132 130 0 244 158 226 0 250 124 255 0 52 113 207 209 172
    0 0 72 255 28 139 255 172 194 96 186 9 202 37 251 128 255 142 99 0 0
    154 77 214 224 0 0 255 152 239 0 111 255 0 162 120 158 255 190 163
    255 206 71 50 137 0 124 196 40 154 185 0 138 0 32 72 38 0 125 141
    122 255 93 255 45 0 231 255 16 11 129 26 34 61 118 134 0 196 118 55
    40 229 0 197 159 5 188 68 40 255 181 254 150 0 14 21 71 255 246 208
    64 255 0 255 255 36 0 255 94 4 16 194 218 170 211 0 255 174 197 217
    127 24 250 0 0 255 6 90 255 0 0 195 65 64 110 170 159 255 20 255 160
    15 218 88 255 200 71 16 99 81 255 0 111 255 135 255 196 116 189 0
    196 255 231 255 210 19 37 0 48 0 255 0 0 106 12 232 0 219 233 119 0
    255 205 255 0 255 204 153 0 255 255 0 0 7 82 113 255 183 0 21 19 0
    154 80 255 162 0 62 224 131 192 197 112 255 55 194 255 39 62 255 39
    146 239 255 255 0 145 98 196 43 150 0 49 18 5 0 78 24 36 34 49 52
    255 41 73 107 166 0 14 39 116 255 255 19 93 0 127 0 172 87 115 0 33
    255 9 0 9 201 170 210 222 79 0 93 105 250 255 255 170 12 119 0 60 59
    0 0 181 19 255 238 255 255 147 241 7 89 89 40 0 158 65 90 2 0 124
    255 90 56 255 0 18 122 55 0 188 0 255 0 157 255 132 255 250 255 20
    222 228 132 237 146 0 0 141 0 0 255 9 205 174 0 150 132 163 52 148 0
    78 255 79 255 255 228 200 0 115 58 0 181 30 87 104 255 255 123 177
    255 189 0 46 255 8 23 255 88 7 51 211 46 103 50 152 129 34 56 0 0
    182 255 0 33 255 83 56 225 40 223 52 222 40 255 43 255 60 1 11 127
    255 20 0 0 0 251 31 255 235 19 63 205 156 79 255 110 232 0 255 40 97
    176 122 128 159 255 253 255 87 105 16 102 227 169 99 255 10 68 243
    23 0 0 0 41 109 0 255 0 255 255 110 52 31 255 29 213 255 127 255 100
    0 103 103 255 255 152 128 115 124 0 250 255 0 0 255 173 0 67 255 184
    27 0 255 226 120 250 0 69 0 156 12 255 241 161 24 27 0 179 255 202
    85 49 0 102 98 0 255 0 83 62 255 208 61 177 119 255 251 247 31 0 111
    75 0 255 0 183 255 65 233 11 244 96 255 187 199 211 255 72 121 112
    131 255 158 0 255 229 255 0 217 255 245 255 69 40 95 255 255 255 255
    181 95 255 97 91 255 0 255 33 0 95 173 235 255 90 0 117 64 0 37 238
    159 203 246 204 72 128 0 242 255 0 0 171 9 86 0 213 89 50 0 205 0 0
    255 255 207 83 255 59 0 226 143 99 26 99 165 193 164 0 255 119 155
    55 255 0 252 95 66 0 206 255 0 0 255 18 0 212 13 0 115 46 52 220 127
    255 7 255 255 125 38 211 197 185 80 102 92 14 101 255 81 65 255 148
    0 255 255 255 0 44 19 193 103 11 255 83 0 0 51 123 85 135 0 0 200
    238 118 242 103 167 11 46 183 255 255 235 0 73 255 207 255 0 165 255
    249 237 0 104 197 84 185 126 8 0 0 0 80 140 141 64 255 255 119 222
    255 0 255 15 26 110 0 32 14 255 195 40 240 0 0 109 40 253 102 238
    255 255 255 255 133 255 134 56 82 0 0 0 46 134 0 87 24 50 255 0 255
    112 139 255 255 0 252 255 50 250 43 0 0 22 134 109 0 255 0 11 255
    255 0 231 0 193 83 221 247 73 255 255 65 255 0 147 173 223 0 0 255
    170 255 174 196 0 0 218 65 70 0 121 9 185 51 37 255 165 237 255 0
    255 141 198 243 138 38 55 137 0 223 255 176 255 226 206 255 0 50 198
    0 255 255 0 255 116 135 54 150 25 0 132 255 0 0 136 255 187 1 255
    169 16 242 251 129 28 32 165 86 156 0 255 115 103 98 169 189 56 85
    28 255 171 93 145 0 181 21 0 124 75 240 0 255 181 0 255 222 172 224
    255 47 1 11 211 0 126 255 255 215 0 255 221 116 21 141 255 0 196 0 0
    44 185 36 0 36 0 255 138 12 0 255 240 109 0 186 41 165 163 82 0 180
    204 255 255 0 255 223 217 0 255 255 76 255 255 255 194 0 178 187 255
    240 255 215 255 66 255 116 7 142 0 78 0 117 205 203 84 0 69 0 255
    255 185 133 58 205 178 57 132 227 0 0 71 0 0 0 181 255 245 175 255
    255 97 113 121 242 85 0 112 86 199 0 96 255 237 255 245 52 162 184
    181 173 0 0 189 114 0 246 34 78 255 158 239 64 0 131 151 174 0 100
    188 96 45 0 0 219 147 209 239 43 63 0 255 5 241 22 179 147 127 0 0
    195 42 230 212 255 108 0 199 219 255 49 46 185 255 161 186 6 0 2 0 0
    85 71 39 173 79 234 219 255 0 147 255 124 255 135 124 8 157 183 213
    6 0 211 43 58 113 150 54 129 243 88 40 47 23 0 4 87 7 71 0 202 187
    255 4 0 255 255 0 0 0 0 100 0 130 147 144 151 139 206 19 54 136 255
    226 111 111 255 242 255 108 160 212 116 255 131 17 255 54 6 96 111
    18 220 255 0 0 0 178 255 210 255 242 241 255 163 206 244 255 255 59
    72 0 137 225 0 242 64 197 0 165 186 195 0 226 68 192 48 120 200 0 0
    100 240 207 10 0 167 17 0 30 0 0 81 0 152 0 255 255 0 53 130 28 255
    132 20 23 0 56 0 0 255 198 206 188 25 255 96 121 45 255 160 255 7 0
    255 0 79 18 249 117 108 0 226 255 9 153 39 255 123 255 235 0 29 255
    214 255 151 1 255 1 174 22 28 0 38 208 91 21 145 0 204 0 0 255 21 88
    42 255 27 85 210 255 0 0 53 121 255 0 155 119 0 72 93 255 217 125
    130 133 240 255 254 121 112 20 175 93 95 213 255 255 225 188 21 0
    155 255 194 91 255 203 0 154 255 228 255 47 38 89 255 228 255 152
    129 207 255 229 0 32 255 0 15 0 229 191 243 255 76 0 255 110 40 77
    198 57 0 255 0 104 164 0 15 255 149 255 0 255 205 21 142 17 0 175 11
    154 67 0 175 41 68 255 54 202 0 0 186 43 58 151 118 191 103 0 0 115
    204 255 249 196 255 52 220 146 72 166 6 0 141 0 0 61 0 255 71 156
    225 0 122 239 107 128 17 128 0 0 46 255 253 162 20 14 255 0 0 100
    255 188 34 248 194 0 255 216 72 254 255 111 122 245 194 213 45 184
    253 0 187 92 179 96 106 162 127 255 255 134 255 0 84 247 0 172 237
    119 184 228 255 198 0 30 255 0 184 255 255 0 148 0 255 149 0 0 113
    30 0 0 115 255 0 222 141 28 113 255 255 2 0 0 178 255 255 130 0 255
    0 238 89 113 55 12 0 0 101 7 215 255 255 0 255 220 255 45 188 255 15
    136 64 13 242 231 255 114 0 255 129 111 0 87 189 124 54 12 99 242 0
    255 0 255 255 62 146 0 86 249 90 172 157 2 0 217 13 255 40 14 255 86
    117 0 0 255 30 255 29 206 255 0 212 0 91 220 191 98 73 0 255 168 201
    255 167 0 255 95 85 87 0 0 141 255 134 78 255 255 140 39 255 255 189
    183 255 255 235 0 255 81 255 0 0 117 0 255 106 231 108 0 142 255 255
    255 102 255 176 96 73 210 150 18 212 53 251 100 255 255 0 193 56 177
    255 255 123 0 255 136 40 121 0 148 0 214 178 59 52 240 0 0 125 255
    164 232 0 221 129 48 255 255 12 47 209 255 184 190 255 0 20 102 208
    16 173 178 255 0 11 189 147 160 0 0 114 0 188 255 176 74 65 47 198 0
    0 71 0 63 3 118 39 33 189 190 0 95 53 0 61 82 25 111 0 40 215 126 47
    255 70 73 35 255 0 202 255 255 187 214 83 227 37 99 0 255 70 77 255
    255 16 18 143 255 0 255 255 89 52 83 0 201 171 23 255 242 0 29 61 63
    67 64 78 255 0 67 147 233 75 255 40 236 197 241 206 160 90 98 71 154
    0 12 31 128 173 0 62 255 0 213 255 113 39 68 252 120 242 150 247 255
    131 132 255 117 255 77 255 211 0 248 3 251 111 21 0 151 4 126 157
    249 225 202 108 178 0 227 235 255 9 0 4 154 0 129 53 61 55 0 189 2 0
    255 214 76 104 255 255 5 244 39 221 255 165 146 157 246 64 35 255
    170 0 255 246 193 255 255 255 255 0 85 247 0 58 124 0 0 255 148 255
    122 0 42 206 66 0 58 94 129 175 102 186 183 98 0 255 10 255 237 20
    204 34 180 255 255 153 255 7 0 224 120 255 203 0 235 0 207 200 52 85
    104 205 34 255 35 127 238 210 255 201 96 175 49 0 0 255 123 126 229
    255 0 233 51 255 128 78 255 36 123 0 137 231 0 237 234 160 26 182 69
    176 123 0 0 23 237 152 136 195 157 180 123 255 232 0 22 35 234 112
    115 255 0 14 0 60 0 0 255 0 0 208 0 41 74 0 0 255 255 0 116 255 236
    0 75 0 73 194 41 19 119 255 0 56 81 0 44 170 170 52 255 186 21 111
    132 136 53 83 103 0 255 113 101 78 213 0 32 159 0 255 248 255 99 255
    0 59 137 121 251 120 255 255 208 31 198 39 89 89 99 87 255 151 0 255
    72 67 30 0 217 0 0 227 192 0 0 67 80 188 215 0 31 0 0 113 45 255 0
    255 93 0 146 156 0 255 175 253 20 223 161 242 255 155 255 217 45 0
    255 83 249 0 44 255 249 52 67 0 117 17 255 71 77 255 0 114 0 0 0 0 0
    255 204 91 139 26 247 195 255 38 105 228 74 238 201 255 208 255 0 0
    255 255 0 196 35 255 0 20 255 214 51 226 69 0 255 140 247 109 79 213
    7 255 170 255 0 201 107 110 161 0 83 255 112 255 99 161 255 0 221 16
    17 255 23 0 38 184 255 44 0 246 0 0 255 255 100 144 101 0 128 255 43
    176 114 150 56 5 203 34 182 4 145 71 223 0 0 153 252 25 255 223 0
    255 131 2 255 73 0 255 204 15 255 210 255 11 219 97 168 110 0 44 0
    243 255 0 112 255 255 100 0 0 0 0 178 182 255 0 0 255 84 255 81 23
    192 0 95 0 53 223 255 0 27 105 26 163 255 255 193 0 0 255 43 35 255
    0 90 255 226 145 20 0 101 23 177 102 220 0 196 198 96 127 5 55 227
    54 0 0 150 191 132 117 246 13 211 255 153 255 176 212 0 182 255 0 94
    255 68 145 255 251 0 20 0 58 52 81 255 188 200 0 71 196 23 0 231 78
    255 230 0 51 140 0 0 55 23 0 0 0 45 0 255 0 176 142 176 237 0 0 172
    26 66 255 0 0 255 255 71 144 0 54 27 59 0 213 54 254 176 0 67 46 171
    39 255 200 59 6 0 0 30 255 202 151 6 0 0 111 0 29 7 122 0 255 0 0
    255 0 0 85 255 106 255 255 205 255 255 204 255 255 81 161 251 230 38
    89 179 150 0 188 163 255 255 75 16 255 255 175 174 255 219 255 255
    134 0 55 7 16 66 22 17 142 169 90 255 175 179 168 221 255 215 228 31
    58 238 0 86 251 0 186 225 0 0 143 255 66 255 255 255 49 0 212 0 255
    26 255 189 77 0 147 116 89 255 0 106 255 173 156 255 243 182 152 251
    134 201 57 156 209 12 0 187 96 59 255 171 0 96 214 255 235 111 142
    147 64 253 222 61 0 255 0 148 121 0 252 148 227 255 174 14 255 255 0
    0 0 225 56 64 0 0 128 0 0 255 54 255 255 40 106 0 132 243 129 207 80
    108 255 171 158 74 255 31 227 120 105 138 0 255 230 142 124 30 255
    255 64 236 41 255 175 255 167 93 208 229 230 197 195 0 167 86 24 0
    255 80 219 46 255 255 0 129 246 153 210 230 0 119 153 148 144 75 252
    0 226 0 141 39 231 175 0 192 173 147 0 32 0 86 247 44 213 22 177 201
    224 252 192 255 0 255 198 28 255 64 255 207 180 194 223 35 143 255
    228 252 6 46 22 1 147 255 0 99 109 23 91 150 255 255 57 22 189 255 0
    198 224 100 61 0 0 229 0 122 223 235 255 234 61 131 251 14 124 110
    236 43 94 132 75 222 255 255 33 158 130 139 114 81 0 209 0 0 38 16
    250 255 217 33 218 0 0 255 104 103 109 0 0 166 66 200 169 0 101 56
    231 106 247 222 83 234 136 151 146 207 236 0 154 0 187 255 255 255
    255 237 0 76 255 173 220 255 188 221 0 0 255 126 0 46 255 255 0 19
    175 0 192 255 16 177 180 162 0 0 65 94 0 211 0 212 91 100 148 0 8 0
    148 0 105 166 63 255 0 36 255 0 0 124 178 210 255 218 255 168 42 178
    15 214 255 253 0 61 1 0 136 198 249 255 255 80 36 16 177 176 224 200
    255 106 9 0 0 244 227 194 255 255 188 196 255 0 251 135 184 134 255
    201 0 176 176 0 12 246 255 255 1 75 255 127 155 0 0 194 85 27 16 107
    0 0 152 108 7 195 211 138 0 58 78 0 0 0 0 9 0 60 237 90 223 255 0 0
    255 0 0 131 126 91 0 55 255 131 77 202 255 170 242 13 238 255 66 156
    22 0 54 255 115 106 255 88 255 54 0 16 117 236 181 0 222 97 0 178
    255 0 237 54 0 100 154 0 188 0 0 0 87 0 18 0 183 199 225 0 43 93 255
    184 251 160 232 218 0 186 140 218 0 0 0 241 207 0 67 172 160 255 202
    75 71 74 63 0 0 71 238 255 16 75 255 56 48 96 50 28 49 186 123 107
    60 255 94 162 164 128 255 0 173 42 0 174 24 255 255 173 0 0 0 255
    255 146 143 184 129 0 134 0 255 0 16 255 37 255 17 0 0 0 133 196 159
    173 255 35 127 242 129 255 82 43 136 129 225 72 75 85 0 0 40 155 224
    185 255 13 86 255 225 188 130 76 255 255 0 245 0 0 136 97 0 255 227
    53 255 255 12 61 72 0 108 0 138 255 0 255 0 255 178 12 47 255 215 0
    255 255 85 0 7 0 0 85 255 0 125 225 152 0 146 255 89 123 7 110 68
    119 175 59 111 255 124 92 41 246 0 0 255 255 195 255 246 73 203 198
    68 255 126 192 46 255 226 3 255 127 2 228 0 131 52 25 244 115 255 0
    0 140 220 61 196 235 73 0 0 0 255 230 101 250 0 255 0 255 51 36 21 0
    88 80 225 255 187 255 158 56 255 42 138 0 0 159 255 104 32 123 151
    141 255 193 0 255 0 0 0 255 245 186 253 170 145 255 153 222 23 33 50
    152 118 43 9 255 222 10 255 255 0 114 0 119 0 255 0 0 0 255 255 255
    78 228 0 103 255 13 199 255 229 0 255 252 199 255 0 0 0 0 142 96 87
    222 92 136 4 68 2 187 0 255 191 247 162 155 34 255 132 255 216 191 0
    0 8 168 255 136 255 136 115 0 85 130 0 170 61 76 255 9 0 247 42 21
    13 80 230 121 222 0 255 0 182 255 246 104 240 96 9 0 53 98 0 243 255
    164 55 255 245 0 204 0 0 0 226 38 191 34 35 159 250 150 240 168 149
    104 255 255 77 255 255 209 255 255 226 0 222 0 0 254 0 255 147 228
    68 86 96 116 0 138 14 188 0 16 255 255 56 0 255 137 208 255 0 255
    255 142 174 0 180 174 174 0 255 159 237 183 0 0 255 189 255 93 255
    191 0 255 177 110 237 168 255 10 255 144 79 0 205 255 245 252 169
    136 125 77 93 0 207 0 57 227 255 185 255 45 113 255 255 170 0 154 18
    0 0 26 229 0 223 0 0 255 151 107 255 255 255 16 0 0 75 81 241 177 0
    255 0 0 255 255 125 0 108 8 166 33 237 152 240 62 255 149 240 93 206
    46 0 248 48 255 255 231 0 212 217 30 3 244 117 0 0 138 0 42 24 255
    147 156 224 218 0 149 207 17 247 81 104 167 26 0 33 69 0 230 230 22
    0 234 255 172 150 38 243 59 0 175 246 133 48 220 207 255 104 216 0
    64 58 164 0 153 255 0 59 255 202 174 104 127 255 227 255 79 144 234
    255 196 0 252 255 71 255 111 245 50 218 0 255 255 57 152 133 203 255
    71 126 255 7 152 191 124 0 255 159 0 255 255 205 115 231 60 255 50
    212 255 25 255 145 255 255 0 89 245 208 55 3 0 210 65 0 255 94 0 71
    0 75 20 175 145 255 169 135 7 184 163 181 255 255 114 0 255 194 255
    0 132 252 13 234 0 13 30 19 51 128 121 0 0 171 246 135 115 255 255
    32 214 255 241 0 204 204 30 0 33 0 227 255 207 138 100 21 211 123
    207 255 217 0 255 255 116 0 255 200 255 255 178 0 159 122 213 134 0
    0 0 0 0 0 0 227 151 190 0 255 255 0 255 148 255 0 255 255 72 226 63
    0 240 128 2 245 118 255 6 161 0 0 228 101 0 242 0 0 89 251 17 255 20
    115 73 0 138 255 156 0 177 0 0 144 116 0 255 133 255 0 225 16 0 166
    188 173 113 109 225 35 0 217 0 12 97 0 255 0 200 175 70 78 255 147
    255 178 0 0 255 33 78 255 0 184 0 177 183 205 255 177 0 0 104 39 170
    176 170 255 0 255 196 47 255 0 5 0 255 0 238 3 2 184 52 222 0 253
    172 255 0 42 176 186 0 226 188 0 187 255 152 123 137 0 62 255 27 57
    166 219 255 36 217 0 222 234 0 216 154 255 118 97 0 255 24 0 255 0
    174 184 255 255 118 255 37 223 203 255 0 254 255 90 0 59 0 96 44 108
    0 115 70 85 100 0 255 255 154 0 255 0 153 0 112 0 255 37 218 0 69
    255 255 217 255 0 217 65 15 252 0 131 255 23 255 255 25 255 172 255
    45 255 255 255 199 0 255 144 92 31 196 148 255 124 0 12 0 34 153 101
    255 0 255 0 151 131 184 255 129 166 255 0 0 17 10 132 0 161 156 255
    0 26 0 98 255 4 255 57 176 0 63 80 1 217 255 41 229 0 85 19 161 1 26
    255 255 248 255 200 105 0 85 255 29 255 106 217 0 255 255 70 156 99
    98 23 255 201 52 224 255 255 255 46 193 255 25 0 138 83 121 254 188
    0 0 255 108 120 255 0 193 231 14 219 255 255 255 128 0 255 45 0 0 0
    107 88 255 14 0 161 108 12 177 255 145 0 0 192 238 230 8 240 64 19 0
    254 255 0 138 90 255 4 156 132 176 248 3 157 218 126 0 9 255 130 190
    169 0 114 237 0 79 208 0 0 193 103 88 255 155 27 0 143 0 200 0 113
    56 85 213 1 96 0 0 158 255 179 24 41 0 0 246 53 53 188 100 0 255 0
    100 201 255 16 0 198 210 234 67 71 135 162 247 255 127 196 255 255
    151 55 222 246 0 0 27 159 0 255 209 0 233 138 255 125 213 157 165
    255 128 66 0 134 0 90 226 70 128 140 237 183 194 112 77 116 175 255
    39 0 214 133 0 135 87 63 178 255 255 255 255 27 185 241 40 7 233 255
    242 101 132 158 112 133 164 255 0 156 80 215 68 134 25 117 255 198
    124 148 244 255 32 130 255 0 78 255 0 125 58 219 170 255 75 255 53
    128 255 255 0 73 250 0 51 44 219 255 26 32 170 138 183 125 255 39
    185 169 0 0 117 31 255 255 53 255 85 185 255 0 171 33 31 255 9 55
    255 39 162 0 45 255 95 43 0 255 219 139 236 188 51 172 78 55 74 255
    16 23 255 176 211 255 167 12 22 255 0 0 255 193 127 0 0 167 255 207
    255 255 255 100 112 41 159 15 0 255 255 247 169 24 80 144 87 11 28 0
    255 54 255 0 255 247 0 234 90 241 254 184 139 221 205 0 0 38 206 124
    5 32 221 12 255 23 255 0 171 12 255 0 0 255 0 0 58 0 186 250 140 212
    0 237 235 132 58 6 189 255 142 0 0 255 251 255 225 55 166 3 47 0 34
    0 255 189 196 0 201 255 250 126 202 255 40 114 153 0 192 255 91 0
    181 155 89 103 255 89 0 255 217 106 41 255 255 255 255 62 54 15 0 58
    100 124 87 191 255 255 208 173 255 255 255 241 252 44 255 0 255 255
    0 255 251 122 30 168 53 59 0 255 255 255 0 81 255 0 255 213 255 0 0
    255 145 20 215 255 162 180 255 94 168 0 255 3 142 32 255 0 86 129 69
    255 0 0 191 255 255 255 164 175 255 255 113 14 255 252 169 255 0 223
    138 255 218 91 118 255 239 0 33 248 182 0 255 193 0 255 112 87 202
    166 240 63 206 255 255 0 208 255 134 223 45 252 192 239 110 0 224 74
    0 255 116 0 220 55 198 232 0 255 185 16 20 0 0 0 0 158 255 255 161
    134 255 128 182 0 28 0 255 136 190 0 168 255 183 172 66 206 37 92
    169 216 219 0 210 172 76 255 93 118 0 255 208 0 182 72 0 131 193 167
    255 168 206 54 0 0 152 255 0 27 188 99 255 255 178 88 146 103 194
    255 182 255 31 22 255 209 255 0 129 0 75 29 96 36 204 255 248 99 170
    101 226 43 189 162 140 255 22 153 40 157 121 148 104 237 255 218 60
    17 145 0 56 0 0 48 147 7 31 255 255 130 255 132 170 234 0 0 0 217
    222 36 229 51 141 191 255 249 228 255 56 228 255 255 0 139 255 141
    255 44 127 162 0 155 215 0 0 67 1 170 0 134 0 255 255 165 0 152 0 43
    58 224 0 161 170 0 252 255 182 203 38 17 25 255 43 0 138 64 255 52
    255 255 10 0 243 216 255 116 193 0 105 226 230 0 255 10 0 0 69 75 27
    128 50 255 138 56 198 102 6 255 254 7 248 78 139 215 0 150 255 146
    116 61 110 135 251 0 0 255 37 62 24 161 64 213 0 110 30 255 196 243
    81 49 0 2 255 255 0 77 249 255 9 133 113 122 255 77 217 255 191 34
    255 255 119 0 3 0 42 0 58 241 144 0 255 74 255 27 0 24 255 255 63
    251 0 255 215 18 136 18 85 177 215 62 140 52 202 101 163 49 193 255
    255 117 255 160 0 155 255 210 158 0 0 64 255 219 0 14 228 138 64 194
    53 190 0 191 175 0 206 0 53 170 0 113 0 255 56 141 53 56 0 66 33 59
    123 0 203 183 0 194 0 0 0 255 45 89 93 255 77 4 76 131 0 31 255 0
    170 255 49 83 167 100 6 168 255 218 229 92 40 255 169 112 194 255
    245 0 0 255 182 174 92 130 77 34 255 0 0 13 137 23 0 175 32 255 0 30
    49 164 32 255 64 85 167 120 19 109 0 124 64 86 53 193 148 254 218
    255 56 0 128 71 0 221 246 0 190 157 46 52 0 65 255 255 4 37 178 255
    0 9 127 107 255 134 255 255 207 214 94 231 198 0 42 11 255 185 255
    73 0 0 23 214 255 113 237 255 92 0 66 139 237 255 17 224 184 0 176
    230 255 40 255 34 230 128 222 171 0 4 206 184 70 255 119 0 66 0 89
    255 239 255 86 40 0 0 255 255 96 38 255 63 0 255 255 255 17 255 171
    0 0 186 0 0 0 0 240 220 199 215 178 0 140 84 37 255 34 140 255 99
    255 255 0 44 0 3 0 49 142 55 25 94 0 0 255 0 29 0 228 3 0 255 114
    255 0 6 159 57 214 255 255 23 107 255 127 207 207 255 182 175 0 122
    217 0 187 108 71 185 27 255 79 88 172 255 115 60 37 22 140 8 255 225
    40 0 241 248 87 255 209 38 152 161 99 114 18 31 255 127 206 118 29
    46 0 181 175 31 28 227 111 0 64 152 98 0 230 0 0 182 0 255 242 0 29
    216 147 57 110 0 0 0 116 255 0 0 255 119 0 207 255 60 109 0 167 0
    164 8 25 218 111 255 0 0 236 46 159 255 78 104 184 218 125 149 169
    255 245 252 255 234 144 255 255 0 19 229 255 255 0 255 77 105 117 87
    122 172 38 105 0 193 255 255 152 215 104 255 79 202 47 255 38 0 37 0
    156 255 236 0 85 0 229 97 255 2 255 15 247 86 98 0 0 0 133 113 114
    176 0 255 172 190 170 87 81 0 135 0 255 120 255 250 185 171 32 65
    160 209 5 255 0 238 221 195 227 0 134 237 0 132 255 249 218 219 105
    82 133 255 0 203 239 164 255 0 223 255 138 223 41 255 255 255 252
    255 0 0 0 0 255 255 240 193 255 111 104 255 0 255 255 167 0 145 255
    88 0 255 131 255 24 96 121 255 243 153 41 190 0 19 255 83 105 179 3
    255 0 211 0 0 237 83 255 157 192 4 209 136 0 255 133 191 70 107 55 0
    255 255 0 51 230 217 30 163 255 58 0 255 94 233 138 217 219 247 0 0
    58 0 232 0 34 202 27 255 80 0 78 236 19 112 0 254 124 219 76 14 206
    99 0 40 251 255 221 15 0 26 192 142 135 255 199 0 55 255 0 255 83 0
    0 99 255 0 255 74 128 52 78 0 227 59 177 248 141 246 255 0 255 0 0 0
    255 0 96 190 255 33 26 193 50 0 211 206 8 244 227 172 123 121 255
    151 98 255 12 227 0 40 0 169 0 14 249 255 85 255 0 162 241 0 255 86
    169 183 0 169 255 255 233 241 108 228 255 0 134 215 44 176 53 204
    151 0 255 0 0 126 0 170 199 0 0 0 65 118 177 1 0 10 77 133 106 255 0
    216 255 83 238 186 51 0 0 213 27 255 19 255 255 104 89 72 13 255 0
    92 255 255 0 255 0 255 14 24 255 0 239 94 244 21 0 255 72 53 221 255
    169 24 255 255 255 35 242 172 19 255 192 12 101 151 0 224 10 255 137
    76 0 0 255 0 91 0 128 105 0 207 8 0 0 158 255 141 179 255 127 48 78
    226 0 255 27 255 0 67 117 0 255 49 189 222 109 253 152 255 0 255 0
    231 148 202 173 58 240 166 0 28 255 0 101 0 255 206 129 144 255 255
    49 0 134 69 88 255 164 36 220 15 255 14 123 236 255 218 190 226 138
    255 106 0 171 90 59 255 116 0 115 135 211 99 0 164 132 0 0 0 175 0
    101 70 0 8 61 131 255 221 53 255 60 64 137 46 173 255 255 255 179 0
    154 208 47 155 0 252 42 255 255 248 20 186 219 2 0 255 112 197 143
    47 255 193 255 255 255 174 0 54 152 96 56 214 255 177 255 163 255
    243 0 0 255 152 152 153 255 15 0 214 104 18 0 75 25 184 255 231 112
    0 31 40 255 0 255 83 0 179 169 26 224 0 0 48 232 255 92 255 90 0 80
    255 168 192 0 234 0 255 248 201 221 43 39 138 109 255 255 3 36 67
    104 0 255 229 255 209 0 0 181 255 255 255 255 255 56 86 39 77 0 255
    12 99 176 81 13 117 145 60 194 124 225 123 125 0 14 143 198 176 137
    212 246 41 198 255 0 45 24 117 107 238 125 0 186 214 146 44 100 7
    178 255 254 0 0 84 241 39 239 88 255 255 255 238 225 139 0 0 21 91
    237 0 0 255 208 146 138 201 207 177 239 0 37 40 0 0 52 158 120 255 0
    0 81 172 0 0 0 255 61 217 255 255 0 100 0 165 0 67 0 208 194 127 52
    161 100 202 8 0 221 37 0 5 37 0 37 125 162 55 30 255 40 20 0 167 206
    208 239 113 149 10 28 143 217 104 41 255 3 0 0 70 105 191 220 255
    113 172 169 54 0 219 34 93 0 247 0 154 131 38 110 255 147 20 255 0 4
    0 0 255 0 0 246 194 39 168 0 118 255 213 141 52 0 255 42 10 255 186
    250 122 0 0 126 78 183 0 64 0 255 96 0 88 235 248 39 65 206 19 255
    74 46 190 0 155 20 0 246 190 73 255 40 255 0 157 55 0 172 0 49 132
    255 255 0 255 255 34 0 248 250 101 130 108 17 255 148 105 0 255 0 0
    255 110 234 77 132 27 51 255 85 135 205 99 255 61 34 0 165 186 37
    255 23 255 255 243 63 98 255 255 65 0 62 255 255 59 32 230 57 104 0
    130 0 233 255 198 0 34 0 0 209 45 0 255 226 46 255 0 255 255 154 255
    245 34 17 0 78 255 22 134 170 255 0 237 139 255 178 241 255 255 0
    156 255 0 94 152 217 0 18 206 255 137 255 255 13 0 0 195 186 0 0 216
    207 158 163 255 48 214 241 0 0 0 255 6 255 224 170 255 186 255 235
    176 136 255 151 102 255 211 42 0 22 203 0 0 22 0 60 0 255 162 0 8
    169 231 185 150 0 255 53 255 0 115 21 225 204 205 0 0 149 0 0 255 11
    124 255 98 255 106 4 0 0 243 78 49 185 157 255 135 12 89 169 212 0 5
    16 0 245 32 99 255 54 255 255 201 0 162 160 255 255 255 95 0 52 92
    63 255 255 255 255 255 255 163 0 255 22 96 0 255 0 205 255 166 226
    131 105 61 118 255 170 255 136 0 239 95 0 156 13 192 44 255 118 173
    255 17 255 0 0 255 103 74 162 0 255 112 180 80 0 237 130 137 93 233
    51 251 0 139 221 23 82 105 168 227 0 255 80 255 255 0 255 22 255 158
    198 160 255 0 255 0 95 74 105 209 255 255 0 210 98 144 88 62 64 0
    210 86 255 24 38 184 114 25 28 0 226 153 112 249 52 85 0 255 204 175
    255 6 60 95 59 189 217 245 0 128 129 0 222 253 255 223 127 40 0 126
    51 255 255 255 17 54 255 186 176 0 84 0 0 12 15 0 136 0 107 216 255
    255 255 239 219 255 238 255 101 76 255 205 80 200 198 255 149 0 0
    255 7 86 255 255 157 39 0 166 0 0 203 0 0 115 201 206 255 174 209
    225 255 44 0 24 108 27 60 67 0 149 22 203 128 119 172 0 255 218 23
    58 163 148 144 28 8 0 255 0 237 223 25 255 255 0 150 169 137 187 255
    224 12 152 181 113 255 255 61 181 0 175 7 48 93 0 0 0 249 0 255 255
    255 63 10 255 187 19 57 0 0 152 126 144 30 20 0 255 123 221 126 255
    255 0 66 0 196 255 61 64 155 0 144 28 126 4 255 165 104 255 95 255
    255 68 106 0 83 187 93 153 255 46 48 213 255 245 8 255 211 204 255
    255 142 133 255 224 255 88 255 0 255 255 0 40 136 255 87 255 0 36
    122 181 23 206 61 254 208 255 255 0 189 255 255 0 72 0 102 255 203
    78 255 85 255 107 53 0 99 20 64 164 255 249 2 204 63 156 141 206 5 0
    255 0 0 167 104 214 0 118 143 133 255 33 0 207 255 88 22 213 107 0
    203 255 164 255 113 88 182 105 148 255 159 50 201 150 255 255 0 80
    86 49 255 255 0 30 0 136 0 99 255 0 35 0 112 255 77 225 99 88 255
    101 11 255 75 255 182 0 0 139 0 140 35 44 0 243 95 143 83 232 0 198
    164 194 173 0 255 245 57 107 0 198 91 107 182 0 155 150 139 91 30
    255 255 255 255 11 224 71 0 255 255 179 182 255 235 32 255 106 116 0
    107 48 170 0 87 255 143 255 8 255 34 0 222 255 46 39 81 255 255 0
    195 1 247 95 198 90 237 255 203 0 255 255 117 37 148 255 115 20 255
    229 0 255 125 255 188 27 156 251 255 35 36 0 244 95 164 105 160 52 0
    0 0 129 0 255 0 4 0 118 211 86 245 0 255 152 255 11 0 58 128 218 255
    255 8 30 0 37 189 0 0 255 189 44 249 121 121 207 0 0 211 189 170 122
    0 0 163 255 74 227 255 255 255 138 94 221 63 22 255 0 141 0 135 213
    88 0 139 0 248 255 0 255 121 255 206 255 0 34 255 255 229 255 0 152
    18 5 0 255 255 119 115 127 102 255 255 0 164 25 255 9 146 255 96 72
    148 255 255 65 0 255 161 0 0 27 182 220 0 87 0 255 255 0 255 255 199
    255 0 51 18 107 0 255 0 87 217 33 255 14 209 255 0 0 255 240 157 167
    13 141 203 88 165 128 235 234 192 0 205 17 255 255 142 255 0 73 223
    156 52 255 195 255 255 184 185 7 181 255 255 253 255 149 243 188 0 0
    55 104 255 0 77 204 175 46 107 58 94 255 0 255 15 255 0 0 107 255
    115 200 0 255 255 0 15 255 255 0 207 0 0 134 255 119 221 46 214 255
    182 130 23 0 174 0 255 255 31 0 61 255 32 212 0 190 203 118 127 27
    255 136 132 75 0 233 169 255 236 0 49 255 15 237 0 124 69 114 117 54
    36 255 230 255 0 210 255 194 0 0 25 141 66 34 255 197 20 214 142 27
    0 64 167 255 209 0 105 40 86 120 36 0 6 132 144 71 0 191 255 0 10 94
    205 255 255 184 26 76 0 0 106 77 0 202 224 255 0 0 162 18 59 0 137
    212 70 53 26 0 255 204 141 255 255 255 135 14 255 255 244 12 111 254
    1 15 0 171 0 134 0 163 255 222 207 201 205 27 255 0 255 223 220 201
    108 46 255 0 127 168 88 128 0 12 255 156 176 255 22 0 0 227 19 255
    184 0 255 151 229 185 113 2 38 199 0 255 169 0 0 0 28 255 150 161 86
    244 97 0 0 0 0 31 155 139 136 25 152 15 35 255 19 76 0 0 170 248 255
    31 50 255 255 203 219 124 129 255 113 255 255 255 100 84 177 237 0
    238 0 85 52 199 0 0 208 156 0 237 130 105 166 255 174 234 0 0 0 214
    182 0 36 165 248 255 255 103 129 205 57 159 53 83 187 197 118 18 198
    0 158 209 255 255 148 255 202 0 0 78 255 50 0 0 158 125 103 125 255
    146 147 0 255 215 0 29 186 16 209 91 92 0 93 77 238 250 159 84 43 0
    135 109 155 255 12 0 32 38 94 12 255 162 45 160 43 82 105 121 255
    194 39 10 39 255 255 255 134 236 150 55 102 185 255 0 221 208 10 151
    107 100 208 14 153 245 255 0 230 255 0 0 255 194 35 32 255 255 66 0
    255 255 255 255 199 123 202 255 255 132 41 79 0 185 85 146 151 14
    135 255 0 0 236 18 202 255 235 148 37 255 255 0 0 255 26 0 57 71 211
    255 2 185 0 45 0 0 255 255 0 208 255 55 255 245 33 195 191 82 255 79
    92 0 255 37 168 255 31 158 0 196 167 19 0 197 255 164 119 132 132
    154 103 255 189 2 66 85 255 5 169 140 255 208 102 71 14 62 190 24
    139 204 232 164 255 147 132 0 247 14 61 98 0 2 223 255 167 0 0 143 0
    78 255 0 250 0 117 255 255 0 96 255 0 0 13 155 59 126 69 241 187 8
    20 255 0 254 10 255 170 233 164 81 85 255 234 96 255 189 79 133 7
    255 195 255 255 0 255 1 0 195 0 0 46 255 0 236 0 84 142 0 182 173
    223 239 240 0 65 255 0 0 255 0 102 254 140 0 186 255 0 255 170 113
    38 85 255 255 0 172 75 0 61 255 151 255 152 67 255 149 178 255 0 142
    151 0 136 255 0 68 0 7 0 255 128 74 166 0 196 14 205 0 255 0 13 249
    255 255 255 57 126 49 211 255 255 228 51 0 38 65 101 255 255 99 225
    49 255 4 201 23 0 0 212 252 47 8 0 217 76 70 175 181 142 241 141 30
    0 93 255 0 255 59 206 235 0 0 69 0 0 255 255 81 207 0 97 106 5 255
    202 6 255 169 0 47 0 0 126 130 235 63 185 227 235 195 149 109 196
    107 40 101 95 255 189 255 255 201 0 232 120 78 0 0 41 50 255 255 255
    255 29 0 0 163 165 233 93 198 243 255 104 0 217 73 128 255 54 0 38
    187 179 207 59 208 132 255 255 255 230 72 255 141 18 0 92 0 169 0 0
    4 116 220 239 177 124 255 255 97 255 132 0 227 103 168 127 129 136
    187 255 139 221 226 0 125 0 134 0 92 95 0 159 59 75 0 73 157 212 175
    57 0 247 255 0 255 252 111 0 255 148 255 172 115 41 255 171 255 24
    255 23 255 194 255 199 235 28 72 0 0 0 97 167 0 255 145 0 255 61 0
    242 255 16 0 183 255 57 36 73 13 128 240 150 0 253 0 43 0 127 255
    255 255 199 249 174 234 193 113 255 97 161 0 255 255 227 116 255 240
    255 255 255 159 255 202 39 170 0 226 59 52 200 84 143 48 0 168 57
    110 62 0 201 79 255 255 146 0 53 255 0 201 87 0 255 103 5 176 0 62 0
    236 45 0 255 36 0 131 23 69 214 0 0 220 175 154 125 255 255 172 21
    168 140 242 255 136 116 240 105 84 255 31 146 255 0 255 0 117 255 33
    25 0 13 125 120 181 0 255 230 46 239 0 255 57 0 93 96 204 138 255
    255 0 68 25 200 245 160 0 0 212 100 0 137 255 242 255 0 81 240 140
    141 0 229 133 0 123 114 164 255 124 117 173 166 255 194 0 0 203 0 47
    255 132 0 165 254 0 138 255 176 255 255 179 202 167 242 51 255 118
    119 255 114 190 120 0 0 240 81 135 255 251 116 227 255 183 136 255 0
    216 0 255 149 116 255 172 1 1 0 255 0 107 187 0 255 219 129 229 255
    126 175 50 124 66 0 103 74 0 255 31 59 255 44 0 249 255 35 240 241
    118 255 0 255 255 0 0 76 0 0 0 0 0 35 255 127 185 206 137 220 252
    245 13 0 0 190 173 0 192 0 0 165 255 128 255 159 0 179 202 39 0 21
    255 117 130 255 10 255 27 116 255 255 51 242 255 128 255 0 255 52 35
    193 22 233 252 255 0 255 0 204 248 119 37 0 255 109 9 199 177 238 75
    7 0 241 255 202 63 58 0 0 255 210 131 137 213 211 255 45 255 115 209
    62 53 252 247 215 170 255 100 147 241 0 122 79 170 143 255 210 0 18
    46 255 211 151 101 255 255 227 234 255 0 0 121 255 195 0 0 247 204 0
    0 239 0 255 29 236 229 220 106 235 59 210 143 0 0 0 43 53 139 87 210
    155 217 242 217 1 233 27 156 111 223 220 115 255 99 99 161 80 130
    143 255 200 122 255 210 0 5 255 160 201 10 111 255 48 188 100 76 113
    54 65 0 103 255 183 0 255 167 86 245 255 255 0 249 255 62 255 86 243
    227 0 66 6 0 183 0 0 255 97 0 53 255 45 190 203 201 0 78 0 42 254
    130 72 108 239 0 255 203 68 211 135 19 0 34 170 0 32 255 110 74 105
    84 184 211 61 255 109 92 0 74 255 0 170 255 182 152 255 0 173 255 0
    255 0 255 140 27 238 255 191 132 39 255 0 255 158 223 33 144 155 160
    109 255 144 9 55 255 0 0 255 0 17 135 94 0 128 65 255 13 10 241 108
    230 72 254 255 190 177 164 1 178 30 114 255 212 247 255 0 0 232 0
    203 255 49 255 162 255 105 56 112 66 56 143 0 0 6 255 255 204 0 0
    126 88 34 0 0 207 255 194 255 108 0 63 0 173 23 38 0 255 178 183 35
    255 0 242 159 63 12 0 51 141 146 247 115 255 255 255 255 0 56 221 0
    79 62 237 30 180 225 255 255 161 172 74 53 255 59 255 219 255 245
    122 153 208 0 131 174 1 213 41 255 196 255 132 2 255 191 255 44 211
    186 131 74 25 255 0 158 255 0 93 250 0 0 255 186 58 255 126 0 55 176
    163 26 65 191 110 178 243 0 255 179 67 122 145 255 0 255 219 140 255
    0 255 154 0 255 255 255 255 0 92 255 36 55 113 255 2 28 130 32 0 255
    13 106 255 191 249 180 111 183 32 154 155 0 121 225 58 44 135 148
    255 0 114 255 0 255 0 248 75 38 203 116 212 255 0 255 0 206 121 170
    3 37 187 0 131 239 111 200 107 180 0 255 198 255 225 0 168 0 129 255
    0 177 195 255 255 255 242 112 0 180 0 187 255 255 255 73 96 204 9
    200 39 193 55 0 255 234 155 0 0 152 166 241 32 255 190 0 71 0 147 87
    0 108 101 221 234 0 255 255 0 76 76 132 25 0 196 0 7 88 255 177 16
    255 221 162 255 247 60 12 77 0 215 255 255 41 153 255 255 202 255
    147 255 59 122 30 246 0 110 149 224 135 239 18 255 0 255 255 127 156
    19 146 204 190 252 203 23 8 223 107 88 255 17 223 255 100 66 0 230
    162 255 255 95 0 187 127 92 174 90 108 115 255 242 255 223 140 218
    157 255 202 149 255 200 199 108 165 13 0 255 25 225 246 0 0 216 133
    29 176 185 255 170 243 79 196 205 57 48 221 202 141 17 154 107 254
    46 138 255 196 160 0 119 117 115 47 233 50 255 98 255 226 81 86 219
    178 72 135 255 161 148 0 0 0 107 194 255 0 255 89 64 255 84 0 255
    213 193 255 151 255 130 196 255 210 0 15 0 41 46 210 98 102 159 0
    186 101 194 255 0 251 53 163 0 0 211 166 198 22 230 255 250 255 139
    0 255 66 75 255 97 121 128 0 165 235 144 0 56 255 0 0 255 41 0 124
    101 199 63 68 143 11 255 8 255 218 114 65 6 0 246 215 144 196 66 0
    16 94 168 149 0 116 0 38 255 0 220 0 0 0 0 255 0 81 255 170 37 155
    255 0 220 247 50 0 68 237 255 203 7 255 239 230 255 255 17 255 99 34
    167 140 11 14 0 120 75 0 21 86 0 0 0 255 0 0 245 0 247 5 120 0 0 37
    116 180 52 85 123 35 8 97 34 255 124 235 179 0 0 255 136 187 69 255
    241 0 243 46 0 57 21 223 177 48 48 0 91 27 230 52 62 255 255 52 255
    0 8 100 50 220 0 176 45 0 134 0 255 0 255 255 0 0 0 224 20 111 255
    242 255 8 50 186 163 255 50 0 56 26 229 151 130 204 179 255 163 176
    62 64 0 0 230 218 146 75 255 230 255 116 97 255 114 46 94 32 255 0
    234 87 113 164 93 174 255 0 92 139 13 129 177 53 255 138 56 247 255
    43 79 143 0 82 78 0 106 35 0 12 199 227 77 0 183 133 0 0 255 250 114
    216 166 179 33 230 163 84 0 149 255 0 161 168 179 0 0 173 255 68 233
    148 255 0 255 255 97 40 145 181 255 240 166 255 0 181 255 41 116 111
    179 0 119 18 35 121 0 255 193 250 77 0 131 180 0 129 234 37 112 171
    144 160 109 0 215 54 218 255 67 0 255 255 0 255 114 136 240 43 46
    202 0 187 229 255 0 255 174 0 0 48 200 0 233 66 91 42 0 0 141 243 1
    148 210 135 1 0 0 96 44 114 0 189 255 226 232 255 13 156 151 190 217
    185 143 248 35 106 96 0 255 248 96 110 255 97 0 52 255 0 255 85 23
    145 61 143 255 255 255 41 105 0 165 4 253 93 19 69 227 86 232 239 99
    255 119 255 0 98 145 178 255 76 0 215 163 0 180 7 138 0 124 82 95 0
    115 232 156 134 139 33 158 255 0 132 255 183 221 177 0 0 44 190 0
    255 70 14 255 0 0 0 0 33 168 215 113 103 194 254 252 0 119 157 83
    254 255 157 223 0 255 255 236 70 248 79 178 58 157 238 255 80 238
    255 239 203 126 255 0 0 80 19 89 255 16 109 35 81 0 0 178 16 0 195 0
    63 254 18 0 0 255 67 255 42 63 62 163 246 229 210 54 133 255 0 41
    255 184 69 255 211 76 249 220 255 0 117 154 99 122 108 0 255 59 33
    255 115 180 128 72 188 0 0 0 35 46 84 231 66 255 255 210 255 0 172 0
    7 227 159 148 254 107 116 6 241 255 73 255 0 187 0 51 33 150 240 116
    0 164 0 255 173 101 19 0 0 209 228 255 0 255 0 0 71 75 52 190 207
    240 87 93 53 192 88 214 126 0 114 128 87 22 224 255 0 154 0 126 168
    0 135 0 40 46 0 142 85 92 16 78 244 254 173 32 27 152 46 77 0 60 45
    255 0 0 255 0 255 216 0 207 0 162 255 86 170 0 0 177 58 87 70 141 0
    217 0 255 0 0 255 255 170 0 166 255 206 154 155 42 0 134 22 2 128
    128 0 138 0 67 217 255 255 80 195 201 0 70 0 255 0 0 185 54 0 128 89
    198 161 99 159 132 255 255 255 162 0 102 0 96 225 118 52 255 146 248
    255 255 41 0 201 169 100 245 0 230 182 125 0 219 238 255 0 233 255
    27 255 85 41 33 57 133 80 110 101 49 97 46 8 255 169 255 255 213 186
    228 31 0 0 245 255 208 50 146 24 198 194 42 173 97 25 45 185 255 181
    0 95 255 115 33 54 246 180 0 106 136 250 104 190 41 255 76 255 0 203
    224 48 5 46 255 29 255 223 41 170 170 237 0 0 255 0 0 0 162 0 142
    255 206 33 208 124 3 45 10 255 13 255 215 135 255 255 0 209 255 255
    0 53 255 255 0 0 0 0 111 255 255 0 0 186 0 230 104 109 0 255 255 99
    27 255 186 163 238 246 255 255 187 255 78 76 0 255 49 0 134 255 0
    108 0 255 0 0 145 0 255 0 0 180 222 142 75 204 205 255 145 22 127
    195 143 255 212 154 13 0 53 255 101 255 193 18 39 143 127 255 31 99
    65 0 0 255 0 185 84 238 0 0 0 0 74 36 0 147 186 0 6 159 106 136 79
    134 65 142 255 255 255 121 41 71 0 197 142 0 203 121 223 45 136 161
    44 244 26 5 193 108 201 101 88 255 225 98 0 0 255 35 0 255 245 173
    242 0 0 147 0 137 126 149 238 86 255 109 255 254 0 165 255 0 167 189
    94 89 11 170 229 211 195 46 0 0 138 100 255 0 206 225 0 255 42 255 0
    0 211 201 0 255 0 72 255 0 0 0 255 36 97 255 188 0 213 77 6 168 204
    78 141 190 0 223 119 0 138 0 238 249 20 175 255 114 110 126 43 228
    148 170 255 136 6 0 215 45 17 152 212 0 0 101 249 7 93 51 0 255 249
    255 255 169 0 82 85 48 111 161 0 255 20 0 203 93 116 205 43 255 255
    255 148 66 51 80 101 137 255 156 0 39 0 168 0 42 218 107 211 193 183
    192 26 234 6 140 255 53 206 160 0 255 0 80 255 255 206 139 188 255
    51 157 185 0 132 31 255 63 16 156 0 255 9 205 138 34 240 104 255 227
    255 184 216 51 255 255 255 20 35 154 138 255 0 220 0 143 0 0 255 0 0
    179 255 251 255 255 255 126 0 178 0 132 140 164 0 80 48 42 217 0 255
    122 40 0 167 0 255 255 0 0 255 254 0 255 255 0 116 218 238 0 164 0
    37 0 56 255 0 0 94 173 207 255 255 59 255 255 41 56 255 55 220 191
    109 193 249 218 0 255 0 89 94 54 222 159 79 235 66 167 249 0 0 43 0
    0 183 35 255 212 49 43 151 255 255 0 172 246 175 232 255 0 255 137
    158 140 216 127 189 50 255 0 0 18 98 255 17 234 0 255 0 232 127 255
    255 255 83 26 113 245 0 255 17 100 127 44 64 255 255 6 156 247 210
    89 38 255 112 228 255 255 255 251 70 246 0 0 0 0 3 16 25 0 124 130
    138 203 150 255 0 52 1 255 111 131 182 77 255 26 128 0 109 55 0 0 7
    36 60 224 90 0 34 127 255 255 255 255 181 28 255 5 255 174 33 86 52
    13 163 0 240 239 255 74 191 41 134 29 47 115 119 199 15 186 90 255
    255 167 18 72 143 255 128 225 18 255 118 241 88 120 106 0 255 173 0
    0 0 244 0 255 181 0 96 255 88 0 122 77 45 43 230 82 15 148 4 90 255
    255 241 216 0 108 255 255 0 255 232 225 146 45 41 207 81 0 43 0 255
    255 240 255 71 22 81 0 128 145 0 201 115 0 0 174 0 0 46 0 255 227 92
    44 106 79 28 255 187 105 218 0 67 255 0 156 0 255 123 0 141 110 108
    21 95 236 43 54 161 20 121 0 35 21 0 0 37 237 183 108 230 255 127
    255 133 58 150 255 0 156 0 163 69 118 132 0 132 0 76 192 153 235 221
    71 255 104 80 244 18 227 0 111 0 0 0 238 71 88 255 255 255 0 83 148
    0 234 0 255 0 255 0 255 125 255 48 183 234 255 255 0 37 0 255 0 0
    255 228 174 221 8 172 255 0 223 181 219 160 0 156 0 0 218 254 120 48
    168 0 32 0 220 255 174 0 123 20 181 255 255 0 255 57 233 196 13 213
    222 120 151 109 145 142 58 144 251 12 255 202 81 39 0 1 255 195 127
    54 199 255 87 120 255 209 0 27 61 255 88 0 204 55 255 134 162 230
    131 255 28 18 255 16 250 79 247 5 163 0 255 152 63 0 255 171 113 170
    94 150 192 0 255 206 255 105 17 160 191 227 47 225 255 140 0 255 100
    238 65 255 255 168 246 224 150 67 68 217 197 72 255 254 227 14 109 0
    156 255 129 51 43 10 50 255 24 0 255 16 255 255 255 201 144 63 0 233
    244 255 195 120 181 119 0 117 130 0 39 206 184 146 109 144 255 157
    110 255 78 0 242 178 234 175 13 251 255 32 48 75 96 203 139 200 0
    205 219 0 67 0 34 238 124 116 206 149 0 180 255 255 0 47 46 237 0
    255 40 190 255 78 0 209 0 93 255 245 63 67 0 166 92 255 199 147 21 0
    252 116 39 120 251 84 222 136 160 255 142 0 208 0 95 0 159 0 145 0
    223 255 0 161 255 0 205 129 164 0 0 116 94 0 62 215 147 123 29 225
    255 255 245 255 243 255 14 68 0 216 183 42 0 0 29 243 13 174 191 80
    36 0 10 72 14 134 136 134 0 49 210 0 6 0 0 0 201 0 0 129 70 0 169
    243 165 192 20 47 104 0 215 0 83 0 237 255 0 0 255 255 86 0 255 244
    0 255 28 0 173 228 51 89 91 16 0 142 108 0 239 67 133 255 0 189 203
    255 246 110 255 93 255 255 0 255 49 28 0 0 244 217 50 81 255 161 255
    210 0 255 221 106 184 0 222 173 255 0 136 138 255 255 205 255 255
    141 236 237 0 121 255 1 227 255 85 93 209 5 89 172 162 152 208 178
    91 11 49 255 88 255 224 17 216 140 59 208 169 94 174 180 0 0 129 0
    255 101 67 255 40 0 196 43 58 153 52 255 255 169 165 243 255 255 0
    233 222 216 225 22 0 149 0 255 66 0 255 190 1 165 255 22 0 0 255 255
    59 0 125 0 0 212 174 240 0 0 219 0 0 177 164 12 12 16 128 42 0 0 10
    102 248 232 255 0 231 130 255 255 3 46 67 39 195 0 0 139 255 163 62
    201 204 161 224 0 88 65 0 158 0 194 0 13 0 255 120 94 255 255 26 232
    0 0 100 159 251 0 255 49 133 16 177 225 42 252 255 99 80 51 241 255
    20 236 184 165 197 102 255 0 35 57 162 137 80 0 0 0 255 7 255 0 0 13
    88 0 93 16 0 252 249 77 32 255 197 0 255 0 36 34 233 255 151 220 248
    71 0 0 142 255 18 9 145 47 0 39 192 0 47 212 63 0 84 68 255 255 224
    255 111 21 220 30 255 148 111 174 255 222 197 0 0 255 70 85 178 115
    255 18 54 16 18 0 27 188 108 124 161 0 181 255 198 30 72 39 0 220
    134 28 255 142 22 97 255 75 0 147 228 233 248 100 83 64 0 125 39 0
    224 243 255 255 32 77 159 226 255 190 94 207 6 128 178 95 122 191
    110 0 0 255 34 203 140 0 211 255 255 0 255 129 255 255 44 77 255 110
    255 255 70 242 0 33 255 83 142 219 231 0 0 243 7 0 0 233 98 143 45
    126 18 93 187 101 240 201 157 0 109 140 168 255 0 255 198 0 163 255
    22 218 0 255 89 255 170 144 0 255 0 0 255 17 159 240 148 92 255 0
    137 212 88 255 181 255 254 255 0 255 255 255 255 253 148 255 0 144
    255 0 169 155 240 151 108 214 160 134 23 127 21 255 163 31 216 0 62
    67 120 255 0 255 131 182 255 57 200 0 143 0 0 255 0 191 89 255 142 9
    0 0 172 182 147 255 102 164 0 0 39 0 109 136 68 166 255 20 211 98
    134 34 36 243 222 149 225 255 0 174 255 25 184 118 28 255 224 0 58
    16 76 255 161 255 255 101 0 131 135 0 13 255 85 170 101 187 17 165
    229 189 9 181 74 0 0 130 0 255 255 0 255 198 81 180 233 54 255 138 0
    255 120 255 139 144 158 89 162 0 217 0 244 187 194 255 0 255 114 143
    255 37 235 146 106 186 14 0 43 119 0 60 255 255 0 63 255 255 14 87
    255 75 255 0 131 254 24 0 134 255 126 147 247 130 0 118 48 187 173
    255 45 255 187 68 255 178 253 210 0 255 206 0 255 145 0 187 92 138
    27 223 52 0 0 16 198 255 178 255 251 255 0 0 199 185 0 15 80 225 126
    255 96 220 230 255 255 171 255 0 16 255 0 203 0 0 255 10 243 0 66
    254 0 204 207 217 255 170 181 22 40 228 56 0 160 255 0 0 5 109 255 0
    206 203 0 0 83 130 0 109 164 255 0 66 255 132 205 0 0 219 146 113 52
    214 0 188 255 0 255 55 255 178 0 120 209 251 59 255 18 0 0 255 236
    207 255 0 30 0 199 0 255 110 202 207 200 109 246 29 144 255 243 255
    19 234 0 0 0 9 149 224 237 35 0 0 117 26 103 84 37 132 0 74 184 0 0
    91 0 209 210 103 21 189 255 175 0 141 147 255 213 54 42 45 143 0 0
    11 0 207 0 9 42 255 166 184 214 255 255 44 255 56 41 157 255 255 60
    37 0 231 0 109 140 71 255 0 176 164 113 104 247 0 0 164 0 0 153 93
    148 179 255 12 0 138 129 55 148 255 132 0 0 0 4 67 43 2 26 0 0 63
    137 118 255 0 180 48 255 208 255 255 96 255 130 255 255 255 164 121
    69 233 148 18 255 63 107 40 28 255 230 255 255 88 20 197 175 235 0 0
    109 235 80 201 0 0 255 98 194 136 0 232 232 33 255 33 71 0 0 0 61
    147 254 79 255 176 223 81 255 255 163 199 0 241 191 18 43 168 245 0
    196 152 11 109 167 192 255 4 255 60 255 246 216 205 0 77 0 217 255
    72 37 213 0 39 255 255 136 255 130 144 104 253 120 0 1 0 93 152 183
    135 188 232 178 99 85 0 107 238 216 255 151 0 229 229 83 34 237 224
    34 255 50 255 0 0 255 23 255 0 0 113 13 201 0 255 213 70 56 255 199
    128 255 231 0 177 220 36 255 27 255 41 139 99 255 183 255 20 215 255
    0 129 255 255 84 72 141 43 0 97 0 0 141 44 255 0 108 130 255 187 68
    255 0 131 255 7 220 122 104 0 215 36 111 12 208 15 0 155 42 178 67
    132 255 255 181 0 68 207 157 129 253 40 255 46 0 112 27 170 232 24
    104 45 255 224 68 198 166 153 97 85 255 0 123 179 2 0 222 178 0 255
    255 0 93 64 255 255 10 255 169 255 31 0 145 19 255 195 255 0 248 16
    58 0 59 32 255 60 28 68 96 49 242 218 144 113 209 255 21 138 255 40
    21 244 7 0 152 229 0 203 205 94 0 255 112 255 0 227 255 0 0 0 255 95
    0 255 110 99 122 255 255 3 222 214 0 172 0 6 2 0 236 99 248 255 255
    255 0 39 165 16 107 104 143 92 94 177 211 111 255 101 252 206 255
    179 160 0 255 77 27 81 23 8 32 106 139 184 201 227 0 4 138 73 0 230
    255 200 255 68 150 35 59 101 255 255 80 255 255 222 255 145 31 179
    13 119 205 255 0 0 255 93 0 255 0 255 45 183 157 208 255 144 206 160
    255 65 45 196 145 43 188 249 0 159 150 0 0 178 255 203 255 247 0 141
    75 0 213 138 255 0 233 255 154 149 0 144 124 139 255 255 0 201 225 0
    75 255 134 132 49 76 43 245 255 48 160 104 211 255 53 255 205 0 97
    235 255 255 6 42 150 55 20 196 19 0 255 218 0 255 193 102 100 199
    255 132 38 108 160 219 218 254 194 70 44 0 0 125 203 255 73 114 31
    255 192 177 158 38 178 255 124 100 169 4 9 4 0 26 0 254 255 45 227 0
    214 115 0 20 79 99 200 0 186 214 0 255 221 177 6 0 93 255 108 156
    159 173 138 207 229 245 237 161 128 174 0 85 190 27 0 0 194 114 0
    203 30 116 168 255 255 197 247 132 211 1 208 184 215 198 132 121 217
    249 72 122 232 25 0 74 0 144 213 72 246 51 230 84 49 41 0 255 16 255
    0 255 255 57 124 0 24 41 77 42 255 255 0 240 167 255 255 0 209 11
    255 3 0 59 133 177 235 255 5 0 255 0 51 0 255 81 128 144 0 50 0 255
    173 90 164 4 18 17 213 255 0 191 168 252 104 203 255 189 121 255 255
    61 255 0 0 216 0 0 255 55 15 255 55 167 74 57 0 118 255 82 186 255
    211 81 134 255 52 64 0 137 255 103 255 40 62 238 0 117 0 10 255 0
    255 0 42 197 33 76 6 0 71 233 255 182 120 238 19 15 255 6 10 175 255
    255 0 148 255 0 18 253 18 214 235 213 83 255 255 71 255 255 142 93
    234 170 68 142 255 97 195 154 211 255 71 38 57 156 255 255 255 0 216
    104 250 19 220 0 212 34 213 41 0 0 255 27 146 68 0 255 3 19 200 255
    108 221 111 255 255 18 255 255 64 98 84 98 208 17 0 255 14 255 255
    77 74 255 135 0 255 0 207 124 162 0 93 255 251 5 0 0 87 69 205 47
    255 106 255 0 97 255 205 242 58 214 94 117 141 214 0 166 0 90 3 43
    255 98 43 139 0 255 250 255 24 23 89 0 238 255 0 233 218 199 143 123
    255 71 59 57 25 255 0 167 202 76 0 1 17 24 144 220 220 129 10 240
    255 183 86 12 92 132 77 176 42 252 191 219 10 39 0 25 255 144 24 0
    143 89 0 255 189 255 255 0 255 0 255 255 0 224 255 90 87 87 223 255
    255 234 114 0 255 255 0 225 117 47 255 0 112 42 33 6 255 236 255 194
    209 140 20 255 121 0 0 52 0 72 49 69 0 255 0 1 226 128 116 227 41
    255 157 1 255 59 45 44 131 255 245 24 57 212 0 39 0 140 255 130 26
    18 23 106 188 100 46 202 150 250 0 233 141 255 236 255 109 150 164 0
    18 127 180 212 214 16 0 15 70 0 0 93 243 171 141 174 93 236 189 170
    255 255 186 0 5 255 17 0 107 113 210 178 62 80 255 123 31 0 94 255
    78 255 216 255 70 255 1 21 113 0 210 62 255 90 134 43 218 255 255 0
    0 122 255 255 31 255 0 0 203 42 255 255 1 255 98 0 127 0 0 238 255
    124 0 230 10 0 11 0 255 0 239 164 249 126 0 119 163 39 0 239 94 74
    255 159 159 255 176 0 129 167 106 83 0 6 209 0 116 0 255 255 0 83
    203 93 78 99 103 97 0 0 255 53 137 255 37 231 249 36 20 132 0 109
    207 55 154 193 51 247 125 96 227 255 255 143 16 157 81 163 206 0 53
    255 37 82 255 161 155 0 167 0 63 255 255 0 75 255 244 0 0 220 223
    255 0 255 198 0 71 121 255 52 110 58 60 57 102 215 255 200 0 35 255
    67 237 146 148 10 17 230 0 8 202 0 208 0 63 135 0 10 255 33 102 100
    0 46 206 143 0 18 242 0 3 34 163 220 244 255 0 5 82 167 192 27 2 255
    0 5 110 255 0 75 255 255 221 0 82 255 220 0 34 84 190 35 78 255 195
    0 201 241 0 255 255 162 32 240 0 73 0 255 90 151 56 210 230 255 227
    255 255 221 40 83 226 139 156 241 240 0 241 0 183 255 106 96 255 0
    255 0 231 17 45 12 159 255 149 255 13 41 125 178 51 56 206 102 183
    255 97 162 163 216 124 215 44 170 172 119 170 57 60 255 32 90 0 255
    42 0 59 80 32 140 255 131 156 255 120 26 20 132 0 35 21 101 251 83
    255 118 255 217 255 255 86 234 135 255 255 46 42 117 255 226 218 108
    239 52 200 0 248 0 0 202 0 204 0 255 211 239 173 229 56 127 19 201
    255 247 255 0 255 255 250 107 176 255 255 83 234 16 111 109 222 232
    59 28 136 241 242 106 78 86 255 255 0 0 232 0 0 50 0 255 0 255 197
    191 201 5 13 199 210 143 64 254 26 9 0 173 0 255 82 255 0 255 255 0
    117 0 0 0 65 214 83 131 255 146 227 47 44 14 191 13 5 0 0 255 157 34
    59 2 250 0 0 81 134 42 210 0 145 0 0 224 31 32 226 255 0 255 0 255
    255 134 0 0 255 8 116 133 53 46 255 164 42 255 35 0 123 62 54 235 0
    255 0 70 137 193 0 211 0 0 255 9 59 255 0 212 232 255 0 255 0 255 21
    55 184 194 182 0 0 222 252 123 22 204 227 200 246 148 0 239 0 255
    160 44 255 0 190 0 60 217 112 0 214 52 212 193 148 158 236 0 237 128
    207 185 138 63 0 165 241 212 22 79 254 70 255 255 254 175 255 130 31
    0 255 22 0 116 1 255 159 147 255 179 0 0 0 81 0 118 44 183 217 222
    146 255 58 255 132 0 117 160 255 255 151 42 108 146 198 0 96 97 0
    255 140 0 207 82 227 129 143 255 6 129 0 0 212 246 255 255 124 0 255
    0 224 16 0 106 0 0 79 14 255 0 167 255 0 255 0 153 206 22 165 255
    255 78 189 24 45 117 32 255 113 125 0 137 230 87 0 17 87 152 54 119
    27 0 199 255 0 66 146 245 124 255 222 150 0 0 230 255 120 141 161
    237 255 19 255 163 107 0 45 110 255 0 63 48 10 0 221 199 52 246 0 59
    163 190 53 254 255 0 143 212 0 255 168 192 91 255 101 36 141 0 88
    225 80 147 255 0 0 159 170 237 0 127 181 0 36 255 0 255 255 216 239
    0 255 52 0 255 0 163 124 255 0 254 246 21 237 151 54 0 0 0 255 127
    236 201 0 135 116 133 151 255 0 203 255 74 157 220 255 233 167 0 255
    0 32 0 116 255 0 129 5 218 54 0 77 160 128 241 0 255 23 0 128 130 12
    255 174 130 56 114 243 117 255 186 180 0 31 171 114 117 185 153 151
    30 9 35 176 34 255 254 123 255 0 0 211 102 255 59 0 255 16 128 49 0
    211 58 255 177 0 0 146 53 255 66 206 27 230 0 0 255 44 227 3 194 255
    157 227 149 250 4 0 225 0 125 255 60 255 255 255 252 139 91 27 255
    255 255 244 216 0 0 255 0 167 210 255 0 255 249 228 187 122 0 0 238
    0 0 0 255 126 0 255 71 0 73 214 0 56 51 86 255 255 200 68 78 43 174
    22 127 255 250 247 0 27 194 124 121 255 255 255 49 222 168 24 247 67
    255 20 28 229 105 15 191 255 255 116 0 81 255 110 248 0 243 0 0 39
    58 11 102 212 168 255 5 248 138 0 87 51 255 255 64 0 255 0 30 0 122
    146 99 152 197 232 101 61 76 255 255 110 54 67 23 53 37 0 0 0 255 78
    0 255 226 38 86 255 255 0 131 0 64 167 93 220 255 164 71 255 255 0
    182 0 0 255 255 0 178 216 60 0 255 255 255 179 7 122 6 172 250 67
    169 67 224 255 0 255 0 0 6 255 0 29 147 239 247 141 219 255 159 255
    59 207 0 123 63 253 255 94 174 101 255 255 255 131 195 84 0 49 0 255
    0 20 255 1 255 244 255 236 3 0 0 160 67 255 255 255 0 129 152 126
    201 59 224 188 19 185 255 255 255 27 255 95 154 90 138 185 255 151
    255 0 255 2 0 148 125 0 129 0 156 255 51 0 0 161 0 114 0 61 0 255
    255 210 255 0 0 26 0 238 46 0 15 0 175 0 255 255 108 198 246 119 163
    0 87 58 255 7 100 21 93 19 0 158 83 79 255 200 13 235 202 123 116
    255 122 21 216 0 255 0 255 28 168 252 0 142 255 204 103 0 244 255 0
    20 0 163 0 137 0 114 132 167 255 153 237 205 71 197 255 255 59 0 94
    255 7 198 93 255 98 28 208 0 121 255 99 113 140 0 0 69 14 231 7 10
    255 255 255 255 49 255 0 253 255 0 60 96 174 213 0 100 218 0 255 0 5
    234 138 179 30 85 0 93 0 240 255 107 144 0 255 219 192 42 0 228 150
    255 100 69 255 167 0 212 255 0 136 255 255 0 120 201 160 0 128 83 0
    255 205 0 255 143 100 255 24 238 0 55 0 185 217 2 0 125 233 57 223
    220 142 99 11 250 0 245 207 255 79 148 255 14 215 57 0 157 67 0 255
    62 255 120 255 152 173 89 253 225 0 23 145 161 111 241 139 133 127 0
    0 52 243 255 0 198 173 161 44 255 0 0 120 179 0 251 73 200 255 0 255
    97 193 0 204 114 255 210 255 255 119 0 0 255 0 0 90 0 0 91 0 225 135
    0 0 197 255 172 216 0 125 254 0 246 0 64 71 177 0 0 0 163 229 0 104
    255 173 138 34 0 255 162 0 0 66 0 204 0 0 177 156 152 0 175 255 244
    192 50 0 255 255 45 230 0 131 255 0 0 91 207 29 114 158 120 175 0 65
    0 0 36 21 202 129 255 236 44 87 47 0 199 0 0 0 255 0 255 164 71 211
    255 193 79 190 0 58 78 172 85 0 0 15 0 255 105 58 255 46 130 226 0 0
    174 0 255 255 0 0 255 0 135 0 57 243 0 255 125 76 53 0 14 55 255 51
    73 184 255 32 138 1 220 170 182 255 0 153 255 255 215 255 37 255 255
    200 0 119 0 91 255 148 218 246 55 40 0 32 55 138 124 192 0 194 210
    186 255 124 216 206 225 75 0 209 36 43 22 255 23 57 255 3 148 192
    200 50 0 242 51 0 255 173 252 255 255 234 73 46 103 255 0 0 116 127
    39 137 166 222 244 255 85 15 204 179 83 255 100 36 138 167 255 223 0
    121 99 166 0 0 95 0 0 1 255 67 0 16 255 255 28 87 138 0 29 213 255
    19 0 229 122 107 160 14 111 227 83 3 237 193 220 213 0 170 255 87
    255 125 25 92 107 38 255 255 32 53 90 254 0 66 255 190 171 196 86 39
    7 224 255 178 255 18 0 33 255 34 255 255 127 108 18 255 71 154 0 255
    207 249 251 185 255 216 220 0 137 255 59 0 157 210 172 0 234 58 255
    103 174 14 255 0 114 217 255 196 255 10 85 0 193 14 211 99 93 230 44
    255 132 186 197 0 57 255 0 0 255 0 0 181 142 28 154 232 160 0 0 174
    248 255 153 153 147 189 142 0 255 20 162 0 160 213 255 255 255 76 0
    0 151 0 255 255 236 136 203 194 196 255 147 71 255 20 255 255 231
    255 171 219 252 228 0 255 255 202 175 134 0 255 172 236 194 145 194
    255 113 255 255 52 255 0 216 255 0 0 255 255 125 84 195 78 172 166
    136 26 0 255 214 255 255 0 164 0 209 0 0 65 143 162 171 67 188 0 29
    255 211 62 105 255 134 255 149 191 255 19 173 6 255 0 255 100 176
    238 220 57 65 255 0 230 151 201 0 206 255 117 0 0 205 0 130 0 100
    110 24 66 255 46 79 26 127 0 43 166 255 130 129 38 179 151 73 183
    255 0 255 157 246 244 58 255 125 43 255 254 90 116 24 137 0 120 182
    42 6 10 255 241 203 91 0 255 255 130 0 167 191 18 225 255 0 254 255
    255 243 181 208 155 0 255 255 0 152 218 255 0 170 90 61 159 255 255
    255 140 50 197 0 146 210 106 0 0 158 0 4 101 0 255 0 0 0 110 0 199
    255 0 18 186 55 0 24 255 190 17 41 109 248 38 64 126 121 255 197 0
    35 236 27 100 255 119 10 151 87 255 0 119 44 128 0 73 0 127 227 255
    230 48 157 228 44 166 255 118 255 55 227 51 255 242 39 16 255 222
    108 255 56 255 152 45 64 255 255 255 0 97 29 255 0 174 54 112 0 0 79
    255 248 197 11 127 228 101 32 255 191 102 149 255 255 23 161 207 247
    93 126 224 0 100 100 0 255 103 91 65 193 5 0 196 0 0 152 154 0 200 0
    27 255 17 66 94 0 0 171 120 33 36 210 255 0 111 0 167 67 255 191 0 0
    169 0 255 0 47 255 61 255 23 118 255 49 152 0 161 133 0 0 33 43 0 85
    240 255 0 255 242 110 255 137 27 147 95 0 143 0 0 70 219 0 255 255
    152 83 247 252 145 255 187 255 156 60 9 0 64 99 0 255 117 0 0 0 0
    102 234 0 0 255 11 82 180 255 102 52 119 102 255 239 27 243 0 255 0
    134 99 76 215 218 0 95 0 132 255 0 206 80 176 0 79 0 112 14 46 26 18
    76 93 188 54 204 255 111 22 202 254 203 15 79 228 255 199 135 16 142
    58 72 255 147 161 177 196 7 121 221 0 36 72 255 185 231 255 255 0
    214 35 75 215 209 255 0 0 0 126 219 81 0 86 178 132 121 194 8 0 188
    70 34 141 0 220 87 231 147 42 255 94 66 48 83 107 40 0 197 174 0 255
    15 0 40 205 129 52 0 49 208 104 255 167 228 247 255 0 0 209 99 63
    206 230 6 226 30 255 81 198 126 0 0 77 64 0 12 164 255 0 66 253 45
    255 0 0 255 255 0 58 255 111 153 250 88 57 255 143 255 222 0 255 118
    174 0 0 0 20 255 98 255 0 255 19 131 255 0 255 54 0 110 0 204 134 47
    154 195 255 8 175 104 0 89 135 0 0 236 157 255 154 139 0 193 117 103
    87 211 126 55 255 255 17 3 255 0 65 0 255 255 0 38 255 0 178 0 255
    170 50 96 76 122 207 39 181 251 192 255 255 255 110 53 221 215 64 81
    73 206 255 199 0 191 55 210 243 0 215 143 0 255 255 49 255 255 66
    171 180 168 37 115 0 0 0 167 13 36 96 173 75 255 69 234 0 224 79 223
    56 47 255 12 0 36 81 94 255 89 92 48 54 0 255 101 231 0 255 247 60
    120 129 139 233 200 49 231 30 197 162 255 196 113 74 108 6 255 208
    21 141 0 255 84 0 119 93 255 255 255 44 174 69 0 199 21 146 0 113 12
    0 24 15 0 73 0 0 0 0 0 0 255 0 94 135 254 163 255 62 178 90 81 0 0
    13 129 106 43 255 57 178 255 225 46 255 0 250 73 150 136 42 181 0
    160 104 255 118 161 160 220 255 0 255 0 255 0 19 7 6 0 255 123 97 63
    141 71 0 133 147 255 135 121 187 93 43 109 0 0 138 255 255 241 171 0
    131 134 204 255 216 219 50 149 119 255 253 150 148 79 232 0 0 0 0
    194 74 255 255 24 255 217 229 233 41 203 0 255 71 57 7 255 255 235
    39 174 42 0 255 55 255 70 183 250 154 7 84 63 205 124 255 10 255 44
    0 0 120 0 0 45 0 151 255 255 209 159 150 0 191 0 122 234 183 114 0
    177 0 44 121 255 55 255 163 124 154 240 106 75 6 72 61 175 246 0 37
    163 0 16 40 0 249 163 255 184 106 107 107 0 178 131 133 136 21 242
    28 211 87 65 121 9 0 181 255 56 244 255 224 112 102 255 0 255 70 254
    204 242 213 89 0 153 240 131 125 140 149 225 218 247 117 210 38 144
    255 0 237 88 166 181 220 37 192 0 207 255 207 60 0 22 234 140 54 107
    241 107 220 247 255 122 127 21 0 146 136 27 255 0 231 56 24 65 225
    12 192 113 112 0 255 163 57 40 155 214 179 167 0 123 255 255 231 196
    146 255 147 0 94 185 0 176 169 109 111 255 0 176 59 135 73 0 0 0 255
    68 255 28 209 187 0 114 255 0 82 38 0 0 166 2 156 121 198 255 52 0
    255 0 88 224 222 255 143 255 255 255 182 70 83 250 19 255 235 255
    167 96 84 255 255 22 21 177 255 126 255 12 0 240 202 162 255 0 93 94
    149 113 0 22 0 155 222 86 0 0 237 255 0 207 23 255 34 179 219 125
    120 224 239 199 255 255 80 66 0 161 0 192 199 255 132 37 240 255 123
    196 255 142 0 0 255 255 255 174 96 100 58 255 0 255 255 4 255 109
    229 60 255 255 176 0 0 4 87 221 72 255 255 255 255 255 127 237 255
    253 250 202 2 197 0 0 0 0 255 46 0 203 134 63 172 221 27 125 0 0 104
    255 50 0 255 0 0 84 255 0 151 255 163 240 255 255 255 132 249 255
    105 165 200 255 236 24 130 194 213 255 184 74 254 156 255 241 174
    255 7 165 253 0 64 255 0 71 36 255 255 0 86 255 114 70 228 181 138
    255 226 0 255 0 0 188 0 42 255 0 255 209 184 255 255 199 255 0 0 0 0
    0 255 255 245 24 38 255 190 146 0 93 0 151 8 142 177 255 0 99 141 63
    255 133 5 157 255 234 255 0 12 28 207 0 0 0 44 166 255 164 11 150 59
    145 253 188 90 89 0 0 0 255 106 137 216 255 0 9 106 121 19 246 255
    218 0 0 0 183 69 175 255 255 1 165 10 98 94 228 255 198 0 0 28 74
    255 52 245 255 0 231 255 177 206 255 148 0 0 0 31 201 99 40 106 237
    116 125 255 97 184 112 0 132 255 0 0 255 38 246 218 255 255 255 248
    255 255 162 255 236 0 255 255 19 11 0 0 177 112 143 0 255 28 37 255
    162 255 0 158 60 167 0 0 255 131 11 19 255 245 0 207 20 42 255 255 0
    255 102 0 205 0 230 0 91 255 255 200 89 215 202 199 154 255 255 255
    255 57 255 171 255 165 250 218 162 255 24 14 10 141 199 84 216 12
    255 37 216 205 255 125 0 255 69 189 195 0 121 255 82 31 106 242 124
    111 32 0 0 158 113 255 119 17 227 97 0 198 12 201 16 255 0 45 236
    132 255 0 253 255 171 212 255 125 115 107 11 16 168 251 11 99 0 255
    191 197 23 0 243 173 0 232 0 0 0 4 255 48 135 255 228 255 93 0 49 32
    203 255 79 255 211 136 210 31 77 51 0 255 0 121 255 255 216 0 255
    105 135 255 159 42 123 125 27 250 249 106 255 138 185 16 108 0 116
    230 25 0 72 223 26 229 0 0 238 252 10 20 100 18 254 27 87 155 0 255
    174 255 9 43 136 114 0 255 255 0 255 110 0 100 255 182 27 134 63 255
    76 208 91 218 46 157 1 226 255 63 215 218 246 0 86 186 255 28 136
    185 136 210 191 153 101 0 255 185 206 151 63 255 255 40 255 238 0
    103 219 255 121 47 26 140 0 255 255 44 189 89 110 105 189 129 25 78
    136 0 27 118 90 19 228 210 238 0 161 32 78 123 212 255 56 37 121 226
    87 60 90 234 223 115 255 0 96 130 0 168 204 27 120 0 218 78 122 33 0
    255 11 107 39 0 225 36 255 0 28 121 41 255 0 215 234 0 249 241 0 114
    44 244 41 255 59 0 22 139 0 0 33 126 230 104 255 175 255 83 144 50
    255 255 0 0 255 23 36 161 118 255 255 0 254 155 198 255 255 0 200
    148 0 6 250 252 1 81 117 56 154 255 40 51 154 255 0 196 0 33 255 11
    178 0 255 188 223 247 255 0 50 50 6 95 255 169 41 68 255 59 98 255
    231 255 0 237 0 145 33 0 218 0 46 255 255 79 255 35 177 255 47 181
    255 255 17 22 255 255 0 178 255 0 228 12 255 254 17 14 32 83 242 55
    161 92 18 178 25 255 255 152 37 0 215 147 20 255 28 169 82 0 0 54 32
    132 11 236 190 211 255 0 239 255 114 255 98 255 48 153 203 0 224 193
    159 215 255 255 255 115 145 255 255 0 76 197 161 35 91 18 255 107 7
    255 163 27 225 245 92 74 255 194 255 255 84 205 153 91 0 0 120 0 0
    221 0 94 149 0 41 231 0 143 122 49 103 172 0 22 0 168 168 255 0 255
    86 0 98 28 175 75 138 65 122 0 104 0 63 255 55 255 0 50 255 0 40 58
    0 8 0 195 85 222 255 255 27 0 22 52 122 80 255 181 0 104 238 167 64
    226 83 57 255 182 25 127 33 255 160 82 255 81 142 22 0 0 255 255 255
    171 255 162 5 41 145 255 20 229 0 255 230 17 255 176 131 255 220 138
    180 0 14 107 133 243 91 56 26 17 0 169 11 248 84 255 255 0 51 0 56
    93 225 68 67 248 67 79 66 255 0 149 215 21 53 21 11 158 162 84 199
    121 94 255 0 162 255 111 0 0 0 168 255 184 255 255 154 64 116 178
    218 194 208 25 255 255 123 255 205 0 255 0 255 255 0 130 0 158 23 31
    58 90 151 77 255 114 88 117 121 167 206 255 0 92 112 240 0 102 41 97
    69 12 225 185 0 0 0 137 144 51 170 71 255 191 255 255 0 255 255 0
    255 227 212 61 238 194 191 223 56 149 63 2 38 27 255 10 149 221 174
    0 255 156 110 221 255 176 121 187 0 175 255 48 53 50 255 0 77 170
    255 162 63 255 134 129 0 181 255 0 0 255 0 76 73 41 103 0 255 255 67
    45 139 1 150 55 255 255 13 0 198 165 92 0 203 65 179 0 219 0 96 255
    227 0 255 0 157 0 215 157 255 255 143 188 54 0 136 31 163 255 134 0
    149 66 0 0 102 75 126 255 213 255 52 0 255 0 255 4 6 150 0 201 97
    255 165 214 255 135 163 0 255 255 70 139 248 0 215 29 255 71 0 255 0
    255 255 194 255 55 158 125 173 11 255 143 255 0 4 223 255 68 66 0
    239 255 142 207 162 0 181 255 0 132 235 83 106 181 112 102 122 75
    223 0 255 255 140 132 88 0 0 0 255 255 0 208 255 189 0 255 255 251
    126 255 0 42 25 255 0 255 183 217 0 128 197 3 0 99 34 0 224 75 255
    243 255 0 27 255 9 131 140 49 0 42 112 255 57 0 9 90 0 82 41 149 218
    192 172 255 173 201 0 85 104 95 221 0 178 242 139 255 211 0 174 99
    80 235 74 204 255 38 189 255 0 255 152 0 27 0 78 255 58 133 0 190
    165 255 0 19 255 255 62 107 161 161 252 91 34 243 255 255 48 202 0 0
    255 0 255 201 255 132 255 255 223 255 249 255 255 255 0 0 255 0 0 0
    207 174 144 5 83 238 0 0 231 255 140 162 255 102 223 255 0 195 100
    113 255 167 86 28 251 149 231 173 251 31 22 117 41 0 0 4 255 217 15
    211 86 102 120 255 148 66 213 60 249 0 183 255 255 65 135 58 51 182
    120 0 0 231 255 117 255 173 221 255 17 208 203 82 90 255 159 135 218
    108 0 255 54 182 0 0 255 255 255 255 53 98 255 255 255 255 177 0 255
    194 208 33 0 102 89 0 123 255 255 81 182 191 67 44 25 255 255 255
    255 0 56 255 29 53 210 197 255 186 196 255 157 165 0 46 45 255 65 0
    255 0 163 255 102 255 0 40 64 0 27 212 0 172 99 0 255 0 255 2 83 168
    0 106 44 247 0 255 156 19 245 28 255 255 5 0 255 153 46 255 206 187
    164 0 227 255 0 24 131 0 118 48 178 233 176 194 255 158 110 16 0 177
    152 0 208 0 0 141 0 0 38 1 167 221 85 158 96 0 155 236 0 255 32 214
    238 85 103 0 210 0 18 28 251 209 21 0 62 0 255 255 133 255 255 201
    13 0 40 62 100 116 255 0 0 255 188 38 31 0 77 188 86 0 50 255 255
    255 255 0 203 152 0 243 249 144 0 109 0 46 14 194 255 123 48 178 199
    0 255 84 33 71 138 245 226 60 31 255 144 0 255 255 38 241 0 255 255
    158 242 0 181 132 190 56 255 255 87 10 255 255 129 110 255 160 11
    255 31 255 80 0 1 0 183 154 255 48 126 0 0 228 74 255 22 222 37 46
    32 217 255 42 103 255 0 255 239 255 206 0 202 151 77 0 163 0 174 0 0
    255 0 186 5 255 0 255 220 255 255 255 48 74 136 255 93 255 123 218
    127 255 255 255 255 114 255 190 0 172 205 0 0 255 71 255 72 56 213
    96 165 166 83 252 36 255 41 28 125 0 0 0 60 176 42 172 228 57 255 30
    237 3 72 25 0 0 146 0 85 65 255 0 144 64 0 214 0 147 255 255 0 140
    162 245 148 134 154 0 0 187 0 230 109 35 255 197 114 169 90 229 255
    255 0 255 0 6 0 82 144 1 162 0 71 207 255 255 165 255 49 84 101 0
    189 0 111 255 217 56 47 7 249 0 0 255 0 37 251 104 38 67 214 215 254
    140 255 248 113 255 50 7 104 72 68 0 65 107 17 67 237 162 255 95 255
    0 212 255 255 0 151 251 255 139 0 0 0 0 0 87 249 217 170 18 0 174
    147 5 23 46 0 0 21 48 255 255 141 207 202 121 144 193 247 255 93 69
    123 0 255 255 0 255 112 0 0 74 199 0 26 255 234 117 28 255 107 255
    34 246 0 231 0 170 204 155 161 249 255 1 155 201 255 9 213 189 195
    142 255 255 0 0 181 19 111 28 111 189 176 255 1 255 255 166 22 0 224
    98 133 0 0 0 104 0 255 255 145 255 23 85 255 50 0 173 255 229 120
    255 36 47 0 0 175 255 195 0 245 0 255 255 241 251 217 255 72 0 16 0
    255 69 0 189 255 0 88 0 45 29 0 197 0 114 0 217 231 230 209 221 255
    0 0 168 224 182 78 255 188 0 51 255 255 87 255 186 255 253 91 0 64
    157 126 15 0 255 0 0 254 34 214 255 39 255 255 162 126 0 87 27 108
    255 0 151 199 0 176 80 255 2 255 127 39 139 74 255 0 31 0 225 44 101
    17 255 129 172 127 0 255 255 252 0 244 117 0 110 7 105 95 0 255 97
    255 251 255 33 0 0 255 0 179 90 0 226 0 166 73 240 10 0 53 0 155 255
    255 106 189 84 81 120 0 201 160 25 11 59 55 219 181 0 245 45 38 66
    172 57 71 0 0 215 123 9 103 155 255 124 0 14 183 109 156 59 0 0 255
    39 63 100 167 29 9 184 59 3 237 244 179 255 255 48 40 233 201 255 50
    255 40 255 0 252 245 87 249 85 31 55 106 7 64 255 0 119 5 5 81 25 0
    28 184 0 0 0 123 29 0 45 126 0 0 144 120 31 133 150 23 108 123 86 0
    0 218 205 13 215 81 0 234 24 255 86 0 128 0 109 190 255 255 0 54 198
    0 174 255 205 11 14 255 55 195 28 234 56 143 21 137 163 145 236 0
    215 119 7 121 255 254 7 157 23 102 21 255 255 0 255 247 253 0 0 0
    151 174 255 193 172 196 153 119 0 0 255 82 145 164 0 32 95 0 255 200
    161 0 255 0 0 58 211 255 255 221 140 209 171 126 0 243 32 0 209 0
    255 255 255 0 187 207 0 255 255 231 217 0 255 0 0 0 255 255 0 156 97
    163 13 183 182 213 237 10 117 146 255 205 244 130 95 195 154 0 216 0
    0 255 117 57 99 196 255 72 104 255 0 0 255 255 202 136 0 44 0 193 96
    193 50 22 0 146 74 0 0 171 255 0 15 0 245 255 0 45 150 79 105 173 0
    156 205 173 255 18 110 129 23 185 0 119 200 110 255 255 221 0 0 44
    118 56 255 184 4 0 70 255 88 46 218 228 141 203 0 154 0 0 203 160
    218 63 255 40 15 255 149 117 0 120 0 0 139 207 79 32 24 177 59 14
    166 177 198 172 240 213 185 163 25 172 0 255 227 0 65 255 3 177 64
    60 0 203 157 113 72 102 110 74 98 0 255 10 255 196 179 25 45 68 197
    255 255 255 98 253 56 238 21 249 124 0 255 255 0 68 255 62 212 54
    173 164 62 62 0 127 163 215 27 9 86 130 42 118 31 84 169 196 122 181
    153 0 247 0 81 104 255 255 25 255 0 1 0 52 255 0 0 145 56 226 80 0
    255 122 0 255 255 87 166 55 0 70 255 116 232 245 0 0 38 0 0 0 255
    236 18 165 0 231 0 130 255 255 16 255 255 255 52 225 167 186 255 254
    101 135 193 0 0 223 228 78 164 226 0 107 0 255 230 119 0 0 255 0 190
    255 255 0 45 255 1 255 185 175 163 49 0 255 202 0 233 0 8 121 89 255
    42 0 255 0 255 95 25 202 57 79 98 146 2 245 255 190 0 193 197 2 0 0
    18 0 77 255 186 138 165 228 255 20 255 255 255 118 255 255 134 0 0
    251 0 67 0 203 180 0 185 242 14 244 82 255 255 244 82 0 255 211 35
    32 218 168 83 133 0 168 169 255 32 146 29 192 255 0 0 112 0 255 221
    0 179 255 0 0 50 250 179 229 223 192 131 169 40 255 98 76 66 235 255
    138 0 0 83 88 0 155 255 0 0 255 123 105 0 255 170 127 143 255 151 0
    52 70 57 255 141 158 255 0 240 255 0 80 162 110 193 0 10 135 0 81
    255 151 0 139 255 209 170 111 255 0 117 208 33 27 241 85 61 0 255 0
    255 158 113 179 108 0 255 233 255 108 255 255 3 84 255 19 255 183 0
    255 0 0 133 35 195 168 13 48 3 11 172 124 27 255 255 20 189 139 107
    0 4 195 91 172 255 0 0 65 183 209 252 0 30 236 63 196 163 168 165
    255 255 136 255 255 146 141 255 2 255 214 154 38 31 15 0 228 202 92
    255 219 7 228 143 255 206 208 158 50 126 154 72 255 184 79 161 255 0
    49 183 0 0 255 92 255 240 135 108 212 167 55 255 255 255 255 123 255
    0 193 2 70 244 0 0 69 252 255 205 139 0 0 255 227 213 39 255 59 227
    95 30 35 138 0 81 202 128 11 62 0 255 255 142 249 187 40 195 0 255 0
    0 149 35 255 197 255 163 255 255 255 255 0 212 0 5 152 0 41 113 0
    144 160 238 255 72 255 228 232 0 0 129 167 48 164 59 171 153 0 224
    114 20 237 0 121 239 12 255 5 152 165 222 0 245 116 100 255 85 10
    255 97 245 6 235 108 194 0 255 82 255 147 198 255 23 146 185 61 116
    76 149 214 229 242 200 255 0 226 0 0 0 107 151 220 29 52 224 173 149
    0 44 213 0 126 252 88 101 180 255 60 255 95 255 0 36 117 15 128 89
    10 215 255 41 0 0 0 63 142 229 255 5 94 203 154 255 126 111 255 255
    146 0 225 255 86 236 200 91 117 53 255 238 82 150 255 0 0 114 144
    165 0 0 255 0 0 255 136 255 255 96 11 240 212 235 255 158 255 237
    119 255 0 17 255 83 255 204 161 8 255 47 0 140 157 40 166 0 0 198 57
    0 137 222 236 84 206 231 255 0 156 7 231 0 255 0 158 66 0 0 0 140
    255 229 94 208 234 154 61 91 207 56 255 0 166 32 203 39 254 158 89 0
    255 2 255 249 221 163 0 132 143 18 47 2 46 97 145 255 60 0 0 220 144
    10 79 245 255 0 2 255 255 139 133 128 212 0 88 0 122 0 234 0 0 0 255
    52 255 109 0 75 233 255 35 255 110 0 191 182 255 0 120 250 115 255
    255 153 199 63 216 66 107 0 117 74 188 135 163 68 140 194 0 0 171 0
    192 255 122 203 152 0 124 255 157 217 0 255 255 142 250 68 229 194 0
    0 150 19 251 255 253 255 46 155 0 195 74 91 255 35 128 252 0 255 101
    164 162 135 170 241 168 236 45 0 0 250 179 0 0 239 239 118 124 172
    156 151 197 245 189 232 209 58 106 180 177 98 255 255 124 34 179 220
    70 109 61 41 255 168 255 202 237 0 0 29 29 81 119 255 210 255 185 5
    255 114 70 255 0 0 0 45 255 255 182 255 154 169 88 255 245 255 0 255
    255 15 255 153 201 44 53 252 255 201 249 153 189 69 255 139 131 0
    255 255 0 49 0 152 255 220 255 5 90 0 69 190 255 11 134 255 224 228
    170 255 90 255 255 254 245 122 229 110 150 255 0 41 0 241 162 86 222
    16 255 177 181 167 134 255 0 81 177 5 198 255 156 0 242 0 0 231 243
    103 112 75 74 246 206 255 49 203 244 0 192 0 223 255 83 246 167 158
    20 160 237 255 6 231 10 106 142 33 230 232 172 91 48 16 255 190 255
    127 0 0 39 0 15 0 33 255 249 255 255 219 63 22 96 105 12 255 27 0
    255 255 0 151 0 119 0 39 255 51 212 255 118 247 255 255 0 0 183 0
    230 207 238 0 28 127 255 255 0 68 94 0 132 20 81 9 200 0 214 0 143
    255 37 116 239 103 87 61 255 185 233 199 0 23 133 98 0 255 255 12
    234 0 255 157 32 72 139 255 19 255 241 31 211 255 13 85 48 130 1 182
    139 251 2 143 0 255 0 255 249 106 0 255 253 108 139 255 146 255 123
    0 60 171 42 238 240 252 3 145 255 128 160 255 110 255 0 198 26 197
    255 178 255 193 240 66 79 205 115 98 255 181 247 0 13 2 0 50 198 0 0
    255 113 4 255 0 198 180 9 255 93 144 167 206 0 0 255 147 178 248 0
    97 117 0 255 29 76 94 255 0 46 251 31 247 0 47 255 251 0 0 106 0 173
    0 0 0 255 255 255 118 0 255 0 19 166 255 0 0 181 70 252 111 255 165
    0 139 2 14 0 0 255 72 228 250 239 54 255 255 238 250 190 157 255 11
    255 54 202 0 174 255 90 212 148 145 81 112 169 54 255 160 129 126
    108 130 159 206 11 228 0 210 255 0 230 111 255 71 16 159 112 255 237
    0 255 90 255 77 92 0 209 0 21 255 106 255 36 31 141 205 0 220 0 165
    5 0 173 68 255 217 212 57 135 215 121 158 143 205 41 84 0 0 119 100
    0 215 255 55 241 0 255 0 0 255 191 52 0 0 255 71 255 255 0 255 62
    255 45 0 140 121 245 255 220 159 255 0 169 255 0 184 255 255 255 253
    154 255 0 0 255 89 2 93 0 255 221 93 90 255 0 52 191 0 156 164 218
    150 255 102 46 227 190 255 48 255 0 111 235 221 226 0 0 0 176 140
    255 255 255 20 50 207 173 0 2 241 0 203 62 6 0 0 0 255 255 224 175
    16 10 102 0 255 14 255 255 146 0 255 6 255 168 0 83 131 0 0 240 0
    213 0 121 255 47 0 176 53 0 95 255 166 65 218 0 121 186 0 255 90 96
    255 32 0 207 0 255 0 253 255 0 178 0 215 106 0 255 255 168 255 244
    175 9 255 44 0 255 226 5 238 197 135 57 152 218 7 62 48 0 177 0 65
    76 234 152 0 69 0 216 176 0 234 222 242 13 191 0 0 133 155 0 44 64
    179 160 126 164 134 204 56 3 72 255 255 167 194 54 5 87 154 88 255
    255 119 137 192 185 221 80 255 185 255 0 0 170 0 111 59 18 212 41
    255 0 195 122 0 73 111 44 90 0 255 168 77 132 255 194 255 239 214 75
    126 255 255 219 178 4 255 230 238 0 157 255 191 87 246 120 49 0 233
    249 144 76 0 0 195 223 31 255 96 181 33 212 133 147 191 51 255 10
    196 59 35 0 82 140 255 0 145 255 0 128 255 106 83 0 245 255 139 152
    125 0 34 255 255 255 187 94 200 156 56 0 0 37 0 0 0 208 200 75 166
    255 254 11 9 159 65 110 213 138 255 230 0 184 188 255 0 0 141 170 85
    255 0 102 255 255 0 214 217 203 135 118 255 37 0 178 0 34 255 100
    119 27 0 224 0 255 0 7 255 229 0 60 251 85 24 16 255 107 26 205 255
    245 255 182 16 0 0 0 148 255 34 125 179 127 130 122 255 245 129 47
    184 125 68 0 255 154 255 82 78 255 221 255 0 74 225 50 255 123 51 2
    43 13 255 255 255 183 185 81 0 112 231 95 56 178 0 0 221 181 97 0
    255 163 44 255 121 240 126 0 0 218 219 255 138 255 43 138 0 159 85
    116 31 0 35 0 0 0 246 78 98 45 0 45 10 31 0 255 189 133 16 170 255
    220 111 0 131 147 0 229 255 192 29 255 0 0 5 223 3 0 0 21 52 255 255
    121 42 115 63 255 149 193 249 244 255 0 44 255 0 150 57 143 0 43 208
    0 23 183 250 144 57 92 225 20 0 255 255 243 255 244 170 11 255 143
    30 233 123 0 121 167 0 90 15 28 49 0 0 0 98 36 0 0 121 153 0 136 255
    0 172 212 0 165 70 17 96 180 55 0 220 170 255 255 126 0 255 245 21
    244 236 166 255 187 57 255 0 255 136 255 255 125 0 0 0 217 169 255
    59 103 0 0 0 187 210 255 255 0 94 0 0 234 255 183 224 102 239 9 6
    252 101 135 230 255 233 12 255 229 100 116 201 21 0 231 56 39 46 0
    18 43 0 0 203 143 183 53 54 0 240 234 199 0 255 208 164 202 255 63
    52 255 137 75 138 255 0 105 0 14 116 0 242 0 21 0 0 103 6 255 255 93
    117 0 255 200 103 4 255 255 95 0 39 236 112 0 188 0 0 15 50 223 4
    163 237 197 112 255 2 0 148 233 255 178 20 255 255 198 33 190 160
    107 214 241 0 220 0 255 185 80 255 34 207 38 255 230 214 231 151 0
    147 0 207 0 252 255 255 49 248 0 0 255 0 237 255 85 0 0 192 213 0
    197 108 255 255 0 46 245 42 87 65 6 255 190 0 156 84 74 0 247 159
    166 67 19 255 255 141 0 255 255 244 0 29 0 230 255 1 40 153 198 255
    109 255 0 84 239 255 85 85 45 255 255 54 114 245 238 0 132 68 223 51
    45 255 255 191 0 0 11 151 255 255 10 0 21 22 0 221 0 73 0 0 15 193
    254 255 255 0 255 42 79 206 0 117 108 158 0 170 171 61 165 156 112 0
    216 95 255 47 2 237 216 20 255 82 226 238 213 98 0 255 255 74 0 99
    255 12 50 255 21 0 152 173 255 55 175 48 0 17 57 0 246 37 231 245
    126 136 0 255 10 66 246 255 248 5 55 255 54 255 255 80 0 163 6 140
    215 104 23 255 255 189 255 240 253 212 99 245 5 191 235 175 107 190
    211 0 165 166 144 0 0 255 67 0 71 0 205 230 186 45 0 255 67 128 0
    255 255 0 148 34 15 161 10 131 26 0 252 220 119 17 0 91 149 130 130
    24 212 111 115 255 48 223 235 101 0 217 220 165 5 255 157 255 170 77
    0 113 174 245 208 0 255 202 163 0 195 174 66 255 212 71 226 0 255 53
    255 0 48 255 0 102 67 75 0 34 255 87 236 0 64 0 207 79 236 18 39 255
    252 21 0 0 197 133 249 193 70 142 148 255 151 253 255 0 255 168 0
    255 85 118 198 166 0 192 153 62 0 86 26 238 72 222 80 144 230 185 19
    194 255 206 143 103 235 255 117 51 219 89 42 255 0 191 98 255 137 49
    110 229 203 0 0 155 84 255 111 94 0 48 225 255 114 47 0 67 47 59 185
    0 255 255 255 255 102 255 143 255 92 255 230 194 255 140 145 255 0
    255 127 149 255 0 132 85 255 255 95 71 134 0 255 255 115 125 255 0
    95 238 255 0 33 15 146 0 72 0 153 196 84 198 194 0 243 255 0 117 20
    54 175 224 130 0 249 164 169 255 255 252 37 181 255 200 237 145 97
    77 255 177 0 190 166 196 255 255 253 0 255 250 0 173 33 255 0 255
    255 189 218 15 225 114 187 160 0 255 0 108 0 111 130 155 255 0 0 255
    4 137 0 93 188 62 0 0 200 43 223 174 106 151 221 89 255 240 254 0 83
    0 0 255 65 0 221 95 29 1 80 75 8 255 255 221 46 19 0 112 108 30 255
    0 0 70 45 255 144 238 108 242 0 138 0 0 0 109 65 70 176 246 255 16
    255 255 25 255 255 47 20 22 242 248 22 234 167 205 255 72 253 0 134
    0 180 231 255 42 0 154 236 185 0 255 0 121 255 161 134 99 130 124 65
    128 255 0 0 127 255 86 193 255 0 255 255 52 252 0 255 237 255 255
    255 255 122 74 212 255 199 0 25 225 42 0 255 9 0 255 0 0 95 110 0
    255 147 0 156 0 87 57 255 136 111 0 0 152 0 43 255 246 92 255 210
    158 222 45 155 255 255 41 0 255 246 127 130 255 180 0 0 251 218 128
    84 83 0 23 195 25 168 228 66 15 47 92 240 214 31 125 60 40 129 21
    255 0 47 228 0 165 80 15 5 185 32 55 182 0 255 255 239 147 0 241 186
    130 255 0 118 0 0 136 148 255 3 0 0 160 156 60 0 255 248 226 125 255
    31 0 0 29 95 56 0 0 118 182 0 0 68 0 255 255 122 202 230 235 79 0 0
    142 176 0 159 64 247 233 220 0 33 166 255 0 255 58 255 75 255 0 255
    62 192 124 231 255 0 68 120 255 45 73 97 0 8 70 0 213 113 119 217 0
    184 0 137 255 0 221 48 229 77 255 243 26 165 47 20 134 0 62 161 67
    255 0 254 225 99 12 153 0 160 178 255 0 255 36 251 188 0 242 244 22
    39 255 255 229 0 255 255 0 87 230 0 75 217 152 29 106 255 99 252 241
    74 0 108 133 70 255 221 0 255 255 255 0 32 212 0 0 174 160 232 100
    26 196 255 255 255 39 100 177 0 183 255 255 255 218 227 0 113 182
    242 0 10 0 164 236 203 255 41 195 130 255 255 132 95 255 134 169 51
    49 0 158 94 0 109 255 255 255 202 12 255 0 43 82 52 255 0 142 255
    255 187 0 11 69 113 137 194 198 37 0 220 0 44 31 255 91 87 225 10
    255 114 255 230 0 236 125 0 0 235 183 255 42 0 229 0 255 9 33 189 0
    255 50 113 199 106 78 123 255 0 54 225 153 0 193 3 0 0 200 255 0 24
    220 255 216 162 0 255 30 85 255 255 48 255 57 255 149 203 0 0 123
    255 255 233 255 188 255 96 255 54 255 130 0 152 255 194 143 244 255
    0 255 0 135 255 0 255 78 255 149 115 147 149 255 119 169 60 0 90 202
    0 255 0 31 69 186 75 0 152 221 255 89 0 59 44 255 255 160 0 152 0
    255 255 230 159 125 0 112 122 255 58 70 255 255 0 209 10 130 78 0 0
    0 153 0 143 255 196 237 240 161 255 7 121 255 192 255 109 0 90 220
    236 104 15 0 246 0 252 54 0 0 22 255 0 115 152 0 0 15 0 0 33 117 0
    157 109 0 255 119 21 255 255 146 208 223 255 15 0 255 255 30 171 0
    236 98 229 191 128 171 182 96 139 67 82 255 174 98 58 121 255 0 0 30
    13 91 255 198 40 43 57 91 0 179 146 0 89 255 13 0 191 255 255 45 64
    68 255 244 60 145 208 248 129 246 201 178 28 253 226 255 163 0 202
    183 61 238 188 129 0 0 112 150 0 0 145 11 1 255 186 133 255 221 0 0
    255 255 158 255 145 0 255 43 163 255 224 211 190 226 8 192 0 255 13
    132 91 89 106 212 0 255 255 161 154 0 0 7 249 111 0 240 65 0 205 37
    4 193 20 255 90 0 16 255 255 0 104 255 255 0 198 124 17 255 122 167
    255 0 255 248 31 0 0 39 0 211 93 143 255 75 36 255 0 0 203 0 205 79
    1 255 0 94 0 161 167 0 255 161 49 31 233 121 15 0 115 255 120 255
    255 42 0 255 83 27 116 0 4 100 0 0 0 218 19 0 226 122 43 255 255 0
    141 255 255 50 0 0 216 245 197 54 48 54 178 149 219 154 202 91 177 0
    88 29 0 0 255 255 76 255 186 140 255 85 33 71 0 175 85 0 0 118 0 173
    0 165 250 255 147 195 0 183 5 163 255 14 171 190 174 2 235 255 61 49
    172 133 93 230 206 248 230 255 255 0 119 255 0 0 159 0 138 39 244
    221 3 58 57 0 100 0 255 255 161 0 22 255 183 211 115 201 255 65 53
    255 255 255 210 255 250 0 80 150 9 150 255 237 8 248 124 61 45 0 255
    96 155 255 0 237 51 41 255 58 255 223 160 193 140 88 194 255 171 112
    0 255 57 0 15 161 225 75 255 136 255 131 255 0 246 218 115 57 140 35
    55 86 255 13 175 0 70 4 255 17 107 37 255 248 221 245 97 34 255 19
    139 147 255 88 255 91 143 0 139 243 255 0 255 178 253 255 52 255 200
    255 129 198 135 247 255 143 0 98 255 137 143 0 62 19 0 7 19 106 18
    137 129 10 0 64 94 0 85 0 62 0 35 126 161 78 169 255 255 125 255 255
    195 103 0 0 183 0 0 0 255 68 0 146 195 0 23 255 119 0 255 32 172 228
    141 180 219 44 169 87 221 255 189 1 255 0 199 182 0 16 255 101 97 0
    0 0 0 66 131 137 183 255 201 146 149 72 125 255 0 32 234 0 233 0 0
    191 209 9 104 160 127 238 154 181 0 255 97 0 255 0 255 255 173 118
    255 0 255 255 224 45 255 132 255 54 117 9 212 156 98 140 165 140 111
    255 61 93 247 139 154 0 255 0 0 109 204 241 81 0 255 255 55 94 123
    188 3 123 125 92 107 0 172 126 214 255 0 0 0 16 142 57 255 124 0 66
    0 31 18 236 16 0 0 142 226 83 33 167 194 0 128 255 64 157 199 102
    255 48 77 0 75 255 205 212 207 142 172 58 191 255 135 0 115 0 115 63
    183 112 255 73 150 207 255 255 85 201 48 162 77 87 179 208 57 132 0
    255 27 0 0 0 101 156 243 188 255 187 127 255 66 228 255 0 255 255 57
    255 255 255 9 233 0 255 209 0 0 0 27 0 202 29 0 15 28 96 79 0 206 94
    88 0 232 122 115 14 0 239 229 246 219 255 15 111 255 130 129 246 255
    255 89 255 115 43 93 200 255 255 0 26 84 170 0 0 200 47 162 65 235
    224 71 0 27 175 169 80 255 152 255 84 240 72 221 148 255 0 22 121
    107 0 160 181 0 58 255 0 174 0 183 255 255 17 233 255 59 0 0 227 12
    129 10 178 0 255 76 0 133 229 159 153 111 255 70 0 255 255 201 169 0
    255 211 54 34 255 36 60 255 255 0 10 154 169 0 0 255 246 160 228 0 0
    27 179 211 45 59 0 205 196 168 255 44 0 82 172 99 240 25 138 255 0
    136 174 35 39 87 163 72 212 63 174 21 0 95 139 89 0 0 31 125 91 189
    58 0 0 255 37 0 147 64 0 73 0 255 157 227 242 161 117 12 180 0 207
    16 55 45 189 0 77 34 205 41 0 226 0 36 255 0 137 23 118 0 255 255
    144 179 74 69 0 0 0 93 255 127 0 129 99 255 0 191 36 255 81 95 255 0
    208 158 199 43 0 0 255 151 0 134 182 255 175 255 255 155 94 255 205
    91 250 0 99 213 66 154 255 204 45 98 235 155 0 73 255 208 255 255
    141 0 192 240 224 162 240 255 255 141 255 70 80 124 58 100 255 255
    255 0 188 197 76 122 255 173 106 107 182 255 70 38 255 255 70 249
    227 249 141 121 95 255 0 0 244 219 247 255 0 0 214 255 255 65 75 5 0
    112 0 255 215 202 118 66 165 255 10 62 247 44 255 246 255 129 51 100
    255 24 0 35 0 255 133 243 255 89 0 202 129 54 24 237 0 41 0 0 0 205
    255 244 75 54 255 94 89 255 251 253 186 0 0 162 56 88 234 2 255 147
    56 255 143 0 80 51 45 108 204 255 255 0 0 167 237 195 190 0 0 255
    200 16 255 150 255 0 99 58 208 0 255 61 77 213 50 255 120 0 0 157
    142 0 0 8 0 255 34 0 69 0 69 45 255 243 0 12 255 0 47 112 73 234 0
    255 243 156 132 236 0 7 106 143 212 255 255 255 255 158 255 233 71
    255 0 102 120 247 0 215 0 148 0 255 145 83 255 65 202 131 205 144
    125 190 174 255 241 255 26 25 0 0 0 183 30 44 188 0 255 255 192 121
    241 63 212 255 255 0 255 187 139 13 255 181 51 255 53 129 139 255 0
    255 129 255 173 216 255 0 69 9 172 154 62 255 12 0 237 244 14 0 61
    255 135 166 186 171 118 139 255 52 153 255 43 2 255 179 1 255 0 19
    252 0 50 151 112 165 65 255 0 66 67 41 161 44 255 0 67 255 91 153 61
    29 179 57 217 0 59 223 251 197 255 75 0 255 165 0 0 118 255 240 153
    255 123 165 107 166 255 21 196 200 255 187 72 0 121 255 231 26 99 0
    63 255 48 91 177 0 255 0 255 255 0 201 0 48 35 12 71 12 178 0 255
    189 255 169 255 0 83 229 158 255 65 65 229 255 102 126 170 255 255 0
    0 0 84 193 255 49 235 124 255 252 162 0 69 91 169 244 37 23 6 113 0
    255 0 0 255 188 120 0 197 207 57 0 171 235 248 26 52 255 255 3 0 164
    0 150 106 70 102 145 50 255 216 67 255 76 240 219 0 0 143 0 63 23 0
    255 255 10 156 150 92 230 186 255 0 72 152 73 0 68 95 57 194 231 105
    255 13 155 118 202 0 0 12 89 75 97 255 0 0 61 57 138 255 161 255 255
    83 255 255 255 255 255 65 133 255 73 0 224 0 179 0 29 82 62 208 52
    191 10 255 255 255 199 158 49 137 67 78 0 101 202 255 254 0 236 37
    125 143 255 0 0 255 0 0 255 0 185 31 53 255 202 0 203 125 254 1 77
    255 255 0 78 248 243 202 255 84 255 255 255 0 11 153 255 153 85 62
    188 14 0 104 0 0 0 45 255 81 0 0 0 79 255 255 255 83 211 242 51 44 0
    13 137 94 156 103 99 3 24 204 70 190 161 79 0 255 172 255 167 163
    190 0 183 0 10 0 233 0 245 240 255 244 0 9 174 159 68 255 255 0 0 0
    6 0 0 0 97 26 255 255 87 255 209 255 255 211 140 87 215 205 162 183
    15 61 0 16 74 0 237 125 255 255 114 152 207 0 255 167 50 255 255 255
    255 0 86 107 255 0 143 255 255 225 35 0 255 85 0 232 88 96 170 0 255
    3 0 195 118 118 174 255 0 255 0 38 67 138 56 255 71 37 255 255 123
    34 233 89 40 255 255 159 95 46 0 77 38 232 210 255 0 170 0 217 233
    200 63 0 237 255 241 133 0 0 66 118 195 0 220 9 255 134 5 100 199
    107 200 255 23 0 90 110 195 60 13 55 37 255 255 99 41 0 255 151 164
    113 255 37 189 233 103 255 0 3 0 8 31 232 176 95 114 117 176 185 252
    4 0 0 133 170 159 48 19 0 63 166 255 88 117 255 255 77 170 152 13
    165 0 56 26 0 131 53 255 255 212 208 68 77 210 168 88 232 0 0 0 157
    221 255 0 0 122 182 81 240 0 0 177 0 255 0 216 210 0 0 93 255 0 185
    239 255 255 200 255 172 0 36 135 83 255 255 72 188 174 182 15 190 77
    156 247 0 208 38 159 0 0 255 255 65 47 165 199 39 5 0 208 138 255
    199 125 246 49 16 255 0 167 0 34 0 124 255 61 213 129 0 0 32 2 216
    12 107 15 73 71 249 47 230 181 54 255 255 255 64 126 163 13 33 147
    117 189 0 85 194 255 0 86 29 0 15 255 255 255 160 255 255 0 196 255
    0 0 0 0 173 127 31 188 0 94 0 0 162 57 95 32 255 252 158 0 149 0 236
    26 80 82 141 141 62 5 176 146 215 0 46 255 22 0 210 12 100 0 166 169
    255 101 209 174 114 144 253 215 255 255 122 56 20 247 255 58 49 0
    246 255 115 255 91 75 28 201 223 255 24 255 41 0 157 0 0 255 93 255
    67 140 168 255 255 223 238 255 0 172 255 7 215 255 97 72 195 104 255
    27 42 196 2 255 38 255 255 197 222 176 199 131 128 0 9 0 255 107 92
    58 255 107 163 27 217 159 179 177 97 255 255 110 70 0 208 165 0 0 99
    0 39 41 135 73 52 255 0 38 194 0 254 79 181 0 255 93 255 181 0 102
    210 249 114 255 0 82 206 185 105 250 108 255 255 255 157 16 136 69
    53 0 195 132 59 0 119 15 0 255 0 253 255 223 215 28 22 233 185 246
    91 255 255 255 0 17 133 0 255 0 159 155 208 70 23 255 0 218 163 197
    1 255 82 33 219 42 3 123 0 204 101 129 71 255 220 240 21 255 58 255
    190 0 142 255 55 139 0 43 138 225 0 201 255 157 142 241 255 255 19
    255 255 255 187 189 30 160 67 239 108 255 25 134 0 15 3 255 0 0 214
    250 94 0 27 255 141 34 255 255 0 4 97 41 87 194 0 156 18 234 0 251 8
    255 105 99 163 141 0 126 192 217 98 218 255 32 16 125 50 0 57 255 37
    0 206 148 7 201 51 86 0 0 99 255 141 255 255 248 255 110 159 237 12
    72 9 224 0 255 255 131 255 140 0 0 0 180 0 172 255 66 211 132 0 0 62
    125 37 255 166 51 85 245 255 119 255 221 241 0 255 214 163 156 0 34
    0 120 198 255 67 141 89 255 43 255 84 181 0 0 247 221 48 255 0 203
    39 0 252 84 0 147 56 212 255 255 201 151 249 101 78 255 29 0 181 153
    84 95 255 238 24 255 219 0 0 0 255 97 25 0 255 139 0 239 59 255 146
    124 0 104 78 12 182 37 0 107 121 73 65 0 255 50 0 0 255 29 0 28 255
    0 182 0 255 102 0 12 215 243 46 194 150 9 176 144 84 0 99 255 73 221
    124 169 171 168 0 255 255 255 0 0 255 255 216 117 16 97 0 255 113 0
    163 0 74 255 255 48 181 118 63 133 215 99 97 255 179 255 0 255 188
    188 20 70 85 255 235 181 80 142 224 0 199 52 255 79 111 220 107 10 0
    74 0 24 255 175 86 125 255 54 255 0 0 151 153 255 107 141 245 128
    183 0 0 126 255 113 201 16 255 101 71 0 255 0 28 0 32 162 10 255 255
    25 83 255 0 115 0 32 201 201 31 0 53 139 198 0 107 119 0 219 0 149
    255 162 204 17 0 110 255 185 13 157 255 83 77 101 255 0 43 255 221
    191 255 1 255 0 67 106 83 199 34 151 163 204 0 173 255 255 169 23 8
    8 136 41 156 113 143 255 255 191 0 0 158 68 0 255 218 255 184 211
    184 60 0 0 37 54 0 0 211 0 255 0 255 217 255 81 40 216 10 177 36 215
    134 249 215 0 157 255 255 0 55 166 54 175 144 142 42 241 31 166 204
    229 255 192 0 0 72 0 238 80 228 143 0 30 0 165 181 78 40 255 159 255
    255 206 2 46 218 255 16 0 0 70 23 117 118 56 97 231 0 36 97 99 255
    130 215 87 160 255 26 0 0 47 255 136 11 169 255 255 0 255 255 255 0
    255 132 0 0 12 109 0 255 155 255 0 38 118 255 255 255 255 230 230 75
    0 55 175 183 199 144 0 15 0 137 102 209 212 227 89 42 35 0 255 7 105
    255 73 123 0 255 178 73 255 255 7 226 41 250 136 179 62 65 45 255
    255 211 138 21 0 40 52 75 63 0 0 255 172 150 86 0 255 255 0 231 101
    109 255 172 241 149 223 0 255 233 0 222 239 109 0 255 9 0 200 127
    182 179 86 1 152 222 0 89 129 65 97 200 255 184 161 230 0 202 222
    255 202 217 236 255 196 0 0 255 227 200 63 70 255 138 73 0 94 140 0
    0 20 255 0 4 0 241 28 130 198 18 255 0 210 239 207 127 82 145 85 106
    0 0 0 244 27 122 246 202 0 0 85 255 6 0 196 110 6 101 0 125 221 0
    205 0 158 195 0 0 255 254 255 113 233 204 76 255 21 145 0 0 0 155
    161 206 255 165 0 255 255 153 125 172 0 29 70 255 49 0 172 168 255
    165 255 207 16 15 10 0 173 0 194 243 0 0 59 0 192 211 203 15 67 145
    61 255 255 13 221 95 53 0 181 238 0 118 0 0 255 0 185 0 50 0 0 234
    151 157 211 0 255 0 0 255 163 224 95 142 255 64 58 150 255 22 183 25
    240 237 144 0 207 255 33 255 255 76 255 255 26 141 78 229 74 255 187
    0 0 210 0 211 158 235 113 24 90 249 18 0 39 100 114 253 255 169 7 30
    5 255 218 0 10 0 0 247 38 78 33 255 255 175 0 169 33 0 38 255 138
    255 14 99 255 158 169 0 221 0 255 0 0 158 17 80 127 218 91 70 236
    246 138 174 45 187 211 0 103 255 0 243 239 77 154 113 92 255 159 255
    255 27 0 203 92 32 0 59 64 132 8 231 230 153 6 255 18 109 255 0 148
    228 0 187 0 0 255 1 130 164 98 203 255 255 7 0 0 255 57 124 191 0
    176 216 97 255 22 255 38 40 70 0 0 0 0 249 0 0 0 255 0 138 35 148
    212 114 255 161 0 139 192 230 255 175 187 33 30 0 39 96 17 255 231
    27 11 255 97 255 255 27 255 0 98 163 255 255 221 160 0 216 171 0 59
    255 213 20 255 44 104 255 132 0 255 125 145 202 88 240 103 93 0 130
    0 123 0 0 69 245 152 183 212 255 247 255 173 255 174 103 255 0 105 0
    116 140 163 255 255 174 21 189 0 177 96 240 27 10 169 255 7 219 225
    157 0 47 216 249 0 73 69 214 0 105 255 223 81 84 0 207 23 255 255 65
    132 205 255 255 193 0 22 10 25 255 0 80 56 203 41 255 212 102 222
    255 0 57 21 5 33 255 0 237 255 0 23 51 255 133 100 255 0 255 132 0
    177 0 255 255 0 203 243 255 0 255 255 188 0 42 149 255 236 204 0 81
    0 22 155 24 129 0 50 151 255 0 45 196 255 151 0 255 58 101 234 255
    13 0 189 193 237 146 0 255 26 0 75 39 204 255 171 163 44 25 27 255
    175 244 0 0 255 0 28 0 217 255 108 0 255 0 157 59 255 34 0 255 74 88
    225 229 255 70 64 225 9 0 147 25 0 188 255 0 255 255 0 28 179 0 0 49
    224 167 45 27 255 57 255 249 154 0 146 221 255 53 0 255 75 137 255
    17 107 4 255 0 102 0 211 0 181 255 102 255 0 230 255 227 251 11 254
    255 196 89 255 16 255 0 147 15 121 106 255 180 44 119 0 216 49 116
    255 17 70 255 78 0 0 255 255 213 168 33 255 239 221 30 219 254 207 0
    239 165 0 167 149 9 0 118 255 18 238 0 45 203 61 157 102 22 0 0 97 0
    195 212 239 0 255 168 122 186 0 101 4 161 62 183 58 49 0 0 25 0 0
    157 73 255 0 58 0 90 255 165 61 0 84 103 105 43 0 106 2 148 193 187
    0 123 30 177 240 255 0 103 95 255 28 255 117 0 19 176 136 0 68 238
    199 129 255 48 56 255 43 255 80 206 31 0 32 61 0 255 255 251 27 255
    96 18 117 98 172 0 0 255 0 11 255 0 255 0 74 0 146 140 0 175 163 51
    62 216 0 255 22 0 53 255 0 154 160 198 255 98 18 255 0 20 255 231
    129 61 204 215 202 4 8 0 255 59 22 255 1 40 139 255 60 0 202 153 0
    177 48 0 0 163 0 95 129 100 137 0 0 235 255 178 6 255 255 166 158 65
    255 255 0 0 0 64 12 255 185 167 139 244 225 115 186 219 245 135 255
    156 7 133 0 0 0 21 0 0 255 0 216 224 65 125 230 255 122 0 130 0 35
    54 255 0 174 255 124 0 177 138 7 42 0 0 161 250 6 115 222 37 252 255
    7 64 159 254 0 255 163 193 0 28 244 30 0 154 230 240 176 0 255 204
    138 22 212 155 246 116 233 135 255 181 255 255 255 0 0 126 46 255
    255 118 239 236 43 255 131 35 199 0 0 88 212 90 177 254 0 0 142 30
    190 0 0 255 81 31 0 56 255 175 0 190 199 0 238 0 0 25 109 255 180
    251 52 0 200 172 255 255 93 50 104 255 156 136 0 0 73 60 0 255 255
    42 209 188 21 61 0 195 180 28 161 32 14 117 46 118 49 99 0 0 185 89
    214 54 0 206 61 11 240 255 0 255 76 43 198 255 0 144 172 0 149 255
    164 211 246 52 53 255 255 0 239 255 0 87 0 255 238 255 200 255 209
    82 213 0 143 0 135 19 233 255 0 0 111 0 255 223 255 203 142 2 255
    255 209 23 0 72 255 255 0 0 143 160 128 117 38 81 34 139 46 54 187
    199 154 0 0 110 146 255 157 92 146 0 9 255 86 193 203 255 255 25 109
    19 0 48 60 82 255 153 163 14 30 26 176 255 119 0 68 206 255 246 115
    0 21 78 255 186 110 229 113 179 121 255 250 0 243 17 105 24 255 0
    118 150 255 0 147 143 41 93 84 74 0 79 163 41 0 175 255 43 255 238
    181 229 0 157 22 179 203 255 180 83 0 91 167 255 209 3 87 87 0 224
    189 54 255 12 75 239 127 43 40 255 0 0 45 65 109 255 146 54 80 248
    210 190 213 0 250 197 198 0 118 255 52 255 168 231 225 255 10 162
    255 182 255 109 255 87 255 191 55 224 0 242 241 0 39 255 0 112 0 0 0
    122 146 245 198 96 0 108 255 0 40 255 151 86 0 131 0 139 255 0 0 144
    0 198 255 247 159 255 53 7 185 49 0 116 24 0 42 250 54 0 62 255 112
    0 255 230 146 64 211 255 242 166 0 205 255 0 20 73 225 198 41 255 87
    42 0 226 57 255 255 255 90 106 255 131 108 12 93 122 27 255 230 255
    135 0 0 0 145 255 106 149 152 132 233 0 85 0 201 112 245 0 255 0 255
    87 163 0 195 255 255 48 0 80 100 57 134 64 224 144 26 147 19 255 255
    255 128 255 49 4 190 255 145 255 0 90 202 176 9 101 227 1 203 0 0
    244 0 255 159 0 198 0 0 240 220 66 255 255 0 0 223 255 44 65 76 188
    19 60 22 255 76 255 255 0 218 255 181 255 35 0 109 222 66 144 228 0
    185 157 255 165 255 183 152 62 77 0 255 14 166 24 150 161 152 0 0
    173 171 0 0 255 0 8 113 255 0 130 255 164 107 0 111 153 107 255 0
    255 102 0 20 23 0 45 30 104 56 198 252 255 255 255 99 75 151 2 255
    255 0 0 223 104 96 245 166 99 255 95 255 47 221 180 84 70 148 38 39
    61 0 255 255 0 201 69 255 0 0 0 255 237 255 199 255 30 95 235 146
    243 179 225 82 142 187 211 182 226 0 255 212 35 255 86 233 147 255
    255 6 150 255 55 168 168 0 44 179 115 10 90 0 0 45 178 254 178 255 3
    248 0 255 107 107 211 72 30 211 211 25 0 255 255 189 0 35 211 253 27
    224 0 177 255 168 128 255 255 255 214 24 20 255 158 180 223 32 211
    143 210 255 54 183 110 75 224 43 12 255 67 0 255 255 0 10 239 255
    221 102 246 201 11 0 130 167 142 106 235 77 255 255 201 255 0 0 221
    12 163 186 255 36 0 55 29 255 0 230 41 255 0 30 255 116 0 173 245 55
    223 0 101 102 0 57 0 197 88 90 255 237 146 255 60 88 66 255 232 0
    255 166 255 182 110 138 226 3 255 255 125 104 159 0 125 127 41 255 0
    72 72 48 50 168 25 255 92 163 255 0 255 101 255 0 32 118 63 0 95 143
    255 255 146 92 97 255 103 255 36 0 208 255 0 0 192 4 255 67 255 108
    255 255 144 255 243 205 171 0 0 50 0 253 48 245 11 255 255 214 255
    214 255 225 243 255 255 0 255 99 179 150 67 20 255 61 255 128 255 49
    140 0 93 0 216 0 0 37 96 118 187 255 0 78 101 90 218 245 3 37 74 242
    160 153 3 0 104 127 153 88 80 63 232 255 164 61 0 0 241 65 191 28 0
    255 0 0 174 181 123 0 255 230 255 0 255 151 172 0 209 110 0 82 193
    255 0 27 255 186 81 220 145 4 0 255 0 118 255 0 163 246 146 255 255
    0 46 30 0 71 240 153 103 56 255 6 0 65 0 0 0 97 1 110 249 95 76 139
    14 85 88 238 0 255 197 0 117 49 237 188 23 0 135 254 115 136 165 94
    0 253 189 50 0 90 178 224 101 144 255 80 228 72 255 255 157 13 213
    93 28 0 123 106 240 255 255 215 88 0 255 53 215 255 255 110 169 0
    255 0 0 0 255 89 16 255 204 0 29 221 0 102 205 255 0 174 153 0 0 91
    0 0 0 169 0 135 255 0 235 0 190 126 150 46 255 237 0 255 0 99 82 174
    80 140 255 255 119 0 98 46 211 14 199 82 62 80 93 0 228 122 0 255 60
    131 0 241 0 0 255 0 115 255 39 1 255 227 61 164 186 255 243 255 255
    239 255 60 0 255 255 0 255 93 209 0 0 255 255 145 16 30 255 183 143
    255 0 85 43 241 0 255 109 255 214 19 180 101 49 0 0 255 191 255 0
    167 0 238 0 255 255 0 0 0 43 14 255 0 154 135 255 54 220 80 41 232
    255 163 159 176 197 255 120 255 123 152 57 139 139 89 255 0 0 115 0
    131 94 0 0 0 136 255 255 76 255 0 88 77 171 245 0 56 210 0 0 198 18
    249 6 255 86 0 0 0 255 61 0 202 59 83 21 0 114 62 23 129 62 89 16 0
    106 0 0 0 155 0 175 110 255 87 170 0 136 0 0 255 156 43 0 102 170 54
    41 228 255 74 165 112 219 4 164 255 10 0 0 28 75 48 255 255 70 197
    255 255 255 39 0 22 44 210 0 137 176 255 18 99 255 79 44 0 195 212 0
    206 131 77 255 255 55 93 197 200 0 255 0 234 167 255 0 0 255 15 59
    172 184 255 152 15 99 58 217 129 234 255 0 0 205 111 255 167 45 154
    137 155 255 74 209 255 255 249 255 135 86 1 183 228 0 187 169 214
    100 255 140 252 225 0 73 151 0 0 150 203 165 227 255 120 0 90 128
    218 24 0 184 0 116 0 74 0 192 181 125 184 138 247 234 0 255 255 47
    255 0 0 255 0 108 219 42 25 240 40 155 45 249 0 158 133 143 246 255
    255 255 79 46 12 137 255 134 255 153 213 0 224 255 177 255 0 255 96
    0 31 238 245 123 255 90 0 155 201 255 185 1 255 255 93 255 255 255
    139 187 143 0 0 0 12 25 102 194 238 27 109 255 158 156 7 156 0 0 39
    2 9 66 248 122 220 255 7 0 74 170 0 255 185 164 86 121 42 0 227 0
    124 255 53 114 255 97 52 255 95 54 110 45 255 16 162 255 255 166 255
    22 173 255 0 255 255 255 0 0 47 132 255 71 104 151 56 121 152 0 149
    255 207 241 0 255 0 255 255 89 5 255 186 9 255 255 144 0 125 0 0 255
    93 203 0 185 19 52 245 116 255 6 146 0 32 234 0 253 0 40 166 255 23
    10 0 249 196 89 236 0 255 34 255 103 0 9 0 0 67 210 184 206 64 255
    33 133 0 198 255 79 99 255 0 8 7 0 0 193 35 63 227 85 25 160 0 0 255
    147 172 255 192 255 96 80 0 55 0 217 0 255 243 0 53 104 29 255 255
    16 204 161 117 213 108 255 0 115 193 68 26 57 102 10 255 0 236 125
    195 255 202 255 196 199 204 0 220 255 16 0 0 72 102 255 66 255 247
    194 132 255 0 156 0 0 156 33 209 99 255 245 241 255 172 0 134 255 97
    242 0 0 255 166 237 86 0 38 233 0 42 255 255 40 186 204 0 111 255
    135 0 140 255 116 39 0 0 0 95 0 226 132 92 45 255 125 0 63 0 0 193
    146 0 19 0 136 44 53 111 0 255 0 255 255 0 104 164 167 255 183 225
    255 38 140 115 134 255 196 20 255 255 18 255 71 169 206 232 109 148
    255 0 216 142 66 189 166 255 129 95 63 37 0 0 255 167 160 255 50 94
    138 148 119 0 255 239 99 56 253 159 159 181 134 140 255 159 0 117
    247 255 255 0 51 255 141 255 247 151 255 0 75 255 130 179 255 64 37
    0 255 255 255 0 255 134 0 86 216 255 209 107 50 104 244 255 220 45
    255 255 101 255 255 70 121 105 255 0 255 255 255 56 255 21 0 233 72
    255 28 255 255 242 255 0 182 64 0 255 176 136 0 255 216 255 170 90 0
    255 32 243 255 0 177 0 94 45 136 255 219 255 255 102 18 111 109 221
    7 255 91 0 249 249 179 125 179 0 0 31 205 35 99 157 255 197 8 6 255
    216 255 13 0 5 0 0 255 82 80 87 0 0 0 125 144 166 144 244 126 255
    146 237 165 136 28 53 255 125 251 17 140 160 255 255 194 245 0 115 0
    143 0 0 53 93 155 0 133 136 203 105 62 0 255 245 186 134 255 0 0 0
    180 234 166 0 158 255 0 255 230 255 255 86 248 0 0 219 27 255 28 255
    0 255 6 220 146 0 159 230 43 44 0 97 231 6 235 209 0 172 0 73 0 255
    255 28 242 176 251 142 0 0 29 0 164 0 199 138 0 73 99 101 108 255
    193 72 255 255 223 30 92 194 0 138 0 240 255 222 137 169 59 255 0
    224 244 200 112 0 0 255 115 66 81 255 255 0 7 254 255 129 148 255
    203 37 0 0 255 0 0 255 0 157 63 18 255 0 207 106 255 112 0 57 133 83
    214 218 130 28 151 255 58 255 221 255 239 110 159 255 51 80 6 0 0
    254 112 221 122 0 247 0 29 177 232 33 233 15 0 183 122 122 85 0 112
    200 0 0 191 241 120 237 255 0 67 255 71 36 4 55 138 0 6 115 156 24
    40 44 255 20 69 201 0 255 34 145 131 105 49 142 165 116 193 5 170 73
    99 130 203 114 157 121 147 0 100 255 0 12 255 81 96 0 7 246 236 158
    145 104 6 113 182 173 54 255 13 40 223 38 109 211 112 255 255 189
    255 228 0 0 0 134 122 0 171 255 0 108 255 0 138 221 0 86 220 97 216
    255 255 255 221 0 117 255 255 114 39 0 212 0 234 229 0 35 104 0 0
    121 75 72 0 0 17 0 33 119 146 132 163 70 0 48 255 8 255 255 213 63
    81 172 0 255 0 0 170 255 131 6 78 110 0 148 35 94 0 197 232 251 0
    169 0 252 7 81 206 143 129 0 255 133 31 0 255 162 255 0 203 149 117
    0 255 255 255 210 233 62 255 113 17 18 0 109 200 187 6 90 86 0 255
    204 98 129 255 84 218 255 105 0 0 193 38 195 0 124 251 0 34 157 152
    186 139 0 89 95 138 126 0 0 0 0 115 91 166 255 124 0 0 255 150 0 95
    61 144 255 177 205 135 6 66 255 248 2 255 0 103 69 114 154 52 0 9
    255 0 107 54 95 159 0 0 167 123 146 255 200 162 140 125 96 0 170 44
    160 114 6 220 141 0 0 98 255 0 255 0 182 27 154 217 164 167 8 26 0
    109 48 254 0 0 52 180 0 103 225 255 112 12 255 22 163 67 27 51 214
    206 83 162 0 52 255 172 68 95 255 135 0 255 0 255 196 208 255 50 255
    194 35 190 137 84 0 0 0 186 0 0 255 255 181 228 159 108 255 255 255
    175 0 101 41 254 170 105 255 96 163 0 136 255 0 0 1 105 142 215 250
    153 0 177 154 7 11 19 24 192 0 75 255 255 5 255 0 0 255 255 186 248
    20 191 202 134 183 133 255 255 0 129 100 255 255 128 68 13 238 173
    168 80 51 0 255 213 159 255 255 141 9 202 255 255 58 70 0 0 68 0 255
    154 169 125 0 255 0 255 68 255 33 52 192 80 206 247 0 221 210 124 54
    255 0 224 0 131 35 255 0 105 0 191 183 234 131 0 7 59 0 0 146 0 255
    32 192 191 11 224 0 0 184 0 66 44 255 30 71 255 0 255 246 94 196 107
    156 85 154 41 72 255 154 59 54 126 0 255 0 33 178 192 194 0 0 255 0
    0 255 105 255 115 92 0 255 158 106 255 40 25 237 1 0 238 161 67 243
    167 149 0 25 249 180 0 0 118 255 102 0 0 0 158 0 107 197 255 249 224
    116 255 216 255 39 0 255 0 240 63 238 93 230 150 255 70 245 255 255
    96 218 137 255 108 182 124 255 169 0 97 156 52 207 109 26 209 0 255
    150 217 0 20 0 0 255 255 202 255 74 95 188 181 255 0 21 191 92 59 45
    131 0 22 255 49 255 41 96 255 0 208 118 11 179 116 206 255 197 58
    193 255 255 0 136 150 96 93 222 23 0 0 255 226 196 54 0 178 255 182
    92 117 65 255 246 176 255 0 255 139 215 1 226 140 54 43 0 118 159
    126 107 255 158 0 175 205 233 0 231 255 20 170 150 195 0 255 103 60
    124 112 137 255 0 235 46 198 32 217 229 75 0 30 8 19 231 255 255 0
    255 0 245 0 0 148 14 228 131 4 255 156 255 255 0 64 157 0 0 137 240
    114 217 83 255 0 113 107 255 0 213 167 46 6 74 127 255 147 255 74 0
    0 132 95 76 217 249 81 255 134 10 0 230 81 88 190 15 201 235 236 94
    0 255 133 109 0 255 34 38 194 0 170 51 0 140 88 0 255 219 0 28 152
    255 123 244 184 0 218 0 224 80 255 0 255 89 255 253 255 0 136 44 110
    171 255 196 119 153 37 2 137 146 255 33 255 196 30 0 62 170 1 105
    179 54 14 255 185 255 173 116 255 114 0 0 0 188 255 0 144 255 50 138
    190 91 0 61 116 5 0 203 79 18 167 255 88 152 255 255 40 131 0 23 255
    140 248 227 0 255 219 243 255 130 255 119 182 0 255 255 63 0 47 188
    20 116 0 255 0 255 0 255 0 178 255 48 29 46 138 97 0 0 142 179 0 237
    0 41 255 193 255 110 163 150 0 95 194 87 175 221 0 102 96 255 255 67
    255 0 255 131 217 164 229 156 0 255 189 0 33 116 255 122 78 39 0 154
    255 237 9 255 76 122 247 91 2 72 98 0 192 125 255 172 189 209 59 0
    27 0 5 0 0 134 0 49 194 0 48 225 35 255 255 255 255 0 109 0 59 167
    66 230 142 255 227 217 255 165 0 106 20 206 134 13 97 255 255 0 28
    255 0 169 255 47 255 188 0 71 0 0 255 0 98 166 44 255 254 0 197 255
    255 42 255 24 34 0 143 147 0 222 0 255 0 57 255 177 0 222 255 0 63
    255 0 175 154 255 91 255 239 255 166 188 255 87 255 152 255 167 85
    255 174 186 65 255 222 255 192 53 69 141 30 187 213 0 38 255 255 181
    255 229 161 242 0 129 9 48 255 113 16 226 255 0 243 255 81 0 106 239
    0 0 48 136 0 170 81 107 255 90 34 0 109 98 0 188 36 0 255 208 87 239
    236 255 0 0 166 109 212 0 255 255 255 134 108 170 0 60 57 0 255 194
    67 255 22 81 233 232 160 0 247 154 255 0 157 25 252 255 168 255 78
    183 33 77 8 0 171 48 98 255 69 0 228 123 6 254 50 46 199 24 0 153 4
    184 118 182 0 238 237 0 250 255 255 203 8 32 138 122 80 63 107 17 0
    49 0 255 149 0 255 255 255 0 220 107 43 0 62 81 202 118 112 19 138
    255 33 0 255 74 35 68 203 211 0 0 134 18 51 255 0 0 255 67 0 67 200
    250 0 255 0 228 78 251 255 19 60 88 255 255 170 99 0 159 45 186 0
    255 254 255 91 255 255 22 0 71 169 249 165 0 255 255 165 0 255 17 59
    91 197 121 189 35 218 0 245 39 158 255 24 255 135 208 0 255 195 218
    107 0 255 255 214 34 255 119 42 214 250 223 48 0 79 94 163 24 0 113
    18 255 29 106 0 0 32 0 0 66 0 250 215 130 255 138 200 197 250 209 0
    255 176 255 154 121 64 12 173 222 134 141 163 0 65 224 203 0 78 47
    251 255 143 219 151 255 0 255 255 0 249 160 29 0 255 0 21 190 255 25
    98 0 55 172 0 255 157 213 177 18 29 77 208 255 46 239 207 153 255 0
    63 126 31 255 97 131 248 0 255 215 206 255 33 31 220 0 250 255 0 133
    76 153 224 0 255 28 197 140 50 18 147 0 40 158 0 27 103 238 155 22 0
    82 199 12 77 66 147 255 255 0 17 0 0 238 88 115 255 9 255 0 0 234 0
    231 65 128 0 255 92 0 31 0 255 245 255 86 88 138 140 82 143 216 214
    174 218 202 255 255 145 232 36 255 61 0 255 38 0 255 255 183 0 255
    225 133 255 255 255 61 249 255 28 183 200 209 255 120 0 0 255 98 35
    255 0 204 0 255 0 107 168 255 95 0 255 0 139 255 255 62 194 255 191
    109 133 137 204 0 0 47 244 134 174 0 255 0 255 255 16 0 0 172 0 0 36
    255 41 61 46 0 112 11 252 110 255 89 255 246 253 0 0 229 136 90 204
    60 237 62 174 255 52 186 136 255 0 0 255 71 177 233 142 97 214 255
    73 73 77 246 0 14 255 127 64 36 246 255 114 255 10 170 206 155 255
    67 0 186 255 65 52 152 255 248 38 255 255 174 0 178 194 21 192 255 0
    0 255 70 153 36 62 255 255 81 73 0 209 167 0 122 163 126 27 255 178
    22 0 173 191 40 59 145 202 23 33 254 255 105 138 254 121 92 9 0 200
    194 255 5 255 0 168 255 87 159 99 36 12 255 0 167 0 3 113 0 169 0 97
    255 56 231 0 67 255 140 213 109 2 255 215 0 255 205 255 130 97 215
    255 255 186 216 54 179 212 48 93 0 145 255 166 163 255 255 103 0 163
    155 67 84 204 0 0 103 126 0 255 78 0 255 0 0 237 25 88 0 108 255 140
    255 121 0 255 255 255 121 255 233 0 255 48 31 92 73 24 0 66 250 64
    65 250 255 125 103 206 234 150 205 198 113 32 52 195 0 149 7 0 177
    152 134 89 59 20 196 0 47 114 168 40 255 130 188 207 0 222 127 255
    249 255 0 166 191 0 0 32 154 79 255 84 141 255 136 26 0 37 135 0 245
    14 252 21 21 0 0 160 164 0 83 156 77 242 255 133 15 255 255 126 121
    200 196 0 231 26 0 63 0 27 83 255 255 0 137 255 255 132 108 255 0 31
    255 1 255 253 191 0 255 0 255 215 208 109 255 210 0 102 15 19 250 5
    0 194 0 188 255 222 13 229 0 255 0 35 0 70 202 135 70 255 152 86 234
    227 0 0 206 49 0 190 255 0 155 255 121 74 51 197 185 58 84 201 196
    255 0 0 0 0 9 0 129 218 0 57 162 255 181 230 0 255 255 0 173 255 82
    222 213 92 255 0 156 226 150 220 0 60 118 167 18 139 255 36 222 255
    9 20 156 91 255 54 255 48 255 0 89 0 0 133 165 219 0 0 203 255 0 157
    0 255 35 119 95 197 145 91 255 116 234 255 0 255 255 36 255 180 0 53
    0 0 200 0 104 0 84 213 65 154 255 99 0 63 99 7 0 53 220 255 174 1
    103 153 14 97 0 129 58 145 252 31 128 52 220 0 255 147 93 0 214 255
    0 160 0 255 248 255 39 201 137 43 0 103 245 0 255 201 255 230 34 0
    217 255 50 255 190 206 0 154 241 192 255 255 65 31 130 166 1 54 94
    255 177 155 255 255 136 202 88 255 0 255 61 255 255 255 196 0 36 45
    255 0 0 86 24 0 135 127 188 208 255 255 166 11 176 26 255 159 82 0
    255 0 255 41 56 255 207 148 129 0 0 138 58 0 127 0 183 87 0 0 0 255
    255 255 159 237 252 255 255 255 0 128 176 20 255 151 45 36 142 10 0
    207 255 180 0 255 0 92 219 123 0 92 104 1 76 255 0 90 255 0 0 234 0
    255 137 255 0 255 251 181 197 249 195 192 42 192 61 255 0 71 221 171
    19 0 246 28 210 255 0 0 66 30 73 116 255 81 3 50 0 156 36 0 216 9
    255 255 205 100 0 14 87 250 195 118 65 55 217 0 246 125 0 240 76 0 0
    246 211 0 59 162 242 160 27 0 0 180 0 0 75 85 224 113 164 0 183 0 0
    0 255 0 93 174 222 0 190 147 192 0 242 82 154 255 152 222 196 0 13
    179 45 110 230 255 181 0 161 207 245 255 147 77 190 9 188 0 5 0 255
    255 0 252 208 255 203 103 169 255 255 170 119 0 255 197 0 227 0 192
    247 111 255 61 255 0 127 255 0 77 255 51 35 255 0 0 0 2 198 0 2 122
    0 255 0 57 201 239 83 255 130 35 143 125 252 240 255 78 0 255 168
    132 95 182 255 108 0 77 85 0 146 189 255 168 23 255 186 139 14 255
    168 117 255 255 188 81 160 0 0 213 167 21 255 255 0 159 0 71 0 249 0
    160 24 88 0 185 183 144 0 255 9 0 255 119 35 255 236 199 26 70 255
    63 204 47 226 186 158 163 255 198 93 0 178 255 86 24 133 172 0 255
    50 201 255 3 255 109 27 255 189 0 195 220 99 8 255 13 173 110 230
    196 230 255 44 255 23 129 255 160 0 140 0 14 0 228 157 91 81 13 128
    0 243 255 216 166 187 255 150 188 0 196 66 220 56 101 34 0 75 255 13
    10 0 134 0 0 214 117 37 255 147 217 3 39 255 166 124 252 255 0 113
    255 255 90 209 54 185 255 97 202 82 250 152 255 161 153 255 41 206
    144 12 255 182 251 255 59 185 49 137 255 63 0 255 0 0 201 196 249 55
    0 0 0 187 69 0 0 104 226 82 67 0 163 193 8 209 255 239 0 70 255 255
    0 0 15 204 88 88 160 255 0 140 0 166 211 252 255 199 92 220 255 145
    116 255 240 248 0 0 168 199 70 255 0 255 121 238 0 255 0 0 209 0 9
    107 255 135 0 61 212 237 71 151 56 255 55 223 236 160 14 4 255 0 255
    204 123 255 0 0 255 133 44 0 255 92 11 255 30 83 216 116 68 96 255
    222 0 255 0 221 255 62 250 0 0 68 70 211 90 0 0 255 135 255 255 129
    0 255 246 127 255 0 145 7 117 202 255 168 13 240 0 162 5 125 251 219
    255 255 255 74 0 96 5 0 0 0 154 0 75 236 103 252 210 0 127 255 245 0
    255 112 146 255 0 0 20 0 0 0 133 255 0 0 37 135 120 23 255 8 255 255
    234 12 117 255 255 91 0 205 200 247 168 0 45 0 255 163 10 103 255 75
    255 255 0 228 255 0 107 28 255 0 0 255 135 0 0 0 173 255 0 255 255
    255 0 154 131 151 93 118 137 125 103 184 253 67 216 0 35 255 238 211
    194 181 48 0 255 225 251 216 144 192 0 86 132 64 63 102 54 214 255
    25 246 249 0 155 0 84 0 129 49 160 0 255 0 41 33 0 127 98 0 207 235
    18 146 70 66 213 255 0 92 255 103 62 253 255 255 0 194 255 255 207
    255 0 61 0 126 0 211 19 25 0 97 125 242 34 0 249 64 0 255 0 2 189
    166 91 0 217 240 91 30 255 23 0 46 71 255 124 0 240 0 0 255 185 228
    241 0 255 101 217 45 255 255 0 103 177 122 0 68 255 0 254 42 44 29 3
    0 0 238 60 0 255 20 19 255 249 113 167 192 159 21 168 69 0 255 224
    255 194 232 86 255 35 79 255 255 199 124 74 19 255 77 220 0 82 45 0
    178 108 0 14 0 0 0 0 9 87 0 255 255 89 0 253 152 0 182 255 255 115
    61 4 255 14 255 255 12 255 120 0 101 143 151 0 0 86 62 0 14 244 255
    255 255 255 0 0 182 163 129 86 67 92 112 87 160 173 65 79 119 183 0
    192 255 255 230 0 255 148 138 190 255 177 197 78 199 64 162 255 232
    255 204 255 109 68 0 0 72 154 196 161 255 0 122 164 246 156 0 0 109
    159 111 255 53 199 188 255 174 232 89 187 64 255 183 184 64 255 96
    135 17 83 245 0 0 0 255 64 36 47 23 121 255 89 7 186 0 160 103 221
    255 0 48 93 221 39 172 14 0 29 31 0 31 119 0 17 255 0 86 180 187 0
    245 0 255 126 3 223 0 0 0 0 255 0 92 75 0 0 255 0 85 255 115 255 108
    0 25 155 255 255 228 255 122 142 141 95 255 129 0 38 68 0 0 218 203
    105 143 28 49 255 81 196 255 16 44 60 198 73 223 0 116 133 141 161
    117 204 156 0 95 135 47 64 29 255 255 60 0 206 62 230 81 185 214 162
    100 87 0 161 59 0 208 255 255 138 255 238 76 186 255 0 50 115 252
    219 0 255 0 241 72 168 244 0 255 52 255 255 0 137 255 255 255 255 36
    225 175 131 112 21 132 235 238 255 145 51 0 142 151 131 62 212 4 183
    0 0 140 255 25 23 50 255 9 117 29 255 0 204 156 197 167 76 244 243
    19 65 0 88 192 0 224 98 87 19 221 167 13 69 0 0 98 122 0 199 173 255
    13 58 0 0 255 171 249 90 0 0 197 144 0 0 0 0 255 100 255 216 0 0 101
    0 125 153 66 74 31 68 204 236 255 255 0 62 255 255 25 46 42 87 180
    255 0 0 79 100 36 255 255 124 201 1 0 0 194 18 217 207 222 24 136
    255 0 26 129 131 10 154 219 0 0 248 25 255 223 0 201 182 185 181 255
    151 220 0 0 97 242 99 255 85 255 255 110 46 150 11 23 255 247 255
    202 255 38 192 237 230 195 198 193 199 126 95 255 93 52 0 98 50 129
    70 0 0 11 255 0 165 240 255 148 182 255 54 255 136 0 0 181 148 183
    97 255 0 48 0 239 92 67 255 249 176 0 108 0 129 0 95 43 226 0 0 114
    255 213 136 93 208 140 85 255 255 13 157 51 222 220 119 255 0 153 0
    143 175 235 119 255 255 0 252 6 58 28 239 255 255 1 134 203 255 48
    19 229 255 106 0 140 236 95 183 255 255 125 0 65 223 255 255 88 255
    0 170 0 0 0 202 0 255 255 255 255 219 237 0 24 127 231 70 160 165 29
    0 59 129 54 35 10 0 168 255 2 115 0 109 222 101 234 255 250 45 103
    149 255 0 0 117 255 0 255 56 90 0 0 197 88 0 116 114 0 102 255 255
    42 197 52 255 0 0 255 0 118 255 209 103 174 0 0 230 192 0 165 204
    201 137 39 86 130 93 0 221 93 141 41 25 0 255 110 12 255 167 213 0
    110 236 135 0 248 79 255 2 129 52 255 151 97 123 0 0 201 42 242 255
    255 255 0 197 2 205 85 29 215 255 0 0 0 0 37 0 176 0 208 186 30 0
    211 37 0 0 0 93 189 16 15 0 123 24 77 189 224 126 255 255 206 123
    255 254 0 255 142 202 88 163 255 187 212 255 0 118 255 123 95 135
    227 177 255 133 213 0 255 14 230 155 255 255 233 72 0 132 204 111
    221 154 0 255 134 49 202 80 220 255 229 151 157 255 236 150 198 143
    0 105 255 119 209 255 0 38 175 125 123 0 255 201 0 255 242 42 255
    205 145 132 255 255 169 0 255 14 123 8 137 255 138 251 148 123 161
    180 57 0 54 255 0 255 89 57 251 142 55 255 246 74 110 195 93 0 3 3 0
    114 215 109 121 115 111 134 130 112 0 180 30 255 255 172 131 0 0 76
    245 169 186 6 0 71 135 0 243 0 255 0 255 204 241 243 21 54 75 21 0 0
    0 136 0 28 179 255 0 255 0 128 48 241 255 255 231 0 255 111 0 58 169
    254 98 27 186 247 0 251 255 130 255 231 255 3 255 211 180 0 0 12 255
    171 255 0 19 171 151 7 0 177 148 129 0 255 255 46 0 0 0 192 241 0 2
    255 45 255 225 109 255 165 255 183 222 140 255 255 0 59 234 255 92
    105 255 255 108 37 237 65 0 195 18 91 0 203 168 255 0 175 214 173
    165 255 181 255 255 255 209 60 90 2 0 6 255 0 88 150 43 255 41 70
    254 6 133 0 50 172 166 255 255 255 148 236 0 0 100 176 252 255 0 71
    157 119 255 120 255 104 255 62 24 57 0 162 91 96 152 56 76 17 86 39
    41 196 49 255 123 255 150 235 75 0 198 0 0 189 168 143 13 178 235 43
    231 20 38 255 255 178 27 255 110 22 255 93 208 196 5 238 166 167 255
    130 0 0 255 224 0 122 255 0 58 240 255 255 255 57 0 21 255 98 30 130
    255 46 255 214 41 255 26 144 166 138 188 255 124 72 255 255 255 0
    182 0 0 255 0 255 249 35 197 255 22 255 255 196 222 177 114 151 208
    0 11 227 235 142 20 255 11 104 227 0 255 6 169 181 153 247 179 176
    98 0 28 236 239 216 254 255 0 255 104 130 0 65 64 108 131 27 255 162
    0 255 119 212 218 245 0 110 104 247 255 255 0 255 58 255 95 255 65
    255 255 203 0 74 0 21 127 255 37 0 189 133 0 34 120 77 130 198 255
    156 68 238 153 254 0 241 203 0 171 255 131 42 145 56 48 255 255 255
    244 205 195 191 56 255 205 6 177 26 138 102 0 218 255 0 237 0 212
    255 255 8 99 47 0 255 166 0 38 0 11 106 123 255 76 70 0 246 0 48 208
    255 0 110 255 255 123 0 0 0 84 255 250 107 0 255 248 30 13 109 255
    149 63 150 116 120 255 0 185 0 0 1 145 48 241 214 227 0 243 40 126 0
    28 122 252 252 52 153 215 0 168 133 0 0 255 82 0 141 90 0 255 69 135
    9 33 247 255 68 113 0 137 245 255 0 255 255 255 189 255 0 255 249
    255 4 255 255 0 57 176 0 182 227 0 0 238 23 19 71 10 81 79 47 65 131
    235 38 0 0 0 255 42 183 0 0 214 255 156 0 255 211 87 66 106 113 154
    104 134 114 94 0 0 58 255 0 136 22 255 138 255 162 127 172 94 0 18
    242 130 134 255 199 255 255 99 255 0 28 0 0 97 99 255 255 102 0 0
    244 253 21 101 101 37 0 255 0 255 128 0 152 208 52 125 0 255 255 104
    255 0 19 30 201 8 251 40 99 72 36 255 232 0 240 181 175 0 55 0 0 0
    77 157 122 188 255 146 6 255 255 255 0 16 255 0 255 0 52 255 17 230
    11 206 113 184 57 255 0 255 0 0 255 0 234 2 255 232 255 255 255 17
    60 40 253 225 228 16 127 0 16 0 255 36 255 255 5 156 135 62 125 120
    11 0 87 0 45 0 230 0 255 143 68 74 255 148 247 255 80 0 0 22 129 0
    255 209 255 243 157 255 174 146 127 255 133 255 108 255 63 0 237 255
    255 226 66 253 0 175 0 0 12 255 0 0 33 12 255 245 255 255 64 235 255
    243 113 255 82 133 126 0 101 78 101 255 51 253 0 75 255 242 241 66
    255 96 65 0 0 59 194 66 0 0 14 255 255 142 206 247 238 255 176 0 1
    255 255 216 150 97 59 110 34 251 195 0 255 156 0 231 86 54 255 227
    255 255 125 206 255 0 0 233 99 255 0 255 229 70 51 0 255 61 128 9
    189 0 38 129 0 237 18 0 255 250 221 42 59 108 141 71 199 255 255 120
    237 244 170 255 18 176 255 0 0 0 26 0 0 134 185 255 79 61 124 22 137
    235 255 219 0 100 0 0 0 255 220 222 97 255 42 156 192 176 58 0 137
    197 255 255 255 255 68 81 0 255 60 83 163 170 118 0 0 210 129 255 66
    169 255 0 61 163 0 167 85 36 0 191 192 124 7 153 167 0 133 139 4 0
    118 0 117 147 120 163 255 210 61 244 0 168 0 65 143 3 88 255 218 255
    22 255 63 61 65 190 217 36 176 101 236 182 70 255 192 0 0 0 103 9
    188 27 255 210 52 168 134 0 255 236 178 0 132 165 206 152 0 86 0 0
    24 40 248 255 255 169 150 255 182 17 223 70 45 66 172 255 0 63 29
    203 255 255 0 248 0 0 171 20 255 29 29 237 162 88 255 238 133 13 255
    234 255 255 75 137 255 255 62 111 255 152 27 147 255 251 207 255 255
    65 135 63 121 255 246 82 2 213 181 183 255 255 0 42 180 0 151 255 0
    255 0 0 113 255 0 142 62 138 16 31 36 25 63 64 3 133 10 204 17 47 77
    159 255 46 0 40 100 255 184 126 0 0 0 3 194 253 255 254 224 74 0 0
    35 237 255 224 255 241 147 219 132 34 238 69 255 0 0 0 119 76 226
    255 90 226 255 216 87 0 171 198 255 0 27 0 241 124 255 255 85 62 32
    93 28 0 1 72 66 255 106 0 32 6 38 225 0 41 162 0 0 255 165 255 0 223
    232 122 13 255 122 0 161 170 255 153 224 107 150 178 176 236 255 129
    57 95 200 124 0 176 0 205 237 65 77 255 215 0 255 235 222 0 188 210
    79 0 145 0 80 255 255 0 255 237 21 192 64 251 255 45 222 210 0 0 255
    0 224 152 255 255 0 156 57 0 255 123 44 193 234 0 117 23 0 13 75 0
    148 255 250 125 190 255 0 138 255 255 255 0 65 230 0 0 70 230 2 168
    80 255 10 0 0 98 167 0 148 188 207 0 255 61 85 186 225 255 255 0 255
    0 0 189 0 75 181 0 244 203 113 193 255 252 75 150 0 0 209 168 157
    153 255 100 106 194 255 159 0 255 208 0 113 249 255 42 0 0 28 154 0
    175 123 183 27 0 254 255 19 169 60 164 105 171 0 131 137 33 225 73
    255 91 25 199 122 191 203 255 183 255 0 0 60 45 55 255 224 255 117
    220 0 226 168 255 255 82 121 166 0 18 111 142 0 249 21 0 231 123 140
    255 103 251 68 255 255 100 148 153 0 0 255 59 255 127 0 226 0 0 0
    255 142 141 1 0 0 0 255 17 255 119 114 185 0 91 0 18 0 9 255 113 0
    181 151 0 135 255 0 147 204 255 0 0 120 223 234 114 0 255 121 255
    235 255 182 255 183 22 0 0 202 110 150 166 99 144 47 142 84 81 255
    132 140 255 109 0 255 25 66 63 255 179 0 255 63 34 133 255 255 96
    227 255 255 0 11 83 255 255 182 245 219 63 255 23 33 231 250 72 39
    96 255 255 255 0 255 255 161 176 170 255 240 77 85 123 32 255 0 193
    164 58 145 56 104 255 0 60 127 132 190 162 117 57 51 0 255 0 239 0
    103 108 108 255 74 255 43 234 0 198 210 125 175 86 0 24 255 2 181 63
    61 53 215 191 255 39 78 255 255 147 255 103 255 3 108 146 172 121 54
    109 206 0 0 16 159 187 16 255 240 0 117 14 0 0 255 254 0 238 127 255
    162 150 255 0 0 118 153 0 134 161 0 172 41 169 87 42 15 0 176 47 0 0
    0 197 164 172 255 0 0 113 147 160 0 51 98 0 108 35 55 255 255 151
    208 0 255 154 255 0 255 138 0 179 56 255 188 87 0 13 111 112 25 152
    191 147 49 4 255 42 39 53 163 255 107 202 32 0 1 255 240 0 246 26
    121 255 3 53 55 255 0 134 255 0 255 60 25 0 45 205 182 192 252 196
    53 0 7 227 102 137 64 243 106 0 39 0 135 87 128 255 0 0 0 105 255
    255 241 255 71 21 56 198 113 220 81 0 0 161 21 255 20 255 0 129 170
    93 211 43 78 255 0 243 0 0 104 54 205 87 150 0 168 161 255 97 246
    255 87 202 245 85 178 65 201 24 0 88 0 186 238 0 255 125 58 241 0 0
    0 0 199 102 0 255 255 255 0 255 56 194 0 205 174 183 0 77 171 255
    255 31 221 151 122 111 0 237 0 78 56 0 255 255 82 0 1 108 255 80 41
    255 131 246 27 132 235 255 0 66 0 127 255 237 143 40 98 54 17 17 28
    88 202 126 253 48 187 160 149 228 111 157 255 222 255 13 255 142 227
    255 123 255 227 150 171 67 11 0 10 0 0 255 31 179 255 147 119 68 9
    131 0 104 0 0 74 127 255 255 0 122 132 0 205 68 23 87 0 184 201 0 0
    160 182 164 255 116 0 169 100 81 255 0 0 0 255 31 255 255 73 252 0
    123 113 0 81 255 6 255 94 197 5 232 135 0 224 0 255 230 202 17 185
    167 231 255 255 193 255 115 255 255 255 255 255 125 159 47 50 213
    255 221 69 204 0 255 15 0 154 108 0 151 255 242 255 215 216 160 198
    233 0 255 255 0 0 255 57 20 170 31 28 178 66 137 53 51 73 0 203 25 0
    255 91 82 119 93 199 97 255 233 83 255 0 211 0 0 255 251 255 14 103
    152 109 17 18 66 135 247 0 106 148 255 48 83 78 162 79 0 174 0 73
    255 0 101 156 255 255 255 126 112 242 0 123 255 255 0 204 24 164 0
    71 211 255 255 0 0 255 223 74 62 255 146 255 255 131 0 190 229 19 22
    102 194 186 0 57 28 239 0 165 93 29 79 0 255 9 120 0 230 218 137 48
    230 222 157 159 255 217 255 123 119 0 255 255 131 204 0 232 11 255
    18 255 0 255 14 0 0 0 98 160 129 0 0 255 255 161 255 162 0 250 187
    36 123 58 195 0 111 233 236 174 255 255 116 255 72 255 144 239 0 187
    0 16 204 0 224 198 255 0 253 224 0 217 28 5 0 0 34 107 45 0 0 213
    241 129 0 114 31 222 255 227 0 209 255 15 80 161 255 89 217 0 224 85
    0 247 34 0 255 124 139 224 255 0 239 157 8 102 0 143 255 195 20 206
    130 96 17 105 0 79 255 255 64 122 242 0 255 58 0 105 0 11 0 119 239
    21 0 12 195 14 46 0 205 255 75 255 255 40 46 187 38 95 255 13 255 13
    0 255 0 0 207 1 160 11 161 104 168 135 140 7 244 0 255 0 132 194 145
    90 0 0 255 0 255 71 105 25 44 80 255 79 0 235 58 0 0 0 255 0 0 158
    244 118 184 0 164 232 152 255 255 12 173 255 244 0 144 139 0 139 0
    74 109 93 241 123 130 179 1 215 245 0 255 255 182 227 113 126 255 39
    56 253 188 255 15 145 0 73 255 44 255 89 255 116 228 0 209 0 93 167
    0 0 214 141 90 235 0 0 39 24 255 0 10 53 139 22 0 255 87 46 178 203
    252 0 204 239 0 95 166 208 115 255 255 0 198 255 208 132 71 99 175
    59 255 104 21 255 136 255 0 9 19 0 0 104 75 0 244 185 153 110 6 0 0
    255 204 0 0 255 210 0 0 203 109 241 112 0 255 191 255 35 0 145 162 0
    0 81 213 202 6 0 19 213 100 115 0 0 0 231 66 65 255 54 208 209 218 0
    255 112 255 50 50 240 255 109 23 250 247 164 215 0 255 0 180 255 72
    184 0 227 130 103 102 237 152 238 62 255 236 181 255 159 255 239 102
    0 138 65 255 227 255 0 151 210 188 254 212 0 207 0 41 211 255 54 236
    70 86 255 121 221 0 231 236 50 61 0 89 159 0 183 198 255 255 68 94
    51 235 121 0 211 59 0 0 26 0 58 0 223 122 0 175 0 47 0 114 210 255
    41 94 83 64 25 220 210 255 156 255 178 131 228 0 58 134 0 29 27 228
    20 69 241 198 18 174 23 255 0 202 255 149 58 219 255 94 57 115 255
    216 204 10 169 10 0 191 255 199 69 0 195 89 193 199 0 0 255 232 255
    189 248 255 0 29 0 30 60 0 0 180 0 9 45 249 61 6 255 254 115 70 138
    32 0 255 114 48 84 255 255 0 157 167 0 150 248 145 0 255 0 178 225 0
    222 185 0 58 247 255 255 183 0 0 255 210 52 43 116 189 255 255 42 0
    255 120 0 99 0 0 251 255 120 255 255 218 49 248 252 220 0 0 46 255
    244 174 255 0 169 255 255 113 0 255 170 117 255 163 176 255 108 82
    154 184 184 250 0 120 0 194 255 26 21 170 0 128 0 137 255 0 40 116
    250 171 114 255 255 255 0 0 188 154 190 255 230 224 9 204 218 217
    102 60 252 220 149 231 17 249 48 7 0 232 114 38 139 235 152 76 225
    214 108 218 251 0 0 241 148 120 0 193 49 206 0 70 255 254 220 0 117
    0 255 0 167 103 114 255 255 60 0 255 0 0 32 0 0 37 0 157 43 216 136
    52 215 239 43 0 42 231 75 0 96 255 8 255 6 30 196 107 180 255 255 1
    34 111 75 182 142 0 255 0 161 0 64 255 0 75 207 98 98 239 255 247 0
    0 240 164 168 255 255 255 156 77 54 205 255 169 16 255 0 149 53 226
    121 0 251 0 29 0 208 255 236 65 255 255 231 68 104 203 0 0 131 13
    255 221 250 188 254 0 149 177 0 243 0 137 192 19 38 77 206 115 255 0
    0 120 55 160 255 246 238 227 220 0 255 255 255 127 211 0 58 255 255
    255 246 0 35 159 255 110 16 191 217 247 204 231 14 35 12 47 53 222
    255 134 63 0 0 195 87 0 113 0 255 175 42 255 0 100 14 255 255 8 164
    37 0 0 0 0 56 172 163 0 77 146 72 151 204 255 23 0 248 0 22 255 220
    9 123 178 231 39 141 6 53 255 0 199 94 255 0 3 201 127 255 107 210
    190 0 6 0 0 255 0 255 204 83 23 133 0 64 9 119 255 0 52 142 46 0 47
    218 145 90 6 255 245 87 255 170 252 96 202 255 78 255 235 141 203 81
    185 211 0 137 38 82 255 113 233 176 212 123 0 255 134 96 44 102 181
    255 255 248 237 253 0 250 255 0 58 0 0 33 0 185 255 0 187 255 255 0
    255 2 21 53 96 83 144 255 255 49 255 201 255 220 0 25 7 221 0 170 52
    146 67 189 255 255 0 255 0 223 104 0 244 91 255 68 255 194 80 164
    255 170 84 0 20 112 23 0 101 255 0 0 0 126 0 255 14 255 254 155 59 0
    109 249 47 0 255 255 0 255 164 34 68 255 220 226 217 0 0 0 0 246 255
    15 0 0 43 201 204 39 47 255 80 255 255 89 255 142 65 238 0 166 0 100
    7 89 9 193 250 255 255 255 26 111 230 33 255 255 255 197 170 232 0
    135 126 0 167 0 132 0 26 211 6 63 113 127 30 255 255 0 255 53 244 16
    0 255 60 0 255 216 97 0 39 215 255 255 255 125 153 0 59 214 102 255
    11 255 255 143 255 255 0 85 0 12 0 255 166 231 12 164 135 24 191 104
    142 0 73 255 37 119 16 101 102 89 150 48 255 255 255 80 208 103 0 0
    128 255 139 0 0 114 187 148 0 255 223 255 248 66 63 206 0 255 255
    184 255 0 250 255 0 167 0 138 88 0 6 139 0 66 255 0 113 0 66 0 255
    39 75 62 75 255 161 177 0 213 0 0 83 223 195 7 56 0 253 0 0 165 0 40
    0 136 227 187 212 192 156 27 124 255 119 185 145 0 199 222 255 184
    204 94 0 255 115 49 28 0 83 79 232 197 0 209 0 234 206 184 0 255 0
    190 197 72 5 17 85 61 163 255 160 1 210 117 10 149 0 0 67 31 123 255
    206 170 134 219 255 0 248 158 141 83 178 82 65 69 87 118 0 37 28 226
    0 0 0 0 0 0 255 23 227 255 159 180 210 131 255 0 87 255 233 123 106
    0 36 198 25 216 255 87 46 255 182 62 232 142 0 255 63 0 249 29 255
    97 68 69 153 66 74 29 0 0 249 100 37 232 255 202 16 98 255 215 0 177
    0 180 15 225 174 54 124 2 220 161 63 32 107 0 255 255 255 95 212 197
    2 38 176 0 89 142 0 187 0 122 255 0 98 255 212 255 66 30 255 39 255
    94 255 134 161 194 208 48 0 72 59 207 26 255 151 71 18 255 255 255
    169 255 255 185 255 242 223 0 0 255 0 0 255 0 64 255 230 14 0 163
    224 255 255 188 0 255 134 0 103 138 42 42 231 26 255 46 102 255 83
    203 50 123 112 255 249 255 229 255 217 215 8 173 116 255 65 177 56
    54 0 255 241 0 0 255 255 108 199 255 0 116 255 255 167 148 255 255
    23 157 0 55 64 149 0 255 0 194 255 157 101 255 116 241 99 179 150 0
    73 0 112 0 0 0 0 172 23 110 66 0 145 119 90 0 154 89 43 0 185 51 195
    0 116 0 184 133 0 37 234 153 143 0 255 0 0 77 0 5 39 43 247 255 31
    255 255 126 194 255 0 109 33 255 0 216 0 76 255 58 203 217 98 72 156
    8 196 0 0 255 197 104 196 158 87 255 184 255 0 105 0 0 207 0 22 255
    15 252 0 207 255 255 242 94 0 183 60 0 71 0 100 0 0 47 15 168 207 66
    255 0 95 255 0 255 84 222 144 209 201 0 255 205 99 78 117 47 195 0
    130 252 255 255 89 101 255 255 53 0 0 0 162 231 255 255 50 255 200
    255 59 30 7 100 249 83 171 2 0 97 178 26 92 255 0 255 214 105 46 0
    172 60 0 241 127 153 0 117 70 0 220 0 110 44 147 204 0 255 23 114
    255 26 34 224 0 255 48 0 248 93 25 194 190 187 166 0 255 76 202 19 0
    13 38 17 124 253 7 255 138 0 4 255 160 14 255 84 137 206 240 0 0 57
    255 97 45 0 101 157 255 255 255 248 194 0 0 134 254 2 108 66 255 247
    0 255 255 0 29 0 252 137 38 0 161 0 154 113 81 96 212 28 0 255 204 0
    255 255 0 183 255 97 38 255 204 0 0 36 255 255 138 0 151 89 123 110
    176 11 148 69 130 216 45 233 71 145 128 0 31 0 255 85 255 0 103 0 80
    146 43 0 0 166 255 255 255 78 221 138 136 217 255 237 255 59 199 89
    0 255 173 190 0 184 0 0 215 114 19 151 255 255 217 33 0 111 186 0 0
    4 92 154 30 162 16 255 198 100 70 216 138 220 197 99 93 180 16 233
    245 176 88 255 162 255 140 237 136 106 29 0 182 216 255 185 96 87
    228 147 91 193 247 214 0 0 255 91 255 157 184 0 255 82 124 255 63 29
    151 255 86 107 137 235 103 0 0 213 98 73 177 184 119 132 61 238 176
    0 255 255 204 1 204 255 196 126 210 0 0 255 0 0 255 0 212 34 120 191
    255 0 255 164 91 159 71 255 0 114 255 0 255 124 231 255 60 225 189
    255 124 0 240 100 197 46 188 7 210 210 206 174 0 0 0 0 0 255 15 178
    213 188 210 207 204 82 7 231 49 255 62 0 232 126 170 246 255 0 128
    124 232 255 214 108 208 152 255 128 0 190 45 0 221 229 243 253 255 0
    255 255 0 255 136 6 211 0 255 255 136 253 160 0 207 0 107 255 201
    161 180 56 27 68 63 227 255 0 168 255 114 48 255 42 140 255 0 240
    255 68 29 191 90 0 103 152 84 30 255 0 141 87 0 84 137 140 0 184 255
    0 117 76 0 249 129 0 255 221 72 0 0 0 55 0 174 51 58 148 191 197 255
    51 89 67 0 255 150 255 174 255 218 182 120 39 255 15 144 0 0 255 171
    255 188 163 56 99 95 0 255 0 252 0 255 245 47 6 22 255 0 137 42 90
    225 0 0 16 240 18 255 235 0 3 0 0 0 31 240 222 118 0 38 0 0 255 255
    35 6 0 24 255 0 0 88 0 251 137 227 0 0 0 185 255 0 14 85 255 255 88
    144 95 255 255 156 124 255 0 129 40 255 17 230 17 197 18 12 51 255
    54 0 134 255 112 0 67 30 78 239 0 96 61 34 0 49 251 171 106 102 27
    201 213 0 204 31 255 0 255 0 0 255 196 139 255 0 32 255 216 0 134
    214 255 141 255 255 255 58 38 57 110 100 203 166 20 197 218 0 106 49
    255 0 5 255 0 228 185 255 93 168 0 220 182 255 134 152 183 217 0 233
    255 98 222 229 250 0 211 192 86 15 82 126 52 179 79 0 251 236 116 74
    44 0 48 164 255 181 28 255 130 0 58 251 255 75 0 255 61 0 189 255
    188 106 0 255 246 0 21 94 72 26 102 255 196 19 250 44 0 86 73 149
    193 255 255 0 255 76 211 255 0 255 255 203 224 255 212 61 0 120 7
    255 201 0 197 191 0 0 246 170 108 220 255 243 140 44 223 148 28 82
    214 255 0 0 215 217 206 144 154 218 255 250 164 255 151 202 88 255
    12 0 0 195 0 255 0 255 54 173 175 230 16 22 129 0 0 163 177 9 119
    206 255 0 255 255 229 59 84 2 0 67 43 0 210 0 148 234 151 191 0 255
    177 122 242 0 146 0 0 168 185 4 161 154 0 44 0 255 19 0 255 255 14 0
    255 0 47 190 231 0 244 139 255 255 144 254 78 19 243 0 236 255 0 37
    171 0 214 0 0 255 0 222 255 246 204 246 106 255 0 135 207 128 0 110
    0 0 255 31 255 0 214 48 121 16 41 255 0 253 255 127 6 0 255 0 255
    197 0 114 0 252 15 196 100 169 255 68 127 255 72 61 0 216 156 255
    246 109 141 234 0 0 162 255 17 0 255 187 127 182 76 248 182 0 52 255
    255 142 255 95 0 255 0 147 0 0 255 43 142 0 68 224 106 243 134 79
    138 180 253 0 0 52 0 112 161 255 225 0 0 248 0 255 219 0 248 0 176 0
    155 9 255 165 219 70 0 255 0 48 0 255 255 0 241 201 178 19 240 0 255
    107 246 46 255 242 26 58 232 186 136 131 0 15 190 33 50 27 216 186
    255 59 77 42 0 196 70 114 36 38 255 81 242 245 0 76 252 148 106 255
    64 0 255 255 55 0 0 252 2 97 49 0 165 246 255 179 255 0 0 255 255
    202 83 255 3 59 255 197 72 206 240 255 106 255 139 0 255 211 0 185
    252 159 255 255 162 0 255 231 107 255 39 255 0 0 249 255 1 255 47
    175 57 0 53 36 255 0 48 255 164 253 68 255 119 255 255 0 29 184 254
    55 100 255 8 203 45 102 255 113 149 0 87 255 0 0 124 255 12 116 255
    255 157 171 255 208 191 204 99 80 253 48 159 229 5 4 196 0 0 0 223
    138 0 0 176 61 123 183 67 162 237 232 18 133 255 0 176 190 89 184 0
    26 153 0 105 167 0 252 255 180 123 210 255 222 241 121 255 117 0 34
    205 66 0 57 84 0 46 74 210 219 106 255 254 70 74 174 0 138 57 195
    129 240 14 191 0 255 0 10 251 194 115 215 41 0 255 255 215 254 255
    255 104 90 73 143 38 0 202 83 139 179 255 0 0 0 222 13 199 149 187
    139 0 140 139 196 255 138 178 30 139 0 255 3 90 216 0 239 137 47 131
    76 126 45 255 0 0 0 255 200 5 85 108 165 240 0 254 255 140 29 74 220
    255 81 179 86 40 0 255 0 255 186 115 57 126 255 251 141 232 201 0 22
    158 0 30 255 0 210 255 86 255 254 175 250 243 188 64 255 12 255 106
    14 0 255 42 0 255 147 79 255 0 187 108 136 14 156 255 241 255 255
    255 160 230 255 169 0 59 215 255 98 7 0 248 80 0 255 255 168 255 255
    31 255 175 255 255 58 255 0 255 73 15 95 255 225 219 136 204 83 93
    255 255 0 0 0 37 215 79 183 88 255 26 255 219 246 149 190 133 255 43
    158 255 255 255 206 255 251 0 70 112 255 193 190 21 232 156 126 125
    0 104 0 227 255 80 52 133 245 191 255 184 33 160 0 206 0 255 187 8
    197 186 0 236 89 255 191 186 233 0 0 27 231 138 0 255 10 119 36 70
    138 90 0 146 169 237 183 255 8 104 144 0 0 0 208 32 0 255 0 81 255
    23 35 39 205 223 3 52 87 0 209 82 255 167 175 18 188 64 0 8 0 19 0
    164 255 0 32 255 146 150 106 255 0 181 255 79 28 0 223 74 255 156
    255 206 225 0 113 33 255 119 159 0 107 255 2 219 249 12 56 153 226
    255 0 0 18 88 215 235 157 33 182 0 0 121 33 126 255 130 0 185 19 1 5
    255 255 168 111 0 0 125 255 144 106 126 176 19 0 255 255 255 161 195
    79 184 34 0 162 0 73 255 171 105 121 40 0 0 0 0 99 0 118 198 232 236
    190 182 188 0 214 0 0 178 0 176 49 255 199 0 60 0 203 76 71 67 159
    198 62 0 255 235 66 108 61 255 0 0 156 27 78 245 0 152 0 0 255 255
    85 255 140 255 211 208 255 84 38 0 249 147 0 0 255 87 28 255 170 104
    34 99 255 36 194 255 0 255 255 255 83 255 141 0 204 252 225 0 92 35
    0 95 0 0 255 214 0 91 138 255 0 0 222 191 0 110 204 255 60 0 0 25
    130 15 68 0 18 179 131 100 255 0 255 181 0 79 246 18 255 125 255 157
    255 37 247 157 255 103 255 64 143 255 255 121 93 255 255 41 31 255
    255 249 255 177 255 86 57 255 48 215 0 146 47 0 0 82 233 54 79 47 0
    249 73 0 153 255 255 0 227 203 216 0 1 58 222 0 219 0 0 213 255 255
    144 0 16 88 126 234 174 162 0 41 255 249 176 91 0 187 56 146 144 170
    255 0 255 144 198 202 0 0 255 121 0 193 3 0 0 0 255 0 255 255 242
    255 185 19 135 134 78 169 244 161 255 23 50 0 0 0 0 0 255 227 114 93
    255 210 0 255 90 254 0 67 8 147 75 187 7 0 0 177 124 0 176 2 174 190
    255 94 63 123 0 127 216 236 10 79 231 220 40 47 255 229 20 177 0 255
    0 255 23 255 214 255 255 35 0 255 83 255 122 28 247 0 161 255 74 0
    229 255 0 227 255 0 175 255 255 0 96 0 146 237 102 239 0 132 154 255
    171 35 136 0 117 19 6 255 145 16 143 246 23 0 255 255 130 78 102 0
    255 53 92 0 255 255 180 0 75 103 0 255 250 121 54 201 149 114 255
    137 64 255 255 194 126 19 168 173 31 255 216 164 175 129 255 0 2 255
    0 247 191 252 195 196 145 35 3 255 33 85 0 81 255 241 50 219 166 255
    96 140 249 17 3 229 255 202 208 0 18 50 243 66 211 41 0 223 62 26
    213 255 231 239 207 255 244 255 134 255 27 129 255 15 68 92 255 0 0
    144 111 205 23 166 178 255 56 0 167 64 68 66 255 203 0 91 13 9 255 0
    239 255 45 139 154 0 200 236 255 69 179 16 222 159 0 255 125 255 6
    70 255 0 1 147 255 30 48 0 0 80 246 0 35 0 0 219 17 0 73 255 226 255
    255 251 157 74 138 91 0 0 0 0 143 11 255 236 255 17 255 244 159 65
    255 158 0 0 95 12 56 205 39 0 198 221 0 103 86 255 47 100 255 66 129
    43 75 0 255 214 180 0 255 47 93 115 162 240 129 23 108 255 34 108 15
    255 210 165 0 255 0 0 255 63 113 51 255 255 37 0 255 8 6 50 186 142
    255 65 255 117 255 0 251 255 0 28 179 54 255 93 255 82 172 136 255 0
    123 59 210 140 0 21 255 164 0 161 255 233 126 255 247 165 211 223
    159 0 205 39 115 246 145 219 148 30 0 217 17 82 255 152 0 147 150
    255 207 174 202 255 66 169 0 255 37 218 245 25 229 159 1 42 206 56 0
    255 114 48 81 39 255 0 135 255 105 104 119 255 0 0 255 255 242 255 2
    50 137 67 35 0 31 9 24 4 110 207 255 0 0 255 104 212 255 255 203 98
    234 255 14 255 100 251 119 0 23 0 36 255 142 255 183 20 14 0 125 240
    198 0 1 145 0 69 0 111 188 202 103 197 221 71 156 254 19 255 255 0
    59 210 0 0 0 131 255 0 0 10 234 204 204 255 181 194 255 138 211 130
    241 255 0 255 252 171 240 78 15 255 93 33 234 173 96 21 205 91 80
    138 0 255 150 254 0 22 53 51 12 87 255 2 4 199 36 237 198 228 22 210
    49 228 233 189 0 255 186 255 255 0 82 162 249 7 73 84 0 255 0 172 0
    171 0 255 79 0 234 0 34 157 232 0 88 252 246 118 63 139 127 255 125
    0 255 217 15 0 86 0 18 21 73 201 255 34 0 0 220 0 255 238 204 73 81
    25 62 94 19 81 0 118 230 188 1 4 99 255 9 53 173 214 146 64 255 0
    154 0 246 85 255 96 255 240 0 150 0 89 0 253 214 0 106 0 255 108 0
    255 152 213 49 0 255 152 207 135 0 0 50 113 78 123 174 215 134 0 168
    255 0 0 115 49 0 15 12 0 194 176 71 43 211 169 214 255 40 0 255 226
    122 234 4 39 7 87 9 8 255 255 0 0 136 21 255 195 126 243 173 255 0
    19 0 217 242 0 255 123 52 2 255 144 114 174 107 255 246 225 255 244
    238 63 119 14 6 241 55 142 92 0 70 247 112 255 0 62 255 0 231 255
    255 0 0 255 34 0 13 129 43 255 46 112 0 30 216 9 58 246 14 0 90 255
    238 90 210 199 44 146 56 180 0 101 0 32 226 118 0 232 0 99 233 0 255
    0 167 63 47 255 187 76 223 24 124 255 255 101 255 230 255 255 255
    142 0 174 0 190 255 0 255 255 187 252 3 127 0 78 208 247 5 0 255 81
    205 0 255 150 151 255 255 199 153 255 155 102 57 90 0 30 117 255 0
    46 255 225 255 255 0 138 3 115 0 143 248 255 255 107 246 255 255 247
    41 83 255 145 0 208 0 32 0 120 255 0 173 0 255 255 42 255 215 255 0
    94 255 230 255 109 149 180 214 168 108 76 40 140 68 135 72 38 144 0
    0 0 0 255 255 221 255 239 255 255 44 255 41 238 49 14 197 236 146
    255 173 155 242 210 0 255 145 231 215 209 0 255 24 143 18 225 0 255
    82 179 44 255 0 164 122 195 255 202 119 99 0 24 181 255 0 245 0 50
    229 0 28 162 54 208 109 90 97 176 90 0 255 88 255 255 36 85 164 255
    231 135 255 113 0 0 204 115 47 16 178 255 0 0 255 238 255 167 168
    181 134 146 221 50 74 252 29 184 246 0 26 0 71 241 0 197 255 195 171
    25 180 240 52 223 73 49 163 255 234 169 194 249 7 40 208 0 125 99 0
    0 242 0 255 7 103 229 108 53 198 161 96 122 255 38 232 91 255 133 30
    77 255 84 255 210 53 255 101 199 0 141 28 37 0 199 162 209 209 0 255
    109 113 85 236 255 190 4 255 255 122 209 237 159 255 255 0 255 248
    244 255 160 221 0 80 0 148 9 0 0 47 211 255 255 253 0 129 0 255 137
    210 255 0 255 255 146 255 255 74 255 92 255 51 64 184 100 101 8 141
    51 61 0 0 0 45 134 0 234 60 255 0 0 170 37 26 105 183 132 148 0 95
    252 0 200 0 72 0 0 111 255 115 235 0 255 0 22 13 255 0 13 255 148
    112 255 4 255 87 166 0 247 79 174 255 255 121 254 146 255 141 224
    185 162 255 255 18 0 255 0 248 255 241 122 49 255 151 255 255 255
    181 215 255 164 101 85 169 251 0 119 255 96 117 144 107 0 224 93 255
    18 211 171 57 110 36 165 0 0 133 255 195 102 0 0 10 255 104 85 219
    238 142 98 48 81 147 0 255 0 210 255 46 30 0 124 245 0 110 134 73 22
    102 255 6 12 255 255 255 138 255 255 177 223 255 225 23 197 27 255
    63 44 255 161 255 161 193 91 118 223 0 255 67 0 161 0 0 255 84 41
    255 0 54 26 255 218 24 64 84 227 93 158 0 94 0 0 255 0 40 0 35 144
    73 223 0 251 155 248 0 0 0 255 0 0 255 0 255 26 202 115 245 255 255
    66 233 0 0 150 246 154 17 255 121 194 127 18 0 255 139 99 51 242 17
    255 132 254 172 136 255 57 142 90 214 239 20 255 131 0 61 234 196 72
    68 255 90 26 255 255 0 0 41 111 0 225 187 192 4 255 0 74 255 108 135
    1 155 157 198 243 255 193 255 43 0 255 207 218 255 0 123 215 6 255
    198 169 74 0 131 253 88 255 0 0 218 255 78 222 179 90 255 37 255 0 0
    0 255 255 0 16 41 11 204 255 118 211 0 255 197 0 0 15 222 255 155 54
    189 255 224 255 220 0 0 90 0 0 62 255 255 255 255 39 10 64 183 58 0
    0 233 255 13 208 226 245 206 236 255 71 6 0 0 153 19 91 0 141 255
    144 6 255 0 59 195 72 187 69 142 209 0 218 104 255 192 0 220 54 156
    0 130 151 149 236 0 255 198 255 153 255 255 0 255 214 213 0 83 22
    164 0 138 0 255 179 0 124 0 0 107 228 0 112 0 0 53 148 134 86 255
    183 0 53 142 79 242 0 160 0 0 2 41 44 70 214 0 255 0 79 255 0 113 0
    0 255 0 255 151 216 255 240 204 22 87 240 176 83 128 255 103 255 55
    188 132 8 255 10 239 255 230 255 0 251 255 0 51 169 89 255 0 255 50
    0 255 138 153 255 163 0 2 137 226 0 255 72 0 76 255 0 70 207 0 52 9
    0 170 255 255 0 18 103 158 49 255 13 53 96 40 221 192 0 3 127 0 192
    231 245 68 112 221 54 2 57 222 225 154 0 233 131 0 35 197 206 12 255
    238 144 234 86 213 0 159 201 0 82 255 227 13 122 255 255 205 255 155
    153 66 230 255 0 13 255 255 55 0 151 79 255 34 218 91 255 39 255 188
    203 255 246 105 14 10 0 208 140 255 190 255 60 0 92 255 255 0 120 11
    255 204 43 7 255 0 2 244 255 255 0 255 255 28 22 188 0 199 25 49 222
    255 238 0 133 177 0 231 255 157 0 255 0 39 154 220 0 246 0 68 120 21
    65 255 43 12 196 103 0 238 22 52 255 255 255 52 0 0 217 255 166 219
    0 251 183 0 255 0 126 159 255 3 84 138 61 232 0 157 255 0 255 119
    237 22 0 204 232 113 0 0 75 47 0 0 0 160 224 255 34 255 9 0 95 0 124
    254 0 145 255 0 131 253 130 255 66 105 165 103 69 255 14 61 255 0
    128 255 8 151 255 255 140 88 255 240 169 67 255 255 216 0 183 255
    166 53 75 133 101 75 118 34 118 165 0 242 255 0 0 125 0 176 0 241
    165 255 255 224 169 151 8 209 0 42 0 225 0 0 0 131 169 202 176 13 30
    255 28 255 84 0 180 98 146 116 88 220 255 0 126 116 72 0 255 184 0
    255 136 0 149 0 0 0 89 127 218 255 0 0 164 100 240 60 38 165 170 4
    167 80 199 51 6 211 0 175 255 203 71 0 0 0 0 19 255 45 136 12 255
    182 50 0 255 183 100 18 169 0 242 255 23 215 119 193 255 234 215 13
    255 255 255 150 0 211 125 255 249 182 97 37 0 255 255 197 0 242 194
    149 183 41 255 71 45 41 0 0 242 37 13 117 124 107 147 255 232 148
    202 0 103 122 0 90 7 177 0 25 255 255 0 50 0 43 61 125 0 255 184 0
    154 112 123 189 213 55 0 227 0 10 38 255 28 231 0 39 32 18 86 147
    159 107 255 237 178 86 223 63 188 255 0 255 21 0 0 195 12 213 98 243
    95 255 255 7 92 131 200 163 0 0 101 0 197 80 108 93 255 255 45 0 90
    13 0 7 48 205 0 0 242 34 57 9 97 196 93 63 152 255 53 0 33 107 32 0
    199 0 177 255 234 107 71 0 194 216 0 255 90 0 189 191 184 255 58 77
    133 255 204 182 0 131 255 46 129 142 255 106 231 28 217 0 0 255 0
    232 255 0 0 12 240 0 182 35 57 5 169 255 164 0 0 31 209 8 107 150
    112 189 120 0 222 0 255 255 197 255 178 0 0 24 0 0 160 255 0 224 255
    54 0 142 225 0 50 185 187 0 13 91 18 0 214 236 135 114 21 177 162
    223 54 0 255 208 135 48 198 223 0 44 255 0 30 255 236 32 215 255 0
    255 202 215 143 255 80 0 0 84 153 238 140 0 30 197 239 234 138 50 31
    83 149 78 255 55 0 23 255 255 144 238 0 52 238 200 255 0 0 158 147 0
    57 142 0 80 255 255 191 0 255 174 242 239 255 255 255 255 53 211 241
    168 255 24 164 216 0 110 83 124 233 195 71 2 255 221 33 52 71 132 61
    67 0 0 160 159 0 131 255 249 44 164 255 184 205 92 128 164 255 0 0
    117 235 0 141 196 213 128 175 255 0 92 255 248 255 146 105 0 232 179
    43 94 237 0 134 255 152 0 126 255 176 255 190 181 255 0 232 110 114
    156 0 144 1 38 228 51 106 228 255 0 138 22 72 147 0 38 164 37 0 58 0
    210 0 0 91 0 255 235 59 239 255 12 255 255 0 30 0 0 75 71 15 82 100
    32 0 252 186 255 140 93 0 255 23 238 231 163 48 255 144 255 0 255
    133 255 84 167 255 66 25 0 200 225 145 98 231 255 25 255 183 179 141
    69 0 207 0 104 253 19 89 42 255 30 82 0 196 0 101 73 120 255 181 255
    255 12 220 205 72 47 255 73 0 0 74 52 130 93 185 73 25 255 0 165 0 6
    255 252 21 98 77 0 255 0 2 152 54 227 0 0 86 182 0 185 220 230 255
    136 251 191 0 169 0 116 255 147 175 186 49 0 183 185 0 30 254 0 33
    255 241 0 152 233 144 255 11 255 82 191 156 255 255 0 255 0 0 0 91
    227 33 144 196 222 0 123 0 130 134 45 0 0 133 255 0 0 255 255 0 0
    118 255 0 231 76 5 0 0 165 14 69 255 255 255 245 0 111 56 85 255 53
    168 143 76 0 0 0 26 0 36 0 0 182 113 222 236 153 213 0 255 233 255
    48 0 221 55 255 0 162 255 0 255 129 61 255 82 50 255 255 11 119 61
    218 100 179 255 55 255 0 255 158 255 45 0 203 238 150 25 195 7 0 94
    213 119 0 91 252 221 0 101 163 200 211 198 56 246 247 78 223 9 200 0
    53 43 168 51 90 255 120 115 160 0 40 233 0 234 183 140 161 0 255 28
    38 13 24 0 32 119 255 163 151 255 180 128 74 59 67 97 120 104 242 0
    196 255 255 106 0 225 52 0 214 125 37 191 0 35 94 73 229 246 255 255
    0 0 204 62 0 255 116 115 34 0 28 0 232 156 255 255 225 255 40 149
    255 255 167 239 0 250 241 66 255 255 29 85 18 224 245 94 24 0 255 94
    255 255 217 180 255 255 0 117 14 157 65 12 190 0 76 255 0 229 229 70
    180 5 255 78 197 3 171 255 255 221 67 52 198 177 0 119 0 134 255 0
    202 26 0 0 255 255 0 199 0 252 0 35 0 87 254 0 24 99 8 61 194 255 0
    0 0 0 137 131 159 255 163 239 218 0 183 213 253 255 0 156 166 0 255
    61 44 125 255 153 97 68 0 0 237 16 192 250 201 112 255 200 32 255 0
    255 18 223 215 161 0 49 255 189 37 255 255 119 1 255 181 92 255 249
    135 0 94 55 22 255 52 91 142 66 115 0 0 193 54 90 92 239 233 56 74
    37 237 75 234 223 255 0 97 255 255 119 125 0 208 0 244 255 63 36 255
    255 201 240 146 255 44 100 229 110 223 0 176 5 98 255 255 0 255 105
    255 126 85 255 150 81 246 130 107 255 214 0 214 68 255 191 255 255
    255 103 102 185 0 238 29 50 120 0 14 186 0 255 189 191 150 195 255
    163 255 88 255 246 255 109 58 232 109 255 255 54 1 45 255 0 255 63
    82 154 255 81 0 152 207 14 97 255 5 0 172 0 0 208 249 45 179 221 0
    126 227 60 0 0 131 4 0 165 0 255 161 0 165 187 133 255 235 194 0 12
    0 255 54 12 102 181 149 77 0 255 255 0 255 97 216 255 255 145 42 2 0
    221 191 250 152 117 0 232 34 3 148 255 66 203 115 214 255 0 255 11
    112 101 80 114 193 14 237 176 255 106 255 255 242 234 255 10 255 72
    21 0 0 116 84 127 61 255 255 66 250 0 99 255 117 162 164 255 128 3
    143 100 0 168 212 211 255 79 255 171 94 223 255 255 231 0 103 209
    255 255 125 205 42 0 233 241 190 144 241 255 57 125 200 225 0 0 255
    255 131 119 121 255 0 255 11 255 0 255 14 188 243 148 255 137 96 12
    129 79 255 69 0 0 186 189 255 114 153 255 141 231 158 175 152 169 30
    0 73 255 255 203 36 59 247 4 25 62 0 238 0 0 255 53 0 255 13 39 205
    248 255 255 102 179 0 255 212 150 0 0 0 237 126 255 206 0 213 197
    250 87 116 0 119 107 154 27 253 26 115 27 255 255 0 0 255 193 33 0
    31 255 243 242 205 246 158 54 31 193 255 255 0 35 0 132 0 0 164 185
    245 0 90 22 0 208 0 89 65 85 0 118 255 33 255 200 255 197 0 190 255
    68 28 255 127 255 5 144 0 187 168 222 129 235 38 50 138 182 174 107
    6 74 255 91 255 33 210 255 244 255 0 138 238 115 0 255 255 214 255
    140 253 255 39 0 245 193 22 1 242 108 124 20 255 159 91 218 80 0 208
    196 0 82 207 0 90 115 0 255 204 0 255 0 151 0 0 224 67 187 246 121
    255 255 0 0 130 255 100 255 140 0 255 221 86 189 61 187 255 255 0
    133 255 95 0 0 176 251 0 255 23 243 53 147 231 0 47 244 17 177 220
    255 40 223 255 255 45 131 0 0 0 0 11 255 255 164 0 86 7 104 20 0 255
    0 84 43 255 109 154 255 53 55 116 0 0 203 255 53 164 255 19 148 248
    172 199 25 79 255 0 0 0 156 23 166 255 0 162 9 0 255 0 49 0 0 67 0
    22 136 0 60 212 247 235 0 238 78 255 54 94 0 0 226 162 69 185 107
    106 0 17 199 62 122 33 79 38 0 255 0 255 0 0 89 143 81 104 77 36 255
    89 49 25 0 119 141 0 113 150 89 85 126 102 255 151 143 0 55 33 146
    255 255 51 143 0 175 0 124 255 158 179 112 119 159 0 219 255 0 0 255
    255 255 250 73 69 32 36 116 255 232 3 53 147 141 255 2 188 255 250
    255 255 255 76 168 46 76 107 35 255 0 0 0 0 0 150 81 255 20 166 177
    21 169 28 0 241 255 11 168 48 201 18 0 84 0 255 255 93 0 147 167 68
    104 0 200 255 173 255 145 130 237 113 255 243 255 0 0 0 37 0 160 150
    118 244 229 4 219 229 162 74 174 140 0 142 139 0 159 211 216 235 40
    14 255 0 0 0 252 89 21 13 252 255 165 156 251 127 118 255 253 0 153
    89 232 255 248 173 222 0 190 0 0 139 0 35 190 147 255 95 255 255 179
    79 0 155 0 67 0 199 255 25 0 156 176 16 255 0 255 184 0 121 156 0
    255 0 162 0 55 255 0 205 188 255 199 220 154 255 79 129 143 121 2
    222 197 141 184 255 83 255 255 255 109 171 36 105 255 255 145 45 255
    219 39 255 59 255 0 140 0 255 46 0 176 86 0 27 0 97 4 212 165 244 62
    255 213 183 27 255 255 41 14 255 232 0 204 128 0 58 160 0 65 83 255
    0 0 0 25 0 149 0 5 0 32 200 115 252 255 0 0 18 144 0 255 109 127 255
    82 255 255 229 168 255 0 0 161 255 7 0 0 157 89 193 244 222 0 255 0
    186 86 84 98 252 64 226 0 234 0 0 0 0 163 168 255 157 0 100 255 34
    252 92 253 0 255 122 178 160 255 62 255 23 11 26 99 255 211 255 255
    255 0 156 255 255 245 0 255 0 174 111 0 147 248 255 104 82 62 0 226
    0 103 228 129 119 117 94 255 0 255 135 255 144 73 64 255 0 8 255 127
    0 168 108 106 0 150 38 255 33 0 33 104 178 255 0 0 76 0 0 249 162
    234 0 60 217 30 33 86 164 40 203 234 45 0 221 82 202 0 255 255 255
    255 198 102 189 151 255 18 255 33 0 255 191 255 255 156 57 15 255
    244 149 223 12 5 0 81 17 255 255 52 26 37 0 255 99 118 125 40 246
    254 24 77 241 255 123 110 239 255 29 170 93 7 48 255 204 255 0 32 13
    219 57 0 0 0 0 255 5 0 108 137 160 255 213 17 255 255 205 250 255
    218 40 73 117 254 0 244 0 255 0 59 234 161 0 239 255 222 0 0 0 181
    63 0 255 9 27 159 243 154 55 7 216 182 255 50 0 8 79 115 170 121 231
    0 9 197 0 118 134 243 126 255 0 67 112 255 143 219 29 200 0 255 165
    170 22 0 21 255 255 41 48 230 116 197 255 128 0 80 213 0 222 0 0 150
    173 0 203 220 238 255 189 244 122 222 183 161 138 94 137 255 181 43
    107 162 181 86 18 205 186 45 0 185 95 0 0 206 0 25 255 255 66 0 9 8
    255 234 109 255 143 68 255 26 230 71 100 211 113 249 188 255 85 255
    0 0 255 0 3 0 63 77 0 255 103 192 116 188 55 29 0 204 212 164 231
    131 0 0 30 0 161 0 255 25 158 51 28 199 175 0 66 24 0 255 97 69 255
    255 0 36 22 29 255 155 0 79 215 101 255 223 255 255 150 255 254 2
    184 86 71 172 99 142 198 0 139 17 255 213 0 241 202 236 35 238 0 121
    143 255 160 254 220 212 82 192 58 82 255 197 185 170 30 55 140 68
    187 38 223 101 0 247 250 0 0 0 255 0 193 204 176 0 2 0 247 237 79
    138 103 196 156 255 222 0 46 13 51 0 112 255 214 247 211 141 7 226
    72 0 0 255 149 179 222 233 255 107 249 255 106 159 250 102 210 0 218
    4 220 255 169 176 172 255 255 75 90 42 181 171 12 0 255 30 200 148 0
    255 78 255 129 139 204 255 255 153 89 255 209 122 0 0 13 115 0 255
    70 23 75 0 255 49 0 105 78 0 161 255 34 16 255 51 255 130 255 75 184
    0 88 0 0 255 46 215 47 143 255 255 255 0 52 28 20 192 0 255 255 61
    60 255 150 0 124 0 0 255 0 255 155 45 215 255 11 8 210 158 66 163 56
    0 8 20 152 255 44 140 50 77 14 52 88 0 255 0 111 0 61 174 110 21 0
    244 67 136 55 0 62 0 173 0 255 0 0 0 0 255 255 120 188 190 152 0 0
    214 0 128 0 133 42 0 207 0 0 23 164 61 194 226 155 0 255 0 41 255
    151 239 0 99 255 0 110 0 115 55 0 44 98 0 205 0 211 23 92 24 218 133
    255 255 255 255 124 0 0 63 255 34 110 198 137 255 169 133 224 207 69
    102 255 147 167 255 21 255 255 179 246 62 255 0 153 255 1 255 0 0
    255 168 139 192 255 176 220 173 114 8 0 15 235 191 78 85 223 143 217
    97 50 53 48 0 4 253 156 43 249 0 107 52 129 160 80 142 66 255 210 0
    202 59 110 188 255 153 241 60 10 255 82 191 0 255 127 72 183 248 120
    0 0 245 0 208 63 217 219 251 0 58 255 29 69 0 100 28 189 6 56 171
    124 143 255 0 170 35 36 255 0 16 81 255 225 171 255 73 255 255 255
    105 255 255 186 128 246 255 183 213 255 158 156 0 7 255 0 200 133
    239 127 0 211 199 126 95 141 54 188 255 187 209 74 0 69 0 31 255 0
    142 255 255 248 0 82 253 104 32 0 20 127 255 194 255 255 221 25 23
    255 143 18 109 52 225 5 211 70 110 183 0 253 208 255 0 0 95 0 0 183
    91 118 17 151 202 137 208 162 0 11 0 255 161 0 0 26 0 255 0 236 255
    0 0 0 11 136 102 48 185 0 0 96 255 0 255 80 38 40 255 227 172 20 0 0
    81 118 255 184 172 128 219 0 156 133 30 166 0 60 216 0 0 255 255 0
    205 70 229 17 0 255 38 44 116 141 157 198 4 0 255 53 0 0 255 27 3 14
    101 255 255 156 4 78 56 142 0 81 14 255 67 200 205 141 94 255 255 10
    0 0 197 66 255 255 0 255 0 135 255 255 255 35 87 2 255 0 197 0 4 105
    45 0 231 251 0 110 0 174 0 79 100 215 255 103 76 174 231 38 67 0 255
    81 255 151 223 154 60 137 39 0 0 105 72 83 0 255 102 215 80 43 12
    165 30 56 255 154 61 28 255 0 33 252 0 0 195 105 255 173 61 13 33
    255 23 246 58 75 216 242</data></your_img>
</opencv_storage>
