<?xml version="1.0"?>
<opencv_storage>
<filter_type>2</filter_type>
<only_luma>0</only_luma>
<r1>1</r1>
<r2>5</r2>
<L2_diff>1.</L2_diff>
<test_img type_id="opencv-matrix">
  <rows>128</rows>
  <cols>256</cols>
  <dt>"3u"</dt>
  <data>
    118 157 198 42 7 99 178 58 62 147 119 151 246 18 202 173 70 55 165
    124 17 5 149 213 23 176 213 40 28 5 56 168 17 38 167 197 122 251 142
    213 62 222 134 117 217 12 144 79 111 44 247 163 3 233 78 194 108 79
    238 249 138 108 6 212 171 90 140 28 112 100 59 42 204 69 104 241 56
    156 56 183 219 139 128 168 181 92 172 143 97 222 134 16 154 191 117
    10 8 201 158 88 243 154 14 33 154 202 58 208 129 205 153 10 86 109
    38 57 101 38 58 90 110 239 100 133 181 144 25 18 119 117 219 13 33
    219 213 170 115 90 167 82 126 122 122 66 181 25 80 123 152 28 20 183
    66 7 212 174 14 159 221 61 101 81 37 125 129 64 200 109 125 139 222
    11 32 247 218 92 189 142 129 42 152 199 208 85 139 156 247 158 93 95
    162 120 184 236 66 171 51 146 107 136 10 172 93 246 69 147 240 99
    185 46 60 245 195 43 220 242 144 36 82 60 41 138 74 138 147 195 236
    44 110 240 40 96 104 107 54 125 65 226 128 123 108 178 242 201 230
    43 210 190 175 198 158 28 233 73 37 171 185 228 33 31 55 250 67 122
    28 150 36 10 133 209 238 18 139 146 235 137 127 133 112 71 65 176 4
    182 49 183 157 137 59 183 145 155 211 213 132 50 203 161 169 245 78
    4 36 220 145 125 125 20 222 96 158 136 32 71 38 144 235 104 91 116
    69 192 194 234 216 142 198 21 115 231 205 237 41 66 247 92 125 202
    239 38 203 204 149 135 42 113 195 109 90 90 54 235 180 216 166 11
    239 247 180 146 214 160 16 78 214 173 198 237 118 252 89 130 229 214
    194 59 24 103 121 231 47 219 119 214 34 169 121 19 34 248 127 46 167
    133 53 97 98 73 247 87 21 175 107 110 204 76 98 184 204 140 209 40
    228 69 163 154 170 2 25 105 90 78 204 180 233 29 88 240 58 246 171
    58 233 235 70 124 167 111 60 71 152 107 38 226 136 43 152 176 125
    130 140 16 211 147 245 219 162 150 187 104 16 230 190 121 60 213 236
    23 76 156 137 149 20 218 184 60 233 150 124 119 89 28 115 239 142
    206 58 132 249 200 81 53 117 218 106 227 4 54 39 131 16 123 239 80
    88 116 16 14 231 156 198 25 57 226 235 66 19 171 184 210 213 28 241
    103 4 146 83 138 163 144 130 236 230 228 72 193 187 238 80 199 196
    29 239 184 244 182 93 166 194 240 202 214 61 104 26 176 168 113 164
    166 44 152 125 125 195 134 45 45 126 106 146 234 39 45 184 57 120
    196 184 66 22 203 178 224 120 244 162 118 91 204 84 234 98 105 199
    215 82 47 229 77 217 42 173 146 219 230 69 193 108 200 34 27 214 42
    221 48 148 216 46 101 156 12 100 237 147 65 75 147 107 28 173 76 54
    221 234 37 232 53 93 89 212 188 89 178 3 201 91 218 32 27 2 19 12
    107 49 15 159 145 182 190 243 207 78 250 69 46 60 143 97 209 243 11
    215 116 67 203 220 221 81 27 5 108 62 56 215 57 239 221 41 205 41
    233 93 146 70 82 224 232 88 128 189 117 112 4 132 153 229 55 156 22
    32 165 240 121 151 194 14 140 66 80 60 207 231 162 115 163 202 111
    82 194 101 250 169 73 181 208 195 207 248 13 86 211 112 151 68 2 217
    235 189 46 241 35 58 138 182 41 206 95 182 143 3 146 81 112 104 31
    192 80 10 71 41 91 86 193 217 255 154 94 214 112 225 140 245 190 216
    31 221 123 56 239 72 41 96 226 64 104 106 216 188 7 190 29 64 172
    138 127 68 239 158 28 254 143 38 210 229 231 115 186 58 2 89 208 146
    247 106 0 95 242 226 136 8 239 96 202 234 45 239 123 218 76 239 22
    206 178 229 1 67 38 14 142 24 101 173 89 113 28 135 57 183 253 11 78
    53 208 103 159 0 146 76 64 235 189 7 168 86 101 238 49 65 82 155 7
    178 168 74 195 205 198 85 123 91 185 14 63 248 16 64 101 69 114 62
    101 18 72 203 115 240 86 107 177 4 207 41 198 110 140 184 102 204
    151 191 64 43 9 0 254 238 159 234 23 116 54 228 140 117 51 182 159
    253 56 111 61 92 30 133 34 241 184 39 168 240 237 218 10 94 57 177
    199 64 94 196 142 241 143 131 119 71 103 142 250 212 136 222 129 79
    82 191 32 166 128 174 139 249 171 44 137 86 165 250 179 5 245 233
    122 173 225 166 25 64 204 142 34 30 191 48 239 140 245 180 107 37 46
    109 37 134 21 169 74 73 178 50 142 50 123 74 191 204 255 100 45 161
    192 31 1 131 222 95 222 249 99 31 110 232 33 206 26 62 184 11 70 94
    128 245 197 35 16 74 151 185 2 182 45 158 219 101 162 73 82 30 4 128
    84 115 120 197 49 173 29 137 173 75 175 171 227 142 166 59 189 177
    28 118 223 39 54 197 166 214 242 239 187 223 149 170 214 183 19 191
    250 93 242 73 162 195 159 167 159 100 120 177 229 177 74 235 181 20
    42 95 209 108 92 82 102 103 104 145 2 106 8 160 49 15 210 20 152 81
    83 220 103 158 103 60 207 73 78 7 105 69 30 124 178 247 242 97 169
    145 113 166 62 172 86 91 223 239 167 42 61 48 198 4 151 185 197 244
    63 210 72 255 154 186 3 213 96 153 194 214 217 120 26 50 9 85 109
    247 82 218 244 199 53 107 27 154 47 101 121 27 16 217 224 8 39 18 78
    82 146 207 70 176 87 148 199 25 27 175 130 164 217 1 119 79 234 82
    75 108 246 177 166 192 93 222 226 129 150 214 142 90 91 84 110 99
    159 72 36 207 140 211 12 103 227 215 161 116 212 40 154 145 95 62 21
    43 136 145 133 212 161 134 190 174 92 137 54 105 130 200 87 202 69
    253 252 135 210 183 5 22 110 37 220 66 77 254 127 154 79 136 32 246
    181 31 63 219 88 177 241 13 131 101 73 188 203 55 226 173 44 104 244
    95 182 73 71 47 76 202 32 59 54 15 16 148 7 226 34 70 62 193 18 50
    27 175 187 23 63 217 63 242 118 139 6 189 127 234 35 119 206 106 164
    255 37 33 244 221 70 46 92 12 203 85 244 43 58 55 170 5 131 43 231
    253 178 168 150 243 56 61 36 177 237 79 21 44 4 190 215 229 226 135
    164 54 235 157 121 2 115 247 163 218 92 145 204 66 63 60 221 113 119
    110 56 29 130 217 159 220 72 172 175 2 55 14 38 6 82 172 31 191 183
    212 4 149 209 21 210 10 19 65 149 17 196 22 42 222 58 161 187 127
    160 130 99 65 8 95 164 170 164 101 140 157 239 224 159 251 77 59 211
    35 155 71 35 58 89 61 244 211 4 99 139 68 177 128 65 160 168 122 90
    253 89 229 182 109 149 194 107 162 117 145 132 169 109 137 185 164
    96 235 153 61 69 216 101 122 109 126 84 119 47 15 181 129 69 43 58
    206 36 228 195 136 108 63 184 229 89 224 236 249 33 141 173 170 156
    161 213 109 142 7 190 114 44 92 204 206 49 30 185 217 128 78 128 198
    9 207 255 131 197 3 195 128 72 212 142 183 69 240 64 226 129 226 110
    158 80 170 18 163 34 61 234 153 0 255 74 50 106 253 203 77 22 255
    210 42 167 89 190 166 33 23 187 33 126 90 17 246 107 219 99 200 79
    176 179 7 192 202 246 119 128 38 196 12 143 201 97 72 24 91 86 211
    67 126 178 151 224 211 57 187 174 96 108 100 183 113 255 229 84 17
    95 106 73 146 30 110 48 97 225 62 183 61 252 114 23 22 187 190 62
    150 3 244 166 79 116 173 81 51 210 23 14 244 48 249 52 122 214 96
    233 1 20 30 188 238 195 119 193 219 104 112 93 175 182 113 208 58
    216 195 245 221 165 172 134 97 133 152 222 15 82 1 251 114 224 84
    226 97 72 146 73 172 154 13 21 77 124 4 13 87 6 156 129 244 117 148
    74 54 53 37 56 196 63 164 69 21 60 193 4 245 211 123 78 43 102 181
    121 217 2 73 0 46 229 96 160 162 138 2 179 60 164 25 163 134 103 222
    129 191 22 220 252 185 92 85 28 64 252 235 28 76 80 254 146 153 76
    188 149 55 236 43 75 159 252 204 230 239 132 185 197 204 88 72 150
    230 9 27 19 244 160 55 5 43 146 253 197 79 133 18 113 175 109 182
    170 72 230 65 43 2 214 227 61 30 175 25 75 129 123 31 66 15 48 144
    103 143 140 7 106 177 29 69 147 245 44 143 168 81 236 20 235 41 254
    151 137 161 66 71 79 37 45 153 138 51 188 108 231 10 200 250 85 0 82
    8 34 197 111 105 13 89 9 211 198 227 62 196 242 198 233 166 130 223
    236 16 234 205 137 214 129 50 3 25 110 122 113 108 176 156 26 232 91
    247 26 212 176 26 46 159 50 191 29 235 188 225 195 199 216 141 53 31
    156 75 209 215 194 227 17 56 211 28 205 233 250 239 116 42 158 165
    157 2 219 93 66 12 206 185 81 104 11 64 161 3 230 193 238 79 29 161
    110 255 166 152 70 206 155 147 86 180 28 44 163 201 41 19 51 164 127
    154 6 93 158 72 124 220 116 94 7 246 234 248 222 63 86 151 137 111
    23 253 255 92 132 176 177 157 80 245 222 138 220 179 46 29 214 122
    47 29 98 6 82 39 205 94 23 224 150 45 39 221 36 234 96 43 197 199
    165 129 39 157 70 88 1 236 217 179 207 222 160 174 236 101 203 19 55
    84 199 204 153 128 21 42 214 254 204 153 131 246 7 120 240 245 5 236
    148 218 204 0 208 252 211 79 153 246 2 209 240 237 138 132 219 186
    47 192 134 101 140 155 89 156 22 229 142 12 22 250 51 8 208 208 85
    83 92 250 62 92 61 32 187 2 27 179 61 217 100 100 247 150 164 39 194
    248 242 2 171 0 224 97 153 67 243 71 157 11 53 28 82 165 248 214 107
    138 45 200 176 227 25 247 158 163 125 244 182 193 174 102 31 51 157
    128 154 180 28 209 251 189 148 99 186 18 212 28 113 105 221 79 230
    102 48 69 132 59 187 219 132 100 232 197 229 194 130 11 20 78 191
    146 56 79 192 88 173 105 59 35 42 78 211 73 68 147 251 167 240 7 26
    63 240 109 11 159 226 242 54 109 172 86 235 211 201 44 242 167 183
    239 190 193 27 83 14 81 57 161 56 12 159 73 48 148 15 64 86 168 30
    198 136 201 148 147 148 56 86 102 186 31 200 50 227 8 25 194 127 147
    133 140 210 47 187 53 84 70 192 57 118 223 123 127 102 237 75 104 68
    73 127 39 172 137 45 17 77 251 165 239 58 246 69 13 70 46 158 67 159
    240 43 16 32 222 119 32 108 159 35 89 118 39 27 61 77 193 204 63 143
    195 244 17 235 23 63 65 207 95 245 142 6 18 217 212 189 32 142 12
    156 91 32 105 165 179 65 86 211 51 150 58 208 160 122 220 245 187
    250 84 213 121 147 183 252 17 179 217 46 122 251 255 130 240 127 180
    92 171 58 159 231 231 59 227 17 167 70 127 249 101 231 188 51 60 44
    169 206 3 190 166 179 141 163 34 243 30 238 130 106 51 169 90 96 25
    139 207 69 122 201 124 205 153 100 130 81 93 221 233 92 182 28 171
    242 13 17 173 97 80 139 223 115 6 57 3 33 9 204 4 210 40 191 81 29
    167 149 158 88 43 225 152 130 247 254 144 160 237 234 176 221 14 13
    202 23 112 52 93 174 243 252 140 89 175 81 54 86 57 159 157 88 20 59
    92 37 26 174 77 96 102 116 253 249 4 23 103 154 1 225 84 98 113 70
    77 151 81 6 108 248 244 228 80 19 88 118 165 178 158 205 157 105 166
    168 204 125 95 206 123 198 31 54 3 237 99 47 40 154 200 238 23 7 64
    197 251 160 116 101 190 56 219 149 83 204 165 10 35 142 60 202 58 87
    69 62 26 147 211 170 172 100 239 29 97 181 67 203 207 235 175 215 24
    47 29 202 29 243 105 214 33 7 73 9 213 196 166 35 203 26 14 180 113
    239 112 223 127 76 107 122 40 213 179 250 111 13 3 2 20 189 189 11
    84 147 103 191 175 244 19 53 25 247 19 67 118 203 245 145 217 135 94
    100 137 122 43 174 12 50 33 223 65 215 127 39 132 243 154 196 109 47
    3 142 91 203 240 201 57 98 39 191 156 38 96 218 228 81 113 16 117
    150 247 81 39 249 151 97 235 245 94 253 179 223 71 42 158 176 16 221
    237 24 214 198 252 135 178 32 155 103 100 169 96 9 215 56 92 179 233
    83 150 249 63 34 151 238 77 33 174 43 175 144 254 188 217 212 81 33
    103 163 46 67 64 189 171 199 67 245 202 10 119 77 227 237 94 85 150
    148 175 201 179 233 4 251 43 98 50 99 102 96 238 31 221 148 226 87 9
    29 197 231 82 224 93 122 129 208 88 154 203 69 130 30 125 124 181
    252 91 245 147 230 148 41 29 184 22 73 60 243 139 51 146 207 43 101
    184 232 229 155 49 189 93 231 64 170 15 232 91 127 143 229 30 205 72
    214 172 119 40 239 62 198 251 224 214 35 172 232 104 197 106 164 40
    77 187 236 175 160 111 10 67 4 33 140 202 204 139 60 91 204 64 11
    198 152 170 44 1 25 98 43 77 176 15 236 39 112 207 110 128 28 252
    210 145 1 211 43 241 155 32 247 208 141 98 70 211 193 133 50 28 18
    92 18 83 159 123 24 140 15 172 114 181 145 237 143 214 195 94 33 169
    48 171 0 141 82 116 12 9 194 208 97 196 212 123 17 216 143 52 45 203
    112 202 206 179 5 82 243 20 195 252 208 159 15 48 55 64 181 180 104
    208 13 107 201 176 246 62 144 134 71 125 244 131 83 104 245 210 210
    177 80 185 70 33 43 113 141 109 156 21 135 160 199 87 79 148 209 254
    174 119 26 93 161 22 61 218 195 214 10 10 1 4 24 43 165 135 120 246
    231 10 143 160 113 140 168 252 75 131 102 176 53 249 61 117 188 55
    229 226 95 242 118 202 228 112 199 113 78 241 227 254 130 248 191
    123 140 233 195 33 85 224 108 166 216 200 170 72 240 14 226 48 22
    214 34 200 223 247 247 120 27 57 127 104 1 216 0 243 24 242 36 87
    105 185 157 112 112 55 53 18 96 40 73 220 152 195 192 230 70 214 48
    199 237 80 195 21 235 113 104 165 16 238 17 160 173 159 25 230 184
    36 140 100 51 99 22 72 244 65 74 172 7 121 91 83 24 8 44 217 241 217
    150 17 28 36 20 243 39 187 178 92 128 23 172 127 39 132 51 172 8 146
    133 111 162 87 165 89 208 20 92 94 100 159 195 65 60 119 100 173 86
    167 146 87 172 13 191 72 204 205 255 11 96 6 83 240 181 39 248 27
    167 123 163 21 226 188 108 98 56 130 228 101 1 116 130 4 216 131 2
    135 170 44 157 245 54 90 43 145 20 124 11 225 1 134 32 177 33 120
    145 75 163 209 5 105 199 219 176 34 236 46 183 3 19 5 5 74 183 236
    111 128 239 52 186 29 227 184 27 55 121 193 69 100 250 217 194 238
    38 153 170 227 248 142 197 69 29 33 207 107 63 43 177 209 56 103 177
    201 206 61 248 237 186 224 224 212 75 29 58 172 85 181 124 223 161
    229 236 147 27 97 101 183 9 91 154 251 82 168 74 86 184 29 44 14 2 2
    45 129 53 25 197 239 16 17 193 159 79 41 150 130 239 192 50 121 212
    195 10 222 144 207 217 220 226 51 136 71 243 28 42 2 243 194 1 44
    189 235 91 202 178 230 240 185 59 0 169 102 3 61 133 72 166 174 22
    171 111 12 154 133 76 191 12 8 157 45 188 115 180 214 110 164 77 243
    226 239 228 94 91 58 67 34 255 191 155 54 75 185 79 198 97 165 46 10
    162 78 244 218 245 109 177 91 147 237 17 110 103 183 170 115 43 158
    173 222 28 212 177 219 49 113 204 132 39 10 220 103 222 105 229 238
    214 221 63 143 204 209 155 26 3 109 85 24 0 245 8 210 10 90 177 13
    50 17 226 194 31 53 16 194 229 81 201 176 121 130 19 126 0 177 109
    119 249 7 254 30 101 112 24 21 45 55 84 229 208 116 40 199 5 94 83
    138 93 28 249 96 191 21 185 184 194 12 174 138 168 143 154 128 104
    135 106 108 5 21 212 253 135 204 198 91 7 128 57 138 215 4 122 69 13
    67 150 229 26 14 95 111 197 4 51 163 214 7 81 139 172 229 29 163 38
    123 105 155 113 219 69 153 204 239 26 16 11 226 158 67 152 42 242
    109 45 27 233 238 38 73 78 45 155 135 95 195 182 75 64 70 146 66 9
    75 13 190 40 153 78 0 13 99 112 145 87 29 49 29 71 173 181 47 148 8
    227 167 207 97 223 5 56 97 75 218 47 79 4 224 4 88 10 67 152 160 168
    0 176 172 27 67 52 84 208 82 24 211 146 38 209 217 148 204 183 30
    227 197 239 210 43 45 139 175 254 230 8 64 216 138 105 132 45 111 17
    166 118 198 38 175 217 100 87 158 10 202 169 174 218 160 197 125 153
    81 242 197 24 243 162 55 51 137 59 3 30 183 226 135 252 58 48 31 154
    8 123 6 24 86 70 65 14 112 59 54 131 23 102 125 71 150 232 70 48 71
    70 244 32 56 217 1 3 34 241 207 169 96 26 168 86 55 165 15 135 152 7
    18 152 23 173 4 139 134 198 62 177 217 134 2 101 209 226 134 255 127
    36 94 208 189 122 213 134 133 173 95 233 204 103 82 44 230 106 222
    166 247 236 155 209 127 143 84 183 252 171 79 0 152 123 106 247 70
    222 169 130 99 43 190 62 141 228 70 18 157 55 178 52 15 23 212 211
    180 101 254 178 131 126 250 147 127 94 133 94 106 28 129 29 19 181
    198 30 117 205 18 32 203 99 211 139 0 143 232 139 202 253 249 30 200
    246 74 143 45 213 158 47 182 212 171 225 34 90 240 26 252 1 115 249
    187 10 102 239 8 234 12 142 112 93 32 203 58 165 181 123 85 136 61
    178 242 203 1 31 160 75 86 53 67 63 15 47 192 47 69 105 190 137 13
    204 110 242 162 144 2 166 15 169 253 236 142 254 245 29 111 69 207
    103 17 93 81 241 24 181 4 168 122 237 33 29 93 158 29 134 79 59 137
    222 172 196 202 101 10 62 26 66 51 237 47 18 32 199 64 70 222 21 12
    175 82 181 149 120 70 29 219 82 226 25 10 114 42 49 94 251 81 47 157
    118 56 169 32 124 153 232 132 210 247 160 41 141 33 176 205 77 21
    236 39 110 42 222 120 122 201 222 202 77 51 217 78 128 214 255 15
    168 208 231 165 130 236 154 73 114 41 99 142 44 3 85 211 91 117 115
    19 79 117 56 63 183 204 223 198 36 29 64 55 189 27 124 192 196 246
    169 164 137 83 245 125 240 170 71 177 103 86 28 175 215 135 199 131
    210 66 11 175 226 190 191 146 13 27 171 117 99 44 166 146 180 233 31
    68 169 7 33 114 54 112 231 23 208 133 101 203 8 202 20 186 157 178
    37 140 245 231 160 206 25 7 47 65 57 252 26 123 229 151 212 199 141
    29 199 181 72 28 175 185 196 217 196 94 252 234 50 255 233 203 198
    248 0 150 110 118 181 10 146 63 107 222 59 99 22 73 84 169 115 238
    50 226 139 93 180 66 121 193 198 227 138 152 11 216 217 68 72 3 176
    85 90 14 161 59 41 24 21 168 53 150 20 157 177 106 237 10 68 116 106
    143 171 138 115 76 254 46 75 254 68 236 192 236 15 83 59 214 138 143
    182 45 86 125 88 53 7 84 107 162 27 236 35 131 180 218 218 227 85
    108 151 58 51 137 174 182 223 71 62 6 64 92 65 189 222 59 8 101 87
    94 161 164 130 82 43 183 223 149 60 198 42 106 211 199 110 42 226 32
    123 123 22 130 74 161 201 113 95 232 155 74 154 81 172 218 91 64 137
    187 156 200 177 57 197 143 197 53 28 80 190 241 202 168 114 21 219
    238 226 81 150 104 237 249 198 53 10 239 42 139 71 71 186 193 191 74
    68 116 77 53 112 28 53 206 176 167 82 75 69 31 90 116 160 160 162 56
    188 67 172 18 226 234 27 91 16 20 166 42 73 147 136 172 168 110 157
    174 154 81 152 86 131 125 187 55 40 144 18 206 218 135 92 170 117
    158 161 214 219 65 150 222 222 249 92 250 143 73 189 33 99 60 208 25
    196 94 145 110 99 158 151 212 56 173 193 61 47 241 124 254 50 131
    154 96 205 130 219 54 129 253 72 46 255 5 212 152 105 4 61 165 54 4
    33 111 83 18 113 21 113 80 177 230 73 176 162 237 169 2 51 44 90 231
    12 186 191 51 251 139 188 115 62 21 115 60 52 30 51 152 81 190 23
    192 226 246 12 145 91 155 223 25 8 188 221 107 218 118 111 21 248
    117 144 201 140 205 20 26 72 6 55 9 38 179 150 8 173 71 116 140 183
    209 41 184 137 98 248 201 13 241 27 156 58 19 93 149 14 231 185 86
    221 150 230 68 197 236 213 105 63 224 54 60 108 145 255 48 66 132 48
    99 78 103 204 78 124 194 80 124 181 19 75 95 114 200 165 107 227 61
    116 113 126 117 185 237 95 4 181 105 36 111 170 35 22 204 0 238 68
    107 244 70 163 48 143 119 226 72 82 48 112 144 244 8 237 161 212 39
    213 29 239 66 236 98 235 235 219 88 111 119 149 155 97 164 130 35
    119 64 106 235 199 227 204 144 114 19 89 158 142 47 120 103 145 69
    149 98 87 215 192 142 170 18 209 204 239 161 166 172 27 1 144 87 187
    168 30 49 177 23 97 201 235 60 37 230 238 45 32 205 131 228 195 49
    228 140 44 158 189 196 151 36 7 25 232 58 95 197 243 34 221 224 89
    118 89 14 192 241 55 90 184 233 214 180 13 210 139 72 198 52 65 224
    178 11 8 13 226 252 26 201 46 76 26 131 56 180 210 92 46 162 214 52
    38 58 111 228 219 249 107 66 162 195 64 220 165 86 118 251 28 120 81
    150 112 108 94 3 240 176 243 102 247 7 70 81 219 101 111 227 242 162
    114 126 135 46 152 171 66 99 199 67 125 80 208 196 84 108 192 103
    169 64 239 62 10 251 140 1 66 8 20 73 17 206 184 147 221 31 245 177
    227 80 136 61 232 120 9 155 198 187 227 116 44 120 148 62 228 68 115
    128 18 48 240 168 128 79 246 60 9 30 176 214 145 92 211 213 40 118
    236 38 250 200 31 154 123 61 59 27 243 235 208 215 42 82 157 204 31
    72 137 142 175 223 76 54 162 178 202 247 242 138 133 43 64 187 202
    233 206 53 73 199 200 12 19 201 13 28 40 223 94 93 153 124 13 28 161
    15 232 139 42 226 238 32 4 135 204 138 200 100 31 190 163 200 3 165
    71 92 55 233 233 149 86 162 88 86 217 81 199 122 245 91 146 144 105
    212 161 175 34 124 127 251 223 65 170 70 163 149 226 203 107 80 91
    150 199 129 183 98 45 144 192 153 234 69 20 236 174 214 130 137 217
    196 225 65 217 103 177 16 57 0 97 72 242 11 23 173 138 241 66 83 153
    252 212 236 167 128 101 80 68 148 121 187 95 83 200 1 203 49 62 204
    175 244 94 242 100 14 117 181 20 60 199 176 187 104 230 204 237 47
    242 180 176 119 3 228 232 40 51 227 19 34 5 87 220 126 95 9 137 141
    80 248 95 87 175 111 182 171 207 164 28 155 155 189 78 224 197 128
    245 157 136 8 98 126 150 222 197 75 37 247 70 12 22 105 238 223 126
    102 69 42 7 35 129 159 255 197 77 187 97 241 8 193 51 169 50 20 182
    202 38 40 78 97 72 216 128 124 150 25 192 8 66 167 11 182 6 82 221
    191 143 227 95 197 189 25 254 12 202 219 201 242 98 20 49 95 90 92
    90 146 43 135 179 239 0 175 201 67 220 26 255 157 252 74 58 209 196
    162 128 228 150 110 24 101 153 133 55 202 59 22 133 217 159 138 104
    91 167 176 192 247 231 99 148 203 108 63 135 164 71 103 205 187 38
    64 251 150 189 175 22 95 197 188 196 102 80 20 96 193 43 196 243 152
    208 63 124 232 83 243 9 234 148 136 91 40 127 40 196 216 105 92 182
    121 119 234 230 142 35 250 0 83 158 99 245 159 216 125 123 9 55 198
    194 243 30 254 253 240 109 146 244 40 45 153 178 184 164 116 0 186
    51 186 150 184 15 126 208 110 121 114 149 53 7 174 87 178 173 140
    104 175 235 126 0 44 13 141 7 119 155 233 181 10 155 218 3 221 69 92
    56 30 236 190 47 93 43 206 20 212 111 2 125 19 59 176 204 9 248 160
    144 35 147 233 110 56 8 227 82 30 183 97 186 18 55 100 130 64 236 96
    139 245 88 87 143 54 160 67 36 61 64 227 217 66 151 229 110 7 136
    254 26 54 229 206 41 248 24 48 119 211 169 27 207 96 86 66 112 51
    148 116 20 109 146 70 47 110 223 10 216 205 86 190 94 182 177 243 20
    178 44 232 118 48 217 121 242 79 104 222 253 71 180 153 11 198 208
    95 0 178 127 116 77 237 188 25 241 152 17 128 192 145 25 3 138 179
    205 92 20 235 110 14 60 43 40 9 245 234 12 182 225 26 138 78 3 167
    178 191 135 235 118 225 49 241 215 67 147 102 103 214 201 216 171 68
    157 116 236 4 1 192 143 175 26 44 227 175 80 129 146 109 205 156 250
    236 185 117 33 197 123 153 41 186 89 201 104 8 108 173 98 83 81 34
    167 192 181 231 151 99 250 168 230 186 37 25 117 166 54 5 165 134
    175 189 42 77 150 73 168 67 253 100 198 111 194 144 172 74 122 140
    218 162 91 84 76 235 109 135 235 61 203 165 145 80 11 123 206 41 14
    27 124 185 187 217 75 158 208 249 12 245 245 222 205 42 147 179 47
    109 245 229 253 120 131 249 4 67 46 84 64 79 170 125 96 129 174 151
    13 72 85 185 119 115 123 30 35 9 123 84 102 8 131 38 204 225 99 96
    64 47 197 186 28 57 50 139 166 83 13 191 5 149 179 138 108 248 35 27
    112 200 141 65 99 181 238 81 75 244 102 78 23 21 103 246 57 222 222
    65 90 152 156 153 32 248 14 125 206 205 95 81 124 43 76 233 70 156
    55 180 220 186 16 179 100 223 208 65 82 241 204 223 122 199 84 18
    144 236 127 160 211 152 177 134 252 59 154 144 181 49 218 176 20 40
    131 105 13 119 10 192 110 220 246 214 127 214 46 102 107 221 124 188
    8 180 236 46 118 194 157 35 108 39 232 190 52 244 109 178 53 209 167
    175 187 93 135 67 59 11 228 223 139 28 65 28 12 57 230 207 19 241
    103 236 23 69 145 243 122 210 76 223 173 112 156 86 244 3 204 12 178
    130 136 18 241 191 22 42 202 135 101 55 183 225 0 177 28 169 19 75
    115 29 179 242 51 66 125 175 126 235 100 233 197 184 49 211 245 244
    51 173 130 198 217 72 45 63 57 130 215 224 98 164 17 161 0 196 104
    91 231 160 20 238 11 190 132 0 125 156 65 174 219 44 88 201 182 38
    170 209 40 43 167 151 13 231 96 188 32 140 101 220 206 93 180 19 13
    70 189 0 101 95 202 33 172 83 94 231 1 51 35 220 209 11 181 155 103
    228 139 78 68 178 33 191 188 58 40 138 70 247 228 65 252 232 196 78
    59 174 180 239 240 225 86 145 92 6 71 73 21 251 207 145 207 224 114
    137 234 106 195 51 95 253 217 28 103 195 18 2 73 201 159 80 145 200
    14 52 44 170 1 226 203 223 209 204 124 41 255 220 105 240 11 107 149
    231 148 132 18 189 216 128 252 108 148 81 49 148 231 4 149 185 133
    254 68 109 106 176 208 33 246 198 107 138 243 113 123 125 79 27 235
    156 102 70 222 198 1 207 44 117 224 10 229 145 165 120 231 100 202
    135 199 138 196 164 221 17 255 227 47 92 9 169 30 84 172 77 45 207
    143 20 181 171 33 74 30 28 51 152 122 172 35 249 118 29 181 188 220
    7 26 235 182 144 48 6 22 119 161 214 101 189 198 119 20 5 254 204
    129 30 245 81 199 234 230 62 91 225 66 160 40 69 39 250 85 164 135
    85 194 69 88 135 63 84 27 218 31 174 101 93 238 68 112 173 34 92 46
    18 213 115 254 231 4 79 200 97 189 147 85 123 14 31 207 187 113 17
    37 27 33 136 31 222 207 181 81 113 167 178 214 35 154 198 117 154
    201 44 14 199 252 209 30 149 186 172 115 76 247 116 177 250 5 20 22
    198 41 179 239 254 16 74 211 54 206 105 12 139 1 15 67 10 99 109 129
    133 224 15 172 33 56 175 114 68 240 133 172 133 210 23 249 168 32 95
    63 188 255 60 254 232 137 255 209 44 38 242 172 114 14 176 54 239 13
    58 222 208 16 129 76 226 91 58 97 122 246 157 52 193 106 203 90 139
    220 191 166 8 233 8 252 176 89 34 5 83 154 189 2 146 172 125 213 236
    142 59 219 234 116 179 51 18 10 103 181 33 1 124 11 149 138 79 86
    224 1 129 159 247 31 150 232 235 60 175 228 18 72 199 58 81 41 216
    102 196 139 90 120 170 32 141 96 226 136 176 135 142 94 19 143 23 57
    217 108 158 80 247 32 12 163 69 62 47 194 177 60 4 164 253 170 127
    47 45 60 108 5 51 49 162 166 5 215 43 196 60 183 174 1 84 103 174
    151 112 49 19 46 19 193 132 118 47 228 52 16 102 10 206 56 83 26 227
    84 255 202 143 61 49 145 48 82 197 41 205 108 25 55 89 6 6 131 115
    240 5 112 208 36 147 191 220 93 205 94 149 185 59 18 247 74 179 46
    47 210 117 245 165 163 188 149 4 30 73 216 10 138 166 141 35 165 21
    106 225 100 174 152 34 48 17 154 10 199 181 6 219 112 239 207 180
    219 101 172 186 162 224 90 222 165 167 78 193 114 115 33 233 0 168
    117 159 67 177 162 244 3 76 6 155 133 79 155 7 92 6 225 91 203 42 68
    84 3 235 67 48 243 61 253 53 140 35 116 224 176 57 23 66 186 102 47
    28 112 206 112 38 118 70 34 137 58 47 231 104 3 111 140 212 88 110
    225 59 197 3 63 186 60 139 119 164 142 205 226 191 122 121 200 249
    242 38 232 23 27 42 231 173 42 231 35 204 152 69 197 23 177 211 251
    93 20 182 79 182 48 19 150 124 105 172 226 208 210 146 46 112 210 65
    214 192 76 173 73 115 16 120 152 255 61 204 30 110 25 143 13 137 4
    92 206 114 36 54 136 83 191 95 114 146 191 61 128 220 4 86 231 252
    214 188 27 56 118 220 4 169 20 2 229 66 240 95 146 179 160 249 191
    251 174 227 138 47 67 126 107 29 194 41 158 224 186 18 153 67 138
    127 207 123 91 96 240 104 18 160 27 101 205 15 44 220 253 176 83 129
    54 244 122 230 50 133 241 115 245 183 191 4 230 156 90 97 54 250 107
    73 17 139 172 225 8 202 230 130 205 3 244 175 42 106 99 67 114 88
    230 142 214 136 154 30 3 162 48 124 140 197 247 140 110 184 244 8 47
    173 166 120 49 59 188 90 97 154 76 212 142 91 141 56 22 68 190 197
    56 28 4 150 120 10 156 100 19 241 37 171 53 215 242 120 41 9 184 150
    163 105 27 125 215 195 48 246 225 83 222 108 193 124 58 198 161 216
    152 113 58 119 151 147 176 72 116 76 192 45 22 231 28 158 242 38 70
    181 153 65 174 212 25 147 156 190 176 226 100 56 167 203 193 57 198
    59 28 80 15 242 243 201 110 113 131 161 244 75 232 97 64 167 29 86
    32 144 135 92 227 13 106 213 165 144 26 6 144 10 136 194 166 88 193
    84 116 157 83 114 200 76 228 62 39 167 177 210 107 89 42 22 87 36
    225 179 5 148 192 102 101 92 109 112 124 171 127 167 194 110 215 170
    236 128 106 208 160 77 195 83 252 175 32 177 131 68 147 79 44 220 63
    127 30 252 161 198 104 210 154 253 2 139 160 15 32 251 113 205 120
    148 152 246 126 126 33 52 180 137 92 29 252 87 183 100 96 206 172
    185 17 189 217 63 243 86 219 101 240 28 165 220 27 18 106 209 11 176
    82 165 23 189 22 53 192 81 253 78 209 157 61 94 66 243 119 29 22 13
    99 178 111 132 235 234 102 57 183 13 32 3 67 56 65 100 0 239 210 230
    86 87 226 200 25 42 157 14 1 82 95 176 39 118 218 244 167 181 218
    146 121 240 83 186 87 108 117 177 25 84 148 253 123 165 141 218 225
    130 178 39 131 117 228 150 50 3 26 56 100 36 225 11 28 47 225 146 89
    183 108 149 90 24 124 198 178 18 80 125 223 237 162 166 2 33 192 143
    20 41 90 155 167 14 186 246 155 246 173 144 125 232 143 180 145 197
    150 143 40 233 17 176 156 48 243 121 125 44 109 144 0 221 124 93 215
    39 101 223 99 207 236 72 200 177 113 55 54 193 32 233 195 76 13 216
    10 221 66 67 157 225 15 99 190 244 186 225 55 243 196 200 148 198 45
    255 137 127 177 172 182 125 107 117 39 1 17 15 48 85 146 172 1 24 21
    218 86 208 178 52 45 212 49 158 250 246 44 117 198 196 49 136 100
    212 100 63 120 231 192 32 200 210 13 85 49 144 8 106 106 8 162 186
    244 222 125 28 195 63 42 189 154 228 236 110 93 64 254 26 78 111 70
    187 105 128 42 156 182 57 195 144 98 122 43 66 201 165 133 0 182 181
    246 120 206 20 52 42 151 109 19 238 50 148 57 57 1 229 186 79 234 71
    153 238 211 24 179 72 240 34 229 132 160 173 5 45 230 137 156 47 0
    251 179 80 136 61 68 180 251 85 48 161 242 42 183 252 0 0 160 82 115
    4 80 15 214 26 69 91 73 29 151 67 42 235 178 89 89 142 207 130 6 132
    10 247 209 239 202 131 57 140 169 12 123 191 173 73 69 110 98 101
    116 141 234 72 205 215 185 31 249 251 222 21 203 6 50 111 93 51 191
    25 139 247 11 26 52 6 95 81 220 100 42 237 119 56 181 233 138 4 47
    73 27 248 46 187 86 205 100 247 175 32 6 51 70 220 216 223 165 62 92
    210 205 195 128 255 199 95 48 90 254 179 170 140 129 115 61 53 214
    152 56 197 249 112 155 183 3 94 73 13 217 224 1 161 191 16 80 158 8
    52 189 232 124 227 255 105 218 193 44 22 224 3 39 120 35 160 166 209
    52 86 144 101 71 206 18 43 25 125 119 226 25 112 247 56 47 224 198
    147 93 190 69 153 236 166 135 117 24 77 143 85 127 206 73 109 3 48
    246 251 154 152 230 46 151 101 64 180 160 93 113 103 63 140 205 154
    20 71 20 121 30 247 80 6 221 224 133 228 101 63 179 39 35 208 249 45
    65 36 92 174 111 241 50 130 150 202 192 100 168 130 11 39 62 201 5
    67 239 167 43 151 164 47 117 230 81 1 244 125 80 246 115 242 45 32
    156 232 181 7 186 228 167 35 91 255 66 211 62 164 86 75 4 155 5 187
    188 48 53 200 63 88 140 55 56 233 65 243 180 122 105 216 74 124 194
    188 113 61 187 173 181 62 237 127 226 217 135 45 116 106 60 91 167
    229 57 172 208 171 164 194 122 225 18 184 9 181 180 231 164 107 200
    230 229 14 129 195 212 112 243 237 27 211 229 81 83 112 1 22 255 103
    86 198 164 132 175 222 37 107 215 215 73 170 229 202 42 3 24 47 159
    23 64 92 104 85 111 105 104 124 109 74 253 9 57 3 36 185 134 4 94 53
    216 185 238 17 155 21 26 53 199 125 232 179 170 73 48 223 77 100 171
    227 153 188 220 75 103 241 251 209 102 226 27 28 21 90 94 52 226 156
    242 38 147 229 139 22 127 125 48 8 131 31 139 18 203 228 204 55 222
    206 107 114 83 61 244 87 113 67 163 209 244 183 142 185 37 157 12
    225 143 166 78 227 253 191 232 170 136 208 5 227 179 136 18 213 68
    104 201 101 20 21 139 52 188 223 53 201 81 48 216 19 2 57 46 128 196
    88 150 236 216 199 187 150 245 144 50 213 178 164 126 120 78 11 47
    117 97 32 64 146 167 93 136 228 64 147 118 11 51 49 240 103 66 90 19
    129 143 120 177 17 185 183 233 2 138 6 221 254 3 194 242 188 113 246
    100 224 52 72 72 164 110 76 36 93 151 57 90 171 232 222 70 100 89 66
    58 148 167 126 19 63 123 171 147 131 179 196 132 215 91 138 229 18
    41 148 219 134 111 176 73 111 19 237 50 78 218 140 67 235 247 128
    150 117 189 63 173 180 217 126 244 71 194 113 54 123 120 35 163 18
    245 10 26 67 74 212 158 205 223 192 148 163 0 141 171 48 189 29 219
    143 6 126 196 243 158 33 31 247 37 83 186 151 151 119 99 57 0 35 109
    254 136 239 114 249 129 172 79 218 224 187 118 180 238 51 30 7 87
    198 212 251 228 105 83 61 214 201 133 138 50 162 105 93 255 147 123
    96 57 219 101 93 86 54 88 146 238 45 49 222 66 134 42 30 35 109 73
    113 145 118 240 178 73 227 200 14 30 93 58 152 131 130 2 141 148 253
    108 20 99 124 123 66 63 201 24 242 17 80 196 217 97 168 148 131 234
    47 247 219 191 244 93 41 207 89 160 11 80 210 12 65 22 95 203 204
    235 191 53 155 146 25 190 130 230 245 192 240 30 21 4 217 3 248 43
    58 138 137 207 9 251 188 170 101 234 237 8 179 144 92 135 17 145 72
    34 253 109 97 21 138 236 216 205 48 73 164 232 10 137 37 233 185 249
    132 234 107 99 97 36 142 38 0 24 231 197 35 47 178 38 13 64 182 172
    254 185 156 186 163 207 9 99 80 46 193 95 1 198 46 184 125 249 127
    87 119 0 217 24 176 173 202 157 87 56 126 225 148 66 36 93 169 241
    63 70 15 252 220 3 156 252 235 111 39 59 11 240 156 183 113 123 7
    209 156 4 228 153 99 131 199 61 252 105 50 100 32 43 225 217 23 181
    130 148 97 12 20 5 216 99 116 135 84 28 61 36 13 226 93 232 2 8 109
    190 16 146 45 100 227 170 220 179 86 105 182 179 203 173 112 122 100
    128 214 118 94 41 95 135 208 48 22 200 253 12 52 108 10 99 88 103
    165 243 35 176 31 138 114 250 59 211 82 196 48 10 78 201 215 206 45
    203 90 171 229 152 197 46 105 234 93 92 241 195 131 130 88 180 204
    23 45 10 245 55 13 0 169 34 81 68 21 135 54 75 203 233 200 222 78 21
    39 224 42 203 255 132 158 138 66 166 100 63 15 232 227 198 241 16
    207 200 64 228 208 79 143 251 231 212 253 64 239 196 9 212 50 28 97
    77 43 103 158 193 212 228 179 40 29 81 114 148 212 187 112 55 108
    210 41 236 94 236 88 4 45 147 6 175 78 95 118 53 244 151 102 139 172
    52 169 23 26 122 124 121 214 153 108 53 71 111 52 183 50 61 92 205
    136 226 58 226 190 165 131 226 227 2 96 119 118 132 98 68 56 96 223
    33 54 201 7 229 101 134 64 234 99 143 113 227 145 101 104 225 130 94
    152 128 94 233 18 255 121 234 209 65 35 110 0 163 163 125 12 203 58
    184 64 52 155 0 242 92 171 153 128 184 199 149 169 195 170 18 111
    144 43 52 33 158 249 7 29 15 157 236 213 152 217 210 38 20 120 60
    170 124 76 94 27 233 171 219 32 254 242 240 92 59 169 192 203 244
    219 157 158 182 10 219 132 103 0 77 114 180 240 87 160 151 232 167
    80 193 95 39 54 99 2 71 46 69 238 146 247 98 61 189 37 151 239 82
    163 137 108 166 214 12 1 145 202 156 13 44 175 41 125 206 30 102 203
    108 61 248 13 226 116 68 14 212 231 9 201 224 227 11 42 140 230 169
    20 107 19 5 8 84 216 19 202 113 214 225 53 11 86 132 114 152 188 102
    175 41 180 102 173 113 217 220 53 78 159 172 37 226 171 198 50 54
    171 97 49 40 155 141 86 144 95 67 67 68 8 245 6 214 138 186 49 92 71
    99 150 60 100 86 36 22 136 188 48 72 131 164 192 229 173 44 99 35
    108 40 133 49 153 46 186 34 16 63 247 58 5 157 168 17 242 47 184 154
    228 44 106 147 137 170 166 83 0 0 32 247 149 43 94 88 77 131 215 223
    151 3 214 83 187 188 248 12 227 197 4 158 238 176 39 172 78 179 198
    198 209 62 61 242 170 252 223 211 72 236 50 174 172 133 138 50 139
    51 91 185 145 121 182 10 192 17 145 18 82 94 43 60 72 135 90 215 34
    10 235 176 249 144 76 13 213 116 228 177 192 102 107 113 185 160 175
    236 19 243 134 93 59 150 119 246 45 147 251 90 19 7 210 150 110 221
    215 154 47 255 98 39 96 154 69 189 143 207 60 115 125 179 95 88 129
    203 168 41 169 109 188 73 103 121 193 156 39 95 91 225 99 10 249 237
    183 1 164 235 144 4 223 59 208 23 107 25 152 61 163 254 49 58 64 148
    68 105 255 97 49 86 46 241 168 2 59 100 197 173 141 13 146 244 104
    78 39 159 192 83 157 99 180 1 30 242 107 192 185 59 226 233 200 23
    14 69 212 88 196 162 129 52 40 201 97 115 117 233 94 198 36 170 171
    175 171 161 185 190 182 61 52 88 50 217 164 222 183 68 69 171 66 71
    55 131 116 238 200 246 248 193 209 103 251 41 140 23 128 157 39 1 70
    68 202 54 130 102 166 250 48 202 67 131 25 185 181 140 80 18 31 10
    153 137 110 243 71 38 255 95 115 79 77 139 129 133 34 169 236 124
    206 78 123 119 119 240 32 200 143 115 109 119 17 71 57 184 192 243
    182 193 182 223 77 0 54 82 49 58 29 156 77 228 108 128 248 169 224
    126 86 213 18 103 100 166 111 154 22 240 68 108 70 73 182 222 43 134
    172 114 175 154 44 183 162 62 212 111 5 169 1 126 94 214 25 109 145
    136 59 140 230 115 158 253 47 222 152 12 58 39 102 199 0 44 166 46
    72 13 222 170 97 228 195 189 103 218 136 252 227 30 44 9 211 24 107
    226 146 148 154 207 179 19 252 190 71 37 213 251 199 102 106 241 196
    207 20 155 206 195 127 6 113 223 202 255 14 207 113 237 227 94 2 198
    82 137 231 206 80 102 87 154 46 119 78 74 34 84 36 185 215 216 96 52
    120 166 21 216 217 178 139 58 171 97 144 92 248 197 67 93 165 109
    255 43 253 214 108 173 251 147 81 8 244 57 91 26 47 182 22 250 159
    49 119 4 11 90 125 117 144 88 193 229 39 172 43 124 201 255 172 193
    105 198 140 154 101 231 224 193 151 189 254 235 106 174 111 103 204
    4 191 187 111 225 210 102 160 68 203 73 81 78 144 196 55 146 106 129
    147 114 218 70 175 155 131 86 0 236 30 99 173 34 94 60 87 193 199 67
    131 86 133 252 203 85 161 225 62 141 79 238 135 167 200 191 224 210
    240 255 158 187 14 192 189 25 52 103 17 236 189 85 89 210 248 191 19
    218 28 8 5 114 75 70 178 88 35 219 43 203 166 194 20 17 43 151 244
    45 247 223 40 78 16 152 142 110 227 19 27 174 10 19 210 125 173 243
    220 47 148 21 115 90 188 249 172 231 143 87 79 222 182 167 207 82
    119 215 85 247 66 27 68 122 31 253 73 178 174 32 248 92 49 99 10 222
    154 55 250 235 144 196 125 177 92 49 50 86 162 74 206 184 216 135 95
    160 0 113 161 150 39 171 133 187 255 117 19 125 53 37 253 48 143 197
    155 200 225 97 46 105 30 105 145 220 25 175 181 45 237 252 217 48 72
    219 249 55 97 174 166 181 92 59 25 166 209 88 187 170 35 221 42 19
    145 240 93 76 219 189 248 13 68 5 22 232 50 238 45 206 66 112 69 192
    102 116 77 181 53 222 150 56 9 26 174 68 163 169 245 89 1 84 233 109
    162 237 20 130 166 46 42 2 43 128 174 46 23 9 16 131 16 219 17 4 21
    187 113 248 1 188 231 21 97 108 236 165 108 169 66 162 149 128 153
    16 33 102 188 156 13 145 18 37 114 3 2 131 226 98 106 82 88 166 13
    33 76 255 111 17 67 197 219 145 62 110 68 52 8 77 1 64 44 86 126 232
    108 125 39 3 188 158 19 196 201 240 121 114 79 177 123 88 165 243
    217 227 226 15 37 83 165 147 40 74 31 17 234 20 235 83 78 220 117 22
    160 72 95 141 93 115 246 83 33 200 55 155 46 30 29 44 115 112 165
    143 246 254 6 214 212 237 180 170 204 11 194 89 239 228 225 184 62
    147 54 202 81 87 157 0 120 172 239 151 60 184 47 81 47 52 54 170 119
    139 151 74 100 31 50 196 42 45 10 238 73 36 116 199 51 114 93 65 228
    20 199 244 210 178 89 208 33 170 179 50 52 228 248 21 173 160 239
    213 148 187 96 62 44 172 50 49 96 229 224 191 11 91 210 25 55 48 51
    37 27 84 56 126 192 134 113 181 171 85 49 161 90 97 22 205 2 80 251
    107 61 92 32 207 131 99 168 206 145 46 39 95 117 48 159 148 35 168 5
    255 251 29 250 254 189 220 110 47 160 37 118 27 186 124 137 51 106
    14 2 43 190 129 183 231 135 47 206 43 196 53 91 205 99 124 17 145
    216 89 73 185 93 230 112 131 103 230 14 72 211 191 125 142 253 93
    229 20 201 156 190 71 111 58 206 229 226 160 138 233 23 94 24 34 57
    177 119 19 145 3 77 2 86 252 242 74 168 74 120 80 206 213 151 17 27
    121 87 227 89 158 244 187 70 162 38 253 12 236 192 73 30 248 65 41
    219 114 110 134 29 77 162 138 150 130 168 194 35 170 110 190 166 159
    126 191 54 202 51 69 4 221 52 136 145 124 160 74 122 224 52 158 206
    229 67 87 186 9 162 97 92 177 124 99 170 167 198 63 162 184 232 163
    80 25 52 4 172 245 116 169 176 159 250 242 53 144 46 218 114 21 64
    109 56 44 63 1 210 209 148 108 18 234 215 222 152 40 173 167 10 182
    246 152 51 62 24 129 60 7 226 181 130 239 147 232 19 161 196 220 38
    138 46 151 83 61 173 140 4 3 131 143 159 82 175 107 229 42 24 234
    202 189 79 76 245 231 57 25 148 243 65 24 128 23 168 221 148 80 173
    137 170 26 76 114 158 197 160 170 243 216 107 247 130 113 95 208 130
    114 139 219 36 205 200 104 151 98 238 239 149 183 53 128 209 34 109
    54 213 247 124 218 246 64 235 102 250 212 184 31 105 98 232 180 46
    92 188 253 78 78 193 175 221 133 20 106 15 122 99 200 91 183 165 68
    206 86 24 206 3 151 200 165 238 170 211 229 23 22 180 22 126 183 26
    30 109 249 6 208 60 59 191 233 43 200 222 146 142 148 92 177 27 231
    110 104 94 18 87 171 64 93 232 87 2 43 10 228 155 82 196 177 113 123
    228 54 135 185 218 5 83 99 190 117 16 81 243 24 64 242 247 246 143
    26 80 62 212 175 20 106 213 225 102 6 201 127 163 91 108 249 121 255
    178 150 169 128 111 36 114 25 214 126 161 30 151 150 178 69 93 79 19
    62 110 84 235 199 242 233 27 100 128 51 251 120 60 87 78 236 219 234
    224 147 195 68 167 154 178 153 131 29 144 44 90 228 82 57 208 94 232
    216 234 162 132 98 23 172 27 190 122 128 211 33 214 19 82 163 245
    204 87 113 43 180 91 200 176 201 191 182 126 99 23 51 53 168 156 71
    250 95 193 79 249 235 162 249 37 151 60 89 183 218 255 230 1 27 37
    105 64 127 36 242 120 179 88 73 159 186 53 128 71 222 133 5 99 239
    252 243 71 176 44 47 81 201 252 53 47 41 104 14 245 9 234 182 172
    155 65 128 185 156 119 2 205 250 45 160 57 143 160 92 121 215 3 200
    210 175 19 229 68 83 102 6 116 87 18 14 219 252 73 144 59 210 54 175
    73 110 225 123 202 7 84 138 34 123 34 249 17 157 120 212 209 204 57
    2 53 71 239 29 147 210 21 148 48 73 125 144 135 58 156 42 232 163 18
    208 177 4 135 149 200 53 107 119 111 68 52 173 5 7 160 205 92 186 39
    37 84 204 168 148 248 38 80 226 174 194 99 61 212 147 118 78 46 154
    128 232 138 28 14 158 89 162 2 57 191 144 14 4 113 47 213 168 202
    170 106 50 161 29 165 147 127 60 107 18 107 253 2 171 77 185 79 237
    102 65 142 241 236 253 18 65 9 206 65 234 48 10 145 68 75 182 148
    169 5 156 64 233 254 20 137 250 52 100 43 233 7 219 48 223 59 8 113
    45 220 186 140 131 247 32 247 215 49 182 192 229 55 242 119 159 245
    78 175 95 110 131 80 233 242 49 212 132 218 77 104 220 130 204 162
    203 111 225 43 3 77 221 173 223 108 183 101 10 237 190 99 90 1 57 35
    185 131 159 81 49 162 218 164 90 6 121 174 56 172 49 254 159 211 130
    110 157 208 146 251 23 247 53 116 115 16 71 115 26 43 33 225 9 32 38
    218 93 155 103 184 114 251 142 108 205 239 178 140 200 9 114 182 150
    232 228 234 251 189 184 240 84 103 60 165 235 23 108 135 18 62 137
    66 222 161 29 230 81 154 232 152 74 9 216 61 201 44 133 131 241 19
    245 156 116 142 33 200 226 180 38 210 131 134 38 99 45 114 140 147
    232 187 220 36 81 166 118 90 200 200 161 244 32 135 232 159 54 244
    111 89 26 71 43 206 191 110 80 208 192 41 230 78 44 97 100 39 85 81
    214 49 102 11 241 85 204 217 64 97 148 48 77 109 91 9 136 209 229
    101 81 170 140 52 32 216 26 56 49 25 118 245 152 212 209 35 94 69
    216 10 31 52 36 84 212 56 183 47 60 28 230 101 242 157 241 56 219
    231 226 90 14 234 163 186 40 224 126 47 217 58 121 138 58 227 243 43
    174 8 244 169 242 198 84 224 170 216 155 150 5 225 63 2 182 253 202
    148 176 187 3 18 45 226 83 102 120 80 73 194 6 38 190 97 101 239 2
    66 100 209 84 215 20 10 233 221 206 156 187 117 3 126 218 36 190 251
    43 76 134 25 145 35 103 73 97 226 55 18 6 114 199 71 87 108 7 224
    181 220 51 214 133 71 42 238 163 129 193 232 50 7 194 162 53 181 95
    123 194 214 175 98 104 173 76 28 144 197 88 142 110 177 191 29 154
    182 53 15 150 193 117 154 219 94 32 149 211 183 159 109 203 15 221
    65 186 253 0 5 115 77 205 116 120 178 31 113 109 47 13 74 183 184 96
    175 70 224 46 114 104 208 91 47 167 11 128 211 85 181 135 155 241 93
    112 83 166 216 216 227 108 44 4 52 156 252 221 16 72 30 49 254 174
    64 180 48 143 86 94 13 115 92 148 5 188 200 207 204 146 166 107 230
    136 248 40 214 80 164 159 254 211 18 36 110 55 8 135 65 224 206 202
    127 74 190 151 148 166 41 166 124 168 157 138 192 6 246 153 37 145
    227 87 24 112 108 149 141 224 183 240 151 88 158 238 207 150 8 141
    49 108 253 96 176 106 143 107 147 191 57 201 0 230 209 38 166 192 70
    13 249 171 194 63 231 214 66 93 50 26 101 102 171 51 210 85 141 113
    145 102 126 216 131 29 102 122 87 222 147 66 121 143 220 62 68 33
    112 135 62 212 239 243 163 109 10 21 95 13 120 170 161 146 164 124
    188 127 15 54 29 252 34 35 155 118 108 62 126 42 82 220 169 234 46
    35 57 172 209 209 182 238 239 3 185 199 240 202 12 193 252 108 183
    175 70 231 135 121 111 78 94 178 216 188 46 187 162 110 250 200 48
    152 242 145 111 224 8 59 239 215 251 13 200 19 104 213 98 141 126 65
    42 22 174 9 23 236 55 23 245 40 136 243 6 69 247 173 162 56 252 35
    90 122 81 122 95 213 138 184 156 74 238 230 91 110 129 91 209 134 16
    209 83 34 243 140 203 54 238 44 140 20 34 141 142 214 76 139 112 65
    199 13 7 204 187 185 8 30 82 236 8 47 230 212 10 255 79 141 247 136
    170 182 19 91 114 155 16 87 127 206 34 220 81 211 229 60 240 205 25
    144 53 148 195 4 172 246 187 46 69 204 174 220 254 82 31 130 51 114
    211 132 113 191 39 246 119 231 50 18 31 132 124 146 3 248 59 125 108
    190 10 148 176 78 20 230 67 51 24 68 219 141 94 105 132 137 122 1
    157 27 161 143 20 222 10 207 190 11 130 220 85 186 38 164 2 187 81
    108 160 61 47 107 111 71 23 8 33 5 202 213 89 132 215 188 222 58 209
    81 251 176 177 95 250 237 125 121 247 206 68 143 46 174 82 225 167
    185 214 190 199 184 199 208 76 113 74 94 229 253 225 196 128 240 205
    196 190 146 120 66 58 113 15 37 208 29 31 185 243 188 222 61 166 85
    22 41 72 163 215 93 45 8 33 37 79 219 134 47 128 79 134 166 7 4 148
    48 196 53 139 138 199 80 146 137 183 70 70 36 162 86 136 204 41 24
    223 27 53 133 124 205 41 185 114 105 201 152 112 140 65 242 51 191
    151 115 229 172 86 147 60 240 177 26 43 9 127 168 134 249 249 184
    144 90 161 192 110 48 35 105 67 112 248 236 222 106 143 67 62 96 91
    92 98 102 143 242 71 73 223 105 22 76 191 55 194 0 250 151 238 44
    220 243 89 157 235 221 135 61 110 166 139 207 133 229 141 221 21 19
    75 164 205 47 83 84 136 141 128 113 183 150 254 11 206 75 84 185 88
    58 239 25 81 220 71 214 151 26 23 242 233 26 35 7 53 123 224 28 139
    21 97 161 51 54 85 234 47 217 84 118 248 58 27 77 191 180 165 192 30
    101 37 105 148 199 194 62 159 74 44 170 196 162 147 104 174 50 247
    192 68 47 124 144 61 101 252 231 161 159 33 57 58 114 160 93 73 156
    29 56 55 243 89 45 140 89 133 231 195 1 69 114 192 252 223 93 102 68
    141 235 70 89 26 213 227 187 50 48 72 106 39 116 246 19 25 222 52
    219 223 9 119 245 174 29 234 233 158 139 121 120 9 70 116 4 33 203
    170 140 121 112 170 132 245 120 86 134 204 110 24 77 102 64 70 220
    40 184 130 185 116 66 197 179 223 5 216 188 46 19 234 18 181 145 1
    66 147 33 75 117 209 5 26 142 142 224 112 245 143 20 254 153 219 57
    19 203 147 56 89 88 22 247 118 13 206 119 73 252 229 236 243 92 176
    115 36 15 92 230 156 2 127 163 137 166 190 36 100 2 28 124 95 142 66
    72 239 41 99 25 152 110 250 118 201 115 147 14 166 81 96 65 148 214
    82 195 223 28 9 24 137 250 206 86 221 139 254 229 219 238 152 67 171
    143 68 151 220 161 222 176 42 70 30 137 168 115 42 176 8 196 177 7
    245 126 141 180 51 210 96 99 167 182 180 36 110 30 41 109 234 225 9
    91 248 45 49 19 50 209 2 173 3 231 236 214 102 192 25 108 58 173 237
    39 208 232 95 179 224 170 175 10 73 160 2 21 193 80 106 10 151 137
    64 113 82 87 253 143 48 175 170 243 132 123 219 174 36 142 28 231
    185 100 129 150 93 71 22 154 115 68 70 141 100 45 240 134 42 127 138
    187 236 74 198 96 12 204 168 60 74 171 76 218 145 217 68 63 236 229
    50 239 104 156 85 121 221 220 96 254 41 18 62 77 208 98 54 44 225
    141 109 222 0 48 100 27 117 20 43 120 83 226 242 213 38 109 247 215
    71 58 178 154 244 230 101 232 178 87 90 72 173 133 155 169 240 142
    129 136 195 13 223 192 200 65 101 154 167 192 164 219 230 109 193 17
    35 58 166 47 78 150 206 108 181 221 152 223 156 186 195 42 255 17 7
    66 116 132 117 239 63 59 99 5 86 208 127 26 67 220 242 16 38 229 217
    202 47 29 234 116 236 160 180 149 86 76 189 94 159 74 64 146 102 62
    94 84 173 96 188 118 10 222 33 49 87 110 202 203 215 237 161 221 242
    255 212 220 116 84 198 66 85 46 25 77 199 88 146 191 174 232 200 255
    237 149 107 60 17 121 139 108 194 124 10 171 45 227 167 201 94 201
    88 243 20 202 5 57 218 228 69 126 196 248 44 175 104 125 164 206 228
    14 99 245 209 68 31 55 231 59 57 148 182 156 179 167 145 166 36 115
    143 26 39 196 131 90 165 73 91 165 233 190 108 18 226 240 195 25 170
    183 74 17 47 29 196 141 214 250 71 40 189 164 243 252 173 58 204 227
    42 219 136 222 223 13 86 26 205 117 102 152 208 195 139 66 107 20 40
    234 3 13 83 148 89 121 20 232 231 86 118 160 103 6 33 20 106 116 183
    133 66 132 202 148 59 133 247 30 213 12 255 111 72 83 95 160 86 232
    64 204 138 99 16 45 118 181 41 14 130 193 138 210 156 190 250 126 39
    83 16 194 2 174 134 158 186 111 59 197 79 4 7 249 64 34 164 199 190
    139 228 164 59 95 82 8 184 196 118 101 239 178 16 150 99 152 14 69
    96 146 98 81 175 20 12 149 97 32 117 108 118 98 128 8 195 204 77 239
    226 226 116 195 234 225 250 131 81 242 73 51 210 130 131 51 253 167
    36 178 232 142 156 195 189 235 56 199 7 102 150 164 186 41 62 60 203
    2 241 120 245 191 222 127 96 171 129 45 255 68 246 148 127 49 47 61
    9 129 176 106 150 99 87 33 147 77 76 82 159 202 124 88 250 178 42
    236 255 120 54 78 56 46 176 210 17 153 97 72 78 101 127 129 90 151
    137 23 27 50 161 13 165 132 36 114 237 133 139 30 231 133 64 34 235
    73 197 35 7 193 86 171 69 58 114 169 83 109 32 160 91 251 72 191 100
    18 186 80 95 116 123 60 141 135 124 20 6 101 162 35 31 250 192 241
    211 230 114 202 144 107 28 120 214 83 118 107 6 78 46 91 37 155 170
    227 179 205 47 61 90 231 60 196 57 77 84 146 65 166 122 72 181 135
    250 178 90 15 24 228 224 107 149 219 201 159 221 197 20 24 217 78
    170 93 150 21 230 59 100 7 20 76 157 175 85 163 167 208 171 29 237
    46 227 89 39 71 30 159 170 51 118 142 148 125 187 71 9 236 116 32
    230 23 159 143 249 46 136 243 151 207 8 128 34 187 240 178 34 178 75
    143 21 159 187 82 116 37 249 210 210 144 253 126 107 119 44 229 1 33
    101 172 84 127 49 205 214 28 5 133 70 164 254 91 100 96 177 207 77
    230 5 167 99 8 165 220 10 175 4 11 126 54 76 215 232 30 190 101 230
    16 64 171 19 250 76 210 33 149 116 148 218 58 71 89 28 77 38 68 45
    243 199 233 63 225 2 39 176 191 108 252 226 255 132 188 241 62 140
    169 247 45 240 135 187 40 91 109 136 61 39 56 131 98 215 172 27 109
    51 104 92 39 116 158 66 188 113 80 152 162 36 254 108 59 185 169 17
    129 61 121 122 21 21 101 215 158 184 8 128 205 145 125 175 137 31
    229 95 100 79 9 127 241 122 170 86 195 121 179 132 51 199 32 202 116
    58 140 128 197 241 162 198 144 77 255 153 201 192 6 22 102 183 157
    55 238 154 139 49 75 166 222 210 138 2 130 27 220 94 129 118 177 138
    141 59 126 137 163 28 39 246 80 124 11 55 185 161 232 157 199 157
    136 91 200 148 115 157 177 42 8 143 103 18 18 81 186 224 222 1 232
    73 0 16 87 251 127 174 65 180 31 129 7 94 40 75 167 16 224 244 159
    242 43 97 56 169 33 117 163 230 195 218 229 167 138 105 56 16 215
    187 202 190 204 37 51 108 164 1 213 167 120 211 60 158 160 146 111
    161 76 181 225 34 237 135 45 128 238 64 126 202 196 107 232 194 247
    115 89 168 166 119 33 186 248 53 133 97 197 25 132 30 39 139 246 212
    205 11 162 205 223 78 219 0 148 55 90 16 126 18 69 149 74 229 182 55
    141 114 198 149 50 250 198 150 180 112 18 106 181 26 208 244 211 42
    220 91 10 125 124 154 153 200 193 251 130 218 154 241 126 223 172
    252 46 75 122 179 154 194 49 83 97 17 36 64 190 254 172 3 243 63 58
    10 69 248 94 21 240 87 158 138 134 138 250 222 4 243 192 6 70 246
    185 103 65 72 71 105 2 203 78 210 88 211 42 251 218 176 255 109 247
    227 150 214 116 92 129 136 134 199 113 76 114 187 243 106 81 143 49
    74 28 133 1 53 213 104 95 210 38 16 22 117 232 215 117 176 111 132
    187 202 195 243 248 57 126 201 146 51 195 31 225 165 227 158 19 117
    54 39 238 203 39 105 73 120 3 101 226 132 150 1 74 246 214 74 71 114
    100 91 56 178 41 154 248 141 244 153 61 4 251 91 169 201 191 98 17
    46 67 184 108 158 97 91 170 168 86 161 125 134 15 91 5 126 212 92
    136 113 145 0 154 221 18 79 3 64 226 27 7 132 2 139 192 242 234 199
    204 150 26 239 75 227 107 29 16 216 110 94 192 109 90 86 159 76 204
    181 49 119 122 82 192 136 58 18 4 167 102 80 23 74 66 226 15 36 222
    74 53 115 184 23 163 187 102 60 139 236 176 66 218 120 42 31 2 239
    182 210 169 248 73 217 173 117 249 205 234 245 136 228 55 195 197
    224 127 41 94 114 180 248 241 249 166 220 212 89 169 28 223 226 126
    237 127 65 93 81 217 101 135 74 91 98 250 220 95 167 123 26 26 141
    56 233 213 233 218 253 39 9 142 88 34 94 218 97 105 89 44 181 227
    222 9 82 125 80 33 119 249 91 190 191 252 167 205 104 248 230 242
    208 148 27 120 149 37 92 102 61 140 69 174 17 174 56 178 14 230 180
    216 18 112 77 70 237 61 240 135 21 127 212 80 134 122 111 119 233
    121 24 12 112 111 66 28 46 95 251 195 8 221 89 245 50 197 0 57 29
    216 131 107 105 132 35 174 128 31 177 63 98 65 119 101 147 207 210
    89 175 155 19 232 141 56 36 213 239 49 8 185 126 61 34 6 230 225 141
    96 91 117 115 17 170 33 235 187 126 58 246 78 25 83 121 121 201 255
    152 161 52 85 39 155 254 170 252 57 43 109 245 180 241 5 158 184 147
    254 65 240 207 150 58 169 229 92 136 210 238 216 181 77 76 190 184
    26 240 58 222 60 135 179 114 108 155 147 39 201 39 173 239 13 20 254
    251 98 230 75 137 69 110 137 77 173 131 33 173 102 97 254 3 198 149
    151 247 60 215 112 250 134 195 128 115 103 200 121 47 208 255 155
    124 154 41 63 212 110 40 74 157 65 220 107 35 207 134 233 220 180
    147 139 199 143 78 23 85 57 254 251 244 252 158 178 31 234 112 10
    126 97 202 101 142 129 189 85 45 60 40 119 18 145 15 241 255 27 176
    6 151 121 56 51 243 103 223 17 255 108 101 70 142 184 50 229 84 207
    143 208 56 120 185 6 30 79 195 156 225 7 33 54 37 87 185 99 38 29
    137 16 25 19 175 8 91 86 105 6 128 81 83 109 15 81 125 146 86 192
    242 19 102 113 20 219 196 250 24 66 76 164 161 168 158 95 166 103 90
    46 226 158 48 116 107 169 232 141 3 222 155 78 102 92 75 109 212 131
    1 67 159 51 50 111 55 144 7 191 135 17 110 148 191 132 139 46 244
    109 185 8 121 86 242 168 64 247 36 217 68 1 164 67 73 236 50 19 156
    22 236 144 244 75 249 184 153 235 176 63 120 173 11 206 26 88 213
    190 166 211 155 155 42 100 215 245 57 164 97 211 96 253 190 148 166
    243 12 211 125 144 210 150 193 201 133 197 174 216 255 164 150 68 38
    5 145 100 239 208 132 89 235 249 82 48 231 120 135 121 63 103 193
    218 240 185 213 60 159 153 114 29 121 153 1 137 36 25 191 17 123 96
    231 44 14 219 211 50 83 60 250 141 64 70 209 194 114 16 197 93 97
    179 7 24 127 164 120 98 237 242 225 26 102 101 149 45 83 243 55 108
    223 157 233 82 17 103 255 223 43 114 107 170 9 249 36 207 83 126 57
    10 188 35 101 233 211 83 243 47 11 164 44 228 17 66 99 98 215 229
    223 209 228 163 242 255 219 112 124 213 14 136 152 92 24 36 10 117
    26 98 13 250 193 176 90 183 155 107 223 165 138 102 73 54 202 225 84
    14 75 124 252 215 24 163 72 96 10 186 66 14 132 87 97 50 82 163 245
    201 241 31 191 189 213 106 24 190 180 173 175 56 20 30 172 254 56 34
    63 128 53 202 112 15 96 79 2 208 94 80 98 156 155 59 195 193 155 59
    120 124 206 96 201 234 136 189 178 231 123 55 108 116 10 66 162 21
    208 27 60 249 102 17 69 104 36 17 55 210 153 81 192 254 117 192 145
    107 129 38 243 60 248 56 114 67 104 198 160 78 116 82 1 20 185 76
    187 65 43 198 233 44 135 23 23 213 39 183 198 254 111 94 211 117 60
    52 39 20 110 46 193 95 88 82 29 131 0 26 128 86 182 226 51 208 73
    193 94 161 203 152 79 5 237 56 163 219 235 76 221 82 119 99 53 60
    175 206 48 18 160 96 73 53 134 111 63 78 131 116 65 12 10 10 187 170
    28 180 136 52 230 84 113 3 111 179 205 221 205 147 20 234 67 62 127
    232 108 60 135 103 204 245 174 183 214 34 124 87 152 23 27 1 21 159
    108 232 197 218 0 149 116 129 128 182 82 163 30 159 215 196 130 98
    183 233 112 190 33 249 90 70 42 8 177 237 151 28 162 181 84 221 10 1
    37 38 210 197 239 148 19 59 137 206 1 208 78 165 241 151 11 224 68
    106 210 184 97 39 79 119 5 167 106 161 251 173 174 242 76 38 103 157
    99 50 224 1 64 39 62 173 54 240 44 120 115 95 239 39 192 125 25 123
    83 241 153 195 245 178 34 111 233 76 136 226 0 62 45 160 176 141 106
    222 10 22 152 222 235 5 155 118 19 143 7 138 131 123 80 97 251 251
    254 191 233 248 138 164 60 98 53 223 85 105 102 73 250 247 25 149
    104 192 156 91 93 207 181 220 11 154 4 103 113 12 124 52 162 38 93
    241 54 83 87 24 214 34 239 108 225 189 20 182 135 16 63 62 196 7 165
    91 69 155 11 108 73 80 89 28 237 92 70 136 251 210 127 26 221 54 128
    15 187 255 78 226 0 90 8 138 187 20 150 160 243 100 192 23 163 17 20
    48 179 252 191 249 157 112 229 198 205 240 85 64 132 51 205 90 121
    62 207 178 66 129 21 17 71 157 118 104 229 169 126 128 233 247 77 13
    146 79 220 226 51 101 53 33 15 70 195 29 157 124 157 147 146 31 215
    138 73 207 175 97 23 27 161 15 196 116 40 59 152 76 32 160 229 156
    167 17 11 160 218 145 128 64 66 90 69 237 119 146 103 123 242 172 14
    25 147 59 173 30 151 152 71 90 28 197 182 41 118 61 205 72 173 107
    70 207 248 245 143 178 132 14 198 54 243 73 253 218 124 74 104 81
    137 117 192 203 171 194 160 86 187 160 57 227 247 199 110 51 114 107
    201 51 85 86 89 253 2 49 3 59 182 246 62 127 52 185 225 145 193 216
    160 108 241 228 16 79 1 220 215 215 146 236 109 81 117 66 4 42 78
    126 159 75 187 160 3 112 43 212 166 198 157 42 197 145 148 46 116 70
    251 38 84 18 199 149 115 70 86 222 46 41 40 92 75 7 107 171 92 3 211
    226 80 214 104 16 16 228 157 72 100 184 54 149 202 207 120 132 182
    48 123 72 99 31 230 69 106 204 198 160 56 55 175 106 86 53 227 95 63
    127 30 116 36 47 227 9 27 15 145 40 117 144 189 151 152 117 102 72
    60 150 7 55 125 65 94 116 148 223 33 106 112 23 13 21 93 82 14 142
    180 19 182 135 77 109 200 121 104 9 166 69 99 231 207 116 201 106
    129 19 93 59 23 64 122 124 170 67 201 106 248 162 146 208 20 176 85
    157 111 79 158 199 222 254 201 177 207 152 168 153 123 185 6 3 199
    47 68 26 73 22 12 242 19 169 134 110 242 151 9 83 37 87 222 51 33
    145 3 157 126 170 174 100 35 184 5 24 120 221 173 192 197 139 67 155
    146 200 3 40 204 44 52 105 175 54 94 22 198 103 233 177 140 110 170
    165 68 159 98 226 200 164 211 173 244 95 189 203 127 45 29 215 87
    203 142 175 224 29 57 55 204 151 38 67 85 211 246 188 217 35 103 112
    13 56 137 8 27 247 59 54 109 35 211 78 97 14 93 63 144 33 129 68 248
    213 231 156 123 82 67 243 215 58 243 149 251 228 15 154 173 196 89
    61 25 33 137 176 85 29 205 133 109 146 118 199 234 180 212 199 86
    208 71 7 71 239 80 101 23 45 58 243 207 37 158 194 46 28 154 132 163
    72 246 2 229 255 104 164 17 224 73 219 1 193 38 94 31 202 11 246 37
    189 141 76 87 10 98 32 34 80 121 75 0 70 127 164 174 241 58 40 146
    193 25 7 231 21 206 118 161 229 64 137 47 92 51 196 93 220 191 216
    104 81 220 186 156 238 221 26 120 89 137 109 218 140 140 195 93 252
    211 65 83 102 99 125 91 193 182 44 167 21 230 162 28 139 209 158 182
    125 214 54 226 156 202 240 156 228 96 131 23 41 21 230 9 229 198 15
    97 229 171 124 184 14 151 210 238 31 197 252 51 196 212 82 58 240
    217 41 190 112 2 137 247 94 9 67 121 132 188 105 247 164 96 27 72
    197 227 184 255 243 116 181 168 147 248 23 235 246 29 215 171 68 188
    128 122 26 152 52 109 121 10 17 176 68 49 100 173 28 83 111 47 143
    17 133 35 217 147 45 225 249 101 205 40 73 47 24 49 249 40 195 199
    122 122 90 195 196 124 162 180 38 177 68 54 57 192 180 198 189 136
    12 100 244 187 145 64 202 157 113 227 208 114 200 149 239 77 249 251
    214 189 240 135 177 19 211 100 168 24 62 101 151 96 19 43 60 100 114
    156 89 142 196 77 65 136 86 228 229 32 123 45 147 53 79 50 130 123
    23 92 239 73 117 51 100 221 74 113 77 175 12 238 187 51 25 94 88 145
    217 53 41 108 156 157 199 46 63 48 6 88 94 53 196 233 252 57 203 137
    68 173 16 65 39 15 3 7 167 240 171 54 171 174 173 168 70 14 110 154
    241 165 157 142 18 137 100 109 110 89 169 220 37 131 89 24 32 32 76
    133 191 95 226 164 226 90 34 21 21 19 255 9 127 97 1 39 22 128 180
    30 189 129 210 251 195 158 174 97 135 228 102 70 215 123 87 238 87
    23 125 42 27 82 114 246 227 89 16 92 226 16 63 225 140 177 226 160
    124 241 100 31 224 212 219 108 173 128 122 197 49 216 174 194 29 247
    253 163 234 115 104 67 122 167 132 220 215 153 86 146 153 67 160 46
    240 239 245 52 87 252 171 230 217 221 17 26 127 79 148 157 92 251 17
    52 17 23 91 145 189 201 39 63 97 52 9 37 115 189 186 26 212 245 197
    109 27 28 228 208 98 126 223 220 1 138 73 227 236 249 171 21 241 139
    217 87 60 162 240 140 111 10 24 242 62 88 246 98 27 168 196 211 115
    40 77 57 171 255 79 61 6 13 165 31 82 130 106 80 174 135 108 245 93
    174 130 208 186 174 105 157 2 251 170 254 64 239 226 95 68 202 23 89
    96 200 221 177 4 15 44 93 169 6 254 235 9 94 112 42 158 172 208 221
    87 53 241 16 202 205 142 48 123 5 77 132 23 37 124 164 88 183 37 88
    142 47 137 5 140 34 44 222 112 194 231 228 167 172 64 194 122 133 93
    188 23 37 170 75 24 149 79 224 3 171 11 196 234 121 216 2 135 25 76
    66 193 158 211 23 165 249 113 14 137 119 180 2 213 163 255 21 148 68
    98 100 234 2 29 66 152 168 48 150 122 215 157 172 43 236 40 145 12
    129 230 236 124 68 160 83 60 150 252 30 124 9 211 77 136 176 121 58
    139 51 245 212 3 34 108 180 199 193 159 242 34 244 27 105 59 134 37
    218 90 42 210 158 46 211 70 234 253 245 195 172 135 17 58 12 164 129
    205 174 104 196 96 32 218 65 214 110 32 163 225 179 166 192 64 217
    161 216 80 110 231 62 58 173 117 108 108 248 219 204 243 82 106 61
    138 8 176 28 173 232 177 55 115 160 82 240 57 225 149 113 248 99 6
    244 179 33 22 73 209 38 149 9 137 224 36 90 94 157 71 203 35 139 51
    196 21 174 142 131 51 111 82 62 165 220 88 149 145 183 214 147 15 79
    226 4 116 128 119 65 180 82 160 198 52 209 6 188 114 198 147 151 138
    255 230 13 165 9 203 5 58 104 191 3 209 160 172 6 176 117 0 20 187
    139 80 114 42 44 153 59 13 77 64 141 11 46 77 42 139 81 128 5 101 46
    198 184 165 138 223 35 165 246 33 131 166 225 25 239 130 97 73 48
    140 91 109 26 172 194 243 168 138 154 194 127 84 97 41 155 79 113
    209 223 149 123 231 189 184 195 138 138 88 18 139 53 202 122 135 41
    154 229 104 31 96 13 15 164 36 11 216 163 137 143 178 47 179 114 20
    148 112 126 117 129 207 185 164 171 146 47 197 39 166 101 121 154
    123 9 120 245 233 201 107 21 203 14 171 219 88 206 33 28 217 49 202
    8 148 148 219 32 59 23 251 43 253 147 44 209 49 193 225 22 44 121
    109 0 73 29 39 226 87 136 59 227 226 219 195 150 120 236 166 138 58
    182 178 251 16 150 45 128 131 127 211 4 77 138 27 192 115 67 48 205
    145 90 143 105 68 44 72 24 131 9 9 7 40 246 148 171 59 149 247 152 1
    114 146 64 183 143 99 194 156 61 30 253 5 81 230 154 63 17 3 220 142
    130 128 164 32 118 205 165 254 54 26 160 16 120 148 157 74 234 107
    57 180 157 214 234 197 135 89 146 35 139 53 124 140 240 109 66 125
    41 56 103 171 233 106 78 160 56 183 245 67 19 121 175 159 255 240 64
    142 54 142 86 157 151 146 156 119 214 237 137 44 45 88 4 96 86 126
    136 228 254 44 118 122 80 204 34 124 44 185 207 140 60 178 237 126
    83 67 134 102 130 108 202 97 1 247 71 33 206 88 104 65 235 22 99 115
    49 14 254 94 36 17 93 91 109 58 61 3 29 55 104 31 14 124 169 50 188
    254 126 187 212 98 221 112 216 75 219 109 83 232 127 112 47 209 203
    218 230 28 132 205 111 178 27 223 90 196 177 165 129 140 96 146 27
    157 135 58 143 90 164 26 205 180 99 163 125 39 25 33 200 237 116 115
    16 50 214 30 107 1 160 75 82 146 8 244 53 40 111 148 86 203 147 242
    23 163 130 139 25 129 16 78 24 207 1 243 67 176 195 179 178 183 241
    230 105 24 155 210 227 231 73 206 41 61 167 104 61 235 80 80 71 180
    160 207 165 198 89 181 246 168 69 81 77 155 117 177 70 115 105 136
    199 113 2 246 43 85 89 218 173 60 145 159 185 224 114 192 123 135
    167 17 59 204 211 179 156 117 228 105 162 160 45 60 116 118 116 221
    167 150 66 113 156 31 181 222 62 29 133 19 199 185 186 87 106 0 10
    54 1 159 181 25 207 170 59 139 195 8 66 45 163 7 249 228 157 130 174
    52 102 194 0 166 216 35 101 161 43 197 241 29 188 69 200 116 111 14
    24 105 91 107 21 239 29 182 168 152 230 70 255 5 253 243 6 203 181
    39 180 199 176 141 208 90 240 145 232 82 24 9 166 239 159 119 78 95
    152 88 216 113 1 219 137 134 38 183 184 220 158 181 219 114 114 202
    188 11 231 70 25 41 37 230 162 167 64 246 82 46 101 175 199 32 215
    191 103 175 34 51 240 150 144 21 158 248 170 152 81 57 158 104 38
    254 82 109 108 206 83 30 37 76 177 110 198 250 226 149 244 135 233
    147 80 171 23 125 134 124 75 66 106 150 98 182 255 104 100 52 127 97
    36 112 168 42 47 172 89 165 109 163 5 52 25 89 150 166 207 125 237
    253 216 220 105 226 255 25 239 87 141 62 180 47 142 95 51 227 244 17
    42 0 164 21 244 237 55 16 108 227 60 71 198 216 161 251 151 169 245
    216 19 29 90 114 109 48 212 178 215 167 186 252 182 137 133 81 106
    41 86 252 243 40 133 93 112 133 136 150 255 173 47 94 16 240 224 137
    91 19 229 78 208 254 135 28 198 215 139 54 23 207 76 59 114 246 163
    120 234 205 68 110 232 62 228 187 34 34 68 65 33 30 110 242 95 26 93
    175 201 120 77 75 40 16 65 2 198 203 167 66 69 30 69 118 46 236 5
    229 226 65 147 94 176 106 239 168 135 77 162 76 231 255 92 66 184
    136 193 154 167 5 17 9 120 155 4 178 220 54 160 71 53 195 61 14 91
    16 103 24 95 48 142 11 92 131 77 119 234 80 172 33 160 72 76 1 18
    251 23 141 85 253 183 3 8 239 228 132 114 151 244 79 196 175 11 236
    126 104 50 44 100 147 72 228 163 52 77 76 84 236 218 143 203 102 155
    26 103 56 71 162 36 43 190 164 90 200 85 21 216 165 187 31 229 100
    79 243 15 36 63 0 255 93 11 193 135 131 201 25 208 39 40 209 28 152
    40 24 118 117 31 254 77 135 30 103 218 117 228 175 255 3 37 205 102
    164 79 2 85 133 184 239 19 206 237 226 14 130 30 219 127 14 253 200
    59 125 58 36 98 159 34 197 142 193 60 99 188 211 85 80 50 103 187
    239 69 103 111 249 135 159 189 253 59 31 52 58 174 143 176 59 102
    206 184 192 183 84 5 212 34 212 227 51 188 24 231 19 254 57 45 142
    116 75 0 116 216 210 155 32 124 198 68 28 16 188 148 203 196 40 227
    91 52 226 73 29 250 193 67 27 106 21 150 77 71 56 171 33 120 66 41
    116 94 53 127 58 40 43 98 29 51 223 23 180 83 209 74 182 3 254 239
    167 214 178 29 122 119 209 213 54 115 53 15 31 63 70 189 220 255 135
    46 65 253 240 55 224 76 120 217 9 240 204 37 144 62 238 87 56 6 152
    155 113 120 100 251 11 52 49 95 23 221 136 41 65 196 208 153 120 172
    82 42 177 120 157 230 182 187 108 60 0 94 247 32 49 149 137 211 221
    37 152 198 219 154 26 207 130 78 102 101 196 100 46 145 30 243 87
    171 95 253 158 37 42 67 186 252 198 51 17 67 105 156 126 200 112 252
    78 66 159 120 177 132 218 34 2 200 96 114 226 231 106 47 167 136 97
    161 208 57 188 156 241 35 100 64 97 193 27 38 42 5 46 6 141 196 21
    36 58 81 141 208 253 159 50 28 8 161 88 239 171 104 12 28 22 87 36
    55 42 224 181 14 72 219 153 248 107 62 203 250 165 107 123 90 245 0
    65 140 59 192 241 137 125 6 79 223 247 241 31 127 198 209 38 254 46
    48 164 219 228 52 210 116 246 173 195 147 198 125 189 2 149 162 14
    182 91 56 197 34 23 166 111 87 123 12 248 224 1 221 146 69 53 5 155
    184 58 51 148 12 225 80 227 75 193 218 185 202 48 47 241 225 245 165
    17 250 12 210 66 162 84 220 73 113 252 255 27 51 75 14 246 95 148 87
    40 69 78 200 235 151 146 49 238 59 140 109 185 170 75 2 45 48 188
    255 167 39 72 57 113 194 61 166 191 96 246 233 86 162 63 227 58 53
    78 162 27 108 71 187 168 157 161 79 82 176 59 222 131 225 234 228
    151 81 32 5 187 205 245 236 72 238 38 30 71 242 43 133 219 25 31 183
    152 63 63 52 124 188 11 24 59 134 135 47 23 98 10 140 172 200 22 22
    122 22 159 54 82 153 89 117 66 87 240 155 142 201 43 228 141 58 209
    153 208 186 198 201 216 130 90 202 97 31 245 30 27 134 206 117 193
    206 151 190 218 243 158 114 231 21 251 221 183 141 70 96 9 130 218
    10 64 191 101 2 114 150 53 140 177 31 167 171 22 81 78 34 25 20 73
    139 19 209 11 255 20 204 14 235 230 77 190 119 68 134 25 37 72 140
    197 176 132 60 169 182 14 142 234 4 125 35 172 28 32 43 250 136 21
    235 32 209 39 146 49 157 68 118 217 217 65 220 101 46 232 88 103 51
    116 91 129 199 250 70 208 228 96 42 146 228 73 52 155 191 77 119 229
    244 251 59 218 251 151 87 248 19 38 151 245 155 46 32 195 38 255 147
    159 11 39 5 207 195 169 192 242 204 74 234 116 193 143 174 31 228 43
    72 136 98 214 159 7 213 238 107 82 74 110 99 27 181 228 171 169 250
    8 67 213 68 144 37 75 91 173 203 165 161 245 66 88 126 56 0 99 128
    167 115 64 21 197 203 214 123 209 215 71 249 85 0 202 145 131 52 171
    46 142 127 155 105 155 78 154 99 191 204 250 118 30 2 145 110 69 27
    62 110 53 154 43 76 108 251 72 140 206 175 133 125 216 247 240 245
    53 205 34 131 158 216 64 91 68 191 89 130 196 46 178 22 118 215 174
    171 139 72 51 190 154 121 191 107 127 20 216 22 146 21 27 240 146 73
    123 175 39 6 8 252 6 53 117 232 172 145 245 56 221 78 172 139 57 139
    217 206 16 253 206 55 15 9 121 201 69 126 10 166 51 193 151 57 35
    140 52 132 40 72 181 24 102 237 7 20 15 116 45 45 68 249 197 130 192
    64 172 14 74 242 212 157 175 149 116 226 4 229 142 229 118 129 186
    81 114 245 254 91 99 150 47 87 250 237 150 18 229 169 254 44 210 2 8
    247 221 42 183 12 232 16 171 232 149 248 164 51 79 169 221 54 123
    196 167 65 153 143 2 41 1 143 243 101 165 155 212 124 92 20 247 160
    253 62 55 114 175 131 222 7 164 158 112 186 199 32 189 199 76 128
    212 126 138 19 79 22 11 101 152 109 115 84 94 210 71 138 235 76 47
    84 37 179 132 176 43 249 51 118 44 159 36 92 159 217 111 1 18 72 2
    63 155 124 200 133 207 158 67 209 228 153 186 113 90 129 214 36 133
    201 213 215 139 58 188 174 195 150 127 127 65 233 183 253 80 107 5
    227 129 29 111 213 41 128 164 101 26 90 12 167 250 25 74 12 184 5
    116 89 88 53 241 16 35 169 115 168 245 1 248 230 13 148 22 101 203
    65 79 149 5 250 133 182 51 115 240 224 200 52 125 56 156 9 166 55
    229 251 94 22 165 6 113 166 127 159 72 198 154 12 44 190 28 127 197
    128 183 141 44 136 181 131 115 49 1 5 10 224 48 187 134 3 221 13 184
    167 126 102 91 63 136 143 218 189 155 110 243 63 86 0 136 187 40 238
    158 142 232 244 0 26 17 144 36 242 54 145 138 158 89 238 170 190 150
    56 126 6 151 4 159 6 75 117 113 48 18 70 171 80 254 154 49 64 41 45
    156 51 203 145 231 124 20 70 187 227 207 245 177 229 225 153 103 173
    147 75 170 139 101 25 53 249 25 155 47 228 14 223 166 167 203 190
    127 102 241 31 78 166 86 148 27 109 222 233 223 95 95 184 159 93 119
    152 227 48 201 226 236 20 122 45 212 35 219 158 48 233 175 80 248 75
    232 170 24 68 186 194 209 75 63 75 78 114 14 72 47 148 238 96 0 205
    16 82 196 33 238 132 34 182 44 199 17 222 115 85 42 225 186 4 88 113
    147 224 98 171 213 243 203 8 132 30 224 54 247 254 145 59 152 46 77
    5 233 200 52 255 72 9 61 144 42 136 43 61 117 103 144 247 219 154
    194 140 23 238 114 245 67 146 184 112 130 188 70 156 205 89 246 54
    126 1 88 179 206 11 82 173 136 201 96 165 254 220 65 228 244 145 233
    117 34 98 245 22 210 114 62 83 138 24 201 46 50 111 7 163 80 19 247
    56 191 66 230 164 3 238 12 41 61 90 49 181 5 206 164 158 219 167 11
    41 18 47 26 45 16 65 117 16 30 67 106 171 108 227 114 110 180 8 61
    252 89 152 38 100 131 243 236 128 243 91 200 225 149 8 53 211 141
    245 0 18 150 202 129 229 240 78 201 100 92 117 2 149 153 34 219 40
    236 203 22 163 120 162 114 38 241 55 253 174 228 244 29 36 29 95 172
    204 183 228 172 74 228 93 182 30 234 209 244 252 219 246 27 5 5 35
    191 224 50 168 49 45 221 183 58 166 71 241 155 182 166 236 16 58 63
    185 27 142 88 95 136 28 178 204 168 26 235 1 58 61 85 20 177 13 36 5
    18 152 250 14 212 25 3 96 16 119 206 188 141 157 38 98 180 113 57
    217 34 195 176 109 167 52 97 108 127 9 160 250 209 124 70 117 181
    202 125 249 180 60 146 16 226 157 107 117 9 86 242 14 54 43 209 162
    224 8 170 64 19 235 21 21 52 67 37 205 79 48 176 106 185 84 240 127
    169 243 34 105 81 95 63 202 124 240 56 187 5 209 220 103 156 157 61
    113 27 30 119 142 182 88 192 159 180 132 194 78 28 175 32 240 253
    155 66 137 118 13 11 131 56 172 199 137 165 137 65 186 185 187 0 220
    193 123 196 255 176 167 94 59 17 73 225 168 96 211 207 100 79 113 64
    247 0 69 137 96 72 88 207 197 201 44 146 192 237 82 80 138 30 46 69
    50 201 118 11 167 0 214 152 25 133 211 182 102 6 24 126 181 223 205
    75 247 58 95 115 91 8 209 105 191 86 171 158 239 243 218 60 236 57
    145 54 245 180 41 103 136 3 209 61 202 173 9 65 170 177 61 249 138
    41 5 64 28 120 235 89 96 95 158 127 215 57 228 10 36 109 242 174 209
    249 24 92 60 192 170 221 33 182 21 121 75 45 91 193 142 201 243 18
    171 253 233 233 67 230 178 199 111 128 90 113 176 178 43 82 108 200
    10 3 222 69 48 140 169 199 124 105 102 161 158 194 236 191 1 225 231
    159 23 15 110 252 204 181 219 5 85 29 224 131 198 79 178 103 82 115
    108 243 123 161 145 168 98 53 117 184 81 205 205 62 22 144 62 188
    180 14 123 142 214 102 85 220 2 68 239 202 245 183 204 246 216 247
    55 49 130 164 131 190 254 26 123 245 99 251 127 159 72 37 160 108
    140 198 15 180 5 239 47 8 21 35 37 52 86 244 31 104 168 176 119 16
    105 155 78 140 16 180 250 231 205 28 108 91 227 181 195 240 190 66
    128 26 239 74 13 9 208 42 3 145 125 58 165 245 60 153 116 135 179 19
    201 37 138 124 224 0 148 97 136 83 3 188 85 101 134 78 204 154 172 8
    151 147 244 26 177 132 51 69 130 61 6 218 18 184 32 68 44 46 80 224
    114 98 225 3 178 37 115 211 74 156 164 132 140 160 32 202 179 184
    112 38 192 23 227 183 10 229 148 254 108 87 43 70 60 117 243 154 217
    36 168 113 232 146 122 86 28 125 232 28 8 223 54 71 233 47 101 191
    55 196 224 98 130 89 203 19 187 254 110 192 183 41 15 92 174 146 93
    188 142 128 120 141 139 57 7 10 91 196 237 137 245 87 87 218 169 171
    120 209 198 188 106 163 196 181 6 185 5 195 65 12 132 221 163 114 2
    113 111 72 89 81 183 27 103 125 195 124 170 46 91 56 128 214 109 27
    115 42 100 140 238 83 58 45 98 29 114 18 253 191 203 48 145 116 90
    28 172 23 157 109 223 22 29 151 181 116 39 58 217 38 193 42 191 14
    93 93 43 36 205 116 252 78 30 206 141 48 2 199 57 210 111 241 202
    166 172 97 120 189 20 84 92 218 169 121 72 208 61 58 56 166 168 165
    180 115 32 17 166 134 243 177 47 34 11 36 13 125 200 84 79 159 87 89
    94 253 175 110 33 65 160 34 223 51 231 189 163 21 140 193 251 224 26
    175 30 124 130 125 123 216 71 162 182 129 128 7 74 59 86 214 19 72
    200 6 82 197 55 172 240 30 62 81 225 176 116 246 122 55 29 143 46
    106 156 169 25 173 69 89 243 243 73 228 221 26 153 75 122 174 33 187
    183 8 31 191 219 18 21 154 147 208 87 176 206 143 174 42 240 3 33
    203 40 164 67 85 22 41 242 103 133 192 113 116 206 72 108 39 152 137
    255 85 94 209 211 112 31 96 196 59 208 224 225 99 177 65 232 77 238
    144 228 223 59 253 23 169 146 145 127 52 88 65 46 73 42 42 164 70
    163 209 4 150 241 191 223 124 185 130 192 173 139 83 177 24 170 136
    238 105 196 250 242 203 187 230 108 235 238 54 70 5 179 249 217 84
    135 77 62 124 163 104 235 32 223 61 65 115 191 219 70 29 11 48 132
    23 19 6 215 160 233 118 58 109 32 225 147 119 23 218 161 172 164 71
    71 189 76 194 64 30 36 230 234 97 70 35 95 74 95 64 137 143 17 213
    192 214 84 102 77 104 58 118 132 96 204 218 79 172 112 168 135 114
    166 234 23 138 90 35 151 162 36 140 162 53 192 17 18 239 3 177 212
    229 63 198 84 154 51 15 90 128 157 167 154 146 173 73 246 92 233 230
    217 39 13 188 75 184 62 85 134 130 136 78 47 201 114 29 66 185 1 225
    29 64 130 24 19 26 54 13 100 157 163 90 151 128 173 120 179 92 143
    20 243 205 133 235 135 253 155 28 213 12 192 129 98 18 160 242 183
    202 76 85 55 213 180 29 110 28 197 42 216 47 146 145 8 241 215 103
    244 43 199 46 89 251 133 111 43 196 178 107 74 179 146 177 150 119
    182 226 88 195 123 213 230 143 225 97 70 82 20 22 132 8 193 38 103
    136 186 55 197 193 246 206 76 65 24 64 122 59 153 92 202 222 41 241
    10 49 76 122 210 14 67 233 198 225 159 151 214 27 123 2 22 70 69 113
    21 31 161 200 149 125 82 145 51 74 2 150 44 132 65 246 50 138 247
    172 99 45 55 221 148 176 204 181 233 91 56 237 222 0 97 22 91 56 203
    143 237 231 211 80 126 47 187 81 5 225 16 163 227 75 42 109 24 122
    253 209 24 14 226 239 213 97 209 77 105 148 12 87 131 130 47 205 169
    127 250 189 27 44 183 52 223 223 20 160 233 123 99 166 11 206 96 202
    82 224 132 85 237 92 94 34 91 46 224 158 24 237 103 152 122 14 184
    87 253 40 154 238 35 119 50 115 82 156 8 37 155 58 173 30 240 189
    124 232 165 164 34 174 22 166 19 113 65 172 69 220 4 230 251 85 100
    145 96 22 254 170 252 50 49 255 51 238 119 80 56 224 208 131 151 133
    174 168 130 153 118 188 179 26 144 148 205 210 194 56 208 229 164
    151 62 52 139 246 76 79 243 244 55 99 243 187 156 128 241 22 210 171
    209 198 26 143 144 168 251 253 46 165 57 196 72 236 189 33 239 128
    203 103 7 206 88 36 106 153 132 163 165 3 215 62 245 228 250 246 83
    139 146 153 86 191 135 76 207 184 97 119 117 185 112 193 214 183 174
    149 153 9 42 179 249 220 39 103 175 2 7 185 159 240 104 133 30 126
    180 189 182 56 147 208 24 108 110 17 205 196 71 6 165 64 67 23 48
    106 82 177 12 159 167 132 56 153 245 112 214 222 67 217 238 90 7 80
    237 34 181 187 30 245 130 223 51 33 80 120 38 58 67 28 234 97 34 174
    243 112 51 253 44 207 89 165 193 162 252 193 79 240 165 236 249 181
    247 209 234 191 206 228 158 242 124 154 125 133 119 253 111 217 220
    166 32 247 209 236 203 74 116 229 159 119 18 229 14 162 157 109 153
    90 104 141 43 142 15 207 213 73 75 72 251 151 179 60 212 214 169 167
    49 99 191 179 176 222 122 140 155 172 136 252 94 127 117 226 55 66
    221 165 16 193 98 122 100 36 76 156 150 16 86 216 81 30 65 184 27
    115 252 32 188 164 177 24 190 221 229 115 71 88 111 37 254 72 89 119
    83 54 134 91 25 68 105 180 10 2 90 20 16 152 182 121 160 92 156 93
    149 132 84 97 63 116 4 208 90 225 3 219 179 109 42 125 253 126 131
    135 5 229 225 246 0 210 7 184 247 42 236 211 53 87 21 41 205 41 27
    119 163 193 131 49 160 103 164 229 106 210 226 1 216 211 89 192 181
    4 166 208 208 211 95 149 67 52 44 79 47 197 70 133 249 77 92 238 185
    229 70 235 177 244 70 67 238 241 27 165 213 226 117 156 113 47 218
    125 179 126 102 7 86 179 23 253 47 99 158 134 80 173 137 104 69 122
    161 252 234 183 241 164 16 169 33 211 23 204 148 254 164 192 34 203
    58 33 22 159 7 177 248 231 116 115 42 47 249 185 204 236 68 92 238
    149 207 220 90 131 34 182 69 181 106 207 230 75 222 130 24 164 197
    90 205 113 253 26 187 169 97 2 93 39 165 227 3 180 222 140 246 140
    205 177 77 67 175 248 239 142 61 82 224 94 166 170 47 84 16 170 181
    227 61 218 111 209 238 123 151 25 69 24 130 111 239 183 67 148 0 64
    185 50 54 208 194 238 82 9 155 104 56 235 94 173 215 239 227 2 179
    100 175 56 141 175 165 61 39 85 7 126 54 46 152 186 41 255 80 77 2
    115 223 143 28 224 171 144 40 172 201 240 239 132 150 15 230 155 153
    249 214 181 1 100 192 120 23 147 196 98 215 234 80 208 122 52 170
    224 197 50 249 124 86 174 181 112 56 108 222 89 100 203 157 213 63
    87 147 162 248 134 37 164 93 43 88 1 32 168 70 137 122 176 244 16 34
    131 242 108 17 131 254 79 135 154 117 175 211 155 37 114 195 14 205
    107 253 174 101 123 90 4 113 181 204 8 232 132 49 165 157 102 245 23
    251 152 24 207 223 180 31 127 21 105 227 141 6 107 246 43 228 239 20
    179 60 37 84 43 44 72 28 51 67 20 220 123 68 193 123 8 93 183 106 24
    153 29 49 121 81 192 177 82 207 108 197 57 33 249 235 57 162 13 180
    3 39 31 87 73 121 164 163 4 184 198 228 111 150 152 144 3 245 76 19
    88 90 182 67 51 228 110 184 149 14 203 232 135 72 22 64 111 100 226
    161 224 77 37 93 99 17 174 215 134 42 54 71 91 131 175 210 161 109
    26 219 61 189 90 134 219 213 52 213 48 55 242 13 137 177 93 26 210 3
    142 185 114 167 69 165 227 37 119 189 41 170 111 85 237 214 251 212
    162 96 32 133 233 32 9 63 48 184 132 80 100 53 90 137 38 68 220 145
    139 193 128 251 21 208 134 116 77 65 202 48 217 199 25 58 99 189 1
    211 74 11 3 166 107 253 79 237 23 85 113 218 228 119 30 123 189 187
    125 204 168 108 106 95 125 166 209 37 64 145 220 250 2 227 53 252 30
    110 166 113 236 141 10 235 210 45 149 62 56 108 38 189 128 229 209
    93 120 133 223 7 248 47 219 50 10 68 199 213 121 116 223 8 98 80 218
    115 22 181 85 180 70 194 34 129 5 87 150 202 233 250 250 204 198 181
    160 76 223 143 18 119 0 133 140 142 2 169 99 23 167 204 249 133 211
    233 173 17 206 229 15 103 52 127 84 91 112 255 58 80 187 194 54 168
    81 241 67 33 93 115 7 17 0 135 12 40 46 181 53 178 39 235 81 8 52
    108 140 84 55 193 49 164 60 201 47 206 73 235 172 205 83 196 166 78
    77 53 79 16 171 227 236 70 30 203 49 32 118 149 167 212 22 174 154
    84 41 79 254 20 12 190 173 175 220 159 151 134 108 34 62 6 120 82
    213 224 189 93 207 216 192 19 227 172 56 151 0 64 23 90 239 216 76
    213 233 186 18 79 176 170 49 219 37 116 240 146 210 59 248 251 189
    222 255 141 231 167 251 91 181 236 78 141 62 207 92 252 210 132 14
    89 113 203 84 44 29 195 39 101 60 245 33 155 71 89 5 13 184 64 164
    234 7 23 90 233 42 211 174 74 102 139 28 16 120 190 139 17 253 124
    69 233 147 113 83 231 43 92 144 139 188 87 47 126 39 137 97 123 252
    139 207 140 114 245 230 205 157 153 138 187 103 112 31 154 128 237
    231 84 65 101 220 9 139 203 24 211 146 167 115 158 167 75 244 99 159
    207 140 96 74 2 217 186 7 6 51 214 46 111 60 18 16 153 99 209 66 58
    180 238 95 33 220 22 218 189 91 43 221 161 209 42 231 101 55 213 251
    254 240 197 164 124 140 164 78 196 254 13 7 172 160 144 142 178 24
    244 176 89 53 35 93 238 200 128 69 173 14 159 225 253 113 220 202
    135 62 190 44 111 111 141 65 10 168 82 97 130 173 61 14 220 56 224
    105 94 147 178 4 229 137 196 248 120 26 234 132 225 110 37 110 119
    10 154 137 227 246 40 56 38 186 95 56 119 142 137 14 89 71 107 81
    247 15 200 127 170 58 186 224 198 123 181 103 86 117 154 36 86 213
    216 47 151 116 160 45 113 218 233 252 127 248 169 182 248 252 62 2
    235 172 115 164 157 53 102 96 188 150 213 51 187 121 97 53 242 209
    42 23 5 111 46 197 20 125 113 233 10 109 239 232 205 222 90 24 174
    153 10 102 108 90 72 143 46 213 82 215 161 175 240 2 127 174 190 50
    121 210 8 181 83 77 185 176 88 125 30 175 81 50 177 101 216 47 33 3
    34 61 145 93 14 118 183 208 181 228 255 17 85 86 97 20 210 152 143
    24 173 133 38 157 164 80 151 158 46 205 216 6 131 168 236 195 227
    246 73 147 38 52 56 195 215 218 138 144 70 122 69 56 212 38 100 132
    154 189 170 11 127 195 69 213 43 11 229 126 190 116 169 190 179 87
    147 64 141 4 156 54 182 110 44 109 10 95 75 54 208 167 6 194 191 115
    254 39 187 223 218 54 135 117 223 38 25 106 152 216 220 233 212 224
    173 126 238 157 176 199 230 4 99 2 179 173 1 41 8 134 154 105 220 27
    154 197 81 2 87 178 134 162 216 102 227 157 58 71 106 72 241 153 19
    62 150 25 212 161 212 93 74 48 223 48 74 185 151 37 129 43 47 157
    107 224 221 50 190 194 53 69 28 159 126 172 193 66 123 63 146 158
    101 50 68 200 199 247 198 10 219 73 196 225 185 254 146 25 108 140
    180 154 13 252 187 36 211 21 9 87 228 167 87 212 244 20 220 182 229
    171 168 150 38 193 189 243 205 241 141 209 29 230 220 25 98 153 246
    243 30 74 37 173 212 203 19 105 63 241 171 243 113 251 104 207 180
    108 112 248 177 233 218 23 1 1 102 130 136 103 192 216 213 189 120
    152 210 216 187 135 206 102 184 81 213 67 71 225 232 228 173 180 119
    122 221 61 25 0 129 43 14 140 56 16 56 160 0 178 14 182 126 239 198
    52 105 101 240 174 124 90 160 172 236 175 105 207 31 57 163 139 227
    245 57 115 101 22 160 220 253 156 129 81 84 175 250 222 203 19 78
    124 188 86 227 107 211 129 58 18 244 157 9 26 192 184 46 13 245 58
    197 37 37 147 148 166 181 121 112 41 160 237 137 10 222 96 215 98
    228 220 185 23 253 235 163 105 202 252 238 198 182 242 62 125 198
    163 4 8 207 245 177 178 252 33 186 218 229 108 182 176 75 73 178 235
    174 88 32 132 220 211 239 242 148 103 144 255 6 196 178 156 252 37
    23 70 92 234 143 193 52 131 220 71 94 148 217 122 216 143 177 201 61
    89 217 168 117 7 153 119 213 230 99 171 121 63 144 238 60 125 40 151
    160 231 29 105 4 147 178 62 146 73 191 245 83 218 166 90 169 200 173
    33 61 71 226 246 145 16 15 231 223 14 22 85 220 159 141 107 89 194 0
    194 205 214 98 83 134 112 129 171 232 156 104 147 70 181 43 58 131
    254 250 39 253 88 224 98 173 93 53 196 109 97 196 82 12 61 112 125
    51 195 52 68 72 35 189 252 72 57 228 180 80 227 222 32 196 178 182
    154 111 215 96 176 84 163 112 121 13 90 69 138 111 187 126 111 34
    171 213 139 58 54 3 145 187 41 248 247 186 246 120 161 178 95 95 238
    53 189 30 203 119 77 145 161 23 30 227 157 53 214 215 75 50 250 106
    22 237 250 200 138 162 163 243 146 144 26 63 177 244 34 173 235 93
    190 52 207 71 123 26 83 85 172 28 100 106 213 68 17 224 228 98 225
    29 134 62 112 99 16 1 132 154 73 150 238 56 37 61 61 199 198 236 89
    146 30 122 2 84 76 185 159 232 97 212 16 102 153 35 61 156 89 34 200
    28 116 172 130 200 49 154 64 74 181 53 166 14 18 16 207 176 77 59
    240 109 239 118 184 13 112 4 160 22 76 149 213 104 102 215 184 36
    188 185 71 34 181 29 129 12 234 32 81 52 136 244 155 64 103 177 219
    245 73 215 47 63 228 87 128 153 175 152 98 95 243 250 208 138 146
    232 129 195 241 93 142 18 83 32 201 27 119 223 198 75 53 120 106 63
    207 156 43 221 69 5 200 221 230 230 77 254 29 166 0 137 95 35 1 138
    204 171 244 21 232 223 5 231 50 237 51 59 175 126 22 20 78 150 88
    106 20 205 66 10 85 229 246 122 102 21 51 26 123 232 156 82 62 159
    181 95 54 168 11 138 25 25 155 248 52 31 200 155 177 34 194 120 169
    62 159 99 180 197 36 18 119 68 203 85 62 207 75 40 246 58 143 71 159
    218 2 41 67 128 45 207 249 214 162 80 84 17 173 7 207 224 83 44 111
    100 153 13 233 20 34 68 104 227 253 108 107 210 92 115 5 172 135 64
    131 35 236 153 29 117 197 56 50 169 102 19 247 73 204 191 83 170 46
    13 95 37 27 156 76 171 172 223 62 8 18 226 100 244 12 190 202 169
    217 78 92 91 43 114 38 136 32 34 212 72 252 169 98 203 72 161 58 85
    115 21 155 54 35 54 77 29 112 104 132 112 40 114 137 233 217 14 120
    139 61 121 76 162 69 42 33 95 193 154 1 103 116 93 167 14 178 145 28
    15 88 74 121 252 116 90 204 94 19 104 86 82 86 218 57 2 77 225 179
    208 158 44 67 195 112 199 36 112 172 134 121 236 92 44 231 108 115
    151 35 151 125 77 221 193 212 68 239 227 207 15 33 123 212 229 96
    225 94 122 60 173 91 206 94 47 1 188 227 27 155 77 200 146 4 127 6
    142 106 229 177 191 187 105 122 247 125 63 148 232 45 175 22 18 186
    114 61 16 141 221 20 227 13 187 240 29 31 198 36 192 62 89 183 160
    188 169 65 239 24 191 81 62 23 153 2 59 64 127 101 128 70 217 37 206
    168 172 60 117 29 108 99 16 175 62 132 59 97 127 93 124 21 86 127
    142 87 218 7 207 65 208 85 173 21 36 165 245 190 148 168 86 13 23 18
    45 158 178 218 89 100 195 52 70 134 106 93 114 170 122 230 226 17 89
    45 77 255 130 109 204 67 197 135 229 142 82 80 178 219 127 150 198
    72 166 33 65 138 78 233 250 244 40 155 73 26 26 66 72 90 156 115 70
    6 215 50 102 104 41 239 165 106 100 13 76 78 176 89 45 11 219 160
    177 215 236 172 224 230 52 129 227 230 41 250 136 11 21 49 20 148 86
    151 31 15 42 101 132 236 223 138 75 20 204 123 227 27 242 238 164 58
    39 51 114 107 71 97 181 243 255 125 94 202 30 151 127 104 199 38 12
    113 255 242 198 213 64 222 30 140 145 24 53 234 198 161 34 186 53 81
    193 44 83 78 127 138 205 131 22 126 203 11 154 47 239 254 205 119 22
    103 156 202 222 193 144 136 105 27 188 218 94 185 55 69 36 251 26
    195 121 218 39 255 35 198 4 26 137 15 218 126 138 167 120 236 45 145
    121 75 61 130 70 45 36 34 82 119 113 197 44 223 220 133 158 138 57
    240 131 161 139 81 128 49 26 191 96 228 189 21 21 189 172 53 52 217
    30 219 122 57 12 133 139 144 54 22 152 47 65 179 252 255 229 65 87
    252 209 81 123 161 25 8 151 142 15 111 198 204 195 193 169 35 67 234
    31 104 230 87 233 25 16 20 174 22 58 112 159 189 80 17 229 244 112 5
    54 161 67 18 65 244 140 223 107 183 171 99 249 113 192 240 59 198
    133 120 55 154 221 74 188 186 179 79 61 54 25 251 88 142 66 77 84 48
    204 252 114 250 65 102 82 69 160 137 159 167 104 61 13 96 127 172
    103 94 222 117 39 160 208 67 77 241 250 247 187 25 212 246 193 210
    185 23 40 117 156 142 164 239 68 191 147 169 4 133 219 156 105 220
    112 69 171 182 151 233 215 202 252 170 16 225 190 133 125 53 61 147
    161 117 136 47 34 156 56 26 65 54 13 117 222 150 235 25 196 134 175
    192 208 180 87 139 107 64 99 22 214 92 62 75 218 19 182 76 232 31
    103 196 199 88 217 113 11 245 63 223 247 145 94 216 36 117 106 18
    203 175 34 105 188 15 39 130 218 243 211 149 185 229 112 130 149 241
    16 19 157 185 62 150 182 25 91 248 123 90 252 35 55 217 243 91 212
    33 245 195 74 77 255 127 204 160 24 46 49 48 120 1 149 26 23 10 167
    116 70 56 221 4 191 248 191 215 76 23 106 238 166 177 18 132 102 241
    121 210 199 175 74 25 17 18 248 180 29 229 98 3 178 74 23 138 142
    101 226 59 16 163 248 247 227 180 199 177 244 29 20 137 177 3 208
    141 234 5 10 225 197 89 200 88 244 30 63 188 38 164 147 23 213 221
    36 240 203 230 129 169 206 177 39 56 45 108 97 129 128 252 42 40 211
    198 73 210 248 243 165 59 207 249 199 151 89 88 51 127 105 45 66 92
    137 157 85 146 82 22 114 169 127 193 43 57 55 38 27 114 124 78 208
    219 176 146 167 3 54 4 190 96 222 73 226 159 240 196 217 92 122 79
    197 105 16 61 129 136 24 232 42 61 181 88 181 221 34 44 63 50 170
    114 229 7 98 220 221 34 110 189 170 92 225 127 206 245 42 91 192 63
    112 182 119 238 177 145 156 63 94 40 67 66 244 90 13 204 204 96 255
    36 79 34 124 108 5 115 111 91 243 138 67 215 208 221 221 214 73 155
    108 153 117 110 158 189 22 195 121 200 54 143 125 245 159 18 251 117
    210 162 49 63 173 2 254 157 39 189 207 228 191 169 17 52 89 101 56
    137 105 97 202 134 63 5 123 189 199 255 11 207 111 10 25 44 45 57 27
    74 23 208 2 65 168 190 26 102 254 60 41 63 180 204 183 223 179 49
    227 206 20 157 22 109 225 48 44 210 186 214 200 181 205 42 119 152
    199 133 239 218 140 96 233 117 182 40 54 18 177 64 253 110 186 243
    32 187 50 69 241 163 145 75 243 225 127 89 99 153 116 63 218 82 6
    144 90 53 120 227 13 173 35 60 199 143 24 48 119 6 218 196 149 249
    240 14 229 82 125 72 208 240 203 152 80 51 147 223 182 87 115 93 138
    196 4 0 231 235 197 64 154 43 211 231 79 8 210 225 250 216 169 127
    222 137 12 28 15 99 60 107 21 195 142 142 33 203 44 137 143 75 170
    45 118 156 21 73 98 6 172 51 254 45 45 84 110 119 42 86 137 208 138
    15 214 153 86 167 141 23 156 65 150 198 44 243 120 57 21 63 42 61
    101 252 241 207 29 253 57 228 163 3 239 130 35 221 43 54 94 35 208
    230 166 163 120 122 67 95 172 101 57 211 210 113 68 116 138 143 50
    66 123 17 49 151 233 158 35 151 154 72 204 19 51 82 132 102 66 188
    180 226 110 114 132 103 219 58 86 216 13 238 103 212 112 109 26 124
    189 220 227 77 235 10 31 12 59 85 204 29 54 56 55 92 125 103 20 55
    154 181 0 244 153 13 145 228 121 205 48 131 6 239 201 165 13 107 4
    179 229 225 137 68 255 252 177 28 63 10 2 129 116 75 95 125 222 185
    140 46 185 120 149 132 237 28 49 22 73 105 255 18 140 106 45 58 171
    111 218 192 148 228 54 93 83 134 249 57 64 154 130 147 118 219 184
    114 63 64 44 217 240 91 83 223 133 11 120 232 44 239 111 7 92 54 31
    241 183 250 23 5 198 128 191 93 125 23 242 61 7 253 53 69 146 116
    192 221 226 115 164 121 232 69 228 164 219 225 0 34 63 123 43 8 162
    115 214 159 149 79 226 153 115 14 72 16 209 96 237 11 50 113 239 158
    198 171 255 36 206 151 67 1 176 111 235 63 15 56 237 136 115 229 158
    167 38 37 5 99 183 148 118 114 182 20 51 149 164 104 202 108 195 239
    105 183 227 203 87 116 42 202 255 69 198 255 83 136 156 176 204 212
    73 91 226 146 164 199 118 67 95 223 163 33 114 60 149 241 47 135 225
    150 148 216 235 210 157 136 179 176 149 192 3 216 181 209 163 75 33
    79 131 19 6 72 51 69 193 43 65 37 180 40 17 168 222 142 213 187 88
    171 51 200 16 30 21 238 200 252 134 31 62 160 30 75 185 207 254 100
    15 237 167 27 153 234 220 69 167 219 210 55 47 121 6 211 28 0 209 79
    185 90 187 228 165 81 84 60 238 33 71 196 123 252 248 80 29 240 247
    123 83 217 50 55 212 120 171 45 175 161 31 106 193 105 29 223 2 176
    115 124 21 99 111 178 242 224 132 62 226 117 196 76 162 53 129 40
    147 18 25 250 42 198 157 152 143 50 168 96 110 232 78 95 16 126 196
    93 21 39 201 136 147 55 17 115 6 193 251 192 211 7 138 165 217 146
    123 232 17 92 139 218 70 114 172 111 197 166 20 208 10 104 18 108
    136 117 49 107 113 198 166 101 234 231 2 45 192 72 245 6 76 13 157
    51 128 64 186 172 127 241 196 215 26 191 213 180 232 187 226 193 193
    230 249 238 97 78 130 119 73 214 2 57 22 109 213 58 52 162 56 53 254
    196 201 126 149 246 45 185 92 28 197 131 108 16 225 45 46 252 127
    254 215 7 85 59 167 115 14 96 0 42 236 206 193 108 157 28 102 231 91
    131 39 19 237 137 32 99 165 15 130 16 107 124 220 2 187 82 17 183 51
    218 118 96 57 91 25 135 45 161 214 29 163 182 203 239 222 122 162 28
    129 95 7 41 34 28 188 8 137 140 97 26 71 221 87 23 33 34 15 58 78
    254 139 147 75 34 79 68 210 126 227 236 83 189 217 34 187 136 220
    117 200 56 78 211 35 99 134 172 95 129 27 208 145 178 200 73 70 57
    98 178 168 0 195 35 59 81 50 101 196 192 147 177 225 32 175 197 151
    102 32 46 84 1 204 155 124 88 226 218 155 157 167 146 40 145 229 81
    59 212 40 1 27 199 154 135 38 15 208 79 235 205 213 161 239 61 54
    163 11 10 210 188 235 154 16 89 166 40 126 101 27 190 119 251 13 185
    160 186 14 79 228 135 146 105 233 82 12 104 166 111 66 90 23 66 133
    230 83 47 243 108 62 30 196 57 68 184 67 4 145 201 167 203 124 155
    82 238 48 255 91 106 8 145 50 239 80 55 43 190 155 79 184 40 217 0
    138 85 181 149 155 74 242 182 118 151 162 237 73 145 94 112 135 65
    72 85 196 51 90 155 233 238 121 227 140 73 36 36 237 117 230 7 108
    92 250 46 59 151 194 13 160 228 40 87 247 184 186 136 233 240 32 174
    34 66 97 16 47 194 152 31 45 9 131 176 176 145 97 138 76 102 161 40
    167 43 194 83 16 180 246 9 26 16 110 236 4 37 150 252 78 40 111 207
    147 187 15 135 101 56 123 182 200 241 114 3 94 87 42 135 133 248 234
    58 139 160 22 175 205 61 79 250 214 246 58 227 145 36 39 175 53 227
    179 78 228 168 200 143 187 133 148 243 236 135 247 143 142 196 131
    88 214 8 182 228 113 171 6 39 65 95 39 161 93 251 54 20 242 211 131
    157 80 34 69 206 211 252 102 85 76 133 190 145 71 131 130 31 45 61
    171 87 62 7 250 105 190 218 214 1 248 121 130 116 46 68 20 72 35 179
    117 111 74 3 98 34 132 93 101 42 196 41 243 223 152 31 255 24 225 7
    194 130 218 168 60 37 124 62 29 38 193 96 238 112 3 47 47 133 51 227
    69 90 172 72 75 96 241 104 233 185 152 18 99 47 247 167 191 177 96
    202 45 219 101 181 10 191 15 198 246 234 219 54 46 155 14 19 195 122
    25 90 234 18 240 143 49 57 166 37 1 101 63 215 234 174 74 228 220 8
    224 88 190 76 178 71 134 131 149 9 50 112 52 165 222 238 8 209 45
    227 142 23 59 176 54 120 169 244 166 117 74 168 76 139 130 15 96 162
    221 161 210 197 29 13 171 185 78 194 184 120 173 110 153 63 42 26
    111 27 57 166 119 103 135 245 149 138 198 83 93 0 28 110 40 15 92
    161 103 115 19 205 201 121 53 83 198 27 132 101 17 16 81 4 91 81 1
    83 189 247 23 242 161 152 190 25 216 98 218 40 42 104 224 184 241
    252 255 122 18 64 103 55 83 232 131 195 39 234 37 112 176 108 57 48
    110 206 86 195 96 44 14 191 169 81 195 154 254 148 17 30 249 148 227
    73 6 151 239 227 36 252 227 208 218 79 78 29 179 1 39 15 246 104 166
    156 183 197 82 172 98 125 162 69 103 166 14 1 107 252 203 179 101
    177 240 175 59 30 54 34 117 187 239 134 105 119 211 149 230 235 32
    63 171 29 103 161 187 207 204 96 221 73 222 223 185 186 128 88 24
    156 218 65 191 255 161 28 244 239 23 252 58 194 138 163 35 160 67
    253 241 180 197 250 43 125 153 53 164 35 41 220 44 199 185 91 139 41
    154 230 149 15 62 218 55 172 188 147 243 39 35 57 234 227 226 159
    153 153 254 250 117 142 10 227 32 154 176 77 177 214 138 30 190 39
    88 123 99 23 48 222 199 35 229 103 57 245 55 25 121 83 203 149 208
    129 116 86 250 145 50 114 164 167 201 116 114 60 206 27 170 183 188
    152 181 151 50 240 134 143 76 52 148 233 100 177 229 121 104 2 176 0
    153 2 155 229 227 242 96 198 91 74 59 202 117 34 214 8 111 26 151
    190 213 150 2 243 216 213 170 173 53 144 45 165 118 160 255 143 109
    240 64 232 82 214 249 125 243 127 10 153 86 49 218 104 26 64 44 130
    18 229 151 142 13 2 46 157 247 143 16 146 196 161 134 106 181 83 177
    118 32 17 36 143 230 55 1 52 212 130 18 157 218 38 235 15 148 165 44
    231 114 114 162 122 71 12 213 22 17 172 118 140 210 86 128 71 112 88
    122 194 186 204 224 113 73 154 80 176 143 58 53 45 25 84 228 245 75
    182 110 253 183 51 185 41 10 203 6 56 54 139 180 160 38 198 129 225
    242 32 227 45 151 109 216 6 119 17 126 99 185 15 154 62 169 235 26
    125 247 78 123 63 248 168 116 90 23 174 125 184 74 27 156 70 216 29
    196 58 156 104 212 255 0 244 32 58 150 165 186 7 214 202 155 195 177
    104 175 37 109 229 148 71 109 95 232 146 217 216 55 243 240 223 230
    60 73 226 136 49 44 207 224 129 200 250 194 206 20 21 195 111 179
    163 49 39 169 70 172 215 144 232 166 77 233 16 9 33 132 175 136 248
    140 221 187 194 73 191 121 88 12 234 135 17 248 161 145 205 166 61
    91 134 194 149 153 75 188 135 241 165 119 130 128 179 199 47 173 185
    59 11 111 252 63 16 247 157 96 38 58 179 103 20 235 135 217 86 56
    179 173 178 253 228 23 214 95 76 4 186 64 225 176 144 130 197 38 49
    204 42 50 1 221 74 96 202 230 72 66 170 127 47 161 205 195 86 5 187
    217 220 38 104 50 6 175 95 194 3 137 199 171 106 85 1 60 111 41 191
    55 160 177 254 14 0 206 18 1 142 126 240 16 39 87 82 96 220 168 241
    229 140 74 73 123 123 24 32 0 194 12 139 16 62 165 58 127 102 59 126
    112 183 20 97 31 71 184 236 146 223 120 105 136 83 169 55 115 17 170
    92 158 248 170 76 199 130 144 181 91 173 137 59 13 234 224 18 93 73
    59 34 6 100 225 123 35 35 40 143 168 237 229 34 221 148 13 15 243
    169 83 179 222 126 99 165 70 66 122 230 27 255 2 8 131 233 233 71 23
    171 114 171 127 252 9 179 64 131 139 172 212 225 146 171 132 174 143
    27 116 163 246 28 158 66 30 55 107 206 233 107 124 103 189 75 25 55
    148 52 36 15 178 111 153 29 168 5 173 121 250 40 254 234 229 5 74 51
    26 49 103 208 201 97 39 131 112 30 233 236 137 32 159 228 220 190 63
    23 185 75 35 133 206 2 188 202 152 238 58 98 91 111 146 92 51 244
    110 45 184 10 23 137 163 79 98 83 117 105 176 76 44 64 83 212 246
    104 67 50 104 116 168 250 199 131 238 133 248 91 81 161 220 184 166
    39 31 15 147 64 170 232 171 75 118 72 37 160 149 188 229 26 38 194
    221 64 30 127 45 252 235 116 56 9 21 246 202 147 140 181 51 51 252
    113 255 219 64 173 185 191 229 115 86 195 166 110 120 39 155 162 196
    229 39 188 251 86 84 208 0 180 40 7 158 81 56 27 86 126 150 4 209
    125 75 226 92 170 124 123 154 101 213 240 129 222 69 151 39 240 15
    145 203 154 200 72 159 232 82 184 177 238 231 208 250 186 170 194
    229 100 20 159 104 24 241 130 94 81 182 181 78 131 178 47 10 232 39
    118 250 172 1 5 22 90 15 12 200 227 180 232 134 25 17 229 112 172 44
    137 238 84 31 112 105 153 168 122 119 182 122 227 53 217 149 253 9
    47 124 131 193 69 41 106 137 56 150 189 39 117 100 136 155 32 172
    129 9 78 189 83 119 98 136 228 58 253 228 127 161 7 194 235 111 15
    44 147 175 222 159 2 146 127 36 209 201 247 59 32 84 141 112 240 141
    20 251 49 35 230 156 156 103 34 53 134 43 243 152 161 1 213 188 119
    196 227 178 179 204 69 106 148 41 105 154 96 202 169 181 165 35 65
    37 144 170 24 243 153 173 124 166 83 9 100 148 130 119 98 208 35 152
    243 32 254 118 9 160 0 4 217 97 132 243 54 86 75 5 176 202 182 202
    251 69 248 1 145 18 27 60 82 205 212 220 26 215 45 29 185 73 132 211
    45 14 128 228 143 123 171 84 60 194 64 109 0 225 131 142 94 147 27
    90 59 39 102 13 183 95 15 46 122 201 164 161 23 89 10 252 42 9 68
    170 0 8 242 219 126 97 168 205 83 118 146 9 177 194 85 81 74 79 123
    194 17 239 143 202 15 134 217 156 248 160 117 137 197 193 249 80 195
    189 119 204 31 211 146 52 157 220 72 152 33 150 199 181 218 234 165
    198 101 214 57 152 36 90 168 171 58 42 233 113 110 172 43 217 167 91
    235 204 84 62 84 46 69 169 199 224 187 96 42 171 97 44 14 227 37 174
    145 227 196 15 82 201 64 227 54 55 219 248 255 17 147 65 172 76 199
    214 183 56 90 52 144 60 196 252 6 107 74 93 252 48 226 135 238 142
    66 80 252 99 54 32 189 181 162 83 23 219 98 33 91 201 89 12 11 23 37
    10 94 49 11 29 12 185 127 182 72 231 170 203 28 204 206 103 0 203
    102 39 201 247 46 164 12 191 84 108 150 65 91 68 180 125 228 210 120
    217 30 43 72 120 87 46 195 26 119 38 152 170 237 58 14 90 246 150 24
    195 9 29 53 239 31 190 180 124 244 24 45 126 112 78 99 91 118 78 33
    65 100 135 77 100 79 90 39 87 33 5 43 194 45 170 76 200 110 205 42
    174 131 109 107 59 11 135 173 97 242 79 84 9 197 255 123 115 128 41
    72 73 248 214 90 107 0 91 198 192 35 35 11 10 235 203 146 251 216 30
    42 121 111 60 175 208 117 23 7 200 249 151 129 118 149 160 20 31 201
    199 125 128 132 54 199 169 92 215 242 114 29 4 12 43 255 22 170 222
    142 207 8 84 211 237 121 44 254 58 38 36 241 139 109 156 82 161 219
    89 154 221 213 44 28 58 22 133 191 97 181 99 182 42 242 160 3 116
    116 35 91 36 57 124 81 52 17 48 129 123 76 88 141 71 27 146 34 71 15
    203 225 135 39 214 4 102 95 212 94 218 212 250 35 226 213 183 85 173
    167 102 38 92 196 140 97 38 52 80 215 22 65 63 113 106 15 217 7 147
    233 87 40 33 49 140 125 206 213 183 84 182 233 77 14 64 148 93 214
    157 143 155 25 182 14 32 104 109 255 143 126 174 247 50 122 164 204
    82 122 42 12 59 127 150 55 247 242 101 226 113 145 161 141 118 51
    232 33 16 59 90 162 189 213 46 102 157 12 111 105 64 225 240 165 214
    59 130 119 12 137 206 178 184 191 232 168 244 255 231 182 226 167
    226 221 163 254 194 67 160 126 94 119 34 128 190 159 110 64 29 213
    27 40 9 169 30 29 44 250 172 118 72 179 145 212 165 205 210 247 55
    159 127 117 31 17 105 88 81 98 75 198 207 214 161 229 152 145 159
    179 179 27 159 172 204 92 41 45 190 100 25 224 248 169 128 153 58
    162 25 174 249 106 221 103 140 105 31 227 197 122 55 3 139 165 94
    127 67 195 10 252 141 195 238 114 211 255 14 127 232 89 229 143 189
    56 8 172 151 30 80 128 113 38 241 116 104 150 133 61 228 169 96 69
    74 116 62 2 26 251 229 206 232 235 169 2 245 244 151 103 244 149 138
    114 78 19 232 188 187 136 204 223 51 65 18 92 94 211 127 244 242 22
    38 105 67 218 2 217 230 94 248 152 21 38 113 3 15 24 167 47 168 52
    220 241 108 178 132 126 253 241 75 181 85 43 127 147 147 6 115 162
    20 210 61 105 78 152 27 181 125 15 58 48 73 133 164 237 205 159 179
    155 141 189 181 93 194 126 22 198 47 61 131 236 205 103 113 84 20 8
    95 48 235 209 164 82 27 30 91 119 242 191 252 198 55 232 101 164 71
    118 71 3 106 129 108 70 148 22 141 66 25 171 244 91 81 130 105 201
    179 52 159 142 31 93 246 70 159 43 145 136 129 109 123 130 219 156
    88 67 126 178 139 38 189 55 204 197 150 36 108 168 162 63 24 119 139
    153 190 67 30 187 132 63 8 84 159 45 210 175 72 17 120 185 192 169
    150 88 139 30 162 51 58 214 65 56 186 162 194 194 195 254 219 82 129
    35 247 166 9 233 122 29 41 87 11 98 2 161 211 126 60 83 25 186 119
    223 237 38 131 92 117 125 51 90 89 27 8 1 149 179 67 119 181 190 194
    97 215 143 141 219 228 160 221 94 7 245 227 182 97 120 96 189 3 85
    139 253 189 211 178 84 30 30 63 160 18 253 160 118 104 171 250 54
    189 62 181 119 100 253 42 130 153 202 92 101 99 245 217 105 47 220
    16 26 37 34 5 168 251 109 201 228 37 240 25 177 18 121 216 193 62
    171 113 48 250 94 229 201 95 128 48 85 70 242 178 120 253 156 132
    172 81 54 50 53 160 161 49 252 206 0 103 5 103 56 150 194 62 40 68
    96 79 65 45 210 22 247 208 173 147 10 241 131 199 187 59 9 98 120
    222 243 2 193 80 40 203 54 197 41 97 219 241 48 144 121 169 142 154
    218 135 182 173 152 21 49 148 171 118 32 254 2 2 242 230 87 57 39 1
    64 131 17 123 38 41 79 226 141 189 178 219 103 167 112 205 162 236
    135 102 180 228 231 132 99 155 57 234 232 232 149 19 99 158 38 177
    247 139 29 208 31 67 218 243 150 195 236 68 240 119 68 159 200 237
    244 249 119 101 47 90 250 37 195 12 158 104 73 215 236 101 149 167
    235 170 24 216 132 199 102 85 104 62 53 224 173 94 159 199 14 178
    212 43 183 47 48 26 241 136 223 216 160 182 100 47 211 65 61 144 72
    120 187 27 117 153 109 122 245 183 79 97 145 107 68 181 35 153 81
    217 137 174 204 82 220 167 241 225 20 108 201 6 71 1 176 252 171 80
    108 14 253 89 139 234 68 219 125 88 221 238 226 217 65 161 111 123
    20 58 1 120 57 181 32 76 56 6 194 228 63 111 150 9 188 79 59 211 216
    236 182 248 254 138 186 202 154 114 186 68 1 241 22 242 136 112 253
    221 22 40 165 10 33 143 162 77 227 251 36 33 144 83 0 201 144 252
    231 42 107 163 21 206 138 31 251 115 193 150 207 223 195 132 95 135
    85 29 24 167 208 17 122 237 30 222 224 255 87 85 89 148 232 44 8 152
    29 191 162 118 119 62 212 69 189 126 198 232 36 241 253 102 22 69
    194 83 206 182 151 26 147 111 30 219 228 54 224 22 54 14 148 208 80
    79 192 76 5 28 34 45 13 85 211 251 129 145 28 66 221 166 84 92 51 7
    85 192 49 223 48 236 56 169 201 63 207 23 35 68 83 34 96 221 77 78
    135 239 143 199 47 98 104 123 129 220 33 163 150 45 3 43 235 251 219
    14 196 114 142 119 150 17 151 238 88 75 141 213 244 101 173 173 233
    24 85 29 188 15 183 143 196 4 242 131 140 232 228 86 177 89 70 69 37
    57 65 200 114 216 237 54 86 79 61 150 211 94 129 159 79 229 86 146
    126 84 48 227 16 113 122 249 67 173 192 71 204 16 241 205 254 247
    177 76 49 112 17 177 160 186 127 7 187 230 61 73 111 236 239 195 108
    67 37 110 28 87 28 172 49 154 126 169 220 10 136 165 178 29 4 132
    254 197 247 30 199 162 197 80 137 3 172 138 237 147 32 213 169 103
    70 114 96 188 25 186 181 251 74 3 228 214 70 30 122 5 44 89 22 132
    56 40 127 100 44 149 99 191 218 232 219 179 147 66 225 72 5 5 34 110
    82 101 44 208 11 229 228 22 12 193 23 57 139 151 188 162 96 210 138
    116 237 85 54 160 79 89 176 115 174 88 58 213 120 60 148 183 114 22
    122 111 137 5 134 57 69 18 49 148 75 121 190 82 9 249 129 245 189 55
    214 43 154 247 129 75 177 154 60 127 249 23 248 58 185 113 159 216
    81 237 234 140 96 177 242 11 252 135 89 129 6 213 175 79 11 103 40
    214 229 88 104 78 144 50 123 242 193 41 214 90 166 167 37 136 200
    180 61 75 41 152 144 142 7 53 139 239 106 39 234 143 113 179 195 119
    230 45 103 136 80 250 132 202 192 113 244 243 16 169 44 210 91 0 161
    130 163 130 161 103 223 115 157 14 27 227 84 102 181 118 245 236 142
    52 69 32 160 110 193 106 174 58 1 82 222 102 21 22 140 93 197 211
    238 254 192 83 107 161 13 2 11 99 129 12 244 213 13 144 40 40 116 13
    247 27 154 159 87 120 170 11 41 40 96 225 165 116 176 162 52 82 40
    255 101 139 236 199 55 190 110 102 191 90 74 173 157 13 85 70 98 47
    68 189 40 143 78 160 119 250 206 86 175 153 174 245 254 174 127 204
    209 9 105 108 58 137 163 131 145 99 219 192 198 251 104 216 202 176
    53 142 91 79 8 85 13 132 79 194 83 74 212 192 232 36 227 15 233 143
    58 6 231 180 175 21 66 172 181 30 117 214 251 221 8 57 88 76 236 64
    187 185 183 43 136 143 250 221 93 2 40 206 55 192 158 10 11 149 251
    43 209 126 120 98 122 99 213 73 94 45 81 114 30 32 114 93 83 205 29
    47 152 208 155 167 104 119 217 144 83 84 204 134 121 237 122 253 217
    99 33 156 216 170 31 195 201 53 221 192 163 210 30 198 134 80 204 33
    134 225 55 182 153 237 37 43 179 179 183 187 49 171 143 42 212 19
    232 135 242 121 45 121 90 211 71 72 185 30 50 66 157 56 117 5 215
    222 76 210 51 194 97 21 37 217 102 162 232 201 212 122 143 115 248
    35 18 94 178 235 181 58 168 232 71 113 96 212 14 118 168 33 47 10
    160 225 174 26 101 222 85 60 225 196 22 61 181 211 231 214 8 115 181
    184 152 97 240 65 125 27 167 128 24 156 220 193 118 30 165 9 30 138
    66 198 12 88 191 144 88 161 187 177 210 137 190 1 113 94 197 199 126
    103 187 216 68 111 18 58 226 218 166 121 159 47 24 77 97 28 117 147
    179 35 46 75 90 148 166 135 138 233 237 178 148 115 28 171 203 135
    189 46 25 189 205 215 64 60 164 236 206 216 187 102 98 212 89 120
    213 155 97 8 188 71 51 57 146 35 35 224 241 176 134 192 59 166 88
    120 89 118 246 198 227 183 255 225 36 254 230 161 233 136 81 237 200
    80 120 211 82 63 74 81 226 25 162 181 228 118 201 101 36 211 22 181
    138 138 27 31 156 186 55 85 30 0 230 11 162 177 12 211 165 88 152
    217 76 211 126 223 132 27 96 57 135 82 155 230 199 189 215 97 41 240
    105 156 101 118 251 68 47 10 36 131 26 66 206 91 124 5 48 77 40 182
    137 104 142 55 132 53 88 96 247 217 127 33 121 87 127 9 78 92 16 125
    204 123 189 134 204 138 193 26 168 60 25 47 1 117 187 96 59 17 125
    54 53 10 223 65 159 139 138 227 120 82 105 27 18 47 48 53 31 158 24
    214 62 3 81 7 125 246 73 73 203 66 17 63 69 233 135 130 12 34 168 37
    101 244 67 253 77 56 10 81 192 88 201 25 115 175 5 5 255 195 96 19
    69 5 51 118 224 109 205 143 35 156 66 140 255 63 11 29 224 94 244
    203 192 107 134 237 115 177 242 140 217 111 188 85 163 75 178 127 67
    196 119 200 43 235 228 213 214 121 221 43 68 62 217 119 41 37 214 14
    192 111 11 182 240 189 76 23 224 98 11 133 167 153 102 5 149 142 138
    252 2 236 116 230 0 192 56 49 145 212 241 253 172 138 16 104 102 21
    219 44 168 18 217 242 143 10 137 241 7 34 31 123 172 153 81 235 250
    41 86 168 193 162 80 78 137 37 211 230 41 244 107 236 57 24 144 169
    202 27 73 108 107 199 189 171 252 205 222 61 45 223 234 11 19 72 141
    11 91 165 159 70 157 96 199 99 238 161 69 35 143 55 171 24 61 169
    145 131 226 44 18 78 134 214 68 143 100 35 85 30 24 55 141 60 233
    107 36 230 166 29 54 148 5 159 154 178 147 68 125 79 241 137 200 129
    109 159 145 86 115 201 4 4 68 217 86 81 139 106 11 31 191 48 187 207
    126 131 69 166 147 163 3 150 143 191 207 142 251 115 219 40 193 54
    174 179 181 124 24 253 127 32 247 17 183 197 231 65 102 88 248 53 14
    191 229 246 45 211 163 70 230 89 143 156 53 167 119 193 1 170 50 234
    80 216 147 71 228 116 56 151 137 175 237 166 252 248 133 237 247 196
    104 30 183 207 96 91 130 232 161 133 122 196 215 85 141 202 4 215 39
    184 117 4 28 40 235 156 48 138 233 20 79 159 138 59 133 49 190 191
    172 102 12 76 173 64 116 98 178 69 223 153 78 142 243 80 10 30 244
    131 129 7 29 242 67 87 189 255 178 99 105 130 6 122 120 202 52 121
    213 213 56 176 88 224 221 73 192 124 247 208 3 91 202 217 183 53 122
    219 95 211 198 40 188 186 183 92 209 180 50 232 37 213 63 255 235 63
    49 213 31 106 254 185 187 161 87 155 173 38 89 158 25 197 166 92 165
    240 112 111 69 181 236 113 186 196 100 221 50 34 67 166 251 27 215
    37 199 92 56 86 117 86 191 235 172 146 79 38 196 249 195 225 38 32
    161 23 4 180 1 208 24 133 148 12 56 162 226 183 138 252 144 11 116
    80 154 13 86 82 231 108 137 85 59 86 44 97 183 126 139 164 48 187
    183 52 158 192 240 76 31 171 229 197 210 243 98 251 14 58 189 70 91
    201 15 190 187 226 121 129 200 134 196 221 139 190 146 18 41 126 173
    220 125 138 170 140 43 118 249 116 59 73 110 79 109 78 148 95 18 185
    248 71 39 135 102 87 221 33 169 96 155 192 215 240 224 62 202 195
    155 185 227 62 124 152 173 24 6 23 64 252 56 128 208 53 218 53 31
    126 220 183 224 163 60 185 82 39 41 182 139 219 158 216 31 77 245 68
    203 135 24 99 176 132 76 177 204 139 181 11 239 96 73 93 249 251 133
    115 199 81 106 232 137 141 198 137 167 13 149 152 205 147 205 67 242
    57 153 177 117 202 178 37 31 145 74 116 237 49 56 68 47 162 152 183
    108 215 102 230 236 128 240 26 91 250 192 72 15 161 223 86 193 13 67
    81 53 83 173 201 85 211 202 8 155 248 34 229 25 81 45 216 16 115 123
    3 250 27 227 130 246 57 151 6 61 209 200 207 76 229 41 99 121 86 129
    234 136 79 110 13 163 15 240 100 194 213 143 149 218 236 231 99 218
    237 85 162 177 2 222 171 72 254 176 80 140 103 161 147 148 160 12
    153 237 107 44 80 35 255 53 11 223 98 34 81 128 47 84 223 161 193
    213 70 108 173 106 229 206 39 128 201 14 94 144 168 154 33 219 226
    223 117 233 178 244 75 145 43 100 202 150 162 25 31 4 131 13 56 1 51
    86 166 248 88 177 144 169 18 170 2 106 183 194 187 26 147 52 120 65
    236 105 32 125 15 16 203 92 149 207 43 28 64 108 163 210 70 101 80
    44 79 127 202 90 32 97 142 226 137 209 9 40 33 49 211 128 47 27 50
    234 61 186 245 59 167 100 188 46 157 104 134 117 21 225 169 149 181
    56 208 184 211 214 188 155 235 118 152 21 4 6 204 80 60 212 56 126
    163 37 105 145 201 207 44 253 113 182 147 159 174 236 163 174 160 36
    127 160 112 89 219 28 61 183 90 18 44 99 102 24 168 80 250 165 69 89
    249 249 164 194 49 162 245 121 250 76 32 224 133 215 209 214 108 163
    156 69 193 159 53 243 85 219 223 200 94 155 83 168 244 4 70 247 189
    57 237 247 19 103 228 169 249 146 224 162 162 165 235 153 51 37 86
    230 252 145 143 116 49 164 112 255 195 78 252 218 56 219 1 98 77 221
    251 146 192 124 104 145 187 130 27 88 32 166 167 245 192 84 27 165
    186 203 78 206 248 62 190 122 65 200 223 228 216 166 52 50 13 130
    173 127 133 139 244 223 70 149 12 251 183 65 158 17 251 175 19 75 59
    157 173 19 173 158 232 10 106 41 27 26 83 169 189 113 37 125 161 246
    39 24 27 40 234 136 40 180 185 4 2 63 137 154 34 78 205 146 237 107
    117 225 68 27 1 237 84 240 243 31 169 160 247 255 208 219 96 35 187
    74 49 103 198 211 38 198 46 37 53 19 43 235 236 195 53 14 104 224
    253 19 152 150 18 253 138 142 193 117 194 154 13 45 219 187 79 125
    65 93 88 73 160 12 7 110 182 33 168 104 164 197 22 34 238 238 42 12
    142 223 179 145 72 64 57 224 3 175 26 5 58 250 228 87 90 81 239 196
    70 145 48 200 160 88 70 233 98 244 133 226 62 90 17 157 197 91 127
    249 39 120 65 5 75 238 143 209 121 9 84 42 17 124 240 126 230 79 154
    30 119 119 159 211 221 192 99 187 122 225 20 65 166 5 192 0 60 194
    165 188 92 255 20 102 136 215 37 202 90 161 73 181 212 209 114 55
    217 101 153 68 117 219 140 126 134 104 175 6 117 177 247 27 149 194
    147 235 129 25 207 173 10 91 36 4 79 22 162 248 212 170 106 110 248
    61 129 235 37 0 30 25 101 212 180 90 48 163 105 174 57 147 1 171 201
    80 39 102 5 193 17 113 167 218 160 3 160 81 149 93 15 202 74 128 156
    132 128 139 224 185 25 101 208 237 73 43 163 174 20 176 176 49 111
    236 67 163 158 161 150 140 24 164 150 50 247 108 148 101 66 60 199
    167 246 208 212 192 236 216 91 52 160 166 139 77 65 83 10 61 83 224
    202 32 13 250 74 148 111 115 160 10 101 201 6 247 94 254 78 184 2 7
    34 88 62 53 66 246 174 215 229 184 240 211 1 174 105 136 100 220 47
    202 65 111 253 8 11 233 251 120 14 25 99 47 27 99 83 92 12 12 46 148
    183 192 240 136 122 152 168 184 175 69 94 164 122 114 195 65 16 173
    81 34 17 146 211 67 178 230 54 3 195 153 239 210 219 101 237 167 20
    3 27 99 216 105 2 22 105 95 73 119 191 30 242 80 24 174 6 216 159
    173 252 107 21 59 160 130 250 242 253 91 248 188 19 71 40 20 22 131
    251 249 108 163 122 173 208 178 250 253 188 46 91 8 134 71 48 45 47
    4 160 225 124 76 65 109 144 210 111 82 15 57 46 50 251 196 128 184
    222 246 162 211 144 236 97 205 194 51 249 104 78 195 167 236 32 51
    18 37 75 125 216 246 71 181 80 254 236 97 25 121 21 63 141 59 200 40
    131 70 185 131 220 124 74 53 117 14 18 61 122 42 196 120 215 115 85
    115 139 155 39 204 76 43 191 169 97 0 227 156 115 192 125 158 107
    190 197 46 225 225 98 106 4 251 240 32 120 124 162 135 232 223 244
    35 26 117 198 119 25 193 77 145 152 31 3 240 89 81 166 40 181 12 154
    13 137 173 228 186 213 92 242 53 3 206 4 187 144 90 232 248 187 47
    228 18 132 231 194 211 220 210 242 144 195 143 132 98 185 38 82 242
    59 222 62 91 200 20 230 163 223 166 185 150 223 58 153 102 94 181
    202 90 27 72 174 5 196 28 97 221 152 41 169 45 89 76 198 134 17 149
    115 33 145 222 9 171 117 5 148 221 199 94 139 59 54 235 239 42 67
    212 92 225 33 65 214 1 243 8 55 199 6 86 49 174 132 82 218 158 6 50
    215 121 91 27 69 180 28 230 210 29 88 102 237 40 204 184 109 244 94
    57 164 60 66 104 194 251 7 180 245 214 131 104 19 116 38 254 220 122
    106 42 212 14 68 40 235 55 178 19 223 246 118 66 92 104 24 118 189
    91 103 28 45 143 139 50 14 40 112 225 37 177 84 202 16 179 135 242
    90 83 176 72 53 146 116 165 85 5 160 36 168 249 172 152 71 207 41 47
    67 237 80 97 244 91 35 146 241 113 91 193 187 22 168 250 254 170 224
    70 72 206 121 190 44 25 251 83 56 41 20 237 219 79 242 196 42 11 36
    27 212 46 11 46 120 115 9 32 158 38 52 191 192 178 235 82 183 24 255
    25 102 153 247 87 195 255 77 217 47 11 63 213 222 250 19 209 133 134
    55 128 7 208 170 56 220 94 45 187 20 74 140 138 65 237 142 250 109
    157 174 240 52 205 126 127 20 115 143 121 207 193 191 222 230 175 66
    139 26 188 59 44 181 124 132 213 27 176 214 198 18 137 47 24 17 135
    28 64 130 227 251 85 191 171 251 239 28 225 161 82 64 217 251 66 98
    132 187 201 46 162 151 42 60 187 149 138 64 245 82 174 88 178 56 197
    225 134 226 109 208 9 161 205 12 122 212 163 40 84 218 1 120 40 201
    149 169 243 213 219 65 213 108 147 73 42 229 32 67 209 58 151 180 59
    156 46 188 93 35 225 169 65 24 215 53 237 63 131 221 132 218 97 240
    20 148 157 184 140 213 113 224 31 217 129 170 238 81 80 48 142 63
    188 81 96 43 186 96 68 108 238 193 233 211 182 169 175 95 125 239
    198 140 138 143 239 210 208 140 87 109 189 61 156 20 165 99 133 237
    173 41 86 78 1 144 98 33 237 224 191 31 239 47 45 132 188 10 232 21
    9 160 167 219 84 242 228 150 139 185 84 70 232 39 152 102 222 196
    171 175 119 88 246 47 153 95 120 219 219 108 213 12 178 229 38 208
    229 189 152 47 144 50 155 74 151 106 53 14 240 96 208 1 71 221 119
    16 170 106 124 61 223 26 234 131 114 10 10 144 33 242 103 4 155 156
    126 120 231 216 236 97 130 75 211 8 96 234 103 242 79 40 225 93 125
    208 227 27 170 217 82 242 119 216 74 221 165 188 231 14 46 122 51 78
    88 191 8 166 184 188 211 128 240 28 138 60 37 246 146 226 227 181
    189 84 36 92 83 51 21 73 236 28 116 112 110 7 171 80 101 40 172 27
    113 75 109 191 158 70 22 226 53 35 177 156 110 110 209 124 158 64
    231 50 251 106 241 218 1 224 238 150 202 56 132 50 19 30 51 87 215
    30 74 44 217 117 74 152 186 74 213 33 172 176 174 245 176 107 72 98
    16 85 7 199 203 0 109 106 35 235 133 234 34 171 250 31 206 162 194
    32 229 198 68 76 60 254 185 125 116 165 78 209 59 162 133 40 235 42
    114 34 232 11 47 222 15 80 240 174 167 132 126 215 230 225 250 110
    255 176 186 147 122 12 29 250 83 26 61 210 61 50 136 172 66 205 161
    169 131 51 63 77 104 107 31 175 103 196 67 119 142 77 196 164 161 31
    66 115 121 118 54 115 59 4 125 95 13 69 195 181 80 122 32 144 100
    227 131 122 38 180 117 43 160 213 107 211 140 1 88 178 191 3 130 206
    157 108 121 249 166 10 163 78 26 3 66 128 225 151 110 201 168 166
    204 119 215 125 30 89 143 250 239 249 121 177 225 24 53 23 152 23 43
    52 22 227 183 216 128 10 1 249 21 182 193 136 149 229 156 89 203 27
    50 137 158 197 143 146 129 85 246 137 144 203 142 55 116 111 133 130
    94 77 188 182 249 244 249 141 182 134 250 103 222 241 88 242 13 190
    120 215 118 159 107 100 204 46 219 233 200 215 61 107 143 2 219 215
    85 221 186 177 52 33 33 214 49 112 71 101 19 114 225 120 49 22 207
    196 171 37 243 40 72 242 254 76 252 254 20 33 21 117 27 148 205 57
    153 175 124 206 104 126 123 239 189 18 137 192 225 192 87 36 42 2 24
    133 38 86 90 215 250 69 66 221 196 63 1 127 91 70 128 217 197 152
    197 13 145 69 49 55 158 159 221 217 10 188 201 196 216 218 83 125 97
    60 228 44 235 34 171 81 53 118 141 202 155 31 122 92 190 94 142 138
    223 97 162 50 34 74 110 106 177 227 113 46 12 138 68 195 10 221 13
    232 136 63 214 63 162 246 110 156 76 164 123 229 184 9 196 109 143
    34 59 156 182 189 78 108 149 195 186 69 226 91 160 213 60 46 8 44
    119 64 31 50 125 93 34 91 106 173 220 35 108 159 36 115 101 167 111
    167 241 149 155 49 213 173 188 27 15 43 30 92 38 34 107 127 66 16 18
    249 81 126 203 34 184 109 66 141 25 49 12 151 67 234 152 115 158 69
    135 199 119 148 47 189 146 68 11 93 110 19 88 5 127 64 64 247 134 71
    227 109 46 20 71 137 136 246 117 203 118 18 137 129 46 2 213 177 135
    188 24 233 154 244 138 133 235 201 244 55 0 114 250 179 127 114 33
    38 169 196 93 80 129 225 71 169 184 110 177 45 211 7 47 138 216 26
    25 23 13 91 132 253 160 159 250 44 27 26 188 235 197 99 180 179 121
    172 180 17 76 199 203 231 93 150 231 152 134 164 219 129 12 117 116
    228 36 37 177 225 214 193 173 51 64 210 68 21 9 22 220 97 50 71 245
    39 82 142 80 190 254 198 28 51 63 41 35 225 23 130 100 196 176 86
    236 238 102 213 155 71 48 228 102 75 169 43 132 169 38 104 193 123
    227 198 144 182 60 143 112 112 70 65 151 252 177 128 105 169 23 140
    99 131 19 133 1 7 201 131 155 131 218 21 76 117 94 102 177 17 242 25
    101 254 31 214 177 236 164 72 18 181 44 37 177 202 164 3 182 225 109
    92 110 190 230 249 192 79 91 197 113 198 253 151 127 198 215 32 117
    88 213 46 172 221 46 146 8 115 76 48 37 47 50 16 98 43 34 171 29 56
    239 146 198 225 33 205 207 131 216 11 129 208 74 240 152 182 201 164
    76 227 233 137 64 123 137 5 156 74 133 60 120 204 209 106 46 129 124
    26 213 134 185 240 89 207 125 198 225 217 111 144 105 140 122 60 148
    53 253 146 92 5 174 115 173 122 12 209 135 235 173 54 16 66 209 237
    191 202 174 45 246 98 218 52 182 163 163 91 43 109 190 169 255 27 26
    36 64 54 52 18 4 26 199 99 154 166 121 61 209 165 213 2 72 95 132 61
    31 61 124 205 227 215 197 96 38 116 87 26 193 218 134 156 197 108
    231 42 91 212 94 96 122 77 211 3 27 239 176 123 151 109 187 68 237
    180 206 226 35 79 4 45 65 8 83 170 174 199 21 239 30 179 14 28 120
    229 17 212 174 142 45 8 139 181 108 106 7 1 151 143 17 105 56 113 95
    132 66 27 46 151 245 210 242 225 207 21 246 143 159 21 24 139 152 95
    8 165 159 73 149 252 185 86 119 95 1 24 169 101 91 146 181 153 192
    227 170 199 110 26 14 132 59 143 118 111 120 197 152 27 190 146 243
    108 254 9 200 186 43 142 214 150 217 55 17 55 92 76 241 87 61 224
    254 223 194 225 246 236 48 55 231 18 3 143 249 33 204 106 31 2 18 60
    173 68 183 68 124 231 138 71 15 141 24 221 178 150 147 165 46 64 63
    231 41 69 44 122 206 22 207 129 53 177 19 203 88 45 56 254 132 41 80
    213 66 9 49 99 13 92 151 220 235 175 229 197 241 255 190 86 236 180
    166 116 186 215 172 128 176 188 17 150 45 188 192 36 249 23 230 112
    172 10 45 166 62 202 177 150 34 168 142 26 78 67 23 23 79 145 226 31
    242 122 224 61 80 197 201 10 105 110 224 189 19 14 196 35 100 84 231
    205 160 192 246 71 151 123 44 107 18 21 122 91 215 105 70 208 62 50
    76 10 220 184 161 21 1 170 238 10 74 13 74 156 139 12 216 189 253
    173 13 77 166 240 44 238 54 237 99 2 113 168 227 83 187 172 40 63
    246 96 193 45 99 246 213 251 22 147 95 75 161 226 60 94 118 93 187
    64 153 153 226 167 171 180 172 115 49 70 127 15 49 164 88 1 59 127
    11 68 179 253 121 147 102 30 233 8 213 83 249 89 150 175 55 241 60
    174 61 210 119 174 119 251 244 164 77 30 73 2 185 33 124 10 118 66
    162 240 225 19 63 219 50 143 222 186 142 82 251 223 85 3 230 134 204
    237 99 59 254 103 225 158 219 204 30 65 60 101 99 160 146 30 242 252
    72 168 189 20 223 153 125 70 111 29 103 77 148 52 21 241 157 88 164
    57 142 105 27 159 35 133 187 146 236 175 182 133 28 33 137 88 53 53
    183 68 37 87 161 78 169 53 190 3 38 56 5 237 185 20 230 235 153 24
    95 104 240 109 162 4 253 18 34 242 38 21 110 107 240 123 161 179 132
    229 121 223 116 237 49 232 84 142 8 9 111 231 53 241 209 125 174 201
    242 174 207 179 78 101 229 151 51 214 178 209 89 237 170 11 31 220
    182 250 184 15 54 193 108 254 151 133 128 234 67 247 143 251 98 35
    34 37 30 9 20 64 56 57 179 178 189 42 12 221 13 161 205 160 108 214
    221 221 13 41 25 117 168 120 52 215 211 12 155 149 76 55 161 46 110
    204 117 247 148 63 242 68 140 27 112 85 90 247 87 91 216 57 23 248
    11 160 2 129 41 111 71 9 52 175 248 140 227 115 67 52 85 33 4 22 104
    117 166 51 227 65 217 29 141 103 234 127 89 110 216 213 246 122 18
    233 128 141 46 162 214 163 13 11 164 105 211 243 193 127 48 50 60
    206 60 12 118 171 144 15 25 68 221 27 180 84 57 177 59 43 80 107 8
    237 57 169 112 150 245 127 185 52 111 34 232 50 88 7 212 246 157 205
    36 227 234 67 241 187 67 10 138 231 126 146 25 146 105 129 47 150
    213 155 106 91 123 170 123 15 95 35 173 226 73 193 213 154 107 162
    223 218 238 34 6 63 90 62 144 210 63 202 2 199 210 34 140 80 106 162
    6 121 99 248 48 65 169 97 177 249 127 192 128 89 210 75 219 162 255
    15 92 154 98 1 118 55 179 91 242 169 212 218 194 139 129 101 53 175
    13 57 157 248 195 93 78 207 194 240 100 83 230 172 209 67 83 34 134
    105 147 90 180 26 212 116 147 226 189 224 1 26 129 209 53 0 72 84 22
    114 24 83 99 149 55 104 141 96 226 140 57 243 240 203 249 186 29 193
    139 131 130 11 151 130 113 174 231 199 65 44 244 75 226 205 127 2 45
    202 225 105 160 186 128 207 162 29 64 55 20 228 12 248 164 111 52 99
    126 176 30 113 92 251 168 40 227 34 36 89 176 234 49 26 13 79 118
    235 71 245 202 24 144 243 149 125 199 244 134 109 54 225 175 246 210
    137 118 205 24 15 211 39 29 148 58 235 26 83 82 137 235 74 219 186
    18 143 136 183 137 65 74 85 144 70 239 150 98 127 199 157 118 11 137
    43 38 105 211 109 40 88 125 230 240 232 84 86 203 104 248 231 226 58
    231 229 56 200 93 181 20 104 208 190 253 142 47 185 209 144 115 161
    8 104 135 206 129 22 13 101 11 20 60 76 140 188 203 46 42 149 64 238
    137 6 236 218 235 202 127 14 75 169 150 104 145 1 223 184 52 252 107
    182 243 197 209 6 247 123 113 51 173 68 197 181 173 66 185 19 40 158
    220 26 97 0 192 28 176 230 144 137 157 49 16 202 125 22 219 250 26
    240 245 234 196 201 29 131 174 27 69 15 81 177 94 49 229 250 2 182
    31 81 95 9 106 28 57 233 207 194 100 233 228 187 95 112 184 233 213
    104 62 218 253 2 10 176 59 116 113 103 197 164 155 87 60 36 151 101
    41 23 163 202 51 85 238 201 245 55 79 50 226 208 215 122 255 193 156
    202 243 173 5 198 99 203 196 233 99 195 186 241 196 113 232 138 107
    5 184 26 86 42 81 185 59 204 157 117 252 78 94 188 7 135 76 214 223
    251 151 176 66 70 7 128 77 58 241 181 100 205 17 210 35 111 42 51
    254 34 245 117 211 94 59 70 26 252 76 228 168 206 0 47 14 38 174 158
    33 82 139 166 102 247 50 42 68 80 68 175 49 65 93 13 74 18 223 194
    42 251 244 29 165 103 1 37 164 153 202 115 121 242 146 178 56 52 146
    33 85 68 218 160 224 124 108 250 227 198 162 19 108 168 249 131 140
    229 128 217 31 164 60 245 115 31 98 70 73 43 27 197 178 103 4 216
    211 2 55 216 90 118 164 163 112 65 2 32 208 181 164 88 117 166 248
    133 135 66 214 8 141 219 59 221 26 219 130 114 6 97 198 5 255 58 202
    16 2 135 17 111 126 29 171 87 254 91 205 86 133 75 30 215 110 209 74
    224 34 85 150 156 102 125 169 253 8 192 15 184 163 152 211 63 124
    212 228 124 122 10 133 7 62 49 98 251 56 165 109 0 79 122 186 71 75
    167 112 140 14 243 27 38 171 208 183 52 195 202 233 75 101 116 167
    97 70 227 5 89 123 89 11 222 221 206 164 147 3 133 36 88 50 146 198
    195 229 63 18 48 46 229 159 62 201 82 207 108 114 94 78 193 196 143
    39 243 56 50 212 200 68 38 72 111 57 21 25 77 27 82 32 147 157 9 108
    230 139 212 62 204 121 197 76 28 28 242 51 98 61 170 253 188 179 224
    251 214 115 136 13 57 84 10 18 67 223 31 178 186 26 145 51 78 244
    129 145 153 11 193 209 235 138 199 120 18 65 192 133 29 183 57 123
    58 187 231 203 136 42 57 79 154 59 225 48 240 224 145 42 116 229 37
    30 207 174 10 214 91 14 50 40 86 25 118 109 35 177 141 165 82 247
    203 44 185 160 84 142 88 129 109 58 7 79 249 63 33 88 174 92 243 143
    12 241 160 112 213 116 12 33 4 188 77 161 48 36 199 161 140 56 1 89
    31 83 63 26 186 116 142 86 135 85 238 123 229 251 138 42 102 248 95
    182 171 82 42 87 125 124 142 118 27 201 254 202 149 175 85 142 224
    144 195 4 0 137 208 1 82 252 190 114 241 8 250 224 61 250 205 149
    157 74 254 8 51 67 177 182 85 235 46 170 184 5 235 189 141 248 179
    155 92 240 3 41 232 221 187 253 191 91 5 20 212 68 190 108 58 210
    162 55 214 227 97 121 156 42 140 48 220 224 12 44 38 171 173 88 135
    195 9 185 30 11 54 61 148 79 58 202 136 218 212 163 253 176 101 2 90
    133 140 176 237 30 136 64 83 180 205 8 171 252 197 235 101 116 16
    165 167 200 36 49 49 59 50 238 92 114 59 127 70 19 192 244 236 32
    144 224 216 57 199 41 174 4 18 3 7 209 216 245 109 22 1 175 56 241
    240 76 227 118 46 117 156 228 67 0 9 73 21 24 161 43 140 221 152 140
    82 168 104 235 214 47 179 15 64 77 113 226 3 62 70 187 112 105 12
    129 48 217 108 255 255 5 50 130 247 137 183 231 35 155 143 193 213
    197 234 14 214 36 203 34 143 83 79 90 185 249 87 110 162 129 28 89
    150 66 29 195 238 73 56 249 124 149 144 255 187 7 165 192 146 246 71
    95 86 170 231 101 204 55 123 41 107 186 105 3 155 76 199 181 252 51
    221 49 109 144 8 25 89 110 93 157 46 57 128 191 145 127 10 76 179
    176 32 158 147 31 102 255 35 231 182 62 229 187 206 239 34 157 232
    162 0 240 195 213 126 14 113 205 87 9 82 47 190 102 114 238 247 173
    216 20 149 46 192 154 189 130 103 64 172 176 45 102 195 163 227 1
    139 94 75 179 211 112 139 20 190 105 222 147 252 198 66 243 56 77
    247 250 127 152 50 157 184 200 145 55 48 239 8 202 178 228 139 235 6
    115 160 200 86 168 163 229 228 241 52 194 25 6 104 85 121 72 230 4
    71 139 158 159 140 50 71 159 41 58 145 108 182 137 181 9 50 85 106
    50 203 238 209 135 34 83 100 26 222 101 36 189 27 142 10 178 222 21
    109 225 208 3 0 28 94 20 67 100 52 24 200 9 15 221 50 121 15 179 166
    95 36 20 250 65 230 225 43 123 144 94 167 111 234 99 252 82 34 46 91
    139 86 0 62 79 103 27 218 254 67 150 78 32 111 44 205 128 190 202
    215 246 201 12 126 137 220 101 179 234 49 54 222 65 138 248 73 51 15
    167 214 181 103 175 106 243 8 167 173 102 169 61 100 241 223 105 235
    121 128 64 25 205 170 67 168 28 176 161 118 78 236 122 67 87 103 107
    86 173 120 1 225 187 15 26 250 158 17 80 186 149 246 89 150 172 243
    53 101 231 105 119 250 131 203 156 48 255 78 242 120 130 161 232 21
    7 68 210 245 117 38 125 133 81 79 238 89 221 182 92 42 233 188 238
    241 116 202 204 36 227 242 113 191 161 198 237 92 177 207 94 40 206
    234 177 44 51 174 152 12 137 243 56 251 141 133 85 137 163 30 77 217
    236 21 38 71 242 162 195 89 151 118 52 248 159 198 29 202 7 135 202
    66 54 223 216 180 153 86 217 109 140 108 0 142 88 32 248 118 162 221
    142 89 192 34 134 173 3 47 198 138 236 231 237 49 57 173 161 45 196
    164 191 87 232 39 176 34 202 168 127 97 82 243 155 136 218 6 234 84
    118 121 233 53 177 29 121 235 228 34 13 4 147 43 117 151 88 71 136
    95 20 212 112 208 100 177 251 179 195 131 43 175 9 243 44 175 121
    128 210 106 0 187 141 19 151 173 112 255 127 81 167 160 173 179 2 9
    10 202 243 208 154 155 218 225 146 138 60 162 158 146 229 36 20 166
    223 250 150 193 169 172 215 88 175 75 131 209 140 144 157 115 39 219
    172 112 15 233 54 102 5 66 58 138 7 4 40 104 11 135 226 214 121 21
    200 71 110 73 70 127 28 3 210 14 196 141 183 42 22 116 153 120 228
    111 185 24 201 15 146 139 114 28 64 162 175 64 231 24 241 123 115
    119 159 59 230 99 233 68 3 24 43 146 253 65 136 115 76 91 216 23 32
    144 126 33 42 129 173 207 93 48 139 207 205 91 106 183 104 23 93 68
    33 149 36 224 82 178 131 212 99 157 163 102 62 162 178 185 221 58
    130 182 155 203 79 198 188 62 251 142 242 142 165 15 96 247 243 202
    6 12 254 53 111 98 219 228 100 63 79 189 202 87 37 98 11 49 178 72
    163 165 206 216 218 32 188 83 181 117 241 29 151 147 177 44 239 124
    53 34 78 102 143 119 121 114 136 254 96 201 80 141 178 50 123 72 151
    17 66 236 94 96 212 169 95 158 204 111 9 183 77 37 98 137 114 178
    179 201 228 38 78 62 8 183 203 221 83 97 32 121 126 42 104 115 9 191
    247 196 204 109 174 171 52 244 122 141 190 34 133 50 253 249 150 155
    217 22 211 68 0 152 92 192 181 120 35 253 134 10 37 98 213 69 247
    132 154 72 65 184 245 219 118 0 65 52 172 39 14 112 97 249 228 111
    14 182 234 174 197 12 134 99 126 94 70 96 201 235 206 170 244 242 22
    205 243 152 136 178 216 245 41 159 75 171 254 222 254 192 253 155
    206 176 75 160 206 4 75 50 248 221 236 83 67 180 228 241 104 50 163
    180 48 37 40 201 75 36 157 183 168 30 178 74 110 220 53 202 186 50
    218 209 74 40 0 4 235 135 75 157 204 84 57 121 20 82 196 254 239 126
    226 231 185 166 205 97 165 227 229 121 104 36 118 230 83 135 126 220
    190 229 46 32 246 158 64 212 42 190 190 213 166 211 38 103 87 43 125
    192 229 125 22 67 52 101 148 223 123 118 201 167 220 79 196 159 221
    232 101 146 30 76 89 34 122 140 69 57 197 173 95 5 14 135 244 8 131
    181 111 187 151 218 122 33 190 143 64 154 94 101 85 142 124 12 64 45
    32 105 222 69 157 187 24 200 188 205 232 232 151 62 245 163 154 9
    205 207 111 27 157 148 125 20 146 161 158 34 129 128 122 249 253 38
    204 215 8 207 60 3 208 98 171 40 232 1 60 178 178 228 156 138 133 8
    54 123 251 19 141 44 6 179 124 214 139 3 200 163 134 205 97 22 65 42
    25 181 94 19 6 66 220 83 121 113 101 150 85 93 241 144 101 7 72 226
    213 14 21 232 192 193 103 15 215 174 72 73 151 77 77 86 131 251 63
    235 177 189 176 15 83 23 242 0 147 28 30 221 71 185 81 185 104 157
    188 14 92 108 138 180 51 46 62 110 224 83 235 207 117 111 168 47 45
    14 25 143 159 237 191 138 120 121 72 177 203 111 226 158 6 250 242
    156 186 201 186 9 254 13 71 10 20 34 33 108 204 113 92 214 247 52
    173 41 146 56 231 188 195 200 64 80 103 5 87 55 129 172 168 58 25
    161 181 38 75 227 109 214 170 107 47 156 212 126 66 111 173 140 69
    61 8 93 149 236 105 70 50 225 130 161 115 46 201 11 88 17 190 181
    129 133 55 42 237 58 200 161 150 49 223 1 207 249 176 131 198 125 70
    153 60 137 210 130 213 205 177 1 177 194 210 81 186 184 185 22 101
    148 207 170 101 102 99 101 222 113 249 22 142 178 186 212 33 58 145
    25 130 145 143 61 6 250 169 196 87 105 128 253 133 30 223 130 235
    202 18 182 73 91 242 119 126 21 75 72 103 12 145 170 74 244 233 220
    150 232 56 142 142 111 78 243 228 157 16 100 104 145 193 252 210 197
    107 164 124 10 126 45 158 122 239 216 242 65 197 126 25 223 32 185
    115 221 164 139 84 206 230 208 104 213 228 24 144 223 162 134 79 68
    101 219 212 86 95 149 65 205 57 71 232 127 122 46 175 88 105 175 223
    81 140 31 105 236 30 87 39 150 16 97 220 121 203 68 176 240 86 219
    157 157 127 46 141 103 69 225 151 182 139 228 113 138 173 6 26 11
    192 198 108 66 171 249 31 157 175 180 75 218 91 157 67 101 173 186
    146 207 3 197 177 196 95 101 40 155 105 157 229 103 70 78 36 230 237
    74 170 127 14 188 31 191 110 87 53 16 58 5 77 16 93 82 5 245 244 212
    192 13 108 128 136 209 75 254 232 64 254 13 22 171 184 142 185 246
    91 117 160 106 238 159 76 48 186 33 207 215 189 111 190 51 133 140
    111 19 84 56 155 132 97 143 93 132 219 80 144 27 176 66 40 113 98 76
    103 1 30 231 107 42 34 12 86 84 48 168 142 167 110 95 53 236 40 244
    138 140 135 50 191 244 94 151 132 63 92 22 47 255 111 160 184 11 79
    254 6 214 122 62 109 57 166 99 255 220 28 35 13 243 249 83 73 45 1
    123 78 238 244 112 203 17 51 206 195 113 94 68 50 98 160 224 218 151
    215 168 3 58 158 96 154 22 21 201 136 164 39 32 49 61 163 150 128
    180 71 169 186 252 45 85 67 46 117 34 184 91 142 70 44 202 185 194
    230 74 176 25 229 17 72 41 212 102 0 212 82 10 252 69 239 254 152
    251 111 224 62 135 74 52 139 80 28 15 5 12 43 55 9 147 54 169 238
    149 180 211 161 169 177 52 225 63 116 71 58 170 182 162 102 99 135
    88 203 146 157 180 202 80 186 27 192 164 96 99 88 11 160 231 68 180
    169 91 164 187 175 82 68 217 172 150 171 127 176 98 252 222 117 193
    35 149 141 131 60 115 107 59 143 111 24 219 166 118 232 55 85 192 70
    236 25 109 70 122 30 249 54 249 127 213 112 211 60 106 228 104 189 3
    207 127 23 124 194 117 233 238 46 29 188 0 194 63 161 108 109 238
    104 59 187 146 119 148 22 105 11 136 222 53 120 118 234 177 21 243
    189 58 30 206 30 151 33 54 66 211 2 35 47 184 138 151 187 198 41 142
    127 252 116 88 195 165 83 103 60 30 35 107 124 0 7 185 57 133 222
    149 0 216 169 156 205 28 186 121 41 173 251 218 203 156 13 173 85
    169 121 24 132 133 247 172 155 46 133 77 58 96 25 208 46 103 166 26
    197 237 132 34 234 69 119 54 140 139 193 70 159 159 203 200 102 189
    108 43 105 210 78 238 36 235 101 116 213 120 221 154 58 165 171 55
    189 199 12 253 57 245 60 73 196 168 160 245 141 147 203 104 144 191
    230 167 53 85 39 213 99 239 88 124 142 132 28 224 114 9 231 111 150
    146 14 84 41 66 175 186 182 94 8 99 142 22 198 110 172 108 112 107
    44 22 42 118 58 101 59 97 209 105 83 80 118 146 230 69 185 12 148
    142 229 182 3 112 221 109 125 52 16 23 101 28 59 152 180 147 130 185
    250 85 35 11 194 119 11 38 224 176 77 95 78 16 116 112 98 169 115 54
    177 203 47 231 136 239 255 80 215 126 72 182 196 23 87 245 228 22
    151 173 71 47 198 165 74 167 212 48 153 48 247 160 67 42 116 62 205
    225 117 71 179 24 240 198 100 20 71 96 226 81 47 229 82 75 126 180
    214 61 124 187 60 54 117 149 91 26 32 89 195 198 197 26 136 87 1 176
    228 60 85 201 31 110 169 90 17 183 17 245 29 79 150 73 166 37 64 126
    150 127 70 24 246 100 111 102 243 97 121 84 87 19 193 35 215 231 88
    108 123 24 182 21 50 122 234 219 225 227 197 219 242 131 123 254 239
    220 133 114 2 185 66 27 92 9 179 196 201 84 176 115 19 48 226 9 8
    177 73 136 95 147 228 44 18 161 117 246 22 205 216 92 49 127 48 47
    222 238 44 184 20 217 133 152 126 88 178 54 42 157 25 134 107 178 39
    183 157 93 235 147 154 45 164 159 218 248 98 178 219 153 142 70 0
    192 242 152 112 29 39 94 73 127 202 32 108 104 102 253 11 34 194 242
    210 136 46 141 224 186 208 137 94 246 115 160 100 78 148 83 48 205
    79 100 166 241 83 23 181 199 218 8 218 228 240 135 63 97 37 2 9 48
    101 4 151 25 211 217 8 130 144 189 82 156 32 221 18 191 186 223 182
    196 11 65 185 95 70 169 218 201 94 217 13 71 143 166 121 115 15 209
    65 88 141 104 22 81 96 57 151 125 235 38 90 208 144 254 48 182 30
    142 214 255 82 186 101 177 168 47 76 135 186 77 198 229 134 69 199
    125 58 137 118 196 81 250 240 242 71 148 169 126 143 217 5 184 247
    112 97 0 11 42 186 121 254 98 155 192 142 148 230 127 51 240 44 4 34
    38 57 139 178 52 101 224 209 186 36 214 238 185 182 220 41 232 68
    106 20 151 151 124 194 179 81 114 113 191 68 181 227 161 98 174 95
    151 25 99 71 97 5 182 13 150 102 73 125 43 190 191 227 151 47 27 250
    107 101 122 35 188 154 221 71 113 26 42 216 166 52 94 249 22 144 130
    194 133 36 13 206 41 129 252 178 238 166 182 236 206 125 211 51 74
    34 39 59 221 171 65 196 93 188 198 172 54 137 206 203 86 140 246 144
    245 72 179 160 71 85 21 117 190 66 30 51 149 189 73 161 179 255 110
    2 50 149 172 246 235 75 26 138 157 28 108 214 148 128 216 215 15 21
    136 252 238 205 117 5 227 112 177 247 119 171 190 0 128 241 59 46 82
    212 244 107 203 133 175 194 161 163 61 121 106 229 24 140 187 175 88
    180 224 252 75 70 150 18 197 11 187 192 247 210 92 172 164 174 227
    142 78 216 238 34 139 143 188 16 69 100 245 175 161 105 146 90 227
    173 209 201 68 215 32 3 202 205 248 111 185 190 11 239 33 191 82 117
    108 203 18 126 33 236 191 82 193 104 48 2 137 36 36 222 151 216 96
    95 32 223 29 154 206 134 209 215 44 7 118 199 94 182 126 164 213 51
    7 32 208 224 65 194 128 32 194 2 39 176 6 234 217 180 167 222 78 104
    212 41 168 213 189 217 16 113 242 103 143 107 71 247 254 26 96 172
    92 178 125 138 21 84 174 176 30 119 202 224 225 225 175 31 250 161
    147 169 33 61 168 226 35 40 198 145 173 52 171 247 205 4 254 253 252
    164 101 222 69 222 22 175 148 230 125 17 121 191 75 39 218 145 190
    59 217 28 154 66 200 115 131 190 115 167 182 197 181 135 239 177 186
    50 27 18 133 3 0 146 9 103 166 124 63 171 35 217 115 30 255 235 43
    251 154 153 67 5 158 75 129 73 166 216 71 144 254 28 184 211 76 175
    210 54 70 5 8 47 157 243 189 65 105 165 223 63 72 92 75 168 205 235
    73 107 15 42 185 9 184 158 58 70 67 36 97 194 248 128 104 123 19 190
    66 254 251 63 38 103 187 45 145 175 155 178 102 205 1 8 122 131 205
    11 74 11 169 130 102 18 160 252 17 71 44 155 157 248 94 25 233 189
    246 148 34 207 5 202 167 39 38 157 197 199 211 50 76 220 101 124 71
    190 41 72 97 94 81 10 80 129 134 86 146 94 244 193 140 225 243 29 66
    181 72 89 175 71 57 67 221 4 155 73 46 202 130 94 34 22 254 221 240
    29 128 172 58 24 234 253 136 51 16 64 160 65 65 41 242 254 108 61 12
    250 104 226 8 53 81 213 248 235 51 101 147 156 43 41 69 82 145 203 9
    87 101 101 145 16 60 15 38 0 195 192 53 169 204 216 198 189 101 84
    229 237 82 250 122 79 111 142 122 154 217 77 66 80 98 239 229 188
    156 90 128 115 169 99 159 73 167 48 92 50 199 30 232 166 19 240 198
    212 64 235 35 93 89 88 118 58 64 186 2 93 212 37 147 190 93 34 190
    98 56 11 104 168 120 188 239 50 80 66 22 248 104 98 152 79 194 13 45
    242 52 228 1 130 35 162 246 66 52 228 4 75 180 135 44 156 84 57 67
    96 31 136 233 212 136 67 189 133 5 47 113 151 239 59 134 155 84 233
    23 215 139 37 167 8 145 164 213 175 132 145 15 125 46 60 224 65 251
    47 160 34 198 122 118 131 8 31 105 28 68 162 142 165 148 129 155 138
    32 119 38 113 172 254 218 34 93 190 23 199 185 46 59 8 130 170 248
    173 23 78 160 227 147 234 210 10 232 170 220 251 102 102 77 6 75 148
    245 36 158 86 130 150 144 138 79 205 214 161 20 243 152 248 37 100
    214 170 190 241 70 3 75 233 173 195 216 167 165 250 240 3 74 38 182
    129 136 137 244 161 105 138 253 250 43 2 82 63 67 122 3 84 102 207
    78 220 200 183 218 64 91 107 120 237 130 83 129 170 149 253 157 15
    131 7 63 26 179 223 191 54 239 132 129 229 113 13 96 129 219 133 80
    216 68 1 67 45 213 233 154 175 140 159 201 211 13 237 80 204 159 12
    104 2 209 247 51 62 238 229 161 253 56 196 33 230 229 245 238 139 96
    219 241 26 232 213 154 25 135 11 254 94 129 254 110 171 121 116 158
    148 234 80 64 157 119 244 129 45 179 207 99 18 104 127 102 2 243 112
    179 231 17 70 209 167 225 131 35 19 24 115 126 138 215 235 233 244
    151 37 141 223 175 29 181 198 121 236 102 124 238 175 239 211 214
    107 154 76 197 164 234 92 205 46 166 13 82 108 36 67 184 79 186 218
    15 46 127 183 72 63 147 11 185 244 225 105 63 157 55 1 27 158 41 175
    139 203 151 1 154 100 181 44 44 238 110 216 28 29 159 194 218 4 62
    62 43 211 172 136 185 94 90 8 52 130 57 82 68 207 126 230 192 118
    147 60 171 206 114 125 114 14 59 11 115 238 152 190 93 199 96 183 0
    25 151 119 229 34 101 243 157 232 196 128 253 10 79 112 129 232 119
    61 150 89 64 98 99 227 173 80 128 213 93 162 73 69 247 121 150 10
    222 197 4 42 244 249 154 72 165 38 130 208 208 109 10 27 66 112 65
    103 253 180 110 1 175 222 180 228 247 249 162 55 93 33 153 220 107
    237 184 89 135 158 73 240 126 195 104 253 146 45 182 126 232 121 103
    3 17 87 39 97 139 15 177 234 10 135 88 125 209 199 185 240 67 109
    131 93 10 194 79 47 195 235 75 124 134 153 1 82 102 36 241 226 212
    184 30 51 175 0 235 152 58 31 21 191 235 43 118 21 142 94 186 185
    122 102 154 61 21 183 201 57 237 25 150 229 157 98 64 53 2 211 235
    53 15 147 241 94 229 89 73 14 151 154 13 64 144 7 84 36 131 5 194
    132 45 70 45 158 52 249 183 13 90 222 189 251 131 28 219 55 163 10
    241 202 133 139 206 224 84 164 140 154 62 168 182 23 5 16 83 157 78
    97 170 36 223 98 10 109 23 60 19 199 107 77 99 178 36 84 50 213 219
    147 89 12 239 2 80 121 101 96 13 251 104 95 75 1 221 16 226 96 28
    118 254 116 139 110 116 136 187 140 244 168 214 100 81 122 61 112
    173 5 108 28 206 120 212 76 32 17 70 145 74 230 188 70 237 117 133
    185 52 197 188 189 227 9 86 5 197 5 10 138 131 20 71 141 147 89 206
    123 195 47 224 158 18 213 69 8 156 205 158 205 228 14 33 51 184 129
    141 25 136 232 141 22 176 22 183 212 201 1 28 72 46 214 133 156 81
    36 77 106 36 39 198 251 178 128 209 95 10 42 232 210 177 94 120 38
    201 156 233 60 109 186 134 43 51 212 63 129 150 78 80 134 35 234 198
    113 57 188 44 103 4 68 229 76 108 22 75 171 71 200 191 41 62 111 133
    131 202 114 249 85 96 110 98 66 154 96 134 37 217 30 225 164 165 151
    131 115 132 164 70 48 35 142 225 0 206 121 52 84 151 37 180 31 99
    140 99 193 225 34 73 160 26 178 63 212 208 140 49 140 115 50 102 152
    86 40 192 211 87 146 13 102 175 241 222 84 109 136 51 237 22 121 229
    174 120 228 56 149 32 240 180 247 79 209 129 78 17 88 169 63 193 54
    252 105 40 151 65 92 173 242 162 81 6 196 63 222 2 12 240 179 166 11
    8 152 206 191 40 105 33 152 227 52 208 55 209 226 248 49 59 52 254
    178 157 86 27 127 137 173 197 159 41 183 205 151 44 18 228 225 130
    153 248 177 51 37 30 169 188 18 178 127 58 131 118 58 164 174 122 20
    81 135 97 81 118 135 238 189 46 142 168 158 52 114 17 167 161 36 127
    90 218 245 194 81 77 124 24 159 201 190 66 45 216 75 33 218 50 92
    173 123 2 52 65 211 231 94 21 172 46 131 61 236 145 57 83 131 71 104
    72 216 212 171 249 99 203 100 27 240 130 16 244 207 90 232 190 106 6
    207 29 39 155 199 54 56 20 77 104 206 96 187 80 244 240 151 101 168
    72 115 180 174 39 118 165 93 51 196 42 42 103 221 231 58 238 89 234
    100 161 193 159 124 31 215 153 166 81 3 174 113 224 188 145 166 196
    185 24 199 239 122 144 143 104 122 17 5 65 131 212 95 98 115 248 54
    90 1 95 236 179 39 176 179 32 86 127 54 148 225 102 63 163 229 133
    91 190 94 161 3 62 141 115 69 82 184 233 59 86 12 240 200 157 253
    104 65 229 235 170 108 199 173 175 124 102 59 106 196 205 211 33 168
    174 24 37 28 90 167 218 183 113 63 179 55 121 133 161 69 217 113 183
    117 119 20 30 10 160 173 134 202 100 77 151 194 153 79 215 204 119 8
    139 207 254 166 160 3 162 211 158 54 11 114 110 150 170 24 23 132
    127 242 38 107 164 170 164 116 93 89 176 130 151 219 113 212 109 43
    66 37 50 192 54 33 185 43 230 88 189 131 162 150 198 57 3 149 160
    143 68 171 169 129 24 29 223 62 197 227 155 163 28 202 158 207 103
    64 232 255 55 149 168 58 179 116 251 116 186 158 226 40 117 177 114
    237 236 214 139 204 55 144 233 123 231 4 200 181 38 120 183 232 200
    42 66 28 100 95 4 218 145 126 18 170 126 60 196 60 226 29 253 218 59
    183 252 245 67 103 155 106 123 171 7 131 84 53 67 216 251 112 251
    110 172 34 255 89 252 238 82 194 9 60 242 240 116 72 85 81 133 3 140
    70 215 83 110 235 142 134 13 11 0 88 207 58 245 70 217 45 153 241 63
    216 236 113 10 6 170 52 62 193 233 105 125 70 48 90 150 196 156 8
    235 200 132 254 136 186 17 109 24 137 27 188 51 209 195 101 90 37
    131 77 189 40 102 130 212 235 107 3 86 115 9 198 179 40 116 25 170 0
    94 22 129 153 114 44 120 124 70 226 202 74 133 37 91 89 67 246 83 25
    247 243 166 78 173 168 54 13 157 179 53 14 26 244 1 171 186 33 167
    191 96 123 44 65 179 78 236 213 172 134 234 194 223 170 3 227 76 95
    29 27 59 224 215 90 88 190 245 120 238 22 245 49 247 242 78 101 129
    207 69 192 8 143 245 236 229 234 82 229 156 74 55 146 198 89 200 114
    48 216 14 108 142 132 77 25 112 58 5 143 167 244 230 149 192 157 107
    179 86 68 210 3 20 155 202 69 53 111 131 161 41 101 220 28 42 32 113
    149 11 39 46 76 62 95 134 167 19 69 54 76 227 178 245 0 160 55 139
    69 98 78 65 63 225 11 107 55 68 103 124 177 242 192 68 138 197 149
    247 148 6 224 38 202 226 205 21 112 160 39 30 46 110 76 145 163 242
    39 6 32 136 103 219 132 234 135 33 99 212 62 74 122 141 119 127 179
    244 102 127 200 40 79 230 125 56 160 224 248 65 51 154 190 80 94 46
    154 119 50 205 98 19 22 84 127 90 117 78 180 218 95 17 239 67 179 61
    132 61 240 12 244 99 125 168 64 51 37 24 95 241 104 148 219 46 60
    231 159 238 71 142 223 93 115 1 160 209 168 87 36 47 113 77 240 2
    132 154 219 191 115 154 170 84 114 192 189 108 209 214 253 190 92
    246 222 94 14 102 212 103 200 226 52 59 30 172 171 183 201 55 177 91
    104 236 212 50 117 133 18 154 167 80 107 143 249 210 226 80 193 1
    205 142 8 120 158 144 181 189 13 195 76 187 174 130 151 80 27 34 231
    43 30 129 3 244 19 109 6 228 22 108 187 144 83 106 167 232 17 167
    110 243 223 227 184 195 247 155 72 45 159 47 187 64 177 230 196 214
    39 211 59 5 141 65 219 229 207 86 176 131 120 194 75 26 33 112 101
    238 127 11 242 51 199 219 84 101 147 226 166 214 188 254 147 120 243
    120 181 145 86 236 150 127 143 94 192 95 10 203 255 106 97 221 210
    29 212 115 122 144 44 43 171 253 244 25 80 230 157 0 51 178 23 93 52
    205 252 15 130 33 77 157 68 113 119 55 244 99 189 179 28 181 226 113
    17 225 20 127 247 47 121 83 252 21 77 177 109 97 121 150 30 137 44
    15 164 205 16 49 18 91 65 244 8 242 199 217 29 87 60 17 16 61 94 93
    137 75 242 174 209 87 238 49 166 75 90 221 135 104 13 47 106 146 209
    93 232 89 133 155 197 123 12 224 198 181 164 120 99 61 184 205 43 30
    74 193 19 58 162 18 253 70 232 228 70 98 219 102 57 155 198 184 54
    26 142 212 215 14 40 184 254 3 85 108 103 201 243 217 185 225 206
    139 166 126 64 15 40 45 236 11 7 125 82 184 192 86 219 177 58 48 27
    209 23 214 116 105 53 95 202 15 6 131 7 13 97 101 192 135 155 249 57
    172 33 176 147 62 254 114 3 134 26 73 203 42 28 111 144 248 126 178
    255 49 68 42 15 196 215 8 40 253 236 185 3 146 147 254 156 123 67
    142 89 38 178 41 223 131 165 183 213 75 198 210 217 37 147 158 72
    175 45 110 10 129 15 117 16 114 207 109 188 165 170 134 96 84 130
    148 102 20 239 121 64 69 87 157 69 65 46 102 33 188 154 97 111 56 1
    78 109 50 214 78 104 158 85 54 32 110 165 67 204 18 157 236 136 162
    52 126 183 177 211 237 97 243 105 166 14 252 192 60 199 26 213 57
    243 255 144 69 64 188 134 103 12 204 69 189 11 197 250 157 128 110
    62 3 184 221 221 15 219 25 214 62 21 144 164 212 221 183 63 252 249
    183 46 164 29 170 219 237 95 197 182 209 150 36 128 96 45 108 110
    111 18 169 204 162 200 32 221 248 242 50 103 171 232 105 157 133 32
    69 105 142 71 167 73 202 189 59 35 223 209 220 38 231 8 213 185 182
    56 76 195 13 253 230 19 195 27 119 182 78 49 173 0 216 167 247 99 22
    9 101 60 20 136 208 91 208 225 65 82 202 1 31 28 175 96 97 135 20
    116 135 96 200 31 98 155 241 180 242 243 118 204 112 249 0 37 19 235
    85 123 241 162 210 112 0 86 38 230 85 89 41 104 27 124 66 66 18 35
    62 100 237 36 172 67 78 28 137 70 93 202 30 144 21 41 191 178 49 61
    71 232 232 200 214 211 188 23 108 104 201 39 23 166 216 218 3 89 239
    162 255 179 186 144 33 219 167 204 153 6 196 89 190 181 81 238 200
    179 71 9 47 136 165 252 60 65 178 246 191 170 243 180 247 76 199 72
    8 98 206 210 19 4 132 50 14 163 212 59 135 46 203 114 181 212 43 132
    142 143 212 60 135 181 238 247 47 71 188 174 90 152 223 159 105 106
    62 14 146 244 117 52 169 1 238 87 218 173 102 205 182 111 40 9 67 19
    192 147 85 26 82 187 104 142 149 115 63 179 39 219 240 221 116 126
    147 52 249 20 110 109 222 3 172 108 106 189 246 49 67 240 90 21 42
    178 103 57 9 150 254 244 172 2 217 225 127 233 105 244 84 98 178 218
    26 114 173 6 200 120 95 110 158 189 33 187 95 83 143 128 26 4 175
    180 202 228 124 108 214 86 71 54 181 0 60 205 191 146 203 241 79 138
    185 23 228 8 166 41 188 34 10 253 237 55 123 162 75 79 36 80 75 179
    25 245 175 6 131 152 172 133 114 187 113 110 99 181 156 94 44 229
    186 66 155 52 128 67 224 146 52 146 96 70 111 113 137 1 247 85 204
    236 244 103 128 182 180 0 228 163 241 55 115 208 156 215 94 142 73
    251 156 54 37 45 85 240 163 171 217 124 10 195 11 28 137 68 106 205
    10 255 144 207 103 163 242 104 20 19 76 182 100 133 10 2 163 183 97
    138 248 231 236 76 43 229 46 123 118 33 162 74 208 222 195 160 80
    175 96 164 95 87 40 16 239 131 36 99 40 169 238 13 183 255 184 151
    36 105 169 187 90 208 67 43 170 134 89 22 233 104 93 124 60 119 59
    154 19 141 193 18 39 208 140 140 176 119 200 5 141 243 184 60 7 173
    183 114 56 172 177 26 100 185 144 209 203 164 215 192 55 8 84 238
    119 62 255 214 125 224 133 169 99 156 74 140 223 15 37 94 217 223
    129 122 101 224 85 172 39 249 200 120 182 173 234 47 170 196 66 37
    55 162 246 138 131 131 8 38 184 33 47 147 102 35 11 171 48 238 243
    17 21 2 81 204 138 244 139 59 99 252 31 23 63 120 245 131 199 197 4
    203 184 39 155 186 128 153 146 21 219 1 139 4 175 31 246 160 153 179
    86 208 130 120 148 177 0 143 108 188 251 98 190 52 243 192 51 234
    163 1 150 64 161 57 183 186 199 210 177 139 237 235 125 149 65 185
    241 183 234 95 11 202 65 244 126 71 108 185 86 187 190 178 0 98 222
    219 146 219 234 97 110 233 57 244 175 107 142 80 181 116 26 46 155
    120 211 102 118 178 192 206 68 237 74 55 243 110 232 46 45 149 103
    163 150 3 76 236 20 244 185 112 97 106 183 166 157 184 124 4 211 227
    145 144 132 110 20 142 177 125 54 18 249 84 18 185 242 232 131 132
    225 68 66 167 47 77 25 149 148 205 152 196 118 177 121 77 109 69 16
    209 24 240 111 110 20 48 220 186 165 101 53 19 128 90 51 247 10 133
    33 220 85 5 239 236 157 14 200 45 201 128 220 189 244 230 70 70 2 1
    62 24 116 230 115 96 37 238 179 196 136 197 194 20 101 82 54 61 69
    26 249 152 144 125 58 217 142 201 158 21 159 60 190 60 233 8 248 248
    36 201 96 201 101 181 218 156 135 196 211 243 129 152 153 40 223 93
    42 104 245 192 52 189 59 30 252 3 106 243 136 247 3 186 110 60 100
    99 9 205 188 200 3 52 67 104 222 203 34 135 239 187 239 92 173 239
    230 161 197 132 103 143 89 45 222 195 13 251 45 126 228 144 4 212 62
    158 173 14 239 19 213 133 10 8 21 31 234 188 43 133 33 241 125 105
    149 134 109 163 56 1 74 154 190 69 159 208 129 24 145 141 130 203 49
    110 75 214 234 29 247 229 91 203 156 104 81 120 41 203 57 210 134
    114 150 187 153 85 0 77 133 180 172 33 254 223 244 169 84 159 89 166
    73 3 153 98 157 94 134 46 30 14 22 136 229 215 209 142 178 13 2 56
    255 4 173 84 103 170 193 176 51 17 236 213 28 198 211 244 156 57 56
    38 217 90 71 119 233 101 98 249 208 190 66 11 140 246 106 167 26 56
    229 62 243 81 101 186 149 205 112 70 65 245 83 4 182 111 109 58 9 39
    118 108 27 125 149 121 232 164 10 234 21 21 47 13 189 52 29 36 127 6
    213 211 53 154 27 108 189 86 44 254 99 252 158 236 35 8 167 180 137
    117 189 116 59 29 192 39 245 102 136 163 139 184 251 247 0 152 252
    184 169 49 31 65 149 204 101 63 205 244 232 199 198 39 178 249 141
    76 236 1 124 238 170 213 230 168 72 69 190 9 244 253 186 102 62 4 2
    60 51 186 152 158 208 206 182 182 114 189 25 212 122 210 128 253 174
    218 32 130 121 101 127 32 1 206 46 56 68 229 64 21 122 129 105 111
    15 94 211 72 21 69 92 175 33 157 27 39 195 180 3 130 195 231 245 12
    241 62 76 9 119 22 50 219 251 15 242 198 177 124 246 76 239 19 84 60
    145 11 113 153 1 234 18 65 109 8 70 254 199 234 235 237 138 238 141
    12 240 35 120 171 63 210 211 140 45 107 92 214 11 169 177 157 238
    118 227 238 201 214 93 185 118 160 216 2 126 180 78 99 200 86 164
    206 115 145 127 27 243 133 234 99 110 152 109 18 110 109 48 142 16
    140 38 216 143 199 125 219 97 245 225 172 251 74 111 82 2 179 194
    133 255 253 66 210 9 69 78 42 62 35 221 108 238 166 140 170 249 189
    47 28 9 51 254 45 11 180 54 124 56 238 17 37 31 182 14 186 189 166
    148 242 105 236 56 203 15 233 184 196 61 94 28 217 197 28 84 123 247
    139 109 23 239 1 201 120 243 108 34 140 143 220 103 118 209 246 110
    33 51 102 9 224 86 125 220 17 90 187 127 248 27 37 233 118 31 41 19
    9 138 229 150 93 116 36 108 56 61 163 159 185 35 179 22 119 154 36
    199 31 55 118 80 230 232 172 53 155 124 114 101 254 154 218 66 14 79
    92 189 91 212 115 93 29 204 170 147 131 137 93 127 3 14 68 116 160
    219 82 178 141 43 74 127 166 166 92 164 44 19 90 142 140 55 37 92 72
    209 109 211 110 227 75 84 220 40 16 117 159 221 86 140 220 234 99 23
    246 38 245 1 197 61 221 222 134 146 232 80 189 13 215 208 221 246
    174 26 169 38 52 87 34 248 115 232 89 244 106 66 83 221 252 47 249
    204 76 201 237 36 20 104 154 86 152 76 3 57 68 204 34 238 185 150 95
    30 205 26 121 93 76 114 255 201 229 81 134 200 174 60 39 138 196 110
    69 211 139 87 192 194 142 191 114 253 8 243 91 183 44 129 81 61 185
    137 197 5 37 16 247 245 181 187 152 253 170 146 157 112 46 57 160 19
    58 142 229 201 174 15 70 236 45 70 103 130 153 132 93 202 211 174 9
    106 0 33 38 21 197 236 19 24 59 155 84 214 228 36 52 138 6 165 64 84
    70 128 214 60 27 145 233 6 165 248 224 176 43 128 64 248 88 95 48
    130 132 181 38 114 203 59 112 119 118 154 40 223 92 247 45 50 142
    212 126 148 231 43 194 232 152 174 104 84 77 86 185 224 144 117 106
    154 199 119 250 123 154 0 209 139 167 234 132 23 162 214 157 96 117
    158 215 168 183 67 47 175 9 26 204 180 91 169 34 200 243 75 144 189
    131 18 226 15 139 27 13 58 37 197 197 212 207 20 93 95 14 35 244 45
    130 145 3 194 229 215 246 224 215 124 160 244 83 218 155 121 81 171
    41 21 18 28 189 7 28 170 49 220 209 150 30 211 93 89 122 126 241 92
    243 35 7 172 103 86 28 22 41 184 175 132 213 249 156 66 77 54 213
    162 111 118 223 5 104 107 191 240 15 89 77 162 225 83 156 156 228
    103 77 204 57 115 45 243 245 29 122 108 117 40 118 25 157 252 62 102
    65 90 122 181 80 255 211 248 224 95 175 184 133 90 88 146 175 151 71
    180 227 109 111 36 45 18 136 37 187 20 192 74 235 60 239 153 115 216
    56 118 239 205 127 219 191 207 22 168 84 35 22 96 46 149 50 5 165
    218 41 103 108 163 213 226 61 61 41 182 7 28 69 22 57 219 231 246 0
    18 117 143 243 114 246 61 62 101 254 246 102 5 111 61 57 66 10 105
    140 100 156 209 200 3 78 111 204 229 253 253 228 0 236 180 68 15 249
    99 152 81 207 137 178 255 0 68 85 201 92 237 148 138 88 77 124 78
    165 163 206 241 83 13 18 197 44 172 196 71 80 6 50 154 21 123 173
    177 230 145 17 63 167 178 1 166 150 50 105 32 146 187 144 86 35 185
    140 18 47 105 166 240 254 51 187 61 223 13 74 147 8 107 255 17 245
    123 42 32 20 123 87 154 195 169 32 165 22 1 149 89 61 20 200 83 195
    232 133 15 224 18 122 229 50 238 62 224 14 184 103 5 139 23 33 7 90
    125 216 139 57 134 254 62 10 163 124 171 109 103 119 242 55 101 199
    87 136 238 150 165 101 207 186 158 58 96 238 243 143 118 184 46 215
    65 202 202 185 251 147 204 60 134 77 39 196 117 22 115 251 58 196 47
    241 159 216 219 82 95 241 94 130 185 168 199 141 219 99 255 251 253
    29 249 223 245 208 244 131 148 178 218 113 130 12 252 215 241 208 20
    91 30 3 94 80 242 112 149 171 179 248 0 8 145 49 167 242 237 238 36
    213 75 9 120 235 240 235 109 94 4 158 239 166 78 150 5 78 173 127
    107 100 237 158 206 205 63 221 59 7 228 32 250 176 197 61 157 163
    148 186 32 234 157 92 131 182 131 2 159 179 198 52 104 185 202 37 99
    5 100 115 253 61 0 144 91 186 35 129 96 92 127 108 9 82 141 182 40
    238 171 25 112 224 174 138 85 254 20 224 110 142 147 84 138 236 53
    212 103 126 142 92 138 141 148 105 184 218 64 113 181 192 199 250
    186 100 177 61 33 120 215 239 100 148 209 117 24 151 194 243 217 98
    48 167 10 165 229 181 189 149 97 217 38 114 158 220 168 131 123 158
    125 59 5 241 34 143 167 197 125 124 252 151 63 119 111 14 255 63 91
    159 127 171 16 89 16 171 193 195 82 18 6 122 80 131 84 205 147 41 25
    251 47 47 89 244 114 145 202 32 165 170 41 198 226 212 5 209 14 37
    85 127 20 68 203 95 229 103 170 245 250 63 21 69 100 22 82 199 215
    60 119 45 103 101 97 229 229 143 116 136 227 83 253 135 190 196 133
    88 164 62 240 46 43 96 207 93 165 190 99 92 239 96 50 76 80 183 220
    49 232 196 22 52 65 147 123 60 12 216 71 142 238 196 245 92 81 143
    76 61 99 7 126 23 67 235 149 156 224 1 27 252 33 180 191 88 73 98
    189 218 221 193 110 6 20 170 204 182 85 68 237 224 20 167 85 182 203
    143 82 79 104 62 154 194 94 71 172 168 95 191 43 147 128 223 168 110
    24 13 62 48 211 201 179 197 220 137 199 129 215 149 246 8 68 111 86
    91 247 189 212 72 11 74 33 126 253 69 68 244 153 13 78 189 20 82 212
    17 103 109 135 24 176 52 60 26 173 99 211 221 195 157 209 162 4 72
    75 254 144 189 169 66 76 252 247 91 44 48 154 117 189 231 169 12 126
    161 206 196 33 196 207 114 185 83 238 207 198 131 140 139 239 20 207
    209 143 235 82 125 255 15 251 65 13 153 70 28 81 143 32 234 190 80
    12 149 217 36 128 103 100 49 49 115 46 94 255 241 80 165 107 98 212
    179 125 146 255 168 16 86 199 66 208 250 226 3 100 224 205 103 62 73
    50 200 159 251 52 191 253 153 163 171 167 134 158 175 93 212 205 187
    8 81 90 244 89 40 243 223 188 253 244 218 233 159 32 182 232 230 199
    161 119 112 207 227 31 32 195 176 88 155 149 41 246 228 251 160 1 78
    63 132 29 81 254 107 113 116 174 31 92 91 96 60 150 254 116 89 111
    63 124 238 93 228 114 216 236 76 243 20 118 42 57 72 28 45 2 197 60
    218 116 9 204 157 196 34 205 152 19 227 181 83 5 199 196 121 82 163
    14 254 137 222 253 172 117 194 13 97 142 156 72 247 220 99 112 50
    203 140 241 17 216 94 192 155 55 174 191 34 160 255 109 58 163 39 57
    220 173 156 85 150 107 235 15 247 48 188 198 247 111 130 238 71 105
    229 88 157 252 110 200 248 213 221 88 67 105 206 236 223 237 110 56
    24 32 214 145 130 248 103 221 72 134 147 128 204 161 28 181 26 246
    146 19 223 63 240 8 221 242 241 20 23 232 108 71 209 136 250 97 111
    91 100 31 112 118 155 112 203 238 224 72 125 81 73 174 195 120 207
    149 7 79 205 94 71 224 147 229 136 149 233 124 202 136 11 161 143
    172 48 147 62 23 254 45 131 123 231 101 245 5 165 249 156 117 220
    195 14 154 145 235 130 127 163 185 73 162 31 176 110 236 249 120 111
    7 14 202 175 72 13 35 169 34 161 176 216 65 71 152 0 240 174 160 60
    28 80 145 15 144 161 86 223 3 160 101 139 90 162 41 224 119 28 188
    134 229 247 3 37 241 213 7 87 220 144 62 176 114 224 255 46 94 26
    193 32 66 230 114 175 80 178 137 3 87 167 40 111 101 115 36 138 16
    121 178 39 212 110 175 98 215 9 97 127 29 234 51 148 211 231 56 14
    39 164 131 148 156 36 3 241 247 14 176 83 33 211 41 59 126 73 142
    186 162 195 91 175 182 82 3 32 14 238 243 221 224 219 19 69 67 122
    41 84 60 7 96 149 141 129 237 49 240 153 237 214 164 69 74 218 39
    137 156 19 184 112 110 169 42 15 52 100 144 198 136 27 229 175 188
    182 157 191 114 87 169 60 108 187 76 138 19 40 225 13 178 125 20 104
    142 77 172 105 159 144 152 205 160 56 125 13 112 202 136 170 68 222
    69 238 103 184 201 139 184 183 152 136 141 92 217 98 234 232 112 206
    136 162 236 27 154 112 193 33 130 27 20 33 211 25 38 231 162 70 122
    166 37 141 27 252 94 127 51 182 184 112 223 100 189 143 72 7 152 35
    192 49 220 68 189 72 155 56 104 75 123 132 164 156 118 96 13 201 9
    144 195 171 223 216 132 67 211 176 127 16 39 235 196 51 161 13 58
    227 148 96 92 216 45 130 185 45 194 140 120 249 7 142 57 29 208 206
    207 19 48 130 159 164 7 222 153 186 85 170 59 214 119 201 17 105 57
    188 162 167 108 164 15 107 118 88 85 244 41 192 102 9 212 137 89 9
    93 60 22 82 206 96 42 202 192 79 99 251 235 121 3 158 34 24 228 32
    109 149 214 247 126 25 227 39 94 247 17 168 176 228 44 154 244 3 124
    204 196 45 237 224 29 91 125 107 219 59 98 11 66 21 29 186 36 86 163
    186 40 139 7 60 106 89 240 246 7 168 67 131 147 64 206 91 244 105
    126 36 93 9 252 27 129 212 189 24 246 70 122 191 194 237 191 162 125
    45 221 192 104 88 208 248 44 177 241 134 229 96 16 232 68 229 82 153
    85 148 171 56 36 239 169 254 64 131 238 154 130 142 198 141 221 66
    25 235 102 136 182 9 238 116 245 60 29 215 203 173 101 127 102 225
    188 137 168 75 47 48 176 1 4 16 115 224 216 69 79 22 26 77 234 208
    209 98 0 4 87 100 64 226 197 237 155 186 70 223 235 205 164 13 190
    185 106 113 190 128 13 191 123 171 167 1 235 211 102 252 52 255 103
    112 71 48 79 190 21 236 60 37 180 45 100 45 35 162 254 70 219 39 71
    57 193 128 238 252 209 199 37 252 112 78 116 15 204 104 243 86 143
    123 57 0 166 117 137 129 106 136 239 251 13 143 207 56 19 11 239 60
    98 235 98 43 245 192 24 11 186 218 243 255 147 51 165 91 170 120 198
    136 183 47 31 211 204 196 86 217 139 16 109 230 131 69 159 186 33 22
    202 196 6 33 139 245 137 27 131 20 148 162 151 237 168 172 27 98 75
    112 151 172 245 125 239 247 100 27 185 75 201 35 220 24 61 51 85 234
    215 1 67 230 168 198 121 135 235 167 54 229 2 244 70 149 224 1 230
    31 89 101 151 56 61 24 241 9 183 54 174 229 206 237 163 32 200 151
    201 159 40 41 113 109 7 239 32 133 85 196 146 244 124 104 172 121
    199 197 210 48 127 212 173 84 81 176 144 10 143 147 226 139 22 217
    89 248 174 30 134 182 74 5 193 12 60 242 202 210 231 207 188 128 46
    64 8 202 121 21 77 237 23 166 1 89 122 208 17 43 130 245 166 102 22
    201 56 24 127 133 240 23 28 86 195 236 222 31 9 50 194 243 231 72 14
    198 150 169 249 231 159 130 78 104 175 227 168 125 13 116 220 45 65
    73 139 172 245 234 60 198 144 148 218 30 237 150 169 139 232 239 59
    228 9 246 164 105 207 170 32 13 231 175 183 28 157 25 199 70 218 197
    42 68 181 111 119 89 163 172 130 198 150 162 188 4 15 26 168 53 89
    187 237 16 217 222 171 31 6 30 182 211 170 213 233 4 115 239 229 176
    237 145 165 46 63 231 195 6 159 87 209 35 15 94 192 249 215 36 80
    246 122 199 121 232 120 153 198 98 215 239 18 143 41 93 47 151 245
    67 181 104 247 183 66 212 153 59 18 11 187 175 62 44 208 149 41 106
    232 248 166 195 127 3 210 158 223 114 137 13 58 128 174 149 156 241
    205 31 42 224 4 9 176 97 14 54 185 213 101 63 80 53 147 224 193 94
    136 143 75 141 61 123 208 43 176 150 212 74 133 195 96 226 112 139
    175 129 45 141 221 159 54 22 21 192 62 246 185 10 113 149 3 185 224
    87 36 230 250 86 240 94 224 68 184 29 227 166 5 187 111 44 113 148
    192 113 71 189 211 21 250 147 63 135 174 252 101 142 30 61 172 66 37
    12 213 218 213 37 199 5 45 108 8 185 167 251 214 184 249 98 62 197
    238 48 59 27 215 57 19 78 231 124 111 26 254 42 55 246 149 116 236
    177 76 149 191 91 239 87 117 182 156 44 96 6 191 236 84 60 208 219
    14 132 182 59 71 186 204 206 184 84 105 25 8 0 178 155 35 109 147
    197 111 201 142 21 200 136 98 233 110 89 222 182 87 70 168 149 128
    18 132 52 116 75 240 62 70 193 9 135 80 253 97 169 0 184 108 220 10
    14 168 147 172 80 52 188 205 7 193 158 216 220 130 19 235 118 158
    145 224 32 238 246 72 122 89 96 203 114 244 36 176 134 84 63 137 72
    137 242 33 97 138 95 44 154 71 9 213 191 228 250 226 134 137 217 5
    100 114 195 222 238 83 39 85 100 208 148 152 214 254 149 253 227 167
    8 132 194 112 8 176 110 129 182 83 182 91 244 237 203 126 250 253
    247 24 134 141 98 12 247 197 196 84 203 202 9 116 237 9 247 51 4 66
    86 10 172 79 70 20 230 191 232 64 80 147 144 168 106 61 63 126 164
    47 196 211 78 206 222 55 104 182 8 123 94 5 167 6 31 119 10 179 22
    23 142 105 25 225 130 190 37 63 172 17 108 188 254 103 158 93 136
    162 160 72 66 148 97 15 169 233 208 8 49 210 6 106 24 186 40 2 66
    105 71 72 183 159 212 73 167 21 50 248 34 176 5 116 166 0 98 244 102
    117 112 219 70 123 224 176 9 42 118 179 114 98 155 112 175 214 56
    213 2 121 129 25 136 91 28 151 69 233 180 61 206 174 202 49 108 7 13
    36 180 187 61 22 96 125 65 114 98 85 60 186 154 247 73 253 160 201
    34 83 79 31 83 71 35 15 106 123 191 79 198 188 248 71 68 48 199 146
    150 247 248 201 107 252 183 247 111 111 253 93 251 217 134 146 125
    94 122 7 237 242 43 132 205 137 60 144 74 246 69 13 22 153 14 107
    206 140 14 221 91 208 135 225 15 41 163 153 27 209 164 150 108 182
    238 209 161 219 135 154 249 18 112 99 182 232 215 178 138 170 164
    112 39 121 197 105 214 57 101 133 62 130 141 77 95 113 147 93 152
    213 78 56 165 33 212 218 140 111 129 235 236 46 217 40 63 205 20 166
    43 228 76 58 226 208 223 114 88 123 172 154 80 29 125 200 230 120
    230 131 188 131 198 154 54 199 222 219 117 76 30 170 113 125 193 90
    193 18 216 90 202 72 50 9 97 198 234 191 60 64 173 28 140 171 122
    199 109 199 100 46 206 43 82 54 254 125 213 106 152 51 63 2 221 17
    109 225 9 242 187 123 181 105 193 166 170 213 246 34 40 191 207 184
    210 182 201 123 2 94 121 248 183 129 160 46 55 239 106 9 90 166 111
    12 55 58 249 210 150 200 215 70 53 133 127 176 230 71 60 154 177 253
    233 130 18 242 94 22 179 130 179 24 133 216 76 10 139 232 106 87 20
    213 76 174 47 69 24 170 152 119 74 63 189 20 130 152 13 182 252 178
    156 234 92 177 228 159 80 102 171 88 21 18 0 8 108 211 37 120 217 18
    147 1 21 12 242 63 226 117 210 108 214 81 111 212 115 200 47 54 90
    190 175 34 109 242 43 142 84 118 237 238 242 225 146 50 245 156 92
    185 43 177 166 55 60 42 91 152 135 29 160 239 144 102 163 231 86 35
    218 226 139 73 249 26 28 30 94 18 32 46 94 192 175 230 51 91 30 142
    216 169 180 3 62 195 181 152 218 137 116 97 119 149 152 144 147 226
    140 22 7 81 132 19 42 240 23 189 63 163 18 130 42 192 186 53 178 2
    20 202 219 40 187 239 68 181 246 183 10 12 241 251 224 226 236 103
    52 98 109 116 82 41 211 200 76 30 79 141 168 220 64 245 13 57 61 64
    29 209 122 191 82 153 24 198 21 23 29 37 11 231 83 121 79 166 82 215
    126 94 163 74 173 204 187 57 97 164 112 32 159 40 211 119 185 58 139
    125 230 16 223 222 180 145 151 106 133 148 175 218 226 117 99 61 133
    62 39 163 159 109 248 2 142 47 112 208 7 44 153 205 150 183 219 171
    191 120 221 243 222 251 0 146 126 159 141 13 166 15 205 41 23 92 14
    166 177 126 94 36 231 108 69 61 21 34 241 245 27 225 46 210 143 186
    5 211 130 11 97 178 219 133 221 16 153 25 74 25 177 241 204 57 187
    239 141 142 61 136 82 212 179 181 40 95 109 216 204 98 29 155 204 74
    110 46 236 175 218 21 201 122 173 132 140 202 234 73 112 246 156 168
    248 177 172 182 72 170 27 155 100 6 203 26 175 32 108 152 91 68 233
    113 203 89 191 54 160 49 158 82 130 189 213 210 11 98 190 199 46 89
    130 2 232 41 152 197 129 64 173 162 134 189 17 242 75 87 182 98 140
    137 19 109 25 153 33 170 59 149 113 242 180 81 165 235 88 221 115
    137 112 45 74 202 126 93 82 202 116 83 139 151 165 1 117 122 53 94
    196 218 213 216 228 121 139 61 90 203 246 8 188 26 28 65 139 12 101
    38 111 151 36 145 53 61 138 195 237 69 220 13 57 184 150 68 138 15
    153 146 123 247 117 176 61 207 189 32 110 168 175 113 112 26 209 129
    192 169 50 95 203 151 194 147 172 21 147 101 210 117 189 93 177 115
    36 191 241 183 159 219 104 6 9 206 135 147 101 178 105 186 9 30 9
    118 77 52 244 243 3 225 44 225 66 237 18 91 184 5 23 14 237 67 181
    116 234 24 86 5 180 246 193 195 107 249 115 195 163 126 37 67 38 186
    21 239 94 234 76 158 216 192 157 146 167 197 102 10 227 109 185 32
    169 54 176 249 88 58 88 49 90 215 202 153 215 231 51 210 111 200 186
    51 7 22 246 231 108 82 4 160 219 208 142 181 95 168 105 123 109 159
    173 213 29 75 239 200 248 64 189 198 20 3 102 243 46 103 209 215 12
    233 109 73 116 10 167 42 193 236 81 125 70 68 157 248 187 33 76 158
    84 139 31 6 240 223 73 179 123 162 124 52 73 223 212 17 60 176 134
    226 239 184 120 127 216 55 183 144 158 57 133 251 88 173 179 34 89
    36 157 179 12 126 191 20 215 68 90 48 169 122 45 25 54 145 176 168
    222 216 193 3 15 36 167 46 214 237 206 224 120 132 246 210 252 180
    99 70 117 146 121 197 171 252 111 97 224 170 169 178 199 233 81 3 47
    177 212 203 192 69 157 92 88 125 6 96 139 55 49 181 154 252 185 204
    8 247 141 245 254 155 146 207 43 166 173 47 47 139 233 89 254 163
    191 202 3 36 154 202 149 107 75 15 6 80 175 89 239 75 26 221 178 110
    45 93 134 97 203 185 179 182 253 18 102 99 200 237 194 208 200 32 45
    46 230 38 157 167 58 68 230 128 205 87 25 178 163 177 99 114 144 159
    104 81 128 210 39 215 209 59 103 234 31 3 61 21 64 40 134 28 194 175
    38 251 158 234 225 17 31 238 251 208 3 147 229 73 165 180 54 139 243
    143 66 44 208 15 17 212 20 127 227 112 87 188 152 214 42 87 174 129
    180 190 243 111 140 15 82 110 130 152 59 235 3 11 71 31 136 145 225
    51 145 216 227 240 58 230 164 123 84 203 87 91 187 201 161 102 57
    221 237 184 44 212 100 66 28 134 37 32 35 47 154 37 245 175 9 185
    185 75 46 195 167 179 13 21 201 198 96 218 104 251 136 172 239 220
    238 40 89 122 229 134 32 187 223 126 111 100 202 9 194 0 24 97 120
    139 119 60 228 37 74 136 212 110 75 109 246 227 35 155 210 44 21 196
    228 36 72 231 101 173 86 161 234 252 146 54 222 73 150 131 248 164
    253 180 35 134 86 129 159 78 96 29 125 103 183 66 29 244 110 52 85
    241 145 96 101 196 202 36 3 6 95 100 130 239 115 49 30 137 121 6 220
    131 28 63 215 145 134 23 146 23 196 94 52 146 132 220 200 63 105 152
    98 221 213 239 123 62 225 17 176 146 205 62 193 108 104 158 135 149
    136 138 156 110 254 104 40 68 113 93 243 155 112 95 139 237 30 106
    36 193 211 148 49 180 186 130 181 249 90 175 39 253 110 82 168 133
    224 226 2 31 189 164 149 170 224 255 34 73 41 211 220 1 100 30 76
    110 136 62 36 27 40 22 6 162 143 42 248 252 58 250 117 120 111 64
    245 13 98 143 160 59 1 139 95 178 133 31 142 81 96 99 113 108 208
    225 145 217 64 244 94 101 84 124 229 156 124 109 4 59 118 100 44 174
    152 117 218 58 145 129 80 161 29 87 1 3 223 140 78 199 152 200 86
    223 215 15 164 167 124 34 5 5 108 190 157 109 213 107 63 202 4 138
    228 184 120 116 104 53 42 34 242 23 215 253 203 222 88 142 67 110
    189 95 100 142 144 147 97 115 41 242 100 152 52 105 145 189 108 190
    240 122 66 2 115 27 220 69 211 129 180 4 7 50 237 155 72 177 229 237
    248 40 116 22 254 236 26 8 227 146 251 50 55 157 90 93 20 191 79 218
    127 24 117 30 39 97 0 92 219 218 183 139 91 99 237 235 222 198 147
    39 158 1 24 151 129 31 211 203 247 200 177 230 250 92 25 70 116 169
    45 125 247 103 214 227 120 207 192 39 80 161 59 73 241 221 242 68
    177 196 163 250 92 123 225 65 104 27 52 52 140 9 29 239 9 235 230
    189 64 255 255 46 125 113 156 94 87 104 86 101 113 179 225 176 246
    129 73 52 107 167 49 111 102 19 184 153 104 214 158 50 160 250 198
    127 161 18 40 207 123 99 76 160 219 144 155 57 190 10 111 210 82 221
    28 22 89 8 245 185 138 46 37 97 184 154 188 4 2 70 175 208 53 100 1
    30 194 224 54 129 155 148 230 161 72 231 235 181 39 87 95 157 3 16
    112 239 228 28 234 33 161 37 157 192 3 237 50 167 194 88 42 48 103
    57 219 171 16 6 209 148 171 89 25 74 145 248 14 252 111 176 63 142
    85 187 117 23 243 27 231 109 5 237 98 10 170 74 84 64 158 16 19 54
    34 86 111 225 9 95 118 51 104 222 50 191 43 82 126 209 159 117 179
    162 242 83 198 134 130 0 138 172 89 203 69 174 174 197 148 182 99
    198 18 137 158 93 222 8 3 227 177 245 246 163 19 50 91 179 247 36
    154 159 253 183 6 231 95 223 113 153 251 44 61 232 149 33 90 137 76
    179 97 181 210 183 12 35 29 243 38 166 230 181 169 155 93 236 177
    234 213 37 49 211 225 82 142 204 61 39 199 49 214 165 83 124 164 125
    85 132 190 37 217 126 95 137 41 200 201 223 33 51 151 69 110 165 207
    150 246 180 163 186 80 179 40 4 237 190 155 60 152 145 70 49 172 90
    61 134 49 159 146 24 201 215 133 208 168 72 248 209 54 25 89 163 212
    97 33 38 212 144 181 119 5 108 63 13 126 175 144 236 76 77 95 126 26
    38 184 85 62 40 223 154 208 42 169 163 241 163 136 111 214 1 192 161
    244 208 7 194 35 148 2 3 200 239 39 54 31 244 108 84 71 159 206 190
    189 33 2 168 89 209 171 129 175 66 126 226 23 214 135 27 50 167 100
    110 111 70 151 236 200 132 131 6 206 168 33 112 145 71 155 134 219
    61 41 208 44 221 244 247 82 38 200 56 167 208 67 109 223 175 127 214
    205 219 213 123 202 171 206 9 189 124 117 182 11 95 10 232 91 245
    204 207 243 70 76 203 3 192 185 23 70 228 99 176 163 206 105 153 84
    141 52 86 218 125 37 109 182 121 96 63 123 123 119 118 249 138 37
    158 149 205 93 144 223 45 49 115 206 165 136 98 39 78 219 126 229
    232 239 38 180 132 206 239 192 216 112 105 167 40 6 2 17 153 78 165
    88 5 105 255 3 80 32 200 243 67 158 224 97 123 83 221 118 68 169 28
    78 251 191 147 29 14 172 135 253 84 151 246 98 110 154 173 205 222
    245 137 28 146 143 141 208 225 200 167 196 100 162 216 194 225 63
    146 248 204 157 187 177 2 72 153 229 224 88 173 147 14 112 233 139
    112 73 26 112 129 247 169 165 5 199 206 128 226 97 235 113 89 110
    146 253 76 246 195 86 1 167 127 94 111 59 244 115 24 79 122 126 122
    174 182 100 107 204 71 47 32 70 218 244 61 96 94 105 194 109 90 81
    205 211 229 126 16 76 57 220 117 57 165 117 142 134 5 207 98 92 71
    88 161 30 98 128 128 114 231 204 124 208 80 44 255 11 255 48 247 87
    84 178 253 41 156 178 216 87 135 120 165 120 157 151 123 122 74 207
    22 113 145 197 9 103 215 227 33 82 15 6 67 14 108 52 76 207 25 70
    168 37 182 142 218 204 255 75 8 25 64 8 30 178 217 78 99 178 196 49
    127 171 126 29 111 175 200 143 14 203 153 10 131 92 104 247 198 226
    94 188 192 201 11 156 106 177 101 4 220 250 252 111 49 123 76 21 132
    144 72 158 143 14 220 195 173 91 232 118 202 40 8 102 227 63 28 81
    221 114 157 27 219 102 156 162 66 19 143 104 158 13 247 180 125 32
    49 107 226 191 186 245 220 6 16 98 129 26 181 197 145 186 41 159 101
    194 46 124 135 124 51 56 37 30 208 0 127 71 100 253 177 184 155 78
    226 140 200 43 124 56 41 44 158 72 109 219 30 206 14 239 77 218 115
    174 208 214 182 214 155 65 146 30 56 203 112 222 144 217 107 175 78
    136 125 113 56 103 235 191 8 102 242 156 124 165 0 117 15 26 187 67
    83 106 137 99 188 70 151 219 171 59 13 253 98 97 157 44 202 45 80
    119 57 106 208 202 121 104 242 84 98 254 81 194 142 179 17 41 86 121
    130 239 140 80 2 36 200 252 242 167 88 96 98 159 23 198 158 221 26
    102 6 177 186 186 10 139 61 65 17 100 181 245 190 65 59 22 15 155
    195 244 117 196 218 250 156 4 170 4 77 141 18 36 31 40 215 247 157
    117 135 237 212 27 191 163 115 28 188 108 213 67 112 5 62 45 122 19
    222 216 204 57 26 129 99 251 224 218 66 122 143 208 39 114 96 124
    245 44 193 209 2 187 213 198 81 39 144 44 218 36 149 98 82 109 240
    243 190 223 113 56 222 135 72 74 73 115 190 169 15 100 5 167 206 60
    51 104 236 157 44 11 12 223 239 146 194 87 106 15 136 53 82 209 118
    133 84 243 173 80 239 35 253 46 21 82 214 104 27 49 217 178 223 240
    199 157 236 85 69 120 207 97 4 225 234 209 144 138 6 167 159 157 214
    114 172 86 111 239 168 62 142 204 142 143 80 19 100 248 247 146 70
    51 21 182 62 175 102 76 193 113 155 146 34 121 165 23 128 196 215 55
    56 85 217 17 64 214 96 45 114 20 178 3 101 238 235 166 1 205 216 72
    159 72 220 188 88 99 117 190 16 19 205 63 112 207 2 182 254 224 194
    252 251 205 160 91 131 124 208 145 175 253 98 55 45 169 111 245 77
    159 145 52 84 241 62 24 200 255 110 64 120 80 251 58 184 8 243 201
    206 143 87 126 110 185 143 131 9 228 232 100 65 50 19 87 205 178 8
    139 26 107 95 184 40 23 94 44 33 118 67 68 11 131 118 246 224 160 53
    159 54 190 110 123 192 175 143 95 198 245 133 4 83 7 172 163 13 71
    93 37 66 251 8 59 210 243 253 176 168 13 35 201 187 87 160 49 250
    128 65 116 106 86 21 253 46 156 18 136 172 57 221 119 62 125 57 145
    27 220 43 62 183 176 77 67 57 142 178 173 147 134 68 79 169 22 85
    199 128 64 139 73 2 206 45 90 73 238 67 38 149 61 55 119 46 79 191
    169 43 234 4 29 35 35 240 245 167 218 184 34 206 166 93 93 203 218
    135 155 176 228 105 119 111 29 181 251 34 58 146 25 203 50 165 190
    32 122 217 149 221 98 120 187 111 28 162 222 67 20 112 160 48 223
    151 88 40 149 162 57 109 91 201 234 15 127 239 89 138 246 219 209 54
    67 135 110 252 55 136 108 16 143 43 61 95 156 53 90 176 48 67 0 116
    60 62 209 85 96 156 126 38 188 47 67 70 226 192 173 190 201 106 33
    80 60 112 248 197 4 205 147 219 156 63 4 208 6 93 21 97 97 147 0 140
    185 0 8 76 78 203 225 253 33 175 93 30 7 52 179 113 188 3 74 113 213
    154 219 133 251 43 187 7 161 171 228 43 243 51 108 97 3 101 174 1
    195 12 22 164 10 69 106 253 168 141 109 75 163 50 37 226 189 209 74
    223 20 80 215 56 196 161 212 105 54 198 55 67 23 209 190 175 165 188
    39 166 243 139 136 202 77 19 97 49 139 245 154 148 31 157 25 0 181 9
    127 43 160 54 91 143 190 216 61 123 63 205 1 173 84 207 116 118 125
    42 46 218 78 125 221 95 250 205 224 159 192 7 236 107 55 235 128 1
    127 213 47 125 34 183 36 247 90 163 4 85 147 242 40 112 6 222 6 164
    178 110 94 240 47 109 92 53 78 112 125 35 54 77 69 76 129 52 69 58
    102 245 182 55 108 128 167 90 135 209 207 193 249 26 71 160 212 168
    109 89 235 37 43 110 81 188 230 80 35 194 154 158 225 172 47 8 78
    245 227 222 108 245 230 210 47 96 166 107 5 229 198 139 247 181 244
    252 136 234 65 27 173 115 9 251 186 6 28 160 197 129 231 226 13 12
    248 198 250 243 148 29 118 197 162 189 16 248 113 95 86 132 54 17
    165 119 6 255 184 142 209 208 88 36 246 136 14 42 210 133 81 107 187
    238 101 63 134 48 100 53 30 41 34 211 125 124 100 215 205 146 145
    205 170 176 198 220 53 145 66 103 134 80 227 176 60 5 33 214 185 106
    156 55 68 184 141 244 13 203 116 202 128 205 110 144 198 204 159 212
    245 171 55 219 135 234 38 143 94 148 4 248 212 74 129 147 23 193 170
    125 70 54 10 77 110 185 121 154 49 192 61 152 68 160 151 45 240 18
    68 79 150 186 65 193 159 222 128 127 232 181 168 93 197 60 172 230
    171 47 136 197 45 246 133 164 223 219 14 40 208 86 7 19 72 36 228
    152 20 21 29 243 56 109 120 226 209 74 121 119 57 124 183 79 199 250
    22 80 28 62 39 208 172 88 27 5 19 137 137 2 90 117 2 114 34 65 22
    123 185 77 251 207 107 157 194 30 200 121 126 165 27 64 21 54 46 114
    191 227 13 58 102 204 87 38 126 66 223 200 95 223 159 193 199 123
    203 38 107 156 140 46 45 56 239 125 230 86 72 6 255 67 39 229 96 231
    172 236 239 240 17 235 152 240 50 215 179 195 99 116 220 127 79 130
    194 137 142 221 107 175 242 27 109 44 127 155 187 232 18 227 203 27
    140 51 228 33 96 141 65 253 244 27 185 41 153 169 172 109 193 114
    113 43 194 138 168 49 121 26 29 94 214 101 78 218 147 59 95 147 37
    45 161 122 156 209 196 161 239 4 14 155 106 87 36 214 91 97 171 52 7
    57 101 66 36 0 206 192 63 109 88 91 226 238 43 105 195 2 75 43 137
    30 249 174 60 143 60 146 236 116 50 43 117 181 18 39 248 232 149 236
    49 206 222 241 5 207 235 183 89 192 11 21 55 233 24 158 133 249 26
    144 106 117 150 232 64 100 28 102 65 3 44 133 38 13 254 96 253 209
    127 150 170 43 132 114 191 137 211 150 151 163 149 15 192 14 135 150
    213 165 87 204 20 245 240 153 14 208 67 168 210 21 213 36 139 107
    156 73 66 128 159 160 187 74 116 188 242 133 56 125 96 35 79 221 221
    68 211 109 255 157 224 222 39 165 32 230 21 81 222 225 224 228 93
    247 100 220 84 39 112 125 7 103 251 40 129 112 6 111 146 249 62 163
    58 240 144 1 177 61 35 9 233 167 79 164 18 17 63 76 137 122 212 160
    232 189 86 157 71 204 225 200 246 108 221 208 201 222 31 173 180 167
    103 108 173 230 20 159 171 43 184 17 214 120 109 235 215 71 218 165
    122 75 132 190 62 167 53 254 205 215 198 158 147 160 46 195 41 16 16
    46 37 252 60 114 224 31 170 29 56 60 224 57 105 41 152 40 3 200 235
    142 98 110 169 11 232 2 4 159 52 219 174 69 90 238 152 67 220 194
    222 227 72 148 191 97 143 219 131 2 51 172 9 6 29 207 245 196 170 43
    176 214 248 87 153 177 102 42 58 243 166 160 253 233 248 10 191 125
    66 249 163 160 222 119 250 112 164 40 140 113 224 159 27 241 138 195
    35 224 88 119 200 78 98 214 253 17 66 251 85 220 176 178 54 178 174
    228 86 228 234 70 46 61 240 246 224 74 34 112 172 108 225 0 20 191
    229 0 224 203 164 72 190 96 70 190 149 227 92 203 120 205 209 239
    177 197 99 22 96 204 118 124 123 78 3 47 46 137 113 14 212 253 100
    248 179 118 72 167 214 50 168 29 231 92 28 169 35 63 164 84 197 89
    111 232 6 195 159 101 134 92 136 112 204 93 161 24 178 132 231 127
    15 113 12 183 151 43 238 204 77 121 211 207 33 252 215 30 63 239 151
    136 204 148 222 29 249 181 229 0 53 108 150 251 59 122 162 249 122
    155 26 198 189 118 67 108 49 142 43 98 110 170 187 140 190 178 129
    242 39 27 107 54 107 213 113 237 229 242 20 174 145 29 92 107 121
    160 134 56 147 225 51 99 51 19 64 18 170 75 173 255 17 74 144 97 134
    167 101 70 62 77 87 120 246 230 205 204 122 134 152 59 106 156 150
    94 2 158 63 88 67 69 206 58 124 24 232 89 116 75 19 164 38 233 169
    39 206 30 66 17 18 74 167 137 126 46 88 205 25 176 234 37 41 209 139
    146 159 196 52 33 240 230 85 173 175 44 237 114 193 142 178 100 168
    110 31 133 193 51 3 184 249 17 186 162 215 168 239 166 142 73 93 166
    172 74 234 222 75 255 174 241 42 36 47 113 134 6 135 39 169 196 135
    155 113 161 70 216 130 10 210 140 135 168 252 17 160 34 210 50 166
    113 106 214 102 201 61 131 58 133 82 53 90 252 72 119 132 206 75 96
    187 90 251 57 71 36 78 81 245 186 199 82 102 225 60 34 71 60 235 121
    91 68 44 122 1 239 200 84 107 219 254 67 247 152 91 48 60 57 116 126
    199 37 85 71 190 85 136 69 146 249 105 223 55 128 2 212 110 66 221
    237 36 13 254 145 60 173 134 245 19 59 151 251 177 234 132 47 178
    106 123 111 104 136 247 244 236 181 30 9 13 211 45 142 213 71 115
    215 14 198 146 142 219 44 178 114 179 238 116 30 171 141 38 254 122
    123 232 120 209 71 79 42 198 200 140 233 47 177 229 242 85 79 137 85
    119 160 128 58 99 124 79 31 155 60 77 179 58 16 246 15 90 72 8 164
    247 244 237 169 60 186 224 216 244 18 89 250 39 129 42 22 169 103
    248 208 193 17 224 137 239 182 193 42 5 199 211 167 160 244 237 111
    24 37 4 59 200 246 243 181 153 156 105 40 122 173 199 221 24 70 25
    234 238 94 16 66 253 49 238 184 111 2 246 251 236 143 50 207 152 152
    10 165 247 6 193 33 239 235 15 150 165 254 104 189 250 85 179 20 146
    166 115 57 35 211 239 121 107 11 88 151 233 88 110 227 97 88 203 186
    16 45 137 131 141 48 220 123 207 225 160 7 58 217 168 21 144 168 69
    209 254 52 89 45 82 152 107 42 10 79 67 92 215 176 202 238 57 26 175
    220 205 140 145 233 225 12 150 125 95 89 181 244 179 175 206 48 223
    91 94 104 171 35 108 100 71 198 78 146 202 211 155 34 246 237 147
    249 132 244 230 245 163 179 21 234 54 173 226 148 9 162 31 77 137 68
    125 103 242 101 230 92 182 139 85 165 130 10 63 150 112 126 216 101
    50 134 156 226 30 134 19 59 93 149 194 200 56 87 137 42 112 70 142
    63 32 165 155 127 22 100 113 13 127 203 74 205 6 61 232 26 51 254 56
    120 172 75 44 205 130 115 231 216 169 127 169 30 96 68 234 179 255
    150 243 144 116 1 33 188 213 200 245 100 162 197 29 121 110 120 92
    51 240 18 180 108 171 217 57 61 101 254 237 101 188 50 231 178 202
    122 194 100 38 47 71 186 71 227 18 154 8 107 189 189 190 184 42 86
    33 44 221 33 28 53 98 2 96 140 26 101 74 86 66 197 134 189 54 170
    119 84 177 4 147 126 239 120 6 190 7 234 147 178 137 43 70 69 142 48
    118 243 202 240 131 253 51 77 18 203 206 83 245 95 231 242 155 147
    181 61 237 254 221 7 208 202 107 184 194 93 117 84 237 197 107 101
    165 254 249 66 242 69 50 48 147 21 132 58 133 83 106 67 61 36 237 94
    138 179 169 174 148 157 18 174 11 9 118 208 2 190 157 84 137 40 72
    203 250 83 67 220 111 50 193 67 121 168 245 34 88 79 58 77 160 196
    132 121 87 42 125 197 144 1 131 71 217 230 170 22 230 141 178 70 114
    169 110 161 53 47 118 129 232 131 117 85 247 106 60 124 106 179 97
    37 178 74 194 141 68 168 135 162 172 48 146 161 253 19 120 16 133 63
    92 180 123 81 222 65 209 197 92 112 75 59 3 154 172 223 53 202 237
    72 102 252 109 194 155 184 185 84 218 215 84 116 214 161 152 251 89
    19 5 111 39 85 143 59 120 208 200 233 126 38 192 145 189 167 26 108
    89 224 193 116 91 197 16 96 198 160 151 103 55 226 250 108 74 165 69
    159 240 25 136 238 65 187 219 111 113 92 77 76 43 223 12 138 202 46
    97 60 169 152 120 170 52 106 227 207 140 75 15 57 191 223 219 37 125
    140 115 209 100 52 81 173 120 132 38 188 122 41 85 192 93 179 215
    141 46 24 47 235 131 208 14 115 30 169 131 85 84 12 128 95 153 175
    93 251 96 184 211 215 41 83 243 161 209 165 11 109 67 31 15 167 78
    106 233 98 175 84 108 124 135 152 246 127 27 235 126 38 2 51 156 21
    247 63 166 226 220 175 248 63 40 31 166 238 224 112 106 57 36 14 91
    22 42 206 143 168 101 10 92 180 68 131 237 173 39 63 172 129 109 180
    104 168 254 43 111 142 161 19 44 21 95 254 13 54 196 157 211 59 111
    230 237 19 101 190 188 62 111 229 46 55 128 68 182 133 39 69 159 198
    119 118 57 168 173 30 243 250 190 107 16 154 14 88 106 229 145 232
    12 231 228 251 151 150 197 185 130 101 97 246 117 166 50 233 49 27
    16 240 218 209 86 166 178 139 252 207 247 149 254 59 152 135 105 197
    20 144 36 94 123 121 128 101 205 10 143 14 148 74 164 133 20 83 204
    137 41 58 160 185 173 47 119 196 88 242 171 203 246 154 155 21 126
    48 12 61 178 182 48 45 140 229 142 59 237 124 160 223 214 181 168 92
    100 180 109 197 109 25 130 193 99 78 48 120 97 75 54 78 29 3 177 6
    199 76 25 223 240 23 36 51 74 127 18 49 192 55 192 70 89 127 231 0
    41 31 205 98 74 143 7 147 199 99 186 253 83 149 106 226 238 81 97 45
    200 141 157 253 176 101 53 166 29 118 168 160 22 182 145 54 229 152
    80 54 80 51 140 247 22 120 173 56 215 79 174 25 90 88 142 142 177
    122 199 164 175 111 9 200 136 21 106 26 56 27 235 220 95 7 27 153
    103 124 131 29 13 201 15 250 204 144 47 14 93 193 139 39 26 28 225
    82 7 85 104 139 245 159 12 208 140 149 212 62 6 186 86 225 187 21
    187 43 9 250 62 106 93 80 198 235 116 107 189 44 103 141 34 182 11
    239 195 57 97 41 108 51 238 61 29 53 229 248 134 97 175 194 98 77
    230 46 201 6 212 156 163 182 217 175 202 102 83 130 110 149 62 254
    209 112 174 246 175 207 107 74 126 219 205 44 113 43 25 184 10 234 9
    65 228 249 224 90 60 164 154 43 243 16 114 100 133 61 24 199 139 53
    223 131 4 160 178 14 250 174 184 103 109 50 168 198 87 183 121 51
    127 239 180 59 113 32 219 119 13 8 208 25 59 76 170 124 73 183 174
    189 214 59 143 69 76 81 86 221 24 140 247 235 144 45 99 131 141 180
    192 23 227 48 117 249 99 66 97 23 147 44 189 182 9 153 121 194 200
    247 89 177 58 249 35 47 15 60 10 242 29 171 7 231 120 190 81 28 185
    122 106 183 209 137 155 222 54 198 170 236 4 108 122 56 195 205 9
    231 60 7 182 146 120 48 183 231 64 247 178 160 46 63 14 54 137 107
    36 87 250 93 36 224 157 53 202 118 214 137 159 249 4 114 100 33 133
    92 16 7 74 159 135 87 71 112 245 199 82 230 91 120 187 252 189 29
    156 4 228 112 48 236 235 245 32 162 214 228 65 38 110 197 243 55 0
    143 10 192 229 151 248 252 94 69 8 248 221 133 151 250 211 30 152 92
    41 163 202 98 185 133 228 113 96 136 247 82 152 8 122 245 16 117 243
    117 243 194 194 254 113 164 45 25 195 224 58 137 229 163 159 113 67
    250 11 223 162 120 235 68 2 49 2 57 142 221 92 85 158 206 136 140
    174 69 232 160 254 86 30 90 214 122 94 85 247 66 63 193 236 204 239
    24 108 103 22 127 102 73 161 204 218 123 6 185 122 14 59 45 237 214
    89 14 81 117 207 245 8 126 82 57 29 219 75 214 180 225 107 240 222
    248 153 215 226 156 7 47 57 18 168 36 71 198 62 79 248 24 38 22 224
    80 5 75 226 44 22 249 129 224 150 146 87 208 0 60 187 61 41 196 140
    95 176 47 79 101 131 243 128 45 255 247 175 220 51 125 168 231 235
    185 141 66 142 185 232 177 72 240 84 109 171 187 122 172 167 208 120
    116 66 86 195 13 129 197 44 175 255 61 56 200 20 200 203 133 36 156
    144 218 62 162 213 109 27 130 109 185 75 173 190 46 168 197 187 145
    115 251 113 224 143 72 80 175 15 33 9 34 118 70 214 48 13 168 169
    141 100 67 44 71 67 188 197 228 84 196 8 233 211 90 200 12 192 86
    218 158 189 229 184 9 156 233 158 29 235 250 93 67 14 246 66 126 208
    191 138 50 209 15 57 208 174 94 202 192 183 210 65 113 66 200 11 191
    185 39 249 170 9 208 225 191 75 79 72 98 69 94 4 179 84 192 233 24
    240 141 198 192 219 248 221 214 127 126 189 92 203 74 239 224 252
    245 40 189 53 146 221 189 161 185 171 36 233 43 59 54 97 66 49 170
    222 218 13 53 241 66 218 255 96 95 43 139 75 164 78 166 215 229 4
    134 64 124 65 154 54 136 81 111 69 214 187 75 200 153 32 152 233 17
    103 110 244 13 208 223 245 22 161 109 224 156 127 107 12 244 21 146
    111 106 110 73 173 133 115 216 114 69 253 229 30 78 179 70 193 244
    158 66 178 103 234 138 243 94 170 72 96 40 226 5 198 189 137 230 199
    135 51 207 179 199 12 23 95 63 180 45 60 77 71 52 198 38 189 235 83
    26 206 232 141 188 65 147 204 50 240 12 199 4 7 20 26 10 164 128 30
    53 34 54 24 113 1 247 193 61 49 126 3 155 211 18 226 41 82 25 91 176
    71 20 37 242 242 42 199 60 231 35 193 81 40 186 54 187 128 22 64 89
    60 192 63 132 113 229 36 151 126 42 57 155 191 141 61 67 191 54 191
    238 240 71 217 7 213 249 226 112 133 144 130 10 192 233 47 189 179
    119 181 123 107 40 227 150 168 98 204 207 254 61 204 193 47 25 247
    168 33 1 227 158 221 4 70 225 15 232 19 197 174 121 169 227 191 31
    155 175 31 167 27 142 20 70 160 17 119 114 22 212 204 30 133 123 110
    90 250 79 174 157 153 57 244 199 90 83 95 63 198 41 1 204 117 61 97
    192 63 73 47 92 91 15 59 172 208 108 8 218 42 140 156 180 122 221 21
    154 243 52 171 217 10 96 98 187 7 95 133 130 4 30 100 141 136 61 18
    255 186 254 21 114 11 181 124 205 191 225 56 229 8 95 202 80 175 170
    231 107 245 100 119 165 173 213 162 59 245 225 5 27 183 21 188 129
    242 1 252 135 247 253 244 44 41 62 111 203 80 192 17 39 108 150 6
    253 1 131 228 56 69 137 50 194 218 128 53 248 15 97 226 4 155 225
    194 23 175 68 189 252 138 8 16 151 72 162 249 216 121 30 183 69 80
    138 30 20 175 255 248 101 32 59 46 206 171 38 110 222 25 122 70 61
    153 56 209 193 79 211 33 220 98 122 109 242 5 244 47 178 124 140 142
    81 250 3 52 175 126 31 46 111 91 186 226 167 109 174 33 173 137 45
    101 241 152 65 42 35 87 33 130 5 243 150 124 40 242 75 98 86 2 70 6
    171 66 31 148 153 27 43 246 142 52 165 219 32 174 111 229 203 154
    145 213 220 140 254 68 2 132 168 187 223 155 7 47 170 10 110 225 181
    44 221 217 177 41 19 62 241 72 178 99 137 251 172 126 117 52 108 215
    210 60 37 254 253 191 141 140 74 87 126 156 36 38 51 172 154 141 92
    92 44 70 66 22 104 73 30 190 246 204 191 9 186 141 167 6 204 175 148
    40 19 185 114 255 85 170 20 115 171 233 78 183 76 197 31 70 172 238
    255 229 204 250 159 149 37 146 121 237 169 11 119 170 248 97 8 47 59
    68 140 21 121 63 254 53 174 125 38 90 190 222 72 26 134 201 41 109
    30 203 7 238 233 11 24 198 224 14 181 150 216 140 11 81 182 191 55
    29 192 32 178 127 62 197 52 11 99 220 108 238 68 202 181 152 47 177
    66 210 153 4 199 183 97 4 25 74 82 252 192 79 69 38 38 143 122 225
    155 232 155 99 31 150 214 111 116 141 168 180 9 245 72 217 193 17 3
    104 239 206 47 105 136 60 146 114 61 81 151 18 86 204 112 195 125
    110 158 236 51 82 51 137 143 0 204 188 237 2 108 116 11 36 193 88
    227 31 22 32 167 28 32 230 69 20 140 92 98 144 114 125 190 39 44 6 5
    19 128 162 243 250 146 108 77 21 43 220 74 225 39 130 78 171 100 120
    119 183 150 216 243 132 222 161 27 205 239 81 60 25 76 46 193 200
    243 225 159 169 140 166 25 58 84 136 89 113 106 11 59 50 24 61 185
    184 245 77 122 83 206 250 88 201 246 156 28 224 94 81 155 133 121
    189 253 55 119 189 133 170 78 24 19 128 121 229 178 147 133 170 94
    249 141 99 226 121 88 104 219 88 191 153 197 181 234 107 88 184 8 36
    10 84 239 205 15 133 64 26 145 214 93 8 154 117 200 252 52 32 82 142
    21 39 150 147 74 114 40 85 205 21 27 87 160 101 132 40 188 166 80 31
    13 130 47 185 254 253 182 82 62 6 117 68 131 249 115 215 114 185 164
    213 15 7 34 240 109 141 236 157 95 25 158 244 7 254 129 145 101 91
    63 45 82 150 198 39 215 41 242 243 71 2 31 232 70 139 31 83 96 6 105
    105 152 131 204 157 189 195 128 73 62 238 65 135 43 57 62 192 7 57
    72 207 87 208 4 146 156 18 44 231 153 223 231 84 73 214 89 27 96 64
    173 149 7 113 207 202 45 5 174 78 196 199 138 1 240 169 52 16 166 70
    85 83 87 252 55 126 16 191 253 70 176 35 34 230 224 217 73 190 193
    48 110 123 102 51 46 31 22 195 121 3 22 155 217 169 40 98 66 71 16
    42 26 1 159 200 83 72 211 241 13 162 49 30 32 234 78 195 34 20 199
    224 29 190 82 102 151 39 220 185 5 111 75 207 161 144 87 35 154 80
    253 150 89 72 60 4 80 7 167 18 176 171 37 163 71 50 68 195 123 79
    201 197 214 21 57 8 107 154 34 213 144 191 95 101 48 119 240 111 60
    19 154 148 74 159 197 171 238 228 161 149 178 245 254 0 118 81 225
    26 194 13 79 140 87 126 55 122 118 231 126 35 241 177 5 51 155 224
    195 150 147 221 33 67 220 150 98 57 141 102 110 223 29 64 81 120 22
    254 196 214 131 239 10 222 212 7 142 144 231 220 16 183 124 88 28 93
    209 18 93 49 226 18 163 95 15 134 40 146 2 178 219 67 119 44 165 232
    105 99 188 113 212 26 62 92 243 177 67 7 116 237 181 2 100 131 134
    76 194 183 77 58 146 117 12 200 102 199 107 57 87 214 105 144 78 165
    29 209 154 232 81 108 90 35 213 32 234 90 47 1 139 166 110 139 157
    109 21 226 164 182 18 183 85 75 245 16 176 69 41 25 200 156 81 168
    54 174 111 144 49 109 62 167 11 43 201 143 70 210 99 75 145 196 223
    166 25 31 140 46 7 250 120 130 228 189 70 94 94 23 212 35 131 35 224
    150 207 97 120 90 4 93 198 66 137 51 111 109 28 177 189 238 184 145
    233 206 206 185 68 108 190 108 225 224 56 28 155 49 2 210 210 247
    199 133 11 4 250 198 121 65 196 157 38 210 182 36 63 23 192 66 61
    120 153 200 255 230 59 31 209 250 242 5 197 98 53 130 197 230 135
    231 227 39 76 186 113 83 200 83 223 220 142 115 66 173 30 119 105 77
    128 135 148 215 76 33 197 127 48 245 84 220 19 191 217 200 106 171
    187 80 137 92 121 92 212 99 135 87 145 89 189 17 142 103 152 194 198
    200 37 167 215 60 140 25 221 130 0 30 248 193 201 195 49 104 4 197
    55 243 97 64 100 210 119 70 137 184 21 252 234 182 66 165 199 24 97
    233 83 121 154 43 110 175 176 150 183 213 24 29 224 151 199 47 40
    210 222 137 75 221 38 52 177 164 63 180 8 114 78 217 64 213 235 81
    88 225 39 180 193 148 204 121 90 176 182 33 23 10 152 3 190 157 49
    212 0 209 46 95 29 197 107 15 243 213 223 61 239 140 60 24 159 23
    175 207 4 18 155 194 121 75 103 170 161 38 182 33 192 7 235 224 202
    91 30 182 64 20 128 251 89 11 48 7 234 53 13 211 189 235 235 85 131
    90 141 127 202 4 21 39 181 210 18 1 1 68 169 170 53 139 50 213 160
    42 88 31 7 75 11 158 100 207 146 231 130 216 205 84 181 74 82 3 72
    83 226 0 185 163 252 208 241 104 145 96 11 202 58 23 61 236 199 98
    145 133 180 125 239 108 45 111 201 175 157 185 146 33 106 161 156
    125 13 192 46 4 5 94 26 147 94 238 172 240 38 161 183 142 18 28 59
    248 56 73 253 112 246 61 180 146 150 230 27 108 255 242 111 160 8
    231 238 204 85 75 57 155 53 254 3 225 51 93 7 211 74 242 20 73 162
    119 93 17 122 181 166 122 97 29 142 44 18 135 184 92 96 241 19 212
    225 69 169 191 147 146 169 234 62 3 87 242 238 122 119 221 155 35
    199 150 58 234 115 168 25 212 151 206 148 244 116 214 138 6 233 243
    19 6 142 192 201 184 24 69 47 54 157 46 170 89 170 190 218 21 94 65
    16 101 170 57 61 119 16 196 135 152 175 174 176 169 49 202 110 13 69
    6 33 61 8 149 184 152 41 11 23 102 168 219 184 65 7 199 123 149 252
    213 65 183 241 187 75 248 207 177 167 102 218 215 7 23 193 155 249
    160 124 5 208 51 111 213 220 141 227 156 185 49 220 248 89 198 126
    236 28 25 226 60 240 45 196 3 230 182 135 12 57 18 73 207 167 84 20
    27 90 0 163 81 1 56 233 153 19 178 45 67 239 87 147 27 21 195 184
    123 239 78 145 189 167 33 254 5 23 154 221 74 92 150 183 216 93 170
    142 223 80 33 127 190 195 204 82 38 224 187 34 137 81 170 76 43 197
    148 198 61 79 252 193 211 249 19 127 37 208 109 79 139 65 30 30 211
    92 194 246 213 253 158 42 138 172 19 229 232 174 200 221 172 84 182
    238 89 38 67 35 186 167 214 231 149 67 55 170 210 156 199 223 32 5
    47 156 222 91 178 100 162 169 148 43 45 254 235 65 137 35 217 37 42
    79 221 41 37 15 76 136 203 168 135 119 12 135 179 215 157 238 25 42
    151 92 24 78 186 142 190 178 43 113 36 72 254 232 25 24 111 126 148
    162 191 238 97 131 98 76 208 103 11 73 50 215 217 153 150 224 221
    236 117 232 159 56 97 235 160 127 62 163 23 83 108 216 18 27 83 177
    149 139 3 252 25 125 189 148 145 99 80 12 8 92 144 26 81 157 35 79
    31 229 235 37 254 8 49 108 155 125 172 155 176 35 95 67 59 26 202 75
    91 176 227 251 5 162 251 187 133 52 250 82 206 204 26 123 154 152
    104 115 164 245 95 42 161 235 3 135 67 235 252 231 20 84 70 47 175
    121 37 253 226 67 110 9 222 8 168 156 56 90 197 97 188 192 74 47 35
    160 135 174 197 234 178 194 185 244 128 19 4 163 1 208 131 171 0 211
    233 114 76 103 13 125 96 101 155 140 127 8 42 2 207 204 135 254 127
    78 140 102 66 194 233 147 211 108 240 78 46 237 213 206 237 130 242
    9 177 56 0 197 71 15 35 61 246 11 201 59 177 179 77 146 27 9 15 174
    218 75 160 144 96 238 7 39 162 136 93 205 78 85 53 231 224 244 105
    253 246 26 43 3 243 147 99 179 114 75 250 87 175 234 246 233 142 25
    200 62 45 11 134 146 12 59 131 36 248 20 0 227 79 229 140 114 61 203
    191 200 132 98 46 142 232 102 16 95 236 224 103 171 185 122 77 52
    255 104 58 19 39 185 91 104 13 169 109 247 209 83 14 170 164 152 87
    55 236 94 183 30 15 137 157 78 141 102 162 94 119 156 239 160 146
    227 235 23 130 82 54 53 216 239 55 107 82 179 177 75 204 115 112 166
    179 77 199 101 60 104 72 53 10 141 153 62 205 182 171 108 165 171
    141 119 213 196 229 243 183 231 113 158 187 204 154 119 28 228 226
    172 203 80 243 53 162 68 91 101 89 102 74 73 163 237 172 108 46 138
    214 200 155 158 133 202 105 179 116 136 252 51 43 25 41 83 33 32 85
    48 245 107 131 255 87 101 11 230 44 47 210 148 178 219 91 51 244 225
    170 152 214 227 231 56 94 0 224 219 120 25 53 149 59 216 171 182 197
    165 138 134 33 93 36 52 13 7 6 127 217 112 185 209 238 157 118 96
    100 200 166 220 105 75 41 172 163 193 149 206 48 59 203 49 61 26 248
    98 0 211 34 141 195 24 238 71 50 15 186 107 93 101 51 156 209 215
    142 108 112 184 241 166 153 198 153 76 185 109 89 47 25 196 187 241
    152 175 60 182 162 100 24 247 223 125 116 122 204 247 183 198 243
    189 246 249 178 208 152 22 101 233 223 184 120 207 197 45 106 51 196
    74 132 246 4 79 44 66 131 212 82 249 43 69 211 57 100 78 91 149 71
    184 144 135 247 22 57 245 58 46 91 26 111 66 130 200 193 96 167 47
    134 64 227 32 152 73 4 10 24 243 236 136 41 105 226 23 98 105 97 155
    169 67 214 179 198 214 204 215 149 14 45 254 199 15 85 26 83 40 224
    140 166 152 79 158 54 49 154 224 210 28 220 108 183 82 57 193 90 48
    211 195 129 17 120 35 157 165 25 214 92 72 20 68 44 67 8 63 38 37 37
    18 250 193 74 68 234 187 13 146 223 41 4 53 163 87 221 145 119 158
    15 248 114 192 159 143 199 39 68 32 22 213 74 187 166 216 7 33 201
    134 143 41 113 198 57 36 99 200 27 56 87 13 18 75 17 249 174 176 18
    97 34 157 102 1 165 109 70 182 118 216 29 48 173 114 171 177 106 53
    71 61 41 41 208 111 148 158 143 242 35 197 200 214 44 109 232 94 51
    245 103 229 171 246 119 69 141 70 158 85 197 153 253 239 229 17 125
    116 139 90 226 18 157 75 6 167 219 159 111 187 248 99 10 158 136 91
    219 192 219 93 176 60 210 156 24 143 2 56 35 94 106 60 74 143 124
    199 162 55 19 36 248 225 147 57 69 72 45 111 69 6 136 179 220 82 135
    108 153 138 144 196 137 140 35 80 60 42 16 237 61 34 113 85 253 72
    142 129 243 113 230 118 86 87 128 179 117 90 64 230 52 142 90 42 148
    4 155 234 54 160 81 198 116 103 239 240 140 20 56 148 209 133 58 18
    55 20 51 78 61 68 6 34 202 25 122 239 179 158 114 188 171 0 32 14
    137 218 84 118 87 4 61 253 195 80 56 73 207 96 253 96 131 132 71 104
    199 79 84 157 22 45 61 143 194 230 205 65 186 196 236 118 241 95 233
    14 69 195 217 92 215 21 118 203 19 242 1 159 172 147 170 182 57 138
    74 171 238 234 134 113 208 214 203 162 214 163 79 251 154 239 255
    220 142 74 65 182 37 124 162 29 64 137 50 20 56 219 137 56 102 45
    135 203 38 196 195 108 120 180 55 207 246 8 248 181 80 193 162 84 63
    212 66 2 136 71 68 132 63 176 253 238 186 36 213 88 229 76 14 7 89
    10 203 232 55 108 173 103 51 213 230 232 157 185 141 161 148 64 205
    197 249 13 19 251 82 167 60 149 144 223 185 217 97 33 223 119 87 202
    160 250 5 99 46 128 190 159 95 27 91 100 145 232 109 134 109 68 59
    214 156 149 245 58 217 161 149 7 169 191 2 111 38 173 43 80 199 155
    170 221 70 52 159 14 99 70 157 167 88 226 231 166 44 188 200 199 160
    84 74 255 59 28 189 76 88 35 98 51 4 157 146 50 109 121 66 98 3 115
    107 54 31 97 178 66 32 89 237 185 9 45 74 60 8 53 211 139 133 243 48
    43 164 44 104 235 18 72 147 129 168 251 84 21 194 143 162 222 137 63
    95 245 192 17 230 157 107 248 10 112 21 15 242 1 134 20 27 42 43 153
    219 252 131 69 57 79 93 184 142 54 184 67 149 22 5 146 52 186 68 212
    166 119 22 159 231 1 215 246 2 144 64 164 84 206 17 178 57 194 111
    157 97 248 45 15 91 118 99 15 92 27 197 103 174 207 215 49 244 10 49
    120 29 50 136 235 79 113 99 192 69 60 139 71 94 2 74 11 1 11 81 250
    233 78 157 214 139 173 188 77 158 16 206 45 205 199 189 236 137 12
    140 147 51 240 154 159 175 79 146 58 104 103 94 157 236 127 17 19
    130 174 213 54 176 195 80 187 186 73 81 106 46 110 26 161 91 42 15
    152 31 87 151 254 205 187 175 132 37 67 210 234 245 6 244 90 53 218
    57 222 13 241 226 112 27 131 199 237 24 93 155 74 9 18 142 14 163 42
    22 243 110 239 148 133 25 142 52 56 66 147 177 54 234 26 161 50 168
    28 83 204 222 177 196 29 239 231 60 214 145 103 193 164 56 43 10 255
    218 127 168 103 142 76 253 211 249 205 246 7 61 54 36 119 189 197 31
    33 238 100 193 201 125 246 70 50 78 70 128 236 191 26 38 230 161 187
    44 60 158 125 27 170 58 62 227 122 136 156 43 211 15 71 223 217 167
    28 171 172 153 242 34 147 165 41 70 214 252 184 33 39 90 180 167 7
    41 53 100 223 140 74 252 78 13 113 195 119 95 104 37 249 168 205 86
    94 68 238 221 142 191 13 7 70 43 197 34 107 211 128 24 19 65 215 151
    188 193 2 176 25 101 137 81 110 222 75 21 152 132 30 200 83 187 134
    148 159 135 48 43 77 21 128 108 11 81 18 197 143 93 250 202 216 126
    65 13 55 73 153 20 71 220 176 110 100 168 138 201 165 253 123 58 171
    241 249 66 138 42 4 160 237 190 133 69 102 196 141 159 193 229 1 119
    106 116 36 127 57 216 238 217 41 73 68 202 40 14 98 219 126 65 74
    125 164 152 249 158 153 87 162 165 198 191 7 161 160 87 207 235 60
    173 131 145 124 56 146 65 94 192 45 175 190 192 229 47 207 179 36
    225 224 129 91 243 18 0 64 181 48 222 241 52 209 30 242 119 106 114
    38 146 251 182 37 224 165 165 186 20 181 80 80 114 126 24 254 206 24
    203 65 223 70 159 189 45 12 79 185 248 32 192 29 161 167 251 134 5
    77 32 237 188 39 44 16 165 66 77 130 16 49 20 70 156 54 14 157 180
    95 5 118 49 1 209 53 156 108 33 35 129 94 226 90 18 168 51 115 31 83
    147 158 79 205 61 23 55 142 6 119 62 115 83 141 218 76 129 170 94 36
    63 145 225 1 62 83 225 43 82 54 19 104 69 251 124 119 79 225 244 18
    125 3 2 223 191 101 146 131 156 1 83 171 151 202 215 207 42 36 18 91
    106 42 148 242 223 197 150 62 28 145 133 101 26 14 235 176 188 34
    123 218 75 147 17 127 104 36 248 125 61 33 150 18 116 119 226 136
    222 144 156 196 20 203 130 117 183 5 57 68 136 203 108 217 70 173
    149 169 203 17 236 200 59 48 130 209 94 36 24 81 125 196 77 79 110
    123 108 237 118 85 241 118 187 217 191 55 129 16 14 143 191 48 189
    68 65 208 247 106 234 145 222 125 65 191 111 253 92 99 97 160 107
    119 161 118 115 25 88 186 207 66 159 119 131 37 179 240 79 7 190 69
    162 251 25 116 40 214 210 181 164 192 123 135 25 55 2 31 120 64 237
    91 155 191 204 146 117 6 98 146 94 50 121 29 175 134 75 8 220 164
    174 81 221 188 194 116 235 64 61 192 60 250 141 69 174 234 127 14 16
    56 5 157 15 227 225 128 237 154 150 100 172 113 25 97 200 194 210
    156 194 164 239 174 207 118 228 149 89 41 115 163 201 120 190 225
    123 123 29 138 6 206 20 50 140 32 229 9 141 247 141 209 64 157 146
    163 82 79 127 148 231 87 114 156 165 221 78 78 68 249 27 138 20 211
    40 186 146 70 18 231 64 220 116 154 194 69 144 77 118 51 34 131 179
    156 125 158 254 241 183 59 244 155 247 174 85 111 240 145 6 106 8 22
    184 132 83 146 126 242 59 2 168 86 5 144 24 251 58 198 234 235 248
    35 152 237 196 41 168 28 221 164 90 52 145 232 120 223 239 238 28 99
    216 56 13 61 95 82 196 28 167 225 26 148 195 180 78 154 33 47 150
    106 120 14 217 100 138 218 246 23 215 37 233 63 33 178 227 87 12 104
    224 136 17 12 47 177 163 84 107 18 47 202 218 161 94 156 41 74 255
    124 46 37 96 43 211 128 170 15 180 130 119 210 217 196 179 9 238 126
    164 91 253 140 125 7 200 100 142 251 48 195 4 121 222 106 107 14 193
    154 130 236 20 80 109 218 86 242 129 200 87 180 196 220 182 56 69 29
    162 209 129 4 161 36 100 4 16 146 17 230 115 254 93 62 82 102 121
    174 246 52 248 157 27 2 232 41 143 22 181 161 239 80 160 150 80 14
    48 241 65 25 42 153 138 101 74 92 121 10 169 161 27 32 237 212 87
    123 22 176 59 230 118 3 115 48 244 152 33 104 239 191 125 66 16 65
    238 98 59 3 226 195 61 63 136 97 234 130 189 229 170 190 49 137 251
    169 75 19 213 221 127 133 19 29 233 171 193 104 123 238 148 31 136
    112 229 17 54 22 147 253 130 115 250 161 228 15 87 129 27 134 186 30
    234 11 55 251 216 66 36 214 182 171 7 10 163 61 38 189 123 91 43 74
    26 5 195 12 1 159 233 163 233 174 60 229 10 216 76 206 116 218 77
    127 139 234 30 255 119 219 144 199 43 182 53 18 37 125 166 185 47
    189 169 88 221 209 98 229 250 12 98 64 34 183 207 174 240 58 188 103
    136 159 185 130 221 219 1 75 111 62 64 88 206 188 180 120 123 32 89
    248 226 207 92 198 78 90 118 173 4 184 24 21 224 86 82 51 67 48 101
    78 229 68 223 43 238 175 189 38 245 16 143 228 171 194 1 235 188 235
    17 74 72 206 4 218 63 154 129 43 211 6 162 162 101 48 21 67 89 46 27
    47 135 93 240 58 22 219 117 59 107 131 229 89 109 104 199 125 212
    212 43 169 45 158 40 201 43 238 224 185 187 22 138 70 76 33 116 156
    67 238 132 27 251 116 137 157 251 57 16 92 231 127 151 228 205 215
    128 31 162 18 155 159 72 254 173 216 197 133 159 174 173 157 143 24
    42 214 126 142 60 209 237 25 40 136 38 35 209 151 37 161 37 201 178
    203 28 124 36 13 194 79 215 15 224 188 189 127 33 130 240 231 95 72
    182 139 177 252 102 171 239 127 200 180 201 161 85 67 18 12 175 246
    142 15 59 254 192 45 123 24 118 51 73 208 183 8 138 131 152 152 198
    187 61 8 187 111 186 203 151 134 128 189 213 180 201 71 166 221 253
    94 20 8 25 132 186 128 35 144 91 234 9 186 194 109 47 122 6 251 113
    196 129 83 125 205 68 53 110 193 228 170 231 239 118 129 209 159 252
    132 237 87 166 45 179 190 200 216 196 30 232 155 170 37 107 31 227
    174 197 53 225 49 175 156 169 199 165 81 167 171 55 191 84 26 212 84
    63 202 144 234 251 189 161 71 28 213 147 149 229 94 236 124 131 64
    72 13 140 24 38 183 226 97 80 154 214 121 54 213 170 152 140 70 144
    69 31 49 106 19 249 229 58 53 245 244 86 190 113 141 9 228 192 151
    116 153 24 229 158 74 2 45 132 146 252 239 107 34 168 38 30 211 237
    144 217 76 205 203 151 50 174 8 183 183 40 53 99 217 22 89 109 98
    223 235 240 48 1 193 243 135 195 111 221 57 44 147 177 209 222 155
    202 236 17 227 42 209 33 90 74 0 189 158 182 180 27 100 80 215 175 2
    189 249 229 248 71 219 173 56 152 112 108 34 20 163 37 116 220 173
    214 186 197 22 100 171 60 78 96 142 87 168 251 212 248 196 103 227
    24 33 202 138 68 104 30 216 39 140 212 66 160 134 172 229 47 150 251
    18 145 11 49 101 106 243 122 78 144 17 38 150 13 234 209 180 250 57
    131 0 30 18 106 232 212 143 7 159 217 231 118 201 50 173 235 186 194
    44 218 67 173 93 213 174 15 184 238 62 123 250 187 67 53 49 129 96
    48 75 205 112 172 140 125 42 184 209 4 226 204 126 198 182 194 121
    42 150 249 83 186 226 58 231 165 93 47 27 9 196 229 36 63 193 92 92
    48 162 163 52 164 159 125 25 41 54 12 240 7 251 58 62 157 199 225
    180 232 14 255 212 250 207 57 15 97 161 193 32 99 151 155 230 134
    227 191 118 101 137 21 134 134 184 251 171 130 23 49 203 81 161 198
    75 161 126 29 182 195 100 57 240 0 3 204 248 172 50 20 67 22 188 249
    119 223 7 244 29 203 46 204 246 50 39 19 227 2 199 136 75 157 83 254
    157 206 47 39 123 194 7 236 227 45 200 98 126 137 79 93 219 122 19
    173 108 165 166 9 253 243 228 207 225 50 235 213 236 69 213 150 38
    208 227 2 16 200 2 210 115 105 55 6 60 73 229 210 138 72 18 20 90
    138 60 49 14 228 122 165 133 41 47 220 98 20 25 135 215 230 126 195
    149 232 36 80 79 12 161 185 125 161 53 101 65 160 80 59 86 105 67 73
    101 42 13 100 236 40 207 141 60 100 4 186 212 234 54 75 110 120 131
    11 103 17 183 198 127 185 100 170 191 232 158 10 223 184 115 210 102
    8 49 138 249 252 87 9 101 228 140 99 72 136 190 117 65 78 102 242 0
    237 110 180 195 98 11 48 81 103 152 44 59 73 110 193 38 92 100 141
    102 7 123 142 167 247 224 79 23 184 210 98 20 205 138 60 53 89 123
    66 82 111 17 211 178 3 97 18 190 33 179 97 253 83 160 134 115 216
    190 100 101 148 2 236 146 174 9 246 102 55 174 165 171 232 234 56 82
    3 230 155 110 128 164 130 110 251 86 122 189 17 99 89 177 86 224 185
    15 241 134 40 176 145 110 83 74 131 69 134 131 132 154 112 91 108
    185 45 132 254 187 189 114 240 151 203 174 147 246 9 227 168 253 107
    120 184 190 209 127 21 10 1 191 165 90 14 44 93 166 112 37 6 71 88
    58 155 126 178 217 39 218 167 16 82 108 159 218 74 172 114 89 163
    235 81 193 25 122 45 119 51 170 156 61 147 239 14 188 3 59 39 184
    162 127 116 129 101 60 90 39 88 84 69 161 96 124 36 68 233 19 137
    253 238 25 121 202 103 159 47 165 71 130 49 165 210 148 248 16 129
    227 33 123 243 201 129 239 220 45 95 30 213 231 216 79 236 38 255
    130 19 175 134 75 235 204 171 5 38 15 7 8 121 31 252 154 62 217 148
    140 234 20 96 42 157 80 192 45 111 111 106 64 117 233 238 205 162
    108 223 121 244 83 77 157 231 65 183 139 61 196 7 236 96 97 176 35
    21 229 13 118 94 198 232 214 175 202 106 189 110 78 5 236 53 245 73
    218 170 167 161 181 214 252 170 98 214 53 64 51 140 239 171 196 64
    100 129 241 245 236 73 227 246 37 2 10 74 130 181 188 17 68 100 90
    142 203 106 61 34 97 125 178 144 155 98 136 161 107 136 235 5 195
    211 237 39 7 82 233 146 100 49 71 22 160 1 244 252 60 108 35 186 211
    113 76 176 211 114 110 146 135 202 154 195 87 95 150 173 93 193 213
    106 40 44 88 44 210 184 246 217 213 211 202 3 104 160 159 226 168
    233 137 210 233 216 217 170 217 79 229 208 81 97 234 90 196 254 74
    102 201 80 217 233 175 221 99 41 12 195 118 53 209 64 40 204 6 165
    234 41 234 79 111 147 248 77 124 81 137 74 2 64 0 125 165 193 136
    243 223 144 12 95 45 174 141 45 248 233 34 99 233 147 12 96 180 64
    42 28 220 240 242 195 158 7 91 197 25 68 102 151 28 97 220 47 206 45
    222 176 223 203 127 216 47 59 57 192 139 229 161 142 55 194 179 13
    139 2 250 170 29 99 62 178 68 158 179 56 252 12 205 44 78 1 8 149
    107 243 116 248 17 139 141 14 97 210 108 240 249 115 151 69 83 198
    47 245 201 203 120 135 151 174 192 205 116 199 146 79 175 65 239 27
    247 34 250 156 247 148 42 219 206 134 71 144 160 114 38 221 67 94 29
    67 174 152 138 235 78 82 92 48 48 247 9 77 10 161 176 96 28 227 87
    177 249 191 233 75 250 215 158 126 162 91 221 255 161 117 188 144
    133 166 150 107 134 88 93 213 63 220 47 112 188 57 115 238 227 25
    226 161 103 118 239 240 95 147 120 140 142 33 184 83 85 208 84 212
    135 29 251 5 29 25 90 50 218 241 42 27 127 128 174 144 85 118 27 228
    183 93 13 139 202 131 255 206 195 164 127 139 64 161 107 12 127 62
    150 81 119 229 85 191 186 187 126 192 184 217 220 163 181 24 197 93
    187 123 178 237 5 78 197 68 241 189 155 238 40 201 136 5 53 72 92 69
    191 50 240 135 244 106 69 251 100 227 240 222 207 4 158 166 231 204
    41 45 8 172 74 196 146 125 53 205 172 78 237 200 235 55 4 98 135 180
    118 163 103 157 184 222 92 115 241 58 173 19 169 8 189 43 242 97 103
    188 72 94 226 11 7 84 184 171 234 57 241 126 86 215 236 213 240 201
    201 187 7 28 124 96 54 200 130 39 34 211 98 17 193 223 48 241 30 107
    203 107 69 218 163 54 59 246 81 119 55 178 237 80 4 45 114 172 155
    156 84 38 122 93 60 145 33 74 179 90 227 24 161 163 228 230 187 16
    247 196 105 162 10 99 80 16 16 106 101 102 170 62 188 225 245 201
    183 28 239 227 120 24 83 124 136 112 69 32 145 69 66 7 65 13 120 159
    12 167 217 233 139 243 177 164 74 5 28 186 85 254 14 184 87 8 85 160
    174 17 113 45 213 13 141 5 219 178 87 175 208 178 222 244 206 203 17
    219 207 254 168 21 168 124 132 68 97 234 186 107 169 250 64 102 85
    229 135 239 178 24 18 20 59 194 86 52 115 231 123 160 64 133 102 191
    75 185 232 133 75 243 206 53 131 29 123 43 142 158 163 174 65 36 209
    215 247 76 137 220 187 145 49 192 249 159 43 136 117 38 56 129 246
    185 231 21 173 201 207 8 105 176 236 1 5 249 217 197 21 110 233 39
    62 146 183 3 244 180 175 86 209 46 126 65 61 85 135 172 32 96 197
    100 224 243 15 147 110 79 199 79 95 130 46 220 146 170 249 0 161 178
    40 214 89 88 60 9 100 82 25 120 235 162 106 171 176 130 118 35 67
    234 180 134 27 166 137 234 161 139 226 239 208 34 231 50 243 168 76
    89 203 22 126 79 3 197 74 120 251 175 238 77 153 40 204 68 89 71 230
    36 170 4 52 136 180 36 116 105 11 41 27 245 93 123 230 59 231 200 71
    218 109 74 110 188 254 165 149 191 16 54 69 251 96 181 84 28 94 121
    188 115 48 43 231 113 155 125 198 105 217 254 236 99 237 89 201 227
    31 127 221 221 0 106 84 128 126 166 111 149 8 200 50 137 228 17 56
    138 67 9 67 225 56 208 184 110 206 129 246 35 20 48 228 168 27 82 77
    47 32 134 49 192 30 59 140 216 165 121 24 7 1 7 152 87 167 32 198
    238 155 210 103 24 210 57 48 254 56 23 151 86 104 56 39 189 61 59
    232 131 219 187 106 89 32 170 159 167 24 143 156 127 227 12 232 160
    99 141 168 149 181 114 168 86 107 209 155 170 72 51 112 113 9 10 96
    214 135 167 217 33 145 222 100 80 158 0 133 132 181 191 70 33 171 36
    243 174 174 86 7 171 214 137 71 19 78 153 156 76 164 58 75 234 24 99
    68 215 230 10 25 97 24 236 138 201 57 206 202 80 26 149 35 81 246 89
    203 29 51 53 244 143 182 44 142 172 111 89 58 149 101 224 130 150
    173 76 116 31 148 243 184 60 218 51 88 85 125 137 7 159 214 73 252
    96 238 81 73 112 111 168 42 213 48 86 1 59 3 9 232 86 197 106 129
    121 38 168 25 62 198 184 52 0 248 4 118 234 189 57 195 69 242 186
    211 105 108 73 197 184 94 243 76 155 213 186 109 122 26 171 141 32
    97 90 210 208 0 88 155 214 27 236 152 231 143 74 8 66 140 179 238
    138 73 137 62 204 71 60 57 49 45 247 19 114 72 177 44 201 79 91 165
    243 167 239 65 63 29 202 42 168 46 254 78 48 47 207 198 47 52 193 76
    115 38 21 215 73 37 109 189 131 110 55 81 98 157 212 109 243 218 10
    125 197 176 102 201 217 144 27 102 233 236 203 70 182 88 240 8 49
    238 34 181 117 77 52 180 253 245 112 91 130 188 140 145 142 181 15
    201 27 98 233 184 150 70 172 137 223 163 64 98 192 158 71 183 43 102
    183 75 0 98 252 95 103 62 46 193 52 136 93 238 153 15 116 27 41 104
    93 234 229 39 164 187 129 162 118 92 174 184 46 41 49 83 186 9 65
    168 113 136 191 158 239 177 54 244 16 59 180 156 240 242 162 199 146
    179 85 177 98 195 79 116 124 118 193 20 192 166 174 89 236 81 175 40
    111 221 146 131 149 125 35 29 97 97 53 156 116 233 222 201 111 94 3
    130 115 139 185 234 26 96 141 35 148 172 179 201 109 188 167 87 177
    131 214 4 165 202 221 90 175 187 83 13 226 93 8 247 104 123 44 250
    163 79 155 7 167 46 147 207 214 190 67 81 20 49 102 111 196 102 178
    161 114 100 248 228 119 223 102 197 170 18 194 162 207 1 15 112 229
    109 14 198 190 34 21 161 14 218 19 212 185 74 192 203 102 52 151 187
    133 57 218 71 190 155 104 232 165 193 191 49 250 65 90 122 204 86
    206 75 110 3 122 52 125 85 172 237 136 223 112 66 125 31 204 231 233
    93 87 22 132 233 216 93 71 86 237 249 173 50 29 234 111 175 171 114
    48 8 228 118 113 152 21 199 117 255 228 143 149 112 149 36 82 125
    148 208 50 111 235 252 151 44 196 132 104 214 83 67 231 130 135 17
    105 85 13 87 11 143 99 92 33 80 84 76 27 55 254 159 245 43 231 144
    105 89 120 211 162 236 161 18 96 215 196 81 12 4 172 99 48 188 135
    88 176 59 139 35 214 206 174 193 50 133 242 131 70 215 26 228 127 23
    122 148 92 131 78 177 216 191 124 77 156 252 39 103 159 59 200 19
    173 24 10 77 114 189 177 167 165 87 247 162 150 240 198 16 175 94
    193 185 90 64 129 238 176 163 54 7 76 185 7 25 200 88 168 55 231 125
    102 248 253 29 131 80 44 206 219 67 48 6 56 82 243 138 50 40 21 8 61
    7 107 90 168 94 212 211 228 188 236 201 209 187 209 153 136 127 17
    146 98 215 161 48 49 110 96 251 53 20 153 225 204 241 153 71 127 125
    125 80 202 224 30 220 124 101 230 217 93 85 55 139 242 114 92 195
    160 38 158 162 239 80 239 193 150 15 40 48 48 121 145 65 119 7 15 83
    55 121 87 108 54 33 95 124 250 190 232 138 119 23 19 23 173 205 206
    221 29 37 145 239 21 237 63 142 45 79 169 223 50 165 63 212 217 47
    144 215 73 255 91 250 21 66 81 183 160 208 172 35 48 34 146 66 80 37
    86 41 246 113 9 221 242 69 16 205 176 50 149 202 249 148 152 92 236
    206 75 69 233 22 218 235 5 153 234 43 78 149 71 213 2 35 81 124 216
    75 5 152 106 224 62 95 187 135 190 134 7 29 80 221 199 199 189 15 59
    43 65 202 162 64 12 245 125 98 120 235 80 187 45 3 67 46 64 76 144
    206 247 25 188 207 240 119 123 79 48 40 182 167 51 108 139 175 162
    240 120 113 95 148 224 5 125 202 144 13 41 68 108 120 164 36 213 29
    171 141 161 240 43 136 27 130 197 8 169 206 184 105 164 239 59 53
    253 253 228 129 97 1 13 110 114 144 223 32 145 147 93 36 85 142 72
    132 95 22 15 188 160 167 229 55 100 154 136 245 111 5 219 127 130 68
    18 126 181 200 46 69 181 191 61 2 201 239 45 192 161 120 41 2 60 15
    64 129 63 130 65 180 252 130 196 242 224 169 36 133 236 189 170 26
    82 43 78 240 134 105 216 208 103 43 68 138 78 227 80 4 93 81 86 121
    105 146 232 64 27 253 52 175 60 180 137 6 93 245 190 166 167 145 146
    220 184 140 216 141 177 65 13 0 104 235 7 77 252 68 253 192 164 228
    72 224 57 126 197 210 110 31 12 189 184 70 22 43 194 120 210 170 61
    253 113 226 63 172 11 253 113 150 40 173 12 138 244 232 48 58 206
    235 233 105 69 170 115 105 172 43 13 255 237 97 253 211 122 99 107
    237 0 5 66 70 166 3 190 103 194 176 208 130 2 177 217 164 71 63 77
    158 153 162 209 8 136 140 58 63 213 89 167 122 84 65 2 51 241 134
    246 199 253 72 150 4 163 6 68 28 214 4 201 247 118 216 203 6 160 45
    254 157 190 208 252 15 183 35 175 46 216 218 173 174 50 78 217 86 82
    16 108 197 8 94 238 72 24 86 22 171 232 158 203 8 39 237 103 151 250
    199 229 71 168 168 167 164 167 245 213 203 222 93 31 144 41 67 210
    177 3 141 8 13 184 99 10 25 241 143 227 213 66 22 37 88 197 205 181
    2 125 249 161 58 3 225 50 110 90 97 153 123 166 46 166 180 91 53 61
    21 136 254 152 120 72 23 121 88 178 211 101 56 137 81 113 115 79 198
    92 84 159 168 179 241 202 214 41 196 246 101 202 77 224 55 25 117
    110 36 39 95 239 98 61 211 18 197 190 58 96 110 239 205 86 202 160 5
    225 25 100 73 141 46 191 239 154 125 86 160 233 7 86 183 24 231 61
    180 179 11 122 203 212 70 32 29 95 93 35 50 138 221 28 193 241 177
    97 26 216 237 51 205 17 255 190 250 61 167 69 172 125 60 143 221 175
    213 205 173 102 164 151 88 227 77 36 8 185 170 79 196 195 101 142
    189 142 43 69 42 130 127 78 102 166 186 91 212 231 220 210 230 145
    103 112 130 219 139 245 100 3 88 15 248 22 120 70 146 221 123 39 197
    230 201 172 25 248 229 156 17 188 162 253 77 141 106 47 95 191 181
    98 42 45 119 114 242 131 45 188 209 136 91 75 253 218 101 49 27 186
    0 151 96 157 139 82 163 93 94 132 30 98 14 237 80 160 63 136 109 212
    11 199 238 210 142 188 0 6 189 210 111 72 141 133 50 13 52 2 144 201
    242 103 18 136 1 16 238 54 233 136 175 161 113 173 104 209 203 142
    194 108 186 86 216 19 142 185 58 97 123 167 61 207 160 18 187 173
    216 164 217 127 187 54 224 162 5 244 235 45 104 0 194 141 74 47 220
    149 222 128 144 221 165 75 111 225 144 156 15 37 131 112 51 94 248
    90 178 78 201 157 134 10 81 41 14 81 56 244 171 81 14 252 138 88 12
    16 140 27 27 213 125 38 186 69 175 222 145 21 233 248 126 217 17 123
    121 167 47 61 110 25 191 183 239 216 179 33 22 134 234 122 80 81 28
    239 73 190 110 68 25 77 191 243 11 232 204 243 126 254 207 114 118
    137 247 136 193 236 51 167 156 153 230 92 234 7 241 93 164 50 38 222
    187 40 136 36 181 234 130 26 44 29 217 231 144 139 76 236 2 224 57
    142 137 47 134 229 160 30 66 208 30 229 95 28 175 43 175 109 95 78
    81 106 146 167 57 84 196 24 21 170 195 120 79 23 154 173 185 233 148
    24 228 238 18 241 123 217 17 127 39 24 216 116 195 199 153 86 102
    124 141 92 218 184 182 21 167 129 5 138 247 8 130 74 0 97 44 53 131
    53 127 100 148 232 118 101 206 111 118 240 223 88 243 167 50 252 238
    122 233 131 8 92 202 54 229 136 97 75 25 130 60 103 194 230 236 243
    112 55 88 66 151 95 252 197 251 3 82 99 28 187 128 123 143 46 151 39
    79 104 221 119 182 226 209 167 4 104 229 71 92 125 232 161 161 131
    235 122 149 183 186 218 217 97 39 189 228 199 226 190 145 247 177
    240 247 179 122 87 101 141 148 89 84 28 43 235 120 174 45 139 184 54
    213 45 75 2 188 124 36 254 33 249 38 222 108 196 110 253 25 51 74
    138 145 184 145 217 237 103 218 67 23 192 6 27 148 199 1 122 252 66
    225 11 211 0 8 166 42 203 19 60 164 10 174 80 86 227 135 45 182 183
    159 228 101 121 57 100 171 34 191 185 51 250 36 189 121 166 223 94
    98 243 78 25 216 142 82 182 111 220 41 140 145 168 255 33 189 234
    198 173 192 88 7 180 21 114 95 95 65 69 151 188 113 235 43 61 177 34
    116 127 121 127 212 32 57 214 247 135 182 101 99 55 59 29 219 117
    186 246 23 230 25 4 105 155 232 3 247 199 0 22 245 162 239 170 253
    80 2 225 217 121 110 91 142 162 8 90 38 237 206 196 234 157 115 57
    241 217 4 64 19 241 125 178 213 80 231 166 232 186 204 226 221 110
    56 105 211 72 101 43 61 42 20 151 165 26 55 90 198 202 144 206 2 54
    72 30 16 76 130 30 111 156 206 233 227 208 119 45 182 253 12 79 140
    159 128 8 8 136 213 66 209 29 41 114 89 101 97 107 165 121 154 115
    35 128 207 112 243 207 95 135 85 11 91 89 185 166 33 88 46 97 247 10
    176 1 7 232 35 126 223 186 125 179 31 142 96 33 160 200 106 84 155
    131 127 23 89 110 225 23 113 19 43 147 7 194 42 192 164 116 35 33 61
    251 50 80 237 244 75 229 55 210 154 44 139 218 194 221 72 40 150 159
    69 23 53 206 105 146 206 194 124 208 125 6 226 114 246 19 70 96 247
    81 102 133 122 114 214 152 245 205 7 196 95 97 116 72 254 163 172
    146 236 80 238 47 81 253 233 32 192 244 131 195 55 163 248 5 93 227
    245 146 63 49 53 230 21 225 34 69 174 113 207 203 45 163 237 251 200
    51 25 67 214 244 134 208 175 89 175 39 232 140 207 192 115 235 44 95
    170 121 20 43 156 147 250 150 169 152 9 106 172 114 104 182 254 139
    148 195 72 11 85 74 167 157 15 15 36 136 193 124 205 24 172 38 201
    158 189 59 49 58 199 154 131 181 70 27 102 19 73 146 199 116 232 169
    36 136 17 155 121 128 244 219 235 48 98 145 231 28 225 45 211 148
    204 74 100 217 245 61 93 223 208 38 180 50 130 150 213 139 161 58
    181 58 193 22 249 77 166 160 244 41 254 20 37 226 251 106 194 143
    193 41 8 36 164 52 94 90 206 78 86 237 47 97 44 242 60 89 8 248 26
    165 112 235 121 1 43 132 122 69 86 68 233 71 109 209 19 105 175 29
    82 44 63 13 166 184 146 103 23 227 213 22 244 139 69 42 255 174 7
    115 2 74 184 184 255 150 219 17 121 199 217 129 244 187 189 170 153
    211 15 42 206 131 171 179 51 143 39 129 101 245 179 171 95 242 6 6
    39 14 226 63 93 219 190 51 176 87 31 38 95 49 160 226 30 120 178 32
    25 152 145 198 233 152 93 213 24 74 175 161 166 173 79 101 244 210
    231 237 142 223 236 157 255 33 90 64 236 131 144 93 59 171 36 224
    221 171 230 149 64 51 55 76 193 84 22 129 66 75 13 203 30 15 11 5
    232 88 144 6 98 39 1 186 4 230 193 93 141 180 225 212 83 162 65 251
    13 205 50 91 30 213 32 55 154 184 132 180 225 56 238 51 31 129 185
    205 7 171 42 199 153 8 6 238 54 39 89 184 2 50 192 138 83 189 26 176
    170 9 60 190 194 160 176 97 80 145 72 87 31 233 114 26 156 1 233 51
    113 66 195 193 101 223 119 24 83 235 210 221 159 121 101 164 231 125
    59 119 107 66 71 13 235 32 108 135 50 124 169 233 215 119 70 47 210
    222 151 193 238 226 159 190 108 246 77 107 39 123 197 84 242 252 253
    44 39 196 127 252 121 239 18 127 224 112 250 100 144 215 200 13 172
    185 144 35 78 191 38 186 74 165 45 8 197 179 109 10 56 115 55 242 94
    3 158 140 164 44 125 104 245 14 223 225 11 119 29 129 50 235 236 62
    123 9 184 226 76 8 37 193 39 35 54 100 102 39 154 3 34 62 137 164
    211 205 63 190 220 84 145 201 74 79 31 206 216 105 143 31 179 8 146
    197 8 79 185 219 28 146 91 49 68 117 10 65 213 206 90 129 168 175 5
    169 82 212 238 68 41 93 133 97 187 237 43 74 26 242 60 234 210 110
    84 196 91 148 250 234 165 100 240 125 189 171 199 98 196 220 217 232
    97 79 232 236 90 82 113 122 61 187 39 245 107 0 181 147 48 150 75
    116 248 88 20 203 198 102 1 99 127 148 116 72 44 201 61 221 75 192
    76 241 156 38 92 236 158 239 233 104 178 65 227 125 62 1 211 205 177
    89 14 124 172 83 101 183 34 103 241 8 70 191 133 183 131 157 23 207
    83 210 9 150 195 119 247 155 213 192 118 189 148 65 223 182 28 192
    58 182 80 228 207 238 48 228 207 25 155 0 194 246 66 192 252 16 95
    18 192 151 188 131 117 210 29 126 244 200 23 24 139 83 252 113 71 6
    188 86 230 93 199 219 228 60 207 238 245 26 224 41 243 176 12 47 246
    90 85 219 90 161 172 115 126 26 251 0 120 163 59 42 135 74 7 50 166
    89 72 14 213 37 220 153 127 121 127 218 79 57 107 88 176 97 172 97
    253 164 144 90 186 118 110 138 187 29 211 223 15 196 0 98 239 101
    150 192 95 106 37 172 250 70 187 33 159 82 56 12 28 126 253 191 184
    87 105 188 3 177 126 169 233 198 216 203 85 147 23 27 58 26 125 140
    71 0 147 156 81 114 142 88 47 247 137 189 229 192 107 116 175 173
    245 63 67 172 185 56 20 122 97 143 76 107 242 237 176 131 180 157
    136 247 7 199 82 47 111 30 246 142 211 5 151 246 153 166 181 106 47
    9 76 145 55 238 144 70 248 53 55 66 109 227 124 188 190 234 220 120
    101 77 242 178 122 5 116 10 154 110 51 125 235 219 208 57 107 75 114
    71 254 248 6 109 192 93 90 144 155 169 194 81 63 211 86 78 230 6 114
    66 78 185 176 127 127 81 49 191 93 29 133 28 176 58 216 162 29 95 28
    8 51 185 240 103 65 115 112 42 103 147 192 222 196 8 7 100 5 218 231
    128 30 8 153 146 78 113 128 116 73 35 48 57 76 226 118 177 31 6 81
    112 89 86 64 238 204 23 185 20 160 35 172 197 223 180 248 34 15 2 58
    214 138 121 170 248 137 90 92 12 64 60 120 35 184 161 187 193 221
    187 139 79 108 138 92 52 96 60 220 210 224 24 90 118 3 41 189 98 45
    89 193 116 61 149 220 62 134 162 143 5 106 108 101 207 21 192 93 182
    10 59 58 199 24 38 105 53 138 130 240 32 214 141 161 79 192 114 196
    237 119 244 132 204 36 192 149 191 19 222 86 84 218 135 187 171 168
    165 75 43 194 161 228 28 109 88 54 116 103 63 41 5 5 187 43 250 195
    121 68 146 86 121 88 3 194 140 97 18 49 15 59 8 100 152 16 112 87
    224 43 52 119 59 141 235 245 195 99 238 15 139 99 90 51 232 134 174
    44 155 68 225 97 251 193 205 37 146 27 189 79 226 57 163 156 236 153
    179 185 15 48 131 206 189 165 122 220 30 201 167 180 54 221 131 85
    32 204 43 197 21 68 115 50 160 7 51 100 23 84 61 183 155 108 189 58
    128 247 59 32 142 55 132 148 138 40 218 73 52 207 45 122 144 212 84
    34 229 158 110 107 6 114 106 13 243 137 232 247 86 205 61 4 34 239
    98 217 25 105 210 141 21 113 209 208 72 125 155 220 176 86 188 30
    219 179 30 180 198 199 115 113 53 183 43 221 252 231 157 103 166 160
    94 42 43 25 39 253 252 197 237 4 201 190 90 243 18 191 145 73 1 151
    255 157 120 177 247 107 255 15 13 135 156 236 37 180 13 170 85 145
    192 3 0 238 139 94 162 198 36 100 231 95 205 79 62 128 17 77 190 179
    235 179 199 136 53 196 130 47 110 125 170 146 239 225 78 69 139 186
    126 230 135 158 129 214 88 61 27 44 230 27 116 106 46 88 178 231 148
    18 158 175 187 25 118 208 37 240 225 247 21 183 242 201 246 134 211
    22 213 137 211 251 243 82 30 254 127 126 67 109 24 90 59 126 93 61 5
    184 90 29 59 227 113 151 65 216 78 37 73 105 144 181 47 246 127 181
    156 165 213 96 75 179 200 248 103 244 136 122 90 104 118 158 100 229
    243 79 113 147 130 94 151 135 117 62 110 150 213 229 188 188 39 101
    141 229 173 194 66 9 91 82 17 141 41 96 230 170 56 82 18 175 39 92 4
    14 106 199 44 91 233 121 139 177 147 210 88 240 218 38 63 163 90 97
    53 117 218 52 47 252 78 26 151 190 109 93 209 222 169 95 243 249 213
    21 41 252 149 225 216 102 163 171 230 179 16 79 59 196 67 72 72 61
    185 198 139 199 186 128 67 52 96 198 177 196 73 53 247 114 223 59
    247 170 165 134 44 125 110 232 51 188 30 191 93 169 236 243 116 173
    245 139 54 76 194 117 192 131 18 86 180 199 29 100 133 168 39 70 184
    167 136 197 87 127 130 90 237 233 77 94 192 158 153 81 198 71 23 5
    230 101 133 252 54 189 39 92 88 7 227 204 43 162 186 52 238 160 68
    147 186 46 158 168 7 180 212 0 180 186 41 3 26 42 239 149 96 232 22
    232 101 4 199 173 124 227 99 142 79 170 231 244 33 58 110 35 9 25
    101 54 128 3 52 60 45 11 162 136 61 34 27 147 242 188 206 70 54 173
    89 53 108 117 112 248 185 111 29 235 196 93 204 56 24 49 121 23 11
    62 180 84 229 228 128 6 45 21 12 152 188 180 10 113 167 29 5 188 250
    25 98 212 125 52 186 134 91 3 73 22 90 17 49 153 91 187 98 128 180
    249 65 10 128 204 239 57 27 241 229 92 151 130 12 67 255 64 60 58
    125 223 66 219 52 220 69 189 209 200 77 206 231 53 172 190 133 223
    121 223 143 52 212 110 146 192 131 180 184 255 4 64 0 122 106 76 186
    117 107 109 56 153 153 71 3 214 35 145 12 12 85 95 195 195 173 192
    25 13 237 42 237 56 82 133 228 37 45 197 221 80 207 221 187 46 246
    147 121 230 204 122 211 235 99 136 114 182 27 224 67 200 243 82 226
    17 199 141 235 204 191 44 88 214 13 139 119 74 123 243 126 195 189
    82 153 22 33 182 18 95 235 0 51 211 0 149 95 55 38 134 40 152 198 61
    130 166 135 234 64 118 150 196 235 217 200 218 209 211 149 63 88 216
    91 217 27 95 145 189 84 243 193 138 253 250 13 3 68 226 207 232 108
    111 81 14 164 38 156 250 237 93 73 157 18 165 136 44 154 109 32 61
    201 60 188 65 168 167 153 69 52 38 237 101 48 176 83 187 173 107 14
    237 129 144 110 163 156 50 211 145 133 225 177 145 157 242 76 96 191
    150 191 222 175 35 43 73 50 211 141 178 114 126 120 130 7 161 206
    236 229 7 150 15 104 172 231 79 170 39 110 243 149 130 246 219 135
    181 218 82 138 145 68 26 32 113 68 92 71 185 196 2 231 215 71 233
    254 6 213 209 1 220 191 62 107 78 76 141 205 215 124 56 107 157 204
    184 208 116 250 244 120 250 88 95 67 122 109 243 11 126 129 51 253
    129 144 175 200 29 31 5 57 248 50 250 183 38 250 206 243 155 102 148
    162 165 211 11 18 68 24 146 210 148 43 83 163 180 154 183 112 231
    169 172 120 175 190 153 129 155 69 213 110 193 176 17 149 85 151 4
    141 147 212 44 111 8 132 225 238 73 53 165 52 172 237 171 174 93 225
    1 160 195 146 126 49 78 149 217 130 133 222 109 191 0 79 246 16 170
    235 205 20 90 194 118 49 138 8 31 244 7 255 112 131 160 45 125 76
    248 170 94 31 73 202 4 115 233 155 204 246 189 80 41 74 65 145 172
    197 157 50 211 115 202 207 37 127 181 130 220 217 220 54 0 199 196
    200 160 78 216 30 33 73 235 246 159 205 128 183 123 151 30 140 177
    178 253 110 102 194 114 107 119 74 100 166 200 180 49 76 1 195 108
    17 226 5 203 252 62 78 184 214 225 77 218 239 3 196 59 189 20 176
    118 142 150 93 39 227 194 234 202 250 206 146 186 214 110 18 244 45
    129 43 245 23 189 104 181 152 33 159 85 20 122 135 22 157 220 115 3
    116 39 83 105 25 127 102 94 104 68 113 56 239 142 3 243 80 182 246
    201 123 173 123 149 69 90 9 72 6 9 54 14 219 145 238 193 23 65 102
    240 238 145 226 247 133 82 249 175 57 134 194 97 155 99 45 246 198
    123 60 53 163 84 173 172 193 29 61 182 253 119 214 178 64 219 194 60
    181 92 146 92 238 109 8 155 240 10 46 72 236 202 109 103 18 171 213
    85 81 157 58 233 173 182 75 73 208 145 87 147 21 161 18 72 161 186
    17 144 206 113 96 167 241 244 45 243 38 164 34 167 41 215 255 13 207
    51 93 201 230 98 49 62 3 245 10 113 36 249 57 23 49 66 23 241 133
    114 22 66 80 34 175 51 41 99 226 240 239 47 102 70 77 65 239 129 212
    192 208 135 176 119 229 90 152 152 67 194 133 139 51 224 207 119 20
    155 171 45 124 214 199 35 250 225 141 194 145 245 38 103 195 73 213
    187 1 147 223 68 167 66 249 1 154 211 101 234 176 199 158 205 154
    139 9 247 22 189 166 169 5 79 155 227 10 142 94 226 55 58 204 233
    152 49 138 147 11 116 179 139 144 49 170 160 64 15 185 81 142 0 173
    30 123 114 42 28 201 58 242 245 24 31 249 146 165 13 41 234 188 17 2
    200 65 37 70 253 155 30 24 234 100 205 134 30 15 6 79 161 139 47 185
    255 38 27 64 146 12 121 85 247 32 175 236 174 60 66 176 101 235 99
    228 56 16 182 0 45 163 163 138 141 83 66 115 125 164 10 213 188 142
    142 114 187 86 159 169 251 43 223 45 169 36 251 183 224 87 15 57 63
    232 29 124 113 109 209 208 199 173 171 4 31 85 96 233 157 200 214 93
    150 168 234 18 94 230 69 164 14 92 75 70 120 102 73 186 155 209 48
    101 116 92 193 70 192 209 250 12 6 72 198 99 45 84 169 41 237 122
    254 203 151 206 51 98 135 128 228 195 38 187 20 205 3 223 126 163
    220 187 206 3 29 206 104 18 121 123 161 20 80 180 175 237 117 134 73
    47 113 144 38 157 15 71 7 63 205 216 216 227 5 103 225 241 187 113
    210 172 39 2 199 49 90 211 202 222 213 44 19 135 44 198 140 233 32
    199 242 119 58 91 215 117 82 226 71 250 42 91 200 39 104 105 30 27
    20 72 31 169 222 185 80 235 159 74 170 218 44 223 211 174 131 216
    115 35 24 168 6 9 233 217 140 173 18 77 221 160 155 100 44 237 105
    22 199 244 62 54 70 175 211 145 87 86 225 181 180 49 3 84 126 225 3
    208 92 110 212 127 120 39 85 55 85 100 20 138 235 251 43 134 208 169
    222 108 231 230 169 40 114 3 90 79 175 225 85 89 6 87 165 18 144 9
    56 60 213 217 103 242 171 19 28 207 10 134 217 92 123 149 161 109 56
    142 56 155 52 112 75 198 198 182 167 126 182 227 63 89 114 28 42 6
    77 48 63 77 80 252 18 245 89 34 233 204 99 213 241 194 202 52 9 85
    139 185 134 76 188 249 174 186 217 235 226 212 176 220 128 9 143 57
    33 210 196 188 246 201 226 98 163 110 141 75 22 139 80 39 19 169 156
    130 131 182 77 217 253 228 130 219 226 223 166 118 204 76 148 8 212
    237 192 168 126 16 0 35 21 14 8 39 91 102 222 148 71 168 131 80 65
    87 13 209 27 6 86 18 190 93 22 111 154 3 170 48 79 222 167 36 62 252
    40 198 70 135 243 221 215 31 54 179 62 67 145 227 235 104 184 90 28
    12 73 50 55 105 102 169 79 152 252 149 192 167 122 50 61 164 91 65
    155 83 14 178 255 42 106 121 93 66 49 22 99 120 54 205 221 51 145
    178 13 18 29 195 145 156 121 147 202 169 47 135 140 19 62 190 251
    140 135 98 158 208 16 215 57 246 194 173 170 51 106 207 95 167 118
    59 36 132 223 54 193 192 90 51 201 72 203 182 200 52 90 148 17 153
    105 28 100 172 92 165 43 189 114 180 118 189 146 65 234 221 5 238 41
    141 56 29 28 253 179 94 17 188 35 212 203 187 36 55 252 251 186 8 37
    137 61 255 242 247 2 101 51 21 17 132 0 112 94 197 213 159 17 75 107
    248 78 44 102 190 71 88 55 91 128 7 104 49 110 254 234 89 71 125 141
    192 222 67 164 48 89 63 4 235 119 17 188 208 251 1 73 90 195 4 205
    49 111 173 99 166 171 164 146 114 152 82 215 254 223 111 220 59 78
    77 224 28 213 141 230 174 148 90 70 89 149 109 205 5 108 41 164 81
    45 212 162 131 222 239 167 58 55 142 154 211 138 9 115 137 15 220 86
    177 80 223 120 185 74 183 188 29 186 203 81 163 198 17 151 114 104
    241 223 179 202 94 209 56 116 77 249 225 221 199 85 227 112 188 40
    48 14 16 122 94 193 109 31 151 174 144 200 100 82 206 38 61 182 5 55
    253 48 87 114 30 233 247 138 82 124 24 42 207 35 249 171 213 151 87
    145 218 60 82 233 99 134 85 161 82 249 237 60 219 63 87 208 56 207
    20 251 30 220 194 227 44 135 152 111 7 118 236 24 239 181 209 170
    130 198 136 43 5 123 191 7 1 5 128 162 85 255 177 21 138 25 49 122
    241 43 203 208 130 188 186 120 108 40 168 12 128 35 218 141 112 236
    5 175 83 254 200 89 118 27 90 228 47 166 62 45 245 127 183 73 124
    163 209 216 122 91 105 45 157 134 196 9 64 72 104 198 12 96 60 229
    225 138 218 80 97 175 232 175 100 24 48 74 31 152 128 10 97 228 107
    227 221 155 150 209 104 98 20 190 52 220 175 17 235 133 37 252 159
    218 60 10 186 207 143 184 254 135 166 43 243 141 147 85 27 167 201
    232 252 25 33 174 105 117 24 1 202 95 14 198 19 211 96 143 178 142
    36 37 187 181 115 175 232 6 214 158 119 134 67 22 118 240 242 244 26
    244 27 23 131 150 107 230 105 87 14 164 135 76 165 14 244 181 92 187
    3 58 60 97 175 161 54 251 121 105 4 161 253 9 88 31 113 95 180 110
    226 121 40 39 129 78 175 136 57 220 236 145 76 81 253 58 14 40 139
    115 119 252 146 248 101 76 180 102 220 251 124 82 181 2 4 13 187 154
    188 97 243 119 216 9 157 145 107 100 106 139 178 124 134 130 90 75
    121 194 232 89 153 186 37 227 111 52 121 241 67 196 152 153 169 200
    131 50 192 55 72 158 221 153 157 5 166 160 136 185 127 137 194 115
    253 199 240 82 190 197 66 26 129 254 67 227 49 4 74 223 30 65 244
    180 213 34 162 117 133 40 178 229 89 54 110 33 112 1 247 99 21 106
    47 104 172 77 251 59 118 71 54 169 231 185 245 185 18 19 109 118 54
    204 100 164 62 217 9 107 168 208 17 35 218 41 135 195 154 225 30 135
    119 184 244 170 19 153 53 129 206 186 190 127 132 224 174 197 123 55
    4 246 209 23 150 204 32 193 18 76 105 250 174 134 61 100 72 143 34
    93 53 221 174 100 105 173 187 176 97 181 221 65 87 43 14 150 39 109
    152 137 12 58 70 136 244 163 146 233 196 137 83 18 240 17 70 175 124
    250 129 237 69 4 109 249 57 147 52 178 176 41 227 175 97 191 29 39
    32 154 154 195 26 230 114 129 11 63 141 11 179 19 34 188 75 175 51
    211 46 114 179 190 10 157 74 78 241 14 8 248 50 115 82 63 94 14 152
    21 124 8 46 101 244 116 159 202 193 146 158 30 120 3 238 94 186 189
    220 248 236 107 210 82 158 241 91 188 140 228 57 192 8 199 192 122
    85 140 223 205 16 128 244 213 59 186 166 180 79 237 134 84 107 17
    170 24 251 178 173 254 18 235 175 106 93 121 44 115 237 138 3 16 85
    174 223 54 249 19 154 243 226 89 59 113 86 125 235 90 217 175 162 52
    6 110 237 206 252 64 87 253 233 60 55 138 138 189 184 109 119 129
    129 149 45 54 207 122 227 254 24 108 219 226 127 252 114 136 113 182
    96 211 27 1 117 138 95 131 158 226 36 128 163 9 91 153 142 223 168
    245 157 207 180 15 77 63 53 167 181 76 189 90 47 250 190 154 214 204
    196 87 151 21 160 215 184 158 223 65 235 211 125 45 117 25 148 126
    110 102 137 255 95 90 203 93 157 165 17 139 3 104 83 118 179 192 19
    232 14 217 21 251 222 125 73 29 118 26 169 141 246 28 71 221 169 40
    227 30 196 159 195 157 230 190 156 31 239 249 136 61 19 221 121 136
    97 234 153 128 190 131 221 181 27 146 16 189 141 197 38 152 69 28
    243 220 122 5 244 5 118 157 238 248 69 167 6 22 67 3 82 98 210 239
    79 89 149 95 227 58 95 232 30 111 11 170 141 187 34 90 193 8 123 88
    166 241 23 128 121 187 9 225 69 7 223 100 196 29 186 172 156 254 212
    77 142 87 171 216 186 241 248 32 19 2 22 14 240 193 79 26 64 50 214
    38 47 126 16 209 64 57 171 70 174 186 79 219 188 243 167 43 168 195
    192 151 231 31 223 137 182 228 14 225 67 155 131 171 234 32 234 143
    75 189 199 153 28 216 4 9 31 216 198 29 64 91 184 79 82 81 29 250
    207 56 20 220 215 153 61 224 141 60 57 142 116 23 205 8 77 112 139
    87 155 6 92 155 7 245 47 197 108 229 1 235 173 2 151 190 101 8 102
    252 111 222 231 242 57 244 37 98 191 89 129 192 93 112 240 7 226 83
    104 196 236 144 212 160 35 160 226 132 75 137 90 193 62 208 242 130
    130 177 197 14 59 219 87 37 162 141 14 153 198 137 107 138 188 242
    160 74 212 162 166 138 233 189 4 150 125 72 107 172 16 233 117 185
    244 233 222 89 20 165 18 94 13 98 163 57 105 54 185 131 152 71 2 25
    48 158 234 57 120 36 103 132 19 117 211 128 173 159 154 134 13 227
    73 110 82 4 107 220 2 196 250 233 223 173 212 31 212 228 81 50 96
    214 186 113 12 75 159 164 31 187 123 142 205 95 118 30 219 41 74 173
    71 139 132 5 157 166 141 47 208 253 243 192 201 89 252 8 109 97 39
    124 209 165 192 174 68 49 122 18 79 30 5 163 8 175 71 104 0 65 138
    60 140 205 168 56 226 23 62 238 105 227 56 89 176 161 8 18 179 148
    178 171 186 219 4 214 176 6 111 38 187 5 198 100 250 156 61 58 9 153
    91 77 30 145 115 11 229 40 8 53 102 242 151 45 32 243 51 53 27 92 35
    44 243 137 60 108 127 139 80 41 95 2 78 136 167 22 104 67 192 201 25
    194 35 168 164 117 64 37 74 74 107 216 33 48 65 14 99 42 37 102 13
    159 7 193 59 137 14 156 240 90 87 96 69 22 249 3 144 8 191 43 9 79
    16 53 149 118 214 182 237 48 92 206 165 152 37 10 94 45 55 32 186 14
    172 220 65 239 109 23 133 205 205 28 24 195 247 56 211 103 246 104
    64 199 241 143 83 58 8 142 116 61 227 8 2 102 235 66 249 24 193 184
    93 225 94 130 210 147 231 9 80 46 80 64 38 138 85 116 246 176 123
    173 127 183 157 233 242 15 155 246 104 215 81 216 19 233 58 203 63
    76 225 77 96 187 221 187 48 252 68 126 164 187 53 226 138 216 119 37
    232 227 189 164 211 255 250 216 125 86 106 135 109 153 197 156 154
    176 48 103 237 177 30 26 63 82 101 169 124 199 152 43 253 215 228
    164 153 19 1 90 83 116 44 153 80 248 108 140 3 161 129 208 208 200
    61 86 172 124 115 248 211 151 174 255 142 236 98 55 131 153 58 42 14
    52 154 52 5 172 140 56 236 15 66 252 91 42 167 40 212 77 236 196 46
    8 236 193 135 201 169 44 79 192 214 131 97 154 130 57 241 57 133 54
    92 57 176 152 154 97 147 143 5 228 118 99 144 42 72 93 66 39 43 231
    168 16 145 171 165 169 158 134 168 114 199 219 8 124 4 49 127 146 59
    193 47 81 196 218 43 231 2 181 70 2 60 145 108 202 250 239 96 196 43
    232 20 119 87 173 86 103 54 40 78 242 87 2 26 74 84 114 76 186 158
    126 186 161 208 59 202 93 64 124 12 180 127 189 60 203 14 49 129 198
    178 126 139 30 17 23 190 129 140 44 38 215 201 39 252 62 163 137 85
    76 85 72 194 19 61 118 128 86 233 79 234 82 185 23 71 144 97 253 225
    127 21 1 152 66 95 193 136 122 238 8 20 139 175 53 161 103 57 158
    253 168 255 13 157 58 8 178 44 36 51 181 102 123 116 14 183 172 21
    122 243 239 176 253 95 146 228 64 218 173 235 240 171 151 3 197 77 5
    128 250 10 63 12 240 241 95 59 67 94 63 130 147 61 254 235 10 228 56
    151 232 128 183 155 123 79 193 23 22 255 142 253 158 159 174 97 146
    165 79 166 25 72 203 217 80 210 63 182 65 2 182 225 126 45 181 106
    56 182 141 88 33 182 66 194 242 21 8 131 118 43 188 209 141 155 66
    119 15 211 214 21 207 25 90 218 221 147 158 86 72 151 128 4 152 210
    61 54 225 177 160 30 0 72 9 74 183 17 232 80 211 200 190 211 208 74
    127 47 139 156 108 203 155 241 11 79 34 247 78 23 232 241 172 128
    236 111 0 71 232 9 40 153 16 28 87 236 83 254 181 231 76 240 17 82
    199 116 6 200 186 55 248 35 94 227 252 13 169 153 209 126 130 206
    195 152 148 202 122 237 31 169 178 145 141 89 76 85 174 45 153 10 87
    40 47 199 114 60 33 68 50 115 225 148 12 231 185 11 37 239 239 101
    143 165 84 130 189 113 95 124 5 206 155 88 252 60 152 186 12 182 120
    161 51 111 3 31 135 252 68 236 215 19 166 243 106 64 47 205 126 185
    28 192 85 141 213 25 105 201 53 114 145 191 225 164 51 241 85 201
    234 169 18 125 216 60 67 94 6 245 152 97 49 94 157 110 174 248 69 50
    145 215 252 51 62 186 172 132 150 16 113 18 30 214 102 87 51 16 22 2
    138 158 110 86 82 115 157 221 114 199 189 176 167 71 128 167 209 253
    52 60 243 123 22 105 182 14 255 239 95 194 88 87 148 215 189 130 183
    68 232 71 74 188 118 81 112 201 100 101 132 96 101 81 84 143 23 101
    56 114 243 3 242 248 125 10 139 32 148 215 167 168 192 104 231 11
    229 178 88 95 250 171 139 240 200 238 241 71 217 137 69 203 43 125
    49 63 249 54 9 214 156 7 45 233 107 140 165 84 216 56 55 108 245 21
    97 36 24 229 131 31 45 74 238 0 88 224 160 39 76 222 153 57 57 188
    27 60 186 183 193 212 175 219 173 218 205 153 32 45 55 219 65 164
    160 150 164 72 94 58 86 45 51 16 132 209 75 29 240 209 45 246 85 183
    114 156 54 96 5 222 120 130 106 85 28 175 113 185 190 255 224 191
    199 131 70 53 33 149 193 73 234 22 4 157 200 46 33 82 195 2 222 229
    224 255 94 187 253 155 177 229 161 91 56 217 249 197 254 170 102 104
    110 247 159 172 154 131 62 116 221 103 161 241 122 221 148 243 149 5
    205 176 63 93 10 213 185 101 106 250 135 78 156 252 225 89 135 94 15
    126 96 20 138 64 224 5 36 105 112 153 99 186 155 60 191 116 81 242
    203 74 27 245 209 85 237 27 42 78 147 99 253 32 102 226 96 124 145
    237 109 250 242 1 118 178 136 41 195 120 72 185 53 214 203 11 147
    242 131 12 252 181 147 169 38 124 76 180 188 160 202 160 48 184 45 1
    169 221 191 41 190 152 242 25 134 166 201 163 241 195 105 69 185 193
    10 236 237 193 44 137 228 23 246 224 219 109 251 58 75 22 89 148 12
    13 193 156 97 47 101 45 149 49 39 32 47 210 100 33 244 80 247 171
    224 117 101 200 144 101 110 185 80 144 90 48 108 111 217 160 4 211
    12 153 213 65 17 90 28 67 247 80 246 119 215 195 203 102 220 29 239
    190 58 24 182 202 231 75 232 53 187 228 216 42 220 162 56 51 33 42
    226 68 208 244 234 174 62 39 214 179 19 111 107 57 9 173 55 54 156
    136 252 42 102 6 169 73 26 251 220 202 78 216 144 164 42 235 56 1
    128 126 21 62 76 226 113 223 210 108 222 81 230 28 33 71 209 209 117
    209 211 181 38 30 136 179 222 23 166 146 213 25 114 147 13 152 18 36
    168 2 181 43 101 4 108 63 249 103 40 87 26 179 144 19 103 198 212 80
    181 154 91 31 232 45 85 95 156 4 149 212 104 161 112 141 113 133 142
    91 55 11 35 137 234 113 6 76 175 216 223 179 48 53 84 188 118 7 25
    135 53 149 23 62 217 207 111 117 217 65 92 110 199 226 89 219 246
    131 51 86 72 173 74 232 173 220 60 172 222 97 140 11 17 72 252 137
    125 62 27 51 42 88 204 134 167 187 248 221 94 63 25 85 140 191 223
    149 254 38 202 119 135 157 209 20 36 219 125 224 166 179 181 82 153
    184 29 95 186 225 103 43 53 23 92 247 25 201 180 126 209 251 217 129
    125 43 51 74 182 92 127 249 137 242 145 104 8 157 38 224 164 129 155
    122 192 100 238 141 203 48 107 254 27 127 165 151 33 62 250 82 210
    15 250 216 19 204 7 211 140 74 78 181 186 219 250 32 229 63 92 63 77
    61 166 215 30 58 151 161 229 79 226 249 250 48 202 101 136 180 173
    90 230 184 198 71 180 229 204 79 211 221 187 135 16 132 110 64 67
    243 242 196 173 109 136 169 102 79 77 182 101 176 57 3 107 251 26 97
    130 226 189 196 216 77 43 42 182 60 188 139 126 37 131 170 30 37 34
    50 188 81 107 1 26 99 174 252 39 62 233 227 50 3 198 34 189 216 72 5
    170 253 228 240 147 135 0 25 7 160 57 221 106 169 26 47 239 53 43 94
    62 6 10 95 188 101 97 139 160 235 146 161 178 241 100 164 225 156
    229 252 95 162 108 223 8 35 167 175 200 5 180 182 214 249 209 151
    242 38 167 158 228 28 94 111 38 131 206 84 184 144 33 175 222 221
    203 1 226 101 57 60 161 81 0 145 105 247 153 18 91 123 36 108 82 197
    143 234 132 137 248 42 112 198 212 101 98 121 72 194 210 250 162 207
    202 82 113 9 80 166 128 10 223 141 47 160 140 2 201 161 148 248 159
    233 78 187 175 38 156 76 11 3 195 35 249 156 202 129 128 50 147 104
    36 228 163 237 2 83 229 19 92 160 254 185 36 237 228 101 95 232 222
    114 51 209 193 74 102 71 106 50 68 129 91 188 123 201 47 159 107 184
    180 38 182 74 19 11 55 245 247 188 142 71 202 240 57 181 195 132 123
    179 64 153 228 10 243 213 253 56 109 123 4 125 9 253 254 204 99 169
    66 20 14 174 66 240 226 206 1 165 205 144 173 231 181 138 60 6 177
    235 53 3 154 217 219 120 218 21 192 125 45 16 205 55 217 64 72 136
    51 236 105 167 81 176 47 141 209 70 83 115 84 191 251 35 255 47 84
    168 47 71 127 28 44 49 76 5 7 75 116 129 181 194 106 75 116 80 139
    251 154 25 60 41 142 204 18 75 24 86 197 66 197 113 181 164 126 84
    80 178 130 149 138 130 175 21 35 25 72 25 105 233 45 11 250 211 105
    114 129 52 121 202 178 201 187 26 250 67 123 129 183 223 140 190 109
    251 156 191 94 160 247 97 1 35 162 215 60 230 29 20 148 168 18 243
    246 195 217 165 140 12 138 38 16 168 134 59 170 7 144 103 158 58 38
    139 27 144 120 25 21 143 4 196 242 207 96 18 5 169 213 130 148 223
    194 62 183 88 94 180 250 142 227 225 180 82 156 225 238 55 111 217
    43 134 82 175 90 115 138 66 161 170 45 97 218 134 234 170 165 223 49
    29 236 15 200 244 113 110 92 149 197 110 127 39 56 9 34 126 35 63
    250 193 120 52 30 70 123 233 26 81 50 79 155 116 35 149 165 217 107
    176 212 149 155 145 235 255 68 197 242 166 177 147 172 203 89 189 78
    36 210 109 181 116 15 197 113 82 198 39 132 175 135 192 55 224 58 54
    14 37 62 19 58 83 202 171 230 165 5 178 220 246 144 109 146 69 230
    227 233 189 19 237 85 7 141 54 224 251 40 183 170 151 7 50 151 184
    101 152 12 89 8 48 72 101 127 56 183 199 112 84 121 249 117 142 159
    179 190 30 9 17 48 185 47 128 126 217 207 153 168 49 138 117 234 88
    25 150 186 241 240 173 181 23 56 55 213 103 147 175 116 112 224 247
    81 134 15 49 60 95 218 97 68 28 179 4 131 45 141 166 101 29 233 57
    54 54 214 30 92 43 199 234 193 108 23 27 99 246 34 189 120 79 72 141
    38 54 127 1 237 215 67 237 153 177 237 61 164 147 178 41 233 201 123
    33 53 80 177 190 22 215 116 58 248 229 18 111 108 141 99 182 159 25
    222 120 70 23 148 163 249 16 56 168 0 236 167 68 82 47 243 85 183 59
    142 190 22 248 7 192 110 43 115 171 226 128 148 54 147 116 132 221
    66 199 91 45 206 120 177 19 55 134 84 221 120 80 214 183 34 60 166
    243 37 162 98 60 223 2 239 43 109 218 225 28 219 26 184 251 232 175
    122 231 196 68 2 98 213 188 35 117 91 145 2 205 153 126 76 95 188 92
    102 116 174 6 138 112 219 136 171 107 136 157 166 205 194 148 78 100
    192 41 195 161 193 215 73 114 152 46 174 178 86 111 14 125 125 150
    13 219 172 42 194 105 152 149 213 44 250 232 39 208 151 202 167 65
    242 130 233 96 104 129 251 255 223 123 112 57 0 27 104 58 232 62 53
    103 111 125 35 19 79 246 74 67 189 74 46 214 121 74 122 2 98 148 12
    191 7 199 100 202 6 249 227 92 37 202 242 166 186 13 215 90 110 1 96
    233 169 107 118 128 230 89 40 233 31 252 131 34 111 168 97 89 106
    233 188 94 236 216 103 57 123 52 228 196 182 110 37 59 72 136 254 22
    41 19 184 215 40 224 252 33 225 245 151 217 82 1 90 223 249 217 53
    30 145 77 67 182 196 192 154 209 223 167 145 9 161 156 190 214 118
    218 234 166 84 254 239 58 74 67 67 181 34 85 3 144 49 132 49 125 236
    255 195 149 230 58 27 186 21 52 172 172 148 157 129 52 107 247 221
    251 11 156 153 107 46 190 74 158 101 171 32 220 208 90 233 218 93 35
    226 121 186 156 173 214 84 77 91 190 227 216 81 246 228 214 134 70
    116 216 86 151 45 103 9 104 94 9 25 66 48 150 158 6 175 12 47 76 235
    112 58 217 132 187 168 209 247 197 61 73 241 159 16 139 187 108 213
    247 35 26 66 168 26 173 161 105 179 131 209 18 87 37 153 249 210 186
    20 132 160 171 198 136 111 93 150 232 103 231 244 70 134 32 242 22
    33 233 209 157 66 28 186 196 34 14 123 37 157 180 104 54 156 66 235
    76 225 213 25 181 248 81 174 245 77 250 39 30 93 66 140 194 158 192
    69 97 62 172 192 249 209 92 184 21 16 241 183 102 81 149 104 13 179
    200 94 146 145 178 94 56 11 29 96 202 135 21 91 23 91 68 90 251 220
    225 0 203 68 149 66 238 54 63 234 110 70 217 237 176 135 242 24 152
    189 231 142 185 80 248 51 54 148 5 175 134 24 56 250 229 132 95 250
    79 12 31 55 51 143 52 171 226 10 111 222 184 33 47 229 28 31 220 145
    6 115 195 120 249 43 9 249 249 64 191 197 237 96 94 214 197 173 64
    17 193 122 21 27 121 92 137 155 104 235 42 70 159 254 33 156 248 98
    247 51 31 93 95 229 18 38 194 251 30 160 41 151 59 70 16 108 37 80
    230 134 75 246 226 79 112 36 98 171 187 98 244 106 15 175 240 201
    192 222 129 251 113 29 74 161 119 239 250 160 207 27 25 39 26 23 200
    56 67 246 15 158 52 109 104 18 173 249 97 243 94 96 206 128 208 74
    121 138 26 46 195 182 233 164 33 173 128 225 167 196 4 197 38 193 1
    146 99 164 42 121 230 142 47 35 155 214 55 52 206 27 112 188 227 197
    118 81 75 199 194 110 97 5 34 169 163 214 175 121 98 65 255 30 28
    237 95 105 62 11 100 206 126 111 178 250 71 26 60 20 175 106 22 59
    234 19 210 214 221 157 202 113 187 85 170 142 31 32 44 33 96 148 30
    214 143 225 93 212 175 192 184 115 156 187 187 184 254 73 126 140 86
    185 49 76 121 160 4 169 252 24 231 99 212 194 154 47 2 53 112 104 82
    142 137 162 146 212 221 102 79 68 106 43 103 150 194 133 37 103 54
    111 200 246 211 29 38 57 199 9 66 167 40 106 192 121 254 0 155 172
    55 208 2 116 8 77 139 203 152 141 178 247 150 168 132 151 204 229
    124 245 141 229 224 163 213 69 79 99 114 139 111 175 8 235 163 30
    185 197 98 215 27 166 143 154 59 242 90 112 94 181 160 233 46 92 128
    101 110 236 136 188 116 65 71 114 53 190 119 55 58 64 24 15 117 172
    216 43 153 54 150 88 84 15 39 95 105 137 7 78 96 95 139 219 232 120
    158 61 177 209 239 6 226 106 197 81 171 157 99 206 112 200 61 90 122
    191 160 6 15 219 219 18 52 185 107 57 165 255 233 236 149 94 74 184
    183 169 227 121 96 19 69 140 88 156 3 108 121 201 71 223 220 231 60
    177 209 246 179 129 86 90 200 138 238 61 179 239 206 233 25 2 227
    201 144 28 143 75 161 180 216 150 105 170 53 103 198 139 29 3 245
    146 4 38 116 225 82 198 186 130 214 204 203 110 6 17 156 91 176 217
    152 90 55 112 77 17 179 40 207 220 115 29 169 57 83 251 106 36 179 5
    182 68 225 25 174 5 176 94 207 37 253 211 137 126 69 95 74 166 238
    65 111 6 58 214 170 177 1 44 152 84 7 206 128 158 65 67 204 206 37
    202 175 48 223 73 174 65 163 121 119 92 59 228 130 231 80 94 143 85
    0 191 66 95 192 136 112 220 207 214 231 36 138 10 213 83 210 130 37
    21 70 118 7 72 225 67 195 178 17 186 24 113 162 68 116 234 107 73
    159 96 252 238 76 252 140 5 35 233 134 91 160 152 108 12 182 49 101
    99 127 154 3 156 121 202 134 234 163 210 161 236 106 233 80 116 145
    119 250 219 178 237 127 201 134 58 10 28 241 237 103 7 122 88 147
    156 182 38 45 22 168 103 91 194 193 63 129 72 164 204 171 53 7 148
    132 11 144 53 49 34 28 17 62 23 82 162 22 96 11 239 95 250 107 79 19
    186 57 105 151 226 231 238 18 57 226 114 180 251 1 92 112 10 30 29
    76 108 254 43 189 238 193 126 237 199 18 246 76 184 74 38 120 182
    131 77 110 102 95 67 119 84 147 150 107 107 9 46 132 149 65 26 89
    105 130 59 158 145 50 0 88 220 224 175 6 173 215 77 18 118 93 129
    131 200 57 252 139 16 124 240 121 212 9 14 83 211 135 196 237 89 17
    171 111 104 91 220 231 43 41 214 240 40 30 181 228 82 191 31 15 121
    69 48 65 188 1 50 150 190 172 26 1 132 219 63 128 126 188 240 154
    232 180 171 21 218 92 2 27 105 163 169 22 21 247 217 133 163 184 53
    193 38 139 105 44 82 3 165 86 41 21 250 158 242 253 15 45 0 35 140
    122 97 4 181 195 151 200 120 40 103 12 59 173 186 88 178 150 212 125
    9 137 109 252 85 239 129 35 176 213 84 213 113 19 178 92 213 118 39
    140 215 121 205 172 115 214 246 1 242 176 113 94 181 27 84 165 0 154
    32 129 128 110 38 45 43 95 243 78 167 193 172 114 39 118 75 6 1 115
    112 184 129 138 55 252 121 230 84 21 38 13 205 142 231 188 33 1 120
    182 177 230 109 127 34 229 1 105 40 30 159 164 160 123 140 136 79
    156 78 181 63 143 95 255 95 1 115 230 203 152 10 208 183 241 237 90
    67 253 139 31 132 211 18 242 40 188 155 200 192 254 110 8 183 189
    162 180 132 203 239 253 223 96 184 75 31 51 202 23 186 89 185 5 193
    52 200 66 74 172 68 1 26 213 71 242 79 56 216 224 239 83 155 180 21
    215 96 41 59 183 67 6 130 8 38 214 171 193 215 32 33 144 17 217 181
    137 100 213 254 34 56 69 160 211 41 229 190 169 248 119 98 94 86 141
    224 46 84 138 30 31 153 7 209 158 137 193 238 62 152 92 228 188 135
    70 41 247 63 245 71 120 144 32 213 216 115 115 254 219 95 35 39 162
    72 23 235 9 114 209 37 101 179 119 37 152 84 148 227 173 82 63 118
    65 45 181 232 246 134 61 181 16 138 203 71 161 15 8 174 231 211 153
    0 122 130 144 25 35 114 181 46 56 81 161 21 123 43 201 164 141 229
    234 43 227 45 113 67 11 2 158 196 211 172 17 51 44 26 29 131 64 206
    155 162 189 118 189 219 112 237 131 200 10 138 159 157 115 182 132
    69 118 46 228 240 233 57 85 169 117 16 169 116 40 97 247 248 62 238
    52 126 189 147 226 8 9 99 225 229 171 11 239 67 5 217 217 126 156
    206 138 181 4 217 184 56 180 113 44 171 179 42 2 114 77 84 163 218 3
    102 124 121 144 129 16 177 16 87 254 36 180 107 62 102 71 94 66 39 7
    237 171 145 32 251 43 112 137 206 247 189 217 109 10 57 9 79 129 59
    103 203 36 183 110 199 37 114 64 82 68 103 40 211 234 32 2 121 208
    51 41 35 90 124 45 4 116 72 28 173 206 201 184 235 42 207 210 140
    207 182 68 150 35 72 225 126 130 32 7 78 125 51 225 56 81 147 34 95
    120 83 105 6 183 183 45 34 105 145 21 136 140 9 15 74 74 26 178 50
    126 140 38 75 213 77 1 172 251 92 113 1 18 141 243 149 60 166 229 51
    244 195 110 112 42 86 122 5 58 192 118 215 246 206 143 218 104 155
    33 54 129 184 242 238 205 13 18 199 235 29 52 167 2 212 122 117 147
    241 106 213 205 92 178 254 234 88 66 42 121 209 139 215 138 182 57
    107 29 81 211 238 167 215 188 130 128 218 118 228 247 88 107 39 245
    179 237 23 109 135 101 163 88 164 93 168 212 67 81 26 172 9 216 40
    156 34 7 63 110 20 169 4 247 218 177 101 218 5 238 239 191 2 211 110
    135 246 248 139 189 177 192 157 160 223 129 11 227 87 231 77 235 225
    11 22 100 27 53 1 72 202 123 48 240 10 149 120 57 43 33 185 38 249
    247 94 36 102 233 110 137 166 145 246 165 13 92 20 3 126 148 135 222
    76 3 183 189 70 246 234 118 93 245 156 165 10 157 56 24 201 15 0 205
    73 48 15 186 119 239 5 133 37 40 140 104 90 144 25 131 88 27 90 29
    74 83 225 119 233 109 175 29 158 93 242 56 78 14 87 42 106 157 89
    158 205 245 132 109 209 230 64 97 96 195 110 149 243 181 208 30 213
    97 57 170 222 2 96 96 108 179 143 78 233 165 8 201 172 63 5 11 89 40
    26 132 183 206 54 119 199 228 55 129 163 129 59 50 190 61 224 69 22
    249 26 229 227 197 141 65 113 95 24 220 94 0 61 58 71 121 22 218 172
    181 185 14 28 98 82 141 125 54 84 180 223 68 42 166 252 40 8 128 64
    37 81 255 190 207 122 1 65 107 122 180 150 170 176 194 181 243 203
    230 31 222 140 241 200 99 214 122 28 132 106 237 10 24 66 145 111
    199 144 188 22 182 244 131 164 144 62 160 19 207 178 108 65 185 33
    94 51 130 92 176 44 201 203 119 216 40 155 73 210 52 46 162 110 207
    73 235 148 143 112 245 235 154 129 183 237 190 207 255 57 26 57 155
    71 169 118 201 72 210 23 201 241 228 84 84 201 2 42 178 40 246 245
    237 134 229 105 106 74 251 160 78 121 94 222 65 51 231 62 85 184 123
    74 53 159 8 179 231 2 45 34 164 32 87 234 132 195 134 226 224 28 154
    215 245 100 250 251 225 94 48 174 178 173 76 200 41 156 226 81 59
    213 144 189 8 243 10 91 220 212 52 17 243 138 206 244 91 215 73 26
    179 78 244 169 246 86 133 253 184 72 47 211 83 241 23 164 7 159 121
    67 111 190 24 53 110 228 91 75 105 148 124 117 41 21 45 75 124 117
    246 189 133 212 121 13 39 135 226 128 153 184 199 186 131 189 210
    170 91 202 225 107 24 140 30 34 70 51 228 71 43 29 14 158 82 163 32
    189 20 230 225 60 51 43 31 115 7 83 131 209 84 166 152 158 22 20 32
    84 234 112 58 140 10 207 28 223 104 74 162 6 10 71 16 237 250 128 0
    192 77 47 78 133 92 167 123 103 59 221 117 173 230 222 6 89 106 200
    70 117 53 133 175 76 3 79 35 113 6 69 9 183 60 60 62 246 77 219 251
    83 241 154 97 44 86 8 123 101 166 32 59 19 25 201 49 217 152 144 131
    132 7 112 20 182 254 88 88 222 235 149 240 128 39 96 209 119 217 212
    254 148 129 187 219 107 151 248 82 221 88 173 32 153 77 251 150 93
    56 42 133 15 0 190 16 25 173 68 46 69 163 2 63 47 12 23 174 7 207 71
    123 25 58 104 249 230 6 61 8 104 240 129 96 244 196 160 246 188 211
    19 4 31 201 20 254 201 15 44 129 25 101 173 166 22 73 72 39 244 155
    33 107 82 52 195 21 0 215 236 14 37 228 127 42 201 90 205 41 200 177
    206 68 120 147 148 71 102 112 22 14 26 126 219 248 223 52 102 224 41
    142 163 70 202 251 14 144 48 227 42 87 55 159 10 242 131 158 12 91
    156 18 190 68 252 210 77 61 62 217 78 204 174 8 204 58 178 153 68
    172 82 14 240 189 159 97 37 222 164 226 134 232 30 126 177 188 226
    197 146 253 175 203 218 3 194 154 70 97 60 251 21 36 70 128 28 59
    125 79 240 216 7 177 53 73 88 35 166 202 120 141 206 99 54 14 210
    155 154 63 198 129 194 28 87 42 48 85 28 217 141 195 235 15 0 95 17
    86 159 12 219 132 208 30 7 93 168 189 54 249 39 79 9 174 35 233 60
    154 171 192 234 132 49 218 83 161 193 204 154 101 246 207 42 205 94
    96 41 114 11 100 248 3 35 131 205 235 242 68 52 225 74 193 235 78
    172 144 141 92 133 24 86 227 253 114 83 103 198 6 113 143 164 66 245
    46 71 9 207 127 219 10 175 76 240 83 222 255 162 166 145 107 88 228
    29 113 83 175 112 212 145 233 81 219 109 246 54 255 136 111 242 74
    77 99 142 216 182 18 151 214 32 172 236 138 147 149 198 31 123 93
    126 199 222 118 43 241 129 78 192 76 49 198 123 145 252 253 246 20
    150 77 246 131 205 128 222 227 213 150 234 188 2 60 225 108 4 39 177
    198 215 57 147 40 169 55 180 201 144 51 128 36 238 58 251 244 235
    146 145 237 222 167 229 80 188 65 229 62 200 199 22 185 62 208 91 49
    44 2 220 113 37 68 32 224 189 75 33 71 12 205 112 60 142 132 161 32
    240 201 197 210 228 20 30 162 192 200 192 199 220 95 159 95 203 10
    36 215 2 255 67 4 163 235 99 248 202 42 71 65 217 22 232 58 179 234
    154 36 8 208 252 185 246 91 202 29 79 176 92 17 128 217 33 142 83 22
    197 59 67 244 149 253 222 45 196 35 79 179 240 146 163 117 222 157
    39 49 201 155 78 153 141 93 114 161 20 75 2 187 3 111 154 167 195 5
    12 52 2 190 54 164 193 186 148 122 156 159 196 218 9 255 169 115 255
    22 160 145 156 213 15 186 27 209 212 162 222 4 64 251 156 134 234
    114 196 208 63 99 60 154 229 61 176 159 159 170 189 13 83 109 95 130
    134 130 193 91 16 165 111 216 48 209 27 25 253 122 173 137 24 207
    242 235 9 133 252 217 2 82 84 133 111 148 226 194 29 108 220 204 21
    49 138 174 14 76 52 117 161 121 39 190 46 178 218 9 232 18 42 23 79
    194 154 157 183 162 23 113 113 18 183 122 157 81 194 6 135 163 201
    13 198 131 228 144 27 120 251 82 0 98 107 192 87 252 143 121 52 44
    54 138 243 107 227 15 30 228 116 16 221 194 146 27 193 99 111 241 24
    137 41 33 100 83 171 66 197 96 181 97 111 113 163 222 132 66 81 184
    102 27 71 182 186 223 53 223 211 175 39 125 151 236 235 193 106 18
    60 202 107 71 154 21 11 112 22 129 241 111 220 7 107 69 99 15 234
    149 173 194 197 83 67 95 245 209 73 244 37 194 191 118 132 228 144
    87 94 36 171 3 149 209 203 171 150 130 60 119 131 24 95 40 165 194
    14 190 54 136 154 7 213 143 77 156 63 147 113 222 90 244 115 120 43
    116 225 181 136 82 30 254 178 66 241 102 174 188 113 34 156 222 13
    183 49 188 107 141 204 15 142 169 129 228 255 155 230 106 135 229
    172 164 129 11 103 247 166 154 232 239 179 81 167 33 222 38 211 112
    4 203 139 209 107 247 92 130 82 90 216 97 52 148 249 165 160 183 189
    55 116 236 190 92 172 175 127 59 166 76 48 233 27 158 19 176 104 37
    174 105 45 72 155 24 189 23 136 196 9 138 222 85 223 95 222 216 107
    212 232 106 174 204 223 247 60 79 99 145 153 122 167 165 108 41 151
    45 74 165 35 175 219 204 187 41 53 151 73 125 227 170 220 16 238 197
    15 110 172 183 20 188 236 56 229 153 3 33 110 0 54 157 10 56 92 209
    234 75 47 234 30 162 207 153 244 188 71 38 48 248 18 178 99 59 167 3
    220 18 139 2 178 185 104 169 110 114 44 67 128 104 86 45 200 69 109
    40 218 0 112 238 165 52 142 45 20 104 188 121 103 215 180 198 79 232
    194 242 34 4 149 79 67 60 50 156 21 84 237 144 253 190 107 17 208 24
    222 253 102 25 90 122 228 115 159 165 5 71 205 253 199 47 82 63 72
    135 198 193 210 108 49 160 20 196 153 82 87 240 24 237 37 114 109
    165 35 162 112 158 225 218 33 46 224 231 250 83 248 230 84 140 141
    201 26 185 113 101 197 80 223 113 63 160 207 233 183 39 2 83 240 89
    53 4 127 247 107 190 216 129 67 37 112 88 169 124 49 100 131 195 125
    200 210 11 235 221 30 38 218 171 82 189 215 91 77 253 119 178 9 105
    167 166 79 3 112 126 131 31 180 59 206 181 17 33 0 11 151 171 70 198
    56 242 241 159 131 172 44 108 48 99 204 119 215 127 13 10 34 205 11
    207 98 186 231 27 142 224 5 75 238 20 19 34 78 32 41 181 51 89 86
    159 126 231 23 169 58 223 249 123 211 44 85 60 243 27 207 51 56 132
    52 161 70 73 52 151 28 185 237 148 113 38 99 0 220 94 247 217 98 238
    220 165 236 209 76 88 177 143 25 18 88 88 192 193 238 185 226 2 44
    156 54 216 192 120 39 162 224 103 39 34 45 18 20 192 76 190 1 118
    211 211 159 119 173 199 132 118 147 39 251 41 181 94 56 92 117 101
    20 54 222 166 64 169 230 132 33 242 6 173 110 148 231 128 130 232 77
    86 187 157 243 36 28 82 57 244 36 48 183 45 138 205 117 70 204 45 97
    192 85 63 9 66 7 31 83 208 115 58 1 243 153 220 247 139 234 36 74
    191 254 180 124 114 239 124 222 6 168 118 215 4 1 215 78 125 226 182
    42 72 254 241 133 193 133 237 77 63 117 99 74 163 86 76 140 52 48
    188 130 6 175 214 166 210 213 82 235 34 217 99 234 228 36 111 8 130
    96 2 39 111 205 149 41 129 233 112 202 1 109 200 41 90 39 138 179
    154 217 88 160 227 104 22 131 37 252 97 29 73 83 143 110 153 174 67
    18 180 53 7 126 229 203 14 95 128 182 254 238 240 127 52 28 81 189
    88 75 240 143 246 108 195 14 108 208 227 210 148 225 100 79 87 245
    25 205 120 157 74 2 25 125 59 185 198 103 19 65 57 30 61 25 182 34
    53 134 49 50 195 189 137 157 60 58 109 55 5 236 81 117 239 176 115
    102 135 191 134 66 201 33 231 2 75 15 18 200 169 58 228 58 67 174 51
    121 101 101 1 188 94 24 167 35 250 52 101 200 73 115 137 83 155 101
    62 68 226 191 225 69 4 61 209 114 162 237 132 142 89 15 76 211 136
    20 3 52 165 101 109 211 55 164 159 158 85 3 77 109 15 238 8 209 13
    197 23 38 50 34 9 143 111 33 211 29 12 127 50 29 91 133 250 171 90
    140 16 175 227 143 215 157 162 200 176 129 213 100 108 87 93 174 104
    251 207 109 46 163 6 0 4 214 43 180 225 87 124 136 155 133 237 177
    151 105 113 91 158 172 246 94 192 90 242 253 42 70 230 85 113 164
    184 82 74 120 233 229 162 171 16 223 66 116 215 52 64 114 237 198
    151 4 115 233 248 218 84 195 193 175 103 119 30 18 238 184 37 82 122
    67 33 240 250 178 19 89 56 90 93 61 226 81 178 73 241 57 193 40 34
    117 186 82 199 0 120 65 35 26 47 64 251 4 12 79 140 200 103 92 213
    48 183 5 228 178 16 199 129 10 124 39 118 195 176 209 150 53 210 28
    214 66 48 182 39 37 88 166 161 101 20 51 84 207 6 126 132 253 165 37
    112 192 55 103 98 244 170 151 231 2 101 129 132 156 253 47 227 13
    101 213 120 229 183 235 144 26 99 218 95 61 41 201 82 55 127 196 161
    161 156 175 53 120 202 235 34 105 187 25 212 199 254 46 53 183 90 3
    137 27 2 210 116 196 178 134 248 146 38 233 27 46 254 243 31 87 126
    54 211 10 220 97 209 231 140 49 169 70 123 80 5 227 199 28 31 39 224
    112 118 72 108 220 86 143 191 14 123 85 211 19 131 33 226 191 154
    155 65 44 93 53 181 78 164 144 132 139 37 27 204 123 42 86 222 209
    15 253 99 138 247 9 249 172 242 9 145 82 80 15 205 218 101 124 175
    109 228 190 253 110 9 202 52 187 169 171 9 150 189 141 227 69 27 37
    181 69 103 163 215 83 132 245 142 236 244 75 81 35 19 100 253 199
    254 193 133 248 152 203 175 254 238 216 0 58 83 224 119 129 11 11 27
    63 85 223 148 201 22 107 75 253 213 210 63 125 157 98 17 195 138 104
    232 45 171 151 160 210 232 144 134 124 255 26 163 28 162 220 81 87
    179 93 40 105 168 206 137 131 243 46 158 111 126 224 176 253 131 95
    248 10 69 142 226 217 151 145 124 5 197 129 157 82 132 73 35 240 151
    245 103 78 180 161 15 229 221 12 121 117 191 211 54 135 41 125 242
    17 137 86 21 130 56 183 106 106 152 177 242 65 221 114 194 201 234
    99 90 176 82 185 103 226 119 46 233 170 75 96 233 108 115 250 139
    129 88 78 60 165 160 197 238 203 233 237 91 144 53 52 177 58 5 86 36
    143 22 126 212 224 130 19 72 215 127 142 95 223 226 206 218 151 206
    91 199 62 16 210 61 71 233 16 119 31 96 75 157 108 155 52 110 189
    205 68 30 136 96 161 238 67 131 116 89 42 117 52 170 21 215 112 203
    20 124 205 128 158 68 54 45 198 188 112 48 14 182 249 237 231 187
    147 105 232 128 13 46 76 3 218 228 252 0 39 220 57 91 215 234 243
    230 51 245 183 196 222 199 132 114 150 147 223 208 118 194 197 175
    105 137 131 77 40 19 145 24 10 214 21 210 39 218 232 26 134 198 199
    92 73 208 165 166 58 223 245 245 81 11 206 113 20 219 222 79 123 19
    181 5 200 254 83 128 116 32 144 247 170 69 43 65 83 98 136 12 152
    254 248 20 154 243 189 15 11 122 220 73 65 239 199 229 153 91 244
    107 218 83 113 88 39 8 48 131 220 21 100 210 16 242 183 236 211 177
    192 63 151 90 197 18 65 100 185 222 32 227 53 27 41 254 202 163 107
    185 177 68 184 211 207 81 32 155 227 45 38 6 23 76 135 202 32 96 85
    67 156 88 199 17 71 43 189 248 140 170 214 94 45 166 255 65 127 85
    74 74 100 116 56 248 195 159 221 83 75 205 33 37 176 124 126 4 112
    223 122 106 8 176 32 46 51 94 147 234 105 125 119 234 95 89 122 214
    81 10 22 155 212 91 196 102 179 8 216 13 248 121 238 121 175 45 241
    77 218 172 100 140 71 255 1 112 80 184 105 72 64 206 181 254 21 39
    213 73 232 214 154 61 242 226 216 51 149 180 135 107 27 159 20 169
    253 190 64 76 129 36 156 192 126 234 231 37 58 215 134 170 43 228
    135 26 86 100 125 10 27 100 151 1 44 108 113 112 145 75 162 129 222
    190 72 81 248 160 254 212 240 202 12 246 96 38 150 206 175 240 237
    130 227 175 196 172 61 148 135 127 4 179 43 164 119 117 150 185 86
    151 201 62 251 224 135 171 80 177 247 1 224 247 68 166 61 191 149 44
    207 10 13 112 115 148 221 199 133 166 5 220 219 20 41 92 98 117 236
    155 204 25 30 181 50 147 142 71 108 23 110 71 150 132 83 6 71 134
    183 193 55 45 180 99 86 202 232 182 19 101 48 167 206 25 6 56 142
    243 9 24 185 53 217 127 235 59 25 134 35 76 247 225 128 40 193 156 9
    154 212 164 196 110 24 224 247 228 220 245 169 158 68 129 228 107 11
    72 130 222 161 37 72 222 57 9 195 167 110 85 195 78 34 91 107 214
    161 112 46 142 242 192 234 2 0 81 55 91 209 77 80 230 136 9 30 4 144
    201 170 190 216 173 12 157 126 251 197 202 54 184 74 8 234 20 20 162
    49 191 127 246 209 0 40 42 47 165 88 184 200 209 201 210 247 14 254
    90 23 207 230 144 31 162 255 129 176 203 210 105 34 218 96 197 119
    20 32 47 41 132 218 79 142 195 110 11 63 3 85 69 150 159 42 117 191
    195 134 232 224 207 149 216 128 223 217 110 10 253 119 104 105 67
    127 220 45 88 47 136 175 186 215 193 152 141 191 252 222 75 158 199
    195 246 63 180 76 211 124 42 127 61 21 61 208 245 16 237 142 189 36
    11 145 114 146 192 166 230 131 220 2 194 240 236 74 187 194 224 192
    213 2 195 208 229 249 42 87 114 237 28 40 215 147 137 244 15 224 90
    146 68 97 5 117 179 94 123 4 209 27 248 9 0 137 58 171 220 44 239 19
    246 238 223 21 164 26 7 166 120 208 38 191 121 138 170 168 47 34 90
    143 52 124 221 9 202 197 125 133 137 217 173 64 142 95 20 132 23 20
    106 92 148 30 167 91 26 19 100 117 57 100 146 133 198 248 86 40 135
    45 219 191 72 58 130 100 20 244 99 27 45 80 174 139 103 37 115 75
    161 190 194 253 12 240 28 100 61 130 253 194 200 127 92 45 206 51 85
    122 38 135 11 54 247 205 177 26 82 29 202 249 208 182 76 172 231 57
    27 213 169 146 98 137 215 57 207 26 227 233 152 56 69 79 72 233 204
    237 87 164 206 253 208 115 162 115 96 253 112 77 169 7 40 131 211 73
    54 128 65 188 199 18 5 212 237 193 252 91 185 163 202 117 226 146
    245 210 223 155 60 189 13 118 24 5 163 53 80 5 185 22 238 89 251 114
    196 106 51 121 29 239 7 52 27 96 114 127 199 195 187 54 84 246 154
    49 83 142 15 17 51 15 45 77 76 156 187 166 163 65 80 114 116 161 80
    49 24 56 252 165 68 203 69 67 72 172 6 37 238 215 214 109 41 27 95
    55 38 62 210 194 159 247 74 59 135 18 189 3 140 60 69 212 100 152 50
    155 184 65 92 207 79 42 204 201 173 235 219 144 15 220 253 15 16 80
    46 8 120 51 55 126 207 78 134 57 92 219 14 151 63 128 213 248 15 43
    236 114 162 236 221 227 159 34 125 84 56 64 95 27 54 79 68 71 90 7
    34 28 162 233 109 134 181 180 202 75 117 209 179 172 214 144 80 118
    86 96 75 99 69 93 24 127 252 238 73 143 93 220 145 155 199 172 192
    89 85 135 44 232 214 8 7 71 62 186 127 220 49 167 37 44 19 208 1 188
    14 226 5 211 76 141 104 108 12 220 15 221 5 93 203 244 202 170 131
    199 193 104 72 91 149 174 78 18 112 48 198 203 242 245 201 23 252
    164 40 196 2 112 121 50 204 23 197 45 228 245 12 174 43 11 23 95 105
    183 148 176 97 163 201 159 97 175 41 16 129 67 69 124 115 232 58 72
    2 108 0 175 180 241 81 202 120 202 171 28 71 203 187 101 73 235 56
    131 89 137 212 36 47 106 145 37 114 86 6 129 163 162 41 88 150 121
    192 246 196 235 241 163 69 144 35 202 14 70 36 158 67 167 248 197
    151 189 60 143 183 179 211 197 45 25 180 165 125 116 174 168 179 99
    79 113 8 227 71 181 69 237 115 238 116 122 14 17 43 253 178 173 120
    196 4 7 49 124 34 96 34 40 237 78 201 181 42 57 60 149 238 128 19
    144 59 94 232 6 191 16 192 5 155 85 174 173 196 197 162 114 174 105
    126 160 202 124 202 40 120 49 131 231 48 153 87 91 166 246 249 132
    200 78 147 183 182 127 99 199 179 135 20 180 86 72 174 135 138 143
    146 126 217 103 196 37 145 75 249 174 54 165 68 115 91 42 137 174 23
    227 232 224 53 220 211 172 99 101 147 17 50 71 236 50 63 66 28 99 71
    116 155 83 63 234 158 39 181 207 95 255 110 222 7 163 227 70 9 174
    91 139 187 90 215 182 96 46 168 111 97 213 110 129 77 107 254 209 17
    99 229 20 119 232 22 43 40 126 87 28 18 66 213 230 105 81 203 74 228
    136 27 45 191 0 167 65 77 188 142 136 58 44 2 183 163 62 226 147 140
    230 163 72 10 240 106 36 44 2 232 207 169 182 11 36 60 186 75 101 32
    192 178 85 125 82 98 35 38 242 154 31 72 42 92 177 192 108 81 216
    193 178 121 95 158 15 37 146 58 63 244 78 14 253 251 214 115 118 182
    251 210 113 181 195 60 190 223 54 250 221 218 89 89 176 32 44 36 149
    130 82 92 87 109 119 33 236 180 226 7 123 80 90 65 234 72 145 120
    157 3 213 197 42 116 69 139 25 31 208 82 124 166 92 30 58 148 210
    108 24 126 67 119 116 38 213 115 111 70 101 62 219 216 213 231 217
    184 157 131 223 180 220 184 132 175 19 157 53 124 100 132 183 79 82
    137 108 2 118 152 211 153 73 85 157 173 33 162 66 234 203 127 199
    113 5 13 86 150 28 225 245 160 11 53 85 119 73 96 162 238 95 21 67
    251 68 246 171 243 19 30 87 115 231 113 0 237 56 188 194 173 84 31 0
    144 196 97 74 106 191 99 150 101 153 34 134 27 235 92 200 16 91 68
    72 196 94 30 237 167 156 37 122 137 213 21 140 159 0 152 165 164 89
    38 247 122 45 26 12 169 77 76 233 200 190 86 127 20 123 158 26 55 27
    49 121 174 115 202 205 33 99 252 209 202 182 223 242 69 192 195 119
    202 13 128 117 169 241 46 165 238 240 209 61 221 211 31 21 158 109
    130 153 107 114 218 141 219 53 249 105 9 138 3 118 218 136 127 17
    196 76 254 80 99 173 210 86 38 119 47 191 227 240 121 73 240 131 45
    240 43 74 29 59 157 22 80 116 16 156 213 101 61 171 108 238 136 109
    58 245 46 46 80 200 40 234 28 176 135 227 197 49 93 182 184 233 1 30
    228 184 148 94 103 173 132 178 83 25 78 24 241 209 97 119 146 19 227
    183 87 140 34 180 97 163 89 233 239 246 59 163 242 175 239 191 148
    247 63 139 120 160 201 52 37 31 127 77 241 235 77 229 217 192 190
    234 238 182 202 123 225 25 222 178 200 13 25 175 189 84 250 88 164 6
    219 228 134 56 196 124 27 224 108 88 95 45 141 86 209 224 47 130 88
    205 44 185 96 171 15 214 87 18 20 76 23 139 221 86 10 156 224 221 66
    23 208 241 218 245 133 107 207 94 114 156 210 38 87 156 184 66 206
    100 186 230 190 246 168 183 53 208 132 44 189 201 216 96 254 167 42
    135 44 200 13 140 64 160 217 50 254 9 9 29 101 8 9 88 21 85 156 243
    59 254 139 150 114 131 137 169 111 29 63 40 27 69 145 101 172 63 18
    118 181 225 39 89 236 185 225 61 46 61 64 109 102 44 127 246 83 118
    46 246 233 243 7 11 104 153 179 46 148 165 161 210 168 64 14 10 60
    62 40 93 97 238 39 174 5 224 243 58 84 125 69 63 32 59 5 201 61 171
    76 170 183 30 41 76 202 104 169 92 59 231 180 229 91 232 220 87 242
    100 161 17 232 73 25 183 100 82 194 239 143 185 157 91 251 41 156
    173 211 47 242 1 130 188 59 145 195 188 28 28 31 157 241 30 6 237 22
    115 224 77 10 159 136 95 63 204 209 175 28 89 83 168 155 21 26 135 3
    53 191 121 188 243 183 41 219 153 196 85 21 60 135 142 110 41 219 81
    236 116 221 63 245 105 82 216 11 60 107 251 11 0 227 138 65 100 101
    212 45 89 104 172 0 179 153 110 197 196 105 118 183 38 245 54 156 16
    105 53 49 19 54 35 134 180 98 174 193 249 201 90 45 49 19 191 137
    119 225 236 162 141 9 78 66 65 184 110 84 166 89 223 173 228 220 30
    92 252 56 88 109 17 99 212 226 225 251 210 65 200 195 250 249 53 174
    142 235 39 32 101 138 136 226 103 25 228 172 85 48 193 218 243 137
    207 37 125 173 98 235 57 164 69 139 79 177 66 242 50 60 171 242 219
    71 50 222 228 119 247 225 218 148 155 191 251 205 105 83 108 70 93
    191 18 171 87 209 233 98 148 87 100 187 99 168 32 109 230 119 121
    242 93 73 137 45 124 138 192 239 81 162 191 51 117 141 174 115 255
    58 127 95 181 168 183 235 122 124 144 116 151 83 98 36 36 126 92 189
    168 28 137 56 200 147 104 192 48 241 70 74 54 239 111 235 244 87 50
    242 229 134 85 215 61 145 185 113 107 111 61 219 139 168 25 212 77
    35 253 43 168 135 42 178 19 99 31 181 141 136 252 172 72 29 2 77 43
    118 223 111 92 92 175 208 87 93 177 62 195 215 204 20 242 46 57 69
    238 2 29 227 160 176 246 162 23 29 141 23 195 92 115 140 163 145 52
    236 244 65 175 213 239 88 115 159 7 151 237 15 129 212 7 14 251 75
    173 230 5 24 135 239 176 222 124 58 15 241 148 200 172 170 114 130
    127 34 81 211 252 215 66 165 251 207 17 98 109 221 38 175 16 87 18
    84 117 155 43 247 243 230 35 112 114 112 51 113 104 6 75 217 114 84
    198 65 48 222 43 79 240 168 59 124 11 131 127 76 213 237 213 172 62
    33 238 164 85 80 4 110 239 136 22 180 200 49 86 101 175 181 120 249
    122 93 79 13 254 137 48 89 41 204 172 83 187 239 71 100 251 203 173
    52 139 141 175 0 48 177 226 154 118 184 218 210 247 203 28 29 191
    148 65 140 103 199 81 150 133 225 169 225 165 175 88 108 7 30 211
    115 44 159 165 191 146 110 43 197 205 173 58 223 23 246 38 134 18
    160 209 254 151 44 156 91 35 78 155 49 113 144 187 122 133 19 25 136
    195 73 70 32 90 72 60 4 194 182 199 151 36 156 83 23 82 19 177 30 17
    61 48 245 212 25 114 216 42 111 97 61 123 182 5 241 56 72 149 235
    157 176 67 222 249 143 7 79 120 134 200 128 153 141 0 56 106 216 80
    244 29 217 61 247 50 130 110 6 40 142 185 102 96 171 77 135 222 2
    140 226 38 181 106 70 93 128 66 68 160 201 104 85 96 19 162 188 231
    138 69 35 168 121 51 243 226 210 154 58 112 184 13 235 113 3 65 153
    102 83 157 85 156 161 28 26 186 63 7 80 249 158 5 230 52 87 148 205
    104 234 94 26 149 251 77 243 118 237 147 4 166 178 149 14 180 156 57
    65 148 92 74 210 255 207 96 96 77 216 228 55 158 224 254 222 167 104
    231 211 29 204 217 37 114 213 16 213 110 201 245 240 164 120 46 103
    64 231 125 122 186 89 39 198 169 187 202 176 222 222 59 245 193 186
    152 79 13 167 125 7 207 55 229 227 188 207 189 214 251 76 2 231 214
    31 222 211 223 109 170 50 47 44 122 194 209 140 142 112 69 213 11 98
    189 250 16 41 213 159 55 87 74 59 57 192 40 106 243 63 115 167 206
    59 250 167 36 28 250 62 233 6 103 158 71 67 27 176 26 29 41 92 8 53
    8 132 71 208 42 123 63 60 185 231 106 176 121 2 189 180 196 34 49
    166 125 2 221 155 243 47 132 228 151 138 166 215 73 114 219 20 135
    109 218 86 16 61 86 173 21 174 36 250 65 98 2 204 251 113 167 252
    128 87 56 154 95 176 138 77 2 101 141 174 17 70 69 150 215 129 64 8
    118 136 92 18 118 127 109 109 174 204 105 94 142 116 56 243 100 86
    199 239 206 245 168 130 143 190 222 103 215 198 73 30 1 106 105 82
    138 127 186 39 232 223 123 15 226 248 11 131 54 245 88 254 219 129
    171 125 101 235 116 79 146 132 81 145 65 148 110 144 63 225 144 104
    44 12 84 31 9 188 55 190 242 0 125 24 235 182 66 176 85 47 236 114
    33 254 94 124 186 242 140 137 242 58 192 69 127 125 62 135 91 130
    221 160 212 78 155 177 79 123 183 97 98 204 133 82 62 211 35 146 69
    71 95 236 176 91 250 3 208 120 195 238 25 173 102 42 125 233 162 21
    63 109 137 143 29 207 25 192 80 250 109 23 112 72 17 70 255 123 248
    213 126 140 91 67 249 233 103 123 107 204 34 15 40 150 105 122 3 203
    182 95 236 175 23 194 230 234 217 5 84 32 43 219 187 77 136 151 6
    102 239 190 180 222 57 136 166 128 213 154 44 3 11 154 202 78 161 68
    69 1 220 184 69 254 157 183 149 132 190 99 16 82 112 61 138 167 200
    232 76 239 42 215 181 194 167 103 179 120 11 0 1 31 177 240 206 184
    50 127 201 16 140 137 147 4 198 222 175 197 15 85 47 34 132 115 166
    3 237 153 2 37 138 209 125 240 118 60 204 113 154 109 155 135 224
    221 180 254 163 112 126 2 92 183 154 149 203 216 2 239 130 229 250 2
    68 45 82 119 228 219 86 119 36 234 62 177 248 194 150 51 145 91 50
    56 154 121 22 222 218 0 76 177 196 25 79 142 199 84 55 9 66 34 235
    240 227 190 156 190 31 174 109 219 115 213 22 151 14 101 133 127 102
    228 63 146 11 43 149 236 254 10 0 187 219 189 45 252 143 115 112 32
    84 145 208 173 116 33 122 181 227 64 206 149 138 145 254 44 247 243
    116 70 178 205 84 120 85 157 252 209 2 247 80 105 230 34 206 241 241
    209 70 246 127 247 190 14 13 94 62 76 249 89 78 228 174 26 17 222
    144 195 50 72 152 225 99 235 208 165 143 220 80 245 46 93 112 74 69
    129 161 200 106 4 119 59 188 76 255 225 234 184 147 202 188 254 4 23
    53 235 105 105 251 56 118 100 130 0 165 56 61 178 13 119 101 108 103
    30 11 10 67 39 167 93 177 179 240 231 80 150 68 48 43 107 105 199
    217 53 243 196 98 133 25 249 10 124 174 27 66 29 205 182 100 141 105
    180 114 41 173 58 51 161 203 147 117 76 190 209 5 24 29 129 61 40 12
    216 195 80 64 160 44 214 60 187 200 93 109 199 179 77 83 159 233 149
    189 184 131 28 56 191 120 45 154 202 24 227 144 179 79 173 218 242
    53 36 34 234 187 226 224 133 93 56 135 9 107 44 202 34 191 119 165
    42 180 2 131 73 65 146 208 188 214 247 252 69 107 62 124 148 154 53
    49 33 129 198 137 68 235 135 20 231 230 160 168 84 27 86 126 205 45
    32 249 140 195 237 132 35 163 241 212 190 39 11 82 79 215 14 43 19
    21 216 63 162 53 5 208 158 225 184 132 227 119 19 14 72 111 176 253
    48 137 75 84 62 168 210 185 134 152 74 130 243 220 17 253 3 33 74 17
    119 106 206 84 144 69 73 175 94 94 112 31 232 107 254 161 76 147 63
    36 201 185 60 125 55 141 213 243 133 159 238 157 226 234 48 121 48
    216 130 253 87 103 12 170 27 53 177 28 2 163 0 133 60 234 96 154 222
    230 27 200 41 251 180 17 138 62 86 247 23 133 175 40 101 226 212 111
    208 2 45 104 25 120 122 23 21 194 102 114 99 40 1 103 110 188 246
    191 142 134 118 61 19 186 194 163 10 168 215 33 237 158 171 97 54 40
    78 4 23 229 154 248 192 159 122 73 186 25 229 139 161 235 236 219
    182 11 168 178 195 207 37 254 111 142 14 67 60 12 107 203 218 98 180
    187 104 60 46 96 214 205 199 246 119 103 86 61 178 185 250 124 46
    251 227 53 190 111 142 30 181 10 203 10 50 247 62 9 120 92 211 5 59
    78 131 1 39 18 141 68 53 94 152 124 228 207 230 147 222 191 87 139
    22 145 174 55 60 175 118 58 102 242 41 164 145 93 44 82 82 3 203 123
    142 42 20 233 157 229 59 104 126 238 202 183 109 224 61 206 87 4 66
    129 212 210 169 181 189 45 174 132 178 95 42 148 117 41 33 170 6 154
    204 147 96 150 2 66 126 205 51 37 198 154 130 94 242 2 194 61 24 160
    235 245 109 198 232 155 121 14 32 119 142 118 208 107 139 24 116 4
    75 91 200 44 0 36 232 94 18 151 106 130 108 63 12 74 65 203 12 91
    164 70 231 197 174 30 1 198 181 137 163 7 172 124 49 134 83 180 225
    182 28 79 27 184 20 218 228 9 94 75 186 160 21 114 38 248 219 216
    165 150 137 217 222 123 135 113 161 215 198 50 141 11 222 87 250 45
    20 238 151 86 76 240 130 70 127 102 183 122 64 108 110 61 103 8 237
    52 213 87 109 208 68 136 250 149 73 39 85 241 137 154 235 79 187 67
    180 229 233 253 192 207 241 135 209 210 66 233 134 249 101 209 38 15
    167 183 81 236 202 28 1 222 86 235 12 197 105 127 245 194 127 227
    200 95 59 25 34 47 48 33 126 193 241 143 71 46 118 235 102 27 146
    157 254 77 188 26 98 212 210 183 17 60 105 4 105 173 199 208 229 106
    250 200 216 221 238 161 95 141 43 78 14 194 199 84 118 138 24 45 143
    140 193 245 52 187 214 189 231 197 228 212 170 22 104 253 5 247 28
    57 206 41 159 6 147 127 118 224 248 168 143 107 70 225 166 112 100
    172 42 152 202 246 46 44 68 198 138 226 98 122 172 89 177 53 221 29
    157 214 235 187 35 202 205 144 3 110 13 154 154 171 57 189 126 105
    230 177 203 147 151 137 235 53 143 198 18 229 179 149 255 206 150
    250 15 10 221 165 44 86 55 234 7 149 39 2 252 32 6 188 202 158 25
    247 23 208 114 9 161 6 60 50 202 21 177 207 132 142 196 213 49 151
    173 24 13 51 154 148 62 76 229 175 80 33 205 238 118 236 38 5 192
    183 146 169 37 105 9 154 41 137 146 4 95 120 58 231 106 135 165 80
    152 45 37 13 15 227 177 170 253 240 49 235 168 216 238 139 77 12 136
    202 207 73 183 172 214 224 10 23 202 221 133 103 75 6 14 43 200 144
    211 179 4 63 57 98 12 125 248 9 155 77 68 65 52 42 126 65 69 22 86
    91 247 253 118 110 190 115 55 117 120 159 205 252 206 96 230 84 240
    60 71 192 178 100 189 224 231 99 153 247 32 91 104 53 146 214 74 206
    83 41 159 113 85 74 171 88 123 24 137 197 69 106 19 64 146 142 99
    193 56 180 22 210 158 6 229 81 160 95 29 65 181 193 234 190 32 36
    196 128 137 122 164 126 111 169 100 234 131 61 148 202 181 157 28 44
    132 236 23 182 11 238 168 156 227 208 240 95 167 98 247 199 67 123
    242 230 109 228 137 202 176 41 128 235 116 108 216 73 145 144 79 137
    143 170 78 117 86 10 96 7 85 234 170 186 210 227 93 109 125 231 118
    202 0 107 251 93 216 127 136 255 83 91 16 214 138 43 45 137 180 234
    36 10 102 128 134 83 93 188 216 185 110 77 49 215 2 139 40 203 121
    63 130 147 247 217 106 189 66 188 74 51 79 74 165 227 178 141 95 211
    175 220 21 97 101 51 60 227 172 72 58 4 60 240 15 19 186 24 100 43
    74 14 187 191 67 227 30 50 171 120 129 118 213 44 104 61 237 227 189
    130 21 174 110 117 239 63 152 17 166 56 93 70 178 65 118 158 254 33
    16 203 248 89 242 50 38 84 52 223 254 95 87 171 171 239 124 3 119
    143 204 188 236 132 35 21 149 95 243 156 130 255 162 49 73 226 93 98
    177 67 70 190 73 102 222 26 85 104 184 170 137 12 134 26 218 98 89
    83 233 151 22 112 27 69 203 136 36 200 0 138 76 135 240 86 112 154
    62 219 69 226 9 156 136 116 121 70 80 91 151 189 43 157 64 45 188 86
    188 206 2 228 11 141 110 82 155 240 172 51 202 216 225 147 135 234
    122 89 20 198 31 22 217 179 136 156 190 51 191 138 217 175 7 192 85
    94 64 126 219 140 32 28 160 207 16 252 152 123 153 140 186 78 161
    119 42 129 220 37 227 44 232 173 232 134 1 173 246 247 246 244 155
    34 216 16 209 50 132 215 101 92 149 148 21 25 105 246 145 149 14 89
    40 190 10 84 128 19 41 82 95 122 36 54 127 167 204 173 110 102 134
    99 41 213 119 74 105 6 183 205 230 97 174 100 210 2 194 13 233 46
    251 19 231 74 162 59 3 138 135 97 176 137 59 82 169 228 117 253 115
    83 93 203 19 179 0 240 58 27 41 228 196 152 36 155 107 20 254 139 51
    11 153 254 117 246 156 210 148 44 31 227 165 46 29 18 44 17 7 45 25
    113 79 105 197 20 168 14 141 7 51 237 169 71 211 129 61 82 146 7 7
    160 108 180 225 148 49 63 89 187 215 238 90 106 15 82 128 22 125 110
    146 161 169 137 7 79 46 152 204 53 150 154 204 136 114 145 219 6 124
    217 136 237 110 218 157 223 142 117 12 255 130 203 188 30 179 113
    100 50 127 43 192 80 82 152 114 101 223 209 221 129 184 145 20 235
    84 228 94 189 116 137 163 140 87 11 186 167 54 86 113 26 197 2 180 6
    86 162 57 128 239 164 177 149 99 115 225 38 71 243 243 146 20 254
    200 224 87 95 136 247 246 188 149 0 76 234 127 174 26 191 223 145
    250 164 65 26 101 255 87 192 20 33 133 86 67 230 110 27 230 75 196
    219 244 34 57 23 99 77 232 207 198 104 226 254 77 47 179 229 213 17
    104 119 27 135 31 131 35 26 234 43 189 144 4 21 78 103 63 119 132
    211 0 62 248 65 243 30 201 162 43 0 153 104 34 199 122 145 156 11
    154 128 128 190 248 32 233 3 152 217 158 100 195 23 141 44 110 35 67
    112 70 163 152 204 2 73 49 112 247 38 13 31 233 144 41 152 25 50 29
    132 116 145 56 147 92 137 30 76 97 50 183 68 210 232 82 47 173 202
    150 231 3 219 187 2 42 35 89 111 25 71 17 44 14 94 76 138 185 188
    136 207 163 35 246 43 34 71 194 93 111 66 24 103 84 241 223 164 126
    240 183 50 155 227 148 97 25 118 237 223 26 129 63 58 126 149 243
    163 39 130 209 172 183 187 25 52 167 218 55 30 221 243 91 145 227
    148 150 117 249 171 71 236 130 0 156 238 185 58 104 155 108 11 177
    243 225 169 156 2 180 127 127 98 43 3 50 247 223 167 70 206 184 115
    68 169 1 51 188 151 121 154 118 222 39 183 73 93 108 55 8 217 225
    112 203 69 119 30 110 248 17 147 12 85 99 130 116 201 86 158 207 61
    72 49 220 190 53 52 81 184 214 26 124 132 58 28 160 200 15 144 234
    99 243 53 29 91 110 13 178 234 255 235 146 60 150 110 88 46 19 168
    223 195 144 14 90 22 68 108 135 134 147 77 145 58 255 96 78 124 135
    170 30 74 158 147 232 248 151 237 237 85 111 157 180 15 77 216 148
    15 12 22 164 13 171 141 255 24 178 255 19 96 193 148 181 241 85 156
    72 154 159 187 153 214 55 92 77 159 195 239 81 237 158 41 99 120 107
    221 251 64 122 230 137 138 99 68 142 228 172 217 181 52 103 110 62
    113 10 93 152 183 132 5 53 27 208 82 185 126 11 198 213 153 73 230
    135 141 212 104 129 14 146 198 2 82 183 44 229 162 236 130 206 149
    244 185 188 44 36 198 153 111 77 145 223 161 249 13 24 142 33 128
    151 31 184 64 97 220 209 69 190 131 13 85 146 54 240 75 143 190 228
    12 242 64 117 173 86 233 192 150 60 233 35 226 47 134 141 208 27 51
    71 73 143 45 109 235 247 50 34 112 187 145 32 82 122 231 98 63 187
    27 11 48 105 232 164 100 73 87 191 204 132 80 202 146 3 64 18 112
    178 255 140 166 208 64 223 209 246 204 122 157 136 97 29 48 4 92 11
    151 124 132 171 254 54 136 235 147 48 107 31 169 5 140 238 49 50 183
    178 36 159 242 140 65 220 46 12 242 173 174 77 18 203 117 224 64 89
    228 6 13 237 216 99 213 52 7 191 249 77 244 248 149 158 55 85 203 32
    149 38 55 196 25 58 139 244 213 242 84 167 121 72 200 106 157 89 228
    79 241 173 194 250 84 253 166 168 181 16 84 213 211 45 213 239 165
    165 215 76 22 46 168 233 32 62 82 28 174 148 177 21 46 200 183 199
    236 2 243 199 162 222 94 227 81 69 144 13 39 60 220 181 109 141 157
    232 21 15 6 26 152 239 206 75 28 116 97 76 116 154 28 168 139 54 118
    77 34 56 240 116 58 10 147 130 0 127 94 28 156 188 108 102 91 67 22
    179 167 133 162 185 137 182 203 115 164 132 70 165 43 159 178 174
    120 21 98 90 109 138 18 168 41 245 185 188 73 2 37 249 32 50 78 10
    246 223 233 235 102 47 71 32 197 70 251 40 159 230 246 39 118 17 179
    251 62 101 138 215 199 185 228 222 76 167 195 121 118 177 47 15 240
    64 155 123 231 79 247 103 245 117 69 157 15 174 112 197 203 212 233
    63 170 220 215 177 14 182 148 168 61 173 29 34 145 41 164 44 254 228
    64 14 220 65 227 60 234 11 79 166 108 48 83 234 141 105 211 126 139
    66 1 43 199 143 249 173 47 113 6 162 215 111 75 221 80 223 57 60 166
    136 230 6 93 130 26 23 106 24 7 91 228 88 53 21 133 14 215 141 164
    238 79 52 69 51 80 24 202 18 171 159 179 144 60 204 16 35 53 5 185
    204 159 167 73 78 253 246 89 153 174 57 53 244 136 170 233 117 196
    72 91 156 251 50 72 163 64 52 237 151 211 41 143 36 3 164 4 17 3 79
    204 221 186 244 198 22 229 84 68 21 205 64 241 19 75 69 142 178 202
    92 38 199 27 199 61 208 110 177 44 239 242 224 93 164 222 227 36 109
    72 101 149 74 221 143 143 198 94 71 244 13 48 97 210 99 135 117 37
    186 208 81 239 214 54 3 175 72 106 17 203 111 113 54 60 37 130 58
    159 7 11 28 242 89 62 125 102 186 247 174 234 35 80 203 94 52 70 31
    216 95 72 23 140 7 96 218 34 80 179 60 193 96 31 51 200 39 0 36 11
    244 46 51 239 217 211 1 28 25 1 91 15 126 106 74 99 82 217 252 251
    23 224 97 235 35 253 127 109 155 133 194 221 36 67 152 86 128 229
    208 128 4 105 98 159 186 233 90 125 225 219 68 93 21 182 166 211 219
    8 138 62 219 241 243 245 76 88 153 219 115 15 88 42 186 0 170 191 73
    192 193 193 138 227 192 66 79 237 96 158 207 53 187 218 26 68 165 80
    214 59 76 214 52 42 252 49 170 171 198 10 236 27 116 95 148 124 220
    42 85 55 198 85 32 158 39 137 79 101 102 152 167 217 158 136 211 3
    66 176 10 118 119 71 136 18 178 100 182 189 228 96 215 59 188 159
    245 16 93 104 169 79 98 48 79 119 112 160 43 110 228 213 1 156 176
    17 187 187 227 40 190 30 171 22 38 107 251 215 37 68 151 238 172 2
    207 63 68 60 208 187 224 253 12 208 9 198 239 86 251 80 234 92 75 9
    139 168 253 93 149 165 78 239 225 23 235 53 34 99 217 197 45 30 123
    85 213 41 105 184 236 112 152 213 247 54 135 104 49 59 115 253 224
    33 208 228 128 85 33 185 143 31 192 7 62 170 108 153 70 170 218 0
    193 250 100 228 162 121 61 167 116 198 200 10 50 147 79 233 201 65
    203 150 74 40 23 73 251 110 236 251 207 238 204 4 63 205 151 177 25
    25 118 51 223 173 175 191 255 45 226 112 202 15 66 244 200 203 220
    22 221 199 130 26 59 212 244 249 92 93 221 237 36 75 199 241 89 51
    93 200 218 90 219 163 182 192 165 136 127 251 174 203 78 88 219 16
    140 143 109 140 132 105 151 222 129 19 97 159 162 113 238 96 198 151
    173 128 255 125 50 176 126 144 59 239 146 233 18 171 228 133 251 209
    4 21 155 241 255 5 203 64 245 231 74 119 105 135 192 76 101 255 103
    242 50 141 28 172 189 158 22 222 199 144 174 59 10 132 36 23 178 233
    210 110 206 17 220 237 55 31 165 194 147 147 182 82 236 196 32 76 29
    79 184 11 107 230 192 149 182 212 86 218 187 164 168 85 53 238 9 22
    76 98 157 253 179 78 60 171 16 143 198 190 244 152 17 152 203 236
    225 123 68 116 209 182 147 96 2 25 166 203 229 194 77 165 213 128 62
    27 55 170 250 232 224 54 146 79 119 73 251 9 148 60 172 58 167 129
    65 56 75 7 177 112 106 173 190 134 94 42 224 202 184 22 240 156 226
    111 45 150 163 54 216 128 9 95 81 145 86 141 22 189 171 150 158 192
    77 174 231 77 132 233 48 219 42 230 62 29 178 227 90 160 184 231 196
    254 43 246 20 251 45 20 167 29 136 170 225 71 115 116 252 231 9 111
    230 6 10 211 29 78 86 13 238 59 93 3 95 74 82 140 3 204 157 166 179
    151 222 44 236 68 251 51 81 180 14 245 224 167 165 76 219 26 39 76
    155 50 34 39 40 168 229 166 36 219 202 156 100 73 95 2 200 224 193
    120 71 5 5 197 245 97 207 44 36 56 84 37 173 28 80 227 79 218 253
    166 133 248 53 207 194 104 225 153 199 180 254 174 67 124 13 48 33
    215 195 61 148 32 144 61 71 133 139 196 158 135 41 114 168 57 139
    179 84 184 200 57 220 3 231 75 234 251 176 152 24 236 133 96 155 195
    129 125 18 56 117 190 175 239 101 123 175 192 109 122 219 129 135
    164 151 102 32 104 178 105 165 191 152 34 29 76 46 212 195 186 237
    37 213 23 65 22 109 254 244 100 249 168 93 250 140 58 46 47 18 39
    175 179 13 244 33 252 249 186 37 80 13 235 141 232 238 154 92 181
    229 39 157 119 253 187 202 203 123 11 223 43 167 223 10 185 130 65
    142 107 1 47 82 249 30 170 238 118 99 152 67 208 106 228 67 34 249
    246 6 72 248 49 73 162 133 112 15 119 102 235 55 197 217 19 198 133
    148 178 15 173 130 56 209 168 228 137 214 0 115 10 133 114 50 236 89
    231 30 205 53 207 158 2 39 81 73 161 90 191 98 106 146 61 104 59 137
    222 249 159 162 93 36 150 74 250 160 131 162 204 226 62 86 46 129
    245 189 89 28 128 10 135 100 19 222 83 215 9 188 80 72 110 99 228
    218 77 138 145 45 56 161 97 133 157 58 33 16 241 155 241 128 157 121
    177 96 139 115 163 235 83 35 10 223 143 42 252 159 151 2 201 157 20
    101 39 108 205 122 142 78 119 4 98 100 17 172 4 129 242 26 64 10 53
    28 151 191 234 60 203 62 198 178 222 115 14 253 115 177 93 186 50 16
    250 139 4 225 14 77 138 62 82 139 217 77 21 158 51 33 113 81 207 204
    26 27 153 207 42 170 119 243 227 156 32 35 91 31 231 107 40 181 156
    153 143 41 168 87 19 197 202 203 76 168 207 156 160 219 132 62 15
    115 143 118 59 123 106 48 240 243 77 0 177 123 100 223 135 223 156
    126 64 152 107 63 162 4 156 8 214 195 64 253 146 174 70 122 85 186
    200 119 35 230 99 247 157 163 171 74 95 35 131 150 87 226 150 156 42
    203 201 4 159 30 162 128 138 91 242 77 183 216 144 120 160 123 20
    175 28 190 100 28 140 120 31 164 106 121 213 250 40 220 135 138 194
    250 134 212 226 187 82 172 48 31 153 180 234 152 245 24 232 132 113
    244 75 3 33 0 48 161 15 42 62 223 225 218 176 64 51 15 104 153 149
    169 57 160 128 9 67 55 118 103 42 7 177 76 75 169 89 76 27 26 204 67
    169 57 192 114 89 30 36 252 8 60 83 240 37 220 240 13 16 12 178 158
    143 113 19 147 123 131 193 87 128 244 75 85 242 62 30 53 1 191 202 5
    3 77 138 206 73 3 138 110 101 122 233 255 219 232 127 171 150 85 26
    152 68 186 88 38 229 190 186 25 16 119 168 48 119 30 131 242 69 117
    95 36 76 85 58 245 35 52 61 228 57 205 247 63 25 221 101 234 132 51
    170 107 24 199 90 119 98 153 217 107 55 98 172 127 3 156 213 130 20
    221 56 128 26 179 130 70 201 226 26 12 205 169 151 170 1 244 198 189
    218 20 206 3 71 216 202 225 41 125 185 72 100 40 177 242 240 242 171
    20 254 3 18 130 149 19 205 43 113 11 98 172 204 168 137 25 223 37 5
    13 254 101 125 242 233 107 121 45 148 215 245 236 203 138 125 237
    241 193 81 137 165 50 205 19 147 253 93 244 246 112 28 199 237 26 77
    208 184 142 212 237 213 0 197 166 230 52 16 38 203 38 105 55 228 36
    250 44 205 50 225 167 180 185 129 233 156 151 249 255 65 189 52 215
    221 179 119 80 54 222 78 155 241 114 85 222 44 140 179 18 29 82 166
    32 89 253 133 247 149 133 197 44 252 237 17 74 47 47 42 176 115 186
    73 158 188 61 29 167 89 187 198 192 33 113 43 87 69 111 129 190 180
    178 152 13 97 38 27 168 191 77 245 135 91 211 170 249 214 191 164
    127 189 142 100 42 39 223 106 63 243 181 45 170 129 80 114 191 99
    115 94 28 14 240 82 169 140 80 7 111 240 142 21 65 41 249 216 249
    142 150 8 243 249 217 200 95 183 77 23 50 204 24 226 188 94 214 50
    187 104 134 46 129 170 17 235 146 70 125 30 43 137 16 85 172 229 214
    62 148 145 7 7 121 169 243 163 86 124 166 149 237 193 188 194 147
    144 207 124 102 146 8 222 104 37 21 77 229 245 49 252 53 188 37 210
    36 177 219 106 82 110 186 101 55 78 191 15 66 30 231 130 133 238 61
    239 6 15 84 85 25 36 145 65 59 163 134 29 92 8 124 203 71 165 89 53
    30 116 54 250 252 48 38 172 136 18 22 159 196 240 110 182 150 249
    241 193 251 102 203 147 44 134 156 170 183 229 37 102 167 158 203 26
    232 200 117 0 60 117 95 220 34 0 71 128 165 49 228 69 173 74 28 134
    12 48 85 106 168 33 233 13 54 35 148 34 120 140 46 171 161 246 51
    163 12 96 6 200 81 36 155 40 42 114 1 191 182 12 235 244 244 146 27
    161 113 114 116 108 228 197 215 130 99 144 60 138 75 90 114 193 48
    110 228 45 84 139 239 122 255 148 105 70 114 238 181 190 4 30 167 48
    180 47 14 131 15 106 122 231 253 34 147 130 78 28 2 149 171 35 216
    168 68 118 208 45 185 27 88 6 211 234 29 137 60 178 14 37 61 25 59
    163 0 253 3 173 36 141 72 46 107 35 13 33 172 129 108 235 12 126 195
    209 222 248 160 84 11 229 146 168 224 24 22 188 0 164 19 167 77 98
    148 49 91 3 199 188 123 88 139 129 16 143 253 151 192 215 201 48 75
    242 244 161 124 21 9 133 128 47 59 188 132 24 48 111 143 242 95 144
    48 230 143 99 82 64 116 59 33 71 36 236 53 225 178 243 66 232 28 91
    13 58 130 193 223 219 22 37 220 229 114 41 146 98 124 226 176 225 25
    205 152 116 58 235 74 49 171 131 59 106 16 14 32 105 236 177 164 221
    102 76 66 40 160 219 42 170 39 166 5 108 170 57 22 184 200 54 193 18
    93 152 118 97 130 188 160 84 146 168 174 41 158 182 1 106 149 193
    253 246 41 23 61 42 35 190 241 160 46 154 139 161 191 217 119 105
    173 155 139 178 255 51 129 68 52 25 12 37 180 56 114 246 193 183 156
    68 236 124 169 104 88 244 138 66 168 174 17 29 54 225 26 245 231 1
    159 208 162 34 122 209 3 178 85 170 196 76 15 77 24 253 177 86 226
    17 118 11 91 253 54 198 94 78 162 142 83 195 253 111 73 71 48 134
    217 147 4 153 84 176 225 219 213 177 15 55 191 101 6 41 231 172 254
    90 9 113 113 135 186 36 153 10 22 204 76 96 58 118 74 148 101 186
    186 138 243 161 8 232 175 138 75 48 158 232 167 163 204 83 59 209
    243 88 160 251 55 186 91 237 32 47 35 206 12 217 164 39 136 62 57 30
    124 140 84 155 51 97 116 147 252 226 79 174 177 146 231 62 231 186
    93 61 117 139 201 168 112 176 26 110 95 62 131 46 205 74 101 94 185
    219 111 9 35 160 103 70 103 125 189 44 229 140 132 239 94 181 103 77
    114 38 150 187 159 56 217 149 250 154 106 136 12 69 238 114 157 99
    63 196 31 227 21 57 60 220 158 92 215 36 127 151 173 105 240 200 88
    182 189 254 182 206 111 51 255 80 31 101 161 211 45 56 149 231 79 89
    217 248 210 239 9 41 124 192 31 216 126 66 253 94 209 152 49 229 167
    168 148 145 112 247 96 84 170 9 54 189 218 242 129 172 96 253 30 169
    187 159 26 153 209 115 212 97 176 12 253 135 52 152 248 41 53 222 60
    31 239 100 13 242 169 17 170 31 82 244 200 252 106 217 55 69 19 192
    121 115 227 23 213 135 147 65 103 239 223 121 73 87 68 78 8 193 146
    37 248 55 63 197 86 144 148 81 114 250 14 56 103 253 153 92 4 31 184
    133 92 221 247 72 175 179 152 207 129 225 70 48 0 7 8 140 148 228
    213 122 182 156 246 171 180 32 36 110 16 95 28 89 207 43 157 195 162
    79 111 18 32 116 179 10 236 78 171 118 4 216 170 248 173 82 69 68 69
    53 100 91 67 211 178 136 61 222 203 188 239 90 122 132 215 56 215 29
    219 178 195 42 33 144 164 162 66 144 193 151 159 217 78 214 78 20
    135 6 47 104 36 221 70 184 155 233 44 75 4 88 239 165 153 27 69 220
    86 50 239 247 81 182 146 184 182 142 152 56 62 201 235 86 29 164 44
    97 189 144 162 222 242 12 17 165 206 179 30 130 165 19 127 100 135
    137 88 61 117 145 81 164 82 227 183 85 194 75 157 118 54 89 78 94 25
    30 223 178 42 24 245 64 232 158 181 161 235 113 161 167 96 80 1 73
    177 43 80 198 88 129 97 63 55 218 202 3 248 241 78 209 120 207 93
    132 127 208 101 140 62 233 55 179 198 123 201 157 200 241 64 8 89 11
    68 73 225 209 243 55 223 68 27 95 174 251 213 115 5 22 188 34 124
    197 107 203 230 121 199 122 132 122 203 132 214 121 223 93 127 132
    72 227 77 6 91 234 35 141 87 92 138 65 223 253 99 155 146 107 132
    126 93 1 99 166 96 160 247 177 206 127 170 207 51 156 91 188 26 106
    233 106 192 149 51 116 23 177 217 190 158 142 84 241 34 209 104 2
    170 252 91 242 247 191 121 234 208 35 204 174 196 214 98 249 54 58
    167 90 248 167 42 203 78 234 143 92 221 241 112 67 216 63 23 71 161
    35 39 252 92 199 221 253 74 183 234 210 208 123 112 195 12 225 253
    230 180 202 107 243 227 170 228 83 240 39 238 150 167 170 41 164 54
    85 20 224 49 57 58 133 40 93 190 28 215 127 127 235 156 171 51 91
    108 219 35 203 119 249 69 197 160 204 122 53 118 128 154 174 192 218
    156 178 132 179 73 33 198 60 253 135 168 149 102 35 94 207 24 38 152
    152 159 79 171 53 152 198 149 140 254 200 25 189 142 251 145 106 195
    138 77 205 119 163 5 119 149 91 206 29 157 33 144 76 43 81 43 53 85
    98 232 191 46 215 148 27 125 213 113 225 163 178 131 144 106 28 245
    75 132 119 201 251 99 249 58 82 163 138 69 64 74 241 46 189 44 83
    174 218 53 149 65 196 37 89 93 235 14 235 137 209 239 77 248 209 13
    246 216 186 88 44 112 36 123 53 96 172 119 88 11 101 210 91 24 10
    202 206 31 59 190 74 182 57 115 217 29 110 22 218 133 251 117 53 195
    252 22 72 255 208 121 4 95 229 61 5 227 208 214 162 84 52 30 196 128
    243 254 53 0 213 205 94 134 172 197 236 232 110 89 82 113 44 20 190
    185 118 163 241 199 201 37 207 127 6 205 14 224 67 166 71 58 143 56
    219 167 213 89 36 1 0 208 89 48 106 159 13 208 114 50 39 127 186 196
    216 195 249 17 159 143 107 123 91 130 77 220 231 10 132 72 156 100
    218 49 53 33 38 144 145 180 183 20 252 193 120 77 254 31 215 170 136
    164 104 24 87 185 217 78 252 76 66 67 122 231 214 162 174 26 40 224
    236 214 156 2 168 3 176 30 97 178 42 237 132 151 71 194 56 13 220 85
    192 161 226 176 173 0 234 174 168 70 129 193 121 186 85 90 218 57
    226 133 53 149 186 171 53 42 144 254 47 144 134 19 176 127 111 199
    57 62 251 231 132 222 76 130 3 146 126 84 2 152 128 148 93 63 60 50
    253 200 191 130 135 126 49 5 195 80 224 193 97 204 4 31 60 206 25 17
    133 150 155 164 243 139 153 140 71 236 138 87 136 63 157 154 67 85
    18 145 173 219 27 59 254 41 75 73 117 125 0 141 26 28 103 49 57 138
    6 113 240 143 164 93 157 193 193 165 76 226 226 127 87 249 208 173
    239 215 2 187 142 87 252 187 200 100 2 191 117 72 148 166 176 176
    212 191 1 220 123 91 195 133 47 79 159 70 73 164 31 228 22 119 55
    144 13 76 217 144 81 112 242 139 90 21 77 225 32 39 32 149 17 93 189
    189 44 72 46 148 226 66 138 202 118 137 147 86 201 23 94 88 210 5 75
    189 150 120 141 156 49 68 162 135 29 109 148 228 153 65 168 201 163
    29 64 44 87 31 161 124 2 240 187 86 78 24 129 138 92 167 190 52 126
    120 30 160 96 48 241 243 235 45 6 80 198 185 98 101 179 160 6 249
    122 62 197 160 106 179 95 16 104 227 27 25 194 221 128 138 116 235
    225 217 167 48 188 184 130 74 140 146 254 59 109 243 82 195 21 34 97
    111 158 44 141 98 47 133 168 232 237 138 56 240 194 240 222 233 3
    175 128 114 178 224 59 25 119 160 18 79 210 138 137 40 212 65 106
    172 75 214 22 142 141 0 106 109 178 218 214 136 231 40 223 26 179
    243 19 183 238 148 33 89 30 132 2 96 50 93 1 163 180 47 128 161 182
    39 210 156 89 26 247 23 86 221 208 202 247 55 40 145 238 66 172 11
    146 142 241 167 115 204 209 138 6 13 107 233 161 113 79 15 142 51 4
    35 26 174 228 76 138 152 157 154 19 230 171 128 29 74 76 29 26 127
    141 119 236 45 125 247 107 188 168 116 56 73 200 197 96 221 11 228
    124 197 125 185 114 160 240 120 123 31 96 103 62 217 121 146 145 45
    70 194 197 41 22 247 68 231 227 20 43 251 172 172 227 100 186 47 143
    14 155 85 168 65 41 154 241 240 91 53 208 191 145 252 206 53 205 34
    114 127 112 122 139 122 123 56 242 214 38 60 104 150 247 234 30 157
    194 234 181 196 152 12 255 86 59 54 254 31 238 141 200 99 197 197 80
    17 38 231 224 205 166 66 81 199 103 166 113 52 179 103 107 124 116
    91 52 133 142 73 156 205 143 125 170 163 217 132 202 136 99 203 101
    49 83 74 164 197 111 216 124 35 59 121 140 53 110 72 77 138 6 182 6
    225 236 138 62 132 67 233 116 4 193 90 128 50 2 139 237 237 30 13
    128 126 87 37 46 167 143 121 82 83 203 37 138 58 57 130 196 251 123
    116 212 80 184 210 193 23 150 55 185 75 226 211 174 170 141 218 208
    164 211 176 227 58 32 164 6 230 93 241 181 42 65 200 100 100 169 202
    202 78 61 195 60 121 25 46 75 172 248 89 123 211 128 233 183 1 85
    123 15 116 115 71 226 56 174 255 80 40 181 145 5 153 74 35 52 124
    157 71 72 247 51 198 152 204 210 182 245 48 246 2 97 35 33 104 243
    31 184 145 52 27 83 143 171 159 222 91 239 92 130 44 88 120 239 230
    196 10 182 169 131 98 115 109 1 226 105 176 54 24 235 214 91 21 232
    63 3 253 32 121 165 178 215 230 135 188 147 178 185 175 192 40 79
    190 45 63 129 189 87 173 25 63 185 139 54 13 226 127 225 115 184 129
    177 48 102 94 192 40 44 38 87 54 70 244 130 255 46 126 128 193 131
    216 232 212 214 129 180 72 199 29 99 183 26 253 220 224 51 94 190
    105 144 41 120 48 164 233 190 125 254 244 43 76 228 224 231 205 135
    102 0 57 220 211 142 44 18 219 236 115 84 234 155 164 164 203 203 52
    119 45 178 124 129 75 6 114 44 82 28 233 134 142 72 86 254 138 250
    50 59 79 183 121 85 63 193 125 70 16 253 8 76 13 90 130 125 74 20
    217 90 195 195 62 167 215 216 61 59 49 212 92 130 30 210 48 231 2 4
    246 44 22 120 215 177 174 168 222 78 245 165 52 239 73 117 2 48 31
    11 97 80 3 177 70 158 222 252 229 74 200 102 227 193 90 180 122 215
    14 39 180 44 211 41 138 103 181 210 216 87 165 181 230 222 233 179
    12 206 20 211 143 204 233 77 250 181 30 33 157 146 166 111 203 100
    245 19 38 116 202 143 61 230 135 97 90 80 203 169 188 190 189 150
    232 39 23 249 217 106 155 211 51 51 87 211 157 173 76 39 108 43 167
    180 245 239 96 42 170 203 14 57 90 25 69 235 135 65 251 141 219 245
    133 130 204 218 226 25 155 135 63 180 219 105 43 60 74 0 81 7 103
    149 213 152 17 243 143 36 22 210 2 246 230 55 57 218 95 198 3 39 95
    243 218 168 232 143 225 86 9 66 76 109 226 21 251 14 218 48 224 107
    77 41 211 45 61 73 199 157 22 92 142 133 228 58 150 215 209 115 67
    100 151 67 234 201 124 52 173 198 22 241 96 140 49 233 23 94 162 186
    76 79 133 102 72 254 142 103 26 78 14 15 155 69 149 235 15 63 126 69
    228 51 117 122 243 180 36 4 251 230 245 193 188 172 183 175 168 177
    83 67 21 90 182 33 146 99 106 154 227 89 72 62 63 152 48 6 113 210
    172 196 65 135 241 203 5 138 116 94 144 205 236 86 142 0 199 106 151
    220 57 40 184 59 69 235 175 128 22 16 191 6 219 107 227 232 196 170
    7 197 52 114 104 113 147 200 26 12 245 241 194 6 39 36 55 150 130 5
    74 229 200 25 174 113 18 213 85 187 129 23 107 208 12 87 174 4 58
    100 136 112 79 101 230 2 72 128 190 25 199 196 148 1 227 144 216 229
    183 244 226 75 185 9 108 27 130 147 24 192 177 124 150 89 45 177 239
    147 63 74 212 1 82 24 247 7 21 197 2 76 69 42 55 234 180 214 48 4 43
    110 91 38 81 72 210 163 58 56 79 33 115 230 248 148 88 119 113 81
    146 179 179 62 192 143 94 225 240 121 86 252 23 252 35 169 238 254
    63 204 205 188 172 170 189 56 70 76 211 231 179 214 255 144 145 180
    224 184 182 223 229 146 219 148 143 179 173 145 132 226 195 37 54 61
    0 102 93 99 151 152 115 85 35 112 10 64 178 14 64 93 238 96 23 182
    95 248 100 236 207 44 243 31 0 38 1 190 157 248 184 86 188 149 65
    234 66 55 212 208 102 56 16 166 136 240 12 62 48 210 6 0 21 172 136
    25 33 117 20 139 129 15 250 59 89 191 96 91 61 253 214 132 233 212
    243 22 186 149 4 207 104 172 28 251 83 167 34 220 119 150 254 136
    112 249 226 242 202 155 188 170 91 57 219 141 242 107 180 60 217 76
    232 174 239 187 15 7 158 29 184 205 214 63 96 157 242 140 153 43 222
    76 171 205 222 102 84 108 220 189 38 7 238 20 32 133 134 40 218 88
    232 113 67 32 98 130 240 117 65 81 56 195 169 129 252 208 179 80 231
    45 152 188 243 77 205 153 95 35 217 180 64 23 175 90 43 202 243 168
    96 153 57 161 245 30 6 245 179 172 216 130 72 145 231 188 15 210 212
    237 101 28 108 136 211 57 176 222 34 94 118 0 222 174 86 189 44 119
    23 4 180 134 111 231 214 157 182 181 213 68 67 192 119 246 223 126
    68 107 201 58 159 221 29 241 111 211 1 195 169 209 247 204 82 153
    115 229 152 134 191 156 175 214 112 110 0 106 127 232 120 204 16 220
    173 100 183 138 28 153 18 139 108 209 87 244 236 101 219 49 61 210 1
    109 103 176 187 251 79 122 154 5 142 123 226 138 56 199 1 0 89 59
    146 125 233 117 146 71 41 119 109 165 143 29 218 27 246 117 143 222
    178 239 196 158 162 72 3 161 108 148 11 249 174 156 144 247 199 74
    144 168 236 68 152 129 98 122 35 44 53 71 128 253 111 147 100 139
    245 184 21 29 20 235 214 236 142 41 110 179 203 97 252 75 183 120
    161 248 100 203 181 110 198 154 119 127 87 36 156 141 21 126 43 159
    60 95 242 241 196 119 105 88 42 46 74 129 211 27 210 30 61 143 68 51
    248 91 248 249 39 156 3 227 113 172 134 107 103 36 229 11 210 87 165
    57 118 145 162 73 173 195 138 18 43 68 18 106 144 79 163 181 49 193
    113 187 115 173 89 3 41 220 165 156 255 40 245 43 169 173 22 61 168
    133 66 199 2 73 222 97 4 104 162 113 115 46 117 22 48 193 8 118 102
    48 164 31 244 10 177 230 16 174 225 170 13 158 197 40 200 35 191 38
    85 71 15 36 3 107 172 92 238 17 211 172 63 183 157 179 162 201 30
    202 38 201 56 10 151 108 91 112 177 45 163 201 19 159 142 30 44 145
    75 170 190 106 141 87 137 4 179 21 111 213 92 62 46 15 134 121 136
    193 230 31 6 29 43 82 217 229 81 245 253 1 43 89 156 255 153 160 26
    14 185 49 171 142 209 197 30 73 168 184 123 114 15 25 126 201 53 251
    82 196 84 91 210 175 3 13 150 207 97 252 32 233 161 33 65 42 30 206
    103 117 109 222 13 173 230 120 59 230 210 243 125 54 8 91 38 38 152
    40 131 174 82 248 56 236 81 174 169 119 34 208 10 142 64 73 81 87
    190 65 254 104 43 105 201 255 142 11 239 208 243 208 202 250 88 113
    34 217 203 8 8 229 54 250 58 178 54 38 115 134 248 163 101 44 15 39
    202 38 159 200 190 0 206 195 199 91 163 81 241 150 184 120 28 144 14
    6 115 43 65 234 6 199 133 121 253 58 212 40 160 212 52 189 107 227
    65 77 92 74 84 214 2 113 155 175 198 233 26 136 103 196 120 187 197
    70 0 168 53 92 167 163 177 246 38 201 189 188 45 185 198 3 89 57 121
    224 59 27 122 254 136 229 126 222 49 220 245 246 148 146 146 57 36
    73 80 80 192 6 28 71 47 45 214 148 200 178 92 143 223 169 78 194 46
    44 170 99 228 212 121 223 36 5 216 124 21 123 254 102 67 28 197 138
    83 11 254 229 208 217 75 242 151 255 104 197 79 218 15 106 231 172
    234 70 114 180 186 65 36 9 230 225 150 108 30 40 184 7 39 57 100 221
    177 160 25 72 152 162 99 148 207 207 23 221 134 110 33 20 242 242
    107 144 138 114 62 176 46 45 190 116 79 176 32 116 210 147 27 138
    249 103 136 80 37 68 189 57 229 13 242 93 224 191 44 194 31 223 44
    119 57 34 246 174 134 91 113 28 166 40 118 242 12 164 196 22 186 140
    49 217 99 143 53 141 106 170 133 62 220 127 36 75 196 10 164 224 146
    46 172 5 105 209 128 142 201 253 90 168 140 184 89 122 217 46 149 39
    172 245 253 114 33 111 163 239 68 153 253 80 62 242 74 188 164 42
    103 82 94 80 120 50 64 214 209 166 125 43 190 148 157 159 198 199
    155 1 92 141 217 226 21 105 93 233 15 38 111 77 168 143 12 202 190
    109 122 37 217 245 232 164 107 103 235 100 121 238 111 181 227 36 60
    169 160 149 107 138 66 227 140 121 142 229 219 158 102 118 45 194
    240 109 182 183 98 58 0 4 77 101 218 62 44 242 136 115 234 155 199
    238 36 219 182 3 243 249 75 145 57 204 7 253 69 153 52 237 88 224
    172 32 162 123 48 125 217 10 66 32 156 78 147 41 86 93 211 46 217
    230 212 1 7 74 102 156 2 77 31 172 120 153 40 79 149 87 96 118 28
    249 15 20 114 51 164 214 120 137 209 14 249 253 4 129 51 223 14 191
    43 57 143 9 123 147 142 53 34 113 36 183 1 243 121 58 117 135 148
    232 157 39 175 108 227 188 85 180 101 193 166 0 204 82 8 162 156 212
    45 141 9 209 134 76 55 0 57 210 111 212 13 225 230 126 221 190 64 6
    145 1 201 211 234 103 52 226 14 183 48 42 160 87 126 244 229 239 27
    34 131 220 78 241 150 200 171 57 62 253 49 70 84 144 17 173 17 238
    61 182 194 189 126 199 243 141 204 33 177 177 35 133 216 235 113 84
    222 73 235 37 218 1 71 8 166 179 232 145 244 12 113 190 71 108 246
    69 210 91 165 45 207 215 125 7 100 249 147 197 214 45 25 56 207 209
    247 68 100 135 40 232 211 28 110 50 49 120 128 238 114 205 117 60
    198 158 98 209 36 221 155 110 126 241 130 175 77 138 197 103 20 125
    88 189 133 174 96 42 101 219 155 141 51 200 225 204 171 151 28 135
    115 130 135 23 187 184 15 88 33 162 227 57 47 33 27 126 80 83 152 85
    188 178 36 187 167 113 210 239 26 233 190 53 176 104 143 99 120 103
    132 208 233 6 67 112 151 69 213 131 133 215 67 117 25 26 145 50 211
    113 160 44 204 33 63 102 252 176 3 133 173 215 192 176 148 214 127
    167 142 50 204 212 174 52 230 234 89 218 137 136 10 31 131 124 170
    110 253 105 38 235 69 138 16 163 204 133 32 135 19 132 87 6 164 120
    52 131 88 124 54 1 251 52 26 119 36 56 117 252 65 254 164 85 113 34
    148 165 118 22 247 5 125 3 241 64 194 81 79 183 100 199 110 35 140
    176 205 220 153 32 31 96 12 96 151 222 229 88 56 220 91 202 200 244
    188 53 11 0 126 237 218 156 193 223 113 76 43 77 148 166 10 227 88
    203 22 166 68 130 89 116 131 151 170 184 90 25 82 209 183 199 59 13
    229 238 149 219 64 20 110 62 199 40 209 210 162 165 115 44 221 240
    222 244 191 233 88 81 101 153 83 11 190 83 83 172 250 137 97 171 16
    118 204 53 153 185 197 95 123 207 81 77 80 238 146 60 43 165 144 160
    35 107 216 189 22 154 48 96 133 78 104 72 63 159 177 178 53 143 61
    42 47 104 28 184 15 87 237 129 187 78 42 131 81 124 28 130 151 164
    80 168 173 162 33 10 43 14 4 171 120 70 11 110 146 110 15 230 81 243
    0 5 21 190 40 200 180 180 30 183 162 178 121 161 201 182 70 246 82
    191 127 71 245 170 249 165 3 226 125 184 98 243 1 11 34 9 56 183 216
    30 195 13 245 98 96 135 203 10 172 79 227 209 32 120 124 96 146 62
    185 66 9 96 237 113 94 53 84 218 50 154 137 184 215 254 6 162 8 24
    175 186 152 237 56 72 136 232 138 67 111 181 218 154 234 77 133 16
    163 192 22 165 11 202 132 159 131 16 30 150 61 113 124 16 219 78 60
    76 66 104 187 236 77 229 206 154 182 230 68 250 13 40 210 24 202 78
    150 163 3 238 30 176 184 146 159 240 130 117 10 34 147 7 46 36 83
    180 233 156 231 176 95 109 238 126 40 48 137 199 76 193 233 237 147
    63 20 164 145 176 66 49 183 54 174 65 171 181 196 222 247 65 182 98
    59 209 111 178 64 254 133 59 190 47 87 99 187 226 88 162 113 59 129
    11 190 83 70 35 67 202 11 74 178 172 95 68 113 86 33 227 181 176 215
    195 226 110 142 192 220 43 249 145 143 115 143 181 222 87 9 23 42 53
    10 227 249 18 162 172 147 35 28 43 204 253 111 97 9 189 135 92 121
    123 27 183 14 6 84 188 195 156 161 152 5 144 140 168 225 233 108 206
    27 13 132 88 74 147 11 176 84 54 117 159 236 104 249 247 98 101 6 48
    201 223 9 45 57 143 246 140 223 90 184 125 171 139 234 33 184 78 43
    136 85 216 77 209 234 253 169 96 216 165 98 123 166 159 225 101 40
    140 13 205 41 190 94 224 10 46 44 178 186 0 145 233 171 223 126 61
    110 43 7 13 254 94 199 195 204 27 170 60 204 151 114 92 59 162 53 35
    83 14 0 140 57 85 28 142 71 23 218 58 73 0 205 175 215 22 39 40 35
    41 191 64 166 243 236 162 109 238 29 4 163 90 48 159 77 151 11 37 76
    242 71 92 186 65 35 210 101 11 14 142 151 176 149 108 90 18 13 104
    111 107 13 60 150 140 73 230 120 94 99 147 18 94 66 142 178 100 83
    94 116 73 244 176 24 223 246 48 172 118 107 52 138 110 230 158 20
    197 138 104 12 2 165 57 252 9 145 150 188 247 112 197 245 42 125 15
    192 191 65 172 233 212 253 102 174 196 161 243 93 95 18 110 59 186
    188 227 203 36 166 72 228 40 132 169 139 181 136 241 37 217 34 71
    103 8 169 115 123 136 46 1 74 73 6 57 4 218 241 98 195 69 10 35 158
    237 80 202 214 2 234 222 188 92 23 251 235 55 52 162 232 221 251 229
    214 34 10 92 74 15 141 69 190 210 226 16 219 148 143 144 16 108 113
    6 23 76 87 193 253 86 190 87 224 173 210 68 207 136 174 72 0 136 103
    203 154 99 30 186 239 26 217 125 79 0 50 189 75 11 141 207 186 186
    204 205 54 64 63 35 1 174 40 187 114 47 78 247 111 176 242 183 55
    203 215 236 245 219 237 176 43 8 81 68 192 46 122 87 201 125 89 110
    13 171 110 236 19 186 173 35 39 94 177 171 87 228 136 98 174 230 141
    233 207 79 31 180 213 118 130 51 7 242 34 188 109 77 162 102 27 157
    139 34 182 56 97 140 7 103 4 123 114 172 221 44 240 139 177 209 87
    34 159 245 199 231 63 169 58 253 72 19 2 35 45 32 209 159 126 86 162
    194 98 68 198 85 222 6 12 135 229 109 239 0 206 240 41 7 203 63 93
    83 77 102 55 179 1 192 131 130 28 238 110 242 3 20 222 149 224 110
    62 124 197 51 197 217 137 115 175 210 72 116 108 14 109 133 58 171
    45 0 178 205 168 127 35 40 30 83 144 61 27 45 22 227 232 66 167 239
    17 11 182 30 92 97 248 178 255 86 198 62 164 241 177 69 200 139 161
    29 168 113 43 11 50 62 186 17 18 158 118 128 165 242 97 75 119 1 215
    221 250 160 89 189 235 46 102 179 112 108 149 113 97 245 76 22 142
    249 233 106 211 188 55 184 240 27 205 7 73 131 132 178 105 253 121
    70 245 19 183 175 89 39 129 47 216 209 142 94 184 155 243 254 51 2
    182 24 110 238 189 67 200 74 168 109 189 8 103 198 170 157 64 65 56
    215 185 198 18 209 139 23 208 93 115 161 46 97 206 152 135 82 134
    222 82 50 144 78 76 230 14 127 153 135 135 82 230 91 152 180 160 67
    212 248 169 47 177 9 127 239 214 73 125 132 170 2 91 4 67 6 230 53
    72 102 30 134 86 5 186 30 208 31 141 69 246 126 204 188 16 7 18 71
    252 80 116 179 158 173 203 80 173 255 255 99 85 53 204 185 177 182
    125 19 183 106 74 130 156 140 28 124 49 44 58 28 44 16 198 105 196
    253 48 112 252 197 218 13 36 109 235 106 103 141 178 1 14 230 175 25
    33 203 237 53 97 117 223 30 244 207 73 174 45 154 73 5 206 21 149
    221 144 32 20 66 41 64 176 183 170 56 221 23 60 46 132 207 233 57
    243 208 179 204 119 250 201 148 131 175 137 157 6 6 198 15 24 242 78
    22 156 122 232 73 174 30 133 44 97 0 142 156 126 130 188 66 205 38
    166 70 162 239 168 104 35 118 165 152 147 184 64 83 246 36 27 176
    141 227 159 25 32 81 183 23 244 199 65 225 104 161 240 232 25 6 217
    122 173 177 223 83 154 128 38 145 163 12 120 182 148 196 113 30 41
    100 212 160 208 132 164 230 164 51 239 108 201 236 84 55 228 173 252
    103 153 239 225 167 216 14 249 129 25 142 108 238 238 172 97 249 232
    253 118 137 27 2 195 144 126 213 96 67 245 210 186 58 74 122 130 14
    244 235 140 7 185 145 222 73 104 159 229 16 149 89 215 183 74 192 27
    234 202 68 238 148 146 167 163 118 153 180 139 41 124 35 255 194 64
    247 125 76 26 219 96 73 34 149 22 184 206 248 19 215 75 215 52 157
    21 4 88 7 54 101 161 68 145 235 218 87 251 158 226 202 223 27 76 45
    252 25 95 220 25 106 180 19 207 129 237 179 228 198 134 109 183 147
    196 230 93 57 12 21 99 199 83 162 151 32 39 203 120 5 180 251 123
    211 173 208 200 139 236 134 50 222 223 175 199 147 208 18 41 38 209
    53 95 16 67 42 248 80 132 217 102 128 126 0 35 128 160 44 20 54 234
    64 173 97 66 246 229 174 227 42 45 172 175 138 208 80 28 123 206 29
    8 172 238 189 235 56 185 234 12 88 66 46 0 162 53 165 133 13 154 60
    63 211 46 189 234 219 202 190 127 73 2 109 189 190 199 251 81 191
    200 134 129 164 234 102 237 40 59 185 46 11 67 43 170 102 226 161
    181 105 85 254 222 136 189 239 125 234 152 94 222 120 229 137 16 34
    18 75 137 246 137 89 219 195 61 134 250 41 224 210 162 100 176 243
    189 243 41 60 143 212 183 146 79 36 234 227 0 98 231 120 248 21 243
    46 88 218 67 244 180 172 69 241 191 145 172 43 66 203 18 65 35 116
    238 238 18 100 241 71 84 8 65 33 119 120 50 37 150 245 22 6 95 180
    218 1 161 136 148 23 144 237 14 246 168 178 193 111 145 85 155 235
    164 187 54 57 173 145 136 88 36 200 185 238 99 246 93 162 212 254
    207 31 233 42 75 97 118 39 184 68 81 21 215 74 76 146 55 19 129 255
    5 39 224 117 108 195 215 179 201 187 226 160 215 157 86 148 91 203
    88 6 43 198 89 89 253 245 224 167 132 138 210 133 196 244 17 63 110
    116 92 6 60 25 222 116 89 84 94 208 202 206 136 9 110 43 21 165 251
    32 240 235 243 188 252 249 208 101 137 77 21 39 88 170 67 243 233
    255 18 253 226 226 241 217 83 84 55 201 225 174 138 61 241 67 138
    205 196 112 169 235 4 10 199 34 69 111 40 144 214 117 80 160 223 57
    43 60 176 35 104 242 218 58 135 64 127 130 193 103 56 49 218 70 94
    187 243 230 117 150 209 183 105 108 31 122 141 100 62 4 131 34 114
    24 134 128 40 130 54 118 247 71 240 246 226 103 162 1 54 95 152 78
    89 86 165 190 157 220 247 38 58 181 129 123 15 70 54 235 217 197 171
    106 179 118 182 100 51 173 133 132 217 47 106 72 110 25 144 99 204
    84 193 181 149 115 24 188 220 109 146 71 90 161 190 75 171 174 101
    216 52 97 13 180 251 253 192 82 236 135 32 53 198 6 41 11 248 128
    119 251 169 115 101 17 60 232 33 12 23 221 196 237 233 97 157 39 183
    131 235 31 15 48 150 43 126 188 24 67 77 96 34 205 167 29 153 218
    162 213 119 155 78 115 36 193 164 64 248 42 205 20 89 50 89 57 164
    74 7 108 81 242 30 128 15 154 155 123 131 133 150 238 121 56 157 194
    105 228 30 108 203 5 25 214 162 109 5 136 237 46 23 36 109 108 71 8
    99 200 138 91 175 90 78 127 135 84 247 119 168 239 5 102 186 162 150
    118 93 76 133 129 57 61 159 241 29 163 173 14 91 174 154 157 188 213
    29 24 74 236 234 204 158 184 38 200 42 162 128 16 116 165 41 190 171
    5 41 176 199 199 71 132 131 30 220 137 126 36 233 108 252 134 233
    250 180 140 243 221 86 118 137 206 120 198 134 128 15 119 212 3 191
    214 170 161 145 6 112 70 73 220 94 197 8 205 41 151 106 222 72 6 137
    154 135 107 46 42 222 105 121 109 149 102 56 129 156 90 179 220 87
    128 190 228 178 13 128 78 169 142 235 66 193 106 21 213 153 146 130
    25 26 103 19 152 9 228 195 25 215 214 133 44 124 175 52 191 33 125
    156 82 58 8 10 59 245 205 244 181 217 32 193 7 163 104 24 251 183 34
    13 239 169 241 118 49 243 181 128 6 3 142 40 102 146 1 140 141 199
    26 18 226 130 174 75 189 239 154 168 102 64 170 225 150 205 39 244
    114 216 205 176 222 141 143 35 106 149 141 140 169 179 225 213 144
    85 46 26 246 162 189 78 8 222 90 237 79 249 188 25 94 22 103 222 167
    170 196 55 154 46 113 218 79 180 107 43 152 83 52 20 235 34 226 2
    219 239 194 227 37 216 15 122 228 253 44 203 107 169 106 39 208 227
    9 232 191 108 229 153 91 37 8 104 231 2 101 37 119 24 204 105 201 22
    251 128 181 136 173 221 213 131 67 62 57 133 0 43 165 17 242 30 69
    166 149 43 85 88 34 116 21 22 175 16 198 2 42 148 171 108 158 151 6
    194 248 37 39 234 64 209 100 157 129 211 171 132 116 201 224 62 10 9
    227 214 49 141 204 87 173 156 7 144 216 235 153 13 208 199 10 228
    189 184 17 205 211 54 200 72 232 174 206 241 154 135 98 113 222 242
    171 1 39 221 56 210 195 181 246 105 46 166 197 250 150 132 15 23 129
    192 248 202 57 38 69 142 116 197 85 177 158 201 55 154 43 250 254
    242 99 161 213 230 249 195 193 44 243 14 122 0 88 89 192 121 36 226
    46 97 101 61 53 234 39 240 234 14 182 7 195 52 89 249 218 191 90 40
    12 245 46 4 70 30 175 103 76 199 212 12 129 126 161 217 111 34 107
    26 211 154 219 74 48 249 254 116 221 146 186 71 11 45 236 161 94 132
    232 171 18 105 108 226 169 225 255 182 170 65 107 54 5 129 224 36 66
    90 170 15 21 171 143 199 61 182 33 220 173 76 82 85 195 15 232 116
    41 225 226 106 53 104 100 124 97 210 233 20 147 204 252 115 46 136
    113 31 16 186 228 165 167 57 81 87 61 125 111 107 1 202 120 142 93
    226 67 93 43 25 60 60 194 119 26 204 13 214 127 216 255 144 228 239
    138 185 178 75 234 111 82 84 39 191 125 176 217 73 51 170 225 81 28
    139 204 9 48 38 20 39 196 161 222 64 186 79 98 118 220 199 89 178
    210 111 188 113 233 182 59 242 205 245 178 183 156 180 100 98 83 60
    78 14 15 96 57 112 208 226 243 203 183 170 64 6 204 51 91 81 175 27
    220 215 238 64 67 52 203 64 161 104 154 32 254 62 242 242 228 87 242
    219 136 111 39 188 48 46 109 161 107 40 101 27 63 178 115 103 28 27
    133 200 67 149 228 126 54 86 150 192 13 28 141 171 135 114 80 127
    139 219 2 179 110 201 173 67 240 127 88 169 118 236 159 20 216 136
    242 203 216 232 140 195 151 20 122 116 204 31 133 217 5 61 166 222
    233 35 65 171 67 174 173 71 177 57 187 103 52 180 176 100 32 53 250
    97 67 144 213 10 144 49 161 202 32 50 104 253 82 169 210 75 113 2
    159 126 159 165 125 203 177 89 223 206 1 15 76 196 237 144 160 134
    116 153 254 90 135 188 98 169 202 190 57 82 91 41 1 211 103 27 43 86
    1 70 62 92 136 55 79 53 36 238 124 123 82 42 135 209 107 247 146 198
    128 221 239 237 173 177 22 81 107 32 231 41 67 181 135 245 28 69 133
    190 19 202 234 10 51 133 190 20 194 20 23 183 134 137 201 51 219 226
    147 79 106 157 158 122 22 28 83 219 211 159 109 101 193 168 178 236
    150 138 23 56 225 26 245 155 138 193 187 172 21 253 95 67 88 170 74
    8 77 91 200 159 156 186 31 209 169 70 189 23 24 162 25 6 40 218 156
    97 66 85 64 238 71 249 97 121 95 130 188 168 69 204 221 16 170 15 68
    47 163 101 232 197 147 164 84 179 245 105 10 101 54 73 147 18 105
    217 85 101 117 97 72 115 132 79 147 52 251 208 199 230 109 244 95 18
    42 106 227 113 39 229 23 71 101 138 150 159 82 55 50 159 15 57 74 8
    135 142 204 90 62 237 143 88 247 227 172 232 40 200 147 170 247 98
    166 179 233 200 247 164 108 159 236 27 167 225 113 20 0 138 227 65
    137 198 20 155 134 122 50 235 172 33 183 66 212 247 147 58 200 151
    124 32 249 30 150 198 254 62 159 198 178 73 169 168 2 42 134 97 98
    44 136 155 69 192 43 247 95 159 221 82 93 140 90 33 160 169 15 69
    106 122 237 159 9 12 172 40 65 155 172 104 70 241 55 43 28 160 56
    232 80 250 237 168 1 18 249 155 115 117 192 115 146 247 124 217 160
    60 204 159 250 39 179 247 148 169 240 150 109 191 153 2 41 37 58 213
    227 228 64 176 170 217 174 5 137 192 193 194 113 75 64 168 245 144
    90 53 146 90 11 195 15 242 34 240 147 140 205 187 189 166 110 188
    206 58 110 253 180 207 119 70 44 66 14 137 174 29 79 11 111 50 75
    108 239 86 185 75 152 123 176 247 15 232 134 224 146 41 228 132 147
    94 165 241 147 122 19 147 139 171 170 195 222 189 213 18 142 13 38
    236 94 43 240 232 134 97 72 155 120 248 102 192 13 174 56 82 253 55
    76 73 65 75 159 133 228 15 102 150 180 49 209 162 186 169 136 111
    227 135 162 199 18 26 235 107 147 220 72 190 155 240 248 180 72 10
    112 109 45 55 144 145 161 49 43 11 140 243 167 223 127 67 7 74 193
    212 133 48 91 80 201 65 94 254 98 137 130 153 41 143 2 48 53 234 105
    101 246 2 79 21 204 246 28 208 134 89 112 197 245 231 203 202 84 136
    107 243 160 142 63 201 244 227 15 118 51 170 249 253 104 255 155 53
    164 241 189 252 246 65 54 223 56 76 65 52 204 118 66 37 24 186 105
    55 203 41 34 61 170 71 48 192 47 198 183 187 126 70 193 110 195 253
    217 48 82 251 9 252 148 205 33 45 54 87 166 193 11 54 71 214 196 116
    44 153 111 102 234 152 167 235 158 240 153 185 184 53 119 243 249 86
    177 200 75 117 238 246 120 19 191 36 136 80 250 77 106 241 5 142 236
    56 75 61 127 105 192 167 84 72 1 48 187 62 93 46 67 229 120 165 69
    173 212 183 143 138 193 137 230 66 153 141 35 41 11 153 172 172 68
    220 134 247 49 220 160 142 63 124 134 95 138 93 29 227 206 244 233
    75 193 232 189 27 164 43 138 15 91 248 136 194 216 151 219 230 255
    81 25 75 106 181 81 207 220 51 66 80 167 151 210 104 27 131 204 240
    88 135 251 79 239 15 84 221 75 133 210 232 173 114 218 205 196 248
    57 55 38 27 82 115 28 151 156 245 54 211 69 230 13 165 222 55 100 34
    6 94 53 137 83 152 69 20 139 184 26 30 247 102 70 168 165 225 139
    136 158 125 130 112 4 84 248 89 125 25 71 134 49 46 164 114 13 225
    139 80 3 65 221 166 184 38 161 74 44 83 92 165 194 219 247 137 216
    253 194 226 179 184 186 129 158 123 170 254 61 240 37 218 157 47 90
    95 153 87 29 61 48 145 35 223 153 202 156 238 180 201 129 224 50 118
    193 224 38 70 71 248 140 128 54 48 5 175 13 41 203 129 51 254 186
    254 248 153 5 184 130 36 207 117 207 176 166 83 2 204 17 56 191 239
    50 136 42 90 20 67 31 213 18 226 132 163 212 216 182 167 64 172 187
    157 111 35 84 195 105 44 67 4 180 54 13 136 60 224 25 71 57 115 108
    155 84 55 197 218 184 48 125 100 245 71 40 104 116 183 35 20 115 214
    227 131 203 111 169 132 197 62 180 95 4 160 112 60 89 27 18 136 151
    142 203 126 125 50 52 143 42 231 71 199 204 75 104 181 179 217 213
    115 69 174 129 228 8 87 196 62 116 179 225 105 114 157 160 49 206 25
    228 162 76 142 181 172 30 65 200 55 133 202 221 92 36 39 206 74 27
    78 26 129 165 185 106 224 135 130 194 14 52 67 235 140 15 210 73 116
    26 207 117 217 170 115 219 165 100 59 3 82 33 167 137 146 89 186 168
    93 243 84 168 138 198 239 12 46 25 87 106 37 66 1 165 105 153 218
    116 83 172 182 50 221 135 132 225 37 75 72 200 236 120 173 248 74
    157 213 240 238 98 135 90 106 121 168 182 82 78 104 50 243 52 171
    181 137 145 216 238 15 129 159 77 70 200 113 233 11 162 100 131 194
    156 173 119 40 43 143 211 114 249 45 116 87 232 119 241 79 6 155 179
    23 191 23 247 165 2 167 210 0 25 195 62 41 237 143 217 29 169 73 122
    120 30 99 204 244 59 197 134 131 84 34 113 224 102 233 94 60 208 39
    36 196 64 11 137 43 217 199 167 53 242 67 117 139 26 16 113 40 166
    208 70 251 141 227 133 131 70 60 152 117 2 178 5 156 109 82 150 124
    119 133 222 119 177 180 103 85 88 193 185 212 11 50 128 76 190 212
    89 87 12 235 184 219 118 121 199 228 210 235 222 28 120 79 111 172
    43 157 155 178 196 75 167 36 79 187 68 83 214 2 27 153 241 17 144
    192 10 250 87 179 185 225 82 250 124 254 247 70 193 42 92 96 143 31
    115 42 247 173 85 215 249 89 146 204 165 32 154 195 196 131 160 229
    226 175 35 22 209 159 179 193 230 30 185 233 242 31 158 222 93 10
    187 7 159 172 19 31 70 87 38 93 211 59 156 223 66 36 126 162 125 168
    7 214 234 90 202 126 13 117 50 20 111 6 99 46 246 14 66 76 40 34 227
    177 208 173 223 58 238 78 164 191 128 99 154 60 10 3 217 72 57 142
    225 110 194 221 122 13 195 165 210 248 229 63 100 238 160 186 68 151
    12 79 103 81 179 195 62 200 124 26 31 248 87 95 39 31 180 239 108 32
    35 212 117 224 238 97 178 145 163 150 18 48 129 205 96 152 36 211
    157 28 67 173 112 144 18 168 164 222 40 114 236 183 9 145 32 79 73
    190 237 202 251 205 145 182 40 172 231 33 159 165 130 185 30 201 40
    176 137 244 164 233 95 169 140 123 151 1 241 209 100 80 255 138 250
    68 65 158 64 32 137 28 156 108 10 174 31 122 120 202 82 243 84 62
    125 15 239 94 159 172 136 76 198 83 72 183 52 50 42 217 228 132 151
    57 241 2 2 63 185 91 95 166 242 172 210 103 36 234 255 39 246 221 20
    107 227 159 250 86 116 194 82 250 191 200 82 87 12 220 156 206 25 14
    219 214 174 85 132 147 124 11 121 102 124 32 188 82 103 219 203 125
    204 34 99 214 89 226 132 96 134 97 133 228 141 66 127 175 55 236 1
    232 213 59 36 226 98 4 244 202 50 42 163 42 197 160 205 90 57 22 8
    163 180 152 253 134 159 198 89 234 198 87 89 75 232 254 105 203 59
    226 224 179 6 180 11 152 84 191 251 66 98 241 239 1 12 203 202 117
    27 127 70 160 59 7 199 103 203 19 131 144 16 200 93 65 247 195 26 26
    212 53 0 32 207 122 79 13 170 249 145 33 82 201 254 240 249 76 138
    13 177 203 36 22 194 188 229 189 134 134 47 188 24 167 0 94 194 113
    9 2 251 95 66 5 31 120 116 168 143 72 187 59 201 172 235 200 87 179
    105 116 131 181 186 153 231 248 156 57 73 254 78 146 229 126 65 199
    83 68 221 188 96 141 182 235 117 195 146 79 165 23 176 51 179 156
    202 20 59 187 175 84 3 143 243 147 129 244 173 99 194 4 145 221 208
    104 232 56 36 225 167 59 40 244 170 191 15 105 202 168 85 249 22 251
    53 125 234 8 104 208 27 35 132 186 235 50 122 248 221 14 42 219 41
    243 186 132 36 93 244 222 83 136 34 130 221 90 178 60 139 176 175 74
    212 117 51 49 112 71 44 122 56 35 161 41 142 45 43 82 109 26 158 214
    205 91 230 238 139 42 17 106 122 186 254 207 61 91 241 28 48 108 107
    205 219 196 233 204 68 79 90 201 42 152 159 242 141 135 171 23 15
    129 24 33 70 223 130 38 152 185 198 255 86 89 73 233 2 152 155 190
    237 135 147 216 140 227 124 71 62 147 88 136 64 106 251 37 176 119
    224 95 95 179 50 166 253 239 178 162 108 123 57 86 176 55 83 54 242
    69 182 213 229 98 103 177 61 234 224 230 67 210 105 104 53 45 210
    134 51 161 252 104 171 2 127 98 161 246 225 172 60 83 86 44 194 41
    249 96 156 66 158 134 97 81 94 88 88 86 145 110 172 167 106 91 232
    60 142 31 28 14 218 82 79 252 118 71 120 41 1 190 10 253 233 152 91
    236 180 35 110 246 37 67 155 70 122 165 26 26 87 137 134 128 92 73
    23 58 121 153 141 240 255 186 253 92 140 167 63 183 10 131 232 251
    66 6 235 98 51 99 31 47 42 197 15 44 178 4 229 52 226 52 75 100 51
    108 76 39 136 163 162 128 36 191 43 16 158 203 57 243 92 112 144 21
    43 46 152 101 107 178 74 235 168 237 195 6 209 223 17 41 59 12 63 23
    106 199 137 156 127 157 32 63 156 127 59 118 30 138 71 101 45 233 61
    31 89 228 224 133 176 12 74 187 57 146 239 20 51 221 140 96 180 161
    229 42 86 75 109 3 30 71 42 106 96 27 220 18 31 112 194 223 50 243
    130 217 197 153 252 121 170 231 188 245 246 179 24 208 151 2 101 54
    211 243 230 228 167 113 252 222 30 111 225 243 170 181 100 245 29
    157 132 217 215 172 9 120 100 57 15 18 43 2 205 11 3 239 240 255 59
    5 6 241 39 204 247 39 82 145 243 82 108 86 166 200 7 163 239 94 142
    229 179 10 47 137 206 102 161 117 16 56 201 100 114 220 139 126 70
    149 128 25 171 185 176 191 204 66 132 70 124 42 22 177 98 51 49 86
    243 57 162 165 185 61 33 51 94 31 80 227 109 112 249 214 77 114 121
    251 121 29 92 83 162 220 161 77 205 36 89 45 157 189 113 48 68 181
    97 206 19 143 160 131 59 177 104 161 88 223 201 15 87 36 111 130 141
    137 29 92 134 221 135 245 100 229 70 207 238 11 47 197 40 130 5 46
    252 243 154 116 24 183 12 210 138 106 72 223 39 219 173 109 240 20
    169 19 230 53 31 57 124 183 186 115 214 127 40 57 213 73 232 26 62
    164 120 156 133 21 148 89 135 227 145 127 56 187 198 131 220 226 166
    206 217 22 45 16 68 166 100 177 37 122 166 180 233 129 221 2 74 47
    105 37 93 194 98 121 205 183 47 0 144 47 26 191 127 209 8 204 105
    251 237 176 40 125 55 78 34 182 251 187 125 98 123 189 254 147 245
    40 1 116 19 197 176 246 149 228 72 87 173 224 33 33 232 231 108 156
    223 204 40 44 176 121 99 139 120 70 20 135 250 9 190 60 72 40 203 4
    191 142 34 165 85 111 52 254 254 149 39 147 6 211 144 254 54 89 112
    64 170 178 8 50 165 131 193 55 6 196 151 113 245 63 71 100 195 100
    246 251 231 50 210 53 192 102 19 167 93 56 239 132 149 84 11 77 185
    149 186 13 195 113 109 12 228 1 146 195 218 88 152 125 240 164 155
    157 136 240 183 233 95 203 129 205 105 190 188 47 145 170 33 54 11
    103 64 194 228 75 144 182 186 159 118 56 237 40 54 68 8 38 5 125 173
    239 5 62 60 53 186 196 252 99 197 39 89 117 41 93 77 18 120 235 238
    184 14 21 172 226 255 122 164 216 102 63 141 58 110 231 55 37 33 233
    135 207 164 61 173 37 252 224 53 76 197 101 169 114 100 57 91 42 139
    104 142 93 221 178 69 69 38 147 0 32 182 29 116 194 46 6 217 62 98
    170 192 51 138 91 122 162 226 102 83 19 122 46 56 225 111 147 238 56
    81 224 12 39 187 77 100 100 227 126 221 36 177 196 239 155 155 213
    188 211 238 43 87 156 157 29 74 254 160 7 151 145 142 239 207 238
    109 161 227 206 227 6 185 85 79 204 96 73 117 0 92 111 180 52 184
    169 50 94 220 161 0 125 235 205 26 113 127 124 186 150 204 242 92 26
    200 90 228 235 24 118 207 182 86 133 109 147 139 181 71 238 150 114
    45 238 143 243 16 75 236 208 1 220 97 111 188 158 190 24 166 72 27
    75 190 210 1 69 146 188 40 156 1 174 92 245 39 80 150 206 210 191
    101 162 196 120 42 30 90 75 19 208 161 92 75 111 136 23 41 11 167 19
    25 74 192 235 127 64 96 25 69 73 145 2 175 18 153 65 144 201 194 229
    197 23 155 167 200 179 136 22 218 28 157 95 10 113 203 221 254 40
    215 52 77 212 215 66 29 151 184 29 198 192 154 20 13 72 36 4 80 220
    117 152 116 183 129 68 242 243 102 240 153 189 88 239 163 213 143
    116 122 156 114 144 56 126 11 26 221 97 29 82 208 222 162 216 237
    239 87 23 0 114 158 96 26 108 233 48 211 177 3 86 85 200 68 36 198
    146 124 252 195 234 133 27 36 199 216 127 112 63 7 208 25 115 90 134
    178 177 236 142 177 170 13 203 153 205 178 59 65 183 12 16 208 74 64
    214 253 166 49 52 17 178 138 61 217 141 19 135 235 14 179 50 170 217
    148 16 198 66 253 167 164 123 133 207 104 49 74 170 249 215 213 9
    187 196 72 24 246 152 122 178 126 157 7 110 82 214 72 189 55 180 154
    40 237 188 210 194 159 244 253 88 119 111 146 167 141 109 104 57 91
    40 164 208 151 37 21 240 27 141 216 224 142 226 123 81 134 56 111 66
    185 55 50 163 14 234 117 250 5 157 209 41 218 79 4 33 101 215 63 244
    34 211 169 52 50 184 128 141 168 22 162 69 108 150 167 67 255 231
    209 91 25 199 70 36 231 134 243 89 90 38 181 206 238 125 72 24 0 161
    140 81 59 135 77 72 110 134 236 140 90 204 104 228 120 208 236 117
    207 160 228 154 241 99 7 223 223 254 97 13 51 234 139 4 50 30 144 96
    6 47 5 100 79 174 128 169 156 37 222 48 51 109 251 214 0 75 253 23
    213 186 94 41 152 252 161 169 63 169 136 214 166 230 201 141 18 183
    248 0 176 207 111 63 207 91 240 84 87 169 89 162 89 35 196 74 102
    219 170 77 108 137 31 50 219 225 68 228 213 121 136 123 97 97 56 203
    49 29 134 36 191 6 167 182 224 23 142 142 13 151 7 22 194 224 37 26
    77 156 128 0 46 13 198 233 14 5 164 135 126 91 128 107 169 199 239
    237 105 30 106 72 149 254 121 248 105 76 27 39 225 75 104 140 169 26
    182 155 24 51 43 81 210 62 89 74 188 156 43 159 237 176 173 15 104
    57 225 132 69 155 203 57 36 214 213 141 74 215 17 7 214 76 180 97 12
    203 70 202 18 110 252 61 21 237 1 85 142 69 9 253 148 139 163 120 86
    82 41 164 127 199 154 108 103 149 163 216 100 128 212 174 181 204
    163 76 98 36 164 184 25 250 234 222 12 43 25 11 210 38 192 58 101
    219 245 162 145 82 70 128 192 210 98 156 107 94 0 173 42 134 130 98
    33 173 20 175 126 92 104 200 118 184 161 172 109 143 7 192 138 42
    253 247 124 230 131 121 76 157 71 138 185 102 42 228 186 43 0 85 124
    53 242 50 34 65 22 68 117 242 211 108 124 34 220 123 252 145 251 253
    87 20 104 186 253 8 162 199 81 44 212 120 251 116 242 230 178 24 166
    47 75 221 203 123 42 90 52 248 20 233 75 73 9 3 182 228 47 73 147 16
    13 253 103 3 17 179 49 71 183 38 173 140 100 14 207 136 114 206 173
    93 71 156 88 162 200 33 54 52 210 179 211 166 115 154 30 70 85 230
    255 158 154 224 251 118 163 153 199 29 248 128 180 132 42 174 213 22
    87 196 184 147 138 248 178 232 54 165 80 182 243 84 251 40 236 142
    67 204 56 121 186 14 75 106 5 139 243 114 14 101 148 33 161 193 202
    144 178 229 251 207 113 20 225 12 99 5 49 213 11 187 217 144 48 214
    71 90 178 184 233 16 14 255 231 70 136 251 138 225 235 184 237 121
    79 150 87 182 230 231 57 250 177 0 93 189 159 135 27 243 7 197 71 68
    124 68 119 156 203 15 223 120 40 103 129 30 133 132 0 212 198 133
    148 13 66 202 215 128 250 170 14 63 167 78 40 227 41 122 60 214 152
    235 248 101 12 158 252 72 105 52 211 114 157 114 34 14 78 58 167 155
    6 80 251 182 22 253 45 110 5 41 134 96 81 94 45 2 67 224 199 172 254
    40 34 38 53 61 62 129 241 107 31 171 6 182 155 91 189 61 228 12 123
    7 35 103 197 40 8 159 118 63 148 162 163 100 150 54 58 214 143 148
    227 1 172 138 69 252 95 222 128 129 194 65 10 155 209 127 39 162 95
    36 192 30 253 146 49 26 77 85 220 147 188 158 241 170 103 246 120
    221 100 218 32 127 15 57 29 33 108 85 45 166 127 156 126 203 40 74
    221 21 14 104 127 51 78 68 221 136 32 2 49 123 210 178 84 206 251 44
    154 185 180 246 68 225 90 143 96 66 162 253 205 64 165 136 93 204
    234 190 241 222 152 41 9 164 161 204 10 72 77 191 62 240 197 140 61
    152 103 244 74 37 113 179 107 242 13 142 146 227 161 239 239 8 3 242
    87 240 195 67 110 229 176 195 144 24 107 85 32 120 226 9 115 247 1
    218 107 250 167 157 184 11 36 58 29 97 26 241 217 82 26 213 82 104
    69 6 99 13 226 0 112 153 115 173 80 131 69 190 81 0 98 201 23 202
    100 8 60 151 8 21 44 212 185 132 122 213 136 247 98 103 161 207 18
    201 112 216 231 149 239 198 77 10 16 234 38 137 120 58 247 139 18 89
    204 59 86 153 149 63 18 4 75 156 169 201 151 203 120 154 16 151 42
    229 87 91 208 174 225 54 25 8 47 73 25 52 87 119 181 98 172 179 43
    225 44 197 60 233 164 206 205 156 155 29 124 83 141 76 127 75 8 109
    59 237 1 94 170 29 17 94 77 11 35 163 89 23 232 167 41 172 49 229 75
    254 109 226 154 206 88 124 8 63 214 22 108 96 75 122 215 188 244 93
    171 210 22 136 50 182 141 255 77 66 68 147 64 237 17 7 129 155 1 39
    6 20 205 104 93 81 14 74 11 195 137 241 108 20 84 165 131 211 251
    137 142 79 49 92 206 36 113 85 235 178 191 15 188 161 93 194 240 160
    189 201 74 238 47 14 132 148 221 46 73 203 84 255 98 110 86 199 100
    177 160 148 10 118 29 214 72 243 98 14 64 231 75 66 25 52 24 232 83
    166 136 183 117 130 38 59 85 42 185 88 16 122 225 14 135 77 252 166
    196 89 125 2 116 17 198 43 78 151 114 252 161 202 161 35 187 177 26
    192 52 209 88 219 24 181 116 128 82 181 51 204 14 169 226 132 237
    171 177 200 56 217 156 244 27 244 134 173 184 125 133 31 3 197 98
    179 244 250 89 182 23 67 144 187 179 213 17 153 13 196 69 149 35 221
    44 59 54 184 162 141 69 49 68 84 253 79 11 43 255 227 89 39 227 34
    45 154 21 249 70 30 95 192 197 218 48 129 219 129 137 89 126 20 195
    70 51 232 96 166 58 76 192 202 108 123 154 220 211 19 244 31 44 166
    12 194 90 222 145 28 174 202 1 43 39 151 249 235 242 94 129 225 152
    131 39 137 255 21 132 32 59 182 107 80 179 241 186 235 37 236 206
    177 203 0 26 209 104 4 180 191 32 91 25 187 252 202 0 68 191 69 250
    191 155 49 178 188 123 221 115 95 183 144 109 233 38 77 215 190 242
    165 244 101 2 229 88 151 125 247 100 248 41 153 45 82 77 39 249 49
    102 213 145 225 180 133 200 185 234 245 146 239 227 90 149 25 243 5
    42 240 49 58 141 153 238 101 248 79 213 218 151 105 34 91 134 89 139
    246 64 56 106 181 230 252 186 240 205 164 160 115 39 119 229 179 113
    253 195 78 233 111 236 99 84 216 59 229 137 185 144 22 85 246 104 24
    104 72 41 152 248 197 224 145 219 78 236 42 23 164 20 45 13 219 139
    145 253 189 22 113 208 200 194 156 134 80 30 204 90 122 80 235 243
    125 139 98 221 30 37 22 26 52 85 72 158 136 89 222 152 227 90 68 87
    118 150 235 177 61 86 13 186 243 60 106 106 76 87 240 89 84 17 11
    248 202 66 5 243 92 221 70 151 156 126 172 213 128 97 201 232 196 81
    70 198 186 183 86 209 125 82 123 221 50 103 122 135 230 172 196 76
    126 210 133 238 132 124 20 57 72 156 188 146 144 237 223 24 53 4 89
    22 241 191 68 197 10 119 228 20 146 246 182 229 84 151 176 236 10
    133 217 5 5 190 237 171 223 134 172 72 208 99 127 110 91 119 60 235
    88 159 16 133 243 19 10 251 109 205 241 133 47 25 38 215 43 146 174
    95 176 132 143 176 116 13 4 234 178 34 31 16 133 15 94 136 181 49 10
    109 2 211 102 75 237 227 216 252 37 214 14 185 113 100 176 119 29
    209 254 198 38 230 5 83 194 207 141 186 27 105 34 130 100 30 138 30
    139 106 243 115 173 71 136 167 187 56 14 235 23 9 249 110 75 58 215
    12 245 2 5 40 250 138 21 159 88 223 234 21 235 3 120 128 211 253 73
    34 70 150 141 79 26 28 31 201 54 3 160 74 204 241 207 168 84 211 50
    108 1 252 20 231 33 66 113 137 251 227 51 73 234 184 61 181 22 28
    126 107 77 70 244 224 214 78 234 141 155 45 114 184 254 216 219 70
    143 251 222 242 80 166 229 108 168 149 125 105 83 64 185 173 240 99
    213 15 125 49 130 228 86 234 86 155 190 29 197 134 236 76 152 118
    174 152 118 152 173 40 128 103 214 33 40 201 88 220 174 104 234 82
    195 242 33 12 203 129 153 144 39 119 233 167 250 63 4 127 156 236 65
    44 66 35 163 14 36 185 42 113 95 209 81 111 92 83 72 249 159 168 166
    196 52 221 148 154 122 228 217 41 127 151 202 229 28 122 86 203 156
    193 82 110 86 3 173 218 247 223 49 0 15 5 102 133 231 92 210 112 163
    210 89 232 200 252 123 251 220 195 33 156 72 28 18 111 68 81 196 164
    123 132 137 166 150 184 166 17 121 172 77 136 103 105 160 23 244 241
    140 49 66 15 8 115 211 237 129 125 130 45 133 132 0 255 127 74 33
    202 30 170 164 25 188 139 156 95 151 7 73 226 199 4 170 151 164 235
    228 124 141 226 127 216 112 17 107 187 19 125 110 86 126 92 26 0 184
    198 158 89 81 123 110 14 107 37 216 113 106 113 61 244 159 0 190 84
    177 130 162 229 15 154 159 196 6 28 47 183 211 182 210 211 218 187
    126 218 110 56 167 195 255 157 77 150 121 57 157 138 9 114 229 37 89
    145 177 132 19 193 203 251 148 195 249 13 97 155 251 151 33 0 87 127
    135 36 243 49 19 114 84 59 74 183 134 164 34 70 227 138 177 33 233
    34 133 83 96 206 182 47 165 215 144 169 209 35 237 186 80 134 250
    238 127 50 174 122 47 244 216 74 175 137 156 192 36 15 210 193 211
    217 178 34 151 151 25 68 91 43 110 70 13 138 128 112 222 149 231 239
    144 21 187 76 157 71 185 15 192 191 249 69 142 31 104 144 214 106 18
    128 107 142 187 70 194 126 237 123 17 47 161 21 218 43 219 178 37
    133 36 206 14 30 118 118 69 2 149 11 182 135 141 237 117 231 7 196
    197 54 248 234 180 132 115 59 20 110 251 234 196 169 246 25 20 47 99
    242 253 244 45 226 171 130 216 232 211 193 102 126 49 145 176 169
    223 118 173 150 119 242 44 229 201 215 235 218 118 114 92 114 99 200
    52 135 191 252 208 88 226 88 5 8 120 81 83 135 54 193 17 214 227 166
    237 153 58 130 69 180 249 218 157 189 187 209 239 61 164 97 94 166
    144 229 221 34 206 71 54 204 136 16 101 85 60 99 214 2 69 33 83 227
    175 95 216 17 120 59 246 79 137 194 115 76 126 234 1 166 113 245 230
    72 70 63 186 169 140 85 170 80 67 239 198 87 158 61 2 116 223 245
    234 244 213 188 162 104 21 2 77 195 72 195 114 169 86 110 27 140 86
    179 56 48 52 135 152 201 95 66 205 176 55 2 142 105 92 250 98 137
    134 16 175 199 71 94 110 230 29 45 225 107 198 243 212 92 151 241
    237 48 96 29 231 3 71 229 117 241 157 69 135 62 172 110 253 228 163
    93 169 12 138 231 254 206 174 158 188 96 233 173 71 30 171 147 51
    201 130 213 144 234 169 101 83 106 212 182 159 7 109 62 56 213 160
    51 142 16 14 44 168 38 246 253 26 3 161 138 74 132 40 152 39 23 98
    97 132 233 238 202 102 78 142 7 130 51 196 51 249 3 231 137 239 85 9
    30 99 185 35 252 8 2 148 78 62 54 10 131 55 239 212 198 231 243 110
    194 22 95 80 15 171 217 222 32 128 72 208 190 108 91 140 247 135 91
    115 203 38 12 45 205 64 76 25 2 188 43 48 104 64 112 24 152 7 153 37
    105 223 4 220 169 227 226 81 89 114 217 132 138 245 5 243 18 129 249
    105 14 243 192 191 252 218 189 226 248 103 16 5 70 8 193 60 116 138
    224 227 141 79 198 105 13 149 47 219 76 39 69 163 222 74 38 63 237
    49 104 97 164 85 240 55 25 211 82 114 186 150 68 224 96 92 154 255
    104 181 218 66 109 33 39 141 175 226 27 184 116 99 178 211 56 88 130
    205 85 85 70 50 94 92 243 72 25 139 28 242 145 235 204 56 27 224 144
    210 170 198 12 198 219 252 89 13 199 251 62 116 10 70 191 176 197
    102 190 60 255 65 14 207 224 174 188 26 76 137 232 212 40 41 207 193
    41 16 80 94 111 41 104 19 47 117 221 31 30 119 90 84 133 174 225 198
    124 198 213 39 100 148 123 243 53 109 115 216 110 196 228 59 61 160
    221 135 37 76 183 196 199 159 118 170 192 121 39 97 109 33 45 171
    129 193 185 83 192 140 211 87 16 110 34 50 4 44 3 49 166 8 191 9 222
    189 47 98 213 190 95 31 253 98 43 238 115 58 169 167 52 194 120 175
    42 38 51 91 97 42 64 22 162 76 52 109 200 79 31 95 43 42 49 159 121
    41 13 160 67 117 179 94 244 222 12 120 238 93 154 68 229 230 86 130
    120 27 145 159 45 240 54 218 207 221 213 18 179 247 173 98 202 190
    230 144 214 136 50 232 7 132 17 38 26 80 161 105 245 147 151 141 187
    243 220 77 184 188 53 41 205 218 221 96 255 21 177 44 255 96 28 10
    36 5 182 112 68 30 195 248 8 184 91 236 227 229 242 174 41 36 116 36
    196 228 66 158 95 69 170 92 4 112 83 43 29 209 107 192 241 240 58
    238 247 179 97 151 187 162 54 43 66 206 225 151 99 53 187 29 2 186
    154 45 95 194 76 113 160 131 196 37 69 110 210 74 46 183 119 108 90
    83 100 117 101 228 123 126 204 60 219 88 166 154 238 81 182 159 36
    174 87 14 111 228 128 205 41 87 153 172 30 2 17 253 30 248 60 179 80
    110 30 169 214 176 88 179 36 5 131 198 237 114 225 61 72 56 19 59
    146 196 61 147 207 98 165 172 173 52 101 27 249 236 80 107 67 96 165
    32 158 163 61 59 193 200 56 154 33 220 203 148 104 142 195 95 12 29
    152 185 153 238 253 53 90 205 208 242 9 49 19 41 156 203 99 187 54
    11 220 76 105 101 239 224 217 195 240 84 167 45 171 177 93 163 206
    121 184 42 108 163 108 42 37 112 114 172 232 111 21 152 148 166 110
    44 78 42 164 120 215 2 14 139 110 72 221 183 209 208 109 187 235 223
    197 87 2 107 232 107 167 96 17 179 33 59 203 176 121 62 146 178 107
    227 22 203 198 38 86 21 64 139 6 70 133 238 139 157 203 109 87 19 98
    92 155 214 48 254 170 53 161 34 230 22 97 141 11 150 212 165 51 45
    34 206 209 125 44 109 28 227 183 174 42 213 196 93 128 248 226 150
    56 27 101 45 39 245 146 100 86 216 41 11 237 249 252 140 115 183 174
    122 104 158 201 113 61 10 178 156 122 123 68 4 31 71 102 209 85 42
    68 72 102 116 2 189 186 235 73 16 193 80 27 35 101 111 150 214 122
    144 218 242 183 176 133 144 218 137 24 9 134 252 15 129 86 181 19 55
    219 200 54 51 98 68 30 251 179 82 104 121 214 243 158 203 30 104 230
    51 72 18 26 150 117 157 34 100 196 209 151 245 115 81 99 46 20 138
    213 153 19 212 164 30 146 150 77 30 146 155 231 203 98 52 134 94 107
    205 88 49 134 209 230 213 45 64 223 45 74 122 9 83 192 6 91 221 108
    65 240 210 203 79 234 182 10 153 132 217 30 32 51 209 54 43 187 187
    189 229 44 116 239 221 39 62 228 90 219 110 195 187 25 163 137 177
    26 219 173 58 147 232 20 78 124 226 213 255 128 99 44 221 4 239 204
    66 10 166 229 100 55 108 107 141 140 243 107 92 115 188 253 115 192
    75 182 201 96 188 36 117 8 7 131 231 41 246 102 163 57 186 206 95 64
    133 146 90 216 241 232 90 159 88 156 190 254 31 170 23 254 33 93 95
    240 56 61 66 30 223 242 34 6 7 99 130 171 135 243 15 76 165 127 86
    128 183 20 27 2 190 38 142 107 248 190 85 199 207 180 135 153 78 137
    118 66 0 2 206 94 230 93 69 29 76 168 142 63 84 105 190 205 3 137
    121 53 156 234 251 125 108 120 208 103 59 181 117 105 110 142 223
    201 161 62 38 90 98 67 24 117 202 230 138 209 112 161 239 211 51 16
    141 248 89 249 215 116 11 91 202 155 87 247 31 216 170 233 97 139
    187 89 154 81 176 47 233 164 91 168 254 41 240 127 93 85 99 232 233
    162 215 19 38 61 29 219 12 229 97 205 171 42 213 179 30 124 18 101
    138 123 125 98 72 32 166 216 121 13 51 198 178 229 17 215 63 87 135
    9 151 92 22 7 106 123 20 7 21 59 124 72 40 6 188 200 105 1 220 23
    255 130 162 214 179 196 229 150 236 123 58 96 178 14 157 17 160 228
    239 215 243 80 61 137 140 255 229 55 19 129 88 41 136 10 65 57 33
    251 44 227 165 193 131 65 175 50 239 222 51 132 138 118 52 207 68
    251 12 190 144 61 87 240 194 185 242 126 171 77 31 99 123 188 113 58
    25 204 184 46 43 75 249 244 243 39 178 78 111 177 195 34 84 238 227
    135 199 250 115 156 81 53 66 249 44 128 218 133 24 225 163 214 169
    227 39 233 7 39 84 23 215 154 50 185 241 125 99 71 132 255 124 109
    68 22 104 164 78 94 149 113 214 99 237 151 107 123 176 12 24 202 71
    89 215 72 43 72 98 164 88 26 247 30 34 249 230 31 164 237 194 238
    239 91 207 47 228 248 255 29 127 156 184 119 172 160 19 186 18 71 83
    122 44 211 155 157 99 58 51 121 195 139 199 106 173 129 92 25 146
    183 225 172 231 134 84 192 73 18 247 213 191 115 49 218 193 182 46
    249 64 181 148 145 113 200 73 190 235 162 96 80 34 214 34 251 8 8
    123 56 124 86 105 118 193 128 216 251 13 8 146 170 243 111 60 170 56
    12 220 159 95 213 46 62 140 211 189 175 193 43 250 49 46 193 155 25
    22 16 147 134 61 93 54 127 56 5 177 138 27 6 19 228 84 130 61 115 29
    122 164 153 28 27 137 48 79 68 184 75 222 14 31 190 124 176 5 114
    113 2 90 238 229 137 214 158 172 40 50 218 141 68 11 40 171 210 60
    54 91 48 194 74 151 110 70 71 116 88 44 205 146 49 154 147 174 40 21
    207 222 204 130 103 103 160 199 227 185 112 141 190 221 187 134 246
    92 1 21 200 30 50 12 85 17 115 67 49 31 241 201 29 87 242 136 208 52
    30 93 35 45 151 85 253 157 69 44 237 167 19 243 145 157 246 46 56
    117 247 94 177 197 81 174 27 105 75 233 33 237 70 245 236 215 210 55
    73 36 170 104 131 185 198 190 161 165 60 66 183 123 10 126 39 193
    132 244 182 253 179 174 126 113 12 27 151 200 203 133 95 251 235 199
    241 25 141 119 89 82 184 216 149 237 224 125 248 248 65 108 66 13
    115 149 226 193 215 240 205 110 242 15 27 65 81 38 58 202 117 40 40
    136 60 59 28 234 24 34 207 71 215 237 51 111 47 224 140 130 11 198
    153 179 200 201 229 94 254 169 99 168 169 248 41 96 244 79 174 137
    244 243 6 52 38 216 43 167 167 193 26 176 97 3 36 76 27 43 91 94 166
    221 181 254 46 137 43 255 208 101 17 23 116 197 174 38 95 35 26 39
    248 1 151 132 131 252 155 117 123 164 142 119 80 57 127 233 210 246
    193 96 94 234 33 218 242 93 235 189 59 31 155 210 182 18 211 198 4
    137 127 27 38 155 193 189 62 29 148 97 199 168 92 17 78 50 124 50 18
    49 86 2 136 177 186 32 247 154 174 236 60 137 69 79 0 81 17 200 186
    39 223 190 101 203 220 121 49 114 58 196 111 122 172 76 66 234 175
    25 76 191 14 233 34 164 42 155 112 141 129 195 231 144 201 161 143
    231 87 115 40 172 15 161 36 233 225 231 89 23 7 72 163 152 17 102
    153 179 172 136 169 128 212 237 246 134 46 94 142 39 45 25 46 218 85
    25 248 73 118 138 250 60 211 179 25 240 159 110 154 53 161 40 197
    250 50 186 3 54 217 178 161 194 171 227 66 146 7 220 121 0 224 80
    103 160 19 244 229 31 146 175 151 64 21 252 174 242 56 232 31 198 87
    85 42 101 221 241 48 91 221 248 238 124 67 46 100 250 216 39 113 73
    199 34 203 161 162 30 147 126 154 177 90 237 221 90 221 183 212 164
    86 35 234 98 152 133 208 10 15 80 34 144 129 156 122 44 205 237 211
    46 1 92 210 17 174 225 115 213 150 77 231 81 149 38 241 220 151 123
    110 9 25 139 133 160 139 119 78 102 37 138 41 6 37 13 92 136 225 150
    194 6 238 215 140 33 247 167 33 129 120 212 150 205 164 72 207 98
    228 71 233 140 132 64 215 168 185 114 124 31 5 91 123 114 36 216 199
    137 58 54 68 42 35 67 132 21 10 180 186 147 77 91 62 12 133 202 242
    54 186 200 103 196 118 148 188 153 150 154 70 134 145 204 136 124
    190 181 88 22 113 239 68 112 244 133 196 133 227 43 101 253 191 0
    129 60 232 164 13 109 241 28 18 25 183 140 245 252 87 5 91 216 1 93
    84 52 81 196 79 88 69 173 182 70 172 151 194 57 227 234 39 186 8 198
    68 163 179 151 193 41 237 50 154 218 3 134 136 116 248 230 224 15 50
    10 36 32 50 138 13 51 34 155 113 204 73 247 77 58 48 145 228 198 45
    51 109 156 154 18 0 72 252 204 200 50 189 91 243 122 6 198 189 198
    143 64 178 41 3 224 215 187 168 234 59 3 95 198 149 129 8 85 20 216
    121 152 78 120 179 242 88 167 150 161 11 134 155 236 34 114 80 164
    254 218 22 115 219 101 109 233 218 78 41 21 107 41 29 71 236 64 2
    252 7 169 59 150 55 228 203 69 179 45 112 150 65 207 201 44 158 39
    233 85 241 61 190 128 104 194 0 163 177 252 165 189 126 106 212 222
    239 164 100 214 251 209 156 66 76 218 255 227 192 84 182 114 37 223
    61 182 204 15 14 61 223 145 149 6 25 173 86 66 165 244 220 243 32
    194 44 70 248 99 44 191 233 139 121 192 212 232 147 101 50 124 162
    145 52 160 46 233 172 213 203 125 154 196 10 213 215 216 85 136 237
    203 181 249 49 138 126 90 208 74 151 228 38 90 200 176 160 97 181 63
    72 141 164 83 172 217 143 169 112 35 60 195 62 9 11 191 21 240 149
    206 102 126 32 52 99 201 148 77 123 137 154 59 135 72 180 95 140 129
    28 80 31 140 120 5 184 233 53 166 182 107 19 33 24 249 96 64 220 3
    25 177 172 28 10 233 32 184 139 93 172 16 133 225 170 174 175 89 201
    79 239 247 253 62 163 236 252 133 108 232 150 108 138 10 73 238 178
    219 48 63 83 45 190 196 139 216 168 7 65 41 84 73 213 54 170 143 93
    51 97 141 56 112 220 99 144 53 227 140 56 14 221 109 127 52 137 15
    164 131 115 8 10 84 216 84 157 37 155 95 155 194 132 103 169 131 76
    203 216 189 224 10 119 104 126 19 20 131 43 173 161 35 55 76 249 174
    122 177 76 106 164 241 83 86 86 122 42 148 129 187 216 245 83 12 103
    23 86 105 158 34 183 254 199 239 145 192 235 205 102 182 225 250 55
    241 35 145 116 120 129 41 53 82 238 65 174 104 100 120 151 147 40 27
    152 61 145 207 104 56 60 201 198 132 10 145 13 236 159 251 213 178
    215 195 130 251 203 87 184 254 33 227 0 116 64 73 255 179 161 49 138
    56 182 19 194 131 18 7 210 147 136 223 34 172 9 100 158 135 19 203 2
    138 25 77 212 93 201 142 23 123 22 53 151 33 154 225 54 161 166 42
    220 90 233 241 70 156 192 86 197 34 197 15 13 157 192 148 206 10 192
    153 35 131 159 14 148 196 166 4 188 15 35 123 158 6 59 98 174 208 39
    210 188 241 84 229 154 192 219 55 211 38 90 158 132 212 160 56 55
    228 129 46 131 2 199 180 40 27 21 185 232 20 121 130 43 207 98 132
    53 83 20 132 76 63 100 87 173 65 45 226 142 56 124 108 207 247 254
    156 106 238 238 168 176 45 220 243 254 35 102 14 182 79 228 231 175
    2 127 85 244 95 239 134 119 81 105 39 183 129 192 27 60 159 239 225
    29 201 157 232 196 37 43 140 79 185 24 54 133 75 254 86 186 186 83
    95 169 28 157 146 250 48 64 158 234 24 37 205 155 213 32 199 175 4
    247 249 226 248 159 186 220 79 130 73 69 97 22 192 145 236 192 55
    183 142 249 50 95 11 10 29 26 144 153 10 189 154 72 143 223 133 119
    227 233 71 67 160 52 6 91 142 65 54 41 69 6 175 161 127 177 52 139
    168 162 189 35 86 214 164 9 110 48 38 81 59 129 164 116 3 244 156
    112 235 239 87 126 194 46 64 17 133 82 217 106 246 26 220 110 94 44
    45 205 216 194 142 226 233 180 11 9 164 145 116 250 11 177 1 157 25
    28 28 246 165 71 94 54 204 198 166 253 156 115 81 40 218 54 64 156
    40 86 119 198 243 186 87 114 27 6 251 142 253 250 176 192 227 57 227
    94 29 53 251 117 215 232 128 71 81 207 101 172 29 2 108 221 184 156
    89 175 122 188 26 41 123 197 254 45 224 91 115 59 141 105 195 183
    230 31 205 138 107 255 37 27 67 112 48 203 232 211 30 78 88 59 72
    164 136 142 46 128 34 208 182 117 116 30 76 240 176 75 114 35 19 66
    17 159 232 109 70 176 219 29 153 133 142 187 91 154 214 166 156 186
    88 92 252 210 206 153 47 132 60 99 161 200 50 236 160 75 108 149 124
    130 229 56 145 245 214 199 144 23 56 13 187 84 135 67 13 61 228 7 5
    60 53 114 143 86 44 177 3 136 37 85 109 75 156 227 50 138 170 207
    138 128 32 95 148 4 81 100 27 116 154 28 61 77 219 244 239 80 47 149
    219 169 103 128 82 26 76 160 240 244 216 23 158 203 179 55 19 35 198
    247 202 175 254 140 124 71 233 226 93 98 255 83 20 251 240 51 107
    190 226 179 207 32 50 109 242 135 6 240 209 126 69 53 84 137 242 138
    217 92 233 151 244 231 41 198 173 26 178 250 112 155 2 148 9 255 224
    125 214 157 40 248 126 14 91 8 212 21 208 27 247 29 216 85 195 40
    201 176 10 159 218 245 198 185 239 164 184 125 87 156 246 35 66 193
    106 1 163 225 5 249 103 158 249 112 101 96 214 166 137 157 15 106 9
    31 8 77 215 20 98 232 67 230 127 181 216 117 224 0 51 250 127 198
    187 40 40 58 249 8 212 187 145 242 108 251 51 119 226 211 15 45 78
    140 196 105 163 34 212 102 147 251 91 226 72 164 197 30 188 106 121
    171 9 245 31 41 248 33 129 162 215 95 23 13 244 56 120 8 50 120 118
    67 253 151 160 127 147 63 187 215 224 129 214 95 225 130 237 121 121
    168 50 39 35 167 36 67 53 216 176 251 250 18 172 6 28 15 167 157 104
    196 186 161 205 195 184 57 207 230 55 25 146 89 91 39 208 91 151 112
    154 67 197 44 196 179 237 72 3 1 116 14 250 135 97 219 226 242 238
    253 109 176 157 221 152 102 116 156 101 108 136 118 130 203 209 127
    132 187 212 151 98 66 66 180 147 43 156 131 24 95 237 88 128 223 147
    107 241 51 241 185 240 29 35 51 253 175 82 38 80 101 35 18 202 124
    105 249 195 197 173 0 245 20 29 191 46 19 49 55 49 8 251 35 237 121
    141 45 228 130 228 57 118 158 211 227 10 135 185 67 30 143 219 44
    218 176 250 50 140 4 85 209 53 204 247 253 97 170 175 35 218 26 230
    47 156 93 160 201 67 194 77 60 197 198 43 231 90 53 137 242 71 137
    79 186 14 203 219 132 48 135 57 109 19 170 44 201 30 196 27 206 192
    87 100 224 15 156 248 241 25 170 89 97 244 16 20 121 11 253 201 103
    162 142 221 141 83 152 83 167 211 206 42 75 29 23 215 109 28 51 94
    137 233 99 70 21 8 39 170 188 76 209 51 155 164 29 158 242 245 52
    128 97 15 16 13 175 41 197 245 189 24 142 175 93 233 244 235 124 52
    240 29 121 175 1 255 68 194 187 32 183 168 122 137 55 91 208 186 246
    178 67 31 134 57 140 118 92 100 4 242 176 177 148 108 207 46 134 227
    210 207 147 61 152 167 116 2 119 196 124 239 169 79 132 62 72 162
    204 214 187 214 23 115 249 32 73 135 36 44 126 85 175 252 11 98 185
    241 39 129 229 223 164 145 233 250 159 225 235 176 218 178 232 162
    149 155 119 57 96 118 123 191 35 217 243 146 129 8 203 27 65 213 119
    56 127 9 25 26 227 141 169 72 83 11 170 84 136 201 232 136 226 40
    153 9 81 104 44 31 45 38 81 145 205 161 60 42 46 49 78 15 206 231 89
    169 218 65 177 12 184 231 66 20 132 17 208 252 239 143 8 154 80 54
    248 60 67 126 193 209 231 100 255 58 27 168 63 122 123 7 90 36 158
    203 57 178 163 69 34 159 203 223 53 48 100 217 235 12 158 74 164 68
    207 177 175 176 91 38 33 101 102 164 219 8 109 5 83 240 255 85 193
    116 159 231 155 110 69 189 2 22 61 127 138 194 237 169 248 165 221
    160 102 203 167 188 140 241 78 188 202 214 227 170 43 156 71 11 241
    194 124 222 176 250 129 108 128 206 21 138 210 89 110 14 10 9 161 77
    37 178 61 70 221 125 175 148 145 138 7 2 78 79 191 32 237 17 78 89
    213 202 15 207 114 9 19 203 240 5 62 215 198 196 180 31 6 163 155 50
    157 168 88 55 241 154 97 58 253 215 181 213 150 73 129 35 135 245
    168 157 29 214 51 214 143 75 217 203 162 129 157 238 221 176 211 215
    74 10 113 209 210 136 229 238 4 236 167 255 156 71 122 201 247 25
    198 223 15 225 240 200 16 233 33 196 171 101 63 100 175 131 17 218
    182 14 227 155 90 235 207 167 244 142 115 168 158 234 146 117 68 236
    179 216 149 246 36 130 209 53 156 57 125 245 140 221 191 133 17 228
    173 127 64 120 223 85 161 132 203 217 255 48 34 37 202 156 60 150 35
    143 184 184 75 11 221 73 122 249 149 128 174 89 252 225 33 235 12
    137 178 93 178 9 240 241 231 94 202 116 22 123 16 224 200 71 233 43
    203 151 94 49 222 75 239 175 25 173 49 85 109 207 163 5 34 121 13
    136 196 247 52 75 244 54 13 201 175 112 190 37 27 169 11 37 176 225
    24 223 229 88 124 132 3 96 238 211 23 45 167 127 144 14 36 209 213
    208 67 174 54 62 162 143 134 40 172 162 255 35 168 66 133 19 253 33
    60 150 205 24 175 167 218 178 144 135 129 111 18 23 92 252 11 244 19
    2 19 124 148 119 224 9 121 10 192 118 161 25 232 188 162 180 192 220
    91 83 111 64 95 202 11 19 202 113 149 97 53 179 5 94 213 110 50 177
    180 128 108 102 93 94 35 174 164 31 21 47 229 9 73 84 3 17 177 254
    72 115 247 213 102 241 241 34 87 146 100 245 80 101 209 231 147 21 2
    101 27 241 101 88 140 227 208 191 83 172 84 59 75 175 97 154 169 145
    152 211 46 231 149 106 80 3 196 99 53 173 251 106 29 218 153 218 64
    9 61 54 59 72 177 211 69 50 249 246 49 206 111 8 125 144 168 182 105
    98 103 1 57 249 15 170 140 71 100 96 160 132 243 107 136 17 166 100
    124 234 106 160 162 233 248 210 219 17 128 138 195 194 98 73 4 97
    120 107 135 46 94 199 117 64 28 217 243 93 39 94 226 196 52 64 245
    137 30 169 32 39 25 244 214 92 252 135 227 48 33 253 132 215 238 44
    157 75 159 253 19 44 172 97 80 47 99 156 251 194 146 250 140 125 142
    70 106 67 142 84 33 34 34 221 81 217 165 134 45 162 227 46 49 190 64
    224 46 130 155 63 188 30 51 18 86 77 212 104 193 78 3 156 66 86 188
    30 11 186 62 202 59 149 232 182 54 125 111 188 173 96 111 75 101 87
    10 30 50 12 53 207 200 68 57 41 216 185 252 55 29 122 223 15 6 173
    97 102 171 128 152 57 241 32 20 239 223 123 175 234 17 198 121 115
    165 107 29 180 247 146 92 47 218 91 229 199 254 76 14 122 174 235
    174 16 32 146 39 82 17 171 27 137 190 238 21 239 254 141 229 39 25
    56 59 62 118 30 217 129 154 153 165 20 49 10 175 83 117 226 219 3
    229 97 27 147 238 89 6 73 200 128 63 143 191 155 80 223 67 239 74
    204 186 163 126 151 135 128 36 66 214 142 240 135 105 178 215 234 67
    70 21 186 99 194 56 149 41 144 51 58 157 107 142 249 254 71 65 159
    196 204 229 48 20 120 212 165 158 38 19 193 240 127 95 36 50 43 127
    17 120 139 63 17 153 97 234 226 101 207 70 206 245 102 222 46 183
    112 211 76 193 58 85 247 124 201 11 87 108 161 188 154 252 10 200
    171 129 238 32 124 94 135 216 229 217 70 79 143 210 91 200 199 202
    20 252 220 112 126 84 173 11 44 13 230 196 190 85 59 145 248 112 43
    135 138 194 63 174 208 132 194 137 176 137 30 115 180 253 86 54 120
    155 112 2 229 52 191 91 54 81 165 101 230 0 31 140 170 76 186 225 89
    119 163 242 235 114 85 35 230 205 230 71 3 132 129 174 50 182 146
    145 57 33 183 91 39 131 49 89 66 82 48 9 83 201 110 144 96 12 133
    120 236 177 170 192 147 242 107 103 166 99 8 158 14 69 1 37 73 94
    114 23 97 78 199 52 88 44 180 123 213 232 5 223 121 163 165 27 5 32
    188 109 5 126 197 221 246 69 23 79 23 25 143 117 0 1 166 175 0 198
    222 191 198 10 154 9 154 79 248 34 20 69 177 52 136 164 120 30 62
    204 231 72 74 95 216 237 255 241 53 97 137 145 22 37 172 254 36 20
    156 130 57 136 180 65 174 231 105 158 156 127 68 248 225 33 8 81 81
    42 138 142 86 235 69 48 128 151 32 177 221 26 44 253 241 241 66 82
    61 16 254 17 17 114 252 90 225 155 154 201 157 47 236 86 47 69 198
    78 183 52 91 163 112 104 95 52 22 50 22 195 198 219 111 10 49 246 67
    77 99 131 10 101 251 98 130 139 195 34 31 197 144 159 238 186 57 228
    157 24 217 104 185 28 243 16 16 240 205 92 214 70 65 232 128 1 154
    105 138 77 81 238 153 188 134 235 76 78 243 214 243 74 225 69 97 211
    6 133 224 82 165 22 171 105 161 183 105 5 54 87 59 167 28 11 149 70
    225 39 45 227 137 110 0 99 252 74 198 208 85 80 195 202 135 204 16
    91 155 156 152 239 142 225 249 106 130 228 69 202 119 194 211 129
    120 104 232 221 106 198 231 254 99 213 14 242 188 68 166 147 92 177
    17 6 57 35 25 105 191 15 132 188 109 218 42 189 241 75 198 5 191 132
    220 200 16 148 141 216 50 85 129 232 2 112 76 82 100 2 66 40 17 49
    235 223 204 103 98 101 2 59 83 8 19 131 224 90 156 40 53 17 123 233
    75 177 226 113 54 246 72 73 182 78 202 105 239 72 50 84 77 116 146
    157 156 225 74 83 195 8 93 116 212 234 199 230 174 24 162 238 196 16
    125 132 199 145 2 114 13 157 236 154 120 225 187 58 255 202 75 70 88
    24 44 68 240 207 245 56 47 136 47 55 206 186 82 204 5 172 174 183
    145 99 182 172 91 168 110 242 182 56 78 129 58 211 221 124 123 121 3
    82 84 31 120 18 141 97 2 146 144 71 109 75 51 241 247 222 100 175
    167 164 216 236 51 41 81 255 113 217 83 205 19 9 194 100 118 197 223
    99 34 68 217 185 83 81 13 93 157 196 157 232 49 86 17 238 51 192 163
    144 220 248 33 149 11 63 247 224 145 141 92 35 158 211 50 85 198 200
    254 65 53 191 240 166 205 32 99 69 18 30 228 87 184 88 65 192 117 95
    95 50 250 225 221 105 51 95 109 238 119 154 76 216 7 11 56 69 114
    231 236 176 181 142 239 46 8 225 167 155 172 147 16 79 64 117 6 14
    58 247 3 51 222 208 162 155 226 123 60 179 114 128 207 103 177 19
    164 6 147 240 63 107 196 214 37 141 240 174 196 71 89 64 69 243 29
    61 22 156 160 236 79</data></test_img>
<my_img type_id="opencv-matrix">
  <rows>128</rows>
  <cols>256</cols>
  <dt>"3u"</dt>
  <data>
    100 171 225 5 0 92 223 40 27 161 121 168 255 0 255 198 37 1 173 114
    0 0 152 255 0 209 255 0 0 0 15 169 0 0 195 244 115 255 158 255 29
    255 142 101 255 0 153 72 84 0 255 157 0 255 43 248 92 20 255 255 146
    108 0 255 183 60 148 0 109 76 17 0 255 10 106 255 28 173 9 206 255
    143 123 214 218 74 224 141 85 255 151 0 167 216 112 0 0 255 162 43
    255 171 0 3 168 232 24 255 131 245 174 0 74 91 0 18 85 0 36 85 99
    255 85 146 200 146 0 0 102 95 255 0 0 255 242 175 129 75 199 57 121
    121 101 44 194 0 45 123 170 0 0 212 44 0 235 202 0 176 255 31 80 58
    0 98 145 36 231 101 133 142 255 0 0 255 255 43 219 155 141 0 156 241
    255 83 153 153 255 158 71 81 177 96 207 255 34 176 10 128 69 122 0
    193 75 255 40 148 255 65 222 0 24 255 232 5 255 255 153 0 46 45 0
    144 47 165 172 247 255 11 120 255 0 84 102 83 0 135 28 255 142 150
    109 228 255 230 255 0 255 243 198 245 187 0 255 63 0 199 216 255 0 7
    28 255 48 126 0 158 1 0 136 255 255 0 154 154 255 143 123 133 114 26
    20 209 0 215 37 214 169 135 20 221 177 149 255 255 142 19 255 175
    167 255 31 0 0 255 138 111 134 0 255 58 168 136 0 55 0 176 255 70 83
    121 30 232 217 255 255 123 243 0 106 255 251 255 0 35 255 54 124 233
    255 13 245 245 161 159 0 116 245 81 76 82 17 255 215 255 217 0 255
    255 211 166 255 194 0 50 255 195 245 255 127 255 89 142 255 255 234
    29 0 92 138 255 13 255 133 255 0 199 105 0 0 255 134 18 201 162 18
    82 84 41 255 46 0 200 74 97 255 42 53 218 214 145 240 0 255 54 176
    153 202 0 0 103 65 26 253 202 255 0 92 255 0 255 187 0 255 255 37
    132 198 106 37 18 158 86 0 255 150 0 146 204 132 133 148 0 227 169
    255 255 205 164 214 96 0 255 217 109 9 255 255 0 24 179 129 160 0
    255 200 32 255 147 120 105 69 0 99 255 149 251 14 123 255 232 56 11
    120 254 88 255 0 0 0 155 0 124 255 65 52 127 0 0 255 156 234 0 21
    255 255 38 0 200 214 246 247 0 255 73 0 142 48 124 191 157 135 255
    255 255 20 222 218 255 34 251 255 0 255 207 255 230 99 194 249 255
    236 255 42 83 0 203 159 108 195 173 11 182 109 126 227 132 9 16 107
    85 152 255 0 8 209 1 119 211 220 44 0 244 226 255 136 255 176 105 92
    243 51 255 81 86 247 245 57 0 255 47 255 0 201 149 253 255 36 213 73
    243 0 0 240 0 253 0 153 255 0 84 171 0 73 255 127 54 65 156 108 0
    211 54 0 255 255 0 255 11 69 63 255 233 95 228 0 253 56 255 0 0 0 0
    0 95 9 0 188 173 207 222 255 255 51 255 32 0 21 150 95 255 255 0 255
    130 23 243 252 255 40 0 0 89 34 10 255 8 255 255 2 255 0 255 56 158
    57 51 255 255 72 118 234 121 96 0 140 156 255 5 163 0 0 188 255 125
    168 229 0 142 32 56 6 240 255 176 89 194 232 84 80 240 86 255 180 40
    246 252 217 255 255 0 84 235 98 176 35 0 255 255 208 4 255 0 10 147
    198 0 249 69 207 146 0 153 35 81 86 0 217 32 0 51 5 73 70 230 255
    255 162 81 255 109 255 160 255 224 255 0 255 115 8 255 51 0 72 255
    47 92 86 255 217 0 228 0 22 203 137 137 41 255 160 0 255 152 0 248
    255 255 100 222 24 0 56 244 130 255 93 0 97 255 255 131 0 255 80 234
    255 0 255 111 254 50 255 0 249 206 255 0 21 0 0 155 0 87 209 73 110
    0 153 31 213 255 0 62 23 242 74 180 0 151 83 16 255 226 0 204 62 93
    255 28 30 54 169 0 199 199 54 237 249 235 75 126 80 230 0 28 255 0
    30 84 36 92 2 95 0 40 247 106 255 60 94 195 0 246 0 226 105 142 220
    99 246 156 220 40 0 0 0 255 255 176 255 0 128 2 255 157 107 21 215
    179 255 13 93 28 89 0 132 0 255 220 0 194 255 255 255 0 86 15 194
    225 20 74 231 157 255 140 121 116 29 98 134 255 254 135 255 129 40
    67 212 0 181 147 190 159 255 202 18 141 56 186 255 211 0 255 255 133
    204 255 202 0 31 247 159 0 0 233 1 255 152 255 210 108 0 0 108 0 136
    0 203 49 54 200 3 154 15 124 77 229 236 255 94 9 192 241 0 0 143 255
    72 255 255 93 0 104 255 0 252 0 38 219 0 60 70 114 255 248 0 0 34
    157 225 0 221 7 174 255 79 182 28 57 0 0 117 61 105 109 229 3 203 0
    139 196 54 192 176 255 168 180 26 209 189 0 110 255 0 0 228 181 247
    255 255 223 255 175 179 239 220 0 233 255 62 255 58 182 225 180 195
    172 88 120 198 255 223 44 255 215 0 0 85 249 96 72 55 81 87 103 140
    0 93 0 182 10 0 255 0 158 53 51 255 100 171 110 31 255 33 66 0 88 40
    0 132 212 255 255 96 181 158 108 186 21 212 60 64 255 255 176 0 25 4
    233 0 159 221 235 255 31 255 26 255 179 206 0 255 96 168 225 255 255
    111 0 3 0 60 87 255 63 255 255 245 14 93 0 163 0 83 121 0 0 255 254
    0 0 0 51 57 138 252 50 196 71 157 232 0 0 197 114 183 255 0 116 39
    255 63 40 89 255 196 175 236 70 255 255 110 151 255 138 62 74 58 91
    78 168 42 0 246 147 255 0 97 255 255 174 133 255 0 155 159 65 19 0 8
    121 150 132 255 192 133 227 199 64 137 10 79 111 231 63 232 37 255
    255 125 246 227 0 0 101 0 255 11 59 255 104 173 62 135 0 255 213 0
    39 255 80 194 255 0 135 79 50 222 231 28 255 189 5 105 255 76 199 35
    56 18 37 242 0 5 17 0 0 144 0 255 0 51 28 227 0 0 0 199 222 0 39 255
    16 255 116 151 0 212 124 255 0 106 255 83 185 255 0 0 255 255 12 11
    72 0 229 64 255 0 13 12 166 0 139 0 255 255 198 195 158 255 22 24 0
    215 255 40 0 25 0 233 255 255 255 145 204 21 255 183 117 0 120 255
    184 255 78 172 255 32 39 31 255 97 115 94 33 0 134 255 174 255 40
    206 212 0 13 0 0 0 58 192 0 237 212 255 0 181 255 0 255 0 0 24 148 0
    233 0 0 255 11 188 235 109 169 130 77 24 0 67 167 196 187 85 168 172
    255 255 173 255 55 10 255 0 160 31 0 11 50 23 255 252 0 72 148 45
    192 128 43 160 181 119 65 255 73 255 222 111 169 222 89 173 107 150
    120 190 102 149 209 183 77 255 176 21 35 249 79 109 96 136 68 121 11
    0 204 134 54 0 19 255 0 255 238 152 95 27 225 255 59 255 255 255 0
    159 219 199 174 181 255 111 146 0 230 97 0 74 238 255 6 0 224 255
    124 31 131 250 0 243 255 118 228 0 226 134 38 238 136 202 34 255 37
    255 128 255 102 168 53 199 0 197 0 0 255 162 0 255 55 1 85 255 248
    52 0 255 255 0 193 70 217 198 0 0 219 0 146 64 0 255 102 255 102 237
    66 200 218 0 246 253 255 120 128 11 247 0 150 240 86 40 0 71 56 255
    39 115 225 167 255 255 21 225 202 76 104 91 221 103 255 255 57 0 86
    70 39 143 0 106 7 84 255 50 199 40 255 89 0 0 218 240 33 167 0 255
    170 55 131 197 53 12 255 0 0 255 0 255 7 123 255 65 255 0 0 0 229
    255 222 104 232 255 84 97 71 206 206 107 255 31 255 226 255 255 184
    207 140 97 121 150 255 0 43 0 255 104 255 62 255 104 37 144 47 192
    157 0 0 38 131 0 0 75 0 169 141 255 102 143 71 1 19 0 26 227 32 174
    38 0 28 222 0 255 248 125 66 0 117 212 120 255 0 60 0 0 255 85 183
    188 143 0 204 31 193 0 200 150 76 255 150 247 0 255 255 200 92 63 0
    38 255 255 0 48 54 255 138 156 59 239 156 0 255 0 38 175 255 242 255
    255 134 225 241 250 70 33 159 255 0 0 0 255 163 9 0 0 148 255 221 37
    119 0 109 203 77 227 179 24 255 30 0 0 241 255 16 0 208 0 39 121 115
    0 27 0 5 163 84 164 150 0 100 201 0 30 175 255 0 165 194 53 255 0
    255 0 255 176 143 167 28 31 43 0 0 178 137 16 214 102 255 0 253 255
    60 0 46 0 0 216 114 99 0 74 0 227 226 255 24 244 255 239 255 191 132
    255 255 0 255 245 152 255 111 19 0 0 102 120 88 96 211 165 0 255 75
    255 0 226 207 0 0 171 3 225 0 255 231 255 238 236 247 156 21 0 185
    54 243 254 233 255 0 25 255 0 254 255 255 255 107 0 171 179 164 0
    255 65 39 0 246 215 33 71 0 24 167 0 255 221 255 46 0 207 82 255 189
    151 40 252 173 141 55 226 0 0 182 244 1 0 30 174 133 167 0 84 180 24
    115 255 107 100 0 255 255 255 255 33 58 146 135 87 0 255 255 56 146
    213 203 177 44 255 255 112 255 221 0 0 255 118 0 0 78 0 50 0 237 80
    0 255 178 0 0 255 0 255 100 0 237 246 194 112 1 166 39 73 0 255 255
    213 241 255 196 200 255 97 243 0 39 72 220 245 156 142 0 0 255 255
    244 167 139 255 0 106 255 255 0 255 161 255 253 0 253 255 255 37 168
    255 0 255 255 255 158 122 255 216 4 219 149 73 151 170 62 158 0 255
    153 0 0 255 3 0 255 255 81 54 65 255 5 76 38 0 245 0 0 213 36 255 91
    90 255 191 200 10 227 255 255 0 210 0 255 90 155 48 255 27 158 0 13
    0 52 189 255 255 102 149 16 234 225 255 0 255 199 191 143 255 216
    236 202 79 0 6 165 120 170 210 0 255 255 230 171 88 219 0 234 0 94
    91 250 63 255 78 0 29 138 36 208 255 149 83 255 250 255 214 136 0 0
    62 210 160 8 31 238 60 175 94 27 0 0 43 227 44 40 165 255 191 255 0
    0 18 255 99 0 175 255 255 10 113 211 58 255 255 239 7 255 197 189
    255 243 216 0 74 0 50 20 170 16 0 173 39 5 172 0 9 74 187 0 251 150
    253 173 168 156 29 55 84 225 0 235 8 255 0 0 232 121 179 122 139 255
    0 208 16 34 44 211 14 113 255 124 112 86 255 37 81 22 50 108 0 186
    127 0 0 50 255 174 255 0 255 28 0 42 0 157 28 163 255 0 0 0 255 113
    0 114 169 0 63 112 0 0 32 54 227 251 22 156 255 255 0 255 0 23 61
    236 69 255 166 0 0 255 252 216 0 154 0 170 73 0 105 179 225 24 67
    255 22 172 21 255 181 124 255 255 224 255 72 255 137 149 213 255 0
    207 255 0 119 255 255 139 255 138 207 94 187 26 169 255 255 14 255 0
    210 39 143 255 63 255 214 2 42 0 206 255 0 227 195 210 155 183 0 255
    0 255 148 90 8 194 73 74 0 145 248 34 118 248 121 255 159 89 140 54
    74 255 255 67 216 0 164 255 0 0 204 105 28 135 255 87 0 28 0 0 0 242
    0 255 0 220 73 0 192 153 205 71 0 255 161 118 255 255 161 204 255
    255 211 255 0 0 255 0 119 17 74 213 255 255 172 63 216 52 12 79 20
    181 177 67 0 19 90 0 0 222 55 77 107 111 255 255 0 0 125 177 0 255
    65 78 110 44 34 140 74 0 94 255 255 255 63 0 60 101 177 208 181 255
    185 96 187 186 242 127 73 237 121 217 0 2 0 255 86 0 0 175 232 255 0
    0 22 220 255 162 113 84 222 19 255 159 49 255 192 0 0 147 20 225 9
    65 49 21 0 159 255 203 198 90 255 0 80 212 37 249 255 255 216 255 0
    8 0 249 0 255 97 255 0 0 53 0 254 225 178 0 255 0 0 227 98 255 99
    255 134 17 102 142 0 255 213 255 110 0 0 0 0 209 223 0 63 167 87 217
    189 255 0 1 0 255 0 22 124 236 255 158 255 133 73 95 133 108 0 185 0
    0 0 255 26 249 134 0 139 255 165 225 85 11 0 145 63 231 255 236 35
    74 0 230 158 0 78 255 255 70 104 0 115 144 255 51 0 255 168 72 255
    255 63 255 231 255 32 0 178 183 0 255 255 0 244 237 255 135 211 0
    169 91 90 190 74 0 255 17 58 216 255 54 153 255 51 0 176 255 39 0
    199 1 196 165 255 203 255 255 63 0 78 169 0 26 21 197 205 233 24 255
    244 0 118 49 255 255 65 64 178 147 192 250 227 255 0 255 0 74 7 71
    95 77 255 7 255 139 255 73 0 0 226 255 69 255 73 124 140 240 66 163
    242 31 140 0 143 139 215 255 91 255 151 255 169 0 0 217 0 26 9 255
    164 0 162 252 0 90 204 255 255 158 7 221 73 255 26 177 0 255 62 105
    166 255 0 250 45 255 209 94 0 255 28 241 255 255 255 0 195 255 86
    227 95 178 0 44 219 255 206 182 107 0 49 0 0 153 233 250 154 19 88
    255 45 0 245 168 193 12 0 0 92 0 41 204 0 255 0 101 255 126 133 0
    255 255 140 0 255 4 255 179 0 255 255 156 98 31 255 229 131 29 0 0
    94 0 32 181 101 0 152 0 192 107 211 164 255 163 245 244 64 0 176 18
    174 0 141 41 98 0 0 223 254 70 233 255 108 0 255 143 0 21 236 80 248
    246 209 0 43 255 0 219 255 255 154 0 13 8 3 224 192 78 255 0 82 239
    189 255 18 143 156 48 134 255 133 68 87 255 255 255 191 73 227 32 6
    19 112 144 115 167 0 153 180 239 78 73 169 253 255 194 131 0 71 189
    0 23 255 246 255 0 0 0 0 0 0 193 146 112 255 255 0 154 199 104 127
    211 255 49 124 92 197 9 255 22 116 234 13 255 255 74 255 105 254 255
    80 255 103 37 255 255 255 123 255 220 124 141 255 228 0 72 255 100
    194 255 237 186 62 255 0 255 3 0 255 0 243 255 255 255 131 0 19 141
    85 0 255 0 255 0 255 0 65 106 214 180 97 104 36 13 0 82 0 55 255 159
    244 237 255 48 255 0 241 255 50 248 0 255 105 82 193 0 255 0 150 217
    180 0 255 228 0 139 84 7 91 0 29 255 26 30 199 0 110 63 57 0 0 0 255
    255 255 175 0 0 0 0 255 0 212 228 57 136 0 206 118 0 129 12 190 0
    151 143 102 194 62 173 70 250 0 72 80 68 173 227 22 24 103 69 200 52
    188 152 56 199 0 232 40 220 242 255 0 93 0 49 255 198 0 255 0 194
    114 195 0 255 219 110 81 21 150 255 67 0 112 127 0 255 128 0 155 212
    15 188 255 19 65 0 152 0 106 0 255 0 132 0 206 0 122 157 30 199 255
    0 105 233 255 201 0 255 15 188 0 0 0 0 42 204 255 108 125 255 25 221
    0 255 214 0 26 108 225 55 78 255 253 214 255 0 160 201 255 255 133
    236 41 0 0 248 91 15 0 208 239 10 82 215 243 241 19 255 255 220 255
    255 247 50 0 23 191 38 208 129 255 188 255 255 156 0 68 83 216 0 70
    193 255 48 195 48 65 228 0 0 0 0 0 0 135 19 0 255 255 0 0 221 162 51
    0 163 131 255 223 12 112 255 239 0 255 171 255 255 255 255 14 159 24
    255 0 0 0 255 222 0 17 234 255 71 239 207 255 255 217 30 0 182 89 0
    22 137 34 172 192 0 189 104 0 185 135 38 236 0 0 179 0 217 112 209
    254 119 184 53 255 255 255 255 61 59 38 36 0 255 211 159 14 59 220
    55 241 62 187 3 0 186 54 255 255 255 96 216 76 145 255 0 87 96 208
    186 114 12 166 200 255 0 234 217 255 0 108 238 130 0 0 255 99 255 93
    255 255 255 255 31 156 248 236 162 0 0 102 65 0 0 255 0 245 0 57 191
    0 9 0 255 228 0 18 0 228 255 43 246 207 94 109 0 124 0 209 93 109
    255 0 255 0 62 99 0 0 0 17 56 255 255 108 19 238 0 71 40 154 73 0
    255 100 220 0 205 197 225 0 198 162 195 139 172 130 86 131 93 101 0
    0 248 255 148 245 249 83 0 136 29 144 254 0 133 29 0 24 153 255 0 0
    76 83 225 0 2 184 253 0 63 142 192 255 0 178 0 111 98 147 113 255 43
    144 244 255 0 0 0 255 159 29 171 0 255 93 0 0 255 255 0 28 43 3 169
    148 69 231 218 51 31 34 159 31 0 51 0 223 0 166 63 0 0 90 95 137 56
    0 10 0 40 188 224 0 170 0 255 207 241 95 255 0 19 77 38 255 8 48 0
    255 0 63 0 42 166 174 203 0 200 204 0 34 11 56 249 53 0 255 153 0
    253 255 162 241 223 0 255 238 255 255 0 22 141 179 255 255 0 39 255
    129 100 117 0 114 0 170 113 228 0 210 255 73 72 170 0 252 186 201
    255 169 236 131 155 53 255 229 0 255 179 0 11 129 14 0 0 209 255 132
    255 18 0 0 163 0 119 0 0 70 15 36 0 92 18 22 130 0 99 139 47 164 255
    39 30 50 31 255 0 0 255 0 0 0 255 255 174 96 0 196 54 2 190 0 132
    166 0 0 155 0 194 0 147 141 235 28 188 255 131 0 86 251 255 124 255
    122 0 79 247 219 111 253 138 132 198 72 255 245 75 63 5 255 88 255
    182 255 255 165 252 134 156 71 216 255 201 48 0 161 115 101 255 49
    255 215 146 80 0 240 34 132 255 47 0 184 4 207 14 0 0 255 255 211 96
    255 216 130 132 255 173 126 91 149 71 89 0 128 0 0 208 226 0 87 255
    0 0 249 50 255 138 0 159 255 140 242 255 255 0 252 255 33 152 0 255
    189 0 216 255 188 255 0 72 255 0 255 0 109 255 224 0 79 255 0 255 0
    149 109 62 0 252 10 178 230 110 86 157 32 205 255 254 0 0 186 40 45
    18 17 25 0 0 222 3 20 83 225 128 0 255 89 255 176 132 0 194 0 204
    255 255 141 255 255 0 109 48 241 88 0 87 60 255 0 233 0 178 138 255
    0 0 73 164 0 138 44 25 145 255 208 239 255 107 0 28 0 16 2 255 6 0 0
    237 22 29 255 0 0 211 58 205 159 127 50 0 255 64 255 0 0 126 0 0 85
    255 63 0 183 112 24 203 0 136 177 255 140 239 255 177 0 159 0 180
    246 26 0 255 0 88 0 255 118 98 232 255 249 32 8 255 43 121 255 255 0
    200 243 255 181 135 255 155 49 111 0 65 147 0 0 68 255 55 122 123 0
    52 105 20 50 209 244 255 250 0 0 31 9 222 0 133 223 221 255 180 200
    144 61 255 132 255 193 44 207 103 50 0 209 255 134 233 127 255 54 0
    213 255 209 226 172 0 0 195 90 78 0 186 150 222 255 0 35 181 0 0 115
    4 123 255 0 255 127 88 246 0 240 0 218 177 208 0 147 255 255 184 255
    0 0 1 20 13 255 0 137 255 165 255 244 140 0 242 213 57 0 190 212 215
    255 255 85 255 255 5 255 255 237 231 255 0 151 98 114 215 0 177 24
    87 255 13 81 0 33 54 189 116 255 0 255 148 77 204 27 131 227 222 255
    132 171 0 238 255 42 41 0 208 54 59 0 158 12 8 0 0 184 0 162 0 174
    191 104 255 0 30 130 86 137 192 128 111 46 255 0 31 255 39 255 233
    255 0 49 22 254 122 158 219 0 64 109 69 3 0 51 92 162 0 255 0 146
    228 255 255 255 60 105 166 20 12 136 212 221 255 33 34 0 43 70 15
    220 255 6 0 97 57 72 176 173 130 54 9 212 255 160 27 255 0 94 255
    237 97 0 255 0 109 132 0 134 49 168 246 102 82 255 170 40 170 53 191
    255 67 42 134 219 144 242 217 15 233 146 221 14 0 73 208 255 229 201
    116 0 255 255 255 56 158 102 255 255 245 0 0 255 0 132 45 41 232 231
    230 48 36 122 38 0 101 0 25 255 208 191 50 51 46 0 77 120 176 196
    184 26 239 53 191 0 255 255 0 76 0 0 184 0 48 178 125 216 197 113
    180 204 167 54 175 75 133 122 217 16 2 164 0 255 255 133 82 192 123
    170 173 255 255 29 169 255 255 255 86 255 143 43 204 0 94 25 231 0
    226 72 164 81 84 182 148 255 13 186 237 27 0 255 120 255 0 143 166
    76 245 124 255 0 112 255 31 0 255 0 246 167 83 0 14 170 0 0 0 94 51
    0 96 0 112 48 201 255 41 219 200 255 196 0 31 13 65 255 0 219 236 20
    255 148 222 117 22 0 98 12 6 0 0 157 72 237 0 224 255 255 0 169 66
    160 255 0 0 237 255 92 255 116 100 0 255 109 152 255 145 226 0 0 19
    0 11 0 0 205 153 0 193 39 107 133 202 238 0 225 133 61 255 231 0 255
    0 169 11 0 82 146 0 255 220 61 255 171 255 40 247 255 255 99 34 255
    13 12 90 167 255 1 53 154 1 85 56 103 242 53 117 249 53 118 225 0 49
    88 94 255 187 96 255 31 98 105 131 102 209 255 76 0 225 75 0 102 183
    0 0 254 0 255 32 99 255 25 194 17 137 121 255 34 65 13 92 170 255 0
    255 190 246 2 246 0 255 33 255 114 255 255 255 64 120 114 163 175 73
    187 124 0 126 36 106 255 248 255 255 154 124 0 79 172 140 15 116 93
    153 26 173 83 55 255 219 144 199 0 253 254 255 169 188 203 0 0 151
    33 224 187 0 18 222 0 69 240 255 38 0 255 255 4 0 255 143 255 246 12
    255 150 6 177 219 247 155 0 0 0 255 42 76 255 255 0 255 255 53 121
    105 0 225 255 23 75 233 255 255 219 0 255 155 33 247 21 4 255 204 0
    0 0 255 255 0 255 13 38 0 127 22 197 248 74 9 179 255 5 0 30 111 255
    251 255 102 23 199 222 20 255 181 44 116 255 0 117 63 166 81 91 81 0
    255 205 255 77 255 0 35 55 255 87 96 255 255 169 101 127 130 0 162
    196 23 95 242 32 130 49 250 246 59 110 253 97 193 16 255 33 0 255
    149 0 41 0 0 39 0 255 215 163 255 0 255 217 255 55 122 29 255 107 0
    172 237 210 255 119 0 128 160 28 255 24 113 139 0 0 255 207 127 43
    255 40 0 0 206 255 143 76 255 255 0 125 255 0 255 252 0 193 108 27
    34 0 255 255 255 255 4 49 170 245 0 44 152 151 204 255 69 19 182 212
    247 255 255 129 130 13 38 216 230 255 254 23 43 245 245 0 0 243 0 0
    0 255 76 61 180 121 0 0 177 0 255 142 0 255 255 0 0 140 238 130 237
    84 0 220 178 250 0 189 50 59 20 255 255 154 74 182 61 68 255 67 235
    106 255 94 150 167 95 255 190 217 0 123 127 255 255 43 204 40 191
    154 255 241 94 52 71 166 229 126 207 80 0 154 218 159 255 32 0 255
    195 255 139 160 255 248 255 38 255 108 190 0 23 0 73 35 255 0 0 192
    141 255 49 69 177 255 255 255 185 144 102 53 34 153 112 219 72 60
    251 0 251 4 37 255 189 255 82 255 102 0 108 221 0 7 242 226 212 99
    255 255 255 16 255 202 225 114 0 255 255 0 7 255 0 0 0 48 255 110 72
    0 160 141 18 255 66 65 219 98 200 187 255 187 0 159 161 232 50 255
    251 122 255 188 125 0 94 132 153 255 251 52 0 255 33 0 0 94 255 255
    132 113 23 2 0 0 139 179 255 255 67 221 105 255 0 230 21 193 24 0
    209 245 0 0 78 80 40 255 129 120 180 0 230 0 35 189 0 226 0 61 255
    215 160 255 64 249 232 0 255 0 240 255 243 255 74 0 0 67 56 50 71
    154 0 126 222 255 0 215 224 32 255 0 255 184 255 52 17 255 243 172
    116 255 166 87 0 79 163 130 5 242 34 0 124 255 149 122 106 70 199
    216 227 255 255 86 161 248 94 13 141 193 42 73 251 230 0 41 255 170
    229 223 0 78 233 221 216 103 56 0 93 248 0 247 255 155 255 28 133
    255 46 255 0 255 165 135 58 8 144 0 238 255 77 86 225 107 126 255
    255 156 0 255 0 41 192 86 255 182 255 126 131 0 8 239 221 255 0 255
    255 255 98 145 255 0 0 174 192 200 178 98 0 212 0 202 154 210 0 112
    248 83 106 95 167 0 0 213 57 181 207 158 89 201 255 122 0 0 0 154 0
    116 172 255 218 0 189 255 0 255 32 91 30 0 255 217 0 68 0 255 0 253
    99 0 119 0 16 211 249 0 255 184 159 0 164 255 94 6 0 255 52 0 214 75
    214 0 13 86 119 27 255 84 142 255 59 75 168 0 186 26 0 29 5 255 255
    7 177 255 101 0 155 255 0 6 255 241 0 255 0 0 104 255 193 0 255 89
    62 46 93 0 169 119 0 95 151 35 0 102 255 0 255 255 61 224 88 194 208
    255 0 200 0 255 99 0 246 107 255 52 66 255 255 18 222 177 0 228 255
    73 0 205 105 113 52 255 238 0 255 174 0 123 230 177 0 0 149 196 249
    76 0 255 114 0 39 8 0 0 255 255 0 233 255 0 163 56 0 192 202 224 145
    255 117 255 4 255 255 20 157 106 106 255 233 255 195 48 164 99 255 0
    0 227 150 202 0 0 255 191 47 136 155 115 255 165 255 255 215 125 0
    236 122 171 0 205 68 235 99 0 92 174 70 49 60 0 182 213 201 255 179
    96 255 189 255 231 0 0 94 174 2 0 195 128 186 225 0 51 166 52 181 40
    255 87 244 115 225 163 193 63 128 137 255 173 61 59 44 255 86 156
    255 24 255 187 165 58 0 116 238 0 0 0 124 214 213 255 53 156 255 255
    0 255 255 255 251 0 168 230 4 88 255 255 255 107 156 255 0 34 2 54
    19 42 191 120 86 130 203 163 0 40 71 201 123 118 120 0 0 0 114 61 74
    0 136 0 250 255 78 81 38 0 231 204 0 28 0 126 177 46 0 251 0 145 217
    133 93 255 0 0 97 246 142 35 89 214 255 50 47 255 92 35 0 0 85 255 6
    255 255 17 80 169 173 149 0 255 0 133 236 241 84 44 144 5 44 255 41
    157 25 202 255 216 0 204 104 255 255 31 77 255 249 255 103 237 73 0
    159 255 120 171 255 177 193 157 255 10 169 160 208 0 255 207 0 0 138
    82 0 110 0 230 102 255 255 255 136 255 22 80 108 255 113 215 0 202
    255 0 116 226 168 0 115 0 255 219 4 255 106 220 18 255 198 193 229
    68 141 42 26 0 255 255 139 0 41 0 0 13 255 255 0 255 83 255 0 20 164
    255 129 249 63 255 196 120 175 56 255 0 229 0 195 133 136 0 255 242
    0 0 255 142 76 1 234 255 0 215 0 164 0 28 115 0 199 255 4 38 118 207
    129 255 104 255 252 223 8 246 255 255 8 213 138 230 255 37 13 42 9
    133 255 255 99 193 0 187 0 224 104 66 255 190 0 255 0 241 118 0 126
    175 19 200 255 10 72 252 215 0 197 255 3 0 211 166 0 255 87 225 0
    160 87 255 255 69 223 0 0 57 210 0 79 69 238 0 220 43 57 255 0 12 0
    253 255 0 200 175 89 255 141 51 31 202 0 196 233 11 0 135 27 255 255
    30 255 255 238 40 18 203 194 255 255 255 63 142 68 0 32 28 0 255 245
    167 255 255 131 142 255 108 246 0 82 255 254 0 92 242 0 0 42 238 175
    52 142 236 0 14 16 184 0 255 247 255 246 255 146 0 255 255 88 255 0
    94 151 255 155 139 0 233 255 113 255 101 164 64 0 160 255 0 169 227
    119 255 32 97 98 215 255 0 255 240 99 136 255 130 108 135 52 0 255
    181 87 33 255 240 0 255 0 119 255 0 255 145 176 130 255 87 227 146
    241 153 222 193 255 0 255 255 0 70 0 192 0 61 210 45 0 250 155 0 210
    197 0 49 0 0 9 177 113 210 0 255 119 0 228 216 255 0 0 255 196 143 8
    0 0 93 180 255 96 209 245 124 0 0 255 255 118 0 255 66 240 255 255
    31 92 255 23 173 0 31 0 255 63 193 154 51 240 33 67 132 17 39 0 255
    0 191 100 72 255 17 96 199 0 66 1 0 255 92 255 255 0 79 246 63 226
    139 56 125 0 0 247 207 102 0 0 0 0 132 0 255 248 212 63 100 186 202
    255 0 149 236 98 147 240 1 0 230 255 237 0 178 221 186 107 55 255
    100 195 255 0 0 0 242 1 200 255 255 0 52 255 5 255 115 0 143 0 0 37
    0 83 107 127 149 255 0 218 0 18 225 94 45 255 141 182 144 255 0 255
    188 0 89 21 227 255 21 255 255 125 255 255 0 0 255 185 99 0 187 20
    255 0 4 255 248 0 135 44 255 69 8 75 102 255 170 17 244 108 253 66
    152 255 229 176 0 255 0 255 201 44 0 0 43 151 217 0 167 209 104 255
    255 147 19 255 255 83 201 9 0 0 62 214 0 0 132 0 152 139 28 67 255 0
    113 190 255 0 170 255 255 29 200 255 0 29 233 30 51 0 255 79 228 161
    52 140 179 0 151 86 255 136 187 136 159 60 0 157 0 19 255 81 178 70
    255 0 0 178 33 27 0 225 219 28 0 205 255 178 139 6 0 22 88 0 22 0
    182 195 0 255 9 228 30 210 212 0 64 96 186 165 87 3 0 0 0 235 136
    113 0 255 8 0 91 0 234 14 54 0 255 46 255 242 158 36 13 151 7 58 236
    0 255 104 0 14 74 0 0 132 97 255 0 83 255 0 153 222 255 78 245 79
    158 233 12 0 255 16 206 2 4 255 98 255 197 155 239 155 0 0 58 254 0
    129 187 141 0 193 0 92 255 82 216 147 0 0 0 158 0 229 214 0 255 109
    255 251 196 255 88 196 215 186 255 71 255 203 194 38 216 115 86 0
    255 0 195 130 168 42 190 180 255 0 43 0 176 124 46 160 0 83 0 255 62
    240 0 24 61 0 255 14 0 255 25 255 15 160 0 96 255 201 36 0 24 211 85
    0 0 109 252 93 0 118 34 0 146 11 0 255 77 0 105 141 255 61 94 255 0
    243 0 26 212 21 145 125 207 152 230 255 246 130 129 250 255 255 0
    255 0 0 0 255 199 0 255 0 237 149 42 246 0 202 255 255 73 0 220 48
    207 0 0 169 127 87 194 255 255 252 184 21 110 255 33 251 235 42 193
    58 108 0 122 169 255 24 254 0 87 0 141 0 147 0 68 255 101 0 20 139
    53 233 70 107 174 224 30 128 255 0 67 255 255 255 227 0 12 110 255 0
    196 0 0 255 14 255 76 154 242 157 255 240 255 217 255 128 2 37 120
    93 0 219 0 167 255 213 0 151 38 142 117 238 119 72 80 255 65 0 179 0
    88 255 0 9 255 255 203 51 124 21 255 104 255 10 144 255 99 255 229
    227 0 255 176 64 89 8 255 98 34 0 156 195 255 0 252 255 130 248 0
    255 217 0 104 86 38 99 61 255 148 240 150 162 0 0 187 0 117 133 238
    255 153 99 224 255 0 1 203 188 103 0 24 227 70 77 178 48 255 140 65
    168 29 0 28 230 239 9 0 0 157 121 0 186 79 0 255 0 191 9 255 255 109
    2 0 215 143 174 100 0 121 255 230 2 255 255 51 255 95 220 123 11 245
    177 255 161 118 35 126 180 160 210 59 107 34 230 0 0 255 0 177 255 0
    40 215 172 25 213 249 0 176 186 219 195 255 72 14 195 255 226 0 248
    23 0 47 0 255 255 244 118 122 148 196 255 49 255 93 32 197 0 71 0
    159 135 67 255 0 101 255 175 158 0 0 150 0 126 244 183 53 244 62 99
    175 53 98 235 34 255 23 0 187 189 240 81 80 0 0 80 0 255 225 0 169
    237 76 63 77 98 97 116 204 118 202 237 74 255 194 255 128 85 255 174
    41 234 51 255 198 0 201 127 21 162 49 0 255 37 125 0 255 184 242 86
    255 190 255 0 156 179 0 4 255 107 255 138 165 175 255 120 135 2 2
    223 153 67 0 255 58 213 92 75 245 209 227 0 221 255 11 255 67 255 81
    255 0 178 255 0 0 94 255 0 192 61 177 0 222 0 18 234 67 255 45 255
    176 5 84 14 255 113 0 0 0 83 216 94 128 255 255 71 11 217 0 0 0 42 0
    35 93 0 255 253 255 65 68 255 235 0 0 183 0 0 49 76 205 0 119 255
    255 186 212 255 161 123 255 60 225 65 87 103 209 0 55 156 255 106
    195 161 255 255 115 213 0 123 114 255 150 0 0 0 17 59 0 255 0 0 7
    255 165 70 220 95 160 74 0 109 227 202 0 61 138 255 255 168 200 0 0
    229 138 0 9 61 165 202 0 232 255 163 255 229 162 120 255 152 216 179
    227 188 147 3 255 0 201 178 0 255 136 127 0 112 167 0 255 134 65 255
    0 89 255 74 251 255 47 245 204 101 31 27 254 0 255 242 40 0 255 0
    255 29 34 177 255 0 87 225 255 232 255 36 255 234 232 166 230 10 255
    137 131 210 196 211 124 79 113 0 0 0 0 15 45 163 192 0 0 0 252 66
    244 218 6 16 255 18 167 255 255 12 97 255 234 0 133 81 245 91 26 119
    255 225 0 234 255 0 50 14 129 0 94 89 0 192 231 255 255 109 0 243 13
    0 252 148 255 255 98 64 32 255 0 49 102 29 234 82 138 0 169 231 4
    241 157 81 116 0 10 219 198 129 0 235 209 255 109 255 0 11 0 159 97
    0 255 21 151 18 13 0 255 212 43 255 38 160 255 251 0 211 50 255 0
    255 154 159 205 0 0 255 140 185 11 0 255 195 53 153 26 42 218 255 73
    5 194 255 0 207 255 0 0 176 66 78 0 51 0 231 0 31 58 39 0 165 32 0
    255 210 72 64 145 247 110 0 140 0 255 250 255 248 123 19 155 196 0
    133 221 191 49 15 105 91 84 119 170 255 58 235 255 214 0 255 255 255
    0 247 0 0 91 88 3 234 0 142 255 0 0 11 0 73 53 255 83 0 255 122 27
    196 255 148 0 25 33 0 255 11 218 68 255 104 255 221 0 0 14 43 246
    255 255 181 21 92 255 255 235 112 255 242 61 3 75 255 208 191 141
    133 102 8 9 251 147 18 237 255 109 156 205 0 71 45 0 248 255 0 179
    226 0 50 167 0 1 213 255 119 255 255 82 255 252 8 0 255 0 2 136 0
    168 204 255 4 51 152 65 30 236 0 0 0 104 109 255 0 99 255 11 0 255
    249 154 72 244 44 151 255 189 150 114 0 46 165 57 113 240 41 121 0
    21 255 255 171 169 255 13 174 94 30 210 177 57 123 98 14 150 251 157
    0 58 0 108 0 255 67 0 255 255 118 255 83 29 212 0 0 245 255 0 29 0
    74 195 100 255 2 143 174 236 247 93 205 133 0 0 30 249 0 29 255 188
    0 162 183 0 107 255 59 0 255 122 49 255 107 255 0 0 174 255 216 0
    232 255 176 0 77 255 31 255 22 187 69 32 0 179 0 205 232 0 2 250 18
    56 174 18 30 255 24 255 236 114 102 255 53 120 234 227 118 18 222
    198 203 42 255 121 255 255 127 0 107 82 26 64 179 255 12 191 255 191
    196 236 122 255 0 215 0 205 207 255 201 106 230 255 255 0 135 237
    242 101 255 255 0 244 255 33 55 104 0 0 255 68 53 234 182 130 195
    255 0 103 255 255 37 209 255 241 0 0 0 0 170 0 29 87 90 60 108 108
    91 134 93 28 255 0 17 0 0 210 132 0 79 35 243 212 255 0 166 0 0 2
    247 113 255 202 198 41 5 255 48 85 197 255 163 220 255 60 86 255 255
    246 93 255 0 0 0 61 72 7 255 170 255 0 149 255 138 0 133 122 0 0 128
    0 133 0 225 255 237 22 255 255 102 130 52 25 255 66 95 30 189 248
    255 203 159 221 0 169 0 255 172 190 66 255 255 218 255 200 133 255 0
    255 211 117 0 255 32 68 243 85 0 0 137 0 213 255 16 253 45 0 255 0 0
    8 0 97 222 58 169 255 255 250 230 168 255 150 6 255 209 161 117 111
    57 0 0 125 66 0 39 157 187 63 151 255 26 159 113 0 19 6 255 76 23
    101 0 125 150 120 210 0 204 228 255 0 165 0 255 255 0 231 255 216
    111 255 84 255 29 46 31 172 104 57 0 66 177 7 70 193 255 255 37 92
    84 51 5 154 186 117 0 38 122 200 162 134 206 255 142 255 64 155 255
    0 0 156 255 125 98 210 55 89 0 255 0 35 255 146 27 255 255 127 174
    122 213 34 202 212 255 144 255 52 233 95 13 141 91 8 179 0 255 0 0
    41 42 255 180 255 255 235 170 177 0 158 172 0 214 0 253 162 0 118
    230 255 189 0 0 255 0 49 217 175 154 121 92 4 0 0 101 255 152 255
    109 255 141 211 56 255 255 219 115 221 255 0 0 0 65 247 247 255 255
    108 78 24 255 232 140 132 8 199 88 75 255 161 111 81 15 255 91 71 80
    8 73 150 255 0 10 255 36 126 0 0 0 95 52 111 155 141 255 208 45 255
    240 0 0 61 21 153 135 129 0 147 168 255 91 0 89 105 114 43 31 225 0
    255 0 56 246 255 92 190 162 144 255 0 255 255 217 255 80 1 246 47
    162 0 42 255 0 26 0 80 249 234 255 228 20 186 150 0 250 123 255 255
    230 255 0 0 0 255 0 255 12 9 139 147 245 0 255 221 189 92 255 255 0
    214 163 64 125 0 181 39 0 255 96 95 0 160 255 255 246 21 49 189 255
    0 140 2 255 234 255 142 255 95 102 73 0 160 0 0 0 255 228 0 0 206 0
    0 26 211 187 255 215 178 223 160 246 0 80 52 0 228 73 0 221 0 222
    111 255 139 64 115 0 255 0 199 194 229 184 64 23 126 255 155 44 2 76
    193 255 36 53 0 255 255 0 190 255 255 91 0 22 0 255 155 198 106 114
    0 255 180 0 255 175 77 131 244 17 255 86 0 88 0 0 255 255 0 224 136
    158 85 0 0 0 255 71 122 156 64 0 31 0 0 255 68 255 0 0 120 218 0 155
    10 98 255 190 255 209 82 98 227 203 239 201 112 142 80 126 255 105
    69 0 58 141 244 0 0 250 255 0 22 92 0 73 65 91 185 255 0 206 0 143
    124 255 33 255 71 225 7 0 48 222 255 248 0 255 69 189 255 160 242 0
    88 255 67 74 255 233 144 139 51 206 250 0 4 0 255 9 0 0 187 0 42 37
    0 136 17 54 255 255 245 255 64 0 7 255 0 242 255 137 183 145 40 181
    74 29 0 255 255 246 255 0 255 240 12 255 252 45 146 255 255 252 255
    44 255 233 0 255 0 0 91 23 0 83 176 243 250 255 214 0 0 65 86 134
    255 215 97 0 97 251 0 255 50 255 56 0 5 145 0 196 47 75 125 12 255
    172 92 149 196 15 188 0 0 114 118 124 255 177 100 8 47 102 0 216 18
    28 76 245 148 255 14 255 244 193 121 255 255 0 83 124 96 124 74 26 2
    83 255 0 35 238 0 255 91 130 32 255 102 149 111 255 152 79 102 255
    139 62 187 121 64 255 0 255 114 255 255 28 0 113 0 169 179 118 0 246
    4 213 26 17 162 0 255 75 194 173 137 232 239 169 198 239 198 0 94
    153 0 10 0 174 255 0 0 0 180 255 255 154 255 255 0 0 113 10 188 104
    49 81 0 255 207 255 0 255 255 255 64 27 208 218 244 255 255 162 178
    220 0 253 122 74 0 56 101 203 255 71 172 174 255 182 40 219 70 0 13
    67 0 45 0 33 255 150 255 79 18 239 0 163 255 49 193 153 80 190 255 0
    0 140 236 160 0 5 215 0 115 253 0 103 244 93 35 255 0 255 115 38 0
    255 255 0 255 255 255 0 0 151 255 171 0 115 0 0 0 59 255 0 247 108
    255 255 8 0 56 118 103 161 207 110 198 0 223 90 198 97 255 255 0 47
    181 200 0 255 206 236 3 9 202 63 0 0 176 139 74 165 81 34 39 23 0
    255 0 255 150 203 29 89 25 90 161 0 80 69 0 0 136 205 1 53 148 189
    227 255 197 0 80 0 76 0 125 1 154 8 220 0 0 34 255 10 0 187 194 0
    255 9 214 175 255 12 90 162 139 180 183 60 0 0 0 255 162 0 91 74 47
    117 253 255 144 0 252 63 209 226 255 0 255 246 0 174 255 211 0 199
    64 191 238 245 255 32 46 255 193 255 255 254 46 255 4 205 204 124
    143 4 151 1 80 219 135 137 208 0 246 0 144 0 42 80 1 16 26 145 64
    255 0 0 255 202 255 158 35 0 255 107 255 193 226 102 111 104 225 178
    206 255 0 255 146 75 30 170 122 255 5 152 255 71 0 0 255 145 96 255
    255 165 2 255 91 0 78 165 39 207 146 255 22 125 143 204 83 58 119
    241 192 0 204 108 209 38 97 118 205 191 0 79 83 255 99 0 255 255 221
    0 179 255 132 0 255 16 255 0 90 0 182 17 176 255 0 25 35 161 31 98
    255 89 18 76 0 255 169 0 45 70 221 204 163 0 151 255 86 62 0 171 236
    36 182 76 216 0 0 255 84 217 216 42 255 255 253 0 0 76 248 60 245
    170 123 14 0 229 93 100 124 255 75 234 0 194 199 204 192 178 224 247
    195 5 4 79 14 254 175 255 233 19 39 187 23 41 8 146 101 255 247 255
    255 250 255 86 255 0 158 0 124 175 0 0 21 29 250 14 132 116 204 255
    11 240 45 143 0 208 227 136 44 0 0 0 180 150 92 255 44 0 255 86 96
    56 45 145 125 152 0 200 255 110 250 73 134 110 124 255 0 243 163 81
    107 99 0 58 23 196 236 255 229 241 217 255 66 0 0 53 0 9 0 161 47
    255 96 144 255 178 255 126 51 255 0 85 94 174 97 157 0 255 26 98 40
    15 203 255 0 135 197 102 201 171 0 224 182 13 250 84 0 193 0 106 85
    255 0 77 175 143 13 157 255 99 208 255 0 255 168 0 26 0 73 246 0 0
    193 0 27 0 255 182 87 255 242 222 100 255 139 255 255 0 0 0 255 0 84
    255 160 161 174 255 195 0 255 228 26 0 255 255 237 96 102 255 218
    249 0 159 245 208 120 0 101 255 234 255 0 255 100 255 255 71 0 248
    54 127 255 245 49 97 69 158 4 104 45 30 0 64 0 218 255 255 83 0 134
    184 0 255 255 207 141 20 207 88 145 76 255 244 35 84 187 87 255 0
    255 255 90 203 255 171 61 0 255 4 48 0 0 208 0 255 166 0 116 0 0 74
    110 111 157 62 236 255 0 201 9 130 237 255 218 231 91 234 142 175 91
    255 255 248 176 244 255 255 92 204 106 97 250 0 232 242 82 255 255
    89 181 23 234 53 56 31 157 237 11 155 84 118 171 120 255 38 217 175
    123 48 0 255 0 64 194 0 75 33 63 232 223 38 149 63 114 255 250 48
    184 255 24 149 50 255 129 184 241 235 255 251 255 255 181 226 0 222
    225 0 19 99 0 255 213 50 72 246 255 206 0 255 0 0 0 93 44 17 217 68
    0 255 1 238 196 229 0 0 13 173 255 0 255 255 2 51 0 174 124 101 255
    0 0 223 0 0 255 124 189 255 255 5 173 0 105 76 249 255 182 255 154
    62 69 255 220 193 255 74 145 255 45 255 31 0 56 114 0 255 37 193 213
    0 255 70 7 83 0 255 167 12 255 255 169 242 110 198 64 7 3 55 188 50
    254 218 255 138 75 177 0 99 156 180 2 191 147 212 255 119 0 129 26 0
    255 0 158 241 172 247 255 81 15 103 0 64 153 255 0 202 232 0 255 255
    255 14 38 255 255 0 88 203 187 210 85 13 0 192 255 62 225 190 0 255
    0 0 151 255 78 65 255 212 255 0 43 0 0 255 0 255 1 243 58 85 47 217
    83 102 64 200 8 255 139 10 0 0 205 40 173 186 255 78 0 80 255 87 166
    255 0 134 191 0 0 0 0 108 198 0 0 0 0 116 0 255 0 0 0 211 122 255 0
    234 255 0 80 98 255 181 118 191 34 179 160 123 184 0 0 87 207 155 0
    165 0 0 90 0 0 125 255 73 93 66 53 193 0 0 38 255 110 0 34 255 255
    141 28 111 41 6 0 45 0 9 0 77 119 255 91 121 0 0 234 171 0 236 250
    255 120 100 65 201 122 71 186 255 255 255 255 0 0 60 185 139 0 69 0
    0 255 0 255 58 38 255 115 0 186 50 73 166 70 104 255 64 0 255 3 155
    5 0 0 0 108 99 194 159 255 255 0 255 255 255 199 209 255 0 240 72
    255 255 255 225 38 160 0 254 35 56 209 0 103 204 255 156 30 215 0 40
    0 10 21 178 108 155 155 42 87 0 0 230 0 0 0 255 34 0 90 225 2 110 69
    36 255 0 245 255 243 197 68 255 0 186 222 10 7 255 255 0 223 189 255
    255 156 223 97 22 0 192 26 0 99 255 255 249 0 78 255 0 7 6 20 0 0 57
    13 122 232 155 100 227 210 57 11 186 68 66 0 255 0 51 255 89 40 80 0
    253 137 73 199 255 145 20 0 74 117 0 168 160 0 198 0 255 255 4 255
    255 227 255 81 6 168 0 115 0 210 134 125 0 106 0 0 0 215 140 187 255
    131 5 252 0 227 6 48 242 57 121 0 136 255 50 45 214 65 255 106 124
    92 255 0 42 255 216 111 172 255 100 255 0 248 170 215 59 116 23 253
    255 255 197 162 255 0 72 0 0 12 192 105 0 145 0 61 0 66 255 255 54
    182 52 131 52 245 245 155 0 0 105 42 255 72 161 255 219 52 169 4 255
    0 255 245 33 0 255 26 0 255 102 81 139 0 41 162 124 152 122 199 236
    0 202 101 223 195 161 119 210 8 238 5 29 0 255 0 128 155 123 177 35
    125 255 13 184 255 255 13 65 220 0 165 82 60 221 105 76 195 178 232
    20 188 222 255 159 46 0 14 0 200 255 98 210 228 183 255 255 24 150 0
    255 97 0 36 107 6 0 37 0 253 246 166 108 0 255 255 255 174 0 213 195
    0 230 255 162 6 20 0 132 6 0 255 215 129 255 160 255 0 175 248 255 0
    130 5 158 46 17 191 136 0 0 126 149 174 52 203 91 255 2 0 255 238
    228 70 46 255 255 15 0 146 255 8 0 137 0 180 255 155 65 190 134 178
    0 44 114 169 236 169 196 255 255 73 255 144 87 82 248 131 97 150 255
    0 248 221 87 180 69 255 255 130 242 11 121 254 0 110 13 255 255 93
    255 255 15 255 90 255 255 204 0 108 72 255 224 0 68 229 255 67 61
    246 210 255 121 0 102 0 124 84 219 87 209 185 25 245 65 0 255 0 165
    241 179 255 192 255 255 0 0 217 0 121 221 0 0 105 255 0 255 31 20
    232 255 0 245 255 153 162 158 89 194 0 255 84 65 80 0 57 201 30 63
    255 57 0 1 0 255 163 48 250 214 105 126 255 23 120 213 255 0 42 99
    223 102 0 70 255 0 26 255 255 255 153 0 72 1 255 224 0 102 255 255
    73 0 241 134 186 66 104 255 121 255 225 160 199 135 104 0 108 0 249
    150 178 0 178 165 205 40 73 45 0 31 80 68 255 236 255 255 0 105 144
    0 255 100 16 79 52 255 255 255 255 143 232 58 183 178 199 157 120 0
    158 0 57 255 51 28 255 84 255 255 255 182 129 85 0 203 0 230 119 119
    255 0 255 0 80 178 255 255 69 127 11 211 72 249 196 251 244 223 120
    98 0 0 5 192 162 38 255 79 230 71 255 255 192 255 0 175 23 71 226
    251 255 255 0 0 0 83 37 128 0 255 116 224 70 33 176 222 11 125 36
    255 156 0 109 255 255 255 20 213 6 2 51 239 255 15 3 0 80 0 255 0
    255 228 191 195 22 119 211 168 117 0 255 255 2 179 19 144 167 52 131
    255 0 236 255 196 0 255 44 56 97 0 106 57 0 0 255 255 56 167 49 255
    0 212 44 97 255 114 248 0 68 143 0 120 0 255 0 185 128 255 249 243
    33 0 14 32 255 0 167 255 0 151 0 57 107 146 151 5 184 0 255 196 0
    255 197 0 132 159 242 8 92 133 98 23 9 188 0 0 183 241 58 233 0 0 56
    247 181 142 255 0 51 255 193 231 89 34 255 137 106 48 2 169 110 255
    160 0 0 171 69 191 0 17 232 148 0 0 122 0 255 211 247 216 99 5 202 0
    173 152 115 24 93 0 102 255 0 205 64 217 66 255 92 47 160 255 255
    255 0 35 0 245 29 255 9 0 169 24 49 218 162 203 0 179 40 255 255 0
    140 255 26 90 0 255 0 255 12 255 15 0 102 0 255 212 150 149 255 0
    255 253 0 207 224 255 11 255 112 166 255 42 208 58 101 145 22 255
    255 0 255 117 255 56 87 255 123 243 191 252 87 255 2 0 54 255 199
    255 103 217 97 0 255 220 68 53 0 31 0 213 132 195 58 23 180 255 187
    81 0 125 186 22 198 0 255 181 255 152 93 179 253 152 255 0 255 0 92
    120 0 45 98 0 0 0 255 0 0 3 246 92 155 99 214 107 255 152 93 253 255
    184 130 230 0 97 218 156 255 255 255 255 226 211 255 58 98 13 177
    255 0 93 130 0 25 143 15 255 168 0 255 64 160 255 175 50 0 255 21
    225 0 113 129 255 0 255 172 108 155 0 238 255 208 0 244 117 107 0 71
    0 105 144 152 255 238 255 0 53 192 121 62 235 240 188 255 0 139 255
    181 21 255 111 64 0 46 5 241 222 104 42 255 231 0 255 51 0 83 79 0
    46 68 243 7 91 0 255 55 234 255 24 69 153 0 27 89 76 0 135 250 255
    85 62 201 143 0 0 255 0 0 14 0 123 255 155 255 255 0 65 30 255 0 0
    16 0 72 255 15 202 11 21 0 255 76 255 177 255 29 255 255 255 58 0
    255 161 201 0 255 122 0 255 3 114 149 3 255 255 5 211 0 255 194 255
    255 53 255 195 255 178 155 0 255 12 0 213 255 255 152 200 228 0 0 2
    255 50 98 122 45 39 233 0 0 230 79 76 255 0 21 94 255 39 255 0 0 255
    255 237 167 245 116 0 137 255 0 223 255 0 49 139 0 145 0 94 33 85
    255 7 0 0 96 247 17 72 117 0 255 208 255 12 252 156 21 0 255 173 118
    237 255 0 0 234 158 0 216 90 118 232 255 198 91 90 196 43 0 146 248
    57 140 118 224 213 0 170 204 11 0 158 250 120 146 255 79 0 178 255
    201 171 120 255 0 255 24 205 255 0 0 125 40 252 108 127 213 0 93 97
    11 0 35 223 212 68 212 46 255 10 94 86 253 65 0 202 0 132 255 58 220
    148 174 255 77 113 63 180 255 255 255 110 22 0 18 165 255 255 0 47 0
    0 255 193 28 214 6 144 60 77 0 99 84 167 0 221 245 251 248 169 201
    108 255 143 255 0 255 69 196 199 255 255 0 0 116 10 0 154 42 255 246
    254 122 28 233 158 155 175 0 184 123 186 163 152 235 0 255 176 0 153
    255 63 0 125 97 151 151 255 206 255 175 90 189 255 250 161 0 169 4
    89 255 77 197 92 163 100 164 241 20 247 0 255 255 0 203 240 44 0 255
    193 242 22 255 255 26 90 0 0 88 76 172 0 253 69 143 97 150 94 114
    255 141 0 94 125 53 255 156 39 131 161 255 22 43 0 97 150 34 255 255
    255 176 120 0 0 83 0 125 198 183 168 186 121 222 132 0 10 0 255 0 0
    183 118 84 0 139 0 51 255 179 255 1 0 10 214 255 255 220 255 255 0
    215 250 255 241 0 251 255 92 248 204 39 255 131 111 113 48 77 211
    255 221 29 238 171 100 255 244 28 163 255 149 85 255 0 23 255 255
    255 0 249 0 76 255 75 153 129 26 0 0 206 0 0 255 17 0 255 0 139 255
    0 58 255 203 185 3 255 0 65 115 50 122 65 255 150 227 169 49 255 255
    65 111 132 70 247 141 0 255 50 0 255 157 242 19 255 0 142 0 0 155
    145 255 30 146 118 20 248 0 0 241 225 212 0 4 36 255 0 0 255 246 0
    255 76 144 255 138 192 215 0 47 109 160 0 69 127 234 0 255 54 246
    255 0 255 234 0 166 0 150 242 0 202 255 209 0 31 251 192 254 255 57
    0 120 0 108 255 134 114 233 0 255 119 255 11 0 0 131 115 156 0 255
    24 114 111 244 0 146 212 59 0 255 29 7 0 33 255 144 72 98 144 140
    123 0 180 0 183 148 0 255 0 249 233 0 152 255 71 206 2 196 0 219 60
    73 184 21 0 97 99 32 0 0 0 0 237 255 62 142 255 222 255 15 254 51
    255 200 210 85 255 255 125 119 255 243 27 147 0 193 56 255 204 218
    255 231 230 222 237 255 25 114 44 75 255 255 255 239 134 255 255 227
    228 160 104 20 10 90 0 0 255 0 0 241 255 218 255 15 191 58 0 0 53
    187 255 73 10 0 0 0 39 255 141 0 137 52 125 192 0 0 171 14 214 18
    151 147 248 57 144 156 208 27 34 0 170 69 139 255 0 0 255 0 14 132
    115 242 0 225 115 96 242 163 120 135 21 255 12 220 168 92 255 199 74
    165 21 255 184 0 0 0 121 191 120 255 255 229 175 77 169 224 84 0 0
    94 27 104 255 255 255 101 147 22 18 59 75 55 75 79 151 255 32 32 255
    94 0 46 205 24 202 0 255 158 255 2 255 255 73 170 255 255 137 15 110
    180 140 255 128 255 144 255 0 0 48 174 240 0 64 56 120 165 118 105
    228 172 255 0 255 48 67 216 57 17 255 0 80 255 46 255 158 0 0 255
    255 0 0 0 0 119 255 0 143 0 63 176 26 0 61 255 0 255 66 100 255 15 0
    65 228 193 197 227 0 89 0 96 156 230 238 18 174 47 2 194 226 177 161
    110 211 0 255 233 10 9 106 138 37 90 255 255 182 160 0 24 9 102 189
    53 55 181 0 22 13 255 72 0 174 74 125 255 222 0 38 126 236 255 255
    81 105 34 149 255 39 73 0 255 255 211 14 22 50 99 0 101 255 0 0 255
    9 255 255 0 110 255 207 0 255 255 175 156 115 116 0 21 128 0 0 253
    180 130 133 126 199 142 255 118 63 143 255 106 0 46 88 34 32 255 0
    209 130 227 107 33 236 225 255 0 255 233 0 0 255 0 219 153 0 45 162
    0 36 83 245 0 0 148 140 255 100 255 159 0 255 161 255 12 0 242 143 0
    67 54 0 255 103 0 247 119 49 255 255 255 255 69 199 127 0 0 63 255
    163 0 137 194 126 184 220 0 103 0 0 106 62 155 27 48 255 0 87 0 170
    117 255 115 251 109 170 0 194 52 91 33 162 255 31 221 255 0 0 0 132
    255 246 50 255 147 255 255 255 255 166 37 191 169 41 162 255 187 255
    209 0 40 0 137 191 103 13 223 0 232 209 0 255 129 147 213 10 255 91
    92 195 216 196 0 96 0 0 92 255 255 0 66 255 0 5 0 6 245 0 199 0 255
    255 255 106 225 0 108 4 200 255 0 253 255 78 215 255 186 208 0 30
    192 0 0 218 61 97 0 170 150 11 129 50 49 255 147 15 218 190 255 147
    98 255 208 0 154 0 255 213 87 142 168 88 37 0 165 106 25 31 159 88 0
    255 154 0 142 134 214 255 46 250 76 0 249 181 4 51 195 30 255 166
    255 48 22 255 255 2 255 90 176 57 104 255 255 70 255 0 0 44 28 252
    85 10 0 255 143 88 255 0 0 97 0 104 0 0 124 73 255 255 255 0 93 255
    250 44 48 210 160 255 255 90 255 203 68 56 27 198 132 136 186 255
    152 114 149 222 0 255 222 234 15 87 158 170 235 174 255 255 97 228 0
    0 8 177 5 33 166 247 67 202 255 161 255 170 231 225 1 255 0 0 31 104
    140 94 255 19 33 89 0 53 255 136 0 33 255 255 0 0 255 255 241 13 0
    255 112 255 187 213 180 63 51 230 77 178 54 25 175 79 23 81 61 208
    67 214 136 0 255 0 9 66 88 240 239 255 255 191 255 255 255 255 255
    107 48 233 25 46 0 0 41 245 52 157 224 215 255 245 255 255 170 103
    24 0 121 123 81 229 117 0 209 2 255 192 226 73 236 50 255 0 245 0 0
    255 255 46 114 243 255 0 205 97 119 167 239 255 0 70 255 255 43 0 19
    255 21 9 156 223 186 213 194 173 189 0 119 148 0 0 228 123 73 187 61
    88 175 255 245 108 0 255 255 238 0 183 229 33 0 9 0 234 146 255 255
    38 0 242 185 255 255 216 25 253 255 0 255 139 255 255 0 61 0 233 114
    80 164 249 231 138 25 103 0 0 255 0 0 69 147 65 132 0 255 255 50 111
    184 79 0 0 0 64 84 211 144 41 134 228 168 1 123 255 0 250 0 255 97
    35 67 62 177 61 255 36 230 135 64 0 0 104 207 0 0 136 211 129 255
    171 198 255 110 0 57 0 234 0 211 132 169 230 104 27 222 60 0 0 255
    25 0 210 244 235 161 255 180 27 79 55 0 215 232 118 86 255 225 0 165
    77 154 0 37 78 157 73 50 226 0 0 172 78 0 108 89 102 100 119 0 237
    255 50 255 255 255 122 245 255 255 255 137 34 255 52 0 255 146 127 0
    255 195 0 222 255 145 178 222 239 255 0 240 0 76 164 178 204 9 14 23
    246 0 255 143 255 217 255 147 70 210 133 9 255 39 255 160 127 12 8
    14 0 124 208 106 169 93 68 0 153 66 51 55 175 253 135 84 255 213 0
    255 255 118 22 68 26 0 205 255 0 158 98 26 46 75 133 133 67 163 135
    0 0 5 179 0 179 157 0 112 255 148 149 0 255 138 30 2 255 31 243 0 0
    236 51 205 42 21 105 196 56 83 0 183 62 255 56 226 86 0 219 46 74 97
    128 35 139 136 135 0 0 80 166 0 0 255 233 255 255 255 111 244 163 77
    0 109 248 43 104 88 0 42 0 63 0 167 187 255 221 255 28 18 70 255 2
    219 22 45 55 149 17 196 137 41 224 135 255 188 69 0 0 255 255 103
    187 255 251 165 255 255 0 0 255 45 185 80 169 0 255 6 80 0 0 41 170
    204 49 180 188 255 193 0 255 0 255 78 0 44 0 164 182 2 115 145 167
    129 223 60 0 255 100 0 255 0 168 171 255 2 155 255 165 252 0 130 0
    224 255 201 0 209 57 146 0 168 207 56 121 2 255 255 255 162 255 128
    93 125 0 255 0 0 80 191 60 124 1 247 241 0 0 131 37 183 255 68 105
    75 211 245 43 255 0 181 94 0 188 255 0 208 0 0 127 5 48 255 255 0
    214 86 255 0 37 209 0 255 46 255 0 162 130 164 255 10 49 72 0 45 0
    29 22 255 242 255 13 255 0 0 214 231 104 255 255 255 133 223 255 15
    130 208 255 0 255 148 210 0 56 88 129 25 0 21 159 74 255 214 0 97 14
    71 85 0 115 165 42 229 108 63 170 176 0 255 92 16 228 178 0 146 32
    121 114 0 0 85 240 173 214 0 146 248 143 125 203 145 0 255 70 73 59
    0 131 255 117 180 70 219 96 206 130 0 233 0 231 120 5 150 131 223
    255 168 232 134 55 255 141 228 232 0 0 99 205 173 18 255 170 147 13
    28 195 252 255 167 0 149 0 255 67 139 124 196 160 151 28 135 160 188
    0 1 255 41 115 0 14 230 191 255 201 250 186 141 88 249 167 94 186
    216 0 0 158 70 0 0 58 228 255 255 0 255 37 0 0 63 255 129 191 36 221
    0 126 0 66 0 33 190 0 255 255 155 255 0 61 11 190 0 112 195 255 237
    255 255 187 138 89 21 0 255 216 237 227 249 0 0 91 188 0 255 169 100
    243 17 173 183 149 94 189 53 202 255 0 255 148 0 133 255 35 122 255
    242 91 255 241 255 113 66 218 205 111 0 247 255 14 154 80 237 0 135
    0 0 143 255 255 248 0 204 255 255 78 255 0 151 20 74 0 117 0 40 163
    38 255 216 18 160 97 247 172 0 255 228 158 219 102 0 101 221 0 236
    255 239 0 255 57 0 128 125 171 165 237 235 255 141 255 176 255 140
    255 200 255 17 56 127 195 170 218 0 41 69 0 0 34 209 255 196 0 255
    29 6 0 14 255 53 0 255 72 183 134 146 152 255 255 0 255 233 0 16 255
    216 63 13 47 41 69 0 240 39 255 67 242 1 255 255 194 255 108 255 255
    156 255 114 64 134 134 140 226 97 74 110 219 255 94 64 163 0 36 0
    135 0 7 255 94 84 250 0 0 0 112 255 255 116 222 114 143 238 252 236
    255 255 33 120 252 146 17 237 0 255 176 255 173 0 113 25 0 255 241 0
    80 44 123 0 92 255 123 159 0 39 255 255 30 42 98 79 73 15 207 6 164
    255 157 255 178 23 0 255 78 180 248 229 91 0 6 42 203 93 180 97 81
    213 204 69 191 125 134 0 77 0 128 255 83 147 119 160 0 173 255 0 66
    0 14 255 0 0 147 0 160 241 255 255 239 253 181 0 255 33 255 97 0 0
    255 96 73 236 104 61 58 172 54 247 217 3 114 128 59 227 136 14 0 0
    175 84 56 0 52 35 255 0 0 255 48 6 112 227 0 165 231 114 12 164 255
    200 31 255 101 2 0 0 255 220 247 211 255 41 255 209 102 255 238 255
    255 154 255 24 225 248 255 117 0 81 106 211 255 255 255 179 255 255
    59 211 0 255 255 110 255 118 27 81 53 253 74 136 51 76 73 255 255 67
    183 139 0 0 154 5 255 255 255 255 255 0 0 152 77 0 63 255 77 95 78 1
    215 255 255 0 54 132 50 0 115 255 74 227 242 255 203 245 115 255 255
    255 252 149 0 112 143 0 74 77 27 134 31 202 0 184 39 204 0 255 219
    255 0 96 45 52 255 24 255 145 0 143 255 48 135 118 98 115 255 125 0
    0 85 91 33 0 8 81 255 225 0 255 80 255 4 233 0 16 0 238 138 88 82
    130 0 192 124 0 209 27 71 27 113 105 149 255 255 73 198 185 0 255
    158 9 0 255 255 10 0 222 126 26 0 0 255 255 141 91 64 132 99 0 190 0
    255 239 134 26 255 49 0 75 117 115 245 255 158 203 13 61 0 163 255
    190 255 23 5 104 255 205 255 0 176 217 163 255 35 255 248 146 14 185
    255 65 142 250 255 255 217 78 30 241 210 0 255 24 255 19 144 218 95
    98 171 165 0 255 0 201 255 0 0 255 255 92 255 44 139 30 109 154 28
    200 133 0 211 90 75 255 0 240 147 159 255 13 255 110 255 128 228 147
    95 88 247 107 0 246 255 155 102 171 0 12 245 91 0 43 156 17 255 95 0
    236 118 255 255 213 160 143 218 160 27 0 88 17 255 255 255 255 197
    230 0 255 125 0 152 96 248 104 155 149 219 55 13 8 3 99 0 174 0 255
    255 0 207 0 158 126 18 16 255 101 255 0 255 90 96 25 147 225 20 255
    64 255 141 249 0 103 231 0 0 53 237 153 255 0 0 6 0 49 203 89 0 0
    141 0 0 0 192 0 51 57 82 0 132 46 62 93 0 61 115 167 58 224 255 0 88
    110 0 255 219 255 0 40 49 167 173 181 187 77 177 98 63 0 255 174 1
    118 97 186 255 147 0 255 176 43 96 102 45 83 255 136 0 37 203 0 12
    113 8 173 0 219 161 0 97 174 236 135 153 27 255 108 219 0 117 84 255
    201 32 255 0 255 32 0 210 22 37 255 0 0 170 0 255 165 255 49 255 208
    164 255 197 26 119 197 0 255 0 60 255 202 199 244 177 183 12 76 255
    255 14 181 96 255 88 255 238 150 205 255 0 255 122 154 255 159 232
    245 151 253 195 255 255 162 151 47 0 0 144 61 255 255 116 74 255 255
    61 7 255 110 134 107 31 118 215 246 255 225 254 29 182 156 112 0 105
    154 0 134 0 0 224 0 119 77 255 0 0 255 254 14 58 15 255 142 31 57
    242 229 122 0 243 62 72 212 0 0 129 203 123 81 255 255 255 0 104 93
    167 0 59 255 23 112 255 173 255 71 0 90 255 255 0 110 120 197 0 255
    0 228 59 119 14 0 228 0 87 255 252 66 255 0 0 172 0 255 0 26 80 71
    255 255 255 255 255 186 255 255 255 102 119 255 0 141 172 67 0 0 0
    103 0 69 0 255 230 216 95 237 187 105 255 181 143 97 58 26 242 255
    72 0 60 128 255 255 0 186 47 74 0 208 31 0 141 65 80 18 65 180 255
    239 255 0 243 216 252 98 0 233 221 187 203 37 0 0 192 255 17 0 36
    137 7 247 114 0 87 50 0 255 83 43 83 185 184 19 249 229 173 42 101
    151 255 73 255 255 141 239 231 255 119 28 96 107 0 19 183 0 255 0 27
    255 80 0 15 84 0 0 14 254 176 39 231 255 108 228 144 91 124 0 255 18
    255 14 107 46 80 241 171 47 116 54 0 0 194 34 217 43 0 250 255 0 158
    0 0 255 0 210 230 255 107 76 255 114 25 18 0 0 99 0 214 71 55 67 0
    138 0 0 146 58 225 255 11 255 48 240 76 185 244 163 60 0 255 13 169
    255 255 55 255 44 117 85 5 21 185 232 0 0 170 85 37 0 154 116 0 72
    134 104 21 0 0 0 217 189 0 206 144 7 255 59 106 0 115 217 254 255
    250 160 0 255 37 10 114 255 90 19 147 107 252 255 196 235 248 0 120
    51 166 0 0 0 0 172 97 255 228 255 0 164 104 128 132 198 66 203 0 194
    255 221 148 96 232 255 112 232 0 255 73 46 0 0 222 255 173 0 191 208
    53 255 0 0 18 0 255 230 255 170 0 26 137 245 0 255 53 191 255 149 0
    255 35 94 255 193 79 0 41 107 0 164 97 174 255 198 184 255 48 0 78
    167 64 0 255 0 46 0 18 193 4 255 4 112 118 84 255 0 246 119 0 137 56
    255 179 225 255 234 0 101 255 36 142 255 0 23 17 169 214 148 82 255
    0 0 174 255 255 0 171 111 0 153 0 128 137 99 65 76 255 255 255 225
    255 255 135 186 30 76 8 255 44 73 84 30 255 255 0 167 81 210 171 59
    78 249 210 255 0 167 0 86 91 0 124 0 188 0 74 255 3 68 62 0 255 0
    255 107 255 244 0 231 144 0 21 32 245 0 186 96 31 181 0 93 28 46 68
    0 255 83 50 149 255 255 132 0 255 8 130 0 221 255 36 255 0 79 0 136
    224 0 152 188 255 90 223 0 171 0 0 6 216 255 212 255 185 108 255 239
    247 255 65 32 129 11 238 76 123 20 250 217 18 135 0 0 50 173 108 88
    255 209 135 132 255 255 41 0 165 39 255 255 0 83 4 0 0 29 219 0 171
    127 176 171 149 0 255 138 43 255 199 88 0 0 174 0 241 119 0 29 165
    75 0 191 255 169 179 0 0 165 255 160 126 45 56 50 41 255 116 170 105
    116 255 205 0 0 168 19 202 0 162 168 33 64 0 230 213 0 121 26 250 27
    192 109 30 247 255 255 133 220 134 0 238 6 255 42 255 255 114 59 84
    59 134 106 215 248 191 246 177 68 221 183 11 255 255 239 101 22 104
    99 242 10 77 55 54 255 0 0 0 0 219 255 14 132 21 211 255 146 225 255
    207 87 255 255 0 56 0 255 255 255 168 255 109 40 100 27 0 0 37 123
    172 18 223 174 0 100 1 251 194 235 172 2 255 152 146 18 98 40 255 0
    69 0 240 160 113 40 56 255 0 0 11 95 44 0 109 200 80 0 255 255 39
    255 102 0 0 255 181 19 89 230 4 152 255 255 108 152 207 1 119 36 60
    0 255 36 94 255 246 195 13 0 192 94 52 11 255 70 15 110 0 104 0 5
    255 0 0 0 148 1 94 156 225 169 171 115 79 30 17 163 0 11 127 43 84
    124 180 255 0 103 114 0 0 0 69 54 0 170 213 0 220 159 61 117 238 130
    95 0 196 47 78 255 251 106 238 77 129 0 73 18 0 18 111 110 192 34
    231 97 255 181 166 255 0 196 72 168 101 65 180 245 255 255 255 210
    255 186 193 175 123 226 0 0 239 0 44 0 51 0 0 255 0 183 163 113 255
    161 0 73 0 59 255 0 0 145 0 174 130 186 217 80 0 208 0 0 113 255 191
    216 239 149 32 171 149 238 0 0 254 0 5 97 205 9 64 0 229 94 255 216
    158 103 187 189 44 184 88 255 250 206 255 218 255 73 217 255 116 5 0
    255 56 241 156 199 255 0 15 5 255 152 0 55 69 254 255 213 255 0 100
    109 0 22 148 0 0 255 0 19 105 0 245 38 67 0 64 12 134 0 124 16 255
    244 255 191 128 63 40 255 255 23 255 140 255 255 0 188 194 225 74 8
    0 0 136 220 63 0 255 130 82 165 104 231 255 211 255 252 60 255 38 0
    38 255 24 85 0 0 19 255 255 0 191 245 0 0 169 128 171 41 255 0 255
    255 98 214 0 255 44 255 0 225 0 52 0 254 0 255 4 201 175 44 74 0 69
    0 0 46 110 48 0 41 149 165 199 255 17 0 158 242 0 0 255 0 255 125
    198 255 27 139 6 70 15 232 75 255 228 255 95 61 255 228 163 255 255
    0 100 69 118 86 255 142 146 241 60 255 244 9 62 73 73 114 61 209 221
    0 181 0 255 195 0 159 243 191 206 119 255 17 255 194 241 255 176 255
    94 132 0 0 0 255 0 255 235 0 92 255 188 132 227 0 158 252 255 0 246
    255 0 225 255 62 0 255 255 0 215 112 0 128 255 63 0 34 116 129 203
    79 255 178 71 0 21 238 255 212 255 255 97 224 188 140 255 0 255 255
    0 255 190 32 215 124 123 0 172 1 83 132 0 0 203 38 11 89 213 0 83
    113 4 159 0 143 0 255 192 0 255 255 89 255 0 48 6 0 10 255 0 232 246
    125 143 85 236 232 119 184 200 0 202 40 9 31 206 205 232 228 161 0
    76 255 230 150 43 255 184 85 255 252 115 255 163 255 62 255 255 255
    231 255 151 213 0 255 98 185 0 29 93 167 69 0 0 12 74 106 180 64 158
    237 53 42 162 65 255 255 0 121 5 150 6 48 5 109 126 0 73 255 43 117
    15 89 255 39 117 56 211 0 255 238 3 0 98 65 148 255 20 2 108 176 167
    233 26 45 4 0 76 75 27 238 255 255 26 248 148 49 196 0 25 0 0 0 0
    196 255 197 28 190 222 199 186 45 0 106 168 255 184 172 163 0 132 80
    90 96 76 198 255 0 120 43 0 0 0 37 142 219 77 255 178 255 64 0 0 0 0
    255 0 109 81 0 0 0 125 216 0 228 147 243 255 227 179 210 87 148 255
    80 15 255 115 57 255 56 0 119 0 0 55 88 255 255 55 0 55 255 0 35 255
    154 206 255 182 123 255 89 0 255 255 255 95 202 147 128 218 3 255
    201 241 0 255 255 184 255 114 98 35 117 217 123 255 255 183 63 171
    165 40 205 8 255 255 255 8 72 255 188 255 255 255 0 0 141 40 170 165
    76 255 0 4 0 0 71 165 228 252 0 28 84 15 0 0 112 235 226 0 255 255
    246 91 0 0 255 246 81 123 255 255 0 153 45 255 255 255 188 0 255 146
    255 72 30 198 255 146 111 0 0 255 22 60 255 80 0 200 231 255 101 4
    81 11 192 255 50 30 0 0 193 0 59 150 106 51 218 149 104 255 75 204
    137 246 238 186 116 176 0 255 193 255 27 255 255 56 23 246 0 77 84
    235 255 191 0 0 0 70 187 0 255 255 0 97 117 5 186 196 255 255 69 30
    255 0 249 250 149 21 104 0 55 119 0 0 130 175 74 216 0 79 132 0 149
    0 152 0 0 255 114 229 255 255 198 209 42 222 120 130 70 233 0 0 197
    22 0 153 58 255 0 207 0 230 255 126 255 0 129 0 42 50 229 196 255 0
    188 255 97 0 143 136 208 0 255 200 255 0 163 43 64 78 255 0 0 38 170
    201 0 163 128 255 186 194 5 255 3 175 0 142 255 255 118 44 188 71 0
    158 255 0 120 0 255 49 133 202 100 37 130 0 255 252 0 0 101 198 247
    211 176 255 0 255 0 86 23 157 0 252 82 0 255 184 0 255 50 255 255
    255 221 205 144 0 26 0 186 141 246 212 97 241 86 0 255 26 255 100 0
    182 255 193 215 232 32 255 187 255 40 92 255 24 5 206 108 110 103
    255 255 239 255 65 88 17 150 0 196 0 201 255 212 16 127 191 55 255
    41 255 157 107 255 94 0 255 217 4 0 67 255 0 171 0 142 255 0 76 89
    167 37 252 0 137 27 227 0 191 145 124 15 93 64 22 171 255 79 166 157
    217 255 138 0 45 255 0 98 128 102 25 222 52 171 225 3 251 0 215 98
    253 156 161 148 255 255 0 198 0 247 0 0 123 207 0 255 186 194 0 210
    117 0 0 228 141 50 115 15 0 172 17 0 47 32 136 0 16 49 0 135 50 131
    0 82 0 225 207 166 153 255 0 179 255 0 132 192 255 0 255 128 66 37 0
    139 66 78 0 189 234 255 201 156 160 214 120 54 69 0 162 53 88 253
    255 173 133 255 241 217 242 140 159 68 0 151 17 235 127 153 6 171
    255 99 0 95 0 0 201 0 0 255 192 155 166 211 12 221 108 0 158 104 121
    121 132 255 210 184 218 151 5 236 0 179 96 92 171 120 0 125 255 255
    250 92 0 255 0 183 255 51 244 0 0 255 0 250 0 159 160 250 0 25 0 255
    0 255 164 0 255 6 227 255 0 6 123 93 0 45 0 0 255 67 140 22 255 255
    255 249 175 134 255 185 132 43 212 212 255 0 189 4 126 154 117 255 0
    61 140 0 232 101 40 16 254 163 68 138 97 51 3 48 0 117 0 0 0 0 255
    164 185 26 172 255 162 0 109 167 37 216 163 84 235 178 19 0 255 0 35
    255 174 43 0 0 255 158 124 131 201 0 116 255 178 255 8 0 173 0 106
    156 163 48 255 95 29 203 179 255 255 230 134 73 149 0 138 10 110 137
    255 93 14 140 0 30 74 181 255 84 58 195 8 216 255 30 0 132 201 169
    255 255 34 158 3 147 64 166 164 150 169 106 254 255 126 0 19 74 0 81
    65 125 136 255 255 2 130 111 61 239 0 133 0 212 255 156 12 216 255
    131 59 28 159 71 138 88 255 82 0 255 31 0 236 67 105 35 255 0 77 121
    1 0 255 85 0 0 90 76 79 14 38 0 0 23 92 0 0 117 195 17 233 255 146
    227 255 92 255 115 255 63 255 109 58 255 136 99 7 255 243 255 255 0
    143 255 85 193 0 255 80 234 207 190 134 123 84 151 0 180 133 9 138
    61 183 0 240 222 84 179 126 0 0 0 237 255 107 125 0 6 255 0 108 0
    176 63 46 165 0 255 19 0 122 164 72 243 163 255 0 178 150 134 0 119
    0 41 0 240 0 255 28 191 254 214 228 212 255 255 87 0 177 251 255 255
    47 255 0 13 180 74 21 255 47 56 49 204 176 234 192 253 73 219 255
    184 57 52 65 186 105 224 52 94 98 155 248 104 0 255 2 72 68 255 223
    15 173 192 202 255 110 230 128 143 194 0 36 250 255 215 184 123 255
    83 183 174 0 28 108 111 104 255 200 150 35 114 189 0 210 255 5 0 130
    0 236 214 219 60 83 0 0 22 0 162 210 0 245 217 23 154 237 0 7 14 187
    0 255 255 167 156 216 0 102 250 0 184 255 0 101 195 0 225 255 0 222
    42 236 104 105 0 0 101 55 83 0 255 0 216 193 171 255 27 255 0 255
    255 0 250 203 0 203 243 213 141 255 85 255 142 255 49 0 0 175 255
    174 116 58 79 175 65 255 110 0 255 143 124 0 223 225 255 176 223 255
    110 97 255 216 0 255 45 0 0 1 255 176 176 26 255 70 0 78 196 238 0
    255 215 77 200 0 10 255 167 167 0 162 255 173 174 55 28 186 88 0 255
    68 104 91 255 44 0 8 53 208 119 247 255 255 161 255 173 255 175 53
    204 0 118 142 117 54 36 108 172 91 210 255 83 99 0 119 74 0 80 190 0
    0 206 65 160 101 177 0 0 0 51 157 189 253 130 255 255 255 255 99 255
    255 0 255 46 147 26 196 8 163 89 0 255 255 0 0 0 192 0 255 255 7 0
    99 255 16 32 246 255 198 255 192 196 255 255 0 0 64 116 89 0 255 195
    255 218 213 255 214 126 132 59 91 0 54 255 255 0 149 71 104 135 148
    150 255 196 0 71 0 255 255 134 65 0 255 48 240 255 133 0 225 255 132
    0 0 233 41 4 109 255 174 111 255 255 28 115 255 15 255 239 0 0 46 31
    0 0 104 255 80 0 94 206 254 109 65 52 0 0 44 0 235 252 178 29 41 0
    38 92 0 255 0 255 255 19 160 82 190 105 255 184 133 67 165 41 255
    255 79 38 214 150 219 143 201 0 0 0 99 163 0 208 255 12 182 38 1 227
    0 0 58 0 100 0 73 15 164 0 69 148 53 128 255 57 211 0 175 53 56 0 0
    255 0 154 53 255 226 0 0 255 255 140 121 176 255 57 247 233 0 255
    124 98 9 3 114 153 44 255 185 13 80 49 66 255 255 152 254 91 164 0
    84 0 51 200 0 0 243 175 57 253 54 0 255 184 225 0 255 92 44 255 0 0
    30 0 255 80 0 249 147 139 244 0 255 0 0 255 0 157 0 0 117 102 0 255
    55 140 0 88 255 104 255 213 255 0 0 243 63 171 48 0 69 127 217 255 0
    255 255 255 0 154 0 255 132 0 255 243 13 114 16 0 88 172 0 234 149
    228 15 85 225 253 61 51 26 70 216 255 46 74 117 255 131 185 227 255
    31 0 4 27 194 133 219 29 73 255 207 220 236 60 0 255 0 255 255 2 230
    0 255 0 255 20 0 142 88 52 0 97 255 241 188 0 120 236 31 0 0 238 148
    226 249 0 255 66 14 255 39 0 255 230 40 0 106 0 160 62 54 27 201 0
    125 36 7 110 80 22 121 26 2 0 71 0 14 255 0 190 66 255 44 215 0 255
    255 180 255 219 0 124 110 244 252 0 102 4 0 0 31 38 206 255 255 149
    14 22 255 255 2 255 62 113 255 0 255 254 0 150 26 255 69 28 0 179
    161 115 108 92 255 0 12 31 58 0 255 150 0 37 233 255 148 115 204 52
    0 211 117 182 255 207 226 106 22 0 50 255 0 9 168 127 243 255 0 174
    233 255 170 0 249 143 43 94 93 234 76 21 156 0 255 52 201 86 255 199
    0 0 49 230 255 234 20 0 27 101 153 127 255 93 255 60 43 185 121 192
    127 255 0 0 255 73 95 255 255 87 10 193 149 79 178 255 28 216 178
    255 0 91 31 73 221 0 0 0 0 5 0 145 232 0 6 28 55 152 231 255 183 10
    0 0 176 60 255 188 91 0 0 0 67 0 34 0 255 222 0 60 255 164 255 113
    29 250 255 183 98 122 70 255 0 31 173 14 225 255 136 136 0 50 255
    255 255 0 127 243 255 0 255 0 0 186 255 255 0 255 103 255 208 222
    156 247 131 216 0 153 163 0 218 73 10 237 0 0 184 84 70 121 0 255
    255 0 255 157 40 17 0 171 205 0 11 148 0 255 55 255 44 218 255 221
    245 21 0 255 255 255 173 0 255 0 239 43 161 51 250 49 98 255 255 0
    14 74 0 255 63 144 64 0 54 40 242 255 177 174 6 255 47 142 103 229
    188 53 0 16 10 225 255 192 0 53 14 115 235 31 203 237 70 255 255 75
    188 33 255 19 0 43 159 0 107 39 207 201 171 182 56 63 184 26 255 126
    255 255 255 160 69 0 0 210 243 255 255 39 255 0 0 42 255 0 123 255 0
    0 221 155 16 30 22 113 223 0 0 15 127 138 0 0 88 0 160 208 236 0 0
    135 0 169 8 61 168 54 137 38 60 255 159 152 255 0 255 159 0 250 168
    250 230 234 234 255 144 64 251 73 0 255 0 0 127 255 105 223 255 154
    238 255 255 173 110 255 0 255 255 192 140 39 87 0 117 255 0 17 230
    90 0 116 173 6 172 223 0 195 197 0 49 59 0 0 0 40 142 0 255 0 255 0
    254 0 255 255 57 248 124 31 132 0 0 33 137 235 187 143 24 183 222 0
    146 255 0 111 0 186 0 0 2 255 126 0 255 0 255 0 165 8 153 45 106 255
    255 28 255 99 0 255 68 87 5 118 69 120 255 255 37 255 255 75 12 160
    255 67 10 187 251 52 132 255 255 255 18 255 255 147 57 255 0 0 168
    255 179 0 0 235 0 255 156 176 0 0 0 255 221 201 249 255 255 69 255
    130 221 148 211 0 255 0 51 142 84 255 180 0 255 255 82 58 43 90 88 0
    208 255 196 187 255 0 43 255 27 160 0 46 76 186 255 193 179 255 35
    77 146 5 0 78 120 184 105 38 0 251 242 255 134 255 255 28 255 61 0
    238 161 127 6 186 0 141 112 174 90 161 67 175 102 235 228 255 132 0
    0 156 86 26 0 22 100 11 161 0 50 91 255 50 140 242 204 139 120 255
    255 255 255 5 248 0 123 195 248 27 73 46 216 75 129 233 1 201 0 116
    255 186 202 155 28 16 232 156 124 226 100 133 0 255 0 157 0 0 255
    155 33 121 210 0 0 0 255 0 22 121 255 205 157 255 28 255 36 209 172
    13 152 255 247 0 255 254 10 0 0 136 240 16 124 0 193 14 231 173 15 0
    155 0 139 0 37 230 0 74 255 0 0 0 96 6 0 40 255 241 119 223 29 199 0
    49 255 255 170 197 166 127 255 0 255 146 255 88 120 235 51 116 255
    255 60 85 173 14 47 255 255 149 0 255 205 255 0 255 0 0 255 255 0
    221 0 255 0 196 255 140 255 181 14 54 201 255 18 120 250 200 15 154
    155 0 0 0 146 255 88 180 183 242 128 58 0 255 163 255 32 16 120 207
    109 255 0 193 180 85 227 240 0 223 248 49 138 254 118 136 0 39 0 0
    84 179 93 89 56 94 255 46 152 255 36 11 60 0 212 129 196 0 255 2 108
    3 177 9 56 159 255 79 0 0 44 0 16 159 124 238 133 255 198 36 255 255
    161 222 117 75 130 255 0 122 249 253 255 164 34 218 209 227 163 145
    144 40 255 201 255 78 96 0 255 125 0 128 254 0 132 178 81 0 76 0 185
    255 0 53 0 199 0 108 88 60 0 255 0 0 191 94 187 255 0 255 255 0 159
    0 81 245 20 55 156 0 255 125 205 15 94 255 255 234 0 133 0 157 0 182
    0 255 255 64 0 189 0 91 177 116 184 32 239 162 0 4 219 0 121 252 126
    214 157 3 140 190 113 107 0 0 0 0 255 0 203 158 0 255 0 214 190 110
    78 71 29 136 148 255 239 156 105 255 31 60 0 137 215 0 255 186 132
    255 255 0 0 0 131 0 255 0 168 170 184 99 255 202 232 176 13 135 0
    146 0 164 0 60 115 105 14 0 52 197 45 255 176 2 30 3 12 172 16 228
    150 255 124 0 52 220 255 248 255 216 255 255 169 78 202 161 33 178
    158 87 0 25 255 0 148 0 255 0 255 198 196 227 251 118 79 255 0 39
    189 59 157 0 105 255 255 255 92 72 222 178 92 106 176 255 2 228 255
    255 0 139 0 255 0 255 170 4 255 199 71 255 34 255 204 0 56 210 215
    255 32 23 50 40 80 0 46 0 155 255 63 0 255 0 44 243 0 255 131 0 212
    0 228 0 255 119 58 0 255 228 0 80 114 140 255 89 205 255 255 242 0
    140 0 255 19 255 255 159 31 179 16 44 0 255 240 13 255 53 0 26 146 0
    153 0 36 120 99 173 255 255 169 241 140 0 255 101 255 45 159 217 91
    130 229 31 164 255 65 255 5 138 0 52 196 239 0 62 190 132 255 70 201
    255 255 45 255 255 168 255 124 0 78 255 0 243 115 21 57 142 0 251 0
    13 108 0 196 44 0 255 4 227 47 255 184 0 255 0 0 30 65 3 197 0 248
    175 171 255 193 0 0 0 0 0 0 0 24 88 0 0 36 100 202 92 255 100 96 237
    0 7 255 58 157 0 78 128 255 255 126 255 92 240 255 159 0 21 242 125
    255 0 0 176 251 127 255 255 46 255 87 73 129 0 169 171 0 255 1 255
    252 0 183 109 181 107 4 255 6 255 199 255 255 0 0 0 67 178 239 202
    255 195 43 255 80 202 0 255 255 255 255 255 255 0 0 0 0 219 252 12
    203 5 0 255 195 22 191 35 255 170 201 185 255 0 8 24 198 0 136 53 84
    132 0 199 245 178 0 255 0 0 26 59 0 186 0 0 0 0 163 255 0 250 0 0 89
    0 111 255 213 150 169 2 82 214 84 13 255 0 221 212 115 181 2 69 109
    109 0 174 255 255 117 46 113 217 239 123 255 197 30 177 0 255 182 80
    132 0 57 255 0 16 27 255 182 255 0 209 42 0 255 0 0 14 38 0 255 51
    31 215 84 231 62 255 132 187 255 0 80 61 70 17 222 124 255 29 239 0
    254 255 84 181 182 15 123 0 0 122 131 209 82 218 183 205 125 224 46
    0 226 0 255 255 161 41 144 111 0 0 146 24 194 238 130 200 131 39 221
    217 243 0 255 245 111 244 255 206 181 87 13 0 47 255 177 64 255 255
    88 59 103 22 255 0 8 149 69 37 65 239 220 249 0 151 229 255 34 52
    137 0 7 36 0 236 108 0 193 0 255 167 0 148 248 224 91 0 0 134 195
    255 255 46 255 31 53 104 75 0 239 94 234 62 202 183 255 255 255 33
    255 23 151 10 255 200 0 101 133 0 254 24 244 201 0 45 201 186 14 255
    134 0 0 26 0 111 255 64 82 96 181 129 245 18 255 0 0 103 255 198 240
    255 0 70 43 230 183 255 0 207 0 116 34 0 85 223 136 244 255 0 209
    255 255 255 28 255 213 211 108 130 75 108 202 212 1 63 88 226 0 0
    255 37 0 123 207 236 112 100 84 173 179 221 255 230 0 255 255 146 0
    0 99 255 220 205 255 0 61 0 255 115 237 58 196 89 47 110 102 255 123
    184 156 196 85 7 131 222 36 248 246 14 0 159 19 221 204 0 111 150
    253 70 54 255 0 27 255 243 255 229 255 255 255 255 0 6 145 167 139
    228 255 0 137 255 76 255 120 188 60 0 200 98 161 245 0 210 0 255 0 0
    0 0 0 1 48 255 0 102 206 196 121 0 89 174 48 149 0 216 255 255 248 0
    107 90 255 191 216 255 226 46 130 0 255 34 0 0 245 0 0 143 132 0 175
    255 21 168 119 118 211 0 241 0 128 129 255 0 150 93 135 41 0 230 56
    93 140 44 255 189 198 0 173 164 255 0 199 157 0 32 153 27 0 255 0
    206 0 21 3 0 56 255 100 86 255 0 207 0 97 255 23 191 181 112 161 174
    0 247 199 186 111 1 227 0 255 210 0 255 144 255 114 44 13 40 23 110
    255 170 255 0 202 126 255 146 133 67 0 124 255 0 0 255 0 46 255 0 85
    252 10 241 255 96 124 80 255 0 240 255 96 228 235 0 0 87 207 140 74
    232 146 145 116 142 136 18 0 0 73 229 255 139 255 66 71 255 191 198
    107 255 255 217 103 185 219 212 0 206 0 221 26 0 140 244 198 120 0
    112 108 34 74 51 211 0 82 138 237 121 187 13 67 27 126 255 85 0 105
    0 82 143 255 68 13 6 85 0 95 0 255 214 239 0 150 116 52 0 206 0 179
    103 255 0 0 160 207 105 0 33 255 0 227 2 216 0 71 84 0 0 243 115 255
    39 0 245 131 0 0 234 27 255 101 255 236 188 223 80 100 223 0 58 87
    253 197 110 47 255 29 27 23 196 198 183 215 105 0 0 192 128 255 217
    0 0 0 0 0 111 234 58 47 193 77 72 79 255 183 89 0 18 185 0 255 17
    255 230 181 0 131 231 255 255 0 208 0 109 134 98 124 255 51 195 203
    124 132 0 42 23 44 253 0 27 237 0 51 232 0 175 255 0 22 47 255 194
    89 255 116 13 0 149 0 77 158 201 0 201 46 49 255 255 29 255 255 0
    158 46 100 196 0 222 226 0 0 216 255 0 0 175 154 255 73 210 255 148
    197 0 255 0 0 252 0 185 16 45 0 0 255 86 133 239 99 110 235 61 98 0
    170 146 255 83 88 255 255 134 0 113 254 21 255 255 255 94 217 47 255
    57 255 163 255 255 28 255 0 196 174 139 134 11 59 18 0 22 0 0 191 20
    186 251 0 173 255 234 255 127 232 125 215 202 125 62 202 0 192 156
    255 93 246 255 255 246 238 255 93 255 255 15 41 0 190 255 255 55 144
    54 18 125 169 86 255 0 255 53 12 112 227 255 34 0 0 0 120 0 0 0 255
    168 255 101 28 104 0 255 149 101 0 255 167 189 186 32 32 209 40 219
    22 0 0 255 255 70 29 0 73 26 65 18 152 157 0 255 239 255 62 78 59 98
    5 129 156 70 249 255 55 196 109 186 142 114 197 255 0 147 80 0 175
    174 0 135 178 9 229 0 0 255 0 204 255 255 50 230 36 168 10 0 82 135
    167 191 151 156 186 56 255 79 255 255 255 0 0 222 29 189 13 48 140
    134 145 71 0 221 113 0 32 244 0 255 0 25 115 0 0 0 18 0 57 174 179
    64 174 149 181 119 213 70 146 0 255 248 156 255 140 255 166 0 255 0
    212 141 71 0 190 255 192 251 59 49 20 255 187 0 82 0 241 0 245 0 150
    172 0 255 255 68 255 0 252 3 56 255 136 102 0 236 203 82 52 198 154
    216 167 113 228 255 61 255 133 255 255 155 255 94 33 38 0 0 112 0
    219 0 70 149 223 13 248 228 255 244 48 48 0 15 107 6 170 71 248 255
    0 255 0 23 32 122 253 0 59 255 236 255 161 174 255 0 120 0 0 27 26
    93 0 0 186 250 181 138 56 152 14 37 0 155 0 135 38 255 18 126 255
    182 86 1 22 255 162 196 236 205 255 61 0 255 255 0 67 0 70 16 236
    167 255 255 255 53 123 0 217 32 0 255 0 175 255 33 3 111 0 107 255
    255 0 0 255 255 255 82 255 46 103 166 0 67 134 118 11 255 191 132
    255 232 0 6 209 0 255 255 0 167 255 110 80 180 0 247 78 242 67 255
    142 63 255 89 68 0 72 0 255 174 0 255 89 183 124 0 222 62 255 0 161
    255 0 117 22 92 54 176 0 0 181 16 194 0 255 228 128 255 189 185 0
    188 0 179 0 101 42 190 49 255 0 255 255 75 81 168 108 0 255 197 255
    4 22 255 0 255 119 56 27 255 243 119 168 131 208 192 126 156 109 219
    198 0 148 164 255 248 232 39 253 255 170 148 29 13 124 255 51 49 255
    255 0 97 255 219 175 133 255 0 253 198 255 245 0 173 159 178 255 255
    18 186 28 244 42 255 246 0 255 122 249 87 0 255 63 0 103 159 124 185
    175 0 255 26 255 255 255 255 55 154 178 174 62 250 164 43 255 212 89
    125 115 216 103 230 255 226 209 147 177 0 0 206 255 255 0 88 207 0 0
    206 187 255 84 152 0 125 207 231 228 13 154 255 0 91 114 0 241 239
    46 0 195 18 40 0 14 89 58 212 0 165 190 138 30 172 255 100 255 255
    20 255 255 72 0 35 255 0 212 214 0 255 139 254 0 0 54 109 0 9 24 0
    255 82 0 197 255 103 9 255 19 235 62 195 224 174 255 227 39 255 172
    255 255 216 255 255 255 228 255 255 169 255 115 160 130 121 129 255
    98 255 255 175 0 255 255 255 255 48 139 255 171 114 0 255 0 169 178
    84 166 67 108 125 0 161 0 255 255 50 58 47 255 163 203 20 255 253
    167 194 0 72 222 188 211 255 115 153 189 185 145 255 92 114 117 255
    32 21 255 191 0 246 73 117 118 0 61 187 182 0 65 255 61 0 36 221 0
    108 255 0 211 192 219 0 236 255 255 109 42 69 97 0 255 40 50 126 60
    7 135 72 0 21 86 193 0 0 70 0 0 153 198 114 177 72 178 70 156 148 63
    74 37 113 0 239 64 255 0 255 215 98 7 120 255 116 139 148 0 255 255
    255 0 255 0 207 255 0 255 252 11 66 0 0 240 0 0 103 176 213 113 19
    179 86 168 255 89 255 255 0 255 255 45 233 202 0 187 252 255 249 75
    153 45 0 0 42 0 234 40 130 255 60 78 255 227 255 48 255 214 255 44
    30 255 255 0 200 255 255 102 172 122 0 255 128 189 122 99 0 62 213 0
    255 6 75 177 150 46 201 152 75 43 134 166 255 255 210 255 187 0 181
    0 249 0 246 180 255 197 219 0 247 20 0 0 172 0 199 255 255 112 112
    21 16 255 227 245 255 42 92 255 157 255 247 83 128 0 222 35 198 95
    255 255 34 255 119 0 198 235 70 246 109 255 0 207 187 81 0 77 0 180
    255 0 228 255 157 255 135 241 222 48 37 193 255 255 150 23 63 255 58
    170 201 14 57 0 180 207 255 24 255 109 254 255 111 156 0 33 0 133 96
    255 214 35 160 0 27 225 14 26 253 232 255 60 0 187 82 2 255 90 178
    255 255 255 0 214 80 195 20 129 196 163 15 0 34 0 118 12 4 174 210 0
    255 42 65 0 83 255 145 0 255 205 154 6 197 249 255 255 146 183 0 255
    176 170 255 255 223 0 97 235 100 0 166 237 81 255 255 55 255 132 11
    188 255 230 1 255 127 47 206 217 90 8 112 255 53 88 233 172 254 28
    82 178 184 255 137 0 191 69 0 62 0 0 203 35 149 117 190 255 0 0 152
    255 81 0 149 255 47 159 181 114 198 239 181 0 118 231 0 255 114 255
    205 87 135 79 0 99 213 251 0 255 152 0 197 166 93 255 0 255 184 0
    255 255 195 0 115 0 78 255 168 0 104 255 0 255 255 0 210 29 0 60 0 0
    36 0 8 24 0 255 110 40 227 123 0 75 229 101 0 182 0 0 121 42 213 206
    60 241 97 246 27 0 255 255 22 179 0 210 0 0 0 54 35 116 186 188 0
    197 243 255 92 159 180 149 0 255 48 0 59 57 198 28 1 255 85 233 163
    0 244 255 139 46 0 23 91 82 255 178 255 63 0 82 82 0 197 255 115 7 9
    49 79 132 201 246 189 94 0 255 32 221 88 129 255 255 7 255 8 26 255
    0 130 207 64 0 251 0 149 223 106 200 29 187 255 0 119 236 0 199 103
    67 255 255 255 255 188 98 0 135 255 0 0 43 6 208 133 46 86 21 52 137
    1 39 255 155 137 223 138 255 0 255 139 97 55 30 245 15 255 239 0 24
    90 222 0 252 53 0 0 187 92 255 63 255 0 68 117 255 255 102 0 128 232
    228 117 255 192 104 103 77 122 175 255 0 29 163 255 255 0 255 13 255
    0 82 187 79 255 159 0 255 255 0 158 31 0 99 0 216 134 255 255 79 114
    148 255 0 255 0 255 2 0 52 237 255 116 113 255 0 84 50 255 93 0 215
    65 194 33 208 0 125 0 54 165 236 255 255 255 255 248 216 198 28 255
    148 0 123 0 129 138 139 0 190 96 0 197 255 255 140 255 255 206 0 253
    255 0 91 4 109 51 60 91 255 25 44 238 227 18 191 58 255 32 0 80 100
    0 0 0 126 0 0 17 204 17 199 0 255 60 0 15 83 141 48 17 224 0 181 26
    245 11 253 47 255 213 254 70 242 188 48 37 14 58 0 188 255 255 31 0
    237 0 0 123 147 181 250 0 206 167 66 0 50 255 0 0 243 208 190 255
    191 171 117 97 0 14 0 115 44 255 255 220 95 254 255 220 0 255 192 5
    149 0 35 0 68 255 255 47 255 255 218 0 52 222 176 0 255 0 96 255 150
    255 17 255 255 224 255 255 162 255 199 255 70 202 255 52 148 34 254
    75 255 252 112 0 66 100 248 64 0 0 221 0 75 35 255 0 170 35 47 0 0
    226 8 177 255 0 0 61 255 0 255 223 33 79 166 0 0 125 214 149 0 255
    127 39 255 170 105 48 255 0 66 171 143 222 58 5 121 0 128 83 101 255
    149 255 161 114 255 255 243 184 166 146 211 100 106 0 177 105 255
    255 57 39 99 255 0 147 238 0 255 149 193 107 152 204 26 255 91 178
    241 132 94 31 0 255 211 0 0 2 255 0 80 26 0 0 156 73 255 29 24 205
    255 74 0 255 0 252 230 62 0 255 194 245 0 255 96 6 255 255 255 255
    228 192 122 162 180 39 232 255 0 0 194 164 135 138 214 0 255 211 60
    9 0 71 255 233 117 55 213 0 172 255 255 118 255 255 132 18 234 2 93
    90 154 17 0 188 52 66 120 209 7 0 255 19 255 107 75 163 212 0 255
    164 220 255 150 0 255 138 255 103 0 111 128 0 185 142 255 255 2 19 0
    227 95 14 106 166 144 0 67 57 80 69 255 0 241 144 175 25 216 255 234
    103 226 99 45 116 169 0 43 255 255 0 156 116 186 5 105 255 255 255
    140 255 214 218 255 255 31 0 255 195 86 197 181 21 114 75 214 168
    255 3 216 125 84 15 255 250 0 0 0 102 0 220 0 104 110 255 0 111 255
    255 236 255 78 0 216 162 0 102 92 62 44 143 0 255 62 255 181 218 255
    0 137 194 220 13 115 255 0 203 76 47 213 217 68 124 0 214 62 9 207
    78 255 5 0 0 0 4 155 83 0 129 217 255 222 255 255 0 53 78 74 0 255
    164 148 0 204 130 0 181 184 57 164 175 13 242 255 0 128 203 255 223
    255 255 29 163 0 0 28 233 255 249 159 142 25 107 26 0 249 0 73 149
    169 215 186 0 132 221 27 245 0 0 255 125 230 121 172 225 209 57 141
    33 151 0 162 0 209 112 0 102 0 68 40 0 255 195 0 239 234 120 255 0
    223 255 255 13 131 113 255 0 0 108 163 255 255 255 255 255 198 136
    255 175 199 232 255 0 84 0 200 196 0 0 0 140 155 101 255 0 173 230
    41 0 67 196 147 190 255 101 255 173 27 47 81 52 255 144 0 28 154 0
    236 181 255 83 31 14 255 3 53 215 169 0 123 0 20 178 101 255 255 16
    234 221 27 49 0 180 115 187 239 35 121 43 150 159 91 7 28 254 221
    255 248 0 255 47 253 255 213 255 155 0 109 131 225 166 0 255 201 0
    255 0 0 57 255 181 55 255 255 0 255 219 255 191 178 172 0 207 222
    255 239 255 156 254 0 255 255 0 92 147 255 255 0 46 0 180 241 220 0
    80 40 255 190 255 125 255 95 250 214 99 124 255 187 255 255 0 0 0 77
    133 130 93 242 255 255 232 121 171 245 255 228 128 238 79 212 48 255
    34 40 255 255 255 206 208 120 108 255 22 0 0 130 0 0 145 23 0 26 172
    0 216 0 222 135 255 248 19 91 89 255 198 138 77 190 191 255 186 94
    255 0 17 197 132 255 255 9 112 88 0 168 255 255 163 135 70 70 207
    255 255 253 0 60 129 226 67 255 92 255 146 10 0 255 185 0 0 248 221
    0 0 255 3 229 0 0 178 163 168 208 133 105 2 168 255 142 0 255 70 255
    60 255 255 212 0 255 255 193 91 253 255 255 229 241 255 20 122 223
    183 0 0 255 255 182 217 255 0 215 255 255 88 208 205 45 24 217 255
    207 74 0 137 255 247 255 255 160 94 159 255 0 226 206 154 255 0 0 33
    62 255 140 237 0 126 255 22 87 170 255 125 255 143 212 253 16 80 255
    187 117 0 185 120 247 255 87 196 138 19 152 255 23 122 0 151 175 255
    0 106 0 159 202 17 155 39 235 255 58 255 197 58 204 230 184 0 31 39
    255 255 141 0 0 255 255 0 0 59 255 148 159 96 59 245 0 220 246 255
    74 73 139 95 129 197 255 165 91 151 40 221 0 8 134 255 255 14 255 59
    255 71 198 88 0 233 104 73 238 54 0 20 111 111 0 237 1 38 64 0 226
    255 29 17 255 208 35 255 255 0 242 209 200 180 104 252 79 200 51 170
    105 95 0 76 31 141 100 207 130 95 0 185 255 146 18 16 0 138 222 0
    255 255 231 255 110 187 206 62 80 255 15 213 0 247 116 38 166 179 0
    0 255 190 14 255 255 51 5 255 93 0 255 255 235 144 190 183 255 166
    152 0 22 220 255 0 206 255 80 217 22 244 26 116 0 27 74 196 0 87 99
    255 50 0 255 255 71 255 0 125 15 91 81 0 0 139 178 10 149 255 9 0 28
    35 237 246 255 85 142 0 129 0 49 53 214 177 255 82 255 0 90 166 0 21
    180 60 0 254 0 99 189 140 233 4 184 37 46 226 0 177 0 0 0 252 210 38
    48 255 93 255 123 206 0 95 0 190 0 28 180 255 87 70 255 212 0 220
    209 45 0 209 0 130 0 255 0 54 25 153 255 183 46 110 222 255 255 43
    255 2 40 255 42 135 170 206 186 96 82 255 255 246 157 166 255 134
    229 255 62 141 0 42 0 255 0 104 255 232 53 20 116 97 40 249 170 0
    255 40 0 243 255 255 255 56 255 0 179 0 125 56 0 0 136 246 202 255 0
    255 255 0 255 3 255 10 7 202 123 0 0 57 160 61 91 0 254 30 0 65 255
    255 99 87 0 5 0 117 255 176 55 31 181 211 67 7 182 0 157 0 0 158 255
    3 0 238 182 201 0 237 115 180 22 163 88 185 229 0 0 96 22 224 66 11
    255 40 0 255 27 159 39 170 255 0 0 51 124 0 255 255 254 193 69 52 0
    188 0 248 255 36 18 94 84 167 0 255 0 0 38 104 255 255 110 107 255
    84 105 0 202 135 37 151 0 255 176 0 136 236 0 8 212 77 0 255 39 252
    237 43 197 0 0 87 0 0 189 30 176 190 255 27 0 0 255 70 255 0 245 255
    163 255 48 70 79 0 82 0 143 0 0 255 41 255 195 67 246 29 175 14 43
    99 0 163 0 0 7 27 0 102 79 117 97 0 128 156 255 255 0 131 154 18 99
    28 173 33 0 0 74 215 149 0 98 98 81 193 0 210 153 0 0 61 37 107 255
    111 62 255 82 0 76 68 47 46 255 5 0 51 255 187 246 184 0 31 235 111
    226 0 116 208 140 109 255 80 7 255 91 112 166 0 176 131 42 255 240
    255 48 255 255 242 0 0 134 255 255 72 255 80 117 33 188 70 243 76 15
    0 225 255 0 160 51 237 148 0 153 0 153 105 255 208 239 233 105 116
    255 128 32 171 255 1 217 0 0 216 113 42 0 145 255 0 255 0 229 255 0
    0 238 0 223 25 81 220 161 230 199 36 255 0 215 57 11 0 167 0 3 25
    116 80 123 22 255 0 246 195 193 26 107 0 97 67 0 174 16 135 9 67 122
    56 118 0 62 122 130 79 254 0 251 29 237 56 177 0 0 191 255 225 146
    204 44 0 0 0 0 161 209 255 57 76 230 0 31 133 78 71 111 188 116 255
    255 0 75 0 49 255 115 112 250 44 255 114 255 160 50 71 220 255 112
    174 237 36 180 0 30 151 48 255 255 255 0 165 57 0 0 25 46 56 153 113
    33 0 255 3 91 92 0 255 183 94 72 0 40 26 198 68 0 0 255 165 207 255
    255 201 255 255 28 143 255 255 0 255 157 0 0 6 0 141 60 165 0 0 3
    100 121 255 255 137 69 0 240 142 255 0 255 255 173 29 0 0 99 93 38
    92 208 255 255 118 84 255 0 159 124 68 226 0 0 93 255 255 233 255 38
    255 0 137 150 0 21 255 223 173 0 231 16 46 221 0 58 52 113 140 234
    129 0 113 235 0 176 13 255 255 240 139 0 100 180 244 255 234 141 153
    86 0 234 252 63 229 18 44 0 255 0 241 143 255 0 255 0 230 0 0 142 0
    255 123 151 188 119 255 13 162 117 53 34 129 35 0 0 0 50 90 114 242
    0 255 255 121 189 155 12 255 123 169 144 42 124 14 0 229 52 255 232
    0 0 222 195 0 6 255 0 255 128 11 0 133 145 144 6 0 172 10 45 215 255
    255 255 48 69 255 255 57 109 192 0 0 165 169 0 106 255 249 230 241
    207 0 26 255 0 103 255 63 255 0 0 0 196 0 15 99 157 242 48 0 255 255
    88 0 15 171 31 0 40 255 150 255 94 224 189 97 255 96 236 255 24 251
    145 119 19 181 255 50 227 222 209 52 25 26 0 255 59 141 12 66 83 0
    245 255 94 255 41 104 53 26 189 136 165 194 75 17 0 76 120 205 77 72
    255 113 0 178 255 32 51 255 255 255 228 0 255 255 224 251 225 0 0
    102 167 158 200 255 38 241 160 187 0 124 255 155 75 255 110 31 192
    221 178 255 255 235 255 208 0 255 232 149 128 10 27 157 163 120 145
    0 0 155 0 0 26 17 0 99 255 147 255 0 243 142 197 220 250 218 34 144
    81 17 68 0 252 63 5 41 253 0 204 48 255 0 74 245 226 61 255 104 0
    255 47 255 255 152 87 255 0 111 94 0 240 190 0 75 202 0 0 128 255
    255 255 177 217 255 115 106 154 255 0 0 192 203 30 176 214 0 87 255
    112 64 255 14 17 255 255 79 255 0 255 243 47 66 255 134 249 188 0 0
    0 7 88 0 155 0 0 0 180 104 18 4 255 0 237 255 221 255 63 0 103 255
    178 196 0 132 103 255 107 255 240 204 39 0 0 0 255 196 0 255 74 0
    196 41 0 138 134 79 255 40 0 178 255 255 255 229 235 202 255 0 0 145
    204 0 243 134 255 0 0 255 233 71 247 71 255 0 16 227 0 189 179 0 255
    255 0 255 255 255 129 200 254 183 0 10 0 80 81 128 129 255 0 0 255
    241 25 255 255 255 198 28 255 255 239 165 92 81 4 121 90 0 42 69 144
    181 47 175 76 0 96 187 127 227 0 19 13 0 0 101 125 46 255 255 193
    155 189 0 2 0 213 94 255 49 255 169 255 247 255 95 129 45 238 94 0
    20 141 129 0 255 3 12 222 76 205 255 0 15 53 0 201 107 255 0 81 255
    255 0 106 225 193 68 255 138 249 255 0 65 226 19 108 210 119 255 194
    155 169 15 78 0 17 22 255 78 0 250 246 73 255 0 44 0 97 98 0 102 102
    61 255 135 42 255 255 255 255 255 51 147 108 161 108 73 172 204 0
    226 109 236 15 137 112 255 170 0 255 116 243 186 3 25 201 0 255 187
    0 240 255 255 231 198 0 9 70 67 5 158 88 68 250 123 36 0 122 220 253
    255 0 255 100 0 0 0 0 0 0 40 0 255 0 21 196 238 0 73 255 4 0 35 197
    238 205 255 226 8 255 251 0 178 0 94 255 0 3 255 203 255 245 196 255
    1 100 173 247 117 255 255 136 99 255 102 210 0 0 0 189 22 255 100
    210 255 0 229 7 41 255 183 165 43 255 255 130 54 96 178 94 18 255 39
    0 160 73 0 122 255 0 200 0 12 227 137 0 16 114 0 255 219 160 255 255
    0 255 58 116 53 243 255 239 170 72 21 152 255 204 69 102 60 136 227
    0 0 255 255 226 24 181 0 226 255 63 0 255 255 255 255 202 121 255
    141 0 0 0 70 37 78 0 249 139 144 0 239 0 147 161 48 178 7 103 172 0
    39 75 0 196 2 255 8 0 67 92 122 0 76 151 245 145 0 255 170 60 190
    161 0 168 32 170 230 0 255 104 23 0 17 0 14 84 255 255 248 0 255 14
    255 188 0 255 139 0 255 1 19 86 0 255 255 185 191 124 121 31 70 197
    86 28 255 255 98 55 118 145 152 1 26 130 0 0 171 255 180 4 194 172
    48 252 0 2 70 127 95 29 230 223 255 99 113 138 87 255 9 76 255 0 255
    100 255 107 93 0 120 226 255 255 57 255 0 0 0 8 50 248 0 13 27 9 65
    115 89 0 19 179 216 0 255 182 0 161 255 121 233 15 147 0 255 240 157
    0 107 0 211 255 255 154 41 255 255 204 0 24 0 0 115 105 54 68 134
    255 204 141 12 217 128 157 129 255 0 0 0 47 84 255 0 148 90 0 24 202
    106 255 220 163 255 0 82 53 134 255 8 27 183 135 162 99 255 221 94
    41 52 0 255 255 58 57 255 133 0 132 255 0 255 102 0 80 13 0 255 193
    255 0 0 245 125 225 66 109 0 255 13 0 255 0 30 164 91 220 255 255
    116 178 118 255 29 255 176 255 255 0 0 30 113 0 0 167 106 249 191
    163 67 255 175 97 0 37 0 236 63 255 0 0 129 255 179 249 207 255 0
    248 178 26 0 199 100 255 24 0 12 255 141 106 255 185 182 12 0 0 88
    213 147 125 103 206 0 2 172 189 80 255 101 236 255 97 204 255 239 68
    113 11 240 255 23 246 255 72 128 189 204 253 255 52 79 255 143 177
    243 126 46 75 255 174 0 105 29 158 255 0 132 255 161 166 255 255 255
    191 153 214 194 166 222 0 255 215 255 187 47 0 68 123 0 0 49 1 29
    223 9 36 0 217 0 0 194 255 155 255 222 91 191 22 234 0 0 0 255 232
    255 146 0 33 187 0 62 218 247 255 85 0 255 193 0 162 255 255 36 185
    255 255 16 0 132 0 255 0 0 254 59 220 71 222 255 174 83 57 12 255 0
    41 255 106 255 255 57 0 255 255 117 52 255 0 13 255 119 201 9 216
    191 0 92 228 82 0 255 0 196 104 119 0 92 122 209 255 255 137 22 255
    114 216 44 180 24 120 0 157 0 0 255 0 249 184 166 164 0 208 81 94
    255 59 78 0 121 224 81 0 0 243 135 156 3 0 111 0 217 255 224 255 0
    162 207 255 144 118 255 0 69 145 255 43 113 216 115 242 182 0 245 0
    87 0 82 138 115 1 93 104 237 204 91 255 255 0 0 219 29 255 0 49 0
    141 11 116 35 209 207 127 255 251 252 0 233 255 193 255 204 255 236
    240 255 255 255 96 57 146 121 17 254 0 6 0 95 248 20 25 192 17 12
    255 247 252 124 164 255 0 229 74 0 238 122 84 0 255 10 0 255 120 255
    255 0 85 15 181 91 0 92 0 0 255 252 224 100 184 0 74 255 65 131 2 0
    255 160 0 81 184 0 102 0 76 102 255 0 213 67 0 212 9 250 101 62 24
    48 0 141 0 189 255 0 182 212 254 255 255 115 178 0 117 61 0 0 0 0
    219 0 147 156 88 0 33 255 67 0 0 0 0 17 42 255 129 153 56 0 66 32
    249 114 255 255 52 221 255 0 232 134 255 103 239 15 41 255 0 64 148
    173 66 123 0 249 166 173 224 37 29 17 74 181 173 0 235 0 19 58 7 87
    232 228 135 227 255 0 206 255 147 108 0 1 70 0 250 171 125 62 255
    255 165 185 199 165 0 157 255 44 9 255 2 0 0 232 169 122 0 0 255 60
    255 255 255 187 255 22 1 191 0 0 253 211 255 167 0 77 177 0 135 94 0
    235 116 255 0 202 186 228 0 52 255 133 141 97 255 77 0 104 183 80 17
    79 0 21 125 255 60 6 255 94 26 0 236 7 26 212 21 0 185 237 189 248
    140 185 67 255 22 255 84 92 0 156 11 255 55 19 6 224 168 43 212 0
    255 0 130 82 197 159 170 34 255 225 120 168 199 255 40 148 74 97 137
    34 31 47 231 3 69 171 255 255 106 255 152 54 0 0 255 105 255 0 80 86
    255 11 26 173 222 0 164 255 0 67 255 206 241 147 255 255 0 192 0 16
    94 0 0 229 178 0 4 0 133 200 212 138 99 161 25 78 181 0 189 2 228 55
    0 199 255 0 0 0 101 255 0 0 154 255 49 0 115 244 162 216 0 154 103 9
    127 210 225 255 116 0 79 67 0 134 138 255 255 27 150 188 0 198 255
    28 58 255 255 255 10 255 179 0 0 210 4 255 198 41 255 191 232 142
    228 135 152 255 255 133 255 155 147 239 134 60 251 0 204 255 87 193
    0 0 43 68 0 175 64 255 14 0 255 246 124 170 82 0 34 253 243 255 109
    63 60 126 224 151 37 119 133 0 0 24 185 45 39 0 255 107 223 255 255
    0 255 135 132 91 4 37 0 34 0 193 121 82 35 0 78 0 135 77 74 18 227 0
    255 255 161 2 255 0 255 0 217 145 255 186 13 0 123 22 0 0 233 65 255
    106 0 0 0 134 8 255 24 67 209 58 32 89 255 80 255 231 162 0 98 10
    255 199 225 220 94 239 4 255 83 206 0 238 0 232 255 255 255 4 16 191
    0 0 243 116 0 95 255 0 255 172 0 6 184 0 0 99 15 255 255 207 38 255
    255 0 255 71 218 57 209 51 116 140 163 0 15 124 17 175 255 255 0 254
    3 255 149 0 29 194 30 124 199 255 188 108 68 187 34 154 136 0 89 197
    255 182 255 248 0 0 195 221 68 242 225 124 202 101 182 37 0 0 104 0
    11 187 113 104 135 255 172 147 244 62 72 0 0 105 0 0 68 163 101 115
    0 253 231 135 22 75 247 0 124 86 0 0 43 0 74 52 0 61 226 255 0 255
    187 173 237 0 255 70 246 0 0 117 255 209 255 255 255 130 0 27 100 6
    41 255 152 215 12 255 0 96 218 92 27 4 108 251 61 223 67 0 0 213 190
    68 232 170 255 146 0 0 255 139 255 22 0 171 255 255 0 255 255 246
    255 49 35 0 188 0 0 0 255 97 171 184 232 235 58 210 80 130 185 29 86
    181 0 0 99 255 255 212 106 211 255 203 22 0 32 0 88 220 255 132 109
    131 255 148 255 255 0 29 200 0 97 184 212 247 244 78 255 44 255 255
    222 231 137 67 0 170 255 49 228 255 188 0 255 255 0 255 29 223 138
    170 0 156 43 255 255 210 233 255 0 122 170 0 187 0 0 255 0 238 226
    60 148 0 170 255 163 0 21 255 13 196 215 147 255 0 0 25 255 255 255
    197 181 184 255 255 116 164 0 255 0 178 209 67 197 255 147 0 221 0
    56 113 84 0 0 255 222 0 255 78 4 255 0 0 104 47 230 146 233 144 91
    51 255 143 0 119 170 158 230 108 87 15 255 0 191 213 215 172 226 180
    13 255 145 148 69 26 169 255 85 188 255 125 68 0 178 0 175 0 172 255
    255 255 81 253 78 47 28 245 97 0 245 0 114 0 153 222 254 174 0 255
    255 255 188 191 13 145 0 178 106 178 255 137 102 255 22 255 63 255
    255 113 255 137 0 182 61 0 255 72 0 38 0 144 0 255 157 135 0 0 0 155
    255 152 0 183 235 170 153 98 212 59 205 120 0 0 0 148 255 23 0 6 255
    150 0 195 255 0 255 0 153 186 0 255 98 106 175 126 39 0 255 0 0 193
    95 143 247 48 128 28 101 74 122 234 225 255 255 103 45 177 50 190
    154 7 21 0 0 46 255 255 40 233 117 255 212 0 231 0 0 237 0 13 21 122
    208 179 0 247 131 255 255 0 255 8 163 106 255 0 99 0 108 81 198 0
    167 26 211 255 0 128 255 53 135 36 255 203 111 68 0 195 118 228 48 0
    178 35 255 0 221 4 193 92 253 255 0 255 0 1 159 190 218 0 255 251
    160 240 212 102 226 0 90 255 159 33 94 80 255 150 255 255 26 255 255
    255 255 22 35 255 142 15 0 255 255 112 237 255 220 248 0 0 237 85
    187 176 2 0 183 37 191 255 155 255 169 43 255 0 0 0 137 198 140 255
    148 255 229 219 43 230 124 78 0 255 153 0 255 179 147 235 182 40 72
    143 221 158 164 58 229 139 255 191 125 149 120 217 248 0 199 219 23
    0 118 255 37 0 255 179 74 0 26 211 72 0 255 138 255 62 15 215 203
    181 255 255 0 255 77 30 0 226 24 255 225 141 149 236 0 11 250 0 5 0
    255 36 66 251 255 55 38 207 137 0 164 255 232 64 0 227 255 255 0 85
    26 0 189 73 237 0 129 231 187 86 59 0 18 90 0 232 20 186 205 255 0 0
    255 0 0 148 119 255 0 0 78 52 94 255 198 255 255 146 56 40 109 110 0
    0 0 244 0 150 0 11 194 6 125 89 32 116 101 215 0 86 0 32 214 255 151
    255 122 107 138 41 185 11 98 0 193 70 174 255 183 64 250 130 157 213
    58 203 148 11 0 255 255 0 81 46 17 0 0 87 255 108 0 3 5 154 211 255
    255 0 255 164 0 0 255 202 53 226 255 129 84 190 36 18 133 255 0 255
    0 0 147 255 255 59 0 201 127 185 145 255 0 202 40 136 156 200 255
    255 158 200 131 218 147 0 118 189 255 0 179 42 0 4 82 254 255 97 135
    96 236 57 0 5 160 11 0 0 217 105 163 0 169 0 195 130 255 4 255 255
    255 0 28 11 0 0 74 255 218 66 0 134 96 0 255 255 161 0 167 255 255
    229 16 0 205 38 0 120 243 0 209 235 152 255 25 80 58 91 165 59 0 255
    85 0 225 0 0 146 177 52 72 86 124 75 205 51 0 35 57 248 255 73 35 7
    99 101 187 255 244 147 255 129 255 79 56 174 255 210 178 0 0 0 170
    16 187 255 189 58 112 35 0 186 149 216 255 0 7 240 255 30 0 129 0
    255 255 112 33 0 0 255 227 149 143 223 5 9 255 94 255 255 26 207 209
    217 255 122 55 226 190 99 111 0 161 184 232 255 0 223 255 44 62 242
    0 224 0 0 174 52 29 0 55 135 162 0 255 129 36 255 85 195 134 118 170
    77 255 255 127 255 34 164 0 255 0 135 228 158 231 27 170 255 60 212
    205 255 255 234 255 220 173 237 255 74 0 177 73 0 255 118 70 61 224
    220 47 131 205 12 0 255 0 106 255 205 0 0 0 68 0 0 251 255 195 255
    154 0 0 255 99 207 0 128 255 44 0 112 83 156 206 105 121 229 120 255
    19 255 166 255 0 6 132 107 210 33 0 97 149 3 164 240 0 116 78 142
    164 0 209 129 0 47 223 46 115 89 148 255 11 255 255 143 200 0 221
    255 87 0 21 172 193 255 192 0 170 132 0 255 245 255 40 0 60 169 97
    255 153 0 255 20 0 255 186 161 92 0 34 132 0 255 156 187 0 249 223
    119 247 255 214 212 244 33 97 153 0 82 162 81 245 179 213 184 0 43 0
    153 201 0 255 170 176 110 186 58 0 110 149 118 108 75 255 0 155 255
    0 255 117 0 173 0 0 255 59 123 255 8 69 41 0 198 253 209 255 255 53
    255 0 155 0 0 35 52 255 255 255 0 255 7 0 229 37 140 255 0 0 134 255
    156 112 196 73 22 230 37 100 0 255 131 138 93 145 0 54 9 0 83 0 209
    88 0 12 124 229 175 179 0 72 0 255 0 0 27 205 0 0 255 255 130 91 213
    250 45 108 165 0 186 218 53 62 46 39 129 236 0 255 149 238 0 136 255
    161 255 174 111 148 228 230 255 53 235 233 92 243 0 255 165 6 185
    255 57 171 0 174 255 204 255 255 198 254 93 255 17 170 0 64 182 178
    17 0 255 108 95 201 6 255 196 67 255 254 64 37 64 15 36 188 244 255
    239 88 0 199 87 0 0 255 0 192 144 255 252 0 70 245 23 255 23 24 255
    255 255 0 171 38 191 46 245 255 213 24 81 21 163 17 223 255 0 115 46
    90 255 6 255 138 255 174 17 47 255 79 0 0 230 197 192 55 0 255 70 0
    63 244 48 0 0 0 0 0 66 0 0 0 0 206 149 206 57 255 208 255 0 244 255
    86 0 242 105 0 253 255 5 181 0 245 41 102 157 23 81 35 210 120 255
    245 129 255 0 4 55 118 58 0 236 0 117 0 152 178 255 44 0 84 255 136
    0 227 0 0 3 255 0 221 204 124 255 0 0 137 93 54 75 51 120 37 0 37 84
    151 54 74 52 70 0 42 0 0 0 224 10 193 56 253 112 255 7 213 144 94 88
    26 0 142 189 80 255 48 81 0 236 255 109 115 150 0 47 45 255 255 72
    113 0 71 243 214 0 0 0 0 255 246 170 255 255 0 0 127 113 13 192 252
    112 0 0 227 255 156 121 116 160 188 0 0 244 254 117 122 139 18 243
    199 71 255 255 112 0 0 0 2 255 0 195 255 143 255 0 48 255 255 86 0
    255 5 0 0 255 134 96 180 50 179 255 57 170 255 249 0 0 13 0 124 204
    86 212 83 225 0 255 173 0 100 108 0 64 0 15 108 43 5 0 0 127 118 53
    54 152 47 0 155 0 31 0 243 255 131 0 255 0 73 72 245 82 255 255 255
    0 255 255 199 58 201 192 72 0 55 220 142 76 3 12 55 255 0 26 25 100
    80 0 255 0 152 255 47 1 0 3 160 134 236 255 223 32 215 255 35 0 40
    150 64 255 164 158 175 0 212 0 0 93 83 255 135 119 223 255 0 115 176
    241 53 110 0 0 14 123 160 6 255 255 76 255 116 150 181 143 102 0 255
    0 0 34 54 182 217 255 7 91 165 0 105 97 17 255 255 186 255 19 125
    118 0 138 244 197 204 225 255 178 255 255 255 202 255 198 255 255
    170 255 219 20 169 115 74 118 0 121 216 167 110 15 0 255 0 0 0 189 0
    0 7 255 200 121 32 206 168 255 204 254 255 255 7 171 117 103 0 0 94
    44 47 81 47 239 255 255 171 255 169 160 169 203 204 0 169 182 245 74
    0 3 222 82 0 255 255 185 138 165 24 180 0 207 255 86 255 83 154 103
    0 255 236 129 20 0 152 182 64 118 61 240 0 255 149 229 255 106 255
    255 0 145 255 81 255 153 234 22 0 214 156 0 55 130 102 0 255 100 102
    181 129 28 255 187 65 42 21 100 18 0 0 255 255 241 255 255 196 0 255
    255 160 91 255 162 139 110 63 0 255 241 222 141 255 255 3 41 0 60 78
    249 107 255 255 0 9 77 24 255 0 255 255 48 255 179 0 0 97 0 0 0 181
    4 191 8 255 255 91 232 141 124 255 255 39 231 65 0 120 151 171 0 130
    193 0 255 35 81 67 173 0 203 119 0 33 4 39 134 195 255 251 188 211
    167 155 234 212 79 244 112 0 227 0 13 126 255 249 74 97 67 0 0 81 0
    255 255 196 58 0 0 76 102 255 227 255 242 25 255 96 186 25 108 38 0
    85 116 79 42 151 0 151 24 0 200 255 60 48 133 94 250 196 0 176 158 0
    71 255 37 182 0 159 144 140 101 118 140 255 178 63 26 128 212 131 3
    249 9 248 248 162 0 108 174 186 41 0 134 142 158 239 42 0 221 128 16
    0 70 186 0 249 201 55 0 121 226 235 194 159 72 149 0 187 0 14 255 29
    15 238 187 223 241 238 255 255 67 128 0 255 197 0 255 127 0 0 69 0
    95 0 172 255 116 20 69 0 220 105 255 255 0 134 88 109 123 0 57 39 0
    0 0 148 209 26 118 208 223 230 86 255 160 153 255 255 164 255 83 0
    255 255 219 82 109 96 233 0 58 183 255 224 253 222 55 0 0 27 184 0
    255 199 109 95 211 255 4 236 32 207 117 73 255 14 131 174 249 93 84
    98 255 255 95 11 255 0 0 0 0 0 207 255 84 253 255 0 255 0 195 0 101
    255 234 24 200 120 0 255 75 255 241 82 126 5 81 24 255 222 109 255
    184 132 198 67 9 9 19 182 181 0 255 249 0 108 0 93 23 154 223 32 0
    27 68 47 18 8 255 0 255 255 212 176 0 255 123 216 219 20 0 92 122
    255 255 0 249 58 0 236 12 242 16 83 255 255 16 157 113 194 155 169
    255 150 203 204 158 0 16 168 179 107 0 255 0 0 255 255 59 8 2 0 27
    123 0 119 0 0 50 255 146 223 214 255 107 198 112 255 166 255 160 103
    206 255 255 110 85 168 4 255 255 255 153 0 85 162 0 197 255 134 0
    253 0 31 255 255 166 224 255 32 255 123 34 184 246 255 255 255 124
    94 13 57 255 0 224 0 191 104 38 255 255 94 176 179 255 215 0 255 125
    224 61 51 91 5 6 255 190 66 161 237 0 207 235 0 199 0 0 0 255 138
    255 255 183 220 99 0 255 27 14 161 44 118 213 0 123 173 101 113 255
    228 56 86 172 92 22 223 0 155 49 255 139 199 255 51 255 192 255 255
    0 92 237 0 40 0 198 255 171 59 111 0 255 66 133 255 15 255 133 67
    255 255 255 255 37 182 105 117 0 4 0 120 0 197 0 40 30 0 231 255 20
    98 167 0 207 49 17 255 255 255 210 255 255 128 216 235 163 75 215 35
    0 255 0 255 123 77 255 255 0 0 187 0 0 148 178 37 255 255 0 0 163 79
    0 229 181 255 255 4 116 175 0 255 144 0 255 98 245 178 255 255 238
    145 76 127 65 0 0 172 247 0 131 255 0 255 255 255 76 53 87 143 255 0
    0 164 0 227 175 135 115 4 255 39 208 131 252 255 0 255 255 89 0 31
    251 61 239 231 162 0 166 99 0 255 255 3 255 0 18 0 145 255 54 44 246
    44 0 0 0 0 0 49 255 255 136 169 0 41 255 159 64 78 0 0 75 211 5 255
    0 255 25 184 249 17 241 0 0 28 41 0 52 255 71 50 140 255 145 225 4
    86 92 123 128 255 0 172 141 3 0 0 255 255 255 0 247 103 135 103 155
    0 146 255 81 47 143 255 255 85 200 185 255 0 43 0 223 0 208 165 212
    0 255 138 143 255 255 74 210 63 53 20 0 30 22 249 104 255 255 15 66
    65 13 170 255 57 147 178 54 255 76 143 140 61 0 255 0 94 119 255 26
    207 237 24 247 0 255 250 255 255 207 50 12 97 0 200 177 228 131 0
    229 255 12 43 109 255 255 238 114 25 0 85 0 69 0 205 19 172 126 190
    255 0 139 185 198 0 0 141 255 230 255 0 227 186 220 55 154 0 188 145
    255 159 0 255 194 71 27 105 68 222 0 211 208 255 45 0 255 252 41 0
    116 0 3 66 0 143 1 0 138 70 0 173 82 249 255 255 255 226 158 36 255
    34 0 0 0 91 43 78 9 255 0 255 255 0 0 238 0 19 149 170 205 188 68
    248 162 96 255 61 9 185 50 60 211 120 200 53 9 255 115 11 181 224
    104 0 117 102 139 0 146 28 22 0 15 149 50 114 241 61 0 255 117 255
    224 7 255 0 158 255 110 38 214 165 0 139 255 0 255 26 219 113 180
    255 64 255 255 151 90 223 255 0 255 147 82 130 0 255 219 52 0 101 0
    255 255 48 106 55 157 9 115 255 237 7 253 88 173 206 0 134 244 201
    21 57 25 158 148 164 0 18 155 255 106 0 255 146 109 228 238 119 255
    13 96 137 52 255 141 248 243 108 255 255 0 211 0 255 79 0 186 138
    177 135 191 93 255 135 169 0 0 255 57 95 211 107 255 255 154 23 56 0
    175 97 210 94 212 26 0 60 255 65 0 0 146 77 252 253 255 255 246 62
    86 176 0 0 0 74 123 0 255 255 0 161 0 0 112 0 255 0 162 193 64 116
    189 0 0 2 82 255 195 110 204 185 10 32 0 255 71 147 255 227 15 225
    103 97 241 53 35 204 159 0 58 38 66 0 26 232 0 154 59 178 107 255
    244 64 214 171 201 255 255 213 126 233 236 0 69 100 15 129 173 120
    148 68 255 215 241 255 86 255 237 204 3 142 85 18 0 62 0 111 45 216
    72 56 248 250 255 0 255 0 255 160 22 0 255 204 188 0 35 202 208 0
    117 255 255 255 0 18 54 44 255 0 216 215 198 12 141 144 255 255 70 0
    0 221 0 209 174 0 0 175 255 0 252 139 122 90 115 88 255 48 69 10 51
    96 0 0 126 77 48 249 0 0 162 255 167 192 93 120 255 159 72 51 249
    144 124 255 120 255 255 86 0 159 255 198 0 243 245 0 255 230 178 255
    0 255 124 40 255 0 148 255 0 209 155 255 0 0 205 203 208 235 0 200
    140 3 255 0 255 127 255 126 0 111 63 255 30 28 221 0 0 35 153 0 117
    0 253 255 16 248 0 220 58 0 0 255 78 163 255 236 255 121 154 119 255
    0 0 78 188 255 206 8 223 255 32 123 88 255 0 110 185 0 16 0 168 255
    202 0 86 255 43 14 255 217 0 31 227 235 255 255 0 120 210 233 159 58
    255 25 111 0 186 126 0 178 255 235 103 0 212 0 0 159 33 221 0 73 237
    165 59 185 241 197 249 149 231 0 106 74 234 247 136 90 224 252 22 99
    0 27 255 255 179 127 176 0 0 45 67 0 99 152 222 0 0 66 69 153 191
    140 138 255 255 200 161 131 0 218 234 118 241 3 0 214 235 255 21 19
    185 255 250 255 214 102 89 254 60 112 246 182 77 0 229 42 0 20 157 0
    0 255 255 198 136 227 30 165 66 109 56 115 255 225 255 231 255 255 0
    255 255 167 255 142 57 255 255 40 110 255 51 38 51 58 255 0 183 213
    255 96 251 97 0 255 0 207 149 138 0 0 175 220 7 77 0 0 255 0 190 213
    0 255 188 60 170 255 48 255 110 255 150 0 68 11 134 59 188 255 236
    223 254 83 0 255 91 180 83 86 255 31 0 0 0 141 0 34 253 55 123 0 0
    56 0 211 141 94 151 20 142 2 72 87 255 255 113 0 133 70 134 0 56 74
    0 124 255 109 216 158 254 148 232 0 189 13 0 11 0 104 214 73 24 0
    102 18 18 0 255 35 163 167 143 255 120 59 99 0 0 0 14 6 0 177 0 255
    40 0 63 0 120 255 33 25 251 45 0 35 41 255 134 142 0 0 203 0 89 255
    30 255 50 20 0 49 224 58 235 0 100 205 0 0 255 234 68 0 50 0 0 123
    255 102 255 161 0 189 36 143 255 31 0 0 255 61 255 255 225 103 140
    255 107 212 255 146 255 102 228 62 172 44 195 113 23 227 111 225 8
    255 255 255 255 120 255 0 29 28 251 118 2 0 255 0 226 114 0 227 255
    228 47 0 255 96 0 136 192 155 84 0 170 141 159 255 0 255 111 255 0
    229 29 4 159 252 255 255 207 168 0 97 91 0 255 9 208 0 255 255 155 0
    152 255 0 0 0 121 210 174 62 255 255 0 55 214 218 176 51 45 159 0
    255 255 8 255 93 255 11 0 161 178 232 0 46 108 109 248 225 209 255
    249 255 42 1 255 255 0 0 44 147 0 61 183 169 40 182 89 247 89 255
    192 33 0 147 0 180 0 28 195 167 141 255 13 0 48 150 255 35 165 92 0
    67 0 0 6 133 10 255 102 0 255 184 0 7 153 0 180 151 203 164 36 128
    65 255 139 252 125 103 192 162 46 101 238 0 0 32 255 48 42 146 91 0
    0 218 0 213 237 115 133 31 180 144 168 0 144 132 220 244 151 255 117
    255 0 235 21 194 202 202 124 0 255 106 0 255 0 192 245 255 41 82 63
    255 6 0 228 255 255 10 255 192 39 255 49 159 189 8 165 115 211 0 189
    10 255 52 255 169 16 255 114 6 162 154 194 255 190 255 255 168 255
    255 238 82 0 222 255 62 78 128 255 207 131 123 239 255 50 160 251 0
    255 0 199 114 0 0 0 255 185 0 161 255 0 39 186 135 16 144 19 223 213
    197 87 0 56 178 13 111 95 205 36 255 182 49 133 255 67 0 0 255 130
    132 0 0 255 32 49 228 255 211 76 94 143 0 114 112 240 17 126 255 251
    18 217 58 255 255 41 255 104 255 255 0 71 241 255 211 12 141 255 41
    255 245 0 218 208 208 65 255 199 0 255 0 255 5 255 255 12 10 255 0
    81 255 219 225 174 67 161 190 13 69 163 0 249 186 88 181 255 142 103
    32 246 255 105 229 230 82 255 15 0 22 178 255 0 255 0 226 78 5 75
    107 52 219 255 191 150 68 0 235 255 235 255 0 0 181 0 0 191 0 253 0
    138 175 0 22 188 255 232 148 255 162 0 97 46 164 0 55 62 255 94 129
    64 15 73 0 79 214 110 162 199 5 225 222 2 170 229 255 56 0 201 255
    224 255 255 80 255 0 10 230 30 82 240 0 231 217 255 118 136 249 131
    224 255 148 228 139 0 0 115 190 255 109 150 200 143 0 122 255 114 18
    31 118 44 69 45 159 62 0 221 255 53 0 148 82 54 255 0 182 75 171 220
    255 255 255 41 246 237 170 223 255 26 117 156 203 0 0 0 11 255 16
    118 255 7 255 25 0 139 255 219 255 182 29 218 58 0 0 206 156 255 177
    255 0 54 255 12 243 149 0 83 204 136 39 208 243 153 200 0 255 63 27
    74 255 255 135 105 252 67 74 255 131 143 232 151 184 0 167 170 234
    145 235 38 255 22 172 203 110 230 194 0 0 169 41 95 255 0 23 30 6
    182 163 227 115 255 112 255 255 122 255 0 53 255 228 40 0 192 255 58
    248 0 41 67 0 50 193 235 71 252 255 0 174 255 0 255 0 53 0 255 0 105
    127 0 255 0 255 133 255 21 154 0 30 255 250 255 40 255 2 86 145 61
    129 255 130 56 107 0 185 0 255 87 228 255 166 185 255 255 255 80 255
    255 63 200 207 0 255 196 37 255 193 67 157 85 192 140 149 201 0 163
    255 101 0 66 0 255 13 0 255 69 0 51 137 0 43 255 167 227 255 40 99
    218 81 255 255 0 112 240 0 64 154 184 153 0 255 255 255 136 255 213
    255 30 143 3 83 226 150 169 0 0 0 113 0 14 0 24 67 179 255 68 193
    158 190 0 197 0 94 212 242 220 0 174 16 110 22 255 77 0 132 0 0 255
    80 149 241 0 0 24 104 188 255 27 106 63 11 51 113 243 59 0 73 156
    255 139 246 0 2 0 0 255 125 0 0 6 255 10 217 255 25 194 87 251 0 159
    101 125 122 0 255 181 155 223 26 255 220 255 255 223 177 255 122 151
    0 0 0 236 47 15 255 0 131 186 0 94 146 255 249 0 255 120 197 165 182
    211 255 183 213 192 0 124 196 104 66 255 0 10 219 65 0 0 77 78 0 191
    50 255 185 45 60 255 255 170 240 19 187 255 115 255 43 0 255 129 255
    255 255 104 194 192 23 234 173 21 255 71 255 255 243 68 175 45 181
    255 0 34 255 230 0 255 255 0 86 255 190 255 170 255 199 166 178 255
    159 11 0 62 255 255 138 152 122 0 187 112 255 231 46 255 255 5 255 0
    94 51 255 255 152 239 142 82 148 222 116 0 73 0 185 190 255 242 56 0
    191 218 230 52 246 255 24 216 123 43 242 255 255 254 171 35 2 0 132
    195 113 143 153 255 255 44 160 0 255 202 41 197 0 255 192 0 60 3 169
    208 0 197 187 255 0 88 0 0 0 34 193 228 105 0 130 170 255 0 0 0 0
    255 127 0 211 211 0 0 23 128 147 0 67 246 142 255 84 115 255 20 0 0
    255 32 255 255 0 189 193 255 255 252 255 82 0 214 37 18 87 234 255 0
    241 14 0 19 0 0 255 255 227 17 0 91 255 255 0 165 173 0 255 138 144
    235 84 237 168 0 5 255 198 39 125 23 77 62 23 176 0 0 89 216 0 193
    106 186 251 0 0 255 255 0 0 203 255 215 137 46 24 18 255 0 188 0 0
    13 255 255 59 81 39 255 221 37 162 4 241 177 50 33 255 85 255 144
    255 22 70 0 168 232 63 138 255 0 121 26 0 57 255 150 255 113 0 55 0
    0 139 255 122 255 68 163 0 112 116 165 252 255 236 102 230 125 255 0
    37 173 0 227 0 19 225 180 231 84 255 0 86 151 255 0 229 73 173 33
    202 255 251 107 21 255 72 169 45 105 255 136 115 126 83 179 0 124
    185 255 0 161 247 155 255 148 0 241 210 0 58 0 0 39 0 177 255 255
    198 94 112 255 10 119 255 0 0 0 0 83 247 200 64 11 180 93 179 28 165
    0 206 247 32 0 88 0 241 0 101 205 255 167 0 180 54 179 72 0 252 48
    111 175 141 139 141 255 236 0 99 248 255 54 0 194 200 0 190 223 0
    100 255 35 172 180 176 154 142 0 190 163 4 255 92 149 74 25 27 217
    189 255 249 251 232 255 255 69 16 173 181 130 36 25 66 0 14 55 255
    247 0 0 255 40 161 83 108 189 0 105 252 0 255 93 255 55 217 0 0 0 63
    26 9 32 255 203 255 255 225 255 254 0 196 100 146 90 255 22 245 32
    105 255 0 0 255 255 123 0 0 101 0 0 100 39 83 0 0 0 170 213 244 255
    142 136 185 187 220 219 41 102 205 104 107 237 34 0 213 56 0 0 174
    255 32 204 255 16 0 231 176 255 254 255 99 255 212 0 0 0 62 243 96 0
    0 96 74 28 133 232 0 255 59 0 203 0 255 163 179 255 92 0 12 182 134
    255 255 255 63 255 216 0 40 0 0 0 103 255 255 100 187 117 204 255
    214 255 255 229 4 69 0 127 37 0 16 8 0 170 255 120 53 57 98 154 255
    98 54 0 26 0 0 255 245 122 220 255 255 178 255 167 255 75 255 230 3
    255 92 59 233 186 255 0 7 0 0 49 124 255 255 57 239 54 255 255 78 0
    139 0 10 157 31 235 9 122 45 207 121 255 123 29 24 93 0 0 30 117 0
    227 112 255 101 54 122 142 166 0 255 47 0 220 177 74 0 255 175 95
    234 124 176 99 214 250 0 255 255 71 107 0 255 255 0 129 120 188 148
    255 255 255 0 0 115 237 117 0 233 51 153 166 0 0 255 64 49 189 0 205
    0 164 0 138 198 255 235 255 67 255 7 0 255 0 214 154 58 255 255 211
    0 255 0 122 255 233 255 255 255 255 158 232 160 124 79 227 0 55 255
    12 255 23 72 235 0 255 185 255 185 210 176 255 4 175 87 64 204 236
    68 0 47 205 0 226 0 64 255 167 0 194 0 54 40 231 137 0 167 119 0 149
    255 0 204 99 0 179 255 235 76 160 34 7 255 255 0 18 255 70 255 0 30
    253 0 255 0 10 246 0 59 0 185 150 41 255 198 0 2 255 86 36 0 33 196
    0 255 255 0 67 87 255 0 255 221 96 255 91 19 189 29 29 94 238 255 0
    229 255 249 140 86 0 121 0 255 255 114 89 1 248 0 25 0 255 28 205 0
    255 255 100 38 52 90 0 102 211 61 93 0 9 129 139 6 0 0 87 255 0 201
    71 238 0 192 143 255 61 54 211 30 8 157 103 171 56 0 192 0 188 255
    194 156 42 255 10 0 16 255 49 65 255 73 0 158 255 104 56 249 227 0
    194 255 255 177 255 56 33 251 105 226 2 0 255 47 12 2 0 255 255 73
    255 242 2 0 0 0 245 0 0 19 127 104 0 0 166 0 0 224 207 201 255 67
    226 0 255 0 78 176 255 56 219 255 40 255 9 0 34 255 255 255 0 246
    145 123 13 151 0 255 202 10 255 77 0 222 0 46 136 141 34 255 151 255
    110 182 228 255 8 239 121 123 0 118 173 120 253 240 232 255 255 186
    46 136 0 206 17 3 206 126 147 255 0 203 255 243 0 132 2 0 0 141 0 20
    124 255 255 48 239 197 255 255 0 255 187 64 17 253 255 5 93 146 204
    246 5 180 181 0 17 232 177 129 31 255 45 189 82 205 34 243 255 148
    255 98 253 0 176 252 0 107 250 177 0 48 254 0 108 0 242 161 197 255
    255 255 38 255 95 178 37 0 255 0 35 255 18 162 223 19 156 10 228 72
    0 255 199 22 0 255 0 255 23 137 255 127 255 91 255 0 163 188 196 162
    247 101 255 0 255 136 193 255 45 56 0 129 17 194 44 64 0 197 88 16
    108 255 220 255 254 204 188 191 74 122 255 233 143 130 159 255 252
    255 156 61 119 225 12 178 0 176 84 148 255 201 0 80 42 0 143 68 0
    255 255 226 0 255 18 0 137 231 0 255 0 0 171 206 255 60 255 255 151
    172 231 41 51 255 3 188 83 255 255 174 218 128 70 255 0 163 102 127
    255 255 111 255 0 217 255 0 255 255 228 174 1 175 16 158 41 159 111
    9 0 255 67 246 0 17 255 86 0 200 110 98 45 255 0 255 127 78 0 0 151
    0 255 76 0 179 167 119 132 255 255 255 77 130 46 255 0 80 255 65 255
    36 0 255 68 120 255 255 0 199 254 46 255 95 255 53 255 203 210 255 0
    0 115 7 40 72 231 0 185 217 236 255 135 255 0 148 28 0 255 150 255
    255 218 254 52 0 77 43 0 0 48 255 0 99 122 97 0 200 58 76 0 192 0
    114 46 82 230 189 28 0 255 0 0 204 175 106 116 255 136 180 32 255 26
    255 93 255 255 0 255 255 168 240 27 136 11 0 0 0 60 255 0 36 11 255
    114 39 185 220 62 254 0 213 196 196 255 206 79 35 81 0 51 0 231 235
    0 114 86 0 255 125 255 0 202 255 0 234 193 239 0 255 235 24 60 32
    255 233 115 110 193 54 251 22 191 130 4 255 0 95 0 255 0 0 255 0 52
    255 191 192 140 136 255 255 255 255 118 255 191 226 143 117 0 0 255
    56 0 8 255 15 0 159 203 33 253 187 196 143 0 22 40 75 88 0 178 97
    233 28 121 159 29 215 182 161 0 31 108 108 105 2 105 16 0 116 83 0
    19 226 205 47 116 0 159 91 255 132 117 0 200 122 0 183 255 80 243
    148 0 49 198 230 0 135 255 162 115 116 255 173 0 180 61 0 0 38 127
    255 154 100 255 195 196 231 111 255 112 0 63 150 255 255 255 124 188
    255 0 7 0 160 0 0 6 0 255 210 241 121 0 0 255 0 209 251 141 163 255
    177 56 254 0 8 139 185 242 161 175 138 68 255 141 166 255 142 10 107
    93 117 140 52 63 240 210 255 255 255 159 237 129 255 83 255 255 68
    255 0 229 114 254 106 150 90 81 254 0 255 255 252 255 14 110 168 0
    255 255 62 255 215 207 27 0 0 255 0 92 51 92 0 97 255 108 7 0 255
    235 168 0 255 0 32 255 255 31 255 255 0 0 0 111 0 145 255 0 178 202
    119 252 78 146 122 255 223 0 163 238 255 241 68 0 0 0 0 137 0 81 81
    255 255 32 40 255 223 13 0 131 79 36 121 255 227 165 233 0 134 45 0
    17 184 161 255 255 0 221 255 226 255 255 53 145 76 12 255 0 255 0
    183 52 15 109 123 251 176 0 140 76 220 82 158 142 255 78 174 5 0 45
    96 79 198 255 108 0 0 151 42 237 0 255 0 255 134 18 255 6 188 255 93
    178 72 185 123 255 203 0 245 81 152 0 0 170 218 220 36 95 163 233
    217 29 255 68 188 244 4 22 0 0 116 20 0 17 111 61 0 67 103 209 255 0
    114 161 0 106 83 185 109 193 255 186 163 13 252 193 209 0 0 0 0 61 0
    0 87 110 39 0 0 255 61 128 255 0 232 97 27 151 0 6 0 161 34 255 171
    125 187 35 138 238 113 152 12 211 167 17 0 75 94 0 56 0 115 36 17
    255 124 42 255 96 0 0 32 141 139 255 110 255 112 0 147 119 0 0 249
    189 123 206 0 255 148 255 153 136 255 210 255 19 0 105 255 176 124
    113 0 0 205 225 73 55 116 255 45 185 222 103 205 0 255 0 0 149 251 0
    0 0 0 67 137 255 191 165 255 16 0 0 233 255 226 87 205 209 112 195
    211 0 54 242 255 255 65 170 255 162 147 171 255 145 0 120 117 255 8
    0 220 255 255 222 224 21 18 251 36 0 0 0 255 95 8 29 255 0 68 167 51
    233 255 220 0 0 49 0 0 255 0 112 88 244 195 65 255 255 98 255 159 36
    0 255 83 51 192 0 132 194 0 95 239 123 255 221 157 213 7 142 97 97
    39 37 150 255 196 114 113 197 0 134 72 117 0 147 0 0 241 134 164 148
    255 0 39 108 53 83 188 0 255 0 91 255 0 255 223 255 191 33 0 231 0 4
    210 252 214 0 202 255 81 77 119 223 255 255 238 53 85 236 108 226
    255 169 119 244 255 0 111 86 255 0 205 255 0 164 0 116 54 0 0 3 0 0
    88 0 0 206 0 20 255 148 247 255 0 255 255 123 255 0 132 255 46 255
    174 219 255 192 68 255 255 141 24 122 157 0 168 53 138 30 114 241
    232 91 0 137 110 0 255 122 204 255 62 255 128 237 255 255 98 162 87
    136 124 20 148 17 255 154 77 0 201 110 199 118 0 255 120 255 210 0 0
    41 252 255 213 255 211 3 255 79 255 4 204 178 177 64 2 118 223 181
    255 0 0 0 20 8 0 0 0 0 242 74 149 211 118 31 248 191 255 0 33 70 111
    19 0 14 122 246 255 255 233 67 0 111 56 0 224 255 134 170 233 88 255
    0 64 255 66 81 117 57 255 0 0 255 194 129 156 112 220 43 255 201 241
    255 0 52 0 0 10 0 71 158 218 250 0 255 0 203 0 0 115 255 0 235 205
    157 13 0 150 204 96 89 0 0 152 133 0 91 20 109 69 135 38 0 4 160 255
    251 255 255 250 0 255 150 187 0 0 140 156 68 0 200 186 62 154 255
    233 53 114 80 0 0 197 80 64 172 215 177 249 255 200 249 108 0 0 129
    23 158 110 104 116 235 175 0 221 154 255 87 255 0 237 240 0 146 255
    158 251 26 0 0 58 34 255 65 27 255 255 255 234 255 255 255 0 21 255
    0 0 174 255 0 243 102 0 0 0 36 185 19 241 29 106 255 145 42 0 134 0
    255 202 158 163 187 14 13 9 255 0 23 0 111 244 0 245 124 16 221 0
    247 83 0 17 255 137 0 77 255 26 0 0 85 0 86 182 255 255 234 255 236
    255 255 232 62 255 208 190 109 224 255 210 118 223 226 0 157 0 206
    214 0 255 0 255 98 186 0 4 195 8 232 203 148 0 185 154 0 49 21 0 0
    20 180 255 0 255 129 255 35 45 236 252 0 91 98 255 220 0 0 243 0 82
    60 255 255 167 245 255 45 169 127 0 97 0 0 127 67 255 106 45 255 22
    22 44 0 255 192 185 0 0 201 255 0 33 0 36 172 143 0 255 208 255 198
    0 59 188 255 18 255 4 255 81 0 125 180 255 58 224 207 0 30 255 78
    222 7 88 255 255 255 0 159 102 42 176 255 15 64 111 74 206 25 171
    159 255 200 183 225 211 117 3 43 129 0 0 178 57 0 10 142 0 46 210
    255 121 164 90 0 255 0 255 61 255 71 161 201 4 255 24 190 20 253 133
    207 130 255 255 175 49 0 23 0 208 0 110 0 110 38 180 255 255 0 31
    255 0 136 255 223 144 60 255 255 45 0 255 125 207 255 82 16 255 100
    255 162 255 242 0 28 18 71 77 169 156 0 255 255 56 188 232 0 255 162
    112 27 85 0 85 53 178 18 0 255 158 41 201 20 154 95 0 184 0 142 218
    148 255 195 228 134 0 0 143 60 0 0 213 47 0 82 182 57 177 0 209 0 0
    14 0 255 202 0 255 255 159 0 71 101 255 95 185 0 255 0 0 255 0 0 103
    90 255 114 171 216 132 255 124 255 115 255 16 255 65 149 0 0 101 255
    10 255 255 135 216 241 255 203 251 227 55 65 255 164 0 255 211 249
    62 255 194 0 0 255 212 255 212 0 13 221 88 255 164 131 141 255 56
    255 152 255 83 0 0 0 0 0 0 20 20 25 213 205 226 18 0 255 0 172 255
    182 113 255 255 255 0 27 0 96 196 115 17 255 255 0 182 161 28 18 182
    3 97 251 118 255 174 28 255 30 155 0 104 81 55 255 63 72 255 7 0 255
    0 172 0 135 0 85 43 0 13 216 255 141 255 122 43 0 54 0 0 0 80 117
    186 26 255 44 255 0 133 91 255 114 68 116 255 249 255 136 0 255 127
    146 0 164 255 173 0 0 182 96 244 255 232 133 0 7 1 241 19 0 114 200
    155 0 0 35 255 0 216 56 18 223 17 0 61 71 0 255 18 202 119 161 255
    113 217 9 90 0 255 1 61 0 242 255 174 255 0 255 255 21 255 221 30 0
    143 255 130 166 0 156 105 130 11 179 255 159 101 76 103 183 92 0 82
    0 186 255 36 223 255 164 104 193 255 255 255 0 0 20 68 12 155 255 41
    253 0 248 255 0 162 48 100 184 0 124 89 255 16 37 205 83 196 255 123
    227 119 70 255 39 255 206 255 0 64 165 55 0 94 31 205 79 255 213 247
    255 243 145 140 80 4 200 0 17 170 255 228 80 51 255 222 255 88 67
    255 195 255 49 58 0 135 89 158 54 198 0 255 100 166 255 209 255 0 0
    149 243 0 0 39 41 0 99 0 53 72 154 29 91 162 79 255 160 23 255 255
    237 255 227 0 230 137 126 126 0 175 123 98 201 255 251 33 0 255 42
    255 244 127 0 0 238 255 84 179 227 127 245 185 0 46 12 0 255 0 255
    192 102 12 75 131 198 0 95 68 255 183 0 255 0 0 71 192 255 0 0 0 59
    98 255 23 255 253 0 153 255 149 107 234 255 133 104 32 255 207 255
    249 144 109 248 0 0 255 0 0 159 9 255 0 81 81 152 255 75 255 233 0
    142 148 206 127 28 37 69 163 18 255 175 89 136 240 189 101 0 153 0 0
    85 251 76 6 66 123 255 255 255 61 93 253 87 255 255 255 24 255 255
    10 228 56 221 0 82 255 221 255 161 17 221 255 137 104 192 0 88 126
    240 133 0 0 84 0 0 32 49 140 216 255 5 0 172 17 255 152 0 255 255
    255 238 133 0 37 202 172 83 166 0 255 217 16 255 91 211 255 233 254
    0 255 120 105 2 185 41 217 226 194 34 223 0 0 164 255 0 89 0 220 0
    193 255 146 145 187 0 0 250 126 0 255 255 0 255 255 255 252 247 0
    129 188 0 41 0 63 211 73 1 255 255 0 236 0 48 73 0 95 0 9 255 254
    242 105 255 255 222 90 104 216 255 255 84 36 255 255 0 0 215 8 114
    106 105 233 178 178 86 30 0 157 71 0 0 181 244 4 66 255 235 255 21
    61 9 255 255 254 124 255 243 156 236 255 179 0 218 78 232 229 255 88
    219 227 255 231 90 255 149 70 0 200 0 61 0 46 226 19 254 189 106 255
    60 79 215 0 141 55 255 255 255 185 203 20 48 0 122 47 6 255 209 84
    252 0 255 0 109 0 10 255 0 255 108 249 70 14 35 0 255 39 255 203 243
    0 1 0 0 189 154 0 64 138 188 82 255 17 0 34 41 39 183 0 20 84 0 34 0
    255 231 0 255 255 0 186 85 0 0 181 169 235 109 114 255 156 204 0 9
    161 0 70 41 255 177 255 120 113 255 255 249 177 0 109 192 255 139
    151 255 136 255 0 190 7 255 127 0 73 32 29 0 0 238 214 102 0 255 255
    0 9 255 62 96 190 166 98 23 0 0 242 196 212 92 103 198 255 132 138
    37 255 0 147 255 34 255 0 255 131 94 0 89 234 0 255 23 245 0 0 137 0
    99 117 0 198 81 255 81 247 58 141 37 0 255 97 255 52 255 0 68 189
    179 98 127 189 255 0 240 0 213 183 166 255 40 121 255 255 121 110 0
    129 0 21 8 78 255 18 180 109 0 53 117 230 27 44 187 115 131 0 255 0
    0 191 246 205 25 232 245 255 30 77 106 193 72 38 255 0 61 123 67 0
    255 255 250 196 142 0 135 0 66 15 157 246 227 255 33 0 0 0 255 165
    30 247 58 251 101 105 65 48 217 234 140 0 255 21 2 255 234 38 0 44
    99 32 0 0 41 0 74 0 157 178 0 111 255 151 255 45 252 124 214 59 0 0
    255 0 66 29 193 255 229 223 255 255 255 107 150 0 0 51 0 0 46 255 0
    209 224 0 172 5 57 255 108 171 183 0 248 255 255 144 240 127 0 18
    227 145 0 208 28 131 11 229 255 240 143 1 12 44 162 14 255 14 255
    255 171 0 118 255 0 0 255 184 0 248 60 0 4 0 61 0 114 102 0 200 150
    180 48 255 245 0 232 183 48 158 52 126 99 20 0 69 255 26 0 61 180 83
    255 150 0 255 186 99 255 102 0 0 0 221 27 187 15 0 238 173 153 30 0
    61 0 50 15 0 217 97 126 75 130 54 255 116 255 255 138 11 100 255 72
    202 183 41 7 55 123 108 150 126 0 237 255 232 152 207 82 145 255 157
    231 0 0 142 255 0 36 255 234 110 255 0 255 255 18 255 255 157 154 27
    255 0 0 24 202 209 54 255 2 198 211 0 255 211 142 255 207 174 79 255
    0 0 255 255 215 255 241 86 0 0 255 17 236 120 16 255 200 19 255 255
    57 126 165 0 149 0 248 255 0 2 0 196 196 66 156 242 0 215 0 0 15 23
    148 48 9 246 141 255 255 176 255 188 82 0 58 149 129 204 255 0 143
    27 45 210 240 0 211 255 222 255 93 131 0 175 191 230 0 13 25 11 0
    255 68 86 13 137 48 0 226 255 255 0 161 255 255 24 235 0 197 0 0 0 0
    230 255 255 98 0 0 208 9 255 255 35 255 137 0 115 165 255 24 0 0 38
    0 0 182 12 135 255 161 133 74 220 77 255 247 0 200 0 23 46 106 255 0
    19 45 202 97 79 0 125 12 255 104 255 255 0 22 137 255 130 192 255 0
    177 154 248 255 245 255 0 255 0 220 0 143 64 59 78 224 255 78 106
    193 121 0 60 167 42 0 227 255 30 19 255 123 168 163 255 240 0 201
    235 153 255 40 89 65 196 255 87 255 24 113 0 85 219 70 0 173 47 235
    208 255 22 255 0 93 137 0 0 57 73 68 159 0 11 124 201 161 122 0 55
    196 188 0 176 149 0 77 255 0 255 217 42 255 217 255 255 0 177 255
    166 0 255 234 255 149 0 102 246 57 0 73 8 229 100 107 255 255 189
    255 0 172 19 216 171 213 155 93 20 188 202 0 96 237 177 255 0 154 80
    36 222 250 98 146 0 240 95 255 165 255 222 26 255 28 42 255 255 117
    181 15 181 218 227 167 11 2 255 0 247 204 255 154 255 0 113 185 236
    67 178 201 255 255 255 9 222 0 0 77 62 103 27 255 0 22 147 170 175
    146 7 40 182 0 0 163 99 206 149 206 0 6 61 82 1 247 255 255 141 0 84
    80 0 255 84 0 230 0 166 0 200 255 0 107 255 243 0 0 0 55 0 6 84 1 0
    247 0 0 255 34 121 0 205 180 87 0 0 255 42 255 255 0 110 162 76 184
    118 255 92 255 69 0 14 55 142 72 0 31 52 101 0 255 255 24 174 52 0
    121 0 249 120 232 255 248 255 255 0 136 167 255 75 198 255 0 11 255
    20 143 255 49 10 0 178 255 200 89 202 96 255 0 169 210 70 192 35 91
    255 255 97 255 128 110 28 0 245 166 33 199 0 198 185 103 54 255 121
    43 75 95 100 54 198 129 0 255 236 0 0 255 180 0 64 226 153 255 89
    165 200 255 10 63 255 94 117 255 126 252 158 14 255 57 255 119 120
    193 255 0 0 46 238 255 110 0 133 143 43 59 255 74 255 236 82 4 255
    220 255 255 103 233 243 0 255 255 96 235 193 251 255 63 200 255 79 0
    250 255 198 1 20 207 171 0 137 255 18 255 171 124 47 149 192 0 47
    255 255 0 0 45 255 163 227 69 171 102 22 255 170 227 0 237 0 135 251
    41 18 255 255 212 154 64 255 82 147 109 0 161 61 0 255 101 174 255
    136 72 224 0 140 204 0 11 255 134 255 255 255 3 16 191 171 8 221 187
    231 66 255 6 186 0 255 180 133 104 62 255 172 144 255 0 255 52 118
    126 255 13 201 0 123 255 255 0 0 0 157 0 87 173 65 30 140 71 0 255
    94 255 95 200 255 207 242 132 2 205 0 255 0 200 125 105 255 76 0 241
    155 0 173 199 102 255 148 61 191 167 187 195 0 0 0 249 255 255 169
    175 255 255 160 150 34 184 161 143 255 0 0 183 255 255 164 227 194
    188 255 69 189 53 133 238 155 144 180 102 0 255 224 115 0 255 23 59
    0 42 13 135 0 0 6 102 0 152 255 255 123 0 236 42 91 43 28 129 0 0
    255 0 224 143 222 0 0 117 152 113 255 111 217 0 238 0 148 133 99 0 0
    189 194 9 255 0 255 130 98 131 169 29 255 73 255 31 0 0 0 140 255 29
    151 126 55 63 255 0 0 160 130 0 5 124 197 255 75 24 159 255 252 66
    104 229 85 0 62 29 0 145 0 255 56 218 162 255 82 167 191 91 40 183
    206 221 255 20 145 220 176 237 47 247 212 28 255 153 255 152 201 0
    86 255 255 255 0 0 255 6 85 68 255 255 83 33 55 218 242 65 0 75 0 0
    198 35 202 202 240 255 255 6 223 66 211 115 255 0 166 176 201 3 255
    134 5 0 35 94 145 112 124 107 147 255 76 250 58 142 197 0 110 32 177
    0 18 255 82 72 255 214 78 186 252 88 0 216 49 0 87 138 104 233 209
    251 255 0 44 38 0 205 236 255 58 93 0 108 119 0 88 126 0 228 255 211
    251 104 207 187 2 255 106 142 220 0 151 3 255 255 148 168 255 0 248
    40 0 160 75 223 208 135 0 255 149 0 0 83 255 32 255 139 165 55 45
    231 255 255 108 0 41 1 196 3 0 120 72 255 255 125 0 232 255 191 233
    0 145 81 112 83 41 85 235 255 249 199 255 255 0 247 255 179 137 216
    255 255 0 179 64 194 255 255 255 233 255 186 255 212 41 166 227 0 41
    6 255 253 255 72 27 209 255 255 95 3 165 204 16 0 0 247 37 0 163 195
    181 0 204 42 85 255 2 255 221 0 255 236 36 0 0 0 255 140 48 199 234
    50 12 117 0 58 243 255 255 118 255 255 207 208 255 81 197 255 255
    102 114 0 110 255 62 156 122 255 225 255 18 0 255 182 17 255 4 223
    237 255 197 252 3 87 69 0 108 232 255 125 0 46 19 82 159 255 123 131
    249 199 255 52 244 177 255 255 80 168 0 45 69 0 131 153 39 17 232
    187 68 0 0 137 255 0 132 228 86 217 168 255 118 0 238 147 23 167 71
    89 56 146 108 0 34 0 0 91 255 20 173 221 0 249 224 238 255 255 170
    35 255 192 174 0 240 250 88 0 170 162 100 0 143 175 166 0 131 151
    109 255 255 0 255 255 0 255 28 0 248 85 188 0 255 0 27 225 195 255
    163 143 144 0 14 122 255 0 156 0 0 213 109 255 159 0 241 192 147 235
    73 0 49 4 0 203 73 0 0 29 255 49 109 106 81 162 50 73 255 147 94 0
    29 255 237 0 0 255 210 232 93 0 255 198 25 23 166 57 43 50 132 255
    32 255 198 239 191 0 65 0 255 0 159 0 0 255 36 227 53 206 102 165
    214 0 73 75 135 211 1 19 21 91 255 53 255 255 97 102 190 0 0 0 0 150
    180 255 225 150 112 116 52 203 255 91 255 192 0 255 255 169 202 254
    214 0 255 0 13 0 0 0 0 93 244 114 82 255 255 13 188 0 172 15 255 245
    209 246 43 54 86 0 74 0 135 192 187 32 0 167 220 0 45 255 86 252 207
    100 5 173 255 127 30 94 200 135 27 39 0 61 166 255 99 53 11 255 115
    187 102 0 243 0 75 0 213 208 109 136 3 2 255 19 234 185 159 22 255 0
    247 255 190 136 243 113 35 161 23 148 239 121 250 246 203 0 194 220
    240 43 213 228 210 0 88 153 255 178 60 91 85 74 255 100 255 0 153
    199 212 255 0 29 171 0 114 153 161 31 0 255 181 244 94 105 124 255
    144 0 255 123 255 254 0 223 45 59 255 104 129 0 48 36 79 0 157 193
    70 255 255 255 160 255 33 136 155 102 32 255 255 156 0 87 96 145 245
    255 255 251 98 178 128 0 116 0 177 127 255 255 255 36 255 121 0 255
    0 229 123 255 198 149 71 255 255 252 89 255 255 0 162 255 167 139 49
    51 82 255 255 74 81 170 32 255 26 45 255 127 123 0 218 78 92 204 255
    53 156 0 94 255 0 67 0 158 0 63 255 95 240 33 217 255 46 255 187 165
    124 0 161 95 39 255 164 220 153 255 96 132 196 0 0 0 234 236 111 40
    198 255 0 154 206 212 42 255 78 169 46 80 203 207 164 255 0 249 217
    218 80 86 0 179 95 173 255 93 38 59 0 255 255 28 208 131 0 228 0 234
    95 66 16 0 11 0 40 0 76 56 0 255 255 255 249 0 107 133 123 255 47
    255 255 30 255 0 0 189 213 159 207 255 94 114 193 108 255 175 44 16
    220 0 234 251 226 98 225 25 124 134 106 0 38 14 160 107 78 174 56
    141 255 62 153 0 194 36 0 92 86 49 110 0 0 255 89 0 0 0 70 46 6 188
    152 188 109 83 26 255 0 255 153 153 152 2 234 255 70 165 122 10 87 0
    0 255 99 183 222 0 60 255 0 255 120 15 95 24 176 81 255 255 0 0 0
    255 255 37 55 0 0 126 27 255 255 88 255 0 0 255 234 85 70 47 0 78
    179 255 255 173 255 202 0 12 181 59 159 0 0 245 121 192 0 0 15 15
    184 154 115 222 57 191 234 255 0 60 27 0 110 0 216 75 164 43 6 255
    216 235 255 57 199 0 255 0 34 0 255 89 0 255 54 0 255 36 255 255 170
    255 102 255 28 146 40 17 148 48 0 0 0 0 0 13 0 165 9 199 255 158 220
    255 165 201 209 3 255 25 101 54 24 197 211 183 85 97 157 60 248 166
    173 216 248 61 216 0 216 184 69 74 51 0 179 255 25 212 203 62 179
    216 211 48 27 255 184 158 192 129 214 74 255 255 115 238 0 159 132
    120 10 98 91 19 151 92 0 255 189 96 255 12 61 224 37 255 0 88 49 112
    0 255 12 255 145 245 118 255 13 92 255 88 218 0 254 129 0 123 232 93
    255 255 2 0 214 0 228 9 167 101 93 255 93 8 228 145 93 158 0 96 0
    135 255 12 118 122 255 207 0 255 228 8 0 242 0 146 0 0 22 247 0 0 1
    204 146 115 209 248 0 125 122 255 113 64 226 179 62 74 15 0 0 87 96
    0 0 229 11 130 255 169 0 255 189 155 255 0 217 113 0 215 255 255 244
    177 0 201 42 193 108 0 155 143 255 195 171 0 137 47 13 87 0 241 0 74
    187 0 226 255 129 0 255 34 95 13 144 141 231 41 176 180 223 242 87
    217 109 0 107 233 62 255 0 255 90 98 255 123 255 175 13 186 218 4
    226 231 0 255 9 255 21 37 255 180 167 255 145 147 255 102 151 224
    255 181 33 66 0 255 80 255 69 121 163 136 0 255 100 0 255 93 145 160
    0 67 1 30 199 216 205 87 0 84 146 0 241 91 193 90 111 105 0 0 0 107
    13 84 29 58 253 90 56 53 109 155 255 36 202 0 157 134 255 223 0 111
    255 72 116 0 0 0 83 0 14 165 195 152 128 203 255 70 0 0 217 102 0 0
    255 196 40 72 62 0 97 97 88 191 110 24 225 245 1 255 145 255 255 52
    255 132 42 214 252 0 66 255 255 0 166 219 43 1 249 179 41 179 242 13
    158 0 255 175 25 22 103 24 242 255 96 58 209 0 255 228 50 0 26 68
    255 58 0 255 62 51 122 206 255 7 140 229 36 25 112 143 74 0 0 90 221
    239 235 0 153 76 0 221 255 8 63 254 0 78 215 67 0 213 0 255 0 50 181
    43 184 0 39 115 144 139 33 0 255 72 95 104 255 80 112 70 61 0 236 0
    253 255 44 103 105 0 215 0 1 108 255 255 255 255 237 255 255 144 133
    255 255 255 149 122 0 220 35 0 85 0 204 235 243 64 210 125 0 5 255 0
    0 226 30 144 74 135 255 0 0 181 121 255 0 255 255 61 0 131 3 0 255
    255 0 240 0 255 135 168 138 64 212 9 7 188 0 139 103 211 0 220 180
    76 255 163 170 2 200 187 255 255 89 200 255 175 157 49 0 231 255 161
    98 0 0 76 41 133 240 0 120 81 70 255 0 0 237 255 252 144 7 154 255
    209 249 145 75 255 116 170 72 46 173 32 4 255 43 89 195 255 62 0 223
    249 255 0 255 255 255 137 29 94 0 0 0 0 80 0 162 0 255 255 0 146 164
    222 67 165 0 255 0 225 228 255 224 229 0 35 209 66 41 194 255 244 68
    255 0 34 147 189 115 102 0 244 18 53 163 82 0 49 60 36 152 107 255 0
    75 254 140 255 20 218 0 134 255 255 66 215 86 200 177 0 53 136 227
    48 232 255 139 19 249 128 9 130 109 236 68 255 255 255 45 153 223
    109 159 255 0 220 255 105 68 0 0 0 221 101 255 84 176 243 143 181
    255 133 12 255 0 0 0 0 2 125 211 10 79 255 255 219 3 255 255 209 221
    255 0 255 48 99 0 168 180 105 247 214 52 109 106 235 41 228 255 181
    97 203 93 167 0 84 39 58 0 212 0 152 82 33 132 2 223 237 255 177 11
    0 255 90 94 118 0 224 169 249 45 108 0 0 255 187 0 82 255 0 134 123
    232 129 0 0 255 0 131 255 203 255 199 228 255 250 115 255 3 32 0 0
    14 255 173 22 238 73 213 237 202 7 148 255 248 74 155 255 146 255 29
    217 175 35 74 0 98 241 15 0 20 147 216 44 170 205 255 101 0 36 171
    187 255 255 37 0 154 170 0 92 255 165 107 251 255 0 0 151 255 255
    243 124 0 255 111 208 255 113 199 243 0 136 255 16 0 67 255 255 96
    253 138 190 222 181 194 23 105 99 255 0 135 230 201 73 193 255 255
    34 38 152 0 236 0 207 227 255 255 89 206 184 192 255 169 48 255 255
    0 133 148 216 0 53 83 255 205 176 97 174 65 255 213 255 241 28 255 0
    0 249 228 255 100 229 229 0 255 0 231 64 87 94 241 0 124 0 255 223
    52 232 88 5 0 141 0 0 255 164 245 96 69 0 255 0 165 251 136 255 255
    12 0 99 237 72 211 122 170 255 0 0 0 246 255 14 235 135 0 220 0 0
    205 0 255 255 187 200 255 55 87 255 0 194 255 211 255 0 114 255 82
    156 109 36 255 255 0 89 209 83 190 117 151 0 50 201 208 0 143 255
    255 255 255 206 0 255 163 151 196 0 20 191 255 0 0 223 170 193 6 175
    255 240 0 255 255 255 195 87 255 29 255 0 181 139 255 128 0 115 227
    35 0 255 140 206 40 255 0 164 34 246 115 111 233 121 184 220 244 224
    152 255 199 224 22 0 0 144 0 0 176 0 83 190 114 25 192 0 255 113 0
    255 255 0 255 168 180 33 0 184 22 108 53 173 255 34 151 255 0 217
    255 40 207 239 18 30 0 0 0 162 255 230 30 101 185 255 13 54 85 42
    191 252 255 38 100 0 3 217 0 224 188 7 53 29 0 72 220 255 124 96 134
    0 224 25 255 255 16 0 80 242 1 157 216 174 196 81 253 0 0 124 105
    225 0 43 0 187 128 85 0 175 255 0 44 0 164 163 255 81 0 255 203 255
    153 0 255 0 221 180 0 0 170 223 227 255 19 65 255 92 106 43 237 0 30
    83 80 59 0 59 128 144 64 149 90 255 229 146 255 255 0 24 231 36 52
    197 45 16 17 255 0 173 54 0 232 119 95 0 0 255 255 255 0 129 205 21
    0 255 255 133 10 0 24 186 36 39 0 255 255 98 45 0 255 85 255 0 18 63
    255 255 255 7 89 164 164 7 0 41 58 129 255 0 67 81 82 147 0 39 0 0 0
    238 226 12 189 242 255 240 222 113 57 255 255 49 255 127 53 99 152
    125 149 255 53 53 62 74 255 255 241 169 93 157 116 200 96 172 46 187
    8 68 34 245 0 255 206 0 255 251 255 41 255 0 66 80 42 130 7 33 234 0
    66 255 0 145 237 60 0 240 71 23 0 76 191 124 215 255 4 68 35 0 255
    81 80 168 45 252 0 0 255 0 255 0 130 0 156 255 7 2 255 0 45 212 131
    3 158 45 0 26 93 0 128 255 255 132 37 231 117 0 9 98 150 255 21 154
    164 55 255 0 255 146 0 206 0 150 188 252 192 118 167 0 131 2 23 255
    38 255 15 188 0 228 113 110 120 0 0 94 0 31 174 154 189 164 121 176
    136 0 112 4 106 201 255 255 0 95 255 0 245 225 1 46 0 151 192 255
    213 0 62 194 255 152 255 255 0 255 187 255 255 79 96 43 0 42 159 255
    0 177 66 123 166 156 146 50 244 255 174 0 255 163 255 0 88 255 181
    204 255 33 0 56 255 184 231 255 200 172 255 255 0 42 0 214 128 127
    144 255 179 102 132 255 255 0 0 53 14 16 118 0 48 69 255 48 255 235
    201 255 34 88 77 106 255 124 66 122 192 158 255 167 0 134 0 33 0 210
    255 209 1 255 137 118 255 101 0 79 126 255 125 32 255 32 0 38 0 255
    255 163 226 177 174 252 248 0 255 62 227 183 0 92 0 250 255 1 31 255
    255 183 255 26 238 0 255 255 255 255 146 77 255 255 0 255 255 154 0
    141 0 255 70 127 255 93 185 113 121 180 152 255 43 32 183 101 255
    131 0 219 248 63 0 86 122 91 0 255 115 188 255 0 45 255 186 255 121
    0 0 0 103 135 137 255 255 255 255 164 0 134 255 195 0 220 247 99 255
    78 138 255 202 255 255 255 85 163 58 217 200 255 79 239 20 177 0 48
    101 0 41 231 33 208 255 0 2 125 203 15 29 166 0 215 255 255 95 31
    164 13 0 0 162 0 196 129 255 161 0 177 75 211 0 0 255 91 255 0 0 179
    219 255 0 33 31 0 255 196 142 221 75 79 0 9 131 0 36 46 255 115 255
    237 121 175 24 193 247 102 119 109 0 7 0 111 255 170 220 74 235 71
    194 0 0 148 97 255 0 94 255 162 255 224 133 255 0 57 118 116 255 109
    23 161 54 34 74 80 255 206 52 140 248 78 192 22 36 255 110 177 0 255
    248 0 0 255 255 146 42 218 0 137 241 254 95 0 0 29 109 37 93 255 217
    109 0 225 255 210 255 255 255 197 10 84 0 165 255 98 255 225 64 142
    173 50 255 134 229 78 255 159 6 218 134 255 114 85 0 0 49 0 71 146 0
    205 255 0 136 65 125 255 233 235 255 37 103 144 59 0 240 69 2 240
    255 34 119 143 181 0 64 101 0 255 255 255 229 0 27 210 0 255 160 24
    0 0 221 255 0 119 0 145 65 211 222 114 74 167 28 0 221 223 4 255 0
    171 255 139 80 22 5 0 242 255 0 0 176 255 65 255 86 56 0 152 180 0
    26 152 0 53 0 130 0 234 127 0 38 19 169 11 255 224 0 83 255 212 255
    134 0 255 11 190 0 255 255 125 153 255 255 51 183 175 162 34 182 213
    0 0 0 44 189 49 86 206 0 255 86 0 83 0 21 0 239 89 45 91 207 0 59 0
    255 255 158 69 0 255 0 59 115 85 100 0 255 83 63 57 0 255 0 255 82 0
    117 255 96 148 113 102 154 230 144 255 195 255 108 44 121 12 99 176
    0 95 0 255 107 243 42 0 0 50 160 32 255 242 39 255 111 136 233 16
    248 226 221 255 0 79 0 225 0 0 156 123 0 30 156 147 71 255 117 234 1
    255 174 0 255 41 0 183 255 178 234 255 0 0 5 221 130 151 0 125 255
    137 0 222 0 207 255 245 0 0 51 0 255 123 159 60 0 42 99 0 0 229 255
    181 130 254 65 0 6 255 251 187 81 141 0 236 160 255 10 93 215 126 0
    4 255 11 117 152 45 55 153 0 255 243 96 22 218 0 95 0 35 255 27 95 0
    37 204 47 220 238 0 19 114 143 126 245 126 255 68 84 104 85 36 149
    87 131 0 255 0 255 199 179 182 160 111 125 200 47 10 0 153 255 0 253
    133 13 71 156 0 210 0 85 158 76 223 255 0 67 177 0 207 18 245 255
    136 13 147 114 0 84 160 64 0 221 255 68 164 0 98 203 255 255 52 106
    149 0 255 0 107 255 192 118 255 19 157 0 255 221 255 47 236 139 31 0
    74 194 29 239 7 255 99 0 166 23 63 197 255 179 55 0 237 9 255 0 0
    255 188 170 0 0 171 225 212 0 105 0 164 255 8 255 14 253 255 255 18
    23 17 255 190 167 81 0 123 131 190 243 186 0 215 235 162 0 0 255 255
    128 170 255 190 10 2 0 203 220 0 214 122 1 136 131 8 175 198 115 0
    37 143 68 52 100 125 255 226 0 147 179 159 6 108 0 176 181 0 123 65
    255 255 227 54 55 141 0 161 245 215 31 0 255 44 0 255 11 49 196 114
    0 15 30 247 255 59 0 215 11 124 22 255 146 12 63 115 36 78 19 255
    255 191 255 95 243 91 0 255 119 0 255 241 65 255 231 84 0 254 0 0
    168 219 6 11 0 38 84 232 109 209 61 255 255 138 102 198 31 108 209
    190 5 108 179 59 7 238 0 0 89 255 255 27 255 75 255 87 166 237 172
    131 0 255 159 189 48 0 206 104 255 229 150 194 242 237 0 235 255 106
    162 149 85 110 0 0 20 141 255 75 82 102 255 13 72 0 71 255 196 0 211
    206 0 54 134 9 149 255 88 25 164 255 139 73 233 76 169 0 5 143 98 23
    37 210 255 1 77 0 255 238 166 255 93 12 255 255 187 99 247 203 181
    118 85 10 97 235 240 255 0 190 200 0 0 0 88 170 255 211 99 34 213 3
    116 162 165 44 255 94 213 105 130 0 0 0 177 188 137 252 105 65 156
    218 186 48 255 255 127 0 172 238 255 193 179 0 188 254 155 25 0 108
    100 158 181 0 0 136 122 255 0 99 208 179 172 117 70 65 218 133 157
    255 99 255 109 0 39 1 0 237 25 0 215 20 255 65 233 139 180 166 235
    34 0 164 178 166 24 188 192 126 0 0 255 25 238 255 167 191 0 252 169
    241 94 43 255 255 5 159 195 28 213 111 255 118 203 175 255 0 103 209
    103 255 255 255 134 255 19 140 255 136 255 0 236 215 0 124 233 255
    243 0 38 0 87 68 0 255 155 119 0 206 133 21 239 25 255 0 255 255 14
    230 255 255 47 96 175 90 122 178 0 128 76 28 40 255 255 111 255 117
    206 0 255 68 255 255 51 241 0 32 255 255 121 47 63 66 120 0 145 40
    254 82 101 255 146 134 0 0 0 71 255 5 255 45 255 0 184 255 20 255
    255 126 0 0 206 14 21 228 255 78 118 55 0 68 161 223 157 0 255 226
    144 255 133 216 0 78 0 129 0 215 3 237 243 88 73 0 122 33 214 0 87
    146 253 255 95 0 80 117 0 234 209 0 112 0 194 0 82 0 111 158 109 0
    115 136 23 255 244 42 158 0 72 61 16 255 55 0 255 255 200 40 215 211
    1 0 187 194 0 0 0 255 0 198 231 0 196 224 78 117 0 38 204 48 255 255
    204 139 255 227 255 180 0 255 31 77 0 0 7 255 255 76 72 228 255 101
    255 0 255 0 255 255 52 92 116 243 30 232 0 152 255 255 255 255 63
    255 171 42 25 161 221 55 255 103 10 255 0 90 166 127 54 0 86 28 0
    155 210 255 255 166 247 169 97 210 47 25 255 0 0 160 234 36 14 99
    138 194 0 100 255 0 1 0 110 154 0 0 17 37 26 77 125 181 0 36 24 52
    255 205 255 0 185 31 124 47 76 64 3 17 255 0 84 15 37 88 125 205 255
    227 24 158 239 151 255 150 0 255 0 232 255 243 0 97 188 0 0 0 101 38
    148 195 255 0 0 0 121 87 255 128 255 143 0 94 255 27 37 132 161 110
    128 211 255 79 116 251 0 40 255 127 24 156 255 255 26 21 155 211 51
    76 0 167 119 0 255 87 0 0 52 119 67 104 48 195 255 81 0 255 40 206
    31 129 45 255 0 255 100 113 182 19 18 0 0 61 255 80 153 255 12 27
    255 171 255 32 157 255 59 106 0 169 253 153 55 0 9 94 24 255 0 134
    152 255 222 94 176 184 45 94 232 237 103 242 255 255 223 66 255 255
    65 0 95 255 66 226 255 6 32 0 196 182 209 255 32 218 68 99 255 251 1
    130 140 0 158 177 61 92 153 255 255 255 74 230 0 229 148 0 116 167
    138 214 217 0 226 47 208 191 101 161 63 0 0 255 0 0 119 0 255 0 75 0
    255 0 89 223 145 67 89 191 255 0 198 124 255 255 255 217 234 255 176
    26 17 174 19 228 30 222 255 228 255 0 255 15 0 146 38 255 255 255 74
    213 147 109 225 41 0 0 108 70 255 133 0 255 0 240 255 53 87 167 255
    193 255 225 255 165 116 255 123 209 150 65 255 150 130 147 64 234 60
    0 255 255 99 73 255 248 0 255 106 100 142 7 0 167 255 255 0 52 255
    170 0 0 194 0 78 0 251 255 0 127 0 26 169 35 99 121 11 255 83 225
    192 0 220 255 107 0 255 0 126 255 0 113 52 255 0 34 203 118 96 123
    157 0 160 9 0 184 237 0 0 0 59 16 255 0 255 237 255 0 70 32 0 0 25
    66 65 143 44 255 226 255 71 255 0 188 52 74 255 126 91 0 12 100 147
    236 84 255 73 151 166 242 149 0 255 253 187 191 141 80 17 228 245 0
    0 24 244 0 12 184 0 255 35 255 255 35 96 255 75 19 172 226 227 18 0
    147 241 255 0 0 202 255 0 61 103 86 235 255 255 212 255 255 141 178
    136 11 0 0 0 255 0 0 121 61 214 219 63 255 193 12 4 0 253 0 255 120
    111 23 68 250 0 0 135 0 0 97 81 243 141 168 255 9 203 0 215 153 0
    255 111 0 155 0 14 249 0 0 105 163 255 121 203 255 8 54 10 0 228 247
    0 4 255 255 222 0 149 179 255 165 129 40 153 72 0 197 0 255 145 183
    227 255 64 236 251 255 0 150 192 12 206 0 98 0 133 0 101 0 107 255
    97 218 187 197 136 88 84 118 166 84 0 255 118 23 29 52 164 13 32 0
    74 0 212 153 73 101 3 0 45 91 5 255 49 85 180 50 15 0 97 187 31 255
    0 172 255 137 189 19 128 225 199 255 255 80 255 101 192 0 255 231 19
    244 0 255 28 255 255 142 33 27 221 135 75 0 244 53 229 0 237 255 160
    114 131 31 0 211 255 255 0 255 0 255 28 0 174 178 241 255 223 32 255
    255 209 0 195 0 193 255 255 92 219 226 255 145 0 134 81 0 77 100 119
    0 198 235 190 239 0 255 255 255 0 99 203 255 75 179 140 0 42 84 137
    47 174 38 231 235 23 0 255 252 255 13 255 0 255 208 210 18 40 255 0
    255 255 0 239 0 116 220 40 0 201 0 255 175 255 88 0 0 73 13 0 147
    250 69 255 255 33 58 244 0 0 0 214 70 78 153 0 119 131 54 240 0 91
    193 255 196 255 255 123 249 99 255 0 0 0 255 58 102 255 173 244 115
    0 67 0 255 61 57 0 86 0 118 13 28 0 0 17 70 255 0 184 40 48 0 142 40
    78 228 0 156 0 0 221 202 20 28 36 255 255 242 255 255 221 0 92 88
    247 0 0 180 255 255 0 85 255 171 255 215 213 171 0 255 186 236 162 0
    238 62 234 222 55 255 226 213 36 0 18 123 183 255 21 35 210 255 209
    202 255 229 255 48 237 64 0 76 242 242 0 0 146 0 0 196 255 7 154 17
    254 91 208 255 0 149 122 144 255 20 147 200 255 255 0 39 219 199 49
    169 255 161 78 102 22 0 144 255 86 5 192 0 255 60 255 202 86 251 208
    103 0 0 34 0 210 135 72 0 62 230 89 138 160 105 27 222 10 255 255
    255 112 127 157 0 255 0 95 104 255 0 187 113 76 202 255 7 17 255 75
    0 0 186 82 0 0 165 255 255 209 0 255 255 126 255 106 255 70 79 216
    255 0 109 210 0 241 114 90 87 178 239 0 227 93 50 151 136 0 0 210
    197 230 255 111 109 255 60 40 14 217 0 11 255 217 163 240 255 58 144
    215 0 255 0 177 0 224 0 0 255 255 6 118 198 42 49 0 53 45 194 0 255
    211 0 133 168 196 115 102 222 105 90 90 188 168 88 0 255 211 14 179
    17 120 28 255 144 1 164 64 28 88 106 158 0 255 65 244 255 255 82 119
    213 204 0 255 198 255 16 103 242 167 251 82 159 49 255 161 13 0 0 73
    255 189 199 255 124 0 234 0 0 125 36 87 237 0 255 188 255 101 196
    255 85 0 0 46 212 57 126 0 0 190 208 88 160 255 255 255 49 0 255 0
    111 109 0 182 51 255 255 230 200 47 203 79 182 79 58 1 0 255 117 0
    84 0 201 255 0 222 255 229 151 0 117 199 199 82 245 29 11 188 139 71
    0 255 92 48 122 24 112 24 194 0 147 242 0 0 252 140 144 208 110 239
    0 153 255 205 16 0 219 195 82 13 198 204 0 103 223 153 255 244 172
    255 227 0 0 54 255 102 13 255 255 133 255 143 202 77 171 39 129 255
    0 3 85 255 255 136 136 93 255 70 199 0 255 248 131 224 210 255 2 191
    235 38 0 7 187 255 122 141 141 0 4 218 0 0 163 82 0 0 199 0 255 255
    0 0 0 51 246 135 255 163 5 80 255 0 0 42 117 255 139 236 233 0 255
    204 0 182 221 123 182 144 0 249 0 132 0 196 0 255 165 165 210 63 251
    129 105 178 209 0 163 107 199 255 84 236 15 255 235 1 255 165 0 161
    20 183 0 195 230 224 255 222 141 255 255 112 169 40 232 255 200 255
    72 0 231 11 255 123 39 107 223 60 206 234 192 0 96 255 255 157 255
    255 75 116 255 25 255 194 97 144 58 204 116 0 6 156 98 255 90 114
    207 223 237 30 255 58 20 255 92 255 0 0 183 86 180 173 0 44 255 0
    255 233 94 99 108 211 182 169 211 134 0 250 255 150 134 152 101 0
    163 200 110 8 0 255 59 0 221 255 255 127 150 255 21 13 191 11 43 0
    164 171 239 166 247 97 212 105 26 108 32 0 251 0 255 89 104 0 9 255
    211 186 87 20 0 132 57 0 255 0 125 0 255 70 0 255 255 168 0 243 13
    242 138 255 226 255 255 24 35 0 0 28 0 108 255 128 80 10 255 217 229
    155 249 229 0 75 55 3 28 46 0 255 160 163 136 25 255 142 249 165 0
    171 14 202 40 255 0 255 255 0 243 81 234 90 205 255 174 138 239 255
    255 110 174 156 0 255 81 3 100 255 223 13 236 17 0 255 0 102 255 134
    255 0 228 106 0 96 96 0 239 229 239 0 11 45 73 255 239 0 140 255 215
    255 99 218 255 255 175 237 150 78 161 78 0 255 218 0 255 9 113 255
    161 0 255 12 173 191 0 255 0 239 117 0 0 0 0 255 203 4 132 0 255 108
    95 178 133 89 179 16 0 41 168 247 18 171 255 131 0 173 146 112 254 1
    108 55 245 255 0 255 255 65 233 178 83 48 114 0 245 8 248 131 97 159
    222 163 48 0 33 133 208 195 0 255 255 255 201 55 173 56 174 43 0 176
    77 156 71 142 0 0 0 0 147 255 255 249 171 196 0 0 4 255 0 202 71 87
    182 218 202 2 0 255 255 0 240 255 255 158 34 23 0 253 72 35 120 255
    73 88 255 245 225 38 0 140 255 72 194 0 11 255 21 255 49 105 216 150
    255 98 47 36 255 50 0 210 84 103 13 0 0 109 98 0 128 173 116 255 170
    0 255 0 0 0 0 213 0 0 0 139 0 255 244 10 181 0 102 244 52 1 255 89
    255 163 255 0 0 188 208 123 106 204 102 16 0 221 0 255 72 139 184
    147 204 255 255 0 164 255 195 183 5 0 18 147 250 82 31 255 255 255
    234 249 0 199 255 143 43 255 0 119 255 188 255 255 183 39 41 228 0
    255 255 211 84 30 0 0 10 0 192 174 189 247 255 223 194 118 236 0 255
    149 235 140 255 216 255 0 143 119 72 131 0 0 255 6 0 20 255 29 0 122
    131 90 111 0 73 255 36 0 32 63 178 0 160 0 0 233 213 0 144 218 255
    255 0 255 20 41 0 89 0 0 255 255 0 255 255 212 130 255 67 255 0 61
    18 150 0 108 167 0 255 0 33 98 0 49 255 250 255 255 255 155 255 150
    0 255 0 110 201 25 242 255 147 22 99 56 255 0 184 214 168 255 114
    255 255 236 255 81 221 115 174 254 0 121 198 40 90 243 78 186 246 96
    178 107 0 255 122 255 92 83 182 105 0 100 87 0 153 0 151 0 255 160
    229 139 255 94 255 255 205 255 27 109 72 0 225 236 129 255 255 48
    253 0 28 46 0 7 0 255 98 255 197 146 198 255 218 3 0 0 0 255 0 0 188
    14 111 7 255 0 0 0 212 0 219 235 165 184 255 87 255 25 236 0 255 212
    221 33 82 0 255 230 0 70 115 255 145 68 0 255 0 247 102 255 113 0
    150 149 255 88 122 255 255 110 0 4 97 0 255 65 101 255 0 68 221 120
    255 0 0 255 98 0 0 0 0 131 255 151 64 110 0 108 14 0 174 167 200 0
    209 0 112 160 0 240 0 0 113 44 255 255 194 8 173 119 101 89 255 156
    255 32 0 44 67 206 56 255 120 76 0 237 195 153 140 143 59 125 0 0 48
    104 174 255 47 203 146 9 35 128 179 167 74 192 0 0 75 120 147 8 0 77
    23 255 112 252 103 255 56 53 255 0 0 100 172 255 51 129 255 255 79 0
    255 0 255 0 220 27 255 255 139 157 255 56 226 0 255 255 255 255 207
    0 192 0 13 55 0 255 116 255 83 255 101 35 60 255 255 0 255 255 40
    249 255 0 0 96 165 45 150 39 0 8 38 255 0 255 239 183 78 0 255 0 115
    92 37 106 255 230 255 75 142 244 195 14 0 134 238 85 31 255 132 65
    234 231 143 222 130 255 0 255 84 203 1 141 63 19 208 136 229 0 0 0
    255 255 214 219 181 255 206 164 187 102 0 12 171 0 27 155 255 233
    206 0 41 255 0 21 100 135 173 127 72 240 254 194 0 88 0 0 0 0 231
    255 0 0 23 166 58 255 255 0 19 150 0 166 26 52 29 121 255 22 0 155
    255 0 175 255 255 205 1 123 7 255 51 74 10 118 129 204 0 101 250 22
    94 112 119 167 0 255 78 255 0 17 174 248 110 171 255 6 245 255 164
    198 77 66 56 51 214 255 148 115 98 172 243 113 255 122 172 0 255 142
    168 255 128 0 182 255 176 84 107 187 255 193 228 23 3 204 0 0 250
    206 78 203 0 242 255 40 153 220 125 0 255 0 148 0 0 31 0 242 228 254
    247 0 78 86 0 0 255 0 135 158 0 244 255 255 255 255 255 123 181 255
    55 255 181 107 58 200 0 0 0 0 224 0 0 204 0 255 255 166 0 255 66 58
    150 129 255 79 255 0 0 198 83 65 0 0 0 219 206 144 255 255 180 41 51
    21 255 180 101 109 255 0 89 75 216 255 0 87 59 178 255 46 183 184
    255 73 46 251 24 112 11 255 255 0 117 98 112 0 112 0 145 255 12 89
    33 69 114 205 62 255 255 255 255 84 216 217 127 71 55 165 201 160 41
    212 255 101 99 0 0 0 123 0 204 0 207 50 255 20 255 166 93 255 6 111
    255 247 131 255 221 246 0 159 56 0 0 62 0 141 9 0 171 255 0 60 120
    198 236 255 40 10 0 209 0 0 56 0 8 255 255 255 0 0 127 150 255 100
    255 23 21 84 255 255 70 0 105 13 14 22 0 88 134 69 168 241 235 0 62
    111 238 255 255 255 255 0 255 225 16 0 255 84 164 91 248 128 210 255
    0 41 55 249 78 255 166 155 59 39 133 36 179 186 246 255 71 0 0 243 0
    188 236 23 59 0 0 174 0 128 194 188 255 143 0 9 189 209 0 181 158 11
    92 0 149 209 153 55 0 212 133 0 0 107 184 255 255 19 218 27 255 0 30
    183 0 100 255 0 255 117 0 0 0 112 61 161 232 193 0 187 0 0 147 56 30
    0 242 71 216 255 122 0 255 0 130 255 18 255 45 255 0 205 96 0 140 0
    0 0 63 120 255 152 17 135 255 14 0 191 116 193 100 79 115 255 26 84
    238 67 140 255 167 183 89 255 222 177 35 79 255 255 148 115 231 0
    249 30 244 255 211 255 160 251 27 122 47 0 224 113 0 122 255 0 234
    27 255 163 255 255 45 84 255 51 140 204 189 245 151 255 85 255 255
    255 0 255 255 255 252 255 135 152 200 255 120 148 0 255 255 255 251
    0 70 0 0 69 31 255 104 150 188 204 255 0 0 157 8 186 255 255 255 0
    255 54 0 127 255 255 255 100 76 0 162 255 166 49 164 0 57 202 124 91
    86 255 173 247 233 22 255 4 0 255 0 255 189 232 34 174 182 173 200 0
    255 174 66 126 210 142 0 172 220 241 17 97 223 227 0 81 0 72 100 255
    17 0 168 76 210 0 130 73 75 110 94 0 63 164 204 0 255 206 0 97 255
    204 147 72 255 0 255 89 144 163 38 159 255 4 255 94 118 145 60 152
    148 162 86 215 255 21 109 215 223 227 255 218 90 201 11 0 107 255
    255 84 156 255 113 0 179 223 255 255 78 3 205 0 185 255 209 235 165
    74 255 0 105 157 255 190 130 130 179 134 21 0 255 0 132 201 233 123
    111 255 158 19 129 98 0 255 10 68 186 123 186 0 79 0 185 230 210 60
    0 0 117 46 115 46 255 180 0 0 255 9 0 76 255 108 161 248 0 204 201 0
    235 255 240 0 243 0 0 63 104 0 25 235 80 255 95 196 255 255 27 0 24
    82 0 44 249 252 13 110 12 82 94 72 255 255 143 115 143 255 52 255
    134 223 236 141 75 175 33 255 3 0 79 255 69 190 236 99 48 255 80 5
    58 51 224 255 2 255 249 0 0 20 157 98 16 0 255 45 149 255 238 255 78
    51 148 23 17 75 0 139 0 25 255 156 162 255 0 0 255 0 207 219 62 46
    79 219 255 255 232 113 0 0 183 245 217 60 34 255 255 0 203 50 198
    249 137 67 73 93 29 162 228 71 30 202 188 67 236 0 150 128 255 191
    103 0 0 16 0 255 243 200 255 255 150 249 139 245 162 255 0 16 104 61
    68 255 234 250 32 0 41 0 133 255 48 46 255 167 0 65 236 0 42 255 0
    87 104 152 0 190 31 19 0 205 102 255 255 230 173 253 175 0 48 57 255
    150 222 213 35 47 255 255 79 0 7 181 105 200 255 208 0 133 176 248
    243 0 247 250 98 231 65 255 244 233 129 139 141 255 0 255 255 142
    255 53 134 255 0 255 27 0 184 22 0 65 147 0 255 226 46 0 168 255 0
    116 85 79 0 0 111 2 48 255 255 46 195 104 79 255 203 109 143 255 170
    0 70 232 30 238 255 255 0 67 255 245 68 34 53 16 226 185 255 5 234
    255 162 206 219 191 135 179 203 82 254 244 230 0 36 57 255 65 0 255
    255 227 255 255 251 255 187 0 229 255 255 232 185 115 105 254 255 0
    0 223 194 53 157 158 22 255 255 255 167 0 62 24 128 0 31 255 92 89
    116 206 0 66 90 64 24 162 255 113 74 94 3 143 255 74 255 99 255 255
    36 255 0 108 0 22 45 0 0 0 231 17 255 100 0 243 166 224 0 251 174 0
    255 219 48 0 230 245 111 69 194 0 255 151 255 255 198 127 236 0 92
    154 181 33 255 255 77 117 20 247 147 255 0 255 74 227 163 0 217 224
    0 176 255 97 14 183 0 15 255 204 172 87 154 122 255 0 255 15 230 247
    255 103 122 255 43 90 255 69 179 255 93 237 255 255 255 71 53 98 245
    255 255 255 94 23 0 0 249 153 137 255 74 255 53 144 161 103 247 171
    0 213 0 255 159 0 255 31 255 0 255 255 255 0 0 255 97 35 255 150 255
    83 105 72 61 0 103 107 168 96 241 255 255 33 129 65 37 206 218 99
    255 161 0 60 241 76 29 255 154 255 132 169 255 127 242 130 0 168 135
    190 0 164 17 0 255 11 121 109 255 77 255 0 187 255 170 80 255 230 0
    172 160 255 143 125 184 213 40 180 0 214 96 255 255 112 101 0 0 244
    202 36 0 0 209 0 170 203 250 38 27 180 0 255 206 177 24 0 68 150 0
    148 168 57 255 0 178 95 140 71 189 0 255 119 0 226 124 255 255 0 0
    255 255 0 53 255 155 32 202 96 255 255 13 68 0 227 0 27 255 103 199
    33 210 145 0 63 196 0 80 83 104 0 151 0 112 189 0 255 89 189 64 255
    0 69 121 0 255 10 155 255 255 23 0 0 172 120 170 166 0 0 255 255 0
    227 65 0 254 0 19 132 23 158 220 183 233 77 198 196 38 0 0 0 255 255
    255 255 255 0 43 35 94 0 51 18 0 79 163 153 124 255 20 255 151 255
    255 183 42 30 255 0 126 179 0 219 93 84 189 0 0 1 97 151 221 146 0
    255 205 212 220 190 245 110 59 205 20 92 235 36 164 0 0 255 0 200
    130 0 91 136 48 198 83 198 165 165 247 175 12 122 0 101 236 137 180
    42 255 35 255 91 224 247 137 223 220 165 145 149 66 255 77 255 255
    98 255 139 173 255 0 171 131 220 0 132 0 0 0 249 0 0 255 195 36 122
    193 0 125 0 255 71 125 10 217 219 104 255 98 229 146 36 0 162 0 213
    7 255 39 215 50 172 25 82 46 122 133 176 163 103 82 0 243 0 144 243
    194 255 255 136 20 255 205 117 0 0 255 236 0 183 0 28 255 153 80 65
    255 0 132 226 0 239 146 117 255 0 159 23 0 251 248 242 0 0 119 180
    183 0 255 189 216 83 192 39 247 116 224 0 95 25 218 194 192 107 178
    0 80 121 66 57 255 10 238 90 0 255 144 70 0 84 28 0 47 255 88 0 255
    249 29 96 255 255 115 0 178 0 0 255 0 101 174 248 255 123 0 255 0 79
    255 0 183 219 255 0 175 255 0 110 252 242 0 255 255 0 84 126 90 255
    10 79 0 28 0 0 213 0 63 193 206 0 155 0 19 119 36 255 255 0 201 36
    136 150 48 255 79 255 102 113 2 62 0 255 0 110 255 201 0 255 39 116
    224 214 255 231 186 118 0 255 215 84 62 250 255 10 207 255 130 255
    95 0 255 39 255 61 170 62 157 198 15 0 255 186 255 24 133 255 159
    125 146 236 148 255 26 0 255 59 139 213 0 255 112 255 41 0 254 223
    190 94 129 97 255 213 134 204 50 0 0 183 0 0 0 97 255 249 31 70 0 0
    63 255 244 247 81 0 0 48 78 34 255 228 255 173 231 52 255 255 246
    178 0 232 228 73 109 223 129 0 230 115 196 193 0 255 255 67 255 6
    255 99 99 28 0 61 205 0 255 18 0 205 0 84 0 0 183 255 35 253 3 31 24
    237 137 255 255 255 255 0 255 107 56 114 0 254 92 255 63 154 128 25
    0 173 109 153 124 94 148 255 255 0 155 255 24 0 0 255 6 72 255 86 0
    255 241 0 0 231 255 255 255 169 20 195 73 197 116 235 128 223 10 0
    255 255 227 48 255 155 0 106 255 139 16 158 218 0 0 239 239 0 0 162
    255 127 0 132 0 157 166 154 255 191 186 0 87 35 114 154 212 255 130
    255 255 82 0 225 50 234 0 255 0 14 10 39 255 255 0 40 255 201 240
    122 125 255 168 5 255 0 255 17 151 255 0 255 0 58 100 139 12 5 0 255
    0 203 25 203 255 254 255 182 0 233 162 226 175 0 0 99 81 0 255 0 132
    68 225 155 255 127 89 205 121 242 226 255 1 122 255 205 61 56 218
    163 0 162 152 255 148 0 255 67 255 198 0 138 217 37 0 244 0 15 255
    249 248 255 245 214 126 8 32 0 237 117 0 48 255 0 192 0 63 114 252 0
    0 157 255 179 86 0 255 14 0 132 134 255 0 0 83 231 255 255 0 0 5 212
    255 255 45 0 235 170 172 255 255 172 138 61 106 188 255 186 129 0
    100 255 0 39 45 140 186 255 255 11 247 143 152 255 0 255 146 189 132
    255 255 17 255 0 255 184 86 254 196 0 0 255 197 210 0 181 0 228 38
    254 242 0 34 202 90 110 66 196 211 128 255 143 181 228 0 0 0 167 8
    43 227 255 0 255 255 195 0 0 0 197 255 165 255 255 0 103 255 255 204
    255 161 192 13 5 255 232 0 192 60 250 4 0 79 241 255 255 0 73 255
    114 242 116 255 128 168 255 82 255 255 0 150 0 79 0 147 255 36 222
    99 255 206 21 251 154 18 0 0 193 203 16 0 240 163 0 92 255 255 178
    235 130 0 255 157 255 109 135 0 7 132 214 151 164 255 255 0 13 255 0
    0 210 70 0 10 212 255 64 26 64 0 141 255 227 74 151 156 47 158 6 120
    255 0 201 168 255 51 148 248 85 255 125 137 222 134 0 146 255 163 16
    0 0 225 0 255 218 0 115 180 0 210 255 51 0 255 255 54 255 79 255 34
    199 0 255 187 0 238 101 0 106 150 240 103 26 245 255 0 255 177 16
    133 199 255 82 142 0 13 199 36 0 0 255 255 247 0 245 0 0 103 0 221
    190 255 255 222 255 91 25 231 255 18 14 0 255 16 0 71 255 112 115 0
    255 0 26 255 166 123 255 217 69 158 210 89 255 67 103 204 159 0 77 0
    227 255 50 34 255 255 0 133 219 14 30 230 241 250 202 58 98 0 0 0
    205 158 0 103 165 222 85 242 157 0 254 133 77 255 102 69 255 216 68
    36 190 164 116 0 142 10 123 54 255 27 35 244 0 142 74 255 97 190 0
    208 85 255 0 0 192 152 184 49 0 216 237 0 229 184 252 255 115 0 255
    104 169 168 255 0 255 255 35 136 55 70 252 88 255 0 188 144 49 21
    143 23 132 255 0 83 137 65 0 169 40 0 255 216 255 255 255 131 126
    255 0 74 115 204 255 255 48 0 65 78 231 163 160 255 255 159 255 255
    197 0 133 222 100 0 210 104 129 205 61 208 70 255 255 255 146 255
    255 255 0 138 173 78 0 255 238 235 63 237 255 0 114 255 0 255 0 0 44
    50 0 180 49 50 0 255 234 255 25 82 152 143 190 92 2 24 125 177 0 243
    255 44 255 255 11 84 219 0 125 68 0 177 0 0 106 0 203 0 0 163 81 0
    255 135 217 0 32 203 0 96 225 255 92 183 74 130 188 163 41 30 155 91
    0 184 255 255 0 1 255 0 86 0 214 0 0 36 92 22 49 235 183 255 53 194
    0 3 255 0 212 0 105 198 0 79 255 86 97 111 255 22 101 255 203 0 0
    114 211 87 83 199 89 200 255 16 255 0 104 122 0 141 63 0 162 21 255
    206 18 255 198 240 0 90 0 0 0 192 216 16 0 71 129 12 90 83 64 39 217
    180 255 51 255 181 233 0 47 57 0 45 36 0 0 89 123 220 67 216 224 255
    28 30 1 221 167 156 255 255 249 96 255 225 255 105 101 255 74 255
    255 128 148 113 69 114 0 255 255 0 140 255 126 16 149 40 255 27 0 0
    164 0 80 249 130 0 255 71 255 144 255 0 0 190 176 0 248 200 155 93
    218 255 249 188 255 146 169 255 0 114 100 215 255 255 219 143 205
    186 96 0 114 226 92 252 23 102 138 8 145 154 54 87 90 170 80 139 255
    56 15 190 0 245 255 162 116 121 255 255 0 255 0 24 249 0 189 0 255
    55 30 255 237 255 102 81 137 181 148 46 0 114 244 255 113 255 139
    222 121 228 176 11 235 255 255 105 62 0 180 121 112 208 73 232 0 255
    69 226 62 0 0 94 234 255 229 20 21 208 0 140 192 111 234 97 255 77 0
    251 0 59 18 255 131 244 107 160 10 24 0 255 0 89 255 0 255 194 112
    210 89 247 197 176 255 255 0 5 242 247 220 255 216 244 117 0 90 101
    255 214 130 190 0 2 255 105 0 68 174 99 0 21 12 255 255 163 254 255
    53 24 135 111 176 255 25 34 190 200 255 255 140 0 255 85 0 197 112
    198 0 123 255 38 0 143 255 90 61 0 255 36 190 0 19 0 200 155 111 45
    12 223 0 125 172 0 217 255 205 179 255 87 213 255 192 37 91 212 55 0
    0 0 0 97 255 0 121 255 0 167 0 0 0 255 42 255 130 255 112 255 66 112
    255 100 243 24 10 77 236 202 0 109 255 0 154 68 116 255 255 255 255
    165 0 255 151 72 233 0 206 174 9 11 0 63 166 132 0 185 255 155 87
    187 255 56 0 255 255 122 47 255 0 0 0 75 0 0 2 78 221 192 255 1 81 0
    148 251 179 206 0 30 233 204 173 255 157 128 75 101 173 175 160 151
    255 138 0 0 34 142 0 0 255 0 205 32 187 0 130 10 217 209 18 199 0 0
    247 250 0 218 255 43 192 255 232 0 0 255 255 255 255 255 103 0 73 89
    103 63 0 253 227 36 0 55 153 185 255 24 255 0 7 32 16 0 254 124 221
    66 174 0 238 0 0 0 0 0 255 48 115 55 187 64 255 130 86 196 41 210
    249 220 31 88 183 96 0 187 0 238 122 213 33 129 129 255 0 255 255
    192 166 163 87 132 165 188 255 255 98 88 21 127 14 0 165 169 102 255
    0 159 0 82 252 0 0 165 247 169 216 255 197 238 107 255 255 255 255 0
    170 122 173 129 0 192 0 228 0 0 68 0 172 183 122 79 0 255 87 15 42 0
    0 255 255 0 255 15 249 149 221 0 254 132 0 91 205 255 148 255 0 155
    0 51 0 195 255 234 3 241 255 140 148 31 142 56 232 208 216 0 57 105
    237 236 85 0 162 246 42 103 13 255 189 255 0 234 140 190 113 150 232
    255 46 110 255 184 187 255 213 193 219 45 190 0 169 87 0 235 0 197 0
    89 178 63 40 255 121 240 74 207 23 175 0 173 66 134 220 255 255 0 93
    207 236 0 59 127 0 255 0 163 228 123 42 202 177 137 243 0 255 42 71
    222 64 163 136 0 103 0 152 0 202 19 159 100 255 225 44 204 255 62
    255 101 147 102 0 57 234 119 63 58 255 100 55 155 169 187 0 106 125
    0 72 234 255 255 255 255 121 137 47 55 240 255 0 235 0 0 22 115 0 88
    0 92 160 0 162 22 18 147 239 255 37 255 0 0 228 149 36 139 0 179 151
    104 255 113 193 34 248 239 0 88 194 207 92 103 0 249 121 221 193 4
    90 232 174 219 151 194 0 146 80 255 106 226 72 212 122 0 228 255 202
    175 255 91 0 0 236 137 159 72 207 84 206 0 0 0 117 44 7 255 255 0
    255 4 255 33 255 0 52 233 0 0 0 255 31 202 117 255 0 74 0 201 255
    240 243 108 255 107 239 201 97 0 26 0 222 0 255 90 255 54 180 255
    220 182 145 179 251 79 0 255 80 205 0 200 26 204 255 56 24 70 0 69
    246 246 166 255 255 25 255 101 241 224 13 0 0 255 255 79 69 0 164
    255 250 152 215 83 171 89 113 88 160 187 255 0 45 255 248 255 17 231
    240 0 0 91 255 19 70 255 255 0 255 101 51 112 0 189 0 240 255 34 135
    54 29 165 255 210 0 55 169 55 141 2 0 255 255 49 199 122 178 118 5
    45 255 253 0 21 212 137 255 255 221 110 127 255 0 196 156 172 21 147
    255 64 188 204 0 67 0 176 215 0 128 218 0 255 33 70 0 174 109 0 0 29
    157 198 195 255 255 218 0 0 0 192 0 255 255 251 255 133 151 255 255
    255 211 85 35 118 153 104 232 193 255 110 85 255 181 197 209 223 255
    48 0 0 222 250 238 235 24 176 65 59 119 0 59 148 22 9 206 175 255
    223 255 0 255 167 255 255 166 161 255 0 185 207 1 13 150 255 67 255
    176 236 255 0 0 192 232 156 92 42 0 0 70 193 53 255 64 0 255 208 102
    0 88 127 79 255 220 207 225 255 0 102 87 226 255 213 251 233 0 0 0
    255 0 156 205 12 46 255 114 251 73 0 196 175 208 94 107 163 175 79
    30 134 255 0 255 255 17 100 255 0 0 13 0 18 0 147 0 225 211 0 255
    160 255 255 0 0 255 255 251 0 169 255 34 183 215 23 157 255 165 38 0
    254 0 0 253 0 111 255 112 58 201 173 250 0 77 210 131 216 225 255
    117 134 0 74 97 135 161 17 255 0 0 45 0 117 139 255 11 160 255 255
    255 26 255 200 116 46 255 49 51 233 240 188 107 20 255 255 206 0 255
    77 11 0 140 0 0 0 9 180 0 255 218 0 217 240 45 0 241 190 199 0 0 255
    233 86 255 98 255 141 199 255 255 255 0 62 118 255 129 0 209 255 135
    90 73 252 0 219 0 0 74 114 140 104 3 255 0 38 147 250 102 37 105 255
    255 0 157 255 0 0 230 255 0 22 255 68 197 75 166 255 255 139 11 255
    38 155 144 255 180 255 203 0 152 46 111 158 36 85 0 113 89 210 51 0
    255 108 4 62 255 150 77 105 227 243 0 0 0 74 64 118 255 109 7 0 138
    112 0 255 134 0 25 254 175 113 0 176 0 225 86 6 156 148 255 231 22
    115 164 83 255 233 255 114 12 255 0 182 160 225 11 230 97 80 182 128
    165 144 154 169 110 255 90 0 46 111 56 255 181 98 79 159 255 0 88 0
    218 255 145 19 211 216 128 224 255 63 208 0 255 102 34 207 133 255
    255 0 0 235 185 173 199 255 255 0 61 0 255 255 0 105 0 44 101 120 21
    0 0 0 0 0 184 158 0 255 255 10 255 117 120 96 22 255 0 71 160 169 23
    0 144 69 218 143 0 148 42 68 84 116 96 255 255 161 255 25 255 76 94
    78 112 255 152 117 103 0 19 122 77 1 213 159 121 255 19 160 140 57
    179 0 56 0 0 255 143 55 240 183 253 58 255 255 0 196 186 108 0 0 0
    114 213 168 88 255 93 34 250 0 148 255 206 111 98 99 0 0 0 255 0 255
    255 244 255 50 181 38 77 235 74 68 152 144 144 96 108 0 255 78 150 9
    91 161 222 92 223 255 128 30 0 93 0 255 53 251 111 208 0 0 2 255 166
    48 219 255 255 255 0 119 0 255 255 0 0 255 161 255 0 26 166 54 79 0
    236 44 255 112 0 108 0 0 80 0 76 255 255 214 145 86 88 255 255 255
    247 155 0 174 0 0 169 141 0 255 255 255 246 207 255 255 65 0 21 109
    201 0 117 255 83 255 255 104 255 229 0 40 169 0 35 255 255 255 32
    212 252 181 255 83 120 255 32 74 0 18 2 146 0 0 255 0 255 255 228 40
    255 255 0 122 121 168 51 67 96 64 89 91 222 255 204 255 133 46 16 91
    174 0 109 77 0 215 164 90 255 167 15 183 255 219 113 188 0 0 234 107
    86 46 177 255 165 164 20 241 0 87 255 48 255 0 0 80 0 255 197 143 13
    0 98 205 152 211 0 0 45 187 244 14 79 0 0 228 255 20 134 184 161 255
    186 48 255 255 215 0 56 65 174 0 0 113 255 255 0 255 0 182 0 166 236
    0 255 2 187 242 58 10 0 94 3 255 189 0 0 246 150 182 54 0 47 134 255
    0 255 123 213 38 154 69 220 104 0 255 0 255 111 0 255 83 0 212 52 48
    14 179 0 0 27 0 48 99 255 0 88 133 8 100 255 9 218 8 58 119 254 181
    116 204 189 255 36 225 140 128 0 145 195 53 241 33 184 222 219 165
    204 73 232 0 144 181 45 255 0 0 255 209 255 255 188 0 8 67 202 255 0
    191 169 255 216 0 255 80 255 97 149 255 0 17 255 154 0 56 138 43 178
    68 217 255 201 0 0 0 255 0 181 255 216 202 168 93 255 185 255 255 0
    16 255 255 67 130 248 38 0 216 16 255 183 66 130 173 128 52 123 220
    0 255 128 69 152 0 228 243 255 0 6 175 25 104 190 255 174 255 227
    189 220 45 221 0 0 255 220 156 27 152 169 35 1 187 73 13 139 7 183
    157 0 243 255 141 255 199 48 255 253 29 0 47 180 255 77 0 0 252 160
    202 105 0 93 25 0 127 197 150 255 26 43 64 110 0 0 207 64 19 0 255
    165 238 17 188 169 255 200 131 101 255 0 238 183 255 255 0 237 0 154
    0 0 238 255 0 16 0 255 79 53 46 176 237 214 231 0 0 191 62 234 196
    118 213 34 135 255 0 255 141 0 13 176 73 82 116 41 171 255 231 153
    155 0 246 210 0 109 165 45 179 144 255 10 4 255 0 255 255 255 58 0
    244 15 172 254 45 100 255 211 137 255 255 255 255 148 251 188 255 0
    224 113 97 197 0 79 0 255 71 255 255 236 255 36 55 231 0 212 209 0
    37 255 92 195 188 245 108 165 65 152 13 50 255 123 0 102 201 121 80
    18 107 130 103 109 255 145 0 188 168 253 64 151 255 2 17 94 244 179
    132 99 0 32 255 125 255 255 255 0 220 132 250 255 236 255 107 82 194
    0 0 0 0 153 33 182 89 0 98 255 0 59 0 235 255 33 175 255 95 115 66
    255 101 21 200 0 48 255 217 150 0 0 199 122 255 55 172 255 73 109
    167 198 249 255 255 152 0 178 164 145 250 255 244 189 255 96 197 255
    245 255 34 176 255 250 162 211 212 0 56 172 255 255 74 210 165 0 111
    255 154 99 49 0 85 126 255 188 205 0 240 255 127 255 81 255 102 75
    116 150 255 40 255 237 67 0 198 133 83 103 8 255 92 0 64 126 109 125
    210 206 78 98 225 41 1 0 29 255 255 21 93 91 87 223 101 63 69 251
    250 255 137 0 53 12 255 101 22 207 106 167 145 0 255 70 49 38 70 168
    0 62 129 136 113 255 255 104 255 62 0 255 0 255 6 255 68 41 210 255
    0 169 218 255 57 133 119 186 108 183 168 116 117 34 248 0 93 151 238
    0 76 255 255 0 59 0 0 20 0 87 0 34 250 0 39 189 0 222 160 255 243
    255 27 0 0 12 0 0 199 254 42 94 208 233 0 120 193 137 0 89 216 239
    137 0 254 156 0 151 74 112 255 255 255 82 213 240 234 0 182 87 200
    96 0 255 255 255 115 14 129 32 0 120 147 28 177 145 0 255 237 197 64
    255 111 236 0 0 78 255 6 0 51 255 102 170 0 255 94 144 191 32 0 164
    96 177 0 255 202 111 7 6 118 255 211 224 255 255 0 0 78 136 0 217
    235 148 218 5 172 99 230 0 117 140 117 12 20 0 0 255 0 118 47 82 255
    181 236 183 54 255 161 223 0 111 5 0 0 178 28 110 255 0 247 0 255 59
    255 117 204 253 255 222 255 150 24 157 0 22 243 98 255 167 246 111
    205 44 130 128 102 23 89 255 224 0 91 255 159 115 188 0 116 0 0 227
    20 66 110 142 88 237 35 169 255 200 24 0 255 76 72 175 0 232 0 62
    129 0 95 248 233 98 90 255 50 90 255 43 220 150 203 0 0 69 101 111
    255 126 54 0 0 239 255 255 194 78 73 77 164 0 230 171 255 0 93 0 190
    226 201 0 135 23 17 0 82 201 255 211 11 29 0 0 148 230 255 113 234
    255 255 176 0 202 0 42 147 0 0 0 0 255 255 155 130 141 255 255 0 217
    196 107 0 229 107 235 36 96 0 19 0 119 0 255 255 248 21 0 142 93 255
    255 255 40 112 148 255 0 112 79 125 255 0 231 254 0 207 250 242 53 0
    153 0 252 0 153 87 58 102 255 255 222 255 113 20 255 150 47 33 41
    105 215 189 0 77 0 185 236 24 16 75 255 161 0 0 0 255 255 145 233 77
    95 0 148 0 40 255 109 121 67 255 177 64 255 0 255 16 0 83 255 68 0
    25 255 205 255 255 252 173 255 56 40 102 249 79 0 255 255 249 162
    139 0 194 175 166 255 108 201 50 96 255 188 31 143 241 135 144 61 0
    84 255 255 139 51 20 0 214 30 198 97 69 235 99 167 166 0 129 197 0
    116 236 255 19 13 75 255 0 36 255 74 3 92 0 218 0 84 255 255 182 0
    255 255 54 196 28 255 230 53 99 96 217 0 0 245 0 92 231 0 217 255
    255 248 255 255 250 161 69 135 111 249 135 188 255 79 4 14 192 105
    255 45 166 171 7 44 255 27 0 249 255 86 40 123 49 255 35 205 0 255
    240 232 150 65 130 94 212 137 140 0 255 255 58 20 14 0 46 255 207 0
    144 0 87 87 205 1 0 83 0 0 106 27 28 0 145 126 255 255 175 43 176 0
    227 94 121 235 207 176 76 241 255 132 0 58 0 181 172 0 44 90 0 10
    255 0 35 255 255 255 193 198 0 0 255 216 70 179 0 255 124 22 122 111
    58 0 255 0 168 0 143 199 2 255 116 36 135 16 166 0 252 12 20 213 198
    54 33 29 148 205 204 145 140 39 35 192 0 51 247 122 6 164 52 0 245
    18 48 30 255 15 0 169 26 13 119 0 39 238 188 0 255 0 0 0 0 255 255
    192 255 217 0 255 188 79 64 237 255 151 174 209 255 77 111 122 0 205
    255 0 24 167 0 242 0 191 249 0 123 255 155 255 85 102 243 99 0 188
    255 19 0 112 159 0 255 154 85 0 156 188 0 105 64 230 255 0 120 255
    71 150 255 255 246 27 36 133 83 255 0 144 100 0 156 0 15 66 177 0 64
    200 0 35 0 95 11 17 253 52 61 177 110 0 218 4 31 36 255 231 202 230
    249 104 0 45 3 78 255 217 0 255 157 255 175 26 0 248 0 69 0 59 94
    159 0 142 224 0 0 52 42 253 255 255 0 206 77 0 0 0 199 82 223 0 31
    119 255 177 253 143 255 0 227 0 174 210 255 0 255 9 94 97 0 84 198 0
    222 0 0 184 0 27 80 255 191 153 87 52 197 0 0 255 220 252 52 255 0
    65 255 23 230 157 255 101 0 255 14 32 0 246 218 206 184 232 6 192
    255 138 126 242 53 0 90 10 152 255 172 153 0 188 0 0 205 0 126 0 177
    23 64 165 221 251 32 106 19 238 0 184 65 250 103 104 136 0 12 255 42
    129 255 84 255 255 255 178 228 0 255 82 0 255 130 0 120 255 17 107 0
    213 0 255 80 180 0 48 157 255 0 108 0 255 0 183 234 94 83 255 1 106
    93 25 44 112 143 0 20 42 29 47 131 0 40 36 56 255 204 0 107 137 178
    72 140 255 250 216 255 0 39 178 252 183 73 60 255 0 0 109 42 195 255
    44 0 255 170 152 255 185 5 0 60 255 255 255 104 255 255 255 14 56
    196 88 0 255 242 142 255 228 255 255 136 255 31 0 209 92 0 255 227 0
    0 190 219 107 255 255 0 0 255 252 255 255 178 0 106 246 196 201 0
    255 93 74 71 132 6 0 183 111 0 255 218 165 255 255 69 0 255 142 0 0
    255 129 54 88 233 255 76 30 131 0 60 9 0 0 0 254 122 114 78 255 241
    153 159 252 175 202 242 255 21 161 23 84 142 27 255 187 0 0 0 255
    210 79 170 24 45 206 146 255 0 255 117 222 126 242 105 164 248 255
    188 255 255 210 18 255 151 255 0 144 98 154 0 255 254 51 131 151 0
    229 182 93 41 3 0 61 96 214 129 167 0 222 24 158 34 182 168 0 255 0
    27 53 163 217 32 234 170 255 125 127 255 218 190 76 241 31 181 255
    197 0 151 255 0 255 150 169 255 255 0 0 255 50 0 0 41 0 255 168 0 0
    0 255 15 94 134 255 248 46 132 124 19 119 211 63 224 255 0 54 0 24 0
    240 190 63 0 0 0 129 139 0 67 104 0 88 0 24 0 117 224 24 255 255 72
    187 225 0 247 97 98 186 0 12 0 4 0 73 218 255 0 13 96 248 49 0 145
    34 255 241 81 255 176 222 232 120 248 0 75 180 130 0 0 19 255 110
    255 60 42 0 255 27 0 255 81 255 194 255 255 255 0 255 166 255 11 255
    214 229 81 121 255 129 56 142 243 144 172 255 103 197 255 0 107 0
    132 174 228 255 0 255 254 0 141 0 255 0 75 164 13 255 255 0 233 0
    158 204 207 103 230 115 92 0 224 143 172 0 119 0 0 67 255 77 46 255
    172 16 76 164 0 0 176 137 161 255 241 168 255 0 0 183 80 47 3 255 39
    78 200 8 0 16 69 40 0 0 255 211 14 126 72 68 255 255 0 94 217 0 53 0
    141 0 255 204 18 172 22 158 255 94 14 0 103 201 0 0 255 255 164 255
    19 254 255 255 0 243 255 191 62 243 0 0 13 255 0 177 145 255 0 150
    109 114 157 255 38 76 0 88 32 0 0 145 0 0 255 78 255 247 115 173 190
    9 143 99 227 133 252 186 150 173 154 0 228 0 117 163 255 168 86 255
    0 255 255 152 0 255 21 182 237 0 255 0 137 102 178 41 17 136 158 163
    227 59 115 228 255 132 12 117 83 0 44 255 255 23 255 122 255 169 255
    255 0 167 0 255 0 45 255 255 255 255 71 255 76 255 46 0 108 118 0 83
    255 0 123 105 0 99 152 255 39 193 24 255 149 0 194 17 0 0 255 178 30
    175 0 0 31 43 142 116 255 162 255 236 61 170 53 245 255 238 255 93
    255 251 239 255 0 196 214 175 84 108 207 255 0 180 199 0 214 0 255
    131 82 255 255 37 255 199 132 39 150 209 7 217 10 255 255 255 248
    185 166 171 0 220 0 0 0 0 0 255 21 108 255 0 207 0 4 31 255 15 84 0
    175 0 0 233 255 155 83 115 187 0 255 0 0 178 0 255 191 45 70 255 163
    35 255 231 255 255 46 171 250 67 157 255 136 0 0 191 0 0 0 255 255
    224 208 21 191 255 255 70 153 209 87 0 13 255 194 196 255 255 255 0
    251 143 31 255 182 197 255 128 255 102 192 3 140 114 255 171 0 255
    143 242 0 255 73 110 236 57 70 250 255 0 34 255 47 251 221 194 11
    196 215 255 57 255 255 38 7 23 255 255 255 48 0 111 169 82 255 0 0
    241 255 0 255 248 180 29 235 90 14 226 169 255 92 255 129 253 255
    255 203 237 88 0 70 241 105 109 107 57 0 0 0 139 108 0 255 255 87
    255 215 119 26 193 255 0 184 0 255 69 0 194 0 31 181 59 251 73 104
    255 0 237 191 61 149 80 136 97 234 84 171 0 215 146 255 115 0 95 0
    206 155 0 255 255 40 125 255 250 0 255 255 0 23 255 163 133 237 167
    255 0 255 195 255 0 1 98 146 255 38 119 183 255 130 177 0 242 214
    119 41 89 10 142 0 76 106 186 230 149 241 211 119 255 0 0 95 7 98
    255 111 255 255 255 0 199 164 0 67 93 122 171 130 26 152 255 8 85 0
    0 19 0 196 44 193 255 0 42 166 76 131 183 78 37 24 63 67 114 255 255
    252 249 120 128 165 11 101 161 153 70 0 175 31 66 30 54 240 19 133 0
    255 67 113 52 0 196 0 255 188 2 251 0 36 0 0 49 185 134 135 3 68 255
    0 190 255 0 0 255 141 136 185 242 3 0 255 255 66 209 212 16 255 102
    230 151 174 94 195 90 0 131 218 1 0 206 255 0 210 200 251 175 255
    188 138 41 79 203 189 39 255 255 40 255 190 255 4 0 0 108 128 0 142
    0 191 220 133 171 96 166 22 255 131 0 255 139 123 182 255 0 166 0
    250 14 180 116 95 255 74 247 26 128 11 136 67 8 69 255 46 104 141
    251 39 100 216 65 255 10 32 0 47 43 255 220 242 66 83 255 17 0 43 1
    255 113 65 40 4 123 0 255 240 52 99 255 255 25 255 173 58 0 22 25 98
    117 242 0 48 38 226 67 149 58 160 255 84 255 26 117 0 255 107 25 255
    255 0 0 255 174 25 190 145 255 0 47 189 255 205 255 126 12 195 75
    133 109 91 158 255 255 255 212 0 0 0 252 0 137 255 29 109 255 0 240
    167 150 255 12 214 116 209 255 106 0 200 176 0 255 125 123 255 118
    243 26 63 6 229 245 134 255 9 212 255 255 63 72 149 47 112 188 122
    28 84 125 48 0 168 9 41 210 0 0 255 0 64 43 0 191 255 255 255 200 50
    218 255 255 255 0 73 255 0 116 0 0 206 80 255 255 218 0 255 146 255
    208 234 0 0 251 255 176 179 255 255 91 0 0 0 24 235 255 255 229 174
    180 98 0 125 182 215 255 0 40 0 255 255 63 0 59 255 0 255 233 93 0
    255 255 255 158 13 255 161 173 0 189 255 0 229 0 255 255 0 170 201
    255 91 238 255 58 223 0 141 184 109 19 0 244 255 123 100 0 59 158
    255 66 99 255 96 54 252 216 0 0 127 125 142 17 255 103 252 255 174 0
    10 255 196 0 156 209 29 253 255 11 74 0 52 144 87 0 0 52 34 68 255
    198 231 255 22 0 194 255 240 148 162 255 255 0 148 118 80 62 195 255
    190 206 255 6 255 92 81 93 203 0 113 87 43 253 47 154 255 255 172 2
    255 255 157 255 158 255 255 255 193 202 0 255 12 189 255 149 0 176 0
    52 135 33 119 90 255 86 255 74 208 141 44 191 118 0 14 171 115 107
    255 81 6 138 185 255 0 142 0 14 74 163 226 246 27 75 148 0 106 19
    163 53 0 190 176 126 0 89 123 0 122 255 39 255 0 32 255 0 1 255 15
    106 181 39 2 234 141 95 255 255 185 125 188 0 71 43 255 223 255 170
    255 149 104 0 0 230 251 228 255 77 170 249 0 99 100 110 62 2 255 0
    219 92 180 255 16 34 93 255 255 92 232 23 255 204 255 139 217 85 0 2
    49 207 39 255 0 159 0 87 239 223 222 231 10 62 0 0 245 0 0 2 84 0 73
    150 0 83 43 71 32 234 169 211 10 216 94 59 211 0 147 115 255 117 0
    232 0 255 159 197 157 0 30 26 140 3 106 255 255 255 131 255 6 49 0
    236 251 40 255 80 255 255 162 171 210 20 255 255 255 0 249 254 82
    208 241 80 99 64 255 225 91 101 190 255 255 25 255 45 0 2 147 0 128
    15 121 68 79 40 23 0 255 66 149 214 200 218 166 175 0 187 0 0 100
    242 0 220 163 64 157 0 40 251 255 60 45 255 100 19 238 56 115 188
    255 0 62 67 21 52 159 238 129 120 73 0 120 229 141 0 143 32 249 255
    182 0 255 155 193 43 103 193 107 184 18 14 127 130 255 152 119 69
    255 121 28 148 104 212 82 0 200 43 242 148 40 204 130 197 201 7 171
    182 255 0 128 0 140 43 41 219 121 56 255 29 249 244 66 95 73 15 0
    172 205 255 2 248 255 26 80 255 108 211 165 213 237 45 255 255 59
    120 255 179 165 255 72 0 0 114 0 50 143 9 101 255 238 255 140 0 231
    142 206 195 0 101 65 255 229 89 68 230 0 68 234 169 166 72 35 255
    255 92 54 188 27 170 255 0 135 255 26 216 255 109 105 78 55 43 0 255
    0 138 255 0 81 24 185 150 116 216 9 103 255 247 148 45 0 15 224 255
    255 0 131 144 98 255 83 11 60 185 136 124 0 224 110 0 73 231 66 205
    255 139 11 0 28 255 141 244 0 126 0 193 128 55 58 0 137 73 175 209
    82 255 81 225 255 255 18 70 255 187 255 192 0 102 18 0 0 183 46 85
    255 91 199 71 119 135 125 168 255 134 0 255 124 0 0 18 166 0 255 38
    204 255 255 199 255 24 0 0 173 255 255 94 108 27 0 0 76 0 0 241 134
    190 91 0 76 219 38 134 255 196 0 33 207 132 105 230 100 198 255 4
    102 160 187 0 3 0 64 255 0 1 229 175 255 33 99 255 255 0 89 244 223
    1 91 255 0 3 122 16 199 131 0 30 169 220 100 114 15 191 200 0 255
    255 216 93 0 173 0 55 87 255 147 255 0 255 255 255 176 170 239 212
    140 94 84 255 105 176 0 255 11 0 0 255 255 239 67 202 219 139 255
    255 255 153 255 28 167 152 70 235 0 147 0 66 131 112 122 84 250 0
    146 0 162 21 185 137 0 55 245 139 0 20 169 229 190 0 135 247 65 255
    206 243 255 172 174 0 114 0 0 11 184 205 0 0 146 255 137 6 255 124
    173 255 255 222 193 69 97 207 79 228 99 0 126 228 78 32 9 110 78 42
    8 60 0 0 191 0 236 42 0 255 255 0 0 5 33 114 0 28 228 16 249 44 75
    131 255 0 0 0 255 73 28 187 0 165 255 76 227 255 76 178 99 255 255
    63 84 12 246 150 171 255 190 92 14 188 0 98 176 180 0 207 164 6 255
    163 60 11 58 4 142 255 0 117 202 3 255 47 206 0 54 67 153 156 198
    121 225 188 193 110 0 242 131 0 90 0 23 0 255 255 73 0 0 167 77 109
    150 0 0 255 0 255 255 148 6 0 74 195 137 0 0 0 255 29 0 87 83 138
    255 173 0 255 132 128 255 23 0 221 57 255 213 0 220 0 0 255 29 77 76
    75 222 255 111 89 227 0 97 127 3 201 0 255 215 4 93 5 100 0 255 30 0
    11 255 255 140 91 205 236 74 66 255 16 244 0 255 171 188 255 255 205
    255 83 62 141 104 152 46 255 255 117 201 255 212 255 107 63 116 255
    255 0 104 6 0 210 0 255 0 24 255 255 255 78 15 202 158 0 255 0 104
    72 132 8 0 255 150 0 255 142 0 171 200 0 255 196 202 90 107 0 188
    224 40 213 133 0 137 255 200 28 113 0 255 108 0 0 252 0 18 45 194
    125 43 225 200 227 251 19 161 29 52 55 63 255 0 143 255 255 150 5
    104 130 141 230 218 0 255 4 88 255 63 20 89 0 150 5 228 195 0 190
    133 234 255 255 77 219 29 255 0 0 0 17 0 255 0 194 0 255 122 211 51
    0 228 114 84 212 250 133 179 255 18 228 201 255 0 97 135 16 237 249
    0 255 23 0 234 166 126 0 248 255 29 255 215 188 22 41 0 11 146 92 0
    82 255 90 0 255 171 21 254 109 255 124 188 255 0 120 88 0 150 66 0 0
    39 167 135 52 29 111 255 225 69 255 81 123 222 255 226 0 158 0 255
    100 0 255 255 255 0 188 255 255 26 0 95 222 255 0 0 164 0 242 255
    159 255 255 83 37 0 255 255 119 164 255 255 0 158 62 0 172 224 95
    218 125 255 110 69 147 255 42 167 0 117 255 0 121 255 110 255 249
    238 255 103 197 0 0 222 255 27 132 255 182 180 108 40 255 0 255 188
    110 255 28 0 18 0 7 154 255 76 51 188 255 123 154 191 37 255 169 255
    89 0 71 255 123 70 69 255 52 36 241 255 255 255 0 101 96 0 138 102
    40 194 238 255 128 0 216 116 0 10 7 255 252 69 0 71 126 248 255 0
    116 50 5 0 255 49 250 225 255 101 255 255 255 171 255 255 174 0 0 6
    0 165 0 49 246 14 49 255 0 0 0 255 46 0 39 255 10 0 255 142 255 148
    152 71 245 0 14 234 33 0 234 144 71 201 6 69 89 117 255 147 12 255
    255 206 255 29 140 194 255 255 208 158 57 160 226 255 198 40 255 55
    83 206 225 115 180 195 248 122 110 22 55 235 0 131 246 0 187 255 0 9
    255 0 229 248 131 0 158 160 255 18 166 255 88 0 129 94 223 33 195
    214 0 195 238 213 155 110 255 98 255 160 37 44 201 0 0 0 0 98 21 255
    4 0 184 198 143 69 30 10 34 39 209 231 255 64 235 0 255 246 70 236 0
    235 68 255 175 216 255 215 0 182 255 171 0 255 255 71 14 0 255 30
    109 250 236 132 8 255 0 11 255 207 70 250 220 201 240 39 107 27 234
    0 229 219 0 255 204 0 255 255 221 52 34 47 68 33 77 0 198 48 248 255
    0 255 162 234 245 255 255 255 255 118 127 224 62 255 47 255 255 255
    255 0 224 11 161 255 229 198 237 194 0 255 0 7 14 95 49 0 195 255
    255 0 17 255 30 255 255 72 83 0 131 43 175 48 173 255 255 0 143 27
    116 39 158 3 144 46 87 51 255 225 37 255 161 0 170 255 0 83 112 255
    0 252 255 255 0 183 111 255 154 132 87 0 255 0 154 114 88 107 43 200
    124 107 255 126 49 255 255 0 63 220 34 225 255 169 63 207 97 255 162
    255 81 201 40 80 0 255 0 255 216 133 255 242 158 23 249 200 238 0 0
    70 3 184 0 18 53 35 4 234 0 214 255 66 0 240 255 139 233 46 162 247
    22 255 0 238 0 0 0 0 0 184 116 0 4 0 6 0 98 0 255 226 21 25 153 0
    172 255 0 255 0 68 0 68 216 35 0 0 255 255 4 228 38 255 0 233 85 0
    232 17 206 130 0 37 76 41 221 26 124 93 255 0 164 140 0 26 179 232
    139 23 33 219 5 231 255 255 50 255 0 241 255 255 94 141 158 128 0
    228 255 0 225 211 110 195 116 93 0 255 170 176 69 255 255 255 13 242
    234 0 0 255 192 0 0 255 165 255 0 36 255 0 255 0 228 217 108 197 255
    230 0 196 204 0 205 0 142 0 19 183 0 125 108 0 252 246 0 136 108 109
    79 255 57 207 182 181 26 255 254 80 71 75 41 226 0 0 244 88 27 77
    226 24 48 0 73 83 0 18 202 247 85 0 255 1 150 183 196 122 255 0 177
    255 0 190 255 0 68 98 230 0 71 149 135 0 0 94 154 145 40 0 255 221
    255 0 123 0 207 150 241 239 255 17 255 0 77 251 51 206 203 255 101
    255 98 114 190 197 255 188 11 255 255 0 0 214 0 207 136 255 0 255
    165 255 255 255 0 0 21 93 224 32 220 0 0 85 145 0 255 0 110 255 17
    30 136 0 216 255 123 17 255 0 76 255 0 146 255 222 0 203 38 207 255
    130 0 0 169 32 181 255 255 138 0 200 28 41 147 0 0 191 255 255 80 5
    28 1 255 214 0 108 255 0 114 36 27 188 7 255 245 56 253 0 255 84 121
    102 255 0 255 2 199 113 135 152 52 255 0 13 198 119 0 0 106 72 202
    255 198 93 198 0 188 151 0 86 255 157 27 3 7 56 0 131 0 255 172 124
    0 255 59 75 72 0 33 0 189 13 0 172 174 0 0 255 175 7 189 255 0 200
    113 255 247 172 164 255 255 130 255 41 0 145 191 204 255 183 0 0 205
    0 83 255 213 0 255 255 191 2 0 33 255 26 211 88 155 255 186 132 132
    11 104 255 255 27 0 255 255 223 155 170 51 64 130 158 0 0 16 194 171
    154 82 86 0 32 33 0 90 63 0 230 255 247 234 0 218 148 200 0 230 212
    167 0 0 218 98 255 58 194 0 110 198 255 56 202 40 237 0 17 211 255
    255 255 255 255 177 158 0 143 107 255 188 0 117 181 255 69 0 12 0 27
    138 0 117 22 255 5 199 135 0 66 218 255 36 0 138 241 0 109 0 250 0
    255 255 0 0 242 255 0 211 166 255 141 0 58 214 219 11 0 224 0 209
    136 10 235 26 0 88 255 100 255 26 239 230 161 0 204 35 238 168 0 234
    207 60 0 0 42 46 255 213 46 46 0 0 145 118 255 178 255 169 85 0 161
    255 91 109 156 192 205 0 255 31 248 244 0 0 88 255 247 0 111 142 15
    159 103 20 50 167 0 66 248 88 254 115 97 202 255 8 55 8 138 156 0
    255 242 255 0 92 135 0 0 221 71 255 0 0 0 195 0 0 255 18 0 158 69 71
    141 100 110 209 0 0 0 0 0 129 171 255 255 155 94 67 0 0 255 50 255 0
    145 50 188 94 115 111 222 158 255 255 131 255 209 0 254 255 50 19 0
    37 0 241 229 255 255 181 193 155 188 0 21 55 123 68 96 99 0 6 12 0
    39 206 212 255 60 121 67 255 255 76 249 255 176 0 255 79 56 178 158
    118 218 255 16 125 234 128 184 44 0 0 118 115 255 203 171 154 184 76
    255 132 86 255 117 86 85 255 74 232 176 242 223 255 123 55 222 0 0 0
    62 255 246 0 138 56 0 142 255 77 0 197 110 235 255 11 0 65 152 0 0
    148 150 40 106 0 60 249 0 0 70 172 104 120 0 228 157 44 0 0 131 9
    211 255 255 220 62 38 0 120 32 120 255 104 255 133 216 175 255 0 0 0
    255 78 145 255 170 74 0 185 255 0 255 129 141 66 64 25 0 32 157 225
    0 255 1 255 255 41 0 0 255 16 132 0 61 73 0 87 96 178 123 240 189
    225 240 124 36 35 255 27 122 8 19 30 234 0 18 42 255 66 255 0 152
    180 0 0 255 176 255 255 77 54 255 81 0 52 27 213 148 0 112 229 244 0
    0 221 55 202 254 151 0 255 204 5 0 203 34 63 69 61 255 15 153 0 227
    255 27 219 0 0 255 255 255 40 238 229 0 101 131 69 5 16 0 0 229 129
    0 0 166 255 200 0 92 34 33 0 0 0 0 188 238 83 40 255 255 0 173 36 0
    0 255 37 224 0 0 244 255 0 239 67 85 168 0 255 211 0 107 49 248 154
    155 79 0 160 61 255 156 68 56 10 0 24 0 181 0 203 193 0 176 35 0 28
    223 123 53 230 226 255 0 0 0 88 161 0 247 146 209 77 76 0 110 255
    103 15 0 166 149 44 187 223 192 255 255 190 172 208 255 255 0 113 58
    255 0 233 0 48 158 54 128 24 114 116 255 124 0 255 200 0 9 179 255
    220 166 179 255 0 36 255 145 80 17 166 82 101 255 0 21 62 113 0 255
    228 251 139 255 0 254 255 0 147 158 255 255 0 221 120 68 0 67 255 0
    64 14 255 0 177 90 0 141 4 169 0 214 255 33 137 6 183 255 98 75 239
    108 250 0 24 67 255 211 30 0 113 255 215 0 78 141 133 27 235 216 46
    6 151 107 0 236 97 234 79 7 74 247 97 161 67 191 0 252 180 255 49
    103 83 0 253 0 255 87 0 0 140 179 99 147 184 97 0 255 200 219 0 244
    57 42 255 0 200 43 0 0 254 172 62 205 11 188 108 144 12 97 25 181 0
    0 244 137 32 255 103 48 158 236 255 163 0 0 151 0 0 255 110 127 255
    233 38 83 59 0 238 0 124 0 255 157 250 80 109 74 0 71 229 19 142 0
    91 100 0 206 216 255 220 159 255 237 255 210 31 113 237 87 255 255
    23 0 178 8 0 255 255 255 229 160 0 0 255 224 117 35 254 182 0 255
    230 0 6 0 222 29 31 122 178 242 255 255 26 0 244 255 255 0 243 99 11
    123 241 255 121 255 255 0 42 220 98 56 245 44 255 255 144 127 43 193
    0 100 94 39 130 132 163 255 47 0 239 108 0 255 57 255 0 235 255 249
    84 214 227 46 134 80 119 77 253 85 132 65 137 50 214 0 149 89 168
    233 238 255 0 190 255 17 143 0 255 144 0 0 255 240 246 230 15 92 0
    228 19 255 104 22 85 252 110 34 161 228 0 255 255 213 31 179 255 0
    79 255 39 110 160 0 112 212 219 178 211 255 0 0 255 156 243 0 0 255
    255 149 39 255 0 14 208 172 36 193 0 97 47 255 28 253 255 35 74 255
    0 215 240 163 255 122 68 192 202 0 0 0 182 0 211 166 0 255 0 242 5
    69 0 240 91 0 255 255 255 39 255 172 10 0 180 0 185 255 0 0 179 239
    104 44 102 200 170 0 202 0 249 0 255 255 239 52 0 235 11 0 124 255
    78 0 1 0 255 1 0 255 231 255 255 80 153 75 148 125 255 0 0 1 206 241
    0 0 0 17 194 196 23 174 0 255 180 0 70 0 0 56 0 166 94 255 168 255
    143 255 253 63 199 34 57 0 31 54 255 0 229 201 255 255 255 98 170 66
    0 249 10 0 27 255 237 76 154 161 193 98 255 111 0 110 254 185 157
    217 160 0 92 183 170 112 0 216 0 0 0 49 0 147 80 255 203 255 0 163
    201 151 0 0 14 255 0 43 255 100 255 25 218 168 167 255 0 98 255 255
    113 196 0 255 255 239 69 43 28 177 12 255 0 255 20 82 0 247 69 255 0
    61 180 102 98 0 94 213 190 102 84 0 134 9 0 116 217 67 62 255 0 244
    255 39 195 217 183 158 183 255 41 0 72 255 255 121 132 255 173 0 246
    179 25 255 116 206 0 255 173 241 175 255 114 255 148 0 255 255 0 0
    183 232 231 229 0 43 0 12 167 0 206 79 207 231 255 0 69 29 0 81 173
    18 24 108 0 233 147 178 199 196 223 197 0 252 100 0 36 0 0 40 0 143
    224 143 0 0 0 74 189 255 204 18 0 244 122 139 255 255 32 227 255 221
    54 255 255 217 198 76 255 246 0 0 226 148 255 189 95 0 250 0 89 255
    255 144 255 154 225 1 255 255 74 232 122 255 0 0 255 23 255 0 241 0
    255 217 130 0 34 0 28 250 170 60 0 0 75 0 182 70 0 4 255 189 0 225
    13 19 255 54 168 0 0 226 203 134 255 54 150 230 167 0 255 0 0 190
    255 48 82 155 210 255 71 198 162 255 43 2 121 226 237 250 75 0 255
    209 0 142 64 213 38 2 242 169 229 39 81 255 226 255 255 0 131 0 255
    104 39 141 46 0 0 255 59 223 255 254 255 174 0 147 195 0 255 255 185
    243 255 199 49 214 255 50 0 46 0 226 196 255 255 171 43 21 215 255
    156 242 255 0 0 0 189 255 67 215 98 171 188 175 7 0 255 255 42 152 0
    255 2 0 61 255 0 0 0 47 159 249 196 147 121 0 153 221 236 183 255 0
    0 169 66 0 52 218 149 232 196 7 132 0 25 255 255 0 0 107 129 176 183
    226 255 73 139 78 30 242 76 0 55 0 255 255 171 165 255 255 255 104
    255 185 11 92 255 184 118 28 185 0 41 98 255 0 0 69 192 170 159 0
    255 0 113 229 154 154 93 73 0 0 60 153 0 61 186 0 67 0 255 255 0 255
    0 4 114 162 137 194 174 208 0 93 44 2 0 249 45 56 199 255 255 0 188
    255 208 134 18 255 38 243 255 0 122 160 171 93 101 180 255 83 0 180
    255 0 139 46 255 255 255 0 70 35 0 213 119 0 255 255 45 102 0 255 0
    181 173 7 82 234 80 208 232 37 0 0 186 130 192 232 255 234 235 225
    255 128 0 0 179 0 247 136 191 0 255 255 111 65 92 0 124 81 77 171
    127 125 0 0 0 255 236 127 255 141 46 160 85 31 239 255 156 255 95
    255 50 0 255 251 255 255 131 255 0 204 24 0 236 15 0 0 15 255 0 245
    16 195 204 41 151 0 0 0 193 255 40 186 157 70 255 0 0 190 128 64 249
    61 73 18 255 255 255 89 255 255 0 9 0 255 156 89 225 105 40 255 72
    198 255 255 255 157 0 245 30 0 0 142 148 0 31 122 0 255 0 0 255 46
    255 158 116 31 255 224 234 164 99 0 155 255 76 0 67 255 255 68 192
    229 136 52 22 255 87 43 0 1 216 57 92 0 201 105 255 255 71 0 197 170
    172 76 31 255 74 216 0 0 147 168 58 149 74 182 83 111 189 255 186
    170 255 255 0 132 56 19 3 244 255 14 111 49 217 193 58 255 115 109
    194 192 48 250 74 17 83 29 16 0 143 174 19 242 222 195 83 188 194
    144 123 255 234 255 255 218 255 119 179 228 235 173 103 0 255 255
    184 255 63 255 21 182 45 63 74 58 92 54 35 176 255 189 104 8 145 255
    233 177 163 139 255 100 222 114 126 255 13 0 0 0 41 0 0 69 5 255 80
    159 255 60 100 0 255 13 0 255 179 198 255 88 23 255 255 204 169 255
    255 255 27 101 0 255 255 105 0 23 169 12 255 201 216 255 178 143 142
    0 81 0 4 0 0 0 120 255 99 221 255 255 170 133 102 100 238 188 255
    103 54 6 202 199 224 158 255 7 27 253 5 15 0 255 79 0 255 0 163 242
    0 255 42 0 0 209 92 67 94 5 177 255 255 161 116 107 222 255 181 178
    235 157 41 206 83 75 0 0 245 222 255 171 196 11 212 196 91 0 255 255
    122 123 133 253 255 224 238 255 227 255 255 210 255 177 0 85 255 255
    214 108 255 230 0 98 4 221 39 134 255 0 48 0 23 123 255 54 255 0 20
    255 0 70 50 58 174 36 228 141 136 255 0 17 255 9 2 84 0 111 35 114
    247 226 77 184 24 118 32 255 0 151 50 0 0 0 255 255 152 0 95 255 0
    81 100 76 167 182 46 248 212 235 255 242 255 152 0 8 255 219 0 55 0
    46 0 255 154 185 163 50 194 22 23 167 255 255 0 255 113 217 57 20
    243 76 5 255 224 126 0 103 0 188 179 0 255 70 29 0 29 0 32 0 16 0 0
    0 0 255 231 41 36 255 220 0 157 255 2 0 0 182 42 255 163 128 187 0
    255 106 238 190 147 249 0 24 0 0 255 46 219 200 255 0 0 251 130 142
    0 113 240 10 0 91 230 0 7 76 0 0 47 0 255 209 211 0 73 0 183 89 0
    201 109 20 211 110 255 0 13 193 106 198 197 96 7 7 27 0 0 255 99 157
    178 165 255 0 255 238 255 0 94 255 72 0 255 85 255 206 255 114 32
    148 32 161 80 232 164 255 255 255 0 117 125 135 66 255 0 170 40 0
    195 255 191 98 237 255 82 0 196 151 76 255 234 255 90 225 22 254 181
    0 155 0 13 0 60 110 14 51 166 127 246 184 27 0 0 255 255 138 14 49
    35 0 93 37 0 124 201 255 51 130 93 177 144 142 231 127 124 0 56 22 0
    0 255 19 0 104 72 255 28 143 156 255 102 255 109 64 71 134 197 103
    71 43 255 0 137 76 0 166 0 166 255 14 184 62 255 104 77 255 255 148
    0 16 166 255 125 26 0 6 0 1 35 4 54 0 0 255 0 130 255 213 182 103
    230 184 0 0 0 146 250 31 102 75 0 26 255 217 60 12 48 240 78 255 82
    126 135 47 83 237 49 52 178 0 0 24 155 213 255 255 38 206 255 255
    100 255 66 255 0 35 248 247 61 255 0 119 238 0 255 0 174 219 153 177
    207 13 158 56 186 255 255 140 121 255 255 244 189 255 185 58 255 184
    255 255 255 154 50 43 207 0 125 198 0 29 128 12 0 11 255 144 17 84 2
    137 240 0 233 231 107 118 220 7 255 255 0 255 218 55 235 184 69 26
    255 37 0 147 60 34 142 48 208 255 255 233 5 255 56 255 65 0 0 65 0
    255 255 17 92 202 110 19 255 255 255 193 225 150 187 173 36 255 245
    255 0 0 255 45 190 38 172 180 255 218 255 76 0 255 109 53 251 183
    255 0 88 0 132 217 156 84 0 67 92 158 255 101 122 90 34 4 254 178
    154 255 25 255 181 152 0 183 216 0 87 0 196 0 52 247 179 179 255 43
    3 174 0 87 38 184 182 69 255 255 184 0 222 246 236 180 57 39 255 14
    0 222 34 56 0 81 2 0 169 143 0 90 108 46 73 0 98 88 9 0 70 208 44 0
    59 255 228 0 27 33 24 0 6 255 158 139 255 0 0 187 0 102 255 0 61 163
    106 191 255 57 0 238 130 167 255 132 37 69 255 244 0 255 184 89 255
    0 114 0 0 255 0 141 0 0 10 16 167 255 255 130 43 29 59 59 206 152 11
    211 30 167 0 0 150 19 213 36 248 203 116 0 185 255 0 255 255 0 151
    39 165 53 241 0 199 13 238 120 171 85 255 0 0 71 103 58 0 72 0 240
    89 195 255 253 13 255 0 3 121 0 0 134 255 46 104 95 231 28 17 131 39
    63 0 29 0 0 0 61 255 255 52 169 255 141 198 211 61 167 0 254 0 248
    243 213 255 142 0 138 149 0 255 152 180 190 47 152 12 89 85 56 180
    255 133 0 0 139 197 255 12 216 244 39 218 234 42 51 103 27 91 0 176
    68 0 0 151 0 71 159 255 247 213 209 153 0 42 255 255 255 0 255 58 6
    255 8 255 0 255 255 106 0 127 241 255 0 70 157 28 0 0 161 0 173 0 0
    255 89 255 176 143 0 139 13 17 23 138 199 16 255 0 184 1 196 0 45
    255 255 210 243 0 255 255 13 255 164 79 227 174 24 0 0 255 255 111
    177 105 167 47 255 255 255 254 255 0 34 23 0 113 211 227 0 0 255 93
    232 246 121 255 32 0 57 29 109 255 237 0 0 255 180 221 3 14 189 130
    0 192 33 21 255 112 147 171 0 254 0 53 255 255 188 0 196 205 161 255
    0 145 192 7 42 255 255 208 0 14 70 195 188 0 0 21 78 255 157 37 255
    56 0 119 225 107 88 95 0 255 184 244 60 95 37 255 255 136 222 0 0 25
    0 224 0 80 255 118 0 0 36 249 162 230 241 0 222 0 75 154 47 114 255
    47 0 183 131 0 247 69 233 146 179 186 142 1 17 64 0 129 79 0 50 0
    241 151 74 255 255 255 128 34 0 6 50 168 0 32 255 194 91 80 196 150
    229 175 255 117 28 194 255 255 17 155 2 0 178 255 200 131 40 98 242
    146 148 233 255 0 120 99 95 0 141 12 253 255 255 0 34 27 234 4 0 81
    255 119 36 30 134 192 152 255 179 179 73 174 195 240 236 0 163 197
    78 248 255 25 196 133 162 119 18 177 7 71 252 0 215 240 227 255 12
    255 222 0 255 255 115 70 255 0 0 16 213 0 255 255 0 251 0 255 107
    100 111 0 151 255 203 0 255 185 184 212 0 226 54 47 135 120 0 255
    247 0 255 33 255 37 164 226 10 0 52 217 255 0 239 0 161 185 255 135
    0 62 0 255 213 0 9 0 180 28 46 139 0 7 0 29 165 26 0 180 220 69 0
    127 0 0 254 4 161 98 0 0 131 68 255 74 0 186 6 100 0 57 167 177 31
    255 31 0 9 145 0 111 28 106 59 156 255 49 132 189 91 0 14 159 255 0
    26 67 255 0 63 22 0 87 42 255 128 121 47 255 255 0 140 0 0 255 221
    90 165 143 169 0 52 213 166 234 255 255 0 0 0 56 86 0 147 255 255
    241 173 39 0 133 137 90 0 0 255 193 231 0 109 255 42 150 0 111 77 0
    255 116 23 0 146 0 95 108 255 141 255 149 181 222 0 246 117 95 197 0
    12 25 127 228 91 255 45 210 158 189 250 0 255 247 17 5 120 248 73 0
    0 41 133 234 47 53 95 126 95 255 115 54 255 114 213 255 214 12 137 0
    0 153 224 0 215 49 17 253 255 104 255 157 255 137 62 231 89 255 75
    71 95 185 104 123 195 105 112 0 54 221 251 11 172 127 127 0 208 255
    33 0 244 22 178 255 0 119 2 255 255 194 194 240 132 145 0 26 0 0 123
    18 255 78 161 236 235 170 125 0 78 152 59 10 113 0 196 145 51 0 255
    189 190 68 255 237 231 116 255 25 23 218 25 255 156 50 203 255 127 0
    0 10 0 164 0 255 255 120 255 177 158 65 191 109 0 71 236 220 255 180
    237 193 255 201 255 101 255 168 56 0 106 182 230 117 229 255 125 118
    0 135 0 222 0 2 124 0 255 0 159 255 130 255 44 166 148 180 58 40 130
    146 255 63 114 164 176 255 55 47 28 255 0 139 0 250 0 200 159 28 0
    255 35 255 105 174 232 40 156 28 120 23 0 143 212 172 121 178 255
    255 221 52 255 164 255 207 60 106 255 146 0 96 0 0 196 130 58 153
    127 255 26 0 194 43 0 149 0 255 24 232 255 255 255 0 166 255 221 3
    204 0 255 197 52 19 164 255 115 255 255 255 0 86 248 8 0 21 82 40
    231 0 206 255 0 170 227 210 61 169 0 0 154 108 104 0 255 99 143 255
    255 0 255 0 255 29 0 208 255 51 0 103 255 144 0 0 0 185 156 59 100 0
    0 239 255 176 84 181 0 43 255 117 0 0 84 0 243 112 181 0 214 152 103
    254 255 241 196 0 255 135 185 93 255 147 127 0 233 78 137 255 17 225
    0 125 255 90 98 0 221 168 123 255 0 49 97 255 66 255 157 245 55 223
    250 255 218 34 59 0 165 251 124 0 172 0 82 0 0 164 0 255 102 255 72
    22 79 82 96 209 255 0 255 186 0 0 255 0 146 0 214 200 255 43 182 164
    70 0 0 255 35 0 0 175 149 73 50 87 131 0 194 195 0 0 255 255 56 128
    0 203 21 255 125 0 124 7 255 184 0 98 255 212 127 37 0 30 255 89 26
    0 255 236 5 35 148 70 255 138 234 255 186 226 0 131 255 203 52 0 255
    255 115 151 0 0 255 181 227 84 114 255 157 0 137 100 255 0 16 0 160
    255 133 108 255 177 255 0 58 138 0 150 202 0 255 0 21 255 255 43 0
    255 218 184 0 0 196 31 0 227 119 79 0 51 0 0 240 0 0 188 255 176 255
    205 34 255 0 254 37 243 98 244 66 106 143 255 0 255 122 255 152 239
    0 186 29 0 0 119 180 222 21 229 191 70 255 255 82 255 255 0 94 29 0
    212 243 196 255 25 222 77 137 206 230 125 255 255 0 44 105 28 12 66
    254 231 209 113 133 0 80 255 255 251 77 235 52 60 114 185 0 231 0 0
    255 58 47 0 46 21 87 54 255 38 255 17 255 214 206 3 255 0 149 255
    203 246 0 255 215 255 0 38 37 244 0 251 31 186 134 0 255 0 194 188
    63 16 0 23 62 0 0 3 143 59 255 24 0 255 115 21 85 146 255 58 103 92
    231 130 255 252 1 189 7 159 0 250 8 255 255 235 208 0 144 30 34 0
    110 178 25 255 130 0 255 108 135 167 255 24 0 69 255 125 148 255 236
    255 137 0 177 0 176 172 50 255 189 255 245 125 203 189 188 167 150 0
    0 255 117 147 17 235 255 0 0 149 0 0 251 154 3 187 0 238 209 238 0
    130 0 0 228 37 255 0 255 227 218 142 0 133 255 255 81 46 231 150 205
    255 97 203 255 130 251 213 255 174 62 42 0 0 203 255 148 0 29 255
    211 0 128 0 116 7 28 255 197 0 168 138 164 156 221 232 35 0 223 100
    199 236 175 146 132 231 249 211 255 47 175 255 255 77 0 0 0 131 228
    129 0 162 63 255 0 211 252 92 20 130 0 255 101 234 132 57 121 248 45
    12 113 243 255 183 255 255 117 138 255 185 255 135 255 62 189 0 203
    247 223 255 242 0 255 161 160 0 78 0 255 207 235 19 255 0 201 172
    179 239 178 57 193 196 16 220 50 0 255 58 37 241 163 255 255 205 184
    44 0 255 164 166 255 78 255 123 123 25 26 0 152 0 0 207 255 97 55
    165 255 106 6 255 190 143 141 33 144 17 0 10 96 0 255 255 17 14 255
    255 41 227 114 146 0 255 218 163 114 183 0 255 173 28 0 2 132 145
    255 255 104 0 195 0 0 255 255 153 255 67 255 245 147 30 200 0 210
    201 0 13 73 255 0 56 110 79 255 255 255 12 0 227 255 145 224 112 255
    32 11 147 201 255 255 171 255 255 0 255 0 245 0 67 50 0 224 166 207
    214 0 96 38 241 218 0 224 255 255 255 50 255 189 13 168 94 99 0 0
    191 0 102 255 206 255 231 249 0 97 190 15 39 65 163 77 182 255 255
    255 247 90 255 0 0 252 137 32 83 0 255 0 145 255 26 184 141 201 255
    0 155 255 0 150 0 13 73 87 255 113 47 166 0 0 155 0 255 249 209 255
    9 136 0 0 0 62 255 255 149 0 194 255 255 119 230 5 215 255 217 230 0
    255 45 197 76 255 230 0 233 255 36 126 255 212 28 17 5 120 64 5 45
    255 98 190 166 131 0 218 255 0 255 255 131 248 222 244 128 15 165
    255 55 228 255 21 255 201 86 19 0 0 225 255 0 17 246 77 57 0 204 187
    14 181 189 128 0 18 14 0 255 0 255 37 31 184 252 255 218 255 0 255
    255 255 255 14 0 79 170 237 0 84 179 172 255 133 255 232 110 71 130
    0 132 157 209 255 193 143 0 0 249 52 178 245 37 190 136 0 206 234 57
    20 255 0 0 248 255 187 0 0 38 0 215 255 115 255 0 255 0 243 13 249
    255 2 0 0 255 0 233 144 33 193 50 255 185 224 7 3 127 230 0 255 255
    0 253 91 126 160 46 63 255 123 0 199 74 204 196 0 255 255 255 255
    255 0 255 255 255 31 255 161 0 234 255 0 0 237 0 231 97 87 0 0 37 36
    255 255 133 42 0 0 72 134 24 13 0 255 114 188 145 0 6 255 77 0 0 144
    255 255 142 255 167 255 0 41 58 0 176 217 132 195 13 84 24 173 68 19
    70 95 16 43 93 0 0 91 255 0 255 157 34 106 0 221 255 255 18 58 101
    114 124 0 96 0 203 244 113 233 93 198 235 255 190 0 255 199 99 243
    102 0 14 150 255 255 81 0 84 255 158 89 47 145 223 102 33 41 91 255
    0 255 119 198 249 83 0 10 54 93 158 7 28 33 106 234 0 79 74 132 87 0
    132 160 185 255 255 66 0 217 255 72 0 242 129 8 15 59 112 29 47 113
    0 255 198 0 69 0 222 0 224 82 255 74 177 139 114 255 213 85 102 146
    0 255 154 199 0 255 97 0 188 182 198 255 255 26 69 0 255 156 80 131
    188 131 105 255 45 118 247 0 89 86 201 53 255 233 0 255 138 0 216
    158 90 51 50 138 25 145 131 120 168 97 62 104 227 0 138 255 221 231
    116 255 158 245 190 161 255 0 255 198 255 112 122 215 218 255 109 0
    0 0 208 168 58 0 0 67 172 91 0 0 47 63 13 169 119 211 255 0 255 202
    0 64 100 175 255 32 195 103 63 195 255 57 231 0 135 11 112 22 199
    175 14 155 255 0 227 0 17 1 207 180 116 110 147 83 17 68 0 50 51 19
    172 76 112 0 28 255 0 134 255 255 0 129 240 95 167 0 177 28 123 8
    178 255 153 255 0 139 255 0 116 255 250 122 255 255 0 64 0 246 255
    254 50 255 0 255 126 0 201 128 44 255 244 196 0 0 0 0 0 102 0 255
    166 27 255 164 143 255 0 91 8 142 55 232 0 91 96 89 30 109 255 255
    246 184 103 255 112 255 74 26 184 255 20 200 143 25 249 0 255 83 80
    216 0 0 255 0 112 94 242 255 255 207 251 88 210 114 46 0 255 20 255
    53 255 187 188 207 210 255 255 178 85 255 5 28 3 151 255 191 234 33
    94 141 255 255 255 44 255 255 0 0 0 33 116 207 225 0 49 80 72 142
    226 78 16 0 76 131 197 136 177 91 134 200 86 141 255 0 226 255 255 0
    0 66 255 149 67 0 34 0 177 0 255 255 34 104 0 213 255 88 51 190 255
    104 101 170 156 241 186 237 70 79 161 199 72 229 255 85 0 0 71 0 245
    221 255 255 254 255 255 0 101 182 150 255 187 255 157 255 255 255
    255 191 255 50 255 255 66 84 255 68 211 255 38 83 255 60 255 255 207
    255 74 0 0 221 104 0 253 28 0 255 0 190 255 0 255 57 110 168 255 53
    127 58 130 38 0 37 0 124 195 236 168 255 255 160 0 83 5 192 151 0
    255 255 0 96 255 165 0 91 224 26 0 0 255 255 255 225 183 0 73 252 0
    21 93 166 0 75 255 15 252 11 255 216 255 246 119 255 17 9 40 225 150
    255 193 167 0 242 204 0 144 0 255 178 0 68 30 220 8 175 219 15 255 0
    245 0 44 0 0 157 83 255 116 255 0 136 146 0 93 255 102 255 255 115
    172 30 70 239 0 255 255 243 114 144 188 197 234 249 108 240 153 63
    208 46 255 0 255 0 255 181 255 163 0 255 252 119 48 153 185 104 0
    255 38 72 0 45 194 169 152 255 56 62 83 0 13 255 0 42 0 164 209 78 0
    255 73 185 255 237 255 52 255 255 170 130 182 64 255 255 177 114 226
    152 119 181 162 83 140 75 53 255 40 255 19 119 240 12 107 255 255 0
    255 201 94 116 255 255 61 161 131 143 163 0 210 68 65 255 53 255 139
    0 255 0 0 0 71 4 255 255 0 0 147 127 202 144 69 122 0 255 219 68 0
    167 255 137 255 253 237 198 124 159 27 187 102 0 119 21 162 49 104
    255 65 233 219 223 116 225 230 255 255 190 211 0 245 78 214 118 180
    255 0 65 248 29 255 245 178 255 0 248 155 0 13 52 55 45 217 20 255
    152 255 115 35 255 91 255 255 255 255 0 200 194 255 247 1 0 0 186 45
    227 169 130 12 255 201 56 255 242 255 18 0 88 136 186 119 195 87 169
    215 255 84 117 255 22 195 0 190 0 217 1 255 68 96 234 24 86 255 0 0
    71 197 198 255 7 255 119 53 255 255 255 255 247 229 207 0 0 118 77 0
    234 146 0 0 255 96 0 244 255 0 255 0 94 249 97 40 255 197 9 26 255
    49 110 0 201 255 34 0 1 87 194 159 157 65 0 117 68 9 158 0 44 200 59
    255 0 184 202 255 255 238 0 255 239 79 172 0 63 62 0 0 87 80 85 199
    30 225 255 255 250 216 0 255 255 103 0 64 122 112 99 29 0 142 28 26
    0 33 0 113 179 0 176 255 255 145 255 217 179 66 0 0 209 58 255 0 213
    79 0 58 175 192 0 96 4 250 0 146 0 255 209 51 204 246 213 255 255
    255 255 0 255 241 255 186 0 208 105 132 28 73 255 223 79 185 255 11
    91 79 255 152 255 195 0 0 0 12 220 53 27 96 255 120 173 31 130 89
    216 48 219 255 145 40 255 228 0 122 0 123 0 152 184 172 198 45 0 248
    255 255 50 143 255 212 162 4 217 255 168 0 153 108 0 9 127 255 217
    255 0 182 251 233 0 76 191 255 0 0 255 250 228 0 98 255 0 23 168 223
    0 255 218 190 77 253 3 117 4 18 52 127 199 0 66 249 87 255 255 0 154
    109 46 233 40 69 133 0 255 154 184 255 0 199 212 0 255 64 70 2 0 69
    39 0 120 255 173 96 202 211 137 114 0 34 255 208 134 0 196 145 255
    170 152 255 255 255 0 255 17 255 177 32 69 242 0 119 49 0 247 34 125
    255 204 255 50 161 13 243 39 58 34 255 0 174 0 0 142 211 0 99 100 0
    0 0 255 63 125 255 12 255 227 35 255 110 47 100 226 255 150 158 231
    0 18 43 255 68 224 70 0 88 102 216 110 0 0 255 92 149 139 229 88 255
    255 255 91 255 61 244 255 0 120 255 255 0 82 59 121 114 173 97 157 0
    250 6 126 255 0 27 139 24 0 38 255 1 255 221 117 255 140 255 0 0 13
    255 178 0 55 37 0 0 136 6 222 0 31 138 244 189 101 0 0 0 0 178 61
    196 0 237 255 158 255 87 0 255 0 0 255 19 0 174 52 94 17 0 232 8 17
    255 138 255 220 94 80 0 184 178 169 0 147 174 120 255 0 255 196 61
    149 204 161 211 101 205 59 93 241 159 211 28 21 109 96 0 0 65 255
    126 190 255 0 153 255 68 43 184 0 132 140 194 240 34 0 216 0 255 202
    192 73 0 194 255 133 48 0 50 151 176 34 201 8 32 255 0 85 33 245 255
    0 0 90 0 255 141 247 27 247 255 34 0 177 0 58 255 68 235 0 0 22 255
    153 193 0 151 197 92 64 23 156 81 255 130 149 175 43 110 0 159 255
    193 35 255 0 69 49 112 164 0 189 255 48 255 92 255 55 65 103 109 192
    0 255 10 36 0 42 0 0 255 54 245 100 131 119 0 200 0 29 240 225 1 0
    255 0 104 255 218 31 247 42 255 223 255 107 108 41 228 219 71 255 48
    172 255 225 108 130 0 206 142 0 80 55 250 248 0 58 179 255 0 255 175
    255 139 44 0 30 138 192 255 147 34 124 28 224 31 22 14 5 0 255 0 103
    62 199 2 240 64 81 192 255 186 255 40 20 0 225 2 196 8 255 56 0 3
    247 242 8 22 230 44 117 0 0 255 37 0 109 220 125 98 16 51 93 186 255
    97 255 255 0 124 242 203 87 237 255 144 0 112 255 255 245 38 222 76
    255 0 4 255 0 216 112 62 18 187 255 255 90 75 132 218 143 157 150
    204 0 242 0 89 255 203 185 47 193 139 255 170 39 88 233 181 41 221 5
    78 206 56 0 84 255 53 90 23 0 229 6 142 80 255 161 0 98 0 0 93 50
    255 255 0 212 222 122 193 109 69 199 206 0 0 0 44 196 0 12 199 99
    141 242 181 255 208 25 255 0 32 207 150 255 255 185 229 160 214 70
    203 78 233 61 109 114 121 231 0 215 198 187 72 255 65 195 0 97 255
    124 129 157 118 0 0 76 90 21 162 124 255 255 240 96 51 0 136 118 136
    232 255 0 81 160 0 152 189 202 255 92 222 199 69 203 140 255 0 177
    255 255 68 193 217 48 0 255 65 0 255 88 111 0 255 188 52 156 0 204 0
    150 251 253 234 49 52 0 0 61 99 234 61 212 175 115 92 255 255 124
    255 83 233 204 0 236 177 251 0 0 89 255 95 0 228 243 0 0 181 0 255 0
    255 210 27 238 250 82 0 164 234 114 0 255 26 220 171 79 255 174 237
    214 0 255 37 53 114 235 70 231 28 109 0 111 13 133 59 192 255 128
    255 104 49 128 0 237 255 255 81 52 0 141 255 255 87 30 68 255 255
    216 14 0 255 94 199 197 104 0 0 255 102 100 173 0 247 114 255 255
    150 164 86 149 0 46 121 159 255 12 104 255 255 175 0 243 128 82 255
    55 19 255 129 137 0 90 61 0 73 0 140 69 72 0 45 51 38 0 8 255 182
    255 0 255 162 94 97 108 255 174 255 192 0 66 255 238 52 0 0 196 80 0
    220 142 46 199 18 156 0 255 247 194 241 11 126 255 115 35 255 0 255
    120 0 134 138 73 137 42 196 255 210 118 51 164 255 0 84 174 31 221 0
    199 0 0 61 88 223 198 197 173 73 255 172 152 255 237 0 205 73 226
    220 71 38 138 255 205 173 20 0 39 224 0 0 248 60 199 23 255 140 80
    255 255 0 135 59 0 255 255 34 9 0 29 48 255 147 1 0 0 0 27 0 72 61
    184 69 249 255 255 239 255 249 255 233 255 166 137 123 0 159 84 237
    179 4 16 90 64 255 10 0 177 255 240 255 164 40 123 120 125 36 250
    255 0 255 123 92 255 255 69 58 13 136 255 96 69 240 171 0 166 196
    255 28 255 234 142 0 0 0 8 118 136 28 119 0 0 60 0 106 41 95 23 0 84
    129 255 227 255 146 108 0 0 0 201 230 243 255 0 0 157 255 0 255 24
    137 14 25 194 255 10 196 16 254 255 0 167 255 58 255 72 255 0 20 76
    206 164 255 201 0 0 0 138 23 52 0 43 0 255 105 0 255 255 33 0 251
    194 0 163 242 255 172 174 74 255 250 31 54 255 0 255 255 0 187 255 5
    69 172 23 255 0 0 67 96 255 39 0 159 102 255 22 87 236 144 218 129 0
    0 53 255 231 241 230 0 21 9 13 240 179 32 0 255 129 76 127 255 47
    207 0 0 25 0 34 51 147 255 255 0 226 255 255 107 110 56 6 0 218 177
    0 92 161 197 181 255 133 101 78 146 255 0 111 242 143 0 0 41 88 103
    181 0 255 0 201 151 172 255 0 149 0 122 252 0 199 255 223 92 189 255
    24 10 255 255 255 132 75 0 0 95 104 142 255 0 152 159 78 0 57 142 42
    128 86 0 0 220 169 188 255 21 98 165 128 255 101 0 255 122 134 24 0
    133 197 247 9 16 223 238 26 0 252 255 0 235 181 114 0 0 38 0 4 129
    28 140 30 222 255 124 244 255 255 221 0 135 255 205 174 0 71 0 47
    255 125 98 255 241 88 4 38 139 33 255 61 0 72 40 51 126 75 154 255
    23 0 255 0 190 24 193 144 0 69 255 228 187 201 172 150 255 228 152
    255 144 207 40 0 0 73 255 0 53 255 52 255 242 191 255 31 255 22 117
    255 250 106 0 0 217 199 37 0 8 231 107 255 182 29 255 102 255 48 192
    0 255 104 136 5 208 0 143 255 255 4 12 242 255 255 85 47 210 96 92
    212 0 0 255 255 79 255 255 124 82 87 255 0 0 36 42 183 0 237 101 214
    206 252 129 0 202 255 165 47 26 55 162 167 174 253 0 127 149 9 30
    255 67 178 113 60 25 0 18 255 142 255 240 255 42 148 0 175 0 23 0
    248 0 245 255 104 255 232 0 171 0 255 179 217 250 255 0 215 0 201 0
    255 255 167 219 0 42 255 56 51 0 101 230 0 65 255 26 0 52 0 189 255
    159 248 0 0 255 80 159 255 238 255 44 201 207 199 186 201 255 255
    238 255 64 0 176 0 27 255 191 0 157 0 0 223 82 0 0 255 140 255 255
    16 0 11 59 226 247 197 0 123 255 188 18 0 255 12 93 66 74 169 132
    177 25 193 197 57 13 36 0 127 255 155 105 44 0 122 64 198 251 86 7
    139 49 105 103 55 244 73 48 179 197 205 255 239 255 6 241 255 98 236
    38 255 14 0 131 102 0 3 60 255 84 13 255 0 229 226 15 79 111 255 236
    48 255 179 0 255 0 74 40 147 0 211 255 155 126 77 167 255 0 57 209 0
    255 13 215 198 0 134 228 244 41 0 0 86 63 0 2 138 255 0 219 255 210
    89 0 255 255 0 255 0 255 238 255 25 184 25 184 126 17 163 255 195
    253 255 214 80 193 155 58 255 51 0 0 228 203 34 235 254 82 149 225
    160 0 32 0 138 117 39 84 191 236 75 255 255 255 255 255 177 113 110
    141 255 119 255 81 0 64 0 255 0 114 43 145 255 116 0 241 255 249 207
    0 255 255 164 0 223 178 255 42 153 107 0 72 215 205 79 0 2 119 74
    255 137 0 224 255 132 81 42 255 255 93 0 0 209 0 152 68 160 144 51
    186 48 82 138 0 86 0 255 65 165 15 149 117 252 0 255 255 237 157 233
    0 0 222 250 94 48 148 153 0 0 19 0 151 229 255 92 0 172 0 0 255 0
    255 145 201 186 108 195 86 247 255 143 230 107 214 66 255 0 142 222
    5 60 140 176 14 254 189 0 221 214 255 179 255 140 224 23 255 190 0
    255 255 0 98 0 219 128 27 14 255 156 255 130 155 255 192 57 103 255
    142 164 0 0 134 106 8 77 255 74 208 59 255 170 130 0 48 0 0 50 6 255
    222 57 0 255 140 64 0 0 153 0 0 255 127 0 221 43 186 255 168 0 255
    255 119 255 0 108 125 184 0 10 104 0 226 208 255 255 223 0 0 135 255
    108 50 61 0 255 28 222 110 20 0 29 237 255 0 255 255 255 123 255 247
    104 114 160 255 121 225 255 1 210 172 188 255 78 255 0 255 61 182 12
    0 255 207 0 152 0 202 255 132 0 2 0 255 255 165 140 54 255 0 255 39
    149 162 4 144 255 179 0 42 255 0 255 90 0 212 0 198 97 84 50 51 108
    157 184 15 55 229 0 0 186 239 106 56 0 157 205 222 255 174 0 255 255
    0 255 129 255 0 129 0 0 255 110 229 237 179 66 81 145 153 78 255 208
    205 0 187 132 0 148 255 0 139 35 0 88 0 13 134 0 132 86 157 255 114
    83 255 117 109 255 255 61 255 189 24 255 255 107 255 140 0 72 253 16
    255 137 79 32 0 139 26 98 239 255 255 255 99 29 67 36 153 79 255 238
    255 0 60 82 0 204 115 139 144 0 156 0 62 103 255 121 205 255 254 214
    0 88 255 29 66 129 255 172 196 129 255 122 165 197 216 255 255 90 0
    226 255 241 255 219 158 255 203 255 255 207 125 66 91 155 152 66 62
    0 5 255 104 198 13 166 204 18 255 0 53 0 212 123 0 255 0 255 0 255
    111 226 115 255 0 14 48 145 147 230 178 255 255 96 255 23 0 237 0 0
    159 255 0 112 255 27 255 0 248 0 0 192 0 240 0 4 178 0 189 54 50 255
    134 1 216 210 152 255 57 118 31 67 205 0 223 211 0 255 0 235 104 182
    255 54 80 255 35 0 255 146 61 208 86 255 0 136 157 198 255 0 222 255
    236 190 242 77 0 207 0 103 66 80 36 19 175 230 105 255 4 12 211 0
    110 125 102 132 249 3 19 255 255 129 197 93 92 22 11 0 255 116 214
    255 0 255 0 0 90 179 255 0 255 255 0 0 255 178 255 184 255 76 0 255
    253 106 109 66 147 166 0 59 0 255 237 225 255 190 111 11 255 255 0
    35 0 255 123 210 255 58 255 222 255 210 255 255 255 112 0 89 255 13
    77 4 12 0 0 156 172 0 25 72 246 235 144 255 0 15 32 0 0 31 148 0 96
    192 233 255 255 241 121 2 203 255 0 30 141 182 106 0 0 133 246 22
    246 0 0 103 58 88 85 97 189 109 161 121 0 124 255 84 255 251 64 135
    54 0 62 54 191 187 0 68 0 81 255 0 212 0 0 255 0 114 255 209 135 217
    0 154 81 0 178 245 80 50 157 130 120 0 58 99 255 0 111 0 0 169 0 244
    0 214 197 117 0 0 32 255 12 41 255 255 45 255 13 253 163 0 143 255
    233 255 28 0 168 160 13 0 22 253 80 162 251 221 114 243 135 0 255 93
    255 0 27 86 255 53 79 134 113 101 255 158 255 232 0 240 64 65 111 42
    255 178 196 156 255 43 255 12 44 255 255 0 223 255 133 240 17 203
    255 0 93 255 255 148 43 21 26 255 0 255 0 25 217 83 255 255 19 194
    255 255 236 5 0 38 255 255 130 255 198 73 201 0 255 144 244 228 104
    255 1 48 187 109 0 0 166 152 255 158 197 164 0 99 203 100 95 218 255
    147 161 233 49 0 63 36 159 151 0 0 0 136 215 118 241 0 198 0 239 174
    212 41 8 17 230 158 112 215 38 0 103 0 42 166 252 105 255 188 0 148
    0 175 123 144 255 255 255 30 93 161 255 0 255 1 239 168 253 53 74
    255 255 30 78 255 248 0 211 19 109 167 239 150 163 8 218 14 230 0
    255 75 185 184 255 0 255 0 0 255 255 105 225 165 226 0 0 0 172 20 46
    71 255 49 53 255 5 59 7 255 33 47 0 255 0 177 108 255 131 0 6 112
    127 23 53 36 255 39 100 255 0 92 205 0 59 0 26 0 189 228 169 98 0
    255 253 0 255 164 48 1 255 203 0 120 0 58 217 214 255 161 255 0 115
    243 255 118 255 252 234 191 176 255 0 3 250 124 221 212 9 156 0 134
    100 255 236 197 76 255 0 0 0 0 255 25 71 255 225 9 212 77 0 0 69 0
    170 255 0 112 209 0 0 160 166 226 255 165 79 255 0 46 198 169 179
    179 57 105 255 255 255 255 156 255 255 158 255 0 61 27 255 119 152
    85 18 195 0 255 255 191 255 147 30 0 5 44 222 44 0 137 40 32 0 238 0
    0 0 0 255 61 158 0 78 0 0 210 0 255 234 101 159 205 255 255 64 193
    40 255 0 240 1 53 0 246 0 7 179 213 139 201 255 13 255 6 0 130 200
    238 0 189 0 226 160 0 0 255 4 0 71 216 0 0 228 124 62 228 0 191 192
    0 31 230 233 180 201 83 58 141 53 63 0 255 86 0 183 0 255 23 100 51
    244 223 80 255 108 0 72 255 255 255 190 160 88 171 255 114 8 134 89
    45 31 0 255 0 83 142 7 113 185 255 235 124 26 0 253 255 165 224 255
    255 165 217 99 255 33 108 0 116 246 40 255 255 255 0 6 236 119 255
    102 255 0 111 255 105 255 89 154 255 250 0 193 224 144 0 56 238 0
    205 47 180 14 0 237 209 84 0 25 107 2 255 68 0 186 157 179 18 116
    102 255 0 255 255 0 112 0 138 0 255 255 22 120 0 207 255 39 0 0 244
    0 0 17 88 66 0 171 0 0 12 154 187 247 250 28 237 255 41 159 247 34
    63 0 245 249 89 143 0 202 0 148 244 0 48 229 255 0 153 87 0 16 109 0
    28 250 230 75 107 197 220 0 195 63 250 255 40 0 56 167 54 197 255 0
    38 0 255 21 255 255 103 60 243 82 160 255 255 179 86 255 110 233 189
    221 104 234 255 255 255 84 66 255 255 76 33 114 129 6 209 0 255 116
    0 221 154 0 160 40 106 255 57 0 251 232 87 0 75 119 146 115 32 8 232
    13 255 53 213 41 255 162 0 76 255 175 255 255 96 223 28 255 141 30 0
    250 245 196 63 0 121 198 46 84 217 0 91 255 0 33 227 135 208 142 167
    0 239 52 255 0 161 255 109 255 174 255 237 113 224 169 41 255 199 0
    224 18 211 55 255 255 255 0 255 252 0 179 0 230 255 13 243 255 0 87
    0 236 156 216 131 126 245 0 119 255 231 0 0 147 41 255 111 32 0 208
    59 255 71 226 255 255 33 250 255 255 0 255 0 255 194 0 0 255 72 60
    255 70 198 191 112 128 0 255 0 92 185 8 0 137 54 0 10 188 64 44 0
    255 0 255 184 133 106 110 255 40 10 101 66 182 78 198 56 255 181 143
    77 205 115 91 141 216 0 254 255 0 234 0 77 255 76 146 225 76 102 0
    192 255 37 225 0 175 38 0 0 0 123 255 215 212 71 92 219 0 200 137
    185 255 244 255 249 50 166 0 0 21 0 118 140 42 0 165 168 61 103 171
    78 7 255 139 230 255 227 108 133 207 197 255 24 39 201 224 3 0 117
    88 146 37 111 255 255 206 143 221 157 141 255 0 235 49 2 108 0 255
    146 255 0 162 255 161 178 234 82 5 0 40 146 14 255 150 39 255 0 17
    23 87 255 109 218 241 255 255 132 89 49 255 212 105 0 89 0 153 110
    17 139 255 255 249 9 107 51 100 40 255 255 0 106 235 87 85 151 173
    190 235 52 30 255 62 49 255 0 112 34 59 221 202 126 136 57 4 237 58
    0 139 0 227 10 255 184 0 76 3 0 5 225 255 88 45 124 90 0 96 164 233
    255 233 0 0 112 0 255 255 137 0 0 179 153 42 104 141 103 42 0 18 31
    48 255 115 201 0 0 61 93 65 62 8 255 228 0 241 0 179 6 195 250 255
    199 255 0 0 0 2 253 142 121 207 255 126 70 61 0 22 0 82 0 230 161
    218 235 255 209 157 44 89 151 52 9 81 4 255 255 255 0 69 122 0 0 215
    94 0 68 238 109 44 162 255 17 135 183 150 0 90 122 93 255 0 221 98
    204 0 23 15 229 0 0 86 21 138 137 255 0 245 166 177 57 226 104 237
    255 104 255 137 254 0 214 160 223 0 255 55 50 255 135 212 195 186
    188 42 7 235 164 255 0 102 85 3 106 92 31 0 0 0 219 0 255 234 127 46
    149 67 110 87 0 228 155 74 0 7 0 10 0 73 171 0 98 66 255 0 3 149 11
    143 255 255 229 90 255 0 134 91 53 2 255 140 199 7 166 37 255 84 255
    228 226 0 156 0 197 47 255 9 181 166 255 173 189 226 0 0 116 251 213
    179 142 255 0 230 185 203 23 255 151 60 0 255 0 231 0 37 95 0 185 0
    14 85 0 57 23 218 181 97 225 17 135 255 25 0 151 25 133 167 127 1
    255 42 4 255 0 111 151 242 77 0 255 187 87 90 0 116 91 0 255 135 255
    255 46 255 31 0 0 255 71 255 0 89 255 154 0 106 255 252 38 120 179
    255 197 59 235 0 255 216 0 213 228 240 107 86 27 212 0 255 255 255
    172 84 183 160 53 0 1 0 0 255 255 222 255 0 255 218 62 255 0 228 148
    29 0 150 255 181 114 216 255 85 255 0 0 141 174 255 0 216 0 187 39
    155 222 0 0 255 130 83 176 231 1 75 255 77 217 38 29 125 0 65 231
    205 255 209 255 152 0 236 137 7 101 118 199 145 255 255 48 39 159
    205 115 255 150 166 140 255 60 28 0 0 255 0 96 111 11 66 199 255 149
    0 186 192 212 0 131 255 0 255 255 255 0 229 255 235 255 145 253 0
    255 157 255 255 255 54 0 255 138 101 25 107 0 68 28 115 77 29 0 190
    82 0 5 255 105 146 38 247 52 0 44 72 155 205 0 255 135 215 173 184
    255 71 47 221 222 255 89 255 160 111 65 96 126 177 98 255 255 50 99
    150 134 62 136 146 91 22 98 165 255 255 210 225 0 98 145 255 175 221
    11 0 68 23 0 156 0 64 255 172 31 69 0 204 0 53 0 0 82 247 0 69 255
    122 151 212 161 255 58 255 255 0 27 171 71 55 0 104 255 0 0 255 39 0
    154 218 103 71 238 255 196 70 255 255 255 0 2 255 154 255 255 91 200
    196 255 204 0 59 20 237 13 51 42 14 228 236 132 255 216 131 56 10 80
    230 191 232 51 18 255 119 255 33 255 180 183 138 0 132 101 255 10
    225 0 231 88 181 255 255 109 211 255 155 23 64 230 100 232 150 0 60
    206 232 0 68 129 188 0 28 236 200 129 239 63 141 146 61 255 255 51
    71 231 182 144 53 239 48 0 0 255 85 131 255 1 203 0 63 65 0 255 232
    0 196 217 15 255 174 44 157 220 0 179 196 0 206 255 0 195 223 0 0 0
    0 255 165 80 255 0 255 85 0 244 188 121 255 98 167 61 191 255 255 0
    31 112 0 0 0 89 14 116 0 8 27 0 0 185 143 25 0 0 173 255 211 255 48
    8 210 61 0 118 104 97 255 206 93 0 255 222 69 242 29 0 0 111 0 0 53
    220 53 255 255 131 0 21 0 0 167 237 220 0 109 202 0 0 217 255 0 91
    255 137 0 229 138 59 0 37 0 80 0 0 182 51 223 101 124 197 255 38 0
    128 234 255 8 0 255 255 66 158 149 0 3 255 12 9 6 110 255 17 255 25
    254 44 212 241 233 49 240 255 13 187 241 150 255 103 255 140 8 255
    104 156 233 144 228 212 255 0 45 0 121 97 52 227 101 100 96 24 147
    176 46 0 243 0 147 0 0 71 64 240 225 189 249 0 0 255 0 255 12 51 147
    255 0 3 239 255 31 238 255 226 0 255 169 95 255 254 125 255 255 82
    129 118 222 0 255 25 226 255 64 255 0 255 159 255 250 232 3 82 255 0
    157 124 46 141 255 115 242 248 50 177 0 0 214 0 69 255 0 10 255 0
    148 73 2 0 141 0 159 254 18 143 178 129 255 21 109 171 239 255 255
    241 255 247 255 173 29 61 235 53 237 0 59 156 200 64 255 240 146 255
    255 0 0 31 255 235 255 110 104 41 0 182 0 165 255 255 77 37 189 0
    181 139 0 164 105 0 18 251 23 211 42 190 199 168 59 20 0 255 79 3
    218 52 209 214 91 0 255 127 153 113 185 169 8 255 153 140 255 208
    157 176 255 52 71 236 166 230 255 226 0 0 57 3 252 142 211 118 135
    108 136 0 192 246 255 255 0 165 0 82 199 255 38 199 0 96 255 159 132
    255 255 118 216 255 41 124 172 26 0 0 90 23 68 25 216 234 0 255 255
    32 255 255 0 255 248 0 255 204 20 83 51 45 131 255 255 122 23 110
    176 249 212 254 107 255 255 94 255 79 69 41 122 87 255 0 118 130 15
    255 133 165 180 240 0 0 0 27 255 0 255 230 0 255 243 255 187 87 179
    170 167 255 0 0 43 0 151 238 142 7 69 182 214 170 221 116 255 181
    193 115 186 251 149 131 177 41 255 99 248 196 0 162 61 158 0 142 165
    245 0 106 0 124 255 255 48 27 191 2 189 255 191 203 84 255 0 162 229
    151 126 0 61 141 255 132 140 255 105 227 0 62 255 0 201 255 248 0 68
    231 102 0 145 0 0 255 0 255 102 122 199 12 114 47 255 188 86 0 32
    255 0 79 255 165 225 255 230 50 0 55 6 152 188 224 179 8 252 104 235
    242 0 125 210 110 254 245 255 22 0 224 222 236 153 46 255 0 0 45 255
    255 173 245 150 221 123 167 0 148 217 203 255 111 87 243 108 89 117
    54 96 185 238 196 3 59 0 231 89 0 255 0 234 255 20 42 214 255 255 41
    255 255 0 248 20 211 0 180 115 138 171 84 2 255 246 255 255 255 252
    155 227 255 92 0 255 15 127 0 255 0 216 101 197 151 0 178 59 0 101
    153 0 170 255 110 0 131 0 38 97 0 130 84 74 91 60 105 10 255 153 0
    255 66 197 255 242 131 198 139 162 26 73 0 33 0 0 11 0 255 140 255
    240 0 58 90 255 255 152 255 255 133 52 255 210 18 142 237 68 171 76
    0 255 235 136 22 15 199 59 177 203 232 0 37 207 255 136 255 211 38
    255 229 20 210 72 165 66 255 116 0 183 255 0 14 49 255 248 100 110 0
    203 255 51 61 187 25 255 202 230 50 48 255 158 68 156 0 186 0 33 198
    221 0 152 255 109 90 198 255 255 15 255 0 181 0 188 0 253 255 0 255
    3 76 228 255 94 13 16 0 255 0 107 0 255 19 0 35 39 0 255 141 101 0
    41 58 0 198 12 1 108 255 255 255 13 107 46 37 33 255 131 248 255 255
    140 216 126 255 71 178 167 37 220 135 160 10 255 255 110 0 188 188 0
    127 255 230 0 255 255 146 231 139 255 0 75 240 24 248 209 0 168 253
    33 173 18 255 0 160 255 80 255 206 235 161 251 179 132 0 255 0 209
    199 170 0 49 168 255 0 152 71 255 8 21 255 255 176 19 171 164 0 113
    206 155 157 6 189 190 7 0 220 46 152 0 204 0 101 100 0 0 251 0 255
    255 0 0 255 140 176 0 0 255 230 0 0 251 18 0 35 255 164 0 0 255 83
    239 124 0 0 0 47 184 148 0 234 255 0 0 40 157 0 109 71 255 0 205 255
    210 37 48 225 88 255 98 255 21 0 227 0 0 196 177 144 163 68 29 95
    131 178 0 255 217 137 152 96 224 56 164 199 255 0 255 7 190 0 255
    193 255 44 0 14 17 255 0 110 104 90 254 254 231 200 195 0 0 47 90
    255 164 240 255 83 155 176 255 0 80 255 51 173 0 78 37 30 127 94 47
    228 170 255 16 100 116 83 233 57 218 248 255 0 0 49 245 60 5 76 191
    0 255 112 255 255 158 255 16 79 133 131 255 217 0 218 0 253 0 255
    144 179 255 232 253 0 0 250 87 0 127 111 186 0 70 221 204 255 121
    148 48 5 103 142 0 166 0 23 0 20 240 249 255 255 0 91 255 255 205 92
    255 176 0 0 240 0 57 255 236 255 255 0 0 133 0 227 153 255 0 245 255
    109 17 60 255 104 44 255 46 255 0 73 242 0 88 92 0 0 0 40 0 186 255
    201 77 255 190 51 192 255 7 255 255 218 124 255 116 0 0 201 0 0 255
    249 139 226 0 48 255 157 163 82 0 255 87 0 234 255 26 24 29 199 241
    156 82 70 255 197 209 0 0 59 116 255 0 253 87 83 255 135 112 0 47 9
    47 92 0 143 255 255 0 139 249 197 255 101 255 255 182 0 108 0 53 43
    179 255 48 71 0 70 181 0 150 0 16 39 255 255 87 255 191 0 0 255 0
    133 255 80 113 167 183 86 14 145 4 166 8 121 45 235 250 206 193 130
    232 255 21 65 91 0 0 0 54 0 23 55 64 255 0 255 61 0 255 246 84 255
    255 229 242 3 0 50 123 200 132 36 222 255 180 225 255 255 255 255
    207 252 114 0 163 24 0 255 231 231 255 251 255 92 198 115 148 50 0
    145 50 0 0 191 161 121 149 222 36 255 255 255 148 255 255 255 177
    126 243 35 155 0 255 255 233 203 118 0 0 0 0 0 0 0 68 76 255 156 48
    204 141 55 29 67 0 250 0 0 72 0 223 58 0 107 160 0 197 0 49 255 185
    0 19 255 0 238 63 143 255 255 255 0 15 211 31 38 162 255 255 88 223
    92 0 0 47 0 8 90 95 192 62 187 255 154 244 194 124 11 22 192 62 29
    176 73 0 200 255 0 106 119 64 35 3 0 90 117 16 255 255 0 150 213 0 0
    0 232 169 168 125 173 237 188 27 132 140 0 17 231 255 139 147 100
    174 239 0 255 17 255 227 195 236 0 110 255 52 193 119 34 0 141 255 7
    237 240 75 8 254 48 252 219 250 7 79 180 0 172 108 0 111 183 77 203
    1 230 116 220 112 227 176 39 255 255 0 255 0 127 14 0 0 255 204 63 0
    249 0 255 255 210 0 29 255 255 234 0 21 159 13 255 255 255 0 89 24 0
    0 125 0 117 87 226 255 195 0 49 103 255 42 0 74 234 26 65 25 75 117
    0 104 6 99 255 255 71 49 139 155 208 255 37 181 0 69 31 0 255 123 0
    214 253 255 0 42 70 221 0 232 1 89 188 65 188 192 178 142 106 155 67
    249 255 255 105 255 26 47 37 255 0 244 142 255 183 162 85 32 62 143
    88 255 0 93 0 193 45 0 255 201 127 255 255 193 18 24 158 172 249 138
    0 111 131 0 255 71 204 54 255 120 213 31 203 213 0 216 255 49 178
    219 0 178 103 86 255 255 228 234 41 255 20 83 58 255 255 255 246 73
    255 97 205 0 0 0 0 117 58 235 112 0 179 199 146 255 75 57 253 0 11
    233 0 20 255 0 75 131 0 255 255 128 60 139 0 0 255 0 255 204 255 175
    68 158 255 0 69 255 79 132 58 187 45 255 255 23 255 13 43 251 0 244
    0 255 0 246 243 255 5 132 153 93 0 119 255 0 255 215 246 180 125 245
    142 0 0 102 217 0 0 0 133 173 56 255 197 0 163 0 2 145 255 0 255 255
    145 228 214 131 92 0 180 0 128 4 255 125 114 255 0 212 66 255 239 73
    121 0 70 255 0 187 28 0 255 117 207 57 131 173 255 252 108 85 101 6
    183 145 226 0 32 26 75 227 0 103 22 255 255 142 255 68 85 209 255
    207 84 0 15 31 0 156 124 0 94 255 82 255 255 164 178 242 90 79 0 215
    0 255 190 0 255 142 0 255 157 255 31 0 229 255 132 213 255 141 179 0
    255 153 158 48 0 196 240 255 255 0 0 215 82 101 0 0 255 58 0 255 0
    255 76 139 222 135 0 0 217 212 111 200 255 0 250 172 95 133 28 0 120
    255 255 255 0 255 0 0 134 142 85 255 91 71 0 195 119 34 196 0 255
    206 58 222 0 22 13 54 215 160 20 255 128 107 0 183 255 0 63 0 89 78
    206 93 255 134 5 0 125 50 206 141 9 255 255 159 28 52 255 0 0 4 142
    101 121 255 155 255 86 63 217 81 255 255 113 64 208 0 0 0 209 180
    205 96 255 125 255 0 164 153 88 85 84 145 215 109 140 145 83 51 127
    238 255 60 179 217 0 255 91 0 127 255 28 236 183 168 199 236 134 0
    219 31 22 173 255 144 157 0 160 172 139 209 116 150 234 97 255 245
    255 42 216 246 25 0 117 255 11 255 0 0 48 255 0 36 255 212 255 0 183
    117 136 0 194 255 66 12 106 0 97 0 255 79 0 112 0 80 204 28 255 26
    104 45 10 209 255 211 255 215 0 0 94 107 0 245 90 176 27 255 0 87
    196 255 0 0 255 0 130 244 163 255 0 154 116 215 255 174 0 173 6 147
    248 222 236 120 156 255 186 225 141 14 0 255 255 0 170 240 0 233 0
    64 92 255 209 123 33 80 32 132 0 89 12 255 212 101 98 215 225 209 82
    208 255 30 65 1 0 164 0 93 164 134 0 33 50 119 255 194 158 255 245
    159 47 0 255 0 35 196 123 255 125 255 62 0 101 255 2 149 20 191 201
    20 255 199 86 212 0 1 0 146 196 223 0 255 109 123 0 18 162 0 199 0 0
    226 52 205 21 255 16 97 219 236 0 194 36 39 255 0 0 255 0 111 61 37
    82 0 166 0 113 0 0 79 255 117 189 247 226 148 182 0 102 0 255 90 205
    219 255 255 255 117 255 42 181 255 87 235 141 255 42 226 0 255 242
    115 79 144 255 243 0 128 255 255 30 236 206 206 55 255 142 57 91 0
    206 0 255 200 197 255 0 255 183 102 71 124 2 85 255 142 0 0 53 197
    255 12 255 0 169 255 255 76 20 119 48 124 255 63 255 194 172 24 0
    105 255 233 255 34 50 255 255 20 15 151 141 209 198 96 105 131 110
    147 0 20 247 108 255 255 0 97 255 255 125 255 114 138 103 199 78 255
    0 0 133 158 79 110 169 255 0 130 186 0 67 156 147 255 197 255 183
    250 205 0 53 25 0 182 191 37 227 52 0 255 206 172 255 239 245 66 154
    0 163 255 201 183 255 37 255 248 132 3 107 0 152 119 95 91 141 255
    70 72 255 72 179 190 0 148 0 81 70 92 211 221 0 255 0 255 0 255 255
    125 44 0 113 0 189 145 255 0 42 255 189 0 255 0 238 171 232 185 255
    235 185 0 255 255 121 3 0 255 96 141 67 255 165 143 233 135 255 207
    0 149 0 206 153 218 0 183 46 0 255 255 92 0 255 0 119 177 255 255 38
    205 0 0 27 0 64 62 249 255 54 80 183 78 255 16 79 255 0 90 0 185 141
    225 0 67 239 0 110 85 189 255 0 121 120 207 0 255 34 0 255 81 250 0
    233 208 168 255 255 58 148 76 207 255 218 255 255 0 0 0 0 0 255 222
    37 0 37 13 255 0 0 125 0 255 20 13 208 25 203 223 45 255 220 255 186
    2 190 233 223 164 255 0 255 131 207 255 0 255 22 166 135 187 255 0
    255 141 40 219 238 169 0 255 0 0 0 249 235 0 31 83 213 52 64 66 0
    255 255 28 0 255 255 173 37 255 144 30 6 150 112 0 232 0 43 97 144
    49 177 0 76 172 0 255 0 217 100 255 0 255 208 0 161 216 73 0 90 255
    106 255 255 255 26 255 0 66 236 60 117 235 65 107 255 0 255 58 92
    255 255 154 255 191 12 183 255 128 51 147 84 242 38 255 255 119 132
    203 247 0 9 255 57 0 177 156 0 147 232 142 92 149 219 255 189 54 255
    199 192 143 255 218 0 164 117 21 94 185 0 255 124 217 255 255 255 63
    0 187 0 72 0 81 199 7 89 19 225 112 158 57 0 0 1 170 255 12 102 0 77
    130 0 108 248 131 204 167 195 123 0 255 19 73 77 0 91 255 0 242 255
    255 255 209 255 0 250 255 53 1 70 251 197 94 0 32 181 179 0 219 115
    138 250 74 104 0 255 0 45 208 19 150 134 0 182 180 154 5 247 255 255
    238 238 70 255 0 94 71 0 133 248 164 228 209 26 15 131 0 46 0 0 186
    0 209 36 101 0 28 154 23 143 255 184 0 255 0 26 255 97 255 23 58 205
    200 0 0 236 141 201 204 220 255 0 255 201 0 91 0 206 0 246 87 255
    176 19 25 0 161 62 47 0 179 115 0 255 0 0 21 77 255 161 3 0 255 4 3
    0 78 0 0 255 139 21 105 125 146 37 0 75 0 41 134 188 0 102 40 221
    250 0 240 0 183 189 92 40 0 51 55 87 255 0 0 27 0 77 0 0 80 0 174 0
    224 33 137 0 176 255 56 75 93 26 0 255 0 147 0 226 0 0 61 0 16 178
    126 253 232 255 14 84 255 178 161 0 0 80 0 0 0 230 0 189 255 20 255
    118 0 134 241 244 0 0 250 255 22 255 96 255 85 31 246 255 150 56 25
    0 144 98 9 255 0 0 94 255 32 255 0 230 206 58 255 76 138 255 157 255
    0 37 11 48 19 0 149 64 108 255 198 117 221 120 204 190 255 255 0 187
    255 94 250 54 255 0 255 33 232 26 52 255 36 86 219 255 206 0 255 51
    108 205 223 5 255 139 255 115 0 255 255 224 193 255 255 255 255 137
    51 94 135 98 156 222 154 168 199 10 84 255 193 0 0 29 41 75 196 127
    249 172 2 255 255 255 179 167 0 0 68 52 99 0 170 53 255 82 140 0 187
    122 244 255 218 21 67 196 123 105 255 255 155 206 255 137 255 89 0
    111 158 10 0 0 0 146 8 0 196 147 0 255 0 21 255 70 0 176 0 255 31
    255 229 0 0 255 225 134 246 201 12 60 240 255 127 87 172 120 24 255
    11 133 21 61 28 187 167 171 79 158 171 0 255 103 68 167 0 42 67 33 0
    0 255 199 0 137 206 192 173 177 154 182 97 250 233 0 137 0 0 117 137
    0 239 0 42 251 255 0 255 0 201 23 0 21 161 88 243 255 255 80 227 6
    255 0 101 78 188 61 83 39 0 32 255 59 0 0 38 61 105 43 240 178 133
    232 194 255 16 241 85 30 114 0 223 132 218 22 246 0 10 135 253 209
    127 149 0 0 0 216 117 142 6 0 255 239 0 255 35 179 139 56 50 48 34
    233 0 24 148 130 74 255 50 255 56 230 0 51 162 70 255 255 122 0 0
    168 26 72 230 138 112 255 0 0 147 187 2 169 98 2 184 255 180 255 0
    166 14 0 191 0 0 0 203 80 112 105 0 215 198 0 122 255 255 182 255 62
    160 255 39 255 207 255 255 207 177 0 241 57 0 144 255 0 52 0 255 255
    86 18 42 63 15 136 152 15 255 255 0 255 18 159 255 124 208 164 116
    33 239 0 0 255 150 255 175 183 216 63 163 166 34 194 0 31 255 255 47
    255 14 194 41 0 209 255 117 0 230 93 0 222 147 62 0 226 26 223 255 0
    0 134 117 0 241 251 159 179 31 138 0 252 255 0 255 0 76 255 255 157
    175 67 44 149 130 0 159 255 11 16 255 190 168 0 0 37 0 18 201 0 255
    52 255 250 224 255 255 53 129 0 145 174 105 226 166 255 0 51 0 255
    58 0 255 255 207 122 255 134 0 33 255 0 0 171 0 0 74 255 47 255 222
    255 61 255 0 44 228 95 0 223 227 15 255 0 57 255 255 0 194 170 246
    122 144 255 231 149 146 245 121 255 0 192 207 152 149 61 44 68 188 0
    154 0 80 0 0 254 96 15 0 40 10 107 255 172 0 255 211 0 0 255 255 82
    158 207 69 126 229 102 67 119 0 246 175 63 255 21 184 235 0 223 113
    167 10 119 0 0 148 255 42 255 255 0 189 255 111 16 0 255 111 214 0
    218 75 135 255 0 92 243 3 114 137 247 255 184 37 255 63 253 255 188
    0 104 255 19 20 88 0 255 152 78 21 85 191 81 208 255 43 0 164 254
    255 27 38 221 202 141 162 0 119 0 0 255 75 76 9 0 0 0 136 170 93 64
    89 112 175 255 102 242 231 199 198 53 133 186 248 255 2 35 255 112 0
    93 236 0 255 255 75 235 82 71 162 255 228 145 217 57 255 48 41 224
    126 51 106 251 83 91 155 99 80 48 72 165 0 76 16 105 255 0 255 255
    120 0 166 0 164 255 176 188 222 113 255 0 255 226 52 76 255 211 133
    255 249 255 255 28 255 142 14 236 0 121 0 15 255 8 0 255 164 0 0 255
    93 134 179 68 254 18 0 93 255 0 75 0 0 255 124 0 0 28 255 0 55 255
    169 0 50 255 159 19 6 207 0 0 225 231 222 242 228 255 191 255 242
    167 0 0 21 255 15 175 189 146 178 44 68 9 53 4 2 0 129 250 54 0 255
    247 0 255 58 201 115 169 19 83 0 255 110 107 103 56 0 196 115 204
    233 255 255 218 245 131 39 36 0 163 216 23 255 0 0 166 238 0 0 42
    244 0 255 255 255 255 72 217 255 162 196 255 166 73 24 254 255 223
    255 204 76 85 119 255 142 200 171 118 22 104 255 88 176 255 124 255
    146 255 156 0 255 198 0 94 0 248 224 66 97 255 135 46 166 255 255 65
    144 80 0 129 70 0 128 29 255 0 0 102 91 164 85 215 186 7 232 112 46
    255 232 68 0 255 255 50 255 0 0 37 155 96 255 0 87 255 81 134 149
    255 100 255 255 0 105 214 136 0 229 127 52 209 13 252 254 0 143 255
    138 0 255 218 154 185 0 128 43 215 222 165 255 174 0 225 0 0 199 255
    231 0 231 173 255 0 147 203 239 186 255 245 95 28 226 239 0 255 255
    233 10 164 255 0 255 255 255 113 255 34 50 0 49 173 0 0 236 163 77
    15 93 0 151 8 0 0 0 249 77 0 255 50 255 199 255 124 90 255 151 87
    107 224 54 145 84 13 98 92 255 177 0 255 0 150 255 14 0 78 0 32 255
    49 255 117 249 255 240 95 255 0 255 237 0 0 207 224 255 59 255 19
    219 255 255 0 255 171 6 8 0 0 255 32 246 255 255 218 49 0 255 200 0
    103 96 9 0 199 12 15 186 162 255 0 79 0 189 48 0 255 255 252 48 255
    164 178 3 255 23 0 133 103 0 19 43 255 99 255 255 110 255 48 255 0 0
    46 244 240 115 255 244 226 0 0 141 205 252 0 194 134 255 0 92 168 0
    164 0 0 183 0 201 0 83 0 87 32 255 95 10 75 0 216 157 0 100 253 251
    45 234 179 64 0 255 0 55 76 177 0 153 255 85 177 114 150 111 131 124
    58 13 0 0 129 255 87 0 59 207 255 255 205 8 13 56 208 122 0 0 163 0
    167 0 29 255 255 102 109 255 32 79 120 244 255 75 255 255 141 4 48
    49 195 47 255 211 255 18 210 255 59 143 0 0 42 255 132 111 24 0 0 0
    51 237 144 186 215 255 255 71 32 0 61 146 227 255 166 255 7 249 116
    134 173 255 0 0 255 127 255 187 235 224 58 184 221 0 81 220 255 85 0
    20 0 60 255 0 247 229 117 255 255 255 135 122 3 6 43 224 85 137 255
    146 255 153 95 0 177 0 255 180 122 180 127 242 102 255 154 255 0 107
    255 0 136 174 161 0 26 255 65 247 0 255 255 0 255 0 255 148 38 69
    212 210 255 255 0 255 22 72 55 40 10 192 255 0 32 165 187 255 47 255
    255 255 2 255 108 134 222 206 76 255 226 234 56 214 255 255 65 255
    255 220 125 0 135 114 34 34 255 255 242 211 115 138 186 108 45 56
    204 70 209 31 0 87 255 0 82 145 255 238 229 255 61 0 0 210 25 204
    164 137 0 140 199 0 0 0 11 211 55 93 0 0 79 192 255 0 37 255 255 0 0
    255 0 216 255 60 0 225 255 255 255 169 142 0 0 0 182 16 250 90 192 0
    0 255 8 0 81 18 0 0 65 209 84 77 141 180 255 147 176 208 255 89 181
    255 159 255 255 84 174 89 255 0 0 194 180 244 0 214 220 255 255 250
    173 255 0 204 152 255 0 59 94 0 128 239 55 199 151 0 185 255 255 239
    0 255 85 1 30 172 44 0 143 84 255 158 0 93 126 0 99 53 222 151 255
    123 141 255 0 102 233 255 90 73 125 40 244 255 255 184 253 230 67
    112 0 41 183 105 0 255 149 0 204 145 0 251 182 151 255 169 255 70
    234 203 0 182 34 0 0 222 0 255 161 226 127 134 0 140 94 0 255 170
    255 0 43 255 0 67 185 255 219 0 255 255 79 61 255 255 92 15 255 210
    37 81 29 106 0 14 134 66 200 122 240 3 172 78 222 215 0 197 41 0 0
    21 255 255 212 160 39 237 255 23 211 238 139 135 198 21 167 255 0
    255 255 255 24 92 121 0 132 0 255 255 230 105 201 18 0 0 172 35 255
    255 255 0 177 255 163 180 255 209 141 34 0 187 255 15 0 176 255 253
    124 255 0 207 134 0 0 248 0 255 40 40 140 1 255 88 193 71 214 14 132
    255 40 53 123 57 241 255 0 255 19 59 193 0 38 132 0 0 0 39 0 0 58 91
    142 214 234 101 51 121 63 149 255 191 0 45 0 139 228 0 59 0 65 248
    45 241 118 229 181 134 67 47 217 125 162 155 124 211 0 0 0 44 0 77
    255 0 0 255 255 95 99 133 11 114 255 217 255 209 0 255 43 132 130
    207 255 146 234 109 255 193 226 78 166 255 61 0 0 193 255 0 255 0 0
    166 185 0 255 255 235 255 183 150 0 143 0 0 186 123 13 202 0 163 90
    167 25 0 152 0 135 124 0 0 171 0 227 255 255 108 0 0 194 255 120 155
    255 243 35 214 88 78 211 255 169 255 255 224 66 167 255 255 9 109
    255 0 132 51 182 77 82 130 33 181 199 0 94 255 150 255 176 184 255 0
    0 255 0 252 255 83 125 62 155 238 94 119 0 13 0 0 119 0 30 255 222
    118 17 0 59 127 255 0 79 5 36 193 99 0 173 195 255 102 197 255 171
    166 160 255 255 32 248 255 188 203 156 209 236 37 230 59 0 247 84
    208 122 0 239 94 58 244 0 147 201 133 241 3 255 27 2 0 0 23 0 35 56
    239 190 255 206 0 233 255 255 143 97 180 35 255 255 255 236 0 255 74
    0 159 0 255 255 0 231 195 156 0 1 159 194 72 158 0 66 0 0 25 68 110
    12 217 238 121 63 127 255 110 140 191 206 230 0 0 0 0 220 0 141 137
    255 255 174 207 16 150 110 255 59 0 179 225 255 255 203 217 0 23 28
    252 87 150 196 114 98 255 255 45 138 0 13 20 71 255 67 26 0 202 0
    133 0 156 189 69 0 255 0 7 18 242 0 58 3 236 255 227 115 0 0 99 255
    0 232 112 55 24 138 0 7 147 0 255 255 49 255 164 215 255 22 202 165
    198 0 255 250 129 0 34 60 200 206 0 255 111 7 255 255 0 116 107 161
    81 222 200 0 255 145 45 0 151 179 255 0 27 203 0 255 193 33 64 5 255
    51 208 24 150 233 0 255 0 231 91 0 117 184 255 131 159 1 161 102 123
    255 23 248 84 0 239 108 196 0 17 139 52 255 126 37 255 224 0 25 182
    255 0 192 88 9 255 0 255 6 94 255 255 2 255 0 222 255 255 205 112
    255 234 49 0 92 250 209 0 104 74 138 0 219 154 123 44 77 222 60 87
    116 186 0 136 105 255 130 197 101 151 181 183 248 211 171 26 69 243
    0 235 174 223 255 47 112 174 4 198 175 75 90 0 118 115 141 0 255 191
    8 233 79 169 159 255 12 255 255 5 246 151 243 183 27 255 125 255 98
    93 135 255 255 255 134 90 34 0 0 82 12 255 10 10 90 96 109 0 0 40
    255 43 36 248 49 0 255 114 28 118 0 74 148 0 222 0 223 95 227 0 255
    255 77 0 255 255 195 217 0 255 49 88 0 67 255 195 100 119 110 255 42
    0 255 0 255 133 0 79 171 88 41 82 255 218 69 255 255 94 27 118 17
    255 219 215 109 0 34 20 117 255 0 0 0 213 255 0 255 255 0 255 255
    142 252 58 0 60 255 255 255 19 0 154 49 32 207 233 243 170 255 255
    181 175 0 179 176 238 255 132 255 255 187 56 255 255 37 67 30 37 205
    0 54 0 123 1 165 0 139 255 255 242 175 255 24 0 212 0 7 188 207 147
    163 135 34 108 255 255 255 0 185 176 61 17 215 44 180 83 194 0 255
    255 79 255 255 71 0 255 115 214 187 200 255 80 57 84 219 255 255 61
    255 255 255 139 40 119 255 56 153 12 103 0 82 88 0 0 43 0 162 187 0
    199 0 6 56 255 110 9 255 145 238 208 255 255 243 32 43 255 183 0 162
    241 90 255 255 0 0 36 175 0 203 177 98 204 131 255 0 73 3 164 255
    255 219 0 148 188 186 245 145 107 87 171 255 74 255 255 33 138 0 255
    0 0 255 250 185 46 0 218 222 0 0 122 0 172 224 89 14 181 24 255 28
    255 255 0 223 255 42 225 255 50 255 0 0 90 24 151 236 167 235 48 93
    34 224 235 255 252 71 233 0 0 255 217 76 42 168 90 0 223 245 73 169
    161 180 85 20 0 0 64 222 122 0 52 0 85 30 64 255 255 255 0 246 41
    151 29 255 14 10 255 96 39 255 255 206 133 255 0 160 255 255 156 224
    57 255 8 16 163 0 207 153 0 22 255 255 139 91 255 63 0 0 24 1 158 12
    186 255 0 95 255 225 0 2 255 0 0 255 149 0 113 221 103 255 0 0 255
    255 29 224 240 255 74 73 255 237 207 13 0 230 120 0 0 139 80 133 162
    100 255 0 50 189 255 0 194 255 65 255 10 1 69 58 255 0 0 248 255 0
    177 4 148 15 39 0 105 0 38 255 147 40 255 255 53 115 4 79 192 206 65
    255 92 0 207 255 248 235 255 138 255 122 0 58 193 127 255 255 176
    239 0 0 0 0 0 251 27 41 255 0 169 8 99 93 0 213 255 73 255 90 89 250
    118 245 35 101 151 0 10 234 203 255 192 0 196 132 252 206 236 0 233
    0 220 0 144 76 195 0 96 255 161 0 0 161 255 5 5 248 0 112 229 255
    233 113 71 53 240 223 87 96 0 0 196 162 255 207 119 84 29 255 0 0
    255 65 105 27 0 88 248 122 98 192 255 39 0 29 0 201 90 0 27 255 0
    245 255 255 190 247 124 214 54 204 155 0 0 6 0 84 146 0 250 161 255
    83 255 200 239 216 115 176 223 230 204 255 36 142 134 44 212 0 47
    117 165 0 199 255 0 255 83 250 230 152 0 0 8 88 72 62 145 161 193
    159 255 255 83 45 35 108 0 83 171 225 131 0 103 2 110 225 255 255 0
    0 41 228 0 34 200 0 109 223 107 255 0 190 193 15 243 0 110 0 50 147
    229 171 148 204 255 154 180 133 154 231 255 114 255 152 255 255 181
    255 24 53 63 95 146 88 193 0 255 175 0 213 219 89 252 0 199 152 140
    35 255 55 108 82 196 186 255 0 87 124 71 103 255 134 224 117 25 55
    102 0 238 107 10 9 14 0 0 112 205 255 0 166 19 142 65 51 0 0 61 70
    131 0 38 73 77 147 255 255 127 188 27 210 255 255 0 255 104 238 47
    195 167 81 239 102 234 46 64 101 218 166 0 0 253 255 0 0 240 93 23
    204 255 255 255 164 74 41 212 213 179 255 103 84 0 27 134 49 163 0
    91 129 244 42 255 255 255 28 213 255 255 214 129 69 67 225 151 255
    19 208 255 240 255 0 0 255 236 134 0 152 40 155 194 255 168 85 202 1
    67 233 136 0 0 255 137 0 0 103 255 40 228 238 139 255 255 250 104 0
    0 177 72 210 254 149 77 27 100 51 0 208 0 251 255 115 0 191 35 61
    255 76 0 202 0 211 29 255 0 194 0 186 83 255 0 255 255 138 130 40 92
    38 179 255 14 107 0 24 255 199 203 0 0 159 62 0 240 128 191 39 37
    250 250 0 255 209 13 255 60 218 31 176 115 116 84 29 255 148 255 54
    93 163 53 0 237 25 89 239 145 115 255 253 255 255 0 171 0 255 50 252
    148 0 0 30 112 0 35 255 31 236 218 0 222 0 91 194 25 97 255 94 39
    190 94 255 255 36 255 165 0 0 255 142 68 173 185 96 0 219 5 92 81
    137 175 0 186 119 251 147 255 202 255 203 255 94 255 71 107 154 117
    255 255 215 255 119 244 137 5 0 0 255 255 86 0 147 77 145 183 227 0
    0 0 178 89 76 239 234 47 145 44 199 252 192 35 0 156 133 0 156 29 0
    0 0 0 11 0 47 165 0 79 0 255 68 255 102 50 0 217 23 86 169 255 255
    255 0 33 255 99 207 255 0 58 79 0 0 0 40 92 255 7 225 255 244 120
    255 254 0 255 67 215 57 0 118 204 128 59 94 97 75 45 141 69 153 169
    109 86 0 3 128 160 24 0 83 86 123 21 179 140 15 0 49 255 255 194 0
    169 255 31 0 96 64 116 131 228 13 255 157 0 118 255 127 251 0 0 78
    255 134 212 255 78 0 204 121 102 64 255 255 0 0 255 255 0 0 216 255
    48 229 0 0 103 46 6 14 230 0 16 161 220 187 0 0 134 255 40 136 142
    243 255 176 255 228 207 0 255 88 0 0 75 178 199 0 0 255 255 126 195
    209 9 250 0 163 98 0 52 0 170 69 0 0 255 174 255 255 0 5 0 0 143 121
    93 0 232 224 159 246 115 0 81 0 10 179 202 75 203 164 255 120 0 147
    109 255 56 255 150 0 211 255 59 255 124 0 205 80 255 103 0 154 255
    114 252 204 101 255 255 0 255 212 96 73 214 0 56 182 0 163 0 121 125
    103 0 8 0 71 255 51 181 227 210 88 0 111 36 0 0 112 109 213 130 132
    24 255 97 255 46 0 0 0 246 152 255 235 0 0 122 212 195 255 108 119 0
    255 0 81 13 0 176 180 183 114 143 134 49 159 37 226 38 145 74 255 66
    0 114 255 243 164 0 255 214 255 255 81 22 255 152 0 132 241 0 255 0
    218 175 239 219 255 106 0 216 219 168 223 129 251 255 255 255 85 211
    46 0 16 251 0 186 79 217 0 220 19 234 37 33 204 48 0 0 255 37 255 70
    7 255 255 255 63 171 220 0 254 77 0 10 197 17 0 139 0 0 255 182 209
    255 0 0 162 0 254 222 138 64 255 255 0 24 25 166 255 0 255 240 186
    255 129 84 74 67 133 255 17 55 123 0 0 156 0 255 178 142 236 255 37
    169 58 255 205 139 45 0 255 7 255 39 124 164 0 255 255 120 117 255
    255 80 0 0 184 35 0 255 0 115 255 0 86 211 111 0 188 54 162 255 202
    55 17 125 19 0 205 255 255 106 28 237 0 133 240 15 184 0 0 206 255
    249 174 0 111 137 144 0 0 109 186 13 0 44 173 0 104 1 235 196 127
    255 255 7 255 3 96 38 0 0 168 233 247 187 0 4 7 0 0 126 27 245 160
    191 227 90 243 255 97 255 126 232 0 136 181 167 99 214 112 32 125 0
    255 255 255 12 55 189 87 0 187 111 0 87 255 255 40 255 11 122 209
    146 255 0 0 108 255 255 199 0 255 38 0 255 255 126 159 255 153 213 0
    255 208 0 236 90 0 189 199 0 0 110 47 51 186 255 0 88 128 117 146
    128 0 214 0 69 255 0 217 96 15 97 24 71 30 0 0 255 183 151 0 255 0
    103 152 255 255 215 255 102 0 31 0 53 136 19 110 253 0 224 111 231 4
    104 21 57 42 96 0 255 255 0 0 109 245 0 0 0 70 111 0 0 114 35 0 197
    254 226 233 255 0 255 255 135 255 216 30 174 0 33 255 126 125 0 0 63
    107 9 255 10 57 165 0 78 111 51 100 0 213 215 0 0 95 160 0 135 150 0
    0 52 47 0 208 2 117 158 0 50 255 50 0 215 255 63 114 0 0 148 255 181
    29 172 255 2 255 244 117 98 0 57 115 0 30 237 120 255 255 242 172
    255 87 177 0 7 153 217 255 255 255 0 0 227 255 0 4 202 0 255 109 118
    174 255 84 255 254 76 210 255 255 73 37 0 121 253 143 255 146 197 27
    91 0 58 252 255 204 255 225 132 149 255 117 255 255 77 105 0 255 206
    255 0 103 141 81 195 66 192 76 177 255 40 59 0 199 0 254 2 169 0 0
    22 90 0 196 0 255 255 210 86 255 0 255 255 215 0 255 110 107 255 255
    139 218 211 217 172 160 255 111 0 255 59 255 50 255 255 0 0 98 0 1 0
    44 239 106 14 255 0 160 118 14 0 0 213 0 255 255 73 0 91 255 115 131
    203 163 255 183 0 89 0 0 134 151 136 255 45 0 231 226 53 255 255 102
    75 255 170 176 0 192 9 0 238 0 0 255 47 1 0 232 112 255 0 139 0 0
    160 93 77 151 0 152 70 0 64 0 31 58 255 120 255 104 205 0 188 85 255
    11 29 0 54 0 92 174 68 170 255 255 131 95 251 255 38 79 83 238 99
    164 255 215 255 0 255 89 1 175 255 0 75 83 96 194 164 46 255 197 0
    237 199 12 0 0 54 0 0 131 210 255 16 129 236 255 15 130 185 147 11
    12 247 0 255 36 0 255 0 255 255 246 148 28 124 82 0 255 65 0 23 0 38
    125 0 255 185 196 222 0 0 84 40 146 118 25 54 213 255 22 0 182 255 0
    0 125 35 0 46 255 210 237 123 0 27 91 97 198 176 201 204 233 225 255
    252 255 0 255 152 255 226 71 255 104 0 145 77 255 0 0 39 138 95 223
    160 224 0 212 255 133 184 169 27 183 0 234 216 86 37 222 0 49 23 136
    76 211 0 244 244 117 255 3 171 48 253 0 13 189 111 252 41 255 160
    152 93 255 255 162 150 211 255 214 247 255 16 0 21 161 22 181 105
    240 57 255 0 248 255 252 64 37 240 0 0 211 0 255 255 255 149 255 124
    94 36 255 171 34 128 61 255 37 5 255 30 54 214 120 31 7 203 0 195
    255 0 0 0 189 0 62 255 130 250 140 255 255 0 188 255 255 92 255 255
    255 74 12 204 210 188 57 252 3 173 255 43 28 255 163 204 0 255 0 52
    255 255 18 0 255 138 236 255 74 255 31 0 199 36 255 179 255 47 124
    255 220 17 2 250 49 255 0 172 0 162 118 14 98 219 0 14 105 255 70 44
    105 147 104 97 0 0 8 47 120 113 255 215 127 255 124 0 0 134 255 124
    170 225 234 219 133 229 255 184 64 245 255 74 0 140 0 0 37 17 255 10
    0 0 0 159 50 159 0 226 0 255 255 4 17 0 0 106 0 47 126 255 67 186
    168 171 0 0 0 46 255 93 7 168 0 244 0 255 80 37 184 0 0 60 0 255 255
    127 0 240 51 6 60 121 69 197 132 89 40 255 116 192 255 255 0 76 106
    247 22 120 22 118 204 50 0 67 0 106 0 17 0 213 33 16 41 255 42 255
    255 69 255 181 84 8 62 0 114 87 187 0 20 0 0 232 11 255 181 141 137
    126 0 99 0 202 255 64 68 255 255 140 255 135 0 93 251 111 255 255
    255 176 131 244 255 87 170 255 55 255 72 192 2 169 47 255 171 75 33
    0 143 0 0 239 0 0 220 41 0 34 172 0 7 10 0 0 192 0 248 30 121 0 23
    85 255 255 0 29 0 83 255 128 78 255 237 195 255 220 255 0 0 0 247 0
    255 234 0 21 129 0 79 181 192 0 47 59 0 255 164 0 92 43 16 235 0 0
    255 255 0 0 255 125 0 249 81 255 0 245 213 251 39 127 165 144 29 80
    102 0 0 0 139 255 255 255 4 93 255 0 132 203 33 243 255 0 151 23 255
    0 58 39 160 0 255 120 187 0 71 171 0 219 34 255 246 53 39 33 255 45
    245 196 0 249 33 204 183 27 208 64 0 255 211 194 89 0 255 180 255
    139 255 0 134 196 195 255 233 148 255 195 237 255 0 229 161 39 60 0
    255 0 0 52 128 0 19 124 38 255 255 0 218 17 54 74 0 182 255 98 139
    254 85 14 0 255 172 151 42 224 142 237 0 73 17 8 66 0 255 136 239
    255 0 0 75 0 76 175 0 255 132 253 0 0 89 208 217 0 255 0 48 0 194 0
    255 37 162 216 228 255 147 17 255 68 188 243 255 185 89 255 255 0
    255 90 66 2 108 0 77 255 0 3 136 255 255 255 37 18 255 34 224 255 56
    189 166 149 80 135 0 56 255 255 89 46 109 219 0 118 160 186 22 255 0
    31 0 254 126 238 0 198 41 255 58 255 255 162 180 183 93 52 255 0 88
    59 192 124 255 160 255 65 255 110 255 12 255 137 86 255 46 46 90 133
    255 206 0 175 255 0 200 255 135 154 176 245 0 127 85 114 235 255 127
    0 255 127 30 240 33 5 255 118 157 255 255 255 0 157 52 255 131 232
    126 255 255 249 185 255 230 0 0 255 94 0 0 198 235 249 21 163 2 188
    14 191 241 136 11 117 0 255 5 255 255 255 180 156 255 254 194 255 63
    218 24 255 18 250 238 0 228 25 247 62 6 0 0 255 108 0 46 0 255 221
    50 0 45 0 252 94 12 165 130 194 0 255 243 210 255 255 0 0 193 214
    248 237 239 255 88 177 75 255 0 0 255 0 255 36 0 190 255 74 255 220
    15 30 31 255 0 255 14 181 255 174 0 0 255 255 199 255 79 224 0 45
    187 76 0 125 255 0 134 65 0 235 23 41 255 160 255 255 7 242 0 34 207
    255 154 180 104 255 173 0 5 247 172 41 176 148 58 116 191 0 42 0 213
    0 103 158 173 238 0 0 12 0 225 1 175 239 205 171 116 177 176 219 255
    0 255 196 96 255 0 181 161 142 255 0 233 0 241 255 174 255 0 24 255
    167 130 255 105 242 244 28 98 13 167 255 18 234 178 162 200 221 0 60
    91 77 132 132 137 246 74 0 189 106 255 0 247 0 0 255 87 192 157 0
    234 255 255 0 131 255 255 0 33 56 136 92 143 255 241 0 104 255 220 0
    0 145 188 0 36 26 109 173 119 0 222 11 215 255 0 255 0 0 0 60 226
    158 174 212 195 0 97 110 0 212 115 166 60 240 0 125 186 245 0 255
    150 255 165 0 116 255 60 0 78 114 223 70 255 153 118 39 12 31 139
    255 98 255 0 0 255 117 0 255 236 165 0 252 76 91 255 0 135 0 0 90 68
    198 49 251 85 208 104 95 101 185 255 142 42 43 207 102 0 53 225 229
    255 16 255 255 189 0 127 176 255 255 230 100 0 24 252 73 13 169 0 0
    106 0 125 255 88 255 0 74 45 78 0 255 166 198 236 238 66 58 79 255
    255 40 255 0 233 248 112 154 255 150 75 70 0 203 0 163 255 241 210
    177 152 16 122 135 0 81 2 194 231 0 227 5 144 183 0 255 162 53 177
    37 169 97 255 76 255 111 140 0 106 255 198 141 72 0 255 205 13 255
    94 192 230 111 0 182 255 0 204 11 228 104 153 249 0 171 189 124 255
    255 165 255 97 140 255 185 180 144 0 90 255 187 162 255 255 212 62
    215 0 255 0 255 97 0 243 144 255 90 255 84 146 38 66 255 70 5 180
    255 203 178 210 240 12 110 255 245 76 192 219 120 18 203 51 0 255 0
    168 0 209 109 0 201 99 0 37 179 0 216 0 126 246 0 140 255 61 255 70
    255 255 70 255 255 89 204 244 255 255 18 59 82 162 154 112 189 189
    90 0 168 0 54 210 0 212 255 242 230 0 23 185 27 119 255 205 255 0
    255 235 0 114 205 214 0 221 255 18 255 170 0 0 116 0 0 174 0 0 77
    255 255 23 22 255 0 179 246 165 255 231 46 2 3 255 0 210 84 38 189 0
    255 0 147 0 200 221 86 211 98 116 3 32 151 101 56 22 236 54 85 5 255
    0 109 255 172 0 168 18 0 95 230 119 85 255 215 247 57 255 234 255 0
    0 154 44 31 0 0 174 0 43 255 136 255 235 77 0 255 0 255 255 78 0 78
    107 255 89 164 208 0 43 243 255 214 3 56 32 40 136 248 225 243 109 8
    179 0 225 171 51 70 255 0 255 0 91 117 172 0 190 114 154 255 255 0
    24 255 255 255 53 255 255 54 149 159 235 0 232 111 86 247 47 255 116
    34 183 253 255 226 0 0 42 255 67 1 0 144 255 88 238 255 123 32 0 95
    53 185 110 4 88 129 232 117 237 255 0 255 255 0 0 255 192 43 210 255
    73 38 255 118 201 0 88 171 164 47 0 98 120 120 0 208 11 232 220 0 0
    0 0 182 184 44 249 30 255 255 189 138 202 0 110 0 83 246 100 255 118
    0 0 0 253 0 245 71 209 255 0 163 255 0 35 255 0 0 0 33 0 0 212 0 62
    66 174 134 255 0 211 12 255 255 90 242 5 46 24 255 0 225 16 27 122
    11 178 32 30 26 145 0 216 255 166 105 0 78 0 248 67 255 255 90 255
    255 172 255 254 48 53 202 144 0 0 73 64 212 228 255 219 255 0 10 180
    8 255 221 134 0 184 255 87 0 0 11 0 0 207 30 225 0 121 255 254 186
    105 188 255 123 114 165 0 255 0 190 60 18 72 104 93 0 0 255 181 20
    187 255 110 0 255 0 194 106 153 255 119 133 255 42 85 220 158 255 0
    0 61 9 255 0 6 230 1 134 255 117 26 255 3 65 234 51 22 0 22 0 0 50
    236 81 10 0 255 151 255 255 139 255 0 36 239 255 216 143 121 255 138
    255 0 187 101 255 0 0 255 58 121 255 233 2 43 255 255 143 235 149
    255 58 8 126 97 44 196 57 39 157 5 0 217 145 0 216 255 185 255 255
    68 255 0 255 89 255 255 0 114 0 130 68 0 1 105 238 184 0 151 255 89
    254 0 113 255 0 74 0 155 210 168 255 88 181 255 100 0 131 0 255 78 0
    45 53 155 103 160 225 20 0 232 21 0 144 255 241 0 96 140 216 255 255
    255 143 21 0 44 217 64 34 255 157 255 104 249 0 88 255 255 247 160
    255 79 33 65 255 0 242 117 169 33 0 0 114 1 210 225 91 0 23 16 0 17
    0 231 0 0 151 23 8 240 227 146 183 33 2 105 27 0 255 61 115 255 206
    122 100 142 238 120 48 233 0 255 0 50 0 0 249 194 19 255 21 23 189
    13 100 81 90 0 228 69 0 194 0 255 0 82 247 34 114 147 59 182 99 26
    61 255 226 255 34 0 31 252 98 189 255 118 157 82 0 54 255 142 0 0 13
    180 77 93 255 3 177 178 184 75 0 84 92 0 255 0 255 0 235 0 0 14 0 0
    159 94 0 255 0 0 137 0 0 82 133 255 196 69 162 0 202 255 170 255 173
    193 255 198 140 255 79 107 59 86 208 91 255 250 91 9 168 0 0 0 255 0
    195 255 58 113 142 165 124 255 208 139 83 108 73 156 177 255 78 227
    63 255 255 1 48 255 71 113 188 214 66 58 119 255 255 194 214 0 255
    18 95 255 10 16 119 255 236 158 0 105 255 255 255 79 249 237 202 116
    122 0 0 255 217 0 41 148 55 0 255 255 200 0 81 16 60 66 28 255 75
    198 52 255 11 237 0 0 115 216 67 232 0 98 26 0 0 0 21 255 0 0 51 144
    253 86 77 255 20 221 0 255 236 0 245 149 0 118 0 113 226 196 255 153
    20 255 0 255 15 0 232 0 0 64 175 168 67 0 0 51 228 0 133 131 255 191
    0 102 234 0 85 87 255 171 141 255 0 81 135 115 165 255 0 255 0 70
    255 119 255 203 255 171 0 83 255 74 11 0 235 61 4 133 236 180 157
    173 215 17 105 255 255 0 109 250 0 250 246 255 16 6 233 69 0 137 0 0
    243 109 237 206 136 255 154 0 255 0 0 255 255 0 75 116 11 253 0 255
    95 253 255 164 5 185 31 119 54 0 255 218 0 0 0 255 106 106 49 97 255
    39 146 222 0 118 64 243 0 126 0 255 220 145 165 31 0 63 0 196 50 189
    152 128 164 0 0 254 121 0 47 255 255 0 255 84 153 255 0 255 210 255
    0 144 69 55 0 243 255 83 129 212 91 255 225 255 110 0 246 1 209 195
    199 0 177 228 138 255 30 0 0 212 35 96 180 255 63 139 255 168 255
    255 48 50 0 0 85 255 235 255 230 146 255 176 255 216 255 255 255 0
    13 83 255 109 134 0 0 0 6 51 255 141 242 0 79 58 255 251 254 23 118
    180 54 0 234 134 78 255 0 191 177 168 255 255 165 146 135 255 0 186
    0 172 255 40 54 212 65 1 100 192 250 149 132 255 8 174 106 141 255
    192 255 109 68 255 0 32 160 251 249 176 150 116 0 232 124 147 50 149
    28 0 255 152 255 108 36 220 184 0 255 255 0 126 115 208 255 18 139
    14 120 255 0 138 69 0 142 11 226 107 96 177 206 255 25 255 105 210
    251 255 67 75 190 51 218 97 255 109 0 255 198 39 74 255 102 100 255
    144 136 54 66 20 186 177 235 255 255 255 255 95 157 12 12 207 8 0 64
    0 157 0 118 255 255 151 0 48 255 119 150 85 255 255 255 255 174 255
    81 230 25 0 255 8 43 255 0 120 0 85 52 146 108 182 12 108 219 238 45
    0 152 64 181 255 14 143 109 48 3 105 15 193 0 255 118 253 0 128 255
    116 171 54 20 5 230 217 112 5 0 233 255 255 255 251 165 87 255 117 0
    23 54 0 255 254 255 0 0 255 8 75 255 255 255 255 0 255 224 229 255
    239 144 100 163 158 255 255 109 234 238 198 90 140 126 38 0 0 154 0
    0 255 0 251 0 255 255 0 140 252 238 80 53 250 189 191 28 255 255 255
    64 0 255 119 0 255 255 48 133 0 217 0 224 255 41 138 126 0 153 255
    189 37 2 21 40 93 148 0 167 255 255 0 155 255 220 0 0 129 255 17 43
    255 223 255 170 74 255 105 255 79 87 70 0 0 0 140 255 0 97 255 0 255
    222 255 248 206 234 34 170 74 226 0 49 81 226 255 0 255 24 0 8 255
    250 183 112 231 229 37 212 255 255 66 0 181 255 0 0 0 0 41 131 247 0
    69 62 35 156 59 255 0 29 10 222 255 140 199 255 91 3 189 255 18 133
    66 31 45 71 104 12 255 242 177 255 48 50 246 0 0 184 105 120 0 93
    255 107 84 0 197 0 0 10 68 149 255 93 122 124 255 81 82 119 254 53 0
    0 168 255 54 231 104 203 0 255 0 255 134 255 136 196 1 255 57 255
    197 102 144 39 255 0 91 73 211 97 55 28 251 230 255 0 26 255 26 255
    255 170 37 255 255 255 14 157 219 132 82 0 183 0 190 255 231 35 52
    131 0 176 227 121 255 255 0 23 255 153 186 6 255 133 0 56 87 139 0 0
    87 160 0 0 100 100 97 168 39 186 124 255 236 29 50 255 160 255 252
    255 240 0 255 82 0 174 242 199 255 255 130 255 195 233 183 3 138 137
    114 0 213 0 172 104 103 163 218 48 161 246 11 255 255 133 209 57 220
    255 0 255 255 21 182 24 233 154 0 255 0 0 122 116 146 255 240 146
    189 0 255 255 0 15 80 77 105 255 160 253 0 0 212 0 155 156 29 93 0
    91 36 151 107 61 0 40 124 205 230 0 5 207 87 60 243 255 209 0 92 3
    168 231 0 0 14 139 255 0 0 237 0 252 125 255 0 0 152 0 39 255 255
    125 0 231 179 0 173 255 178 235 99 0 255 255 255 255 255 206 186 36
    128 255 87 0 52 145 255 199 0 56 255 6 0 230 198 99 61 242 52 0 78
    95 250 184 114 8 168 255 230 255 0 0 61 9 48 255 58 42 255 149 0 0 0
    148 245 186 236 255 213 0 176 143 255 245 246 11 220 24 0 255 0 0
    204 0 229 125 255 255 0 0 0 3 163 64 231 238 255 243 243 255 0 255
    73 0 236 255 131 0 182 255 119 208 236 254 95 0 255 70 226 92 0 0 3
    0 122 255 49 141 232 85 0 23 0 48 39 176 164 2 132 230 231 148 255
    255 255 155 255 128 254 255 99 0 255 127 72 91 40 113 255 0 66 20
    142 222 225 238 234 183 142 214 255 255 33 203 232 232 255 24 213 43
    245 122 0 124 25 0 13 255 255 0 255 155 239 0 0 174 97 159 224 206
    255 139 255 0 248 255 255 54 232 253 255 219 255 0 227 249 255 255 0
    65 102 255 0 0 255 152 143 255 0 255 64 153 38 71 0 120 199 83 117 0
    255 0 255 0 0 149 1 198 255 13 255 0 255 255 255 0 192 0 0 192 100
    255 0 218 140 129 192 192 0 0 71 147 0 123 255 0 246 229 127 143 145
    255 200 18 175 88 0 139 0 0 97 76 156 0 186 69 0 0 84 101 29 77 163
    145 233 255 61 11 153 0 255 224 31 25 144 89 0 255 77 0 3 55 191 137
    77 0 102 39 168 211 232 255 0 255 0 59 27 133 255 224 250 134 64 0
    250 0 56 102 0 144 0 4 255 245 195 0 65 0 238 255 255 226 48 200 255
    13 0 255 194 160 87 138 255 21 249 0 255 255 149 19 43 52 48 255 241
    255 83 194 255 255 249 106 204 110 73 255 95 51 195 0 0 123 245 35
    18 129 41 227 236 0 0 255 255 224 255 99 239 188 238 118 255 176 255
    240 255 174 0 227 0 111 0 0 175 21 48 0 223 0 255 70 255 115 240 101
    14 123 0 255 0 8 0 77 111 140 220 250 225 11 59 255 165 5 68 147 0 0
    0 0 13 62 44 180 230 190 190 44 82 115 95 191 55 14 0 2 255 178 32
    255 56 37 26 196 0 0 255 255 237 75 0 0 62 23 0 19 255 225 169 255
    48 24 133 0 211 0 154 25 22 255 94 152 0 181 204 4 71 254 45 0 245
    242 191 255 255 151 0 255 255 0 0 56 11 0 113 18 13 119 244 52 151
    18 71 250 0 181 41 111 255 255 0 8 255 102 180 255 255 255 173 0 136
    62 0 38 65 0 23 34 20 38 59 0 0 0 184 255 95 135 224 217 238 63 114
    255 201 193 255 167 43 110 59 79 26 74 48 54 0 134 255 255 33 147 95
    255 157 180 249 204 231 62 75 147 0 255 255 0 0 43 26 216 128 255 12
    191 0 0 0 237 0 219 0 255 0 248 58 125 94 92 0 255 0 255 0 66 255
    255 240 186 130 241 235 91 35 73 146 192 34 0 105 0 233 230 255 255
    251 0 255 166 0 241 0 105 111 0 255 0 242 3 255 255 0 209 0 0 0 64
    96 205 161 214 87 189 246 175 78 220 0 0 134 29 42 126 103 255 0 39
    0 93 0 201 190 255 75 243 126 229 199 0 32 243 230 69 39 255 0 123
    78 132 255 0 0 93 145 0 112 71 0 124 170 176 0 75 167 102 232 255
    255 255 255 196 34 159 0 246 0 25 0 173 40 188 255 224 157 235 27
    148 214 199 254 243 1 0 213 205 126 122 218 190 212 85 56 105 0 255
    34 213 60 255 120 255 108 113 0 0 0 255 216 202 126 234 0 0 13 116 0
    73 0 10 255 52 230 212 0 44 7 150 255 115 0 182 6 64 255 0 219 0 222
    0 168 62 184 203 244 249 184 115 196 105 128 184 230 116 239 0 122 0
    123 255 0 159 63 70 181 255 255 119 255 61 143 221 198 124 81 229
    193 143 0 188 67 26 192 128 141 150 144 121 255 85 236 0 153 34 255
    195 4 181 35 95 77 0 136 192 0 255 255 255 12 255 255 177 84 93 156
    0 0 26 255 0 13 32 0 57 35 102 157 55 29 255 177 0 214 255 79 255
    109 255 0 178 255 28 0 201 62 143 223 66 255 206 67 0 207 98 56 255
    102 121 62 100 255 249 0 90 255 0 91 255 0 5 0 117 74 0 0 21 255 255
    91 69 250 49 255 143 0 3 217 0 201 26 41 219 136 135 22 0 0 216 175
    14 255 167 135 255 190 38 0 255 85 0 0 0 255 234 188 226 0 0 33 212
    45 92 0 221 234 55 127 65 84 0 0 255 150 0 35 0 68 185 216 103 40
    255 241 200 119 87 170 0 0 170 24 10 255 71 0 255 255 255 111 136
    226 255 255 115 221 240 18 234 255 20 255 255 255 64 63 209 0 0 0
    145 122 37 83 56 108 110 0 255 216 255 0 112 62 57 32 255 42 142 122
    173 0 255 245 0 88 34 135 0 0 255 45 102 207 64 0 20 138 240 94 0
    124 26 92 108 0 254 112 84 32 81 24 255 255 255 255 255 232 175 135
    255 206 255 207 137 206 0 163 7 131 78 133 216 29 40 144 91 0 123
    142 241 178 40 65 182 179 0 182 41 255 244 119 228 108 0 0 63 170 0
    255 255 162 0 15 60 126 45 68 178 255 68 0 48 255 38 255 186 255 0 0
    84 85 255 95 0 255 18 227 212 202 63 0 0 166 243 92 44 97 223 77 163
    81 169 0 126 0 255 72 248 0 62 43 43 247 85 0 255 186 167 0 122 146
    251 0 168 198 0 180 174 183 74 0 255 108 0 0 0 203 52 61 255 239 237
    60 146 0 95 173 0 13 0 4 109 187 99 234 252 0 108 255 255 252 208
    255 255 45 217 237 99 232 0 143 91 183 255 0 186 255 255 255 25 255
    255 0 0 185 85 112 180 110 105 255 145 255 3 255 98 0 150 0 127 255
    137 136 0 232 54 255 62 86 201 250 56 0 125 8 222 255 255 122 36 255
    122 0 255 0 30 0 17 173 0 54 102 0 165 255 97 23 182 108 255 140 85
    17 255 2 0 51 236 0 255 0 206 119 255 238 0 84 204 198 255 0 0 255
    211 154 86 93 202 137 199 41 0 52 0 255 243 73 129 167 0 255 223 77
    164 0 204 74 188 74 255 255 255 25 186 255 197 255 227 156 255 23
    146 87 159 224 0 0 0 111 42 255 255 34 255 255 231 226 255 255 204
    245 120 255 0 255 201 249 0 0 221 193 43 255 63 193 0 255 255 133 18
    242 117 0 255 78 56 75 1 161 53 245 255 13 142 84 242 0 206 84 189 0
    255 66 0 0 51 0 128 255 66 0 191 255 255 45 0 255 255 255 255 151 91
    255 98 91 162 255 0 58 169 203 22 255 92 221 255 221 255 192 218 9
    251 147 0 238 253 255 76 255 195 0 137 0 240 0 144 22 185 255 0 255
    0 0 0 72 0 0 65 0 47 171 255 25 255 146 159 123 132 150 205 89 0 21
    0 0 44 151 94 212 40 0 118 202 255 0 86 255 215 255 38 0 21 15 106
    88 0 122 255 66 115 23 255 255 255 0 0 112 161 198 14 171 187 185
    248 194 24 0 0 31 11 0 75 86 255 0 216 0 255 255 3 76 127 34 22 0 2
    0 239 20 195 34 185 212 0 3 33 238 76 179 70 24 255 199 255 61 255
    255 49 255 88 172 0 255 23 0 213 85 47 234 255 148 210 174 85 255 0
    172 207 242 0 255 0 135 231 25 157 214 230 0 0 0 166 255 0 0 255 0
    93 255 28 0 166 133 84 23 249 255 191 0 74 47 184 180 0 0 111 0 17
    210 102 211 255 228 0 255 172 234 58 0 9 128 148 84 1 255 59 255 134
    255 44 255 93 62 255 0 31 104 255 0 0 255 135 25 80 107 255 0 60 96
    191 0 193 179 90 236 237 95 106 217 0 255 19 161 0 67 10 0 0 7 0 143
    220 79 215 234 255 237 69 9 1 0 236 157 125 255 255 183 157 0 77 18
    18 234 82 67 206 69 255 218 255 255 0 69 255 7 55 104 0 69 255 255
    255 255 255 30 248 230 255 255 10 206 157 255 3 0 106 123 134 255 89
    0 255 194 63 15 233 255 255 145 255 0 119 197 75 255 11 174 52 142
    51 196 22 255 26 13 209 255 255 26 6 255 255 108 255 255 255 166 189
    230 255 243 89 64 88 26 50 223 0 196 69 255 255 66 174 62 88 223 58
    199 0 85 255 111 106 255 66 30 148 0 114 136 223 255 44 186 220 9
    118 141 197 97 255 28 116 78 205 191 203 255 126 120 150 113 150 46
    83 0 0 124 47 210 188 0 135 15 227 162 103 228 7 255 39 24 21 255 81
    255 255 63 12 255 255 141 63 255 29 161 198 105 112 91 41 255 141
    209 0 255 52 0 255 0 202 145 0 219 0 93 0 203 147 148 255 202 38 0 0
    50 0 99 255 91 86 82 216 255 75 77 209 33 235 255 251 0 255 30 9 18
    255 0 0 255 179 199 255 193 0 0 144 0 251 83 94 139 184 149 0 255
    255 36 230 255 255 70 109 196 0 158 255 0 122 255 0 0 255 25 180 255
    0 0 148 255 207 249 136 37 0 255 156 239 185 199 118 99 124 0 46 245
    255 255 37 193 255 246 0 89 109 255 0 205 0 72 0 45 119 176 3 255
    255 255 0 127 107 99 9 104 101 0 43 255 107 43 241 25 0 255 11 43
    255 192 29 117 0 129 126 62 255 255 255 208 31 0 255 163 64 63 0 105
    255 126 0 210 227 0 59 67 213 206 102 255 113 73 64 0 255 121 0 60 0
    234 188 64 219 255 36 89 255 251 207 13 136 137 196 0 2 210 255 171
    119 245 255 254 255 249 0 0 224 153 36 139 90 226 42 160 158 255 207
    255 182 197 52 84 0 0 232 99 0 164 168 217 152 93 3 228 244 188 14
    255 0 255 0 131 0 173 255 255 144 0 180 69 0 46 161 6 92 163 220 101
    132 0 0 129 240 31 36 0 60 43 27 0 246 201 241 179 0 172 60 0 67 0
    194 0 0 22 0 255 255 0 118 255 0 105 88 20 109 194 0 255 17 32 167
    255 174 211 37 255 255 144 0 70 103 126 242 129 161 163 0 7 102 254
    48 255 0 255 27 255 0 128 111 0 0 127 217 75 80 199 60 149 255 0 145
    255 0 219 75 12 67 121 28 35 185 233 95 54 95 0 174 222 255 146 35 0
    189 126 9 255 255 255 169 14 127 214 0 255 112 0 39 175 76 51 167 53
    170 192 0 0 240 30 0 45 255 179 0 255 6 55 168 231 95 255 81 0 177
    255 55 255 100 255 152 0 204 210 160 0 222 172 14 35 154 87 48 246
    255 255 89 84 56 255 255 25 184 255 255 255 180 104 255 247 0 245
    255 0 119 251 0 255 91 245 255 255 178 121 0 84 19 255 109 101 235
    74 0 232 186 222 246 215 255 255 25 255 228 209 164 52 0 181 137 0
    247 19 255 255 233 255 220 255 255 52 0 255 255 0 255 242 255 110
    177 2 3 0 111 238 255 145 125 97 38 240 0 88 207 255 0 0 255 179 0
    58 51 10 26 233 0 103 255 47 125 211 248 35 255 205 12 0 255 35 255
    0 90 198 45 27 0 214 0 0 0 60 0 0 0 133 36 240 14 116 29 26 211 255
    89 215 125 0 210 200 233 0 0 200 131 0 255 181 255 13 146 255 157
    151 194 255 55 113 255 0 132 101 255 64 0 38 62 184 0 195 0 255 38
    73 0 244 255 107 183 255 138 57 20 184 64 186 166 33 0 87 143 200 0
    38 45 168 239 121 35 0 113 144 58 0 126 125 99 90 197 246 108 66 155
    97 0 255 85 56 248 255 237 255 191 149 152 235 255 76 254 237 44 0 0
    93 89 42 144 133 220 0 255 255 135 0 255 255 0 129 13 255 61 255 255
    127 213 134 85 255 110 61 146 127 50 135 28 156 101 162 38 255 151
    75 0 0 50 0 0 226 0 219 255 0 125 0 255 210 24 196 74 0 255 97 0 255
    71 123 230 255 145 142 255 17 216 34 120 118 23 141 79 131 255 177
    251 59 172 214 39 122 223 93 84 237 142 62 14 255 0 146 46 42 70 255
    200 52 255 0 237 137 242 255 0 217 90 3 142 255 188 0 13 113 158 144
    0 255 0 230 58 255 95 0 95 42 0 41 255 124 255 255 136 167 81 34 255
    255 100 131 99 248 0 0 11 156 82 118 0 252 230 74 255 207 0 225 255
    255 244 0 73 0 0 255 211 38 152 168 0 106 255 210 225 255 15 163 193
    103 255 160 0 0 0 147 229 35 165 44 39 0 255 218 12 255 175 225 149
    123 230 70 0 53 90 17 165 181 217 255 59 255 6 255 210 251 187 88
    201 106 0 0 0 0 196 255 255 232 9 152 252 0 147 144 160 0 248 255
    206 241 0 83 6 0 126 105 186 0 255 161 0 0 142 255 121 255 143 31
    242 104 168 86 188 133 255 255 212 255 173 114 119 0 70 189 177 162
    244 255 0 255 128 255 255 0 32 0 55 111 255 255 57 117 0 255 16 202
    255 218 162 4 164 59 0 13 173 119 0 255 255 0 43 201 220 0 35 159
    217 33 7 0 14 0 255 255 255 229 176 235 0 189 95 255 95 254 0 156 0
    87 137 112 84 255 18 157 0 0 154 255 255 0 0 224 255 217 2 255 139
    83 114 0 66 141 240 194 117 0 123 212 255 36 255 168 128 162 255 0
    255 255 123 63 222 251 53 129 80 159 255 250 0 255 41 91 255 0 255
    255 255 255 50 255 108 255 219 0 0 84 0 41 255 69 46 255 199 0 0 255
    121 213 21 31 179 255 71 255 255 167 163 255 50 255 0 73 110 52 34
    139 168 233 86 0 127 30 218 45 255 255 255 240 162 247 226 255 0 0
    21 255 79 85 255 24 108 75 130 0 179 25 41 197 0 112 84 97 91 0 0 0
    13 0 185 80 205 222 255 255 53 155 48 1 0 89 86 235 255 1 255 227 79
    130 0 255 0 120 192 0 31 0 251 212 71 153 92 216 114 0 204 45 4 162
    246 165 122 38 224 249 0 0 0 118 17 0 0 255 234 47 52 176 12 255 22
    215 255 75 79 245 207 47 49 190 255 147 215 217 129 0 0 229 107 0
    169 239 0 255 142 214 61 176 255 255 3 0 0 255 207 255 255 150 71 6
    143 0 73 1 232 0 224 112 171 6 215 0 154 49 13 189 252 206 255 255
    255 45 110 29 134 146 145 12 12 0 123 236 146 33 255 156 0 255 255
    181 180 72 0 42 137 255 0 0 255 133 228 255 146 15 199 255 255 216 4
    0 52 61 255 0 15 0 0 255 23 190 26 0 255 191 255 237 149 255 117 0 0
    55 87 194 255 0 140 69 52 38 195 255 207 139 180 65 137 255 255 0
    255 0 0 52 0 99 100 251 60 174 47 37 216 65 84 117 0 255 115 255 178
    52 179 36 0 242 198 43 128 9 161 255 255 150 192 255 178 255 255 27
    110 3 255 124 255 89 87 0 194 0 0 225 0 0 188 0 137 31 255 84 162
    255 255 0 247 0 255 200 0 147 9 46 255 0 133 213 0 97 255 245 91 254
    0 0 84 0 110 101 0 0 226 65 90 78 0 0 95 99 218 255 225 157 128 117
    21 0 206 227 179 0 186 255 0 255 182 193 75 3 0 36 0 0 255 157 255
    236 182 125 31 214 0 255 145 167 255 255 255 200 0 199 207 232 247 0
    255 105 132 0 37 35 0 99 244 255 93 201 230 76 35 1 72 255 241 242
    255 113 102 68 35 194 205 255 125 0 255 255 7 221 129 145 0 212 0
    238 0 0 255 40 0 96 84 255 0 22 72 117 0 8 0 151 47 0 107 181 118
    255 255 255 160 255 215 79 161 0 145 218 6 18 211 102 21 106 255 0
    191 164 53 3 70 56 0 253 102 164 7 0 255 173 255 38 95 139 255 248
    202 108 255 12 254 67 0 39 127 228 250 190 206 239 8 192 129 206 60
    0 176 112 0 5 203 0 187 248 124 88 159 0 36 116 237 0 0 229 167 123
    71 255 0 237 15 0 182 255 255 101 231 255 174 105 0 0 105 136 116
    248 93 149 0 96 0 39 50 236 0 0 3 255 92 0 173 107 129 92 33 0 37 32
    255 0 97 206 10 255 231 189 6 0 242 196 153 175 0 199 116 20 140 61
    216 255 195 0 56 0 222 0 253 255 0 76 50 213 149 0 111 0 255 255 255
    193 176 141 255 255 118 148 116 149 255 232 11 156 0 254 54 255 0 0
    255 161 56 37 255 128 22 131 75 214 110 28 97 72 22 80 0 255 0 255
    64 83 255 27 112 255 167 40 0 66 255 128 156 255 58 243 32 209 255
    255 255 237 255 255 138 255 249 44 255 128 255 85 255 0 0 206 223 39
    255 255 0 0 255 43 255 0 246 108 117 255 232 135 255 241 71 24 0 0 0
    3 0 133 220 255 159 56 6 111 255 85 0 171 179 255 46 235 0 62 255
    255 210 0 37 88 0 102 200 222 255 255 97 255 244 255 255 255 175 62
    144 7 45 0 234 221 39 119 138 0 7 142 127 237 255 11 226 255 232 255
    241 255 253 218 0 83 255 0 255 0 31 254 0 187 0 153 143 103 255 255
    189 161 106 39 255 183 107 76 217 0 143 236 255 0 0 61 219 149 255
    68 129 188 52 198 18 255 0 178 255 255 227 0 247 255 114 0 111 0 168
    165 194 19 235 126 80 255 206 243 170 165 134 255 16 155 229 0 255
    216 164 255 246 162 255 0 0 255 174 2 66 16 255 0 167 0 0 255 0 0
    230 249 167 0 255 0 240 106 0 179 0 26 1 224 0 199 255 143 156 241
    255 0 145 203 0 0 2 168 145 9 47 255 198 46 0 255 255 90 255 0 0 238
    208 148 189 0 101 0 157 0 140 147 0 79 126 18 255 72 148 171 31 170
    0 0 0 0 255 214 181 255 255 5 255 200 251 255 163 72 0 139 229 249
    42 201 214 255 255 0 0 224 255 124 74 48 0 0 12 246 145 255 195 0 48
    6 81 0 116 255 0 164 52 40 14 25 0 112 22 34 0 77 88 255 255 123 107
    239 96 21 124 128 194 244 255 255 83 255 70 255 25 41 228 209 87 227
    255 255 92 168 255 0 62 99 10 176 249 47 250 60 12 172 101 68 34 191
    84 135 0 149 239 24 105 0 25 169 132 78 239 28 218 0 253 175 0 255
    49 171 86 0 53 207 225 255 236 0 6 232 123 149 116 188 144 105 210
    90 255 148 32 179 242 202 169 0 0 135 255 0 205 0 255 195 167 255
    255 255 66 199 85 255 233 25 107 255 255 81 255 145 238 209 2 134
    255 99 94 255 55 166 157 51 133 145 192 22 99 61 0 68 0 69 255 190
    218 255 255 76 110 114 255 109 253 0 107 255 69 255 104 142 255 62
    73 0 245 151 0 2 123 191 255 0 0 83 125 138 61 64 229 252 195 112 44
    9 255 0 140 0 243 106 23 146 160 255 255 90 232 33 210 50 2 66 38
    178 255 218 157 79 255 209 255 0 85 97 8 26 255 193 33 31 0 31 255 0
    0 221 0 92 0 54 0 210 235 42 255 0 31 213 110 140 109 254 14 88 42
    255 255 224 154 0 211 106 105 255 50 168 0 195 10 57 39 212 33 115
    176 255 0 0 255 255 54 255 14 0 56 0 255 255 84 75 179 190 255 114 0
    120 145 255 201 255 151 0 0 146 75 255 154 137 255 180 16 49 255 75
    69 194 38 36 233 26 79 255 0 66 93 201 191 133 0 125 0 255 98 63 59
    255 160 0 88 0 21 241 135 0 235 0 139 34 137 255 53 139 173 27 255
    41 255 0 168 148 110 117 52 61 50 170 227 0 192 46 0 248 67 227 255
    0 255 0 150 110 52 174 255 208 19 230 255 255 145 147 255 106 66 0
    232 0 0 255 198 128 169 222 13 208 142 255 199 0 229 45 73 33 104
    255 143 0 0 198 243 0 255 174 118 178 132 214 51 180 117 0 143 255 0
    255 0 255 197 255 151 0 213 255 255 255 255 174 0 255 0 243 0 132
    255 66 53 153 162 0 0 86 255 159 144 0 74 0 227 0 43 136 0 0 43 65
    124 0 26 123 187 248 197 107 92 148 89 0 246 85 52 94 0 207 250 255
    86 203 100 255 0 226 0 255 0 255 0 255 44 169 31 0 158 133 76 204
    151 34 59 195 255 113 255 120 48 79 241 0 194 0 255 11 0 2 255 243
    161 0 193 106 0 255 136 14 0 166 255 105 255 161 255 168 4 0 255 166
    0 0 0 0 0 0 0 0 110 39 97 244 0 179 0 138 0 0 255 178 44 255 111 26
    30 138 0 0 176 96 209 255 160 16 26 83 219 248 255 77 87 0 66 112 0
    122 103 166 188 178 153 0 37 0 155 252 0 160 169 250 153 82 170 255
    0 125 255 123 255 102 255 177 255 161 104 0 255 121 234 224 0 198
    114 72 1 123 0 224 52 43 166 108 94 255 255 255 123 226 153 0 255 61
    255 82 228 120 134 185 145 73 0 209 196 0 78 98 0 232 0 209 0 54 196
    13 125 255 177 207 183 74 104 255 0 25 255 255 155 0 255 244 255 72
    78 153 255 255 218 166 0 49 255 129 198 0 250 255 146 255 183 54 0
    79 255 49 236 0 0 147 51 21 255 79 0 255 61 226 255 255 2 3 0 83 54
    255 253 229 77 255 255 65 13 183 255 255 0 100 111 0 148 0 130 0 0
    255 1 210 167 0 0 41 91 8 94 140 255 0 43 255 40 255 0 246 207 0 0
    187 82 0 245 129 164 173 0 181 140 113 245 255 0 255 0 169 255 159
    100 223 0 145 0 88 0 36 113 47 180 165 255 0 42 0 103 255 0 0 0 255
    148 0 168 0 0 0 138 115 139 29 162 75 156 0 50 89 0 214 39 236 255
    57 16 204 236 160 255 0 255 213 0 8 0 79 90 0 38 0 0 0 79 55 164 227
    224 162 255 177 0 255 8 0 41 220 58 86 45 0 90 43 255 255 175 124
    255 232 0 170 255 138 82 0 98 255 255 0 135 42 22 126 167 255 190 1
    128 255 186 200 209 0 7 182 255 15 0 255 255 50 143 255 176 155 125
    255 188 24 255 128 0 177 255 212 11 84 171 111 0 213 255 254 204 170
    0 212 111 96 66 0 0 0 255 255 187 50 255 217 103 39 202 0 0 210 173
    114 161 114 255 0 212 39 69 119 13 0 255 255 96 240 38 118 0 95 255
    0 157 0 71 85 116 107 255 53 175 255 31 70 16 255 238 12 23 65 226
    255 0 140 138 18 0 171 255 0 163 255 84 255 14 0 79 104 0 201 255
    255 255 164 34 163 94 71 10 0 211 255 215 165 0 67 0 28 89 139 139
    154 70 160 15 255 85 29 133 120 170 0 50 168 159 255 255 167 255 255
    58 92 164 228 0 20 255 136 0 0 0 173 0 204 160 255 0 185 255 0 79
    239 153 207 255 72 185 55 168 182 205 162 255 17 48 55 160 241 255
    57 255 173 0 90 114 89 255 255 34 116 255 138 149 84 48 171 255 201
    255 215 29 88 98 24 105 0 82 159 203 142 0 28 0 243 50 225 123 0 249
    255 175 44 255 151 149 244 102 134 0 160 237 0 77 233 0 255 201 255
    137 251 165 255 213 216 4 0 218 169 95 49 166 255 162 255 0 0 157 0
    111 165 0 216 26 82 255 247 43 226 148 0 63 166 14 255 53 144 227
    255 0 255 14 121 202 64 255 222 153 39 255 0 255 16 121 149 230 0 0
    36 29 150 4 93 255 255 7 0 113 229 145 0 61 120 255 68 7 219 0 0 0
    92 255 169 100 64 65 249 254 131 54 255 157 0 31 0 97 203 255 150
    198 255 36 255 255 255 233 118 175 139 52 0 0 0 66 0 157 132 132 187
    255 29 124 255 148 0 104 0 199 0 146 255 0 5 227 201 0 165 255 127
    22 255 4 0 255 171 190 58 0 249 94 255 37 59 255 0 0 255 254 78 255
    36 0 222 255 37 255 255 156 168 16 56 236 0 151 0 15 238 0 37 153
    255 255 255 56 212 117 26 230 93 153 75 255 37 255 211 225 255 71
    255 199 183 209 0 63 255 245 0 255 255 178 185 255 46 0 0 184 255 0
    30 61 0 181 144 196 0 0 250 202 231 255 0 255 246 173 255 74 255 45
    31 150 0 0 14 255 218 82 147 169 255 0 0 0 0 157 255 251 54 0 120 83
    11 105 170 0 194 148 0 106 79 0 1 255 106 16 0 154 122 0 138 75 0
    172 204 103 90 74 40 0 213 193 137 178 223 139 201 250 114 193 128
    42 197 0 174 203 184 117 0 87 66 87 131 0 207 0 255 223 212 65 0 0
    255 0 4 86 0 255 255 255 255 97 14 36 0 228 27 255 5 168 255 255 0
    108 0 200 255 19 102 160 255 226 214 255 255 74 206 206 119 108 196
    17 0 255 36 148 141 255 69 255 99 255 112 47 158 0 210 106 238 255
    255 255 53 187 255 255 208 0 227 161 185 23 210 0 0 149 0 177 6 255
    255 24 0 255 41 255 28 255 0 22 212 84 0 55 255 142 93 255 123 148
    34 0 0 255 145 255 202 3 127 0 169 255 100 50 255 60 255 37 28 195
    138 255 0 68 145 0 0 91 0 0 71 255 49 23 0 143 0 255 147 178 255 36
    36 29 0 58 0 244 0 193 181 224 148 20 255 0 0 28 0 200 253 149 204
    63 40 255 255 59 166 225 20 10 255 133 201 255 113 240 35 59 160 255
    5 50 183 12 23 255 146 255 0 142 0 0 163 0 0 0 44 246 255 227 255
    218 0 255 57 27 0 232 9 255 0 38 52 150 188 236 66 0 243 0 217 22
    239 97 206 17 255 255 255 75 180 255 255 0 98 24 76 168 49 255 142
    151 237 61 27 255 0 0 79 249 80 129 120 0 224 255 39 255 255 0 0 206
    42 93 0 237 106 89 18 16 0 109 4 184 0 0 0 255 59 29 145 95 232 255
    201 255 0 50 255 90 13 36 0 255 67 45 0 157 0 65 255 0 51 204 30 215
    85 0 0 236 0 0 0 0 255 0 25 255 255 255 0 0 0 0 64 0 116 86 57 99 55
    255 255 255 0 255 71 255 0 255 136 97 163 147 226 251 0 45 159 72
    124 255 255 117 0 97 89 146 209 255 73 104 255 245 30 80 0 211 173
    246 255 0 156 30 255 255 255 255 51 79 168 255 96 0 49 5 213 0 193
    235 38 244 233 218 159 255 235 32 62 255 68 180 250 14 217 255 0 37
    188 53 255 8 41 255 0 3 255 10 206 196 235 0 255 0 118 81 142 144
    255 18 57 18 243 63 0 175 0 116 55 92 75 171 194 255 181 139 255 0
    38 206 0 117 100 27 125 0 206 99 194 238 255 88 255 29 201 180 255 0
    81 104 175 48 83 7 61 108 103 189 8 73 255 255 0 180 225 0 228 225
    255 0 216 0 183 0 0 86 255 255 0 47 159 255 181 0 240 23 26 19 255
    210 255 255 0 255 0 236 255 73 255 65 255 85 55 0 141 190 255 73 182
    222 45 255 255 0 255 25 0 84 255 253 0 0 111 56 252 7 99 228 255 115
    160 255 255 13 127 101 18 9 108 255 255 0 255 255 143 69 0 237 144 0
    246 0 3 201 93 156 20 206 255 0 242 255 84 255 184 126 38 186 110
    218 250 0 9 171 28 255 253 31 236 156 42 0 0 46 255 114 255 255 252
    255 255 0 45 255 168 210 0 0 111 0 255 207 184 250 255 0 255 109 253
    0 25 255 239 245 255 0 255 229 127 0 15 255 255 255 82 75 255 255 0
    37 245 255 68 18 71 244 255 76 255 191 218 219 198 152 135 255 187
    239 31 64 255 0 137 143 94 139 141 101 133 255 127 0 77 183 174 99
    255 83 231 181 184 135 255 108 10 210 133 138 15 255 148 255 0 202
    255 110 255 254 0 0 168 255 255 0 255 35 255 255 33 140 87 129 248
    53 96 255 86 255 22 161 0 190 233 163 0 255 242 135 209 11 0 151 0 0
    200 255 237 102 255 0 255 255 12 0 175 224 148 165 220 47 255 232 0
    56 0 49 208 0 109 255 217 174 214 255 89 255 221 185 210 34 3 255 0
    0 64 83 166 255 196 45 32 209 0 138 247 223 255 151 0 176 232 255
    255 119 56 109 236 205 147 86 0 0 180 255 255 242 56 186 255 121 10
    0 37 183 255 255 255 31 154 48 110 45 255 0 151 37 207 13 178 125 6
    29 39 0 204 120 101 205 216 150 85 1 255 255 211 0 255 163 255 109 4
    184 182 0 255 130 0 69 45 159 61 150 0 217 200 156 184 252 58 189
    255 52 145 255 13 255 3 255 32 0 219 255 79 184 228 255 254 255 0
    255 0 255 7 0 203 0 141 188 255 50 92 124 255 255 0 103 255 0 0 245
    0 44 52 0 255 11 82 0 62 37 51 155 0 255 170 192 198 162 255 11 255
    32 255 14 34 214 0 255 255 190 188 45 255 0 0 64 142 0 0 0 0 180 255
    171 0 255 236 179 72 44 75 0 231 255 209 116 40 0 0 236 255 65 251
    12 0 5 58 0 183 0 63 255 37 252 255 187 141 255 0 255 231 82 255 171
    228 215 255 196 30 124 0 0 0 255 226 14 153 0 162 24 39 138 145 230
    178 156 0 106 199 11 145 222 50 228 237 23 255 0 255 40 255 255 198
    174 0 255 142 81 174 228 129 117 0 22 113 218 209 255 92 121 215 234
    93 138 255 131 158 173 165 103 0 91 230 86 181 245 149 0 0 27 0 255
    224 218 255 0 255 0 17 0 104 255 255 92 255 198 83 255 124 24 13 0 0
    0 183 213 0 255 0 255 255 218 1 27 0 255 124 255 255 162 77 209 255
    0 177 110 255 227 235 255 137 0 255 0 176 255 0 222 127 4 136 72 0 0
    57 255 0 192 255 94 100 154 28 241 88 255 40 0 255 255 0 37 255 4 26
    172 134 104 0 111 85 255 0 224 255 0 243 146 153 193 0 207 127 28
    255 193 255 140 255 0 102 0 134 99 7 255 65 255 0 251 11 255 166 0 0
    58 26 181 68 229 84 91 167 22 89 20 141 255 255 162 189 78 0 160 40
    255 175 135 194 241 255 25 81 13 143 255 228 69 0 130 0 135 83 0 255
    65 255 0 227 83 35 109 82 255 255 41 143 158 0 11 183 60 117 169 29
    0 0 255 175 255 127 169 121 198 85 146 103 180 255 70 0 0 255 153 0
    255 183 166 0 244 171 0 92 3 112 244 133 151 62 128 0 86 85 0 211 0
    131 255 0 6 0 5 0 141 232 255 25 255 39 240 212 255 90 0 255 95 205
    84 225 17 0 255 141 0 255 0 53 142 39 51 117 255 45 0 175 9 0 105 58
    249 246 0 0 177 235 0 202 123 255 255 161 0 0 66 0 255 94 0 223 141
    165 164 0 212 78 0 253 255 244 42 195 255 168 184 255 148 36 0 126
    150 100 26 128 90 16 255 255 48 0 211 133 80 255 128 255 163 132 28
    152 94 23 185 0 162 0 255 226 15 255 174 179 51 110 64 211 235 110 0
    255 76 255 174 170 213 32 76 0 131 165 54 255 158 166 0 244 241 0
    172 0 161 117 141 64 255 57 203 255 153 106 178 138 0 196 0 210 86 0
    149 116 0 174 101 113 254 255 0 255 138 135 239 255 135 255 255 225
    62 199 8 0 169 230 255 171 255 0 255 145 92 255 39 0 0 0 0 168 0 0
    32 255 255 246 206 26 10 0 82 155 155 209 15 167 122 0 43 16 88 95 0
    0 221 48 31 177 72 48 0 0 250 27 200 16 221 114 65 0 0 255 0 24 80
    255 0 255 255 0 0 0 208 157 153 104 0 160 124 132 216 52 122 255 48
    58 255 17 0 13 0 212 233 0 0 46 148 242 27 0 136 94 86 98 255 255
    255 255 130 176 159 45 0 170 17 212 67 0 255 231 217 0 0 117 179 1
    118 0 134 255 33 115 77 0 46 60 17 255 0 18 41 255 5 239 255 26 0
    255 87 255 129 0 216 78 0 236 76 105 101 164 255 105 10 88 197 115 0
    160 255 122 0 255 24 113 0 220 145 30 255 255 0 0 255 167 175 205 0
    255 241 223 255 0 255 0 53 255 221 255 0 121 230 17 81 9 213 255 255
    255 185 0 255 0 0 140 141 0 255 3 105 0 79 203 235 208 119 0 255 0 0
    0 255 88 120 255 255 108 110 5 170 255 255 255 249 145 145 255 255
    239 55 143 196 0 235 0 147 255 69 255 255 99 0 234 255 0 48 255 221
    147 248 255 255 0 223 182 255 3 0 0 231 0 75 11 255 0 255 6 244 17
    255 207 200 229 137 255 177 156 255 255 40 237 19 255 255 193 125 61
    15 255 53 158 255 119 70 255 0 136 209 0 0 49 190 0 50 255 148 255
    183 142 252 0 255 255 0 47 0 0 0 191 117 226 47 167 226 15 0 198 76
    217 232 234 0 91 16 38 25 114 129 227 220 202 150 0 66 0 0 193 230
    54 255 151 87 255 189 255 255 244 207 130 215 166 103 0 0 255 73 19
    255 198 14 206 124 44 115 198 93 87 52 0 0 255 58 192 133 53 0 84
    255 138 0 42 12 255 255 255 143 168 0 255 255 254 243 72 212 36 0 0
    233 0 255 213 83 255 0 226 83 135 3 127 207 0 255 158 31 118 0 0 139
    0 61 201 255 253 14 146 175 0 0 129 183 255 189 56 127 196 159 255
    234 229 238 181 142 255 121 92 148 0 255 77 0 0 50 255 255 4 255 22
    203 0 255 0 206 255 105 56 91 221 96 0 48 214 0 47 0 255 136 133 255
    19 255 0 0 64 64 0 0 147 17 12 193 145 0 78 0 130 244 44 187 79 0 0
    104 0 255 255 0 0 201 148 0 0 175 228 255 100 222 181 255 255 230
    255 86 249 167 0 160 167 177 211 255 0 91 189 170 238 0 255 241 93 0
    35 116 60 255 0 0 45 129 188 8 255 42 211 45 0 155 0 0 71 95 190 0
    255 0 0 0 144 0 118 151 0 194 179 255 6 196 0 76 0 215 58 0 170 0 0
    96 0 234 211 0 255 255 255 172 0 200 110 90 119 97 255 238 255 136
    86 151 7 142 54 60 114 233 19 98 255 5 58 152 255 125 255 164 108 43
    123 255 186 237 0 0 199 0 201 4 0 138 0 96 120 255 255 0 168 131 29
    0 0 157 193 0 255 205 23 110 255 0 209 0 78 0 255 255 0 141 17 194 0
    0 20 0 18 164 0 255 0 186 0 146 40 0 88 0 0 0 203 112 86 255 0 131
    235 245 255 255 195 62 0 255 140 176 255 0 0 210 0 189 0 185 56 60
    152 13 65 0 250 205 102 56 148 124 0 149 255 159 217 255 253 1 46
    255 255 157 131 0 0 129 124 0 13 219 122 0 4 104 147 255 80 167 4
    255 159 85 67 20 98 3 0 24 0 255 5 255 233 255 47 255 0 52 0 22 121
    224 255 255 0 0 255 255 109 0 164 90 101 255 227 255 0 255 165 97 17
    255 31 3 189 125 19 83 0 0 0 75 255 187 191 255 97 64 44 0 168 255 0
    190 21 179 0 88 195 19 0 220 228 7 232 0 71 160 89 70 134 222 171 54
    150 206 199 0 167 202 0 108 154 223 255 255 0 0 25 0 0 200 255 176 6
    185 155 174 246 255 117 98 214 188 138 218 255 11 130 47 0 0 0 0 201
    14 119 255 234 220 181 46 255 125 189 86 60 255 145 20 187 210 0 0
    29 255 0 255 255 0 184 249 182 0 116 255 0 212 71 160 241 44 0 42 0
    255 184 65 255 0 107 0 67 255 10 225 84 51 195 152 57 236 255 106 40
    39 22 123 244 165 0 157 73 213 255 255 255 210 0 21 218 86 0 0 255
    192 255 75 0 116 94 143 227 0 167 0 0 232 30 69 20 116 41 169 87 212
    214 130 255 185 0 255 196 149 45 8 184 255 165 189 238 48 10 255 255
    58 186 255 21 211 72 255 0 0 0 251 0 255 188 0 127 31 22 0 115 133
    29 173 5 82 100 149 255 255 47 212 193 172 255 17 255 224 77 36 115
    141 255 191 102 203 0 109 82 12 136 0 238 58 82 84 225 255 96 0 0
    178 75 28 78 146 222 0 255 164 122 255 85 207 93 61 98 0 146 208 173
    21 255 162 255 162 96 148 0 27 255 99 182 74 36 216 0 255 0 1 31 255
    167 83 255 0 115 162 190 78 255 243 80 216 232 255 206 255 118 10
    255 74 0 72 182 248 0 21 174 255 68 84 255 255 255 255 0 2 110 237 0
    251 125 29 255 71 255 149 6 255 175 202 171 134 92 255 65 55 213 0 5
    212 255 255 147 198 84 255 0 185 209 180 0 177 255 115 255 79 212 0
    255 155 0 182 255 0 2 255 20 0 255 87 0 255 196 0 214 0 45 255 230
    255 83 255 19 25 0 213 110 101 255 0 250 139 157 42 83 255 255 107
    22 75 31 38 0 224 163 0 255 22 12 251 51 161 163 52 108 255 0 5 96
    255 156 67 0 0 216 127 65 255 255 41 212 232 171 253 133 255 34 0 0
    0 0 142 169 255 255 135 234 181 255 212 210 0 0 91 0 80 0 66 253 0
    179 235 164 39 105 0 0 111 194 0 255 53 193 121 0 255 177 255 197 50
    35 29 13 0 82 66 22 237 222 145 39 255 233 232 255 82 112 142 255 16
    255 0 255 206 241 0 0 164 178 187 49 168 247 171 203 255 53 255 58 0
    139 0 0 90 0 255 42 207 155 255 0 50 0 61 255 183 173 0 42 255 50 11
    255 255 76 222 153 221 211 140 173 21 20 244 255 48 0 190 0 69 223
    159 178 255 255 0 0 193 244 207 0 135 189 0 133 76 126 146 75 21 108
    153 70 184 55 255 214 67 238 45 175 131 16 51 51 85 0 0 255 204 0 0
    255 39 255 177 223 187 255 107 181 168 82 66 0 46 197 0 57 230 47
    124 70 29 2 255 246 0 255 255 47 238 118 248 62 123 137 241 84 145
    12 255 15 201 246 135 255 174 224 255 12 0 64 0 29 38 255 255 255 15
    255 33 0 95 187 255 255 107 0 0 209 0 123 236 89 255 255 117 254 108
    111 136 240 130 255 103 255 85 122 120 35 255 52 0 66 255 0 156 56
    71 147 26 255 255 86 180 167 89 129 125 83 0 88 199 81 195 255 221
    255 115 189 255 2 166 87 231 0 103 255 93 235 148 11 126 0 199 255
    217 169 167 58 255 0 255 97 0 197 255 69 255 255 235 114 255 255 0
    255 222 242 252 84 255 18 31 202 71 255 202 0 245 42 255 154 70 255
    255 97 13 255 36 0 39 182 0 0 255 76 235 255 255 54 220 255 251 249
    130 124 229 0 255 255 255 218 255 104 255 255 194 255 62 255 7 255
    171 192 205 0 178 43 58 0 255 1 0 17 128 0 82 228 0 255 136 128 255
    178 193 21 53 95 255 0 236 132 255 46 225 179 253 114 16 129 126 170
    203 229 255 171 216 127 212 50 0 237 28 255 140 185 167 103 0 80 254
    0 0 174 173 168 61 193 19 155 243 156 138 255 253 0 208 156 255 153
    95 233 132 60 250 111 209 0 118 158 61 248 0 170 0 162 56 0 60 0 14
    51 77 255 221 6 255 157 0 145 255 104 255 167 216 132 151 88 0 255
    50 130 119 241 255 62 255 22 30 181 146 32 5 41 255 0 223 4 46 202
    255 4 165 25 223 0 52 78 255 0 255 154 250 255 35 255 255 0 255 255
    212 59 6 107 0 119 13 68 198 120 59 0 76 245 67 0 0 245 252 0 27 226
    37 223 11 120 255 0 111 0 251 145 255 109 11 233 255 0 51 255 247
    123 0 80 255 0 0 255 235 250 180 44 15 0 229 118 255 255 21 0 255
    244 63 134 204 233 255 255 86 52 53 79 0 0 214 216 101 194 255 237
    243 0 253 119 0 244 0 255 18 191 55 9 153 25 255 181 255 71 0 0 0
    232 65 0 89 180 0 237 135 15 0 139 227 218 255 237 255 0 180 136 90
    132 57 132 59 255 255 0 128 53 168 65 254 0 0 0 0 149 151 219 213 0
    255 235 126 58 255 0 255 188 138 187 76 0 63 221 255 38 255 53 22 42
    123 255 255 174 215 0 0 255 255 255 168 0 196 0 204 0 87 190 0 255
    118 149 34 232 0 0 255 55 218 165 255 220 182 0 255 189 179 37 136
    239 102 229 60 71 255 16 255 134 12 162 216 193 10 0 170 255 0 144
    144 0 199 110 106 255 28 29 255 255 145 255 70 134 0 140 124 46 0
    175 134 164 85 54 21 29 255 241 231 134 133 144 1 0 251 48 255 228
    76 252 0 0 11 240 0 0 131 165 165 171 255 133 174 161 46 255 142 59
    130 12 159 161 34 52 0 151 173 255 0 21 255 0 29 46 114 123 0 162 0
    0 95 12 10 138 0 101 255 163 192 86 192 230 239 203 43 255 255 124
    68 255 255 190 255 255 0 221 177 55 255 217 245 85 0 224 97 44 164
    166 218 199 255 237 0 255 128 62 232 133 0 43 189 24 33 167 0 255 0
    88 31 155 0 45 255 147 56 106 255 146 77 0 42 255 0 0 0 166 0 59 236
    204 0 47 0 164 255 23 151 252 113 153 155 70 243 0 61 87 250 0 47
    226 166 113 133 191 4 32 180 140 0 106 157 255 173 35 196 255 179 0
    44 0 58 0 183 130 0 255 217 69 50 0 136 128 58 195 219 0 125 109 0
    170 75 5 255 255 255 14 0 46 226 198 74 91 206 192 0 255 116 26 243
    178 90 206 100 0 68 255 0 0 230 255 112 143 123 255 255 255 193 0
    215 214 123 47 130 154 255 6 107 255 45 236 0 0 95 85 170 0 146 93 0
    146 200 255 255 159 37 255 238 255 255 255 0 209 155 107 213 255 21
    0 129 157 0 52 255 145 142 0 255 38 90 180 42 250 0 164 153 0 110
    100 199 255 251 136 255 2 255 0 210 255 0 226 255 161 0 69 0 129 0
    73 23 61 0 184 222 5 131 201 213 0 248 167 55 0 255 0 62 255 240 241
    255 24 0 146 255 26 204 0 171 147 255 211 109 241 255 138 0 0 100
    255 172 100 50 0 144 4 0 0 0 201 255 55 149 166 183 182 0 255 194
    119 0 50 43 0 0 123 151 113 255 9 119 255 97 217 189 108 13 39 252
    221 89 255 0 255 131 221 136 219 104 187 255 102 129 0 87 83 25 255
    112 156 157 14 39 229 235 6 0 255 32 255 255 0 0 255 202 205 255 83
    205 6 140 0 148 64 198 25 0 163 255 255 74 17 254 238 153 255 255 10
    255 0 94 133 92 122 144 134 124 9 255 255 0 32 108 161 255 255 1 182
    234 255 212 242 183 0 255 74 0 22 255 0 255 178 221 80 245 224 48 0
    0 255 255 226 187 40 60 232 97 180 95 19 206 78 86 115 114 59 3 138
    163 29 175 254 158 146 203 190 255 140 247 156 79 246 79 0 55 42 180
    222 98 255 129 0 22 118 131 0 97 37 43 136 0 229 0 255 255 147 35
    128 49 255 107 0 241 47 129 24 0 149 255 255 0 0 116 118 72 0 0 195
    141 113 63 47 247 0 136 33 26 133 227 255 111 115 255 58 213 255 232
    0 146 11 208 35 255 249 200 209 141 255 255 180 255 195 255 13 0 184
    0 255 48 255 221 0 29 253 101 76 211 247 231 44 29 228 12 115 0 22
    45 166 255 69 111 255 144 255 225 0 40 111 0 75 109 46 255 17 197
    255 57 0 214 144 0 159 60 0 0 111 180 24 66 255 1 247 189 243 255
    209 255 15 255 0 85 0 0 96 255 0 216 156 6 0 49 142 196 187 255 79
    255 79 107 9 76 108 255 255 235 0 224 174 121 59 102 106 0 255 80
    193 6 0 255 249 63 0 255 16 0 255 0 112 195 202 254 255 141 233 176
    215 217 198 234 0 48 231 1 37 125 207 63 220 0 16 211 147 0 0 255
    129 255 109 215 161 210 8 85 87 207 0 0 0 65 26 39 255 137 255 0 132
    149 238 156 255 255 255 255 123 227 48 247 0 85 232 0 255 255 255 3
    79 227 82 146 0 130 6 161 255 223 109 255 255 0 59 255 255 255 237
    122 100 0 21 255 235 158 0 0 255 255 97 58 255 189 176 177 255 239
    18 126 0 212 129 119 35 0 103 3 58 0 255 140 136 41 75 255 142 255
    27 14 48 214 117 45 35 226 117 38 0 255 0 22 0 70 114 122 45 0 255
    66 217 248 28 189 255 255 19 16 9 243 81 115 0 249 2 255 0 0 255 0 0
    144 255 208 192 213 255 51 255 186 16 255 30 118 0 1 0 0 93 43 0 211
    34 181 255 255 255 69 237 102 255 224 71 205 107 255 0 0 211 0 233 0
    140 90 203 255 255 79 192 232 255 255 255 221 0 249 0 243 156 255
    255 41 255 209 0 0 161 140 178 100 227 81 255 0 0 100 232 160 18 255
    131 61 77 58 242 192 224 229 219 153 255 0 0 255 255 92 166 255 21 0
    70 248 136 203 62 0 99 0 185 210 255 255 83 0 195 238 0 16 77 0 21
    255 149 31 255 141 255 255 137 152 240 255 255 0 162 154 39 209 255
    90 0 29 42 0 61 0 92 157 255 168 0 255 153 0 0 255 0 255 255 19 1
    255 68 224 0 0 82 255 255 186 255 149 255 55 0 52 26 112 255 0 255 0
    254 3 255 105 45 0 253 3 19 38 237 173 0 83 146 143 255 20 189 245
    255 108 22 95 165 18 255 248 115 19 225 236 0 255 84 136 4 255 0 73
    180 207 52 36 142 103 24 255 143 69 0 51 0 0 173 23 140 255 0 33 117
    30 255 5 114 116 255 204 0 0 255 255 255 236 244 202 226 211 194 207
    57 36 0 74 209 0 152 90 74 177 255 54 46 11 25 152 6 0 109 249 198
    246 30 141 255 230 0 153 118 84 162 238 255 67 152 0 251 81 166 255
    5 0 236 11 42 255 200 128 0 0 209 0 255 102 255 255 235 179 0 237 9
    105 88 89 155 240 0 0 255 255 231 0 0 0 1 168 137 0 38 255 247 0 199
    121 0 255 60 214 143 0 105 250 0 74 194 0 15 84 128 120 23 82 255 0
    22 152 213 0 220 227 162 0 255 164 255 255 214 255 255 40 215 0 93 0
    127 161 0 239 195 124 167 74 11 203 255 173 8 54 255 0 48 0 255 0 0
    232 0 39 49 4 25 255 206 255 17 0 0 106 50 0 59 27 254 173 0 30 72 0
    93 255 255 145 77 124 107 72 144 192 212 27 247 157 70 255 255 105
    65 255 0 255 0 187 255 255 36 251 251 222 183 188 228 10 36 53 247
    255 194 255 255 139 156 213 255 224 211 255 255 158 255 160 141 213
    200 161 120 255 229 0 24 25 0 89 67 73 172 172 102 64 0 104 0 25 198
    0 40 52 255 86 0 239 83 255 95 255 243 0 255 0 0 0 0 234 173 255 222
    84 222 165 38 255 42 14 255 244 88 6 0 191 129 255 0 3 18 243 0 0 0
    183 139 0 0 124 0 126 127 0 255 24 66 221 79 70 12 255 255 142 255
    255 255 0 204 154 0 245 98 171 0 255 59 185 0 255 116 143 255 147
    102 255 255 255 246 172 215 190 61 8 255 136 255 93 217 35 255 55
    255 203 255 219 0 0 175 0 206 251 255 30 95 184 255 150 165 15 255
    47 184 255 255 103 74 103 255 237 0 0 255 0 0 148 129 5 255 61 255
    122 41 0 85 119 255 114 34 58 23 241 186 138 255 250 214 64 255 10
    171 243 255 56 241 184 74 0 255 219 15 0 224 68 0 255 255 175 80 177
    16 176 255 0 0 255 189 197 255 137 40 142 255 229 0 254 255 255 94 0
    126 152 255 23 197 255 0 84 115 0 255 196 58 213 0 122 0 0 215 132
    98 255 255 180 211 219 255 21 50 240 100 255 255 132 37 89 236 15
    172 255 0 255 109 249 0 238 193 251 255 255 59 165 111 255 168 144
    231 184 203 250 92 96 0 92 115 255 124 255 0 255 214 76 233 146 0
    179 0 146 91 255 67 255 255 72 255 7 8 255 0 96 103 197 213 255 52
    112 180 0 135 127 255 132 8 239 0 0 73 21 146 121 255 108 162 50 7
    121 90 196 120 0 255 0 255 134 140 255 231 255 224 174 182 37 0 163
    100 142 0 255 199 158 150 255 224 57 150 191 255 32 163 138 78 100 0
    0 5 24 129 255 102 169 91 140 255 189 0 0 0 255 255 255 161 0 90 214
    247 79 255 46 211 131 176 255 78 246 224 108 243 173 116 138 72 0
    163 142 0 118 1 178 18 70 255 255 234 123 69 75 0 0 34 125 253 0 255
    0 18 168 28 17 255 77 255 255 3 183 0 255 110 193 128 93 84 0 255 0
    248 76 192 20 100 159 178 40 203 221 154 0 0 37 0 92 153 37 194 201
    2 247 117 228 102 200 86 0 11 255 186 166 255 0 255 3 197 186 0 41
    174 123 29 235 0 43 255 81 0 101 160 94 96 1 116 0 0 243 0 116 88 7
    171 0 255 0 199 255 0 211 255 197 0 185 244 0 244 0 232 0 44 31 0 0
    0 100 202 70 255 0 255 192 39 208 160 202 194 233 0 243 0 239 21 0
    160 87 66 99 209 0 181 245 0 179 146 0 3 165 50 200 218 107 147 56
    170 0 210 0 105 254 68 50 0 0 155 103 126 244 255 0 0 0 0 40 255 255
    56 255 255 0 1 69 160 255 147 183 0 0 217 5 193 154 255 242 0 57 191
    207 114 108 0 0 137 244 12 255 65 240 61 71 250 192 0 0 169 255 74
    255 0 255 192 0 28 0 0 227 79 107 96 255 0 180 255 113 18 255 255
    255 118 32 0 57 0 0 164 0 135 195 59 255 23 255 62 178 208 100 0 255
    0 144 32 22 44 56 226 10 255 97 0 93 228 255 143 0 255 255 255 250
    244 255 73 104 0 255 252 0 0 255 21 255 12 220 27 0 124 132 255 186
    72 3 0 0 253 0 182 255 231 0 244 252 230 87 188 80 255 165 214 118 0
    154 0 0 107 0 12 255 0 240 132 112 255 0 255 0 163 255 0 221 91 255
    20 21 79 30 43 253 0 97 188 182 238 255 0 139 105 242 114 233 243 28
    0 192 14 79 192 167 210 255 0 246 214 236 1 210 234 0 65 14 118 255
    20 0 98 255 149 255 156 255 8 255 255 255 157 167 159 30 0 45 46 62
    216 0 0 41 2 8 250 159 243 213 84 148 255 197 44 228 0 0 206 83 255
    255 107 255 0 0 255 115 0 114 255 81 15 0 221 148 57 0 255 255 232
    255 47 255 166 255 93 222 44 255 0 95 255 188 255 30 102 188 203 35
    0 0 255 255 156 98 0 5 215 0 0 13 84 255 191 191 0 39 167 188 86 154
    255 246 0 255 136 102 0 0 255 255 99 154 142 106 21 207 3 0 244 112
    67 208 0 112 251 160 0 145 255 88 125 55 0 46 194 20 255 0 255 78
    255 231 0 229 0 255 0 126 31 0 255 201 118 66 108 0 181 0 98 255 0
    175 234 0 220 141 0 255 76 158 7 135 98 191 143 24 255 135 0 73 232
    0 181 255 145 3 205 0 108 255 134 151 255 255 81 198 154 221 54 105
    255 0 156 5 197 255 255 112 0 96 178 255 34 181 255 39 28 255 34 217
    178 0 89 60 52 50 94 6 28 255 255 199 116 0 231 169 175 183 225 247
    189 0 87 142 246 255 0 101 60 255 0 0 113 39 188 150 0 243 215 103
    121 0 255 255 255 189 91 88 255 79 105 255 85 213 255 0 16 191 165
    135 103 138 40 255 150 123 147 255 255 177 101 118 12 241 255 89 202
    201 66 16 0 0 50 56 255 31 0 255 149 96 255 175 226 255 0 255 212 0
    255 255 40 141 17 243 0 255 32 150 28 255 59 255 201 0 185 131 0 111
    255 0 18 0 150 43 162 6 41 77 255 0 255 255 255 0 0 44 83 142 0 40 0
    187 115 164 0 64 164 56 92 120 0 255 0 0 103 17 181 255 112 167 255
    0 255 255 0 129 17 255 0 220 1 20 181 0 115 153 145 0 0 111 0 208 0
    255 121 9 104 142 154 255 169 0 210 87 255 224 62 217 89 231 179 0
    255 61 0 192 177 255 0 152 0 254 138 41 36 0 8 255 94 255 0 255 255
    126 255 238 48 0 187 0 235 255 255 75 0 255 0 218 0 0 179 70 135 255
    255 255 0 0 145 255 64 255 165 246 199 14 24 255 4 21 88 149 0 196 0
    255 29 210 235 230 138 238 255 142 254 0 198 220 0 146 254 255 110
    75 255 46 255 0 255 0 25 0 182 210 255 154 255 0 103 246 38 93 255
    28 255 91 189 1 247 255 115 0 85 255 156 238 255 27 0 11 255 245 255
    50 106 143 5 255 247 0 115 0 10 127 127 255 112 244 118 30 243 173
    83 254 0 255 174 80 135 255 115 204 58 130 242 92 0 128 85 226 126
    203 84 4 100 255 172 148 16 252 255 243 204 172 0 141 107 128 143 0
    218 232 0 83 0 172 255 16 0 0 0 109 40 63 156 59 219 198 0 231 177
    89 255 255 0 255 222 0 202 86 142 88 111 85 135 255 255 0 33 111 170
    39 254 145 131 255 19 97 0 0 146 0 255 108 169 0 248 0 17 74 255 198
    0 140 198 255 225 203 173 255 121 192 151 0 253 255 192 28 255 255
    65 255 145 147 0 0 136 123 196 93 255 91 0 255 33 147 0 177 255 129
    0 138 0 121 54 0 175 103 0 119 54 129 6 0 255 4 0 88 0 0 106 255 20
    255 181 57 87 0 144 176 81 0 255 0 128 0 255 41 235 60 53 231 70 247
    106 0 159 207 248 255 165 0 0 76 0 78 153 255 255 46 22 255 56 250
    241 255 215 9 0 0 131 255 255 178 210 255 120 36 12 61 162 192 0 255
    79 246 0 186 36 124 73 119 138 164 201 215 75 0 59 255 197 234 33 0
    255 255 154 255 26 0 80 13 232 0 251 240 186 200 95 0 255 255 255
    255 228 255 65 48 73 151 48 0 203 65 38 183 255 126 70 210 0 92 240
    0 168 212 217 61 115 255 62 49 33 255 163 2 8 181 150 195 0 91 255
    212 0 177 0 66 133 49 82 36 36 160 196 201 1 150 32 0 11 97 0 229 0
    66 255 125 216 45 0 131 55 129 0 117 179 198 47 173 205 163 0 0 0 0
    0 183 108 38 0 95 158 98 0 255 50 255 0 0 0 215 0 227 213 215 0 225
    193 202 113 177 250 205 54 255 39 243 123 26 255 190 255 195 0 255
    130 205 78 255 0 0 0 0 0 201 255 0 241 0 255 92 64 153 240 0 197 35
    255 255 0 114 129 78 151 4 194 33 0 61 255 100 71 7 60 251 2 182 144
    197 255 255 0 171 0 0 193 195 164 255 19 34 139 255 148 42 103 235
    255 144 255 51 148 0 187 223 0 203 0 218 125 165 133 0 0 156 9 111
    103 0 255 44 24 49 20 83 215 255 49 255 255 151 217 255 17 255 0 0
    255 0 243 49 168 179 0 255 0 205 235 148 184 255 133 119 0 0 141 0 0
    0 51 211 255 167 255 209 87 79 255 123 0 0 145 238 35 216 255 255
    155 28 0 177 128 195 10 0 204 3 185 36 198 215 229 255 255 31 233 67
    10 254 101 204 27 255 127 17 241 0 86 86 223 255 48 181 113 26 128 0
    211 58 40 0 40 248 0 51 213 188 74 24 115 57 0 255 219 195 255 244
    255 105 160 236 255 0 255 179 157 132 162 216 255 52 0 0 13 4 0 255
    255 0 177 204 156 0 0 0 234 255 106 78 0 225 140 66 124 112 0 218 0
    0 67 215 234 164 182 185 0 154 162 196 255 255 94 243 0 0 138 40 40
    153 0 218 56 0 138 162 255 91 255 255 81 95 0 0 220 255 0 0 29 164
    255 152 255 87 203 130 192 149 255 0 221 54 0 132 50 255 56 253 255
    255 193 73 255 187 68 139 197 162 255 88 1 150 0 237 6 222 56 255 0
    0 0 195 219 0 170 255 206 255 114 29 109 0 0 0 255 74 222 246 252 0
    212 28 249 162 114 56 32 182 0 0 65 0 0 150 5 70 0 141 60 0 255 39
    48 0 255 227 250 0 0 0 0 0 225 44 198 255 255 190 97 255 0 0 184 68
    0 165 47 173 0 0 53 255 36 71 226 31 0 255 86 0 0 148 174 198 165
    100 63 0 0 72 100 88 0 27 165 123 51 255 120 81 79 153 0 75 39 148
    194 73 58 67 107 49 255 213 0 255 255 9 179 111 90 0 134 102 255 173
    0 230 139 98 0 0 182 16 255 0 166 169 226 255 98 247 255 0 125 0 221
    220 20 196 255 255 255 89 204 226 166 255 68 64 0 82 14 219 201 255
    252 0 174 45 255 0 142 212 143 206 152 255 0 255 0 45 87 0 209 118
    111 156 11 0 33 47 0 17 0 255 255 71 234 44 0 0 181 255 51 255 255 0
    255 255 223 65 0 255 255 0 7 193 255 255 255 255 255 0 0 68 41 0 148
    43 226 255 255 0 255 160 156 157 0 106 98 0 0 52 59 219 255 83 228
    78 255 201 252 31 249 142 188 33 0 145 74 243 175 83 0 211 255 0 255
    122 55 0 2 234 45 0 159 255 219 224 254 255 24 39 22 0 0 192 0 221
    111 6 74 255 102 187 255 225 27 249 255 255 255 255 255 197 0 0 50
    26 214 0 128 61 235 114 47 97 0 187 107 255 0 214 190 0 0 63 194 182
    54 255 146 71 216 255 120 255 247 53 0 202 253 99 135 8 0 255 0 212
    98 56 188 82 0 179 138 0 221 5 95 154 0 88 0 121 100 197 255 0 255
    146 197 255 60 0 195 255 227 255 22 198 17 255 41 0 0 0 0 0 246 172
    132 64 184 252 70 46 255 56 252 0 0 139 255 102 255 0 250 255 0 0
    252 33 78 59 51 72 10 215 0 235 146 143 0 255 115 255 0 0 255 148
    255 104 0 145 246 0 244 255 153 112 204 253 32 117 97 0 98 115 1 215
    0 0 231 246 188 120 4 0 0 45 139 13 0 0 0 255 255 15 195 255 0 0 207
    0 50 60 255 207 255 67 238 21 178 255 180 56 237 147 180 0 169 97 0
    0 3 9 196 0 0 173 115 106 177 255 72 44 128 0 255 255 255 186 61 236
    255 0 96 221 94 89 169 92 70 255 36 0 151 255 255 62 243 235 0 213
    255 0 252 0 31 134 126 209 76 255 114 22 255 0 201 199 48 0 131 8
    255 255 154 102 233 176 255 255 0 0 210 0 102 255 222 55 255 49 194
    95 228 0 67 220 172 151 24 33 10 255 214 230 0 255 148 0 246 58 96
    166 0 74 249 161 144 54 146 255 54 0 162 47 38 255 0 123 171 132 135
    44 255 69 166 238 178 44 255 255 182 0 234 0 121 255 255 56 120 151
    192 0 78 0 23 0 255 15 33 88 0 149 45 0 216 0 255 0 142 55 255 122
    239 230 0 0 0 29 255 50 109 229 180 210 255 66 221 255 255 87 72 26
    245 204 197 225 118 0 226 95 50 143 171 147 0 126 18 0 0 0 0 0 250
    100 231 255 20 109 255 231 253 0 0 92 255 105 68 148 221 0 0 255 202
    0 0 247 255 8 72 129 255 0 255 255 41 199 9 164 33 0 255 0 150 255
    130 0 0 39 0 22 198 214 182 13 255 0 15 0 125 253 255 24 255 255 200
    250 113 255 238 165 122 216 143 163 0 0 241 0 0 255 66 0 160 129 255
    25 206 0 122 11 75 0 160 175 113 139 228 36 255 0 188 53 161 255 184
    86 0 125 185 166 170 215 37 57 255 0 0 197 157 255 171 0 0 47 208 0
    255 239 42 255 107 191 255 255 0 0 255 125 177 211 255 57 157 139 0
    163 177 0 135 210 150 226 106 0 0 82 255 177 255 146 176 255 174 0
    255 90 222 255 65 20 255 206 255 115 172 255 255 187 255 0 255 130 0
    153 94 255 255 202 91 255 255 255 98 154 0 0 231 150 118 255 84 43
    255 255 203 6 50 121 129 0 255 255 152 0 201 165 255 37 76 176 255 0
    162 58 255 200 42 232 0 255 250 30 255 151 141 180 165 110 147 210
    140 0 117 0 255 211 27 255 131 55 0 255 77 35 0 165 0 212 255 255 0
    255 52 255 11 177 0 0 63 0 13 85 183 30 154 255 255 81 255 194 255
    248 255 0 60 0 255 0 74 255 0 91 205 0 255 128 255 217 255 247 147
    97 229 173 231 255 85 9 0 0 77 240 52 173 178 0 0 241 117 0 222 255
    109 255 210 252 244 115 255 139 0 255 255 190 239 157 242 0 0 0 241
    5 65 0 20 0 255 68 130 255 95 143 140 0 0 135 163 2 0 8 255 23 208
    101 20 255 255 197 255 8 5 209 186 121 254 63 0 119 254 0 0 189 255
    222 255 16 223 255 0 53 25 0 0 178 0 186 131 0 170 4 2 255 7 228 255
    255 247 216 138 41 0 104 213 209 221 255 71 227 239 147 115 192 255
    86 255 1 20 214 0 0 29 2 196 88 255 200 202 117 71 255 255 141 245
    255 131 255 187 78 255 107 255 135 0 0 0 33 135 255 135 63 255 228 1
    136 255 0 255 255 176 106 202 255 231 255 0 40 152 249 229 168 72 0
    255 255 0 86 255 116 255 0 255 14 58 255 29 255 216 205 35 255 236
    142 188 0 17 242 0 19 0 102 255 255 0 95 255 36 56 0 31 0 105 108 18
    0 157 255 0 0 95 236 255 0 182 143 165 0 156 255 0 255 198 210 237
    110 183 65 162 255 171 218 21 1 219 133 133 76 0 219 222 255 72 255
    89 170 255 255 236 0 255 0 24 72 98 0 200 31 51 0 252 36 27 155 22 0
    123 255 0 0 255 121 99 232 255 208 243 231 255 167 255 178 57 145 52
    227 75 0 0 237 50 57 255 255 255 185 128 152 249 130 215 255 0 24
    100 90 67 0 20 0 255 96 76 66 90 255 228 255 147 0 95 2 0 191 255 0
    255 255 255 225 255 255 251 81 128 47 0 0 57 177 15 255 255 255 0
    255 255 255 255 255 63 50 12 246 255 201 141 21 255 27 126 255 238
    90 184 255 0 0 241 0 32 104 0 154 255 121 46 175 255 14 0 35 209 0
    88 255 255 15 157 57 135 120 237 83 19 4 255 39 67 224 255 255 106
    161 255 202 99 88 0 108 149 79 25 0 119 0 105 0 134 123 0 136 9 123
    255 51 255 255 255 91 175 0 9 71 166 42 69 74 199 228 188 255 255 2
    17 205 121 119 0 32 27 255 255 248 205 111 222 106 218 106 4 194 131
    123 255 5 79 40 108 0 140 112 232 45 232 216 162 114 0 223 255 72
    153 53 51 178 226 44 182 196 77 237 9 94 0 191 255 255 213 55 255
    144 0 0 229 0 0 0 255 129 111 255 188 110 92 0 12 255 0 0 0 255 251
    255 255 97 176 0 198 127 255 0 0 28 164 0 145 225 0 35 50 65 0 254
    188 0 181 255 190 255 125 181 58 123 0 235 174 32 255 0 255 0 66 29
    49 12 190 29 0 123 43 255 0 117 0 168 172 123 152 130 147 255 127 7
    179 216 93 255 0 91 255 0 0 255 185 103 0 147 255 6 0 0 90 91 33 0
    85 245 134 78 205 75 56 118 142 59 255 110 185 255 0 96 230 171 154
    120 99 46 129 127 20 13 182 255 0 198 196 0 71 194 178 173 201 250 0
    0 48 255 255 244 179 218 0 255 0 150 131 0 111 180 0 218 201 0 0 206
    237 218 30 146 136 0 255 133 121 0 255 96 255 138 255 255 203 137
    255 255 49 109 145 234 112 223 129 119 0 105 255 0 226 255 179 180
    154 0 106 35 47 255 85 251 0 255 16 174 99 255 43 0 153 157 142 104
    8 0 255 105 127 102 176 81 11 144 168 56 208 255 72 139 222 255 200
    0 125 48 198 143 255 37 230 115 0 255 159 160 136 0 0 76 0 184 0 255
    254 0 255 255 130 0 128 185 4 240 0 111 158 40 8 0 0 12 255 242 255
    213 255 0 219 0 187 78 0 255 218 0 0 255 202 255 120 18 255 217 135
    0 0 156 0 87 157 0 149 135 247 0 0 255 144 202 51 218 255 154 202 87
    37 189 255 160 246 0 255 100 255 255 190 255 149 146 0 92 148 147
    147 201 210 255 255 144 71 0 0 255 166 222 54 0 255 75 255 31 255
    212 0 94 0 78 255 184 190 247 17 165 24 99 255 43 212 103 0 158 64 4
    0 255 4 255 0 255 255 227 255 0 255 0 98 255 255 0 243 99 198 94 0
    255 255 0 255 237 91 255 172 72 0 0 87 255 0 78 0 103 0 242 101 244
    0 255 130 200 175 209 255 255 143 34 32 6 143 0 11 180 0 255 0 36
    202 165 0 74 58 0 114 0 0 195 0 241 0 0 159 195 90 184 174 0 222 255
    0 0 255 28 253 92 185 133 255 221 152 103 240 255 28 0 0 255 255 0
    151 255 56 212 194 0 148 255 255 156 0 255 235 0 255 209 218 0 241
    255 2 230 59 255 186 246 255 162 159 95 96 255 255 182 0 0 255 12
    251 227 207 255 88 12 198 232 255 154 138 0 0 127 213 255 230 15 2
    48 146 103 238 59 206 177 209 16 168 0 255 255 255 80 186 255 255
    255 236 217 0 255 0 102 0 46 65 225 101 0 255 0 70 92 17 20 255 0
    255 255 0 217 0 218 8 61 255 255 234 65 0 0 255 0 0 48 0 202 75 32
    229 246 0 120 121 180 255 90 0 94 0 255 142 255 64 0 255 255 100 255
    157 204 60 0 0 255 171 71 128 255 194 0 92 108 255 187 255 255 219
    196 31 98 34 0 125 255 0 34 67 202 0 0 199 161 234 46 229 0 255 205
    40 63 70 233 0 255 114 0 255 255 90 1 81 94 120 71 255 255 0 156 255
    255 107 2 133 101 0 0 221 255 188 198 25 50 55 13 112 101 105 0 237
    123 139 84 255 37 67 0 0 22 9 239 96 0 255 0 255 139 255 255 160 255
    255 145 216 215 39 255 87 63 73 0 236 89 200 255 40 15 217 255 59 0
    131 235 0 0 0 0 0 221 193 248 15 221 52 78 110 255 232 57 219 255
    102 234 111 255 216 6 255 250 255 194 225 182 205 84 72 49 3 27 0 0
    61 13 73 255 255 255 255 222 199 24 0 235 11 55 50 215 0 255 255 255
    45 39 23 242 41 169 97 167 0 255 53 255 255 255 76 255 255 141 98 0
    228 0 17 88 183 105 0 96 0 16 192 118 89 0 0 139 239 39 153 255 145
    8 45 176 214 0 0 165 182 140 111 58 128 152 255 0 220 111 238 217 42
    255 125 52 200 110 255 169 0 255 149 255 247 255 255 133 234 175 0
    112 121 248 0 136 255 0 28 172 255 255 0 38 207 23 213 192 44 210 3
    216 85 0 209 191 77 0 0 255 76 23 165 255 0 170 0 171 238 0 0 93 255
    46 194 255 45 106 0 185 122 154 180 114 245 198 57 255 239 0 0 41
    223 255 141 172 139 98 172 255 45 141 226 80 172 246 215 0 47 71 0 0
    246 89 0 0 60 0 25 2 71 142 0 72 14 0 255 119 134 75 5 149 255 111
    255 164 239 143 255 255 255 199 219 0 51 99 0 255 0 37 206 141 255 0
    52 138 214 0 247 255 0 2 133 227 0 228 0 0 213 114 155 246 0 255 255
    161 80 81 165 189 116 0 0 62 248 241 163 96 83 233 182 186 255 149
    148 0 24 255 0 255 163 137 233 218 204 0 255 77 23 72 196 47 0 60 75
    243 174 162 233 0 255 202 39 226 0 0 187 0 0 0 255 166 66 40 56 29
    255 26 255 77 112 79 124 211 198 21 255 255 0 204 0 21 2 171 79 255
    234 167 200 73 216 255 76 0 79 1 35 158 0 79 255 48 84 92 86 23 93
    120 43 152 20 255 255 254 255 84 255 83 0 6 88 255 110 0 255 0 28
    105 140 169 159 73 35 0 180 0 3 38 0 125 149 248 70 30 255 149 60
    255 255 190 255 0 255 152 183 255 79 195 211 255 237 255 186 100 167
    255 0 174 255 112 0 0 151 255 15 172 246 0 182 141 113 0 255 196 0
    235 37 255 255 159 17 245 178 100 0 255 0 155 248 255 17 179 239 207
    39 189 197 0 0 143 69 70 0 160 174 21 243 11 255 79 182 255 52 94
    146 67 0 168 189 0 36 94 114 255 181 0 0 211 0 14 168 213 67 25 255
    9 0 0 160 23 255 28 255 255 182 0 0 255 168 88 93 241 103 140 255
    100 255 188 24 242 190 255 0 220 255 161 218 255 166 79 213 166 0 0
    0 5 242 255 255 31 213 180 255 198 0 138 222 205 216 102 47 16 184
    255 140 72 0 150 48 0 212 0 255 0 255 179 142 255 234 223 197 101
    232 251 42 107 255 227 244 123 31 3 26 0 134 202 0 43 0 97 5 33 101
    255 63 223 35 169 118 208 255 0 255 147 255 156 0 255 115 159 61 186
    255 135 115 0 151 140 198 203 227 255 225 255 0 165 0 0 255 69 0 255
    255 119 90 71 173 115 255 85 223 0 203 24 45 255 14 43 51 30 48 173
    145 255 0 76 183 222 3 255 181 223 195 147 105 255 127 178 245 0 0
    255 90 156 255 56 234 180 255 255 211 37 0 92 99 0 15 165 140 173 7
    3 0 152 255 180 255 119 52 0 49 211 255 128 0 76 52 236 18 74 255 73
    152 124 154 0 150 0 4 13 255 79 68 255 0 50 0 248 255 0 255 129 90
    138 227 255 255 250 246 75 136 112 255 167 150 34 228 255 255 0 116
    22 176 255 255 90 255 180 2 192 255 221 255 255 30 12 255 10 59 37 0
    242 109 23 0 0 211 76 0 225 0 0 2 189 38 0 241 16 224 217 214 124 48
    255 92 239 255 255 8 87 255 0 255 163 248 0 0 34 44 184 228 0 19 57
    248 224 126 1 166 104 96 255 179 203 255 198 255 163 234 233 13 138
    255 255 62 213 255 54 109 255 255 105 0 252 0 130 49 255 54 94 255 0
    145 255 13 46 34 130 100 234 183 71 57 0 0 218 15 80 3 33 255 123
    188 39 220 244 208 160 128 218 153 255 16 169 151 0 0 0 173 214 186
    34 255 158 255 12 255 180 142 40 119 131 67 145 68 0 255 239 255 255
    55 227 255 210 0 180 0 118 0 72 255 115 250 255 171 255 255 255 53 0
    47 78 196 37 237 255 8 22 42 171 144 239 89 0 117 237 255 62 141 255
    51 255 0 65 255 27 153 253 255 219 116 255 255 230 255 32 7 0 0 65
    91 0 162 172 255 27 255 49 255 0 189 255 14 84 0 0 83 13 140 52 164
    39 0 149 211 0 0 255 84 47 201 169 255 135 146 197 121 127 113 0 35
    255 60 114 0 44 132 8 15 191 98 0 255 149 57 0 36 255 176 204 0 182
    40 0 65 62 181 234 255 255 151 255 255 227 255 194 207 230 121 196
    113 192 255 16 255 0 255 175 0 74 62 164 57 0 30 8 159 0 255 188 255
    183 255 223 234 137 255 7 108 233 255 0 40 36 255 136 123 5 0 0 185
    0 0 243 123 19 255 226 255 255 156 0 215 118 0 255 104 255 207 189
    61 0 246 0 0 219 255 9 139 0 59 0 28 0 251 0 255 138 175 255 255 235
    194 29 219 221 150 103 0 67 243 69 3 39 0 199 10 0 134 26 255 0 42
    18 91 83 166 67 22 234 255 216 11 116 75 255 43 0 79 94 222 0 0 110
    255 255 136 255 122 189 131 242 18 208 71 0 185 106 0 56 0 0 141 167
    150 229 138 129 6 14 142 8 255 29 227 255 48 104 217 208 255 255 96
    60 185 129 255 0 56 248 12 101 216 255 92 107 177 167 8 245 0 255
    196 32 162 210 202 0 43 254 13 143 237 255 99 0 0 255 19 0 64 0 116
    194 211 106 255 124 139 244 0 6 37 255 144 0 249 56 109 0 255 120
    255 205 93 255 180 66 5 0 41 0 201 134 147 67 207 188 82 255 60 203
    140 227 255 0 1 0 49 82 0 15 0 186 85 170 255 114 50 193 226 0 255
    135 120 255 0 43 36 215 255 97 188 255 31 172 252 255 255 75 152 68
    103 117 176 219 59 58 89 9 255 7 198 229 140 166 255 255 0 124 195
    55 35 255 123 255 0 193 77 137 250 169 212 125 0 15 151 233 115 255
    11 122 77 255 108 255 48 0 168 187 0 221 0 255 188 0 182 255 0 0 244
    21 0 255 142 250 0 201 31 114 127 0 82 239 255 21 250 136 137 65 0
    114 255 89 255 72 21 255 0 0 246 35 0 155 0 255 242 185 28 255 32
    108 159 0 0 112 0 173 247 44 255 152 255 144 133 52 25 179 106 0 193
    0 181 89 59 173 122 123 142 255 108 217 218 97 79 79 221 204 244 0
    15 142 30 223 255 62 63 0 255 212 255 128 116 253 255 229 255 255 0
    119 34 89 184 0 161 174 200 225 46 188 0 66 213 28 66 255 0 0 169
    255 0 150 231 0 255 68 219 218 255 62 255 127 255 255 39 229 0 55 74
    137 0 98 0 255 205 44 255 255 52 150 254 177 0 175 242 241 151 186
    255 255 185 0 0 226 177 205 235 255 0 212 255 255 0 176 255 60 0 224
    0 174 204 0 0 45 50 0 74 255 21 162 255 33 0 123 178 115 188 0 255
    255 78 255 137 0 128 0 0 102 0 92 7 255 0 25 70 0 0 255 220 253 211
    255 12 255 51 182 237 124 90 168 37 0 0 255 24 17 167 255 103 221
    255 110 0 247 192 236 255 255 36 107 255 158 216 21 153 0 35 90 49
    203 224 32 234 127 0 0 255 66 78 0 0 206 255 91 0 0 255 110 255 255
    78 208 149 160 166 0 8 128 229 83 160 0 245 174 0 35 179 93 154 0
    182 179 255 2 100 255 197 0 145 0 42 27 222 255 239 255 239 155 227
    0 191 255 0 187 184 117 208 0 240 0 169 154 255 178 255 79 194 180
    135 155 0 255 255 91 71 255 150 255 30 41 190 13 0 148 0 163 109 0
    206 0 113 132 230 41 255 62 30 133 0 255 67 186 208 133 61 245 53 41
    203 13 29 0 255 255 135 163 25 255 0 0 36 189 75 89 177 255 204 255
    100 0 255 255 0 255 255 0 99 255 171 255 51 115 247 44 255 229 238
    59 58 0 248 165 249 0 0 255 231 195 47 122 177 105 0 105 101 110 0
    221 66 97 255 237 131 248 0 90 255 73 255 127 84 160 75 135 255 139
    20 145 214 6 255 0 255 255 19 0 255 73 0 255 246 0 0 203 4 230 191
    236 58 7 0 0 185 202 146 255 149 173 255 65 255 243 56 77 57 255 255
    97 255 20 255 255 201 0 205 0 162 54 222 255 26 76 255 255 0 0 239
    241 121 0 125 32 176 25 0 240 91 250 0 133 149 0 241 70 21 255 236 0
    0 255 1 0 0 249 107 39 0 191 255 138 0 63 255 255 255 255 56 157 0
    200 249 0 0 227 224 255 229 152 147 0 216 0 188 0 77 236 105 0 0 255
    75 19 0 0 97 89 181 136 55 225 26 244 196 255 247 42 211 95 80 135
    229 219 163 255 255 174 7 53 255 48 153 255 117 27 250 62 23 255 217
    90 147 236 255 103 235 170 55 173 0 201 19 216 186 242 0 11 232 208
    55 0 155 255 163 131 255 196 86 223 0 164 255 249 95 255 31 0 255
    189 6 0 255 188 225 0 73 255 174 54 255 0 255 13 126 255 0 84 246 0
    0 130 224 255 3 135 255 255 0 4 255 0 255 231 130 0 59 255 255 47
    151 0 125 255 60 193 30 147 212 186 47 254 100 8 2 94 31 0 112 8 0
    171 0 147 0 2 66 103 0 174 255 255 56 255 255 129 5 0 97 127 227 255
    255 35 56 255 0 0 111 98 236 255 219 255 249 36 47 70 236 0 144 180
    255 152 129 201 0 0 119 0 0 29 255 134 0 173 220 239 255 78 56 31
    255 0 169 176 216 255 148 170 255 148 255 124 41 37 156 68 146 34
    103 255 0 195 121 255 71 85 222 17 190 255 255 207 173 101 121 13 59
    196 16 47 30 255 28 208 255 255 83 90 216 31 255 255 255 46 254 100
    94 13 0 255 135 11 190 255 86 201 0 131 83 174 255 255 207 16 53 43
    0 226 0 255 83 174 26 164 146 71 37 72 60 43 60 146 93 190 178 93 56
    255 16 151 0 0 0 255 48 55 255 125 37 107 0 0 227 0 255 255 173 64
    255 221 0 98 255 0 18 176 10 105 177 0 0 69 134 127 128 73 33 0 25
    116 161 153 255 255 231 255 85 172 179 2 222 0 127 255 255 31 0 255
    78 3 62 0 0 0 229 0 0 212 0 255 15 255 12 31 99 0 103 52 0 143 181
    171 136 0 221 5 0 175 245 14 255 69 104 152 0 0 0 178 73 99 212 57
    255 185 255 255 0 255 255 0 0 24 0 23 0 97 225 153 163 117 186 0 20
    183 112 23 117 0 145 45 59 2 255 29 0 62 255 255 128 207 0 29 205 2
    134 255 0 0 255 163 71 205 199 255 0 63 41 69 0 0 43 0 94 52 0 255 0
    0 112 221 255 11 255 118 255 227 174 255 106 199 255 211 255 255 204
    0 245 145 0 84 5 251 255 255 255 194 103 255 255 0 102 255 255 194
    204 95 255 0 175 135 241 255 193 0 105 64 15 0 0 0 0 238 0 0 255 255
    255 6 0 0 255 0 239 255 12 75 149 255 62 92 69 187 241 0 201 255 74
    143 255 207 0 12 163 245 80 195 125 0 17 255 78 110 255 145 130 42
    152 139 0 184 230 225 231 252 39 147 13 134 0 0 208 83 0 10 77 255
    13 192 188 217 15 0 8 68 0 51 255 103 88 255 255 38 107 118 255 87 0
    61 48 175 255 153 41 251 0 68 0 158 216 96 0 43 206 75 248 0 148 195
    123 42 224 100 180 61 255 238 0 68 0 100 121 140 146 0 59 146 255
    138 255 92 255 36 255 255 0 1 221 0 138 0 0 255 255 164 124 0 212 0
    240 131 82 44 255 0 255 182 97 255 0 193 0 255 6 0 34 125 214 201
    119 255 137 0 17 255 25 255 0 29 179 117 172 130 0 150 68 148 255
    138 140 19 222 244 130 255 255 191 245 255 0 0 0 28 169 93 206 0 126
    202 203 255 125 255 0 29 0 95 0 68 233 70 114 255 219 0 0 156 0 0
    232 120 255 0 255 131 255 255 213 1 135 17 55 0 212 255 222 131 83
    143 241 255 151 255 0 0 113 0 243 204 255 166 255 59 49 183 255 0 0
    255 255 89 166 255 250 0 0 197 110 67 138 118 47 0 140 255 0 217 31
    37 4 242 0 238 154 0 196 67 103 24 255 255 156 8 163 0 251 165 255
    20 74 116 28 190 207 0 13 181 130 237 5 0 255 157 93 255 25 55 102
    220 99 255 255 255 0 255 17 205 99 0 197 67 8 255 121 163 75 0 61
    206 180 216 0 255 112 95 0 255 0 151 245 255 72 157 122 255 186 162
    171 147 255 208 255 81 236 145 233 81 225 236 0 156 183 0 13 0 91 34
    219 255 60 152 206 228 175 116 20 255 0 20 24 0 12 0 114 198 255 0
    53 27 28 222 229 255 91 228 0 65 104 0 75 54 0 108 255 255 218 0 0
    196 255 255 122 199 255 79 27 136 1 93 255 16 0 0 255 125 235 189 14
    194 0 255 255 12 62 246 92 187 102 80 31 68 0 143 104 143 81 255 203
    48 39 0 164 0 0 214 0 91 245 0 0 255 26 74 208 209 4 148 72 108 176
    255 83 68 0 119 5 5 255 99 168 255 27 49 255 0 0 200 49 89 79 255
    125 255 0 199 226 255 179 183 255 218 251 255 0 61 160 180 0 29 255
    169 0 180 150 140 255 243 255 102 180 255 242 255 0 221 47 41 248 75
    23 122 0 52 108 216 5 216 225 0 67 255 162 0 149 255 246 0 96 135
    128 207 166 234 255 73 0 254 59 255 255 0 113 255 206 61 139 97 148
    142 210 39 255 183 105 0 255 161 255 0 48 255 249 0 255 81 97 230
    177 219 0 192 41 0 49 217 250 0 28 187 211 0 178 0 187 60 255 4 43
    179 255 253 244 84 175 231 110 0 0 83 35 0 255 177 74 40 101 146 0 0
    0 178 0 0 61 220 255 127 31 78 0 28 39 137 0 206 0 176 31 160 255
    211 255 249 0 168 200 229 221 122 0 255 0 161 94 0 106 252 255 255 0
    255 11 50 255 252 45 0 160 237 0 216 253 172 0 0 43 0 0 41 255 109
    164 95 222 140 15 255 255 78 255 178 221 69 255 180 252 165 87 128
    168 90 156 4 123 0 0 255 51 0 45 255 255 188 255 255 255 66 0 0 91
    155 76 0 102 255 0 252 202 0 69 62 231 23 0 250 158 121 255 225 255
    134 0 0 228 255 127 92 35 0 243 0 111 55 141 211 188 255 143 196 203
    0 255 170 254 228 12 29 222 0 0 255 55 41 255 255 187 0 27 0 200 152
    19 255 157 0 125 255 0 206 14 196 255 155 0 247 25 255 191 166 133
    133 234 85 19 48 178 255 254 255 0 200 240 29 0 255 163 104 201 134
    181 0 86 63 252 30 214 11 198 177 0 255 221 255 231 177 255 255 70
    119 109 147 201 140 111 77 28 76 0 175 251 164 0 0 255 0 142 255 255
    144 255 128 46 126 5 94 29 204 6 20 184 0 255 106 255 0 179 255 0
    255 39 0 0 89 255 7 255 0 253 189 0 5 219 116 144 177 0 187 19 94
    167 197 36 255 255 251 70 0 255 16 0 255 114 255 77 69 10 195 234
    255 119 28 0 0 158 153 51 0 152 42 34 114 140 255 144 68 255 97 255
    108 248 255 120 255 193 255 168 255 95 0 255 255 255 90 0 3 255 131
    0 15 0 161 61 0 0 0 73 45 213 132 216 163 0 255 26 8 108 255 255 0
    51 255 0 255 242 85 0 175 255 178 196 40 189 147 255 172 255 235 157
    0 206 255 0 192 255 77 14 255 72 255 56 62 194 39 175 58 0 246 43 84
    255 187 29 95 159 0 0 255 255 35 255 255 102 153 137 70 84 21 245 4
    0 123 0 237 0 190 242 255 0 147 156 0 177 0 0 233 255 1 0 45 168 109
    0 14 0 232 255 0 0 200 143 126 65 131 112 182 244 255 255 100 0 102
    40 177 255 118 255 97 70 0 0 255 44 74 166 201 0 214 170 0 8 0 44
    252 16 67 36 217 176 0 199 255 198 198 0 81 27 255 120 25 163 245 14
    0 255 255 137 53 255 0 0 255 32 210 91 0 255 44 241 0 99 255 25 0
    255 0 55 146 39 0 255 170 143 189 112 69 43 0 181 104 234 169 109
    101 149 169 255 85 144 255 205 212 235 183 44 72 0 191 205 0 255 255
    255 0 0 0 0 241 0 236 26 86 255 255 180 166 56 59 125 218 255 90 178
    104 79 0 205 0 129 131 79 0 191 0 196 130 76 89 234 117 210 187 190
    95 148 0 234 151 0 255 255 123 255 127 116 48 165 52 144 216 97 3
    255 221 0 0 83 120 0 255 0 0 18 0 23 98 255 243 105 125 0 255 104
    255 152 255 255 48 0 86 209 255 0 173 253 37 5 250 118 255 116 255
    255 209 0 201 26 50 255 248 124 0 81 34 255 0 255 31 37 0 0 207 255
    0 60 179 0 0 255 76 0 0 216 0 39 211 0 201 161 67 0 255 139 91 255
    197 73 39 170 47 170 241 0 0 14 255 207 247 179 109 176 0 39 58 255
    255 181 180 255 255 123 176 186 255 0 255 124 219 151 0 208 255 0 65
    255 215 149 160 255 208 255 27 197 65 212 255 47 255 0 255 170 28
    255 10 113 228 0 43 89 0 142 255 108 0 103 165 0 181 230 250 164 226
    255 255 249 110 0 255 0 83 0 10 255 0 221 255 153 1 255 50 55 206
    205 255 0 0 255 255 42 157 255 148 255 255 221 255 104 78 154 58 228
    255 255 10 255 209 0 71 230 171 122 0 255 0 220 45 30 105 31 105 168
    225 0 255 124 0 74 117 0 113 131 0 238 217 124 158 0 30 236 255 132
    255 206 0 34 195 20 0 255 0 94 20 255 155 255 255 90 0 174 255 34 94
    15 255 102 160 106 0 0 36 8 185 159 0 63 255 216 0 255 3 98 0 0 134
    47 61 76 0 0 34 255 246 201 255 0 0 0 1 29 21 132 255 84 0 219 0 211
    159 68 225 22 255 0 124 0 0 85 227 0 0 181 99 21 151 178 195 83 169
    22 12 255 138 163 255 0 223 131 15 255 66 255 122 116 250 30 0 164
    255 115 0 174 64 0 214 0 255 149 0 0 43 68 255 149 220 183 255 198
    100 255 121 255 97 255 0 120 0 4 0 0 97 54 0 188 138 172 124 255 0
    37 255 0 0 81 111 5 45 20 255 124 0 0 0 121 255 205 66 251 255 0 173
    209 215 255 25 255 71 159 86 36 167 255 255 20 195 145 66 236 255
    217 255 255 176 8 0 170 159 238 0 36 59 217 44 255 232 143 33 163
    100 255 35 0 106 179 108 255 0 156 162 255 169 255 255 0 0 255 49
    255 230 46 109 255 205 223 159 0 109 60 0 111 255 0 109 255 0 255
    113 255 195 159 224 0 0 11 0 86 0 255 255 65 0 255 60 75 34 0 79 0
    255 0 100 179 103 205 63 108 33 227 57 0 81 241 0 244 89 0 15 137 0
    0 0 249 202 121 132 253 146 255 90 68 175 244 0 249 101 255 255 144
    255 242 56 0 0 255 0 142 136 20 255 164 0 67 255 22 51 164 158 24 0
    0 36 177 210 241 174 255 128 176 0 161 0 255 76 78 255 220 255 11 0
    0 6 33 0 3 79 123 206 70 204 202 10 255 0 248 22 255 220 251 255 178
    166 0 134 49 162 49 127 51 0 88 39 255 0 76 205 0 0 69 41 0 0 181 62
    0 255 178 4 200 0 255 49 255 109 255 168 249 69 125 0 16 255 0 88 89
    60 131 255 244 255 68 218 247 0 160 6 237 156 255 60 45 41 163 35
    255 0 0 118 172 0 0 0 0 230 87 65 42 0 40 0 241 118 255 98 0 61 182
    123 248 255 146 150 55 6 66 229 0 96 57 255 217 218 0 217 179 76 234
    255 175 237 232 58 255 0 0 134 140 255 0 53 255 65 255 96 109 62 242
    93 190 192 163 0 117 0 248 37 255 88 0 40 255 29 24 0 7 0 255 56 180
    160 213 123 134 0 30 51 0 229 90 0 129 255 0 148 65 255 204 230 69
    128 0 92 0 224 0 46 169 110 255 167 228 188 0 227 182 0 234 0 232 72
    255 0 195 116 113 57 188 0 243 0 182 255 109 255 192 217 251 41 255
    187 255 0 255 150 207 225 132 141 0 0 236 96 211 255 255 81 203 0 48
    157 209 206 255 0 176 0 224 44 140 0 255 0 13 21 218 174 145 35 7 31
    48 255 46 0 0 255 255 59 0 255 0 0 154 0 255 55 0 88 231 246 255 8
    142 255 132 149 77 133 0 247 46 2 255 68 200 40 44 241 250 96 137
    170 255 238 0 255 0 3 194 0 239 70 255 171 0 192 240 0 4 0 180 255
    255 255 83 142 255 163 156 0 141 255 0 143 0 22 210 111 48 218 255
    213 255 0 255 255 189 238 0 0 250 86 0 201 203 0 72 0 210 255 236 0
    37 222 45 255 217 166 7 192 232 103 255 115 73 220 138 84 255 0 51
    255 234 255 178 255 96 0 255 70 148 130 255 86 255 0 145 0 56 26 0
    255 0 89 255 139 255 220 136 254 225 255 255 151 255 255 67 151 0
    255 0 0 255 0 34 150 159 255 87 255 59 246 255 166 100 0 68 129 54
    127 255 41 4 104 219 255 255 223 255 255 190 162 110 0 98 255 210 73
    255 241 43 255 105 255 80 57 255 28 255 126 231 169 0 67 255 80 0
    102 34 8 170 255 250 255 156 255 55 255 0 0 186 0 0 0 255 145 130
    255 225 0 109 255 235 219 153 155 38 0 255 59 107 56 255 255 124 141
    82 255 0 0 0 0 0 54 33 192 136 73 255 141 255 73 16 84 108 148 255
    210 31 73 0 208 255 4 99 103 40 61 255 65 65 0 0 255 255 16 0 255 56
    255 39 163 180 120 199 255 136 90 237 255 232 45 46 255 222 201 78
    255 123 57 121 255 11 82 126 138 255 178 240 43 129 255 120 255 141
    97 0 18 40 167 231 156 145 255 255 0 0 0 68 0 255 221 21 240 0 99
    255 0 162 255 215 255 61 171 208 255 0 119 255 0 0 233 255 177 255
    149 189 23 252 75 115 114 71 111 18 255 52 183 0 132 255 0 0 255 110
    241 255 139 19 0 0 250 0 157 204 86 229 146 157 196 129 0 0 255 203
    0 0 0 132 0 88 137 214 4 0 108 0 238 89 39 255 255 255 255 0 255 0
    210 91 48 225 111 0 255 255 223 0 255 0 51 248 238 148 217 0 95 0
    139 76 0 140 0 145 99 255 119 204 63 143 188 213 16 0 255 0 0 255 97
    41 31 255 0 255 0 0 0 255 136 0 206 71 255 255 0 255 0 117 135 239
    255 49 0 49 173 152 59 0 0 0 238 8 0 214 31 255 255 255 205 88 249
    11 94 0 255 0 255 0 25 123 140 255 255 16 56 255 214 20 219 0 0 119
    93 37 39 255 255 255 49 255 137 170 9 118 222 255 255 255 58 156 255
    255 255 47 192 255 107 197 165 118 98 65 36 219 190 255 97 254 0 130
    0 143 255 58 255 74 163 255 0 215 147 255 56 180 118 199 170 101 149
    214 0 122 76 252 0 0 255 58 255 212 91 255 44 203 255 0 0 234 141
    151 166 6 118 255 194 255 29 0 119 169 255 16 0 37 0 170 0 0 215 0
    105 76 252 62 91 85 62 39 255 192 167 203 238 9 255 183 156 117 255
    255 0 136 143 224 255 0 122 91 228 175 235 50 96 85 0 191 255 255
    255 6 0 0 0 83 145 255 77 255 101 189 255 68 255 240 255 128 255 255
    221 0 152 26 0 0 83 19 31 243 172 114 121 148 186 152 217 188 0 115
    190 30 132 89 93 176 0 255 255 138 10 54 0 0 115 255 255 123 130 134
    0 146 136 0 255 147 48 0 244 0 190 200 0 233 158 176 66 187 0 21 255
    244 0 208 167 185 255 255 127 153 255 117 255 108 0 93 219 0 124 96
    55 116 65 0 0 218 223 162 62 57 125 95 0 105 0 255 112 94 131 9 255
    176 0 246 55 210 120 172 255 0 161 168 236 0 0 0 222 249 203 255 255
    255 225 126 255 110 14 212 235 255 176 70 170 124 22 165 150 0 97
    255 0 56 158 206 136 0 234 249 255 151 231 255 0 84 160 255 164 0 0
    52 132 123 0 255 0 0 111 34 4 60 196 120 185 0 29 255 134 193 0 255
    0 142 58 52 255 208 0 187 255 148 194 254 0 255 233 58 130 255 255
    112 4 209 116 5 255 255 44 205 132 173 225 0 0 253 211 255 255 219 0
    155 173 0 38 67 0 102 37 0 144 120 119 255 166 255 255 167 0 216 63
    153 47 226 0 224 229 255 31 146 0 96 140 255 95 0 138 97 135 231 46
    223 125 255 115 0 9 170 0 255 0 255 212 0 155 0 244 0 0 119 121 28 0
    179 0 201 145 149 255 117 255 0 248 244 10 255 255 189 143 109 36 0
    93 255 255 225 183 255 0 0 4 91 255 255 255 9 255 199 137 255 255
    255 217 77 125 11 148 196 188 255 119 212 143 103 255 0 255 253 255
    255 255 134 91 95 95 56 237 20 133 241 255 241 54 255 68 0 0 113 55
    54 130 22 230 0 255 255 184 255 168 15 151 36 215 255 255 174 240
    235 255 255 16 187 89 75 188 138 255 255 0 255 40 0 248 134 0 91 58
    5 88 253 0 44 0 44 255 183 82 255 0 101 20 255 37 130 224 107 43 132
    255 0 173 101 255 255 50 35 34 221 187 137 70 191 52 35 255 215 59
    172 26 0 106 255 255 255 255 255 207 168 95 0 0 60 205 29 236 101
    180 65 97 0 152 47 201 21 0 6 143 160 254 92 42 248 196 14 0 168 102
    60 255 86 148 168 0 197 246 41 68 117 255 0 13 255 82 255 255 255 93
    152 255 255 0 71 0 255 0 51 255 108 255 159 49 143 22 195 95 255 255
    183 83 204 0 137 255 255 255 199 195 231 69 255 215 42 0 203 149 16
    255 152 255 165 255 210 110 69 90 255 218 167 0 120 43 25 250 174 12
    148 0 0 0 204 0 255 255 0 0 210 145 42 126 0 168 0 0 99 91 138 255
    255 255 95 59 149 0 114 5 230 9 255 0 255 150 255 63 0 0 78 233 0
    255 0 0 158 42 24 6 0 138 19 255 255 235 255 255 94 232 0 70 64 0
    179 255 255 0 133 40 250 219 106 87 156 255 134 68 113 239 0 0 0 243
    12 46 0 0 218 0 0 93 41 86 0 158 0 152 0 95 255 0 255 190 255 255 52
    86 114 255 139 151 255 0 255 0 119 255 80 0 255 219 218 255 255 226
    255 255 83 0 0 24 0 199 25 128 140 255 255 138 45 255 78 0 164 0 252
    67 0 25 177 255 46 0 21 255 1 80 79 184 63 255 2 0 255 54 96 221 164
    42 255 87 68 170 255 86 198 255 22 97 0 7 130 185 255 0 225 129 78
    210 255 21 74 146 255 55 70 54 3 68 67 255 50 0 162 0 255 141 255
    255 9 0 255 152 240 196 240 0 222 253 255 80 0 238 255 14 111 0 41
    212 200 224 86 219 17 255 41 0 255 255 183 229 0 58 146 255 255 0 0
    255 231 0 0 54 71 97 0 90 0 4 98 255 0 0 125 61 64 139 210 255 251
    107 244 255 0 106 164 115 255 9 108 122 255 100 229 255 21 18 176
    255 137 0 55 229 220 240 200 114 189 231 111 0 82 88 0 0 199 127 243
    212 83 237 139 255 70 0 107 0 5 0 0 0 3 188 0 236 0 255 222 0 90 255
    223 78 0 255 82 0 255 123 20 182 193 23 225 117 197 0 0 14 55 78 0
    15 0 181 33 0 105 242 32 0 83 6 0 0 184 103 0 0 177 34 106 207 64
    255 255 0 133 255 68 166 27 255 255 45 138 118 0 147 171 0 255 13
    255 243 255 255 0 205 255 194 74 255 234 255 151 255 142 6 255 0 123
    0 0 0 55 165 85 255 165 181 160 202 255 255 29 218 224 9 0 249 255
    252 85 255 0 189 0 255 67 0 0 0 0 200 99 44 0 243 255 0 226 82 255
    255 255 255 208 2 0 119 0 211 255 18 181 78 13 183 69 0 109 60 0 0
    255 84 217 255 255 19 255 255 218 79 153 217 163 11 0 36 235 255 161
    74 25 209 0 0 218 181 0 68 228 57 89 171 138 239 0 35 93 243 24 0
    234 114 101 78 56 75 102 59 255 135 119 245 15 255 68 179 163 255 67
    219 167 0 195 48 0 112 255 110 255 0 58 178 179 0 0 0 255 0 255 20
    192 69 89 0 188 255 206 89 215 3 0 134 235 255 96 255 32 36 18 0 11
    160 238 13 165 255 73 169 185 184 8 96 0 255 255 39 105 22 80 175 0
    166 186 23 10 231 242 5 182 0 255 246 166 90 145 231 82 0 0 164 226
    161 255 255 29 68 255 239 255 0 14 0 0 158 228 76 225 8 0 255 40 88
    82 255 255 255 228 255 59 183 0 184 199 66 183 230 112 206 0 98 172
    74 0 0 105 101 168 255 99 0 167 157 175 108 9 44 0 186 107 255 0 0
    150 97 49 255 209 255 255 115 247 255 255 246 63 0 102 255 84 185 75
    0 224 0 26 255 191 132 40 169 220 90 255 0 241 241 0 49 0 21 139 0
    41 140 255 157 167 252 109 62 0 81 85 169 255 1 255 177 9 183 0 255
    0 77 167 0 166 253 184 15 5 0 237 255 113 19 105 0 255 223 196 0 255
    241 78 143 255 255 186 12 0 112 0 0 255 149 66 75 255 0 0 255 255
    255 156 121 230 202 114 96 182 238 104 39 0 227 169 104 124 26 0 0
    43 69 255 48 0 43 37 83 113 0 215 233 255 40 0 242 46 0 0 69 99 165
    255 149 177 255 255 240 210 149 150 255 133 0 0 147 255 0 114 62 212
    0 0 255 228 15 9 88 24 0 255 197 37 115 112 253 255 163 255 0 82 255
    0 42 0 0 148 97 176 0 79 241 254 163 255 114 39 96 0 0 145 253 173 0
    255 172 0 157 161 47 0 153 166 255 241 83 15 146 67 74 228 54 0 138
    241 255 252 0 51 255 0 54 118 0 64 213 0 59 255 86 45 255 255 246 49
    255 225 0 141 138 254 0 0 3 246 7 0 227 213 224 255 0 102 255 255 0
    25 255 70 255 92 242 223 0 189 138 196 0 255 206 24 169 255 0 79 127
    255 255 255 142 83 20 255 0 255 252 31 0 202 255 55 0 103 94 140 138
    255 87 73 124 225 255 99 235 67 203 228 75 210 0 114 0 0 140 255 0
    255 74 184 44 213 254 86 10 143 173 70 255 255 255 83 186 81 167 235
    255 0 180 0 255 0 69 65 255 18 21 41 0 255 255 0 0 0 86 121 181 142
    255 0 31 200 118 46 122 201 0 0 0 222 0 144 81 255 236 67 255 255
    208 154 178 35 136 111 28 0 0 252 68 255 77 43 0 40 210 159 16 71 97
    223 251 0 148 122 22 168 255 255 136 97 112 253 85 17 221 93 102 111
    153 255 239 185 14 0 60 64 33 0 99 246 255 143 255 119 174 255 255 8
    0 167 255 59 255 255 108 0 66 253 148 63 255 0 255 203 255 83 151
    225 59 158 68 200 0 255 200 59 192 255 0 255 117 67 58 94 255 255
    176 255 0 0 12 0 255 0 255 93 249 201 0 255 199 0 121 0 70 126 107
    108 74 42 0 178 255 104 0 20 229 189 255 0 255 16 48 150 0 152 80 0
    0 78 129 0 0 0 0 109 53 0 0 211 245 103 0 255 0 255 136 178 255 204
    243 255 154 255 128 15 87 194 0 171 0 189 255 255 255 255 57 40 139
    152 255 255 24 0 131 61 0 137 0 28 0 0 255 2 255 185 221 139 42 194
    8 255 255 1 119 156 112 0 239 51 255 0 223 166 27 67 255 232 222 255
    129 189 53 0 62 105 211 96 9 0 236 181 11 3 48 255 255 255 0 211 39
    91 204 234 0 66 255 255 143 243 255 105 170 67 0 41 255 1 129 255
    139 0 255 208 255 202 255 0 255 0 1 60 0 255 171 0 221 255 120 84 44
    129 255 104 83 40 0 69 172 23 75 159 106 244 79 255 163 71 126 208 0
    0 255 30 38 255 37 0 50 91 189 65 0 255 0 0 255 255 0 185 255 228
    255 255 84 255 0 255 255 255 0 130 181 224 97 192 180 0 216 0 29 73
    107 0 255 159 155 82 19 3 114 211 135 246 80 173 137 59 0 148 206
    255 190 255 151 45 224 48 0 255 251 230 118 6 255 232 222 4 255 48
    204 169 156 121 255 52 218 255 177 98 61 0 246 0 255 0 0 119 14 122
    59 107 125 240 129 255 255 0 0 163 201 255 99 23 197 4 0 255 155 78
    255 21 50 148 255 219 208 213 0 255 0 0 232 166 0 0 0 154 138 5 67
    11 135 27 0 209 136 0 0 0 255 50 123 30 109 0 116 177 161 0 0 142 18
    49 48 224 28 255 0 0 232 150 193 0 116 105 0 75 255 255 152 255 169
    223 0 2 255 146 41 0 0 186 255 20 14 78 1 231 28 153 99 42 39 110 55
    0 255 161 0 177 175 213 0 0 255 252 242 132 96 109 178 238 255 233
    98 172 236 255 226 135 255 74 0 0 230 0 0 0 52 0 99 26 17 0 255 242
    0 70 255 150 249 11 0 77 0 16 167 60 255 181 39 5 255 184 0 255 144
    178 255 6 30 115 255 78 194 239 50 192 0 85 46 255 0 255 50 255 255
    255 255 0 38 0 191 89 121 214 219 213 181 182 13 20 209 114 0 120 0
    237 132 255 223 255 210 203 107 99 0 0 158 240 249 139 98 255 255
    253 255 0 150 127 46 57 220 255 152 255 255 124 255 255 11 111 27 0
    111 152 255 238 255 255 255 100 255 0 0 37 54 0 7 237 113 0 0 135 13
    26 0 255 0 0 255 35 250 255 14 106 0 255 149 114 0 231 161 198 241
    250 255 69 255 191 87 187 185 255 0 85 255 53 200 144 255 255 0 12 0
    255 0 177 196 211 0 200 53 0 0 36 0 1 80 64 195 255 220 255 24 150 0
    255 255 73 0 0 110 232 185 0 64 0 0 0 255 0 158 141 136 255 169 102
    117 177 146 109 59 27 125 255 236 255 232 73 88 255 0 255 255 63 255
    237 18 0 180 255 203 0 255 246 0 139 133 0 0 153 235 225 18 0 183 70
    231 199 74 0 63 0 115 20 0 0 67 0 120 207 217 0 255 181 208 255 36
    147 21 40 0 39 0 246 214 0 255 229 102 251 255 126 10 101 13 239 99
    107 213 51 20 255 201 0 64 229 0 255 0 166 0 154 103 140 126 236 255
    157 237 188 153 255 62 100 0 199 0 176 0 255 255 255 74 0 0 24 165
    145 0 71 173 211 193 152 201 135 255 255 255 147 4 72 144 0 0 0 0
    255 41 0 255 38 106 150 255 2 255 214 0 255 165 110 159 15 182 0 239
    255 8 237 0 20 255 192 196 235 207 255 22 149 0 255 106 0 255 45 88
    184 0 255 255 0 155 200 158 31 0 255 216 255 24 255 0 212 57 68 5 74
    255 255 0 83 255 255 255 127 28 7 86 255 255 0 106 52 217 0 247 187
    176 0 157 118 170 197 64 255 255 65 255 206 255 183 58 0 255 78 158
    131 244 0 0 50 0 148 95 181 132 0 254 255 236 15 0 69 255 0 185 255
    99 255 162 44 255 58 177 0 255 255 147 114 119 0 0 153 139 174 161
    125 46 103 0 127 6 0 0 0 71 121 255 188 233 0 255 255 148 0 255 187
    0 142 116 247 152 235 184 48 248 71 255 28 255 162 130 36 255 180
    197 92 132 0 0 71 123 94 0 255 239 142 24 2 33 0 0 44 124 0 0 224
    208 149 37 69 18 0 122 245 255 4 236 252 91 244 115 154 229 144 160
    169 45 120 156 248 143 110 208 199 71 0 85 255 18 86 255 133 217 147
    255 4 81 255 215 0 125 12 255 195 0 118 255 0 0 0 242 131 255 255 67
    0 78 255 0 62 74 11 50 225 59 60 38 208 227 26 193 174 237 10 255
    255 0 218 0 247 29 193 205 157 255 0 255 15 164 255 0 147 157 126
    255 255 255 0 5 0 0 0 0 147 0 0 3 165 114 243 26 255 59 10 13 148
    255 245 0 38 99 158 160 0 0 43 255 243 245 13 234 74 255 114 0 250
    227 227 152 35 216 0 0 255 255 220 192 255 37 0 70 239 155 127 0 68
    0 255 106 159 69 117 211 255 68 187 192 189 0 134 166 255 0 120 64
    180 255 255 0 104 255 94 76 255 255 54 0 0 101 0 0 25 255 19 0 255 0
    187 22 174 21 255 255 31 228 0 95 169 33 255 235 8 176 0 255 60 255
    37 234 140 87 237 0 197 219 255 184 221 131 102 255 255 255 191 88
    255 255 250 186 47 57 255 255 255 242 52 233 108 0 255 24 202 241 0
    0 27 255 137 158 0 0 201 72 21 180 255 255 255 0 239 0 30 255 75 0
    225 255 153 127 230 255 255 147 95 24 111 189 149 2 182 0 255 195
    255 248 113 177 245 0 255 255 246 63 137 255 240 209 255 5 151 125
    72 255 29 148 255 0 57 246 196 173 79 222 24 40 151 188 55 202 255
    150 194 117 0 22 213 20 0 0 222 0 255 158 244 83 113 0 10 76 245 137
    43 120 140 152 19 127 35 202 57 142 131 0 52 0 141 118 0 203 255 10
    179 228 97 0 1 0 255 60 31 255 0 0 208 205 0 0 255 0 204 145 75 206
    0 133 255 190 214 197 75 245 70 255 255 255 28 188 255 255 146 89
    255 161 82 157 0 46 255 198 255 0 34 66 0 228 226 131 255 190 0 33 0
    52 34 246 1 172 163 61 4 72 163 0 92 255 87 142 10 255 143 5 0 255
    100 107 16 156 0 156 121 117 0 0 79 248 40 179 0 172 83 155 218 145
    80 186 150 49 247 255 232 255 0 119 86 95 0 0 127 0 200 177 0 39 39
    255 202 109 223 36 77 188 255 53 59 62 101 0 176 127 211 255 255 48
    0 85 0 37 84 170 0 199 255 244 255 156 233 255 255 88 205 255 255 9
    255 0 162 100 118 128 0 5 51 255 20 193 100 80 126 152 169 0 0 177
    36 143 255 82 12 33 229 226 123 0 168 0 255 178 255 255 203 255 247
    121 255 255 59 226 255 0 255 0 101 48 46 255 214 179 26 165 36 216 0
    213 152 0 0 255 144 135 255 0 199 0 68 169 142 0 230 0 150 0 37 255
    72 240 173 0 127 0 6 149 0 160 255 14 185 167 0 255 71 255 255 23
    188 234 67 245 0 227 0 0 165 223 152 247 0 225 166 0 136 182 0 154
    245 175 0 246 0 0 122 166 0 32 71 197 253 0 253 240 255 60 255 179
    221 255 32 255 0 62 160 128 255 180 21 15 255 115 0 134 0 238 194 0
    0 0 213 255 0 110 144 11 242 90 138 1 67 0 127 53 36 61 72 208 18 14
    255 128 16 150 104 255 255 255 190 89 255 255 204 214 13 255 255 255
    0 84 0 208 39 255 255 206 0 130 70 255 72 255 153 103 65 94 6 211
    134 236 0 35 180 255 255 0 235 173 255 242 0 1 129 40 198 0 25 147
    28 255 59 214 223 45 82 202 0 172 148 255 8 17 178 255 0 0 251 174
    242 0 255 206 0 255 255 255 255 191 214 255 48 129 33 22 69 0 223
    144 255 247 16 218 143 255 12 84 0 0 0 0 161 161 0 212 173 29 154
    255 136 105 255 255 26 32 187 22 0 65 157 16 0 0 39 0 212 187 121
    240 0 151 203 172 238 0 64 255 182 0 96 18 0 35 23 119 185 111 0 255
    181 102 255 255 74 122 252 12 14 0 131 64 255 99 255 0 255 101 81 0
    4 255 255 251 145 255 255 220 0 0 193 152 108 255 0 199 0 167 0 0 0
    255 183 38 70 22 255 238 189 255 169 115 58 0 255 0 21 179 0 77 128
    237 255 207 78 110 0 0 255 144 255 255 214 243 255 23 255 75 0 33
    255 94 254 255 116 40 58 248 84 182 0 0 111 251 222 178 69 215 122
    223 0 2 121 239 255 18 255 84 101 49 133 114 232 218 255 0 255 136
    90 255 0 0 43 91 0 235 255 255 0 54 87 8 33 177 117 130 8 136 0 255
    197 109 125 0 40 255 201 34 102 0 0 52 0 180 255 80 39 201 255 0 169
    132 152 220 72 171 255 193 160 218 78 74 255 252 239 172 8 136 25 66
    179 241 1 255 185 43 102 161 117 119 255 29 143 255 252 236 144 0 12
    0 215 40 125 29 0 9 255 0 0 26 0 86 151 61 0 201 0 141 0 51 105 26
    176 255 7 148 211 250 145 145 0 80 163 0 56 90 0 99 182 0 27 51 254
    255 255 64 0 160 255 175 65 128 55 0 45 182 255 255 255 0 179 235
    193 23 0 0 224 255 240 188 255 156 123 43 255 255 62 100 255 78 0
    255 255 18 104 249 255 210 246 0 6 108 255 126 0 255 231 116 39 27
    45 135 255 153 255 72 255 171 255 255 0 239 203 0 209 255 95 159 0
    174 0 255 255 115 255 170 0 255 118 0 58 0 249 0 237 0 255 0 249 79
    215 0 245 215 0 187 255 255 235 224 255 194 222 130 66 178 255 0 51
    231 79 0 177 255 0 255 86 178 255 95 109 69 255 183 151 175 0 93 0 0
    0 28 255 0 89 255 28 255 121 227 255 99 255 0 4 255 121 224 215 0 0
    19 255 0 255 231 150 255 89 255 0 104 255 242 0 0 48 140 218 82 187
    0 255 89 150 255 77 255 47 192 242 0 229 99 109 193 0 255 0 0 255 0
    121 185 255 83 0 0 255 3 118 0 0 120 115 27 255 157 168 129 162 37
    223 255 255 132 255 66 255 139 255 117 124 185 4 0 0 177 0 47 28 255
    199 255 255 0 196 0 0 0 165 177 84 234 240 179 255 238 220 22 254
    255 10 0 168 62 52 4 250 64 167 107 160 42 240 2 237 206 255 43 0 0
    114 0 255 158 86 255 255 255 255 255 107 200 178 255 154 94 113 168
    70 100 146 113 122 254 240 133 147 220 242 174 63 31 35 200 142 1
    167 137 0 71 255 71 131 255 176 108 255 20 255 209 255 3 0 19 255
    188 34 2 48 86 0 0 246 135 98 255 232 244 204 0 255 0 0 235 0 0 15 9
    8 0 255 0 255 124 166 24 255 150 255 5 124 183 234 255 0 137 220 25
    0 169 255 0 251 198 255 9 137 0 46 255 1 245 255 255 60 191 197 0
    255 0 255 11 171 88 166 234 38 241 51 24 252 235 18 255 83 15 160
    255 36 125 60 225 0 229 255 125 5 139 23 91 0 173 0 237 0 226 0 255
    225 39 95 255 0 147 255 255 0 177 66 69 255 0 0 123 0 255 234 84 175
    136 255 142 52 169 65 179 255 248 0 62 0 0 255 100 0 19 83 148 255
    89 28 0 0 0 190 221 48 253 19 186 192 0 167 255 255 2 139 81 0 0 0
    196 1 236 255 240 0 162 229 71 255 255 255 116 24 255 0 117 214 0
    255 42 235 231 0 219 203 134 147 38 90 252 216 255 203 32 0 135 20
    140 105 80 99 0 255 190 198 164 90 255 1 149 255 244 255 156 20 169
    180 111 0 121 227 116 255 183 56 137 43 48 176 245 255 232 255 0 117
    255 0 29 151 0 0 135 40 197 255 0 82 236 255 0 124 255 255 189 175
    255 255 178 255 255 220 249 210 255 185 152 179 116 16 88 101 120
    243 0 253 255 155 123 0 255 0 43 255 102 9 129 0 0 0 255 162 180 53
    55 0 199 78 132 255 255 137 255 0 163 0 46 81 0 0 0 0 57 140 235 172
    1 0 5 0 44 0 249 255 70 202 255 33 198 0 223 255 16 0 144 0 240 255
    255 161 0 191 44 8 255 15 32 149 223 244 255 71 255 21 0 189 17 113
    124 0 72 0 163 230 9 198 191 43 0 163 248 255 4 18 79 255 255 0 185
    58 175 32 248 200 175 209 60 0 0 85 76 183 253 0 100 0 46 255 255 61
    254 111 177 255 175 99 23 218 0 0 26 137 148 238 255 202 255 202 255
    176 104 255 193 224 141 255 62 236 255 255 255 177 0 187 40 0 255
    232 126 255 209 255 137 95 138 248 0 155 242 35 98 0 0 0 164 55 0
    202 28 48 255 112 208 150 140 155 0 0 60 53 218 0 255 0 39 58 255
    239 0 244 111 0 0 226 255 0 21 255 224 239 201 0 0 180 153 0 168 186
    66 0 255 180 78 2 255 255 193 255 159 52 139 0 140 255 183 172 0 255
    0 255 152 37 255 252 177 132 164 255 255 171 253 255 49 0 103 246
    255 137 255 255 0 255 177 255 157 36 138 231 255 0 237 255 0 255 255
    244 0 255 0 232 192 71 31 79 197 143 0 255 219 0 255 171 85 255 253
    194 255 155 107 180 170 255 164 102 36 255 193 255 155 255 0 115 253
    6 165 14 136 255 142 255 219 123 0 255 181 120 8 106 255 44 180 143
    242 255 255 15 0 3 238 155 22 175 0 156 221 211 56 0 255 60 104 255
    153 147 211 62 255 255 0 255 0 143 197 67 200 0 255 255 255 72 236
    106 0 125 0 255 217 46 255 0 239 170 67 9 255 45 255 208 0 220 0 64
    90 245 175 0 0 133 0 147 247 255 12 50 255 16 0 245 206 98 217 0 0
    195 0 0 205 255 0 255 255 77 131 139 0 68 255 255 0 0 184 112 150 0
    3 246 255 243 21 204 23 13 169 143 135 3 200 178 255 0 186 48 117 0
    255 0 21 158 246 0 200 194 255 212 142 144 120 97 0 0 67 255 0 255 0
    0 0 127 154 87 255 0 124 0 219 110 180 0 255 233 190 210 238 255 79
    65 109 41 56 247 0 0 255 111 157 91 24 219 0 95 254 126 4 205 222
    132 80 100 90 70 0 193 176 0 0 0 255 0 17 65 0 0 195 255 32 101 255
    255 90 255 255 0 54 150 78 255 44 105 246 255 158 0 0 98 0 255 98 61
    154 255 255 208 64 200 60 32 40 186 100 159 201 152 176 255 0 255
    161 83 53 0 252 75 1 190 255 86 0 255 157 255 30 0 38 1 0 25 201 244
    30 4 255 255 0 246 107 0 115 159 196 191 92 75 104 0 27 255 0 196
    154 41 98 86 171 145 255 110 146 0 182 82 125 255 109 195 179 255
    255 255 255 0 147 153 223 230 91 39 0 80 124 83 157 4 83 234 101 43
    0 255 255 96 0 84 255 227 8 39 255 139 0 190 0 9 0 255 255 49 255
    150 255 13 1 255 128 251 255 1 181 39 173 255 0 16 188 68 45 0 90
    160 255 239 163 255 140 116 149 31 85 28 140 61 0 0 0 255 43 255 189
    134 8 189 255 0 3 222 31 255 4 130 182 26 207 0 16 0 55 40 248 96
    205 60 0 169 19 45 204 0 0 197 33 237 9 150 255 195 21 130 92 215
    199 73 102 56 85 62 0 0 5 0 16 247 250 46 34 13 255 214 255 16 0 138
    255 0 0 198 75 88 186 131 184 15 255 0 0 255 255 116 200 255 0 225
    130 103 200 105 0 193 255 154 62 10 255 89 255 227 255 65 0 123 197
    255 204 0 0 160 0 49 0 180 0 137 222 255 0 255 255 141 255 0 0 10 14
    30 90 0 255 127 164 162 170 0 10 0 198 54 102 255 255 0 255 92 0 147
    255 73 0 35 237 114 27 142 236 164 55 255 43 255 36 241 234 175 145
    165 131 121 0 27 255 144 255 145 116 224 255 255 36 44 0 200 75 227
    27 156 8 152 0 20 193 76 141 255 255 44 31 186 232 237 255 24 0 103
    247 165 165 0 0 237 255 118 71 4 1 0 125 0 107 148 20 0 185 65 255
    255 74 255 48 234 255 83 255 18 231 82 250 71 226 4 80 255 120 240 0
    55 95 173 232 169 255 0 233 171 112 255 0 114 69 130 255 255 255 14
    46 147 234 70 223 236 254 0 255 255 92 97 64 210 0 0 0 255 213 212
    71 28 160 255 78 5 129 149 226 9 206 255 130 216 133 211 141 0 105
    200 255 30 1 100 176 93 0 255 0 198 75 46 33 152 105 255 0 0 139 179
    45 210 255 100 98 180 255 255 110 72 0 255 239 255 40 0 154 126 185
    8 215 148 153 28 0 202 61 0 117 12 51 2 39 14 0 66 231 89 140 62 0
    135 92 255 219 189 228 184 255 88 71 192 66 0 145 0 36 0 0 31 69 107
    0 60 34 221 21 63 4 227 90 255 255 0 255 107 172 195 0 0 0 214 104 0
    149 254 255 255 20 0 55 0 0 113 120 0 0 179 191 0 217 255 210 233 0
    175 0 144 66 255 0 0 53 208 18 136 182 127 0 25 244 255 52 34 84 255
    255 255 255 26 73 141 162 0 0 194 255 0 0 179 137 0 131 230 22 215
    255 97 182 203 133 18 255 255 0 0 51 23 0 150 131 29 255 33 0 148
    142 0 187 255 0 6 255 255 255 32 80 11 0 255 0 0 115 255 70 255 193
    173 247 173 35 255 58 12 45 212 42 209 0 93 185 96 73 75 0 0 30 0
    244 234 255 99 0 8 255 21 52 93 151 0 89 255 77 120 152 236 0 0 247
    143 201 255 228 33 255 175 0 255 93 227 0 255 0 0 255 246 72 255 29
    41 255 105 0 162 96 129 43 45 255 157 220 138 255 53 44 255 255 255
    52 255 1 63 255 0 121 255 56 193 0 181 70 178 195 95 0 5 51 38 194 0
    0 161 7 255 0 0 255 137 103 0 95 255 20 251 255 62 48 224 253 122
    236 0 82 169 164 178 255 176 255 255 90 134 255 32 255 101 222 255
    122 139 85 255 255 88 220 255 255 83 255 0 255 217 25 218 148 83 212
    0 0 24 0 0 117 224 0 138 219 100 255 0 229 255 26 255 0 224 144 254
    242 0 175 163 255 15 47 141 255 0 114 35 50 95 0 21 0 0 26 255 255
    244 114 93 79 0 28 53 0 0 116 255 27 179 28 0 0 131 255 29 193 255
    108 19 255 38 40 206 69 248 72 255 32 0 58 17 101 159 173 174 255 47
    50 235 0 60 113 255 255 228 255 194 0 202 255 250 0 123 125 235 156
    0 109 0 155 255 164 112 255 235 16 255 247 12 47 57 0 6 32 255 238
    255 8 0 127 0 0 228 200 53 218 0 199 193 202 153 73 229 205 74 195
    101 255 206 9 57 130 23 252 255 147 120 127 0 68 77 5 101 0 162 91 0
    152 153 23 115 55 3 255 255 255 89 207 206 197 255 255 38 0 66 255
    114 255 59 249 0 0 247 73 100 243 255 110 0 53 255 180 54 73 0 89
    166 213 186 255 10 55 0 255 15 223 218 140 255 255 0 172 0 18 255
    252 150 148 70 3 170 255 17 72 233 226 255 53 10 242 255 192 234 0
    71 30 0 0 255 33 207 78 19 223 99 85 90 1 255 255 255 85 32 100 96
    255 133 152 42 255 0 0 36 39 95 255 255 215 233 143 255 0 0 255 200
    152 195 154 0 18 18 103 0 0 22 255 0 0 255 255 178 159 255 99 0 233
    98 120 241 66 204 0 185 0 140 255 16 92 228 255 0 149 255 204 226 61
    101 9 42 255 0 38 0 148 161 255 21</data></my_img>
<your_img type_id="opencv-matrix">
  <rows>128</rows>
  <cols>256</cols>
  <dt>"3u"</dt>
  <data>
    100 171 225 5 0 92 223 40 27 161 121 168 255 0 255 198 37 1 173 114
    0 0 152 255 0 209 255 0 0 0 15 169 0 0 195 244 115 255 158 255 29
    255 142 101 255 0 153 72 84 0 255 157 0 255 43 248 92 20 255 255 146
    108 0 255 183 60 148 0 109 76 17 0 255 10 106 255 28 173 9 206 255
    143 123 214 218 74 224 141 85 255 151 0 167 216 112 0 0 255 162 43
    255 171 0 3 168 232 24 255 131 245 174 0 74 91 0 18 85 0 36 85 99
    255 85 146 200 146 0 0 102 95 255 0 0 255 242 175 129 75 199 57 121
    121 101 44 194 0 45 123 170 0 0 212 44 0 235 202 0 176 255 31 80 58
    0 98 145 36 231 101 133 142 255 0 0 255 255 43 219 155 141 0 156 241
    255 83 153 153 255 158 71 81 177 96 207 255 34 176 10 128 69 122 0
    193 75 255 40 148 255 65 222 0 24 255 232 5 255 255 153 0 46 45 0
    144 47 165 172 247 255 11 120 255 0 84 102 83 0 135 28 255 142 150
    109 228 255 230 255 0 255 243 198 245 187 0 255 63 0 199 216 255 0 7
    28 255 48 126 0 158 1 0 136 255 255 0 154 154 255 143 123 133 114 26
    20 209 0 215 37 214 169 135 20 221 177 149 255 255 142 19 255 175
    167 255 31 0 0 255 138 111 134 0 255 58 168 136 0 55 0 176 255 70 83
    121 30 232 217 255 255 123 243 0 106 255 251 255 0 35 255 54 124 233
    255 13 245 245 161 159 0 116 245 81 76 82 17 255 215 255 217 0 255
    255 211 166 255 194 0 50 255 195 245 255 127 255 89 142 255 255 234
    29 0 92 138 255 13 255 133 255 0 199 105 0 0 255 134 18 201 162 18
    82 84 41 255 46 0 200 74 97 255 42 53 218 214 145 240 0 255 54 176
    153 202 0 0 103 65 26 253 202 255 0 92 255 0 255 187 0 255 255 37
    132 198 106 37 18 158 86 0 255 150 0 146 204 132 133 148 0 227 169
    255 255 205 164 214 96 0 255 217 109 9 255 255 0 24 179 129 160 0
    255 200 32 255 147 120 105 69 0 99 255 149 251 14 123 255 232 56 11
    120 254 88 255 0 0 0 155 0 124 255 65 52 127 0 0 255 156 234 0 21
    255 255 38 0 200 214 246 247 0 255 73 0 142 48 124 191 157 135 255
    255 255 20 222 218 255 34 251 255 0 255 207 255 230 99 194 249 255
    236 255 42 83 0 203 159 108 195 173 11 182 109 126 227 132 9 16 107
    85 152 255 0 8 209 1 119 211 220 44 0 244 226 255 136 255 176 105 92
    243 51 255 81 86 247 245 57 0 255 47 255 0 201 149 253 255 36 213 73
    243 0 0 240 0 253 0 153 255 0 84 171 0 73 255 127 54 65 156 108 0
    211 54 0 255 255 0 255 11 69 63 255 233 95 228 0 253 56 255 0 0 0 0
    0 95 9 0 188 173 207 222 255 255 51 255 32 0 21 150 95 255 255 0 255
    130 23 243 252 255 40 0 0 89 34 10 255 8 255 255 2 255 0 255 56 158
    57 51 255 255 72 118 234 121 96 0 140 156 255 5 163 0 0 188 255 125
    168 229 0 142 32 56 6 240 255 176 89 194 232 84 80 240 86 255 180 40
    246 252 217 255 255 0 84 235 98 176 35 0 255 255 208 4 255 0 10 147
    198 0 249 69 207 146 0 153 35 81 86 0 217 32 0 51 5 73 70 230 255
    255 162 81 255 109 255 160 255 224 255 0 255 115 8 255 51 0 72 255
    47 92 86 255 217 0 228 0 22 203 137 137 41 255 160 0 255 152 0 248
    255 255 100 222 24 0 56 244 130 255 93 0 97 255 255 131 0 255 80 234
    255 0 255 111 254 50 255 0 249 206 255 0 21 0 0 155 0 87 209 73 110
    0 153 31 213 255 0 62 23 242 74 180 0 151 83 16 255 226 0 204 62 93
    255 28 30 54 169 0 199 199 54 237 249 235 75 126 80 230 0 28 255 0
    30 84 36 92 2 95 0 40 247 106 255 60 94 195 0 246 0 226 105 142 220
    99 246 156 220 40 0 0 0 255 255 176 255 0 128 2 255 157 107 21 215
    179 255 13 93 28 89 0 132 0 255 220 0 194 255 255 255 0 86 15 194
    225 20 74 231 157 255 140 121 116 29 98 134 255 254 135 255 129 40
    67 212 0 181 147 190 159 255 202 18 141 56 186 255 211 0 255 255 133
    204 255 202 0 31 247 159 0 0 233 1 255 152 255 210 108 0 0 108 0 136
    0 203 49 54 200 3 154 15 124 77 229 236 255 94 9 192 241 0 0 143 255
    72 255 255 93 0 104 255 0 252 0 38 219 0 60 70 114 255 248 0 0 34
    157 225 0 221 7 174 255 79 182 28 57 0 0 117 61 105 109 229 3 203 0
    139 196 54 192 176 255 168 180 26 209 189 0 110 255 0 0 228 181 247
    255 255 223 255 175 179 239 220 0 233 255 62 255 58 182 225 180 195
    172 88 120 198 255 223 44 255 215 0 0 85 249 96 72 55 81 87 103 140
    0 93 0 182 10 0 255 0 158 53 51 255 100 171 110 31 255 33 66 0 88 40
    0 132 212 255 255 96 181 158 108 186 21 212 60 64 255 255 176 0 25 4
    233 0 159 221 235 255 31 255 26 255 179 206 0 255 96 168 225 255 255
    111 0 3 0 60 87 255 63 255 255 245 14 93 0 163 0 83 121 0 0 255 254
    0 0 0 51 57 138 252 50 196 71 157 232 0 0 197 114 183 255 0 116 39
    255 63 40 89 255 196 175 236 70 255 255 110 151 255 138 62 74 58 91
    78 168 42 0 246 147 255 0 97 255 255 174 133 255 0 155 159 65 19 0 8
    121 150 132 255 192 133 227 199 64 137 10 79 111 231 63 232 37 255
    255 125 246 227 0 0 101 0 255 11 59 255 104 173 62 135 0 255 213 0
    39 255 80 194 255 0 135 79 50 222 231 28 255 189 5 105 255 76 199 35
    56 18 37 242 0 5 17 0 0 144 0 255 0 51 28 227 0 0 0 199 222 0 39 255
    16 255 116 151 0 212 124 255 0 106 255 83 185 255 0 0 255 255 12 11
    72 0 229 64 255 0 13 12 166 0 139 0 255 255 198 195 158 255 22 24 0
    215 255 40 0 25 0 233 255 255 255 145 204 21 255 183 117 0 120 255
    184 255 78 172 255 32 39 31 255 97 115 94 33 0 134 255 174 255 40
    206 212 0 13 0 0 0 58 192 0 237 212 255 0 181 255 0 255 0 0 24 148 0
    233 0 0 255 11 188 235 109 169 130 77 24 0 67 167 196 187 85 168 172
    255 255 173 255 55 10 255 0 160 31 0 11 50 23 255 252 0 72 148 45
    192 128 43 160 181 119 65 255 73 255 222 111 169 222 89 173 107 150
    120 190 102 149 209 183 77 255 176 21 35 249 79 109 96 136 68 121 11
    0 204 134 54 0 19 255 0 255 238 152 95 27 225 255 59 255 255 255 0
    159 219 199 174 181 255 111 146 0 230 97 0 74 238 255 6 0 224 255
    124 31 131 250 0 243 255 118 228 0 226 134 38 238 136 202 34 255 37
    255 128 255 102 168 53 199 0 197 0 0 255 162 0 255 55 1 85 255 248
    52 0 255 255 0 193 70 217 198 0 0 219 0 146 64 0 255 102 255 102 237
    66 200 218 0 246 253 255 120 128 11 247 0 150 240 86 40 0 71 56 255
    39 115 225 167 255 255 21 225 202 76 104 91 221 103 255 255 57 0 86
    70 39 143 0 106 7 84 255 50 199 40 255 89 0 0 218 240 33 167 0 255
    170 55 131 197 53 12 255 0 0 255 0 255 7 123 255 65 255 0 0 0 229
    255 222 104 232 255 84 97 71 206 206 107 255 31 255 226 255 255 184
    207 140 97 121 150 255 0 43 0 255 104 255 62 255 104 37 144 47 192
    157 0 0 38 131 0 0 75 0 169 141 255 102 143 71 1 19 0 26 227 32 174
    38 0 28 222 0 255 248 125 66 0 117 212 120 255 0 60 0 0 255 85 183
    188 143 0 204 31 193 0 200 150 76 255 150 247 0 255 255 200 92 63 0
    38 255 255 0 48 54 255 138 156 59 239 156 0 255 0 38 175 255 242 255
    255 134 225 241 250 70 33 159 255 0 0 0 255 163 9 0 0 148 255 221 37
    119 0 109 203 77 227 179 24 255 30 0 0 241 255 16 0 208 0 39 121 115
    0 27 0 5 163 84 164 150 0 100 201 0 30 175 255 0 165 194 53 255 0
    255 0 255 176 143 167 28 31 43 0 0 178 137 16 214 102 255 0 253 255
    60 0 46 0 0 216 114 99 0 74 0 227 226 255 24 244 255 239 255 191 132
    255 255 0 255 245 152 255 111 19 0 0 102 120 88 96 211 165 0 255 75
    255 0 226 207 0 0 171 3 225 0 255 231 255 238 236 247 156 21 0 185
    54 243 254 233 255 0 25 255 0 254 255 255 255 107 0 171 179 164 0
    255 65 39 0 246 215 33 71 0 24 167 0 255 221 255 46 0 207 82 255 189
    151 40 252 173 141 55 226 0 0 182 244 1 0 30 174 133 167 0 84 180 24
    115 255 107 100 0 255 255 255 255 33 58 146 135 87 0 255 255 56 146
    213 203 177 44 255 255 112 255 221 0 0 255 118 0 0 78 0 50 0 237 80
    0 255 178 0 0 255 0 255 100 0 237 246 194 112 1 166 39 73 0 255 255
    213 241 255 196 200 255 97 243 0 39 72 220 245 156 142 0 0 255 255
    244 167 139 255 0 106 255 255 0 255 161 255 253 0 253 255 255 37 168
    255 0 255 255 255 158 122 255 216 4 219 149 73 151 170 62 158 0 255
    153 0 0 255 3 0 255 255 81 54 65 255 5 76 38 0 245 0 0 213 36 255 91
    90 255 191 200 10 227 255 255 0 210 0 255 90 155 48 255 27 158 0 13
    0 52 189 255 255 102 149 16 234 225 255 0 255 199 191 143 255 216
    236 202 79 0 6 165 120 170 210 0 255 255 230 171 88 219 0 234 0 94
    91 250 63 255 78 0 29 138 36 208 255 149 83 255 250 255 214 136 0 0
    62 210 160 8 31 238 60 175 94 27 0 0 43 227 44 40 165 255 191 255 0
    0 18 255 99 0 175 255 255 10 113 211 58 255 255 239 7 255 197 189
    255 243 216 0 74 0 50 20 170 16 0 173 39 5 172 0 9 74 187 0 251 150
    253 173 168 156 29 55 84 225 0 235 8 255 0 0 232 121 179 122 139 255
    0 208 16 34 44 211 14 113 255 124 112 86 255 37 81 22 50 108 0 186
    127 0 0 50 255 174 255 0 255 28 0 42 0 157 28 163 255 0 0 0 255 113
    0 114 169 0 63 112 0 0 32 54 227 251 22 156 255 255 0 255 0 23 61
    236 69 255 166 0 0 255 252 216 0 154 0 170 73 0 105 179 225 24 67
    255 22 172 21 255 181 124 255 255 224 255 72 255 137 149 213 255 0
    207 255 0 119 255 255 139 255 138 207 94 187 26 169 255 255 14 255 0
    210 39 143 255 63 255 214 2 42 0 206 255 0 227 195 210 155 183 0 255
    0 255 148 90 8 194 73 74 0 145 248 34 118 248 121 255 159 89 140 54
    74 255 255 67 216 0 164 255 0 0 204 105 28 135 255 87 0 28 0 0 0 242
    0 255 0 220 73 0 192 153 205 71 0 255 161 118 255 255 161 204 255
    255 211 255 0 0 255 0 119 17 74 213 255 255 172 63 216 52 12 79 20
    181 177 67 0 19 90 0 0 222 55 77 107 111 255 255 0 0 125 177 0 255
    65 78 110 44 34 140 74 0 94 255 255 255 63 0 60 101 177 208 181 255
    185 96 187 186 242 127 73 237 121 217 0 2 0 255 86 0 0 175 232 255 0
    0 22 220 255 162 113 84 222 19 255 159 49 255 192 0 0 147 20 225 9
    65 49 21 0 159 255 203 198 90 255 0 80 212 37 249 255 255 216 255 0
    8 0 249 0 255 97 255 0 0 53 0 254 225 178 0 255 0 0 227 98 255 99
    255 134 17 102 142 0 255 213 255 110 0 0 0 0 209 223 0 63 167 87 217
    189 255 0 1 0 255 0 22 124 236 255 158 255 133 73 95 133 108 0 185 0
    0 0 255 26 249 134 0 139 255 165 225 85 11 0 145 63 231 255 236 35
    74 0 230 158 0 78 255 255 70 104 0 115 144 255 51 0 255 168 72 255
    255 63 255 231 255 32 0 178 183 0 255 255 0 244 237 255 135 211 0
    169 91 90 190 74 0 255 17 58 216 255 54 153 255 51 0 176 255 39 0
    199 1 196 165 255 203 255 255 63 0 78 169 0 26 21 197 205 233 24 255
    244 0 118 49 255 255 65 64 178 147 192 250 227 255 0 255 0 74 7 71
    95 77 255 7 255 139 255 73 0 0 226 255 69 255 73 124 140 240 66 163
    242 31 140 0 143 139 215 255 91 255 151 255 169 0 0 217 0 26 9 255
    164 0 162 252 0 90 204 255 255 158 7 221 73 255 26 177 0 255 62 105
    166 255 0 250 45 255 209 94 0 255 28 241 255 255 255 0 195 255 86
    227 95 178 0 44 219 255 206 182 107 0 49 0 0 153 233 250 154 19 88
    255 45 0 245 168 193 12 0 0 92 0 41 204 0 255 0 101 255 126 133 0
    255 255 140 0 255 4 255 179 0 255 255 156 98 31 255 229 131 29 0 0
    94 0 32 181 101 0 152 0 192 107 211 164 255 163 245 244 64 0 176 18
    174 0 141 41 98 0 0 223 254 70 233 255 108 0 255 143 0 21 236 80 248
    246 209 0 43 255 0 219 255 255 154 0 13 8 3 224 192 78 255 0 82 239
    189 255 18 143 156 48 134 255 133 68 87 255 255 255 191 73 227 32 6
    19 112 144 115 167 0 153 180 239 78 73 169 253 255 194 131 0 71 189
    0 23 255 246 255 0 0 0 0 0 0 193 146 112 255 255 0 154 199 104 127
    211 255 49 124 92 197 9 255 22 116 234 13 255 255 74 255 105 254 255
    80 255 103 37 255 255 255 123 255 220 124 141 255 228 0 72 255 100
    194 255 237 186 62 255 0 255 3 0 255 0 243 255 255 255 131 0 19 141
    85 0 255 0 255 0 255 0 65 106 214 180 97 104 36 13 0 82 0 55 255 159
    244 237 255 48 255 0 241 255 50 248 0 255 105 82 193 0 255 0 150 217
    180 0 255 228 0 139 84 7 91 0 29 255 26 30 199 0 110 63 57 0 0 0 255
    255 255 175 0 0 0 0 255 0 212 228 57 136 0 206 118 0 129 12 190 0
    151 143 102 194 62 173 70 250 0 72 80 68 173 227 22 24 103 69 200 52
    188 152 56 199 0 232 40 220 242 255 0 93 0 49 255 198 0 255 0 194
    114 195 0 255 219 110 81 21 150 255 67 0 112 127 0 255 128 0 155 212
    15 188 255 19 65 0 152 0 106 0 255 0 132 0 206 0 122 157 30 199 255
    0 105 233 255 201 0 255 15 188 0 0 0 0 42 204 255 108 125 255 25 221
    0 255 214 0 26 108 225 55 78 255 253 214 255 0 160 201 255 255 133
    236 41 0 0 248 91 15 0 208 239 10 82 215 243 241 19 255 255 220 255
    255 247 50 0 23 191 38 208 129 255 188 255 255 156 0 68 83 216 0 70
    193 255 48 195 48 65 228 0 0 0 0 0 0 135 19 0 255 255 0 0 221 162 51
    0 163 131 255 223 12 112 255 239 0 255 171 255 255 255 255 14 159 24
    255 0 0 0 255 222 0 17 234 255 71 239 207 255 255 217 30 0 182 89 0
    22 137 34 172 192 0 189 104 0 185 135 38 236 0 0 179 0 217 112 209
    254 119 184 53 255 255 255 255 61 59 38 36 0 255 211 159 14 59 220
    55 241 62 187 3 0 186 54 255 255 255 96 216 76 145 255 0 87 96 208
    186 114 12 166 200 255 0 234 217 255 0 108 238 130 0 0 255 99 255 93
    255 255 255 255 31 156 248 236 162 0 0 102 65 0 0 255 0 245 0 57 191
    0 9 0 255 228 0 18 0 228 255 43 246 207 94 109 0 124 0 209 93 109
    255 0 255 0 62 99 0 0 0 17 56 255 255 108 19 238 0 71 40 154 73 0
    255 100 220 0 205 197 225 0 198 162 195 139 172 130 86 131 93 101 0
    0 248 255 148 245 249 83 0 136 29 144 254 0 133 29 0 24 153 255 0 0
    76 83 225 0 2 184 253 0 63 142 192 255 0 178 0 111 98 147 113 255 43
    144 244 255 0 0 0 255 159 29 171 0 255 93 0 0 255 255 0 28 43 3 169
    148 69 231 218 51 31 34 159 31 0 51 0 223 0 166 63 0 0 90 95 137 56
    0 10 0 40 188 224 0 170 0 255 207 241 95 255 0 19 77 38 255 8 48 0
    255 0 63 0 42 166 174 203 0 200 204 0 34 11 56 249 53 0 255 153 0
    253 255 162 241 223 0 255 238 255 255 0 22 141 179 255 255 0 39 255
    129 100 117 0 114 0 170 113 228 0 210 255 73 72 170 0 252 186 201
    255 169 236 131 155 53 255 229 0 255 179 0 11 129 14 0 0 209 255 132
    255 18 0 0 163 0 119 0 0 70 15 36 0 92 18 22 130 0 99 139 47 164 255
    39 30 50 31 255 0 0 255 0 0 0 255 255 174 96 0 196 54 2 190 0 132
    166 0 0 155 0 194 0 147 141 235 28 188 255 131 0 86 251 255 124 255
    122 0 79 247 219 111 253 138 132 198 72 255 245 75 63 5 255 88 255
    182 255 255 165 252 134 156 71 216 255 201 48 0 161 115 101 255 49
    255 215 146 80 0 240 34 132 255 47 0 184 4 207 14 0 0 255 255 211 96
    255 216 130 132 255 173 126 91 149 71 89 0 128 0 0 208 226 0 87 255
    0 0 249 50 255 138 0 159 255 140 242 255 255 0 252 255 33 152 0 255
    189 0 216 255 188 255 0 72 255 0 255 0 109 255 224 0 79 255 0 255 0
    149 109 62 0 252 10 178 230 110 86 157 32 205 255 254 0 0 186 40 45
    18 17 25 0 0 222 3 20 83 225 128 0 255 89 255 176 132 0 194 0 204
    255 255 141 255 255 0 109 48 241 88 0 87 60 255 0 233 0 178 138 255
    0 0 73 164 0 138 44 25 145 255 208 239 255 107 0 28 0 16 2 255 6 0 0
    237 22 29 255 0 0 211 58 205 159 127 50 0 255 64 255 0 0 126 0 0 85
    255 63 0 183 112 24 203 0 136 177 255 140 239 255 177 0 159 0 180
    246 26 0 255 0 88 0 255 118 98 232 255 249 32 8 255 43 121 255 255 0
    200 243 255 181 135 255 155 49 111 0 65 147 0 0 68 255 55 122 123 0
    52 105 20 50 209 244 255 250 0 0 31 9 222 0 133 223 221 255 180 200
    144 61 255 132 255 193 44 207 103 50 0 209 255 134 233 127 255 54 0
    213 255 209 226 172 0 0 195 90 78 0 186 150 222 255 0 35 181 0 0 115
    4 123 255 0 255 127 88 246 0 240 0 218 177 208 0 147 255 255 184 255
    0 0 1 20 13 255 0 137 255 165 255 244 140 0 242 213 57 0 190 212 215
    255 255 85 255 255 5 255 255 237 231 255 0 151 98 114 215 0 177 24
    87 255 13 81 0 33 54 189 116 255 0 255 148 77 204 27 131 227 222 255
    132 171 0 238 255 42 41 0 208 54 59 0 158 12 8 0 0 184 0 162 0 174
    191 104 255 0 30 130 86 137 192 128 111 46 255 0 31 255 39 255 233
    255 0 49 22 254 122 158 219 0 64 109 69 3 0 51 92 162 0 255 0 146
    228 255 255 255 60 105 166 20 12 136 212 221 255 33 34 0 43 70 15
    220 255 6 0 97 57 72 176 173 130 54 9 212 255 160 27 255 0 94 255
    237 97 0 255 0 109 132 0 134 49 168 246 102 82 255 170 40 170 53 191
    255 67 42 134 219 144 242 217 15 233 146 221 14 0 73 208 255 229 201
    116 0 255 255 255 56 158 102 255 255 245 0 0 255 0 132 45 41 232 231
    230 48 36 122 38 0 101 0 25 255 208 191 50 51 46 0 77 120 176 196
    184 26 239 53 191 0 255 255 0 76 0 0 184 0 48 178 125 216 197 113
    180 204 167 54 175 75 133 122 217 16 2 164 0 255 255 133 82 192 123
    170 173 255 255 29 169 255 255 255 86 255 143 43 204 0 94 25 231 0
    226 72 164 81 84 182 148 255 13 186 237 27 0 255 120 255 0 143 166
    76 245 124 255 0 112 255 31 0 255 0 246 167 83 0 14 170 0 0 0 94 51
    0 96 0 112 48 201 255 41 219 200 255 196 0 31 13 65 255 0 219 236 20
    255 148 222 117 22 0 98 12 6 0 0 157 72 237 0 224 255 255 0 169 66
    160 255 0 0 237 255 92 255 116 100 0 255 109 152 255 145 226 0 0 19
    0 11 0 0 205 153 0 193 39 107 133 202 238 0 225 133 61 255 231 0 255
    0 169 11 0 82 146 0 255 220 61 255 171 255 40 247 255 255 99 34 255
    13 12 90 167 255 1 53 154 1 85 56 103 242 53 117 249 53 118 225 0 49
    88 94 255 187 96 255 31 98 105 131 102 209 255 76 0 225 75 0 102 183
    0 0 254 0 255 32 99 255 25 194 17 137 121 255 34 65 13 92 170 255 0
    255 190 246 2 246 0 255 33 255 114 255 255 255 64 120 114 163 175 73
    187 124 0 126 36 106 255 248 255 255 154 124 0 79 172 140 15 116 93
    153 26 173 83 55 255 219 144 199 0 253 254 255 169 188 203 0 0 151
    33 224 187 0 18 222 0 69 240 255 38 0 255 255 4 0 255 143 255 246 12
    255 150 6 177 219 247 155 0 0 0 255 42 76 255 255 0 255 255 53 121
    105 0 225 255 23 75 233 255 255 219 0 255 155 33 247 21 4 255 204 0
    0 0 255 255 0 255 13 38 0 127 22 197 248 74 9 179 255 5 0 30 111 255
    251 255 102 23 199 222 20 255 181 44 116 255 0 117 63 166 81 91 81 0
    255 205 255 77 255 0 35 55 255 87 96 255 255 169 101 127 130 0 162
    196 23 95 242 32 130 49 250 246 59 110 253 97 193 16 255 33 0 255
    149 0 41 0 0 39 0 255 215 163 255 0 255 217 255 55 122 29 255 107 0
    172 237 210 255 119 0 128 160 28 255 24 113 139 0 0 255 207 127 43
    255 40 0 0 206 255 143 76 255 255 0 125 255 0 255 252 0 193 108 27
    34 0 255 255 255 255 4 49 170 245 0 44 152 151 204 255 69 19 182 212
    247 255 255 129 130 13 38 216 230 255 254 23 43 245 245 0 0 243 0 0
    0 255 76 61 180 121 0 0 177 0 255 142 0 255 255 0 0 140 238 130 237
    84 0 220 178 250 0 189 50 59 20 255 255 154 74 182 61 68 255 67 235
    106 255 94 150 167 95 255 190 217 0 123 127 255 255 43 204 40 191
    154 255 241 94 52 71 166 229 126 207 80 0 154 218 159 255 32 0 255
    195 255 139 160 255 248 255 38 255 108 190 0 23 0 73 35 255 0 0 192
    141 255 49 69 177 255 255 255 185 144 102 53 34 153 112 219 72 60
    251 0 251 4 37 255 189 255 82 255 102 0 108 221 0 7 242 226 212 99
    255 255 255 16 255 202 225 114 0 255 255 0 7 255 0 0 0 48 255 110 72
    0 160 141 18 255 66 65 219 98 200 187 255 187 0 159 161 232 50 255
    251 122 255 188 125 0 94 132 153 255 251 52 0 255 33 0 0 94 255 255
    132 113 23 2 0 0 139 179 255 255 67 221 105 255 0 230 21 193 24 0
    209 245 0 0 78 80 40 255 129 120 180 0 230 0 35 189 0 226 0 61 255
    215 160 255 64 249 232 0 255 0 240 255 243 255 74 0 0 67 56 50 71
    154 0 126 222 255 0 215 224 32 255 0 255 184 255 52 17 255 243 172
    116 255 166 87 0 79 163 130 5 242 34 0 124 255 149 122 106 70 199
    216 227 255 255 86 161 248 94 13 141 193 42 73 251 230 0 41 255 170
    229 223 0 78 233 221 216 103 56 0 93 248 0 247 255 155 255 28 133
    255 46 255 0 255 165 135 58 8 144 0 238 255 77 86 225 107 126 255
    255 156 0 255 0 41 192 86 255 182 255 126 131 0 8 239 221 255 0 255
    255 255 98 145 255 0 0 174 192 200 178 98 0 212 0 202 154 210 0 112
    248 83 106 95 167 0 0 213 57 181 207 158 89 201 255 122 0 0 0 154 0
    116 172 255 218 0 189 255 0 255 32 91 30 0 255 217 0 68 0 255 0 253
    99 0 119 0 16 211 249 0 255 184 159 0 164 255 94 6 0 255 52 0 214 75
    214 0 13 86 119 27 255 84 142 255 59 75 168 0 186 26 0 29 5 255 255
    7 177 255 101 0 155 255 0 6 255 241 0 255 0 0 104 255 193 0 255 89
    62 46 93 0 169 119 0 95 151 35 0 102 255 0 255 255 61 224 88 194 208
    255 0 200 0 255 99 0 246 107 255 52 66 255 255 18 222 177 0 228 255
    73 0 205 105 113 52 255 238 0 255 174 0 123 230 177 0 0 149 196 249
    76 0 255 114 0 39 8 0 0 255 255 0 233 255 0 163 56 0 192 202 224 145
    255 117 255 4 255 255 20 157 106 106 255 233 255 195 48 164 99 255 0
    0 227 150 202 0 0 255 191 47 136 155 115 255 165 255 255 215 125 0
    236 122 171 0 205 68 235 99 0 92 174 70 49 60 0 182 213 201 255 179
    96 255 189 255 231 0 0 94 174 2 0 195 128 186 225 0 51 166 52 181 40
    255 87 244 115 225 163 193 63 128 137 255 173 61 59 44 255 86 156
    255 24 255 187 165 58 0 116 238 0 0 0 124 214 213 255 53 156 255 255
    0 255 255 255 251 0 168 230 4 88 255 255 255 107 156 255 0 34 2 54
    19 42 191 120 86 130 203 163 0 40 71 201 123 118 120 0 0 0 114 61 74
    0 136 0 250 255 78 81 38 0 231 204 0 28 0 126 177 46 0 251 0 145 217
    133 93 255 0 0 97 246 142 35 89 214 255 50 47 255 92 35 0 0 85 255 6
    255 255 17 80 169 173 149 0 255 0 133 236 241 84 44 144 5 44 255 41
    157 25 202 255 216 0 204 104 255 255 31 77 255 249 255 103 237 73 0
    159 255 120 171 255 177 193 157 255 10 169 160 208 0 255 207 0 0 138
    82 0 110 0 230 102 255 255 255 136 255 22 80 108 255 113 215 0 202
    255 0 116 226 168 0 115 0 255 219 4 255 106 220 18 255 198 193 229
    68 141 42 26 0 255 255 139 0 41 0 0 13 255 255 0 255 83 255 0 20 164
    255 129 249 63 255 196 120 175 56 255 0 229 0 195 133 136 0 255 242
    0 0 255 142 76 1 234 255 0 215 0 164 0 28 115 0 199 255 4 38 118 207
    129 255 104 255 252 223 8 246 255 255 8 213 138 230 255 37 13 42 9
    133 255 255 99 193 0 187 0 224 104 66 255 190 0 255 0 241 118 0 126
    175 19 200 255 10 72 252 215 0 197 255 3 0 211 166 0 255 87 225 0
    160 87 255 255 69 223 0 0 57 210 0 79 69 238 0 220 43 57 255 0 12 0
    253 255 0 200 175 89 255 141 51 31 202 0 196 233 11 0 135 27 255 255
    30 255 255 238 40 18 203 194 255 255 255 63 142 68 0 32 28 0 255 245
    167 255 255 131 142 255 108 246 0 82 255 254 0 92 242 0 0 42 238 175
    52 142 236 0 14 16 184 0 255 247 255 246 255 146 0 255 255 88 255 0
    94 151 255 155 139 0 233 255 113 255 101 164 64 0 160 255 0 169 227
    119 255 32 97 98 215 255 0 255 240 99 136 255 130 108 135 52 0 255
    181 87 33 255 240 0 255 0 119 255 0 255 145 176 130 255 87 227 146
    241 153 222 193 255 0 255 255 0 70 0 192 0 61 210 45 0 250 155 0 210
    197 0 49 0 0 9 177 113 210 0 255 119 0 228 216 255 0 0 255 196 143 8
    0 0 93 180 255 96 209 245 124 0 0 255 255 118 0 255 66 240 255 255
    31 92 255 23 173 0 31 0 255 63 193 154 51 240 33 67 132 17 39 0 255
    0 191 100 72 255 17 96 199 0 66 1 0 255 92 255 255 0 79 246 63 226
    139 56 125 0 0 247 207 102 0 0 0 0 132 0 255 248 212 63 100 186 202
    255 0 149 236 98 147 240 1 0 230 255 237 0 178 221 186 107 55 255
    100 195 255 0 0 0 242 1 200 255 255 0 52 255 5 255 115 0 143 0 0 37
    0 83 107 127 149 255 0 218 0 18 225 94 45 255 141 182 144 255 0 255
    188 0 89 21 227 255 21 255 255 125 255 255 0 0 255 185 99 0 187 20
    255 0 4 255 248 0 135 44 255 69 8 75 102 255 170 17 244 108 253 66
    152 255 229 176 0 255 0 255 201 44 0 0 43 151 217 0 167 209 104 255
    255 147 19 255 255 83 201 9 0 0 62 214 0 0 132 0 152 139 28 67 255 0
    113 190 255 0 170 255 255 29 200 255 0 29 233 30 51 0 255 79 228 161
    52 140 179 0 151 86 255 136 187 136 159 60 0 157 0 19 255 81 178 70
    255 0 0 178 33 27 0 225 219 28 0 205 255 178 139 6 0 22 88 0 22 0
    182 195 0 255 9 228 30 210 212 0 64 96 186 165 87 3 0 0 0 235 136
    113 0 255 8 0 91 0 234 14 54 0 255 46 255 242 158 36 13 151 7 58 236
    0 255 104 0 14 74 0 0 132 97 255 0 83 255 0 153 222 255 78 245 79
    158 233 12 0 255 16 206 2 4 255 98 255 197 155 239 155 0 0 58 254 0
    129 187 141 0 193 0 92 255 82 216 147 0 0 0 158 0 229 214 0 255 109
    255 251 196 255 88 196 215 186 255 71 255 203 194 38 216 115 86 0
    255 0 195 130 168 42 190 180 255 0 43 0 176 124 46 160 0 83 0 255 62
    240 0 24 61 0 255 14 0 255 25 255 15 160 0 96 255 201 36 0 24 211 85
    0 0 109 252 93 0 118 34 0 146 11 0 255 77 0 105 141 255 61 94 255 0
    243 0 26 212 21 145 125 207 152 230 255 246 130 129 250 255 255 0
    255 0 0 0 255 199 0 255 0 237 149 42 246 0 202 255 255 73 0 220 48
    207 0 0 169 127 87 194 255 255 252 184 21 110 255 33 251 235 42 193
    58 108 0 122 169 255 24 254 0 87 0 141 0 147 0 68 255 101 0 20 139
    53 233 70 107 174 224 30 128 255 0 67 255 255 255 227 0 12 110 255 0
    196 0 0 255 14 255 76 154 242 157 255 240 255 217 255 128 2 37 120
    93 0 219 0 167 255 213 0 151 38 142 117 238 119 72 80 255 65 0 179 0
    88 255 0 9 255 255 203 51 124 21 255 104 255 10 144 255 99 255 229
    227 0 255 176 64 89 8 255 98 34 0 156 195 255 0 252 255 130 248 0
    255 217 0 104 86 38 99 61 255 148 240 150 162 0 0 187 0 117 133 238
    255 153 99 224 255 0 1 203 188 103 0 24 227 70 77 178 48 255 140 65
    168 29 0 28 230 239 9 0 0 157 121 0 186 79 0 255 0 191 9 255 255 109
    2 0 215 143 174 100 0 121 255 230 2 255 255 51 255 95 220 123 11 245
    177 255 161 118 35 126 180 160 210 59 107 34 230 0 0 255 0 177 255 0
    40 215 172 25 213 249 0 176 186 219 195 255 72 14 195 255 226 0 248
    23 0 47 0 255 255 244 118 122 148 196 255 49 255 93 32 197 0 71 0
    159 135 67 255 0 101 255 175 158 0 0 150 0 126 244 183 53 244 62 99
    175 53 98 235 34 255 23 0 187 189 240 81 80 0 0 80 0 255 225 0 169
    237 76 63 77 98 97 116 204 118 202 237 74 255 194 255 128 85 255 174
    41 234 51 255 198 0 201 127 21 162 49 0 255 37 125 0 255 184 242 86
    255 190 255 0 156 179 0 4 255 107 255 138 165 175 255 120 135 2 2
    223 153 67 0 255 58 213 92 75 245 209 227 0 221 255 11 255 67 255 81
    255 0 178 255 0 0 94 255 0 192 61 177 0 222 0 18 234 67 255 45 255
    176 5 84 14 255 113 0 0 0 83 216 94 128 255 255 71 11 217 0 0 0 42 0
    35 93 0 255 253 255 65 68 255 235 0 0 183 0 0 49 76 205 0 119 255
    255 186 212 255 161 123 255 60 225 65 87 103 209 0 55 156 255 106
    195 161 255 255 115 213 0 123 114 255 150 0 0 0 17 59 0 255 0 0 7
    255 165 70 220 95 160 74 0 109 227 202 0 61 138 255 255 168 200 0 0
    229 138 0 9 61 165 202 0 232 255 163 255 229 162 120 255 152 216 179
    227 188 147 3 255 0 201 178 0 255 136 127 0 112 167 0 255 134 65 255
    0 89 255 74 251 255 47 245 204 101 31 27 254 0 255 242 40 0 255 0
    255 29 34 177 255 0 87 225 255 232 255 36 255 234 232 166 230 10 255
    137 131 210 196 211 124 79 113 0 0 0 0 15 45 163 192 0 0 0 252 66
    244 218 6 16 255 18 167 255 255 12 97 255 234 0 133 81 245 91 26 119
    255 225 0 234 255 0 50 14 129 0 94 89 0 192 231 255 255 109 0 243 13
    0 252 148 255 255 98 64 32 255 0 49 102 29 234 82 138 0 169 231 4
    241 157 81 116 0 10 219 198 129 0 235 209 255 109 255 0 11 0 159 97
    0 255 21 151 18 13 0 255 212 43 255 38 160 255 251 0 211 50 255 0
    255 154 159 205 0 0 255 140 185 11 0 255 195 53 153 26 42 218 255 73
    5 194 255 0 207 255 0 0 176 66 78 0 51 0 231 0 31 58 39 0 165 32 0
    255 210 72 64 145 247 110 0 140 0 255 250 255 248 123 19 155 196 0
    133 221 191 49 15 105 91 84 119 170 255 58 235 255 214 0 255 255 255
    0 247 0 0 91 88 3 234 0 142 255 0 0 11 0 73 53 255 83 0 255 122 27
    196 255 148 0 25 33 0 255 11 218 68 255 104 255 221 0 0 14 43 246
    255 255 181 21 92 255 255 235 112 255 242 61 3 75 255 208 191 141
    133 102 8 9 251 147 18 237 255 109 156 205 0 71 45 0 248 255 0 179
    226 0 50 167 0 1 213 255 119 255 255 82 255 252 8 0 255 0 2 136 0
    168 204 255 4 51 152 65 30 236 0 0 0 104 109 255 0 99 255 11 0 255
    249 154 72 244 44 151 255 189 150 114 0 46 165 57 113 240 41 121 0
    21 255 255 171 169 255 13 174 94 30 210 177 57 123 98 14 150 251 157
    0 58 0 108 0 255 67 0 255 255 118 255 83 29 212 0 0 245 255 0 29 0
    74 195 100 255 2 143 174 236 247 93 205 133 0 0 30 249 0 29 255 188
    0 162 183 0 107 255 59 0 255 122 49 255 107 255 0 0 174 255 216 0
    232 255 176 0 77 255 31 255 22 187 69 32 0 179 0 205 232 0 2 250 18
    56 174 18 30 255 24 255 236 114 102 255 53 120 234 227 118 18 222
    198 203 42 255 121 255 255 127 0 107 82 26 64 179 255 12 191 255 191
    196 236 122 255 0 215 0 205 207 255 201 106 230 255 255 0 135 237
    242 101 255 255 0 244 255 33 55 104 0 0 255 68 53 234 182 130 195
    255 0 103 255 255 37 209 255 241 0 0 0 0 170 0 29 87 90 60 108 108
    91 134 93 28 255 0 17 0 0 210 132 0 79 35 243 212 255 0 166 0 0 2
    247 113 255 202 198 41 5 255 48 85 197 255 163 220 255 60 86 255 255
    246 93 255 0 0 0 61 72 7 255 170 255 0 149 255 138 0 133 122 0 0 128
    0 133 0 225 255 237 22 255 255 102 130 52 25 255 66 95 30 189 248
    255 203 159 221 0 169 0 255 172 190 66 255 255 218 255 200 133 255 0
    255 211 117 0 255 32 68 243 85 0 0 137 0 213 255 16 253 45 0 255 0 0
    8 0 97 222 58 169 255 255 250 230 168 255 150 6 255 209 161 117 111
    57 0 0 125 66 0 39 157 187 63 151 255 26 159 113 0 19 6 255 76 23
    101 0 125 150 120 210 0 204 228 255 0 165 0 255 255 0 231 255 216
    111 255 84 255 29 46 31 172 104 57 0 66 177 7 70 193 255 255 37 92
    84 51 5 154 186 117 0 38 122 200 162 134 206 255 142 255 64 155 255
    0 0 156 255 125 98 210 55 89 0 255 0 35 255 146 27 255 255 127 174
    122 213 34 202 212 255 144 255 52 233 95 13 141 91 8 179 0 255 0 0
    41 42 255 180 255 255 235 170 177 0 158 172 0 214 0 253 162 0 118
    230 255 189 0 0 255 0 49 217 175 154 121 92 4 0 0 101 255 152 255
    109 255 141 211 56 255 255 219 115 221 255 0 0 0 65 247 247 255 255
    108 78 24 255 232 140 132 8 199 88 75 255 161 111 81 15 255 91 71 80
    8 73 150 255 0 10 255 36 126 0 0 0 95 52 111 155 141 255 208 45 255
    240 0 0 61 21 153 135 129 0 147 168 255 91 0 89 105 114 43 31 225 0
    255 0 56 246 255 92 190 162 144 255 0 255 255 217 255 80 1 246 47
    162 0 42 255 0 26 0 80 249 234 255 228 20 186 150 0 250 123 255 255
    230 255 0 0 0 255 0 255 12 9 139 147 245 0 255 221 189 92 255 255 0
    214 163 64 125 0 181 39 0 255 96 95 0 160 255 255 246 21 49 189 255
    0 140 2 255 234 255 142 255 95 102 73 0 160 0 0 0 255 228 0 0 206 0
    0 26 211 187 255 215 178 223 160 246 0 80 52 0 228 73 0 221 0 222
    111 255 139 64 115 0 255 0 199 194 229 184 64 23 126 255 155 44 2 76
    193 255 36 53 0 255 255 0 190 255 255 91 0 22 0 255 155 198 106 114
    0 255 180 0 255 175 77 131 244 17 255 86 0 88 0 0 255 255 0 224 136
    158 85 0 0 0 255 71 122 156 64 0 31 0 0 255 68 255 0 0 120 218 0 155
    10 98 255 190 255 209 82 98 227 203 239 201 112 142 80 126 255 105
    69 0 58 141 244 0 0 250 255 0 22 92 0 73 65 91 185 255 0 206 0 143
    124 255 33 255 71 225 7 0 48 222 255 248 0 255 69 189 255 160 242 0
    88 255 67 74 255 233 144 139 51 206 250 0 4 0 255 9 0 0 187 0 42 37
    0 136 17 54 255 255 245 255 64 0 7 255 0 242 255 137 183 145 40 181
    74 29 0 255 255 246 255 0 255 240 12 255 252 45 146 255 255 252 255
    44 255 233 0 255 0 0 91 23 0 83 176 243 250 255 214 0 0 65 86 134
    255 215 97 0 97 251 0 255 50 255 56 0 5 145 0 196 47 75 125 12 255
    172 92 149 196 15 188 0 0 114 118 124 255 177 100 8 47 102 0 216 18
    28 76 245 148 255 14 255 244 193 121 255 255 0 83 124 96 124 74 26 2
    83 255 0 35 238 0 255 91 130 32 255 102 149 111 255 152 79 102 255
    139 62 187 121 64 255 0 255 114 255 255 28 0 113 0 169 179 118 0 246
    4 213 26 17 162 0 255 75 194 173 137 232 239 169 198 239 198 0 94
    153 0 10 0 174 255 0 0 0 180 255 255 154 255 255 0 0 113 10 188 104
    49 81 0 255 207 255 0 255 255 255 64 27 208 218 244 255 255 162 178
    220 0 253 122 74 0 56 101 203 255 71 172 174 255 182 40 219 70 0 13
    67 0 45 0 33 255 150 255 79 18 239 0 163 255 49 193 153 80 190 255 0
    0 140 236 160 0 5 215 0 115 253 0 103 244 93 35 255 0 255 115 38 0
    255 255 0 255 255 255 0 0 151 255 171 0 115 0 0 0 59 255 0 247 108
    255 255 8 0 56 118 103 161 207 110 198 0 223 90 198 97 255 255 0 47
    181 200 0 255 206 236 3 9 202 63 0 0 176 139 74 165 81 34 39 23 0
    255 0 255 150 203 29 89 25 90 161 0 80 69 0 0 136 205 1 53 148 189
    227 255 197 0 80 0 76 0 125 1 154 8 220 0 0 34 255 10 0 187 194 0
    255 9 214 175 255 12 90 162 139 180 183 60 0 0 0 255 162 0 91 74 47
    117 253 255 144 0 252 63 209 226 255 0 255 246 0 174 255 211 0 199
    64 191 238 245 255 32 46 255 193 255 255 254 46 255 4 205 204 124
    143 4 151 1 80 219 135 137 208 0 246 0 144 0 42 80 1 16 26 145 64
    255 0 0 255 202 255 158 35 0 255 107 255 193 226 102 111 104 225 178
    206 255 0 255 146 75 30 170 122 255 5 152 255 71 0 0 255 145 96 255
    255 165 2 255 91 0 78 165 39 207 146 255 22 125 143 204 83 58 119
    241 192 0 204 108 209 38 97 118 205 191 0 79 83 255 99 0 255 255 221
    0 179 255 132 0 255 16 255 0 90 0 182 17 176 255 0 25 35 161 31 98
    255 89 18 76 0 255 169 0 45 70 221 204 163 0 151 255 86 62 0 171 236
    36 182 76 216 0 0 255 84 217 216 42 255 255 253 0 0 76 248 60 245
    170 123 14 0 229 93 100 124 255 75 234 0 194 199 204 192 178 224 247
    195 5 4 79 14 254 175 255 233 19 39 187 23 41 8 146 101 255 247 255
    255 250 255 86 255 0 158 0 124 175 0 0 21 29 250 14 132 116 204 255
    11 240 45 143 0 208 227 136 44 0 0 0 180 150 92 255 44 0 255 86 96
    56 45 145 125 152 0 200 255 110 250 73 134 110 124 255 0 243 163 81
    107 99 0 58 23 196 236 255 229 241 217 255 66 0 0 53 0 9 0 161 47
    255 96 144 255 178 255 126 51 255 0 85 94 174 97 157 0 255 26 98 40
    15 203 255 0 135 197 102 201 171 0 224 182 13 250 84 0 193 0 106 85
    255 0 77 175 143 13 157 255 99 208 255 0 255 168 0 26 0 73 246 0 0
    193 0 27 0 255 182 87 255 242 222 100 255 139 255 255 0 0 0 255 0 84
    255 160 161 174 255 195 0 255 228 26 0 255 255 237 96 102 255 218
    249 0 159 245 208 120 0 101 255 234 255 0 255 100 255 255 71 0 248
    54 127 255 245 49 97 69 158 4 104 45 30 0 64 0 218 255 255 83 0 134
    184 0 255 255 207 141 20 207 88 145 76 255 244 35 84 187 87 255 0
    255 255 90 203 255 171 61 0 255 4 48 0 0 208 0 255 166 0 116 0 0 74
    110 111 157 62 236 255 0 201 9 130 237 255 218 231 91 234 142 175 91
    255 255 248 176 244 255 255 92 204 106 97 250 0 232 242 82 255 255
    89 181 23 234 53 56 31 157 237 11 155 84 118 171 120 255 38 217 175
    123 48 0 255 0 64 194 0 75 33 63 232 223 38 149 63 114 255 250 48
    184 255 24 149 50 255 129 184 241 235 255 251 255 255 181 226 0 222
    225 0 19 99 0 255 213 50 72 246 255 206 0 255 0 0 0 93 44 17 217 68
    0 255 1 238 196 229 0 0 13 173 255 0 255 255 2 51 0 174 124 101 255
    0 0 223 0 0 255 124 189 255 255 5 173 0 105 76 249 255 182 255 154
    62 69 255 220 193 255 74 145 255 45 255 31 0 56 114 0 255 37 193 213
    0 255 70 7 83 0 255 167 12 255 255 169 242 110 198 64 7 3 55 188 50
    254 218 255 138 75 177 0 99 156 180 2 191 147 212 255 119 0 129 26 0
    255 0 158 241 172 247 255 81 15 103 0 64 153 255 0 202 232 0 255 255
    255 14 38 255 255 0 88 203 187 210 85 13 0 192 255 62 225 190 0 255
    0 0 151 255 78 65 255 212 255 0 43 0 0 255 0 255 1 243 58 85 47 217
    83 102 64 200 8 255 139 10 0 0 205 40 173 186 255 78 0 80 255 87 166
    255 0 134 191 0 0 0 0 108 198 0 0 0 0 116 0 255 0 0 0 211 122 255 0
    234 255 0 80 98 255 181 118 191 34 179 160 123 184 0 0 87 207 155 0
    165 0 0 90 0 0 125 255 73 93 66 53 193 0 0 38 255 110 0 34 255 255
    141 28 111 41 6 0 45 0 9 0 77 119 255 91 121 0 0 234 171 0 236 250
    255 120 100 65 201 122 71 186 255 255 255 255 0 0 60 185 139 0 69 0
    0 255 0 255 58 38 255 115 0 186 50 73 166 70 104 255 64 0 255 3 155
    5 0 0 0 108 99 194 159 255 255 0 255 255 255 199 209 255 0 240 72
    255 255 255 225 38 160 0 254 35 56 209 0 103 204 255 156 30 215 0 40
    0 10 21 178 108 155 155 42 87 0 0 230 0 0 0 255 34 0 90 225 2 110 69
    36 255 0 245 255 243 197 68 255 0 186 222 10 7 255 255 0 223 189 255
    255 156 223 97 22 0 192 26 0 99 255 255 249 0 78 255 0 7 6 20 0 0 57
    13 122 232 155 100 227 210 57 11 186 68 66 0 255 0 51 255 89 40 80 0
    253 137 73 199 255 145 20 0 74 117 0 168 160 0 198 0 255 255 4 255
    255 227 255 81 6 168 0 115 0 210 134 125 0 106 0 0 0 215 140 187 255
    131 5 252 0 227 6 48 242 57 121 0 136 255 50 45 214 65 255 106 124
    92 255 0 42 255 216 111 172 255 100 255 0 248 170 215 59 116 23 253
    255 255 197 162 255 0 72 0 0 12 192 105 0 145 0 61 0 66 255 255 54
    182 52 131 52 245 245 155 0 0 105 42 255 72 161 255 219 52 169 4 255
    0 255 245 33 0 255 26 0 255 102 81 139 0 41 162 124 152 122 199 236
    0 202 101 223 195 161 119 210 8 238 5 29 0 255 0 128 155 123 177 35
    125 255 13 184 255 255 13 65 220 0 165 82 60 221 105 76 195 178 232
    20 188 222 255 159 46 0 14 0 200 255 98 210 228 183 255 255 24 150 0
    255 97 0 36 107 6 0 37 0 253 246 166 108 0 255 255 255 174 0 213 195
    0 230 255 162 6 20 0 132 6 0 255 215 129 255 160 255 0 175 248 255 0
    130 5 158 46 17 191 136 0 0 126 149 174 52 203 91 255 2 0 255 238
    228 70 46 255 255 15 0 146 255 8 0 137 0 180 255 155 65 190 134 178
    0 44 114 169 236 169 196 255 255 73 255 144 87 82 248 131 97 150 255
    0 248 221 87 180 69 255 255 130 242 11 121 254 0 110 13 255 255 93
    255 255 15 255 90 255 255 204 0 108 72 255 224 0 68 229 255 67 61
    246 210 255 121 0 102 0 124 84 219 87 209 185 25 245 65 0 255 0 165
    241 179 255 192 255 255 0 0 217 0 121 221 0 0 105 255 0 255 31 20
    232 255 0 245 255 153 162 158 89 194 0 255 84 65 80 0 57 201 30 63
    255 57 0 1 0 255 163 48 250 214 105 126 255 23 120 213 255 0 42 99
    223 102 0 70 255 0 26 255 255 255 153 0 72 1 255 224 0 102 255 255
    73 0 241 134 186 66 104 255 121 255 225 160 199 135 104 0 108 0 249
    150 178 0 178 165 205 40 73 45 0 31 80 68 255 236 255 255 0 105 144
    0 255 100 16 79 52 255 255 255 255 143 232 58 183 178 199 157 120 0
    158 0 57 255 51 28 255 84 255 255 255 182 129 85 0 203 0 230 119 119
    255 0 255 0 80 178 255 255 69 127 11 211 72 249 196 251 244 223 120
    98 0 0 5 192 162 38 255 79 230 71 255 255 192 255 0 175 23 71 226
    251 255 255 0 0 0 83 37 128 0 255 116 224 70 33 176 222 11 125 36
    255 156 0 109 255 255 255 20 213 6 2 51 239 255 15 3 0 80 0 255 0
    255 228 191 195 22 119 211 168 117 0 255 255 2 179 19 144 167 52 131
    255 0 236 255 196 0 255 44 56 97 0 106 57 0 0 255 255 56 167 49 255
    0 212 44 97 255 114 248 0 68 143 0 120 0 255 0 185 128 255 249 243
    33 0 14 32 255 0 167 255 0 151 0 57 107 146 151 5 184 0 255 196 0
    255 197 0 132 159 242 8 92 133 98 23 9 188 0 0 183 241 58 233 0 0 56
    247 181 142 255 0 51 255 193 231 89 34 255 137 106 48 2 169 110 255
    160 0 0 171 69 191 0 17 232 148 0 0 122 0 255 211 247 216 99 5 202 0
    173 152 115 24 93 0 102 255 0 205 64 217 66 255 92 47 160 255 255
    255 0 35 0 245 29 255 9 0 169 24 49 218 162 203 0 179 40 255 255 0
    140 255 26 90 0 255 0 255 12 255 15 0 102 0 255 212 150 149 255 0
    255 253 0 207 224 255 11 255 112 166 255 42 208 58 101 145 22 255
    255 0 255 117 255 56 87 255 123 243 191 252 87 255 2 0 54 255 199
    255 103 217 97 0 255 220 68 53 0 31 0 213 132 195 58 23 180 255 187
    81 0 125 186 22 198 0 255 181 255 152 93 179 253 152 255 0 255 0 92
    120 0 45 98 0 0 0 255 0 0 3 246 92 155 99 214 107 255 152 93 253 255
    184 130 230 0 97 218 156 255 255 255 255 226 211 255 58 98 13 177
    255 0 93 130 0 25 143 15 255 168 0 255 64 160 255 175 50 0 255 21
    225 0 113 129 255 0 255 172 108 155 0 238 255 208 0 244 117 107 0 71
    0 105 144 152 255 238 255 0 53 192 121 62 235 240 188 255 0 139 255
    181 21 255 111 64 0 46 5 241 222 104 42 255 231 0 255 51 0 83 79 0
    46 68 243 7 91 0 255 55 234 255 24 69 153 0 27 89 76 0 135 250 255
    85 62 201 143 0 0 255 0 0 14 0 123 255 155 255 255 0 65 30 255 0 0
    16 0 72 255 15 202 11 21 0 255 76 255 177 255 29 255 255 255 58 0
    255 161 201 0 255 122 0 255 3 114 149 3 255 255 5 211 0 255 194 255
    255 53 255 195 255 178 155 0 255 12 0 213 255 255 152 200 228 0 0 2
    255 50 98 122 45 39 233 0 0 230 79 76 255 0 21 94 255 39 255 0 0 255
    255 237 167 245 116 0 137 255 0 223 255 0 49 139 0 145 0 94 33 85
    255 7 0 0 96 247 17 72 117 0 255 208 255 12 252 156 21 0 255 173 118
    237 255 0 0 234 158 0 216 90 118 232 255 198 91 90 196 43 0 146 248
    57 140 118 224 213 0 170 204 11 0 158 250 120 146 255 79 0 178 255
    201 171 120 255 0 255 24 205 255 0 0 125 40 252 108 127 213 0 93 97
    11 0 35 223 212 68 212 46 255 10 94 86 253 65 0 202 0 132 255 58 220
    148 174 255 77 113 63 180 255 255 255 110 22 0 18 165 255 255 0 47 0
    0 255 193 28 214 6 144 60 77 0 99 84 167 0 221 245 251 248 169 201
    108 255 143 255 0 255 69 196 199 255 255 0 0 116 10 0 154 42 255 246
    254 122 28 233 158 155 175 0 184 123 186 163 152 235 0 255 176 0 153
    255 63 0 125 97 151 151 255 206 255 175 90 189 255 250 161 0 169 4
    89 255 77 197 92 163 100 164 241 20 247 0 255 255 0 203 240 44 0 255
    193 242 22 255 255 26 90 0 0 88 76 172 0 253 69 143 97 150 94 114
    255 141 0 94 125 53 255 156 39 131 161 255 22 43 0 97 150 34 255 255
    255 176 120 0 0 83 0 125 198 183 168 186 121 222 132 0 10 0 255 0 0
    183 118 84 0 139 0 51 255 179 255 1 0 10 214 255 255 220 255 255 0
    215 250 255 241 0 251 255 92 248 204 39 255 131 111 113 48 77 211
    255 221 29 238 171 100 255 244 28 163 255 149 85 255 0 23 255 255
    255 0 249 0 76 255 75 153 129 26 0 0 206 0 0 255 17 0 255 0 139 255
    0 58 255 203 185 3 255 0 65 115 50 122 65 255 150 227 169 49 255 255
    65 111 132 70 247 141 0 255 50 0 255 157 242 19 255 0 142 0 0 155
    145 255 30 146 118 20 248 0 0 241 225 212 0 4 36 255 0 0 255 246 0
    255 76 144 255 138 192 215 0 47 109 160 0 69 127 234 0 255 54 246
    255 0 255 234 0 166 0 150 242 0 202 255 209 0 31 251 192 254 255 57
    0 120 0 108 255 134 114 233 0 255 119 255 11 0 0 131 115 156 0 255
    24 114 111 244 0 146 212 59 0 255 29 7 0 33 255 144 72 98 144 140
    123 0 180 0 183 148 0 255 0 249 233 0 152 255 71 206 2 196 0 219 60
    73 184 21 0 97 99 32 0 0 0 0 237 255 62 142 255 222 255 15 254 51
    255 200 210 85 255 255 125 119 255 243 27 147 0 193 56 255 204 218
    255 231 230 222 237 255 25 114 44 75 255 255 255 239 134 255 255 227
    228 160 104 20 10 90 0 0 255 0 0 241 255 218 255 15 191 58 0 0 53
    187 255 73 10 0 0 0 39 255 141 0 137 52 125 192 0 0 171 14 214 18
    151 147 248 57 144 156 208 27 34 0 170 69 139 255 0 0 255 0 14 132
    115 242 0 225 115 96 242 163 120 135 21 255 12 220 168 92 255 199 74
    165 21 255 184 0 0 0 121 191 120 255 255 229 175 77 169 224 84 0 0
    94 27 104 255 255 255 101 147 22 18 59 75 55 75 79 151 255 32 32 255
    94 0 46 205 24 202 0 255 158 255 2 255 255 73 170 255 255 137 15 110
    180 140 255 128 255 144 255 0 0 48 174 240 0 64 56 120 165 118 105
    228 172 255 0 255 48 67 216 57 17 255 0 80 255 46 255 158 0 0 255
    255 0 0 0 0 119 255 0 143 0 63 176 26 0 61 255 0 255 66 100 255 15 0
    65 228 193 197 227 0 89 0 96 156 230 238 18 174 47 2 194 226 177 161
    110 211 0 255 233 10 9 106 138 37 90 255 255 182 160 0 24 9 102 189
    53 55 181 0 22 13 255 72 0 174 74 125 255 222 0 38 126 236 255 255
    81 105 34 149 255 39 73 0 255 255 211 14 22 50 99 0 101 255 0 0 255
    9 255 255 0 110 255 207 0 255 255 175 156 115 116 0 21 128 0 0 253
    180 130 133 126 199 142 255 118 63 143 255 106 0 46 88 34 32 255 0
    209 130 227 107 33 236 225 255 0 255 233 0 0 255 0 219 153 0 45 162
    0 36 83 245 0 0 148 140 255 100 255 159 0 255 161 255 12 0 242 143 0
    67 54 0 255 103 0 247 119 49 255 255 255 255 69 199 127 0 0 63 255
    163 0 137 194 126 184 220 0 103 0 0 106 62 155 27 48 255 0 87 0 170
    117 255 115 251 109 170 0 194 52 91 33 162 255 31 221 255 0 0 0 132
    255 246 50 255 147 255 255 255 255 166 37 191 169 41 162 255 187 255
    209 0 40 0 137 191 103 13 223 0 232 209 0 255 129 147 213 10 255 91
    92 195 216 196 0 96 0 0 92 255 255 0 66 255 0 5 0 6 245 0 199 0 255
    255 255 106 225 0 108 4 200 255 0 253 255 78 215 255 186 208 0 30
    192 0 0 218 61 97 0 170 150 11 129 50 49 255 147 15 218 190 255 147
    98 255 208 0 154 0 255 213 87 142 168 88 37 0 165 106 25 31 159 88 0
    255 154 0 142 134 214 255 46 250 76 0 249 181 4 51 195 30 255 166
    255 48 22 255 255 2 255 90 176 57 104 255 255 70 255 0 0 44 28 252
    85 10 0 255 143 88 255 0 0 97 0 104 0 0 124 73 255 255 255 0 93 255
    250 44 48 210 160 255 255 90 255 203 68 56 27 198 132 136 186 255
    152 114 149 222 0 255 222 234 15 87 158 170 235 174 255 255 97 228 0
    0 8 177 5 33 166 247 67 202 255 161 255 170 231 225 1 255 0 0 31 104
    140 94 255 19 33 89 0 53 255 136 0 33 255 255 0 0 255 255 241 13 0
    255 112 255 187 213 180 63 51 230 77 178 54 25 175 79 23 81 61 208
    67 214 136 0 255 0 9 66 88 240 239 255 255 191 255 255 255 255 255
    107 48 233 25 46 0 0 41 245 52 157 224 215 255 245 255 255 170 103
    24 0 121 123 81 229 117 0 209 2 255 192 226 73 236 50 255 0 245 0 0
    255 255 46 114 243 255 0 205 97 119 167 239 255 0 70 255 255 43 0 19
    255 21 9 156 223 186 213 194 173 189 0 119 148 0 0 228 123 73 187 61
    88 175 255 245 108 0 255 255 238 0 183 229 33 0 9 0 234 146 255 255
    38 0 242 185 255 255 216 25 253 255 0 255 139 255 255 0 61 0 233 114
    80 164 249 231 138 25 103 0 0 255 0 0 69 147 65 132 0 255 255 50 111
    184 79 0 0 0 64 84 211 144 41 134 228 168 1 123 255 0 250 0 255 97
    35 67 62 177 61 255 36 230 135 64 0 0 104 207 0 0 136 211 129 255
    171 198 255 110 0 57 0 234 0 211 132 169 230 104 27 222 60 0 0 255
    25 0 210 244 235 161 255 180 27 79 55 0 215 232 118 86 255 225 0 165
    77 154 0 37 78 157 73 50 226 0 0 172 78 0 108 89 102 100 119 0 237
    255 50 255 255 255 122 245 255 255 255 137 34 255 52 0 255 146 127 0
    255 195 0 222 255 145 178 222 239 255 0 240 0 76 164 178 204 9 14 23
    246 0 255 143 255 217 255 147 70 210 133 9 255 39 255 160 127 12 8
    14 0 124 208 106 169 93 68 0 153 66 51 55 175 253 135 84 255 213 0
    255 255 118 22 68 26 0 205 255 0 158 98 26 46 75 133 133 67 163 135
    0 0 5 179 0 179 157 0 112 255 148 149 0 255 138 30 2 255 31 243 0 0
    236 51 205 42 21 105 196 56 83 0 183 62 255 56 226 86 0 219 46 74 97
    128 35 139 136 135 0 0 80 166 0 0 255 233 255 255 255 111 244 163 77
    0 109 248 43 104 88 0 42 0 63 0 167 187 255 221 255 28 18 70 255 2
    219 22 45 55 149 17 196 137 41 224 135 255 188 69 0 0 255 255 103
    187 255 251 165 255 255 0 0 255 45 185 80 169 0 255 6 80 0 0 41 170
    204 49 180 188 255 193 0 255 0 255 78 0 44 0 164 182 2 115 145 167
    129 223 60 0 255 100 0 255 0 168 171 255 2 155 255 165 252 0 130 0
    224 255 201 0 209 57 146 0 168 207 56 121 2 255 255 255 162 255 128
    93 125 0 255 0 0 80 191 60 124 1 247 241 0 0 131 37 183 255 68 105
    75 211 245 43 255 0 181 94 0 188 255 0 208 0 0 127 5 48 255 255 0
    214 86 255 0 37 209 0 255 46 255 0 162 130 164 255 10 49 72 0 45 0
    29 22 255 242 255 13 255 0 0 214 231 104 255 255 255 133 223 255 15
    130 208 255 0 255 148 210 0 56 88 129 25 0 21 159 74 255 214 0 97 14
    71 85 0 115 165 42 229 108 63 170 176 0 255 92 16 228 178 0 146 32
    121 114 0 0 85 240 173 214 0 146 248 143 125 203 145 0 255 70 73 59
    0 131 255 117 180 70 219 96 206 130 0 233 0 231 120 5 150 131 223
    255 168 232 134 55 255 141 228 232 0 0 99 205 173 18 255 170 147 13
    28 195 252 255 167 0 149 0 255 67 139 124 196 160 151 28 135 160 188
    0 1 255 41 115 0 14 230 191 255 201 250 186 141 88 249 167 94 186
    216 0 0 158 70 0 0 58 228 255 255 0 255 37 0 0 63 255 129 191 36 221
    0 126 0 66 0 33 190 0 255 255 155 255 0 61 11 190 0 112 195 255 237
    255 255 187 138 89 21 0 255 216 237 227 249 0 0 91 188 0 255 169 100
    243 17 173 183 149 94 189 53 202 255 0 255 148 0 133 255 35 122 255
    242 91 255 241 255 113 66 218 205 111 0 247 255 14 154 80 237 0 135
    0 0 143 255 255 248 0 204 255 255 78 255 0 151 20 74 0 117 0 40 163
    38 255 216 18 160 97 247 172 0 255 228 158 219 102 0 101 221 0 236
    255 239 0 255 57 0 128 125 171 165 237 235 255 141 255 176 255 140
    255 200 255 17 56 127 195 170 218 0 41 69 0 0 34 209 255 196 0 255
    29 6 0 14 255 53 0 255 72 183 134 146 152 255 255 0 255 233 0 16 255
    216 63 13 47 41 69 0 240 39 255 67 242 1 255 255 194 255 108 255 255
    156 255 114 64 134 134 140 226 97 74 110 219 255 94 64 163 0 36 0
    135 0 7 255 94 84 250 0 0 0 112 255 255 116 222 114 143 238 252 236
    255 255 33 120 252 146 17 237 0 255 176 255 173 0 113 25 0 255 241 0
    80 44 123 0 92 255 123 159 0 39 255 255 30 42 98 79 73 15 207 6 164
    255 157 255 178 23 0 255 78 180 248 229 91 0 6 42 203 93 180 97 81
    213 204 69 191 125 134 0 77 0 128 255 83 147 119 160 0 173 255 0 66
    0 14 255 0 0 147 0 160 241 255 255 239 253 181 0 255 33 255 97 0 0
    255 96 73 236 104 61 58 172 54 247 217 3 114 128 59 227 136 14 0 0
    175 84 56 0 52 35 255 0 0 255 48 6 112 227 0 165 231 114 12 164 255
    200 31 255 101 2 0 0 255 220 247 211 255 41 255 209 102 255 238 255
    255 154 255 24 225 248 255 117 0 81 106 211 255 255 255 179 255 255
    59 211 0 255 255 110 255 118 27 81 53 253 74 136 51 76 73 255 255 67
    183 139 0 0 154 5 255 255 255 255 255 0 0 152 77 0 63 255 77 95 78 1
    215 255 255 0 54 132 50 0 115 255 74 227 242 255 203 245 115 255 255
    255 252 149 0 112 143 0 74 77 27 134 31 202 0 184 39 204 0 255 219
    255 0 96 45 52 255 24 255 145 0 143 255 48 135 118 98 115 255 125 0
    0 85 91 33 0 8 81 255 225 0 255 80 255 4 233 0 16 0 238 138 88 82
    130 0 192 124 0 209 27 71 27 113 105 149 255 255 73 198 185 0 255
    158 9 0 255 255 10 0 222 126 26 0 0 255 255 141 91 64 132 99 0 190 0
    255 239 134 26 255 49 0 75 117 115 245 255 158 203 13 61 0 163 255
    190 255 23 5 104 255 205 255 0 176 217 163 255 35 255 248 146 14 185
    255 65 142 250 255 255 217 78 30 241 210 0 255 24 255 19 144 218 95
    98 171 165 0 255 0 201 255 0 0 255 255 92 255 44 139 30 109 154 28
    200 133 0 211 90 75 255 0 240 147 159 255 13 255 110 255 128 228 147
    95 88 247 107 0 246 255 155 102 171 0 12 245 91 0 43 156 17 255 95 0
    236 118 255 255 213 160 143 218 160 27 0 88 17 255 255 255 255 197
    230 0 255 125 0 152 96 248 104 155 149 219 55 13 8 3 99 0 174 0 255
    255 0 207 0 158 126 18 16 255 101 255 0 255 90 96 25 147 225 20 255
    64 255 141 249 0 103 231 0 0 53 237 153 255 0 0 6 0 49 203 89 0 0
    141 0 0 0 192 0 51 57 82 0 132 46 62 93 0 61 115 167 58 224 255 0 88
    110 0 255 219 255 0 40 49 167 173 181 187 77 177 98 63 0 255 174 1
    118 97 186 255 147 0 255 176 43 96 102 45 83 255 136 0 37 203 0 12
    113 8 173 0 219 161 0 97 174 236 135 153 27 255 108 219 0 117 84 255
    201 32 255 0 255 32 0 210 22 37 255 0 0 170 0 255 165 255 49 255 208
    164 255 197 26 119 197 0 255 0 60 255 202 199 244 177 183 12 76 255
    255 14 181 96 255 88 255 238 150 205 255 0 255 122 154 255 159 232
    245 151 253 195 255 255 162 151 47 0 0 144 61 255 255 116 74 255 255
    61 7 255 110 134 107 31 118 215 246 255 225 254 29 182 156 112 0 105
    154 0 134 0 0 224 0 119 77 255 0 0 255 254 14 58 15 255 142 31 57
    242 229 122 0 243 62 72 212 0 0 129 203 123 81 255 255 255 0 104 93
    167 0 59 255 23 112 255 173 255 71 0 90 255 255 0 110 120 197 0 255
    0 228 59 119 14 0 228 0 87 255 252 66 255 0 0 172 0 255 0 26 80 71
    255 255 255 255 255 186 255 255 255 102 119 255 0 141 172 67 0 0 0
    103 0 69 0 255 230 216 95 237 187 105 255 181 143 97 58 26 242 255
    72 0 60 128 255 255 0 186 47 74 0 208 31 0 141 65 80 18 65 180 255
    239 255 0 243 216 252 98 0 233 221 187 203 37 0 0 192 255 17 0 36
    137 7 247 114 0 87 50 0 255 83 43 83 185 184 19 249 229 173 42 101
    151 255 73 255 255 141 239 231 255 119 28 96 107 0 19 183 0 255 0 27
    255 80 0 15 84 0 0 14 254 176 39 231 255 108 228 144 91 124 0 255 18
    255 14 107 46 80 241 171 47 116 54 0 0 194 34 217 43 0 250 255 0 158
    0 0 255 0 210 230 255 107 76 255 114 25 18 0 0 99 0 214 71 55 67 0
    138 0 0 146 58 225 255 11 255 48 240 76 185 244 163 60 0 255 13 169
    255 255 55 255 44 117 85 5 21 185 232 0 0 170 85 37 0 154 116 0 72
    134 104 21 0 0 0 217 189 0 206 144 7 255 59 106 0 115 217 254 255
    250 160 0 255 37 10 114 255 90 19 147 107 252 255 196 235 248 0 120
    51 166 0 0 0 0 172 97 255 228 255 0 164 104 128 132 198 66 203 0 194
    255 221 148 96 232 255 112 232 0 255 73 46 0 0 222 255 173 0 191 208
    53 255 0 0 18 0 255 230 255 170 0 26 137 245 0 255 53 191 255 149 0
    255 35 94 255 193 79 0 41 107 0 164 97 174 255 198 184 255 48 0 78
    167 64 0 255 0 46 0 18 193 4 255 4 112 118 84 255 0 246 119 0 137 56
    255 179 225 255 234 0 101 255 36 142 255 0 23 17 169 214 148 82 255
    0 0 174 255 255 0 171 111 0 153 0 128 137 99 65 76 255 255 255 225
    255 255 135 186 30 76 8 255 44 73 84 30 255 255 0 167 81 210 171 59
    78 249 210 255 0 167 0 86 91 0 124 0 188 0 74 255 3 68 62 0 255 0
    255 107 255 244 0 231 144 0 21 32 245 0 186 96 31 181 0 93 28 46 68
    0 255 83 50 149 255 255 132 0 255 8 130 0 221 255 36 255 0 79 0 136
    224 0 152 188 255 90 223 0 171 0 0 6 216 255 212 255 185 108 255 239
    247 255 65 32 129 11 238 76 123 20 250 217 18 135 0 0 50 173 108 88
    255 209 135 132 255 255 41 0 165 39 255 255 0 83 4 0 0 29 219 0 171
    127 176 171 149 0 255 138 43 255 199 88 0 0 174 0 241 119 0 29 165
    75 0 191 255 169 179 0 0 165 255 160 126 45 56 50 41 255 116 170 105
    116 255 205 0 0 168 19 202 0 162 168 33 64 0 230 213 0 121 26 250 27
    192 109 30 247 255 255 133 220 134 0 238 6 255 42 255 255 114 59 84
    59 134 106 215 248 191 246 177 68 221 183 11 255 255 239 101 22 104
    99 242 10 77 55 54 255 0 0 0 0 219 255 14 132 21 211 255 146 225 255
    207 87 255 255 0 56 0 255 255 255 168 255 109 40 100 27 0 0 37 123
    172 18 223 174 0 100 1 251 194 235 172 2 255 152 146 18 98 40 255 0
    69 0 240 160 113 40 56 255 0 0 11 95 44 0 109 200 80 0 255 255 39
    255 102 0 0 255 181 19 89 230 4 152 255 255 108 152 207 1 119 36 60
    0 255 36 94 255 246 195 13 0 192 94 52 11 255 70 15 110 0 104 0 5
    255 0 0 0 148 1 94 156 225 169 171 115 79 30 17 163 0 11 127 43 84
    124 180 255 0 103 114 0 0 0 69 54 0 170 213 0 220 159 61 117 238 130
    95 0 196 47 78 255 251 106 238 77 129 0 73 18 0 18 111 110 192 34
    231 97 255 181 166 255 0 196 72 168 101 65 180 245 255 255 255 210
    255 186 193 175 123 226 0 0 239 0 44 0 51 0 0 255 0 183 163 113 255
    161 0 73 0 59 255 0 0 145 0 174 130 186 217 80 0 208 0 0 113 255 191
    216 239 149 32 171 149 238 0 0 254 0 5 97 205 9 64 0 229 94 255 216
    158 103 187 189 44 184 88 255 250 206 255 218 255 73 217 255 116 5 0
    255 56 241 156 199 255 0 15 5 255 152 0 55 69 254 255 213 255 0 100
    109 0 22 148 0 0 255 0 19 105 0 245 38 67 0 64 12 134 0 124 16 255
    244 255 191 128 63 40 255 255 23 255 140 255 255 0 188 194 225 74 8
    0 0 136 220 63 0 255 130 82 165 104 231 255 211 255 252 60 255 38 0
    38 255 24 85 0 0 19 255 255 0 191 245 0 0 169 128 171 41 255 0 255
    255 98 214 0 255 44 255 0 225 0 52 0 254 0 255 4 201 175 44 74 0 69
    0 0 46 110 48 0 41 149 165 199 255 17 0 158 242 0 0 255 0 255 125
    198 255 27 139 6 70 15 232 75 255 228 255 95 61 255 228 163 255 255
    0 100 69 118 86 255 142 146 241 60 255 244 9 62 73 73 114 61 209 221
    0 181 0 255 195 0 159 243 191 206 119 255 17 255 194 241 255 176 255
    94 132 0 0 0 255 0 255 235 0 92 255 188 132 227 0 158 252 255 0 246
    255 0 225 255 62 0 255 255 0 215 112 0 128 255 63 0 34 116 129 203
    79 255 178 71 0 21 238 255 212 255 255 97 224 188 140 255 0 255 255
    0 255 190 32 215 124 123 0 172 1 83 132 0 0 203 38 11 89 213 0 83
    113 4 159 0 143 0 255 192 0 255 255 89 255 0 48 6 0 10 255 0 232 246
    125 143 85 236 232 119 184 200 0 202 40 9 31 206 205 232 228 161 0
    76 255 230 150 43 255 184 85 255 252 115 255 163 255 62 255 255 255
    231 255 151 213 0 255 98 185 0 29 93 167 69 0 0 12 74 106 180 64 158
    237 53 42 162 65 255 255 0 121 5 150 6 48 5 109 126 0 73 255 43 117
    15 89 255 39 117 56 211 0 255 238 3 0 98 65 148 255 20 2 108 176 167
    233 26 45 4 0 76 75 27 238 255 255 26 248 148 49 196 0 25 0 0 0 0
    196 255 197 28 190 222 199 186 45 0 106 168 255 184 172 163 0 132 80
    90 96 76 198 255 0 120 43 0 0 0 37 142 219 77 255 178 255 64 0 0 0 0
    255 0 109 81 0 0 0 125 216 0 228 147 243 255 227 179 210 87 148 255
    80 15 255 115 57 255 56 0 119 0 0 55 88 255 255 55 0 55 255 0 35 255
    154 206 255 182 123 255 89 0 255 255 255 95 202 147 128 218 3 255
    201 241 0 255 255 184 255 114 98 35 117 217 123 255 255 183 63 171
    165 40 205 8 255 255 255 8 72 255 188 255 255 255 0 0 141 40 170 165
    76 255 0 4 0 0 71 165 228 252 0 28 84 15 0 0 112 235 226 0 255 255
    246 91 0 0 255 246 81 123 255 255 0 153 45 255 255 255 188 0 255 146
    255 72 30 198 255 146 111 0 0 255 22 60 255 80 0 200 231 255 101 4
    81 11 192 255 50 30 0 0 193 0 59 150 106 51 218 149 104 255 75 204
    137 246 238 186 116 176 0 255 193 255 27 255 255 56 23 246 0 77 84
    235 255 191 0 0 0 70 187 0 255 255 0 97 117 5 186 196 255 255 69 30
    255 0 249 250 149 21 104 0 55 119 0 0 130 175 74 216 0 79 132 0 149
    0 152 0 0 255 114 229 255 255 198 209 42 222 120 130 70 233 0 0 197
    22 0 153 58 255 0 207 0 230 255 126 255 0 129 0 42 50 229 196 255 0
    188 255 97 0 143 136 208 0 255 200 255 0 163 43 64 78 255 0 0 38 170
    201 0 163 128 255 186 194 5 255 3 175 0 142 255 255 118 44 188 71 0
    158 255 0 120 0 255 49 133 202 100 37 130 0 255 252 0 0 101 198 247
    211 176 255 0 255 0 86 23 157 0 252 82 0 255 184 0 255 50 255 255
    255 221 205 144 0 26 0 186 141 246 212 97 241 86 0 255 26 255 100 0
    182 255 193 215 232 32 255 187 255 40 92 255 24 5 206 108 110 103
    255 255 239 255 65 88 17 150 0 196 0 201 255 212 16 127 191 55 255
    41 255 157 107 255 94 0 255 217 4 0 67 255 0 171 0 142 255 0 76 89
    167 37 252 0 137 27 227 0 191 145 124 15 93 64 22 171 255 79 166 157
    217 255 138 0 45 255 0 98 128 102 25 222 52 171 225 3 251 0 215 98
    253 156 161 148 255 255 0 198 0 247 0 0 123 207 0 255 186 194 0 210
    117 0 0 228 141 50 115 15 0 172 17 0 47 32 136 0 16 49 0 135 50 131
    0 82 0 225 207 166 153 255 0 179 255 0 132 192 255 0 255 128 66 37 0
    139 66 78 0 189 234 255 201 156 160 214 120 54 69 0 162 53 88 253
    255 173 133 255 241 217 242 140 159 68 0 151 17 235 127 153 6 171
    255 99 0 95 0 0 201 0 0 255 192 155 166 211 12 221 108 0 158 104 121
    121 132 255 210 184 218 151 5 236 0 179 96 92 171 120 0 125 255 255
    250 92 0 255 0 183 255 51 244 0 0 255 0 250 0 159 160 250 0 25 0 255
    0 255 164 0 255 6 227 255 0 6 123 93 0 45 0 0 255 67 140 22 255 255
    255 249 175 134 255 185 132 43 212 212 255 0 189 4 126 154 117 255 0
    61 140 0 232 101 40 16 254 163 68 138 97 51 3 48 0 117 0 0 0 0 255
    164 185 26 172 255 162 0 109 167 37 216 163 84 235 178 19 0 255 0 35
    255 174 43 0 0 255 158 124 131 201 0 116 255 178 255 8 0 173 0 106
    156 163 48 255 95 29 203 179 255 255 230 134 73 149 0 138 10 110 137
    255 93 14 140 0 30 74 181 255 84 58 195 8 216 255 30 0 132 201 169
    255 255 34 158 3 147 64 166 164 150 169 106 254 255 126 0 19 74 0 81
    65 125 136 255 255 2 130 111 61 239 0 133 0 212 255 156 12 216 255
    131 59 28 159 71 138 88 255 82 0 255 31 0 236 67 105 35 255 0 77 121
    1 0 255 85 0 0 90 76 79 14 38 0 0 23 92 0 0 117 195 17 233 255 146
    227 255 92 255 115 255 63 255 109 58 255 136 99 7 255 243 255 255 0
    143 255 85 193 0 255 80 234 207 190 134 123 84 151 0 180 133 9 138
    61 183 0 240 222 84 179 126 0 0 0 237 255 107 125 0 6 255 0 108 0
    176 63 46 165 0 255 19 0 122 164 72 243 163 255 0 178 150 134 0 119
    0 41 0 240 0 255 28 191 254 214 228 212 255 255 87 0 177 251 255 255
    47 255 0 13 180 74 21 255 47 56 49 204 176 234 192 253 73 219 255
    184 57 52 65 186 105 224 52 94 98 155 248 104 0 255 2 72 68 255 223
    15 173 192 202 255 110 230 128 143 194 0 36 250 255 215 184 123 255
    83 183 174 0 28 108 111 104 255 200 150 35 114 189 0 210 255 5 0 130
    0 236 214 219 60 83 0 0 22 0 162 210 0 245 217 23 154 237 0 7 14 187
    0 255 255 167 156 216 0 102 250 0 184 255 0 101 195 0 225 255 0 222
    42 236 104 105 0 0 101 55 83 0 255 0 216 193 171 255 27 255 0 255
    255 0 250 203 0 203 243 213 141 255 85 255 142 255 49 0 0 175 255
    174 116 58 79 175 65 255 110 0 255 143 124 0 223 225 255 176 223 255
    110 97 255 216 0 255 45 0 0 1 255 176 176 26 255 70 0 78 196 238 0
    255 215 77 200 0 10 255 167 167 0 162 255 173 174 55 28 186 88 0 255
    68 104 91 255 44 0 8 53 208 119 247 255 255 161 255 173 255 175 53
    204 0 118 142 117 54 36 108 172 91 210 255 83 99 0 119 74 0 80 190 0
    0 206 65 160 101 177 0 0 0 51 157 189 253 130 255 255 255 255 99 255
    255 0 255 46 147 26 196 8 163 89 0 255 255 0 0 0 192 0 255 255 7 0
    99 255 16 32 246 255 198 255 192 196 255 255 0 0 64 116 89 0 255 195
    255 218 213 255 214 126 132 59 91 0 54 255 255 0 149 71 104 135 148
    150 255 196 0 71 0 255 255 134 65 0 255 48 240 255 133 0 225 255 132
    0 0 233 41 4 109 255 174 111 255 255 28 115 255 15 255 239 0 0 46 31
    0 0 104 255 80 0 94 206 254 109 65 52 0 0 44 0 235 252 178 29 41 0
    38 92 0 255 0 255 255 19 160 82 190 105 255 184 133 67 165 41 255
    255 79 38 214 150 219 143 201 0 0 0 99 163 0 208 255 12 182 38 1 227
    0 0 58 0 100 0 73 15 164 0 69 148 53 128 255 57 211 0 175 53 56 0 0
    255 0 154 53 255 226 0 0 255 255 140 121 176 255 57 247 233 0 255
    124 98 9 3 114 153 44 255 185 13 80 49 66 255 255 152 254 91 164 0
    84 0 51 200 0 0 243 175 57 253 54 0 255 184 225 0 255 92 44 255 0 0
    30 0 255 80 0 249 147 139 244 0 255 0 0 255 0 157 0 0 117 102 0 255
    55 140 0 88 255 104 255 213 255 0 0 243 63 171 48 0 69 127 217 255 0
    255 255 255 0 154 0 255 132 0 255 243 13 114 16 0 88 172 0 234 149
    228 15 85 225 253 61 51 26 70 216 255 46 74 117 255 131 185 227 255
    31 0 4 27 194 133 219 29 73 255 207 220 236 60 0 255 0 255 255 2 230
    0 255 0 255 20 0 142 88 52 0 97 255 241 188 0 120 236 31 0 0 238 148
    226 249 0 255 66 14 255 39 0 255 230 40 0 106 0 160 62 54 27 201 0
    125 36 7 110 80 22 121 26 2 0 71 0 14 255 0 190 66 255 44 215 0 255
    255 180 255 219 0 124 110 244 252 0 102 4 0 0 31 38 206 255 255 149
    14 22 255 255 2 255 62 113 255 0 255 254 0 150 26 255 69 28 0 179
    161 115 108 92 255 0 12 31 58 0 255 150 0 37 233 255 148 115 204 52
    0 211 117 182 255 207 226 106 22 0 50 255 0 9 168 127 243 255 0 174
    233 255 170 0 249 143 43 94 93 234 76 21 156 0 255 52 201 86 255 199
    0 0 49 230 255 234 20 0 27 101 153 127 255 93 255 60 43 185 121 192
    127 255 0 0 255 73 95 255 255 87 10 193 149 79 178 255 28 216 178
    255 0 91 31 73 221 0 0 0 0 5 0 145 232 0 6 28 55 152 231 255 183 10
    0 0 176 60 255 188 91 0 0 0 67 0 34 0 255 222 0 60 255 164 255 113
    29 250 255 183 98 122 70 255 0 31 173 14 225 255 136 136 0 50 255
    255 255 0 127 243 255 0 255 0 0 186 255 255 0 255 103 255 208 222
    156 247 131 216 0 153 163 0 218 73 10 237 0 0 184 84 70 121 0 255
    255 0 255 157 40 17 0 171 205 0 11 148 0 255 55 255 44 218 255 221
    245 21 0 255 255 255 173 0 255 0 239 43 161 51 250 49 98 255 255 0
    14 74 0 255 63 144 64 0 54 40 242 255 177 174 6 255 47 142 103 229
    188 53 0 16 10 225 255 192 0 53 14 115 235 31 203 237 70 255 255 75
    188 33 255 19 0 43 159 0 107 39 207 201 171 182 56 63 184 26 255 126
    255 255 255 160 69 0 0 210 243 255 255 39 255 0 0 42 255 0 123 255 0
    0 221 155 16 30 22 113 223 0 0 15 127 138 0 0 88 0 160 208 236 0 0
    135 0 169 8 61 168 54 137 38 60 255 159 152 255 0 255 159 0 250 168
    250 230 234 234 255 144 64 251 73 0 255 0 0 127 255 105 223 255 154
    238 255 255 173 110 255 0 255 255 192 140 39 87 0 117 255 0 17 230
    90 0 116 173 6 172 223 0 195 197 0 49 59 0 0 0 40 142 0 255 0 255 0
    254 0 255 255 57 248 124 31 132 0 0 33 137 235 187 143 24 183 222 0
    146 255 0 111 0 186 0 0 2 255 126 0 255 0 255 0 165 8 153 45 106 255
    255 28 255 99 0 255 68 87 5 118 69 120 255 255 37 255 255 75 12 160
    255 67 10 187 251 52 132 255 255 255 18 255 255 147 57 255 0 0 168
    255 179 0 0 235 0 255 156 176 0 0 0 255 221 201 249 255 255 69 255
    130 221 148 211 0 255 0 51 142 84 255 180 0 255 255 82 58 43 90 88 0
    208 255 196 187 255 0 43 255 27 160 0 46 76 186 255 193 179 255 35
    77 146 5 0 78 120 184 105 38 0 251 242 255 134 255 255 28 255 61 0
    238 161 127 6 186 0 141 112 174 90 161 67 175 102 235 228 255 132 0
    0 156 86 26 0 22 100 11 161 0 50 91 255 50 140 242 204 139 120 255
    255 255 255 5 248 0 123 195 248 27 73 46 216 75 129 233 1 201 0 116
    255 186 202 155 28 16 232 156 124 226 100 133 0 255 0 157 0 0 255
    155 33 121 210 0 0 0 255 0 22 121 255 205 157 255 28 255 36 209 172
    13 152 255 247 0 255 254 10 0 0 136 240 16 124 0 193 14 231 173 15 0
    155 0 139 0 37 230 0 74 255 0 0 0 96 6 0 40 255 241 119 223 29 199 0
    49 255 255 170 197 166 127 255 0 255 146 255 88 120 235 51 116 255
    255 60 85 173 14 47 255 255 149 0 255 205 255 0 255 0 0 255 255 0
    221 0 255 0 196 255 140 255 181 14 54 201 255 18 120 250 200 15 154
    155 0 0 0 146 255 88 180 183 242 128 58 0 255 163 255 32 16 120 207
    109 255 0 193 180 85 227 240 0 223 248 49 138 254 118 136 0 39 0 0
    84 179 93 89 56 94 255 46 152 255 36 11 60 0 212 129 196 0 255 2 108
    3 177 9 56 159 255 79 0 0 44 0 16 159 124 238 133 255 198 36 255 255
    161 222 117 75 130 255 0 122 249 253 255 164 34 218 209 227 163 145
    144 40 255 201 255 78 96 0 255 125 0 128 254 0 132 178 81 0 76 0 185
    255 0 53 0 199 0 108 88 60 0 255 0 0 191 94 187 255 0 255 255 0 159
    0 81 245 20 55 156 0 255 125 205 15 94 255 255 234 0 133 0 157 0 182
    0 255 255 64 0 189 0 91 177 116 184 32 239 162 0 4 219 0 121 252 126
    214 157 3 140 190 113 107 0 0 0 0 255 0 203 158 0 255 0 214 190 110
    78 71 29 136 148 255 239 156 105 255 31 60 0 137 215 0 255 186 132
    255 255 0 0 0 131 0 255 0 168 170 184 99 255 202 232 176 13 135 0
    146 0 164 0 60 115 105 14 0 52 197 45 255 176 2 30 3 12 172 16 228
    150 255 124 0 52 220 255 248 255 216 255 255 169 78 202 161 33 178
    158 87 0 25 255 0 148 0 255 0 255 198 196 227 251 118 79 255 0 39
    189 59 157 0 105 255 255 255 92 72 222 178 92 106 176 255 2 228 255
    255 0 139 0 255 0 255 170 4 255 199 71 255 34 255 204 0 56 210 215
    255 32 23 50 40 80 0 46 0 155 255 63 0 255 0 44 243 0 255 131 0 212
    0 228 0 255 119 58 0 255 228 0 80 114 140 255 89 205 255 255 242 0
    140 0 255 19 255 255 159 31 179 16 44 0 255 240 13 255 53 0 26 146 0
    153 0 36 120 99 173 255 255 169 241 140 0 255 101 255 45 159 217 91
    130 229 31 164 255 65 255 5 138 0 52 196 239 0 62 190 132 255 70 201
    255 255 45 255 255 168 255 124 0 78 255 0 243 115 21 57 142 0 251 0
    13 108 0 196 44 0 255 4 227 47 255 184 0 255 0 0 30 65 3 197 0 248
    175 171 255 193 0 0 0 0 0 0 0 24 88 0 0 36 100 202 92 255 100 96 237
    0 7 255 58 157 0 78 128 255 255 126 255 92 240 255 159 0 21 242 125
    255 0 0 176 251 127 255 255 46 255 87 73 129 0 169 171 0 255 1 255
    252 0 183 109 181 107 4 255 6 255 199 255 255 0 0 0 67 178 239 202
    255 195 43 255 80 202 0 255 255 255 255 255 255 0 0 0 0 219 252 12
    203 5 0 255 195 22 191 35 255 170 201 185 255 0 8 24 198 0 136 53 84
    132 0 199 245 178 0 255 0 0 26 59 0 186 0 0 0 0 163 255 0 250 0 0 89
    0 111 255 213 150 169 2 82 214 84 13 255 0 221 212 115 181 2 69 109
    109 0 174 255 255 117 46 113 217 239 123 255 197 30 177 0 255 182 80
    132 0 57 255 0 16 27 255 182 255 0 209 42 0 255 0 0 14 38 0 255 51
    31 215 84 231 62 255 132 187 255 0 80 61 70 17 222 124 255 29 239 0
    254 255 84 181 182 15 123 0 0 122 131 209 82 218 183 205 125 224 46
    0 226 0 255 255 161 41 144 111 0 0 146 24 194 238 130 200 131 39 221
    217 243 0 255 245 111 244 255 206 181 87 13 0 47 255 177 64 255 255
    88 59 103 22 255 0 8 149 69 37 65 239 220 249 0 151 229 255 34 52
    137 0 7 36 0 236 108 0 193 0 255 167 0 148 248 224 91 0 0 134 195
    255 255 46 255 31 53 104 75 0 239 94 234 62 202 183 255 255 255 33
    255 23 151 10 255 200 0 101 133 0 254 24 244 201 0 45 201 186 14 255
    134 0 0 26 0 111 255 64 82 96 181 129 245 18 255 0 0 103 255 198 240
    255 0 70 43 230 183 255 0 207 0 116 34 0 85 223 136 244 255 0 209
    255 255 255 28 255 213 211 108 130 75 108 202 212 1 63 88 226 0 0
    255 37 0 123 207 236 112 100 84 173 179 221 255 230 0 255 255 146 0
    0 99 255 220 205 255 0 61 0 255 115 237 58 196 89 47 110 102 255 123
    184 156 196 85 7 131 222 36 248 246 14 0 159 19 221 204 0 111 150
    253 70 54 255 0 27 255 243 255 229 255 255 255 255 0 6 145 167 139
    228 255 0 137 255 76 255 120 188 60 0 200 98 161 245 0 210 0 255 0 0
    0 0 0 1 48 255 0 102 206 196 121 0 89 174 48 149 0 216 255 255 248 0
    107 90 255 191 216 255 226 46 130 0 255 34 0 0 245 0 0 143 132 0 175
    255 21 168 119 118 211 0 241 0 128 129 255 0 150 93 135 41 0 230 56
    93 140 44 255 189 198 0 173 164 255 0 199 157 0 32 153 27 0 255 0
    206 0 21 3 0 56 255 100 86 255 0 207 0 97 255 23 191 181 112 161 174
    0 247 199 186 111 1 227 0 255 210 0 255 144 255 114 44 13 40 23 110
    255 170 255 0 202 126 255 146 133 67 0 124 255 0 0 255 0 46 255 0 85
    252 10 241 255 96 124 80 255 0 240 255 96 228 235 0 0 87 207 140 74
    232 146 145 116 142 136 18 0 0 73 229 255 139 255 66 71 255 191 198
    107 255 255 217 103 185 219 212 0 206 0 221 26 0 140 244 198 120 0
    112 108 34 74 51 211 0 82 138 237 121 187 13 67 27 126 255 85 0 105
    0 82 143 255 68 13 6 85 0 95 0 255 214 239 0 150 116 52 0 206 0 179
    103 255 0 0 160 207 105 0 33 255 0 227 2 216 0 71 84 0 0 243 115 255
    39 0 245 131 0 0 234 27 255 101 255 236 188 223 80 100 223 0 58 87
    253 197 110 47 255 29 27 23 196 198 183 215 105 0 0 192 128 255 217
    0 0 0 0 0 111 234 58 47 193 77 72 79 255 183 89 0 18 185 0 255 17
    255 230 181 0 131 231 255 255 0 208 0 109 134 98 124 255 51 195 203
    124 132 0 42 23 44 253 0 27 237 0 51 232 0 175 255 0 22 47 255 194
    89 255 116 13 0 149 0 77 158 201 0 201 46 49 255 255 29 255 255 0
    158 46 100 196 0 222 226 0 0 216 255 0 0 175 154 255 73 210 255 148
    197 0 255 0 0 252 0 185 16 45 0 0 255 86 133 239 99 110 235 61 98 0
    170 146 255 83 88 255 255 134 0 113 254 21 255 255 255 94 217 47 255
    57 255 163 255 255 28 255 0 196 174 139 134 11 59 18 0 22 0 0 191 20
    186 251 0 173 255 234 255 127 232 125 215 202 125 62 202 0 192 156
    255 93 246 255 255 246 238 255 93 255 255 15 41 0 190 255 255 55 144
    54 18 125 169 86 255 0 255 53 12 112 227 255 34 0 0 0 120 0 0 0 255
    168 255 101 28 104 0 255 149 101 0 255 167 189 186 32 32 209 40 219
    22 0 0 255 255 70 29 0 73 26 65 18 152 157 0 255 239 255 62 78 59 98
    5 129 156 70 249 255 55 196 109 186 142 114 197 255 0 147 80 0 175
    174 0 135 178 9 229 0 0 255 0 204 255 255 50 230 36 168 10 0 82 135
    167 191 151 156 186 56 255 79 255 255 255 0 0 222 29 189 13 48 140
    134 145 71 0 221 113 0 32 244 0 255 0 25 115 0 0 0 18 0 57 174 179
    64 174 149 181 119 213 70 146 0 255 248 156 255 140 255 166 0 255 0
    212 141 71 0 190 255 192 251 59 49 20 255 187 0 82 0 241 0 245 0 150
    172 0 255 255 68 255 0 252 3 56 255 136 102 0 236 203 82 52 198 154
    216 167 113 228 255 61 255 133 255 255 155 255 94 33 38 0 0 112 0
    219 0 70 149 223 13 248 228 255 244 48 48 0 15 107 6 170 71 248 255
    0 255 0 23 32 122 253 0 59 255 236 255 161 174 255 0 120 0 0 27 26
    93 0 0 186 250 181 138 56 152 14 37 0 155 0 135 38 255 18 126 255
    182 86 1 22 255 162 196 236 205 255 61 0 255 255 0 67 0 70 16 236
    167 255 255 255 53 123 0 217 32 0 255 0 175 255 33 3 111 0 107 255
    255 0 0 255 255 255 82 255 46 103 166 0 67 134 118 11 255 191 132
    255 232 0 6 209 0 255 255 0 167 255 110 80 180 0 247 78 242 67 255
    142 63 255 89 68 0 72 0 255 174 0 255 89 183 124 0 222 62 255 0 161
    255 0 117 22 92 54 176 0 0 181 16 194 0 255 228 128 255 189 185 0
    188 0 179 0 101 42 190 49 255 0 255 255 75 81 168 108 0 255 197 255
    4 22 255 0 255 119 56 27 255 243 119 168 131 208 192 126 156 109 219
    198 0 148 164 255 248 232 39 253 255 170 148 29 13 124 255 51 49 255
    255 0 97 255 219 175 133 255 0 253 198 255 245 0 173 159 178 255 255
    18 186 28 244 42 255 246 0 255 122 249 87 0 255 63 0 103 159 124 185
    175 0 255 26 255 255 255 255 55 154 178 174 62 250 164 43 255 212 89
    125 115 216 103 230 255 226 209 147 177 0 0 206 255 255 0 88 207 0 0
    206 187 255 84 152 0 125 207 231 228 13 154 255 0 91 114 0 241 239
    46 0 195 18 40 0 14 89 58 212 0 165 190 138 30 172 255 100 255 255
    20 255 255 72 0 35 255 0 212 214 0 255 139 254 0 0 54 109 0 9 24 0
    255 82 0 197 255 103 9 255 19 235 62 195 224 174 255 227 39 255 172
    255 255 216 255 255 255 228 255 255 169 255 115 160 130 121 129 255
    98 255 255 175 0 255 255 255 255 48 139 255 171 114 0 255 0 169 178
    84 166 67 108 125 0 161 0 255 255 50 58 47 255 163 203 20 255 253
    167 194 0 72 222 188 211 255 115 153 189 185 145 255 92 114 117 255
    32 21 255 191 0 246 73 117 118 0 61 187 182 0 65 255 61 0 36 221 0
    108 255 0 211 192 219 0 236 255 255 109 42 69 97 0 255 40 50 126 60
    7 135 72 0 21 86 193 0 0 70 0 0 153 198 114 177 72 178 70 156 148 63
    74 37 113 0 239 64 255 0 255 215 98 7 120 255 116 139 148 0 255 255
    255 0 255 0 207 255 0 255 252 11 66 0 0 240 0 0 103 176 213 113 19
    179 86 168 255 89 255 255 0 255 255 45 233 202 0 187 252 255 249 75
    153 45 0 0 42 0 234 40 130 255 60 78 255 227 255 48 255 214 255 44
    30 255 255 0 200 255 255 102 172 122 0 255 128 189 122 99 0 62 213 0
    255 6 75 177 150 46 201 152 75 43 134 166 255 255 210 255 187 0 181
    0 249 0 246 180 255 197 219 0 247 20 0 0 172 0 199 255 255 112 112
    21 16 255 227 245 255 42 92 255 157 255 247 83 128 0 222 35 198 95
    255 255 34 255 119 0 198 235 70 246 109 255 0 207 187 81 0 77 0 180
    255 0 228 255 157 255 135 241 222 48 37 193 255 255 150 23 63 255 58
    170 201 14 57 0 180 207 255 24 255 109 254 255 111 156 0 33 0 133 96
    255 214 35 160 0 27 225 14 26 253 232 255 60 0 187 82 2 255 90 178
    255 255 255 0 214 80 195 20 129 196 163 15 0 34 0 118 12 4 174 210 0
    255 42 65 0 83 255 145 0 255 205 154 6 197 249 255 255 146 183 0 255
    176 170 255 255 223 0 97 235 100 0 166 237 81 255 255 55 255 132 11
    188 255 230 1 255 127 47 206 217 90 8 112 255 53 88 233 172 254 28
    82 178 184 255 137 0 191 69 0 62 0 0 203 35 149 117 190 255 0 0 152
    255 81 0 149 255 47 159 181 114 198 239 181 0 118 231 0 255 114 255
    205 87 135 79 0 99 213 251 0 255 152 0 197 166 93 255 0 255 184 0
    255 255 195 0 115 0 78 255 168 0 104 255 0 255 255 0 210 29 0 60 0 0
    36 0 8 24 0 255 110 40 227 123 0 75 229 101 0 182 0 0 121 42 213 206
    60 241 97 246 27 0 255 255 22 179 0 210 0 0 0 54 35 116 186 188 0
    197 243 255 92 159 180 149 0 255 48 0 59 57 198 28 1 255 85 233 163
    0 244 255 139 46 0 23 91 82 255 178 255 63 0 82 82 0 197 255 115 7 9
    49 79 132 201 246 189 94 0 255 32 221 88 129 255 255 7 255 8 26 255
    0 130 207 64 0 251 0 149 223 106 200 29 187 255 0 119 236 0 199 103
    67 255 255 255 255 188 98 0 135 255 0 0 43 6 208 133 46 86 21 52 137
    1 39 255 155 137 223 138 255 0 255 139 97 55 30 245 15 255 239 0 24
    90 222 0 252 53 0 0 187 92 255 63 255 0 68 117 255 255 102 0 128 232
    228 117 255 192 104 103 77 122 175 255 0 29 163 255 255 0 255 13 255
    0 82 187 79 255 159 0 255 255 0 158 31 0 99 0 216 134 255 255 79 114
    148 255 0 255 0 255 2 0 52 237 255 116 113 255 0 84 50 255 93 0 215
    65 194 33 208 0 125 0 54 165 236 255 255 255 255 248 216 198 28 255
    148 0 123 0 129 138 139 0 190 96 0 197 255 255 140 255 255 206 0 253
    255 0 91 4 109 51 60 91 255 25 44 238 227 18 191 58 255 32 0 80 100
    0 0 0 126 0 0 17 204 17 199 0 255 60 0 15 83 141 48 17 224 0 181 26
    245 11 253 47 255 213 254 70 242 188 48 37 14 58 0 188 255 255 31 0
    237 0 0 123 147 181 250 0 206 167 66 0 50 255 0 0 243 208 190 255
    191 171 117 97 0 14 0 115 44 255 255 220 95 254 255 220 0 255 192 5
    149 0 35 0 68 255 255 47 255 255 218 0 52 222 176 0 255 0 96 255 150
    255 17 255 255 224 255 255 162 255 199 255 70 202 255 52 148 34 254
    75 255 252 112 0 66 100 248 64 0 0 221 0 75 35 255 0 170 35 47 0 0
    226 8 177 255 0 0 61 255 0 255 223 33 79 166 0 0 125 214 149 0 255
    127 39 255 170 105 48 255 0 66 171 143 222 58 5 121 0 128 83 101 255
    149 255 161 114 255 255 243 184 166 146 211 100 106 0 177 105 255
    255 57 39 99 255 0 147 238 0 255 149 193 107 152 204 26 255 91 178
    241 132 94 31 0 255 211 0 0 2 255 0 80 26 0 0 156 73 255 29 24 205
    255 74 0 255 0 252 230 62 0 255 194 245 0 255 96 6 255 255 255 255
    228 192 122 162 180 39 232 255 0 0 194 164 135 138 214 0 255 211 60
    9 0 71 255 233 117 55 213 0 172 255 255 118 255 255 132 18 234 2 93
    90 154 17 0 188 52 66 120 209 7 0 255 19 255 107 75 163 212 0 255
    164 220 255 150 0 255 138 255 103 0 111 128 0 185 142 255 255 2 19 0
    227 95 14 106 166 144 0 67 57 80 69 255 0 241 144 175 25 216 255 234
    103 226 99 45 116 169 0 43 255 255 0 156 116 186 5 105 255 255 255
    140 255 214 218 255 255 31 0 255 195 86 197 181 21 114 75 214 168
    255 3 216 125 84 15 255 250 0 0 0 102 0 220 0 104 110 255 0 111 255
    255 236 255 78 0 216 162 0 102 92 62 44 143 0 255 62 255 181 218 255
    0 137 194 220 13 115 255 0 203 76 47 213 217 68 124 0 214 62 9 207
    78 255 5 0 0 0 4 155 83 0 129 217 255 222 255 255 0 53 78 74 0 255
    164 148 0 204 130 0 181 184 57 164 175 13 242 255 0 128 203 255 223
    255 255 29 163 0 0 28 233 255 249 159 142 25 107 26 0 249 0 73 149
    169 215 186 0 132 221 27 245 0 0 255 125 230 121 172 225 209 57 141
    33 151 0 162 0 209 112 0 102 0 68 40 0 255 195 0 239 234 120 255 0
    223 255 255 13 131 113 255 0 0 108 163 255 255 255 255 255 198 136
    255 175 199 232 255 0 84 0 200 196 0 0 0 140 155 101 255 0 173 230
    41 0 67 196 147 190 255 101 255 173 27 47 81 52 255 144 0 28 154 0
    236 181 255 83 31 14 255 3 53 215 169 0 123 0 20 178 101 255 255 16
    234 221 27 49 0 180 115 187 239 35 121 43 150 159 91 7 28 254 221
    255 248 0 255 47 253 255 213 255 155 0 109 131 225 166 0 255 201 0
    255 0 0 57 255 181 55 255 255 0 255 219 255 191 178 172 0 207 222
    255 239 255 156 254 0 255 255 0 92 147 255 255 0 46 0 180 241 220 0
    80 40 255 190 255 125 255 95 250 214 99 124 255 187 255 255 0 0 0 77
    133 130 93 242 255 255 232 121 171 245 255 228 128 238 79 212 48 255
    34 40 255 255 255 206 208 120 108 255 22 0 0 130 0 0 145 23 0 26 172
    0 216 0 222 135 255 248 19 91 89 255 198 138 77 190 191 255 186 94
    255 0 17 197 132 255 255 9 112 88 0 168 255 255 163 135 70 70 207
    255 255 253 0 60 129 226 67 255 92 255 146 10 0 255 185 0 0 248 221
    0 0 255 3 229 0 0 178 163 168 208 133 105 2 168 255 142 0 255 70 255
    60 255 255 212 0 255 255 193 91 253 255 255 229 241 255 20 122 223
    183 0 0 255 255 182 217 255 0 215 255 255 88 208 205 45 24 217 255
    207 74 0 137 255 247 255 255 160 94 159 255 0 226 206 154 255 0 0 33
    62 255 140 237 0 126 255 22 87 170 255 125 255 143 212 253 16 80 255
    187 117 0 185 120 247 255 87 196 138 19 152 255 23 122 0 151 175 255
    0 106 0 159 202 17 155 39 235 255 58 255 197 58 204 230 184 0 31 39
    255 255 141 0 0 255 255 0 0 59 255 148 159 96 59 245 0 220 246 255
    74 73 139 95 129 197 255 165 91 151 40 221 0 8 134 255 255 14 255 59
    255 71 198 88 0 233 104 73 238 54 0 20 111 111 0 237 1 38 64 0 226
    255 29 17 255 208 35 255 255 0 242 209 200 180 104 252 79 200 51 170
    105 95 0 76 31 141 100 207 130 95 0 185 255 146 18 16 0 138 222 0
    255 255 231 255 110 187 206 62 80 255 15 213 0 247 116 38 166 179 0
    0 255 190 14 255 255 51 5 255 93 0 255 255 235 144 190 183 255 166
    152 0 22 220 255 0 206 255 80 217 22 244 26 116 0 27 74 196 0 87 99
    255 50 0 255 255 71 255 0 125 15 91 81 0 0 139 178 10 149 255 9 0 28
    35 237 246 255 85 142 0 129 0 49 53 214 177 255 82 255 0 90 166 0 21
    180 60 0 254 0 99 189 140 233 4 184 37 46 226 0 177 0 0 0 252 210 38
    48 255 93 255 123 206 0 95 0 190 0 28 180 255 87 70 255 212 0 220
    209 45 0 209 0 130 0 255 0 54 25 153 255 183 46 110 222 255 255 43
    255 2 40 255 42 135 170 206 186 96 82 255 255 246 157 166 255 134
    229 255 62 141 0 42 0 255 0 104 255 232 53 20 116 97 40 249 170 0
    255 40 0 243 255 255 255 56 255 0 179 0 125 56 0 0 136 246 202 255 0
    255 255 0 255 3 255 10 7 202 123 0 0 57 160 61 91 0 254 30 0 65 255
    255 99 87 0 5 0 117 255 176 55 31 181 211 67 7 182 0 157 0 0 158 255
    3 0 238 182 201 0 237 115 180 22 163 88 185 229 0 0 96 22 224 66 11
    255 40 0 255 27 159 39 170 255 0 0 51 124 0 255 255 254 193 69 52 0
    188 0 248 255 36 18 94 84 167 0 255 0 0 38 104 255 255 110 107 255
    84 105 0 202 135 37 151 0 255 176 0 136 236 0 8 212 77 0 255 39 252
    237 43 197 0 0 87 0 0 189 30 176 190 255 27 0 0 255 70 255 0 245 255
    163 255 48 70 79 0 82 0 143 0 0 255 41 255 195 67 246 29 175 14 43
    99 0 163 0 0 7 27 0 102 79 117 97 0 128 156 255 255 0 131 154 18 99
    28 173 33 0 0 74 215 149 0 98 98 81 193 0 210 153 0 0 61 37 107 255
    111 62 255 82 0 76 68 47 46 255 5 0 51 255 187 246 184 0 31 235 111
    226 0 116 208 140 109 255 80 7 255 91 112 166 0 176 131 42 255 240
    255 48 255 255 242 0 0 134 255 255 72 255 80 117 33 188 70 243 76 15
    0 225 255 0 160 51 237 148 0 153 0 153 105 255 208 239 233 105 116
    255 128 32 171 255 1 217 0 0 216 113 42 0 145 255 0 255 0 229 255 0
    0 238 0 223 25 81 220 161 230 199 36 255 0 215 57 11 0 167 0 3 25
    116 80 123 22 255 0 246 195 193 26 107 0 97 67 0 174 16 135 9 67 122
    56 118 0 62 122 130 79 254 0 251 29 237 56 177 0 0 191 255 225 146
    204 44 0 0 0 0 161 209 255 57 76 230 0 31 133 78 71 111 188 116 255
    255 0 75 0 49 255 115 112 250 44 255 114 255 160 50 71 220 255 112
    174 237 36 180 0 30 151 48 255 255 255 0 165 57 0 0 25 46 56 153 113
    33 0 255 3 91 92 0 255 183 94 72 0 40 26 198 68 0 0 255 165 207 255
    255 201 255 255 28 143 255 255 0 255 157 0 0 6 0 141 60 165 0 0 3
    100 121 255 255 137 69 0 240 142 255 0 255 255 173 29 0 0 99 93 38
    92 208 255 255 118 84 255 0 159 124 68 226 0 0 93 255 255 233 255 38
    255 0 137 150 0 21 255 223 173 0 231 16 46 221 0 58 52 113 140 234
    129 0 113 235 0 176 13 255 255 240 139 0 100 180 244 255 234 141 153
    86 0 234 252 63 229 18 44 0 255 0 241 143 255 0 255 0 230 0 0 142 0
    255 123 151 188 119 255 13 162 117 53 34 129 35 0 0 0 50 90 114 242
    0 255 255 121 189 155 12 255 123 169 144 42 124 14 0 229 52 255 232
    0 0 222 195 0 6 255 0 255 128 11 0 133 145 144 6 0 172 10 45 215 255
    255 255 48 69 255 255 57 109 192 0 0 165 169 0 106 255 249 230 241
    207 0 26 255 0 103 255 63 255 0 0 0 196 0 15 99 157 242 48 0 255 255
    88 0 15 171 31 0 40 255 150 255 94 224 189 97 255 96 236 255 24 251
    145 119 19 181 255 50 227 222 209 52 25 26 0 255 59 141 12 66 83 0
    245 255 94 255 41 104 53 26 189 136 165 194 75 17 0 76 120 205 77 72
    255 113 0 178 255 32 51 255 255 255 228 0 255 255 224 251 225 0 0
    102 167 158 200 255 38 241 160 187 0 124 255 155 75 255 110 31 192
    221 178 255 255 235 255 208 0 255 232 149 128 10 27 157 163 120 145
    0 0 155 0 0 26 17 0 99 255 147 255 0 243 142 197 220 250 218 34 144
    81 17 68 0 252 63 5 41 253 0 204 48 255 0 74 245 226 61 255 104 0
    255 47 255 255 152 87 255 0 111 94 0 240 190 0 75 202 0 0 128 255
    255 255 177 217 255 115 106 154 255 0 0 192 203 30 176 214 0 87 255
    112 64 255 14 17 255 255 79 255 0 255 243 47 66 255 134 249 188 0 0
    0 7 88 0 155 0 0 0 180 104 18 4 255 0 237 255 221 255 63 0 103 255
    178 196 0 132 103 255 107 255 240 204 39 0 0 0 255 196 0 255 74 0
    196 41 0 138 134 79 255 40 0 178 255 255 255 229 235 202 255 0 0 145
    204 0 243 134 255 0 0 255 233 71 247 71 255 0 16 227 0 189 179 0 255
    255 0 255 255 255 129 200 254 183 0 10 0 80 81 128 129 255 0 0 255
    241 25 255 255 255 198 28 255 255 239 165 92 81 4 121 90 0 42 69 144
    181 47 175 76 0 96 187 127 227 0 19 13 0 0 101 125 46 255 255 193
    155 189 0 2 0 213 94 255 49 255 169 255 247 255 95 129 45 238 94 0
    20 141 129 0 255 3 12 222 76 205 255 0 15 53 0 201 107 255 0 81 255
    255 0 106 225 193 68 255 138 249 255 0 65 226 19 108 210 119 255 194
    155 169 15 78 0 17 22 255 78 0 250 246 73 255 0 44 0 97 98 0 102 102
    61 255 135 42 255 255 255 255 255 51 147 108 161 108 73 172 204 0
    226 109 236 15 137 112 255 170 0 255 116 243 186 3 25 201 0 255 187
    0 240 255 255 231 198 0 9 70 67 5 158 88 68 250 123 36 0 122 220 253
    255 0 255 100 0 0 0 0 0 0 40 0 255 0 21 196 238 0 73 255 4 0 35 197
    238 205 255 226 8 255 251 0 178 0 94 255 0 3 255 203 255 245 196 255
    1 100 173 247 117 255 255 136 99 255 102 210 0 0 0 189 22 255 100
    210 255 0 229 7 41 255 183 165 43 255 255 130 54 96 178 94 18 255 39
    0 160 73 0 122 255 0 200 0 12 227 137 0 16 114 0 255 219 160 255 255
    0 255 58 116 53 243 255 239 170 72 21 152 255 204 69 102 60 136 227
    0 0 255 255 226 24 181 0 226 255 63 0 255 255 255 255 202 121 255
    141 0 0 0 70 37 78 0 249 139 144 0 239 0 147 161 48 178 7 103 172 0
    39 75 0 196 2 255 8 0 67 92 122 0 76 151 245 145 0 255 170 60 190
    161 0 168 32 170 230 0 255 104 23 0 17 0 14 84 255 255 248 0 255 14
    255 188 0 255 139 0 255 1 19 86 0 255 255 185 191 124 121 31 70 197
    86 28 255 255 98 55 118 145 152 1 26 130 0 0 171 255 180 4 194 172
    48 252 0 2 70 127 95 29 230 223 255 99 113 138 87 255 9 76 255 0 255
    100 255 107 93 0 120 226 255 255 57 255 0 0 0 8 50 248 0 13 27 9 65
    115 89 0 19 179 216 0 255 182 0 161 255 121 233 15 147 0 255 240 157
    0 107 0 211 255 255 154 41 255 255 204 0 24 0 0 115 105 54 68 134
    255 204 141 12 217 128 157 129 255 0 0 0 47 84 255 0 148 90 0 24 202
    106 255 220 163 255 0 82 53 134 255 8 27 183 135 162 99 255 221 94
    41 52 0 255 255 58 57 255 133 0 132 255 0 255 102 0 80 13 0 255 193
    255 0 0 245 125 225 66 109 0 255 13 0 255 0 30 164 91 220 255 255
    116 178 118 255 29 255 176 255 255 0 0 30 113 0 0 167 106 249 191
    163 67 255 175 97 0 37 0 236 63 255 0 0 129 255 179 249 207 255 0
    248 178 26 0 199 100 255 24 0 12 255 141 106 255 185 182 12 0 0 88
    213 147 125 103 206 0 2 172 189 80 255 101 236 255 97 204 255 239 68
    113 11 240 255 23 246 255 72 128 189 204 253 255 52 79 255 143 177
    243 126 46 75 255 174 0 105 29 158 255 0 132 255 161 166 255 255 255
    191 153 214 194 166 222 0 255 215 255 187 47 0 68 123 0 0 49 1 29
    223 9 36 0 217 0 0 194 255 155 255 222 91 191 22 234 0 0 0 255 232
    255 146 0 33 187 0 62 218 247 255 85 0 255 193 0 162 255 255 36 185
    255 255 16 0 132 0 255 0 0 254 59 220 71 222 255 174 83 57 12 255 0
    41 255 106 255 255 57 0 255 255 117 52 255 0 13 255 119 201 9 216
    191 0 92 228 82 0 255 0 196 104 119 0 92 122 209 255 255 137 22 255
    114 216 44 180 24 120 0 157 0 0 255 0 249 184 166 164 0 208 81 94
    255 59 78 0 121 224 81 0 0 243 135 156 3 0 111 0 217 255 224 255 0
    162 207 255 144 118 255 0 69 145 255 43 113 216 115 242 182 0 245 0
    87 0 82 138 115 1 93 104 237 204 91 255 255 0 0 219 29 255 0 49 0
    141 11 116 35 209 207 127 255 251 252 0 233 255 193 255 204 255 236
    240 255 255 255 96 57 146 121 17 254 0 6 0 95 248 20 25 192 17 12
    255 247 252 124 164 255 0 229 74 0 238 122 84 0 255 10 0 255 120 255
    255 0 85 15 181 91 0 92 0 0 255 252 224 100 184 0 74 255 65 131 2 0
    255 160 0 81 184 0 102 0 76 102 255 0 213 67 0 212 9 250 101 62 24
    48 0 141 0 189 255 0 182 212 254 255 255 115 178 0 117 61 0 0 0 0
    219 0 147 156 88 0 33 255 67 0 0 0 0 17 42 255 129 153 56 0 66 32
    249 114 255 255 52 221 255 0 232 134 255 103 239 15 41 255 0 64 148
    173 66 123 0 249 166 173 224 37 29 17 74 181 173 0 235 0 19 58 7 87
    232 228 135 227 255 0 206 255 147 108 0 1 70 0 250 171 125 62 255
    255 165 185 199 165 0 157 255 44 9 255 2 0 0 232 169 122 0 0 255 60
    255 255 255 187 255 22 1 191 0 0 253 211 255 167 0 77 177 0 135 94 0
    235 116 255 0 202 186 228 0 52 255 133 141 97 255 77 0 104 183 80 17
    79 0 21 125 255 60 6 255 94 26 0 236 7 26 212 21 0 185 237 189 248
    140 185 67 255 22 255 84 92 0 156 11 255 55 19 6 224 168 43 212 0
    255 0 130 82 197 159 170 34 255 225 120 168 199 255 40 148 74 97 137
    34 31 47 231 3 69 171 255 255 106 255 152 54 0 0 255 105 255 0 80 86
    255 11 26 173 222 0 164 255 0 67 255 206 241 147 255 255 0 192 0 16
    94 0 0 229 178 0 4 0 133 200 212 138 99 161 25 78 181 0 189 2 228 55
    0 199 255 0 0 0 101 255 0 0 154 255 49 0 115 244 162 216 0 154 103 9
    127 210 225 255 116 0 79 67 0 134 138 255 255 27 150 188 0 198 255
    28 58 255 255 255 10 255 179 0 0 210 4 255 198 41 255 191 232 142
    228 135 152 255 255 133 255 155 147 239 134 60 251 0 204 255 87 193
    0 0 43 68 0 175 64 255 14 0 255 246 124 170 82 0 34 253 243 255 109
    63 60 126 224 151 37 119 133 0 0 24 185 45 39 0 255 107 223 255 255
    0 255 135 132 91 4 37 0 34 0 193 121 82 35 0 78 0 135 77 74 18 227 0
    255 255 161 2 255 0 255 0 217 145 255 186 13 0 123 22 0 0 233 65 255
    106 0 0 0 134 8 255 24 67 209 58 32 89 255 80 255 231 162 0 98 10
    255 199 225 220 94 239 4 255 83 206 0 238 0 232 255 255 255 4 16 191
    0 0 243 116 0 95 255 0 255 172 0 6 184 0 0 99 15 255 255 207 38 255
    255 0 255 71 218 57 209 51 116 140 163 0 15 124 17 175 255 255 0 254
    3 255 149 0 29 194 30 124 199 255 188 108 68 187 34 154 136 0 89 197
    255 182 255 248 0 0 195 221 68 242 225 124 202 101 182 37 0 0 104 0
    11 187 113 104 135 255 172 147 244 62 72 0 0 105 0 0 68 163 101 115
    0 253 231 135 22 75 247 0 124 86 0 0 43 0 74 52 0 61 226 255 0 255
    187 173 237 0 255 70 246 0 0 117 255 209 255 255 255 130 0 27 100 6
    41 255 152 215 12 255 0 96 218 92 27 4 108 251 61 223 67 0 0 213 190
    68 232 170 255 146 0 0 255 139 255 22 0 171 255 255 0 255 255 246
    255 49 35 0 188 0 0 0 255 97 171 184 232 235 58 210 80 130 185 29 86
    181 0 0 99 255 255 212 106 211 255 203 22 0 32 0 88 220 255 132 109
    131 255 148 255 255 0 29 200 0 97 184 212 247 244 78 255 44 255 255
    222 231 137 67 0 170 255 49 228 255 188 0 255 255 0 255 29 223 138
    170 0 156 43 255 255 210 233 255 0 122 170 0 187 0 0 255 0 238 226
    60 148 0 170 255 163 0 21 255 13 196 215 147 255 0 0 25 255 255 255
    197 181 184 255 255 116 164 0 255 0 178 209 67 197 255 147 0 221 0
    56 113 84 0 0 255 222 0 255 78 4 255 0 0 104 47 230 146 233 144 91
    51 255 143 0 119 170 158 230 108 87 15 255 0 191 213 215 172 226 180
    13 255 145 148 69 26 169 255 85 188 255 125 68 0 178 0 175 0 172 255
    255 255 81 253 78 47 28 245 97 0 245 0 114 0 153 222 254 174 0 255
    255 255 188 191 13 145 0 178 106 178 255 137 102 255 22 255 63 255
    255 113 255 137 0 182 61 0 255 72 0 38 0 144 0 255 157 135 0 0 0 155
    255 152 0 183 235 170 153 98 212 59 205 120 0 0 0 148 255 23 0 6 255
    150 0 195 255 0 255 0 153 186 0 255 98 106 175 126 39 0 255 0 0 193
    95 143 247 48 128 28 101 74 122 234 225 255 255 103 45 177 50 190
    154 7 21 0 0 46 255 255 40 233 117 255 212 0 231 0 0 237 0 13 21 122
    208 179 0 247 131 255 255 0 255 8 163 106 255 0 99 0 108 81 198 0
    167 26 211 255 0 128 255 53 135 36 255 203 111 68 0 195 118 228 48 0
    178 35 255 0 221 4 193 92 253 255 0 255 0 1 159 190 218 0 255 251
    160 240 212 102 226 0 90 255 159 33 94 80 255 150 255 255 26 255 255
    255 255 22 35 255 142 15 0 255 255 112 237 255 220 248 0 0 237 85
    187 176 2 0 183 37 191 255 155 255 169 43 255 0 0 0 137 198 140 255
    148 255 229 219 43 230 124 78 0 255 153 0 255 179 147 235 182 40 72
    143 221 158 164 58 229 139 255 191 125 149 120 217 248 0 199 219 23
    0 118 255 37 0 255 179 74 0 26 211 72 0 255 138 255 62 15 215 203
    181 255 255 0 255 77 30 0 226 24 255 225 141 149 236 0 11 250 0 5 0
    255 36 66 251 255 55 38 207 137 0 164 255 232 64 0 227 255 255 0 85
    26 0 189 73 237 0 129 231 187 86 59 0 18 90 0 232 20 186 205 255 0 0
    255 0 0 148 119 255 0 0 78 52 94 255 198 255 255 146 56 40 109 110 0
    0 0 244 0 150 0 11 194 6 125 89 32 116 101 215 0 86 0 32 214 255 151
    255 122 107 138 41 185 11 98 0 193 70 174 255 183 64 250 130 157 213
    58 203 148 11 0 255 255 0 81 46 17 0 0 87 255 108 0 3 5 154 211 255
    255 0 255 164 0 0 255 202 53 226 255 129 84 190 36 18 133 255 0 255
    0 0 147 255 255 59 0 201 127 185 145 255 0 202 40 136 156 200 255
    255 158 200 131 218 147 0 118 189 255 0 179 42 0 4 82 254 255 97 135
    96 236 57 0 5 160 11 0 0 217 105 163 0 169 0 195 130 255 4 255 255
    255 0 28 11 0 0 74 255 218 66 0 134 96 0 255 255 161 0 167 255 255
    229 16 0 205 38 0 120 243 0 209 235 152 255 25 80 58 91 165 59 0 255
    85 0 225 0 0 146 177 52 72 86 124 75 205 51 0 35 57 248 255 73 35 7
    99 101 187 255 244 147 255 129 255 79 56 174 255 210 178 0 0 0 170
    16 187 255 189 58 112 35 0 186 149 216 255 0 7 240 255 30 0 129 0
    255 255 112 33 0 0 255 227 149 143 223 5 9 255 94 255 255 26 207 209
    217 255 122 55 226 190 99 111 0 161 184 232 255 0 223 255 44 62 242
    0 224 0 0 174 52 29 0 55 135 162 0 255 129 36 255 85 195 134 118 170
    77 255 255 127 255 34 164 0 255 0 135 228 158 231 27 170 255 60 212
    205 255 255 234 255 220 173 237 255 74 0 177 73 0 255 118 70 61 224
    220 47 131 205 12 0 255 0 106 255 205 0 0 0 68 0 0 251 255 195 255
    154 0 0 255 99 207 0 128 255 44 0 112 83 156 206 105 121 229 120 255
    19 255 166 255 0 6 132 107 210 33 0 97 149 3 164 240 0 116 78 142
    164 0 209 129 0 47 223 46 115 89 148 255 11 255 255 143 200 0 221
    255 87 0 21 172 193 255 192 0 170 132 0 255 245 255 40 0 60 169 97
    255 153 0 255 20 0 255 186 161 92 0 34 132 0 255 156 187 0 249 223
    119 247 255 214 212 244 33 97 153 0 82 162 81 245 179 213 184 0 43 0
    153 201 0 255 170 176 110 186 58 0 110 149 118 108 75 255 0 155 255
    0 255 117 0 173 0 0 255 59 123 255 8 69 41 0 198 253 209 255 255 53
    255 0 155 0 0 35 52 255 255 255 0 255 7 0 229 37 140 255 0 0 134 255
    156 112 196 73 22 230 37 100 0 255 131 138 93 145 0 54 9 0 83 0 209
    88 0 12 124 229 175 179 0 72 0 255 0 0 27 205 0 0 255 255 130 91 213
    250 45 108 165 0 186 218 53 62 46 39 129 236 0 255 149 238 0 136 255
    161 255 174 111 148 228 230 255 53 235 233 92 243 0 255 165 6 185
    255 57 171 0 174 255 204 255 255 198 254 93 255 17 170 0 64 182 178
    17 0 255 108 95 201 6 255 196 67 255 254 64 37 64 15 36 188 244 255
    239 88 0 199 87 0 0 255 0 192 144 255 252 0 70 245 23 255 23 24 255
    255 255 0 171 38 191 46 245 255 213 24 81 21 163 17 223 255 0 115 46
    90 255 6 255 138 255 174 17 47 255 79 0 0 230 197 192 55 0 255 70 0
    63 244 48 0 0 0 0 0 66 0 0 0 0 206 149 206 57 255 208 255 0 244 255
    86 0 242 105 0 253 255 5 181 0 245 41 102 157 23 81 35 210 120 255
    245 129 255 0 4 55 118 58 0 236 0 117 0 152 178 255 44 0 84 255 136
    0 227 0 0 3 255 0 221 204 124 255 0 0 137 93 54 75 51 120 37 0 37 84
    151 54 74 52 70 0 42 0 0 0 224 10 193 56 253 112 255 7 213 144 94 88
    26 0 142 189 80 255 48 81 0 236 255 109 115 150 0 47 45 255 255 72
    113 0 71 243 214 0 0 0 0 255 246 170 255 255 0 0 127 113 13 192 252
    112 0 0 227 255 156 121 116 160 188 0 0 244 254 117 122 139 18 243
    199 71 255 255 112 0 0 0 2 255 0 195 255 143 255 0 48 255 255 86 0
    255 5 0 0 255 134 96 180 50 179 255 57 170 255 249 0 0 13 0 124 204
    86 212 83 225 0 255 173 0 100 108 0 64 0 15 108 43 5 0 0 127 118 53
    54 152 47 0 155 0 31 0 243 255 131 0 255 0 73 72 245 82 255 255 255
    0 255 255 199 58 201 192 72 0 55 220 142 76 3 12 55 255 0 26 25 100
    80 0 255 0 152 255 47 1 0 3 160 134 236 255 223 32 215 255 35 0 40
    150 64 255 164 158 175 0 212 0 0 93 83 255 135 119 223 255 0 115 176
    241 53 110 0 0 14 123 160 6 255 255 76 255 116 150 181 143 102 0 255
    0 0 34 54 182 217 255 7 91 165 0 105 97 17 255 255 186 255 19 125
    118 0 138 244 197 204 225 255 178 255 255 255 202 255 198 255 255
    170 255 219 20 169 115 74 118 0 121 216 167 110 15 0 255 0 0 0 189 0
    0 7 255 200 121 32 206 168 255 204 254 255 255 7 171 117 103 0 0 94
    44 47 81 47 239 255 255 171 255 169 160 169 203 204 0 169 182 245 74
    0 3 222 82 0 255 255 185 138 165 24 180 0 207 255 86 255 83 154 103
    0 255 236 129 20 0 152 182 64 118 61 240 0 255 149 229 255 106 255
    255 0 145 255 81 255 153 234 22 0 214 156 0 55 130 102 0 255 100 102
    181 129 28 255 187 65 42 21 100 18 0 0 255 255 241 255 255 196 0 255
    255 160 91 255 162 139 110 63 0 255 241 222 141 255 255 3 41 0 60 78
    249 107 255 255 0 9 77 24 255 0 255 255 48 255 179 0 0 97 0 0 0 181
    4 191 8 255 255 91 232 141 124 255 255 39 231 65 0 120 151 171 0 130
    193 0 255 35 81 67 173 0 203 119 0 33 4 39 134 195 255 251 188 211
    167 155 234 212 79 244 112 0 227 0 13 126 255 249 74 97 67 0 0 81 0
    255 255 196 58 0 0 76 102 255 227 255 242 25 255 96 186 25 108 38 0
    85 116 79 42 151 0 151 24 0 200 255 60 48 133 94 250 196 0 176 158 0
    71 255 37 182 0 159 144 140 101 118 140 255 178 63 26 128 212 131 3
    249 9 248 248 162 0 108 174 186 41 0 134 142 158 239 42 0 221 128 16
    0 70 186 0 249 201 55 0 121 226 235 194 159 72 149 0 187 0 14 255 29
    15 238 187 223 241 238 255 255 67 128 0 255 197 0 255 127 0 0 69 0
    95 0 172 255 116 20 69 0 220 105 255 255 0 134 88 109 123 0 57 39 0
    0 0 148 209 26 118 208 223 230 86 255 160 153 255 255 164 255 83 0
    255 255 219 82 109 96 233 0 58 183 255 224 253 222 55 0 0 27 184 0
    255 199 109 95 211 255 4 236 32 207 117 73 255 14 131 174 249 93 84
    98 255 255 95 11 255 0 0 0 0 0 207 255 84 253 255 0 255 0 195 0 101
    255 234 24 200 120 0 255 75 255 241 82 126 5 81 24 255 222 109 255
    184 132 198 67 9 9 19 182 181 0 255 249 0 108 0 93 23 154 223 32 0
    27 68 47 18 8 255 0 255 255 212 176 0 255 123 216 219 20 0 92 122
    255 255 0 249 58 0 236 12 242 16 83 255 255 16 157 113 194 155 169
    255 150 203 204 158 0 16 168 179 107 0 255 0 0 255 255 59 8 2 0 27
    123 0 119 0 0 50 255 146 223 214 255 107 198 112 255 166 255 160 103
    206 255 255 110 85 168 4 255 255 255 153 0 85 162 0 197 255 134 0
    253 0 31 255 255 166 224 255 32 255 123 34 184 246 255 255 255 124
    94 13 57 255 0 224 0 191 104 38 255 255 94 176 179 255 215 0 255 125
    224 61 51 91 5 6 255 190 66 161 237 0 207 235 0 199 0 0 0 255 138
    255 255 183 220 99 0 255 27 14 161 44 118 213 0 123 173 101 113 255
    228 56 86 172 92 22 223 0 155 49 255 139 199 255 51 255 192 255 255
    0 92 237 0 40 0 198 255 171 59 111 0 255 66 133 255 15 255 133 67
    255 255 255 255 37 182 105 117 0 4 0 120 0 197 0 40 30 0 231 255 20
    98 167 0 207 49 17 255 255 255 210 255 255 128 216 235 163 75 215 35
    0 255 0 255 123 77 255 255 0 0 187 0 0 148 178 37 255 255 0 0 163 79
    0 229 181 255 255 4 116 175 0 255 144 0 255 98 245 178 255 255 238
    145 76 127 65 0 0 172 247 0 131 255 0 255 255 255 76 53 87 143 255 0
    0 164 0 227 175 135 115 4 255 39 208 131 252 255 0 255 255 89 0 31
    251 61 239 231 162 0 166 99 0 255 255 3 255 0 18 0 145 255 54 44 246
    44 0 0 0 0 0 49 255 255 136 169 0 41 255 159 64 78 0 0 75 211 5 255
    0 255 25 184 249 17 241 0 0 28 41 0 52 255 71 50 140 255 145 225 4
    86 92 123 128 255 0 172 141 3 0 0 255 255 255 0 247 103 135 103 155
    0 146 255 81 47 143 255 255 85 200 185 255 0 43 0 223 0 208 165 212
    0 255 138 143 255 255 74 210 63 53 20 0 30 22 249 104 255 255 15 66
    65 13 170 255 57 147 178 54 255 76 143 140 61 0 255 0 94 119 255 26
    207 237 24 247 0 255 250 255 255 207 50 12 97 0 200 177 228 131 0
    229 255 12 43 109 255 255 238 114 25 0 85 0 69 0 205 19 172 126 190
    255 0 139 185 198 0 0 141 255 230 255 0 227 186 220 55 154 0 188 145
    255 159 0 255 194 71 27 105 68 222 0 211 208 255 45 0 255 252 41 0
    116 0 3 66 0 143 1 0 138 70 0 173 82 249 255 255 255 226 158 36 255
    34 0 0 0 91 43 78 9 255 0 255 255 0 0 238 0 19 149 170 205 188 68
    248 162 96 255 61 9 185 50 60 211 120 200 53 9 255 115 11 181 224
    104 0 117 102 139 0 146 28 22 0 15 149 50 114 241 61 0 255 117 255
    224 7 255 0 158 255 110 38 214 165 0 139 255 0 255 26 219 113 180
    255 64 255 255 151 90 223 255 0 255 147 82 130 0 255 219 52 0 101 0
    255 255 48 106 55 157 9 115 255 237 7 253 88 173 206 0 134 244 201
    21 57 25 158 148 164 0 18 155 255 106 0 255 146 109 228 238 119 255
    13 96 137 52 255 141 248 243 108 255 255 0 211 0 255 79 0 186 138
    177 135 191 93 255 135 169 0 0 255 57 95 211 107 255 255 154 23 56 0
    175 97 210 94 212 26 0 60 255 65 0 0 146 77 252 253 255 255 246 62
    86 176 0 0 0 74 123 0 255 255 0 161 0 0 112 0 255 0 162 193 64 116
    189 0 0 2 82 255 195 110 204 185 10 32 0 255 71 147 255 227 15 225
    103 97 241 53 35 204 159 0 58 38 66 0 26 232 0 154 59 178 107 255
    244 64 214 171 201 255 255 213 126 233 236 0 69 100 15 129 173 120
    148 68 255 215 241 255 86 255 237 204 3 142 85 18 0 62 0 111 45 216
    72 56 248 250 255 0 255 0 255 160 22 0 255 204 188 0 35 202 208 0
    117 255 255 255 0 18 54 44 255 0 216 215 198 12 141 144 255 255 70 0
    0 221 0 209 174 0 0 175 255 0 252 139 122 90 115 88 255 48 69 10 51
    96 0 0 126 77 48 249 0 0 162 255 167 192 93 120 255 159 72 51 249
    144 124 255 120 255 255 86 0 159 255 198 0 243 245 0 255 230 178 255
    0 255 124 40 255 0 148 255 0 209 155 255 0 0 205 203 208 235 0 200
    140 3 255 0 255 127 255 126 0 111 63 255 30 28 221 0 0 35 153 0 117
    0 253 255 16 248 0 220 58 0 0 255 78 163 255 236 255 121 154 119 255
    0 0 78 188 255 206 8 223 255 32 123 88 255 0 110 185 0 16 0 168 255
    202 0 86 255 43 14 255 217 0 31 227 235 255 255 0 120 210 233 159 58
    255 25 111 0 186 126 0 178 255 235 103 0 212 0 0 159 33 221 0 73 237
    165 59 185 241 197 249 149 231 0 106 74 234 247 136 90 224 252 22 99
    0 27 255 255 179 127 176 0 0 45 67 0 99 152 222 0 0 66 69 153 191
    140 138 255 255 200 161 131 0 218 234 118 241 3 0 214 235 255 21 19
    185 255 250 255 214 102 89 254 60 112 246 182 77 0 229 42 0 20 157 0
    0 255 255 198 136 227 30 165 66 109 56 115 255 225 255 231 255 255 0
    255 255 167 255 142 57 255 255 40 110 255 51 38 51 58 255 0 183 213
    255 96 251 97 0 255 0 207 149 138 0 0 175 220 7 77 0 0 255 0 190 213
    0 255 188 60 170 255 48 255 110 255 150 0 68 11 134 59 188 255 236
    223 254 83 0 255 91 180 83 86 255 31 0 0 0 141 0 34 253 55 123 0 0
    56 0 211 141 94 151 20 142 2 72 87 255 255 113 0 133 70 134 0 56 74
    0 124 255 109 216 158 254 148 232 0 189 13 0 11 0 104 214 73 24 0
    102 18 18 0 255 35 163 167 143 255 120 59 99 0 0 0 14 6 0 177 0 255
    40 0 63 0 120 255 33 25 251 45 0 35 41 255 134 142 0 0 203 0 89 255
    30 255 50 20 0 49 224 58 235 0 100 205 0 0 255 234 68 0 50 0 0 123
    255 102 255 161 0 189 36 143 255 31 0 0 255 61 255 255 225 103 140
    255 107 212 255 146 255 102 228 62 172 44 195 113 23 227 111 225 8
    255 255 255 255 120 255 0 29 28 251 118 2 0 255 0 226 114 0 227 255
    228 47 0 255 96 0 136 192 155 84 0 170 141 159 255 0 255 111 255 0
    229 29 4 159 252 255 255 207 168 0 97 91 0 255 9 208 0 255 255 155 0
    152 255 0 0 0 121 210 174 62 255 255 0 55 214 218 176 51 45 159 0
    255 255 8 255 93 255 11 0 161 178 232 0 46 108 109 248 225 209 255
    249 255 42 1 255 255 0 0 44 147 0 61 183 169 40 182 89 247 89 255
    192 33 0 147 0 180 0 28 195 167 141 255 13 0 48 150 255 35 165 92 0
    67 0 0 6 133 10 255 102 0 255 184 0 7 153 0 180 151 203 164 36 128
    65 255 139 252 125 103 192 162 46 101 238 0 0 32 255 48 42 146 91 0
    0 218 0 213 237 115 133 31 180 144 168 0 144 132 220 244 151 255 117
    255 0 235 21 194 202 202 124 0 255 106 0 255 0 192 245 255 41 82 63
    255 6 0 228 255 255 10 255 192 39 255 49 159 189 8 165 115 211 0 189
    10 255 52 255 169 16 255 114 6 162 154 194 255 190 255 255 168 255
    255 238 82 0 222 255 62 78 128 255 207 131 123 239 255 50 160 251 0
    255 0 199 114 0 0 0 255 185 0 161 255 0 39 186 135 16 144 19 223 213
    197 87 0 56 178 13 111 95 205 36 255 182 49 133 255 67 0 0 255 130
    132 0 0 255 32 49 228 255 211 76 94 143 0 114 112 240 17 126 255 251
    18 217 58 255 255 41 255 104 255 255 0 71 241 255 211 12 141 255 41
    255 245 0 218 208 208 65 255 199 0 255 0 255 5 255 255 12 10 255 0
    81 255 219 225 174 67 161 190 13 69 163 0 249 186 88 181 255 142 103
    32 246 255 105 229 230 82 255 15 0 22 178 255 0 255 0 226 78 5 75
    107 52 219 255 191 150 68 0 235 255 235 255 0 0 181 0 0 191 0 253 0
    138 175 0 22 188 255 232 148 255 162 0 97 46 164 0 55 62 255 94 129
    64 15 73 0 79 214 110 162 199 5 225 222 2 170 229 255 56 0 201 255
    224 255 255 80 255 0 10 230 30 82 240 0 231 217 255 118 136 249 131
    224 255 148 228 139 0 0 115 190 255 109 150 200 143 0 122 255 114 18
    31 118 44 69 45 159 62 0 221 255 53 0 148 82 54 255 0 182 75 171 220
    255 255 255 41 246 237 170 223 255 26 117 156 203 0 0 0 11 255 16
    118 255 7 255 25 0 139 255 219 255 182 29 218 58 0 0 206 156 255 177
    255 0 54 255 12 243 149 0 83 204 136 39 208 243 153 200 0 255 63 27
    74 255 255 135 105 252 67 74 255 131 143 232 151 184 0 167 170 234
    145 235 38 255 22 172 203 110 230 194 0 0 169 41 95 255 0 23 30 6
    182 163 227 115 255 112 255 255 122 255 0 53 255 228 40 0 192 255 58
    248 0 41 67 0 50 193 235 71 252 255 0 174 255 0 255 0 53 0 255 0 105
    127 0 255 0 255 133 255 21 154 0 30 255 250 255 40 255 2 86 145 61
    129 255 130 56 107 0 185 0 255 87 228 255 166 185 255 255 255 80 255
    255 63 200 207 0 255 196 37 255 193 67 157 85 192 140 149 201 0 163
    255 101 0 66 0 255 13 0 255 69 0 51 137 0 43 255 167 227 255 40 99
    218 81 255 255 0 112 240 0 64 154 184 153 0 255 255 255 136 255 213
    255 30 143 3 83 226 150 169 0 0 0 113 0 14 0 24 67 179 255 68 193
    158 190 0 197 0 94 212 242 220 0 174 16 110 22 255 77 0 132 0 0 255
    80 149 241 0 0 24 104 188 255 27 106 63 11 51 113 243 59 0 73 156
    255 139 246 0 2 0 0 255 125 0 0 6 255 10 217 255 25 194 87 251 0 159
    101 125 122 0 255 181 155 223 26 255 220 255 255 223 177 255 122 151
    0 0 0 236 47 15 255 0 131 186 0 94 146 255 249 0 255 120 197 165 182
    211 255 183 213 192 0 124 196 104 66 255 0 10 219 65 0 0 77 78 0 191
    50 255 185 45 60 255 255 170 240 19 187 255 115 255 43 0 255 129 255
    255 255 104 194 192 23 234 173 21 255 71 255 255 243 68 175 45 181
    255 0 34 255 230 0 255 255 0 86 255 190 255 170 255 199 166 178 255
    159 11 0 62 255 255 138 152 122 0 187 112 255 231 46 255 255 5 255 0
    94 51 255 255 152 239 142 82 148 222 116 0 73 0 185 190 255 242 56 0
    191 218 230 52 246 255 24 216 123 43 242 255 255 254 171 35 2 0 132
    195 113 143 153 255 255 44 160 0 255 202 41 197 0 255 192 0 60 3 169
    208 0 197 187 255 0 88 0 0 0 34 193 228 105 0 130 170 255 0 0 0 0
    255 127 0 211 211 0 0 23 128 147 0 67 246 142 255 84 115 255 20 0 0
    255 32 255 255 0 189 193 255 255 252 255 82 0 214 37 18 87 234 255 0
    241 14 0 19 0 0 255 255 227 17 0 91 255 255 0 165 173 0 255 138 144
    235 84 237 168 0 5 255 198 39 125 23 77 62 23 176 0 0 89 216 0 193
    106 186 251 0 0 255 255 0 0 203 255 215 137 46 24 18 255 0 188 0 0
    13 255 255 59 81 39 255 221 37 162 4 241 177 50 33 255 85 255 144
    255 22 70 0 168 232 63 138 255 0 121 26 0 57 255 150 255 113 0 55 0
    0 139 255 122 255 68 163 0 112 116 165 252 255 236 102 230 125 255 0
    37 173 0 227 0 19 225 180 231 84 255 0 86 151 255 0 229 73 173 33
    202 255 251 107 21 255 72 169 45 105 255 136 115 126 83 179 0 124
    185 255 0 161 247 155 255 148 0 241 210 0 58 0 0 39 0 177 255 255
    198 94 112 255 10 119 255 0 0 0 0 83 247 200 64 11 180 93 179 28 165
    0 206 247 32 0 88 0 241 0 101 205 255 167 0 180 54 179 72 0 252 48
    111 175 141 139 141 255 236 0 99 248 255 54 0 194 200 0 190 223 0
    100 255 35 172 180 176 154 142 0 190 163 4 255 92 149 74 25 27 217
    189 255 249 251 232 255 255 69 16 173 181 130 36 25 66 0 14 55 255
    247 0 0 255 40 161 83 108 189 0 105 252 0 255 93 255 55 217 0 0 0 63
    26 9 32 255 203 255 255 225 255 254 0 196 100 146 90 255 22 245 32
    105 255 0 0 255 255 123 0 0 101 0 0 100 39 83 0 0 0 170 213 244 255
    142 136 185 187 220 219 41 102 205 104 107 237 34 0 213 56 0 0 174
    255 32 204 255 16 0 231 176 255 254 255 99 255 212 0 0 0 62 243 96 0
    0 96 74 28 133 232 0 255 59 0 203 0 255 163 179 255 92 0 12 182 134
    255 255 255 63 255 216 0 40 0 0 0 103 255 255 100 187 117 204 255
    214 255 255 229 4 69 0 127 37 0 16 8 0 170 255 120 53 57 98 154 255
    98 54 0 26 0 0 255 245 122 220 255 255 178 255 167 255 75 255 230 3
    255 92 59 233 186 255 0 7 0 0 49 124 255 255 57 239 54 255 255 78 0
    139 0 10 157 31 235 9 122 45 207 121 255 123 29 24 93 0 0 30 117 0
    227 112 255 101 54 122 142 166 0 255 47 0 220 177 74 0 255 175 95
    234 124 176 99 214 250 0 255 255 71 107 0 255 255 0 129 120 188 148
    255 255 255 0 0 115 237 117 0 233 51 153 166 0 0 255 64 49 189 0 205
    0 164 0 138 198 255 235 255 67 255 7 0 255 0 214 154 58 255 255 211
    0 255 0 122 255 233 255 255 255 255 158 232 160 124 79 227 0 55 255
    12 255 23 72 235 0 255 185 255 185 210 176 255 4 175 87 64 204 236
    68 0 47 205 0 226 0 64 255 167 0 194 0 54 40 231 137 0 167 119 0 149
    255 0 204 99 0 179 255 235 76 160 34 7 255 255 0 18 255 70 255 0 30
    253 0 255 0 10 246 0 59 0 185 150 41 255 198 0 2 255 86 36 0 33 196
    0 255 255 0 67 87 255 0 255 221 96 255 91 19 189 29 29 94 238 255 0
    229 255 249 140 86 0 121 0 255 255 114 89 1 248 0 25 0 255 28 205 0
    255 255 100 38 52 90 0 102 211 61 93 0 9 129 139 6 0 0 87 255 0 201
    71 238 0 192 143 255 61 54 211 30 8 157 103 171 56 0 192 0 188 255
    194 156 42 255 10 0 16 255 49 65 255 73 0 158 255 104 56 249 227 0
    194 255 255 177 255 56 33 251 105 226 2 0 255 47 12 2 0 255 255 73
    255 242 2 0 0 0 245 0 0 19 127 104 0 0 166 0 0 224 207 201 255 67
    226 0 255 0 78 176 255 56 219 255 40 255 9 0 34 255 255 255 0 246
    145 123 13 151 0 255 202 10 255 77 0 222 0 46 136 141 34 255 151 255
    110 182 228 255 8 239 121 123 0 118 173 120 253 240 232 255 255 186
    46 136 0 206 17 3 206 126 147 255 0 203 255 243 0 132 2 0 0 141 0 20
    124 255 255 48 239 197 255 255 0 255 187 64 17 253 255 5 93 146 204
    246 5 180 181 0 17 232 177 129 31 255 45 189 82 205 34 243 255 148
    255 98 253 0 176 252 0 107 250 177 0 48 254 0 108 0 242 161 197 255
    255 255 38 255 95 178 37 0 255 0 35 255 18 162 223 19 156 10 228 72
    0 255 199 22 0 255 0 255 23 137 255 127 255 91 255 0 163 188 196 162
    247 101 255 0 255 136 193 255 45 56 0 129 17 194 44 64 0 197 88 16
    108 255 220 255 254 204 188 191 74 122 255 233 143 130 159 255 252
    255 156 61 119 225 12 178 0 176 84 148 255 201 0 80 42 0 143 68 0
    255 255 226 0 255 18 0 137 231 0 255 0 0 171 206 255 60 255 255 151
    172 231 41 51 255 3 188 83 255 255 174 218 128 70 255 0 163 102 127
    255 255 111 255 0 217 255 0 255 255 228 174 1 175 16 158 41 159 111
    9 0 255 67 246 0 17 255 86 0 200 110 98 45 255 0 255 127 78 0 0 151
    0 255 76 0 179 167 119 132 255 255 255 77 130 46 255 0 80 255 65 255
    36 0 255 68 120 255 255 0 199 254 46 255 95 255 53 255 203 210 255 0
    0 115 7 40 72 231 0 185 217 236 255 135 255 0 148 28 0 255 150 255
    255 218 254 52 0 77 43 0 0 48 255 0 99 122 97 0 200 58 76 0 192 0
    114 46 82 230 189 28 0 255 0 0 204 175 106 116 255 136 180 32 255 26
    255 93 255 255 0 255 255 168 240 27 136 11 0 0 0 60 255 0 36 11 255
    114 39 185 220 62 254 0 213 196 196 255 206 79 35 81 0 51 0 231 235
    0 114 86 0 255 125 255 0 202 255 0 234 193 239 0 255 235 24 60 32
    255 233 115 110 193 54 251 22 191 130 4 255 0 95 0 255 0 0 255 0 52
    255 191 192 140 136 255 255 255 255 118 255 191 226 143 117 0 0 255
    56 0 8 255 15 0 159 203 33 253 187 196 143 0 22 40 75 88 0 178 97
    233 28 121 159 29 215 182 161 0 31 108 108 105 2 105 16 0 116 83 0
    19 226 205 47 116 0 159 91 255 132 117 0 200 122 0 183 255 80 243
    148 0 49 198 230 0 135 255 162 115 116 255 173 0 180 61 0 0 38 127
    255 154 100 255 195 196 231 111 255 112 0 63 150 255 255 255 124 188
    255 0 7 0 160 0 0 6 0 255 210 241 121 0 0 255 0 209 251 141 163 255
    177 56 254 0 8 139 185 242 161 175 138 68 255 141 166 255 142 10 107
    93 117 140 52 63 240 210 255 255 255 159 237 129 255 83 255 255 68
    255 0 229 114 254 106 150 90 81 254 0 255 255 252 255 14 110 168 0
    255 255 62 255 215 207 27 0 0 255 0 92 51 92 0 97 255 108 7 0 255
    235 168 0 255 0 32 255 255 31 255 255 0 0 0 111 0 145 255 0 178 202
    119 252 78 146 122 255 223 0 163 238 255 241 68 0 0 0 0 137 0 81 81
    255 255 32 40 255 223 13 0 131 79 36 121 255 227 165 233 0 134 45 0
    17 184 161 255 255 0 221 255 226 255 255 53 145 76 12 255 0 255 0
    183 52 15 109 123 251 176 0 140 76 220 82 158 142 255 78 174 5 0 45
    96 79 198 255 108 0 0 151 42 237 0 255 0 255 134 18 255 6 188 255 93
    178 72 185 123 255 203 0 245 81 152 0 0 170 218 220 36 95 163 233
    217 29 255 68 188 244 4 22 0 0 116 20 0 17 111 61 0 67 103 209 255 0
    114 161 0 106 83 185 109 193 255 186 163 13 252 193 209 0 0 0 0 61 0
    0 87 110 39 0 0 255 61 128 255 0 232 97 27 151 0 6 0 161 34 255 171
    125 187 35 138 238 113 152 12 211 167 17 0 75 94 0 56 0 115 36 17
    255 124 42 255 96 0 0 32 141 139 255 110 255 112 0 147 119 0 0 249
    189 123 206 0 255 148 255 153 136 255 210 255 19 0 105 255 176 124
    113 0 0 205 225 73 55 116 255 45 185 222 103 205 0 255 0 0 149 251 0
    0 0 0 67 137 255 191 165 255 16 0 0 233 255 226 87 205 209 112 195
    211 0 54 242 255 255 65 170 255 162 147 171 255 145 0 120 117 255 8
    0 220 255 255 222 224 21 18 251 36 0 0 0 255 95 8 29 255 0 68 167 51
    233 255 220 0 0 49 0 0 255 0 112 88 244 195 65 255 255 98 255 159 36
    0 255 83 51 192 0 132 194 0 95 239 123 255 221 157 213 7 142 97 97
    39 37 150 255 196 114 113 197 0 134 72 117 0 147 0 0 241 134 164 148
    255 0 39 108 53 83 188 0 255 0 91 255 0 255 223 255 191 33 0 231 0 4
    210 252 214 0 202 255 81 77 119 223 255 255 238 53 85 236 108 226
    255 169 119 244 255 0 111 86 255 0 205 255 0 164 0 116 54 0 0 3 0 0
    88 0 0 206 0 20 255 148 247 255 0 255 255 123 255 0 132 255 46 255
    174 219 255 192 68 255 255 141 24 122 157 0 168 53 138 30 114 241
    232 91 0 137 110 0 255 122 204 255 62 255 128 237 255 255 98 162 87
    136 124 20 148 17 255 154 77 0 201 110 199 118 0 255 120 255 210 0 0
    41 252 255 213 255 211 3 255 79 255 4 204 178 177 64 2 118 223 181
    255 0 0 0 20 8 0 0 0 0 242 74 149 211 118 31 248 191 255 0 33 70 111
    19 0 14 122 246 255 255 233 67 0 111 56 0 224 255 134 170 233 88 255
    0 64 255 66 81 117 57 255 0 0 255 194 129 156 112 220 43 255 201 241
    255 0 52 0 0 10 0 71 158 218 250 0 255 0 203 0 0 115 255 0 235 205
    157 13 0 150 204 96 89 0 0 152 133 0 91 20 109 69 135 38 0 4 160 255
    251 255 255 250 0 255 150 187 0 0 140 156 68 0 200 186 62 154 255
    233 53 114 80 0 0 197 80 64 172 215 177 249 255 200 249 108 0 0 129
    23 158 110 104 116 235 175 0 221 154 255 87 255 0 237 240 0 146 255
    158 251 26 0 0 58 34 255 65 27 255 255 255 234 255 255 255 0 21 255
    0 0 174 255 0 243 102 0 0 0 36 185 19 241 29 106 255 145 42 0 134 0
    255 202 158 163 187 14 13 9 255 0 23 0 111 244 0 245 124 16 221 0
    247 83 0 17 255 137 0 77 255 26 0 0 85 0 86 182 255 255 234 255 236
    255 255 232 62 255 208 190 109 224 255 210 118 223 226 0 157 0 206
    214 0 255 0 255 98 186 0 4 195 8 232 203 148 0 185 154 0 49 21 0 0
    20 180 255 0 255 129 255 35 45 236 252 0 91 98 255 220 0 0 243 0 82
    60 255 255 167 245 255 45 169 127 0 97 0 0 127 67 255 106 45 255 22
    22 44 0 255 192 185 0 0 201 255 0 33 0 36 172 143 0 255 208 255 198
    0 59 188 255 18 255 4 255 81 0 125 180 255 58 224 207 0 30 255 78
    222 7 88 255 255 255 0 159 102 42 176 255 15 64 111 74 206 25 171
    159 255 200 183 225 211 117 3 43 129 0 0 178 57 0 10 142 0 46 210
    255 121 164 90 0 255 0 255 61 255 71 161 201 4 255 24 190 20 253 133
    207 130 255 255 175 49 0 23 0 208 0 110 0 110 38 180 255 255 0 31
    255 0 136 255 223 144 60 255 255 45 0 255 125 207 255 82 16 255 100
    255 162 255 242 0 28 18 71 77 169 156 0 255 255 56 188 232 0 255 162
    112 27 85 0 85 53 178 18 0 255 158 41 201 20 154 95 0 184 0 142 218
    148 255 195 228 134 0 0 143 60 0 0 213 47 0 82 182 57 177 0 209 0 0
    14 0 255 202 0 255 255 159 0 71 101 255 95 185 0 255 0 0 255 0 0 103
    90 255 114 171 216 132 255 124 255 115 255 16 255 65 149 0 0 101 255
    10 255 255 135 216 241 255 203 251 227 55 65 255 164 0 255 211 249
    62 255 194 0 0 255 212 255 212 0 13 221 88 255 164 131 141 255 56
    255 152 255 83 0 0 0 0 0 0 20 20 25 213 205 226 18 0 255 0 172 255
    182 113 255 255 255 0 27 0 96 196 115 17 255 255 0 182 161 28 18 182
    3 97 251 118 255 174 28 255 30 155 0 104 81 55 255 63 72 255 7 0 255
    0 172 0 135 0 85 43 0 13 216 255 141 255 122 43 0 54 0 0 0 80 117
    186 26 255 44 255 0 133 91 255 114 68 116 255 249 255 136 0 255 127
    146 0 164 255 173 0 0 182 96 244 255 232 133 0 7 1 241 19 0 114 200
    155 0 0 35 255 0 216 56 18 223 17 0 61 71 0 255 18 202 119 161 255
    113 217 9 90 0 255 1 61 0 242 255 174 255 0 255 255 21 255 221 30 0
    143 255 130 166 0 156 105 130 11 179 255 159 101 76 103 183 92 0 82
    0 186 255 36 223 255 164 104 193 255 255 255 0 0 20 68 12 155 255 41
    253 0 248 255 0 162 48 100 184 0 124 89 255 16 37 205 83 196 255 123
    227 119 70 255 39 255 206 255 0 64 165 55 0 94 31 205 79 255 213 247
    255 243 145 140 80 4 200 0 17 170 255 228 80 51 255 222 255 88 67
    255 195 255 49 58 0 135 89 158 54 198 0 255 100 166 255 209 255 0 0
    149 243 0 0 39 41 0 99 0 53 72 154 29 91 162 79 255 160 23 255 255
    237 255 227 0 230 137 126 126 0 175 123 98 201 255 251 33 0 255 42
    255 244 127 0 0 238 255 84 179 227 127 245 185 0 46 12 0 255 0 255
    192 102 12 75 131 198 0 95 68 255 183 0 255 0 0 71 192 255 0 0 0 59
    98 255 23 255 253 0 153 255 149 107 234 255 133 104 32 255 207 255
    249 144 109 248 0 0 255 0 0 159 9 255 0 81 81 152 255 75 255 233 0
    142 148 206 127 28 37 69 163 18 255 175 89 136 240 189 101 0 153 0 0
    85 251 76 6 66 123 255 255 255 61 93 253 87 255 255 255 24 255 255
    10 228 56 221 0 82 255 221 255 161 17 221 255 137 104 192 0 88 126
    240 133 0 0 84 0 0 32 49 140 216 255 5 0 172 17 255 152 0 255 255
    255 238 133 0 37 202 172 83 166 0 255 217 16 255 91 211 255 233 254
    0 255 120 105 2 185 41 217 226 194 34 223 0 0 164 255 0 89 0 220 0
    193 255 146 145 187 0 0 250 126 0 255 255 0 255 255 255 252 247 0
    129 188 0 41 0 63 211 73 1 255 255 0 236 0 48 73 0 95 0 9 255 254
    242 105 255 255 222 90 104 216 255 255 84 36 255 255 0 0 215 8 114
    106 105 233 178 178 86 30 0 157 71 0 0 181 244 4 66 255 235 255 21
    61 9 255 255 254 124 255 243 156 236 255 179 0 218 78 232 229 255 88
    219 227 255 231 90 255 149 70 0 200 0 61 0 46 226 19 254 189 106 255
    60 79 215 0 141 55 255 255 255 185 203 20 48 0 122 47 6 255 209 84
    252 0 255 0 109 0 10 255 0 255 108 249 70 14 35 0 255 39 255 203 243
    0 1 0 0 189 154 0 64 138 188 82 255 17 0 34 41 39 183 0 20 84 0 34 0
    255 231 0 255 255 0 186 85 0 0 181 169 235 109 114 255 156 204 0 9
    161 0 70 41 255 177 255 120 113 255 255 249 177 0 109 192 255 139
    151 255 136 255 0 190 7 255 127 0 73 32 29 0 0 238 214 102 0 255 255
    0 9 255 62 96 190 166 98 23 0 0 242 196 212 92 103 198 255 132 138
    37 255 0 147 255 34 255 0 255 131 94 0 89 234 0 255 23 245 0 0 137 0
    99 117 0 198 81 255 81 247 58 141 37 0 255 97 255 52 255 0 68 189
    179 98 127 189 255 0 240 0 213 183 166 255 40 121 255 255 121 110 0
    129 0 21 8 78 255 18 180 109 0 53 117 230 27 44 187 115 131 0 255 0
    0 191 246 205 25 232 245 255 30 77 106 193 72 38 255 0 61 123 67 0
    255 255 250 196 142 0 135 0 66 15 157 246 227 255 33 0 0 0 255 165
    30 247 58 251 101 105 65 48 217 234 140 0 255 21 2 255 234 38 0 44
    99 32 0 0 41 0 74 0 157 178 0 111 255 151 255 45 252 124 214 59 0 0
    255 0 66 29 193 255 229 223 255 255 255 107 150 0 0 51 0 0 46 255 0
    209 224 0 172 5 57 255 108 171 183 0 248 255 255 144 240 127 0 18
    227 145 0 208 28 131 11 229 255 240 143 1 12 44 162 14 255 14 255
    255 171 0 118 255 0 0 255 184 0 248 60 0 4 0 61 0 114 102 0 200 150
    180 48 255 245 0 232 183 48 158 52 126 99 20 0 69 255 26 0 61 180 83
    255 150 0 255 186 99 255 102 0 0 0 221 27 187 15 0 238 173 153 30 0
    61 0 50 15 0 217 97 126 75 130 54 255 116 255 255 138 11 100 255 72
    202 183 41 7 55 123 108 150 126 0 237 255 232 152 207 82 145 255 157
    231 0 0 142 255 0 36 255 234 110 255 0 255 255 18 255 255 157 154 27
    255 0 0 24 202 209 54 255 2 198 211 0 255 211 142 255 207 174 79 255
    0 0 255 255 215 255 241 86 0 0 255 17 236 120 16 255 200 19 255 255
    57 126 165 0 149 0 248 255 0 2 0 196 196 66 156 242 0 215 0 0 15 23
    148 48 9 246 141 255 255 176 255 188 82 0 58 149 129 204 255 0 143
    27 45 210 240 0 211 255 222 255 93 131 0 175 191 230 0 13 25 11 0
    255 68 86 13 137 48 0 226 255 255 0 161 255 255 24 235 0 197 0 0 0 0
    230 255 255 98 0 0 208 9 255 255 35 255 137 0 115 165 255 24 0 0 38
    0 0 182 12 135 255 161 133 74 220 77 255 247 0 200 0 23 46 106 255 0
    19 45 202 97 79 0 125 12 255 104 255 255 0 22 137 255 130 192 255 0
    177 154 248 255 245 255 0 255 0 220 0 143 64 59 78 224 255 78 106
    193 121 0 60 167 42 0 227 255 30 19 255 123 168 163 255 240 0 201
    235 153 255 40 89 65 196 255 87 255 24 113 0 85 219 70 0 173 47 235
    208 255 22 255 0 93 137 0 0 57 73 68 159 0 11 124 201 161 122 0 55
    196 188 0 176 149 0 77 255 0 255 217 42 255 217 255 255 0 177 255
    166 0 255 234 255 149 0 102 246 57 0 73 8 229 100 107 255 255 189
    255 0 172 19 216 171 213 155 93 20 188 202 0 96 237 177 255 0 154 80
    36 222 250 98 146 0 240 95 255 165 255 222 26 255 28 42 255 255 117
    181 15 181 218 227 167 11 2 255 0 247 204 255 154 255 0 113 185 236
    67 178 201 255 255 255 9 222 0 0 77 62 103 27 255 0 22 147 170 175
    146 7 40 182 0 0 163 99 206 149 206 0 6 61 82 1 247 255 255 141 0 84
    80 0 255 84 0 230 0 166 0 200 255 0 107 255 243 0 0 0 55 0 6 84 1 0
    247 0 0 255 34 121 0 205 180 87 0 0 255 42 255 255 0 110 162 76 184
    118 255 92 255 69 0 14 55 142 72 0 31 52 101 0 255 255 24 174 52 0
    121 0 249 120 232 255 248 255 255 0 136 167 255 75 198 255 0 11 255
    20 143 255 49 10 0 178 255 200 89 202 96 255 0 169 210 70 192 35 91
    255 255 97 255 128 110 28 0 245 166 33 199 0 198 185 103 54 255 121
    43 75 95 100 54 198 129 0 255 236 0 0 255 180 0 64 226 153 255 89
    165 200 255 10 63 255 94 117 255 126 252 158 14 255 57 255 119 120
    193 255 0 0 46 238 255 110 0 133 143 43 59 255 74 255 236 82 4 255
    220 255 255 103 233 243 0 255 255 96 235 193 251 255 63 200 255 79 0
    250 255 198 1 20 207 171 0 137 255 18 255 171 124 47 149 192 0 47
    255 255 0 0 45 255 163 227 69 171 102 22 255 170 227 0 237 0 135 251
    41 18 255 255 212 154 64 255 82 147 109 0 161 61 0 255 101 174 255
    136 72 224 0 140 204 0 11 255 134 255 255 255 3 16 191 171 8 221 187
    231 66 255 6 186 0 255 180 133 104 62 255 172 144 255 0 255 52 118
    126 255 13 201 0 123 255 255 0 0 0 157 0 87 173 65 30 140 71 0 255
    94 255 95 200 255 207 242 132 2 205 0 255 0 200 125 105 255 76 0 241
    155 0 173 199 102 255 148 61 191 167 187 195 0 0 0 249 255 255 169
    175 255 255 160 150 34 184 161 143 255 0 0 183 255 255 164 227 194
    188 255 69 189 53 133 238 155 144 180 102 0 255 224 115 0 255 23 59
    0 42 13 135 0 0 6 102 0 152 255 255 123 0 236 42 91 43 28 129 0 0
    255 0 224 143 222 0 0 117 152 113 255 111 217 0 238 0 148 133 99 0 0
    189 194 9 255 0 255 130 98 131 169 29 255 73 255 31 0 0 0 140 255 29
    151 126 55 63 255 0 0 160 130 0 5 124 197 255 75 24 159 255 252 66
    104 229 85 0 62 29 0 145 0 255 56 218 162 255 82 167 191 91 40 183
    206 221 255 20 145 220 176 237 47 247 212 28 255 153 255 152 201 0
    86 255 255 255 0 0 255 6 85 68 255 255 83 33 55 218 242 65 0 75 0 0
    198 35 202 202 240 255 255 6 223 66 211 115 255 0 166 176 201 3 255
    134 5 0 35 94 145 112 124 107 147 255 76 250 58 142 197 0 110 32 177
    0 18 255 82 72 255 214 78 186 252 88 0 216 49 0 87 138 104 233 209
    251 255 0 44 38 0 205 236 255 58 93 0 108 119 0 88 126 0 228 255 211
    251 104 207 187 2 255 106 142 220 0 151 3 255 255 148 168 255 0 248
    40 0 160 75 223 208 135 0 255 149 0 0 83 255 32 255 139 165 55 45
    231 255 255 108 0 41 1 196 3 0 120 72 255 255 125 0 232 255 191 233
    0 145 81 112 83 41 85 235 255 249 199 255 255 0 247 255 179 137 216
    255 255 0 179 64 194 255 255 255 233 255 186 255 212 41 166 227 0 41
    6 255 253 255 72 27 209 255 255 95 3 165 204 16 0 0 247 37 0 163 195
    181 0 204 42 85 255 2 255 221 0 255 236 36 0 0 0 255 140 48 199 234
    50 12 117 0 58 243 255 255 118 255 255 207 208 255 81 197 255 255
    102 114 0 110 255 62 156 122 255 225 255 18 0 255 182 17 255 4 223
    237 255 197 252 3 87 69 0 108 232 255 125 0 46 19 82 159 255 123 131
    249 199 255 52 244 177 255 255 80 168 0 45 69 0 131 153 39 17 232
    187 68 0 0 137 255 0 132 228 86 217 168 255 118 0 238 147 23 167 71
    89 56 146 108 0 34 0 0 91 255 20 173 221 0 249 224 238 255 255 170
    35 255 192 174 0 240 250 88 0 170 162 100 0 143 175 166 0 131 151
    109 255 255 0 255 255 0 255 28 0 248 85 188 0 255 0 27 225 195 255
    163 143 144 0 14 122 255 0 156 0 0 213 109 255 159 0 241 192 147 235
    73 0 49 4 0 203 73 0 0 29 255 49 109 106 81 162 50 73 255 147 94 0
    29 255 237 0 0 255 210 232 93 0 255 198 25 23 166 57 43 50 132 255
    32 255 198 239 191 0 65 0 255 0 159 0 0 255 36 227 53 206 102 165
    214 0 73 75 135 211 1 19 21 91 255 53 255 255 97 102 190 0 0 0 0 150
    180 255 225 150 112 116 52 203 255 91 255 192 0 255 255 169 202 254
    214 0 255 0 13 0 0 0 0 93 244 114 82 255 255 13 188 0 172 15 255 245
    209 246 43 54 86 0 74 0 135 192 187 32 0 167 220 0 45 255 86 252 207
    100 5 173 255 127 30 94 200 135 27 39 0 61 166 255 99 53 11 255 115
    187 102 0 243 0 75 0 213 208 109 136 3 2 255 19 234 185 159 22 255 0
    247 255 190 136 243 113 35 161 23 148 239 121 250 246 203 0 194 220
    240 43 213 228 210 0 88 153 255 178 60 91 85 74 255 100 255 0 153
    199 212 255 0 29 171 0 114 153 161 31 0 255 181 244 94 105 124 255
    144 0 255 123 255 254 0 223 45 59 255 104 129 0 48 36 79 0 157 193
    70 255 255 255 160 255 33 136 155 102 32 255 255 156 0 87 96 145 245
    255 255 251 98 178 128 0 116 0 177 127 255 255 255 36 255 121 0 255
    0 229 123 255 198 149 71 255 255 252 89 255 255 0 162 255 167 139 49
    51 82 255 255 74 81 170 32 255 26 45 255 127 123 0 218 78 92 204 255
    53 156 0 94 255 0 67 0 158 0 63 255 95 240 33 217 255 46 255 187 165
    124 0 161 95 39 255 164 220 153 255 96 132 196 0 0 0 234 236 111 40
    198 255 0 154 206 212 42 255 78 169 46 80 203 207 164 255 0 249 217
    218 80 86 0 179 95 173 255 93 38 59 0 255 255 28 208 131 0 228 0 234
    95 66 16 0 11 0 40 0 76 56 0 255 255 255 249 0 107 133 123 255 47
    255 255 30 255 0 0 189 213 159 207 255 94 114 193 108 255 175 44 16
    220 0 234 251 226 98 225 25 124 134 106 0 38 14 160 107 78 174 56
    141 255 62 153 0 194 36 0 92 86 49 110 0 0 255 89 0 0 0 70 46 6 188
    152 188 109 83 26 255 0 255 153 153 152 2 234 255 70 165 122 10 87 0
    0 255 99 183 222 0 60 255 0 255 120 15 95 24 176 81 255 255 0 0 0
    255 255 37 55 0 0 126 27 255 255 88 255 0 0 255 234 85 70 47 0 78
    179 255 255 173 255 202 0 12 181 59 159 0 0 245 121 192 0 0 15 15
    184 154 115 222 57 191 234 255 0 60 27 0 110 0 216 75 164 43 6 255
    216 235 255 57 199 0 255 0 34 0 255 89 0 255 54 0 255 36 255 255 170
    255 102 255 28 146 40 17 148 48 0 0 0 0 0 13 0 165 9 199 255 158 220
    255 165 201 209 3 255 25 101 54 24 197 211 183 85 97 157 60 248 166
    173 216 248 61 216 0 216 184 69 74 51 0 179 255 25 212 203 62 179
    216 211 48 27 255 184 158 192 129 214 74 255 255 115 238 0 159 132
    120 10 98 91 19 151 92 0 255 189 96 255 12 61 224 37 255 0 88 49 112
    0 255 12 255 145 245 118 255 13 92 255 88 218 0 254 129 0 123 232 93
    255 255 2 0 214 0 228 9 167 101 93 255 93 8 228 145 93 158 0 96 0
    135 255 12 118 122 255 207 0 255 228 8 0 242 0 146 0 0 22 247 0 0 1
    204 146 115 209 248 0 125 122 255 113 64 226 179 62 74 15 0 0 87 96
    0 0 229 11 130 255 169 0 255 189 155 255 0 217 113 0 215 255 255 244
    177 0 201 42 193 108 0 155 143 255 195 171 0 137 47 13 87 0 241 0 74
    187 0 226 255 129 0 255 34 95 13 144 141 231 41 176 180 223 242 87
    217 109 0 107 233 62 255 0 255 90 98 255 123 255 175 13 186 218 4
    226 231 0 255 9 255 21 37 255 180 167 255 145 147 255 102 151 224
    255 181 33 66 0 255 80 255 69 121 163 136 0 255 100 0 255 93 145 160
    0 67 1 30 199 216 205 87 0 84 146 0 241 91 193 90 111 105 0 0 0 107
    13 84 29 58 253 90 56 53 109 155 255 36 202 0 157 134 255 223 0 111
    255 72 116 0 0 0 83 0 14 165 195 152 128 203 255 70 0 0 217 102 0 0
    255 196 40 72 62 0 97 97 88 191 110 24 225 245 1 255 145 255 255 52
    255 132 42 214 252 0 66 255 255 0 166 219 43 1 249 179 41 179 242 13
    158 0 255 175 25 22 103 24 242 255 96 58 209 0 255 228 50 0 26 68
    255 58 0 255 62 51 122 206 255 7 140 229 36 25 112 143 74 0 0 90 221
    239 235 0 153 76 0 221 255 8 63 254 0 78 215 67 0 213 0 255 0 50 181
    43 184 0 39 115 144 139 33 0 255 72 95 104 255 80 112 70 61 0 236 0
    253 255 44 103 105 0 215 0 1 108 255 255 255 255 237 255 255 144 133
    255 255 255 149 122 0 220 35 0 85 0 204 235 243 64 210 125 0 5 255 0
    0 226 30 144 74 135 255 0 0 181 121 255 0 255 255 61 0 131 3 0 255
    255 0 240 0 255 135 168 138 64 212 9 7 188 0 139 103 211 0 220 180
    76 255 163 170 2 200 187 255 255 89 200 255 175 157 49 0 231 255 161
    98 0 0 76 41 133 240 0 120 81 70 255 0 0 237 255 252 144 7 154 255
    209 249 145 75 255 116 170 72 46 173 32 4 255 43 89 195 255 62 0 223
    249 255 0 255 255 255 137 29 94 0 0 0 0 80 0 162 0 255 255 0 146 164
    222 67 165 0 255 0 225 228 255 224 229 0 35 209 66 41 194 255 244 68
    255 0 34 147 189 115 102 0 244 18 53 163 82 0 49 60 36 152 107 255 0
    75 254 140 255 20 218 0 134 255 255 66 215 86 200 177 0 53 136 227
    48 232 255 139 19 249 128 9 130 109 236 68 255 255 255 45 153 223
    109 159 255 0 220 255 105 68 0 0 0 221 101 255 84 176 243 143 181
    255 133 12 255 0 0 0 0 2 125 211 10 79 255 255 219 3 255 255 209 221
    255 0 255 48 99 0 168 180 105 247 214 52 109 106 235 41 228 255 181
    97 203 93 167 0 84 39 58 0 212 0 152 82 33 132 2 223 237 255 177 11
    0 255 90 94 118 0 224 169 249 45 108 0 0 255 187 0 82 255 0 134 123
    232 129 0 0 255 0 131 255 203 255 199 228 255 250 115 255 3 32 0 0
    14 255 173 22 238 73 213 237 202 7 148 255 248 74 155 255 146 255 29
    217 175 35 74 0 98 241 15 0 20 147 216 44 170 205 255 101 0 36 171
    187 255 255 37 0 154 170 0 92 255 165 107 251 255 0 0 151 255 255
    243 124 0 255 111 208 255 113 199 243 0 136 255 16 0 67 255 255 96
    253 138 190 222 181 194 23 105 99 255 0 135 230 201 73 193 255 255
    34 38 152 0 236 0 207 227 255 255 89 206 184 192 255 169 48 255 255
    0 133 148 216 0 53 83 255 205 176 97 174 65 255 213 255 241 28 255 0
    0 249 228 255 100 229 229 0 255 0 231 64 87 94 241 0 124 0 255 223
    52 232 88 5 0 141 0 0 255 164 245 96 69 0 255 0 165 251 136 255 255
    12 0 99 237 72 211 122 170 255 0 0 0 246 255 14 235 135 0 220 0 0
    205 0 255 255 187 200 255 55 87 255 0 194 255 211 255 0 114 255 82
    156 109 36 255 255 0 89 209 83 190 117 151 0 50 201 208 0 143 255
    255 255 255 206 0 255 163 151 196 0 20 191 255 0 0 223 170 193 6 175
    255 240 0 255 255 255 195 87 255 29 255 0 181 139 255 128 0 115 227
    35 0 255 140 206 40 255 0 164 34 246 115 111 233 121 184 220 244 224
    152 255 199 224 22 0 0 144 0 0 176 0 83 190 114 25 192 0 255 113 0
    255 255 0 255 168 180 33 0 184 22 108 53 173 255 34 151 255 0 217
    255 40 207 239 18 30 0 0 0 162 255 230 30 101 185 255 13 54 85 42
    191 252 255 38 100 0 3 217 0 224 188 7 53 29 0 72 220 255 124 96 134
    0 224 25 255 255 16 0 80 242 1 157 216 174 196 81 253 0 0 124 105
    225 0 43 0 187 128 85 0 175 255 0 44 0 164 163 255 81 0 255 203 255
    153 0 255 0 221 180 0 0 170 223 227 255 19 65 255 92 106 43 237 0 30
    83 80 59 0 59 128 144 64 149 90 255 229 146 255 255 0 24 231 36 52
    197 45 16 17 255 0 173 54 0 232 119 95 0 0 255 255 255 0 129 205 21
    0 255 255 133 10 0 24 186 36 39 0 255 255 98 45 0 255 85 255 0 18 63
    255 255 255 7 89 164 164 7 0 41 58 129 255 0 67 81 82 147 0 39 0 0 0
    238 226 12 189 242 255 240 222 113 57 255 255 49 255 127 53 99 152
    125 149 255 53 53 62 74 255 255 241 169 93 157 116 200 96 172 46 187
    8 68 34 245 0 255 206 0 255 251 255 41 255 0 66 80 42 130 7 33 234 0
    66 255 0 145 237 60 0 240 71 23 0 76 191 124 215 255 4 68 35 0 255
    81 80 168 45 252 0 0 255 0 255 0 130 0 156 255 7 2 255 0 45 212 131
    3 158 45 0 26 93 0 128 255 255 132 37 231 117 0 9 98 150 255 21 154
    164 55 255 0 255 146 0 206 0 150 188 252 192 118 167 0 131 2 23 255
    38 255 15 188 0 228 113 110 120 0 0 94 0 31 174 154 189 164 121 176
    136 0 112 4 106 201 255 255 0 95 255 0 245 225 1 46 0 151 192 255
    213 0 62 194 255 152 255 255 0 255 187 255 255 79 96 43 0 42 159 255
    0 177 66 123 166 156 146 50 244 255 174 0 255 163 255 0 88 255 181
    204 255 33 0 56 255 184 231 255 200 172 255 255 0 42 0 214 128 127
    144 255 179 102 132 255 255 0 0 53 14 16 118 0 48 69 255 48 255 235
    201 255 34 88 77 106 255 124 66 122 192 158 255 167 0 134 0 33 0 210
    255 209 1 255 137 118 255 101 0 79 126 255 125 32 255 32 0 38 0 255
    255 163 226 177 174 252 248 0 255 62 227 183 0 92 0 250 255 1 31 255
    255 183 255 26 238 0 255 255 255 255 146 77 255 255 0 255 255 154 0
    141 0 255 70 127 255 93 185 113 121 180 152 255 43 32 183 101 255
    131 0 219 248 63 0 86 122 91 0 255 115 188 255 0 45 255 186 255 121
    0 0 0 103 135 137 255 255 255 255 164 0 134 255 195 0 220 247 99 255
    78 138 255 202 255 255 255 85 163 58 217 200 255 79 239 20 177 0 48
    101 0 41 231 33 208 255 0 2 125 203 15 29 166 0 215 255 255 95 31
    164 13 0 0 162 0 196 129 255 161 0 177 75 211 0 0 255 91 255 0 0 179
    219 255 0 33 31 0 255 196 142 221 75 79 0 9 131 0 36 46 255 115 255
    237 121 175 24 193 247 102 119 109 0 7 0 111 255 170 220 74 235 71
    194 0 0 148 97 255 0 94 255 162 255 224 133 255 0 57 118 116 255 109
    23 161 54 34 74 80 255 206 52 140 248 78 192 22 36 255 110 177 0 255
    248 0 0 255 255 146 42 218 0 137 241 254 95 0 0 29 109 37 93 255 217
    109 0 225 255 210 255 255 255 197 10 84 0 165 255 98 255 225 64 142
    173 50 255 134 229 78 255 159 6 218 134 255 114 85 0 0 49 0 71 146 0
    205 255 0 136 65 125 255 233 235 255 37 103 144 59 0 240 69 2 240
    255 34 119 143 181 0 64 101 0 255 255 255 229 0 27 210 0 255 160 24
    0 0 221 255 0 119 0 145 65 211 222 114 74 167 28 0 221 223 4 255 0
    171 255 139 80 22 5 0 242 255 0 0 176 255 65 255 86 56 0 152 180 0
    26 152 0 53 0 130 0 234 127 0 38 19 169 11 255 224 0 83 255 212 255
    134 0 255 11 190 0 255 255 125 153 255 255 51 183 175 162 34 182 213
    0 0 0 44 189 49 86 206 0 255 86 0 83 0 21 0 239 89 45 91 207 0 59 0
    255 255 158 69 0 255 0 59 115 85 100 0 255 83 63 57 0 255 0 255 82 0
    117 255 96 148 113 102 154 230 144 255 195 255 108 44 121 12 99 176
    0 95 0 255 107 243 42 0 0 50 160 32 255 242 39 255 111 136 233 16
    248 226 221 255 0 79 0 225 0 0 156 123 0 30 156 147 71 255 117 234 1
    255 174 0 255 41 0 183 255 178 234 255 0 0 5 221 130 151 0 125 255
    137 0 222 0 207 255 245 0 0 51 0 255 123 159 60 0 42 99 0 0 229 255
    181 130 254 65 0 6 255 251 187 81 141 0 236 160 255 10 93 215 126 0
    4 255 11 117 152 45 55 153 0 255 243 96 22 218 0 95 0 35 255 27 95 0
    37 204 47 220 238 0 19 114 143 126 245 126 255 68 84 104 85 36 149
    87 131 0 255 0 255 199 179 182 160 111 125 200 47 10 0 153 255 0 253
    133 13 71 156 0 210 0 85 158 76 223 255 0 67 177 0 207 18 245 255
    136 13 147 114 0 84 160 64 0 221 255 68 164 0 98 203 255 255 52 106
    149 0 255 0 107 255 192 118 255 19 157 0 255 221 255 47 236 139 31 0
    74 194 29 239 7 255 99 0 166 23 63 197 255 179 55 0 237 9 255 0 0
    255 188 170 0 0 171 225 212 0 105 0 164 255 8 255 14 253 255 255 18
    23 17 255 190 167 81 0 123 131 190 243 186 0 215 235 162 0 0 255 255
    128 170 255 190 10 2 0 203 220 0 214 122 1 136 131 8 175 198 115 0
    37 143 68 52 100 125 255 226 0 147 179 159 6 108 0 176 181 0 123 65
    255 255 227 54 55 141 0 161 245 215 31 0 255 44 0 255 11 49 196 114
    0 15 30 247 255 59 0 215 11 124 22 255 146 12 63 115 36 78 19 255
    255 191 255 95 243 91 0 255 119 0 255 241 65 255 231 84 0 254 0 0
    168 219 6 11 0 38 84 232 109 209 61 255 255 138 102 198 31 108 209
    190 5 108 179 59 7 238 0 0 89 255 255 27 255 75 255 87 166 237 172
    131 0 255 159 189 48 0 206 104 255 229 150 194 242 237 0 235 255 106
    162 149 85 110 0 0 20 141 255 75 82 102 255 13 72 0 71 255 196 0 211
    206 0 54 134 9 149 255 88 25 164 255 139 73 233 76 169 0 5 143 98 23
    37 210 255 1 77 0 255 238 166 255 93 12 255 255 187 99 247 203 181
    118 85 10 97 235 240 255 0 190 200 0 0 0 88 170 255 211 99 34 213 3
    116 162 165 44 255 94 213 105 130 0 0 0 177 188 137 252 105 65 156
    218 186 48 255 255 127 0 172 238 255 193 179 0 188 254 155 25 0 108
    100 158 181 0 0 136 122 255 0 99 208 179 172 117 70 65 218 133 157
    255 99 255 109 0 39 1 0 237 25 0 215 20 255 65 233 139 180 166 235
    34 0 164 178 166 24 188 192 126 0 0 255 25 238 255 167 191 0 252 169
    241 94 43 255 255 5 159 195 28 213 111 255 118 203 175 255 0 103 209
    103 255 255 255 134 255 19 140 255 136 255 0 236 215 0 124 233 255
    243 0 38 0 87 68 0 255 155 119 0 206 133 21 239 25 255 0 255 255 14
    230 255 255 47 96 175 90 122 178 0 128 76 28 40 255 255 111 255 117
    206 0 255 68 255 255 51 241 0 32 255 255 121 47 63 66 120 0 145 40
    254 82 101 255 146 134 0 0 0 71 255 5 255 45 255 0 184 255 20 255
    255 126 0 0 206 14 21 228 255 78 118 55 0 68 161 223 157 0 255 226
    144 255 133 216 0 78 0 129 0 215 3 237 243 88 73 0 122 33 214 0 87
    146 253 255 95 0 80 117 0 234 209 0 112 0 194 0 82 0 111 158 109 0
    115 136 23 255 244 42 158 0 72 61 16 255 55 0 255 255 200 40 215 211
    1 0 187 194 0 0 0 255 0 198 231 0 196 224 78 117 0 38 204 48 255 255
    204 139 255 227 255 180 0 255 31 77 0 0 7 255 255 76 72 228 255 101
    255 0 255 0 255 255 52 92 116 243 30 232 0 152 255 255 255 255 63
    255 171 42 25 161 221 55 255 103 10 255 0 90 166 127 54 0 86 28 0
    155 210 255 255 166 247 169 97 210 47 25 255 0 0 160 234 36 14 99
    138 194 0 100 255 0 1 0 110 154 0 0 17 37 26 77 125 181 0 36 24 52
    255 205 255 0 185 31 124 47 76 64 3 17 255 0 84 15 37 88 125 205 255
    227 24 158 239 151 255 150 0 255 0 232 255 243 0 97 188 0 0 0 101 38
    148 195 255 0 0 0 121 87 255 128 255 143 0 94 255 27 37 132 161 110
    128 211 255 79 116 251 0 40 255 127 24 156 255 255 26 21 155 211 51
    76 0 167 119 0 255 87 0 0 52 119 67 104 48 195 255 81 0 255 40 206
    31 129 45 255 0 255 100 113 182 19 18 0 0 61 255 80 153 255 12 27
    255 171 255 32 157 255 59 106 0 169 253 153 55 0 9 94 24 255 0 134
    152 255 222 94 176 184 45 94 232 237 103 242 255 255 223 66 255 255
    65 0 95 255 66 226 255 6 32 0 196 182 209 255 32 218 68 99 255 251 1
    130 140 0 158 177 61 92 153 255 255 255 74 230 0 229 148 0 116 167
    138 214 217 0 226 47 208 191 101 161 63 0 0 255 0 0 119 0 255 0 75 0
    255 0 89 223 145 67 89 191 255 0 198 124 255 255 255 217 234 255 176
    26 17 174 19 228 30 222 255 228 255 0 255 15 0 146 38 255 255 255 74
    213 147 109 225 41 0 0 108 70 255 133 0 255 0 240 255 53 87 167 255
    193 255 225 255 165 116 255 123 209 150 65 255 150 130 147 64 234 60
    0 255 255 99 73 255 248 0 255 106 100 142 7 0 167 255 255 0 52 255
    170 0 0 194 0 78 0 251 255 0 127 0 26 169 35 99 121 11 255 83 225
    192 0 220 255 107 0 255 0 126 255 0 113 52 255 0 34 203 118 96 123
    157 0 160 9 0 184 237 0 0 0 59 16 255 0 255 237 255 0 70 32 0 0 25
    66 65 143 44 255 226 255 71 255 0 188 52 74 255 126 91 0 12 100 147
    236 84 255 73 151 166 242 149 0 255 253 187 191 141 80 17 228 245 0
    0 24 244 0 12 184 0 255 35 255 255 35 96 255 75 19 172 226 227 18 0
    147 241 255 0 0 202 255 0 61 103 86 235 255 255 212 255 255 141 178
    136 11 0 0 0 255 0 0 121 61 214 219 63 255 193 12 4 0 253 0 255 120
    111 23 68 250 0 0 135 0 0 97 81 243 141 168 255 9 203 0 215 153 0
    255 111 0 155 0 14 249 0 0 105 163 255 121 203 255 8 54 10 0 228 247
    0 4 255 255 222 0 149 179 255 165 129 40 153 72 0 197 0 255 145 183
    227 255 64 236 251 255 0 150 192 12 206 0 98 0 133 0 101 0 107 255
    97 218 187 197 136 88 84 118 166 84 0 255 118 23 29 52 164 13 32 0
    74 0 212 153 73 101 3 0 45 91 5 255 49 85 180 50 15 0 97 187 31 255
    0 172 255 137 189 19 128 225 199 255 255 80 255 101 192 0 255 231 19
    244 0 255 28 255 255 142 33 27 221 135 75 0 244 53 229 0 237 255 160
    114 131 31 0 211 255 255 0 255 0 255 28 0 174 178 241 255 223 32 255
    255 209 0 195 0 193 255 255 92 219 226 255 145 0 134 81 0 77 100 119
    0 198 235 190 239 0 255 255 255 0 99 203 255 75 179 140 0 42 84 137
    47 174 38 231 235 23 0 255 252 255 13 255 0 255 208 210 18 40 255 0
    255 255 0 239 0 116 220 40 0 201 0 255 175 255 88 0 0 73 13 0 147
    250 69 255 255 33 58 244 0 0 0 214 70 78 153 0 119 131 54 240 0 91
    193 255 196 255 255 123 249 99 255 0 0 0 255 58 102 255 173 244 115
    0 67 0 255 61 57 0 86 0 118 13 28 0 0 17 70 255 0 184 40 48 0 142 40
    78 228 0 156 0 0 221 202 20 28 36 255 255 242 255 255 221 0 92 88
    247 0 0 180 255 255 0 85 255 171 255 215 213 171 0 255 186 236 162 0
    238 62 234 222 55 255 226 213 36 0 18 123 183 255 21 35 210 255 209
    202 255 229 255 48 237 64 0 76 242 242 0 0 146 0 0 196 255 7 154 17
    254 91 208 255 0 149 122 144 255 20 147 200 255 255 0 39 219 199 49
    169 255 161 78 102 22 0 144 255 86 5 192 0 255 60 255 202 86 251 208
    103 0 0 34 0 210 135 72 0 62 230 89 138 160 105 27 222 10 255 255
    255 112 127 157 0 255 0 95 104 255 0 187 113 76 202 255 7 17 255 75
    0 0 186 82 0 0 165 255 255 209 0 255 255 126 255 106 255 70 79 216
    255 0 109 210 0 241 114 90 87 178 239 0 227 93 50 151 136 0 0 210
    197 230 255 111 109 255 60 40 14 217 0 11 255 217 163 240 255 58 144
    215 0 255 0 177 0 224 0 0 255 255 6 118 198 42 49 0 53 45 194 0 255
    211 0 133 168 196 115 102 222 105 90 90 188 168 88 0 255 211 14 179
    17 120 28 255 144 1 164 64 28 88 106 158 0 255 65 244 255 255 82 119
    213 204 0 255 198 255 16 103 242 167 251 82 159 49 255 161 13 0 0 73
    255 189 199 255 124 0 234 0 0 125 36 87 237 0 255 188 255 101 196
    255 85 0 0 46 212 57 126 0 0 190 208 88 160 255 255 255 49 0 255 0
    111 109 0 182 51 255 255 230 200 47 203 79 182 79 58 1 0 255 117 0
    84 0 201 255 0 222 255 229 151 0 117 199 199 82 245 29 11 188 139 71
    0 255 92 48 122 24 112 24 194 0 147 242 0 0 252 140 144 208 110 239
    0 153 255 205 16 0 219 195 82 13 198 204 0 103 223 153 255 244 172
    255 227 0 0 54 255 102 13 255 255 133 255 143 202 77 171 39 129 255
    0 3 85 255 255 136 136 93 255 70 199 0 255 248 131 224 210 255 2 191
    235 38 0 7 187 255 122 141 141 0 4 218 0 0 163 82 0 0 199 0 255 255
    0 0 0 51 246 135 255 163 5 80 255 0 0 42 117 255 139 236 233 0 255
    204 0 182 221 123 182 144 0 249 0 132 0 196 0 255 165 165 210 63 251
    129 105 178 209 0 163 107 199 255 84 236 15 255 235 1 255 165 0 161
    20 183 0 195 230 224 255 222 141 255 255 112 169 40 232 255 200 255
    72 0 231 11 255 123 39 107 223 60 206 234 192 0 96 255 255 157 255
    255 75 116 255 25 255 194 97 144 58 204 116 0 6 156 98 255 90 114
    207 223 237 30 255 58 20 255 92 255 0 0 183 86 180 173 0 44 255 0
    255 233 94 99 108 211 182 169 211 134 0 250 255 150 134 152 101 0
    163 200 110 8 0 255 59 0 221 255 255 127 150 255 21 13 191 11 43 0
    164 171 239 166 247 97 212 105 26 108 32 0 251 0 255 89 104 0 9 255
    211 186 87 20 0 132 57 0 255 0 125 0 255 70 0 255 255 168 0 243 13
    242 138 255 226 255 255 24 35 0 0 28 0 108 255 128 80 10 255 217 229
    155 249 229 0 75 55 3 28 46 0 255 160 163 136 25 255 142 249 165 0
    171 14 202 40 255 0 255 255 0 243 81 234 90 205 255 174 138 239 255
    255 110 174 156 0 255 81 3 100 255 223 13 236 17 0 255 0 102 255 134
    255 0 228 106 0 96 96 0 239 229 239 0 11 45 73 255 239 0 140 255 215
    255 99 218 255 255 175 237 150 78 161 78 0 255 218 0 255 9 113 255
    161 0 255 12 173 191 0 255 0 239 117 0 0 0 0 255 203 4 132 0 255 108
    95 178 133 89 179 16 0 41 168 247 18 171 255 131 0 173 146 112 254 1
    108 55 245 255 0 255 255 65 233 178 83 48 114 0 245 8 248 131 97 159
    222 163 48 0 33 133 208 195 0 255 255 255 201 55 173 56 174 43 0 176
    77 156 71 142 0 0 0 0 147 255 255 249 171 196 0 0 4 255 0 202 71 87
    182 218 202 2 0 255 255 0 240 255 255 158 34 23 0 253 72 35 120 255
    73 88 255 245 225 38 0 140 255 72 194 0 11 255 21 255 49 105 216 150
    255 98 47 36 255 50 0 210 84 103 13 0 0 109 98 0 128 173 116 255 170
    0 255 0 0 0 0 213 0 0 0 139 0 255 244 10 181 0 102 244 52 1 255 89
    255 163 255 0 0 188 208 123 106 204 102 16 0 221 0 255 72 139 184
    147 204 255 255 0 164 255 195 183 5 0 18 147 250 82 31 255 255 255
    234 249 0 199 255 143 43 255 0 119 255 188 255 255 183 39 41 228 0
    255 255 211 84 30 0 0 10 0 192 174 189 247 255 223 194 118 236 0 255
    149 235 140 255 216 255 0 143 119 72 131 0 0 255 6 0 20 255 29 0 122
    131 90 111 0 73 255 36 0 32 63 178 0 160 0 0 233 213 0 144 218 255
    255 0 255 20 41 0 89 0 0 255 255 0 255 255 212 130 255 67 255 0 61
    18 150 0 108 167 0 255 0 33 98 0 49 255 250 255 255 255 155 255 150
    0 255 0 110 201 25 242 255 147 22 99 56 255 0 184 214 168 255 114
    255 255 236 255 81 221 115 174 254 0 121 198 40 90 243 78 186 246 96
    178 107 0 255 122 255 92 83 182 105 0 100 87 0 153 0 151 0 255 160
    229 139 255 94 255 255 205 255 27 109 72 0 225 236 129 255 255 48
    253 0 28 46 0 7 0 255 98 255 197 146 198 255 218 3 0 0 0 255 0 0 188
    14 111 7 255 0 0 0 212 0 219 235 165 184 255 87 255 25 236 0 255 212
    221 33 82 0 255 230 0 70 115 255 145 68 0 255 0 247 102 255 113 0
    150 149 255 88 122 255 255 110 0 4 97 0 255 65 101 255 0 68 221 120
    255 0 0 255 98 0 0 0 0 131 255 151 64 110 0 108 14 0 174 167 200 0
    209 0 112 160 0 240 0 0 113 44 255 255 194 8 173 119 101 89 255 156
    255 32 0 44 67 206 56 255 120 76 0 237 195 153 140 143 59 125 0 0 48
    104 174 255 47 203 146 9 35 128 179 167 74 192 0 0 75 120 147 8 0 77
    23 255 112 252 103 255 56 53 255 0 0 100 172 255 51 129 255 255 79 0
    255 0 255 0 220 27 255 255 139 157 255 56 226 0 255 255 255 255 207
    0 192 0 13 55 0 255 116 255 83 255 101 35 60 255 255 0 255 255 40
    249 255 0 0 96 165 45 150 39 0 8 38 255 0 255 239 183 78 0 255 0 115
    92 37 106 255 230 255 75 142 244 195 14 0 134 238 85 31 255 132 65
    234 231 143 222 130 255 0 255 84 203 1 141 63 19 208 136 229 0 0 0
    255 255 214 219 181 255 206 164 187 102 0 12 171 0 27 155 255 233
    206 0 41 255 0 21 100 135 173 127 72 240 254 194 0 88 0 0 0 0 231
    255 0 0 23 166 58 255 255 0 19 150 0 166 26 52 29 121 255 22 0 155
    255 0 175 255 255 205 1 123 7 255 51 74 10 118 129 204 0 101 250 22
    94 112 119 167 0 255 78 255 0 17 174 248 110 171 255 6 245 255 164
    198 77 66 56 51 214 255 148 115 98 172 243 113 255 122 172 0 255 142
    168 255 128 0 182 255 176 84 107 187 255 193 228 23 3 204 0 0 250
    206 78 203 0 242 255 40 153 220 125 0 255 0 148 0 0 31 0 242 228 254
    247 0 78 86 0 0 255 0 135 158 0 244 255 255 255 255 255 123 181 255
    55 255 181 107 58 200 0 0 0 0 224 0 0 204 0 255 255 166 0 255 66 58
    150 129 255 79 255 0 0 198 83 65 0 0 0 219 206 144 255 255 180 41 51
    21 255 180 101 109 255 0 89 75 216 255 0 87 59 178 255 46 183 184
    255 73 46 251 24 112 11 255 255 0 117 98 112 0 112 0 145 255 12 89
    33 69 114 205 62 255 255 255 255 84 216 217 127 71 55 165 201 160 41
    212 255 101 99 0 0 0 123 0 204 0 207 50 255 20 255 166 93 255 6 111
    255 247 131 255 221 246 0 159 56 0 0 62 0 141 9 0 171 255 0 60 120
    198 236 255 40 10 0 209 0 0 56 0 8 255 255 255 0 0 127 150 255 100
    255 23 21 84 255 255 70 0 105 13 14 22 0 88 134 69 168 241 235 0 62
    111 238 255 255 255 255 0 255 225 16 0 255 84 164 91 248 128 210 255
    0 41 55 249 78 255 166 155 59 39 133 36 179 186 246 255 71 0 0 243 0
    188 236 23 59 0 0 174 0 128 194 188 255 143 0 9 189 209 0 181 158 11
    92 0 149 209 153 55 0 212 133 0 0 107 184 255 255 19 218 27 255 0 30
    183 0 100 255 0 255 117 0 0 0 112 61 161 232 193 0 187 0 0 147 56 30
    0 242 71 216 255 122 0 255 0 130 255 18 255 45 255 0 205 96 0 140 0
    0 0 63 120 255 152 17 135 255 14 0 191 116 193 100 79 115 255 26 84
    238 67 140 255 167 183 89 255 222 177 35 79 255 255 148 115 231 0
    249 30 244 255 211 255 160 251 27 122 47 0 224 113 0 122 255 0 234
    27 255 163 255 255 45 84 255 51 140 204 189 245 151 255 85 255 255
    255 0 255 255 255 252 255 135 152 200 255 120 148 0 255 255 255 251
    0 70 0 0 69 31 255 104 150 188 204 255 0 0 157 8 186 255 255 255 0
    255 54 0 127 255 255 255 100 76 0 162 255 166 49 164 0 57 202 124 91
    86 255 173 247 233 22 255 4 0 255 0 255 189 232 34 174 182 173 200 0
    255 174 66 126 210 142 0 172 220 241 17 97 223 227 0 81 0 72 100 255
    17 0 168 76 210 0 130 73 75 110 94 0 63 164 204 0 255 206 0 97 255
    204 147 72 255 0 255 89 144 163 38 159 255 4 255 94 118 145 60 152
    148 162 86 215 255 21 109 215 223 227 255 218 90 201 11 0 107 255
    255 84 156 255 113 0 179 223 255 255 78 3 205 0 185 255 209 235 165
    74 255 0 105 157 255 190 130 130 179 134 21 0 255 0 132 201 233 123
    111 255 158 19 129 98 0 255 10 68 186 123 186 0 79 0 185 230 210 60
    0 0 117 46 115 46 255 180 0 0 255 9 0 76 255 108 161 248 0 204 201 0
    235 255 240 0 243 0 0 63 104 0 25 235 80 255 95 196 255 255 27 0 24
    82 0 44 249 252 13 110 12 82 94 72 255 255 143 115 143 255 52 255
    134 223 236 141 75 175 33 255 3 0 79 255 69 190 236 99 48 255 80 5
    58 51 224 255 2 255 249 0 0 20 157 98 16 0 255 45 149 255 238 255 78
    51 148 23 17 75 0 139 0 25 255 156 162 255 0 0 255 0 207 219 62 46
    79 219 255 255 232 113 0 0 183 245 217 60 34 255 255 0 203 50 198
    249 137 67 73 93 29 162 228 71 30 202 188 67 236 0 150 128 255 191
    103 0 0 16 0 255 243 200 255 255 150 249 139 245 162 255 0 16 104 61
    68 255 234 250 32 0 41 0 133 255 48 46 255 167 0 65 236 0 42 255 0
    87 104 152 0 190 31 19 0 205 102 255 255 230 173 253 175 0 48 57 255
    150 222 213 35 47 255 255 79 0 7 181 105 200 255 208 0 133 176 248
    243 0 247 250 98 231 65 255 244 233 129 139 141 255 0 255 255 142
    255 53 134 255 0 255 27 0 184 22 0 65 147 0 255 226 46 0 168 255 0
    116 85 79 0 0 111 2 48 255 255 46 195 104 79 255 203 109 143 255 170
    0 70 232 30 238 255 255 0 67 255 245 68 34 53 16 226 185 255 5 234
    255 162 206 219 191 135 179 203 82 254 244 230 0 36 57 255 65 0 255
    255 227 255 255 251 255 187 0 229 255 255 232 185 115 105 254 255 0
    0 223 194 53 157 158 22 255 255 255 167 0 62 24 128 0 31 255 92 89
    116 206 0 66 90 64 24 162 255 113 74 94 3 143 255 74 255 99 255 255
    36 255 0 108 0 22 45 0 0 0 231 17 255 100 0 243 166 224 0 251 174 0
    255 219 48 0 230 245 111 69 194 0 255 151 255 255 198 127 236 0 92
    154 181 33 255 255 77 117 20 247 147 255 0 255 74 227 163 0 217 224
    0 176 255 97 14 183 0 15 255 204 172 87 154 122 255 0 255 15 230 247
    255 103 122 255 43 90 255 69 179 255 93 237 255 255 255 71 53 98 245
    255 255 255 94 23 0 0 249 153 137 255 74 255 53 144 161 103 247 171
    0 213 0 255 159 0 255 31 255 0 255 255 255 0 0 255 97 35 255 150 255
    83 105 72 61 0 103 107 168 96 241 255 255 33 129 65 37 206 218 99
    255 161 0 60 241 76 29 255 154 255 132 169 255 127 242 130 0 168 135
    190 0 164 17 0 255 11 121 109 255 77 255 0 187 255 170 80 255 230 0
    172 160 255 143 125 184 213 40 180 0 214 96 255 255 112 101 0 0 244
    202 36 0 0 209 0 170 203 250 38 27 180 0 255 206 177 24 0 68 150 0
    148 168 57 255 0 178 95 140 71 189 0 255 119 0 226 124 255 255 0 0
    255 255 0 53 255 155 32 202 96 255 255 13 68 0 227 0 27 255 103 199
    33 210 145 0 63 196 0 80 83 104 0 151 0 112 189 0 255 89 189 64 255
    0 69 121 0 255 10 155 255 255 23 0 0 172 120 170 166 0 0 255 255 0
    227 65 0 254 0 19 132 23 158 220 183 233 77 198 196 38 0 0 0 255 255
    255 255 255 0 43 35 94 0 51 18 0 79 163 153 124 255 20 255 151 255
    255 183 42 30 255 0 126 179 0 219 93 84 189 0 0 1 97 151 221 146 0
    255 205 212 220 190 245 110 59 205 20 92 235 36 164 0 0 255 0 200
    130 0 91 136 48 198 83 198 165 165 247 175 12 122 0 101 236 137 180
    42 255 35 255 91 224 247 137 223 220 165 145 149 66 255 77 255 255
    98 255 139 173 255 0 171 131 220 0 132 0 0 0 249 0 0 255 195 36 122
    193 0 125 0 255 71 125 10 217 219 104 255 98 229 146 36 0 162 0 213
    7 255 39 215 50 172 25 82 46 122 133 176 163 103 82 0 243 0 144 243
    194 255 255 136 20 255 205 117 0 0 255 236 0 183 0 28 255 153 80 65
    255 0 132 226 0 239 146 117 255 0 159 23 0 251 248 242 0 0 119 180
    183 0 255 189 216 83 192 39 247 116 224 0 95 25 218 194 192 107 178
    0 80 121 66 57 255 10 238 90 0 255 144 70 0 84 28 0 47 255 88 0 255
    249 29 96 255 255 115 0 178 0 0 255 0 101 174 248 255 123 0 255 0 79
    255 0 183 219 255 0 175 255 0 110 252 242 0 255 255 0 84 126 90 255
    10 79 0 28 0 0 213 0 63 193 206 0 155 0 19 119 36 255 255 0 201 36
    136 150 48 255 79 255 102 113 2 62 0 255 0 110 255 201 0 255 39 116
    224 214 255 231 186 118 0 255 215 84 62 250 255 10 207 255 130 255
    95 0 255 39 255 61 170 62 157 198 15 0 255 186 255 24 133 255 159
    125 146 236 148 255 26 0 255 59 139 213 0 255 112 255 41 0 254 223
    190 94 129 97 255 213 134 204 50 0 0 183 0 0 0 97 255 249 31 70 0 0
    63 255 244 247 81 0 0 48 78 34 255 228 255 173 231 52 255 255 246
    178 0 232 228 73 109 223 129 0 230 115 196 193 0 255 255 67 255 6
    255 99 99 28 0 61 205 0 255 18 0 205 0 84 0 0 183 255 35 253 3 31 24
    237 137 255 255 255 255 0 255 107 56 114 0 254 92 255 63 154 128 25
    0 173 109 153 124 94 148 255 255 0 155 255 24 0 0 255 6 72 255 86 0
    255 241 0 0 231 255 255 255 169 20 195 73 197 116 235 128 223 10 0
    255 255 227 48 255 155 0 106 255 139 16 158 218 0 0 239 239 0 0 162
    255 127 0 132 0 157 166 154 255 191 186 0 87 35 114 154 212 255 130
    255 255 82 0 225 50 234 0 255 0 14 10 39 255 255 0 40 255 201 240
    122 125 255 168 5 255 0 255 17 151 255 0 255 0 58 100 139 12 5 0 255
    0 203 25 203 255 254 255 182 0 233 162 226 175 0 0 99 81 0 255 0 132
    68 225 155 255 127 89 205 121 242 226 255 1 122 255 205 61 56 218
    163 0 162 152 255 148 0 255 67 255 198 0 138 217 37 0 244 0 15 255
    249 248 255 245 214 126 8 32 0 237 117 0 48 255 0 192 0 63 114 252 0
    0 157 255 179 86 0 255 14 0 132 134 255 0 0 83 231 255 255 0 0 5 212
    255 255 45 0 235 170 172 255 255 172 138 61 106 188 255 186 129 0
    100 255 0 39 45 140 186 255 255 11 247 143 152 255 0 255 146 189 132
    255 255 17 255 0 255 184 86 254 196 0 0 255 197 210 0 181 0 228 38
    254 242 0 34 202 90 110 66 196 211 128 255 143 181 228 0 0 0 167 8
    43 227 255 0 255 255 195 0 0 0 197 255 165 255 255 0 103 255 255 204
    255 161 192 13 5 255 232 0 192 60 250 4 0 79 241 255 255 0 73 255
    114 242 116 255 128 168 255 82 255 255 0 150 0 79 0 147 255 36 222
    99 255 206 21 251 154 18 0 0 193 203 16 0 240 163 0 92 255 255 178
    235 130 0 255 157 255 109 135 0 7 132 214 151 164 255 255 0 13 255 0
    0 210 70 0 10 212 255 64 26 64 0 141 255 227 74 151 156 47 158 6 120
    255 0 201 168 255 51 148 248 85 255 125 137 222 134 0 146 255 163 16
    0 0 225 0 255 218 0 115 180 0 210 255 51 0 255 255 54 255 79 255 34
    199 0 255 187 0 238 101 0 106 150 240 103 26 245 255 0 255 177 16
    133 199 255 82 142 0 13 199 36 0 0 255 255 247 0 245 0 0 103 0 221
    190 255 255 222 255 91 25 231 255 18 14 0 255 16 0 71 255 112 115 0
    255 0 26 255 166 123 255 217 69 158 210 89 255 67 103 204 159 0 77 0
    227 255 50 34 255 255 0 133 219 14 30 230 241 250 202 58 98 0 0 0
    205 158 0 103 165 222 85 242 157 0 254 133 77 255 102 69 255 216 68
    36 190 164 116 0 142 10 123 54 255 27 35 244 0 142 74 255 97 190 0
    208 85 255 0 0 192 152 184 49 0 216 237 0 229 184 252 255 115 0 255
    104 169 168 255 0 255 255 35 136 55 70 252 88 255 0 188 144 49 21
    143 23 132 255 0 83 137 65 0 169 40 0 255 216 255 255 255 131 126
    255 0 74 115 204 255 255 48 0 65 78 231 163 160 255 255 159 255 255
    197 0 133 222 100 0 210 104 129 205 61 208 70 255 255 255 146 255
    255 255 0 138 173 78 0 255 238 235 63 237 255 0 114 255 0 255 0 0 44
    50 0 180 49 50 0 255 234 255 25 82 152 143 190 92 2 24 125 177 0 243
    255 44 255 255 11 84 219 0 125 68 0 177 0 0 106 0 203 0 0 163 81 0
    255 135 217 0 32 203 0 96 225 255 92 183 74 130 188 163 41 30 155 91
    0 184 255 255 0 1 255 0 86 0 214 0 0 36 92 22 49 235 183 255 53 194
    0 3 255 0 212 0 105 198 0 79 255 86 97 111 255 22 101 255 203 0 0
    114 211 87 83 199 89 200 255 16 255 0 104 122 0 141 63 0 162 21 255
    206 18 255 198 240 0 90 0 0 0 192 216 16 0 71 129 12 90 83 64 39 217
    180 255 51 255 181 233 0 47 57 0 45 36 0 0 89 123 220 67 216 224 255
    28 30 1 221 167 156 255 255 249 96 255 225 255 105 101 255 74 255
    255 128 148 113 69 114 0 255 255 0 140 255 126 16 149 40 255 27 0 0
    164 0 80 249 130 0 255 71 255 144 255 0 0 190 176 0 248 200 155 93
    218 255 249 188 255 146 169 255 0 114 100 215 255 255 219 143 205
    186 96 0 114 226 92 252 23 102 138 8 145 154 54 87 90 170 80 139 255
    56 15 190 0 245 255 162 116 121 255 255 0 255 0 24 249 0 189 0 255
    55 30 255 237 255 102 81 137 181 148 46 0 114 244 255 113 255 139
    222 121 228 176 11 235 255 255 105 62 0 180 121 112 208 73 232 0 255
    69 226 62 0 0 94 234 255 229 20 21 208 0 140 192 111 234 97 255 77 0
    251 0 59 18 255 131 244 107 160 10 24 0 255 0 89 255 0 255 194 112
    210 89 247 197 176 255 255 0 5 242 247 220 255 216 244 117 0 90 101
    255 214 130 190 0 2 255 105 0 68 174 99 0 21 12 255 255 163 254 255
    53 24 135 111 176 255 25 34 190 200 255 255 140 0 255 85 0 197 112
    198 0 123 255 38 0 143 255 90 61 0 255 36 190 0 19 0 200 155 111 45
    12 223 0 125 172 0 217 255 205 179 255 87 213 255 192 37 91 212 55 0
    0 0 0 97 255 0 121 255 0 167 0 0 0 255 42 255 130 255 112 255 66 112
    255 100 243 24 10 77 236 202 0 109 255 0 154 68 116 255 255 255 255
    165 0 255 151 72 233 0 206 174 9 11 0 63 166 132 0 185 255 155 87
    187 255 56 0 255 255 122 47 255 0 0 0 75 0 0 2 78 221 192 255 1 81 0
    148 251 179 206 0 30 233 204 173 255 157 128 75 101 173 175 160 151
    255 138 0 0 34 142 0 0 255 0 205 32 187 0 130 10 217 209 18 199 0 0
    247 250 0 218 255 43 192 255 232 0 0 255 255 255 255 255 103 0 73 89
    103 63 0 253 227 36 0 55 153 185 255 24 255 0 7 32 16 0 254 124 221
    66 174 0 238 0 0 0 0 0 255 48 115 55 187 64 255 130 86 196 41 210
    249 220 31 88 183 96 0 187 0 238 122 213 33 129 129 255 0 255 255
    192 166 163 87 132 165 188 255 255 98 88 21 127 14 0 165 169 102 255
    0 159 0 82 252 0 0 165 247 169 216 255 197 238 107 255 255 255 255 0
    170 122 173 129 0 192 0 228 0 0 68 0 172 183 122 79 0 255 87 15 42 0
    0 255 255 0 255 15 249 149 221 0 254 132 0 91 205 255 148 255 0 155
    0 51 0 195 255 234 3 241 255 140 148 31 142 56 232 208 216 0 57 105
    237 236 85 0 162 246 42 103 13 255 189 255 0 234 140 190 113 150 232
    255 46 110 255 184 187 255 213 193 219 45 190 0 169 87 0 235 0 197 0
    89 178 63 40 255 121 240 74 207 23 175 0 173 66 134 220 255 255 0 93
    207 236 0 59 127 0 255 0 163 228 123 42 202 177 137 243 0 255 42 71
    222 64 163 136 0 103 0 152 0 202 19 159 100 255 225 44 204 255 62
    255 101 147 102 0 57 234 119 63 58 255 100 55 155 169 187 0 106 125
    0 72 234 255 255 255 255 121 137 47 55 240 255 0 235 0 0 22 115 0 88
    0 92 160 0 162 22 18 147 239 255 37 255 0 0 228 149 36 139 0 179 151
    104 255 113 193 34 248 239 0 88 194 207 92 103 0 249 121 221 193 4
    90 232 174 219 151 194 0 146 80 255 106 226 72 212 122 0 228 255 202
    175 255 91 0 0 236 137 159 72 207 84 206 0 0 0 117 44 7 255 255 0
    255 4 255 33 255 0 52 233 0 0 0 255 31 202 117 255 0 74 0 201 255
    240 243 108 255 107 239 201 97 0 26 0 222 0 255 90 255 54 180 255
    220 182 145 179 251 79 0 255 80 205 0 200 26 204 255 56 24 70 0 69
    246 246 166 255 255 25 255 101 241 224 13 0 0 255 255 79 69 0 164
    255 250 152 215 83 171 89 113 88 160 187 255 0 45 255 248 255 17 231
    240 0 0 91 255 19 70 255 255 0 255 101 51 112 0 189 0 240 255 34 135
    54 29 165 255 210 0 55 169 55 141 2 0 255 255 49 199 122 178 118 5
    45 255 253 0 21 212 137 255 255 221 110 127 255 0 196 156 172 21 147
    255 64 188 204 0 67 0 176 215 0 128 218 0 255 33 70 0 174 109 0 0 29
    157 198 195 255 255 218 0 0 0 192 0 255 255 251 255 133 151 255 255
    255 211 85 35 118 153 104 232 193 255 110 85 255 181 197 209 223 255
    48 0 0 222 250 238 235 24 176 65 59 119 0 59 148 22 9 206 175 255
    223 255 0 255 167 255 255 166 161 255 0 185 207 1 13 150 255 67 255
    176 236 255 0 0 192 232 156 92 42 0 0 70 193 53 255 64 0 255 208 102
    0 88 127 79 255 220 207 225 255 0 102 87 226 255 213 251 233 0 0 0
    255 0 156 205 12 46 255 114 251 73 0 196 175 208 94 107 163 175 79
    30 134 255 0 255 255 17 100 255 0 0 13 0 18 0 147 0 225 211 0 255
    160 255 255 0 0 255 255 251 0 169 255 34 183 215 23 157 255 165 38 0
    254 0 0 253 0 111 255 112 58 201 173 250 0 77 210 131 216 225 255
    117 134 0 74 97 135 161 17 255 0 0 45 0 117 139 255 11 160 255 255
    255 26 255 200 116 46 255 49 51 233 240 188 107 20 255 255 206 0 255
    77 11 0 140 0 0 0 9 180 0 255 218 0 217 240 45 0 241 190 199 0 0 255
    233 86 255 98 255 141 199 255 255 255 0 62 118 255 129 0 209 255 135
    90 73 252 0 219 0 0 74 114 140 104 3 255 0 38 147 250 102 37 105 255
    255 0 157 255 0 0 230 255 0 22 255 68 197 75 166 255 255 139 11 255
    38 155 144 255 180 255 203 0 152 46 111 158 36 85 0 113 89 210 51 0
    255 108 4 62 255 150 77 105 227 243 0 0 0 74 64 118 255 109 7 0 138
    112 0 255 134 0 25 254 175 113 0 176 0 225 86 6 156 148 255 231 22
    115 164 83 255 233 255 114 12 255 0 182 160 225 11 230 97 80 182 128
    165 144 154 169 110 255 90 0 46 111 56 255 181 98 79 159 255 0 88 0
    218 255 145 19 211 216 128 224 255 63 208 0 255 102 34 207 133 255
    255 0 0 235 185 173 199 255 255 0 61 0 255 255 0 105 0 44 101 120 21
    0 0 0 0 0 184 158 0 255 255 10 255 117 120 96 22 255 0 71 160 169 23
    0 144 69 218 143 0 148 42 68 84 116 96 255 255 161 255 25 255 76 94
    78 112 255 152 117 103 0 19 122 77 1 213 159 121 255 19 160 140 57
    179 0 56 0 0 255 143 55 240 183 253 58 255 255 0 196 186 108 0 0 0
    114 213 168 88 255 93 34 250 0 148 255 206 111 98 99 0 0 0 255 0 255
    255 244 255 50 181 38 77 235 74 68 152 144 144 96 108 0 255 78 150 9
    91 161 222 92 223 255 128 30 0 93 0 255 53 251 111 208 0 0 2 255 166
    48 219 255 255 255 0 119 0 255 255 0 0 255 161 255 0 26 166 54 79 0
    236 44 255 112 0 108 0 0 80 0 76 255 255 214 145 86 88 255 255 255
    247 155 0 174 0 0 169 141 0 255 255 255 246 207 255 255 65 0 21 109
    201 0 117 255 83 255 255 104 255 229 0 40 169 0 35 255 255 255 32
    212 252 181 255 83 120 255 32 74 0 18 2 146 0 0 255 0 255 255 228 40
    255 255 0 122 121 168 51 67 96 64 89 91 222 255 204 255 133 46 16 91
    174 0 109 77 0 215 164 90 255 167 15 183 255 219 113 188 0 0 234 107
    86 46 177 255 165 164 20 241 0 87 255 48 255 0 0 80 0 255 197 143 13
    0 98 205 152 211 0 0 45 187 244 14 79 0 0 228 255 20 134 184 161 255
    186 48 255 255 215 0 56 65 174 0 0 113 255 255 0 255 0 182 0 166 236
    0 255 2 187 242 58 10 0 94 3 255 189 0 0 246 150 182 54 0 47 134 255
    0 255 123 213 38 154 69 220 104 0 255 0 255 111 0 255 83 0 212 52 48
    14 179 0 0 27 0 48 99 255 0 88 133 8 100 255 9 218 8 58 119 254 181
    116 204 189 255 36 225 140 128 0 145 195 53 241 33 184 222 219 165
    204 73 232 0 144 181 45 255 0 0 255 209 255 255 188 0 8 67 202 255 0
    191 169 255 216 0 255 80 255 97 149 255 0 17 255 154 0 56 138 43 178
    68 217 255 201 0 0 0 255 0 181 255 216 202 168 93 255 185 255 255 0
    16 255 255 67 130 248 38 0 216 16 255 183 66 130 173 128 52 123 220
    0 255 128 69 152 0 228 243 255 0 6 175 25 104 190 255 174 255 227
    189 220 45 221 0 0 255 220 156 27 152 169 35 1 187 73 13 139 7 183
    157 0 243 255 141 255 199 48 255 253 29 0 47 180 255 77 0 0 252 160
    202 105 0 93 25 0 127 197 150 255 26 43 64 110 0 0 207 64 19 0 255
    165 238 17 188 169 255 200 131 101 255 0 238 183 255 255 0 237 0 154
    0 0 238 255 0 16 0 255 79 53 46 176 237 214 231 0 0 191 62 234 196
    118 213 34 135 255 0 255 141 0 13 176 73 82 116 41 171 255 231 153
    155 0 246 210 0 109 165 45 179 144 255 10 4 255 0 255 255 255 58 0
    244 15 172 254 45 100 255 211 137 255 255 255 255 148 251 188 255 0
    224 113 97 197 0 79 0 255 71 255 255 236 255 36 55 231 0 212 209 0
    37 255 92 195 188 245 108 165 65 152 13 50 255 123 0 102 201 121 80
    18 107 130 103 109 255 145 0 188 168 253 64 151 255 2 17 94 244 179
    132 99 0 32 255 125 255 255 255 0 220 132 250 255 236 255 107 82 194
    0 0 0 0 153 33 182 89 0 98 255 0 59 0 235 255 33 175 255 95 115 66
    255 101 21 200 0 48 255 217 150 0 0 199 122 255 55 172 255 73 109
    167 198 249 255 255 152 0 178 164 145 250 255 244 189 255 96 197 255
    245 255 34 176 255 250 162 211 212 0 56 172 255 255 74 210 165 0 111
    255 154 99 49 0 85 126 255 188 205 0 240 255 127 255 81 255 102 75
    116 150 255 40 255 237 67 0 198 133 83 103 8 255 92 0 64 126 109 125
    210 206 78 98 225 41 1 0 29 255 255 21 93 91 87 223 101 63 69 251
    250 255 137 0 53 12 255 101 22 207 106 167 145 0 255 70 49 38 70 168
    0 62 129 136 113 255 255 104 255 62 0 255 0 255 6 255 68 41 210 255
    0 169 218 255 57 133 119 186 108 183 168 116 117 34 248 0 93 151 238
    0 76 255 255 0 59 0 0 20 0 87 0 34 250 0 39 189 0 222 160 255 243
    255 27 0 0 12 0 0 199 254 42 94 208 233 0 120 193 137 0 89 216 239
    137 0 254 156 0 151 74 112 255 255 255 82 213 240 234 0 182 87 200
    96 0 255 255 255 115 14 129 32 0 120 147 28 177 145 0 255 237 197 64
    255 111 236 0 0 78 255 6 0 51 255 102 170 0 255 94 144 191 32 0 164
    96 177 0 255 202 111 7 6 118 255 211 224 255 255 0 0 78 136 0 217
    235 148 218 5 172 99 230 0 117 140 117 12 20 0 0 255 0 118 47 82 255
    181 236 183 54 255 161 223 0 111 5 0 0 178 28 110 255 0 247 0 255 59
    255 117 204 253 255 222 255 150 24 157 0 22 243 98 255 167 246 111
    205 44 130 128 102 23 89 255 224 0 91 255 159 115 188 0 116 0 0 227
    20 66 110 142 88 237 35 169 255 200 24 0 255 76 72 175 0 232 0 62
    129 0 95 248 233 98 90 255 50 90 255 43 220 150 203 0 0 69 101 111
    255 126 54 0 0 239 255 255 194 78 73 77 164 0 230 171 255 0 93 0 190
    226 201 0 135 23 17 0 82 201 255 211 11 29 0 0 148 230 255 113 234
    255 255 176 0 202 0 42 147 0 0 0 0 255 255 155 130 141 255 255 0 217
    196 107 0 229 107 235 36 96 0 19 0 119 0 255 255 248 21 0 142 93 255
    255 255 40 112 148 255 0 112 79 125 255 0 231 254 0 207 250 242 53 0
    153 0 252 0 153 87 58 102 255 255 222 255 113 20 255 150 47 33 41
    105 215 189 0 77 0 185 236 24 16 75 255 161 0 0 0 255 255 145 233 77
    95 0 148 0 40 255 109 121 67 255 177 64 255 0 255 16 0 83 255 68 0
    25 255 205 255 255 252 173 255 56 40 102 249 79 0 255 255 249 162
    139 0 194 175 166 255 108 201 50 96 255 188 31 143 241 135 144 61 0
    84 255 255 139 51 20 0 214 30 198 97 69 235 99 167 166 0 129 197 0
    116 236 255 19 13 75 255 0 36 255 74 3 92 0 218 0 84 255 255 182 0
    255 255 54 196 28 255 230 53 99 96 217 0 0 245 0 92 231 0 217 255
    255 248 255 255 250 161 69 135 111 249 135 188 255 79 4 14 192 105
    255 45 166 171 7 44 255 27 0 249 255 86 40 123 49 255 35 205 0 255
    240 232 150 65 130 94 212 137 140 0 255 255 58 20 14 0 46 255 207 0
    144 0 87 87 205 1 0 83 0 0 106 27 28 0 145 126 255 255 175 43 176 0
    227 94 121 235 207 176 76 241 255 132 0 58 0 181 172 0 44 90 0 10
    255 0 35 255 255 255 193 198 0 0 255 216 70 179 0 255 124 22 122 111
    58 0 255 0 168 0 143 199 2 255 116 36 135 16 166 0 252 12 20 213 198
    54 33 29 148 205 204 145 140 39 35 192 0 51 247 122 6 164 52 0 245
    18 48 30 255 15 0 169 26 13 119 0 39 238 188 0 255 0 0 0 0 255 255
    192 255 217 0 255 188 79 64 237 255 151 174 209 255 77 111 122 0 205
    255 0 24 167 0 242 0 191 249 0 123 255 155 255 85 102 243 99 0 188
    255 19 0 112 159 0 255 154 85 0 156 188 0 105 64 230 255 0 120 255
    71 150 255 255 246 27 36 133 83 255 0 144 100 0 156 0 15 66 177 0 64
    200 0 35 0 95 11 17 253 52 61 177 110 0 218 4 31 36 255 231 202 230
    249 104 0 45 3 78 255 217 0 255 157 255 175 26 0 248 0 69 0 59 94
    159 0 142 224 0 0 52 42 253 255 255 0 206 77 0 0 0 199 82 223 0 31
    119 255 177 253 143 255 0 227 0 174 210 255 0 255 9 94 97 0 84 198 0
    222 0 0 184 0 27 80 255 191 153 87 52 197 0 0 255 220 252 52 255 0
    65 255 23 230 157 255 101 0 255 14 32 0 246 218 206 184 232 6 192
    255 138 126 242 53 0 90 10 152 255 172 153 0 188 0 0 205 0 126 0 177
    23 64 165 221 251 32 106 19 238 0 184 65 250 103 104 136 0 12 255 42
    129 255 84 255 255 255 178 228 0 255 82 0 255 130 0 120 255 17 107 0
    213 0 255 80 180 0 48 157 255 0 108 0 255 0 183 234 94 83 255 1 106
    93 25 44 112 143 0 20 42 29 47 131 0 40 36 56 255 204 0 107 137 178
    72 140 255 250 216 255 0 39 178 252 183 73 60 255 0 0 109 42 195 255
    44 0 255 170 152 255 185 5 0 60 255 255 255 104 255 255 255 14 56
    196 88 0 255 242 142 255 228 255 255 136 255 31 0 209 92 0 255 227 0
    0 190 219 107 255 255 0 0 255 252 255 255 178 0 106 246 196 201 0
    255 93 74 71 132 6 0 183 111 0 255 218 165 255 255 69 0 255 142 0 0
    255 129 54 88 233 255 76 30 131 0 60 9 0 0 0 254 122 114 78 255 241
    153 159 252 175 202 242 255 21 161 23 84 142 27 255 187 0 0 0 255
    210 79 170 24 45 206 146 255 0 255 117 222 126 242 105 164 248 255
    188 255 255 210 18 255 151 255 0 144 98 154 0 255 254 51 131 151 0
    229 182 93 41 3 0 61 96 214 129 167 0 222 24 158 34 182 168 0 255 0
    27 53 163 217 32 234 170 255 125 127 255 218 190 76 241 31 181 255
    197 0 151 255 0 255 150 169 255 255 0 0 255 50 0 0 41 0 255 168 0 0
    0 255 15 94 134 255 248 46 132 124 19 119 211 63 224 255 0 54 0 24 0
    240 190 63 0 0 0 129 139 0 67 104 0 88 0 24 0 117 224 24 255 255 72
    187 225 0 247 97 98 186 0 12 0 4 0 73 218 255 0 13 96 248 49 0 145
    34 255 241 81 255 176 222 232 120 248 0 75 180 130 0 0 19 255 110
    255 60 42 0 255 27 0 255 81 255 194 255 255 255 0 255 166 255 11 255
    214 229 81 121 255 129 56 142 243 144 172 255 103 197 255 0 107 0
    132 174 228 255 0 255 254 0 141 0 255 0 75 164 13 255 255 0 233 0
    158 204 207 103 230 115 92 0 224 143 172 0 119 0 0 67 255 77 46 255
    172 16 76 164 0 0 176 137 161 255 241 168 255 0 0 183 80 47 3 255 39
    78 200 8 0 16 69 40 0 0 255 211 14 126 72 68 255 255 0 94 217 0 53 0
    141 0 255 204 18 172 22 158 255 94 14 0 103 201 0 0 255 255 164 255
    19 254 255 255 0 243 255 191 62 243 0 0 13 255 0 177 145 255 0 150
    109 114 157 255 38 76 0 88 32 0 0 145 0 0 255 78 255 247 115 173 190
    9 143 99 227 133 252 186 150 173 154 0 228 0 117 163 255 168 86 255
    0 255 255 152 0 255 21 182 237 0 255 0 137 102 178 41 17 136 158 163
    227 59 115 228 255 132 12 117 83 0 44 255 255 23 255 122 255 169 255
    255 0 167 0 255 0 45 255 255 255 255 71 255 76 255 46 0 108 118 0 83
    255 0 123 105 0 99 152 255 39 193 24 255 149 0 194 17 0 0 255 178 30
    175 0 0 31 43 142 116 255 162 255 236 61 170 53 245 255 238 255 93
    255 251 239 255 0 196 214 175 84 108 207 255 0 180 199 0 214 0 255
    131 82 255 255 37 255 199 132 39 150 209 7 217 10 255 255 255 248
    185 166 171 0 220 0 0 0 0 0 255 21 108 255 0 207 0 4 31 255 15 84 0
    175 0 0 233 255 155 83 115 187 0 255 0 0 178 0 255 191 45 70 255 163
    35 255 231 255 255 46 171 250 67 157 255 136 0 0 191 0 0 0 255 255
    224 208 21 191 255 255 70 153 209 87 0 13 255 194 196 255 255 255 0
    251 143 31 255 182 197 255 128 255 102 192 3 140 114 255 171 0 255
    143 242 0 255 73 110 236 57 70 250 255 0 34 255 47 251 221 194 11
    196 215 255 57 255 255 38 7 23 255 255 255 48 0 111 169 82 255 0 0
    241 255 0 255 248 180 29 235 90 14 226 169 255 92 255 129 253 255
    255 203 237 88 0 70 241 105 109 107 57 0 0 0 139 108 0 255 255 87
    255 215 119 26 193 255 0 184 0 255 69 0 194 0 31 181 59 251 73 104
    255 0 237 191 61 149 80 136 97 234 84 171 0 215 146 255 115 0 95 0
    206 155 0 255 255 40 125 255 250 0 255 255 0 23 255 163 133 237 167
    255 0 255 195 255 0 1 98 146 255 38 119 183 255 130 177 0 242 214
    119 41 89 10 142 0 76 106 186 230 149 241 211 119 255 0 0 95 7 98
    255 111 255 255 255 0 199 164 0 67 93 122 171 130 26 152 255 8 85 0
    0 19 0 196 44 193 255 0 42 166 76 131 183 78 37 24 63 67 114 255 255
    252 249 120 128 165 11 101 161 153 70 0 175 31 66 30 54 240 19 133 0
    255 67 113 52 0 196 0 255 188 2 251 0 36 0 0 49 185 134 135 3 68 255
    0 190 255 0 0 255 141 136 185 242 3 0 255 255 66 209 212 16 255 102
    230 151 174 94 195 90 0 131 218 1 0 206 255 0 210 200 251 175 255
    188 138 41 79 203 189 39 255 255 40 255 190 255 4 0 0 108 128 0 142
    0 191 220 133 171 96 166 22 255 131 0 255 139 123 182 255 0 166 0
    250 14 180 116 95 255 74 247 26 128 11 136 67 8 69 255 46 104 141
    251 39 100 216 65 255 10 32 0 47 43 255 220 242 66 83 255 17 0 43 1
    255 113 65 40 4 123 0 255 240 52 99 255 255 25 255 173 58 0 22 25 98
    117 242 0 48 38 226 67 149 58 160 255 84 255 26 117 0 255 107 25 255
    255 0 0 255 174 25 190 145 255 0 47 189 255 205 255 126 12 195 75
    133 109 91 158 255 255 255 212 0 0 0 252 0 137 255 29 109 255 0 240
    167 150 255 12 214 116 209 255 106 0 200 176 0 255 125 123 255 118
    243 26 63 6 229 245 134 255 9 212 255 255 63 72 149 47 112 188 122
    28 84 125 48 0 168 9 41 210 0 0 255 0 64 43 0 191 255 255 255 200 50
    218 255 255 255 0 73 255 0 116 0 0 206 80 255 255 218 0 255 146 255
    208 234 0 0 251 255 176 179 255 255 91 0 0 0 24 235 255 255 229 174
    180 98 0 125 182 215 255 0 40 0 255 255 63 0 59 255 0 255 233 93 0
    255 255 255 158 13 255 161 173 0 189 255 0 229 0 255 255 0 170 201
    255 91 238 255 58 223 0 141 184 109 19 0 244 255 123 100 0 59 158
    255 66 99 255 96 54 252 216 0 0 127 125 142 17 255 103 252 255 174 0
    10 255 196 0 156 209 29 253 255 11 74 0 52 144 87 0 0 52 34 68 255
    198 231 255 22 0 194 255 240 148 162 255 255 0 148 118 80 62 195 255
    190 206 255 6 255 92 81 93 203 0 113 87 43 253 47 154 255 255 172 2
    255 255 157 255 158 255 255 255 193 202 0 255 12 189 255 149 0 176 0
    52 135 33 119 90 255 86 255 74 208 141 44 191 118 0 14 171 115 107
    255 81 6 138 185 255 0 142 0 14 74 163 226 246 27 75 148 0 106 19
    163 53 0 190 176 126 0 89 123 0 122 255 39 255 0 32 255 0 1 255 15
    106 181 39 2 234 141 95 255 255 185 125 188 0 71 43 255 223 255 170
    255 149 104 0 0 230 251 228 255 77 170 249 0 99 100 110 62 2 255 0
    219 92 180 255 16 34 93 255 255 92 232 23 255 204 255 139 217 85 0 2
    49 207 39 255 0 159 0 87 239 223 222 231 10 62 0 0 245 0 0 2 84 0 73
    150 0 83 43 71 32 234 169 211 10 216 94 59 211 0 147 115 255 117 0
    232 0 255 159 197 157 0 30 26 140 3 106 255 255 255 131 255 6 49 0
    236 251 40 255 80 255 255 162 171 210 20 255 255 255 0 249 254 82
    208 241 80 99 64 255 225 91 101 190 255 255 25 255 45 0 2 147 0 128
    15 121 68 79 40 23 0 255 66 149 214 200 218 166 175 0 187 0 0 100
    242 0 220 163 64 157 0 40 251 255 60 45 255 100 19 238 56 115 188
    255 0 62 67 21 52 159 238 129 120 73 0 120 229 141 0 143 32 249 255
    182 0 255 155 193 43 103 193 107 184 18 14 127 130 255 152 119 69
    255 121 28 148 104 212 82 0 200 43 242 148 40 204 130 197 201 7 171
    182 255 0 128 0 140 43 41 219 121 56 255 29 249 244 66 95 73 15 0
    172 205 255 2 248 255 26 80 255 108 211 165 213 237 45 255 255 59
    120 255 179 165 255 72 0 0 114 0 50 143 9 101 255 238 255 140 0 231
    142 206 195 0 101 65 255 229 89 68 230 0 68 234 169 166 72 35 255
    255 92 54 188 27 170 255 0 135 255 26 216 255 109 105 78 55 43 0 255
    0 138 255 0 81 24 185 150 116 216 9 103 255 247 148 45 0 15 224 255
    255 0 131 144 98 255 83 11 60 185 136 124 0 224 110 0 73 231 66 205
    255 139 11 0 28 255 141 244 0 126 0 193 128 55 58 0 137 73 175 209
    82 255 81 225 255 255 18 70 255 187 255 192 0 102 18 0 0 183 46 85
    255 91 199 71 119 135 125 168 255 134 0 255 124 0 0 18 166 0 255 38
    204 255 255 199 255 24 0 0 173 255 255 94 108 27 0 0 76 0 0 241 134
    190 91 0 76 219 38 134 255 196 0 33 207 132 105 230 100 198 255 4
    102 160 187 0 3 0 64 255 0 1 229 175 255 33 99 255 255 0 89 244 223
    1 91 255 0 3 122 16 199 131 0 30 169 220 100 114 15 191 200 0 255
    255 216 93 0 173 0 55 87 255 147 255 0 255 255 255 176 170 239 212
    140 94 84 255 105 176 0 255 11 0 0 255 255 239 67 202 219 139 255
    255 255 153 255 28 167 152 70 235 0 147 0 66 131 112 122 84 250 0
    146 0 162 21 185 137 0 55 245 139 0 20 169 229 190 0 135 247 65 255
    206 243 255 172 174 0 114 0 0 11 184 205 0 0 146 255 137 6 255 124
    173 255 255 222 193 69 97 207 79 228 99 0 126 228 78 32 9 110 78 42
    8 60 0 0 191 0 236 42 0 255 255 0 0 5 33 114 0 28 228 16 249 44 75
    131 255 0 0 0 255 73 28 187 0 165 255 76 227 255 76 178 99 255 255
    63 84 12 246 150 171 255 190 92 14 188 0 98 176 180 0 207 164 6 255
    163 60 11 58 4 142 255 0 117 202 3 255 47 206 0 54 67 153 156 198
    121 225 188 193 110 0 242 131 0 90 0 23 0 255 255 73 0 0 167 77 109
    150 0 0 255 0 255 255 148 6 0 74 195 137 0 0 0 255 29 0 87 83 138
    255 173 0 255 132 128 255 23 0 221 57 255 213 0 220 0 0 255 29 77 76
    75 222 255 111 89 227 0 97 127 3 201 0 255 215 4 93 5 100 0 255 30 0
    11 255 255 140 91 205 236 74 66 255 16 244 0 255 171 188 255 255 205
    255 83 62 141 104 152 46 255 255 117 201 255 212 255 107 63 116 255
    255 0 104 6 0 210 0 255 0 24 255 255 255 78 15 202 158 0 255 0 104
    72 132 8 0 255 150 0 255 142 0 171 200 0 255 196 202 90 107 0 188
    224 40 213 133 0 137 255 200 28 113 0 255 108 0 0 252 0 18 45 194
    125 43 225 200 227 251 19 161 29 52 55 63 255 0 143 255 255 150 5
    104 130 141 230 218 0 255 4 88 255 63 20 89 0 150 5 228 195 0 190
    133 234 255 255 77 219 29 255 0 0 0 17 0 255 0 194 0 255 122 211 51
    0 228 114 84 212 250 133 179 255 18 228 201 255 0 97 135 16 237 249
    0 255 23 0 234 166 126 0 248 255 29 255 215 188 22 41 0 11 146 92 0
    82 255 90 0 255 171 21 254 109 255 124 188 255 0 120 88 0 150 66 0 0
    39 167 135 52 29 111 255 225 69 255 81 123 222 255 226 0 158 0 255
    100 0 255 255 255 0 188 255 255 26 0 95 222 255 0 0 164 0 242 255
    159 255 255 83 37 0 255 255 119 164 255 255 0 158 62 0 172 224 95
    218 125 255 110 69 147 255 42 167 0 117 255 0 121 255 110 255 249
    238 255 103 197 0 0 222 255 27 132 255 182 180 108 40 255 0 255 188
    110 255 28 0 18 0 7 154 255 76 51 188 255 123 154 191 37 255 169 255
    89 0 71 255 123 70 69 255 52 36 241 255 255 255 0 101 96 0 138 102
    40 194 238 255 128 0 216 116 0 10 7 255 252 69 0 71 126 248 255 0
    116 50 5 0 255 49 250 225 255 101 255 255 255 171 255 255 174 0 0 6
    0 165 0 49 246 14 49 255 0 0 0 255 46 0 39 255 10 0 255 142 255 148
    152 71 245 0 14 234 33 0 234 144 71 201 6 69 89 117 255 147 12 255
    255 206 255 29 140 194 255 255 208 158 57 160 226 255 198 40 255 55
    83 206 225 115 180 195 248 122 110 22 55 235 0 131 246 0 187 255 0 9
    255 0 229 248 131 0 158 160 255 18 166 255 88 0 129 94 223 33 195
    214 0 195 238 213 155 110 255 98 255 160 37 44 201 0 0 0 0 98 21 255
    4 0 184 198 143 69 30 10 34 39 209 231 255 64 235 0 255 246 70 236 0
    235 68 255 175 216 255 215 0 182 255 171 0 255 255 71 14 0 255 30
    109 250 236 132 8 255 0 11 255 207 70 250 220 201 240 39 107 27 234
    0 229 219 0 255 204 0 255 255 221 52 34 47 68 33 77 0 198 48 248 255
    0 255 162 234 245 255 255 255 255 118 127 224 62 255 47 255 255 255
    255 0 224 11 161 255 229 198 237 194 0 255 0 7 14 95 49 0 195 255
    255 0 17 255 30 255 255 72 83 0 131 43 175 48 173 255 255 0 143 27
    116 39 158 3 144 46 87 51 255 225 37 255 161 0 170 255 0 83 112 255
    0 252 255 255 0 183 111 255 154 132 87 0 255 0 154 114 88 107 43 200
    124 107 255 126 49 255 255 0 63 220 34 225 255 169 63 207 97 255 162
    255 81 201 40 80 0 255 0 255 216 133 255 242 158 23 249 200 238 0 0
    70 3 184 0 18 53 35 4 234 0 214 255 66 0 240 255 139 233 46 162 247
    22 255 0 238 0 0 0 0 0 184 116 0 4 0 6 0 98 0 255 226 21 25 153 0
    172 255 0 255 0 68 0 68 216 35 0 0 255 255 4 228 38 255 0 233 85 0
    232 17 206 130 0 37 76 41 221 26 124 93 255 0 164 140 0 26 179 232
    139 23 33 219 5 231 255 255 50 255 0 241 255 255 94 141 158 128 0
    228 255 0 225 211 110 195 116 93 0 255 170 176 69 255 255 255 13 242
    234 0 0 255 192 0 0 255 165 255 0 36 255 0 255 0 228 217 108 197 255
    230 0 196 204 0 205 0 142 0 19 183 0 125 108 0 252 246 0 136 108 109
    79 255 57 207 182 181 26 255 254 80 71 75 41 226 0 0 244 88 27 77
    226 24 48 0 73 83 0 18 202 247 85 0 255 1 150 183 196 122 255 0 177
    255 0 190 255 0 68 98 230 0 71 149 135 0 0 94 154 145 40 0 255 221
    255 0 123 0 207 150 241 239 255 17 255 0 77 251 51 206 203 255 101
    255 98 114 190 197 255 188 11 255 255 0 0 214 0 207 136 255 0 255
    165 255 255 255 0 0 21 93 224 32 220 0 0 85 145 0 255 0 110 255 17
    30 136 0 216 255 123 17 255 0 76 255 0 146 255 222 0 203 38 207 255
    130 0 0 169 32 181 255 255 138 0 200 28 41 147 0 0 191 255 255 80 5
    28 1 255 214 0 108 255 0 114 36 27 188 7 255 245 56 253 0 255 84 121
    102 255 0 255 2 199 113 135 152 52 255 0 13 198 119 0 0 106 72 202
    255 198 93 198 0 188 151 0 86 255 157 27 3 7 56 0 131 0 255 172 124
    0 255 59 75 72 0 33 0 189 13 0 172 174 0 0 255 175 7 189 255 0 200
    113 255 247 172 164 255 255 130 255 41 0 145 191 204 255 183 0 0 205
    0 83 255 213 0 255 255 191 2 0 33 255 26 211 88 155 255 186 132 132
    11 104 255 255 27 0 255 255 223 155 170 51 64 130 158 0 0 16 194 171
    154 82 86 0 32 33 0 90 63 0 230 255 247 234 0 218 148 200 0 230 212
    167 0 0 218 98 255 58 194 0 110 198 255 56 202 40 237 0 17 211 255
    255 255 255 255 177 158 0 143 107 255 188 0 117 181 255 69 0 12 0 27
    138 0 117 22 255 5 199 135 0 66 218 255 36 0 138 241 0 109 0 250 0
    255 255 0 0 242 255 0 211 166 255 141 0 58 214 219 11 0 224 0 209
    136 10 235 26 0 88 255 100 255 26 239 230 161 0 204 35 238 168 0 234
    207 60 0 0 42 46 255 213 46 46 0 0 145 118 255 178 255 169 85 0 161
    255 91 109 156 192 205 0 255 31 248 244 0 0 88 255 247 0 111 142 15
    159 103 20 50 167 0 66 248 88 254 115 97 202 255 8 55 8 138 156 0
    255 242 255 0 92 135 0 0 221 71 255 0 0 0 195 0 0 255 18 0 158 69 71
    141 100 110 209 0 0 0 0 0 129 171 255 255 155 94 67 0 0 255 50 255 0
    145 50 188 94 115 111 222 158 255 255 131 255 209 0 254 255 50 19 0
    37 0 241 229 255 255 181 193 155 188 0 21 55 123 68 96 99 0 6 12 0
    39 206 212 255 60 121 67 255 255 76 249 255 176 0 255 79 56 178 158
    118 218 255 16 125 234 128 184 44 0 0 118 115 255 203 171 154 184 76
    255 132 86 255 117 86 85 255 74 232 176 242 223 255 123 55 222 0 0 0
    62 255 246 0 138 56 0 142 255 77 0 197 110 235 255 11 0 65 152 0 0
    148 150 40 106 0 60 249 0 0 70 172 104 120 0 228 157 44 0 0 131 9
    211 255 255 220 62 38 0 120 32 120 255 104 255 133 216 175 255 0 0 0
    255 78 145 255 170 74 0 185 255 0 255 129 141 66 64 25 0 32 157 225
    0 255 1 255 255 41 0 0 255 16 132 0 61 73 0 87 96 178 123 240 189
    225 240 124 36 35 255 27 122 8 19 30 234 0 18 42 255 66 255 0 152
    180 0 0 255 176 255 255 77 54 255 81 0 52 27 213 148 0 112 229 244 0
    0 221 55 202 254 151 0 255 204 5 0 203 34 63 69 61 255 15 153 0 227
    255 27 219 0 0 255 255 255 40 238 229 0 101 131 69 5 16 0 0 229 129
    0 0 166 255 200 0 92 34 33 0 0 0 0 188 238 83 40 255 255 0 173 36 0
    0 255 37 224 0 0 244 255 0 239 67 85 168 0 255 211 0 107 49 248 154
    155 79 0 160 61 255 156 68 56 10 0 24 0 181 0 203 193 0 176 35 0 28
    223 123 53 230 226 255 0 0 0 88 161 0 247 146 209 77 76 0 110 255
    103 15 0 166 149 44 187 223 192 255 255 190 172 208 255 255 0 113 58
    255 0 233 0 48 158 54 128 24 114 116 255 124 0 255 200 0 9 179 255
    220 166 179 255 0 36 255 145 80 17 166 82 101 255 0 21 62 113 0 255
    228 251 139 255 0 254 255 0 147 158 255 255 0 221 120 68 0 67 255 0
    64 14 255 0 177 90 0 141 4 169 0 214 255 33 137 6 183 255 98 75 239
    108 250 0 24 67 255 211 30 0 113 255 215 0 78 141 133 27 235 216 46
    6 151 107 0 236 97 234 79 7 74 247 97 161 67 191 0 252 180 255 49
    103 83 0 253 0 255 87 0 0 140 179 99 147 184 97 0 255 200 219 0 244
    57 42 255 0 200 43 0 0 254 172 62 205 11 188 108 144 12 97 25 181 0
    0 244 137 32 255 103 48 158 236 255 163 0 0 151 0 0 255 110 127 255
    233 38 83 59 0 238 0 124 0 255 157 250 80 109 74 0 71 229 19 142 0
    91 100 0 206 216 255 220 159 255 237 255 210 31 113 237 87 255 255
    23 0 178 8 0 255 255 255 229 160 0 0 255 224 117 35 254 182 0 255
    230 0 6 0 222 29 31 122 178 242 255 255 26 0 244 255 255 0 243 99 11
    123 241 255 121 255 255 0 42 220 98 56 245 44 255 255 144 127 43 193
    0 100 94 39 130 132 163 255 47 0 239 108 0 255 57 255 0 235 255 249
    84 214 227 46 134 80 119 77 253 85 132 65 137 50 214 0 149 89 168
    233 238 255 0 190 255 17 143 0 255 144 0 0 255 240 246 230 15 92 0
    228 19 255 104 22 85 252 110 34 161 228 0 255 255 213 31 179 255 0
    79 255 39 110 160 0 112 212 219 178 211 255 0 0 255 156 243 0 0 255
    255 149 39 255 0 14 208 172 36 193 0 97 47 255 28 253 255 35 74 255
    0 215 240 163 255 122 68 192 202 0 0 0 182 0 211 166 0 255 0 242 5
    69 0 240 91 0 255 255 255 39 255 172 10 0 180 0 185 255 0 0 179 239
    104 44 102 200 170 0 202 0 249 0 255 255 239 52 0 235 11 0 124 255
    78 0 1 0 255 1 0 255 231 255 255 80 153 75 148 125 255 0 0 1 206 241
    0 0 0 17 194 196 23 174 0 255 180 0 70 0 0 56 0 166 94 255 168 255
    143 255 253 63 199 34 57 0 31 54 255 0 229 201 255 255 255 98 170 66
    0 249 10 0 27 255 237 76 154 161 193 98 255 111 0 110 254 185 157
    217 160 0 92 183 170 112 0 216 0 0 0 49 0 147 80 255 203 255 0 163
    201 151 0 0 14 255 0 43 255 100 255 25 218 168 167 255 0 98 255 255
    113 196 0 255 255 239 69 43 28 177 12 255 0 255 20 82 0 247 69 255 0
    61 180 102 98 0 94 213 190 102 84 0 134 9 0 116 217 67 62 255 0 244
    255 39 195 217 183 158 183 255 41 0 72 255 255 121 132 255 173 0 246
    179 25 255 116 206 0 255 173 241 175 255 114 255 148 0 255 255 0 0
    183 232 231 229 0 43 0 12 167 0 206 79 207 231 255 0 69 29 0 81 173
    18 24 108 0 233 147 178 199 196 223 197 0 252 100 0 36 0 0 40 0 143
    224 143 0 0 0 74 189 255 204 18 0 244 122 139 255 255 32 227 255 221
    54 255 255 217 198 76 255 246 0 0 226 148 255 189 95 0 250 0 89 255
    255 144 255 154 225 1 255 255 74 232 122 255 0 0 255 23 255 0 241 0
    255 217 130 0 34 0 28 250 170 60 0 0 75 0 182 70 0 4 255 189 0 225
    13 19 255 54 168 0 0 226 203 134 255 54 150 230 167 0 255 0 0 190
    255 48 82 155 210 255 71 198 162 255 43 2 121 226 237 250 75 0 255
    209 0 142 64 213 38 2 242 169 229 39 81 255 226 255 255 0 131 0 255
    104 39 141 46 0 0 255 59 223 255 254 255 174 0 147 195 0 255 255 185
    243 255 199 49 214 255 50 0 46 0 226 196 255 255 171 43 21 215 255
    156 242 255 0 0 0 189 255 67 215 98 171 188 175 7 0 255 255 42 152 0
    255 2 0 61 255 0 0 0 47 159 249 196 147 121 0 153 221 236 183 255 0
    0 169 66 0 52 218 149 232 196 7 132 0 25 255 255 0 0 107 129 176 183
    226 255 73 139 78 30 242 76 0 55 0 255 255 171 165 255 255 255 104
    255 185 11 92 255 184 118 28 185 0 41 98 255 0 0 69 192 170 159 0
    255 0 113 229 154 154 93 73 0 0 60 153 0 61 186 0 67 0 255 255 0 255
    0 4 114 162 137 194 174 208 0 93 44 2 0 249 45 56 199 255 255 0 188
    255 208 134 18 255 38 243 255 0 122 160 171 93 101 180 255 83 0 180
    255 0 139 46 255 255 255 0 70 35 0 213 119 0 255 255 45 102 0 255 0
    181 173 7 82 234 80 208 232 37 0 0 186 130 192 232 255 234 235 225
    255 128 0 0 179 0 247 136 191 0 255 255 111 65 92 0 124 81 77 171
    127 125 0 0 0 255 236 127 255 141 46 160 85 31 239 255 156 255 95
    255 50 0 255 251 255 255 131 255 0 204 24 0 236 15 0 0 15 255 0 245
    16 195 204 41 151 0 0 0 193 255 40 186 157 70 255 0 0 190 128 64 249
    61 73 18 255 255 255 89 255 255 0 9 0 255 156 89 225 105 40 255 72
    198 255 255 255 157 0 245 30 0 0 142 148 0 31 122 0 255 0 0 255 46
    255 158 116 31 255 224 234 164 99 0 155 255 76 0 67 255 255 68 192
    229 136 52 22 255 87 43 0 1 216 57 92 0 201 105 255 255 71 0 197 170
    172 76 31 255 74 216 0 0 147 168 58 149 74 182 83 111 189 255 186
    170 255 255 0 132 56 19 3 244 255 14 111 49 217 193 58 255 115 109
    194 192 48 250 74 17 83 29 16 0 143 174 19 242 222 195 83 188 194
    144 123 255 234 255 255 218 255 119 179 228 235 173 103 0 255 255
    184 255 63 255 21 182 45 63 74 58 92 54 35 176 255 189 104 8 145 255
    233 177 163 139 255 100 222 114 126 255 13 0 0 0 41 0 0 69 5 255 80
    159 255 60 100 0 255 13 0 255 179 198 255 88 23 255 255 204 169 255
    255 255 27 101 0 255 255 105 0 23 169 12 255 201 216 255 178 143 142
    0 81 0 4 0 0 0 120 255 99 221 255 255 170 133 102 100 238 188 255
    103 54 6 202 199 224 158 255 7 27 253 5 15 0 255 79 0 255 0 163 242
    0 255 42 0 0 209 92 67 94 5 177 255 255 161 116 107 222 255 181 178
    235 157 41 206 83 75 0 0 245 222 255 171 196 11 212 196 91 0 255 255
    122 123 133 253 255 224 238 255 227 255 255 210 255 177 0 85 255 255
    214 108 255 230 0 98 4 221 39 134 255 0 48 0 23 123 255 54 255 0 20
    255 0 70 50 58 174 36 228 141 136 255 0 17 255 9 2 84 0 111 35 114
    247 226 77 184 24 118 32 255 0 151 50 0 0 0 255 255 152 0 95 255 0
    81 100 76 167 182 46 248 212 235 255 242 255 152 0 8 255 219 0 55 0
    46 0 255 154 185 163 50 194 22 23 167 255 255 0 255 113 217 57 20
    243 76 5 255 224 126 0 103 0 188 179 0 255 70 29 0 29 0 32 0 16 0 0
    0 0 255 231 41 36 255 220 0 157 255 2 0 0 182 42 255 163 128 187 0
    255 106 238 190 147 249 0 24 0 0 255 46 219 200 255 0 0 251 130 142
    0 113 240 10 0 91 230 0 7 76 0 0 47 0 255 209 211 0 73 0 183 89 0
    201 109 20 211 110 255 0 13 193 106 198 197 96 7 7 27 0 0 255 99 157
    178 165 255 0 255 238 255 0 94 255 72 0 255 85 255 206 255 114 32
    148 32 161 80 232 164 255 255 255 0 117 125 135 66 255 0 170 40 0
    195 255 191 98 237 255 82 0 196 151 76 255 234 255 90 225 22 254 181
    0 155 0 13 0 60 110 14 51 166 127 246 184 27 0 0 255 255 138 14 49
    35 0 93 37 0 124 201 255 51 130 93 177 144 142 231 127 124 0 56 22 0
    0 255 19 0 104 72 255 28 143 156 255 102 255 109 64 71 134 197 103
    71 43 255 0 137 76 0 166 0 166 255 14 184 62 255 104 77 255 255 148
    0 16 166 255 125 26 0 6 0 1 35 4 54 0 0 255 0 130 255 213 182 103
    230 184 0 0 0 146 250 31 102 75 0 26 255 217 60 12 48 240 78 255 82
    126 135 47 83 237 49 52 178 0 0 24 155 213 255 255 38 206 255 255
    100 255 66 255 0 35 248 247 61 255 0 119 238 0 255 0 174 219 153 177
    207 13 158 56 186 255 255 140 121 255 255 244 189 255 185 58 255 184
    255 255 255 154 50 43 207 0 125 198 0 29 128 12 0 11 255 144 17 84 2
    137 240 0 233 231 107 118 220 7 255 255 0 255 218 55 235 184 69 26
    255 37 0 147 60 34 142 48 208 255 255 233 5 255 56 255 65 0 0 65 0
    255 255 17 92 202 110 19 255 255 255 193 225 150 187 173 36 255 245
    255 0 0 255 45 190 38 172 180 255 218 255 76 0 255 109 53 251 183
    255 0 88 0 132 217 156 84 0 67 92 158 255 101 122 90 34 4 254 178
    154 255 25 255 181 152 0 183 216 0 87 0 196 0 52 247 179 179 255 43
    3 174 0 87 38 184 182 69 255 255 184 0 222 246 236 180 57 39 255 14
    0 222 34 56 0 81 2 0 169 143 0 90 108 46 73 0 98 88 9 0 70 208 44 0
    59 255 228 0 27 33 24 0 6 255 158 139 255 0 0 187 0 102 255 0 61 163
    106 191 255 57 0 238 130 167 255 132 37 69 255 244 0 255 184 89 255
    0 114 0 0 255 0 141 0 0 10 16 167 255 255 130 43 29 59 59 206 152 11
    211 30 167 0 0 150 19 213 36 248 203 116 0 185 255 0 255 255 0 151
    39 165 53 241 0 199 13 238 120 171 85 255 0 0 71 103 58 0 72 0 240
    89 195 255 253 13 255 0 3 121 0 0 134 255 46 104 95 231 28 17 131 39
    63 0 29 0 0 0 61 255 255 52 169 255 141 198 211 61 167 0 254 0 248
    243 213 255 142 0 138 149 0 255 152 180 190 47 152 12 89 85 56 180
    255 133 0 0 139 197 255 12 216 244 39 218 234 42 51 103 27 91 0 176
    68 0 0 151 0 71 159 255 247 213 209 153 0 42 255 255 255 0 255 58 6
    255 8 255 0 255 255 106 0 127 241 255 0 70 157 28 0 0 161 0 173 0 0
    255 89 255 176 143 0 139 13 17 23 138 199 16 255 0 184 1 196 0 45
    255 255 210 243 0 255 255 13 255 164 79 227 174 24 0 0 255 255 111
    177 105 167 47 255 255 255 254 255 0 34 23 0 113 211 227 0 0 255 93
    232 246 121 255 32 0 57 29 109 255 237 0 0 255 180 221 3 14 189 130
    0 192 33 21 255 112 147 171 0 254 0 53 255 255 188 0 196 205 161 255
    0 145 192 7 42 255 255 208 0 14 70 195 188 0 0 21 78 255 157 37 255
    56 0 119 225 107 88 95 0 255 184 244 60 95 37 255 255 136 222 0 0 25
    0 224 0 80 255 118 0 0 36 249 162 230 241 0 222 0 75 154 47 114 255
    47 0 183 131 0 247 69 233 146 179 186 142 1 17 64 0 129 79 0 50 0
    241 151 74 255 255 255 128 34 0 6 50 168 0 32 255 194 91 80 196 150
    229 175 255 117 28 194 255 255 17 155 2 0 178 255 200 131 40 98 242
    146 148 233 255 0 120 99 95 0 141 12 253 255 255 0 34 27 234 4 0 81
    255 119 36 30 134 192 152 255 179 179 73 174 195 240 236 0 163 197
    78 248 255 25 196 133 162 119 18 177 7 71 252 0 215 240 227 255 12
    255 222 0 255 255 115 70 255 0 0 16 213 0 255 255 0 251 0 255 107
    100 111 0 151 255 203 0 255 185 184 212 0 226 54 47 135 120 0 255
    247 0 255 33 255 37 164 226 10 0 52 217 255 0 239 0 161 185 255 135
    0 62 0 255 213 0 9 0 180 28 46 139 0 7 0 29 165 26 0 180 220 69 0
    127 0 0 254 4 161 98 0 0 131 68 255 74 0 186 6 100 0 57 167 177 31
    255 31 0 9 145 0 111 28 106 59 156 255 49 132 189 91 0 14 159 255 0
    26 67 255 0 63 22 0 87 42 255 128 121 47 255 255 0 140 0 0 255 221
    90 165 143 169 0 52 213 166 234 255 255 0 0 0 56 86 0 147 255 255
    241 173 39 0 133 137 90 0 0 255 193 231 0 109 255 42 150 0 111 77 0
    255 116 23 0 146 0 95 108 255 141 255 149 181 222 0 246 117 95 197 0
    12 25 127 228 91 255 45 210 158 189 250 0 255 247 17 5 120 248 73 0
    0 41 133 234 47 53 95 126 95 255 115 54 255 114 213 255 214 12 137 0
    0 153 224 0 215 49 17 253 255 104 255 157 255 137 62 231 89 255 75
    71 95 185 104 123 195 105 112 0 54 221 251 11 172 127 127 0 208 255
    33 0 244 22 178 255 0 119 2 255 255 194 194 240 132 145 0 26 0 0 123
    18 255 78 161 236 235 170 125 0 78 152 59 10 113 0 196 145 51 0 255
    189 190 68 255 237 231 116 255 25 23 218 25 255 156 50 203 255 127 0
    0 10 0 164 0 255 255 120 255 177 158 65 191 109 0 71 236 220 255 180
    237 193 255 201 255 101 255 168 56 0 106 182 230 117 229 255 125 118
    0 135 0 222 0 2 124 0 255 0 159 255 130 255 44 166 148 180 58 40 130
    146 255 63 114 164 176 255 55 47 28 255 0 139 0 250 0 200 159 28 0
    255 35 255 105 174 232 40 156 28 120 23 0 143 212 172 121 178 255
    255 221 52 255 164 255 207 60 106 255 146 0 96 0 0 196 130 58 153
    127 255 26 0 194 43 0 149 0 255 24 232 255 255 255 0 166 255 221 3
    204 0 255 197 52 19 164 255 115 255 255 255 0 86 248 8 0 21 82 40
    231 0 206 255 0 170 227 210 61 169 0 0 154 108 104 0 255 99 143 255
    255 0 255 0 255 29 0 208 255 51 0 103 255 144 0 0 0 185 156 59 100 0
    0 239 255 176 84 181 0 43 255 117 0 0 84 0 243 112 181 0 214 152 103
    254 255 241 196 0 255 135 185 93 255 147 127 0 233 78 137 255 17 225
    0 125 255 90 98 0 221 168 123 255 0 49 97 255 66 255 157 245 55 223
    250 255 218 34 59 0 165 251 124 0 172 0 82 0 0 164 0 255 102 255 72
    22 79 82 96 209 255 0 255 186 0 0 255 0 146 0 214 200 255 43 182 164
    70 0 0 255 35 0 0 175 149 73 50 87 131 0 194 195 0 0 255 255 56 128
    0 203 21 255 125 0 124 7 255 184 0 98 255 212 127 37 0 30 255 89 26
    0 255 236 5 35 148 70 255 138 234 255 186 226 0 131 255 203 52 0 255
    255 115 151 0 0 255 181 227 84 114 255 157 0 137 100 255 0 16 0 160
    255 133 108 255 177 255 0 58 138 0 150 202 0 255 0 21 255 255 43 0
    255 218 184 0 0 196 31 0 227 119 79 0 51 0 0 240 0 0 188 255 176 255
    205 34 255 0 254 37 243 98 244 66 106 143 255 0 255 122 255 152 239
    0 186 29 0 0 119 180 222 21 229 191 70 255 255 82 255 255 0 94 29 0
    212 243 196 255 25 222 77 137 206 230 125 255 255 0 44 105 28 12 66
    254 231 209 113 133 0 80 255 255 251 77 235 52 60 114 185 0 231 0 0
    255 58 47 0 46 21 87 54 255 38 255 17 255 214 206 3 255 0 149 255
    203 246 0 255 215 255 0 38 37 244 0 251 31 186 134 0 255 0 194 188
    63 16 0 23 62 0 0 3 143 59 255 24 0 255 115 21 85 146 255 58 103 92
    231 130 255 252 1 189 7 159 0 250 8 255 255 235 208 0 144 30 34 0
    110 178 25 255 130 0 255 108 135 167 255 24 0 69 255 125 148 255 236
    255 137 0 177 0 176 172 50 255 189 255 245 125 203 189 188 167 150 0
    0 255 117 147 17 235 255 0 0 149 0 0 251 154 3 187 0 238 209 238 0
    130 0 0 228 37 255 0 255 227 218 142 0 133 255 255 81 46 231 150 205
    255 97 203 255 130 251 213 255 174 62 42 0 0 203 255 148 0 29 255
    211 0 128 0 116 7 28 255 197 0 168 138 164 156 221 232 35 0 223 100
    199 236 175 146 132 231 249 211 255 47 175 255 255 77 0 0 0 131 228
    129 0 162 63 255 0 211 252 92 20 130 0 255 101 234 132 57 121 248 45
    12 113 243 255 183 255 255 117 138 255 185 255 135 255 62 189 0 203
    247 223 255 242 0 255 161 160 0 78 0 255 207 235 19 255 0 201 172
    179 239 178 57 193 196 16 220 50 0 255 58 37 241 163 255 255 205 184
    44 0 255 164 166 255 78 255 123 123 25 26 0 152 0 0 207 255 97 55
    165 255 106 6 255 190 143 141 33 144 17 0 10 96 0 255 255 17 14 255
    255 41 227 114 146 0 255 218 163 114 183 0 255 173 28 0 2 132 145
    255 255 104 0 195 0 0 255 255 153 255 67 255 245 147 30 200 0 210
    201 0 13 73 255 0 56 110 79 255 255 255 12 0 227 255 145 224 112 255
    32 11 147 201 255 255 171 255 255 0 255 0 245 0 67 50 0 224 166 207
    214 0 96 38 241 218 0 224 255 255 255 50 255 189 13 168 94 99 0 0
    191 0 102 255 206 255 231 249 0 97 190 15 39 65 163 77 182 255 255
    255 247 90 255 0 0 252 137 32 83 0 255 0 145 255 26 184 141 201 255
    0 155 255 0 150 0 13 73 87 255 113 47 166 0 0 155 0 255 249 209 255
    9 136 0 0 0 62 255 255 149 0 194 255 255 119 230 5 215 255 217 230 0
    255 45 197 76 255 230 0 233 255 36 126 255 212 28 17 5 120 64 5 45
    255 98 190 166 131 0 218 255 0 255 255 131 248 222 244 128 15 165
    255 55 228 255 21 255 201 86 19 0 0 225 255 0 17 246 77 57 0 204 187
    14 181 189 128 0 18 14 0 255 0 255 37 31 184 252 255 218 255 0 255
    255 255 255 14 0 79 170 237 0 84 179 172 255 133 255 232 110 71 130
    0 132 157 209 255 193 143 0 0 249 52 178 245 37 190 136 0 206 234 57
    20 255 0 0 248 255 187 0 0 38 0 215 255 115 255 0 255 0 243 13 249
    255 2 0 0 255 0 233 144 33 193 50 255 185 224 7 3 127 230 0 255 255
    0 253 91 126 160 46 63 255 123 0 199 74 204 196 0 255 255 255 255
    255 0 255 255 255 31 255 161 0 234 255 0 0 237 0 231 97 87 0 0 37 36
    255 255 133 42 0 0 72 134 24 13 0 255 114 188 145 0 6 255 77 0 0 144
    255 255 142 255 167 255 0 41 58 0 176 217 132 195 13 84 24 173 68 19
    70 95 16 43 93 0 0 91 255 0 255 157 34 106 0 221 255 255 18 58 101
    114 124 0 96 0 203 244 113 233 93 198 235 255 190 0 255 199 99 243
    102 0 14 150 255 255 81 0 84 255 158 89 47 145 223 102 33 41 91 255
    0 255 119 198 249 83 0 10 54 93 158 7 28 33 106 234 0 79 74 132 87 0
    132 160 185 255 255 66 0 217 255 72 0 242 129 8 15 59 112 29 47 113
    0 255 198 0 69 0 222 0 224 82 255 74 177 139 114 255 213 85 102 146
    0 255 154 199 0 255 97 0 188 182 198 255 255 26 69 0 255 156 80 131
    188 131 105 255 45 118 247 0 89 86 201 53 255 233 0 255 138 0 216
    158 90 51 50 138 25 145 131 120 168 97 62 104 227 0 138 255 221 231
    116 255 158 245 190 161 255 0 255 198 255 112 122 215 218 255 109 0
    0 0 208 168 58 0 0 67 172 91 0 0 47 63 13 169 119 211 255 0 255 202
    0 64 100 175 255 32 195 103 63 195 255 57 231 0 135 11 112 22 199
    175 14 155 255 0 227 0 17 1 207 180 116 110 147 83 17 68 0 50 51 19
    172 76 112 0 28 255 0 134 255 255 0 129 240 95 167 0 177 28 123 8
    178 255 153 255 0 139 255 0 116 255 250 122 255 255 0 64 0 246 255
    254 50 255 0 255 126 0 201 128 44 255 244 196 0 0 0 0 0 102 0 255
    166 27 255 164 143 255 0 91 8 142 55 232 0 91 96 89 30 109 255 255
    246 184 103 255 112 255 74 26 184 255 20 200 143 25 249 0 255 83 80
    216 0 0 255 0 112 94 242 255 255 207 251 88 210 114 46 0 255 20 255
    53 255 187 188 207 210 255 255 178 85 255 5 28 3 151 255 191 234 33
    94 141 255 255 255 44 255 255 0 0 0 33 116 207 225 0 49 80 72 142
    226 78 16 0 76 131 197 136 177 91 134 200 86 141 255 0 226 255 255 0
    0 66 255 149 67 0 34 0 177 0 255 255 34 104 0 213 255 88 51 190 255
    104 101 170 156 241 186 237 70 79 161 199 72 229 255 85 0 0 71 0 245
    221 255 255 254 255 255 0 101 182 150 255 187 255 157 255 255 255
    255 191 255 50 255 255 66 84 255 68 211 255 38 83 255 60 255 255 207
    255 74 0 0 221 104 0 253 28 0 255 0 190 255 0 255 57 110 168 255 53
    127 58 130 38 0 37 0 124 195 236 168 255 255 160 0 83 5 192 151 0
    255 255 0 96 255 165 0 91 224 26 0 0 255 255 255 225 183 0 73 252 0
    21 93 166 0 75 255 15 252 11 255 216 255 246 119 255 17 9 40 225 150
    255 193 167 0 242 204 0 144 0 255 178 0 68 30 220 8 175 219 15 255 0
    245 0 44 0 0 157 83 255 116 255 0 136 146 0 93 255 102 255 255 115
    172 30 70 239 0 255 255 243 114 144 188 197 234 249 108 240 153 63
    208 46 255 0 255 0 255 181 255 163 0 255 252 119 48 153 185 104 0
    255 38 72 0 45 194 169 152 255 56 62 83 0 13 255 0 42 0 164 209 78 0
    255 73 185 255 237 255 52 255 255 170 130 182 64 255 255 177 114 226
    152 119 181 162 83 140 75 53 255 40 255 19 119 240 12 107 255 255 0
    255 201 94 116 255 255 61 161 131 143 163 0 210 68 65 255 53 255 139
    0 255 0 0 0 71 4 255 255 0 0 147 127 202 144 69 122 0 255 219 68 0
    167 255 137 255 253 237 198 124 159 27 187 102 0 119 21 162 49 104
    255 65 233 219 223 116 225 230 255 255 190 211 0 245 78 214 118 180
    255 0 65 248 29 255 245 178 255 0 248 155 0 13 52 55 45 217 20 255
    152 255 115 35 255 91 255 255 255 255 0 200 194 255 247 1 0 0 186 45
    227 169 130 12 255 201 56 255 242 255 18 0 88 136 186 119 195 87 169
    215 255 84 117 255 22 195 0 190 0 217 1 255 68 96 234 24 86 255 0 0
    71 197 198 255 7 255 119 53 255 255 255 255 247 229 207 0 0 118 77 0
    234 146 0 0 255 96 0 244 255 0 255 0 94 249 97 40 255 197 9 26 255
    49 110 0 201 255 34 0 1 87 194 159 157 65 0 117 68 9 158 0 44 200 59
    255 0 184 202 255 255 238 0 255 239 79 172 0 63 62 0 0 87 80 85 199
    30 225 255 255 250 216 0 255 255 103 0 64 122 112 99 29 0 142 28 26
    0 33 0 113 179 0 176 255 255 145 255 217 179 66 0 0 209 58 255 0 213
    79 0 58 175 192 0 96 4 250 0 146 0 255 209 51 204 246 213 255 255
    255 255 0 255 241 255 186 0 208 105 132 28 73 255 223 79 185 255 11
    91 79 255 152 255 195 0 0 0 12 220 53 27 96 255 120 173 31 130 89
    216 48 219 255 145 40 255 228 0 122 0 123 0 152 184 172 198 45 0 248
    255 255 50 143 255 212 162 4 217 255 168 0 153 108 0 9 127 255 217
    255 0 182 251 233 0 76 191 255 0 0 255 250 228 0 98 255 0 23 168 223
    0 255 218 190 77 253 3 117 4 18 52 127 199 0 66 249 87 255 255 0 154
    109 46 233 40 69 133 0 255 154 184 255 0 199 212 0 255 64 70 2 0 69
    39 0 120 255 173 96 202 211 137 114 0 34 255 208 134 0 196 145 255
    170 152 255 255 255 0 255 17 255 177 32 69 242 0 119 49 0 247 34 125
    255 204 255 50 161 13 243 39 58 34 255 0 174 0 0 142 211 0 99 100 0
    0 0 255 63 125 255 12 255 227 35 255 110 47 100 226 255 150 158 231
    0 18 43 255 68 224 70 0 88 102 216 110 0 0 255 92 149 139 229 88 255
    255 255 91 255 61 244 255 0 120 255 255 0 82 59 121 114 173 97 157 0
    250 6 126 255 0 27 139 24 0 38 255 1 255 221 117 255 140 255 0 0 13
    255 178 0 55 37 0 0 136 6 222 0 31 138 244 189 101 0 0 0 0 178 61
    196 0 237 255 158 255 87 0 255 0 0 255 19 0 174 52 94 17 0 232 8 17
    255 138 255 220 94 80 0 184 178 169 0 147 174 120 255 0 255 196 61
    149 204 161 211 101 205 59 93 241 159 211 28 21 109 96 0 0 65 255
    126 190 255 0 153 255 68 43 184 0 132 140 194 240 34 0 216 0 255 202
    192 73 0 194 255 133 48 0 50 151 176 34 201 8 32 255 0 85 33 245 255
    0 0 90 0 255 141 247 27 247 255 34 0 177 0 58 255 68 235 0 0 22 255
    153 193 0 151 197 92 64 23 156 81 255 130 149 175 43 110 0 159 255
    193 35 255 0 69 49 112 164 0 189 255 48 255 92 255 55 65 103 109 192
    0 255 10 36 0 42 0 0 255 54 245 100 131 119 0 200 0 29 240 225 1 0
    255 0 104 255 218 31 247 42 255 223 255 107 108 41 228 219 71 255 48
    172 255 225 108 130 0 206 142 0 80 55 250 248 0 58 179 255 0 255 175
    255 139 44 0 30 138 192 255 147 34 124 28 224 31 22 14 5 0 255 0 103
    62 199 2 240 64 81 192 255 186 255 40 20 0 225 2 196 8 255 56 0 3
    247 242 8 22 230 44 117 0 0 255 37 0 109 220 125 98 16 51 93 186 255
    97 255 255 0 124 242 203 87 237 255 144 0 112 255 255 245 38 222 76
    255 0 4 255 0 216 112 62 18 187 255 255 90 75 132 218 143 157 150
    204 0 242 0 89 255 203 185 47 193 139 255 170 39 88 233 181 41 221 5
    78 206 56 0 84 255 53 90 23 0 229 6 142 80 255 161 0 98 0 0 93 50
    255 255 0 212 222 122 193 109 69 199 206 0 0 0 44 196 0 12 199 99
    141 242 181 255 208 25 255 0 32 207 150 255 255 185 229 160 214 70
    203 78 233 61 109 114 121 231 0 215 198 187 72 255 65 195 0 97 255
    124 129 157 118 0 0 76 90 21 162 124 255 255 240 96 51 0 136 118 136
    232 255 0 81 160 0 152 189 202 255 92 222 199 69 203 140 255 0 177
    255 255 68 193 217 48 0 255 65 0 255 88 111 0 255 188 52 156 0 204 0
    150 251 253 234 49 52 0 0 61 99 234 61 212 175 115 92 255 255 124
    255 83 233 204 0 236 177 251 0 0 89 255 95 0 228 243 0 0 181 0 255 0
    255 210 27 238 250 82 0 164 234 114 0 255 26 220 171 79 255 174 237
    214 0 255 37 53 114 235 70 231 28 109 0 111 13 133 59 192 255 128
    255 104 49 128 0 237 255 255 81 52 0 141 255 255 87 30 68 255 255
    216 14 0 255 94 199 197 104 0 0 255 102 100 173 0 247 114 255 255
    150 164 86 149 0 46 121 159 255 12 104 255 255 175 0 243 128 82 255
    55 19 255 129 137 0 90 61 0 73 0 140 69 72 0 45 51 38 0 8 255 182
    255 0 255 162 94 97 108 255 174 255 192 0 66 255 238 52 0 0 196 80 0
    220 142 46 199 18 156 0 255 247 194 241 11 126 255 115 35 255 0 255
    120 0 134 138 73 137 42 196 255 210 118 51 164 255 0 84 174 31 221 0
    199 0 0 61 88 223 198 197 173 73 255 172 152 255 237 0 205 73 226
    220 71 38 138 255 205 173 20 0 39 224 0 0 248 60 199 23 255 140 80
    255 255 0 135 59 0 255 255 34 9 0 29 48 255 147 1 0 0 0 27 0 72 61
    184 69 249 255 255 239 255 249 255 233 255 166 137 123 0 159 84 237
    179 4 16 90 64 255 10 0 177 255 240 255 164 40 123 120 125 36 250
    255 0 255 123 92 255 255 69 58 13 136 255 96 69 240 171 0 166 196
    255 28 255 234 142 0 0 0 8 118 136 28 119 0 0 60 0 106 41 95 23 0 84
    129 255 227 255 146 108 0 0 0 201 230 243 255 0 0 157 255 0 255 24
    137 14 25 194 255 10 196 16 254 255 0 167 255 58 255 72 255 0 20 76
    206 164 255 201 0 0 0 138 23 52 0 43 0 255 105 0 255 255 33 0 251
    194 0 163 242 255 172 174 74 255 250 31 54 255 0 255 255 0 187 255 5
    69 172 23 255 0 0 67 96 255 39 0 159 102 255 22 87 236 144 218 129 0
    0 53 255 231 241 230 0 21 9 13 240 179 32 0 255 129 76 127 255 47
    207 0 0 25 0 34 51 147 255 255 0 226 255 255 107 110 56 6 0 218 177
    0 92 161 197 181 255 133 101 78 146 255 0 111 242 143 0 0 41 88 103
    181 0 255 0 201 151 172 255 0 149 0 122 252 0 199 255 223 92 189 255
    24 10 255 255 255 132 75 0 0 95 104 142 255 0 152 159 78 0 57 142 42
    128 86 0 0 220 169 188 255 21 98 165 128 255 101 0 255 122 134 24 0
    133 197 247 9 16 223 238 26 0 252 255 0 235 181 114 0 0 38 0 4 129
    28 140 30 222 255 124 244 255 255 221 0 135 255 205 174 0 71 0 47
    255 125 98 255 241 88 4 38 139 33 255 61 0 72 40 51 126 75 154 255
    23 0 255 0 190 24 193 144 0 69 255 228 187 201 172 150 255 228 152
    255 144 207 40 0 0 73 255 0 53 255 52 255 242 191 255 31 255 22 117
    255 250 106 0 0 217 199 37 0 8 231 107 255 182 29 255 102 255 48 192
    0 255 104 136 5 208 0 143 255 255 4 12 242 255 255 85 47 210 96 92
    212 0 0 255 255 79 255 255 124 82 87 255 0 0 36 42 183 0 237 101 214
    206 252 129 0 202 255 165 47 26 55 162 167 174 253 0 127 149 9 30
    255 67 178 113 60 25 0 18 255 142 255 240 255 42 148 0 175 0 23 0
    248 0 245 255 104 255 232 0 171 0 255 179 217 250 255 0 215 0 201 0
    255 255 167 219 0 42 255 56 51 0 101 230 0 65 255 26 0 52 0 189 255
    159 248 0 0 255 80 159 255 238 255 44 201 207 199 186 201 255 255
    238 255 64 0 176 0 27 255 191 0 157 0 0 223 82 0 0 255 140 255 255
    16 0 11 59 226 247 197 0 123 255 188 18 0 255 12 93 66 74 169 132
    177 25 193 197 57 13 36 0 127 255 155 105 44 0 122 64 198 251 86 7
    139 49 105 103 55 244 73 48 179 197 205 255 239 255 6 241 255 98 236
    38 255 14 0 131 102 0 3 60 255 84 13 255 0 229 226 15 79 111 255 236
    48 255 179 0 255 0 74 40 147 0 211 255 155 126 77 167 255 0 57 209 0
    255 13 215 198 0 134 228 244 41 0 0 86 63 0 2 138 255 0 219 255 210
    89 0 255 255 0 255 0 255 238 255 25 184 25 184 126 17 163 255 195
    253 255 214 80 193 155 58 255 51 0 0 228 203 34 235 254 82 149 225
    160 0 32 0 138 117 39 84 191 236 75 255 255 255 255 255 177 113 110
    141 255 119 255 81 0 64 0 255 0 114 43 145 255 116 0 241 255 249 207
    0 255 255 164 0 223 178 255 42 153 107 0 72 215 205 79 0 2 119 74
    255 137 0 224 255 132 81 42 255 255 93 0 0 209 0 152 68 160 144 51
    186 48 82 138 0 86 0 255 65 165 15 149 117 252 0 255 255 237 157 233
    0 0 222 250 94 48 148 153 0 0 19 0 151 229 255 92 0 172 0 0 255 0
    255 145 201 186 108 195 86 247 255 143 230 107 214 66 255 0 142 222
    5 60 140 176 14 254 189 0 221 214 255 179 255 140 224 23 255 190 0
    255 255 0 98 0 219 128 27 14 255 156 255 130 155 255 192 57 103 255
    142 164 0 0 134 106 8 77 255 74 208 59 255 170 130 0 48 0 0 50 6 255
    222 57 0 255 140 64 0 0 153 0 0 255 127 0 221 43 186 255 168 0 255
    255 119 255 0 108 125 184 0 10 104 0 226 208 255 255 223 0 0 135 255
    108 50 61 0 255 28 222 110 20 0 29 237 255 0 255 255 255 123 255 247
    104 114 160 255 121 225 255 1 210 172 188 255 78 255 0 255 61 182 12
    0 255 207 0 152 0 202 255 132 0 2 0 255 255 165 140 54 255 0 255 39
    149 162 4 144 255 179 0 42 255 0 255 90 0 212 0 198 97 84 50 51 108
    157 184 15 55 229 0 0 186 239 106 56 0 157 205 222 255 174 0 255 255
    0 255 129 255 0 129 0 0 255 110 229 237 179 66 81 145 153 78 255 208
    205 0 187 132 0 148 255 0 139 35 0 88 0 13 134 0 132 86 157 255 114
    83 255 117 109 255 255 61 255 189 24 255 255 107 255 140 0 72 253 16
    255 137 79 32 0 139 26 98 239 255 255 255 99 29 67 36 153 79 255 238
    255 0 60 82 0 204 115 139 144 0 156 0 62 103 255 121 205 255 254 214
    0 88 255 29 66 129 255 172 196 129 255 122 165 197 216 255 255 90 0
    226 255 241 255 219 158 255 203 255 255 207 125 66 91 155 152 66 62
    0 5 255 104 198 13 166 204 18 255 0 53 0 212 123 0 255 0 255 0 255
    111 226 115 255 0 14 48 145 147 230 178 255 255 96 255 23 0 237 0 0
    159 255 0 112 255 27 255 0 248 0 0 192 0 240 0 4 178 0 189 54 50 255
    134 1 216 210 152 255 57 118 31 67 205 0 223 211 0 255 0 235 104 182
    255 54 80 255 35 0 255 146 61 208 86 255 0 136 157 198 255 0 222 255
    236 190 242 77 0 207 0 103 66 80 36 19 175 230 105 255 4 12 211 0
    110 125 102 132 249 3 19 255 255 129 197 93 92 22 11 0 255 116 214
    255 0 255 0 0 90 179 255 0 255 255 0 0 255 178 255 184 255 76 0 255
    253 106 109 66 147 166 0 59 0 255 237 225 255 190 111 11 255 255 0
    35 0 255 123 210 255 58 255 222 255 210 255 255 255 112 0 89 255 13
    77 4 12 0 0 156 172 0 25 72 246 235 144 255 0 15 32 0 0 31 148 0 96
    192 233 255 255 241 121 2 203 255 0 30 141 182 106 0 0 133 246 22
    246 0 0 103 58 88 85 97 189 109 161 121 0 124 255 84 255 251 64 135
    54 0 62 54 191 187 0 68 0 81 255 0 212 0 0 255 0 114 255 209 135 217
    0 154 81 0 178 245 80 50 157 130 120 0 58 99 255 0 111 0 0 169 0 244
    0 214 197 117 0 0 32 255 12 41 255 255 45 255 13 253 163 0 143 255
    233 255 28 0 168 160 13 0 22 253 80 162 251 221 114 243 135 0 255 93
    255 0 27 86 255 53 79 134 113 101 255 158 255 232 0 240 64 65 111 42
    255 178 196 156 255 43 255 12 44 255 255 0 223 255 133 240 17 203
    255 0 93 255 255 148 43 21 26 255 0 255 0 25 217 83 255 255 19 194
    255 255 236 5 0 38 255 255 130 255 198 73 201 0 255 144 244 228 104
    255 1 48 187 109 0 0 166 152 255 158 197 164 0 99 203 100 95 218 255
    147 161 233 49 0 63 36 159 151 0 0 0 136 215 118 241 0 198 0 239 174
    212 41 8 17 230 158 112 215 38 0 103 0 42 166 252 105 255 188 0 148
    0 175 123 144 255 255 255 30 93 161 255 0 255 1 239 168 253 53 74
    255 255 30 78 255 248 0 211 19 109 167 239 150 163 8 218 14 230 0
    255 75 185 184 255 0 255 0 0 255 255 105 225 165 226 0 0 0 172 20 46
    71 255 49 53 255 5 59 7 255 33 47 0 255 0 177 108 255 131 0 6 112
    127 23 53 36 255 39 100 255 0 92 205 0 59 0 26 0 189 228 169 98 0
    255 253 0 255 164 48 1 255 203 0 120 0 58 217 214 255 161 255 0 115
    243 255 118 255 252 234 191 176 255 0 3 250 124 221 212 9 156 0 134
    100 255 236 197 76 255 0 0 0 0 255 25 71 255 225 9 212 77 0 0 69 0
    170 255 0 112 209 0 0 160 166 226 255 165 79 255 0 46 198 169 179
    179 57 105 255 255 255 255 156 255 255 158 255 0 61 27 255 119 152
    85 18 195 0 255 255 191 255 147 30 0 5 44 222 44 0 137 40 32 0 238 0
    0 0 0 255 61 158 0 78 0 0 210 0 255 234 101 159 205 255 255 64 193
    40 255 0 240 1 53 0 246 0 7 179 213 139 201 255 13 255 6 0 130 200
    238 0 189 0 226 160 0 0 255 4 0 71 216 0 0 228 124 62 228 0 191 192
    0 31 230 233 180 201 83 58 141 53 63 0 255 86 0 183 0 255 23 100 51
    244 223 80 255 108 0 72 255 255 255 190 160 88 171 255 114 8 134 89
    45 31 0 255 0 83 142 7 113 185 255 235 124 26 0 253 255 165 224 255
    255 165 217 99 255 33 108 0 116 246 40 255 255 255 0 6 236 119 255
    102 255 0 111 255 105 255 89 154 255 250 0 193 224 144 0 56 238 0
    205 47 180 14 0 237 209 84 0 25 107 2 255 68 0 186 157 179 18 116
    102 255 0 255 255 0 112 0 138 0 255 255 22 120 0 207 255 39 0 0 244
    0 0 17 88 66 0 171 0 0 12 154 187 247 250 28 237 255 41 159 247 34
    63 0 245 249 89 143 0 202 0 148 244 0 48 229 255 0 153 87 0 16 109 0
    28 250 230 75 107 197 220 0 195 63 250 255 40 0 56 167 54 197 255 0
    38 0 255 21 255 255 103 60 243 82 160 255 255 179 86 255 110 233 189
    221 104 234 255 255 255 84 66 255 255 76 33 114 129 6 209 0 255 116
    0 221 154 0 160 40 106 255 57 0 251 232 87 0 75 119 146 115 32 8 232
    13 255 53 213 41 255 162 0 76 255 175 255 255 96 223 28 255 141 30 0
    250 245 196 63 0 121 198 46 84 217 0 91 255 0 33 227 135 208 142 167
    0 239 52 255 0 161 255 109 255 174 255 237 113 224 169 41 255 199 0
    224 18 211 55 255 255 255 0 255 252 0 179 0 230 255 13 243 255 0 87
    0 236 156 216 131 126 245 0 119 255 231 0 0 147 41 255 111 32 0 208
    59 255 71 226 255 255 33 250 255 255 0 255 0 255 194 0 0 255 72 60
    255 70 198 191 112 128 0 255 0 92 185 8 0 137 54 0 10 188 64 44 0
    255 0 255 184 133 106 110 255 40 10 101 66 182 78 198 56 255 181 143
    77 205 115 91 141 216 0 254 255 0 234 0 77 255 76 146 225 76 102 0
    192 255 37 225 0 175 38 0 0 0 123 255 215 212 71 92 219 0 200 137
    185 255 244 255 249 50 166 0 0 21 0 118 140 42 0 165 168 61 103 171
    78 7 255 139 230 255 227 108 133 207 197 255 24 39 201 224 3 0 117
    88 146 37 111 255 255 206 143 221 157 141 255 0 235 49 2 108 0 255
    146 255 0 162 255 161 178 234 82 5 0 40 146 14 255 150 39 255 0 17
    23 87 255 109 218 241 255 255 132 89 49 255 212 105 0 89 0 153 110
    17 139 255 255 249 9 107 51 100 40 255 255 0 106 235 87 85 151 173
    190 235 52 30 255 62 49 255 0 112 34 59 221 202 126 136 57 4 237 58
    0 139 0 227 10 255 184 0 76 3 0 5 225 255 88 45 124 90 0 96 164 233
    255 233 0 0 112 0 255 255 137 0 0 179 153 42 104 141 103 42 0 18 31
    48 255 115 201 0 0 61 93 65 62 8 255 228 0 241 0 179 6 195 250 255
    199 255 0 0 0 2 253 142 121 207 255 126 70 61 0 22 0 82 0 230 161
    218 235 255 209 157 44 89 151 52 9 81 4 255 255 255 0 69 122 0 0 215
    94 0 68 238 109 44 162 255 17 135 183 150 0 90 122 93 255 0 221 98
    204 0 23 15 229 0 0 86 21 138 137 255 0 245 166 177 57 226 104 237
    255 104 255 137 254 0 214 160 223 0 255 55 50 255 135 212 195 186
    188 42 7 235 164 255 0 102 85 3 106 92 31 0 0 0 219 0 255 234 127 46
    149 67 110 87 0 228 155 74 0 7 0 10 0 73 171 0 98 66 255 0 3 149 11
    143 255 255 229 90 255 0 134 91 53 2 255 140 199 7 166 37 255 84 255
    228 226 0 156 0 197 47 255 9 181 166 255 173 189 226 0 0 116 251 213
    179 142 255 0 230 185 203 23 255 151 60 0 255 0 231 0 37 95 0 185 0
    14 85 0 57 23 218 181 97 225 17 135 255 25 0 151 25 133 167 127 1
    255 42 4 255 0 111 151 242 77 0 255 187 87 90 0 116 91 0 255 135 255
    255 46 255 31 0 0 255 71 255 0 89 255 154 0 106 255 252 38 120 179
    255 197 59 235 0 255 216 0 213 228 240 107 86 27 212 0 255 255 255
    172 84 183 160 53 0 1 0 0 255 255 222 255 0 255 218 62 255 0 228 148
    29 0 150 255 181 114 216 255 85 255 0 0 141 174 255 0 216 0 187 39
    155 222 0 0 255 130 83 176 231 1 75 255 77 217 38 29 125 0 65 231
    205 255 209 255 152 0 236 137 7 101 118 199 145 255 255 48 39 159
    205 115 255 150 166 140 255 60 28 0 0 255 0 96 111 11 66 199 255 149
    0 186 192 212 0 131 255 0 255 255 255 0 229 255 235 255 145 253 0
    255 157 255 255 255 54 0 255 138 101 25 107 0 68 28 115 77 29 0 190
    82 0 5 255 105 146 38 247 52 0 44 72 155 205 0 255 135 215 173 184
    255 71 47 221 222 255 89 255 160 111 65 96 126 177 98 255 255 50 99
    150 134 62 136 146 91 22 98 165 255 255 210 225 0 98 145 255 175 221
    11 0 68 23 0 156 0 64 255 172 31 69 0 204 0 53 0 0 82 247 0 69 255
    122 151 212 161 255 58 255 255 0 27 171 71 55 0 104 255 0 0 255 39 0
    154 218 103 71 238 255 196 70 255 255 255 0 2 255 154 255 255 91 200
    196 255 204 0 59 20 237 13 51 42 14 228 236 132 255 216 131 56 10 80
    230 191 232 51 18 255 119 255 33 255 180 183 138 0 132 101 255 10
    225 0 231 88 181 255 255 109 211 255 155 23 64 230 100 232 150 0 60
    206 232 0 68 129 188 0 28 236 200 129 239 63 141 146 61 255 255 51
    71 231 182 144 53 239 48 0 0 255 85 131 255 1 203 0 63 65 0 255 232
    0 196 217 15 255 174 44 157 220 0 179 196 0 206 255 0 195 223 0 0 0
    0 255 165 80 255 0 255 85 0 244 188 121 255 98 167 61 191 255 255 0
    31 112 0 0 0 89 14 116 0 8 27 0 0 185 143 25 0 0 173 255 211 255 48
    8 210 61 0 118 104 97 255 206 93 0 255 222 69 242 29 0 0 111 0 0 53
    220 53 255 255 131 0 21 0 0 167 237 220 0 109 202 0 0 217 255 0 91
    255 137 0 229 138 59 0 37 0 80 0 0 182 51 223 101 124 197 255 38 0
    128 234 255 8 0 255 255 66 158 149 0 3 255 12 9 6 110 255 17 255 25
    254 44 212 241 233 49 240 255 13 187 241 150 255 103 255 140 8 255
    104 156 233 144 228 212 255 0 45 0 121 97 52 227 101 100 96 24 147
    176 46 0 243 0 147 0 0 71 64 240 225 189 249 0 0 255 0 255 12 51 147
    255 0 3 239 255 31 238 255 226 0 255 169 95 255 254 125 255 255 82
    129 118 222 0 255 25 226 255 64 255 0 255 159 255 250 232 3 82 255 0
    157 124 46 141 255 115 242 248 50 177 0 0 214 0 69 255 0 10 255 0
    148 73 2 0 141 0 159 254 18 143 178 129 255 21 109 171 239 255 255
    241 255 247 255 173 29 61 235 53 237 0 59 156 200 64 255 240 146 255
    255 0 0 31 255 235 255 110 104 41 0 182 0 165 255 255 77 37 189 0
    181 139 0 164 105 0 18 251 23 211 42 190 199 168 59 20 0 255 79 3
    218 52 209 214 91 0 255 127 153 113 185 169 8 255 153 140 255 208
    157 176 255 52 71 236 166 230 255 226 0 0 57 3 252 142 211 118 135
    108 136 0 192 246 255 255 0 165 0 82 199 255 38 199 0 96 255 159 132
    255 255 118 216 255 41 124 172 26 0 0 90 23 68 25 216 234 0 255 255
    32 255 255 0 255 248 0 255 204 20 83 51 45 131 255 255 122 23 110
    176 249 212 254 107 255 255 94 255 79 69 41 122 87 255 0 118 130 15
    255 133 165 180 240 0 0 0 27 255 0 255 230 0 255 243 255 187 87 179
    170 167 255 0 0 43 0 151 238 142 7 69 182 214 170 221 116 255 181
    193 115 186 251 149 131 177 41 255 99 248 196 0 162 61 158 0 142 165
    245 0 106 0 124 255 255 48 27 191 2 189 255 191 203 84 255 0 162 229
    151 126 0 61 141 255 132 140 255 105 227 0 62 255 0 201 255 248 0 68
    231 102 0 145 0 0 255 0 255 102 122 199 12 114 47 255 188 86 0 32
    255 0 79 255 165 225 255 230 50 0 55 6 152 188 224 179 8 252 104 235
    242 0 125 210 110 254 245 255 22 0 224 222 236 153 46 255 0 0 45 255
    255 173 245 150 221 123 167 0 148 217 203 255 111 87 243 108 89 117
    54 96 185 238 196 3 59 0 231 89 0 255 0 234 255 20 42 214 255 255 41
    255 255 0 248 20 211 0 180 115 138 171 84 2 255 246 255 255 255 252
    155 227 255 92 0 255 15 127 0 255 0 216 101 197 151 0 178 59 0 101
    153 0 170 255 110 0 131 0 38 97 0 130 84 74 91 60 105 10 255 153 0
    255 66 197 255 242 131 198 139 162 26 73 0 33 0 0 11 0 255 140 255
    240 0 58 90 255 255 152 255 255 133 52 255 210 18 142 237 68 171 76
    0 255 235 136 22 15 199 59 177 203 232 0 37 207 255 136 255 211 38
    255 229 20 210 72 165 66 255 116 0 183 255 0 14 49 255 248 100 110 0
    203 255 51 61 187 25 255 202 230 50 48 255 158 68 156 0 186 0 33 198
    221 0 152 255 109 90 198 255 255 15 255 0 181 0 188 0 253 255 0 255
    3 76 228 255 94 13 16 0 255 0 107 0 255 19 0 35 39 0 255 141 101 0
    41 58 0 198 12 1 108 255 255 255 13 107 46 37 33 255 131 248 255 255
    140 216 126 255 71 178 167 37 220 135 160 10 255 255 110 0 188 188 0
    127 255 230 0 255 255 146 231 139 255 0 75 240 24 248 209 0 168 253
    33 173 18 255 0 160 255 80 255 206 235 161 251 179 132 0 255 0 209
    199 170 0 49 168 255 0 152 71 255 8 21 255 255 176 19 171 164 0 113
    206 155 157 6 189 190 7 0 220 46 152 0 204 0 101 100 0 0 251 0 255
    255 0 0 255 140 176 0 0 255 230 0 0 251 18 0 35 255 164 0 0 255 83
    239 124 0 0 0 47 184 148 0 234 255 0 0 40 157 0 109 71 255 0 205 255
    210 37 48 225 88 255 98 255 21 0 227 0 0 196 177 144 163 68 29 95
    131 178 0 255 217 137 152 96 224 56 164 199 255 0 255 7 190 0 255
    193 255 44 0 14 17 255 0 110 104 90 254 254 231 200 195 0 0 47 90
    255 164 240 255 83 155 176 255 0 80 255 51 173 0 78 37 30 127 94 47
    228 170 255 16 100 116 83 233 57 218 248 255 0 0 49 245 60 5 76 191
    0 255 112 255 255 158 255 16 79 133 131 255 217 0 218 0 253 0 255
    144 179 255 232 253 0 0 250 87 0 127 111 186 0 70 221 204 255 121
    148 48 5 103 142 0 166 0 23 0 20 240 249 255 255 0 91 255 255 205 92
    255 176 0 0 240 0 57 255 236 255 255 0 0 133 0 227 153 255 0 245 255
    109 17 60 255 104 44 255 46 255 0 73 242 0 88 92 0 0 0 40 0 186 255
    201 77 255 190 51 192 255 7 255 255 218 124 255 116 0 0 201 0 0 255
    249 139 226 0 48 255 157 163 82 0 255 87 0 234 255 26 24 29 199 241
    156 82 70 255 197 209 0 0 59 116 255 0 253 87 83 255 135 112 0 47 9
    47 92 0 143 255 255 0 139 249 197 255 101 255 255 182 0 108 0 53 43
    179 255 48 71 0 70 181 0 150 0 16 39 255 255 87 255 191 0 0 255 0
    133 255 80 113 167 183 86 14 145 4 166 8 121 45 235 250 206 193 130
    232 255 21 65 91 0 0 0 54 0 23 55 64 255 0 255 61 0 255 246 84 255
    255 229 242 3 0 50 123 200 132 36 222 255 180 225 255 255 255 255
    207 252 114 0 163 24 0 255 231 231 255 251 255 92 198 115 148 50 0
    145 50 0 0 191 161 121 149 222 36 255 255 255 148 255 255 255 177
    126 243 35 155 0 255 255 233 203 118 0 0 0 0 0 0 0 68 76 255 156 48
    204 141 55 29 67 0 250 0 0 72 0 223 58 0 107 160 0 197 0 49 255 185
    0 19 255 0 238 63 143 255 255 255 0 15 211 31 38 162 255 255 88 223
    92 0 0 47 0 8 90 95 192 62 187 255 154 244 194 124 11 22 192 62 29
    176 73 0 200 255 0 106 119 64 35 3 0 90 117 16 255 255 0 150 213 0 0
    0 232 169 168 125 173 237 188 27 132 140 0 17 231 255 139 147 100
    174 239 0 255 17 255 227 195 236 0 110 255 52 193 119 34 0 141 255 7
    237 240 75 8 254 48 252 219 250 7 79 180 0 172 108 0 111 183 77 203
    1 230 116 220 112 227 176 39 255 255 0 255 0 127 14 0 0 255 204 63 0
    249 0 255 255 210 0 29 255 255 234 0 21 159 13 255 255 255 0 89 24 0
    0 125 0 117 87 226 255 195 0 49 103 255 42 0 74 234 26 65 25 75 117
    0 104 6 99 255 255 71 49 139 155 208 255 37 181 0 69 31 0 255 123 0
    214 253 255 0 42 70 221 0 232 1 89 188 65 188 192 178 142 106 155 67
    249 255 255 105 255 26 47 37 255 0 244 142 255 183 162 85 32 62 143
    88 255 0 93 0 193 45 0 255 201 127 255 255 193 18 24 158 172 249 138
    0 111 131 0 255 71 204 54 255 120 213 31 203 213 0 216 255 49 178
    219 0 178 103 86 255 255 228 234 41 255 20 83 58 255 255 255 246 73
    255 97 205 0 0 0 0 117 58 235 112 0 179 199 146 255 75 57 253 0 11
    233 0 20 255 0 75 131 0 255 255 128 60 139 0 0 255 0 255 204 255 175
    68 158 255 0 69 255 79 132 58 187 45 255 255 23 255 13 43 251 0 244
    0 255 0 246 243 255 5 132 153 93 0 119 255 0 255 215 246 180 125 245
    142 0 0 102 217 0 0 0 133 173 56 255 197 0 163 0 2 145 255 0 255 255
    145 228 214 131 92 0 180 0 128 4 255 125 114 255 0 212 66 255 239 73
    121 0 70 255 0 187 28 0 255 117 207 57 131 173 255 252 108 85 101 6
    183 145 226 0 32 26 75 227 0 103 22 255 255 142 255 68 85 209 255
    207 84 0 15 31 0 156 124 0 94 255 82 255 255 164 178 242 90 79 0 215
    0 255 190 0 255 142 0 255 157 255 31 0 229 255 132 213 255 141 179 0
    255 153 158 48 0 196 240 255 255 0 0 215 82 101 0 0 255 58 0 255 0
    255 76 139 222 135 0 0 217 212 111 200 255 0 250 172 95 133 28 0 120
    255 255 255 0 255 0 0 134 142 85 255 91 71 0 195 119 34 196 0 255
    206 58 222 0 22 13 54 215 160 20 255 128 107 0 183 255 0 63 0 89 78
    206 93 255 134 5 0 125 50 206 141 9 255 255 159 28 52 255 0 0 4 142
    101 121 255 155 255 86 63 217 81 255 255 113 64 208 0 0 0 209 180
    205 96 255 125 255 0 164 153 88 85 84 145 215 109 140 145 83 51 127
    238 255 60 179 217 0 255 91 0 127 255 28 236 183 168 199 236 134 0
    219 31 22 173 255 144 157 0 160 172 139 209 116 150 234 97 255 245
    255 42 216 246 25 0 117 255 11 255 0 0 48 255 0 36 255 212 255 0 183
    117 136 0 194 255 66 12 106 0 97 0 255 79 0 112 0 80 204 28 255 26
    104 45 10 209 255 211 255 215 0 0 94 107 0 245 90 176 27 255 0 87
    196 255 0 0 255 0 130 244 163 255 0 154 116 215 255 174 0 173 6 147
    248 222 236 120 156 255 186 225 141 14 0 255 255 0 170 240 0 233 0
    64 92 255 209 123 33 80 32 132 0 89 12 255 212 101 98 215 225 209 82
    208 255 30 65 1 0 164 0 93 164 134 0 33 50 119 255 194 158 255 245
    159 47 0 255 0 35 196 123 255 125 255 62 0 101 255 2 149 20 191 201
    20 255 199 86 212 0 1 0 146 196 223 0 255 109 123 0 18 162 0 199 0 0
    226 52 205 21 255 16 97 219 236 0 194 36 39 255 0 0 255 0 111 61 37
    82 0 166 0 113 0 0 79 255 117 189 247 226 148 182 0 102 0 255 90 205
    219 255 255 255 117 255 42 181 255 87 235 141 255 42 226 0 255 242
    115 79 144 255 243 0 128 255 255 30 236 206 206 55 255 142 57 91 0
    206 0 255 200 197 255 0 255 183 102 71 124 2 85 255 142 0 0 53 197
    255 12 255 0 169 255 255 76 20 119 48 124 255 63 255 194 172 24 0
    105 255 233 255 34 50 255 255 20 15 151 141 209 198 96 105 131 110
    147 0 20 247 108 255 255 0 97 255 255 125 255 114 138 103 199 78 255
    0 0 133 158 79 110 169 255 0 130 186 0 67 156 147 255 197 255 183
    250 205 0 53 25 0 182 191 37 227 52 0 255 206 172 255 239 245 66 154
    0 163 255 201 183 255 37 255 248 132 3 107 0 152 119 95 91 141 255
    70 72 255 72 179 190 0 148 0 81 70 92 211 221 0 255 0 255 0 255 255
    125 44 0 113 0 189 145 255 0 42 255 189 0 255 0 238 171 232 185 255
    235 185 0 255 255 121 3 0 255 96 141 67 255 165 143 233 135 255 207
    0 149 0 206 153 218 0 183 46 0 255 255 92 0 255 0 119 177 255 255 38
    205 0 0 27 0 64 62 249 255 54 80 183 78 255 16 79 255 0 90 0 185 141
    225 0 67 239 0 110 85 189 255 0 121 120 207 0 255 34 0 255 81 250 0
    233 208 168 255 255 58 148 76 207 255 218 255 255 0 0 0 0 0 255 222
    37 0 37 13 255 0 0 125 0 255 20 13 208 25 203 223 45 255 220 255 186
    2 190 233 223 164 255 0 255 131 207 255 0 255 22 166 135 187 255 0
    255 141 40 219 238 169 0 255 0 0 0 249 235 0 31 83 213 52 64 66 0
    255 255 28 0 255 255 173 37 255 144 30 6 150 112 0 232 0 43 97 144
    49 177 0 76 172 0 255 0 217 100 255 0 255 208 0 161 216 73 0 90 255
    106 255 255 255 26 255 0 66 236 60 117 235 65 107 255 0 255 58 92
    255 255 154 255 191 12 183 255 128 51 147 84 242 38 255 255 119 132
    203 247 0 9 255 57 0 177 156 0 147 232 142 92 149 219 255 189 54 255
    199 192 143 255 218 0 164 117 21 94 185 0 255 124 217 255 255 255 63
    0 187 0 72 0 81 199 7 89 19 225 112 158 57 0 0 1 170 255 12 102 0 77
    130 0 108 248 131 204 167 195 123 0 255 19 73 77 0 91 255 0 242 255
    255 255 209 255 0 250 255 53 1 70 251 197 94 0 32 181 179 0 219 115
    138 250 74 104 0 255 0 45 208 19 150 134 0 182 180 154 5 247 255 255
    238 238 70 255 0 94 71 0 133 248 164 228 209 26 15 131 0 46 0 0 186
    0 209 36 101 0 28 154 23 143 255 184 0 255 0 26 255 97 255 23 58 205
    200 0 0 236 141 201 204 220 255 0 255 201 0 91 0 206 0 246 87 255
    176 19 25 0 161 62 47 0 179 115 0 255 0 0 21 77 255 161 3 0 255 4 3
    0 78 0 0 255 139 21 105 125 146 37 0 75 0 41 134 188 0 102 40 221
    250 0 240 0 183 189 92 40 0 51 55 87 255 0 0 27 0 77 0 0 80 0 174 0
    224 33 137 0 176 255 56 75 93 26 0 255 0 147 0 226 0 0 61 0 16 178
    126 253 232 255 14 84 255 178 161 0 0 80 0 0 0 230 0 189 255 20 255
    118 0 134 241 244 0 0 250 255 22 255 96 255 85 31 246 255 150 56 25
    0 144 98 9 255 0 0 94 255 32 255 0 230 206 58 255 76 138 255 157 255
    0 37 11 48 19 0 149 64 108 255 198 117 221 120 204 190 255 255 0 187
    255 94 250 54 255 0 255 33 232 26 52 255 36 86 219 255 206 0 255 51
    108 205 223 5 255 139 255 115 0 255 255 224 193 255 255 255 255 137
    51 94 135 98 156 222 154 168 199 10 84 255 193 0 0 29 41 75 196 127
    249 172 2 255 255 255 179 167 0 0 68 52 99 0 170 53 255 82 140 0 187
    122 244 255 218 21 67 196 123 105 255 255 155 206 255 137 255 89 0
    111 158 10 0 0 0 146 8 0 196 147 0 255 0 21 255 70 0 176 0 255 31
    255 229 0 0 255 225 134 246 201 12 60 240 255 127 87 172 120 24 255
    11 133 21 61 28 187 167 171 79 158 171 0 255 103 68 167 0 42 67 33 0
    0 255 199 0 137 206 192 173 177 154 182 97 250 233 0 137 0 0 117 137
    0 239 0 42 251 255 0 255 0 201 23 0 21 161 88 243 255 255 80 227 6
    255 0 101 78 188 61 83 39 0 32 255 59 0 0 38 61 105 43 240 178 133
    232 194 255 16 241 85 30 114 0 223 132 218 22 246 0 10 135 253 209
    127 149 0 0 0 216 117 142 6 0 255 239 0 255 35 179 139 56 50 48 34
    233 0 24 148 130 74 255 50 255 56 230 0 51 162 70 255 255 122 0 0
    168 26 72 230 138 112 255 0 0 147 187 2 169 98 2 184 255 180 255 0
    166 14 0 191 0 0 0 203 80 112 105 0 215 198 0 122 255 255 182 255 62
    160 255 39 255 207 255 255 207 177 0 241 57 0 144 255 0 52 0 255 255
    86 18 42 63 15 136 152 15 255 255 0 255 18 159 255 124 208 164 116
    33 239 0 0 255 150 255 175 183 216 63 163 166 34 194 0 31 255 255 47
    255 14 194 41 0 209 255 117 0 230 93 0 222 147 62 0 226 26 223 255 0
    0 134 117 0 241 251 159 179 31 138 0 252 255 0 255 0 76 255 255 157
    175 67 44 149 130 0 159 255 11 16 255 190 168 0 0 37 0 18 201 0 255
    52 255 250 224 255 255 53 129 0 145 174 105 226 166 255 0 51 0 255
    58 0 255 255 207 122 255 134 0 33 255 0 0 171 0 0 74 255 47 255 222
    255 61 255 0 44 228 95 0 223 227 15 255 0 57 255 255 0 194 170 246
    122 144 255 231 149 146 245 121 255 0 192 207 152 149 61 44 68 188 0
    154 0 80 0 0 254 96 15 0 40 10 107 255 172 0 255 211 0 0 255 255 82
    158 207 69 126 229 102 67 119 0 246 175 63 255 21 184 235 0 223 113
    167 10 119 0 0 148 255 42 255 255 0 189 255 111 16 0 255 111 214 0
    218 75 135 255 0 92 243 3 114 137 247 255 184 37 255 63 253 255 188
    0 104 255 19 20 88 0 255 152 78 21 85 191 81 208 255 43 0 164 254
    255 27 38 221 202 141 162 0 119 0 0 255 75 76 9 0 0 0 136 170 93 64
    89 112 175 255 102 242 231 199 198 53 133 186 248 255 2 35 255 112 0
    93 236 0 255 255 75 235 82 71 162 255 228 145 217 57 255 48 41 224
    126 51 106 251 83 91 155 99 80 48 72 165 0 76 16 105 255 0 255 255
    120 0 166 0 164 255 176 188 222 113 255 0 255 226 52 76 255 211 133
    255 249 255 255 28 255 142 14 236 0 121 0 15 255 8 0 255 164 0 0 255
    93 134 179 68 254 18 0 93 255 0 75 0 0 255 124 0 0 28 255 0 55 255
    169 0 50 255 159 19 6 207 0 0 225 231 222 242 228 255 191 255 242
    167 0 0 21 255 15 175 189 146 178 44 68 9 53 4 2 0 129 250 54 0 255
    247 0 255 58 201 115 169 19 83 0 255 110 107 103 56 0 196 115 204
    233 255 255 218 245 131 39 36 0 163 216 23 255 0 0 166 238 0 0 42
    244 0 255 255 255 255 72 217 255 162 196 255 166 73 24 254 255 223
    255 204 76 85 119 255 142 200 171 118 22 104 255 88 176 255 124 255
    146 255 156 0 255 198 0 94 0 248 224 66 97 255 135 46 166 255 255 65
    144 80 0 129 70 0 128 29 255 0 0 102 91 164 85 215 186 7 232 112 46
    255 232 68 0 255 255 50 255 0 0 37 155 96 255 0 87 255 81 134 149
    255 100 255 255 0 105 214 136 0 229 127 52 209 13 252 254 0 143 255
    138 0 255 218 154 185 0 128 43 215 222 165 255 174 0 225 0 0 199 255
    231 0 231 173 255 0 147 203 239 186 255 245 95 28 226 239 0 255 255
    233 10 164 255 0 255 255 255 113 255 34 50 0 49 173 0 0 236 163 77
    15 93 0 151 8 0 0 0 249 77 0 255 50 255 199 255 124 90 255 151 87
    107 224 54 145 84 13 98 92 255 177 0 255 0 150 255 14 0 78 0 32 255
    49 255 117 249 255 240 95 255 0 255 237 0 0 207 224 255 59 255 19
    219 255 255 0 255 171 6 8 0 0 255 32 246 255 255 218 49 0 255 200 0
    103 96 9 0 199 12 15 186 162 255 0 79 0 189 48 0 255 255 252 48 255
    164 178 3 255 23 0 133 103 0 19 43 255 99 255 255 110 255 48 255 0 0
    46 244 240 115 255 244 226 0 0 141 205 252 0 194 134 255 0 92 168 0
    164 0 0 183 0 201 0 83 0 87 32 255 95 10 75 0 216 157 0 100 253 251
    45 234 179 64 0 255 0 55 76 177 0 153 255 85 177 114 150 111 131 124
    58 13 0 0 129 255 87 0 59 207 255 255 205 8 13 56 208 122 0 0 163 0
    167 0 29 255 255 102 109 255 32 79 120 244 255 75 255 255 141 4 48
    49 195 47 255 211 255 18 210 255 59 143 0 0 42 255 132 111 24 0 0 0
    51 237 144 186 215 255 255 71 32 0 61 146 227 255 166 255 7 249 116
    134 173 255 0 0 255 127 255 187 235 224 58 184 221 0 81 220 255 85 0
    20 0 60 255 0 247 229 117 255 255 255 135 122 3 6 43 224 85 137 255
    146 255 153 95 0 177 0 255 180 122 180 127 242 102 255 154 255 0 107
    255 0 136 174 161 0 26 255 65 247 0 255 255 0 255 0 255 148 38 69
    212 210 255 255 0 255 22 72 55 40 10 192 255 0 32 165 187 255 47 255
    255 255 2 255 108 134 222 206 76 255 226 234 56 214 255 255 65 255
    255 220 125 0 135 114 34 34 255 255 242 211 115 138 186 108 45 56
    204 70 209 31 0 87 255 0 82 145 255 238 229 255 61 0 0 210 25 204
    164 137 0 140 199 0 0 0 11 211 55 93 0 0 79 192 255 0 37 255 255 0 0
    255 0 216 255 60 0 225 255 255 255 169 142 0 0 0 182 16 250 90 192 0
    0 255 8 0 81 18 0 0 65 209 84 77 141 180 255 147 176 208 255 89 181
    255 159 255 255 84 174 89 255 0 0 194 180 244 0 214 220 255 255 250
    173 255 0 204 152 255 0 59 94 0 128 239 55 199 151 0 185 255 255 239
    0 255 85 1 30 172 44 0 143 84 255 158 0 93 126 0 99 53 222 151 255
    123 141 255 0 102 233 255 90 73 125 40 244 255 255 184 253 230 67
    112 0 41 183 105 0 255 149 0 204 145 0 251 182 151 255 169 255 70
    234 203 0 182 34 0 0 222 0 255 161 226 127 134 0 140 94 0 255 170
    255 0 43 255 0 67 185 255 219 0 255 255 79 61 255 255 92 15 255 210
    37 81 29 106 0 14 134 66 200 122 240 3 172 78 222 215 0 197 41 0 0
    21 255 255 212 160 39 237 255 23 211 238 139 135 198 21 167 255 0
    255 255 255 24 92 121 0 132 0 255 255 230 105 201 18 0 0 172 35 255
    255 255 0 177 255 163 180 255 209 141 34 0 187 255 15 0 176 255 253
    124 255 0 207 134 0 0 248 0 255 40 40 140 1 255 88 193 71 214 14 132
    255 40 53 123 57 241 255 0 255 19 59 193 0 38 132 0 0 0 39 0 0 58 91
    142 214 234 101 51 121 63 149 255 191 0 45 0 139 228 0 59 0 65 248
    45 241 118 229 181 134 67 47 217 125 162 155 124 211 0 0 0 44 0 77
    255 0 0 255 255 95 99 133 11 114 255 217 255 209 0 255 43 132 130
    207 255 146 234 109 255 193 226 78 166 255 61 0 0 193 255 0 255 0 0
    166 185 0 255 255 235 255 183 150 0 143 0 0 186 123 13 202 0 163 90
    167 25 0 152 0 135 124 0 0 171 0 227 255 255 108 0 0 194 255 120 155
    255 243 35 214 88 78 211 255 169 255 255 224 66 167 255 255 9 109
    255 0 132 51 182 77 82 130 33 181 199 0 94 255 150 255 176 184 255 0
    0 255 0 252 255 83 125 62 155 238 94 119 0 13 0 0 119 0 30 255 222
    118 17 0 59 127 255 0 79 5 36 193 99 0 173 195 255 102 197 255 171
    166 160 255 255 32 248 255 188 203 156 209 236 37 230 59 0 247 84
    208 122 0 239 94 58 244 0 147 201 133 241 3 255 27 2 0 0 23 0 35 56
    239 190 255 206 0 233 255 255 143 97 180 35 255 255 255 236 0 255 74
    0 159 0 255 255 0 231 195 156 0 1 159 194 72 158 0 66 0 0 25 68 110
    12 217 238 121 63 127 255 110 140 191 206 230 0 0 0 0 220 0 141 137
    255 255 174 207 16 150 110 255 59 0 179 225 255 255 203 217 0 23 28
    252 87 150 196 114 98 255 255 45 138 0 13 20 71 255 67 26 0 202 0
    133 0 156 189 69 0 255 0 7 18 242 0 58 3 236 255 227 115 0 0 99 255
    0 232 112 55 24 138 0 7 147 0 255 255 49 255 164 215 255 22 202 165
    198 0 255 250 129 0 34 60 200 206 0 255 111 7 255 255 0 116 107 161
    81 222 200 0 255 145 45 0 151 179 255 0 27 203 0 255 193 33 64 5 255
    51 208 24 150 233 0 255 0 231 91 0 117 184 255 131 159 1 161 102 123
    255 23 248 84 0 239 108 196 0 17 139 52 255 126 37 255 224 0 25 182
    255 0 192 88 9 255 0 255 6 94 255 255 2 255 0 222 255 255 205 112
    255 234 49 0 92 250 209 0 104 74 138 0 219 154 123 44 77 222 60 87
    116 186 0 136 105 255 130 197 101 151 181 183 248 211 171 26 69 243
    0 235 174 223 255 47 112 174 4 198 175 75 90 0 118 115 141 0 255 191
    8 233 79 169 159 255 12 255 255 5 246 151 243 183 27 255 125 255 98
    93 135 255 255 255 134 90 34 0 0 82 12 255 10 10 90 96 109 0 0 40
    255 43 36 248 49 0 255 114 28 118 0 74 148 0 222 0 223 95 227 0 255
    255 77 0 255 255 195 217 0 255 49 88 0 67 255 195 100 119 110 255 42
    0 255 0 255 133 0 79 171 88 41 82 255 218 69 255 255 94 27 118 17
    255 219 215 109 0 34 20 117 255 0 0 0 213 255 0 255 255 0 255 255
    142 252 58 0 60 255 255 255 19 0 154 49 32 207 233 243 170 255 255
    181 175 0 179 176 238 255 132 255 255 187 56 255 255 37 67 30 37 205
    0 54 0 123 1 165 0 139 255 255 242 175 255 24 0 212 0 7 188 207 147
    163 135 34 108 255 255 255 0 185 176 61 17 215 44 180 83 194 0 255
    255 79 255 255 71 0 255 115 214 187 200 255 80 57 84 219 255 255 61
    255 255 255 139 40 119 255 56 153 12 103 0 82 88 0 0 43 0 162 187 0
    199 0 6 56 255 110 9 255 145 238 208 255 255 243 32 43 255 183 0 162
    241 90 255 255 0 0 36 175 0 203 177 98 204 131 255 0 73 3 164 255
    255 219 0 148 188 186 245 145 107 87 171 255 74 255 255 33 138 0 255
    0 0 255 250 185 46 0 218 222 0 0 122 0 172 224 89 14 181 24 255 28
    255 255 0 223 255 42 225 255 50 255 0 0 90 24 151 236 167 235 48 93
    34 224 235 255 252 71 233 0 0 255 217 76 42 168 90 0 223 245 73 169
    161 180 85 20 0 0 64 222 122 0 52 0 85 30 64 255 255 255 0 246 41
    151 29 255 14 10 255 96 39 255 255 206 133 255 0 160 255 255 156 224
    57 255 8 16 163 0 207 153 0 22 255 255 139 91 255 63 0 0 24 1 158 12
    186 255 0 95 255 225 0 2 255 0 0 255 149 0 113 221 103 255 0 0 255
    255 29 224 240 255 74 73 255 237 207 13 0 230 120 0 0 139 80 133 162
    100 255 0 50 189 255 0 194 255 65 255 10 1 69 58 255 0 0 248 255 0
    177 4 148 15 39 0 105 0 38 255 147 40 255 255 53 115 4 79 192 206 65
    255 92 0 207 255 248 235 255 138 255 122 0 58 193 127 255 255 176
    239 0 0 0 0 0 251 27 41 255 0 169 8 99 93 0 213 255 73 255 90 89 250
    118 245 35 101 151 0 10 234 203 255 192 0 196 132 252 206 236 0 233
    0 220 0 144 76 195 0 96 255 161 0 0 161 255 5 5 248 0 112 229 255
    233 113 71 53 240 223 87 96 0 0 196 162 255 207 119 84 29 255 0 0
    255 65 105 27 0 88 248 122 98 192 255 39 0 29 0 201 90 0 27 255 0
    245 255 255 190 247 124 214 54 204 155 0 0 6 0 84 146 0 250 161 255
    83 255 200 239 216 115 176 223 230 204 255 36 142 134 44 212 0 47
    117 165 0 199 255 0 255 83 250 230 152 0 0 8 88 72 62 145 161 193
    159 255 255 83 45 35 108 0 83 171 225 131 0 103 2 110 225 255 255 0
    0 41 228 0 34 200 0 109 223 107 255 0 190 193 15 243 0 110 0 50 147
    229 171 148 204 255 154 180 133 154 231 255 114 255 152 255 255 181
    255 24 53 63 95 146 88 193 0 255 175 0 213 219 89 252 0 199 152 140
    35 255 55 108 82 196 186 255 0 87 124 71 103 255 134 224 117 25 55
    102 0 238 107 10 9 14 0 0 112 205 255 0 166 19 142 65 51 0 0 61 70
    131 0 38 73 77 147 255 255 127 188 27 210 255 255 0 255 104 238 47
    195 167 81 239 102 234 46 64 101 218 166 0 0 253 255 0 0 240 93 23
    204 255 255 255 164 74 41 212 213 179 255 103 84 0 27 134 49 163 0
    91 129 244 42 255 255 255 28 213 255 255 214 129 69 67 225 151 255
    19 208 255 240 255 0 0 255 236 134 0 152 40 155 194 255 168 85 202 1
    67 233 136 0 0 255 137 0 0 103 255 40 228 238 139 255 255 250 104 0
    0 177 72 210 254 149 77 27 100 51 0 208 0 251 255 115 0 191 35 61
    255 76 0 202 0 211 29 255 0 194 0 186 83 255 0 255 255 138 130 40 92
    38 179 255 14 107 0 24 255 199 203 0 0 159 62 0 240 128 191 39 37
    250 250 0 255 209 13 255 60 218 31 176 115 116 84 29 255 148 255 54
    93 163 53 0 237 25 89 239 145 115 255 253 255 255 0 171 0 255 50 252
    148 0 0 30 112 0 35 255 31 236 218 0 222 0 91 194 25 97 255 94 39
    190 94 255 255 36 255 165 0 0 255 142 68 173 185 96 0 219 5 92 81
    137 175 0 186 119 251 147 255 202 255 203 255 94 255 71 107 154 117
    255 255 215 255 119 244 137 5 0 0 255 255 86 0 147 77 145 183 227 0
    0 0 178 89 76 239 234 47 145 44 199 252 192 35 0 156 133 0 156 29 0
    0 0 0 11 0 47 165 0 79 0 255 68 255 102 50 0 217 23 86 169 255 255
    255 0 33 255 99 207 255 0 58 79 0 0 0 40 92 255 7 225 255 244 120
    255 254 0 255 67 215 57 0 118 204 128 59 94 97 75 45 141 69 153 169
    109 86 0 3 128 160 24 0 83 86 123 21 179 140 15 0 49 255 255 194 0
    169 255 31 0 96 64 116 131 228 13 255 157 0 118 255 127 251 0 0 78
    255 134 212 255 78 0 204 121 102 64 255 255 0 0 255 255 0 0 216 255
    48 229 0 0 103 46 6 14 230 0 16 161 220 187 0 0 134 255 40 136 142
    243 255 176 255 228 207 0 255 88 0 0 75 178 199 0 0 255 255 126 195
    209 9 250 0 163 98 0 52 0 170 69 0 0 255 174 255 255 0 5 0 0 143 121
    93 0 232 224 159 246 115 0 81 0 10 179 202 75 203 164 255 120 0 147
    109 255 56 255 150 0 211 255 59 255 124 0 205 80 255 103 0 154 255
    114 252 204 101 255 255 0 255 212 96 73 214 0 56 182 0 163 0 121 125
    103 0 8 0 71 255 51 181 227 210 88 0 111 36 0 0 112 109 213 130 132
    24 255 97 255 46 0 0 0 246 152 255 235 0 0 122 212 195 255 108 119 0
    255 0 81 13 0 176 180 183 114 143 134 49 159 37 226 38 145 74 255 66
    0 114 255 243 164 0 255 214 255 255 81 22 255 152 0 132 241 0 255 0
    218 175 239 219 255 106 0 216 219 168 223 129 251 255 255 255 85 211
    46 0 16 251 0 186 79 217 0 220 19 234 37 33 204 48 0 0 255 37 255 70
    7 255 255 255 63 171 220 0 254 77 0 10 197 17 0 139 0 0 255 182 209
    255 0 0 162 0 254 222 138 64 255 255 0 24 25 166 255 0 255 240 186
    255 129 84 74 67 133 255 17 55 123 0 0 156 0 255 178 142 236 255 37
    169 58 255 205 139 45 0 255 7 255 39 124 164 0 255 255 120 117 255
    255 80 0 0 184 35 0 255 0 115 255 0 86 211 111 0 188 54 162 255 202
    55 17 125 19 0 205 255 255 106 28 237 0 133 240 15 184 0 0 206 255
    249 174 0 111 137 144 0 0 109 186 13 0 44 173 0 104 1 235 196 127
    255 255 7 255 3 96 38 0 0 168 233 247 187 0 4 7 0 0 126 27 245 160
    191 227 90 243 255 97 255 126 232 0 136 181 167 99 214 112 32 125 0
    255 255 255 12 55 189 87 0 187 111 0 87 255 255 40 255 11 122 209
    146 255 0 0 108 255 255 199 0 255 38 0 255 255 126 159 255 153 213 0
    255 208 0 236 90 0 189 199 0 0 110 47 51 186 255 0 88 128 117 146
    128 0 214 0 69 255 0 217 96 15 97 24 71 30 0 0 255 183 151 0 255 0
    103 152 255 255 215 255 102 0 31 0 53 136 19 110 253 0 224 111 231 4
    104 21 57 42 96 0 255 255 0 0 109 245 0 0 0 70 111 0 0 114 35 0 197
    254 226 233 255 0 255 255 135 255 216 30 174 0 33 255 126 125 0 0 63
    107 9 255 10 57 165 0 78 111 51 100 0 213 215 0 0 95 160 0 135 150 0
    0 52 47 0 208 2 117 158 0 50 255 50 0 215 255 63 114 0 0 148 255 181
    29 172 255 2 255 244 117 98 0 57 115 0 30 237 120 255 255 242 172
    255 87 177 0 7 153 217 255 255 255 0 0 227 255 0 4 202 0 255 109 118
    174 255 84 255 254 76 210 255 255 73 37 0 121 253 143 255 146 197 27
    91 0 58 252 255 204 255 225 132 149 255 117 255 255 77 105 0 255 206
    255 0 103 141 81 195 66 192 76 177 255 40 59 0 199 0 254 2 169 0 0
    22 90 0 196 0 255 255 210 86 255 0 255 255 215 0 255 110 107 255 255
    139 218 211 217 172 160 255 111 0 255 59 255 50 255 255 0 0 98 0 1 0
    44 239 106 14 255 0 160 118 14 0 0 213 0 255 255 73 0 91 255 115 131
    203 163 255 183 0 89 0 0 134 151 136 255 45 0 231 226 53 255 255 102
    75 255 170 176 0 192 9 0 238 0 0 255 47 1 0 232 112 255 0 139 0 0
    160 93 77 151 0 152 70 0 64 0 31 58 255 120 255 104 205 0 188 85 255
    11 29 0 54 0 92 174 68 170 255 255 131 95 251 255 38 79 83 238 99
    164 255 215 255 0 255 89 1 175 255 0 75 83 96 194 164 46 255 197 0
    237 199 12 0 0 54 0 0 131 210 255 16 129 236 255 15 130 185 147 11
    12 247 0 255 36 0 255 0 255 255 246 148 28 124 82 0 255 65 0 23 0 38
    125 0 255 185 196 222 0 0 84 40 146 118 25 54 213 255 22 0 182 255 0
    0 125 35 0 46 255 210 237 123 0 27 91 97 198 176 201 204 233 225 255
    252 255 0 255 152 255 226 71 255 104 0 145 77 255 0 0 39 138 95 223
    160 224 0 212 255 133 184 169 27 183 0 234 216 86 37 222 0 49 23 136
    76 211 0 244 244 117 255 3 171 48 253 0 13 189 111 252 41 255 160
    152 93 255 255 162 150 211 255 214 247 255 16 0 21 161 22 181 105
    240 57 255 0 248 255 252 64 37 240 0 0 211 0 255 255 255 149 255 124
    94 36 255 171 34 128 61 255 37 5 255 30 54 214 120 31 7 203 0 195
    255 0 0 0 189 0 62 255 130 250 140 255 255 0 188 255 255 92 255 255
    255 74 12 204 210 188 57 252 3 173 255 43 28 255 163 204 0 255 0 52
    255 255 18 0 255 138 236 255 74 255 31 0 199 36 255 179 255 47 124
    255 220 17 2 250 49 255 0 172 0 162 118 14 98 219 0 14 105 255 70 44
    105 147 104 97 0 0 8 47 120 113 255 215 127 255 124 0 0 134 255 124
    170 225 234 219 133 229 255 184 64 245 255 74 0 140 0 0 37 17 255 10
    0 0 0 159 50 159 0 226 0 255 255 4 17 0 0 106 0 47 126 255 67 186
    168 171 0 0 0 46 255 93 7 168 0 244 0 255 80 37 184 0 0 60 0 255 255
    127 0 240 51 6 60 121 69 197 132 89 40 255 116 192 255 255 0 76 106
    247 22 120 22 118 204 50 0 67 0 106 0 17 0 213 33 16 41 255 42 255
    255 69 255 181 84 8 62 0 114 87 187 0 20 0 0 232 11 255 181 141 137
    126 0 99 0 202 255 64 68 255 255 140 255 135 0 93 251 111 255 255
    255 176 131 244 255 87 170 255 55 255 72 192 2 169 47 255 171 75 33
    0 143 0 0 239 0 0 220 41 0 34 172 0 7 10 0 0 192 0 248 30 121 0 23
    85 255 255 0 29 0 83 255 128 78 255 237 195 255 220 255 0 0 0 247 0
    255 234 0 21 129 0 79 181 192 0 47 59 0 255 164 0 92 43 16 235 0 0
    255 255 0 0 255 125 0 249 81 255 0 245 213 251 39 127 165 144 29 80
    102 0 0 0 139 255 255 255 4 93 255 0 132 203 33 243 255 0 151 23 255
    0 58 39 160 0 255 120 187 0 71 171 0 219 34 255 246 53 39 33 255 45
    245 196 0 249 33 204 183 27 208 64 0 255 211 194 89 0 255 180 255
    139 255 0 134 196 195 255 233 148 255 195 237 255 0 229 161 39 60 0
    255 0 0 52 128 0 19 124 38 255 255 0 218 17 54 74 0 182 255 98 139
    254 85 14 0 255 172 151 42 224 142 237 0 73 17 8 66 0 255 136 239
    255 0 0 75 0 76 175 0 255 132 253 0 0 89 208 217 0 255 0 48 0 194 0
    255 37 162 216 228 255 147 17 255 68 188 243 255 185 89 255 255 0
    255 90 66 2 108 0 77 255 0 3 136 255 255 255 37 18 255 34 224 255 56
    189 166 149 80 135 0 56 255 255 89 46 109 219 0 118 160 186 22 255 0
    31 0 254 126 238 0 198 41 255 58 255 255 162 180 183 93 52 255 0 88
    59 192 124 255 160 255 65 255 110 255 12 255 137 86 255 46 46 90 133
    255 206 0 175 255 0 200 255 135 154 176 245 0 127 85 114 235 255 127
    0 255 127 30 240 33 5 255 118 157 255 255 255 0 157 52 255 131 232
    126 255 255 249 185 255 230 0 0 255 94 0 0 198 235 249 21 163 2 188
    14 191 241 136 11 117 0 255 5 255 255 255 180 156 255 254 194 255 63
    218 24 255 18 250 238 0 228 25 247 62 6 0 0 255 108 0 46 0 255 221
    50 0 45 0 252 94 12 165 130 194 0 255 243 210 255 255 0 0 193 214
    248 237 239 255 88 177 75 255 0 0 255 0 255 36 0 190 255 74 255 220
    15 30 31 255 0 255 14 181 255 174 0 0 255 255 199 255 79 224 0 45
    187 76 0 125 255 0 134 65 0 235 23 41 255 160 255 255 7 242 0 34 207
    255 154 180 104 255 173 0 5 247 172 41 176 148 58 116 191 0 42 0 213
    0 103 158 173 238 0 0 12 0 225 1 175 239 205 171 116 177 176 219 255
    0 255 196 96 255 0 181 161 142 255 0 233 0 241 255 174 255 0 24 255
    167 130 255 105 242 244 28 98 13 167 255 18 234 178 162 200 221 0 60
    91 77 132 132 137 246 74 0 189 106 255 0 247 0 0 255 87 192 157 0
    234 255 255 0 131 255 255 0 33 56 136 92 143 255 241 0 104 255 220 0
    0 145 188 0 36 26 109 173 119 0 222 11 215 255 0 255 0 0 0 60 226
    158 174 212 195 0 97 110 0 212 115 166 60 240 0 125 186 245 0 255
    150 255 165 0 116 255 60 0 78 114 223 70 255 153 118 39 12 31 139
    255 98 255 0 0 255 117 0 255 236 165 0 252 76 91 255 0 135 0 0 90 68
    198 49 251 85 208 104 95 101 185 255 142 42 43 207 102 0 53 225 229
    255 16 255 255 189 0 127 176 255 255 230 100 0 24 252 73 13 169 0 0
    106 0 125 255 88 255 0 74 45 78 0 255 166 198 236 238 66 58 79 255
    255 40 255 0 233 248 112 154 255 150 75 70 0 203 0 163 255 241 210
    177 152 16 122 135 0 81 2 194 231 0 227 5 144 183 0 255 162 53 177
    37 169 97 255 76 255 111 140 0 106 255 198 141 72 0 255 205 13 255
    94 192 230 111 0 182 255 0 204 11 228 104 153 249 0 171 189 124 255
    255 165 255 97 140 255 185 180 144 0 90 255 187 162 255 255 212 62
    215 0 255 0 255 97 0 243 144 255 90 255 84 146 38 66 255 70 5 180
    255 203 178 210 240 12 110 255 245 76 192 219 120 18 203 51 0 255 0
    168 0 209 109 0 201 99 0 37 179 0 216 0 126 246 0 140 255 61 255 70
    255 255 70 255 255 89 204 244 255 255 18 59 82 162 154 112 189 189
    90 0 168 0 54 210 0 212 255 242 230 0 23 185 27 119 255 205 255 0
    255 235 0 114 205 214 0 221 255 18 255 170 0 0 116 0 0 174 0 0 77
    255 255 23 22 255 0 179 246 165 255 231 46 2 3 255 0 210 84 38 189 0
    255 0 147 0 200 221 86 211 98 116 3 32 151 101 56 22 236 54 85 5 255
    0 109 255 172 0 168 18 0 95 230 119 85 255 215 247 57 255 234 255 0
    0 154 44 31 0 0 174 0 43 255 136 255 235 77 0 255 0 255 255 78 0 78
    107 255 89 164 208 0 43 243 255 214 3 56 32 40 136 248 225 243 109 8
    179 0 225 171 51 70 255 0 255 0 91 117 172 0 190 114 154 255 255 0
    24 255 255 255 53 255 255 54 149 159 235 0 232 111 86 247 47 255 116
    34 183 253 255 226 0 0 42 255 67 1 0 144 255 88 238 255 123 32 0 95
    53 185 110 4 88 129 232 117 237 255 0 255 255 0 0 255 192 43 210 255
    73 38 255 118 201 0 88 171 164 47 0 98 120 120 0 208 11 232 220 0 0
    0 0 182 184 44 249 30 255 255 189 138 202 0 110 0 83 246 100 255 118
    0 0 0 253 0 245 71 209 255 0 163 255 0 35 255 0 0 0 33 0 0 212 0 62
    66 174 134 255 0 211 12 255 255 90 242 5 46 24 255 0 225 16 27 122
    11 178 32 30 26 145 0 216 255 166 105 0 78 0 248 67 255 255 90 255
    255 172 255 254 48 53 202 144 0 0 73 64 212 228 255 219 255 0 10 180
    8 255 221 134 0 184 255 87 0 0 11 0 0 207 30 225 0 121 255 254 186
    105 188 255 123 114 165 0 255 0 190 60 18 72 104 93 0 0 255 181 20
    187 255 110 0 255 0 194 106 153 255 119 133 255 42 85 220 158 255 0
    0 61 9 255 0 6 230 1 134 255 117 26 255 3 65 234 51 22 0 22 0 0 50
    236 81 10 0 255 151 255 255 139 255 0 36 239 255 216 143 121 255 138
    255 0 187 101 255 0 0 255 58 121 255 233 2 43 255 255 143 235 149
    255 58 8 126 97 44 196 57 39 157 5 0 217 145 0 216 255 185 255 255
    68 255 0 255 89 255 255 0 114 0 130 68 0 1 105 238 184 0 151 255 89
    254 0 113 255 0 74 0 155 210 168 255 88 181 255 100 0 131 0 255 78 0
    45 53 155 103 160 225 20 0 232 21 0 144 255 241 0 96 140 216 255 255
    255 143 21 0 44 217 64 34 255 157 255 104 249 0 88 255 255 247 160
    255 79 33 65 255 0 242 117 169 33 0 0 114 1 210 225 91 0 23 16 0 17
    0 231 0 0 151 23 8 240 227 146 183 33 2 105 27 0 255 61 115 255 206
    122 100 142 238 120 48 233 0 255 0 50 0 0 249 194 19 255 21 23 189
    13 100 81 90 0 228 69 0 194 0 255 0 82 247 34 114 147 59 182 99 26
    61 255 226 255 34 0 31 252 98 189 255 118 157 82 0 54 255 142 0 0 13
    180 77 93 255 3 177 178 184 75 0 84 92 0 255 0 255 0 235 0 0 14 0 0
    159 94 0 255 0 0 137 0 0 82 133 255 196 69 162 0 202 255 170 255 173
    193 255 198 140 255 79 107 59 86 208 91 255 250 91 9 168 0 0 0 255 0
    195 255 58 113 142 165 124 255 208 139 83 108 73 156 177 255 78 227
    63 255 255 1 48 255 71 113 188 214 66 58 119 255 255 194 214 0 255
    18 95 255 10 16 119 255 236 158 0 105 255 255 255 79 249 237 202 116
    122 0 0 255 217 0 41 148 55 0 255 255 200 0 81 16 60 66 28 255 75
    198 52 255 11 237 0 0 115 216 67 232 0 98 26 0 0 0 21 255 0 0 51 144
    253 86 77 255 20 221 0 255 236 0 245 149 0 118 0 113 226 196 255 153
    20 255 0 255 15 0 232 0 0 64 175 168 67 0 0 51 228 0 133 131 255 191
    0 102 234 0 85 87 255 171 141 255 0 81 135 115 165 255 0 255 0 70
    255 119 255 203 255 171 0 83 255 74 11 0 235 61 4 133 236 180 157
    173 215 17 105 255 255 0 109 250 0 250 246 255 16 6 233 69 0 137 0 0
    243 109 237 206 136 255 154 0 255 0 0 255 255 0 75 116 11 253 0 255
    95 253 255 164 5 185 31 119 54 0 255 218 0 0 0 255 106 106 49 97 255
    39 146 222 0 118 64 243 0 126 0 255 220 145 165 31 0 63 0 196 50 189
    152 128 164 0 0 254 121 0 47 255 255 0 255 84 153 255 0 255 210 255
    0 144 69 55 0 243 255 83 129 212 91 255 225 255 110 0 246 1 209 195
    199 0 177 228 138 255 30 0 0 212 35 96 180 255 63 139 255 168 255
    255 48 50 0 0 85 255 235 255 230 146 255 176 255 216 255 255 255 0
    13 83 255 109 134 0 0 0 6 51 255 141 242 0 79 58 255 251 254 23 118
    180 54 0 234 134 78 255 0 191 177 168 255 255 165 146 135 255 0 186
    0 172 255 40 54 212 65 1 100 192 250 149 132 255 8 174 106 141 255
    192 255 109 68 255 0 32 160 251 249 176 150 116 0 232 124 147 50 149
    28 0 255 152 255 108 36 220 184 0 255 255 0 126 115 208 255 18 139
    14 120 255 0 138 69 0 142 11 226 107 96 177 206 255 25 255 105 210
    251 255 67 75 190 51 218 97 255 109 0 255 198 39 74 255 102 100 255
    144 136 54 66 20 186 177 235 255 255 255 255 95 157 12 12 207 8 0 64
    0 157 0 118 255 255 151 0 48 255 119 150 85 255 255 255 255 174 255
    81 230 25 0 255 8 43 255 0 120 0 85 52 146 108 182 12 108 219 238 45
    0 152 64 181 255 14 143 109 48 3 105 15 193 0 255 118 253 0 128 255
    116 171 54 20 5 230 217 112 5 0 233 255 255 255 251 165 87 255 117 0
    23 54 0 255 254 255 0 0 255 8 75 255 255 255 255 0 255 224 229 255
    239 144 100 163 158 255 255 109 234 238 198 90 140 126 38 0 0 154 0
    0 255 0 251 0 255 255 0 140 252 238 80 53 250 189 191 28 255 255 255
    64 0 255 119 0 255 255 48 133 0 217 0 224 255 41 138 126 0 153 255
    189 37 2 21 40 93 148 0 167 255 255 0 155 255 220 0 0 129 255 17 43
    255 223 255 170 74 255 105 255 79 87 70 0 0 0 140 255 0 97 255 0 255
    222 255 248 206 234 34 170 74 226 0 49 81 226 255 0 255 24 0 8 255
    250 183 112 231 229 37 212 255 255 66 0 181 255 0 0 0 0 41 131 247 0
    69 62 35 156 59 255 0 29 10 222 255 140 199 255 91 3 189 255 18 133
    66 31 45 71 104 12 255 242 177 255 48 50 246 0 0 184 105 120 0 93
    255 107 84 0 197 0 0 10 68 149 255 93 122 124 255 81 82 119 254 53 0
    0 168 255 54 231 104 203 0 255 0 255 134 255 136 196 1 255 57 255
    197 102 144 39 255 0 91 73 211 97 55 28 251 230 255 0 26 255 26 255
    255 170 37 255 255 255 14 157 219 132 82 0 183 0 190 255 231 35 52
    131 0 176 227 121 255 255 0 23 255 153 186 6 255 133 0 56 87 139 0 0
    87 160 0 0 100 100 97 168 39 186 124 255 236 29 50 255 160 255 252
    255 240 0 255 82 0 174 242 199 255 255 130 255 195 233 183 3 138 137
    114 0 213 0 172 104 103 163 218 48 161 246 11 255 255 133 209 57 220
    255 0 255 255 21 182 24 233 154 0 255 0 0 122 116 146 255 240 146
    189 0 255 255 0 15 80 77 105 255 160 253 0 0 212 0 155 156 29 93 0
    91 36 151 107 61 0 40 124 205 230 0 5 207 87 60 243 255 209 0 92 3
    168 231 0 0 14 139 255 0 0 237 0 252 125 255 0 0 152 0 39 255 255
    125 0 231 179 0 173 255 178 235 99 0 255 255 255 255 255 206 186 36
    128 255 87 0 52 145 255 199 0 56 255 6 0 230 198 99 61 242 52 0 78
    95 250 184 114 8 168 255 230 255 0 0 61 9 48 255 58 42 255 149 0 0 0
    148 245 186 236 255 213 0 176 143 255 245 246 11 220 24 0 255 0 0
    204 0 229 125 255 255 0 0 0 3 163 64 231 238 255 243 243 255 0 255
    73 0 236 255 131 0 182 255 119 208 236 254 95 0 255 70 226 92 0 0 3
    0 122 255 49 141 232 85 0 23 0 48 39 176 164 2 132 230 231 148 255
    255 255 155 255 128 254 255 99 0 255 127 72 91 40 113 255 0 66 20
    142 222 225 238 234 183 142 214 255 255 33 203 232 232 255 24 213 43
    245 122 0 124 25 0 13 255 255 0 255 155 239 0 0 174 97 159 224 206
    255 139 255 0 248 255 255 54 232 253 255 219 255 0 227 249 255 255 0
    65 102 255 0 0 255 152 143 255 0 255 64 153 38 71 0 120 199 83 117 0
    255 0 255 0 0 149 1 198 255 13 255 0 255 255 255 0 192 0 0 192 100
    255 0 218 140 129 192 192 0 0 71 147 0 123 255 0 246 229 127 143 145
    255 200 18 175 88 0 139 0 0 97 76 156 0 186 69 0 0 84 101 29 77 163
    145 233 255 61 11 153 0 255 224 31 25 144 89 0 255 77 0 3 55 191 137
    77 0 102 39 168 211 232 255 0 255 0 59 27 133 255 224 250 134 64 0
    250 0 56 102 0 144 0 4 255 245 195 0 65 0 238 255 255 226 48 200 255
    13 0 255 194 160 87 138 255 21 249 0 255 255 149 19 43 52 48 255 241
    255 83 194 255 255 249 106 204 110 73 255 95 51 195 0 0 123 245 35
    18 129 41 227 236 0 0 255 255 224 255 99 239 188 238 118 255 176 255
    240 255 174 0 227 0 111 0 0 175 21 48 0 223 0 255 70 255 115 240 101
    14 123 0 255 0 8 0 77 111 140 220 250 225 11 59 255 165 5 68 147 0 0
    0 0 13 62 44 180 230 190 190 44 82 115 95 191 55 14 0 2 255 178 32
    255 56 37 26 196 0 0 255 255 237 75 0 0 62 23 0 19 255 225 169 255
    48 24 133 0 211 0 154 25 22 255 94 152 0 181 204 4 71 254 45 0 245
    242 191 255 255 151 0 255 255 0 0 56 11 0 113 18 13 119 244 52 151
    18 71 250 0 181 41 111 255 255 0 8 255 102 180 255 255 255 173 0 136
    62 0 38 65 0 23 34 20 38 59 0 0 0 184 255 95 135 224 217 238 63 114
    255 201 193 255 167 43 110 59 79 26 74 48 54 0 134 255 255 33 147 95
    255 157 180 249 204 231 62 75 147 0 255 255 0 0 43 26 216 128 255 12
    191 0 0 0 237 0 219 0 255 0 248 58 125 94 92 0 255 0 255 0 66 255
    255 240 186 130 241 235 91 35 73 146 192 34 0 105 0 233 230 255 255
    251 0 255 166 0 241 0 105 111 0 255 0 242 3 255 255 0 209 0 0 0 64
    96 205 161 214 87 189 246 175 78 220 0 0 134 29 42 126 103 255 0 39
    0 93 0 201 190 255 75 243 126 229 199 0 32 243 230 69 39 255 0 123
    78 132 255 0 0 93 145 0 112 71 0 124 170 176 0 75 167 102 232 255
    255 255 255 196 34 159 0 246 0 25 0 173 40 188 255 224 157 235 27
    148 214 199 254 243 1 0 213 205 126 122 218 190 212 85 56 105 0 255
    34 213 60 255 120 255 108 113 0 0 0 255 216 202 126 234 0 0 13 116 0
    73 0 10 255 52 230 212 0 44 7 150 255 115 0 182 6 64 255 0 219 0 222
    0 168 62 184 203 244 249 184 115 196 105 128 184 230 116 239 0 122 0
    123 255 0 159 63 70 181 255 255 119 255 61 143 221 198 124 81 229
    193 143 0 188 67 26 192 128 141 150 144 121 255 85 236 0 153 34 255
    195 4 181 35 95 77 0 136 192 0 255 255 255 12 255 255 177 84 93 156
    0 0 26 255 0 13 32 0 57 35 102 157 55 29 255 177 0 214 255 79 255
    109 255 0 178 255 28 0 201 62 143 223 66 255 206 67 0 207 98 56 255
    102 121 62 100 255 249 0 90 255 0 91 255 0 5 0 117 74 0 0 21 255 255
    91 69 250 49 255 143 0 3 217 0 201 26 41 219 136 135 22 0 0 216 175
    14 255 167 135 255 190 38 0 255 85 0 0 0 255 234 188 226 0 0 33 212
    45 92 0 221 234 55 127 65 84 0 0 255 150 0 35 0 68 185 216 103 40
    255 241 200 119 87 170 0 0 170 24 10 255 71 0 255 255 255 111 136
    226 255 255 115 221 240 18 234 255 20 255 255 255 64 63 209 0 0 0
    145 122 37 83 56 108 110 0 255 216 255 0 112 62 57 32 255 42 142 122
    173 0 255 245 0 88 34 135 0 0 255 45 102 207 64 0 20 138 240 94 0
    124 26 92 108 0 254 112 84 32 81 24 255 255 255 255 255 232 175 135
    255 206 255 207 137 206 0 163 7 131 78 133 216 29 40 144 91 0 123
    142 241 178 40 65 182 179 0 182 41 255 244 119 228 108 0 0 63 170 0
    255 255 162 0 15 60 126 45 68 178 255 68 0 48 255 38 255 186 255 0 0
    84 85 255 95 0 255 18 227 212 202 63 0 0 166 243 92 44 97 223 77 163
    81 169 0 126 0 255 72 248 0 62 43 43 247 85 0 255 186 167 0 122 146
    251 0 168 198 0 180 174 183 74 0 255 108 0 0 0 203 52 61 255 239 237
    60 146 0 95 173 0 13 0 4 109 187 99 234 252 0 108 255 255 252 208
    255 255 45 217 237 99 232 0 143 91 183 255 0 186 255 255 255 25 255
    255 0 0 185 85 112 180 110 105 255 145 255 3 255 98 0 150 0 127 255
    137 136 0 232 54 255 62 86 201 250 56 0 125 8 222 255 255 122 36 255
    122 0 255 0 30 0 17 173 0 54 102 0 165 255 97 23 182 108 255 140 85
    17 255 2 0 51 236 0 255 0 206 119 255 238 0 84 204 198 255 0 0 255
    211 154 86 93 202 137 199 41 0 52 0 255 243 73 129 167 0 255 223 77
    164 0 204 74 188 74 255 255 255 25 186 255 197 255 227 156 255 23
    146 87 159 224 0 0 0 111 42 255 255 34 255 255 231 226 255 255 204
    245 120 255 0 255 201 249 0 0 221 193 43 255 63 193 0 255 255 133 18
    242 117 0 255 78 56 75 1 161 53 245 255 13 142 84 242 0 206 84 189 0
    255 66 0 0 51 0 128 255 66 0 191 255 255 45 0 255 255 255 255 151 91
    255 98 91 162 255 0 58 169 203 22 255 92 221 255 221 255 192 218 9
    251 147 0 238 253 255 76 255 195 0 137 0 240 0 144 22 185 255 0 255
    0 0 0 72 0 0 65 0 47 171 255 25 255 146 159 123 132 150 205 89 0 21
    0 0 44 151 94 212 40 0 118 202 255 0 86 255 215 255 38 0 21 15 106
    88 0 122 255 66 115 23 255 255 255 0 0 112 161 198 14 171 187 185
    248 194 24 0 0 31 11 0 75 86 255 0 216 0 255 255 3 76 127 34 22 0 2
    0 239 20 195 34 185 212 0 3 33 238 76 179 70 24 255 199 255 61 255
    255 49 255 88 172 0 255 23 0 213 85 47 234 255 148 210 174 85 255 0
    172 207 242 0 255 0 135 231 25 157 214 230 0 0 0 166 255 0 0 255 0
    93 255 28 0 166 133 84 23 249 255 191 0 74 47 184 180 0 0 111 0 17
    210 102 211 255 228 0 255 172 234 58 0 9 128 148 84 1 255 59 255 134
    255 44 255 93 62 255 0 31 104 255 0 0 255 135 25 80 107 255 0 60 96
    191 0 193 179 90 236 237 95 106 217 0 255 19 161 0 67 10 0 0 7 0 143
    220 79 215 234 255 237 69 9 1 0 236 157 125 255 255 183 157 0 77 18
    18 234 82 67 206 69 255 218 255 255 0 69 255 7 55 104 0 69 255 255
    255 255 255 30 248 230 255 255 10 206 157 255 3 0 106 123 134 255 89
    0 255 194 63 15 233 255 255 145 255 0 119 197 75 255 11 174 52 142
    51 196 22 255 26 13 209 255 255 26 6 255 255 108 255 255 255 166 189
    230 255 243 89 64 88 26 50 223 0 196 69 255 255 66 174 62 88 223 58
    199 0 85 255 111 106 255 66 30 148 0 114 136 223 255 44 186 220 9
    118 141 197 97 255 28 116 78 205 191 203 255 126 120 150 113 150 46
    83 0 0 124 47 210 188 0 135 15 227 162 103 228 7 255 39 24 21 255 81
    255 255 63 12 255 255 141 63 255 29 161 198 105 112 91 41 255 141
    209 0 255 52 0 255 0 202 145 0 219 0 93 0 203 147 148 255 202 38 0 0
    50 0 99 255 91 86 82 216 255 75 77 209 33 235 255 251 0 255 30 9 18
    255 0 0 255 179 199 255 193 0 0 144 0 251 83 94 139 184 149 0 255
    255 36 230 255 255 70 109 196 0 158 255 0 122 255 0 0 255 25 180 255
    0 0 148 255 207 249 136 37 0 255 156 239 185 199 118 99 124 0 46 245
    255 255 37 193 255 246 0 89 109 255 0 205 0 72 0 45 119 176 3 255
    255 255 0 127 107 99 9 104 101 0 43 255 107 43 241 25 0 255 11 43
    255 192 29 117 0 129 126 62 255 255 255 208 31 0 255 163 64 63 0 105
    255 126 0 210 227 0 59 67 213 206 102 255 113 73 64 0 255 121 0 60 0
    234 188 64 219 255 36 89 255 251 207 13 136 137 196 0 2 210 255 171
    119 245 255 254 255 249 0 0 224 153 36 139 90 226 42 160 158 255 207
    255 182 197 52 84 0 0 232 99 0 164 168 217 152 93 3 228 244 188 14
    255 0 255 0 131 0 173 255 255 144 0 180 69 0 46 161 6 92 163 220 101
    132 0 0 129 240 31 36 0 60 43 27 0 246 201 241 179 0 172 60 0 67 0
    194 0 0 22 0 255 255 0 118 255 0 105 88 20 109 194 0 255 17 32 167
    255 174 211 37 255 255 144 0 70 103 126 242 129 161 163 0 7 102 254
    48 255 0 255 27 255 0 128 111 0 0 127 217 75 80 199 60 149 255 0 145
    255 0 219 75 12 67 121 28 35 185 233 95 54 95 0 174 222 255 146 35 0
    189 126 9 255 255 255 169 14 127 214 0 255 112 0 39 175 76 51 167 53
    170 192 0 0 240 30 0 45 255 179 0 255 6 55 168 231 95 255 81 0 177
    255 55 255 100 255 152 0 204 210 160 0 222 172 14 35 154 87 48 246
    255 255 89 84 56 255 255 25 184 255 255 255 180 104 255 247 0 245
    255 0 119 251 0 255 91 245 255 255 178 121 0 84 19 255 109 101 235
    74 0 232 186 222 246 215 255 255 25 255 228 209 164 52 0 181 137 0
    247 19 255 255 233 255 220 255 255 52 0 255 255 0 255 242 255 110
    177 2 3 0 111 238 255 145 125 97 38 240 0 88 207 255 0 0 255 179 0
    58 51 10 26 233 0 103 255 47 125 211 248 35 255 205 12 0 255 35 255
    0 90 198 45 27 0 214 0 0 0 60 0 0 0 133 36 240 14 116 29 26 211 255
    89 215 125 0 210 200 233 0 0 200 131 0 255 181 255 13 146 255 157
    151 194 255 55 113 255 0 132 101 255 64 0 38 62 184 0 195 0 255 38
    73 0 244 255 107 183 255 138 57 20 184 64 186 166 33 0 87 143 200 0
    38 45 168 239 121 35 0 113 144 58 0 126 125 99 90 197 246 108 66 155
    97 0 255 85 56 248 255 237 255 191 149 152 235 255 76 254 237 44 0 0
    93 89 42 144 133 220 0 255 255 135 0 255 255 0 129 13 255 61 255 255
    127 213 134 85 255 110 61 146 127 50 135 28 156 101 162 38 255 151
    75 0 0 50 0 0 226 0 219 255 0 125 0 255 210 24 196 74 0 255 97 0 255
    71 123 230 255 145 142 255 17 216 34 120 118 23 141 79 131 255 177
    251 59 172 214 39 122 223 93 84 237 142 62 14 255 0 146 46 42 70 255
    200 52 255 0 237 137 242 255 0 217 90 3 142 255 188 0 13 113 158 144
    0 255 0 230 58 255 95 0 95 42 0 41 255 124 255 255 136 167 81 34 255
    255 100 131 99 248 0 0 11 156 82 118 0 252 230 74 255 207 0 225 255
    255 244 0 73 0 0 255 211 38 152 168 0 106 255 210 225 255 15 163 193
    103 255 160 0 0 0 147 229 35 165 44 39 0 255 218 12 255 175 225 149
    123 230 70 0 53 90 17 165 181 217 255 59 255 6 255 210 251 187 88
    201 106 0 0 0 0 196 255 255 232 9 152 252 0 147 144 160 0 248 255
    206 241 0 83 6 0 126 105 186 0 255 161 0 0 142 255 121 255 143 31
    242 104 168 86 188 133 255 255 212 255 173 114 119 0 70 189 177 162
    244 255 0 255 128 255 255 0 32 0 55 111 255 255 57 117 0 255 16 202
    255 218 162 4 164 59 0 13 173 119 0 255 255 0 43 201 220 0 35 159
    217 33 7 0 14 0 255 255 255 229 176 235 0 189 95 255 95 254 0 156 0
    87 137 112 84 255 18 157 0 0 154 255 255 0 0 224 255 217 2 255 139
    83 114 0 66 141 240 194 117 0 123 212 255 36 255 168 128 162 255 0
    255 255 123 63 222 251 53 129 80 159 255 250 0 255 41 91 255 0 255
    255 255 255 50 255 108 255 219 0 0 84 0 41 255 69 46 255 199 0 0 255
    121 213 21 31 179 255 71 255 255 167 163 255 50 255 0 73 110 52 34
    139 168 233 86 0 127 30 218 45 255 255 255 240 162 247 226 255 0 0
    21 255 79 85 255 24 108 75 130 0 179 25 41 197 0 112 84 97 91 0 0 0
    13 0 185 80 205 222 255 255 53 155 48 1 0 89 86 235 255 1 255 227 79
    130 0 255 0 120 192 0 31 0 251 212 71 153 92 216 114 0 204 45 4 162
    246 165 122 38 224 249 0 0 0 118 17 0 0 255 234 47 52 176 12 255 22
    215 255 75 79 245 207 47 49 190 255 147 215 217 129 0 0 229 107 0
    169 239 0 255 142 214 61 176 255 255 3 0 0 255 207 255 255 150 71 6
    143 0 73 1 232 0 224 112 171 6 215 0 154 49 13 189 252 206 255 255
    255 45 110 29 134 146 145 12 12 0 123 236 146 33 255 156 0 255 255
    181 180 72 0 42 137 255 0 0 255 133 228 255 146 15 199 255 255 216 4
    0 52 61 255 0 15 0 0 255 23 190 26 0 255 191 255 237 149 255 117 0 0
    55 87 194 255 0 140 69 52 38 195 255 207 139 180 65 137 255 255 0
    255 0 0 52 0 99 100 251 60 174 47 37 216 65 84 117 0 255 115 255 178
    52 179 36 0 242 198 43 128 9 161 255 255 150 192 255 178 255 255 27
    110 3 255 124 255 89 87 0 194 0 0 225 0 0 188 0 137 31 255 84 162
    255 255 0 247 0 255 200 0 147 9 46 255 0 133 213 0 97 255 245 91 254
    0 0 84 0 110 101 0 0 226 65 90 78 0 0 95 99 218 255 225 157 128 117
    21 0 206 227 179 0 186 255 0 255 182 193 75 3 0 36 0 0 255 157 255
    236 182 125 31 214 0 255 145 167 255 255 255 200 0 199 207 232 247 0
    255 105 132 0 37 35 0 99 244 255 93 201 230 76 35 1 72 255 241 242
    255 113 102 68 35 194 205 255 125 0 255 255 7 221 129 145 0 212 0
    238 0 0 255 40 0 96 84 255 0 22 72 117 0 8 0 151 47 0 107 181 118
    255 255 255 160 255 215 79 161 0 145 218 6 18 211 102 21 106 255 0
    191 164 53 3 70 56 0 253 102 164 7 0 255 173 255 38 95 139 255 248
    202 108 255 12 254 67 0 39 127 228 250 190 206 239 8 192 129 206 60
    0 176 112 0 5 203 0 187 248 124 88 159 0 36 116 237 0 0 229 167 123
    71 255 0 237 15 0 182 255 255 101 231 255 174 105 0 0 105 136 116
    248 93 149 0 96 0 39 50 236 0 0 3 255 92 0 173 107 129 92 33 0 37 32
    255 0 97 206 10 255 231 189 6 0 242 196 153 175 0 199 116 20 140 61
    216 255 195 0 56 0 222 0 253 255 0 76 50 213 149 0 111 0 255 255 255
    193 176 141 255 255 118 148 116 149 255 232 11 156 0 254 54 255 0 0
    255 161 56 37 255 128 22 131 75 214 110 28 97 72 22 80 0 255 0 255
    64 83 255 27 112 255 167 40 0 66 255 128 156 255 58 243 32 209 255
    255 255 237 255 255 138 255 249 44 255 128 255 85 255 0 0 206 223 39
    255 255 0 0 255 43 255 0 246 108 117 255 232 135 255 241 71 24 0 0 0
    3 0 133 220 255 159 56 6 111 255 85 0 171 179 255 46 235 0 62 255
    255 210 0 37 88 0 102 200 222 255 255 97 255 244 255 255 255 175 62
    144 7 45 0 234 221 39 119 138 0 7 142 127 237 255 11 226 255 232 255
    241 255 253 218 0 83 255 0 255 0 31 254 0 187 0 153 143 103 255 255
    189 161 106 39 255 183 107 76 217 0 143 236 255 0 0 61 219 149 255
    68 129 188 52 198 18 255 0 178 255 255 227 0 247 255 114 0 111 0 168
    165 194 19 235 126 80 255 206 243 170 165 134 255 16 155 229 0 255
    216 164 255 246 162 255 0 0 255 174 2 66 16 255 0 167 0 0 255 0 0
    230 249 167 0 255 0 240 106 0 179 0 26 1 224 0 199 255 143 156 241
    255 0 145 203 0 0 2 168 145 9 47 255 198 46 0 255 255 90 255 0 0 238
    208 148 189 0 101 0 157 0 140 147 0 79 126 18 255 72 148 171 31 170
    0 0 0 0 255 214 181 255 255 5 255 200 251 255 163 72 0 139 229 249
    42 201 214 255 255 0 0 224 255 124 74 48 0 0 12 246 145 255 195 0 48
    6 81 0 116 255 0 164 52 40 14 25 0 112 22 34 0 77 88 255 255 123 107
    239 96 21 124 128 194 244 255 255 83 255 70 255 25 41 228 209 87 227
    255 255 92 168 255 0 62 99 10 176 249 47 250 60 12 172 101 68 34 191
    84 135 0 149 239 24 105 0 25 169 132 78 239 28 218 0 253 175 0 255
    49 171 86 0 53 207 225 255 236 0 6 232 123 149 116 188 144 105 210
    90 255 148 32 179 242 202 169 0 0 135 255 0 205 0 255 195 167 255
    255 255 66 199 85 255 233 25 107 255 255 81 255 145 238 209 2 134
    255 99 94 255 55 166 157 51 133 145 192 22 99 61 0 68 0 69 255 190
    218 255 255 76 110 114 255 109 253 0 107 255 69 255 104 142 255 62
    73 0 245 151 0 2 123 191 255 0 0 83 125 138 61 64 229 252 195 112 44
    9 255 0 140 0 243 106 23 146 160 255 255 90 232 33 210 50 2 66 38
    178 255 218 157 79 255 209 255 0 85 97 8 26 255 193 33 31 0 31 255 0
    0 221 0 92 0 54 0 210 235 42 255 0 31 213 110 140 109 254 14 88 42
    255 255 224 154 0 211 106 105 255 50 168 0 195 10 57 39 212 33 115
    176 255 0 0 255 255 54 255 14 0 56 0 255 255 84 75 179 190 255 114 0
    120 145 255 201 255 151 0 0 146 75 255 154 137 255 180 16 49 255 75
    69 194 38 36 233 26 79 255 0 66 93 201 191 133 0 125 0 255 98 63 59
    255 160 0 88 0 21 241 135 0 235 0 139 34 137 255 53 139 173 27 255
    41 255 0 168 148 110 117 52 61 50 170 227 0 192 46 0 248 67 227 255
    0 255 0 150 110 52 174 255 208 19 230 255 255 145 147 255 106 66 0
    232 0 0 255 198 128 169 222 13 208 142 255 199 0 229 45 73 33 104
    255 143 0 0 198 243 0 255 174 118 178 132 214 51 180 117 0 143 255 0
    255 0 255 197 255 151 0 213 255 255 255 255 174 0 255 0 243 0 132
    255 66 53 153 162 0 0 86 255 159 144 0 74 0 227 0 43 136 0 0 43 65
    124 0 26 123 187 248 197 107 92 148 89 0 246 85 52 94 0 207 250 255
    86 203 100 255 0 226 0 255 0 255 0 255 44 169 31 0 158 133 76 203
    151 34 59 195 255 113 255 120 48 79 241 0 194 0 255 11 0 2 255 243
    161 0 193 106 0 255 136 14 0 166 255 105 255 161 255 168 4 0 255 166
    0 0 0 0 0 0 0 0 110 39 97 244 0 179 0 138 0 0 255 178 44 255 111 26
    30 138 0 0 176 96 209 255 160 16 26 83 219 248 255 77 87 0 66 112 0
    122 103 166 188 178 153 0 37 0 155 252 0 160 169 250 153 82 170 255
    0 125 255 123 255 102 255 177 255 161 104 0 255 121 234 224 0 198
    114 72 1 123 0 224 52 43 166 108 94 255 255 255 123 226 153 0 255 61
    255 82 228 120 134 185 145 73 0 209 196 0 78 98 0 232 0 209 0 54 196
    13 125 255 177 207 183 74 104 255 0 25 255 255 155 0 255 244 255 72
    78 153 255 255 218 166 0 49 255 129 198 0 250 255 146 255 183 54 0
    79 255 49 236 0 0 147 51 21 255 79 0 255 61 226 255 255 2 3 0 83 54
    255 253 229 77 255 255 65 13 183 255 255 0 100 111 0 148 0 130 0 0
    255 1 210 167 0 0 41 91 8 94 140 255 0 43 255 40 255 0 246 207 0 0
    187 82 0 245 129 164 173 0 181 140 113 245 255 0 255 0 169 255 159
    100 223 0 145 0 88 0 36 113 47 180 165 255 0 42 0 103 255 0 0 0 255
    148 0 168 0 0 0 138 115 139 29 162 75 156 0 50 89 0 214 39 236 255
    57 16 204 236 160 255 0 255 213 0 8 0 79 90 0 38 0 0 0 79 55 164 227
    224 162 255 177 0 255 8 0 41 220 58 86 45 0 90 43 255 255 175 124
    255 232 0 170 255 138 82 0 98 255 255 0 135 42 22 126 167 255 190 1
    128 255 186 200 209 0 7 182 255 15 0 255 255 50 143 255 176 155 125
    255 188 24 255 128 0 177 255 212 11 84 171 111 0 213 255 254 204 170
    0 212 111 96 66 0 0 0 255 255 187 50 255 217 103 39 202 0 0 210 173
    114 161 114 255 0 212 39 69 119 13 0 255 255 96 240 38 118 0 95 255
    0 157 0 71 85 116 107 255 53 175 255 31 70 16 255 238 12 23 65 226
    255 0 140 138 18 0 171 255 0 163 255 84 255 14 0 79 104 0 201 255
    255 255 164 34 163 94 71 10 0 211 255 215 165 0 67 0 28 89 139 139
    154 70 160 15 255 85 29 133 120 170 0 50 168 159 255 255 167 255 255
    58 92 164 228 0 20 255 136 0 0 0 173 0 204 160 255 0 185 255 0 79
    239 153 207 255 72 185 55 168 182 205 162 255 17 48 55 160 241 255
    57 255 173 0 90 114 89 255 255 34 116 255 138 149 84 48 171 255 201
    255 215 29 88 98 24 105 0 82 159 203 142 0 28 0 243 50 225 123 0 249
    255 175 44 255 151 149 244 102 134 0 160 237 0 77 233 0 255 201 255
    137 251 165 255 213 216 4 0 218 169 95 49 166 255 162 255 0 0 157 0
    111 165 0 216 26 82 255 247 43 226 148 0 63 166 14 255 53 144 227
    255 0 255 14 121 202 64 255 222 153 39 255 0 255 16 121 149 230 0 0
    36 29 150 4 93 255 255 7 0 113 229 145 0 61 120 255 68 7 219 0 0 0
    92 255 169 100 64 65 249 254 131 54 255 157 0 31 0 97 203 255 150
    198 255 36 255 255 255 233 118 175 139 52 0 0 0 66 0 157 132 132 187
    255 29 124 255 148 0 104 0 199 0 146 255 0 5 227 201 0 165 255 127
    22 255 4 0 255 171 190 58 0 249 94 255 37 59 255 0 0 255 254 78 255
    36 0 222 255 37 255 255 156 168 16 56 236 0 151 0 15 238 0 37 153
    255 255 255 56 212 117 26 230 93 153 75 255 37 255 211 225 255 71
    255 199 183 209 0 63 255 245 0 255 255 178 185 255 46 0 0 184 255 0
    30 61 0 181 144 196 0 0 250 202 231 255 0 255 246 173 255 74 255 45
    31 150 0 0 14 255 218 82 147 169 255 0 0 0 0 157 255 251 54 0 120 83
    11 105 170 0 194 148 0 106 79 0 1 255 106 16 0 154 122 0 138 75 0
    172 204 103 90 74 40 0 213 193 137 178 223 139 201 250 114 193 128
    42 197 0 174 203 184 117 0 87 66 87 131 0 207 0 255 223 212 65 0 0
    255 0 4 86 0 255 255 255 255 97 14 36 0 228 27 255 5 168 255 255 0
    108 0 200 255 19 102 160 255 226 214 255 255 74 206 206 119 108 196
    17 0 255 36 148 141 255 69 255 99 255 112 47 158 0 210 106 238 255
    255 255 53 187 255 255 208 0 227 161 185 23 210 0 0 149 0 177 6 255
    255 24 0 255 41 255 28 255 0 22 212 84 0 55 255 142 93 255 123 148
    34 0 0 255 145 255 202 3 127 0 169 255 100 50 255 60 255 37 28 195
    138 255 0 68 145 0 0 91 0 0 71 255 49 23 0 143 0 255 147 178 255 36
    36 29 0 58 0 244 0 193 181 224 148 20 255 0 0 28 0 200 253 149 204
    63 40 255 255 59 166 225 20 10 255 133 201 255 113 240 35 59 160 255
    5 50 183 12 23 255 146 255 0 142 0 0 163 0 0 0 44 246 255 227 255
    218 0 255 57 27 0 232 9 255 0 38 52 150 188 236 66 0 243 0 217 22
    239 97 206 17 255 255 255 75 180 255 255 0 98 24 76 168 49 255 142
    151 237 61 27 255 0 0 79 249 80 129 120 0 224 255 39 255 255 0 0 206
    42 93 0 237 106 89 18 16 0 109 4 184 0 0 0 255 59 29 145 95 232 255
    201 255 0 50 255 90 13 36 0 255 67 45 0 157 0 65 255 0 51 204 30 215
    85 0 0 236 0 0 0 0 255 0 25 255 255 255 0 0 0 0 64 0 116 86 57 99 55
    255 255 255 0 255 71 255 0 255 136 97 163 147 226 251 0 45 159 72
    124 255 255 117 0 97 89 146 209 255 73 104 255 245 30 80 0 211 173
    246 255 0 156 30 255 255 255 255 51 79 168 255 96 0 49 5 213 0 193
    235 38 244 233 218 159 255 235 32 62 255 68 180 250 14 217 255 0 37
    188 53 255 8 41 255 0 3 255 10 206 196 235 0 255 0 118 81 142 144
    255 18 57 18 243 63 0 175 0 116 55 92 75 171 194 255 181 139 255 0
    38 206 0 117 100 27 125 0 206 99 194 238 255 88 255 29 201 180 255 0
    81 104 175 48 83 7 61 108 103 189 8 73 255 255 0 180 225 0 228 225
    255 0 216 0 183 0 0 86 255 255 0 47 159 255 181 0 240 23 26 19 255
    210 255 255 0 255 0 236 255 73 255 65 255 85 55 0 141 190 255 73 182
    222 45 255 255 0 255 25 0 84 255 253 0 0 111 56 252 7 99 228 255 115
    160 255 255 13 127 101 18 9 108 255 255 0 255 255 143 69 0 237 144 0
    246 0 3 201 93 156 20 206 255 0 242 255 84 255 184 126 38 186 110
    218 250 0 9 171 28 255 253 31 236 156 42 0 0 46 255 114 255 255 252
    255 255 0 45 255 168 210 0 0 111 0 255 207 184 250 255 0 255 109 253
    0 25 255 239 245 255 0 255 229 127 0 15 255 255 255 82 75 255 255 0
    37 245 255 68 18 71 244 255 76 255 191 218 219 198 152 135 255 187
    239 31 64 255 0 137 143 94 139 141 101 133 255 127 0 77 183 174 99
    255 83 231 181 184 135 255 108 10 210 133 138 15 255 148 255 0 202
    255 110 255 254 0 0 168 255 255 0 255 35 255 255 33 140 87 129 248
    53 96 255 86 255 22 161 0 190 233 163 0 255 242 135 209 11 0 151 0 0
    200 255 237 102 255 0 255 255 12 0 175 224 148 165 220 47 255 232 0
    56 0 49 208 0 109 255 217 174 214 255 89 255 221 185 210 34 3 255 0
    0 64 83 166 255 196 45 32 209 0 138 247 223 255 151 0 176 232 255
    255 119 56 109 236 205 147 86 0 0 180 255 255 242 56 186 255 121 10
    0 37 183 255 255 255 31 154 48 110 45 255 0 151 37 207 13 178 125 6
    29 39 0 204 120 101 205 216 150 85 1 255 255 211 0 255 163 255 109 4
    184 182 0 255 130 0 69 45 159 61 150 0 217 200 156 184 252 58 189
    255 52 145 255 13 255 3 255 32 0 219 255 79 184 228 255 254 255 0
    255 0 255 7 0 203 0 141 188 255 50 92 124 255 255 0 103 255 0 0 245
    0 44 52 0 255 11 82 0 62 37 51 155 0 255 170 192 198 162 255 11 255
    32 255 14 34 214 0 255 255 190 188 45 255 0 0 64 142 0 0 0 0 180 255
    171 0 255 236 179 72 44 75 0 231 255 209 116 40 0 0 236 255 65 251
    12 0 5 58 0 183 0 63 255 37 252 255 187 141 255 0 255 231 82 255 171
    228 215 255 196 30 124 0 0 0 255 226 14 153 0 162 24 39 138 145 230
    178 156 0 106 199 11 145 222 50 228 237 23 255 0 255 40 255 255 198
    174 0 255 142 81 174 228 129 117 0 22 113 218 209 255 92 121 215 234
    93 138 255 131 158 173 165 103 0 91 230 86 181 245 149 0 0 27 0 255
    224 218 255 0 255 0 17 0 104 255 255 92 255 198 83 255 124 24 13 0 0
    0 183 213 0 255 0 255 255 218 1 27 0 255 124 255 255 162 77 209 255
    0 177 110 255 227 235 255 137 0 255 0 176 255 0 222 127 4 136 72 0 0
    57 255 0 192 255 94 100 154 28 241 88 255 40 0 255 255 0 37 255 4 26
    172 134 104 0 111 85 255 0 224 255 0 243 146 153 193 0 207 127 28
    255 193 255 140 255 0 102 0 134 99 7 255 65 255 0 251 11 255 166 0 0
    58 26 181 68 229 84 91 167 22 89 20 141 255 255 162 189 78 0 160 40
    255 175 135 194 241 255 25 81 13 143 255 228 69 0 130 0 135 83 0 255
    65 255 0 227 83 35 109 82 255 255 41 143 158 0 11 183 60 117 169 29
    0 0 255 175 255 127 169 121 198 85 146 103 180 255 70 0 0 255 153 0
    255 183 166 0 244 171 0 92 3 112 244 133 151 62 128 0 86 85 0 211 0
    131 255 0 6 0 5 0 141 232 255 25 255 39 240 212 255 90 0 255 95 205
    84 225 17 0 255 141 0 255 0 53 142 39 51 117 255 45 0 175 9 0 105 58
    249 246 0 0 177 235 0 202 123 255 255 161 0 0 66 0 255 94 0 223 141
    165 164 0 212 78 0 253 255 244 42 195 255 168 184 255 148 36 0 126
    150 100 26 128 90 16 255 255 48 0 211 133 80 255 128 255 163 132 28
    152 94 23 185 0 162 0 255 226 15 255 174 179 51 110 64 211 235 110 0
    255 76 255 174 170 213 32 76 0 131 165 54 255 158 166 0 244 241 0
    172 0 161 117 141 64 255 57 203 255 153 106 178 138 0 196 0 210 86 0
    149 116 0 174 101 113 254 255 0 255 138 135 239 255 135 255 255 225
    62 199 8 0 169 230 255 171 255 0 255 145 92 255 39 0 0 0 0 168 0 0
    32 255 255 246 206 26 10 0 82 155 155 209 15 167 122 0 43 16 88 95 0
    0 221 48 31 177 72 48 0 0 250 27 200 16 221 114 65 0 0 255 0 24 80
    255 0 255 255 0 0 0 208 157 153 104 0 160 124 132 216 52 122 255 48
    58 255 17 0 13 0 212 233 0 0 46 148 242 27 0 136 94 86 98 255 255
    255 255 130 176 159 45 0 170 17 212 67 0 255 231 217 0 0 117 179 1
    118 0 134 255 33 115 77 0 46 60 17 255 0 18 41 255 5 239 255 26 0
    255 87 255 129 0 216 78 0 236 76 105 101 164 255 105 10 88 197 115 0
    160 255 122 0 255 24 113 0 220 145 30 255 255 0 0 255 167 175 205 0
    255 241 223 255 0 255 0 53 255 221 255 0 121 230 17 81 9 213 255 255
    255 185 0 255 0 0 140 141 0 255 3 105 0 79 203 235 208 119 0 255 0 0
    0 255 88 120 255 255 108 110 5 170 255 255 255 249 145 145 255 255
    239 55 143 196 0 235 0 147 255 69 255 255 99 0 234 255 0 48 255 221
    147 248 255 255 0 223 182 255 3 0 0 231 0 75 11 255 0 255 6 244 17
    255 207 200 229 137 255 177 156 255 255 40 237 19 255 255 193 125 61
    15 255 53 158 255 119 70 255 0 136 209 0 0 49 190 0 50 255 148 255
    183 142 252 0 255 255 0 47 0 0 0 191 117 226 47 167 226 15 0 198 76
    217 232 234 0 91 16 38 25 114 129 227 220 202 150 0 66 0 0 193 230
    54 255 151 87 255 189 255 255 244 207 130 215 166 103 0 0 255 73 19
    255 198 14 206 124 44 115 198 93 87 52 0 0 255 58 192 133 53 0 84
    255 138 0 42 12 255 255 255 143 168 0 255 255 254 243 72 212 36 0 0
    233 0 255 213 83 255 0 226 83 135 3 127 207 0 255 158 31 118 0 0 139
    0 61 201 255 253 14 146 175 0 0 129 183 255 189 56 127 196 159 255
    234 229 238 181 142 255 121 92 148 0 255 77 0 0 50 255 255 4 255 22
    203 0 255 0 206 255 105 56 91 221 96 0 48 214 0 47 0 255 136 133 255
    19 255 0 0 64 64 0 0 147 17 12 193 145 0 78 0 130 244 44 187 79 0 0
    104 0 255 255 0 0 201 148 0 0 175 228 255 100 222 181 255 255 230
    255 86 249 167 0 160 167 177 211 255 0 91 189 170 238 0 255 241 93 0
    35 116 60 255 0 0 45 129 188 8 255 42 211 45 0 155 0 0 71 95 190 0
    255 0 0 0 144 0 118 151 0 194 179 255 6 196 0 76 0 215 58 0 170 0 0
    96 0 234 211 0 255 255 255 172 0 200 110 90 119 97 255 238 255 136
    86 151 7 142 54 60 114 233 19 98 255 5 58 152 255 125 255 164 108 43
    123 255 186 237 0 0 199 0 201 4 0 138 0 96 120 255 255 0 168 131 29
    0 0 157 193 0 255 205 23 110 255 0 209 0 78 0 255 255 0 141 17 194 0
    0 20 0 18 164 0 255 0 186 0 146 40 0 88 0 0 0 203 112 86 255 0 131
    235 245 255 255 195 62 0 255 140 176 255 0 0 210 0 189 0 185 56 60
    152 13 65 0 250 205 102 56 148 124 0 149 255 159 217 255 253 1 46
    255 255 157 131 0 0 129 124 0 13 219 122 0 4 104 147 255 80 167 4
    255 159 85 67 20 98 3 0 24 0 255 5 255 233 255 47 255 0 52 0 22 121
    224 255 255 0 0 255 255 109 0 164 90 101 255 227 255 0 255 165 97 17
    255 31 3 189 125 19 83 0 0 0 75 255 187 191 255 97 64 44 0 168 255 0
    190 21 179 0 88 195 19 0 220 228 7 232 0 71 160 89 70 134 222 171 54
    150 206 199 0 167 202 0 108 154 223 255 255 0 0 25 0 0 200 255 176 6
    185 155 174 246 255 117 98 214 188 138 218 255 11 130 47 0 0 0 0 201
    14 119 255 234 220 181 46 255 125 189 86 60 255 145 20 187 210 0 0
    29 255 0 255 255 0 184 249 182 0 116 255 0 212 71 160 241 44 0 42 0
    255 184 65 255 0 107 0 67 255 10 225 84 51 195 152 57 236 255 106 40
    39 22 123 244 165 0 157 73 213 255 255 255 210 0 21 218 86 0 0 255
    192 255 75 0 116 94 143 227 0 167 0 0 232 30 69 20 116 41 169 87 212
    214 130 255 185 0 255 196 149 45 8 184 255 165 189 238 48 10 255 255
    58 186 255 21 211 72 255 0 0 0 251 0 255 188 0 127 31 22 0 115 133
    29 173 5 82 100 149 255 255 47 212 193 172 255 17 255 224 77 36 115
    141 255 191 102 203 0 109 82 12 136 0 238 58 82 84 225 255 96 0 0
    178 75 28 78 146 222 0 255 164 122 255 85 207 93 61 98 0 146 208 173
    21 255 162 255 162 96 148 0 27 255 99 182 74 36 216 0 255 0 1 31 255
    167 83 255 0 115 162 190 78 255 243 80 216 232 255 206 255 118 10
    255 74 0 72 182 248 0 21 174 255 68 84 255 255 255 255 0 2 110 237 0
    251 125 29 255 71 255 149 6 255 175 202 171 134 92 255 65 55 213 0 5
    212 255 255 147 198 84 255 0 185 209 180 0 177 255 115 255 79 212 0
    255 155 0 182 255 0 2 255 20 0 255 87 0 255 196 0 214 0 45 255 230
    255 83 255 19 25 0 213 110 101 255 0 250 139 157 42 83 255 255 107
    22 75 31 38 0 224 163 0 255 22 12 251 51 161 163 52 108 255 0 5 96
    255 156 67 0 0 216 127 65 255 255 41 212 232 171 253 133 255 34 0 0
    0 0 142 169 255 255 135 234 181 255 212 210 0 0 91 0 80 0 66 253 0
    179 235 164 39 105 0 0 111 194 0 255 53 193 121 0 255 177 255 197 50
    35 29 13 0 82 66 22 237 222 145 39 255 233 232 255 82 112 142 255 16
    255 0 255 206 241 0 0 164 178 187 49 168 247 171 203 255 53 255 58 0
    139 0 0 90 0 255 42 207 155 255 0 50 0 61 255 183 173 0 42 255 50 11
    255 255 76 222 153 221 211 140 173 21 20 244 255 48 0 190 0 69 223
    159 178 255 255 0 0 193 244 207 0 135 189 0 133 76 126 146 75 21 108
    153 70 184 55 255 214 67 238 45 175 131 16 51 51 85 0 0 255 204 0 0
    255 39 255 177 223 187 255 107 181 168 82 66 0 46 197 0 57 230 47
    124 70 29 2 255 246 0 255 255 47 238 118 248 62 123 137 241 84 145
    12 255 15 201 246 135 255 174 224 255 12 0 64 0 29 38 255 255 255 15
    255 33 0 95 187 255 255 107 0 0 209 0 123 236 89 255 255 117 254 108
    111 136 240 130 255 103 255 85 122 120 35 255 52 0 66 255 0 156 56
    71 147 26 255 255 86 180 167 89 129 125 83 0 88 199 81 195 255 221
    255 115 189 255 2 166 87 231 0 103 255 93 235 148 11 126 0 199 255
    217 169 167 58 255 0 255 97 0 197 255 69 255 255 235 114 255 255 0
    255 222 242 252 84 255 18 31 202 71 255 202 0 245 42 255 154 70 255
    255 97 13 255 36 0 39 182 0 0 255 76 235 255 255 54 220 255 251 249
    130 124 229 0 255 255 255 218 255 104 255 255 194 255 62 255 7 255
    171 192 205 0 178 43 58 0 255 1 0 17 128 0 82 228 0 255 136 128 255
    178 193 21 53 95 255 0 236 132 255 46 225 179 253 114 16 129 126 170
    203 229 255 171 216 127 212 50 0 237 28 255 140 185 167 103 0 80 254
    0 0 174 173 168 61 193 19 155 243 156 138 255 253 0 208 156 255 153
    95 233 132 60 250 111 209 0 118 158 61 248 0 170 0 162 56 0 60 0 14
    51 77 255 221 6 255 157 0 145 255 104 255 167 216 132 151 88 0 255
    50 130 119 241 255 62 255 22 30 181 146 32 5 41 255 0 223 4 46 202
    255 4 165 25 223 0 52 78 255 0 255 154 250 255 35 255 255 0 255 255
    212 59 6 107 0 119 13 68 198 120 59 0 76 245 67 0 0 245 252 0 27 226
    37 223 11 120 255 0 111 0 251 145 255 109 11 233 255 0 51 255 247
    123 0 80 255 0 0 255 235 250 180 44 15 0 229 118 255 255 21 0 255
    244 63 134 204 233 255 255 86 52 53 79 0 0 214 216 101 194 255 237
    243 0 253 119 0 244 0 255 18 191 55 9 153 25 255 181 255 71 0 0 0
    232 65 0 89 180 0 237 135 15 0 139 227 218 255 237 255 0 180 136 90
    132 57 132 59 255 255 0 128 53 168 65 254 0 0 0 0 149 151 219 213 0
    255 235 126 58 255 0 255 188 138 187 76 0 63 221 255 38 255 53 22 42
    123 255 255 174 215 0 0 255 255 255 168 0 196 0 204 0 87 190 0 255
    118 149 34 232 0 0 255 55 218 165 255 220 182 0 255 189 179 37 136
    239 102 229 60 71 255 16 255 134 12 162 216 193 10 0 170 255 0 144
    144 0 199 110 106 255 28 29 255 255 145 255 70 134 0 140 124 46 0
    175 134 164 85 54 21 29 255 241 231 134 133 144 1 0 251 48 255 228
    76 252 0 0 11 240 0 0 131 165 165 171 255 133 174 161 46 255 142 59
    130 12 159 161 34 52 0 151 173 255 0 21 255 0 29 46 114 123 0 162 0
    0 95 12 10 138 0 101 255 163 192 86 192 230 239 203 43 255 255 124
    68 255 255 190 255 255 0 221 177 55 255 217 245 85 0 224 97 44 164
    166 218 199 255 237 0 255 128 62 232 133 0 43 189 24 33 167 0 255 0
    88 31 155 0 45 255 147 56 106 255 146 77 0 42 255 0 0 0 166 0 59 236
    204 0 47 0 164 255 23 151 252 113 153 155 70 243 0 61 87 250 0 47
    226 166 113 133 191 4 32 180 140 0 106 157 255 173 35 196 255 179 0
    44 0 58 0 183 130 0 255 217 69 50 0 136 128 58 195 219 0 125 109 0
    170 75 5 255 255 255 14 0 46 226 198 74 91 206 192 0 255 116 26 243
    178 90 206 100 0 68 255 0 0 230 255 112 143 123 255 255 255 193 0
    215 214 123 47 130 154 255 6 107 255 45 236 0 0 95 85 170 0 146 93 0
    146 200 255 255 159 37 255 238 255 255 255 0 209 155 107 213 255 21
    0 129 157 0 52 255 145 142 0 255 38 90 180 42 250 0 164 153 0 110
    100 199 255 251 136 255 2 255 0 210 255 0 226 255 161 0 69 0 129 0
    73 23 61 0 184 222 5 131 201 213 0 248 167 55 0 255 0 62 255 240 241
    255 24 0 146 255 26 204 0 171 147 255 211 109 241 255 138 0 0 100
    255 172 100 50 0 144 4 0 0 0 201 255 55 149 166 183 182 0 255 194
    119 0 50 43 0 0 123 151 113 255 9 119 255 97 217 189 108 13 39 252
    221 89 255 0 255 131 221 136 219 104 187 255 102 129 0 87 83 25 255
    112 156 157 14 39 229 235 6 0 255 32 255 255 0 0 255 202 205 255 83
    205 6 140 0 148 64 198 25 0 163 255 255 74 17 254 238 153 255 255 10
    255 0 94 133 92 122 144 134 124 9 255 255 0 32 108 161 255 255 1 182
    234 255 212 242 183 0 255 74 0 22 255 0 255 178 221 80 245 224 48 0
    0 255 255 226 187 40 60 232 97 180 95 19 206 78 86 115 114 59 3 138
    163 29 175 254 158 146 203 190 255 140 247 156 79 246 79 0 55 42 180
    222 98 255 129 0 22 118 131 0 97 37 43 136 0 229 0 255 255 147 35
    128 49 255 107 0 241 47 129 24 0 149 255 255 0 0 116 118 72 0 0 195
    141 113 63 47 247 0 136 33 26 133 227 255 111 115 255 58 213 255 232
    0 146 11 208 35 255 249 200 209 141 255 255 180 255 195 255 13 0 184
    0 255 48 255 221 0 29 253 101 76 211 247 231 44 29 228 12 115 0 22
    45 166 255 69 111 255 144 255 225 0 40 111 0 75 109 46 255 17 197
    255 57 0 214 144 0 159 60 0 0 111 180 24 66 255 1 247 189 243 255
    209 255 15 255 0 85 0 0 96 255 0 216 156 6 0 49 142 196 187 255 79
    255 79 107 9 76 108 255 255 235 0 224 174 121 59 102 106 0 255 80
    193 6 0 255 249 63 0 255 16 0 255 0 112 195 202 254 255 141 233 176
    215 217 198 234 0 48 231 1 37 125 207 63 220 0 16 211 147 0 0 255
    129 255 109 215 161 210 8 85 87 207 0 0 0 65 26 39 255 137 255 0 132
    149 238 156 255 255 255 255 123 227 48 247 0 85 232 0 255 255 255 3
    79 227 82 146 0 130 6 161 255 223 109 255 255 0 59 255 255 255 237
    122 100 0 21 255 235 158 0 0 255 255 97 58 255 189 176 177 255 239
    18 126 0 212 129 119 35 0 103 3 58 0 255 140 136 41 75 255 142 255
    27 14 48 214 117 45 35 226 117 38 0 255 0 22 0 70 114 122 45 0 255
    66 217 248 28 189 255 255 19 16 9 243 81 115 0 249 2 255 0 0 255 0 0
    144 255 208 192 213 255 51 255 186 16 255 30 118 0 1 0 0 93 43 0 211
    34 181 255 255 255 69 237 102 255 224 71 205 107 255 0 0 211 0 233 0
    140 90 203 255 255 79 192 232 255 255 255 221 0 249 0 243 156 255
    255 41 255 209 0 0 161 140 178 100 227 81 255 0 0 100 232 160 18 255
    131 61 77 58 242 192 224 229 219 153 255 0 0 255 255 92 166 255 21 0
    70 248 136 203 62 0 99 0 185 210 255 255 83 0 195 238 0 16 77 0 21
    255 149 31 255 141 255 255 137 152 240 255 255 0 162 154 39 209 255
    90 0 29 42 0 61 0 92 157 255 168 0 255 153 0 0 255 0 255 255 19 1
    255 68 224 0 0 82 255 255 186 255 149 255 55 0 52 26 112 255 0 255 0
    254 3 255 105 45 0 253 3 19 38 237 173 0 83 146 143 255 20 189 245
    255 108 22 95 165 18 255 248 115 19 225 236 0 255 84 136 4 255 0 73
    180 207 52 36 142 103 24 255 143 69 0 51 0 0 173 23 140 255 0 33 117
    30 255 5 114 116 255 204 0 0 255 255 255 236 244 202 226 211 194 207
    57 36 0 74 209 0 152 90 74 177 255 54 46 11 25 152 6 0 109 249 198
    246 30 141 255 230 0 153 118 84 162 238 255 67 152 0 251 81 166 255
    5 0 236 11 42 255 200 128 0 0 209 0 255 102 255 255 235 179 0 237 9
    105 88 89 155 240 0 0 255 255 231 0 0 0 1 168 137 0 38 255 247 0 199
    121 0 255 60 214 143 0 105 250 0 74 194 0 15 84 128 120 23 82 255 0
    22 152 213 0 220 227 162 0 255 164 255 255 214 255 255 40 215 0 93 0
    127 161 0 239 195 124 167 74 11 203 255 173 8 54 255 0 48 0 255 0 0
    232 0 39 49 4 25 255 206 255 17 0 0 106 50 0 59 27 254 173 0 30 72 0
    93 255 255 145 77 124 107 72 144 192 212 27 247 157 70 255 255 105
    65 255 0 255 0 187 255 255 36 251 251 222 183 188 228 10 36 53 247
    255 194 255 255 139 156 213 255 224 211 255 255 158 255 160 141 213
    200 161 120 255 229 0 24 25 0 89 67 73 172 172 102 64 0 104 0 25 198
    0 40 52 255 86 0 239 83 255 95 255 243 0 255 0 0 0 0 234 173 255 222
    84 222 165 38 255 42 14 255 244 88 6 0 191 129 255 0 3 18 243 0 0 0
    183 139 0 0 124 0 126 127 0 255 24 66 221 79 70 12 255 255 142 255
    255 255 0 204 154 0 245 98 171 0 255 59 185 0 255 116 143 255 147
    102 255 255 255 246 172 215 190 61 8 255 136 255 93 217 35 255 55
    255 203 255 219 0 0 175 0 206 251 255 30 95 184 255 150 165 15 255
    47 184 255 255 103 74 103 255 237 0 0 255 0 0 148 129 5 255 61 255
    122 41 0 85 119 255 114 34 58 23 241 186 138 255 250 214 64 255 10
    171 243 255 56 241 184 74 0 255 219 15 0 224 68 0 255 255 175 80 177
    16 176 255 0 0 255 189 197 255 137 40 142 255 229 0 254 255 255 94 0
    126 152 255 23 197 255 0 84 115 0 255 196 58 213 0 122 0 0 215 132
    98 255 255 180 211 219 255 21 50 240 100 255 255 132 37 89 236 15
    172 255 0 255 109 249 0 238 193 251 255 255 59 165 111 255 168 144
    231 184 203 250 92 96 0 92 115 255 124 255 0 255 214 76 233 146 0
    179 0 146 91 255 67 255 255 72 255 7 8 255 0 96 103 197 213 255 52
    112 180 0 135 127 255 132 8 239 0 0 73 21 146 121 255 108 162 50 7
    121 90 196 120 0 255 0 255 134 140 255 231 255 224 174 182 37 0 163
    100 142 0 255 199 158 150 255 224 57 150 191 255 32 163 138 78 100 0
    0 5 24 129 255 102 169 91 140 255 189 0 0 0 255 255 255 161 0 90 214
    247 79 255 46 211 131 176 255 78 246 224 108 243 173 116 138 72 0
    163 142 0 118 1 178 18 70 255 255 234 123 69 75 0 0 34 125 253 0 255
    0 18 168 28 17 255 77 255 255 3 183 0 255 110 193 128 93 84 0 255 0
    248 76 192 20 100 159 178 40 203 221 154 0 0 37 0 92 153 37 194 201
    2 247 117 228 102 200 86 0 11 255 186 166 255 0 255 3 197 186 0 41
    174 123 29 235 0 43 255 81 0 101 160 94 96 1 116 0 0 243 0 116 88 7
    171 0 255 0 199 255 0 211 255 197 0 185 244 0 244 0 232 0 44 31 0 0
    0 100 202 70 255 0 255 192 39 208 160 202 194 233 0 243 0 239 21 0
    160 87 66 99 209 0 181 245 0 179 146 0 3 165 50 200 218 107 147 56
    170 0 210 0 105 254 68 50 0 0 155 103 126 244 255 0 0 0 0 40 255 255
    56 255 255 0 1 69 160 255 147 183 0 0 217 5 193 154 255 242 0 57 191
    207 114 108 0 0 137 244 12 255 65 240 61 71 250 192 0 0 169 255 74
    255 0 255 192 0 28 0 0 227 79 107 96 255 0 180 255 113 18 255 255
    255 118 32 0 57 0 0 164 0 135 195 59 255 23 255 62 178 208 100 0 255
    0 144 32 22 44 56 226 10 255 97 0 93 228 255 143 0 255 255 255 250
    244 255 73 104 0 255 252 0 0 255 21 255 12 220 27 0 124 132 255 186
    72 3 0 0 253 0 182 255 231 0 244 252 230 87 188 80 255 165 214 118 0
    154 0 0 107 0 12 255 0 240 132 112 255 0 255 0 163 255 0 221 91 255
    20 21 79 30 43 253 0 97 188 182 238 255 0 139 105 242 114 233 243 28
    0 192 14 79 192 167 210 255 0 246 214 236 1 210 234 0 65 14 118 255
    20 0 98 255 149 255 156 255 8 255 255 255 157 167 159 30 0 45 46 62
    216 0 0 41 2 8 250 159 243 213 84 148 255 197 44 228 0 0 206 83 255
    255 107 255 0 0 255 115 0 114 255 81 15 0 221 148 57 0 255 255 232
    255 47 255 166 255 93 222 44 255 0 95 255 188 255 30 102 188 203 35
    0 0 255 255 156 98 0 5 215 0 0 13 84 255 191 191 0 39 167 188 86 154
    255 246 0 255 136 102 0 0 255 255 99 154 142 106 21 207 3 0 244 112
    67 208 0 112 251 160 0 145 255 88 125 55 0 46 194 20 255 0 255 78
    255 231 0 229 0 255 0 126 31 0 255 201 118 66 108 0 181 0 98 255 0
    175 234 0 220 141 0 255 76 158 7 135 98 191 143 24 255 135 0 73 232
    0 181 255 145 3 205 0 108 255 134 151 255 255 81 198 154 221 54 105
    255 0 156 5 197 255 255 112 0 96 178 255 34 181 255 39 28 255 34 217
    178 0 89 60 52 50 94 6 28 255 255 199 116 0 231 169 175 183 225 247
    189 0 87 142 246 255 0 101 60 255 0 0 113 39 188 150 0 243 215 103
    121 0 255 255 255 189 91 88 255 79 105 255 85 213 255 0 16 191 165
    135 103 138 40 255 150 123 147 255 255 177 101 118 12 241 255 89 202
    201 66 16 0 0 50 56 255 31 0 255 149 96 255 175 226 255 0 255 212 0
    255 255 40 141 17 243 0 255 32 150 28 255 59 255 201 0 185 131 0 111
    255 0 18 0 150 43 162 6 41 77 255 0 255 255 255 0 0 44 83 142 0 40 0
    187 115 164 0 64 164 56 92 120 0 255 0 0 103 17 181 255 112 167 255
    0 255 255 0 129 17 255 0 220 1 20 181 0 115 153 145 0 0 111 0 208 0
    255 121 9 104 142 154 255 169 0 210 87 255 224 62 217 89 231 179 0
    255 61 0 192 177 255 0 152 0 254 138 41 36 0 8 255 94 255 0 255 255
    126 255 238 48 0 187 0 235 255 255 75 0 255 0 218 0 0 179 70 135 255
    255 255 0 0 145 255 64 255 165 246 199 14 24 255 4 21 88 149 0 196 0
    255 29 210 235 230 138 238 255 142 254 0 198 220 0 146 254 255 110
    75 255 46 255 0 255 0 25 0 182 210 255 154 255 0 103 246 38 93 255
    28 255 91 189 1 247 255 115 0 85 255 156 238 255 27 0 11 255 245 255
    50 106 143 5 255 247 0 115 0 10 127 127 255 112 244 118 30 243 173
    83 254 0 255 174 80 135 255 115 204 58 130 242 92 0 128 85 226 126
    203 84 4 100 255 172 148 16 252 255 243 204 172 0 141 107 128 143 0
    218 232 0 83 0 172 255 16 0 0 0 109 40 63 156 59 219 198 0 231 177
    89 255 255 0 255 222 0 202 86 142 88 111 85 135 255 255 0 33 111 170
    39 254 145 131 255 19 97 0 0 146 0 255 108 169 0 248 0 17 74 255 198
    0 140 198 255 225 203 173 255 121 192 151 0 253 255 192 28 255 255
    65 255 145 147 0 0 136 123 196 93 255 91 0 255 33 147 0 177 255 129
    0 138 0 121 54 0 175 103 0 119 54 129 6 0 255 4 0 88 0 0 106 255 20
    255 181 57 87 0 144 176 81 0 255 0 128 0 255 41 235 60 53 231 70 247
    106 0 159 207 248 255 165 0 0 76 0 78 153 255 255 46 22 255 56 250
    241 255 215 9 0 0 131 255 255 178 210 255 120 36 12 61 162 192 0 255
    79 246 0 186 36 124 73 119 138 164 201 215 75 0 59 255 197 234 33 0
    255 255 154 255 26 0 80 13 232 0 251 240 186 200 95 0 255 255 255
    255 228 255 65 48 73 151 48 0 203 65 38 183 255 126 70 210 0 92 240
    0 168 212 217 61 115 255 62 49 33 255 163 2 8 181 150 195 0 91 255
    212 0 177 0 66 133 49 82 36 36 160 196 201 1 150 32 0 11 97 0 229 0
    66 255 125 216 45 0 131 55 129 0 117 179 198 47 173 205 163 0 0 0 0
    0 183 108 38 0 95 158 98 0 255 50 255 0 0 0 215 0 227 213 215 0 225
    193 202 113 177 250 205 54 255 39 243 123 26 255 190 255 195 0 255
    130 205 78 255 0 0 0 0 0 201 255 0 241 0 255 92 64 153 240 0 197 35
    255 255 0 114 129 78 151 4 194 33 0 61 255 100 71 7 60 251 2 182 144
    197 255 255 0 171 0 0 193 195 164 255 19 34 139 255 148 42 103 235
    255 144 255 51 148 0 187 223 0 203 0 218 125 165 133 0 0 156 9 111
    103 0 255 44 24 49 20 83 215 255 49 255 255 151 217 255 17 255 0 0
    255 0 243 49 168 179 0 255 0 205 235 148 184 255 133 119 0 0 141 0 0
    0 51 211 255 167 255 209 87 79 255 123 0 0 145 238 35 216 255 255
    155 28 0 177 128 195 10 0 204 3 185 36 198 215 229 255 255 31 233 67
    10 254 101 204 27 255 127 17 241 0 86 86 223 255 48 181 113 26 128 0
    211 58 40 0 40 248 0 51 213 188 74 24 115 57 0 255 219 195 255 244
    255 105 160 236 255 0 255 179 157 132 162 216 255 52 0 0 13 4 0 255
    255 0 177 204 156 0 0 0 234 255 106 78 0 225 140 66 124 112 0 218 0
    0 67 215 234 164 182 185 0 154 162 196 255 255 94 243 0 0 138 40 40
    153 0 218 56 0 138 162 255 91 255 255 81 95 0 0 220 255 0 0 29 164
    255 152 255 87 203 130 192 149 255 0 221 54 0 132 50 255 56 253 255
    255 193 73 255 187 68 139 197 162 255 88 1 150 0 237 6 222 56 255 0
    0 0 195 219 0 170 255 206 255 114 29 109 0 0 0 255 74 222 246 252 0
    212 28 249 162 114 56 32 182 0 0 65 0 0 150 5 70 0 141 60 0 255 39
    48 0 255 227 250 0 0 0 0 0 225 44 198 255 255 190 97 255 0 0 184 68
    0 165 47 173 0 0 53 255 36 71 226 31 0 255 86 0 0 148 174 198 165
    100 63 0 0 72 100 88 0 27 165 123 51 255 120 81 79 153 0 75 39 148
    194 73 58 67 107 49 255 213 0 255 255 9 179 111 90 0 134 102 255 173
    0 230 139 98 0 0 182 16 255 0 166 169 226 255 98 247 255 0 125 0 221
    220 20 196 255 255 255 89 204 226 166 255 68 64 0 82 14 219 201 255
    252 0 174 45 255 0 142 212 143 206 152 255 0 255 0 45 87 0 209 118
    111 156 11 0 33 47 0 17 0 255 255 71 234 44 0 0 181 255 51 255 255 0
    255 255 223 65 0 255 255 0 7 193 255 255 255 255 255 0 0 68 41 0 148
    43 226 255 255 0 255 160 156 157 0 106 98 0 0 52 59 219 255 83 228
    78 255 201 252 31 249 142 188 33 0 145 74 243 175 83 0 211 255 0 255
    122 55 0 2 234 45 0 159 255 219 224 254 255 24 39 22 0 0 192 0 221
    111 6 74 255 102 187 255 225 27 249 255 255 255 255 255 197 0 0 50
    26 214 0 128 61 235 114 47 97 0 187 107 255 0 214 190 0 0 63 194 182
    54 255 146 71 216 255 120 255 247 53 0 202 253 99 135 8 0 255 0 212
    98 56 188 82 0 179 138 0 221 5 95 154 0 88 0 121 100 197 255 0 255
    146 197 255 60 0 195 255 227 255 22 198 17 255 41 0 0 0 0 0 246 172
    132 64 184 252 70 46 255 56 252 0 0 139 255 102 255 0 250 255 0 0
    252 33 78 59 51 72 10 215 0 235 146 143 0 255 115 255 0 0 255 148
    255 104 0 145 246 0 244 255 153 112 204 253 32 117 97 0 98 115 1 215
    0 0 231 246 188 120 4 0 0 45 139 13 0 0 0 255 255 15 195 255 0 0 207
    0 50 60 255 207 255 67 238 21 178 255 180 56 237 147 180 0 169 97 0
    0 3 9 196 0 0 173 115 106 177 255 72 44 128 0 255 255 255 186 61 236
    255 0 96 221 94 89 169 92 70 255 36 0 151 255 255 62 243 235 0 213
    255 0 252 0 31 134 126 209 76 255 114 22 255 0 201 199 48 0 131 8
    255 255 154 102 233 176 255 255 0 0 210 0 102 255 222 55 255 49 194
    95 228 0 67 220 172 151 24 33 10 255 214 230 0 255 148 0 246 58 96
    166 0 74 249 161 144 54 146 255 54 0 162 47 38 255 0 123 171 132 135
    44 255 69 166 238 178 44 255 255 182 0 234 0 121 255 255 56 120 151
    192 0 78 0 23 0 255 15 33 88 0 149 45 0 216 0 255 0 142 55 255 122
    239 230 0 0 0 29 255 50 109 229 180 210 255 66 221 255 255 87 72 26
    245 204 197 225 118 0 226 95 50 143 171 147 0 126 18 0 0 0 0 0 250
    100 231 255 20 109 255 231 253 0 0 92 255 105 68 148 221 0 0 255 202
    0 0 247 255 8 72 129 255 0 255 255 41 199 9 164 33 0 255 0 150 255
    130 0 0 39 0 22 198 214 182 13 255 0 15 0 125 253 255 24 255 255 200
    250 113 255 238 165 122 216 143 163 0 0 241 0 0 255 66 0 160 129 255
    25 206 0 122 11 75 0 160 175 113 139 228 36 255 0 188 53 161 255 184
    86 0 125 185 166 170 215 37 57 255 0 0 197 157 255 171 0 0 47 208 0
    255 239 42 255 107 191 255 255 0 0 255 125 177 211 255 57 157 139 0
    163 177 0 135 210 150 226 106 0 0 82 255 177 255 146 176 255 174 0
    255 90 222 255 65 20 255 206 255 115 172 255 255 187 255 0 255 130 0
    153 94 255 255 202 91 255 255 255 98 154 0 0 231 150 118 255 84 43
    255 255 203 6 50 121 129 0 255 255 152 0 201 165 255 37 76 176 255 0
    162 58 255 200 42 232 0 255 250 30 255 151 141 180 165 110 147 210
    140 0 117 0 255 211 27 255 131 55 0 255 77 35 0 165 0 212 255 255 0
    255 52 255 11 177 0 0 63 0 13 85 183 30 154 255 255 81 255 194 255
    248 255 0 60 0 255 0 74 255 0 91 205 0 255 128 255 217 255 247 147
    97 229 173 231 255 85 9 0 0 77 240 52 173 178 0 0 241 117 0 222 255
    109 255 210 252 244 115 255 139 0 255 255 190 239 157 242 0 0 0 241
    5 65 0 20 0 255 68 130 255 95 143 140 0 0 135 163 2 0 8 255 23 208
    101 20 255 255 197 255 8 5 209 186 121 254 63 0 119 254 0 0 189 255
    222 255 16 223 255 0 53 25 0 0 178 0 186 131 0 170 4 2 255 7 228 255
    255 247 216 138 41 0 104 213 209 221 255 71 227 239 147 115 192 255
    86 255 1 20 214 0 0 29 2 196 88 255 200 202 117 71 255 255 141 245
    255 131 255 187 78 255 107 255 135 0 0 0 33 135 255 135 63 255 228 1
    136 255 0 255 255 176 106 202 255 231 255 0 40 152 249 229 168 72 0
    255 255 0 86 255 116 255 0 255 14 58 255 29 255 216 205 35 255 236
    142 188 0 17 242 0 19 0 102 255 255 0 95 255 36 56 0 31 0 105 108 18
    0 157 255 0 0 95 236 255 0 182 143 165 0 156 255 0 255 198 210 237
    110 183 65 162 255 171 218 21 1 219 133 133 76 0 219 222 255 72 255
    89 170 255 255 236 0 255 0 24 72 98 0 200 31 51 0 252 36 27 155 22 0
    123 255 0 0 255 121 99 232 255 208 243 231 255 167 255 178 57 145 52
    227 75 0 0 237 50 57 255 255 255 185 128 152 249 130 215 255 0 24
    100 90 67 0 20 0 255 96 76 66 90 255 228 255 147 0 95 2 0 191 255 0
    255 255 255 225 255 255 251 81 128 47 0 0 57 177 15 255 255 255 0
    255 255 255 255 255 63 50 12 246 255 201 141 21 255 27 126 255 238
    90 184 255 0 0 241 0 32 104 0 154 255 121 46 175 255 14 0 35 209 0
    88 255 255 15 157 57 135 120 237 83 19 4 255 39 67 224 255 255 106
    161 255 202 99 88 0 108 149 79 25 0 119 0 105 0 134 123 0 136 9 123
    255 51 255 255 255 91 175 0 9 71 166 42 69 74 199 228 188 255 255 2
    17 205 121 119 0 32 27 255 255 248 205 111 222 106 218 106 4 194 131
    123 255 5 79 40 108 0 140 112 232 45 232 216 162 114 0 223 255 72
    153 53 51 178 226 44 182 196 77 237 9 94 0 191 255 255 213 55 255
    144 0 0 229 0 0 0 255 129 111 255 188 110 92 0 12 255 0 0 0 255 251
    255 255 97 176 0 198 127 255 0 0 28 164 0 145 225 0 35 50 65 0 254
    188 0 181 255 190 255 125 181 58 123 0 235 174 32 255 0 255 0 66 29
    49 12 190 29 0 123 43 255 0 117 0 168 172 123 152 130 147 255 127 7
    179 216 93 255 0 91 255 0 0 255 185 103 0 147 255 6 0 0 90 91 33 0
    85 245 134 78 205 75 56 118 142 59 255 110 185 255 0 96 230 171 154
    120 99 46 129 127 20 13 182 255 0 198 196 0 71 194 178 173 201 250 0
    0 48 255 255 244 179 218 0 255 0 150 131 0 111 180 0 218 201 0 0 206
    237 218 30 146 136 0 255 133 121 0 255 96 255 138 255 255 203 137
    255 255 49 109 145 234 112 223 129 119 0 105 255 0 226 255 179 180
    154 0 106 35 47 255 85 251 0 255 16 174 99 255 43 0 153 157 142 104
    8 0 255 105 127 102 176 81 11 144 168 56 208 255 72 139 222 255 200
    0 125 48 198 143 255 37 230 115 0 255 159 160 136 0 0 76 0 184 0 255
    254 0 255 255 130 0 128 185 4 240 0 111 158 40 8 0 0 12 255 242 255
    213 255 0 219 0 187 78 0 255 218 0 0 255 202 255 120 18 255 217 135
    0 0 156 0 87 157 0 149 135 247 0 0 255 144 202 51 218 255 154 202 87
    37 189 255 160 246 0 255 100 255 255 190 255 149 146 0 92 148 147
    147 201 210 255 255 144 71 0 0 255 166 222 54 0 255 75 255 31 255
    212 0 94 0 78 255 184 190 247 17 165 24 99 255 43 212 103 0 158 64 4
    0 255 4 255 0 255 255 227 255 0 255 0 98 255 255 0 243 99 198 94 0
    255 255 0 255 237 91 255 172 72 0 0 87 255 0 78 0 103 0 242 101 244
    0 255 130 200 175 209 255 255 143 34 32 6 143 0 11 180 0 255 0 36
    202 165 0 74 58 0 114 0 0 195 0 241 0 0 159 195 90 184 174 0 222 255
    0 0 255 28 253 92 185 133 255 221 152 103 240 255 28 0 0 255 255 0
    151 255 56 212 194 0 148 255 255 156 0 255 235 0 255 209 218 0 241
    255 2 230 59 255 186 246 255 162 159 95 96 255 255 182 0 0 255 12
    251 227 207 255 88 12 198 232 255 154 138 0 0 127 213 255 230 15 2
    48 146 103 238 59 206 177 209 16 168 0 255 255 255 80 186 255 255
    255 236 217 0 255 0 102 0 46 65 225 101 0 255 0 70 92 17 20 255 0
    255 255 0 217 0 218 8 61 255 255 234 65 0 0 255 0 0 48 0 202 75 32
    229 246 0 120 121 180 255 90 0 94 0 255 142 255 64 0 255 255 100 255
    157 204 60 0 0 255 171 71 128 255 194 0 92 108 255 187 255 255 219
    196 31 98 34 0 125 255 0 34 67 202 0 0 199 161 234 46 229 0 255 205
    40 63 70 233 0 255 114 0 255 255 90 1 81 94 120 71 255 255 0 156 255
    255 107 2 133 101 0 0 221 255 188 198 25 50 55 13 112 101 105 0 237
    123 139 84 255 37 67 0 0 22 9 239 96 0 255 0 255 139 255 255 160 255
    255 145 216 215 39 255 87 63 73 0 236 89 200 255 40 15 217 255 59 0
    131 235 0 0 0 0 0 221 193 248 15 221 52 78 110 255 232 57 219 255
    102 234 111 255 216 6 255 250 255 194 225 182 205 84 72 49 3 27 0 0
    61 13 73 255 255 255 255 222 199 24 0 235 11 55 50 215 0 255 255 255
    45 39 23 242 41 169 97 167 0 255 53 255 255 255 76 255 255 141 98 0
    228 0 17 88 183 105 0 96 0 16 192 118 89 0 0 139 239 39 153 255 145
    8 45 176 214 0 0 165 182 140 111 58 128 152 255 0 220 111 238 217 42
    255 125 52 200 110 255 169 0 255 149 255 247 255 255 133 234 175 0
    112 121 248 0 136 255 0 28 172 255 255 0 38 207 23 213 192 44 210 3
    216 85 0 209 191 77 0 0 255 76 23 165 255 0 170 0 171 238 0 0 93 255
    46 194 255 45 106 0 185 122 154 180 114 245 198 57 255 239 0 0 41
    223 255 141 172 139 98 172 255 45 141 226 80 172 246 215 0 47 71 0 0
    246 89 0 0 60 0 25 2 71 142 0 72 14 0 255 119 134 75 5 149 255 111
    255 164 239 143 255 255 255 199 219 0 51 99 0 255 0 37 206 141 255 0
    52 138 214 0 247 255 0 2 133 227 0 228 0 0 213 114 155 246 0 255 255
    161 80 81 165 189 116 0 0 62 248 241 163 96 83 233 182 186 255 149
    148 0 24 255 0 255 163 137 233 218 204 0 255 77 23 72 196 47 0 60 75
    243 174 162 233 0 255 202 39 226 0 0 187 0 0 0 255 166 66 40 56 29
    255 26 255 77 112 79 124 211 198 21 255 255 0 204 0 21 2 171 79 255
    234 167 200 73 216 255 76 0 79 1 35 158 0 79 255 48 84 92 86 23 93
    120 43 152 20 255 255 254 255 84 255 83 0 6 88 255 110 0 255 0 28
    105 140 169 159 73 35 0 180 0 3 38 0 125 149 248 70 30 255 149 60
    255 255 190 255 0 255 152 183 255 79 195 211 255 237 255 186 100 167
    255 0 174 255 112 0 0 151 255 15 172 246 0 182 141 113 0 255 196 0
    235 37 255 255 159 17 245 178 100 0 255 0 155 248 255 17 179 239 207
    39 189 197 0 0 143 69 70 0 160 174 21 243 11 255 79 182 255 52 94
    146 67 0 168 189 0 36 94 114 255 181 0 0 211 0 14 168 213 67 25 255
    9 0 0 160 23 255 28 255 255 182 0 0 255 168 88 93 241 103 140 255
    100 255 188 24 242 190 255 0 220 255 161 218 255 166 79 213 166 0 0
    0 5 242 255 255 31 213 180 255 198 0 138 222 205 216 102 47 16 184
    255 140 72 0 150 48 0 212 0 255 0 255 179 142 255 234 223 197 101
    232 251 42 107 255 227 244 123 31 3 26 0 134 202 0 43 0 97 5 33 101
    255 63 223 35 169 118 208 255 0 255 147 255 156 0 255 115 159 61 186
    255 135 115 0 151 140 198 203 227 255 225 255 0 165 0 0 255 69 0 255
    255 119 90 71 173 115 255 85 223 0 203 24 45 255 14 43 51 30 48 173
    145 255 0 76 183 222 3 255 181 223 195 147 105 255 127 178 245 0 0
    255 90 156 255 56 234 180 255 255 211 37 0 92 99 0 15 165 140 173 7
    3 0 152 255 180 255 119 52 0 49 211 255 128 0 76 52 236 18 74 255 73
    152 124 154 0 150 0 4 13 255 79 68 255 0 50 0 248 255 0 255 129 90
    138 227 255 255 250 246 75 136 112 255 167 150 34 228 255 255 0 116
    22 176 255 255 90 255 180 2 192 255 221 255 255 30 12 255 10 59 37 0
    242 109 23 0 0 211 76 0 225 0 0 2 189 38 0 241 16 224 217 214 124 48
    255 92 239 255 255 8 87 255 0 255 163 248 0 0 34 44 184 228 0 19 57
    248 224 126 1 166 104 96 255 179 203 255 198 255 163 234 233 13 138
    255 255 62 213 255 54 109 255 255 105 0 252 0 130 49 255 54 94 255 0
    145 255 13 46 34 130 100 234 183 71 57 0 0 218 15 80 3 33 255 123
    188 39 220 244 208 160 128 218 153 255 16 169 151 0 0 0 173 214 186
    34 255 158 255 12 255 180 142 40 119 131 67 145 68 0 255 239 255 255
    55 227 255 210 0 180 0 118 0 72 255 115 250 255 171 255 255 255 53 0
    47 78 196 37 237 255 8 22 42 171 144 239 89 0 117 237 255 62 141 255
    51 255 0 65 255 27 153 253 255 219 116 255 255 230 255 32 7 0 0 65
    91 0 162 172 255 27 255 49 255 0 189 255 14 84 0 0 83 13 140 52 164
    39 0 149 211 0 0 255 84 47 201 169 255 135 146 197 121 127 113 0 35
    255 60 114 0 44 132 8 15 191 98 0 255 149 57 0 36 255 176 204 0 182
    40 0 65 62 181 234 255 255 151 255 255 227 255 194 207 230 121 196
    113 192 255 16 255 0 255 175 0 74 62 164 57 0 30 8 159 0 255 188 255
    183 255 223 234 137 255 7 108 233 255 0 40 36 255 136 123 5 0 0 185
    0 0 243 123 19 255 226 255 255 156 0 215 118 0 255 104 255 207 189
    61 0 246 0 0 219 255 9 139 0 59 0 28 0 251 0 255 138 175 255 255 235
    194 29 219 221 150 103 0 67 243 69 3 39 0 199 10 0 134 26 255 0 42
    18 91 83 166 67 22 234 255 216 11 116 75 255 43 0 79 94 222 0 0 110
    255 255 136 255 122 189 131 242 18 208 71 0 185 106 0 56 0 0 141 167
    150 229 138 129 6 14 142 8 255 29 227 255 48 104 217 208 255 255 96
    60 185 129 255 0 56 248 12 101 216 255 92 107 177 167 8 245 0 255
    196 32 162 210 202 0 43 254 13 143 237 255 99 0 0 255 19 0 64 0 116
    194 211 106 255 124 139 244 0 6 37 255 144 0 249 56 109 0 255 120
    255 205 93 255 180 66 5 0 41 0 201 134 147 67 207 188 82 255 60 203
    140 227 255 0 1 0 49 82 0 15 0 186 85 170 255 114 50 193 226 0 255
    135 120 255 0 43 36 215 255 97 188 255 31 172 252 255 255 75 152 68
    103 117 176 219 59 58 89 9 255 7 198 229 140 166 255 255 0 124 195
    55 35 255 123 255 0 193 77 137 250 169 212 125 0 15 151 233 115 255
    11 122 77 255 108 255 48 0 168 187 0 221 0 255 188 0 182 255 0 0 244
    21 0 255 142 250 0 201 31 114 127 0 82 239 255 21 250 136 137 65 0
    114 255 89 255 72 21 255 0 0 246 35 0 155 0 255 242 185 28 255 32
    108 159 0 0 112 0 173 247 44 255 152 255 144 133 52 25 179 106 0 193
    0 181 89 59 173 122 123 142 255 108 217 218 97 79 79 221 204 244 0
    15 142 30 223 255 62 63 0 255 212 255 128 116 253 255 229 255 255 0
    119 34 89 184 0 161 174 200 225 46 188 0 66 213 28 66 255 0 0 169
    255 0 150 231 0 255 68 219 218 255 62 255 127 255 255 39 229 0 55 74
    137 0 98 0 255 205 44 255 255 52 150 254 177 0 175 242 241 151 186
    255 255 185 0 0 226 177 205 235 255 0 212 255 255 0 176 255 60 0 224
    0 174 204 0 0 45 50 0 74 255 21 162 255 33 0 123 178 115 188 0 255
    255 78 255 137 0 128 0 0 102 0 92 7 255 0 25 70 0 0 255 220 253 211
    255 12 255 51 182 237 124 90 168 37 0 0 255 24 17 167 255 103 221
    255 110 0 247 192 236 255 255 36 107 255 158 216 21 153 0 35 90 49
    203 224 32 234 127 0 0 255 66 78 0 0 206 255 91 0 0 255 110 255 255
    78 208 149 160 166 0 8 128 229 83 160 0 245 174 0 35 179 93 154 0
    182 179 255 2 100 255 197 0 145 0 42 27 222 255 239 255 239 155 227
    0 191 255 0 187 184 117 208 0 240 0 169 154 255 178 255 79 194 180
    135 155 0 255 255 91 71 255 150 255 30 41 190 13 0 148 0 163 109 0
    206 0 113 132 230 41 255 62 30 133 0 255 67 186 208 133 61 245 53 41
    203 13 29 0 255 255 135 163 25 255 0 0 36 189 75 89 177 255 204 255
    100 0 255 255 0 255 255 0 99 255 171 255 51 115 247 44 255 229 238
    59 58 0 248 165 249 0 0 255 231 195 47 122 177 105 0 105 101 110 0
    221 66 97 255 237 131 248 0 90 255 73 255 127 84 160 75 135 255 139
    20 145 214 6 255 0 255 255 19 0 255 73 0 255 246 0 0 203 4 230 191
    236 58 7 0 0 185 202 146 255 149 173 255 65 255 243 56 77 57 255 255
    97 255 20 255 255 201 0 205 0 162 54 222 255 26 76 255 255 0 0 239
    241 121 0 125 32 176 25 0 240 91 250 0 133 149 0 241 70 21 255 236 0
    0 255 1 0 0 249 107 39 0 191 255 138 0 63 255 255 255 255 56 157 0
    200 249 0 0 227 224 255 229 152 147 0 216 0 188 0 77 236 105 0 0 255
    75 19 0 0 97 89 181 136 55 225 26 244 196 255 247 42 211 95 80 135
    229 219 163 255 255 174 7 53 255 48 153 255 117 27 250 62 23 255 217
    90 147 236 255 103 235 170 55 173 0 201 19 216 186 242 0 11 232 208
    55 0 155 255 163 131 255 196 86 223 0 164 255 249 95 255 31 0 255
    189 6 0 255 188 225 0 73 255 174 54 255 0 255 13 126 255 0 84 246 0
    0 130 224 255 3 135 255 255 0 4 255 0 255 231 130 0 59 255 255 47
    151 0 125 255 60 193 30 147 212 186 47 254 100 8 2 94 31 0 112 8 0
    171 0 147 0 2 66 103 0 174 255 255 56 255 255 129 5 0 97 127 227 255
    255 35 56 255 0 0 111 98 236 255 219 255 249 36 47 70 236 0 144 180
    255 152 129 201 0 0 119 0 0 29 255 134 0 173 220 239 255 78 56 31
    255 0 169 176 216 255 148 170 255 148 255 124 41 37 156 68 146 34
    103 255 0 195 121 255 71 85 222 17 190 255 255 207 173 101 121 13 59
    196 16 47 30 255 28 208 255 255 83 90 216 31 255 255 255 46 254 100
    94 13 0 255 135 11 190 255 86 201 0 131 83 174 255 255 207 16 53 43
    0 226 0 255 83 174 26 164 146 71 37 72 60 43 60 146 93 190 178 93 56
    255 16 151 0 0 0 255 48 55 255 125 37 107 0 0 227 0 255 255 173 64
    255 221 0 98 255 0 18 176 10 105 177 0 0 69 134 127 128 73 33 0 25
    116 161 153 255 255 231 255 85 172 179 2 222 0 127 255 255 31 0 255
    78 3 62 0 0 0 229 0 0 212 0 255 15 255 12 31 99 0 103 52 0 143 181
    171 136 0 221 5 0 175 245 14 255 69 104 152 0 0 0 178 73 99 212 57
    255 185 255 255 0 255 255 0 0 24 0 23 0 97 225 153 163 117 186 0 20
    183 112 23 117 0 145 45 59 2 255 29 0 62 255 255 128 207 0 29 205 2
    134 255 0 0 255 163 71 205 199 255 0 63 41 69 0 0 43 0 94 52 0 255 0
    0 112 221 255 11 255 118 255 227 174 255 106 199 255 211 255 255 204
    0 245 145 0 84 5 251 255 255 255 194 103 255 255 0 102 255 255 194
    204 95 255 0 175 135 241 255 193 0 105 64 15 0 0 0 0 238 0 0 255 255
    255 6 0 0 255 0 239 255 12 75 149 255 62 92 69 187 241 0 201 255 74
    143 255 207 0 12 163 245 80 195 125 0 17 255 78 110 255 145 130 42
    152 139 0 184 230 225 231 252 39 147 13 134 0 0 208 83 0 10 77 255
    13 192 188 217 15 0 8 68 0 51 255 103 88 255 255 38 107 118 255 87 0
    61 48 175 255 153 41 251 0 68 0 158 216 96 0 43 206 75 248 0 148 195
    123 42 224 100 180 61 255 238 0 68 0 100 121 140 146 0 59 146 255
    138 255 92 255 36 255 255 0 1 221 0 138 0 0 255 255 164 124 0 212 0
    240 131 82 44 255 0 255 182 97 255 0 193 0 255 6 0 34 125 214 201
    119 255 137 0 17 255 25 255 0 29 179 117 172 130 0 150 68 148 255
    138 140 19 222 244 130 255 255 191 245 255 0 0 0 28 169 93 206 0 126
    202 203 255 125 255 0 29 0 95 0 68 233 70 114 255 219 0 0 156 0 0
    232 120 255 0 255 131 255 255 213 1 135 17 55 0 212 255 222 131 83
    143 241 255 151 255 0 0 113 0 243 204 255 166 255 59 49 183 255 0 0
    255 255 89 166 255 250 0 0 197 110 67 138 118 47 0 140 255 0 217 31
    37 4 242 0 238 154 0 196 67 103 24 255 255 156 8 163 0 251 165 255
    20 74 116 28 190 207 0 13 181 130 237 5 0 255 157 93 255 25 55 102
    220 99 255 255 255 0 255 17 205 99 0 197 67 8 255 121 163 75 0 61
    206 180 216 0 255 112 95 0 255 0 151 245 255 72 157 122 255 186 162
    171 147 255 208 255 81 236 145 233 81 225 236 0 156 183 0 13 0 91 34
    219 255 60 152 206 228 175 116 20 255 0 20 24 0 12 0 114 198 255 0
    53 27 28 222 229 255 91 228 0 65 104 0 75 54 0 108 255 255 218 0 0
    196 255 255 122 199 255 79 27 136 1 93 255 16 0 0 255 125 235 189 14
    194 0 255 255 12 62 246 92 187 102 80 31 68 0 143 104 143 81 255 203
    48 39 0 164 0 0 214 0 91 245 0 0 255 26 74 208 209 4 148 72 108 176
    255 83 68 0 119 5 5 255 99 168 255 27 49 255 0 0 200 49 89 79 255
    125 255 0 199 226 255 179 183 255 218 251 255 0 61 160 180 0 29 255
    169 0 180 150 140 255 243 255 102 180 255 242 255 0 221 47 41 248 75
    23 122 0 52 108 216 5 216 225 0 67 255 162 0 149 255 246 0 96 135
    128 207 166 234 255 73 0 254 59 255 255 0 113 255 206 61 139 97 148
    142 210 39 255 183 105 0 255 161 255 0 48 255 249 0 255 81 97 230
    177 219 0 192 41 0 49 217 250 0 28 187 211 0 178 0 187 60 255 4 43
    179 255 253 244 84 175 231 110 0 0 83 35 0 255 177 74 40 101 146 0 0
    0 178 0 0 61 220 255 127 31 78 0 28 39 137 0 206 0 176 31 160 255
    211 255 249 0 168 200 229 221 122 0 255 0 161 94 0 106 252 255 255 0
    255 11 50 255 252 45 0 160 237 0 216 253 172 0 0 43 0 0 41 255 109
    164 95 222 140 15 255 255 78 255 178 221 69 255 180 252 165 87 128
    168 90 156 4 123 0 0 255 51 0 45 255 255 188 255 255 255 66 0 0 91
    155 76 0 102 255 0 252 202 0 69 62 231 23 0 250 158 121 255 225 255
    134 0 0 228 255 127 92 35 0 243 0 111 55 141 211 188 255 143 196 203
    0 255 170 254 228 12 29 222 0 0 255 55 41 255 255 187 0 27 0 200 152
    19 255 157 0 125 255 0 206 14 196 255 155 0 247 25 255 191 166 133
    133 234 85 19 48 178 255 254 255 0 200 240 29 0 255 163 104 201 134
    181 0 86 63 252 30 214 11 198 177 0 255 221 255 231 177 255 255 70
    119 109 147 201 140 111 77 28 76 0 175 251 164 0 0 255 0 142 255 255
    144 255 128 46 126 5 94 29 204 6 20 184 0 255 106 255 0 179 255 0
    255 39 0 0 89 255 7 255 0 253 189 0 5 219 116 144 177 0 187 19 94
    167 197 36 255 255 251 70 0 255 16 0 255 114 255 77 69 10 195 234
    255 119 28 0 0 158 153 51 0 152 42 34 114 140 255 144 68 255 97 255
    108 248 255 120 255 193 255 168 255 95 0 255 255 255 90 0 3 255 131
    0 15 0 161 61 0 0 0 73 45 213 132 216 163 0 255 26 8 108 255 255 0
    51 255 0 255 242 85 0 175 255 178 196 40 189 147 255 172 255 235 157
    0 206 255 0 192 255 77 14 255 72 255 56 62 194 39 175 58 0 246 43 84
    255 187 29 95 159 0 0 255 255 35 255 255 102 153 137 70 84 21 245 4
    0 123 0 237 0 190 242 255 0 147 156 0 177 0 0 233 255 1 0 45 168 109
    0 14 0 232 255 0 0 200 143 126 65 131 112 182 244 255 255 100 0 102
    40 177 255 118 255 97 70 0 0 255 44 74 166 201 0 214 170 0 8 0 44
    252 16 67 36 217 176 0 199 255 198 198 0 81 27 255 120 25 163 245 14
    0 255 255 137 53 255 0 0 255 32 210 91 0 255 44 241 0 99 255 25 0
    255 0 55 146 39 0 255 170 143 189 112 69 43 0 181 104 234 169 109
    101 149 169 255 85 144 255 205 212 235 183 44 72 0 191 205 0 255 255
    255 0 0 0 0 241 0 236 26 86 255 255 180 166 56 59 125 218 255 90 178
    104 79 0 205 0 129 131 79 0 191 0 196 130 76 89 234 117 210 187 190
    95 148 0 234 151 0 255 255 123 255 127 116 48 165 52 144 216 97 3
    255 221 0 0 83 120 0 255 0 0 18 0 23 98 255 243 105 125 0 255 104
    255 152 255 255 48 0 86 209 255 0 173 253 37 5 250 118 255 116 255
    255 209 0 201 26 50 255 248 124 0 81 34 255 0 255 31 37 0 0 207 255
    0 60 179 0 0 255 76 0 0 216 0 39 211 0 201 161 67 0 255 139 91 255
    197 73 39 170 47 170 241 0 0 14 255 207 247 179 109 176 0 39 58 255
    255 181 180 255 255 123 176 186 255 0 255 124 219 151 0 208 255 0 65
    255 215 149 160 255 208 255 27 197 65 212 255 47 255 0 255 170 28
    255 10 113 228 0 43 89 0 142 255 108 0 103 165 0 181 230 250 164 226
    255 255 249 110 0 255 0 83 0 10 255 0 221 255 153 1 255 50 55 206
    205 255 0 0 255 255 42 157 255 148 255 255 221 255 104 78 154 58 228
    255 255 10 255 209 0 71 230 171 122 0 255 0 220 45 30 105 31 105 168
    225 0 255 124 0 74 117 0 113 131 0 238 217 124 158 0 30 236 255 132
    255 206 0 34 195 20 0 255 0 94 20 255 155 255 255 90 0 174 255 34 94
    15 255 102 160 106 0 0 36 8 185 159 0 63 255 216 0 255 3 98 0 0 134
    47 61 76 0 0 34 255 246 201 255 0 0 0 1 29 21 132 255 84 0 219 0 211
    159 68 225 22 255 0 124 0 0 85 227 0 0 181 99 21 151 178 195 83 169
    22 12 255 138 163 255 0 223 131 15 255 66 255 122 116 250 30 0 164
    255 115 0 174 64 0 214 0 255 149 0 0 43 68 255 149 220 183 255 198
    100 255 121 255 97 255 0 120 0 4 0 0 97 54 0 188 138 172 124 255 0
    37 255 0 0 81 111 5 45 20 255 124 0 0 0 121 255 205 66 251 255 0 173
    209 215 255 25 255 71 159 86 36 167 255 255 20 195 145 66 236 255
    217 255 255 176 8 0 170 159 238 0 36 59 217 44 255 232 143 33 163
    100 255 35 0 106 179 108 255 0 156 162 255 169 255 255 0 0 255 49
    255 230 46 109 255 205 223 159 0 109 60 0 111 255 0 109 255 0 255
    113 255 195 159 224 0 0 11 0 86 0 255 255 65 0 255 60 75 34 0 79 0
    255 0 100 179 103 205 63 108 33 227 57 0 81 241 0 244 89 0 15 137 0
    0 0 249 202 121 132 253 146 255 90 68 175 244 0 249 101 255 255 144
    255 242 56 0 0 255 0 142 136 20 255 164 0 67 255 22 51 164 158 24 0
    0 36 177 210 241 174 255 128 176 0 161 0 255 76 78 255 220 255 11 0
    0 6 33 0 3 79 123 206 70 204 202 10 255 0 248 22 255 220 251 255 178
    166 0 134 49 162 49 127 51 0 88 39 255 0 76 205 0 0 69 41 0 0 181 62
    0 255 178 4 200 0 255 49 255 109 255 168 249 69 125 0 16 255 0 88 89
    60 131 255 244 255 68 218 247 0 160 6 237 156 255 60 45 41 163 35
    255 0 0 118 172 0 0 0 0 230 87 65 42 0 40 0 241 118 255 98 0 61 182
    123 248 255 146 150 55 6 66 229 0 96 57 255 217 218 0 217 179 76 234
    255 175 237 232 58 255 0 0 134 140 255 0 53 255 65 255 96 109 62 242
    93 190 192 163 0 117 0 248 37 255 88 0 40 255 29 24 0 7 0 255 56 180
    160 213 123 134 0 30 51 0 229 90 0 129 255 0 148 65 255 204 230 69
    128 0 92 0 224 0 46 169 110 255 167 228 188 0 227 182 0 234 0 232 72
    255 0 195 116 113 57 188 0 243 0 182 255 109 255 192 217 251 41 255
    187 255 0 255 150 207 225 132 141 0 0 236 96 211 255 255 81 203 0 48
    157 209 206 255 0 176 0 224 44 140 0 255 0 13 21 218 174 145 35 7 31
    48 255 46 0 0 255 255 59 0 255 0 0 154 0 255 55 0 88 231 246 255 8
    142 255 132 149 77 133 0 247 46 2 255 68 200 40 44 241 250 96 137
    170 255 238 0 255 0 3 194 0 239 70 255 171 0 192 240 0 4 0 180 255
    255 255 83 142 255 163 156 0 141 255 0 143 0 22 210 111 48 218 255
    213 255 0 255 255 189 238 0 0 250 86 0 201 203 0 72 0 210 255 236 0
    37 222 45 255 217 166 7 192 232 103 255 115 73 220 138 84 255 0 51
    255 234 255 178 255 96 0 255 70 148 130 255 86 255 0 145 0 56 26 0
    255 0 89 255 139 255 220 136 254 225 255 255 151 255 255 67 151 0
    255 0 0 255 0 34 150 159 255 87 255 59 246 255 166 100 0 68 129 54
    127 255 41 4 104 219 255 255 223 255 255 190 162 110 0 98 255 210 73
    255 241 43 255 105 255 80 57 255 28 255 126 231 169 0 67 255 80 0
    102 34 8 170 255 250 255 156 255 55 255 0 0 186 0 0 0 255 145 130
    255 225 0 109 255 235 219 153 155 38 0 255 59 107 56 255 255 124 141
    82 255 0 0 0 0 0 54 33 192 136 73 255 141 255 73 16 84 108 148 255
    210 31 73 0 208 255 4 99 103 40 61 255 65 65 0 0 255 255 16 0 255 56
    255 39 163 180 120 199 255 136 90 237 255 232 45 46 255 222 201 78
    255 123 57 121 255 11 82 126 138 255 178 240 43 129 255 120 255 141
    97 0 18 40 167 231 156 145 255 255 0 0 0 68 0 255 221 21 240 0 99
    255 0 162 255 215 255 61 171 208 255 0 119 255 0 0 233 255 177 255
    149 189 23 252 75 115 114 71 111 18 255 52 183 0 132 255 0 0 255 110
    241 255 139 19 0 0 250 0 157 204 86 229 146 157 196 129 0 0 255 203
    0 0 0 132 0 88 137 214 4 0 108 0 238 89 39 255 255 255 255 0 255 0
    210 91 48 225 111 0 255 255 223 0 255 0 51 248 238 148 217 0 95 0
    139 76 0 140 0 145 99 255 119 204 63 143 188 213 16 0 255 0 0 255 97
    41 31 255 0 255 0 0 0 255 136 0 206 71 255 255 0 255 0 117 135 239
    255 49 0 49 173 152 59 0 0 0 238 8 0 214 31 255 255 255 205 88 249
    11 94 0 255 0 255 0 25 123 140 255 255 16 56 255 214 20 219 0 0 119
    93 37 39 255 255 255 49 255 137 170 9 118 222 255 255 255 58 156 255
    255 255 47 192 255 107 197 165 118 98 65 36 219 190 255 97 254 0 130
    0 143 255 58 255 74 163 255 0 215 147 255 56 180 118 199 170 101 149
    214 0 122 76 252 0 0 255 58 255 212 91 255 44 203 255 0 0 234 141
    151 166 6 118 255 194 255 29 0 119 169 255 16 0 37 0 170 0 0 215 0
    105 76 252 62 91 85 62 39 255 192 167 203 238 9 255 183 156 117 255
    255 0 136 143 224 255 0 122 91 228 175 235 50 96 85 0 191 255 255
    255 6 0 0 0 83 145 255 77 255 101 189 255 68 255 240 255 128 255 255
    221 0 152 26 0 0 83 19 31 243 172 114 121 148 186 152 217 188 0 115
    190 30 132 89 93 176 0 255 255 138 10 54 0 0 115 255 255 123 130 134
    0 146 136 0 255 147 48 0 244 0 190 200 0 233 158 176 66 187 0 21 255
    244 0 208 167 185 255 255 127 153 255 117 255 108 0 93 219 0 124 96
    55 116 65 0 0 218 223 162 62 57 125 95 0 105 0 255 112 94 131 9 255
    176 0 246 55 210 120 172 255 0 161 168 236 0 0 0 222 249 203 255 255
    255 225 126 255 110 14 212 235 255 176 70 170 124 22 165 150 0 97
    255 0 56 158 206 136 0 234 249 255 151 231 255 0 84 160 255 164 0 0
    52 132 123 0 255 0 0 111 34 4 60 196 120 185 0 29 255 134 193 0 255
    0 142 58 52 255 208 0 187 255 148 194 254 0 255 233 58 130 255 255
    112 4 209 116 5 255 255 44 205 132 173 225 0 0 253 211 255 255 219 0
    155 173 0 38 67 0 102 37 0 144 120 119 255 166 255 255 167 0 216 63
    153 47 226 0 224 229 255 31 146 0 96 140 255 95 0 138 97 135 231 46
    223 125 255 115 0 9 170 0 255 0 255 212 0 155 0 244 0 0 119 121 28 0
    179 0 201 145 149 255 117 255 0 248 244 10 255 255 189 143 109 36 0
    93 255 255 225 183 255 0 0 4 91 255 255 255 9 255 199 137 255 255
    255 217 77 125 11 148 196 188 255 119 212 143 103 255 0 255 253 255
    255 255 134 91 95 95 56 237 20 133 241 255 241 54 255 68 0 0 113 55
    54 130 22 230 0 255 255 184 255 168 15 151 36 215 255 255 174 240
    235 255 255 16 187 89 75 188 138 255 255 0 255 40 0 248 134 0 91 58
    5 88 253 0 44 0 44 255 183 82 255 0 101 20 255 37 130 224 107 43 132
    255 0 173 101 255 255 50 35 34 221 187 137 70 191 52 35 255 215 59
    172 26 0 106 255 255 255 255 255 207 168 95 0 0 60 205 29 236 101
    180 65 97 0 152 47 201 21 0 6 143 160 254 92 42 248 196 14 0 168 102
    60 255 86 148 168 0 197 246 41 68 117 255 0 13 255 82 255 255 255 93
    152 255 255 0 71 0 255 0 51 255 108 255 159 49 143 22 195 95 255 255
    183 83 204 0 137 255 255 255 199 195 231 69 255 215 42 0 203 149 16
    255 152 255 165 255 210 110 69 90 255 218 167 0 120 43 25 250 174 12
    148 0 0 0 204 0 255 255 0 0 210 145 42 126 0 168 0 0 99 91 138 255
    255 255 95 59 149 0 114 5 230 9 255 0 255 150 255 63 0 0 78 233 0
    255 0 0 158 42 24 6 0 138 19 255 255 235 255 255 94 232 0 70 64 0
    179 255 255 0 133 40 250 219 106 87 156 255 134 68 113 239 0 0 0 243
    12 46 0 0 218 0 0 93 41 86 0 158 0 152 0 95 255 0 255 190 255 255 52
    86 114 255 139 151 255 0 255 0 119 255 80 0 255 219 218 255 255 226
    255 255 83 0 0 24 0 199 25 128 140 255 255 138 45 255 78 0 164 0 252
    67 0 25 177 255 46 0 21 255 1 80 79 184 63 255 2 0 255 54 96 221 164
    42 255 87 68 170 255 86 198 255 22 97 0 7 130 185 255 0 225 129 78
    210 255 21 74 146 255 55 70 54 3 68 67 255 50 0 162 0 255 141 255
    255 9 0 255 152 240 196 240 0 222 253 255 80 0 238 255 14 111 0 41
    212 200 224 86 219 17 255 41 0 255 255 183 229 0 58 146 255 255 0 0
    255 231 0 0 54 71 97 0 90 0 4 98 255 0 0 125 61 64 139 210 255 251
    107 244 255 0 106 164 115 255 9 108 122 255 100 229 255 21 18 176
    255 137 0 55 229 220 240 200 114 189 231 111 0 82 88 0 0 199 127 243
    212 83 237 139 255 70 0 107 0 5 0 0 0 3 188 0 236 0 255 222 0 90 255
    223 78 0 255 82 0 255 123 20 182 193 23 225 117 197 0 0 14 55 78 0
    15 0 181 33 0 105 242 32 0 83 6 0 0 184 103 0 0 177 34 106 207 64
    255 255 0 133 255 68 166 27 255 255 45 138 118 0 147 171 0 255 13
    255 243 255 255 0 205 255 194 74 255 234 255 151 255 142 6 255 0 123
    0 0 0 55 165 85 255 165 181 160 202 255 255 29 218 224 9 0 249 255
    252 85 255 0 189 0 255 67 0 0 0 0 200 99 44 0 243 255 0 226 82 255
    255 255 255 208 2 0 119 0 211 255 18 181 78 13 183 69 0 109 60 0 0
    255 84 217 255 255 19 255 255 218 79 153 217 163 11 0 36 235 255 161
    74 25 209 0 0 218 181 0 68 228 57 89 171 138 239 0 35 93 243 24 0
    234 114 101 78 56 75 102 59 255 135 119 245 15 255 68 179 163 255 67
    219 167 0 195 48 0 112 255 110 255 0 58 178 179 0 0 0 255 0 255 20
    192 69 89 0 188 255 206 89 215 3 0 134 235 255 96 255 32 36 18 0 11
    160 238 13 165 255 73 169 185 184 8 96 0 255 255 39 105 22 80 175 0
    166 186 23 10 231 242 5 182 0 255 246 166 90 145 231 82 0 0 164 226
    161 255 255 29 68 255 239 255 0 14 0 0 158 228 76 225 8 0 255 40 88
    82 255 255 255 228 255 59 183 0 184 199 66 183 230 112 206 0 98 172
    74 0 0 105 101 168 255 99 0 167 157 175 108 9 44 0 186 107 255 0 0
    150 97 49 255 209 255 255 115 247 255 255 246 63 0 102 255 84 185 75
    0 224 0 26 255 191 132 40 169 220 90 255 0 241 241 0 49 0 21 139 0
    41 140 255 157 167 252 109 62 0 81 85 169 255 1 255 177 9 183 0 255
    0 77 167 0 166 253 184 15 5 0 237 255 113 19 105 0 255 223 196 0 255
    241 78 143 255 255 186 12 0 112 0 0 255 149 66 75 255 0 0 255 255
    255 156 121 230 202 114 96 182 238 104 39 0 227 169 104 124 26 0 0
    43 69 255 48 0 43 37 83 113 0 215 233 255 40 0 242 46 0 0 69 99 165
    255 149 177 255 255 240 210 149 150 255 133 0 0 147 255 0 114 62 212
    0 0 255 228 15 9 88 24 0 255 197 37 115 112 253 255 163 255 0 82 255
    0 42 0 0 148 97 176 0 79 241 254 163 255 114 39 96 0 0 145 253 173 0
    255 172 0 157 161 47 0 153 166 255 241 83 15 146 67 74 228 54 0 138
    241 255 252 0 51 255 0 54 118 0 64 213 0 59 255 86 45 255 255 246 49
    255 225 0 141 138 254 0 0 3 246 7 0 227 213 224 255 0 102 255 255 0
    25 255 70 255 92 242 223 0 189 138 196 0 255 206 24 169 255 0 79 127
    255 255 255 142 83 20 255 0 255 252 31 0 202 255 55 0 103 94 140 138
    255 87 73 124 225 255 99 235 67 203 228 75 210 0 114 0 0 140 255 0
    255 74 184 44 213 254 86 10 143 173 70 255 255 255 83 186 81 167 235
    255 0 180 0 255 0 69 65 255 18 21 41 0 255 255 0 0 0 86 121 181 142
    255 0 31 200 118 46 122 201 0 0 0 222 0 144 81 255 236 67 255 255
    208 154 178 35 136 111 28 0 0 252 68 255 77 43 0 40 210 159 16 71 97
    223 251 0 148 122 22 168 255 255 136 97 112 253 85 17 221 93 102 111
    153 255 239 185 14 0 60 64 33 0 99 246 255 143 255 119 174 255 255 8
    0 167 255 59 255 255 108 0 66 253 148 63 255 0 255 203 255 83 151
    225 59 158 68 200 0 255 200 59 192 255 0 255 117 67 58 94 255 255
    176 255 0 0 12 0 255 0 255 93 249 201 0 255 199 0 121 0 70 126 107
    108 74 42 0 178 255 104 0 20 229 189 255 0 255 16 48 150 0 152 80 0
    0 78 129 0 0 0 0 109 53 0 0 211 245 103 0 255 0 255 136 178 255 204
    243 255 154 255 128 15 87 194 0 171 0 189 255 255 255 255 57 40 139
    152 255 255 24 0 131 61 0 137 0 28 0 0 255 2 255 185 221 139 42 194
    8 255 255 1 119 156 112 0 239 51 255 0 223 166 27 67 255 232 222 255
    129 189 53 0 62 105 211 96 9 0 236 181 11 3 48 255 255 255 0 211 39
    91 204 234 0 66 255 255 143 243 255 105 170 67 0 41 255 1 129 255
    139 0 255 208 255 202 255 0 255 0 1 60 0 255 171 0 221 255 120 84 44
    129 255 104 83 40 0 69 172 23 75 159 106 244 79 255 163 71 126 208 0
    0 255 30 38 255 37 0 50 91 189 65 0 255 0 0 255 255 0 185 255 228
    255 255 84 255 0 255 255 255 0 130 181 224 97 192 180 0 216 0 29 73
    107 0 255 159 155 82 19 3 114 211 135 246 80 173 137 59 0 148 206
    255 190 255 151 45 224 48 0 255 251 230 118 6 255 232 222 4 255 48
    204 169 156 121 255 52 218 255 177 98 61 0 246 0 255 0 0 119 14 122
    59 107 125 240 129 255 255 0 0 163 201 255 99 23 197 4 0 255 155 78
    255 21 50 148 255 219 208 213 0 255 0 0 232 166 0 0 0 154 138 5 67
    11 135 27 0 209 136 0 0 0 255 50 123 30 109 0 116 177 161 0 0 142 18
    49 48 224 28 255 0 0 232 150 193 0 116 105 0 75 255 255 152 255 169
    223 0 2 255 146 41 0 0 186 255 20 14 78 1 231 28 153 99 42 39 110 55
    0 255 161 0 177 175 213 0 0 255 252 242 132 96 109 178 238 255 233
    98 172 236 255 226 135 255 74 0 0 230 0 0 0 52 0 99 26 17 0 255 242
    0 70 255 150 249 11 0 77 0 16 167 60 255 181 39 5 255 184 0 255 144
    178 255 6 30 115 255 78 194 239 50 192 0 85 46 255 0 255 50 255 255
    255 255 0 38 0 191 89 121 214 219 213 181 182 13 20 209 114 0 120 0
    237 132 255 223 255 210 203 107 99 0 0 158 240 249 139 98 255 255
    253 255 0 150 127 46 57 220 255 152 255 255 124 255 255 11 111 27 0
    111 152 255 238 255 255 255 100 255 0 0 37 54 0 7 237 113 0 0 135 13
    26 0 255 0 0 255 35 250 255 14 106 0 255 149 114 0 231 161 198 241
    250 255 69 255 191 87 187 185 255 0 85 255 53 200 144 255 255 0 12 0
    255 0 177 196 211 0 200 53 0 0 36 0 1 80 64 195 255 220 255 24 150 0
    255 255 73 0 0 110 232 185 0 64 0 0 0 255 0 158 141 136 255 169 102
    117 177 146 109 59 27 125 255 236 255 232 73 88 255 0 255 255 63 255
    237 18 0 180 255 203 0 255 246 0 139 133 0 0 153 235 225 18 0 183 70
    231 199 74 0 63 0 115 20 0 0 67 0 120 207 217 0 255 181 208 255 36
    147 21 40 0 39 0 246 214 0 255 229 102 251 255 126 10 101 13 239 99
    107 213 51 20 255 201 0 64 229 0 255 0 166 0 154 103 140 126 236 255
    157 237 188 153 255 62 100 0 199 0 176 0 255 255 255 74 0 0 24 165
    145 0 71 173 211 193 152 201 135 255 255 255 147 4 72 144 0 0 0 0
    255 41 0 255 38 106 150 255 2 255 214 0 255 165 110 159 15 182 0 239
    255 8 237 0 20 255 192 196 235 207 255 22 149 0 255 106 0 255 45 88
    184 0 255 255 0 155 200 158 31 0 255 216 255 24 255 0 212 57 68 5 74
    255 255 0 83 255 255 255 127 28 7 86 255 255 0 106 52 217 0 247 187
    176 0 157 118 170 197 64 255 255 65 255 206 255 183 58 0 255 78 158
    131 244 0 0 50 0 148 95 181 132 0 254 255 236 15 0 69 255 0 185 255
    99 255 162 44 255 58 177 0 255 255 147 114 119 0 0 153 139 174 161
    125 46 103 0 127 6 0 0 0 71 121 255 188 233 0 255 255 148 0 255 187
    0 142 116 247 152 235 184 48 248 71 255 28 255 162 130 36 255 180
    197 92 132 0 0 71 123 94 0 255 239 142 24 2 33 0 0 44 124 0 0 224
    208 149 37 69 18 0 122 245 255 4 236 252 91 244 115 154 229 144 160
    169 45 120 156 248 143 110 208 199 71 0 85 255 18 86 255 133 217 147
    255 4 81 255 215 0 125 12 255 195 0 118 255 0 0 0 242 131 255 255 67
    0 78 255 0 62 74 11 50 225 59 60 38 208 227 26 193 174 237 10 255
    255 0 218 0 247 29 193 205 157 255 0 255 15 164 255 0 147 157 126
    255 255 255 0 5 0 0 0 0 147 0 0 3 165 114 243 26 255 59 10 13 148
    255 245 0 38 99 158 160 0 0 43 255 243 245 13 234 74 255 114 0 250
    227 227 152 35 216 0 0 255 255 220 192 255 37 0 70 239 155 127 0 68
    0 255 106 159 69 117 211 255 68 187 192 189 0 134 166 255 0 120 64
    180 255 255 0 104 255 94 76 255 255 54 0 0 101 0 0 25 255 19 0 255 0
    187 22 174 21 255 255 31 228 0 95 169 33 255 235 8 176 0 255 60 255
    37 234 140 87 237 0 197 219 255 184 221 131 102 255 255 255 191 88
    255 255 250 186 47 57 255 255 255 242 52 233 108 0 255 24 202 241 0
    0 27 255 137 158 0 0 201 72 21 180 255 255 255 0 239 0 30 255 75 0
    225 255 153 127 230 255 255 147 95 24 111 189 149 2 182 0 255 195
    255 248 113 177 245 0 255 255 246 63 137 255 240 209 255 5 151 125
    72 255 29 148 255 0 57 246 196 173 79 222 24 40 151 188 55 202 255
    150 194 117 0 22 213 20 0 0 222 0 255 158 244 83 113 0 10 76 245 137
    43 120 140 152 19 127 35 202 57 142 131 0 52 0 141 118 0 203 255 10
    179 228 97 0 1 0 255 60 31 255 0 0 208 205 0 0 255 0 204 145 75 206
    0 133 255 190 214 197 75 245 70 255 255 255 28 188 255 255 146 89
    255 161 82 157 0 46 255 198 255 0 34 66 0 228 226 131 255 190 0 33 0
    52 34 246 1 172 163 61 4 72 163 0 92 255 87 142 10 255 143 5 0 255
    100 107 16 156 0 156 121 117 0 0 79 248 40 179 0 172 83 155 218 145
    80 186 150 49 247 255 232 255 0 119 86 95 0 0 127 0 200 177 0 39 39
    255 202 109 223 36 77 188 255 53 59 62 101 0 176 127 211 255 255 48
    0 85 0 37 84 170 0 199 255 244 255 156 233 255 255 88 205 255 255 9
    255 0 162 100 118 128 0 5 51 255 20 193 100 80 126 152 169 0 0 177
    36 143 255 82 12 33 229 226 123 0 168 0 255 178 255 255 203 255 247
    121 255 255 59 226 255 0 255 0 101 48 46 255 214 179 26 165 36 216 0
    213 152 0 0 255 144 135 255 0 199 0 68 169 142 0 230 0 150 0 37 255
    72 240 173 0 127 0 6 149 0 160 255 14 185 167 0 255 71 255 255 23
    188 234 67 245 0 227 0 0 165 223 152 247 0 225 166 0 136 182 0 154
    245 175 0 246 0 0 122 166 0 32 71 197 253 0 253 240 255 60 255 179
    221 255 32 255 0 62 160 128 255 180 21 15 255 115 0 134 0 238 194 0
    0 0 213 255 0 110 144 11 242 90 138 1 67 0 127 53 36 61 72 208 18 14
    255 128 16 150 104 255 255 255 190 89 255 255 204 214 13 255 255 255
    0 84 0 208 39 255 255 206 0 130 70 255 72 255 153 103 65 94 6 211
    134 236 0 35 180 255 255 0 235 173 255 242 0 1 129 40 198 0 25 147
    28 255 59 214 223 45 82 202 0 172 148 255 8 17 178 255 0 0 251 174
    242 0 255 206 0 255 255 255 255 191 214 255 48 129 33 22 69 0 223
    144 255 247 16 218 143 255 12 84 0 0 0 0 161 161 0 212 173 29 154
    255 136 105 255 255 26 32 187 22 0 65 157 16 0 0 39 0 212 187 121
    240 0 151 203 172 238 0 64 255 182 0 96 18 0 35 23 119 185 111 0 255
    181 102 255 255 74 122 252 12 14 0 131 64 255 99 255 0 255 101 81 0
    4 255 255 251 145 255 255 220 0 0 193 152 108 255 0 199 0 167 0 0 0
    255 183 38 70 22 255 238 189 255 169 115 58 0 255 0 21 179 0 77 128
    237 255 207 78 110 0 0 255 144 255 255 214 243 255 23 255 75 0 33
    255 94 254 255 116 40 58 248 84 182 0 0 111 251 222 178 69 215 122
    223 0 2 121 239 255 18 255 84 101 49 133 114 232 218 255 0 255 136
    90 255 0 0 43 91 0 235 255 255 0 54 87 8 33 177 117 130 8 136 0 255
    197 109 125 0 40 255 201 34 102 0 0 52 0 180 255 80 39 201 255 0 169
    132 152 220 72 171 255 193 160 218 78 74 255 252 239 172 8 136 25 66
    179 241 1 255 185 43 102 161 117 119 255 29 143 255 252 236 144 0 12
    0 215 40 125 29 0 9 255 0 0 26 0 86 151 61 0 201 0 141 0 51 105 26
    176 255 7 148 211 250 145 145 0 80 163 0 56 90 0 99 182 0 27 51 254
    255 255 64 0 160 255 175 65 128 55 0 45 182 255 255 255 0 179 235
    193 23 0 0 224 255 240 188 255 156 123 43 255 255 62 100 255 78 0
    255 255 18 104 249 255 210 246 0 6 108 255 126 0 255 231 116 39 27
    45 135 255 153 255 72 255 171 255 255 0 239 203 0 209 255 95 159 0
    174 0 255 255 115 255 170 0 255 118 0 58 0 249 0 237 0 255 0 249 79
    215 0 245 215 0 187 255 255 235 224 255 194 222 130 66 178 255 0 51
    231 79 0 177 255 0 255 86 178 255 95 109 69 255 183 151 175 0 93 0 0
    0 28 255 0 89 255 28 255 121 227 255 99 255 0 4 255 121 224 215 0 0
    19 255 0 255 231 150 255 89 255 0 104 255 242 0 0 48 140 218 82 187
    0 255 89 150 255 77 255 47 192 242 0 229 99 109 193 0 255 0 0 255 0
    121 185 255 83 0 0 255 3 118 0 0 120 115 27 255 157 168 129 162 37
    223 255 255 132 255 66 255 139 255 117 124 185 4 0 0 177 0 47 28 255
    199 255 255 0 196 0 0 0 165 177 84 234 240 179 255 238 220 22 254
    255 10 0 168 62 52 4 250 64 167 107 160 42 240 2 237 206 255 43 0 0
    114 0 255 158 86 255 255 255 255 255 107 200 178 255 154 94 113 168
    70 100 146 113 122 254 240 133 147 220 242 174 63 31 35 200 142 1
    167 137 0 71 255 71 131 255 176 108 255 20 255 209 255 3 0 19 255
    188 34 2 48 86 0 0 246 135 98 255 232 244 204 0 255 0 0 235 0 0 15 9
    8 0 255 0 255 124 166 24 255 150 255 5 124 183 234 255 0 137 220 25
    0 169 255 0 251 198 255 9 137 0 46 255 1 245 255 255 60 191 197 0
    255 0 255 11 171 88 166 234 38 241 51 24 252 235 18 255 83 15 160
    255 36 125 60 225 0 229 255 125 5 139 23 91 0 173 0 237 0 226 0 255
    225 39 95 255 0 147 255 255 0 177 66 69 255 0 0 123 0 255 234 84 175
    136 255 142 52 169 65 179 255 248 0 62 0 0 255 100 0 19 83 148 255
    89 28 0 0 0 190 221 48 253 19 186 192 0 167 255 255 2 139 81 0 0 0
    196 1 236 255 240 0 162 229 71 255 255 255 116 24 255 0 117 214 0
    255 42 235 231 0 219 203 134 147 38 90 252 216 255 203 32 0 135 20
    140 105 80 99 0 255 190 198 164 90 255 1 149 255 244 255 156 20 169
    180 111 0 121 227 116 255 183 56 137 43 48 176 245 255 232 255 0 117
    255 0 29 151 0 0 135 40 197 255 0 82 236 255 0 124 255 255 189 175
    255 255 178 255 255 220 249 210 255 185 152 179 116 16 88 101 120
    243 0 253 255 155 123 0 255 0 43 255 102 9 129 0 0 0 255 162 180 53
    55 0 199 78 132 255 255 137 255 0 163 0 46 81 0 0 0 0 57 140 235 172
    1 0 5 0 44 0 249 255 70 202 255 33 198 0 223 255 16 0 144 0 240 255
    255 161 0 191 44 8 255 15 32 149 223 244 255 71 255 21 0 189 17 113
    124 0 72 0 163 230 9 198 191 43 0 163 248 255 4 18 79 255 255 0 185
    58 175 32 248 200 175 209 60 0 0 85 76 183 253 0 100 0 46 255 255 61
    254 111 177 255 175 99 23 218 0 0 26 137 148 238 255 202 255 202 255
    176 104 255 193 224 141 255 62 236 255 255 255 177 0 187 40 0 255
    232 126 255 209 255 137 95 138 248 0 155 242 35 98 0 0 0 164 55 0
    202 28 48 255 112 208 150 140 155 0 0 60 53 218 0 255 0 39 58 255
    239 0 244 111 0 0 226 255 0 21 255 224 239 201 0 0 180 153 0 168 186
    66 0 255 180 78 2 255 255 193 255 159 52 139 0 140 255 183 172 0 255
    0 255 152 37 255 252 177 132 164 255 255 171 253 255 49 0 103 246
    255 137 255 255 0 255 177 255 157 36 138 231 255 0 237 255 0 255 255
    244 0 255 0 232 192 71 31 79 197 143 0 255 219 0 255 171 85 255 253
    194 255 155 107 180 170 255 164 102 36 255 193 255 155 255 0 115 253
    6 165 14 136 255 142 255 219 123 0 255 181 120 8 106 255 44 180 143
    242 255 255 15 0 3 238 155 22 175 0 156 221 211 56 0 255 60 104 255
    153 147 211 62 255 255 0 255 0 143 197 67 200 0 255 255 255 72 236
    106 0 125 0 255 217 46 255 0 239 170 67 9 255 45 255 208 0 220 0 64
    90 245 175 0 0 133 0 147 247 255 12 50 255 16 0 245 206 98 217 0 0
    195 0 0 205 255 0 255 255 77 131 139 0 68 255 255 0 0 184 112 150 0
    3 246 255 243 21 204 23 13 169 143 135 3 200 178 255 0 186 48 117 0
    255 0 21 158 246 0 200 194 255 212 142 144 120 97 0 0 67 255 0 255 0
    0 0 127 154 87 255 0 124 0 219 110 180 0 255 233 190 210 238 255 79
    65 109 41 56 247 0 0 255 111 157 91 24 219 0 95 254 126 4 205 222
    132 80 100 90 70 0 193 176 0 0 0 255 0 17 65 0 0 195 255 32 101 255
    255 90 255 255 0 54 150 78 255 44 105 246 255 158 0 0 98 0 255 98 61
    154 255 255 208 64 200 60 32 40 186 100 159 201 152 176 255 0 255
    161 83 53 0 252 75 1 190 255 86 0 255 157 255 30 0 38 1 0 25 201 244
    30 4 255 255 0 246 107 0 115 159 196 191 92 75 104 0 27 255 0 196
    154 41 98 86 171 145 255 110 146 0 182 82 125 255 109 195 179 255
    255 255 255 0 147 153 223 230 91 39 0 80 124 83 157 4 83 234 101 43
    0 255 255 96 0 84 255 227 8 39 255 139 0 190 0 9 0 255 255 49 255
    150 255 13 1 255 128 251 255 1 181 39 173 255 0 16 188 68 45 0 90
    160 255 239 163 255 140 116 149 31 85 28 140 61 0 0 0 255 43 255 189
    134 8 189 255 0 3 222 31 255 4 130 182 26 207 0 16 0 55 40 248 96
    205 60 0 169 19 45 204 0 0 197 33 237 9 150 255 195 21 130 92 215
    199 73 102 56 85 62 0 0 5 0 16 247 250 46 34 13 255 214 255 16 0 138
    255 0 0 198 75 88 186 131 184 15 255 0 0 255 255 116 200 255 0 225
    130 103 200 105 0 193 255 154 62 10 255 89 255 227 255 65 0 123 197
    255 204 0 0 160 0 49 0 180 0 137 222 255 0 255 255 141 255 0 0 10 14
    30 90 0 255 127 164 162 170 0 10 0 198 54 102 255 255 0 255 92 0 147
    255 73 0 35 237 114 27 142 236 164 55 255 43 255 36 241 234 175 145
    165 131 121 0 27 255 144 255 145 116 224 255 255 36 44 0 200 75 227
    27 156 8 152 0 20 193 76 141 255 255 44 31 186 232 237 255 24 0 103
    247 165 165 0 0 237 255 118 71 4 1 0 125 0 107 148 20 0 185 65 255
    255 74 255 48 234 255 83 255 18 231 82 250 71 226 4 80 255 120 240 0
    55 95 173 232 169 255 0 233 171 112 255 0 114 69 130 255 255 255 14
    46 147 234 70 223 236 254 0 255 255 92 97 64 210 0 0 0 255 213 212
    71 28 160 255 78 5 129 149 226 9 206 255 130 216 133 211 141 0 105
    200 255 30 1 100 176 93 0 255 0 198 75 46 33 152 105 255 0 0 139 179
    45 210 255 100 98 180 255 255 110 72 0 255 239 255 40 0 154 126 185
    8 215 148 153 28 0 202 61 0 117 12 51 2 39 14 0 66 231 89 140 62 0
    135 92 255 219 189 228 184 255 88 71 192 66 0 145 0 36 0 0 31 69 107
    0 60 34 221 21 63 4 227 90 255 255 0 255 107 172 195 0 0 0 214 104 0
    149 254 255 255 20 0 55 0 0 113 120 0 0 179 191 0 217 255 210 233 0
    175 0 144 66 255 0 0 53 208 18 136 182 127 0 25 244 255 52 34 84 255
    255 255 255 26 73 141 162 0 0 194 255 0 0 179 137 0 131 230 22 215
    255 97 182 203 133 18 255 255 0 0 51 23 0 150 131 29 255 33 0 148
    142 0 187 255 0 6 255 255 255 32 80 11 0 255 0 0 115 255 70 255 193
    173 247 173 35 255 58 12 45 212 42 209 0 93 185 96 73 75 0 0 30 0
    244 234 255 99 0 8 255 21 52 93 151 0 89 255 77 120 152 236 0 0 247
    143 201 255 228 33 255 175 0 255 93 227 0 255 0 0 255 246 72 255 29
    41 255 105 0 162 96 129 43 45 255 157 220 138 255 53 44 255 255 255
    52 255 1 63 255 0 121 255 56 193 0 181 70 178 195 95 0 5 51 38 194 0
    0 161 7 255 0 0 255 137 103 0 95 255 20 251 255 62 48 224 253 122
    236 0 82 169 164 178 255 176 255 255 90 134 255 32 255 101 222 255
    122 139 85 255 255 88 220 255 255 83 255 0 255 217 25 218 148 83 212
    0 0 24 0 0 117 224 0 138 219 100 255 0 229 255 26 255 0 224 144 254
    242 0 175 163 255 15 47 141 255 0 114 35 50 95 0 21 0 0 26 255 255
    244 114 93 79 0 28 53 0 0 116 255 27 179 28 0 0 131 255 29 193 255
    108 19 255 38 40 206 69 248 72 255 32 0 58 17 101 159 173 174 255 47
    50 235 0 60 113 255 255 228 255 194 0 202 255 250 0 123 125 235 156
    0 109 0 155 255 164 112 255 235 16 255 247 12 47 57 0 6 32 255 238
    255 8 0 127 0 0 228 200 53 218 0 199 193 202 153 73 229 205 74 195
    101 255 206 9 57 130 23 252 255 147 120 127 0 68 77 5 101 0 162 91 0
    152 153 23 115 55 3 255 255 255 89 207 206 197 255 255 38 0 66 255
    114 255 59 249 0 0 247 73 100 243 255 110 0 53 255 180 54 73 0 89
    166 213 186 255 10 55 0 255 15 223 218 140 255 255 0 172 0 18 255
    252 150 148 70 3 170 255 17 72 233 226 255 53 10 242 255 192 234 0
    71 30 0 0 255 33 207 78 19 223 99 85 90 1 255 255 255 85 32 100 96
    255 133 152 42 255 0 0 36 39 95 255 255 215 233 143 255 0 0 255 200
    152 195 154 0 18 18 103 0 0 22 255 0 0 255 255 178 159 255 99 0 233
    98 120 241 66 204 0 185 0 140 255 16 92 228 255 0 149 255 204 226 61
    101 9 42 255 0 38 0 148 161 255 21</data></your_img>
</opencv_storage>
