<?xml version="1.0"?>
<opencv_storage>
<L2_diff>2.3423968493831271e+03</L2_diff>
<test_hist type_id="opencv-matrix">
  <rows>256</rows>
  <cols>1</cols>
  <dt>f</dt>
  <data>
    1.50741506e+00 2.94238234e+00 4.18508530e+00 5.24807882e+00
    6.81385899e+00 8.21427059e+00 9.04802418e+00 1.07227669e+01
    1.20429535e+01 1.25584335e+01 1.35671959e+01 1.37527351e+01
    1.43910809e+01 1.54866419e+01 1.60250225e+01 1.72344570e+01
    1.87422810e+01 1.99067345e+01 2.12767372e+01 2.15682602e+01
    2.15722847e+01 2.31713886e+01 2.35471535e+01 2.44166603e+01
    2.47259026e+01 2.62994690e+01 2.67435760e+01 2.73774834e+01
    2.87475624e+01 3.00307674e+01 3.12936554e+01 3.26660652e+01
    3.37799454e+01 3.51322556e+01 3.60626335e+01 3.66084175e+01
    3.84300308e+01 3.98759956e+01 4.15945625e+01 4.32493744e+01
    4.42909203e+01 4.46043510e+01 4.56213875e+01 4.63116150e+01
    4.75411110e+01 4.87266617e+01 4.95049858e+01 5.11429710e+01
    5.20395470e+01 5.29888802e+01 5.45904541e+01 5.54146194e+01
    5.61675110e+01 5.69612846e+01 5.74505119e+01 5.90794983e+01
    5.93521500e+01 5.93999786e+01 6.03933029e+01 6.11338234e+01
    6.23558540e+01 6.42060776e+01 6.48494415e+01 6.50955124e+01
    6.51356506e+01 6.59656143e+01 6.73985214e+01 6.81159058e+01
    6.89132690e+01 6.96039276e+01 6.99052277e+01 7.09898911e+01
    7.27643738e+01 7.40665131e+01 7.44642868e+01 7.52055969e+01
    7.58518448e+01 7.76120071e+01 7.88967896e+01 8.02974548e+01
    8.16237106e+01 8.28717422e+01 8.31033707e+01 8.46007690e+01
    8.56837006e+01 8.59585495e+01 8.59787521e+01 8.62514801e+01
    8.76610565e+01 8.82734985e+01 8.96359406e+01 9.05870819e+01
    9.24308319e+01 9.40972214e+01 9.41457367e+01 9.58264313e+01
    9.71349335e+01 9.82080688e+01 9.97751389e+01 1.00155632e+02
    1.00810417e+02 1.02242439e+02 1.02886284e+02 1.03769188e+02
    1.05021370e+02 1.05126701e+02 1.05841591e+02 1.06598633e+02
    1.06680656e+02 1.08244766e+02 1.08354622e+02 1.10115509e+02
    1.11658867e+02 1.12020699e+02 1.12285057e+02 1.12546104e+02
    1.13254646e+02 1.15127541e+02 1.15916946e+02 1.17557076e+02
    1.18205414e+02 1.19630707e+02 1.21203369e+02 1.22181236e+02 124.
    1.24716667e+02 1.26374603e+02 1.27930077e+02 1.29894836e+02
    1.30593002e+02 1.30700012e+02 1.30801666e+02 1.32279007e+02
    1.33608337e+02 1.34642548e+02 1.35449585e+02 1.36785278e+02
    1.36982407e+02 1.38344696e+02 1.39936417e+02 1.40740204e+02
    1.41318237e+02 1.42382599e+02 1.42569733e+02 1.44044312e+02
    1.44799225e+02 1.46267731e+02 1.48165527e+02 1.50095490e+02
    1.51319962e+02 1.52864487e+02 1.53166412e+02 1.54114044e+02
    1.54178360e+02 1.54323380e+02 1.56200745e+02 1.57631271e+02
    1.57685272e+02 1.57715988e+02 1.59236984e+02 1.59570099e+02
    1.60675903e+02 1.61679672e+02 1.63614700e+02 1.65419266e+02
    1.66447784e+02 1.66883362e+02 1.67041473e+02 1.68136353e+02
    1.68715912e+02 1.70633209e+02 1.71299545e+02 1.71810059e+02
    1.71901596e+02 1.72063187e+02 1.72410858e+02 1.74199234e+02
    1.75143585e+02 1.75231491e+02 1.76565506e+02 1.76587219e+02
    1.76689728e+02 1.78387543e+02 1.79044235e+02 1.80045853e+02
    1.81917557e+02 1.82727264e+02 1.84479630e+02 1.86046265e+02
    1.87553635e+02 1.87892517e+02 1.88598099e+02 1.90181793e+02
    1.91641846e+02 1.92681580e+02 1.93674225e+02 1.95548920e+02
    1.95595901e+02 1.95798294e+02 1.96601273e+02 1.98536484e+02
    1.99619171e+02 2.00948730e+02 2.01220963e+02 2.02963867e+02
    2.03799469e+02 2.04825485e+02 2.05574036e+02 2.06194351e+02
    2.08002441e+02 2.09298950e+02 2.09450241e+02 2.09488434e+02
    2.10996307e+02 2.11635193e+02 2.12106705e+02 2.12689545e+02
    2.14440887e+02 2.15576797e+02 2.16264557e+02 2.17833954e+02
    2.19488556e+02 2.20923813e+02 2.22312363e+02 2.22986191e+02
    2.23097382e+02 2.23745453e+02 2.23852768e+02 2.25702057e+02
    2.26586899e+02 2.27114822e+02 2.28093521e+02 2.28728409e+02
    2.29436157e+02 2.30637054e+02 2.32025940e+02 2.33149857e+02
    2.34040024e+02 2.35504425e+02 2.36841309e+02 2.37270828e+02
    2.37965027e+02 2.39099411e+02 2.40817978e+02 2.41641464e+02
    2.42932007e+02 2.43126648e+02 2.44747162e+02 2.45109650e+02
    2.47086517e+02 2.48637848e+02 2.49830368e+02 2.50875290e+02
    2.52170853e+02 2.54097443e+02 2.54999985e+02</data></test_hist>
<my_lkt type_id="opencv-matrix">
  <rows>256</rows>
  <cols>1</cols>
  <dt>u</dt>
  <data>
    2 3 4 5 7 8 9 11 12 13 14 14 14 15 16 17 19 20 21 22 22 23 24 24 25
    26 27 27 29 30 31 33 34 35 36 37 38 40 42 43 44 45 46 46 48 49 50 51
    52 53 55 55 56 57 57 59 59 59 60 61 62 64 65 65 65 66 67 68 69 70 70
    71 73 74 74 75 76 78 79 80 82 83 83 85 86 86 86 86 88 88 90 91 92 94
    94 96 97 98 100 100 101 102 103 104 105 105 106 107 107 108 108 110
    112 112 112 113 113 115 116 118 118 120 121 122 124 125 126 128 130
    131 131 131 132 134 135 135 137 137 138 140 141 141 142 143 144 145
    146 148 150 151 153 153 154 154 154 156 158 158 158 159 160 161 162
    164 165 166 167 167 168 169 171 171 172 172 172 172 174 175 175 177
    177 177 178 179 180 182 183 184 186 188 188 189 190 192 193 194 196
    196 196 197 199 200 201 201 203 204 205 206 206 208 209 209 209 211
    212 212 213 214 216 216 218 219 221 222 223 223 224 224 226 227 227
    228 229 229 231 232 233 234 236 237 237 238 239 241 242 243 243 245
    245 247 249 250 251 252 254 255</data></my_lkt>
<your_lkt type_id="opencv-matrix">
  <rows>256</rows>
  <cols>1</cols>
  <dt>u</dt>
  <data>
    255 255 255 255 255 255 255 255 255 255 255 255 255 255 255 255 255
    255 255 255 255 255 255 255 255 255 255 255 255 255 255 255 255 255
    255 255 255 255 255 255 255 255 255 255 255 255 255 255 255 255 255
    255 255 255 255 255 255 255 255 255 255 255 255 255 255 255 255 255
    255 255 255 255 255 255 255 255 255 255 255 255 255 255 255 255 255
    255 255 255 255 255 255 255 255 255 255 255 255 255 255 255 255 255
    255 255 255 255 255 255 255 255 255 255 255 255 255 255 255 255 255
    255 255 255 255 255 255 255 255 255 255 255 255 255 255 255 255 255
    255 255 255 255 255 255 255 255 255 255 255 255 255 255 255 255 255
    255 255 255 255 255 255 255 255 255 255 255 255 255 255 255 255 255
    255 255 255 255 255 255 255 255 255 255 255 255 255 255 255 255 255
    255 255 255 255 255 255 255 255 255 255 255 255 255 255 255 255 255
    255 255 255 255 255 255 255 255 255 255 255 255 255 255 255 255 255
    255 255 255 255 255 255 255 255 255 255 255 255 255 255 255 255 255
    255 255 255 255 255 255 255 255 255 255 255 255 255 255 255 255 255
    255</data></your_lkt>
</opencv_storage>
