<?xml version="1.0"?>
<opencv_storage>
<L2_diff>2.3583095640733850e+03</L2_diff>
<test_hist type_id="opencv-matrix">
  <rows>256</rows>
  <cols>1</cols>
  <dt>f</dt>
  <data>
    2.05780411e+00 2.94894600e+00 3.40086102e+00 3.72228074e+00
    4.61342573e+00 5.77676868e+00 7.37753105e+00 7.70942354e+00
    8.45001602e+00 1.04220314e+01 1.15818949e+01 1.26380863e+01
    1.45637131e+01 1.56860838e+01 1.75897713e+01 1.88273945e+01
    2.08996830e+01 2.11064606e+01 2.20767307e+01 2.24882336e+01
    2.28948002e+01 2.42858753e+01 2.43084297e+01 2.44022255e+01
    2.56644707e+01 2.71280365e+01 2.81765347e+01 2.88771248e+01
    2.98398380e+01 2.98966179e+01 3.15881290e+01 3.35188026e+01
    3.45092392e+01 3.64296455e+01 3.84773903e+01 3.91234703e+01
    3.96714554e+01 4.17655029e+01 4.18548927e+01 4.30737724e+01
    4.31097946e+01 4.38942947e+01 4.46106720e+01 4.48171730e+01
    4.62692108e+01 4.73421364e+01 4.93619308e+01 4.95205383e+01
    4.98013763e+01 5.01163216e+01 5.13858337e+01 5.28088837e+01
    5.32284431e+01 5.37893181e+01 5.52190056e+01 5.57145882e+01
    5.77974167e+01 5.89617157e+01 6.01507797e+01 6.04677315e+01
    6.24092369e+01 6.31560516e+01 6.39260788e+01 6.43298569e+01
    6.53209229e+01 6.74414368e+01 6.80430450e+01 6.83056488e+01
    6.83689499e+01 6.87534943e+01 6.88476334e+01 6.89422302e+01
    6.99485397e+01 7.13529510e+01 7.31816864e+01 7.44675140e+01
    7.65177689e+01 7.83829727e+01 7.92020493e+01 8.11476212e+01
    8.19017029e+01 8.26793518e+01 8.29337311e+01 8.37494965e+01
    8.40325470e+01 8.49694672e+01 8.67197189e+01 8.72259674e+01
    8.73205338e+01 8.76836472e+01 8.77630463e+01 8.78635941e+01
    8.98399277e+01 9.07290344e+01 9.19006195e+01 9.23106918e+01
    9.40291138e+01 9.43615494e+01 9.54948196e+01 9.70129547e+01
    9.70437698e+01 9.89986725e+01 1.00436707e+02 1.01433372e+02
    1.02626785e+02 1.04127869e+02 1.04137695e+02 1.04547859e+02
    1.05320656e+02 1.06717239e+02 1.08425812e+02 1.09497177e+02
    1.10870384e+02 1.10989243e+02 1.11165268e+02 1.12141350e+02
    1.12922333e+02 1.14019264e+02 1.15731758e+02 1.15899956e+02
    1.17078720e+02 1.18122871e+02 1.20102440e+02 1.21032578e+02
    1.22427124e+02 1.23390610e+02 1.25009010e+02 1.25018166e+02
    1.27006447e+02 129. 1.29292191e+02 1.29445023e+02 1.30673141e+02
    1.31763351e+02 1.32328720e+02 1.33917404e+02 1.34553299e+02
    1.36556030e+02 1.36666824e+02 1.37711731e+02 1.38206863e+02
    1.39900375e+02 1.40864761e+02 1.42957031e+02 1.44674393e+02
    1.44869324e+02 1.44996735e+02 1.45673004e+02 1.45965347e+02
    1.47837173e+02 1.48818024e+02 1.49315262e+02 1.50102234e+02
    1.50485764e+02 1.51410034e+02 1.51973969e+02 1.53088409e+02
    1.53328873e+02 1.53554596e+02 1.54573776e+02 1.56327423e+02
    1.57207352e+02 1.58188751e+02 1.58559982e+02 1.60006210e+02
    1.61690262e+02 1.62938736e+02 1.64026276e+02 1.65821808e+02
    1.66841324e+02 1.67247406e+02 1.68567932e+02 1.69187820e+02
    1.70215988e+02 1.71964584e+02 1.72279373e+02 1.74119156e+02
    1.75055313e+02 1.75878494e+02 1.76176987e+02 1.77199875e+02
    1.78360046e+02 1.78922470e+02 1.80542801e+02 1.80956329e+02
    1.82122726e+02 1.82866791e+02 1.84130661e+02 1.84694595e+02
    1.84805038e+02 1.85742203e+02 1.86106339e+02 1.87457718e+02
    1.87837906e+02 1.88343109e+02 1.89769028e+02 1.89922302e+02
    1.90217194e+02 1.90614883e+02 1.92711868e+02 1.93999924e+02
    1.94718567e+02 1.95991745e+02 1.97241638e+02 1.98647400e+02
    2.00400742e+02 2.00406784e+02 2.02411301e+02 2.03772430e+02
    2.03970032e+02 2.05306686e+02 2.06086990e+02 2.07238663e+02
    2.07760818e+02 2.08142136e+02 2.09429581e+02 2.11447586e+02
    2.13442490e+02 2.15126999e+02 2.16152634e+02 2.16815506e+02
    2.17861496e+02 2.19696106e+02 2.20303726e+02 2.21549759e+02
    2.21870239e+02 2.23912476e+02 2.24962936e+02 2.26552567e+02
    2.26951172e+02 2.28261032e+02 2.29898514e+02 2.29938400e+02
    2.31053360e+02 2.31954987e+02 2.33360519e+02 2.35033386e+02
    2.35316376e+02 2.37124252e+02 2.37376755e+02 2.38995621e+02
    2.40638336e+02 2.42414581e+02 2.43386429e+02 2.44451965e+02
    2.45736481e+02 2.46300354e+02 2.47893768e+02 2.48322479e+02
    2.48900620e+02 2.49477890e+02 2.51110550e+02 2.52619156e+02
    2.54651825e+02 2.54817719e+02 2.54999969e+02</data></test_hist>
<my_lkt type_id="opencv-matrix">
  <rows>256</rows>
  <cols>1</cols>
  <dt>u</dt>
  <data>
    2 3 3 4 5 6 7 8 8 10 12 13 15 16 18 19 21 21 22 22 23 24 24 24 26 27
    28 29 30 30 32 34 35 36 38 39 40 42 42 43 43 44 45 45 46 47 49 50 50
    50 51 53 53 54 55 56 58 59 60 60 62 63 64 64 65 67 68 68 68 69 69 69
    70 71 73 74 77 78 79 81 82 83 83 84 84 85 87 87 87 88 88 88 90 91 92
    92 94 94 95 97 97 99 100 101 103 104 104 105 105 107 108 109 111 111
    111 112 113 114 116 116 117 118 120 121 122 123 125 125 127 129 129
    129 131 132 132 134 135 137 137 138 138 140 141 143 145 145 145 146
    146 148 149 149 150 150 151 152 153 153 154 155 156 157 158 159 160
    162 163 164 166 167 167 169 169 170 172 172 174 175 176 176 177 178
    179 181 181 182 183 184 185 185 186 186 187 188 188 190 190 190 191
    193 194 195 196 197 199 200 200 202 204 204 205 206 207 208 208 209
    211 213 215 216 217 218 220 220 222 222 224 225 227 227 228 230 230
    231 232 233 235 235 237 237 239 241 242 243 244 246 246 248 248 249
    249 251 253 255 255 255</data></my_lkt>
<your_lkt type_id="opencv-matrix">
  <rows>256</rows>
  <cols>1</cols>
  <dt>u</dt>
  <data>
    255 255 255 255 255 255 255 255 255 255 255 255 255 255 255 255 255
    255 255 255 255 255 255 255 255 255 255 255 255 255 255 255 255 255
    255 255 255 255 255 255 255 255 255 255 255 255 255 255 255 255 255
    255 255 255 255 255 255 255 255 255 255 255 255 255 255 255 255 255
    255 255 255 255 255 255 255 255 255 255 255 255 255 255 255 255 255
    255 255 255 255 255 255 255 255 255 255 255 255 255 255 255 255 255
    255 255 255 255 255 255 255 255 255 255 255 255 255 255 255 255 255
    255 255 255 255 255 255 255 255 255 255 255 255 255 255 255 255 255
    255 255 255 255 255 255 255 255 255 255 255 255 255 255 255 255 255
    255 255 255 255 255 255 255 255 255 255 255 255 255 255 255 255 255
    255 255 255 255 255 255 255 255 255 255 255 255 255 255 255 255 255
    255 255 255 255 255 255 255 255 255 255 255 255 255 255 255 255 255
    255 255 255 255 255 255 255 255 255 255 255 255 255 255 255 255 255
    255 255 255 255 255 255 255 255 255 255 255 255 255 255 255 255 255
    255 255 255 255 255 255 255 255 255 255 255 255 255 255 255 255 255
    255</data></your_lkt>
</opencv_storage>
