<?xml version="1.0"?>
<opencv_storage>
<L2_diff>2.3040629331682762e+03</L2_diff>
<test_hist type_id="opencv-matrix">
  <rows>256</rows>
  <cols>1</cols>
  <dt>f</dt>
  <data>
    8.57130706e-01 2.08661604e+00 3.17229176e+00 3.22080040e+00
    4.28349686e+00 5.69879627e+00 7.34633684e+00 9.25921917e+00
    1.04345360e+01 1.09711151e+01 1.27194071e+01 1.46381760e+01
    1.62769699e+01 1.81017685e+01 1.96838799e+01 2.09385490e+01
    2.15434723e+01 2.21345310e+01 2.34775982e+01 2.51827698e+01
    2.59440079e+01 2.71234646e+01 2.79575329e+01 2.86928749e+01
    3.01349163e+01 3.01370583e+01 3.19173298e+01 3.36101875e+01
    3.46201820e+01 3.63334503e+01 3.64378471e+01 3.75639954e+01
    3.91986122e+01 4.07995300e+01 4.24844742e+01 4.31062698e+01
    4.44447594e+01 4.45921211e+01 4.56099968e+01 4.60936623e+01
    4.77418785e+01 4.95681725e+01 5.09874878e+01 5.16608315e+01
    5.23603783e+01 5.33746376e+01 5.45427361e+01 5.59546928e+01
    5.68847351e+01 5.80386162e+01 5.92517128e+01 5.96243477e+01
    6.03459053e+01 6.05568924e+01 6.17903938e+01 6.27436447e+01
    6.27844505e+01 6.32097702e+01 6.47787552e+01 6.65508041e+01
    6.73785629e+01 6.85089493e+01 6.95674515e+01 7.09443893e+01
    7.17461624e+01 7.27300568e+01 7.43901062e+01 7.62987747e+01
    7.63219681e+01 7.78407745e+01 7.87055817e+01 7.89537659e+01
    7.90022049e+01 8.02803268e+01 8.09929657e+01 8.12038345e+01
    8.12302094e+01 8.16630173e+01 8.34300385e+01 8.42466431e+01
    8.60106201e+01 8.62677155e+01 8.76880264e+01 8.83822327e+01
    8.92569809e+01 9.00758896e+01 9.09409866e+01 9.12975082e+01
    9.26193619e+01 9.33607559e+01 9.46518936e+01 9.54268341e+01
    9.59944077e+01 9.64909897e+01 9.75248032e+01 9.78609390e+01
    9.93044510e+01 1.00012657e+02 1.01628548e+02 1.02869324e+02
    1.03394936e+02 1.03834892e+02 1.04081619e+02 1.04723389e+02
    1.05155403e+02 1.05791649e+02 1.07619385e+02 1.07980835e+02
    1.08282898e+02 1.09944511e+02 1.10177803e+02 1.10260750e+02
    1.11008041e+02 1.11996048e+02 1.13335312e+02 1.15091324e+02
    1.15212936e+02 1.15435783e+02 1.17162209e+02 119. 1.19227829e+02
    1.20669807e+02 1.20777702e+02 1.22470810e+02 1.23729446e+02
    1.24962830e+02 1.26541817e+02 1.26559402e+02 1.26608986e+02
    1.27104004e+02 1.28402634e+02 1.29158920e+02 1.29831680e+02
    1.30967331e+02 1.32756912e+02 1.33353882e+02 1.35348251e+02
    1.36132065e+02 1.36730347e+02 1.38500015e+02 1.39618988e+02
    1.41854080e+02 1.43046783e+02 1.44841156e+02 1.45025574e+02
    1.46815735e+02 1.48166183e+02 1.48952316e+02 1.50390823e+02
    1.51297287e+02 1.52619690e+02 1.52732590e+02 1.52872665e+02
    1.53249420e+02 1.53335571e+02 1.54694458e+02 1.56159180e+02
    1.56703583e+02 1.58572845e+02 1.59288940e+02 1.60579102e+02
    1.61644104e+02 1.62789474e+02 1.63325592e+02 1.63694702e+02
    1.65223755e+02 1.65578857e+02 1.66286255e+02 1.68278931e+02
    1.68406647e+02 1.70034805e+02 1.70190475e+02 1.70260071e+02
    1.70343201e+02 1.70648453e+02 1.71372818e+02 1.72287064e+02
    1.72761475e+02 1.73301819e+02 1.73335663e+02 1.74375397e+02
    1.76447266e+02 1.78598724e+02 1.80711197e+02 1.82672897e+02
    1.84239151e+02 1.85494690e+02 1.86702560e+02 1.87203644e+02
    1.88177475e+02 1.89816025e+02 1.91417557e+02 1.91518402e+02
    1.92764694e+02 1.93381165e+02 1.95189362e+02 1.96807983e+02
    1.97522919e+02 1.97868301e+02 1.97886627e+02 2.00039810e+02
    2.01596207e+02 2.02563736e+02 2.03995728e+02 2.04746399e+02
    2.05126160e+02 2.07220627e+02 2.08221420e+02 2.08502869e+02
    2.09284760e+02 2.09664474e+02 2.09853531e+02 2.10923889e+02
    2.11426620e+02 2.12599808e+02 2.14082321e+02 2.15815140e+02
    2.17676331e+02 2.18652451e+02 2.19374527e+02 2.21108917e+02
    2.23077072e+02 2.23160889e+02 2.23360443e+02 2.25338593e+02
    2.26970886e+02 2.27618973e+02 2.28044708e+02 2.28349350e+02
    2.30093811e+02 2.32167068e+02 2.32589035e+02 2.34813156e+02
    2.35839111e+02 2.35882202e+02 2.37735428e+02 2.39062210e+02
    2.39938126e+02 2.40373199e+02 2.40383240e+02 2.40557220e+02
    2.41508438e+02 2.42370743e+02 2.42930801e+02 2.43609390e+02
    2.45162567e+02 2.45271683e+02 2.46170212e+02 2.46382416e+02
    2.47059921e+02 2.49133698e+02 2.49510223e+02 2.50456085e+02
    2.51336441e+02 2.52920914e+02 255.</data></test_hist>
<my_lkt type_id="opencv-matrix">
  <rows>256</rows>
  <cols>1</cols>
  <dt>u</dt>
  <data>
    1 2 3 3 4 6 7 9 10 11 13 15 16 18 20 21 22 22 23 25 26 27 28 29 30
    30 32 34 35 36 36 38 39 41 42 43 44 45 46 46 48 50 51 52 52 53 55 56
    57 58 59 60 60 61 62 63 63 63 65 67 67 69 70 71 72 73 74 76 76 78 79
    79 79 80 81 81 81 82 83 84 86 86 88 88 89 90 91 91 93 93 95 95 96 96
    98 98 99 100 102 103 103 104 104 105 105 106 108 108 108 110 110 110
    111 112 113 115 115 115 117 119 119 121 121 122 124 125 127 127 127
    127 128 129 130 131 133 133 135 136 137 139 140 142 143 145 145 147
    148 149 150 151 153 153 153 153 153 155 156 157 159 159 161 162 163
    163 164 165 166 166 168 168 170 170 170 170 171 171 172 173 173 173
    174 176 179 181 183 184 185 187 187 188 190 191 192 193 193 195 197
    198 198 198 200 202 203 204 205 205 207 208 209 209 210 210 211 211
    213 214 216 218 219 219 221 223 223 223 225 227 228 228 228 230 232
    233 235 236 236 238 239 240 240 240 241 242 242 243 244 245 245 246
    246 247 249 250 250 251 253 255</data></my_lkt>
<your_lkt type_id="opencv-matrix">
  <rows>256</rows>
  <cols>1</cols>
  <dt>u</dt>
  <data>
    219 255 255 255 255 255 255 255 255 255 255 255 255 255 255 255 255
    255 255 255 255 255 255 255 255 255 255 255 255 255 255 255 255 255
    255 255 255 255 255 255 255 255 255 255 255 255 255 255 255 255 255
    255 255 255 255 255 255 255 255 255 255 255 255 255 255 255 255 255
    255 255 255 255 255 255 255 255 255 255 255 255 255 255 255 255 255
    255 255 255 255 255 255 255 255 255 255 255 255 255 255 255 255 255
    255 255 255 255 255 255 255 255 255 255 255 255 255 255 255 255 255
    255 255 255 255 255 255 255 255 255 255 255 255 255 255 255 255 255
    255 255 255 255 255 255 255 255 255 255 255 255 255 255 255 255 255
    255 255 255 255 255 255 255 255 255 255 255 255 255 255 255 255 255
    255 255 255 255 255 255 255 255 255 255 255 255 255 255 255 255 255
    255 255 255 255 255 255 255 255 255 255 255 255 255 255 255 255 255
    255 255 255 255 255 255 255 255 255 255 255 255 255 255 255 255 255
    255 255 255 255 255 255 255 255 255 255 255 255 255 255 255 255 255
    255 255 255 255 255 255 255 255 255 255 255 255 255 255 255 255 255
    255</data></your_lkt>
</opencv_storage>
